<?xml version="1.0" encoding="UTF-8" ?>
<testsuite errors="0" failures="0" hostname="travis-job-bf17b116-5e38-4275-bef2-5be77bdfff17" name="ptolemy.domains.de.test.junit.JUnitTclTest" skipped="0" tests="101" time="121.733" timestamp="2020-06-21T14:43:55">
  <properties>
[...]
</properties>
  <testcase classname="ptolemy.util.test.junit.TclTests" name="[0] /home/travis/build/icyphy/ptII/ptolemy/domains/de/test/DependencyLoop.tcl (RunTclFile)" time="1.075" />
  <testcase classname="ptolemy.util.test.junit.TclTests" name="[1] /home/travis/build/icyphy/ptII/ptolemy/domains/de/test/RunDETestsAsQSS.tcl (RunTclFile)" time="81.829" />
  <testcase classname="ptolemy.util.test.junit.AutoKnownFailedTests" name="[0] /home/travis/build/icyphy/ptII/ptolemy/domains/de/test/auto/knownFailedTests/DESDFClockTest.xml (RunModel)" time="2.065" />
  <testcase classname="ptolemy.util.test.junit.AutoKnownFailedTests" name="[1] /home/travis/build/icyphy/ptII/ptolemy/domains/de/test/auto/knownFailedTests/DirectFeedback.xml (RunModel)" time="0.013" />
  <testcase classname="ptolemy.util.test.junit.AutoKnownFailedTests" name="[2] /home/travis/build/icyphy/ptII/ptolemy/domains/de/test/auto/knownFailedTests/FSMSource.xml (RunModel)" time="0.027" />
  <testcase classname="ptolemy.util.test.junit.AutoKnownFailedTests" name="[3] /home/travis/build/icyphy/ptII/ptolemy/domains/de/test/auto/knownFailedTests/HierarchicalModel.xml (RunModel)" time="0.045" />
  <testcase classname="ptolemy.util.test.junit.AutoKnownFailedTests" name="[4] /home/travis/build/icyphy/ptII/ptolemy/domains/de/test/auto/knownFailedTests/dependencyLoop.xml (RunModel)" time="0.047" />
  <testcase classname="ptolemy.util.test.junit.AutoKnownFailedTests" name="[5] /home/travis/build/icyphy/ptII/ptolemy/domains/de/test/auto/knownFailedTests/dependencyLoop2.xml (RunModel)" time="0.048" />
  <testcase classname="ptolemy.util.test.junit.AutoNameArchTests" name="[0] ThereAreNoAutoArchTests (RunModel)" time="0.001" />
  <testcase classname="ptolemy.util.test.junit.AutoTests" name="[0] /home/travis/build/icyphy/ptII/ptolemy/domains/de/test/auto/ActorDepthCalculation_actorWithoutPorts.xml (RunModel)" time="0.025" />
  <testcase classname="ptolemy.util.test.junit.AutoTests" name="[1] /home/travis/build/icyphy/ptII/ptolemy/domains/de/test/auto/AssemblyLine.xml (RunModel)" time="0.025" />
  <testcase classname="ptolemy.util.test.junit.AutoTests" name="[2] /home/travis/build/icyphy/ptII/ptolemy/domains/de/test/auto/CQBug1.xml (RunModel)" time="0.01" />
  <testcase classname="ptolemy.util.test.junit.AutoTests" name="[3] /home/travis/build/icyphy/ptII/ptolemy/domains/de/test/auto/CancelFireAt.xml (RunModel)" time="0.015" />
  <testcase classname="ptolemy.util.test.junit.AutoTests" name="[4] /home/travis/build/icyphy/ptII/ptolemy/domains/de/test/auto/CausalityAndComposabilityAnalysis.xml (RunModel)" time="0.011" />
  <testcase classname="ptolemy.util.test.junit.AutoTests" name="[5] /home/travis/build/icyphy/ptII/ptolemy/domains/de/test/auto/CausalityInterface1.xml (RunModel)" time="0.022" />
  <testcase classname="ptolemy.util.test.junit.AutoTests" name="[6] /home/travis/build/icyphy/ptII/ptolemy/domains/de/test/auto/CausalityInterface15.xml (RunModel)" time="0.016" />
  <testcase classname="ptolemy.util.test.junit.AutoTests" name="[7] /home/travis/build/icyphy/ptII/ptolemy/domains/de/test/auto/CausalityInterface2.xml (RunModel)" time="0.015" />
  <testcase classname="ptolemy.util.test.junit.AutoTests" name="[8] /home/travis/build/icyphy/ptII/ptolemy/domains/de/test/auto/CausalityInterface3.xml (RunModel)" time="0.023" />
  <testcase classname="ptolemy.util.test.junit.AutoTests" name="[9] /home/travis/build/icyphy/ptII/ptolemy/domains/de/test/auto/ClockDrift.xml (RunModel)" time="0.038" />
  <testcase classname="ptolemy.util.test.junit.AutoTests" name="[10] /home/travis/build/icyphy/ptII/ptolemy/domains/de/test/auto/ClockDriftAndValueChange.xml (RunModel)" time="0.029" />
  <testcase classname="ptolemy.util.test.junit.AutoTests" name="[11] /home/travis/build/icyphy/ptII/ptolemy/domains/de/test/auto/ClockDriftChange.xml (RunModel)" time="0.033" />
  <testcase classname="ptolemy.util.test.junit.AutoTests" name="[12] /home/travis/build/icyphy/ptII/ptolemy/domains/de/test/auto/ComposableCausalityAnalysis.xml (RunModel)" time="0.018" />
  <testcase classname="ptolemy.util.test.junit.AutoTests" name="[13] /home/travis/build/icyphy/ptII/ptolemy/domains/de/test/auto/DEFixedPointLimitation.xml (RunModel)" time="0.01" />
  <testcase classname="ptolemy.util.test.junit.AutoTests" name="[14] /home/travis/build/icyphy/ptII/ptolemy/domains/de/test/auto/DEScheduleTest.xml (RunModel)" time="0.013" />
  <testcase classname="ptolemy.util.test.junit.AutoTests" name="[15] /home/travis/build/icyphy/ptII/ptolemy/domains/de/test/auto/DEinDEwithStartTimes.xml (RunModel)" time="0.015" />
  <testcase classname="ptolemy.util.test.junit.AutoTests" name="[16] /home/travis/build/icyphy/ptII/ptolemy/domains/de/test/auto/DEinDEwithStartTimes2.xml (RunModel)" time="0.021" />
  <testcase classname="ptolemy.util.test.junit.AutoTests" name="[17] /home/travis/build/icyphy/ptII/ptolemy/domains/de/test/auto/DateDemo.xml (RunModel)" time="0.032" />
  <testcase classname="ptolemy.util.test.junit.AutoTests" name="[18] /home/travis/build/icyphy/ptII/ptolemy/domains/de/test/auto/DateToEvent.xml (RunModel)" time="2.044" />
  <testcase classname="ptolemy.util.test.junit.AutoTests" name="[19] /home/travis/build/icyphy/ptII/ptolemy/domains/de/test/auto/DepthTest1.xml (RunModel)" time="0.007" />
  <testcase classname="ptolemy.util.test.junit.AutoTests" name="[20] /home/travis/build/icyphy/ptII/ptolemy/domains/de/test/auto/DepthTest2.xml (RunModel)" time="0.019" />
  <testcase classname="ptolemy.util.test.junit.AutoTests" name="[21] /home/travis/build/icyphy/ptII/ptolemy/domains/de/test/auto/DepthTest3.xml (RunModel)" time="0.01" />
  <testcase classname="ptolemy.util.test.junit.AutoTests" name="[22] /home/travis/build/icyphy/ptII/ptolemy/domains/de/test/auto/DepthTest4.xml (RunModel)" time="0.027" />
  <testcase classname="ptolemy.util.test.junit.AutoTests" name="[23] /home/travis/build/icyphy/ptII/ptolemy/domains/de/test/auto/DepthTest5.xml (RunModel)" time="0.014" />
  <testcase classname="ptolemy.util.test.junit.AutoTests" name="[24] /home/travis/build/icyphy/ptII/ptolemy/domains/de/test/auto/DepthTest6.xml (RunModel)" time="0.017" />
  <testcase classname="ptolemy.util.test.junit.AutoTests" name="[25] /home/travis/build/icyphy/ptII/ptolemy/domains/de/test/auto/DepthTest7.xml (RunModel)" time="0.012" />
  <testcase classname="ptolemy.util.test.junit.AutoTests" name="[26] /home/travis/build/icyphy/ptII/ptolemy/domains/de/test/auto/EventToDate.xml (RunModel)" time="3.039" />
  <testcase classname="ptolemy.util.test.junit.AutoTests" name="[27] /home/travis/build/icyphy/ptII/ptolemy/domains/de/test/auto/FSM1.xml (RunModel)" time="0.044" />
  <testcase classname="ptolemy.util.test.junit.AutoTests" name="[28] /home/travis/build/icyphy/ptII/ptolemy/domains/de/test/auto/FSM7.xml (RunModel)" time="0.04" />
  <testcase classname="ptolemy.util.test.junit.AutoTests" name="[29] /home/travis/build/icyphy/ptII/ptolemy/domains/de/test/auto/Inspection.xml (RunModel)" time="0.043" />
  <testcase classname="ptolemy.util.test.junit.AutoTests" name="[30] /home/travis/build/icyphy/ptII/ptolemy/domains/de/test/auto/Iteration.xml (RunModel)" time="0.023" />
  <testcase classname="ptolemy.util.test.junit.AutoTests" name="[31] /home/travis/build/icyphy/ptII/ptolemy/domains/de/test/auto/LineFault.xml (RunModel)" time="0.506" />
  <testcase classname="ptolemy.util.test.junit.AutoTests" name="[32] /home/travis/build/icyphy/ptII/ptolemy/domains/de/test/auto/MergeModel1Add.xml (RunModel)" time="0.044" />
  <testcase classname="ptolemy.util.test.junit.AutoTests" name="[33] /home/travis/build/icyphy/ptII/ptolemy/domains/de/test/auto/MergeModel2Add.xml (RunModel)" time="0.038" />
  <testcase classname="ptolemy.util.test.junit.AutoTests" name="[34] /home/travis/build/icyphy/ptII/ptolemy/domains/de/test/auto/MergeModel3Add.xml (RunModel)" time="0.048" />
  <testcase classname="ptolemy.util.test.junit.AutoTests" name="[35] /home/travis/build/icyphy/ptII/ptolemy/domains/de/test/auto/MergeWithoutDiscard.xml (RunModel)" time="0.011" />
  <testcase classname="ptolemy.util.test.junit.AutoTests" name="[36] /home/travis/build/icyphy/ptII/ptolemy/domains/de/test/auto/Modal1.xml (RunModel)" time="0.03" />
  <testcase classname="ptolemy.util.test.junit.AutoTests" name="[37] /home/travis/build/icyphy/ptII/ptolemy/domains/de/test/auto/Modal2.xml (RunModel)" time="0.024" />
  <testcase classname="ptolemy.util.test.junit.AutoTests" name="[38] /home/travis/build/icyphy/ptII/ptolemy/domains/de/test/auto/Modal3.xml (RunModel)" time="0.028" />
  <testcase classname="ptolemy.util.test.junit.AutoTests" name="[39] /home/travis/build/icyphy/ptII/ptolemy/domains/de/test/auto/Modal4.xml (RunModel)" time="0.03" />
  <testcase classname="ptolemy.util.test.junit.AutoTests" name="[40] /home/travis/build/icyphy/ptII/ptolemy/domains/de/test/auto/Modal5.xml (RunModel)" time="0.032" />
  <testcase classname="ptolemy.util.test.junit.AutoTests" name="[41] /home/travis/build/icyphy/ptII/ptolemy/domains/de/test/auto/Modal6.xml (RunModel)" time="0.026" />
  <testcase classname="ptolemy.util.test.junit.AutoTests" name="[42] /home/travis/build/icyphy/ptII/ptolemy/domains/de/test/auto/Modal7.xml (RunModel)" time="0.028" />
  <testcase classname="ptolemy.util.test.junit.AutoTests" name="[43] /home/travis/build/icyphy/ptII/ptolemy/domains/de/test/auto/ModalModel.xml (RunModel)" time="0.148" />
  <testcase classname="ptolemy.util.test.junit.AutoTests" name="[44] /home/travis/build/icyphy/ptII/ptolemy/domains/de/test/auto/ModalSource.xml (RunModel)" time="0.027" />
  <testcase classname="ptolemy.util.test.junit.AutoTests" name="[45] /home/travis/build/icyphy/ptII/ptolemy/domains/de/test/auto/NonInterruptibleTimerZeroDelay.xml (RunModel)" time="0.011" />
  <testcase classname="ptolemy.util.test.junit.AutoTests" name="[46] /home/travis/build/icyphy/ptII/ptolemy/domains/de/test/auto/OpenQueueingNetwork.xml (RunModel)" time="2.267" />
  <testcase classname="ptolemy.util.test.junit.AutoTests" name="[47] /home/travis/build/icyphy/ptII/ptolemy/domains/de/test/auto/OpenQueuingNetwork.xml (RunModel)" time="0.261" />
  <testcase classname="ptolemy.util.test.junit.AutoTests" name="[48] /home/travis/build/icyphy/ptII/ptolemy/domains/de/test/auto/PeriodicSampler.xml (RunModel)" time="0.009" />
  <testcase classname="ptolemy.util.test.junit.AutoTests" name="[49] /home/travis/build/icyphy/ptII/ptolemy/domains/de/test/auto/PersistentIO.xml (RunModel)" time="0.023" />
  <testcase classname="ptolemy.util.test.junit.AutoTests" name="[50] /home/travis/build/icyphy/ptII/ptolemy/domains/de/test/auto/PortParameterResetOnInitialize.xml (RunModel)" time="0.011" />
  <testcase classname="ptolemy.util.test.junit.AutoTests" name="[51] /home/travis/build/icyphy/ptII/ptolemy/domains/de/test/auto/PortParameterUpdates.xml (RunModel)" time="0.014" />
  <testcase classname="ptolemy.util.test.junit.AutoTests" name="[52] /home/travis/build/icyphy/ptII/ptolemy/domains/de/test/auto/QueueAndServer.xml (RunModel)" time="0.022" />
  <testcase classname="ptolemy.util.test.junit.AutoTests" name="[53] /home/travis/build/icyphy/ptII/ptolemy/domains/de/test/auto/Records.xml (RunModel)" time="0.015" />
  <testcase classname="ptolemy.util.test.junit.AutoTests" name="[54] /home/travis/build/icyphy/ptII/ptolemy/domains/de/test/auto/ResetTransitionWithStartTime1.xml (RunModel)" time="0.018" />
  <testcase classname="ptolemy.util.test.junit.AutoTests" name="[55] /home/travis/build/icyphy/ptII/ptolemy/domains/de/test/auto/ResetTransitionWithStartTime2.xml (RunModel)" time="0.018" />
  <testcase classname="ptolemy.util.test.junit.AutoTests" name="[56] /home/travis/build/icyphy/ptII/ptolemy/domains/de/test/auto/ResetTransitionWithStartTime3.xml (RunModel)" time="0.018" />
  <testcase classname="ptolemy.util.test.junit.AutoTests" name="[57] /home/travis/build/icyphy/ptII/ptolemy/domains/de/test/auto/ResetTransitionWithStartTime4.xml (RunModel)" time="0.017" />
  <testcase classname="ptolemy.util.test.junit.AutoTests" name="[58] /home/travis/build/icyphy/ptII/ptolemy/domains/de/test/auto/ResettableTimer1.xml (RunModel)" time="0.009" />
  <testcase classname="ptolemy.util.test.junit.AutoTests" name="[59] /home/travis/build/icyphy/ptII/ptolemy/domains/de/test/auto/ResettableTimer2.xml (RunModel)" time="0.01" />
  <testcase classname="ptolemy.util.test.junit.AutoTests" name="[60] /home/travis/build/icyphy/ptII/ptolemy/domains/de/test/auto/ResettableTimer3.xml (RunModel)" time="0.008" />
  <testcase classname="ptolemy.util.test.junit.AutoTests" name="[61] /home/travis/build/icyphy/ptII/ptolemy/domains/de/test/auto/ResettableTimer4.xml (RunModel)" time="0.008" />
  <testcase classname="ptolemy.util.test.junit.AutoTests" name="[62] /home/travis/build/icyphy/ptII/ptolemy/domains/de/test/auto/ResettableTimer5.xml (RunModel)" time="0.008" />
  <testcase classname="ptolemy.util.test.junit.AutoTests" name="[63] /home/travis/build/icyphy/ptII/ptolemy/domains/de/test/auto/ResettableTimer6.xml (RunModel)" time="0.015" />
  <testcase classname="ptolemy.util.test.junit.AutoTests" name="[64] /home/travis/build/icyphy/ptII/ptolemy/domains/de/test/auto/ServerZeroDelay.xml (RunModel)" time="0.009" />
  <testcase classname="ptolemy.util.test.junit.AutoTests" name="[65] /home/travis/build/icyphy/ptII/ptolemy/domains/de/test/auto/SmartSender.xml (RunModel)" time="3.008" />
  <testcase classname="ptolemy.util.test.junit.AutoTests" name="[66] /home/travis/build/icyphy/ptII/ptolemy/domains/de/test/auto/ThreadedComposite.xml (RunModel)" time="0.108" />
  <testcase classname="ptolemy.util.test.junit.AutoTests" name="[67] /home/travis/build/icyphy/ptII/ptolemy/domains/de/test/auto/Time.xml (RunModel)" time="0.345" />
  <testcase classname="ptolemy.util.test.junit.AutoTests" name="[68] /home/travis/build/icyphy/ptII/ptolemy/domains/de/test/auto/TimeDelayZeroDelay.xml (RunModel)" time="0.011" />
  <testcase classname="ptolemy.util.test.junit.AutoTests" name="[69] /home/travis/build/icyphy/ptII/ptolemy/domains/de/test/auto/TimerZeroDelay.xml (RunModel)" time="0.012" />
  <testcase classname="ptolemy.util.test.junit.AutoTests" name="[70] /home/travis/build/icyphy/ptII/ptolemy/domains/de/test/auto/TimingParadox.xml (RunModel)" time="0.311" />
  <testcase classname="ptolemy.util.test.junit.AutoTests" name="[71] /home/travis/build/icyphy/ptII/ptolemy/domains/de/test/auto/TransferInputs.xml (RunModel)" time="0.015" />
  <testcase classname="ptolemy.util.test.junit.AutoTests" name="[72] /home/travis/build/icyphy/ptII/ptolemy/domains/de/test/auto/TransferOutputs2.xml (RunModel)" time="0.015" />
  <testcase classname="ptolemy.util.test.junit.AutoTests" name="[73] /home/travis/build/icyphy/ptII/ptolemy/domains/de/test/auto/Trilateration.xml (RunModel)" time="10.748" />
  <testcase classname="ptolemy.util.test.junit.AutoTests" name="[74] /home/travis/build/icyphy/ptII/ptolemy/domains/de/test/auto/TwoSigmaDelta.xml (RunModel)" time="1.813" />
  <testcase classname="ptolemy.util.test.junit.AutoTests" name="[75] /home/travis/build/icyphy/ptII/ptolemy/domains/de/test/auto/VariableDelay.xml (RunModel)" time="0.015" />
  <testcase classname="ptolemy.util.test.junit.AutoTests" name="[76] /home/travis/build/icyphy/ptII/ptolemy/domains/de/test/auto/VariableDelay2.xml (RunModel)" time="0.009" />
  <testcase classname="ptolemy.util.test.junit.AutoTests" name="[77] /home/travis/build/icyphy/ptII/ptolemy/domains/de/test/auto/VariableDelayZeroDelay.xml (RunModel)" time="0.011" />
  <testcase classname="ptolemy.util.test.junit.AutoTests" name="[78] /home/travis/build/icyphy/ptII/ptolemy/domains/de/test/auto/VariableDelayZeroDelay2.xml (RunModel)" time="0.01" />
  <testcase classname="ptolemy.util.test.junit.AutoTests" name="[79] /home/travis/build/icyphy/ptII/ptolemy/domains/de/test/auto/deInCt.xml (RunModel)" time="0.016" />
  <testcase classname="ptolemy.util.test.junit.AutoTests" name="[80] /home/travis/build/icyphy/ptII/ptolemy/domains/de/test/auto/deInCt2.xml (RunModel)" time="0.016" />
  <testcase classname="ptolemy.util.test.junit.AutoTests" name="[81] /home/travis/build/icyphy/ptII/ptolemy/domains/de/test/auto/dynamicCausalityInterface1.xml (RunModel)" time="0.038" />
  <testcase classname="ptolemy.util.test.junit.AutoTests" name="[82] /home/travis/build/icyphy/ptII/ptolemy/domains/de/test/auto/fsm_de_test.xml (RunModel)" time="0.031" />
  <testcase classname="ptolemy.util.test.junit.AutoTests" name="[83] /home/travis/build/icyphy/ptII/ptolemy/domains/de/test/auto/functionDependencyReconstruction.xml (RunModel)" time="0.037" />
  <testcase classname="ptolemy.util.test.junit.AutoTests" name="[84] /home/travis/build/icyphy/ptII/ptolemy/domains/de/test/auto/multirate.xml (RunModel)" time="0.016" />
  <testcase classname="ptolemy.util.test.junit.AutoTests" name="[85] /home/travis/build/icyphy/ptII/ptolemy/domains/de/test/auto/multirate2.xml (RunModel)" time="0.031" />
  <testcase classname="ptolemy.util.test.junit.AutoTests" name="[86] /home/travis/build/icyphy/ptII/ptolemy/domains/de/test/auto/realtime.xml (RunModel)" time="10.01" />
  <testcase classname="ptolemy.util.test.junit.AutoTests" name="[87] /home/travis/build/icyphy/ptII/ptolemy/domains/de/test/auto/relationGroup.xml (RunModel)" time="0.007" />
  <testcase classname="ptolemy.util.test.junit.AutoTests" name="[88] /home/travis/build/icyphy/ptII/ptolemy/domains/de/test/auto/relationGroup2.xml (RunModel)" time="0.008" />
  <testcase classname="ptolemy.util.test.junit.AutoTests" name="[89] /home/travis/build/icyphy/ptII/ptolemy/domains/de/test/auto/sortWithOpaquePorts.xml (RunModel)" time="0.011" />
  <testcase classname="ptolemy.util.test.junit.AutoTests" name="[90] /home/travis/build/icyphy/ptII/ptolemy/domains/de/test/auto/transferInputsandOutputs.xml (RunModel)" time="0.042" />
  <testcase classname="ptolemy.util.test.junit.AutoTests" name="[91] /home/travis/build/icyphy/ptII/ptolemy/domains/de/test/auto/triggerType.xml (RunModel)" time="0.038" />
  <system-out><![CDATA[/home/travis/build/icyphy/ptII/ptolemy/domains/de/test/DependencyLoop.tcl
testDefs.tcl: setting time out to 9000 seconds at Sun Jun 21 14:43:55 UTC 2020
58 ms. Memory: 129024K Free: 78792K (61%)
39 ms. Memory: 129024K Free: 61384K (48%)
/home/travis/build/icyphy/ptII/ptolemy/domains/de/test/RunDETestsAsQSS.tcl
Run the DE tests using ptolemy.domains.qss.test.QSSDirectorTest, which extends QSSDirector and prints a message in the constructors.
------------------ testing $PTII/ptolemy/domains/de/test/auto/knownFailedTests/DirectFeedback.xml (Known Failure) 
33 ms. Memory: 129024K Free: 56264K (44%)


==== $PTIIhome/travis/build/icyphy/ptII/ptolemy/domains/de/test/../../../../: Auto Automatic test in file $PTII/ptolemy/domains/de/test/auto/knownFailedTests/DirectFeedback.xml
==== Contents of test case:

	    # FIXME: we should use $relativeFilename here, but it
	    # might have backslashes under Windows, which causes no end
	    # of trouble.
	    createAndExecute $file
	    list {}
	
.... Test generated KNOWN error:
    while executing
ptolemy.kernel.util.IllegalActionException: Test fails in iteration 1.
Value was: 1.0. Should have been: 2.0
  in .DirectFeedback.Test
	at ptolemy.actor.lib.Test.fire(Test.java:268)
	at ptolemy.domains.de.kernel.DEDirector._fire(DEDirector.java:1949)
	at ptolemy.domains.de.kernel.DEDirector.fire(DEDirector.java:502)
	at ptolemy.actor.CompositeActor.fire(CompositeActor.java:455)
	at ptolemy.actor.Manager.iterate(Manager.java:851)
	at ptolemy.actor.Manager.execute(Manager.java:369)
	at ptolemy.actor.Manager.run(Manager.java:1263)
	at ptolemy.actor.Manager$PtolemyRunThread.run(Manager.java:1933)

    while executing
ptolemy.kernel.util.IllegalActionException: Test fails in iteration 1.
Value was: 1.0. Should have been: 2.0
  in .DirectFeedback.Test
    while executing
"java::new ptolemy.moml.MoMLSimpleApplication $file
"
    (procedure "createAndExecute" line 2)
    invoked from within
"createAndExecute $file"
    ("uplevel" body line 5)
    invoked from within
"uplevel $contents_of_test"
------------------ testing $PTII/ptolemy/domains/de/test/auto/knownFailedTests/dependencyLoop.xml (Known Failure) 
15 ms. Memory: 129024K Free: 53192K (41%)


==== $PTIIhome/travis/build/icyphy/ptII/ptolemy/domains/de/test/../../../../: Auto Automatic test in file $PTII/ptolemy/domains/de/test/auto/knownFailedTests/dependencyLoop.xml
==== Contents of test case:

	    # FIXME: we should use $relativeFilename here, but it
	    # might have backslashes under Windows, which causes no end
	    # of trouble.
	    createAndExecute $file
	    list {}
	
.... Test generated KNOWN error:
    while executing
ptolemy.kernel.util.IllegalActionException: Found a zero delay loop containing .dependencyLoop.original
  in .dependencyLoop and .dependencyLoop.original
	at ptolemy.actor.util.CausalityInterfaceForComposites._computeOutputPortDepth(CausalityInterfaceForComposites.java:759)
	at ptolemy.actor.util.CausalityInterfaceForComposites._computeInputDepth(CausalityInterfaceForComposites.java:696)
	at ptolemy.actor.util.CausalityInterfaceForComposites._computeOutputPortDepth(CausalityInterfaceForComposites.java:765)
	at ptolemy.actor.util.CausalityInterfaceForComposites._computeInputDepth(CausalityInterfaceForComposites.java:696)
	at ptolemy.actor.util.CausalityInterfaceForComposites._computeOutputPortDepth(CausalityInterfaceForComposites.java:765)
	at ptolemy.actor.util.CausalityInterfaceForComposites._computeInputDepth(CausalityInterfaceForComposites.java:696)
	at ptolemy.actor.util.CausalityInterfaceForComposites._computeActorDepth(CausalityInterfaceForComposites.java:532)
	at ptolemy.actor.util.CausalityInterfaceForComposites.checkForCycles(CausalityInterfaceForComposites.java:96)
	at ptolemy.domains.de.kernel.DEDirector.preinitialize(DEDirector.java:1338)
	at ptolemy.actor.CompositeActor.preinitialize(CompositeActor.java:1828)
	at ptolemy.actor.Manager.preinitializeAndResolveTypes(Manager.java:1040)
	at ptolemy.actor.Manager.initialize(Manager.java:710)
	at ptolemy.actor.Manager.execute(Manager.java:356)
	at ptolemy.actor.Manager.run(Manager.java:1263)
	at ptolemy.actor.Manager$PtolemyRunThread.run(Manager.java:1933)

    while executing
ptolemy.kernel.util.IllegalActionException: Found a zero delay loop containing .dependencyLoop.original
  in .dependencyLoop and .dependencyLoop.original
    while executing
"java::new ptolemy.moml.MoMLSimpleApplication $file
"
    (procedure "createAndExecute" line 2)
    invoked from within
"createAndExecute $file"
    ("uplevel" body line 5)
    invoked from within
"uplevel $contents_of_test"
------------------ testing $PTII/ptolemy/domains/de/test/auto/knownFailedTests/FSMSource.xml (Known Failure) 
45 ms. Memory: 129024K Free: 112026K (87%)
!!!! Auto was marked as failing, but now passes
------------------ testing $PTII/ptolemy/domains/de/test/auto/knownFailedTests/HierarchicalModel.xml (Known Failure) 
19 ms. Memory: 129024K Free: 94200K (73%)


==== $PTIIhome/travis/build/icyphy/ptII/ptolemy/domains/de/test/../../../../: Auto Automatic test in file $PTII/ptolemy/domains/de/test/auto/knownFailedTests/HierarchicalModel.xml
==== Contents of test case:

	    # FIXME: we should use $relativeFilename here, but it
	    # might have backslashes under Windows, which causes no end
	    # of trouble.
	    createAndExecute $file
	    list {}
	
.... Test generated KNOWN error:
    while executing
ptolemy.kernel.util.IllegalActionException: Found a zero delay loop containing .HierarchicalModel.A
  in .HierarchicalModel and .HierarchicalModel.A
	at ptolemy.actor.util.CausalityInterfaceForComposites._computeOutputPortDepth(CausalityInterfaceForComposites.java:759)
	at ptolemy.actor.util.CausalityInterfaceForComposites._computeInputDepth(CausalityInterfaceForComposites.java:696)
	at ptolemy.actor.util.CausalityInterfaceForComposites._computeOutputPortDepth(CausalityInterfaceForComposites.java:765)
	at ptolemy.actor.util.CausalityInterfaceForComposites._computeInputDepth(CausalityInterfaceForComposites.java:696)
	at ptolemy.actor.util.CausalityInterfaceForComposites._computeOutputPortDepth(CausalityInterfaceForComposites.java:765)
	at ptolemy.actor.util.CausalityInterfaceForComposites._computeInputDepth(CausalityInterfaceForComposites.java:696)
	at ptolemy.actor.util.CausalityInterfaceForComposites._computeActorDepth(CausalityInterfaceForComposites.java:532)
	at ptolemy.actor.util.CausalityInterfaceForComposites.checkForCycles(CausalityInterfaceForComposites.java:96)
	at ptolemy.domains.de.kernel.DEDirector.preinitialize(DEDirector.java:1338)
	at ptolemy.actor.CompositeActor.preinitialize(CompositeActor.java:1828)
	at ptolemy.actor.Manager.preinitializeAndResolveTypes(Manager.java:1040)
	at ptolemy.actor.Manager.initialize(Manager.java:710)
	at ptolemy.actor.Manager.execute(Manager.java:356)
	at ptolemy.actor.Manager.run(Manager.java:1263)
	at ptolemy.actor.Manager$PtolemyRunThread.run(Manager.java:1933)

    while executing
ptolemy.kernel.util.IllegalActionException: Found a zero delay loop containing .HierarchicalModel.A
  in .HierarchicalModel and .HierarchicalModel.A
    while executing
"java::new ptolemy.moml.MoMLSimpleApplication $file
"
    (procedure "createAndExecute" line 2)
    invoked from within
"createAndExecute $file"
    ("uplevel" body line 5)
    invoked from within
"uplevel $contents_of_test"
------------------ testing $PTII/ptolemy/domains/de/test/auto/knownFailedTests/dependencyLoop2.xml (Known Failure) 
9 ms. Memory: 129024K Free: 77800K (60%)


==== $PTIIhome/travis/build/icyphy/ptII/ptolemy/domains/de/test/../../../../: Auto Automatic test in file $PTII/ptolemy/domains/de/test/auto/knownFailedTests/dependencyLoop2.xml
==== Contents of test case:

	    # FIXME: we should use $relativeFilename here, but it
	    # might have backslashes under Windows, which causes no end
	    # of trouble.
	    createAndExecute $file
	    list {}
	
.... Test generated KNOWN error:
    while executing
ptolemy.kernel.util.IllegalActionException: Found a zero delay loop containing .dependencyLoop2.original
  in .dependencyLoop2 and .dependencyLoop2.original
	at ptolemy.actor.util.CausalityInterfaceForComposites._computeOutputPortDepth(CausalityInterfaceForComposites.java:759)
	at ptolemy.actor.util.CausalityInterfaceForComposites._computeInputDepth(CausalityInterfaceForComposites.java:696)
	at ptolemy.actor.util.CausalityInterfaceForComposites._computeOutputPortDepth(CausalityInterfaceForComposites.java:765)
	at ptolemy.actor.util.CausalityInterfaceForComposites._computeInputDepth(CausalityInterfaceForComposites.java:696)
	at ptolemy.actor.util.CausalityInterfaceForComposites._computeOutputPortDepth(CausalityInterfaceForComposites.java:765)
	at ptolemy.actor.util.CausalityInterfaceForComposites._computeInputDepth(CausalityInterfaceForComposites.java:696)
	at ptolemy.actor.util.CausalityInterfaceForComposites._computeActorDepth(CausalityInterfaceForComposites.java:532)
	at ptolemy.actor.util.CausalityInterfaceForComposites.checkForCycles(CausalityInterfaceForComposites.java:96)
	at ptolemy.domains.de.kernel.DEDirector.preinitialize(DEDirector.java:1338)
	at ptolemy.actor.CompositeActor.preinitialize(CompositeActor.java:1828)
	at ptolemy.actor.Manager.preinitializeAndResolveTypes(Manager.java:1040)
	at ptolemy.actor.Manager.initialize(Manager.java:710)
	at ptolemy.actor.Manager.execute(Manager.java:356)
	at ptolemy.actor.Manager.run(Manager.java:1263)
	at ptolemy.actor.Manager$PtolemyRunThread.run(Manager.java:1933)

    while executing
ptolemy.kernel.util.IllegalActionException: Found a zero delay loop containing .dependencyLoop2.original
  in .dependencyLoop2 and .dependencyLoop2.original
    while executing
"java::new ptolemy.moml.MoMLSimpleApplication $file
"
    (procedure "createAndExecute" line 2)
    invoked from within
"createAndExecute $file"
    ("uplevel" body line 5)
    invoked from within
"uplevel $contents_of_test"
------------------ testing $PTII/ptolemy/domains/de/test/auto/knownFailedTests/DESDFClockTest.xml (Known Failure) 
2074 ms. Memory: 129024K Free: 107531K (83%)


==== $PTIIhome/travis/build/icyphy/ptII/ptolemy/domains/de/test/../../../../: Auto Automatic test in file $PTII/ptolemy/domains/de/test/auto/knownFailedTests/DESDFClockTest.xml
==== Contents of test case:

	    # FIXME: we should use $relativeFilename here, but it
	    # might have backslashes under Windows, which causes no end
	    # of trouble.
	    createAndExecute $file
	    list {}
	
.... Test generated KNOWN error:
    while executing
ptolemy.kernel.util.IllegalActionException: Actor is not ready to fire.  Perhaps UpSample.prefire() returned false? Try debugging the actor by selecting "Listen to Actor".  Also, for SDF check moml for tokenConsumptionRate on input.
  in .DESDFClockTest.Play Bell.Copy1:SDF Director and .DESDFClockTest.Play Bell.UpSample
	at ptolemy.actor.sched.StaticSchedulingDirector.fire(StaticSchedulingDirector.java:227)
	at ptolemy.domains.sdf.kernel.SDFDirector.fire(SDFDirector.java:500)
	at ptolemy.actor.CompositeActor.fire(CompositeActor.java:455)
	at ptolemy.domains.de.kernel.DEDirector._fire(DEDirector.java:1949)
	at ptolemy.domains.de.kernel.DEDirector.fire(DEDirector.java:502)
	at ptolemy.actor.CompositeActor.fire(CompositeActor.java:455)
	at ptolemy.actor.Manager.iterate(Manager.java:851)
	at ptolemy.actor.Manager.execute(Manager.java:369)
	at ptolemy.actor.Manager.run(Manager.java:1263)
	at ptolemy.actor.Manager$PtolemyRunThread.run(Manager.java:1933)

    while executing
ptolemy.kernel.util.IllegalActionException: Actor is not ready to fire.  Perhaps UpSample.prefire() returned false? Try debugging the actor by selecting "Listen to Actor".  Also, for SDF check moml for tokenConsumptionRate on input.
  in .DESDFClockTest.Play Bell.Copy1:SDF Director and .DESDFClockTest.Play Bell.UpSample
    while executing
"java::new ptolemy.moml.MoMLSimpleApplication $file
"
    (procedure "createAndExecute" line 2)
    invoked from within
"createAndExecute $file"
    ("uplevel" body line 5)
    invoked from within
"uplevel $contents_of_test"
------------------ testing $PTII/ptolemy/domains/de/test/auto/ActorDepthCalculation_actorWithoutPorts.xml
auto.tcl: Setting watchdog for 200 seconds at Sun Jun 21 14:43:59 UTC 2020
3 ms. Memory: 129024K Free: 99853K (77%)
ptolemy.util.test.WatchDog.cancel(): canceling Sun Jun 21 14:43:59 UTC 2020
auto.tcl: Setting watchdog for 200 seconds at Sun Jun 21 14:43:59 UTC 2020
5 ms. Memory: 129024K Free: 98301K (76%)
ptolemy.util.test.WatchDog.cancel(): canceling Sun Jun 21 14:43:59 UTC 2020
------------------ testing $PTII/ptolemy/domains/de/test/auto/AssemblyLine.xml
auto.tcl: Setting watchdog for 200 seconds at Sun Jun 21 14:43:59 UTC 2020
7 ms. Memory: 51200K Free: 27920K (55%)
ptolemy.util.test.WatchDog.cancel(): canceling Sun Jun 21 14:44:00 UTC 2020
auto.tcl: Setting watchdog for 200 seconds at Sun Jun 21 14:44:00 UTC 2020
8 ms. Memory: 51200K Free: 27268K (53%)
ptolemy.util.test.WatchDog.cancel(): canceling Sun Jun 21 14:44:00 UTC 2020
------------------ testing $PTII/ptolemy/domains/de/test/auto/CQBug1.xml
auto.tcl: Setting watchdog for 200 seconds at Sun Jun 21 14:44:00 UTC 2020
8 ms. Memory: 51200K Free: 33248K (65%)
ptolemy.util.test.WatchDog.cancel(): canceling Sun Jun 21 14:44:00 UTC 2020
auto.tcl: Setting watchdog for 200 seconds at Sun Jun 21 14:44:00 UTC 2020
2 ms. Memory: 51200K Free: 33248K (65%)
ptolemy.util.test.WatchDog.cancel(): canceling Sun Jun 21 14:44:00 UTC 2020
------------------ testing $PTII/ptolemy/domains/de/test/auto/CancelFireAt.xml
auto.tcl: Setting watchdog for 200 seconds at Sun Jun 21 14:44:00 UTC 2020
2 ms. Memory: 51200K Free: 34466K (67%)
ptolemy.util.test.WatchDog.cancel(): canceling Sun Jun 21 14:44:00 UTC 2020
auto.tcl: Setting watchdog for 200 seconds at Sun Jun 21 14:44:00 UTC 2020
2 ms. Memory: 51200K Free: 33999K (66%)
ptolemy.util.test.WatchDog.cancel(): canceling Sun Jun 21 14:44:00 UTC 2020
------------------ testing $PTII/ptolemy/domains/de/test/auto/CausalityAndComposabilityAnalysis.xml
auto.tcl: Setting watchdog for 200 seconds at Sun Jun 21 14:44:00 UTC 2020
7 ms. Memory: 51200K Free: 32384K (63%)
ptolemy.util.test.WatchDog.cancel(): canceling Sun Jun 21 14:44:00 UTC 2020
auto.tcl: Setting watchdog for 200 seconds at Sun Jun 21 14:44:00 UTC 2020
5 ms. Memory: 51200K Free: 31958K (62%)
ptolemy.util.test.WatchDog.cancel(): canceling Sun Jun 21 14:44:00 UTC 2020
------------------ testing $PTII/ptolemy/domains/de/test/auto/CausalityInterface1.xml
auto.tcl: Setting watchdog for 200 seconds at Sun Jun 21 14:44:00 UTC 2020
19 ms. Memory: 51200K Free: 31362K (61%)
ptolemy.util.test.WatchDog.cancel(): canceling Sun Jun 21 14:44:00 UTC 2020
auto.tcl: Setting watchdog for 200 seconds at Sun Jun 21 14:44:00 UTC 2020
5 ms. Memory: 51200K Free: 30387K (59%)
ptolemy.util.test.WatchDog.cancel(): canceling Sun Jun 21 14:44:00 UTC 2020
------------------ testing $PTII/ptolemy/domains/de/test/auto/CausalityInterface15.xml
auto.tcl: Setting watchdog for 200 seconds at Sun Jun 21 14:44:00 UTC 2020
10 ms. Memory: 51200K Free: 31543K (62%)
ptolemy.util.test.WatchDog.cancel(): canceling Sun Jun 21 14:44:00 UTC 2020
auto.tcl: Setting watchdog for 200 seconds at Sun Jun 21 14:44:00 UTC 2020
6 ms. Memory: 51200K Free: 30335K (59%)
ptolemy.util.test.WatchDog.cancel(): canceling Sun Jun 21 14:44:00 UTC 2020
------------------ testing $PTII/ptolemy/domains/de/test/auto/CausalityInterface2.xml
auto.tcl: Setting watchdog for 200 seconds at Sun Jun 21 14:44:00 UTC 2020
5 ms. Memory: 51200K Free: 31991K (62%)
ptolemy.util.test.WatchDog.cancel(): canceling Sun Jun 21 14:44:00 UTC 2020
auto.tcl: Setting watchdog for 200 seconds at Sun Jun 21 14:44:00 UTC 2020
3 ms. Memory: 51200K Free: 31338K (61%)
ptolemy.util.test.WatchDog.cancel(): canceling Sun Jun 21 14:44:00 UTC 2020
------------------ testing $PTII/ptolemy/domains/de/test/auto/CausalityInterface3.xml
auto.tcl: Setting watchdog for 200 seconds at Sun Jun 21 14:44:00 UTC 2020
3 ms. Memory: 51200K Free: 31551K (62%)
ptolemy.util.test.WatchDog.cancel(): canceling Sun Jun 21 14:44:00 UTC 2020
auto.tcl: Setting watchdog for 200 seconds at Sun Jun 21 14:44:00 UTC 2020
3 ms. Memory: 51200K Free: 31066K (61%)
ptolemy.util.test.WatchDog.cancel(): canceling Sun Jun 21 14:44:00 UTC 2020
------------------ testing $PTII/ptolemy/domains/de/test/auto/ClockDrift.xml
auto.tcl: Setting watchdog for 200 seconds at Sun Jun 21 14:44:00 UTC 2020
89 ms. Memory: 51200K Free: 24146K (47%)
ptolemy.util.test.WatchDog.cancel(): canceling Sun Jun 21 14:44:00 UTC 2020
auto.tcl: Setting watchdog for 200 seconds at Sun Jun 21 14:44:00 UTC 2020
51 ms. Memory: 51200K Free: 20685K (40%)
ptolemy.util.test.WatchDog.cancel(): canceling Sun Jun 21 14:44:00 UTC 2020
------------------ testing $PTII/ptolemy/domains/de/test/auto/ClockDriftAndValueChange.xml
auto.tcl: Setting watchdog for 200 seconds at Sun Jun 21 14:44:00 UTC 2020
36 ms. Memory: 51200K Free: 23974K (47%)
ptolemy.util.test.WatchDog.cancel(): canceling Sun Jun 21 14:44:01 UTC 2020
auto.tcl: Setting watchdog for 200 seconds at Sun Jun 21 14:44:01 UTC 2020
27 ms. Memory: 51200K Free: 20988K (41%)
ptolemy.util.test.WatchDog.cancel(): canceling Sun Jun 21 14:44:01 UTC 2020
------------------ testing $PTII/ptolemy/domains/de/test/auto/ClockDriftChange.xml
auto.tcl: Setting watchdog for 200 seconds at Sun Jun 21 14:44:01 UTC 2020
30 ms. Memory: 51200K Free: 26019K (51%)
ptolemy.util.test.WatchDog.cancel(): canceling Sun Jun 21 14:44:01 UTC 2020
auto.tcl: Setting watchdog for 200 seconds at Sun Jun 21 14:44:01 UTC 2020
27 ms. Memory: 51200K Free: 23482K (46%)
ptolemy.util.test.WatchDog.cancel(): canceling Sun Jun 21 14:44:01 UTC 2020
------------------ testing $PTII/ptolemy/domains/de/test/auto/ComposableCausalityAnalysis.xml
auto.tcl: Setting watchdog for 200 seconds at Sun Jun 21 14:44:01 UTC 2020
1 ms. Memory: 51200K Free: 30872K (60%)
ptolemy.util.test.WatchDog.cancel(): canceling Sun Jun 21 14:44:01 UTC 2020
auto.tcl: Setting watchdog for 200 seconds at Sun Jun 21 14:44:01 UTC 2020
4 ms. Memory: 51200K Free: 29861K (58%)
ptolemy.util.test.WatchDog.cancel(): canceling Sun Jun 21 14:44:01 UTC 2020
------------------ testing $PTII/ptolemy/domains/de/test/auto/DEFixedPointLimitation.xml
auto.tcl: Setting watchdog for 200 seconds at Sun Jun 21 14:44:01 UTC 2020
3 ms. Memory: 51200K Free: 32223K (63%)
ptolemy.util.test.WatchDog.cancel(): canceling Sun Jun 21 14:44:01 UTC 2020
auto.tcl: Setting watchdog for 200 seconds at Sun Jun 21 14:44:01 UTC 2020
2 ms. Memory: 51200K Free: 31371K (61%)
ptolemy.util.test.WatchDog.cancel(): canceling Sun Jun 21 14:44:01 UTC 2020
------------------ testing $PTII/ptolemy/domains/de/test/auto/DEScheduleTest.xml
auto.tcl: Setting watchdog for 200 seconds at Sun Jun 21 14:44:01 UTC 2020
4 ms. Memory: 51200K Free: 32582K (64%)
ptolemy.util.test.WatchDog.cancel(): canceling Sun Jun 21 14:44:01 UTC 2020
auto.tcl: Setting watchdog for 200 seconds at Sun Jun 21 14:44:01 UTC 2020
2 ms. Memory: 51200K Free: 31827K (62%)
ptolemy.util.test.WatchDog.cancel(): canceling Sun Jun 21 14:44:01 UTC 2020
------------------ testing $PTII/ptolemy/domains/de/test/auto/DEinDEwithStartTimes.xml
auto.tcl: Setting watchdog for 200 seconds at Sun Jun 21 14:44:01 UTC 2020
4 ms. Memory: 51200K Free: 30754K (60%)
ptolemy.util.test.WatchDog.cancel(): canceling Sun Jun 21 14:44:01 UTC 2020
auto.tcl: Setting watchdog for 200 seconds at Sun Jun 21 14:44:01 UTC 2020
4 ms. Memory: 51200K Free: 29730K (58%)
ptolemy.util.test.WatchDog.cancel(): canceling Sun Jun 21 14:44:01 UTC 2020
------------------ testing $PTII/ptolemy/domains/de/test/auto/DEinDEwithStartTimes2.xml
auto.tcl: Setting watchdog for 200 seconds at Sun Jun 21 14:44:01 UTC 2020
6 ms. Memory: 51200K Free: 29870K (58%)
ptolemy.util.test.WatchDog.cancel(): canceling Sun Jun 21 14:44:01 UTC 2020
auto.tcl: Setting watchdog for 200 seconds at Sun Jun 21 14:44:01 UTC 2020
5 ms. Memory: 51200K Free: 28685K (56%)
ptolemy.util.test.WatchDog.cancel(): canceling Sun Jun 21 14:44:01 UTC 2020
------------------ testing $PTII/ptolemy/domains/de/test/auto/DateDemo.xml
auto.tcl: Setting watchdog for 200 seconds at Sun Jun 21 14:44:01 UTC 2020
14 ms. Memory: 51200K Free: 24296K (47%)
ptolemy.util.test.WatchDog.cancel(): canceling Sun Jun 21 14:44:01 UTC 2020
auto.tcl: Setting watchdog for 200 seconds at Sun Jun 21 14:44:01 UTC 2020
7 ms. Memory: 51200K Free: 22659K (44%)
ptolemy.util.test.WatchDog.cancel(): canceling Sun Jun 21 14:44:01 UTC 2020
------------------ testing $PTII/ptolemy/domains/de/test/auto/DateToEvent.xml
auto.tcl: Setting watchdog for 200 seconds at Sun Jun 21 14:44:01 UTC 2020
2019 ms. Memory: 51200K Free: 20244K (40%)
ptolemy.util.test.WatchDog.cancel(): canceling Sun Jun 21 14:44:03 UTC 2020
auto.tcl: Setting watchdog for 200 seconds at Sun Jun 21 14:44:03 UTC 2020
2005 ms. Memory: 51200K Free: 19423K (38%)
ptolemy.util.test.WatchDog.cancel(): canceling Sun Jun 21 14:44:05 UTC 2020
------------------ testing $PTII/ptolemy/domains/de/test/auto/DepthTest1.xml
auto.tcl: Setting watchdog for 200 seconds at Sun Jun 21 14:44:05 UTC 2020
4 ms. Memory: 51200K Free: 33406K (65%)
ptolemy.util.test.WatchDog.cancel(): canceling Sun Jun 21 14:44:06 UTC 2020
auto.tcl: Setting watchdog for 200 seconds at Sun Jun 21 14:44:06 UTC 2020
1 ms. Memory: 51200K Free: 32922K (64%)
ptolemy.util.test.WatchDog.cancel(): canceling Sun Jun 21 14:44:06 UTC 2020
------------------ testing $PTII/ptolemy/domains/de/test/auto/DepthTest2.xml
auto.tcl: Setting watchdog for 200 seconds at Sun Jun 21 14:44:06 UTC 2020
4 ms. Memory: 51200K Free: 30179K (59%)
ptolemy.util.test.WatchDog.cancel(): canceling Sun Jun 21 14:44:06 UTC 2020
auto.tcl: Setting watchdog for 200 seconds at Sun Jun 21 14:44:06 UTC 2020
3 ms. Memory: 51200K Free: 29725K (58%)
ptolemy.util.test.WatchDog.cancel(): canceling Sun Jun 21 14:44:06 UTC 2020
------------------ testing $PTII/ptolemy/domains/de/test/auto/DepthTest3.xml
auto.tcl: Setting watchdog for 200 seconds at Sun Jun 21 14:44:06 UTC 2020
2 ms. Memory: 51200K Free: 33735K (66%)
ptolemy.util.test.WatchDog.cancel(): canceling Sun Jun 21 14:44:06 UTC 2020
auto.tcl: Setting watchdog for 200 seconds at Sun Jun 21 14:44:06 UTC 2020
1 ms. Memory: 51200K Free: 33257K (65%)
ptolemy.util.test.WatchDog.cancel(): canceling Sun Jun 21 14:44:06 UTC 2020
------------------ testing $PTII/ptolemy/domains/de/test/auto/DepthTest4.xml
auto.tcl: Setting watchdog for 200 seconds at Sun Jun 21 14:44:06 UTC 2020
3 ms. Memory: 51200K Free: 31971K (62%)
ptolemy.util.test.WatchDog.cancel(): canceling Sun Jun 21 14:44:06 UTC 2020
auto.tcl: Setting watchdog for 200 seconds at Sun Jun 21 14:44:06 UTC 2020
2 ms. Memory: 51200K Free: 30889K (60%)
ptolemy.util.test.WatchDog.cancel(): canceling Sun Jun 21 14:44:06 UTC 2020
------------------ testing $PTII/ptolemy/domains/de/test/auto/DepthTest5.xml
auto.tcl: Setting watchdog for 200 seconds at Sun Jun 21 14:44:06 UTC 2020
3 ms. Memory: 51200K Free: 31425K (61%)
ptolemy.util.test.WatchDog.cancel(): canceling Sun Jun 21 14:44:06 UTC 2020
auto.tcl: Setting watchdog for 200 seconds at Sun Jun 21 14:44:06 UTC 2020
3 ms. Memory: 51200K Free: 30683K (60%)
ptolemy.util.test.WatchDog.cancel(): canceling Sun Jun 21 14:44:06 UTC 2020
------------------ testing $PTII/ptolemy/domains/de/test/auto/DepthTest6.xml
auto.tcl: Setting watchdog for 200 seconds at Sun Jun 21 14:44:06 UTC 2020
5 ms. Memory: 51200K Free: 31149K (61%)
ptolemy.util.test.WatchDog.cancel(): canceling Sun Jun 21 14:44:06 UTC 2020
auto.tcl: Setting watchdog for 200 seconds at Sun Jun 21 14:44:06 UTC 2020
2 ms. Memory: 51200K Free: 30712K (60%)
ptolemy.util.test.WatchDog.cancel(): canceling Sun Jun 21 14:44:06 UTC 2020
------------------ testing $PTII/ptolemy/domains/de/test/auto/DepthTest7.xml
auto.tcl: Setting watchdog for 200 seconds at Sun Jun 21 14:44:06 UTC 2020
3 ms. Memory: 51200K Free: 31894K (62%)
ptolemy.util.test.WatchDog.cancel(): canceling Sun Jun 21 14:44:06 UTC 2020
auto.tcl: Setting watchdog for 200 seconds at Sun Jun 21 14:44:06 UTC 2020
2 ms. Memory: 51200K Free: 31241K (61%)
ptolemy.util.test.WatchDog.cancel(): canceling Sun Jun 21 14:44:06 UTC 2020
------------------ testing $PTII/ptolemy/domains/de/test/auto/EventToDate.xml
auto.tcl: Setting watchdog for 200 seconds at Sun Jun 21 14:44:06 UTC 2020
3007 ms. Memory: 51200K Free: 22668K (44%)
ptolemy.util.test.WatchDog.cancel(): canceling Sun Jun 21 14:44:09 UTC 2020
auto.tcl: Setting watchdog for 200 seconds at Sun Jun 21 14:44:09 UTC 2020
3004 ms. Memory: 51200K Free: 22054K (43%)
ptolemy.util.test.WatchDog.cancel(): canceling Sun Jun 21 14:44:12 UTC 2020
------------------ testing $PTII/ptolemy/domains/de/test/auto/FSM1.xml
auto.tcl: Setting watchdog for 200 seconds at Sun Jun 21 14:44:12 UTC 2020
31 ms. Memory: 51200K Free: 23965K (47%)
ptolemy.util.test.WatchDog.cancel(): canceling Sun Jun 21 14:44:12 UTC 2020
auto.tcl: Setting watchdog for 200 seconds at Sun Jun 21 14:44:12 UTC 2020
20 ms. Memory: 51200K Free: 20687K (40%)
ptolemy.util.test.WatchDog.cancel(): canceling Sun Jun 21 14:44:12 UTC 2020
------------------ testing $PTII/ptolemy/domains/de/test/auto/FSM7.xml
auto.tcl: Setting watchdog for 200 seconds at Sun Jun 21 14:44:12 UTC 2020
26 ms. Memory: 51200K Free: 23616K (46%)
ptolemy.util.test.WatchDog.cancel(): canceling Sun Jun 21 14:44:12 UTC 2020
auto.tcl: Setting watchdog for 200 seconds at Sun Jun 21 14:44:12 UTC 2020
15 ms. Memory: 51200K Free: 20483K (40%)
ptolemy.util.test.WatchDog.cancel(): canceling Sun Jun 21 14:44:12 UTC 2020
------------------ testing $PTII/ptolemy/domains/de/test/auto/Inspection.xml
auto.tcl: Setting watchdog for 200 seconds at Sun Jun 21 14:44:12 UTC 2020
30 ms. Memory: 51200K Free: 23642K (46%)
ptolemy.util.test.WatchDog.cancel(): canceling Sun Jun 21 14:44:12 UTC 2020
auto.tcl: Setting watchdog for 200 seconds at Sun Jun 21 14:44:12 UTC 2020
27 ms. Memory: 51200K Free: 21947K (43%)
ptolemy.util.test.WatchDog.cancel(): canceling Sun Jun 21 14:44:12 UTC 2020
------------------ testing $PTII/ptolemy/domains/de/test/auto/Iteration.xml
auto.tcl: Setting watchdog for 200 seconds at Sun Jun 21 14:44:12 UTC 2020
6 ms. Memory: 51200K Free: 29189K (57%)
ptolemy.util.test.WatchDog.cancel(): canceling Sun Jun 21 14:44:12 UTC 2020
auto.tcl: Setting watchdog for 200 seconds at Sun Jun 21 14:44:12 UTC 2020
6 ms. Memory: 51200K Free: 28007K (55%)
ptolemy.util.test.WatchDog.cancel(): canceling Sun Jun 21 14:44:12 UTC 2020
------------------ testing $PTII/ptolemy/domains/de/test/auto/LineFault.xml
auto.tcl: Setting watchdog for 200 seconds at Sun Jun 21 14:44:13 UTC 2020
600 ms. Memory: 51200K Free: 17468K (34%)
ptolemy.util.test.WatchDog.cancel(): canceling Sun Jun 21 14:44:13 UTC 2020
auto.tcl: Setting watchdog for 200 seconds at Sun Jun 21 14:44:13 UTC 2020
524 ms. Memory: 66560K Free: 49095K (74%)
ptolemy.util.test.WatchDog.cancel(): canceling Sun Jun 21 14:44:14 UTC 2020
------------------ testing $PTII/ptolemy/domains/de/test/auto/MergeModel1Add.xml
auto.tcl: Setting watchdog for 200 seconds at Sun Jun 21 14:44:14 UTC 2020
32 ms. Memory: 58368K Free: 22593K (39%)
ptolemy.util.test.WatchDog.cancel(): canceling Sun Jun 21 14:44:14 UTC 2020
auto.tcl: Setting watchdog for 200 seconds at Sun Jun 21 14:44:14 UTC 2020
11 ms. Memory: 58368K Free: 20966K (36%)
ptolemy.util.test.WatchDog.cancel(): canceling Sun Jun 21 14:44:14 UTC 2020
------------------ testing $PTII/ptolemy/domains/de/test/auto/MergeModel2Add.xml
auto.tcl: Setting watchdog for 200 seconds at Sun Jun 21 14:44:14 UTC 2020
10 ms. Memory: 55296K Free: 21306K (39%)
ptolemy.util.test.WatchDog.cancel(): canceling Sun Jun 21 14:44:14 UTC 2020
auto.tcl: Setting watchdog for 200 seconds at Sun Jun 21 14:44:14 UTC 2020
10 ms. Memory: 55296K Free: 19603K (35%)
ptolemy.util.test.WatchDog.cancel(): canceling Sun Jun 21 14:44:14 UTC 2020
------------------ testing $PTII/ptolemy/domains/de/test/auto/MergeModel3Add.xml
auto.tcl: Setting watchdog for 200 seconds at Sun Jun 21 14:44:14 UTC 2020
9 ms. Memory: 51200K Free: 17451K (34%)
ptolemy.util.test.WatchDog.cancel(): canceling Sun Jun 21 14:44:14 UTC 2020
auto.tcl: Setting watchdog for 200 seconds at Sun Jun 21 14:44:14 UTC 2020
10 ms. Memory: 51200K Free: 15972K (31%)
ptolemy.util.test.WatchDog.cancel(): canceling Sun Jun 21 14:44:14 UTC 2020
------------------ testing $PTII/ptolemy/domains/de/test/auto/MergeWithoutDiscard.xml
auto.tcl: Setting watchdog for 200 seconds at Sun Jun 21 14:44:14 UTC 2020
3 ms. Memory: 51200K Free: 32044K (63%)
ptolemy.util.test.WatchDog.cancel(): canceling Sun Jun 21 14:44:14 UTC 2020
auto.tcl: Setting watchdog for 200 seconds at Sun Jun 21 14:44:14 UTC 2020
2 ms. Memory: 51200K Free: 31601K (62%)
ptolemy.util.test.WatchDog.cancel(): canceling Sun Jun 21 14:44:14 UTC 2020
------------------ testing $PTII/ptolemy/domains/de/test/auto/Modal1.xml
auto.tcl: Setting watchdog for 200 seconds at Sun Jun 21 14:44:14 UTC 2020
21 ms. Memory: 51200K Free: 23957K (47%)
ptolemy.util.test.WatchDog.cancel(): canceling Sun Jun 21 14:44:14 UTC 2020
auto.tcl: Setting watchdog for 200 seconds at Sun Jun 21 14:44:14 UTC 2020
22 ms. Memory: 51200K Free: 20508K (40%)
ptolemy.util.test.WatchDog.cancel(): canceling Sun Jun 21 14:44:14 UTC 2020
------------------ testing $PTII/ptolemy/domains/de/test/auto/Modal2.xml
auto.tcl: Setting watchdog for 200 seconds at Sun Jun 21 14:44:14 UTC 2020
11 ms. Memory: 51200K Free: 24349K (48%)
ptolemy.util.test.WatchDog.cancel(): canceling Sun Jun 21 14:44:15 UTC 2020
auto.tcl: Setting watchdog for 200 seconds at Sun Jun 21 14:44:15 UTC 2020
11 ms. Memory: 51200K Free: 20868K (41%)
ptolemy.util.test.WatchDog.cancel(): canceling Sun Jun 21 14:44:15 UTC 2020
------------------ testing $PTII/ptolemy/domains/de/test/auto/Modal3.xml
auto.tcl: Setting watchdog for 200 seconds at Sun Jun 21 14:44:15 UTC 2020
13 ms. Memory: 51200K Free: 23608K (46%)
ptolemy.util.test.WatchDog.cancel(): canceling Sun Jun 21 14:44:15 UTC 2020
auto.tcl: Setting watchdog for 200 seconds at Sun Jun 21 14:44:15 UTC 2020
13 ms. Memory: 51200K Free: 20451K (40%)
ptolemy.util.test.WatchDog.cancel(): canceling Sun Jun 21 14:44:15 UTC 2020
------------------ testing $PTII/ptolemy/domains/de/test/auto/Modal4.xml
auto.tcl: Setting watchdog for 200 seconds at Sun Jun 21 14:44:15 UTC 2020
23 ms. Memory: 51200K Free: 23032K (45%)
ptolemy.util.test.WatchDog.cancel(): canceling Sun Jun 21 14:44:15 UTC 2020
auto.tcl: Setting watchdog for 200 seconds at Sun Jun 21 14:44:15 UTC 2020
20 ms. Memory: 51200K Free: 19224K (38%)
ptolemy.util.test.WatchDog.cancel(): canceling Sun Jun 21 14:44:15 UTC 2020
------------------ testing $PTII/ptolemy/domains/de/test/auto/Modal5.xml
auto.tcl: Setting watchdog for 200 seconds at Sun Jun 21 14:44:15 UTC 2020
13 ms. Memory: 51200K Free: 23035K (45%)
ptolemy.util.test.WatchDog.cancel(): canceling Sun Jun 21 14:44:15 UTC 2020
auto.tcl: Setting watchdog for 200 seconds at Sun Jun 21 14:44:15 UTC 2020
15 ms. Memory: 51200K Free: 19211K (38%)
ptolemy.util.test.WatchDog.cancel(): canceling Sun Jun 21 14:44:15 UTC 2020
------------------ testing $PTII/ptolemy/domains/de/test/auto/Modal6.xml
auto.tcl: Setting watchdog for 200 seconds at Sun Jun 21 14:44:15 UTC 2020
23 ms. Memory: 51200K Free: 23821K (47%)
ptolemy.util.test.WatchDog.cancel(): canceling Sun Jun 21 14:44:15 UTC 2020
auto.tcl: Setting watchdog for 200 seconds at Sun Jun 21 14:44:15 UTC 2020
17 ms. Memory: 51200K Free: 19821K (39%)
ptolemy.util.test.WatchDog.cancel(): canceling Sun Jun 21 14:44:15 UTC 2020
------------------ testing $PTII/ptolemy/domains/de/test/auto/Modal7.xml
auto.tcl: Setting watchdog for 200 seconds at Sun Jun 21 14:44:15 UTC 2020
17 ms. Memory: 51200K Free: 23020K (45%)
ptolemy.util.test.WatchDog.cancel(): canceling Sun Jun 21 14:44:15 UTC 2020
auto.tcl: Setting watchdog for 200 seconds at Sun Jun 21 14:44:15 UTC 2020
12 ms. Memory: 51200K Free: 19459K (38%)
ptolemy.util.test.WatchDog.cancel(): canceling Sun Jun 21 14:44:15 UTC 2020
------------------ testing $PTII/ptolemy/domains/de/test/auto/ModalModel.xml
auto.tcl: Setting watchdog for 200 seconds at Sun Jun 21 14:44:15 UTC 2020
216 ms. Memory: 51200K Free: 14940K (29%)
ptolemy.util.test.WatchDog.cancel(): canceling Sun Jun 21 14:44:15 UTC 2020
auto.tcl: Setting watchdog for 200 seconds at Sun Jun 21 14:44:15 UTC 2020
199 ms. Memory: 61440K Free: 45032K (73%)
ptolemy.util.test.WatchDog.cancel(): canceling Sun Jun 21 14:44:16 UTC 2020
------------------ testing $PTII/ptolemy/domains/de/test/auto/ModalSource.xml
auto.tcl: Setting watchdog for 200 seconds at Sun Jun 21 14:44:16 UTC 2020
8 ms. Memory: 55296K Free: 31980K (58%)
ptolemy.util.test.WatchDog.cancel(): canceling Sun Jun 21 14:44:16 UTC 2020
auto.tcl: Setting watchdog for 200 seconds at Sun Jun 21 14:44:16 UTC 2020
4 ms. Memory: 55296K Free: 29932K (54%)
ptolemy.util.test.WatchDog.cancel(): canceling Sun Jun 21 14:44:16 UTC 2020
------------------ testing $PTII/ptolemy/domains/de/test/auto/NonInterruptibleTimerZeroDelay.xml
auto.tcl: Setting watchdog for 200 seconds at Sun Jun 21 14:44:16 UTC 2020
4 ms. Memory: 51200K Free: 32821K (64%)
ptolemy.util.test.WatchDog.cancel(): canceling Sun Jun 21 14:44:16 UTC 2020
auto.tcl: Setting watchdog for 200 seconds at Sun Jun 21 14:44:16 UTC 2020
2 ms. Memory: 51200K Free: 32155K (63%)
ptolemy.util.test.WatchDog.cancel(): canceling Sun Jun 21 14:44:16 UTC 2020
------------------ testing $PTII/ptolemy/domains/de/test/auto/OpenQueueingNetwork.xml
auto.tcl: Setting watchdog for 200 seconds at Sun Jun 21 14:44:16 UTC 2020
3013 ms. Memory: 94208K Free: 45186K (48%)
ptolemy.util.test.WatchDog.cancel(): canceling Sun Jun 21 14:44:19 UTC 2020
auto.tcl: Setting watchdog for 200 seconds at Sun Jun 21 14:44:19 UTC 2020
2406 ms. Memory: 113664K Free: 87199K (77%)
ptolemy.util.test.WatchDog.cancel(): canceling Sun Jun 21 14:44:21 UTC 2020
------------------ testing $PTII/ptolemy/domains/de/test/auto/OpenQueuingNetwork.xml
auto.tcl: Setting watchdog for 200 seconds at Sun Jun 21 14:44:21 UTC 2020
261 ms. Memory: 58368K Free: 30979K (53%)
ptolemy.util.test.WatchDog.cancel(): canceling Sun Jun 21 14:44:22 UTC 2020
auto.tcl: Setting watchdog for 200 seconds at Sun Jun 21 14:44:22 UTC 2020
225 ms. Memory: 58368K Free: 11418K (20%)
ptolemy.util.test.WatchDog.cancel(): canceling Sun Jun 21 14:44:22 UTC 2020
------------------ testing $PTII/ptolemy/domains/de/test/auto/PeriodicSampler.xml
auto.tcl: Setting watchdog for 200 seconds at Sun Jun 21 14:44:22 UTC 2020
2 ms. Memory: 55296K Free: 36118K (65%)
ptolemy.util.test.WatchDog.cancel(): canceling Sun Jun 21 14:44:22 UTC 2020
auto.tcl: Setting watchdog for 200 seconds at Sun Jun 21 14:44:22 UTC 2020
1 ms. Memory: 55296K Free: 35598K (64%)
ptolemy.util.test.WatchDog.cancel(): canceling Sun Jun 21 14:44:22 UTC 2020
------------------ testing $PTII/ptolemy/domains/de/test/auto/PersistentIO.xml
auto.tcl: Setting watchdog for 200 seconds at Sun Jun 21 14:44:22 UTC 2020
5 ms. Memory: 55296K Free: 31043K (56%)
ptolemy.util.test.WatchDog.cancel(): canceling Sun Jun 21 14:44:22 UTC 2020
auto.tcl: Setting watchdog for 200 seconds at Sun Jun 21 14:44:22 UTC 2020
4 ms. Memory: 55296K Free: 29523K (53%)
ptolemy.util.test.WatchDog.cancel(): canceling Sun Jun 21 14:44:22 UTC 2020
------------------ testing $PTII/ptolemy/domains/de/test/auto/PortParameterResetOnInitialize.xml
auto.tcl: Setting watchdog for 200 seconds at Sun Jun 21 14:44:22 UTC 2020
2 ms. Memory: 55296K Free: 36035K (65%)
ptolemy.util.test.WatchDog.cancel(): canceling Sun Jun 21 14:44:22 UTC 2020
auto.tcl: Setting watchdog for 200 seconds at Sun Jun 21 14:44:22 UTC 2020
2 ms. Memory: 55296K Free: 35531K (64%)
ptolemy.util.test.WatchDog.cancel(): canceling Sun Jun 21 14:44:22 UTC 2020
------------------ testing $PTII/ptolemy/domains/de/test/auto/PortParameterUpdates.xml
auto.tcl: Setting watchdog for 200 seconds at Sun Jun 21 14:44:22 UTC 2020
5 ms. Memory: 51200K Free: 30015K (59%)
ptolemy.util.test.WatchDog.cancel(): canceling Sun Jun 21 14:44:22 UTC 2020
auto.tcl: Setting watchdog for 200 seconds at Sun Jun 21 14:44:22 UTC 2020
5 ms. Memory: 51200K Free: 29003K (57%)
ptolemy.util.test.WatchDog.cancel(): canceling Sun Jun 21 14:44:22 UTC 2020
------------------ testing $PTII/ptolemy/domains/de/test/auto/QueueAndServer.xml
auto.tcl: Setting watchdog for 200 seconds at Sun Jun 21 14:44:22 UTC 2020
12 ms. Memory: 51200K Free: 28969K (57%)
ptolemy.util.test.WatchDog.cancel(): canceling Sun Jun 21 14:44:22 UTC 2020
auto.tcl: Setting watchdog for 200 seconds at Sun Jun 21 14:44:22 UTC 2020
6 ms. Memory: 51200K Free: 27435K (54%)
ptolemy.util.test.WatchDog.cancel(): canceling Sun Jun 21 14:44:22 UTC 2020
------------------ testing $PTII/ptolemy/domains/de/test/auto/Records.xml
auto.tcl: Setting watchdog for 200 seconds at Sun Jun 21 14:44:22 UTC 2020
4 ms. Memory: 51200K Free: 31176K (61%)
ptolemy.util.test.WatchDog.cancel(): canceling Sun Jun 21 14:44:22 UTC 2020
auto.tcl: Setting watchdog for 200 seconds at Sun Jun 21 14:44:22 UTC 2020
2 ms. Memory: 51200K Free: 30632K (60%)
ptolemy.util.test.WatchDog.cancel(): canceling Sun Jun 21 14:44:22 UTC 2020
------------------ testing $PTII/ptolemy/domains/de/test/auto/ResetTransitionWithStartTime1.xml
auto.tcl: Setting watchdog for 200 seconds at Sun Jun 21 14:44:22 UTC 2020
9 ms. Memory: 51200K Free: 28431K (56%)
ptolemy.util.test.WatchDog.cancel(): canceling Sun Jun 21 14:44:22 UTC 2020
auto.tcl: Setting watchdog for 200 seconds at Sun Jun 21 14:44:22 UTC 2020
7 ms. Memory: 51200K Free: 26367K (51%)
ptolemy.util.test.WatchDog.cancel(): canceling Sun Jun 21 14:44:22 UTC 2020
------------------ testing $PTII/ptolemy/domains/de/test/auto/ResetTransitionWithStartTime2.xml
auto.tcl: Setting watchdog for 200 seconds at Sun Jun 21 14:44:22 UTC 2020
6 ms. Memory: 51200K Free: 28386K (55%)
ptolemy.util.test.WatchDog.cancel(): canceling Sun Jun 21 14:44:23 UTC 2020
auto.tcl: Setting watchdog for 200 seconds at Sun Jun 21 14:44:23 UTC 2020
7 ms. Memory: 51200K Free: 25821K (50%)
ptolemy.util.test.WatchDog.cancel(): canceling Sun Jun 21 14:44:23 UTC 2020
------------------ testing $PTII/ptolemy/domains/de/test/auto/ResetTransitionWithStartTime3.xml
auto.tcl: Setting watchdog for 200 seconds at Sun Jun 21 14:44:23 UTC 2020
11 ms. Memory: 51200K Free: 28385K (55%)
ptolemy.util.test.WatchDog.cancel(): canceling Sun Jun 21 14:44:23 UTC 2020
auto.tcl: Setting watchdog for 200 seconds at Sun Jun 21 14:44:23 UTC 2020
6 ms. Memory: 51200K Free: 26337K (51%)
ptolemy.util.test.WatchDog.cancel(): canceling Sun Jun 21 14:44:23 UTC 2020
------------------ testing $PTII/ptolemy/domains/de/test/auto/ResetTransitionWithStartTime4.xml
auto.tcl: Setting watchdog for 200 seconds at Sun Jun 21 14:44:23 UTC 2020
7 ms. Memory: 51200K Free: 28829K (56%)
ptolemy.util.test.WatchDog.cancel(): canceling Sun Jun 21 14:44:23 UTC 2020
auto.tcl: Setting watchdog for 200 seconds at Sun Jun 21 14:44:23 UTC 2020
4 ms. Memory: 51200K Free: 27360K (53%)
ptolemy.util.test.WatchDog.cancel(): canceling Sun Jun 21 14:44:23 UTC 2020
------------------ testing $PTII/ptolemy/domains/de/test/auto/ResettableTimer1.xml
auto.tcl: Setting watchdog for 200 seconds at Sun Jun 21 14:44:23 UTC 2020
2 ms. Memory: 51200K Free: 32599K (64%)
ptolemy.util.test.WatchDog.cancel(): canceling Sun Jun 21 14:44:23 UTC 2020
auto.tcl: Setting watchdog for 200 seconds at Sun Jun 21 14:44:23 UTC 2020
2 ms. Memory: 51200K Free: 31945K (62%)
ptolemy.util.test.WatchDog.cancel(): canceling Sun Jun 21 14:44:23 UTC 2020
------------------ testing $PTII/ptolemy/domains/de/test/auto/ResettableTimer2.xml
auto.tcl: Setting watchdog for 200 seconds at Sun Jun 21 14:44:23 UTC 2020
3 ms. Memory: 51200K Free: 32655K (64%)
ptolemy.util.test.WatchDog.cancel(): canceling Sun Jun 21 14:44:23 UTC 2020
auto.tcl: Setting watchdog for 200 seconds at Sun Jun 21 14:44:23 UTC 2020
1 ms. Memory: 51200K Free: 32015K (63%)
ptolemy.util.test.WatchDog.cancel(): canceling Sun Jun 21 14:44:23 UTC 2020
------------------ testing $PTII/ptolemy/domains/de/test/auto/ResettableTimer3.xml
auto.tcl: Setting watchdog for 200 seconds at Sun Jun 21 14:44:23 UTC 2020
1 ms. Memory: 51200K Free: 32518K (64%)
ptolemy.util.test.WatchDog.cancel(): canceling Sun Jun 21 14:44:23 UTC 2020
auto.tcl: Setting watchdog for 200 seconds at Sun Jun 21 14:44:23 UTC 2020
1 ms. Memory: 51200K Free: 32518K (64%)
ptolemy.util.test.WatchDog.cancel(): canceling Sun Jun 21 14:44:23 UTC 2020
------------------ testing $PTII/ptolemy/domains/de/test/auto/ResettableTimer4.xml
auto.tcl: Setting watchdog for 200 seconds at Sun Jun 21 14:44:23 UTC 2020
1 ms. Memory: 51200K Free: 32531K (64%)
ptolemy.util.test.WatchDog.cancel(): canceling Sun Jun 21 14:44:23 UTC 2020
auto.tcl: Setting watchdog for 200 seconds at Sun Jun 21 14:44:23 UTC 2020
1 ms. Memory: 51200K Free: 32028K (63%)
ptolemy.util.test.WatchDog.cancel(): canceling Sun Jun 21 14:44:23 UTC 2020
------------------ testing $PTII/ptolemy/domains/de/test/auto/ResettableTimer5.xml
auto.tcl: Setting watchdog for 200 seconds at Sun Jun 21 14:44:23 UTC 2020
2 ms. Memory: 51200K Free: 32015K (63%)
ptolemy.util.test.WatchDog.cancel(): canceling Sun Jun 21 14:44:23 UTC 2020
auto.tcl: Setting watchdog for 200 seconds at Sun Jun 21 14:44:23 UTC 2020
1 ms. Memory: 51200K Free: 31514K (62%)
ptolemy.util.test.WatchDog.cancel(): canceling Sun Jun 21 14:44:23 UTC 2020
------------------ testing $PTII/ptolemy/domains/de/test/auto/ResettableTimer6.xml
auto.tcl: Setting watchdog for 200 seconds at Sun Jun 21 14:44:23 UTC 2020
1 ms. Memory: 51200K Free: 32005K (63%)
ptolemy.util.test.WatchDog.cancel(): canceling Sun Jun 21 14:44:23 UTC 2020
auto.tcl: Setting watchdog for 200 seconds at Sun Jun 21 14:44:23 UTC 2020
2 ms. Memory: 51200K Free: 31495K (62%)
ptolemy.util.test.WatchDog.cancel(): canceling Sun Jun 21 14:44:23 UTC 2020
------------------ testing $PTII/ptolemy/domains/de/test/auto/ServerZeroDelay.xml
auto.tcl: Setting watchdog for 200 seconds at Sun Jun 21 14:44:23 UTC 2020
3 ms. Memory: 51200K Free: 32510K (63%)
ptolemy.util.test.WatchDog.cancel(): canceling Sun Jun 21 14:44:23 UTC 2020
auto.tcl: Setting watchdog for 200 seconds at Sun Jun 21 14:44:23 UTC 2020
2 ms. Memory: 51200K Free: 31486K (61%)
ptolemy.util.test.WatchDog.cancel(): canceling Sun Jun 21 14:44:23 UTC 2020
------------------ testing $PTII/ptolemy/domains/de/test/auto/SmartSender.xml
auto.tcl: Setting watchdog for 200 seconds at Sun Jun 21 14:44:23 UTC 2020
3002 ms. Memory: 51200K Free: 32505K (63%)
ptolemy.util.test.WatchDog.cancel(): canceling Sun Jun 21 14:44:26 UTC 2020
auto.tcl: Setting watchdog for 200 seconds at Sun Jun 21 14:44:26 UTC 2020
3001 ms. Memory: 51200K Free: 32002K (63%)
ptolemy.util.test.WatchDog.cancel(): canceling Sun Jun 21 14:44:29 UTC 2020
------------------ testing $PTII/ptolemy/domains/de/test/auto/ThreadedComposite.xml
auto.tcl: Setting watchdog for 200 seconds at Sun Jun 21 14:44:29 UTC 2020
217 ms. Memory: 51200K Free: 13573K (27%)
ptolemy.util.test.WatchDog.cancel(): canceling Sun Jun 21 14:44:29 UTC 2020
auto.tcl: Setting watchdog for 200 seconds at Sun Jun 21 14:44:29 UTC 2020
174 ms. Memory: 61440K Free: 36843K (60%)
ptolemy.util.test.WatchDog.cancel(): canceling Sun Jun 21 14:44:30 UTC 2020
------------------ testing $PTII/ptolemy/domains/de/test/auto/Time.xml
auto.tcl: Setting watchdog for 200 seconds at Sun Jun 21 14:44:30 UTC 2020
415 ms. Memory: 51200K Free: 7498K (15%)
ptolemy.util.test.WatchDog.cancel(): canceling Sun Jun 21 14:44:30 UTC 2020
auto.tcl: Setting watchdog for 200 seconds at Sun Jun 21 14:44:30 UTC 2020
358 ms. Memory: 51200K Free: 13252K (26%)
ptolemy.util.test.WatchDog.cancel(): canceling Sun Jun 21 14:44:30 UTC 2020
------------------ testing $PTII/ptolemy/domains/de/test/auto/TimeDelayZeroDelay.xml
auto.tcl: Setting watchdog for 200 seconds at Sun Jun 21 14:44:30 UTC 2020
2 ms. Memory: 51200K Free: 32434K (63%)
ptolemy.util.test.WatchDog.cancel(): canceling Sun Jun 21 14:44:30 UTC 2020
auto.tcl: Setting watchdog for 200 seconds at Sun Jun 21 14:44:30 UTC 2020
2 ms. Memory: 51200K Free: 31970K (62%)
ptolemy.util.test.WatchDog.cancel(): canceling Sun Jun 21 14:44:30 UTC 2020
------------------ testing $PTII/ptolemy/domains/de/test/auto/TimerZeroDelay.xml
auto.tcl: Setting watchdog for 200 seconds at Sun Jun 21 14:44:31 UTC 2020
3 ms. Memory: 51200K Free: 32428K (63%)
ptolemy.util.test.WatchDog.cancel(): canceling Sun Jun 21 14:44:31 UTC 2020
auto.tcl: Setting watchdog for 200 seconds at Sun Jun 21 14:44:31 UTC 2020
2 ms. Memory: 51200K Free: 31884K (62%)
ptolemy.util.test.WatchDog.cancel(): canceling Sun Jun 21 14:44:31 UTC 2020
------------------ testing $PTII/ptolemy/domains/de/test/auto/TimingParadox.xml
auto.tcl: Setting watchdog for 200 seconds at Sun Jun 21 14:44:31 UTC 2020
270 ms. Memory: 51200K Free: 19451K (38%)
ptolemy.util.test.WatchDog.cancel(): canceling Sun Jun 21 14:44:31 UTC 2020
auto.tcl: Setting watchdog for 200 seconds at Sun Jun 21 14:44:31 UTC 2020
262 ms. Memory: 51200K Free: 34844K (68%)
ptolemy.util.test.WatchDog.cancel(): canceling Sun Jun 21 14:44:31 UTC 2020
------------------ testing $PTII/ptolemy/domains/de/test/auto/TransferInputs.xml
auto.tcl: Setting watchdog for 200 seconds at Sun Jun 21 14:44:31 UTC 2020
1 ms. Memory: 51200K Free: 30818K (60%)
ptolemy.util.test.WatchDog.cancel(): canceling Sun Jun 21 14:44:31 UTC 2020
auto.tcl: Setting watchdog for 200 seconds at Sun Jun 21 14:44:31 UTC 2020
1 ms. Memory: 51200K Free: 29946K (58%)
ptolemy.util.test.WatchDog.cancel(): canceling Sun Jun 21 14:44:31 UTC 2020
------------------ testing $PTII/ptolemy/domains/de/test/auto/TransferOutputs2.xml
auto.tcl: Setting watchdog for 200 seconds at Sun Jun 21 14:44:31 UTC 2020
9 ms. Memory: 51200K Free: 28260K (55%)
ptolemy.util.test.WatchDog.cancel(): canceling Sun Jun 21 14:44:31 UTC 2020
auto.tcl: Setting watchdog for 200 seconds at Sun Jun 21 14:44:31 UTC 2020
3 ms. Memory: 51200K Free: 26846K (52%)
ptolemy.util.test.WatchDog.cancel(): canceling Sun Jun 21 14:44:31 UTC 2020
------------------ testing $PTII/ptolemy/domains/de/test/auto/Trilateration.xml
auto.tcl: Setting watchdog for 200 seconds at Sun Jun 21 14:44:31 UTC 2020
11206 ms. Memory: 466944K Free: 214924K (46%)
ptolemy.util.test.WatchDog.cancel(): canceling Sun Jun 21 14:44:44 UTC 2020
auto.tcl: Setting watchdog for 200 seconds at Sun Jun 21 14:44:44 UTC 2020
8809 ms. Memory: 466944K Free: 348853K (75%)
ptolemy.util.test.WatchDog.cancel(): canceling Sun Jun 21 14:44:53 UTC 2020
------------------ testing $PTII/ptolemy/domains/de/test/auto/TwoSigmaDelta.xml
auto.tcl: Setting watchdog for 200 seconds at Sun Jun 21 14:44:53 UTC 2020
2197 ms. Memory: 92160K Free: 38661K (42%)
ptolemy.util.test.WatchDog.cancel(): canceling Sun Jun 21 14:44:55 UTC 2020
auto.tcl: Setting watchdog for 200 seconds at Sun Jun 21 14:44:55 UTC 2020
1713 ms. Memory: 92160K Free: 43806K (48%)
ptolemy.util.test.WatchDog.cancel(): canceling Sun Jun 21 14:44:57 UTC 2020
------------------ testing $PTII/ptolemy/domains/de/test/auto/VariableDelay.xml
auto.tcl: Setting watchdog for 200 seconds at Sun Jun 21 14:44:57 UTC 2020
2 ms. Memory: 58368K Free: 38471K (66%)
ptolemy.util.test.WatchDog.cancel(): canceling Sun Jun 21 14:44:57 UTC 2020
auto.tcl: Setting watchdog for 200 seconds at Sun Jun 21 14:44:57 UTC 2020
2 ms. Memory: 58368K Free: 37455K (64%)
ptolemy.util.test.WatchDog.cancel(): canceling Sun Jun 21 14:44:57 UTC 2020
------------------ testing $PTII/ptolemy/domains/de/test/auto/VariableDelay2.xml
auto.tcl: Setting watchdog for 200 seconds at Sun Jun 21 14:44:57 UTC 2020
2 ms. Memory: 55296K Free: 35805K (65%)
ptolemy.util.test.WatchDog.cancel(): canceling Sun Jun 21 14:44:57 UTC 2020
auto.tcl: Setting watchdog for 200 seconds at Sun Jun 21 14:44:57 UTC 2020
2 ms. Memory: 55296K Free: 35301K (64%)
ptolemy.util.test.WatchDog.cancel(): canceling Sun Jun 21 14:44:57 UTC 2020
------------------ testing $PTII/ptolemy/domains/de/test/auto/VariableDelayZeroDelay.xml
auto.tcl: Setting watchdog for 200 seconds at Sun Jun 21 14:44:57 UTC 2020
2 ms. Memory: 55296K Free: 36325K (66%)
ptolemy.util.test.WatchDog.cancel(): canceling Sun Jun 21 14:44:57 UTC 2020
auto.tcl: Setting watchdog for 200 seconds at Sun Jun 21 14:44:57 UTC 2020
2 ms. Memory: 55296K Free: 35797K (65%)
ptolemy.util.test.WatchDog.cancel(): canceling Sun Jun 21 14:44:57 UTC 2020
------------------ testing $PTII/ptolemy/domains/de/test/auto/VariableDelayZeroDelay2.xml
auto.tcl: Setting watchdog for 200 seconds at Sun Jun 21 14:44:57 UTC 2020
2 ms. Memory: 55296K Free: 36324K (66%)
ptolemy.util.test.WatchDog.cancel(): canceling Sun Jun 21 14:44:57 UTC 2020
auto.tcl: Setting watchdog for 200 seconds at Sun Jun 21 14:44:57 UTC 2020
1 ms. Memory: 55296K Free: 35300K (64%)
ptolemy.util.test.WatchDog.cancel(): canceling Sun Jun 21 14:44:57 UTC 2020
------------------ testing $PTII/ptolemy/domains/de/test/auto/deInCt.xml
auto.tcl: Setting watchdog for 200 seconds at Sun Jun 21 14:44:57 UTC 2020
0
1
1
1
0
0
0
1
1
1
0
0
0
0
1
1
1
1
1
0
0
0
0
1
1
1
1
0
0
0
0
1
1
0
0
0
1
1
1
0
0
0
11 ms. Memory: 55296K Free: 35298K (64%)
ptolemy.util.test.WatchDog.cancel(): canceling Sun Jun 21 14:44:57 UTC 2020
auto.tcl: Setting watchdog for 200 seconds at Sun Jun 21 14:44:57 UTC 2020
0
1
1
1
1
1
0
0
0
0
0
0
0
0
0
1
1
1
1
0
0
0
0
4 ms. Memory: 55296K Free: 33760K (61%)
ptolemy.util.test.WatchDog.cancel(): canceling Sun Jun 21 14:44:57 UTC 2020
------------------ testing $PTII/ptolemy/domains/de/test/auto/deInCt2.xml
auto.tcl: Setting watchdog for 200 seconds at Sun Jun 21 14:44:57 UTC 2020
0
1
1
1
0
0
1
1
1
0
0
1
1
1
0
0
1
1
1
0
0
1
1
1
0
0
1
1
1
0
0
1
1
1
0
0
1
1
1
0
0
0
12 ms. Memory: 55296K Free: 35298K (64%)
ptolemy.util.test.WatchDog.cancel(): canceling Sun Jun 21 14:44:57 UTC 2020
auto.tcl: Setting watchdog for 200 seconds at Sun Jun 21 14:44:57 UTC 2020
0
1
1
1
0
0
1
1
1
0
0
1
1
1
0
0
1
1
1
0
0
1
1
1
0
0
1
1
1
0
0
1
1
1
0
0
1
1
1
0
0
0
10 ms. Memory: 55296K Free: 33746K (61%)
ptolemy.util.test.WatchDog.cancel(): canceling Sun Jun 21 14:44:57 UTC 2020
------------------ testing $PTII/ptolemy/domains/de/test/auto/dynamicCausalityInterface1.xml
auto.tcl: Setting watchdog for 200 seconds at Sun Jun 21 14:44:57 UTC 2020
2 ms. Memory: 51200K Free: 27100K (53%)
ptolemy.util.test.WatchDog.cancel(): canceling Sun Jun 21 14:44:57 UTC 2020
auto.tcl: Setting watchdog for 200 seconds at Sun Jun 21 14:44:57 UTC 2020
0 ms. Memory: 51200K Free: 26587K (52%)
ptolemy.util.test.WatchDog.cancel(): canceling Sun Jun 21 14:44:57 UTC 2020
------------------ testing $PTII/ptolemy/domains/de/test/auto/fsm_de_test.xml
auto.tcl: Setting watchdog for 200 seconds at Sun Jun 21 14:44:57 UTC 2020
8 ms. Memory: 51200K Free: 26999K (53%)
ptolemy.util.test.WatchDog.cancel(): canceling Sun Jun 21 14:44:57 UTC 2020
auto.tcl: Setting watchdog for 200 seconds at Sun Jun 21 14:44:57 UTC 2020
6 ms. Memory: 51200K Free: 24951K (49%)
ptolemy.util.test.WatchDog.cancel(): canceling Sun Jun 21 14:44:57 UTC 2020
------------------ testing $PTII/ptolemy/domains/de/test/auto/functionDependencyReconstruction.xml
auto.tcl: Setting watchdog for 200 seconds at Sun Jun 21 14:44:57 UTC 2020
4 ms. Memory: 51200K Free: 20844K (41%)
ptolemy.util.test.WatchDog.cancel(): canceling Sun Jun 21 14:44:57 UTC 2020
auto.tcl: Setting watchdog for 200 seconds at Sun Jun 21 14:44:57 UTC 2020
2 ms. Memory: 51200K Free: 18796K (37%)
ptolemy.util.test.WatchDog.cancel(): canceling Sun Jun 21 14:44:57 UTC 2020
------------------ testing $PTII/ptolemy/domains/de/test/auto/multirate.xml
auto.tcl: Setting watchdog for 200 seconds at Sun Jun 21 14:44:57 UTC 2020
6 ms. Memory: 51200K Free: 29640K (58%)
ptolemy.util.test.WatchDog.cancel(): canceling Sun Jun 21 14:44:57 UTC 2020
auto.tcl: Setting watchdog for 200 seconds at Sun Jun 21 14:44:57 UTC 2020
3 ms. Memory: 51200K Free: 27921K (55%)
ptolemy.util.test.WatchDog.cancel(): canceling Sun Jun 21 14:44:57 UTC 2020
------------------ testing $PTII/ptolemy/domains/de/test/auto/multirate2.xml
auto.tcl: Setting watchdog for 200 seconds at Sun Jun 21 14:44:58 UTC 2020
4 ms. Memory: 51200K Free: 29804K (58%)
ptolemy.util.test.WatchDog.cancel(): canceling Sun Jun 21 14:44:58 UTC 2020
auto.tcl: Setting watchdog for 200 seconds at Sun Jun 21 14:44:58 UTC 2020
3 ms. Memory: 51200K Free: 28115K (55%)
ptolemy.util.test.WatchDog.cancel(): canceling Sun Jun 21 14:44:58 UTC 2020
------------------ testing $PTII/ptolemy/domains/de/test/auto/realtime.xml
auto.tcl: Setting watchdog for 200 seconds at Sun Jun 21 14:44:58 UTC 2020
10002 ms. Memory: 51200K Free: 31881K (62%)
ptolemy.util.test.WatchDog.cancel(): canceling Sun Jun 21 14:45:08 UTC 2020
auto.tcl: Setting watchdog for 200 seconds at Sun Jun 21 14:45:08 UTC 2020
10002 ms. Memory: 51200K Free: 31146K (61%)
ptolemy.util.test.WatchDog.cancel(): canceling Sun Jun 21 14:45:18 UTC 2020
------------------ testing $PTII/ptolemy/domains/de/test/auto/relationGroup.xml
auto.tcl: Setting watchdog for 200 seconds at Sun Jun 21 14:45:18 UTC 2020
1 ms. Memory: 51200K Free: 32909K (64%)
ptolemy.util.test.WatchDog.cancel(): canceling Sun Jun 21 14:45:18 UTC 2020
auto.tcl: Setting watchdog for 200 seconds at Sun Jun 21 14:45:18 UTC 2020
2 ms. Memory: 51200K Free: 32196K (63%)
ptolemy.util.test.WatchDog.cancel(): canceling Sun Jun 21 14:45:18 UTC 2020
------------------ testing $PTII/ptolemy/domains/de/test/auto/relationGroup2.xml
auto.tcl: Setting watchdog for 200 seconds at Sun Jun 21 14:45:18 UTC 2020
2 ms. Memory: 51200K Free: 32988K (64%)
ptolemy.util.test.WatchDog.cancel(): canceling Sun Jun 21 14:45:18 UTC 2020
auto.tcl: Setting watchdog for 200 seconds at Sun Jun 21 14:45:18 UTC 2020
2 ms. Memory: 51200K Free: 32497K (63%)
ptolemy.util.test.WatchDog.cancel(): canceling Sun Jun 21 14:45:18 UTC 2020
------------------ testing $PTII/ptolemy/domains/de/test/auto/sortWithOpaquePorts.xml
auto.tcl: Setting watchdog for 200 seconds at Sun Jun 21 14:45:18 UTC 2020
1 ms. Memory: 51200K Free: 31736K (62%)
ptolemy.util.test.WatchDog.cancel(): canceling Sun Jun 21 14:45:18 UTC 2020
auto.tcl: Setting watchdog for 200 seconds at Sun Jun 21 14:45:18 UTC 2020
2 ms. Memory: 51200K Free: 30706K (60%)
ptolemy.util.test.WatchDog.cancel(): canceling Sun Jun 21 14:45:18 UTC 2020
------------------ testing $PTII/ptolemy/domains/de/test/auto/transferInputsandOutputs.xml
auto.tcl: Setting watchdog for 200 seconds at Sun Jun 21 14:45:18 UTC 2020
4 ms. Memory: 51200K Free: 29168K (57%)
ptolemy.util.test.WatchDog.cancel(): canceling Sun Jun 21 14:45:18 UTC 2020
auto.tcl: Setting watchdog for 200 seconds at Sun Jun 21 14:45:18 UTC 2020
2 ms. Memory: 51200K Free: 28177K (55%)
ptolemy.util.test.WatchDog.cancel(): canceling Sun Jun 21 14:45:18 UTC 2020
------------------ testing $PTII/ptolemy/domains/de/test/auto/triggerType.xml
auto.tcl: Setting watchdog for 200 seconds at Sun Jun 21 14:45:18 UTC 2020
2 ms. Memory: 51200K Free: 32194K (63%)
ptolemy.util.test.WatchDog.cancel(): canceling Sun Jun 21 14:45:18 UTC 2020
auto.tcl: Setting watchdog for 200 seconds at Sun Jun 21 14:45:18 UTC 2020
2 ms. Memory: 51200K Free: 31170K (61%)
ptolemy.util.test.WatchDog.cancel(): canceling Sun Jun 21 14:45:18 UTC 2020
06/21/20 02:45:18
Failed: 0  Total Tests: 192  ((Passed: 187, Newly Passed: 1)  Known Failed: 5) /home/travis/build/icyphy/ptII/ptolemy/domains/de/test
06/21/20 02:45:18
Failed: 0  Total Tests: 192  ((Passed: 187, Newly Passed: 1)  Known Failed: 5) /home/travis/build/icyphy/ptII/ptolemy/domains/de/test
----------------- testing (KnownFailure) /home/travis/build/icyphy/ptII/ptolemy/domains/de/test/auto/knownFailedTests/DESDFClockTest.xml
2018 ms. Memory: 51200K Free: 25078K (49%)
Known Failure: java.lang.reflect.InvocationTargetException
----------------- testing (KnownFailure) /home/travis/build/icyphy/ptII/ptolemy/domains/de/test/auto/knownFailedTests/DirectFeedback.xml
2 ms. Memory: 51200K Free: 21492K (42%)
Known Failure: java.lang.reflect.InvocationTargetException
----------------- testing (KnownFailure) /home/travis/build/icyphy/ptII/ptolemy/domains/de/test/auto/knownFailedTests/FSMSource.xml
12 ms. Memory: 51200K Free: 13814K (27%)
----------------- testing (KnownFailure) /home/travis/build/icyphy/ptII/ptolemy/domains/de/test/auto/knownFailedTests/HierarchicalModel.xml
3 ms. Memory: 51200K Free: 27086K (53%)
Known Failure: java.lang.reflect.InvocationTargetException
----------------- testing (KnownFailure) /home/travis/build/icyphy/ptII/ptolemy/domains/de/test/auto/knownFailedTests/dependencyLoop.xml
3 ms. Memory: 51200K Free: 11439K (22%)
Known Failure: java.lang.reflect.InvocationTargetException
----------------- testing (KnownFailure) /home/travis/build/icyphy/ptII/ptolemy/domains/de/test/auto/knownFailedTests/dependencyLoop2.xml
8 ms. Memory: 51200K Free: 25320K (49%)
Known Failure: java.lang.reflect.InvocationTargetException
No auto/linux-amd64/*.xml tests in /home/travis/build/icyphy/ptII/ptolemy/domains/de/test
AutoTests.java: About to close Vertx.
AutoTests.java: Vertx closed.

===========================================================================================
----------------- testing Sun Jun 21 14:45:20 UTC 2020 /home/travis/build/icyphy/ptII/ptolemy/domains/de/test/auto/ActorDepthCalculation_actorWithoutPorts.xml
----------------- Instantiating /home/travis/build/icyphy/ptII/ptolemy/domains/de/test/auto/ActorDepthCalculation_actorWithoutPorts.xml
1 ms. Memory: 51200K Free: 18541K (36%)
----------------- Invoking toplevel() on ptolemy.moml.MoMLSimpleApplication@21dad9f3
----------------- Done invoking toplevel() on ptolemy.moml.MoMLSimpleApplication@21dad9f3
reloadAllAccessors: .ActorDepthCalculation_actorWithoutPorts

===========================================================================================
----------------- testing Sun Jun 21 14:45:20 UTC 2020 /home/travis/build/icyphy/ptII/ptolemy/domains/de/test/auto/AssemblyLine.xml
----------------- Instantiating /home/travis/build/icyphy/ptII/ptolemy/domains/de/test/auto/AssemblyLine.xml
3 ms. Memory: 51200K Free: 11273K (22%)
----------------- Invoking toplevel() on ptolemy.moml.MoMLSimpleApplication@5d4fee3a
----------------- Done invoking toplevel() on ptolemy.moml.MoMLSimpleApplication@5d4fee3a
reloadAllAccessors: .AssemblyLine

===========================================================================================
----------------- testing Sun Jun 21 14:45:20 UTC 2020 /home/travis/build/icyphy/ptII/ptolemy/domains/de/test/auto/CQBug1.xml
----------------- Instantiating /home/travis/build/icyphy/ptII/ptolemy/domains/de/test/auto/CQBug1.xml
1 ms. Memory: 51200K Free: 8341K (16%)
----------------- Invoking toplevel() on ptolemy.moml.MoMLSimpleApplication@52232db7
----------------- Done invoking toplevel() on ptolemy.moml.MoMLSimpleApplication@52232db7
reloadAllAccessors: .CQBug1

===========================================================================================
----------------- testing Sun Jun 21 14:45:20 UTC 2020 /home/travis/build/icyphy/ptII/ptolemy/domains/de/test/auto/CancelFireAt.xml
----------------- Instantiating /home/travis/build/icyphy/ptII/ptolemy/domains/de/test/auto/CancelFireAt.xml
1 ms. Memory: 51200K Free: 35027K (68%)
----------------- Invoking toplevel() on ptolemy.moml.MoMLSimpleApplication@9764f25
----------------- Done invoking toplevel() on ptolemy.moml.MoMLSimpleApplication@9764f25
reloadAllAccessors: .CancelFireAt

===========================================================================================
----------------- testing Sun Jun 21 14:45:20 UTC 2020 /home/travis/build/icyphy/ptII/ptolemy/domains/de/test/auto/CausalityAndComposabilityAnalysis.xml
----------------- Instantiating /home/travis/build/icyphy/ptII/ptolemy/domains/de/test/auto/CausalityAndComposabilityAnalysis.xml
2 ms. Memory: 51200K Free: 30642K (60%)
----------------- Invoking toplevel() on ptolemy.moml.MoMLSimpleApplication@4fd2103
----------------- Done invoking toplevel() on ptolemy.moml.MoMLSimpleApplication@4fd2103
reloadAllAccessors: .CausalityAndComposabilityAnalysis

===========================================================================================
----------------- testing Sun Jun 21 14:45:20 UTC 2020 /home/travis/build/icyphy/ptII/ptolemy/domains/de/test/auto/CausalityInterface1.xml
----------------- Instantiating /home/travis/build/icyphy/ptII/ptolemy/domains/de/test/auto/CausalityInterface1.xml
5 ms. Memory: 51200K Free: 25522K (50%)
----------------- Invoking toplevel() on ptolemy.moml.MoMLSimpleApplication@376bb05c
----------------- Done invoking toplevel() on ptolemy.moml.MoMLSimpleApplication@376bb05c
reloadAllAccessors: .CausalityInterface1

===========================================================================================
----------------- testing Sun Jun 21 14:45:20 UTC 2020 /home/travis/build/icyphy/ptII/ptolemy/domains/de/test/auto/CausalityInterface15.xml
----------------- Instantiating /home/travis/build/icyphy/ptII/ptolemy/domains/de/test/auto/CausalityInterface15.xml
2 ms. Memory: 51200K Free: 20069K (39%)
----------------- Invoking toplevel() on ptolemy.moml.MoMLSimpleApplication@4ddefa04
----------------- Done invoking toplevel() on ptolemy.moml.MoMLSimpleApplication@4ddefa04
reloadAllAccessors: .CausalityInterface15

===========================================================================================
----------------- testing Sun Jun 21 14:45:20 UTC 2020 /home/travis/build/icyphy/ptII/ptolemy/domains/de/test/auto/CausalityInterface2.xml
----------------- Instantiating /home/travis/build/icyphy/ptII/ptolemy/domains/de/test/auto/CausalityInterface2.xml
1 ms. Memory: 51200K Free: 15571K (30%)
[...]
	at ptolemy.actor.Manager.run(Manager.java:1263)
	at ptolemy.actor.Manager$PtolemyRunThread.run(Manager.java:1933)
java.lang.RuntimeException: Execution failed
	at ptolemy.moml.MoMLSimpleApplication$UnloadThread.run(MoMLSimpleApplication.java:402)
Caused by: ptolemy.kernel.util.IllegalActionException: Actor is not ready to fire.  Perhaps UpSample.prefire() returned false? Try debugging the actor by selecting "Listen to Actor".  Also, for SDF check moml for tokenConsumptionRate on input.
  in .DESDFClockTest.Play Bell.Copy1:SDF Director and .DESDFClockTest.Play Bell.UpSample
	at ptolemy.actor.sched.StaticSchedulingDirector.fire(StaticSchedulingDirector.java:227)
	at ptolemy.domains.sdf.kernel.SDFDirector.fire(SDFDirector.java:500)
	at ptolemy.actor.CompositeActor.fire(CompositeActor.java:455)
	at ptolemy.domains.de.kernel.DEDirector._fire(DEDirector.java:1949)
	at ptolemy.domains.de.kernel.DEDirector.fire(DEDirector.java:502)
	at ptolemy.actor.CompositeActor.fire(CompositeActor.java:455)
	at ptolemy.actor.Manager.iterate(Manager.java:851)
	at ptolemy.actor.Manager.execute(Manager.java:369)
	at ptolemy.actor.Manager.run(Manager.java:1263)
	at ptolemy.actor.Manager$PtolemyRunThread.run(Manager.java:1933)
java.lang.reflect.InvocationTargetException
	at java.base/jdk.internal.reflect.NativeConstructorAccessorImpl.newInstance0(Native Method)
	at java.base/jdk.internal.reflect.NativeConstructorAccessorImpl.newInstance(NativeConstructorAccessorImpl.java:62)
	at java.base/jdk.internal.reflect.DelegatingConstructorAccessorImpl.newInstance(DelegatingConstructorAccessorImpl.java:45)
	at java.base/java.lang.reflect.Constructor.newInstance(Constructor.java:490)
	at ptolemy.util.test.junit.AutoKnownFailedTests.RunModel(AutoKnownFailedTests.java:105)
	at java.base/jdk.internal.reflect.NativeMethodAccessorImpl.invoke0(Native Method)
	at java.base/jdk.internal.reflect.NativeMethodAccessorImpl.invoke(NativeMethodAccessorImpl.java:62)
	at java.base/jdk.internal.reflect.DelegatingMethodAccessorImpl.invoke(DelegatingMethodAccessorImpl.java:43)
	at java.base/java.lang.reflect.Method.invoke(Method.java:566)
	at org.junit.runners.model.FrameworkMethod$1.runReflectiveCall(FrameworkMethod.java:44)
	at org.junit.internal.runners.model.ReflectiveCallable.run(ReflectiveCallable.java:15)
	at org.junit.runners.model.FrameworkMethod.invokeExplosively(FrameworkMethod.java:41)
	at junitparams.internal.InvokeParameterisedMethod.evaluate(InvokeParameterisedMethod.java:102)
	at org.junit.internal.runners.statements.FailOnTimeout$1.run(FailOnTimeout.java:28)
Caused by: ptolemy.kernel.util.IllegalActionException: Actor is not ready to fire.  Perhaps UpSample.prefire() returned false? Try debugging the actor by selecting "Listen to Actor".  Also, for SDF check moml for tokenConsumptionRate on input.
  in .DESDFClockTest.Play Bell.Copy1:SDF Director and .DESDFClockTest.Play Bell.UpSample
	at ptolemy.actor.sched.StaticSchedulingDirector.fire(StaticSchedulingDirector.java:227)
	at ptolemy.domains.sdf.kernel.SDFDirector.fire(SDFDirector.java:500)
	at ptolemy.actor.CompositeActor.fire(CompositeActor.java:455)
	at ptolemy.domains.de.kernel.DEDirector._fire(DEDirector.java:1949)
	at ptolemy.domains.de.kernel.DEDirector.fire(DEDirector.java:502)
	at ptolemy.actor.CompositeActor.fire(CompositeActor.java:455)
	at ptolemy.actor.Manager.iterate(Manager.java:851)
	at ptolemy.actor.Manager.execute(Manager.java:369)
	at ptolemy.actor.Manager.run(Manager.java:1263)
	at ptolemy.actor.Manager$PtolemyRunThread.run(Manager.java:1933)
java.lang.RuntimeException: Execution failed
	at ptolemy.moml.MoMLSimpleApplication$UnloadThread.run(MoMLSimpleApplication.java:402)
Caused by: ptolemy.kernel.util.IllegalActionException: Test fails in iteration 1.
Value was: 1.0. Should have been: 2.0
  in .DirectFeedback.Test
	at ptolemy.actor.lib.Test.fire(Test.java:268)
	at ptolemy.domains.de.kernel.DEDirector._fire(DEDirector.java:1949)
	at ptolemy.domains.de.kernel.DEDirector.fire(DEDirector.java:502)
	at ptolemy.actor.CompositeActor.fire(CompositeActor.java:455)
	at ptolemy.actor.Manager.iterate(Manager.java:851)
	at ptolemy.actor.Manager.execute(Manager.java:369)
	at ptolemy.actor.Manager.run(Manager.java:1263)
	at ptolemy.actor.Manager$PtolemyRunThread.run(Manager.java:1933)
java.lang.reflect.InvocationTargetException
	at java.base/jdk.internal.reflect.NativeConstructorAccessorImpl.newInstance0(Native Method)
	at java.base/jdk.internal.reflect.NativeConstructorAccessorImpl.newInstance(NativeConstructorAccessorImpl.java:62)
	at java.base/jdk.internal.reflect.DelegatingConstructorAccessorImpl.newInstance(DelegatingConstructorAccessorImpl.java:45)
	at java.base/java.lang.reflect.Constructor.newInstance(Constructor.java:490)
	at ptolemy.util.test.junit.AutoKnownFailedTests.RunModel(AutoKnownFailedTests.java:105)
	at java.base/jdk.internal.reflect.NativeMethodAccessorImpl.invoke0(Native Method)
	at java.base/jdk.internal.reflect.NativeMethodAccessorImpl.invoke(NativeMethodAccessorImpl.java:62)
	at java.base/jdk.internal.reflect.DelegatingMethodAccessorImpl.invoke(DelegatingMethodAccessorImpl.java:43)
	at java.base/java.lang.reflect.Method.invoke(Method.java:566)
	at org.junit.runners.model.FrameworkMethod$1.runReflectiveCall(FrameworkMethod.java:44)
	at org.junit.internal.runners.model.ReflectiveCallable.run(ReflectiveCallable.java:15)
	at org.junit.runners.model.FrameworkMethod.invokeExplosively(FrameworkMethod.java:41)
	at junitparams.internal.InvokeParameterisedMethod.evaluate(InvokeParameterisedMethod.java:102)
	at org.junit.internal.runners.statements.FailOnTimeout$1.run(FailOnTimeout.java:28)
Caused by: ptolemy.kernel.util.IllegalActionException: Test fails in iteration 1.
Value was: 1.0. Should have been: 2.0
  in .DirectFeedback.Test
	at ptolemy.actor.lib.Test.fire(Test.java:268)
	at ptolemy.domains.de.kernel.DEDirector._fire(DEDirector.java:1949)
	at ptolemy.domains.de.kernel.DEDirector.fire(DEDirector.java:502)
	at ptolemy.actor.CompositeActor.fire(CompositeActor.java:455)
	at ptolemy.actor.Manager.iterate(Manager.java:851)
	at ptolemy.actor.Manager.execute(Manager.java:369)
	at ptolemy.actor.Manager.run(Manager.java:1263)
	at ptolemy.actor.Manager$PtolemyRunThread.run(Manager.java:1933)
java.lang.RuntimeException: Execution failed
	at ptolemy.moml.MoMLSimpleApplication$UnloadThread.run(MoMLSimpleApplication.java:402)
Caused by: ptolemy.kernel.util.IllegalActionException: Found a zero delay loop containing .HierarchicalModel.A
  in .HierarchicalModel and .HierarchicalModel.A
	at ptolemy.actor.util.CausalityInterfaceForComposites._computeOutputPortDepth(CausalityInterfaceForComposites.java:759)
	at ptolemy.actor.util.CausalityInterfaceForComposites._computeInputDepth(CausalityInterfaceForComposites.java:696)
	at ptolemy.actor.util.CausalityInterfaceForComposites._computeOutputPortDepth(CausalityInterfaceForComposites.java:765)
	at ptolemy.actor.util.CausalityInterfaceForComposites._computeInputDepth(CausalityInterfaceForComposites.java:696)
	at ptolemy.actor.util.CausalityInterfaceForComposites._computeOutputPortDepth(CausalityInterfaceForComposites.java:765)
	at ptolemy.actor.util.CausalityInterfaceForComposites._computeInputDepth(CausalityInterfaceForComposites.java:696)
	at ptolemy.actor.util.CausalityInterfaceForComposites._computeActorDepth(CausalityInterfaceForComposites.java:532)
	at ptolemy.actor.util.CausalityInterfaceForComposites.checkForCycles(CausalityInterfaceForComposites.java:96)
	at ptolemy.domains.de.kernel.DEDirector.preinitialize(DEDirector.java:1338)
	at ptolemy.actor.CompositeActor.preinitialize(CompositeActor.java:1828)
	at ptolemy.actor.Manager.preinitializeAndResolveTypes(Manager.java:1040)
	at ptolemy.actor.Manager.initialize(Manager.java:710)
	at ptolemy.actor.Manager.execute(Manager.java:356)
	at ptolemy.actor.Manager.run(Manager.java:1263)
	at ptolemy.actor.Manager$PtolemyRunThread.run(Manager.java:1933)
java.lang.reflect.InvocationTargetException
	at java.base/jdk.internal.reflect.NativeConstructorAccessorImpl.newInstance0(Native Method)
	at java.base/jdk.internal.reflect.NativeConstructorAccessorImpl.newInstance(NativeConstructorAccessorImpl.java:62)
	at java.base/jdk.internal.reflect.DelegatingConstructorAccessorImpl.newInstance(DelegatingConstructorAccessorImpl.java:45)
	at java.base/java.lang.reflect.Constructor.newInstance(Constructor.java:490)
	at ptolemy.util.test.junit.AutoKnownFailedTests.RunModel(AutoKnownFailedTests.java:105)
	at java.base/jdk.internal.reflect.NativeMethodAccessorImpl.invoke0(Native Method)
	at java.base/jdk.internal.reflect.NativeMethodAccessorImpl.invoke(NativeMethodAccessorImpl.java:62)
	at java.base/jdk.internal.reflect.DelegatingMethodAccessorImpl.invoke(DelegatingMethodAccessorImpl.java:43)
	at java.base/java.lang.reflect.Method.invoke(Method.java:566)
	at org.junit.runners.model.FrameworkMethod$1.runReflectiveCall(FrameworkMethod.java:44)
	at org.junit.internal.runners.model.ReflectiveCallable.run(ReflectiveCallable.java:15)
	at org.junit.runners.model.FrameworkMethod.invokeExplosively(FrameworkMethod.java:41)
	at junitparams.internal.InvokeParameterisedMethod.evaluate(InvokeParameterisedMethod.java:102)
	at org.junit.internal.runners.statements.FailOnTimeout$1.run(FailOnTimeout.java:28)
Caused by: ptolemy.kernel.util.IllegalActionException: Found a zero delay loop containing .HierarchicalModel.A
  in .HierarchicalModel and .HierarchicalModel.A
	at ptolemy.actor.util.CausalityInterfaceForComposites._computeOutputPortDepth(CausalityInterfaceForComposites.java:759)
	at ptolemy.actor.util.CausalityInterfaceForComposites._computeInputDepth(CausalityInterfaceForComposites.java:696)
	at ptolemy.actor.util.CausalityInterfaceForComposites._computeOutputPortDepth(CausalityInterfaceForComposites.java:765)
	at ptolemy.actor.util.CausalityInterfaceForComposites._computeInputDepth(CausalityInterfaceForComposites.java:696)
	at ptolemy.actor.util.CausalityInterfaceForComposites._computeOutputPortDepth(CausalityInterfaceForComposites.java:765)
	at ptolemy.actor.util.CausalityInterfaceForComposites._computeInputDepth(CausalityInterfaceForComposites.java:696)
	at ptolemy.actor.util.CausalityInterfaceForComposites._computeActorDepth(CausalityInterfaceForComposites.java:532)
	at ptolemy.actor.util.CausalityInterfaceForComposites.checkForCycles(CausalityInterfaceForComposites.java:96)
	at ptolemy.domains.de.kernel.DEDirector.preinitialize(DEDirector.java:1338)
	at ptolemy.actor.CompositeActor.preinitialize(CompositeActor.java:1828)
	at ptolemy.actor.Manager.preinitializeAndResolveTypes(Manager.java:1040)
	at ptolemy.actor.Manager.initialize(Manager.java:710)
	at ptolemy.actor.Manager.execute(Manager.java:356)
	at ptolemy.actor.Manager.run(Manager.java:1263)
	at ptolemy.actor.Manager$PtolemyRunThread.run(Manager.java:1933)
java.lang.RuntimeException: Execution failed
	at ptolemy.moml.MoMLSimpleApplication$UnloadThread.run(MoMLSimpleApplication.java:402)
Caused by: ptolemy.kernel.util.IllegalActionException: Found a zero delay loop containing .dependencyLoop.original
  in .dependencyLoop and .dependencyLoop.original
	at ptolemy.actor.util.CausalityInterfaceForComposites._computeOutputPortDepth(CausalityInterfaceForComposites.java:759)
	at ptolemy.actor.util.CausalityInterfaceForComposites._computeInputDepth(CausalityInterfaceForComposites.java:696)
	at ptolemy.actor.util.CausalityInterfaceForComposites._computeOutputPortDepth(CausalityInterfaceForComposites.java:765)
	at ptolemy.actor.util.CausalityInterfaceForComposites._computeInputDepth(CausalityInterfaceForComposites.java:696)
	at ptolemy.actor.util.CausalityInterfaceForComposites._computeOutputPortDepth(CausalityInterfaceForComposites.java:765)
	at ptolemy.actor.util.CausalityInterfaceForComposites._computeInputDepth(CausalityInterfaceForComposites.java:696)
	at ptolemy.actor.util.CausalityInterfaceForComposites._computeActorDepth(CausalityInterfaceForComposites.java:532)
	at ptolemy.actor.util.CausalityInterfaceForComposites.checkForCycles(CausalityInterfaceForComposites.java:96)
	at ptolemy.domains.de.kernel.DEDirector.preinitialize(DEDirector.java:1338)
	at ptolemy.actor.CompositeActor.preinitialize(CompositeActor.java:1828)
	at ptolemy.actor.Manager.preinitializeAndResolveTypes(Manager.java:1040)
	at ptolemy.actor.Manager.initialize(Manager.java:710)
	at ptolemy.actor.Manager.execute(Manager.java:356)
	at ptolemy.actor.Manager.run(Manager.java:1263)
	at ptolemy.actor.Manager$PtolemyRunThread.run(Manager.java:1933)
java.lang.reflect.InvocationTargetException
	at java.base/jdk.internal.reflect.NativeConstructorAccessorImpl.newInstance0(Native Method)
	at java.base/jdk.internal.reflect.NativeConstructorAccessorImpl.newInstance(NativeConstructorAccessorImpl.java:62)
	at java.base/jdk.internal.reflect.DelegatingConstructorAccessorImpl.newInstance(DelegatingConstructorAccessorImpl.java:45)
	at java.base/java.lang.reflect.Constructor.newInstance(Constructor.java:490)
	at ptolemy.util.test.junit.AutoKnownFailedTests.RunModel(AutoKnownFailedTests.java:105)
	at java.base/jdk.internal.reflect.NativeMethodAccessorImpl.invoke0(Native Method)
	at java.base/jdk.internal.reflect.NativeMethodAccessorImpl.invoke(NativeMethodAccessorImpl.java:62)
	at java.base/jdk.internal.reflect.DelegatingMethodAccessorImpl.invoke(DelegatingMethodAccessorImpl.java:43)
	at java.base/java.lang.reflect.Method.invoke(Method.java:566)
	at org.junit.runners.model.FrameworkMethod$1.runReflectiveCall(FrameworkMethod.java:44)
	at org.junit.internal.runners.model.ReflectiveCallable.run(ReflectiveCallable.java:15)
	at org.junit.runners.model.FrameworkMethod.invokeExplosively(FrameworkMethod.java:41)
	at junitparams.internal.InvokeParameterisedMethod.evaluate(InvokeParameterisedMethod.java:102)
	at org.junit.internal.runners.statements.FailOnTimeout$1.run(FailOnTimeout.java:28)
Caused by: ptolemy.kernel.util.IllegalActionException: Found a zero delay loop containing .dependencyLoop.original
  in .dependencyLoop and .dependencyLoop.original
	at ptolemy.actor.util.CausalityInterfaceForComposites._computeOutputPortDepth(CausalityInterfaceForComposites.java:759)
	at ptolemy.actor.util.CausalityInterfaceForComposites._computeInputDepth(CausalityInterfaceForComposites.java:696)
	at ptolemy.actor.util.CausalityInterfaceForComposites._computeOutputPortDepth(CausalityInterfaceForComposites.java:765)
	at ptolemy.actor.util.CausalityInterfaceForComposites._computeInputDepth(CausalityInterfaceForComposites.java:696)
	at ptolemy.actor.util.CausalityInterfaceForComposites._computeOutputPortDepth(CausalityInterfaceForComposites.java:765)
	at ptolemy.actor.util.CausalityInterfaceForComposites._computeInputDepth(CausalityInterfaceForComposites.java:696)
	at ptolemy.actor.util.CausalityInterfaceForComposites._computeActorDepth(CausalityInterfaceForComposites.java:532)
	at ptolemy.actor.util.CausalityInterfaceForComposites.checkForCycles(CausalityInterfaceForComposites.java:96)
	at ptolemy.domains.de.kernel.DEDirector.preinitialize(DEDirector.java:1338)
	at ptolemy.actor.CompositeActor.preinitialize(CompositeActor.java:1828)
	at ptolemy.actor.Manager.preinitializeAndResolveTypes(Manager.java:1040)
	at ptolemy.actor.Manager.initialize(Manager.java:710)
	at ptolemy.actor.Manager.execute(Manager.java:356)
	at ptolemy.actor.Manager.run(Manager.java:1263)
	at ptolemy.actor.Manager$PtolemyRunThread.run(Manager.java:1933)
java.lang.RuntimeException: Execution failed
	at ptolemy.moml.MoMLSimpleApplication$UnloadThread.run(MoMLSimpleApplication.java:402)
Caused by: ptolemy.kernel.util.IllegalActionException: Found a zero delay loop containing .dependencyLoop2.original
  in .dependencyLoop2 and .dependencyLoop2.original
	at ptolemy.actor.util.CausalityInterfaceForComposites._computeOutputPortDepth(CausalityInterfaceForComposites.java:759)
	at ptolemy.actor.util.CausalityInterfaceForComposites._computeInputDepth(CausalityInterfaceForComposites.java:696)
	at ptolemy.actor.util.CausalityInterfaceForComposites._computeOutputPortDepth(CausalityInterfaceForComposites.java:765)
	at ptolemy.actor.util.CausalityInterfaceForComposites._computeInputDepth(CausalityInterfaceForComposites.java:696)
	at ptolemy.actor.util.CausalityInterfaceForComposites._computeOutputPortDepth(CausalityInterfaceForComposites.java:765)
	at ptolemy.actor.util.CausalityInterfaceForComposites._computeInputDepth(CausalityInterfaceForComposites.java:696)
	at ptolemy.actor.util.CausalityInterfaceForComposites._computeActorDepth(CausalityInterfaceForComposites.java:532)
	at ptolemy.actor.util.CausalityInterfaceForComposites.checkForCycles(CausalityInterfaceForComposites.java:96)
	at ptolemy.domains.de.kernel.DEDirector.preinitialize(DEDirector.java:1338)
	at ptolemy.actor.CompositeActor.preinitialize(CompositeActor.java:1828)
	at ptolemy.actor.Manager.preinitializeAndResolveTypes(Manager.java:1040)
	at ptolemy.actor.Manager.initialize(Manager.java:710)
	at ptolemy.actor.Manager.execute(Manager.java:356)
	at ptolemy.actor.Manager.run(Manager.java:1263)
	at ptolemy.actor.Manager$PtolemyRunThread.run(Manager.java:1933)
java.lang.reflect.InvocationTargetException
	at java.base/jdk.internal.reflect.NativeConstructorAccessorImpl.newInstance0(Native Method)
	at java.base/jdk.internal.reflect.NativeConstructorAccessorImpl.newInstance(NativeConstructorAccessorImpl.java:62)
	at java.base/jdk.internal.reflect.DelegatingConstructorAccessorImpl.newInstance(DelegatingConstructorAccessorImpl.java:45)
	at java.base/java.lang.reflect.Constructor.newInstance(Constructor.java:490)
	at ptolemy.util.test.junit.AutoKnownFailedTests.RunModel(AutoKnownFailedTests.java:105)
	at java.base/jdk.internal.reflect.NativeMethodAccessorImpl.invoke0(Native Method)
	at java.base/jdk.internal.reflect.NativeMethodAccessorImpl.invoke(NativeMethodAccessorImpl.java:62)
	at java.base/jdk.internal.reflect.DelegatingMethodAccessorImpl.invoke(DelegatingMethodAccessorImpl.java:43)
	at java.base/java.lang.reflect.Method.invoke(Method.java:566)
	at org.junit.runners.model.FrameworkMethod$1.runReflectiveCall(FrameworkMethod.java:44)
	at org.junit.internal.runners.model.ReflectiveCallable.run(ReflectiveCallable.java:15)
	at org.junit.runners.model.FrameworkMethod.invokeExplosively(FrameworkMethod.java:41)
	at junitparams.internal.InvokeParameterisedMethod.evaluate(InvokeParameterisedMethod.java:102)
	at org.junit.internal.runners.statements.FailOnTimeout$1.run(FailOnTimeout.java:28)
Caused by: ptolemy.kernel.util.IllegalActionException: Found a zero delay loop containing .dependencyLoop2.original
  in .dependencyLoop2 and .dependencyLoop2.original
	at ptolemy.actor.util.CausalityInterfaceForComposites._computeOutputPortDepth(CausalityInterfaceForComposites.java:759)
	at ptolemy.actor.util.CausalityInterfaceForComposites._computeInputDepth(CausalityInterfaceForComposites.java:696)
	at ptolemy.actor.util.CausalityInterfaceForComposites._computeOutputPortDepth(CausalityInterfaceForComposites.java:765)
	at ptolemy.actor.util.CausalityInterfaceForComposites._computeInputDepth(CausalityInterfaceForComposites.java:696)
	at ptolemy.actor.util.CausalityInterfaceForComposites._computeOutputPortDepth(CausalityInterfaceForComposites.java:765)
	at ptolemy.actor.util.CausalityInterfaceForComposites._computeInputDepth(CausalityInterfaceForComposites.java:696)
	at ptolemy.actor.util.CausalityInterfaceForComposites._computeActorDepth(CausalityInterfaceForComposites.java:532)
	at ptolemy.actor.util.CausalityInterfaceForComposites.checkForCycles(CausalityInterfaceForComposites.java:96)
	at ptolemy.domains.de.kernel.DEDirector.preinitialize(DEDirector.java:1338)
	at ptolemy.actor.CompositeActor.preinitialize(CompositeActor.java:1828)
	at ptolemy.actor.Manager.preinitializeAndResolveTypes(Manager.java:1040)
	at ptolemy.actor.Manager.initialize(Manager.java:710)
	at ptolemy.actor.Manager.execute(Manager.java:356)
	at ptolemy.actor.Manager.run(Manager.java:1263)
	at ptolemy.actor.Manager$PtolemyRunThread.run(Manager.java:1933)
]]></system-err>
</testsuite>
