<?xml version="1.0" encoding="UTF-8" ?>
<testsuite errors="0" failures="0" hostname="travis-job-f2a447d4-c659-4837-b62f-d44ab2b30194" name="ptolemy.domains.continuous.test.junit.JUnitTclTest" skipped="0" tests="156" time="71.03" timestamp="2020-03-05T11:47:35">
  <properties>
[...]
</properties>
  <testcase classname="ptolemy.util.test.junit.TclTests" name="[0] ThereAreNoTclTests (RunTclFile)" time="0.007" />
  <testcase classname="ptolemy.util.test.junit.AutoKnownFailedTests" name="[0] ThereAreNoKnowFailedTests (RunModel)" time="0.004" />
  <testcase classname="ptolemy.util.test.junit.AutoNameArchTests" name="[0] ThereAreNoAutoArchTests (RunModel)" time="0.022" />
  <testcase classname="ptolemy.util.test.junit.AutoTests" name="[0] /home/travis/build/icyphy/ptII/ptolemy/domains/continuous/test/auto/BouncingBall.xml (RunModel)" time="2.882" />
  <testcase classname="ptolemy.util.test.junit.AutoTests" name="[1] /home/travis/build/icyphy/ptII/ptolemy/domains/continuous/test/auto/BouncingBallWithoutGR.xml (RunModel)" time="0.891" />
  <testcase classname="ptolemy.util.test.junit.AutoTests" name="[2] /home/travis/build/icyphy/ptII/ptolemy/domains/continuous/test/auto/Brownian.xml (RunModel)" time="0.138" />
  <testcase classname="ptolemy.util.test.junit.AutoTests" name="[3] /home/travis/build/icyphy/ptII/ptolemy/domains/continuous/test/auto/CarTracking.xml (RunModel)" time="3.896" />
  <testcase classname="ptolemy.util.test.junit.AutoTests" name="[4] /home/travis/build/icyphy/ptII/ptolemy/domains/continuous/test/auto/CartPendulum.xml (RunModel)" time="0.545" />
  <testcase classname="ptolemy.util.test.junit.AutoTests" name="[5] /home/travis/build/icyphy/ptII/ptolemy/domains/continuous/test/auto/CausalityInterface10.xml (RunModel)" time="0.044" />
  <testcase classname="ptolemy.util.test.junit.AutoTests" name="[6] /home/travis/build/icyphy/ptII/ptolemy/domains/continuous/test/auto/CausalityInterface11.xml (RunModel)" time="0.044" />
  <testcase classname="ptolemy.util.test.junit.AutoTests" name="[7] /home/travis/build/icyphy/ptII/ptolemy/domains/continuous/test/auto/CausalityInterface12.xml (RunModel)" time="0.043" />
  <testcase classname="ptolemy.util.test.junit.AutoTests" name="[8] /home/travis/build/icyphy/ptII/ptolemy/domains/continuous/test/auto/CausalityInterface13.xml (RunModel)" time="0.038" />
  <testcase classname="ptolemy.util.test.junit.AutoTests" name="[9] /home/travis/build/icyphy/ptII/ptolemy/domains/continuous/test/auto/CausalityInterface14.xml (RunModel)" time="0.029" />
  <testcase classname="ptolemy.util.test.junit.AutoTests" name="[10] /home/travis/build/icyphy/ptII/ptolemy/domains/continuous/test/auto/CausalityInterface4.xml (RunModel)" time="0.036" />
  <testcase classname="ptolemy.util.test.junit.AutoTests" name="[11] /home/travis/build/icyphy/ptII/ptolemy/domains/continuous/test/auto/CausalityInterface5.xml (RunModel)" time="0.046" />
  <testcase classname="ptolemy.util.test.junit.AutoTests" name="[12] /home/travis/build/icyphy/ptII/ptolemy/domains/continuous/test/auto/CausalityInterface6.xml (RunModel)" time="0.032" />
  <testcase classname="ptolemy.util.test.junit.AutoTests" name="[13] /home/travis/build/icyphy/ptII/ptolemy/domains/continuous/test/auto/CausalityInterface7.xml (RunModel)" time="0.045" />
  <testcase classname="ptolemy.util.test.junit.AutoTests" name="[14] /home/travis/build/icyphy/ptII/ptolemy/domains/continuous/test/auto/CausalityInterface8.xml (RunModel)" time="0.037" />
  <testcase classname="ptolemy.util.test.junit.AutoTests" name="[15] /home/travis/build/icyphy/ptII/ptolemy/domains/continuous/test/auto/CausalityInterface9.xml (RunModel)" time="0.05" />
  <testcase classname="ptolemy.util.test.junit.AutoTests" name="[16] /home/travis/build/icyphy/ptII/ptolemy/domains/continuous/test/auto/CausalityInterfaceFeedback1.xml (RunModel)" time="0.034" />
  <testcase classname="ptolemy.util.test.junit.AutoTests" name="[17] /home/travis/build/icyphy/ptII/ptolemy/domains/continuous/test/auto/CausalityInterfaceFeedback2.xml (RunModel)" time="0.031" />
  <testcase classname="ptolemy.util.test.junit.AutoTests" name="[18] /home/travis/build/icyphy/ptII/ptolemy/domains/continuous/test/auto/CompareWithCurrentTime.xml (RunModel)" time="0.022" />
  <testcase classname="ptolemy.util.test.junit.AutoTests" name="[19] /home/travis/build/icyphy/ptII/ptolemy/domains/continuous/test/auto/ComparedClocks.xml (RunModel)" time="0.073" />
  <testcase classname="ptolemy.util.test.junit.AutoTests" name="[20] /home/travis/build/icyphy/ptII/ptolemy/domains/continuous/test/auto/ContinuousAOCClone.xml (RunModel)" time="2.416" />
  <testcase classname="ptolemy.util.test.junit.AutoTests" name="[21] /home/travis/build/icyphy/ptII/ptolemy/domains/continuous/test/auto/ContinuousClock.xml (RunModel)" time="0.097" />
  <testcase classname="ptolemy.util.test.junit.AutoTests" name="[22] /home/travis/build/icyphy/ptII/ptolemy/domains/continuous/test/auto/ContinuousInContinuous.xml (RunModel)" time="0.08" />
  <testcase classname="ptolemy.util.test.junit.AutoTests" name="[23] /home/travis/build/icyphy/ptII/ptolemy/domains/continuous/test/auto/ContinuousInContinuousInContinuous.xml (RunModel)" time="0.022" />
  <testcase classname="ptolemy.util.test.junit.AutoTests" name="[24] /home/travis/build/icyphy/ptII/ptolemy/domains/continuous/test/auto/ContinuousInDE.xml (RunModel)" time="0.109" />
  <testcase classname="ptolemy.util.test.junit.AutoTests" name="[25] /home/travis/build/icyphy/ptII/ptolemy/domains/continuous/test/auto/ContinuousInDE2.xml (RunModel)" time="0.047" />
  <testcase classname="ptolemy.util.test.junit.AutoTests" name="[26] /home/travis/build/icyphy/ptII/ptolemy/domains/continuous/test/auto/ContinuousInDE3.xml (RunModel)" time="0.052" />
  <testcase classname="ptolemy.util.test.junit.AutoTests" name="[27] /home/travis/build/icyphy/ptII/ptolemy/domains/continuous/test/auto/ContinuousInDE4.xml (RunModel)" time="0.031" />
  <testcase classname="ptolemy.util.test.junit.AutoTests" name="[28] /home/travis/build/icyphy/ptII/ptolemy/domains/continuous/test/auto/ContinuousInDEDifferentRefinements.xml (RunModel)" time="0.089" />
  <testcase classname="ptolemy.util.test.junit.AutoTests" name="[29] /home/travis/build/icyphy/ptII/ptolemy/domains/continuous/test/auto/ContinuousInDEDifferentRefinementsPreemptive.xml (RunModel)" time="0.093" />
  <testcase classname="ptolemy.util.test.junit.AutoTests" name="[30] /home/travis/build/icyphy/ptII/ptolemy/domains/continuous/test/auto/ContinuousInDEInContinuous2.xml (RunModel)" time="0.058" />
  <testcase classname="ptolemy.util.test.junit.AutoTests" name="[31] /home/travis/build/icyphy/ptII/ptolemy/domains/continuous/test/auto/ContinuousInDEInContinuous3.xml (RunModel)" time="0.06" />
  <testcase classname="ptolemy.util.test.junit.AutoTests" name="[32] /home/travis/build/icyphy/ptII/ptolemy/domains/continuous/test/auto/ContinuousInDEInput.xml (RunModel)" time="0.041" />
  <testcase classname="ptolemy.util.test.junit.AutoTests" name="[33] /home/travis/build/icyphy/ptII/ptolemy/domains/continuous/test/auto/ContinuousInDEInput2.xml (RunModel)" time="0.033" />
  <testcase classname="ptolemy.util.test.junit.AutoTests" name="[34] /home/travis/build/icyphy/ptII/ptolemy/domains/continuous/test/auto/ContinuousInDEInput3.xml (RunModel)" time="0.029" />
  <testcase classname="ptolemy.util.test.junit.AutoTests" name="[35] /home/travis/build/icyphy/ptII/ptolemy/domains/continuous/test/auto/ContinuousInDESharingRefinement.xml (RunModel)" time="0.166" />
  <testcase classname="ptolemy.util.test.junit.AutoTests" name="[36] /home/travis/build/icyphy/ptII/ptolemy/domains/continuous/test/auto/ContinuousInDEwithNoPorts.xml (RunModel)" time="0.016" />
  <testcase classname="ptolemy.util.test.junit.AutoTests" name="[37] /home/travis/build/icyphy/ptII/ptolemy/domains/continuous/test/auto/ContinuousInsideDE.xml (RunModel)" time="0.08" />
  <testcase classname="ptolemy.util.test.junit.AutoTests" name="[38] /home/travis/build/icyphy/ptII/ptolemy/domains/continuous/test/auto/ContinuousMerge1.xml (RunModel)" time="0.013" />
  <testcase classname="ptolemy.util.test.junit.AutoTests" name="[39] /home/travis/build/icyphy/ptII/ptolemy/domains/continuous/test/auto/ContinuousMerge2.xml (RunModel)" time="0.051" />
  <testcase classname="ptolemy.util.test.junit.AutoTests" name="[40] /home/travis/build/icyphy/ptII/ptolemy/domains/continuous/test/auto/ContinuousMerge3.xml (RunModel)" time="0.075" />
  <testcase classname="ptolemy.util.test.junit.AutoTests" name="[41] /home/travis/build/icyphy/ptII/ptolemy/domains/continuous/test/auto/ContinuousWithinContinuous.xml (RunModel)" time="0.057" />
  <testcase classname="ptolemy.util.test.junit.AutoTests" name="[42] /home/travis/build/icyphy/ptII/ptolemy/domains/continuous/test/auto/ContinuousWithinContinuous2.xml (RunModel)" time="0.087" />
  <testcase classname="ptolemy.util.test.junit.AutoTests" name="[43] /home/travis/build/icyphy/ptII/ptolemy/domains/continuous/test/auto/ContinuousWithinContinuous3.xml (RunModel)" time="0.029" />
  <testcase classname="ptolemy.util.test.junit.AutoTests" name="[44] /home/travis/build/icyphy/ptII/ptolemy/domains/continuous/test/auto/ContinuousWithinContinuous4.xml (RunModel)" time="0.084" />
  <testcase classname="ptolemy.util.test.junit.AutoTests" name="[45] /home/travis/build/icyphy/ptII/ptolemy/domains/continuous/test/auto/ContinuousWithinContinuous5.xml (RunModel)" time="0.029" />
  <testcase classname="ptolemy.util.test.junit.AutoTests" name="[46] /home/travis/build/icyphy/ptII/ptolemy/domains/continuous/test/auto/ContinuousWithinContinuous6.xml (RunModel)" time="0.028" />
  <testcase classname="ptolemy.util.test.junit.AutoTests" name="[47] /home/travis/build/icyphy/ptII/ptolemy/domains/continuous/test/auto/ContinuousWithinContinuous7.xml (RunModel)" time="0.073" />
  <testcase classname="ptolemy.util.test.junit.AutoTests" name="[48] /home/travis/build/icyphy/ptII/ptolemy/domains/continuous/test/auto/DCMotor.xml (RunModel)" time="13.485" />
  <testcase classname="ptolemy.util.test.junit.AutoTests" name="[49] /home/travis/build/icyphy/ptII/ptolemy/domains/continuous/test/auto/DEInContinuous.xml (RunModel)" time="0.039" />
  <testcase classname="ptolemy.util.test.junit.AutoTests" name="[50] /home/travis/build/icyphy/ptII/ptolemy/domains/continuous/test/auto/DEinContinuous2.xml (RunModel)" time="0.027" />
  <testcase classname="ptolemy.util.test.junit.AutoTests" name="[51] /home/travis/build/icyphy/ptII/ptolemy/domains/continuous/test/auto/Derivative.xml (RunModel)" time="0.179" />
  <testcase classname="ptolemy.util.test.junit.AutoTests" name="[52] /home/travis/build/icyphy/ptII/ptolemy/domains/continuous/test/auto/Derivative1.xml (RunModel)" time="0.063" />
  <testcase classname="ptolemy.util.test.junit.AutoTests" name="[53] /home/travis/build/icyphy/ptII/ptolemy/domains/continuous/test/auto/DiscreteClock.xml (RunModel)" time="0.018" />
  <testcase classname="ptolemy.util.test.junit.AutoTests" name="[54] /home/travis/build/icyphy/ptII/ptolemy/domains/continuous/test/auto/EfficiencyCurve.xml (RunModel)" time="0.121" />
  <testcase classname="ptolemy.util.test.junit.AutoTests" name="[55] /home/travis/build/icyphy/ptII/ptolemy/domains/continuous/test/auto/ExponentialResponse.xml (RunModel)" time="0.102" />
  <testcase classname="ptolemy.util.test.junit.AutoTests" name="[56] /home/travis/build/icyphy/ptII/ptolemy/domains/continuous/test/auto/ExponentialResponseRK45.xml (RunModel)" time="0.032" />
  <testcase classname="ptolemy.util.test.junit.AutoTests" name="[57] /home/travis/build/icyphy/ptII/ptolemy/domains/continuous/test/auto/Friction.xml (RunModel)" time="1.638" />
  <testcase classname="ptolemy.util.test.junit.AutoTests" name="[58] /home/travis/build/icyphy/ptII/ptolemy/domains/continuous/test/auto/FurutaPendulum.xml (RunModel)" time="3.069" />
  <testcase classname="ptolemy.util.test.junit.AutoTests" name="[59] /home/travis/build/icyphy/ptII/ptolemy/domains/continuous/test/auto/HierarchicalExecution.xml (RunModel)" time="1.918" />
  <testcase classname="ptolemy.util.test.junit.AutoTests" name="[60] /home/travis/build/icyphy/ptII/ptolemy/domains/continuous/test/auto/HybridPlant.xml (RunModel)" time="0.573" />
  <testcase classname="ptolemy.util.test.junit.AutoTests" name="[61] /home/travis/build/icyphy/ptII/ptolemy/domains/continuous/test/auto/Hysteresis.xml (RunModel)" time="0.193" />
  <testcase classname="ptolemy.util.test.junit.AutoTests" name="[62] /home/travis/build/icyphy/ptII/ptolemy/domains/continuous/test/auto/HysteresisWithRandomDelay.xml (RunModel)" time="0.238" />
  <testcase classname="ptolemy.util.test.junit.AutoTests" name="[63] /home/travis/build/icyphy/ptII/ptolemy/domains/continuous/test/auto/HysteresisWithRandomLosses.xml (RunModel)" time="2.393" />
  <testcase classname="ptolemy.util.test.junit.AutoTests" name="[64] /home/travis/build/icyphy/ptII/ptolemy/domains/continuous/test/auto/ImmediateTransitions.xml (RunModel)" time="0.04" />
  <testcase classname="ptolemy.util.test.junit.AutoTests" name="[65] /home/travis/build/icyphy/ptII/ptolemy/domains/continuous/test/auto/ImpulseFeedback.xml (RunModel)" time="0.018" />
  <testcase classname="ptolemy.util.test.junit.AutoTests" name="[66] /home/travis/build/icyphy/ptII/ptolemy/domains/continuous/test/auto/ImpulseFeedback2.xml (RunModel)" time="0.018" />
  <testcase classname="ptolemy.util.test.junit.AutoTests" name="[67] /home/travis/build/icyphy/ptII/ptolemy/domains/continuous/test/auto/IncreasingRatePoisson.xml (RunModel)" time="0.739" />
  <testcase classname="ptolemy.util.test.junit.AutoTests" name="[68] /home/travis/build/icyphy/ptII/ptolemy/domains/continuous/test/auto/InitialStateFeedback.xml (RunModel)" time="0.025" />
  <testcase classname="ptolemy.util.test.junit.AutoTests" name="[69] /home/travis/build/icyphy/ptII/ptolemy/domains/continuous/test/auto/Integration.xml (RunModel)" time="0.008" />
  <testcase classname="ptolemy.util.test.junit.AutoTests" name="[70] /home/travis/build/icyphy/ptII/ptolemy/domains/continuous/test/auto/Integration2.xml (RunModel)" time="0.074" />
  <testcase classname="ptolemy.util.test.junit.AutoTests" name="[71] /home/travis/build/icyphy/ptII/ptolemy/domains/continuous/test/auto/Integration3.xml (RunModel)" time="0.024" />
  <testcase classname="ptolemy.util.test.junit.AutoTests" name="[72] /home/travis/build/icyphy/ptII/ptolemy/domains/continuous/test/auto/Integration5.xml (RunModel)" time="0.013" />
  <testcase classname="ptolemy.util.test.junit.AutoTests" name="[73] /home/travis/build/icyphy/ptII/ptolemy/domains/continuous/test/auto/IntegratorImpulse.xml (RunModel)" time="0.009" />
  <testcase classname="ptolemy.util.test.junit.AutoTests" name="[74] /home/travis/build/icyphy/ptII/ptolemy/domains/continuous/test/auto/IntegratorImpulse2.xml (RunModel)" time="0.017" />
  <testcase classname="ptolemy.util.test.junit.AutoTests" name="[75] /home/travis/build/icyphy/ptII/ptolemy/domains/continuous/test/auto/LevelCrossing1.xml (RunModel)" time="0.011" />
  <testcase classname="ptolemy.util.test.junit.AutoTests" name="[76] /home/travis/build/icyphy/ptII/ptolemy/domains/continuous/test/auto/LevelCrossing2.xml (RunModel)" time="0.012" />
  <testcase classname="ptolemy.util.test.junit.AutoTests" name="[77] /home/travis/build/icyphy/ptII/ptolemy/domains/continuous/test/auto/LevelCrossing3.xml (RunModel)" time="0.013" />
  <testcase classname="ptolemy.util.test.junit.AutoTests" name="[78] /home/travis/build/icyphy/ptII/ptolemy/domains/continuous/test/auto/LevelCrossing4.xml (RunModel)" time="0.012" />
  <testcase classname="ptolemy.util.test.junit.AutoTests" name="[79] /home/travis/build/icyphy/ptII/ptolemy/domains/continuous/test/auto/LevelCrossing5.xml (RunModel)" time="0.013" />
  <testcase classname="ptolemy.util.test.junit.AutoTests" name="[80] /home/travis/build/icyphy/ptII/ptolemy/domains/continuous/test/auto/LevelCrossing6.xml (RunModel)" time="0.012" />
  <testcase classname="ptolemy.util.test.junit.AutoTests" name="[81] /home/travis/build/icyphy/ptII/ptolemy/domains/continuous/test/auto/LevelCrossingDetector.xml (RunModel)" time="0.032" />
  <testcase classname="ptolemy.util.test.junit.AutoTests" name="[82] /home/travis/build/icyphy/ptII/ptolemy/domains/continuous/test/auto/LevelCrossingDetectorDetectingDirections.xml (RunModel)" time="0.082" />
  <testcase classname="ptolemy.util.test.junit.AutoTests" name="[83] /home/travis/build/icyphy/ptII/ptolemy/domains/continuous/test/auto/LevelCrossingDetectorDetectsGlitches.xml (RunModel)" time="0.065" />
  <testcase classname="ptolemy.util.test.junit.AutoTests" name="[84] /home/travis/build/icyphy/ptII/ptolemy/domains/continuous/test/auto/LevelCrossingNoInitialOuput.xml (RunModel)" time="0.013" />
  <testcase classname="ptolemy.util.test.junit.AutoTests" name="[85] /home/travis/build/icyphy/ptII/ptolemy/domains/continuous/test/auto/LinearStateSpaceExample.xml (RunModel)" time="0.084" />
  <testcase classname="ptolemy.util.test.junit.AutoTests" name="[86] /home/travis/build/icyphy/ptII/ptolemy/domains/continuous/test/auto/Lorenz.xml (RunModel)" time="3.302" />
  <testcase classname="ptolemy.util.test.junit.AutoTests" name="[87] /home/travis/build/icyphy/ptII/ptolemy/domains/continuous/test/auto/LorenzDifferentialSystem.xml (RunModel)" time="0.823" />
  <testcase classname="ptolemy.util.test.junit.AutoTests" name="[88] /home/travis/build/icyphy/ptII/ptolemy/domains/continuous/test/auto/LorenzDifferentialSystemWithInput.xml (RunModel)" time="1.278" />
  <testcase classname="ptolemy.util.test.junit.AutoTests" name="[89] /home/travis/build/icyphy/ptII/ptolemy/domains/continuous/test/auto/LorenzDifferentialSystemWithTime.xml (RunModel)" time="0.66" />
  <testcase classname="ptolemy.util.test.junit.AutoTests" name="[90] /home/travis/build/icyphy/ptII/ptolemy/domains/continuous/test/auto/Microsteps.xml (RunModel)" time="0.024" />
  <testcase classname="ptolemy.util.test.junit.AutoTests" name="[91] /home/travis/build/icyphy/ptII/ptolemy/domains/continuous/test/auto/Modal1.xml (RunModel)" time="0.036" />
  <testcase classname="ptolemy.util.test.junit.AutoTests" name="[92] /home/travis/build/icyphy/ptII/ptolemy/domains/continuous/test/auto/Modal2.xml (RunModel)" time="0.056" />
  <testcase classname="ptolemy.util.test.junit.AutoTests" name="[93] /home/travis/build/icyphy/ptII/ptolemy/domains/continuous/test/auto/ModalTransitionGuardWithReset.xml (RunModel)" time="0.025" />
  <testcase classname="ptolemy.util.test.junit.AutoTests" name="[94] /home/travis/build/icyphy/ptII/ptolemy/domains/continuous/test/auto/ModalTransitionGuardWithResetUsingPreemptiveTransition.xml (RunModel)" time="0.031" />
  <testcase classname="ptolemy.util.test.junit.AutoTests" name="[95] /home/travis/build/icyphy/ptII/ptolemy/domains/continuous/test/auto/ModalTransitionGuardWithResetUsingPreemptiveTransition2.xml (RunModel)" time="0.026" />
  <testcase classname="ptolemy.util.test.junit.AutoTests" name="[96] /home/travis/build/icyphy/ptII/ptolemy/domains/continuous/test/auto/ModalTransitionGuardWithResetUsingPreemptiveTransition3.xml (RunModel)" time="0.031" />
  <testcase classname="ptolemy.util.test.junit.AutoTests" name="[97] /home/travis/build/icyphy/ptII/ptolemy/domains/continuous/test/auto/NewtonsCradle.xml (RunModel)" time="0.784" />
  <testcase classname="ptolemy.util.test.junit.AutoTests" name="[98] /home/travis/build/icyphy/ptII/ptolemy/domains/continuous/test/auto/NewtonsCradleAnimated.xml (RunModel)" time="1.278" />
  <testcase classname="ptolemy.util.test.junit.AutoTests" name="[99] /home/travis/build/icyphy/ptII/ptolemy/domains/continuous/test/auto/NewtonsCradleComplicated.xml (RunModel)" time="1.081" />
  <testcase classname="ptolemy.util.test.junit.AutoTests" name="[100] /home/travis/build/icyphy/ptII/ptolemy/domains/continuous/test/auto/NewtonsCradleNondeterministic.xml (RunModel)" time="0.642" />
  <testcase classname="ptolemy.util.test.junit.AutoTests" name="[101] /home/travis/build/icyphy/ptII/ptolemy/domains/continuous/test/auto/NewtonsCradlePerfectlyInelastic1.xml (RunModel)" time="1.2" />
  <testcase classname="ptolemy.util.test.junit.AutoTests" name="[102] /home/travis/build/icyphy/ptII/ptolemy/domains/continuous/test/auto/Noise.xml (RunModel)" time="0.184" />
  <testcase classname="ptolemy.util.test.junit.AutoTests" name="[103] /home/travis/build/icyphy/ptII/ptolemy/domains/continuous/test/auto/NoiseSpectrum.xml (RunModel)" time="0.715" />
  <testcase classname="ptolemy.util.test.junit.AutoTests" name="[104] /home/travis/build/icyphy/ptII/ptolemy/domains/continuous/test/auto/ParameterizedNewtonsCradleAnimated.xml (RunModel)" time="0.36" />
  <testcase classname="ptolemy.util.test.junit.AutoTests" name="[105] /home/travis/build/icyphy/ptII/ptolemy/domains/continuous/test/auto/ParameterizedNewtonsCradleAnimatedNondeterministic.xml (RunModel)" time="1.085" />
  <testcase classname="ptolemy.util.test.junit.AutoTests" name="[106] /home/travis/build/icyphy/ptII/ptolemy/domains/continuous/test/auto/Pendulum3D.xml (RunModel)" time="0.17" />
  <testcase classname="ptolemy.util.test.junit.AutoTests" name="[107] /home/travis/build/icyphy/ptII/ptolemy/domains/continuous/test/auto/PeriodicSampler.xml (RunModel)" time="0.012" />
  <testcase classname="ptolemy.util.test.junit.AutoTests" name="[108] /home/travis/build/icyphy/ptII/ptolemy/domains/continuous/test/auto/PeriodicSampler1.xml (RunModel)" time="0.043" />
  <testcase classname="ptolemy.util.test.junit.AutoTests" name="[109] /home/travis/build/icyphy/ptII/ptolemy/domains/continuous/test/auto/PeriodicSampler2.xml (RunModel)" time="0.077" />
  <testcase classname="ptolemy.util.test.junit.AutoTests" name="[110] /home/travis/build/icyphy/ptII/ptolemy/domains/continuous/test/auto/Poisson.xml (RunModel)" time="0.451" />
  <testcase classname="ptolemy.util.test.junit.AutoTests" name="[111] /home/travis/build/icyphy/ptII/ptolemy/domains/continuous/test/auto/PoissonClock.xml (RunModel)" time="0.018" />
  <testcase classname="ptolemy.util.test.junit.AutoTests" name="[112] /home/travis/build/icyphy/ptII/ptolemy/domains/continuous/test/auto/PoissonClock2.xml (RunModel)" time="0.012" />
  <testcase classname="ptolemy.util.test.junit.AutoTests" name="[113] /home/travis/build/icyphy/ptII/ptolemy/domains/continuous/test/auto/PortParameterHierarchy.xml (RunModel)" time="0.025" />
  <testcase classname="ptolemy.util.test.junit.AutoTests" name="[114] /home/travis/build/icyphy/ptII/ptolemy/domains/continuous/test/auto/RandomHybridPlant.xml (RunModel)" time="0.533" />
  <testcase classname="ptolemy.util.test.junit.AutoTests" name="[115] /home/travis/build/icyphy/ptII/ptolemy/domains/continuous/test/auto/ResetTransitionWithStartTime1.xml (RunModel)" time="0.033" />
  <testcase classname="ptolemy.util.test.junit.AutoTests" name="[116] /home/travis/build/icyphy/ptII/ptolemy/domains/continuous/test/auto/ResetTransitionWithStartTime2.xml (RunModel)" time="0.034" />
  <testcase classname="ptolemy.util.test.junit.AutoTests" name="[117] /home/travis/build/icyphy/ptII/ptolemy/domains/continuous/test/auto/ResetTransitionWithStartTime3.xml (RunModel)" time="0.036" />
  <testcase classname="ptolemy.util.test.junit.AutoTests" name="[118] /home/travis/build/icyphy/ptII/ptolemy/domains/continuous/test/auto/ResetTransitionWithStartTime4.xml (RunModel)" time="0.026" />
  <testcase classname="ptolemy.util.test.junit.AutoTests" name="[119] /home/travis/build/icyphy/ptII/ptolemy/domains/continuous/test/auto/ResetTransitionWithStartTime5.xml (RunModel)" time="0.033" />
  <testcase classname="ptolemy.util.test.junit.AutoTests" name="[120] /home/travis/build/icyphy/ptII/ptolemy/domains/continuous/test/auto/ResetTransitionWithStartTime6.xml (RunModel)" time="0.022" />
  <testcase classname="ptolemy.util.test.junit.AutoTests" name="[121] /home/travis/build/icyphy/ptII/ptolemy/domains/continuous/test/auto/SRinContinuous.xml (RunModel)" time="0.028" />
  <testcase classname="ptolemy.util.test.junit.AutoTests" name="[122] /home/travis/build/icyphy/ptII/ptolemy/domains/continuous/test/auto/SampledClocks.xml (RunModel)" time="0.033" />
  <testcase classname="ptolemy.util.test.junit.AutoTests" name="[123] /home/travis/build/icyphy/ptII/ptolemy/domains/continuous/test/auto/Satellite.xml (RunModel)" time="0.721" />
  <testcase classname="ptolemy.util.test.junit.AutoTests" name="[124] /home/travis/build/icyphy/ptII/ptolemy/domains/continuous/test/auto/SigmaDelta.xml (RunModel)" time="2.128" />
  <testcase classname="ptolemy.util.test.junit.AutoTests" name="[125] /home/travis/build/icyphy/ptII/ptolemy/domains/continuous/test/auto/SingleRefinement.xml (RunModel)" time="0.415" />
  <testcase classname="ptolemy.util.test.junit.AutoTests" name="[126] /home/travis/build/icyphy/ptII/ptolemy/domains/continuous/test/auto/SinuBouncingBall.xml (RunModel)" time="0.844" />
  <testcase classname="ptolemy.util.test.junit.AutoTests" name="[127] /home/travis/build/icyphy/ptII/ptolemy/domains/continuous/test/auto/Sinusoid.xml (RunModel)" time="0.018" />
  <testcase classname="ptolemy.util.test.junit.AutoTests" name="[128] /home/travis/build/icyphy/ptII/ptolemy/domains/continuous/test/auto/SinusoidInNoise.xml (RunModel)" time="0.874" />
  <testcase classname="ptolemy.util.test.junit.AutoTests" name="[129] /home/travis/build/icyphy/ptII/ptolemy/domains/continuous/test/auto/SinusoidRK45.xml (RunModel)" time="0.009" />
  <testcase classname="ptolemy.util.test.junit.AutoTests" name="[130] /home/travis/build/icyphy/ptII/ptolemy/domains/continuous/test/auto/SinusoidWithMultipleImpulses.xml (RunModel)" time="0.014" />
  <testcase classname="ptolemy.util.test.junit.AutoTests" name="[131] /home/travis/build/icyphy/ptII/ptolemy/domains/continuous/test/auto/SquareWave.xml (RunModel)" time="0.174" />
  <testcase classname="ptolemy.util.test.junit.AutoTests" name="[132] /home/travis/build/icyphy/ptII/ptolemy/domains/continuous/test/auto/Starmac.xml (RunModel)" time="3.356" />
  <testcase classname="ptolemy.util.test.junit.AutoTests" name="[133] /home/travis/build/icyphy/ptII/ptolemy/domains/continuous/test/auto/StaticUnits.xml (RunModel)" time="2.48" />
  <testcase classname="ptolemy.util.test.junit.AutoTests" name="[134] /home/travis/build/icyphy/ptII/ptolemy/domains/continuous/test/auto/StickyMasses.xml (RunModel)" time="0.174" />
  <testcase classname="ptolemy.util.test.junit.AutoTests" name="[135] /home/travis/build/icyphy/ptII/ptolemy/domains/continuous/test/auto/StopTime.xml (RunModel)" time="0.067" />
  <testcase classname="ptolemy.util.test.junit.AutoTests" name="[136] /home/travis/build/icyphy/ptII/ptolemy/domains/continuous/test/auto/StopTime2.xml (RunModel)" time="0.053" />
  <testcase classname="ptolemy.util.test.junit.AutoTests" name="[137] /home/travis/build/icyphy/ptII/ptolemy/domains/continuous/test/auto/Switch.xml (RunModel)" time="0.063" />
  <testcase classname="ptolemy.util.test.junit.AutoTests" name="[138] /home/travis/build/icyphy/ptII/ptolemy/domains/continuous/test/auto/Thermostat.xml (RunModel)" time="0.21" />
  <testcase classname="ptolemy.util.test.junit.AutoTests" name="[139] /home/travis/build/icyphy/ptII/ptolemy/domains/continuous/test/auto/TimeDelay.xml (RunModel)" time="0.013" />
  <testcase classname="ptolemy.util.test.junit.AutoTests" name="[140] /home/travis/build/icyphy/ptII/ptolemy/domains/continuous/test/auto/TimeDelay2.xml (RunModel)" time="0.023" />
  <testcase classname="ptolemy.util.test.junit.AutoTests" name="[141] /home/travis/build/icyphy/ptII/ptolemy/domains/continuous/test/auto/TimeDelay3.xml (RunModel)" time="0.013" />
  <testcase classname="ptolemy.util.test.junit.AutoTests" name="[142] /home/travis/build/icyphy/ptII/ptolemy/domains/continuous/test/auto/TransferAbsentToInside.xml (RunModel)" time="0.123" />
  <testcase classname="ptolemy.util.test.junit.AutoTests" name="[143] /home/travis/build/icyphy/ptII/ptolemy/domains/continuous/test/auto/Transmission.xml (RunModel)" time="0.844" />
  <testcase classname="ptolemy.util.test.junit.AutoTests" name="[144] /home/travis/build/icyphy/ptII/ptolemy/domains/continuous/test/auto/TriggeredContinuousClock.xml (RunModel)" time="0.067" />
  <testcase classname="ptolemy.util.test.junit.AutoTests" name="[145] /home/travis/build/icyphy/ptII/ptolemy/domains/continuous/test/auto/TwoMachineInfiniteBusControl.xml (RunModel)" time="2.679" />
  <testcase classname="ptolemy.util.test.junit.AutoTests" name="[146] /home/travis/build/icyphy/ptII/ptolemy/domains/continuous/test/auto/V2V.xml (RunModel)" time="0.851" />
  <testcase classname="ptolemy.util.test.junit.AutoTests" name="[147] /home/travis/build/icyphy/ptII/ptolemy/domains/continuous/test/auto/hierarchicalModalModel.xml (RunModel)" time="0.031" />
  <testcase classname="ptolemy.util.test.junit.AutoTests" name="[148] /home/travis/build/icyphy/ptII/ptolemy/domains/continuous/test/auto/hierarchicalModalModel1.xml (RunModel)" time="0.035" />
  <testcase classname="ptolemy.util.test.junit.AutoTests" name="[149] /home/travis/build/icyphy/ptII/ptolemy/domains/continuous/test/auto/hierarchicalModalModel2.xml (RunModel)" time="0.029" />
  <testcase classname="ptolemy.util.test.junit.AutoTests" name="[150] /home/travis/build/icyphy/ptII/ptolemy/domains/continuous/test/auto/hierarchicalModalModel3.xml (RunModel)" time="0.023" />
  <testcase classname="ptolemy.util.test.junit.AutoTests" name="[151] /home/travis/build/icyphy/ptII/ptolemy/domains/continuous/test/auto/hierarchicalModalModel4.xml (RunModel)" time="0.031" />
  <testcase classname="ptolemy.util.test.junit.AutoTests" name="[152] /home/travis/build/icyphy/ptII/ptolemy/domains/continuous/test/auto/junk.xml (RunModel)" time="0.128" />
  <system-out><![CDATA[No tcl tests in /home/travis/build/icyphy/ptII/ptolemy/domains/continuous/test
No auto/knownFailedTests/*.xml tests in /home/travis/build/icyphy/ptII/ptolemy/domains/continuous/test
No auto/linux-amd64/*.xml tests in /home/travis/build/icyphy/ptII/ptolemy/domains/continuous/test
AutoTests.java: About to close Vertx.
AutoTests.java: Vertx closed.

===========================================================================================
----------------- testing Thu Mar 05 11:47:35 UTC 2020 /home/travis/build/icyphy/ptII/ptolemy/domains/continuous/test/auto/BouncingBall.xml
----------------- Instantiating /home/travis/build/icyphy/ptII/ptolemy/domains/continuous/test/auto/BouncingBall.xml
2203 ms. Memory: 155648K Free: 103708K (67%)
----------------- Invoking toplevel() on ptolemy.moml.MoMLSimpleApplication@60c88c91
----------------- Done invoking toplevel() on ptolemy.moml.MoMLSimpleApplication@60c88c91
reloadAllAccessors: .BouncingBall

===========================================================================================
----------------- testing Thu Mar 05 11:47:38 UTC 2020 /home/travis/build/icyphy/ptII/ptolemy/domains/continuous/test/auto/BouncingBallWithoutGR.xml
----------------- Instantiating /home/travis/build/icyphy/ptII/ptolemy/domains/continuous/test/auto/BouncingBallWithoutGR.xml
794 ms. Memory: 187392K Free: 156058K (83%)
----------------- Invoking toplevel() on ptolemy.moml.MoMLSimpleApplication@12cd1870
----------------- Done invoking toplevel() on ptolemy.moml.MoMLSimpleApplication@12cd1870
reloadAllAccessors: .BouncingBallWithoutGR

===========================================================================================
----------------- testing Thu Mar 05 11:47:39 UTC 2020 /home/travis/build/icyphy/ptII/ptolemy/domains/continuous/test/auto/Brownian.xml
----------------- Instantiating /home/travis/build/icyphy/ptII/ptolemy/domains/continuous/test/auto/Brownian.xml
34 ms. Memory: 187392K Free: 147356K (79%)
----------------- Invoking toplevel() on ptolemy.moml.MoMLSimpleApplication@4359a2f4
----------------- Done invoking toplevel() on ptolemy.moml.MoMLSimpleApplication@4359a2f4
reloadAllAccessors: .Brownian

===========================================================================================
----------------- testing Thu Mar 05 11:47:39 UTC 2020 /home/travis/build/icyphy/ptII/ptolemy/domains/continuous/test/auto/CarTracking.xml
----------------- Instantiating /home/travis/build/icyphy/ptII/ptolemy/domains/continuous/test/auto/CarTracking.xml
3388 ms. Memory: 225280K Free: 186702K (83%)
----------------- Invoking toplevel() on ptolemy.moml.MoMLSimpleApplication@4a37bf1d
----------------- Done invoking toplevel() on ptolemy.moml.MoMLSimpleApplication@4a37bf1d
reloadAllAccessors: .CarTracking

===========================================================================================
----------------- testing Thu Mar 05 11:47:43 UTC 2020 /home/travis/build/icyphy/ptII/ptolemy/domains/continuous/test/auto/CartPendulum.xml
----------------- Instantiating /home/travis/build/icyphy/ptII/ptolemy/domains/continuous/test/auto/CartPendulum.xml
384 ms. Memory: 225280K Free: 93518K (42%)
----------------- Invoking toplevel() on ptolemy.moml.MoMLSimpleApplication@1e2fcebe
----------------- Done invoking toplevel() on ptolemy.moml.MoMLSimpleApplication@1e2fcebe
reloadAllAccessors: .CartPendulum

===========================================================================================
----------------- testing Thu Mar 05 11:47:43 UTC 2020 /home/travis/build/icyphy/ptII/ptolemy/domains/continuous/test/auto/CausalityInterface10.xml
----------------- Instantiating /home/travis/build/icyphy/ptII/ptolemy/domains/continuous/test/auto/CausalityInterface10.xml
9 ms. Memory: 225280K Free: 83292K (37%)
----------------- Invoking toplevel() on ptolemy.moml.MoMLSimpleApplication@32238f7f
----------------- Done invoking toplevel() on ptolemy.moml.MoMLSimpleApplication@32238f7f
reloadAllAccessors: .CausalityInterface10

===========================================================================================
----------------- testing Thu Mar 05 11:47:43 UTC 2020 /home/travis/build/icyphy/ptII/ptolemy/domains/continuous/test/auto/CausalityInterface11.xml
----------------- Instantiating /home/travis/build/icyphy/ptII/ptolemy/domains/continuous/test/auto/CausalityInterface11.xml
10 ms. Memory: 270336K Free: 255140K (94%)
----------------- Invoking toplevel() on ptolemy.moml.MoMLSimpleApplication@2970e19a
----------------- Done invoking toplevel() on ptolemy.moml.MoMLSimpleApplication@2970e19a
reloadAllAccessors: .CausalityInterface11

===========================================================================================
----------------- testing Thu Mar 05 11:47:44 UTC 2020 /home/travis/build/icyphy/ptII/ptolemy/domains/continuous/test/auto/CausalityInterface12.xml
----------------- Instantiating /home/travis/build/icyphy/ptII/ptolemy/domains/continuous/test/auto/CausalityInterface12.xml
9 ms. Memory: 270336K Free: 248322K (92%)
----------------- Invoking toplevel() on ptolemy.moml.MoMLSimpleApplication@686a6dd1
----------------- Done invoking toplevel() on ptolemy.moml.MoMLSimpleApplication@686a6dd1
reloadAllAccessors: .CausalityInterface12

===========================================================================================
----------------- testing Thu Mar 05 11:47:44 UTC 2020 /home/travis/build/icyphy/ptII/ptolemy/domains/continuous/test/auto/CausalityInterface13.xml
----------------- Instantiating /home/travis/build/icyphy/ptII/ptolemy/domains/continuous/test/auto/CausalityInterface13.xml
10 ms. Memory: 270336K Free: 242178K (90%)
----------------- Invoking toplevel() on ptolemy.moml.MoMLSimpleApplication@127079ab
----------------- Done invoking toplevel() on ptolemy.moml.MoMLSimpleApplication@127079ab
reloadAllAccessors: .CausalityInterface13

===========================================================================================
----------------- testing Thu Mar 05 11:47:44 UTC 2020 /home/travis/build/icyphy/ptII/ptolemy/domains/continuous/test/auto/CausalityInterface14.xml
----------------- Instantiating /home/travis/build/icyphy/ptII/ptolemy/domains/continuous/test/auto/CausalityInterface14.xml
5 ms. Memory: 270336K Free: 237058K (88%)
----------------- Invoking toplevel() on ptolemy.moml.MoMLSimpleApplication@323dc5e6
----------------- Done invoking toplevel() on ptolemy.moml.MoMLSimpleApplication@323dc5e6
reloadAllAccessors: .CausalityInterface14

===========================================================================================
----------------- testing Thu Mar 05 11:47:44 UTC 2020 /home/travis/build/icyphy/ptII/ptolemy/domains/continuous/test/auto/CausalityInterface4.xml
----------------- Instantiating /home/travis/build/icyphy/ptII/ptolemy/domains/continuous/test/auto/CausalityInterface4.xml
8 ms. Memory: 270336K Free: 229890K (85%)
----------------- Invoking toplevel() on ptolemy.moml.MoMLSimpleApplication@3e9b14c4
----------------- Done invoking toplevel() on ptolemy.moml.MoMLSimpleApplication@3e9b14c4
reloadAllAccessors: .CausalityInterface4

===========================================================================================
----------------- testing Thu Mar 05 11:47:44 UTC 2020 /home/travis/build/icyphy/ptII/ptolemy/domains/continuous/test/auto/CausalityInterface5.xml
----------------- Instantiating /home/travis/build/icyphy/ptII/ptolemy/domains/continuous/test/auto/CausalityInterface5.xml
9 ms. Memory: 270336K Free: 221698K (82%)
----------------- Invoking toplevel() on ptolemy.moml.MoMLSimpleApplication@7f08e970
----------------- Done invoking toplevel() on ptolemy.moml.MoMLSimpleApplication@7f08e970
reloadAllAccessors: .CausalityInterface5

===========================================================================================
----------------- testing Thu Mar 05 11:47:44 UTC 2020 /home/travis/build/icyphy/ptII/ptolemy/domains/continuous/test/auto/CausalityInterface6.xml
----------------- Instantiating /home/travis/build/icyphy/ptII/ptolemy/domains/continuous/test/auto/CausalityInterface6.xml
6 ms. Memory: 270336K Free: 216033K (80%)
----------------- Invoking toplevel() on ptolemy.moml.MoMLSimpleApplication@7be07b96
----------------- Done invoking toplevel() on ptolemy.moml.MoMLSimpleApplication@7be07b96
reloadAllAccessors: .CausalityInterface6

===========================================================================================
----------------- testing Thu Mar 05 11:47:44 UTC 2020 /home/travis/build/icyphy/ptII/ptolemy/domains/continuous/test/auto/CausalityInterface7.xml
----------------- Instantiating /home/travis/build/icyphy/ptII/ptolemy/domains/continuous/test/auto/CausalityInterface7.xml
11 ms. Memory: 270336K Free: 207362K (77%)
----------------- Invoking toplevel() on ptolemy.moml.MoMLSimpleApplication@aaf3196
----------------- Done invoking toplevel() on ptolemy.moml.MoMLSimpleApplication@aaf3196
reloadAllAccessors: .CausalityInterface7

===========================================================================================
----------------- testing Thu Mar 05 11:47:44 UTC 2020 /home/travis/build/icyphy/ptII/ptolemy/domains/continuous/test/auto/CausalityInterface8.xml
----------------- Instantiating /home/travis/build/icyphy/ptII/ptolemy/domains/continuous/test/auto/CausalityInterface8.xml
7 ms. Memory: 270336K Free: 198146K (73%)
----------------- Invoking toplevel() on ptolemy.moml.MoMLSimpleApplication@7e4c2282
----------------- Done invoking toplevel() on ptolemy.moml.MoMLSimpleApplication@7e4c2282
reloadAllAccessors: .CausalityInterface8

===========================================================================================
----------------- testing Thu Mar 05 11:47:44 UTC 2020 /home/travis/build/icyphy/ptII/ptolemy/domains/continuous/test/auto/CausalityInterface9.xml
----------------- Instantiating /home/travis/build/icyphy/ptII/ptolemy/domains/continuous/test/auto/CausalityInterface9.xml
10 ms. Memory: 270336K Free: 187392K (69%)
----------------- Invoking toplevel() on ptolemy.moml.MoMLSimpleApplication@577b17ae
----------------- Done invoking toplevel() on ptolemy.moml.MoMLSimpleApplication@577b17ae
reloadAllAccessors: .CausalityInterface9

===========================================================================================
----------------- testing Thu Mar 05 11:47:44 UTC 2020 /home/travis/build/icyphy/ptII/ptolemy/domains/continuous/test/auto/CausalityInterfaceFeedback1.xml
----------------- Instantiating /home/travis/build/icyphy/ptII/ptolemy/domains/continuous/test/auto/CausalityInterfaceFeedback1.xml
7 ms. Memory: 270336K Free: 180738K (67%)
----------------- Invoking toplevel() on ptolemy.moml.MoMLSimpleApplication@caaba9b
----------------- Done invoking toplevel() on ptolemy.moml.MoMLSimpleApplication@caaba9b
reloadAllAccessors: .CausalityInterfaceFeedback1

===========================================================================================
----------------- testing Thu Mar 05 11:47:44 UTC 2020 /home/travis/build/icyphy/ptII/ptolemy/domains/continuous/test/auto/CausalityInterfaceFeedback2.xml
----------------- Instantiating /home/travis/build/icyphy/ptII/ptolemy/domains/continuous/test/auto/CausalityInterfaceFeedback2.xml
7 ms. Memory: 270336K Free: 174066K (64%)
----------------- Invoking toplevel() on ptolemy.moml.MoMLSimpleApplication@6434b8b5
----------------- Done invoking toplevel() on ptolemy.moml.MoMLSimpleApplication@6434b8b5
reloadAllAccessors: .CausalityInterfaceFeedback2

===========================================================================================
----------------- testing Thu Mar 05 11:47:44 UTC 2020 /home/travis/build/icyphy/ptII/ptolemy/domains/continuous/test/auto/CompareWithCurrentTime.xml
----------------- Instantiating /home/travis/build/icyphy/ptII/ptolemy/domains/continuous/test/auto/CompareWithCurrentTime.xml
3 ms. Memory: 270336K Free: 170498K (63%)
----------------- Invoking toplevel() on ptolemy.moml.MoMLSimpleApplication@31316575
----------------- Done invoking toplevel() on ptolemy.moml.MoMLSimpleApplication@31316575
reloadAllAccessors: .CompareWithCurrentTime

===========================================================================================
----------------- testing Thu Mar 05 11:47:44 UTC 2020 /home/travis/build/icyphy/ptII/ptolemy/domains/continuous/test/auto/ComparedClocks.xml
----------------- Instantiating /home/travis/build/icyphy/ptII/ptolemy/domains/continuous/test/auto/ComparedClocks.xml
7 ms. Memory: 270336K Free: 155138K (57%)
----------------- Invoking toplevel() on ptolemy.moml.MoMLSimpleApplication@170310b1
----------------- Done invoking toplevel() on ptolemy.moml.MoMLSimpleApplication@170310b1
reloadAllAccessors: .ComparedClocks

===========================================================================================
----------------- testing Thu Mar 05 11:47:44 UTC 2020 /home/travis/build/icyphy/ptII/ptolemy/domains/continuous/test/auto/ContinuousAOCClone.xml
----------------- Instantiating /home/travis/build/icyphy/ptII/ptolemy/domains/continuous/test/auto/ContinuousAOCClone.xml
2152 ms. Memory: 270336K Free: 111961K (41%)
----------------- Invoking toplevel() on ptolemy.moml.MoMLSimpleApplication@650f64fd
----------------- Done invoking toplevel() on ptolemy.moml.MoMLSimpleApplication@650f64fd
reloadAllAccessors: .ContinuousAOCClone

===========================================================================================
----------------- testing Thu Mar 05 11:47:46 UTC 2020 /home/travis/build/icyphy/ptII/ptolemy/domains/continuous/test/auto/ContinuousClock.xml
----------------- Instantiating /home/travis/build/icyphy/ptII/ptolemy/domains/continuous/test/auto/ContinuousClock.xml
34 ms. Memory: 270336K Free: 250863K (93%)
----------------- Invoking toplevel() on ptolemy.moml.MoMLSimpleApplication@6904185f
----------------- Done invoking toplevel() on ptolemy.moml.MoMLSimpleApplication@6904185f
reloadAllAccessors: .ContinuousClock

===========================================================================================
----------------- testing Thu Mar 05 11:47:47 UTC 2020 /home/travis/build/icyphy/ptII/ptolemy/domains/continuous/test/auto/ContinuousInContinuous.xml
----------------- Instantiating /home/travis/build/icyphy/ptII/ptolemy/domains/continuous/test/auto/ContinuousInContinuous.xml
39 ms. Memory: 270336K Free: 227141K (84%)
----------------- Invoking toplevel() on ptolemy.moml.MoMLSimpleApplication@7ab22e41
----------------- Done invoking toplevel() on ptolemy.moml.MoMLSimpleApplication@7ab22e41
reloadAllAccessors: .ContinuousInContinuous

===========================================================================================
----------------- testing Thu Mar 05 11:47:47 UTC 2020 /home/travis/build/icyphy/ptII/ptolemy/domains/continuous/test/auto/ContinuousInContinuousInContinuous.xml
----------------- Instantiating /home/travis/build/icyphy/ptII/ptolemy/domains/continuous/test/auto/ContinuousInContinuousInContinuous.xml
6 ms. Memory: 270336K Free: 219973K (81%)
----------------- Invoking toplevel() on ptolemy.moml.MoMLSimpleApplication@2a678cee
----------------- Done invoking toplevel() on ptolemy.moml.MoMLSimpleApplication@2a678cee
reloadAllAccessors: .ContinuousInContinuousInContinuous

===========================================================================================
----------------- testing Thu Mar 05 11:47:47 UTC 2020 /home/travis/build/icyphy/ptII/ptolemy/domains/continuous/test/auto/ContinuousInDE.xml
----------------- Instantiating /home/travis/build/icyphy/ptII/ptolemy/domains/continuous/test/auto/ContinuousInDE.xml
88 ms. Memory: 270336K Free: 209733K (78%)
----------------- Invoking toplevel() on ptolemy.moml.MoMLSimpleApplication@1510df41
----------------- Done invoking toplevel() on ptolemy.moml.MoMLSimpleApplication@1510df41
reloadAllAccessors: .ContinuousInDE

===========================================================================================
----------------- testing Thu Mar 05 11:47:47 UTC 2020 /home/travis/build/icyphy/ptII/ptolemy/domains/continuous/test/auto/ContinuousInDE2.xml
----------------- Instantiating /home/travis/build/icyphy/ptII/ptolemy/domains/continuous/test/auto/ContinuousInDE2.xml
36 ms. Memory: 270336K Free: 200517K (74%)
----------------- Invoking toplevel() on ptolemy.moml.MoMLSimpleApplication@4c21b95d
----------------- Done invoking toplevel() on ptolemy.moml.MoMLSimpleApplication@4c21b95d
reloadAllAccessors: .ContinuousInDE2

===========================================================================================
----------------- testing Thu Mar 05 11:47:47 UTC 2020 /home/travis/build/icyphy/ptII/ptolemy/domains/continuous/test/auto/ContinuousInDE3.xml
----------------- Instantiating /home/travis/build/icyphy/ptII/ptolemy/domains/continuous/test/auto/ContinuousInDE3.xml
32 ms. Memory: 270336K Free: 190791K (71%)
----------------- Invoking toplevel() on ptolemy.moml.MoMLSimpleApplication@1ec5671f
----------------- Done invoking toplevel() on ptolemy.moml.MoMLSimpleApplication@1ec5671f
reloadAllAccessors: .ContinuousInDE3

===========================================================================================
----------------- testing Thu Mar 05 11:47:47 UTC 2020 /home/travis/build/icyphy/ptII/ptolemy/domains/continuous/test/auto/ContinuousInDE4.xml
----------------- Instantiating /home/travis/build/icyphy/ptII/ptolemy/domains/continuous/test/auto/ContinuousInDE4.xml
13 ms. Memory: 270336K Free: 184647K (68%)
----------------- Invoking toplevel() on ptolemy.moml.MoMLSimpleApplication@242a2854
----------------- Done invoking toplevel() on ptolemy.moml.MoMLSimpleApplication@242a2854
reloadAllAccessors: .ContinuousInDE4

===========================================================================================
----------------- testing Thu Mar 05 11:47:47 UTC 2020 /home/travis/build/icyphy/ptII/ptolemy/domains/continuous/test/auto/ContinuousInDEDifferentRefinements.xml
----------------- Instantiating /home/travis/build/icyphy/ptII/ptolemy/domains/continuous/test/auto/ContinuousInDEDifferentRefinements.xml
49 ms. Memory: 270336K Free: 153398K (57%)
----------------- Invoking toplevel() on ptolemy.moml.MoMLSimpleApplication@234ac2e8
----------------- Done invoking toplevel() on ptolemy.moml.MoMLSimpleApplication@234ac2e8
reloadAllAccessors: .ContinuousInDEDifferentRefinements

===========================================================================================
----------------- testing Thu Mar 05 11:47:47 UTC 2020 /home/travis/build/icyphy/ptII/ptolemy/domains/continuous/test/auto/ContinuousInDEDifferentRefinementsPreemptive.xml
----------------- Instantiating /home/travis/build/icyphy/ptII/ptolemy/domains/continuous/test/auto/ContinuousInDEDifferentRefinementsPreemptive.xml
52 ms. Memory: 270336K Free: 122693K (45%)
----------------- Invoking toplevel() on ptolemy.moml.MoMLSimpleApplication@7a0cdcce
----------------- Done invoking toplevel() on ptolemy.moml.MoMLSimpleApplication@7a0cdcce
reloadAllAccessors: .ContinuousInDEDifferentRefinementsPreemptive

===========================================================================================
----------------- testing Thu Mar 05 11:47:47 UTC 2020 /home/travis/build/icyphy/ptII/ptolemy/domains/continuous/test/auto/ContinuousInDEInContinuous2.xml
----------------- Instantiating /home/travis/build/icyphy/ptII/ptolemy/domains/continuous/test/auto/ContinuousInDEInContinuous2.xml
37 ms. Memory: 270336K Free: 111429K (41%)
----------------- Invoking toplevel() on ptolemy.moml.MoMLSimpleApplication@1deb1575
----------------- Done invoking toplevel() on ptolemy.moml.MoMLSimpleApplication@1deb1575
reloadAllAccessors: .ContinuousInDEInContinuous2

===========================================================================================
----------------- testing Thu Mar 05 11:47:47 UTC 2020 /home/travis/build/icyphy/ptII/ptolemy/domains/continuous/test/auto/ContinuousInDEInContinuous3.xml
----------------- Instantiating /home/travis/build/icyphy/ptII/ptolemy/domains/continuous/test/auto/ContinuousInDEInContinuous3.xml
35 ms. Memory: 270336K Free: 99141K (37%)
----------------- Invoking toplevel() on ptolemy.moml.MoMLSimpleApplication@5853f8fd
----------------- Done invoking toplevel() on ptolemy.moml.MoMLSimpleApplication@5853f8fd
reloadAllAccessors: .ContinuousInDEInContinuous3

===========================================================================================
----------------- testing Thu Mar 05 11:47:47 UTC 2020 /home/travis/build/icyphy/ptII/ptolemy/domains/continuous/test/auto/ContinuousInDEInput.xml
----------------- Instantiating /home/travis/build/icyphy/ptII/ptolemy/domains/continuous/test/auto/ContinuousInDEInput.xml
17 ms. Memory: 270336K Free: 252816K (94%)
----------------- Invoking toplevel() on ptolemy.moml.MoMLSimpleApplication@590646bd
----------------- Done invoking toplevel() on ptolemy.moml.MoMLSimpleApplication@590646bd
reloadAllAccessors: .ContinuousInDEInput

===========================================================================================
----------------- testing Thu Mar 05 11:47:47 UTC 2020 /home/travis/build/icyphy/ptII/ptolemy/domains/continuous/test/auto/ContinuousInDEInput2.xml
----------------- Instantiating /home/travis/build/icyphy/ptII/ptolemy/domains/continuous/test/auto/ContinuousInDEInput2.xml
14 ms. Memory: 270336K Free: 245648K (91%)
----------------- Invoking toplevel() on ptolemy.moml.MoMLSimpleApplication@5ff75df9
----------------- Done invoking toplevel() on ptolemy.moml.MoMLSimpleApplication@5ff75df9
reloadAllAccessors: .ContinuousInDEInput2

===========================================================================================
----------------- testing Thu Mar 05 11:47:47 UTC 2020 /home/travis/build/icyphy/ptII/ptolemy/domains/continuous/test/auto/ContinuousInDEInput3.xml
----------------- Instantiating /home/travis/build/icyphy/ptII/ptolemy/domains/continuous/test/auto/ContinuousInDEInput3.xml
14 ms. Memory: 270336K Free: 238480K (88%)
----------------- Invoking toplevel() on ptolemy.moml.MoMLSimpleApplication@46ec14e6
----------------- Done invoking toplevel() on ptolemy.moml.MoMLSimpleApplication@46ec14e6
reloadAllAccessors: .ContinuousInDEInput3

===========================================================================================
----------------- testing Thu Mar 05 11:47:47 UTC 2020 /home/travis/build/icyphy/ptII/ptolemy/domains/continuous/test/auto/ContinuousInDESharingRefinement.xml
----------------- Instantiating /home/travis/build/icyphy/ptII/ptolemy/domains/continuous/test/auto/ContinuousInDESharingRefinement.xml
143 ms. Memory: 270336K Free: 144258K (53%)
----------------- Invoking toplevel() on ptolemy.moml.MoMLSimpleApplication@284f8238
----------------- Done invoking toplevel() on ptolemy.moml.MoMLSimpleApplication@284f8238
reloadAllAccessors: .ContinuousInDESharingRefinement

===========================================================================================
----------------- testing Thu Mar 05 11:47:48 UTC 2020 /home/travis/build/icyphy/ptII/ptolemy/domains/continuous/test/auto/ContinuousInDEwithNoPorts.xml
----------------- Instantiating /home/travis/build/icyphy/ptII/ptolemy/domains/continuous/test/auto/ContinuousInDEwithNoPorts.xml
5 ms. Memory: 270336K Free: 140162K (52%)
----------------- Invoking toplevel() on ptolemy.moml.MoMLSimpleApplication@5145cd07
----------------- Done invoking toplevel() on ptolemy.moml.MoMLSimpleApplication@5145cd07
reloadAllAccessors: .ContinuousInDEwithNoPorts

===========================================================================================
----------------- testing Thu Mar 05 11:47:48 UTC 2020 /home/travis/build/icyphy/ptII/ptolemy/domains/continuous/test/auto/ContinuousInsideDE.xml
----------------- Instantiating /home/travis/build/icyphy/ptII/ptolemy/domains/continuous/test/auto/ContinuousInsideDE.xml
35 ms. Memory: 270336K Free: 128912K (48%)
----------------- Invoking toplevel() on ptolemy.moml.MoMLSimpleApplication@27484ae1
----------------- Done invoking toplevel() on ptolemy.moml.MoMLSimpleApplication@27484ae1
reloadAllAccessors: .ContinuousInsideDE

===========================================================================================
----------------- testing Thu Mar 05 11:47:48 UTC 2020 /home/travis/build/icyphy/ptII/ptolemy/domains/continuous/test/auto/ContinuousMerge1.xml
----------------- Instantiating /home/travis/build/icyphy/ptII/ptolemy/domains/continuous/test/auto/ContinuousMerge1.xml
2 ms. Memory: 270336K Free: 124306K (46%)
----------------- Invoking toplevel() on ptolemy.moml.MoMLSimpleApplication@7f44f796
----------------- Done invoking toplevel() on ptolemy.moml.MoMLSimpleApplication@7f44f796
reloadAllAccessors: .ContinuousMerge1

===========================================================================================
----------------- testing Thu Mar 05 11:47:48 UTC 2020 /home/travis/build/icyphy/ptII/ptolemy/domains/continuous/test/auto/ContinuousMerge2.xml
----------------- Instantiating /home/travis/build/icyphy/ptII/ptolemy/domains/continuous/test/auto/ContinuousMerge2.xml
23 ms. Memory: 270336K Free: 114066K (42%)
----------------- Invoking toplevel() on ptolemy.moml.MoMLSimpleApplication@69835a57
----------------- Done invoking toplevel() on ptolemy.moml.MoMLSimpleApplication@69835a57
reloadAllAccessors: .ContinuousMerge2

===========================================================================================
----------------- testing Thu Mar 05 11:47:48 UTC 2020 /home/travis/build/icyphy/ptII/ptolemy/domains/continuous/test/auto/ContinuousMerge3.xml
----------------- Instantiating /home/travis/build/icyphy/ptII/ptolemy/domains/continuous/test/auto/ContinuousMerge3.xml
43 ms. Memory: 270336K Free: 103826K (38%)
----------------- Invoking toplevel() on ptolemy.moml.MoMLSimpleApplication@2162403e
----------------- Done invoking toplevel() on ptolemy.moml.MoMLSimpleApplication@2162403e
reloadAllAccessors: .ContinuousMerge3

===========================================================================================
----------------- testing Thu Mar 05 11:47:48 UTC 2020 /home/travis/build/icyphy/ptII/ptolemy/domains/continuous/test/auto/ContinuousWithinContinuous.xml
----------------- Instantiating /home/travis/build/icyphy/ptII/ptolemy/domains/continuous/test/auto/ContinuousWithinContinuous.xml
41 ms. Memory: 270336K Free: 255235K (94%)
----------------- Invoking toplevel() on ptolemy.moml.MoMLSimpleApplication@74b4e218
----------------- Done invoking toplevel() on ptolemy.moml.MoMLSimpleApplication@74b4e218
reloadAllAccessors: .ContinuousWithinContinuous

===========================================================================================
----------------- testing Thu Mar 05 11:47:48 UTC 2020 /home/travis/build/icyphy/ptII/ptolemy/domains/continuous/test/auto/ContinuousWithinContinuous2.xml
----------------- Instantiating /home/travis/build/icyphy/ptII/ptolemy/domains/continuous/test/auto/ContinuousWithinContinuous2.xml
76 ms. Memory: 270336K Free: 243756K (90%)
----------------- Invoking toplevel() on ptolemy.moml.MoMLSimpleApplication@40931613
----------------- Done invoking toplevel() on ptolemy.moml.MoMLSimpleApplication@40931613
reloadAllAccessors: .ContinuousWithinContinuous2

===========================================================================================
----------------- testing Thu Mar 05 11:47:48 UTC 2020 /home/travis/build/icyphy/ptII/ptolemy/domains/continuous/test/auto/ContinuousWithinContinuous3.xml
----------------- Instantiating /home/travis/build/icyphy/ptII/ptolemy/domains/continuous/test/auto/ContinuousWithinContinuous3.xml
13 ms. Memory: 270336K Free: 237102K (88%)
----------------- Invoking toplevel() on ptolemy.moml.MoMLSimpleApplication@23f92034
----------------- Done invoking toplevel() on ptolemy.moml.MoMLSimpleApplication@23f92034
reloadAllAccessors: .ContinuousWithinContinuous3

===========================================================================================
----------------- testing Thu Mar 05 11:47:48 UTC 2020 /home/travis/build/icyphy/ptII/ptolemy/domains/continuous/test/auto/ContinuousWithinContinuous4.xml
----------------- Instantiating /home/travis/build/icyphy/ptII/ptolemy/domains/continuous/test/auto/ContinuousWithinContinuous4.xml
69 ms. Memory: 270336K Free: 224814K (83%)
----------------- Invoking toplevel() on ptolemy.moml.MoMLSimpleApplication@4488cebb
----------------- Done invoking toplevel() on ptolemy.moml.MoMLSimpleApplication@4488cebb
reloadAllAccessors: .ContinuousWithinContinuous4

===========================================================================================
----------------- testing Thu Mar 05 11:47:48 UTC 2020 /home/travis/build/icyphy/ptII/ptolemy/domains/continuous/test/auto/ContinuousWithinContinuous5.xml
----------------- Instantiating /home/travis/build/icyphy/ptII/ptolemy/domains/continuous/test/auto/ContinuousWithinContinuous5.xml
12 ms. Memory: 270336K Free: 217132K (80%)
----------------- Invoking toplevel() on ptolemy.moml.MoMLSimpleApplication@1358cda8
----------------- Done invoking toplevel() on ptolemy.moml.MoMLSimpleApplication@1358cda8
reloadAllAccessors: .ContinuousWithinContinuous5

===========================================================================================
----------------- testing Thu Mar 05 11:47:48 UTC 2020 /home/travis/build/icyphy/ptII/ptolemy/domains/continuous/test/auto/ContinuousWithinContinuous6.xml
----------------- Instantiating /home/travis/build/icyphy/ptII/ptolemy/domains/continuous/test/auto/ContinuousWithinContinuous6.xml
11 ms. Memory: 270336K Free: 209964K (78%)
----------------- Invoking toplevel() on ptolemy.moml.MoMLSimpleApplication@5e9b4f47
----------------- Done invoking toplevel() on ptolemy.moml.MoMLSimpleApplication@5e9b4f47
reloadAllAccessors: .ContinuousWithinContinuous6

===========================================================================================
----------------- testing Thu Mar 05 11:47:48 UTC 2020 /home/travis/build/icyphy/ptII/ptolemy/domains/continuous/test/auto/ContinuousWithinContinuous7.xml
----------------- Instantiating /home/travis/build/icyphy/ptII/ptolemy/domains/continuous/test/auto/ContinuousWithinContinuous7.xml
58 ms. Memory: 270336K Free: 198700K (74%)
----------------- Invoking toplevel() on ptolemy.moml.MoMLSimpleApplication@4a0dfb88
----------------- Done invoking toplevel() on ptolemy.moml.MoMLSimpleApplication@4a0dfb88
reloadAllAccessors: .ContinuousWithinContinuous7

===========================================================================================
----------------- testing Thu Mar 05 11:47:48 UTC 2020 /home/travis/build/icyphy/ptII/ptolemy/domains/continuous/test/auto/DCMotor.xml
----------------- Instantiating /home/travis/build/icyphy/ptII/ptolemy/domains/continuous/test/auto/DCMotor.xml
13398 ms. Memory: 270336K Free: 139214K (51%)
----------------- Invoking toplevel() on ptolemy.moml.MoMLSimpleApplication@77e3ce9b
----------------- Done invoking toplevel() on ptolemy.moml.MoMLSimpleApplication@77e3ce9b
reloadAllAccessors: .DCMotor

===========================================================================================
----------------- testing Thu Mar 05 11:48:02 UTC 2020 /home/travis/build/icyphy/ptII/ptolemy/domains/continuous/test/auto/DEInContinuous.xml
----------------- Instantiating /home/travis/build/icyphy/ptII/ptolemy/domains/continuous/test/auto/DEInContinuous.xml
20 ms. Memory: 270336K Free: 133070K (49%)
----------------- Invoking toplevel() on ptolemy.moml.MoMLSimpleApplication@8ad6f8c
----------------- Done invoking toplevel() on ptolemy.moml.MoMLSimpleApplication@8ad6f8c
reloadAllAccessors: .DEInContinuous

===========================================================================================
----------------- testing Thu Mar 05 11:48:02 UTC 2020 /home/travis/build/icyphy/ptII/ptolemy/domains/continuous/test/auto/DEinContinuous2.xml
----------------- Instantiating /home/travis/build/icyphy/ptII/ptolemy/domains/continuous/test/auto/DEinContinuous2.xml
9 ms. Memory: 270336K Free: 125374K (46%)
----------------- Invoking toplevel() on ptolemy.moml.MoMLSimpleApplication@267a89
----------------- Done invoking toplevel() on ptolemy.moml.MoMLSimpleApplication@267a89
reloadAllAccessors: .DEinContinuous2

===========================================================================================
----------------- testing Thu Mar 05 11:48:02 UTC 2020 /home/travis/build/icyphy/ptII/ptolemy/domains/continuous/test/auto/Derivative.xml
----------------- Instantiating /home/travis/build/icyphy/ptII/ptolemy/domains/continuous/test/auto/Derivative.xml
129 ms. Memory: 270336K Free: 95182K (35%)
----------------- Invoking toplevel() on ptolemy.moml.MoMLSimpleApplication@63065f4d
----------------- Done invoking toplevel() on ptolemy.moml.MoMLSimpleApplication@63065f4d
reloadAllAccessors: .Derivative2

===========================================================================================
----------------- testing Thu Mar 05 11:48:02 UTC 2020 /home/travis/build/icyphy/ptII/ptolemy/domains/continuous/test/auto/Derivative1.xml
----------------- Instantiating /home/travis/build/icyphy/ptII/ptolemy/domains/continuous/test/auto/Derivative1.xml
29 ms. Memory: 270336K Free: 241888K (89%)
----------------- Invoking toplevel() on ptolemy.moml.MoMLSimpleApplication@3de97055
----------------- Done invoking toplevel() on ptolemy.moml.MoMLSimpleApplication@3de97055
reloadAllAccessors: .Derivative1

===========================================================================================
----------------- testing Thu Mar 05 11:48:02 UTC 2020 /home/travis/build/icyphy/ptII/ptolemy/domains/continuous/test/auto/DiscreteClock.xml
----------------- Instantiating /home/travis/build/icyphy/ptII/ptolemy/domains/continuous/test/auto/DiscreteClock.xml
5 ms. Memory: 270336K Free: 236768K (88%)
----------------- Invoking toplevel() on ptolemy.moml.MoMLSimpleApplication@7665aabd
----------------- Done invoking toplevel() on ptolemy.moml.MoMLSimpleApplication@7665aabd
reloadAllAccessors: .DiscreteClock

===========================================================================================
----------------- testing Thu Mar 05 11:48:02 UTC 2020 /home/travis/build/icyphy/ptII/ptolemy/domains/continuous/test/auto/EfficiencyCurve.xml
----------------- Instantiating /home/travis/build/icyphy/ptII/ptolemy/domains/continuous/test/auto/EfficiencyCurve.xml
53 ms. Memory: 270336K Free: 228066K (84%)
----------------- Invoking toplevel() on ptolemy.moml.MoMLSimpleApplication@432d0e9f
----------------- Done invoking toplevel() on ptolemy.moml.MoMLSimpleApplication@432d0e9f
reloadAllAccessors: .EfficiencyCurve

===========================================================================================
----------------- testing Thu Mar 05 11:48:02 UTC 2020 /home/travis/build/icyphy/ptII/ptolemy/domains/continuous/test/auto/ExponentialResponse.xml
----------------- Instantiating /home/travis/build/icyphy/ptII/ptolemy/domains/continuous/test/auto/ExponentialResponse.xml
91 ms. Memory: 270336K Free: 212706K (79%)
----------------- Invoking toplevel() on ptolemy.moml.MoMLSimpleApplication@7da4d589
----------------- Done invoking toplevel() on ptolemy.moml.MoMLSimpleApplication@7da4d589
reloadAllAccessors: .ExponentialResponse

===========================================================================================
----------------- testing Thu Mar 05 11:48:02 UTC 2020 /home/travis/build/icyphy/ptII/ptolemy/domains/continuous/test/auto/ExponentialResponseRK45.xml
----------------- Instantiating /home/travis/build/icyphy/ptII/ptolemy/domains/continuous/test/auto/ExponentialResponseRK45.xml
22 ms. Memory: 270336K Free: 206048K (76%)
----------------- Invoking toplevel() on ptolemy.moml.MoMLSimpleApplication@6a50ea8e
----------------- Done invoking toplevel() on ptolemy.moml.MoMLSimpleApplication@6a50ea8e
reloadAllAccessors: .ExponentialResponseRK45

===========================================================================================
----------------- testing Thu Mar 05 11:48:02 UTC 2020 /home/travis/build/icyphy/ptII/ptolemy/domains/continuous/test/auto/Friction.xml
----------------- Instantiating /home/travis/build/icyphy/ptII/ptolemy/domains/continuous/test/auto/Friction.xml
1514 ms. Memory: 270336K Free: 96985K (36%)
----------------- Invoking toplevel() on ptolemy.moml.MoMLSimpleApplication@7227a922
----------------- Done invoking toplevel() on ptolemy.moml.MoMLSimpleApplication@7227a922
reloadAllAccessors: .Friction

===========================================================================================
----------------- testing Thu Mar 05 11:48:04 UTC 2020 /home/travis/build/icyphy/ptII/ptolemy/domains/continuous/test/auto/FurutaPendulum.xml
----------------- Instantiating /home/travis/build/icyphy/ptII/ptolemy/domains/continuous/test/auto/FurutaPendulum.xml
2918 ms. Memory: 270336K Free: 224624K (83%)
----------------- Invoking toplevel() on ptolemy.moml.MoMLSimpleApplication@707c8b29
----------------- Done invoking toplevel() on ptolemy.moml.MoMLSimpleApplication@707c8b29
reloadAllAccessors: .FurutaPendulum

===========================================================================================
----------------- testing Thu Mar 05 11:48:07 UTC 2020 /home/travis/build/icyphy/ptII/ptolemy/domains/continuous/test/auto/HierarchicalExecution.xml
----------------- Instantiating /home/travis/build/icyphy/ptII/ptolemy/domains/continuous/test/auto/HierarchicalExecution.xml
1534 ms. Memory: 270336K Free: 101020K (37%)
----------------- Invoking toplevel() on ptolemy.moml.MoMLSimpleApplication@55c94cc2
----------------- Done invoking toplevel() on ptolemy.moml.MoMLSimpleApplication@55c94cc2
reloadAllAccessors: .HierarchicalExecution

===========================================================================================
----------------- testing Thu Mar 05 11:48:09 UTC 2020 /home/travis/build/icyphy/ptII/ptolemy/domains/continuous/test/auto/HybridPlant.xml
----------------- Instantiating /home/travis/build/icyphy/ptII/ptolemy/domains/continuous/test/auto/HybridPlant.xml
515 ms. Memory: 270336K Free: 157185K (58%)
----------------- Invoking toplevel() on ptolemy.moml.MoMLSimpleApplication@2f85b52
----------------- Done invoking toplevel() on ptolemy.moml.MoMLSimpleApplication@2f85b52
reloadAllAccessors: .HybridPlant

===========================================================================================
----------------- testing Thu Mar 05 11:48:09 UTC 2020 /home/travis/build/icyphy/ptII/ptolemy/domains/continuous/test/auto/Hysteresis.xml
----------------- Instantiating /home/travis/build/icyphy/ptII/ptolemy/domains/continuous/test/auto/Hysteresis.xml
143 ms. Memory: 270336K Free: 94721K (35%)
----------------- Invoking toplevel() on ptolemy.moml.MoMLSimpleApplication@13033c88
----------------- Done invoking toplevel() on ptolemy.moml.MoMLSimpleApplication@13033c88
reloadAllAccessors: .Hysteresis

===========================================================================================
----------------- testing Thu Mar 05 11:48:10 UTC 2020 /home/travis/build/icyphy/ptII/ptolemy/domains/continuous/test/auto/HysteresisWithRandomDelay.xml
----------------- Instantiating /home/travis/build/icyphy/ptII/ptolemy/domains/continuous/test/auto/HysteresisWithRandomDelay.xml
177 ms. Memory: 270336K Free: 181152K (67%)
----------------- Invoking toplevel() on ptolemy.moml.MoMLSimpleApplication@1904f1ac
----------------- Done invoking toplevel() on ptolemy.moml.MoMLSimpleApplication@1904f1ac
reloadAllAccessors: .HysteresisWithRandomDelay

===========================================================================================
----------------- testing Thu Mar 05 11:48:10 UTC 2020 /home/travis/build/icyphy/ptII/ptolemy/domains/continuous/test/auto/HysteresisWithRandomLosses.xml
----------------- Instantiating /home/travis/build/icyphy/ptII/ptolemy/domains/continuous/test/auto/HysteresisWithRandomLosses.xml
2328 ms. Memory: 270336K Free: 224878K (83%)
----------------- Invoking toplevel() on ptolemy.moml.MoMLSimpleApplication@41f46fcd
----------------- Done invoking toplevel() on ptolemy.moml.MoMLSimpleApplication@41f46fcd
reloadAllAccessors: .HysteresisWithRandomLosses

===========================================================================================
----------------- testing Thu Mar 05 11:48:12 UTC 2020 /home/travis/build/icyphy/ptII/ptolemy/domains/continuous/test/auto/ImmediateTransitions.xml
----------------- Instantiating /home/travis/build/icyphy/ptII/ptolemy/domains/continuous/test/auto/ImmediateTransitions.xml
8 ms. Memory: 270336K Free: 214110K (79%)
----------------- Invoking toplevel() on ptolemy.moml.MoMLSimpleApplication@2e85230c
----------------- Done invoking toplevel() on ptolemy.moml.MoMLSimpleApplication@2e85230c
reloadAllAccessors: .ImmediateTransitions

===========================================================================================
----------------- testing Thu Mar 05 11:48:12 UTC 2020 /home/travis/build/icyphy/ptII/ptolemy/domains/continuous/test/auto/ImpulseFeedback.xml
----------------- Instantiating /home/travis/build/icyphy/ptII/ptolemy/domains/continuous/test/auto/ImpulseFeedback.xml
6 ms. Memory: 270336K Free: 208494K (77%)
----------------- Invoking toplevel() on ptolemy.moml.MoMLSimpleApplication@5d304a6f
----------------- Done invoking toplevel() on ptolemy.moml.MoMLSimpleApplication@5d304a6f
reloadAllAccessors: .ImpulseFeedback

===========================================================================================
----------------- testing Thu Mar 05 11:48:12 UTC 2020 /home/travis/build/icyphy/ptII/ptolemy/domains/continuous/test/auto/ImpulseFeedback2.xml
----------------- Instantiating /home/travis/build/icyphy/ptII/ptolemy/domains/continuous/test/auto/ImpulseFeedback2.xml
4 ms. Memory: 270336K Free: 202860K (75%)
----------------- Invoking toplevel() on ptolemy.moml.MoMLSimpleApplication@22f13ca3
----------------- Done invoking toplevel() on ptolemy.moml.MoMLSimpleApplication@22f13ca3
reloadAllAccessors: .ImpulseFeedback2

===========================================================================================
----------------- testing Thu Mar 05 11:48:12 UTC 2020 /home/travis/build/icyphy/ptII/ptolemy/domains/continuous/test/auto/IncreasingRatePoisson.xml
----------------- Instantiating /home/travis/build/icyphy/ptII/ptolemy/domains/continuous/test/auto/IncreasingRatePoisson.xml
716 ms. Memory: 270336K Free: 202924K (75%)
----------------- Invoking toplevel() on ptolemy.moml.MoMLSimpleApplication@1657b7fe
----------------- Done invoking toplevel() on ptolemy.moml.MoMLSimpleApplication@1657b7fe
reloadAllAccessors: .IncreasingRatePoisson

===========================================================================================
----------------- testing Thu Mar 05 11:48:13 UTC 2020 /home/travis/build/icyphy/ptII/ptolemy/domains/continuous/test/auto/InitialStateFeedback.xml
----------------- Instantiating /home/travis/build/icyphy/ptII/ptolemy/domains/continuous/test/auto/InitialStateFeedback.xml
6 ms. Memory: 270336K Free: 198314K (73%)
----------------- Invoking toplevel() on ptolemy.moml.MoMLSimpleApplication@22a840fe
----------------- Done invoking toplevel() on ptolemy.moml.MoMLSimpleApplication@22a840fe
reloadAllAccessors: .InitialStateFeedback

===========================================================================================
----------------- testing Thu Mar 05 11:48:13 UTC 2020 /home/travis/build/icyphy/ptII/ptolemy/domains/continuous/test/auto/Integration.xml
----------------- Instantiating /home/travis/build/icyphy/ptII/ptolemy/domains/continuous/test/auto/Integration.xml
2 ms. Memory: 270336K Free: 194218K (72%)
----------------- Invoking toplevel() on ptolemy.moml.MoMLSimpleApplication@1deff000
----------------- Done invoking toplevel() on ptolemy.moml.MoMLSimpleApplication@1deff000
reloadAllAccessors: .Integration

===========================================================================================
----------------- testing Thu Mar 05 11:48:13 UTC 2020 /home/travis/build/icyphy/ptII/ptolemy/domains/continuous/test/auto/Integration2.xml
----------------- Instantiating /home/travis/build/icyphy/ptII/ptolemy/domains/continuous/test/auto/Integration2.xml
66 ms. Memory: 270336K Free: 179882K (67%)
----------------- Invoking toplevel() on ptolemy.moml.MoMLSimpleApplication@2810d9b5
----------------- Done invoking toplevel() on ptolemy.moml.MoMLSimpleApplication@2810d9b5
reloadAllAccessors: .Integration2

===========================================================================================
----------------- testing Thu Mar 05 11:48:13 UTC 2020 /home/travis/build/icyphy/ptII/ptolemy/domains/continuous/test/auto/Integration3.xml
----------------- Instantiating /home/travis/build/icyphy/ptII/ptolemy/domains/continuous/test/auto/Integration3.xml
2 ms. Memory: 270336K Free: 175276K (65%)
----------------- Invoking toplevel() on ptolemy.moml.MoMLSimpleApplication@488dd93b
----------------- Done invoking toplevel() on ptolemy.moml.MoMLSimpleApplication@488dd93b
reloadAllAccessors: .Integration3

===========================================================================================
----------------- testing Thu Mar 05 11:48:13 UTC 2020 /home/travis/build/icyphy/ptII/ptolemy/domains/continuous/test/auto/Integration5.xml
----------------- Instantiating /home/travis/build/icyphy/ptII/ptolemy/domains/continuous/test/auto/Integration5.xml
2 ms. Memory: 270336K Free: 171180K (63%)
----------------- Invoking toplevel() on ptolemy.moml.MoMLSimpleApplication@7bc174c8
----------------- Done invoking toplevel() on ptolemy.moml.MoMLSimpleApplication@7bc174c8
reloadAllAccessors: .Integration5

===========================================================================================
----------------- testing Thu Mar 05 11:48:13 UTC 2020 /home/travis/build/icyphy/ptII/ptolemy/domains/continuous/test/auto/IntegratorImpulse.xml
----------------- Instantiating /home/travis/build/icyphy/ptII/ptolemy/domains/continuous/test/auto/IntegratorImpulse.xml
2 ms. Memory: 270336K Free: 167084K (62%)
----------------- Invoking toplevel() on ptolemy.moml.MoMLSimpleApplication@2fe13be5
----------------- Done invoking toplevel() on ptolemy.moml.MoMLSimpleApplication@2fe13be5
reloadAllAccessors: .IntegratorImpulse

===========================================================================================
----------------- testing Thu Mar 05 11:48:13 UTC 2020 /home/travis/build/icyphy/ptII/ptolemy/domains/continuous/test/auto/IntegratorImpulse2.xml
----------------- Instantiating /home/travis/build/icyphy/ptII/ptolemy/domains/continuous/test/auto/IntegratorImpulse2.xml
3 ms. Memory: 270336K Free: 162444K (60%)
----------------- Invoking toplevel() on ptolemy.moml.MoMLSimpleApplication@143bcabf
----------------- Done invoking toplevel() on ptolemy.moml.MoMLSimpleApplication@143bcabf
reloadAllAccessors: .IntegratorImpulse2

===========================================================================================
----------------- testing Thu Mar 05 11:48:13 UTC 2020 /home/travis/build/icyphy/ptII/ptolemy/domains/continuous/test/auto/LevelCrossing1.xml
----------------- Instantiating /home/travis/build/icyphy/ptII/ptolemy/domains/continuous/test/auto/LevelCrossing1.xml
2 ms. Memory: 270336K Free: 157354K (58%)
----------------- Invoking toplevel() on ptolemy.moml.MoMLSimpleApplication@6a59ff4a
----------------- Done invoking toplevel() on ptolemy.moml.MoMLSimpleApplication@6a59ff4a
reloadAllAccessors: .LevelCrossing1

===========================================================================================
----------------- testing Thu Mar 05 11:48:13 UTC 2020 /home/travis/build/icyphy/ptII/ptolemy/domains/continuous/test/auto/LevelCrossing2.xml
----------------- Instantiating /home/travis/build/icyphy/ptII/ptolemy/domains/continuous/test/auto/LevelCrossing2.xml
3 ms. Memory: 270336K Free: 152234K (56%)
----------------- Invoking toplevel() on ptolemy.moml.MoMLSimpleApplication@27393a92
----------------- Done invoking toplevel() on ptolemy.moml.MoMLSimpleApplication@27393a92
reloadAllAccessors: .LevelCrossing2

===========================================================================================
----------------- testing Thu Mar 05 11:48:13 UTC 2020 /home/travis/build/icyphy/ptII/ptolemy/domains/continuous/test/auto/LevelCrossing3.xml
----------------- Instantiating /home/travis/build/icyphy/ptII/ptolemy/domains/continuous/test/auto/LevelCrossing3.xml
3 ms. Memory: 270336K Free: 147114K (54%)
----------------- Invoking toplevel() on ptolemy.moml.MoMLSimpleApplication@4168e890
----------------- Done invoking toplevel() on ptolemy.moml.MoMLSimpleApplication@4168e890
reloadAllAccessors: .LevelCrossing3

===========================================================================================
----------------- testing Thu Mar 05 11:48:13 UTC 2020 /home/travis/build/icyphy/ptII/ptolemy/domains/continuous/test/auto/LevelCrossing4.xml
----------------- Instantiating /home/travis/build/icyphy/ptII/ptolemy/domains/continuous/test/auto/LevelCrossing4.xml
4 ms. Memory: 270336K Free: 141994K (53%)
----------------- Invoking toplevel() on ptolemy.moml.MoMLSimpleApplication@735321e5
----------------- Done invoking toplevel() on ptolemy.moml.MoMLSimpleApplication@735321e5
reloadAllAccessors: .LevelCrossing4

===========================================================================================
----------------- testing Thu Mar 05 11:48:13 UTC 2020 /home/travis/build/icyphy/ptII/ptolemy/domains/continuous/test/auto/LevelCrossing5.xml
----------------- Instantiating /home/travis/build/icyphy/ptII/ptolemy/domains/continuous/test/auto/LevelCrossing5.xml
2 ms. Memory: 270336K Free: 136874K (51%)
----------------- Invoking toplevel() on ptolemy.moml.MoMLSimpleApplication@4ca288c
----------------- Done invoking toplevel() on ptolemy.moml.MoMLSimpleApplication@4ca288c
reloadAllAccessors: .LevelCrossing5

===========================================================================================
[...]
reloadAllAccessors: .ResetTransitionWithStartTime6

===========================================================================================
----------------- testing Thu Mar 05 11:48:29 UTC 2020 /home/travis/build/icyphy/ptII/ptolemy/domains/continuous/test/auto/SRinContinuous.xml
----------------- Instantiating /home/travis/build/icyphy/ptII/ptolemy/domains/continuous/test/auto/SRinContinuous.xml
7 ms. Memory: 270336K Free: 153132K (57%)
----------------- Invoking toplevel() on ptolemy.moml.MoMLSimpleApplication@60bd968e
----------------- Done invoking toplevel() on ptolemy.moml.MoMLSimpleApplication@60bd968e
reloadAllAccessors: .SRinContinuous

===========================================================================================
----------------- testing Thu Mar 05 11:48:29 UTC 2020 /home/travis/build/icyphy/ptII/ptolemy/domains/continuous/test/auto/SampledClocks.xml
----------------- Instantiating /home/travis/build/icyphy/ptII/ptolemy/domains/continuous/test/auto/SampledClocks.xml
8 ms. Memory: 270336K Free: 140330K (52%)
----------------- Invoking toplevel() on ptolemy.moml.MoMLSimpleApplication@6a2289c1
----------------- Done invoking toplevel() on ptolemy.moml.MoMLSimpleApplication@6a2289c1
reloadAllAccessors: .SampledClocks

===========================================================================================
----------------- testing Thu Mar 05 11:48:29 UTC 2020 /home/travis/build/icyphy/ptII/ptolemy/domains/continuous/test/auto/Satellite.xml
----------------- Instantiating /home/travis/build/icyphy/ptII/ptolemy/domains/continuous/test/auto/Satellite.xml
702 ms. Memory: 270336K Free: 105153K (39%)
----------------- Invoking toplevel() on ptolemy.moml.MoMLSimpleApplication@4aa625c6
----------------- Done invoking toplevel() on ptolemy.moml.MoMLSimpleApplication@4aa625c6
reloadAllAccessors: .Satellite

===========================================================================================
----------------- testing Thu Mar 05 11:48:30 UTC 2020 /home/travis/build/icyphy/ptII/ptolemy/domains/continuous/test/auto/SigmaDelta.xml
----------------- Instantiating /home/travis/build/icyphy/ptII/ptolemy/domains/continuous/test/auto/SigmaDelta.xml
1996 ms. Memory: 270336K Free: 159554K (59%)
----------------- Invoking toplevel() on ptolemy.moml.MoMLSimpleApplication@36c264d3
----------------- Done invoking toplevel() on ptolemy.moml.MoMLSimpleApplication@36c264d3
reloadAllAccessors: .SigmaDelta

===========================================================================================
----------------- testing Thu Mar 05 11:48:32 UTC 2020 /home/travis/build/icyphy/ptII/ptolemy/domains/continuous/test/auto/SingleRefinement.xml
----------------- Instantiating /home/travis/build/icyphy/ptII/ptolemy/domains/continuous/test/auto/SingleRefinement.xml
312 ms. Memory: 270336K Free: 137179K (51%)
----------------- Invoking toplevel() on ptolemy.moml.MoMLSimpleApplication@8570218
----------------- Done invoking toplevel() on ptolemy.moml.MoMLSimpleApplication@8570218
reloadAllAccessors: .SingleRefinement

===========================================================================================
----------------- testing Thu Mar 05 11:48:32 UTC 2020 /home/travis/build/icyphy/ptII/ptolemy/domains/continuous/test/auto/SinuBouncingBall.xml
----------------- Instantiating /home/travis/build/icyphy/ptII/ptolemy/domains/continuous/test/auto/SinuBouncingBall.xml
772 ms. Memory: 270336K Free: 241082K (89%)
----------------- Invoking toplevel() on ptolemy.moml.MoMLSimpleApplication@c72e891
----------------- Done invoking toplevel() on ptolemy.moml.MoMLSimpleApplication@c72e891
reloadAllAccessors: .SinuBouncingBall

===========================================================================================
----------------- testing Thu Mar 05 11:48:33 UTC 2020 /home/travis/build/icyphy/ptII/ptolemy/domains/continuous/test/auto/Sinusoid.xml
----------------- Instantiating /home/travis/build/icyphy/ptII/ptolemy/domains/continuous/test/auto/Sinusoid.xml
3 ms. Memory: 270336K Free: 236458K (87%)
----------------- Invoking toplevel() on ptolemy.moml.MoMLSimpleApplication@63d467e0
----------------- Done invoking toplevel() on ptolemy.moml.MoMLSimpleApplication@63d467e0
reloadAllAccessors: .Sinusoid

===========================================================================================
----------------- testing Thu Mar 05 11:48:33 UTC 2020 /home/travis/build/icyphy/ptII/ptolemy/domains/continuous/test/auto/SinusoidInNoise.xml
----------------- Instantiating /home/travis/build/icyphy/ptII/ptolemy/domains/continuous/test/auto/SinusoidInNoise.xml
833 ms. Memory: 270336K Free: 96698K (36%)
----------------- Invoking toplevel() on ptolemy.moml.MoMLSimpleApplication@7548faa9
----------------- Done invoking toplevel() on ptolemy.moml.MoMLSimpleApplication@7548faa9
reloadAllAccessors: .SinusoidInNoise

===========================================================================================
----------------- testing Thu Mar 05 11:48:34 UTC 2020 /home/travis/build/icyphy/ptII/ptolemy/domains/continuous/test/auto/SinusoidRK45.xml
----------------- Instantiating /home/travis/build/icyphy/ptII/ptolemy/domains/continuous/test/auto/SinusoidRK45.xml
2 ms. Memory: 270336K Free: 92602K (34%)
----------------- Invoking toplevel() on ptolemy.moml.MoMLSimpleApplication@2791a5b8
----------------- Done invoking toplevel() on ptolemy.moml.MoMLSimpleApplication@2791a5b8
reloadAllAccessors: .SinusoidRK45

===========================================================================================
----------------- testing Thu Mar 05 11:48:34 UTC 2020 /home/travis/build/icyphy/ptII/ptolemy/domains/continuous/test/auto/SinusoidWithMultipleImpulses.xml
----------------- Instantiating /home/travis/build/icyphy/ptII/ptolemy/domains/continuous/test/auto/SinusoidWithMultipleImpulses.xml
3 ms. Memory: 270336K Free: 249002K (92%)
----------------- Invoking toplevel() on ptolemy.moml.MoMLSimpleApplication@755a0b9e
----------------- Done invoking toplevel() on ptolemy.moml.MoMLSimpleApplication@755a0b9e
reloadAllAccessors: .SinusoidWithMultipleImpulses

===========================================================================================
----------------- testing Thu Mar 05 11:48:34 UTC 2020 /home/travis/build/icyphy/ptII/ptolemy/domains/continuous/test/auto/SquareWave.xml
----------------- Instantiating /home/travis/build/icyphy/ptII/ptolemy/domains/continuous/test/auto/SquareWave.xml
144 ms. Memory: 270336K Free: 221354K (82%)
----------------- Invoking toplevel() on ptolemy.moml.MoMLSimpleApplication@4dc09c8
----------------- Done invoking toplevel() on ptolemy.moml.MoMLSimpleApplication@4dc09c8
reloadAllAccessors: .SquareWave

===========================================================================================
----------------- testing Thu Mar 05 11:48:34 UTC 2020 /home/travis/build/icyphy/ptII/ptolemy/domains/continuous/test/auto/Starmac.xml
----------------- Instantiating /home/travis/build/icyphy/ptII/ptolemy/domains/continuous/test/auto/Starmac.xml
3040 ms. Memory: 270336K Free: 222434K (82%)
----------------- Invoking toplevel() on ptolemy.moml.MoMLSimpleApplication@6eb876a6
----------------- Done invoking toplevel() on ptolemy.moml.MoMLSimpleApplication@6eb876a6
reloadAllAccessors: .Starmac

===========================================================================================
----------------- testing Thu Mar 05 11:48:38 UTC 2020 /home/travis/build/icyphy/ptII/ptolemy/domains/continuous/test/auto/StaticUnits.xml
----------------- Instantiating /home/travis/build/icyphy/ptII/ptolemy/domains/continuous/test/auto/StaticUnits.xml
1998 ms. Memory: 270336K Free: 233161K (86%)
----------------- Invoking toplevel() on ptolemy.moml.MoMLSimpleApplication@4734371e
----------------- Done invoking toplevel() on ptolemy.moml.MoMLSimpleApplication@4734371e
reloadAllAccessors: .StaticUnits

===========================================================================================
----------------- testing Thu Mar 05 11:48:40 UTC 2020 /home/travis/build/icyphy/ptII/ptolemy/domains/continuous/test/auto/StickyMasses.xml
----------------- Instantiating /home/travis/build/icyphy/ptII/ptolemy/domains/continuous/test/auto/StickyMasses.xml
129 ms. Memory: 270336K Free: 183499K (68%)
----------------- Invoking toplevel() on ptolemy.moml.MoMLSimpleApplication@36bf749e
----------------- Done invoking toplevel() on ptolemy.moml.MoMLSimpleApplication@36bf749e
reloadAllAccessors: .StickyMasses

===========================================================================================
----------------- testing Thu Mar 05 11:48:40 UTC 2020 /home/travis/build/icyphy/ptII/ptolemy/domains/continuous/test/auto/StopTime.xml
----------------- Instantiating /home/travis/build/icyphy/ptII/ptolemy/domains/continuous/test/auto/StopTime.xml
45 ms. Memory: 270336K Free: 158394K (59%)
----------------- Invoking toplevel() on ptolemy.moml.MoMLSimpleApplication@225e4f14
----------------- Done invoking toplevel() on ptolemy.moml.MoMLSimpleApplication@225e4f14
reloadAllAccessors: .StopTime

===========================================================================================
----------------- testing Thu Mar 05 11:48:40 UTC 2020 /home/travis/build/icyphy/ptII/ptolemy/domains/continuous/test/auto/StopTime2.xml
----------------- Instantiating /home/travis/build/icyphy/ptII/ptolemy/domains/continuous/test/auto/StopTime2.xml
34 ms. Memory: 270336K Free: 136395K (50%)
----------------- Invoking toplevel() on ptolemy.moml.MoMLSimpleApplication@61a6d755
----------------- Done invoking toplevel() on ptolemy.moml.MoMLSimpleApplication@61a6d755
reloadAllAccessors: .StopTime2

===========================================================================================
----------------- testing Thu Mar 05 11:48:40 UTC 2020 /home/travis/build/icyphy/ptII/ptolemy/domains/continuous/test/auto/Switch.xml
----------------- Instantiating /home/travis/build/icyphy/ptII/ptolemy/domains/continuous/test/auto/Switch.xml
40 ms. Memory: 270336K Free: 111290K (41%)
----------------- Invoking toplevel() on ptolemy.moml.MoMLSimpleApplication@68aa7d90
----------------- Done invoking toplevel() on ptolemy.moml.MoMLSimpleApplication@68aa7d90
reloadAllAccessors: .Switch

===========================================================================================
----------------- testing Thu Mar 05 11:48:40 UTC 2020 /home/travis/build/icyphy/ptII/ptolemy/domains/continuous/test/auto/Thermostat.xml
----------------- Instantiating /home/travis/build/icyphy/ptII/ptolemy/domains/continuous/test/auto/Thermostat.xml
186 ms. Memory: 270336K Free: 195576K (72%)
----------------- Invoking toplevel() on ptolemy.moml.MoMLSimpleApplication@7560b864
----------------- Done invoking toplevel() on ptolemy.moml.MoMLSimpleApplication@7560b864
reloadAllAccessors: .Thermostat

===========================================================================================
----------------- testing Thu Mar 05 11:48:41 UTC 2020 /home/travis/build/icyphy/ptII/ptolemy/domains/continuous/test/auto/TimeDelay.xml
----------------- Instantiating /home/travis/build/icyphy/ptII/ptolemy/domains/continuous/test/auto/TimeDelay.xml
4 ms. Memory: 270336K Free: 190658K (71%)
----------------- Invoking toplevel() on ptolemy.moml.MoMLSimpleApplication@691486c
----------------- Done invoking toplevel() on ptolemy.moml.MoMLSimpleApplication@691486c
reloadAllAccessors: .TimeDelay

===========================================================================================
----------------- testing Thu Mar 05 11:48:41 UTC 2020 /home/travis/build/icyphy/ptII/ptolemy/domains/continuous/test/auto/TimeDelay2.xml
----------------- Instantiating /home/travis/build/icyphy/ptII/ptolemy/domains/continuous/test/auto/TimeDelay2.xml
6 ms. Memory: 270336K Free: 180939K (67%)
----------------- Invoking toplevel() on ptolemy.moml.MoMLSimpleApplication@6a16e414
----------------- Done invoking toplevel() on ptolemy.moml.MoMLSimpleApplication@6a16e414
reloadAllAccessors: .TimeDelay2

===========================================================================================
----------------- testing Thu Mar 05 11:48:41 UTC 2020 /home/travis/build/icyphy/ptII/ptolemy/domains/continuous/test/auto/TimeDelay3.xml
----------------- Instantiating /home/travis/build/icyphy/ptII/ptolemy/domains/continuous/test/auto/TimeDelay3.xml
5 ms. Memory: 270336K Free: 176296K (65%)
----------------- Invoking toplevel() on ptolemy.moml.MoMLSimpleApplication@2b33485c
----------------- Done invoking toplevel() on ptolemy.moml.MoMLSimpleApplication@2b33485c
reloadAllAccessors: .TimeDelay3

===========================================================================================
----------------- testing Thu Mar 05 11:48:41 UTC 2020 /home/travis/build/icyphy/ptII/ptolemy/domains/continuous/test/auto/TransferAbsentToInside.xml
----------------- Instantiating /home/travis/build/icyphy/ptII/ptolemy/domains/continuous/test/auto/TransferAbsentToInside.xml
48 ms. Memory: 270336K Free: 123595K (46%)
----------------- Invoking toplevel() on ptolemy.moml.MoMLSimpleApplication@5724ae2f
----------------- Done invoking toplevel() on ptolemy.moml.MoMLSimpleApplication@5724ae2f
reloadAllAccessors: .TransferAbsentToInside

===========================================================================================
----------------- testing Thu Mar 05 11:48:41 UTC 2020 /home/travis/build/icyphy/ptII/ptolemy/domains/continuous/test/auto/Transmission.xml
----------------- Instantiating /home/travis/build/icyphy/ptII/ptolemy/domains/continuous/test/auto/Transmission.xml
800 ms. Memory: 270336K Free: 201908K (75%)
----------------- Invoking toplevel() on ptolemy.moml.MoMLSimpleApplication@159fa1ec
----------------- Done invoking toplevel() on ptolemy.moml.MoMLSimpleApplication@159fa1ec
reloadAllAccessors: .Transmission

===========================================================================================
----------------- testing Thu Mar 05 11:48:42 UTC 2020 /home/travis/build/icyphy/ptII/ptolemy/domains/continuous/test/auto/TriggeredContinuousClock.xml
----------------- Instantiating /home/travis/build/icyphy/ptII/ptolemy/domains/continuous/test/auto/TriggeredContinuousClock.xml
38 ms. Memory: 270336K Free: 172212K (64%)
----------------- Invoking toplevel() on ptolemy.moml.MoMLSimpleApplication@6bb8060c
----------------- Done invoking toplevel() on ptolemy.moml.MoMLSimpleApplication@6bb8060c
reloadAllAccessors: .TriggeredContinuousClock

===========================================================================================
----------------- testing Thu Mar 05 11:48:42 UTC 2020 /home/travis/build/icyphy/ptII/ptolemy/domains/continuous/test/auto/TwoMachineInfiniteBusControl.xml
----------------- Instantiating /home/travis/build/icyphy/ptII/ptolemy/domains/continuous/test/auto/TwoMachineInfiniteBusControl.xml
2550 ms. Memory: 324608K Free: 292995K (90%)
----------------- Invoking toplevel() on ptolemy.moml.MoMLSimpleApplication@ae1c0f9
----------------- Done invoking toplevel() on ptolemy.moml.MoMLSimpleApplication@ae1c0f9
reloadAllAccessors: .TwoMachineInfiniteBusControl

===========================================================================================
----------------- testing Thu Mar 05 11:48:44 UTC 2020 /home/travis/build/icyphy/ptII/ptolemy/domains/continuous/test/auto/V2V.xml
----------------- Instantiating /home/travis/build/icyphy/ptII/ptolemy/domains/continuous/test/auto/V2V.xml
781 ms. Memory: 324608K Free: 290941K (90%)
----------------- Invoking toplevel() on ptolemy.moml.MoMLSimpleApplication@753aa4be
----------------- Done invoking toplevel() on ptolemy.moml.MoMLSimpleApplication@753aa4be
reloadAllAccessors: .V2V

===========================================================================================
----------------- testing Thu Mar 05 11:48:45 UTC 2020 /home/travis/build/icyphy/ptII/ptolemy/domains/continuous/test/auto/hierarchicalModalModel.xml
----------------- Instantiating /home/travis/build/icyphy/ptII/ptolemy/domains/continuous/test/auto/hierarchicalModalModel.xml
8 ms. Memory: 324608K Free: 276605K (85%)
----------------- Invoking toplevel() on ptolemy.moml.MoMLSimpleApplication@7d2d227e
----------------- Done invoking toplevel() on ptolemy.moml.MoMLSimpleApplication@7d2d227e
reloadAllAccessors: .hierarchicalModalModel

===========================================================================================
----------------- testing Thu Mar 05 11:48:45 UTC 2020 /home/travis/build/icyphy/ptII/ptolemy/domains/continuous/test/auto/hierarchicalModalModel1.xml
----------------- Instantiating /home/travis/build/icyphy/ptII/ptolemy/domains/continuous/test/auto/hierarchicalModalModel1.xml
7 ms. Memory: 324608K Free: 262269K (81%)
----------------- Invoking toplevel() on ptolemy.moml.MoMLSimpleApplication@7c20fff8
----------------- Done invoking toplevel() on ptolemy.moml.MoMLSimpleApplication@7c20fff8
reloadAllAccessors: .hierarchicalModalModel1

===========================================================================================
----------------- testing Thu Mar 05 11:48:45 UTC 2020 /home/travis/build/icyphy/ptII/ptolemy/domains/continuous/test/auto/hierarchicalModalModel2.xml
----------------- Instantiating /home/travis/build/icyphy/ptII/ptolemy/domains/continuous/test/auto/hierarchicalModalModel2.xml
6 ms. Memory: 324608K Free: 249981K (77%)
----------------- Invoking toplevel() on ptolemy.moml.MoMLSimpleApplication@72a3e140
----------------- Done invoking toplevel() on ptolemy.moml.MoMLSimpleApplication@72a3e140
reloadAllAccessors: .hierarchicalModalModel2

===========================================================================================
----------------- testing Thu Mar 05 11:48:45 UTC 2020 /home/travis/build/icyphy/ptII/ptolemy/domains/continuous/test/auto/hierarchicalModalModel3.xml
----------------- Instantiating /home/travis/build/icyphy/ptII/ptolemy/domains/continuous/test/auto/hierarchicalModalModel3.xml
5 ms. Memory: 324608K Free: 239227K (74%)
----------------- Invoking toplevel() on ptolemy.moml.MoMLSimpleApplication@4786437b
----------------- Done invoking toplevel() on ptolemy.moml.MoMLSimpleApplication@4786437b
reloadAllAccessors: .hierarchicalModalModel3

===========================================================================================
----------------- testing Thu Mar 05 11:48:45 UTC 2020 /home/travis/build/icyphy/ptII/ptolemy/domains/continuous/test/auto/hierarchicalModalModel4.xml
----------------- Instantiating /home/travis/build/icyphy/ptII/ptolemy/domains/continuous/test/auto/hierarchicalModalModel4.xml
5 ms. Memory: 324608K Free: 227453K (70%)
----------------- Invoking toplevel() on ptolemy.moml.MoMLSimpleApplication@1954e440
----------------- Done invoking toplevel() on ptolemy.moml.MoMLSimpleApplication@1954e440
reloadAllAccessors: .hierarchicalModalModel4

===========================================================================================
----------------- testing Thu Mar 05 11:48:45 UTC 2020 /home/travis/build/icyphy/ptII/ptolemy/domains/continuous/test/auto/junk.xml
----------------- Instantiating /home/travis/build/icyphy/ptII/ptolemy/domains/continuous/test/auto/junk.xml
114 ms. Memory: 324608K Free: 201339K (62%)
----------------- Invoking toplevel() on ptolemy.moml.MoMLSimpleApplication@43cb1093
----------------- Done invoking toplevel() on ptolemy.moml.MoMLSimpleApplication@43cb1093
reloadAllAccessors: .junk
AutoTests.java: About to close Vertx.
AutoTests.java: Vertx closed.
]]></system-out>
  <system-err><![CDATA[Warning: '.HysteresisWithRandomDelay.NonStrictTest3' The test produced only 27 tokens, yet the correctValues parameter was expecting 30 tokens.
Warning: '.Poisson.NonStrictTest' The test produced only 414 tokens, yet the correctValues parameter was expecting 430 tokens.
]]></system-err>
</testsuite>
