<?xml version="1.0" encoding="UTF-8" ?>
<testsuite errors="0" failures="0" hostname="travis-job-8fc01431-2a64-4327-8b89-0ec4d62044f8" name="ptolemy.domains.modal.test.junit.JUnitTclTest" skipped="0" tests="148" time="11.346" timestamp="2019-07-20T15:43:55">
  <properties>
[...]
</properties>
  <testcase classname="ptolemy.util.test.junit.TclTests" name="[0] /home/travis/build/icyphy/ptII/ptolemy/domains/modal/test/SystemLevelType.tcl (RunTclFile)" time="2.055" />
  <testcase classname="ptolemy.util.test.junit.AutoKnownFailedTests" name="[0] /home/travis/build/icyphy/ptII/ptolemy/domains/modal/test/auto/knownFailedTests/CannotAnalysisWithPreemption.xml (RunModel)" time="0.364" />
  <testcase classname="ptolemy.util.test.junit.AutoNameArchTests" name="[0] ThereAreNoAutoArchTests (RunModel)" time="0.007" />
  <testcase classname="ptolemy.util.test.junit.AutoTests" name="[0] /home/travis/build/icyphy/ptII/ptolemy/domains/modal/test/auto/ABPTest.xml (RunModel)" time="0.815" />
  <testcase classname="ptolemy.util.test.junit.AutoTests" name="[1] /home/travis/build/icyphy/ptII/ptolemy/domains/modal/test/auto/ABROFlat.xml (RunModel)" time="0.067" />
  <testcase classname="ptolemy.util.test.junit.AutoTests" name="[2] /home/travis/build/icyphy/ptII/ptolemy/domains/modal/test/auto/ABROFlat2.xml (RunModel)" time="0.058" />
  <testcase classname="ptolemy.util.test.junit.AutoTests" name="[3] /home/travis/build/icyphy/ptII/ptolemy/domains/modal/test/auto/ABRO_present_hmm.xml (RunModel)" time="0.177" />
  <testcase classname="ptolemy.util.test.junit.AutoTests" name="[4] /home/travis/build/icyphy/ptII/ptolemy/domains/modal/test/auto/AMICoderExample.xml (RunModel)" time="0.067" />
  <testcase classname="ptolemy.util.test.junit.AutoTests" name="[5] /home/travis/build/icyphy/ptII/ptolemy/domains/modal/test/auto/AbsentToPresent.xml (RunModel)" time="0.022" />
  <testcase classname="ptolemy.util.test.junit.AutoTests" name="[6] /home/travis/build/icyphy/ptII/ptolemy/domains/modal/test/auto/Blending.xml (RunModel)" time="0.23" />
  <testcase classname="ptolemy.util.test.junit.AutoTests" name="[7] /home/travis/build/icyphy/ptII/ptolemy/domains/modal/test/auto/Broadcast.xml (RunModel)" time="0.046" />
  <testcase classname="ptolemy.util.test.junit.AutoTests" name="[8] /home/travis/build/icyphy/ptII/ptolemy/domains/modal/test/auto/BroadcastHierarchy.xml (RunModel)" time="0.068" />
  <testcase classname="ptolemy.util.test.junit.AutoTests" name="[9] /home/travis/build/icyphy/ptII/ptolemy/domains/modal/test/auto/BroadcastHierarchy2.xml (RunModel)" time="0.126" />
  <testcase classname="ptolemy.util.test.junit.AutoTests" name="[10] /home/travis/build/icyphy/ptII/ptolemy/domains/modal/test/auto/BroadcastHierarchy3.xml (RunModel)" time="0.125" />
  <testcase classname="ptolemy.util.test.junit.AutoTests" name="[11] /home/travis/build/icyphy/ptII/ptolemy/domains/modal/test/auto/BroadcastHierarchy4.xml (RunModel)" time="0.108" />
  <testcase classname="ptolemy.util.test.junit.AutoTests" name="[12] /home/travis/build/icyphy/ptII/ptolemy/domains/modal/test/auto/CannotAnalysisWithPreemption2.xml (RunModel)" time="0.035" />
  <testcase classname="ptolemy.util.test.junit.AutoTests" name="[13] /home/travis/build/icyphy/ptII/ptolemy/domains/modal/test/auto/CannotAnalysisWithPreemption3.xml (RunModel)" time="0.056" />
  <testcase classname="ptolemy.util.test.junit.AutoTests" name="[14] /home/travis/build/icyphy/ptII/ptolemy/domains/modal/test/auto/CannotProduce.xml (RunModel)" time="0.035" />
  <testcase classname="ptolemy.util.test.junit.AutoTests" name="[15] /home/travis/build/icyphy/ptII/ptolemy/domains/modal/test/auto/CannotProduceModal.xml (RunModel)" time="0.036" />
  <testcase classname="ptolemy.util.test.junit.AutoTests" name="[16] /home/travis/build/icyphy/ptII/ptolemy/domains/modal/test/auto/Case.xml (RunModel)" time="0.11" />
  <testcase classname="ptolemy.util.test.junit.AutoTests" name="[17] /home/travis/build/icyphy/ptII/ptolemy/domains/modal/test/auto/Case1.xml (RunModel)" time="0.043" />
  <testcase classname="ptolemy.util.test.junit.AutoTests" name="[18] /home/travis/build/icyphy/ptII/ptolemy/domains/modal/test/auto/Case2.xml (RunModel)" time="0.064" />
  <testcase classname="ptolemy.util.test.junit.AutoTests" name="[19] /home/travis/build/icyphy/ptII/ptolemy/domains/modal/test/auto/CausalityInterface1.xml (RunModel)" time="0.026" />
  <testcase classname="ptolemy.util.test.junit.AutoTests" name="[20] /home/travis/build/icyphy/ptII/ptolemy/domains/modal/test/auto/CausalityInterface10.xml (RunModel)" time="0.054" />
  <testcase classname="ptolemy.util.test.junit.AutoTests" name="[21] /home/travis/build/icyphy/ptII/ptolemy/domains/modal/test/auto/CausalityInterface11.xml (RunModel)" time="0.059" />
  <testcase classname="ptolemy.util.test.junit.AutoTests" name="[22] /home/travis/build/icyphy/ptII/ptolemy/domains/modal/test/auto/CausalityInterface12.xml (RunModel)" time="0.056" />
  <testcase classname="ptolemy.util.test.junit.AutoTests" name="[23] /home/travis/build/icyphy/ptII/ptolemy/domains/modal/test/auto/CausalityInterface13.xml (RunModel)" time="0.066" />
  <testcase classname="ptolemy.util.test.junit.AutoTests" name="[24] /home/travis/build/icyphy/ptII/ptolemy/domains/modal/test/auto/CausalityInterface14.xml (RunModel)" time="0.052" />
  <testcase classname="ptolemy.util.test.junit.AutoTests" name="[25] /home/travis/build/icyphy/ptII/ptolemy/domains/modal/test/auto/CausalityInterface2.xml (RunModel)" time="0.044" />
  <testcase classname="ptolemy.util.test.junit.AutoTests" name="[26] /home/travis/build/icyphy/ptII/ptolemy/domains/modal/test/auto/CausalityInterface3.xml (RunModel)" time="0.021" />
  <testcase classname="ptolemy.util.test.junit.AutoTests" name="[27] /home/travis/build/icyphy/ptII/ptolemy/domains/modal/test/auto/CausalityInterface4.xml (RunModel)" time="0.031" />
  <testcase classname="ptolemy.util.test.junit.AutoTests" name="[28] /home/travis/build/icyphy/ptII/ptolemy/domains/modal/test/auto/CausalityInterface5.xml (RunModel)" time="0.024" />
  <testcase classname="ptolemy.util.test.junit.AutoTests" name="[29] /home/travis/build/icyphy/ptII/ptolemy/domains/modal/test/auto/CausalityInterface6.xml (RunModel)" time="0.048" />
  <testcase classname="ptolemy.util.test.junit.AutoTests" name="[30] /home/travis/build/icyphy/ptII/ptolemy/domains/modal/test/auto/CausalityInterface7.xml (RunModel)" time="0.029" />
  <testcase classname="ptolemy.util.test.junit.AutoTests" name="[31] /home/travis/build/icyphy/ptII/ptolemy/domains/modal/test/auto/CausalityInterface8.xml (RunModel)" time="0.035" />
  <testcase classname="ptolemy.util.test.junit.AutoTests" name="[32] /home/travis/build/icyphy/ptII/ptolemy/domains/modal/test/auto/CausalityInterface9.xml (RunModel)" time="0.037" />
  <testcase classname="ptolemy.util.test.junit.AutoTests" name="[33] /home/travis/build/icyphy/ptII/ptolemy/domains/modal/test/auto/ChainedTransitions.xml (RunModel)" time="0.188" />
  <testcase classname="ptolemy.util.test.junit.AutoTests" name="[34] /home/travis/build/icyphy/ptII/ptolemy/domains/modal/test/auto/CycleOfImmediateTransitionsFSM.xml (RunModel)" time="0.021" />
  <testcase classname="ptolemy.util.test.junit.AutoTests" name="[35] /home/travis/build/icyphy/ptII/ptolemy/domains/modal/test/auto/CycleOfImmediateTransitionsModal.xml (RunModel)" time="0.025" />
  <testcase classname="ptolemy.util.test.junit.AutoTests" name="[36] /home/travis/build/icyphy/ptII/ptolemy/domains/modal/test/auto/CycleOfImmediateTransitionsModal2.xml (RunModel)" time="0.034" />
  <testcase classname="ptolemy.util.test.junit.AutoTests" name="[37] /home/travis/build/icyphy/ptII/ptolemy/domains/modal/test/auto/CycleOfImmediateTransitionsModal3.xml (RunModel)" time="0.07" />
  <testcase classname="ptolemy.util.test.junit.AutoTests" name="[38] /home/travis/build/icyphy/ptII/ptolemy/domains/modal/test/auto/DeepModal1.xml (RunModel)" time="0.052" />
  <testcase classname="ptolemy.util.test.junit.AutoTests" name="[39] /home/travis/build/icyphy/ptII/ptolemy/domains/modal/test/auto/DeepModal2.xml (RunModel)" time="0.055" />
  <testcase classname="ptolemy.util.test.junit.AutoTests" name="[40] /home/travis/build/icyphy/ptII/ptolemy/domains/modal/test/auto/DeepModal3.xml (RunModel)" time="0.08" />
  <testcase classname="ptolemy.util.test.junit.AutoTests" name="[41] /home/travis/build/icyphy/ptII/ptolemy/domains/modal/test/auto/DeepModal4.xml (RunModel)" time="0.084" />
  <testcase classname="ptolemy.util.test.junit.AutoTests" name="[42] /home/travis/build/icyphy/ptII/ptolemy/domains/modal/test/auto/Default1.xml (RunModel)" time="0.021" />
  <testcase classname="ptolemy.util.test.junit.AutoTests" name="[43] /home/travis/build/icyphy/ptII/ptolemy/domains/modal/test/auto/Default2.xml (RunModel)" time="0.021" />
  <testcase classname="ptolemy.util.test.junit.AutoTests" name="[44] /home/travis/build/icyphy/ptII/ptolemy/domains/modal/test/auto/Default3.xml (RunModel)" time="0.022" />
  <testcase classname="ptolemy.util.test.junit.AutoTests" name="[45] /home/travis/build/icyphy/ptII/ptolemy/domains/modal/test/auto/Default4.xml (RunModel)" time="0.033" />
  <testcase classname="ptolemy.util.test.junit.AutoTests" name="[46] /home/travis/build/icyphy/ptII/ptolemy/domains/modal/test/auto/Default5.xml (RunModel)" time="0.031" />
  <testcase classname="ptolemy.util.test.junit.AutoTests" name="[47] /home/travis/build/icyphy/ptII/ptolemy/domains/modal/test/auto/EmptyGuard.xml (RunModel)" time="0.041" />
  <testcase classname="ptolemy.util.test.junit.AutoTests" name="[48] /home/travis/build/icyphy/ptII/ptolemy/domains/modal/test/auto/ErrorTransition1.xml (RunModel)" time="0.035" />
  <testcase classname="ptolemy.util.test.junit.AutoTests" name="[49] /home/travis/build/icyphy/ptII/ptolemy/domains/modal/test/auto/ErrorTransition10.xml (RunModel)" time="0.062" />
  <testcase classname="ptolemy.util.test.junit.AutoTests" name="[50] /home/travis/build/icyphy/ptII/ptolemy/domains/modal/test/auto/ErrorTransition11.xml (RunModel)" time="0.041" />
  <testcase classname="ptolemy.util.test.junit.AutoTests" name="[51] /home/travis/build/icyphy/ptII/ptolemy/domains/modal/test/auto/ErrorTransition2.xml (RunModel)" time="0.028" />
  <testcase classname="ptolemy.util.test.junit.AutoTests" name="[52] /home/travis/build/icyphy/ptII/ptolemy/domains/modal/test/auto/ErrorTransition3.xml (RunModel)" time="0.042" />
  <testcase classname="ptolemy.util.test.junit.AutoTests" name="[53] /home/travis/build/icyphy/ptII/ptolemy/domains/modal/test/auto/ErrorTransition4.xml (RunModel)" time="0.053" />
  <testcase classname="ptolemy.util.test.junit.AutoTests" name="[54] /home/travis/build/icyphy/ptII/ptolemy/domains/modal/test/auto/ErrorTransition5.xml (RunModel)" time="0.035" />
  <testcase classname="ptolemy.util.test.junit.AutoTests" name="[55] /home/travis/build/icyphy/ptII/ptolemy/domains/modal/test/auto/ErrorTransition6.xml (RunModel)" time="0.038" />
  <testcase classname="ptolemy.util.test.junit.AutoTests" name="[56] /home/travis/build/icyphy/ptII/ptolemy/domains/modal/test/auto/ErrorTransition7.xml (RunModel)" time="0.071" />
  <testcase classname="ptolemy.util.test.junit.AutoTests" name="[57] /home/travis/build/icyphy/ptII/ptolemy/domains/modal/test/auto/ErrorTransition8.xml (RunModel)" time="0.067" />
  <testcase classname="ptolemy.util.test.junit.AutoTests" name="[58] /home/travis/build/icyphy/ptII/ptolemy/domains/modal/test/auto/ErrorTransition9.xml (RunModel)" time="0.046" />
  <testcase classname="ptolemy.util.test.junit.AutoTests" name="[59] /home/travis/build/icyphy/ptII/ptolemy/domains/modal/test/auto/ExtendedFSM.xml (RunModel)" time="0.025" />
  <testcase classname="ptolemy.util.test.junit.AutoTests" name="[60] /home/travis/build/icyphy/ptII/ptolemy/domains/modal/test/auto/FinalStates.xml (RunModel)" time="0.024" />
  <testcase classname="ptolemy.util.test.junit.AutoTests" name="[61] /home/travis/build/icyphy/ptII/ptolemy/domains/modal/test/auto/FixedPointFSM.xml (RunModel)" time="0.046" />
  <testcase classname="ptolemy.util.test.junit.AutoTests" name="[62] /home/travis/build/icyphy/ptII/ptolemy/domains/modal/test/auto/FixedPointIterationFSMActor.xml (RunModel)" time="0.032" />
  <testcase classname="ptolemy.util.test.junit.AutoTests" name="[63] /home/travis/build/icyphy/ptII/ptolemy/domains/modal/test/auto/FixedPointIterationFSMActor2.xml (RunModel)" time="0.034" />
  <testcase classname="ptolemy.util.test.junit.AutoTests" name="[64] /home/travis/build/icyphy/ptII/ptolemy/domains/modal/test/auto/ForbiddenInstantanousLoop.xml (RunModel)" time="0.04" />
  <testcase classname="ptolemy.util.test.junit.AutoTests" name="[65] /home/travis/build/icyphy/ptII/ptolemy/domains/modal/test/auto/FunctionDependencyOfFSMActorTest.xml (RunModel)" time="0.033" />
  <testcase classname="ptolemy.util.test.junit.AutoTests" name="[66] /home/travis/build/icyphy/ptII/ptolemy/domains/modal/test/auto/GuardExpression.xml (RunModel)" time="0.016" />
  <testcase classname="ptolemy.util.test.junit.AutoTests" name="[67] /home/travis/build/icyphy/ptII/ptolemy/domains/modal/test/auto/GuardNotEvaluated.xml (RunModel)" time="0.03" />
  <testcase classname="ptolemy.util.test.junit.AutoTests" name="[68] /home/travis/build/icyphy/ptII/ptolemy/domains/modal/test/auto/GuardNotEvaluated2.xml (RunModel)" time="0.03" />
  <testcase classname="ptolemy.util.test.junit.AutoTests" name="[69] /home/travis/build/icyphy/ptII/ptolemy/domains/modal/test/auto/GuardOnAbsent.xml (RunModel)" time="0.043" />
  <testcase classname="ptolemy.util.test.junit.AutoTests" name="[70] /home/travis/build/icyphy/ptII/ptolemy/domains/modal/test/auto/HierarchicalFSMTypeInference.xml (RunModel)" time="0.029" />
  <testcase classname="ptolemy.util.test.junit.AutoTests" name="[71] /home/travis/build/icyphy/ptII/ptolemy/domains/modal/test/auto/Hysteresis.xml (RunModel)" time="0.046" />
  <testcase classname="ptolemy.util.test.junit.AutoTests" name="[72] /home/travis/build/icyphy/ptII/ptolemy/domains/modal/test/auto/HysteresisWithDefault.xml (RunModel)" time="0.068" />
  <testcase classname="ptolemy.util.test.junit.AutoTests" name="[73] /home/travis/build/icyphy/ptII/ptolemy/domains/modal/test/auto/HysteresisWithDefault2.xml (RunModel)" time="0.073" />
  <testcase classname="ptolemy.util.test.junit.AutoTests" name="[74] /home/travis/build/icyphy/ptII/ptolemy/domains/modal/test/auto/ImmediateNonConstructiveness.xml (RunModel)" time="0.018" />
  <testcase classname="ptolemy.util.test.junit.AutoTests" name="[75] /home/travis/build/icyphy/ptII/ptolemy/domains/modal/test/auto/ImmediateNonConstructiveness2.xml (RunModel)" time="0.018" />
  <testcase classname="ptolemy.util.test.junit.AutoTests" name="[76] /home/travis/build/icyphy/ptII/ptolemy/domains/modal/test/auto/ImmediateTransitionReset.xml (RunModel)" time="0.033" />
  <testcase classname="ptolemy.util.test.junit.AutoTests" name="[77] /home/travis/build/icyphy/ptII/ptolemy/domains/modal/test/auto/ImmediateTransitions1.xml (RunModel)" time="0.013" />
  <testcase classname="ptolemy.util.test.junit.AutoTests" name="[78] /home/travis/build/icyphy/ptII/ptolemy/domains/modal/test/auto/ImmediateTransitionsInstantaneousCommunication.xml (RunModel)" time="0.03" />
  <testcase classname="ptolemy.util.test.junit.AutoTests" name="[79] /home/travis/build/icyphy/ptII/ptolemy/domains/modal/test/auto/InitialImmediateTransition.xml (RunModel)" time="0.016" />
  <testcase classname="ptolemy.util.test.junit.AutoTests" name="[80] /home/travis/build/icyphy/ptII/ptolemy/domains/modal/test/auto/InitialOutputs.xml (RunModel)" time="0.017" />
  <testcase classname="ptolemy.util.test.junit.AutoTests" name="[81] /home/travis/build/icyphy/ptII/ptolemy/domains/modal/test/auto/InitialStateTransition1.xml (RunModel)" time="0.021" />
  <testcase classname="ptolemy.util.test.junit.AutoTests" name="[82] /home/travis/build/icyphy/ptII/ptolemy/domains/modal/test/auto/InitialStateTransition2.xml (RunModel)" time="0.029" />
  <testcase classname="ptolemy.util.test.junit.AutoTests" name="[83] /home/travis/build/icyphy/ptII/ptolemy/domains/modal/test/auto/InitialStateTransition3.xml (RunModel)" time="0.027" />
  <testcase classname="ptolemy.util.test.junit.AutoTests" name="[84] /home/travis/build/icyphy/ptII/ptolemy/domains/modal/test/auto/InitialStateTransition4.xml (RunModel)" time="0.041" />
  <testcase classname="ptolemy.util.test.junit.AutoTests" name="[85] /home/travis/build/icyphy/ptII/ptolemy/domains/modal/test/auto/MalformedGuardExpressionNotCaught.xml (RunModel)" time="0.026" />
  <testcase classname="ptolemy.util.test.junit.AutoTests" name="[86] /home/travis/build/icyphy/ptII/ptolemy/domains/modal/test/auto/ModalBSC.xml (RunModel)" time="0.106" />
  <testcase classname="ptolemy.util.test.junit.AutoTests" name="[87] /home/travis/build/icyphy/ptII/ptolemy/domains/modal/test/auto/ModalClocks.xml (RunModel)" time="0.115" />
  <testcase classname="ptolemy.util.test.junit.AutoTests" name="[88] /home/travis/build/icyphy/ptII/ptolemy/domains/modal/test/auto/ModalDelay.xml (RunModel)" time="0.051" />
  <testcase classname="ptolemy.util.test.junit.AutoTests" name="[89] /home/travis/build/icyphy/ptII/ptolemy/domains/modal/test/auto/ModalDelay2.xml (RunModel)" time="0.046" />
  <testcase classname="ptolemy.util.test.junit.AutoTests" name="[90] /home/travis/build/icyphy/ptII/ptolemy/domains/modal/test/auto/ModalModelFromMemo.xml (RunModel)" time="0.062" />
  <testcase classname="ptolemy.util.test.junit.AutoTests" name="[91] /home/travis/build/icyphy/ptII/ptolemy/domains/modal/test/auto/ModalModelWithMultirateTransient.xml (RunModel)" time="0.06" />
  <testcase classname="ptolemy.util.test.junit.AutoTests" name="[92] /home/travis/build/icyphy/ptII/ptolemy/domains/modal/test/auto/ModalModelWithReset.xml (RunModel)" time="0.054" />
  <testcase classname="ptolemy.util.test.junit.AutoTests" name="[93] /home/travis/build/icyphy/ptII/ptolemy/domains/modal/test/auto/MouseClickFSM.xml (RunModel)" time="0.046" />
  <testcase classname="ptolemy.util.test.junit.AutoTests" name="[94] /home/travis/build/icyphy/ptII/ptolemy/domains/modal/test/auto/MouseClickFSMModal.xml (RunModel)" time="0.052" />
  <testcase classname="ptolemy.util.test.junit.AutoTests" name="[95] /home/travis/build/icyphy/ptII/ptolemy/domains/modal/test/auto/NonStrictFSM_FeedbackLoop.xml (RunModel)" time="0.059" />
  <testcase classname="ptolemy.util.test.junit.AutoTests" name="[96] /home/travis/build/icyphy/ptII/ptolemy/domains/modal/test/auto/NonStrictFSM_FeedbackLoop_Refinement.xml (RunModel)" time="0.088" />
  <testcase classname="ptolemy.util.test.junit.AutoTests" name="[97] /home/travis/build/icyphy/ptII/ptolemy/domains/modal/test/auto/NonStrictFSM_FeedbackLoop_preemptive.xml (RunModel)" time="0.052" />
  <testcase classname="ptolemy.util.test.junit.AutoTests" name="[98] /home/travis/build/icyphy/ptII/ptolemy/domains/modal/test/auto/NormalTermination.xml (RunModel)" time="0.048" />
  <testcase classname="ptolemy.util.test.junit.AutoTests" name="[99] /home/travis/build/icyphy/ptII/ptolemy/domains/modal/test/auto/Pong.xml (RunModel)" time="0.082" />
  <testcase classname="ptolemy.util.test.junit.AutoTests" name="[100] /home/travis/build/icyphy/ptII/ptolemy/domains/modal/test/auto/Pong_test.xml (RunModel)" time="0.108" />
  <testcase classname="ptolemy.util.test.junit.AutoTests" name="[101] /home/travis/build/icyphy/ptII/ptolemy/domains/modal/test/auto/PreemptionHierarchy.xml (RunModel)" time="0.025" />
  <testcase classname="ptolemy.util.test.junit.AutoTests" name="[102] /home/travis/build/icyphy/ptII/ptolemy/domains/modal/test/auto/PreemptionHierarchy2.xml (RunModel)" time="0.032" />
  <testcase classname="ptolemy.util.test.junit.AutoTests" name="[103] /home/travis/build/icyphy/ptII/ptolemy/domains/modal/test/auto/PreemptiveTransition.xml (RunModel)" time="0.023" />
  <testcase classname="ptolemy.util.test.junit.AutoTests" name="[104] /home/travis/build/icyphy/ptII/ptolemy/domains/modal/test/auto/Priorities.xml (RunModel)" time="0.126" />
  <testcase classname="ptolemy.util.test.junit.AutoTests" name="[105] /home/travis/build/icyphy/ptII/ptolemy/domains/modal/test/auto/ResetFinal.xml (RunModel)" time="0.047" />
  <testcase classname="ptolemy.util.test.junit.AutoTests" name="[106] /home/travis/build/icyphy/ptII/ptolemy/domains/modal/test/auto/ResetFinal2.xml (RunModel)" time="0.036" />
  <testcase classname="ptolemy.util.test.junit.AutoTests" name="[107] /home/travis/build/icyphy/ptII/ptolemy/domains/modal/test/auto/ResetTransitionWithStartTime.xml (RunModel)" time="0.032" />
  <testcase classname="ptolemy.util.test.junit.AutoTests" name="[108] /home/travis/build/icyphy/ptII/ptolemy/domains/modal/test/auto/SDF-FSMComposite.xml (RunModel)" time="0.021" />
  <testcase classname="ptolemy.util.test.junit.AutoTests" name="[109] /home/travis/build/icyphy/ptII/ptolemy/domains/modal/test/auto/SeeminglyNondeterminate.xml (RunModel)" time="0.066" />
  <testcase classname="ptolemy.util.test.junit.AutoTests" name="[110] /home/travis/build/icyphy/ptII/ptolemy/domains/modal/test/auto/SeeminglyNondeterminate2.xml (RunModel)" time="0.07" />
  <testcase classname="ptolemy.util.test.junit.AutoTests" name="[111] /home/travis/build/icyphy/ptII/ptolemy/domains/modal/test/auto/SpontaneousFSM.xml (RunModel)" time="0.038" />
  <testcase classname="ptolemy.util.test.junit.AutoTests" name="[112] /home/travis/build/icyphy/ptII/ptolemy/domains/modal/test/auto/SpontaneousFSM2.xml (RunModel)" time="0.03" />
  <testcase classname="ptolemy.util.test.junit.AutoTests" name="[113] /home/travis/build/icyphy/ptII/ptolemy/domains/modal/test/auto/SpontaneousFSM3.xml (RunModel)" time="0.039" />
  <testcase classname="ptolemy.util.test.junit.AutoTests" name="[114] /home/travis/build/icyphy/ptII/ptolemy/domains/modal/test/auto/SpontaneousFSM4.xml (RunModel)" time="0.05" />
  <testcase classname="ptolemy.util.test.junit.AutoTests" name="[115] /home/travis/build/icyphy/ptII/ptolemy/domains/modal/test/auto/StateTrackerTest.xml (RunModel)" time="0.092" />
  <testcase classname="ptolemy.util.test.junit.AutoTests" name="[116] /home/travis/build/icyphy/ptII/ptolemy/domains/modal/test/auto/StrongImmediateTransition.xml (RunModel)" time="0.03" />
  <testcase classname="ptolemy.util.test.junit.AutoTests" name="[117] /home/travis/build/icyphy/ptII/ptolemy/domains/modal/test/auto/SustainHierarchy.xml (RunModel)" time="0.032" />
  <testcase classname="ptolemy.util.test.junit.AutoTests" name="[118] /home/travis/build/icyphy/ptII/ptolemy/domains/modal/test/auto/TerminationTransition1.xml (RunModel)" time="0.019" />
  <testcase classname="ptolemy.util.test.junit.AutoTests" name="[119] /home/travis/build/icyphy/ptII/ptolemy/domains/modal/test/auto/TerminationTransition2.xml (RunModel)" time="0.027" />
  <testcase classname="ptolemy.util.test.junit.AutoTests" name="[120] /home/travis/build/icyphy/ptII/ptolemy/domains/modal/test/auto/TerminationTransition3.xml (RunModel)" time="0.023" />
  <testcase classname="ptolemy.util.test.junit.AutoTests" name="[121] /home/travis/build/icyphy/ptII/ptolemy/domains/modal/test/auto/TerminationTransition4.xml (RunModel)" time="0.038" />
  <testcase classname="ptolemy.util.test.junit.AutoTests" name="[122] /home/travis/build/icyphy/ptII/ptolemy/domains/modal/test/auto/TerminationTransition5.xml (RunModel)" time="0.032" />
  <testcase classname="ptolemy.util.test.junit.AutoTests" name="[123] /home/travis/build/icyphy/ptII/ptolemy/domains/modal/test/auto/TerminationTransition6.xml (RunModel)" time="0.025" />
  <testcase classname="ptolemy.util.test.junit.AutoTests" name="[124] /home/travis/build/icyphy/ptII/ptolemy/domains/modal/test/auto/TerminationTransition7.xml (RunModel)" time="0.022" />
  <testcase classname="ptolemy.util.test.junit.AutoTests" name="[125] /home/travis/build/icyphy/ptII/ptolemy/domains/modal/test/auto/TerminationTransition8.xml (RunModel)" time="0.023" />
  <testcase classname="ptolemy.util.test.junit.AutoTests" name="[126] /home/travis/build/icyphy/ptII/ptolemy/domains/modal/test/auto/Thermostat_NoHysteresis.xml (RunModel)" time="0.087" />
  <testcase classname="ptolemy.util.test.junit.AutoTests" name="[127] /home/travis/build/icyphy/ptII/ptolemy/domains/modal/test/auto/TimedFSM.xml (RunModel)" time="0.038" />
  <testcase classname="ptolemy.util.test.junit.AutoTests" name="[128] /home/travis/build/icyphy/ptII/ptolemy/domains/modal/test/auto/Timeout1.xml (RunModel)" time="0.015" />
  <testcase classname="ptolemy.util.test.junit.AutoTests" name="[129] /home/travis/build/icyphy/ptII/ptolemy/domains/modal/test/auto/Timeout2.xml (RunModel)" time="0.023" />
  <testcase classname="ptolemy.util.test.junit.AutoTests" name="[130] /home/travis/build/icyphy/ptII/ptolemy/domains/modal/test/auto/Timeout3.xml (RunModel)" time="0.011" />
  <testcase classname="ptolemy.util.test.junit.AutoTests" name="[131] /home/travis/build/icyphy/ptII/ptolemy/domains/modal/test/auto/Timeout4.xml (RunModel)" time="0.012" />
  <testcase classname="ptolemy.util.test.junit.AutoTests" name="[132] /home/travis/build/icyphy/ptII/ptolemy/domains/modal/test/auto/TransientstateModelAdvanced.xml (RunModel)" time="0.028" />
  <testcase classname="ptolemy.util.test.junit.AutoTests" name="[133] /home/travis/build/icyphy/ptII/ptolemy/domains/modal/test/auto/TransientstateModelAdvanced2.xml (RunModel)" time="0.033" />
  <testcase classname="ptolemy.util.test.junit.AutoTests" name="[134] /home/travis/build/icyphy/ptII/ptolemy/domains/modal/test/auto/TransitionRefinements.xml (RunModel)" time="0.041" />
  <testcase classname="ptolemy.util.test.junit.AutoTests" name="[135] /home/travis/build/icyphy/ptII/ptolemy/domains/modal/test/auto/TwoRefinements1.xml (RunModel)" time="0.027" />
  <testcase classname="ptolemy.util.test.junit.AutoTests" name="[136] /home/travis/build/icyphy/ptII/ptolemy/domains/modal/test/auto/TwoRefinements2.xml (RunModel)" time="0.026" />
  <testcase classname="ptolemy.util.test.junit.AutoTests" name="[137] /home/travis/build/icyphy/ptII/ptolemy/domains/modal/test/auto/WeakImmediateTransition.xml (RunModel)" time="0.022" />
  <testcase classname="ptolemy.util.test.junit.AutoTests" name="[138] /home/travis/build/icyphy/ptII/ptolemy/domains/modal/test/auto/booleanSelect.xml (RunModel)" time="0.054" />
  <testcase classname="ptolemy.util.test.junit.AutoTests" name="[139] /home/travis/build/icyphy/ptII/ptolemy/domains/modal/test/auto/modalChangingParams.xml (RunModel)" time="0.333" />
  <testcase classname="ptolemy.util.test.junit.AutoTests" name="[140] /home/travis/build/icyphy/ptII/ptolemy/domains/modal/test/auto/modalModel.xml (RunModel)" time="0.04" />
  <testcase classname="ptolemy.util.test.junit.AutoTests" name="[141] /home/travis/build/icyphy/ptII/ptolemy/domains/modal/test/auto/modalModel2.xml (RunModel)" time="0.036" />
  <testcase classname="ptolemy.util.test.junit.AutoTests" name="[142] /home/travis/build/icyphy/ptII/ptolemy/domains/modal/test/auto/modalModel3.xml (RunModel)" time="0.048" />
  <testcase classname="ptolemy.util.test.junit.AutoTests" name="[143] /home/travis/build/icyphy/ptII/ptolemy/domains/modal/test/auto/model1.xml (RunModel)" time="0.033" />
  <testcase classname="ptolemy.util.test.junit.AutoTests" name="[144] /home/travis/build/icyphy/ptII/ptolemy/domains/modal/test/auto/test-direct-in-out.xml (RunModel)" time="0.029" />
  <system-out><![CDATA[/home/travis/build/icyphy/ptII/ptolemy/domains/modal/test/SystemLevelType.tcl
testDefs.tcl: setting time out to 9000 seconds at Sat Jul 20 15:43:55 UTC 2019
07/20/19 03:43:57
Failed: 0  Total Tests: 1  ((Passed: 1, Newly Passed: 0)  Known Failed: 0) /home/travis/build/icyphy/ptII/ptolemy/domains/modal/test
----------------- testing (KnownFailure) /home/travis/build/icyphy/ptII/ptolemy/domains/modal/test/auto/knownFailedTests/CannotAnalysisWithPreemption.xml
157 ms. Memory: 120832K Free: 44053K (36%)
Known Failure: java.lang.reflect.InvocationTargetException
No auto/linux-amd64/*.xml tests in /home/travis/build/icyphy/ptII/ptolemy/domains/modal/test
AutoTests.java: About to close Vertx.
AutoTests.java: Vertx closed.

===========================================================================================
----------------- testing Sat Jul 20 15:43:58 UTC 2019 /home/travis/build/icyphy/ptII/ptolemy/domains/modal/test/auto/ABPTest.xml
----------------- Instantiating /home/travis/build/icyphy/ptII/ptolemy/domains/modal/test/auto/ABPTest.xml
353 ms. Memory: 163840K Free: 110943K (68%)
----------------- Invoking toplevel() on ptolemy.moml.MoMLSimpleApplication@2b4e0e23
----------------- Done invoking toplevel() on ptolemy.moml.MoMLSimpleApplication@2b4e0e23
reloadAllAccessors: .ABPTest

===========================================================================================
----------------- testing Sat Jul 20 15:43:59 UTC 2019 /home/travis/build/icyphy/ptII/ptolemy/domains/modal/test/auto/ABROFlat.xml
----------------- Instantiating /home/travis/build/icyphy/ptII/ptolemy/domains/modal/test/auto/ABROFlat.xml
14 ms. Memory: 163840K Free: 95039K (58%)
----------------- Invoking toplevel() on ptolemy.moml.MoMLSimpleApplication@2d0caff
----------------- Done invoking toplevel() on ptolemy.moml.MoMLSimpleApplication@2d0caff
reloadAllAccessors: .ABROFlat

===========================================================================================
----------------- testing Sat Jul 20 15:43:59 UTC 2019 /home/travis/build/icyphy/ptII/ptolemy/domains/modal/test/auto/ABROFlat2.xml
----------------- Instantiating /home/travis/build/icyphy/ptII/ptolemy/domains/modal/test/auto/ABROFlat2.xml
20 ms. Memory: 163840K Free: 78175K (48%)
----------------- Invoking toplevel() on ptolemy.moml.MoMLSimpleApplication@1a78d927
----------------- Done invoking toplevel() on ptolemy.moml.MoMLSimpleApplication@1a78d927
reloadAllAccessors: .ABROFlat2

===========================================================================================
----------------- testing Sat Jul 20 15:43:59 UTC 2019 /home/travis/build/icyphy/ptII/ptolemy/domains/modal/test/auto/ABRO_present_hmm.xml
----------------- Instantiating /home/travis/build/icyphy/ptII/ptolemy/domains/modal/test/auto/ABRO_present_hmm.xml
34 ms. Memory: 163840K Free: 130407K (80%)
----------------- Invoking toplevel() on ptolemy.moml.MoMLSimpleApplication@69af27f1
----------------- Done invoking toplevel() on ptolemy.moml.MoMLSimpleApplication@69af27f1
reloadAllAccessors: .ABRO_present_hmm

===========================================================================================
----------------- testing Sat Jul 20 15:43:59 UTC 2019 /home/travis/build/icyphy/ptII/ptolemy/domains/modal/test/auto/AMICoderExample.xml
----------------- Instantiating /home/travis/build/icyphy/ptII/ptolemy/domains/modal/test/auto/AMICoderExample.xml
28 ms. Memory: 163840K Free: 120167K (73%)
----------------- Invoking toplevel() on ptolemy.moml.MoMLSimpleApplication@67abc323
----------------- Done invoking toplevel() on ptolemy.moml.MoMLSimpleApplication@67abc323
reloadAllAccessors: .AMICoderExample

===========================================================================================
----------------- testing Sat Jul 20 15:43:59 UTC 2019 /home/travis/build/icyphy/ptII/ptolemy/domains/modal/test/auto/AbsentToPresent.xml
----------------- Instantiating /home/travis/build/icyphy/ptII/ptolemy/domains/modal/test/auto/AbsentToPresent.xml
4 ms. Memory: 163840K Free: 115472K (70%)
----------------- Invoking toplevel() on ptolemy.moml.MoMLSimpleApplication@7c994e5f
----------------- Done invoking toplevel() on ptolemy.moml.MoMLSimpleApplication@7c994e5f
reloadAllAccessors: .AbsentToPresent

===========================================================================================
----------------- testing Sat Jul 20 15:43:59 UTC 2019 /home/travis/build/icyphy/ptII/ptolemy/domains/modal/test/auto/Blending.xml
----------------- Instantiating /home/travis/build/icyphy/ptII/ptolemy/domains/modal/test/auto/Blending.xml
141 ms. Memory: 163840K Free: 71015K (43%)
----------------- Invoking toplevel() on ptolemy.moml.MoMLSimpleApplication@1ab62a5a
----------------- Done invoking toplevel() on ptolemy.moml.MoMLSimpleApplication@1ab62a5a
reloadAllAccessors: .Blending

===========================================================================================
----------------- testing Sat Jul 20 15:43:59 UTC 2019 /home/travis/build/icyphy/ptII/ptolemy/domains/modal/test/auto/Broadcast.xml
----------------- Instantiating /home/travis/build/icyphy/ptII/ptolemy/domains/modal/test/auto/Broadcast.xml
10 ms. Memory: 163840K Free: 60261K (37%)
----------------- Invoking toplevel() on ptolemy.moml.MoMLSimpleApplication@4a06fd02
----------------- Done invoking toplevel() on ptolemy.moml.MoMLSimpleApplication@4a06fd02
reloadAllAccessors: .Broadcast

===========================================================================================
----------------- testing Sat Jul 20 15:43:59 UTC 2019 /home/travis/build/icyphy/ptII/ptolemy/domains/modal/test/auto/BroadcastHierarchy.xml
----------------- Instantiating /home/travis/build/icyphy/ptII/ptolemy/domains/modal/test/auto/BroadcastHierarchy.xml
14 ms. Memory: 232448K Free: 207717K (89%)
----------------- Invoking toplevel() on ptolemy.moml.MoMLSimpleApplication@6f91a253
----------------- Done invoking toplevel() on ptolemy.moml.MoMLSimpleApplication@6f91a253
reloadAllAccessors: .BroadcastHierarchy

===========================================================================================
----------------- testing Sat Jul 20 15:44:00 UTC 2019 /home/travis/build/icyphy/ptII/ptolemy/domains/modal/test/auto/BroadcastHierarchy2.xml
----------------- Instantiating /home/travis/build/icyphy/ptII/ptolemy/domains/modal/test/auto/BroadcastHierarchy2.xml
19 ms. Memory: 232448K Free: 180583K (78%)
----------------- Invoking toplevel() on ptolemy.moml.MoMLSimpleApplication@de6f469
----------------- Done invoking toplevel() on ptolemy.moml.MoMLSimpleApplication@de6f469
reloadAllAccessors: .BroadcastHierarchy2

===========================================================================================
----------------- testing Sat Jul 20 15:44:00 UTC 2019 /home/travis/build/icyphy/ptII/ptolemy/domains/modal/test/auto/BroadcastHierarchy3.xml
----------------- Instantiating /home/travis/build/icyphy/ptII/ptolemy/domains/modal/test/auto/BroadcastHierarchy3.xml
31 ms. Memory: 232448K Free: 160103K (69%)
----------------- Invoking toplevel() on ptolemy.moml.MoMLSimpleApplication@d5f3ed0
----------------- Done invoking toplevel() on ptolemy.moml.MoMLSimpleApplication@d5f3ed0
reloadAllAccessors: .BroadcastHierarchy3

===========================================================================================
----------------- testing Sat Jul 20 15:44:00 UTC 2019 /home/travis/build/icyphy/ptII/ptolemy/domains/modal/test/auto/BroadcastHierarchy4.xml
----------------- Instantiating /home/travis/build/icyphy/ptII/ptolemy/domains/modal/test/auto/BroadcastHierarchy4.xml
25 ms. Memory: 232448K Free: 136037K (59%)
----------------- Invoking toplevel() on ptolemy.moml.MoMLSimpleApplication@99a2d1
----------------- Done invoking toplevel() on ptolemy.moml.MoMLSimpleApplication@99a2d1
reloadAllAccessors: .BroadcastHierarchy4

===========================================================================================
----------------- testing Sat Jul 20 15:44:00 UTC 2019 /home/travis/build/icyphy/ptII/ptolemy/domains/modal/test/auto/CannotAnalysisWithPreemption2.xml
----------------- Instantiating /home/travis/build/icyphy/ptII/ptolemy/domains/modal/test/auto/CannotAnalysisWithPreemption2.xml
4 ms. Memory: 232448K Free: 128854K (55%)
----------------- Invoking toplevel() on ptolemy.moml.MoMLSimpleApplication@37be3e57
----------------- Done invoking toplevel() on ptolemy.moml.MoMLSimpleApplication@37be3e57
reloadAllAccessors: .CannotAnalysisWithPreemption2

===========================================================================================
----------------- testing Sat Jul 20 15:44:00 UTC 2019 /home/travis/build/icyphy/ptII/ptolemy/domains/modal/test/auto/CannotAnalysisWithPreemption3.xml
----------------- Instantiating /home/travis/build/icyphy/ptII/ptolemy/domains/modal/test/auto/CannotAnalysisWithPreemption3.xml
7 ms. Memory: 232448K Free: 118598K (51%)
----------------- Invoking toplevel() on ptolemy.moml.MoMLSimpleApplication@7b81722b
----------------- Done invoking toplevel() on ptolemy.moml.MoMLSimpleApplication@7b81722b
reloadAllAccessors: .CannotAnalysisWithPreemption3

===========================================================================================
----------------- testing Sat Jul 20 15:44:00 UTC 2019 /home/travis/build/icyphy/ptII/ptolemy/domains/modal/test/auto/CannotProduce.xml
----------------- Instantiating /home/travis/build/icyphy/ptII/ptolemy/domains/modal/test/auto/CannotProduce.xml
16 ms. Memory: 232448K Free: 112485K (48%)
----------------- Invoking toplevel() on ptolemy.moml.MoMLSimpleApplication@238c68e4
----------------- Done invoking toplevel() on ptolemy.moml.MoMLSimpleApplication@238c68e4
reloadAllAccessors: .CannotProduce

===========================================================================================
----------------- testing Sat Jul 20 15:44:00 UTC 2019 /home/travis/build/icyphy/ptII/ptolemy/domains/modal/test/auto/CannotProduceModal.xml
----------------- Instantiating /home/travis/build/icyphy/ptII/ptolemy/domains/modal/test/auto/CannotProduceModal.xml
9 ms. Memory: 232448K Free: 105831K (46%)
----------------- Invoking toplevel() on ptolemy.moml.MoMLSimpleApplication@54ee4bf3
----------------- Done invoking toplevel() on ptolemy.moml.MoMLSimpleApplication@54ee4bf3
reloadAllAccessors: .CannotProduceModal

===========================================================================================
----------------- testing Sat Jul 20 15:44:00 UTC 2019 /home/travis/build/icyphy/ptII/ptolemy/domains/modal/test/auto/Case.xml
----------------- Instantiating /home/travis/build/icyphy/ptII/ptolemy/domains/modal/test/auto/Case.xml
43 ms. Memory: 232448K Free: 208804K (90%)
----------------- Invoking toplevel() on ptolemy.moml.MoMLSimpleApplication@2c9d42fe
----------------- Done invoking toplevel() on ptolemy.moml.MoMLSimpleApplication@2c9d42fe
reloadAllAccessors: .Case

===========================================================================================
----------------- testing Sat Jul 20 15:44:00 UTC 2019 /home/travis/build/icyphy/ptII/ptolemy/domains/modal/test/auto/Case1.xml
----------------- Instantiating /home/travis/build/icyphy/ptII/ptolemy/domains/modal/test/auto/Case1.xml
15 ms. Memory: 232448K Free: 201126K (87%)
----------------- Invoking toplevel() on ptolemy.moml.MoMLSimpleApplication@43e7973a
----------------- Done invoking toplevel() on ptolemy.moml.MoMLSimpleApplication@43e7973a
reloadAllAccessors: .Case1

===========================================================================================
----------------- testing Sat Jul 20 15:44:00 UTC 2019 /home/travis/build/icyphy/ptII/ptolemy/domains/modal/test/auto/Case2.xml
----------------- Instantiating /home/travis/build/icyphy/ptII/ptolemy/domains/modal/test/auto/Case2.xml
28 ms. Memory: 232448K Free: 190372K (82%)
----------------- Invoking toplevel() on ptolemy.moml.MoMLSimpleApplication@1e94e3b0
----------------- Done invoking toplevel() on ptolemy.moml.MoMLSimpleApplication@1e94e3b0
reloadAllAccessors: .Case2

===========================================================================================
----------------- testing Sat Jul 20 15:44:00 UTC 2019 /home/travis/build/icyphy/ptII/ptolemy/domains/modal/test/auto/CausalityInterface1.xml
----------------- Instantiating /home/travis/build/icyphy/ptII/ptolemy/domains/modal/test/auto/CausalityInterface1.xml
4 ms. Memory: 232448K Free: 185252K (80%)
----------------- Invoking toplevel() on ptolemy.moml.MoMLSimpleApplication@94de94a
----------------- Done invoking toplevel() on ptolemy.moml.MoMLSimpleApplication@94de94a
reloadAllAccessors: .CausalityInterface1

===========================================================================================
----------------- testing Sat Jul 20 15:44:00 UTC 2019 /home/travis/build/icyphy/ptII/ptolemy/domains/modal/test/auto/CausalityInterface10.xml
----------------- Instantiating /home/travis/build/icyphy/ptII/ptolemy/domains/modal/test/auto/CausalityInterface10.xml
12 ms. Memory: 232448K Free: 171926K (74%)
----------------- Invoking toplevel() on ptolemy.moml.MoMLSimpleApplication@8cf7dca
----------------- Done invoking toplevel() on ptolemy.moml.MoMLSimpleApplication@8cf7dca
reloadAllAccessors: .CausalityInterface10

===========================================================================================
----------------- testing Sat Jul 20 15:44:00 UTC 2019 /home/travis/build/icyphy/ptII/ptolemy/domains/modal/test/auto/CausalityInterface11.xml
----------------- Instantiating /home/travis/build/icyphy/ptII/ptolemy/domains/modal/test/auto/CausalityInterface11.xml
12 ms. Memory: 232448K Free: 158614K (68%)
----------------- Invoking toplevel() on ptolemy.moml.MoMLSimpleApplication@11c715c
----------------- Done invoking toplevel() on ptolemy.moml.MoMLSimpleApplication@11c715c
reloadAllAccessors: .CausalityInterface11

===========================================================================================
----------------- testing Sat Jul 20 15:44:00 UTC 2019 /home/travis/build/icyphy/ptII/ptolemy/domains/modal/test/auto/CausalityInterface12.xml
----------------- Instantiating /home/travis/build/icyphy/ptII/ptolemy/domains/modal/test/auto/CausalityInterface12.xml
7 ms. Memory: 232448K Free: 145286K (63%)
----------------- Invoking toplevel() on ptolemy.moml.MoMLSimpleApplication@7677c822
----------------- Done invoking toplevel() on ptolemy.moml.MoMLSimpleApplication@7677c822
reloadAllAccessors: .CausalityInterface12

===========================================================================================
----------------- testing Sat Jul 20 15:44:01 UTC 2019 /home/travis/build/icyphy/ptII/ptolemy/domains/modal/test/auto/CausalityInterface13.xml
----------------- Instantiating /home/travis/build/icyphy/ptII/ptolemy/domains/modal/test/auto/CausalityInterface13.xml
15 ms. Memory: 232448K Free: 131990K (57%)
----------------- Invoking toplevel() on ptolemy.moml.MoMLSimpleApplication@3075dea1
----------------- Done invoking toplevel() on ptolemy.moml.MoMLSimpleApplication@3075dea1
reloadAllAccessors: .CausalityInterface13

===========================================================================================
----------------- testing Sat Jul 20 15:44:01 UTC 2019 /home/travis/build/icyphy/ptII/ptolemy/domains/modal/test/auto/CausalityInterface14.xml
----------------- Instantiating /home/travis/build/icyphy/ptII/ptolemy/domains/modal/test/auto/CausalityInterface14.xml
11 ms. Memory: 232448K Free: 118182K (51%)
----------------- Invoking toplevel() on ptolemy.moml.MoMLSimpleApplication@5fecbe6c
----------------- Done invoking toplevel() on ptolemy.moml.MoMLSimpleApplication@5fecbe6c
reloadAllAccessors: .CausalityInterface14

===========================================================================================
----------------- testing Sat Jul 20 15:44:01 UTC 2019 /home/travis/build/icyphy/ptII/ptolemy/domains/modal/test/auto/CausalityInterface2.xml
----------------- Instantiating /home/travis/build/icyphy/ptII/ptolemy/domains/modal/test/auto/CausalityInterface2.xml
3 ms. Memory: 232448K Free: 111494K (48%)
----------------- Invoking toplevel() on ptolemy.moml.MoMLSimpleApplication@53e2ab86
----------------- Done invoking toplevel() on ptolemy.moml.MoMLSimpleApplication@53e2ab86
reloadAllAccessors: .CausalityInterface2

===========================================================================================
----------------- testing Sat Jul 20 15:44:01 UTC 2019 /home/travis/build/icyphy/ptII/ptolemy/domains/modal/test/auto/CausalityInterface3.xml
----------------- Instantiating /home/travis/build/icyphy/ptII/ptolemy/domains/modal/test/auto/CausalityInterface3.xml
3 ms. Memory: 232448K Free: 104870K (45%)
----------------- Invoking toplevel() on ptolemy.moml.MoMLSimpleApplication@33dacac5
----------------- Done invoking toplevel() on ptolemy.moml.MoMLSimpleApplication@33dacac5
reloadAllAccessors: .CausalityInterface3

===========================================================================================
----------------- testing Sat Jul 20 15:44:01 UTC 2019 /home/travis/build/icyphy/ptII/ptolemy/domains/modal/test/auto/CausalityInterface4.xml
----------------- Instantiating /home/travis/build/icyphy/ptII/ptolemy/domains/modal/test/auto/CausalityInterface4.xml
9 ms. Memory: 232448K Free: 98182K (42%)
----------------- Invoking toplevel() on ptolemy.moml.MoMLSimpleApplication@ee9bebf
----------------- Done invoking toplevel() on ptolemy.moml.MoMLSimpleApplication@ee9bebf
reloadAllAccessors: .CausalityInterface4

===========================================================================================
----------------- testing Sat Jul 20 15:44:01 UTC 2019 /home/travis/build/icyphy/ptII/ptolemy/domains/modal/test/auto/CausalityInterface5.xml
----------------- Instantiating /home/travis/build/icyphy/ptII/ptolemy/domains/modal/test/auto/CausalityInterface5.xml
3 ms. Memory: 232448K Free: 90006K (39%)
----------------- Invoking toplevel() on ptolemy.moml.MoMLSimpleApplication@2a3ea0d2
----------------- Done invoking toplevel() on ptolemy.moml.MoMLSimpleApplication@2a3ea0d2
reloadAllAccessors: .CausalityInterface5

===========================================================================================
----------------- testing Sat Jul 20 15:44:01 UTC 2019 /home/travis/build/icyphy/ptII/ptolemy/domains/modal/test/auto/CausalityInterface6.xml
----------------- Instantiating /home/travis/build/icyphy/ptII/ptolemy/domains/modal/test/auto/CausalityInterface6.xml
5 ms. Memory: 232448K Free: 212837K (92%)
----------------- Invoking toplevel() on ptolemy.moml.MoMLSimpleApplication@6ed37d4b
----------------- Done invoking toplevel() on ptolemy.moml.MoMLSimpleApplication@6ed37d4b
reloadAllAccessors: .CausalityInterface6

===========================================================================================
----------------- testing Sat Jul 20 15:44:01 UTC 2019 /home/travis/build/icyphy/ptII/ptolemy/domains/modal/test/auto/CausalityInterface7.xml
----------------- Instantiating /home/travis/build/icyphy/ptII/ptolemy/domains/modal/test/auto/CausalityInterface7.xml
5 ms. Memory: 232448K Free: 204645K (88%)
----------------- Invoking toplevel() on ptolemy.moml.MoMLSimpleApplication@1f822562
----------------- Done invoking toplevel() on ptolemy.moml.MoMLSimpleApplication@1f822562
reloadAllAccessors: .CausalityInterface7

===========================================================================================
----------------- testing Sat Jul 20 15:44:01 UTC 2019 /home/travis/build/icyphy/ptII/ptolemy/domains/modal/test/auto/CausalityInterface8.xml
----------------- Instantiating /home/travis/build/icyphy/ptII/ptolemy/domains/modal/test/auto/CausalityInterface8.xml
6 ms. Memory: 232448K Free: 195943K (84%)
----------------- Invoking toplevel() on ptolemy.moml.MoMLSimpleApplication@2a595d2
----------------- Done invoking toplevel() on ptolemy.moml.MoMLSimpleApplication@2a595d2
reloadAllAccessors: .CausalityInterface8

===========================================================================================
----------------- testing Sat Jul 20 15:44:01 UTC 2019 /home/travis/build/icyphy/ptII/ptolemy/domains/modal/test/auto/CausalityInterface9.xml
----------------- Instantiating /home/travis/build/icyphy/ptII/ptolemy/domains/modal/test/auto/CausalityInterface9.xml
9 ms. Memory: 232448K Free: 186727K (80%)
----------------- Invoking toplevel() on ptolemy.moml.MoMLSimpleApplication@789a869e
----------------- Done invoking toplevel() on ptolemy.moml.MoMLSimpleApplication@789a869e
reloadAllAccessors: .CausalityInterface9

===========================================================================================
----------------- testing Sat Jul 20 15:44:01 UTC 2019 /home/travis/build/icyphy/ptII/ptolemy/domains/modal/test/auto/ChainedTransitions.xml
----------------- Instantiating /home/travis/build/icyphy/ptII/ptolemy/domains/modal/test/auto/ChainedTransitions.xml
121 ms. Memory: 232448K Free: 161622K (70%)
----------------- Invoking toplevel() on ptolemy.moml.MoMLSimpleApplication@5d1092fb
----------------- Done invoking toplevel() on ptolemy.moml.MoMLSimpleApplication@5d1092fb
reloadAllAccessors: .ChainedTransitions

===========================================================================================
----------------- testing Sat Jul 20 15:44:01 UTC 2019 /home/travis/build/icyphy/ptII/ptolemy/domains/modal/test/auto/CycleOfImmediateTransitionsFSM.xml
----------------- Instantiating /home/travis/build/icyphy/ptII/ptolemy/domains/modal/test/auto/CycleOfImmediateTransitionsFSM.xml
4 ms. Memory: 232448K Free: 156007K (67%)
----------------- Invoking toplevel() on ptolemy.moml.MoMLSimpleApplication@7183ed59
----------------- Done invoking toplevel() on ptolemy.moml.MoMLSimpleApplication@7183ed59
reloadAllAccessors: .CycleOfImmediateTransitionsFSM

===========================================================================================
----------------- testing Sat Jul 20 15:44:01 UTC 2019 /home/travis/build/icyphy/ptII/ptolemy/domains/modal/test/auto/CycleOfImmediateTransitionsModal.xml
----------------- Instantiating /home/travis/build/icyphy/ptII/ptolemy/domains/modal/test/auto/CycleOfImmediateTransitionsModal.xml
4 ms. Memory: 232448K Free: 149863K (64%)
----------------- Invoking toplevel() on ptolemy.moml.MoMLSimpleApplication@3af60ad9
----------------- Done invoking toplevel() on ptolemy.moml.MoMLSimpleApplication@3af60ad9
reloadAllAccessors: .CycleOfImmediateTransitionsModal

===========================================================================================
----------------- testing Sat Jul 20 15:44:01 UTC 2019 /home/travis/build/icyphy/ptII/ptolemy/domains/modal/test/auto/CycleOfImmediateTransitionsModal2.xml
----------------- Instantiating /home/travis/build/icyphy/ptII/ptolemy/domains/modal/test/auto/CycleOfImmediateTransitionsModal2.xml
9 ms. Memory: 232448K Free: 143719K (62%)
----------------- Invoking toplevel() on ptolemy.moml.MoMLSimpleApplication@6249769a
----------------- Done invoking toplevel() on ptolemy.moml.MoMLSimpleApplication@6249769a
reloadAllAccessors: .CycleOfImmediateTransitionsModal2

===========================================================================================
----------------- testing Sat Jul 20 15:44:01 UTC 2019 /home/travis/build/icyphy/ptII/ptolemy/domains/modal/test/auto/CycleOfImmediateTransitionsModal3.xml
----------------- Instantiating /home/travis/build/icyphy/ptII/ptolemy/domains/modal/test/auto/CycleOfImmediateTransitionsModal3.xml
7 ms. Memory: 232448K Free: 121191K (52%)
----------------- Invoking toplevel() on ptolemy.moml.MoMLSimpleApplication@607ce033
----------------- Done invoking toplevel() on ptolemy.moml.MoMLSimpleApplication@607ce033
reloadAllAccessors: .CycleOfImmediateTransitionsModal3

===========================================================================================
----------------- testing Sat Jul 20 15:44:01 UTC 2019 /home/travis/build/icyphy/ptII/ptolemy/domains/modal/test/auto/DeepModal1.xml
----------------- Instantiating /home/travis/build/icyphy/ptII/ptolemy/domains/modal/test/auto/DeepModal1.xml
28 ms. Memory: 232448K Free: 106855K (46%)
----------------- Invoking toplevel() on ptolemy.moml.MoMLSimpleApplication@3c663386
----------------- Done invoking toplevel() on ptolemy.moml.MoMLSimpleApplication@3c663386
reloadAllAccessors: .DeepModal1

===========================================================================================
----------------- testing Sat Jul 20 15:44:01 UTC 2019 /home/travis/build/icyphy/ptII/ptolemy/domains/modal/test/auto/DeepModal2.xml
----------------- Instantiating /home/travis/build/icyphy/ptII/ptolemy/domains/modal/test/auto/DeepModal2.xml
23 ms. Memory: 232448K Free: 87909K (38%)
----------------- Invoking toplevel() on ptolemy.moml.MoMLSimpleApplication@466a88ca
----------------- Done invoking toplevel() on ptolemy.moml.MoMLSimpleApplication@466a88ca
reloadAllAccessors: .DeepModal2

===========================================================================================
----------------- testing Sat Jul 20 15:44:01 UTC 2019 /home/travis/build/icyphy/ptII/ptolemy/domains/modal/test/auto/DeepModal3.xml
----------------- Instantiating /home/travis/build/icyphy/ptII/ptolemy/domains/modal/test/auto/DeepModal3.xml
27 ms. Memory: 232448K Free: 202636K (87%)
----------------- Invoking toplevel() on ptolemy.moml.MoMLSimpleApplication@1c9b0a93
----------------- Done invoking toplevel() on ptolemy.moml.MoMLSimpleApplication@1c9b0a93
reloadAllAccessors: .DeepModal3

===========================================================================================
----------------- testing Sat Jul 20 15:44:01 UTC 2019 /home/travis/build/icyphy/ptII/ptolemy/domains/modal/test/auto/DeepModal4.xml
----------------- Instantiating /home/travis/build/icyphy/ptII/ptolemy/domains/modal/test/auto/DeepModal4.xml
37 ms. Memory: 232448K Free: 183180K (79%)
----------------- Invoking toplevel() on ptolemy.moml.MoMLSimpleApplication@10445b86
----------------- Done invoking toplevel() on ptolemy.moml.MoMLSimpleApplication@10445b86
reloadAllAccessors: .DeepModal4

===========================================================================================
----------------- testing Sat Jul 20 15:44:02 UTC 2019 /home/travis/build/icyphy/ptII/ptolemy/domains/modal/test/auto/Default1.xml
----------------- Instantiating /home/travis/build/icyphy/ptII/ptolemy/domains/modal/test/auto/Default1.xml
3 ms. Memory: 232448K Free: 177036K (76%)
----------------- Invoking toplevel() on ptolemy.moml.MoMLSimpleApplication@7bb2ef45
----------------- Done invoking toplevel() on ptolemy.moml.MoMLSimpleApplication@7bb2ef45
reloadAllAccessors: .Default1

===========================================================================================
----------------- testing Sat Jul 20 15:44:02 UTC 2019 /home/travis/build/icyphy/ptII/ptolemy/domains/modal/test/auto/Default2.xml
----------------- Instantiating /home/travis/build/icyphy/ptII/ptolemy/domains/modal/test/auto/Default2.xml
7 ms. Memory: 232448K Free: 171384K (74%)
----------------- Invoking toplevel() on ptolemy.moml.MoMLSimpleApplication@40f7067d
----------------- Done invoking toplevel() on ptolemy.moml.MoMLSimpleApplication@40f7067d
reloadAllAccessors: .Default2

===========================================================================================
----------------- testing Sat Jul 20 15:44:02 UTC 2019 /home/travis/build/icyphy/ptII/ptolemy/domains/modal/test/auto/Default3.xml
----------------- Instantiating /home/travis/build/icyphy/ptII/ptolemy/domains/modal/test/auto/Default3.xml
5 ms. Memory: 232448K Free: 165258K (71%)
----------------- Invoking toplevel() on ptolemy.moml.MoMLSimpleApplication@3275afd1
----------------- Done invoking toplevel() on ptolemy.moml.MoMLSimpleApplication@3275afd1
reloadAllAccessors: .Default3

===========================================================================================
----------------- testing Sat Jul 20 15:44:02 UTC 2019 /home/travis/build/icyphy/ptII/ptolemy/domains/modal/test/auto/Default4.xml
----------------- Instantiating /home/travis/build/icyphy/ptII/ptolemy/domains/modal/test/auto/Default4.xml
8 ms. Memory: 232448K Free: 159100K (68%)
----------------- Invoking toplevel() on ptolemy.moml.MoMLSimpleApplication@4ddc15fc
----------------- Done invoking toplevel() on ptolemy.moml.MoMLSimpleApplication@4ddc15fc
reloadAllAccessors: .Default4

===========================================================================================
----------------- testing Sat Jul 20 15:44:02 UTC 2019 /home/travis/build/icyphy/ptII/ptolemy/domains/modal/test/auto/Default5.xml
----------------- Instantiating /home/travis/build/icyphy/ptII/ptolemy/domains/modal/test/auto/Default5.xml
6 ms. Memory: 232448K Free: 150922K (65%)
----------------- Invoking toplevel() on ptolemy.moml.MoMLSimpleApplication@55140e55
----------------- Done invoking toplevel() on ptolemy.moml.MoMLSimpleApplication@55140e55
reloadAllAccessors: .Default5

===========================================================================================
----------------- testing Sat Jul 20 15:44:02 UTC 2019 /home/travis/build/icyphy/ptII/ptolemy/domains/modal/test/auto/EmptyGuard.xml
----------------- Instantiating /home/travis/build/icyphy/ptII/ptolemy/domains/modal/test/auto/EmptyGuard.xml
18 ms. Memory: 232448K Free: 143244K (62%)
----------------- Invoking toplevel() on ptolemy.moml.MoMLSimpleApplication@b412150
----------------- Done invoking toplevel() on ptolemy.moml.MoMLSimpleApplication@b412150
reloadAllAccessors: .EmptyGuard

===========================================================================================
----------------- testing Sat Jul 20 15:44:02 UTC 2019 /home/travis/build/icyphy/ptII/ptolemy/domains/modal/test/auto/ErrorTransition1.xml
----------------- Instantiating /home/travis/build/icyphy/ptII/ptolemy/domains/modal/test/auto/ErrorTransition1.xml
8 ms. Memory: 232448K Free: 134538K (58%)
----------------- Invoking toplevel() on ptolemy.moml.MoMLSimpleApplication@dfdaaa
----------------- Done invoking toplevel() on ptolemy.moml.MoMLSimpleApplication@dfdaaa
reloadAllAccessors: .ErrorTransition1

===========================================================================================
----------------- testing Sat Jul 20 15:44:02 UTC 2019 /home/travis/build/icyphy/ptII/ptolemy/domains/modal/test/auto/ErrorTransition10.xml
----------------- Instantiating /home/travis/build/icyphy/ptII/ptolemy/domains/modal/test/auto/ErrorTransition10.xml
13 ms. Memory: 232448K Free: 121212K (52%)
----------------- Invoking toplevel() on ptolemy.moml.MoMLSimpleApplication@1e782332
----------------- Done invoking toplevel() on ptolemy.moml.MoMLSimpleApplication@1e782332
reloadAllAccessors: .ErrorTransition10

===========================================================================================
----------------- testing Sat Jul 20 15:44:02 UTC 2019 /home/travis/build/icyphy/ptII/ptolemy/domains/modal/test/auto/ErrorTransition11.xml
----------------- Instantiating /home/travis/build/icyphy/ptII/ptolemy/domains/modal/test/auto/ErrorTransition11.xml
4 ms. Memory: 232448K Free: 109962K (47%)
----------------- Invoking toplevel() on ptolemy.moml.MoMLSimpleApplication@46d5e89
----------------- Done invoking toplevel() on ptolemy.moml.MoMLSimpleApplication@46d5e89
reloadAllAccessors: .ErrorTransition11

===========================================================================================
----------------- testing Sat Jul 20 15:44:02 UTC 2019 /home/travis/build/icyphy/ptII/ptolemy/domains/modal/test/auto/ErrorTransition2.xml
----------------- Instantiating /home/travis/build/icyphy/ptII/ptolemy/domains/modal/test/auto/ErrorTransition2.xml
7 ms. Memory: 232448K Free: 101258K (44%)
----------------- Invoking toplevel() on ptolemy.moml.MoMLSimpleApplication@5ab9b47b
----------------- Done invoking toplevel() on ptolemy.moml.MoMLSimpleApplication@5ab9b47b
reloadAllAccessors: .ErrorTransition2

===========================================================================================
----------------- testing Sat Jul 20 15:44:02 UTC 2019 /home/travis/build/icyphy/ptII/ptolemy/domains/modal/test/auto/ErrorTransition3.xml
----------------- Instantiating /home/travis/build/icyphy/ptII/ptolemy/domains/modal/test/auto/ErrorTransition3.xml
19 ms. Memory: 232448K Free: 91020K (39%)
----------------- Invoking toplevel() on ptolemy.moml.MoMLSimpleApplication@44fb5fff
----------------- Done invoking toplevel() on ptolemy.moml.MoMLSimpleApplication@44fb5fff
reloadAllAccessors: .ErrorTransition3

===========================================================================================
----------------- testing Sat Jul 20 15:44:02 UTC 2019 /home/travis/build/icyphy/ptII/ptolemy/domains/modal/test/auto/ErrorTransition4.xml
----------------- Instantiating /home/travis/build/icyphy/ptII/ptolemy/domains/modal/test/auto/ErrorTransition4.xml
28 ms. Memory: 284672K Free: 265986K (93%)
----------------- Invoking toplevel() on ptolemy.moml.MoMLSimpleApplication@1f153ef8
----------------- Done invoking toplevel() on ptolemy.moml.MoMLSimpleApplication@1f153ef8
reloadAllAccessors: .ErrorTransition4

===========================================================================================
----------------- testing Sat Jul 20 15:44:02 UTC 2019 /home/travis/build/icyphy/ptII/ptolemy/domains/modal/test/auto/ErrorTransition5.xml
----------------- Instantiating /home/travis/build/icyphy/ptII/ptolemy/domains/modal/test/auto/ErrorTransition5.xml
6 ms. Memory: 284672K Free: 255376K (90%)
----------------- Invoking toplevel() on ptolemy.moml.MoMLSimpleApplication@555e64df
----------------- Done invoking toplevel() on ptolemy.moml.MoMLSimpleApplication@555e64df
reloadAllAccessors: .ErrorTransition5

===========================================================================================
----------------- testing Sat Jul 20 15:44:02 UTC 2019 /home/travis/build/icyphy/ptII/ptolemy/domains/modal/test/auto/ErrorTransition6.xml
----------------- Instantiating /home/travis/build/icyphy/ptII/ptolemy/domains/modal/test/auto/ErrorTransition6.xml
11 ms. Memory: 284672K Free: 244622K (86%)
----------------- Invoking toplevel() on ptolemy.moml.MoMLSimpleApplication@28459e6b
----------------- Done invoking toplevel() on ptolemy.moml.MoMLSimpleApplication@28459e6b
reloadAllAccessors: .ErrorTransition6

===========================================================================================
----------------- testing Sat Jul 20 15:44:02 UTC 2019 /home/travis/build/icyphy/ptII/ptolemy/domains/modal/test/auto/ErrorTransition7.xml
----------------- Instantiating /home/travis/build/icyphy/ptII/ptolemy/domains/modal/test/auto/ErrorTransition7.xml
21 ms. Memory: 284672K Free: 231824K (81%)
----------------- Invoking toplevel() on ptolemy.moml.MoMLSimpleApplication@38a06e98
----------------- Done invoking toplevel() on ptolemy.moml.MoMLSimpleApplication@38a06e98
reloadAllAccessors: .ErrorTransition7

===========================================================================================
----------------- testing Sat Jul 20 15:44:02 UTC 2019 /home/travis/build/icyphy/ptII/ptolemy/domains/modal/test/auto/ErrorTransition8.xml
----------------- Instantiating /home/travis/build/icyphy/ptII/ptolemy/domains/modal/test/auto/ErrorTransition8.xml
33 ms. Memory: 284672K Free: 218512K (77%)
----------------- Invoking toplevel() on ptolemy.moml.MoMLSimpleApplication@534e0c31
----------------- Done invoking toplevel() on ptolemy.moml.MoMLSimpleApplication@534e0c31
reloadAllAccessors: .ErrorTransition8

===========================================================================================
----------------- testing Sat Jul 20 15:44:02 UTC 2019 /home/travis/build/icyphy/ptII/ptolemy/domains/modal/test/auto/ErrorTransition9.xml
----------------- Instantiating /home/travis/build/icyphy/ptII/ptolemy/domains/modal/test/auto/ErrorTransition9.xml
12 ms. Memory: 284672K Free: 205200K (72%)
----------------- Invoking toplevel() on ptolemy.moml.MoMLSimpleApplication@434ace8b
----------------- Done invoking toplevel() on ptolemy.moml.MoMLSimpleApplication@434ace8b
reloadAllAccessors: .ErrorTransition9

===========================================================================================
----------------- testing Sat Jul 20 15:44:02 UTC 2019 /home/travis/build/icyphy/ptII/ptolemy/domains/modal/test/auto/ExtendedFSM.xml
----------------- Instantiating /home/travis/build/icyphy/ptII/ptolemy/domains/modal/test/auto/ExtendedFSM.xml
7 ms. Memory: 284672K Free: 196480K (69%)
----------------- Invoking toplevel() on ptolemy.moml.MoMLSimpleApplication@24c98f41
----------------- Done invoking toplevel() on ptolemy.moml.MoMLSimpleApplication@24c98f41
reloadAllAccessors: .ExtendedFSM

===========================================================================================
----------------- testing Sat Jul 20 15:44:02 UTC 2019 /home/travis/build/icyphy/ptII/ptolemy/domains/modal/test/auto/FinalStates.xml
----------------- Instantiating /home/travis/build/icyphy/ptII/ptolemy/domains/modal/test/auto/FinalStates.xml
7 ms. Memory: 284672K Free: 188288K (66%)
----------------- Invoking toplevel() on ptolemy.moml.MoMLSimpleApplication@1c1a5673
----------------- Done invoking toplevel() on ptolemy.moml.MoMLSimpleApplication@1c1a5673
reloadAllAccessors: .FinalStates

===========================================================================================
----------------- testing Sat Jul 20 15:44:02 UTC 2019 /home/travis/build/icyphy/ptII/ptolemy/domains/modal/test/auto/FixedPointFSM.xml
----------------- Instantiating /home/travis/build/icyphy/ptII/ptolemy/domains/modal/test/auto/FixedPointFSM.xml
22 ms. Memory: 284672K Free: 173456K (61%)
----------------- Invoking toplevel() on ptolemy.moml.MoMLSimpleApplication@4310250b
----------------- Done invoking toplevel() on ptolemy.moml.MoMLSimpleApplication@4310250b
reloadAllAccessors: .FixedPointFSM

===========================================================================================
----------------- testing Sat Jul 20 15:44:02 UTC 2019 /home/travis/build/icyphy/ptII/ptolemy/domains/modal/test/auto/FixedPointIterationFSMActor.xml
----------------- Instantiating /home/travis/build/icyphy/ptII/ptolemy/domains/modal/test/auto/FixedPointIterationFSMActor.xml
8 ms. Memory: 284672K Free: 162696K (57%)
----------------- Invoking toplevel() on ptolemy.moml.MoMLSimpleApplication@2d1718e2
----------------- Done invoking toplevel() on ptolemy.moml.MoMLSimpleApplication@2d1718e2
reloadAllAccessors: .FixedPointIterationFSMActor

===========================================================================================
----------------- testing Sat Jul 20 15:44:02 UTC 2019 /home/travis/build/icyphy/ptII/ptolemy/domains/modal/test/auto/FixedPointIterationFSMActor2.xml
----------------- Instantiating /home/travis/build/icyphy/ptII/ptolemy/domains/modal/test/auto/FixedPointIterationFSMActor2.xml
13 ms. Memory: 284672K Free: 150408K (53%)
----------------- Invoking toplevel() on ptolemy.moml.MoMLSimpleApplication@27df176c
----------------- Done invoking toplevel() on ptolemy.moml.MoMLSimpleApplication@27df176c
reloadAllAccessors: .FixedPointIterationFSMActor2

===========================================================================================
----------------- testing Sat Jul 20 15:44:02 UTC 2019 /home/travis/build/icyphy/ptII/ptolemy/domains/modal/test/auto/ForbiddenInstantanousLoop.xml
----------------- Instantiating /home/travis/build/icyphy/ptII/ptolemy/domains/modal/test/auto/ForbiddenInstantanousLoop.xml
11 ms. Memory: 284672K Free: 138112K (49%)
----------------- Invoking toplevel() on ptolemy.moml.MoMLSimpleApplication@60b75fcc
----------------- Done invoking toplevel() on ptolemy.moml.MoMLSimpleApplication@60b75fcc
reloadAllAccessors: .ForbiddenInstantanousLoop

===========================================================================================
----------------- testing Sat Jul 20 15:44:03 UTC 2019 /home/travis/build/icyphy/ptII/ptolemy/domains/modal/test/auto/FunctionDependencyOfFSMActorTest.xml
----------------- Instantiating /home/travis/build/icyphy/ptII/ptolemy/domains/modal/test/auto/FunctionDependencyOfFSMActorTest.xml
15 ms. Memory: 284672K Free: 130928K (46%)
----------------- Invoking toplevel() on ptolemy.moml.MoMLSimpleApplication@6f6f4e3
----------------- Done invoking toplevel() on ptolemy.moml.MoMLSimpleApplication@6f6f4e3
reloadAllAccessors: .FunctionDependencyOfFSMActorTest

===========================================================================================
----------------- testing Sat Jul 20 15:44:03 UTC 2019 /home/travis/build/icyphy/ptII/ptolemy/domains/modal/test/auto/GuardExpression.xml
----------------- Instantiating /home/travis/build/icyphy/ptII/ptolemy/domains/modal/test/auto/GuardExpression.xml
2 ms. Memory: 284672K Free: 125838K (44%)
----------------- Invoking toplevel() on ptolemy.moml.MoMLSimpleApplication@2bb5e411
----------------- Done invoking toplevel() on ptolemy.moml.MoMLSimpleApplication@2bb5e411
reloadAllAccessors: .GuardExpression

===========================================================================================
----------------- testing Sat Jul 20 15:44:03 UTC 2019 /home/travis/build/icyphy/ptII/ptolemy/domains/modal/test/auto/GuardNotEvaluated.xml
----------------- Instantiating /home/travis/build/icyphy/ptII/ptolemy/domains/modal/test/auto/GuardNotEvaluated.xml
7 ms. Memory: 284672K Free: 116622K (41%)
----------------- Invoking toplevel() on ptolemy.moml.MoMLSimpleApplication@7a27dc78
----------------- Done invoking toplevel() on ptolemy.moml.MoMLSimpleApplication@7a27dc78
reloadAllAccessors: .GuardNotEvaluated

===========================================================================================
----------------- testing Sat Jul 20 15:44:03 UTC 2019 /home/travis/build/icyphy/ptII/ptolemy/domains/modal/test/auto/GuardNotEvaluated2.xml
----------------- Instantiating /home/travis/build/icyphy/ptII/ptolemy/domains/modal/test/auto/GuardNotEvaluated2.xml
11 ms. Memory: 284672K Free: 106896K (38%)
----------------- Invoking toplevel() on ptolemy.moml.MoMLSimpleApplication@25b47994
----------------- Done invoking toplevel() on ptolemy.moml.MoMLSimpleApplication@25b47994
reloadAllAccessors: .GuardNotEvaluated2

===========================================================================================
----------------- testing Sat Jul 20 15:44:03 UTC 2019 /home/travis/build/icyphy/ptII/ptolemy/domains/modal/test/auto/GuardOnAbsent.xml
----------------- Instantiating /home/travis/build/icyphy/ptII/ptolemy/domains/modal/test/auto/GuardOnAbsent.xml
9 ms. Memory: 284672K Free: 260977K (92%)
----------------- Invoking toplevel() on ptolemy.moml.MoMLSimpleApplication@37084562
----------------- Done invoking toplevel() on ptolemy.moml.MoMLSimpleApplication@37084562
reloadAllAccessors: .GuardOnAbsent

===========================================================================================
----------------- testing Sat Jul 20 15:44:03 UTC 2019 /home/travis/build/icyphy/ptII/ptolemy/domains/modal/test/auto/HierarchicalFSMTypeInference.xml
----------------- Instantiating /home/travis/build/icyphy/ptII/ptolemy/domains/modal/test/auto/HierarchicalFSMTypeInference.xml
6 ms. Memory: 284672K Free: 250259K (88%)
----------------- Invoking toplevel() on ptolemy.moml.MoMLSimpleApplication@40f0c38b
----------------- Done invoking toplevel() on ptolemy.moml.MoMLSimpleApplication@40f0c38b
reloadAllAccessors: .HierarchicalFSMTypeInference

===========================================================================================
----------------- testing Sat Jul 20 15:44:03 UTC 2019 /home/travis/build/icyphy/ptII/ptolemy/domains/modal/test/auto/Hysteresis.xml
----------------- Instantiating /home/travis/build/icyphy/ptII/ptolemy/domains/modal/test/auto/Hysteresis.xml
12 ms. Memory: 284672K Free: 236947K (83%)
----------------- Invoking toplevel() on ptolemy.moml.MoMLSimpleApplication@50cbd600
----------------- Done invoking toplevel() on ptolemy.moml.MoMLSimpleApplication@50cbd600
reloadAllAccessors: .Hysteresis

===========================================================================================
----------------- testing Sat Jul 20 15:44:03 UTC 2019 /home/travis/build/icyphy/ptII/ptolemy/domains/modal/test/auto/HysteresisWithDefault.xml
----------------- Instantiating /home/travis/build/icyphy/ptII/ptolemy/domains/modal/test/auto/HysteresisWithDefault.xml
40 ms. Memory: 284672K Free: 213891K (75%)
----------------- Invoking toplevel() on ptolemy.moml.MoMLSimpleApplication@d8ad218
----------------- Done invoking toplevel() on ptolemy.moml.MoMLSimpleApplication@d8ad218
reloadAllAccessors: .HysteresisWithDefault

===========================================================================================
----------------- testing Sat Jul 20 15:44:03 UTC 2019 /home/travis/build/icyphy/ptII/ptolemy/domains/modal/test/auto/HysteresisWithDefault2.xml
----------------- Instantiating /home/travis/build/icyphy/ptII/ptolemy/domains/modal/test/auto/HysteresisWithDefault2.xml
45 ms. Memory: 284672K Free: 184723K (65%)
----------------- Invoking toplevel() on ptolemy.moml.MoMLSimpleApplication@6fa65116
----------------- Done invoking toplevel() on ptolemy.moml.MoMLSimpleApplication@6fa65116
reloadAllAccessors: .HysteresisWithDefault2

===========================================================================================
----------------- testing Sat Jul 20 15:44:03 UTC 2019 /home/travis/build/icyphy/ptII/ptolemy/domains/modal/test/auto/ImmediateNonConstructiveness.xml
----------------- Instantiating /home/travis/build/icyphy/ptII/ptolemy/domains/modal/test/auto/ImmediateNonConstructiveness.xml
3 ms. Memory: 284672K Free: 177555K (62%)
----------------- Invoking toplevel() on ptolemy.moml.MoMLSimpleApplication@7fabde5a
----------------- Done invoking toplevel() on ptolemy.moml.MoMLSimpleApplication@7fabde5a
reloadAllAccessors: .ImmediateNonConstructiveness

===========================================================================================
----------------- testing Sat Jul 20 15:44:03 UTC 2019 /home/travis/build/icyphy/ptII/ptolemy/domains/modal/test/auto/ImmediateNonConstructiveness2.xml
----------------- Instantiating /home/travis/build/icyphy/ptII/ptolemy/domains/modal/test/auto/ImmediateNonConstructiveness2.xml
2 ms. Memory: 284672K Free: 170897K (60%)
----------------- Invoking toplevel() on ptolemy.moml.MoMLSimpleApplication@36010a8a
----------------- Done invoking toplevel() on ptolemy.moml.MoMLSimpleApplication@36010a8a
reloadAllAccessors: .ImmediateNonConstructiveness2

===========================================================================================
----------------- testing Sat Jul 20 15:44:03 UTC 2019 /home/travis/build/icyphy/ptII/ptolemy/domains/modal/test/auto/ImmediateTransitionReset.xml
----------------- Instantiating /home/travis/build/icyphy/ptII/ptolemy/domains/modal/test/auto/ImmediateTransitionReset.xml
5 ms. Memory: 284672K Free: 159123K (56%)
----------------- Invoking toplevel() on ptolemy.moml.MoMLSimpleApplication@2f4ffe69
----------------- Done invoking toplevel() on ptolemy.moml.MoMLSimpleApplication@2f4ffe69
reloadAllAccessors: .ImmediateTransitionReset

===========================================================================================
----------------- testing Sat Jul 20 15:44:03 UTC 2019 /home/travis/build/icyphy/ptII/ptolemy/domains/modal/test/auto/ImmediateTransitions1.xml
----------------- Instantiating /home/travis/build/icyphy/ptII/ptolemy/domains/modal/test/auto/ImmediateTransitions1.xml
2 ms. Memory: 284672K Free: 153489K (54%)
----------------- Invoking toplevel() on ptolemy.moml.MoMLSimpleApplication@5ed82190
----------------- Done invoking toplevel() on ptolemy.moml.MoMLSimpleApplication@5ed82190
reloadAllAccessors: .ImmediateTransitions1

===========================================================================================
----------------- testing Sat Jul 20 15:44:03 UTC 2019 /home/travis/build/icyphy/ptII/ptolemy/domains/modal/test/auto/ImmediateTransitionsInstantaneousCommunication.xml
----------------- Instantiating /home/travis/build/icyphy/ptII/ptolemy/domains/modal/test/auto/ImmediateTransitionsInstantaneousCommunication.xml
4 ms. Memory: 284672K Free: 141187K (50%)
----------------- Invoking toplevel() on ptolemy.moml.MoMLSimpleApplication@3b401f12
----------------- Done invoking toplevel() on ptolemy.moml.MoMLSimpleApplication@3b401f12
reloadAllAccessors: .ImmediateTransitionsInstantaneousCommunication

===========================================================================================
----------------- testing Sat Jul 20 15:44:03 UTC 2019 /home/travis/build/icyphy/ptII/ptolemy/domains/modal/test/auto/InitialImmediateTransition.xml
----------------- Instantiating /home/travis/build/icyphy/ptII/ptolemy/domains/modal/test/auto/InitialImmediateTransition.xml
3 ms. Memory: 284672K Free: 134027K (47%)
----------------- Invoking toplevel() on ptolemy.moml.MoMLSimpleApplication@31cfc706
----------------- Done invoking toplevel() on ptolemy.moml.MoMLSimpleApplication@31cfc706
reloadAllAccessors: .InitialImmediateTransition

===========================================================================================
----------------- testing Sat Jul 20 15:44:03 UTC 2019 /home/travis/build/icyphy/ptII/ptolemy/domains/modal/test/auto/InitialOutputs.xml
----------------- Instantiating /home/travis/build/icyphy/ptII/ptolemy/domains/modal/test/auto/InitialOutputs.xml
5 ms. Memory: 284672K Free: 127883K (45%)
----------------- Invoking toplevel() on ptolemy.moml.MoMLSimpleApplication@391797c3
----------------- Done invoking toplevel() on ptolemy.moml.MoMLSimpleApplication@391797c3
reloadAllAccessors: .InitialOutputs

===========================================================================================
----------------- testing Sat Jul 20 15:44:03 UTC 2019 /home/travis/build/icyphy/ptII/ptolemy/domains/modal/test/auto/InitialStateTransition1.xml
----------------- Instantiating /home/travis/build/icyphy/ptII/ptolemy/domains/modal/test/auto/InitialStateTransition1.xml
2 ms. Memory: 284672K Free: 120721K (42%)
----------------- Invoking toplevel() on ptolemy.moml.MoMLSimpleApplication@379d371b
----------------- Done invoking toplevel() on ptolemy.moml.MoMLSimpleApplication@379d371b
reloadAllAccessors: .InitialStateTransition1

===========================================================================================
----------------- testing Sat Jul 20 15:44:03 UTC 2019 /home/travis/build/icyphy/ptII/ptolemy/domains/modal/test/auto/InitialStateTransition2.xml
----------------- Instantiating /home/travis/build/icyphy/ptII/ptolemy/domains/modal/test/auto/InitialStateTransition2.xml
.InitialStateTransition2.TestExceptionAttributeNonConstructive: initialize() was not invoked, but wrapup() was.  This is unusual, but not always a problem.  For example, exporting JNLP will do this.
4 ms. Memory: 284672K Free: 113043K (40%)
----------------- Invoking toplevel() on ptolemy.moml.MoMLSimpleApplication@4df459d2
----------------- Done invoking toplevel() on ptolemy.moml.MoMLSimpleApplication@4df459d2
reloadAllAccessors: .InitialStateTransition2

===========================================================================================
----------------- testing Sat Jul 20 15:44:03 UTC 2019 /home/travis/build/icyphy/ptII/ptolemy/domains/modal/test/auto/InitialStateTransition3.xml
----------------- Instantiating /home/travis/build/icyphy/ptII/ptolemy/domains/modal/test/auto/InitialStateTransition3.xml
5 ms. Memory: 284672K Free: 104849K (37%)
----------------- Invoking toplevel() on ptolemy.moml.MoMLSimpleApplication@71d61e82
----------------- Done invoking toplevel() on ptolemy.moml.MoMLSimpleApplication@71d61e82
reloadAllAccessors: .InitialStateTransition3

===========================================================================================
----------------- testing Sat Jul 20 15:44:03 UTC 2019 /home/travis/build/icyphy/ptII/ptolemy/domains/modal/test/auto/InitialStateTransition4.xml
----------------- Instantiating /home/travis/build/icyphy/ptII/ptolemy/domains/modal/test/auto/InitialStateTransition4.xml
3 ms. Memory: 284672K Free: 259429K (91%)
----------------- Invoking toplevel() on ptolemy.moml.MoMLSimpleApplication@2caf86ad
----------------- Done invoking toplevel() on ptolemy.moml.MoMLSimpleApplication@2caf86ad
[...]
reloadAllAccessors: .TerminationTransition3

===========================================================================================
----------------- testing Sat Jul 20 15:44:05 UTC 2019 /home/travis/build/icyphy/ptII/ptolemy/domains/modal/test/auto/TerminationTransition4.xml
----------------- Instantiating /home/travis/build/icyphy/ptII/ptolemy/domains/modal/test/auto/TerminationTransition4.xml
6 ms. Memory: 344064K Free: 260070K (76%)
----------------- Invoking toplevel() on ptolemy.moml.MoMLSimpleApplication@243d2913
----------------- Done invoking toplevel() on ptolemy.moml.MoMLSimpleApplication@243d2913
reloadAllAccessors: .TerminationTransition4

===========================================================================================
----------------- testing Sat Jul 20 15:44:05 UTC 2019 /home/travis/build/icyphy/ptII/ptolemy/domains/modal/test/auto/TerminationTransition5.xml
----------------- Instantiating /home/travis/build/icyphy/ptII/ptolemy/domains/modal/test/auto/TerminationTransition5.xml
2 ms. Memory: 344064K Free: 246248K (72%)
----------------- Invoking toplevel() on ptolemy.moml.MoMLSimpleApplication@17cfad44
----------------- Done invoking toplevel() on ptolemy.moml.MoMLSimpleApplication@17cfad44
reloadAllAccessors: .TerminationTransition5

===========================================================================================
----------------- testing Sat Jul 20 15:44:05 UTC 2019 /home/travis/build/icyphy/ptII/ptolemy/domains/modal/test/auto/TerminationTransition6.xml
----------------- Instantiating /home/travis/build/icyphy/ptII/ptolemy/domains/modal/test/auto/TerminationTransition6.xml
2 ms. Memory: 344064K Free: 238056K (69%)
----------------- Invoking toplevel() on ptolemy.moml.MoMLSimpleApplication@482915f1
----------------- Done invoking toplevel() on ptolemy.moml.MoMLSimpleApplication@482915f1
reloadAllAccessors: .TerminationTransition6

===========================================================================================
----------------- testing Sat Jul 20 15:44:05 UTC 2019 /home/travis/build/icyphy/ptII/ptolemy/domains/modal/test/auto/TerminationTransition7.xml
----------------- Instantiating /home/travis/build/icyphy/ptII/ptolemy/domains/modal/test/auto/TerminationTransition7.xml
2 ms. Memory: 344064K Free: 228326K (66%)
----------------- Invoking toplevel() on ptolemy.moml.MoMLSimpleApplication@7d834bd6
----------------- Done invoking toplevel() on ptolemy.moml.MoMLSimpleApplication@7d834bd6
reloadAllAccessors: .TerminationTransition7

===========================================================================================
----------------- testing Sat Jul 20 15:44:05 UTC 2019 /home/travis/build/icyphy/ptII/ptolemy/domains/modal/test/auto/TerminationTransition8.xml
----------------- Instantiating /home/travis/build/icyphy/ptII/ptolemy/domains/modal/test/auto/TerminationTransition8.xml
3 ms. Memory: 344064K Free: 219110K (64%)
----------------- Invoking toplevel() on ptolemy.moml.MoMLSimpleApplication@3cd293af
----------------- Done invoking toplevel() on ptolemy.moml.MoMLSimpleApplication@3cd293af
reloadAllAccessors: .TerminationTransition8

===========================================================================================
----------------- testing Sat Jul 20 15:44:05 UTC 2019 /home/travis/build/icyphy/ptII/ptolemy/domains/modal/test/auto/Thermostat_NoHysteresis.xml
----------------- Instantiating /home/travis/build/icyphy/ptII/ptolemy/domains/modal/test/auto/Thermostat_NoHysteresis.xml
45 ms. Memory: 344064K Free: 194024K (56%)
----------------- Invoking toplevel() on ptolemy.moml.MoMLSimpleApplication@515acc78
----------------- Done invoking toplevel() on ptolemy.moml.MoMLSimpleApplication@515acc78
reloadAllAccessors: .Thermostat_NoHysteresis

===========================================================================================
----------------- testing Sat Jul 20 15:44:05 UTC 2019 /home/travis/build/icyphy/ptII/ptolemy/domains/modal/test/auto/TimedFSM.xml
----------------- Instantiating /home/travis/build/icyphy/ptII/ptolemy/domains/modal/test/auto/TimedFSM.xml
9 ms. Memory: 344064K Free: 182246K (53%)
----------------- Invoking toplevel() on ptolemy.moml.MoMLSimpleApplication@362a9c89
----------------- Done invoking toplevel() on ptolemy.moml.MoMLSimpleApplication@362a9c89
reloadAllAccessors: .TimedFSM

===========================================================================================
----------------- testing Sat Jul 20 15:44:05 UTC 2019 /home/travis/build/icyphy/ptII/ptolemy/domains/modal/test/auto/Timeout1.xml
----------------- Instantiating /home/travis/build/icyphy/ptII/ptolemy/domains/modal/test/auto/Timeout1.xml
4 ms. Memory: 344064K Free: 176616K (51%)
----------------- Invoking toplevel() on ptolemy.moml.MoMLSimpleApplication@61994db9
----------------- Done invoking toplevel() on ptolemy.moml.MoMLSimpleApplication@61994db9
reloadAllAccessors: .Timeout1

===========================================================================================
----------------- testing Sat Jul 20 15:44:06 UTC 2019 /home/travis/build/icyphy/ptII/ptolemy/domains/modal/test/auto/Timeout2.xml
----------------- Instantiating /home/travis/build/icyphy/ptII/ptolemy/domains/modal/test/auto/Timeout2.xml
6 ms. Memory: 344064K Free: 167895K (49%)
----------------- Invoking toplevel() on ptolemy.moml.MoMLSimpleApplication@1dff0ef2
----------------- Done invoking toplevel() on ptolemy.moml.MoMLSimpleApplication@1dff0ef2
reloadAllAccessors: .Timeout2

===========================================================================================
----------------- testing Sat Jul 20 15:44:06 UTC 2019 /home/travis/build/icyphy/ptII/ptolemy/domains/modal/test/auto/Timeout3.xml
----------------- Instantiating /home/travis/build/icyphy/ptII/ptolemy/domains/modal/test/auto/Timeout3.xml
2 ms. Memory: 344064K Free: 162775K (47%)
----------------- Invoking toplevel() on ptolemy.moml.MoMLSimpleApplication@41f056a7
----------------- Done invoking toplevel() on ptolemy.moml.MoMLSimpleApplication@41f056a7
reloadAllAccessors: .Timeout3

===========================================================================================
----------------- testing Sat Jul 20 15:44:06 UTC 2019 /home/travis/build/icyphy/ptII/ptolemy/domains/modal/test/auto/Timeout4.xml
----------------- Instantiating /home/travis/build/icyphy/ptII/ptolemy/domains/modal/test/auto/Timeout4.xml
3 ms. Memory: 344064K Free: 157639K (46%)
----------------- Invoking toplevel() on ptolemy.moml.MoMLSimpleApplication@3d5af3e7
----------------- Done invoking toplevel() on ptolemy.moml.MoMLSimpleApplication@3d5af3e7
reloadAllAccessors: .Timeout4

===========================================================================================
----------------- testing Sat Jul 20 15:44:06 UTC 2019 /home/travis/build/icyphy/ptII/ptolemy/domains/modal/test/auto/TransientstateModelAdvanced.xml
----------------- Instantiating /home/travis/build/icyphy/ptII/ptolemy/domains/modal/test/auto/TransientstateModelAdvanced.xml
4 ms. Memory: 344064K Free: 145351K (42%)
----------------- Invoking toplevel() on ptolemy.moml.MoMLSimpleApplication@634ffae5
----------------- Done invoking toplevel() on ptolemy.moml.MoMLSimpleApplication@634ffae5
reloadAllAccessors: .TransientstateModelAdvanced

===========================================================================================
----------------- testing Sat Jul 20 15:44:06 UTC 2019 /home/travis/build/icyphy/ptII/ptolemy/domains/modal/test/auto/TransientstateModelAdvanced2.xml
----------------- Instantiating /home/travis/build/icyphy/ptII/ptolemy/domains/modal/test/auto/TransientstateModelAdvanced2.xml
3 ms. Memory: 344064K Free: 131031K (38%)
----------------- Invoking toplevel() on ptolemy.moml.MoMLSimpleApplication@56c9ff83
----------------- Done invoking toplevel() on ptolemy.moml.MoMLSimpleApplication@56c9ff83
reloadAllAccessors: .transientstatemodelAdvanced

===========================================================================================
----------------- testing Sat Jul 20 15:44:06 UTC 2019 /home/travis/build/icyphy/ptII/ptolemy/domains/modal/test/auto/TransitionRefinements.xml
----------------- Instantiating /home/travis/build/icyphy/ptII/ptolemy/domains/modal/test/auto/TransitionRefinements.xml
7 ms. Memory: 344064K Free: 321879K (94%)
----------------- Invoking toplevel() on ptolemy.moml.MoMLSimpleApplication@11bad09e
----------------- Done invoking toplevel() on ptolemy.moml.MoMLSimpleApplication@11bad09e
reloadAllAccessors: .TransitionRefinements

===========================================================================================
----------------- testing Sat Jul 20 15:44:06 UTC 2019 /home/travis/build/icyphy/ptII/ptolemy/domains/modal/test/auto/TwoRefinements1.xml
----------------- Instantiating /home/travis/build/icyphy/ptII/ptolemy/domains/modal/test/auto/TwoRefinements1.xml
3 ms. Memory: 344064K Free: 311639K (91%)
----------------- Invoking toplevel() on ptolemy.moml.MoMLSimpleApplication@35cb6983
----------------- Done invoking toplevel() on ptolemy.moml.MoMLSimpleApplication@35cb6983
reloadAllAccessors: .TwoRefinements1

===========================================================================================
----------------- testing Sat Jul 20 15:44:06 UTC 2019 /home/travis/build/icyphy/ptII/ptolemy/domains/modal/test/auto/TwoRefinements2.xml
----------------- Instantiating /home/travis/build/icyphy/ptII/ptolemy/domains/modal/test/auto/TwoRefinements2.xml
2 ms. Memory: 344064K Free: 301909K (88%)
----------------- Invoking toplevel() on ptolemy.moml.MoMLSimpleApplication@32ac8e0
----------------- Done invoking toplevel() on ptolemy.moml.MoMLSimpleApplication@32ac8e0
reloadAllAccessors: .TwoRefinements2

===========================================================================================
----------------- testing Sat Jul 20 15:44:06 UTC 2019 /home/travis/build/icyphy/ptII/ptolemy/domains/modal/test/auto/WeakImmediateTransition.xml
----------------- Instantiating /home/travis/build/icyphy/ptII/ptolemy/domains/modal/test/auto/WeakImmediateTransition.xml
3 ms. Memory: 344064K Free: 293207K (85%)
----------------- Invoking toplevel() on ptolemy.moml.MoMLSimpleApplication@6114ee4b
----------------- Done invoking toplevel() on ptolemy.moml.MoMLSimpleApplication@6114ee4b
reloadAllAccessors: .WeakImmediateTransition

===========================================================================================
----------------- testing Sat Jul 20 15:44:06 UTC 2019 /home/travis/build/icyphy/ptII/ptolemy/domains/modal/test/auto/booleanSelect.xml
----------------- Instantiating /home/travis/build/icyphy/ptII/ptolemy/domains/modal/test/auto/booleanSelect.xml
27 ms. Memory: 344064K Free: 274775K (80%)
----------------- Invoking toplevel() on ptolemy.moml.MoMLSimpleApplication@2444c275
----------------- Done invoking toplevel() on ptolemy.moml.MoMLSimpleApplication@2444c275
reloadAllAccessors: .booleanSelect

===========================================================================================
----------------- testing Sat Jul 20 15:44:06 UTC 2019 /home/travis/build/icyphy/ptII/ptolemy/domains/modal/test/auto/modalChangingParams.xml
----------------- Instantiating /home/travis/build/icyphy/ptII/ptolemy/domains/modal/test/auto/modalChangingParams.xml
0
1
0
2
4
6
8
7
0
2
4
6
8
13
0
2
4
6
8
19
0
2
4
6
8
25
0
2
4
6
8
31
0
2
4
6
8
37
0
2
4
6
8
43
0
2
4
6
8
49
0
2
4
6
8
55
0
2
4
6
8
61
0
2
4
6
8
67
0
2
4
6
8
73
0
2
4
6
8
79
0
2
4
6
8
85
0
2
4
6
8
91
0
2
4
6
8
97
0
2
4
6
8
103
0
2
4
6
8
109
0
2
4
6
8
115
0
2
4
6
8
121
0
2
4
6
8
127
0
2
4
6
8
133
0
2
4
6
8
139
0
2
4
6
8
145
0
2
4
6
8
151
0
2
4
6
8
157
0
2
4
6
8
163
0
2
4
6
8
169
0
2
4
6
8
175
0
2
4
6
8
181
0
2
4
6
8
187
0
2
4
6
8
193
0
2
4
6
8
199
0
2
4
6
8
205
0
2
4
6
8
211
0
2
4
6
8
217
0
2
4
6
8
223
0
2
4
6
8
229
0
2
4
6
8
235
0
2
4
6
8
241
0
2
4
6
8
247
0
2
4
6
8
253
0
2
4
6
8
259
0
2
4
6
8
265
0
2
4
6
8
271
0
2
4
6
8
277
0
2
4
6
8
283
0
2
4
6
8
289
0
2
4
6
8
295
0
2
4
6
8
301
0
2
4
6
8
307
0
2
4
6
8
313
0
2
4
6
8
319
0
2
4
6
8
325
0
2
4
6
8
331
0
2
4
6
8
337
0
2
4
6
8
343
0
2
4
6
8
349
0
2
4
6
8
355
0
2
4
6
8
361
0
2
4
6
8
367
0
2
4
6
8
373
0
2
4
6
8
379
0
2
4
6
8
385
0
2
4
6
8
391
0
2
4
6
8
397
0
2
4
6
8
403
0
2
4
6
8
409
0
2
4
6
8
415
0
2
4
6
8
421
0
2
4
6
8
427
0
2
4
6
8
433
0
2
4
6
8
439
0
2
4
6
8
445
0
2
4
6
8
451
0
2
4
6
8
457
0
2
4
6
8
463
0
2
4
6
8
469
0
2
4
6
8
475
0
2
4
6
8
481
0
2
4
6
8
487
0
2
4
6
8
493
0
2
4
6
8
499
0
2
4
6
8
505
0
2
4
6
8
511
0
2
4
6
8
517
0
2
4
6
8
523
0
2
4
6
8
529
0
2
4
6
8
535
0
2
4
6
8
541
0
2
4
6
8
547
0
2
4
6
8
553
0
2
4
6
8
559
0
2
4
6
8
565
0
2
4
6
8
571
0
2
4
6
8
577
0
2
4
6
8
583
0
2
4
6
8
589
0
2
4
6
8
595
0
2
4
6
8
601
0
2
4
6
8
607
0
2
4
6
8
613
0
2
4
6
8
619
0
2
4
6
8
625
0
2
4
6
8
631
0
2
4
6
8
637
0
2
4
6
8
643
0
2
4
6
8
649
0
2
4
6
8
655
0
2
4
6
8
661
0
2
4
6
8
667
0
2
4
6
8
673
0
2
4
6
8
679
0
2
4
6
8
685
0
2
4
6
8
691
0
2
4
6
8
697
0
2
4
6
8
703
0
2
4
6
8
709
0
2
4
6
8
715
0
2
4
6
8
721
0
2
4
6
8
727
0
2
4
6
8
733
0
2
4
6
8
739
0
2
4
6
8
745
0
2
4
6
8
751
0
2
4
6
8
757
0
2
4
6
8
763
0
2
4
6
8
769
0
2
4
6
8
775
0
2
4
6
8
781
0
2
4
6
8
787
0
2
4
6
8
793
0
2
4
6
8
799
0
2
4
6
8
805
0
2
4
6
8
811
0
2
4
6
8
817
0
2
4
6
8
823
0
2
4
6
8
829
0
2
4
6
8
835
0
2
4
6
8
841
0
2
4
6
8
847
0
2
4
6
8
853
0
2
4
6
8
859
0
2
4
6
8
865
0
2
4
6
8
871
0
2
4
6
8
877
0
2
4
6
8
883
0
2
4
6
8
889
0
2
4
6
8
895
0
2
4
6
8
901
0
2
4
6
8
907
0
2
4
6
8
913
0
2
4
6
8
919
0
2
4
6
8
925
0
2
4
6
8
931
0
2
4
6
8
937
0
2
4
6
8
943
0
2
4
6
8
949
0
2
4
6
8
955
0
2
4
6
8
961
0
2
4
6
8
967
0
2
4
6
8
973
0
2
4
6
8
979
0
2
4
6
8
985
0
2
4
6
8
991
0
2
4
6
8
997
0
2
300 ms. Memory: 344064K Free: 160087K (47%)
----------------- Invoking toplevel() on ptolemy.moml.MoMLSimpleApplication@739cd76f
----------------- Done invoking toplevel() on ptolemy.moml.MoMLSimpleApplication@739cd76f
reloadAllAccessors: .modalChangingParams

===========================================================================================
----------------- testing Sat Jul 20 15:44:06 UTC 2019 /home/travis/build/icyphy/ptII/ptolemy/domains/modal/test/auto/modalModel.xml
----------------- Instantiating /home/travis/build/icyphy/ptII/ptolemy/domains/modal/test/auto/modalModel.xml
5 ms. Memory: 344064K Free: 151381K (44%)
----------------- Invoking toplevel() on ptolemy.moml.MoMLSimpleApplication@70239a48
----------------- Done invoking toplevel() on ptolemy.moml.MoMLSimpleApplication@70239a48
reloadAllAccessors: .modalModel

===========================================================================================
----------------- testing Sat Jul 20 15:44:06 UTC 2019 /home/travis/build/icyphy/ptII/ptolemy/domains/modal/test/auto/modalModel2.xml
----------------- Instantiating /home/travis/build/icyphy/ptII/ptolemy/domains/modal/test/auto/modalModel2.xml
14 ms. Memory: 344064K Free: 140631K (41%)
----------------- Invoking toplevel() on ptolemy.moml.MoMLSimpleApplication@6311100a
----------------- Done invoking toplevel() on ptolemy.moml.MoMLSimpleApplication@6311100a
reloadAllAccessors: .modalModel2

===========================================================================================
----------------- testing Sat Jul 20 15:44:06 UTC 2019 /home/travis/build/icyphy/ptII/ptolemy/domains/modal/test/auto/modalModel3.xml
----------------- Instantiating /home/travis/build/icyphy/ptII/ptolemy/domains/modal/test/auto/modalModel3.xml
0	0	0
1	0	1
4	2	2
7	4	3
10	6	4
5	0	5
8	2	6
11	4	7
14	6	8
9	0	9
12	2	10
15	4	11
18	6	12
13	0	13
16	2	14
19 ms. Memory: 344064K Free: 125781K (37%)
----------------- Invoking toplevel() on ptolemy.moml.MoMLSimpleApplication@7d495bf
----------------- Done invoking toplevel() on ptolemy.moml.MoMLSimpleApplication@7d495bf
reloadAllAccessors: .modalModel3

===========================================================================================
----------------- testing Sat Jul 20 15:44:06 UTC 2019 /home/travis/build/icyphy/ptII/ptolemy/domains/modal/test/auto/model1.xml
----------------- Instantiating /home/travis/build/icyphy/ptII/ptolemy/domains/modal/test/auto/model1.xml
14 ms. Memory: 344064K Free: 321751K (94%)
----------------- Invoking toplevel() on ptolemy.moml.MoMLSimpleApplication@199f7059
----------------- Done invoking toplevel() on ptolemy.moml.MoMLSimpleApplication@199f7059
reloadAllAccessors: .model1

===========================================================================================
----------------- testing Sat Jul 20 15:44:06 UTC 2019 /home/travis/build/icyphy/ptII/ptolemy/domains/modal/test/auto/test-direct-in-out.xml
----------------- Instantiating /home/travis/build/icyphy/ptII/ptolemy/domains/modal/test/auto/test-direct-in-out.xml
5 ms. Memory: 344064K Free: 314063K (91%)
----------------- Invoking toplevel() on ptolemy.moml.MoMLSimpleApplication@60799477
----------------- Done invoking toplevel() on ptolemy.moml.MoMLSimpleApplication@60799477
reloadAllAccessors: .test-direct-in-out
AutoTests.java: About to close Vertx.
AutoTests.java: Vertx closed.
]]></system-out>
  <system-err><![CDATA[java.lang.RuntimeException: Execution failed
	at ptolemy.moml.MoMLSimpleApplication$UnloadThread.run(MoMLSimpleApplication.java:402)
Caused by: ptolemy.kernel.util.IllegalActionException: Unknown inputs remain. Possible causality loop:
L_model_1893289564i

  in .CannotAnalysisWithPreemption.model_1893289564_region_1 and .CannotAnalysisWithPreemption.model_1893289564_region_1.L_model_1893289564i
	at ptolemy.actor.sched.FixedPointDirector.postfire(FixedPointDirector.java:515)
	at ptolemy.domains.sr.kernel.SRDirector.postfire(SRDirector.java:417)
	at ptolemy.actor.CompositeActor.postfire(CompositeActor.java:1668)
	at ptolemy.actor.Manager.iterate(Manager.java:852)
	at ptolemy.actor.Manager.execute(Manager.java:369)
	at ptolemy.actor.Manager.run(Manager.java:1263)
	at ptolemy.actor.Manager$PtolemyRunThread.run(Manager.java:1933)
java.lang.reflect.InvocationTargetException
	at java.base/jdk.internal.reflect.NativeConstructorAccessorImpl.newInstance0(Native Method)
	at java.base/jdk.internal.reflect.NativeConstructorAccessorImpl.newInstance(NativeConstructorAccessorImpl.java:62)
	at java.base/jdk.internal.reflect.DelegatingConstructorAccessorImpl.newInstance(DelegatingConstructorAccessorImpl.java:45)
	at java.base/java.lang.reflect.Constructor.newInstance(Constructor.java:490)
	at ptolemy.util.test.junit.AutoKnownFailedTests.RunModel(AutoKnownFailedTests.java:105)
	at java.base/jdk.internal.reflect.NativeMethodAccessorImpl.invoke0(Native Method)
	at java.base/jdk.internal.reflect.NativeMethodAccessorImpl.invoke(NativeMethodAccessorImpl.java:62)
	at java.base/jdk.internal.reflect.DelegatingMethodAccessorImpl.invoke(DelegatingMethodAccessorImpl.java:43)
	at java.base/java.lang.reflect.Method.invoke(Method.java:566)
	at org.junit.runners.model.FrameworkMethod$1.runReflectiveCall(FrameworkMethod.java:44)
	at org.junit.internal.runners.model.ReflectiveCallable.run(ReflectiveCallable.java:15)
	at org.junit.runners.model.FrameworkMethod.invokeExplosively(FrameworkMethod.java:41)
	at junitparams.internal.InvokeParameterisedMethod.evaluate(InvokeParameterisedMethod.java:102)
	at org.junit.internal.runners.statements.FailOnTimeout$1.run(FailOnTimeout.java:28)
Caused by: ptolemy.kernel.util.IllegalActionException: Unknown inputs remain. Possible causality loop:
L_model_1893289564i

  in .CannotAnalysisWithPreemption.model_1893289564_region_1 and .CannotAnalysisWithPreemption.model_1893289564_region_1.L_model_1893289564i
	at ptolemy.actor.sched.FixedPointDirector.postfire(FixedPointDirector.java:515)
	at ptolemy.domains.sr.kernel.SRDirector.postfire(SRDirector.java:417)
	at ptolemy.actor.CompositeActor.postfire(CompositeActor.java:1668)
	at ptolemy.actor.Manager.iterate(Manager.java:852)
	at ptolemy.actor.Manager.execute(Manager.java:369)
	at ptolemy.actor.Manager.run(Manager.java:1263)
	at ptolemy.actor.Manager$PtolemyRunThread.run(Manager.java:1933)
]]></system-err>
</testsuite>
