<?xml version="1.0" encoding="UTF-8" ?>
<testsuite errors="0" failures="0" hostname="travis-job-490dc8dd-2625-45d7-bc93-d2606893c193" name="ptolemy.actor.lib.hoc.test.junit.JUnitTclTest" skipped="0" tests="58" time="41.564" timestamp="2019-07-23T05:12:55">
  <properties>
[...]
</properties>
  <testcase classname="ptolemy.util.test.junit.TclTests" name="[0] /home/travis/build/icyphy/ptII/ptolemy/actor/lib/hoc/test/IterateOverArray.tcl (RunTclFile)" time="0.509" />
  <testcase classname="ptolemy.util.test.junit.AutoKnownFailedTests" name="[0] /home/travis/build/icyphy/ptII/ptolemy/actor/lib/hoc/test/auto/knownFailedTests/PreinitializeMustBeInvokedRunComposite.xml (RunModel)" time="0.49" />
  <testcase classname="ptolemy.util.test.junit.AutoNameArchTests" name="[0] ThereAreNoAutoArchTests (RunModel)" time="0.01" />
  <testcase classname="ptolemy.util.test.junit.AutoTests" name="[0] /home/travis/build/icyphy/ptII/ptolemy/actor/lib/hoc/test/auto/AllToAllMultiInstanceComposite.xml (RunModel)" time="0.586" />
  <testcase classname="ptolemy.util.test.junit.AutoTests" name="[1] /home/travis/build/icyphy/ptII/ptolemy/actor/lib/hoc/test/auto/ApplyFFTTest.xml (RunModel)" time="0.589" />
  <testcase classname="ptolemy.util.test.junit.AutoTests" name="[2] /home/travis/build/icyphy/ptII/ptolemy/actor/lib/hoc/test/auto/ApplyFunction.xml (RunModel)" time="0.066" />
  <testcase classname="ptolemy.util.test.junit.AutoTests" name="[3] /home/travis/build/icyphy/ptII/ptolemy/actor/lib/hoc/test/auto/BackgroundExecution.xml (RunModel)" time="0.793" />
  <testcase classname="ptolemy.util.test.junit.AutoTests" name="[4] /home/travis/build/icyphy/ptII/ptolemy/actor/lib/hoc/test/auto/Case.xml (RunModel)" time="0.127" />
  <testcase classname="ptolemy.util.test.junit.AutoTests" name="[5] /home/travis/build/icyphy/ptII/ptolemy/actor/lib/hoc/test/auto/Case1.xml (RunModel)" time="0.087" />
  <testcase classname="ptolemy.util.test.junit.AutoTests" name="[6] /home/travis/build/icyphy/ptII/ptolemy/actor/lib/hoc/test/auto/Case2.xml (RunModel)" time="0.134" />
  <testcase classname="ptolemy.util.test.junit.AutoTests" name="[7] /home/travis/build/icyphy/ptII/ptolemy/actor/lib/hoc/test/auto/Case3.xml (RunModel)" time="0.071" />
  <testcase classname="ptolemy.util.test.junit.AutoTests" name="[8] /home/travis/build/icyphy/ptII/ptolemy/actor/lib/hoc/test/auto/Case4.xml (RunModel)" time="0.072" />
  <testcase classname="ptolemy.util.test.junit.AutoTests" name="[9] /home/travis/build/icyphy/ptII/ptolemy/actor/lib/hoc/test/auto/Case5.xml (RunModel)" time="0.1" />
  <testcase classname="ptolemy.util.test.junit.AutoTests" name="[10] /home/travis/build/icyphy/ptII/ptolemy/actor/lib/hoc/test/auto/Case6.xml (RunModel)" time="0.122" />
  <testcase classname="ptolemy.util.test.junit.AutoTests" name="[11] /home/travis/build/icyphy/ptII/ptolemy/actor/lib/hoc/test/auto/CaseString2.xml (RunModel)" time="0.078" />
  <testcase classname="ptolemy.util.test.junit.AutoTests" name="[12] /home/travis/build/icyphy/ptII/ptolemy/actor/lib/hoc/test/auto/CatchUpComposite1.xml (RunModel)" time="0.117" />
  <testcase classname="ptolemy.util.test.junit.AutoTests" name="[13] /home/travis/build/icyphy/ptII/ptolemy/actor/lib/hoc/test/auto/CatchUpComposite2.xml (RunModel)" time="0.081" />
  <testcase classname="ptolemy.util.test.junit.AutoTests" name="[14] /home/travis/build/icyphy/ptII/ptolemy/actor/lib/hoc/test/auto/CatchUpComposite3.xml (RunModel)" time="0.083" />
  <testcase classname="ptolemy.util.test.junit.AutoTests" name="[15] /home/travis/build/icyphy/ptII/ptolemy/actor/lib/hoc/test/auto/CatchUpComposite4.xml (RunModel)" time="0.084" />
  <testcase classname="ptolemy.util.test.junit.AutoTests" name="[16] /home/travis/build/icyphy/ptII/ptolemy/actor/lib/hoc/test/auto/CatchUpComposite5.xml (RunModel)" time="0.067" />
  <testcase classname="ptolemy.util.test.junit.AutoTests" name="[17] /home/travis/build/icyphy/ptII/ptolemy/actor/lib/hoc/test/auto/CatchUpComposite6.xml (RunModel)" time="0.255" />
  <testcase classname="ptolemy.util.test.junit.AutoTests" name="[18] /home/travis/build/icyphy/ptII/ptolemy/actor/lib/hoc/test/auto/CatchUpComposite7.xml (RunModel)" time="0.137" />
  <testcase classname="ptolemy.util.test.junit.AutoTests" name="[19] /home/travis/build/icyphy/ptII/ptolemy/actor/lib/hoc/test/auto/ConcurrentExecutionTimeSDF.xml (RunModel)" time="1.72" />
  <testcase classname="ptolemy.util.test.junit.AutoTests" name="[20] /home/travis/build/icyphy/ptII/ptolemy/actor/lib/hoc/test/auto/ConcurrentSleep.xml (RunModel)" time="0.79" />
  <testcase classname="ptolemy.util.test.junit.AutoTests" name="[21] /home/travis/build/icyphy/ptII/ptolemy/actor/lib/hoc/test/auto/DEInPNInRunCompositeActor.xml (RunModel)" time="0.06" />
  <testcase classname="ptolemy.util.test.junit.AutoTests" name="[22] /home/travis/build/icyphy/ptII/ptolemy/actor/lib/hoc/test/auto/DFTSubSetTest.xml (RunModel)" time="0.404" />
  <testcase classname="ptolemy.util.test.junit.AutoTests" name="[23] /home/travis/build/icyphy/ptII/ptolemy/actor/lib/hoc/test/auto/HocDE.xml (RunModel)" time="0.278" />
  <testcase classname="ptolemy.util.test.junit.AutoTests" name="[24] /home/travis/build/icyphy/ptII/ptolemy/actor/lib/hoc/test/auto/IterateOverArray.xml (RunModel)" time="0.042" />
  <testcase classname="ptolemy.util.test.junit.AutoTests" name="[25] /home/travis/build/icyphy/ptII/ptolemy/actor/lib/hoc/test/auto/IterateOverArray10.xml (RunModel)" time="0.027" />
  <testcase classname="ptolemy.util.test.junit.AutoTests" name="[26] /home/travis/build/icyphy/ptII/ptolemy/actor/lib/hoc/test/auto/IterateOverArray11.xml (RunModel)" time="0.032" />
  <testcase classname="ptolemy.util.test.junit.AutoTests" name="[27] /home/travis/build/icyphy/ptII/ptolemy/actor/lib/hoc/test/auto/IterateOverArray12.xml (RunModel)" time="0.069" />
  <testcase classname="ptolemy.util.test.junit.AutoTests" name="[28] /home/travis/build/icyphy/ptII/ptolemy/actor/lib/hoc/test/auto/IterateOverArray13.xml (RunModel)" time="0.191" />
  <testcase classname="ptolemy.util.test.junit.AutoTests" name="[29] /home/travis/build/icyphy/ptII/ptolemy/actor/lib/hoc/test/auto/IterateOverArray14.xml (RunModel)" time="0.215" />
  <testcase classname="ptolemy.util.test.junit.AutoTests" name="[30] /home/travis/build/icyphy/ptII/ptolemy/actor/lib/hoc/test/auto/IterateOverArray2.xml (RunModel)" time="0.041" />
  <testcase classname="ptolemy.util.test.junit.AutoTests" name="[31] /home/travis/build/icyphy/ptII/ptolemy/actor/lib/hoc/test/auto/IterateOverArray3.xml (RunModel)" time="0.061" />
  <testcase classname="ptolemy.util.test.junit.AutoTests" name="[32] /home/travis/build/icyphy/ptII/ptolemy/actor/lib/hoc/test/auto/IterateOverArray4.xml (RunModel)" time="0.04" />
  <testcase classname="ptolemy.util.test.junit.AutoTests" name="[33] /home/travis/build/icyphy/ptII/ptolemy/actor/lib/hoc/test/auto/IterateOverArray5.xml (RunModel)" time="0.036" />
  <testcase classname="ptolemy.util.test.junit.AutoTests" name="[34] /home/travis/build/icyphy/ptII/ptolemy/actor/lib/hoc/test/auto/IterateOverArray6.xml (RunModel)" time="0.034" />
  <testcase classname="ptolemy.util.test.junit.AutoTests" name="[35] /home/travis/build/icyphy/ptII/ptolemy/actor/lib/hoc/test/auto/IterateOverArray7.xml (RunModel)" time="0.031" />
  <testcase classname="ptolemy.util.test.junit.AutoTests" name="[36] /home/travis/build/icyphy/ptII/ptolemy/actor/lib/hoc/test/auto/IterateOverArray8.xml (RunModel)" time="0.03" />
  <testcase classname="ptolemy.util.test.junit.AutoTests" name="[37] /home/travis/build/icyphy/ptII/ptolemy/actor/lib/hoc/test/auto/IterateOverArray9.xml (RunModel)" time="0.036" />
  <testcase classname="ptolemy.util.test.junit.AutoTests" name="[38] /home/travis/build/icyphy/ptII/ptolemy/actor/lib/hoc/test/auto/IterateOverArrayCoercedOutputType.xml (RunModel)" time="0.05" />
  <testcase classname="ptolemy.util.test.junit.AutoTests" name="[39] /home/travis/build/icyphy/ptII/ptolemy/actor/lib/hoc/test/auto/IterateOverArrayInferredOutputType.xml (RunModel)" time="0.04" />
  <testcase classname="ptolemy.util.test.junit.AutoTests" name="[40] /home/travis/build/icyphy/ptII/ptolemy/actor/lib/hoc/test/auto/MobileFunctionTest.xml (RunModel)" time="0.043" />
  <testcase classname="ptolemy.util.test.junit.AutoTests" name="[41] /home/travis/build/icyphy/ptII/ptolemy/actor/lib/hoc/test/auto/MobileModelTest.xml (RunModel)" time="0.248" />
  <testcase classname="ptolemy.util.test.junit.AutoTests" name="[42] /home/travis/build/icyphy/ptII/ptolemy/actor/lib/hoc/test/auto/ModelReference.xml (RunModel)" time="0.094" />
  <testcase classname="ptolemy.util.test.junit.AutoTests" name="[43] /home/travis/build/icyphy/ptII/ptolemy/actor/lib/hoc/test/auto/ModelReference3.xml (RunModel)" time="0.067" />
  <testcase classname="ptolemy.util.test.junit.AutoTests" name="[44] /home/travis/build/icyphy/ptII/ptolemy/actor/lib/hoc/test/auto/ModelReference4.xml (RunModel)" time="10.056" />
  <testcase classname="ptolemy.util.test.junit.AutoTests" name="[45] /home/travis/build/icyphy/ptII/ptolemy/actor/lib/hoc/test/auto/MultiInstanceComposite.xml (RunModel)" time="0.086" />
  <testcase classname="ptolemy.util.test.junit.AutoTests" name="[46] /home/travis/build/icyphy/ptII/ptolemy/actor/lib/hoc/test/auto/MultiInstanceComposite2.xml (RunModel)" time="0.055" />
  <testcase classname="ptolemy.util.test.junit.AutoTests" name="[47] /home/travis/build/icyphy/ptII/ptolemy/actor/lib/hoc/test/auto/MulticoreExecution.xml (RunModel)" time="1.125" />
  <testcase classname="ptolemy.util.test.junit.AutoTests" name="[48] /home/travis/build/icyphy/ptII/ptolemy/actor/lib/hoc/test/auto/ParallelExecution.xml (RunModel)" time="0.958" />
  <testcase classname="ptolemy.util.test.junit.AutoTests" name="[49] /home/travis/build/icyphy/ptII/ptolemy/actor/lib/hoc/test/auto/RunCompositeActor.xml (RunModel)" time="0.059" />
  <testcase classname="ptolemy.util.test.junit.AutoTests" name="[50] /home/travis/build/icyphy/ptII/ptolemy/actor/lib/hoc/test/auto/RunCompositeActor2.xml (RunModel)" time="0.031" />
  <testcase classname="ptolemy.util.test.junit.AutoTests" name="[51] /home/travis/build/icyphy/ptII/ptolemy/actor/lib/hoc/test/auto/RunCompositeActor3.xml (RunModel)" time="0.028" />
  <testcase classname="ptolemy.util.test.junit.AutoTests" name="[52] /home/travis/build/icyphy/ptII/ptolemy/actor/lib/hoc/test/auto/RunCompositeActor4.xml (RunModel)" time="0.038" />
  <testcase classname="ptolemy.util.test.junit.AutoTests" name="[53] /home/travis/build/icyphy/ptII/ptolemy/actor/lib/hoc/test/auto/RunCompositeIterateOverArray.xml (RunModel)" time="0.04" />
  <testcase classname="ptolemy.util.test.junit.AutoTests" name="[54] /home/travis/build/icyphy/ptII/ptolemy/actor/lib/hoc/test/auto/ThreadedJS.xml (RunModel)" time="18.866" />
  <system-out><![CDATA[/home/travis/build/icyphy/ptII/ptolemy/actor/lib/hoc/test/IterateOverArray.tcl
testDefs.tcl: setting time out to 9000 seconds at Tue Jul 23 05:12:55 UTC 2019
07/23/19 05:12:56
Failed: 0  Total Tests: 2  ((Passed: 2, Newly Passed: 0)  Known Failed: 0) /home/travis/build/icyphy/ptII/ptolemy/actor/lib/hoc/test
----------------- testing (KnownFailure) /home/travis/build/icyphy/ptII/ptolemy/actor/lib/hoc/test/auto/knownFailedTests/PreinitializeMustBeInvokedRunComposite.xml
121 ms. Memory: 57472K Free: 34649K (60%)
Known Failure: java.lang.reflect.InvocationTargetException
No auto/linux-amd64/*.xml tests in /home/travis/build/icyphy/ptII/ptolemy/actor/lib/hoc/test
AutoTests.java: About to close Vertx.
AutoTests.java: Vertx closed.

===========================================================================================
----------------- testing Tue Jul 23 05:12:57 UTC 2019 /home/travis/build/icyphy/ptII/ptolemy/actor/lib/hoc/test/auto/AllToAllMultiInstanceComposite.xml
----------------- Instantiating /home/travis/build/icyphy/ptII/ptolemy/actor/lib/hoc/test/auto/AllToAllMultiInstanceComposite.xml
250 ms. Memory: 57472K Free: 36751K (64%)
----------------- Invoking toplevel() on ptolemy.moml.MoMLSimpleApplication@e7fb832
----------------- Done invoking toplevel() on ptolemy.moml.MoMLSimpleApplication@e7fb832
reloadAllAccessors: .AllToAllMultiInstanceComposite

===========================================================================================
----------------- testing Tue Jul 23 05:12:57 UTC 2019 /home/travis/build/icyphy/ptII/ptolemy/actor/lib/hoc/test/auto/ApplyFFTTest.xml
----------------- Instantiating /home/travis/build/icyphy/ptII/ptolemy/actor/lib/hoc/test/auto/ApplyFFTTest.xml
213 ms. Memory: 57472K Free: 33216K (58%)
----------------- Invoking toplevel() on ptolemy.moml.MoMLSimpleApplication@703fc5d
----------------- Done invoking toplevel() on ptolemy.moml.MoMLSimpleApplication@703fc5d
reloadAllAccessors: .ApplyFFTTest

===========================================================================================
----------------- testing Tue Jul 23 05:12:58 UTC 2019 /home/travis/build/icyphy/ptII/ptolemy/actor/lib/hoc/test/auto/ApplyFunction.xml
----------------- Instantiating /home/travis/build/icyphy/ptII/ptolemy/actor/lib/hoc/test/auto/ApplyFunction.xml
6 ms. Memory: 57472K Free: 30160K (52%)
----------------- Invoking toplevel() on ptolemy.moml.MoMLSimpleApplication@36d41e75
----------------- Done invoking toplevel() on ptolemy.moml.MoMLSimpleApplication@36d41e75
reloadAllAccessors: .ApplyFunction

===========================================================================================
----------------- testing Tue Jul 23 05:12:58 UTC 2019 /home/travis/build/icyphy/ptII/ptolemy/actor/lib/hoc/test/auto/BackgroundExecution.xml
----------------- Instantiating /home/travis/build/icyphy/ptII/ptolemy/actor/lib/hoc/test/auto/BackgroundExecution.xml
648 ms. Memory: 57472K Free: 38932K (68%)
----------------- Invoking toplevel() on ptolemy.moml.MoMLSimpleApplication@4c89d21d
----------------- Done invoking toplevel() on ptolemy.moml.MoMLSimpleApplication@4c89d21d
reloadAllAccessors: .BackgroundExecution

===========================================================================================
----------------- testing Tue Jul 23 05:12:59 UTC 2019 /home/travis/build/icyphy/ptII/ptolemy/actor/lib/hoc/test/auto/Case.xml
----------------- Instantiating /home/travis/build/icyphy/ptII/ptolemy/actor/lib/hoc/test/auto/Case.xml
34 ms. Memory: 57472K Free: 31810K (55%)
----------------- Invoking toplevel() on ptolemy.moml.MoMLSimpleApplication@46219eae
----------------- Done invoking toplevel() on ptolemy.moml.MoMLSimpleApplication@46219eae
reloadAllAccessors: .Case

===========================================================================================
----------------- testing Tue Jul 23 05:12:59 UTC 2019 /home/travis/build/icyphy/ptII/ptolemy/actor/lib/hoc/test/auto/Case1.xml
----------------- Instantiating /home/travis/build/icyphy/ptII/ptolemy/actor/lib/hoc/test/auto/Case1.xml
18 ms. Memory: 57472K Free: 41343K (72%)
----------------- Invoking toplevel() on ptolemy.moml.MoMLSimpleApplication@5efc40cf
----------------- Done invoking toplevel() on ptolemy.moml.MoMLSimpleApplication@5efc40cf
reloadAllAccessors: .Case1

===========================================================================================
----------------- testing Tue Jul 23 05:12:59 UTC 2019 /home/travis/build/icyphy/ptII/ptolemy/actor/lib/hoc/test/auto/Case2.xml
----------------- Instantiating /home/travis/build/icyphy/ptII/ptolemy/actor/lib/hoc/test/auto/Case2.xml
53 ms. Memory: 57472K Free: 31460K (55%)
----------------- Invoking toplevel() on ptolemy.moml.MoMLSimpleApplication@44213a91
----------------- Done invoking toplevel() on ptolemy.moml.MoMLSimpleApplication@44213a91
reloadAllAccessors: .Case2

===========================================================================================
----------------- testing Tue Jul 23 05:12:59 UTC 2019 /home/travis/build/icyphy/ptII/ptolemy/actor/lib/hoc/test/auto/Case3.xml
----------------- Instantiating /home/travis/build/icyphy/ptII/ptolemy/actor/lib/hoc/test/auto/Case3.xml
16 ms. Memory: 57472K Free: 41448K (72%)
----------------- Invoking toplevel() on ptolemy.moml.MoMLSimpleApplication@4207ab8f
----------------- Done invoking toplevel() on ptolemy.moml.MoMLSimpleApplication@4207ab8f
reloadAllAccessors: .Case3

===========================================================================================
----------------- testing Tue Jul 23 05:12:59 UTC 2019 /home/travis/build/icyphy/ptII/ptolemy/actor/lib/hoc/test/auto/Case4.xml
----------------- Instantiating /home/travis/build/icyphy/ptII/ptolemy/actor/lib/hoc/test/auto/Case4.xml
8 ms. Memory: 57472K Free: 34125K (59%)
----------------- Invoking toplevel() on ptolemy.moml.MoMLSimpleApplication@2f1ad0f9
----------------- Done invoking toplevel() on ptolemy.moml.MoMLSimpleApplication@2f1ad0f9
reloadAllAccessors: .Case4

===========================================================================================
----------------- testing Tue Jul 23 05:12:59 UTC 2019 /home/travis/build/icyphy/ptII/ptolemy/actor/lib/hoc/test/auto/Case5.xml
----------------- Instantiating /home/travis/build/icyphy/ptII/ptolemy/actor/lib/hoc/test/auto/Case5.xml
59 ms. Memory: 57472K Free: 43782K (76%)
----------------- Invoking toplevel() on ptolemy.moml.MoMLSimpleApplication@38c9aed5
----------------- Done invoking toplevel() on ptolemy.moml.MoMLSimpleApplication@38c9aed5
reloadAllAccessors: .junk

===========================================================================================
----------------- testing Tue Jul 23 05:12:59 UTC 2019 /home/travis/build/icyphy/ptII/ptolemy/actor/lib/hoc/test/auto/Case6.xml
----------------- Instantiating /home/travis/build/icyphy/ptII/ptolemy/actor/lib/hoc/test/auto/Case6.xml
54 ms. Memory: 57472K Free: 32207K (56%)
----------------- Invoking toplevel() on ptolemy.moml.MoMLSimpleApplication@367ab8f1
----------------- Done invoking toplevel() on ptolemy.moml.MoMLSimpleApplication@367ab8f1
reloadAllAccessors: .Case6

===========================================================================================
----------------- testing Tue Jul 23 05:13:00 UTC 2019 /home/travis/build/icyphy/ptII/ptolemy/actor/lib/hoc/test/auto/CaseString2.xml
----------------- Instantiating /home/travis/build/icyphy/ptII/ptolemy/actor/lib/hoc/test/auto/CaseString2.xml
22 ms. Memory: 57472K Free: 40456K (70%)
----------------- Invoking toplevel() on ptolemy.moml.MoMLSimpleApplication@2554e488
----------------- Done invoking toplevel() on ptolemy.moml.MoMLSimpleApplication@2554e488
reloadAllAccessors: .CaseString2

===========================================================================================
----------------- testing Tue Jul 23 05:13:00 UTC 2019 /home/travis/build/icyphy/ptII/ptolemy/actor/lib/hoc/test/auto/CatchUpComposite1.xml
----------------- Instantiating /home/travis/build/icyphy/ptII/ptolemy/actor/lib/hoc/test/auto/CatchUpComposite1.xml
45 ms. Memory: 57472K Free: 31769K (55%)
----------------- Invoking toplevel() on ptolemy.moml.MoMLSimpleApplication@5c95d608
----------------- Done invoking toplevel() on ptolemy.moml.MoMLSimpleApplication@5c95d608
reloadAllAccessors: .CatchUpComposite1

===========================================================================================
----------------- testing Tue Jul 23 05:13:00 UTC 2019 /home/travis/build/icyphy/ptII/ptolemy/actor/lib/hoc/test/auto/CatchUpComposite2.xml
----------------- Instantiating /home/travis/build/icyphy/ptII/ptolemy/actor/lib/hoc/test/auto/CatchUpComposite2.xml
17 ms. Memory: 57472K Free: 39466K (69%)
----------------- Invoking toplevel() on ptolemy.moml.MoMLSimpleApplication@50f83367
----------------- Done invoking toplevel() on ptolemy.moml.MoMLSimpleApplication@50f83367
reloadAllAccessors: .CatchUpComposite2

===========================================================================================
----------------- testing Tue Jul 23 05:13:00 UTC 2019 /home/travis/build/icyphy/ptII/ptolemy/actor/lib/hoc/test/auto/CatchUpComposite3.xml
----------------- Instantiating /home/travis/build/icyphy/ptII/ptolemy/actor/lib/hoc/test/auto/CatchUpComposite3.xml
30 ms. Memory: 57472K Free: 30863K (54%)
----------------- Invoking toplevel() on ptolemy.moml.MoMLSimpleApplication@6b82b78c
----------------- Done invoking toplevel() on ptolemy.moml.MoMLSimpleApplication@6b82b78c
reloadAllAccessors: .CatchUpComposite3

===========================================================================================
----------------- testing Tue Jul 23 05:13:00 UTC 2019 /home/travis/build/icyphy/ptII/ptolemy/actor/lib/hoc/test/auto/CatchUpComposite4.xml
----------------- Instantiating /home/travis/build/icyphy/ptII/ptolemy/actor/lib/hoc/test/auto/CatchUpComposite4.xml
16 ms. Memory: 57472K Free: 39104K (68%)
----------------- Invoking toplevel() on ptolemy.moml.MoMLSimpleApplication@6e2099c
----------------- Done invoking toplevel() on ptolemy.moml.MoMLSimpleApplication@6e2099c
reloadAllAccessors: .CatchUpComposite4

===========================================================================================
----------------- testing Tue Jul 23 05:13:00 UTC 2019 /home/travis/build/icyphy/ptII/ptolemy/actor/lib/hoc/test/auto/CatchUpComposite5.xml
----------------- Instantiating /home/travis/build/icyphy/ptII/ptolemy/actor/lib/hoc/test/auto/CatchUpComposite5.xml
15 ms. Memory: 57472K Free: 31793K (55%)
----------------- Invoking toplevel() on ptolemy.moml.MoMLSimpleApplication@1c4fcebd
----------------- Done invoking toplevel() on ptolemy.moml.MoMLSimpleApplication@1c4fcebd
reloadAllAccessors: .CatchUpComposite5

===========================================================================================
----------------- testing Tue Jul 23 05:13:00 UTC 2019 /home/travis/build/icyphy/ptII/ptolemy/actor/lib/hoc/test/auto/CatchUpComposite6.xml
----------------- Instantiating /home/travis/build/icyphy/ptII/ptolemy/actor/lib/hoc/test/auto/CatchUpComposite6.xml
WARNING: The execution aspects in this model can influence the timing of actors by delaying the 
execution, potentially changing the behavior. There is no guarantee that actors fire at the 
time they request to be fired. 
Use Ptides for deterministic DE behavior that is not influenced by execution aspects. 

116 ms. Memory: 57472K Free: 33125K (58%)
----------------- Invoking toplevel() on ptolemy.moml.MoMLSimpleApplication@2e7c89b
----------------- Done invoking toplevel() on ptolemy.moml.MoMLSimpleApplication@2e7c89b
reloadAllAccessors: .CatchUpComposite6

===========================================================================================
----------------- testing Tue Jul 23 05:13:00 UTC 2019 /home/travis/build/icyphy/ptII/ptolemy/actor/lib/hoc/test/auto/CatchUpComposite7.xml
----------------- Instantiating /home/travis/build/icyphy/ptII/ptolemy/actor/lib/hoc/test/auto/CatchUpComposite7.xml
WARNING: The execution aspects in this model can influence the timing of actors by delaying the 
execution, potentially changing the behavior. There is no guarantee that actors fire at the 
time they request to be fired. 
Use Ptides for deterministic DE behavior that is not influenced by execution aspects. 

56 ms. Memory: 57472K Free: 35703K (62%)
----------------- Invoking toplevel() on ptolemy.moml.MoMLSimpleApplication@4aba9e1c
----------------- Done invoking toplevel() on ptolemy.moml.MoMLSimpleApplication@4aba9e1c
reloadAllAccessors: .CatchUpComposite7

===========================================================================================
----------------- testing Tue Jul 23 05:13:00 UTC 2019 /home/travis/build/icyphy/ptII/ptolemy/actor/lib/hoc/test/auto/ConcurrentExecutionTimeSDF.xml
----------------- Instantiating /home/travis/build/icyphy/ptII/ptolemy/actor/lib/hoc/test/auto/ConcurrentExecutionTimeSDF.xml
Fired ExecutionTime: 40400000
Fired ExecutionTime: 40400000
Fired ExecutionTime: 40400000
Fired ExecutionTime: 40400000
Fired ExecutionTime: 40400000
Fired ExecutionTime: 40400000
Fired ExecutionTime: 40400000
Fired ExecutionTime: 40400000
Fired ExecutionTime: 40400000
Fired ExecutionTime: 40400000
Fired ExecutionTime: 40400000
Fired ExecutionTime: 40400000
Fired ExecutionTime: 40400000
Fired ExecutionTime: 40400000
Fired ExecutionTime: 40400000
Fired ExecutionTime: 40400000
Fired ExecutionTime: 40400000
Fired ExecutionTime: 40400000
Fired ExecutionTime: 40400000
Fired ExecutionTime: 40400000
1665 ms. Memory: 57472K Free: 29662K (52%)
----------------- Invoking toplevel() on ptolemy.moml.MoMLSimpleApplication@7b4f95
----------------- Done invoking toplevel() on ptolemy.moml.MoMLSimpleApplication@7b4f95
reloadAllAccessors: .ConcurrentExecutionTimeSDF

===========================================================================================
----------------- testing Tue Jul 23 05:13:02 UTC 2019 /home/travis/build/icyphy/ptII/ptolemy/actor/lib/hoc/test/auto/ConcurrentSleep.xml
----------------- Instantiating /home/travis/build/icyphy/ptII/ptolemy/actor/lib/hoc/test/auto/ConcurrentSleep.xml
734 ms. Memory: 57472K Free: 36455K (63%)
----------------- Invoking toplevel() on ptolemy.moml.MoMLSimpleApplication@640a4cd6
----------------- Done invoking toplevel() on ptolemy.moml.MoMLSimpleApplication@640a4cd6
reloadAllAccessors: .ConcurrentSleep

===========================================================================================
----------------- testing Tue Jul 23 05:13:03 UTC 2019 /home/travis/build/icyphy/ptII/ptolemy/actor/lib/hoc/test/auto/DEInPNInRunCompositeActor.xml
----------------- Instantiating /home/travis/build/icyphy/ptII/ptolemy/actor/lib/hoc/test/auto/DEInPNInRunCompositeActor.xml
20 ms. Memory: 57472K Free: 32077K (56%)
----------------- Invoking toplevel() on ptolemy.moml.MoMLSimpleApplication@28a54186
----------------- Done invoking toplevel() on ptolemy.moml.MoMLSimpleApplication@28a54186
reloadAllAccessors: .DEInPNInRunCompositeActor

===========================================================================================
----------------- testing Tue Jul 23 05:13:03 UTC 2019 /home/travis/build/icyphy/ptII/ptolemy/actor/lib/hoc/test/auto/DFTSubSetTest.xml
----------------- Instantiating /home/travis/build/icyphy/ptII/ptolemy/actor/lib/hoc/test/auto/DFTSubSetTest.xml
255 ms. Memory: 57472K Free: 36198K (63%)
----------------- Invoking toplevel() on ptolemy.moml.MoMLSimpleApplication@773344fa
----------------- Done invoking toplevel() on ptolemy.moml.MoMLSimpleApplication@773344fa
reloadAllAccessors: .DFTSubSetTest

===========================================================================================
----------------- testing Tue Jul 23 05:13:03 UTC 2019 /home/travis/build/icyphy/ptII/ptolemy/actor/lib/hoc/test/auto/HocDE.xml
----------------- Instantiating /home/travis/build/icyphy/ptII/ptolemy/actor/lib/hoc/test/auto/HocDE.xml
208 ms. Memory: 57472K Free: 41798K (73%)
----------------- Invoking toplevel() on ptolemy.moml.MoMLSimpleApplication@4fea937e
----------------- Done invoking toplevel() on ptolemy.moml.MoMLSimpleApplication@4fea937e
reloadAllAccessors: .HocDE

===========================================================================================
----------------- testing Tue Jul 23 05:13:04 UTC 2019 /home/travis/build/icyphy/ptII/ptolemy/actor/lib/hoc/test/auto/IterateOverArray.xml
----------------- Instantiating /home/travis/build/icyphy/ptII/ptolemy/actor/lib/hoc/test/auto/IterateOverArray.xml
4 ms. Memory: 57472K Free: 37470K (65%)
----------------- Invoking toplevel() on ptolemy.moml.MoMLSimpleApplication@2a018ef4
----------------- Done invoking toplevel() on ptolemy.moml.MoMLSimpleApplication@2a018ef4
reloadAllAccessors: .IterateOverArray

===========================================================================================
----------------- testing Tue Jul 23 05:13:04 UTC 2019 /home/travis/build/icyphy/ptII/ptolemy/actor/lib/hoc/test/auto/IterateOverArray10.xml
----------------- Instantiating /home/travis/build/icyphy/ptII/ptolemy/actor/lib/hoc/test/auto/IterateOverArray10.xml
2 ms. Memory: 57472K Free: 34243K (60%)
----------------- Invoking toplevel() on ptolemy.moml.MoMLSimpleApplication@1eaa992b
----------------- Done invoking toplevel() on ptolemy.moml.MoMLSimpleApplication@1eaa992b
reloadAllAccessors: .IterateOverArray10

===========================================================================================
----------------- testing Tue Jul 23 05:13:04 UTC 2019 /home/travis/build/icyphy/ptII/ptolemy/actor/lib/hoc/test/auto/IterateOverArray11.xml
----------------- Instantiating /home/travis/build/icyphy/ptII/ptolemy/actor/lib/hoc/test/auto/IterateOverArray11.xml
4 ms. Memory: 57472K Free: 30446K (53%)
----------------- Invoking toplevel() on ptolemy.moml.MoMLSimpleApplication@249f4cd
----------------- Done invoking toplevel() on ptolemy.moml.MoMLSimpleApplication@249f4cd
reloadAllAccessors: .IterateOverArray11

===========================================================================================
----------------- testing Tue Jul 23 05:13:04 UTC 2019 /home/travis/build/icyphy/ptII/ptolemy/actor/lib/hoc/test/auto/IterateOverArray12.xml
----------------- Instantiating /home/travis/build/icyphy/ptII/ptolemy/actor/lib/hoc/test/auto/IterateOverArray12.xml
23 ms. Memory: 57472K Free: 40686K (71%)
----------------- Invoking toplevel() on ptolemy.moml.MoMLSimpleApplication@640d5d1c
----------------- Done invoking toplevel() on ptolemy.moml.MoMLSimpleApplication@640d5d1c
reloadAllAccessors: .IterateOverArray12

===========================================================================================
----------------- testing Tue Jul 23 05:13:04 UTC 2019 /home/travis/build/icyphy/ptII/ptolemy/actor/lib/hoc/test/auto/IterateOverArray13.xml
----------------- Instantiating /home/travis/build/icyphy/ptII/ptolemy/actor/lib/hoc/test/auto/IterateOverArray13.xml
92 ms. Memory: 57472K Free: 30467K (53%)
----------------- Invoking toplevel() on ptolemy.moml.MoMLSimpleApplication@2441709b
----------------- Done invoking toplevel() on ptolemy.moml.MoMLSimpleApplication@2441709b
reloadAllAccessors: .IterateOverArray13

===========================================================================================
----------------- testing Tue Jul 23 05:13:04 UTC 2019 /home/travis/build/icyphy/ptII/ptolemy/actor/lib/hoc/test/auto/IterateOverArray14.xml
----------------- Instantiating /home/travis/build/icyphy/ptII/ptolemy/actor/lib/hoc/test/auto/IterateOverArray14.xml
93 ms. Memory: 57472K Free: 29420K (51%)
----------------- Invoking toplevel() on ptolemy.moml.MoMLSimpleApplication@443f64b2
----------------- Done invoking toplevel() on ptolemy.moml.MoMLSimpleApplication@443f64b2
reloadAllAccessors: .IterateOverArray14

===========================================================================================
----------------- testing Tue Jul 23 05:13:04 UTC 2019 /home/travis/build/icyphy/ptII/ptolemy/actor/lib/hoc/test/auto/IterateOverArray2.xml
----------------- Instantiating /home/travis/build/icyphy/ptII/ptolemy/actor/lib/hoc/test/auto/IterateOverArray2.xml
9 ms. Memory: 57472K Free: 41461K (72%)
----------------- Invoking toplevel() on ptolemy.moml.MoMLSimpleApplication@4743afbe
----------------- Done invoking toplevel() on ptolemy.moml.MoMLSimpleApplication@4743afbe
reloadAllAccessors: .IterateOverArray2

===========================================================================================
----------------- testing Tue Jul 23 05:13:04 UTC 2019 /home/travis/build/icyphy/ptII/ptolemy/actor/lib/hoc/test/auto/IterateOverArray3.xml
----------------- Instantiating /home/travis/build/icyphy/ptII/ptolemy/actor/lib/hoc/test/auto/IterateOverArray3.xml
15 ms. Memory: 57472K Free: 35658K (62%)
----------------- Invoking toplevel() on ptolemy.moml.MoMLSimpleApplication@646b1153
----------------- Done invoking toplevel() on ptolemy.moml.MoMLSimpleApplication@646b1153
reloadAllAccessors: .IterateOverArray3

===========================================================================================
----------------- testing Tue Jul 23 05:13:04 UTC 2019 /home/travis/build/icyphy/ptII/ptolemy/actor/lib/hoc/test/auto/IterateOverArray4.xml
----------------- Instantiating /home/travis/build/icyphy/ptII/ptolemy/actor/lib/hoc/test/auto/IterateOverArray4.xml
7 ms. Memory: 57472K Free: 31837K (55%)
----------------- Invoking toplevel() on ptolemy.moml.MoMLSimpleApplication@10c3cb31
----------------- Done invoking toplevel() on ptolemy.moml.MoMLSimpleApplication@10c3cb31
reloadAllAccessors: .IterateOverArray4

===========================================================================================
----------------- testing Tue Jul 23 05:13:04 UTC 2019 /home/travis/build/icyphy/ptII/ptolemy/actor/lib/hoc/test/auto/IterateOverArray5.xml
----------------- Instantiating /home/travis/build/icyphy/ptII/ptolemy/actor/lib/hoc/test/auto/IterateOverArray5.xml
2 ms. Memory: 57472K Free: 28160K (49%)
----------------- Invoking toplevel() on ptolemy.moml.MoMLSimpleApplication@7ef484c5
----------------- Done invoking toplevel() on ptolemy.moml.MoMLSimpleApplication@7ef484c5
reloadAllAccessors: .IterateOverArray5

===========================================================================================
----------------- testing Tue Jul 23 05:13:05 UTC 2019 /home/travis/build/icyphy/ptII/ptolemy/actor/lib/hoc/test/auto/IterateOverArray6.xml
----------------- Instantiating /home/travis/build/icyphy/ptII/ptolemy/actor/lib/hoc/test/auto/IterateOverArray6.xml
3 ms. Memory: 57472K Free: 40990K (71%)
----------------- Invoking toplevel() on ptolemy.moml.MoMLSimpleApplication@2bee2ec4
----------------- Done invoking toplevel() on ptolemy.moml.MoMLSimpleApplication@2bee2ec4
reloadAllAccessors: .IterateOverArray6

===========================================================================================
----------------- testing Tue Jul 23 05:13:05 UTC 2019 /home/travis/build/icyphy/ptII/ptolemy/actor/lib/hoc/test/auto/IterateOverArray7.xml
----------------- Instantiating /home/travis/build/icyphy/ptII/ptolemy/actor/lib/hoc/test/auto/IterateOverArray7.xml
4 ms. Memory: 57472K Free: 36765K (64%)
----------------- Invoking toplevel() on ptolemy.moml.MoMLSimpleApplication@1c1189e7
----------------- Done invoking toplevel() on ptolemy.moml.MoMLSimpleApplication@1c1189e7
reloadAllAccessors: .IterateOverArray7

===========================================================================================
----------------- testing Tue Jul 23 05:13:05 UTC 2019 /home/travis/build/icyphy/ptII/ptolemy/actor/lib/hoc/test/auto/IterateOverArray8.xml
----------------- Instantiating /home/travis/build/icyphy/ptII/ptolemy/actor/lib/hoc/test/auto/IterateOverArray8.xml
2 ms. Memory: 57472K Free: 33045K (57%)
----------------- Invoking toplevel() on ptolemy.moml.MoMLSimpleApplication@3a01a59e
----------------- Done invoking toplevel() on ptolemy.moml.MoMLSimpleApplication@3a01a59e
reloadAllAccessors: .IterateOverArray8

===========================================================================================
----------------- testing Tue Jul 23 05:13:05 UTC 2019 /home/travis/build/icyphy/ptII/ptolemy/actor/lib/hoc/test/auto/IterateOverArray9.xml
----------------- Instantiating /home/travis/build/icyphy/ptII/ptolemy/actor/lib/hoc/test/auto/IterateOverArray9.xml
9 ms. Memory: 57472K Free: 29233K (51%)
----------------- Invoking toplevel() on ptolemy.moml.MoMLSimpleApplication@28d6667
----------------- Done invoking toplevel() on ptolemy.moml.MoMLSimpleApplication@28d6667
reloadAllAccessors: .IterateOverArray9

===========================================================================================
----------------- testing Tue Jul 23 05:13:05 UTC 2019 /home/travis/build/icyphy/ptII/ptolemy/actor/lib/hoc/test/auto/IterateOverArrayCoercedOutputType.xml
----------------- Instantiating /home/travis/build/icyphy/ptII/ptolemy/actor/lib/hoc/test/auto/IterateOverArrayCoercedOutputType.xml
11 ms. Memory: 57472K Free: 40341K (70%)
----------------- Invoking toplevel() on ptolemy.moml.MoMLSimpleApplication@5ebc5478
----------------- Done invoking toplevel() on ptolemy.moml.MoMLSimpleApplication@5ebc5478
reloadAllAccessors: .IterateOverArrayCoercedOutputType

===========================================================================================
----------------- testing Tue Jul 23 05:13:05 UTC 2019 /home/travis/build/icyphy/ptII/ptolemy/actor/lib/hoc/test/auto/IterateOverArrayInferredOutputType.xml
----------------- Instantiating /home/travis/build/icyphy/ptII/ptolemy/actor/lib/hoc/test/auto/IterateOverArrayInferredOutputType.xml
8 ms. Memory: 57472K Free: 35916K (62%)
----------------- Invoking toplevel() on ptolemy.moml.MoMLSimpleApplication@701be2f3
----------------- Done invoking toplevel() on ptolemy.moml.MoMLSimpleApplication@701be2f3
reloadAllAccessors: .IterateOverArrayInferredOutputType

===========================================================================================
----------------- testing Tue Jul 23 05:13:05 UTC 2019 /home/travis/build/icyphy/ptII/ptolemy/actor/lib/hoc/test/auto/MobileFunctionTest.xml
----------------- Instantiating /home/travis/build/icyphy/ptII/ptolemy/actor/lib/hoc/test/auto/MobileFunctionTest.xml
3 ms. Memory: 57472K Free: 31872K (55%)
----------------- Invoking toplevel() on ptolemy.moml.MoMLSimpleApplication@6fe442c6
----------------- Done invoking toplevel() on ptolemy.moml.MoMLSimpleApplication@6fe442c6
reloadAllAccessors: .MobileFunctionTest

===========================================================================================
----------------- testing Tue Jul 23 05:13:05 UTC 2019 /home/travis/build/icyphy/ptII/ptolemy/actor/lib/hoc/test/auto/MobileModelTest.xml
----------------- Instantiating /home/travis/build/icyphy/ptII/ptolemy/actor/lib/hoc/test/auto/MobileModelTest.xml
200 ms. Memory: 57472K Free: 27103K (47%)
----------------- Invoking toplevel() on ptolemy.moml.MoMLSimpleApplication@5dbae94d
----------------- Done invoking toplevel() on ptolemy.moml.MoMLSimpleApplication@5dbae94d
reloadAllAccessors: .MobileModelTest

===========================================================================================
----------------- testing Tue Jul 23 05:13:05 UTC 2019 /home/travis/build/icyphy/ptII/ptolemy/actor/lib/hoc/test/auto/ModelReference.xml
----------------- Instantiating /home/travis/build/icyphy/ptII/ptolemy/actor/lib/hoc/test/auto/ModelReference.xml
6 ms. Memory: 57472K Free: 36397K (63%)
6 ms. Memory: 57472K Free: 35625K (62%)
2 ms. Memory: 57472K Free: 34821K (61%)
2 ms. Memory: 57472K Free: 33952K (59%)
1 ms. Memory: 57472K Free: 33180K (58%)
6 ms. Memory: 57472K Free: 32369K (56%)
1 ms. Memory: 57472K Free: 31501K (55%)
1 ms. Memory: 57472K Free: 30730K (53%)
2 ms. Memory: 57472K Free: 29860K (52%)
4 ms. Memory: 57472K Free: 29048K (51%)
48 ms. Memory: 57472K Free: 29048K (51%)
----------------- Invoking toplevel() on ptolemy.moml.MoMLSimpleApplication@31811a89
----------------- Done invoking toplevel() on ptolemy.moml.MoMLSimpleApplication@31811a89
reloadAllAccessors: .ModelReference

===========================================================================================
----------------- testing Tue Jul 23 05:13:05 UTC 2019 /home/travis/build/icyphy/ptII/ptolemy/actor/lib/hoc/test/auto/ModelReference3.xml
----------------- Instantiating /home/travis/build/icyphy/ptII/ptolemy/actor/lib/hoc/test/auto/ModelReference3.xml
1 ms. Memory: 57472K Free: 40861K (71%)
3 ms. Memory: 57472K Free: 40050K (70%)
1 ms. Memory: 57472K Free: 39229K (68%)
6 ms. Memory: 57472K Free: 38416K (67%)
1 ms. Memory: 57472K Free: 37595K (65%)
1 ms. Memory: 57472K Free: 36774K (64%)
2 ms. Memory: 57472K Free: 35954K (63%)
6 ms. Memory: 57472K Free: 35141K (61%)
1 ms. Memory: 57472K Free: 34319K (60%)
2 ms. Memory: 57472K Free: 33499K (58%)
44 ms. Memory: 57472K Free: 33499K (58%)
----------------- Invoking toplevel() on ptolemy.moml.MoMLSimpleApplication@125e39ba
----------------- Done invoking toplevel() on ptolemy.moml.MoMLSimpleApplication@125e39ba
reloadAllAccessors: .ModelReference3

===========================================================================================
----------------- testing Tue Jul 23 05:13:05 UTC 2019 /home/travis/build/icyphy/ptII/ptolemy/actor/lib/hoc/test/auto/ModelReference4.xml
----------------- Instantiating /home/travis/build/icyphy/ptII/ptolemy/actor/lib/hoc/test/auto/ModelReference4.xml
4 ms. Memory: 57472K Free: 29208K (51%)
8 ms. Memory: 57472K Free: 28381K (49%)
4 ms. Memory: 57472K Free: 27554K (48%)
5 ms. Memory: 57472K Free: 26791K (47%)
6 ms. Memory: 57472K Free: 25963K (45%)
6 ms. Memory: 57472K Free: 40963K (71%)
9 ms. Memory: 57472K Free: 40128K (70%)
10 ms. Memory: 57472K Free: 39253K (68%)
6 ms. Memory: 57472K Free: 38443K (67%)
8 ms. Memory: 57472K Free: 37594K (65%)
10037 ms. Memory: 57472K Free: 37594K (65%)
----------------- Invoking toplevel() on ptolemy.moml.MoMLSimpleApplication@53934eb8
----------------- Done invoking toplevel() on ptolemy.moml.MoMLSimpleApplication@53934eb8
reloadAllAccessors: .ModelReference4

===========================================================================================
----------------- testing Tue Jul 23 05:13:15 UTC 2019 /home/travis/build/icyphy/ptII/ptolemy/actor/lib/hoc/test/auto/MultiInstanceComposite.xml
----------------- Instantiating /home/travis/build/icyphy/ptII/ptolemy/actor/lib/hoc/test/auto/MultiInstanceComposite.xml
53 ms. Memory: 57472K Free: 37821K (66%)
----------------- Invoking toplevel() on ptolemy.moml.MoMLSimpleApplication@6f4f3e64
----------------- Done invoking toplevel() on ptolemy.moml.MoMLSimpleApplication@6f4f3e64
reloadAllAccessors: .MultiInstanceComposite

===========================================================================================
----------------- testing Tue Jul 23 05:13:15 UTC 2019 /home/travis/build/icyphy/ptII/ptolemy/actor/lib/hoc/test/auto/MultiInstanceComposite2.xml
----------------- Instantiating /home/travis/build/icyphy/ptII/ptolemy/actor/lib/hoc/test/auto/MultiInstanceComposite2.xml
29 ms. Memory: 57472K Free: 26834K (47%)
----------------- Invoking toplevel() on ptolemy.moml.MoMLSimpleApplication@6e1bb78d
----------------- Done invoking toplevel() on ptolemy.moml.MoMLSimpleApplication@6e1bb78d
reloadAllAccessors: .MultiInstanceComposite2

===========================================================================================
----------------- testing Tue Jul 23 05:13:15 UTC 2019 /home/travis/build/icyphy/ptII/ptolemy/actor/lib/hoc/test/auto/MulticoreExecution.xml
----------------- Instantiating /home/travis/build/icyphy/ptII/ptolemy/actor/lib/hoc/test/auto/MulticoreExecution.xml
Fired ExecutionTime: 2800000
Fired ExecutionTime: 2800000
Fired ExecutionTime: 2800000
Fired ExecutionTime: 2800000
Fired ExecutionTime: 55600000
Fired ExecutionTime: 52800000
Fired ExecutionTime: 56800000
Fired ExecutionTime: 56000000
Fired ExecutionTime: 57600000
Fired ExecutionTime: 55600000
Fired ExecutionTime: 71200000
Fired ExecutionTime: 73600000
Fired ExecutionTime: 80800000
Fired ExecutionTime: 84000000
Fired ExecutionTime: 81200000
Fired ExecutionTime: 89600000
Fired ExecutionTime: 80000000
Fired ExecutionTime: 82400000
Fired ExecutionTime: 80000000
Fired ExecutionTime: 79200000
1088 ms. Memory: 57472K Free: 34822K (61%)
----------------- Invoking toplevel() on ptolemy.moml.MoMLSimpleApplication@7099f539
----------------- Done invoking toplevel() on ptolemy.moml.MoMLSimpleApplication@7099f539
reloadAllAccessors: .MulticoreExecution

===========================================================================================
----------------- testing Tue Jul 23 05:13:17 UTC 2019 /home/travis/build/icyphy/ptII/ptolemy/actor/lib/hoc/test/auto/ParallelExecution.xml
----------------- Instantiating /home/travis/build/icyphy/ptII/ptolemy/actor/lib/hoc/test/auto/ParallelExecution.xml
928 ms. Memory: 57472K Free: 28079K (49%)
----------------- Invoking toplevel() on ptolemy.moml.MoMLSimpleApplication@7c202a4
----------------- Done invoking toplevel() on ptolemy.moml.MoMLSimpleApplication@7c202a4
reloadAllAccessors: .ParallelExecution

===========================================================================================
----------------- testing Tue Jul 23 05:13:17 UTC 2019 /home/travis/build/icyphy/ptII/ptolemy/actor/lib/hoc/test/auto/RunCompositeActor.xml
----------------- Instantiating /home/travis/build/icyphy/ptII/ptolemy/actor/lib/hoc/test/auto/RunCompositeActor.xml
18 ms. Memory: 57472K Free: 37139K (65%)
----------------- Invoking toplevel() on ptolemy.moml.MoMLSimpleApplication@23ed0ced
----------------- Done invoking toplevel() on ptolemy.moml.MoMLSimpleApplication@23ed0ced
reloadAllAccessors: .RunCompositeActor

===========================================================================================
----------------- testing Tue Jul 23 05:13:18 UTC 2019 /home/travis/build/icyphy/ptII/ptolemy/actor/lib/hoc/test/auto/RunCompositeActor2.xml
----------------- Instantiating /home/travis/build/icyphy/ptII/ptolemy/actor/lib/hoc/test/auto/RunCompositeActor2.xml
8 ms. Memory: 57472K Free: 31343K (55%)
----------------- Invoking toplevel() on ptolemy.moml.MoMLSimpleApplication@7c71aa8a
----------------- Done invoking toplevel() on ptolemy.moml.MoMLSimpleApplication@7c71aa8a
reloadAllAccessors: .RunCompositeActor2

===========================================================================================
----------------- testing Tue Jul 23 05:13:18 UTC 2019 /home/travis/build/icyphy/ptII/ptolemy/actor/lib/hoc/test/auto/RunCompositeActor3.xml
----------------- Instantiating /home/travis/build/icyphy/ptII/ptolemy/actor/lib/hoc/test/auto/RunCompositeActor3.xml
5 ms. Memory: 57472K Free: 26186K (46%)
----------------- Invoking toplevel() on ptolemy.moml.MoMLSimpleApplication@60c53cb0
----------------- Done invoking toplevel() on ptolemy.moml.MoMLSimpleApplication@60c53cb0
reloadAllAccessors: .RunCompositeActor3

===========================================================================================
----------------- testing Tue Jul 23 05:13:18 UTC 2019 /home/travis/build/icyphy/ptII/ptolemy/actor/lib/hoc/test/auto/RunCompositeActor4.xml
----------------- Instantiating /home/travis/build/icyphy/ptII/ptolemy/actor/lib/hoc/test/auto/RunCompositeActor4.xml
12 ms. Memory: 57472K Free: 34453K (60%)
----------------- Invoking toplevel() on ptolemy.moml.MoMLSimpleApplication@52a94f6a
----------------- Done invoking toplevel() on ptolemy.moml.MoMLSimpleApplication@52a94f6a
reloadAllAccessors: .RunCompositeActor4

===========================================================================================
----------------- testing Tue Jul 23 05:13:18 UTC 2019 /home/travis/build/icyphy/ptII/ptolemy/actor/lib/hoc/test/auto/RunCompositeIterateOverArray.xml
----------------- Instantiating /home/travis/build/icyphy/ptII/ptolemy/actor/lib/hoc/test/auto/RunCompositeIterateOverArray.xml
14 ms. Memory: 57472K Free: 28956K (50%)
----------------- Invoking toplevel() on ptolemy.moml.MoMLSimpleApplication@51810e2e
----------------- Done invoking toplevel() on ptolemy.moml.MoMLSimpleApplication@51810e2e
reloadAllAccessors: .RunCompositeIterateOverArray

===========================================================================================
----------------- testing Tue Jul 23 05:13:18 UTC 2019 /home/travis/build/icyphy/ptII/ptolemy/actor/lib/hoc/test/auto/ThreadedJS.xml
----------------- Instantiating /home/travis/build/icyphy/ptII/ptolemy/actor/lib/hoc/test/auto/ThreadedJS.xml
9112 ms. Memory: 57472K Free: 19142K (33%)
----------------- Invoking toplevel() on ptolemy.moml.MoMLSimpleApplication@44bd5dde
----------------- Done invoking toplevel() on ptolemy.moml.MoMLSimpleApplication@44bd5dde
reloadAllAccessors: .ThreadedJS
AutoTests.java: About to close Vertx.
AutoTests.java: Vertx closed.
]]></system-out>
  <system-err><![CDATA[java.lang.RuntimeException: Execution failed
	at ptolemy.moml.MoMLSimpleApplication$UnloadThread.run(MoMLSimpleApplication.java:402)
Caused by: ptolemy.kernel.util.IllegalActionException: initialize() was called after wrapup() was called but preinitialize() was not called after wrapup().
	at ptolemy.actor.lib.hoc.test.PreinitializeMustBeInvoked.initialize(PreinitializeMustBeInvoked.java:78)
	at ptolemy.actor.Director.initialize(Director.java:938)
	at ptolemy.actor.Director.initialize(Director.java:907)
	at ptolemy.actor.sched.StaticSchedulingDirector.initialize(StaticSchedulingDirector.java:159)
	at ptolemy.domains.sdf.kernel.SDFDirector.initialize(SDFDirector.java:544)
	at ptolemy.actor.CompositeActor.initialize(CompositeActor.java:935)
	at ptolemy.actor.lib.hoc.LifeCycleManager._executeInsideModel(LifeCycleManager.java:339)
	at ptolemy.actor.lib.hoc.RunCompositeActor.fire(RunCompositeActor.java:205)
	at ptolemy.actor.CompositeActor.iterate(CompositeActor.java:1146)
	at ptolemy.actor.sched.StaticSchedulingDirector.fire(StaticSchedulingDirector.java:216)
	at ptolemy.domains.sdf.kernel.SDFDirector.fire(SDFDirector.java:500)
	at ptolemy.actor.CompositeActor.fire(CompositeActor.java:455)
	at ptolemy.actor.Manager.iterate(Manager.java:851)
	at ptolemy.actor.Manager.execute(Manager.java:369)
	at ptolemy.actor.Manager.run(Manager.java:1263)
	at ptolemy.actor.Manager$PtolemyRunThread.run(Manager.java:1933)
java.lang.reflect.InvocationTargetException
	at java.base/jdk.internal.reflect.NativeConstructorAccessorImpl.newInstance0(Native Method)
	at java.base/jdk.internal.reflect.NativeConstructorAccessorImpl.newInstance(NativeConstructorAccessorImpl.java:62)
	at java.base/jdk.internal.reflect.DelegatingConstructorAccessorImpl.newInstance(DelegatingConstructorAccessorImpl.java:45)
	at java.base/java.lang.reflect.Constructor.newInstance(Constructor.java:490)
	at ptolemy.util.test.junit.AutoKnownFailedTests.RunModel(AutoKnownFailedTests.java:105)
	at java.base/jdk.internal.reflect.NativeMethodAccessorImpl.invoke0(Native Method)
	at java.base/jdk.internal.reflect.NativeMethodAccessorImpl.invoke(NativeMethodAccessorImpl.java:62)
	at java.base/jdk.internal.reflect.DelegatingMethodAccessorImpl.invoke(DelegatingMethodAccessorImpl.java:43)
	at java.base/java.lang.reflect.Method.invoke(Method.java:566)
	at org.junit.runners.model.FrameworkMethod$1.runReflectiveCall(FrameworkMethod.java:44)
	at org.junit.internal.runners.model.ReflectiveCallable.run(ReflectiveCallable.java:15)
	at org.junit.runners.model.FrameworkMethod.invokeExplosively(FrameworkMethod.java:41)
	at junitparams.internal.InvokeParameterisedMethod.evaluate(InvokeParameterisedMethod.java:102)
	at org.junit.internal.runners.statements.FailOnTimeout$1.run(FailOnTimeout.java:28)
Caused by: ptolemy.kernel.util.IllegalActionException: initialize() was called after wrapup() was called but preinitialize() was not called after wrapup().
	at ptolemy.actor.lib.hoc.test.PreinitializeMustBeInvoked.initialize(PreinitializeMustBeInvoked.java:78)
	at ptolemy.actor.Director.initialize(Director.java:938)
	at ptolemy.actor.Director.initialize(Director.java:907)
	at ptolemy.actor.sched.StaticSchedulingDirector.initialize(StaticSchedulingDirector.java:159)
	at ptolemy.domains.sdf.kernel.SDFDirector.initialize(SDFDirector.java:544)
	at ptolemy.actor.CompositeActor.initialize(CompositeActor.java:935)
	at ptolemy.actor.lib.hoc.LifeCycleManager._executeInsideModel(LifeCycleManager.java:339)
	at ptolemy.actor.lib.hoc.RunCompositeActor.fire(RunCompositeActor.java:205)
	at ptolemy.actor.CompositeActor.iterate(CompositeActor.java:1146)
	at ptolemy.actor.sched.StaticSchedulingDirector.fire(StaticSchedulingDirector.java:216)
	at ptolemy.domains.sdf.kernel.SDFDirector.fire(SDFDirector.java:500)
	at ptolemy.actor.CompositeActor.fire(CompositeActor.java:455)
	at ptolemy.actor.Manager.iterate(Manager.java:851)
	at ptolemy.actor.Manager.execute(Manager.java:369)
	at ptolemy.actor.Manager.run(Manager.java:1263)
	at ptolemy.actor.Manager$PtolemyRunThread.run(Manager.java:1933)
Warning: Nashorn engine is planned to be removed from a future JDK release
Warning: Nashorn engine is planned to be removed from a future JDK release
Warning: Nashorn engine is planned to be removed from a future JDK release
Warning: Nashorn engine is planned to be removed from a future JDK release
Warning: Nashorn engine is planned to be removed from a future JDK release
Warning: Nashorn engine is planned to be removed from a future JDK release
Warning: Nashorn engine is planned to be removed from a future JDK release
Warning: Nashorn engine is planned to be removed from a future JDK release
]]></system-err>
</testsuite>
