<?xml version="1.0" encoding="UTF-8" ?>
<testsuite errors="0" failures="0" hostname="travis-job-5315c4c4-e2eb-4342-ab63-d371846580a7" name="ptolemy.domains.continuous.test.junit.JUnitTclTest" skipped="0" tests="156" time="73.733" timestamp="2020-03-02T20:59:29">
  <properties>
[...]
</properties>
  <testcase classname="ptolemy.util.test.junit.TclTests" name="[0] ThereAreNoTclTests (RunTclFile)" time="0.009" />
  <testcase classname="ptolemy.util.test.junit.AutoKnownFailedTests" name="[0] ThereAreNoKnowFailedTests (RunModel)" time="0.005" />
  <testcase classname="ptolemy.util.test.junit.AutoNameArchTests" name="[0] ThereAreNoAutoArchTests (RunModel)" time="0.024" />
  <testcase classname="ptolemy.util.test.junit.AutoTests" name="[0] /home/travis/build/icyphy/ptII/ptolemy/domains/continuous/test/auto/BouncingBall.xml (RunModel)" time="3.272" />
  <testcase classname="ptolemy.util.test.junit.AutoTests" name="[1] /home/travis/build/icyphy/ptII/ptolemy/domains/continuous/test/auto/BouncingBallWithoutGR.xml (RunModel)" time="0.839" />
  <testcase classname="ptolemy.util.test.junit.AutoTests" name="[2] /home/travis/build/icyphy/ptII/ptolemy/domains/continuous/test/auto/Brownian.xml (RunModel)" time="0.105" />
  <testcase classname="ptolemy.util.test.junit.AutoTests" name="[3] /home/travis/build/icyphy/ptII/ptolemy/domains/continuous/test/auto/CarTracking.xml (RunModel)" time="4.589" />
  <testcase classname="ptolemy.util.test.junit.AutoTests" name="[4] /home/travis/build/icyphy/ptII/ptolemy/domains/continuous/test/auto/CartPendulum.xml (RunModel)" time="0.621" />
  <testcase classname="ptolemy.util.test.junit.AutoTests" name="[5] /home/travis/build/icyphy/ptII/ptolemy/domains/continuous/test/auto/CausalityInterface10.xml (RunModel)" time="0.065" />
  <testcase classname="ptolemy.util.test.junit.AutoTests" name="[6] /home/travis/build/icyphy/ptII/ptolemy/domains/continuous/test/auto/CausalityInterface11.xml (RunModel)" time="0.033" />
  <testcase classname="ptolemy.util.test.junit.AutoTests" name="[7] /home/travis/build/icyphy/ptII/ptolemy/domains/continuous/test/auto/CausalityInterface12.xml (RunModel)" time="0.041" />
  <testcase classname="ptolemy.util.test.junit.AutoTests" name="[8] /home/travis/build/icyphy/ptII/ptolemy/domains/continuous/test/auto/CausalityInterface13.xml (RunModel)" time="0.034" />
  <testcase classname="ptolemy.util.test.junit.AutoTests" name="[9] /home/travis/build/icyphy/ptII/ptolemy/domains/continuous/test/auto/CausalityInterface14.xml (RunModel)" time="0.027" />
  <testcase classname="ptolemy.util.test.junit.AutoTests" name="[10] /home/travis/build/icyphy/ptII/ptolemy/domains/continuous/test/auto/CausalityInterface4.xml (RunModel)" time="0.037" />
  <testcase classname="ptolemy.util.test.junit.AutoTests" name="[11] /home/travis/build/icyphy/ptII/ptolemy/domains/continuous/test/auto/CausalityInterface5.xml (RunModel)" time="0.053" />
  <testcase classname="ptolemy.util.test.junit.AutoTests" name="[12] /home/travis/build/icyphy/ptII/ptolemy/domains/continuous/test/auto/CausalityInterface6.xml (RunModel)" time="0.026" />
  <testcase classname="ptolemy.util.test.junit.AutoTests" name="[13] /home/travis/build/icyphy/ptII/ptolemy/domains/continuous/test/auto/CausalityInterface7.xml (RunModel)" time="0.045" />
  <testcase classname="ptolemy.util.test.junit.AutoTests" name="[14] /home/travis/build/icyphy/ptII/ptolemy/domains/continuous/test/auto/CausalityInterface8.xml (RunModel)" time="0.081" />
  <testcase classname="ptolemy.util.test.junit.AutoTests" name="[15] /home/travis/build/icyphy/ptII/ptolemy/domains/continuous/test/auto/CausalityInterface9.xml (RunModel)" time="0.066" />
  <testcase classname="ptolemy.util.test.junit.AutoTests" name="[16] /home/travis/build/icyphy/ptII/ptolemy/domains/continuous/test/auto/CausalityInterfaceFeedback1.xml (RunModel)" time="0.028" />
  <testcase classname="ptolemy.util.test.junit.AutoTests" name="[17] /home/travis/build/icyphy/ptII/ptolemy/domains/continuous/test/auto/CausalityInterfaceFeedback2.xml (RunModel)" time="0.035" />
  <testcase classname="ptolemy.util.test.junit.AutoTests" name="[18] /home/travis/build/icyphy/ptII/ptolemy/domains/continuous/test/auto/CompareWithCurrentTime.xml (RunModel)" time="0.062" />
  <testcase classname="ptolemy.util.test.junit.AutoTests" name="[19] /home/travis/build/icyphy/ptII/ptolemy/domains/continuous/test/auto/ComparedClocks.xml (RunModel)" time="0.139" />
  <testcase classname="ptolemy.util.test.junit.AutoTests" name="[20] /home/travis/build/icyphy/ptII/ptolemy/domains/continuous/test/auto/ContinuousAOCClone.xml (RunModel)" time="2.738" />
  <testcase classname="ptolemy.util.test.junit.AutoTests" name="[21] /home/travis/build/icyphy/ptII/ptolemy/domains/continuous/test/auto/ContinuousClock.xml (RunModel)" time="0.11" />
  <testcase classname="ptolemy.util.test.junit.AutoTests" name="[22] /home/travis/build/icyphy/ptII/ptolemy/domains/continuous/test/auto/ContinuousInContinuous.xml (RunModel)" time="0.098" />
  <testcase classname="ptolemy.util.test.junit.AutoTests" name="[23] /home/travis/build/icyphy/ptII/ptolemy/domains/continuous/test/auto/ContinuousInContinuousInContinuous.xml (RunModel)" time="0.024" />
  <testcase classname="ptolemy.util.test.junit.AutoTests" name="[24] /home/travis/build/icyphy/ptII/ptolemy/domains/continuous/test/auto/ContinuousInDE.xml (RunModel)" time="0.116" />
  <testcase classname="ptolemy.util.test.junit.AutoTests" name="[25] /home/travis/build/icyphy/ptII/ptolemy/domains/continuous/test/auto/ContinuousInDE2.xml (RunModel)" time="0.052" />
  <testcase classname="ptolemy.util.test.junit.AutoTests" name="[26] /home/travis/build/icyphy/ptII/ptolemy/domains/continuous/test/auto/ContinuousInDE3.xml (RunModel)" time="0.054" />
  <testcase classname="ptolemy.util.test.junit.AutoTests" name="[27] /home/travis/build/icyphy/ptII/ptolemy/domains/continuous/test/auto/ContinuousInDE4.xml (RunModel)" time="0.033" />
  <testcase classname="ptolemy.util.test.junit.AutoTests" name="[28] /home/travis/build/icyphy/ptII/ptolemy/domains/continuous/test/auto/ContinuousInDEDifferentRefinements.xml (RunModel)" time="0.1" />
  <testcase classname="ptolemy.util.test.junit.AutoTests" name="[29] /home/travis/build/icyphy/ptII/ptolemy/domains/continuous/test/auto/ContinuousInDEDifferentRefinementsPreemptive.xml (RunModel)" time="0.104" />
  <testcase classname="ptolemy.util.test.junit.AutoTests" name="[30] /home/travis/build/icyphy/ptII/ptolemy/domains/continuous/test/auto/ContinuousInDEInContinuous2.xml (RunModel)" time="0.055" />
  <testcase classname="ptolemy.util.test.junit.AutoTests" name="[31] /home/travis/build/icyphy/ptII/ptolemy/domains/continuous/test/auto/ContinuousInDEInContinuous3.xml (RunModel)" time="0.057" />
  <testcase classname="ptolemy.util.test.junit.AutoTests" name="[32] /home/travis/build/icyphy/ptII/ptolemy/domains/continuous/test/auto/ContinuousInDEInput.xml (RunModel)" time="0.031" />
  <testcase classname="ptolemy.util.test.junit.AutoTests" name="[33] /home/travis/build/icyphy/ptII/ptolemy/domains/continuous/test/auto/ContinuousInDEInput2.xml (RunModel)" time="0.034" />
  <testcase classname="ptolemy.util.test.junit.AutoTests" name="[34] /home/travis/build/icyphy/ptII/ptolemy/domains/continuous/test/auto/ContinuousInDEInput3.xml (RunModel)" time="0.031" />
  <testcase classname="ptolemy.util.test.junit.AutoTests" name="[35] /home/travis/build/icyphy/ptII/ptolemy/domains/continuous/test/auto/ContinuousInDESharingRefinement.xml (RunModel)" time="0.213" />
  <testcase classname="ptolemy.util.test.junit.AutoTests" name="[36] /home/travis/build/icyphy/ptII/ptolemy/domains/continuous/test/auto/ContinuousInDEwithNoPorts.xml (RunModel)" time="0.016" />
  <testcase classname="ptolemy.util.test.junit.AutoTests" name="[37] /home/travis/build/icyphy/ptII/ptolemy/domains/continuous/test/auto/ContinuousInsideDE.xml (RunModel)" time="0.075" />
  <testcase classname="ptolemy.util.test.junit.AutoTests" name="[38] /home/travis/build/icyphy/ptII/ptolemy/domains/continuous/test/auto/ContinuousMerge1.xml (RunModel)" time="0.024" />
  <testcase classname="ptolemy.util.test.junit.AutoTests" name="[39] /home/travis/build/icyphy/ptII/ptolemy/domains/continuous/test/auto/ContinuousMerge2.xml (RunModel)" time="0.047" />
  <testcase classname="ptolemy.util.test.junit.AutoTests" name="[40] /home/travis/build/icyphy/ptII/ptolemy/domains/continuous/test/auto/ContinuousMerge3.xml (RunModel)" time="0.061" />
  <testcase classname="ptolemy.util.test.junit.AutoTests" name="[41] /home/travis/build/icyphy/ptII/ptolemy/domains/continuous/test/auto/ContinuousWithinContinuous.xml (RunModel)" time="0.052" />
  <testcase classname="ptolemy.util.test.junit.AutoTests" name="[42] /home/travis/build/icyphy/ptII/ptolemy/domains/continuous/test/auto/ContinuousWithinContinuous2.xml (RunModel)" time="0.068" />
  <testcase classname="ptolemy.util.test.junit.AutoTests" name="[43] /home/travis/build/icyphy/ptII/ptolemy/domains/continuous/test/auto/ContinuousWithinContinuous3.xml (RunModel)" time="0.023" />
  <testcase classname="ptolemy.util.test.junit.AutoTests" name="[44] /home/travis/build/icyphy/ptII/ptolemy/domains/continuous/test/auto/ContinuousWithinContinuous4.xml (RunModel)" time="0.072" />
  <testcase classname="ptolemy.util.test.junit.AutoTests" name="[45] /home/travis/build/icyphy/ptII/ptolemy/domains/continuous/test/auto/ContinuousWithinContinuous5.xml (RunModel)" time="0.026" />
  <testcase classname="ptolemy.util.test.junit.AutoTests" name="[46] /home/travis/build/icyphy/ptII/ptolemy/domains/continuous/test/auto/ContinuousWithinContinuous6.xml (RunModel)" time="0.024" />
  <testcase classname="ptolemy.util.test.junit.AutoTests" name="[47] /home/travis/build/icyphy/ptII/ptolemy/domains/continuous/test/auto/ContinuousWithinContinuous7.xml (RunModel)" time="0.065" />
  <testcase classname="ptolemy.util.test.junit.AutoTests" name="[48] /home/travis/build/icyphy/ptII/ptolemy/domains/continuous/test/auto/DCMotor.xml (RunModel)" time="14.647" />
  <testcase classname="ptolemy.util.test.junit.AutoTests" name="[49] /home/travis/build/icyphy/ptII/ptolemy/domains/continuous/test/auto/DEInContinuous.xml (RunModel)" time="0.034" />
  <testcase classname="ptolemy.util.test.junit.AutoTests" name="[50] /home/travis/build/icyphy/ptII/ptolemy/domains/continuous/test/auto/DEinContinuous2.xml (RunModel)" time="0.027" />
  <testcase classname="ptolemy.util.test.junit.AutoTests" name="[51] /home/travis/build/icyphy/ptII/ptolemy/domains/continuous/test/auto/Derivative.xml (RunModel)" time="0.208" />
  <testcase classname="ptolemy.util.test.junit.AutoTests" name="[52] /home/travis/build/icyphy/ptII/ptolemy/domains/continuous/test/auto/Derivative1.xml (RunModel)" time="0.055" />
  <testcase classname="ptolemy.util.test.junit.AutoTests" name="[53] /home/travis/build/icyphy/ptII/ptolemy/domains/continuous/test/auto/DiscreteClock.xml (RunModel)" time="0.013" />
  <testcase classname="ptolemy.util.test.junit.AutoTests" name="[54] /home/travis/build/icyphy/ptII/ptolemy/domains/continuous/test/auto/EfficiencyCurve.xml (RunModel)" time="0.105" />
  <testcase classname="ptolemy.util.test.junit.AutoTests" name="[55] /home/travis/build/icyphy/ptII/ptolemy/domains/continuous/test/auto/ExponentialResponse.xml (RunModel)" time="0.103" />
  <testcase classname="ptolemy.util.test.junit.AutoTests" name="[56] /home/travis/build/icyphy/ptII/ptolemy/domains/continuous/test/auto/ExponentialResponseRK45.xml (RunModel)" time="0.033" />
  <testcase classname="ptolemy.util.test.junit.AutoTests" name="[57] /home/travis/build/icyphy/ptII/ptolemy/domains/continuous/test/auto/Friction.xml (RunModel)" time="1.553" />
  <testcase classname="ptolemy.util.test.junit.AutoTests" name="[58] /home/travis/build/icyphy/ptII/ptolemy/domains/continuous/test/auto/FurutaPendulum.xml (RunModel)" time="3.268" />
  <testcase classname="ptolemy.util.test.junit.AutoTests" name="[59] /home/travis/build/icyphy/ptII/ptolemy/domains/continuous/test/auto/HierarchicalExecution.xml (RunModel)" time="1.886" />
  <testcase classname="ptolemy.util.test.junit.AutoTests" name="[60] /home/travis/build/icyphy/ptII/ptolemy/domains/continuous/test/auto/HybridPlant.xml (RunModel)" time="0.525" />
  <testcase classname="ptolemy.util.test.junit.AutoTests" name="[61] /home/travis/build/icyphy/ptII/ptolemy/domains/continuous/test/auto/Hysteresis.xml (RunModel)" time="0.169" />
  <testcase classname="ptolemy.util.test.junit.AutoTests" name="[62] /home/travis/build/icyphy/ptII/ptolemy/domains/continuous/test/auto/HysteresisWithRandomDelay.xml (RunModel)" time="0.223" />
  <testcase classname="ptolemy.util.test.junit.AutoTests" name="[63] /home/travis/build/icyphy/ptII/ptolemy/domains/continuous/test/auto/HysteresisWithRandomLosses.xml (RunModel)" time="2.385" />
  <testcase classname="ptolemy.util.test.junit.AutoTests" name="[64] /home/travis/build/icyphy/ptII/ptolemy/domains/continuous/test/auto/ImmediateTransitions.xml (RunModel)" time="0.042" />
  <testcase classname="ptolemy.util.test.junit.AutoTests" name="[65] /home/travis/build/icyphy/ptII/ptolemy/domains/continuous/test/auto/ImpulseFeedback.xml (RunModel)" time="0.02" />
  <testcase classname="ptolemy.util.test.junit.AutoTests" name="[66] /home/travis/build/icyphy/ptII/ptolemy/domains/continuous/test/auto/ImpulseFeedback2.xml (RunModel)" time="0.022" />
  <testcase classname="ptolemy.util.test.junit.AutoTests" name="[67] /home/travis/build/icyphy/ptII/ptolemy/domains/continuous/test/auto/IncreasingRatePoisson.xml (RunModel)" time="0.79" />
  <testcase classname="ptolemy.util.test.junit.AutoTests" name="[68] /home/travis/build/icyphy/ptII/ptolemy/domains/continuous/test/auto/InitialStateFeedback.xml (RunModel)" time="0.017" />
  <testcase classname="ptolemy.util.test.junit.AutoTests" name="[69] /home/travis/build/icyphy/ptII/ptolemy/domains/continuous/test/auto/Integration.xml (RunModel)" time="0.012" />
  <testcase classname="ptolemy.util.test.junit.AutoTests" name="[70] /home/travis/build/icyphy/ptII/ptolemy/domains/continuous/test/auto/Integration2.xml (RunModel)" time="0.081" />
  <testcase classname="ptolemy.util.test.junit.AutoTests" name="[71] /home/travis/build/icyphy/ptII/ptolemy/domains/continuous/test/auto/Integration3.xml (RunModel)" time="0.014" />
  <testcase classname="ptolemy.util.test.junit.AutoTests" name="[72] /home/travis/build/icyphy/ptII/ptolemy/domains/continuous/test/auto/Integration5.xml (RunModel)" time="0.024" />
  <testcase classname="ptolemy.util.test.junit.AutoTests" name="[73] /home/travis/build/icyphy/ptII/ptolemy/domains/continuous/test/auto/IntegratorImpulse.xml (RunModel)" time="0.01" />
  <testcase classname="ptolemy.util.test.junit.AutoTests" name="[74] /home/travis/build/icyphy/ptII/ptolemy/domains/continuous/test/auto/IntegratorImpulse2.xml (RunModel)" time="0.012" />
  <testcase classname="ptolemy.util.test.junit.AutoTests" name="[75] /home/travis/build/icyphy/ptII/ptolemy/domains/continuous/test/auto/LevelCrossing1.xml (RunModel)" time="0.012" />
  <testcase classname="ptolemy.util.test.junit.AutoTests" name="[76] /home/travis/build/icyphy/ptII/ptolemy/domains/continuous/test/auto/LevelCrossing2.xml (RunModel)" time="0.015" />
  <testcase classname="ptolemy.util.test.junit.AutoTests" name="[77] /home/travis/build/icyphy/ptII/ptolemy/domains/continuous/test/auto/LevelCrossing3.xml (RunModel)" time="0.012" />
  <testcase classname="ptolemy.util.test.junit.AutoTests" name="[78] /home/travis/build/icyphy/ptII/ptolemy/domains/continuous/test/auto/LevelCrossing4.xml (RunModel)" time="0.02" />
  <testcase classname="ptolemy.util.test.junit.AutoTests" name="[79] /home/travis/build/icyphy/ptII/ptolemy/domains/continuous/test/auto/LevelCrossing5.xml (RunModel)" time="0.013" />
  <testcase classname="ptolemy.util.test.junit.AutoTests" name="[80] /home/travis/build/icyphy/ptII/ptolemy/domains/continuous/test/auto/LevelCrossing6.xml (RunModel)" time="0.012" />
  <testcase classname="ptolemy.util.test.junit.AutoTests" name="[81] /home/travis/build/icyphy/ptII/ptolemy/domains/continuous/test/auto/LevelCrossingDetector.xml (RunModel)" time="0.039" />
  <testcase classname="ptolemy.util.test.junit.AutoTests" name="[82] /home/travis/build/icyphy/ptII/ptolemy/domains/continuous/test/auto/LevelCrossingDetectorDetectingDirections.xml (RunModel)" time="0.091" />
  <testcase classname="ptolemy.util.test.junit.AutoTests" name="[83] /home/travis/build/icyphy/ptII/ptolemy/domains/continuous/test/auto/LevelCrossingDetectorDetectsGlitches.xml (RunModel)" time="0.057" />
  <testcase classname="ptolemy.util.test.junit.AutoTests" name="[84] /home/travis/build/icyphy/ptII/ptolemy/domains/continuous/test/auto/LevelCrossingNoInitialOuput.xml (RunModel)" time="0.014" />
  <testcase classname="ptolemy.util.test.junit.AutoTests" name="[85] /home/travis/build/icyphy/ptII/ptolemy/domains/continuous/test/auto/LinearStateSpaceExample.xml (RunModel)" time="0.064" />
  <testcase classname="ptolemy.util.test.junit.AutoTests" name="[86] /home/travis/build/icyphy/ptII/ptolemy/domains/continuous/test/auto/Lorenz.xml (RunModel)" time="3.406" />
  <testcase classname="ptolemy.util.test.junit.AutoTests" name="[87] /home/travis/build/icyphy/ptII/ptolemy/domains/continuous/test/auto/LorenzDifferentialSystem.xml (RunModel)" time="0.942" />
  <testcase classname="ptolemy.util.test.junit.AutoTests" name="[88] /home/travis/build/icyphy/ptII/ptolemy/domains/continuous/test/auto/LorenzDifferentialSystemWithInput.xml (RunModel)" time="1.175" />
  <testcase classname="ptolemy.util.test.junit.AutoTests" name="[89] /home/travis/build/icyphy/ptII/ptolemy/domains/continuous/test/auto/LorenzDifferentialSystemWithTime.xml (RunModel)" time="0.713" />
  <testcase classname="ptolemy.util.test.junit.AutoTests" name="[90] /home/travis/build/icyphy/ptII/ptolemy/domains/continuous/test/auto/Microsteps.xml (RunModel)" time="0.024" />
  <testcase classname="ptolemy.util.test.junit.AutoTests" name="[91] /home/travis/build/icyphy/ptII/ptolemy/domains/continuous/test/auto/Modal1.xml (RunModel)" time="0.031" />
  <testcase classname="ptolemy.util.test.junit.AutoTests" name="[92] /home/travis/build/icyphy/ptII/ptolemy/domains/continuous/test/auto/Modal2.xml (RunModel)" time="0.05" />
  <testcase classname="ptolemy.util.test.junit.AutoTests" name="[93] /home/travis/build/icyphy/ptII/ptolemy/domains/continuous/test/auto/ModalTransitionGuardWithReset.xml (RunModel)" time="0.024" />
  <testcase classname="ptolemy.util.test.junit.AutoTests" name="[94] /home/travis/build/icyphy/ptII/ptolemy/domains/continuous/test/auto/ModalTransitionGuardWithResetUsingPreemptiveTransition.xml (RunModel)" time="0.03" />
  <testcase classname="ptolemy.util.test.junit.AutoTests" name="[95] /home/travis/build/icyphy/ptII/ptolemy/domains/continuous/test/auto/ModalTransitionGuardWithResetUsingPreemptiveTransition2.xml (RunModel)" time="0.036" />
  <testcase classname="ptolemy.util.test.junit.AutoTests" name="[96] /home/travis/build/icyphy/ptII/ptolemy/domains/continuous/test/auto/ModalTransitionGuardWithResetUsingPreemptiveTransition3.xml (RunModel)" time="0.025" />
  <testcase classname="ptolemy.util.test.junit.AutoTests" name="[97] /home/travis/build/icyphy/ptII/ptolemy/domains/continuous/test/auto/NewtonsCradle.xml (RunModel)" time="0.751" />
  <testcase classname="ptolemy.util.test.junit.AutoTests" name="[98] /home/travis/build/icyphy/ptII/ptolemy/domains/continuous/test/auto/NewtonsCradleAnimated.xml (RunModel)" time="1.292" />
  <testcase classname="ptolemy.util.test.junit.AutoTests" name="[99] /home/travis/build/icyphy/ptII/ptolemy/domains/continuous/test/auto/NewtonsCradleComplicated.xml (RunModel)" time="0.891" />
  <testcase classname="ptolemy.util.test.junit.AutoTests" name="[100] /home/travis/build/icyphy/ptII/ptolemy/domains/continuous/test/auto/NewtonsCradleNondeterministic.xml (RunModel)" time="0.638" />
  <testcase classname="ptolemy.util.test.junit.AutoTests" name="[101] /home/travis/build/icyphy/ptII/ptolemy/domains/continuous/test/auto/NewtonsCradlePerfectlyInelastic1.xml (RunModel)" time="1.148" />
  <testcase classname="ptolemy.util.test.junit.AutoTests" name="[102] /home/travis/build/icyphy/ptII/ptolemy/domains/continuous/test/auto/Noise.xml (RunModel)" time="0.183" />
  <testcase classname="ptolemy.util.test.junit.AutoTests" name="[103] /home/travis/build/icyphy/ptII/ptolemy/domains/continuous/test/auto/NoiseSpectrum.xml (RunModel)" time="0.699" />
  <testcase classname="ptolemy.util.test.junit.AutoTests" name="[104] /home/travis/build/icyphy/ptII/ptolemy/domains/continuous/test/auto/ParameterizedNewtonsCradleAnimated.xml (RunModel)" time="0.368" />
  <testcase classname="ptolemy.util.test.junit.AutoTests" name="[105] /home/travis/build/icyphy/ptII/ptolemy/domains/continuous/test/auto/ParameterizedNewtonsCradleAnimatedNondeterministic.xml (RunModel)" time="1.124" />
  <testcase classname="ptolemy.util.test.junit.AutoTests" name="[106] /home/travis/build/icyphy/ptII/ptolemy/domains/continuous/test/auto/Pendulum3D.xml (RunModel)" time="0.17" />
  <testcase classname="ptolemy.util.test.junit.AutoTests" name="[107] /home/travis/build/icyphy/ptII/ptolemy/domains/continuous/test/auto/PeriodicSampler.xml (RunModel)" time="0.011" />
  <testcase classname="ptolemy.util.test.junit.AutoTests" name="[108] /home/travis/build/icyphy/ptII/ptolemy/domains/continuous/test/auto/PeriodicSampler1.xml (RunModel)" time="0.043" />
  <testcase classname="ptolemy.util.test.junit.AutoTests" name="[109] /home/travis/build/icyphy/ptII/ptolemy/domains/continuous/test/auto/PeriodicSampler2.xml (RunModel)" time="0.08" />
  <testcase classname="ptolemy.util.test.junit.AutoTests" name="[110] /home/travis/build/icyphy/ptII/ptolemy/domains/continuous/test/auto/Poisson.xml (RunModel)" time="0.414" />
  <testcase classname="ptolemy.util.test.junit.AutoTests" name="[111] /home/travis/build/icyphy/ptII/ptolemy/domains/continuous/test/auto/PoissonClock.xml (RunModel)" time="0.014" />
  <testcase classname="ptolemy.util.test.junit.AutoTests" name="[112] /home/travis/build/icyphy/ptII/ptolemy/domains/continuous/test/auto/PoissonClock2.xml (RunModel)" time="0.018" />
  <testcase classname="ptolemy.util.test.junit.AutoTests" name="[113] /home/travis/build/icyphy/ptII/ptolemy/domains/continuous/test/auto/PortParameterHierarchy.xml (RunModel)" time="0.027" />
  <testcase classname="ptolemy.util.test.junit.AutoTests" name="[114] /home/travis/build/icyphy/ptII/ptolemy/domains/continuous/test/auto/RandomHybridPlant.xml (RunModel)" time="0.545" />
  <testcase classname="ptolemy.util.test.junit.AutoTests" name="[115] /home/travis/build/icyphy/ptII/ptolemy/domains/continuous/test/auto/ResetTransitionWithStartTime1.xml (RunModel)" time="0.037" />
  <testcase classname="ptolemy.util.test.junit.AutoTests" name="[116] /home/travis/build/icyphy/ptII/ptolemy/domains/continuous/test/auto/ResetTransitionWithStartTime2.xml (RunModel)" time="0.055" />
  <testcase classname="ptolemy.util.test.junit.AutoTests" name="[117] /home/travis/build/icyphy/ptII/ptolemy/domains/continuous/test/auto/ResetTransitionWithStartTime3.xml (RunModel)" time="0.055" />
  <testcase classname="ptolemy.util.test.junit.AutoTests" name="[118] /home/travis/build/icyphy/ptII/ptolemy/domains/continuous/test/auto/ResetTransitionWithStartTime4.xml (RunModel)" time="0.034" />
  <testcase classname="ptolemy.util.test.junit.AutoTests" name="[119] /home/travis/build/icyphy/ptII/ptolemy/domains/continuous/test/auto/ResetTransitionWithStartTime5.xml (RunModel)" time="0.033" />
  <testcase classname="ptolemy.util.test.junit.AutoTests" name="[120] /home/travis/build/icyphy/ptII/ptolemy/domains/continuous/test/auto/ResetTransitionWithStartTime6.xml (RunModel)" time="0.027" />
  <testcase classname="ptolemy.util.test.junit.AutoTests" name="[121] /home/travis/build/icyphy/ptII/ptolemy/domains/continuous/test/auto/SRinContinuous.xml (RunModel)" time="0.028" />
  <testcase classname="ptolemy.util.test.junit.AutoTests" name="[122] /home/travis/build/icyphy/ptII/ptolemy/domains/continuous/test/auto/SampledClocks.xml (RunModel)" time="0.037" />
  <testcase classname="ptolemy.util.test.junit.AutoTests" name="[123] /home/travis/build/icyphy/ptII/ptolemy/domains/continuous/test/auto/Satellite.xml (RunModel)" time="0.844" />
  <testcase classname="ptolemy.util.test.junit.AutoTests" name="[124] /home/travis/build/icyphy/ptII/ptolemy/domains/continuous/test/auto/SigmaDelta.xml (RunModel)" time="2.178" />
  <testcase classname="ptolemy.util.test.junit.AutoTests" name="[125] /home/travis/build/icyphy/ptII/ptolemy/domains/continuous/test/auto/SingleRefinement.xml (RunModel)" time="0.404" />
  <testcase classname="ptolemy.util.test.junit.AutoTests" name="[126] /home/travis/build/icyphy/ptII/ptolemy/domains/continuous/test/auto/SinuBouncingBall.xml (RunModel)" time="0.822" />
  <testcase classname="ptolemy.util.test.junit.AutoTests" name="[127] /home/travis/build/icyphy/ptII/ptolemy/domains/continuous/test/auto/Sinusoid.xml (RunModel)" time="0.011" />
  <testcase classname="ptolemy.util.test.junit.AutoTests" name="[128] /home/travis/build/icyphy/ptII/ptolemy/domains/continuous/test/auto/SinusoidInNoise.xml (RunModel)" time="0.84" />
  <testcase classname="ptolemy.util.test.junit.AutoTests" name="[129] /home/travis/build/icyphy/ptII/ptolemy/domains/continuous/test/auto/SinusoidRK45.xml (RunModel)" time="0.009" />
  <testcase classname="ptolemy.util.test.junit.AutoTests" name="[130] /home/travis/build/icyphy/ptII/ptolemy/domains/continuous/test/auto/SinusoidWithMultipleImpulses.xml (RunModel)" time="0.011" />
  <testcase classname="ptolemy.util.test.junit.AutoTests" name="[131] /home/travis/build/icyphy/ptII/ptolemy/domains/continuous/test/auto/SquareWave.xml (RunModel)" time="0.179" />
  <testcase classname="ptolemy.util.test.junit.AutoTests" name="[132] /home/travis/build/icyphy/ptII/ptolemy/domains/continuous/test/auto/Starmac.xml (RunModel)" time="3.401" />
  <testcase classname="ptolemy.util.test.junit.AutoTests" name="[133] /home/travis/build/icyphy/ptII/ptolemy/domains/continuous/test/auto/StaticUnits.xml (RunModel)" time="2.291" />
  <testcase classname="ptolemy.util.test.junit.AutoTests" name="[134] /home/travis/build/icyphy/ptII/ptolemy/domains/continuous/test/auto/StickyMasses.xml (RunModel)" time="0.195" />
  <testcase classname="ptolemy.util.test.junit.AutoTests" name="[135] /home/travis/build/icyphy/ptII/ptolemy/domains/continuous/test/auto/StopTime.xml (RunModel)" time="0.067" />
  <testcase classname="ptolemy.util.test.junit.AutoTests" name="[136] /home/travis/build/icyphy/ptII/ptolemy/domains/continuous/test/auto/StopTime2.xml (RunModel)" time="0.06" />
  <testcase classname="ptolemy.util.test.junit.AutoTests" name="[137] /home/travis/build/icyphy/ptII/ptolemy/domains/continuous/test/auto/Switch.xml (RunModel)" time="0.082" />
  <testcase classname="ptolemy.util.test.junit.AutoTests" name="[138] /home/travis/build/icyphy/ptII/ptolemy/domains/continuous/test/auto/Thermostat.xml (RunModel)" time="0.217" />
  <testcase classname="ptolemy.util.test.junit.AutoTests" name="[139] /home/travis/build/icyphy/ptII/ptolemy/domains/continuous/test/auto/TimeDelay.xml (RunModel)" time="0.014" />
  <testcase classname="ptolemy.util.test.junit.AutoTests" name="[140] /home/travis/build/icyphy/ptII/ptolemy/domains/continuous/test/auto/TimeDelay2.xml (RunModel)" time="0.033" />
  <testcase classname="ptolemy.util.test.junit.AutoTests" name="[141] /home/travis/build/icyphy/ptII/ptolemy/domains/continuous/test/auto/TimeDelay3.xml (RunModel)" time="0.013" />
  <testcase classname="ptolemy.util.test.junit.AutoTests" name="[142] /home/travis/build/icyphy/ptII/ptolemy/domains/continuous/test/auto/TransferAbsentToInside.xml (RunModel)" time="0.1" />
  <testcase classname="ptolemy.util.test.junit.AutoTests" name="[143] /home/travis/build/icyphy/ptII/ptolemy/domains/continuous/test/auto/Transmission.xml (RunModel)" time="0.818" />
  <testcase classname="ptolemy.util.test.junit.AutoTests" name="[144] /home/travis/build/icyphy/ptII/ptolemy/domains/continuous/test/auto/TriggeredContinuousClock.xml (RunModel)" time="0.073" />
  <testcase classname="ptolemy.util.test.junit.AutoTests" name="[145] /home/travis/build/icyphy/ptII/ptolemy/domains/continuous/test/auto/TwoMachineInfiniteBusControl.xml (RunModel)" time="2.624" />
  <testcase classname="ptolemy.util.test.junit.AutoTests" name="[146] /home/travis/build/icyphy/ptII/ptolemy/domains/continuous/test/auto/V2V.xml (RunModel)" time="0.791" />
  <testcase classname="ptolemy.util.test.junit.AutoTests" name="[147] /home/travis/build/icyphy/ptII/ptolemy/domains/continuous/test/auto/hierarchicalModalModel.xml (RunModel)" time="0.032" />
  <testcase classname="ptolemy.util.test.junit.AutoTests" name="[148] /home/travis/build/icyphy/ptII/ptolemy/domains/continuous/test/auto/hierarchicalModalModel1.xml (RunModel)" time="0.03" />
  <testcase classname="ptolemy.util.test.junit.AutoTests" name="[149] /home/travis/build/icyphy/ptII/ptolemy/domains/continuous/test/auto/hierarchicalModalModel2.xml (RunModel)" time="0.027" />
  <testcase classname="ptolemy.util.test.junit.AutoTests" name="[150] /home/travis/build/icyphy/ptII/ptolemy/domains/continuous/test/auto/hierarchicalModalModel3.xml (RunModel)" time="0.024" />
  <testcase classname="ptolemy.util.test.junit.AutoTests" name="[151] /home/travis/build/icyphy/ptII/ptolemy/domains/continuous/test/auto/hierarchicalModalModel4.xml (RunModel)" time="0.026" />
  <testcase classname="ptolemy.util.test.junit.AutoTests" name="[152] /home/travis/build/icyphy/ptII/ptolemy/domains/continuous/test/auto/junk.xml (RunModel)" time="0.118" />
  <system-out><![CDATA[No tcl tests in /home/travis/build/icyphy/ptII/ptolemy/domains/continuous/test
No auto/knownFailedTests/*.xml tests in /home/travis/build/icyphy/ptII/ptolemy/domains/continuous/test
No auto/linux-amd64/*.xml tests in /home/travis/build/icyphy/ptII/ptolemy/domains/continuous/test
AutoTests.java: About to close Vertx.
AutoTests.java: Vertx closed.

===========================================================================================
----------------- testing Mon Mar 02 20:59:30 UTC 2020 /home/travis/build/icyphy/ptII/ptolemy/domains/continuous/test/auto/BouncingBall.xml
----------------- Instantiating /home/travis/build/icyphy/ptII/ptolemy/domains/continuous/test/auto/BouncingBall.xml
2656 ms. Memory: 129024K Free: 63051K (49%)
----------------- Invoking toplevel() on ptolemy.moml.MoMLSimpleApplication@f6f925b
----------------- Done invoking toplevel() on ptolemy.moml.MoMLSimpleApplication@f6f925b
reloadAllAccessors: .BouncingBall

===========================================================================================
----------------- testing Mon Mar 02 20:59:33 UTC 2020 /home/travis/build/icyphy/ptII/ptolemy/domains/continuous/test/auto/BouncingBallWithoutGR.xml
----------------- Instantiating /home/travis/build/icyphy/ptII/ptolemy/domains/continuous/test/auto/BouncingBallWithoutGR.xml
731 ms. Memory: 155648K Free: 136705K (88%)
----------------- Invoking toplevel() on ptolemy.moml.MoMLSimpleApplication@4661ad36
----------------- Done invoking toplevel() on ptolemy.moml.MoMLSimpleApplication@4661ad36
reloadAllAccessors: .BouncingBallWithoutGR

===========================================================================================
----------------- testing Mon Mar 02 20:59:34 UTC 2020 /home/travis/build/icyphy/ptII/ptolemy/domains/continuous/test/auto/Brownian.xml
----------------- Instantiating /home/travis/build/icyphy/ptII/ptolemy/domains/continuous/test/auto/Brownian.xml
21 ms. Memory: 155648K Free: 127999K (82%)
----------------- Invoking toplevel() on ptolemy.moml.MoMLSimpleApplication@69ba31a3
----------------- Done invoking toplevel() on ptolemy.moml.MoMLSimpleApplication@69ba31a3
reloadAllAccessors: .Brownian

===========================================================================================
----------------- testing Mon Mar 02 20:59:34 UTC 2020 /home/travis/build/icyphy/ptII/ptolemy/domains/continuous/test/auto/CarTracking.xml
----------------- Instantiating /home/travis/build/icyphy/ptII/ptolemy/domains/continuous/test/auto/CarTracking.xml
4022 ms. Memory: 187392K Free: 118692K (63%)
----------------- Invoking toplevel() on ptolemy.moml.MoMLSimpleApplication@5ae1d194
----------------- Done invoking toplevel() on ptolemy.moml.MoMLSimpleApplication@5ae1d194
reloadAllAccessors: .CarTracking

===========================================================================================
----------------- testing Mon Mar 02 20:59:39 UTC 2020 /home/travis/build/icyphy/ptII/ptolemy/domains/continuous/test/auto/CartPendulum.xml
----------------- Instantiating /home/travis/build/icyphy/ptII/ptolemy/domains/continuous/test/auto/CartPendulum.xml
444 ms. Memory: 225280K Free: 173994K (77%)
----------------- Invoking toplevel() on ptolemy.moml.MoMLSimpleApplication@73f688dd
----------------- Done invoking toplevel() on ptolemy.moml.MoMLSimpleApplication@73f688dd
reloadAllAccessors: .CartPendulum

===========================================================================================
----------------- testing Mon Mar 02 20:59:39 UTC 2020 /home/travis/build/icyphy/ptII/ptolemy/domains/continuous/test/auto/CausalityInterface10.xml
----------------- Instantiating /home/travis/build/icyphy/ptII/ptolemy/domains/continuous/test/auto/CausalityInterface10.xml
12 ms. Memory: 225280K Free: 163240K (72%)
----------------- Invoking toplevel() on ptolemy.moml.MoMLSimpleApplication@3a6970d3
----------------- Done invoking toplevel() on ptolemy.moml.MoMLSimpleApplication@3a6970d3
reloadAllAccessors: .CausalityInterface10

===========================================================================================
----------------- testing Mon Mar 02 20:59:39 UTC 2020 /home/travis/build/icyphy/ptII/ptolemy/domains/continuous/test/auto/CausalityInterface11.xml
----------------- Instantiating /home/travis/build/icyphy/ptII/ptolemy/domains/continuous/test/auto/CausalityInterface11.xml
14 ms. Memory: 225280K Free: 157096K (70%)
----------------- Invoking toplevel() on ptolemy.moml.MoMLSimpleApplication@25ae089e
----------------- Done invoking toplevel() on ptolemy.moml.MoMLSimpleApplication@25ae089e
reloadAllAccessors: .CausalityInterface11

===========================================================================================
----------------- testing Mon Mar 02 20:59:39 UTC 2020 /home/travis/build/icyphy/ptII/ptolemy/domains/continuous/test/auto/CausalityInterface12.xml
----------------- Instantiating /home/travis/build/icyphy/ptII/ptolemy/domains/continuous/test/auto/CausalityInterface12.xml
9 ms. Memory: 225280K Free: 150938K (67%)
----------------- Invoking toplevel() on ptolemy.moml.MoMLSimpleApplication@7150ee3b
----------------- Done invoking toplevel() on ptolemy.moml.MoMLSimpleApplication@7150ee3b
reloadAllAccessors: .CausalityInterface12

===========================================================================================
----------------- testing Mon Mar 02 20:59:39 UTC 2020 /home/travis/build/icyphy/ptII/ptolemy/domains/continuous/test/auto/CausalityInterface13.xml
----------------- Instantiating /home/travis/build/icyphy/ptII/ptolemy/domains/continuous/test/auto/CausalityInterface13.xml
8 ms. Memory: 225280K Free: 144794K (64%)
----------------- Invoking toplevel() on ptolemy.moml.MoMLSimpleApplication@683ecce2
----------------- Done invoking toplevel() on ptolemy.moml.MoMLSimpleApplication@683ecce2
reloadAllAccessors: .CausalityInterface13

===========================================================================================
----------------- testing Mon Mar 02 20:59:39 UTC 2020 /home/travis/build/icyphy/ptII/ptolemy/domains/continuous/test/auto/CausalityInterface14.xml
----------------- Instantiating /home/travis/build/icyphy/ptII/ptolemy/domains/continuous/test/auto/CausalityInterface14.xml
5 ms. Memory: 225280K Free: 139178K (62%)
----------------- Invoking toplevel() on ptolemy.moml.MoMLSimpleApplication@19ed3d70
----------------- Done invoking toplevel() on ptolemy.moml.MoMLSimpleApplication@19ed3d70
reloadAllAccessors: .CausalityInterface14

===========================================================================================
----------------- testing Mon Mar 02 20:59:39 UTC 2020 /home/travis/build/icyphy/ptII/ptolemy/domains/continuous/test/auto/CausalityInterface4.xml
----------------- Instantiating /home/travis/build/icyphy/ptII/ptolemy/domains/continuous/test/auto/CausalityInterface4.xml
8 ms. Memory: 225280K Free: 132506K (59%)
----------------- Invoking toplevel() on ptolemy.moml.MoMLSimpleApplication@3e9b14c4
----------------- Done invoking toplevel() on ptolemy.moml.MoMLSimpleApplication@3e9b14c4
reloadAllAccessors: .CausalityInterface4

===========================================================================================
----------------- testing Mon Mar 02 20:59:39 UTC 2020 /home/travis/build/icyphy/ptII/ptolemy/domains/continuous/test/auto/CausalityInterface5.xml
----------------- Instantiating /home/travis/build/icyphy/ptII/ptolemy/domains/continuous/test/auto/CausalityInterface5.xml
8 ms. Memory: 225280K Free: 124328K (55%)
----------------- Invoking toplevel() on ptolemy.moml.MoMLSimpleApplication@28127085
----------------- Done invoking toplevel() on ptolemy.moml.MoMLSimpleApplication@28127085
reloadAllAccessors: .CausalityInterface5

===========================================================================================
----------------- testing Mon Mar 02 20:59:40 UTC 2020 /home/travis/build/icyphy/ptII/ptolemy/domains/continuous/test/auto/CausalityInterface6.xml
----------------- Instantiating /home/travis/build/icyphy/ptII/ptolemy/domains/continuous/test/auto/CausalityInterface6.xml
6 ms. Memory: 225280K Free: 118698K (53%)
----------------- Invoking toplevel() on ptolemy.moml.MoMLSimpleApplication@1235310e
----------------- Done invoking toplevel() on ptolemy.moml.MoMLSimpleApplication@1235310e
reloadAllAccessors: .CausalityInterface6

===========================================================================================
----------------- testing Mon Mar 02 20:59:40 UTC 2020 /home/travis/build/icyphy/ptII/ptolemy/domains/continuous/test/auto/CausalityInterface7.xml
----------------- Instantiating /home/travis/build/icyphy/ptII/ptolemy/domains/continuous/test/auto/CausalityInterface7.xml
14 ms. Memory: 225280K Free: 110506K (49%)
----------------- Invoking toplevel() on ptolemy.moml.MoMLSimpleApplication@6fd1088b
----------------- Done invoking toplevel() on ptolemy.moml.MoMLSimpleApplication@6fd1088b
reloadAllAccessors: .CausalityInterface7

===========================================================================================
----------------- testing Mon Mar 02 20:59:40 UTC 2020 /home/travis/build/icyphy/ptII/ptolemy/domains/continuous/test/auto/CausalityInterface8.xml
----------------- Instantiating /home/travis/build/icyphy/ptII/ptolemy/domains/continuous/test/auto/CausalityInterface8.xml
11 ms. Memory: 225280K Free: 101290K (45%)
----------------- Invoking toplevel() on ptolemy.moml.MoMLSimpleApplication@4a3bc895
----------------- Done invoking toplevel() on ptolemy.moml.MoMLSimpleApplication@4a3bc895
reloadAllAccessors: .CausalityInterface8

===========================================================================================
----------------- testing Mon Mar 02 20:59:40 UTC 2020 /home/travis/build/icyphy/ptII/ptolemy/domains/continuous/test/auto/CausalityInterface9.xml
----------------- Instantiating /home/travis/build/icyphy/ptII/ptolemy/domains/continuous/test/auto/CausalityInterface9.xml
9 ms. Memory: 225280K Free: 90536K (40%)
----------------- Invoking toplevel() on ptolemy.moml.MoMLSimpleApplication@577b17ae
----------------- Done invoking toplevel() on ptolemy.moml.MoMLSimpleApplication@577b17ae
reloadAllAccessors: .CausalityInterface9

===========================================================================================
----------------- testing Mon Mar 02 20:59:40 UTC 2020 /home/travis/build/icyphy/ptII/ptolemy/domains/continuous/test/auto/CausalityInterfaceFeedback1.xml
----------------- Instantiating /home/travis/build/icyphy/ptII/ptolemy/domains/continuous/test/auto/CausalityInterfaceFeedback1.xml
5 ms. Memory: 225280K Free: 83882K (37%)
----------------- Invoking toplevel() on ptolemy.moml.MoMLSimpleApplication@6a93cfbb
----------------- Done invoking toplevel() on ptolemy.moml.MoMLSimpleApplication@6a93cfbb
reloadAllAccessors: .CausalityInterfaceFeedback1

===========================================================================================
----------------- testing Mon Mar 02 20:59:40 UTC 2020 /home/travis/build/icyphy/ptII/ptolemy/domains/continuous/test/auto/CausalityInterfaceFeedback2.xml
----------------- Instantiating /home/travis/build/icyphy/ptII/ptolemy/domains/continuous/test/auto/CausalityInterfaceFeedback2.xml
5 ms. Memory: 225280K Free: 77210K (34%)
----------------- Invoking toplevel() on ptolemy.moml.MoMLSimpleApplication@6434b8b5
----------------- Done invoking toplevel() on ptolemy.moml.MoMLSimpleApplication@6434b8b5
reloadAllAccessors: .CausalityInterfaceFeedback2

===========================================================================================
----------------- testing Mon Mar 02 20:59:40 UTC 2020 /home/travis/build/icyphy/ptII/ptolemy/domains/continuous/test/auto/CompareWithCurrentTime.xml
----------------- Instantiating /home/travis/build/icyphy/ptII/ptolemy/domains/continuous/test/auto/CompareWithCurrentTime.xml
3 ms. Memory: 225280K Free: 206968K (92%)
----------------- Invoking toplevel() on ptolemy.moml.MoMLSimpleApplication@31316575
----------------- Done invoking toplevel() on ptolemy.moml.MoMLSimpleApplication@31316575
reloadAllAccessors: .CompareWithCurrentTime

===========================================================================================
----------------- testing Mon Mar 02 20:59:40 UTC 2020 /home/travis/build/icyphy/ptII/ptolemy/domains/continuous/test/auto/ComparedClocks.xml
----------------- Instantiating /home/travis/build/icyphy/ptII/ptolemy/domains/continuous/test/auto/ComparedClocks.xml
14 ms. Memory: 225280K Free: 191594K (85%)
----------------- Invoking toplevel() on ptolemy.moml.MoMLSimpleApplication@25f4fdcf
----------------- Done invoking toplevel() on ptolemy.moml.MoMLSimpleApplication@25f4fdcf
reloadAllAccessors: .ComparedClocks

===========================================================================================
----------------- testing Mon Mar 02 20:59:40 UTC 2020 /home/travis/build/icyphy/ptII/ptolemy/domains/continuous/test/auto/ContinuousAOCClone.xml
----------------- Instantiating /home/travis/build/icyphy/ptII/ptolemy/domains/continuous/test/auto/ContinuousAOCClone.xml
2403 ms. Memory: 270336K Free: 241659K (89%)
----------------- Invoking toplevel() on ptolemy.moml.MoMLSimpleApplication@6390182f
----------------- Done invoking toplevel() on ptolemy.moml.MoMLSimpleApplication@6390182f
reloadAllAccessors: .ContinuousAOCClone

===========================================================================================
----------------- testing Mon Mar 02 20:59:43 UTC 2020 /home/travis/build/icyphy/ptII/ptolemy/domains/continuous/test/auto/ContinuousClock.xml
----------------- Instantiating /home/travis/build/icyphy/ptII/ptolemy/domains/continuous/test/auto/ContinuousClock.xml
39 ms. Memory: 270336K Free: 219660K (81%)
----------------- Invoking toplevel() on ptolemy.moml.MoMLSimpleApplication@5e13bff7
----------------- Done invoking toplevel() on ptolemy.moml.MoMLSimpleApplication@5e13bff7
reloadAllAccessors: .ContinuousClock

===========================================================================================
----------------- testing Mon Mar 02 20:59:43 UTC 2020 /home/travis/build/icyphy/ptII/ptolemy/domains/continuous/test/auto/ContinuousInContinuous.xml
----------------- Instantiating /home/travis/build/icyphy/ptII/ptolemy/domains/continuous/test/auto/ContinuousInContinuous.xml
46 ms. Memory: 270336K Free: 196108K (73%)
----------------- Invoking toplevel() on ptolemy.moml.MoMLSimpleApplication@28e40a05
----------------- Done invoking toplevel() on ptolemy.moml.MoMLSimpleApplication@28e40a05
reloadAllAccessors: .ContinuousInContinuous

===========================================================================================
----------------- testing Mon Mar 02 20:59:43 UTC 2020 /home/travis/build/icyphy/ptII/ptolemy/domains/continuous/test/auto/ContinuousInContinuousInContinuous.xml
----------------- Instantiating /home/travis/build/icyphy/ptII/ptolemy/domains/continuous/test/auto/ContinuousInContinuousInContinuous.xml
7 ms. Memory: 270336K Free: 188940K (70%)
----------------- Invoking toplevel() on ptolemy.moml.MoMLSimpleApplication@4495eaea
----------------- Done invoking toplevel() on ptolemy.moml.MoMLSimpleApplication@4495eaea
reloadAllAccessors: .ContinuousInContinuousInContinuous

===========================================================================================
----------------- testing Mon Mar 02 20:59:43 UTC 2020 /home/travis/build/icyphy/ptII/ptolemy/domains/continuous/test/auto/ContinuousInDE.xml
----------------- Instantiating /home/travis/build/icyphy/ptII/ptolemy/domains/continuous/test/auto/ContinuousInDE.xml
92 ms. Memory: 270336K Free: 178186K (66%)
----------------- Invoking toplevel() on ptolemy.moml.MoMLSimpleApplication@2eb37df9
----------------- Done invoking toplevel() on ptolemy.moml.MoMLSimpleApplication@2eb37df9
reloadAllAccessors: .ContinuousInDE

===========================================================================================
----------------- testing Mon Mar 02 20:59:43 UTC 2020 /home/travis/build/icyphy/ptII/ptolemy/domains/continuous/test/auto/ContinuousInDE2.xml
----------------- Instantiating /home/travis/build/icyphy/ptII/ptolemy/domains/continuous/test/auto/ContinuousInDE2.xml
33 ms. Memory: 270336K Free: 168970K (63%)
----------------- Invoking toplevel() on ptolemy.moml.MoMLSimpleApplication@4b2926fa
----------------- Done invoking toplevel() on ptolemy.moml.MoMLSimpleApplication@4b2926fa
reloadAllAccessors: .ContinuousInDE2

===========================================================================================
----------------- testing Mon Mar 02 20:59:43 UTC 2020 /home/travis/build/icyphy/ptII/ptolemy/domains/continuous/test/auto/ContinuousInDE3.xml
----------------- Instantiating /home/travis/build/icyphy/ptII/ptolemy/domains/continuous/test/auto/ContinuousInDE3.xml
34 ms. Memory: 270336K Free: 158730K (59%)
----------------- Invoking toplevel() on ptolemy.moml.MoMLSimpleApplication@6266a964
----------------- Done invoking toplevel() on ptolemy.moml.MoMLSimpleApplication@6266a964
reloadAllAccessors: .ContinuousInDE3

===========================================================================================
----------------- testing Mon Mar 02 20:59:43 UTC 2020 /home/travis/build/icyphy/ptII/ptolemy/domains/continuous/test/auto/ContinuousInDE4.xml
----------------- Instantiating /home/travis/build/icyphy/ptII/ptolemy/domains/continuous/test/auto/ContinuousInDE4.xml
14 ms. Memory: 270336K Free: 152585K (56%)
----------------- Invoking toplevel() on ptolemy.moml.MoMLSimpleApplication@3d75034a
----------------- Done invoking toplevel() on ptolemy.moml.MoMLSimpleApplication@3d75034a
reloadAllAccessors: .ContinuousInDE4

===========================================================================================
----------------- testing Mon Mar 02 20:59:43 UTC 2020 /home/travis/build/icyphy/ptII/ptolemy/domains/continuous/test/auto/ContinuousInDEDifferentRefinements.xml
----------------- Instantiating /home/travis/build/icyphy/ptII/ptolemy/domains/continuous/test/auto/ContinuousInDEDifferentRefinements.xml
49 ms. Memory: 270336K Free: 121356K (45%)
----------------- Invoking toplevel() on ptolemy.moml.MoMLSimpleApplication@6379f9ff
----------------- Done invoking toplevel() on ptolemy.moml.MoMLSimpleApplication@6379f9ff
reloadAllAccessors: .ContinuousInDEDifferentRefinements

===========================================================================================
----------------- testing Mon Mar 02 20:59:43 UTC 2020 /home/travis/build/icyphy/ptII/ptolemy/domains/continuous/test/auto/ContinuousInDEDifferentRefinementsPreemptive.xml
----------------- Instantiating /home/travis/build/icyphy/ptII/ptolemy/domains/continuous/test/auto/ContinuousInDEDifferentRefinementsPreemptive.xml
59 ms. Memory: 270336K Free: 251065K (93%)
----------------- Invoking toplevel() on ptolemy.moml.MoMLSimpleApplication@3793a7e8
----------------- Done invoking toplevel() on ptolemy.moml.MoMLSimpleApplication@3793a7e8
reloadAllAccessors: .ContinuousInDEDifferentRefinementsPreemptive

===========================================================================================
----------------- testing Mon Mar 02 20:59:44 UTC 2020 /home/travis/build/icyphy/ptII/ptolemy/domains/continuous/test/auto/ContinuousInDEInContinuous2.xml
----------------- Instantiating /home/travis/build/icyphy/ptII/ptolemy/domains/continuous/test/auto/ContinuousInDEInContinuous2.xml
30 ms. Memory: 270336K Free: 239620K (89%)
----------------- Invoking toplevel() on ptolemy.moml.MoMLSimpleApplication@696bc2f
----------------- Done invoking toplevel() on ptolemy.moml.MoMLSimpleApplication@696bc2f
reloadAllAccessors: .ContinuousInDEInContinuous2

===========================================================================================
----------------- testing Mon Mar 02 20:59:44 UTC 2020 /home/travis/build/icyphy/ptII/ptolemy/domains/continuous/test/auto/ContinuousInDEInContinuous3.xml
----------------- Instantiating /home/travis/build/icyphy/ptII/ptolemy/domains/continuous/test/auto/ContinuousInDEInContinuous3.xml
33 ms. Memory: 270336K Free: 227842K (84%)
----------------- Invoking toplevel() on ptolemy.moml.MoMLSimpleApplication@216463a3
----------------- Done invoking toplevel() on ptolemy.moml.MoMLSimpleApplication@216463a3
reloadAllAccessors: .ContinuousInDEInContinuous3

===========================================================================================
----------------- testing Mon Mar 02 20:59:44 UTC 2020 /home/travis/build/icyphy/ptII/ptolemy/domains/continuous/test/auto/ContinuousInDEInput.xml
----------------- Instantiating /home/travis/build/icyphy/ptII/ptolemy/domains/continuous/test/auto/ContinuousInDEInput.xml
12 ms. Memory: 270336K Free: 220674K (82%)
----------------- Invoking toplevel() on ptolemy.moml.MoMLSimpleApplication@15c128ef
----------------- Done invoking toplevel() on ptolemy.moml.MoMLSimpleApplication@15c128ef
reloadAllAccessors: .ContinuousInDEInput

===========================================================================================
----------------- testing Mon Mar 02 20:59:44 UTC 2020 /home/travis/build/icyphy/ptII/ptolemy/domains/continuous/test/auto/ContinuousInDEInput2.xml
----------------- Instantiating /home/travis/build/icyphy/ptII/ptolemy/domains/continuous/test/auto/ContinuousInDEInput2.xml
10 ms. Memory: 270336K Free: 213506K (79%)
----------------- Invoking toplevel() on ptolemy.moml.MoMLSimpleApplication@41bc88b4
----------------- Done invoking toplevel() on ptolemy.moml.MoMLSimpleApplication@41bc88b4
reloadAllAccessors: .ContinuousInDEInput2

===========================================================================================
----------------- testing Mon Mar 02 20:59:44 UTC 2020 /home/travis/build/icyphy/ptII/ptolemy/domains/continuous/test/auto/ContinuousInDEInput3.xml
----------------- Instantiating /home/travis/build/icyphy/ptII/ptolemy/domains/continuous/test/auto/ContinuousInDEInput3.xml
11 ms. Memory: 270336K Free: 206338K (76%)
----------------- Invoking toplevel() on ptolemy.moml.MoMLSimpleApplication@4633efc2
----------------- Done invoking toplevel() on ptolemy.moml.MoMLSimpleApplication@4633efc2
reloadAllAccessors: .ContinuousInDEInput3

===========================================================================================
----------------- testing Mon Mar 02 20:59:44 UTC 2020 /home/travis/build/icyphy/ptII/ptolemy/domains/continuous/test/auto/ContinuousInDESharingRefinement.xml
----------------- Instantiating /home/travis/build/icyphy/ptII/ptolemy/domains/continuous/test/auto/ContinuousInDESharingRefinement.xml
176 ms. Memory: 270336K Free: 111620K (41%)
----------------- Invoking toplevel() on ptolemy.moml.MoMLSimpleApplication@602676c
----------------- Done invoking toplevel() on ptolemy.moml.MoMLSimpleApplication@602676c
reloadAllAccessors: .ContinuousInDESharingRefinement

===========================================================================================
----------------- testing Mon Mar 02 20:59:44 UTC 2020 /home/travis/build/icyphy/ptII/ptolemy/domains/continuous/test/auto/ContinuousInDEwithNoPorts.xml
----------------- Instantiating /home/travis/build/icyphy/ptII/ptolemy/domains/continuous/test/auto/ContinuousInDEwithNoPorts.xml
4 ms. Memory: 270336K Free: 107524K (40%)
----------------- Invoking toplevel() on ptolemy.moml.MoMLSimpleApplication@15fa005a
----------------- Done invoking toplevel() on ptolemy.moml.MoMLSimpleApplication@15fa005a
reloadAllAccessors: .ContinuousInDEwithNoPorts

===========================================================================================
----------------- testing Mon Mar 02 20:59:44 UTC 2020 /home/travis/build/icyphy/ptII/ptolemy/domains/continuous/test/auto/ContinuousInsideDE.xml
----------------- Instantiating /home/travis/build/icyphy/ptII/ptolemy/domains/continuous/test/auto/ContinuousInsideDE.xml
29 ms. Memory: 270336K Free: 95746K (35%)
----------------- Invoking toplevel() on ptolemy.moml.MoMLSimpleApplication@4a560b14
----------------- Done invoking toplevel() on ptolemy.moml.MoMLSimpleApplication@4a560b14
reloadAllAccessors: .ContinuousInsideDE

===========================================================================================
----------------- testing Mon Mar 02 20:59:44 UTC 2020 /home/travis/build/icyphy/ptII/ptolemy/domains/continuous/test/auto/ContinuousMerge1.xml
----------------- Instantiating /home/travis/build/icyphy/ptII/ptolemy/domains/continuous/test/auto/ContinuousMerge1.xml
3 ms. Memory: 270336K Free: 252488K (93%)
----------------- Invoking toplevel() on ptolemy.moml.MoMLSimpleApplication@1e2efff8
----------------- Done invoking toplevel() on ptolemy.moml.MoMLSimpleApplication@1e2efff8
reloadAllAccessors: .ContinuousMerge1

===========================================================================================
----------------- testing Mon Mar 02 20:59:44 UTC 2020 /home/travis/build/icyphy/ptII/ptolemy/domains/continuous/test/auto/ContinuousMerge2.xml
----------------- Instantiating /home/travis/build/icyphy/ptII/ptolemy/domains/continuous/test/auto/ContinuousMerge2.xml
16 ms. Memory: 270336K Free: 242262K (90%)
----------------- Invoking toplevel() on ptolemy.moml.MoMLSimpleApplication@7fee6b88
----------------- Done invoking toplevel() on ptolemy.moml.MoMLSimpleApplication@7fee6b88
reloadAllAccessors: .ContinuousMerge2

===========================================================================================
----------------- testing Mon Mar 02 20:59:44 UTC 2020 /home/travis/build/icyphy/ptII/ptolemy/domains/continuous/test/auto/ContinuousMerge3.xml
----------------- Instantiating /home/travis/build/icyphy/ptII/ptolemy/domains/continuous/test/auto/ContinuousMerge3.xml
35 ms. Memory: 270336K Free: 231512K (86%)
----------------- Invoking toplevel() on ptolemy.moml.MoMLSimpleApplication@75c00486
----------------- Done invoking toplevel() on ptolemy.moml.MoMLSimpleApplication@75c00486
reloadAllAccessors: .ContinuousMerge3

===========================================================================================
----------------- testing Mon Mar 02 20:59:44 UTC 2020 /home/travis/build/icyphy/ptII/ptolemy/domains/continuous/test/auto/ContinuousWithinContinuous.xml
----------------- Instantiating /home/travis/build/icyphy/ptII/ptolemy/domains/continuous/test/auto/ContinuousWithinContinuous.xml
33 ms. Memory: 270336K Free: 222296K (82%)
----------------- Invoking toplevel() on ptolemy.moml.MoMLSimpleApplication@34fd07d7
----------------- Done invoking toplevel() on ptolemy.moml.MoMLSimpleApplication@34fd07d7
reloadAllAccessors: .ContinuousWithinContinuous

===========================================================================================
----------------- testing Mon Mar 02 20:59:44 UTC 2020 /home/travis/build/icyphy/ptII/ptolemy/domains/continuous/test/auto/ContinuousWithinContinuous2.xml
----------------- Instantiating /home/travis/build/icyphy/ptII/ptolemy/domains/continuous/test/auto/ContinuousWithinContinuous2.xml
56 ms. Memory: 270336K Free: 212056K (78%)
----------------- Invoking toplevel() on ptolemy.moml.MoMLSimpleApplication@60efecf8
----------------- Done invoking toplevel() on ptolemy.moml.MoMLSimpleApplication@60efecf8
reloadAllAccessors: .ContinuousWithinContinuous2

===========================================================================================
----------------- testing Mon Mar 02 20:59:44 UTC 2020 /home/travis/build/icyphy/ptII/ptolemy/domains/continuous/test/auto/ContinuousWithinContinuous3.xml
----------------- Instantiating /home/travis/build/icyphy/ptII/ptolemy/domains/continuous/test/auto/ContinuousWithinContinuous3.xml
11 ms. Memory: 270336K Free: 204888K (76%)
----------------- Invoking toplevel() on ptolemy.moml.MoMLSimpleApplication@7047ff1a
----------------- Done invoking toplevel() on ptolemy.moml.MoMLSimpleApplication@7047ff1a
reloadAllAccessors: .ContinuousWithinContinuous3

===========================================================================================
----------------- testing Mon Mar 02 20:59:44 UTC 2020 /home/travis/build/icyphy/ptII/ptolemy/domains/continuous/test/auto/ContinuousWithinContinuous4.xml
----------------- Instantiating /home/travis/build/icyphy/ptII/ptolemy/domains/continuous/test/auto/ContinuousWithinContinuous4.xml
60 ms. Memory: 270336K Free: 192086K (71%)
----------------- Invoking toplevel() on ptolemy.moml.MoMLSimpleApplication@2672b1d5
----------------- Done invoking toplevel() on ptolemy.moml.MoMLSimpleApplication@2672b1d5
reloadAllAccessors: .ContinuousWithinContinuous4

===========================================================================================
----------------- testing Mon Mar 02 20:59:44 UTC 2020 /home/travis/build/icyphy/ptII/ptolemy/domains/continuous/test/auto/ContinuousWithinContinuous5.xml
----------------- Instantiating /home/travis/build/icyphy/ptII/ptolemy/domains/continuous/test/auto/ContinuousWithinContinuous5.xml
12 ms. Memory: 270336K Free: 184918K (68%)
----------------- Invoking toplevel() on ptolemy.moml.MoMLSimpleApplication@58076f6
----------------- Done invoking toplevel() on ptolemy.moml.MoMLSimpleApplication@58076f6
reloadAllAccessors: .ContinuousWithinContinuous5

===========================================================================================
----------------- testing Mon Mar 02 20:59:44 UTC 2020 /home/travis/build/icyphy/ptII/ptolemy/domains/continuous/test/auto/ContinuousWithinContinuous6.xml
----------------- Instantiating /home/travis/build/icyphy/ptII/ptolemy/domains/continuous/test/auto/ContinuousWithinContinuous6.xml
10 ms. Memory: 270336K Free: 177750K (66%)
----------------- Invoking toplevel() on ptolemy.moml.MoMLSimpleApplication@4ea5205f
----------------- Done invoking toplevel() on ptolemy.moml.MoMLSimpleApplication@4ea5205f
reloadAllAccessors: .ContinuousWithinContinuous6

===========================================================================================
----------------- testing Mon Mar 02 20:59:44 UTC 2020 /home/travis/build/icyphy/ptII/ptolemy/domains/continuous/test/auto/ContinuousWithinContinuous7.xml
----------------- Instantiating /home/travis/build/icyphy/ptII/ptolemy/domains/continuous/test/auto/ContinuousWithinContinuous7.xml
55 ms. Memory: 270336K Free: 167000K (62%)
----------------- Invoking toplevel() on ptolemy.moml.MoMLSimpleApplication@73140877
----------------- Done invoking toplevel() on ptolemy.moml.MoMLSimpleApplication@73140877
reloadAllAccessors: .ContinuousWithinContinuous7

===========================================================================================
----------------- testing Mon Mar 02 20:59:45 UTC 2020 /home/travis/build/icyphy/ptII/ptolemy/domains/continuous/test/auto/DCMotor.xml
----------------- Instantiating /home/travis/build/icyphy/ptII/ptolemy/domains/continuous/test/auto/DCMotor.xml
14575 ms. Memory: 270336K Free: 143597K (53%)
----------------- Invoking toplevel() on ptolemy.moml.MoMLSimpleApplication@147111a1
----------------- Done invoking toplevel() on ptolemy.moml.MoMLSimpleApplication@147111a1
reloadAllAccessors: .DCMotor

===========================================================================================
----------------- testing Mon Mar 02 20:59:59 UTC 2020 /home/travis/build/icyphy/ptII/ptolemy/domains/continuous/test/auto/DEInContinuous.xml
----------------- Instantiating /home/travis/build/icyphy/ptII/ptolemy/domains/continuous/test/auto/DEInContinuous.xml
12 ms. Memory: 270336K Free: 137459K (51%)
----------------- Invoking toplevel() on ptolemy.moml.MoMLSimpleApplication@6bdb3966
----------------- Done invoking toplevel() on ptolemy.moml.MoMLSimpleApplication@6bdb3966
reloadAllAccessors: .DEInContinuous

===========================================================================================
----------------- testing Mon Mar 02 20:59:59 UTC 2020 /home/travis/build/icyphy/ptII/ptolemy/domains/continuous/test/auto/DEinContinuous2.xml
----------------- Instantiating /home/travis/build/icyphy/ptII/ptolemy/domains/continuous/test/auto/DEinContinuous2.xml
8 ms. Memory: 270336K Free: 129781K (48%)
----------------- Invoking toplevel() on ptolemy.moml.MoMLSimpleApplication@7076a4f
----------------- Done invoking toplevel() on ptolemy.moml.MoMLSimpleApplication@7076a4f
reloadAllAccessors: .DEinContinuous2

===========================================================================================
----------------- testing Mon Mar 02 20:59:59 UTC 2020 /home/travis/build/icyphy/ptII/ptolemy/domains/continuous/test/auto/Derivative.xml
----------------- Instantiating /home/travis/build/icyphy/ptII/ptolemy/domains/continuous/test/auto/Derivative.xml
159 ms. Memory: 270336K Free: 99571K (37%)
----------------- Invoking toplevel() on ptolemy.moml.MoMLSimpleApplication@48818206
----------------- Done invoking toplevel() on ptolemy.moml.MoMLSimpleApplication@48818206
reloadAllAccessors: .Derivative2

===========================================================================================
----------------- testing Mon Mar 02 20:59:59 UTC 2020 /home/travis/build/icyphy/ptII/ptolemy/domains/continuous/test/auto/Derivative1.xml
----------------- Instantiating /home/travis/build/icyphy/ptII/ptolemy/domains/continuous/test/auto/Derivative1.xml
27 ms. Memory: 270336K Free: 246140K (91%)
----------------- Invoking toplevel() on ptolemy.moml.MoMLSimpleApplication@db98341
----------------- Done invoking toplevel() on ptolemy.moml.MoMLSimpleApplication@db98341
reloadAllAccessors: .Derivative1

===========================================================================================
----------------- testing Mon Mar 02 21:00:00 UTC 2020 /home/travis/build/icyphy/ptII/ptolemy/domains/continuous/test/auto/DiscreteClock.xml
----------------- Instantiating /home/travis/build/icyphy/ptII/ptolemy/domains/continuous/test/auto/DiscreteClock.xml
4 ms. Memory: 270336K Free: 241020K (89%)
----------------- Invoking toplevel() on ptolemy.moml.MoMLSimpleApplication@37ffe2fb
----------------- Done invoking toplevel() on ptolemy.moml.MoMLSimpleApplication@37ffe2fb
reloadAllAccessors: .DiscreteClock

===========================================================================================
----------------- testing Mon Mar 02 21:00:00 UTC 2020 /home/travis/build/icyphy/ptII/ptolemy/domains/continuous/test/auto/EfficiencyCurve.xml
----------------- Instantiating /home/travis/build/icyphy/ptII/ptolemy/domains/continuous/test/auto/EfficiencyCurve.xml
54 ms. Memory: 270336K Free: 231804K (86%)
----------------- Invoking toplevel() on ptolemy.moml.MoMLSimpleApplication@4fc32186
----------------- Done invoking toplevel() on ptolemy.moml.MoMLSimpleApplication@4fc32186
reloadAllAccessors: .EfficiencyCurve

===========================================================================================
----------------- testing Mon Mar 02 21:00:00 UTC 2020 /home/travis/build/icyphy/ptII/ptolemy/domains/continuous/test/auto/ExponentialResponse.xml
----------------- Instantiating /home/travis/build/icyphy/ptII/ptolemy/domains/continuous/test/auto/ExponentialResponse.xml
92 ms. Memory: 270336K Free: 216444K (80%)
----------------- Invoking toplevel() on ptolemy.moml.MoMLSimpleApplication@300e00cc
----------------- Done invoking toplevel() on ptolemy.moml.MoMLSimpleApplication@300e00cc
reloadAllAccessors: .ExponentialResponse

===========================================================================================
----------------- testing Mon Mar 02 21:00:00 UTC 2020 /home/travis/build/icyphy/ptII/ptolemy/domains/continuous/test/auto/ExponentialResponseRK45.xml
----------------- Instantiating /home/travis/build/icyphy/ptII/ptolemy/domains/continuous/test/auto/ExponentialResponseRK45.xml
24 ms. Memory: 270336K Free: 209786K (78%)
----------------- Invoking toplevel() on ptolemy.moml.MoMLSimpleApplication@312b1b5c
----------------- Done invoking toplevel() on ptolemy.moml.MoMLSimpleApplication@312b1b5c
reloadAllAccessors: .ExponentialResponseRK45

===========================================================================================
----------------- testing Mon Mar 02 21:00:00 UTC 2020 /home/travis/build/icyphy/ptII/ptolemy/domains/continuous/test/auto/Friction.xml
----------------- Instantiating /home/travis/build/icyphy/ptII/ptolemy/domains/continuous/test/auto/Friction.xml
1411 ms. Memory: 270336K Free: 107094K (40%)
----------------- Invoking toplevel() on ptolemy.moml.MoMLSimpleApplication@7e48291a
----------------- Done invoking toplevel() on ptolemy.moml.MoMLSimpleApplication@7e48291a
reloadAllAccessors: .Friction

===========================================================================================
----------------- testing Mon Mar 02 21:00:01 UTC 2020 /home/travis/build/icyphy/ptII/ptolemy/domains/continuous/test/auto/FurutaPendulum.xml
----------------- Instantiating /home/travis/build/icyphy/ptII/ptolemy/domains/continuous/test/auto/FurutaPendulum.xml
3095 ms. Memory: 270336K Free: 244880K (91%)
----------------- Invoking toplevel() on ptolemy.moml.MoMLSimpleApplication@602c9aa4
----------------- Done invoking toplevel() on ptolemy.moml.MoMLSimpleApplication@602c9aa4
reloadAllAccessors: .FurutaPendulum

===========================================================================================
----------------- testing Mon Mar 02 21:00:05 UTC 2020 /home/travis/build/icyphy/ptII/ptolemy/domains/continuous/test/auto/HierarchicalExecution.xml
----------------- Instantiating /home/travis/build/icyphy/ptII/ptolemy/domains/continuous/test/auto/HierarchicalExecution.xml
1631 ms. Memory: 270336K Free: 119086K (44%)
----------------- Invoking toplevel() on ptolemy.moml.MoMLSimpleApplication@160bfdc4
----------------- Done invoking toplevel() on ptolemy.moml.MoMLSimpleApplication@160bfdc4
reloadAllAccessors: .HierarchicalExecution

===========================================================================================
----------------- testing Mon Mar 02 21:00:06 UTC 2020 /home/travis/build/icyphy/ptII/ptolemy/domains/continuous/test/auto/HybridPlant.xml
----------------- Instantiating /home/travis/build/icyphy/ptII/ptolemy/domains/continuous/test/auto/HybridPlant.xml
469 ms. Memory: 270336K Free: 175356K (65%)
----------------- Invoking toplevel() on ptolemy.moml.MoMLSimpleApplication@71d9eef3
----------------- Done invoking toplevel() on ptolemy.moml.MoMLSimpleApplication@71d9eef3
reloadAllAccessors: .HybridPlant

===========================================================================================
----------------- testing Mon Mar 02 21:00:07 UTC 2020 /home/travis/build/icyphy/ptII/ptolemy/domains/continuous/test/auto/Hysteresis.xml
----------------- Instantiating /home/travis/build/icyphy/ptII/ptolemy/domains/continuous/test/auto/Hysteresis.xml
130 ms. Memory: 270336K Free: 112884K (42%)
----------------- Invoking toplevel() on ptolemy.moml.MoMLSimpleApplication@5200ad77
----------------- Done invoking toplevel() on ptolemy.moml.MoMLSimpleApplication@5200ad77
reloadAllAccessors: .Hysteresis

===========================================================================================
----------------- testing Mon Mar 02 21:00:07 UTC 2020 /home/travis/build/icyphy/ptII/ptolemy/domains/continuous/test/auto/HysteresisWithRandomDelay.xml
----------------- Instantiating /home/travis/build/icyphy/ptII/ptolemy/domains/continuous/test/auto/HysteresisWithRandomDelay.xml
174 ms. Memory: 270336K Free: 202624K (75%)
----------------- Invoking toplevel() on ptolemy.moml.MoMLSimpleApplication@2486b10
----------------- Done invoking toplevel() on ptolemy.moml.MoMLSimpleApplication@2486b10
reloadAllAccessors: .HysteresisWithRandomDelay

===========================================================================================
----------------- testing Mon Mar 02 21:00:07 UTC 2020 /home/travis/build/icyphy/ptII/ptolemy/domains/continuous/test/auto/HysteresisWithRandomLosses.xml
----------------- Instantiating /home/travis/build/icyphy/ptII/ptolemy/domains/continuous/test/auto/HysteresisWithRandomLosses.xml
2307 ms. Memory: 270336K Free: 102847K (38%)
----------------- Invoking toplevel() on ptolemy.moml.MoMLSimpleApplication@2be27d2f
----------------- Done invoking toplevel() on ptolemy.moml.MoMLSimpleApplication@2be27d2f
reloadAllAccessors: .HysteresisWithRandomLosses

===========================================================================================
----------------- testing Mon Mar 02 21:00:10 UTC 2020 /home/travis/build/icyphy/ptII/ptolemy/domains/continuous/test/auto/ImmediateTransitions.xml
----------------- Instantiating /home/travis/build/icyphy/ptII/ptolemy/domains/continuous/test/auto/ImmediateTransitions.xml
14 ms. Memory: 270336K Free: 252731K (93%)
----------------- Invoking toplevel() on ptolemy.moml.MoMLSimpleApplication@66d2476e
----------------- Done invoking toplevel() on ptolemy.moml.MoMLSimpleApplication@66d2476e
reloadAllAccessors: .ImmediateTransitions

===========================================================================================
----------------- testing Mon Mar 02 21:00:10 UTC 2020 /home/travis/build/icyphy/ptII/ptolemy/domains/continuous/test/auto/ImpulseFeedback.xml
----------------- Instantiating /home/travis/build/icyphy/ptII/ptolemy/domains/continuous/test/auto/ImpulseFeedback.xml
8 ms. Memory: 270336K Free: 246885K (91%)
----------------- Invoking toplevel() on ptolemy.moml.MoMLSimpleApplication@dc8a9db
----------------- Done invoking toplevel() on ptolemy.moml.MoMLSimpleApplication@dc8a9db
reloadAllAccessors: .ImpulseFeedback

===========================================================================================
----------------- testing Mon Mar 02 21:00:10 UTC 2020 /home/travis/build/icyphy/ptII/ptolemy/domains/continuous/test/auto/ImpulseFeedback2.xml
----------------- Instantiating /home/travis/build/icyphy/ptII/ptolemy/domains/continuous/test/auto/ImpulseFeedback2.xml
5 ms. Memory: 270336K Free: 241251K (89%)
----------------- Invoking toplevel() on ptolemy.moml.MoMLSimpleApplication@291b5f3e
----------------- Done invoking toplevel() on ptolemy.moml.MoMLSimpleApplication@291b5f3e
reloadAllAccessors: .ImpulseFeedback2

===========================================================================================
----------------- testing Mon Mar 02 21:00:10 UTC 2020 /home/travis/build/icyphy/ptII/ptolemy/domains/continuous/test/auto/IncreasingRatePoisson.xml
----------------- Instantiating /home/travis/build/icyphy/ptII/ptolemy/domains/continuous/test/auto/IncreasingRatePoisson.xml
760 ms. Memory: 270336K Free: 235683K (87%)
----------------- Invoking toplevel() on ptolemy.moml.MoMLSimpleApplication@33f15413
----------------- Done invoking toplevel() on ptolemy.moml.MoMLSimpleApplication@33f15413
reloadAllAccessors: .IncreasingRatePoisson

===========================================================================================
----------------- testing Mon Mar 02 21:00:11 UTC 2020 /home/travis/build/icyphy/ptII/ptolemy/domains/continuous/test/auto/InitialStateFeedback.xml
----------------- Instantiating /home/travis/build/icyphy/ptII/ptolemy/domains/continuous/test/auto/InitialStateFeedback.xml
6 ms. Memory: 270336K Free: 231073K (85%)
----------------- Invoking toplevel() on ptolemy.moml.MoMLSimpleApplication@28e06fc5
----------------- Done invoking toplevel() on ptolemy.moml.MoMLSimpleApplication@28e06fc5
reloadAllAccessors: .InitialStateFeedback

===========================================================================================
----------------- testing Mon Mar 02 21:00:11 UTC 2020 /home/travis/build/icyphy/ptII/ptolemy/domains/continuous/test/auto/Integration.xml
----------------- Instantiating /home/travis/build/icyphy/ptII/ptolemy/domains/continuous/test/auto/Integration.xml
2 ms. Memory: 270336K Free: 226977K (84%)
----------------- Invoking toplevel() on ptolemy.moml.MoMLSimpleApplication@24242a07
----------------- Done invoking toplevel() on ptolemy.moml.MoMLSimpleApplication@24242a07
reloadAllAccessors: .Integration

===========================================================================================
----------------- testing Mon Mar 02 21:00:11 UTC 2020 /home/travis/build/icyphy/ptII/ptolemy/domains/continuous/test/auto/Integration2.xml
----------------- Instantiating /home/travis/build/icyphy/ptII/ptolemy/domains/continuous/test/auto/Integration2.xml
71 ms. Memory: 270336K Free: 212641K (79%)
----------------- Invoking toplevel() on ptolemy.moml.MoMLSimpleApplication@77f2e75d
----------------- Done invoking toplevel() on ptolemy.moml.MoMLSimpleApplication@77f2e75d
reloadAllAccessors: .Integration2

===========================================================================================
----------------- testing Mon Mar 02 21:00:11 UTC 2020 /home/travis/build/icyphy/ptII/ptolemy/domains/continuous/test/auto/Integration3.xml
----------------- Instantiating /home/travis/build/icyphy/ptII/ptolemy/domains/continuous/test/auto/Integration3.xml
2 ms. Memory: 270336K Free: 208035K (77%)
----------------- Invoking toplevel() on ptolemy.moml.MoMLSimpleApplication@7d7fd9e
----------------- Done invoking toplevel() on ptolemy.moml.MoMLSimpleApplication@7d7fd9e
reloadAllAccessors: .Integration3

===========================================================================================
----------------- testing Mon Mar 02 21:00:11 UTC 2020 /home/travis/build/icyphy/ptII/ptolemy/domains/continuous/test/auto/Integration5.xml
----------------- Instantiating /home/travis/build/icyphy/ptII/ptolemy/domains/continuous/test/auto/Integration5.xml
2 ms. Memory: 270336K Free: 203939K (75%)
----------------- Invoking toplevel() on ptolemy.moml.MoMLSimpleApplication@7a745cd
----------------- Done invoking toplevel() on ptolemy.moml.MoMLSimpleApplication@7a745cd
reloadAllAccessors: .Integration5

===========================================================================================
----------------- testing Mon Mar 02 21:00:11 UTC 2020 /home/travis/build/icyphy/ptII/ptolemy/domains/continuous/test/auto/IntegratorImpulse.xml
----------------- Instantiating /home/travis/build/icyphy/ptII/ptolemy/domains/continuous/test/auto/IntegratorImpulse.xml
2 ms. Memory: 270336K Free: 199843K (74%)
----------------- Invoking toplevel() on ptolemy.moml.MoMLSimpleApplication@20571c1
----------------- Done invoking toplevel() on ptolemy.moml.MoMLSimpleApplication@20571c1
reloadAllAccessors: .IntegratorImpulse

===========================================================================================
----------------- testing Mon Mar 02 21:00:11 UTC 2020 /home/travis/build/icyphy/ptII/ptolemy/domains/continuous/test/auto/IntegratorImpulse2.xml
----------------- Instantiating /home/travis/build/icyphy/ptII/ptolemy/domains/continuous/test/auto/IntegratorImpulse2.xml
4 ms. Memory: 270336K Free: 195203K (72%)
----------------- Invoking toplevel() on ptolemy.moml.MoMLSimpleApplication@5ef4a7f1
----------------- Done invoking toplevel() on ptolemy.moml.MoMLSimpleApplication@5ef4a7f1
reloadAllAccessors: .IntegratorImpulse2

===========================================================================================
----------------- testing Mon Mar 02 21:00:11 UTC 2020 /home/travis/build/icyphy/ptII/ptolemy/domains/continuous/test/auto/LevelCrossing1.xml
----------------- Instantiating /home/travis/build/icyphy/ptII/ptolemy/domains/continuous/test/auto/LevelCrossing1.xml
2 ms. Memory: 270336K Free: 190107K (70%)
----------------- Invoking toplevel() on ptolemy.moml.MoMLSimpleApplication@5cff2014
----------------- Done invoking toplevel() on ptolemy.moml.MoMLSimpleApplication@5cff2014
reloadAllAccessors: .LevelCrossing1

===========================================================================================
----------------- testing Mon Mar 02 21:00:11 UTC 2020 /home/travis/build/icyphy/ptII/ptolemy/domains/continuous/test/auto/LevelCrossing2.xml
----------------- Instantiating /home/travis/build/icyphy/ptII/ptolemy/domains/continuous/test/auto/LevelCrossing2.xml
4 ms. Memory: 270336K Free: 184993K (68%)
----------------- Invoking toplevel() on ptolemy.moml.MoMLSimpleApplication@27393a92
----------------- Done invoking toplevel() on ptolemy.moml.MoMLSimpleApplication@27393a92
reloadAllAccessors: .LevelCrossing2

===========================================================================================
----------------- testing Mon Mar 02 21:00:11 UTC 2020 /home/travis/build/icyphy/ptII/ptolemy/domains/continuous/test/auto/LevelCrossing3.xml
----------------- Instantiating /home/travis/build/icyphy/ptII/ptolemy/domains/continuous/test/auto/LevelCrossing3.xml
3 ms. Memory: 270336K Free: 179873K (67%)
----------------- Invoking toplevel() on ptolemy.moml.MoMLSimpleApplication@4f5fe0c7
----------------- Done invoking toplevel() on ptolemy.moml.MoMLSimpleApplication@4f5fe0c7
reloadAllAccessors: .LevelCrossing3

===========================================================================================
----------------- testing Mon Mar 02 21:00:11 UTC 2020 /home/travis/build/icyphy/ptII/ptolemy/domains/continuous/test/auto/LevelCrossing4.xml
----------------- Instantiating /home/travis/build/icyphy/ptII/ptolemy/domains/continuous/test/auto/LevelCrossing4.xml
3 ms. Memory: 270336K Free: 174753K (65%)
----------------- Invoking toplevel() on ptolemy.moml.MoMLSimpleApplication@1721d36d
----------------- Done invoking toplevel() on ptolemy.moml.MoMLSimpleApplication@1721d36d
reloadAllAccessors: .LevelCrossing4

===========================================================================================
----------------- testing Mon Mar 02 21:00:11 UTC 2020 /home/travis/build/icyphy/ptII/ptolemy/domains/continuous/test/auto/LevelCrossing5.xml
----------------- Instantiating /home/travis/build/icyphy/ptII/ptolemy/domains/continuous/test/auto/LevelCrossing5.xml
3 ms. Memory: 270336K Free: 169633K (63%)
----------------- Invoking toplevel() on ptolemy.moml.MoMLSimpleApplication@73bfd0b5
----------------- Done invoking toplevel() on ptolemy.moml.MoMLSimpleApplication@73bfd0b5
reloadAllAccessors: .LevelCrossing5

===========================================================================================
[...]
reloadAllAccessors: .ResetTransitionWithStartTime6

===========================================================================================
----------------- testing Mon Mar 02 21:00:26 UTC 2020 /home/travis/build/icyphy/ptII/ptolemy/domains/continuous/test/auto/SRinContinuous.xml
----------------- Instantiating /home/travis/build/icyphy/ptII/ptolemy/domains/continuous/test/auto/SRinContinuous.xml
6 ms. Memory: 324608K Free: 124201K (38%)
----------------- Invoking toplevel() on ptolemy.moml.MoMLSimpleApplication@2897383d
----------------- Done invoking toplevel() on ptolemy.moml.MoMLSimpleApplication@2897383d
reloadAllAccessors: .SRinContinuous

===========================================================================================
----------------- testing Mon Mar 02 21:00:26 UTC 2020 /home/travis/build/icyphy/ptII/ptolemy/domains/continuous/test/auto/SampledClocks.xml
----------------- Instantiating /home/travis/build/icyphy/ptII/ptolemy/domains/continuous/test/auto/SampledClocks.xml
8 ms. Memory: 324608K Free: 305637K (94%)
----------------- Invoking toplevel() on ptolemy.moml.MoMLSimpleApplication@368a6453
----------------- Done invoking toplevel() on ptolemy.moml.MoMLSimpleApplication@368a6453
reloadAllAccessors: .SampledClocks

===========================================================================================
----------------- testing Mon Mar 02 21:00:26 UTC 2020 /home/travis/build/icyphy/ptII/ptolemy/domains/continuous/test/auto/Satellite.xml
----------------- Instantiating /home/travis/build/icyphy/ptII/ptolemy/domains/continuous/test/auto/Satellite.xml
827 ms. Memory: 324608K Free: 304059K (94%)
----------------- Invoking toplevel() on ptolemy.moml.MoMLSimpleApplication@293440e3
----------------- Done invoking toplevel() on ptolemy.moml.MoMLSimpleApplication@293440e3
reloadAllAccessors: .Satellite

===========================================================================================
----------------- testing Mon Mar 02 21:00:27 UTC 2020 /home/travis/build/icyphy/ptII/ptolemy/domains/continuous/test/auto/SigmaDelta.xml
----------------- Instantiating /home/travis/build/icyphy/ptII/ptolemy/domains/continuous/test/auto/SigmaDelta.xml
2059 ms. Memory: 324608K Free: 235622K (73%)
----------------- Invoking toplevel() on ptolemy.moml.MoMLSimpleApplication@3ee9a1c5
----------------- Done invoking toplevel() on ptolemy.moml.MoMLSimpleApplication@3ee9a1c5
reloadAllAccessors: .SigmaDelta

===========================================================================================
----------------- testing Mon Mar 02 21:00:30 UTC 2020 /home/travis/build/icyphy/ptII/ptolemy/domains/continuous/test/auto/SingleRefinement.xml
----------------- Instantiating /home/travis/build/icyphy/ptII/ptolemy/domains/continuous/test/auto/SingleRefinement.xml
305 ms. Memory: 324608K Free: 246356K (76%)
----------------- Invoking toplevel() on ptolemy.moml.MoMLSimpleApplication@41dcf108
----------------- Done invoking toplevel() on ptolemy.moml.MoMLSimpleApplication@41dcf108
reloadAllAccessors: .SingleRefinement

===========================================================================================
----------------- testing Mon Mar 02 21:00:30 UTC 2020 /home/travis/build/icyphy/ptII/ptolemy/domains/continuous/test/auto/SinuBouncingBall.xml
----------------- Instantiating /home/travis/build/icyphy/ptII/ptolemy/domains/continuous/test/auto/SinuBouncingBall.xml
743 ms. Memory: 324608K Free: 225206K (69%)
----------------- Invoking toplevel() on ptolemy.moml.MoMLSimpleApplication@10257c33
----------------- Done invoking toplevel() on ptolemy.moml.MoMLSimpleApplication@10257c33
reloadAllAccessors: .SinuBouncingBall

===========================================================================================
----------------- testing Mon Mar 02 21:00:31 UTC 2020 /home/travis/build/icyphy/ptII/ptolemy/domains/continuous/test/auto/Sinusoid.xml
----------------- Instantiating /home/travis/build/icyphy/ptII/ptolemy/domains/continuous/test/auto/Sinusoid.xml
5 ms. Memory: 324608K Free: 220600K (68%)
----------------- Invoking toplevel() on ptolemy.moml.MoMLSimpleApplication@6e6a5d68
----------------- Done invoking toplevel() on ptolemy.moml.MoMLSimpleApplication@6e6a5d68
reloadAllAccessors: .Sinusoid

===========================================================================================
----------------- testing Mon Mar 02 21:00:31 UTC 2020 /home/travis/build/icyphy/ptII/ptolemy/domains/continuous/test/auto/SinusoidInNoise.xml
----------------- Instantiating /home/travis/build/icyphy/ptII/ptolemy/domains/continuous/test/auto/SinusoidInNoise.xml
796 ms. Memory: 324608K Free: 277411K (85%)
----------------- Invoking toplevel() on ptolemy.moml.MoMLSimpleApplication@3545e572
----------------- Done invoking toplevel() on ptolemy.moml.MoMLSimpleApplication@3545e572
reloadAllAccessors: .SinusoidInNoise

===========================================================================================
----------------- testing Mon Mar 02 21:00:32 UTC 2020 /home/travis/build/icyphy/ptII/ptolemy/domains/continuous/test/auto/SinusoidRK45.xml
----------------- Instantiating /home/travis/build/icyphy/ptII/ptolemy/domains/continuous/test/auto/SinusoidRK45.xml
2 ms. Memory: 324608K Free: 272771K (84%)
----------------- Invoking toplevel() on ptolemy.moml.MoMLSimpleApplication@417d9d44
----------------- Done invoking toplevel() on ptolemy.moml.MoMLSimpleApplication@417d9d44
reloadAllAccessors: .SinusoidRK45

===========================================================================================
----------------- testing Mon Mar 02 21:00:32 UTC 2020 /home/travis/build/icyphy/ptII/ptolemy/domains/continuous/test/auto/SinusoidWithMultipleImpulses.xml
----------------- Instantiating /home/travis/build/icyphy/ptII/ptolemy/domains/continuous/test/auto/SinusoidWithMultipleImpulses.xml
2 ms. Memory: 324608K Free: 268195K (83%)
----------------- Invoking toplevel() on ptolemy.moml.MoMLSimpleApplication@693b55b7
----------------- Done invoking toplevel() on ptolemy.moml.MoMLSimpleApplication@693b55b7
reloadAllAccessors: .SinusoidWithMultipleImpulses

===========================================================================================
----------------- testing Mon Mar 02 21:00:32 UTC 2020 /home/travis/build/icyphy/ptII/ptolemy/domains/continuous/test/auto/SquareWave.xml
----------------- Instantiating /home/travis/build/icyphy/ptII/ptolemy/domains/continuous/test/auto/SquareWave.xml
148 ms. Memory: 324608K Free: 241057K (74%)
----------------- Invoking toplevel() on ptolemy.moml.MoMLSimpleApplication@7bc097cb
----------------- Done invoking toplevel() on ptolemy.moml.MoMLSimpleApplication@7bc097cb
reloadAllAccessors: .SquareWave

===========================================================================================
----------------- testing Mon Mar 02 21:00:32 UTC 2020 /home/travis/build/icyphy/ptII/ptolemy/domains/continuous/test/auto/Starmac.xml
----------------- Instantiating /home/travis/build/icyphy/ptII/ptolemy/domains/continuous/test/auto/Starmac.xml
3070 ms. Memory: 324608K Free: 121441K (37%)
----------------- Invoking toplevel() on ptolemy.moml.MoMLSimpleApplication@18ee10bb
----------------- Done invoking toplevel() on ptolemy.moml.MoMLSimpleApplication@18ee10bb
reloadAllAccessors: .Starmac

===========================================================================================
----------------- testing Mon Mar 02 21:00:35 UTC 2020 /home/travis/build/icyphy/ptII/ptolemy/domains/continuous/test/auto/StaticUnits.xml
----------------- Instantiating /home/travis/build/icyphy/ptII/ptolemy/domains/continuous/test/auto/StaticUnits.xml
1723 ms. Memory: 324608K Free: 231984K (71%)
----------------- Invoking toplevel() on ptolemy.moml.MoMLSimpleApplication@2094a012
----------------- Done invoking toplevel() on ptolemy.moml.MoMLSimpleApplication@2094a012
reloadAllAccessors: .StaticUnits

===========================================================================================
----------------- testing Mon Mar 02 21:00:38 UTC 2020 /home/travis/build/icyphy/ptII/ptolemy/domains/continuous/test/auto/StickyMasses.xml
----------------- Instantiating /home/travis/build/icyphy/ptII/ptolemy/domains/continuous/test/auto/StickyMasses.xml
137 ms. Memory: 324608K Free: 182832K (56%)
----------------- Invoking toplevel() on ptolemy.moml.MoMLSimpleApplication@34bbe09b
----------------- Done invoking toplevel() on ptolemy.moml.MoMLSimpleApplication@34bbe09b
reloadAllAccessors: .StickyMasses

===========================================================================================
----------------- testing Mon Mar 02 21:00:38 UTC 2020 /home/travis/build/icyphy/ptII/ptolemy/domains/continuous/test/auto/StopTime.xml
----------------- Instantiating /home/travis/build/icyphy/ptII/ptolemy/domains/continuous/test/auto/StopTime.xml
44 ms. Memory: 324608K Free: 157728K (49%)
----------------- Invoking toplevel() on ptolemy.moml.MoMLSimpleApplication@51834aa4
----------------- Done invoking toplevel() on ptolemy.moml.MoMLSimpleApplication@51834aa4
reloadAllAccessors: .StopTime

===========================================================================================
----------------- testing Mon Mar 02 21:00:38 UTC 2020 /home/travis/build/icyphy/ptII/ptolemy/domains/continuous/test/auto/StopTime2.xml
----------------- Instantiating /home/travis/build/icyphy/ptII/ptolemy/domains/continuous/test/auto/StopTime2.xml
40 ms. Memory: 324608K Free: 135728K (42%)
----------------- Invoking toplevel() on ptolemy.moml.MoMLSimpleApplication@654e15e6
----------------- Done invoking toplevel() on ptolemy.moml.MoMLSimpleApplication@654e15e6
reloadAllAccessors: .StopTime2

===========================================================================================
----------------- testing Mon Mar 02 21:00:38 UTC 2020 /home/travis/build/icyphy/ptII/ptolemy/domains/continuous/test/auto/Switch.xml
----------------- Instantiating /home/travis/build/icyphy/ptII/ptolemy/domains/continuous/test/auto/Switch.xml
60 ms. Memory: 324608K Free: 300523K (93%)
----------------- Invoking toplevel() on ptolemy.moml.MoMLSimpleApplication@7652256a
----------------- Done invoking toplevel() on ptolemy.moml.MoMLSimpleApplication@7652256a
reloadAllAccessors: .Switch

===========================================================================================
----------------- testing Mon Mar 02 21:00:38 UTC 2020 /home/travis/build/icyphy/ptII/ptolemy/domains/continuous/test/auto/Thermostat.xml
----------------- Instantiating /home/travis/build/icyphy/ptII/ptolemy/domains/continuous/test/auto/Thermostat.xml
191 ms. Memory: 324608K Free: 228329K (70%)
----------------- Invoking toplevel() on ptolemy.moml.MoMLSimpleApplication@ff541f8
----------------- Done invoking toplevel() on ptolemy.moml.MoMLSimpleApplication@ff541f8
reloadAllAccessors: .Thermostat

===========================================================================================
----------------- testing Mon Mar 02 21:00:38 UTC 2020 /home/travis/build/icyphy/ptII/ptolemy/domains/continuous/test/auto/TimeDelay.xml
----------------- Instantiating /home/travis/build/icyphy/ptII/ptolemy/domains/continuous/test/auto/TimeDelay.xml
5 ms. Memory: 324608K Free: 223723K (69%)
----------------- Invoking toplevel() on ptolemy.moml.MoMLSimpleApplication@1f3a0697
----------------- Done invoking toplevel() on ptolemy.moml.MoMLSimpleApplication@1f3a0697
reloadAllAccessors: .TimeDelay

===========================================================================================
----------------- testing Mon Mar 02 21:00:38 UTC 2020 /home/travis/build/icyphy/ptII/ptolemy/domains/continuous/test/auto/TimeDelay2.xml
----------------- Instantiating /home/travis/build/icyphy/ptII/ptolemy/domains/continuous/test/auto/TimeDelay2.xml
5 ms. Memory: 324608K Free: 213993K (66%)
----------------- Invoking toplevel() on ptolemy.moml.MoMLSimpleApplication@733ddc07
----------------- Done invoking toplevel() on ptolemy.moml.MoMLSimpleApplication@733ddc07
reloadAllAccessors: .TimeDelay2

===========================================================================================
----------------- testing Mon Mar 02 21:00:38 UTC 2020 /home/travis/build/icyphy/ptII/ptolemy/domains/continuous/test/auto/TimeDelay3.xml
----------------- Instantiating /home/travis/build/icyphy/ptII/ptolemy/domains/continuous/test/auto/TimeDelay3.xml
5 ms. Memory: 324608K Free: 209385K (65%)
----------------- Invoking toplevel() on ptolemy.moml.MoMLSimpleApplication@4353c777
----------------- Done invoking toplevel() on ptolemy.moml.MoMLSimpleApplication@4353c777
reloadAllAccessors: .TimeDelay3

===========================================================================================
----------------- testing Mon Mar 02 21:00:38 UTC 2020 /home/travis/build/icyphy/ptII/ptolemy/domains/continuous/test/auto/TransferAbsentToInside.xml
----------------- Instantiating /home/travis/build/icyphy/ptII/ptolemy/domains/continuous/test/auto/TransferAbsentToInside.xml
30 ms. Memory: 324608K Free: 157163K (48%)
----------------- Invoking toplevel() on ptolemy.moml.MoMLSimpleApplication@2c72bc85
----------------- Done invoking toplevel() on ptolemy.moml.MoMLSimpleApplication@2c72bc85
reloadAllAccessors: .TransferAbsentToInside

===========================================================================================
----------------- testing Mon Mar 02 21:00:38 UTC 2020 /home/travis/build/icyphy/ptII/ptolemy/domains/continuous/test/auto/Transmission.xml
----------------- Instantiating /home/travis/build/icyphy/ptII/ptolemy/domains/continuous/test/auto/Transmission.xml
786 ms. Memory: 324608K Free: 114665K (35%)
----------------- Invoking toplevel() on ptolemy.moml.MoMLSimpleApplication@1e7d40d3
----------------- Done invoking toplevel() on ptolemy.moml.MoMLSimpleApplication@1e7d40d3
reloadAllAccessors: .Transmission

===========================================================================================
----------------- testing Mon Mar 02 21:00:39 UTC 2020 /home/travis/build/icyphy/ptII/ptolemy/domains/continuous/test/auto/TriggeredContinuousClock.xml
----------------- Instantiating /home/travis/build/icyphy/ptII/ptolemy/domains/continuous/test/auto/TriggeredContinuousClock.xml
36 ms. Memory: 324608K Free: 274360K (85%)
----------------- Invoking toplevel() on ptolemy.moml.MoMLSimpleApplication@2d1dadb0
----------------- Done invoking toplevel() on ptolemy.moml.MoMLSimpleApplication@2d1dadb0
reloadAllAccessors: .TriggeredContinuousClock

===========================================================================================
----------------- testing Mon Mar 02 21:00:39 UTC 2020 /home/travis/build/icyphy/ptII/ptolemy/domains/continuous/test/auto/TwoMachineInfiniteBusControl.xml
----------------- Instantiating /home/travis/build/icyphy/ptII/ptolemy/domains/continuous/test/auto/TwoMachineInfiniteBusControl.xml
2496 ms. Memory: 324608K Free: 272794K (84%)
----------------- Invoking toplevel() on ptolemy.moml.MoMLSimpleApplication@197c1d11
----------------- Done invoking toplevel() on ptolemy.moml.MoMLSimpleApplication@197c1d11
reloadAllAccessors: .TwoMachineInfiniteBusControl

===========================================================================================
----------------- testing Mon Mar 02 21:00:42 UTC 2020 /home/travis/build/icyphy/ptII/ptolemy/domains/continuous/test/auto/V2V.xml
----------------- Instantiating /home/travis/build/icyphy/ptII/ptolemy/domains/continuous/test/auto/V2V.xml
722 ms. Memory: 324608K Free: 274340K (85%)
----------------- Invoking toplevel() on ptolemy.moml.MoMLSimpleApplication@26fc7ca0
----------------- Done invoking toplevel() on ptolemy.moml.MoMLSimpleApplication@26fc7ca0
reloadAllAccessors: .V2V

===========================================================================================
----------------- testing Mon Mar 02 21:00:43 UTC 2020 /home/travis/build/icyphy/ptII/ptolemy/domains/continuous/test/auto/hierarchicalModalModel.xml
----------------- Instantiating /home/travis/build/icyphy/ptII/ptolemy/domains/continuous/test/auto/hierarchicalModalModel.xml
7 ms. Memory: 324608K Free: 260004K (80%)
----------------- Invoking toplevel() on ptolemy.moml.MoMLSimpleApplication@16efd6c8
----------------- Done invoking toplevel() on ptolemy.moml.MoMLSimpleApplication@16efd6c8
reloadAllAccessors: .hierarchicalModalModel

===========================================================================================
----------------- testing Mon Mar 02 21:00:43 UTC 2020 /home/travis/build/icyphy/ptII/ptolemy/domains/continuous/test/auto/hierarchicalModalModel1.xml
----------------- Instantiating /home/travis/build/icyphy/ptII/ptolemy/domains/continuous/test/auto/hierarchicalModalModel1.xml
8 ms. Memory: 324608K Free: 245668K (76%)
----------------- Invoking toplevel() on ptolemy.moml.MoMLSimpleApplication@2491be41
----------------- Done invoking toplevel() on ptolemy.moml.MoMLSimpleApplication@2491be41
reloadAllAccessors: .hierarchicalModalModel1

===========================================================================================
----------------- testing Mon Mar 02 21:00:43 UTC 2020 /home/travis/build/icyphy/ptII/ptolemy/domains/continuous/test/auto/hierarchicalModalModel2.xml
----------------- Instantiating /home/travis/build/icyphy/ptII/ptolemy/domains/continuous/test/auto/hierarchicalModalModel2.xml
6 ms. Memory: 324608K Free: 233380K (72%)
----------------- Invoking toplevel() on ptolemy.moml.MoMLSimpleApplication@2cba1621
----------------- Done invoking toplevel() on ptolemy.moml.MoMLSimpleApplication@2cba1621
reloadAllAccessors: .hierarchicalModalModel2

===========================================================================================
----------------- testing Mon Mar 02 21:00:43 UTC 2020 /home/travis/build/icyphy/ptII/ptolemy/domains/continuous/test/auto/hierarchicalModalModel3.xml
----------------- Instantiating /home/travis/build/icyphy/ptII/ptolemy/domains/continuous/test/auto/hierarchicalModalModel3.xml
6 ms. Memory: 324608K Free: 222626K (69%)
----------------- Invoking toplevel() on ptolemy.moml.MoMLSimpleApplication@7495c39f
----------------- Done invoking toplevel() on ptolemy.moml.MoMLSimpleApplication@7495c39f
reloadAllAccessors: .hierarchicalModalModel3

===========================================================================================
----------------- testing Mon Mar 02 21:00:43 UTC 2020 /home/travis/build/icyphy/ptII/ptolemy/domains/continuous/test/auto/hierarchicalModalModel4.xml
----------------- Instantiating /home/travis/build/icyphy/ptII/ptolemy/domains/continuous/test/auto/hierarchicalModalModel4.xml
4 ms. Memory: 324608K Free: 210852K (65%)
----------------- Invoking toplevel() on ptolemy.moml.MoMLSimpleApplication@3595ae9c
----------------- Done invoking toplevel() on ptolemy.moml.MoMLSimpleApplication@3595ae9c
reloadAllAccessors: .hierarchicalModalModel4

===========================================================================================
----------------- testing Mon Mar 02 21:00:43 UTC 2020 /home/travis/build/icyphy/ptII/ptolemy/domains/continuous/test/auto/junk.xml
----------------- Instantiating /home/travis/build/icyphy/ptII/ptolemy/domains/continuous/test/auto/junk.xml
104 ms. Memory: 324608K Free: 185762K (57%)
----------------- Invoking toplevel() on ptolemy.moml.MoMLSimpleApplication@202b7a89
----------------- Done invoking toplevel() on ptolemy.moml.MoMLSimpleApplication@202b7a89
reloadAllAccessors: .junk
AutoTests.java: About to close Vertx.
AutoTests.java: Vertx closed.
]]></system-out>
  <system-err><![CDATA[Warning: '.HysteresisWithRandomDelay.NonStrictTest3' The test produced only 24 tokens, yet the correctValues parameter was expecting 30 tokens.
Warning: '.Poisson.NonStrictTest' The test produced only 368 tokens, yet the correctValues parameter was expecting 430 tokens.
]]></system-err>
</testsuite>
