<?xml version="1.0" encoding="UTF-8" ?>
<testsuite errors="0" failures="0" hostname="travis-job-f9b26653-6a25-43b5-a357-16a6d8754ca9" name="ptolemy.domains.continuous.test.junit.JUnitTclTest" skipped="0" tests="156" time="69.324" timestamp="2020-09-20T15:43:17">
  <properties>
[...]
</properties>
  <testcase classname="ptolemy.util.test.junit.TclTests" name="[0] ThereAreNoTclTests (RunTclFile)" time="0.008" />
  <testcase classname="ptolemy.util.test.junit.AutoKnownFailedTests" name="[0] ThereAreNoKnowFailedTests (RunModel)" time="0.003" />
  <testcase classname="ptolemy.util.test.junit.AutoNameArchTests" name="[0] ThereAreNoAutoArchTests (RunModel)" time="0.023" />
  <testcase classname="ptolemy.util.test.junit.AutoTests" name="[0] /home/travis/build/icyphy/ptII/ptolemy/domains/continuous/test/auto/BouncingBall.xml (RunModel)" time="2.961" />
  <testcase classname="ptolemy.util.test.junit.AutoTests" name="[1] /home/travis/build/icyphy/ptII/ptolemy/domains/continuous/test/auto/BouncingBallWithoutGR.xml (RunModel)" time="0.762" />
  <testcase classname="ptolemy.util.test.junit.AutoTests" name="[2] /home/travis/build/icyphy/ptII/ptolemy/domains/continuous/test/auto/Brownian.xml (RunModel)" time="0.127" />
  <testcase classname="ptolemy.util.test.junit.AutoTests" name="[3] /home/travis/build/icyphy/ptII/ptolemy/domains/continuous/test/auto/CarTracking.xml (RunModel)" time="4.13" />
  <testcase classname="ptolemy.util.test.junit.AutoTests" name="[4] /home/travis/build/icyphy/ptII/ptolemy/domains/continuous/test/auto/CartPendulum.xml (RunModel)" time="0.62" />
  <testcase classname="ptolemy.util.test.junit.AutoTests" name="[5] /home/travis/build/icyphy/ptII/ptolemy/domains/continuous/test/auto/CausalityInterface10.xml (RunModel)" time="0.063" />
  <testcase classname="ptolemy.util.test.junit.AutoTests" name="[6] /home/travis/build/icyphy/ptII/ptolemy/domains/continuous/test/auto/CausalityInterface11.xml (RunModel)" time="0.035" />
  <testcase classname="ptolemy.util.test.junit.AutoTests" name="[7] /home/travis/build/icyphy/ptII/ptolemy/domains/continuous/test/auto/CausalityInterface12.xml (RunModel)" time="0.024" />
  <testcase classname="ptolemy.util.test.junit.AutoTests" name="[8] /home/travis/build/icyphy/ptII/ptolemy/domains/continuous/test/auto/CausalityInterface13.xml (RunModel)" time="0.05" />
  <testcase classname="ptolemy.util.test.junit.AutoTests" name="[9] /home/travis/build/icyphy/ptII/ptolemy/domains/continuous/test/auto/CausalityInterface14.xml (RunModel)" time="0.028" />
  <testcase classname="ptolemy.util.test.junit.AutoTests" name="[10] /home/travis/build/icyphy/ptII/ptolemy/domains/continuous/test/auto/CausalityInterface4.xml (RunModel)" time="0.034" />
  <testcase classname="ptolemy.util.test.junit.AutoTests" name="[11] /home/travis/build/icyphy/ptII/ptolemy/domains/continuous/test/auto/CausalityInterface5.xml (RunModel)" time="0.045" />
  <testcase classname="ptolemy.util.test.junit.AutoTests" name="[12] /home/travis/build/icyphy/ptII/ptolemy/domains/continuous/test/auto/CausalityInterface6.xml (RunModel)" time="0.026" />
  <testcase classname="ptolemy.util.test.junit.AutoTests" name="[13] /home/travis/build/icyphy/ptII/ptolemy/domains/continuous/test/auto/CausalityInterface7.xml (RunModel)" time="0.042" />
  <testcase classname="ptolemy.util.test.junit.AutoTests" name="[14] /home/travis/build/icyphy/ptII/ptolemy/domains/continuous/test/auto/CausalityInterface8.xml (RunModel)" time="0.042" />
  <testcase classname="ptolemy.util.test.junit.AutoTests" name="[15] /home/travis/build/icyphy/ptII/ptolemy/domains/continuous/test/auto/CausalityInterface9.xml (RunModel)" time="0.052" />
  <testcase classname="ptolemy.util.test.junit.AutoTests" name="[16] /home/travis/build/icyphy/ptII/ptolemy/domains/continuous/test/auto/CausalityInterfaceFeedback1.xml (RunModel)" time="0.029" />
  <testcase classname="ptolemy.util.test.junit.AutoTests" name="[17] /home/travis/build/icyphy/ptII/ptolemy/domains/continuous/test/auto/CausalityInterfaceFeedback2.xml (RunModel)" time="0.041" />
  <testcase classname="ptolemy.util.test.junit.AutoTests" name="[18] /home/travis/build/icyphy/ptII/ptolemy/domains/continuous/test/auto/CompareWithCurrentTime.xml (RunModel)" time="0.022" />
  <testcase classname="ptolemy.util.test.junit.AutoTests" name="[19] /home/travis/build/icyphy/ptII/ptolemy/domains/continuous/test/auto/ComparedClocks.xml (RunModel)" time="0.096" />
  <testcase classname="ptolemy.util.test.junit.AutoTests" name="[20] /home/travis/build/icyphy/ptII/ptolemy/domains/continuous/test/auto/ContinuousAOCClone.xml (RunModel)" time="2.523" />
  <testcase classname="ptolemy.util.test.junit.AutoTests" name="[21] /home/travis/build/icyphy/ptII/ptolemy/domains/continuous/test/auto/ContinuousClock.xml (RunModel)" time="0.106" />
  <testcase classname="ptolemy.util.test.junit.AutoTests" name="[22] /home/travis/build/icyphy/ptII/ptolemy/domains/continuous/test/auto/ContinuousInContinuous.xml (RunModel)" time="0.098" />
  <testcase classname="ptolemy.util.test.junit.AutoTests" name="[23] /home/travis/build/icyphy/ptII/ptolemy/domains/continuous/test/auto/ContinuousInContinuousInContinuous.xml (RunModel)" time="0.027" />
  <testcase classname="ptolemy.util.test.junit.AutoTests" name="[24] /home/travis/build/icyphy/ptII/ptolemy/domains/continuous/test/auto/ContinuousInDE.xml (RunModel)" time="0.111" />
  <testcase classname="ptolemy.util.test.junit.AutoTests" name="[25] /home/travis/build/icyphy/ptII/ptolemy/domains/continuous/test/auto/ContinuousInDE2.xml (RunModel)" time="0.048" />
  <testcase classname="ptolemy.util.test.junit.AutoTests" name="[26] /home/travis/build/icyphy/ptII/ptolemy/domains/continuous/test/auto/ContinuousInDE3.xml (RunModel)" time="0.053" />
  <testcase classname="ptolemy.util.test.junit.AutoTests" name="[27] /home/travis/build/icyphy/ptII/ptolemy/domains/continuous/test/auto/ContinuousInDE4.xml (RunModel)" time="0.049" />
  <testcase classname="ptolemy.util.test.junit.AutoTests" name="[28] /home/travis/build/icyphy/ptII/ptolemy/domains/continuous/test/auto/ContinuousInDEDifferentRefinements.xml (RunModel)" time="0.102" />
  <testcase classname="ptolemy.util.test.junit.AutoTests" name="[29] /home/travis/build/icyphy/ptII/ptolemy/domains/continuous/test/auto/ContinuousInDEDifferentRefinementsPreemptive.xml (RunModel)" time="0.087" />
  <testcase classname="ptolemy.util.test.junit.AutoTests" name="[30] /home/travis/build/icyphy/ptII/ptolemy/domains/continuous/test/auto/ContinuousInDEInContinuous2.xml (RunModel)" time="0.053" />
  <testcase classname="ptolemy.util.test.junit.AutoTests" name="[31] /home/travis/build/icyphy/ptII/ptolemy/domains/continuous/test/auto/ContinuousInDEInContinuous3.xml (RunModel)" time="0.06" />
  <testcase classname="ptolemy.util.test.junit.AutoTests" name="[32] /home/travis/build/icyphy/ptII/ptolemy/domains/continuous/test/auto/ContinuousInDEInput.xml (RunModel)" time="0.034" />
  <testcase classname="ptolemy.util.test.junit.AutoTests" name="[33] /home/travis/build/icyphy/ptII/ptolemy/domains/continuous/test/auto/ContinuousInDEInput2.xml (RunModel)" time="0.034" />
  <testcase classname="ptolemy.util.test.junit.AutoTests" name="[34] /home/travis/build/icyphy/ptII/ptolemy/domains/continuous/test/auto/ContinuousInDEInput3.xml (RunModel)" time="0.029" />
  <testcase classname="ptolemy.util.test.junit.AutoTests" name="[35] /home/travis/build/icyphy/ptII/ptolemy/domains/continuous/test/auto/ContinuousInDESharingRefinement.xml (RunModel)" time="0.166" />
  <testcase classname="ptolemy.util.test.junit.AutoTests" name="[36] /home/travis/build/icyphy/ptII/ptolemy/domains/continuous/test/auto/ContinuousInDEwithNoPorts.xml (RunModel)" time="0.013" />
  <testcase classname="ptolemy.util.test.junit.AutoTests" name="[37] /home/travis/build/icyphy/ptII/ptolemy/domains/continuous/test/auto/ContinuousInsideDE.xml (RunModel)" time="0.083" />
  <testcase classname="ptolemy.util.test.junit.AutoTests" name="[38] /home/travis/build/icyphy/ptII/ptolemy/domains/continuous/test/auto/ContinuousMerge1.xml (RunModel)" time="0.012" />
  <testcase classname="ptolemy.util.test.junit.AutoTests" name="[39] /home/travis/build/icyphy/ptII/ptolemy/domains/continuous/test/auto/ContinuousMerge2.xml (RunModel)" time="0.038" />
  <testcase classname="ptolemy.util.test.junit.AutoTests" name="[40] /home/travis/build/icyphy/ptII/ptolemy/domains/continuous/test/auto/ContinuousMerge3.xml (RunModel)" time="0.062" />
  <testcase classname="ptolemy.util.test.junit.AutoTests" name="[41] /home/travis/build/icyphy/ptII/ptolemy/domains/continuous/test/auto/ContinuousWithinContinuous.xml (RunModel)" time="0.048" />
  <testcase classname="ptolemy.util.test.junit.AutoTests" name="[42] /home/travis/build/icyphy/ptII/ptolemy/domains/continuous/test/auto/ContinuousWithinContinuous2.xml (RunModel)" time="0.069" />
  <testcase classname="ptolemy.util.test.junit.AutoTests" name="[43] /home/travis/build/icyphy/ptII/ptolemy/domains/continuous/test/auto/ContinuousWithinContinuous3.xml (RunModel)" time="0.029" />
  <testcase classname="ptolemy.util.test.junit.AutoTests" name="[44] /home/travis/build/icyphy/ptII/ptolemy/domains/continuous/test/auto/ContinuousWithinContinuous4.xml (RunModel)" time="0.072" />
  <testcase classname="ptolemy.util.test.junit.AutoTests" name="[45] /home/travis/build/icyphy/ptII/ptolemy/domains/continuous/test/auto/ContinuousWithinContinuous5.xml (RunModel)" time="0.029" />
  <testcase classname="ptolemy.util.test.junit.AutoTests" name="[46] /home/travis/build/icyphy/ptII/ptolemy/domains/continuous/test/auto/ContinuousWithinContinuous6.xml (RunModel)" time="0.028" />
  <testcase classname="ptolemy.util.test.junit.AutoTests" name="[47] /home/travis/build/icyphy/ptII/ptolemy/domains/continuous/test/auto/ContinuousWithinContinuous7.xml (RunModel)" time="0.067" />
  <testcase classname="ptolemy.util.test.junit.AutoTests" name="[48] /home/travis/build/icyphy/ptII/ptolemy/domains/continuous/test/auto/DCMotor.xml (RunModel)" time="13.526" />
  <testcase classname="ptolemy.util.test.junit.AutoTests" name="[49] /home/travis/build/icyphy/ptII/ptolemy/domains/continuous/test/auto/DEInContinuous.xml (RunModel)" time="0.042" />
  <testcase classname="ptolemy.util.test.junit.AutoTests" name="[50] /home/travis/build/icyphy/ptII/ptolemy/domains/continuous/test/auto/DEinContinuous2.xml (RunModel)" time="0.04" />
  <testcase classname="ptolemy.util.test.junit.AutoTests" name="[51] /home/travis/build/icyphy/ptII/ptolemy/domains/continuous/test/auto/Derivative.xml (RunModel)" time="0.216" />
  <testcase classname="ptolemy.util.test.junit.AutoTests" name="[52] /home/travis/build/icyphy/ptII/ptolemy/domains/continuous/test/auto/Derivative1.xml (RunModel)" time="0.056" />
  <testcase classname="ptolemy.util.test.junit.AutoTests" name="[53] /home/travis/build/icyphy/ptII/ptolemy/domains/continuous/test/auto/DiscreteClock.xml (RunModel)" time="0.015" />
  <testcase classname="ptolemy.util.test.junit.AutoTests" name="[54] /home/travis/build/icyphy/ptII/ptolemy/domains/continuous/test/auto/EfficiencyCurve.xml (RunModel)" time="0.115" />
  <testcase classname="ptolemy.util.test.junit.AutoTests" name="[55] /home/travis/build/icyphy/ptII/ptolemy/domains/continuous/test/auto/ExponentialResponse.xml (RunModel)" time="0.125" />
  <testcase classname="ptolemy.util.test.junit.AutoTests" name="[56] /home/travis/build/icyphy/ptII/ptolemy/domains/continuous/test/auto/ExponentialResponseRK45.xml (RunModel)" time="0.035" />
  <testcase classname="ptolemy.util.test.junit.AutoTests" name="[57] /home/travis/build/icyphy/ptII/ptolemy/domains/continuous/test/auto/Friction.xml (RunModel)" time="1.629" />
  <testcase classname="ptolemy.util.test.junit.AutoTests" name="[58] /home/travis/build/icyphy/ptII/ptolemy/domains/continuous/test/auto/FurutaPendulum.xml (RunModel)" time="2.979" />
  <testcase classname="ptolemy.util.test.junit.AutoTests" name="[59] /home/travis/build/icyphy/ptII/ptolemy/domains/continuous/test/auto/HierarchicalExecution.xml (RunModel)" time="1.68" />
  <testcase classname="ptolemy.util.test.junit.AutoTests" name="[60] /home/travis/build/icyphy/ptII/ptolemy/domains/continuous/test/auto/HybridPlant.xml (RunModel)" time="0.55" />
  <testcase classname="ptolemy.util.test.junit.AutoTests" name="[61] /home/travis/build/icyphy/ptII/ptolemy/domains/continuous/test/auto/Hysteresis.xml (RunModel)" time="0.182" />
  <testcase classname="ptolemy.util.test.junit.AutoTests" name="[62] /home/travis/build/icyphy/ptII/ptolemy/domains/continuous/test/auto/HysteresisWithRandomDelay.xml (RunModel)" time="0.215" />
  <testcase classname="ptolemy.util.test.junit.AutoTests" name="[63] /home/travis/build/icyphy/ptII/ptolemy/domains/continuous/test/auto/HysteresisWithRandomLosses.xml (RunModel)" time="2.237" />
  <testcase classname="ptolemy.util.test.junit.AutoTests" name="[64] /home/travis/build/icyphy/ptII/ptolemy/domains/continuous/test/auto/ImmediateTransitions.xml (RunModel)" time="0.042" />
  <testcase classname="ptolemy.util.test.junit.AutoTests" name="[65] /home/travis/build/icyphy/ptII/ptolemy/domains/continuous/test/auto/ImpulseFeedback.xml (RunModel)" time="0.016" />
  <testcase classname="ptolemy.util.test.junit.AutoTests" name="[66] /home/travis/build/icyphy/ptII/ptolemy/domains/continuous/test/auto/ImpulseFeedback2.xml (RunModel)" time="0.014" />
  <testcase classname="ptolemy.util.test.junit.AutoTests" name="[67] /home/travis/build/icyphy/ptII/ptolemy/domains/continuous/test/auto/IncreasingRatePoisson.xml (RunModel)" time="0.626" />
  <testcase classname="ptolemy.util.test.junit.AutoTests" name="[68] /home/travis/build/icyphy/ptII/ptolemy/domains/continuous/test/auto/InitialStateFeedback.xml (RunModel)" time="0.015" />
  <testcase classname="ptolemy.util.test.junit.AutoTests" name="[69] /home/travis/build/icyphy/ptII/ptolemy/domains/continuous/test/auto/Integration.xml (RunModel)" time="0.008" />
  <testcase classname="ptolemy.util.test.junit.AutoTests" name="[70] /home/travis/build/icyphy/ptII/ptolemy/domains/continuous/test/auto/Integration2.xml (RunModel)" time="0.072" />
  <testcase classname="ptolemy.util.test.junit.AutoTests" name="[71] /home/travis/build/icyphy/ptII/ptolemy/domains/continuous/test/auto/Integration3.xml (RunModel)" time="0.011" />
  <testcase classname="ptolemy.util.test.junit.AutoTests" name="[72] /home/travis/build/icyphy/ptII/ptolemy/domains/continuous/test/auto/Integration5.xml (RunModel)" time="0.009" />
  <testcase classname="ptolemy.util.test.junit.AutoTests" name="[73] /home/travis/build/icyphy/ptII/ptolemy/domains/continuous/test/auto/IntegratorImpulse.xml (RunModel)" time="0.009" />
  <testcase classname="ptolemy.util.test.junit.AutoTests" name="[74] /home/travis/build/icyphy/ptII/ptolemy/domains/continuous/test/auto/IntegratorImpulse2.xml (RunModel)" time="0.01" />
  <testcase classname="ptolemy.util.test.junit.AutoTests" name="[75] /home/travis/build/icyphy/ptII/ptolemy/domains/continuous/test/auto/LevelCrossing1.xml (RunModel)" time="0.01" />
  <testcase classname="ptolemy.util.test.junit.AutoTests" name="[76] /home/travis/build/icyphy/ptII/ptolemy/domains/continuous/test/auto/LevelCrossing2.xml (RunModel)" time="0.011" />
  <testcase classname="ptolemy.util.test.junit.AutoTests" name="[77] /home/travis/build/icyphy/ptII/ptolemy/domains/continuous/test/auto/LevelCrossing3.xml (RunModel)" time="0.011" />
  <testcase classname="ptolemy.util.test.junit.AutoTests" name="[78] /home/travis/build/icyphy/ptII/ptolemy/domains/continuous/test/auto/LevelCrossing4.xml (RunModel)" time="0.011" />
  <testcase classname="ptolemy.util.test.junit.AutoTests" name="[79] /home/travis/build/icyphy/ptII/ptolemy/domains/continuous/test/auto/LevelCrossing5.xml (RunModel)" time="0.013" />
  <testcase classname="ptolemy.util.test.junit.AutoTests" name="[80] /home/travis/build/icyphy/ptII/ptolemy/domains/continuous/test/auto/LevelCrossing6.xml (RunModel)" time="0.012" />
  <testcase classname="ptolemy.util.test.junit.AutoTests" name="[81] /home/travis/build/icyphy/ptII/ptolemy/domains/continuous/test/auto/LevelCrossingDetector.xml (RunModel)" time="0.033" />
  <testcase classname="ptolemy.util.test.junit.AutoTests" name="[82] /home/travis/build/icyphy/ptII/ptolemy/domains/continuous/test/auto/LevelCrossingDetectorDetectingDirections.xml (RunModel)" time="0.079" />
  <testcase classname="ptolemy.util.test.junit.AutoTests" name="[83] /home/travis/build/icyphy/ptII/ptolemy/domains/continuous/test/auto/LevelCrossingDetectorDetectsGlitches.xml (RunModel)" time="0.058" />
  <testcase classname="ptolemy.util.test.junit.AutoTests" name="[84] /home/travis/build/icyphy/ptII/ptolemy/domains/continuous/test/auto/LevelCrossingNoInitialOuput.xml (RunModel)" time="0.012" />
  <testcase classname="ptolemy.util.test.junit.AutoTests" name="[85] /home/travis/build/icyphy/ptII/ptolemy/domains/continuous/test/auto/LinearStateSpaceExample.xml (RunModel)" time="0.072" />
  <testcase classname="ptolemy.util.test.junit.AutoTests" name="[86] /home/travis/build/icyphy/ptII/ptolemy/domains/continuous/test/auto/Lorenz.xml (RunModel)" time="3.095" />
  <testcase classname="ptolemy.util.test.junit.AutoTests" name="[87] /home/travis/build/icyphy/ptII/ptolemy/domains/continuous/test/auto/LorenzDifferentialSystem.xml (RunModel)" time="0.898" />
  <testcase classname="ptolemy.util.test.junit.AutoTests" name="[88] /home/travis/build/icyphy/ptII/ptolemy/domains/continuous/test/auto/LorenzDifferentialSystemWithInput.xml (RunModel)" time="1.083" />
  <testcase classname="ptolemy.util.test.junit.AutoTests" name="[89] /home/travis/build/icyphy/ptII/ptolemy/domains/continuous/test/auto/LorenzDifferentialSystemWithTime.xml (RunModel)" time="0.596" />
  <testcase classname="ptolemy.util.test.junit.AutoTests" name="[90] /home/travis/build/icyphy/ptII/ptolemy/domains/continuous/test/auto/Microsteps.xml (RunModel)" time="0.029" />
  <testcase classname="ptolemy.util.test.junit.AutoTests" name="[91] /home/travis/build/icyphy/ptII/ptolemy/domains/continuous/test/auto/Modal1.xml (RunModel)" time="0.038" />
  <testcase classname="ptolemy.util.test.junit.AutoTests" name="[92] /home/travis/build/icyphy/ptII/ptolemy/domains/continuous/test/auto/Modal2.xml (RunModel)" time="0.044" />
  <testcase classname="ptolemy.util.test.junit.AutoTests" name="[93] /home/travis/build/icyphy/ptII/ptolemy/domains/continuous/test/auto/ModalTransitionGuardWithReset.xml (RunModel)" time="0.026" />
  <testcase classname="ptolemy.util.test.junit.AutoTests" name="[94] /home/travis/build/icyphy/ptII/ptolemy/domains/continuous/test/auto/ModalTransitionGuardWithResetUsingPreemptiveTransition.xml (RunModel)" time="0.032" />
  <testcase classname="ptolemy.util.test.junit.AutoTests" name="[95] /home/travis/build/icyphy/ptII/ptolemy/domains/continuous/test/auto/ModalTransitionGuardWithResetUsingPreemptiveTransition2.xml (RunModel)" time="0.027" />
  <testcase classname="ptolemy.util.test.junit.AutoTests" name="[96] /home/travis/build/icyphy/ptII/ptolemy/domains/continuous/test/auto/ModalTransitionGuardWithResetUsingPreemptiveTransition3.xml (RunModel)" time="0.025" />
  <testcase classname="ptolemy.util.test.junit.AutoTests" name="[97] /home/travis/build/icyphy/ptII/ptolemy/domains/continuous/test/auto/NewtonsCradle.xml (RunModel)" time="0.708" />
  <testcase classname="ptolemy.util.test.junit.AutoTests" name="[98] /home/travis/build/icyphy/ptII/ptolemy/domains/continuous/test/auto/NewtonsCradleAnimated.xml (RunModel)" time="1.213" />
  <testcase classname="ptolemy.util.test.junit.AutoTests" name="[99] /home/travis/build/icyphy/ptII/ptolemy/domains/continuous/test/auto/NewtonsCradleComplicated.xml (RunModel)" time="0.835" />
  <testcase classname="ptolemy.util.test.junit.AutoTests" name="[100] /home/travis/build/icyphy/ptII/ptolemy/domains/continuous/test/auto/NewtonsCradleNondeterministic.xml (RunModel)" time="0.632" />
  <testcase classname="ptolemy.util.test.junit.AutoTests" name="[101] /home/travis/build/icyphy/ptII/ptolemy/domains/continuous/test/auto/NewtonsCradlePerfectlyInelastic1.xml (RunModel)" time="1.13" />
  <testcase classname="ptolemy.util.test.junit.AutoTests" name="[102] /home/travis/build/icyphy/ptII/ptolemy/domains/continuous/test/auto/Noise.xml (RunModel)" time="0.174" />
  <testcase classname="ptolemy.util.test.junit.AutoTests" name="[103] /home/travis/build/icyphy/ptII/ptolemy/domains/continuous/test/auto/NoiseSpectrum.xml (RunModel)" time="0.673" />
  <testcase classname="ptolemy.util.test.junit.AutoTests" name="[104] /home/travis/build/icyphy/ptII/ptolemy/domains/continuous/test/auto/ParameterizedNewtonsCradleAnimated.xml (RunModel)" time="0.323" />
  <testcase classname="ptolemy.util.test.junit.AutoTests" name="[105] /home/travis/build/icyphy/ptII/ptolemy/domains/continuous/test/auto/ParameterizedNewtonsCradleAnimatedNondeterministic.xml (RunModel)" time="1.057" />
  <testcase classname="ptolemy.util.test.junit.AutoTests" name="[106] /home/travis/build/icyphy/ptII/ptolemy/domains/continuous/test/auto/Pendulum3D.xml (RunModel)" time="0.157" />
  <testcase classname="ptolemy.util.test.junit.AutoTests" name="[107] /home/travis/build/icyphy/ptII/ptolemy/domains/continuous/test/auto/PeriodicSampler.xml (RunModel)" time="0.015" />
  <testcase classname="ptolemy.util.test.junit.AutoTests" name="[108] /home/travis/build/icyphy/ptII/ptolemy/domains/continuous/test/auto/PeriodicSampler1.xml (RunModel)" time="0.042" />
  <testcase classname="ptolemy.util.test.junit.AutoTests" name="[109] /home/travis/build/icyphy/ptII/ptolemy/domains/continuous/test/auto/PeriodicSampler2.xml (RunModel)" time="0.07" />
  <testcase classname="ptolemy.util.test.junit.AutoTests" name="[110] /home/travis/build/icyphy/ptII/ptolemy/domains/continuous/test/auto/Poisson.xml (RunModel)" time="0.454" />
  <testcase classname="ptolemy.util.test.junit.AutoTests" name="[111] /home/travis/build/icyphy/ptII/ptolemy/domains/continuous/test/auto/PoissonClock.xml (RunModel)" time="0.016" />
  <testcase classname="ptolemy.util.test.junit.AutoTests" name="[112] /home/travis/build/icyphy/ptII/ptolemy/domains/continuous/test/auto/PoissonClock2.xml (RunModel)" time="0.012" />
  <testcase classname="ptolemy.util.test.junit.AutoTests" name="[113] /home/travis/build/icyphy/ptII/ptolemy/domains/continuous/test/auto/PortParameterHierarchy.xml (RunModel)" time="0.024" />
  <testcase classname="ptolemy.util.test.junit.AutoTests" name="[114] /home/travis/build/icyphy/ptII/ptolemy/domains/continuous/test/auto/RandomHybridPlant.xml (RunModel)" time="0.515" />
  <testcase classname="ptolemy.util.test.junit.AutoTests" name="[115] /home/travis/build/icyphy/ptII/ptolemy/domains/continuous/test/auto/ResetTransitionWithStartTime1.xml (RunModel)" time="0.027" />
  <testcase classname="ptolemy.util.test.junit.AutoTests" name="[116] /home/travis/build/icyphy/ptII/ptolemy/domains/continuous/test/auto/ResetTransitionWithStartTime2.xml (RunModel)" time="0.038" />
  <testcase classname="ptolemy.util.test.junit.AutoTests" name="[117] /home/travis/build/icyphy/ptII/ptolemy/domains/continuous/test/auto/ResetTransitionWithStartTime3.xml (RunModel)" time="0.036" />
  <testcase classname="ptolemy.util.test.junit.AutoTests" name="[118] /home/travis/build/icyphy/ptII/ptolemy/domains/continuous/test/auto/ResetTransitionWithStartTime4.xml (RunModel)" time="0.028" />
  <testcase classname="ptolemy.util.test.junit.AutoTests" name="[119] /home/travis/build/icyphy/ptII/ptolemy/domains/continuous/test/auto/ResetTransitionWithStartTime5.xml (RunModel)" time="0.042" />
  <testcase classname="ptolemy.util.test.junit.AutoTests" name="[120] /home/travis/build/icyphy/ptII/ptolemy/domains/continuous/test/auto/ResetTransitionWithStartTime6.xml (RunModel)" time="0.028" />
  <testcase classname="ptolemy.util.test.junit.AutoTests" name="[121] /home/travis/build/icyphy/ptII/ptolemy/domains/continuous/test/auto/SRinContinuous.xml (RunModel)" time="0.023" />
  <testcase classname="ptolemy.util.test.junit.AutoTests" name="[122] /home/travis/build/icyphy/ptII/ptolemy/domains/continuous/test/auto/SampledClocks.xml (RunModel)" time="0.039" />
  <testcase classname="ptolemy.util.test.junit.AutoTests" name="[123] /home/travis/build/icyphy/ptII/ptolemy/domains/continuous/test/auto/Satellite.xml (RunModel)" time="0.599" />
  <testcase classname="ptolemy.util.test.junit.AutoTests" name="[124] /home/travis/build/icyphy/ptII/ptolemy/domains/continuous/test/auto/SigmaDelta.xml (RunModel)" time="2.068" />
  <testcase classname="ptolemy.util.test.junit.AutoTests" name="[125] /home/travis/build/icyphy/ptII/ptolemy/domains/continuous/test/auto/SingleRefinement.xml (RunModel)" time="0.495" />
  <testcase classname="ptolemy.util.test.junit.AutoTests" name="[126] /home/travis/build/icyphy/ptII/ptolemy/domains/continuous/test/auto/SinuBouncingBall.xml (RunModel)" time="0.755" />
  <testcase classname="ptolemy.util.test.junit.AutoTests" name="[127] /home/travis/build/icyphy/ptII/ptolemy/domains/continuous/test/auto/Sinusoid.xml (RunModel)" time="0.017" />
  <testcase classname="ptolemy.util.test.junit.AutoTests" name="[128] /home/travis/build/icyphy/ptII/ptolemy/domains/continuous/test/auto/SinusoidInNoise.xml (RunModel)" time="0.814" />
  <testcase classname="ptolemy.util.test.junit.AutoTests" name="[129] /home/travis/build/icyphy/ptII/ptolemy/domains/continuous/test/auto/SinusoidRK45.xml (RunModel)" time="0.013" />
  <testcase classname="ptolemy.util.test.junit.AutoTests" name="[130] /home/travis/build/icyphy/ptII/ptolemy/domains/continuous/test/auto/SinusoidWithMultipleImpulses.xml (RunModel)" time="0.01" />
  <testcase classname="ptolemy.util.test.junit.AutoTests" name="[131] /home/travis/build/icyphy/ptII/ptolemy/domains/continuous/test/auto/SquareWave.xml (RunModel)" time="0.171" />
  <testcase classname="ptolemy.util.test.junit.AutoTests" name="[132] /home/travis/build/icyphy/ptII/ptolemy/domains/continuous/test/auto/Starmac.xml (RunModel)" time="3.356" />
  <testcase classname="ptolemy.util.test.junit.AutoTests" name="[133] /home/travis/build/icyphy/ptII/ptolemy/domains/continuous/test/auto/StaticUnits.xml (RunModel)" time="2.279" />
  <testcase classname="ptolemy.util.test.junit.AutoTests" name="[134] /home/travis/build/icyphy/ptII/ptolemy/domains/continuous/test/auto/StickyMasses.xml (RunModel)" time="0.188" />
  <testcase classname="ptolemy.util.test.junit.AutoTests" name="[135] /home/travis/build/icyphy/ptII/ptolemy/domains/continuous/test/auto/StopTime.xml (RunModel)" time="0.057" />
  <testcase classname="ptolemy.util.test.junit.AutoTests" name="[136] /home/travis/build/icyphy/ptII/ptolemy/domains/continuous/test/auto/StopTime2.xml (RunModel)" time="0.056" />
  <testcase classname="ptolemy.util.test.junit.AutoTests" name="[137] /home/travis/build/icyphy/ptII/ptolemy/domains/continuous/test/auto/Switch.xml (RunModel)" time="0.057" />
  <testcase classname="ptolemy.util.test.junit.AutoTests" name="[138] /home/travis/build/icyphy/ptII/ptolemy/domains/continuous/test/auto/Thermostat.xml (RunModel)" time="0.191" />
  <testcase classname="ptolemy.util.test.junit.AutoTests" name="[139] /home/travis/build/icyphy/ptII/ptolemy/domains/continuous/test/auto/TimeDelay.xml (RunModel)" time="0.013" />
  <testcase classname="ptolemy.util.test.junit.AutoTests" name="[140] /home/travis/build/icyphy/ptII/ptolemy/domains/continuous/test/auto/TimeDelay2.xml (RunModel)" time="0.026" />
  <testcase classname="ptolemy.util.test.junit.AutoTests" name="[141] /home/travis/build/icyphy/ptII/ptolemy/domains/continuous/test/auto/TimeDelay3.xml (RunModel)" time="0.012" />
  <testcase classname="ptolemy.util.test.junit.AutoTests" name="[142] /home/travis/build/icyphy/ptII/ptolemy/domains/continuous/test/auto/TransferAbsentToInside.xml (RunModel)" time="0.101" />
  <testcase classname="ptolemy.util.test.junit.AutoTests" name="[143] /home/travis/build/icyphy/ptII/ptolemy/domains/continuous/test/auto/Transmission.xml (RunModel)" time="0.745" />
  <testcase classname="ptolemy.util.test.junit.AutoTests" name="[144] /home/travis/build/icyphy/ptII/ptolemy/domains/continuous/test/auto/TriggeredContinuousClock.xml (RunModel)" time="0.063" />
  <testcase classname="ptolemy.util.test.junit.AutoTests" name="[145] /home/travis/build/icyphy/ptII/ptolemy/domains/continuous/test/auto/TwoMachineInfiniteBusControl.xml (RunModel)" time="2.422" />
  <testcase classname="ptolemy.util.test.junit.AutoTests" name="[146] /home/travis/build/icyphy/ptII/ptolemy/domains/continuous/test/auto/V2V.xml (RunModel)" time="0.858" />
  <testcase classname="ptolemy.util.test.junit.AutoTests" name="[147] /home/travis/build/icyphy/ptII/ptolemy/domains/continuous/test/auto/hierarchicalModalModel.xml (RunModel)" time="0.029" />
  <testcase classname="ptolemy.util.test.junit.AutoTests" name="[148] /home/travis/build/icyphy/ptII/ptolemy/domains/continuous/test/auto/hierarchicalModalModel1.xml (RunModel)" time="0.029" />
  <testcase classname="ptolemy.util.test.junit.AutoTests" name="[149] /home/travis/build/icyphy/ptII/ptolemy/domains/continuous/test/auto/hierarchicalModalModel2.xml (RunModel)" time="0.024" />
  <testcase classname="ptolemy.util.test.junit.AutoTests" name="[150] /home/travis/build/icyphy/ptII/ptolemy/domains/continuous/test/auto/hierarchicalModalModel3.xml (RunModel)" time="0.025" />
  <testcase classname="ptolemy.util.test.junit.AutoTests" name="[151] /home/travis/build/icyphy/ptII/ptolemy/domains/continuous/test/auto/hierarchicalModalModel4.xml (RunModel)" time="0.023" />
  <testcase classname="ptolemy.util.test.junit.AutoTests" name="[152] /home/travis/build/icyphy/ptII/ptolemy/domains/continuous/test/auto/junk.xml (RunModel)" time="0.145" />
  <system-out><![CDATA[No tcl tests in /home/travis/build/icyphy/ptII/ptolemy/domains/continuous/test
No auto/knownFailedTests/*.xml tests in /home/travis/build/icyphy/ptII/ptolemy/domains/continuous/test
No auto/linux-amd64/*.xml tests in /home/travis/build/icyphy/ptII/ptolemy/domains/continuous/test
AutoTests.java: About to close Vertx.
AutoTests.java: Vertx closed.

===========================================================================================
----------------- testing Sun Sep 20 15:43:18 UTC 2020 /home/travis/build/icyphy/ptII/ptolemy/domains/continuous/test/auto/BouncingBall.xml
----------------- Instantiating /home/travis/build/icyphy/ptII/ptolemy/domains/continuous/test/auto/BouncingBall.xml
2266 ms. Memory: 163840K Free: 99631K (61%)
----------------- Invoking toplevel() on ptolemy.moml.MoMLSimpleApplication@624221d1
----------------- Done invoking toplevel() on ptolemy.moml.MoMLSimpleApplication@624221d1
reloadAllAccessors: .BouncingBall

===========================================================================================
----------------- testing Sun Sep 20 15:43:21 UTC 2020 /home/travis/build/icyphy/ptII/ptolemy/domains/continuous/test/auto/BouncingBallWithoutGR.xml
----------------- Instantiating /home/travis/build/icyphy/ptII/ptolemy/domains/continuous/test/auto/BouncingBallWithoutGR.xml
644 ms. Memory: 163840K Free: 111389K (68%)
----------------- Invoking toplevel() on ptolemy.moml.MoMLSimpleApplication@14f5a27b
----------------- Done invoking toplevel() on ptolemy.moml.MoMLSimpleApplication@14f5a27b
reloadAllAccessors: .BouncingBallWithoutGR

===========================================================================================
----------------- testing Sun Sep 20 15:43:21 UTC 2020 /home/travis/build/icyphy/ptII/ptolemy/domains/continuous/test/auto/Brownian.xml
----------------- Instantiating /home/travis/build/icyphy/ptII/ptolemy/domains/continuous/test/auto/Brownian.xml
29 ms. Memory: 163840K Free: 102683K (63%)
----------------- Invoking toplevel() on ptolemy.moml.MoMLSimpleApplication@3ba66cbc
----------------- Done invoking toplevel() on ptolemy.moml.MoMLSimpleApplication@3ba66cbc
reloadAllAccessors: .Brownian

===========================================================================================
----------------- testing Sun Sep 20 15:43:21 UTC 2020 /home/travis/build/icyphy/ptII/ptolemy/domains/continuous/test/auto/CarTracking.xml
----------------- Instantiating /home/travis/build/icyphy/ptII/ptolemy/domains/continuous/test/auto/CarTracking.xml
3702 ms. Memory: 236544K Free: 194946K (82%)
----------------- Invoking toplevel() on ptolemy.moml.MoMLSimpleApplication@d34db8
----------------- Done invoking toplevel() on ptolemy.moml.MoMLSimpleApplication@d34db8
reloadAllAccessors: .CarTracking

===========================================================================================
----------------- testing Sun Sep 20 15:43:26 UTC 2020 /home/travis/build/icyphy/ptII/ptolemy/domains/continuous/test/auto/CartPendulum.xml
----------------- Instantiating /home/travis/build/icyphy/ptII/ptolemy/domains/continuous/test/auto/CartPendulum.xml
452 ms. Memory: 236544K Free: 106386K (45%)
----------------- Invoking toplevel() on ptolemy.moml.MoMLSimpleApplication@78804be
----------------- Done invoking toplevel() on ptolemy.moml.MoMLSimpleApplication@78804be
reloadAllAccessors: .CartPendulum

===========================================================================================
----------------- testing Sun Sep 20 15:43:26 UTC 2020 /home/travis/build/icyphy/ptII/ptolemy/domains/continuous/test/auto/CausalityInterface10.xml
----------------- Instantiating /home/travis/build/icyphy/ptII/ptolemy/domains/continuous/test/auto/CausalityInterface10.xml
16 ms. Memory: 236544K Free: 96146K (41%)
----------------- Invoking toplevel() on ptolemy.moml.MoMLSimpleApplication@23f2adb6
----------------- Done invoking toplevel() on ptolemy.moml.MoMLSimpleApplication@23f2adb6
reloadAllAccessors: .CausalityInterface10

===========================================================================================
----------------- testing Sun Sep 20 15:43:26 UTC 2020 /home/travis/build/icyphy/ptII/ptolemy/domains/continuous/test/auto/CausalityInterface11.xml
----------------- Instantiating /home/travis/build/icyphy/ptII/ptolemy/domains/continuous/test/auto/CausalityInterface11.xml
9 ms. Memory: 236544K Free: 90002K (38%)
----------------- Invoking toplevel() on ptolemy.moml.MoMLSimpleApplication@226bf12d
----------------- Done invoking toplevel() on ptolemy.moml.MoMLSimpleApplication@226bf12d
reloadAllAccessors: .CausalityInterface11

===========================================================================================
----------------- testing Sun Sep 20 15:43:26 UTC 2020 /home/travis/build/icyphy/ptII/ptolemy/domains/continuous/test/auto/CausalityInterface12.xml
----------------- Instantiating /home/travis/build/icyphy/ptII/ptolemy/domains/continuous/test/auto/CausalityInterface12.xml
5 ms. Memory: 236544K Free: 83858K (35%)
----------------- Invoking toplevel() on ptolemy.moml.MoMLSimpleApplication@2a50bb8d
----------------- Done invoking toplevel() on ptolemy.moml.MoMLSimpleApplication@2a50bb8d
reloadAllAccessors: .CausalityInterface12

===========================================================================================
----------------- testing Sun Sep 20 15:43:27 UTC 2020 /home/travis/build/icyphy/ptII/ptolemy/domains/continuous/test/auto/CausalityInterface13.xml
----------------- Instantiating /home/travis/build/icyphy/ptII/ptolemy/domains/continuous/test/auto/CausalityInterface13.xml
8 ms. Memory: 236544K Free: 216616K (92%)
----------------- Invoking toplevel() on ptolemy.moml.MoMLSimpleApplication@56e712ea
----------------- Done invoking toplevel() on ptolemy.moml.MoMLSimpleApplication@56e712ea
reloadAllAccessors: .CausalityInterface13

===========================================================================================
----------------- testing Sun Sep 20 15:43:27 UTC 2020 /home/travis/build/icyphy/ptII/ptolemy/domains/continuous/test/auto/CausalityInterface14.xml
----------------- Instantiating /home/travis/build/icyphy/ptII/ptolemy/domains/continuous/test/auto/CausalityInterface14.xml
4 ms. Memory: 236544K Free: 210984K (89%)
----------------- Invoking toplevel() on ptolemy.moml.MoMLSimpleApplication@58de4af2
----------------- Done invoking toplevel() on ptolemy.moml.MoMLSimpleApplication@58de4af2
reloadAllAccessors: .CausalityInterface14

===========================================================================================
----------------- testing Sun Sep 20 15:43:27 UTC 2020 /home/travis/build/icyphy/ptII/ptolemy/domains/continuous/test/auto/CausalityInterface4.xml
----------------- Instantiating /home/travis/build/icyphy/ptII/ptolemy/domains/continuous/test/auto/CausalityInterface4.xml
5 ms. Memory: 236544K Free: 203802K (86%)
----------------- Invoking toplevel() on ptolemy.moml.MoMLSimpleApplication@3c1f2dfd
----------------- Done invoking toplevel() on ptolemy.moml.MoMLSimpleApplication@3c1f2dfd
reloadAllAccessors: .CausalityInterface4

===========================================================================================
----------------- testing Sun Sep 20 15:43:27 UTC 2020 /home/travis/build/icyphy/ptII/ptolemy/domains/continuous/test/auto/CausalityInterface5.xml
----------------- Instantiating /home/travis/build/icyphy/ptII/ptolemy/domains/continuous/test/auto/CausalityInterface5.xml
13 ms. Memory: 236544K Free: 195624K (83%)
----------------- Invoking toplevel() on ptolemy.moml.MoMLSimpleApplication@4bb21add
----------------- Done invoking toplevel() on ptolemy.moml.MoMLSimpleApplication@4bb21add
reloadAllAccessors: .CausalityInterface5

===========================================================================================
----------------- testing Sun Sep 20 15:43:27 UTC 2020 /home/travis/build/icyphy/ptII/ptolemy/domains/continuous/test/auto/CausalityInterface6.xml
----------------- Instantiating /home/travis/build/icyphy/ptII/ptolemy/domains/continuous/test/auto/CausalityInterface6.xml
5 ms. Memory: 236544K Free: 189994K (80%)
----------------- Invoking toplevel() on ptolemy.moml.MoMLSimpleApplication@24cbe97e
----------------- Done invoking toplevel() on ptolemy.moml.MoMLSimpleApplication@24cbe97e
reloadAllAccessors: .CausalityInterface6

===========================================================================================
----------------- testing Sun Sep 20 15:43:27 UTC 2020 /home/travis/build/icyphy/ptII/ptolemy/domains/continuous/test/auto/CausalityInterface7.xml
----------------- Instantiating /home/travis/build/icyphy/ptII/ptolemy/domains/continuous/test/auto/CausalityInterface7.xml
11 ms. Memory: 236544K Free: 181288K (77%)
----------------- Invoking toplevel() on ptolemy.moml.MoMLSimpleApplication@4de1ebf5
----------------- Done invoking toplevel() on ptolemy.moml.MoMLSimpleApplication@4de1ebf5
reloadAllAccessors: .CausalityInterface7

===========================================================================================
----------------- testing Sun Sep 20 15:43:27 UTC 2020 /home/travis/build/icyphy/ptII/ptolemy/domains/continuous/test/auto/CausalityInterface8.xml
----------------- Instantiating /home/travis/build/icyphy/ptII/ptolemy/domains/continuous/test/auto/CausalityInterface8.xml
8 ms. Memory: 236544K Free: 172072K (73%)
----------------- Invoking toplevel() on ptolemy.moml.MoMLSimpleApplication@f894036
----------------- Done invoking toplevel() on ptolemy.moml.MoMLSimpleApplication@f894036
reloadAllAccessors: .CausalityInterface8

===========================================================================================
----------------- testing Sun Sep 20 15:43:27 UTC 2020 /home/travis/build/icyphy/ptII/ptolemy/domains/continuous/test/auto/CausalityInterface9.xml
----------------- Instantiating /home/travis/build/icyphy/ptII/ptolemy/domains/continuous/test/auto/CausalityInterface9.xml
9 ms. Memory: 236544K Free: 161320K (68%)
----------------- Invoking toplevel() on ptolemy.moml.MoMLSimpleApplication@24db066
----------------- Done invoking toplevel() on ptolemy.moml.MoMLSimpleApplication@24db066
reloadAllAccessors: .CausalityInterface9

===========================================================================================
----------------- testing Sun Sep 20 15:43:27 UTC 2020 /home/travis/build/icyphy/ptII/ptolemy/domains/continuous/test/auto/CausalityInterfaceFeedback1.xml
----------------- Instantiating /home/travis/build/icyphy/ptII/ptolemy/domains/continuous/test/auto/CausalityInterfaceFeedback1.xml
6 ms. Memory: 236544K Free: 154650K (65%)
----------------- Invoking toplevel() on ptolemy.moml.MoMLSimpleApplication@7ea5ff45
----------------- Done invoking toplevel() on ptolemy.moml.MoMLSimpleApplication@7ea5ff45
reloadAllAccessors: .CausalityInterfaceFeedback1

===========================================================================================
----------------- testing Sun Sep 20 15:43:27 UTC 2020 /home/travis/build/icyphy/ptII/ptolemy/domains/continuous/test/auto/CausalityInterfaceFeedback2.xml
----------------- Instantiating /home/travis/build/icyphy/ptII/ptolemy/domains/continuous/test/auto/CausalityInterfaceFeedback2.xml
5 ms. Memory: 236544K Free: 148506K (63%)
----------------- Invoking toplevel() on ptolemy.moml.MoMLSimpleApplication@12f524c2
----------------- Done invoking toplevel() on ptolemy.moml.MoMLSimpleApplication@12f524c2
reloadAllAccessors: .CausalityInterfaceFeedback2

===========================================================================================
----------------- testing Sun Sep 20 15:43:27 UTC 2020 /home/travis/build/icyphy/ptII/ptolemy/domains/continuous/test/auto/CompareWithCurrentTime.xml
----------------- Instantiating /home/travis/build/icyphy/ptII/ptolemy/domains/continuous/test/auto/CompareWithCurrentTime.xml
4 ms. Memory: 236544K Free: 144424K (61%)
----------------- Invoking toplevel() on ptolemy.moml.MoMLSimpleApplication@6e6627d1
----------------- Done invoking toplevel() on ptolemy.moml.MoMLSimpleApplication@6e6627d1
reloadAllAccessors: .CompareWithCurrentTime

===========================================================================================
----------------- testing Sun Sep 20 15:43:27 UTC 2020 /home/travis/build/icyphy/ptII/ptolemy/domains/continuous/test/auto/ComparedClocks.xml
----------------- Instantiating /home/travis/build/icyphy/ptII/ptolemy/domains/continuous/test/auto/ComparedClocks.xml
8 ms. Memory: 236544K Free: 129050K (55%)
----------------- Invoking toplevel() on ptolemy.moml.MoMLSimpleApplication@60e12078
----------------- Done invoking toplevel() on ptolemy.moml.MoMLSimpleApplication@60e12078
reloadAllAccessors: .ComparedClocks

===========================================================================================
----------------- testing Sun Sep 20 15:43:27 UTC 2020 /home/travis/build/icyphy/ptII/ptolemy/domains/continuous/test/auto/ContinuousAOCClone.xml
----------------- Instantiating /home/travis/build/icyphy/ptII/ptolemy/domains/continuous/test/auto/ContinuousAOCClone.xml
2249 ms. Memory: 284672K Free: 209739K (74%)
----------------- Invoking toplevel() on ptolemy.moml.MoMLSimpleApplication@31129e76
----------------- Done invoking toplevel() on ptolemy.moml.MoMLSimpleApplication@31129e76
reloadAllAccessors: .ContinuousAOCClone

===========================================================================================
----------------- testing Sun Sep 20 15:43:30 UTC 2020 /home/travis/build/icyphy/ptII/ptolemy/domains/continuous/test/auto/ContinuousClock.xml
----------------- Instantiating /home/travis/build/icyphy/ptII/ptolemy/domains/continuous/test/auto/ContinuousClock.xml
29 ms. Memory: 284672K Free: 187721K (66%)
----------------- Invoking toplevel() on ptolemy.moml.MoMLSimpleApplication@5d6b9ec2
----------------- Done invoking toplevel() on ptolemy.moml.MoMLSimpleApplication@5d6b9ec2
reloadAllAccessors: .ContinuousClock

===========================================================================================
----------------- testing Sun Sep 20 15:43:30 UTC 2020 /home/travis/build/icyphy/ptII/ptolemy/domains/continuous/test/auto/ContinuousInContinuous.xml
----------------- Instantiating /home/travis/build/icyphy/ptII/ptolemy/domains/continuous/test/auto/ContinuousInContinuous.xml
43 ms. Memory: 284672K Free: 164169K (58%)
----------------- Invoking toplevel() on ptolemy.moml.MoMLSimpleApplication@13f1c4e6
----------------- Done invoking toplevel() on ptolemy.moml.MoMLSimpleApplication@13f1c4e6
reloadAllAccessors: .ContinuousInContinuous

===========================================================================================
----------------- testing Sun Sep 20 15:43:30 UTC 2020 /home/travis/build/icyphy/ptII/ptolemy/domains/continuous/test/auto/ContinuousInContinuousInContinuous.xml
----------------- Instantiating /home/travis/build/icyphy/ptII/ptolemy/domains/continuous/test/auto/ContinuousInContinuousInContinuous.xml
7 ms. Memory: 284672K Free: 156491K (55%)
----------------- Invoking toplevel() on ptolemy.moml.MoMLSimpleApplication@2ab45c7c
----------------- Done invoking toplevel() on ptolemy.moml.MoMLSimpleApplication@2ab45c7c
reloadAllAccessors: .ContinuousInContinuousInContinuous

===========================================================================================
----------------- testing Sun Sep 20 15:43:30 UTC 2020 /home/travis/build/icyphy/ptII/ptolemy/domains/continuous/test/auto/ContinuousInDE.xml
----------------- Instantiating /home/travis/build/icyphy/ptII/ptolemy/domains/continuous/test/auto/ContinuousInDE.xml
84 ms. Memory: 284672K Free: 145737K (51%)
----------------- Invoking toplevel() on ptolemy.moml.MoMLSimpleApplication@6715d097
----------------- Done invoking toplevel() on ptolemy.moml.MoMLSimpleApplication@6715d097
reloadAllAccessors: .ContinuousInDE

===========================================================================================
----------------- testing Sun Sep 20 15:43:30 UTC 2020 /home/travis/build/icyphy/ptII/ptolemy/domains/continuous/test/auto/ContinuousInDE2.xml
----------------- Instantiating /home/travis/build/icyphy/ptII/ptolemy/domains/continuous/test/auto/ContinuousInDE2.xml
32 ms. Memory: 284672K Free: 136011K (48%)
----------------- Invoking toplevel() on ptolemy.moml.MoMLSimpleApplication@a75a8ef
----------------- Done invoking toplevel() on ptolemy.moml.MoMLSimpleApplication@a75a8ef
reloadAllAccessors: .ContinuousInDE2

===========================================================================================
----------------- testing Sun Sep 20 15:43:30 UTC 2020 /home/travis/build/icyphy/ptII/ptolemy/domains/continuous/test/auto/ContinuousInDE3.xml
----------------- Instantiating /home/travis/build/icyphy/ptII/ptolemy/domains/continuous/test/auto/ContinuousInDE3.xml
32 ms. Memory: 284672K Free: 126281K (44%)
----------------- Invoking toplevel() on ptolemy.moml.MoMLSimpleApplication@1ed349b0
----------------- Done invoking toplevel() on ptolemy.moml.MoMLSimpleApplication@1ed349b0
reloadAllAccessors: .ContinuousInDE3

===========================================================================================
----------------- testing Sun Sep 20 15:43:30 UTC 2020 /home/travis/build/icyphy/ptII/ptolemy/domains/continuous/test/auto/ContinuousInDE4.xml
----------------- Instantiating /home/travis/build/icyphy/ptII/ptolemy/domains/continuous/test/auto/ContinuousInDE4.xml
19 ms. Memory: 284672K Free: 120137K (42%)
----------------- Invoking toplevel() on ptolemy.moml.MoMLSimpleApplication@56b14147
----------------- Done invoking toplevel() on ptolemy.moml.MoMLSimpleApplication@56b14147
reloadAllAccessors: .ContinuousInDE4

===========================================================================================
----------------- testing Sun Sep 20 15:43:30 UTC 2020 /home/travis/build/icyphy/ptII/ptolemy/domains/continuous/test/auto/ContinuousInDEDifferentRefinements.xml
----------------- Instantiating /home/travis/build/icyphy/ptII/ptolemy/domains/continuous/test/auto/ContinuousInDEDifferentRefinements.xml
60 ms. Memory: 284672K Free: 257184K (90%)
----------------- Invoking toplevel() on ptolemy.moml.MoMLSimpleApplication@4013c252
----------------- Done invoking toplevel() on ptolemy.moml.MoMLSimpleApplication@4013c252
reloadAllAccessors: .ContinuousInDEDifferentRefinements

===========================================================================================
----------------- testing Sun Sep 20 15:43:30 UTC 2020 /home/travis/build/icyphy/ptII/ptolemy/domains/continuous/test/auto/ContinuousInDEDifferentRefinementsPreemptive.xml
----------------- Instantiating /home/travis/build/icyphy/ptII/ptolemy/domains/continuous/test/auto/ContinuousInDEDifferentRefinementsPreemptive.xml
43 ms. Memory: 284672K Free: 225606K (79%)
----------------- Invoking toplevel() on ptolemy.moml.MoMLSimpleApplication@5b283286
----------------- Done invoking toplevel() on ptolemy.moml.MoMLSimpleApplication@5b283286
reloadAllAccessors: .ContinuousInDEDifferentRefinementsPreemptive

===========================================================================================
----------------- testing Sun Sep 20 15:43:30 UTC 2020 /home/travis/build/icyphy/ptII/ptolemy/domains/continuous/test/auto/ContinuousInDEInContinuous2.xml
----------------- Instantiating /home/travis/build/icyphy/ptII/ptolemy/domains/continuous/test/auto/ContinuousInDEInContinuous2.xml
34 ms. Memory: 284672K Free: 214342K (75%)
----------------- Invoking toplevel() on ptolemy.moml.MoMLSimpleApplication@74b07bf4
----------------- Done invoking toplevel() on ptolemy.moml.MoMLSimpleApplication@74b07bf4
reloadAllAccessors: .ContinuousInDEInContinuous2

===========================================================================================
----------------- testing Sun Sep 20 15:43:31 UTC 2020 /home/travis/build/icyphy/ptII/ptolemy/domains/continuous/test/auto/ContinuousInDEInContinuous3.xml
----------------- Instantiating /home/travis/build/icyphy/ptII/ptolemy/domains/continuous/test/auto/ContinuousInDEInContinuous3.xml
35 ms. Memory: 284672K Free: 202054K (71%)
----------------- Invoking toplevel() on ptolemy.moml.MoMLSimpleApplication@514af13d
----------------- Done invoking toplevel() on ptolemy.moml.MoMLSimpleApplication@514af13d
reloadAllAccessors: .ContinuousInDEInContinuous3

===========================================================================================
----------------- testing Sun Sep 20 15:43:31 UTC 2020 /home/travis/build/icyphy/ptII/ptolemy/domains/continuous/test/auto/ContinuousInDEInput.xml
----------------- Instantiating /home/travis/build/icyphy/ptII/ptolemy/domains/continuous/test/auto/ContinuousInDEInput.xml
17 ms. Memory: 284672K Free: 194886K (68%)
----------------- Invoking toplevel() on ptolemy.moml.MoMLSimpleApplication@5b12340
----------------- Done invoking toplevel() on ptolemy.moml.MoMLSimpleApplication@5b12340
reloadAllAccessors: .ContinuousInDEInput

===========================================================================================
----------------- testing Sun Sep 20 15:43:31 UTC 2020 /home/travis/build/icyphy/ptII/ptolemy/domains/continuous/test/auto/ContinuousInDEInput2.xml
----------------- Instantiating /home/travis/build/icyphy/ptII/ptolemy/domains/continuous/test/auto/ContinuousInDEInput2.xml
15 ms. Memory: 284672K Free: 187718K (66%)
----------------- Invoking toplevel() on ptolemy.moml.MoMLSimpleApplication@7e4535d6
----------------- Done invoking toplevel() on ptolemy.moml.MoMLSimpleApplication@7e4535d6
reloadAllAccessors: .ContinuousInDEInput2

===========================================================================================
----------------- testing Sun Sep 20 15:43:31 UTC 2020 /home/travis/build/icyphy/ptII/ptolemy/domains/continuous/test/auto/ContinuousInDEInput3.xml
----------------- Instantiating /home/travis/build/icyphy/ptII/ptolemy/domains/continuous/test/auto/ContinuousInDEInput3.xml
14 ms. Memory: 284672K Free: 180550K (63%)
----------------- Invoking toplevel() on ptolemy.moml.MoMLSimpleApplication@3cd07668
----------------- Done invoking toplevel() on ptolemy.moml.MoMLSimpleApplication@3cd07668
reloadAllAccessors: .ContinuousInDEInput3

===========================================================================================
----------------- testing Sun Sep 20 15:43:31 UTC 2020 /home/travis/build/icyphy/ptII/ptolemy/domains/continuous/test/auto/ContinuousInDESharingRefinement.xml
----------------- Instantiating /home/travis/build/icyphy/ptII/ptolemy/domains/continuous/test/auto/ContinuousInDESharingRefinement.xml
139 ms. Memory: 284672K Free: 254421K (89%)
----------------- Invoking toplevel() on ptolemy.moml.MoMLSimpleApplication@3b79d521
----------------- Done invoking toplevel() on ptolemy.moml.MoMLSimpleApplication@3b79d521
reloadAllAccessors: .ContinuousInDESharingRefinement

===========================================================================================
----------------- testing Sun Sep 20 15:43:31 UTC 2020 /home/travis/build/icyphy/ptII/ptolemy/domains/continuous/test/auto/ContinuousInDEwithNoPorts.xml
----------------- Instantiating /home/travis/build/icyphy/ptII/ptolemy/domains/continuous/test/auto/ContinuousInDEwithNoPorts.xml
4 ms. Memory: 284672K Free: 249797K (88%)
----------------- Invoking toplevel() on ptolemy.moml.MoMLSimpleApplication@442b48ca
----------------- Done invoking toplevel() on ptolemy.moml.MoMLSimpleApplication@442b48ca
reloadAllAccessors: .ContinuousInDEwithNoPorts

===========================================================================================
----------------- testing Sun Sep 20 15:43:31 UTC 2020 /home/travis/build/icyphy/ptII/ptolemy/domains/continuous/test/auto/ContinuousInsideDE.xml
----------------- Instantiating /home/travis/build/icyphy/ptII/ptolemy/domains/continuous/test/auto/ContinuousInsideDE.xml
37 ms. Memory: 284672K Free: 238547K (84%)
----------------- Invoking toplevel() on ptolemy.moml.MoMLSimpleApplication@2d0c2fe6
----------------- Done invoking toplevel() on ptolemy.moml.MoMLSimpleApplication@2d0c2fe6
reloadAllAccessors: .ContinuousInsideDE

===========================================================================================
----------------- testing Sun Sep 20 15:43:31 UTC 2020 /home/travis/build/icyphy/ptII/ptolemy/domains/continuous/test/auto/ContinuousMerge1.xml
----------------- Instantiating /home/travis/build/icyphy/ptII/ptolemy/domains/continuous/test/auto/ContinuousMerge1.xml
3 ms. Memory: 284672K Free: 233941K (82%)
----------------- Invoking toplevel() on ptolemy.moml.MoMLSimpleApplication@734e0408
----------------- Done invoking toplevel() on ptolemy.moml.MoMLSimpleApplication@734e0408
reloadAllAccessors: .ContinuousMerge1

===========================================================================================
----------------- testing Sun Sep 20 15:43:31 UTC 2020 /home/travis/build/icyphy/ptII/ptolemy/domains/continuous/test/auto/ContinuousMerge2.xml
----------------- Instantiating /home/travis/build/icyphy/ptII/ptolemy/domains/continuous/test/auto/ContinuousMerge2.xml
13 ms. Memory: 284672K Free: 223187K (78%)
----------------- Invoking toplevel() on ptolemy.moml.MoMLSimpleApplication@cd7610e
----------------- Done invoking toplevel() on ptolemy.moml.MoMLSimpleApplication@cd7610e
reloadAllAccessors: .ContinuousMerge2

===========================================================================================
----------------- testing Sun Sep 20 15:43:31 UTC 2020 /home/travis/build/icyphy/ptII/ptolemy/domains/continuous/test/auto/ContinuousMerge3.xml
----------------- Instantiating /home/travis/build/icyphy/ptII/ptolemy/domains/continuous/test/auto/ContinuousMerge3.xml
42 ms. Memory: 284672K Free: 212437K (75%)
----------------- Invoking toplevel() on ptolemy.moml.MoMLSimpleApplication@4839d02f
----------------- Done invoking toplevel() on ptolemy.moml.MoMLSimpleApplication@4839d02f
reloadAllAccessors: .ContinuousMerge3

===========================================================================================
----------------- testing Sun Sep 20 15:43:31 UTC 2020 /home/travis/build/icyphy/ptII/ptolemy/domains/continuous/test/auto/ContinuousWithinContinuous.xml
----------------- Instantiating /home/travis/build/icyphy/ptII/ptolemy/domains/continuous/test/auto/ContinuousWithinContinuous.xml
32 ms. Memory: 284672K Free: 202707K (71%)
----------------- Invoking toplevel() on ptolemy.moml.MoMLSimpleApplication@4c3d9a97
----------------- Done invoking toplevel() on ptolemy.moml.MoMLSimpleApplication@4c3d9a97
reloadAllAccessors: .ContinuousWithinContinuous

===========================================================================================
----------------- testing Sun Sep 20 15:43:31 UTC 2020 /home/travis/build/icyphy/ptII/ptolemy/domains/continuous/test/auto/ContinuousWithinContinuous2.xml
----------------- Instantiating /home/travis/build/icyphy/ptII/ptolemy/domains/continuous/test/auto/ContinuousWithinContinuous2.xml
57 ms. Memory: 284672K Free: 191443K (67%)
----------------- Invoking toplevel() on ptolemy.moml.MoMLSimpleApplication@574c1cc5
----------------- Done invoking toplevel() on ptolemy.moml.MoMLSimpleApplication@574c1cc5
reloadAllAccessors: .ContinuousWithinContinuous2

===========================================================================================
----------------- testing Sun Sep 20 15:43:31 UTC 2020 /home/travis/build/icyphy/ptII/ptolemy/domains/continuous/test/auto/ContinuousWithinContinuous3.xml
----------------- Instantiating /home/travis/build/icyphy/ptII/ptolemy/domains/continuous/test/auto/ContinuousWithinContinuous3.xml
10 ms. Memory: 284672K Free: 184789K (65%)
----------------- Invoking toplevel() on ptolemy.moml.MoMLSimpleApplication@53eba0b2
----------------- Done invoking toplevel() on ptolemy.moml.MoMLSimpleApplication@53eba0b2
reloadAllAccessors: .ContinuousWithinContinuous3

===========================================================================================
----------------- testing Sun Sep 20 15:43:31 UTC 2020 /home/travis/build/icyphy/ptII/ptolemy/domains/continuous/test/auto/ContinuousWithinContinuous4.xml
----------------- Instantiating /home/travis/build/icyphy/ptII/ptolemy/domains/continuous/test/auto/ContinuousWithinContinuous4.xml
60 ms. Memory: 284672K Free: 172501K (61%)
----------------- Invoking toplevel() on ptolemy.moml.MoMLSimpleApplication@599b2d3d
----------------- Done invoking toplevel() on ptolemy.moml.MoMLSimpleApplication@599b2d3d
reloadAllAccessors: .ContinuousWithinContinuous4

===========================================================================================
----------------- testing Sun Sep 20 15:43:31 UTC 2020 /home/travis/build/icyphy/ptII/ptolemy/domains/continuous/test/auto/ContinuousWithinContinuous5.xml
----------------- Instantiating /home/travis/build/icyphy/ptII/ptolemy/domains/continuous/test/auto/ContinuousWithinContinuous5.xml
11 ms. Memory: 284672K Free: 165333K (58%)
----------------- Invoking toplevel() on ptolemy.moml.MoMLSimpleApplication@2814e023
----------------- Done invoking toplevel() on ptolemy.moml.MoMLSimpleApplication@2814e023
reloadAllAccessors: .ContinuousWithinContinuous5

===========================================================================================
----------------- testing Sun Sep 20 15:43:31 UTC 2020 /home/travis/build/icyphy/ptII/ptolemy/domains/continuous/test/auto/ContinuousWithinContinuous6.xml
----------------- Instantiating /home/travis/build/icyphy/ptII/ptolemy/domains/continuous/test/auto/ContinuousWithinContinuous6.xml
12 ms. Memory: 284672K Free: 158165K (56%)
----------------- Invoking toplevel() on ptolemy.moml.MoMLSimpleApplication@5c9d5acb
----------------- Done invoking toplevel() on ptolemy.moml.MoMLSimpleApplication@5c9d5acb
reloadAllAccessors: .ContinuousWithinContinuous6

===========================================================================================
----------------- testing Sun Sep 20 15:43:31 UTC 2020 /home/travis/build/icyphy/ptII/ptolemy/domains/continuous/test/auto/ContinuousWithinContinuous7.xml
----------------- Instantiating /home/travis/build/icyphy/ptII/ptolemy/domains/continuous/test/auto/ContinuousWithinContinuous7.xml
50 ms. Memory: 284672K Free: 146901K (52%)
----------------- Invoking toplevel() on ptolemy.moml.MoMLSimpleApplication@7d43be47
----------------- Done invoking toplevel() on ptolemy.moml.MoMLSimpleApplication@7d43be47
reloadAllAccessors: .ContinuousWithinContinuous7

===========================================================================================
----------------- testing Sun Sep 20 15:43:31 UTC 2020 /home/travis/build/icyphy/ptII/ptolemy/domains/continuous/test/auto/DCMotor.xml
----------------- Instantiating /home/travis/build/icyphy/ptII/ptolemy/domains/continuous/test/auto/DCMotor.xml
13442 ms. Memory: 284672K Free: 253879K (89%)
----------------- Invoking toplevel() on ptolemy.moml.MoMLSimpleApplication@6832e5
----------------- Done invoking toplevel() on ptolemy.moml.MoMLSimpleApplication@6832e5
reloadAllAccessors: .DCMotor

===========================================================================================
----------------- testing Sun Sep 20 15:43:45 UTC 2020 /home/travis/build/icyphy/ptII/ptolemy/domains/continuous/test/auto/DEInContinuous.xml
----------------- Instantiating /home/travis/build/icyphy/ptII/ptolemy/domains/continuous/test/auto/DEInContinuous.xml
19 ms. Memory: 284672K Free: 247735K (87%)
----------------- Invoking toplevel() on ptolemy.moml.MoMLSimpleApplication@6aa094f
----------------- Done invoking toplevel() on ptolemy.moml.MoMLSimpleApplication@6aa094f
reloadAllAccessors: .DEInContinuous

===========================================================================================
----------------- testing Sun Sep 20 15:43:45 UTC 2020 /home/travis/build/icyphy/ptII/ptolemy/domains/continuous/test/auto/DEinContinuous2.xml
----------------- Instantiating /home/travis/build/icyphy/ptII/ptolemy/domains/continuous/test/auto/DEinContinuous2.xml
9 ms. Memory: 284672K Free: 239543K (84%)
----------------- Invoking toplevel() on ptolemy.moml.MoMLSimpleApplication@69f5991e
----------------- Done invoking toplevel() on ptolemy.moml.MoMLSimpleApplication@69f5991e
reloadAllAccessors: .DEinContinuous2

===========================================================================================
----------------- testing Sun Sep 20 15:43:45 UTC 2020 /home/travis/build/icyphy/ptII/ptolemy/domains/continuous/test/auto/Derivative.xml
----------------- Instantiating /home/travis/build/icyphy/ptII/ptolemy/domains/continuous/test/auto/Derivative.xml
160 ms. Memory: 284672K Free: 209847K (74%)
----------------- Invoking toplevel() on ptolemy.moml.MoMLSimpleApplication@5ba29fc1
----------------- Done invoking toplevel() on ptolemy.moml.MoMLSimpleApplication@5ba29fc1
reloadAllAccessors: .Derivative2

===========================================================================================
----------------- testing Sun Sep 20 15:43:45 UTC 2020 /home/travis/build/icyphy/ptII/ptolemy/domains/continuous/test/auto/Derivative1.xml
----------------- Instantiating /home/travis/build/icyphy/ptII/ptolemy/domains/continuous/test/auto/Derivative1.xml
26 ms. Memory: 284672K Free: 195511K (69%)
----------------- Invoking toplevel() on ptolemy.moml.MoMLSimpleApplication@3d83c552
----------------- Done invoking toplevel() on ptolemy.moml.MoMLSimpleApplication@3d83c552
reloadAllAccessors: .Derivative1

===========================================================================================
----------------- testing Sun Sep 20 15:43:45 UTC 2020 /home/travis/build/icyphy/ptII/ptolemy/domains/continuous/test/auto/DiscreteClock.xml
----------------- Instantiating /home/travis/build/icyphy/ptII/ptolemy/domains/continuous/test/auto/DiscreteClock.xml
5 ms. Memory: 284672K Free: 190391K (67%)
----------------- Invoking toplevel() on ptolemy.moml.MoMLSimpleApplication@1fc40321
----------------- Done invoking toplevel() on ptolemy.moml.MoMLSimpleApplication@1fc40321
reloadAllAccessors: .DiscreteClock

===========================================================================================
----------------- testing Sun Sep 20 15:43:45 UTC 2020 /home/travis/build/icyphy/ptII/ptolemy/domains/continuous/test/auto/EfficiencyCurve.xml
----------------- Instantiating /home/travis/build/icyphy/ptII/ptolemy/domains/continuous/test/auto/EfficiencyCurve.xml
63 ms. Memory: 284672K Free: 181175K (64%)
----------------- Invoking toplevel() on ptolemy.moml.MoMLSimpleApplication@3c5c28e8
----------------- Done invoking toplevel() on ptolemy.moml.MoMLSimpleApplication@3c5c28e8
reloadAllAccessors: .EfficiencyCurve

===========================================================================================
----------------- testing Sun Sep 20 15:43:45 UTC 2020 /home/travis/build/icyphy/ptII/ptolemy/domains/continuous/test/auto/ExponentialResponse.xml
----------------- Instantiating /home/travis/build/icyphy/ptII/ptolemy/domains/continuous/test/auto/ExponentialResponse.xml
113 ms. Memory: 284672K Free: 165301K (58%)
----------------- Invoking toplevel() on ptolemy.moml.MoMLSimpleApplication@1a840d48
----------------- Done invoking toplevel() on ptolemy.moml.MoMLSimpleApplication@1a840d48
reloadAllAccessors: .ExponentialResponse

===========================================================================================
----------------- testing Sun Sep 20 15:43:46 UTC 2020 /home/travis/build/icyphy/ptII/ptolemy/domains/continuous/test/auto/ExponentialResponseRK45.xml
----------------- Instantiating /home/travis/build/icyphy/ptII/ptolemy/domains/continuous/test/auto/ExponentialResponseRK45.xml
24 ms. Memory: 284672K Free: 158647K (56%)
----------------- Invoking toplevel() on ptolemy.moml.MoMLSimpleApplication@14285759
----------------- Done invoking toplevel() on ptolemy.moml.MoMLSimpleApplication@14285759
reloadAllAccessors: .ExponentialResponseRK45

===========================================================================================
----------------- testing Sun Sep 20 15:43:46 UTC 2020 /home/travis/build/icyphy/ptII/ptolemy/domains/continuous/test/auto/Friction.xml
----------------- Instantiating /home/travis/build/icyphy/ptII/ptolemy/domains/continuous/test/auto/Friction.xml
1490 ms. Memory: 284672K Free: 241948K (85%)
----------------- Invoking toplevel() on ptolemy.moml.MoMLSimpleApplication@78fb1a18
----------------- Done invoking toplevel() on ptolemy.moml.MoMLSimpleApplication@78fb1a18
reloadAllAccessors: .Friction

===========================================================================================
----------------- testing Sun Sep 20 15:43:47 UTC 2020 /home/travis/build/icyphy/ptII/ptolemy/domains/continuous/test/auto/FurutaPendulum.xml
----------------- Instantiating /home/travis/build/icyphy/ptII/ptolemy/domains/continuous/test/auto/FurutaPendulum.xml
2796 ms. Memory: 284672K Free: 257893K (91%)
----------------- Invoking toplevel() on ptolemy.moml.MoMLSimpleApplication@6c19a403
----------------- Done invoking toplevel() on ptolemy.moml.MoMLSimpleApplication@6c19a403
reloadAllAccessors: .FurutaPendulum

===========================================================================================
----------------- testing Sun Sep 20 15:43:50 UTC 2020 /home/travis/build/icyphy/ptII/ptolemy/domains/continuous/test/auto/HierarchicalExecution.xml
----------------- Instantiating /home/travis/build/icyphy/ptII/ptolemy/domains/continuous/test/auto/HierarchicalExecution.xml
1333 ms. Memory: 284672K Free: 141978K (50%)
----------------- Invoking toplevel() on ptolemy.moml.MoMLSimpleApplication@6e163db5
----------------- Done invoking toplevel() on ptolemy.moml.MoMLSimpleApplication@6e163db5
reloadAllAccessors: .HierarchicalExecution

===========================================================================================
----------------- testing Sun Sep 20 15:43:52 UTC 2020 /home/travis/build/icyphy/ptII/ptolemy/domains/continuous/test/auto/HybridPlant.xml
----------------- Instantiating /home/travis/build/icyphy/ptII/ptolemy/domains/continuous/test/auto/HybridPlant.xml
488 ms. Memory: 284672K Free: 215327K (76%)
----------------- Invoking toplevel() on ptolemy.moml.MoMLSimpleApplication@61878ba9
----------------- Done invoking toplevel() on ptolemy.moml.MoMLSimpleApplication@61878ba9
reloadAllAccessors: .HybridPlant

===========================================================================================
----------------- testing Sun Sep 20 15:43:52 UTC 2020 /home/travis/build/icyphy/ptII/ptolemy/domains/continuous/test/auto/Hysteresis.xml
----------------- Instantiating /home/travis/build/icyphy/ptII/ptolemy/domains/continuous/test/auto/Hysteresis.xml
142 ms. Memory: 284672K Free: 152855K (54%)
----------------- Invoking toplevel() on ptolemy.moml.MoMLSimpleApplication@6bb6d173
----------------- Done invoking toplevel() on ptolemy.moml.MoMLSimpleApplication@6bb6d173
reloadAllAccessors: .Hysteresis

===========================================================================================
----------------- testing Sun Sep 20 15:43:53 UTC 2020 /home/travis/build/icyphy/ptII/ptolemy/domains/continuous/test/auto/HysteresisWithRandomDelay.xml
----------------- Instantiating /home/travis/build/icyphy/ptII/ptolemy/domains/continuous/test/auto/HysteresisWithRandomDelay.xml
165 ms. Memory: 284672K Free: 249343K (88%)
----------------- Invoking toplevel() on ptolemy.moml.MoMLSimpleApplication@25456afe
----------------- Done invoking toplevel() on ptolemy.moml.MoMLSimpleApplication@25456afe
reloadAllAccessors: .HysteresisWithRandomDelay

===========================================================================================
----------------- testing Sun Sep 20 15:43:53 UTC 2020 /home/travis/build/icyphy/ptII/ptolemy/domains/continuous/test/auto/HysteresisWithRandomLosses.xml
----------------- Instantiating /home/travis/build/icyphy/ptII/ptolemy/domains/continuous/test/auto/HysteresisWithRandomLosses.xml
2179 ms. Memory: 284672K Free: 183440K (64%)
----------------- Invoking toplevel() on ptolemy.moml.MoMLSimpleApplication@324d9157
----------------- Done invoking toplevel() on ptolemy.moml.MoMLSimpleApplication@324d9157
reloadAllAccessors: .HysteresisWithRandomLosses

===========================================================================================
----------------- testing Sun Sep 20 15:43:55 UTC 2020 /home/travis/build/icyphy/ptII/ptolemy/domains/continuous/test/auto/ImmediateTransitions.xml
----------------- Instantiating /home/travis/build/icyphy/ptII/ptolemy/domains/continuous/test/auto/ImmediateTransitions.xml
14 ms. Memory: 284672K Free: 172176K (60%)
----------------- Invoking toplevel() on ptolemy.moml.MoMLSimpleApplication@339290ca
----------------- Done invoking toplevel() on ptolemy.moml.MoMLSimpleApplication@339290ca
reloadAllAccessors: .ImmediateTransitions

===========================================================================================
----------------- testing Sun Sep 20 15:43:55 UTC 2020 /home/travis/build/icyphy/ptII/ptolemy/domains/continuous/test/auto/ImpulseFeedback.xml
----------------- Instantiating /home/travis/build/icyphy/ptII/ptolemy/domains/continuous/test/auto/ImpulseFeedback.xml
5 ms. Memory: 284672K Free: 166560K (59%)
----------------- Invoking toplevel() on ptolemy.moml.MoMLSimpleApplication@5be8b6ec
----------------- Done invoking toplevel() on ptolemy.moml.MoMLSimpleApplication@5be8b6ec
reloadAllAccessors: .ImpulseFeedback

===========================================================================================
----------------- testing Sun Sep 20 15:43:55 UTC 2020 /home/travis/build/icyphy/ptII/ptolemy/domains/continuous/test/auto/ImpulseFeedback2.xml
----------------- Instantiating /home/travis/build/icyphy/ptII/ptolemy/domains/continuous/test/auto/ImpulseFeedback2.xml
4 ms. Memory: 284672K Free: 160926K (57%)
----------------- Invoking toplevel() on ptolemy.moml.MoMLSimpleApplication@6f0ca9d9
----------------- Done invoking toplevel() on ptolemy.moml.MoMLSimpleApplication@6f0ca9d9
reloadAllAccessors: .ImpulseFeedback2

===========================================================================================
----------------- testing Sun Sep 20 15:43:55 UTC 2020 /home/travis/build/icyphy/ptII/ptolemy/domains/continuous/test/auto/IncreasingRatePoisson.xml
----------------- Instantiating /home/travis/build/icyphy/ptII/ptolemy/domains/continuous/test/auto/IncreasingRatePoisson.xml
606 ms. Memory: 284672K Free: 196333K (69%)
----------------- Invoking toplevel() on ptolemy.moml.MoMLSimpleApplication@dbf5498
----------------- Done invoking toplevel() on ptolemy.moml.MoMLSimpleApplication@dbf5498
reloadAllAccessors: .IncreasingRatePoisson

===========================================================================================
----------------- testing Sun Sep 20 15:43:56 UTC 2020 /home/travis/build/icyphy/ptII/ptolemy/domains/continuous/test/auto/InitialStateFeedback.xml
----------------- Instantiating /home/travis/build/icyphy/ptII/ptolemy/domains/continuous/test/auto/InitialStateFeedback.xml
4 ms. Memory: 284672K Free: 191741K (67%)
----------------- Invoking toplevel() on ptolemy.moml.MoMLSimpleApplication@21017c74
----------------- Done invoking toplevel() on ptolemy.moml.MoMLSimpleApplication@21017c74
reloadAllAccessors: .InitialStateFeedback

===========================================================================================
----------------- testing Sun Sep 20 15:43:56 UTC 2020 /home/travis/build/icyphy/ptII/ptolemy/domains/continuous/test/auto/Integration.xml
----------------- Instantiating /home/travis/build/icyphy/ptII/ptolemy/domains/continuous/test/auto/Integration.xml
2 ms. Memory: 284672K Free: 187645K (66%)
----------------- Invoking toplevel() on ptolemy.moml.MoMLSimpleApplication@5861c5be
----------------- Done invoking toplevel() on ptolemy.moml.MoMLSimpleApplication@5861c5be
reloadAllAccessors: .Integration

===========================================================================================
----------------- testing Sun Sep 20 15:43:56 UTC 2020 /home/travis/build/icyphy/ptII/ptolemy/domains/continuous/test/auto/Integration2.xml
----------------- Instantiating /home/travis/build/icyphy/ptII/ptolemy/domains/continuous/test/auto/Integration2.xml
64 ms. Memory: 284672K Free: 173309K (61%)
----------------- Invoking toplevel() on ptolemy.moml.MoMLSimpleApplication@63fbb408
----------------- Done invoking toplevel() on ptolemy.moml.MoMLSimpleApplication@63fbb408
reloadAllAccessors: .Integration2

===========================================================================================
----------------- testing Sun Sep 20 15:43:56 UTC 2020 /home/travis/build/icyphy/ptII/ptolemy/domains/continuous/test/auto/Integration3.xml
----------------- Instantiating /home/travis/build/icyphy/ptII/ptolemy/domains/continuous/test/auto/Integration3.xml
2 ms. Memory: 284672K Free: 168685K (59%)
----------------- Invoking toplevel() on ptolemy.moml.MoMLSimpleApplication@5fd06762
----------------- Done invoking toplevel() on ptolemy.moml.MoMLSimpleApplication@5fd06762
reloadAllAccessors: .Integration3

===========================================================================================
----------------- testing Sun Sep 20 15:43:56 UTC 2020 /home/travis/build/icyphy/ptII/ptolemy/domains/continuous/test/auto/Integration5.xml
----------------- Instantiating /home/travis/build/icyphy/ptII/ptolemy/domains/continuous/test/auto/Integration5.xml
1 ms. Memory: 284672K Free: 164603K (58%)
----------------- Invoking toplevel() on ptolemy.moml.MoMLSimpleApplication@779bc982
----------------- Done invoking toplevel() on ptolemy.moml.MoMLSimpleApplication@779bc982
reloadAllAccessors: .Integration5

===========================================================================================
----------------- testing Sun Sep 20 15:43:56 UTC 2020 /home/travis/build/icyphy/ptII/ptolemy/domains/continuous/test/auto/IntegratorImpulse.xml
----------------- Instantiating /home/travis/build/icyphy/ptII/ptolemy/domains/continuous/test/auto/IntegratorImpulse.xml
2 ms. Memory: 284672K Free: 160477K (56%)
----------------- Invoking toplevel() on ptolemy.moml.MoMLSimpleApplication@21381333
----------------- Done invoking toplevel() on ptolemy.moml.MoMLSimpleApplication@21381333
reloadAllAccessors: .IntegratorImpulse

===========================================================================================
----------------- testing Sun Sep 20 15:43:56 UTC 2020 /home/travis/build/icyphy/ptII/ptolemy/domains/continuous/test/auto/IntegratorImpulse2.xml
----------------- Instantiating /home/travis/build/icyphy/ptII/ptolemy/domains/continuous/test/auto/IntegratorImpulse2.xml
3 ms. Memory: 284672K Free: 155901K (55%)
----------------- Invoking toplevel() on ptolemy.moml.MoMLSimpleApplication@4931ddfc
----------------- Done invoking toplevel() on ptolemy.moml.MoMLSimpleApplication@4931ddfc
reloadAllAccessors: .IntegratorImpulse2

===========================================================================================
----------------- testing Sun Sep 20 15:43:56 UTC 2020 /home/travis/build/icyphy/ptII/ptolemy/domains/continuous/test/auto/LevelCrossing1.xml
----------------- Instantiating /home/travis/build/icyphy/ptII/ptolemy/domains/continuous/test/auto/LevelCrossing1.xml
2 ms. Memory: 284672K Free: 150781K (53%)
----------------- Invoking toplevel() on ptolemy.moml.MoMLSimpleApplication@7bf5322
----------------- Done invoking toplevel() on ptolemy.moml.MoMLSimpleApplication@7bf5322
reloadAllAccessors: .LevelCrossing1

===========================================================================================
----------------- testing Sun Sep 20 15:43:56 UTC 2020 /home/travis/build/icyphy/ptII/ptolemy/domains/continuous/test/auto/LevelCrossing2.xml
----------------- Instantiating /home/travis/build/icyphy/ptII/ptolemy/domains/continuous/test/auto/LevelCrossing2.xml
2 ms. Memory: 284672K Free: 145661K (51%)
----------------- Invoking toplevel() on ptolemy.moml.MoMLSimpleApplication@684e5fe9
----------------- Done invoking toplevel() on ptolemy.moml.MoMLSimpleApplication@684e5fe9
reloadAllAccessors: .LevelCrossing2

===========================================================================================
----------------- testing Sun Sep 20 15:43:56 UTC 2020 /home/travis/build/icyphy/ptII/ptolemy/domains/continuous/test/auto/LevelCrossing3.xml
----------------- Instantiating /home/travis/build/icyphy/ptII/ptolemy/domains/continuous/test/auto/LevelCrossing3.xml
2 ms. Memory: 284672K Free: 140541K (49%)
----------------- Invoking toplevel() on ptolemy.moml.MoMLSimpleApplication@34d07b4e
----------------- Done invoking toplevel() on ptolemy.moml.MoMLSimpleApplication@34d07b4e
reloadAllAccessors: .LevelCrossing3

===========================================================================================
----------------- testing Sun Sep 20 15:43:56 UTC 2020 /home/travis/build/icyphy/ptII/ptolemy/domains/continuous/test/auto/LevelCrossing4.xml
----------------- Instantiating /home/travis/build/icyphy/ptII/ptolemy/domains/continuous/test/auto/LevelCrossing4.xml
2 ms. Memory: 284672K Free: 135421K (48%)
----------------- Invoking toplevel() on ptolemy.moml.MoMLSimpleApplication@7ed05158
----------------- Done invoking toplevel() on ptolemy.moml.MoMLSimpleApplication@7ed05158
reloadAllAccessors: .LevelCrossing4

===========================================================================================
----------------- testing Sun Sep 20 15:43:56 UTC 2020 /home/travis/build/icyphy/ptII/ptolemy/domains/continuous/test/auto/LevelCrossing5.xml
----------------- Instantiating /home/travis/build/icyphy/ptII/ptolemy/domains/continuous/test/auto/LevelCrossing5.xml
3 ms. Memory: 284672K Free: 130301K (46%)
----------------- Invoking toplevel() on ptolemy.moml.MoMLSimpleApplication@73df6ffb
----------------- Done invoking toplevel() on ptolemy.moml.MoMLSimpleApplication@73df6ffb
reloadAllAccessors: .LevelCrossing5

===========================================================================================
[...]
reloadAllAccessors: .ResetTransitionWithStartTime6

===========================================================================================
----------------- testing Sun Sep 20 15:44:11 UTC 2020 /home/travis/build/icyphy/ptII/ptolemy/domains/continuous/test/auto/SRinContinuous.xml
----------------- Instantiating /home/travis/build/icyphy/ptII/ptolemy/domains/continuous/test/auto/SRinContinuous.xml
4 ms. Memory: 284672K Free: 107503K (38%)
----------------- Invoking toplevel() on ptolemy.moml.MoMLSimpleApplication@5b5b787c
----------------- Done invoking toplevel() on ptolemy.moml.MoMLSimpleApplication@5b5b787c
reloadAllAccessors: .SRinContinuous

===========================================================================================
----------------- testing Sun Sep 20 15:44:11 UTC 2020 /home/travis/build/icyphy/ptII/ptolemy/domains/continuous/test/auto/SampledClocks.xml
----------------- Instantiating /home/travis/build/icyphy/ptII/ptolemy/domains/continuous/test/auto/SampledClocks.xml
7 ms. Memory: 284672K Free: 263854K (93%)
----------------- Invoking toplevel() on ptolemy.moml.MoMLSimpleApplication@69b3c6a1
----------------- Done invoking toplevel() on ptolemy.moml.MoMLSimpleApplication@69b3c6a1
reloadAllAccessors: .SampledClocks

===========================================================================================
----------------- testing Sun Sep 20 15:44:11 UTC 2020 /home/travis/build/icyphy/ptII/ptolemy/domains/continuous/test/auto/Satellite.xml
----------------- Instantiating /home/travis/build/icyphy/ptII/ptolemy/domains/continuous/test/auto/Satellite.xml
581 ms. Memory: 284672K Free: 242352K (85%)
----------------- Invoking toplevel() on ptolemy.moml.MoMLSimpleApplication@141f0a0
----------------- Done invoking toplevel() on ptolemy.moml.MoMLSimpleApplication@141f0a0
reloadAllAccessors: .Satellite

===========================================================================================
----------------- testing Sun Sep 20 15:44:11 UTC 2020 /home/travis/build/icyphy/ptII/ptolemy/domains/continuous/test/auto/SigmaDelta.xml
----------------- Instantiating /home/travis/build/icyphy/ptII/ptolemy/domains/continuous/test/auto/SigmaDelta.xml
1943 ms. Memory: 284672K Free: 148636K (52%)
----------------- Invoking toplevel() on ptolemy.moml.MoMLSimpleApplication@13add20d
----------------- Done invoking toplevel() on ptolemy.moml.MoMLSimpleApplication@13add20d
reloadAllAccessors: .SigmaDelta

===========================================================================================
----------------- testing Sun Sep 20 15:44:13 UTC 2020 /home/travis/build/icyphy/ptII/ptolemy/domains/continuous/test/auto/SingleRefinement.xml
----------------- Instantiating /home/travis/build/icyphy/ptII/ptolemy/domains/continuous/test/auto/SingleRefinement.xml
298 ms. Memory: 284672K Free: 134473K (47%)
----------------- Invoking toplevel() on ptolemy.moml.MoMLSimpleApplication@2ac641d0
----------------- Done invoking toplevel() on ptolemy.moml.MoMLSimpleApplication@2ac641d0
reloadAllAccessors: .SingleRefinement

===========================================================================================
----------------- testing Sun Sep 20 15:44:14 UTC 2020 /home/travis/build/icyphy/ptII/ptolemy/domains/continuous/test/auto/SinuBouncingBall.xml
----------------- Instantiating /home/travis/build/icyphy/ptII/ptolemy/domains/continuous/test/auto/SinuBouncingBall.xml
684 ms. Memory: 284672K Free: 258120K (91%)
----------------- Invoking toplevel() on ptolemy.moml.MoMLSimpleApplication@2d125cdb
----------------- Done invoking toplevel() on ptolemy.moml.MoMLSimpleApplication@2d125cdb
reloadAllAccessors: .SinuBouncingBall

===========================================================================================
----------------- testing Sun Sep 20 15:44:15 UTC 2020 /home/travis/build/icyphy/ptII/ptolemy/domains/continuous/test/auto/Sinusoid.xml
----------------- Instantiating /home/travis/build/icyphy/ptII/ptolemy/domains/continuous/test/auto/Sinusoid.xml
4 ms. Memory: 284672K Free: 253528K (89%)
----------------- Invoking toplevel() on ptolemy.moml.MoMLSimpleApplication@4461e0ca
----------------- Done invoking toplevel() on ptolemy.moml.MoMLSimpleApplication@4461e0ca
reloadAllAccessors: .Sinusoid

===========================================================================================
----------------- testing Sun Sep 20 15:44:15 UTC 2020 /home/travis/build/icyphy/ptII/ptolemy/domains/continuous/test/auto/SinusoidInNoise.xml
----------------- Instantiating /home/travis/build/icyphy/ptII/ptolemy/domains/continuous/test/auto/SinusoidInNoise.xml
774 ms. Memory: 284672K Free: 118870K (42%)
----------------- Invoking toplevel() on ptolemy.moml.MoMLSimpleApplication@7bd4d358
----------------- Done invoking toplevel() on ptolemy.moml.MoMLSimpleApplication@7bd4d358
reloadAllAccessors: .SinusoidInNoise

===========================================================================================
----------------- testing Sun Sep 20 15:44:15 UTC 2020 /home/travis/build/icyphy/ptII/ptolemy/domains/continuous/test/auto/SinusoidRK45.xml
----------------- Instantiating /home/travis/build/icyphy/ptII/ptolemy/domains/continuous/test/auto/SinusoidRK45.xml
1 ms. Memory: 284672K Free: 114760K (40%)
----------------- Invoking toplevel() on ptolemy.moml.MoMLSimpleApplication@3efea8d7
----------------- Done invoking toplevel() on ptolemy.moml.MoMLSimpleApplication@3efea8d7
reloadAllAccessors: .SinusoidRK45

===========================================================================================
----------------- testing Sun Sep 20 15:44:15 UTC 2020 /home/travis/build/icyphy/ptII/ptolemy/domains/continuous/test/auto/SinusoidWithMultipleImpulses.xml
----------------- Instantiating /home/travis/build/icyphy/ptII/ptolemy/domains/continuous/test/auto/SinusoidWithMultipleImpulses.xml
3 ms. Memory: 284672K Free: 110168K (39%)
----------------- Invoking toplevel() on ptolemy.moml.MoMLSimpleApplication@e5d4576
----------------- Done invoking toplevel() on ptolemy.moml.MoMLSimpleApplication@e5d4576
reloadAllAccessors: .SinusoidWithMultipleImpulses

===========================================================================================
----------------- testing Sun Sep 20 15:44:15 UTC 2020 /home/travis/build/icyphy/ptII/ptolemy/domains/continuous/test/auto/SquareWave.xml
----------------- Instantiating /home/travis/build/icyphy/ptII/ptolemy/domains/continuous/test/auto/SquareWave.xml
136 ms. Memory: 284672K Free: 251719K (88%)
----------------- Invoking toplevel() on ptolemy.moml.MoMLSimpleApplication@3a03427f
----------------- Done invoking toplevel() on ptolemy.moml.MoMLSimpleApplication@3a03427f
reloadAllAccessors: .SquareWave

===========================================================================================
----------------- testing Sun Sep 20 15:44:16 UTC 2020 /home/travis/build/icyphy/ptII/ptolemy/domains/continuous/test/auto/Starmac.xml
----------------- Instantiating /home/travis/build/icyphy/ptII/ptolemy/domains/continuous/test/auto/Starmac.xml
3068 ms. Memory: 284672K Free: 104998K (37%)
----------------- Invoking toplevel() on ptolemy.moml.MoMLSimpleApplication@1b3220c8
----------------- Done invoking toplevel() on ptolemy.moml.MoMLSimpleApplication@1b3220c8
reloadAllAccessors: .Starmac

===========================================================================================
----------------- testing Sun Sep 20 15:44:19 UTC 2020 /home/travis/build/icyphy/ptII/ptolemy/domains/continuous/test/auto/StaticUnits.xml
----------------- Instantiating /home/travis/build/icyphy/ptII/ptolemy/domains/continuous/test/auto/StaticUnits.xml
1603 ms. Memory: 284672K Free: 147655K (52%)
----------------- Invoking toplevel() on ptolemy.moml.MoMLSimpleApplication@255d8d04
----------------- Done invoking toplevel() on ptolemy.moml.MoMLSimpleApplication@255d8d04
reloadAllAccessors: .StaticUnits

===========================================================================================
----------------- testing Sun Sep 20 15:44:21 UTC 2020 /home/travis/build/icyphy/ptII/ptolemy/domains/continuous/test/auto/StickyMasses.xml
----------------- Instantiating /home/travis/build/icyphy/ptII/ptolemy/domains/continuous/test/auto/StickyMasses.xml
134 ms. Memory: 284672K Free: 97993K (34%)
----------------- Invoking toplevel() on ptolemy.moml.MoMLSimpleApplication@588434a8
----------------- Done invoking toplevel() on ptolemy.moml.MoMLSimpleApplication@588434a8
reloadAllAccessors: .StickyMasses

===========================================================================================
----------------- testing Sun Sep 20 15:44:21 UTC 2020 /home/travis/build/icyphy/ptII/ptolemy/domains/continuous/test/auto/StopTime.xml
----------------- Instantiating /home/travis/build/icyphy/ptII/ptolemy/domains/continuous/test/auto/StopTime.xml
37 ms. Memory: 284672K Free: 236734K (83%)
----------------- Invoking toplevel() on ptolemy.moml.MoMLSimpleApplication@eaed665
----------------- Done invoking toplevel() on ptolemy.moml.MoMLSimpleApplication@eaed665
reloadAllAccessors: .StopTime

===========================================================================================
----------------- testing Sun Sep 20 15:44:21 UTC 2020 /home/travis/build/icyphy/ptII/ptolemy/domains/continuous/test/auto/StopTime2.xml
----------------- Instantiating /home/travis/build/icyphy/ptII/ptolemy/domains/continuous/test/auto/StopTime2.xml
34 ms. Memory: 284672K Free: 214702K (75%)
----------------- Invoking toplevel() on ptolemy.moml.MoMLSimpleApplication@644b9c63
----------------- Done invoking toplevel() on ptolemy.moml.MoMLSimpleApplication@644b9c63
reloadAllAccessors: .StopTime2

===========================================================================================
----------------- testing Sun Sep 20 15:44:22 UTC 2020 /home/travis/build/icyphy/ptII/ptolemy/domains/continuous/test/auto/Switch.xml
----------------- Instantiating /home/travis/build/icyphy/ptII/ptolemy/domains/continuous/test/auto/Switch.xml
38 ms. Memory: 284672K Free: 190126K (67%)
----------------- Invoking toplevel() on ptolemy.moml.MoMLSimpleApplication@2f198340
----------------- Done invoking toplevel() on ptolemy.moml.MoMLSimpleApplication@2f198340
reloadAllAccessors: .Switch

===========================================================================================
----------------- testing Sun Sep 20 15:44:22 UTC 2020 /home/travis/build/icyphy/ptII/ptolemy/domains/continuous/test/auto/Thermostat.xml
----------------- Instantiating /home/travis/build/icyphy/ptII/ptolemy/domains/continuous/test/auto/Thermostat.xml
166 ms. Memory: 284672K Free: 117950K (41%)
----------------- Invoking toplevel() on ptolemy.moml.MoMLSimpleApplication@540283bf
----------------- Done invoking toplevel() on ptolemy.moml.MoMLSimpleApplication@540283bf
reloadAllAccessors: .Thermostat

===========================================================================================
----------------- testing Sun Sep 20 15:44:22 UTC 2020 /home/travis/build/icyphy/ptII/ptolemy/domains/continuous/test/auto/TimeDelay.xml
----------------- Instantiating /home/travis/build/icyphy/ptII/ptolemy/domains/continuous/test/auto/TimeDelay.xml
5 ms. Memory: 284672K Free: 113334K (40%)
----------------- Invoking toplevel() on ptolemy.moml.MoMLSimpleApplication@91bafed
----------------- Done invoking toplevel() on ptolemy.moml.MoMLSimpleApplication@91bafed
reloadAllAccessors: .TimeDelay

===========================================================================================
----------------- testing Sun Sep 20 15:44:22 UTC 2020 /home/travis/build/icyphy/ptII/ptolemy/domains/continuous/test/auto/TimeDelay2.xml
----------------- Instantiating /home/travis/build/icyphy/ptII/ptolemy/domains/continuous/test/auto/TimeDelay2.xml
9 ms. Memory: 284672K Free: 103614K (36%)
----------------- Invoking toplevel() on ptolemy.moml.MoMLSimpleApplication@12e6df19
----------------- Done invoking toplevel() on ptolemy.moml.MoMLSimpleApplication@12e6df19
reloadAllAccessors: .TimeDelay2

===========================================================================================
----------------- testing Sun Sep 20 15:44:22 UTC 2020 /home/travis/build/icyphy/ptII/ptolemy/domains/continuous/test/auto/TimeDelay3.xml
----------------- Instantiating /home/travis/build/icyphy/ptII/ptolemy/domains/continuous/test/auto/TimeDelay3.xml
4 ms. Memory: 284672K Free: 98990K (35%)
----------------- Invoking toplevel() on ptolemy.moml.MoMLSimpleApplication@1687a049
----------------- Done invoking toplevel() on ptolemy.moml.MoMLSimpleApplication@1687a049
reloadAllAccessors: .TimeDelay3

===========================================================================================
----------------- testing Sun Sep 20 15:44:22 UTC 2020 /home/travis/build/icyphy/ptII/ptolemy/domains/continuous/test/auto/TransferAbsentToInside.xml
----------------- Instantiating /home/travis/build/icyphy/ptII/ptolemy/domains/continuous/test/auto/TransferAbsentToInside.xml
26 ms. Memory: 284672K Free: 210616K (74%)
----------------- Invoking toplevel() on ptolemy.moml.MoMLSimpleApplication@3f011811
----------------- Done invoking toplevel() on ptolemy.moml.MoMLSimpleApplication@3f011811
reloadAllAccessors: .TransferAbsentToInside

===========================================================================================
----------------- testing Sun Sep 20 15:44:22 UTC 2020 /home/travis/build/icyphy/ptII/ptolemy/domains/continuous/test/auto/Transmission.xml
----------------- Instantiating /home/travis/build/icyphy/ptII/ptolemy/domains/continuous/test/auto/Transmission.xml
718 ms. Memory: 284672K Free: 144523K (51%)
----------------- Invoking toplevel() on ptolemy.moml.MoMLSimpleApplication@3a20178f
----------------- Done invoking toplevel() on ptolemy.moml.MoMLSimpleApplication@3a20178f
reloadAllAccessors: .Transmission

===========================================================================================
----------------- testing Sun Sep 20 15:44:23 UTC 2020 /home/travis/build/icyphy/ptII/ptolemy/domains/continuous/test/auto/TriggeredContinuousClock.xml
----------------- Instantiating /home/travis/build/icyphy/ptII/ptolemy/domains/continuous/test/auto/TriggeredContinuousClock.xml
36 ms. Memory: 284672K Free: 114851K (40%)
----------------- Invoking toplevel() on ptolemy.moml.MoMLSimpleApplication@7db3a20
----------------- Done invoking toplevel() on ptolemy.moml.MoMLSimpleApplication@7db3a20
reloadAllAccessors: .TriggeredContinuousClock

===========================================================================================
----------------- testing Sun Sep 20 15:44:23 UTC 2020 /home/travis/build/icyphy/ptII/ptolemy/domains/continuous/test/auto/TwoMachineInfiniteBusControl.xml
----------------- Instantiating /home/travis/build/icyphy/ptII/ptolemy/domains/continuous/test/auto/TwoMachineInfiniteBusControl.xml
2293 ms. Memory: 284672K Free: 205433K (72%)
----------------- Invoking toplevel() on ptolemy.moml.MoMLSimpleApplication@4bd3a90d
----------------- Done invoking toplevel() on ptolemy.moml.MoMLSimpleApplication@4bd3a90d
reloadAllAccessors: .TwoMachineInfiniteBusControl

===========================================================================================
----------------- testing Sun Sep 20 15:44:25 UTC 2020 /home/travis/build/icyphy/ptII/ptolemy/domains/continuous/test/auto/V2V.xml
----------------- Instantiating /home/travis/build/icyphy/ptII/ptolemy/domains/continuous/test/auto/V2V.xml
753 ms. Memory: 284672K Free: 181876K (64%)
----------------- Invoking toplevel() on ptolemy.moml.MoMLSimpleApplication@7a082bc1
----------------- Done invoking toplevel() on ptolemy.moml.MoMLSimpleApplication@7a082bc1
reloadAllAccessors: .V2V

===========================================================================================
----------------- testing Sun Sep 20 15:44:26 UTC 2020 /home/travis/build/icyphy/ptII/ptolemy/domains/continuous/test/auto/hierarchicalModalModel.xml
----------------- Instantiating /home/travis/build/icyphy/ptII/ptolemy/domains/continuous/test/auto/hierarchicalModalModel.xml
7 ms. Memory: 284672K Free: 167012K (59%)
----------------- Invoking toplevel() on ptolemy.moml.MoMLSimpleApplication@65149a31
----------------- Done invoking toplevel() on ptolemy.moml.MoMLSimpleApplication@65149a31
reloadAllAccessors: .hierarchicalModalModel

===========================================================================================
----------------- testing Sun Sep 20 15:44:26 UTC 2020 /home/travis/build/icyphy/ptII/ptolemy/domains/continuous/test/auto/hierarchicalModalModel1.xml
----------------- Instantiating /home/travis/build/icyphy/ptII/ptolemy/domains/continuous/test/auto/hierarchicalModalModel1.xml
7 ms. Memory: 284672K Free: 152690K (54%)
----------------- Invoking toplevel() on ptolemy.moml.MoMLSimpleApplication@7445f158
----------------- Done invoking toplevel() on ptolemy.moml.MoMLSimpleApplication@7445f158
reloadAllAccessors: .hierarchicalModalModel1

===========================================================================================
----------------- testing Sun Sep 20 15:44:26 UTC 2020 /home/travis/build/icyphy/ptII/ptolemy/domains/continuous/test/auto/hierarchicalModalModel2.xml
----------------- Instantiating /home/travis/build/icyphy/ptII/ptolemy/domains/continuous/test/auto/hierarchicalModalModel2.xml
6 ms. Memory: 284672K Free: 140388K (49%)
----------------- Invoking toplevel() on ptolemy.moml.MoMLSimpleApplication@4b65e63f
----------------- Done invoking toplevel() on ptolemy.moml.MoMLSimpleApplication@4b65e63f
reloadAllAccessors: .hierarchicalModalModel2

===========================================================================================
----------------- testing Sun Sep 20 15:44:26 UTC 2020 /home/travis/build/icyphy/ptII/ptolemy/domains/continuous/test/auto/hierarchicalModalModel3.xml
----------------- Instantiating /home/travis/build/icyphy/ptII/ptolemy/domains/continuous/test/auto/hierarchicalModalModel3.xml
5 ms. Memory: 284672K Free: 129652K (46%)
----------------- Invoking toplevel() on ptolemy.moml.MoMLSimpleApplication@4bf4aa3d
----------------- Done invoking toplevel() on ptolemy.moml.MoMLSimpleApplication@4bf4aa3d
reloadAllAccessors: .hierarchicalModalModel3

===========================================================================================
----------------- testing Sun Sep 20 15:44:26 UTC 2020 /home/travis/build/icyphy/ptII/ptolemy/domains/continuous/test/auto/hierarchicalModalModel4.xml
----------------- Instantiating /home/travis/build/icyphy/ptII/ptolemy/domains/continuous/test/auto/hierarchicalModalModel4.xml
5 ms. Memory: 284672K Free: 117874K (41%)
----------------- Invoking toplevel() on ptolemy.moml.MoMLSimpleApplication@7a0e3046
----------------- Done invoking toplevel() on ptolemy.moml.MoMLSimpleApplication@7a0e3046
reloadAllAccessors: .hierarchicalModalModel4

===========================================================================================
----------------- testing Sun Sep 20 15:44:26 UTC 2020 /home/travis/build/icyphy/ptII/ptolemy/domains/continuous/test/auto/junk.xml
----------------- Instantiating /home/travis/build/icyphy/ptII/ptolemy/domains/continuous/test/auto/junk.xml
131 ms. Memory: 342016K Free: 312478K (91%)
----------------- Invoking toplevel() on ptolemy.moml.MoMLSimpleApplication@38a87968
----------------- Done invoking toplevel() on ptolemy.moml.MoMLSimpleApplication@38a87968
reloadAllAccessors: .junk
AutoTests.java: About to close Vertx.
AutoTests.java: Vertx closed.
]]></system-out>
  <system-err><![CDATA[Warning: '.HysteresisWithRandomDelay.NonStrictTest3' The test produced only 19 tokens, yet the correctValues parameter was expecting 30 tokens.
Warning: '.IncreasingRatePoisson.NonStrictTest' The test produced only 391 tokens, yet the correctValues parameter was expecting 402 tokens.
]]></system-err>
</testsuite>
