<?xml version="1.0" encoding="UTF-8" ?>
<testsuite errors="0" failures="0" hostname="travis-job-61c35135-046e-4037-a75c-d3e5175fdd8a" name="ptolemy.domains.modal.test.junit.JUnitTclTest" skipped="0" tests="148" time="12.951" timestamp="2019-11-20T06:22:48">
  <properties>
[...]
</properties>
  <testcase classname="ptolemy.util.test.junit.TclTests" name="[0] /home/travis/build/icyphy/ptII/ptolemy/domains/modal/test/SystemLevelType.tcl (RunTclFile)" time="2.295" />
  <testcase classname="ptolemy.util.test.junit.AutoKnownFailedTests" name="[0] /home/travis/build/icyphy/ptII/ptolemy/domains/modal/test/auto/knownFailedTests/CannotAnalysisWithPreemption.xml (RunModel)" time="0.25" />
  <testcase classname="ptolemy.util.test.junit.AutoNameArchTests" name="[0] ThereAreNoAutoArchTests (RunModel)" time="0.005" />
  <testcase classname="ptolemy.util.test.junit.AutoTests" name="[0] /home/travis/build/icyphy/ptII/ptolemy/domains/modal/test/auto/ABPTest.xml (RunModel)" time="1.008" />
  <testcase classname="ptolemy.util.test.junit.AutoTests" name="[1] /home/travis/build/icyphy/ptII/ptolemy/domains/modal/test/auto/ABROFlat.xml (RunModel)" time="0.118" />
  <testcase classname="ptolemy.util.test.junit.AutoTests" name="[2] /home/travis/build/icyphy/ptII/ptolemy/domains/modal/test/auto/ABROFlat2.xml (RunModel)" time="0.067" />
  <testcase classname="ptolemy.util.test.junit.AutoTests" name="[3] /home/travis/build/icyphy/ptII/ptolemy/domains/modal/test/auto/ABRO_present_hmm.xml (RunModel)" time="0.195" />
  <testcase classname="ptolemy.util.test.junit.AutoTests" name="[4] /home/travis/build/icyphy/ptII/ptolemy/domains/modal/test/auto/AMICoderExample.xml (RunModel)" time="0.116" />
  <testcase classname="ptolemy.util.test.junit.AutoTests" name="[5] /home/travis/build/icyphy/ptII/ptolemy/domains/modal/test/auto/AbsentToPresent.xml (RunModel)" time="0.053" />
  <testcase classname="ptolemy.util.test.junit.AutoTests" name="[6] /home/travis/build/icyphy/ptII/ptolemy/domains/modal/test/auto/Blending.xml (RunModel)" time="0.39" />
  <testcase classname="ptolemy.util.test.junit.AutoTests" name="[7] /home/travis/build/icyphy/ptII/ptolemy/domains/modal/test/auto/Broadcast.xml (RunModel)" time="0.045" />
  <testcase classname="ptolemy.util.test.junit.AutoTests" name="[8] /home/travis/build/icyphy/ptII/ptolemy/domains/modal/test/auto/BroadcastHierarchy.xml (RunModel)" time="0.053" />
  <testcase classname="ptolemy.util.test.junit.AutoTests" name="[9] /home/travis/build/icyphy/ptII/ptolemy/domains/modal/test/auto/BroadcastHierarchy2.xml (RunModel)" time="0.186" />
  <testcase classname="ptolemy.util.test.junit.AutoTests" name="[10] /home/travis/build/icyphy/ptII/ptolemy/domains/modal/test/auto/BroadcastHierarchy3.xml (RunModel)" time="0.112" />
  <testcase classname="ptolemy.util.test.junit.AutoTests" name="[11] /home/travis/build/icyphy/ptII/ptolemy/domains/modal/test/auto/BroadcastHierarchy4.xml (RunModel)" time="0.111" />
  <testcase classname="ptolemy.util.test.junit.AutoTests" name="[12] /home/travis/build/icyphy/ptII/ptolemy/domains/modal/test/auto/CannotAnalysisWithPreemption2.xml (RunModel)" time="0.046" />
  <testcase classname="ptolemy.util.test.junit.AutoTests" name="[13] /home/travis/build/icyphy/ptII/ptolemy/domains/modal/test/auto/CannotAnalysisWithPreemption3.xml (RunModel)" time="0.053" />
  <testcase classname="ptolemy.util.test.junit.AutoTests" name="[14] /home/travis/build/icyphy/ptII/ptolemy/domains/modal/test/auto/CannotProduce.xml (RunModel)" time="0.058" />
  <testcase classname="ptolemy.util.test.junit.AutoTests" name="[15] /home/travis/build/icyphy/ptII/ptolemy/domains/modal/test/auto/CannotProduceModal.xml (RunModel)" time="0.066" />
  <testcase classname="ptolemy.util.test.junit.AutoTests" name="[16] /home/travis/build/icyphy/ptII/ptolemy/domains/modal/test/auto/Case.xml (RunModel)" time="0.122" />
  <testcase classname="ptolemy.util.test.junit.AutoTests" name="[17] /home/travis/build/icyphy/ptII/ptolemy/domains/modal/test/auto/Case1.xml (RunModel)" time="0.047" />
  <testcase classname="ptolemy.util.test.junit.AutoTests" name="[18] /home/travis/build/icyphy/ptII/ptolemy/domains/modal/test/auto/Case2.xml (RunModel)" time="0.066" />
  <testcase classname="ptolemy.util.test.junit.AutoTests" name="[19] /home/travis/build/icyphy/ptII/ptolemy/domains/modal/test/auto/CausalityInterface1.xml (RunModel)" time="0.035" />
  <testcase classname="ptolemy.util.test.junit.AutoTests" name="[20] /home/travis/build/icyphy/ptII/ptolemy/domains/modal/test/auto/CausalityInterface10.xml (RunModel)" time="0.07" />
  <testcase classname="ptolemy.util.test.junit.AutoTests" name="[21] /home/travis/build/icyphy/ptII/ptolemy/domains/modal/test/auto/CausalityInterface11.xml (RunModel)" time="0.071" />
  <testcase classname="ptolemy.util.test.junit.AutoTests" name="[22] /home/travis/build/icyphy/ptII/ptolemy/domains/modal/test/auto/CausalityInterface12.xml (RunModel)" time="0.072" />
  <testcase classname="ptolemy.util.test.junit.AutoTests" name="[23] /home/travis/build/icyphy/ptII/ptolemy/domains/modal/test/auto/CausalityInterface13.xml (RunModel)" time="0.085" />
  <testcase classname="ptolemy.util.test.junit.AutoTests" name="[24] /home/travis/build/icyphy/ptII/ptolemy/domains/modal/test/auto/CausalityInterface14.xml (RunModel)" time="0.092" />
  <testcase classname="ptolemy.util.test.junit.AutoTests" name="[25] /home/travis/build/icyphy/ptII/ptolemy/domains/modal/test/auto/CausalityInterface2.xml (RunModel)" time="0.026" />
  <testcase classname="ptolemy.util.test.junit.AutoTests" name="[26] /home/travis/build/icyphy/ptII/ptolemy/domains/modal/test/auto/CausalityInterface3.xml (RunModel)" time="0.051" />
  <testcase classname="ptolemy.util.test.junit.AutoTests" name="[27] /home/travis/build/icyphy/ptII/ptolemy/domains/modal/test/auto/CausalityInterface4.xml (RunModel)" time="0.025" />
  <testcase classname="ptolemy.util.test.junit.AutoTests" name="[28] /home/travis/build/icyphy/ptII/ptolemy/domains/modal/test/auto/CausalityInterface5.xml (RunModel)" time="0.033" />
  <testcase classname="ptolemy.util.test.junit.AutoTests" name="[29] /home/travis/build/icyphy/ptII/ptolemy/domains/modal/test/auto/CausalityInterface6.xml (RunModel)" time="0.054" />
  <testcase classname="ptolemy.util.test.junit.AutoTests" name="[30] /home/travis/build/icyphy/ptII/ptolemy/domains/modal/test/auto/CausalityInterface7.xml (RunModel)" time="0.056" />
  <testcase classname="ptolemy.util.test.junit.AutoTests" name="[31] /home/travis/build/icyphy/ptII/ptolemy/domains/modal/test/auto/CausalityInterface8.xml (RunModel)" time="0.039" />
  <testcase classname="ptolemy.util.test.junit.AutoTests" name="[32] /home/travis/build/icyphy/ptII/ptolemy/domains/modal/test/auto/CausalityInterface9.xml (RunModel)" time="0.039" />
  <testcase classname="ptolemy.util.test.junit.AutoTests" name="[33] /home/travis/build/icyphy/ptII/ptolemy/domains/modal/test/auto/ChainedTransitions.xml (RunModel)" time="0.177" />
  <testcase classname="ptolemy.util.test.junit.AutoTests" name="[34] /home/travis/build/icyphy/ptII/ptolemy/domains/modal/test/auto/CycleOfImmediateTransitionsFSM.xml (RunModel)" time="0.023" />
  <testcase classname="ptolemy.util.test.junit.AutoTests" name="[35] /home/travis/build/icyphy/ptII/ptolemy/domains/modal/test/auto/CycleOfImmediateTransitionsModal.xml (RunModel)" time="0.031" />
  <testcase classname="ptolemy.util.test.junit.AutoTests" name="[36] /home/travis/build/icyphy/ptII/ptolemy/domains/modal/test/auto/CycleOfImmediateTransitionsModal2.xml (RunModel)" time="0.041" />
  <testcase classname="ptolemy.util.test.junit.AutoTests" name="[37] /home/travis/build/icyphy/ptII/ptolemy/domains/modal/test/auto/CycleOfImmediateTransitionsModal3.xml (RunModel)" time="0.096" />
  <testcase classname="ptolemy.util.test.junit.AutoTests" name="[38] /home/travis/build/icyphy/ptII/ptolemy/domains/modal/test/auto/DeepModal1.xml (RunModel)" time="0.073" />
  <testcase classname="ptolemy.util.test.junit.AutoTests" name="[39] /home/travis/build/icyphy/ptII/ptolemy/domains/modal/test/auto/DeepModal2.xml (RunModel)" time="0.081" />
  <testcase classname="ptolemy.util.test.junit.AutoTests" name="[40] /home/travis/build/icyphy/ptII/ptolemy/domains/modal/test/auto/DeepModal3.xml (RunModel)" time="0.075" />
  <testcase classname="ptolemy.util.test.junit.AutoTests" name="[41] /home/travis/build/icyphy/ptII/ptolemy/domains/modal/test/auto/DeepModal4.xml (RunModel)" time="0.088" />
  <testcase classname="ptolemy.util.test.junit.AutoTests" name="[42] /home/travis/build/icyphy/ptII/ptolemy/domains/modal/test/auto/Default1.xml (RunModel)" time="0.024" />
  <testcase classname="ptolemy.util.test.junit.AutoTests" name="[43] /home/travis/build/icyphy/ptII/ptolemy/domains/modal/test/auto/Default2.xml (RunModel)" time="0.026" />
  <testcase classname="ptolemy.util.test.junit.AutoTests" name="[44] /home/travis/build/icyphy/ptII/ptolemy/domains/modal/test/auto/Default3.xml (RunModel)" time="0.023" />
  <testcase classname="ptolemy.util.test.junit.AutoTests" name="[45] /home/travis/build/icyphy/ptII/ptolemy/domains/modal/test/auto/Default4.xml (RunModel)" time="0.026" />
  <testcase classname="ptolemy.util.test.junit.AutoTests" name="[46] /home/travis/build/icyphy/ptII/ptolemy/domains/modal/test/auto/Default5.xml (RunModel)" time="0.043" />
  <testcase classname="ptolemy.util.test.junit.AutoTests" name="[47] /home/travis/build/icyphy/ptII/ptolemy/domains/modal/test/auto/EmptyGuard.xml (RunModel)" time="0.041" />
  <testcase classname="ptolemy.util.test.junit.AutoTests" name="[48] /home/travis/build/icyphy/ptII/ptolemy/domains/modal/test/auto/ErrorTransition1.xml (RunModel)" time="0.057" />
  <testcase classname="ptolemy.util.test.junit.AutoTests" name="[49] /home/travis/build/icyphy/ptII/ptolemy/domains/modal/test/auto/ErrorTransition10.xml (RunModel)" time="0.054" />
  <testcase classname="ptolemy.util.test.junit.AutoTests" name="[50] /home/travis/build/icyphy/ptII/ptolemy/domains/modal/test/auto/ErrorTransition11.xml (RunModel)" time="0.04" />
  <testcase classname="ptolemy.util.test.junit.AutoTests" name="[51] /home/travis/build/icyphy/ptII/ptolemy/domains/modal/test/auto/ErrorTransition2.xml (RunModel)" time="0.029" />
  <testcase classname="ptolemy.util.test.junit.AutoTests" name="[52] /home/travis/build/icyphy/ptII/ptolemy/domains/modal/test/auto/ErrorTransition3.xml (RunModel)" time="0.054" />
  <testcase classname="ptolemy.util.test.junit.AutoTests" name="[53] /home/travis/build/icyphy/ptII/ptolemy/domains/modal/test/auto/ErrorTransition4.xml (RunModel)" time="0.047" />
  <testcase classname="ptolemy.util.test.junit.AutoTests" name="[54] /home/travis/build/icyphy/ptII/ptolemy/domains/modal/test/auto/ErrorTransition5.xml (RunModel)" time="0.033" />
  <testcase classname="ptolemy.util.test.junit.AutoTests" name="[55] /home/travis/build/icyphy/ptII/ptolemy/domains/modal/test/auto/ErrorTransition6.xml (RunModel)" time="0.036" />
  <testcase classname="ptolemy.util.test.junit.AutoTests" name="[56] /home/travis/build/icyphy/ptII/ptolemy/domains/modal/test/auto/ErrorTransition7.xml (RunModel)" time="0.047" />
  <testcase classname="ptolemy.util.test.junit.AutoTests" name="[57] /home/travis/build/icyphy/ptII/ptolemy/domains/modal/test/auto/ErrorTransition8.xml (RunModel)" time="0.079" />
  <testcase classname="ptolemy.util.test.junit.AutoTests" name="[58] /home/travis/build/icyphy/ptII/ptolemy/domains/modal/test/auto/ErrorTransition9.xml (RunModel)" time="0.073" />
  <testcase classname="ptolemy.util.test.junit.AutoTests" name="[59] /home/travis/build/icyphy/ptII/ptolemy/domains/modal/test/auto/ExtendedFSM.xml (RunModel)" time="0.048" />
  <testcase classname="ptolemy.util.test.junit.AutoTests" name="[60] /home/travis/build/icyphy/ptII/ptolemy/domains/modal/test/auto/FinalStates.xml (RunModel)" time="0.031" />
  <testcase classname="ptolemy.util.test.junit.AutoTests" name="[61] /home/travis/build/icyphy/ptII/ptolemy/domains/modal/test/auto/FixedPointFSM.xml (RunModel)" time="0.068" />
  <testcase classname="ptolemy.util.test.junit.AutoTests" name="[62] /home/travis/build/icyphy/ptII/ptolemy/domains/modal/test/auto/FixedPointIterationFSMActor.xml (RunModel)" time="0.041" />
  <testcase classname="ptolemy.util.test.junit.AutoTests" name="[63] /home/travis/build/icyphy/ptII/ptolemy/domains/modal/test/auto/FixedPointIterationFSMActor2.xml (RunModel)" time="0.042" />
  <testcase classname="ptolemy.util.test.junit.AutoTests" name="[64] /home/travis/build/icyphy/ptII/ptolemy/domains/modal/test/auto/ForbiddenInstantanousLoop.xml (RunModel)" time="0.049" />
  <testcase classname="ptolemy.util.test.junit.AutoTests" name="[65] /home/travis/build/icyphy/ptII/ptolemy/domains/modal/test/auto/FunctionDependencyOfFSMActorTest.xml (RunModel)" time="0.037" />
  <testcase classname="ptolemy.util.test.junit.AutoTests" name="[66] /home/travis/build/icyphy/ptII/ptolemy/domains/modal/test/auto/GuardExpression.xml (RunModel)" time="0.016" />
  <testcase classname="ptolemy.util.test.junit.AutoTests" name="[67] /home/travis/build/icyphy/ptII/ptolemy/domains/modal/test/auto/GuardNotEvaluated.xml (RunModel)" time="0.032" />
  <testcase classname="ptolemy.util.test.junit.AutoTests" name="[68] /home/travis/build/icyphy/ptII/ptolemy/domains/modal/test/auto/GuardNotEvaluated2.xml (RunModel)" time="0.025" />
  <testcase classname="ptolemy.util.test.junit.AutoTests" name="[69] /home/travis/build/icyphy/ptII/ptolemy/domains/modal/test/auto/GuardOnAbsent.xml (RunModel)" time="0.03" />
  <testcase classname="ptolemy.util.test.junit.AutoTests" name="[70] /home/travis/build/icyphy/ptII/ptolemy/domains/modal/test/auto/HierarchicalFSMTypeInference.xml (RunModel)" time="0.032" />
  <testcase classname="ptolemy.util.test.junit.AutoTests" name="[71] /home/travis/build/icyphy/ptII/ptolemy/domains/modal/test/auto/Hysteresis.xml (RunModel)" time="0.052" />
  <testcase classname="ptolemy.util.test.junit.AutoTests" name="[72] /home/travis/build/icyphy/ptII/ptolemy/domains/modal/test/auto/HysteresisWithDefault.xml (RunModel)" time="0.098" />
  <testcase classname="ptolemy.util.test.junit.AutoTests" name="[73] /home/travis/build/icyphy/ptII/ptolemy/domains/modal/test/auto/HysteresisWithDefault2.xml (RunModel)" time="0.077" />
  <testcase classname="ptolemy.util.test.junit.AutoTests" name="[74] /home/travis/build/icyphy/ptII/ptolemy/domains/modal/test/auto/ImmediateNonConstructiveness.xml (RunModel)" time="0.021" />
  <testcase classname="ptolemy.util.test.junit.AutoTests" name="[75] /home/travis/build/icyphy/ptII/ptolemy/domains/modal/test/auto/ImmediateNonConstructiveness2.xml (RunModel)" time="0.02" />
  <testcase classname="ptolemy.util.test.junit.AutoTests" name="[76] /home/travis/build/icyphy/ptII/ptolemy/domains/modal/test/auto/ImmediateTransitionReset.xml (RunModel)" time="0.043" />
  <testcase classname="ptolemy.util.test.junit.AutoTests" name="[77] /home/travis/build/icyphy/ptII/ptolemy/domains/modal/test/auto/ImmediateTransitions1.xml (RunModel)" time="0.02" />
  <testcase classname="ptolemy.util.test.junit.AutoTests" name="[78] /home/travis/build/icyphy/ptII/ptolemy/domains/modal/test/auto/ImmediateTransitionsInstantaneousCommunication.xml (RunModel)" time="0.037" />
  <testcase classname="ptolemy.util.test.junit.AutoTests" name="[79] /home/travis/build/icyphy/ptII/ptolemy/domains/modal/test/auto/InitialImmediateTransition.xml (RunModel)" time="0.019" />
  <testcase classname="ptolemy.util.test.junit.AutoTests" name="[80] /home/travis/build/icyphy/ptII/ptolemy/domains/modal/test/auto/InitialOutputs.xml (RunModel)" time="0.022" />
  <testcase classname="ptolemy.util.test.junit.AutoTests" name="[81] /home/travis/build/icyphy/ptII/ptolemy/domains/modal/test/auto/InitialStateTransition1.xml (RunModel)" time="0.022" />
  <testcase classname="ptolemy.util.test.junit.AutoTests" name="[82] /home/travis/build/icyphy/ptII/ptolemy/domains/modal/test/auto/InitialStateTransition2.xml (RunModel)" time="0.03" />
  <testcase classname="ptolemy.util.test.junit.AutoTests" name="[83] /home/travis/build/icyphy/ptII/ptolemy/domains/modal/test/auto/InitialStateTransition3.xml (RunModel)" time="0.026" />
  <testcase classname="ptolemy.util.test.junit.AutoTests" name="[84] /home/travis/build/icyphy/ptII/ptolemy/domains/modal/test/auto/InitialStateTransition4.xml (RunModel)" time="0.06" />
  <testcase classname="ptolemy.util.test.junit.AutoTests" name="[85] /home/travis/build/icyphy/ptII/ptolemy/domains/modal/test/auto/MalformedGuardExpressionNotCaught.xml (RunModel)" time="0.031" />
  <testcase classname="ptolemy.util.test.junit.AutoTests" name="[86] /home/travis/build/icyphy/ptII/ptolemy/domains/modal/test/auto/ModalBSC.xml (RunModel)" time="0.126" />
  <testcase classname="ptolemy.util.test.junit.AutoTests" name="[87] /home/travis/build/icyphy/ptII/ptolemy/domains/modal/test/auto/ModalClocks.xml (RunModel)" time="0.12" />
  <testcase classname="ptolemy.util.test.junit.AutoTests" name="[88] /home/travis/build/icyphy/ptII/ptolemy/domains/modal/test/auto/ModalDelay.xml (RunModel)" time="0.05" />
  <testcase classname="ptolemy.util.test.junit.AutoTests" name="[89] /home/travis/build/icyphy/ptII/ptolemy/domains/modal/test/auto/ModalDelay2.xml (RunModel)" time="0.051" />
  <testcase classname="ptolemy.util.test.junit.AutoTests" name="[90] /home/travis/build/icyphy/ptII/ptolemy/domains/modal/test/auto/ModalModelFromMemo.xml (RunModel)" time="0.055" />
  <testcase classname="ptolemy.util.test.junit.AutoTests" name="[91] /home/travis/build/icyphy/ptII/ptolemy/domains/modal/test/auto/ModalModelWithMultirateTransient.xml (RunModel)" time="0.06" />
  <testcase classname="ptolemy.util.test.junit.AutoTests" name="[92] /home/travis/build/icyphy/ptII/ptolemy/domains/modal/test/auto/ModalModelWithReset.xml (RunModel)" time="0.059" />
  <testcase classname="ptolemy.util.test.junit.AutoTests" name="[93] /home/travis/build/icyphy/ptII/ptolemy/domains/modal/test/auto/MouseClickFSM.xml (RunModel)" time="0.06" />
  <testcase classname="ptolemy.util.test.junit.AutoTests" name="[94] /home/travis/build/icyphy/ptII/ptolemy/domains/modal/test/auto/MouseClickFSMModal.xml (RunModel)" time="0.037" />
  <testcase classname="ptolemy.util.test.junit.AutoTests" name="[95] /home/travis/build/icyphy/ptII/ptolemy/domains/modal/test/auto/NonStrictFSM_FeedbackLoop.xml (RunModel)" time="0.057" />
  <testcase classname="ptolemy.util.test.junit.AutoTests" name="[96] /home/travis/build/icyphy/ptII/ptolemy/domains/modal/test/auto/NonStrictFSM_FeedbackLoop_Refinement.xml (RunModel)" time="0.098" />
  <testcase classname="ptolemy.util.test.junit.AutoTests" name="[97] /home/travis/build/icyphy/ptII/ptolemy/domains/modal/test/auto/NonStrictFSM_FeedbackLoop_preemptive.xml (RunModel)" time="0.061" />
  <testcase classname="ptolemy.util.test.junit.AutoTests" name="[98] /home/travis/build/icyphy/ptII/ptolemy/domains/modal/test/auto/NormalTermination.xml (RunModel)" time="0.054" />
  <testcase classname="ptolemy.util.test.junit.AutoTests" name="[99] /home/travis/build/icyphy/ptII/ptolemy/domains/modal/test/auto/Pong.xml (RunModel)" time="0.102" />
  <testcase classname="ptolemy.util.test.junit.AutoTests" name="[100] /home/travis/build/icyphy/ptII/ptolemy/domains/modal/test/auto/Pong_test.xml (RunModel)" time="0.151" />
  <testcase classname="ptolemy.util.test.junit.AutoTests" name="[101] /home/travis/build/icyphy/ptII/ptolemy/domains/modal/test/auto/PreemptionHierarchy.xml (RunModel)" time="0.056" />
  <testcase classname="ptolemy.util.test.junit.AutoTests" name="[102] /home/travis/build/icyphy/ptII/ptolemy/domains/modal/test/auto/PreemptionHierarchy2.xml (RunModel)" time="0.037" />
  <testcase classname="ptolemy.util.test.junit.AutoTests" name="[103] /home/travis/build/icyphy/ptII/ptolemy/domains/modal/test/auto/PreemptiveTransition.xml (RunModel)" time="0.03" />
  <testcase classname="ptolemy.util.test.junit.AutoTests" name="[104] /home/travis/build/icyphy/ptII/ptolemy/domains/modal/test/auto/Priorities.xml (RunModel)" time="0.114" />
  <testcase classname="ptolemy.util.test.junit.AutoTests" name="[105] /home/travis/build/icyphy/ptII/ptolemy/domains/modal/test/auto/ResetFinal.xml (RunModel)" time="0.043" />
  <testcase classname="ptolemy.util.test.junit.AutoTests" name="[106] /home/travis/build/icyphy/ptII/ptolemy/domains/modal/test/auto/ResetFinal2.xml (RunModel)" time="0.035" />
  <testcase classname="ptolemy.util.test.junit.AutoTests" name="[107] /home/travis/build/icyphy/ptII/ptolemy/domains/modal/test/auto/ResetTransitionWithStartTime.xml (RunModel)" time="0.034" />
  <testcase classname="ptolemy.util.test.junit.AutoTests" name="[108] /home/travis/build/icyphy/ptII/ptolemy/domains/modal/test/auto/SDF-FSMComposite.xml (RunModel)" time="0.025" />
  <testcase classname="ptolemy.util.test.junit.AutoTests" name="[109] /home/travis/build/icyphy/ptII/ptolemy/domains/modal/test/auto/SeeminglyNondeterminate.xml (RunModel)" time="0.083" />
  <testcase classname="ptolemy.util.test.junit.AutoTests" name="[110] /home/travis/build/icyphy/ptII/ptolemy/domains/modal/test/auto/SeeminglyNondeterminate2.xml (RunModel)" time="0.094" />
  <testcase classname="ptolemy.util.test.junit.AutoTests" name="[111] /home/travis/build/icyphy/ptII/ptolemy/domains/modal/test/auto/SpontaneousFSM.xml (RunModel)" time="0.052" />
  <testcase classname="ptolemy.util.test.junit.AutoTests" name="[112] /home/travis/build/icyphy/ptII/ptolemy/domains/modal/test/auto/SpontaneousFSM2.xml (RunModel)" time="0.028" />
  <testcase classname="ptolemy.util.test.junit.AutoTests" name="[113] /home/travis/build/icyphy/ptII/ptolemy/domains/modal/test/auto/SpontaneousFSM3.xml (RunModel)" time="0.041" />
  <testcase classname="ptolemy.util.test.junit.AutoTests" name="[114] /home/travis/build/icyphy/ptII/ptolemy/domains/modal/test/auto/SpontaneousFSM4.xml (RunModel)" time="0.052" />
  <testcase classname="ptolemy.util.test.junit.AutoTests" name="[115] /home/travis/build/icyphy/ptII/ptolemy/domains/modal/test/auto/StateTrackerTest.xml (RunModel)" time="0.073" />
  <testcase classname="ptolemy.util.test.junit.AutoTests" name="[116] /home/travis/build/icyphy/ptII/ptolemy/domains/modal/test/auto/StrongImmediateTransition.xml (RunModel)" time="0.026" />
  <testcase classname="ptolemy.util.test.junit.AutoTests" name="[117] /home/travis/build/icyphy/ptII/ptolemy/domains/modal/test/auto/SustainHierarchy.xml (RunModel)" time="0.034" />
  <testcase classname="ptolemy.util.test.junit.AutoTests" name="[118] /home/travis/build/icyphy/ptII/ptolemy/domains/modal/test/auto/TerminationTransition1.xml (RunModel)" time="0.019" />
  <testcase classname="ptolemy.util.test.junit.AutoTests" name="[119] /home/travis/build/icyphy/ptII/ptolemy/domains/modal/test/auto/TerminationTransition2.xml (RunModel)" time="0.028" />
  <testcase classname="ptolemy.util.test.junit.AutoTests" name="[120] /home/travis/build/icyphy/ptII/ptolemy/domains/modal/test/auto/TerminationTransition3.xml (RunModel)" time="0.023" />
  <testcase classname="ptolemy.util.test.junit.AutoTests" name="[121] /home/travis/build/icyphy/ptII/ptolemy/domains/modal/test/auto/TerminationTransition4.xml (RunModel)" time="0.036" />
  <testcase classname="ptolemy.util.test.junit.AutoTests" name="[122] /home/travis/build/icyphy/ptII/ptolemy/domains/modal/test/auto/TerminationTransition5.xml (RunModel)" time="0.032" />
  <testcase classname="ptolemy.util.test.junit.AutoTests" name="[123] /home/travis/build/icyphy/ptII/ptolemy/domains/modal/test/auto/TerminationTransition6.xml (RunModel)" time="0.021" />
  <testcase classname="ptolemy.util.test.junit.AutoTests" name="[124] /home/travis/build/icyphy/ptII/ptolemy/domains/modal/test/auto/TerminationTransition7.xml (RunModel)" time="0.023" />
  <testcase classname="ptolemy.util.test.junit.AutoTests" name="[125] /home/travis/build/icyphy/ptII/ptolemy/domains/modal/test/auto/TerminationTransition8.xml (RunModel)" time="0.044" />
  <testcase classname="ptolemy.util.test.junit.AutoTests" name="[126] /home/travis/build/icyphy/ptII/ptolemy/domains/modal/test/auto/Thermostat_NoHysteresis.xml (RunModel)" time="0.062" />
  <testcase classname="ptolemy.util.test.junit.AutoTests" name="[127] /home/travis/build/icyphy/ptII/ptolemy/domains/modal/test/auto/TimedFSM.xml (RunModel)" time="0.033" />
  <testcase classname="ptolemy.util.test.junit.AutoTests" name="[128] /home/travis/build/icyphy/ptII/ptolemy/domains/modal/test/auto/Timeout1.xml (RunModel)" time="0.014" />
  <testcase classname="ptolemy.util.test.junit.AutoTests" name="[129] /home/travis/build/icyphy/ptII/ptolemy/domains/modal/test/auto/Timeout2.xml (RunModel)" time="0.023" />
  <testcase classname="ptolemy.util.test.junit.AutoTests" name="[130] /home/travis/build/icyphy/ptII/ptolemy/domains/modal/test/auto/Timeout3.xml (RunModel)" time="0.014" />
  <testcase classname="ptolemy.util.test.junit.AutoTests" name="[131] /home/travis/build/icyphy/ptII/ptolemy/domains/modal/test/auto/Timeout4.xml (RunModel)" time="0.018" />
  <testcase classname="ptolemy.util.test.junit.AutoTests" name="[132] /home/travis/build/icyphy/ptII/ptolemy/domains/modal/test/auto/TransientstateModelAdvanced.xml (RunModel)" time="0.04" />
  <testcase classname="ptolemy.util.test.junit.AutoTests" name="[133] /home/travis/build/icyphy/ptII/ptolemy/domains/modal/test/auto/TransientstateModelAdvanced2.xml (RunModel)" time="0.038" />
  <testcase classname="ptolemy.util.test.junit.AutoTests" name="[134] /home/travis/build/icyphy/ptII/ptolemy/domains/modal/test/auto/TransitionRefinements.xml (RunModel)" time="0.027" />
  <testcase classname="ptolemy.util.test.junit.AutoTests" name="[135] /home/travis/build/icyphy/ptII/ptolemy/domains/modal/test/auto/TwoRefinements1.xml (RunModel)" time="0.028" />
  <testcase classname="ptolemy.util.test.junit.AutoTests" name="[136] /home/travis/build/icyphy/ptII/ptolemy/domains/modal/test/auto/TwoRefinements2.xml (RunModel)" time="0.029" />
  <testcase classname="ptolemy.util.test.junit.AutoTests" name="[137] /home/travis/build/icyphy/ptII/ptolemy/domains/modal/test/auto/WeakImmediateTransition.xml (RunModel)" time="0.027" />
  <testcase classname="ptolemy.util.test.junit.AutoTests" name="[138] /home/travis/build/icyphy/ptII/ptolemy/domains/modal/test/auto/booleanSelect.xml (RunModel)" time="0.06" />
  <testcase classname="ptolemy.util.test.junit.AutoTests" name="[139] /home/travis/build/icyphy/ptII/ptolemy/domains/modal/test/auto/modalChangingParams.xml (RunModel)" time="0.355" />
  <testcase classname="ptolemy.util.test.junit.AutoTests" name="[140] /home/travis/build/icyphy/ptII/ptolemy/domains/modal/test/auto/modalModel.xml (RunModel)" time="0.03" />
  <testcase classname="ptolemy.util.test.junit.AutoTests" name="[141] /home/travis/build/icyphy/ptII/ptolemy/domains/modal/test/auto/modalModel2.xml (RunModel)" time="0.038" />
  <testcase classname="ptolemy.util.test.junit.AutoTests" name="[142] /home/travis/build/icyphy/ptII/ptolemy/domains/modal/test/auto/modalModel3.xml (RunModel)" time="0.048" />
  <testcase classname="ptolemy.util.test.junit.AutoTests" name="[143] /home/travis/build/icyphy/ptII/ptolemy/domains/modal/test/auto/model1.xml (RunModel)" time="0.025" />
  <testcase classname="ptolemy.util.test.junit.AutoTests" name="[144] /home/travis/build/icyphy/ptII/ptolemy/domains/modal/test/auto/test-direct-in-out.xml (RunModel)" time="0.028" />
  <system-out><![CDATA[/home/travis/build/icyphy/ptII/ptolemy/domains/modal/test/SystemLevelType.tcl
testDefs.tcl: setting time out to 9000 seconds at Wed Nov 20 06:22:48 UTC 2019
11/20/19 06:22:51
Failed: 0  Total Tests: 1  ((Passed: 1, Newly Passed: 0)  Known Failed: 0) /home/travis/build/icyphy/ptII/ptolemy/domains/modal/test
----------------- testing (KnownFailure) /home/travis/build/icyphy/ptII/ptolemy/domains/modal/test/auto/knownFailedTests/CannotAnalysisWithPreemption.xml
92 ms. Memory: 120832K Free: 99962K (83%)
Known Failure: java.lang.reflect.InvocationTargetException
No auto/linux-amd64/*.xml tests in /home/travis/build/icyphy/ptII/ptolemy/domains/modal/test
AutoTests.java: About to close Vertx.
AutoTests.java: Vertx closed.

===========================================================================================
----------------- testing Wed Nov 20 06:22:51 UTC 2019 /home/travis/build/icyphy/ptII/ptolemy/domains/modal/test/auto/ABPTest.xml
----------------- Instantiating /home/travis/build/icyphy/ptII/ptolemy/domains/modal/test/auto/ABPTest.xml
414 ms. Memory: 159744K Free: 119852K (75%)
----------------- Invoking toplevel() on ptolemy.moml.MoMLSimpleApplication@52577884
----------------- Done invoking toplevel() on ptolemy.moml.MoMLSimpleApplication@52577884
reloadAllAccessors: .ABPTest

===========================================================================================
----------------- testing Wed Nov 20 06:22:52 UTC 2019 /home/travis/build/icyphy/ptII/ptolemy/domains/modal/test/auto/ABROFlat.xml
----------------- Instantiating /home/travis/build/icyphy/ptII/ptolemy/domains/modal/test/auto/ABROFlat.xml
37 ms. Memory: 159744K Free: 104878K (66%)
----------------- Invoking toplevel() on ptolemy.moml.MoMLSimpleApplication@672f70a7
----------------- Done invoking toplevel() on ptolemy.moml.MoMLSimpleApplication@672f70a7
reloadAllAccessors: .ABROFlat

===========================================================================================
----------------- testing Wed Nov 20 06:22:52 UTC 2019 /home/travis/build/icyphy/ptII/ptolemy/domains/modal/test/auto/ABROFlat2.xml
----------------- Instantiating /home/travis/build/icyphy/ptII/ptolemy/domains/modal/test/auto/ABROFlat2.xml
27 ms. Memory: 159744K Free: 88006K (55%)
----------------- Invoking toplevel() on ptolemy.moml.MoMLSimpleApplication@690d8b66
----------------- Done invoking toplevel() on ptolemy.moml.MoMLSimpleApplication@690d8b66
reloadAllAccessors: .ABROFlat2

===========================================================================================
----------------- testing Wed Nov 20 06:22:53 UTC 2019 /home/travis/build/icyphy/ptII/ptolemy/domains/modal/test/auto/ABRO_present_hmm.xml
----------------- Instantiating /home/travis/build/icyphy/ptII/ptolemy/domains/modal/test/auto/ABRO_present_hmm.xml
52 ms. Memory: 159744K Free: 61382K (38%)
----------------- Invoking toplevel() on ptolemy.moml.MoMLSimpleApplication@d29af72
----------------- Done invoking toplevel() on ptolemy.moml.MoMLSimpleApplication@d29af72
reloadAllAccessors: .ABRO_present_hmm

===========================================================================================
----------------- testing Wed Nov 20 06:22:53 UTC 2019 /home/travis/build/icyphy/ptII/ptolemy/domains/modal/test/auto/AMICoderExample.xml
----------------- Instantiating /home/travis/build/icyphy/ptII/ptolemy/domains/modal/test/auto/AMICoderExample.xml
59 ms. Memory: 159744K Free: 137909K (86%)
----------------- Invoking toplevel() on ptolemy.moml.MoMLSimpleApplication@7136d9ea
----------------- Done invoking toplevel() on ptolemy.moml.MoMLSimpleApplication@7136d9ea
reloadAllAccessors: .AMICoderExample

===========================================================================================
----------------- testing Wed Nov 20 06:22:53 UTC 2019 /home/travis/build/icyphy/ptII/ptolemy/domains/modal/test/auto/AbsentToPresent.xml
----------------- Instantiating /home/travis/build/icyphy/ptII/ptolemy/domains/modal/test/auto/AbsentToPresent.xml
5 ms. Memory: 159744K Free: 133317K (83%)
----------------- Invoking toplevel() on ptolemy.moml.MoMLSimpleApplication@161c7e92
----------------- Done invoking toplevel() on ptolemy.moml.MoMLSimpleApplication@161c7e92
reloadAllAccessors: .AbsentToPresent

===========================================================================================
----------------- testing Wed Nov 20 06:22:53 UTC 2019 /home/travis/build/icyphy/ptII/ptolemy/domains/modal/test/auto/Blending.xml
----------------- Instantiating /home/travis/build/icyphy/ptII/ptolemy/domains/modal/test/auto/Blending.xml
225 ms. Memory: 159744K Free: 88261K (55%)
----------------- Invoking toplevel() on ptolemy.moml.MoMLSimpleApplication@24c658d2
----------------- Done invoking toplevel() on ptolemy.moml.MoMLSimpleApplication@24c658d2
reloadAllAccessors: .Blending

===========================================================================================
----------------- testing Wed Nov 20 06:22:53 UTC 2019 /home/travis/build/icyphy/ptII/ptolemy/domains/modal/test/auto/Broadcast.xml
----------------- Instantiating /home/travis/build/icyphy/ptII/ptolemy/domains/modal/test/auto/Broadcast.xml
7 ms. Memory: 159744K Free: 78021K (49%)
----------------- Invoking toplevel() on ptolemy.moml.MoMLSimpleApplication@59170f90
----------------- Done invoking toplevel() on ptolemy.moml.MoMLSimpleApplication@59170f90
reloadAllAccessors: .Broadcast

===========================================================================================
----------------- testing Wed Nov 20 06:22:53 UTC 2019 /home/travis/build/icyphy/ptII/ptolemy/domains/modal/test/auto/BroadcastHierarchy.xml
----------------- Instantiating /home/travis/build/icyphy/ptII/ptolemy/domains/modal/test/auto/BroadcastHierarchy.xml
12 ms. Memory: 159744K Free: 63685K (40%)
----------------- Invoking toplevel() on ptolemy.moml.MoMLSimpleApplication@3c22c39a
----------------- Done invoking toplevel() on ptolemy.moml.MoMLSimpleApplication@3c22c39a
reloadAllAccessors: .BroadcastHierarchy

===========================================================================================
----------------- testing Wed Nov 20 06:22:53 UTC 2019 /home/travis/build/icyphy/ptII/ptolemy/domains/modal/test/auto/BroadcastHierarchy2.xml
----------------- Instantiating /home/travis/build/icyphy/ptII/ptolemy/domains/modal/test/auto/BroadcastHierarchy2.xml
43 ms. Memory: 159744K Free: 126166K (79%)
----------------- Invoking toplevel() on ptolemy.moml.MoMLSimpleApplication@50e8e6b2
----------------- Done invoking toplevel() on ptolemy.moml.MoMLSimpleApplication@50e8e6b2
reloadAllAccessors: .BroadcastHierarchy2

===========================================================================================
----------------- testing Wed Nov 20 06:22:54 UTC 2019 /home/travis/build/icyphy/ptII/ptolemy/domains/modal/test/auto/BroadcastHierarchy3.xml
----------------- Instantiating /home/travis/build/icyphy/ptII/ptolemy/domains/modal/test/auto/BroadcastHierarchy3.xml
30 ms. Memory: 159744K Free: 105686K (66%)
----------------- Invoking toplevel() on ptolemy.moml.MoMLSimpleApplication@53f8a36a
----------------- Done invoking toplevel() on ptolemy.moml.MoMLSimpleApplication@53f8a36a
reloadAllAccessors: .BroadcastHierarchy3

===========================================================================================
----------------- testing Wed Nov 20 06:22:54 UTC 2019 /home/travis/build/icyphy/ptII/ptolemy/domains/modal/test/auto/BroadcastHierarchy4.xml
----------------- Instantiating /home/travis/build/icyphy/ptII/ptolemy/domains/modal/test/auto/BroadcastHierarchy4.xml
26 ms. Memory: 159744K Free: 81110K (51%)
----------------- Invoking toplevel() on ptolemy.moml.MoMLSimpleApplication@646ae7fd
----------------- Done invoking toplevel() on ptolemy.moml.MoMLSimpleApplication@646ae7fd
reloadAllAccessors: .BroadcastHierarchy4

===========================================================================================
----------------- testing Wed Nov 20 06:22:54 UTC 2019 /home/travis/build/icyphy/ptII/ptolemy/domains/modal/test/auto/CannotAnalysisWithPreemption2.xml
----------------- Instantiating /home/travis/build/icyphy/ptII/ptolemy/domains/modal/test/auto/CannotAnalysisWithPreemption2.xml
7 ms. Memory: 159744K Free: 73942K (46%)
----------------- Invoking toplevel() on ptolemy.moml.MoMLSimpleApplication@9ca585e
----------------- Done invoking toplevel() on ptolemy.moml.MoMLSimpleApplication@9ca585e
reloadAllAccessors: .CannotAnalysisWithPreemption2

===========================================================================================
----------------- testing Wed Nov 20 06:22:54 UTC 2019 /home/travis/build/icyphy/ptII/ptolemy/domains/modal/test/auto/CannotAnalysisWithPreemption3.xml
----------------- Instantiating /home/travis/build/icyphy/ptII/ptolemy/domains/modal/test/auto/CannotAnalysisWithPreemption3.xml
8 ms. Memory: 159744K Free: 63702K (40%)
----------------- Invoking toplevel() on ptolemy.moml.MoMLSimpleApplication@7279b126
----------------- Done invoking toplevel() on ptolemy.moml.MoMLSimpleApplication@7279b126
reloadAllAccessors: .CannotAnalysisWithPreemption3

===========================================================================================
----------------- testing Wed Nov 20 06:22:54 UTC 2019 /home/travis/build/icyphy/ptII/ptolemy/domains/modal/test/auto/CannotProduce.xml
----------------- Instantiating /home/travis/build/icyphy/ptII/ptolemy/domains/modal/test/auto/CannotProduce.xml
24 ms. Memory: 159744K Free: 57044K (36%)
----------------- Invoking toplevel() on ptolemy.moml.MoMLSimpleApplication@57b192b
----------------- Done invoking toplevel() on ptolemy.moml.MoMLSimpleApplication@57b192b
reloadAllAccessors: .CannotProduce

===========================================================================================
----------------- testing Wed Nov 20 06:22:54 UTC 2019 /home/travis/build/icyphy/ptII/ptolemy/domains/modal/test/auto/CannotProduceModal.xml
----------------- Instantiating /home/travis/build/icyphy/ptII/ptolemy/domains/modal/test/auto/CannotProduceModal.xml
19 ms. Memory: 201728K Free: 181971K (90%)
----------------- Invoking toplevel() on ptolemy.moml.MoMLSimpleApplication@7ce9b32c
----------------- Done invoking toplevel() on ptolemy.moml.MoMLSimpleApplication@7ce9b32c
reloadAllAccessors: .CannotProduceModal

===========================================================================================
----------------- testing Wed Nov 20 06:22:54 UTC 2019 /home/travis/build/icyphy/ptII/ptolemy/domains/modal/test/auto/Case.xml
----------------- Instantiating /home/travis/build/icyphy/ptII/ptolemy/domains/modal/test/auto/Case.xml
52 ms. Memory: 201728K Free: 170707K (85%)
----------------- Invoking toplevel() on ptolemy.moml.MoMLSimpleApplication@212df9c9
----------------- Done invoking toplevel() on ptolemy.moml.MoMLSimpleApplication@212df9c9
reloadAllAccessors: .Case

===========================================================================================
----------------- testing Wed Nov 20 06:22:54 UTC 2019 /home/travis/build/icyphy/ptII/ptolemy/domains/modal/test/auto/Case1.xml
----------------- Instantiating /home/travis/build/icyphy/ptII/ptolemy/domains/modal/test/auto/Case1.xml
15 ms. Memory: 201728K Free: 163539K (81%)
----------------- Invoking toplevel() on ptolemy.moml.MoMLSimpleApplication@1336b1b7
----------------- Done invoking toplevel() on ptolemy.moml.MoMLSimpleApplication@1336b1b7
reloadAllAccessors: .Case1

===========================================================================================
----------------- testing Wed Nov 20 06:22:54 UTC 2019 /home/travis/build/icyphy/ptII/ptolemy/domains/modal/test/auto/Case2.xml
----------------- Instantiating /home/travis/build/icyphy/ptII/ptolemy/domains/modal/test/auto/Case2.xml
27 ms. Memory: 201728K Free: 152275K (75%)
----------------- Invoking toplevel() on ptolemy.moml.MoMLSimpleApplication@33ac982e
----------------- Done invoking toplevel() on ptolemy.moml.MoMLSimpleApplication@33ac982e
reloadAllAccessors: .Case2

===========================================================================================
----------------- testing Wed Nov 20 06:22:54 UTC 2019 /home/travis/build/icyphy/ptII/ptolemy/domains/modal/test/auto/CausalityInterface1.xml
----------------- Instantiating /home/travis/build/icyphy/ptII/ptolemy/domains/modal/test/auto/CausalityInterface1.xml
4 ms. Memory: 201728K Free: 147155K (73%)
----------------- Invoking toplevel() on ptolemy.moml.MoMLSimpleApplication@24633ef6
----------------- Done invoking toplevel() on ptolemy.moml.MoMLSimpleApplication@24633ef6
reloadAllAccessors: .CausalityInterface1

===========================================================================================
----------------- testing Wed Nov 20 06:22:54 UTC 2019 /home/travis/build/icyphy/ptII/ptolemy/domains/modal/test/auto/CausalityInterface10.xml
----------------- Instantiating /home/travis/build/icyphy/ptII/ptolemy/domains/modal/test/auto/CausalityInterface10.xml
13 ms. Memory: 201728K Free: 133843K (66%)
----------------- Invoking toplevel() on ptolemy.moml.MoMLSimpleApplication@1782272f
----------------- Done invoking toplevel() on ptolemy.moml.MoMLSimpleApplication@1782272f
reloadAllAccessors: .CausalityInterface10

===========================================================================================
----------------- testing Wed Nov 20 06:22:54 UTC 2019 /home/travis/build/icyphy/ptII/ptolemy/domains/modal/test/auto/CausalityInterface11.xml
----------------- Instantiating /home/travis/build/icyphy/ptII/ptolemy/domains/modal/test/auto/CausalityInterface11.xml
6 ms. Memory: 201728K Free: 120531K (60%)
----------------- Invoking toplevel() on ptolemy.moml.MoMLSimpleApplication@2a0961b2
----------------- Done invoking toplevel() on ptolemy.moml.MoMLSimpleApplication@2a0961b2
reloadAllAccessors: .CausalityInterface11

===========================================================================================
----------------- testing Wed Nov 20 06:22:55 UTC 2019 /home/travis/build/icyphy/ptII/ptolemy/domains/modal/test/auto/CausalityInterface12.xml
----------------- Instantiating /home/travis/build/icyphy/ptII/ptolemy/domains/modal/test/auto/CausalityInterface12.xml
14 ms. Memory: 201728K Free: 107219K (53%)
----------------- Invoking toplevel() on ptolemy.moml.MoMLSimpleApplication@150f232d
----------------- Done invoking toplevel() on ptolemy.moml.MoMLSimpleApplication@150f232d
reloadAllAccessors: .CausalityInterface12

===========================================================================================
----------------- testing Wed Nov 20 06:22:55 UTC 2019 /home/travis/build/icyphy/ptII/ptolemy/domains/modal/test/auto/CausalityInterface13.xml
----------------- Instantiating /home/travis/build/icyphy/ptII/ptolemy/domains/modal/test/auto/CausalityInterface13.xml
24 ms. Memory: 201728K Free: 93379K (46%)
----------------- Invoking toplevel() on ptolemy.moml.MoMLSimpleApplication@38744827
----------------- Done invoking toplevel() on ptolemy.moml.MoMLSimpleApplication@38744827
reloadAllAccessors: .CausalityInterface13

===========================================================================================
----------------- testing Wed Nov 20 06:22:55 UTC 2019 /home/travis/build/icyphy/ptII/ptolemy/domains/modal/test/auto/CausalityInterface14.xml
----------------- Instantiating /home/travis/build/icyphy/ptII/ptolemy/domains/modal/test/auto/CausalityInterface14.xml
20 ms. Memory: 201728K Free: 79571K (39%)
----------------- Invoking toplevel() on ptolemy.moml.MoMLSimpleApplication@4c921476
----------------- Done invoking toplevel() on ptolemy.moml.MoMLSimpleApplication@4c921476
reloadAllAccessors: .CausalityInterface14

===========================================================================================
----------------- testing Wed Nov 20 06:22:55 UTC 2019 /home/travis/build/icyphy/ptII/ptolemy/domains/modal/test/auto/CausalityInterface2.xml
----------------- Instantiating /home/travis/build/icyphy/ptII/ptolemy/domains/modal/test/auto/CausalityInterface2.xml
4 ms. Memory: 201728K Free: 72913K (36%)
----------------- Invoking toplevel() on ptolemy.moml.MoMLSimpleApplication@65870392
----------------- Done invoking toplevel() on ptolemy.moml.MoMLSimpleApplication@65870392
reloadAllAccessors: .CausalityInterface2

===========================================================================================
----------------- testing Wed Nov 20 06:22:55 UTC 2019 /home/travis/build/icyphy/ptII/ptolemy/domains/modal/test/auto/CausalityInterface3.xml
----------------- Instantiating /home/travis/build/icyphy/ptII/ptolemy/domains/modal/test/auto/CausalityInterface3.xml
7 ms. Memory: 201728K Free: 182506K (90%)
----------------- Invoking toplevel() on ptolemy.moml.MoMLSimpleApplication@e137a45
----------------- Done invoking toplevel() on ptolemy.moml.MoMLSimpleApplication@e137a45
reloadAllAccessors: .CausalityInterface3

===========================================================================================
----------------- testing Wed Nov 20 06:22:55 UTC 2019 /home/travis/build/icyphy/ptII/ptolemy/domains/modal/test/auto/CausalityInterface4.xml
----------------- Instantiating /home/travis/build/icyphy/ptII/ptolemy/domains/modal/test/auto/CausalityInterface4.xml
4 ms. Memory: 201728K Free: 175866K (87%)
----------------- Invoking toplevel() on ptolemy.moml.MoMLSimpleApplication@43cb3119
----------------- Done invoking toplevel() on ptolemy.moml.MoMLSimpleApplication@43cb3119
reloadAllAccessors: .CausalityInterface4

===========================================================================================
----------------- testing Wed Nov 20 06:22:55 UTC 2019 /home/travis/build/icyphy/ptII/ptolemy/domains/modal/test/auto/CausalityInterface5.xml
----------------- Instantiating /home/travis/build/icyphy/ptII/ptolemy/domains/modal/test/auto/CausalityInterface5.xml
5 ms. Memory: 201728K Free: 167160K (83%)
----------------- Invoking toplevel() on ptolemy.moml.MoMLSimpleApplication@5c2f37f5
----------------- Done invoking toplevel() on ptolemy.moml.MoMLSimpleApplication@5c2f37f5
reloadAllAccessors: .CausalityInterface5

===========================================================================================
----------------- testing Wed Nov 20 06:22:55 UTC 2019 /home/travis/build/icyphy/ptII/ptolemy/domains/modal/test/auto/CausalityInterface6.xml
----------------- Instantiating /home/travis/build/icyphy/ptII/ptolemy/domains/modal/test/auto/CausalityInterface6.xml
8 ms. Memory: 201728K Free: 158968K (79%)
----------------- Invoking toplevel() on ptolemy.moml.MoMLSimpleApplication@1c4f44d9
----------------- Done invoking toplevel() on ptolemy.moml.MoMLSimpleApplication@1c4f44d9
reloadAllAccessors: .CausalityInterface6

===========================================================================================
----------------- testing Wed Nov 20 06:22:55 UTC 2019 /home/travis/build/icyphy/ptII/ptolemy/domains/modal/test/auto/CausalityInterface7.xml
----------------- Instantiating /home/travis/build/icyphy/ptII/ptolemy/domains/modal/test/auto/CausalityInterface7.xml
4 ms. Memory: 201728K Free: 150776K (75%)
----------------- Invoking toplevel() on ptolemy.moml.MoMLSimpleApplication@63706d58
----------------- Done invoking toplevel() on ptolemy.moml.MoMLSimpleApplication@63706d58
reloadAllAccessors: .CausalityInterface7

===========================================================================================
----------------- testing Wed Nov 20 06:22:55 UTC 2019 /home/travis/build/icyphy/ptII/ptolemy/domains/modal/test/auto/CausalityInterface8.xml
----------------- Instantiating /home/travis/build/icyphy/ptII/ptolemy/domains/modal/test/auto/CausalityInterface8.xml
5 ms. Memory: 201728K Free: 142074K (70%)
----------------- Invoking toplevel() on ptolemy.moml.MoMLSimpleApplication@71f4f6e1
----------------- Done invoking toplevel() on ptolemy.moml.MoMLSimpleApplication@71f4f6e1
reloadAllAccessors: .CausalityInterface8

===========================================================================================
----------------- testing Wed Nov 20 06:22:55 UTC 2019 /home/travis/build/icyphy/ptII/ptolemy/domains/modal/test/auto/CausalityInterface9.xml
----------------- Instantiating /home/travis/build/icyphy/ptII/ptolemy/domains/modal/test/auto/CausalityInterface9.xml
5 ms. Memory: 201728K Free: 132858K (66%)
----------------- Invoking toplevel() on ptolemy.moml.MoMLSimpleApplication@3edd8dba
----------------- Done invoking toplevel() on ptolemy.moml.MoMLSimpleApplication@3edd8dba
reloadAllAccessors: .CausalityInterface9

===========================================================================================
----------------- testing Wed Nov 20 06:22:55 UTC 2019 /home/travis/build/icyphy/ptII/ptolemy/domains/modal/test/auto/ChainedTransitions.xml
----------------- Instantiating /home/travis/build/icyphy/ptII/ptolemy/domains/modal/test/auto/ChainedTransitions.xml
109 ms. Memory: 201728K Free: 107768K (53%)
----------------- Invoking toplevel() on ptolemy.moml.MoMLSimpleApplication@2a635cb7
----------------- Done invoking toplevel() on ptolemy.moml.MoMLSimpleApplication@2a635cb7
reloadAllAccessors: .ChainedTransitions

===========================================================================================
----------------- testing Wed Nov 20 06:22:55 UTC 2019 /home/travis/build/icyphy/ptII/ptolemy/domains/modal/test/auto/CycleOfImmediateTransitionsFSM.xml
----------------- Instantiating /home/travis/build/icyphy/ptII/ptolemy/domains/modal/test/auto/CycleOfImmediateTransitionsFSM.xml
2 ms. Memory: 201728K Free: 102138K (51%)
----------------- Invoking toplevel() on ptolemy.moml.MoMLSimpleApplication@2bcc5b2
----------------- Done invoking toplevel() on ptolemy.moml.MoMLSimpleApplication@2bcc5b2
reloadAllAccessors: .CycleOfImmediateTransitionsFSM

===========================================================================================
----------------- testing Wed Nov 20 06:22:55 UTC 2019 /home/travis/build/icyphy/ptII/ptolemy/domains/modal/test/auto/CycleOfImmediateTransitionsModal.xml
----------------- Instantiating /home/travis/build/icyphy/ptII/ptolemy/domains/modal/test/auto/CycleOfImmediateTransitionsModal.xml
3 ms. Memory: 201728K Free: 95994K (48%)
----------------- Invoking toplevel() on ptolemy.moml.MoMLSimpleApplication@7e1ff137
----------------- Done invoking toplevel() on ptolemy.moml.MoMLSimpleApplication@7e1ff137
reloadAllAccessors: .CycleOfImmediateTransitionsModal

===========================================================================================
----------------- testing Wed Nov 20 06:22:55 UTC 2019 /home/travis/build/icyphy/ptII/ptolemy/domains/modal/test/auto/CycleOfImmediateTransitionsModal2.xml
----------------- Instantiating /home/travis/build/icyphy/ptII/ptolemy/domains/modal/test/auto/CycleOfImmediateTransitionsModal2.xml
12 ms. Memory: 201728K Free: 89850K (45%)
----------------- Invoking toplevel() on ptolemy.moml.MoMLSimpleApplication@45aa9050
----------------- Done invoking toplevel() on ptolemy.moml.MoMLSimpleApplication@45aa9050
reloadAllAccessors: .CycleOfImmediateTransitionsModal2

===========================================================================================
----------------- testing Wed Nov 20 06:22:55 UTC 2019 /home/travis/build/icyphy/ptII/ptolemy/domains/modal/test/auto/CycleOfImmediateTransitionsModal3.xml
----------------- Instantiating /home/travis/build/icyphy/ptII/ptolemy/domains/modal/test/auto/CycleOfImmediateTransitionsModal3.xml
24 ms. Memory: 201728K Free: 182705K (91%)
----------------- Invoking toplevel() on ptolemy.moml.MoMLSimpleApplication@6863730d
----------------- Done invoking toplevel() on ptolemy.moml.MoMLSimpleApplication@6863730d
reloadAllAccessors: .CycleOfImmediateTransitionsModal3

===========================================================================================
----------------- testing Wed Nov 20 06:22:55 UTC 2019 /home/travis/build/icyphy/ptII/ptolemy/domains/modal/test/auto/DeepModal1.xml
----------------- Instantiating /home/travis/build/icyphy/ptII/ptolemy/domains/modal/test/auto/DeepModal1.xml
41 ms. Memory: 201728K Free: 168161K (83%)
----------------- Invoking toplevel() on ptolemy.moml.MoMLSimpleApplication@6b1c1d9a
----------------- Done invoking toplevel() on ptolemy.moml.MoMLSimpleApplication@6b1c1d9a
reloadAllAccessors: .DeepModal1

===========================================================================================
----------------- testing Wed Nov 20 06:22:56 UTC 2019 /home/travis/build/icyphy/ptII/ptolemy/domains/modal/test/auto/DeepModal2.xml
----------------- Instantiating /home/travis/build/icyphy/ptII/ptolemy/domains/modal/test/auto/DeepModal2.xml
28 ms. Memory: 201728K Free: 149215K (74%)
----------------- Invoking toplevel() on ptolemy.moml.MoMLSimpleApplication@113364f0
----------------- Done invoking toplevel() on ptolemy.moml.MoMLSimpleApplication@113364f0
reloadAllAccessors: .DeepModal2

===========================================================================================
----------------- testing Wed Nov 20 06:22:56 UTC 2019 /home/travis/build/icyphy/ptII/ptolemy/domains/modal/test/auto/DeepModal3.xml
----------------- Instantiating /home/travis/build/icyphy/ptII/ptolemy/domains/modal/test/auto/DeepModal3.xml
34 ms. Memory: 201728K Free: 129745K (64%)
----------------- Invoking toplevel() on ptolemy.moml.MoMLSimpleApplication@ce79bee
----------------- Done invoking toplevel() on ptolemy.moml.MoMLSimpleApplication@ce79bee
reloadAllAccessors: .DeepModal3

===========================================================================================
----------------- testing Wed Nov 20 06:22:56 UTC 2019 /home/travis/build/icyphy/ptII/ptolemy/domains/modal/test/auto/DeepModal4.xml
----------------- Instantiating /home/travis/build/icyphy/ptII/ptolemy/domains/modal/test/auto/DeepModal4.xml
33 ms. Memory: 201728K Free: 110303K (55%)
----------------- Invoking toplevel() on ptolemy.moml.MoMLSimpleApplication@4d803529
----------------- Done invoking toplevel() on ptolemy.moml.MoMLSimpleApplication@4d803529
reloadAllAccessors: .DeepModal4

===========================================================================================
----------------- testing Wed Nov 20 06:22:56 UTC 2019 /home/travis/build/icyphy/ptII/ptolemy/domains/modal/test/auto/Default1.xml
----------------- Instantiating /home/travis/build/icyphy/ptII/ptolemy/domains/modal/test/auto/Default1.xml
3 ms. Memory: 201728K Free: 104159K (52%)
----------------- Invoking toplevel() on ptolemy.moml.MoMLSimpleApplication@15d078d2
----------------- Done invoking toplevel() on ptolemy.moml.MoMLSimpleApplication@15d078d2
reloadAllAccessors: .Default1

===========================================================================================
----------------- testing Wed Nov 20 06:22:56 UTC 2019 /home/travis/build/icyphy/ptII/ptolemy/domains/modal/test/auto/Default2.xml
----------------- Instantiating /home/travis/build/icyphy/ptII/ptolemy/domains/modal/test/auto/Default2.xml
11 ms. Memory: 201728K Free: 98529K (49%)
----------------- Invoking toplevel() on ptolemy.moml.MoMLSimpleApplication@54712105
----------------- Done invoking toplevel() on ptolemy.moml.MoMLSimpleApplication@54712105
reloadAllAccessors: .Default2

===========================================================================================
----------------- testing Wed Nov 20 06:22:56 UTC 2019 /home/travis/build/icyphy/ptII/ptolemy/domains/modal/test/auto/Default3.xml
----------------- Instantiating /home/travis/build/icyphy/ptII/ptolemy/domains/modal/test/auto/Default3.xml
6 ms. Memory: 201728K Free: 91871K (46%)
----------------- Invoking toplevel() on ptolemy.moml.MoMLSimpleApplication@625b9594
----------------- Done invoking toplevel() on ptolemy.moml.MoMLSimpleApplication@625b9594
reloadAllAccessors: .Default3

===========================================================================================
----------------- testing Wed Nov 20 06:22:56 UTC 2019 /home/travis/build/icyphy/ptII/ptolemy/domains/modal/test/auto/Default4.xml
----------------- Instantiating /home/travis/build/icyphy/ptII/ptolemy/domains/modal/test/auto/Default4.xml
3 ms. Memory: 201728K Free: 85727K (42%)
----------------- Invoking toplevel() on ptolemy.moml.MoMLSimpleApplication@95ba862
----------------- Done invoking toplevel() on ptolemy.moml.MoMLSimpleApplication@95ba862
reloadAllAccessors: .Default4

===========================================================================================
----------------- testing Wed Nov 20 06:22:56 UTC 2019 /home/travis/build/icyphy/ptII/ptolemy/domains/modal/test/auto/Default5.xml
----------------- Instantiating /home/travis/build/icyphy/ptII/ptolemy/domains/modal/test/auto/Default5.xml
10 ms. Memory: 201728K Free: 77535K (38%)
----------------- Invoking toplevel() on ptolemy.moml.MoMLSimpleApplication@7b06e8d
----------------- Done invoking toplevel() on ptolemy.moml.MoMLSimpleApplication@7b06e8d
reloadAllAccessors: .Default5

===========================================================================================
----------------- testing Wed Nov 20 06:22:56 UTC 2019 /home/travis/build/icyphy/ptII/ptolemy/domains/modal/test/auto/EmptyGuard.xml
----------------- Instantiating /home/travis/build/icyphy/ptII/ptolemy/domains/modal/test/auto/EmptyGuard.xml
13 ms. Memory: 201728K Free: 69337K (34%)
----------------- Invoking toplevel() on ptolemy.moml.MoMLSimpleApplication@1ca97f2b
----------------- Done invoking toplevel() on ptolemy.moml.MoMLSimpleApplication@1ca97f2b
reloadAllAccessors: .EmptyGuard

===========================================================================================
----------------- testing Wed Nov 20 06:22:56 UTC 2019 /home/travis/build/icyphy/ptII/ptolemy/domains/modal/test/auto/ErrorTransition1.xml
----------------- Instantiating /home/travis/build/icyphy/ptII/ptolemy/domains/modal/test/auto/ErrorTransition1.xml
12 ms. Memory: 201728K Free: 175308K (87%)
----------------- Invoking toplevel() on ptolemy.moml.MoMLSimpleApplication@2772b156
----------------- Done invoking toplevel() on ptolemy.moml.MoMLSimpleApplication@2772b156
reloadAllAccessors: .ErrorTransition1

===========================================================================================
----------------- testing Wed Nov 20 06:22:56 UTC 2019 /home/travis/build/icyphy/ptII/ptolemy/domains/modal/test/auto/ErrorTransition10.xml
----------------- Instantiating /home/travis/build/icyphy/ptII/ptolemy/domains/modal/test/auto/ErrorTransition10.xml
22 ms. Memory: 201728K Free: 161486K (80%)
----------------- Invoking toplevel() on ptolemy.moml.MoMLSimpleApplication@1002f588
----------------- Done invoking toplevel() on ptolemy.moml.MoMLSimpleApplication@1002f588
reloadAllAccessors: .ErrorTransition10

===========================================================================================
----------------- testing Wed Nov 20 06:22:56 UTC 2019 /home/travis/build/icyphy/ptII/ptolemy/domains/modal/test/auto/ErrorTransition11.xml
----------------- Instantiating /home/travis/build/icyphy/ptII/ptolemy/domains/modal/test/auto/ErrorTransition11.xml
5 ms. Memory: 201728K Free: 150222K (74%)
----------------- Invoking toplevel() on ptolemy.moml.MoMLSimpleApplication@314dadc3
----------------- Done invoking toplevel() on ptolemy.moml.MoMLSimpleApplication@314dadc3
reloadAllAccessors: .ErrorTransition11

===========================================================================================
----------------- testing Wed Nov 20 06:22:56 UTC 2019 /home/travis/build/icyphy/ptII/ptolemy/domains/modal/test/auto/ErrorTransition2.xml
----------------- Instantiating /home/travis/build/icyphy/ptII/ptolemy/domains/modal/test/auto/ErrorTransition2.xml
7 ms. Memory: 201728K Free: 141516K (70%)
----------------- Invoking toplevel() on ptolemy.moml.MoMLSimpleApplication@6b7a31ba
----------------- Done invoking toplevel() on ptolemy.moml.MoMLSimpleApplication@6b7a31ba
reloadAllAccessors: .ErrorTransition2

===========================================================================================
----------------- testing Wed Nov 20 06:22:56 UTC 2019 /home/travis/build/icyphy/ptII/ptolemy/domains/modal/test/auto/ErrorTransition3.xml
----------------- Instantiating /home/travis/build/icyphy/ptII/ptolemy/domains/modal/test/auto/ErrorTransition3.xml
27 ms. Memory: 201728K Free: 131790K (65%)
----------------- Invoking toplevel() on ptolemy.moml.MoMLSimpleApplication@7ba7b934
----------------- Done invoking toplevel() on ptolemy.moml.MoMLSimpleApplication@7ba7b934
reloadAllAccessors: .ErrorTransition3

===========================================================================================
----------------- testing Wed Nov 20 06:22:56 UTC 2019 /home/travis/build/icyphy/ptII/ptolemy/domains/modal/test/auto/ErrorTransition4.xml
----------------- Instantiating /home/travis/build/icyphy/ptII/ptolemy/domains/modal/test/auto/ErrorTransition4.xml
17 ms. Memory: 201728K Free: 120526K (60%)
----------------- Invoking toplevel() on ptolemy.moml.MoMLSimpleApplication@11247551
----------------- Done invoking toplevel() on ptolemy.moml.MoMLSimpleApplication@11247551
reloadAllAccessors: .ErrorTransition4

===========================================================================================
----------------- testing Wed Nov 20 06:22:56 UTC 2019 /home/travis/build/icyphy/ptII/ptolemy/domains/modal/test/auto/ErrorTransition5.xml
----------------- Instantiating /home/travis/build/icyphy/ptII/ptolemy/domains/modal/test/auto/ErrorTransition5.xml
7 ms. Memory: 201728K Free: 110286K (55%)
----------------- Invoking toplevel() on ptolemy.moml.MoMLSimpleApplication@51975997
----------------- Done invoking toplevel() on ptolemy.moml.MoMLSimpleApplication@51975997
reloadAllAccessors: .ErrorTransition5

===========================================================================================
----------------- testing Wed Nov 20 06:22:56 UTC 2019 /home/travis/build/icyphy/ptII/ptolemy/domains/modal/test/auto/ErrorTransition6.xml
----------------- Instantiating /home/travis/build/icyphy/ptII/ptolemy/domains/modal/test/auto/ErrorTransition6.xml
13 ms. Memory: 201728K Free: 99532K (49%)
----------------- Invoking toplevel() on ptolemy.moml.MoMLSimpleApplication@2f4bbadc
----------------- Done invoking toplevel() on ptolemy.moml.MoMLSimpleApplication@2f4bbadc
reloadAllAccessors: .ErrorTransition6

===========================================================================================
----------------- testing Wed Nov 20 06:22:56 UTC 2019 /home/travis/build/icyphy/ptII/ptolemy/domains/modal/test/auto/ErrorTransition7.xml
----------------- Instantiating /home/travis/build/icyphy/ptII/ptolemy/domains/modal/test/auto/ErrorTransition7.xml
14 ms. Memory: 201728K Free: 86734K (43%)
----------------- Invoking toplevel() on ptolemy.moml.MoMLSimpleApplication@62a743a6
----------------- Done invoking toplevel() on ptolemy.moml.MoMLSimpleApplication@62a743a6
reloadAllAccessors: .ErrorTransition7

===========================================================================================
----------------- testing Wed Nov 20 06:22:56 UTC 2019 /home/travis/build/icyphy/ptII/ptolemy/domains/modal/test/auto/ErrorTransition8.xml
----------------- Instantiating /home/travis/build/icyphy/ptII/ptolemy/domains/modal/test/auto/ErrorTransition8.xml
38 ms. Memory: 201728K Free: 73422K (36%)
----------------- Invoking toplevel() on ptolemy.moml.MoMLSimpleApplication@60cf7920
----------------- Done invoking toplevel() on ptolemy.moml.MoMLSimpleApplication@60cf7920
reloadAllAccessors: .ErrorTransition8

===========================================================================================
----------------- testing Wed Nov 20 06:22:57 UTC 2019 /home/travis/build/icyphy/ptII/ptolemy/domains/modal/test/auto/ErrorTransition9.xml
----------------- Instantiating /home/travis/build/icyphy/ptII/ptolemy/domains/modal/test/auto/ErrorTransition9.xml
22 ms. Memory: 242688K Free: 215806K (89%)
----------------- Invoking toplevel() on ptolemy.moml.MoMLSimpleApplication@252ac06d
----------------- Done invoking toplevel() on ptolemy.moml.MoMLSimpleApplication@252ac06d
reloadAllAccessors: .ErrorTransition9

===========================================================================================
----------------- testing Wed Nov 20 06:22:57 UTC 2019 /home/travis/build/icyphy/ptII/ptolemy/domains/modal/test/auto/ExtendedFSM.xml
----------------- Instantiating /home/travis/build/icyphy/ptII/ptolemy/domains/modal/test/auto/ExtendedFSM.xml
16 ms. Memory: 242688K Free: 207086K (85%)
----------------- Invoking toplevel() on ptolemy.moml.MoMLSimpleApplication@357992ba
----------------- Done invoking toplevel() on ptolemy.moml.MoMLSimpleApplication@357992ba
reloadAllAccessors: .ExtendedFSM

===========================================================================================
----------------- testing Wed Nov 20 06:22:57 UTC 2019 /home/travis/build/icyphy/ptII/ptolemy/domains/modal/test/auto/FinalStates.xml
----------------- Instantiating /home/travis/build/icyphy/ptII/ptolemy/domains/modal/test/auto/FinalStates.xml
10 ms. Memory: 242688K Free: 198908K (82%)
----------------- Invoking toplevel() on ptolemy.moml.MoMLSimpleApplication@1c1a5673
----------------- Done invoking toplevel() on ptolemy.moml.MoMLSimpleApplication@1c1a5673
reloadAllAccessors: .FinalStates

===========================================================================================
----------------- testing Wed Nov 20 06:22:57 UTC 2019 /home/travis/build/icyphy/ptII/ptolemy/domains/modal/test/auto/FixedPointFSM.xml
----------------- Instantiating /home/travis/build/icyphy/ptII/ptolemy/domains/modal/test/auto/FixedPointFSM.xml
29 ms. Memory: 242688K Free: 184062K (76%)
----------------- Invoking toplevel() on ptolemy.moml.MoMLSimpleApplication@4310250b
----------------- Done invoking toplevel() on ptolemy.moml.MoMLSimpleApplication@4310250b
reloadAllAccessors: .FixedPointFSM

===========================================================================================
----------------- testing Wed Nov 20 06:22:57 UTC 2019 /home/travis/build/icyphy/ptII/ptolemy/domains/modal/test/auto/FixedPointIterationFSMActor.xml
----------------- Instantiating /home/travis/build/icyphy/ptII/ptolemy/domains/modal/test/auto/FixedPointIterationFSMActor.xml
10 ms. Memory: 242688K Free: 173302K (71%)
----------------- Invoking toplevel() on ptolemy.moml.MoMLSimpleApplication@17dba71a
----------------- Done invoking toplevel() on ptolemy.moml.MoMLSimpleApplication@17dba71a
reloadAllAccessors: .FixedPointIterationFSMActor

===========================================================================================
----------------- testing Wed Nov 20 06:22:57 UTC 2019 /home/travis/build/icyphy/ptII/ptolemy/domains/modal/test/auto/FixedPointIterationFSMActor2.xml
----------------- Instantiating /home/travis/build/icyphy/ptII/ptolemy/domains/modal/test/auto/FixedPointIterationFSMActor2.xml
17 ms. Memory: 242688K Free: 161014K (66%)
----------------- Invoking toplevel() on ptolemy.moml.MoMLSimpleApplication@1a418d79
----------------- Done invoking toplevel() on ptolemy.moml.MoMLSimpleApplication@1a418d79
reloadAllAccessors: .FixedPointIterationFSMActor2

===========================================================================================
----------------- testing Wed Nov 20 06:22:57 UTC 2019 /home/travis/build/icyphy/ptII/ptolemy/domains/modal/test/auto/ForbiddenInstantanousLoop.xml
----------------- Instantiating /home/travis/build/icyphy/ptII/ptolemy/domains/modal/test/auto/ForbiddenInstantanousLoop.xml
9 ms. Memory: 242688K Free: 148718K (61%)
----------------- Invoking toplevel() on ptolemy.moml.MoMLSimpleApplication@60b75fcc
----------------- Done invoking toplevel() on ptolemy.moml.MoMLSimpleApplication@60b75fcc
reloadAllAccessors: .ForbiddenInstantanousLoop

===========================================================================================
----------------- testing Wed Nov 20 06:22:57 UTC 2019 /home/travis/build/icyphy/ptII/ptolemy/domains/modal/test/auto/FunctionDependencyOfFSMActorTest.xml
----------------- Instantiating /home/travis/build/icyphy/ptII/ptolemy/domains/modal/test/auto/FunctionDependencyOfFSMActorTest.xml
16 ms. Memory: 242688K Free: 141534K (58%)
----------------- Invoking toplevel() on ptolemy.moml.MoMLSimpleApplication@6f6f4e3
----------------- Done invoking toplevel() on ptolemy.moml.MoMLSimpleApplication@6f6f4e3
reloadAllAccessors: .FunctionDependencyOfFSMActorTest

===========================================================================================
----------------- testing Wed Nov 20 06:22:57 UTC 2019 /home/travis/build/icyphy/ptII/ptolemy/domains/modal/test/auto/GuardExpression.xml
----------------- Instantiating /home/travis/build/icyphy/ptII/ptolemy/domains/modal/test/auto/GuardExpression.xml
2 ms. Memory: 242688K Free: 136444K (56%)
----------------- Invoking toplevel() on ptolemy.moml.MoMLSimpleApplication@233ca5d5
----------------- Done invoking toplevel() on ptolemy.moml.MoMLSimpleApplication@233ca5d5
reloadAllAccessors: .GuardExpression

===========================================================================================
----------------- testing Wed Nov 20 06:22:57 UTC 2019 /home/travis/build/icyphy/ptII/ptolemy/domains/modal/test/auto/GuardNotEvaluated.xml
----------------- Instantiating /home/travis/build/icyphy/ptII/ptolemy/domains/modal/test/auto/GuardNotEvaluated.xml
9 ms. Memory: 242688K Free: 127742K (53%)
----------------- Invoking toplevel() on ptolemy.moml.MoMLSimpleApplication@7f0f2073
----------------- Done invoking toplevel() on ptolemy.moml.MoMLSimpleApplication@7f0f2073
reloadAllAccessors: .GuardNotEvaluated

===========================================================================================
----------------- testing Wed Nov 20 06:22:57 UTC 2019 /home/travis/build/icyphy/ptII/ptolemy/domains/modal/test/auto/GuardNotEvaluated2.xml
----------------- Instantiating /home/travis/build/icyphy/ptII/ptolemy/domains/modal/test/auto/GuardNotEvaluated2.xml
7 ms. Memory: 242688K Free: 118012K (49%)
----------------- Invoking toplevel() on ptolemy.moml.MoMLSimpleApplication@7a27dc78
----------------- Done invoking toplevel() on ptolemy.moml.MoMLSimpleApplication@7a27dc78
reloadAllAccessors: .GuardNotEvaluated2

===========================================================================================
----------------- testing Wed Nov 20 06:22:57 UTC 2019 /home/travis/build/icyphy/ptII/ptolemy/domains/modal/test/auto/GuardOnAbsent.xml
----------------- Instantiating /home/travis/build/icyphy/ptII/ptolemy/domains/modal/test/auto/GuardOnAbsent.xml
10 ms. Memory: 242688K Free: 110334K (45%)
----------------- Invoking toplevel() on ptolemy.moml.MoMLSimpleApplication@1e1d0140
----------------- Done invoking toplevel() on ptolemy.moml.MoMLSimpleApplication@1e1d0140
reloadAllAccessors: .GuardOnAbsent

===========================================================================================
----------------- testing Wed Nov 20 06:22:57 UTC 2019 /home/travis/build/icyphy/ptII/ptolemy/domains/modal/test/auto/HierarchicalFSMTypeInference.xml
----------------- Instantiating /home/travis/build/icyphy/ptII/ptolemy/domains/modal/test/auto/HierarchicalFSMTypeInference.xml
6 ms. Memory: 242688K Free: 99580K (41%)
----------------- Invoking toplevel() on ptolemy.moml.MoMLSimpleApplication@4c6c6619
----------------- Done invoking toplevel() on ptolemy.moml.MoMLSimpleApplication@4c6c6619
reloadAllAccessors: .HierarchicalFSMTypeInference

===========================================================================================
----------------- testing Wed Nov 20 06:22:57 UTC 2019 /home/travis/build/icyphy/ptII/ptolemy/domains/modal/test/auto/Hysteresis.xml
----------------- Instantiating /home/travis/build/icyphy/ptII/ptolemy/domains/modal/test/auto/Hysteresis.xml
11 ms. Memory: 242688K Free: 86254K (36%)
----------------- Invoking toplevel() on ptolemy.moml.MoMLSimpleApplication@2b6174e1
----------------- Done invoking toplevel() on ptolemy.moml.MoMLSimpleApplication@2b6174e1
reloadAllAccessors: .Hysteresis

===========================================================================================
----------------- testing Wed Nov 20 06:22:57 UTC 2019 /home/travis/build/icyphy/ptII/ptolemy/domains/modal/test/auto/HysteresisWithDefault.xml
----------------- Instantiating /home/travis/build/icyphy/ptII/ptolemy/domains/modal/test/auto/HysteresisWithDefault.xml
51 ms. Memory: 242688K Free: 202437K (83%)
----------------- Invoking toplevel() on ptolemy.moml.MoMLSimpleApplication@2d7bb179
----------------- Done invoking toplevel() on ptolemy.moml.MoMLSimpleApplication@2d7bb179
reloadAllAccessors: .HysteresisWithDefault

===========================================================================================
----------------- testing Wed Nov 20 06:22:57 UTC 2019 /home/travis/build/icyphy/ptII/ptolemy/domains/modal/test/auto/HysteresisWithDefault2.xml
----------------- Instantiating /home/travis/build/icyphy/ptII/ptolemy/domains/modal/test/auto/HysteresisWithDefault2.xml
50 ms. Memory: 242688K Free: 173246K (71%)
----------------- Invoking toplevel() on ptolemy.moml.MoMLSimpleApplication@6a7a2582
----------------- Done invoking toplevel() on ptolemy.moml.MoMLSimpleApplication@6a7a2582
reloadAllAccessors: .HysteresisWithDefault2

===========================================================================================
----------------- testing Wed Nov 20 06:22:57 UTC 2019 /home/travis/build/icyphy/ptII/ptolemy/domains/modal/test/auto/ImmediateNonConstructiveness.xml
----------------- Instantiating /home/travis/build/icyphy/ptII/ptolemy/domains/modal/test/auto/ImmediateNonConstructiveness.xml
3 ms. Memory: 242688K Free: 166053K (68%)
----------------- Invoking toplevel() on ptolemy.moml.MoMLSimpleApplication@6960a4df
----------------- Done invoking toplevel() on ptolemy.moml.MoMLSimpleApplication@6960a4df
reloadAllAccessors: .ImmediateNonConstructiveness

===========================================================================================
----------------- testing Wed Nov 20 06:22:57 UTC 2019 /home/travis/build/icyphy/ptII/ptolemy/domains/modal/test/auto/ImmediateNonConstructiveness2.xml
----------------- Instantiating /home/travis/build/icyphy/ptII/ptolemy/domains/modal/test/auto/ImmediateNonConstructiveness2.xml
2 ms. Memory: 242688K Free: 159429K (66%)
----------------- Invoking toplevel() on ptolemy.moml.MoMLSimpleApplication@6de6c0c3
----------------- Done invoking toplevel() on ptolemy.moml.MoMLSimpleApplication@6de6c0c3
reloadAllAccessors: .ImmediateNonConstructiveness2

===========================================================================================
----------------- testing Wed Nov 20 06:22:57 UTC 2019 /home/travis/build/icyphy/ptII/ptolemy/domains/modal/test/auto/ImmediateTransitionReset.xml
----------------- Instantiating /home/travis/build/icyphy/ptII/ptolemy/domains/modal/test/auto/ImmediateTransitionReset.xml
15 ms. Memory: 242688K Free: 147651K (61%)
----------------- Invoking toplevel() on ptolemy.moml.MoMLSimpleApplication@79471c18
----------------- Done invoking toplevel() on ptolemy.moml.MoMLSimpleApplication@79471c18
reloadAllAccessors: .ImmediateTransitionReset

===========================================================================================
----------------- testing Wed Nov 20 06:22:57 UTC 2019 /home/travis/build/icyphy/ptII/ptolemy/domains/modal/test/auto/ImmediateTransitions1.xml
----------------- Instantiating /home/travis/build/icyphy/ptII/ptolemy/domains/modal/test/auto/ImmediateTransitions1.xml
2 ms. Memory: 242688K Free: 142531K (59%)
----------------- Invoking toplevel() on ptolemy.moml.MoMLSimpleApplication@7881c4d4
----------------- Done invoking toplevel() on ptolemy.moml.MoMLSimpleApplication@7881c4d4
reloadAllAccessors: .ImmediateTransitions1

===========================================================================================
----------------- testing Wed Nov 20 06:22:57 UTC 2019 /home/travis/build/icyphy/ptII/ptolemy/domains/modal/test/auto/ImmediateTransitionsInstantaneousCommunication.xml
----------------- Instantiating /home/travis/build/icyphy/ptII/ptolemy/domains/modal/test/auto/ImmediateTransitionsInstantaneousCommunication.xml
5 ms. Memory: 242688K Free: 130229K (54%)
----------------- Invoking toplevel() on ptolemy.moml.MoMLSimpleApplication@7e9df6f3
----------------- Done invoking toplevel() on ptolemy.moml.MoMLSimpleApplication@7e9df6f3
reloadAllAccessors: .ImmediateTransitionsInstantaneousCommunication

===========================================================================================
----------------- testing Wed Nov 20 06:22:57 UTC 2019 /home/travis/build/icyphy/ptII/ptolemy/domains/modal/test/auto/InitialImmediateTransition.xml
----------------- Instantiating /home/travis/build/icyphy/ptII/ptolemy/domains/modal/test/auto/InitialImmediateTransition.xml
4 ms. Memory: 242688K Free: 123069K (51%)
----------------- Invoking toplevel() on ptolemy.moml.MoMLSimpleApplication@2afc2438
----------------- Done invoking toplevel() on ptolemy.moml.MoMLSimpleApplication@2afc2438
reloadAllAccessors: .InitialImmediateTransition

===========================================================================================
----------------- testing Wed Nov 20 06:22:58 UTC 2019 /home/travis/build/icyphy/ptII/ptolemy/domains/modal/test/auto/InitialOutputs.xml
----------------- Instantiating /home/travis/build/icyphy/ptII/ptolemy/domains/modal/test/auto/InitialOutputs.xml
5 ms. Memory: 242688K Free: 116421K (48%)
----------------- Invoking toplevel() on ptolemy.moml.MoMLSimpleApplication@7eead5ca
----------------- Done invoking toplevel() on ptolemy.moml.MoMLSimpleApplication@7eead5ca
reloadAllAccessors: .InitialOutputs

===========================================================================================
----------------- testing Wed Nov 20 06:22:58 UTC 2019 /home/travis/build/icyphy/ptII/ptolemy/domains/modal/test/auto/InitialStateTransition1.xml
----------------- Instantiating /home/travis/build/icyphy/ptII/ptolemy/domains/modal/test/auto/InitialStateTransition1.xml
3 ms. Memory: 242688K Free: 109253K (45%)
----------------- Invoking toplevel() on ptolemy.moml.MoMLSimpleApplication@521f24b
----------------- Done invoking toplevel() on ptolemy.moml.MoMLSimpleApplication@521f24b
reloadAllAccessors: .InitialStateTransition1

===========================================================================================
----------------- testing Wed Nov 20 06:22:58 UTC 2019 /home/travis/build/icyphy/ptII/ptolemy/domains/modal/test/auto/InitialStateTransition2.xml
----------------- Instantiating /home/travis/build/icyphy/ptII/ptolemy/domains/modal/test/auto/InitialStateTransition2.xml
.InitialStateTransition2.TestExceptionAttributeNonConstructive: initialize() was not invoked, but wrapup() was.  This is unusual, but not always a problem.  For example, exporting JNLP will do this.
5 ms. Memory: 242688K Free: 102085K (42%)
----------------- Invoking toplevel() on ptolemy.moml.MoMLSimpleApplication@6c7295cf
----------------- Done invoking toplevel() on ptolemy.moml.MoMLSimpleApplication@6c7295cf
reloadAllAccessors: .InitialStateTransition2

===========================================================================================
----------------- testing Wed Nov 20 06:22:58 UTC 2019 /home/travis/build/icyphy/ptII/ptolemy/domains/modal/test/auto/InitialStateTransition3.xml
----------------- Instantiating /home/travis/build/icyphy/ptII/ptolemy/domains/modal/test/auto/InitialStateTransition3.xml
4 ms. Memory: 242688K Free: 93379K (38%)
----------------- Invoking toplevel() on ptolemy.moml.MoMLSimpleApplication@6e4659
----------------- Done invoking toplevel() on ptolemy.moml.MoMLSimpleApplication@6e4659
reloadAllAccessors: .InitialStateTransition3

===========================================================================================
----------------- testing Wed Nov 20 06:22:58 UTC 2019 /home/travis/build/icyphy/ptII/ptolemy/domains/modal/test/auto/InitialStateTransition4.xml
----------------- Instantiating /home/travis/build/icyphy/ptII/ptolemy/domains/modal/test/auto/InitialStateTransition4.xml
30 ms. Memory: 242688K Free: 222917K (92%)
----------------- Invoking toplevel() on ptolemy.moml.MoMLSimpleApplication@436dbfdf
----------------- Done invoking toplevel() on ptolemy.moml.MoMLSimpleApplication@436dbfdf
[...]
reloadAllAccessors: .TerminationTransition3

===========================================================================================
----------------- testing Wed Nov 20 06:23:00 UTC 2019 /home/travis/build/icyphy/ptII/ptolemy/domains/modal/test/auto/TerminationTransition4.xml
----------------- Instantiating /home/travis/build/icyphy/ptII/ptolemy/domains/modal/test/auto/TerminationTransition4.xml
7 ms. Memory: 291840K Free: 136829K (47%)
----------------- Invoking toplevel() on ptolemy.moml.MoMLSimpleApplication@17cfad44
----------------- Done invoking toplevel() on ptolemy.moml.MoMLSimpleApplication@17cfad44
reloadAllAccessors: .TerminationTransition4

===========================================================================================
----------------- testing Wed Nov 20 06:23:00 UTC 2019 /home/travis/build/icyphy/ptII/ptolemy/domains/modal/test/auto/TerminationTransition5.xml
----------------- Instantiating /home/travis/build/icyphy/ptII/ptolemy/domains/modal/test/auto/TerminationTransition5.xml
2 ms. Memory: 291840K Free: 123007K (42%)
----------------- Invoking toplevel() on ptolemy.moml.MoMLSimpleApplication@28ae3fce
----------------- Done invoking toplevel() on ptolemy.moml.MoMLSimpleApplication@28ae3fce
reloadAllAccessors: .TerminationTransition5

===========================================================================================
----------------- testing Wed Nov 20 06:23:00 UTC 2019 /home/travis/build/icyphy/ptII/ptolemy/domains/modal/test/auto/TerminationTransition6.xml
----------------- Instantiating /home/travis/build/icyphy/ptII/ptolemy/domains/modal/test/auto/TerminationTransition6.xml
2 ms. Memory: 291840K Free: 114815K (39%)
----------------- Invoking toplevel() on ptolemy.moml.MoMLSimpleApplication@106f2fcc
----------------- Done invoking toplevel() on ptolemy.moml.MoMLSimpleApplication@106f2fcc
reloadAllAccessors: .TerminationTransition6

===========================================================================================
----------------- testing Wed Nov 20 06:23:00 UTC 2019 /home/travis/build/icyphy/ptII/ptolemy/domains/modal/test/auto/TerminationTransition7.xml
----------------- Instantiating /home/travis/build/icyphy/ptII/ptolemy/domains/modal/test/auto/TerminationTransition7.xml
2 ms. Memory: 291840K Free: 105085K (36%)
----------------- Invoking toplevel() on ptolemy.moml.MoMLSimpleApplication@38e971f7
----------------- Done invoking toplevel() on ptolemy.moml.MoMLSimpleApplication@38e971f7
reloadAllAccessors: .TerminationTransition7

===========================================================================================
----------------- testing Wed Nov 20 06:23:00 UTC 2019 /home/travis/build/icyphy/ptII/ptolemy/domains/modal/test/auto/TerminationTransition8.xml
----------------- Instantiating /home/travis/build/icyphy/ptII/ptolemy/domains/modal/test/auto/TerminationTransition8.xml
2 ms. Memory: 291840K Free: 266215K (91%)
----------------- Invoking toplevel() on ptolemy.moml.MoMLSimpleApplication@37c3fd59
----------------- Done invoking toplevel() on ptolemy.moml.MoMLSimpleApplication@37c3fd59
reloadAllAccessors: .TerminationTransition8

===========================================================================================
----------------- testing Wed Nov 20 06:23:00 UTC 2019 /home/travis/build/icyphy/ptII/ptolemy/domains/modal/test/auto/Thermostat_NoHysteresis.xml
----------------- Instantiating /home/travis/build/icyphy/ptII/ptolemy/domains/modal/test/auto/Thermostat_NoHysteresis.xml
24 ms. Memory: 291840K Free: 241669K (83%)
----------------- Invoking toplevel() on ptolemy.moml.MoMLSimpleApplication@39017f41
----------------- Done invoking toplevel() on ptolemy.moml.MoMLSimpleApplication@39017f41
reloadAllAccessors: .Thermostat_NoHysteresis

===========================================================================================
----------------- testing Wed Nov 20 06:23:00 UTC 2019 /home/travis/build/icyphy/ptII/ptolemy/domains/modal/test/auto/TimedFSM.xml
----------------- Instantiating /home/travis/build/icyphy/ptII/ptolemy/domains/modal/test/auto/TimedFSM.xml
9 ms. Memory: 291840K Free: 229895K (79%)
----------------- Invoking toplevel() on ptolemy.moml.MoMLSimpleApplication@27ad74aa
----------------- Done invoking toplevel() on ptolemy.moml.MoMLSimpleApplication@27ad74aa
reloadAllAccessors: .TimedFSM

===========================================================================================
----------------- testing Wed Nov 20 06:23:00 UTC 2019 /home/travis/build/icyphy/ptII/ptolemy/domains/modal/test/auto/Timeout1.xml
----------------- Instantiating /home/travis/build/icyphy/ptII/ptolemy/domains/modal/test/auto/Timeout1.xml
3 ms. Memory: 291840K Free: 224247K (77%)
----------------- Invoking toplevel() on ptolemy.moml.MoMLSimpleApplication@4a6a9599
----------------- Done invoking toplevel() on ptolemy.moml.MoMLSimpleApplication@4a6a9599
reloadAllAccessors: .Timeout1

===========================================================================================
----------------- testing Wed Nov 20 06:23:00 UTC 2019 /home/travis/build/icyphy/ptII/ptolemy/domains/modal/test/auto/Timeout2.xml
----------------- Instantiating /home/travis/build/icyphy/ptII/ptolemy/domains/modal/test/auto/Timeout2.xml
8 ms. Memory: 291840K Free: 215559K (74%)
----------------- Invoking toplevel() on ptolemy.moml.MoMLSimpleApplication@5d366e7f
----------------- Done invoking toplevel() on ptolemy.moml.MoMLSimpleApplication@5d366e7f
reloadAllAccessors: .Timeout2

===========================================================================================
----------------- testing Wed Nov 20 06:23:00 UTC 2019 /home/travis/build/icyphy/ptII/ptolemy/domains/modal/test/auto/Timeout3.xml
----------------- Instantiating /home/travis/build/icyphy/ptII/ptolemy/domains/modal/test/auto/Timeout3.xml
3 ms. Memory: 291840K Free: 210439K (72%)
----------------- Invoking toplevel() on ptolemy.moml.MoMLSimpleApplication@5cf9df18
----------------- Done invoking toplevel() on ptolemy.moml.MoMLSimpleApplication@5cf9df18
reloadAllAccessors: .Timeout3

===========================================================================================
----------------- testing Wed Nov 20 06:23:00 UTC 2019 /home/travis/build/icyphy/ptII/ptolemy/domains/modal/test/auto/Timeout4.xml
----------------- Instantiating /home/travis/build/icyphy/ptII/ptolemy/domains/modal/test/auto/Timeout4.xml
2 ms. Memory: 291840K Free: 205319K (70%)
----------------- Invoking toplevel() on ptolemy.moml.MoMLSimpleApplication@156f5f0b
----------------- Done invoking toplevel() on ptolemy.moml.MoMLSimpleApplication@156f5f0b
reloadAllAccessors: .Timeout4

===========================================================================================
----------------- testing Wed Nov 20 06:23:00 UTC 2019 /home/travis/build/icyphy/ptII/ptolemy/domains/modal/test/auto/TransientstateModelAdvanced.xml
----------------- Instantiating /home/travis/build/icyphy/ptII/ptolemy/domains/modal/test/auto/TransientstateModelAdvanced.xml
4 ms. Memory: 291840K Free: 193031K (66%)
----------------- Invoking toplevel() on ptolemy.moml.MoMLSimpleApplication@73a0a15d
----------------- Done invoking toplevel() on ptolemy.moml.MoMLSimpleApplication@73a0a15d
reloadAllAccessors: .TransientstateModelAdvanced

===========================================================================================
----------------- testing Wed Nov 20 06:23:00 UTC 2019 /home/travis/build/icyphy/ptII/ptolemy/domains/modal/test/auto/TransientstateModelAdvanced2.xml
----------------- Instantiating /home/travis/build/icyphy/ptII/ptolemy/domains/modal/test/auto/TransientstateModelAdvanced2.xml
5 ms. Memory: 291840K Free: 178695K (61%)
----------------- Invoking toplevel() on ptolemy.moml.MoMLSimpleApplication@1b72b96d
----------------- Done invoking toplevel() on ptolemy.moml.MoMLSimpleApplication@1b72b96d
reloadAllAccessors: .transientstatemodelAdvanced

===========================================================================================
----------------- testing Wed Nov 20 06:23:00 UTC 2019 /home/travis/build/icyphy/ptII/ptolemy/domains/modal/test/auto/TransitionRefinements.xml
----------------- Instantiating /home/travis/build/icyphy/ptII/ptolemy/domains/modal/test/auto/TransitionRefinements.xml
7 ms. Memory: 291840K Free: 168951K (58%)
----------------- Invoking toplevel() on ptolemy.moml.MoMLSimpleApplication@71e067ae
----------------- Done invoking toplevel() on ptolemy.moml.MoMLSimpleApplication@71e067ae
reloadAllAccessors: .TransitionRefinements

===========================================================================================
----------------- testing Wed Nov 20 06:23:00 UTC 2019 /home/travis/build/icyphy/ptII/ptolemy/domains/modal/test/auto/TwoRefinements1.xml
----------------- Instantiating /home/travis/build/icyphy/ptII/ptolemy/domains/modal/test/auto/TwoRefinements1.xml
3 ms. Memory: 291840K Free: 159239K (55%)
----------------- Invoking toplevel() on ptolemy.moml.MoMLSimpleApplication@3e5a023e
----------------- Done invoking toplevel() on ptolemy.moml.MoMLSimpleApplication@3e5a023e
reloadAllAccessors: .TwoRefinements1

===========================================================================================
----------------- testing Wed Nov 20 06:23:00 UTC 2019 /home/travis/build/icyphy/ptII/ptolemy/domains/modal/test/auto/TwoRefinements2.xml
----------------- Instantiating /home/travis/build/icyphy/ptII/ptolemy/domains/modal/test/auto/TwoRefinements2.xml
3 ms. Memory: 291840K Free: 149509K (51%)
----------------- Invoking toplevel() on ptolemy.moml.MoMLSimpleApplication@334830b3
----------------- Done invoking toplevel() on ptolemy.moml.MoMLSimpleApplication@334830b3
reloadAllAccessors: .TwoRefinements2

===========================================================================================
----------------- testing Wed Nov 20 06:23:00 UTC 2019 /home/travis/build/icyphy/ptII/ptolemy/domains/modal/test/auto/WeakImmediateTransition.xml
----------------- Instantiating /home/travis/build/icyphy/ptII/ptolemy/domains/modal/test/auto/WeakImmediateTransition.xml
3 ms. Memory: 291840K Free: 140807K (48%)
----------------- Invoking toplevel() on ptolemy.moml.MoMLSimpleApplication@2b306cf
----------------- Done invoking toplevel() on ptolemy.moml.MoMLSimpleApplication@2b306cf
reloadAllAccessors: .WeakImmediateTransition

===========================================================================================
----------------- testing Wed Nov 20 06:23:00 UTC 2019 /home/travis/build/icyphy/ptII/ptolemy/domains/modal/test/auto/booleanSelect.xml
----------------- Instantiating /home/travis/build/icyphy/ptII/ptolemy/domains/modal/test/auto/booleanSelect.xml
31 ms. Memory: 291840K Free: 122885K (42%)
----------------- Invoking toplevel() on ptolemy.moml.MoMLSimpleApplication@1a8e4446
----------------- Done invoking toplevel() on ptolemy.moml.MoMLSimpleApplication@1a8e4446
reloadAllAccessors: .booleanSelect

===========================================================================================
----------------- testing Wed Nov 20 06:23:01 UTC 2019 /home/travis/build/icyphy/ptII/ptolemy/domains/modal/test/auto/modalChangingParams.xml
----------------- Instantiating /home/travis/build/icyphy/ptII/ptolemy/domains/modal/test/auto/modalChangingParams.xml
0
1
0
2
4
6
8
7
0
2
4
6
8
13
0
2
4
6
8
19
0
2
4
6
8
25
0
2
4
6
8
31
0
2
4
6
8
37
0
2
4
6
8
43
0
2
4
6
8
49
0
2
4
6
8
55
0
2
4
6
8
61
0
2
4
6
8
67
0
2
4
6
8
73
0
2
4
6
8
79
0
2
4
6
8
85
0
2
4
6
8
91
0
2
4
6
8
97
0
2
4
6
8
103
0
2
4
6
8
109
0
2
4
6
8
115
0
2
4
6
8
121
0
2
4
6
8
127
0
2
4
6
8
133
0
2
4
6
8
139
0
2
4
6
8
145
0
2
4
6
8
151
0
2
4
6
8
157
0
2
4
6
8
163
0
2
4
6
8
169
0
2
4
6
8
175
0
2
4
6
8
181
0
2
4
6
8
187
0
2
4
6
8
193
0
2
4
6
8
199
0
2
4
6
8
205
0
2
4
6
8
211
0
2
4
6
8
217
0
2
4
6
8
223
0
2
4
6
8
229
0
2
4
6
8
235
0
2
4
6
8
241
0
2
4
6
8
247
0
2
4
6
8
253
0
2
4
6
8
259
0
2
4
6
8
265
0
2
4
6
8
271
0
2
4
6
8
277
0
2
4
6
8
283
0
2
4
6
8
289
0
2
4
6
8
295
0
2
4
6
8
301
0
2
4
6
8
307
0
2
4
6
8
313
0
2
4
6
8
319
0
2
4
6
8
325
0
2
4
6
8
331
0
2
4
6
8
337
0
2
4
6
8
343
0
2
4
6
8
349
0
2
4
6
8
355
0
2
4
6
8
361
0
2
4
6
8
367
0
2
4
6
8
373
0
2
4
6
8
379
0
2
4
6
8
385
0
2
4
6
8
391
0
2
4
6
8
397
0
2
4
6
8
403
0
2
4
6
8
409
0
2
4
6
8
415
0
2
4
6
8
421
0
2
4
6
8
427
0
2
4
6
8
433
0
2
4
6
8
439
0
2
4
6
8
445
0
2
4
6
8
451
0
2
4
6
8
457
0
2
4
6
8
463
0
2
4
6
8
469
0
2
4
6
8
475
0
2
4
6
8
481
0
2
4
6
8
487
0
2
4
6
8
493
0
2
4
6
8
499
0
2
4
6
8
505
0
2
4
6
8
511
0
2
4
6
8
517
0
2
4
6
8
523
0
2
4
6
8
529
0
2
4
6
8
535
0
2
4
6
8
541
0
2
4
6
8
547
0
2
4
6
8
553
0
2
4
6
8
559
0
2
4
6
8
565
0
2
4
6
8
571
0
2
4
6
8
577
0
2
4
6
8
583
0
2
4
6
8
589
0
2
4
6
8
595
0
2
4
6
8
601
0
2
4
6
8
607
0
2
4
6
8
613
0
2
4
6
8
619
0
2
4
6
8
625
0
2
4
6
8
631
0
2
4
6
8
637
0
2
4
6
8
643
0
2
4
6
8
649
0
2
4
6
8
655
0
2
4
6
8
661
0
2
4
6
8
667
0
2
4
6
8
673
0
2
4
6
8
679
0
2
4
6
8
685
0
2
4
6
8
691
0
2
4
6
8
697
0
2
4
6
8
703
0
2
4
6
8
709
0
2
4
6
8
715
0
2
4
6
8
721
0
2
4
6
8
727
0
2
4
6
8
733
0
2
4
6
8
739
0
2
4
6
8
745
0
2
4
6
8
751
0
2
4
6
8
757
0
2
4
6
8
763
0
2
4
6
8
769
0
2
4
6
8
775
0
2
4
6
8
781
0
2
4
6
8
787
0
2
4
6
8
793
0
2
4
6
8
799
0
2
4
6
8
805
0
2
4
6
8
811
0
2
4
6
8
817
0
2
4
6
8
823
0
2
4
6
8
829
0
2
4
6
8
835
0
2
4
6
8
841
0
2
4
6
8
847
0
2
4
6
8
853
0
2
4
6
8
859
0
2
4
6
8
865
0
2
4
6
8
871
0
2
4
6
8
877
0
2
4
6
8
883
0
2
4
6
8
889
0
2
4
6
8
895
0
2
4
6
8
901
0
2
4
6
8
907
0
2
4
6
8
913
0
2
4
6
8
919
0
2
4
6
8
925
0
2
4
6
8
931
0
2
4
6
8
937
0
2
4
6
8
943
0
2
4
6
8
949
0
2
4
6
8
955
0
2
4
6
8
961
0
2
4
6
8
967
0
2
4
6
8
973
0
2
4
6
8
979
0
2
4
6
8
985
0
2
4
6
8
991
0
2
4
6
8
997
0
2
320 ms. Memory: 291840K Free: 180156K (62%)
----------------- Invoking toplevel() on ptolemy.moml.MoMLSimpleApplication@21313f7c
----------------- Done invoking toplevel() on ptolemy.moml.MoMLSimpleApplication@21313f7c
reloadAllAccessors: .modalChangingParams

===========================================================================================
----------------- testing Wed Nov 20 06:23:01 UTC 2019 /home/travis/build/icyphy/ptII/ptolemy/domains/modal/test/auto/modalModel.xml
----------------- Instantiating /home/travis/build/icyphy/ptII/ptolemy/domains/modal/test/auto/modalModel.xml
6 ms. Memory: 291840K Free: 170803K (59%)
----------------- Invoking toplevel() on ptolemy.moml.MoMLSimpleApplication@79ce9930
----------------- Done invoking toplevel() on ptolemy.moml.MoMLSimpleApplication@79ce9930
reloadAllAccessors: .modalModel

===========================================================================================
----------------- testing Wed Nov 20 06:23:01 UTC 2019 /home/travis/build/icyphy/ptII/ptolemy/domains/modal/test/auto/modalModel2.xml
----------------- Instantiating /home/travis/build/icyphy/ptII/ptolemy/domains/modal/test/auto/modalModel2.xml
15 ms. Memory: 291840K Free: 160083K (55%)
----------------- Invoking toplevel() on ptolemy.moml.MoMLSimpleApplication@3e0d2d3e
----------------- Done invoking toplevel() on ptolemy.moml.MoMLSimpleApplication@3e0d2d3e
reloadAllAccessors: .modalModel2

===========================================================================================
----------------- testing Wed Nov 20 06:23:01 UTC 2019 /home/travis/build/icyphy/ptII/ptolemy/domains/modal/test/auto/modalModel3.xml
----------------- Instantiating /home/travis/build/icyphy/ptII/ptolemy/domains/modal/test/auto/modalModel3.xml
0	0	0
3	2	1
6	4	2
9	6	3
4	0	4
7	2	5
10	4	6
13	6	7
8	0	8
11	2	9
14	4	10
17	6	11
12	0	12
15	2	13
18	4	14
19 ms. Memory: 291840K Free: 145219K (50%)
----------------- Invoking toplevel() on ptolemy.moml.MoMLSimpleApplication@7e7708cc
----------------- Done invoking toplevel() on ptolemy.moml.MoMLSimpleApplication@7e7708cc
reloadAllAccessors: .modalModel3

===========================================================================================
----------------- testing Wed Nov 20 06:23:01 UTC 2019 /home/travis/build/icyphy/ptII/ptolemy/domains/modal/test/auto/model1.xml
----------------- Instantiating /home/travis/build/icyphy/ptII/ptolemy/domains/modal/test/auto/model1.xml
14 ms. Memory: 291840K Free: 139603K (48%)
----------------- Invoking toplevel() on ptolemy.moml.MoMLSimpleApplication@2bdabc86
----------------- Done invoking toplevel() on ptolemy.moml.MoMLSimpleApplication@2bdabc86
reloadAllAccessors: .model1

===========================================================================================
----------------- testing Wed Nov 20 06:23:01 UTC 2019 /home/travis/build/icyphy/ptII/ptolemy/domains/modal/test/auto/test-direct-in-out.xml
----------------- Instantiating /home/travis/build/icyphy/ptII/ptolemy/domains/modal/test/auto/test-direct-in-out.xml
6 ms. Memory: 291840K Free: 131905K (45%)
----------------- Invoking toplevel() on ptolemy.moml.MoMLSimpleApplication@60799477
----------------- Done invoking toplevel() on ptolemy.moml.MoMLSimpleApplication@60799477
reloadAllAccessors: .test-direct-in-out
AutoTests.java: About to close Vertx.
AutoTests.java: Vertx closed.
]]></system-out>
  <system-err><![CDATA[java.lang.RuntimeException: Execution failed
	at ptolemy.moml.MoMLSimpleApplication$UnloadThread.run(MoMLSimpleApplication.java:402)
Caused by: ptolemy.kernel.util.IllegalActionException: Unknown inputs remain. Possible causality loop:
L_model_1893289564i

  in .CannotAnalysisWithPreemption.model_1893289564_region_1 and .CannotAnalysisWithPreemption.model_1893289564_region_1.L_model_1893289564i
	at ptolemy.actor.sched.FixedPointDirector.postfire(FixedPointDirector.java:515)
	at ptolemy.domains.sr.kernel.SRDirector.postfire(SRDirector.java:417)
	at ptolemy.actor.CompositeActor.postfire(CompositeActor.java:1668)
	at ptolemy.actor.Manager.iterate(Manager.java:852)
	at ptolemy.actor.Manager.execute(Manager.java:369)
	at ptolemy.actor.Manager.run(Manager.java:1263)
	at ptolemy.actor.Manager$PtolemyRunThread.run(Manager.java:1933)
java.lang.reflect.InvocationTargetException
	at java.base/jdk.internal.reflect.NativeConstructorAccessorImpl.newInstance0(Native Method)
	at java.base/jdk.internal.reflect.NativeConstructorAccessorImpl.newInstance(NativeConstructorAccessorImpl.java:62)
	at java.base/jdk.internal.reflect.DelegatingConstructorAccessorImpl.newInstance(DelegatingConstructorAccessorImpl.java:45)
	at java.base/java.lang.reflect.Constructor.newInstance(Constructor.java:490)
	at ptolemy.util.test.junit.AutoKnownFailedTests.RunModel(AutoKnownFailedTests.java:105)
	at java.base/jdk.internal.reflect.NativeMethodAccessorImpl.invoke0(Native Method)
	at java.base/jdk.internal.reflect.NativeMethodAccessorImpl.invoke(NativeMethodAccessorImpl.java:62)
	at java.base/jdk.internal.reflect.DelegatingMethodAccessorImpl.invoke(DelegatingMethodAccessorImpl.java:43)
	at java.base/java.lang.reflect.Method.invoke(Method.java:566)
	at org.junit.runners.model.FrameworkMethod$1.runReflectiveCall(FrameworkMethod.java:44)
	at org.junit.internal.runners.model.ReflectiveCallable.run(ReflectiveCallable.java:15)
	at org.junit.runners.model.FrameworkMethod.invokeExplosively(FrameworkMethod.java:41)
	at junitparams.internal.InvokeParameterisedMethod.evaluate(InvokeParameterisedMethod.java:102)
	at org.junit.internal.runners.statements.FailOnTimeout$1.run(FailOnTimeout.java:28)
Caused by: ptolemy.kernel.util.IllegalActionException: Unknown inputs remain. Possible causality loop:
L_model_1893289564i

  in .CannotAnalysisWithPreemption.model_1893289564_region_1 and .CannotAnalysisWithPreemption.model_1893289564_region_1.L_model_1893289564i
	at ptolemy.actor.sched.FixedPointDirector.postfire(FixedPointDirector.java:515)
	at ptolemy.domains.sr.kernel.SRDirector.postfire(SRDirector.java:417)
	at ptolemy.actor.CompositeActor.postfire(CompositeActor.java:1668)
	at ptolemy.actor.Manager.iterate(Manager.java:852)
	at ptolemy.actor.Manager.execute(Manager.java:369)
	at ptolemy.actor.Manager.run(Manager.java:1263)
	at ptolemy.actor.Manager$PtolemyRunThread.run(Manager.java:1933)
]]></system-err>
</testsuite>
