<?xml version="1.0" encoding="UTF-8" ?>
<testsuite errors="0" failures="0" hostname="travis-job-2e5b9b4e-e3e7-4e29-bd28-94b2ef9e0919" name="ptolemy.actor.lib.hoc.test.junit.JUnitTclTest" skipped="0" tests="58" time="32.796" timestamp="2020-10-02T00:57:41">
  <properties>
[...]
</properties>
  <testcase classname="ptolemy.util.test.junit.TclTests" name="[0] /home/travis/build/icyphy/ptII/ptolemy/actor/lib/hoc/test/IterateOverArray.tcl (RunTclFile)" time="0.307" />
  <testcase classname="ptolemy.util.test.junit.AutoKnownFailedTests" name="[0] /home/travis/build/icyphy/ptII/ptolemy/actor/lib/hoc/test/auto/knownFailedTests/PreinitializeMustBeInvokedRunComposite.xml (RunModel)" time="0.466" />
  <testcase classname="ptolemy.util.test.junit.AutoNameArchTests" name="[0] ThereAreNoAutoArchTests (RunModel)" time="0.007" />
  <testcase classname="ptolemy.util.test.junit.AutoTests" name="[0] /home/travis/build/icyphy/ptII/ptolemy/actor/lib/hoc/test/auto/AllToAllMultiInstanceComposite.xml (RunModel)" time="0.403" />
  <testcase classname="ptolemy.util.test.junit.AutoTests" name="[1] /home/travis/build/icyphy/ptII/ptolemy/actor/lib/hoc/test/auto/ApplyFFTTest.xml (RunModel)" time="0.332" />
  <testcase classname="ptolemy.util.test.junit.AutoTests" name="[2] /home/travis/build/icyphy/ptII/ptolemy/actor/lib/hoc/test/auto/ApplyFunction.xml (RunModel)" time="0.062" />
  <testcase classname="ptolemy.util.test.junit.AutoTests" name="[3] /home/travis/build/icyphy/ptII/ptolemy/actor/lib/hoc/test/auto/BackgroundExecution.xml (RunModel)" time="0.749" />
  <testcase classname="ptolemy.util.test.junit.AutoTests" name="[4] /home/travis/build/icyphy/ptII/ptolemy/actor/lib/hoc/test/auto/Case.xml (RunModel)" time="0.103" />
  <testcase classname="ptolemy.util.test.junit.AutoTests" name="[5] /home/travis/build/icyphy/ptII/ptolemy/actor/lib/hoc/test/auto/Case1.xml (RunModel)" time="0.086" />
  <testcase classname="ptolemy.util.test.junit.AutoTests" name="[6] /home/travis/build/icyphy/ptII/ptolemy/actor/lib/hoc/test/auto/Case2.xml (RunModel)" time="0.101" />
  <testcase classname="ptolemy.util.test.junit.AutoTests" name="[7] /home/travis/build/icyphy/ptII/ptolemy/actor/lib/hoc/test/auto/Case3.xml (RunModel)" time="0.044" />
  <testcase classname="ptolemy.util.test.junit.AutoTests" name="[8] /home/travis/build/icyphy/ptII/ptolemy/actor/lib/hoc/test/auto/Case4.xml (RunModel)" time="0.078" />
  <testcase classname="ptolemy.util.test.junit.AutoTests" name="[9] /home/travis/build/icyphy/ptII/ptolemy/actor/lib/hoc/test/auto/Case5.xml (RunModel)" time="0.107" />
  <testcase classname="ptolemy.util.test.junit.AutoTests" name="[10] /home/travis/build/icyphy/ptII/ptolemy/actor/lib/hoc/test/auto/Case6.xml (RunModel)" time="0.128" />
  <testcase classname="ptolemy.util.test.junit.AutoTests" name="[11] /home/travis/build/icyphy/ptII/ptolemy/actor/lib/hoc/test/auto/CaseString2.xml (RunModel)" time="0.047" />
  <testcase classname="ptolemy.util.test.junit.AutoTests" name="[12] /home/travis/build/icyphy/ptII/ptolemy/actor/lib/hoc/test/auto/CatchUpComposite1.xml (RunModel)" time="0.094" />
  <testcase classname="ptolemy.util.test.junit.AutoTests" name="[13] /home/travis/build/icyphy/ptII/ptolemy/actor/lib/hoc/test/auto/CatchUpComposite2.xml (RunModel)" time="0.073" />
  <testcase classname="ptolemy.util.test.junit.AutoTests" name="[14] /home/travis/build/icyphy/ptII/ptolemy/actor/lib/hoc/test/auto/CatchUpComposite3.xml (RunModel)" time="0.065" />
  <testcase classname="ptolemy.util.test.junit.AutoTests" name="[15] /home/travis/build/icyphy/ptII/ptolemy/actor/lib/hoc/test/auto/CatchUpComposite4.xml (RunModel)" time="0.071" />
  <testcase classname="ptolemy.util.test.junit.AutoTests" name="[16] /home/travis/build/icyphy/ptII/ptolemy/actor/lib/hoc/test/auto/CatchUpComposite5.xml (RunModel)" time="0.049" />
  <testcase classname="ptolemy.util.test.junit.AutoTests" name="[17] /home/travis/build/icyphy/ptII/ptolemy/actor/lib/hoc/test/auto/CatchUpComposite6.xml (RunModel)" time="0.201" />
  <testcase classname="ptolemy.util.test.junit.AutoTests" name="[18] /home/travis/build/icyphy/ptII/ptolemy/actor/lib/hoc/test/auto/CatchUpComposite7.xml (RunModel)" time="0.107" />
  <testcase classname="ptolemy.util.test.junit.AutoTests" name="[19] /home/travis/build/icyphy/ptII/ptolemy/actor/lib/hoc/test/auto/ConcurrentExecutionTimeSDF.xml (RunModel)" time="1.061" />
  <testcase classname="ptolemy.util.test.junit.AutoTests" name="[20] /home/travis/build/icyphy/ptII/ptolemy/actor/lib/hoc/test/auto/ConcurrentSleep.xml (RunModel)" time="0.788" />
  <testcase classname="ptolemy.util.test.junit.AutoTests" name="[21] /home/travis/build/icyphy/ptII/ptolemy/actor/lib/hoc/test/auto/DEInPNInRunCompositeActor.xml (RunModel)" time="0.032" />
  <testcase classname="ptolemy.util.test.junit.AutoTests" name="[22] /home/travis/build/icyphy/ptII/ptolemy/actor/lib/hoc/test/auto/DFTSubSetTest.xml (RunModel)" time="0.305" />
  <testcase classname="ptolemy.util.test.junit.AutoTests" name="[23] /home/travis/build/icyphy/ptII/ptolemy/actor/lib/hoc/test/auto/HocDE.xml (RunModel)" time="0.181" />
  <testcase classname="ptolemy.util.test.junit.AutoTests" name="[24] /home/travis/build/icyphy/ptII/ptolemy/actor/lib/hoc/test/auto/IterateOverArray.xml (RunModel)" time="0.024" />
  <testcase classname="ptolemy.util.test.junit.AutoTests" name="[25] /home/travis/build/icyphy/ptII/ptolemy/actor/lib/hoc/test/auto/IterateOverArray10.xml (RunModel)" time="0.019" />
  <testcase classname="ptolemy.util.test.junit.AutoTests" name="[26] /home/travis/build/icyphy/ptII/ptolemy/actor/lib/hoc/test/auto/IterateOverArray11.xml (RunModel)" time="0.04" />
  <testcase classname="ptolemy.util.test.junit.AutoTests" name="[27] /home/travis/build/icyphy/ptII/ptolemy/actor/lib/hoc/test/auto/IterateOverArray12.xml (RunModel)" time="0.036" />
  <testcase classname="ptolemy.util.test.junit.AutoTests" name="[28] /home/travis/build/icyphy/ptII/ptolemy/actor/lib/hoc/test/auto/IterateOverArray13.xml (RunModel)" time="0.137" />
  <testcase classname="ptolemy.util.test.junit.AutoTests" name="[29] /home/travis/build/icyphy/ptII/ptolemy/actor/lib/hoc/test/auto/IterateOverArray14.xml (RunModel)" time="0.204" />
  <testcase classname="ptolemy.util.test.junit.AutoTests" name="[30] /home/travis/build/icyphy/ptII/ptolemy/actor/lib/hoc/test/auto/IterateOverArray2.xml (RunModel)" time="0.031" />
  <testcase classname="ptolemy.util.test.junit.AutoTests" name="[31] /home/travis/build/icyphy/ptII/ptolemy/actor/lib/hoc/test/auto/IterateOverArray3.xml (RunModel)" time="0.042" />
  <testcase classname="ptolemy.util.test.junit.AutoTests" name="[32] /home/travis/build/icyphy/ptII/ptolemy/actor/lib/hoc/test/auto/IterateOverArray4.xml (RunModel)" time="0.022" />
  <testcase classname="ptolemy.util.test.junit.AutoTests" name="[33] /home/travis/build/icyphy/ptII/ptolemy/actor/lib/hoc/test/auto/IterateOverArray5.xml (RunModel)" time="0.021" />
  <testcase classname="ptolemy.util.test.junit.AutoTests" name="[34] /home/travis/build/icyphy/ptII/ptolemy/actor/lib/hoc/test/auto/IterateOverArray6.xml (RunModel)" time="0.017" />
  <testcase classname="ptolemy.util.test.junit.AutoTests" name="[35] /home/travis/build/icyphy/ptII/ptolemy/actor/lib/hoc/test/auto/IterateOverArray7.xml (RunModel)" time="0.02" />
  <testcase classname="ptolemy.util.test.junit.AutoTests" name="[36] /home/travis/build/icyphy/ptII/ptolemy/actor/lib/hoc/test/auto/IterateOverArray8.xml (RunModel)" time="0.021" />
  <testcase classname="ptolemy.util.test.junit.AutoTests" name="[37] /home/travis/build/icyphy/ptII/ptolemy/actor/lib/hoc/test/auto/IterateOverArray9.xml (RunModel)" time="0.029" />
  <testcase classname="ptolemy.util.test.junit.AutoTests" name="[38] /home/travis/build/icyphy/ptII/ptolemy/actor/lib/hoc/test/auto/IterateOverArrayCoercedOutputType.xml (RunModel)" time="0.039" />
  <testcase classname="ptolemy.util.test.junit.AutoTests" name="[39] /home/travis/build/icyphy/ptII/ptolemy/actor/lib/hoc/test/auto/IterateOverArrayInferredOutputType.xml (RunModel)" time="0.017" />
  <testcase classname="ptolemy.util.test.junit.AutoTests" name="[40] /home/travis/build/icyphy/ptII/ptolemy/actor/lib/hoc/test/auto/MobileFunctionTest.xml (RunModel)" time="0.018" />
  <testcase classname="ptolemy.util.test.junit.AutoTests" name="[41] /home/travis/build/icyphy/ptII/ptolemy/actor/lib/hoc/test/auto/MobileModelTest.xml (RunModel)" time="0.151" />
  <testcase classname="ptolemy.util.test.junit.AutoTests" name="[42] /home/travis/build/icyphy/ptII/ptolemy/actor/lib/hoc/test/auto/ModelReference.xml (RunModel)" time="0.072" />
  <testcase classname="ptolemy.util.test.junit.AutoTests" name="[43] /home/travis/build/icyphy/ptII/ptolemy/actor/lib/hoc/test/auto/ModelReference3.xml (RunModel)" time="0.052" />
  <testcase classname="ptolemy.util.test.junit.AutoTests" name="[44] /home/travis/build/icyphy/ptII/ptolemy/actor/lib/hoc/test/auto/ModelReference4.xml (RunModel)" time="10.028" />
  <testcase classname="ptolemy.util.test.junit.AutoTests" name="[45] /home/travis/build/icyphy/ptII/ptolemy/actor/lib/hoc/test/auto/MultiInstanceComposite.xml (RunModel)" time="0.054" />
  <testcase classname="ptolemy.util.test.junit.AutoTests" name="[46] /home/travis/build/icyphy/ptII/ptolemy/actor/lib/hoc/test/auto/MultiInstanceComposite2.xml (RunModel)" time="0.032" />
  <testcase classname="ptolemy.util.test.junit.AutoTests" name="[47] /home/travis/build/icyphy/ptII/ptolemy/actor/lib/hoc/test/auto/MulticoreExecution.xml (RunModel)" time="1.063" />
  <testcase classname="ptolemy.util.test.junit.AutoTests" name="[48] /home/travis/build/icyphy/ptII/ptolemy/actor/lib/hoc/test/auto/ParallelExecution.xml (RunModel)" time="0.959" />
  <testcase classname="ptolemy.util.test.junit.AutoTests" name="[49] /home/travis/build/icyphy/ptII/ptolemy/actor/lib/hoc/test/auto/RunCompositeActor.xml (RunModel)" time="0.037" />
  <testcase classname="ptolemy.util.test.junit.AutoTests" name="[50] /home/travis/build/icyphy/ptII/ptolemy/actor/lib/hoc/test/auto/RunCompositeActor2.xml (RunModel)" time="0.019" />
  <testcase classname="ptolemy.util.test.junit.AutoTests" name="[51] /home/travis/build/icyphy/ptII/ptolemy/actor/lib/hoc/test/auto/RunCompositeActor3.xml (RunModel)" time="0.037" />
  <testcase classname="ptolemy.util.test.junit.AutoTests" name="[52] /home/travis/build/icyphy/ptII/ptolemy/actor/lib/hoc/test/auto/RunCompositeActor4.xml (RunModel)" time="0.023" />
  <testcase classname="ptolemy.util.test.junit.AutoTests" name="[53] /home/travis/build/icyphy/ptII/ptolemy/actor/lib/hoc/test/auto/RunCompositeIterateOverArray.xml (RunModel)" time="0.021" />
  <testcase classname="ptolemy.util.test.junit.AutoTests" name="[54] /home/travis/build/icyphy/ptII/ptolemy/actor/lib/hoc/test/auto/ThreadedJS.xml (RunModel)" time="12.825" />
  <system-out><![CDATA[/home/travis/build/icyphy/ptII/ptolemy/actor/lib/hoc/test/IterateOverArray.tcl
testDefs.tcl: setting time out to 9000 seconds at Fri Oct 02 00:57:41 UTC 2020
10/02/20 12:57:41
Failed: 0  Total Tests: 2  ((Passed: 2, Newly Passed: 0)  Known Failed: 0) /home/travis/build/icyphy/ptII/ptolemy/actor/lib/hoc/test
----------------- testing (KnownFailure) /home/travis/build/icyphy/ptII/ptolemy/actor/lib/hoc/test/auto/knownFailedTests/PreinitializeMustBeInvokedRunComposite.xml
112 ms. Memory: 129024K Free: 86469K (67%)
Known Failure: java.lang.reflect.InvocationTargetException
No auto/linux-amd64/*.xml tests in /home/travis/build/icyphy/ptII/ptolemy/actor/lib/hoc/test
AutoTests.java: About to close Vertx.
AutoTests.java: Vertx closed.

===========================================================================================
----------------- testing Fri Oct 02 00:57:42 UTC 2020 /home/travis/build/icyphy/ptII/ptolemy/actor/lib/hoc/test/auto/AllToAllMultiInstanceComposite.xml
----------------- Instantiating /home/travis/build/icyphy/ptII/ptolemy/actor/lib/hoc/test/auto/AllToAllMultiInstanceComposite.xml
210 ms. Memory: 129024K Free: 105716K (82%)
----------------- Invoking toplevel() on ptolemy.moml.MoMLSimpleApplication@716a4649
----------------- Done invoking toplevel() on ptolemy.moml.MoMLSimpleApplication@716a4649
reloadAllAccessors: .AllToAllMultiInstanceComposite

===========================================================================================
----------------- testing Fri Oct 02 00:57:42 UTC 2020 /home/travis/build/icyphy/ptII/ptolemy/actor/lib/hoc/test/auto/ApplyFFTTest.xml
----------------- Instantiating /home/travis/build/icyphy/ptII/ptolemy/actor/lib/hoc/test/auto/ApplyFFTTest.xml
113 ms. Memory: 129024K Free: 86654K (67%)
----------------- Invoking toplevel() on ptolemy.moml.MoMLSimpleApplication@51786b2d
----------------- Done invoking toplevel() on ptolemy.moml.MoMLSimpleApplication@51786b2d
reloadAllAccessors: .ApplyFFTTest

===========================================================================================
----------------- testing Fri Oct 02 00:57:43 UTC 2020 /home/travis/build/icyphy/ptII/ptolemy/actor/lib/hoc/test/auto/ApplyFunction.xml
----------------- Instantiating /home/travis/build/icyphy/ptII/ptolemy/actor/lib/hoc/test/auto/ApplyFunction.xml
6 ms. Memory: 129024K Free: 82879K (64%)
----------------- Invoking toplevel() on ptolemy.moml.MoMLSimpleApplication@6fc3f8c1
----------------- Done invoking toplevel() on ptolemy.moml.MoMLSimpleApplication@6fc3f8c1
reloadAllAccessors: .ApplyFunction

===========================================================================================
----------------- testing Fri Oct 02 00:57:43 UTC 2020 /home/travis/build/icyphy/ptII/ptolemy/actor/lib/hoc/test/auto/BackgroundExecution.xml
----------------- Instantiating /home/travis/build/icyphy/ptII/ptolemy/actor/lib/hoc/test/auto/BackgroundExecution.xml
638 ms. Memory: 129024K Free: 75711K (59%)
----------------- Invoking toplevel() on ptolemy.moml.MoMLSimpleApplication@7abfa661
----------------- Done invoking toplevel() on ptolemy.moml.MoMLSimpleApplication@7abfa661
reloadAllAccessors: .BackgroundExecution

===========================================================================================
----------------- testing Fri Oct 02 00:57:44 UTC 2020 /home/travis/build/icyphy/ptII/ptolemy/actor/lib/hoc/test/auto/Case.xml
----------------- Instantiating /home/travis/build/icyphy/ptII/ptolemy/actor/lib/hoc/test/auto/Case.xml
46 ms. Memory: 129024K Free: 113375K (88%)
----------------- Invoking toplevel() on ptolemy.moml.MoMLSimpleApplication@563021c5
----------------- Done invoking toplevel() on ptolemy.moml.MoMLSimpleApplication@563021c5
reloadAllAccessors: .Case

===========================================================================================
----------------- testing Fri Oct 02 00:57:44 UTC 2020 /home/travis/build/icyphy/ptII/ptolemy/actor/lib/hoc/test/auto/Case1.xml
----------------- Instantiating /home/travis/build/icyphy/ptII/ptolemy/actor/lib/hoc/test/auto/Case1.xml
20 ms. Memory: 129024K Free: 106618K (83%)
----------------- Invoking toplevel() on ptolemy.moml.MoMLSimpleApplication@3a780f96
----------------- Done invoking toplevel() on ptolemy.moml.MoMLSimpleApplication@3a780f96
reloadAllAccessors: .Case1

===========================================================================================
----------------- testing Fri Oct 02 00:57:44 UTC 2020 /home/travis/build/icyphy/ptII/ptolemy/actor/lib/hoc/test/auto/Case2.xml
----------------- Instantiating /home/travis/build/icyphy/ptII/ptolemy/actor/lib/hoc/test/auto/Case2.xml
29 ms. Memory: 129024K Free: 96387K (75%)
----------------- Invoking toplevel() on ptolemy.moml.MoMLSimpleApplication@824c7bf
----------------- Done invoking toplevel() on ptolemy.moml.MoMLSimpleApplication@824c7bf
reloadAllAccessors: .Case2

===========================================================================================
----------------- testing Fri Oct 02 00:57:44 UTC 2020 /home/travis/build/icyphy/ptII/ptolemy/actor/lib/hoc/test/auto/Case3.xml
----------------- Instantiating /home/travis/build/icyphy/ptII/ptolemy/actor/lib/hoc/test/auto/Case3.xml
9 ms. Memory: 129024K Free: 89943K (70%)
----------------- Invoking toplevel() on ptolemy.moml.MoMLSimpleApplication@17435e30
----------------- Done invoking toplevel() on ptolemy.moml.MoMLSimpleApplication@17435e30
reloadAllAccessors: .Case3

===========================================================================================
----------------- testing Fri Oct 02 00:57:44 UTC 2020 /home/travis/build/icyphy/ptII/ptolemy/actor/lib/hoc/test/auto/Case4.xml
----------------- Instantiating /home/travis/build/icyphy/ptII/ptolemy/actor/lib/hoc/test/auto/Case4.xml
26 ms. Memory: 129024K Free: 82725K (64%)
----------------- Invoking toplevel() on ptolemy.moml.MoMLSimpleApplication@70496ceb
----------------- Done invoking toplevel() on ptolemy.moml.MoMLSimpleApplication@70496ceb
reloadAllAccessors: .Case4

===========================================================================================
----------------- testing Fri Oct 02 00:57:44 UTC 2020 /home/travis/build/icyphy/ptII/ptolemy/actor/lib/hoc/test/auto/Case5.xml
----------------- Instantiating /home/travis/build/icyphy/ptII/ptolemy/actor/lib/hoc/test/auto/Case5.xml
69 ms. Memory: 129024K Free: 76431K (59%)
----------------- Invoking toplevel() on ptolemy.moml.MoMLSimpleApplication@4bbd3a36
----------------- Done invoking toplevel() on ptolemy.moml.MoMLSimpleApplication@4bbd3a36
reloadAllAccessors: .junk

===========================================================================================
----------------- testing Fri Oct 02 00:57:44 UTC 2020 /home/travis/build/icyphy/ptII/ptolemy/actor/lib/hoc/test/auto/Case6.xml
----------------- Instantiating /home/travis/build/icyphy/ptII/ptolemy/actor/lib/hoc/test/auto/Case6.xml
57 ms. Memory: 129024K Free: 64653K (50%)
----------------- Invoking toplevel() on ptolemy.moml.MoMLSimpleApplication@5273e76a
----------------- Done invoking toplevel() on ptolemy.moml.MoMLSimpleApplication@5273e76a
reloadAllAccessors: .Case6

===========================================================================================
----------------- testing Fri Oct 02 00:57:44 UTC 2020 /home/travis/build/icyphy/ptII/ptolemy/actor/lib/hoc/test/auto/CaseString2.xml
----------------- Instantiating /home/travis/build/icyphy/ptII/ptolemy/actor/lib/hoc/test/auto/CaseString2.xml
9 ms. Memory: 129024K Free: 108323K (84%)
----------------- Invoking toplevel() on ptolemy.moml.MoMLSimpleApplication@71b0357f
----------------- Done invoking toplevel() on ptolemy.moml.MoMLSimpleApplication@71b0357f
reloadAllAccessors: .CaseString2

===========================================================================================
----------------- testing Fri Oct 02 00:57:44 UTC 2020 /home/travis/build/icyphy/ptII/ptolemy/actor/lib/hoc/test/auto/CatchUpComposite1.xml
----------------- Instantiating /home/travis/build/icyphy/ptII/ptolemy/actor/lib/hoc/test/auto/CatchUpComposite1.xml
37 ms. Memory: 129024K Free: 99251K (77%)
----------------- Invoking toplevel() on ptolemy.moml.MoMLSimpleApplication@67a91bd0
----------------- Done invoking toplevel() on ptolemy.moml.MoMLSimpleApplication@67a91bd0
reloadAllAccessors: .CatchUpComposite1

===========================================================================================
----------------- testing Fri Oct 02 00:57:44 UTC 2020 /home/travis/build/icyphy/ptII/ptolemy/actor/lib/hoc/test/auto/CatchUpComposite2.xml
----------------- Instantiating /home/travis/build/icyphy/ptII/ptolemy/actor/lib/hoc/test/auto/CatchUpComposite2.xml
12 ms. Memory: 129024K Free: 91059K (71%)
----------------- Invoking toplevel() on ptolemy.moml.MoMLSimpleApplication@1e92c052
----------------- Done invoking toplevel() on ptolemy.moml.MoMLSimpleApplication@1e92c052
reloadAllAccessors: .CatchUpComposite2

===========================================================================================
----------------- testing Fri Oct 02 00:57:45 UTC 2020 /home/travis/build/icyphy/ptII/ptolemy/actor/lib/hoc/test/auto/CatchUpComposite3.xml
----------------- Instantiating /home/travis/build/icyphy/ptII/ptolemy/actor/lib/hoc/test/auto/CatchUpComposite3.xml
25 ms. Memory: 129024K Free: 82510K (64%)
----------------- Invoking toplevel() on ptolemy.moml.MoMLSimpleApplication@fb96fbf
----------------- Done invoking toplevel() on ptolemy.moml.MoMLSimpleApplication@fb96fbf
reloadAllAccessors: .CatchUpComposite3

===========================================================================================
----------------- testing Fri Oct 02 00:57:45 UTC 2020 /home/travis/build/icyphy/ptII/ptolemy/actor/lib/hoc/test/auto/CatchUpComposite4.xml
----------------- Instantiating /home/travis/build/icyphy/ptII/ptolemy/actor/lib/hoc/test/auto/CatchUpComposite4.xml
19 ms. Memory: 129024K Free: 74637K (58%)
----------------- Invoking toplevel() on ptolemy.moml.MoMLSimpleApplication@1f6fded6
----------------- Done invoking toplevel() on ptolemy.moml.MoMLSimpleApplication@1f6fded6
reloadAllAccessors: .CatchUpComposite4

===========================================================================================
----------------- testing Fri Oct 02 00:57:45 UTC 2020 /home/travis/build/icyphy/ptII/ptolemy/actor/lib/hoc/test/auto/CatchUpComposite5.xml
----------------- Instantiating /home/travis/build/icyphy/ptII/ptolemy/actor/lib/hoc/test/auto/CatchUpComposite5.xml
16 ms. Memory: 129024K Free: 67150K (52%)
----------------- Invoking toplevel() on ptolemy.moml.MoMLSimpleApplication@7c21f0ce
----------------- Done invoking toplevel() on ptolemy.moml.MoMLSimpleApplication@7c21f0ce
reloadAllAccessors: .CatchUpComposite5

===========================================================================================
----------------- testing Fri Oct 02 00:57:45 UTC 2020 /home/travis/build/icyphy/ptII/ptolemy/actor/lib/hoc/test/auto/CatchUpComposite6.xml
----------------- Instantiating /home/travis/build/icyphy/ptII/ptolemy/actor/lib/hoc/test/auto/CatchUpComposite6.xml
WARNING: The execution aspects in this model can influence the timing of actors by delaying the 
execution, potentially changing the behavior. There is no guarantee that actors fire at the 
time they request to be fired. 
Use Ptides for deterministic DE behavior that is not influenced by execution aspects. 

98 ms. Memory: 129024K Free: 52479K (41%)
----------------- Invoking toplevel() on ptolemy.moml.MoMLSimpleApplication@3e2f9fe6
----------------- Done invoking toplevel() on ptolemy.moml.MoMLSimpleApplication@3e2f9fe6
reloadAllAccessors: .CatchUpComposite6

===========================================================================================
----------------- testing Fri Oct 02 00:57:45 UTC 2020 /home/travis/build/icyphy/ptII/ptolemy/actor/lib/hoc/test/auto/CatchUpComposite7.xml
----------------- Instantiating /home/travis/build/icyphy/ptII/ptolemy/actor/lib/hoc/test/auto/CatchUpComposite7.xml
WARNING: The execution aspects in this model can influence the timing of actors by delaying the 
execution, potentially changing the behavior. There is no guarantee that actors fire at the 
time they request to be fired. 
Use Ptides for deterministic DE behavior that is not influenced by execution aspects. 

43 ms. Memory: 129024K Free: 105279K (82%)
----------------- Invoking toplevel() on ptolemy.moml.MoMLSimpleApplication@2d705ea8
----------------- Done invoking toplevel() on ptolemy.moml.MoMLSimpleApplication@2d705ea8
reloadAllAccessors: .CatchUpComposite7

===========================================================================================
----------------- testing Fri Oct 02 00:57:45 UTC 2020 /home/travis/build/icyphy/ptII/ptolemy/actor/lib/hoc/test/auto/ConcurrentExecutionTimeSDF.xml
----------------- Instantiating /home/travis/build/icyphy/ptII/ptolemy/actor/lib/hoc/test/auto/ConcurrentExecutionTimeSDF.xml
Fired ExecutionTime: 40400000
Fired ExecutionTime: 40400000
Fired ExecutionTime: 40400000
Fired ExecutionTime: 40400000
Fired ExecutionTime: 40400000
Fired ExecutionTime: 40400000
Fired ExecutionTime: 40400000
Fired ExecutionTime: 40400000
Fired ExecutionTime: 40400000
Fired ExecutionTime: 40400000
Fired ExecutionTime: 40400000
Fired ExecutionTime: 40400000
Fired ExecutionTime: 40400000
Fired ExecutionTime: 40400000
Fired ExecutionTime: 40400000
Fired ExecutionTime: 40400000
Fired ExecutionTime: 40400000
Fired ExecutionTime: 40400000
Fired ExecutionTime: 40400000
Fired ExecutionTime: 40400000
1026 ms. Memory: 129024K Free: 98111K (76%)
----------------- Invoking toplevel() on ptolemy.moml.MoMLSimpleApplication@5dd3e4a1
----------------- Done invoking toplevel() on ptolemy.moml.MoMLSimpleApplication@5dd3e4a1
reloadAllAccessors: .ConcurrentExecutionTimeSDF

===========================================================================================
----------------- testing Fri Oct 02 00:57:46 UTC 2020 /home/travis/build/icyphy/ptII/ptolemy/actor/lib/hoc/test/auto/ConcurrentSleep.xml
----------------- Instantiating /home/travis/build/icyphy/ptII/ptolemy/actor/lib/hoc/test/auto/ConcurrentSleep.xml
734 ms. Memory: 129024K Free: 87333K (68%)
----------------- Invoking toplevel() on ptolemy.moml.MoMLSimpleApplication@8db9238
----------------- Done invoking toplevel() on ptolemy.moml.MoMLSimpleApplication@8db9238
reloadAllAccessors: .ConcurrentSleep

===========================================================================================
----------------- testing Fri Oct 02 00:57:47 UTC 2020 /home/travis/build/icyphy/ptII/ptolemy/actor/lib/hoc/test/auto/DEInPNInRunCompositeActor.xml
----------------- Instantiating /home/travis/build/icyphy/ptII/ptolemy/actor/lib/hoc/test/auto/DEInPNInRunCompositeActor.xml
13 ms. Memory: 129024K Free: 81228K (63%)
----------------- Invoking toplevel() on ptolemy.moml.MoMLSimpleApplication@72d6212b
----------------- Done invoking toplevel() on ptolemy.moml.MoMLSimpleApplication@72d6212b
reloadAllAccessors: .DEInPNInRunCompositeActor

===========================================================================================
----------------- testing Fri Oct 02 00:57:47 UTC 2020 /home/travis/build/icyphy/ptII/ptolemy/actor/lib/hoc/test/auto/DFTSubSetTest.xml
----------------- Instantiating /home/travis/build/icyphy/ptII/ptolemy/actor/lib/hoc/test/auto/DFTSubSetTest.xml
197 ms. Memory: 129024K Free: 110220K (85%)
----------------- Invoking toplevel() on ptolemy.moml.MoMLSimpleApplication@899d65c
----------------- Done invoking toplevel() on ptolemy.moml.MoMLSimpleApplication@899d65c
reloadAllAccessors: .DFTSubSetTest

===========================================================================================
----------------- testing Fri Oct 02 00:57:47 UTC 2020 /home/travis/build/icyphy/ptII/ptolemy/actor/lib/hoc/test/auto/HocDE.xml
----------------- Instantiating /home/travis/build/icyphy/ptII/ptolemy/actor/lib/hoc/test/auto/HocDE.xml
138 ms. Memory: 129024K Free: 84707K (66%)
----------------- Invoking toplevel() on ptolemy.moml.MoMLSimpleApplication@3a4d3518
----------------- Done invoking toplevel() on ptolemy.moml.MoMLSimpleApplication@3a4d3518
reloadAllAccessors: .HocDE

===========================================================================================
----------------- testing Fri Oct 02 00:57:47 UTC 2020 /home/travis/build/icyphy/ptII/ptolemy/actor/lib/hoc/test/auto/IterateOverArray.xml
----------------- Instantiating /home/travis/build/icyphy/ptII/ptolemy/actor/lib/hoc/test/auto/IterateOverArray.xml
6 ms. Memory: 129024K Free: 80284K (62%)
----------------- Invoking toplevel() on ptolemy.moml.MoMLSimpleApplication@60c08c4a
----------------- Done invoking toplevel() on ptolemy.moml.MoMLSimpleApplication@60c08c4a
reloadAllAccessors: .IterateOverArray

===========================================================================================
----------------- testing Fri Oct 02 00:57:47 UTC 2020 /home/travis/build/icyphy/ptII/ptolemy/actor/lib/hoc/test/auto/IterateOverArray10.xml
----------------- Instantiating /home/travis/build/icyphy/ptII/ptolemy/actor/lib/hoc/test/auto/IterateOverArray10.xml
4 ms. Memory: 129024K Free: 76942K (60%)
----------------- Invoking toplevel() on ptolemy.moml.MoMLSimpleApplication@788d2560
----------------- Done invoking toplevel() on ptolemy.moml.MoMLSimpleApplication@788d2560
reloadAllAccessors: .IterateOverArray10

===========================================================================================
----------------- testing Fri Oct 02 00:57:47 UTC 2020 /home/travis/build/icyphy/ptII/ptolemy/actor/lib/hoc/test/auto/IterateOverArray11.xml
----------------- Instantiating /home/travis/build/icyphy/ptII/ptolemy/actor/lib/hoc/test/auto/IterateOverArray11.xml
4 ms. Memory: 129024K Free: 73060K (57%)
----------------- Invoking toplevel() on ptolemy.moml.MoMLSimpleApplication@539032df
----------------- Done invoking toplevel() on ptolemy.moml.MoMLSimpleApplication@539032df
reloadAllAccessors: .IterateOverArray11

===========================================================================================
----------------- testing Fri Oct 02 00:57:47 UTC 2020 /home/travis/build/icyphy/ptII/ptolemy/actor/lib/hoc/test/auto/IterateOverArray12.xml
----------------- Instantiating /home/travis/build/icyphy/ptII/ptolemy/actor/lib/hoc/test/auto/IterateOverArray12.xml
16 ms. Memory: 129024K Free: 66987K (52%)
----------------- Invoking toplevel() on ptolemy.moml.MoMLSimpleApplication@35854815
----------------- Done invoking toplevel() on ptolemy.moml.MoMLSimpleApplication@35854815
reloadAllAccessors: .IterateOverArray12

===========================================================================================
----------------- testing Fri Oct 02 00:57:48 UTC 2020 /home/travis/build/icyphy/ptII/ptolemy/actor/lib/hoc/test/auto/IterateOverArray13.xml
----------------- Instantiating /home/travis/build/icyphy/ptII/ptolemy/actor/lib/hoc/test/auto/IterateOverArray13.xml
68 ms. Memory: 129024K Free: 41387K (32%)
----------------- Invoking toplevel() on ptolemy.moml.MoMLSimpleApplication@36b7f784
----------------- Done invoking toplevel() on ptolemy.moml.MoMLSimpleApplication@36b7f784
reloadAllAccessors: .IterateOverArray13

===========================================================================================
----------------- testing Fri Oct 02 00:57:48 UTC 2020 /home/travis/build/icyphy/ptII/ptolemy/actor/lib/hoc/test/auto/IterateOverArray14.xml
----------------- Instantiating /home/travis/build/icyphy/ptII/ptolemy/actor/lib/hoc/test/auto/IterateOverArray14.xml
82 ms. Memory: 157696K Free: 110793K (70%)
----------------- Invoking toplevel() on ptolemy.moml.MoMLSimpleApplication@54d334af
----------------- Done invoking toplevel() on ptolemy.moml.MoMLSimpleApplication@54d334af
reloadAllAccessors: .IterateOverArray14

===========================================================================================
----------------- testing Fri Oct 02 00:57:48 UTC 2020 /home/travis/build/icyphy/ptII/ptolemy/actor/lib/hoc/test/auto/IterateOverArray2.xml
----------------- Instantiating /home/travis/build/icyphy/ptII/ptolemy/actor/lib/hoc/test/auto/IterateOverArray2.xml
9 ms. Memory: 157696K Free: 106272K (67%)
----------------- Invoking toplevel() on ptolemy.moml.MoMLSimpleApplication@3d7ce167
----------------- Done invoking toplevel() on ptolemy.moml.MoMLSimpleApplication@3d7ce167
reloadAllAccessors: .IterateOverArray2

===========================================================================================
----------------- testing Fri Oct 02 00:57:48 UTC 2020 /home/travis/build/icyphy/ptII/ptolemy/actor/lib/hoc/test/auto/IterateOverArray3.xml
----------------- Instantiating /home/travis/build/icyphy/ptII/ptolemy/actor/lib/hoc/test/auto/IterateOverArray3.xml
18 ms. Memory: 157696K Free: 100531K (64%)
----------------- Invoking toplevel() on ptolemy.moml.MoMLSimpleApplication@43a172e
----------------- Done invoking toplevel() on ptolemy.moml.MoMLSimpleApplication@43a172e
reloadAllAccessors: .IterateOverArray3

===========================================================================================
----------------- testing Fri Oct 02 00:57:48 UTC 2020 /home/travis/build/icyphy/ptII/ptolemy/actor/lib/hoc/test/auto/IterateOverArray4.xml
----------------- Instantiating /home/travis/build/icyphy/ptII/ptolemy/actor/lib/hoc/test/auto/IterateOverArray4.xml
5 ms. Memory: 157696K Free: 96457K (61%)
----------------- Invoking toplevel() on ptolemy.moml.MoMLSimpleApplication@9cbdec3
----------------- Done invoking toplevel() on ptolemy.moml.MoMLSimpleApplication@9cbdec3
reloadAllAccessors: .IterateOverArray4

===========================================================================================
----------------- testing Fri Oct 02 00:57:48 UTC 2020 /home/travis/build/icyphy/ptII/ptolemy/actor/lib/hoc/test/auto/IterateOverArray5.xml
----------------- Instantiating /home/travis/build/icyphy/ptII/ptolemy/actor/lib/hoc/test/auto/IterateOverArray5.xml
4 ms. Memory: 157696K Free: 92361K (59%)
----------------- Invoking toplevel() on ptolemy.moml.MoMLSimpleApplication@42adf144
----------------- Done invoking toplevel() on ptolemy.moml.MoMLSimpleApplication@42adf144
reloadAllAccessors: .IterateOverArray5

===========================================================================================
----------------- testing Fri Oct 02 00:57:48 UTC 2020 /home/travis/build/icyphy/ptII/ptolemy/actor/lib/hoc/test/auto/IterateOverArray6.xml
----------------- Instantiating /home/travis/build/icyphy/ptII/ptolemy/actor/lib/hoc/test/auto/IterateOverArray6.xml
3 ms. Memory: 157696K Free: 88826K (56%)
----------------- Invoking toplevel() on ptolemy.moml.MoMLSimpleApplication@217d3120
----------------- Done invoking toplevel() on ptolemy.moml.MoMLSimpleApplication@217d3120
reloadAllAccessors: .IterateOverArray6

===========================================================================================
----------------- testing Fri Oct 02 00:57:48 UTC 2020 /home/travis/build/icyphy/ptII/ptolemy/actor/lib/hoc/test/auto/IterateOverArray7.xml
----------------- Instantiating /home/travis/build/icyphy/ptII/ptolemy/actor/lib/hoc/test/auto/IterateOverArray7.xml
5 ms. Memory: 157696K Free: 84596K (54%)
----------------- Invoking toplevel() on ptolemy.moml.MoMLSimpleApplication@1ea7ebe3
----------------- Done invoking toplevel() on ptolemy.moml.MoMLSimpleApplication@1ea7ebe3
reloadAllAccessors: .IterateOverArray7

===========================================================================================
----------------- testing Fri Oct 02 00:57:48 UTC 2020 /home/travis/build/icyphy/ptII/ptolemy/actor/lib/hoc/test/auto/IterateOverArray8.xml
----------------- Instantiating /home/travis/build/icyphy/ptII/ptolemy/actor/lib/hoc/test/auto/IterateOverArray8.xml
4 ms. Memory: 157696K Free: 80672K (51%)
----------------- Invoking toplevel() on ptolemy.moml.MoMLSimpleApplication@102c7329
----------------- Done invoking toplevel() on ptolemy.moml.MoMLSimpleApplication@102c7329
reloadAllAccessors: .IterateOverArray8

===========================================================================================
----------------- testing Fri Oct 02 00:57:48 UTC 2020 /home/travis/build/icyphy/ptII/ptolemy/actor/lib/hoc/test/auto/IterateOverArray9.xml
----------------- Instantiating /home/travis/build/icyphy/ptII/ptolemy/actor/lib/hoc/test/auto/IterateOverArray9.xml
9 ms. Memory: 157696K Free: 77001K (49%)
----------------- Invoking toplevel() on ptolemy.moml.MoMLSimpleApplication@5bf166c2
----------------- Done invoking toplevel() on ptolemy.moml.MoMLSimpleApplication@5bf166c2
reloadAllAccessors: .IterateOverArray9

===========================================================================================
----------------- testing Fri Oct 02 00:57:48 UTC 2020 /home/travis/build/icyphy/ptII/ptolemy/actor/lib/hoc/test/auto/IterateOverArrayCoercedOutputType.xml
----------------- Instantiating /home/travis/build/icyphy/ptII/ptolemy/actor/lib/hoc/test/auto/IterateOverArrayCoercedOutputType.xml
13 ms. Memory: 157696K Free: 71881K (46%)
----------------- Invoking toplevel() on ptolemy.moml.MoMLSimpleApplication@5165dd5e
----------------- Done invoking toplevel() on ptolemy.moml.MoMLSimpleApplication@5165dd5e
reloadAllAccessors: .IterateOverArrayCoercedOutputType

===========================================================================================
----------------- testing Fri Oct 02 00:57:48 UTC 2020 /home/travis/build/icyphy/ptII/ptolemy/actor/lib/hoc/test/auto/IterateOverArrayInferredOutputType.xml
----------------- Instantiating /home/travis/build/icyphy/ptII/ptolemy/actor/lib/hoc/test/auto/IterateOverArrayInferredOutputType.xml
4 ms. Memory: 157696K Free: 67360K (43%)
----------------- Invoking toplevel() on ptolemy.moml.MoMLSimpleApplication@252b14ba
----------------- Done invoking toplevel() on ptolemy.moml.MoMLSimpleApplication@252b14ba
reloadAllAccessors: .IterateOverArrayInferredOutputType

===========================================================================================
----------------- testing Fri Oct 02 00:57:48 UTC 2020 /home/travis/build/icyphy/ptII/ptolemy/actor/lib/hoc/test/auto/MobileFunctionTest.xml
----------------- Instantiating /home/travis/build/icyphy/ptII/ptolemy/actor/lib/hoc/test/auto/MobileFunctionTest.xml
4 ms. Memory: 157696K Free: 63242K (40%)
----------------- Invoking toplevel() on ptolemy.moml.MoMLSimpleApplication@490252e9
----------------- Done invoking toplevel() on ptolemy.moml.MoMLSimpleApplication@490252e9
reloadAllAccessors: .MobileFunctionTest

===========================================================================================
----------------- testing Fri Oct 02 00:57:48 UTC 2020 /home/travis/build/icyphy/ptII/ptolemy/actor/lib/hoc/test/auto/MobileModelTest.xml
----------------- Instantiating /home/travis/build/icyphy/ptII/ptolemy/actor/lib/hoc/test/auto/MobileModelTest.xml
129 ms. Memory: 157696K Free: 128513K (81%)
----------------- Invoking toplevel() on ptolemy.moml.MoMLSimpleApplication@3b735e5e
----------------- Done invoking toplevel() on ptolemy.moml.MoMLSimpleApplication@3b735e5e
reloadAllAccessors: .MobileModelTest

===========================================================================================
----------------- testing Fri Oct 02 00:57:48 UTC 2020 /home/travis/build/icyphy/ptII/ptolemy/actor/lib/hoc/test/auto/ModelReference.xml
----------------- Instantiating /home/travis/build/icyphy/ptII/ptolemy/actor/lib/hoc/test/auto/ModelReference.xml
2 ms. Memory: 157696K Free: 121713K (77%)
1 ms. Memory: 157696K Free: 121169K (77%)
5 ms. Memory: 157696K Free: 120183K (76%)
2 ms. Memory: 157696K Free: 119616K (76%)
2 ms. Memory: 157696K Free: 118625K (75%)
2 ms. Memory: 157696K Free: 117609K (75%)
1 ms. Memory: 157696K Free: 117089K (74%)
2 ms. Memory: 157696K Free: 116087K (74%)
1 ms. Memory: 157696K Free: 115520K (73%)
2 ms. Memory: 157696K Free: 114553K (73%)
34 ms. Memory: 157696K Free: 114553K (73%)
----------------- Invoking toplevel() on ptolemy.moml.MoMLSimpleApplication@504340c4
----------------- Done invoking toplevel() on ptolemy.moml.MoMLSimpleApplication@504340c4
reloadAllAccessors: .ModelReference

===========================================================================================
----------------- testing Fri Oct 02 00:57:48 UTC 2020 /home/travis/build/icyphy/ptII/ptolemy/actor/lib/hoc/test/auto/ModelReference3.xml
----------------- Instantiating /home/travis/build/icyphy/ptII/ptolemy/actor/lib/hoc/test/auto/ModelReference3.xml
2 ms. Memory: 157696K Free: 109943K (70%)
4 ms. Memory: 157696K Free: 109487K (69%)
2 ms. Memory: 157696K Free: 108449K (69%)
4 ms. Memory: 157696K Free: 107873K (68%)
3 ms. Memory: 157696K Free: 106841K (68%)
1 ms. Memory: 157696K Free: 106304K (67%)
3 ms. Memory: 157696K Free: 105375K (67%)
2 ms. Memory: 157696K Free: 104367K (66%)
4 ms. Memory: 157696K Free: 103769K (66%)
1 ms. Memory: 157696K Free: 102761K (65%)
34 ms. Memory: 157696K Free: 102761K (65%)
----------------- Invoking toplevel() on ptolemy.moml.MoMLSimpleApplication@7f11cf04
----------------- Done invoking toplevel() on ptolemy.moml.MoMLSimpleApplication@7f11cf04
reloadAllAccessors: .ModelReference3

===========================================================================================
----------------- testing Fri Oct 02 00:57:48 UTC 2020 /home/travis/build/icyphy/ptII/ptolemy/actor/lib/hoc/test/auto/ModelReference4.xml
----------------- Instantiating /home/travis/build/icyphy/ptII/ptolemy/actor/lib/hoc/test/auto/ModelReference4.xml
2 ms. Memory: 157696K Free: 98185K (62%)
3 ms. Memory: 157696K Free: 96609K (61%)
2 ms. Memory: 157696K Free: 95585K (61%)
2 ms. Memory: 157696K Free: 94561K (60%)
11 ms. Memory: 157696K Free: 93049K (59%)
2 ms. Memory: 157696K Free: 92033K (58%)
2 ms. Memory: 157696K Free: 90457K (57%)
3 ms. Memory: 157696K Free: 89463K (57%)
2 ms. Memory: 157696K Free: 87967K (56%)
3 ms. Memory: 157696K Free: 86919K (55%)
10017 ms. Memory: 157696K Free: 86919K (55%)
----------------- Invoking toplevel() on ptolemy.moml.MoMLSimpleApplication@778eda3
----------------- Done invoking toplevel() on ptolemy.moml.MoMLSimpleApplication@778eda3
reloadAllAccessors: .ModelReference4

===========================================================================================
----------------- testing Fri Oct 02 00:57:58 UTC 2020 /home/travis/build/icyphy/ptII/ptolemy/actor/lib/hoc/test/auto/MultiInstanceComposite.xml
----------------- Instantiating /home/travis/build/icyphy/ptII/ptolemy/actor/lib/hoc/test/auto/MultiInstanceComposite.xml
26 ms. Memory: 157696K Free: 67959K (43%)
----------------- Invoking toplevel() on ptolemy.moml.MoMLSimpleApplication@7b114d7b
----------------- Done invoking toplevel() on ptolemy.moml.MoMLSimpleApplication@7b114d7b
reloadAllAccessors: .MultiInstanceComposite

===========================================================================================
----------------- testing Fri Oct 02 00:57:59 UTC 2020 /home/travis/build/icyphy/ptII/ptolemy/actor/lib/hoc/test/auto/MultiInstanceComposite2.xml
----------------- Instantiating /home/travis/build/icyphy/ptII/ptolemy/actor/lib/hoc/test/auto/MultiInstanceComposite2.xml
16 ms. Memory: 157696K Free: 56695K (36%)
----------------- Invoking toplevel() on ptolemy.moml.MoMLSimpleApplication@55ac1610
----------------- Done invoking toplevel() on ptolemy.moml.MoMLSimpleApplication@55ac1610
reloadAllAccessors: .MultiInstanceComposite2

===========================================================================================
----------------- testing Fri Oct 02 00:57:59 UTC 2020 /home/travis/build/icyphy/ptII/ptolemy/actor/lib/hoc/test/auto/MulticoreExecution.xml
----------------- Instantiating /home/travis/build/icyphy/ptII/ptolemy/actor/lib/hoc/test/auto/MulticoreExecution.xml
Fired ExecutionTime: 2800000
Fired ExecutionTime: 5200000
Fired ExecutionTime: 102800000
Fired ExecutionTime: 103600000
Fired ExecutionTime: 102400000
Fired ExecutionTime: 109600000
Fired ExecutionTime: 104000000
Fired ExecutionTime: 104800000
Fired ExecutionTime: 104000000
Fired ExecutionTime: 103600000
Fired ExecutionTime: 103600000
Fired ExecutionTime: 103600000
Fired ExecutionTime: 104400000
Fired ExecutionTime: 105200000
Fired ExecutionTime: 105200000
Fired ExecutionTime: 104000000
Fired ExecutionTime: 105600000
Fired ExecutionTime: 105200000
Fired ExecutionTime: 102800000
Fired ExecutionTime: 103600000
1039 ms. Memory: 157696K Free: 139266K (88%)
----------------- Invoking toplevel() on ptolemy.moml.MoMLSimpleApplication@55b50364
----------------- Done invoking toplevel() on ptolemy.moml.MoMLSimpleApplication@55b50364
reloadAllAccessors: .MulticoreExecution

===========================================================================================
----------------- testing Fri Oct 02 00:58:00 UTC 2020 /home/travis/build/icyphy/ptII/ptolemy/actor/lib/hoc/test/auto/ParallelExecution.xml
----------------- Instantiating /home/travis/build/icyphy/ptII/ptolemy/actor/lib/hoc/test/auto/ParallelExecution.xml
921 ms. Memory: 157696K Free: 131987K (84%)
----------------- Invoking toplevel() on ptolemy.moml.MoMLSimpleApplication@4647004c
----------------- Done invoking toplevel() on ptolemy.moml.MoMLSimpleApplication@4647004c
reloadAllAccessors: .ParallelExecution

===========================================================================================
----------------- testing Fri Oct 02 00:58:01 UTC 2020 /home/travis/build/icyphy/ptII/ptolemy/actor/lib/hoc/test/auto/RunCompositeActor.xml
----------------- Instantiating /home/travis/build/icyphy/ptII/ptolemy/actor/lib/hoc/test/auto/RunCompositeActor.xml
8 ms. Memory: 157696K Free: 124900K (79%)
----------------- Invoking toplevel() on ptolemy.moml.MoMLSimpleApplication@4322e84f
----------------- Done invoking toplevel() on ptolemy.moml.MoMLSimpleApplication@4322e84f
reloadAllAccessors: .RunCompositeActor

===========================================================================================
----------------- testing Fri Oct 02 00:58:01 UTC 2020 /home/travis/build/icyphy/ptII/ptolemy/actor/lib/hoc/test/auto/RunCompositeActor2.xml
----------------- Instantiating /home/travis/build/icyphy/ptII/ptolemy/actor/lib/hoc/test/auto/RunCompositeActor2.xml
4 ms. Memory: 157696K Free: 118756K (75%)
----------------- Invoking toplevel() on ptolemy.moml.MoMLSimpleApplication@67c88205
----------------- Done invoking toplevel() on ptolemy.moml.MoMLSimpleApplication@67c88205
reloadAllAccessors: .RunCompositeActor2

===========================================================================================
----------------- testing Fri Oct 02 00:58:01 UTC 2020 /home/travis/build/icyphy/ptII/ptolemy/actor/lib/hoc/test/auto/RunCompositeActor3.xml
----------------- Instantiating /home/travis/build/icyphy/ptII/ptolemy/actor/lib/hoc/test/auto/RunCompositeActor3.xml
5 ms. Memory: 157696K Free: 113067K (72%)
----------------- Invoking toplevel() on ptolemy.moml.MoMLSimpleApplication@65e10618
----------------- Done invoking toplevel() on ptolemy.moml.MoMLSimpleApplication@65e10618
reloadAllAccessors: .RunCompositeActor3

===========================================================================================
----------------- testing Fri Oct 02 00:58:01 UTC 2020 /home/travis/build/icyphy/ptII/ptolemy/actor/lib/hoc/test/auto/RunCompositeActor4.xml
----------------- Instantiating /home/travis/build/icyphy/ptII/ptolemy/actor/lib/hoc/test/auto/RunCompositeActor4.xml
9 ms. Memory: 157696K Free: 104875K (67%)
----------------- Invoking toplevel() on ptolemy.moml.MoMLSimpleApplication@44919e4b
----------------- Done invoking toplevel() on ptolemy.moml.MoMLSimpleApplication@44919e4b
reloadAllAccessors: .RunCompositeActor4

===========================================================================================
----------------- testing Fri Oct 02 00:58:01 UTC 2020 /home/travis/build/icyphy/ptII/ptolemy/actor/lib/hoc/test/auto/RunCompositeIterateOverArray.xml
----------------- Instantiating /home/travis/build/icyphy/ptII/ptolemy/actor/lib/hoc/test/auto/RunCompositeIterateOverArray.xml
4 ms. Memory: 157696K Free: 99252K (63%)
----------------- Invoking toplevel() on ptolemy.moml.MoMLSimpleApplication@2aa1eb07
----------------- Done invoking toplevel() on ptolemy.moml.MoMLSimpleApplication@2aa1eb07
reloadAllAccessors: .RunCompositeIterateOverArray

===========================================================================================
----------------- testing Fri Oct 02 00:58:01 UTC 2020 /home/travis/build/icyphy/ptII/ptolemy/actor/lib/hoc/test/auto/ThreadedJS.xml
----------------- Instantiating /home/travis/build/icyphy/ptII/ptolemy/actor/lib/hoc/test/auto/ThreadedJS.xml
5810 ms. Memory: 227328K Free: 108219K (48%)
----------------- Invoking toplevel() on ptolemy.moml.MoMLSimpleApplication@62250bef
----------------- Done invoking toplevel() on ptolemy.moml.MoMLSimpleApplication@62250bef
reloadAllAccessors: .ThreadedJS
AutoTests.java: About to close Vertx.
AutoTests.java: Vertx closed.
]]></system-out>
  <system-err><![CDATA[java.lang.RuntimeException: Execution failed
	at ptolemy.moml.MoMLSimpleApplication$UnloadThread.run(MoMLSimpleApplication.java:402)
Caused by: ptolemy.kernel.util.IllegalActionException: initialize() was called after wrapup() was called but preinitialize() was not called after wrapup().
	at ptolemy.actor.lib.hoc.test.PreinitializeMustBeInvoked.initialize(PreinitializeMustBeInvoked.java:78)
	at ptolemy.actor.Director.initialize(Director.java:938)
	at ptolemy.actor.Director.initialize(Director.java:907)
	at ptolemy.actor.sched.StaticSchedulingDirector.initialize(StaticSchedulingDirector.java:159)
	at ptolemy.domains.sdf.kernel.SDFDirector.initialize(SDFDirector.java:544)
	at ptolemy.actor.CompositeActor.initialize(CompositeActor.java:935)
	at ptolemy.actor.lib.hoc.LifeCycleManager._executeInsideModel(LifeCycleManager.java:339)
	at ptolemy.actor.lib.hoc.RunCompositeActor.fire(RunCompositeActor.java:205)
	at ptolemy.actor.CompositeActor.iterate(CompositeActor.java:1146)
	at ptolemy.actor.sched.StaticSchedulingDirector.fire(StaticSchedulingDirector.java:216)
	at ptolemy.domains.sdf.kernel.SDFDirector.fire(SDFDirector.java:500)
	at ptolemy.actor.CompositeActor.fire(CompositeActor.java:455)
	at ptolemy.actor.Manager.iterate(Manager.java:851)
	at ptolemy.actor.Manager.execute(Manager.java:369)
	at ptolemy.actor.Manager.run(Manager.java:1263)
	at ptolemy.actor.Manager$PtolemyRunThread.run(Manager.java:1933)
java.lang.reflect.InvocationTargetException
	at java.base/jdk.internal.reflect.NativeConstructorAccessorImpl.newInstance0(Native Method)
	at java.base/jdk.internal.reflect.NativeConstructorAccessorImpl.newInstance(NativeConstructorAccessorImpl.java:62)
	at java.base/jdk.internal.reflect.DelegatingConstructorAccessorImpl.newInstance(DelegatingConstructorAccessorImpl.java:45)
	at java.base/java.lang.reflect.Constructor.newInstance(Constructor.java:490)
	at ptolemy.util.test.junit.AutoKnownFailedTests.RunModel(AutoKnownFailedTests.java:105)
	at java.base/jdk.internal.reflect.NativeMethodAccessorImpl.invoke0(Native Method)
	at java.base/jdk.internal.reflect.NativeMethodAccessorImpl.invoke(NativeMethodAccessorImpl.java:62)
	at java.base/jdk.internal.reflect.DelegatingMethodAccessorImpl.invoke(DelegatingMethodAccessorImpl.java:43)
	at java.base/java.lang.reflect.Method.invoke(Method.java:566)
	at org.junit.runners.model.FrameworkMethod$1.runReflectiveCall(FrameworkMethod.java:44)
	at org.junit.internal.runners.model.ReflectiveCallable.run(ReflectiveCallable.java:15)
	at org.junit.runners.model.FrameworkMethod.invokeExplosively(FrameworkMethod.java:41)
	at junitparams.internal.InvokeParameterisedMethod.evaluate(InvokeParameterisedMethod.java:102)
	at org.junit.internal.runners.statements.FailOnTimeout$1.run(FailOnTimeout.java:28)
Caused by: ptolemy.kernel.util.IllegalActionException: initialize() was called after wrapup() was called but preinitialize() was not called after wrapup().
	at ptolemy.actor.lib.hoc.test.PreinitializeMustBeInvoked.initialize(PreinitializeMustBeInvoked.java:78)
	at ptolemy.actor.Director.initialize(Director.java:938)
	at ptolemy.actor.Director.initialize(Director.java:907)
	at ptolemy.actor.sched.StaticSchedulingDirector.initialize(StaticSchedulingDirector.java:159)
	at ptolemy.domains.sdf.kernel.SDFDirector.initialize(SDFDirector.java:544)
	at ptolemy.actor.CompositeActor.initialize(CompositeActor.java:935)
	at ptolemy.actor.lib.hoc.LifeCycleManager._executeInsideModel(LifeCycleManager.java:339)
	at ptolemy.actor.lib.hoc.RunCompositeActor.fire(RunCompositeActor.java:205)
	at ptolemy.actor.CompositeActor.iterate(CompositeActor.java:1146)
	at ptolemy.actor.sched.StaticSchedulingDirector.fire(StaticSchedulingDirector.java:216)
	at ptolemy.domains.sdf.kernel.SDFDirector.fire(SDFDirector.java:500)
	at ptolemy.actor.CompositeActor.fire(CompositeActor.java:455)
	at ptolemy.actor.Manager.iterate(Manager.java:851)
	at ptolemy.actor.Manager.execute(Manager.java:369)
	at ptolemy.actor.Manager.run(Manager.java:1263)
	at ptolemy.actor.Manager$PtolemyRunThread.run(Manager.java:1933)
Warning: Nashorn engine is planned to be removed from a future JDK release
Warning: Nashorn engine is planned to be removed from a future JDK release
Warning: Nashorn engine is planned to be removed from a future JDK release
Warning: Nashorn engine is planned to be removed from a future JDK release
Warning: Nashorn engine is planned to be removed from a future JDK release
Warning: Nashorn engine is planned to be removed from a future JDK release
Warning: Nashorn engine is planned to be removed from a future JDK release
Warning: Nashorn engine is planned to be removed from a future JDK release
]]></system-err>
</testsuite>
