<?xml version="1.0" encoding="UTF-8" ?>
<testsuite errors="0" failures="0" hostname="travis-job-16c796c9-f030-415c-90d0-f165e2498c74" name="ptolemy.domains.continuous.test.junit.JUnitTclTest" skipped="0" tests="156" time="82.214" timestamp="2019-10-08T05:49:33">
  <properties>
[...]
</properties>
  <testcase classname="ptolemy.util.test.junit.TclTests" name="[0] ThereAreNoTclTests (RunTclFile)" time="0.021" />
  <testcase classname="ptolemy.util.test.junit.AutoKnownFailedTests" name="[0] ThereAreNoKnowFailedTests (RunModel)" time="0.003" />
  <testcase classname="ptolemy.util.test.junit.AutoNameArchTests" name="[0] ThereAreNoAutoArchTests (RunModel)" time="0.028" />
  <testcase classname="ptolemy.util.test.junit.AutoTests" name="[0] /home/travis/build/icyphy/ptII/ptolemy/domains/continuous/test/auto/BouncingBall.xml (RunModel)" time="3.732" />
  <testcase classname="ptolemy.util.test.junit.AutoTests" name="[1] /home/travis/build/icyphy/ptII/ptolemy/domains/continuous/test/auto/BouncingBallWithoutGR.xml (RunModel)" time="1.174" />
  <testcase classname="ptolemy.util.test.junit.AutoTests" name="[2] /home/travis/build/icyphy/ptII/ptolemy/domains/continuous/test/auto/Brownian.xml (RunModel)" time="0.129" />
  <testcase classname="ptolemy.util.test.junit.AutoTests" name="[3] /home/travis/build/icyphy/ptII/ptolemy/domains/continuous/test/auto/CarTracking.xml (RunModel)" time="4.262" />
  <testcase classname="ptolemy.util.test.junit.AutoTests" name="[4] /home/travis/build/icyphy/ptII/ptolemy/domains/continuous/test/auto/CartPendulum.xml (RunModel)" time="0.564" />
  <testcase classname="ptolemy.util.test.junit.AutoTests" name="[5] /home/travis/build/icyphy/ptII/ptolemy/domains/continuous/test/auto/CausalityInterface10.xml (RunModel)" time="0.093" />
  <testcase classname="ptolemy.util.test.junit.AutoTests" name="[6] /home/travis/build/icyphy/ptII/ptolemy/domains/continuous/test/auto/CausalityInterface11.xml (RunModel)" time="0.029" />
  <testcase classname="ptolemy.util.test.junit.AutoTests" name="[7] /home/travis/build/icyphy/ptII/ptolemy/domains/continuous/test/auto/CausalityInterface12.xml (RunModel)" time="0.031" />
  <testcase classname="ptolemy.util.test.junit.AutoTests" name="[8] /home/travis/build/icyphy/ptII/ptolemy/domains/continuous/test/auto/CausalityInterface13.xml (RunModel)" time="0.053" />
  <testcase classname="ptolemy.util.test.junit.AutoTests" name="[9] /home/travis/build/icyphy/ptII/ptolemy/domains/continuous/test/auto/CausalityInterface14.xml (RunModel)" time="0.033" />
  <testcase classname="ptolemy.util.test.junit.AutoTests" name="[10] /home/travis/build/icyphy/ptII/ptolemy/domains/continuous/test/auto/CausalityInterface4.xml (RunModel)" time="0.034" />
  <testcase classname="ptolemy.util.test.junit.AutoTests" name="[11] /home/travis/build/icyphy/ptII/ptolemy/domains/continuous/test/auto/CausalityInterface5.xml (RunModel)" time="0.041" />
  <testcase classname="ptolemy.util.test.junit.AutoTests" name="[12] /home/travis/build/icyphy/ptII/ptolemy/domains/continuous/test/auto/CausalityInterface6.xml (RunModel)" time="0.032" />
  <testcase classname="ptolemy.util.test.junit.AutoTests" name="[13] /home/travis/build/icyphy/ptII/ptolemy/domains/continuous/test/auto/CausalityInterface7.xml (RunModel)" time="0.056" />
  <testcase classname="ptolemy.util.test.junit.AutoTests" name="[14] /home/travis/build/icyphy/ptII/ptolemy/domains/continuous/test/auto/CausalityInterface8.xml (RunModel)" time="0.048" />
  <testcase classname="ptolemy.util.test.junit.AutoTests" name="[15] /home/travis/build/icyphy/ptII/ptolemy/domains/continuous/test/auto/CausalityInterface9.xml (RunModel)" time="0.064" />
  <testcase classname="ptolemy.util.test.junit.AutoTests" name="[16] /home/travis/build/icyphy/ptII/ptolemy/domains/continuous/test/auto/CausalityInterfaceFeedback1.xml (RunModel)" time="0.035" />
  <testcase classname="ptolemy.util.test.junit.AutoTests" name="[17] /home/travis/build/icyphy/ptII/ptolemy/domains/continuous/test/auto/CausalityInterfaceFeedback2.xml (RunModel)" time="0.038" />
  <testcase classname="ptolemy.util.test.junit.AutoTests" name="[18] /home/travis/build/icyphy/ptII/ptolemy/domains/continuous/test/auto/CompareWithCurrentTime.xml (RunModel)" time="0.029" />
  <testcase classname="ptolemy.util.test.junit.AutoTests" name="[19] /home/travis/build/icyphy/ptII/ptolemy/domains/continuous/test/auto/ComparedClocks.xml (RunModel)" time="0.086" />
  <testcase classname="ptolemy.util.test.junit.AutoTests" name="[20] /home/travis/build/icyphy/ptII/ptolemy/domains/continuous/test/auto/ContinuousAOCClone.xml (RunModel)" time="3.028" />
  <testcase classname="ptolemy.util.test.junit.AutoTests" name="[21] /home/travis/build/icyphy/ptII/ptolemy/domains/continuous/test/auto/ContinuousClock.xml (RunModel)" time="0.074" />
  <testcase classname="ptolemy.util.test.junit.AutoTests" name="[22] /home/travis/build/icyphy/ptII/ptolemy/domains/continuous/test/auto/ContinuousInContinuous.xml (RunModel)" time="0.092" />
  <testcase classname="ptolemy.util.test.junit.AutoTests" name="[23] /home/travis/build/icyphy/ptII/ptolemy/domains/continuous/test/auto/ContinuousInContinuousInContinuous.xml (RunModel)" time="0.027" />
  <testcase classname="ptolemy.util.test.junit.AutoTests" name="[24] /home/travis/build/icyphy/ptII/ptolemy/domains/continuous/test/auto/ContinuousInDE.xml (RunModel)" time="0.135" />
  <testcase classname="ptolemy.util.test.junit.AutoTests" name="[25] /home/travis/build/icyphy/ptII/ptolemy/domains/continuous/test/auto/ContinuousInDE2.xml (RunModel)" time="0.063" />
  <testcase classname="ptolemy.util.test.junit.AutoTests" name="[26] /home/travis/build/icyphy/ptII/ptolemy/domains/continuous/test/auto/ContinuousInDE3.xml (RunModel)" time="0.063" />
  <testcase classname="ptolemy.util.test.junit.AutoTests" name="[27] /home/travis/build/icyphy/ptII/ptolemy/domains/continuous/test/auto/ContinuousInDE4.xml (RunModel)" time="0.035" />
  <testcase classname="ptolemy.util.test.junit.AutoTests" name="[28] /home/travis/build/icyphy/ptII/ptolemy/domains/continuous/test/auto/ContinuousInDEDifferentRefinements.xml (RunModel)" time="0.106" />
  <testcase classname="ptolemy.util.test.junit.AutoTests" name="[29] /home/travis/build/icyphy/ptII/ptolemy/domains/continuous/test/auto/ContinuousInDEDifferentRefinementsPreemptive.xml (RunModel)" time="0.095" />
  <testcase classname="ptolemy.util.test.junit.AutoTests" name="[30] /home/travis/build/icyphy/ptII/ptolemy/domains/continuous/test/auto/ContinuousInDEInContinuous2.xml (RunModel)" time="0.078" />
  <testcase classname="ptolemy.util.test.junit.AutoTests" name="[31] /home/travis/build/icyphy/ptII/ptolemy/domains/continuous/test/auto/ContinuousInDEInContinuous3.xml (RunModel)" time="0.066" />
  <testcase classname="ptolemy.util.test.junit.AutoTests" name="[32] /home/travis/build/icyphy/ptII/ptolemy/domains/continuous/test/auto/ContinuousInDEInput.xml (RunModel)" time="0.043" />
  <testcase classname="ptolemy.util.test.junit.AutoTests" name="[33] /home/travis/build/icyphy/ptII/ptolemy/domains/continuous/test/auto/ContinuousInDEInput2.xml (RunModel)" time="0.039" />
  <testcase classname="ptolemy.util.test.junit.AutoTests" name="[34] /home/travis/build/icyphy/ptII/ptolemy/domains/continuous/test/auto/ContinuousInDEInput3.xml (RunModel)" time="0.032" />
  <testcase classname="ptolemy.util.test.junit.AutoTests" name="[35] /home/travis/build/icyphy/ptII/ptolemy/domains/continuous/test/auto/ContinuousInDESharingRefinement.xml (RunModel)" time="0.172" />
  <testcase classname="ptolemy.util.test.junit.AutoTests" name="[36] /home/travis/build/icyphy/ptII/ptolemy/domains/continuous/test/auto/ContinuousInDEwithNoPorts.xml (RunModel)" time="0.019" />
  <testcase classname="ptolemy.util.test.junit.AutoTests" name="[37] /home/travis/build/icyphy/ptII/ptolemy/domains/continuous/test/auto/ContinuousInsideDE.xml (RunModel)" time="0.103" />
  <testcase classname="ptolemy.util.test.junit.AutoTests" name="[38] /home/travis/build/icyphy/ptII/ptolemy/domains/continuous/test/auto/ContinuousMerge1.xml (RunModel)" time="0.018" />
  <testcase classname="ptolemy.util.test.junit.AutoTests" name="[39] /home/travis/build/icyphy/ptII/ptolemy/domains/continuous/test/auto/ContinuousMerge2.xml (RunModel)" time="0.06" />
  <testcase classname="ptolemy.util.test.junit.AutoTests" name="[40] /home/travis/build/icyphy/ptII/ptolemy/domains/continuous/test/auto/ContinuousMerge3.xml (RunModel)" time="0.073" />
  <testcase classname="ptolemy.util.test.junit.AutoTests" name="[41] /home/travis/build/icyphy/ptII/ptolemy/domains/continuous/test/auto/ContinuousWithinContinuous.xml (RunModel)" time="0.058" />
  <testcase classname="ptolemy.util.test.junit.AutoTests" name="[42] /home/travis/build/icyphy/ptII/ptolemy/domains/continuous/test/auto/ContinuousWithinContinuous2.xml (RunModel)" time="0.088" />
  <testcase classname="ptolemy.util.test.junit.AutoTests" name="[43] /home/travis/build/icyphy/ptII/ptolemy/domains/continuous/test/auto/ContinuousWithinContinuous3.xml (RunModel)" time="0.034" />
  <testcase classname="ptolemy.util.test.junit.AutoTests" name="[44] /home/travis/build/icyphy/ptII/ptolemy/domains/continuous/test/auto/ContinuousWithinContinuous4.xml (RunModel)" time="0.088" />
  <testcase classname="ptolemy.util.test.junit.AutoTests" name="[45] /home/travis/build/icyphy/ptII/ptolemy/domains/continuous/test/auto/ContinuousWithinContinuous5.xml (RunModel)" time="0.035" />
  <testcase classname="ptolemy.util.test.junit.AutoTests" name="[46] /home/travis/build/icyphy/ptII/ptolemy/domains/continuous/test/auto/ContinuousWithinContinuous6.xml (RunModel)" time="0.041" />
  <testcase classname="ptolemy.util.test.junit.AutoTests" name="[47] /home/travis/build/icyphy/ptII/ptolemy/domains/continuous/test/auto/ContinuousWithinContinuous7.xml (RunModel)" time="0.076" />
  <testcase classname="ptolemy.util.test.junit.AutoTests" name="[48] /home/travis/build/icyphy/ptII/ptolemy/domains/continuous/test/auto/DCMotor.xml (RunModel)" time="15.58" />
  <testcase classname="ptolemy.util.test.junit.AutoTests" name="[49] /home/travis/build/icyphy/ptII/ptolemy/domains/continuous/test/auto/DEInContinuous.xml (RunModel)" time="0.045" />
  <testcase classname="ptolemy.util.test.junit.AutoTests" name="[50] /home/travis/build/icyphy/ptII/ptolemy/domains/continuous/test/auto/DEinContinuous2.xml (RunModel)" time="0.03" />
  <testcase classname="ptolemy.util.test.junit.AutoTests" name="[51] /home/travis/build/icyphy/ptII/ptolemy/domains/continuous/test/auto/Derivative.xml (RunModel)" time="0.215" />
  <testcase classname="ptolemy.util.test.junit.AutoTests" name="[52] /home/travis/build/icyphy/ptII/ptolemy/domains/continuous/test/auto/Derivative1.xml (RunModel)" time="0.061" />
  <testcase classname="ptolemy.util.test.junit.AutoTests" name="[53] /home/travis/build/icyphy/ptII/ptolemy/domains/continuous/test/auto/DiscreteClock.xml (RunModel)" time="0.015" />
  <testcase classname="ptolemy.util.test.junit.AutoTests" name="[54] /home/travis/build/icyphy/ptII/ptolemy/domains/continuous/test/auto/EfficiencyCurve.xml (RunModel)" time="0.079" />
  <testcase classname="ptolemy.util.test.junit.AutoTests" name="[55] /home/travis/build/icyphy/ptII/ptolemy/domains/continuous/test/auto/ExponentialResponse.xml (RunModel)" time="0.128" />
  <testcase classname="ptolemy.util.test.junit.AutoTests" name="[56] /home/travis/build/icyphy/ptII/ptolemy/domains/continuous/test/auto/ExponentialResponseRK45.xml (RunModel)" time="0.051" />
  <testcase classname="ptolemy.util.test.junit.AutoTests" name="[57] /home/travis/build/icyphy/ptII/ptolemy/domains/continuous/test/auto/Friction.xml (RunModel)" time="1.723" />
  <testcase classname="ptolemy.util.test.junit.AutoTests" name="[58] /home/travis/build/icyphy/ptII/ptolemy/domains/continuous/test/auto/FurutaPendulum.xml (RunModel)" time="3.689" />
  <testcase classname="ptolemy.util.test.junit.AutoTests" name="[59] /home/travis/build/icyphy/ptII/ptolemy/domains/continuous/test/auto/HierarchicalExecution.xml (RunModel)" time="2.113" />
  <testcase classname="ptolemy.util.test.junit.AutoTests" name="[60] /home/travis/build/icyphy/ptII/ptolemy/domains/continuous/test/auto/HybridPlant.xml (RunModel)" time="0.638" />
  <testcase classname="ptolemy.util.test.junit.AutoTests" name="[61] /home/travis/build/icyphy/ptII/ptolemy/domains/continuous/test/auto/Hysteresis.xml (RunModel)" time="0.215" />
  <testcase classname="ptolemy.util.test.junit.AutoTests" name="[62] /home/travis/build/icyphy/ptII/ptolemy/domains/continuous/test/auto/HysteresisWithRandomDelay.xml (RunModel)" time="0.241" />
  <testcase classname="ptolemy.util.test.junit.AutoTests" name="[63] /home/travis/build/icyphy/ptII/ptolemy/domains/continuous/test/auto/HysteresisWithRandomLosses.xml (RunModel)" time="2.494" />
  <testcase classname="ptolemy.util.test.junit.AutoTests" name="[64] /home/travis/build/icyphy/ptII/ptolemy/domains/continuous/test/auto/ImmediateTransitions.xml (RunModel)" time="0.037" />
  <testcase classname="ptolemy.util.test.junit.AutoTests" name="[65] /home/travis/build/icyphy/ptII/ptolemy/domains/continuous/test/auto/ImpulseFeedback.xml (RunModel)" time="0.023" />
  <testcase classname="ptolemy.util.test.junit.AutoTests" name="[66] /home/travis/build/icyphy/ptII/ptolemy/domains/continuous/test/auto/ImpulseFeedback2.xml (RunModel)" time="0.032" />
  <testcase classname="ptolemy.util.test.junit.AutoTests" name="[67] /home/travis/build/icyphy/ptII/ptolemy/domains/continuous/test/auto/IncreasingRatePoisson.xml (RunModel)" time="0.817" />
  <testcase classname="ptolemy.util.test.junit.AutoTests" name="[68] /home/travis/build/icyphy/ptII/ptolemy/domains/continuous/test/auto/InitialStateFeedback.xml (RunModel)" time="0.026" />
  <testcase classname="ptolemy.util.test.junit.AutoTests" name="[69] /home/travis/build/icyphy/ptII/ptolemy/domains/continuous/test/auto/Integration.xml (RunModel)" time="0.012" />
  <testcase classname="ptolemy.util.test.junit.AutoTests" name="[70] /home/travis/build/icyphy/ptII/ptolemy/domains/continuous/test/auto/Integration2.xml (RunModel)" time="0.103" />
  <testcase classname="ptolemy.util.test.junit.AutoTests" name="[71] /home/travis/build/icyphy/ptII/ptolemy/domains/continuous/test/auto/Integration3.xml (RunModel)" time="0.02" />
  <testcase classname="ptolemy.util.test.junit.AutoTests" name="[72] /home/travis/build/icyphy/ptII/ptolemy/domains/continuous/test/auto/Integration5.xml (RunModel)" time="0.031" />
  <testcase classname="ptolemy.util.test.junit.AutoTests" name="[73] /home/travis/build/icyphy/ptII/ptolemy/domains/continuous/test/auto/IntegratorImpulse.xml (RunModel)" time="0.012" />
  <testcase classname="ptolemy.util.test.junit.AutoTests" name="[74] /home/travis/build/icyphy/ptII/ptolemy/domains/continuous/test/auto/IntegratorImpulse2.xml (RunModel)" time="0.014" />
  <testcase classname="ptolemy.util.test.junit.AutoTests" name="[75] /home/travis/build/icyphy/ptII/ptolemy/domains/continuous/test/auto/LevelCrossing1.xml (RunModel)" time="0.014" />
  <testcase classname="ptolemy.util.test.junit.AutoTests" name="[76] /home/travis/build/icyphy/ptII/ptolemy/domains/continuous/test/auto/LevelCrossing2.xml (RunModel)" time="0.019" />
  <testcase classname="ptolemy.util.test.junit.AutoTests" name="[77] /home/travis/build/icyphy/ptII/ptolemy/domains/continuous/test/auto/LevelCrossing3.xml (RunModel)" time="0.021" />
  <testcase classname="ptolemy.util.test.junit.AutoTests" name="[78] /home/travis/build/icyphy/ptII/ptolemy/domains/continuous/test/auto/LevelCrossing4.xml (RunModel)" time="0.019" />
  <testcase classname="ptolemy.util.test.junit.AutoTests" name="[79] /home/travis/build/icyphy/ptII/ptolemy/domains/continuous/test/auto/LevelCrossing5.xml (RunModel)" time="0.019" />
  <testcase classname="ptolemy.util.test.junit.AutoTests" name="[80] /home/travis/build/icyphy/ptII/ptolemy/domains/continuous/test/auto/LevelCrossing6.xml (RunModel)" time="0.02" />
  <testcase classname="ptolemy.util.test.junit.AutoTests" name="[81] /home/travis/build/icyphy/ptII/ptolemy/domains/continuous/test/auto/LevelCrossingDetector.xml (RunModel)" time="0.05" />
  <testcase classname="ptolemy.util.test.junit.AutoTests" name="[82] /home/travis/build/icyphy/ptII/ptolemy/domains/continuous/test/auto/LevelCrossingDetectorDetectingDirections.xml (RunModel)" time="0.094" />
  <testcase classname="ptolemy.util.test.junit.AutoTests" name="[83] /home/travis/build/icyphy/ptII/ptolemy/domains/continuous/test/auto/LevelCrossingDetectorDetectsGlitches.xml (RunModel)" time="0.067" />
  <testcase classname="ptolemy.util.test.junit.AutoTests" name="[84] /home/travis/build/icyphy/ptII/ptolemy/domains/continuous/test/auto/LevelCrossingNoInitialOuput.xml (RunModel)" time="0.017" />
  <testcase classname="ptolemy.util.test.junit.AutoTests" name="[85] /home/travis/build/icyphy/ptII/ptolemy/domains/continuous/test/auto/LinearStateSpaceExample.xml (RunModel)" time="0.075" />
  <testcase classname="ptolemy.util.test.junit.AutoTests" name="[86] /home/travis/build/icyphy/ptII/ptolemy/domains/continuous/test/auto/Lorenz.xml (RunModel)" time="4.202" />
  <testcase classname="ptolemy.util.test.junit.AutoTests" name="[87] /home/travis/build/icyphy/ptII/ptolemy/domains/continuous/test/auto/LorenzDifferentialSystem.xml (RunModel)" time="1.042" />
  <testcase classname="ptolemy.util.test.junit.AutoTests" name="[88] /home/travis/build/icyphy/ptII/ptolemy/domains/continuous/test/auto/LorenzDifferentialSystemWithInput.xml (RunModel)" time="1.436" />
  <testcase classname="ptolemy.util.test.junit.AutoTests" name="[89] /home/travis/build/icyphy/ptII/ptolemy/domains/continuous/test/auto/LorenzDifferentialSystemWithTime.xml (RunModel)" time="0.782" />
  <testcase classname="ptolemy.util.test.junit.AutoTests" name="[90] /home/travis/build/icyphy/ptII/ptolemy/domains/continuous/test/auto/Microsteps.xml (RunModel)" time="0.036" />
  <testcase classname="ptolemy.util.test.junit.AutoTests" name="[91] /home/travis/build/icyphy/ptII/ptolemy/domains/continuous/test/auto/Modal1.xml (RunModel)" time="0.04" />
  <testcase classname="ptolemy.util.test.junit.AutoTests" name="[92] /home/travis/build/icyphy/ptII/ptolemy/domains/continuous/test/auto/Modal2.xml (RunModel)" time="0.04" />
  <testcase classname="ptolemy.util.test.junit.AutoTests" name="[93] /home/travis/build/icyphy/ptII/ptolemy/domains/continuous/test/auto/ModalTransitionGuardWithReset.xml (RunModel)" time="0.032" />
  <testcase classname="ptolemy.util.test.junit.AutoTests" name="[94] /home/travis/build/icyphy/ptII/ptolemy/domains/continuous/test/auto/ModalTransitionGuardWithResetUsingPreemptiveTransition.xml (RunModel)" time="0.03" />
  <testcase classname="ptolemy.util.test.junit.AutoTests" name="[95] /home/travis/build/icyphy/ptII/ptolemy/domains/continuous/test/auto/ModalTransitionGuardWithResetUsingPreemptiveTransition2.xml (RunModel)" time="0.036" />
  <testcase classname="ptolemy.util.test.junit.AutoTests" name="[96] /home/travis/build/icyphy/ptII/ptolemy/domains/continuous/test/auto/ModalTransitionGuardWithResetUsingPreemptiveTransition3.xml (RunModel)" time="0.027" />
  <testcase classname="ptolemy.util.test.junit.AutoTests" name="[97] /home/travis/build/icyphy/ptII/ptolemy/domains/continuous/test/auto/NewtonsCradle.xml (RunModel)" time="0.841" />
  <testcase classname="ptolemy.util.test.junit.AutoTests" name="[98] /home/travis/build/icyphy/ptII/ptolemy/domains/continuous/test/auto/NewtonsCradleAnimated.xml (RunModel)" time="1.472" />
  <testcase classname="ptolemy.util.test.junit.AutoTests" name="[99] /home/travis/build/icyphy/ptII/ptolemy/domains/continuous/test/auto/NewtonsCradleComplicated.xml (RunModel)" time="0.97" />
  <testcase classname="ptolemy.util.test.junit.AutoTests" name="[100] /home/travis/build/icyphy/ptII/ptolemy/domains/continuous/test/auto/NewtonsCradleNondeterministic.xml (RunModel)" time="0.735" />
  <testcase classname="ptolemy.util.test.junit.AutoTests" name="[101] /home/travis/build/icyphy/ptII/ptolemy/domains/continuous/test/auto/NewtonsCradlePerfectlyInelastic1.xml (RunModel)" time="1.346" />
  <testcase classname="ptolemy.util.test.junit.AutoTests" name="[102] /home/travis/build/icyphy/ptII/ptolemy/domains/continuous/test/auto/Noise.xml (RunModel)" time="0.223" />
  <testcase classname="ptolemy.util.test.junit.AutoTests" name="[103] /home/travis/build/icyphy/ptII/ptolemy/domains/continuous/test/auto/NoiseSpectrum.xml (RunModel)" time="0.821" />
  <testcase classname="ptolemy.util.test.junit.AutoTests" name="[104] /home/travis/build/icyphy/ptII/ptolemy/domains/continuous/test/auto/ParameterizedNewtonsCradleAnimated.xml (RunModel)" time="0.523" />
  <testcase classname="ptolemy.util.test.junit.AutoTests" name="[105] /home/travis/build/icyphy/ptII/ptolemy/domains/continuous/test/auto/ParameterizedNewtonsCradleAnimatedNondeterministic.xml (RunModel)" time="1.209" />
  <testcase classname="ptolemy.util.test.junit.AutoTests" name="[106] /home/travis/build/icyphy/ptII/ptolemy/domains/continuous/test/auto/Pendulum3D.xml (RunModel)" time="0.175" />
  <testcase classname="ptolemy.util.test.junit.AutoTests" name="[107] /home/travis/build/icyphy/ptII/ptolemy/domains/continuous/test/auto/PeriodicSampler.xml (RunModel)" time="0.014" />
  <testcase classname="ptolemy.util.test.junit.AutoTests" name="[108] /home/travis/build/icyphy/ptII/ptolemy/domains/continuous/test/auto/PeriodicSampler1.xml (RunModel)" time="0.042" />
  <testcase classname="ptolemy.util.test.junit.AutoTests" name="[109] /home/travis/build/icyphy/ptII/ptolemy/domains/continuous/test/auto/PeriodicSampler2.xml (RunModel)" time="0.077" />
  <testcase classname="ptolemy.util.test.junit.AutoTests" name="[110] /home/travis/build/icyphy/ptII/ptolemy/domains/continuous/test/auto/Poisson.xml (RunModel)" time="0.519" />
  <testcase classname="ptolemy.util.test.junit.AutoTests" name="[111] /home/travis/build/icyphy/ptII/ptolemy/domains/continuous/test/auto/PoissonClock.xml (RunModel)" time="0.015" />
  <testcase classname="ptolemy.util.test.junit.AutoTests" name="[112] /home/travis/build/icyphy/ptII/ptolemy/domains/continuous/test/auto/PoissonClock2.xml (RunModel)" time="0.016" />
  <testcase classname="ptolemy.util.test.junit.AutoTests" name="[113] /home/travis/build/icyphy/ptII/ptolemy/domains/continuous/test/auto/PortParameterHierarchy.xml (RunModel)" time="0.032" />
  <testcase classname="ptolemy.util.test.junit.AutoTests" name="[114] /home/travis/build/icyphy/ptII/ptolemy/domains/continuous/test/auto/RandomHybridPlant.xml (RunModel)" time="0.631" />
  <testcase classname="ptolemy.util.test.junit.AutoTests" name="[115] /home/travis/build/icyphy/ptII/ptolemy/domains/continuous/test/auto/ResetTransitionWithStartTime1.xml (RunModel)" time="0.034" />
  <testcase classname="ptolemy.util.test.junit.AutoTests" name="[116] /home/travis/build/icyphy/ptII/ptolemy/domains/continuous/test/auto/ResetTransitionWithStartTime2.xml (RunModel)" time="0.063" />
  <testcase classname="ptolemy.util.test.junit.AutoTests" name="[117] /home/travis/build/icyphy/ptII/ptolemy/domains/continuous/test/auto/ResetTransitionWithStartTime3.xml (RunModel)" time="0.041" />
  <testcase classname="ptolemy.util.test.junit.AutoTests" name="[118] /home/travis/build/icyphy/ptII/ptolemy/domains/continuous/test/auto/ResetTransitionWithStartTime4.xml (RunModel)" time="0.031" />
  <testcase classname="ptolemy.util.test.junit.AutoTests" name="[119] /home/travis/build/icyphy/ptII/ptolemy/domains/continuous/test/auto/ResetTransitionWithStartTime5.xml (RunModel)" time="0.039" />
  <testcase classname="ptolemy.util.test.junit.AutoTests" name="[120] /home/travis/build/icyphy/ptII/ptolemy/domains/continuous/test/auto/ResetTransitionWithStartTime6.xml (RunModel)" time="0.039" />
  <testcase classname="ptolemy.util.test.junit.AutoTests" name="[121] /home/travis/build/icyphy/ptII/ptolemy/domains/continuous/test/auto/SRinContinuous.xml (RunModel)" time="0.027" />
  <testcase classname="ptolemy.util.test.junit.AutoTests" name="[122] /home/travis/build/icyphy/ptII/ptolemy/domains/continuous/test/auto/SampledClocks.xml (RunModel)" time="0.039" />
  <testcase classname="ptolemy.util.test.junit.AutoTests" name="[123] /home/travis/build/icyphy/ptII/ptolemy/domains/continuous/test/auto/Satellite.xml (RunModel)" time="0.792" />
  <testcase classname="ptolemy.util.test.junit.AutoTests" name="[124] /home/travis/build/icyphy/ptII/ptolemy/domains/continuous/test/auto/SigmaDelta.xml (RunModel)" time="2.649" />
  <testcase classname="ptolemy.util.test.junit.AutoTests" name="[125] /home/travis/build/icyphy/ptII/ptolemy/domains/continuous/test/auto/SingleRefinement.xml (RunModel)" time="0.485" />
  <testcase classname="ptolemy.util.test.junit.AutoTests" name="[126] /home/travis/build/icyphy/ptII/ptolemy/domains/continuous/test/auto/SinuBouncingBall.xml (RunModel)" time="0.981" />
  <testcase classname="ptolemy.util.test.junit.AutoTests" name="[127] /home/travis/build/icyphy/ptII/ptolemy/domains/continuous/test/auto/Sinusoid.xml (RunModel)" time="0.024" />
  <testcase classname="ptolemy.util.test.junit.AutoTests" name="[128] /home/travis/build/icyphy/ptII/ptolemy/domains/continuous/test/auto/SinusoidInNoise.xml (RunModel)" time="1.17" />
  <testcase classname="ptolemy.util.test.junit.AutoTests" name="[129] /home/travis/build/icyphy/ptII/ptolemy/domains/continuous/test/auto/SinusoidRK45.xml (RunModel)" time="0.013" />
  <testcase classname="ptolemy.util.test.junit.AutoTests" name="[130] /home/travis/build/icyphy/ptII/ptolemy/domains/continuous/test/auto/SinusoidWithMultipleImpulses.xml (RunModel)" time="0.013" />
  <testcase classname="ptolemy.util.test.junit.AutoTests" name="[131] /home/travis/build/icyphy/ptII/ptolemy/domains/continuous/test/auto/SquareWave.xml (RunModel)" time="0.214" />
  <testcase classname="ptolemy.util.test.junit.AutoTests" name="[132] /home/travis/build/icyphy/ptII/ptolemy/domains/continuous/test/auto/Starmac.xml (RunModel)" time="3.456" />
  <testcase classname="ptolemy.util.test.junit.AutoTests" name="[133] /home/travis/build/icyphy/ptII/ptolemy/domains/continuous/test/auto/StaticUnits.xml (RunModel)" time="2.906" />
  <testcase classname="ptolemy.util.test.junit.AutoTests" name="[134] /home/travis/build/icyphy/ptII/ptolemy/domains/continuous/test/auto/StickyMasses.xml (RunModel)" time="0.231" />
  <testcase classname="ptolemy.util.test.junit.AutoTests" name="[135] /home/travis/build/icyphy/ptII/ptolemy/domains/continuous/test/auto/StopTime.xml (RunModel)" time="0.067" />
  <testcase classname="ptolemy.util.test.junit.AutoTests" name="[136] /home/travis/build/icyphy/ptII/ptolemy/domains/continuous/test/auto/StopTime2.xml (RunModel)" time="0.071" />
  <testcase classname="ptolemy.util.test.junit.AutoTests" name="[137] /home/travis/build/icyphy/ptII/ptolemy/domains/continuous/test/auto/Switch.xml (RunModel)" time="0.072" />
  <testcase classname="ptolemy.util.test.junit.AutoTests" name="[138] /home/travis/build/icyphy/ptII/ptolemy/domains/continuous/test/auto/Thermostat.xml (RunModel)" time="0.221" />
  <testcase classname="ptolemy.util.test.junit.AutoTests" name="[139] /home/travis/build/icyphy/ptII/ptolemy/domains/continuous/test/auto/TimeDelay.xml (RunModel)" time="0.017" />
  <testcase classname="ptolemy.util.test.junit.AutoTests" name="[140] /home/travis/build/icyphy/ptII/ptolemy/domains/continuous/test/auto/TimeDelay2.xml (RunModel)" time="0.028" />
  <testcase classname="ptolemy.util.test.junit.AutoTests" name="[141] /home/travis/build/icyphy/ptII/ptolemy/domains/continuous/test/auto/TimeDelay3.xml (RunModel)" time="0.013" />
  <testcase classname="ptolemy.util.test.junit.AutoTests" name="[142] /home/travis/build/icyphy/ptII/ptolemy/domains/continuous/test/auto/TransferAbsentToInside.xml (RunModel)" time="0.129" />
  <testcase classname="ptolemy.util.test.junit.AutoTests" name="[143] /home/travis/build/icyphy/ptII/ptolemy/domains/continuous/test/auto/Transmission.xml (RunModel)" time="0.871" />
  <testcase classname="ptolemy.util.test.junit.AutoTests" name="[144] /home/travis/build/icyphy/ptII/ptolemy/domains/continuous/test/auto/TriggeredContinuousClock.xml (RunModel)" time="0.07" />
  <testcase classname="ptolemy.util.test.junit.AutoTests" name="[145] /home/travis/build/icyphy/ptII/ptolemy/domains/continuous/test/auto/TwoMachineInfiniteBusControl.xml (RunModel)" time="3.473" />
  <testcase classname="ptolemy.util.test.junit.AutoTests" name="[146] /home/travis/build/icyphy/ptII/ptolemy/domains/continuous/test/auto/V2V.xml (RunModel)" time="0.9" />
  <testcase classname="ptolemy.util.test.junit.AutoTests" name="[147] /home/travis/build/icyphy/ptII/ptolemy/domains/continuous/test/auto/hierarchicalModalModel.xml (RunModel)" time="0.049" />
  <testcase classname="ptolemy.util.test.junit.AutoTests" name="[148] /home/travis/build/icyphy/ptII/ptolemy/domains/continuous/test/auto/hierarchicalModalModel1.xml (RunModel)" time="0.03" />
  <testcase classname="ptolemy.util.test.junit.AutoTests" name="[149] /home/travis/build/icyphy/ptII/ptolemy/domains/continuous/test/auto/hierarchicalModalModel2.xml (RunModel)" time="0.027" />
  <testcase classname="ptolemy.util.test.junit.AutoTests" name="[150] /home/travis/build/icyphy/ptII/ptolemy/domains/continuous/test/auto/hierarchicalModalModel3.xml (RunModel)" time="0.021" />
  <testcase classname="ptolemy.util.test.junit.AutoTests" name="[151] /home/travis/build/icyphy/ptII/ptolemy/domains/continuous/test/auto/hierarchicalModalModel4.xml (RunModel)" time="0.029" />
  <testcase classname="ptolemy.util.test.junit.AutoTests" name="[152] /home/travis/build/icyphy/ptII/ptolemy/domains/continuous/test/auto/junk.xml (RunModel)" time="0.167" />
  <system-out><![CDATA[No tcl tests in /home/travis/build/icyphy/ptII/ptolemy/domains/continuous/test
No auto/knownFailedTests/*.xml tests in /home/travis/build/icyphy/ptII/ptolemy/domains/continuous/test
No auto/linux-amd64/*.xml tests in /home/travis/build/icyphy/ptII/ptolemy/domains/continuous/test
AutoTests.java: About to close Vertx.
AutoTests.java: Vertx closed.

===========================================================================================
----------------- testing Tue Oct 08 05:49:34 UTC 2019 /home/travis/build/icyphy/ptII/ptolemy/domains/continuous/test/auto/BouncingBall.xml
----------------- Instantiating /home/travis/build/icyphy/ptII/ptolemy/domains/continuous/test/auto/BouncingBall.xml
2956 ms. Memory: 148480K Free: 73990K (50%)
----------------- Invoking toplevel() on ptolemy.moml.MoMLSimpleApplication@66da50ab
----------------- Done invoking toplevel() on ptolemy.moml.MoMLSimpleApplication@66da50ab
reloadAllAccessors: .BouncingBall

===========================================================================================
----------------- testing Tue Oct 08 05:49:37 UTC 2019 /home/travis/build/icyphy/ptII/ptolemy/domains/continuous/test/auto/BouncingBallWithoutGR.xml
----------------- Instantiating /home/travis/build/icyphy/ptII/ptolemy/domains/continuous/test/auto/BouncingBallWithoutGR.xml
973 ms. Memory: 148480K Free: 65778K (44%)
----------------- Invoking toplevel() on ptolemy.moml.MoMLSimpleApplication@2103f7f
----------------- Done invoking toplevel() on ptolemy.moml.MoMLSimpleApplication@2103f7f
reloadAllAccessors: .BouncingBallWithoutGR

===========================================================================================
----------------- testing Tue Oct 08 05:49:38 UTC 2019 /home/travis/build/icyphy/ptII/ptolemy/domains/continuous/test/auto/Brownian.xml
----------------- Instantiating /home/travis/build/icyphy/ptII/ptolemy/domains/continuous/test/auto/Brownian.xml
37 ms. Memory: 148480K Free: 56562K (38%)
----------------- Invoking toplevel() on ptolemy.moml.MoMLSimpleApplication@76e6710d
----------------- Done invoking toplevel() on ptolemy.moml.MoMLSimpleApplication@76e6710d
reloadAllAccessors: .Brownian

===========================================================================================
----------------- testing Tue Oct 08 05:49:39 UTC 2019 /home/travis/build/icyphy/ptII/ptolemy/domains/continuous/test/auto/CarTracking.xml
----------------- Instantiating /home/travis/build/icyphy/ptII/ptolemy/domains/continuous/test/auto/CarTracking.xml
3752 ms. Memory: 217088K Free: 109921K (51%)
----------------- Invoking toplevel() on ptolemy.moml.MoMLSimpleApplication@1a87a511
----------------- Done invoking toplevel() on ptolemy.moml.MoMLSimpleApplication@1a87a511
reloadAllAccessors: .CarTracking

===========================================================================================
----------------- testing Tue Oct 08 05:49:43 UTC 2019 /home/travis/build/icyphy/ptII/ptolemy/domains/continuous/test/auto/CartPendulum.xml
----------------- Instantiating /home/travis/build/icyphy/ptII/ptolemy/domains/continuous/test/auto/CartPendulum.xml
429 ms. Memory: 217088K Free: 145800K (67%)
----------------- Invoking toplevel() on ptolemy.moml.MoMLSimpleApplication@380a92e7
----------------- Done invoking toplevel() on ptolemy.moml.MoMLSimpleApplication@380a92e7
reloadAllAccessors: .CartPendulum

===========================================================================================
----------------- testing Tue Oct 08 05:49:43 UTC 2019 /home/travis/build/icyphy/ptII/ptolemy/domains/continuous/test/auto/CausalityInterface10.xml
----------------- Instantiating /home/travis/build/icyphy/ptII/ptolemy/domains/continuous/test/auto/CausalityInterface10.xml
9 ms. Memory: 217088K Free: 135277K (62%)
----------------- Invoking toplevel() on ptolemy.moml.MoMLSimpleApplication@3600f916
----------------- Done invoking toplevel() on ptolemy.moml.MoMLSimpleApplication@3600f916
reloadAllAccessors: .CausalityInterface10

===========================================================================================
----------------- testing Tue Oct 08 05:49:43 UTC 2019 /home/travis/build/icyphy/ptII/ptolemy/domains/continuous/test/auto/CausalityInterface11.xml
----------------- Instantiating /home/travis/build/icyphy/ptII/ptolemy/domains/continuous/test/auto/CausalityInterface11.xml
8 ms. Memory: 217088K Free: 129133K (59%)
----------------- Invoking toplevel() on ptolemy.moml.MoMLSimpleApplication@4c777a2b
----------------- Done invoking toplevel() on ptolemy.moml.MoMLSimpleApplication@4c777a2b
reloadAllAccessors: .CausalityInterface11

===========================================================================================
----------------- testing Tue Oct 08 05:49:43 UTC 2019 /home/travis/build/icyphy/ptII/ptolemy/domains/continuous/test/auto/CausalityInterface12.xml
----------------- Instantiating /home/travis/build/icyphy/ptII/ptolemy/domains/continuous/test/auto/CausalityInterface12.xml
5 ms. Memory: 217088K Free: 122989K (57%)
----------------- Invoking toplevel() on ptolemy.moml.MoMLSimpleApplication@6b4b2a39
----------------- Done invoking toplevel() on ptolemy.moml.MoMLSimpleApplication@6b4b2a39
reloadAllAccessors: .CausalityInterface12

===========================================================================================
----------------- testing Tue Oct 08 05:49:44 UTC 2019 /home/travis/build/icyphy/ptII/ptolemy/domains/continuous/test/auto/CausalityInterface13.xml
----------------- Instantiating /home/travis/build/icyphy/ptII/ptolemy/domains/continuous/test/auto/CausalityInterface13.xml
12 ms. Memory: 217088K Free: 116845K (54%)
----------------- Invoking toplevel() on ptolemy.moml.MoMLSimpleApplication@426b4538
----------------- Done invoking toplevel() on ptolemy.moml.MoMLSimpleApplication@426b4538
reloadAllAccessors: .CausalityInterface13

===========================================================================================
----------------- testing Tue Oct 08 05:49:44 UTC 2019 /home/travis/build/icyphy/ptII/ptolemy/domains/continuous/test/auto/CausalityInterface14.xml
----------------- Instantiating /home/travis/build/icyphy/ptII/ptolemy/domains/continuous/test/auto/CausalityInterface14.xml
6 ms. Memory: 217088K Free: 111211K (51%)
----------------- Invoking toplevel() on ptolemy.moml.MoMLSimpleApplication@549f41c2
----------------- Done invoking toplevel() on ptolemy.moml.MoMLSimpleApplication@549f41c2
reloadAllAccessors: .CausalityInterface14

===========================================================================================
----------------- testing Tue Oct 08 05:49:44 UTC 2019 /home/travis/build/icyphy/ptII/ptolemy/domains/continuous/test/auto/CausalityInterface4.xml
----------------- Instantiating /home/travis/build/icyphy/ptII/ptolemy/domains/continuous/test/auto/CausalityInterface4.xml
8 ms. Memory: 217088K Free: 104557K (48%)
----------------- Invoking toplevel() on ptolemy.moml.MoMLSimpleApplication@57b0ffd3
----------------- Done invoking toplevel() on ptolemy.moml.MoMLSimpleApplication@57b0ffd3
reloadAllAccessors: .CausalityInterface4

===========================================================================================
----------------- testing Tue Oct 08 05:49:44 UTC 2019 /home/travis/build/icyphy/ptII/ptolemy/domains/continuous/test/auto/CausalityInterface5.xml
----------------- Instantiating /home/travis/build/icyphy/ptII/ptolemy/domains/continuous/test/auto/CausalityInterface5.xml
9 ms. Memory: 217088K Free: 96365K (44%)
----------------- Invoking toplevel() on ptolemy.moml.MoMLSimpleApplication@ad2fcbb
----------------- Done invoking toplevel() on ptolemy.moml.MoMLSimpleApplication@ad2fcbb
reloadAllAccessors: .CausalityInterface5

===========================================================================================
----------------- testing Tue Oct 08 05:49:44 UTC 2019 /home/travis/build/icyphy/ptII/ptolemy/domains/continuous/test/auto/CausalityInterface6.xml
----------------- Instantiating /home/travis/build/icyphy/ptII/ptolemy/domains/continuous/test/auto/CausalityInterface6.xml
9 ms. Memory: 217088K Free: 91245K (42%)
----------------- Invoking toplevel() on ptolemy.moml.MoMLSimpleApplication@8c6c021
----------------- Done invoking toplevel() on ptolemy.moml.MoMLSimpleApplication@8c6c021
reloadAllAccessors: .CausalityInterface6

===========================================================================================
----------------- testing Tue Oct 08 05:49:44 UTC 2019 /home/travis/build/icyphy/ptII/ptolemy/domains/continuous/test/auto/CausalityInterface7.xml
----------------- Instantiating /home/travis/build/icyphy/ptII/ptolemy/domains/continuous/test/auto/CausalityInterface7.xml
7 ms. Memory: 217088K Free: 82539K (38%)
----------------- Invoking toplevel() on ptolemy.moml.MoMLSimpleApplication@64139499
----------------- Done invoking toplevel() on ptolemy.moml.MoMLSimpleApplication@64139499
reloadAllAccessors: .CausalityInterface7

===========================================================================================
----------------- testing Tue Oct 08 05:49:44 UTC 2019 /home/travis/build/icyphy/ptII/ptolemy/domains/continuous/test/auto/CausalityInterface8.xml
----------------- Instantiating /home/travis/build/icyphy/ptII/ptolemy/domains/continuous/test/auto/CausalityInterface8.xml
17 ms. Memory: 217088K Free: 201770K (93%)
----------------- Invoking toplevel() on ptolemy.moml.MoMLSimpleApplication@28135eb5
----------------- Done invoking toplevel() on ptolemy.moml.MoMLSimpleApplication@28135eb5
reloadAllAccessors: .CausalityInterface8

===========================================================================================
----------------- testing Tue Oct 08 05:49:44 UTC 2019 /home/travis/build/icyphy/ptII/ptolemy/domains/continuous/test/auto/CausalityInterface9.xml
----------------- Instantiating /home/travis/build/icyphy/ptII/ptolemy/domains/continuous/test/auto/CausalityInterface9.xml
12 ms. Memory: 217088K Free: 191034K (88%)
----------------- Invoking toplevel() on ptolemy.moml.MoMLSimpleApplication@e79a91a
----------------- Done invoking toplevel() on ptolemy.moml.MoMLSimpleApplication@e79a91a
reloadAllAccessors: .CausalityInterface9

===========================================================================================
----------------- testing Tue Oct 08 05:49:44 UTC 2019 /home/travis/build/icyphy/ptII/ptolemy/domains/continuous/test/auto/CausalityInterfaceFeedback1.xml
----------------- Instantiating /home/travis/build/icyphy/ptII/ptolemy/domains/continuous/test/auto/CausalityInterfaceFeedback1.xml
6 ms. Memory: 217088K Free: 184346K (85%)
----------------- Invoking toplevel() on ptolemy.moml.MoMLSimpleApplication@1b057ba5
----------------- Done invoking toplevel() on ptolemy.moml.MoMLSimpleApplication@1b057ba5
reloadAllAccessors: .CausalityInterfaceFeedback1

===========================================================================================
----------------- testing Tue Oct 08 05:49:44 UTC 2019 /home/travis/build/icyphy/ptII/ptolemy/domains/continuous/test/auto/CausalityInterfaceFeedback2.xml
----------------- Instantiating /home/travis/build/icyphy/ptII/ptolemy/domains/continuous/test/auto/CausalityInterfaceFeedback2.xml
4 ms. Memory: 217088K Free: 177722K (82%)
----------------- Invoking toplevel() on ptolemy.moml.MoMLSimpleApplication@5303c335
----------------- Done invoking toplevel() on ptolemy.moml.MoMLSimpleApplication@5303c335
reloadAllAccessors: .CausalityInterfaceFeedback2

===========================================================================================
----------------- testing Tue Oct 08 05:49:44 UTC 2019 /home/travis/build/icyphy/ptII/ptolemy/domains/continuous/test/auto/CompareWithCurrentTime.xml
----------------- Instantiating /home/travis/build/icyphy/ptII/ptolemy/domains/continuous/test/auto/CompareWithCurrentTime.xml
5 ms. Memory: 217088K Free: 173626K (80%)
----------------- Invoking toplevel() on ptolemy.moml.MoMLSimpleApplication@2e85242f
----------------- Done invoking toplevel() on ptolemy.moml.MoMLSimpleApplication@2e85242f
reloadAllAccessors: .CompareWithCurrentTime

===========================================================================================
----------------- testing Tue Oct 08 05:49:44 UTC 2019 /home/travis/build/icyphy/ptII/ptolemy/domains/continuous/test/auto/ComparedClocks.xml
----------------- Instantiating /home/travis/build/icyphy/ptII/ptolemy/domains/continuous/test/auto/ComparedClocks.xml
9 ms. Memory: 217088K Free: 158266K (73%)
----------------- Invoking toplevel() on ptolemy.moml.MoMLSimpleApplication@4732029f
----------------- Done invoking toplevel() on ptolemy.moml.MoMLSimpleApplication@4732029f
reloadAllAccessors: .ComparedClocks

===========================================================================================
----------------- testing Tue Oct 08 05:49:44 UTC 2019 /home/travis/build/icyphy/ptII/ptolemy/domains/continuous/test/auto/ContinuousAOCClone.xml
----------------- Instantiating /home/travis/build/icyphy/ptII/ptolemy/domains/continuous/test/auto/ContinuousAOCClone.xml
2681 ms. Memory: 261120K Free: 99073K (38%)
----------------- Invoking toplevel() on ptolemy.moml.MoMLSimpleApplication@565a5e1c
----------------- Done invoking toplevel() on ptolemy.moml.MoMLSimpleApplication@565a5e1c
reloadAllAccessors: .ContinuousAOCClone

===========================================================================================
----------------- testing Tue Oct 08 05:49:47 UTC 2019 /home/travis/build/icyphy/ptII/ptolemy/domains/continuous/test/auto/ContinuousClock.xml
----------------- Instantiating /home/travis/build/icyphy/ptII/ptolemy/domains/continuous/test/auto/ContinuousClock.xml
28 ms. Memory: 261120K Free: 232179K (89%)
----------------- Invoking toplevel() on ptolemy.moml.MoMLSimpleApplication@5c15ad9
----------------- Done invoking toplevel() on ptolemy.moml.MoMLSimpleApplication@5c15ad9
reloadAllAccessors: .ContinuousClock

===========================================================================================
----------------- testing Tue Oct 08 05:49:47 UTC 2019 /home/travis/build/icyphy/ptII/ptolemy/domains/continuous/test/auto/ContinuousInContinuous.xml
----------------- Instantiating /home/travis/build/icyphy/ptII/ptolemy/domains/continuous/test/auto/ContinuousInContinuous.xml
43 ms. Memory: 261120K Free: 208627K (80%)
----------------- Invoking toplevel() on ptolemy.moml.MoMLSimpleApplication@5bf9357e
----------------- Done invoking toplevel() on ptolemy.moml.MoMLSimpleApplication@5bf9357e
reloadAllAccessors: .ContinuousInContinuous

===========================================================================================
----------------- testing Tue Oct 08 05:49:47 UTC 2019 /home/travis/build/icyphy/ptII/ptolemy/domains/continuous/test/auto/ContinuousInContinuousInContinuous.xml
----------------- Instantiating /home/travis/build/icyphy/ptII/ptolemy/domains/continuous/test/auto/ContinuousInContinuousInContinuous.xml
8 ms. Memory: 261120K Free: 200945K (77%)
----------------- Invoking toplevel() on ptolemy.moml.MoMLSimpleApplication@21a85a12
----------------- Done invoking toplevel() on ptolemy.moml.MoMLSimpleApplication@21a85a12
reloadAllAccessors: .ContinuousInContinuousInContinuous

===========================================================================================
----------------- testing Tue Oct 08 05:49:47 UTC 2019 /home/travis/build/icyphy/ptII/ptolemy/domains/continuous/test/auto/ContinuousInDE.xml
----------------- Instantiating /home/travis/build/icyphy/ptII/ptolemy/domains/continuous/test/auto/ContinuousInDE.xml
102 ms. Memory: 261120K Free: 190195K (73%)
----------------- Invoking toplevel() on ptolemy.moml.MoMLSimpleApplication@39fc3b8
----------------- Done invoking toplevel() on ptolemy.moml.MoMLSimpleApplication@39fc3b8
reloadAllAccessors: .ContinuousInDE

===========================================================================================
----------------- testing Tue Oct 08 05:49:47 UTC 2019 /home/travis/build/icyphy/ptII/ptolemy/domains/continuous/test/auto/ContinuousInDE2.xml
----------------- Instantiating /home/travis/build/icyphy/ptII/ptolemy/domains/continuous/test/auto/ContinuousInDE2.xml
37 ms. Memory: 261120K Free: 180465K (69%)
----------------- Invoking toplevel() on ptolemy.moml.MoMLSimpleApplication@5625f479
----------------- Done invoking toplevel() on ptolemy.moml.MoMLSimpleApplication@5625f479
reloadAllAccessors: .ContinuousInDE2

===========================================================================================
----------------- testing Tue Oct 08 05:49:48 UTC 2019 /home/travis/build/icyphy/ptII/ptolemy/domains/continuous/test/auto/ContinuousInDE3.xml
----------------- Instantiating /home/travis/build/icyphy/ptII/ptolemy/domains/continuous/test/auto/ContinuousInDE3.xml
36 ms. Memory: 261120K Free: 170739K (65%)
----------------- Invoking toplevel() on ptolemy.moml.MoMLSimpleApplication@57a3a6dc
----------------- Done invoking toplevel() on ptolemy.moml.MoMLSimpleApplication@57a3a6dc
reloadAllAccessors: .ContinuousInDE3

===========================================================================================
----------------- testing Tue Oct 08 05:49:48 UTC 2019 /home/travis/build/icyphy/ptII/ptolemy/domains/continuous/test/auto/ContinuousInDE4.xml
----------------- Instantiating /home/travis/build/icyphy/ptII/ptolemy/domains/continuous/test/auto/ContinuousInDE4.xml
14 ms. Memory: 261120K Free: 164595K (63%)
----------------- Invoking toplevel() on ptolemy.moml.MoMLSimpleApplication@2c9d9c65
----------------- Done invoking toplevel() on ptolemy.moml.MoMLSimpleApplication@2c9d9c65
reloadAllAccessors: .ContinuousInDE4

===========================================================================================
----------------- testing Tue Oct 08 05:49:48 UTC 2019 /home/travis/build/icyphy/ptII/ptolemy/domains/continuous/test/auto/ContinuousInDEDifferentRefinements.xml
----------------- Instantiating /home/travis/build/icyphy/ptII/ptolemy/domains/continuous/test/auto/ContinuousInDEDifferentRefinements.xml
61 ms. Memory: 261120K Free: 133347K (51%)
----------------- Invoking toplevel() on ptolemy.moml.MoMLSimpleApplication@777b3bf3
----------------- Done invoking toplevel() on ptolemy.moml.MoMLSimpleApplication@777b3bf3
reloadAllAccessors: .ContinuousInDEDifferentRefinements

===========================================================================================
----------------- testing Tue Oct 08 05:49:48 UTC 2019 /home/travis/build/icyphy/ptII/ptolemy/domains/continuous/test/auto/ContinuousInDEDifferentRefinementsPreemptive.xml
----------------- Instantiating /home/travis/build/icyphy/ptII/ptolemy/domains/continuous/test/auto/ContinuousInDEDifferentRefinementsPreemptive.xml
50 ms. Memory: 261120K Free: 102627K (39%)
----------------- Invoking toplevel() on ptolemy.moml.MoMLSimpleApplication@77b7a198
----------------- Done invoking toplevel() on ptolemy.moml.MoMLSimpleApplication@77b7a198
reloadAllAccessors: .ContinuousInDEDifferentRefinementsPreemptive

===========================================================================================
----------------- testing Tue Oct 08 05:49:48 UTC 2019 /home/travis/build/icyphy/ptII/ptolemy/domains/continuous/test/auto/ContinuousInDEInContinuous2.xml
----------------- Instantiating /home/travis/build/icyphy/ptII/ptolemy/domains/continuous/test/auto/ContinuousInDEInContinuous2.xml
53 ms. Memory: 261120K Free: 246602K (94%)
----------------- Invoking toplevel() on ptolemy.moml.MoMLSimpleApplication@1ff49589
----------------- Done invoking toplevel() on ptolemy.moml.MoMLSimpleApplication@1ff49589
reloadAllAccessors: .ContinuousInDEInContinuous2

===========================================================================================
----------------- testing Tue Oct 08 05:49:48 UTC 2019 /home/travis/build/icyphy/ptII/ptolemy/domains/continuous/test/auto/ContinuousInDEInContinuous3.xml
----------------- Instantiating /home/travis/build/icyphy/ptII/ptolemy/domains/continuous/test/auto/ContinuousInDEInContinuous3.xml
41 ms. Memory: 261120K Free: 233880K (90%)
----------------- Invoking toplevel() on ptolemy.moml.MoMLSimpleApplication@443b061b
----------------- Done invoking toplevel() on ptolemy.moml.MoMLSimpleApplication@443b061b
reloadAllAccessors: .ContinuousInDEInContinuous3

===========================================================================================
----------------- testing Tue Oct 08 05:49:48 UTC 2019 /home/travis/build/icyphy/ptII/ptolemy/domains/continuous/test/auto/ContinuousInDEInput.xml
----------------- Instantiating /home/travis/build/icyphy/ptII/ptolemy/domains/continuous/test/auto/ContinuousInDEInput.xml
22 ms. Memory: 261120K Free: 226712K (87%)
----------------- Invoking toplevel() on ptolemy.moml.MoMLSimpleApplication@4f6134c
----------------- Done invoking toplevel() on ptolemy.moml.MoMLSimpleApplication@4f6134c
reloadAllAccessors: .ContinuousInDEInput

===========================================================================================
----------------- testing Tue Oct 08 05:49:48 UTC 2019 /home/travis/build/icyphy/ptII/ptolemy/domains/continuous/test/auto/ContinuousInDEInput2.xml
----------------- Instantiating /home/travis/build/icyphy/ptII/ptolemy/domains/continuous/test/auto/ContinuousInDEInput2.xml
18 ms. Memory: 261120K Free: 219544K (84%)
----------------- Invoking toplevel() on ptolemy.moml.MoMLSimpleApplication@122fbb17
----------------- Done invoking toplevel() on ptolemy.moml.MoMLSimpleApplication@122fbb17
reloadAllAccessors: .ContinuousInDEInput2

===========================================================================================
----------------- testing Tue Oct 08 05:49:48 UTC 2019 /home/travis/build/icyphy/ptII/ptolemy/domains/continuous/test/auto/ContinuousInDEInput3.xml
----------------- Instantiating /home/travis/build/icyphy/ptII/ptolemy/domains/continuous/test/auto/ContinuousInDEInput3.xml
15 ms. Memory: 261120K Free: 212376K (81%)
----------------- Invoking toplevel() on ptolemy.moml.MoMLSimpleApplication@649aef40
----------------- Done invoking toplevel() on ptolemy.moml.MoMLSimpleApplication@649aef40
reloadAllAccessors: .ContinuousInDEInput3

===========================================================================================
----------------- testing Tue Oct 08 05:49:48 UTC 2019 /home/travis/build/icyphy/ptII/ptolemy/domains/continuous/test/auto/ContinuousInDESharingRefinement.xml
----------------- Instantiating /home/travis/build/icyphy/ptII/ptolemy/domains/continuous/test/auto/ContinuousInDESharingRefinement.xml
145 ms. Memory: 261120K Free: 117640K (45%)
----------------- Invoking toplevel() on ptolemy.moml.MoMLSimpleApplication@8eadb6
----------------- Done invoking toplevel() on ptolemy.moml.MoMLSimpleApplication@8eadb6
reloadAllAccessors: .ContinuousInDESharingRefinement

===========================================================================================
----------------- testing Tue Oct 08 05:49:48 UTC 2019 /home/travis/build/icyphy/ptII/ptolemy/domains/continuous/test/auto/ContinuousInDEwithNoPorts.xml
----------------- Instantiating /home/travis/build/icyphy/ptII/ptolemy/domains/continuous/test/auto/ContinuousInDEwithNoPorts.xml
5 ms. Memory: 261120K Free: 113528K (43%)
----------------- Invoking toplevel() on ptolemy.moml.MoMLSimpleApplication@72fa0375
----------------- Done invoking toplevel() on ptolemy.moml.MoMLSimpleApplication@72fa0375
reloadAllAccessors: .ContinuousInDEwithNoPorts

===========================================================================================
----------------- testing Tue Oct 08 05:49:48 UTC 2019 /home/travis/build/icyphy/ptII/ptolemy/domains/continuous/test/auto/ContinuousInsideDE.xml
----------------- Instantiating /home/travis/build/icyphy/ptII/ptolemy/domains/continuous/test/auto/ContinuousInsideDE.xml
40 ms. Memory: 261120K Free: 102294K (39%)
----------------- Invoking toplevel() on ptolemy.moml.MoMLSimpleApplication@3b5e69c5
----------------- Done invoking toplevel() on ptolemy.moml.MoMLSimpleApplication@3b5e69c5
reloadAllAccessors: .ContinuousInsideDE

===========================================================================================
----------------- testing Tue Oct 08 05:49:48 UTC 2019 /home/travis/build/icyphy/ptII/ptolemy/domains/continuous/test/auto/ContinuousMerge1.xml
----------------- Instantiating /home/travis/build/icyphy/ptII/ptolemy/domains/continuous/test/auto/ContinuousMerge1.xml
3 ms. Memory: 261120K Free: 97688K (37%)
----------------- Invoking toplevel() on ptolemy.moml.MoMLSimpleApplication@6e59d83f
----------------- Done invoking toplevel() on ptolemy.moml.MoMLSimpleApplication@6e59d83f
reloadAllAccessors: .ContinuousMerge1

===========================================================================================
----------------- testing Tue Oct 08 05:49:48 UTC 2019 /home/travis/build/icyphy/ptII/ptolemy/domains/continuous/test/auto/ContinuousMerge2.xml
----------------- Instantiating /home/travis/build/icyphy/ptII/ptolemy/domains/continuous/test/auto/ContinuousMerge2.xml
18 ms. Memory: 261120K Free: 243067K (93%)
----------------- Invoking toplevel() on ptolemy.moml.MoMLSimpleApplication@4c835406
----------------- Done invoking toplevel() on ptolemy.moml.MoMLSimpleApplication@4c835406
reloadAllAccessors: .ContinuousMerge2

===========================================================================================
----------------- testing Tue Oct 08 05:49:48 UTC 2019 /home/travis/build/icyphy/ptII/ptolemy/domains/continuous/test/auto/ContinuousMerge3.xml
----------------- Instantiating /home/travis/build/icyphy/ptII/ptolemy/domains/continuous/test/auto/ContinuousMerge3.xml
44 ms. Memory: 261120K Free: 232313K (89%)
----------------- Invoking toplevel() on ptolemy.moml.MoMLSimpleApplication@428e825d
----------------- Done invoking toplevel() on ptolemy.moml.MoMLSimpleApplication@428e825d
reloadAllAccessors: .ContinuousMerge3

===========================================================================================
----------------- testing Tue Oct 08 05:49:49 UTC 2019 /home/travis/build/icyphy/ptII/ptolemy/domains/continuous/test/auto/ContinuousWithinContinuous.xml
----------------- Instantiating /home/travis/build/icyphy/ptII/ptolemy/domains/continuous/test/auto/ContinuousWithinContinuous.xml
38 ms. Memory: 261120K Free: 223611K (86%)
----------------- Invoking toplevel() on ptolemy.moml.MoMLSimpleApplication@3164ddb3
----------------- Done invoking toplevel() on ptolemy.moml.MoMLSimpleApplication@3164ddb3
reloadAllAccessors: .ContinuousWithinContinuous

===========================================================================================
----------------- testing Tue Oct 08 05:49:49 UTC 2019 /home/travis/build/icyphy/ptII/ptolemy/domains/continuous/test/auto/ContinuousWithinContinuous2.xml
----------------- Instantiating /home/travis/build/icyphy/ptII/ptolemy/domains/continuous/test/auto/ContinuousWithinContinuous2.xml
72 ms. Memory: 261120K Free: 212857K (82%)
----------------- Invoking toplevel() on ptolemy.moml.MoMLSimpleApplication@75f90ba3
----------------- Done invoking toplevel() on ptolemy.moml.MoMLSimpleApplication@75f90ba3
reloadAllAccessors: .ContinuousWithinContinuous2

===========================================================================================
----------------- testing Tue Oct 08 05:49:49 UTC 2019 /home/travis/build/icyphy/ptII/ptolemy/domains/continuous/test/auto/ContinuousWithinContinuous3.xml
----------------- Instantiating /home/travis/build/icyphy/ptII/ptolemy/domains/continuous/test/auto/ContinuousWithinContinuous3.xml
13 ms. Memory: 261120K Free: 206203K (79%)
----------------- Invoking toplevel() on ptolemy.moml.MoMLSimpleApplication@5d13d392
----------------- Done invoking toplevel() on ptolemy.moml.MoMLSimpleApplication@5d13d392
reloadAllAccessors: .ContinuousWithinContinuous3

===========================================================================================
----------------- testing Tue Oct 08 05:49:49 UTC 2019 /home/travis/build/icyphy/ptII/ptolemy/domains/continuous/test/auto/ContinuousWithinContinuous4.xml
----------------- Instantiating /home/travis/build/icyphy/ptII/ptolemy/domains/continuous/test/auto/ContinuousWithinContinuous4.xml
75 ms. Memory: 261120K Free: 194425K (74%)
----------------- Invoking toplevel() on ptolemy.moml.MoMLSimpleApplication@70aabf0f
----------------- Done invoking toplevel() on ptolemy.moml.MoMLSimpleApplication@70aabf0f
reloadAllAccessors: .ContinuousWithinContinuous4

===========================================================================================
----------------- testing Tue Oct 08 05:49:49 UTC 2019 /home/travis/build/icyphy/ptII/ptolemy/domains/continuous/test/auto/ContinuousWithinContinuous5.xml
----------------- Instantiating /home/travis/build/icyphy/ptII/ptolemy/domains/continuous/test/auto/ContinuousWithinContinuous5.xml
13 ms. Memory: 261120K Free: 187257K (72%)
----------------- Invoking toplevel() on ptolemy.moml.MoMLSimpleApplication@32ae4047
----------------- Done invoking toplevel() on ptolemy.moml.MoMLSimpleApplication@32ae4047
reloadAllAccessors: .ContinuousWithinContinuous5

===========================================================================================
----------------- testing Tue Oct 08 05:49:49 UTC 2019 /home/travis/build/icyphy/ptII/ptolemy/domains/continuous/test/auto/ContinuousWithinContinuous6.xml
----------------- Instantiating /home/travis/build/icyphy/ptII/ptolemy/domains/continuous/test/auto/ContinuousWithinContinuous6.xml
12 ms. Memory: 261120K Free: 180089K (69%)
----------------- Invoking toplevel() on ptolemy.moml.MoMLSimpleApplication@31fc1c44
----------------- Done invoking toplevel() on ptolemy.moml.MoMLSimpleApplication@31fc1c44
reloadAllAccessors: .ContinuousWithinContinuous6

===========================================================================================
----------------- testing Tue Oct 08 05:49:49 UTC 2019 /home/travis/build/icyphy/ptII/ptolemy/domains/continuous/test/auto/ContinuousWithinContinuous7.xml
----------------- Instantiating /home/travis/build/icyphy/ptII/ptolemy/domains/continuous/test/auto/ContinuousWithinContinuous7.xml
61 ms. Memory: 261120K Free: 169339K (65%)
----------------- Invoking toplevel() on ptolemy.moml.MoMLSimpleApplication@3749e270
----------------- Done invoking toplevel() on ptolemy.moml.MoMLSimpleApplication@3749e270
reloadAllAccessors: .ContinuousWithinContinuous7

===========================================================================================
----------------- testing Tue Oct 08 05:49:49 UTC 2019 /home/travis/build/icyphy/ptII/ptolemy/domains/continuous/test/auto/DCMotor.xml
----------------- Instantiating /home/travis/build/icyphy/ptII/ptolemy/domains/continuous/test/auto/DCMotor.xml
15489 ms. Memory: 261120K Free: 175445K (67%)
----------------- Invoking toplevel() on ptolemy.moml.MoMLSimpleApplication@53cf36a7
----------------- Done invoking toplevel() on ptolemy.moml.MoMLSimpleApplication@53cf36a7
reloadAllAccessors: .DCMotor

===========================================================================================
----------------- testing Tue Oct 08 05:50:05 UTC 2019 /home/travis/build/icyphy/ptII/ptolemy/domains/continuous/test/auto/DEInContinuous.xml
----------------- Instantiating /home/travis/build/icyphy/ptII/ptolemy/domains/continuous/test/auto/DEInContinuous.xml
25 ms. Memory: 261120K Free: 169301K (65%)
----------------- Invoking toplevel() on ptolemy.moml.MoMLSimpleApplication@191e82c8
----------------- Done invoking toplevel() on ptolemy.moml.MoMLSimpleApplication@191e82c8
reloadAllAccessors: .DEInContinuous

===========================================================================================
----------------- testing Tue Oct 08 05:50:05 UTC 2019 /home/travis/build/icyphy/ptII/ptolemy/domains/continuous/test/auto/DEinContinuous2.xml
----------------- Instantiating /home/travis/build/icyphy/ptII/ptolemy/domains/continuous/test/auto/DEinContinuous2.xml
9 ms. Memory: 261120K Free: 161623K (62%)
----------------- Invoking toplevel() on ptolemy.moml.MoMLSimpleApplication@3f6afc60
----------------- Done invoking toplevel() on ptolemy.moml.MoMLSimpleApplication@3f6afc60
reloadAllAccessors: .DEinContinuous2

===========================================================================================
----------------- testing Tue Oct 08 05:50:05 UTC 2019 /home/travis/build/icyphy/ptII/ptolemy/domains/continuous/test/auto/Derivative.xml
----------------- Instantiating /home/travis/build/icyphy/ptII/ptolemy/domains/continuous/test/auto/Derivative.xml
162 ms. Memory: 261120K Free: 132437K (51%)
----------------- Invoking toplevel() on ptolemy.moml.MoMLSimpleApplication@f052b4f
----------------- Done invoking toplevel() on ptolemy.moml.MoMLSimpleApplication@f052b4f
reloadAllAccessors: .Derivative2

===========================================================================================
----------------- testing Tue Oct 08 05:50:05 UTC 2019 /home/travis/build/icyphy/ptII/ptolemy/domains/continuous/test/auto/Derivative1.xml
----------------- Instantiating /home/travis/build/icyphy/ptII/ptolemy/domains/continuous/test/auto/Derivative1.xml
34 ms. Memory: 261120K Free: 118101K (45%)
----------------- Invoking toplevel() on ptolemy.moml.MoMLSimpleApplication@7fc9b947
----------------- Done invoking toplevel() on ptolemy.moml.MoMLSimpleApplication@7fc9b947
reloadAllAccessors: .Derivative1

===========================================================================================
----------------- testing Tue Oct 08 05:50:05 UTC 2019 /home/travis/build/icyphy/ptII/ptolemy/domains/continuous/test/auto/DiscreteClock.xml
----------------- Instantiating /home/travis/build/icyphy/ptII/ptolemy/domains/continuous/test/auto/DiscreteClock.xml
5 ms. Memory: 261120K Free: 112981K (43%)
----------------- Invoking toplevel() on ptolemy.moml.MoMLSimpleApplication@944d03
----------------- Done invoking toplevel() on ptolemy.moml.MoMLSimpleApplication@944d03
reloadAllAccessors: .DiscreteClock

===========================================================================================
----------------- testing Tue Oct 08 05:50:05 UTC 2019 /home/travis/build/icyphy/ptII/ptolemy/domains/continuous/test/auto/EfficiencyCurve.xml
----------------- Instantiating /home/travis/build/icyphy/ptII/ptolemy/domains/continuous/test/auto/EfficiencyCurve.xml
54 ms. Memory: 261120K Free: 104279K (40%)
----------------- Invoking toplevel() on ptolemy.moml.MoMLSimpleApplication@7117d68e
----------------- Done invoking toplevel() on ptolemy.moml.MoMLSimpleApplication@7117d68e
reloadAllAccessors: .EfficiencyCurve

===========================================================================================
----------------- testing Tue Oct 08 05:50:05 UTC 2019 /home/travis/build/icyphy/ptII/ptolemy/domains/continuous/test/auto/ExponentialResponse.xml
----------------- Instantiating /home/travis/build/icyphy/ptII/ptolemy/domains/continuous/test/auto/ExponentialResponse.xml
119 ms. Memory: 261120K Free: 244073K (93%)
----------------- Invoking toplevel() on ptolemy.moml.MoMLSimpleApplication@1de10f60
----------------- Done invoking toplevel() on ptolemy.moml.MoMLSimpleApplication@1de10f60
reloadAllAccessors: .ExponentialResponse

===========================================================================================
----------------- testing Tue Oct 08 05:50:05 UTC 2019 /home/travis/build/icyphy/ptII/ptolemy/domains/continuous/test/auto/ExponentialResponseRK45.xml
----------------- Instantiating /home/travis/build/icyphy/ptII/ptolemy/domains/continuous/test/auto/ExponentialResponseRK45.xml
26 ms. Memory: 261120K Free: 237266K (91%)
----------------- Invoking toplevel() on ptolemy.moml.MoMLSimpleApplication@5b9719e9
----------------- Done invoking toplevel() on ptolemy.moml.MoMLSimpleApplication@5b9719e9
reloadAllAccessors: .ExponentialResponseRK45

===========================================================================================
----------------- testing Tue Oct 08 05:50:05 UTC 2019 /home/travis/build/icyphy/ptII/ptolemy/domains/continuous/test/auto/Friction.xml
----------------- Instantiating /home/travis/build/icyphy/ptII/ptolemy/domains/continuous/test/auto/Friction.xml
1586 ms. Memory: 261120K Free: 122491K (47%)
----------------- Invoking toplevel() on ptolemy.moml.MoMLSimpleApplication@7c6bdd9b
----------------- Done invoking toplevel() on ptolemy.moml.MoMLSimpleApplication@7c6bdd9b
reloadAllAccessors: .Friction

===========================================================================================
----------------- testing Tue Oct 08 05:50:07 UTC 2019 /home/travis/build/icyphy/ptII/ptolemy/domains/continuous/test/auto/FurutaPendulum.xml
----------------- Instantiating /home/travis/build/icyphy/ptII/ptolemy/domains/continuous/test/auto/FurutaPendulum.xml
3526 ms. Memory: 261120K Free: 97108K (37%)
----------------- Invoking toplevel() on ptolemy.moml.MoMLSimpleApplication@70e09d43
----------------- Done invoking toplevel() on ptolemy.moml.MoMLSimpleApplication@70e09d43
reloadAllAccessors: .FurutaPendulum

===========================================================================================
----------------- testing Tue Oct 08 05:50:11 UTC 2019 /home/travis/build/icyphy/ptII/ptolemy/domains/continuous/test/auto/HierarchicalExecution.xml
----------------- Instantiating /home/travis/build/icyphy/ptII/ptolemy/domains/continuous/test/auto/HierarchicalExecution.xml
1815 ms. Memory: 261120K Free: 138489K (53%)
----------------- Invoking toplevel() on ptolemy.moml.MoMLSimpleApplication@6ba397dd
----------------- Done invoking toplevel() on ptolemy.moml.MoMLSimpleApplication@6ba397dd
reloadAllAccessors: .HierarchicalExecution

===========================================================================================
----------------- testing Tue Oct 08 05:50:13 UTC 2019 /home/travis/build/icyphy/ptII/ptolemy/domains/continuous/test/auto/HybridPlant.xml
----------------- Instantiating /home/travis/build/icyphy/ptII/ptolemy/domains/continuous/test/auto/HybridPlant.xml
557 ms. Memory: 261120K Free: 185552K (71%)
----------------- Invoking toplevel() on ptolemy.moml.MoMLSimpleApplication@3e484c6f
----------------- Done invoking toplevel() on ptolemy.moml.MoMLSimpleApplication@3e484c6f
reloadAllAccessors: .HybridPlant

===========================================================================================
----------------- testing Tue Oct 08 05:50:13 UTC 2019 /home/travis/build/icyphy/ptII/ptolemy/domains/continuous/test/auto/Hysteresis.xml
----------------- Instantiating /home/travis/build/icyphy/ptII/ptolemy/domains/continuous/test/auto/Hysteresis.xml
155 ms. Memory: 261120K Free: 124119K (48%)
----------------- Invoking toplevel() on ptolemy.moml.MoMLSimpleApplication@a1bac4d
----------------- Done invoking toplevel() on ptolemy.moml.MoMLSimpleApplication@a1bac4d
reloadAllAccessors: .Hysteresis

===========================================================================================
----------------- testing Tue Oct 08 05:50:14 UTC 2019 /home/travis/build/icyphy/ptII/ptolemy/domains/continuous/test/auto/HysteresisWithRandomDelay.xml
----------------- Instantiating /home/travis/build/icyphy/ptII/ptolemy/domains/continuous/test/auto/HysteresisWithRandomDelay.xml
195 ms. Memory: 261120K Free: 208015K (80%)
----------------- Invoking toplevel() on ptolemy.moml.MoMLSimpleApplication@25969c1a
----------------- Done invoking toplevel() on ptolemy.moml.MoMLSimpleApplication@25969c1a
reloadAllAccessors: .HysteresisWithRandomDelay

===========================================================================================
----------------- testing Tue Oct 08 05:50:14 UTC 2019 /home/travis/build/icyphy/ptII/ptolemy/domains/continuous/test/auto/HysteresisWithRandomLosses.xml
----------------- Instantiating /home/travis/build/icyphy/ptII/ptolemy/domains/continuous/test/auto/HysteresisWithRandomLosses.xml
2429 ms. Memory: 261120K Free: 107779K (41%)
----------------- Invoking toplevel() on ptolemy.moml.MoMLSimpleApplication@aad5fc6
----------------- Done invoking toplevel() on ptolemy.moml.MoMLSimpleApplication@aad5fc6
reloadAllAccessors: .HysteresisWithRandomLosses

===========================================================================================
----------------- testing Tue Oct 08 05:50:16 UTC 2019 /home/travis/build/icyphy/ptII/ptolemy/domains/continuous/test/auto/ImmediateTransitions.xml
----------------- Instantiating /home/travis/build/icyphy/ptII/ptolemy/domains/continuous/test/auto/ImmediateTransitions.xml
10 ms. Memory: 261120K Free: 97025K (37%)
----------------- Invoking toplevel() on ptolemy.moml.MoMLSimpleApplication@2fcedd2e
----------------- Done invoking toplevel() on ptolemy.moml.MoMLSimpleApplication@2fcedd2e
reloadAllAccessors: .ImmediateTransitions

===========================================================================================
----------------- testing Tue Oct 08 05:50:16 UTC 2019 /home/travis/build/icyphy/ptII/ptolemy/domains/continuous/test/auto/ImpulseFeedback.xml
----------------- Instantiating /home/travis/build/icyphy/ptII/ptolemy/domains/continuous/test/auto/ImpulseFeedback.xml
7 ms. Memory: 261120K Free: 91395K (35%)
----------------- Invoking toplevel() on ptolemy.moml.MoMLSimpleApplication@5e244d1
----------------- Done invoking toplevel() on ptolemy.moml.MoMLSimpleApplication@5e244d1
reloadAllAccessors: .ImpulseFeedback

===========================================================================================
----------------- testing Tue Oct 08 05:50:16 UTC 2019 /home/travis/build/icyphy/ptII/ptolemy/domains/continuous/test/auto/ImpulseFeedback2.xml
----------------- Instantiating /home/travis/build/icyphy/ptII/ptolemy/domains/continuous/test/auto/ImpulseFeedback2.xml
9 ms. Memory: 313344K Free: 293499K (94%)
----------------- Invoking toplevel() on ptolemy.moml.MoMLSimpleApplication@19ca4b52
----------------- Done invoking toplevel() on ptolemy.moml.MoMLSimpleApplication@19ca4b52
reloadAllAccessors: .ImpulseFeedback2

===========================================================================================
----------------- testing Tue Oct 08 05:50:16 UTC 2019 /home/travis/build/icyphy/ptII/ptolemy/domains/continuous/test/auto/IncreasingRatePoisson.xml
----------------- Instantiating /home/travis/build/icyphy/ptII/ptolemy/domains/continuous/test/auto/IncreasingRatePoisson.xml
786 ms. Memory: 313344K Free: 179979K (57%)
----------------- Invoking toplevel() on ptolemy.moml.MoMLSimpleApplication@45a24d6a
----------------- Done invoking toplevel() on ptolemy.moml.MoMLSimpleApplication@45a24d6a
reloadAllAccessors: .IncreasingRatePoisson

===========================================================================================
----------------- testing Tue Oct 08 05:50:17 UTC 2019 /home/travis/build/icyphy/ptII/ptolemy/domains/continuous/test/auto/InitialStateFeedback.xml
----------------- Instantiating /home/travis/build/icyphy/ptII/ptolemy/domains/continuous/test/auto/InitialStateFeedback.xml
8 ms. Memory: 313344K Free: 175379K (56%)
----------------- Invoking toplevel() on ptolemy.moml.MoMLSimpleApplication@c389b12
----------------- Done invoking toplevel() on ptolemy.moml.MoMLSimpleApplication@c389b12
reloadAllAccessors: .InitialStateFeedback

===========================================================================================
----------------- testing Tue Oct 08 05:50:17 UTC 2019 /home/travis/build/icyphy/ptII/ptolemy/domains/continuous/test/auto/Integration.xml
----------------- Instantiating /home/travis/build/icyphy/ptII/ptolemy/domains/continuous/test/auto/Integration.xml
2 ms. Memory: 313344K Free: 171283K (55%)
----------------- Invoking toplevel() on ptolemy.moml.MoMLSimpleApplication@fdc4afb
----------------- Done invoking toplevel() on ptolemy.moml.MoMLSimpleApplication@fdc4afb
reloadAllAccessors: .Integration

===========================================================================================
----------------- testing Tue Oct 08 05:50:17 UTC 2019 /home/travis/build/icyphy/ptII/ptolemy/domains/continuous/test/auto/Integration2.xml
----------------- Instantiating /home/travis/build/icyphy/ptII/ptolemy/domains/continuous/test/auto/Integration2.xml
88 ms. Memory: 313344K Free: 157457K (50%)
----------------- Invoking toplevel() on ptolemy.moml.MoMLSimpleApplication@5007a723
----------------- Done invoking toplevel() on ptolemy.moml.MoMLSimpleApplication@5007a723
reloadAllAccessors: .Integration2

===========================================================================================
----------------- testing Tue Oct 08 05:50:17 UTC 2019 /home/travis/build/icyphy/ptII/ptolemy/domains/continuous/test/auto/Integration3.xml
----------------- Instantiating /home/travis/build/icyphy/ptII/ptolemy/domains/continuous/test/auto/Integration3.xml
6 ms. Memory: 313344K Free: 152851K (49%)
----------------- Invoking toplevel() on ptolemy.moml.MoMLSimpleApplication@6694595c
----------------- Done invoking toplevel() on ptolemy.moml.MoMLSimpleApplication@6694595c
reloadAllAccessors: .Integration3

===========================================================================================
----------------- testing Tue Oct 08 05:50:17 UTC 2019 /home/travis/build/icyphy/ptII/ptolemy/domains/continuous/test/auto/Integration5.xml
----------------- Instantiating /home/travis/build/icyphy/ptII/ptolemy/domains/continuous/test/auto/Integration5.xml
2 ms. Memory: 313344K Free: 148755K (47%)
----------------- Invoking toplevel() on ptolemy.moml.MoMLSimpleApplication@45189638
----------------- Done invoking toplevel() on ptolemy.moml.MoMLSimpleApplication@45189638
reloadAllAccessors: .Integration5

===========================================================================================
----------------- testing Tue Oct 08 05:50:17 UTC 2019 /home/travis/build/icyphy/ptII/ptolemy/domains/continuous/test/auto/IntegratorImpulse.xml
----------------- Instantiating /home/travis/build/icyphy/ptII/ptolemy/domains/continuous/test/auto/IntegratorImpulse.xml
3 ms. Memory: 313344K Free: 144659K (46%)
----------------- Invoking toplevel() on ptolemy.moml.MoMLSimpleApplication@15ac50dd
----------------- Done invoking toplevel() on ptolemy.moml.MoMLSimpleApplication@15ac50dd
reloadAllAccessors: .IntegratorImpulse

===========================================================================================
----------------- testing Tue Oct 08 05:50:18 UTC 2019 /home/travis/build/icyphy/ptII/ptolemy/domains/continuous/test/auto/IntegratorImpulse2.xml
----------------- Instantiating /home/travis/build/icyphy/ptII/ptolemy/domains/continuous/test/auto/IntegratorImpulse2.xml
4 ms. Memory: 313344K Free: 140035K (45%)
----------------- Invoking toplevel() on ptolemy.moml.MoMLSimpleApplication@4167ce63
----------------- Done invoking toplevel() on ptolemy.moml.MoMLSimpleApplication@4167ce63
reloadAllAccessors: .IntegratorImpulse2

===========================================================================================
----------------- testing Tue Oct 08 05:50:18 UTC 2019 /home/travis/build/icyphy/ptII/ptolemy/domains/continuous/test/auto/LevelCrossing1.xml
----------------- Instantiating /home/travis/build/icyphy/ptII/ptolemy/domains/continuous/test/auto/LevelCrossing1.xml
3 ms. Memory: 313344K Free: 134923K (43%)
----------------- Invoking toplevel() on ptolemy.moml.MoMLSimpleApplication@2ec79ee6
----------------- Done invoking toplevel() on ptolemy.moml.MoMLSimpleApplication@2ec79ee6
reloadAllAccessors: .LevelCrossing1

===========================================================================================
----------------- testing Tue Oct 08 05:50:18 UTC 2019 /home/travis/build/icyphy/ptII/ptolemy/domains/continuous/test/auto/LevelCrossing2.xml
----------------- Instantiating /home/travis/build/icyphy/ptII/ptolemy/domains/continuous/test/auto/LevelCrossing2.xml
4 ms. Memory: 313344K Free: 129809K (41%)
----------------- Invoking toplevel() on ptolemy.moml.MoMLSimpleApplication@28e2c84a
----------------- Done invoking toplevel() on ptolemy.moml.MoMLSimpleApplication@28e2c84a
reloadAllAccessors: .LevelCrossing2

===========================================================================================
----------------- testing Tue Oct 08 05:50:18 UTC 2019 /home/travis/build/icyphy/ptII/ptolemy/domains/continuous/test/auto/LevelCrossing3.xml
----------------- Instantiating /home/travis/build/icyphy/ptII/ptolemy/domains/continuous/test/auto/LevelCrossing3.xml
3 ms. Memory: 313344K Free: 124689K (40%)
----------------- Invoking toplevel() on ptolemy.moml.MoMLSimpleApplication@3cd92d60
----------------- Done invoking toplevel() on ptolemy.moml.MoMLSimpleApplication@3cd92d60
reloadAllAccessors: .LevelCrossing3

===========================================================================================
----------------- testing Tue Oct 08 05:50:18 UTC 2019 /home/travis/build/icyphy/ptII/ptolemy/domains/continuous/test/auto/LevelCrossing4.xml
----------------- Instantiating /home/travis/build/icyphy/ptII/ptolemy/domains/continuous/test/auto/LevelCrossing4.xml
4 ms. Memory: 313344K Free: 119569K (38%)
----------------- Invoking toplevel() on ptolemy.moml.MoMLSimpleApplication@6a824d71
----------------- Done invoking toplevel() on ptolemy.moml.MoMLSimpleApplication@6a824d71
reloadAllAccessors: .LevelCrossing4

===========================================================================================
----------------- testing Tue Oct 08 05:50:18 UTC 2019 /home/travis/build/icyphy/ptII/ptolemy/domains/continuous/test/auto/LevelCrossing5.xml
----------------- Instantiating /home/travis/build/icyphy/ptII/ptolemy/domains/continuous/test/auto/LevelCrossing5.xml
3 ms. Memory: 313344K Free: 114449K (37%)
----------------- Invoking toplevel() on ptolemy.moml.MoMLSimpleApplication@35d6929a
----------------- Done invoking toplevel() on ptolemy.moml.MoMLSimpleApplication@35d6929a
reloadAllAccessors: .LevelCrossing5

===========================================================================================
[...]
----------------- testing Tue Oct 08 05:50:36 UTC 2019 /home/travis/build/icyphy/ptII/ptolemy/domains/continuous/test/auto/SRinContinuous.xml
----------------- Instantiating /home/travis/build/icyphy/ptII/ptolemy/domains/continuous/test/auto/SRinContinuous.xml
5 ms. Memory: 313344K Free: 137175K (44%)
----------------- Invoking toplevel() on ptolemy.moml.MoMLSimpleApplication@620a7031
----------------- Done invoking toplevel() on ptolemy.moml.MoMLSimpleApplication@620a7031
reloadAllAccessors: .SRinContinuous

===========================================================================================
----------------- testing Tue Oct 08 05:50:36 UTC 2019 /home/travis/build/icyphy/ptII/ptolemy/domains/continuous/test/auto/SampledClocks.xml
----------------- Instantiating /home/travis/build/icyphy/ptII/ptolemy/domains/continuous/test/auto/SampledClocks.xml
9 ms. Memory: 313344K Free: 124377K (40%)
----------------- Invoking toplevel() on ptolemy.moml.MoMLSimpleApplication@77fd70d3
----------------- Done invoking toplevel() on ptolemy.moml.MoMLSimpleApplication@77fd70d3
reloadAllAccessors: .SampledClocks

===========================================================================================
----------------- testing Tue Oct 08 05:50:36 UTC 2019 /home/travis/build/icyphy/ptII/ptolemy/domains/continuous/test/auto/Satellite.xml
----------------- Instantiating /home/travis/build/icyphy/ptII/ptolemy/domains/continuous/test/auto/Satellite.xml
769 ms. Memory: 313344K Free: 117721K (38%)
----------------- Invoking toplevel() on ptolemy.moml.MoMLSimpleApplication@56d344b7
----------------- Done invoking toplevel() on ptolemy.moml.MoMLSimpleApplication@56d344b7
reloadAllAccessors: .Satellite

===========================================================================================
----------------- testing Tue Oct 08 05:50:37 UTC 2019 /home/travis/build/icyphy/ptII/ptolemy/domains/continuous/test/auto/SigmaDelta.xml
----------------- Instantiating /home/travis/build/icyphy/ptII/ptolemy/domains/continuous/test/auto/SigmaDelta.xml
2507 ms. Memory: 313344K Free: 230583K (74%)
----------------- Invoking toplevel() on ptolemy.moml.MoMLSimpleApplication@253a5ee6
----------------- Done invoking toplevel() on ptolemy.moml.MoMLSimpleApplication@253a5ee6
reloadAllAccessors: .SigmaDelta

===========================================================================================
----------------- testing Tue Oct 08 05:50:39 UTC 2019 /home/travis/build/icyphy/ptII/ptolemy/domains/continuous/test/auto/SingleRefinement.xml
----------------- Instantiating /home/travis/build/icyphy/ptII/ptolemy/domains/continuous/test/auto/SingleRefinement.xml
359 ms. Memory: 313344K Free: 232164K (74%)
----------------- Invoking toplevel() on ptolemy.moml.MoMLSimpleApplication@76c8aed5
----------------- Done invoking toplevel() on ptolemy.moml.MoMLSimpleApplication@76c8aed5
reloadAllAccessors: .SingleRefinement

===========================================================================================
----------------- testing Tue Oct 08 05:50:40 UTC 2019 /home/travis/build/icyphy/ptII/ptolemy/domains/continuous/test/auto/SinuBouncingBall.xml
----------------- Instantiating /home/travis/build/icyphy/ptII/ptolemy/domains/continuous/test/auto/SinuBouncingBall.xml
905 ms. Memory: 313344K Free: 203323K (65%)
----------------- Invoking toplevel() on ptolemy.moml.MoMLSimpleApplication@21909ba4
----------------- Done invoking toplevel() on ptolemy.moml.MoMLSimpleApplication@21909ba4
reloadAllAccessors: .SinuBouncingBall

===========================================================================================
----------------- testing Tue Oct 08 05:50:41 UTC 2019 /home/travis/build/icyphy/ptII/ptolemy/domains/continuous/test/auto/Sinusoid.xml
----------------- Instantiating /home/travis/build/icyphy/ptII/ptolemy/domains/continuous/test/auto/Sinusoid.xml
6 ms. Memory: 313344K Free: 198699K (63%)
----------------- Invoking toplevel() on ptolemy.moml.MoMLSimpleApplication@12b58fce
----------------- Done invoking toplevel() on ptolemy.moml.MoMLSimpleApplication@12b58fce
reloadAllAccessors: .Sinusoid

===========================================================================================
----------------- testing Tue Oct 08 05:50:41 UTC 2019 /home/travis/build/icyphy/ptII/ptolemy/domains/continuous/test/auto/SinusoidInNoise.xml
----------------- Instantiating /home/travis/build/icyphy/ptII/ptolemy/domains/continuous/test/auto/SinusoidInNoise.xml
1124 ms. Memory: 313344K Free: 252974K (81%)
----------------- Invoking toplevel() on ptolemy.moml.MoMLSimpleApplication@230457f2
----------------- Done invoking toplevel() on ptolemy.moml.MoMLSimpleApplication@230457f2
reloadAllAccessors: .SinusoidInNoise

===========================================================================================
----------------- testing Tue Oct 08 05:50:42 UTC 2019 /home/travis/build/icyphy/ptII/ptolemy/domains/continuous/test/auto/SinusoidRK45.xml
----------------- Instantiating /home/travis/build/icyphy/ptII/ptolemy/domains/continuous/test/auto/SinusoidRK45.xml
3 ms. Memory: 313344K Free: 248350K (79%)
----------------- Invoking toplevel() on ptolemy.moml.MoMLSimpleApplication@46da9e17
----------------- Done invoking toplevel() on ptolemy.moml.MoMLSimpleApplication@46da9e17
reloadAllAccessors: .SinusoidRK45

===========================================================================================
----------------- testing Tue Oct 08 05:50:42 UTC 2019 /home/travis/build/icyphy/ptII/ptolemy/domains/continuous/test/auto/SinusoidWithMultipleImpulses.xml
----------------- Instantiating /home/travis/build/icyphy/ptII/ptolemy/domains/continuous/test/auto/SinusoidWithMultipleImpulses.xml
3 ms. Memory: 313344K Free: 243758K (78%)
----------------- Invoking toplevel() on ptolemy.moml.MoMLSimpleApplication@15ac2a54
----------------- Done invoking toplevel() on ptolemy.moml.MoMLSimpleApplication@15ac2a54
reloadAllAccessors: .SinusoidWithMultipleImpulses

===========================================================================================
----------------- testing Tue Oct 08 05:50:42 UTC 2019 /home/travis/build/icyphy/ptII/ptolemy/domains/continuous/test/auto/SquareWave.xml
----------------- Instantiating /home/travis/build/icyphy/ptII/ptolemy/domains/continuous/test/auto/SquareWave.xml
180 ms. Memory: 313344K Free: 216110K (69%)
----------------- Invoking toplevel() on ptolemy.moml.MoMLSimpleApplication@2d999a68
----------------- Done invoking toplevel() on ptolemy.moml.MoMLSimpleApplication@2d999a68
reloadAllAccessors: .SquareWave

===========================================================================================
----------------- testing Tue Oct 08 05:50:42 UTC 2019 /home/travis/build/icyphy/ptII/ptolemy/domains/continuous/test/auto/Starmac.xml
----------------- Instantiating /home/travis/build/icyphy/ptII/ptolemy/domains/continuous/test/auto/Starmac.xml
3083 ms. Memory: 313344K Free: 274132K (87%)
----------------- Invoking toplevel() on ptolemy.moml.MoMLSimpleApplication@384d5c30
----------------- Done invoking toplevel() on ptolemy.moml.MoMLSimpleApplication@384d5c30
reloadAllAccessors: .Starmac

===========================================================================================
----------------- testing Tue Oct 08 05:50:46 UTC 2019 /home/travis/build/icyphy/ptII/ptolemy/domains/continuous/test/auto/StaticUnits.xml
----------------- Instantiating /home/travis/build/icyphy/ptII/ptolemy/domains/continuous/test/auto/StaticUnits.xml
2159 ms. Memory: 313344K Free: 189570K (60%)
----------------- Invoking toplevel() on ptolemy.moml.MoMLSimpleApplication@25321693
----------------- Done invoking toplevel() on ptolemy.moml.MoMLSimpleApplication@25321693
reloadAllAccessors: .StaticUnits

===========================================================================================
----------------- testing Tue Oct 08 05:50:48 UTC 2019 /home/travis/build/icyphy/ptII/ptolemy/domains/continuous/test/auto/StickyMasses.xml
----------------- Instantiating /home/travis/build/icyphy/ptII/ptolemy/domains/continuous/test/auto/StickyMasses.xml
177 ms. Memory: 313344K Free: 139908K (45%)
----------------- Invoking toplevel() on ptolemy.moml.MoMLSimpleApplication@598b25aa
----------------- Done invoking toplevel() on ptolemy.moml.MoMLSimpleApplication@598b25aa
reloadAllAccessors: .StickyMasses

===========================================================================================
----------------- testing Tue Oct 08 05:50:49 UTC 2019 /home/travis/build/icyphy/ptII/ptolemy/domains/continuous/test/auto/StopTime.xml
----------------- Instantiating /home/travis/build/icyphy/ptII/ptolemy/domains/continuous/test/auto/StopTime.xml
42 ms. Memory: 313344K Free: 114803K (37%)
----------------- Invoking toplevel() on ptolemy.moml.MoMLSimpleApplication@6b4bfe44
----------------- Done invoking toplevel() on ptolemy.moml.MoMLSimpleApplication@6b4bfe44
reloadAllAccessors: .StopTime

===========================================================================================
----------------- testing Tue Oct 08 05:50:49 UTC 2019 /home/travis/build/icyphy/ptII/ptolemy/domains/continuous/test/auto/StopTime2.xml
----------------- Instantiating /home/travis/build/icyphy/ptII/ptolemy/domains/continuous/test/auto/StopTime2.xml
36 ms. Memory: 313344K Free: 274559K (88%)
----------------- Invoking toplevel() on ptolemy.moml.MoMLSimpleApplication@44e88250
----------------- Done invoking toplevel() on ptolemy.moml.MoMLSimpleApplication@44e88250
reloadAllAccessors: .StopTime2

===========================================================================================
----------------- testing Tue Oct 08 05:50:49 UTC 2019 /home/travis/build/icyphy/ptII/ptolemy/domains/continuous/test/auto/Switch.xml
----------------- Instantiating /home/travis/build/icyphy/ptII/ptolemy/domains/continuous/test/auto/Switch.xml
43 ms. Memory: 313344K Free: 249455K (80%)
----------------- Invoking toplevel() on ptolemy.moml.MoMLSimpleApplication@682109d3
----------------- Done invoking toplevel() on ptolemy.moml.MoMLSimpleApplication@682109d3
reloadAllAccessors: .Switch

===========================================================================================
----------------- testing Tue Oct 08 05:50:49 UTC 2019 /home/travis/build/icyphy/ptII/ptolemy/domains/continuous/test/auto/Thermostat.xml
----------------- Instantiating /home/travis/build/icyphy/ptII/ptolemy/domains/continuous/test/auto/Thermostat.xml
193 ms. Memory: 313344K Free: 178303K (57%)
----------------- Invoking toplevel() on ptolemy.moml.MoMLSimpleApplication@783365a8
----------------- Done invoking toplevel() on ptolemy.moml.MoMLSimpleApplication@783365a8
reloadAllAccessors: .Thermostat

===========================================================================================
----------------- testing Tue Oct 08 05:50:49 UTC 2019 /home/travis/build/icyphy/ptII/ptolemy/domains/continuous/test/auto/TimeDelay.xml
----------------- Instantiating /home/travis/build/icyphy/ptII/ptolemy/domains/continuous/test/auto/TimeDelay.xml
6 ms. Memory: 313344K Free: 173183K (55%)
----------------- Invoking toplevel() on ptolemy.moml.MoMLSimpleApplication@7333792e
----------------- Done invoking toplevel() on ptolemy.moml.MoMLSimpleApplication@7333792e
reloadAllAccessors: .TimeDelay

===========================================================================================
----------------- testing Tue Oct 08 05:50:49 UTC 2019 /home/travis/build/icyphy/ptII/ptolemy/domains/continuous/test/auto/TimeDelay2.xml
----------------- Instantiating /home/travis/build/icyphy/ptII/ptolemy/domains/continuous/test/auto/TimeDelay2.xml
8 ms. Memory: 313344K Free: 163453K (52%)
----------------- Invoking toplevel() on ptolemy.moml.MoMLSimpleApplication@123c6f68
----------------- Done invoking toplevel() on ptolemy.moml.MoMLSimpleApplication@123c6f68
reloadAllAccessors: .TimeDelay2

===========================================================================================
----------------- testing Tue Oct 08 05:50:49 UTC 2019 /home/travis/build/icyphy/ptII/ptolemy/domains/continuous/test/auto/TimeDelay3.xml
----------------- Instantiating /home/travis/build/icyphy/ptII/ptolemy/domains/continuous/test/auto/TimeDelay3.xml
5 ms. Memory: 313344K Free: 158845K (51%)
----------------- Invoking toplevel() on ptolemy.moml.MoMLSimpleApplication@3c82b816
----------------- Done invoking toplevel() on ptolemy.moml.MoMLSimpleApplication@3c82b816
reloadAllAccessors: .TimeDelay3

===========================================================================================
----------------- testing Tue Oct 08 05:50:49 UTC 2019 /home/travis/build/icyphy/ptII/ptolemy/domains/continuous/test/auto/TransferAbsentToInside.xml
----------------- Instantiating /home/travis/build/icyphy/ptII/ptolemy/domains/continuous/test/auto/TransferAbsentToInside.xml
45 ms. Memory: 313344K Free: 286402K (91%)
----------------- Invoking toplevel() on ptolemy.moml.MoMLSimpleApplication@4c1e6a10
----------------- Done invoking toplevel() on ptolemy.moml.MoMLSimpleApplication@4c1e6a10
reloadAllAccessors: .TransferAbsentToInside

===========================================================================================
----------------- testing Tue Oct 08 05:50:49 UTC 2019 /home/travis/build/icyphy/ptII/ptolemy/domains/continuous/test/auto/Transmission.xml
----------------- Instantiating /home/travis/build/icyphy/ptII/ptolemy/domains/continuous/test/auto/Transmission.xml
838 ms. Memory: 313344K Free: 241774K (77%)
----------------- Invoking toplevel() on ptolemy.moml.MoMLSimpleApplication@5e62c4a8
----------------- Done invoking toplevel() on ptolemy.moml.MoMLSimpleApplication@5e62c4a8
reloadAllAccessors: .Transmission

===========================================================================================
----------------- testing Tue Oct 08 05:50:50 UTC 2019 /home/travis/build/icyphy/ptII/ptolemy/domains/continuous/test/auto/TriggeredContinuousClock.xml
----------------- Instantiating /home/travis/build/icyphy/ptII/ptolemy/domains/continuous/test/auto/TriggeredContinuousClock.xml
38 ms. Memory: 313344K Free: 212558K (68%)
----------------- Invoking toplevel() on ptolemy.moml.MoMLSimpleApplication@5c7db3b4
----------------- Done invoking toplevel() on ptolemy.moml.MoMLSimpleApplication@5c7db3b4
reloadAllAccessors: .TriggeredContinuousClock

===========================================================================================
----------------- testing Tue Oct 08 05:50:50 UTC 2019 /home/travis/build/icyphy/ptII/ptolemy/domains/continuous/test/auto/TwoMachineInfiniteBusControl.xml
----------------- Instantiating /home/travis/build/icyphy/ptII/ptolemy/domains/continuous/test/auto/TwoMachineInfiniteBusControl.xml
3330 ms. Memory: 376832K Free: 331164K (88%)
----------------- Invoking toplevel() on ptolemy.moml.MoMLSimpleApplication@42a34ea7
----------------- Done invoking toplevel() on ptolemy.moml.MoMLSimpleApplication@42a34ea7
reloadAllAccessors: .TwoMachineInfiniteBusControl

===========================================================================================
----------------- testing Tue Oct 08 05:50:54 UTC 2019 /home/travis/build/icyphy/ptII/ptolemy/domains/continuous/test/auto/V2V.xml
----------------- Instantiating /home/travis/build/icyphy/ptII/ptolemy/domains/continuous/test/auto/V2V.xml
814 ms. Memory: 376832K Free: 146316K (39%)
----------------- Invoking toplevel() on ptolemy.moml.MoMLSimpleApplication@2bdbcafe
----------------- Done invoking toplevel() on ptolemy.moml.MoMLSimpleApplication@2bdbcafe
reloadAllAccessors: .V2V

===========================================================================================
----------------- testing Tue Oct 08 05:50:55 UTC 2019 /home/travis/build/icyphy/ptII/ptolemy/domains/continuous/test/auto/hierarchicalModalModel.xml
----------------- Instantiating /home/travis/build/icyphy/ptII/ptolemy/domains/continuous/test/auto/hierarchicalModalModel.xml
7 ms. Memory: 376832K Free: 351280K (93%)
----------------- Invoking toplevel() on ptolemy.moml.MoMLSimpleApplication@799d5af
----------------- Done invoking toplevel() on ptolemy.moml.MoMLSimpleApplication@799d5af
reloadAllAccessors: .hierarchicalModalModel

===========================================================================================
----------------- testing Tue Oct 08 05:50:55 UTC 2019 /home/travis/build/icyphy/ptII/ptolemy/domains/continuous/test/auto/hierarchicalModalModel1.xml
----------------- Instantiating /home/travis/build/icyphy/ptII/ptolemy/domains/continuous/test/auto/hierarchicalModalModel1.xml
10 ms. Memory: 376832K Free: 336944K (89%)
----------------- Invoking toplevel() on ptolemy.moml.MoMLSimpleApplication@176d4f6f
----------------- Done invoking toplevel() on ptolemy.moml.MoMLSimpleApplication@176d4f6f
reloadAllAccessors: .hierarchicalModalModel1

===========================================================================================
----------------- testing Tue Oct 08 05:50:55 UTC 2019 /home/travis/build/icyphy/ptII/ptolemy/domains/continuous/test/auto/hierarchicalModalModel2.xml
----------------- Instantiating /home/travis/build/icyphy/ptII/ptolemy/domains/continuous/test/auto/hierarchicalModalModel2.xml
6 ms. Memory: 376832K Free: 324656K (86%)
----------------- Invoking toplevel() on ptolemy.moml.MoMLSimpleApplication@6f59639
----------------- Done invoking toplevel() on ptolemy.moml.MoMLSimpleApplication@6f59639
reloadAllAccessors: .hierarchicalModalModel2

===========================================================================================
----------------- testing Tue Oct 08 05:50:55 UTC 2019 /home/travis/build/icyphy/ptII/ptolemy/domains/continuous/test/auto/hierarchicalModalModel3.xml
----------------- Instantiating /home/travis/build/icyphy/ptII/ptolemy/domains/continuous/test/auto/hierarchicalModalModel3.xml
5 ms. Memory: 376832K Free: 313906K (83%)
----------------- Invoking toplevel() on ptolemy.moml.MoMLSimpleApplication@7c8b19d1
----------------- Done invoking toplevel() on ptolemy.moml.MoMLSimpleApplication@7c8b19d1
reloadAllAccessors: .hierarchicalModalModel3

===========================================================================================
----------------- testing Tue Oct 08 05:50:55 UTC 2019 /home/travis/build/icyphy/ptII/ptolemy/domains/continuous/test/auto/hierarchicalModalModel4.xml
----------------- Instantiating /home/travis/build/icyphy/ptII/ptolemy/domains/continuous/test/auto/hierarchicalModalModel4.xml
9 ms. Memory: 376832K Free: 302128K (80%)
----------------- Invoking toplevel() on ptolemy.moml.MoMLSimpleApplication@1d6b1074
----------------- Done invoking toplevel() on ptolemy.moml.MoMLSimpleApplication@1d6b1074
reloadAllAccessors: .hierarchicalModalModel4

===========================================================================================
----------------- testing Tue Oct 08 05:50:55 UTC 2019 /home/travis/build/icyphy/ptII/ptolemy/domains/continuous/test/auto/junk.xml
----------------- Instantiating /home/travis/build/icyphy/ptII/ptolemy/domains/continuous/test/auto/junk.xml
145 ms. Memory: 376832K Free: 274994K (73%)
----------------- Invoking toplevel() on ptolemy.moml.MoMLSimpleApplication@d89081c
----------------- Done invoking toplevel() on ptolemy.moml.MoMLSimpleApplication@d89081c
reloadAllAccessors: .junk
AutoTests.java: About to close Vertx.
AutoTests.java: Vertx closed.
]]></system-out>
  <system-err><![CDATA[Warning: '.HysteresisWithRandomDelay.NonStrictTest3' The test produced only 19 tokens, yet the correctValues parameter was expecting 30 tokens.
Warning: '.IncreasingRatePoisson.NonStrictTest' The test produced only 388 tokens, yet the correctValues parameter was expecting 402 tokens.
Warning: '.Poisson.NonStrictTest' The test produced only 422 tokens, yet the correctValues parameter was expecting 430 tokens.
]]></system-err>
</testsuite>
