<?xml version="1.0" encoding="UTF-8" ?>
<testsuite errors="0" failures="0" hostname="travis-job-2239e22f-d935-42a3-8517-f49653a639f0" name="ptolemy.actor.lib.hoc.test.junit.JUnitTclTest" skipped="0" tests="58" time="30.557" timestamp="2020-10-14T15:46:20">
  <properties>
[...]
</properties>
  <testcase classname="ptolemy.util.test.junit.TclTests" name="[0] /home/travis/build/icyphy/ptII/ptolemy/actor/lib/hoc/test/IterateOverArray.tcl (RunTclFile)" time="0.255" />
  <testcase classname="ptolemy.util.test.junit.AutoKnownFailedTests" name="[0] /home/travis/build/icyphy/ptII/ptolemy/actor/lib/hoc/test/auto/knownFailedTests/PreinitializeMustBeInvokedRunComposite.xml (RunModel)" time="0.415" />
  <testcase classname="ptolemy.util.test.junit.AutoNameArchTests" name="[0] ThereAreNoAutoArchTests (RunModel)" time="0.006" />
  <testcase classname="ptolemy.util.test.junit.AutoTests" name="[0] /home/travis/build/icyphy/ptII/ptolemy/actor/lib/hoc/test/auto/AllToAllMultiInstanceComposite.xml (RunModel)" time="0.367" />
  <testcase classname="ptolemy.util.test.junit.AutoTests" name="[1] /home/travis/build/icyphy/ptII/ptolemy/actor/lib/hoc/test/auto/ApplyFFTTest.xml (RunModel)" time="0.355" />
  <testcase classname="ptolemy.util.test.junit.AutoTests" name="[2] /home/travis/build/icyphy/ptII/ptolemy/actor/lib/hoc/test/auto/ApplyFunction.xml (RunModel)" time="0.024" />
  <testcase classname="ptolemy.util.test.junit.AutoTests" name="[3] /home/travis/build/icyphy/ptII/ptolemy/actor/lib/hoc/test/auto/BackgroundExecution.xml (RunModel)" time="0.752" />
  <testcase classname="ptolemy.util.test.junit.AutoTests" name="[4] /home/travis/build/icyphy/ptII/ptolemy/actor/lib/hoc/test/auto/Case.xml (RunModel)" time="0.057" />
  <testcase classname="ptolemy.util.test.junit.AutoTests" name="[5] /home/travis/build/icyphy/ptII/ptolemy/actor/lib/hoc/test/auto/Case1.xml (RunModel)" time="0.076" />
  <testcase classname="ptolemy.util.test.junit.AutoTests" name="[6] /home/travis/build/icyphy/ptII/ptolemy/actor/lib/hoc/test/auto/Case2.xml (RunModel)" time="0.11" />
  <testcase classname="ptolemy.util.test.junit.AutoTests" name="[7] /home/travis/build/icyphy/ptII/ptolemy/actor/lib/hoc/test/auto/Case3.xml (RunModel)" time="0.042" />
  <testcase classname="ptolemy.util.test.junit.AutoTests" name="[8] /home/travis/build/icyphy/ptII/ptolemy/actor/lib/hoc/test/auto/Case4.xml (RunModel)" time="0.077" />
  <testcase classname="ptolemy.util.test.junit.AutoTests" name="[9] /home/travis/build/icyphy/ptII/ptolemy/actor/lib/hoc/test/auto/Case5.xml (RunModel)" time="0.075" />
  <testcase classname="ptolemy.util.test.junit.AutoTests" name="[10] /home/travis/build/icyphy/ptII/ptolemy/actor/lib/hoc/test/auto/Case6.xml (RunModel)" time="0.07" />
  <testcase classname="ptolemy.util.test.junit.AutoTests" name="[11] /home/travis/build/icyphy/ptII/ptolemy/actor/lib/hoc/test/auto/CaseString2.xml (RunModel)" time="0.06" />
  <testcase classname="ptolemy.util.test.junit.AutoTests" name="[12] /home/travis/build/icyphy/ptII/ptolemy/actor/lib/hoc/test/auto/CatchUpComposite1.xml (RunModel)" time="0.08" />
  <testcase classname="ptolemy.util.test.junit.AutoTests" name="[13] /home/travis/build/icyphy/ptII/ptolemy/actor/lib/hoc/test/auto/CatchUpComposite2.xml (RunModel)" time="0.081" />
  <testcase classname="ptolemy.util.test.junit.AutoTests" name="[14] /home/travis/build/icyphy/ptII/ptolemy/actor/lib/hoc/test/auto/CatchUpComposite3.xml (RunModel)" time="0.064" />
  <testcase classname="ptolemy.util.test.junit.AutoTests" name="[15] /home/travis/build/icyphy/ptII/ptolemy/actor/lib/hoc/test/auto/CatchUpComposite4.xml (RunModel)" time="0.06" />
  <testcase classname="ptolemy.util.test.junit.AutoTests" name="[16] /home/travis/build/icyphy/ptII/ptolemy/actor/lib/hoc/test/auto/CatchUpComposite5.xml (RunModel)" time="0.038" />
  <testcase classname="ptolemy.util.test.junit.AutoTests" name="[17] /home/travis/build/icyphy/ptII/ptolemy/actor/lib/hoc/test/auto/CatchUpComposite6.xml (RunModel)" time="0.172" />
  <testcase classname="ptolemy.util.test.junit.AutoTests" name="[18] /home/travis/build/icyphy/ptII/ptolemy/actor/lib/hoc/test/auto/CatchUpComposite7.xml (RunModel)" time="0.063" />
  <testcase classname="ptolemy.util.test.junit.AutoTests" name="[19] /home/travis/build/icyphy/ptII/ptolemy/actor/lib/hoc/test/auto/ConcurrentExecutionTimeSDF.xml (RunModel)" time="1.538" />
  <testcase classname="ptolemy.util.test.junit.AutoTests" name="[20] /home/travis/build/icyphy/ptII/ptolemy/actor/lib/hoc/test/auto/ConcurrentSleep.xml (RunModel)" time="0.754" />
  <testcase classname="ptolemy.util.test.junit.AutoTests" name="[21] /home/travis/build/icyphy/ptII/ptolemy/actor/lib/hoc/test/auto/DEInPNInRunCompositeActor.xml (RunModel)" time="0.027" />
  <testcase classname="ptolemy.util.test.junit.AutoTests" name="[22] /home/travis/build/icyphy/ptII/ptolemy/actor/lib/hoc/test/auto/DFTSubSetTest.xml (RunModel)" time="0.248" />
  <testcase classname="ptolemy.util.test.junit.AutoTests" name="[23] /home/travis/build/icyphy/ptII/ptolemy/actor/lib/hoc/test/auto/HocDE.xml (RunModel)" time="0.177" />
  <testcase classname="ptolemy.util.test.junit.AutoTests" name="[24] /home/travis/build/icyphy/ptII/ptolemy/actor/lib/hoc/test/auto/IterateOverArray.xml (RunModel)" time="0.022" />
  <testcase classname="ptolemy.util.test.junit.AutoTests" name="[25] /home/travis/build/icyphy/ptII/ptolemy/actor/lib/hoc/test/auto/IterateOverArray10.xml (RunModel)" time="0.021" />
  <testcase classname="ptolemy.util.test.junit.AutoTests" name="[26] /home/travis/build/icyphy/ptII/ptolemy/actor/lib/hoc/test/auto/IterateOverArray11.xml (RunModel)" time="0.021" />
  <testcase classname="ptolemy.util.test.junit.AutoTests" name="[27] /home/travis/build/icyphy/ptII/ptolemy/actor/lib/hoc/test/auto/IterateOverArray12.xml (RunModel)" time="0.023" />
  <testcase classname="ptolemy.util.test.junit.AutoTests" name="[28] /home/travis/build/icyphy/ptII/ptolemy/actor/lib/hoc/test/auto/IterateOverArray13.xml (RunModel)" time="0.148" />
  <testcase classname="ptolemy.util.test.junit.AutoTests" name="[29] /home/travis/build/icyphy/ptII/ptolemy/actor/lib/hoc/test/auto/IterateOverArray14.xml (RunModel)" time="0.134" />
  <testcase classname="ptolemy.util.test.junit.AutoTests" name="[30] /home/travis/build/icyphy/ptII/ptolemy/actor/lib/hoc/test/auto/IterateOverArray2.xml (RunModel)" time="0.026" />
  <testcase classname="ptolemy.util.test.junit.AutoTests" name="[31] /home/travis/build/icyphy/ptII/ptolemy/actor/lib/hoc/test/auto/IterateOverArray3.xml (RunModel)" time="0.036" />
  <testcase classname="ptolemy.util.test.junit.AutoTests" name="[32] /home/travis/build/icyphy/ptII/ptolemy/actor/lib/hoc/test/auto/IterateOverArray4.xml (RunModel)" time="0.027" />
  <testcase classname="ptolemy.util.test.junit.AutoTests" name="[33] /home/travis/build/icyphy/ptII/ptolemy/actor/lib/hoc/test/auto/IterateOverArray5.xml (RunModel)" time="0.019" />
  <testcase classname="ptolemy.util.test.junit.AutoTests" name="[34] /home/travis/build/icyphy/ptII/ptolemy/actor/lib/hoc/test/auto/IterateOverArray6.xml (RunModel)" time="0.016" />
  <testcase classname="ptolemy.util.test.junit.AutoTests" name="[35] /home/travis/build/icyphy/ptII/ptolemy/actor/lib/hoc/test/auto/IterateOverArray7.xml (RunModel)" time="0.018" />
  <testcase classname="ptolemy.util.test.junit.AutoTests" name="[36] /home/travis/build/icyphy/ptII/ptolemy/actor/lib/hoc/test/auto/IterateOverArray8.xml (RunModel)" time="0.018" />
  <testcase classname="ptolemy.util.test.junit.AutoTests" name="[37] /home/travis/build/icyphy/ptII/ptolemy/actor/lib/hoc/test/auto/IterateOverArray9.xml (RunModel)" time="0.024" />
  <testcase classname="ptolemy.util.test.junit.AutoTests" name="[38] /home/travis/build/icyphy/ptII/ptolemy/actor/lib/hoc/test/auto/IterateOverArrayCoercedOutputType.xml (RunModel)" time="0.046" />
  <testcase classname="ptolemy.util.test.junit.AutoTests" name="[39] /home/travis/build/icyphy/ptII/ptolemy/actor/lib/hoc/test/auto/IterateOverArrayInferredOutputType.xml (RunModel)" time="0.021" />
  <testcase classname="ptolemy.util.test.junit.AutoTests" name="[40] /home/travis/build/icyphy/ptII/ptolemy/actor/lib/hoc/test/auto/MobileFunctionTest.xml (RunModel)" time="0.02" />
  <testcase classname="ptolemy.util.test.junit.AutoTests" name="[41] /home/travis/build/icyphy/ptII/ptolemy/actor/lib/hoc/test/auto/MobileModelTest.xml (RunModel)" time="0.177" />
  <testcase classname="ptolemy.util.test.junit.AutoTests" name="[42] /home/travis/build/icyphy/ptII/ptolemy/actor/lib/hoc/test/auto/ModelReference.xml (RunModel)" time="0.05" />
  <testcase classname="ptolemy.util.test.junit.AutoTests" name="[43] /home/travis/build/icyphy/ptII/ptolemy/actor/lib/hoc/test/auto/ModelReference3.xml (RunModel)" time="0.037" />
  <testcase classname="ptolemy.util.test.junit.AutoTests" name="[44] /home/travis/build/icyphy/ptII/ptolemy/actor/lib/hoc/test/auto/ModelReference4.xml (RunModel)" time="10.031" />
  <testcase classname="ptolemy.util.test.junit.AutoTests" name="[45] /home/travis/build/icyphy/ptII/ptolemy/actor/lib/hoc/test/auto/MultiInstanceComposite.xml (RunModel)" time="0.052" />
  <testcase classname="ptolemy.util.test.junit.AutoTests" name="[46] /home/travis/build/icyphy/ptII/ptolemy/actor/lib/hoc/test/auto/MultiInstanceComposite2.xml (RunModel)" time="0.036" />
  <testcase classname="ptolemy.util.test.junit.AutoTests" name="[47] /home/travis/build/icyphy/ptII/ptolemy/actor/lib/hoc/test/auto/MulticoreExecution.xml (RunModel)" time="1.074" />
  <testcase classname="ptolemy.util.test.junit.AutoTests" name="[48] /home/travis/build/icyphy/ptII/ptolemy/actor/lib/hoc/test/auto/ParallelExecution.xml (RunModel)" time="0.937" />
  <testcase classname="ptolemy.util.test.junit.AutoTests" name="[49] /home/travis/build/icyphy/ptII/ptolemy/actor/lib/hoc/test/auto/RunCompositeActor.xml (RunModel)" time="0.029" />
  <testcase classname="ptolemy.util.test.junit.AutoTests" name="[50] /home/travis/build/icyphy/ptII/ptolemy/actor/lib/hoc/test/auto/RunCompositeActor2.xml (RunModel)" time="0.018" />
  <testcase classname="ptolemy.util.test.junit.AutoTests" name="[51] /home/travis/build/icyphy/ptII/ptolemy/actor/lib/hoc/test/auto/RunCompositeActor3.xml (RunModel)" time="0.014" />
  <testcase classname="ptolemy.util.test.junit.AutoTests" name="[52] /home/travis/build/icyphy/ptII/ptolemy/actor/lib/hoc/test/auto/RunCompositeActor4.xml (RunModel)" time="0.018" />
  <testcase classname="ptolemy.util.test.junit.AutoTests" name="[53] /home/travis/build/icyphy/ptII/ptolemy/actor/lib/hoc/test/auto/RunCompositeIterateOverArray.xml (RunModel)" time="0.031" />
  <testcase classname="ptolemy.util.test.junit.AutoTests" name="[54] /home/travis/build/icyphy/ptII/ptolemy/actor/lib/hoc/test/auto/ThreadedJS.xml (RunModel)" time="10.801" />
  <system-out><![CDATA[/home/travis/build/icyphy/ptII/ptolemy/actor/lib/hoc/test/IterateOverArray.tcl
testDefs.tcl: setting time out to 9000 seconds at Wed Oct 14 15:46:20 UTC 2020
10/14/20 03:46:20
Failed: 0  Total Tests: 2  ((Passed: 2, Newly Passed: 0)  Known Failed: 0) /home/travis/build/icyphy/ptII/ptolemy/actor/lib/hoc/test
----------------- testing (KnownFailure) /home/travis/build/icyphy/ptII/ptolemy/actor/lib/hoc/test/auto/knownFailedTests/PreinitializeMustBeInvokedRunComposite.xml
80 ms. Memory: 129024K Free: 86984K (67%)
Known Failure: java.lang.reflect.InvocationTargetException
No auto/linux-amd64/*.xml tests in /home/travis/build/icyphy/ptII/ptolemy/actor/lib/hoc/test
AutoTests.java: About to close Vertx.
AutoTests.java: Vertx closed.

===========================================================================================
----------------- testing Wed Oct 14 15:46:21 UTC 2020 /home/travis/build/icyphy/ptII/ptolemy/actor/lib/hoc/test/auto/AllToAllMultiInstanceComposite.xml
----------------- Instantiating /home/travis/build/icyphy/ptII/ptolemy/actor/lib/hoc/test/auto/AllToAllMultiInstanceComposite.xml
161 ms. Memory: 129024K Free: 107772K (84%)
----------------- Invoking toplevel() on ptolemy.moml.MoMLSimpleApplication@6fc1f2f7
----------------- Done invoking toplevel() on ptolemy.moml.MoMLSimpleApplication@6fc1f2f7
reloadAllAccessors: .AllToAllMultiInstanceComposite

===========================================================================================
----------------- testing Wed Oct 14 15:46:21 UTC 2020 /home/travis/build/icyphy/ptII/ptolemy/actor/lib/hoc/test/auto/ApplyFFTTest.xml
----------------- Instantiating /home/travis/build/icyphy/ptII/ptolemy/actor/lib/hoc/test/auto/ApplyFFTTest.xml
106 ms. Memory: 129024K Free: 88984K (69%)
----------------- Invoking toplevel() on ptolemy.moml.MoMLSimpleApplication@5b8b0a94
----------------- Done invoking toplevel() on ptolemy.moml.MoMLSimpleApplication@5b8b0a94
reloadAllAccessors: .ApplyFFTTest

===========================================================================================
----------------- testing Wed Oct 14 15:46:22 UTC 2020 /home/travis/build/icyphy/ptII/ptolemy/actor/lib/hoc/test/auto/ApplyFunction.xml
----------------- Instantiating /home/travis/build/icyphy/ptII/ptolemy/actor/lib/hoc/test/auto/ApplyFunction.xml
4 ms. Memory: 129024K Free: 86119K (67%)
----------------- Invoking toplevel() on ptolemy.moml.MoMLSimpleApplication@3383792f
----------------- Done invoking toplevel() on ptolemy.moml.MoMLSimpleApplication@3383792f
reloadAllAccessors: .ApplyFunction

===========================================================================================
----------------- testing Wed Oct 14 15:46:22 UTC 2020 /home/travis/build/icyphy/ptII/ptolemy/actor/lib/hoc/test/auto/BackgroundExecution.xml
----------------- Instantiating /home/travis/build/icyphy/ptII/ptolemy/actor/lib/hoc/test/auto/BackgroundExecution.xml
626 ms. Memory: 129024K Free: 108421K (84%)
----------------- Invoking toplevel() on ptolemy.moml.MoMLSimpleApplication@530c3b4a
----------------- Done invoking toplevel() on ptolemy.moml.MoMLSimpleApplication@530c3b4a
reloadAllAccessors: .BackgroundExecution

===========================================================================================
----------------- testing Wed Oct 14 15:46:23 UTC 2020 /home/travis/build/icyphy/ptII/ptolemy/actor/lib/hoc/test/auto/Case.xml
----------------- Instantiating /home/travis/build/icyphy/ptII/ptolemy/actor/lib/hoc/test/auto/Case.xml
25 ms. Memory: 129024K Free: 101191K (78%)
----------------- Invoking toplevel() on ptolemy.moml.MoMLSimpleApplication@14bd2484
----------------- Done invoking toplevel() on ptolemy.moml.MoMLSimpleApplication@14bd2484
reloadAllAccessors: .Case

===========================================================================================
----------------- testing Wed Oct 14 15:46:23 UTC 2020 /home/travis/build/icyphy/ptII/ptolemy/actor/lib/hoc/test/auto/Case1.xml
----------------- Instantiating /home/travis/build/icyphy/ptII/ptolemy/actor/lib/hoc/test/auto/Case1.xml
21 ms. Memory: 129024K Free: 94655K (73%)
----------------- Invoking toplevel() on ptolemy.moml.MoMLSimpleApplication@75bc5800
----------------- Done invoking toplevel() on ptolemy.moml.MoMLSimpleApplication@75bc5800
reloadAllAccessors: .Case1

===========================================================================================
----------------- testing Wed Oct 14 15:46:23 UTC 2020 /home/travis/build/icyphy/ptII/ptolemy/actor/lib/hoc/test/auto/Case2.xml
----------------- Instantiating /home/travis/build/icyphy/ptII/ptolemy/actor/lib/hoc/test/auto/Case2.xml
40 ms. Memory: 129024K Free: 84869K (66%)
----------------- Invoking toplevel() on ptolemy.moml.MoMLSimpleApplication@55cc8498
----------------- Done invoking toplevel() on ptolemy.moml.MoMLSimpleApplication@55cc8498
reloadAllAccessors: .Case2

===========================================================================================
----------------- testing Wed Oct 14 15:46:23 UTC 2020 /home/travis/build/icyphy/ptII/ptolemy/actor/lib/hoc/test/auto/Case3.xml
----------------- Instantiating /home/travis/build/icyphy/ptII/ptolemy/actor/lib/hoc/test/auto/Case3.xml
9 ms. Memory: 129024K Free: 78871K (61%)
----------------- Invoking toplevel() on ptolemy.moml.MoMLSimpleApplication@5c42eae8
----------------- Done invoking toplevel() on ptolemy.moml.MoMLSimpleApplication@5c42eae8
reloadAllAccessors: .Case3

===========================================================================================
----------------- testing Wed Oct 14 15:46:23 UTC 2020 /home/travis/build/icyphy/ptII/ptolemy/actor/lib/hoc/test/auto/Case4.xml
----------------- Instantiating /home/travis/build/icyphy/ptII/ptolemy/actor/lib/hoc/test/auto/Case4.xml
23 ms. Memory: 160768K Free: 139699K (87%)
----------------- Invoking toplevel() on ptolemy.moml.MoMLSimpleApplication@5c7c79c5
----------------- Done invoking toplevel() on ptolemy.moml.MoMLSimpleApplication@5c7c79c5
reloadAllAccessors: .Case4

===========================================================================================
----------------- testing Wed Oct 14 15:46:23 UTC 2020 /home/travis/build/icyphy/ptII/ptolemy/actor/lib/hoc/test/auto/Case5.xml
----------------- Instantiating /home/travis/build/icyphy/ptII/ptolemy/actor/lib/hoc/test/auto/Case5.xml
46 ms. Memory: 160768K Free: 132876K (83%)
----------------- Invoking toplevel() on ptolemy.moml.MoMLSimpleApplication@7b10cfe9
----------------- Done invoking toplevel() on ptolemy.moml.MoMLSimpleApplication@7b10cfe9
reloadAllAccessors: .junk

===========================================================================================
----------------- testing Wed Oct 14 15:46:23 UTC 2020 /home/travis/build/icyphy/ptII/ptolemy/actor/lib/hoc/test/auto/Case6.xml
----------------- Instantiating /home/travis/build/icyphy/ptII/ptolemy/actor/lib/hoc/test/auto/Case6.xml
24 ms. Memory: 160768K Free: 121298K (75%)
----------------- Invoking toplevel() on ptolemy.moml.MoMLSimpleApplication@5f3276d3
----------------- Done invoking toplevel() on ptolemy.moml.MoMLSimpleApplication@5f3276d3
reloadAllAccessors: .Case6

===========================================================================================
----------------- testing Wed Oct 14 15:46:23 UTC 2020 /home/travis/build/icyphy/ptII/ptolemy/actor/lib/hoc/test/auto/CaseString2.xml
----------------- Instantiating /home/travis/build/icyphy/ptII/ptolemy/actor/lib/hoc/test/auto/CaseString2.xml
15 ms. Memory: 160768K Free: 113704K (71%)
----------------- Invoking toplevel() on ptolemy.moml.MoMLSimpleApplication@3567f888
----------------- Done invoking toplevel() on ptolemy.moml.MoMLSimpleApplication@3567f888
reloadAllAccessors: .CaseString2

===========================================================================================
----------------- testing Wed Oct 14 15:46:23 UTC 2020 /home/travis/build/icyphy/ptII/ptolemy/actor/lib/hoc/test/auto/CatchUpComposite1.xml
----------------- Instantiating /home/travis/build/icyphy/ptII/ptolemy/actor/lib/hoc/test/auto/CatchUpComposite1.xml
28 ms. Memory: 160768K Free: 104914K (65%)
----------------- Invoking toplevel() on ptolemy.moml.MoMLSimpleApplication@614fcea
----------------- Done invoking toplevel() on ptolemy.moml.MoMLSimpleApplication@614fcea
reloadAllAccessors: .CatchUpComposite1

===========================================================================================
----------------- testing Wed Oct 14 15:46:23 UTC 2020 /home/travis/build/icyphy/ptII/ptolemy/actor/lib/hoc/test/auto/CatchUpComposite2.xml
----------------- Instantiating /home/travis/build/icyphy/ptII/ptolemy/actor/lib/hoc/test/auto/CatchUpComposite2.xml
14 ms. Memory: 160768K Free: 143732K (89%)
----------------- Invoking toplevel() on ptolemy.moml.MoMLSimpleApplication@4dc2e5a5
----------------- Done invoking toplevel() on ptolemy.moml.MoMLSimpleApplication@4dc2e5a5
reloadAllAccessors: .CatchUpComposite2

===========================================================================================
----------------- testing Wed Oct 14 15:46:23 UTC 2020 /home/travis/build/icyphy/ptII/ptolemy/actor/lib/hoc/test/auto/CatchUpComposite3.xml
----------------- Instantiating /home/travis/build/icyphy/ptII/ptolemy/actor/lib/hoc/test/auto/CatchUpComposite3.xml
27 ms. Memory: 160768K Free: 135154K (84%)
----------------- Invoking toplevel() on ptolemy.moml.MoMLSimpleApplication@2e439b16
----------------- Done invoking toplevel() on ptolemy.moml.MoMLSimpleApplication@2e439b16
reloadAllAccessors: .CatchUpComposite3

===========================================================================================
----------------- testing Wed Oct 14 15:46:23 UTC 2020 /home/travis/build/icyphy/ptII/ptolemy/actor/lib/hoc/test/auto/CatchUpComposite4.xml
----------------- Instantiating /home/travis/build/icyphy/ptII/ptolemy/actor/lib/hoc/test/auto/CatchUpComposite4.xml
17 ms. Memory: 160768K Free: 126963K (79%)
----------------- Invoking toplevel() on ptolemy.moml.MoMLSimpleApplication@230e4acf
----------------- Done invoking toplevel() on ptolemy.moml.MoMLSimpleApplication@230e4acf
reloadAllAccessors: .CatchUpComposite4

===========================================================================================
----------------- testing Wed Oct 14 15:46:23 UTC 2020 /home/travis/build/icyphy/ptII/ptolemy/actor/lib/hoc/test/auto/CatchUpComposite5.xml
----------------- Instantiating /home/travis/build/icyphy/ptII/ptolemy/actor/lib/hoc/test/auto/CatchUpComposite5.xml
10 ms. Memory: 160768K Free: 119156K (74%)
----------------- Invoking toplevel() on ptolemy.moml.MoMLSimpleApplication@5dc7fe3e
----------------- Done invoking toplevel() on ptolemy.moml.MoMLSimpleApplication@5dc7fe3e
reloadAllAccessors: .CatchUpComposite5

===========================================================================================
----------------- testing Wed Oct 14 15:46:23 UTC 2020 /home/travis/build/icyphy/ptII/ptolemy/actor/lib/hoc/test/auto/CatchUpComposite6.xml
----------------- Instantiating /home/travis/build/icyphy/ptII/ptolemy/actor/lib/hoc/test/auto/CatchUpComposite6.xml
WARNING: The execution aspects in this model can influence the timing of actors by delaying the 
execution, potentially changing the behavior. There is no guarantee that actors fire at the 
time they request to be fired. 
Use Ptides for deterministic DE behavior that is not influenced by execution aspects. 

92 ms. Memory: 160768K Free: 104435K (65%)
----------------- Invoking toplevel() on ptolemy.moml.MoMLSimpleApplication@5dde6b7b
----------------- Done invoking toplevel() on ptolemy.moml.MoMLSimpleApplication@5dde6b7b
reloadAllAccessors: .CatchUpComposite6

===========================================================================================
----------------- testing Wed Oct 14 15:46:24 UTC 2020 /home/travis/build/icyphy/ptII/ptolemy/actor/lib/hoc/test/auto/CatchUpComposite7.xml
----------------- Instantiating /home/travis/build/icyphy/ptII/ptolemy/actor/lib/hoc/test/auto/CatchUpComposite7.xml
WARNING: The execution aspects in this model can influence the timing of actors by delaying the 
execution, potentially changing the behavior. There is no guarantee that actors fire at the 
time they request to be fired. 
Use Ptides for deterministic DE behavior that is not influenced by execution aspects. 

20 ms. Memory: 160768K Free: 90755K (56%)
----------------- Invoking toplevel() on ptolemy.moml.MoMLSimpleApplication@746c06c0
----------------- Done invoking toplevel() on ptolemy.moml.MoMLSimpleApplication@746c06c0
reloadAllAccessors: .CatchUpComposite7

===========================================================================================
----------------- testing Wed Oct 14 15:46:24 UTC 2020 /home/travis/build/icyphy/ptII/ptolemy/actor/lib/hoc/test/auto/ConcurrentExecutionTimeSDF.xml
----------------- Instantiating /home/travis/build/icyphy/ptII/ptolemy/actor/lib/hoc/test/auto/ConcurrentExecutionTimeSDF.xml
Fired ExecutionTime: 40400000
Fired ExecutionTime: 40400000
Fired ExecutionTime: 40400000
Fired ExecutionTime: 40400000
Fired ExecutionTime: 40400000
Fired ExecutionTime: 40400000
Fired ExecutionTime: 40400000
Fired ExecutionTime: 40400000
Fired ExecutionTime: 40400000
Fired ExecutionTime: 40400000
Fired ExecutionTime: 40400000
Fired ExecutionTime: 40400000
Fired ExecutionTime: 40400000
Fired ExecutionTime: 40400000
Fired ExecutionTime: 40400000
Fired ExecutionTime: 40400000
Fired ExecutionTime: 40400000
Fired ExecutionTime: 40400000
Fired ExecutionTime: 40400000
Fired ExecutionTime: 40400000
1509 ms. Memory: 160768K Free: 140175K (87%)
----------------- Invoking toplevel() on ptolemy.moml.MoMLSimpleApplication@2896db17
----------------- Done invoking toplevel() on ptolemy.moml.MoMLSimpleApplication@2896db17
reloadAllAccessors: .ConcurrentExecutionTimeSDF

===========================================================================================
----------------- testing Wed Oct 14 15:46:25 UTC 2020 /home/travis/build/icyphy/ptII/ptolemy/actor/lib/hoc/test/auto/ConcurrentSleep.xml
----------------- Instantiating /home/travis/build/icyphy/ptII/ptolemy/actor/lib/hoc/test/auto/ConcurrentSleep.xml
720 ms. Memory: 160768K Free: 129471K (81%)
----------------- Invoking toplevel() on ptolemy.moml.MoMLSimpleApplication@5ae44dfe
----------------- Done invoking toplevel() on ptolemy.moml.MoMLSimpleApplication@5ae44dfe
reloadAllAccessors: .ConcurrentSleep

===========================================================================================
----------------- testing Wed Oct 14 15:46:26 UTC 2020 /home/travis/build/icyphy/ptII/ptolemy/actor/lib/hoc/test/auto/DEInPNInRunCompositeActor.xml
----------------- Instantiating /home/travis/build/icyphy/ptII/ptolemy/actor/lib/hoc/test/auto/DEInPNInRunCompositeActor.xml
11 ms. Memory: 160768K Free: 123297K (77%)
----------------- Invoking toplevel() on ptolemy.moml.MoMLSimpleApplication@4e727ad4
----------------- Done invoking toplevel() on ptolemy.moml.MoMLSimpleApplication@4e727ad4
reloadAllAccessors: .DEInPNInRunCompositeActor

===========================================================================================
----------------- testing Wed Oct 14 15:46:26 UTC 2020 /home/travis/build/icyphy/ptII/ptolemy/actor/lib/hoc/test/auto/DFTSubSetTest.xml
----------------- Instantiating /home/travis/build/icyphy/ptII/ptolemy/actor/lib/hoc/test/auto/DFTSubSetTest.xml
147 ms. Memory: 160768K Free: 80319K (50%)
----------------- Invoking toplevel() on ptolemy.moml.MoMLSimpleApplication@320954a0
----------------- Done invoking toplevel() on ptolemy.moml.MoMLSimpleApplication@320954a0
reloadAllAccessors: .DFTSubSetTest

===========================================================================================
----------------- testing Wed Oct 14 15:46:26 UTC 2020 /home/travis/build/icyphy/ptII/ptolemy/actor/lib/hoc/test/auto/HocDE.xml
----------------- Instantiating /home/travis/build/icyphy/ptII/ptolemy/actor/lib/hoc/test/auto/HocDE.xml
120 ms. Memory: 160768K Free: 125076K (78%)
----------------- Invoking toplevel() on ptolemy.moml.MoMLSimpleApplication@1d36c31
----------------- Done invoking toplevel() on ptolemy.moml.MoMLSimpleApplication@1d36c31
reloadAllAccessors: .HocDE

===========================================================================================
----------------- testing Wed Oct 14 15:46:26 UTC 2020 /home/travis/build/icyphy/ptII/ptolemy/actor/lib/hoc/test/auto/IterateOverArray.xml
----------------- Instantiating /home/travis/build/icyphy/ptII/ptolemy/actor/lib/hoc/test/auto/IterateOverArray.xml
5 ms. Memory: 160768K Free: 120466K (75%)
----------------- Invoking toplevel() on ptolemy.moml.MoMLSimpleApplication@2d00703c
----------------- Done invoking toplevel() on ptolemy.moml.MoMLSimpleApplication@2d00703c
reloadAllAccessors: .IterateOverArray

===========================================================================================
----------------- testing Wed Oct 14 15:46:26 UTC 2020 /home/travis/build/icyphy/ptII/ptolemy/actor/lib/hoc/test/auto/IterateOverArray10.xml
----------------- Instantiating /home/travis/build/icyphy/ptII/ptolemy/actor/lib/hoc/test/auto/IterateOverArray10.xml
3 ms. Memory: 160768K Free: 117394K (73%)
----------------- Invoking toplevel() on ptolemy.moml.MoMLSimpleApplication@5c023565
----------------- Done invoking toplevel() on ptolemy.moml.MoMLSimpleApplication@5c023565
reloadAllAccessors: .IterateOverArray10

===========================================================================================
----------------- testing Wed Oct 14 15:46:27 UTC 2020 /home/travis/build/icyphy/ptII/ptolemy/actor/lib/hoc/test/auto/IterateOverArray11.xml
----------------- Instantiating /home/travis/build/icyphy/ptII/ptolemy/actor/lib/hoc/test/auto/IterateOverArray11.xml
3 ms. Memory: 160768K Free: 113298K (70%)
----------------- Invoking toplevel() on ptolemy.moml.MoMLSimpleApplication@64b872c6
----------------- Done invoking toplevel() on ptolemy.moml.MoMLSimpleApplication@64b872c6
reloadAllAccessors: .IterateOverArray11

===========================================================================================
----------------- testing Wed Oct 14 15:46:27 UTC 2020 /home/travis/build/icyphy/ptII/ptolemy/actor/lib/hoc/test/auto/IterateOverArray12.xml
----------------- Instantiating /home/travis/build/icyphy/ptII/ptolemy/actor/lib/hoc/test/auto/IterateOverArray12.xml
10 ms. Memory: 160768K Free: 107154K (67%)
----------------- Invoking toplevel() on ptolemy.moml.MoMLSimpleApplication@957607a
----------------- Done invoking toplevel() on ptolemy.moml.MoMLSimpleApplication@957607a
reloadAllAccessors: .IterateOverArray12

===========================================================================================
----------------- testing Wed Oct 14 15:46:27 UTC 2020 /home/travis/build/icyphy/ptII/ptolemy/actor/lib/hoc/test/auto/IterateOverArray13.xml
----------------- Instantiating /home/travis/build/icyphy/ptII/ptolemy/actor/lib/hoc/test/auto/IterateOverArray13.xml
62 ms. Memory: 160768K Free: 78482K (49%)
----------------- Invoking toplevel() on ptolemy.moml.MoMLSimpleApplication@2ab04774
----------------- Done invoking toplevel() on ptolemy.moml.MoMLSimpleApplication@2ab04774
reloadAllAccessors: .IterateOverArray13

===========================================================================================
----------------- testing Wed Oct 14 15:46:27 UTC 2020 /home/travis/build/icyphy/ptII/ptolemy/actor/lib/hoc/test/auto/IterateOverArray14.xml
----------------- Instantiating /home/travis/build/icyphy/ptII/ptolemy/actor/lib/hoc/test/auto/IterateOverArray14.xml
58 ms. Memory: 160768K Free: 126383K (79%)
----------------- Invoking toplevel() on ptolemy.moml.MoMLSimpleApplication@56e96b69
----------------- Done invoking toplevel() on ptolemy.moml.MoMLSimpleApplication@56e96b69
reloadAllAccessors: .IterateOverArray14

===========================================================================================
----------------- testing Wed Oct 14 15:46:27 UTC 2020 /home/travis/build/icyphy/ptII/ptolemy/actor/lib/hoc/test/auto/IterateOverArray2.xml
----------------- Instantiating /home/travis/build/icyphy/ptII/ptolemy/actor/lib/hoc/test/auto/IterateOverArray2.xml
10 ms. Memory: 160768K Free: 121777K (76%)
----------------- Invoking toplevel() on ptolemy.moml.MoMLSimpleApplication@4b367a24
----------------- Done invoking toplevel() on ptolemy.moml.MoMLSimpleApplication@4b367a24
reloadAllAccessors: .IterateOverArray2

===========================================================================================
----------------- testing Wed Oct 14 15:46:27 UTC 2020 /home/travis/build/icyphy/ptII/ptolemy/actor/lib/hoc/test/auto/IterateOverArray3.xml
----------------- Instantiating /home/travis/build/icyphy/ptII/ptolemy/actor/lib/hoc/test/auto/IterateOverArray3.xml
9 ms. Memory: 160768K Free: 116143K (72%)
----------------- Invoking toplevel() on ptolemy.moml.MoMLSimpleApplication@f2f0b28
----------------- Done invoking toplevel() on ptolemy.moml.MoMLSimpleApplication@f2f0b28
reloadAllAccessors: .IterateOverArray3

===========================================================================================
----------------- testing Wed Oct 14 15:46:27 UTC 2020 /home/travis/build/icyphy/ptII/ptolemy/actor/lib/hoc/test/auto/IterateOverArray4.xml
----------------- Instantiating /home/travis/build/icyphy/ptII/ptolemy/actor/lib/hoc/test/auto/IterateOverArray4.xml
12 ms. Memory: 160768K Free: 111535K (69%)
----------------- Invoking toplevel() on ptolemy.moml.MoMLSimpleApplication@77b7b52
----------------- Done invoking toplevel() on ptolemy.moml.MoMLSimpleApplication@77b7b52
reloadAllAccessors: .IterateOverArray4

===========================================================================================
----------------- testing Wed Oct 14 15:46:27 UTC 2020 /home/travis/build/icyphy/ptII/ptolemy/actor/lib/hoc/test/auto/IterateOverArray5.xml
----------------- Instantiating /home/travis/build/icyphy/ptII/ptolemy/actor/lib/hoc/test/auto/IterateOverArray5.xml
3 ms. Memory: 160768K Free: 107441K (67%)
----------------- Invoking toplevel() on ptolemy.moml.MoMLSimpleApplication@2a823795
----------------- Done invoking toplevel() on ptolemy.moml.MoMLSimpleApplication@2a823795
reloadAllAccessors: .IterateOverArray5

===========================================================================================
----------------- testing Wed Oct 14 15:46:27 UTC 2020 /home/travis/build/icyphy/ptII/ptolemy/actor/lib/hoc/test/auto/IterateOverArray6.xml
----------------- Instantiating /home/travis/build/icyphy/ptII/ptolemy/actor/lib/hoc/test/auto/IterateOverArray6.xml
3 ms. Memory: 160768K Free: 103855K (65%)
----------------- Invoking toplevel() on ptolemy.moml.MoMLSimpleApplication@7cf9c442
----------------- Done invoking toplevel() on ptolemy.moml.MoMLSimpleApplication@7cf9c442
reloadAllAccessors: .IterateOverArray6

===========================================================================================
----------------- testing Wed Oct 14 15:46:27 UTC 2020 /home/travis/build/icyphy/ptII/ptolemy/actor/lib/hoc/test/auto/IterateOverArray7.xml
----------------- Instantiating /home/travis/build/icyphy/ptII/ptolemy/actor/lib/hoc/test/auto/IterateOverArray7.xml
4 ms. Memory: 160768K Free: 99249K (62%)
----------------- Invoking toplevel() on ptolemy.moml.MoMLSimpleApplication@25a32e42
----------------- Done invoking toplevel() on ptolemy.moml.MoMLSimpleApplication@25a32e42
reloadAllAccessors: .IterateOverArray7

===========================================================================================
----------------- testing Wed Oct 14 15:46:27 UTC 2020 /home/travis/build/icyphy/ptII/ptolemy/actor/lib/hoc/test/auto/IterateOverArray8.xml
----------------- Instantiating /home/travis/build/icyphy/ptII/ptolemy/actor/lib/hoc/test/auto/IterateOverArray8.xml
4 ms. Memory: 160768K Free: 95153K (59%)
----------------- Invoking toplevel() on ptolemy.moml.MoMLSimpleApplication@6a20c9c9
----------------- Done invoking toplevel() on ptolemy.moml.MoMLSimpleApplication@6a20c9c9
reloadAllAccessors: .IterateOverArray8

===========================================================================================
----------------- testing Wed Oct 14 15:46:27 UTC 2020 /home/travis/build/icyphy/ptII/ptolemy/actor/lib/hoc/test/auto/IterateOverArray9.xml
----------------- Instantiating /home/travis/build/icyphy/ptII/ptolemy/actor/lib/hoc/test/auto/IterateOverArray9.xml
5 ms. Memory: 160768K Free: 91057K (57%)
----------------- Invoking toplevel() on ptolemy.moml.MoMLSimpleApplication@44121b4b
----------------- Done invoking toplevel() on ptolemy.moml.MoMLSimpleApplication@44121b4b
reloadAllAccessors: .IterateOverArray9

===========================================================================================
----------------- testing Wed Oct 14 15:46:27 UTC 2020 /home/travis/build/icyphy/ptII/ptolemy/actor/lib/hoc/test/auto/IterateOverArrayCoercedOutputType.xml
----------------- Instantiating /home/travis/build/icyphy/ptII/ptolemy/actor/lib/hoc/test/auto/IterateOverArrayCoercedOutputType.xml
6 ms. Memory: 160768K Free: 85937K (53%)
----------------- Invoking toplevel() on ptolemy.moml.MoMLSimpleApplication@289dbf1
----------------- Done invoking toplevel() on ptolemy.moml.MoMLSimpleApplication@289dbf1
reloadAllAccessors: .IterateOverArrayCoercedOutputType

===========================================================================================
----------------- testing Wed Oct 14 15:46:27 UTC 2020 /home/travis/build/icyphy/ptII/ptolemy/actor/lib/hoc/test/auto/IterateOverArrayInferredOutputType.xml
----------------- Instantiating /home/travis/build/icyphy/ptII/ptolemy/actor/lib/hoc/test/auto/IterateOverArrayInferredOutputType.xml
7 ms. Memory: 160768K Free: 81327K (51%)
----------------- Invoking toplevel() on ptolemy.moml.MoMLSimpleApplication@3d656948
----------------- Done invoking toplevel() on ptolemy.moml.MoMLSimpleApplication@3d656948
reloadAllAccessors: .IterateOverArrayInferredOutputType

===========================================================================================
----------------- testing Wed Oct 14 15:46:27 UTC 2020 /home/travis/build/icyphy/ptII/ptolemy/actor/lib/hoc/test/auto/MobileFunctionTest.xml
----------------- Instantiating /home/travis/build/icyphy/ptII/ptolemy/actor/lib/hoc/test/auto/MobileFunctionTest.xml
3 ms. Memory: 160768K Free: 76721K (48%)
----------------- Invoking toplevel() on ptolemy.moml.MoMLSimpleApplication@66cb0f69
----------------- Done invoking toplevel() on ptolemy.moml.MoMLSimpleApplication@66cb0f69
reloadAllAccessors: .MobileFunctionTest

===========================================================================================
----------------- testing Wed Oct 14 15:46:27 UTC 2020 /home/travis/build/icyphy/ptII/ptolemy/actor/lib/hoc/test/auto/MobileModelTest.xml
----------------- Instantiating /home/travis/build/icyphy/ptII/ptolemy/actor/lib/hoc/test/auto/MobileModelTest.xml
154 ms. Memory: 160768K Free: 144530K (90%)
----------------- Invoking toplevel() on ptolemy.moml.MoMLSimpleApplication@5b827a14
----------------- Done invoking toplevel() on ptolemy.moml.MoMLSimpleApplication@5b827a14
reloadAllAccessors: .MobileModelTest

===========================================================================================
----------------- testing Wed Oct 14 15:46:27 UTC 2020 /home/travis/build/icyphy/ptII/ptolemy/actor/lib/hoc/test/auto/ModelReference.xml
----------------- Instantiating /home/travis/build/icyphy/ptII/ptolemy/actor/lib/hoc/test/auto/ModelReference.xml
2 ms. Memory: 160768K Free: 137797K (86%)
2 ms. Memory: 160768K Free: 137253K (85%)
3 ms. Memory: 160768K Free: 136245K (85%)
1 ms. Memory: 160768K Free: 135221K (84%)
1 ms. Memory: 160768K Free: 134725K (84%)
2 ms. Memory: 160768K Free: 133701K (83%)
2 ms. Memory: 160768K Free: 133173K (83%)
2 ms. Memory: 160768K Free: 132149K (82%)
2 ms. Memory: 160768K Free: 131125K (82%)
1 ms. Memory: 160768K Free: 130629K (81%)
24 ms. Memory: 160768K Free: 130629K (81%)
----------------- Invoking toplevel() on ptolemy.moml.MoMLSimpleApplication@530dee6a
----------------- Done invoking toplevel() on ptolemy.moml.MoMLSimpleApplication@530dee6a
reloadAllAccessors: .ModelReference

===========================================================================================
----------------- testing Wed Oct 14 15:46:27 UTC 2020 /home/travis/build/icyphy/ptII/ptolemy/actor/lib/hoc/test/auto/ModelReference3.xml
----------------- Instantiating /home/travis/build/icyphy/ptII/ptolemy/actor/lib/hoc/test/auto/ModelReference3.xml
1 ms. Memory: 160768K Free: 125989K (78%)
3 ms. Memory: 160768K Free: 125509K (78%)
1 ms. Memory: 160768K Free: 124485K (77%)
3 ms. Memory: 160768K Free: 123941K (77%)
2 ms. Memory: 160768K Free: 122933K (76%)
1 ms. Memory: 160768K Free: 121909K (76%)
3 ms. Memory: 160768K Free: 121413K (76%)
2 ms. Memory: 160768K Free: 120389K (75%)
1 ms. Memory: 160768K Free: 119861K (75%)
1 ms. Memory: 160768K Free: 118837K (74%)
26 ms. Memory: 160768K Free: 118837K (74%)
----------------- Invoking toplevel() on ptolemy.moml.MoMLSimpleApplication@16a57660
----------------- Done invoking toplevel() on ptolemy.moml.MoMLSimpleApplication@16a57660
reloadAllAccessors: .ModelReference3

===========================================================================================
----------------- testing Wed Oct 14 15:46:27 UTC 2020 /home/travis/build/icyphy/ptII/ptolemy/actor/lib/hoc/test/auto/ModelReference4.xml
----------------- Instantiating /home/travis/build/icyphy/ptII/ptolemy/actor/lib/hoc/test/auto/ModelReference4.xml
2 ms. Memory: 160768K Free: 114245K (71%)
2 ms. Memory: 160768K Free: 112701K (70%)
2 ms. Memory: 160768K Free: 111669K (69%)
4 ms. Memory: 160768K Free: 110659K (69%)
2 ms. Memory: 160768K Free: 109125K (68%)
2 ms. Memory: 160768K Free: 108101K (67%)
5 ms. Memory: 160768K Free: 106557K (66%)
2 ms. Memory: 160768K Free: 105525K (66%)
2 ms. Memory: 160768K Free: 104005K (65%)
2 ms. Memory: 160768K Free: 102981K (64%)
10015 ms. Memory: 160768K Free: 102981K (64%)
----------------- Invoking toplevel() on ptolemy.moml.MoMLSimpleApplication@575fe3c0
----------------- Done invoking toplevel() on ptolemy.moml.MoMLSimpleApplication@575fe3c0
reloadAllAccessors: .ModelReference4

===========================================================================================
----------------- testing Wed Oct 14 15:46:37 UTC 2020 /home/travis/build/icyphy/ptII/ptolemy/actor/lib/hoc/test/auto/MultiInstanceComposite.xml
----------------- Instantiating /home/travis/build/icyphy/ptII/ptolemy/actor/lib/hoc/test/auto/MultiInstanceComposite.xml
26 ms. Memory: 160768K Free: 84035K (52%)
----------------- Invoking toplevel() on ptolemy.moml.MoMLSimpleApplication@66ba4bba
----------------- Done invoking toplevel() on ptolemy.moml.MoMLSimpleApplication@66ba4bba
reloadAllAccessors: .MultiInstanceComposite

===========================================================================================
----------------- testing Wed Oct 14 15:46:37 UTC 2020 /home/travis/build/icyphy/ptII/ptolemy/actor/lib/hoc/test/auto/MultiInstanceComposite2.xml
----------------- Instantiating /home/travis/build/icyphy/ptII/ptolemy/actor/lib/hoc/test/auto/MultiInstanceComposite2.xml
19 ms. Memory: 160768K Free: 72771K (45%)
----------------- Invoking toplevel() on ptolemy.moml.MoMLSimpleApplication@855e16d
----------------- Done invoking toplevel() on ptolemy.moml.MoMLSimpleApplication@855e16d
reloadAllAccessors: .MultiInstanceComposite2

===========================================================================================
----------------- testing Wed Oct 14 15:46:38 UTC 2020 /home/travis/build/icyphy/ptII/ptolemy/actor/lib/hoc/test/auto/MulticoreExecution.xml
----------------- Instantiating /home/travis/build/icyphy/ptII/ptolemy/actor/lib/hoc/test/auto/MulticoreExecution.xml
Fired ExecutionTime: 3600000
Fired ExecutionTime: 2800000
Fired ExecutionTime: 3600000
Fired ExecutionTime: 2400000
Fired ExecutionTime: 60400000
Fired ExecutionTime: 66800000
Fired ExecutionTime: 104800000
Fired ExecutionTime: 112800000
Fired ExecutionTime: 108400000
Fired ExecutionTime: 108800000
Fired ExecutionTime: 108000000
Fired ExecutionTime: 108400000
Fired ExecutionTime: 107600000
Fired ExecutionTime: 108800000
Fired ExecutionTime: 108400000
Fired ExecutionTime: 108400000
Fired ExecutionTime: 108400000
Fired ExecutionTime: 108000000
Fired ExecutionTime: 108800000
Fired ExecutionTime: 108400000
1057 ms. Memory: 160768K Free: 63555K (40%)
----------------- Invoking toplevel() on ptolemy.moml.MoMLSimpleApplication@795d0587
----------------- Done invoking toplevel() on ptolemy.moml.MoMLSimpleApplication@795d0587
reloadAllAccessors: .MulticoreExecution

===========================================================================================
----------------- testing Wed Oct 14 15:46:39 UTC 2020 /home/travis/build/icyphy/ptII/ptolemy/actor/lib/hoc/test/auto/ParallelExecution.xml
----------------- Instantiating /home/travis/build/icyphy/ptII/ptolemy/actor/lib/hoc/test/auto/ParallelExecution.xml
919 ms. Memory: 160768K Free: 55877K (35%)
----------------- Invoking toplevel() on ptolemy.moml.MoMLSimpleApplication@36b9cf3c
----------------- Done invoking toplevel() on ptolemy.moml.MoMLSimpleApplication@36b9cf3c
reloadAllAccessors: .ParallelExecution

===========================================================================================
----------------- testing Wed Oct 14 15:46:40 UTC 2020 /home/travis/build/icyphy/ptII/ptolemy/actor/lib/hoc/test/auto/RunCompositeActor.xml
----------------- Instantiating /home/travis/build/icyphy/ptII/ptolemy/actor/lib/hoc/test/auto/RunCompositeActor.xml
18 ms. Memory: 160768K Free: 142198K (88%)
----------------- Invoking toplevel() on ptolemy.moml.MoMLSimpleApplication@6f3e0e85
----------------- Done invoking toplevel() on ptolemy.moml.MoMLSimpleApplication@6f3e0e85
reloadAllAccessors: .RunCompositeActor

===========================================================================================
----------------- testing Wed Oct 14 15:46:40 UTC 2020 /home/travis/build/icyphy/ptII/ptolemy/actor/lib/hoc/test/auto/RunCompositeActor2.xml
----------------- Instantiating /home/travis/build/icyphy/ptII/ptolemy/actor/lib/hoc/test/auto/RunCompositeActor2.xml
3 ms. Memory: 160768K Free: 136054K (85%)
----------------- Invoking toplevel() on ptolemy.moml.MoMLSimpleApplication@32a747e4
----------------- Done invoking toplevel() on ptolemy.moml.MoMLSimpleApplication@32a747e4
reloadAllAccessors: .RunCompositeActor2

===========================================================================================
----------------- testing Wed Oct 14 15:46:40 UTC 2020 /home/travis/build/icyphy/ptII/ptolemy/actor/lib/hoc/test/auto/RunCompositeActor3.xml
----------------- Instantiating /home/travis/build/icyphy/ptII/ptolemy/actor/lib/hoc/test/auto/RunCompositeActor3.xml
2 ms. Memory: 160768K Free: 130406K (81%)
----------------- Invoking toplevel() on ptolemy.moml.MoMLSimpleApplication@37d88eff
----------------- Done invoking toplevel() on ptolemy.moml.MoMLSimpleApplication@37d88eff
reloadAllAccessors: .RunCompositeActor3

===========================================================================================
----------------- testing Wed Oct 14 15:46:40 UTC 2020 /home/travis/build/icyphy/ptII/ptolemy/actor/lib/hoc/test/auto/RunCompositeActor4.xml
----------------- Instantiating /home/travis/build/icyphy/ptII/ptolemy/actor/lib/hoc/test/auto/RunCompositeActor4.xml
8 ms. Memory: 160768K Free: 122214K (76%)
----------------- Invoking toplevel() on ptolemy.moml.MoMLSimpleApplication@3158e54a
----------------- Done invoking toplevel() on ptolemy.moml.MoMLSimpleApplication@3158e54a
reloadAllAccessors: .RunCompositeActor4

===========================================================================================
----------------- testing Wed Oct 14 15:46:40 UTC 2020 /home/travis/build/icyphy/ptII/ptolemy/actor/lib/hoc/test/auto/RunCompositeIterateOverArray.xml
----------------- Instantiating /home/travis/build/icyphy/ptII/ptolemy/actor/lib/hoc/test/auto/RunCompositeIterateOverArray.xml
6 ms. Memory: 160768K Free: 116084K (72%)
----------------- Invoking toplevel() on ptolemy.moml.MoMLSimpleApplication@6b398ed1
----------------- Done invoking toplevel() on ptolemy.moml.MoMLSimpleApplication@6b398ed1
reloadAllAccessors: .RunCompositeIterateOverArray

===========================================================================================
----------------- testing Wed Oct 14 15:46:40 UTC 2020 /home/travis/build/icyphy/ptII/ptolemy/actor/lib/hoc/test/auto/ThreadedJS.xml
----------------- Instantiating /home/travis/build/icyphy/ptII/ptolemy/actor/lib/hoc/test/auto/ThreadedJS.xml
4904 ms. Memory: 232448K Free: 163475K (70%)
----------------- Invoking toplevel() on ptolemy.moml.MoMLSimpleApplication@78e6fb0a
----------------- Done invoking toplevel() on ptolemy.moml.MoMLSimpleApplication@78e6fb0a
reloadAllAccessors: .ThreadedJS
AutoTests.java: About to close Vertx.
AutoTests.java: Vertx closed.
]]></system-out>
  <system-err><![CDATA[java.lang.RuntimeException: Execution failed
	at ptolemy.moml.MoMLSimpleApplication$UnloadThread.run(MoMLSimpleApplication.java:402)
Caused by: ptolemy.kernel.util.IllegalActionException: initialize() was called after wrapup() was called but preinitialize() was not called after wrapup().
	at ptolemy.actor.lib.hoc.test.PreinitializeMustBeInvoked.initialize(PreinitializeMustBeInvoked.java:78)
	at ptolemy.actor.Director.initialize(Director.java:938)
	at ptolemy.actor.Director.initialize(Director.java:907)
	at ptolemy.actor.sched.StaticSchedulingDirector.initialize(StaticSchedulingDirector.java:159)
	at ptolemy.domains.sdf.kernel.SDFDirector.initialize(SDFDirector.java:544)
	at ptolemy.actor.CompositeActor.initialize(CompositeActor.java:935)
	at ptolemy.actor.lib.hoc.LifeCycleManager._executeInsideModel(LifeCycleManager.java:339)
	at ptolemy.actor.lib.hoc.RunCompositeActor.fire(RunCompositeActor.java:205)
	at ptolemy.actor.CompositeActor.iterate(CompositeActor.java:1146)
	at ptolemy.actor.sched.StaticSchedulingDirector.fire(StaticSchedulingDirector.java:216)
	at ptolemy.domains.sdf.kernel.SDFDirector.fire(SDFDirector.java:500)
	at ptolemy.actor.CompositeActor.fire(CompositeActor.java:455)
	at ptolemy.actor.Manager.iterate(Manager.java:851)
	at ptolemy.actor.Manager.execute(Manager.java:369)
	at ptolemy.actor.Manager.run(Manager.java:1263)
	at ptolemy.actor.Manager$PtolemyRunThread.run(Manager.java:1933)
java.lang.reflect.InvocationTargetException
	at java.base/jdk.internal.reflect.NativeConstructorAccessorImpl.newInstance0(Native Method)
	at java.base/jdk.internal.reflect.NativeConstructorAccessorImpl.newInstance(NativeConstructorAccessorImpl.java:62)
	at java.base/jdk.internal.reflect.DelegatingConstructorAccessorImpl.newInstance(DelegatingConstructorAccessorImpl.java:45)
	at java.base/java.lang.reflect.Constructor.newInstance(Constructor.java:490)
	at ptolemy.util.test.junit.AutoKnownFailedTests.RunModel(AutoKnownFailedTests.java:105)
	at java.base/jdk.internal.reflect.NativeMethodAccessorImpl.invoke0(Native Method)
	at java.base/jdk.internal.reflect.NativeMethodAccessorImpl.invoke(NativeMethodAccessorImpl.java:62)
	at java.base/jdk.internal.reflect.DelegatingMethodAccessorImpl.invoke(DelegatingMethodAccessorImpl.java:43)
	at java.base/java.lang.reflect.Method.invoke(Method.java:566)
	at org.junit.runners.model.FrameworkMethod$1.runReflectiveCall(FrameworkMethod.java:44)
	at org.junit.internal.runners.model.ReflectiveCallable.run(ReflectiveCallable.java:15)
	at org.junit.runners.model.FrameworkMethod.invokeExplosively(FrameworkMethod.java:41)
	at junitparams.internal.InvokeParameterisedMethod.evaluate(InvokeParameterisedMethod.java:102)
	at org.junit.internal.runners.statements.FailOnTimeout$1.run(FailOnTimeout.java:28)
Caused by: ptolemy.kernel.util.IllegalActionException: initialize() was called after wrapup() was called but preinitialize() was not called after wrapup().
	at ptolemy.actor.lib.hoc.test.PreinitializeMustBeInvoked.initialize(PreinitializeMustBeInvoked.java:78)
	at ptolemy.actor.Director.initialize(Director.java:938)
	at ptolemy.actor.Director.initialize(Director.java:907)
	at ptolemy.actor.sched.StaticSchedulingDirector.initialize(StaticSchedulingDirector.java:159)
	at ptolemy.domains.sdf.kernel.SDFDirector.initialize(SDFDirector.java:544)
	at ptolemy.actor.CompositeActor.initialize(CompositeActor.java:935)
	at ptolemy.actor.lib.hoc.LifeCycleManager._executeInsideModel(LifeCycleManager.java:339)
	at ptolemy.actor.lib.hoc.RunCompositeActor.fire(RunCompositeActor.java:205)
	at ptolemy.actor.CompositeActor.iterate(CompositeActor.java:1146)
	at ptolemy.actor.sched.StaticSchedulingDirector.fire(StaticSchedulingDirector.java:216)
	at ptolemy.domains.sdf.kernel.SDFDirector.fire(SDFDirector.java:500)
	at ptolemy.actor.CompositeActor.fire(CompositeActor.java:455)
	at ptolemy.actor.Manager.iterate(Manager.java:851)
	at ptolemy.actor.Manager.execute(Manager.java:369)
	at ptolemy.actor.Manager.run(Manager.java:1263)
	at ptolemy.actor.Manager$PtolemyRunThread.run(Manager.java:1933)
Warning: Nashorn engine is planned to be removed from a future JDK release
Warning: Nashorn engine is planned to be removed from a future JDK release
Warning: Nashorn engine is planned to be removed from a future JDK release
Warning: Nashorn engine is planned to be removed from a future JDK release
Warning: Nashorn engine is planned to be removed from a future JDK release
Warning: Nashorn engine is planned to be removed from a future JDK release
Warning: Nashorn engine is planned to be removed from a future JDK release
Warning: Nashorn engine is planned to be removed from a future JDK release
]]></system-err>
</testsuite>
