<?xml version="1.0" encoding="UTF-8" ?>
<testsuite errors="0" failures="0" hostname="travis-job-1b46b7fb-57c2-46c7-8a13-f6f174fb4656" name="ptolemy.domains.modal.test.junit.JUnitTclTest" skipped="0" tests="148" time="11.436" timestamp="2019-07-21T05:07:54">
  <properties>
[...]
</properties>
  <testcase classname="ptolemy.util.test.junit.TclTests" name="[0] /home/travis/build/icyphy/ptII/ptolemy/domains/modal/test/SystemLevelType.tcl (RunTclFile)" time="2.108" />
  <testcase classname="ptolemy.util.test.junit.AutoKnownFailedTests" name="[0] /home/travis/build/icyphy/ptII/ptolemy/domains/modal/test/auto/knownFailedTests/CannotAnalysisWithPreemption.xml (RunModel)" time="0.349" />
  <testcase classname="ptolemy.util.test.junit.AutoNameArchTests" name="[0] ThereAreNoAutoArchTests (RunModel)" time="0.001" />
  <testcase classname="ptolemy.util.test.junit.AutoTests" name="[0] /home/travis/build/icyphy/ptII/ptolemy/domains/modal/test/auto/ABPTest.xml (RunModel)" time="0.852" />
  <testcase classname="ptolemy.util.test.junit.AutoTests" name="[1] /home/travis/build/icyphy/ptII/ptolemy/domains/modal/test/auto/ABROFlat.xml (RunModel)" time="0.079" />
  <testcase classname="ptolemy.util.test.junit.AutoTests" name="[2] /home/travis/build/icyphy/ptII/ptolemy/domains/modal/test/auto/ABROFlat2.xml (RunModel)" time="0.059" />
  <testcase classname="ptolemy.util.test.junit.AutoTests" name="[3] /home/travis/build/icyphy/ptII/ptolemy/domains/modal/test/auto/ABRO_present_hmm.xml (RunModel)" time="0.186" />
  <testcase classname="ptolemy.util.test.junit.AutoTests" name="[4] /home/travis/build/icyphy/ptII/ptolemy/domains/modal/test/auto/AMICoderExample.xml (RunModel)" time="0.087" />
  <testcase classname="ptolemy.util.test.junit.AutoTests" name="[5] /home/travis/build/icyphy/ptII/ptolemy/domains/modal/test/auto/AbsentToPresent.xml (RunModel)" time="0.035" />
  <testcase classname="ptolemy.util.test.junit.AutoTests" name="[6] /home/travis/build/icyphy/ptII/ptolemy/domains/modal/test/auto/Blending.xml (RunModel)" time="0.266" />
  <testcase classname="ptolemy.util.test.junit.AutoTests" name="[7] /home/travis/build/icyphy/ptII/ptolemy/domains/modal/test/auto/Broadcast.xml (RunModel)" time="0.052" />
  <testcase classname="ptolemy.util.test.junit.AutoTests" name="[8] /home/travis/build/icyphy/ptII/ptolemy/domains/modal/test/auto/BroadcastHierarchy.xml (RunModel)" time="0.065" />
  <testcase classname="ptolemy.util.test.junit.AutoTests" name="[9] /home/travis/build/icyphy/ptII/ptolemy/domains/modal/test/auto/BroadcastHierarchy2.xml (RunModel)" time="0.149" />
  <testcase classname="ptolemy.util.test.junit.AutoTests" name="[10] /home/travis/build/icyphy/ptII/ptolemy/domains/modal/test/auto/BroadcastHierarchy3.xml (RunModel)" time="0.128" />
  <testcase classname="ptolemy.util.test.junit.AutoTests" name="[11] /home/travis/build/icyphy/ptII/ptolemy/domains/modal/test/auto/BroadcastHierarchy4.xml (RunModel)" time="0.116" />
  <testcase classname="ptolemy.util.test.junit.AutoTests" name="[12] /home/travis/build/icyphy/ptII/ptolemy/domains/modal/test/auto/CannotAnalysisWithPreemption2.xml (RunModel)" time="0.034" />
  <testcase classname="ptolemy.util.test.junit.AutoTests" name="[13] /home/travis/build/icyphy/ptII/ptolemy/domains/modal/test/auto/CannotAnalysisWithPreemption3.xml (RunModel)" time="0.044" />
  <testcase classname="ptolemy.util.test.junit.AutoTests" name="[14] /home/travis/build/icyphy/ptII/ptolemy/domains/modal/test/auto/CannotProduce.xml (RunModel)" time="0.045" />
  <testcase classname="ptolemy.util.test.junit.AutoTests" name="[15] /home/travis/build/icyphy/ptII/ptolemy/domains/modal/test/auto/CannotProduceModal.xml (RunModel)" time="0.029" />
  <testcase classname="ptolemy.util.test.junit.AutoTests" name="[16] /home/travis/build/icyphy/ptII/ptolemy/domains/modal/test/auto/Case.xml (RunModel)" time="0.073" />
  <testcase classname="ptolemy.util.test.junit.AutoTests" name="[17] /home/travis/build/icyphy/ptII/ptolemy/domains/modal/test/auto/Case1.xml (RunModel)" time="0.041" />
  <testcase classname="ptolemy.util.test.junit.AutoTests" name="[18] /home/travis/build/icyphy/ptII/ptolemy/domains/modal/test/auto/Case2.xml (RunModel)" time="0.054" />
  <testcase classname="ptolemy.util.test.junit.AutoTests" name="[19] /home/travis/build/icyphy/ptII/ptolemy/domains/modal/test/auto/CausalityInterface1.xml (RunModel)" time="0.054" />
  <testcase classname="ptolemy.util.test.junit.AutoTests" name="[20] /home/travis/build/icyphy/ptII/ptolemy/domains/modal/test/auto/CausalityInterface10.xml (RunModel)" time="0.05" />
  <testcase classname="ptolemy.util.test.junit.AutoTests" name="[21] /home/travis/build/icyphy/ptII/ptolemy/domains/modal/test/auto/CausalityInterface11.xml (RunModel)" time="0.061" />
  <testcase classname="ptolemy.util.test.junit.AutoTests" name="[22] /home/travis/build/icyphy/ptII/ptolemy/domains/modal/test/auto/CausalityInterface12.xml (RunModel)" time="0.048" />
  <testcase classname="ptolemy.util.test.junit.AutoTests" name="[23] /home/travis/build/icyphy/ptII/ptolemy/domains/modal/test/auto/CausalityInterface13.xml (RunModel)" time="0.064" />
  <testcase classname="ptolemy.util.test.junit.AutoTests" name="[24] /home/travis/build/icyphy/ptII/ptolemy/domains/modal/test/auto/CausalityInterface14.xml (RunModel)" time="0.043" />
  <testcase classname="ptolemy.util.test.junit.AutoTests" name="[25] /home/travis/build/icyphy/ptII/ptolemy/domains/modal/test/auto/CausalityInterface2.xml (RunModel)" time="0.021" />
  <testcase classname="ptolemy.util.test.junit.AutoTests" name="[26] /home/travis/build/icyphy/ptII/ptolemy/domains/modal/test/auto/CausalityInterface3.xml (RunModel)" time="0.037" />
  <testcase classname="ptolemy.util.test.junit.AutoTests" name="[27] /home/travis/build/icyphy/ptII/ptolemy/domains/modal/test/auto/CausalityInterface4.xml (RunModel)" time="0.021" />
  <testcase classname="ptolemy.util.test.junit.AutoTests" name="[28] /home/travis/build/icyphy/ptII/ptolemy/domains/modal/test/auto/CausalityInterface5.xml (RunModel)" time="0.034" />
  <testcase classname="ptolemy.util.test.junit.AutoTests" name="[29] /home/travis/build/icyphy/ptII/ptolemy/domains/modal/test/auto/CausalityInterface6.xml (RunModel)" time="0.053" />
  <testcase classname="ptolemy.util.test.junit.AutoTests" name="[30] /home/travis/build/icyphy/ptII/ptolemy/domains/modal/test/auto/CausalityInterface7.xml (RunModel)" time="0.038" />
  <testcase classname="ptolemy.util.test.junit.AutoTests" name="[31] /home/travis/build/icyphy/ptII/ptolemy/domains/modal/test/auto/CausalityInterface8.xml (RunModel)" time="0.031" />
  <testcase classname="ptolemy.util.test.junit.AutoTests" name="[32] /home/travis/build/icyphy/ptII/ptolemy/domains/modal/test/auto/CausalityInterface9.xml (RunModel)" time="0.041" />
  <testcase classname="ptolemy.util.test.junit.AutoTests" name="[33] /home/travis/build/icyphy/ptII/ptolemy/domains/modal/test/auto/ChainedTransitions.xml (RunModel)" time="0.181" />
  <testcase classname="ptolemy.util.test.junit.AutoTests" name="[34] /home/travis/build/icyphy/ptII/ptolemy/domains/modal/test/auto/CycleOfImmediateTransitionsFSM.xml (RunModel)" time="0.03" />
  <testcase classname="ptolemy.util.test.junit.AutoTests" name="[35] /home/travis/build/icyphy/ptII/ptolemy/domains/modal/test/auto/CycleOfImmediateTransitionsModal.xml (RunModel)" time="0.024" />
  <testcase classname="ptolemy.util.test.junit.AutoTests" name="[36] /home/travis/build/icyphy/ptII/ptolemy/domains/modal/test/auto/CycleOfImmediateTransitionsModal2.xml (RunModel)" time="0.033" />
  <testcase classname="ptolemy.util.test.junit.AutoTests" name="[37] /home/travis/build/icyphy/ptII/ptolemy/domains/modal/test/auto/CycleOfImmediateTransitionsModal3.xml (RunModel)" time="0.076" />
  <testcase classname="ptolemy.util.test.junit.AutoTests" name="[38] /home/travis/build/icyphy/ptII/ptolemy/domains/modal/test/auto/DeepModal1.xml (RunModel)" time="0.044" />
  <testcase classname="ptolemy.util.test.junit.AutoTests" name="[39] /home/travis/build/icyphy/ptII/ptolemy/domains/modal/test/auto/DeepModal2.xml (RunModel)" time="0.071" />
  <testcase classname="ptolemy.util.test.junit.AutoTests" name="[40] /home/travis/build/icyphy/ptII/ptolemy/domains/modal/test/auto/DeepModal3.xml (RunModel)" time="0.075" />
  <testcase classname="ptolemy.util.test.junit.AutoTests" name="[41] /home/travis/build/icyphy/ptII/ptolemy/domains/modal/test/auto/DeepModal4.xml (RunModel)" time="0.065" />
  <testcase classname="ptolemy.util.test.junit.AutoTests" name="[42] /home/travis/build/icyphy/ptII/ptolemy/domains/modal/test/auto/Default1.xml (RunModel)" time="0.021" />
  <testcase classname="ptolemy.util.test.junit.AutoTests" name="[43] /home/travis/build/icyphy/ptII/ptolemy/domains/modal/test/auto/Default2.xml (RunModel)" time="0.022" />
  <testcase classname="ptolemy.util.test.junit.AutoTests" name="[44] /home/travis/build/icyphy/ptII/ptolemy/domains/modal/test/auto/Default3.xml (RunModel)" time="0.022" />
  <testcase classname="ptolemy.util.test.junit.AutoTests" name="[45] /home/travis/build/icyphy/ptII/ptolemy/domains/modal/test/auto/Default4.xml (RunModel)" time="0.022" />
  <testcase classname="ptolemy.util.test.junit.AutoTests" name="[46] /home/travis/build/icyphy/ptII/ptolemy/domains/modal/test/auto/Default5.xml (RunModel)" time="0.03" />
  <testcase classname="ptolemy.util.test.junit.AutoTests" name="[47] /home/travis/build/icyphy/ptII/ptolemy/domains/modal/test/auto/EmptyGuard.xml (RunModel)" time="0.037" />
  <testcase classname="ptolemy.util.test.junit.AutoTests" name="[48] /home/travis/build/icyphy/ptII/ptolemy/domains/modal/test/auto/ErrorTransition1.xml (RunModel)" time="0.039" />
  <testcase classname="ptolemy.util.test.junit.AutoTests" name="[49] /home/travis/build/icyphy/ptII/ptolemy/domains/modal/test/auto/ErrorTransition10.xml (RunModel)" time="0.047" />
  <testcase classname="ptolemy.util.test.junit.AutoTests" name="[50] /home/travis/build/icyphy/ptII/ptolemy/domains/modal/test/auto/ErrorTransition11.xml (RunModel)" time="0.034" />
  <testcase classname="ptolemy.util.test.junit.AutoTests" name="[51] /home/travis/build/icyphy/ptII/ptolemy/domains/modal/test/auto/ErrorTransition2.xml (RunModel)" time="0.044" />
  <testcase classname="ptolemy.util.test.junit.AutoTests" name="[52] /home/travis/build/icyphy/ptII/ptolemy/domains/modal/test/auto/ErrorTransition3.xml (RunModel)" time="0.055" />
  <testcase classname="ptolemy.util.test.junit.AutoTests" name="[53] /home/travis/build/icyphy/ptII/ptolemy/domains/modal/test/auto/ErrorTransition4.xml (RunModel)" time="0.044" />
  <testcase classname="ptolemy.util.test.junit.AutoTests" name="[54] /home/travis/build/icyphy/ptII/ptolemy/domains/modal/test/auto/ErrorTransition5.xml (RunModel)" time="0.049" />
  <testcase classname="ptolemy.util.test.junit.AutoTests" name="[55] /home/travis/build/icyphy/ptII/ptolemy/domains/modal/test/auto/ErrorTransition6.xml (RunModel)" time="0.039" />
  <testcase classname="ptolemy.util.test.junit.AutoTests" name="[56] /home/travis/build/icyphy/ptII/ptolemy/domains/modal/test/auto/ErrorTransition7.xml (RunModel)" time="0.051" />
  <testcase classname="ptolemy.util.test.junit.AutoTests" name="[57] /home/travis/build/icyphy/ptII/ptolemy/domains/modal/test/auto/ErrorTransition8.xml (RunModel)" time="0.061" />
  <testcase classname="ptolemy.util.test.junit.AutoTests" name="[58] /home/travis/build/icyphy/ptII/ptolemy/domains/modal/test/auto/ErrorTransition9.xml (RunModel)" time="0.045" />
  <testcase classname="ptolemy.util.test.junit.AutoTests" name="[59] /home/travis/build/icyphy/ptII/ptolemy/domains/modal/test/auto/ExtendedFSM.xml (RunModel)" time="0.022" />
  <testcase classname="ptolemy.util.test.junit.AutoTests" name="[60] /home/travis/build/icyphy/ptII/ptolemy/domains/modal/test/auto/FinalStates.xml (RunModel)" time="0.027" />
  <testcase classname="ptolemy.util.test.junit.AutoTests" name="[61] /home/travis/build/icyphy/ptII/ptolemy/domains/modal/test/auto/FixedPointFSM.xml (RunModel)" time="0.047" />
  <testcase classname="ptolemy.util.test.junit.AutoTests" name="[62] /home/travis/build/icyphy/ptII/ptolemy/domains/modal/test/auto/FixedPointIterationFSMActor.xml (RunModel)" time="0.029" />
  <testcase classname="ptolemy.util.test.junit.AutoTests" name="[63] /home/travis/build/icyphy/ptII/ptolemy/domains/modal/test/auto/FixedPointIterationFSMActor2.xml (RunModel)" time="0.037" />
  <testcase classname="ptolemy.util.test.junit.AutoTests" name="[64] /home/travis/build/icyphy/ptII/ptolemy/domains/modal/test/auto/ForbiddenInstantanousLoop.xml (RunModel)" time="0.055" />
  <testcase classname="ptolemy.util.test.junit.AutoTests" name="[65] /home/travis/build/icyphy/ptII/ptolemy/domains/modal/test/auto/FunctionDependencyOfFSMActorTest.xml (RunModel)" time="0.033" />
  <testcase classname="ptolemy.util.test.junit.AutoTests" name="[66] /home/travis/build/icyphy/ptII/ptolemy/domains/modal/test/auto/GuardExpression.xml (RunModel)" time="0.017" />
  <testcase classname="ptolemy.util.test.junit.AutoTests" name="[67] /home/travis/build/icyphy/ptII/ptolemy/domains/modal/test/auto/GuardNotEvaluated.xml (RunModel)" time="0.033" />
  <testcase classname="ptolemy.util.test.junit.AutoTests" name="[68] /home/travis/build/icyphy/ptII/ptolemy/domains/modal/test/auto/GuardNotEvaluated2.xml (RunModel)" time="0.029" />
  <testcase classname="ptolemy.util.test.junit.AutoTests" name="[69] /home/travis/build/icyphy/ptII/ptolemy/domains/modal/test/auto/GuardOnAbsent.xml (RunModel)" time="0.032" />
  <testcase classname="ptolemy.util.test.junit.AutoTests" name="[70] /home/travis/build/icyphy/ptII/ptolemy/domains/modal/test/auto/HierarchicalFSMTypeInference.xml (RunModel)" time="0.031" />
  <testcase classname="ptolemy.util.test.junit.AutoTests" name="[71] /home/travis/build/icyphy/ptII/ptolemy/domains/modal/test/auto/Hysteresis.xml (RunModel)" time="0.047" />
  <testcase classname="ptolemy.util.test.junit.AutoTests" name="[72] /home/travis/build/icyphy/ptII/ptolemy/domains/modal/test/auto/HysteresisWithDefault.xml (RunModel)" time="0.078" />
  <testcase classname="ptolemy.util.test.junit.AutoTests" name="[73] /home/travis/build/icyphy/ptII/ptolemy/domains/modal/test/auto/HysteresisWithDefault2.xml (RunModel)" time="0.082" />
  <testcase classname="ptolemy.util.test.junit.AutoTests" name="[74] /home/travis/build/icyphy/ptII/ptolemy/domains/modal/test/auto/ImmediateNonConstructiveness.xml (RunModel)" time="0.019" />
  <testcase classname="ptolemy.util.test.junit.AutoTests" name="[75] /home/travis/build/icyphy/ptII/ptolemy/domains/modal/test/auto/ImmediateNonConstructiveness2.xml (RunModel)" time="0.018" />
  <testcase classname="ptolemy.util.test.junit.AutoTests" name="[76] /home/travis/build/icyphy/ptII/ptolemy/domains/modal/test/auto/ImmediateTransitionReset.xml (RunModel)" time="0.042" />
  <testcase classname="ptolemy.util.test.junit.AutoTests" name="[77] /home/travis/build/icyphy/ptII/ptolemy/domains/modal/test/auto/ImmediateTransitions1.xml (RunModel)" time="0.029" />
  <testcase classname="ptolemy.util.test.junit.AutoTests" name="[78] /home/travis/build/icyphy/ptII/ptolemy/domains/modal/test/auto/ImmediateTransitionsInstantaneousCommunication.xml (RunModel)" time="0.029" />
  <testcase classname="ptolemy.util.test.junit.AutoTests" name="[79] /home/travis/build/icyphy/ptII/ptolemy/domains/modal/test/auto/InitialImmediateTransition.xml (RunModel)" time="0.016" />
  <testcase classname="ptolemy.util.test.junit.AutoTests" name="[80] /home/travis/build/icyphy/ptII/ptolemy/domains/modal/test/auto/InitialOutputs.xml (RunModel)" time="0.015" />
  <testcase classname="ptolemy.util.test.junit.AutoTests" name="[81] /home/travis/build/icyphy/ptII/ptolemy/domains/modal/test/auto/InitialStateTransition1.xml (RunModel)" time="0.021" />
  <testcase classname="ptolemy.util.test.junit.AutoTests" name="[82] /home/travis/build/icyphy/ptII/ptolemy/domains/modal/test/auto/InitialStateTransition2.xml (RunModel)" time="0.022" />
  <testcase classname="ptolemy.util.test.junit.AutoTests" name="[83] /home/travis/build/icyphy/ptII/ptolemy/domains/modal/test/auto/InitialStateTransition3.xml (RunModel)" time="0.024" />
  <testcase classname="ptolemy.util.test.junit.AutoTests" name="[84] /home/travis/build/icyphy/ptII/ptolemy/domains/modal/test/auto/InitialStateTransition4.xml (RunModel)" time="0.028" />
  <testcase classname="ptolemy.util.test.junit.AutoTests" name="[85] /home/travis/build/icyphy/ptII/ptolemy/domains/modal/test/auto/MalformedGuardExpressionNotCaught.xml (RunModel)" time="0.026" />
  <testcase classname="ptolemy.util.test.junit.AutoTests" name="[86] /home/travis/build/icyphy/ptII/ptolemy/domains/modal/test/auto/ModalBSC.xml (RunModel)" time="0.113" />
  <testcase classname="ptolemy.util.test.junit.AutoTests" name="[87] /home/travis/build/icyphy/ptII/ptolemy/domains/modal/test/auto/ModalClocks.xml (RunModel)" time="0.068" />
  <testcase classname="ptolemy.util.test.junit.AutoTests" name="[88] /home/travis/build/icyphy/ptII/ptolemy/domains/modal/test/auto/ModalDelay.xml (RunModel)" time="0.044" />
  <testcase classname="ptolemy.util.test.junit.AutoTests" name="[89] /home/travis/build/icyphy/ptII/ptolemy/domains/modal/test/auto/ModalDelay2.xml (RunModel)" time="0.039" />
  <testcase classname="ptolemy.util.test.junit.AutoTests" name="[90] /home/travis/build/icyphy/ptII/ptolemy/domains/modal/test/auto/ModalModelFromMemo.xml (RunModel)" time="0.067" />
  <testcase classname="ptolemy.util.test.junit.AutoTests" name="[91] /home/travis/build/icyphy/ptII/ptolemy/domains/modal/test/auto/ModalModelWithMultirateTransient.xml (RunModel)" time="0.052" />
  <testcase classname="ptolemy.util.test.junit.AutoTests" name="[92] /home/travis/build/icyphy/ptII/ptolemy/domains/modal/test/auto/ModalModelWithReset.xml (RunModel)" time="0.053" />
  <testcase classname="ptolemy.util.test.junit.AutoTests" name="[93] /home/travis/build/icyphy/ptII/ptolemy/domains/modal/test/auto/MouseClickFSM.xml (RunModel)" time="0.045" />
  <testcase classname="ptolemy.util.test.junit.AutoTests" name="[94] /home/travis/build/icyphy/ptII/ptolemy/domains/modal/test/auto/MouseClickFSMModal.xml (RunModel)" time="0.034" />
  <testcase classname="ptolemy.util.test.junit.AutoTests" name="[95] /home/travis/build/icyphy/ptII/ptolemy/domains/modal/test/auto/NonStrictFSM_FeedbackLoop.xml (RunModel)" time="0.041" />
  <testcase classname="ptolemy.util.test.junit.AutoTests" name="[96] /home/travis/build/icyphy/ptII/ptolemy/domains/modal/test/auto/NonStrictFSM_FeedbackLoop_Refinement.xml (RunModel)" time="0.067" />
  <testcase classname="ptolemy.util.test.junit.AutoTests" name="[97] /home/travis/build/icyphy/ptII/ptolemy/domains/modal/test/auto/NonStrictFSM_FeedbackLoop_preemptive.xml (RunModel)" time="0.048" />
  <testcase classname="ptolemy.util.test.junit.AutoTests" name="[98] /home/travis/build/icyphy/ptII/ptolemy/domains/modal/test/auto/NormalTermination.xml (RunModel)" time="0.039" />
  <testcase classname="ptolemy.util.test.junit.AutoTests" name="[99] /home/travis/build/icyphy/ptII/ptolemy/domains/modal/test/auto/Pong.xml (RunModel)" time="0.109" />
  <testcase classname="ptolemy.util.test.junit.AutoTests" name="[100] /home/travis/build/icyphy/ptII/ptolemy/domains/modal/test/auto/Pong_test.xml (RunModel)" time="0.126" />
  <testcase classname="ptolemy.util.test.junit.AutoTests" name="[101] /home/travis/build/icyphy/ptII/ptolemy/domains/modal/test/auto/PreemptionHierarchy.xml (RunModel)" time="0.03" />
  <testcase classname="ptolemy.util.test.junit.AutoTests" name="[102] /home/travis/build/icyphy/ptII/ptolemy/domains/modal/test/auto/PreemptionHierarchy2.xml (RunModel)" time="0.035" />
  <testcase classname="ptolemy.util.test.junit.AutoTests" name="[103] /home/travis/build/icyphy/ptII/ptolemy/domains/modal/test/auto/PreemptiveTransition.xml (RunModel)" time="0.025" />
  <testcase classname="ptolemy.util.test.junit.AutoTests" name="[104] /home/travis/build/icyphy/ptII/ptolemy/domains/modal/test/auto/Priorities.xml (RunModel)" time="0.094" />
  <testcase classname="ptolemy.util.test.junit.AutoTests" name="[105] /home/travis/build/icyphy/ptII/ptolemy/domains/modal/test/auto/ResetFinal.xml (RunModel)" time="0.042" />
  <testcase classname="ptolemy.util.test.junit.AutoTests" name="[106] /home/travis/build/icyphy/ptII/ptolemy/domains/modal/test/auto/ResetFinal2.xml (RunModel)" time="0.03" />
  <testcase classname="ptolemy.util.test.junit.AutoTests" name="[107] /home/travis/build/icyphy/ptII/ptolemy/domains/modal/test/auto/ResetTransitionWithStartTime.xml (RunModel)" time="0.032" />
  <testcase classname="ptolemy.util.test.junit.AutoTests" name="[108] /home/travis/build/icyphy/ptII/ptolemy/domains/modal/test/auto/SDF-FSMComposite.xml (RunModel)" time="0.022" />
  <testcase classname="ptolemy.util.test.junit.AutoTests" name="[109] /home/travis/build/icyphy/ptII/ptolemy/domains/modal/test/auto/SeeminglyNondeterminate.xml (RunModel)" time="0.088" />
  <testcase classname="ptolemy.util.test.junit.AutoTests" name="[110] /home/travis/build/icyphy/ptII/ptolemy/domains/modal/test/auto/SeeminglyNondeterminate2.xml (RunModel)" time="0.074" />
  <testcase classname="ptolemy.util.test.junit.AutoTests" name="[111] /home/travis/build/icyphy/ptII/ptolemy/domains/modal/test/auto/SpontaneousFSM.xml (RunModel)" time="0.043" />
  <testcase classname="ptolemy.util.test.junit.AutoTests" name="[112] /home/travis/build/icyphy/ptII/ptolemy/domains/modal/test/auto/SpontaneousFSM2.xml (RunModel)" time="0.036" />
  <testcase classname="ptolemy.util.test.junit.AutoTests" name="[113] /home/travis/build/icyphy/ptII/ptolemy/domains/modal/test/auto/SpontaneousFSM3.xml (RunModel)" time="0.05" />
  <testcase classname="ptolemy.util.test.junit.AutoTests" name="[114] /home/travis/build/icyphy/ptII/ptolemy/domains/modal/test/auto/SpontaneousFSM4.xml (RunModel)" time="0.046" />
  <testcase classname="ptolemy.util.test.junit.AutoTests" name="[115] /home/travis/build/icyphy/ptII/ptolemy/domains/modal/test/auto/StateTrackerTest.xml (RunModel)" time="0.071" />
  <testcase classname="ptolemy.util.test.junit.AutoTests" name="[116] /home/travis/build/icyphy/ptII/ptolemy/domains/modal/test/auto/StrongImmediateTransition.xml (RunModel)" time="0.022" />
  <testcase classname="ptolemy.util.test.junit.AutoTests" name="[117] /home/travis/build/icyphy/ptII/ptolemy/domains/modal/test/auto/SustainHierarchy.xml (RunModel)" time="0.032" />
  <testcase classname="ptolemy.util.test.junit.AutoTests" name="[118] /home/travis/build/icyphy/ptII/ptolemy/domains/modal/test/auto/TerminationTransition1.xml (RunModel)" time="0.02" />
  <testcase classname="ptolemy.util.test.junit.AutoTests" name="[119] /home/travis/build/icyphy/ptII/ptolemy/domains/modal/test/auto/TerminationTransition2.xml (RunModel)" time="0.026" />
  <testcase classname="ptolemy.util.test.junit.AutoTests" name="[120] /home/travis/build/icyphy/ptII/ptolemy/domains/modal/test/auto/TerminationTransition3.xml (RunModel)" time="0.023" />
  <testcase classname="ptolemy.util.test.junit.AutoTests" name="[121] /home/travis/build/icyphy/ptII/ptolemy/domains/modal/test/auto/TerminationTransition4.xml (RunModel)" time="0.037" />
  <testcase classname="ptolemy.util.test.junit.AutoTests" name="[122] /home/travis/build/icyphy/ptII/ptolemy/domains/modal/test/auto/TerminationTransition5.xml (RunModel)" time="0.051" />
  <testcase classname="ptolemy.util.test.junit.AutoTests" name="[123] /home/travis/build/icyphy/ptII/ptolemy/domains/modal/test/auto/TerminationTransition6.xml (RunModel)" time="0.02" />
  <testcase classname="ptolemy.util.test.junit.AutoTests" name="[124] /home/travis/build/icyphy/ptII/ptolemy/domains/modal/test/auto/TerminationTransition7.xml (RunModel)" time="0.02" />
  <testcase classname="ptolemy.util.test.junit.AutoTests" name="[125] /home/travis/build/icyphy/ptII/ptolemy/domains/modal/test/auto/TerminationTransition8.xml (RunModel)" time="0.024" />
  <testcase classname="ptolemy.util.test.junit.AutoTests" name="[126] /home/travis/build/icyphy/ptII/ptolemy/domains/modal/test/auto/Thermostat_NoHysteresis.xml (RunModel)" time="0.061" />
  <testcase classname="ptolemy.util.test.junit.AutoTests" name="[127] /home/travis/build/icyphy/ptII/ptolemy/domains/modal/test/auto/TimedFSM.xml (RunModel)" time="0.031" />
  <testcase classname="ptolemy.util.test.junit.AutoTests" name="[128] /home/travis/build/icyphy/ptII/ptolemy/domains/modal/test/auto/Timeout1.xml (RunModel)" time="0.015" />
  <testcase classname="ptolemy.util.test.junit.AutoTests" name="[129] /home/travis/build/icyphy/ptII/ptolemy/domains/modal/test/auto/Timeout2.xml (RunModel)" time="0.021" />
  <testcase classname="ptolemy.util.test.junit.AutoTests" name="[130] /home/travis/build/icyphy/ptII/ptolemy/domains/modal/test/auto/Timeout3.xml (RunModel)" time="0.011" />
  <testcase classname="ptolemy.util.test.junit.AutoTests" name="[131] /home/travis/build/icyphy/ptII/ptolemy/domains/modal/test/auto/Timeout4.xml (RunModel)" time="0.013" />
  <testcase classname="ptolemy.util.test.junit.AutoTests" name="[132] /home/travis/build/icyphy/ptII/ptolemy/domains/modal/test/auto/TransientstateModelAdvanced.xml (RunModel)" time="0.028" />
  <testcase classname="ptolemy.util.test.junit.AutoTests" name="[133] /home/travis/build/icyphy/ptII/ptolemy/domains/modal/test/auto/TransientstateModelAdvanced2.xml (RunModel)" time="0.032" />
  <testcase classname="ptolemy.util.test.junit.AutoTests" name="[134] /home/travis/build/icyphy/ptII/ptolemy/domains/modal/test/auto/TransitionRefinements.xml (RunModel)" time="0.026" />
  <testcase classname="ptolemy.util.test.junit.AutoTests" name="[135] /home/travis/build/icyphy/ptII/ptolemy/domains/modal/test/auto/TwoRefinements1.xml (RunModel)" time="0.025" />
  <testcase classname="ptolemy.util.test.junit.AutoTests" name="[136] /home/travis/build/icyphy/ptII/ptolemy/domains/modal/test/auto/TwoRefinements2.xml (RunModel)" time="0.024" />
  <testcase classname="ptolemy.util.test.junit.AutoTests" name="[137] /home/travis/build/icyphy/ptII/ptolemy/domains/modal/test/auto/WeakImmediateTransition.xml (RunModel)" time="0.028" />
  <testcase classname="ptolemy.util.test.junit.AutoTests" name="[138] /home/travis/build/icyphy/ptII/ptolemy/domains/modal/test/auto/booleanSelect.xml (RunModel)" time="0.077" />
  <testcase classname="ptolemy.util.test.junit.AutoTests" name="[139] /home/travis/build/icyphy/ptII/ptolemy/domains/modal/test/auto/modalChangingParams.xml (RunModel)" time="0.319" />
  <testcase classname="ptolemy.util.test.junit.AutoTests" name="[140] /home/travis/build/icyphy/ptII/ptolemy/domains/modal/test/auto/modalModel.xml (RunModel)" time="0.021" />
  <testcase classname="ptolemy.util.test.junit.AutoTests" name="[141] /home/travis/build/icyphy/ptII/ptolemy/domains/modal/test/auto/modalModel2.xml (RunModel)" time="0.034" />
  <testcase classname="ptolemy.util.test.junit.AutoTests" name="[142] /home/travis/build/icyphy/ptII/ptolemy/domains/modal/test/auto/modalModel3.xml (RunModel)" time="0.044" />
  <testcase classname="ptolemy.util.test.junit.AutoTests" name="[143] /home/travis/build/icyphy/ptII/ptolemy/domains/modal/test/auto/model1.xml (RunModel)" time="0.02" />
  <testcase classname="ptolemy.util.test.junit.AutoTests" name="[144] /home/travis/build/icyphy/ptII/ptolemy/domains/modal/test/auto/test-direct-in-out.xml (RunModel)" time="0.028" />
  <system-out><![CDATA[/home/travis/build/icyphy/ptII/ptolemy/domains/modal/test/SystemLevelType.tcl
testDefs.tcl: setting time out to 9000 seconds at Sun Jul 21 05:07:54 UTC 2019
07/21/19 05:07:56
Failed: 0  Total Tests: 1  ((Passed: 1, Newly Passed: 0)  Known Failed: 0) /home/travis/build/icyphy/ptII/ptolemy/domains/modal/test
----------------- testing (KnownFailure) /home/travis/build/icyphy/ptII/ptolemy/domains/modal/test/auto/knownFailedTests/CannotAnalysisWithPreemption.xml
156 ms. Memory: 120832K Free: 44003K (36%)
Known Failure: java.lang.reflect.InvocationTargetException
No auto/linux-amd64/*.xml tests in /home/travis/build/icyphy/ptII/ptolemy/domains/modal/test
AutoTests.java: About to close Vertx.
AutoTests.java: Vertx closed.

===========================================================================================
----------------- testing Sun Jul 21 05:07:57 UTC 2019 /home/travis/build/icyphy/ptII/ptolemy/domains/modal/test/auto/ABPTest.xml
----------------- Instantiating /home/travis/build/icyphy/ptII/ptolemy/domains/modal/test/auto/ABPTest.xml
382 ms. Memory: 158720K Free: 114103K (72%)
----------------- Invoking toplevel() on ptolemy.moml.MoMLSimpleApplication@3e9c82cd
----------------- Done invoking toplevel() on ptolemy.moml.MoMLSimpleApplication@3e9c82cd
reloadAllAccessors: .ABPTest

===========================================================================================
----------------- testing Sun Jul 21 05:07:58 UTC 2019 /home/travis/build/icyphy/ptII/ptolemy/domains/modal/test/auto/ABROFlat.xml
----------------- Instantiating /home/travis/build/icyphy/ptII/ptolemy/domains/modal/test/auto/ABROFlat.xml
25 ms. Memory: 158720K Free: 97051K (61%)
----------------- Invoking toplevel() on ptolemy.moml.MoMLSimpleApplication@14f0af46
----------------- Done invoking toplevel() on ptolemy.moml.MoMLSimpleApplication@14f0af46
reloadAllAccessors: .ABROFlat

===========================================================================================
----------------- testing Sun Jul 21 05:07:58 UTC 2019 /home/travis/build/icyphy/ptII/ptolemy/domains/modal/test/auto/ABROFlat2.xml
----------------- Instantiating /home/travis/build/icyphy/ptII/ptolemy/domains/modal/test/auto/ABROFlat2.xml
22 ms. Memory: 158720K Free: 80675K (51%)
----------------- Invoking toplevel() on ptolemy.moml.MoMLSimpleApplication@1d744653
----------------- Done invoking toplevel() on ptolemy.moml.MoMLSimpleApplication@1d744653
reloadAllAccessors: .ABROFlat2

===========================================================================================
----------------- testing Sun Jul 21 05:07:58 UTC 2019 /home/travis/build/icyphy/ptII/ptolemy/domains/modal/test/auto/ABRO_present_hmm.xml
----------------- Instantiating /home/travis/build/icyphy/ptII/ptolemy/domains/modal/test/auto/ABRO_present_hmm.xml
37 ms. Memory: 158720K Free: 137083K (86%)
----------------- Invoking toplevel() on ptolemy.moml.MoMLSimpleApplication@7d983e0d
----------------- Done invoking toplevel() on ptolemy.moml.MoMLSimpleApplication@7d983e0d
reloadAllAccessors: .ABRO_present_hmm

===========================================================================================
----------------- testing Sun Jul 21 05:07:58 UTC 2019 /home/travis/build/icyphy/ptII/ptolemy/domains/modal/test/auto/AMICoderExample.xml
----------------- Instantiating /home/travis/build/icyphy/ptII/ptolemy/domains/modal/test/auto/AMICoderExample.xml
48 ms. Memory: 158720K Free: 127393K (80%)
----------------- Invoking toplevel() on ptolemy.moml.MoMLSimpleApplication@60ead59b
----------------- Done invoking toplevel() on ptolemy.moml.MoMLSimpleApplication@60ead59b
reloadAllAccessors: .AMICoderExample

===========================================================================================
----------------- testing Sun Jul 21 05:07:59 UTC 2019 /home/travis/build/icyphy/ptII/ptolemy/domains/modal/test/auto/AbsentToPresent.xml
----------------- Instantiating /home/travis/build/icyphy/ptII/ptolemy/domains/modal/test/auto/AbsentToPresent.xml
11 ms. Memory: 158720K Free: 122723K (77%)
----------------- Invoking toplevel() on ptolemy.moml.MoMLSimpleApplication@693d9556
----------------- Done invoking toplevel() on ptolemy.moml.MoMLSimpleApplication@693d9556
reloadAllAccessors: .AbsentToPresent

===========================================================================================
----------------- testing Sun Jul 21 05:07:59 UTC 2019 /home/travis/build/icyphy/ptII/ptolemy/domains/modal/test/auto/Blending.xml
----------------- Instantiating /home/travis/build/icyphy/ptII/ptolemy/domains/modal/test/auto/Blending.xml
161 ms. Memory: 158720K Free: 78257K (49%)
----------------- Invoking toplevel() on ptolemy.moml.MoMLSimpleApplication@545aecf5
----------------- Done invoking toplevel() on ptolemy.moml.MoMLSimpleApplication@545aecf5
reloadAllAccessors: .Blending

===========================================================================================
----------------- testing Sun Jul 21 05:07:59 UTC 2019 /home/travis/build/icyphy/ptII/ptolemy/domains/modal/test/auto/Broadcast.xml
----------------- Instantiating /home/travis/build/icyphy/ptII/ptolemy/domains/modal/test/auto/Broadcast.xml
12 ms. Memory: 158720K Free: 68942K (43%)
----------------- Invoking toplevel() on ptolemy.moml.MoMLSimpleApplication@716654b
----------------- Done invoking toplevel() on ptolemy.moml.MoMLSimpleApplication@716654b
reloadAllAccessors: .Broadcast

===========================================================================================
----------------- testing Sun Jul 21 05:07:59 UTC 2019 /home/travis/build/icyphy/ptII/ptolemy/domains/modal/test/auto/BroadcastHierarchy.xml
----------------- Instantiating /home/travis/build/icyphy/ptII/ptolemy/domains/modal/test/auto/BroadcastHierarchy.xml
12 ms. Memory: 158720K Free: 55177K (35%)
----------------- Invoking toplevel() on ptolemy.moml.MoMLSimpleApplication@6a510308
----------------- Done invoking toplevel() on ptolemy.moml.MoMLSimpleApplication@6a510308
reloadAllAccessors: .BroadcastHierarchy

===========================================================================================
----------------- testing Sun Jul 21 05:07:59 UTC 2019 /home/travis/build/icyphy/ptII/ptolemy/domains/modal/test/auto/BroadcastHierarchy2.xml
----------------- Instantiating /home/travis/build/icyphy/ptII/ptolemy/domains/modal/test/auto/BroadcastHierarchy2.xml
36 ms. Memory: 211968K Free: 171855K (81%)
----------------- Invoking toplevel() on ptolemy.moml.MoMLSimpleApplication@1f1fbb7
----------------- Done invoking toplevel() on ptolemy.moml.MoMLSimpleApplication@1f1fbb7
reloadAllAccessors: .BroadcastHierarchy2

===========================================================================================
----------------- testing Sun Jul 21 05:07:59 UTC 2019 /home/travis/build/icyphy/ptII/ptolemy/domains/modal/test/auto/BroadcastHierarchy3.xml
----------------- Instantiating /home/travis/build/icyphy/ptII/ptolemy/domains/modal/test/auto/BroadcastHierarchy3.xml
25 ms. Memory: 211968K Free: 151889K (72%)
----------------- Invoking toplevel() on ptolemy.moml.MoMLSimpleApplication@6c88c9a5
----------------- Done invoking toplevel() on ptolemy.moml.MoMLSimpleApplication@6c88c9a5
reloadAllAccessors: .BroadcastHierarchy3

===========================================================================================
----------------- testing Sun Jul 21 05:07:59 UTC 2019 /home/travis/build/icyphy/ptII/ptolemy/domains/modal/test/auto/BroadcastHierarchy4.xml
----------------- Instantiating /home/travis/build/icyphy/ptII/ptolemy/domains/modal/test/auto/BroadcastHierarchy4.xml
19 ms. Memory: 211968K Free: 127823K (60%)
----------------- Invoking toplevel() on ptolemy.moml.MoMLSimpleApplication@18f63a31
----------------- Done invoking toplevel() on ptolemy.moml.MoMLSimpleApplication@18f63a31
reloadAllAccessors: .BroadcastHierarchy4

===========================================================================================
----------------- testing Sun Jul 21 05:07:59 UTC 2019 /home/travis/build/icyphy/ptII/ptolemy/domains/modal/test/auto/CannotAnalysisWithPreemption2.xml
----------------- Instantiating /home/travis/build/icyphy/ptII/ptolemy/domains/modal/test/auto/CannotAnalysisWithPreemption2.xml
4 ms. Memory: 211968K Free: 120641K (57%)
----------------- Invoking toplevel() on ptolemy.moml.MoMLSimpleApplication@51dd6aa4
----------------- Done invoking toplevel() on ptolemy.moml.MoMLSimpleApplication@51dd6aa4
reloadAllAccessors: .CannotAnalysisWithPreemption2

===========================================================================================
----------------- testing Sun Jul 21 05:07:59 UTC 2019 /home/travis/build/icyphy/ptII/ptolemy/domains/modal/test/auto/CannotAnalysisWithPreemption3.xml
----------------- Instantiating /home/travis/build/icyphy/ptII/ptolemy/domains/modal/test/auto/CannotAnalysisWithPreemption3.xml
7 ms. Memory: 211968K Free: 110401K (52%)
----------------- Invoking toplevel() on ptolemy.moml.MoMLSimpleApplication@2b75cb0f
----------------- Done invoking toplevel() on ptolemy.moml.MoMLSimpleApplication@2b75cb0f
reloadAllAccessors: .CannotAnalysisWithPreemption3

===========================================================================================
----------------- testing Sun Jul 21 05:07:59 UTC 2019 /home/travis/build/icyphy/ptII/ptolemy/domains/modal/test/auto/CannotProduce.xml
----------------- Instantiating /home/travis/build/icyphy/ptII/ptolemy/domains/modal/test/auto/CannotProduce.xml
15 ms. Memory: 211968K Free: 103761K (49%)
----------------- Invoking toplevel() on ptolemy.moml.MoMLSimpleApplication@2dc4b9c3
----------------- Done invoking toplevel() on ptolemy.moml.MoMLSimpleApplication@2dc4b9c3
reloadAllAccessors: .CannotProduce

===========================================================================================
----------------- testing Sun Jul 21 05:07:59 UTC 2019 /home/travis/build/icyphy/ptII/ptolemy/domains/modal/test/auto/CannotProduceModal.xml
----------------- Instantiating /home/travis/build/icyphy/ptII/ptolemy/domains/modal/test/auto/CannotProduceModal.xml
4 ms. Memory: 211968K Free: 97617K (46%)
----------------- Invoking toplevel() on ptolemy.moml.MoMLSimpleApplication@36d14e6b
----------------- Done invoking toplevel() on ptolemy.moml.MoMLSimpleApplication@36d14e6b
reloadAllAccessors: .CannotProduceModal

===========================================================================================
----------------- testing Sun Jul 21 05:08:00 UTC 2019 /home/travis/build/icyphy/ptII/ptolemy/domains/modal/test/auto/Case.xml
----------------- Instantiating /home/travis/build/icyphy/ptII/ptolemy/domains/modal/test/auto/Case.xml
29 ms. Memory: 211968K Free: 86353K (41%)
----------------- Invoking toplevel() on ptolemy.moml.MoMLSimpleApplication@132a23d
----------------- Done invoking toplevel() on ptolemy.moml.MoMLSimpleApplication@132a23d
reloadAllAccessors: .Case

===========================================================================================
----------------- testing Sun Jul 21 05:08:00 UTC 2019 /home/travis/build/icyphy/ptII/ptolemy/domains/modal/test/auto/Case1.xml
----------------- Instantiating /home/travis/build/icyphy/ptII/ptolemy/domains/modal/test/auto/Case1.xml
9 ms. Memory: 211968K Free: 187772K (89%)
----------------- Invoking toplevel() on ptolemy.moml.MoMLSimpleApplication@3faf7050
----------------- Done invoking toplevel() on ptolemy.moml.MoMLSimpleApplication@3faf7050
reloadAllAccessors: .Case1

===========================================================================================
----------------- testing Sun Jul 21 05:08:00 UTC 2019 /home/travis/build/icyphy/ptII/ptolemy/domains/modal/test/auto/Case2.xml
----------------- Instantiating /home/travis/build/icyphy/ptII/ptolemy/domains/modal/test/auto/Case2.xml
21 ms. Memory: 211968K Free: 177018K (84%)
----------------- Invoking toplevel() on ptolemy.moml.MoMLSimpleApplication@1f54660d
----------------- Done invoking toplevel() on ptolemy.moml.MoMLSimpleApplication@1f54660d
reloadAllAccessors: .Case2

===========================================================================================
----------------- testing Sun Jul 21 05:08:00 UTC 2019 /home/travis/build/icyphy/ptII/ptolemy/domains/modal/test/auto/CausalityInterface1.xml
----------------- Instantiating /home/travis/build/icyphy/ptII/ptolemy/domains/modal/test/auto/CausalityInterface1.xml
3 ms. Memory: 211968K Free: 171898K (81%)
----------------- Invoking toplevel() on ptolemy.moml.MoMLSimpleApplication@3fd9a32
----------------- Done invoking toplevel() on ptolemy.moml.MoMLSimpleApplication@3fd9a32
reloadAllAccessors: .CausalityInterface1

===========================================================================================
----------------- testing Sun Jul 21 05:08:00 UTC 2019 /home/travis/build/icyphy/ptII/ptolemy/domains/modal/test/auto/CausalityInterface10.xml
----------------- Instantiating /home/travis/build/icyphy/ptII/ptolemy/domains/modal/test/auto/CausalityInterface10.xml
6 ms. Memory: 211968K Free: 158572K (75%)
----------------- Invoking toplevel() on ptolemy.moml.MoMLSimpleApplication@32efde48
----------------- Done invoking toplevel() on ptolemy.moml.MoMLSimpleApplication@32efde48
reloadAllAccessors: .CausalityInterface10

===========================================================================================
----------------- testing Sun Jul 21 05:08:00 UTC 2019 /home/travis/build/icyphy/ptII/ptolemy/domains/modal/test/auto/CausalityInterface11.xml
----------------- Instantiating /home/travis/build/icyphy/ptII/ptolemy/domains/modal/test/auto/CausalityInterface11.xml
8 ms. Memory: 211968K Free: 145244K (69%)
----------------- Invoking toplevel() on ptolemy.moml.MoMLSimpleApplication@20a0a250
----------------- Done invoking toplevel() on ptolemy.moml.MoMLSimpleApplication@20a0a250
reloadAllAccessors: .CausalityInterface11

===========================================================================================
----------------- testing Sun Jul 21 05:08:00 UTC 2019 /home/travis/build/icyphy/ptII/ptolemy/domains/modal/test/auto/CausalityInterface12.xml
----------------- Instantiating /home/travis/build/icyphy/ptII/ptolemy/domains/modal/test/auto/CausalityInterface12.xml
8 ms. Memory: 211968K Free: 131932K (62%)
----------------- Invoking toplevel() on ptolemy.moml.MoMLSimpleApplication@1be1e38f
----------------- Done invoking toplevel() on ptolemy.moml.MoMLSimpleApplication@1be1e38f
reloadAllAccessors: .CausalityInterface12

===========================================================================================
----------------- testing Sun Jul 21 05:08:00 UTC 2019 /home/travis/build/icyphy/ptII/ptolemy/domains/modal/test/auto/CausalityInterface13.xml
----------------- Instantiating /home/travis/build/icyphy/ptII/ptolemy/domains/modal/test/auto/CausalityInterface13.xml
7 ms. Memory: 211968K Free: 118140K (56%)
----------------- Invoking toplevel() on ptolemy.moml.MoMLSimpleApplication@4a0b85fd
----------------- Done invoking toplevel() on ptolemy.moml.MoMLSimpleApplication@4a0b85fd
reloadAllAccessors: .CausalityInterface13

===========================================================================================
----------------- testing Sun Jul 21 05:08:00 UTC 2019 /home/travis/build/icyphy/ptII/ptolemy/domains/modal/test/auto/CausalityInterface14.xml
----------------- Instantiating /home/travis/build/icyphy/ptII/ptolemy/domains/modal/test/auto/CausalityInterface14.xml
6 ms. Memory: 211968K Free: 104300K (49%)
----------------- Invoking toplevel() on ptolemy.moml.MoMLSimpleApplication@5d5ba425
----------------- Done invoking toplevel() on ptolemy.moml.MoMLSimpleApplication@5d5ba425
reloadAllAccessors: .CausalityInterface14

===========================================================================================
----------------- testing Sun Jul 21 05:08:00 UTC 2019 /home/travis/build/icyphy/ptII/ptolemy/domains/modal/test/auto/CausalityInterface2.xml
----------------- Instantiating /home/travis/build/icyphy/ptII/ptolemy/domains/modal/test/auto/CausalityInterface2.xml
7 ms. Memory: 211968K Free: 98140K (46%)
----------------- Invoking toplevel() on ptolemy.moml.MoMLSimpleApplication@7d3c5af0
----------------- Done invoking toplevel() on ptolemy.moml.MoMLSimpleApplication@7d3c5af0
reloadAllAccessors: .CausalityInterface2

===========================================================================================
----------------- testing Sun Jul 21 05:08:00 UTC 2019 /home/travis/build/icyphy/ptII/ptolemy/domains/modal/test/auto/CausalityInterface3.xml
----------------- Instantiating /home/travis/build/icyphy/ptII/ptolemy/domains/modal/test/auto/CausalityInterface3.xml
4 ms. Memory: 211968K Free: 92020K (43%)
----------------- Invoking toplevel() on ptolemy.moml.MoMLSimpleApplication@577c63c5
----------------- Done invoking toplevel() on ptolemy.moml.MoMLSimpleApplication@577c63c5
reloadAllAccessors: .CausalityInterface3

===========================================================================================
----------------- testing Sun Jul 21 05:08:00 UTC 2019 /home/travis/build/icyphy/ptII/ptolemy/domains/modal/test/auto/CausalityInterface4.xml
----------------- Instantiating /home/travis/build/icyphy/ptII/ptolemy/domains/modal/test/auto/CausalityInterface4.xml
4 ms. Memory: 211968K Free: 85868K (41%)
----------------- Invoking toplevel() on ptolemy.moml.MoMLSimpleApplication@5983ebc6
----------------- Done invoking toplevel() on ptolemy.moml.MoMLSimpleApplication@5983ebc6
reloadAllAccessors: .CausalityInterface4

===========================================================================================
----------------- testing Sun Jul 21 05:08:00 UTC 2019 /home/travis/build/icyphy/ptII/ptolemy/domains/modal/test/auto/CausalityInterface5.xml
----------------- Instantiating /home/travis/build/icyphy/ptII/ptolemy/domains/modal/test/auto/CausalityInterface5.xml
6 ms. Memory: 211968K Free: 77690K (37%)
----------------- Invoking toplevel() on ptolemy.moml.MoMLSimpleApplication@265ba9eb
----------------- Done invoking toplevel() on ptolemy.moml.MoMLSimpleApplication@265ba9eb
reloadAllAccessors: .CausalityInterface5

===========================================================================================
----------------- testing Sun Jul 21 05:08:00 UTC 2019 /home/travis/build/icyphy/ptII/ptolemy/domains/modal/test/auto/CausalityInterface6.xml
----------------- Instantiating /home/travis/build/icyphy/ptII/ptolemy/domains/modal/test/auto/CausalityInterface6.xml
5 ms. Memory: 211968K Free: 191397K (90%)
----------------- Invoking toplevel() on ptolemy.moml.MoMLSimpleApplication@526dc3d7
----------------- Done invoking toplevel() on ptolemy.moml.MoMLSimpleApplication@526dc3d7
reloadAllAccessors: .CausalityInterface6

===========================================================================================
----------------- testing Sun Jul 21 05:08:00 UTC 2019 /home/travis/build/icyphy/ptII/ptolemy/domains/modal/test/auto/CausalityInterface7.xml
----------------- Instantiating /home/travis/build/icyphy/ptII/ptolemy/domains/modal/test/auto/CausalityInterface7.xml
6 ms. Memory: 211968K Free: 183191K (86%)
----------------- Invoking toplevel() on ptolemy.moml.MoMLSimpleApplication@1d5ee1d9
----------------- Done invoking toplevel() on ptolemy.moml.MoMLSimpleApplication@1d5ee1d9
reloadAllAccessors: .CausalityInterface7

===========================================================================================
----------------- testing Sun Jul 21 05:08:00 UTC 2019 /home/travis/build/icyphy/ptII/ptolemy/domains/modal/test/auto/CausalityInterface8.xml
----------------- Instantiating /home/travis/build/icyphy/ptII/ptolemy/domains/modal/test/auto/CausalityInterface8.xml
5 ms. Memory: 211968K Free: 174503K (82%)
----------------- Invoking toplevel() on ptolemy.moml.MoMLSimpleApplication@1519b85c
----------------- Done invoking toplevel() on ptolemy.moml.MoMLSimpleApplication@1519b85c
reloadAllAccessors: .CausalityInterface8

===========================================================================================
----------------- testing Sun Jul 21 05:08:00 UTC 2019 /home/travis/build/icyphy/ptII/ptolemy/domains/modal/test/auto/CausalityInterface9.xml
----------------- Instantiating /home/travis/build/icyphy/ptII/ptolemy/domains/modal/test/auto/CausalityInterface9.xml
6 ms. Memory: 211968K Free: 165287K (78%)
----------------- Invoking toplevel() on ptolemy.moml.MoMLSimpleApplication@29680be4
----------------- Done invoking toplevel() on ptolemy.moml.MoMLSimpleApplication@29680be4
reloadAllAccessors: .CausalityInterface9

===========================================================================================
----------------- testing Sun Jul 21 05:08:00 UTC 2019 /home/travis/build/icyphy/ptII/ptolemy/domains/modal/test/auto/ChainedTransitions.xml
----------------- Instantiating /home/travis/build/icyphy/ptII/ptolemy/domains/modal/test/auto/ChainedTransitions.xml
112 ms. Memory: 211968K Free: 140183K (66%)
----------------- Invoking toplevel() on ptolemy.moml.MoMLSimpleApplication@401bed0b
----------------- Done invoking toplevel() on ptolemy.moml.MoMLSimpleApplication@401bed0b
reloadAllAccessors: .ChainedTransitions

===========================================================================================
----------------- testing Sun Jul 21 05:08:01 UTC 2019 /home/travis/build/icyphy/ptII/ptolemy/domains/modal/test/auto/CycleOfImmediateTransitionsFSM.xml
----------------- Instantiating /home/travis/build/icyphy/ptII/ptolemy/domains/modal/test/auto/CycleOfImmediateTransitionsFSM.xml
8 ms. Memory: 211968K Free: 134567K (63%)
----------------- Invoking toplevel() on ptolemy.moml.MoMLSimpleApplication@b83c86
----------------- Done invoking toplevel() on ptolemy.moml.MoMLSimpleApplication@b83c86
reloadAllAccessors: .CycleOfImmediateTransitionsFSM

===========================================================================================
----------------- testing Sun Jul 21 05:08:01 UTC 2019 /home/travis/build/icyphy/ptII/ptolemy/domains/modal/test/auto/CycleOfImmediateTransitionsModal.xml
----------------- Instantiating /home/travis/build/icyphy/ptII/ptolemy/domains/modal/test/auto/CycleOfImmediateTransitionsModal.xml
4 ms. Memory: 211968K Free: 128423K (61%)
----------------- Invoking toplevel() on ptolemy.moml.MoMLSimpleApplication@5f90eae7
----------------- Done invoking toplevel() on ptolemy.moml.MoMLSimpleApplication@5f90eae7
reloadAllAccessors: .CycleOfImmediateTransitionsModal

===========================================================================================
----------------- testing Sun Jul 21 05:08:01 UTC 2019 /home/travis/build/icyphy/ptII/ptolemy/domains/modal/test/auto/CycleOfImmediateTransitionsModal2.xml
----------------- Instantiating /home/travis/build/icyphy/ptII/ptolemy/domains/modal/test/auto/CycleOfImmediateTransitionsModal2.xml
10 ms. Memory: 211968K Free: 121765K (57%)
----------------- Invoking toplevel() on ptolemy.moml.MoMLSimpleApplication@23bb4dbd
----------------- Done invoking toplevel() on ptolemy.moml.MoMLSimpleApplication@23bb4dbd
reloadAllAccessors: .CycleOfImmediateTransitionsModal2

===========================================================================================
----------------- testing Sun Jul 21 05:08:01 UTC 2019 /home/travis/build/icyphy/ptII/ptolemy/domains/modal/test/auto/CycleOfImmediateTransitionsModal3.xml
----------------- Instantiating /home/travis/build/icyphy/ptII/ptolemy/domains/modal/test/auto/CycleOfImmediateTransitionsModal3.xml
11 ms. Memory: 211968K Free: 99223K (47%)
----------------- Invoking toplevel() on ptolemy.moml.MoMLSimpleApplication@6ad627f4
----------------- Done invoking toplevel() on ptolemy.moml.MoMLSimpleApplication@6ad627f4
reloadAllAccessors: .CycleOfImmediateTransitionsModal3

===========================================================================================
----------------- testing Sun Jul 21 05:08:01 UTC 2019 /home/travis/build/icyphy/ptII/ptolemy/domains/modal/test/auto/DeepModal1.xml
----------------- Instantiating /home/travis/build/icyphy/ptII/ptolemy/domains/modal/test/auto/DeepModal1.xml
18 ms. Memory: 211968K Free: 85415K (40%)
----------------- Invoking toplevel() on ptolemy.moml.MoMLSimpleApplication@6ecfebf0
----------------- Done invoking toplevel() on ptolemy.moml.MoMLSimpleApplication@6ecfebf0
reloadAllAccessors: .DeepModal1

===========================================================================================
----------------- testing Sun Jul 21 05:08:01 UTC 2019 /home/travis/build/icyphy/ptII/ptolemy/domains/modal/test/auto/DeepModal2.xml
----------------- Instantiating /home/travis/build/icyphy/ptII/ptolemy/domains/modal/test/auto/DeepModal2.xml
37 ms. Memory: 211968K Free: 188316K (89%)
----------------- Invoking toplevel() on ptolemy.moml.MoMLSimpleApplication@73ce789
----------------- Done invoking toplevel() on ptolemy.moml.MoMLSimpleApplication@73ce789
reloadAllAccessors: .DeepModal2

===========================================================================================
----------------- testing Sun Jul 21 05:08:01 UTC 2019 /home/travis/build/icyphy/ptII/ptolemy/domains/modal/test/auto/DeepModal3.xml
----------------- Instantiating /home/travis/build/icyphy/ptII/ptolemy/domains/modal/test/auto/DeepModal3.xml
37 ms. Memory: 211968K Free: 168350K (79%)
----------------- Invoking toplevel() on ptolemy.moml.MoMLSimpleApplication@759e7ccb
----------------- Done invoking toplevel() on ptolemy.moml.MoMLSimpleApplication@759e7ccb
reloadAllAccessors: .DeepModal3

===========================================================================================
----------------- testing Sun Jul 21 05:08:01 UTC 2019 /home/travis/build/icyphy/ptII/ptolemy/domains/modal/test/auto/DeepModal4.xml
----------------- Instantiating /home/travis/build/icyphy/ptII/ptolemy/domains/modal/test/auto/DeepModal4.xml
20 ms. Memory: 211968K Free: 148894K (70%)
----------------- Invoking toplevel() on ptolemy.moml.MoMLSimpleApplication@4373105d
----------------- Done invoking toplevel() on ptolemy.moml.MoMLSimpleApplication@4373105d
reloadAllAccessors: .DeepModal4

===========================================================================================
----------------- testing Sun Jul 21 05:08:01 UTC 2019 /home/travis/build/icyphy/ptII/ptolemy/domains/modal/test/auto/Default1.xml
----------------- Instantiating /home/travis/build/icyphy/ptII/ptolemy/domains/modal/test/auto/Default1.xml
3 ms. Memory: 211968K Free: 143260K (68%)
----------------- Invoking toplevel() on ptolemy.moml.MoMLSimpleApplication@5349bf85
----------------- Done invoking toplevel() on ptolemy.moml.MoMLSimpleApplication@5349bf85
reloadAllAccessors: .Default1

===========================================================================================
----------------- testing Sun Jul 21 05:08:01 UTC 2019 /home/travis/build/icyphy/ptII/ptolemy/domains/modal/test/auto/Default2.xml
----------------- Instantiating /home/travis/build/icyphy/ptII/ptolemy/domains/modal/test/auto/Default2.xml
10 ms. Memory: 211968K Free: 137630K (65%)
----------------- Invoking toplevel() on ptolemy.moml.MoMLSimpleApplication@6c449593
----------------- Done invoking toplevel() on ptolemy.moml.MoMLSimpleApplication@6c449593
reloadAllAccessors: .Default2

===========================================================================================
----------------- testing Sun Jul 21 05:08:01 UTC 2019 /home/travis/build/icyphy/ptII/ptolemy/domains/modal/test/auto/Default3.xml
----------------- Instantiating /home/travis/build/icyphy/ptII/ptolemy/domains/modal/test/auto/Default3.xml
5 ms. Memory: 211968K Free: 131486K (62%)
----------------- Invoking toplevel() on ptolemy.moml.MoMLSimpleApplication@6f55cffc
----------------- Done invoking toplevel() on ptolemy.moml.MoMLSimpleApplication@6f55cffc
reloadAllAccessors: .Default3

===========================================================================================
----------------- testing Sun Jul 21 05:08:01 UTC 2019 /home/travis/build/icyphy/ptII/ptolemy/domains/modal/test/auto/Default4.xml
----------------- Instantiating /home/travis/build/icyphy/ptII/ptolemy/domains/modal/test/auto/Default4.xml
6 ms. Memory: 211968K Free: 125342K (59%)
----------------- Invoking toplevel() on ptolemy.moml.MoMLSimpleApplication@1a067ebc
----------------- Done invoking toplevel() on ptolemy.moml.MoMLSimpleApplication@1a067ebc
reloadAllAccessors: .Default4

===========================================================================================
----------------- testing Sun Jul 21 05:08:01 UTC 2019 /home/travis/build/icyphy/ptII/ptolemy/domains/modal/test/auto/Default5.xml
----------------- Instantiating /home/travis/build/icyphy/ptII/ptolemy/domains/modal/test/auto/Default5.xml
9 ms. Memory: 211968K Free: 117150K (55%)
----------------- Invoking toplevel() on ptolemy.moml.MoMLSimpleApplication@390b8486
----------------- Done invoking toplevel() on ptolemy.moml.MoMLSimpleApplication@390b8486
reloadAllAccessors: .Default5

===========================================================================================
----------------- testing Sun Jul 21 05:08:01 UTC 2019 /home/travis/build/icyphy/ptII/ptolemy/domains/modal/test/auto/EmptyGuard.xml
----------------- Instantiating /home/travis/build/icyphy/ptII/ptolemy/domains/modal/test/auto/EmptyGuard.xml
15 ms. Memory: 211968K Free: 109462K (52%)
----------------- Invoking toplevel() on ptolemy.moml.MoMLSimpleApplication@5cd4f7f1
----------------- Done invoking toplevel() on ptolemy.moml.MoMLSimpleApplication@5cd4f7f1
reloadAllAccessors: .EmptyGuard

===========================================================================================
----------------- testing Sun Jul 21 05:08:01 UTC 2019 /home/travis/build/icyphy/ptII/ptolemy/domains/modal/test/auto/ErrorTransition1.xml
----------------- Instantiating /home/travis/build/icyphy/ptII/ptolemy/domains/modal/test/auto/ErrorTransition1.xml
11 ms. Memory: 211968K Free: 101276K (48%)
----------------- Invoking toplevel() on ptolemy.moml.MoMLSimpleApplication@3a31b74b
----------------- Done invoking toplevel() on ptolemy.moml.MoMLSimpleApplication@3a31b74b
reloadAllAccessors: .ErrorTransition1

===========================================================================================
----------------- testing Sun Jul 21 05:08:01 UTC 2019 /home/travis/build/icyphy/ptII/ptolemy/domains/modal/test/auto/ErrorTransition10.xml
----------------- Instantiating /home/travis/build/icyphy/ptII/ptolemy/domains/modal/test/auto/ErrorTransition10.xml
18 ms. Memory: 211968K Free: 87454K (41%)
----------------- Invoking toplevel() on ptolemy.moml.MoMLSimpleApplication@5d7f5b68
----------------- Done invoking toplevel() on ptolemy.moml.MoMLSimpleApplication@5d7f5b68
reloadAllAccessors: .ErrorTransition10

===========================================================================================
----------------- testing Sun Jul 21 05:08:01 UTC 2019 /home/travis/build/icyphy/ptII/ptolemy/domains/modal/test/auto/ErrorTransition11.xml
----------------- Instantiating /home/travis/build/icyphy/ptII/ptolemy/domains/modal/test/auto/ErrorTransition11.xml
4 ms. Memory: 211968K Free: 76190K (36%)
----------------- Invoking toplevel() on ptolemy.moml.MoMLSimpleApplication@52c9fcbc
----------------- Done invoking toplevel() on ptolemy.moml.MoMLSimpleApplication@52c9fcbc
reloadAllAccessors: .ErrorTransition11

===========================================================================================
----------------- testing Sun Jul 21 05:08:01 UTC 2019 /home/travis/build/icyphy/ptII/ptolemy/domains/modal/test/auto/ErrorTransition2.xml
----------------- Instantiating /home/travis/build/icyphy/ptII/ptolemy/domains/modal/test/auto/ErrorTransition2.xml
11 ms. Memory: 254976K Free: 232329K (91%)
----------------- Invoking toplevel() on ptolemy.moml.MoMLSimpleApplication@31976c59
----------------- Done invoking toplevel() on ptolemy.moml.MoMLSimpleApplication@31976c59
reloadAllAccessors: .ErrorTransition2

===========================================================================================
----------------- testing Sun Jul 21 05:08:01 UTC 2019 /home/travis/build/icyphy/ptII/ptolemy/domains/modal/test/auto/ErrorTransition3.xml
----------------- Instantiating /home/travis/build/icyphy/ptII/ptolemy/domains/modal/test/auto/ErrorTransition3.xml
27 ms. Memory: 254976K Free: 222603K (87%)
----------------- Invoking toplevel() on ptolemy.moml.MoMLSimpleApplication@2f7c6182
----------------- Done invoking toplevel() on ptolemy.moml.MoMLSimpleApplication@2f7c6182
reloadAllAccessors: .ErrorTransition3

===========================================================================================
----------------- testing Sun Jul 21 05:08:01 UTC 2019 /home/travis/build/icyphy/ptII/ptolemy/domains/modal/test/auto/ErrorTransition4.xml
----------------- Instantiating /home/travis/build/icyphy/ptII/ptolemy/domains/modal/test/auto/ErrorTransition4.xml
14 ms. Memory: 254976K Free: 211339K (83%)
----------------- Invoking toplevel() on ptolemy.moml.MoMLSimpleApplication@2c9331e1
----------------- Done invoking toplevel() on ptolemy.moml.MoMLSimpleApplication@2c9331e1
reloadAllAccessors: .ErrorTransition4

===========================================================================================
----------------- testing Sun Jul 21 05:08:01 UTC 2019 /home/travis/build/icyphy/ptII/ptolemy/domains/modal/test/auto/ErrorTransition5.xml
----------------- Instantiating /home/travis/build/icyphy/ptII/ptolemy/domains/modal/test/auto/ErrorTransition5.xml
14 ms. Memory: 254976K Free: 201099K (79%)
----------------- Invoking toplevel() on ptolemy.moml.MoMLSimpleApplication@24e89ea5
----------------- Done invoking toplevel() on ptolemy.moml.MoMLSimpleApplication@24e89ea5
reloadAllAccessors: .ErrorTransition5

===========================================================================================
----------------- testing Sun Jul 21 05:08:01 UTC 2019 /home/travis/build/icyphy/ptII/ptolemy/domains/modal/test/auto/ErrorTransition6.xml
----------------- Instantiating /home/travis/build/icyphy/ptII/ptolemy/domains/modal/test/auto/ErrorTransition6.xml
11 ms. Memory: 254976K Free: 190345K (75%)
----------------- Invoking toplevel() on ptolemy.moml.MoMLSimpleApplication@388ecec1
----------------- Done invoking toplevel() on ptolemy.moml.MoMLSimpleApplication@388ecec1
reloadAllAccessors: .ErrorTransition6

===========================================================================================
----------------- testing Sun Jul 21 05:08:01 UTC 2019 /home/travis/build/icyphy/ptII/ptolemy/domains/modal/test/auto/ErrorTransition7.xml
----------------- Instantiating /home/travis/build/icyphy/ptII/ptolemy/domains/modal/test/auto/ErrorTransition7.xml
19 ms. Memory: 254976K Free: 177547K (70%)
----------------- Invoking toplevel() on ptolemy.moml.MoMLSimpleApplication@5cf5b8f6
----------------- Done invoking toplevel() on ptolemy.moml.MoMLSimpleApplication@5cf5b8f6
reloadAllAccessors: .ErrorTransition7

===========================================================================================
----------------- testing Sun Jul 21 05:08:02 UTC 2019 /home/travis/build/icyphy/ptII/ptolemy/domains/modal/test/auto/ErrorTransition8.xml
----------------- Instantiating /home/travis/build/icyphy/ptII/ptolemy/domains/modal/test/auto/ErrorTransition8.xml
33 ms. Memory: 254976K Free: 164745K (65%)
----------------- Invoking toplevel() on ptolemy.moml.MoMLSimpleApplication@24b35027
----------------- Done invoking toplevel() on ptolemy.moml.MoMLSimpleApplication@24b35027
reloadAllAccessors: .ErrorTransition8

===========================================================================================
----------------- testing Sun Jul 21 05:08:02 UTC 2019 /home/travis/build/icyphy/ptII/ptolemy/domains/modal/test/auto/ErrorTransition9.xml
----------------- Instantiating /home/travis/build/icyphy/ptII/ptolemy/domains/modal/test/auto/ErrorTransition9.xml
17 ms. Memory: 254976K Free: 151433K (59%)
----------------- Invoking toplevel() on ptolemy.moml.MoMLSimpleApplication@f90bf60
----------------- Done invoking toplevel() on ptolemy.moml.MoMLSimpleApplication@f90bf60
reloadAllAccessors: .ErrorTransition9

===========================================================================================
----------------- testing Sun Jul 21 05:08:02 UTC 2019 /home/travis/build/icyphy/ptII/ptolemy/domains/modal/test/auto/ExtendedFSM.xml
----------------- Instantiating /home/travis/build/icyphy/ptII/ptolemy/domains/modal/test/auto/ExtendedFSM.xml
6 ms. Memory: 254976K Free: 142731K (56%)
----------------- Invoking toplevel() on ptolemy.moml.MoMLSimpleApplication@5803a2b8
----------------- Done invoking toplevel() on ptolemy.moml.MoMLSimpleApplication@5803a2b8
reloadAllAccessors: .ExtendedFSM

===========================================================================================
----------------- testing Sun Jul 21 05:08:02 UTC 2019 /home/travis/build/icyphy/ptII/ptolemy/domains/modal/test/auto/FinalStates.xml
----------------- Instantiating /home/travis/build/icyphy/ptII/ptolemy/domains/modal/test/auto/FinalStates.xml
10 ms. Memory: 254976K Free: 134539K (53%)
----------------- Invoking toplevel() on ptolemy.moml.MoMLSimpleApplication@38306c1f
----------------- Done invoking toplevel() on ptolemy.moml.MoMLSimpleApplication@38306c1f
reloadAllAccessors: .FinalStates

===========================================================================================
----------------- testing Sun Jul 21 05:08:02 UTC 2019 /home/travis/build/icyphy/ptII/ptolemy/domains/modal/test/auto/FixedPointFSM.xml
----------------- Instantiating /home/travis/build/icyphy/ptII/ptolemy/domains/modal/test/auto/FixedPointFSM.xml
20 ms. Memory: 254976K Free: 119682K (47%)
----------------- Invoking toplevel() on ptolemy.moml.MoMLSimpleApplication@1095a267
----------------- Done invoking toplevel() on ptolemy.moml.MoMLSimpleApplication@1095a267
reloadAllAccessors: .FixedPointFSM

===========================================================================================
----------------- testing Sun Jul 21 05:08:02 UTC 2019 /home/travis/build/icyphy/ptII/ptolemy/domains/modal/test/auto/FixedPointIterationFSMActor.xml
----------------- Instantiating /home/travis/build/icyphy/ptII/ptolemy/domains/modal/test/auto/FixedPointIterationFSMActor.xml
7 ms. Memory: 254976K Free: 109442K (43%)
----------------- Invoking toplevel() on ptolemy.moml.MoMLSimpleApplication@7fa2a34d
----------------- Done invoking toplevel() on ptolemy.moml.MoMLSimpleApplication@7fa2a34d
reloadAllAccessors: .FixedPointIterationFSMActor

===========================================================================================
----------------- testing Sun Jul 21 05:08:02 UTC 2019 /home/travis/build/icyphy/ptII/ptolemy/domains/modal/test/auto/FixedPointIterationFSMActor2.xml
----------------- Instantiating /home/travis/build/icyphy/ptII/ptolemy/domains/modal/test/auto/FixedPointIterationFSMActor2.xml
13 ms. Memory: 254976K Free: 97675K (38%)
----------------- Invoking toplevel() on ptolemy.moml.MoMLSimpleApplication@5df7c164
----------------- Done invoking toplevel() on ptolemy.moml.MoMLSimpleApplication@5df7c164
reloadAllAccessors: .FixedPointIterationFSMActor2

===========================================================================================
----------------- testing Sun Jul 21 05:08:02 UTC 2019 /home/travis/build/icyphy/ptII/ptolemy/domains/modal/test/auto/ForbiddenInstantanousLoop.xml
----------------- Instantiating /home/travis/build/icyphy/ptII/ptolemy/domains/modal/test/auto/ForbiddenInstantanousLoop.xml
8 ms. Memory: 254976K Free: 232793K (91%)
----------------- Invoking toplevel() on ptolemy.moml.MoMLSimpleApplication@5cd988f4
----------------- Done invoking toplevel() on ptolemy.moml.MoMLSimpleApplication@5cd988f4
reloadAllAccessors: .ForbiddenInstantanousLoop

===========================================================================================
----------------- testing Sun Jul 21 05:08:02 UTC 2019 /home/travis/build/icyphy/ptII/ptolemy/domains/modal/test/auto/FunctionDependencyOfFSMActorTest.xml
----------------- Instantiating /home/travis/build/icyphy/ptII/ptolemy/domains/modal/test/auto/FunctionDependencyOfFSMActorTest.xml
14 ms. Memory: 254976K Free: 225634K (88%)
----------------- Invoking toplevel() on ptolemy.moml.MoMLSimpleApplication@508215a9
----------------- Done invoking toplevel() on ptolemy.moml.MoMLSimpleApplication@508215a9
reloadAllAccessors: .FunctionDependencyOfFSMActorTest

===========================================================================================
----------------- testing Sun Jul 21 05:08:02 UTC 2019 /home/travis/build/icyphy/ptII/ptolemy/domains/modal/test/auto/GuardExpression.xml
----------------- Instantiating /home/travis/build/icyphy/ptII/ptolemy/domains/modal/test/auto/GuardExpression.xml
1 ms. Memory: 254976K Free: 220519K (86%)
----------------- Invoking toplevel() on ptolemy.moml.MoMLSimpleApplication@2eb34108
----------------- Done invoking toplevel() on ptolemy.moml.MoMLSimpleApplication@2eb34108
reloadAllAccessors: .GuardExpression

===========================================================================================
----------------- testing Sun Jul 21 05:08:02 UTC 2019 /home/travis/build/icyphy/ptII/ptolemy/domains/modal/test/auto/GuardNotEvaluated.xml
----------------- Instantiating /home/travis/build/icyphy/ptII/ptolemy/domains/modal/test/auto/GuardNotEvaluated.xml
7 ms. Memory: 254976K Free: 211817K (83%)
----------------- Invoking toplevel() on ptolemy.moml.MoMLSimpleApplication@72963cf6
----------------- Done invoking toplevel() on ptolemy.moml.MoMLSimpleApplication@72963cf6
reloadAllAccessors: .GuardNotEvaluated

===========================================================================================
----------------- testing Sun Jul 21 05:08:02 UTC 2019 /home/travis/build/icyphy/ptII/ptolemy/domains/modal/test/auto/GuardNotEvaluated2.xml
----------------- Instantiating /home/travis/build/icyphy/ptII/ptolemy/domains/modal/test/auto/GuardNotEvaluated2.xml
9 ms. Memory: 254976K Free: 202087K (79%)
----------------- Invoking toplevel() on ptolemy.moml.MoMLSimpleApplication@2014bf9
----------------- Done invoking toplevel() on ptolemy.moml.MoMLSimpleApplication@2014bf9
reloadAllAccessors: .GuardNotEvaluated2

===========================================================================================
----------------- testing Sun Jul 21 05:08:02 UTC 2019 /home/travis/build/icyphy/ptII/ptolemy/domains/modal/test/auto/GuardOnAbsent.xml
----------------- Instantiating /home/travis/build/icyphy/ptII/ptolemy/domains/modal/test/auto/GuardOnAbsent.xml
10 ms. Memory: 254976K Free: 194409K (76%)
----------------- Invoking toplevel() on ptolemy.moml.MoMLSimpleApplication@4c1a2e64
----------------- Done invoking toplevel() on ptolemy.moml.MoMLSimpleApplication@4c1a2e64
reloadAllAccessors: .GuardOnAbsent

===========================================================================================
----------------- testing Sun Jul 21 05:08:02 UTC 2019 /home/travis/build/icyphy/ptII/ptolemy/domains/modal/test/auto/HierarchicalFSMTypeInference.xml
----------------- Instantiating /home/travis/build/icyphy/ptII/ptolemy/domains/modal/test/auto/HierarchicalFSMTypeInference.xml
5 ms. Memory: 254976K Free: 183655K (72%)
----------------- Invoking toplevel() on ptolemy.moml.MoMLSimpleApplication@3e2077dd
----------------- Done invoking toplevel() on ptolemy.moml.MoMLSimpleApplication@3e2077dd
reloadAllAccessors: .HierarchicalFSMTypeInference

===========================================================================================
----------------- testing Sun Jul 21 05:08:02 UTC 2019 /home/travis/build/icyphy/ptII/ptolemy/domains/modal/test/auto/Hysteresis.xml
----------------- Instantiating /home/travis/build/icyphy/ptII/ptolemy/domains/modal/test/auto/Hysteresis.xml
15 ms. Memory: 254976K Free: 170329K (67%)
----------------- Invoking toplevel() on ptolemy.moml.MoMLSimpleApplication@6f3eb188
----------------- Done invoking toplevel() on ptolemy.moml.MoMLSimpleApplication@6f3eb188
reloadAllAccessors: .Hysteresis

===========================================================================================
----------------- testing Sun Jul 21 05:08:02 UTC 2019 /home/travis/build/icyphy/ptII/ptolemy/domains/modal/test/auto/HysteresisWithDefault.xml
----------------- Instantiating /home/travis/build/icyphy/ptII/ptolemy/domains/modal/test/auto/HysteresisWithDefault.xml
46 ms. Memory: 254976K Free: 147305K (58%)
----------------- Invoking toplevel() on ptolemy.moml.MoMLSimpleApplication@691c9cb
----------------- Done invoking toplevel() on ptolemy.moml.MoMLSimpleApplication@691c9cb
reloadAllAccessors: .HysteresisWithDefault

===========================================================================================
----------------- testing Sun Jul 21 05:08:02 UTC 2019 /home/travis/build/icyphy/ptII/ptolemy/domains/modal/test/auto/HysteresisWithDefault2.xml
----------------- Instantiating /home/travis/build/icyphy/ptII/ptolemy/domains/modal/test/auto/HysteresisWithDefault2.xml
51 ms. Memory: 254976K Free: 118105K (46%)
----------------- Invoking toplevel() on ptolemy.moml.MoMLSimpleApplication@16c789d
----------------- Done invoking toplevel() on ptolemy.moml.MoMLSimpleApplication@16c789d
reloadAllAccessors: .HysteresisWithDefault2

===========================================================================================
----------------- testing Sun Jul 21 05:08:02 UTC 2019 /home/travis/build/icyphy/ptII/ptolemy/domains/modal/test/auto/ImmediateNonConstructiveness.xml
----------------- Instantiating /home/travis/build/icyphy/ptII/ptolemy/domains/modal/test/auto/ImmediateNonConstructiveness.xml
3 ms. Memory: 254976K Free: 110937K (44%)
----------------- Invoking toplevel() on ptolemy.moml.MoMLSimpleApplication@187b4586
----------------- Done invoking toplevel() on ptolemy.moml.MoMLSimpleApplication@187b4586
reloadAllAccessors: .ImmediateNonConstructiveness

===========================================================================================
----------------- testing Sun Jul 21 05:08:02 UTC 2019 /home/travis/build/icyphy/ptII/ptolemy/domains/modal/test/auto/ImmediateNonConstructiveness2.xml
----------------- Instantiating /home/travis/build/icyphy/ptII/ptolemy/domains/modal/test/auto/ImmediateNonConstructiveness2.xml
2 ms. Memory: 254976K Free: 104297K (41%)
----------------- Invoking toplevel() on ptolemy.moml.MoMLSimpleApplication@54a418eb
----------------- Done invoking toplevel() on ptolemy.moml.MoMLSimpleApplication@54a418eb
reloadAllAccessors: .ImmediateNonConstructiveness2

===========================================================================================
----------------- testing Sun Jul 21 05:08:02 UTC 2019 /home/travis/build/icyphy/ptII/ptolemy/domains/modal/test/auto/ImmediateTransitionReset.xml
----------------- Instantiating /home/travis/build/icyphy/ptII/ptolemy/domains/modal/test/auto/ImmediateTransitionReset.xml
9 ms. Memory: 254976K Free: 92519K (36%)
----------------- Invoking toplevel() on ptolemy.moml.MoMLSimpleApplication@4e7d3db5
----------------- Done invoking toplevel() on ptolemy.moml.MoMLSimpleApplication@4e7d3db5
reloadAllAccessors: .ImmediateTransitionReset

===========================================================================================
----------------- testing Sun Jul 21 05:08:02 UTC 2019 /home/travis/build/icyphy/ptII/ptolemy/domains/modal/test/auto/ImmediateTransitions1.xml
----------------- Instantiating /home/travis/build/icyphy/ptII/ptolemy/domains/modal/test/auto/ImmediateTransitions1.xml
1 ms. Memory: 254976K Free: 233798K (92%)
----------------- Invoking toplevel() on ptolemy.moml.MoMLSimpleApplication@24f2f303
----------------- Done invoking toplevel() on ptolemy.moml.MoMLSimpleApplication@24f2f303
reloadAllAccessors: .ImmediateTransitions1

===========================================================================================
----------------- testing Sun Jul 21 05:08:02 UTC 2019 /home/travis/build/icyphy/ptII/ptolemy/domains/modal/test/auto/ImmediateTransitionsInstantaneousCommunication.xml
----------------- Instantiating /home/travis/build/icyphy/ptII/ptolemy/domains/modal/test/auto/ImmediateTransitionsInstantaneousCommunication.xml
4 ms. Memory: 254976K Free: 221516K (87%)
----------------- Invoking toplevel() on ptolemy.moml.MoMLSimpleApplication@752f5526
----------------- Done invoking toplevel() on ptolemy.moml.MoMLSimpleApplication@752f5526
reloadAllAccessors: .ImmediateTransitionsInstantaneousCommunication

===========================================================================================
----------------- testing Sun Jul 21 05:08:02 UTC 2019 /home/travis/build/icyphy/ptII/ptolemy/domains/modal/test/auto/InitialImmediateTransition.xml
----------------- Instantiating /home/travis/build/icyphy/ptII/ptolemy/domains/modal/test/auto/InitialImmediateTransition.xml
3 ms. Memory: 254976K Free: 214342K (84%)
----------------- Invoking toplevel() on ptolemy.moml.MoMLSimpleApplication@6fd87b9a
----------------- Done invoking toplevel() on ptolemy.moml.MoMLSimpleApplication@6fd87b9a
reloadAllAccessors: .InitialImmediateTransition

===========================================================================================
----------------- testing Sun Jul 21 05:08:02 UTC 2019 /home/travis/build/icyphy/ptII/ptolemy/domains/modal/test/auto/InitialOutputs.xml
----------------- Instantiating /home/travis/build/icyphy/ptII/ptolemy/domains/modal/test/auto/InitialOutputs.xml
3 ms. Memory: 254976K Free: 208204K (82%)
----------------- Invoking toplevel() on ptolemy.moml.MoMLSimpleApplication@41263ae5
----------------- Done invoking toplevel() on ptolemy.moml.MoMLSimpleApplication@41263ae5
reloadAllAccessors: .InitialOutputs

===========================================================================================
----------------- testing Sun Jul 21 05:08:02 UTC 2019 /home/travis/build/icyphy/ptII/ptolemy/domains/modal/test/auto/InitialStateTransition1.xml
----------------- Instantiating /home/travis/build/icyphy/ptII/ptolemy/domains/modal/test/auto/InitialStateTransition1.xml
2 ms. Memory: 254976K Free: 201036K (79%)
----------------- Invoking toplevel() on ptolemy.moml.MoMLSimpleApplication@5f57c951
----------------- Done invoking toplevel() on ptolemy.moml.MoMLSimpleApplication@5f57c951
reloadAllAccessors: .InitialStateTransition1

===========================================================================================
----------------- testing Sun Jul 21 05:08:03 UTC 2019 /home/travis/build/icyphy/ptII/ptolemy/domains/modal/test/auto/InitialStateTransition2.xml
----------------- Instantiating /home/travis/build/icyphy/ptII/ptolemy/domains/modal/test/auto/InitialStateTransition2.xml
.InitialStateTransition2.TestExceptionAttributeNonConstructive: initialize() was not invoked, but wrapup() was.  This is unusual, but not always a problem.  For example, exporting JNLP will do this.
2 ms. Memory: 254976K Free: 193868K (76%)
----------------- Invoking toplevel() on ptolemy.moml.MoMLSimpleApplication@1fbda641
----------------- Done invoking toplevel() on ptolemy.moml.MoMLSimpleApplication@1fbda641
reloadAllAccessors: .InitialStateTransition2

===========================================================================================
----------------- testing Sun Jul 21 05:08:03 UTC 2019 /home/travis/build/icyphy/ptII/ptolemy/domains/modal/test/auto/InitialStateTransition3.xml
----------------- Instantiating /home/travis/build/icyphy/ptII/ptolemy/domains/modal/test/auto/InitialStateTransition3.xml
4 ms. Memory: 254976K Free: 185676K (73%)
----------------- Invoking toplevel() on ptolemy.moml.MoMLSimpleApplication@18408312
----------------- Done invoking toplevel() on ptolemy.moml.MoMLSimpleApplication@18408312
reloadAllAccessors: .InitialStateTransition3

===========================================================================================
----------------- testing Sun Jul 21 05:08:03 UTC 2019 /home/travis/build/icyphy/ptII/ptolemy/domains/modal/test/auto/InitialStateTransition4.xml
----------------- Instantiating /home/travis/build/icyphy/ptII/ptolemy/domains/modal/test/auto/InitialStateTransition4.xml
5 ms. Memory: 254976K Free: 175950K (69%)
----------------- Invoking toplevel() on ptolemy.moml.MoMLSimpleApplication@3f38695f
----------------- Done invoking toplevel() on ptolemy.moml.MoMLSimpleApplication@3f38695f
[...]
reloadAllAccessors: .TerminationTransition3

===========================================================================================
----------------- testing Sun Jul 21 05:08:05 UTC 2019 /home/travis/build/icyphy/ptII/ptolemy/domains/modal/test/auto/TerminationTransition4.xml
----------------- Instantiating /home/travis/build/icyphy/ptII/ptolemy/domains/modal/test/auto/TerminationTransition4.xml
6 ms. Memory: 306176K Free: 114117K (37%)
----------------- Invoking toplevel() on ptolemy.moml.MoMLSimpleApplication@5c514629
----------------- Done invoking toplevel() on ptolemy.moml.MoMLSimpleApplication@5c514629
reloadAllAccessors: .TerminationTransition4

===========================================================================================
----------------- testing Sun Jul 21 05:08:05 UTC 2019 /home/travis/build/icyphy/ptII/ptolemy/domains/modal/test/auto/TerminationTransition5.xml
----------------- Instantiating /home/travis/build/icyphy/ptII/ptolemy/domains/modal/test/auto/TerminationTransition5.xml
3 ms. Memory: 306176K Free: 277888K (91%)
----------------- Invoking toplevel() on ptolemy.moml.MoMLSimpleApplication@6fce07e7
----------------- Done invoking toplevel() on ptolemy.moml.MoMLSimpleApplication@6fce07e7
reloadAllAccessors: .TerminationTransition5

===========================================================================================
----------------- testing Sun Jul 21 05:08:05 UTC 2019 /home/travis/build/icyphy/ptII/ptolemy/domains/modal/test/auto/TerminationTransition6.xml
----------------- Instantiating /home/travis/build/icyphy/ptII/ptolemy/domains/modal/test/auto/TerminationTransition6.xml
2 ms. Memory: 306176K Free: 269500K (88%)
----------------- Invoking toplevel() on ptolemy.moml.MoMLSimpleApplication@265b3f6a
----------------- Done invoking toplevel() on ptolemy.moml.MoMLSimpleApplication@265b3f6a
reloadAllAccessors: .TerminationTransition6

===========================================================================================
----------------- testing Sun Jul 21 05:08:05 UTC 2019 /home/travis/build/icyphy/ptII/ptolemy/domains/modal/test/auto/TerminationTransition7.xml
----------------- Instantiating /home/travis/build/icyphy/ptII/ptolemy/domains/modal/test/auto/TerminationTransition7.xml
2 ms. Memory: 306176K Free: 259770K (85%)
----------------- Invoking toplevel() on ptolemy.moml.MoMLSimpleApplication@88fed2b
----------------- Done invoking toplevel() on ptolemy.moml.MoMLSimpleApplication@88fed2b
reloadAllAccessors: .TerminationTransition7

===========================================================================================
----------------- testing Sun Jul 21 05:08:05 UTC 2019 /home/travis/build/icyphy/ptII/ptolemy/domains/modal/test/auto/TerminationTransition8.xml
----------------- Instantiating /home/travis/build/icyphy/ptII/ptolemy/domains/modal/test/auto/TerminationTransition8.xml
2 ms. Memory: 306176K Free: 250554K (82%)
----------------- Invoking toplevel() on ptolemy.moml.MoMLSimpleApplication@32c15601
----------------- Done invoking toplevel() on ptolemy.moml.MoMLSimpleApplication@32c15601
reloadAllAccessors: .TerminationTransition8

===========================================================================================
----------------- testing Sun Jul 21 05:08:05 UTC 2019 /home/travis/build/icyphy/ptII/ptolemy/domains/modal/test/auto/Thermostat_NoHysteresis.xml
----------------- Instantiating /home/travis/build/icyphy/ptII/ptolemy/domains/modal/test/auto/Thermostat_NoHysteresis.xml
26 ms. Memory: 306176K Free: 225978K (74%)
----------------- Invoking toplevel() on ptolemy.moml.MoMLSimpleApplication@aa4ca45
----------------- Done invoking toplevel() on ptolemy.moml.MoMLSimpleApplication@aa4ca45
reloadAllAccessors: .Thermostat_NoHysteresis

===========================================================================================
----------------- testing Sun Jul 21 05:08:05 UTC 2019 /home/travis/build/icyphy/ptII/ptolemy/domains/modal/test/auto/TimedFSM.xml
----------------- Instantiating /home/travis/build/icyphy/ptII/ptolemy/domains/modal/test/auto/TimedFSM.xml
9 ms. Memory: 306176K Free: 214204K (70%)
----------------- Invoking toplevel() on ptolemy.moml.MoMLSimpleApplication@3a5f6a9b
----------------- Done invoking toplevel() on ptolemy.moml.MoMLSimpleApplication@3a5f6a9b
reloadAllAccessors: .TimedFSM

===========================================================================================
----------------- testing Sun Jul 21 05:08:05 UTC 2019 /home/travis/build/icyphy/ptII/ptolemy/domains/modal/test/auto/Timeout1.xml
----------------- Instantiating /home/travis/build/icyphy/ptII/ptolemy/domains/modal/test/auto/Timeout1.xml
3 ms. Memory: 306176K Free: 208556K (68%)
----------------- Invoking toplevel() on ptolemy.moml.MoMLSimpleApplication@59cb14e0
----------------- Done invoking toplevel() on ptolemy.moml.MoMLSimpleApplication@59cb14e0
reloadAllAccessors: .Timeout1

===========================================================================================
----------------- testing Sun Jul 21 05:08:05 UTC 2019 /home/travis/build/icyphy/ptII/ptolemy/domains/modal/test/auto/Timeout2.xml
----------------- Instantiating /home/travis/build/icyphy/ptII/ptolemy/domains/modal/test/auto/Timeout2.xml
9 ms. Memory: 306176K Free: 199868K (65%)
----------------- Invoking toplevel() on ptolemy.moml.MoMLSimpleApplication@6b0b5237
----------------- Done invoking toplevel() on ptolemy.moml.MoMLSimpleApplication@6b0b5237
reloadAllAccessors: .Timeout2

===========================================================================================
----------------- testing Sun Jul 21 05:08:05 UTC 2019 /home/travis/build/icyphy/ptII/ptolemy/domains/modal/test/auto/Timeout3.xml
----------------- Instantiating /home/travis/build/icyphy/ptII/ptolemy/domains/modal/test/auto/Timeout3.xml
2 ms. Memory: 306176K Free: 194748K (64%)
----------------- Invoking toplevel() on ptolemy.moml.MoMLSimpleApplication@2a9452ed
----------------- Done invoking toplevel() on ptolemy.moml.MoMLSimpleApplication@2a9452ed
reloadAllAccessors: .Timeout3

===========================================================================================
----------------- testing Sun Jul 21 05:08:05 UTC 2019 /home/travis/build/icyphy/ptII/ptolemy/domains/modal/test/auto/Timeout4.xml
----------------- Instantiating /home/travis/build/icyphy/ptII/ptolemy/domains/modal/test/auto/Timeout4.xml
2 ms. Memory: 306176K Free: 189628K (62%)
----------------- Invoking toplevel() on ptolemy.moml.MoMLSimpleApplication@720216df
----------------- Done invoking toplevel() on ptolemy.moml.MoMLSimpleApplication@720216df
reloadAllAccessors: .Timeout4

===========================================================================================
----------------- testing Sun Jul 21 05:08:05 UTC 2019 /home/travis/build/icyphy/ptII/ptolemy/domains/modal/test/auto/TransientstateModelAdvanced.xml
----------------- Instantiating /home/travis/build/icyphy/ptII/ptolemy/domains/modal/test/auto/TransientstateModelAdvanced.xml
3 ms. Memory: 306176K Free: 177836K (58%)
----------------- Invoking toplevel() on ptolemy.moml.MoMLSimpleApplication@6cf295bb
----------------- Done invoking toplevel() on ptolemy.moml.MoMLSimpleApplication@6cf295bb
reloadAllAccessors: .TransientstateModelAdvanced

===========================================================================================
----------------- testing Sun Jul 21 05:08:05 UTC 2019 /home/travis/build/icyphy/ptII/ptolemy/domains/modal/test/auto/TransientstateModelAdvanced2.xml
----------------- Instantiating /home/travis/build/icyphy/ptII/ptolemy/domains/modal/test/auto/TransientstateModelAdvanced2.xml
3 ms. Memory: 306176K Free: 163484K (53%)
----------------- Invoking toplevel() on ptolemy.moml.MoMLSimpleApplication@6ad2dec
----------------- Done invoking toplevel() on ptolemy.moml.MoMLSimpleApplication@6ad2dec
reloadAllAccessors: .transientstatemodelAdvanced

===========================================================================================
----------------- testing Sun Jul 21 05:08:05 UTC 2019 /home/travis/build/icyphy/ptII/ptolemy/domains/modal/test/auto/TransitionRefinements.xml
----------------- Instantiating /home/travis/build/icyphy/ptII/ptolemy/domains/modal/test/auto/TransitionRefinements.xml
7 ms. Memory: 306176K Free: 153788K (50%)
----------------- Invoking toplevel() on ptolemy.moml.MoMLSimpleApplication@524d5f85
----------------- Done invoking toplevel() on ptolemy.moml.MoMLSimpleApplication@524d5f85
reloadAllAccessors: .TransitionRefinements

===========================================================================================
----------------- testing Sun Jul 21 05:08:05 UTC 2019 /home/travis/build/icyphy/ptII/ptolemy/domains/modal/test/auto/TwoRefinements1.xml
----------------- Instantiating /home/travis/build/icyphy/ptII/ptolemy/domains/modal/test/auto/TwoRefinements1.xml
3 ms. Memory: 306176K Free: 144058K (47%)
----------------- Invoking toplevel() on ptolemy.moml.MoMLSimpleApplication@79d92c5b
----------------- Done invoking toplevel() on ptolemy.moml.MoMLSimpleApplication@79d92c5b
reloadAllAccessors: .TwoRefinements1

===========================================================================================
----------------- testing Sun Jul 21 05:08:05 UTC 2019 /home/travis/build/icyphy/ptII/ptolemy/domains/modal/test/auto/TwoRefinements2.xml
----------------- Instantiating /home/travis/build/icyphy/ptII/ptolemy/domains/modal/test/auto/TwoRefinements2.xml
2 ms. Memory: 306176K Free: 134332K (44%)
----------------- Invoking toplevel() on ptolemy.moml.MoMLSimpleApplication@64b9807b
----------------- Done invoking toplevel() on ptolemy.moml.MoMLSimpleApplication@64b9807b
reloadAllAccessors: .TwoRefinements2

===========================================================================================
----------------- testing Sun Jul 21 05:08:05 UTC 2019 /home/travis/build/icyphy/ptII/ptolemy/domains/modal/test/auto/WeakImmediateTransition.xml
----------------- Instantiating /home/travis/build/icyphy/ptII/ptolemy/domains/modal/test/auto/WeakImmediateTransition.xml
3 ms. Memory: 306176K Free: 125626K (41%)
----------------- Invoking toplevel() on ptolemy.moml.MoMLSimpleApplication@30f449ed
----------------- Done invoking toplevel() on ptolemy.moml.MoMLSimpleApplication@30f449ed
reloadAllAccessors: .WeakImmediateTransition

===========================================================================================
----------------- testing Sun Jul 21 05:08:05 UTC 2019 /home/travis/build/icyphy/ptII/ptolemy/domains/modal/test/auto/booleanSelect.xml
----------------- Instantiating /home/travis/build/icyphy/ptII/ptolemy/domains/modal/test/auto/booleanSelect.xml
36 ms. Memory: 306176K Free: 107708K (35%)
----------------- Invoking toplevel() on ptolemy.moml.MoMLSimpleApplication@7b564a5e
----------------- Done invoking toplevel() on ptolemy.moml.MoMLSimpleApplication@7b564a5e
reloadAllAccessors: .booleanSelect

===========================================================================================
----------------- testing Sun Jul 21 05:08:05 UTC 2019 /home/travis/build/icyphy/ptII/ptolemy/domains/modal/test/auto/modalChangingParams.xml
----------------- Instantiating /home/travis/build/icyphy/ptII/ptolemy/domains/modal/test/auto/modalChangingParams.xml
0
1
0
2
4
6
8
7
0
2
4
6
8
13
0
2
4
6
8
19
0
2
4
6
8
25
0
2
4
6
8
31
0
2
4
6
8
37
0
2
4
6
8
43
0
2
4
6
8
49
0
2
4
6
8
55
0
2
4
6
8
61
0
2
4
6
8
67
0
2
4
6
8
73
0
2
4
6
8
79
0
2
4
6
8
85
0
2
4
6
8
91
0
2
4
6
8
97
0
2
4
6
8
103
0
2
4
6
8
109
0
2
4
6
8
115
0
2
4
6
8
121
0
2
4
6
8
127
0
2
4
6
8
133
0
2
4
6
8
139
0
2
4
6
8
145
0
2
4
6
8
151
0
2
4
6
8
157
0
2
4
6
8
163
0
2
4
6
8
169
0
2
4
6
8
175
0
2
4
6
8
181
0
2
4
6
8
187
0
2
4
6
8
193
0
2
4
6
8
199
0
2
4
6
8
205
0
2
4
6
8
211
0
2
4
6
8
217
0
2
4
6
8
223
0
2
4
6
8
229
0
2
4
6
8
235
0
2
4
6
8
241
0
2
4
6
8
247
0
2
4
6
8
253
0
2
4
6
8
259
0
2
4
6
8
265
0
2
4
6
8
271
0
2
4
6
8
277
0
2
4
6
8
283
0
2
4
6
8
289
0
2
4
6
8
295
0
2
4
6
8
301
0
2
4
6
8
307
0
2
4
6
8
313
0
2
4
6
8
319
0
2
4
6
8
325
0
2
4
6
8
331
0
2
4
6
8
337
0
2
4
6
8
343
0
2
4
6
8
349
0
2
4
6
8
355
0
2
4
6
8
361
0
2
4
6
8
367
0
2
4
6
8
373
0
2
4
6
8
379
0
2
4
6
8
385
0
2
4
6
8
391
0
2
4
6
8
397
0
2
4
6
8
403
0
2
4
6
8
409
0
2
4
6
8
415
0
2
4
6
8
421
0
2
4
6
8
427
0
2
4
6
8
433
0
2
4
6
8
439
0
2
4
6
8
445
0
2
4
6
8
451
0
2
4
6
8
457
0
2
4
6
8
463
0
2
4
6
8
469
0
2
4
6
8
475
0
2
4
6
8
481
0
2
4
6
8
487
0
2
4
6
8
493
0
2
4
6
8
499
0
2
4
6
8
505
0
2
4
6
8
511
0
2
4
6
8
517
0
2
4
6
8
523
0
2
4
6
8
529
0
2
4
6
8
535
0
2
4
6
8
541
0
2
4
6
8
547
0
2
4
6
8
553
0
2
4
6
8
559
0
2
4
6
8
565
0
2
4
6
8
571
0
2
4
6
8
577
0
2
4
6
8
583
0
2
4
6
8
589
0
2
4
6
8
595
0
2
4
6
8
601
0
2
4
6
8
607
0
2
4
6
8
613
0
2
4
6
8
619
0
2
4
6
8
625
0
2
4
6
8
631
0
2
4
6
8
637
0
2
4
6
8
643
0
2
4
6
8
649
0
2
4
6
8
655
0
2
4
6
8
661
0
2
4
6
8
667
0
2
4
6
8
673
0
2
4
6
8
679
0
2
4
6
8
685
0
2
4
6
8
691
0
2
4
6
8
697
0
2
4
6
8
703
0
2
4
6
8
709
0
2
4
6
8
715
0
2
4
6
8
721
0
2
4
6
8
727
0
2
4
6
8
733
0
2
4
6
8
739
0
2
4
6
8
745
0
2
4
6
8
751
0
2
4
6
8
757
0
2
4
6
8
763
0
2
4
6
8
769
0
2
4
6
8
775
0
2
4
6
8
781
0
2
4
6
8
787
0
2
4
6
8
793
0
2
4
6
8
799
0
2
4
6
8
805
0
2
4
6
8
811
0
2
4
6
8
817
0
2
4
6
8
823
0
2
4
6
8
829
0
2
4
6
8
835
0
2
4
6
8
841
0
2
4
6
8
847
0
2
4
6
8
853
0
2
4
6
8
859
0
2
4
6
8
865
0
2
4
6
8
871
0
2
4
6
8
877
0
2
4
6
8
883
0
2
4
6
8
889
0
2
4
6
8
895
0
2
4
6
8
901
0
2
4
6
8
907
0
2
4
6
8
913
0
2
4
6
8
919
0
2
4
6
8
925
0
2
4
6
8
931
0
2
4
6
8
937
0
2
4
6
8
943
0
2
4
6
8
949
0
2
4
6
8
955
0
2
4
6
8
961
0
2
4
6
8
967
0
2
4
6
8
973
0
2
4
6
8
979
0
2
4
6
8
985
0
2
4
6
8
991
0
2
4
6
8
997
0
2
285 ms. Memory: 306176K Free: 172138K (56%)
----------------- Invoking toplevel() on ptolemy.moml.MoMLSimpleApplication@6bd60e4f
----------------- Done invoking toplevel() on ptolemy.moml.MoMLSimpleApplication@6bd60e4f
reloadAllAccessors: .modalChangingParams

===========================================================================================
----------------- testing Sun Jul 21 05:08:05 UTC 2019 /home/travis/build/icyphy/ptII/ptolemy/domains/modal/test/auto/modalModel.xml
----------------- Instantiating /home/travis/build/icyphy/ptII/ptolemy/domains/modal/test/auto/modalModel.xml
5 ms. Memory: 306176K Free: 163432K (53%)
----------------- Invoking toplevel() on ptolemy.moml.MoMLSimpleApplication@eb58252
----------------- Done invoking toplevel() on ptolemy.moml.MoMLSimpleApplication@eb58252
reloadAllAccessors: .modalModel

===========================================================================================
----------------- testing Sun Jul 21 05:08:05 UTC 2019 /home/travis/build/icyphy/ptII/ptolemy/domains/modal/test/auto/modalModel2.xml
----------------- Instantiating /home/travis/build/icyphy/ptII/ptolemy/domains/modal/test/auto/modalModel2.xml
14 ms. Memory: 306176K Free: 152682K (50%)
----------------- Invoking toplevel() on ptolemy.moml.MoMLSimpleApplication@65fcdc92
----------------- Done invoking toplevel() on ptolemy.moml.MoMLSimpleApplication@65fcdc92
reloadAllAccessors: .modalModel2

===========================================================================================
----------------- testing Sun Jul 21 05:08:06 UTC 2019 /home/travis/build/icyphy/ptII/ptolemy/domains/modal/test/auto/modalModel3.xml
----------------- Instantiating /home/travis/build/icyphy/ptII/ptolemy/domains/modal/test/auto/modalModel3.xml
0	0	0
1	0	1
4	2	2
7	4	3
10	6	4
5	0	5
8	2	6
11	4	7
14	6	8
9	0	9
12	2	10
15	4	11
18	6	12
13	0	13
16	2	14
18 ms. Memory: 306176K Free: 138346K (45%)
----------------- Invoking toplevel() on ptolemy.moml.MoMLSimpleApplication@5a0bb8b3
----------------- Done invoking toplevel() on ptolemy.moml.MoMLSimpleApplication@5a0bb8b3
reloadAllAccessors: .modalModel3

===========================================================================================
----------------- testing Sun Jul 21 05:08:06 UTC 2019 /home/travis/build/icyphy/ptII/ptolemy/domains/modal/test/auto/model1.xml
----------------- Instantiating /home/travis/build/icyphy/ptII/ptolemy/domains/modal/test/auto/model1.xml
11 ms. Memory: 306176K Free: 132712K (43%)
----------------- Invoking toplevel() on ptolemy.moml.MoMLSimpleApplication@7366789e
----------------- Done invoking toplevel() on ptolemy.moml.MoMLSimpleApplication@7366789e
reloadAllAccessors: .model1

===========================================================================================
----------------- testing Sun Jul 21 05:08:06 UTC 2019 /home/travis/build/icyphy/ptII/ptolemy/domains/modal/test/auto/test-direct-in-out.xml
----------------- Instantiating /home/travis/build/icyphy/ptII/ptolemy/domains/modal/test/auto/test-direct-in-out.xml
5 ms. Memory: 306176K Free: 125034K (41%)
----------------- Invoking toplevel() on ptolemy.moml.MoMLSimpleApplication@5979f11d
----------------- Done invoking toplevel() on ptolemy.moml.MoMLSimpleApplication@5979f11d
reloadAllAccessors: .test-direct-in-out
AutoTests.java: About to close Vertx.
AutoTests.java: Vertx closed.
]]></system-out>
  <system-err><![CDATA[java.lang.RuntimeException: Execution failed
	at ptolemy.moml.MoMLSimpleApplication$UnloadThread.run(MoMLSimpleApplication.java:402)
Caused by: ptolemy.kernel.util.IllegalActionException: Unknown inputs remain. Possible causality loop:
L_model_1893289564i

  in .CannotAnalysisWithPreemption.model_1893289564_region_1 and .CannotAnalysisWithPreemption.model_1893289564_region_1.L_model_1893289564i
	at ptolemy.actor.sched.FixedPointDirector.postfire(FixedPointDirector.java:515)
	at ptolemy.domains.sr.kernel.SRDirector.postfire(SRDirector.java:417)
	at ptolemy.actor.CompositeActor.postfire(CompositeActor.java:1668)
	at ptolemy.actor.Manager.iterate(Manager.java:852)
	at ptolemy.actor.Manager.execute(Manager.java:369)
	at ptolemy.actor.Manager.run(Manager.java:1263)
	at ptolemy.actor.Manager$PtolemyRunThread.run(Manager.java:1933)
java.lang.reflect.InvocationTargetException
	at java.base/jdk.internal.reflect.NativeConstructorAccessorImpl.newInstance0(Native Method)
	at java.base/jdk.internal.reflect.NativeConstructorAccessorImpl.newInstance(NativeConstructorAccessorImpl.java:62)
	at java.base/jdk.internal.reflect.DelegatingConstructorAccessorImpl.newInstance(DelegatingConstructorAccessorImpl.java:45)
	at java.base/java.lang.reflect.Constructor.newInstance(Constructor.java:490)
	at ptolemy.util.test.junit.AutoKnownFailedTests.RunModel(AutoKnownFailedTests.java:105)
	at java.base/jdk.internal.reflect.NativeMethodAccessorImpl.invoke0(Native Method)
	at java.base/jdk.internal.reflect.NativeMethodAccessorImpl.invoke(NativeMethodAccessorImpl.java:62)
	at java.base/jdk.internal.reflect.DelegatingMethodAccessorImpl.invoke(DelegatingMethodAccessorImpl.java:43)
	at java.base/java.lang.reflect.Method.invoke(Method.java:566)
	at org.junit.runners.model.FrameworkMethod$1.runReflectiveCall(FrameworkMethod.java:44)
	at org.junit.internal.runners.model.ReflectiveCallable.run(ReflectiveCallable.java:15)
	at org.junit.runners.model.FrameworkMethod.invokeExplosively(FrameworkMethod.java:41)
	at junitparams.internal.InvokeParameterisedMethod.evaluate(InvokeParameterisedMethod.java:102)
	at org.junit.internal.runners.statements.FailOnTimeout$1.run(FailOnTimeout.java:28)
Caused by: ptolemy.kernel.util.IllegalActionException: Unknown inputs remain. Possible causality loop:
L_model_1893289564i

  in .CannotAnalysisWithPreemption.model_1893289564_region_1 and .CannotAnalysisWithPreemption.model_1893289564_region_1.L_model_1893289564i
	at ptolemy.actor.sched.FixedPointDirector.postfire(FixedPointDirector.java:515)
	at ptolemy.domains.sr.kernel.SRDirector.postfire(SRDirector.java:417)
	at ptolemy.actor.CompositeActor.postfire(CompositeActor.java:1668)
	at ptolemy.actor.Manager.iterate(Manager.java:852)
	at ptolemy.actor.Manager.execute(Manager.java:369)
	at ptolemy.actor.Manager.run(Manager.java:1263)
	at ptolemy.actor.Manager$PtolemyRunThread.run(Manager.java:1933)
]]></system-err>
</testsuite>
