<?xml version="1.0" encoding="UTF-8" ?>
<testsuite errors="0" failures="0" hostname="travis-job-6ecb505d-5351-4dad-942b-5f9d839dc6bf" name="ptolemy.domains.modal.test.junit.JUnitTclTest" skipped="0" tests="148" time="10.119" timestamp="2018-11-30T02:56:34">
  <properties>
[...]
</properties>
  <testcase classname="ptolemy.util.test.junit.TclTests" name="[0] /home/travis/build/icyphy/ptII/ptolemy/domains/modal/test/SystemLevelType.tcl (RunTclFile)" time="1.867" />
  <testcase classname="ptolemy.util.test.junit.AutoKnownFailedTests" name="[0] /home/travis/build/icyphy/ptII/ptolemy/domains/modal/test/auto/knownFailedTests/CannotAnalysisWithPreemption.xml (RunModel)" time="0.119" />
  <testcase classname="ptolemy.util.test.junit.AutoNameArchTests" name="[0] ThereAreNoAutoArchTests (RunModel)" time="0.008" />
  <testcase classname="ptolemy.util.test.junit.AutoTests" name="[0] /home/travis/build/icyphy/ptII/ptolemy/domains/modal/test/auto/ABPTest.xml (RunModel)" time="0.79" />
  <testcase classname="ptolemy.util.test.junit.AutoTests" name="[1] /home/travis/build/icyphy/ptII/ptolemy/domains/modal/test/auto/ABROFlat.xml (RunModel)" time="0.082" />
  <testcase classname="ptolemy.util.test.junit.AutoTests" name="[2] /home/travis/build/icyphy/ptII/ptolemy/domains/modal/test/auto/ABROFlat2.xml (RunModel)" time="0.072" />
  <testcase classname="ptolemy.util.test.junit.AutoTests" name="[3] /home/travis/build/icyphy/ptII/ptolemy/domains/modal/test/auto/ABRO_present_hmm.xml (RunModel)" time="0.141" />
  <testcase classname="ptolemy.util.test.junit.AutoTests" name="[4] /home/travis/build/icyphy/ptII/ptolemy/domains/modal/test/auto/AMICoderExample.xml (RunModel)" time="0.056" />
  <testcase classname="ptolemy.util.test.junit.AutoTests" name="[5] /home/travis/build/icyphy/ptII/ptolemy/domains/modal/test/auto/AbsentToPresent.xml (RunModel)" time="0.019" />
  <testcase classname="ptolemy.util.test.junit.AutoTests" name="[6] /home/travis/build/icyphy/ptII/ptolemy/domains/modal/test/auto/Blending.xml (RunModel)" time="0.303" />
  <testcase classname="ptolemy.util.test.junit.AutoTests" name="[7] /home/travis/build/icyphy/ptII/ptolemy/domains/modal/test/auto/Broadcast.xml (RunModel)" time="0.037" />
  <testcase classname="ptolemy.util.test.junit.AutoTests" name="[8] /home/travis/build/icyphy/ptII/ptolemy/domains/modal/test/auto/BroadcastHierarchy.xml (RunModel)" time="0.059" />
  <testcase classname="ptolemy.util.test.junit.AutoTests" name="[9] /home/travis/build/icyphy/ptII/ptolemy/domains/modal/test/auto/BroadcastHierarchy2.xml (RunModel)" time="0.117" />
  <testcase classname="ptolemy.util.test.junit.AutoTests" name="[10] /home/travis/build/icyphy/ptII/ptolemy/domains/modal/test/auto/BroadcastHierarchy3.xml (RunModel)" time="0.096" />
  <testcase classname="ptolemy.util.test.junit.AutoTests" name="[11] /home/travis/build/icyphy/ptII/ptolemy/domains/modal/test/auto/BroadcastHierarchy4.xml (RunModel)" time="0.078" />
  <testcase classname="ptolemy.util.test.junit.AutoTests" name="[12] /home/travis/build/icyphy/ptII/ptolemy/domains/modal/test/auto/CannotAnalysisWithPreemption2.xml (RunModel)" time="0.028" />
  <testcase classname="ptolemy.util.test.junit.AutoTests" name="[13] /home/travis/build/icyphy/ptII/ptolemy/domains/modal/test/auto/CannotAnalysisWithPreemption3.xml (RunModel)" time="0.037" />
  <testcase classname="ptolemy.util.test.junit.AutoTests" name="[14] /home/travis/build/icyphy/ptII/ptolemy/domains/modal/test/auto/CannotProduce.xml (RunModel)" time="0.024" />
  <testcase classname="ptolemy.util.test.junit.AutoTests" name="[15] /home/travis/build/icyphy/ptII/ptolemy/domains/modal/test/auto/CannotProduceModal.xml (RunModel)" time="0.024" />
  <testcase classname="ptolemy.util.test.junit.AutoTests" name="[16] /home/travis/build/icyphy/ptII/ptolemy/domains/modal/test/auto/Case.xml (RunModel)" time="0.062" />
  <testcase classname="ptolemy.util.test.junit.AutoTests" name="[17] /home/travis/build/icyphy/ptII/ptolemy/domains/modal/test/auto/Case1.xml (RunModel)" time="0.036" />
  <testcase classname="ptolemy.util.test.junit.AutoTests" name="[18] /home/travis/build/icyphy/ptII/ptolemy/domains/modal/test/auto/Case2.xml (RunModel)" time="0.064" />
  <testcase classname="ptolemy.util.test.junit.AutoTests" name="[19] /home/travis/build/icyphy/ptII/ptolemy/domains/modal/test/auto/CausalityInterface1.xml (RunModel)" time="0.035" />
  <testcase classname="ptolemy.util.test.junit.AutoTests" name="[20] /home/travis/build/icyphy/ptII/ptolemy/domains/modal/test/auto/CausalityInterface10.xml (RunModel)" time="0.062" />
  <testcase classname="ptolemy.util.test.junit.AutoTests" name="[21] /home/travis/build/icyphy/ptII/ptolemy/domains/modal/test/auto/CausalityInterface11.xml (RunModel)" time="0.062" />
  <testcase classname="ptolemy.util.test.junit.AutoTests" name="[22] /home/travis/build/icyphy/ptII/ptolemy/domains/modal/test/auto/CausalityInterface12.xml (RunModel)" time="0.051" />
  <testcase classname="ptolemy.util.test.junit.AutoTests" name="[23] /home/travis/build/icyphy/ptII/ptolemy/domains/modal/test/auto/CausalityInterface13.xml (RunModel)" time="0.056" />
  <testcase classname="ptolemy.util.test.junit.AutoTests" name="[24] /home/travis/build/icyphy/ptII/ptolemy/domains/modal/test/auto/CausalityInterface14.xml (RunModel)" time="0.047" />
  <testcase classname="ptolemy.util.test.junit.AutoTests" name="[25] /home/travis/build/icyphy/ptII/ptolemy/domains/modal/test/auto/CausalityInterface2.xml (RunModel)" time="0.028" />
  <testcase classname="ptolemy.util.test.junit.AutoTests" name="[26] /home/travis/build/icyphy/ptII/ptolemy/domains/modal/test/auto/CausalityInterface3.xml (RunModel)" time="0.038" />
  <testcase classname="ptolemy.util.test.junit.AutoTests" name="[27] /home/travis/build/icyphy/ptII/ptolemy/domains/modal/test/auto/CausalityInterface4.xml (RunModel)" time="0.023" />
  <testcase classname="ptolemy.util.test.junit.AutoTests" name="[28] /home/travis/build/icyphy/ptII/ptolemy/domains/modal/test/auto/CausalityInterface5.xml (RunModel)" time="0.035" />
  <testcase classname="ptolemy.util.test.junit.AutoTests" name="[29] /home/travis/build/icyphy/ptII/ptolemy/domains/modal/test/auto/CausalityInterface6.xml (RunModel)" time="0.038" />
  <testcase classname="ptolemy.util.test.junit.AutoTests" name="[30] /home/travis/build/icyphy/ptII/ptolemy/domains/modal/test/auto/CausalityInterface7.xml (RunModel)" time="0.037" />
  <testcase classname="ptolemy.util.test.junit.AutoTests" name="[31] /home/travis/build/icyphy/ptII/ptolemy/domains/modal/test/auto/CausalityInterface8.xml (RunModel)" time="0.045" />
  <testcase classname="ptolemy.util.test.junit.AutoTests" name="[32] /home/travis/build/icyphy/ptII/ptolemy/domains/modal/test/auto/CausalityInterface9.xml (RunModel)" time="0.035" />
  <testcase classname="ptolemy.util.test.junit.AutoTests" name="[33] /home/travis/build/icyphy/ptII/ptolemy/domains/modal/test/auto/ChainedTransitions.xml (RunModel)" time="0.144" />
  <testcase classname="ptolemy.util.test.junit.AutoTests" name="[34] /home/travis/build/icyphy/ptII/ptolemy/domains/modal/test/auto/CycleOfImmediateTransitionsFSM.xml (RunModel)" time="0.025" />
  <testcase classname="ptolemy.util.test.junit.AutoTests" name="[35] /home/travis/build/icyphy/ptII/ptolemy/domains/modal/test/auto/CycleOfImmediateTransitionsModal.xml (RunModel)" time="0.024" />
  <testcase classname="ptolemy.util.test.junit.AutoTests" name="[36] /home/travis/build/icyphy/ptII/ptolemy/domains/modal/test/auto/CycleOfImmediateTransitionsModal2.xml (RunModel)" time="0.03" />
  <testcase classname="ptolemy.util.test.junit.AutoTests" name="[37] /home/travis/build/icyphy/ptII/ptolemy/domains/modal/test/auto/CycleOfImmediateTransitionsModal3.xml (RunModel)" time="0.077" />
  <testcase classname="ptolemy.util.test.junit.AutoTests" name="[38] /home/travis/build/icyphy/ptII/ptolemy/domains/modal/test/auto/DeepModal1.xml (RunModel)" time="0.057" />
  <testcase classname="ptolemy.util.test.junit.AutoTests" name="[39] /home/travis/build/icyphy/ptII/ptolemy/domains/modal/test/auto/DeepModal2.xml (RunModel)" time="0.086" />
  <testcase classname="ptolemy.util.test.junit.AutoTests" name="[40] /home/travis/build/icyphy/ptII/ptolemy/domains/modal/test/auto/DeepModal3.xml (RunModel)" time="0.073" />
  <testcase classname="ptolemy.util.test.junit.AutoTests" name="[41] /home/travis/build/icyphy/ptII/ptolemy/domains/modal/test/auto/DeepModal4.xml (RunModel)" time="0.088" />
  <testcase classname="ptolemy.util.test.junit.AutoTests" name="[42] /home/travis/build/icyphy/ptII/ptolemy/domains/modal/test/auto/Default1.xml (RunModel)" time="0.023" />
  <testcase classname="ptolemy.util.test.junit.AutoTests" name="[43] /home/travis/build/icyphy/ptII/ptolemy/domains/modal/test/auto/Default2.xml (RunModel)" time="0.021" />
  <testcase classname="ptolemy.util.test.junit.AutoTests" name="[44] /home/travis/build/icyphy/ptII/ptolemy/domains/modal/test/auto/Default3.xml (RunModel)" time="0.023" />
  <testcase classname="ptolemy.util.test.junit.AutoTests" name="[45] /home/travis/build/icyphy/ptII/ptolemy/domains/modal/test/auto/Default4.xml (RunModel)" time="0.023" />
  <testcase classname="ptolemy.util.test.junit.AutoTests" name="[46] /home/travis/build/icyphy/ptII/ptolemy/domains/modal/test/auto/Default5.xml (RunModel)" time="0.03" />
  <testcase classname="ptolemy.util.test.junit.AutoTests" name="[47] /home/travis/build/icyphy/ptII/ptolemy/domains/modal/test/auto/EmptyGuard.xml (RunModel)" time="0.031" />
  <testcase classname="ptolemy.util.test.junit.AutoTests" name="[48] /home/travis/build/icyphy/ptII/ptolemy/domains/modal/test/auto/ErrorTransition1.xml (RunModel)" time="0.051" />
  <testcase classname="ptolemy.util.test.junit.AutoTests" name="[49] /home/travis/build/icyphy/ptII/ptolemy/domains/modal/test/auto/ErrorTransition10.xml (RunModel)" time="0.039" />
  <testcase classname="ptolemy.util.test.junit.AutoTests" name="[50] /home/travis/build/icyphy/ptII/ptolemy/domains/modal/test/auto/ErrorTransition11.xml (RunModel)" time="0.035" />
  <testcase classname="ptolemy.util.test.junit.AutoTests" name="[51] /home/travis/build/icyphy/ptII/ptolemy/domains/modal/test/auto/ErrorTransition2.xml (RunModel)" time="0.023" />
  <testcase classname="ptolemy.util.test.junit.AutoTests" name="[52] /home/travis/build/icyphy/ptII/ptolemy/domains/modal/test/auto/ErrorTransition3.xml (RunModel)" time="0.035" />
  <testcase classname="ptolemy.util.test.junit.AutoTests" name="[53] /home/travis/build/icyphy/ptII/ptolemy/domains/modal/test/auto/ErrorTransition4.xml (RunModel)" time="0.035" />
  <testcase classname="ptolemy.util.test.junit.AutoTests" name="[54] /home/travis/build/icyphy/ptII/ptolemy/domains/modal/test/auto/ErrorTransition5.xml (RunModel)" time="0.028" />
  <testcase classname="ptolemy.util.test.junit.AutoTests" name="[55] /home/travis/build/icyphy/ptII/ptolemy/domains/modal/test/auto/ErrorTransition6.xml (RunModel)" time="0.028" />
  <testcase classname="ptolemy.util.test.junit.AutoTests" name="[56] /home/travis/build/icyphy/ptII/ptolemy/domains/modal/test/auto/ErrorTransition7.xml (RunModel)" time="0.036" />
  <testcase classname="ptolemy.util.test.junit.AutoTests" name="[57] /home/travis/build/icyphy/ptII/ptolemy/domains/modal/test/auto/ErrorTransition8.xml (RunModel)" time="0.05" />
  <testcase classname="ptolemy.util.test.junit.AutoTests" name="[58] /home/travis/build/icyphy/ptII/ptolemy/domains/modal/test/auto/ErrorTransition9.xml (RunModel)" time="0.036" />
  <testcase classname="ptolemy.util.test.junit.AutoTests" name="[59] /home/travis/build/icyphy/ptII/ptolemy/domains/modal/test/auto/ExtendedFSM.xml (RunModel)" time="0.041" />
  <testcase classname="ptolemy.util.test.junit.AutoTests" name="[60] /home/travis/build/icyphy/ptII/ptolemy/domains/modal/test/auto/FinalStates.xml (RunModel)" time="0.023" />
  <testcase classname="ptolemy.util.test.junit.AutoTests" name="[61] /home/travis/build/icyphy/ptII/ptolemy/domains/modal/test/auto/FixedPointFSM.xml (RunModel)" time="0.049" />
  <testcase classname="ptolemy.util.test.junit.AutoTests" name="[62] /home/travis/build/icyphy/ptII/ptolemy/domains/modal/test/auto/FixedPointIterationFSMActor.xml (RunModel)" time="0.029" />
  <testcase classname="ptolemy.util.test.junit.AutoTests" name="[63] /home/travis/build/icyphy/ptII/ptolemy/domains/modal/test/auto/FixedPointIterationFSMActor2.xml (RunModel)" time="0.034" />
  <testcase classname="ptolemy.util.test.junit.AutoTests" name="[64] /home/travis/build/icyphy/ptII/ptolemy/domains/modal/test/auto/ForbiddenInstantanousLoop.xml (RunModel)" time="0.034" />
  <testcase classname="ptolemy.util.test.junit.AutoTests" name="[65] /home/travis/build/icyphy/ptII/ptolemy/domains/modal/test/auto/FunctionDependencyOfFSMActorTest.xml (RunModel)" time="0.019" />
  <testcase classname="ptolemy.util.test.junit.AutoTests" name="[66] /home/travis/build/icyphy/ptII/ptolemy/domains/modal/test/auto/GuardExpression.xml (RunModel)" time="0.014" />
  <testcase classname="ptolemy.util.test.junit.AutoTests" name="[67] /home/travis/build/icyphy/ptII/ptolemy/domains/modal/test/auto/GuardNotEvaluated.xml (RunModel)" time="0.022" />
  <testcase classname="ptolemy.util.test.junit.AutoTests" name="[68] /home/travis/build/icyphy/ptII/ptolemy/domains/modal/test/auto/GuardNotEvaluated2.xml (RunModel)" time="0.025" />
  <testcase classname="ptolemy.util.test.junit.AutoTests" name="[69] /home/travis/build/icyphy/ptII/ptolemy/domains/modal/test/auto/GuardOnAbsent.xml (RunModel)" time="0.02" />
  <testcase classname="ptolemy.util.test.junit.AutoTests" name="[70] /home/travis/build/icyphy/ptII/ptolemy/domains/modal/test/auto/HierarchicalFSMTypeInference.xml (RunModel)" time="0.028" />
  <testcase classname="ptolemy.util.test.junit.AutoTests" name="[71] /home/travis/build/icyphy/ptII/ptolemy/domains/modal/test/auto/Hysteresis.xml (RunModel)" time="0.043" />
  <testcase classname="ptolemy.util.test.junit.AutoTests" name="[72] /home/travis/build/icyphy/ptII/ptolemy/domains/modal/test/auto/HysteresisWithDefault.xml (RunModel)" time="0.063" />
  <testcase classname="ptolemy.util.test.junit.AutoTests" name="[73] /home/travis/build/icyphy/ptII/ptolemy/domains/modal/test/auto/HysteresisWithDefault2.xml (RunModel)" time="0.068" />
  <testcase classname="ptolemy.util.test.junit.AutoTests" name="[74] /home/travis/build/icyphy/ptII/ptolemy/domains/modal/test/auto/ImmediateNonConstructiveness.xml (RunModel)" time="0.019" />
  <testcase classname="ptolemy.util.test.junit.AutoTests" name="[75] /home/travis/build/icyphy/ptII/ptolemy/domains/modal/test/auto/ImmediateNonConstructiveness2.xml (RunModel)" time="0.017" />
  <testcase classname="ptolemy.util.test.junit.AutoTests" name="[76] /home/travis/build/icyphy/ptII/ptolemy/domains/modal/test/auto/ImmediateTransitionReset.xml (RunModel)" time="0.035" />
  <testcase classname="ptolemy.util.test.junit.AutoTests" name="[77] /home/travis/build/icyphy/ptII/ptolemy/domains/modal/test/auto/ImmediateTransitions1.xml (RunModel)" time="0.02" />
  <testcase classname="ptolemy.util.test.junit.AutoTests" name="[78] /home/travis/build/icyphy/ptII/ptolemy/domains/modal/test/auto/ImmediateTransitionsInstantaneousCommunication.xml (RunModel)" time="0.034" />
  <testcase classname="ptolemy.util.test.junit.AutoTests" name="[79] /home/travis/build/icyphy/ptII/ptolemy/domains/modal/test/auto/InitialImmediateTransition.xml (RunModel)" time="0.016" />
  <testcase classname="ptolemy.util.test.junit.AutoTests" name="[80] /home/travis/build/icyphy/ptII/ptolemy/domains/modal/test/auto/InitialOutputs.xml (RunModel)" time="0.016" />
  <testcase classname="ptolemy.util.test.junit.AutoTests" name="[81] /home/travis/build/icyphy/ptII/ptolemy/domains/modal/test/auto/InitialStateTransition1.xml (RunModel)" time="0.02" />
  <testcase classname="ptolemy.util.test.junit.AutoTests" name="[82] /home/travis/build/icyphy/ptII/ptolemy/domains/modal/test/auto/InitialStateTransition2.xml (RunModel)" time="0.043" />
  <testcase classname="ptolemy.util.test.junit.AutoTests" name="[83] /home/travis/build/icyphy/ptII/ptolemy/domains/modal/test/auto/InitialStateTransition3.xml (RunModel)" time="0.024" />
  <testcase classname="ptolemy.util.test.junit.AutoTests" name="[84] /home/travis/build/icyphy/ptII/ptolemy/domains/modal/test/auto/InitialStateTransition4.xml (RunModel)" time="0.024" />
  <testcase classname="ptolemy.util.test.junit.AutoTests" name="[85] /home/travis/build/icyphy/ptII/ptolemy/domains/modal/test/auto/MalformedGuardExpressionNotCaught.xml (RunModel)" time="0.023" />
  <testcase classname="ptolemy.util.test.junit.AutoTests" name="[86] /home/travis/build/icyphy/ptII/ptolemy/domains/modal/test/auto/ModalBSC.xml (RunModel)" time="0.087" />
  <testcase classname="ptolemy.util.test.junit.AutoTests" name="[87] /home/travis/build/icyphy/ptII/ptolemy/domains/modal/test/auto/ModalClocks.xml (RunModel)" time="0.085" />
  <testcase classname="ptolemy.util.test.junit.AutoTests" name="[88] /home/travis/build/icyphy/ptII/ptolemy/domains/modal/test/auto/ModalDelay.xml (RunModel)" time="0.045" />
  <testcase classname="ptolemy.util.test.junit.AutoTests" name="[89] /home/travis/build/icyphy/ptII/ptolemy/domains/modal/test/auto/ModalDelay2.xml (RunModel)" time="0.058" />
  <testcase classname="ptolemy.util.test.junit.AutoTests" name="[90] /home/travis/build/icyphy/ptII/ptolemy/domains/modal/test/auto/ModalModelFromMemo.xml (RunModel)" time="0.059" />
  <testcase classname="ptolemy.util.test.junit.AutoTests" name="[91] /home/travis/build/icyphy/ptII/ptolemy/domains/modal/test/auto/ModalModelWithMultirateTransient.xml (RunModel)" time="0.053" />
  <testcase classname="ptolemy.util.test.junit.AutoTests" name="[92] /home/travis/build/icyphy/ptII/ptolemy/domains/modal/test/auto/ModalModelWithReset.xml (RunModel)" time="0.046" />
  <testcase classname="ptolemy.util.test.junit.AutoTests" name="[93] /home/travis/build/icyphy/ptII/ptolemy/domains/modal/test/auto/MouseClickFSM.xml (RunModel)" time="0.036" />
  <testcase classname="ptolemy.util.test.junit.AutoTests" name="[94] /home/travis/build/icyphy/ptII/ptolemy/domains/modal/test/auto/MouseClickFSMModal.xml (RunModel)" time="0.032" />
  <testcase classname="ptolemy.util.test.junit.AutoTests" name="[95] /home/travis/build/icyphy/ptII/ptolemy/domains/modal/test/auto/NonStrictFSM_FeedbackLoop.xml (RunModel)" time="0.045" />
  <testcase classname="ptolemy.util.test.junit.AutoTests" name="[96] /home/travis/build/icyphy/ptII/ptolemy/domains/modal/test/auto/NonStrictFSM_FeedbackLoop_Refinement.xml (RunModel)" time="0.055" />
  <testcase classname="ptolemy.util.test.junit.AutoTests" name="[97] /home/travis/build/icyphy/ptII/ptolemy/domains/modal/test/auto/NonStrictFSM_FeedbackLoop_preemptive.xml (RunModel)" time="0.042" />
  <testcase classname="ptolemy.util.test.junit.AutoTests" name="[98] /home/travis/build/icyphy/ptII/ptolemy/domains/modal/test/auto/NormalTermination.xml (RunModel)" time="0.055" />
  <testcase classname="ptolemy.util.test.junit.AutoTests" name="[99] /home/travis/build/icyphy/ptII/ptolemy/domains/modal/test/auto/Pong.xml (RunModel)" time="0.069" />
  <testcase classname="ptolemy.util.test.junit.AutoTests" name="[100] /home/travis/build/icyphy/ptII/ptolemy/domains/modal/test/auto/Pong_test.xml (RunModel)" time="0.105" />
  <testcase classname="ptolemy.util.test.junit.AutoTests" name="[101] /home/travis/build/icyphy/ptII/ptolemy/domains/modal/test/auto/PreemptionHierarchy.xml (RunModel)" time="0.025" />
  <testcase classname="ptolemy.util.test.junit.AutoTests" name="[102] /home/travis/build/icyphy/ptII/ptolemy/domains/modal/test/auto/PreemptionHierarchy2.xml (RunModel)" time="0.032" />
  <testcase classname="ptolemy.util.test.junit.AutoTests" name="[103] /home/travis/build/icyphy/ptII/ptolemy/domains/modal/test/auto/PreemptiveTransition.xml (RunModel)" time="0.021" />
  <testcase classname="ptolemy.util.test.junit.AutoTests" name="[104] /home/travis/build/icyphy/ptII/ptolemy/domains/modal/test/auto/Priorities.xml (RunModel)" time="0.084" />
  <testcase classname="ptolemy.util.test.junit.AutoTests" name="[105] /home/travis/build/icyphy/ptII/ptolemy/domains/modal/test/auto/ResetFinal.xml (RunModel)" time="0.044" />
  <testcase classname="ptolemy.util.test.junit.AutoTests" name="[106] /home/travis/build/icyphy/ptII/ptolemy/domains/modal/test/auto/ResetFinal2.xml (RunModel)" time="0.031" />
  <testcase classname="ptolemy.util.test.junit.AutoTests" name="[107] /home/travis/build/icyphy/ptII/ptolemy/domains/modal/test/auto/ResetTransitionWithStartTime.xml (RunModel)" time="0.035" />
  <testcase classname="ptolemy.util.test.junit.AutoTests" name="[108] /home/travis/build/icyphy/ptII/ptolemy/domains/modal/test/auto/SDF-FSMComposite.xml (RunModel)" time="0.021" />
  <testcase classname="ptolemy.util.test.junit.AutoTests" name="[109] /home/travis/build/icyphy/ptII/ptolemy/domains/modal/test/auto/SeeminglyNondeterminate.xml (RunModel)" time="0.069" />
  <testcase classname="ptolemy.util.test.junit.AutoTests" name="[110] /home/travis/build/icyphy/ptII/ptolemy/domains/modal/test/auto/SeeminglyNondeterminate2.xml (RunModel)" time="0.066" />
  <testcase classname="ptolemy.util.test.junit.AutoTests" name="[111] /home/travis/build/icyphy/ptII/ptolemy/domains/modal/test/auto/SpontaneousFSM.xml (RunModel)" time="0.036" />
  <testcase classname="ptolemy.util.test.junit.AutoTests" name="[112] /home/travis/build/icyphy/ptII/ptolemy/domains/modal/test/auto/SpontaneousFSM2.xml (RunModel)" time="0.029" />
  <testcase classname="ptolemy.util.test.junit.AutoTests" name="[113] /home/travis/build/icyphy/ptII/ptolemy/domains/modal/test/auto/SpontaneousFSM3.xml (RunModel)" time="0.041" />
  <testcase classname="ptolemy.util.test.junit.AutoTests" name="[114] /home/travis/build/icyphy/ptII/ptolemy/domains/modal/test/auto/SpontaneousFSM4.xml (RunModel)" time="0.036" />
  <testcase classname="ptolemy.util.test.junit.AutoTests" name="[115] /home/travis/build/icyphy/ptII/ptolemy/domains/modal/test/auto/StateTrackerTest.xml (RunModel)" time="0.045" />
  <testcase classname="ptolemy.util.test.junit.AutoTests" name="[116] /home/travis/build/icyphy/ptII/ptolemy/domains/modal/test/auto/StrongImmediateTransition.xml (RunModel)" time="0.033" />
  <testcase classname="ptolemy.util.test.junit.AutoTests" name="[117] /home/travis/build/icyphy/ptII/ptolemy/domains/modal/test/auto/SustainHierarchy.xml (RunModel)" time="0.034" />
  <testcase classname="ptolemy.util.test.junit.AutoTests" name="[118] /home/travis/build/icyphy/ptII/ptolemy/domains/modal/test/auto/TerminationTransition1.xml (RunModel)" time="0.022" />
  <testcase classname="ptolemy.util.test.junit.AutoTests" name="[119] /home/travis/build/icyphy/ptII/ptolemy/domains/modal/test/auto/TerminationTransition2.xml (RunModel)" time="0.027" />
  <testcase classname="ptolemy.util.test.junit.AutoTests" name="[120] /home/travis/build/icyphy/ptII/ptolemy/domains/modal/test/auto/TerminationTransition3.xml (RunModel)" time="0.026" />
  <testcase classname="ptolemy.util.test.junit.AutoTests" name="[121] /home/travis/build/icyphy/ptII/ptolemy/domains/modal/test/auto/TerminationTransition4.xml (RunModel)" time="0.037" />
  <testcase classname="ptolemy.util.test.junit.AutoTests" name="[122] /home/travis/build/icyphy/ptII/ptolemy/domains/modal/test/auto/TerminationTransition5.xml (RunModel)" time="0.037" />
  <testcase classname="ptolemy.util.test.junit.AutoTests" name="[123] /home/travis/build/icyphy/ptII/ptolemy/domains/modal/test/auto/TerminationTransition6.xml (RunModel)" time="0.02" />
  <testcase classname="ptolemy.util.test.junit.AutoTests" name="[124] /home/travis/build/icyphy/ptII/ptolemy/domains/modal/test/auto/TerminationTransition7.xml (RunModel)" time="0.023" />
  <testcase classname="ptolemy.util.test.junit.AutoTests" name="[125] /home/travis/build/icyphy/ptII/ptolemy/domains/modal/test/auto/TerminationTransition8.xml (RunModel)" time="0.024" />
  <testcase classname="ptolemy.util.test.junit.AutoTests" name="[126] /home/travis/build/icyphy/ptII/ptolemy/domains/modal/test/auto/Thermostat_NoHysteresis.xml (RunModel)" time="0.068" />
  <testcase classname="ptolemy.util.test.junit.AutoTests" name="[127] /home/travis/build/icyphy/ptII/ptolemy/domains/modal/test/auto/TimedFSM.xml (RunModel)" time="0.031" />
  <testcase classname="ptolemy.util.test.junit.AutoTests" name="[128] /home/travis/build/icyphy/ptII/ptolemy/domains/modal/test/auto/Timeout1.xml (RunModel)" time="0.012" />
  <testcase classname="ptolemy.util.test.junit.AutoTests" name="[129] /home/travis/build/icyphy/ptII/ptolemy/domains/modal/test/auto/Timeout2.xml (RunModel)" time="0.018" />
  <testcase classname="ptolemy.util.test.junit.AutoTests" name="[130] /home/travis/build/icyphy/ptII/ptolemy/domains/modal/test/auto/Timeout3.xml (RunModel)" time="0.015" />
  <testcase classname="ptolemy.util.test.junit.AutoTests" name="[131] /home/travis/build/icyphy/ptII/ptolemy/domains/modal/test/auto/Timeout4.xml (RunModel)" time="0.012" />
  <testcase classname="ptolemy.util.test.junit.AutoTests" name="[132] /home/travis/build/icyphy/ptII/ptolemy/domains/modal/test/auto/TransientstateModelAdvanced.xml (RunModel)" time="0.025" />
  <testcase classname="ptolemy.util.test.junit.AutoTests" name="[133] /home/travis/build/icyphy/ptII/ptolemy/domains/modal/test/auto/TransientstateModelAdvanced2.xml (RunModel)" time="0.031" />
  <testcase classname="ptolemy.util.test.junit.AutoTests" name="[134] /home/travis/build/icyphy/ptII/ptolemy/domains/modal/test/auto/TransitionRefinements.xml (RunModel)" time="0.029" />
  <testcase classname="ptolemy.util.test.junit.AutoTests" name="[135] /home/travis/build/icyphy/ptII/ptolemy/domains/modal/test/auto/TwoRefinements1.xml (RunModel)" time="0.025" />
  <testcase classname="ptolemy.util.test.junit.AutoTests" name="[136] /home/travis/build/icyphy/ptII/ptolemy/domains/modal/test/auto/TwoRefinements2.xml (RunModel)" time="0.023" />
  <testcase classname="ptolemy.util.test.junit.AutoTests" name="[137] /home/travis/build/icyphy/ptII/ptolemy/domains/modal/test/auto/WeakImmediateTransition.xml (RunModel)" time="0.028" />
  <testcase classname="ptolemy.util.test.junit.AutoTests" name="[138] /home/travis/build/icyphy/ptII/ptolemy/domains/modal/test/auto/booleanSelect.xml (RunModel)" time="0.08" />
  <testcase classname="ptolemy.util.test.junit.AutoTests" name="[139] /home/travis/build/icyphy/ptII/ptolemy/domains/modal/test/auto/modalChangingParams.xml (RunModel)" time="0.231" />
  <testcase classname="ptolemy.util.test.junit.AutoTests" name="[140] /home/travis/build/icyphy/ptII/ptolemy/domains/modal/test/auto/modalModel.xml (RunModel)" time="0.029" />
  <testcase classname="ptolemy.util.test.junit.AutoTests" name="[141] /home/travis/build/icyphy/ptII/ptolemy/domains/modal/test/auto/modalModel2.xml (RunModel)" time="0.036" />
  <testcase classname="ptolemy.util.test.junit.AutoTests" name="[142] /home/travis/build/icyphy/ptII/ptolemy/domains/modal/test/auto/modalModel3.xml (RunModel)" time="0.038" />
  <testcase classname="ptolemy.util.test.junit.AutoTests" name="[143] /home/travis/build/icyphy/ptII/ptolemy/domains/modal/test/auto/model1.xml (RunModel)" time="0.022" />
  <testcase classname="ptolemy.util.test.junit.AutoTests" name="[144] /home/travis/build/icyphy/ptII/ptolemy/domains/modal/test/auto/test-direct-in-out.xml (RunModel)" time="0.018" />
  <system-out><![CDATA[/home/travis/build/icyphy/ptII/ptolemy/domains/modal/test/SystemLevelType.tcl
testDefs.tcl: setting time out to 9000 seconds at Fri Nov 30 02:56:34 UTC 2018
11/30/18 02:56:36
Failed: 0  Total Tests: 1  ((Passed: 1, Newly Passed: 0)  Known Failed: 0) /home/travis/build/icyphy/ptII/ptolemy/domains/modal/test
----------------- testing (KnownFailure) /home/travis/build/icyphy/ptII/ptolemy/domains/modal/test/auto/knownFailedTests/CannotAnalysisWithPreemption.xml
29 ms. Memory: 208384K Free: 185896K (89%)
Known Failure: java.lang.reflect.InvocationTargetException
No auto/linux-amd64/*.xml tests in /home/travis/build/icyphy/ptII/ptolemy/domains/modal/test
AutoTests.java: About to close Vertx.
AutoTests.java: Vertx closed.

===========================================================================================
----------------- testing Fri Nov 30 02:56:37 UTC 2018 /home/travis/build/icyphy/ptII/ptolemy/domains/modal/test/auto/ABPTest.xml
----------------- Instantiating /home/travis/build/icyphy/ptII/ptolemy/domains/modal/test/auto/ABPTest.xml
387 ms. Memory: 332288K Free: 292311K (88%)
----------------- Invoking toplevel() on ptolemy.moml.MoMLSimpleApplication@5b1ceaa7
----------------- Done invoking toplevel() on ptolemy.moml.MoMLSimpleApplication@5b1ceaa7
reloadAllAccessors: .ABPTest

===========================================================================================
----------------- testing Fri Nov 30 02:56:38 UTC 2018 /home/travis/build/icyphy/ptII/ptolemy/domains/modal/test/auto/ABROFlat.xml
----------------- Instantiating /home/travis/build/icyphy/ptII/ptolemy/domains/modal/test/auto/ABROFlat.xml
16 ms. Memory: 332288K Free: 270138K (81%)
----------------- Invoking toplevel() on ptolemy.moml.MoMLSimpleApplication@7b0d185e
----------------- Done invoking toplevel() on ptolemy.moml.MoMLSimpleApplication@7b0d185e
reloadAllAccessors: .ABROFlat

===========================================================================================
----------------- testing Fri Nov 30 02:56:38 UTC 2018 /home/travis/build/icyphy/ptII/ptolemy/domains/modal/test/auto/ABROFlat2.xml
----------------- Instantiating /home/travis/build/icyphy/ptII/ptolemy/domains/modal/test/auto/ABROFlat2.xml
19 ms. Memory: 332288K Free: 252228K (76%)
----------------- Invoking toplevel() on ptolemy.moml.MoMLSimpleApplication@6f139050
----------------- Done invoking toplevel() on ptolemy.moml.MoMLSimpleApplication@6f139050
reloadAllAccessors: .ABROFlat2

===========================================================================================
----------------- testing Fri Nov 30 02:56:38 UTC 2018 /home/travis/build/icyphy/ptII/ptolemy/domains/modal/test/auto/ABRO_present_hmm.xml
----------------- Instantiating /home/travis/build/icyphy/ptII/ptolemy/domains/modal/test/auto/ABRO_present_hmm.xml
37 ms. Memory: 332288K Free: 219664K (66%)
----------------- Invoking toplevel() on ptolemy.moml.MoMLSimpleApplication@7fa54d2c
----------------- Done invoking toplevel() on ptolemy.moml.MoMLSimpleApplication@7fa54d2c
reloadAllAccessors: .ABRO_present_hmm

===========================================================================================
----------------- testing Fri Nov 30 02:56:38 UTC 2018 /home/travis/build/icyphy/ptII/ptolemy/domains/modal/test/auto/AMICoderExample.xml
----------------- Instantiating /home/travis/build/icyphy/ptII/ptolemy/domains/modal/test/auto/AMICoderExample.xml
23 ms. Memory: 332288K Free: 208267K (63%)
----------------- Invoking toplevel() on ptolemy.moml.MoMLSimpleApplication@60cd6f08
----------------- Done invoking toplevel() on ptolemy.moml.MoMLSimpleApplication@60cd6f08
reloadAllAccessors: .AMICoderExample

===========================================================================================
----------------- testing Fri Nov 30 02:56:38 UTC 2018 /home/travis/build/icyphy/ptII/ptolemy/domains/modal/test/auto/AbsentToPresent.xml
----------------- Instantiating /home/travis/build/icyphy/ptII/ptolemy/domains/modal/test/auto/AbsentToPresent.xml
5 ms. Memory: 332288K Free: 199944K (60%)
----------------- Invoking toplevel() on ptolemy.moml.MoMLSimpleApplication@29eb7b35
----------------- Done invoking toplevel() on ptolemy.moml.MoMLSimpleApplication@29eb7b35
reloadAllAccessors: .AbsentToPresent

===========================================================================================
----------------- testing Fri Nov 30 02:56:38 UTC 2018 /home/travis/build/icyphy/ptII/ptolemy/domains/modal/test/auto/Blending.xml
----------------- Instantiating /home/travis/build/icyphy/ptII/ptolemy/domains/modal/test/auto/Blending.xml
170 ms. Memory: 332288K Free: 144586K (44%)
----------------- Invoking toplevel() on ptolemy.moml.MoMLSimpleApplication@400e773
----------------- Done invoking toplevel() on ptolemy.moml.MoMLSimpleApplication@400e773
reloadAllAccessors: .Blending

===========================================================================================
----------------- testing Fri Nov 30 02:56:38 UTC 2018 /home/travis/build/icyphy/ptII/ptolemy/domains/modal/test/auto/Broadcast.xml
----------------- Instantiating /home/travis/build/icyphy/ptII/ptolemy/domains/modal/test/auto/Broadcast.xml
7 ms. Memory: 332288K Free: 131561K (40%)
----------------- Invoking toplevel() on ptolemy.moml.MoMLSimpleApplication@28b937da
----------------- Done invoking toplevel() on ptolemy.moml.MoMLSimpleApplication@28b937da
reloadAllAccessors: .Broadcast

===========================================================================================
----------------- testing Fri Nov 30 02:56:38 UTC 2018 /home/travis/build/icyphy/ptII/ptolemy/domains/modal/test/auto/BroadcastHierarchy.xml
----------------- Instantiating /home/travis/build/icyphy/ptII/ptolemy/domains/modal/test/auto/BroadcastHierarchy.xml
8 ms. Memory: 332288K Free: 113650K (34%)
----------------- Invoking toplevel() on ptolemy.moml.MoMLSimpleApplication@67e20278
----------------- Done invoking toplevel() on ptolemy.moml.MoMLSimpleApplication@67e20278
reloadAllAccessors: .BroadcastHierarchy

===========================================================================================
----------------- testing Fri Nov 30 02:56:38 UTC 2018 /home/travis/build/icyphy/ptII/ptolemy/domains/modal/test/auto/BroadcastHierarchy2.xml
----------------- Instantiating /home/travis/build/icyphy/ptII/ptolemy/domains/modal/test/auto/BroadcastHierarchy2.xml
25 ms. Memory: 332288K Free: 77830K (23%)
----------------- Invoking toplevel() on ptolemy.moml.MoMLSimpleApplication@6c13f638
----------------- Done invoking toplevel() on ptolemy.moml.MoMLSimpleApplication@6c13f638
reloadAllAccessors: .BroadcastHierarchy2

===========================================================================================
----------------- testing Fri Nov 30 02:56:38 UTC 2018 /home/travis/build/icyphy/ptII/ptolemy/domains/modal/test/auto/BroadcastHierarchy3.xml
----------------- Instantiating /home/travis/build/icyphy/ptII/ptolemy/domains/modal/test/auto/BroadcastHierarchy3.xml
10 ms. Memory: 333824K Free: 297866K (89%)
----------------- Invoking toplevel() on ptolemy.moml.MoMLSimpleApplication@5201fc4b
----------------- Done invoking toplevel() on ptolemy.moml.MoMLSimpleApplication@5201fc4b
reloadAllAccessors: .BroadcastHierarchy3

===========================================================================================
----------------- testing Fri Nov 30 02:56:39 UTC 2018 /home/travis/build/icyphy/ptII/ptolemy/domains/modal/test/auto/BroadcastHierarchy4.xml
----------------- Instantiating /home/travis/build/icyphy/ptII/ptolemy/domains/modal/test/auto/BroadcastHierarchy4.xml
16 ms. Memory: 333824K Free: 262984K (79%)
----------------- Invoking toplevel() on ptolemy.moml.MoMLSimpleApplication@e5f8b30
----------------- Done invoking toplevel() on ptolemy.moml.MoMLSimpleApplication@e5f8b30
reloadAllAccessors: .BroadcastHierarchy4

===========================================================================================
----------------- testing Fri Nov 30 02:56:39 UTC 2018 /home/travis/build/icyphy/ptII/ptolemy/domains/modal/test/auto/CannotAnalysisWithPreemption2.xml
----------------- Instantiating /home/travis/build/icyphy/ptII/ptolemy/domains/modal/test/auto/CannotAnalysisWithPreemption2.xml
2 ms. Memory: 333824K Free: 253214K (76%)
----------------- Invoking toplevel() on ptolemy.moml.MoMLSimpleApplication@5f23a2fc
----------------- Done invoking toplevel() on ptolemy.moml.MoMLSimpleApplication@5f23a2fc
reloadAllAccessors: .CannotAnalysisWithPreemption2

===========================================================================================
----------------- testing Fri Nov 30 02:56:39 UTC 2018 /home/travis/build/icyphy/ptII/ptolemy/domains/modal/test/auto/CannotAnalysisWithPreemption3.xml
----------------- Instantiating /home/travis/build/icyphy/ptII/ptolemy/domains/modal/test/auto/CannotAnalysisWithPreemption3.xml
3 ms. Memory: 333824K Free: 240189K (72%)
----------------- Invoking toplevel() on ptolemy.moml.MoMLSimpleApplication@1c38df69
----------------- Done invoking toplevel() on ptolemy.moml.MoMLSimpleApplication@1c38df69
reloadAllAccessors: .CannotAnalysisWithPreemption3

===========================================================================================
----------------- testing Fri Nov 30 02:56:39 UTC 2018 /home/travis/build/icyphy/ptII/ptolemy/domains/modal/test/auto/CannotProduce.xml
----------------- Instantiating /home/travis/build/icyphy/ptII/ptolemy/domains/modal/test/auto/CannotProduce.xml
5 ms. Memory: 333824K Free: 231357K (69%)
----------------- Invoking toplevel() on ptolemy.moml.MoMLSimpleApplication@74966ac4
----------------- Done invoking toplevel() on ptolemy.moml.MoMLSimpleApplication@74966ac4
reloadAllAccessors: .CannotProduce

===========================================================================================
----------------- testing Fri Nov 30 02:56:39 UTC 2018 /home/travis/build/icyphy/ptII/ptolemy/domains/modal/test/auto/CannotProduceModal.xml
----------------- Instantiating /home/travis/build/icyphy/ptII/ptolemy/domains/modal/test/auto/CannotProduceModal.xml
4 ms. Memory: 333824K Free: 223200K (67%)
----------------- Invoking toplevel() on ptolemy.moml.MoMLSimpleApplication@4da33a91
----------------- Done invoking toplevel() on ptolemy.moml.MoMLSimpleApplication@4da33a91
reloadAllAccessors: .CannotProduceModal

===========================================================================================
----------------- testing Fri Nov 30 02:56:39 UTC 2018 /home/travis/build/icyphy/ptII/ptolemy/domains/modal/test/auto/Case.xml
----------------- Instantiating /home/travis/build/icyphy/ptII/ptolemy/domains/modal/test/auto/Case.xml
17 ms. Memory: 333824K Free: 210175K (63%)
----------------- Invoking toplevel() on ptolemy.moml.MoMLSimpleApplication@11811aab
----------------- Done invoking toplevel() on ptolemy.moml.MoMLSimpleApplication@11811aab
reloadAllAccessors: .Case

===========================================================================================
----------------- testing Fri Nov 30 02:56:39 UTC 2018 /home/travis/build/icyphy/ptII/ptolemy/domains/modal/test/auto/Case1.xml
----------------- Instantiating /home/travis/build/icyphy/ptII/ptolemy/domains/modal/test/auto/Case1.xml
8 ms. Memory: 333824K Free: 199716K (60%)
----------------- Invoking toplevel() on ptolemy.moml.MoMLSimpleApplication@166a12b8
----------------- Done invoking toplevel() on ptolemy.moml.MoMLSimpleApplication@166a12b8
reloadAllAccessors: .Case1

===========================================================================================
----------------- testing Fri Nov 30 02:56:39 UTC 2018 /home/travis/build/icyphy/ptII/ptolemy/domains/modal/test/auto/Case2.xml
----------------- Instantiating /home/travis/build/icyphy/ptII/ptolemy/domains/modal/test/auto/Case2.xml
24 ms. Memory: 333824K Free: 186690K (56%)
----------------- Invoking toplevel() on ptolemy.moml.MoMLSimpleApplication@152a99a0
----------------- Done invoking toplevel() on ptolemy.moml.MoMLSimpleApplication@152a99a0
reloadAllAccessors: .Case2

===========================================================================================
----------------- testing Fri Nov 30 02:56:39 UTC 2018 /home/travis/build/icyphy/ptII/ptolemy/domains/modal/test/auto/CausalityInterface1.xml
----------------- Instantiating /home/travis/build/icyphy/ptII/ptolemy/domains/modal/test/auto/CausalityInterface1.xml
4 ms. Memory: 333824K Free: 180177K (54%)
----------------- Invoking toplevel() on ptolemy.moml.MoMLSimpleApplication@569acf40
----------------- Done invoking toplevel() on ptolemy.moml.MoMLSimpleApplication@569acf40
reloadAllAccessors: .CausalityInterface1

===========================================================================================
----------------- testing Fri Nov 30 02:56:39 UTC 2018 /home/travis/build/icyphy/ptII/ptolemy/domains/modal/test/auto/CausalityInterface10.xml
----------------- Instantiating /home/travis/build/icyphy/ptII/ptolemy/domains/modal/test/auto/CausalityInterface10.xml
9 ms. Memory: 333824K Free: 161561K (48%)
----------------- Invoking toplevel() on ptolemy.moml.MoMLSimpleApplication@3955577e
----------------- Done invoking toplevel() on ptolemy.moml.MoMLSimpleApplication@3955577e
reloadAllAccessors: .CausalityInterface10

===========================================================================================
----------------- testing Fri Nov 30 02:56:39 UTC 2018 /home/travis/build/icyphy/ptII/ptolemy/domains/modal/test/auto/CausalityInterface11.xml
----------------- Instantiating /home/travis/build/icyphy/ptII/ptolemy/domains/modal/test/auto/CausalityInterface11.xml
7 ms. Memory: 333824K Free: 145279K (44%)
----------------- Invoking toplevel() on ptolemy.moml.MoMLSimpleApplication@32f236c5
----------------- Done invoking toplevel() on ptolemy.moml.MoMLSimpleApplication@32f236c5
reloadAllAccessors: .CausalityInterface11

===========================================================================================
----------------- testing Fri Nov 30 02:56:39 UTC 2018 /home/travis/build/icyphy/ptII/ptolemy/domains/modal/test/auto/CausalityInterface12.xml
----------------- Instantiating /home/travis/build/icyphy/ptII/ptolemy/domains/modal/test/auto/CausalityInterface12.xml
9 ms. Memory: 333824K Free: 128996K (39%)
----------------- Invoking toplevel() on ptolemy.moml.MoMLSimpleApplication@22cf98f3
----------------- Done invoking toplevel() on ptolemy.moml.MoMLSimpleApplication@22cf98f3
reloadAllAccessors: .CausalityInterface12

===========================================================================================
----------------- testing Fri Nov 30 02:56:39 UTC 2018 /home/travis/build/icyphy/ptII/ptolemy/domains/modal/test/auto/CausalityInterface13.xml
----------------- Instantiating /home/travis/build/icyphy/ptII/ptolemy/domains/modal/test/auto/CausalityInterface13.xml
10 ms. Memory: 333824K Free: 110396K (33%)
----------------- Invoking toplevel() on ptolemy.moml.MoMLSimpleApplication@49537c67
----------------- Done invoking toplevel() on ptolemy.moml.MoMLSimpleApplication@49537c67
reloadAllAccessors: .CausalityInterface13

===========================================================================================
----------------- testing Fri Nov 30 02:56:39 UTC 2018 /home/travis/build/icyphy/ptII/ptolemy/domains/modal/test/auto/CausalityInterface14.xml
----------------- Instantiating /home/travis/build/icyphy/ptII/ptolemy/domains/modal/test/auto/CausalityInterface14.xml
9 ms. Memory: 333824K Free: 94114K (28%)
----------------- Invoking toplevel() on ptolemy.moml.MoMLSimpleApplication@289fd679
----------------- Done invoking toplevel() on ptolemy.moml.MoMLSimpleApplication@289fd679
reloadAllAccessors: .CausalityInterface14

===========================================================================================
----------------- testing Fri Nov 30 02:56:39 UTC 2018 /home/travis/build/icyphy/ptII/ptolemy/domains/modal/test/auto/CausalityInterface2.xml
----------------- Instantiating /home/travis/build/icyphy/ptII/ptolemy/domains/modal/test/auto/CausalityInterface2.xml
6 ms. Memory: 333824K Free: 85973K (26%)
----------------- Invoking toplevel() on ptolemy.moml.MoMLSimpleApplication@57da52d3
----------------- Done invoking toplevel() on ptolemy.moml.MoMLSimpleApplication@57da52d3
reloadAllAccessors: .CausalityInterface2

===========================================================================================
----------------- testing Fri Nov 30 02:56:39 UTC 2018 /home/travis/build/icyphy/ptII/ptolemy/domains/modal/test/auto/CausalityInterface3.xml
----------------- Instantiating /home/travis/build/icyphy/ptII/ptolemy/domains/modal/test/auto/CausalityInterface3.xml
12 ms. Memory: 577536K Free: 565891K (98%)
----------------- Invoking toplevel() on ptolemy.moml.MoMLSimpleApplication@294d4072
----------------- Done invoking toplevel() on ptolemy.moml.MoMLSimpleApplication@294d4072
reloadAllAccessors: .CausalityInterface3

===========================================================================================
----------------- testing Fri Nov 30 02:56:39 UTC 2018 /home/travis/build/icyphy/ptII/ptolemy/domains/modal/test/auto/CausalityInterface4.xml
----------------- Instantiating /home/travis/build/icyphy/ptII/ptolemy/domains/modal/test/auto/CausalityInterface4.xml
2 ms. Memory: 577536K Free: 550993K (95%)
----------------- Invoking toplevel() on ptolemy.moml.MoMLSimpleApplication@2f0f5590
----------------- Done invoking toplevel() on ptolemy.moml.MoMLSimpleApplication@2f0f5590
reloadAllAccessors: .CausalityInterface4

===========================================================================================
----------------- testing Fri Nov 30 02:56:39 UTC 2018 /home/travis/build/icyphy/ptII/ptolemy/domains/modal/test/auto/CausalityInterface5.xml
----------------- Instantiating /home/travis/build/icyphy/ptII/ptolemy/domains/modal/test/auto/CausalityInterface5.xml
6 ms. Memory: 577536K Free: 538795K (93%)
----------------- Invoking toplevel() on ptolemy.moml.MoMLSimpleApplication@4bfa501a
----------------- Done invoking toplevel() on ptolemy.moml.MoMLSimpleApplication@4bfa501a
reloadAllAccessors: .CausalityInterface5

===========================================================================================
----------------- testing Fri Nov 30 02:56:39 UTC 2018 /home/travis/build/icyphy/ptII/ptolemy/domains/modal/test/auto/CausalityInterface6.xml
----------------- Instantiating /home/travis/build/icyphy/ptII/ptolemy/domains/modal/test/auto/CausalityInterface6.xml
3 ms. Memory: 577536K Free: 526596K (91%)
----------------- Invoking toplevel() on ptolemy.moml.MoMLSimpleApplication@1051a5e4
----------------- Done invoking toplevel() on ptolemy.moml.MoMLSimpleApplication@1051a5e4
reloadAllAccessors: .CausalityInterface6

===========================================================================================
----------------- testing Fri Nov 30 02:56:39 UTC 2018 /home/travis/build/icyphy/ptII/ptolemy/domains/modal/test/auto/CausalityInterface7.xml
----------------- Instantiating /home/travis/build/icyphy/ptII/ptolemy/domains/modal/test/auto/CausalityInterface7.xml
6 ms. Memory: 577536K Free: 514397K (89%)
----------------- Invoking toplevel() on ptolemy.moml.MoMLSimpleApplication@c3ccf86
----------------- Done invoking toplevel() on ptolemy.moml.MoMLSimpleApplication@c3ccf86
reloadAllAccessors: .CausalityInterface7

===========================================================================================
----------------- testing Fri Nov 30 02:56:39 UTC 2018 /home/travis/build/icyphy/ptII/ptolemy/domains/modal/test/auto/CausalityInterface8.xml
----------------- Instantiating /home/travis/build/icyphy/ptII/ptolemy/domains/modal/test/auto/CausalityInterface8.xml
5 ms. Memory: 577536K Free: 499056K (86%)
----------------- Invoking toplevel() on ptolemy.moml.MoMLSimpleApplication@2a5e99df
----------------- Done invoking toplevel() on ptolemy.moml.MoMLSimpleApplication@2a5e99df
reloadAllAccessors: .CausalityInterface8

===========================================================================================
----------------- testing Fri Nov 30 02:56:40 UTC 2018 /home/travis/build/icyphy/ptII/ptolemy/domains/modal/test/auto/CausalityInterface9.xml
----------------- Instantiating /home/travis/build/icyphy/ptII/ptolemy/domains/modal/test/auto/CausalityInterface9.xml
7 ms. Memory: 577536K Free: 486857K (84%)
----------------- Invoking toplevel() on ptolemy.moml.MoMLSimpleApplication@3a34d5c1
----------------- Done invoking toplevel() on ptolemy.moml.MoMLSimpleApplication@3a34d5c1
reloadAllAccessors: .CausalityInterface9

===========================================================================================
----------------- testing Fri Nov 30 02:56:40 UTC 2018 /home/travis/build/icyphy/ptII/ptolemy/domains/modal/test/auto/ChainedTransitions.xml
----------------- Instantiating /home/travis/build/icyphy/ptII/ptolemy/domains/modal/test/auto/ChainedTransitions.xml
88 ms. Memory: 577536K Free: 457581K (79%)
----------------- Invoking toplevel() on ptolemy.moml.MoMLSimpleApplication@187f928e
----------------- Done invoking toplevel() on ptolemy.moml.MoMLSimpleApplication@187f928e
reloadAllAccessors: .ChainedTransitions

===========================================================================================
----------------- testing Fri Nov 30 02:56:40 UTC 2018 /home/travis/build/icyphy/ptII/ptolemy/domains/modal/test/auto/CycleOfImmediateTransitionsFSM.xml
----------------- Instantiating /home/travis/build/icyphy/ptII/ptolemy/domains/modal/test/auto/CycleOfImmediateTransitionsFSM.xml
3 ms. Memory: 577536K Free: 447822K (78%)
----------------- Invoking toplevel() on ptolemy.moml.MoMLSimpleApplication@62aafbc8
----------------- Done invoking toplevel() on ptolemy.moml.MoMLSimpleApplication@62aafbc8
reloadAllAccessors: .CycleOfImmediateTransitionsFSM

===========================================================================================
----------------- testing Fri Nov 30 02:56:40 UTC 2018 /home/travis/build/icyphy/ptII/ptolemy/domains/modal/test/auto/CycleOfImmediateTransitionsModal.xml
----------------- Instantiating /home/travis/build/icyphy/ptII/ptolemy/domains/modal/test/auto/CycleOfImmediateTransitionsModal.xml
4 ms. Memory: 577536K Free: 434920K (75%)
----------------- Invoking toplevel() on ptolemy.moml.MoMLSimpleApplication@4d2eaf2c
----------------- Done invoking toplevel() on ptolemy.moml.MoMLSimpleApplication@4d2eaf2c
reloadAllAccessors: .CycleOfImmediateTransitionsModal

===========================================================================================
----------------- testing Fri Nov 30 02:56:40 UTC 2018 /home/travis/build/icyphy/ptII/ptolemy/domains/modal/test/auto/CycleOfImmediateTransitionsModal2.xml
----------------- Instantiating /home/travis/build/icyphy/ptII/ptolemy/domains/modal/test/auto/CycleOfImmediateTransitionsModal2.xml
4 ms. Memory: 577536K Free: 425161K (74%)
----------------- Invoking toplevel() on ptolemy.moml.MoMLSimpleApplication@696cbac1
----------------- Done invoking toplevel() on ptolemy.moml.MoMLSimpleApplication@696cbac1
reloadAllAccessors: .CycleOfImmediateTransitionsModal2

===========================================================================================
----------------- testing Fri Nov 30 02:56:40 UTC 2018 /home/travis/build/icyphy/ptII/ptolemy/domains/modal/test/auto/CycleOfImmediateTransitionsModal3.xml
----------------- Instantiating /home/travis/build/icyphy/ptII/ptolemy/domains/modal/test/auto/CycleOfImmediateTransitionsModal3.xml
11 ms. Memory: 577536K Free: 395884K (69%)
----------------- Invoking toplevel() on ptolemy.moml.MoMLSimpleApplication@5d1f6138
----------------- Done invoking toplevel() on ptolemy.moml.MoMLSimpleApplication@5d1f6138
reloadAllAccessors: .CycleOfImmediateTransitionsModal3

===========================================================================================
----------------- testing Fri Nov 30 02:56:40 UTC 2018 /home/travis/build/icyphy/ptII/ptolemy/domains/modal/test/auto/DeepModal1.xml
----------------- Instantiating /home/travis/build/icyphy/ptII/ptolemy/domains/modal/test/auto/DeepModal1.xml
23 ms. Memory: 577536K Free: 378807K (66%)
----------------- Invoking toplevel() on ptolemy.moml.MoMLSimpleApplication@2ce109d5
----------------- Done invoking toplevel() on ptolemy.moml.MoMLSimpleApplication@2ce109d5
reloadAllAccessors: .DeepModal1

===========================================================================================
----------------- testing Fri Nov 30 02:56:40 UTC 2018 /home/travis/build/icyphy/ptII/ptolemy/domains/modal/test/auto/DeepModal2.xml
----------------- Instantiating /home/travis/build/icyphy/ptII/ptolemy/domains/modal/test/auto/DeepModal2.xml
24 ms. Memory: 577536K Free: 353706K (61%)
----------------- Invoking toplevel() on ptolemy.moml.MoMLSimpleApplication@12a2c1a7
----------------- Done invoking toplevel() on ptolemy.moml.MoMLSimpleApplication@12a2c1a7
reloadAllAccessors: .DeepModal2

===========================================================================================
----------------- testing Fri Nov 30 02:56:40 UTC 2018 /home/travis/build/icyphy/ptII/ptolemy/domains/modal/test/auto/DeepModal3.xml
----------------- Instantiating /home/travis/build/icyphy/ptII/ptolemy/domains/modal/test/auto/DeepModal3.xml
26 ms. Memory: 577536K Free: 331749K (57%)
----------------- Invoking toplevel() on ptolemy.moml.MoMLSimpleApplication@36f66321
----------------- Done invoking toplevel() on ptolemy.moml.MoMLSimpleApplication@36f66321
reloadAllAccessors: .DeepModal3

===========================================================================================
----------------- testing Fri Nov 30 02:56:40 UTC 2018 /home/travis/build/icyphy/ptII/ptolemy/domains/modal/test/auto/DeepModal4.xml
----------------- Instantiating /home/travis/build/icyphy/ptII/ptolemy/domains/modal/test/auto/DeepModal4.xml
31 ms. Memory: 577536K Free: 309792K (54%)
----------------- Invoking toplevel() on ptolemy.moml.MoMLSimpleApplication@133c4ef5
----------------- Done invoking toplevel() on ptolemy.moml.MoMLSimpleApplication@133c4ef5
reloadAllAccessors: .DeepModal4

===========================================================================================
----------------- testing Fri Nov 30 02:56:40 UTC 2018 /home/travis/build/icyphy/ptII/ptolemy/domains/modal/test/auto/Default1.xml
----------------- Instantiating /home/travis/build/icyphy/ptII/ptolemy/domains/modal/test/auto/Default1.xml
3 ms. Memory: 577536K Free: 300033K (52%)
----------------- Invoking toplevel() on ptolemy.moml.MoMLSimpleApplication@15d0c762
----------------- Done invoking toplevel() on ptolemy.moml.MoMLSimpleApplication@15d0c762
reloadAllAccessors: .Default1

===========================================================================================
----------------- testing Fri Nov 30 02:56:40 UTC 2018 /home/travis/build/icyphy/ptII/ptolemy/domains/modal/test/auto/Default2.xml
----------------- Instantiating /home/travis/build/icyphy/ptII/ptolemy/domains/modal/test/auto/Default2.xml
3 ms. Memory: 577536K Free: 287131K (50%)
----------------- Invoking toplevel() on ptolemy.moml.MoMLSimpleApplication@12fb214f
----------------- Done invoking toplevel() on ptolemy.moml.MoMLSimpleApplication@12fb214f
reloadAllAccessors: .Default2

===========================================================================================
----------------- testing Fri Nov 30 02:56:40 UTC 2018 /home/travis/build/icyphy/ptII/ptolemy/domains/modal/test/auto/Default3.xml
----------------- Instantiating /home/travis/build/icyphy/ptII/ptolemy/domains/modal/test/auto/Default3.xml
3 ms. Memory: 577536K Free: 277372K (48%)
----------------- Invoking toplevel() on ptolemy.moml.MoMLSimpleApplication@1352d328
----------------- Done invoking toplevel() on ptolemy.moml.MoMLSimpleApplication@1352d328
reloadAllAccessors: .Default3

===========================================================================================
----------------- testing Fri Nov 30 02:56:40 UTC 2018 /home/travis/build/icyphy/ptII/ptolemy/domains/modal/test/auto/Default4.xml
----------------- Instantiating /home/travis/build/icyphy/ptII/ptolemy/domains/modal/test/auto/Default4.xml
7 ms. Memory: 577536K Free: 267613K (46%)
----------------- Invoking toplevel() on ptolemy.moml.MoMLSimpleApplication@55eddce8
----------------- Done invoking toplevel() on ptolemy.moml.MoMLSimpleApplication@55eddce8
reloadAllAccessors: .Default4

===========================================================================================
----------------- testing Fri Nov 30 02:56:40 UTC 2018 /home/travis/build/icyphy/ptII/ptolemy/domains/modal/test/auto/Default5.xml
----------------- Instantiating /home/travis/build/icyphy/ptII/ptolemy/domains/modal/test/auto/Default5.xml
8 ms. Memory: 577536K Free: 257854K (45%)
----------------- Invoking toplevel() on ptolemy.moml.MoMLSimpleApplication@6eed091b
----------------- Done invoking toplevel() on ptolemy.moml.MoMLSimpleApplication@6eed091b
reloadAllAccessors: .Default5

===========================================================================================
----------------- testing Fri Nov 30 02:56:40 UTC 2018 /home/travis/build/icyphy/ptII/ptolemy/domains/modal/test/auto/EmptyGuard.xml
----------------- Instantiating /home/travis/build/icyphy/ptII/ptolemy/domains/modal/test/auto/EmptyGuard.xml
11 ms. Memory: 577536K Free: 242505K (42%)
----------------- Invoking toplevel() on ptolemy.moml.MoMLSimpleApplication@7b1105ae
----------------- Done invoking toplevel() on ptolemy.moml.MoMLSimpleApplication@7b1105ae
reloadAllAccessors: .EmptyGuard

===========================================================================================
----------------- testing Fri Nov 30 02:56:40 UTC 2018 /home/travis/build/icyphy/ptII/ptolemy/domains/modal/test/auto/ErrorTransition1.xml
----------------- Instantiating /home/travis/build/icyphy/ptII/ptolemy/domains/modal/test/auto/ErrorTransition1.xml
7 ms. Memory: 577536K Free: 230306K (40%)
----------------- Invoking toplevel() on ptolemy.moml.MoMLSimpleApplication@74691b62
----------------- Done invoking toplevel() on ptolemy.moml.MoMLSimpleApplication@74691b62
reloadAllAccessors: .ErrorTransition1

===========================================================================================
----------------- testing Fri Nov 30 02:56:40 UTC 2018 /home/travis/build/icyphy/ptII/ptolemy/domains/modal/test/auto/ErrorTransition10.xml
----------------- Instantiating /home/travis/build/icyphy/ptII/ptolemy/domains/modal/test/auto/ErrorTransition10.xml
9 ms. Memory: 577536K Free: 213228K (37%)
----------------- Invoking toplevel() on ptolemy.moml.MoMLSimpleApplication@9ff6796
----------------- Done invoking toplevel() on ptolemy.moml.MoMLSimpleApplication@9ff6796
reloadAllAccessors: .ErrorTransition10

===========================================================================================
----------------- testing Fri Nov 30 02:56:40 UTC 2018 /home/travis/build/icyphy/ptII/ptolemy/domains/modal/test/auto/ErrorTransition11.xml
----------------- Instantiating /home/travis/build/icyphy/ptII/ptolemy/domains/modal/test/auto/ErrorTransition11.xml
4 ms. Memory: 577536K Free: 198590K (34%)
----------------- Invoking toplevel() on ptolemy.moml.MoMLSimpleApplication@6ad19c31
----------------- Done invoking toplevel() on ptolemy.moml.MoMLSimpleApplication@6ad19c31
reloadAllAccessors: .ErrorTransition11

===========================================================================================
----------------- testing Fri Nov 30 02:56:40 UTC 2018 /home/travis/build/icyphy/ptII/ptolemy/domains/modal/test/auto/ErrorTransition2.xml
----------------- Instantiating /home/travis/build/icyphy/ptII/ptolemy/domains/modal/test/auto/ErrorTransition2.xml
5 ms. Memory: 577536K Free: 188831K (33%)
----------------- Invoking toplevel() on ptolemy.moml.MoMLSimpleApplication@32f9d38f
----------------- Done invoking toplevel() on ptolemy.moml.MoMLSimpleApplication@32f9d38f
reloadAllAccessors: .ErrorTransition2

===========================================================================================
----------------- testing Fri Nov 30 02:56:41 UTC 2018 /home/travis/build/icyphy/ptII/ptolemy/domains/modal/test/auto/ErrorTransition3.xml
----------------- Instantiating /home/travis/build/icyphy/ptII/ptolemy/domains/modal/test/auto/ErrorTransition3.xml
12 ms. Memory: 577536K Free: 173490K (30%)
----------------- Invoking toplevel() on ptolemy.moml.MoMLSimpleApplication@366cce34
----------------- Done invoking toplevel() on ptolemy.moml.MoMLSimpleApplication@366cce34
reloadAllAccessors: .ErrorTransition3

===========================================================================================
----------------- testing Fri Nov 30 02:56:41 UTC 2018 /home/travis/build/icyphy/ptII/ptolemy/domains/modal/test/auto/ErrorTransition4.xml
----------------- Instantiating /home/travis/build/icyphy/ptII/ptolemy/domains/modal/test/auto/ErrorTransition4.xml
10 ms. Memory: 577536K Free: 161291K (28%)
----------------- Invoking toplevel() on ptolemy.moml.MoMLSimpleApplication@13919844
----------------- Done invoking toplevel() on ptolemy.moml.MoMLSimpleApplication@13919844
reloadAllAccessors: .ErrorTransition4

===========================================================================================
----------------- testing Fri Nov 30 02:56:41 UTC 2018 /home/travis/build/icyphy/ptII/ptolemy/domains/modal/test/auto/ErrorTransition5.xml
----------------- Instantiating /home/travis/build/icyphy/ptII/ptolemy/domains/modal/test/auto/ErrorTransition5.xml
5 ms. Memory: 577536K Free: 149092K (26%)
----------------- Invoking toplevel() on ptolemy.moml.MoMLSimpleApplication@737a014d
----------------- Done invoking toplevel() on ptolemy.moml.MoMLSimpleApplication@737a014d
reloadAllAccessors: .ErrorTransition5

===========================================================================================
----------------- testing Fri Nov 30 02:56:41 UTC 2018 /home/travis/build/icyphy/ptII/ptolemy/domains/modal/test/auto/ErrorTransition6.xml
----------------- Instantiating /home/travis/build/icyphy/ptII/ptolemy/domains/modal/test/auto/ErrorTransition6.xml
7 ms. Memory: 577536K Free: 136894K (24%)
----------------- Invoking toplevel() on ptolemy.moml.MoMLSimpleApplication@40bf5c1c
----------------- Done invoking toplevel() on ptolemy.moml.MoMLSimpleApplication@40bf5c1c
reloadAllAccessors: .ErrorTransition6

===========================================================================================
----------------- testing Fri Nov 30 02:56:41 UTC 2018 /home/travis/build/icyphy/ptII/ptolemy/domains/modal/test/auto/ErrorTransition7.xml
----------------- Instantiating /home/travis/build/icyphy/ptII/ptolemy/domains/modal/test/auto/ErrorTransition7.xml
9 ms. Memory: 577536K Free: 116673K (20%)
----------------- Invoking toplevel() on ptolemy.moml.MoMLSimpleApplication@62d090ee
----------------- Done invoking toplevel() on ptolemy.moml.MoMLSimpleApplication@62d090ee
reloadAllAccessors: .ErrorTransition7

===========================================================================================
----------------- testing Fri Nov 30 02:56:41 UTC 2018 /home/travis/build/icyphy/ptII/ptolemy/domains/modal/test/auto/ErrorTransition8.xml
----------------- Instantiating /home/travis/build/icyphy/ptII/ptolemy/domains/modal/test/auto/ErrorTransition8.xml
22 ms. Memory: 577536K Free: 99595K (17%)
----------------- Invoking toplevel() on ptolemy.moml.MoMLSimpleApplication@45d443c1
----------------- Done invoking toplevel() on ptolemy.moml.MoMLSimpleApplication@45d443c1
reloadAllAccessors: .ErrorTransition8

===========================================================================================
----------------- testing Fri Nov 30 02:56:41 UTC 2018 /home/travis/build/icyphy/ptII/ptolemy/domains/modal/test/auto/ErrorTransition9.xml
----------------- Instantiating /home/travis/build/icyphy/ptII/ptolemy/domains/modal/test/auto/ErrorTransition9.xml
8 ms. Memory: 577536K Free: 82516K (14%)
----------------- Invoking toplevel() on ptolemy.moml.MoMLSimpleApplication@5975d9ce
----------------- Done invoking toplevel() on ptolemy.moml.MoMLSimpleApplication@5975d9ce
reloadAllAccessors: .ErrorTransition9

===========================================================================================
----------------- testing Fri Nov 30 02:56:41 UTC 2018 /home/travis/build/icyphy/ptII/ptolemy/domains/modal/test/auto/ExtendedFSM.xml
----------------- Instantiating /home/travis/build/icyphy/ptII/ptolemy/domains/modal/test/auto/ExtendedFSM.xml
9 ms. Memory: 578048K Free: 560336K (97%)
----------------- Invoking toplevel() on ptolemy.moml.MoMLSimpleApplication@4a71111a
----------------- Done invoking toplevel() on ptolemy.moml.MoMLSimpleApplication@4a71111a
reloadAllAccessors: .ExtendedFSM

===========================================================================================
----------------- testing Fri Nov 30 02:56:41 UTC 2018 /home/travis/build/icyphy/ptII/ptolemy/domains/modal/test/auto/FinalStates.xml
----------------- Instantiating /home/travis/build/icyphy/ptII/ptolemy/domains/modal/test/auto/FinalStates.xml
7 ms. Memory: 578048K Free: 548364K (95%)
----------------- Invoking toplevel() on ptolemy.moml.MoMLSimpleApplication@62188cf2
----------------- Done invoking toplevel() on ptolemy.moml.MoMLSimpleApplication@62188cf2
reloadAllAccessors: .FinalStates

===========================================================================================
----------------- testing Fri Nov 30 02:56:41 UTC 2018 /home/travis/build/icyphy/ptII/ptolemy/domains/modal/test/auto/FixedPointFSM.xml
----------------- Instantiating /home/travis/build/icyphy/ptII/ptolemy/domains/modal/test/auto/FixedPointFSM.xml
24 ms. Memory: 578048K Free: 528690K (91%)
----------------- Invoking toplevel() on ptolemy.moml.MoMLSimpleApplication@23474440
----------------- Done invoking toplevel() on ptolemy.moml.MoMLSimpleApplication@23474440
reloadAllAccessors: .FixedPointFSM

===========================================================================================
----------------- testing Fri Nov 30 02:56:41 UTC 2018 /home/travis/build/icyphy/ptII/ptolemy/domains/modal/test/auto/FixedPointIterationFSMActor.xml
----------------- Instantiating /home/travis/build/icyphy/ptII/ptolemy/domains/modal/test/auto/FixedPointIterationFSMActor.xml
6 ms. Memory: 578048K Free: 513465K (89%)
----------------- Invoking toplevel() on ptolemy.moml.MoMLSimpleApplication@63fa6ba6
----------------- Done invoking toplevel() on ptolemy.moml.MoMLSimpleApplication@63fa6ba6
reloadAllAccessors: .FixedPointIterationFSMActor

===========================================================================================
----------------- testing Fri Nov 30 02:56:41 UTC 2018 /home/travis/build/icyphy/ptII/ptolemy/domains/modal/test/auto/FixedPointIterationFSMActor2.xml
----------------- Instantiating /home/travis/build/icyphy/ptII/ptolemy/domains/modal/test/auto/FixedPointIterationFSMActor2.xml
13 ms. Memory: 578048K Free: 497200K (86%)
----------------- Invoking toplevel() on ptolemy.moml.MoMLSimpleApplication@141b0b1e
----------------- Done invoking toplevel() on ptolemy.moml.MoMLSimpleApplication@141b0b1e
reloadAllAccessors: .FixedPointIterationFSMActor2

===========================================================================================
----------------- testing Fri Nov 30 02:56:41 UTC 2018 /home/travis/build/icyphy/ptII/ptolemy/domains/modal/test/auto/ForbiddenInstantanousLoop.xml
----------------- Instantiating /home/travis/build/icyphy/ptII/ptolemy/domains/modal/test/auto/ForbiddenInstantanousLoop.xml
5 ms. Memory: 578048K Free: 480936K (83%)
----------------- Invoking toplevel() on ptolemy.moml.MoMLSimpleApplication@79e78158
----------------- Done invoking toplevel() on ptolemy.moml.MoMLSimpleApplication@79e78158
reloadAllAccessors: .ForbiddenInstantanousLoop

===========================================================================================
----------------- testing Fri Nov 30 02:56:41 UTC 2018 /home/travis/build/icyphy/ptII/ptolemy/domains/modal/test/auto/FunctionDependencyOfFSMActorTest.xml
----------------- Instantiating /home/travis/build/icyphy/ptII/ptolemy/domains/modal/test/auto/FunctionDependencyOfFSMActorTest.xml
5 ms. Memory: 578048K Free: 468964K (81%)
----------------- Invoking toplevel() on ptolemy.moml.MoMLSimpleApplication@43c693a9
----------------- Done invoking toplevel() on ptolemy.moml.MoMLSimpleApplication@43c693a9
reloadAllAccessors: .FunctionDependencyOfFSMActorTest

===========================================================================================
----------------- testing Fri Nov 30 02:56:41 UTC 2018 /home/travis/build/icyphy/ptII/ptolemy/domains/modal/test/auto/GuardExpression.xml
----------------- Instantiating /home/travis/build/icyphy/ptII/ptolemy/domains/modal/test/auto/GuardExpression.xml
2 ms. Memory: 578048K Free: 459205K (79%)
----------------- Invoking toplevel() on ptolemy.moml.MoMLSimpleApplication@412c2065
----------------- Done invoking toplevel() on ptolemy.moml.MoMLSimpleApplication@412c2065
reloadAllAccessors: .GuardExpression

===========================================================================================
----------------- testing Fri Nov 30 02:56:41 UTC 2018 /home/travis/build/icyphy/ptII/ptolemy/domains/modal/test/auto/GuardNotEvaluated.xml
----------------- Instantiating /home/travis/build/icyphy/ptII/ptolemy/domains/modal/test/auto/GuardNotEvaluated.xml
5 ms. Memory: 578048K Free: 446193K (77%)
----------------- Invoking toplevel() on ptolemy.moml.MoMLSimpleApplication@6528918c
----------------- Done invoking toplevel() on ptolemy.moml.MoMLSimpleApplication@6528918c
reloadAllAccessors: .GuardNotEvaluated

===========================================================================================
----------------- testing Fri Nov 30 02:56:41 UTC 2018 /home/travis/build/icyphy/ptII/ptolemy/domains/modal/test/auto/GuardNotEvaluated2.xml
----------------- Instantiating /home/travis/build/icyphy/ptII/ptolemy/domains/modal/test/auto/GuardNotEvaluated2.xml
6 ms. Memory: 578048K Free: 430968K (75%)
----------------- Invoking toplevel() on ptolemy.moml.MoMLSimpleApplication@1c8c951b
----------------- Done invoking toplevel() on ptolemy.moml.MoMLSimpleApplication@1c8c951b
reloadAllAccessors: .GuardNotEvaluated2

===========================================================================================
----------------- testing Fri Nov 30 02:56:41 UTC 2018 /home/travis/build/icyphy/ptII/ptolemy/domains/modal/test/auto/GuardOnAbsent.xml
----------------- Instantiating /home/travis/build/icyphy/ptII/ptolemy/domains/modal/test/auto/GuardOnAbsent.xml
6 ms. Memory: 578048K Free: 421210K (73%)
----------------- Invoking toplevel() on ptolemy.moml.MoMLSimpleApplication@4cc1da6
----------------- Done invoking toplevel() on ptolemy.moml.MoMLSimpleApplication@4cc1da6
reloadAllAccessors: .GuardOnAbsent

===========================================================================================
----------------- testing Fri Nov 30 02:56:41 UTC 2018 /home/travis/build/icyphy/ptII/ptolemy/domains/modal/test/auto/HierarchicalFSMTypeInference.xml
----------------- Instantiating /home/travis/build/icyphy/ptII/ptolemy/domains/modal/test/auto/HierarchicalFSMTypeInference.xml
5 ms. Memory: 578048K Free: 404945K (70%)
----------------- Invoking toplevel() on ptolemy.moml.MoMLSimpleApplication@247677e6
----------------- Done invoking toplevel() on ptolemy.moml.MoMLSimpleApplication@247677e6
reloadAllAccessors: .HierarchicalFSMTypeInference

===========================================================================================
----------------- testing Fri Nov 30 02:56:41 UTC 2018 /home/travis/build/icyphy/ptII/ptolemy/domains/modal/test/auto/Hysteresis.xml
----------------- Instantiating /home/travis/build/icyphy/ptII/ptolemy/domains/modal/test/auto/Hysteresis.xml
10 ms. Memory: 578048K Free: 383214K (66%)
----------------- Invoking toplevel() on ptolemy.moml.MoMLSimpleApplication@39c8bc29
----------------- Done invoking toplevel() on ptolemy.moml.MoMLSimpleApplication@39c8bc29
reloadAllAccessors: .Hysteresis

===========================================================================================
----------------- testing Fri Nov 30 02:56:41 UTC 2018 /home/travis/build/icyphy/ptII/ptolemy/domains/modal/test/auto/HysteresisWithDefault.xml
----------------- Instantiating /home/travis/build/icyphy/ptII/ptolemy/domains/modal/test/auto/HysteresisWithDefault.xml
33 ms. Memory: 578048K Free: 357190K (62%)
----------------- Invoking toplevel() on ptolemy.moml.MoMLSimpleApplication@bbb7cc0
----------------- Done invoking toplevel() on ptolemy.moml.MoMLSimpleApplication@bbb7cc0
reloadAllAccessors: .HysteresisWithDefault

===========================================================================================
----------------- testing Fri Nov 30 02:56:41 UTC 2018 /home/travis/build/icyphy/ptII/ptolemy/domains/modal/test/auto/HysteresisWithDefault2.xml
----------------- Instantiating /home/travis/build/icyphy/ptII/ptolemy/domains/modal/test/auto/HysteresisWithDefault2.xml
41 ms. Memory: 578048K Free: 324661K (56%)
----------------- Invoking toplevel() on ptolemy.moml.MoMLSimpleApplication@68b1609d
----------------- Done invoking toplevel() on ptolemy.moml.MoMLSimpleApplication@68b1609d
reloadAllAccessors: .HysteresisWithDefault2

===========================================================================================
----------------- testing Fri Nov 30 02:56:41 UTC 2018 /home/travis/build/icyphy/ptII/ptolemy/domains/modal/test/auto/ImmediateNonConstructiveness.xml
----------------- Instantiating /home/travis/build/icyphy/ptII/ptolemy/domains/modal/test/auto/ImmediateNonConstructiveness.xml
3 ms. Memory: 578048K Free: 312689K (54%)
----------------- Invoking toplevel() on ptolemy.moml.MoMLSimpleApplication@4a2b295d
----------------- Done invoking toplevel() on ptolemy.moml.MoMLSimpleApplication@4a2b295d
reloadAllAccessors: .ImmediateNonConstructiveness

===========================================================================================
----------------- testing Fri Nov 30 02:56:41 UTC 2018 /home/travis/build/icyphy/ptII/ptolemy/domains/modal/test/auto/ImmediateNonConstructiveness2.xml
----------------- Instantiating /home/travis/build/icyphy/ptII/ptolemy/domains/modal/test/auto/ImmediateNonConstructiveness2.xml
2 ms. Memory: 578048K Free: 302930K (52%)
----------------- Invoking toplevel() on ptolemy.moml.MoMLSimpleApplication@ca46bff
----------------- Done invoking toplevel() on ptolemy.moml.MoMLSimpleApplication@ca46bff
reloadAllAccessors: .ImmediateNonConstructiveness2

===========================================================================================
----------------- testing Fri Nov 30 02:56:41 UTC 2018 /home/travis/build/icyphy/ptII/ptolemy/domains/modal/test/auto/ImmediateTransitionReset.xml
----------------- Instantiating /home/travis/build/icyphy/ptII/ptolemy/domains/modal/test/auto/ImmediateTransitionReset.xml
8 ms. Memory: 578048K Free: 284452K (49%)
----------------- Invoking toplevel() on ptolemy.moml.MoMLSimpleApplication@63561615
----------------- Done invoking toplevel() on ptolemy.moml.MoMLSimpleApplication@63561615
reloadAllAccessors: .ImmediateTransitionReset

===========================================================================================
----------------- testing Fri Nov 30 02:56:41 UTC 2018 /home/travis/build/icyphy/ptII/ptolemy/domains/modal/test/auto/ImmediateTransitions1.xml
----------------- Instantiating /home/travis/build/icyphy/ptII/ptolemy/domains/modal/test/auto/ImmediateTransitions1.xml
2 ms. Memory: 578048K Free: 274694K (48%)
----------------- Invoking toplevel() on ptolemy.moml.MoMLSimpleApplication@1ad0375a
----------------- Done invoking toplevel() on ptolemy.moml.MoMLSimpleApplication@1ad0375a
reloadAllAccessors: .ImmediateTransitions1

===========================================================================================
----------------- testing Fri Nov 30 02:56:41 UTC 2018 /home/travis/build/icyphy/ptII/ptolemy/domains/modal/test/auto/ImmediateTransitionsInstantaneousCommunication.xml
----------------- Instantiating /home/travis/build/icyphy/ptII/ptolemy/domains/modal/test/auto/ImmediateTransitionsInstantaneousCommunication.xml
4 ms. Memory: 578048K Free: 258429K (45%)
----------------- Invoking toplevel() on ptolemy.moml.MoMLSimpleApplication@7473b26a
----------------- Done invoking toplevel() on ptolemy.moml.MoMLSimpleApplication@7473b26a
reloadAllAccessors: .ImmediateTransitionsInstantaneousCommunication

===========================================================================================
----------------- testing Fri Nov 30 02:56:41 UTC 2018 /home/travis/build/icyphy/ptII/ptolemy/domains/modal/test/auto/InitialImmediateTransition.xml
----------------- Instantiating /home/travis/build/icyphy/ptII/ptolemy/domains/modal/test/auto/InitialImmediateTransition.xml
3 ms. Memory: 578048K Free: 246457K (43%)
----------------- Invoking toplevel() on ptolemy.moml.MoMLSimpleApplication@1cdcf727
----------------- Done invoking toplevel() on ptolemy.moml.MoMLSimpleApplication@1cdcf727
reloadAllAccessors: .InitialImmediateTransition

===========================================================================================
----------------- testing Fri Nov 30 02:56:41 UTC 2018 /home/travis/build/icyphy/ptII/ptolemy/domains/modal/test/auto/InitialOutputs.xml
----------------- Instantiating /home/travis/build/icyphy/ptII/ptolemy/domains/modal/test/auto/InitialOutputs.xml
3 ms. Memory: 578048K Free: 236698K (41%)
----------------- Invoking toplevel() on ptolemy.moml.MoMLSimpleApplication@7bafe75d
----------------- Done invoking toplevel() on ptolemy.moml.MoMLSimpleApplication@7bafe75d
reloadAllAccessors: .InitialOutputs

===========================================================================================
----------------- testing Fri Nov 30 02:56:42 UTC 2018 /home/travis/build/icyphy/ptII/ptolemy/domains/modal/test/auto/InitialStateTransition1.xml
----------------- Instantiating /home/travis/build/icyphy/ptII/ptolemy/domains/modal/test/auto/InitialStateTransition1.xml
2 ms. Memory: 578048K Free: 223687K (39%)
----------------- Invoking toplevel() on ptolemy.moml.MoMLSimpleApplication@90f5db
----------------- Done invoking toplevel() on ptolemy.moml.MoMLSimpleApplication@90f5db
reloadAllAccessors: .InitialStateTransition1

===========================================================================================
----------------- testing Fri Nov 30 02:56:42 UTC 2018 /home/travis/build/icyphy/ptII/ptolemy/domains/modal/test/auto/InitialStateTransition2.xml
----------------- Instantiating /home/travis/build/icyphy/ptII/ptolemy/domains/modal/test/auto/InitialStateTransition2.xml
.InitialStateTransition2.TestExceptionAttributeNonConstructive: initialize() was not invoked, but wrapup() was.  This is unusual, but not always a problem.  For example, exporting JNLP will do this.
3 ms. Memory: 578048K Free: 208462K (36%)
----------------- Invoking toplevel() on ptolemy.moml.MoMLSimpleApplication@2d9e38d4
----------------- Done invoking toplevel() on ptolemy.moml.MoMLSimpleApplication@2d9e38d4
reloadAllAccessors: .InitialStateTransition2

===========================================================================================
----------------- testing Fri Nov 30 02:56:42 UTC 2018 /home/travis/build/icyphy/ptII/ptolemy/domains/modal/test/auto/InitialStateTransition3.xml
----------------- Instantiating /home/travis/build/icyphy/ptII/ptolemy/domains/modal/test/auto/InitialStateTransition3.xml
3 ms. Memory: 578048K Free: 195450K (34%)
----------------- Invoking toplevel() on ptolemy.moml.MoMLSimpleApplication@3f0dcb4e
----------------- Done invoking toplevel() on ptolemy.moml.MoMLSimpleApplication@3f0dcb4e
reloadAllAccessors: .InitialStateTransition3

===========================================================================================
----------------- testing Fri Nov 30 02:56:42 UTC 2018 /home/travis/build/icyphy/ptII/ptolemy/domains/modal/test/auto/InitialStateTransition4.xml
----------------- Instantiating /home/travis/build/icyphy/ptII/ptolemy/domains/modal/test/auto/InitialStateTransition4.xml
3 ms. Memory: 578048K Free: 182438K (32%)
----------------- Invoking toplevel() on ptolemy.moml.MoMLSimpleApplication@48babbc
----------------- Done invoking toplevel() on ptolemy.moml.MoMLSimpleApplication@48babbc
[...]
----------------- Done invoking toplevel() on ptolemy.moml.MoMLSimpleApplication@28f88f5a
reloadAllAccessors: .TerminationTransition3

===========================================================================================
----------------- testing Fri Nov 30 02:56:43 UTC 2018 /home/travis/build/icyphy/ptII/ptolemy/domains/modal/test/auto/TerminationTransition4.xml
----------------- Instantiating /home/travis/build/icyphy/ptII/ptolemy/domains/modal/test/auto/TerminationTransition4.xml
6 ms. Memory: 870912K Free: 79128K (9%)
----------------- Invoking toplevel() on ptolemy.moml.MoMLSimpleApplication@4e93a8ae
----------------- Done invoking toplevel() on ptolemy.moml.MoMLSimpleApplication@4e93a8ae
reloadAllAccessors: .TerminationTransition4

===========================================================================================
----------------- testing Fri Nov 30 02:56:43 UTC 2018 /home/travis/build/icyphy/ptII/ptolemy/domains/modal/test/auto/TerminationTransition5.xml
----------------- Instantiating /home/travis/build/icyphy/ptII/ptolemy/domains/modal/test/auto/TerminationTransition5.xml
2 ms. Memory: 870912K Free: 838857K (96%)
----------------- Invoking toplevel() on ptolemy.moml.MoMLSimpleApplication@54281d65
----------------- Done invoking toplevel() on ptolemy.moml.MoMLSimpleApplication@54281d65
reloadAllAccessors: .TerminationTransition5

===========================================================================================
----------------- testing Fri Nov 30 02:56:43 UTC 2018 /home/travis/build/icyphy/ptII/ptolemy/domains/modal/test/auto/TerminationTransition6.xml
----------------- Instantiating /home/travis/build/icyphy/ptII/ptolemy/domains/modal/test/auto/TerminationTransition6.xml
2 ms. Memory: 870912K Free: 821352K (94%)
----------------- Invoking toplevel() on ptolemy.moml.MoMLSimpleApplication@5adc3d8e
----------------- Done invoking toplevel() on ptolemy.moml.MoMLSimpleApplication@5adc3d8e
reloadAllAccessors: .TerminationTransition6

===========================================================================================
----------------- testing Fri Nov 30 02:56:44 UTC 2018 /home/travis/build/icyphy/ptII/ptolemy/domains/modal/test/auto/TerminationTransition7.xml
----------------- Instantiating /home/travis/build/icyphy/ptII/ptolemy/domains/modal/test/auto/TerminationTransition7.xml
3 ms. Memory: 870912K Free: 805614K (93%)
----------------- Invoking toplevel() on ptolemy.moml.MoMLSimpleApplication@354a48d9
----------------- Done invoking toplevel() on ptolemy.moml.MoMLSimpleApplication@354a48d9
reloadAllAccessors: .TerminationTransition7

===========================================================================================
----------------- testing Fri Nov 30 02:56:44 UTC 2018 /home/travis/build/icyphy/ptII/ptolemy/domains/modal/test/auto/TerminationTransition8.xml
----------------- Instantiating /home/travis/build/icyphy/ptII/ptolemy/domains/modal/test/auto/TerminationTransition8.xml
2 ms. Memory: 870912K Free: 788109K (90%)
----------------- Invoking toplevel() on ptolemy.moml.MoMLSimpleApplication@7d45191b
----------------- Done invoking toplevel() on ptolemy.moml.MoMLSimpleApplication@7d45191b
reloadAllAccessors: .TerminationTransition8

===========================================================================================
----------------- testing Fri Nov 30 02:56:44 UTC 2018 /home/travis/build/icyphy/ptII/ptolemy/domains/modal/test/auto/Thermostat_NoHysteresis.xml
----------------- Instantiating /home/travis/build/icyphy/ptII/ptolemy/domains/modal/test/auto/Thermostat_NoHysteresis.xml
29 ms. Memory: 870912K Free: 756853K (87%)
----------------- Invoking toplevel() on ptolemy.moml.MoMLSimpleApplication@464fc201
----------------- Done invoking toplevel() on ptolemy.moml.MoMLSimpleApplication@464fc201
reloadAllAccessors: .Thermostat_NoHysteresis

===========================================================================================
----------------- testing Fri Nov 30 02:56:44 UTC 2018 /home/travis/build/icyphy/ptII/ptolemy/domains/modal/test/auto/TimedFSM.xml
----------------- Instantiating /home/travis/build/icyphy/ptII/ptolemy/domains/modal/test/auto/TimedFSM.xml
6 ms. Memory: 870912K Free: 739348K (85%)
----------------- Invoking toplevel() on ptolemy.moml.MoMLSimpleApplication@61a18a1d
----------------- Done invoking toplevel() on ptolemy.moml.MoMLSimpleApplication@61a18a1d
reloadAllAccessors: .TimedFSM

===========================================================================================
----------------- testing Fri Nov 30 02:56:44 UTC 2018 /home/travis/build/icyphy/ptII/ptolemy/domains/modal/test/auto/Timeout1.xml
----------------- Instantiating /home/travis/build/icyphy/ptII/ptolemy/domains/modal/test/auto/Timeout1.xml
3 ms. Memory: 870912K Free: 728938K (84%)
----------------- Invoking toplevel() on ptolemy.moml.MoMLSimpleApplication@61e7e4f4
----------------- Done invoking toplevel() on ptolemy.moml.MoMLSimpleApplication@61e7e4f4
reloadAllAccessors: .Timeout1

===========================================================================================
----------------- testing Fri Nov 30 02:56:44 UTC 2018 /home/travis/build/icyphy/ptII/ptolemy/domains/modal/test/auto/Timeout2.xml
----------------- Instantiating /home/travis/build/icyphy/ptII/ptolemy/domains/modal/test/auto/Timeout2.xml
4 ms. Memory: 870912K Free: 711433K (82%)
----------------- Invoking toplevel() on ptolemy.moml.MoMLSimpleApplication@12b3a375
----------------- Done invoking toplevel() on ptolemy.moml.MoMLSimpleApplication@12b3a375
reloadAllAccessors: .Timeout2

===========================================================================================
----------------- testing Fri Nov 30 02:56:44 UTC 2018 /home/travis/build/icyphy/ptII/ptolemy/domains/modal/test/auto/Timeout3.xml
----------------- Instantiating /home/travis/build/icyphy/ptII/ptolemy/domains/modal/test/auto/Timeout3.xml
6 ms. Memory: 870912K Free: 701022K (80%)
----------------- Invoking toplevel() on ptolemy.moml.MoMLSimpleApplication@39f5c20d
----------------- Done invoking toplevel() on ptolemy.moml.MoMLSimpleApplication@39f5c20d
reloadAllAccessors: .Timeout3

===========================================================================================
----------------- testing Fri Nov 30 02:56:44 UTC 2018 /home/travis/build/icyphy/ptII/ptolemy/domains/modal/test/auto/Timeout4.xml
----------------- Instantiating /home/travis/build/icyphy/ptII/ptolemy/domains/modal/test/auto/Timeout4.xml
2 ms. Memory: 870912K Free: 688738K (79%)
----------------- Invoking toplevel() on ptolemy.moml.MoMLSimpleApplication@5ced1b00
----------------- Done invoking toplevel() on ptolemy.moml.MoMLSimpleApplication@5ced1b00
reloadAllAccessors: .Timeout4

===========================================================================================
----------------- testing Fri Nov 30 02:56:44 UTC 2018 /home/travis/build/icyphy/ptII/ptolemy/domains/modal/test/auto/TransientstateModelAdvanced.xml
----------------- Instantiating /home/travis/build/icyphy/ptII/ptolemy/domains/modal/test/auto/TransientstateModelAdvanced.xml
3 ms. Memory: 870912K Free: 667901K (77%)
----------------- Invoking toplevel() on ptolemy.moml.MoMLSimpleApplication@2a73bc07
----------------- Done invoking toplevel() on ptolemy.moml.MoMLSimpleApplication@2a73bc07
reloadAllAccessors: .TransientstateModelAdvanced

===========================================================================================
----------------- testing Fri Nov 30 02:56:44 UTC 2018 /home/travis/build/icyphy/ptII/ptolemy/domains/modal/test/auto/TransientstateModelAdvanced2.xml
----------------- Instantiating /home/travis/build/icyphy/ptII/ptolemy/domains/modal/test/auto/TransientstateModelAdvanced2.xml
2 ms. Memory: 870912K Free: 645207K (74%)
----------------- Invoking toplevel() on ptolemy.moml.MoMLSimpleApplication@543854ed
----------------- Done invoking toplevel() on ptolemy.moml.MoMLSimpleApplication@543854ed
reloadAllAccessors: .transientstatemodelAdvanced

===========================================================================================
----------------- testing Fri Nov 30 02:56:44 UTC 2018 /home/travis/build/icyphy/ptII/ptolemy/domains/modal/test/auto/TransitionRefinements.xml
----------------- Instantiating /home/travis/build/icyphy/ptII/ptolemy/domains/modal/test/auto/TransitionRefinements.xml
12 ms. Memory: 870912K Free: 629575K (72%)
----------------- Invoking toplevel() on ptolemy.moml.MoMLSimpleApplication@53671d8c
----------------- Done invoking toplevel() on ptolemy.moml.MoMLSimpleApplication@53671d8c
reloadAllAccessors: .TransitionRefinements

===========================================================================================
----------------- testing Fri Nov 30 02:56:44 UTC 2018 /home/travis/build/icyphy/ptII/ptolemy/domains/modal/test/auto/TwoRefinements1.xml
----------------- Instantiating /home/travis/build/icyphy/ptII/ptolemy/domains/modal/test/auto/TwoRefinements1.xml
3 ms. Memory: 870912K Free: 612086K (70%)
----------------- Invoking toplevel() on ptolemy.moml.MoMLSimpleApplication@251eb13c
----------------- Done invoking toplevel() on ptolemy.moml.MoMLSimpleApplication@251eb13c
reloadAllAccessors: .TwoRefinements1

===========================================================================================
----------------- testing Fri Nov 30 02:56:44 UTC 2018 /home/travis/build/icyphy/ptII/ptolemy/domains/modal/test/auto/TwoRefinements2.xml
----------------- Instantiating /home/travis/build/icyphy/ptII/ptolemy/domains/modal/test/auto/TwoRefinements2.xml
2 ms. Memory: 870912K Free: 596454K (68%)
----------------- Invoking toplevel() on ptolemy.moml.MoMLSimpleApplication@57f7fd69
----------------- Done invoking toplevel() on ptolemy.moml.MoMLSimpleApplication@57f7fd69
reloadAllAccessors: .TwoRefinements2

===========================================================================================
----------------- testing Fri Nov 30 02:56:44 UTC 2018 /home/travis/build/icyphy/ptII/ptolemy/domains/modal/test/auto/WeakImmediateTransition.xml
----------------- Instantiating /home/travis/build/icyphy/ptII/ptolemy/domains/modal/test/auto/WeakImmediateTransition.xml
4 ms. Memory: 870912K Free: 578949K (66%)
----------------- Invoking toplevel() on ptolemy.moml.MoMLSimpleApplication@537a3f28
----------------- Done invoking toplevel() on ptolemy.moml.MoMLSimpleApplication@537a3f28
reloadAllAccessors: .WeakImmediateTransition

===========================================================================================
----------------- testing Fri Nov 30 02:56:44 UTC 2018 /home/travis/build/icyphy/ptII/ptolemy/domains/modal/test/auto/booleanSelect.xml
----------------- Instantiating /home/travis/build/icyphy/ptII/ptolemy/domains/modal/test/auto/booleanSelect.xml
35 ms. Memory: 870912K Free: 552882K (63%)
----------------- Invoking toplevel() on ptolemy.moml.MoMLSimpleApplication@488bf7de
----------------- Done invoking toplevel() on ptolemy.moml.MoMLSimpleApplication@488bf7de
reloadAllAccessors: .booleanSelect

===========================================================================================
----------------- testing Fri Nov 30 02:56:44 UTC 2018 /home/travis/build/icyphy/ptII/ptolemy/domains/modal/test/auto/modalChangingParams.xml
----------------- Instantiating /home/travis/build/icyphy/ptII/ptolemy/domains/modal/test/auto/modalChangingParams.xml
0
1
0
2
4
6
8
7
0
2
4
6
8
13
0
2
4
6
8
19
0
2
4
6
8
25
0
2
4
6
8
31
0
2
4
6
8
37
0
2
4
6
8
43
0
2
4
6
8
49
0
2
4
6
8
55
0
2
4
6
8
61
0
2
4
6
8
67
0
2
4
6
8
73
0
2
4
6
8
79
0
2
4
6
8
85
0
2
4
6
8
91
0
2
4
6
8
97
0
2
4
6
8
103
0
2
4
6
8
109
0
2
4
6
8
115
0
2
4
6
8
121
0
2
4
6
8
127
0
2
4
6
8
133
0
2
4
6
8
139
0
2
4
6
8
145
0
2
4
6
8
151
0
2
4
6
8
157
0
2
4
6
8
163
0
2
4
6
8
169
0
2
4
6
8
175
0
2
4
6
8
181
0
2
4
6
8
187
0
2
4
6
8
193
0
2
4
6
8
199
0
2
4
6
8
205
0
2
4
6
8
211
0
2
4
6
8
217
0
2
4
6
8
223
0
2
4
6
8
229
0
2
4
6
8
235
0
2
4
6
8
241
0
2
4
6
8
247
0
2
4
6
8
253
0
2
4
6
8
259
0
2
4
6
8
265
0
2
4
6
8
271
0
2
4
6
8
277
0
2
4
6
8
283
0
2
4
6
8
289
0
2
4
6
8
295
0
2
4
6
8
301
0
2
4
6
8
307
0
2
4
6
8
313
0
2
4
6
8
319
0
2
4
6
8
325
0
2
4
6
8
331
0
2
4
6
8
337
0
2
4
6
8
343
0
2
4
6
8
349
0
2
4
6
8
355
0
2
4
6
8
361
0
2
4
6
8
367
0
2
4
6
8
373
0
2
4
6
8
379
0
2
4
6
8
385
0
2
4
6
8
391
0
2
4
6
8
397
0
2
4
6
8
403
0
2
4
6
8
409
0
2
4
6
8
415
0
2
4
6
8
421
0
2
4
6
8
427
0
2
4
6
8
433
0
2
4
6
8
439
0
2
4
6
8
445
0
2
4
6
8
451
0
2
4
6
8
457
0
2
4
6
8
463
0
2
4
6
8
469
0
2
4
6
8
475
0
2
4
6
8
481
0
2
4
6
8
487
0
2
4
6
8
493
0
2
4
6
8
499
0
2
4
6
8
505
0
2
4
6
8
511
0
2
4
6
8
517
0
2
4
6
8
523
0
2
4
6
8
529
0
2
4
6
8
535
0
2
4
6
8
541
0
2
4
6
8
547
0
2
4
6
8
553
0
2
4
6
8
559
0
2
4
6
8
565
0
2
4
6
8
571
0
2
4
6
8
577
0
2
4
6
8
583
0
2
4
6
8
589
0
2
4
6
8
595
0
2
4
6
8
601
0
2
4
6
8
607
0
2
4
6
8
613
0
2
4
6
8
619
0
2
4
6
8
625
0
2
4
6
8
631
0
2
4
6
8
637
0
2
4
6
8
643
0
2
4
6
8
649
0
2
4
6
8
655
0
2
4
6
8
661
0
2
4
6
8
667
0
2
4
6
8
673
0
2
4
6
8
679
0
2
4
6
8
685
0
2
4
6
8
691
0
2
4
6
8
697
0
2
4
6
8
703
0
2
4
6
8
709
0
2
4
6
8
715
0
2
4
6
8
721
0
2
4
6
8
727
0
2
4
6
8
733
0
2
4
6
8
739
0
2
4
6
8
745
0
2
4
6
8
751
0
2
4
6
8
757
0
2
4
6
8
763
0
2
4
6
8
769
0
2
4
6
8
775
0
2
4
6
8
781
0
2
4
6
8
787
0
2
4
6
8
793
0
2
4
6
8
799
0
2
4
6
8
805
0
2
4
6
8
811
0
2
4
6
8
817
0
2
4
6
8
823
0
2
4
6
8
829
0
2
4
6
8
835
0
2
4
6
8
841
0
2
4
6
8
847
0
2
4
6
8
853
0
2
4
6
8
859
0
2
4
6
8
865
0
2
4
6
8
871
0
2
4
6
8
877
0
2
4
6
8
883
0
2
4
6
8
889
0
2
4
6
8
895
0
2
4
6
8
901
0
2
4
6
8
907
0
2
4
6
8
913
0
2
4
6
8
919
0
2
4
6
8
925
0
2
4
6
8
931
0
2
4
6
8
937
0
2
4
6
8
943
0
2
4
6
8
949
0
2
4
6
8
955
0
2
4
6
8
961
0
2
4
6
8
967
0
2
4
6
8
973
0
2
4
6
8
979
0
2
4
6
8
985
0
2
4
6
8
991
0
2
4
6
8
997
0
2
203 ms. Memory: 870912K Free: 432959K (50%)
----------------- Invoking toplevel() on ptolemy.moml.MoMLSimpleApplication@21a5f8af
----------------- Done invoking toplevel() on ptolemy.moml.MoMLSimpleApplication@21a5f8af
reloadAllAccessors: .modalChangingParams

===========================================================================================
----------------- testing Fri Nov 30 02:56:44 UTC 2018 /home/travis/build/icyphy/ptII/ptolemy/domains/modal/test/auto/modalModel.xml
----------------- Instantiating /home/travis/build/icyphy/ptII/ptolemy/domains/modal/test/auto/modalModel.xml
9 ms. Memory: 870912K Free: 415454K (48%)
----------------- Invoking toplevel() on ptolemy.moml.MoMLSimpleApplication@4d1f2e68
----------------- Done invoking toplevel() on ptolemy.moml.MoMLSimpleApplication@4d1f2e68
reloadAllAccessors: .modalModel

===========================================================================================
----------------- testing Fri Nov 30 02:56:44 UTC 2018 /home/travis/build/icyphy/ptII/ptolemy/domains/modal/test/auto/modalModel2.xml
----------------- Instantiating /home/travis/build/icyphy/ptII/ptolemy/domains/modal/test/auto/modalModel2.xml
10 ms. Memory: 870912K Free: 399822K (46%)
----------------- Invoking toplevel() on ptolemy.moml.MoMLSimpleApplication@19929f8a
----------------- Done invoking toplevel() on ptolemy.moml.MoMLSimpleApplication@19929f8a
reloadAllAccessors: .modalModel2

===========================================================================================
----------------- testing Fri Nov 30 02:56:44 UTC 2018 /home/travis/build/icyphy/ptII/ptolemy/domains/modal/test/auto/modalModel3.xml
----------------- Instantiating /home/travis/build/icyphy/ptII/ptolemy/domains/modal/test/auto/modalModel3.xml
0	0	0
1	0	1
4	2	2
7	4	3
10	6	4
5	0	5
8	2	6
11	4	7
14	6	8
9	0	9
12	2	10
15	4	11
18	6	12
13	0	13
16	2	14
13 ms. Memory: 870912K Free: 377096K (43%)
----------------- Invoking toplevel() on ptolemy.moml.MoMLSimpleApplication@4e827da8
----------------- Done invoking toplevel() on ptolemy.moml.MoMLSimpleApplication@4e827da8
reloadAllAccessors: .modalModel3

===========================================================================================
----------------- testing Fri Nov 30 02:56:44 UTC 2018 /home/travis/build/icyphy/ptII/ptolemy/domains/modal/test/auto/model1.xml
----------------- Instantiating /home/travis/build/icyphy/ptII/ptolemy/domains/modal/test/auto/model1.xml
9 ms. Memory: 870912K Free: 366685K (42%)
----------------- Invoking toplevel() on ptolemy.moml.MoMLSimpleApplication@332b0a56
----------------- Done invoking toplevel() on ptolemy.moml.MoMLSimpleApplication@332b0a56
reloadAllAccessors: .model1

===========================================================================================
----------------- testing Fri Nov 30 02:56:44 UTC 2018 /home/travis/build/icyphy/ptII/ptolemy/domains/modal/test/auto/test-direct-in-out.xml
----------------- Instantiating /home/travis/build/icyphy/ptII/ptolemy/domains/modal/test/auto/test-direct-in-out.xml
4 ms. Memory: 870912K Free: 349180K (40%)
----------------- Invoking toplevel() on ptolemy.moml.MoMLSimpleApplication@4b33fd2c
----------------- Done invoking toplevel() on ptolemy.moml.MoMLSimpleApplication@4b33fd2c
reloadAllAccessors: .test-direct-in-out
AutoTests.java: About to close Vertx.
AutoTests.java: Vertx closed.
]]></system-out>
  <system-err><![CDATA[java.lang.RuntimeException: Execution failed
	at ptolemy.moml.MoMLSimpleApplication$UnloadThread.run(MoMLSimpleApplication.java:402)
Caused by: ptolemy.kernel.util.IllegalActionException: Unknown inputs remain. Possible causality loop:
L_model_1893289564i

  in .CannotAnalysisWithPreemption.model_1893289564_region_1 and .CannotAnalysisWithPreemption.model_1893289564_region_1.L_model_1893289564i
	at ptolemy.actor.sched.FixedPointDirector.postfire(FixedPointDirector.java:515)
	at ptolemy.domains.sr.kernel.SRDirector.postfire(SRDirector.java:417)
	at ptolemy.actor.CompositeActor.postfire(CompositeActor.java:1668)
	at ptolemy.actor.Manager.iterate(Manager.java:852)
	at ptolemy.actor.Manager.execute(Manager.java:369)
	at ptolemy.actor.Manager.run(Manager.java:1263)
	at ptolemy.actor.Manager$PtolemyRunThread.run(Manager.java:1915)
java.lang.reflect.InvocationTargetException
	at sun.reflect.NativeConstructorAccessorImpl.newInstance0(Native Method)
	at sun.reflect.NativeConstructorAccessorImpl.newInstance(NativeConstructorAccessorImpl.java:62)
	at sun.reflect.DelegatingConstructorAccessorImpl.newInstance(DelegatingConstructorAccessorImpl.java:45)
	at java.lang.reflect.Constructor.newInstance(Constructor.java:423)
	at ptolemy.util.test.junit.AutoKnownFailedTests.RunModel(AutoKnownFailedTests.java:105)
	at sun.reflect.NativeMethodAccessorImpl.invoke0(Native Method)
	at sun.reflect.NativeMethodAccessorImpl.invoke(NativeMethodAccessorImpl.java:62)
	at sun.reflect.DelegatingMethodAccessorImpl.invoke(DelegatingMethodAccessorImpl.java:43)
	at java.lang.reflect.Method.invoke(Method.java:498)
	at org.junit.runners.model.FrameworkMethod$1.runReflectiveCall(FrameworkMethod.java:44)
	at org.junit.internal.runners.model.ReflectiveCallable.run(ReflectiveCallable.java:15)
	at org.junit.runners.model.FrameworkMethod.invokeExplosively(FrameworkMethod.java:41)
	at junitparams.internal.InvokeParameterisedMethod.evaluate(InvokeParameterisedMethod.java:102)
	at org.junit.internal.runners.statements.FailOnTimeout$1.run(FailOnTimeout.java:28)
Caused by: ptolemy.kernel.util.IllegalActionException: Unknown inputs remain. Possible causality loop:
L_model_1893289564i

  in .CannotAnalysisWithPreemption.model_1893289564_region_1 and .CannotAnalysisWithPreemption.model_1893289564_region_1.L_model_1893289564i
	at ptolemy.actor.sched.FixedPointDirector.postfire(FixedPointDirector.java:515)
	at ptolemy.domains.sr.kernel.SRDirector.postfire(SRDirector.java:417)
	at ptolemy.actor.CompositeActor.postfire(CompositeActor.java:1668)
	at ptolemy.actor.Manager.iterate(Manager.java:852)
	at ptolemy.actor.Manager.execute(Manager.java:369)
	at ptolemy.actor.Manager.run(Manager.java:1263)
	at ptolemy.actor.Manager$PtolemyRunThread.run(Manager.java:1915)
]]></system-err>
</testsuite>
