<?xml version="1.0" encoding="UTF-8" ?>
<testsuite errors="0" failures="0" hostname="travis-job-867aab3a-ec15-4b3b-ac61-38696e4f2763" name="ptolemy.domains.de.test.junit.JUnitTclTest" skipped="0" tests="101" time="124.586" timestamp="2019-02-13T03:35:25">
  <properties>
[...]
</properties>
  <testcase classname="ptolemy.util.test.junit.TclTests" name="[0] /home/travis/build/icyphy/ptII/ptolemy/domains/de/test/DependencyLoop.tcl (RunTclFile)" time="0.733" />
  <testcase classname="ptolemy.util.test.junit.TclTests" name="[1] /home/travis/build/icyphy/ptII/ptolemy/domains/de/test/RunDETestsAsQSS.tcl (RunTclFile)" time="84.573" />
  <testcase classname="ptolemy.util.test.junit.AutoKnownFailedTests" name="[0] /home/travis/build/icyphy/ptII/ptolemy/domains/de/test/auto/knownFailedTests/DESDFClockTest.xml (RunModel)" time="2.037" />
  <testcase classname="ptolemy.util.test.junit.AutoKnownFailedTests" name="[1] /home/travis/build/icyphy/ptII/ptolemy/domains/de/test/auto/knownFailedTests/DirectFeedback.xml (RunModel)" time="0.014" />
  <testcase classname="ptolemy.util.test.junit.AutoKnownFailedTests" name="[2] /home/travis/build/icyphy/ptII/ptolemy/domains/de/test/auto/knownFailedTests/FSMSource.xml (RunModel)" time="0.024" />
  <testcase classname="ptolemy.util.test.junit.AutoKnownFailedTests" name="[3] /home/travis/build/icyphy/ptII/ptolemy/domains/de/test/auto/knownFailedTests/HierarchicalModel.xml (RunModel)" time="0.041" />
  <testcase classname="ptolemy.util.test.junit.AutoKnownFailedTests" name="[4] /home/travis/build/icyphy/ptII/ptolemy/domains/de/test/auto/knownFailedTests/dependencyLoop.xml (RunModel)" time="0.045" />
  <testcase classname="ptolemy.util.test.junit.AutoKnownFailedTests" name="[5] /home/travis/build/icyphy/ptII/ptolemy/domains/de/test/auto/knownFailedTests/dependencyLoop2.xml (RunModel)" time="0.043" />
  <testcase classname="ptolemy.util.test.junit.AutoNameArchTests" name="[0] ThereAreNoAutoArchTests (RunModel)" time="0.0" />
  <testcase classname="ptolemy.util.test.junit.AutoTests" name="[0] /home/travis/build/icyphy/ptII/ptolemy/domains/de/test/auto/ActorDepthCalculation_actorWithoutPorts.xml (RunModel)" time="0.021" />
  <testcase classname="ptolemy.util.test.junit.AutoTests" name="[1] /home/travis/build/icyphy/ptII/ptolemy/domains/de/test/auto/AssemblyLine.xml (RunModel)" time="0.025" />
  <testcase classname="ptolemy.util.test.junit.AutoTests" name="[2] /home/travis/build/icyphy/ptII/ptolemy/domains/de/test/auto/CQBug1.xml (RunModel)" time="0.014" />
  <testcase classname="ptolemy.util.test.junit.AutoTests" name="[3] /home/travis/build/icyphy/ptII/ptolemy/domains/de/test/auto/CancelFireAt.xml (RunModel)" time="0.01" />
  <testcase classname="ptolemy.util.test.junit.AutoTests" name="[4] /home/travis/build/icyphy/ptII/ptolemy/domains/de/test/auto/CausalityAndComposabilityAnalysis.xml (RunModel)" time="0.01" />
  <testcase classname="ptolemy.util.test.junit.AutoTests" name="[5] /home/travis/build/icyphy/ptII/ptolemy/domains/de/test/auto/CausalityInterface1.xml (RunModel)" time="0.012" />
  <testcase classname="ptolemy.util.test.junit.AutoTests" name="[6] /home/travis/build/icyphy/ptII/ptolemy/domains/de/test/auto/CausalityInterface15.xml (RunModel)" time="0.012" />
  <testcase classname="ptolemy.util.test.junit.AutoTests" name="[7] /home/travis/build/icyphy/ptII/ptolemy/domains/de/test/auto/CausalityInterface2.xml (RunModel)" time="0.011" />
  <testcase classname="ptolemy.util.test.junit.AutoTests" name="[8] /home/travis/build/icyphy/ptII/ptolemy/domains/de/test/auto/CausalityInterface3.xml (RunModel)" time="0.01" />
  <testcase classname="ptolemy.util.test.junit.AutoTests" name="[9] /home/travis/build/icyphy/ptII/ptolemy/domains/de/test/auto/ClockDrift.xml (RunModel)" time="0.042" />
  <testcase classname="ptolemy.util.test.junit.AutoTests" name="[10] /home/travis/build/icyphy/ptII/ptolemy/domains/de/test/auto/ClockDriftAndValueChange.xml (RunModel)" time="0.03" />
  <testcase classname="ptolemy.util.test.junit.AutoTests" name="[11] /home/travis/build/icyphy/ptII/ptolemy/domains/de/test/auto/ClockDriftChange.xml (RunModel)" time="0.031" />
  <testcase classname="ptolemy.util.test.junit.AutoTests" name="[12] /home/travis/build/icyphy/ptII/ptolemy/domains/de/test/auto/ComposableCausalityAnalysis.xml (RunModel)" time="0.014" />
  <testcase classname="ptolemy.util.test.junit.AutoTests" name="[13] /home/travis/build/icyphy/ptII/ptolemy/domains/de/test/auto/DEFixedPointLimitation.xml (RunModel)" time="0.008" />
  <testcase classname="ptolemy.util.test.junit.AutoTests" name="[14] /home/travis/build/icyphy/ptII/ptolemy/domains/de/test/auto/DEScheduleTest.xml (RunModel)" time="0.029" />
  <testcase classname="ptolemy.util.test.junit.AutoTests" name="[15] /home/travis/build/icyphy/ptII/ptolemy/domains/de/test/auto/DEinDEwithStartTimes.xml (RunModel)" time="0.016" />
  <testcase classname="ptolemy.util.test.junit.AutoTests" name="[16] /home/travis/build/icyphy/ptII/ptolemy/domains/de/test/auto/DEinDEwithStartTimes2.xml (RunModel)" time="0.015" />
  <testcase classname="ptolemy.util.test.junit.AutoTests" name="[17] /home/travis/build/icyphy/ptII/ptolemy/domains/de/test/auto/DateDemo.xml (RunModel)" time="0.036" />
  <testcase classname="ptolemy.util.test.junit.AutoTests" name="[18] /home/travis/build/icyphy/ptII/ptolemy/domains/de/test/auto/DateToEvent.xml (RunModel)" time="2.041" />
  <testcase classname="ptolemy.util.test.junit.AutoTests" name="[19] /home/travis/build/icyphy/ptII/ptolemy/domains/de/test/auto/DepthTest1.xml (RunModel)" time="0.006" />
  <testcase classname="ptolemy.util.test.junit.AutoTests" name="[20] /home/travis/build/icyphy/ptII/ptolemy/domains/de/test/auto/DepthTest2.xml (RunModel)" time="0.015" />
  <testcase classname="ptolemy.util.test.junit.AutoTests" name="[21] /home/travis/build/icyphy/ptII/ptolemy/domains/de/test/auto/DepthTest3.xml (RunModel)" time="0.007" />
  <testcase classname="ptolemy.util.test.junit.AutoTests" name="[22] /home/travis/build/icyphy/ptII/ptolemy/domains/de/test/auto/DepthTest4.xml (RunModel)" time="0.011" />
  <testcase classname="ptolemy.util.test.junit.AutoTests" name="[23] /home/travis/build/icyphy/ptII/ptolemy/domains/de/test/auto/DepthTest5.xml (RunModel)" time="0.012" />
  <testcase classname="ptolemy.util.test.junit.AutoTests" name="[24] /home/travis/build/icyphy/ptII/ptolemy/domains/de/test/auto/DepthTest6.xml (RunModel)" time="0.012" />
  <testcase classname="ptolemy.util.test.junit.AutoTests" name="[25] /home/travis/build/icyphy/ptII/ptolemy/domains/de/test/auto/DepthTest7.xml (RunModel)" time="0.01" />
  <testcase classname="ptolemy.util.test.junit.AutoTests" name="[26] /home/travis/build/icyphy/ptII/ptolemy/domains/de/test/auto/EventToDate.xml (RunModel)" time="3.03" />
  <testcase classname="ptolemy.util.test.junit.AutoTests" name="[27] /home/travis/build/icyphy/ptII/ptolemy/domains/de/test/auto/FSM1.xml (RunModel)" time="0.041" />
  <testcase classname="ptolemy.util.test.junit.AutoTests" name="[28] /home/travis/build/icyphy/ptII/ptolemy/domains/de/test/auto/FSM7.xml (RunModel)" time="0.048" />
  <testcase classname="ptolemy.util.test.junit.AutoTests" name="[29] /home/travis/build/icyphy/ptII/ptolemy/domains/de/test/auto/Inspection.xml (RunModel)" time="0.036" />
  <testcase classname="ptolemy.util.test.junit.AutoTests" name="[30] /home/travis/build/icyphy/ptII/ptolemy/domains/de/test/auto/Iteration.xml (RunModel)" time="0.016" />
  <testcase classname="ptolemy.util.test.junit.AutoTests" name="[31] /home/travis/build/icyphy/ptII/ptolemy/domains/de/test/auto/LineFault.xml (RunModel)" time="0.501" />
  <testcase classname="ptolemy.util.test.junit.AutoTests" name="[32] /home/travis/build/icyphy/ptII/ptolemy/domains/de/test/auto/MergeModel1Add.xml (RunModel)" time="0.033" />
  <testcase classname="ptolemy.util.test.junit.AutoTests" name="[33] /home/travis/build/icyphy/ptII/ptolemy/domains/de/test/auto/MergeModel2Add.xml (RunModel)" time="0.03" />
  <testcase classname="ptolemy.util.test.junit.AutoTests" name="[34] /home/travis/build/icyphy/ptII/ptolemy/domains/de/test/auto/MergeModel3Add.xml (RunModel)" time="0.03" />
  <testcase classname="ptolemy.util.test.junit.AutoTests" name="[35] /home/travis/build/icyphy/ptII/ptolemy/domains/de/test/auto/MergeWithoutDiscard.xml (RunModel)" time="0.008" />
  <testcase classname="ptolemy.util.test.junit.AutoTests" name="[36] /home/travis/build/icyphy/ptII/ptolemy/domains/de/test/auto/Modal1.xml (RunModel)" time="0.023" />
  <testcase classname="ptolemy.util.test.junit.AutoTests" name="[37] /home/travis/build/icyphy/ptII/ptolemy/domains/de/test/auto/Modal2.xml (RunModel)" time="0.023" />
  <testcase classname="ptolemy.util.test.junit.AutoTests" name="[38] /home/travis/build/icyphy/ptII/ptolemy/domains/de/test/auto/Modal3.xml (RunModel)" time="0.023" />
  <testcase classname="ptolemy.util.test.junit.AutoTests" name="[39] /home/travis/build/icyphy/ptII/ptolemy/domains/de/test/auto/Modal4.xml (RunModel)" time="0.028" />
  <testcase classname="ptolemy.util.test.junit.AutoTests" name="[40] /home/travis/build/icyphy/ptII/ptolemy/domains/de/test/auto/Modal5.xml (RunModel)" time="0.027" />
  <testcase classname="ptolemy.util.test.junit.AutoTests" name="[41] /home/travis/build/icyphy/ptII/ptolemy/domains/de/test/auto/Modal6.xml (RunModel)" time="0.022" />
  <testcase classname="ptolemy.util.test.junit.AutoTests" name="[42] /home/travis/build/icyphy/ptII/ptolemy/domains/de/test/auto/Modal7.xml (RunModel)" time="0.023" />
  <testcase classname="ptolemy.util.test.junit.AutoTests" name="[43] /home/travis/build/icyphy/ptII/ptolemy/domains/de/test/auto/ModalModel.xml (RunModel)" time="0.139" />
  <testcase classname="ptolemy.util.test.junit.AutoTests" name="[44] /home/travis/build/icyphy/ptII/ptolemy/domains/de/test/auto/ModalSource.xml (RunModel)" time="0.016" />
  <testcase classname="ptolemy.util.test.junit.AutoTests" name="[45] /home/travis/build/icyphy/ptII/ptolemy/domains/de/test/auto/NonInterruptibleTimerZeroDelay.xml (RunModel)" time="0.009" />
  <testcase classname="ptolemy.util.test.junit.AutoTests" name="[46] /home/travis/build/icyphy/ptII/ptolemy/domains/de/test/auto/OpenQueueingNetwork.xml (RunModel)" time="2.18" />
  <testcase classname="ptolemy.util.test.junit.AutoTests" name="[47] /home/travis/build/icyphy/ptII/ptolemy/domains/de/test/auto/OpenQueuingNetwork.xml (RunModel)" time="0.273" />
  <testcase classname="ptolemy.util.test.junit.AutoTests" name="[48] /home/travis/build/icyphy/ptII/ptolemy/domains/de/test/auto/PeriodicSampler.xml (RunModel)" time="0.007" />
  <testcase classname="ptolemy.util.test.junit.AutoTests" name="[49] /home/travis/build/icyphy/ptII/ptolemy/domains/de/test/auto/PersistentIO.xml (RunModel)" time="0.017" />
  <testcase classname="ptolemy.util.test.junit.AutoTests" name="[50] /home/travis/build/icyphy/ptII/ptolemy/domains/de/test/auto/PortParameterResetOnInitialize.xml (RunModel)" time="0.008" />
  <testcase classname="ptolemy.util.test.junit.AutoTests" name="[51] /home/travis/build/icyphy/ptII/ptolemy/domains/de/test/auto/PortParameterUpdates.xml (RunModel)" time="0.011" />
  <testcase classname="ptolemy.util.test.junit.AutoTests" name="[52] /home/travis/build/icyphy/ptII/ptolemy/domains/de/test/auto/QueueAndServer.xml (RunModel)" time="0.02" />
  <testcase classname="ptolemy.util.test.junit.AutoTests" name="[53] /home/travis/build/icyphy/ptII/ptolemy/domains/de/test/auto/Records.xml (RunModel)" time="0.011" />
  <testcase classname="ptolemy.util.test.junit.AutoTests" name="[54] /home/travis/build/icyphy/ptII/ptolemy/domains/de/test/auto/ResetTransitionWithStartTime1.xml (RunModel)" time="0.015" />
  <testcase classname="ptolemy.util.test.junit.AutoTests" name="[55] /home/travis/build/icyphy/ptII/ptolemy/domains/de/test/auto/ResetTransitionWithStartTime2.xml (RunModel)" time="0.015" />
  <testcase classname="ptolemy.util.test.junit.AutoTests" name="[56] /home/travis/build/icyphy/ptII/ptolemy/domains/de/test/auto/ResetTransitionWithStartTime3.xml (RunModel)" time="0.015" />
  <testcase classname="ptolemy.util.test.junit.AutoTests" name="[57] /home/travis/build/icyphy/ptII/ptolemy/domains/de/test/auto/ResetTransitionWithStartTime4.xml (RunModel)" time="0.015" />
  <testcase classname="ptolemy.util.test.junit.AutoTests" name="[58] /home/travis/build/icyphy/ptII/ptolemy/domains/de/test/auto/ResettableTimer1.xml (RunModel)" time="0.009" />
  <testcase classname="ptolemy.util.test.junit.AutoTests" name="[59] /home/travis/build/icyphy/ptII/ptolemy/domains/de/test/auto/ResettableTimer2.xml (RunModel)" time="0.008" />
  <testcase classname="ptolemy.util.test.junit.AutoTests" name="[60] /home/travis/build/icyphy/ptII/ptolemy/domains/de/test/auto/ResettableTimer3.xml (RunModel)" time="0.006" />
  <testcase classname="ptolemy.util.test.junit.AutoTests" name="[61] /home/travis/build/icyphy/ptII/ptolemy/domains/de/test/auto/ResettableTimer4.xml (RunModel)" time="0.007" />
  <testcase classname="ptolemy.util.test.junit.AutoTests" name="[62] /home/travis/build/icyphy/ptII/ptolemy/domains/de/test/auto/ResettableTimer5.xml (RunModel)" time="0.008" />
  <testcase classname="ptolemy.util.test.junit.AutoTests" name="[63] /home/travis/build/icyphy/ptII/ptolemy/domains/de/test/auto/ResettableTimer6.xml (RunModel)" time="0.008" />
  <testcase classname="ptolemy.util.test.junit.AutoTests" name="[64] /home/travis/build/icyphy/ptII/ptolemy/domains/de/test/auto/ServerZeroDelay.xml (RunModel)" time="0.008" />
  <testcase classname="ptolemy.util.test.junit.AutoTests" name="[65] /home/travis/build/icyphy/ptII/ptolemy/domains/de/test/auto/SmartSender.xml (RunModel)" time="3.008" />
  <testcase classname="ptolemy.util.test.junit.AutoTests" name="[66] /home/travis/build/icyphy/ptII/ptolemy/domains/de/test/auto/ThreadedComposite.xml (RunModel)" time="0.225" />
  <testcase classname="ptolemy.util.test.junit.AutoTests" name="[67] /home/travis/build/icyphy/ptII/ptolemy/domains/de/test/auto/Time.xml (RunModel)" time="0.411" />
  <testcase classname="ptolemy.util.test.junit.AutoTests" name="[68] /home/travis/build/icyphy/ptII/ptolemy/domains/de/test/auto/TimeDelayZeroDelay.xml (RunModel)" time="0.009" />
  <testcase classname="ptolemy.util.test.junit.AutoTests" name="[69] /home/travis/build/icyphy/ptII/ptolemy/domains/de/test/auto/TimerZeroDelay.xml (RunModel)" time="0.008" />
  <testcase classname="ptolemy.util.test.junit.AutoTests" name="[70] /home/travis/build/icyphy/ptII/ptolemy/domains/de/test/auto/TimingParadox.xml (RunModel)" time="0.343" />
  <testcase classname="ptolemy.util.test.junit.AutoTests" name="[71] /home/travis/build/icyphy/ptII/ptolemy/domains/de/test/auto/TransferInputs.xml (RunModel)" time="0.014" />
  <testcase classname="ptolemy.util.test.junit.AutoTests" name="[72] /home/travis/build/icyphy/ptII/ptolemy/domains/de/test/auto/TransferOutputs2.xml (RunModel)" time="0.018" />
  <testcase classname="ptolemy.util.test.junit.AutoTests" name="[73] /home/travis/build/icyphy/ptII/ptolemy/domains/de/test/auto/Trilateration.xml (RunModel)" time="11.12" />
  <testcase classname="ptolemy.util.test.junit.AutoTests" name="[74] /home/travis/build/icyphy/ptII/ptolemy/domains/de/test/auto/TwoSigmaDelta.xml (RunModel)" time="2.212" />
  <testcase classname="ptolemy.util.test.junit.AutoTests" name="[75] /home/travis/build/icyphy/ptII/ptolemy/domains/de/test/auto/VariableDelay.xml (RunModel)" time="0.01" />
  <testcase classname="ptolemy.util.test.junit.AutoTests" name="[76] /home/travis/build/icyphy/ptII/ptolemy/domains/de/test/auto/VariableDelay2.xml (RunModel)" time="0.011" />
  <testcase classname="ptolemy.util.test.junit.AutoTests" name="[77] /home/travis/build/icyphy/ptII/ptolemy/domains/de/test/auto/VariableDelayZeroDelay.xml (RunModel)" time="0.011" />
  <testcase classname="ptolemy.util.test.junit.AutoTests" name="[78] /home/travis/build/icyphy/ptII/ptolemy/domains/de/test/auto/VariableDelayZeroDelay2.xml (RunModel)" time="0.008" />
  <testcase classname="ptolemy.util.test.junit.AutoTests" name="[79] /home/travis/build/icyphy/ptII/ptolemy/domains/de/test/auto/deInCt.xml (RunModel)" time="0.017" />
  <testcase classname="ptolemy.util.test.junit.AutoTests" name="[80] /home/travis/build/icyphy/ptII/ptolemy/domains/de/test/auto/deInCt2.xml (RunModel)" time="0.011" />
  <testcase classname="ptolemy.util.test.junit.AutoTests" name="[81] /home/travis/build/icyphy/ptII/ptolemy/domains/de/test/auto/dynamicCausalityInterface1.xml (RunModel)" time="0.017" />
  <testcase classname="ptolemy.util.test.junit.AutoTests" name="[82] /home/travis/build/icyphy/ptII/ptolemy/domains/de/test/auto/fsm_de_test.xml (RunModel)" time="0.02" />
  <testcase classname="ptolemy.util.test.junit.AutoTests" name="[83] /home/travis/build/icyphy/ptII/ptolemy/domains/de/test/auto/functionDependencyReconstruction.xml (RunModel)" time="0.029" />
  <testcase classname="ptolemy.util.test.junit.AutoTests" name="[84] /home/travis/build/icyphy/ptII/ptolemy/domains/de/test/auto/multirate.xml (RunModel)" time="0.013" />
  <testcase classname="ptolemy.util.test.junit.AutoTests" name="[85] /home/travis/build/icyphy/ptII/ptolemy/domains/de/test/auto/multirate2.xml (RunModel)" time="0.012" />
  <testcase classname="ptolemy.util.test.junit.AutoTests" name="[86] /home/travis/build/icyphy/ptII/ptolemy/domains/de/test/auto/realtime.xml (RunModel)" time="10.009" />
  <testcase classname="ptolemy.util.test.junit.AutoTests" name="[87] /home/travis/build/icyphy/ptII/ptolemy/domains/de/test/auto/relationGroup.xml (RunModel)" time="0.006" />
  <testcase classname="ptolemy.util.test.junit.AutoTests" name="[88] /home/travis/build/icyphy/ptII/ptolemy/domains/de/test/auto/relationGroup2.xml (RunModel)" time="0.007" />
  <testcase classname="ptolemy.util.test.junit.AutoTests" name="[89] /home/travis/build/icyphy/ptII/ptolemy/domains/de/test/auto/sortWithOpaquePorts.xml (RunModel)" time="0.007" />
  <testcase classname="ptolemy.util.test.junit.AutoTests" name="[90] /home/travis/build/icyphy/ptII/ptolemy/domains/de/test/auto/transferInputsandOutputs.xml (RunModel)" time="0.013" />
  <testcase classname="ptolemy.util.test.junit.AutoTests" name="[91] /home/travis/build/icyphy/ptII/ptolemy/domains/de/test/auto/triggerType.xml (RunModel)" time="0.007" />
  <system-out><![CDATA[/home/travis/build/icyphy/ptII/ptolemy/domains/de/test/DependencyLoop.tcl
testDefs.tcl: setting time out to 9000 seconds at Wed Feb 13 03:35:25 UTC 2019
15 ms. Memory: 116224K Free: 97422K (84%)
25 ms. Memory: 146944K Free: 141504K (96%)
/home/travis/build/icyphy/ptII/ptolemy/domains/de/test/RunDETestsAsQSS.tcl
Run the DE tests using ptolemy.domains.qss.test.QSSDirectorTest, which extends QSSDirector and prints a message in the constructors.
------------------ testing $PTII/ptolemy/domains/de/test/auto/knownFailedTests/dependencyLoop.xml (Known Failure) 
17 ms. Memory: 146944K Free: 137254K (93%)


==== $PTIIhome/travis/build/icyphy/ptII/ptolemy/domains/de/test/../../../../: Auto Automatic test in file $PTII/ptolemy/domains/de/test/auto/knownFailedTests/dependencyLoop.xml
==== Contents of test case:

	    # FIXME: we should use $relativeFilename here, but it
	    # might have backslashes under Windows, which causes no end
	    # of trouble.
	    createAndExecute $file
	    list {}
	
.... Test generated KNOWN error:
    while executing
ptolemy.kernel.util.IllegalActionException: Found a zero delay loop containing .dependencyLoop.original
  in .dependencyLoop and .dependencyLoop.original
	at ptolemy.actor.util.CausalityInterfaceForComposites._computeOutputPortDepth(CausalityInterfaceForComposites.java:759)
	at ptolemy.actor.util.CausalityInterfaceForComposites._computeInputDepth(CausalityInterfaceForComposites.java:696)
	at ptolemy.actor.util.CausalityInterfaceForComposites._computeOutputPortDepth(CausalityInterfaceForComposites.java:765)
	at ptolemy.actor.util.CausalityInterfaceForComposites._computeInputDepth(CausalityInterfaceForComposites.java:696)
	at ptolemy.actor.util.CausalityInterfaceForComposites._computeOutputPortDepth(CausalityInterfaceForComposites.java:765)
	at ptolemy.actor.util.CausalityInterfaceForComposites._computeInputDepth(CausalityInterfaceForComposites.java:696)
	at ptolemy.actor.util.CausalityInterfaceForComposites._computeActorDepth(CausalityInterfaceForComposites.java:532)
	at ptolemy.actor.util.CausalityInterfaceForComposites.checkForCycles(CausalityInterfaceForComposites.java:96)
	at ptolemy.domains.de.kernel.DEDirector.preinitialize(DEDirector.java:1338)
	at ptolemy.actor.CompositeActor.preinitialize(CompositeActor.java:1828)
	at ptolemy.actor.Manager.preinitializeAndResolveTypes(Manager.java:1040)
	at ptolemy.actor.Manager.initialize(Manager.java:710)
	at ptolemy.actor.Manager.execute(Manager.java:356)
	at ptolemy.actor.Manager.run(Manager.java:1263)
	at ptolemy.actor.Manager$PtolemyRunThread.run(Manager.java:1915)

    while executing
ptolemy.kernel.util.IllegalActionException: Found a zero delay loop containing .dependencyLoop.original
  in .dependencyLoop and .dependencyLoop.original
    while executing
"java::new ptolemy.moml.MoMLSimpleApplication $file
"
    (procedure "createAndExecute" line 2)
    invoked from within
"createAndExecute $file"
    ("uplevel" body line 5)
    invoked from within
"uplevel $contents_of_test"
------------------ testing $PTII/ptolemy/domains/de/test/auto/knownFailedTests/DESDFClockTest.xml (Known Failure) 
2069 ms. Memory: 146944K Free: 121636K (83%)


==== $PTIIhome/travis/build/icyphy/ptII/ptolemy/domains/de/test/../../../../: Auto Automatic test in file $PTII/ptolemy/domains/de/test/auto/knownFailedTests/DESDFClockTest.xml
==== Contents of test case:

	    # FIXME: we should use $relativeFilename here, but it
	    # might have backslashes under Windows, which causes no end
	    # of trouble.
	    createAndExecute $file
	    list {}
	
.... Test generated KNOWN error:
    while executing
ptolemy.kernel.util.IllegalActionException: Actor is not ready to fire.  Perhaps UpSample.prefire() returned false? Try debugging the actor by selecting "Listen to Actor".  Also, for SDF check moml for tokenConsumptionRate on input.
  in .DESDFClockTest.Play Bell.Copy1:SDF Director and .DESDFClockTest.Play Bell.UpSample
	at ptolemy.actor.sched.StaticSchedulingDirector.fire(StaticSchedulingDirector.java:227)
	at ptolemy.domains.sdf.kernel.SDFDirector.fire(SDFDirector.java:500)
	at ptolemy.actor.CompositeActor.fire(CompositeActor.java:455)
	at ptolemy.domains.de.kernel.DEDirector._fire(DEDirector.java:1949)
	at ptolemy.domains.de.kernel.DEDirector.fire(DEDirector.java:502)
	at ptolemy.actor.CompositeActor.fire(CompositeActor.java:455)
	at ptolemy.actor.Manager.iterate(Manager.java:851)
	at ptolemy.actor.Manager.execute(Manager.java:369)
	at ptolemy.actor.Manager.run(Manager.java:1263)
	at ptolemy.actor.Manager$PtolemyRunThread.run(Manager.java:1915)

    while executing
ptolemy.kernel.util.IllegalActionException: Actor is not ready to fire.  Perhaps UpSample.prefire() returned false? Try debugging the actor by selecting "Listen to Actor".  Also, for SDF check moml for tokenConsumptionRate on input.
  in .DESDFClockTest.Play Bell.Copy1:SDF Director and .DESDFClockTest.Play Bell.UpSample
    while executing
"java::new ptolemy.moml.MoMLSimpleApplication $file
"
    (procedure "createAndExecute" line 2)
    invoked from within
"createAndExecute $file"
    ("uplevel" body line 5)
    invoked from within
"uplevel $contents_of_test"
------------------ testing $PTII/ptolemy/domains/de/test/auto/knownFailedTests/FSMSource.xml (Known Failure) 
43 ms. Memory: 146944K Free: 112780K (77%)
!!!! Auto was marked as failing, but now passes
------------------ testing $PTII/ptolemy/domains/de/test/auto/knownFailedTests/dependencyLoop2.xml (Known Failure) 
7 ms. Memory: 146944K Free: 110896K (75%)


==== $PTIIhome/travis/build/icyphy/ptII/ptolemy/domains/de/test/../../../../: Auto Automatic test in file $PTII/ptolemy/domains/de/test/auto/knownFailedTests/dependencyLoop2.xml
==== Contents of test case:

	    # FIXME: we should use $relativeFilename here, but it
	    # might have backslashes under Windows, which causes no end
	    # of trouble.
	    createAndExecute $file
	    list {}
	
.... Test generated KNOWN error:
    while executing
ptolemy.kernel.util.IllegalActionException: Found a zero delay loop containing .dependencyLoop2.original
  in .dependencyLoop2 and .dependencyLoop2.original
	at ptolemy.actor.util.CausalityInterfaceForComposites._computeOutputPortDepth(CausalityInterfaceForComposites.java:759)
	at ptolemy.actor.util.CausalityInterfaceForComposites._computeInputDepth(CausalityInterfaceForComposites.java:696)
	at ptolemy.actor.util.CausalityInterfaceForComposites._computeOutputPortDepth(CausalityInterfaceForComposites.java:765)
	at ptolemy.actor.util.CausalityInterfaceForComposites._computeInputDepth(CausalityInterfaceForComposites.java:696)
	at ptolemy.actor.util.CausalityInterfaceForComposites._computeOutputPortDepth(CausalityInterfaceForComposites.java:765)
	at ptolemy.actor.util.CausalityInterfaceForComposites._computeInputDepth(CausalityInterfaceForComposites.java:696)
	at ptolemy.actor.util.CausalityInterfaceForComposites._computeActorDepth(CausalityInterfaceForComposites.java:532)
	at ptolemy.actor.util.CausalityInterfaceForComposites.checkForCycles(CausalityInterfaceForComposites.java:96)
	at ptolemy.domains.de.kernel.DEDirector.preinitialize(DEDirector.java:1338)
	at ptolemy.actor.CompositeActor.preinitialize(CompositeActor.java:1828)
	at ptolemy.actor.Manager.preinitializeAndResolveTypes(Manager.java:1040)
	at ptolemy.actor.Manager.initialize(Manager.java:710)
	at ptolemy.actor.Manager.execute(Manager.java:356)
	at ptolemy.actor.Manager.run(Manager.java:1263)
	at ptolemy.actor.Manager$PtolemyRunThread.run(Manager.java:1915)

    while executing
ptolemy.kernel.util.IllegalActionException: Found a zero delay loop containing .dependencyLoop2.original
  in .dependencyLoop2 and .dependencyLoop2.original
    while executing
"java::new ptolemy.moml.MoMLSimpleApplication $file
"
    (procedure "createAndExecute" line 2)
    invoked from within
"createAndExecute $file"
    ("uplevel" body line 5)
    invoked from within
"uplevel $contents_of_test"
------------------ testing $PTII/ptolemy/domains/de/test/auto/knownFailedTests/HierarchicalModel.xml (Known Failure) 
5 ms. Memory: 146944K Free: 90630K (62%)


==== $PTIIhome/travis/build/icyphy/ptII/ptolemy/domains/de/test/../../../../: Auto Automatic test in file $PTII/ptolemy/domains/de/test/auto/knownFailedTests/HierarchicalModel.xml
==== Contents of test case:

	    # FIXME: we should use $relativeFilename here, but it
	    # might have backslashes under Windows, which causes no end
	    # of trouble.
	    createAndExecute $file
	    list {}
	
.... Test generated KNOWN error:
    while executing
ptolemy.kernel.util.IllegalActionException: Found a zero delay loop containing .HierarchicalModel.A
  in .HierarchicalModel and .HierarchicalModel.A
	at ptolemy.actor.util.CausalityInterfaceForComposites._computeOutputPortDepth(CausalityInterfaceForComposites.java:759)
	at ptolemy.actor.util.CausalityInterfaceForComposites._computeInputDepth(CausalityInterfaceForComposites.java:696)
	at ptolemy.actor.util.CausalityInterfaceForComposites._computeOutputPortDepth(CausalityInterfaceForComposites.java:765)
	at ptolemy.actor.util.CausalityInterfaceForComposites._computeInputDepth(CausalityInterfaceForComposites.java:696)
	at ptolemy.actor.util.CausalityInterfaceForComposites._computeOutputPortDepth(CausalityInterfaceForComposites.java:765)
	at ptolemy.actor.util.CausalityInterfaceForComposites._computeInputDepth(CausalityInterfaceForComposites.java:696)
	at ptolemy.actor.util.CausalityInterfaceForComposites._computeActorDepth(CausalityInterfaceForComposites.java:532)
	at ptolemy.actor.util.CausalityInterfaceForComposites.checkForCycles(CausalityInterfaceForComposites.java:96)
	at ptolemy.domains.de.kernel.DEDirector.preinitialize(DEDirector.java:1338)
	at ptolemy.actor.CompositeActor.preinitialize(CompositeActor.java:1828)
	at ptolemy.actor.Manager.preinitializeAndResolveTypes(Manager.java:1040)
	at ptolemy.actor.Manager.initialize(Manager.java:710)
	at ptolemy.actor.Manager.execute(Manager.java:356)
	at ptolemy.actor.Manager.run(Manager.java:1263)
	at ptolemy.actor.Manager$PtolemyRunThread.run(Manager.java:1915)

    while executing
ptolemy.kernel.util.IllegalActionException: Found a zero delay loop containing .HierarchicalModel.A
  in .HierarchicalModel and .HierarchicalModel.A
    while executing
"java::new ptolemy.moml.MoMLSimpleApplication $file
"
    (procedure "createAndExecute" line 2)
    invoked from within
"createAndExecute $file"
    ("uplevel" body line 5)
    invoked from within
"uplevel $contents_of_test"
------------------ testing $PTII/ptolemy/domains/de/test/auto/knownFailedTests/DirectFeedback.xml (Known Failure) 
7 ms. Memory: 146944K Free: 86479K (59%)


==== $PTIIhome/travis/build/icyphy/ptII/ptolemy/domains/de/test/../../../../: Auto Automatic test in file $PTII/ptolemy/domains/de/test/auto/knownFailedTests/DirectFeedback.xml
==== Contents of test case:

	    # FIXME: we should use $relativeFilename here, but it
	    # might have backslashes under Windows, which causes no end
	    # of trouble.
	    createAndExecute $file
	    list {}
	
.... Test generated KNOWN error:
    while executing
ptolemy.kernel.util.IllegalActionException: Test fails in iteration 1.
Value was: 1.0. Should have been: 2.0
  in .DirectFeedback.Test
	at ptolemy.actor.lib.Test.fire(Test.java:268)
	at ptolemy.domains.de.kernel.DEDirector._fire(DEDirector.java:1949)
	at ptolemy.domains.de.kernel.DEDirector.fire(DEDirector.java:502)
	at ptolemy.actor.CompositeActor.fire(CompositeActor.java:455)
	at ptolemy.actor.Manager.iterate(Manager.java:851)
	at ptolemy.actor.Manager.execute(Manager.java:369)
	at ptolemy.actor.Manager.run(Manager.java:1263)
	at ptolemy.actor.Manager$PtolemyRunThread.run(Manager.java:1915)

    while executing
ptolemy.kernel.util.IllegalActionException: Test fails in iteration 1.
Value was: 1.0. Should have been: 2.0
  in .DirectFeedback.Test
    while executing
"java::new ptolemy.moml.MoMLSimpleApplication $file
"
    (procedure "createAndExecute" line 2)
    invoked from within
"createAndExecute $file"
    ("uplevel" body line 5)
    invoked from within
"uplevel $contents_of_test"
------------------ testing $PTII/ptolemy/domains/de/test/auto/ActorDepthCalculation_actorWithoutPorts.xml
auto.tcl: Setting watchdog for 200 seconds at Wed Feb 13 03:35:29 UTC 2019
4 ms. Memory: 146944K Free: 139954K (95%)
ptolemy.util.test.WatchDog.cancel(): canceling Wed Feb 13 03:35:29 UTC 2019
auto.tcl: Setting watchdog for 200 seconds at Wed Feb 13 03:35:29 UTC 2019
4 ms. Memory: 146944K Free: 138918K (95%)
ptolemy.util.test.WatchDog.cancel(): canceling Wed Feb 13 03:35:29 UTC 2019
------------------ testing $PTII/ptolemy/domains/de/test/auto/AssemblyLine.xml
auto.tcl: Setting watchdog for 200 seconds at Wed Feb 13 03:35:29 UTC 2019
17 ms. Memory: 208384K Free: 183261K (88%)
ptolemy.util.test.WatchDog.cancel(): canceling Wed Feb 13 03:35:29 UTC 2019
auto.tcl: Setting watchdog for 200 seconds at Wed Feb 13 03:35:29 UTC 2019
8 ms. Memory: 208384K Free: 183261K (88%)
ptolemy.util.test.WatchDog.cancel(): canceling Wed Feb 13 03:35:29 UTC 2019
------------------ testing $PTII/ptolemy/domains/de/test/auto/CQBug1.xml
auto.tcl: Setting watchdog for 200 seconds at Wed Feb 13 03:35:29 UTC 2019
11 ms. Memory: 208384K Free: 197836K (95%)
ptolemy.util.test.WatchDog.cancel(): canceling Wed Feb 13 03:35:29 UTC 2019
auto.tcl: Setting watchdog for 200 seconds at Wed Feb 13 03:35:29 UTC 2019
2 ms. Memory: 208384K Free: 197836K (95%)
ptolemy.util.test.WatchDog.cancel(): canceling Wed Feb 13 03:35:29 UTC 2019
------------------ testing $PTII/ptolemy/domains/de/test/auto/CancelFireAt.xml
auto.tcl: Setting watchdog for 200 seconds at Wed Feb 13 03:35:29 UTC 2019
3 ms. Memory: 208384K Free: 201529K (97%)
ptolemy.util.test.WatchDog.cancel(): canceling Wed Feb 13 03:35:29 UTC 2019
auto.tcl: Setting watchdog for 200 seconds at Wed Feb 13 03:35:29 UTC 2019
6 ms. Memory: 208384K Free: 198937K (95%)
ptolemy.util.test.WatchDog.cancel(): canceling Wed Feb 13 03:35:29 UTC 2019
------------------ testing $PTII/ptolemy/domains/de/test/auto/CausalityAndComposabilityAnalysis.xml
auto.tcl: Setting watchdog for 200 seconds at Wed Feb 13 03:35:29 UTC 2019
14 ms. Memory: 208384K Free: 198535K (95%)
ptolemy.util.test.WatchDog.cancel(): canceling Wed Feb 13 03:35:29 UTC 2019
auto.tcl: Setting watchdog for 200 seconds at Wed Feb 13 03:35:29 UTC 2019
4 ms. Memory: 208384K Free: 196462K (94%)
ptolemy.util.test.WatchDog.cancel(): canceling Wed Feb 13 03:35:29 UTC 2019
------------------ testing $PTII/ptolemy/domains/de/test/auto/CausalityInterface1.xml
auto.tcl: Setting watchdog for 200 seconds at Wed Feb 13 03:35:29 UTC 2019
13 ms. Memory: 208384K Free: 198471K (95%)
ptolemy.util.test.WatchDog.cancel(): canceling Wed Feb 13 03:35:30 UTC 2019
auto.tcl: Setting watchdog for 200 seconds at Wed Feb 13 03:35:30 UTC 2019
3 ms. Memory: 208384K Free: 196396K (94%)
ptolemy.util.test.WatchDog.cancel(): canceling Wed Feb 13 03:35:30 UTC 2019
------------------ testing $PTII/ptolemy/domains/de/test/auto/CausalityInterface15.xml
auto.tcl: Setting watchdog for 200 seconds at Wed Feb 13 03:35:30 UTC 2019
10 ms. Memory: 208384K Free: 196389K (94%)
ptolemy.util.test.WatchDog.cancel(): canceling Wed Feb 13 03:35:30 UTC 2019
auto.tcl: Setting watchdog for 200 seconds at Wed Feb 13 03:35:30 UTC 2019
5 ms. Memory: 208384K Free: 196389K (94%)
ptolemy.util.test.WatchDog.cancel(): canceling Wed Feb 13 03:35:30 UTC 2019
------------------ testing $PTII/ptolemy/domains/de/test/auto/CausalityInterface2.xml
auto.tcl: Setting watchdog for 200 seconds at Wed Feb 13 03:35:30 UTC 2019
6 ms. Memory: 208384K Free: 196373K (94%)
ptolemy.util.test.WatchDog.cancel(): canceling Wed Feb 13 03:35:30 UTC 2019
auto.tcl: Setting watchdog for 200 seconds at Wed Feb 13 03:35:30 UTC 2019
4 ms. Memory: 208384K Free: 196373K (94%)
ptolemy.util.test.WatchDog.cancel(): canceling Wed Feb 13 03:35:30 UTC 2019
------------------ testing $PTII/ptolemy/domains/de/test/auto/CausalityInterface3.xml
auto.tcl: Setting watchdog for 200 seconds at Wed Feb 13 03:35:30 UTC 2019
6 ms. Memory: 208384K Free: 196905K (94%)
ptolemy.util.test.WatchDog.cancel(): canceling Wed Feb 13 03:35:30 UTC 2019
auto.tcl: Setting watchdog for 200 seconds at Wed Feb 13 03:35:30 UTC 2019
4 ms. Memory: 208384K Free: 196905K (94%)
ptolemy.util.test.WatchDog.cancel(): canceling Wed Feb 13 03:35:30 UTC 2019
------------------ testing $PTII/ptolemy/domains/de/test/auto/ClockDrift.xml
auto.tcl: Setting watchdog for 200 seconds at Wed Feb 13 03:35:30 UTC 2019
64 ms. Memory: 208384K Free: 187699K (90%)
ptolemy.util.test.WatchDog.cancel(): canceling Wed Feb 13 03:35:30 UTC 2019
auto.tcl: Setting watchdog for 200 seconds at Wed Feb 13 03:35:30 UTC 2019
65 ms. Memory: 208384K Free: 185627K (89%)
ptolemy.util.test.WatchDog.cancel(): canceling Wed Feb 13 03:35:30 UTC 2019
------------------ testing $PTII/ptolemy/domains/de/test/auto/ClockDriftAndValueChange.xml
auto.tcl: Setting watchdog for 200 seconds at Wed Feb 13 03:35:30 UTC 2019
35 ms. Memory: 208384K Free: 189607K (91%)
ptolemy.util.test.WatchDog.cancel(): canceling Wed Feb 13 03:35:30 UTC 2019
auto.tcl: Setting watchdog for 200 seconds at Wed Feb 13 03:35:30 UTC 2019
21 ms. Memory: 208384K Free: 185461K (89%)
ptolemy.util.test.WatchDog.cancel(): canceling Wed Feb 13 03:35:30 UTC 2019
------------------ testing $PTII/ptolemy/domains/de/test/auto/ClockDriftChange.xml
auto.tcl: Setting watchdog for 200 seconds at Wed Feb 13 03:35:30 UTC 2019
17 ms. Memory: 208384K Free: 190836K (92%)
ptolemy.util.test.WatchDog.cancel(): canceling Wed Feb 13 03:35:30 UTC 2019
auto.tcl: Setting watchdog for 200 seconds at Wed Feb 13 03:35:30 UTC 2019
25 ms. Memory: 208384K Free: 188763K (91%)
ptolemy.util.test.WatchDog.cancel(): canceling Wed Feb 13 03:35:30 UTC 2019
------------------ testing $PTII/ptolemy/domains/de/test/auto/ComposableCausalityAnalysis.xml
auto.tcl: Setting watchdog for 200 seconds at Wed Feb 13 03:35:30 UTC 2019
5 ms. Memory: 208384K Free: 196246K (94%)
ptolemy.util.test.WatchDog.cancel(): canceling Wed Feb 13 03:35:30 UTC 2019
auto.tcl: Setting watchdog for 200 seconds at Wed Feb 13 03:35:30 UTC 2019
3 ms. Memory: 208384K Free: 196246K (94%)
ptolemy.util.test.WatchDog.cancel(): canceling Wed Feb 13 03:35:30 UTC 2019
------------------ testing $PTII/ptolemy/domains/de/test/auto/DEFixedPointLimitation.xml
auto.tcl: Setting watchdog for 200 seconds at Wed Feb 13 03:35:30 UTC 2019
2 ms. Memory: 208384K Free: 198399K (95%)
ptolemy.util.test.WatchDog.cancel(): canceling Wed Feb 13 03:35:30 UTC 2019
auto.tcl: Setting watchdog for 200 seconds at Wed Feb 13 03:35:30 UTC 2019
1 ms. Memory: 208384K Free: 196327K (94%)
ptolemy.util.test.WatchDog.cancel(): canceling Wed Feb 13 03:35:30 UTC 2019
------------------ testing $PTII/ptolemy/domains/de/test/auto/DEScheduleTest.xml
auto.tcl: Setting watchdog for 200 seconds at Wed Feb 13 03:35:30 UTC 2019
3 ms. Memory: 208384K Free: 198435K (95%)
ptolemy.util.test.WatchDog.cancel(): canceling Wed Feb 13 03:35:31 UTC 2019
auto.tcl: Setting watchdog for 200 seconds at Wed Feb 13 03:35:31 UTC 2019
5 ms. Memory: 208384K Free: 196362K (94%)
ptolemy.util.test.WatchDog.cancel(): canceling Wed Feb 13 03:35:31 UTC 2019
------------------ testing $PTII/ptolemy/domains/de/test/auto/DEinDEwithStartTimes.xml
auto.tcl: Setting watchdog for 200 seconds at Wed Feb 13 03:35:31 UTC 2019
3 ms. Memory: 208384K Free: 196331K (94%)
ptolemy.util.test.WatchDog.cancel(): canceling Wed Feb 13 03:35:31 UTC 2019
auto.tcl: Setting watchdog for 200 seconds at Wed Feb 13 03:35:31 UTC 2019
3 ms. Memory: 208384K Free: 196331K (94%)
ptolemy.util.test.WatchDog.cancel(): canceling Wed Feb 13 03:35:31 UTC 2019
------------------ testing $PTII/ptolemy/domains/de/test/auto/DEinDEwithStartTimes2.xml
auto.tcl: Setting watchdog for 200 seconds at Wed Feb 13 03:35:31 UTC 2019
5 ms. Memory: 208384K Free: 196311K (94%)
ptolemy.util.test.WatchDog.cancel(): canceling Wed Feb 13 03:35:31 UTC 2019
auto.tcl: Setting watchdog for 200 seconds at Wed Feb 13 03:35:31 UTC 2019
4 ms. Memory: 208384K Free: 194239K (93%)
ptolemy.util.test.WatchDog.cancel(): canceling Wed Feb 13 03:35:31 UTC 2019
------------------ testing $PTII/ptolemy/domains/de/test/auto/DateDemo.xml
auto.tcl: Setting watchdog for 200 seconds at Wed Feb 13 03:35:31 UTC 2019
7 ms. Memory: 208384K Free: 188834K (91%)
ptolemy.util.test.WatchDog.cancel(): canceling Wed Feb 13 03:35:31 UTC 2019
auto.tcl: Setting watchdog for 200 seconds at Wed Feb 13 03:35:31 UTC 2019
8 ms. Memory: 208384K Free: 186761K (90%)
ptolemy.util.test.WatchDog.cancel(): canceling Wed Feb 13 03:35:31 UTC 2019
------------------ testing $PTII/ptolemy/domains/de/test/auto/DateToEvent.xml
auto.tcl: Setting watchdog for 200 seconds at Wed Feb 13 03:35:31 UTC 2019
2013 ms. Memory: 208384K Free: 181185K (87%)
ptolemy.util.test.WatchDog.cancel(): canceling Wed Feb 13 03:35:33 UTC 2019
auto.tcl: Setting watchdog for 200 seconds at Wed Feb 13 03:35:33 UTC 2019
2005 ms. Memory: 208384K Free: 181185K (87%)
ptolemy.util.test.WatchDog.cancel(): canceling Wed Feb 13 03:35:35 UTC 2019
------------------ testing $PTII/ptolemy/domains/de/test/auto/DepthTest1.xml
auto.tcl: Setting watchdog for 200 seconds at Wed Feb 13 03:35:35 UTC 2019
4 ms. Memory: 208384K Free: 197963K (95%)
ptolemy.util.test.WatchDog.cancel(): canceling Wed Feb 13 03:35:35 UTC 2019
auto.tcl: Setting watchdog for 200 seconds at Wed Feb 13 03:35:35 UTC 2019
1 ms. Memory: 208384K Free: 197963K (95%)
ptolemy.util.test.WatchDog.cancel(): canceling Wed Feb 13 03:35:35 UTC 2019
------------------ testing $PTII/ptolemy/domains/de/test/auto/DepthTest2.xml
auto.tcl: Setting watchdog for 200 seconds at Wed Feb 13 03:35:35 UTC 2019
3 ms. Memory: 208384K Free: 194251K (93%)
ptolemy.util.test.WatchDog.cancel(): canceling Wed Feb 13 03:35:35 UTC 2019
auto.tcl: Setting watchdog for 200 seconds at Wed Feb 13 03:35:35 UTC 2019
2 ms. Memory: 208384K Free: 194251K (93%)
ptolemy.util.test.WatchDog.cancel(): canceling Wed Feb 13 03:35:35 UTC 2019
------------------ testing $PTII/ptolemy/domains/de/test/auto/DepthTest3.xml
auto.tcl: Setting watchdog for 200 seconds at Wed Feb 13 03:35:35 UTC 2019
4 ms. Memory: 208384K Free: 198816K (95%)
ptolemy.util.test.WatchDog.cancel(): canceling Wed Feb 13 03:35:35 UTC 2019
auto.tcl: Setting watchdog for 200 seconds at Wed Feb 13 03:35:35 UTC 2019
2 ms. Memory: 208384K Free: 198816K (95%)
ptolemy.util.test.WatchDog.cancel(): canceling Wed Feb 13 03:35:35 UTC 2019
------------------ testing $PTII/ptolemy/domains/de/test/auto/DepthTest4.xml
auto.tcl: Setting watchdog for 200 seconds at Wed Feb 13 03:35:35 UTC 2019
3 ms. Memory: 208384K Free: 193855K (93%)
ptolemy.util.test.WatchDog.cancel(): canceling Wed Feb 13 03:35:35 UTC 2019
auto.tcl: Setting watchdog for 200 seconds at Wed Feb 13 03:35:35 UTC 2019
2 ms. Memory: 208384K Free: 193855K (93%)
ptolemy.util.test.WatchDog.cancel(): canceling Wed Feb 13 03:35:35 UTC 2019
------------------ testing $PTII/ptolemy/domains/de/test/auto/DepthTest5.xml
auto.tcl: Setting watchdog for 200 seconds at Wed Feb 13 03:35:35 UTC 2019
3 ms. Memory: 208384K Free: 196779K (94%)
ptolemy.util.test.WatchDog.cancel(): canceling Wed Feb 13 03:35:35 UTC 2019
auto.tcl: Setting watchdog for 200 seconds at Wed Feb 13 03:35:35 UTC 2019
3 ms. Memory: 208384K Free: 196779K (94%)
ptolemy.util.test.WatchDog.cancel(): canceling Wed Feb 13 03:35:35 UTC 2019
------------------ testing $PTII/ptolemy/domains/de/test/auto/DepthTest6.xml
auto.tcl: Setting watchdog for 200 seconds at Wed Feb 13 03:35:35 UTC 2019
6 ms. Memory: 208384K Free: 196234K (94%)
ptolemy.util.test.WatchDog.cancel(): canceling Wed Feb 13 03:35:35 UTC 2019
auto.tcl: Setting watchdog for 200 seconds at Wed Feb 13 03:35:35 UTC 2019
2 ms. Memory: 208384K Free: 196234K (94%)
ptolemy.util.test.WatchDog.cancel(): canceling Wed Feb 13 03:35:35 UTC 2019
------------------ testing $PTII/ptolemy/domains/de/test/auto/DepthTest7.xml
auto.tcl: Setting watchdog for 200 seconds at Wed Feb 13 03:35:35 UTC 2019
2 ms. Memory: 208384K Free: 196216K (94%)
ptolemy.util.test.WatchDog.cancel(): canceling Wed Feb 13 03:35:35 UTC 2019
auto.tcl: Setting watchdog for 200 seconds at Wed Feb 13 03:35:35 UTC 2019
2 ms. Memory: 208384K Free: 196216K (94%)
ptolemy.util.test.WatchDog.cancel(): canceling Wed Feb 13 03:35:35 UTC 2019
------------------ testing $PTII/ptolemy/domains/de/test/auto/EventToDate.xml
auto.tcl: Setting watchdog for 200 seconds at Wed Feb 13 03:35:35 UTC 2019
3005 ms. Memory: 208384K Free: 187914K (90%)
ptolemy.util.test.WatchDog.cancel(): canceling Wed Feb 13 03:35:39 UTC 2019
auto.tcl: Setting watchdog for 200 seconds at Wed Feb 13 03:35:39 UTC 2019
3004 ms. Memory: 208384K Free: 185841K (89%)
ptolemy.util.test.WatchDog.cancel(): canceling Wed Feb 13 03:35:42 UTC 2019
------------------ testing $PTII/ptolemy/domains/de/test/auto/FSM1.xml
auto.tcl: Setting watchdog for 200 seconds at Wed Feb 13 03:35:42 UTC 2019
34 ms. Memory: 208384K Free: 189323K (91%)
ptolemy.util.test.WatchDog.cancel(): canceling Wed Feb 13 03:35:42 UTC 2019
auto.tcl: Setting watchdog for 200 seconds at Wed Feb 13 03:35:42 UTC 2019
20 ms. Memory: 208384K Free: 185177K (89%)
ptolemy.util.test.WatchDog.cancel(): canceling Wed Feb 13 03:35:42 UTC 2019
------------------ testing $PTII/ptolemy/domains/de/test/auto/FSM7.xml
auto.tcl: Setting watchdog for 200 seconds at Wed Feb 13 03:35:42 UTC 2019
16 ms. Memory: 208384K Free: 189525K (91%)
ptolemy.util.test.WatchDog.cancel(): canceling Wed Feb 13 03:35:42 UTC 2019
auto.tcl: Setting watchdog for 200 seconds at Wed Feb 13 03:35:42 UTC 2019
20 ms. Memory: 208384K Free: 185364K (89%)
ptolemy.util.test.WatchDog.cancel(): canceling Wed Feb 13 03:35:42 UTC 2019
------------------ testing $PTII/ptolemy/domains/de/test/auto/Inspection.xml
auto.tcl: Setting watchdog for 200 seconds at Wed Feb 13 03:35:42 UTC 2019
20 ms. Memory: 208384K Free: 188578K (90%)
ptolemy.util.test.WatchDog.cancel(): canceling Wed Feb 13 03:35:42 UTC 2019
auto.tcl: Setting watchdog for 200 seconds at Wed Feb 13 03:35:42 UTC 2019
34 ms. Memory: 208384K Free: 186505K (90%)
ptolemy.util.test.WatchDog.cancel(): canceling Wed Feb 13 03:35:42 UTC 2019
------------------ testing $PTII/ptolemy/domains/de/test/auto/Iteration.xml
auto.tcl: Setting watchdog for 200 seconds at Wed Feb 13 03:35:42 UTC 2019
8 ms. Memory: 208384K Free: 196525K (94%)
ptolemy.util.test.WatchDog.cancel(): canceling Wed Feb 13 03:35:42 UTC 2019
auto.tcl: Setting watchdog for 200 seconds at Wed Feb 13 03:35:42 UTC 2019
6 ms. Memory: 208384K Free: 193925K (93%)
ptolemy.util.test.WatchDog.cancel(): canceling Wed Feb 13 03:35:42 UTC 2019
------------------ testing $PTII/ptolemy/domains/de/test/auto/LineFault.xml
auto.tcl: Setting watchdog for 200 seconds at Wed Feb 13 03:35:42 UTC 2019
714 ms. Memory: 208384K Free: 201032K (96%)
ptolemy.util.test.WatchDog.cancel(): canceling Wed Feb 13 03:35:43 UTC 2019
auto.tcl: Setting watchdog for 200 seconds at Wed Feb 13 03:35:43 UTC 2019
577 ms. Memory: 208384K Free: 144903K (70%)
ptolemy.util.test.WatchDog.cancel(): canceling Wed Feb 13 03:35:44 UTC 2019
------------------ testing $PTII/ptolemy/domains/de/test/auto/MergeModel1Add.xml
auto.tcl: Setting watchdog for 200 seconds at Wed Feb 13 03:35:44 UTC 2019
14 ms. Memory: 331264K Free: 300583K (91%)
ptolemy.util.test.WatchDog.cancel(): canceling Wed Feb 13 03:35:44 UTC 2019
auto.tcl: Setting watchdog for 200 seconds at Wed Feb 13 03:35:44 UTC 2019
8 ms. Memory: 331264K Free: 300583K (91%)
ptolemy.util.test.WatchDog.cancel(): canceling Wed Feb 13 03:35:44 UTC 2019
------------------ testing $PTII/ptolemy/domains/de/test/auto/MergeModel2Add.xml
auto.tcl: Setting watchdog for 200 seconds at Wed Feb 13 03:35:44 UTC 2019
12 ms. Memory: 331264K Free: 305565K (92%)
ptolemy.util.test.WatchDog.cancel(): canceling Wed Feb 13 03:35:44 UTC 2019
auto.tcl: Setting watchdog for 200 seconds at Wed Feb 13 03:35:44 UTC 2019
14 ms. Memory: 331264K Free: 301969K (91%)
ptolemy.util.test.WatchDog.cancel(): canceling Wed Feb 13 03:35:44 UTC 2019
------------------ testing $PTII/ptolemy/domains/de/test/auto/MergeModel3Add.xml
auto.tcl: Setting watchdog for 200 seconds at Wed Feb 13 03:35:44 UTC 2019
9 ms. Memory: 331264K Free: 305575K (92%)
ptolemy.util.test.WatchDog.cancel(): canceling Wed Feb 13 03:35:44 UTC 2019
auto.tcl: Setting watchdog for 200 seconds at Wed Feb 13 03:35:44 UTC 2019
8 ms. Memory: 331264K Free: 301964K (91%)
ptolemy.util.test.WatchDog.cancel(): canceling Wed Feb 13 03:35:44 UTC 2019
------------------ testing $PTII/ptolemy/domains/de/test/auto/MergeWithoutDiscard.xml
auto.tcl: Setting watchdog for 200 seconds at Wed Feb 13 03:35:44 UTC 2019
4 ms. Memory: 331264K Free: 316366K (96%)
ptolemy.util.test.WatchDog.cancel(): canceling Wed Feb 13 03:35:44 UTC 2019
auto.tcl: Setting watchdog for 200 seconds at Wed Feb 13 03:35:44 UTC 2019
2 ms. Memory: 331264K Free: 316366K (96%)
ptolemy.util.test.WatchDog.cancel(): canceling Wed Feb 13 03:35:44 UTC 2019
------------------ testing $PTII/ptolemy/domains/de/test/auto/Modal1.xml
auto.tcl: Setting watchdog for 200 seconds at Wed Feb 13 03:35:44 UTC 2019
11 ms. Memory: 331264K Free: 310603K (94%)
ptolemy.util.test.WatchDog.cancel(): canceling Wed Feb 13 03:35:44 UTC 2019
auto.tcl: Setting watchdog for 200 seconds at Wed Feb 13 03:35:44 UTC 2019
10 ms. Memory: 331264K Free: 307000K (93%)
ptolemy.util.test.WatchDog.cancel(): canceling Wed Feb 13 03:35:44 UTC 2019
------------------ testing $PTII/ptolemy/domains/de/test/auto/Modal2.xml
auto.tcl: Setting watchdog for 200 seconds at Wed Feb 13 03:35:44 UTC 2019
17 ms. Memory: 331264K Free: 310485K (94%)
ptolemy.util.test.WatchDog.cancel(): canceling Wed Feb 13 03:35:44 UTC 2019
auto.tcl: Setting watchdog for 200 seconds at Wed Feb 13 03:35:44 UTC 2019
18 ms. Memory: 331264K Free: 306889K (93%)
ptolemy.util.test.WatchDog.cancel(): canceling Wed Feb 13 03:35:44 UTC 2019
------------------ testing $PTII/ptolemy/domains/de/test/auto/Modal3.xml
auto.tcl: Setting watchdog for 200 seconds at Wed Feb 13 03:35:44 UTC 2019
9 ms. Memory: 331264K Free: 310467K (94%)
ptolemy.util.test.WatchDog.cancel(): canceling Wed Feb 13 03:35:44 UTC 2019
auto.tcl: Setting watchdog for 200 seconds at Wed Feb 13 03:35:44 UTC 2019
9 ms. Memory: 331264K Free: 306872K (93%)
ptolemy.util.test.WatchDog.cancel(): canceling Wed Feb 13 03:35:44 UTC 2019
------------------ testing $PTII/ptolemy/domains/de/test/auto/Modal4.xml
auto.tcl: Setting watchdog for 200 seconds at Wed Feb 13 03:35:44 UTC 2019
12 ms. Memory: 331264K Free: 310480K (94%)
ptolemy.util.test.WatchDog.cancel(): canceling Wed Feb 13 03:35:44 UTC 2019
auto.tcl: Setting watchdog for 200 seconds at Wed Feb 13 03:35:44 UTC 2019
13 ms. Memory: 331264K Free: 306869K (93%)
ptolemy.util.test.WatchDog.cancel(): canceling Wed Feb 13 03:35:44 UTC 2019
------------------ testing $PTII/ptolemy/domains/de/test/auto/Modal5.xml
auto.tcl: Setting watchdog for 200 seconds at Wed Feb 13 03:35:44 UTC 2019
13 ms. Memory: 331264K Free: 310483K (94%)
ptolemy.util.test.WatchDog.cancel(): canceling Wed Feb 13 03:35:44 UTC 2019
auto.tcl: Setting watchdog for 200 seconds at Wed Feb 13 03:35:44 UTC 2019
12 ms. Memory: 331264K Free: 306880K (93%)
ptolemy.util.test.WatchDog.cancel(): canceling Wed Feb 13 03:35:45 UTC 2019
------------------ testing $PTII/ptolemy/domains/de/test/auto/Modal6.xml
auto.tcl: Setting watchdog for 200 seconds at Wed Feb 13 03:35:45 UTC 2019
12 ms. Memory: 331264K Free: 310480K (94%)
ptolemy.util.test.WatchDog.cancel(): canceling Wed Feb 13 03:35:45 UTC 2019
auto.tcl: Setting watchdog for 200 seconds at Wed Feb 13 03:35:45 UTC 2019
14 ms. Memory: 331264K Free: 306869K (93%)
ptolemy.util.test.WatchDog.cancel(): canceling Wed Feb 13 03:35:45 UTC 2019
------------------ testing $PTII/ptolemy/domains/de/test/auto/Modal7.xml
auto.tcl: Setting watchdog for 200 seconds at Wed Feb 13 03:35:45 UTC 2019
13 ms. Memory: 331264K Free: 306869K (93%)
ptolemy.util.test.WatchDog.cancel(): canceling Wed Feb 13 03:35:45 UTC 2019
auto.tcl: Setting watchdog for 200 seconds at Wed Feb 13 03:35:45 UTC 2019
10 ms. Memory: 331264K Free: 303274K (92%)
ptolemy.util.test.WatchDog.cancel(): canceling Wed Feb 13 03:35:45 UTC 2019
------------------ testing $PTII/ptolemy/domains/de/test/auto/ModalModel.xml
auto.tcl: Setting watchdog for 200 seconds at Wed Feb 13 03:35:45 UTC 2019
154 ms. Memory: 331264K Free: 250286K (76%)
ptolemy.util.test.WatchDog.cancel(): canceling Wed Feb 13 03:35:45 UTC 2019
auto.tcl: Setting watchdog for 200 seconds at Wed Feb 13 03:35:45 UTC 2019
168 ms. Memory: 331264K Free: 192657K (58%)
ptolemy.util.test.WatchDog.cancel(): canceling Wed Feb 13 03:35:45 UTC 2019
------------------ testing $PTII/ptolemy/domains/de/test/auto/ModalSource.xml
auto.tcl: Setting watchdog for 200 seconds at Wed Feb 13 03:35:45 UTC 2019
5 ms. Memory: 331264K Free: 316766K (96%)
ptolemy.util.test.WatchDog.cancel(): canceling Wed Feb 13 03:35:45 UTC 2019
auto.tcl: Setting watchdog for 200 seconds at Wed Feb 13 03:35:45 UTC 2019
6 ms. Memory: 331264K Free: 313453K (95%)
ptolemy.util.test.WatchDog.cancel(): canceling Wed Feb 13 03:35:45 UTC 2019
------------------ testing $PTII/ptolemy/domains/de/test/auto/NonInterruptibleTimerZeroDelay.xml
auto.tcl: Setting watchdog for 200 seconds at Wed Feb 13 03:35:45 UTC 2019
3 ms. Memory: 331264K Free: 321179K (97%)
ptolemy.util.test.WatchDog.cancel(): canceling Wed Feb 13 03:35:45 UTC 2019
auto.tcl: Setting watchdog for 200 seconds at Wed Feb 13 03:35:45 UTC 2019
1 ms. Memory: 331264K Free: 317857K (96%)
ptolemy.util.test.WatchDog.cancel(): canceling Wed Feb 13 03:35:45 UTC 2019
------------------ testing $PTII/ptolemy/domains/de/test/auto/OpenQueueingNetwork.xml
auto.tcl: Setting watchdog for 200 seconds at Wed Feb 13 03:35:45 UTC 2019
2713 ms. Memory: 307712K Free: 135716K (44%)
ptolemy.util.test.WatchDog.cancel(): canceling Wed Feb 13 03:35:48 UTC 2019
auto.tcl: Setting watchdog for 200 seconds at Wed Feb 13 03:35:48 UTC 2019
2184 ms. Memory: 278528K Free: 186512K (67%)
ptolemy.util.test.WatchDog.cancel(): canceling Wed Feb 13 03:35:50 UTC 2019
------------------ testing $PTII/ptolemy/domains/de/test/auto/OpenQueuingNetwork.xml
auto.tcl: Setting watchdog for 200 seconds at Wed Feb 13 03:35:50 UTC 2019
232 ms. Memory: 278528K Free: 179801K (65%)
ptolemy.util.test.WatchDog.cancel(): canceling Wed Feb 13 03:35:51 UTC 2019
auto.tcl: Setting watchdog for 200 seconds at Wed Feb 13 03:35:51 UTC 2019
250 ms. Memory: 278528K Free: 120604K (43%)
ptolemy.util.test.WatchDog.cancel(): canceling Wed Feb 13 03:35:51 UTC 2019
------------------ testing $PTII/ptolemy/domains/de/test/auto/PeriodicSampler.xml
auto.tcl: Setting watchdog for 200 seconds at Wed Feb 13 03:35:51 UTC 2019
2 ms. Memory: 281088K Free: 266780K (95%)
ptolemy.util.test.WatchDog.cancel(): canceling Wed Feb 13 03:35:51 UTC 2019
auto.tcl: Setting watchdog for 200 seconds at Wed Feb 13 03:35:51 UTC 2019
2 ms. Memory: 281088K Free: 266780K (95%)
ptolemy.util.test.WatchDog.cancel(): canceling Wed Feb 13 03:35:51 UTC 2019
------------------ testing $PTII/ptolemy/domains/de/test/auto/PersistentIO.xml
auto.tcl: Setting watchdog for 200 seconds at Wed Feb 13 03:35:51 UTC 2019
5 ms. Memory: 278528K Free: 259374K (93%)
ptolemy.util.test.WatchDog.cancel(): canceling Wed Feb 13 03:35:51 UTC 2019
auto.tcl: Setting watchdog for 200 seconds at Wed Feb 13 03:35:51 UTC 2019
4 ms. Memory: 278528K Free: 259374K (93%)
ptolemy.util.test.WatchDog.cancel(): canceling Wed Feb 13 03:35:51 UTC 2019
------------------ testing $PTII/ptolemy/domains/de/test/auto/PortParameterResetOnInitialize.xml
auto.tcl: Setting watchdog for 200 seconds at Wed Feb 13 03:35:51 UTC 2019
2 ms. Memory: 280576K Free: 266714K (95%)
ptolemy.util.test.WatchDog.cancel(): canceling Wed Feb 13 03:35:51 UTC 2019
auto.tcl: Setting watchdog for 200 seconds at Wed Feb 13 03:35:51 UTC 2019
2 ms. Memory: 280576K Free: 266714K (95%)
ptolemy.util.test.WatchDog.cancel(): canceling Wed Feb 13 03:35:51 UTC 2019
------------------ testing $PTII/ptolemy/domains/de/test/auto/PortParameterUpdates.xml
auto.tcl: Setting watchdog for 200 seconds at Wed Feb 13 03:35:51 UTC 2019
4 ms. Memory: 278528K Free: 264799K (95%)
ptolemy.util.test.WatchDog.cancel(): canceling Wed Feb 13 03:35:51 UTC 2019
auto.tcl: Setting watchdog for 200 seconds at Wed Feb 13 03:35:51 UTC 2019
3 ms. Memory: 278528K Free: 262068K (94%)
ptolemy.util.test.WatchDog.cancel(): canceling Wed Feb 13 03:35:51 UTC 2019
------------------ testing $PTII/ptolemy/domains/de/test/auto/QueueAndServer.xml
auto.tcl: Setting watchdog for 200 seconds at Wed Feb 13 03:35:51 UTC 2019
8 ms. Memory: 280576K Free: 265838K (95%)
ptolemy.util.test.WatchDog.cancel(): canceling Wed Feb 13 03:35:51 UTC 2019
auto.tcl: Setting watchdog for 200 seconds at Wed Feb 13 03:35:51 UTC 2019
5 ms. Memory: 280576K Free: 265838K (95%)
ptolemy.util.test.WatchDog.cancel(): canceling Wed Feb 13 03:35:51 UTC 2019
------------------ testing $PTII/ptolemy/domains/de/test/auto/Records.xml
auto.tcl: Setting watchdog for 200 seconds at Wed Feb 13 03:35:51 UTC 2019
7 ms. Memory: 278528K Free: 266447K (96%)
ptolemy.util.test.WatchDog.cancel(): canceling Wed Feb 13 03:35:51 UTC 2019
auto.tcl: Setting watchdog for 200 seconds at Wed Feb 13 03:35:51 UTC 2019
2 ms. Memory: 278528K Free: 266447K (96%)
ptolemy.util.test.WatchDog.cancel(): canceling Wed Feb 13 03:35:51 UTC 2019
------------------ testing $PTII/ptolemy/domains/de/test/auto/ResetTransitionWithStartTime1.xml
auto.tcl: Setting watchdog for 200 seconds at Wed Feb 13 03:35:51 UTC 2019
15 ms. Memory: 280064K Free: 263314K (94%)
ptolemy.util.test.WatchDog.cancel(): canceling Wed Feb 13 03:35:51 UTC 2019
auto.tcl: Setting watchdog for 200 seconds at Wed Feb 13 03:35:51 UTC 2019
6 ms. Memory: 280064K Free: 260583K (93%)
ptolemy.util.test.WatchDog.cancel(): canceling Wed Feb 13 03:35:51 UTC 2019
------------------ testing $PTII/ptolemy/domains/de/test/auto/ResetTransitionWithStartTime2.xml
auto.tcl: Setting watchdog for 200 seconds at Wed Feb 13 03:35:51 UTC 2019
4 ms. Memory: 278528K Free: 261998K (94%)
ptolemy.util.test.WatchDog.cancel(): canceling Wed Feb 13 03:35:52 UTC 2019
auto.tcl: Setting watchdog for 200 seconds at Wed Feb 13 03:35:52 UTC 2019
6 ms. Memory: 278528K Free: 259283K (93%)
ptolemy.util.test.WatchDog.cancel(): canceling Wed Feb 13 03:35:52 UTC 2019
------------------ testing $PTII/ptolemy/domains/de/test/auto/ResetTransitionWithStartTime3.xml
auto.tcl: Setting watchdog for 200 seconds at Wed Feb 13 03:35:52 UTC 2019
7 ms. Memory: 280064K Free: 263312K (94%)
ptolemy.util.test.WatchDog.cancel(): canceling Wed Feb 13 03:35:52 UTC 2019
auto.tcl: Setting watchdog for 200 seconds at Wed Feb 13 03:35:52 UTC 2019
8 ms. Memory: 280064K Free: 260597K (93%)
ptolemy.util.test.WatchDog.cancel(): canceling Wed Feb 13 03:35:52 UTC 2019
------------------ testing $PTII/ptolemy/domains/de/test/auto/ResetTransitionWithStartTime4.xml
auto.tcl: Setting watchdog for 200 seconds at Wed Feb 13 03:35:52 UTC 2019
3 ms. Memory: 278528K Free: 263729K (95%)
ptolemy.util.test.WatchDog.cancel(): canceling Wed Feb 13 03:35:52 UTC 2019
auto.tcl: Setting watchdog for 200 seconds at Wed Feb 13 03:35:52 UTC 2019
4 ms. Memory: 278528K Free: 263729K (95%)
ptolemy.util.test.WatchDog.cancel(): canceling Wed Feb 13 03:35:52 UTC 2019
------------------ testing $PTII/ptolemy/domains/de/test/auto/ResettableTimer1.xml
auto.tcl: Setting watchdog for 200 seconds at Wed Feb 13 03:35:52 UTC 2019
6 ms. Memory: 280064K Free: 267992K (96%)
ptolemy.util.test.WatchDog.cancel(): canceling Wed Feb 13 03:35:52 UTC 2019
auto.tcl: Setting watchdog for 200 seconds at Wed Feb 13 03:35:52 UTC 2019
3 ms. Memory: 280064K Free: 267992K (96%)
ptolemy.util.test.WatchDog.cancel(): canceling Wed Feb 13 03:35:52 UTC 2019
------------------ testing $PTII/ptolemy/domains/de/test/auto/ResettableTimer2.xml
auto.tcl: Setting watchdog for 200 seconds at Wed Feb 13 03:35:52 UTC 2019
2 ms. Memory: 278528K Free: 266759K (96%)
ptolemy.util.test.WatchDog.cancel(): canceling Wed Feb 13 03:35:52 UTC 2019
auto.tcl: Setting watchdog for 200 seconds at Wed Feb 13 03:35:52 UTC 2019
2 ms. Memory: 278528K Free: 266759K (96%)
ptolemy.util.test.WatchDog.cancel(): canceling Wed Feb 13 03:35:52 UTC 2019
------------------ testing $PTII/ptolemy/domains/de/test/auto/ResettableTimer3.xml
auto.tcl: Setting watchdog for 200 seconds at Wed Feb 13 03:35:52 UTC 2019
1 ms. Memory: 279552K Free: 267553K (96%)
ptolemy.util.test.WatchDog.cancel(): canceling Wed Feb 13 03:35:52 UTC 2019
auto.tcl: Setting watchdog for 200 seconds at Wed Feb 13 03:35:52 UTC 2019
1 ms. Memory: 279552K Free: 267553K (96%)
ptolemy.util.test.WatchDog.cancel(): canceling Wed Feb 13 03:35:52 UTC 2019
------------------ testing $PTII/ptolemy/domains/de/test/auto/ResettableTimer4.xml
auto.tcl: Setting watchdog for 200 seconds at Wed Feb 13 03:35:52 UTC 2019
1 ms. Memory: 278528K Free: 266756K (96%)
ptolemy.util.test.WatchDog.cancel(): canceling Wed Feb 13 03:35:52 UTC 2019
auto.tcl: Setting watchdog for 200 seconds at Wed Feb 13 03:35:52 UTC 2019
1 ms. Memory: 278528K Free: 266756K (96%)
ptolemy.util.test.WatchDog.cancel(): canceling Wed Feb 13 03:35:52 UTC 2019
------------------ testing $PTII/ptolemy/domains/de/test/auto/ResettableTimer5.xml
auto.tcl: Setting watchdog for 200 seconds at Wed Feb 13 03:35:52 UTC 2019
1 ms. Memory: 279552K Free: 267565K (96%)
ptolemy.util.test.WatchDog.cancel(): canceling Wed Feb 13 03:35:52 UTC 2019
auto.tcl: Setting watchdog for 200 seconds at Wed Feb 13 03:35:52 UTC 2019
2 ms. Memory: 279552K Free: 267565K (96%)
ptolemy.util.test.WatchDog.cancel(): canceling Wed Feb 13 03:35:52 UTC 2019
------------------ testing $PTII/ptolemy/domains/de/test/auto/ResettableTimer6.xml
auto.tcl: Setting watchdog for 200 seconds at Wed Feb 13 03:35:52 UTC 2019
1 ms. Memory: 278528K Free: 266474K (96%)
ptolemy.util.test.WatchDog.cancel(): canceling Wed Feb 13 03:35:52 UTC 2019
auto.tcl: Setting watchdog for 200 seconds at Wed Feb 13 03:35:52 UTC 2019
1 ms. Memory: 278528K Free: 266474K (96%)
ptolemy.util.test.WatchDog.cancel(): canceling Wed Feb 13 03:35:52 UTC 2019
------------------ testing $PTII/ptolemy/domains/de/test/auto/ServerZeroDelay.xml
auto.tcl: Setting watchdog for 200 seconds at Wed Feb 13 03:35:52 UTC 2019
3 ms. Memory: 279552K Free: 267717K (96%)
ptolemy.util.test.WatchDog.cancel(): canceling Wed Feb 13 03:35:52 UTC 2019
auto.tcl: Setting watchdog for 200 seconds at Wed Feb 13 03:35:52 UTC 2019
2 ms. Memory: 279552K Free: 267717K (96%)
ptolemy.util.test.WatchDog.cancel(): canceling Wed Feb 13 03:35:52 UTC 2019
------------------ testing $PTII/ptolemy/domains/de/test/auto/SmartSender.xml
auto.tcl: Setting watchdog for 200 seconds at Wed Feb 13 03:35:52 UTC 2019
3001 ms. Memory: 278528K Free: 266689K (96%)
ptolemy.util.test.WatchDog.cancel(): canceling Wed Feb 13 03:35:55 UTC 2019
auto.tcl: Setting watchdog for 200 seconds at Wed Feb 13 03:35:55 UTC 2019
3001 ms. Memory: 278528K Free: 266689K (96%)
ptolemy.util.test.WatchDog.cancel(): canceling Wed Feb 13 03:35:58 UTC 2019
------------------ testing $PTII/ptolemy/domains/de/test/auto/ThreadedComposite.xml
auto.tcl: Setting watchdog for 200 seconds at Wed Feb 13 03:35:58 UTC 2019
223 ms. Memory: 279552K Free: 245554K (88%)
ptolemy.util.test.WatchDog.cancel(): canceling Wed Feb 13 03:35:58 UTC 2019
auto.tcl: Setting watchdog for 200 seconds at Wed Feb 13 03:35:58 UTC 2019
415 ms. Memory: 279552K Free: 207096K (74%)
ptolemy.util.test.WatchDog.cancel(): canceling Wed Feb 13 03:35:59 UTC 2019
------------------ testing $PTII/ptolemy/domains/de/test/auto/Time.xml
auto.tcl: Setting watchdog for 200 seconds at Wed Feb 13 03:35:59 UTC 2019
508 ms. Memory: 278528K Free: 212963K (76%)
ptolemy.util.test.WatchDog.cancel(): canceling Wed Feb 13 03:35:59 UTC 2019
auto.tcl: Setting watchdog for 200 seconds at Wed Feb 13 03:35:59 UTC 2019
466 ms. Memory: 278528K Free: 161376K (58%)
ptolemy.util.test.WatchDog.cancel(): canceling Wed Feb 13 03:36:00 UTC 2019
------------------ testing $PTII/ptolemy/domains/de/test/auto/TimeDelayZeroDelay.xml
auto.tcl: Setting watchdog for 200 seconds at Wed Feb 13 03:36:00 UTC 2019
2 ms. Memory: 279040K Free: 267543K (96%)
ptolemy.util.test.WatchDog.cancel(): canceling Wed Feb 13 03:36:00 UTC 2019
auto.tcl: Setting watchdog for 200 seconds at Wed Feb 13 03:36:00 UTC 2019
2 ms. Memory: 279040K Free: 267543K (96%)
ptolemy.util.test.WatchDog.cancel(): canceling Wed Feb 13 03:36:00 UTC 2019
------------------ testing $PTII/ptolemy/domains/de/test/auto/TimerZeroDelay.xml
auto.tcl: Setting watchdog for 200 seconds at Wed Feb 13 03:36:00 UTC 2019
2 ms. Memory: 278528K Free: 267223K (96%)
ptolemy.util.test.WatchDog.cancel(): canceling Wed Feb 13 03:36:00 UTC 2019
auto.tcl: Setting watchdog for 200 seconds at Wed Feb 13 03:36:00 UTC 2019
2 ms. Memory: 278528K Free: 267223K (96%)
ptolemy.util.test.WatchDog.cancel(): canceling Wed Feb 13 03:36:00 UTC 2019
------------------ testing $PTII/ptolemy/domains/de/test/auto/TimingParadox.xml
auto.tcl: Setting watchdog for 200 seconds at Wed Feb 13 03:36:00 UTC 2019
291 ms. Memory: 279040K Free: 204835K (73%)
ptolemy.util.test.WatchDog.cancel(): canceling Wed Feb 13 03:36:00 UTC 2019
auto.tcl: Setting watchdog for 200 seconds at Wed Feb 13 03:36:00 UTC 2019
289 ms. Memory: 279040K Free: 168350K (60%)
ptolemy.util.test.WatchDog.cancel(): canceling Wed Feb 13 03:36:01 UTC 2019
------------------ testing $PTII/ptolemy/domains/de/test/auto/TransferInputs.xml
auto.tcl: Setting watchdog for 200 seconds at Wed Feb 13 03:36:01 UTC 2019
2 ms. Memory: 279040K Free: 266637K (96%)
ptolemy.util.test.WatchDog.cancel(): canceling Wed Feb 13 03:36:01 UTC 2019
auto.tcl: Setting watchdog for 200 seconds at Wed Feb 13 03:36:01 UTC 2019
1 ms. Memory: 279040K Free: 266637K (96%)
ptolemy.util.test.WatchDog.cancel(): canceling Wed Feb 13 03:36:01 UTC 2019
------------------ testing $PTII/ptolemy/domains/de/test/auto/TransferOutputs2.xml
auto.tcl: Setting watchdog for 200 seconds at Wed Feb 13 03:36:01 UTC 2019
3 ms. Memory: 278528K Free: 262798K (94%)
ptolemy.util.test.WatchDog.cancel(): canceling Wed Feb 13 03:36:01 UTC 2019
auto.tcl: Setting watchdog for 200 seconds at Wed Feb 13 03:36:01 UTC 2019
3 ms. Memory: 278528K Free: 260333K (93%)
ptolemy.util.test.WatchDog.cancel(): canceling Wed Feb 13 03:36:01 UTC 2019
------------------ testing $PTII/ptolemy/domains/de/test/auto/Trilateration.xml
auto.tcl: Setting watchdog for 200 seconds at Wed Feb 13 03:36:01 UTC 2019
12216 ms. Memory: 542720K Free: 169905K (31%)
ptolemy.util.test.WatchDog.cancel(): canceling Wed Feb 13 03:36:14 UTC 2019
auto.tcl: Setting watchdog for 200 seconds at Wed Feb 13 03:36:14 UTC 2019
10524 ms. Memory: 411136K Free: 246839K (60%)
ptolemy.util.test.WatchDog.cancel(): canceling Wed Feb 13 03:36:25 UTC 2019
------------------ testing $PTII/ptolemy/domains/de/test/auto/TwoSigmaDelta.xml
auto.tcl: Setting watchdog for 200 seconds at Wed Feb 13 03:36:25 UTC 2019
2600 ms. Memory: 414208K Free: 121618K (29%)
ptolemy.util.test.WatchDog.cancel(): canceling Wed Feb 13 03:36:27 UTC 2019
auto.tcl: Setting watchdog for 200 seconds at Wed Feb 13 03:36:27 UTC 2019
2091 ms. Memory: 396800K Free: 204793K (52%)
ptolemy.util.test.WatchDog.cancel(): canceling Wed Feb 13 03:36:29 UTC 2019
------------------ testing $PTII/ptolemy/domains/de/test/auto/VariableDelay.xml
auto.tcl: Setting watchdog for 200 seconds at Wed Feb 13 03:36:30 UTC 2019
6 ms. Memory: 396288K Free: 379990K (96%)
ptolemy.util.test.WatchDog.cancel(): canceling Wed Feb 13 03:36:30 UTC 2019
auto.tcl: Setting watchdog for 200 seconds at Wed Feb 13 03:36:30 UTC 2019
1 ms. Memory: 396288K Free: 379990K (96%)
ptolemy.util.test.WatchDog.cancel(): canceling Wed Feb 13 03:36:30 UTC 2019
------------------ testing $PTII/ptolemy/domains/de/test/auto/VariableDelay2.xml
auto.tcl: Setting watchdog for 200 seconds at Wed Feb 13 03:36:30 UTC 2019
2 ms. Memory: 396288K Free: 383555K (97%)
ptolemy.util.test.WatchDog.cancel(): canceling Wed Feb 13 03:36:30 UTC 2019
auto.tcl: Setting watchdog for 200 seconds at Wed Feb 13 03:36:30 UTC 2019
2 ms. Memory: 396288K Free: 383555K (97%)
ptolemy.util.test.WatchDog.cancel(): canceling Wed Feb 13 03:36:30 UTC 2019
------------------ testing $PTII/ptolemy/domains/de/test/auto/VariableDelayZeroDelay.xml
auto.tcl: Setting watchdog for 200 seconds at Wed Feb 13 03:36:30 UTC 2019
1 ms. Memory: 398336K Free: 382453K (96%)
ptolemy.util.test.WatchDog.cancel(): canceling Wed Feb 13 03:36:30 UTC 2019
auto.tcl: Setting watchdog for 200 seconds at Wed Feb 13 03:36:30 UTC 2019
2 ms. Memory: 398336K Free: 382453K (96%)
ptolemy.util.test.WatchDog.cancel(): canceling Wed Feb 13 03:36:30 UTC 2019
------------------ testing $PTII/ptolemy/domains/de/test/auto/VariableDelayZeroDelay2.xml
auto.tcl: Setting watchdog for 200 seconds at Wed Feb 13 03:36:30 UTC 2019
2 ms. Memory: 396288K Free: 380403K (96%)
ptolemy.util.test.WatchDog.cancel(): canceling Wed Feb 13 03:36:30 UTC 2019
auto.tcl: Setting watchdog for 200 seconds at Wed Feb 13 03:36:30 UTC 2019
2 ms. Memory: 396288K Free: 380403K (96%)
ptolemy.util.test.WatchDog.cancel(): canceling Wed Feb 13 03:36:30 UTC 2019
------------------ testing $PTII/ptolemy/domains/de/test/auto/deInCt.xml
auto.tcl: Setting watchdog for 200 seconds at Wed Feb 13 03:36:30 UTC 2019
0
1
1
0
0
0
0
0
1
1
1
0
0
0
1
1
1
0
0
0
1
1
1
0
0
0
1
1
1
0
0
0
1
1
1
1
1
0
0
0
15 ms. Memory: 398336K Free: 382448K (96%)
ptolemy.util.test.WatchDog.cancel(): canceling Wed Feb 13 03:36:30 UTC 2019
auto.tcl: Setting watchdog for 200 seconds at Wed Feb 13 03:36:30 UTC 2019
0
1
1
1
0
0
0
1
1
1
0
0
0
0
1
1
1
0
0
0
1
1
1
0
0
0
0
1
1
1
0
0
0
1
1
1
0
0
0
1
1
1
0
0
0
0
0
1
1
1
1
0
0
0
0
8 ms. Memory: 398336K Free: 377384K (95%)
ptolemy.util.test.WatchDog.cancel(): canceling Wed Feb 13 03:36:30 UTC 2019
------------------ testing $PTII/ptolemy/domains/de/test/auto/deInCt2.xml
auto.tcl: Setting watchdog for 200 seconds at Wed Feb 13 03:36:30 UTC 2019
0
1
1
1
0
0
1
1
1
0
0
1
1
1
0
0
1
1
1
0
0
1
1
1
0
0
1
1
1
0
0
1
1
1
0
0
1
1
1
0
0
0
15 ms. Memory: 396288K Free: 380388K (96%)
ptolemy.util.test.WatchDog.cancel(): canceling Wed Feb 13 03:36:30 UTC 2019
auto.tcl: Setting watchdog for 200 seconds at Wed Feb 13 03:36:30 UTC 2019
0
1
1
1
0
0
1
1
1
0
0
1
1
1
0
0
1
1
1
0
0
1
1
1
0
0
1
1
1
0
0
1
1
1
0
0
1
1
1
0
0
0
5 ms. Memory: 396288K Free: 375324K (95%)
ptolemy.util.test.WatchDog.cancel(): canceling Wed Feb 13 03:36:30 UTC 2019
------------------ testing $PTII/ptolemy/domains/de/test/auto/dynamicCausalityInterface1.xml
auto.tcl: Setting watchdog for 200 seconds at Wed Feb 13 03:36:30 UTC 2019
1 ms. Memory: 397824K Free: 376851K (95%)
ptolemy.util.test.WatchDog.cancel(): canceling Wed Feb 13 03:36:30 UTC 2019
auto.tcl: Setting watchdog for 200 seconds at Wed Feb 13 03:36:30 UTC 2019
1 ms. Memory: 397824K Free: 376851K (95%)
ptolemy.util.test.WatchDog.cancel(): canceling Wed Feb 13 03:36:30 UTC 2019
------------------ testing $PTII/ptolemy/domains/de/test/auto/fsm_de_test.xml
auto.tcl: Setting watchdog for 200 seconds at Wed Feb 13 03:36:30 UTC 2019
13 ms. Memory: 396288K Free: 375210K (95%)
ptolemy.util.test.WatchDog.cancel(): canceling Wed Feb 13 03:36:30 UTC 2019
auto.tcl: Setting watchdog for 200 seconds at Wed Feb 13 03:36:30 UTC 2019
6 ms. Memory: 396288K Free: 375210K (95%)
ptolemy.util.test.WatchDog.cancel(): canceling Wed Feb 13 03:36:30 UTC 2019
------------------ testing $PTII/ptolemy/domains/de/test/auto/functionDependencyReconstruction.xml
auto.tcl: Setting watchdog for 200 seconds at Wed Feb 13 03:36:30 UTC 2019
2 ms. Memory: 397824K Free: 371672K (93%)
ptolemy.util.test.WatchDog.cancel(): canceling Wed Feb 13 03:36:30 UTC 2019
auto.tcl: Setting watchdog for 200 seconds at Wed Feb 13 03:36:30 UTC 2019
3 ms. Memory: 397824K Free: 366608K (92%)
ptolemy.util.test.WatchDog.cancel(): canceling Wed Feb 13 03:36:30 UTC 2019
------------------ testing $PTII/ptolemy/domains/de/test/auto/multirate.xml
auto.tcl: Setting watchdog for 200 seconds at Wed Feb 13 03:36:30 UTC 2019
7 ms. Memory: 396288K Free: 374903K (95%)
ptolemy.util.test.WatchDog.cancel(): canceling Wed Feb 13 03:36:30 UTC 2019
auto.tcl: Setting watchdog for 200 seconds at Wed Feb 13 03:36:30 UTC 2019
3 ms. Memory: 396288K Free: 374903K (95%)
ptolemy.util.test.WatchDog.cancel(): canceling Wed Feb 13 03:36:30 UTC 2019
------------------ testing $PTII/ptolemy/domains/de/test/auto/multirate2.xml
auto.tcl: Setting watchdog for 200 seconds at Wed Feb 13 03:36:30 UTC 2019
3 ms. Memory: 397312K Free: 376098K (95%)
ptolemy.util.test.WatchDog.cancel(): canceling Wed Feb 13 03:36:30 UTC 2019
auto.tcl: Setting watchdog for 200 seconds at Wed Feb 13 03:36:30 UTC 2019
3 ms. Memory: 397312K Free: 376098K (95%)
ptolemy.util.test.WatchDog.cancel(): canceling Wed Feb 13 03:36:30 UTC 2019
------------------ testing $PTII/ptolemy/domains/de/test/auto/realtime.xml
auto.tcl: Setting watchdog for 200 seconds at Wed Feb 13 03:36:30 UTC 2019
10001 ms. Memory: 396288K Free: 380141K (96%)
ptolemy.util.test.WatchDog.cancel(): canceling Wed Feb 13 03:36:40 UTC 2019
auto.tcl: Setting watchdog for 200 seconds at Wed Feb 13 03:36:40 UTC 2019
10001 ms. Memory: 396288K Free: 380141K (96%)
ptolemy.util.test.WatchDog.cancel(): canceling Wed Feb 13 03:36:50 UTC 2019
------------------ testing $PTII/ptolemy/domains/de/test/auto/relationGroup.xml
auto.tcl: Setting watchdog for 200 seconds at Wed Feb 13 03:36:50 UTC 2019
1 ms. Memory: 397312K Free: 381202K (96%)
ptolemy.util.test.WatchDog.cancel(): canceling Wed Feb 13 03:36:50 UTC 2019
auto.tcl: Setting watchdog for 200 seconds at Wed Feb 13 03:36:50 UTC 2019
1 ms. Memory: 397312K Free: 381202K (96%)
ptolemy.util.test.WatchDog.cancel(): canceling Wed Feb 13 03:36:50 UTC 2019
------------------ testing $PTII/ptolemy/domains/de/test/auto/relationGroup2.xml
auto.tcl: Setting watchdog for 200 seconds at Wed Feb 13 03:36:50 UTC 2019
1 ms. Memory: 396288K Free: 380205K (96%)
ptolemy.util.test.WatchDog.cancel(): canceling Wed Feb 13 03:36:50 UTC 2019
auto.tcl: Setting watchdog for 200 seconds at Wed Feb 13 03:36:50 UTC 2019
1 ms. Memory: 396288K Free: 380205K (96%)
ptolemy.util.test.WatchDog.cancel(): canceling Wed Feb 13 03:36:50 UTC 2019
------------------ testing $PTII/ptolemy/domains/de/test/auto/sortWithOpaquePorts.xml
auto.tcl: Setting watchdog for 200 seconds at Wed Feb 13 03:36:50 UTC 2019
1 ms. Memory: 397312K Free: 381230K (96%)
ptolemy.util.test.WatchDog.cancel(): canceling Wed Feb 13 03:36:50 UTC 2019
auto.tcl: Setting watchdog for 200 seconds at Wed Feb 13 03:36:50 UTC 2019
2 ms. Memory: 397312K Free: 381230K (96%)
ptolemy.util.test.WatchDog.cancel(): canceling Wed Feb 13 03:36:50 UTC 2019
------------------ testing $PTII/ptolemy/domains/de/test/auto/transferInputsandOutputs.xml
auto.tcl: Setting watchdog for 200 seconds at Wed Feb 13 03:36:50 UTC 2019
1 ms. Memory: 396288K Free: 375112K (95%)
ptolemy.util.test.WatchDog.cancel(): canceling Wed Feb 13 03:36:50 UTC 2019
auto.tcl: Setting watchdog for 200 seconds at Wed Feb 13 03:36:50 UTC 2019
2 ms. Memory: 396288K Free: 375112K (95%)
ptolemy.util.test.WatchDog.cancel(): canceling Wed Feb 13 03:36:50 UTC 2019
------------------ testing $PTII/ptolemy/domains/de/test/auto/triggerType.xml
auto.tcl: Setting watchdog for 200 seconds at Wed Feb 13 03:36:51 UTC 2019
1 ms. Memory: 396800K Free: 380654K (96%)
ptolemy.util.test.WatchDog.cancel(): canceling Wed Feb 13 03:36:51 UTC 2019
auto.tcl: Setting watchdog for 200 seconds at Wed Feb 13 03:36:51 UTC 2019
2 ms. Memory: 396800K Free: 380654K (96%)
ptolemy.util.test.WatchDog.cancel(): canceling Wed Feb 13 03:36:51 UTC 2019
02/13/19 03:36:51
Failed: 0  Total Tests: 192  ((Passed: 187, Newly Passed: 1)  Known Failed: 5) /home/travis/build/icyphy/ptII/ptolemy/domains/de/test
02/13/19 03:36:51
Failed: 0  Total Tests: 192  ((Passed: 187, Newly Passed: 1)  Known Failed: 5) /home/travis/build/icyphy/ptII/ptolemy/domains/de/test
----------------- testing (KnownFailure) /home/travis/build/icyphy/ptII/ptolemy/domains/de/test/auto/knownFailedTests/DESDFClockTest.xml
2009 ms. Memory: 396288K Free: 367573K (93%)
Known Failure: java.lang.reflect.InvocationTargetException
----------------- testing (KnownFailure) /home/travis/build/icyphy/ptII/ptolemy/domains/de/test/auto/knownFailedTests/DirectFeedback.xml
1 ms. Memory: 396288K Free: 342382K (86%)
Known Failure: java.lang.reflect.InvocationTargetException
----------------- testing (KnownFailure) /home/travis/build/icyphy/ptII/ptolemy/domains/de/test/auto/knownFailedTests/FSMSource.xml
8 ms. Memory: 396288K Free: 317191K (80%)
----------------- testing (KnownFailure) /home/travis/build/icyphy/ptII/ptolemy/domains/de/test/auto/knownFailedTests/HierarchicalModel.xml
3 ms. Memory: 396288K Free: 291985K (74%)
Known Failure: java.lang.reflect.InvocationTargetException
----------------- testing (KnownFailure) /home/travis/build/icyphy/ptII/ptolemy/domains/de/test/auto/knownFailedTests/dependencyLoop.xml
2 ms. Memory: 396288K Free: 254175K (64%)
Known Failure: java.lang.reflect.InvocationTargetException
----------------- testing (KnownFailure) /home/travis/build/icyphy/ptII/ptolemy/domains/de/test/auto/knownFailedTests/dependencyLoop2.xml
3 ms. Memory: 396288K Free: 216365K (55%)
Known Failure: java.lang.reflect.InvocationTargetException
No auto/linux-amd64/*.xml tests in /home/travis/build/icyphy/ptII/ptolemy/domains/de/test
AutoTests.java: About to close Vertx.
AutoTests.java: Vertx closed.

===========================================================================================
----------------- testing Wed Feb 13 03:36:53 UTC 2019 /home/travis/build/icyphy/ptII/ptolemy/domains/de/test/auto/ActorDepthCalculation_actorWithoutPorts.xml
----------------- Instantiating /home/travis/build/icyphy/ptII/ptolemy/domains/de/test/auto/ActorDepthCalculation_actorWithoutPorts.xml
2 ms. Memory: 396288K Free: 184877K (47%)
----------------- Invoking toplevel() on ptolemy.moml.MoMLSimpleApplication@7d41a8ec
----------------- Done invoking toplevel() on ptolemy.moml.MoMLSimpleApplication@7d41a8ec
reloadAllAccessors: .ActorDepthCalculation_actorWithoutPorts

===========================================================================================
----------------- testing Wed Feb 13 03:36:53 UTC 2019 /home/travis/build/icyphy/ptII/ptolemy/domains/de/test/auto/AssemblyLine.xml
----------------- Instantiating /home/travis/build/icyphy/ptII/ptolemy/domains/de/test/auto/AssemblyLine.xml
5 ms. Memory: 396288K Free: 165976K (42%)
----------------- Invoking toplevel() on ptolemy.moml.MoMLSimpleApplication@4b4066ff
----------------- Done invoking toplevel() on ptolemy.moml.MoMLSimpleApplication@4b4066ff
reloadAllAccessors: .AssemblyLine

===========================================================================================
----------------- testing Wed Feb 13 03:36:53 UTC 2019 /home/travis/build/icyphy/ptII/ptolemy/domains/de/test/auto/CQBug1.xml
----------------- Instantiating /home/travis/build/icyphy/ptII/ptolemy/domains/de/test/auto/CQBug1.xml
0 ms. Memory: 396288K Free: 153381K (39%)
----------------- Invoking toplevel() on ptolemy.moml.MoMLSimpleApplication@37e673f
----------------- Done invoking toplevel() on ptolemy.moml.MoMLSimpleApplication@37e673f
reloadAllAccessors: .CQBug1

===========================================================================================
----------------- testing Wed Feb 13 03:36:53 UTC 2019 /home/travis/build/icyphy/ptII/ptolemy/domains/de/test/auto/CancelFireAt.xml
----------------- Instantiating /home/travis/build/icyphy/ptII/ptolemy/domains/de/test/auto/CancelFireAt.xml
2 ms. Memory: 396288K Free: 140785K (36%)
----------------- Invoking toplevel() on ptolemy.moml.MoMLSimpleApplication@4915f8c8
----------------- Done invoking toplevel() on ptolemy.moml.MoMLSimpleApplication@4915f8c8
reloadAllAccessors: .CancelFireAt

===========================================================================================
----------------- testing Wed Feb 13 03:36:53 UTC 2019 /home/travis/build/icyphy/ptII/ptolemy/domains/de/test/auto/CausalityAndComposabilityAnalysis.xml
----------------- Instantiating /home/travis/build/icyphy/ptII/ptolemy/domains/de/test/auto/CausalityAndComposabilityAnalysis.xml
1 ms. Memory: 396288K Free: 128190K (32%)
----------------- Invoking toplevel() on ptolemy.moml.MoMLSimpleApplication@4e541955
----------------- Done invoking toplevel() on ptolemy.moml.MoMLSimpleApplication@4e541955
reloadAllAccessors: .CausalityAndComposabilityAnalysis

===========================================================================================
----------------- testing Wed Feb 13 03:36:53 UTC 2019 /home/travis/build/icyphy/ptII/ptolemy/domains/de/test/auto/CausalityInterface1.xml
----------------- Instantiating /home/travis/build/icyphy/ptII/ptolemy/domains/de/test/auto/CausalityInterface1.xml
4 ms. Memory: 396288K Free: 115595K (29%)
----------------- Invoking toplevel() on ptolemy.moml.MoMLSimpleApplication@36f8a70a
----------------- Done invoking toplevel() on ptolemy.moml.MoMLSimpleApplication@36f8a70a
reloadAllAccessors: .CausalityInterface1

===========================================================================================
----------------- testing Wed Feb 13 03:36:53 UTC 2019 /home/travis/build/icyphy/ptII/ptolemy/domains/de/test/auto/CausalityInterface15.xml
----------------- Instantiating /home/travis/build/icyphy/ptII/ptolemy/domains/de/test/auto/CausalityInterface15.xml
1 ms. Memory: 396288K Free: 103000K (26%)
----------------- Invoking toplevel() on ptolemy.moml.MoMLSimpleApplication@1203f4fa
----------------- Done invoking toplevel() on ptolemy.moml.MoMLSimpleApplication@1203f4fa
reloadAllAccessors: .CausalityInterface15

[...]
java.lang.RuntimeException: Execution failed
	at ptolemy.moml.MoMLSimpleApplication$UnloadThread.run(MoMLSimpleApplication.java:402)
Caused by: ptolemy.kernel.util.IllegalActionException: Test fails in iteration 1.
Value was: 1.0. Should have been: 2.0
  in .DirectFeedback.Test
	at ptolemy.actor.lib.Test.fire(Test.java:268)
	at ptolemy.domains.de.kernel.DEDirector._fire(DEDirector.java:1949)
	at ptolemy.domains.de.kernel.DEDirector.fire(DEDirector.java:502)
	at ptolemy.actor.CompositeActor.fire(CompositeActor.java:455)
	at ptolemy.actor.Manager.iterate(Manager.java:851)
	at ptolemy.actor.Manager.execute(Manager.java:369)
	at ptolemy.actor.Manager.run(Manager.java:1263)
	at ptolemy.actor.Manager$PtolemyRunThread.run(Manager.java:1915)
java.lang.RuntimeException: Execution failed
	at ptolemy.moml.MoMLSimpleApplication$UnloadThread.run(MoMLSimpleApplication.java:402)
Caused by: ptolemy.kernel.util.IllegalActionException: Actor is not ready to fire.  Perhaps UpSample.prefire() returned false? Try debugging the actor by selecting "Listen to Actor".  Also, for SDF check moml for tokenConsumptionRate on input.
  in .DESDFClockTest.Play Bell.Copy1:SDF Director and .DESDFClockTest.Play Bell.UpSample
	at ptolemy.actor.sched.StaticSchedulingDirector.fire(StaticSchedulingDirector.java:227)
	at ptolemy.domains.sdf.kernel.SDFDirector.fire(SDFDirector.java:500)
	at ptolemy.actor.CompositeActor.fire(CompositeActor.java:455)
	at ptolemy.domains.de.kernel.DEDirector._fire(DEDirector.java:1949)
	at ptolemy.domains.de.kernel.DEDirector.fire(DEDirector.java:502)
	at ptolemy.actor.CompositeActor.fire(CompositeActor.java:455)
	at ptolemy.actor.Manager.iterate(Manager.java:851)
	at ptolemy.actor.Manager.execute(Manager.java:369)
	at ptolemy.actor.Manager.run(Manager.java:1263)
	at ptolemy.actor.Manager$PtolemyRunThread.run(Manager.java:1915)
java.lang.reflect.InvocationTargetException
	at sun.reflect.NativeConstructorAccessorImpl.newInstance0(Native Method)
	at sun.reflect.NativeConstructorAccessorImpl.newInstance(NativeConstructorAccessorImpl.java:62)
	at sun.reflect.DelegatingConstructorAccessorImpl.newInstance(DelegatingConstructorAccessorImpl.java:45)
	at java.lang.reflect.Constructor.newInstance(Constructor.java:423)
	at ptolemy.util.test.junit.AutoKnownFailedTests.RunModel(AutoKnownFailedTests.java:105)
	at sun.reflect.NativeMethodAccessorImpl.invoke0(Native Method)
	at sun.reflect.NativeMethodAccessorImpl.invoke(NativeMethodAccessorImpl.java:62)
	at sun.reflect.DelegatingMethodAccessorImpl.invoke(DelegatingMethodAccessorImpl.java:43)
	at java.lang.reflect.Method.invoke(Method.java:498)
	at org.junit.runners.model.FrameworkMethod$1.runReflectiveCall(FrameworkMethod.java:44)
	at org.junit.internal.runners.model.ReflectiveCallable.run(ReflectiveCallable.java:15)
	at org.junit.runners.model.FrameworkMethod.invokeExplosively(FrameworkMethod.java:41)
	at junitparams.internal.InvokeParameterisedMethod.evaluate(InvokeParameterisedMethod.java:102)
	at org.junit.internal.runners.statements.FailOnTimeout$1.run(FailOnTimeout.java:28)
Caused by: ptolemy.kernel.util.IllegalActionException: Actor is not ready to fire.  Perhaps UpSample.prefire() returned false? Try debugging the actor by selecting "Listen to Actor".  Also, for SDF check moml for tokenConsumptionRate on input.
  in .DESDFClockTest.Play Bell.Copy1:SDF Director and .DESDFClockTest.Play Bell.UpSample
	at ptolemy.actor.sched.StaticSchedulingDirector.fire(StaticSchedulingDirector.java:227)
	at ptolemy.domains.sdf.kernel.SDFDirector.fire(SDFDirector.java:500)
	at ptolemy.actor.CompositeActor.fire(CompositeActor.java:455)
	at ptolemy.domains.de.kernel.DEDirector._fire(DEDirector.java:1949)
	at ptolemy.domains.de.kernel.DEDirector.fire(DEDirector.java:502)
	at ptolemy.actor.CompositeActor.fire(CompositeActor.java:455)
	at ptolemy.actor.Manager.iterate(Manager.java:851)
	at ptolemy.actor.Manager.execute(Manager.java:369)
	at ptolemy.actor.Manager.run(Manager.java:1263)
	at ptolemy.actor.Manager$PtolemyRunThread.run(Manager.java:1915)
java.lang.RuntimeException: Execution failed
	at ptolemy.moml.MoMLSimpleApplication$UnloadThread.run(MoMLSimpleApplication.java:402)
Caused by: ptolemy.kernel.util.IllegalActionException: Test fails in iteration 1.
Value was: 1.0. Should have been: 2.0
  in .DirectFeedback.Test
	at ptolemy.actor.lib.Test.fire(Test.java:268)
	at ptolemy.domains.de.kernel.DEDirector._fire(DEDirector.java:1949)
	at ptolemy.domains.de.kernel.DEDirector.fire(DEDirector.java:502)
	at ptolemy.actor.CompositeActor.fire(CompositeActor.java:455)
	at ptolemy.actor.Manager.iterate(Manager.java:851)
	at ptolemy.actor.Manager.execute(Manager.java:369)
	at ptolemy.actor.Manager.run(Manager.java:1263)
	at ptolemy.actor.Manager$PtolemyRunThread.run(Manager.java:1915)
java.lang.reflect.InvocationTargetException
	at sun.reflect.NativeConstructorAccessorImpl.newInstance0(Native Method)
	at sun.reflect.NativeConstructorAccessorImpl.newInstance(NativeConstructorAccessorImpl.java:62)
	at sun.reflect.DelegatingConstructorAccessorImpl.newInstance(DelegatingConstructorAccessorImpl.java:45)
	at java.lang.reflect.Constructor.newInstance(Constructor.java:423)
	at ptolemy.util.test.junit.AutoKnownFailedTests.RunModel(AutoKnownFailedTests.java:105)
	at sun.reflect.NativeMethodAccessorImpl.invoke0(Native Method)
	at sun.reflect.NativeMethodAccessorImpl.invoke(NativeMethodAccessorImpl.java:62)
	at sun.reflect.DelegatingMethodAccessorImpl.invoke(DelegatingMethodAccessorImpl.java:43)
	at java.lang.reflect.Method.invoke(Method.java:498)
	at org.junit.runners.model.FrameworkMethod$1.runReflectiveCall(FrameworkMethod.java:44)
	at org.junit.internal.runners.model.ReflectiveCallable.run(ReflectiveCallable.java:15)
	at org.junit.runners.model.FrameworkMethod.invokeExplosively(FrameworkMethod.java:41)
	at junitparams.internal.InvokeParameterisedMethod.evaluate(InvokeParameterisedMethod.java:102)
	at org.junit.internal.runners.statements.FailOnTimeout$1.run(FailOnTimeout.java:28)
Caused by: ptolemy.kernel.util.IllegalActionException: Test fails in iteration 1.
Value was: 1.0. Should have been: 2.0
  in .DirectFeedback.Test
	at ptolemy.actor.lib.Test.fire(Test.java:268)
	at ptolemy.domains.de.kernel.DEDirector._fire(DEDirector.java:1949)
	at ptolemy.domains.de.kernel.DEDirector.fire(DEDirector.java:502)
	at ptolemy.actor.CompositeActor.fire(CompositeActor.java:455)
	at ptolemy.actor.Manager.iterate(Manager.java:851)
	at ptolemy.actor.Manager.execute(Manager.java:369)
	at ptolemy.actor.Manager.run(Manager.java:1263)
	at ptolemy.actor.Manager$PtolemyRunThread.run(Manager.java:1915)
java.lang.RuntimeException: Execution failed
	at ptolemy.moml.MoMLSimpleApplication$UnloadThread.run(MoMLSimpleApplication.java:402)
Caused by: ptolemy.kernel.util.IllegalActionException: Found a zero delay loop containing .HierarchicalModel.A
  in .HierarchicalModel and .HierarchicalModel.A
	at ptolemy.actor.util.CausalityInterfaceForComposites._computeOutputPortDepth(CausalityInterfaceForComposites.java:759)
	at ptolemy.actor.util.CausalityInterfaceForComposites._computeInputDepth(CausalityInterfaceForComposites.java:696)
	at ptolemy.actor.util.CausalityInterfaceForComposites._computeOutputPortDepth(CausalityInterfaceForComposites.java:765)
	at ptolemy.actor.util.CausalityInterfaceForComposites._computeInputDepth(CausalityInterfaceForComposites.java:696)
	at ptolemy.actor.util.CausalityInterfaceForComposites._computeOutputPortDepth(CausalityInterfaceForComposites.java:765)
	at ptolemy.actor.util.CausalityInterfaceForComposites._computeInputDepth(CausalityInterfaceForComposites.java:696)
	at ptolemy.actor.util.CausalityInterfaceForComposites._computeActorDepth(CausalityInterfaceForComposites.java:532)
	at ptolemy.actor.util.CausalityInterfaceForComposites.checkForCycles(CausalityInterfaceForComposites.java:96)
	at ptolemy.domains.de.kernel.DEDirector.preinitialize(DEDirector.java:1338)
	at ptolemy.actor.CompositeActor.preinitialize(CompositeActor.java:1828)
	at ptolemy.actor.Manager.preinitializeAndResolveTypes(Manager.java:1040)
	at ptolemy.actor.Manager.initialize(Manager.java:710)
	at ptolemy.actor.Manager.execute(Manager.java:356)
	at ptolemy.actor.Manager.run(Manager.java:1263)
	at ptolemy.actor.Manager$PtolemyRunThread.run(Manager.java:1915)
java.lang.reflect.InvocationTargetException
	at sun.reflect.NativeConstructorAccessorImpl.newInstance0(Native Method)
	at sun.reflect.NativeConstructorAccessorImpl.newInstance(NativeConstructorAccessorImpl.java:62)
	at sun.reflect.DelegatingConstructorAccessorImpl.newInstance(DelegatingConstructorAccessorImpl.java:45)
	at java.lang.reflect.Constructor.newInstance(Constructor.java:423)
	at ptolemy.util.test.junit.AutoKnownFailedTests.RunModel(AutoKnownFailedTests.java:105)
	at sun.reflect.NativeMethodAccessorImpl.invoke0(Native Method)
	at sun.reflect.NativeMethodAccessorImpl.invoke(NativeMethodAccessorImpl.java:62)
	at sun.reflect.DelegatingMethodAccessorImpl.invoke(DelegatingMethodAccessorImpl.java:43)
	at java.lang.reflect.Method.invoke(Method.java:498)
	at org.junit.runners.model.FrameworkMethod$1.runReflectiveCall(FrameworkMethod.java:44)
	at org.junit.internal.runners.model.ReflectiveCallable.run(ReflectiveCallable.java:15)
	at org.junit.runners.model.FrameworkMethod.invokeExplosively(FrameworkMethod.java:41)
	at junitparams.internal.InvokeParameterisedMethod.evaluate(InvokeParameterisedMethod.java:102)
	at org.junit.internal.runners.statements.FailOnTimeout$1.run(FailOnTimeout.java:28)
Caused by: ptolemy.kernel.util.IllegalActionException: Found a zero delay loop containing .HierarchicalModel.A
  in .HierarchicalModel and .HierarchicalModel.A
	at ptolemy.actor.util.CausalityInterfaceForComposites._computeOutputPortDepth(CausalityInterfaceForComposites.java:759)
	at ptolemy.actor.util.CausalityInterfaceForComposites._computeInputDepth(CausalityInterfaceForComposites.java:696)
	at ptolemy.actor.util.CausalityInterfaceForComposites._computeOutputPortDepth(CausalityInterfaceForComposites.java:765)
	at ptolemy.actor.util.CausalityInterfaceForComposites._computeInputDepth(CausalityInterfaceForComposites.java:696)
	at ptolemy.actor.util.CausalityInterfaceForComposites._computeOutputPortDepth(CausalityInterfaceForComposites.java:765)
	at ptolemy.actor.util.CausalityInterfaceForComposites._computeInputDepth(CausalityInterfaceForComposites.java:696)
	at ptolemy.actor.util.CausalityInterfaceForComposites._computeActorDepth(CausalityInterfaceForComposites.java:532)
	at ptolemy.actor.util.CausalityInterfaceForComposites.checkForCycles(CausalityInterfaceForComposites.java:96)
	at ptolemy.domains.de.kernel.DEDirector.preinitialize(DEDirector.java:1338)
	at ptolemy.actor.CompositeActor.preinitialize(CompositeActor.java:1828)
	at ptolemy.actor.Manager.preinitializeAndResolveTypes(Manager.java:1040)
	at ptolemy.actor.Manager.initialize(Manager.java:710)
	at ptolemy.actor.Manager.execute(Manager.java:356)
	at ptolemy.actor.Manager.run(Manager.java:1263)
	at ptolemy.actor.Manager$PtolemyRunThread.run(Manager.java:1915)
java.lang.RuntimeException: Execution failed
	at ptolemy.moml.MoMLSimpleApplication$UnloadThread.run(MoMLSimpleApplication.java:402)
Caused by: ptolemy.kernel.util.IllegalActionException: Found a zero delay loop containing .dependencyLoop.original
  in .dependencyLoop and .dependencyLoop.original
	at ptolemy.actor.util.CausalityInterfaceForComposites._computeOutputPortDepth(CausalityInterfaceForComposites.java:759)
	at ptolemy.actor.util.CausalityInterfaceForComposites._computeInputDepth(CausalityInterfaceForComposites.java:696)
	at ptolemy.actor.util.CausalityInterfaceForComposites._computeOutputPortDepth(CausalityInterfaceForComposites.java:765)
	at ptolemy.actor.util.CausalityInterfaceForComposites._computeInputDepth(CausalityInterfaceForComposites.java:696)
	at ptolemy.actor.util.CausalityInterfaceForComposites._computeOutputPortDepth(CausalityInterfaceForComposites.java:765)
	at ptolemy.actor.util.CausalityInterfaceForComposites._computeInputDepth(CausalityInterfaceForComposites.java:696)
	at ptolemy.actor.util.CausalityInterfaceForComposites._computeActorDepth(CausalityInterfaceForComposites.java:532)
	at ptolemy.actor.util.CausalityInterfaceForComposites.checkForCycles(CausalityInterfaceForComposites.java:96)
	at ptolemy.domains.de.kernel.DEDirector.preinitialize(DEDirector.java:1338)
	at ptolemy.actor.CompositeActor.preinitialize(CompositeActor.java:1828)
	at ptolemy.actor.Manager.preinitializeAndResolveTypes(Manager.java:1040)
	at ptolemy.actor.Manager.initialize(Manager.java:710)
	at ptolemy.actor.Manager.execute(Manager.java:356)
	at ptolemy.actor.Manager.run(Manager.java:1263)
	at ptolemy.actor.Manager$PtolemyRunThread.run(Manager.java:1915)
java.lang.reflect.InvocationTargetException
	at sun.reflect.NativeConstructorAccessorImpl.newInstance0(Native Method)
	at sun.reflect.NativeConstructorAccessorImpl.newInstance(NativeConstructorAccessorImpl.java:62)
	at sun.reflect.DelegatingConstructorAccessorImpl.newInstance(DelegatingConstructorAccessorImpl.java:45)
	at java.lang.reflect.Constructor.newInstance(Constructor.java:423)
	at ptolemy.util.test.junit.AutoKnownFailedTests.RunModel(AutoKnownFailedTests.java:105)
	at sun.reflect.NativeMethodAccessorImpl.invoke0(Native Method)
	at sun.reflect.NativeMethodAccessorImpl.invoke(NativeMethodAccessorImpl.java:62)
	at sun.reflect.DelegatingMethodAccessorImpl.invoke(DelegatingMethodAccessorImpl.java:43)
	at java.lang.reflect.Method.invoke(Method.java:498)
	at org.junit.runners.model.FrameworkMethod$1.runReflectiveCall(FrameworkMethod.java:44)
	at org.junit.internal.runners.model.ReflectiveCallable.run(ReflectiveCallable.java:15)
	at org.junit.runners.model.FrameworkMethod.invokeExplosively(FrameworkMethod.java:41)
	at junitparams.internal.InvokeParameterisedMethod.evaluate(InvokeParameterisedMethod.java:102)
	at org.junit.internal.runners.statements.FailOnTimeout$1.run(FailOnTimeout.java:28)
Caused by: ptolemy.kernel.util.IllegalActionException: Found a zero delay loop containing .dependencyLoop.original
  in .dependencyLoop and .dependencyLoop.original
	at ptolemy.actor.util.CausalityInterfaceForComposites._computeOutputPortDepth(CausalityInterfaceForComposites.java:759)
	at ptolemy.actor.util.CausalityInterfaceForComposites._computeInputDepth(CausalityInterfaceForComposites.java:696)
	at ptolemy.actor.util.CausalityInterfaceForComposites._computeOutputPortDepth(CausalityInterfaceForComposites.java:765)
	at ptolemy.actor.util.CausalityInterfaceForComposites._computeInputDepth(CausalityInterfaceForComposites.java:696)
	at ptolemy.actor.util.CausalityInterfaceForComposites._computeOutputPortDepth(CausalityInterfaceForComposites.java:765)
	at ptolemy.actor.util.CausalityInterfaceForComposites._computeInputDepth(CausalityInterfaceForComposites.java:696)
	at ptolemy.actor.util.CausalityInterfaceForComposites._computeActorDepth(CausalityInterfaceForComposites.java:532)
	at ptolemy.actor.util.CausalityInterfaceForComposites.checkForCycles(CausalityInterfaceForComposites.java:96)
	at ptolemy.domains.de.kernel.DEDirector.preinitialize(DEDirector.java:1338)
	at ptolemy.actor.CompositeActor.preinitialize(CompositeActor.java:1828)
	at ptolemy.actor.Manager.preinitializeAndResolveTypes(Manager.java:1040)
	at ptolemy.actor.Manager.initialize(Manager.java:710)
	at ptolemy.actor.Manager.execute(Manager.java:356)
	at ptolemy.actor.Manager.run(Manager.java:1263)
	at ptolemy.actor.Manager$PtolemyRunThread.run(Manager.java:1915)
java.lang.RuntimeException: Execution failed
	at ptolemy.moml.MoMLSimpleApplication$UnloadThread.run(MoMLSimpleApplication.java:402)
Caused by: ptolemy.kernel.util.IllegalActionException: Found a zero delay loop containing .dependencyLoop2.original
  in .dependencyLoop2 and .dependencyLoop2.original
	at ptolemy.actor.util.CausalityInterfaceForComposites._computeOutputPortDepth(CausalityInterfaceForComposites.java:759)
	at ptolemy.actor.util.CausalityInterfaceForComposites._computeInputDepth(CausalityInterfaceForComposites.java:696)
	at ptolemy.actor.util.CausalityInterfaceForComposites._computeOutputPortDepth(CausalityInterfaceForComposites.java:765)
	at ptolemy.actor.util.CausalityInterfaceForComposites._computeInputDepth(CausalityInterfaceForComposites.java:696)
	at ptolemy.actor.util.CausalityInterfaceForComposites._computeOutputPortDepth(CausalityInterfaceForComposites.java:765)
	at ptolemy.actor.util.CausalityInterfaceForComposites._computeInputDepth(CausalityInterfaceForComposites.java:696)
	at ptolemy.actor.util.CausalityInterfaceForComposites._computeActorDepth(CausalityInterfaceForComposites.java:532)
	at ptolemy.actor.util.CausalityInterfaceForComposites.checkForCycles(CausalityInterfaceForComposites.java:96)
	at ptolemy.domains.de.kernel.DEDirector.preinitialize(DEDirector.java:1338)
	at ptolemy.actor.CompositeActor.preinitialize(CompositeActor.java:1828)
	at ptolemy.actor.Manager.preinitializeAndResolveTypes(Manager.java:1040)
	at ptolemy.actor.Manager.initialize(Manager.java:710)
	at ptolemy.actor.Manager.execute(Manager.java:356)
	at ptolemy.actor.Manager.run(Manager.java:1263)
	at ptolemy.actor.Manager$PtolemyRunThread.run(Manager.java:1915)
java.lang.reflect.InvocationTargetException
	at sun.reflect.NativeConstructorAccessorImpl.newInstance0(Native Method)
	at sun.reflect.NativeConstructorAccessorImpl.newInstance(NativeConstructorAccessorImpl.java:62)
	at sun.reflect.DelegatingConstructorAccessorImpl.newInstance(DelegatingConstructorAccessorImpl.java:45)
	at java.lang.reflect.Constructor.newInstance(Constructor.java:423)
	at ptolemy.util.test.junit.AutoKnownFailedTests.RunModel(AutoKnownFailedTests.java:105)
	at sun.reflect.NativeMethodAccessorImpl.invoke0(Native Method)
	at sun.reflect.NativeMethodAccessorImpl.invoke(NativeMethodAccessorImpl.java:62)
	at sun.reflect.DelegatingMethodAccessorImpl.invoke(DelegatingMethodAccessorImpl.java:43)
	at java.lang.reflect.Method.invoke(Method.java:498)
	at org.junit.runners.model.FrameworkMethod$1.runReflectiveCall(FrameworkMethod.java:44)
	at org.junit.internal.runners.model.ReflectiveCallable.run(ReflectiveCallable.java:15)
	at org.junit.runners.model.FrameworkMethod.invokeExplosively(FrameworkMethod.java:41)
	at junitparams.internal.InvokeParameterisedMethod.evaluate(InvokeParameterisedMethod.java:102)
	at org.junit.internal.runners.statements.FailOnTimeout$1.run(FailOnTimeout.java:28)
Caused by: ptolemy.kernel.util.IllegalActionException: Found a zero delay loop containing .dependencyLoop2.original
  in .dependencyLoop2 and .dependencyLoop2.original
	at ptolemy.actor.util.CausalityInterfaceForComposites._computeOutputPortDepth(CausalityInterfaceForComposites.java:759)
	at ptolemy.actor.util.CausalityInterfaceForComposites._computeInputDepth(CausalityInterfaceForComposites.java:696)
	at ptolemy.actor.util.CausalityInterfaceForComposites._computeOutputPortDepth(CausalityInterfaceForComposites.java:765)
	at ptolemy.actor.util.CausalityInterfaceForComposites._computeInputDepth(CausalityInterfaceForComposites.java:696)
	at ptolemy.actor.util.CausalityInterfaceForComposites._computeOutputPortDepth(CausalityInterfaceForComposites.java:765)
	at ptolemy.actor.util.CausalityInterfaceForComposites._computeInputDepth(CausalityInterfaceForComposites.java:696)
	at ptolemy.actor.util.CausalityInterfaceForComposites._computeActorDepth(CausalityInterfaceForComposites.java:532)
	at ptolemy.actor.util.CausalityInterfaceForComposites.checkForCycles(CausalityInterfaceForComposites.java:96)
	at ptolemy.domains.de.kernel.DEDirector.preinitialize(DEDirector.java:1338)
	at ptolemy.actor.CompositeActor.preinitialize(CompositeActor.java:1828)
	at ptolemy.actor.Manager.preinitializeAndResolveTypes(Manager.java:1040)
	at ptolemy.actor.Manager.initialize(Manager.java:710)
	at ptolemy.actor.Manager.execute(Manager.java:356)
	at ptolemy.actor.Manager.run(Manager.java:1263)
	at ptolemy.actor.Manager$PtolemyRunThread.run(Manager.java:1915)
]]></system-err>
</testsuite>
