<?xml version="1.0" encoding="UTF-8" ?>
<testsuite errors="0" failures="0" hostname="travis-job-3b05f127-313b-4668-9df8-8fc24246e065" name="ptolemy.actor.lib.hoc.test.junit.JUnitTclTest" skipped="0" tests="58" time="33.294" timestamp="2019-07-16T14:42:43">
  <properties>
[...]
</properties>
  <testcase classname="ptolemy.util.test.junit.TclTests" name="[0] /home/travis/build/icyphy/ptII/ptolemy/actor/lib/hoc/test/IterateOverArray.tcl (RunTclFile)" time="0.329" />
  <testcase classname="ptolemy.util.test.junit.AutoKnownFailedTests" name="[0] /home/travis/build/icyphy/ptII/ptolemy/actor/lib/hoc/test/auto/knownFailedTests/PreinitializeMustBeInvokedRunComposite.xml (RunModel)" time="0.405" />
  <testcase classname="ptolemy.util.test.junit.AutoNameArchTests" name="[0] ThereAreNoAutoArchTests (RunModel)" time="0.001" />
  <testcase classname="ptolemy.util.test.junit.AutoTests" name="[0] /home/travis/build/icyphy/ptII/ptolemy/actor/lib/hoc/test/auto/AllToAllMultiInstanceComposite.xml (RunModel)" time="0.366" />
  <testcase classname="ptolemy.util.test.junit.AutoTests" name="[1] /home/travis/build/icyphy/ptII/ptolemy/actor/lib/hoc/test/auto/ApplyFFTTest.xml (RunModel)" time="0.367" />
  <testcase classname="ptolemy.util.test.junit.AutoTests" name="[2] /home/travis/build/icyphy/ptII/ptolemy/actor/lib/hoc/test/auto/ApplyFunction.xml (RunModel)" time="0.066" />
  <testcase classname="ptolemy.util.test.junit.AutoTests" name="[3] /home/travis/build/icyphy/ptII/ptolemy/actor/lib/hoc/test/auto/BackgroundExecution.xml (RunModel)" time="0.785" />
  <testcase classname="ptolemy.util.test.junit.AutoTests" name="[4] /home/travis/build/icyphy/ptII/ptolemy/actor/lib/hoc/test/auto/Case.xml (RunModel)" time="0.122" />
  <testcase classname="ptolemy.util.test.junit.AutoTests" name="[5] /home/travis/build/icyphy/ptII/ptolemy/actor/lib/hoc/test/auto/Case1.xml (RunModel)" time="0.058" />
  <testcase classname="ptolemy.util.test.junit.AutoTests" name="[6] /home/travis/build/icyphy/ptII/ptolemy/actor/lib/hoc/test/auto/Case2.xml (RunModel)" time="0.114" />
  <testcase classname="ptolemy.util.test.junit.AutoTests" name="[7] /home/travis/build/icyphy/ptII/ptolemy/actor/lib/hoc/test/auto/Case3.xml (RunModel)" time="0.058" />
  <testcase classname="ptolemy.util.test.junit.AutoTests" name="[8] /home/travis/build/icyphy/ptII/ptolemy/actor/lib/hoc/test/auto/Case4.xml (RunModel)" time="0.093" />
  <testcase classname="ptolemy.util.test.junit.AutoTests" name="[9] /home/travis/build/icyphy/ptII/ptolemy/actor/lib/hoc/test/auto/Case5.xml (RunModel)" time="0.078" />
  <testcase classname="ptolemy.util.test.junit.AutoTests" name="[10] /home/travis/build/icyphy/ptII/ptolemy/actor/lib/hoc/test/auto/Case6.xml (RunModel)" time="0.133" />
  <testcase classname="ptolemy.util.test.junit.AutoTests" name="[11] /home/travis/build/icyphy/ptII/ptolemy/actor/lib/hoc/test/auto/CaseString2.xml (RunModel)" time="0.047" />
  <testcase classname="ptolemy.util.test.junit.AutoTests" name="[12] /home/travis/build/icyphy/ptII/ptolemy/actor/lib/hoc/test/auto/CatchUpComposite1.xml (RunModel)" time="0.091" />
  <testcase classname="ptolemy.util.test.junit.AutoTests" name="[13] /home/travis/build/icyphy/ptII/ptolemy/actor/lib/hoc/test/auto/CatchUpComposite2.xml (RunModel)" time="0.074" />
  <testcase classname="ptolemy.util.test.junit.AutoTests" name="[14] /home/travis/build/icyphy/ptII/ptolemy/actor/lib/hoc/test/auto/CatchUpComposite3.xml (RunModel)" time="0.062" />
  <testcase classname="ptolemy.util.test.junit.AutoTests" name="[15] /home/travis/build/icyphy/ptII/ptolemy/actor/lib/hoc/test/auto/CatchUpComposite4.xml (RunModel)" time="0.038" />
  <testcase classname="ptolemy.util.test.junit.AutoTests" name="[16] /home/travis/build/icyphy/ptII/ptolemy/actor/lib/hoc/test/auto/CatchUpComposite5.xml (RunModel)" time="0.056" />
  <testcase classname="ptolemy.util.test.junit.AutoTests" name="[17] /home/travis/build/icyphy/ptII/ptolemy/actor/lib/hoc/test/auto/CatchUpComposite6.xml (RunModel)" time="0.185" />
  <testcase classname="ptolemy.util.test.junit.AutoTests" name="[18] /home/travis/build/icyphy/ptII/ptolemy/actor/lib/hoc/test/auto/CatchUpComposite7.xml (RunModel)" time="0.111" />
  <testcase classname="ptolemy.util.test.junit.AutoTests" name="[19] /home/travis/build/icyphy/ptII/ptolemy/actor/lib/hoc/test/auto/ConcurrentExecutionTimeSDF.xml (RunModel)" time="1.584" />
  <testcase classname="ptolemy.util.test.junit.AutoTests" name="[20] /home/travis/build/icyphy/ptII/ptolemy/actor/lib/hoc/test/auto/ConcurrentSleep.xml (RunModel)" time="0.758" />
  <testcase classname="ptolemy.util.test.junit.AutoTests" name="[21] /home/travis/build/icyphy/ptII/ptolemy/actor/lib/hoc/test/auto/DEInPNInRunCompositeActor.xml (RunModel)" time="0.039" />
  <testcase classname="ptolemy.util.test.junit.AutoTests" name="[22] /home/travis/build/icyphy/ptII/ptolemy/actor/lib/hoc/test/auto/DFTSubSetTest.xml (RunModel)" time="0.307" />
  <testcase classname="ptolemy.util.test.junit.AutoTests" name="[23] /home/travis/build/icyphy/ptII/ptolemy/actor/lib/hoc/test/auto/HocDE.xml (RunModel)" time="0.207" />
  <testcase classname="ptolemy.util.test.junit.AutoTests" name="[24] /home/travis/build/icyphy/ptII/ptolemy/actor/lib/hoc/test/auto/IterateOverArray.xml (RunModel)" time="0.027" />
  <testcase classname="ptolemy.util.test.junit.AutoTests" name="[25] /home/travis/build/icyphy/ptII/ptolemy/actor/lib/hoc/test/auto/IterateOverArray10.xml (RunModel)" time="0.017" />
  <testcase classname="ptolemy.util.test.junit.AutoTests" name="[26] /home/travis/build/icyphy/ptII/ptolemy/actor/lib/hoc/test/auto/IterateOverArray11.xml (RunModel)" time="0.039" />
  <testcase classname="ptolemy.util.test.junit.AutoTests" name="[27] /home/travis/build/icyphy/ptII/ptolemy/actor/lib/hoc/test/auto/IterateOverArray12.xml (RunModel)" time="0.037" />
  <testcase classname="ptolemy.util.test.junit.AutoTests" name="[28] /home/travis/build/icyphy/ptII/ptolemy/actor/lib/hoc/test/auto/IterateOverArray13.xml (RunModel)" time="0.152" />
  <testcase classname="ptolemy.util.test.junit.AutoTests" name="[29] /home/travis/build/icyphy/ptII/ptolemy/actor/lib/hoc/test/auto/IterateOverArray14.xml (RunModel)" time="0.163" />
  <testcase classname="ptolemy.util.test.junit.AutoTests" name="[30] /home/travis/build/icyphy/ptII/ptolemy/actor/lib/hoc/test/auto/IterateOverArray2.xml (RunModel)" time="0.03" />
  <testcase classname="ptolemy.util.test.junit.AutoTests" name="[31] /home/travis/build/icyphy/ptII/ptolemy/actor/lib/hoc/test/auto/IterateOverArray3.xml (RunModel)" time="0.034" />
  <testcase classname="ptolemy.util.test.junit.AutoTests" name="[32] /home/travis/build/icyphy/ptII/ptolemy/actor/lib/hoc/test/auto/IterateOverArray4.xml (RunModel)" time="0.028" />
  <testcase classname="ptolemy.util.test.junit.AutoTests" name="[33] /home/travis/build/icyphy/ptII/ptolemy/actor/lib/hoc/test/auto/IterateOverArray5.xml (RunModel)" time="0.022" />
  <testcase classname="ptolemy.util.test.junit.AutoTests" name="[34] /home/travis/build/icyphy/ptII/ptolemy/actor/lib/hoc/test/auto/IterateOverArray6.xml (RunModel)" time="0.02" />
  <testcase classname="ptolemy.util.test.junit.AutoTests" name="[35] /home/travis/build/icyphy/ptII/ptolemy/actor/lib/hoc/test/auto/IterateOverArray7.xml (RunModel)" time="0.026" />
  <testcase classname="ptolemy.util.test.junit.AutoTests" name="[36] /home/travis/build/icyphy/ptII/ptolemy/actor/lib/hoc/test/auto/IterateOverArray8.xml (RunModel)" time="0.025" />
  <testcase classname="ptolemy.util.test.junit.AutoTests" name="[37] /home/travis/build/icyphy/ptII/ptolemy/actor/lib/hoc/test/auto/IterateOverArray9.xml (RunModel)" time="0.031" />
  <testcase classname="ptolemy.util.test.junit.AutoTests" name="[38] /home/travis/build/icyphy/ptII/ptolemy/actor/lib/hoc/test/auto/IterateOverArrayCoercedOutputType.xml (RunModel)" time="0.05" />
  <testcase classname="ptolemy.util.test.junit.AutoTests" name="[39] /home/travis/build/icyphy/ptII/ptolemy/actor/lib/hoc/test/auto/IterateOverArrayInferredOutputType.xml (RunModel)" time="0.027" />
  <testcase classname="ptolemy.util.test.junit.AutoTests" name="[40] /home/travis/build/icyphy/ptII/ptolemy/actor/lib/hoc/test/auto/MobileFunctionTest.xml (RunModel)" time="0.026" />
  <testcase classname="ptolemy.util.test.junit.AutoTests" name="[41] /home/travis/build/icyphy/ptII/ptolemy/actor/lib/hoc/test/auto/MobileModelTest.xml (RunModel)" time="0.194" />
  <testcase classname="ptolemy.util.test.junit.AutoTests" name="[42] /home/travis/build/icyphy/ptII/ptolemy/actor/lib/hoc/test/auto/ModelReference.xml (RunModel)" time="0.075" />
  <testcase classname="ptolemy.util.test.junit.AutoTests" name="[43] /home/travis/build/icyphy/ptII/ptolemy/actor/lib/hoc/test/auto/ModelReference3.xml (RunModel)" time="0.045" />
  <testcase classname="ptolemy.util.test.junit.AutoTests" name="[44] /home/travis/build/icyphy/ptII/ptolemy/actor/lib/hoc/test/auto/ModelReference4.xml (RunModel)" time="10.035" />
  <testcase classname="ptolemy.util.test.junit.AutoTests" name="[45] /home/travis/build/icyphy/ptII/ptolemy/actor/lib/hoc/test/auto/MultiInstanceComposite.xml (RunModel)" time="0.055" />
  <testcase classname="ptolemy.util.test.junit.AutoTests" name="[46] /home/travis/build/icyphy/ptII/ptolemy/actor/lib/hoc/test/auto/MultiInstanceComposite2.xml (RunModel)" time="0.039" />
  <testcase classname="ptolemy.util.test.junit.AutoTests" name="[47] /home/travis/build/icyphy/ptII/ptolemy/actor/lib/hoc/test/auto/MulticoreExecution.xml (RunModel)" time="1.077" />
  <testcase classname="ptolemy.util.test.junit.AutoTests" name="[48] /home/travis/build/icyphy/ptII/ptolemy/actor/lib/hoc/test/auto/ParallelExecution.xml (RunModel)" time="0.949" />
  <testcase classname="ptolemy.util.test.junit.AutoTests" name="[49] /home/travis/build/icyphy/ptII/ptolemy/actor/lib/hoc/test/auto/RunCompositeActor.xml (RunModel)" time="0.035" />
  <testcase classname="ptolemy.util.test.junit.AutoTests" name="[50] /home/travis/build/icyphy/ptII/ptolemy/actor/lib/hoc/test/auto/RunCompositeActor2.xml (RunModel)" time="0.027" />
  <testcase classname="ptolemy.util.test.junit.AutoTests" name="[51] /home/travis/build/icyphy/ptII/ptolemy/actor/lib/hoc/test/auto/RunCompositeActor3.xml (RunModel)" time="0.019" />
  <testcase classname="ptolemy.util.test.junit.AutoTests" name="[52] /home/travis/build/icyphy/ptII/ptolemy/actor/lib/hoc/test/auto/RunCompositeActor4.xml (RunModel)" time="0.032" />
  <testcase classname="ptolemy.util.test.junit.AutoTests" name="[53] /home/travis/build/icyphy/ptII/ptolemy/actor/lib/hoc/test/auto/RunCompositeIterateOverArray.xml (RunModel)" time="0.046" />
  <testcase classname="ptolemy.util.test.junit.AutoTests" name="[54] /home/travis/build/icyphy/ptII/ptolemy/actor/lib/hoc/test/auto/ThreadedJS.xml (RunModel)" time="12.569" />
  <system-out><![CDATA[/home/travis/build/icyphy/ptII/ptolemy/actor/lib/hoc/test/IterateOverArray.tcl
testDefs.tcl: setting time out to 9000 seconds at Tue Jul 16 14:42:43 UTC 2019
07/16/19 02:42:44
Failed: 0  Total Tests: 2  ((Passed: 2, Newly Passed: 0)  Known Failed: 0) /home/travis/build/icyphy/ptII/ptolemy/actor/lib/hoc/test
----------------- testing (KnownFailure) /home/travis/build/icyphy/ptII/ptolemy/actor/lib/hoc/test/auto/knownFailedTests/PreinitializeMustBeInvokedRunComposite.xml
104 ms. Memory: 120832K Free: 79302K (66%)
Known Failure: java.lang.reflect.InvocationTargetException
No auto/linux-amd64/*.xml tests in /home/travis/build/icyphy/ptII/ptolemy/actor/lib/hoc/test
AutoTests.java: About to close Vertx.
AutoTests.java: Vertx closed.

===========================================================================================
----------------- testing Tue Jul 16 14:42:44 UTC 2019 /home/travis/build/icyphy/ptII/ptolemy/actor/lib/hoc/test/auto/AllToAllMultiInstanceComposite.xml
----------------- Instantiating /home/travis/build/icyphy/ptII/ptolemy/actor/lib/hoc/test/auto/AllToAllMultiInstanceComposite.xml
145 ms. Memory: 120832K Free: 93397K (77%)
----------------- Invoking toplevel() on ptolemy.moml.MoMLSimpleApplication@20cd5c4c
----------------- Done invoking toplevel() on ptolemy.moml.MoMLSimpleApplication@20cd5c4c
reloadAllAccessors: .AllToAllMultiInstanceComposite

===========================================================================================
----------------- testing Tue Jul 16 14:42:45 UTC 2019 /home/travis/build/icyphy/ptII/ptolemy/actor/lib/hoc/test/auto/ApplyFFTTest.xml
----------------- Instantiating /home/travis/build/icyphy/ptII/ptolemy/actor/lib/hoc/test/auto/ApplyFFTTest.xml
183 ms. Memory: 120832K Free: 99315K (82%)
----------------- Invoking toplevel() on ptolemy.moml.MoMLSimpleApplication@75c83c18
----------------- Done invoking toplevel() on ptolemy.moml.MoMLSimpleApplication@75c83c18
reloadAllAccessors: .ApplyFFTTest

===========================================================================================
----------------- testing Tue Jul 16 14:42:45 UTC 2019 /home/travis/build/icyphy/ptII/ptolemy/actor/lib/hoc/test/auto/ApplyFunction.xml
----------------- Instantiating /home/travis/build/icyphy/ptII/ptolemy/actor/lib/hoc/test/auto/ApplyFunction.xml
5 ms. Memory: 120832K Free: 95898K (79%)
----------------- Invoking toplevel() on ptolemy.moml.MoMLSimpleApplication@20b605a5
----------------- Done invoking toplevel() on ptolemy.moml.MoMLSimpleApplication@20b605a5
reloadAllAccessors: .ApplyFunction

===========================================================================================
----------------- testing Tue Jul 16 14:42:45 UTC 2019 /home/travis/build/icyphy/ptII/ptolemy/actor/lib/hoc/test/auto/BackgroundExecution.xml
----------------- Instantiating /home/travis/build/icyphy/ptII/ptolemy/actor/lib/hoc/test/auto/BackgroundExecution.xml
646 ms. Memory: 120832K Free: 88529K (73%)
----------------- Invoking toplevel() on ptolemy.moml.MoMLSimpleApplication@48815978
----------------- Done invoking toplevel() on ptolemy.moml.MoMLSimpleApplication@48815978
reloadAllAccessors: .BackgroundExecution

===========================================================================================
----------------- testing Tue Jul 16 14:42:46 UTC 2019 /home/travis/build/icyphy/ptII/ptolemy/actor/lib/hoc/test/auto/Case.xml
----------------- Instantiating /home/travis/build/icyphy/ptII/ptolemy/actor/lib/hoc/test/auto/Case.xml
41 ms. Memory: 120832K Free: 81374K (67%)
----------------- Invoking toplevel() on ptolemy.moml.MoMLSimpleApplication@333d3312
----------------- Done invoking toplevel() on ptolemy.moml.MoMLSimpleApplication@333d3312
reloadAllAccessors: .Case

===========================================================================================
----------------- testing Tue Jul 16 14:42:46 UTC 2019 /home/travis/build/icyphy/ptII/ptolemy/actor/lib/hoc/test/auto/Case1.xml
----------------- Instantiating /home/travis/build/icyphy/ptII/ptolemy/actor/lib/hoc/test/auto/Case1.xml
16 ms. Memory: 120832K Free: 74913K (62%)
----------------- Invoking toplevel() on ptolemy.moml.MoMLSimpleApplication@7e7cf9ef
----------------- Done invoking toplevel() on ptolemy.moml.MoMLSimpleApplication@7e7cf9ef
reloadAllAccessors: .Case1

===========================================================================================
----------------- testing Tue Jul 16 14:42:46 UTC 2019 /home/travis/build/icyphy/ptII/ptolemy/actor/lib/hoc/test/auto/Case2.xml
----------------- Instantiating /home/travis/build/icyphy/ptII/ptolemy/actor/lib/hoc/test/auto/Case2.xml
42 ms. Memory: 146432K Free: 125254K (86%)
----------------- Invoking toplevel() on ptolemy.moml.MoMLSimpleApplication@76d5741c
----------------- Done invoking toplevel() on ptolemy.moml.MoMLSimpleApplication@76d5741c
reloadAllAccessors: .Case2

===========================================================================================
----------------- testing Tue Jul 16 14:42:46 UTC 2019 /home/travis/build/icyphy/ptII/ptolemy/actor/lib/hoc/test/auto/Case3.xml
----------------- Instantiating /home/travis/build/icyphy/ptII/ptolemy/actor/lib/hoc/test/auto/Case3.xml
21 ms. Memory: 146432K Free: 119110K (81%)
----------------- Invoking toplevel() on ptolemy.moml.MoMLSimpleApplication@45977a1c
----------------- Done invoking toplevel() on ptolemy.moml.MoMLSimpleApplication@45977a1c
reloadAllAccessors: .Case3

===========================================================================================
----------------- testing Tue Jul 16 14:42:46 UTC 2019 /home/travis/build/icyphy/ptII/ptolemy/actor/lib/hoc/test/auto/Case4.xml
----------------- Instantiating /home/travis/build/icyphy/ptII/ptolemy/actor/lib/hoc/test/auto/Case4.xml
23 ms. Memory: 146432K Free: 111231K (76%)
----------------- Invoking toplevel() on ptolemy.moml.MoMLSimpleApplication@34958a07
----------------- Done invoking toplevel() on ptolemy.moml.MoMLSimpleApplication@34958a07
reloadAllAccessors: .Case4

===========================================================================================
----------------- testing Tue Jul 16 14:42:46 UTC 2019 /home/travis/build/icyphy/ptII/ptolemy/actor/lib/hoc/test/auto/Case5.xml
----------------- Instantiating /home/travis/build/icyphy/ptII/ptolemy/actor/lib/hoc/test/auto/Case5.xml
43 ms. Memory: 146432K Free: 105101K (72%)
----------------- Invoking toplevel() on ptolemy.moml.MoMLSimpleApplication@29e3218f
----------------- Done invoking toplevel() on ptolemy.moml.MoMLSimpleApplication@29e3218f
reloadAllAccessors: .junk

===========================================================================================
----------------- testing Tue Jul 16 14:42:47 UTC 2019 /home/travis/build/icyphy/ptII/ptolemy/actor/lib/hoc/test/auto/Case6.xml
----------------- Instantiating /home/travis/build/icyphy/ptII/ptolemy/actor/lib/hoc/test/auto/Case6.xml
50 ms. Memory: 146432K Free: 93510K (64%)
----------------- Invoking toplevel() on ptolemy.moml.MoMLSimpleApplication@5ae3d0c6
----------------- Done invoking toplevel() on ptolemy.moml.MoMLSimpleApplication@5ae3d0c6
reloadAllAccessors: .Case6

===========================================================================================
----------------- testing Tue Jul 16 14:42:47 UTC 2019 /home/travis/build/icyphy/ptII/ptolemy/actor/lib/hoc/test/auto/CaseString2.xml
----------------- Instantiating /home/travis/build/icyphy/ptII/ptolemy/actor/lib/hoc/test/auto/CaseString2.xml
12 ms. Memory: 146432K Free: 85615K (58%)
----------------- Invoking toplevel() on ptolemy.moml.MoMLSimpleApplication@72841c05
----------------- Done invoking toplevel() on ptolemy.moml.MoMLSimpleApplication@72841c05
reloadAllAccessors: .CaseString2

===========================================================================================
----------------- testing Tue Jul 16 14:42:47 UTC 2019 /home/travis/build/icyphy/ptII/ptolemy/actor/lib/hoc/test/auto/CatchUpComposite1.xml
----------------- Instantiating /home/travis/build/icyphy/ptII/ptolemy/actor/lib/hoc/test/auto/CatchUpComposite1.xml
33 ms. Memory: 146432K Free: 125491K (86%)
----------------- Invoking toplevel() on ptolemy.moml.MoMLSimpleApplication@5f3276d3
----------------- Done invoking toplevel() on ptolemy.moml.MoMLSimpleApplication@5f3276d3
reloadAllAccessors: .CatchUpComposite1

===========================================================================================
----------------- testing Tue Jul 16 14:42:47 UTC 2019 /home/travis/build/icyphy/ptII/ptolemy/actor/lib/hoc/test/auto/CatchUpComposite2.xml
----------------- Instantiating /home/travis/build/icyphy/ptII/ptolemy/actor/lib/hoc/test/auto/CatchUpComposite2.xml
16 ms. Memory: 146432K Free: 117299K (80%)
----------------- Invoking toplevel() on ptolemy.moml.MoMLSimpleApplication@31a8a9b5
----------------- Done invoking toplevel() on ptolemy.moml.MoMLSimpleApplication@31a8a9b5
reloadAllAccessors: .CatchUpComposite2

===========================================================================================
----------------- testing Tue Jul 16 14:42:47 UTC 2019 /home/travis/build/icyphy/ptII/ptolemy/actor/lib/hoc/test/auto/CatchUpComposite3.xml
----------------- Instantiating /home/travis/build/icyphy/ptII/ptolemy/actor/lib/hoc/test/auto/CatchUpComposite3.xml
21 ms. Memory: 146432K Free: 108515K (74%)
----------------- Invoking toplevel() on ptolemy.moml.MoMLSimpleApplication@19c1cbb8
----------------- Done invoking toplevel() on ptolemy.moml.MoMLSimpleApplication@19c1cbb8
reloadAllAccessors: .CatchUpComposite3

===========================================================================================
----------------- testing Tue Jul 16 14:42:47 UTC 2019 /home/travis/build/icyphy/ptII/ptolemy/actor/lib/hoc/test/auto/CatchUpComposite4.xml
----------------- Instantiating /home/travis/build/icyphy/ptII/ptolemy/actor/lib/hoc/test/auto/CatchUpComposite4.xml
10 ms. Memory: 146432K Free: 100447K (69%)
----------------- Invoking toplevel() on ptolemy.moml.MoMLSimpleApplication@496c0966
----------------- Done invoking toplevel() on ptolemy.moml.MoMLSimpleApplication@496c0966
reloadAllAccessors: .CatchUpComposite4

===========================================================================================
----------------- testing Tue Jul 16 14:42:47 UTC 2019 /home/travis/build/icyphy/ptII/ptolemy/actor/lib/hoc/test/auto/CatchUpComposite5.xml
----------------- Instantiating /home/travis/build/icyphy/ptII/ptolemy/actor/lib/hoc/test/auto/CatchUpComposite5.xml
17 ms. Memory: 146432K Free: 92723K (63%)
----------------- Invoking toplevel() on ptolemy.moml.MoMLSimpleApplication@3be6ae1
----------------- Done invoking toplevel() on ptolemy.moml.MoMLSimpleApplication@3be6ae1
reloadAllAccessors: .CatchUpComposite5

===========================================================================================
----------------- testing Tue Jul 16 14:42:47 UTC 2019 /home/travis/build/icyphy/ptII/ptolemy/actor/lib/hoc/test/auto/CatchUpComposite6.xml
----------------- Instantiating /home/travis/build/icyphy/ptII/ptolemy/actor/lib/hoc/test/auto/CatchUpComposite6.xml
WARNING: The execution aspects in this model can influence the timing of actors by delaying the 
execution, potentially changing the behavior. There is no guarantee that actors fire at the 
time they request to be fired. 
Use Ptides for deterministic DE behavior that is not influenced by execution aspects. 

97 ms. Memory: 146432K Free: 77957K (53%)
----------------- Invoking toplevel() on ptolemy.moml.MoMLSimpleApplication@3eb53c8a
----------------- Done invoking toplevel() on ptolemy.moml.MoMLSimpleApplication@3eb53c8a
reloadAllAccessors: .CatchUpComposite6

===========================================================================================
----------------- testing Tue Jul 16 14:42:47 UTC 2019 /home/travis/build/icyphy/ptII/ptolemy/actor/lib/hoc/test/auto/CatchUpComposite7.xml
----------------- Instantiating /home/travis/build/icyphy/ptII/ptolemy/actor/lib/hoc/test/auto/CatchUpComposite7.xml
WARNING: The execution aspects in this model can influence the timing of actors by delaying the 
execution, potentially changing the behavior. There is no guarantee that actors fire at the 
time they request to be fired. 
Use Ptides for deterministic DE behavior that is not influenced by execution aspects. 

42 ms. Memory: 146432K Free: 127135K (87%)
----------------- Invoking toplevel() on ptolemy.moml.MoMLSimpleApplication@4281c999
----------------- Done invoking toplevel() on ptolemy.moml.MoMLSimpleApplication@4281c999
reloadAllAccessors: .CatchUpComposite7

===========================================================================================
----------------- testing Tue Jul 16 14:42:47 UTC 2019 /home/travis/build/icyphy/ptII/ptolemy/actor/lib/hoc/test/auto/ConcurrentExecutionTimeSDF.xml
----------------- Instantiating /home/travis/build/icyphy/ptII/ptolemy/actor/lib/hoc/test/auto/ConcurrentExecutionTimeSDF.xml
Fired ExecutionTime: 40400000
Fired ExecutionTime: 40400000
Fired ExecutionTime: 40400000
Fired ExecutionTime: 40400000
Fired ExecutionTime: 40400000
Fired ExecutionTime: 40400000
Fired ExecutionTime: 40400000
Fired ExecutionTime: 40400000
Fired ExecutionTime: 40400000
Fired ExecutionTime: 40400000
Fired ExecutionTime: 40400000
Fired ExecutionTime: 40400000
Fired ExecutionTime: 40400000
Fired ExecutionTime: 40400000
Fired ExecutionTime: 40400000
Fired ExecutionTime: 40400000
Fired ExecutionTime: 40400000
Fired ExecutionTime: 40400000
Fired ExecutionTime: 40400000
Fired ExecutionTime: 40400000
1559 ms. Memory: 146432K Free: 119967K (82%)
----------------- Invoking toplevel() on ptolemy.moml.MoMLSimpleApplication@51adb54d
----------------- Done invoking toplevel() on ptolemy.moml.MoMLSimpleApplication@51adb54d
reloadAllAccessors: .ConcurrentExecutionTimeSDF

===========================================================================================
----------------- testing Tue Jul 16 14:42:49 UTC 2019 /home/travis/build/icyphy/ptII/ptolemy/actor/lib/hoc/test/auto/ConcurrentSleep.xml
----------------- Instantiating /home/travis/build/icyphy/ptII/ptolemy/actor/lib/hoc/test/auto/ConcurrentSleep.xml
726 ms. Memory: 146432K Free: 108703K (74%)
----------------- Invoking toplevel() on ptolemy.moml.MoMLSimpleApplication@66be4df6
----------------- Done invoking toplevel() on ptolemy.moml.MoMLSimpleApplication@66be4df6
reloadAllAccessors: .ConcurrentSleep

===========================================================================================
----------------- testing Tue Jul 16 14:42:50 UTC 2019 /home/travis/build/icyphy/ptII/ptolemy/actor/lib/hoc/test/auto/DEInPNInRunCompositeActor.xml
----------------- Instantiating /home/travis/build/icyphy/ptII/ptolemy/actor/lib/hoc/test/auto/DEInPNInRunCompositeActor.xml
16 ms. Memory: 146432K Free: 102559K (70%)
----------------- Invoking toplevel() on ptolemy.moml.MoMLSimpleApplication@59dd30df
----------------- Done invoking toplevel() on ptolemy.moml.MoMLSimpleApplication@59dd30df
reloadAllAccessors: .DEInPNInRunCompositeActor

===========================================================================================
----------------- testing Tue Jul 16 14:42:50 UTC 2019 /home/travis/build/icyphy/ptII/ptolemy/actor/lib/hoc/test/auto/DFTSubSetTest.xml
----------------- Instantiating /home/travis/build/icyphy/ptII/ptolemy/actor/lib/hoc/test/auto/DFTSubSetTest.xml
186 ms. Memory: 146432K Free: 59551K (41%)
----------------- Invoking toplevel() on ptolemy.moml.MoMLSimpleApplication@1a70a674
----------------- Done invoking toplevel() on ptolemy.moml.MoMLSimpleApplication@1a70a674
reloadAllAccessors: .DFTSubSetTest

===========================================================================================
----------------- testing Tue Jul 16 14:42:50 UTC 2019 /home/travis/build/icyphy/ptII/ptolemy/actor/lib/hoc/test/auto/HocDE.xml
----------------- Instantiating /home/travis/build/icyphy/ptII/ptolemy/actor/lib/hoc/test/auto/HocDE.xml
144 ms. Memory: 146432K Free: 119796K (82%)
----------------- Invoking toplevel() on ptolemy.moml.MoMLSimpleApplication@236d9e11
----------------- Done invoking toplevel() on ptolemy.moml.MoMLSimpleApplication@236d9e11
reloadAllAccessors: .HocDE

===========================================================================================
----------------- testing Tue Jul 16 14:42:50 UTC 2019 /home/travis/build/icyphy/ptII/ptolemy/actor/lib/hoc/test/auto/IterateOverArray.xml
----------------- Instantiating /home/travis/build/icyphy/ptII/ptolemy/actor/lib/hoc/test/auto/IterateOverArray.xml
6 ms. Memory: 146432K Free: 114778K (78%)
----------------- Invoking toplevel() on ptolemy.moml.MoMLSimpleApplication@515dd573
----------------- Done invoking toplevel() on ptolemy.moml.MoMLSimpleApplication@515dd573
reloadAllAccessors: .IterateOverArray

===========================================================================================
----------------- testing Tue Jul 16 14:42:50 UTC 2019 /home/travis/build/icyphy/ptII/ptolemy/actor/lib/hoc/test/auto/IterateOverArray10.xml
----------------- Instantiating /home/travis/build/icyphy/ptII/ptolemy/actor/lib/hoc/test/auto/IterateOverArray10.xml
5 ms. Memory: 146432K Free: 111706K (76%)
----------------- Invoking toplevel() on ptolemy.moml.MoMLSimpleApplication@28e61c14
----------------- Done invoking toplevel() on ptolemy.moml.MoMLSimpleApplication@28e61c14
reloadAllAccessors: .IterateOverArray10

===========================================================================================
----------------- testing Tue Jul 16 14:42:50 UTC 2019 /home/travis/build/icyphy/ptII/ptolemy/actor/lib/hoc/test/auto/IterateOverArray11.xml
----------------- Instantiating /home/travis/build/icyphy/ptII/ptolemy/actor/lib/hoc/test/auto/IterateOverArray11.xml
7 ms. Memory: 146432K Free: 107610K (73%)
----------------- Invoking toplevel() on ptolemy.moml.MoMLSimpleApplication@10c3cb31
----------------- Done invoking toplevel() on ptolemy.moml.MoMLSimpleApplication@10c3cb31
reloadAllAccessors: .IterateOverArray11

===========================================================================================
----------------- testing Tue Jul 16 14:42:50 UTC 2019 /home/travis/build/icyphy/ptII/ptolemy/actor/lib/hoc/test/auto/IterateOverArray12.xml
----------------- Instantiating /home/travis/build/icyphy/ptII/ptolemy/actor/lib/hoc/test/auto/IterateOverArray12.xml
16 ms. Memory: 146432K Free: 101466K (69%)
----------------- Invoking toplevel() on ptolemy.moml.MoMLSimpleApplication@e238f4a
----------------- Done invoking toplevel() on ptolemy.moml.MoMLSimpleApplication@e238f4a
reloadAllAccessors: .IterateOverArray12

===========================================================================================
----------------- testing Tue Jul 16 14:42:50 UTC 2019 /home/travis/build/icyphy/ptII/ptolemy/actor/lib/hoc/test/auto/IterateOverArray13.xml
----------------- Instantiating /home/travis/build/icyphy/ptII/ptolemy/actor/lib/hoc/test/auto/IterateOverArray13.xml
74 ms. Memory: 146432K Free: 72794K (50%)
----------------- Invoking toplevel() on ptolemy.moml.MoMLSimpleApplication@4e243c9a
----------------- Done invoking toplevel() on ptolemy.moml.MoMLSimpleApplication@4e243c9a
reloadAllAccessors: .IterateOverArray13

===========================================================================================
----------------- testing Tue Jul 16 14:42:51 UTC 2019 /home/travis/build/icyphy/ptII/ptolemy/actor/lib/hoc/test/auto/IterateOverArray14.xml
----------------- Instantiating /home/travis/build/icyphy/ptII/ptolemy/actor/lib/hoc/test/auto/IterateOverArray14.xml
83 ms. Memory: 146432K Free: 124499K (85%)
----------------- Invoking toplevel() on ptolemy.moml.MoMLSimpleApplication@12983c5c
----------------- Done invoking toplevel() on ptolemy.moml.MoMLSimpleApplication@12983c5c
reloadAllAccessors: .IterateOverArray14

===========================================================================================
----------------- testing Tue Jul 16 14:42:51 UTC 2019 /home/travis/build/icyphy/ptII/ptolemy/actor/lib/hoc/test/auto/IterateOverArray2.xml
----------------- Instantiating /home/travis/build/icyphy/ptII/ptolemy/actor/lib/hoc/test/auto/IterateOverArray2.xml
9 ms. Memory: 146432K Free: 119779K (82%)
----------------- Invoking toplevel() on ptolemy.moml.MoMLSimpleApplication@365f4fa3
----------------- Done invoking toplevel() on ptolemy.moml.MoMLSimpleApplication@365f4fa3
reloadAllAccessors: .IterateOverArray2

===========================================================================================
----------------- testing Tue Jul 16 14:42:51 UTC 2019 /home/travis/build/icyphy/ptII/ptolemy/actor/lib/hoc/test/auto/IterateOverArray3.xml
----------------- Instantiating /home/travis/build/icyphy/ptII/ptolemy/actor/lib/hoc/test/auto/IterateOverArray3.xml
6 ms. Memory: 146432K Free: 113605K (78%)
----------------- Invoking toplevel() on ptolemy.moml.MoMLSimpleApplication@44c9bfd7
----------------- Done invoking toplevel() on ptolemy.moml.MoMLSimpleApplication@44c9bfd7
reloadAllAccessors: .IterateOverArray3

===========================================================================================
----------------- testing Tue Jul 16 14:42:51 UTC 2019 /home/travis/build/icyphy/ptII/ptolemy/actor/lib/hoc/test/auto/IterateOverArray4.xml
----------------- Instantiating /home/travis/build/icyphy/ptII/ptolemy/actor/lib/hoc/test/auto/IterateOverArray4.xml
9 ms. Memory: 146432K Free: 109539K (75%)
----------------- Invoking toplevel() on ptolemy.moml.MoMLSimpleApplication@68f0ea47
----------------- Done invoking toplevel() on ptolemy.moml.MoMLSimpleApplication@68f0ea47
reloadAllAccessors: .IterateOverArray4

===========================================================================================
----------------- testing Tue Jul 16 14:42:51 UTC 2019 /home/travis/build/icyphy/ptII/ptolemy/actor/lib/hoc/test/auto/IterateOverArray5.xml
----------------- Instantiating /home/travis/build/icyphy/ptII/ptolemy/actor/lib/hoc/test/auto/IterateOverArray5.xml
3 ms. Memory: 146432K Free: 105443K (72%)
----------------- Invoking toplevel() on ptolemy.moml.MoMLSimpleApplication@1156e10
----------------- Done invoking toplevel() on ptolemy.moml.MoMLSimpleApplication@1156e10
reloadAllAccessors: .IterateOverArray5

===========================================================================================
----------------- testing Tue Jul 16 14:42:51 UTC 2019 /home/travis/build/icyphy/ptII/ptolemy/actor/lib/hoc/test/auto/IterateOverArray6.xml
----------------- Instantiating /home/travis/build/icyphy/ptII/ptolemy/actor/lib/hoc/test/auto/IterateOverArray6.xml
9 ms. Memory: 146432K Free: 101913K (70%)
----------------- Invoking toplevel() on ptolemy.moml.MoMLSimpleApplication@5bf6d6cb
----------------- Done invoking toplevel() on ptolemy.moml.MoMLSimpleApplication@5bf6d6cb
reloadAllAccessors: .IterateOverArray6

===========================================================================================
----------------- testing Tue Jul 16 14:42:51 UTC 2019 /home/travis/build/icyphy/ptII/ptolemy/actor/lib/hoc/test/auto/IterateOverArray7.xml
----------------- Instantiating /home/travis/build/icyphy/ptII/ptolemy/actor/lib/hoc/test/auto/IterateOverArray7.xml
4 ms. Memory: 146432K Free: 97673K (67%)
----------------- Invoking toplevel() on ptolemy.moml.MoMLSimpleApplication@7604300b
----------------- Done invoking toplevel() on ptolemy.moml.MoMLSimpleApplication@7604300b
reloadAllAccessors: .IterateOverArray7

===========================================================================================
----------------- testing Tue Jul 16 14:42:51 UTC 2019 /home/travis/build/icyphy/ptII/ptolemy/actor/lib/hoc/test/auto/IterateOverArray8.xml
----------------- Instantiating /home/travis/build/icyphy/ptII/ptolemy/actor/lib/hoc/test/auto/IterateOverArray8.xml
3 ms. Memory: 146432K Free: 93729K (64%)
----------------- Invoking toplevel() on ptolemy.moml.MoMLSimpleApplication@39f5b5e5
----------------- Done invoking toplevel() on ptolemy.moml.MoMLSimpleApplication@39f5b5e5
reloadAllAccessors: .IterateOverArray8

===========================================================================================
----------------- testing Tue Jul 16 14:42:51 UTC 2019 /home/travis/build/icyphy/ptII/ptolemy/actor/lib/hoc/test/auto/IterateOverArray9.xml
----------------- Instantiating /home/travis/build/icyphy/ptII/ptolemy/actor/lib/hoc/test/auto/IterateOverArray9.xml
6 ms. Memory: 146432K Free: 89663K (61%)
----------------- Invoking toplevel() on ptolemy.moml.MoMLSimpleApplication@70ae55
----------------- Done invoking toplevel() on ptolemy.moml.MoMLSimpleApplication@70ae55
reloadAllAccessors: .IterateOverArray9

===========================================================================================
----------------- testing Tue Jul 16 14:42:51 UTC 2019 /home/travis/build/icyphy/ptII/ptolemy/actor/lib/hoc/test/auto/IterateOverArrayCoercedOutputType.xml
----------------- Instantiating /home/travis/build/icyphy/ptII/ptolemy/actor/lib/hoc/test/auto/IterateOverArrayCoercedOutputType.xml
6 ms. Memory: 146432K Free: 84505K (58%)
----------------- Invoking toplevel() on ptolemy.moml.MoMLSimpleApplication@5d5de28e
----------------- Done invoking toplevel() on ptolemy.moml.MoMLSimpleApplication@5d5de28e
reloadAllAccessors: .IterateOverArrayCoercedOutputType

===========================================================================================
----------------- testing Tue Jul 16 14:42:51 UTC 2019 /home/travis/build/icyphy/ptII/ptolemy/actor/lib/hoc/test/auto/IterateOverArrayInferredOutputType.xml
----------------- Instantiating /home/travis/build/icyphy/ptII/ptolemy/actor/lib/hoc/test/auto/IterateOverArrayInferredOutputType.xml
8 ms. Memory: 146432K Free: 79843K (55%)
----------------- Invoking toplevel() on ptolemy.moml.MoMLSimpleApplication@55a82828
----------------- Done invoking toplevel() on ptolemy.moml.MoMLSimpleApplication@55a82828
reloadAllAccessors: .IterateOverArrayInferredOutputType

===========================================================================================
----------------- testing Tue Jul 16 14:42:51 UTC 2019 /home/travis/build/icyphy/ptII/ptolemy/actor/lib/hoc/test/auto/MobileFunctionTest.xml
----------------- Instantiating /home/travis/build/icyphy/ptII/ptolemy/actor/lib/hoc/test/auto/MobileFunctionTest.xml
6 ms. Memory: 146432K Free: 75747K (52%)
----------------- Invoking toplevel() on ptolemy.moml.MoMLSimpleApplication@3c868b7f
----------------- Done invoking toplevel() on ptolemy.moml.MoMLSimpleApplication@3c868b7f
reloadAllAccessors: .MobileFunctionTest

===========================================================================================
----------------- testing Tue Jul 16 14:42:51 UTC 2019 /home/travis/build/icyphy/ptII/ptolemy/actor/lib/hoc/test/auto/MobileModelTest.xml
----------------- Instantiating /home/travis/build/icyphy/ptII/ptolemy/actor/lib/hoc/test/auto/MobileModelTest.xml
162 ms. Memory: 146432K Free: 54847K (37%)
----------------- Invoking toplevel() on ptolemy.moml.MoMLSimpleApplication@43bd4cb9
----------------- Done invoking toplevel() on ptolemy.moml.MoMLSimpleApplication@43bd4cb9
reloadAllAccessors: .MobileModelTest

===========================================================================================
----------------- testing Tue Jul 16 14:42:51 UTC 2019 /home/travis/build/icyphy/ptII/ptolemy/actor/lib/hoc/test/auto/ModelReference.xml
----------------- Instantiating /home/travis/build/icyphy/ptII/ptolemy/actor/lib/hoc/test/auto/ModelReference.xml
2 ms. Memory: 146432K Free: 48657K (33%)
5 ms. Memory: 146432K Free: 48061K (33%)
11 ms. Memory: 146432K Free: 132237K (90%)
1 ms. Memory: 146432K Free: 131197K (90%)
1 ms. Memory: 146432K Free: 130448K (89%)
2 ms. Memory: 146432K Free: 129678K (89%)
1 ms. Memory: 146432K Free: 128898K (88%)
2 ms. Memory: 146432K Free: 128141K (88%)
2 ms. Memory: 146432K Free: 127117K (87%)
3 ms. Memory: 146432K Free: 126352K (86%)
39 ms. Memory: 146432K Free: 126352K (86%)
----------------- Invoking toplevel() on ptolemy.moml.MoMLSimpleApplication@53556358
----------------- Done invoking toplevel() on ptolemy.moml.MoMLSimpleApplication@53556358
reloadAllAccessors: .ModelReference

===========================================================================================
----------------- testing Tue Jul 16 14:42:51 UTC 2019 /home/travis/build/icyphy/ptII/ptolemy/actor/lib/hoc/test/auto/ModelReference3.xml
----------------- Instantiating /home/travis/build/icyphy/ptII/ptolemy/actor/lib/hoc/test/auto/ModelReference3.xml
1 ms. Memory: 146432K Free: 121358K (83%)
4 ms. Memory: 146432K Free: 120766K (82%)
1 ms. Memory: 146432K Free: 119781K (82%)
3 ms. Memory: 146432K Free: 119184K (81%)
3 ms. Memory: 146432K Free: 118286K (81%)
2 ms. Memory: 146432K Free: 117278K (80%)
3 ms. Memory: 146432K Free: 116695K (80%)
4 ms. Memory: 146432K Free: 115685K (79%)
2 ms. Memory: 146432K Free: 115088K (79%)
2 ms. Memory: 146432K Free: 114198K (78%)
32 ms. Memory: 146432K Free: 114198K (78%)
----------------- Invoking toplevel() on ptolemy.moml.MoMLSimpleApplication@5b5d72a5
----------------- Done invoking toplevel() on ptolemy.moml.MoMLSimpleApplication@5b5d72a5
reloadAllAccessors: .ModelReference3

===========================================================================================
----------------- testing Tue Jul 16 14:42:52 UTC 2019 /home/travis/build/icyphy/ptII/ptolemy/actor/lib/hoc/test/auto/ModelReference4.xml
----------------- Instantiating /home/travis/build/icyphy/ptII/ptolemy/actor/lib/hoc/test/auto/ModelReference4.xml
1 ms. Memory: 146432K Free: 109541K (75%)
2 ms. Memory: 146432K Free: 108503K (74%)
2 ms. Memory: 146432K Free: 107493K (73%)
2 ms. Memory: 146432K Free: 106431K (73%)
4 ms. Memory: 146432K Free: 105415K (72%)
2 ms. Memory: 146432K Free: 103934K (71%)
2 ms. Memory: 146432K Free: 102910K (70%)
2 ms. Memory: 146432K Free: 101948K (70%)
2 ms. Memory: 146432K Free: 100894K (69%)
2 ms. Memory: 146432K Free: 99301K (68%)
10022 ms. Memory: 146432K Free: 99301K (68%)
----------------- Invoking toplevel() on ptolemy.moml.MoMLSimpleApplication@6d6d7a6a
----------------- Done invoking toplevel() on ptolemy.moml.MoMLSimpleApplication@6d6d7a6a
reloadAllAccessors: .ModelReference4

===========================================================================================
----------------- testing Tue Jul 16 14:43:02 UTC 2019 /home/travis/build/icyphy/ptII/ptolemy/actor/lib/hoc/test/auto/MultiInstanceComposite.xml
----------------- Instantiating /home/travis/build/icyphy/ptII/ptolemy/actor/lib/hoc/test/auto/MultiInstanceComposite.xml
26 ms. Memory: 146432K Free: 80422K (55%)
----------------- Invoking toplevel() on ptolemy.moml.MoMLSimpleApplication@5326286
----------------- Done invoking toplevel() on ptolemy.moml.MoMLSimpleApplication@5326286
reloadAllAccessors: .MultiInstanceComposite

===========================================================================================
----------------- testing Tue Jul 16 14:43:02 UTC 2019 /home/travis/build/icyphy/ptII/ptolemy/actor/lib/hoc/test/auto/MultiInstanceComposite2.xml
----------------- Instantiating /home/travis/build/icyphy/ptII/ptolemy/actor/lib/hoc/test/auto/MultiInstanceComposite2.xml
15 ms. Memory: 146432K Free: 69166K (47%)
----------------- Invoking toplevel() on ptolemy.moml.MoMLSimpleApplication@2839ceb5
----------------- Done invoking toplevel() on ptolemy.moml.MoMLSimpleApplication@2839ceb5
reloadAllAccessors: .MultiInstanceComposite2

===========================================================================================
----------------- testing Tue Jul 16 14:43:02 UTC 2019 /home/travis/build/icyphy/ptII/ptolemy/actor/lib/hoc/test/auto/MulticoreExecution.xml
----------------- Instantiating /home/travis/build/icyphy/ptII/ptolemy/actor/lib/hoc/test/auto/MulticoreExecution.xml
Fired ExecutionTime: 2000000
Fired ExecutionTime: 4000000
Fired ExecutionTime: 20400000
Fired ExecutionTime: 24400000
Fired ExecutionTime: 66800000
Fired ExecutionTime: 67200000
Fired ExecutionTime: 61600000
Fired ExecutionTime: 67600000
Fired ExecutionTime: 66400000
Fired ExecutionTime: 66800000
Fired ExecutionTime: 67200000
Fired ExecutionTime: 68400000
Fired ExecutionTime: 82800000
Fired ExecutionTime: 80400000
Fired ExecutionTime: 115200000
Fired ExecutionTime: 114000000
Fired ExecutionTime: 64800000
Fired ExecutionTime: 70000000
Fired ExecutionTime: 78000000
Fired ExecutionTime: 78000000
1056 ms. Memory: 146432K Free: 60816K (42%)
----------------- Invoking toplevel() on ptolemy.moml.MoMLSimpleApplication@24b1e4e2
----------------- Done invoking toplevel() on ptolemy.moml.MoMLSimpleApplication@24b1e4e2
reloadAllAccessors: .MulticoreExecution

===========================================================================================
----------------- testing Tue Jul 16 14:43:03 UTC 2019 /home/travis/build/icyphy/ptII/ptolemy/actor/lib/hoc/test/auto/ParallelExecution.xml
----------------- Instantiating /home/travis/build/icyphy/ptII/ptolemy/actor/lib/hoc/test/auto/ParallelExecution.xml
917 ms. Memory: 146432K Free: 53648K (37%)
----------------- Invoking toplevel() on ptolemy.moml.MoMLSimpleApplication@41664339
----------------- Done invoking toplevel() on ptolemy.moml.MoMLSimpleApplication@41664339
reloadAllAccessors: .ParallelExecution

===========================================================================================
----------------- testing Tue Jul 16 14:43:04 UTC 2019 /home/travis/build/icyphy/ptII/ptolemy/actor/lib/hoc/test/auto/RunCompositeActor.xml
----------------- Instantiating /home/travis/build/icyphy/ptII/ptolemy/actor/lib/hoc/test/auto/RunCompositeActor.xml
17 ms. Memory: 146432K Free: 131542K (90%)
----------------- Invoking toplevel() on ptolemy.moml.MoMLSimpleApplication@439cf1f0
----------------- Done invoking toplevel() on ptolemy.moml.MoMLSimpleApplication@439cf1f0
reloadAllAccessors: .RunCompositeActor

===========================================================================================
----------------- testing Tue Jul 16 14:43:04 UTC 2019 /home/travis/build/icyphy/ptII/ptolemy/actor/lib/hoc/test/auto/RunCompositeActor2.xml
----------------- Instantiating /home/travis/build/icyphy/ptII/ptolemy/actor/lib/hoc/test/auto/RunCompositeActor2.xml
10 ms. Memory: 146432K Free: 125284K (86%)
----------------- Invoking toplevel() on ptolemy.moml.MoMLSimpleApplication@26f84953
----------------- Done invoking toplevel() on ptolemy.moml.MoMLSimpleApplication@26f84953
reloadAllAccessors: .RunCompositeActor2

===========================================================================================
----------------- testing Tue Jul 16 14:43:04 UTC 2019 /home/travis/build/icyphy/ptII/ptolemy/actor/lib/hoc/test/auto/RunCompositeActor3.xml
----------------- Instantiating /home/travis/build/icyphy/ptII/ptolemy/actor/lib/hoc/test/auto/RunCompositeActor3.xml
3 ms. Memory: 146432K Free: 120022K (82%)
----------------- Invoking toplevel() on ptolemy.moml.MoMLSimpleApplication@60620cd2
----------------- Done invoking toplevel() on ptolemy.moml.MoMLSimpleApplication@60620cd2
reloadAllAccessors: .RunCompositeActor3

===========================================================================================
----------------- testing Tue Jul 16 14:43:04 UTC 2019 /home/travis/build/icyphy/ptII/ptolemy/actor/lib/hoc/test/auto/RunCompositeActor4.xml
----------------- Instantiating /home/travis/build/icyphy/ptII/ptolemy/actor/lib/hoc/test/auto/RunCompositeActor4.xml
14 ms. Memory: 146432K Free: 111972K (76%)
----------------- Invoking toplevel() on ptolemy.moml.MoMLSimpleApplication@65f97f80
----------------- Done invoking toplevel() on ptolemy.moml.MoMLSimpleApplication@65f97f80
reloadAllAccessors: .RunCompositeActor4

===========================================================================================
----------------- testing Tue Jul 16 14:43:04 UTC 2019 /home/travis/build/icyphy/ptII/ptolemy/actor/lib/hoc/test/auto/RunCompositeIterateOverArray.xml
----------------- Instantiating /home/travis/build/icyphy/ptII/ptolemy/actor/lib/hoc/test/auto/RunCompositeIterateOverArray.xml
3 ms. Memory: 146432K Free: 106283K (73%)
----------------- Invoking toplevel() on ptolemy.moml.MoMLSimpleApplication@f630e0d
----------------- Done invoking toplevel() on ptolemy.moml.MoMLSimpleApplication@f630e0d
reloadAllAccessors: .RunCompositeIterateOverArray

===========================================================================================
----------------- testing Tue Jul 16 14:43:04 UTC 2019 /home/travis/build/icyphy/ptII/ptolemy/actor/lib/hoc/test/auto/ThreadedJS.xml
----------------- Instantiating /home/travis/build/icyphy/ptII/ptolemy/actor/lib/hoc/test/auto/ThreadedJS.xml
5885 ms. Memory: 254976K Free: 147317K (58%)
----------------- Invoking toplevel() on ptolemy.moml.MoMLSimpleApplication@4bc0b093
----------------- Done invoking toplevel() on ptolemy.moml.MoMLSimpleApplication@4bc0b093
reloadAllAccessors: .ThreadedJS
AutoTests.java: About to close Vertx.
AutoTests.java: Vertx closed.
]]></system-out>
  <system-err><![CDATA[java.lang.RuntimeException: Execution failed
	at ptolemy.moml.MoMLSimpleApplication$UnloadThread.run(MoMLSimpleApplication.java:402)
Caused by: ptolemy.kernel.util.IllegalActionException: initialize() was called after wrapup() was called but preinitialize() was not called after wrapup().
	at ptolemy.actor.lib.hoc.test.PreinitializeMustBeInvoked.initialize(PreinitializeMustBeInvoked.java:78)
	at ptolemy.actor.Director.initialize(Director.java:938)
	at ptolemy.actor.Director.initialize(Director.java:907)
	at ptolemy.actor.sched.StaticSchedulingDirector.initialize(StaticSchedulingDirector.java:159)
	at ptolemy.domains.sdf.kernel.SDFDirector.initialize(SDFDirector.java:544)
	at ptolemy.actor.CompositeActor.initialize(CompositeActor.java:935)
	at ptolemy.actor.lib.hoc.LifeCycleManager._executeInsideModel(LifeCycleManager.java:339)
	at ptolemy.actor.lib.hoc.RunCompositeActor.fire(RunCompositeActor.java:205)
	at ptolemy.actor.CompositeActor.iterate(CompositeActor.java:1146)
	at ptolemy.actor.sched.StaticSchedulingDirector.fire(StaticSchedulingDirector.java:216)
	at ptolemy.domains.sdf.kernel.SDFDirector.fire(SDFDirector.java:500)
	at ptolemy.actor.CompositeActor.fire(CompositeActor.java:455)
	at ptolemy.actor.Manager.iterate(Manager.java:851)
	at ptolemy.actor.Manager.execute(Manager.java:369)
	at ptolemy.actor.Manager.run(Manager.java:1263)
	at ptolemy.actor.Manager$PtolemyRunThread.run(Manager.java:1933)
java.lang.reflect.InvocationTargetException
	at java.base/jdk.internal.reflect.NativeConstructorAccessorImpl.newInstance0(Native Method)
	at java.base/jdk.internal.reflect.NativeConstructorAccessorImpl.newInstance(NativeConstructorAccessorImpl.java:62)
	at java.base/jdk.internal.reflect.DelegatingConstructorAccessorImpl.newInstance(DelegatingConstructorAccessorImpl.java:45)
	at java.base/java.lang.reflect.Constructor.newInstance(Constructor.java:490)
	at ptolemy.util.test.junit.AutoKnownFailedTests.RunModel(AutoKnownFailedTests.java:105)
	at java.base/jdk.internal.reflect.NativeMethodAccessorImpl.invoke0(Native Method)
	at java.base/jdk.internal.reflect.NativeMethodAccessorImpl.invoke(NativeMethodAccessorImpl.java:62)
	at java.base/jdk.internal.reflect.DelegatingMethodAccessorImpl.invoke(DelegatingMethodAccessorImpl.java:43)
	at java.base/java.lang.reflect.Method.invoke(Method.java:566)
	at org.junit.runners.model.FrameworkMethod$1.runReflectiveCall(FrameworkMethod.java:44)
	at org.junit.internal.runners.model.ReflectiveCallable.run(ReflectiveCallable.java:15)
	at org.junit.runners.model.FrameworkMethod.invokeExplosively(FrameworkMethod.java:41)
	at junitparams.internal.InvokeParameterisedMethod.evaluate(InvokeParameterisedMethod.java:102)
	at org.junit.internal.runners.statements.FailOnTimeout$1.run(FailOnTimeout.java:28)
Caused by: ptolemy.kernel.util.IllegalActionException: initialize() was called after wrapup() was called but preinitialize() was not called after wrapup().
	at ptolemy.actor.lib.hoc.test.PreinitializeMustBeInvoked.initialize(PreinitializeMustBeInvoked.java:78)
	at ptolemy.actor.Director.initialize(Director.java:938)
	at ptolemy.actor.Director.initialize(Director.java:907)
	at ptolemy.actor.sched.StaticSchedulingDirector.initialize(StaticSchedulingDirector.java:159)
	at ptolemy.domains.sdf.kernel.SDFDirector.initialize(SDFDirector.java:544)
	at ptolemy.actor.CompositeActor.initialize(CompositeActor.java:935)
	at ptolemy.actor.lib.hoc.LifeCycleManager._executeInsideModel(LifeCycleManager.java:339)
	at ptolemy.actor.lib.hoc.RunCompositeActor.fire(RunCompositeActor.java:205)
	at ptolemy.actor.CompositeActor.iterate(CompositeActor.java:1146)
	at ptolemy.actor.sched.StaticSchedulingDirector.fire(StaticSchedulingDirector.java:216)
	at ptolemy.domains.sdf.kernel.SDFDirector.fire(SDFDirector.java:500)
	at ptolemy.actor.CompositeActor.fire(CompositeActor.java:455)
	at ptolemy.actor.Manager.iterate(Manager.java:851)
	at ptolemy.actor.Manager.execute(Manager.java:369)
	at ptolemy.actor.Manager.run(Manager.java:1263)
	at ptolemy.actor.Manager$PtolemyRunThread.run(Manager.java:1933)
Warning: Nashorn engine is planned to be removed from a future JDK release
Warning: Nashorn engine is planned to be removed from a future JDK release
Warning: Nashorn engine is planned to be removed from a future JDK release
Warning: Nashorn engine is planned to be removed from a future JDK release
Warning: Nashorn engine is planned to be removed from a future JDK release
Warning: Nashorn engine is planned to be removed from a future JDK release
Warning: Nashorn engine is planned to be removed from a future JDK release
Warning: Nashorn engine is planned to be removed from a future JDK release
]]></system-err>
</testsuite>
