<?xml version="1.0" encoding="UTF-8" ?>
<testsuite errors="0" failures="0" hostname="travis-job-022149d7-0189-40b3-b1e4-a20c5469a756" name="ptolemy.domains.continuous.test.junit.JUnitTclTest" skipped="0" tests="156" time="67.538" timestamp="2020-03-15T07:11:16">
  <properties>
[...]
</properties>
  <testcase classname="ptolemy.util.test.junit.TclTests" name="[0] ThereAreNoTclTests (RunTclFile)" time="0.013" />
  <testcase classname="ptolemy.util.test.junit.AutoKnownFailedTests" name="[0] ThereAreNoKnowFailedTests (RunModel)" time="0.002" />
  <testcase classname="ptolemy.util.test.junit.AutoNameArchTests" name="[0] ThereAreNoAutoArchTests (RunModel)" time="0.022" />
  <testcase classname="ptolemy.util.test.junit.AutoTests" name="[0] /home/travis/build/icyphy/ptII/ptolemy/domains/continuous/test/auto/BouncingBall.xml (RunModel)" time="2.857" />
  <testcase classname="ptolemy.util.test.junit.AutoTests" name="[1] /home/travis/build/icyphy/ptII/ptolemy/domains/continuous/test/auto/BouncingBallWithoutGR.xml (RunModel)" time="0.871" />
  <testcase classname="ptolemy.util.test.junit.AutoTests" name="[2] /home/travis/build/icyphy/ptII/ptolemy/domains/continuous/test/auto/Brownian.xml (RunModel)" time="0.069" />
  <testcase classname="ptolemy.util.test.junit.AutoTests" name="[3] /home/travis/build/icyphy/ptII/ptolemy/domains/continuous/test/auto/CarTracking.xml (RunModel)" time="3.592" />
  <testcase classname="ptolemy.util.test.junit.AutoTests" name="[4] /home/travis/build/icyphy/ptII/ptolemy/domains/continuous/test/auto/CartPendulum.xml (RunModel)" time="0.488" />
  <testcase classname="ptolemy.util.test.junit.AutoTests" name="[5] /home/travis/build/icyphy/ptII/ptolemy/domains/continuous/test/auto/CausalityInterface10.xml (RunModel)" time="0.054" />
  <testcase classname="ptolemy.util.test.junit.AutoTests" name="[6] /home/travis/build/icyphy/ptII/ptolemy/domains/continuous/test/auto/CausalityInterface11.xml (RunModel)" time="0.038" />
  <testcase classname="ptolemy.util.test.junit.AutoTests" name="[7] /home/travis/build/icyphy/ptII/ptolemy/domains/continuous/test/auto/CausalityInterface12.xml (RunModel)" time="0.046" />
  <testcase classname="ptolemy.util.test.junit.AutoTests" name="[8] /home/travis/build/icyphy/ptII/ptolemy/domains/continuous/test/auto/CausalityInterface13.xml (RunModel)" time="0.038" />
  <testcase classname="ptolemy.util.test.junit.AutoTests" name="[9] /home/travis/build/icyphy/ptII/ptolemy/domains/continuous/test/auto/CausalityInterface14.xml (RunModel)" time="0.026" />
  <testcase classname="ptolemy.util.test.junit.AutoTests" name="[10] /home/travis/build/icyphy/ptII/ptolemy/domains/continuous/test/auto/CausalityInterface4.xml (RunModel)" time="0.031" />
  <testcase classname="ptolemy.util.test.junit.AutoTests" name="[11] /home/travis/build/icyphy/ptII/ptolemy/domains/continuous/test/auto/CausalityInterface5.xml (RunModel)" time="0.031" />
  <testcase classname="ptolemy.util.test.junit.AutoTests" name="[12] /home/travis/build/icyphy/ptII/ptolemy/domains/continuous/test/auto/CausalityInterface6.xml (RunModel)" time="0.029" />
  <testcase classname="ptolemy.util.test.junit.AutoTests" name="[13] /home/travis/build/icyphy/ptII/ptolemy/domains/continuous/test/auto/CausalityInterface7.xml (RunModel)" time="0.058" />
  <testcase classname="ptolemy.util.test.junit.AutoTests" name="[14] /home/travis/build/icyphy/ptII/ptolemy/domains/continuous/test/auto/CausalityInterface8.xml (RunModel)" time="0.041" />
  <testcase classname="ptolemy.util.test.junit.AutoTests" name="[15] /home/travis/build/icyphy/ptII/ptolemy/domains/continuous/test/auto/CausalityInterface9.xml (RunModel)" time="0.063" />
  <testcase classname="ptolemy.util.test.junit.AutoTests" name="[16] /home/travis/build/icyphy/ptII/ptolemy/domains/continuous/test/auto/CausalityInterfaceFeedback1.xml (RunModel)" time="0.035" />
  <testcase classname="ptolemy.util.test.junit.AutoTests" name="[17] /home/travis/build/icyphy/ptII/ptolemy/domains/continuous/test/auto/CausalityInterfaceFeedback2.xml (RunModel)" time="0.054" />
  <testcase classname="ptolemy.util.test.junit.AutoTests" name="[18] /home/travis/build/icyphy/ptII/ptolemy/domains/continuous/test/auto/CompareWithCurrentTime.xml (RunModel)" time="0.037" />
  <testcase classname="ptolemy.util.test.junit.AutoTests" name="[19] /home/travis/build/icyphy/ptII/ptolemy/domains/continuous/test/auto/ComparedClocks.xml (RunModel)" time="0.094" />
  <testcase classname="ptolemy.util.test.junit.AutoTests" name="[20] /home/travis/build/icyphy/ptII/ptolemy/domains/continuous/test/auto/ContinuousAOCClone.xml (RunModel)" time="2.464" />
  <testcase classname="ptolemy.util.test.junit.AutoTests" name="[21] /home/travis/build/icyphy/ptII/ptolemy/domains/continuous/test/auto/ContinuousClock.xml (RunModel)" time="0.061" />
  <testcase classname="ptolemy.util.test.junit.AutoTests" name="[22] /home/travis/build/icyphy/ptII/ptolemy/domains/continuous/test/auto/ContinuousInContinuous.xml (RunModel)" time="0.064" />
  <testcase classname="ptolemy.util.test.junit.AutoTests" name="[23] /home/travis/build/icyphy/ptII/ptolemy/domains/continuous/test/auto/ContinuousInContinuousInContinuous.xml (RunModel)" time="0.018" />
  <testcase classname="ptolemy.util.test.junit.AutoTests" name="[24] /home/travis/build/icyphy/ptII/ptolemy/domains/continuous/test/auto/ContinuousInDE.xml (RunModel)" time="0.075" />
  <testcase classname="ptolemy.util.test.junit.AutoTests" name="[25] /home/travis/build/icyphy/ptII/ptolemy/domains/continuous/test/auto/ContinuousInDE2.xml (RunModel)" time="0.058" />
  <testcase classname="ptolemy.util.test.junit.AutoTests" name="[26] /home/travis/build/icyphy/ptII/ptolemy/domains/continuous/test/auto/ContinuousInDE3.xml (RunModel)" time="0.048" />
  <testcase classname="ptolemy.util.test.junit.AutoTests" name="[27] /home/travis/build/icyphy/ptII/ptolemy/domains/continuous/test/auto/ContinuousInDE4.xml (RunModel)" time="0.029" />
  <testcase classname="ptolemy.util.test.junit.AutoTests" name="[28] /home/travis/build/icyphy/ptII/ptolemy/domains/continuous/test/auto/ContinuousInDEDifferentRefinements.xml (RunModel)" time="0.098" />
  <testcase classname="ptolemy.util.test.junit.AutoTests" name="[29] /home/travis/build/icyphy/ptII/ptolemy/domains/continuous/test/auto/ContinuousInDEDifferentRefinementsPreemptive.xml (RunModel)" time="0.097" />
  <testcase classname="ptolemy.util.test.junit.AutoTests" name="[30] /home/travis/build/icyphy/ptII/ptolemy/domains/continuous/test/auto/ContinuousInDEInContinuous2.xml (RunModel)" time="0.063" />
  <testcase classname="ptolemy.util.test.junit.AutoTests" name="[31] /home/travis/build/icyphy/ptII/ptolemy/domains/continuous/test/auto/ContinuousInDEInContinuous3.xml (RunModel)" time="0.065" />
  <testcase classname="ptolemy.util.test.junit.AutoTests" name="[32] /home/travis/build/icyphy/ptII/ptolemy/domains/continuous/test/auto/ContinuousInDEInput.xml (RunModel)" time="0.03" />
  <testcase classname="ptolemy.util.test.junit.AutoTests" name="[33] /home/travis/build/icyphy/ptII/ptolemy/domains/continuous/test/auto/ContinuousInDEInput2.xml (RunModel)" time="0.036" />
  <testcase classname="ptolemy.util.test.junit.AutoTests" name="[34] /home/travis/build/icyphy/ptII/ptolemy/domains/continuous/test/auto/ContinuousInDEInput3.xml (RunModel)" time="0.026" />
  <testcase classname="ptolemy.util.test.junit.AutoTests" name="[35] /home/travis/build/icyphy/ptII/ptolemy/domains/continuous/test/auto/ContinuousInDESharingRefinement.xml (RunModel)" time="0.167" />
  <testcase classname="ptolemy.util.test.junit.AutoTests" name="[36] /home/travis/build/icyphy/ptII/ptolemy/domains/continuous/test/auto/ContinuousInDEwithNoPorts.xml (RunModel)" time="0.021" />
  <testcase classname="ptolemy.util.test.junit.AutoTests" name="[37] /home/travis/build/icyphy/ptII/ptolemy/domains/continuous/test/auto/ContinuousInsideDE.xml (RunModel)" time="0.08" />
  <testcase classname="ptolemy.util.test.junit.AutoTests" name="[38] /home/travis/build/icyphy/ptII/ptolemy/domains/continuous/test/auto/ContinuousMerge1.xml (RunModel)" time="0.015" />
  <testcase classname="ptolemy.util.test.junit.AutoTests" name="[39] /home/travis/build/icyphy/ptII/ptolemy/domains/continuous/test/auto/ContinuousMerge2.xml (RunModel)" time="0.04" />
  <testcase classname="ptolemy.util.test.junit.AutoTests" name="[40] /home/travis/build/icyphy/ptII/ptolemy/domains/continuous/test/auto/ContinuousMerge3.xml (RunModel)" time="0.061" />
  <testcase classname="ptolemy.util.test.junit.AutoTests" name="[41] /home/travis/build/icyphy/ptII/ptolemy/domains/continuous/test/auto/ContinuousWithinContinuous.xml (RunModel)" time="0.041" />
  <testcase classname="ptolemy.util.test.junit.AutoTests" name="[42] /home/travis/build/icyphy/ptII/ptolemy/domains/continuous/test/auto/ContinuousWithinContinuous2.xml (RunModel)" time="0.066" />
  <testcase classname="ptolemy.util.test.junit.AutoTests" name="[43] /home/travis/build/icyphy/ptII/ptolemy/domains/continuous/test/auto/ContinuousWithinContinuous3.xml (RunModel)" time="0.028" />
  <testcase classname="ptolemy.util.test.junit.AutoTests" name="[44] /home/travis/build/icyphy/ptII/ptolemy/domains/continuous/test/auto/ContinuousWithinContinuous4.xml (RunModel)" time="0.067" />
  <testcase classname="ptolemy.util.test.junit.AutoTests" name="[45] /home/travis/build/icyphy/ptII/ptolemy/domains/continuous/test/auto/ContinuousWithinContinuous5.xml (RunModel)" time="0.026" />
  <testcase classname="ptolemy.util.test.junit.AutoTests" name="[46] /home/travis/build/icyphy/ptII/ptolemy/domains/continuous/test/auto/ContinuousWithinContinuous6.xml (RunModel)" time="0.027" />
  <testcase classname="ptolemy.util.test.junit.AutoTests" name="[47] /home/travis/build/icyphy/ptII/ptolemy/domains/continuous/test/auto/ContinuousWithinContinuous7.xml (RunModel)" time="0.057" />
  <testcase classname="ptolemy.util.test.junit.AutoTests" name="[48] /home/travis/build/icyphy/ptII/ptolemy/domains/continuous/test/auto/DCMotor.xml (RunModel)" time="12.199" />
  <testcase classname="ptolemy.util.test.junit.AutoTests" name="[49] /home/travis/build/icyphy/ptII/ptolemy/domains/continuous/test/auto/DEInContinuous.xml (RunModel)" time="0.037" />
  <testcase classname="ptolemy.util.test.junit.AutoTests" name="[50] /home/travis/build/icyphy/ptII/ptolemy/domains/continuous/test/auto/DEinContinuous2.xml (RunModel)" time="0.029" />
  <testcase classname="ptolemy.util.test.junit.AutoTests" name="[51] /home/travis/build/icyphy/ptII/ptolemy/domains/continuous/test/auto/Derivative.xml (RunModel)" time="0.181" />
  <testcase classname="ptolemy.util.test.junit.AutoTests" name="[52] /home/travis/build/icyphy/ptII/ptolemy/domains/continuous/test/auto/Derivative1.xml (RunModel)" time="0.057" />
  <testcase classname="ptolemy.util.test.junit.AutoTests" name="[53] /home/travis/build/icyphy/ptII/ptolemy/domains/continuous/test/auto/DiscreteClock.xml (RunModel)" time="0.019" />
  <testcase classname="ptolemy.util.test.junit.AutoTests" name="[54] /home/travis/build/icyphy/ptII/ptolemy/domains/continuous/test/auto/EfficiencyCurve.xml (RunModel)" time="0.101" />
  <testcase classname="ptolemy.util.test.junit.AutoTests" name="[55] /home/travis/build/icyphy/ptII/ptolemy/domains/continuous/test/auto/ExponentialResponse.xml (RunModel)" time="0.101" />
  <testcase classname="ptolemy.util.test.junit.AutoTests" name="[56] /home/travis/build/icyphy/ptII/ptolemy/domains/continuous/test/auto/ExponentialResponseRK45.xml (RunModel)" time="0.031" />
  <testcase classname="ptolemy.util.test.junit.AutoTests" name="[57] /home/travis/build/icyphy/ptII/ptolemy/domains/continuous/test/auto/Friction.xml (RunModel)" time="1.55" />
  <testcase classname="ptolemy.util.test.junit.AutoTests" name="[58] /home/travis/build/icyphy/ptII/ptolemy/domains/continuous/test/auto/FurutaPendulum.xml (RunModel)" time="2.962" />
  <testcase classname="ptolemy.util.test.junit.AutoTests" name="[59] /home/travis/build/icyphy/ptII/ptolemy/domains/continuous/test/auto/HierarchicalExecution.xml (RunModel)" time="1.858" />
  <testcase classname="ptolemy.util.test.junit.AutoTests" name="[60] /home/travis/build/icyphy/ptII/ptolemy/domains/continuous/test/auto/HybridPlant.xml (RunModel)" time="0.554" />
  <testcase classname="ptolemy.util.test.junit.AutoTests" name="[61] /home/travis/build/icyphy/ptII/ptolemy/domains/continuous/test/auto/Hysteresis.xml (RunModel)" time="0.19" />
  <testcase classname="ptolemy.util.test.junit.AutoTests" name="[62] /home/travis/build/icyphy/ptII/ptolemy/domains/continuous/test/auto/HysteresisWithRandomDelay.xml (RunModel)" time="0.229" />
  <testcase classname="ptolemy.util.test.junit.AutoTests" name="[63] /home/travis/build/icyphy/ptII/ptolemy/domains/continuous/test/auto/HysteresisWithRandomLosses.xml (RunModel)" time="2.307" />
  <testcase classname="ptolemy.util.test.junit.AutoTests" name="[64] /home/travis/build/icyphy/ptII/ptolemy/domains/continuous/test/auto/ImmediateTransitions.xml (RunModel)" time="0.038" />
  <testcase classname="ptolemy.util.test.junit.AutoTests" name="[65] /home/travis/build/icyphy/ptII/ptolemy/domains/continuous/test/auto/ImpulseFeedback.xml (RunModel)" time="0.025" />
  <testcase classname="ptolemy.util.test.junit.AutoTests" name="[66] /home/travis/build/icyphy/ptII/ptolemy/domains/continuous/test/auto/ImpulseFeedback2.xml (RunModel)" time="0.019" />
  <testcase classname="ptolemy.util.test.junit.AutoTests" name="[67] /home/travis/build/icyphy/ptII/ptolemy/domains/continuous/test/auto/IncreasingRatePoisson.xml (RunModel)" time="0.695" />
  <testcase classname="ptolemy.util.test.junit.AutoTests" name="[68] /home/travis/build/icyphy/ptII/ptolemy/domains/continuous/test/auto/InitialStateFeedback.xml (RunModel)" time="0.015" />
  <testcase classname="ptolemy.util.test.junit.AutoTests" name="[69] /home/travis/build/icyphy/ptII/ptolemy/domains/continuous/test/auto/Integration.xml (RunModel)" time="0.007" />
  <testcase classname="ptolemy.util.test.junit.AutoTests" name="[70] /home/travis/build/icyphy/ptII/ptolemy/domains/continuous/test/auto/Integration2.xml (RunModel)" time="0.081" />
  <testcase classname="ptolemy.util.test.junit.AutoTests" name="[71] /home/travis/build/icyphy/ptII/ptolemy/domains/continuous/test/auto/Integration3.xml (RunModel)" time="0.014" />
  <testcase classname="ptolemy.util.test.junit.AutoTests" name="[72] /home/travis/build/icyphy/ptII/ptolemy/domains/continuous/test/auto/Integration5.xml (RunModel)" time="0.008" />
  <testcase classname="ptolemy.util.test.junit.AutoTests" name="[73] /home/travis/build/icyphy/ptII/ptolemy/domains/continuous/test/auto/IntegratorImpulse.xml (RunModel)" time="0.014" />
  <testcase classname="ptolemy.util.test.junit.AutoTests" name="[74] /home/travis/build/icyphy/ptII/ptolemy/domains/continuous/test/auto/IntegratorImpulse2.xml (RunModel)" time="0.01" />
  <testcase classname="ptolemy.util.test.junit.AutoTests" name="[75] /home/travis/build/icyphy/ptII/ptolemy/domains/continuous/test/auto/LevelCrossing1.xml (RunModel)" time="0.014" />
  <testcase classname="ptolemy.util.test.junit.AutoTests" name="[76] /home/travis/build/icyphy/ptII/ptolemy/domains/continuous/test/auto/LevelCrossing2.xml (RunModel)" time="0.011" />
  <testcase classname="ptolemy.util.test.junit.AutoTests" name="[77] /home/travis/build/icyphy/ptII/ptolemy/domains/continuous/test/auto/LevelCrossing3.xml (RunModel)" time="0.011" />
  <testcase classname="ptolemy.util.test.junit.AutoTests" name="[78] /home/travis/build/icyphy/ptII/ptolemy/domains/continuous/test/auto/LevelCrossing4.xml (RunModel)" time="0.015" />
  <testcase classname="ptolemy.util.test.junit.AutoTests" name="[79] /home/travis/build/icyphy/ptII/ptolemy/domains/continuous/test/auto/LevelCrossing5.xml (RunModel)" time="0.012" />
  <testcase classname="ptolemy.util.test.junit.AutoTests" name="[80] /home/travis/build/icyphy/ptII/ptolemy/domains/continuous/test/auto/LevelCrossing6.xml (RunModel)" time="0.012" />
  <testcase classname="ptolemy.util.test.junit.AutoTests" name="[81] /home/travis/build/icyphy/ptII/ptolemy/domains/continuous/test/auto/LevelCrossingDetector.xml (RunModel)" time="0.04" />
  <testcase classname="ptolemy.util.test.junit.AutoTests" name="[82] /home/travis/build/icyphy/ptII/ptolemy/domains/continuous/test/auto/LevelCrossingDetectorDetectingDirections.xml (RunModel)" time="0.082" />
  <testcase classname="ptolemy.util.test.junit.AutoTests" name="[83] /home/travis/build/icyphy/ptII/ptolemy/domains/continuous/test/auto/LevelCrossingDetectorDetectsGlitches.xml (RunModel)" time="0.061" />
  <testcase classname="ptolemy.util.test.junit.AutoTests" name="[84] /home/travis/build/icyphy/ptII/ptolemy/domains/continuous/test/auto/LevelCrossingNoInitialOuput.xml (RunModel)" time="0.012" />
  <testcase classname="ptolemy.util.test.junit.AutoTests" name="[85] /home/travis/build/icyphy/ptII/ptolemy/domains/continuous/test/auto/LinearStateSpaceExample.xml (RunModel)" time="0.061" />
  <testcase classname="ptolemy.util.test.junit.AutoTests" name="[86] /home/travis/build/icyphy/ptII/ptolemy/domains/continuous/test/auto/Lorenz.xml (RunModel)" time="3.217" />
  <testcase classname="ptolemy.util.test.junit.AutoTests" name="[87] /home/travis/build/icyphy/ptII/ptolemy/domains/continuous/test/auto/LorenzDifferentialSystem.xml (RunModel)" time="0.998" />
  <testcase classname="ptolemy.util.test.junit.AutoTests" name="[88] /home/travis/build/icyphy/ptII/ptolemy/domains/continuous/test/auto/LorenzDifferentialSystemWithInput.xml (RunModel)" time="1.344" />
  <testcase classname="ptolemy.util.test.junit.AutoTests" name="[89] /home/travis/build/icyphy/ptII/ptolemy/domains/continuous/test/auto/LorenzDifferentialSystemWithTime.xml (RunModel)" time="0.712" />
  <testcase classname="ptolemy.util.test.junit.AutoTests" name="[90] /home/travis/build/icyphy/ptII/ptolemy/domains/continuous/test/auto/Microsteps.xml (RunModel)" time="0.036" />
  <testcase classname="ptolemy.util.test.junit.AutoTests" name="[91] /home/travis/build/icyphy/ptII/ptolemy/domains/continuous/test/auto/Modal1.xml (RunModel)" time="0.04" />
  <testcase classname="ptolemy.util.test.junit.AutoTests" name="[92] /home/travis/build/icyphy/ptII/ptolemy/domains/continuous/test/auto/Modal2.xml (RunModel)" time="0.049" />
  <testcase classname="ptolemy.util.test.junit.AutoTests" name="[93] /home/travis/build/icyphy/ptII/ptolemy/domains/continuous/test/auto/ModalTransitionGuardWithReset.xml (RunModel)" time="0.032" />
  <testcase classname="ptolemy.util.test.junit.AutoTests" name="[94] /home/travis/build/icyphy/ptII/ptolemy/domains/continuous/test/auto/ModalTransitionGuardWithResetUsingPreemptiveTransition.xml (RunModel)" time="0.023" />
  <testcase classname="ptolemy.util.test.junit.AutoTests" name="[95] /home/travis/build/icyphy/ptII/ptolemy/domains/continuous/test/auto/ModalTransitionGuardWithResetUsingPreemptiveTransition2.xml (RunModel)" time="0.025" />
  <testcase classname="ptolemy.util.test.junit.AutoTests" name="[96] /home/travis/build/icyphy/ptII/ptolemy/domains/continuous/test/auto/ModalTransitionGuardWithResetUsingPreemptiveTransition3.xml (RunModel)" time="0.025" />
  <testcase classname="ptolemy.util.test.junit.AutoTests" name="[97] /home/travis/build/icyphy/ptII/ptolemy/domains/continuous/test/auto/NewtonsCradle.xml (RunModel)" time="0.77" />
  <testcase classname="ptolemy.util.test.junit.AutoTests" name="[98] /home/travis/build/icyphy/ptII/ptolemy/domains/continuous/test/auto/NewtonsCradleAnimated.xml (RunModel)" time="1.247" />
  <testcase classname="ptolemy.util.test.junit.AutoTests" name="[99] /home/travis/build/icyphy/ptII/ptolemy/domains/continuous/test/auto/NewtonsCradleComplicated.xml (RunModel)" time="0.85" />
  <testcase classname="ptolemy.util.test.junit.AutoTests" name="[100] /home/travis/build/icyphy/ptII/ptolemy/domains/continuous/test/auto/NewtonsCradleNondeterministic.xml (RunModel)" time="0.635" />
  <testcase classname="ptolemy.util.test.junit.AutoTests" name="[101] /home/travis/build/icyphy/ptII/ptolemy/domains/continuous/test/auto/NewtonsCradlePerfectlyInelastic1.xml (RunModel)" time="1.158" />
  <testcase classname="ptolemy.util.test.junit.AutoTests" name="[102] /home/travis/build/icyphy/ptII/ptolemy/domains/continuous/test/auto/Noise.xml (RunModel)" time="0.181" />
  <testcase classname="ptolemy.util.test.junit.AutoTests" name="[103] /home/travis/build/icyphy/ptII/ptolemy/domains/continuous/test/auto/NoiseSpectrum.xml (RunModel)" time="0.606" />
  <testcase classname="ptolemy.util.test.junit.AutoTests" name="[104] /home/travis/build/icyphy/ptII/ptolemy/domains/continuous/test/auto/ParameterizedNewtonsCradleAnimated.xml (RunModel)" time="0.339" />
  <testcase classname="ptolemy.util.test.junit.AutoTests" name="[105] /home/travis/build/icyphy/ptII/ptolemy/domains/continuous/test/auto/ParameterizedNewtonsCradleAnimatedNondeterministic.xml (RunModel)" time="1.063" />
  <testcase classname="ptolemy.util.test.junit.AutoTests" name="[106] /home/travis/build/icyphy/ptII/ptolemy/domains/continuous/test/auto/Pendulum3D.xml (RunModel)" time="0.158" />
  <testcase classname="ptolemy.util.test.junit.AutoTests" name="[107] /home/travis/build/icyphy/ptII/ptolemy/domains/continuous/test/auto/PeriodicSampler.xml (RunModel)" time="0.013" />
  <testcase classname="ptolemy.util.test.junit.AutoTests" name="[108] /home/travis/build/icyphy/ptII/ptolemy/domains/continuous/test/auto/PeriodicSampler1.xml (RunModel)" time="0.042" />
  <testcase classname="ptolemy.util.test.junit.AutoTests" name="[109] /home/travis/build/icyphy/ptII/ptolemy/domains/continuous/test/auto/PeriodicSampler2.xml (RunModel)" time="0.077" />
  <testcase classname="ptolemy.util.test.junit.AutoTests" name="[110] /home/travis/build/icyphy/ptII/ptolemy/domains/continuous/test/auto/Poisson.xml (RunModel)" time="0.428" />
  <testcase classname="ptolemy.util.test.junit.AutoTests" name="[111] /home/travis/build/icyphy/ptII/ptolemy/domains/continuous/test/auto/PoissonClock.xml (RunModel)" time="0.013" />
  <testcase classname="ptolemy.util.test.junit.AutoTests" name="[112] /home/travis/build/icyphy/ptII/ptolemy/domains/continuous/test/auto/PoissonClock2.xml (RunModel)" time="0.014" />
  <testcase classname="ptolemy.util.test.junit.AutoTests" name="[113] /home/travis/build/icyphy/ptII/ptolemy/domains/continuous/test/auto/PortParameterHierarchy.xml (RunModel)" time="0.02" />
  <testcase classname="ptolemy.util.test.junit.AutoTests" name="[114] /home/travis/build/icyphy/ptII/ptolemy/domains/continuous/test/auto/RandomHybridPlant.xml (RunModel)" time="0.52" />
  <testcase classname="ptolemy.util.test.junit.AutoTests" name="[115] /home/travis/build/icyphy/ptII/ptolemy/domains/continuous/test/auto/ResetTransitionWithStartTime1.xml (RunModel)" time="0.024" />
  <testcase classname="ptolemy.util.test.junit.AutoTests" name="[116] /home/travis/build/icyphy/ptII/ptolemy/domains/continuous/test/auto/ResetTransitionWithStartTime2.xml (RunModel)" time="0.03" />
  <testcase classname="ptolemy.util.test.junit.AutoTests" name="[117] /home/travis/build/icyphy/ptII/ptolemy/domains/continuous/test/auto/ResetTransitionWithStartTime3.xml (RunModel)" time="0.036" />
  <testcase classname="ptolemy.util.test.junit.AutoTests" name="[118] /home/travis/build/icyphy/ptII/ptolemy/domains/continuous/test/auto/ResetTransitionWithStartTime4.xml (RunModel)" time="0.024" />
  <testcase classname="ptolemy.util.test.junit.AutoTests" name="[119] /home/travis/build/icyphy/ptII/ptolemy/domains/continuous/test/auto/ResetTransitionWithStartTime5.xml (RunModel)" time="0.03" />
  <testcase classname="ptolemy.util.test.junit.AutoTests" name="[120] /home/travis/build/icyphy/ptII/ptolemy/domains/continuous/test/auto/ResetTransitionWithStartTime6.xml (RunModel)" time="0.025" />
  <testcase classname="ptolemy.util.test.junit.AutoTests" name="[121] /home/travis/build/icyphy/ptII/ptolemy/domains/continuous/test/auto/SRinContinuous.xml (RunModel)" time="0.019" />
  <testcase classname="ptolemy.util.test.junit.AutoTests" name="[122] /home/travis/build/icyphy/ptII/ptolemy/domains/continuous/test/auto/SampledClocks.xml (RunModel)" time="0.029" />
  <testcase classname="ptolemy.util.test.junit.AutoTests" name="[123] /home/travis/build/icyphy/ptII/ptolemy/domains/continuous/test/auto/Satellite.xml (RunModel)" time="0.742" />
  <testcase classname="ptolemy.util.test.junit.AutoTests" name="[124] /home/travis/build/icyphy/ptII/ptolemy/domains/continuous/test/auto/SigmaDelta.xml (RunModel)" time="1.917" />
  <testcase classname="ptolemy.util.test.junit.AutoTests" name="[125] /home/travis/build/icyphy/ptII/ptolemy/domains/continuous/test/auto/SingleRefinement.xml (RunModel)" time="0.377" />
  <testcase classname="ptolemy.util.test.junit.AutoTests" name="[126] /home/travis/build/icyphy/ptII/ptolemy/domains/continuous/test/auto/SinuBouncingBall.xml (RunModel)" time="0.78" />
  <testcase classname="ptolemy.util.test.junit.AutoTests" name="[127] /home/travis/build/icyphy/ptII/ptolemy/domains/continuous/test/auto/Sinusoid.xml (RunModel)" time="0.012" />
  <testcase classname="ptolemy.util.test.junit.AutoTests" name="[128] /home/travis/build/icyphy/ptII/ptolemy/domains/continuous/test/auto/SinusoidInNoise.xml (RunModel)" time="0.784" />
  <testcase classname="ptolemy.util.test.junit.AutoTests" name="[129] /home/travis/build/icyphy/ptII/ptolemy/domains/continuous/test/auto/SinusoidRK45.xml (RunModel)" time="0.016" />
  <testcase classname="ptolemy.util.test.junit.AutoTests" name="[130] /home/travis/build/icyphy/ptII/ptolemy/domains/continuous/test/auto/SinusoidWithMultipleImpulses.xml (RunModel)" time="0.012" />
  <testcase classname="ptolemy.util.test.junit.AutoTests" name="[131] /home/travis/build/icyphy/ptII/ptolemy/domains/continuous/test/auto/SquareWave.xml (RunModel)" time="0.151" />
  <testcase classname="ptolemy.util.test.junit.AutoTests" name="[132] /home/travis/build/icyphy/ptII/ptolemy/domains/continuous/test/auto/Starmac.xml (RunModel)" time="3.435" />
  <testcase classname="ptolemy.util.test.junit.AutoTests" name="[133] /home/travis/build/icyphy/ptII/ptolemy/domains/continuous/test/auto/StaticUnits.xml (RunModel)" time="2.434" />
  <testcase classname="ptolemy.util.test.junit.AutoTests" name="[134] /home/travis/build/icyphy/ptII/ptolemy/domains/continuous/test/auto/StickyMasses.xml (RunModel)" time="0.205" />
  <testcase classname="ptolemy.util.test.junit.AutoTests" name="[135] /home/travis/build/icyphy/ptII/ptolemy/domains/continuous/test/auto/StopTime.xml (RunModel)" time="0.077" />
  <testcase classname="ptolemy.util.test.junit.AutoTests" name="[136] /home/travis/build/icyphy/ptII/ptolemy/domains/continuous/test/auto/StopTime2.xml (RunModel)" time="0.052" />
  <testcase classname="ptolemy.util.test.junit.AutoTests" name="[137] /home/travis/build/icyphy/ptII/ptolemy/domains/continuous/test/auto/Switch.xml (RunModel)" time="0.055" />
  <testcase classname="ptolemy.util.test.junit.AutoTests" name="[138] /home/travis/build/icyphy/ptII/ptolemy/domains/continuous/test/auto/Thermostat.xml (RunModel)" time="0.201" />
  <testcase classname="ptolemy.util.test.junit.AutoTests" name="[139] /home/travis/build/icyphy/ptII/ptolemy/domains/continuous/test/auto/TimeDelay.xml (RunModel)" time="0.012" />
  <testcase classname="ptolemy.util.test.junit.AutoTests" name="[140] /home/travis/build/icyphy/ptII/ptolemy/domains/continuous/test/auto/TimeDelay2.xml (RunModel)" time="0.023" />
  <testcase classname="ptolemy.util.test.junit.AutoTests" name="[141] /home/travis/build/icyphy/ptII/ptolemy/domains/continuous/test/auto/TimeDelay3.xml (RunModel)" time="0.009" />
  <testcase classname="ptolemy.util.test.junit.AutoTests" name="[142] /home/travis/build/icyphy/ptII/ptolemy/domains/continuous/test/auto/TransferAbsentToInside.xml (RunModel)" time="0.092" />
  <testcase classname="ptolemy.util.test.junit.AutoTests" name="[143] /home/travis/build/icyphy/ptII/ptolemy/domains/continuous/test/auto/Transmission.xml (RunModel)" time="0.733" />
  <testcase classname="ptolemy.util.test.junit.AutoTests" name="[144] /home/travis/build/icyphy/ptII/ptolemy/domains/continuous/test/auto/TriggeredContinuousClock.xml (RunModel)" time="0.066" />
  <testcase classname="ptolemy.util.test.junit.AutoTests" name="[145] /home/travis/build/icyphy/ptII/ptolemy/domains/continuous/test/auto/TwoMachineInfiniteBusControl.xml (RunModel)" time="2.42" />
  <testcase classname="ptolemy.util.test.junit.AutoTests" name="[146] /home/travis/build/icyphy/ptII/ptolemy/domains/continuous/test/auto/V2V.xml (RunModel)" time="0.741" />
  <testcase classname="ptolemy.util.test.junit.AutoTests" name="[147] /home/travis/build/icyphy/ptII/ptolemy/domains/continuous/test/auto/hierarchicalModalModel.xml (RunModel)" time="0.036" />
  <testcase classname="ptolemy.util.test.junit.AutoTests" name="[148] /home/travis/build/icyphy/ptII/ptolemy/domains/continuous/test/auto/hierarchicalModalModel1.xml (RunModel)" time="0.029" />
  <testcase classname="ptolemy.util.test.junit.AutoTests" name="[149] /home/travis/build/icyphy/ptII/ptolemy/domains/continuous/test/auto/hierarchicalModalModel2.xml (RunModel)" time="0.026" />
  <testcase classname="ptolemy.util.test.junit.AutoTests" name="[150] /home/travis/build/icyphy/ptII/ptolemy/domains/continuous/test/auto/hierarchicalModalModel3.xml (RunModel)" time="0.024" />
  <testcase classname="ptolemy.util.test.junit.AutoTests" name="[151] /home/travis/build/icyphy/ptII/ptolemy/domains/continuous/test/auto/hierarchicalModalModel4.xml (RunModel)" time="0.023" />
  <testcase classname="ptolemy.util.test.junit.AutoTests" name="[152] /home/travis/build/icyphy/ptII/ptolemy/domains/continuous/test/auto/junk.xml (RunModel)" time="0.134" />
  <system-out><![CDATA[No tcl tests in /home/travis/build/icyphy/ptII/ptolemy/domains/continuous/test
No auto/knownFailedTests/*.xml tests in /home/travis/build/icyphy/ptII/ptolemy/domains/continuous/test
No auto/linux-amd64/*.xml tests in /home/travis/build/icyphy/ptII/ptolemy/domains/continuous/test
AutoTests.java: About to close Vertx.
AutoTests.java: Vertx closed.

===========================================================================================
----------------- testing Sun Mar 15 07:11:16 UTC 2020 /home/travis/build/icyphy/ptII/ptolemy/domains/continuous/test/auto/BouncingBall.xml
----------------- Instantiating /home/travis/build/icyphy/ptII/ptolemy/domains/continuous/test/auto/BouncingBall.xml
2212 ms. Memory: 168960K Free: 97959K (58%)
----------------- Invoking toplevel() on ptolemy.moml.MoMLSimpleApplication@6aa7021b
----------------- Done invoking toplevel() on ptolemy.moml.MoMLSimpleApplication@6aa7021b
reloadAllAccessors: .BouncingBall

===========================================================================================
----------------- testing Sun Mar 15 07:11:19 UTC 2020 /home/travis/build/icyphy/ptII/ptolemy/domains/continuous/test/auto/BouncingBallWithoutGR.xml
----------------- Instantiating /home/travis/build/icyphy/ptII/ptolemy/domains/continuous/test/auto/BouncingBallWithoutGR.xml
717 ms. Memory: 168960K Free: 116738K (69%)
----------------- Invoking toplevel() on ptolemy.moml.MoMLSimpleApplication@8f3aac7
----------------- Done invoking toplevel() on ptolemy.moml.MoMLSimpleApplication@8f3aac7
reloadAllAccessors: .BouncingBallWithoutGR

===========================================================================================
----------------- testing Sun Mar 15 07:11:20 UTC 2020 /home/travis/build/icyphy/ptII/ptolemy/domains/continuous/test/auto/Brownian.xml
----------------- Instantiating /home/travis/build/icyphy/ptII/ptolemy/domains/continuous/test/auto/Brownian.xml
28 ms. Memory: 168960K Free: 107522K (64%)
----------------- Invoking toplevel() on ptolemy.moml.MoMLSimpleApplication@116da583
----------------- Done invoking toplevel() on ptolemy.moml.MoMLSimpleApplication@116da583
reloadAllAccessors: .Brownian

===========================================================================================
----------------- testing Sun Mar 15 07:11:20 UTC 2020 /home/travis/build/icyphy/ptII/ptolemy/domains/continuous/test/auto/CarTracking.xml
----------------- Instantiating /home/travis/build/icyphy/ptII/ptolemy/domains/continuous/test/auto/CarTracking.xml
3300 ms. Memory: 204800K Free: 175873K (86%)
----------------- Invoking toplevel() on ptolemy.moml.MoMLSimpleApplication@5489899f
----------------- Done invoking toplevel() on ptolemy.moml.MoMLSimpleApplication@5489899f
reloadAllAccessors: .CarTracking

===========================================================================================
----------------- testing Sun Mar 15 07:11:23 UTC 2020 /home/travis/build/icyphy/ptII/ptolemy/domains/continuous/test/auto/CartPendulum.xml
----------------- Instantiating /home/travis/build/icyphy/ptII/ptolemy/domains/continuous/test/auto/CartPendulum.xml
369 ms. Memory: 204800K Free: 85247K (42%)
----------------- Invoking toplevel() on ptolemy.moml.MoMLSimpleApplication@87bf074
----------------- Done invoking toplevel() on ptolemy.moml.MoMLSimpleApplication@87bf074
reloadAllAccessors: .CartPendulum

===========================================================================================
----------------- testing Sun Mar 15 07:11:24 UTC 2020 /home/travis/build/icyphy/ptII/ptolemy/domains/continuous/test/auto/CausalityInterface10.xml
----------------- Instantiating /home/travis/build/icyphy/ptII/ptolemy/domains/continuous/test/auto/CausalityInterface10.xml
14 ms. Memory: 204800K Free: 75007K (37%)
----------------- Invoking toplevel() on ptolemy.moml.MoMLSimpleApplication@3bccb01d
----------------- Done invoking toplevel() on ptolemy.moml.MoMLSimpleApplication@3bccb01d
reloadAllAccessors: .CausalityInterface10

===========================================================================================
----------------- testing Sun Mar 15 07:11:24 UTC 2020 /home/travis/build/icyphy/ptII/ptolemy/domains/continuous/test/auto/CausalityInterface11.xml
----------------- Instantiating /home/travis/build/icyphy/ptII/ptolemy/domains/continuous/test/auto/CausalityInterface11.xml
14 ms. Memory: 245760K Free: 230813K (94%)
----------------- Invoking toplevel() on ptolemy.moml.MoMLSimpleApplication@5f546598
----------------- Done invoking toplevel() on ptolemy.moml.MoMLSimpleApplication@5f546598
reloadAllAccessors: .CausalityInterface11

===========================================================================================
----------------- testing Sun Mar 15 07:11:24 UTC 2020 /home/travis/build/icyphy/ptII/ptolemy/domains/continuous/test/auto/CausalityInterface12.xml
----------------- Instantiating /home/travis/build/icyphy/ptII/ptolemy/domains/continuous/test/auto/CausalityInterface12.xml
4 ms. Memory: 245760K Free: 223983K (91%)
----------------- Invoking toplevel() on ptolemy.moml.MoMLSimpleApplication@24a552a4
----------------- Done invoking toplevel() on ptolemy.moml.MoMLSimpleApplication@24a552a4
reloadAllAccessors: .CausalityInterface12

===========================================================================================
----------------- testing Sun Mar 15 07:11:24 UTC 2020 /home/travis/build/icyphy/ptII/ptolemy/domains/continuous/test/auto/CausalityInterface13.xml
----------------- Instantiating /home/travis/build/icyphy/ptII/ptolemy/domains/continuous/test/auto/CausalityInterface13.xml
9 ms. Memory: 245760K Free: 217839K (89%)
----------------- Invoking toplevel() on ptolemy.moml.MoMLSimpleApplication@883981f
----------------- Done invoking toplevel() on ptolemy.moml.MoMLSimpleApplication@883981f
reloadAllAccessors: .CausalityInterface13

===========================================================================================
----------------- testing Sun Mar 15 07:11:24 UTC 2020 /home/travis/build/icyphy/ptII/ptolemy/domains/continuous/test/auto/CausalityInterface14.xml
----------------- Instantiating /home/travis/build/icyphy/ptII/ptolemy/domains/continuous/test/auto/CausalityInterface14.xml
4 ms. Memory: 245760K Free: 212719K (87%)
----------------- Invoking toplevel() on ptolemy.moml.MoMLSimpleApplication@55792fd2
----------------- Done invoking toplevel() on ptolemy.moml.MoMLSimpleApplication@55792fd2
reloadAllAccessors: .CausalityInterface14

===========================================================================================
----------------- testing Sun Mar 15 07:11:24 UTC 2020 /home/travis/build/icyphy/ptII/ptolemy/domains/continuous/test/auto/CausalityInterface4.xml
----------------- Instantiating /home/travis/build/icyphy/ptII/ptolemy/domains/continuous/test/auto/CausalityInterface4.xml
4 ms. Memory: 245760K Free: 206061K (84%)
----------------- Invoking toplevel() on ptolemy.moml.MoMLSimpleApplication@53f99d2e
----------------- Done invoking toplevel() on ptolemy.moml.MoMLSimpleApplication@53f99d2e
reloadAllAccessors: .CausalityInterface4

===========================================================================================
----------------- testing Sun Mar 15 07:11:24 UTC 2020 /home/travis/build/icyphy/ptII/ptolemy/domains/continuous/test/auto/CausalityInterface5.xml
----------------- Instantiating /home/travis/build/icyphy/ptII/ptolemy/domains/continuous/test/auto/CausalityInterface5.xml
6 ms. Memory: 245760K Free: 197869K (81%)
----------------- Invoking toplevel() on ptolemy.moml.MoMLSimpleApplication@6f6176e4
----------------- Done invoking toplevel() on ptolemy.moml.MoMLSimpleApplication@6f6176e4
reloadAllAccessors: .CausalityInterface5

===========================================================================================
----------------- testing Sun Mar 15 07:11:24 UTC 2020 /home/travis/build/icyphy/ptII/ptolemy/domains/continuous/test/auto/CausalityInterface6.xml
----------------- Instantiating /home/travis/build/icyphy/ptII/ptolemy/domains/continuous/test/auto/CausalityInterface6.xml
5 ms. Memory: 245760K Free: 192239K (78%)
----------------- Invoking toplevel() on ptolemy.moml.MoMLSimpleApplication@41517894
----------------- Done invoking toplevel() on ptolemy.moml.MoMLSimpleApplication@41517894
reloadAllAccessors: .CausalityInterface6

===========================================================================================
----------------- testing Sun Mar 15 07:11:24 UTC 2020 /home/travis/build/icyphy/ptII/ptolemy/domains/continuous/test/auto/CausalityInterface7.xml
----------------- Instantiating /home/travis/build/icyphy/ptII/ptolemy/domains/continuous/test/auto/CausalityInterface7.xml
10 ms. Memory: 245760K Free: 183533K (75%)
----------------- Invoking toplevel() on ptolemy.moml.MoMLSimpleApplication@48c3cb4c
----------------- Done invoking toplevel() on ptolemy.moml.MoMLSimpleApplication@48c3cb4c
reloadAllAccessors: .CausalityInterface7

===========================================================================================
----------------- testing Sun Mar 15 07:11:24 UTC 2020 /home/travis/build/icyphy/ptII/ptolemy/domains/continuous/test/auto/CausalityInterface8.xml
----------------- Instantiating /home/travis/build/icyphy/ptII/ptolemy/domains/continuous/test/auto/CausalityInterface8.xml
4 ms. Memory: 245760K Free: 174317K (71%)
----------------- Invoking toplevel() on ptolemy.moml.MoMLSimpleApplication@529d15b8
----------------- Done invoking toplevel() on ptolemy.moml.MoMLSimpleApplication@529d15b8
reloadAllAccessors: .CausalityInterface8

===========================================================================================
----------------- testing Sun Mar 15 07:11:24 UTC 2020 /home/travis/build/icyphy/ptII/ptolemy/domains/continuous/test/auto/CausalityInterface9.xml
----------------- Instantiating /home/travis/build/icyphy/ptII/ptolemy/domains/continuous/test/auto/CausalityInterface9.xml
11 ms. Memory: 245760K Free: 163567K (67%)
----------------- Invoking toplevel() on ptolemy.moml.MoMLSimpleApplication@6e813a14
----------------- Done invoking toplevel() on ptolemy.moml.MoMLSimpleApplication@6e813a14
reloadAllAccessors: .CausalityInterface9

===========================================================================================
----------------- testing Sun Mar 15 07:11:24 UTC 2020 /home/travis/build/icyphy/ptII/ptolemy/domains/continuous/test/auto/CausalityInterfaceFeedback1.xml
----------------- Instantiating /home/travis/build/icyphy/ptII/ptolemy/domains/continuous/test/auto/CausalityInterfaceFeedback1.xml
9 ms. Memory: 245760K Free: 156895K (64%)
----------------- Invoking toplevel() on ptolemy.moml.MoMLSimpleApplication@4c75cfb0
----------------- Done invoking toplevel() on ptolemy.moml.MoMLSimpleApplication@4c75cfb0
reloadAllAccessors: .CausalityInterfaceFeedback1

===========================================================================================
----------------- testing Sun Mar 15 07:11:24 UTC 2020 /home/travis/build/icyphy/ptII/ptolemy/domains/continuous/test/auto/CausalityInterfaceFeedback2.xml
----------------- Instantiating /home/travis/build/icyphy/ptII/ptolemy/domains/continuous/test/auto/CausalityInterfaceFeedback2.xml
4 ms. Memory: 245760K Free: 150255K (61%)
----------------- Invoking toplevel() on ptolemy.moml.MoMLSimpleApplication@182ed799
----------------- Done invoking toplevel() on ptolemy.moml.MoMLSimpleApplication@182ed799
reloadAllAccessors: .CausalityInterfaceFeedback2

===========================================================================================
----------------- testing Sun Mar 15 07:11:25 UTC 2020 /home/travis/build/icyphy/ptII/ptolemy/domains/continuous/test/auto/CompareWithCurrentTime.xml
----------------- Instantiating /home/travis/build/icyphy/ptII/ptolemy/domains/continuous/test/auto/CompareWithCurrentTime.xml
3 ms. Memory: 245760K Free: 146669K (60%)
----------------- Invoking toplevel() on ptolemy.moml.MoMLSimpleApplication@522849c6
----------------- Done invoking toplevel() on ptolemy.moml.MoMLSimpleApplication@522849c6
reloadAllAccessors: .CompareWithCurrentTime

===========================================================================================
----------------- testing Sun Mar 15 07:11:25 UTC 2020 /home/travis/build/icyphy/ptII/ptolemy/domains/continuous/test/auto/ComparedClocks.xml
----------------- Instantiating /home/travis/build/icyphy/ptII/ptolemy/domains/continuous/test/auto/ComparedClocks.xml
14 ms. Memory: 245760K Free: 131295K (53%)
----------------- Invoking toplevel() on ptolemy.moml.MoMLSimpleApplication@1b062c29
----------------- Done invoking toplevel() on ptolemy.moml.MoMLSimpleApplication@1b062c29
reloadAllAccessors: .ComparedClocks

===========================================================================================
----------------- testing Sun Mar 15 07:11:25 UTC 2020 /home/travis/build/icyphy/ptII/ptolemy/domains/continuous/test/auto/ContinuousAOCClone.xml
----------------- Instantiating /home/travis/build/icyphy/ptII/ptolemy/domains/continuous/test/auto/ContinuousAOCClone.xml
2169 ms. Memory: 245760K Free: 199335K (81%)
----------------- Invoking toplevel() on ptolemy.moml.MoMLSimpleApplication@5b6ede31
----------------- Done invoking toplevel() on ptolemy.moml.MoMLSimpleApplication@5b6ede31
reloadAllAccessors: .ContinuousAOCClone

===========================================================================================
----------------- testing Sun Mar 15 07:11:27 UTC 2020 /home/travis/build/icyphy/ptII/ptolemy/domains/continuous/test/auto/ContinuousClock.xml
----------------- Instantiating /home/travis/build/icyphy/ptII/ptolemy/domains/continuous/test/auto/ContinuousClock.xml
25 ms. Memory: 245760K Free: 177800K (72%)
----------------- Invoking toplevel() on ptolemy.moml.MoMLSimpleApplication@548c1d36
----------------- Done invoking toplevel() on ptolemy.moml.MoMLSimpleApplication@548c1d36
reloadAllAccessors: .ContinuousClock

===========================================================================================
----------------- testing Sun Mar 15 07:11:27 UTC 2020 /home/travis/build/icyphy/ptII/ptolemy/domains/continuous/test/auto/ContinuousInContinuous.xml
----------------- Instantiating /home/travis/build/icyphy/ptII/ptolemy/domains/continuous/test/auto/ContinuousInContinuous.xml
35 ms. Memory: 245760K Free: 154248K (63%)
----------------- Invoking toplevel() on ptolemy.moml.MoMLSimpleApplication@17296f17
----------------- Done invoking toplevel() on ptolemy.moml.MoMLSimpleApplication@17296f17
reloadAllAccessors: .ContinuousInContinuous

===========================================================================================
----------------- testing Sun Mar 15 07:11:27 UTC 2020 /home/travis/build/icyphy/ptII/ptolemy/domains/continuous/test/auto/ContinuousInContinuousInContinuous.xml
----------------- Instantiating /home/travis/build/icyphy/ptII/ptolemy/domains/continuous/test/auto/ContinuousInContinuousInContinuous.xml
5 ms. Memory: 245760K Free: 146601K (60%)
----------------- Invoking toplevel() on ptolemy.moml.MoMLSimpleApplication@20af372c
----------------- Done invoking toplevel() on ptolemy.moml.MoMLSimpleApplication@20af372c
reloadAllAccessors: .ContinuousInContinuousInContinuous

===========================================================================================
----------------- testing Sun Mar 15 07:11:27 UTC 2020 /home/travis/build/icyphy/ptII/ptolemy/domains/continuous/test/auto/ContinuousInDE.xml
----------------- Instantiating /home/travis/build/icyphy/ptII/ptolemy/domains/continuous/test/auto/ContinuousInDE.xml
52 ms. Memory: 245760K Free: 135847K (55%)
----------------- Invoking toplevel() on ptolemy.moml.MoMLSimpleApplication@270c5f67
----------------- Done invoking toplevel() on ptolemy.moml.MoMLSimpleApplication@270c5f67
reloadAllAccessors: .ContinuousInDE

===========================================================================================
----------------- testing Sun Mar 15 07:11:27 UTC 2020 /home/travis/build/icyphy/ptII/ptolemy/domains/continuous/test/auto/ContinuousInDE2.xml
----------------- Instantiating /home/travis/build/icyphy/ptII/ptolemy/domains/continuous/test/auto/ContinuousInDE2.xml
36 ms. Memory: 245760K Free: 126121K (51%)
----------------- Invoking toplevel() on ptolemy.moml.MoMLSimpleApplication@8ee6d3c
----------------- Done invoking toplevel() on ptolemy.moml.MoMLSimpleApplication@8ee6d3c
reloadAllAccessors: .ContinuousInDE2

===========================================================================================
----------------- testing Sun Mar 15 07:11:27 UTC 2020 /home/travis/build/icyphy/ptII/ptolemy/domains/continuous/test/auto/ContinuousInDE3.xml
----------------- Instantiating /home/travis/build/icyphy/ptII/ptolemy/domains/continuous/test/auto/ContinuousInDE3.xml
31 ms. Memory: 245760K Free: 116391K (47%)
----------------- Invoking toplevel() on ptolemy.moml.MoMLSimpleApplication@3fddf643
----------------- Done invoking toplevel() on ptolemy.moml.MoMLSimpleApplication@3fddf643
reloadAllAccessors: .ContinuousInDE3

===========================================================================================
----------------- testing Sun Mar 15 07:11:27 UTC 2020 /home/travis/build/icyphy/ptII/ptolemy/domains/continuous/test/auto/ContinuousInDE4.xml
----------------- Instantiating /home/travis/build/icyphy/ptII/ptolemy/domains/continuous/test/auto/ContinuousInDE4.xml
13 ms. Memory: 245760K Free: 110247K (45%)
----------------- Invoking toplevel() on ptolemy.moml.MoMLSimpleApplication@24c04f47
----------------- Done invoking toplevel() on ptolemy.moml.MoMLSimpleApplication@24c04f47
reloadAllAccessors: .ContinuousInDE4

===========================================================================================
----------------- testing Sun Mar 15 07:11:27 UTC 2020 /home/travis/build/icyphy/ptII/ptolemy/domains/continuous/test/auto/ContinuousInDEDifferentRefinements.xml
----------------- Instantiating /home/travis/build/icyphy/ptII/ptolemy/domains/continuous/test/auto/ContinuousInDEDifferentRefinements.xml
57 ms. Memory: 294912K Free: 274632K (93%)
----------------- Invoking toplevel() on ptolemy.moml.MoMLSimpleApplication@5d5c9b24
----------------- Done invoking toplevel() on ptolemy.moml.MoMLSimpleApplication@5d5c9b24
reloadAllAccessors: .ContinuousInDEDifferentRefinements

===========================================================================================
----------------- testing Sun Mar 15 07:11:28 UTC 2020 /home/travis/build/icyphy/ptII/ptolemy/domains/continuous/test/auto/ContinuousInDEDifferentRefinementsPreemptive.xml
----------------- Instantiating /home/travis/build/icyphy/ptII/ptolemy/domains/continuous/test/auto/ContinuousInDEDifferentRefinementsPreemptive.xml
53 ms. Memory: 294912K Free: 243334K (83%)
----------------- Invoking toplevel() on ptolemy.moml.MoMLSimpleApplication@77b32611
----------------- Done invoking toplevel() on ptolemy.moml.MoMLSimpleApplication@77b32611
reloadAllAccessors: .ContinuousInDEDifferentRefinementsPreemptive

===========================================================================================
----------------- testing Sun Mar 15 07:11:28 UTC 2020 /home/travis/build/icyphy/ptII/ptolemy/domains/continuous/test/auto/ContinuousInDEInContinuous2.xml
----------------- Instantiating /home/travis/build/icyphy/ptII/ptolemy/domains/continuous/test/auto/ContinuousInDEInContinuous2.xml
40 ms. Memory: 294912K Free: 232100K (79%)
----------------- Invoking toplevel() on ptolemy.moml.MoMLSimpleApplication@712ce3d8
----------------- Done invoking toplevel() on ptolemy.moml.MoMLSimpleApplication@712ce3d8
reloadAllAccessors: .ContinuousInDEInContinuous2

===========================================================================================
----------------- testing Sun Mar 15 07:11:28 UTC 2020 /home/travis/build/icyphy/ptII/ptolemy/domains/continuous/test/auto/ContinuousInDEInContinuous3.xml
----------------- Instantiating /home/travis/build/icyphy/ptII/ptolemy/domains/continuous/test/auto/ContinuousInDEInContinuous3.xml
43 ms. Memory: 294912K Free: 219812K (75%)
----------------- Invoking toplevel() on ptolemy.moml.MoMLSimpleApplication@31692967
----------------- Done invoking toplevel() on ptolemy.moml.MoMLSimpleApplication@31692967
reloadAllAccessors: .ContinuousInDEInContinuous3

===========================================================================================
----------------- testing Sun Mar 15 07:11:28 UTC 2020 /home/travis/build/icyphy/ptII/ptolemy/domains/continuous/test/auto/ContinuousInDEInput.xml
----------------- Instantiating /home/travis/build/icyphy/ptII/ptolemy/domains/continuous/test/auto/ContinuousInDEInput.xml
13 ms. Memory: 294912K Free: 212644K (72%)
----------------- Invoking toplevel() on ptolemy.moml.MoMLSimpleApplication@1d9acb7f
----------------- Done invoking toplevel() on ptolemy.moml.MoMLSimpleApplication@1d9acb7f
reloadAllAccessors: .ContinuousInDEInput

===========================================================================================
----------------- testing Sun Mar 15 07:11:28 UTC 2020 /home/travis/build/icyphy/ptII/ptolemy/domains/continuous/test/auto/ContinuousInDEInput2.xml
----------------- Instantiating /home/travis/build/icyphy/ptII/ptolemy/domains/continuous/test/auto/ContinuousInDEInput2.xml
12 ms. Memory: 294912K Free: 205476K (70%)
----------------- Invoking toplevel() on ptolemy.moml.MoMLSimpleApplication@7790b7ec
----------------- Done invoking toplevel() on ptolemy.moml.MoMLSimpleApplication@7790b7ec
reloadAllAccessors: .ContinuousInDEInput2

===========================================================================================
----------------- testing Sun Mar 15 07:11:28 UTC 2020 /home/travis/build/icyphy/ptII/ptolemy/domains/continuous/test/auto/ContinuousInDEInput3.xml
----------------- Instantiating /home/travis/build/icyphy/ptII/ptolemy/domains/continuous/test/auto/ContinuousInDEInput3.xml
10 ms. Memory: 294912K Free: 198308K (67%)
----------------- Invoking toplevel() on ptolemy.moml.MoMLSimpleApplication@1147430c
----------------- Done invoking toplevel() on ptolemy.moml.MoMLSimpleApplication@1147430c
reloadAllAccessors: .ContinuousInDEInput3

===========================================================================================
----------------- testing Sun Mar 15 07:11:28 UTC 2020 /home/travis/build/icyphy/ptII/ptolemy/domains/continuous/test/auto/ContinuousInDESharingRefinement.xml
----------------- Instantiating /home/travis/build/icyphy/ptII/ptolemy/domains/continuous/test/auto/ContinuousInDESharingRefinement.xml
139 ms. Memory: 294912K Free: 279328K (95%)
----------------- Invoking toplevel() on ptolemy.moml.MoMLSimpleApplication@562c9806
----------------- Done invoking toplevel() on ptolemy.moml.MoMLSimpleApplication@562c9806
reloadAllAccessors: .ContinuousInDESharingRefinement

===========================================================================================
----------------- testing Sun Mar 15 07:11:28 UTC 2020 /home/travis/build/icyphy/ptII/ptolemy/domains/continuous/test/auto/ContinuousInDEwithNoPorts.xml
----------------- Instantiating /home/travis/build/icyphy/ptII/ptolemy/domains/continuous/test/auto/ContinuousInDEwithNoPorts.xml
6 ms. Memory: 294912K Free: 274736K (93%)
----------------- Invoking toplevel() on ptolemy.moml.MoMLSimpleApplication@2411471
----------------- Done invoking toplevel() on ptolemy.moml.MoMLSimpleApplication@2411471
reloadAllAccessors: .ContinuousInDEwithNoPorts

===========================================================================================
----------------- testing Sun Mar 15 07:11:28 UTC 2020 /home/travis/build/icyphy/ptII/ptolemy/domains/continuous/test/auto/ContinuousInsideDE.xml
----------------- Instantiating /home/travis/build/icyphy/ptII/ptolemy/domains/continuous/test/auto/ContinuousInsideDE.xml
33 ms. Memory: 294912K Free: 263472K (89%)
----------------- Invoking toplevel() on ptolemy.moml.MoMLSimpleApplication@23734536
----------------- Done invoking toplevel() on ptolemy.moml.MoMLSimpleApplication@23734536
reloadAllAccessors: .ContinuousInsideDE

===========================================================================================
----------------- testing Sun Mar 15 07:11:28 UTC 2020 /home/travis/build/icyphy/ptII/ptolemy/domains/continuous/test/auto/ContinuousMerge1.xml
----------------- Instantiating /home/travis/build/icyphy/ptII/ptolemy/domains/continuous/test/auto/ContinuousMerge1.xml
2 ms. Memory: 294912K Free: 258848K (88%)
----------------- Invoking toplevel() on ptolemy.moml.MoMLSimpleApplication@7f7c3bf0
----------------- Done invoking toplevel() on ptolemy.moml.MoMLSimpleApplication@7f7c3bf0
reloadAllAccessors: .ContinuousMerge1

===========================================================================================
----------------- testing Sun Mar 15 07:11:28 UTC 2020 /home/travis/build/icyphy/ptII/ptolemy/domains/continuous/test/auto/ContinuousMerge2.xml
----------------- Instantiating /home/travis/build/icyphy/ptII/ptolemy/domains/continuous/test/auto/ContinuousMerge2.xml
10 ms. Memory: 294912K Free: 248622K (84%)
----------------- Invoking toplevel() on ptolemy.moml.MoMLSimpleApplication@1a606e65
----------------- Done invoking toplevel() on ptolemy.moml.MoMLSimpleApplication@1a606e65
reloadAllAccessors: .ContinuousMerge2

===========================================================================================
----------------- testing Sun Mar 15 07:11:28 UTC 2020 /home/travis/build/icyphy/ptII/ptolemy/domains/continuous/test/auto/ContinuousMerge3.xml
----------------- Instantiating /home/travis/build/icyphy/ptII/ptolemy/domains/continuous/test/auto/ContinuousMerge3.xml
36 ms. Memory: 294912K Free: 237872K (81%)
----------------- Invoking toplevel() on ptolemy.moml.MoMLSimpleApplication@1c2b4402
----------------- Done invoking toplevel() on ptolemy.moml.MoMLSimpleApplication@1c2b4402
reloadAllAccessors: .ContinuousMerge3

===========================================================================================
----------------- testing Sun Mar 15 07:11:28 UTC 2020 /home/travis/build/icyphy/ptII/ptolemy/domains/continuous/test/auto/ContinuousWithinContinuous.xml
----------------- Instantiating /home/travis/build/icyphy/ptII/ptolemy/domains/continuous/test/auto/ContinuousWithinContinuous.xml
29 ms. Memory: 294912K Free: 228656K (78%)
----------------- Invoking toplevel() on ptolemy.moml.MoMLSimpleApplication@5c273fa4
----------------- Done invoking toplevel() on ptolemy.moml.MoMLSimpleApplication@5c273fa4
reloadAllAccessors: .ContinuousWithinContinuous

===========================================================================================
----------------- testing Sun Mar 15 07:11:28 UTC 2020 /home/travis/build/icyphy/ptII/ptolemy/domains/continuous/test/auto/ContinuousWithinContinuous2.xml
----------------- Instantiating /home/travis/build/icyphy/ptII/ptolemy/domains/continuous/test/auto/ContinuousWithinContinuous2.xml
55 ms. Memory: 294912K Free: 218416K (74%)
----------------- Invoking toplevel() on ptolemy.moml.MoMLSimpleApplication@5ca53391
----------------- Done invoking toplevel() on ptolemy.moml.MoMLSimpleApplication@5ca53391
reloadAllAccessors: .ContinuousWithinContinuous2

===========================================================================================
----------------- testing Sun Mar 15 07:11:28 UTC 2020 /home/travis/build/icyphy/ptII/ptolemy/domains/continuous/test/auto/ContinuousWithinContinuous3.xml
----------------- Instantiating /home/travis/build/icyphy/ptII/ptolemy/domains/continuous/test/auto/ContinuousWithinContinuous3.xml
10 ms. Memory: 294912K Free: 211248K (72%)
----------------- Invoking toplevel() on ptolemy.moml.MoMLSimpleApplication@28cdc0b6
----------------- Done invoking toplevel() on ptolemy.moml.MoMLSimpleApplication@28cdc0b6
reloadAllAccessors: .ContinuousWithinContinuous3

===========================================================================================
----------------- testing Sun Mar 15 07:11:28 UTC 2020 /home/travis/build/icyphy/ptII/ptolemy/domains/continuous/test/auto/ContinuousWithinContinuous4.xml
----------------- Instantiating /home/travis/build/icyphy/ptII/ptolemy/domains/continuous/test/auto/ContinuousWithinContinuous4.xml
51 ms. Memory: 294912K Free: 199470K (68%)
----------------- Invoking toplevel() on ptolemy.moml.MoMLSimpleApplication@1ffab076
----------------- Done invoking toplevel() on ptolemy.moml.MoMLSimpleApplication@1ffab076
reloadAllAccessors: .ContinuousWithinContinuous4

===========================================================================================
----------------- testing Sun Mar 15 07:11:29 UTC 2020 /home/travis/build/icyphy/ptII/ptolemy/domains/continuous/test/auto/ContinuousWithinContinuous5.xml
----------------- Instantiating /home/travis/build/icyphy/ptII/ptolemy/domains/continuous/test/auto/ContinuousWithinContinuous5.xml
10 ms. Memory: 294912K Free: 192302K (65%)
----------------- Invoking toplevel() on ptolemy.moml.MoMLSimpleApplication@243578d8
----------------- Done invoking toplevel() on ptolemy.moml.MoMLSimpleApplication@243578d8
reloadAllAccessors: .ContinuousWithinContinuous5

===========================================================================================
----------------- testing Sun Mar 15 07:11:29 UTC 2020 /home/travis/build/icyphy/ptII/ptolemy/domains/continuous/test/auto/ContinuousWithinContinuous6.xml
----------------- Instantiating /home/travis/build/icyphy/ptII/ptolemy/domains/continuous/test/auto/ContinuousWithinContinuous6.xml
10 ms. Memory: 294912K Free: 185134K (63%)
----------------- Invoking toplevel() on ptolemy.moml.MoMLSimpleApplication@476000a7
----------------- Done invoking toplevel() on ptolemy.moml.MoMLSimpleApplication@476000a7
reloadAllAccessors: .ContinuousWithinContinuous6

===========================================================================================
----------------- testing Sun Mar 15 07:11:29 UTC 2020 /home/travis/build/icyphy/ptII/ptolemy/domains/continuous/test/auto/ContinuousWithinContinuous7.xml
----------------- Instantiating /home/travis/build/icyphy/ptII/ptolemy/domains/continuous/test/auto/ContinuousWithinContinuous7.xml
45 ms. Memory: 294912K Free: 174384K (59%)
----------------- Invoking toplevel() on ptolemy.moml.MoMLSimpleApplication@6d4d744d
----------------- Done invoking toplevel() on ptolemy.moml.MoMLSimpleApplication@6d4d744d
reloadAllAccessors: .ContinuousWithinContinuous7

===========================================================================================
----------------- testing Sun Mar 15 07:11:29 UTC 2020 /home/travis/build/icyphy/ptII/ptolemy/domains/continuous/test/auto/DCMotor.xml
----------------- Instantiating /home/travis/build/icyphy/ptII/ptolemy/domains/continuous/test/auto/DCMotor.xml
12120 ms. Memory: 294912K Free: 263990K (90%)
----------------- Invoking toplevel() on ptolemy.moml.MoMLSimpleApplication@6b3326e8
----------------- Done invoking toplevel() on ptolemy.moml.MoMLSimpleApplication@6b3326e8
reloadAllAccessors: .DCMotor

===========================================================================================
----------------- testing Sun Mar 15 07:11:41 UTC 2020 /home/travis/build/icyphy/ptII/ptolemy/domains/continuous/test/auto/DEInContinuous.xml
----------------- Instantiating /home/travis/build/icyphy/ptII/ptolemy/domains/continuous/test/auto/DEInContinuous.xml
19 ms. Memory: 294912K Free: 257846K (87%)
----------------- Invoking toplevel() on ptolemy.moml.MoMLSimpleApplication@119054a
----------------- Done invoking toplevel() on ptolemy.moml.MoMLSimpleApplication@119054a
reloadAllAccessors: .DEInContinuous

===========================================================================================
----------------- testing Sun Mar 15 07:11:41 UTC 2020 /home/travis/build/icyphy/ptII/ptolemy/domains/continuous/test/auto/DEinContinuous2.xml
----------------- Instantiating /home/travis/build/icyphy/ptII/ptolemy/domains/continuous/test/auto/DEinContinuous2.xml
7 ms. Memory: 294912K Free: 249654K (85%)
----------------- Invoking toplevel() on ptolemy.moml.MoMLSimpleApplication@e8ad97c
----------------- Done invoking toplevel() on ptolemy.moml.MoMLSimpleApplication@e8ad97c
reloadAllAccessors: .DEinContinuous2

===========================================================================================
----------------- testing Sun Mar 15 07:11:41 UTC 2020 /home/travis/build/icyphy/ptII/ptolemy/domains/continuous/test/auto/Derivative.xml
----------------- Instantiating /home/travis/build/icyphy/ptII/ptolemy/domains/continuous/test/auto/Derivative.xml
135 ms. Memory: 294912K Free: 220468K (75%)
----------------- Invoking toplevel() on ptolemy.moml.MoMLSimpleApplication@2c720b73
----------------- Done invoking toplevel() on ptolemy.moml.MoMLSimpleApplication@2c720b73
reloadAllAccessors: .Derivative2

===========================================================================================
----------------- testing Sun Mar 15 07:11:41 UTC 2020 /home/travis/build/icyphy/ptII/ptolemy/domains/continuous/test/auto/Derivative1.xml
----------------- Instantiating /home/travis/build/icyphy/ptII/ptolemy/domains/continuous/test/auto/Derivative1.xml
29 ms. Memory: 294912K Free: 206132K (70%)
----------------- Invoking toplevel() on ptolemy.moml.MoMLSimpleApplication@35e25553
----------------- Done invoking toplevel() on ptolemy.moml.MoMLSimpleApplication@35e25553
reloadAllAccessors: .Derivative1

===========================================================================================
----------------- testing Sun Mar 15 07:11:41 UTC 2020 /home/travis/build/icyphy/ptII/ptolemy/domains/continuous/test/auto/DiscreteClock.xml
----------------- Instantiating /home/travis/build/icyphy/ptII/ptolemy/domains/continuous/test/auto/DiscreteClock.xml
3 ms. Memory: 294912K Free: 201012K (68%)
----------------- Invoking toplevel() on ptolemy.moml.MoMLSimpleApplication@5e512442
----------------- Done invoking toplevel() on ptolemy.moml.MoMLSimpleApplication@5e512442
reloadAllAccessors: .DiscreteClock

===========================================================================================
----------------- testing Sun Mar 15 07:11:41 UTC 2020 /home/travis/build/icyphy/ptII/ptolemy/domains/continuous/test/auto/EfficiencyCurve.xml
----------------- Instantiating /home/travis/build/icyphy/ptII/ptolemy/domains/continuous/test/auto/EfficiencyCurve.xml
59 ms. Memory: 294912K Free: 192310K (65%)
----------------- Invoking toplevel() on ptolemy.moml.MoMLSimpleApplication@29ff67f5
----------------- Done invoking toplevel() on ptolemy.moml.MoMLSimpleApplication@29ff67f5
reloadAllAccessors: .EfficiencyCurve

===========================================================================================
----------------- testing Sun Mar 15 07:11:41 UTC 2020 /home/travis/build/icyphy/ptII/ptolemy/domains/continuous/test/auto/ExponentialResponse.xml
----------------- Instantiating /home/travis/build/icyphy/ptII/ptolemy/domains/continuous/test/auto/ExponentialResponse.xml
90 ms. Memory: 294912K Free: 176950K (60%)
----------------- Invoking toplevel() on ptolemy.moml.MoMLSimpleApplication@63df841c
----------------- Done invoking toplevel() on ptolemy.moml.MoMLSimpleApplication@63df841c
reloadAllAccessors: .ExponentialResponse

===========================================================================================
----------------- testing Sun Mar 15 07:11:41 UTC 2020 /home/travis/build/icyphy/ptII/ptolemy/domains/continuous/test/auto/ExponentialResponseRK45.xml
----------------- Instantiating /home/travis/build/icyphy/ptII/ptolemy/domains/continuous/test/auto/ExponentialResponseRK45.xml
21 ms. Memory: 294912K Free: 170292K (58%)
----------------- Invoking toplevel() on ptolemy.moml.MoMLSimpleApplication@6f608b2c
----------------- Done invoking toplevel() on ptolemy.moml.MoMLSimpleApplication@6f608b2c
reloadAllAccessors: .ExponentialResponseRK45

===========================================================================================
----------------- testing Sun Mar 15 07:11:41 UTC 2020 /home/travis/build/icyphy/ptII/ptolemy/domains/continuous/test/auto/Friction.xml
----------------- Instantiating /home/travis/build/icyphy/ptII/ptolemy/domains/continuous/test/auto/Friction.xml
1439 ms. Memory: 294912K Free: 270069K (92%)
----------------- Invoking toplevel() on ptolemy.moml.MoMLSimpleApplication@24519fd9
----------------- Done invoking toplevel() on ptolemy.moml.MoMLSimpleApplication@24519fd9
reloadAllAccessors: .Friction

===========================================================================================
----------------- testing Sun Mar 15 07:11:43 UTC 2020 /home/travis/build/icyphy/ptII/ptolemy/domains/continuous/test/auto/FurutaPendulum.xml
----------------- Instantiating /home/travis/build/icyphy/ptII/ptolemy/domains/continuous/test/auto/FurutaPendulum.xml
2813 ms. Memory: 294912K Free: 124160K (42%)
----------------- Invoking toplevel() on ptolemy.moml.MoMLSimpleApplication@3c8ed0cc
----------------- Done invoking toplevel() on ptolemy.moml.MoMLSimpleApplication@3c8ed0cc
reloadAllAccessors: .FurutaPendulum

===========================================================================================
----------------- testing Sun Mar 15 07:11:46 UTC 2020 /home/travis/build/icyphy/ptII/ptolemy/domains/continuous/test/auto/HierarchicalExecution.xml
----------------- Instantiating /home/travis/build/icyphy/ptII/ptolemy/domains/continuous/test/auto/HierarchicalExecution.xml
1616 ms. Memory: 294912K Free: 187378K (64%)
----------------- Invoking toplevel() on ptolemy.moml.MoMLSimpleApplication@a006759
----------------- Done invoking toplevel() on ptolemy.moml.MoMLSimpleApplication@a006759
reloadAllAccessors: .HierarchicalExecution

===========================================================================================
----------------- testing Sun Mar 15 07:11:48 UTC 2020 /home/travis/build/icyphy/ptII/ptolemy/domains/continuous/test/auto/HybridPlant.xml
----------------- Instantiating /home/travis/build/icyphy/ptII/ptolemy/domains/continuous/test/auto/HybridPlant.xml
489 ms. Memory: 294912K Free: 271647K (92%)
----------------- Invoking toplevel() on ptolemy.moml.MoMLSimpleApplication@6b17a7e7
----------------- Done invoking toplevel() on ptolemy.moml.MoMLSimpleApplication@6b17a7e7
reloadAllAccessors: .HybridPlant

===========================================================================================
----------------- testing Sun Mar 15 07:11:48 UTC 2020 /home/travis/build/icyphy/ptII/ptolemy/domains/continuous/test/auto/Hysteresis.xml
----------------- Instantiating /home/travis/build/icyphy/ptII/ptolemy/domains/continuous/test/auto/Hysteresis.xml
145 ms. Memory: 294912K Free: 209197K (71%)
----------------- Invoking toplevel() on ptolemy.moml.MoMLSimpleApplication@681d557
----------------- Done invoking toplevel() on ptolemy.moml.MoMLSimpleApplication@681d557
reloadAllAccessors: .Hysteresis

===========================================================================================
----------------- testing Sun Mar 15 07:11:49 UTC 2020 /home/travis/build/icyphy/ptII/ptolemy/domains/continuous/test/auto/HysteresisWithRandomDelay.xml
----------------- Instantiating /home/travis/build/icyphy/ptII/ptolemy/domains/continuous/test/auto/HysteresisWithRandomDelay.xml
183 ms. Memory: 294912K Free: 138031K (47%)
----------------- Invoking toplevel() on ptolemy.moml.MoMLSimpleApplication@772128fb
----------------- Done invoking toplevel() on ptolemy.moml.MoMLSimpleApplication@772128fb
reloadAllAccessors: .HysteresisWithRandomDelay

===========================================================================================
----------------- testing Sun Mar 15 07:11:49 UTC 2020 /home/travis/build/icyphy/ptII/ptolemy/domains/continuous/test/auto/HysteresisWithRandomLosses.xml
----------------- Instantiating /home/travis/build/icyphy/ptII/ptolemy/domains/continuous/test/auto/HysteresisWithRandomLosses.xml
2240 ms. Memory: 294912K Free: 268975K (91%)
----------------- Invoking toplevel() on ptolemy.moml.MoMLSimpleApplication@5995a71a
----------------- Done invoking toplevel() on ptolemy.moml.MoMLSimpleApplication@5995a71a
reloadAllAccessors: .HysteresisWithRandomLosses

===========================================================================================
----------------- testing Sun Mar 15 07:11:51 UTC 2020 /home/travis/build/icyphy/ptII/ptolemy/domains/continuous/test/auto/ImmediateTransitions.xml
----------------- Instantiating /home/travis/build/icyphy/ptII/ptolemy/domains/continuous/test/auto/ImmediateTransitions.xml
11 ms. Memory: 294912K Free: 257681K (87%)
----------------- Invoking toplevel() on ptolemy.moml.MoMLSimpleApplication@44f4e8a6
----------------- Done invoking toplevel() on ptolemy.moml.MoMLSimpleApplication@44f4e8a6
reloadAllAccessors: .ImmediateTransitions

===========================================================================================
----------------- testing Sun Mar 15 07:11:51 UTC 2020 /home/travis/build/icyphy/ptII/ptolemy/domains/continuous/test/auto/ImpulseFeedback.xml
----------------- Instantiating /home/travis/build/icyphy/ptII/ptolemy/domains/continuous/test/auto/ImpulseFeedback.xml
14 ms. Memory: 294912K Free: 252081K (85%)
----------------- Invoking toplevel() on ptolemy.moml.MoMLSimpleApplication@2953869b
----------------- Done invoking toplevel() on ptolemy.moml.MoMLSimpleApplication@2953869b
reloadAllAccessors: .ImpulseFeedback

===========================================================================================
----------------- testing Sun Mar 15 07:11:51 UTC 2020 /home/travis/build/icyphy/ptII/ptolemy/domains/continuous/test/auto/ImpulseFeedback2.xml
----------------- Instantiating /home/travis/build/icyphy/ptII/ptolemy/domains/continuous/test/auto/ImpulseFeedback2.xml
5 ms. Memory: 294912K Free: 246447K (84%)
----------------- Invoking toplevel() on ptolemy.moml.MoMLSimpleApplication@17664461
----------------- Done invoking toplevel() on ptolemy.moml.MoMLSimpleApplication@17664461
reloadAllAccessors: .ImpulseFeedback2

===========================================================================================
----------------- testing Sun Mar 15 07:11:51 UTC 2020 /home/travis/build/icyphy/ptII/ptolemy/domains/continuous/test/auto/IncreasingRatePoisson.xml
----------------- Instantiating /home/travis/build/icyphy/ptII/ptolemy/domains/continuous/test/auto/IncreasingRatePoisson.xml
669 ms. Memory: 294912K Free: 119981K (41%)
----------------- Invoking toplevel() on ptolemy.moml.MoMLSimpleApplication@5c62a265
----------------- Done invoking toplevel() on ptolemy.moml.MoMLSimpleApplication@5c62a265
reloadAllAccessors: .IncreasingRatePoisson

===========================================================================================
----------------- testing Sun Mar 15 07:11:52 UTC 2020 /home/travis/build/icyphy/ptII/ptolemy/domains/continuous/test/auto/InitialStateFeedback.xml
----------------- Instantiating /home/travis/build/icyphy/ptII/ptolemy/domains/continuous/test/auto/InitialStateFeedback.xml
3 ms. Memory: 294912K Free: 115371K (39%)
----------------- Invoking toplevel() on ptolemy.moml.MoMLSimpleApplication@674e6588
----------------- Done invoking toplevel() on ptolemy.moml.MoMLSimpleApplication@674e6588
reloadAllAccessors: .InitialStateFeedback

===========================================================================================
----------------- testing Sun Mar 15 07:11:52 UTC 2020 /home/travis/build/icyphy/ptII/ptolemy/domains/continuous/test/auto/Integration.xml
----------------- Instantiating /home/travis/build/icyphy/ptII/ptolemy/domains/continuous/test/auto/Integration.xml
1 ms. Memory: 294912K Free: 111275K (38%)
----------------- Invoking toplevel() on ptolemy.moml.MoMLSimpleApplication@397f43e5
----------------- Done invoking toplevel() on ptolemy.moml.MoMLSimpleApplication@397f43e5
reloadAllAccessors: .Integration

===========================================================================================
----------------- testing Sun Mar 15 07:11:52 UTC 2020 /home/travis/build/icyphy/ptII/ptolemy/domains/continuous/test/auto/Integration2.xml
----------------- Instantiating /home/travis/build/icyphy/ptII/ptolemy/domains/continuous/test/auto/Integration2.xml
72 ms. Memory: 294912K Free: 272218K (92%)
----------------- Invoking toplevel() on ptolemy.moml.MoMLSimpleApplication@4ba71e55
----------------- Done invoking toplevel() on ptolemy.moml.MoMLSimpleApplication@4ba71e55
reloadAllAccessors: .Integration2

===========================================================================================
----------------- testing Sun Mar 15 07:11:52 UTC 2020 /home/travis/build/icyphy/ptII/ptolemy/domains/continuous/test/auto/Integration3.xml
----------------- Instantiating /home/travis/build/icyphy/ptII/ptolemy/domains/continuous/test/auto/Integration3.xml
2 ms. Memory: 294912K Free: 267397K (91%)
----------------- Invoking toplevel() on ptolemy.moml.MoMLSimpleApplication@40395312
----------------- Done invoking toplevel() on ptolemy.moml.MoMLSimpleApplication@40395312
reloadAllAccessors: .Integration3

===========================================================================================
----------------- testing Sun Mar 15 07:11:52 UTC 2020 /home/travis/build/icyphy/ptII/ptolemy/domains/continuous/test/auto/Integration5.xml
----------------- Instantiating /home/travis/build/icyphy/ptII/ptolemy/domains/continuous/test/auto/Integration5.xml
2 ms. Memory: 294912K Free: 263301K (89%)
----------------- Invoking toplevel() on ptolemy.moml.MoMLSimpleApplication@4dcb228
----------------- Done invoking toplevel() on ptolemy.moml.MoMLSimpleApplication@4dcb228
reloadAllAccessors: .Integration5

===========================================================================================
----------------- testing Sun Mar 15 07:11:52 UTC 2020 /home/travis/build/icyphy/ptII/ptolemy/domains/continuous/test/auto/IntegratorImpulse.xml
----------------- Instantiating /home/travis/build/icyphy/ptII/ptolemy/domains/continuous/test/auto/IntegratorImpulse.xml
2 ms. Memory: 294912K Free: 259205K (88%)
----------------- Invoking toplevel() on ptolemy.moml.MoMLSimpleApplication@1cb70f8f
----------------- Done invoking toplevel() on ptolemy.moml.MoMLSimpleApplication@1cb70f8f
reloadAllAccessors: .IntegratorImpulse

===========================================================================================
----------------- testing Sun Mar 15 07:11:52 UTC 2020 /home/travis/build/icyphy/ptII/ptolemy/domains/continuous/test/auto/IntegratorImpulse2.xml
----------------- Instantiating /home/travis/build/icyphy/ptII/ptolemy/domains/continuous/test/auto/IntegratorImpulse2.xml
3 ms. Memory: 294912K Free: 254565K (86%)
----------------- Invoking toplevel() on ptolemy.moml.MoMLSimpleApplication@7d13dc0c
----------------- Done invoking toplevel() on ptolemy.moml.MoMLSimpleApplication@7d13dc0c
reloadAllAccessors: .IntegratorImpulse2

===========================================================================================
----------------- testing Sun Mar 15 07:11:52 UTC 2020 /home/travis/build/icyphy/ptII/ptolemy/domains/continuous/test/auto/LevelCrossing1.xml
----------------- Instantiating /home/travis/build/icyphy/ptII/ptolemy/domains/continuous/test/auto/LevelCrossing1.xml
6 ms. Memory: 294912K Free: 249469K (85%)
----------------- Invoking toplevel() on ptolemy.moml.MoMLSimpleApplication@4655719e
----------------- Done invoking toplevel() on ptolemy.moml.MoMLSimpleApplication@4655719e
reloadAllAccessors: .LevelCrossing1

===========================================================================================
----------------- testing Sun Mar 15 07:11:52 UTC 2020 /home/travis/build/icyphy/ptII/ptolemy/domains/continuous/test/auto/LevelCrossing2.xml
----------------- Instantiating /home/travis/build/icyphy/ptII/ptolemy/domains/continuous/test/auto/LevelCrossing2.xml
2 ms. Memory: 294912K Free: 244349K (83%)
----------------- Invoking toplevel() on ptolemy.moml.MoMLSimpleApplication@36a8caa3
----------------- Done invoking toplevel() on ptolemy.moml.MoMLSimpleApplication@36a8caa3
reloadAllAccessors: .LevelCrossing2

===========================================================================================
----------------- testing Sun Mar 15 07:11:52 UTC 2020 /home/travis/build/icyphy/ptII/ptolemy/domains/continuous/test/auto/LevelCrossing3.xml
----------------- Instantiating /home/travis/build/icyphy/ptII/ptolemy/domains/continuous/test/auto/LevelCrossing3.xml
3 ms. Memory: 294912K Free: 239221K (81%)
----------------- Invoking toplevel() on ptolemy.moml.MoMLSimpleApplication@4551761
----------------- Done invoking toplevel() on ptolemy.moml.MoMLSimpleApplication@4551761
reloadAllAccessors: .LevelCrossing3

===========================================================================================
----------------- testing Sun Mar 15 07:11:52 UTC 2020 /home/travis/build/icyphy/ptII/ptolemy/domains/continuous/test/auto/LevelCrossing4.xml
----------------- Instantiating /home/travis/build/icyphy/ptII/ptolemy/domains/continuous/test/auto/LevelCrossing4.xml
3 ms. Memory: 294912K Free: 234101K (79%)
----------------- Invoking toplevel() on ptolemy.moml.MoMLSimpleApplication@373dfca3
----------------- Done invoking toplevel() on ptolemy.moml.MoMLSimpleApplication@373dfca3
reloadAllAccessors: .LevelCrossing4

===========================================================================================
----------------- testing Sun Mar 15 07:11:52 UTC 2020 /home/travis/build/icyphy/ptII/ptolemy/domains/continuous/test/auto/LevelCrossing5.xml
----------------- Instantiating /home/travis/build/icyphy/ptII/ptolemy/domains/continuous/test/auto/LevelCrossing5.xml
2 ms. Memory: 294912K Free: 228981K (78%)
----------------- Invoking toplevel() on ptolemy.moml.MoMLSimpleApplication@7c866cd0
----------------- Done invoking toplevel() on ptolemy.moml.MoMLSimpleApplication@7c866cd0
reloadAllAccessors: .LevelCrossing5

===========================================================================================
[...]
----------------- testing Sun Mar 15 07:12:07 UTC 2020 /home/travis/build/icyphy/ptII/ptolemy/domains/continuous/test/auto/SRinContinuous.xml
----------------- Instantiating /home/travis/build/icyphy/ptII/ptolemy/domains/continuous/test/auto/SRinContinuous.xml
3 ms. Memory: 294912K Free: 165800K (56%)
----------------- Invoking toplevel() on ptolemy.moml.MoMLSimpleApplication@77a158e8
----------------- Done invoking toplevel() on ptolemy.moml.MoMLSimpleApplication@77a158e8
reloadAllAccessors: .SRinContinuous

===========================================================================================
----------------- testing Sun Mar 15 07:12:07 UTC 2020 /home/travis/build/icyphy/ptII/ptolemy/domains/continuous/test/auto/SampledClocks.xml
----------------- Instantiating /home/travis/build/icyphy/ptII/ptolemy/domains/continuous/test/auto/SampledClocks.xml
6 ms. Memory: 294912K Free: 153002K (52%)
----------------- Invoking toplevel() on ptolemy.moml.MoMLSimpleApplication@3b65bb73
----------------- Done invoking toplevel() on ptolemy.moml.MoMLSimpleApplication@3b65bb73
reloadAllAccessors: .SampledClocks

===========================================================================================
----------------- testing Sun Mar 15 07:12:07 UTC 2020 /home/travis/build/icyphy/ptII/ptolemy/domains/continuous/test/auto/Satellite.xml
----------------- Instantiating /home/travis/build/icyphy/ptII/ptolemy/domains/continuous/test/auto/Satellite.xml
725 ms. Memory: 294912K Free: 134609K (46%)
----------------- Invoking toplevel() on ptolemy.moml.MoMLSimpleApplication@1263f9f1
----------------- Done invoking toplevel() on ptolemy.moml.MoMLSimpleApplication@1263f9f1
reloadAllAccessors: .Satellite

===========================================================================================
----------------- testing Sun Mar 15 07:12:08 UTC 2020 /home/travis/build/icyphy/ptII/ptolemy/domains/continuous/test/auto/SigmaDelta.xml
----------------- Instantiating /home/travis/build/icyphy/ptII/ptolemy/domains/continuous/test/auto/SigmaDelta.xml
1798 ms. Memory: 294912K Free: 214881K (73%)
----------------- Invoking toplevel() on ptolemy.moml.MoMLSimpleApplication@1e5d55ad
----------------- Done invoking toplevel() on ptolemy.moml.MoMLSimpleApplication@1e5d55ad
reloadAllAccessors: .SigmaDelta

===========================================================================================
----------------- testing Sun Mar 15 07:12:10 UTC 2020 /home/travis/build/icyphy/ptII/ptolemy/domains/continuous/test/auto/SingleRefinement.xml
----------------- Instantiating /home/travis/build/icyphy/ptII/ptolemy/domains/continuous/test/auto/SingleRefinement.xml
282 ms. Memory: 294912K Free: 205977K (70%)
----------------- Invoking toplevel() on ptolemy.moml.MoMLSimpleApplication@6334d943
----------------- Done invoking toplevel() on ptolemy.moml.MoMLSimpleApplication@6334d943
reloadAllAccessors: .SingleRefinement

===========================================================================================
----------------- testing Sun Mar 15 07:12:10 UTC 2020 /home/travis/build/icyphy/ptII/ptolemy/domains/continuous/test/auto/SinuBouncingBall.xml
----------------- Instantiating /home/travis/build/icyphy/ptII/ptolemy/domains/continuous/test/auto/SinuBouncingBall.xml
708 ms. Memory: 294912K Free: 164763K (56%)
----------------- Invoking toplevel() on ptolemy.moml.MoMLSimpleApplication@79efadbe
----------------- Done invoking toplevel() on ptolemy.moml.MoMLSimpleApplication@79efadbe
reloadAllAccessors: .SinuBouncingBall

===========================================================================================
----------------- testing Sun Mar 15 07:12:11 UTC 2020 /home/travis/build/icyphy/ptII/ptolemy/domains/continuous/test/auto/Sinusoid.xml
----------------- Instantiating /home/travis/build/icyphy/ptII/ptolemy/domains/continuous/test/auto/Sinusoid.xml
4 ms. Memory: 294912K Free: 160171K (54%)
----------------- Invoking toplevel() on ptolemy.moml.MoMLSimpleApplication@6fe88293
----------------- Done invoking toplevel() on ptolemy.moml.MoMLSimpleApplication@6fe88293
reloadAllAccessors: .Sinusoid

===========================================================================================
----------------- testing Sun Mar 15 07:12:11 UTC 2020 /home/travis/build/icyphy/ptII/ptolemy/domains/continuous/test/auto/SinusoidInNoise.xml
----------------- Instantiating /home/travis/build/icyphy/ptII/ptolemy/domains/continuous/test/auto/SinusoidInNoise.xml
746 ms. Memory: 294912K Free: 196561K (67%)
----------------- Invoking toplevel() on ptolemy.moml.MoMLSimpleApplication@7ffa907f
----------------- Done invoking toplevel() on ptolemy.moml.MoMLSimpleApplication@7ffa907f
reloadAllAccessors: .SinusoidInNoise

===========================================================================================
----------------- testing Sun Mar 15 07:12:12 UTC 2020 /home/travis/build/icyphy/ptII/ptolemy/domains/continuous/test/auto/SinusoidRK45.xml
----------------- Instantiating /home/travis/build/icyphy/ptII/ptolemy/domains/continuous/test/auto/SinusoidRK45.xml
2 ms. Memory: 294912K Free: 191937K (65%)
----------------- Invoking toplevel() on ptolemy.moml.MoMLSimpleApplication@5f96c20a
----------------- Done invoking toplevel() on ptolemy.moml.MoMLSimpleApplication@5f96c20a
reloadAllAccessors: .SinusoidRK45

===========================================================================================
----------------- testing Sun Mar 15 07:12:12 UTC 2020 /home/travis/build/icyphy/ptII/ptolemy/domains/continuous/test/auto/SinusoidWithMultipleImpulses.xml
----------------- Instantiating /home/travis/build/icyphy/ptII/ptolemy/domains/continuous/test/auto/SinusoidWithMultipleImpulses.xml
2 ms. Memory: 294912K Free: 187345K (64%)
----------------- Invoking toplevel() on ptolemy.moml.MoMLSimpleApplication@6b2cf892
----------------- Done invoking toplevel() on ptolemy.moml.MoMLSimpleApplication@6b2cf892
reloadAllAccessors: .SinusoidWithMultipleImpulses

===========================================================================================
----------------- testing Sun Mar 15 07:12:12 UTC 2020 /home/travis/build/icyphy/ptII/ptolemy/domains/continuous/test/auto/SquareWave.xml
----------------- Instantiating /home/travis/build/icyphy/ptII/ptolemy/domains/continuous/test/auto/SquareWave.xml
126 ms. Memory: 294912K Free: 159697K (54%)
----------------- Invoking toplevel() on ptolemy.moml.MoMLSimpleApplication@1146e087
----------------- Done invoking toplevel() on ptolemy.moml.MoMLSimpleApplication@1146e087
reloadAllAccessors: .SquareWave

===========================================================================================
----------------- testing Sun Mar 15 07:12:12 UTC 2020 /home/travis/build/icyphy/ptII/ptolemy/domains/continuous/test/auto/Starmac.xml
----------------- Instantiating /home/travis/build/icyphy/ptII/ptolemy/domains/continuous/test/auto/Starmac.xml
3062 ms. Memory: 294912K Free: 194693K (66%)
----------------- Invoking toplevel() on ptolemy.moml.MoMLSimpleApplication@38ae2fe
----------------- Done invoking toplevel() on ptolemy.moml.MoMLSimpleApplication@38ae2fe
reloadAllAccessors: .Starmac

===========================================================================================
----------------- testing Sun Mar 15 07:12:16 UTC 2020 /home/travis/build/icyphy/ptII/ptolemy/domains/continuous/test/auto/StaticUnits.xml
----------------- Instantiating /home/travis/build/icyphy/ptII/ptolemy/domains/continuous/test/auto/StaticUnits.xml
1721 ms. Memory: 294912K Free: 251949K (85%)
----------------- Invoking toplevel() on ptolemy.moml.MoMLSimpleApplication@3dab40c5
----------------- Done invoking toplevel() on ptolemy.moml.MoMLSimpleApplication@3dab40c5
reloadAllAccessors: .StaticUnits

===========================================================================================
----------------- testing Sun Mar 15 07:12:18 UTC 2020 /home/travis/build/icyphy/ptII/ptolemy/domains/continuous/test/auto/StickyMasses.xml
----------------- Instantiating /home/travis/build/icyphy/ptII/ptolemy/domains/continuous/test/auto/StickyMasses.xml
161 ms. Memory: 294912K Free: 202287K (69%)
----------------- Invoking toplevel() on ptolemy.moml.MoMLSimpleApplication@315300cf
----------------- Done invoking toplevel() on ptolemy.moml.MoMLSimpleApplication@315300cf
reloadAllAccessors: .StickyMasses

===========================================================================================
----------------- testing Sun Mar 15 07:12:18 UTC 2020 /home/travis/build/icyphy/ptII/ptolemy/domains/continuous/test/auto/StopTime.xml
----------------- Instantiating /home/travis/build/icyphy/ptII/ptolemy/domains/continuous/test/auto/StopTime.xml
42 ms. Memory: 294912K Free: 177191K (60%)
----------------- Invoking toplevel() on ptolemy.moml.MoMLSimpleApplication@14e87eeb
----------------- Done invoking toplevel() on ptolemy.moml.MoMLSimpleApplication@14e87eeb
reloadAllAccessors: .StopTime

===========================================================================================
----------------- testing Sun Mar 15 07:12:18 UTC 2020 /home/travis/build/icyphy/ptII/ptolemy/domains/continuous/test/auto/StopTime2.xml
----------------- Instantiating /home/travis/build/icyphy/ptII/ptolemy/domains/continuous/test/auto/StopTime2.xml
34 ms. Memory: 294912K Free: 155183K (53%)
----------------- Invoking toplevel() on ptolemy.moml.MoMLSimpleApplication@2b430b51
----------------- Done invoking toplevel() on ptolemy.moml.MoMLSimpleApplication@2b430b51
reloadAllAccessors: .StopTime2

===========================================================================================
----------------- testing Sun Mar 15 07:12:18 UTC 2020 /home/travis/build/icyphy/ptII/ptolemy/domains/continuous/test/auto/Switch.xml
----------------- Instantiating /home/travis/build/icyphy/ptII/ptolemy/domains/continuous/test/auto/Switch.xml
35 ms. Memory: 294912K Free: 130093K (44%)
----------------- Invoking toplevel() on ptolemy.moml.MoMLSimpleApplication@77b50af4
----------------- Done invoking toplevel() on ptolemy.moml.MoMLSimpleApplication@77b50af4
reloadAllAccessors: .Switch

===========================================================================================
----------------- testing Sun Mar 15 07:12:18 UTC 2020 /home/travis/build/icyphy/ptII/ptolemy/domains/continuous/test/auto/Thermostat.xml
----------------- Instantiating /home/travis/build/icyphy/ptII/ptolemy/domains/continuous/test/auto/Thermostat.xml
178 ms. Memory: 294912K Free: 229028K (78%)
----------------- Invoking toplevel() on ptolemy.moml.MoMLSimpleApplication@1f194c80
----------------- Done invoking toplevel() on ptolemy.moml.MoMLSimpleApplication@1f194c80
reloadAllAccessors: .Thermostat

===========================================================================================
----------------- testing Sun Mar 15 07:12:19 UTC 2020 /home/travis/build/icyphy/ptII/ptolemy/domains/continuous/test/auto/TimeDelay.xml
----------------- Instantiating /home/travis/build/icyphy/ptII/ptolemy/domains/continuous/test/auto/TimeDelay.xml
4 ms. Memory: 294912K Free: 224284K (76%)
----------------- Invoking toplevel() on ptolemy.moml.MoMLSimpleApplication@1a15b0e4
----------------- Done invoking toplevel() on ptolemy.moml.MoMLSimpleApplication@1a15b0e4
reloadAllAccessors: .TimeDelay

===========================================================================================
----------------- testing Sun Mar 15 07:12:19 UTC 2020 /home/travis/build/icyphy/ptII/ptolemy/domains/continuous/test/auto/TimeDelay2.xml
----------------- Instantiating /home/travis/build/icyphy/ptII/ptolemy/domains/continuous/test/auto/TimeDelay2.xml
6 ms. Memory: 294912K Free: 214565K (73%)
----------------- Invoking toplevel() on ptolemy.moml.MoMLSimpleApplication@925ff98
----------------- Done invoking toplevel() on ptolemy.moml.MoMLSimpleApplication@925ff98
reloadAllAccessors: .TimeDelay2

===========================================================================================
----------------- testing Sun Mar 15 07:12:19 UTC 2020 /home/travis/build/icyphy/ptII/ptolemy/domains/continuous/test/auto/TimeDelay3.xml
----------------- Instantiating /home/travis/build/icyphy/ptII/ptolemy/domains/continuous/test/auto/TimeDelay3.xml
2 ms. Memory: 294912K Free: 209924K (71%)
----------------- Invoking toplevel() on ptolemy.moml.MoMLSimpleApplication@593a7560
----------------- Done invoking toplevel() on ptolemy.moml.MoMLSimpleApplication@593a7560
reloadAllAccessors: .TimeDelay3

===========================================================================================
----------------- testing Sun Mar 15 07:12:19 UTC 2020 /home/travis/build/icyphy/ptII/ptolemy/domains/continuous/test/auto/TransferAbsentToInside.xml
----------------- Instantiating /home/travis/build/icyphy/ptII/ptolemy/domains/continuous/test/auto/TransferAbsentToInside.xml
26 ms. Memory: 294912K Free: 156707K (53%)
----------------- Invoking toplevel() on ptolemy.moml.MoMLSimpleApplication@4dd4eccf
----------------- Done invoking toplevel() on ptolemy.moml.MoMLSimpleApplication@4dd4eccf
reloadAllAccessors: .TransferAbsentToInside

===========================================================================================
----------------- testing Sun Mar 15 07:12:19 UTC 2020 /home/travis/build/icyphy/ptII/ptolemy/domains/continuous/test/auto/Transmission.xml
----------------- Instantiating /home/travis/build/icyphy/ptII/ptolemy/domains/continuous/test/auto/Transmission.xml
707 ms. Memory: 294912K Free: 267278K (91%)
----------------- Invoking toplevel() on ptolemy.moml.MoMLSimpleApplication@77fede0
----------------- Done invoking toplevel() on ptolemy.moml.MoMLSimpleApplication@77fede0
reloadAllAccessors: .Transmission

===========================================================================================
----------------- testing Sun Mar 15 07:12:19 UTC 2020 /home/travis/build/icyphy/ptII/ptolemy/domains/continuous/test/auto/TriggeredContinuousClock.xml
----------------- Instantiating /home/travis/build/icyphy/ptII/ptolemy/domains/continuous/test/auto/TriggeredContinuousClock.xml
37 ms. Memory: 294912K Free: 237582K (81%)
----------------- Invoking toplevel() on ptolemy.moml.MoMLSimpleApplication@1a6b8d83
----------------- Done invoking toplevel() on ptolemy.moml.MoMLSimpleApplication@1a6b8d83
reloadAllAccessors: .TriggeredContinuousClock

===========================================================================================
----------------- testing Sun Mar 15 07:12:20 UTC 2020 /home/travis/build/icyphy/ptII/ptolemy/domains/continuous/test/auto/TwoMachineInfiniteBusControl.xml
----------------- Instantiating /home/travis/build/icyphy/ptII/ptolemy/domains/continuous/test/auto/TwoMachineInfiniteBusControl.xml
2301 ms. Memory: 354304K Free: 313795K (89%)
----------------- Invoking toplevel() on ptolemy.moml.MoMLSimpleApplication@3c852c94
----------------- Done invoking toplevel() on ptolemy.moml.MoMLSimpleApplication@3c852c94
reloadAllAccessors: .TwoMachineInfiniteBusControl

===========================================================================================
----------------- testing Sun Mar 15 07:12:22 UTC 2020 /home/travis/build/icyphy/ptII/ptolemy/domains/continuous/test/auto/V2V.xml
----------------- Instantiating /home/travis/build/icyphy/ptII/ptolemy/domains/continuous/test/auto/V2V.xml
663 ms. Memory: 354304K Free: 126434K (36%)
----------------- Invoking toplevel() on ptolemy.moml.MoMLSimpleApplication@81d0f28
----------------- Done invoking toplevel() on ptolemy.moml.MoMLSimpleApplication@81d0f28
reloadAllAccessors: .V2V

===========================================================================================
----------------- testing Sun Mar 15 07:12:23 UTC 2020 /home/travis/build/icyphy/ptII/ptolemy/domains/continuous/test/auto/hierarchicalModalModel.xml
----------------- Instantiating /home/travis/build/icyphy/ptII/ptolemy/domains/continuous/test/auto/hierarchicalModalModel.xml
9 ms. Memory: 354304K Free: 318939K (90%)
----------------- Invoking toplevel() on ptolemy.moml.MoMLSimpleApplication@7b7d8a1f
----------------- Done invoking toplevel() on ptolemy.moml.MoMLSimpleApplication@7b7d8a1f
reloadAllAccessors: .hierarchicalModalModel

===========================================================================================
----------------- testing Sun Mar 15 07:12:23 UTC 2020 /home/travis/build/icyphy/ptII/ptolemy/domains/continuous/test/auto/hierarchicalModalModel1.xml
----------------- Instantiating /home/travis/build/icyphy/ptII/ptolemy/domains/continuous/test/auto/hierarchicalModalModel1.xml
8 ms. Memory: 354304K Free: 304603K (86%)
----------------- Invoking toplevel() on ptolemy.moml.MoMLSimpleApplication@3f016eb0
----------------- Done invoking toplevel() on ptolemy.moml.MoMLSimpleApplication@3f016eb0
reloadAllAccessors: .hierarchicalModalModel1

===========================================================================================
----------------- testing Sun Mar 15 07:12:23 UTC 2020 /home/travis/build/icyphy/ptII/ptolemy/domains/continuous/test/auto/hierarchicalModalModel2.xml
----------------- Instantiating /home/travis/build/icyphy/ptII/ptolemy/domains/continuous/test/auto/hierarchicalModalModel2.xml
8 ms. Memory: 354304K Free: 292315K (83%)
----------------- Invoking toplevel() on ptolemy.moml.MoMLSimpleApplication@af2ba48
----------------- Done invoking toplevel() on ptolemy.moml.MoMLSimpleApplication@af2ba48
reloadAllAccessors: .hierarchicalModalModel2

===========================================================================================
----------------- testing Sun Mar 15 07:12:23 UTC 2020 /home/travis/build/icyphy/ptII/ptolemy/domains/continuous/test/auto/hierarchicalModalModel3.xml
----------------- Instantiating /home/travis/build/icyphy/ptII/ptolemy/domains/continuous/test/auto/hierarchicalModalModel3.xml
8 ms. Memory: 354304K Free: 281561K (79%)
----------------- Invoking toplevel() on ptolemy.moml.MoMLSimpleApplication@70cc4deb
----------------- Done invoking toplevel() on ptolemy.moml.MoMLSimpleApplication@70cc4deb
reloadAllAccessors: .hierarchicalModalModel3

===========================================================================================
----------------- testing Sun Mar 15 07:12:23 UTC 2020 /home/travis/build/icyphy/ptII/ptolemy/domains/continuous/test/auto/hierarchicalModalModel4.xml
----------------- Instantiating /home/travis/build/icyphy/ptII/ptolemy/domains/continuous/test/auto/hierarchicalModalModel4.xml
4 ms. Memory: 354304K Free: 269787K (76%)
----------------- Invoking toplevel() on ptolemy.moml.MoMLSimpleApplication@10287e5
----------------- Done invoking toplevel() on ptolemy.moml.MoMLSimpleApplication@10287e5
reloadAllAccessors: .hierarchicalModalModel4

===========================================================================================
----------------- testing Sun Mar 15 07:12:23 UTC 2020 /home/travis/build/icyphy/ptII/ptolemy/domains/continuous/test/auto/junk.xml
----------------- Instantiating /home/travis/build/icyphy/ptII/ptolemy/domains/continuous/test/auto/junk.xml
113 ms. Memory: 354304K Free: 241115K (68%)
----------------- Invoking toplevel() on ptolemy.moml.MoMLSimpleApplication@5ef14ee
----------------- Done invoking toplevel() on ptolemy.moml.MoMLSimpleApplication@5ef14ee
reloadAllAccessors: .junk
AutoTests.java: About to close Vertx.
AutoTests.java: Vertx closed.
]]></system-out>
  <system-err><![CDATA[Warning: '.HysteresisWithRandomDelay.NonStrictTest3' The test produced only 26 tokens, yet the correctValues parameter was expecting 30 tokens.
Warning: '.IncreasingRatePoisson.NonStrictTest' The test produced only 387 tokens, yet the correctValues parameter was expecting 402 tokens.
Warning: '.Poisson.NonStrictTest' The test produced only 389 tokens, yet the correctValues parameter was expecting 430 tokens.
]]></system-err>
</testsuite>
