<?xml version="1.0" encoding="UTF-8" ?>
<testsuite errors="0" failures="0" hostname="travis-job-779aec19-7052-46e7-9db6-f5934624dbe2" name="ptolemy.domains.de.test.junit.JUnitTclTest" skipped="0" tests="101" time="125.585" timestamp="2019-06-12T04:37:32">
  <properties>
[...]
</properties>
  <testcase classname="ptolemy.util.test.junit.TclTests" name="[0] /home/travis/build/icyphy/ptII/ptolemy/domains/de/test/DependencyLoop.tcl (RunTclFile)" time="0.756" />
  <testcase classname="ptolemy.util.test.junit.TclTests" name="[1] /home/travis/build/icyphy/ptII/ptolemy/domains/de/test/RunDETestsAsQSS.tcl (RunTclFile)" time="85.875" />
  <testcase classname="ptolemy.util.test.junit.AutoKnownFailedTests" name="[0] /home/travis/build/icyphy/ptII/ptolemy/domains/de/test/auto/knownFailedTests/DESDFClockTest.xml (RunModel)" time="2.041" />
  <testcase classname="ptolemy.util.test.junit.AutoKnownFailedTests" name="[1] /home/travis/build/icyphy/ptII/ptolemy/domains/de/test/auto/knownFailedTests/DirectFeedback.xml (RunModel)" time="0.014" />
  <testcase classname="ptolemy.util.test.junit.AutoKnownFailedTests" name="[2] /home/travis/build/icyphy/ptII/ptolemy/domains/de/test/auto/knownFailedTests/FSMSource.xml (RunModel)" time="0.027" />
  <testcase classname="ptolemy.util.test.junit.AutoKnownFailedTests" name="[3] /home/travis/build/icyphy/ptII/ptolemy/domains/de/test/auto/knownFailedTests/HierarchicalModel.xml (RunModel)" time="0.04" />
  <testcase classname="ptolemy.util.test.junit.AutoKnownFailedTests" name="[4] /home/travis/build/icyphy/ptII/ptolemy/domains/de/test/auto/knownFailedTests/dependencyLoop.xml (RunModel)" time="0.036" />
  <testcase classname="ptolemy.util.test.junit.AutoKnownFailedTests" name="[5] /home/travis/build/icyphy/ptII/ptolemy/domains/de/test/auto/knownFailedTests/dependencyLoop2.xml (RunModel)" time="0.055" />
  <testcase classname="ptolemy.util.test.junit.AutoNameArchTests" name="[0] ThereAreNoAutoArchTests (RunModel)" time="0.001" />
  <testcase classname="ptolemy.util.test.junit.AutoTests" name="[0] /home/travis/build/icyphy/ptII/ptolemy/domains/de/test/auto/ActorDepthCalculation_actorWithoutPorts.xml (RunModel)" time="0.019" />
  <testcase classname="ptolemy.util.test.junit.AutoTests" name="[1] /home/travis/build/icyphy/ptII/ptolemy/domains/de/test/auto/AssemblyLine.xml (RunModel)" time="0.027" />
  <testcase classname="ptolemy.util.test.junit.AutoTests" name="[2] /home/travis/build/icyphy/ptII/ptolemy/domains/de/test/auto/CQBug1.xml (RunModel)" time="0.011" />
  <testcase classname="ptolemy.util.test.junit.AutoTests" name="[3] /home/travis/build/icyphy/ptII/ptolemy/domains/de/test/auto/CancelFireAt.xml (RunModel)" time="0.012" />
  <testcase classname="ptolemy.util.test.junit.AutoTests" name="[4] /home/travis/build/icyphy/ptII/ptolemy/domains/de/test/auto/CausalityAndComposabilityAnalysis.xml (RunModel)" time="0.014" />
  <testcase classname="ptolemy.util.test.junit.AutoTests" name="[5] /home/travis/build/icyphy/ptII/ptolemy/domains/de/test/auto/CausalityInterface1.xml (RunModel)" time="0.013" />
  <testcase classname="ptolemy.util.test.junit.AutoTests" name="[6] /home/travis/build/icyphy/ptII/ptolemy/domains/de/test/auto/CausalityInterface15.xml (RunModel)" time="0.014" />
  <testcase classname="ptolemy.util.test.junit.AutoTests" name="[7] /home/travis/build/icyphy/ptII/ptolemy/domains/de/test/auto/CausalityInterface2.xml (RunModel)" time="0.012" />
  <testcase classname="ptolemy.util.test.junit.AutoTests" name="[8] /home/travis/build/icyphy/ptII/ptolemy/domains/de/test/auto/CausalityInterface3.xml (RunModel)" time="0.011" />
  <testcase classname="ptolemy.util.test.junit.AutoTests" name="[9] /home/travis/build/icyphy/ptII/ptolemy/domains/de/test/auto/ClockDrift.xml (RunModel)" time="0.039" />
  <testcase classname="ptolemy.util.test.junit.AutoTests" name="[10] /home/travis/build/icyphy/ptII/ptolemy/domains/de/test/auto/ClockDriftAndValueChange.xml (RunModel)" time="0.031" />
  <testcase classname="ptolemy.util.test.junit.AutoTests" name="[11] /home/travis/build/icyphy/ptII/ptolemy/domains/de/test/auto/ClockDriftChange.xml (RunModel)" time="0.028" />
  <testcase classname="ptolemy.util.test.junit.AutoTests" name="[12] /home/travis/build/icyphy/ptII/ptolemy/domains/de/test/auto/ComposableCausalityAnalysis.xml (RunModel)" time="0.021" />
  <testcase classname="ptolemy.util.test.junit.AutoTests" name="[13] /home/travis/build/icyphy/ptII/ptolemy/domains/de/test/auto/DEFixedPointLimitation.xml (RunModel)" time="0.009" />
  <testcase classname="ptolemy.util.test.junit.AutoTests" name="[14] /home/travis/build/icyphy/ptII/ptolemy/domains/de/test/auto/DEScheduleTest.xml (RunModel)" time="0.011" />
  <testcase classname="ptolemy.util.test.junit.AutoTests" name="[15] /home/travis/build/icyphy/ptII/ptolemy/domains/de/test/auto/DEinDEwithStartTimes.xml (RunModel)" time="0.013" />
  <testcase classname="ptolemy.util.test.junit.AutoTests" name="[16] /home/travis/build/icyphy/ptII/ptolemy/domains/de/test/auto/DEinDEwithStartTimes2.xml (RunModel)" time="0.013" />
  <testcase classname="ptolemy.util.test.junit.AutoTests" name="[17] /home/travis/build/icyphy/ptII/ptolemy/domains/de/test/auto/DateDemo.xml (RunModel)" time="0.027" />
  <testcase classname="ptolemy.util.test.junit.AutoTests" name="[18] /home/travis/build/icyphy/ptII/ptolemy/domains/de/test/auto/DateToEvent.xml (RunModel)" time="2.033" />
  <testcase classname="ptolemy.util.test.junit.AutoTests" name="[19] /home/travis/build/icyphy/ptII/ptolemy/domains/de/test/auto/DepthTest1.xml (RunModel)" time="0.007" />
  <testcase classname="ptolemy.util.test.junit.AutoTests" name="[20] /home/travis/build/icyphy/ptII/ptolemy/domains/de/test/auto/DepthTest2.xml (RunModel)" time="0.016" />
  <testcase classname="ptolemy.util.test.junit.AutoTests" name="[21] /home/travis/build/icyphy/ptII/ptolemy/domains/de/test/auto/DepthTest3.xml (RunModel)" time="0.008" />
  <testcase classname="ptolemy.util.test.junit.AutoTests" name="[22] /home/travis/build/icyphy/ptII/ptolemy/domains/de/test/auto/DepthTest4.xml (RunModel)" time="0.012" />
  <testcase classname="ptolemy.util.test.junit.AutoTests" name="[23] /home/travis/build/icyphy/ptII/ptolemy/domains/de/test/auto/DepthTest5.xml (RunModel)" time="0.014" />
  <testcase classname="ptolemy.util.test.junit.AutoTests" name="[24] /home/travis/build/icyphy/ptII/ptolemy/domains/de/test/auto/DepthTest6.xml (RunModel)" time="0.014" />
  <testcase classname="ptolemy.util.test.junit.AutoTests" name="[25] /home/travis/build/icyphy/ptII/ptolemy/domains/de/test/auto/DepthTest7.xml (RunModel)" time="0.012" />
  <testcase classname="ptolemy.util.test.junit.AutoTests" name="[26] /home/travis/build/icyphy/ptII/ptolemy/domains/de/test/auto/EventToDate.xml (RunModel)" time="3.034" />
  <testcase classname="ptolemy.util.test.junit.AutoTests" name="[27] /home/travis/build/icyphy/ptII/ptolemy/domains/de/test/auto/FSM1.xml (RunModel)" time="0.029" />
  <testcase classname="ptolemy.util.test.junit.AutoTests" name="[28] /home/travis/build/icyphy/ptII/ptolemy/domains/de/test/auto/FSM7.xml (RunModel)" time="0.029" />
  <testcase classname="ptolemy.util.test.junit.AutoTests" name="[29] /home/travis/build/icyphy/ptII/ptolemy/domains/de/test/auto/Inspection.xml (RunModel)" time="0.043" />
  <testcase classname="ptolemy.util.test.junit.AutoTests" name="[30] /home/travis/build/icyphy/ptII/ptolemy/domains/de/test/auto/Iteration.xml (RunModel)" time="0.033" />
  <testcase classname="ptolemy.util.test.junit.AutoTests" name="[31] /home/travis/build/icyphy/ptII/ptolemy/domains/de/test/auto/LineFault.xml (RunModel)" time="0.541" />
  <testcase classname="ptolemy.util.test.junit.AutoTests" name="[32] /home/travis/build/icyphy/ptII/ptolemy/domains/de/test/auto/MergeModel1Add.xml (RunModel)" time="0.04" />
  <testcase classname="ptolemy.util.test.junit.AutoTests" name="[33] /home/travis/build/icyphy/ptII/ptolemy/domains/de/test/auto/MergeModel2Add.xml (RunModel)" time="0.045" />
  <testcase classname="ptolemy.util.test.junit.AutoTests" name="[34] /home/travis/build/icyphy/ptII/ptolemy/domains/de/test/auto/MergeModel3Add.xml (RunModel)" time="0.043" />
  <testcase classname="ptolemy.util.test.junit.AutoTests" name="[35] /home/travis/build/icyphy/ptII/ptolemy/domains/de/test/auto/MergeWithoutDiscard.xml (RunModel)" time="0.01" />
  <testcase classname="ptolemy.util.test.junit.AutoTests" name="[36] /home/travis/build/icyphy/ptII/ptolemy/domains/de/test/auto/Modal1.xml (RunModel)" time="0.028" />
  <testcase classname="ptolemy.util.test.junit.AutoTests" name="[37] /home/travis/build/icyphy/ptII/ptolemy/domains/de/test/auto/Modal2.xml (RunModel)" time="0.03" />
  <testcase classname="ptolemy.util.test.junit.AutoTests" name="[38] /home/travis/build/icyphy/ptII/ptolemy/domains/de/test/auto/Modal3.xml (RunModel)" time="0.027" />
  <testcase classname="ptolemy.util.test.junit.AutoTests" name="[39] /home/travis/build/icyphy/ptII/ptolemy/domains/de/test/auto/Modal4.xml (RunModel)" time="0.033" />
  <testcase classname="ptolemy.util.test.junit.AutoTests" name="[40] /home/travis/build/icyphy/ptII/ptolemy/domains/de/test/auto/Modal5.xml (RunModel)" time="0.027" />
  <testcase classname="ptolemy.util.test.junit.AutoTests" name="[41] /home/travis/build/icyphy/ptII/ptolemy/domains/de/test/auto/Modal6.xml (RunModel)" time="0.025" />
  <testcase classname="ptolemy.util.test.junit.AutoTests" name="[42] /home/travis/build/icyphy/ptII/ptolemy/domains/de/test/auto/Modal7.xml (RunModel)" time="0.024" />
  <testcase classname="ptolemy.util.test.junit.AutoTests" name="[43] /home/travis/build/icyphy/ptII/ptolemy/domains/de/test/auto/ModalModel.xml (RunModel)" time="0.148" />
  <testcase classname="ptolemy.util.test.junit.AutoTests" name="[44] /home/travis/build/icyphy/ptII/ptolemy/domains/de/test/auto/ModalSource.xml (RunModel)" time="0.017" />
  <testcase classname="ptolemy.util.test.junit.AutoTests" name="[45] /home/travis/build/icyphy/ptII/ptolemy/domains/de/test/auto/NonInterruptibleTimerZeroDelay.xml (RunModel)" time="0.009" />
  <testcase classname="ptolemy.util.test.junit.AutoTests" name="[46] /home/travis/build/icyphy/ptII/ptolemy/domains/de/test/auto/OpenQueueingNetwork.xml (RunModel)" time="2.188" />
  <testcase classname="ptolemy.util.test.junit.AutoTests" name="[47] /home/travis/build/icyphy/ptII/ptolemy/domains/de/test/auto/OpenQueuingNetwork.xml (RunModel)" time="0.261" />
  <testcase classname="ptolemy.util.test.junit.AutoTests" name="[48] /home/travis/build/icyphy/ptII/ptolemy/domains/de/test/auto/PeriodicSampler.xml (RunModel)" time="0.01" />
  <testcase classname="ptolemy.util.test.junit.AutoTests" name="[49] /home/travis/build/icyphy/ptII/ptolemy/domains/de/test/auto/PersistentIO.xml (RunModel)" time="0.017" />
  <testcase classname="ptolemy.util.test.junit.AutoTests" name="[50] /home/travis/build/icyphy/ptII/ptolemy/domains/de/test/auto/PortParameterResetOnInitialize.xml (RunModel)" time="0.01" />
  <testcase classname="ptolemy.util.test.junit.AutoTests" name="[51] /home/travis/build/icyphy/ptII/ptolemy/domains/de/test/auto/PortParameterUpdates.xml (RunModel)" time="0.014" />
  <testcase classname="ptolemy.util.test.junit.AutoTests" name="[52] /home/travis/build/icyphy/ptII/ptolemy/domains/de/test/auto/QueueAndServer.xml (RunModel)" time="0.022" />
  <testcase classname="ptolemy.util.test.junit.AutoTests" name="[53] /home/travis/build/icyphy/ptII/ptolemy/domains/de/test/auto/Records.xml (RunModel)" time="0.025" />
  <testcase classname="ptolemy.util.test.junit.AutoTests" name="[54] /home/travis/build/icyphy/ptII/ptolemy/domains/de/test/auto/ResetTransitionWithStartTime1.xml (RunModel)" time="0.018" />
  <testcase classname="ptolemy.util.test.junit.AutoTests" name="[55] /home/travis/build/icyphy/ptII/ptolemy/domains/de/test/auto/ResetTransitionWithStartTime2.xml (RunModel)" time="0.027" />
  <testcase classname="ptolemy.util.test.junit.AutoTests" name="[56] /home/travis/build/icyphy/ptII/ptolemy/domains/de/test/auto/ResetTransitionWithStartTime3.xml (RunModel)" time="0.019" />
  <testcase classname="ptolemy.util.test.junit.AutoTests" name="[57] /home/travis/build/icyphy/ptII/ptolemy/domains/de/test/auto/ResetTransitionWithStartTime4.xml (RunModel)" time="0.021" />
  <testcase classname="ptolemy.util.test.junit.AutoTests" name="[58] /home/travis/build/icyphy/ptII/ptolemy/domains/de/test/auto/ResettableTimer1.xml (RunModel)" time="0.01" />
  <testcase classname="ptolemy.util.test.junit.AutoTests" name="[59] /home/travis/build/icyphy/ptII/ptolemy/domains/de/test/auto/ResettableTimer2.xml (RunModel)" time="0.009" />
  <testcase classname="ptolemy.util.test.junit.AutoTests" name="[60] /home/travis/build/icyphy/ptII/ptolemy/domains/de/test/auto/ResettableTimer3.xml (RunModel)" time="0.011" />
  <testcase classname="ptolemy.util.test.junit.AutoTests" name="[61] /home/travis/build/icyphy/ptII/ptolemy/domains/de/test/auto/ResettableTimer4.xml (RunModel)" time="0.01" />
  <testcase classname="ptolemy.util.test.junit.AutoTests" name="[62] /home/travis/build/icyphy/ptII/ptolemy/domains/de/test/auto/ResettableTimer5.xml (RunModel)" time="0.01" />
  <testcase classname="ptolemy.util.test.junit.AutoTests" name="[63] /home/travis/build/icyphy/ptII/ptolemy/domains/de/test/auto/ResettableTimer6.xml (RunModel)" time="0.012" />
  <testcase classname="ptolemy.util.test.junit.AutoTests" name="[64] /home/travis/build/icyphy/ptII/ptolemy/domains/de/test/auto/ServerZeroDelay.xml (RunModel)" time="0.009" />
  <testcase classname="ptolemy.util.test.junit.AutoTests" name="[65] /home/travis/build/icyphy/ptII/ptolemy/domains/de/test/auto/SmartSender.xml (RunModel)" time="3.009" />
  <testcase classname="ptolemy.util.test.junit.AutoTests" name="[66] /home/travis/build/icyphy/ptII/ptolemy/domains/de/test/auto/ThreadedComposite.xml (RunModel)" time="0.161" />
  <testcase classname="ptolemy.util.test.junit.AutoTests" name="[67] /home/travis/build/icyphy/ptII/ptolemy/domains/de/test/auto/Time.xml (RunModel)" time="0.419" />
  <testcase classname="ptolemy.util.test.junit.AutoTests" name="[68] /home/travis/build/icyphy/ptII/ptolemy/domains/de/test/auto/TimeDelayZeroDelay.xml (RunModel)" time="0.02" />
  <testcase classname="ptolemy.util.test.junit.AutoTests" name="[69] /home/travis/build/icyphy/ptII/ptolemy/domains/de/test/auto/TimerZeroDelay.xml (RunModel)" time="0.01" />
  <testcase classname="ptolemy.util.test.junit.AutoTests" name="[70] /home/travis/build/icyphy/ptII/ptolemy/domains/de/test/auto/TimingParadox.xml (RunModel)" time="0.333" />
  <testcase classname="ptolemy.util.test.junit.AutoTests" name="[71] /home/travis/build/icyphy/ptII/ptolemy/domains/de/test/auto/TransferInputs.xml (RunModel)" time="0.016" />
  <testcase classname="ptolemy.util.test.junit.AutoTests" name="[72] /home/travis/build/icyphy/ptII/ptolemy/domains/de/test/auto/TransferOutputs2.xml (RunModel)" time="0.015" />
  <testcase classname="ptolemy.util.test.junit.AutoTests" name="[73] /home/travis/build/icyphy/ptII/ptolemy/domains/de/test/auto/Trilateration.xml (RunModel)" time="10.851" />
  <testcase classname="ptolemy.util.test.junit.AutoTests" name="[74] /home/travis/build/icyphy/ptII/ptolemy/domains/de/test/auto/TwoSigmaDelta.xml (RunModel)" time="2.053" />
  <testcase classname="ptolemy.util.test.junit.AutoTests" name="[75] /home/travis/build/icyphy/ptII/ptolemy/domains/de/test/auto/VariableDelay.xml (RunModel)" time="0.011" />
  <testcase classname="ptolemy.util.test.junit.AutoTests" name="[76] /home/travis/build/icyphy/ptII/ptolemy/domains/de/test/auto/VariableDelay2.xml (RunModel)" time="0.009" />
  <testcase classname="ptolemy.util.test.junit.AutoTests" name="[77] /home/travis/build/icyphy/ptII/ptolemy/domains/de/test/auto/VariableDelayZeroDelay.xml (RunModel)" time="0.009" />
  <testcase classname="ptolemy.util.test.junit.AutoTests" name="[78] /home/travis/build/icyphy/ptII/ptolemy/domains/de/test/auto/VariableDelayZeroDelay2.xml (RunModel)" time="0.009" />
  <testcase classname="ptolemy.util.test.junit.AutoTests" name="[79] /home/travis/build/icyphy/ptII/ptolemy/domains/de/test/auto/deInCt.xml (RunModel)" time="0.017" />
  <testcase classname="ptolemy.util.test.junit.AutoTests" name="[80] /home/travis/build/icyphy/ptII/ptolemy/domains/de/test/auto/deInCt2.xml (RunModel)" time="0.016" />
  <testcase classname="ptolemy.util.test.junit.AutoTests" name="[81] /home/travis/build/icyphy/ptII/ptolemy/domains/de/test/auto/dynamicCausalityInterface1.xml (RunModel)" time="0.017" />
  <testcase classname="ptolemy.util.test.junit.AutoTests" name="[82] /home/travis/build/icyphy/ptII/ptolemy/domains/de/test/auto/fsm_de_test.xml (RunModel)" time="0.02" />
  <testcase classname="ptolemy.util.test.junit.AutoTests" name="[83] /home/travis/build/icyphy/ptII/ptolemy/domains/de/test/auto/functionDependencyReconstruction.xml (RunModel)" time="0.031" />
  <testcase classname="ptolemy.util.test.junit.AutoTests" name="[84] /home/travis/build/icyphy/ptII/ptolemy/domains/de/test/auto/multirate.xml (RunModel)" time="0.014" />
  <testcase classname="ptolemy.util.test.junit.AutoTests" name="[85] /home/travis/build/icyphy/ptII/ptolemy/domains/de/test/auto/multirate2.xml (RunModel)" time="0.013" />
  <testcase classname="ptolemy.util.test.junit.AutoTests" name="[86] /home/travis/build/icyphy/ptII/ptolemy/domains/de/test/auto/realtime.xml (RunModel)" time="10.011" />
  <testcase classname="ptolemy.util.test.junit.AutoTests" name="[87] /home/travis/build/icyphy/ptII/ptolemy/domains/de/test/auto/relationGroup.xml (RunModel)" time="0.01" />
  <testcase classname="ptolemy.util.test.junit.AutoTests" name="[88] /home/travis/build/icyphy/ptII/ptolemy/domains/de/test/auto/relationGroup2.xml (RunModel)" time="0.007" />
  <testcase classname="ptolemy.util.test.junit.AutoTests" name="[89] /home/travis/build/icyphy/ptII/ptolemy/domains/de/test/auto/sortWithOpaquePorts.xml (RunModel)" time="0.008" />
  <testcase classname="ptolemy.util.test.junit.AutoTests" name="[90] /home/travis/build/icyphy/ptII/ptolemy/domains/de/test/auto/transferInputsandOutputs.xml (RunModel)" time="0.014" />
  <testcase classname="ptolemy.util.test.junit.AutoTests" name="[91] /home/travis/build/icyphy/ptII/ptolemy/domains/de/test/auto/triggerType.xml (RunModel)" time="0.008" />
  <system-out><![CDATA[/home/travis/build/icyphy/ptII/ptolemy/domains/de/test/DependencyLoop.tcl
testDefs.tcl: setting time out to 9000 seconds at Wed Jun 12 04:37:32 UTC 2019
12 ms. Memory: 116224K Free: 97578K (84%)
30 ms. Memory: 146944K Free: 141158K (96%)
/home/travis/build/icyphy/ptII/ptolemy/domains/de/test/RunDETestsAsQSS.tcl
Run the DE tests using ptolemy.domains.qss.test.QSSDirectorTest, which extends QSSDirector and prints a message in the constructors.
------------------ testing $PTII/ptolemy/domains/de/test/auto/knownFailedTests/dependencyLoop.xml (Known Failure) 
7 ms. Memory: 146944K Free: 136912K (93%)


==== $PTIIhome/travis/build/icyphy/ptII/ptolemy/domains/de/test/../../../../: Auto Automatic test in file $PTII/ptolemy/domains/de/test/auto/knownFailedTests/dependencyLoop.xml
==== Contents of test case:

	    # FIXME: we should use $relativeFilename here, but it
	    # might have backslashes under Windows, which causes no end
	    # of trouble.
	    createAndExecute $file
	    list {}
	
.... Test generated KNOWN error:
    while executing
ptolemy.kernel.util.IllegalActionException: Found a zero delay loop containing .dependencyLoop.original
  in .dependencyLoop and .dependencyLoop.original
	at ptolemy.actor.util.CausalityInterfaceForComposites._computeOutputPortDepth(CausalityInterfaceForComposites.java:759)
	at ptolemy.actor.util.CausalityInterfaceForComposites._computeInputDepth(CausalityInterfaceForComposites.java:696)
	at ptolemy.actor.util.CausalityInterfaceForComposites._computeOutputPortDepth(CausalityInterfaceForComposites.java:765)
	at ptolemy.actor.util.CausalityInterfaceForComposites._computeInputDepth(CausalityInterfaceForComposites.java:696)
	at ptolemy.actor.util.CausalityInterfaceForComposites._computeOutputPortDepth(CausalityInterfaceForComposites.java:765)
	at ptolemy.actor.util.CausalityInterfaceForComposites._computeInputDepth(CausalityInterfaceForComposites.java:696)
	at ptolemy.actor.util.CausalityInterfaceForComposites._computeActorDepth(CausalityInterfaceForComposites.java:532)
	at ptolemy.actor.util.CausalityInterfaceForComposites.checkForCycles(CausalityInterfaceForComposites.java:96)
	at ptolemy.domains.de.kernel.DEDirector.preinitialize(DEDirector.java:1338)
	at ptolemy.actor.CompositeActor.preinitialize(CompositeActor.java:1828)
	at ptolemy.actor.Manager.preinitializeAndResolveTypes(Manager.java:1040)
	at ptolemy.actor.Manager.initialize(Manager.java:710)
	at ptolemy.actor.Manager.execute(Manager.java:356)
	at ptolemy.actor.Manager.run(Manager.java:1263)
	at ptolemy.actor.Manager$PtolemyRunThread.run(Manager.java:1915)

    while executing
ptolemy.kernel.util.IllegalActionException: Found a zero delay loop containing .dependencyLoop.original
  in .dependencyLoop and .dependencyLoop.original
    while executing
"java::new ptolemy.moml.MoMLSimpleApplication $file
"
    (procedure "createAndExecute" line 2)
    invoked from within
"createAndExecute $file"
    ("uplevel" body line 5)
    invoked from within
"uplevel $contents_of_test"
------------------ testing $PTII/ptolemy/domains/de/test/auto/knownFailedTests/DESDFClockTest.xml (Known Failure) 
2080 ms. Memory: 146944K Free: 121331K (83%)


==== $PTIIhome/travis/build/icyphy/ptII/ptolemy/domains/de/test/../../../../: Auto Automatic test in file $PTII/ptolemy/domains/de/test/auto/knownFailedTests/DESDFClockTest.xml
==== Contents of test case:

	    # FIXME: we should use $relativeFilename here, but it
	    # might have backslashes under Windows, which causes no end
	    # of trouble.
	    createAndExecute $file
	    list {}
	
.... Test generated KNOWN error:
    while executing
ptolemy.kernel.util.IllegalActionException: Actor is not ready to fire.  Perhaps UpSample.prefire() returned false? Try debugging the actor by selecting "Listen to Actor".  Also, for SDF check moml for tokenConsumptionRate on input.
  in .DESDFClockTest.Play Bell.Copy1:SDF Director and .DESDFClockTest.Play Bell.UpSample
	at ptolemy.actor.sched.StaticSchedulingDirector.fire(StaticSchedulingDirector.java:227)
	at ptolemy.domains.sdf.kernel.SDFDirector.fire(SDFDirector.java:500)
	at ptolemy.actor.CompositeActor.fire(CompositeActor.java:455)
	at ptolemy.domains.de.kernel.DEDirector._fire(DEDirector.java:1949)
	at ptolemy.domains.de.kernel.DEDirector.fire(DEDirector.java:502)
	at ptolemy.actor.CompositeActor.fire(CompositeActor.java:455)
	at ptolemy.actor.Manager.iterate(Manager.java:851)
	at ptolemy.actor.Manager.execute(Manager.java:369)
	at ptolemy.actor.Manager.run(Manager.java:1263)
	at ptolemy.actor.Manager$PtolemyRunThread.run(Manager.java:1915)

    while executing
ptolemy.kernel.util.IllegalActionException: Actor is not ready to fire.  Perhaps UpSample.prefire() returned false? Try debugging the actor by selecting "Listen to Actor".  Also, for SDF check moml for tokenConsumptionRate on input.
  in .DESDFClockTest.Play Bell.Copy1:SDF Director and .DESDFClockTest.Play Bell.UpSample
    while executing
"java::new ptolemy.moml.MoMLSimpleApplication $file
"
    (procedure "createAndExecute" line 2)
    invoked from within
"createAndExecute $file"
    ("uplevel" body line 5)
    invoked from within
"uplevel $contents_of_test"
------------------ testing $PTII/ptolemy/domains/de/test/auto/knownFailedTests/FSMSource.xml (Known Failure) 
32 ms. Memory: 146944K Free: 111890K (76%)
!!!! Auto was marked as failing, but now passes
------------------ testing $PTII/ptolemy/domains/de/test/auto/knownFailedTests/dependencyLoop2.xml (Known Failure) 
5 ms. Memory: 146944K Free: 110007K (75%)


==== $PTIIhome/travis/build/icyphy/ptII/ptolemy/domains/de/test/../../../../: Auto Automatic test in file $PTII/ptolemy/domains/de/test/auto/knownFailedTests/dependencyLoop2.xml
==== Contents of test case:

	    # FIXME: we should use $relativeFilename here, but it
	    # might have backslashes under Windows, which causes no end
	    # of trouble.
	    createAndExecute $file
	    list {}
	
.... Test generated KNOWN error:
    while executing
ptolemy.kernel.util.IllegalActionException: Found a zero delay loop containing .dependencyLoop2.original
  in .dependencyLoop2 and .dependencyLoop2.original
	at ptolemy.actor.util.CausalityInterfaceForComposites._computeOutputPortDepth(CausalityInterfaceForComposites.java:759)
	at ptolemy.actor.util.CausalityInterfaceForComposites._computeInputDepth(CausalityInterfaceForComposites.java:696)
	at ptolemy.actor.util.CausalityInterfaceForComposites._computeOutputPortDepth(CausalityInterfaceForComposites.java:765)
	at ptolemy.actor.util.CausalityInterfaceForComposites._computeInputDepth(CausalityInterfaceForComposites.java:696)
	at ptolemy.actor.util.CausalityInterfaceForComposites._computeOutputPortDepth(CausalityInterfaceForComposites.java:765)
	at ptolemy.actor.util.CausalityInterfaceForComposites._computeInputDepth(CausalityInterfaceForComposites.java:696)
	at ptolemy.actor.util.CausalityInterfaceForComposites._computeActorDepth(CausalityInterfaceForComposites.java:532)
	at ptolemy.actor.util.CausalityInterfaceForComposites.checkForCycles(CausalityInterfaceForComposites.java:96)
	at ptolemy.domains.de.kernel.DEDirector.preinitialize(DEDirector.java:1338)
	at ptolemy.actor.CompositeActor.preinitialize(CompositeActor.java:1828)
	at ptolemy.actor.Manager.preinitializeAndResolveTypes(Manager.java:1040)
	at ptolemy.actor.Manager.initialize(Manager.java:710)
	at ptolemy.actor.Manager.execute(Manager.java:356)
	at ptolemy.actor.Manager.run(Manager.java:1263)
	at ptolemy.actor.Manager$PtolemyRunThread.run(Manager.java:1915)

    while executing
ptolemy.kernel.util.IllegalActionException: Found a zero delay loop containing .dependencyLoop2.original
  in .dependencyLoop2 and .dependencyLoop2.original
    while executing
"java::new ptolemy.moml.MoMLSimpleApplication $file
"
    (procedure "createAndExecute" line 2)
    invoked from within
"createAndExecute $file"
    ("uplevel" body line 5)
    invoked from within
"uplevel $contents_of_test"
------------------ testing $PTII/ptolemy/domains/de/test/auto/knownFailedTests/HierarchicalModel.xml (Known Failure) 
6 ms. Memory: 146944K Free: 89886K (61%)


==== $PTIIhome/travis/build/icyphy/ptII/ptolemy/domains/de/test/../../../../: Auto Automatic test in file $PTII/ptolemy/domains/de/test/auto/knownFailedTests/HierarchicalModel.xml
==== Contents of test case:

	    # FIXME: we should use $relativeFilename here, but it
	    # might have backslashes under Windows, which causes no end
	    # of trouble.
	    createAndExecute $file
	    list {}
	
.... Test generated KNOWN error:
    while executing
ptolemy.kernel.util.IllegalActionException: Found a zero delay loop containing .HierarchicalModel.A
  in .HierarchicalModel and .HierarchicalModel.A
	at ptolemy.actor.util.CausalityInterfaceForComposites._computeOutputPortDepth(CausalityInterfaceForComposites.java:759)
	at ptolemy.actor.util.CausalityInterfaceForComposites._computeInputDepth(CausalityInterfaceForComposites.java:696)
	at ptolemy.actor.util.CausalityInterfaceForComposites._computeOutputPortDepth(CausalityInterfaceForComposites.java:765)
	at ptolemy.actor.util.CausalityInterfaceForComposites._computeInputDepth(CausalityInterfaceForComposites.java:696)
	at ptolemy.actor.util.CausalityInterfaceForComposites._computeOutputPortDepth(CausalityInterfaceForComposites.java:765)
	at ptolemy.actor.util.CausalityInterfaceForComposites._computeInputDepth(CausalityInterfaceForComposites.java:696)
	at ptolemy.actor.util.CausalityInterfaceForComposites._computeActorDepth(CausalityInterfaceForComposites.java:532)
	at ptolemy.actor.util.CausalityInterfaceForComposites.checkForCycles(CausalityInterfaceForComposites.java:96)
	at ptolemy.domains.de.kernel.DEDirector.preinitialize(DEDirector.java:1338)
	at ptolemy.actor.CompositeActor.preinitialize(CompositeActor.java:1828)
	at ptolemy.actor.Manager.preinitializeAndResolveTypes(Manager.java:1040)
	at ptolemy.actor.Manager.initialize(Manager.java:710)
	at ptolemy.actor.Manager.execute(Manager.java:356)
	at ptolemy.actor.Manager.run(Manager.java:1263)
	at ptolemy.actor.Manager$PtolemyRunThread.run(Manager.java:1915)

    while executing
ptolemy.kernel.util.IllegalActionException: Found a zero delay loop containing .HierarchicalModel.A
  in .HierarchicalModel and .HierarchicalModel.A
    while executing
"java::new ptolemy.moml.MoMLSimpleApplication $file
"
    (procedure "createAndExecute" line 2)
    invoked from within
"createAndExecute $file"
    ("uplevel" body line 5)
    invoked from within
"uplevel $contents_of_test"
------------------ testing $PTII/ptolemy/domains/de/test/auto/knownFailedTests/DirectFeedback.xml (Known Failure) 
7 ms. Memory: 146944K Free: 85776K (58%)


==== $PTIIhome/travis/build/icyphy/ptII/ptolemy/domains/de/test/../../../../: Auto Automatic test in file $PTII/ptolemy/domains/de/test/auto/knownFailedTests/DirectFeedback.xml
==== Contents of test case:

	    # FIXME: we should use $relativeFilename here, but it
	    # might have backslashes under Windows, which causes no end
	    # of trouble.
	    createAndExecute $file
	    list {}
	
.... Test generated KNOWN error:
    while executing
ptolemy.kernel.util.IllegalActionException: Test fails in iteration 1.
Value was: 1.0. Should have been: 2.0
  in .DirectFeedback.Test
	at ptolemy.actor.lib.Test.fire(Test.java:268)
	at ptolemy.domains.de.kernel.DEDirector._fire(DEDirector.java:1949)
	at ptolemy.domains.de.kernel.DEDirector.fire(DEDirector.java:502)
	at ptolemy.actor.CompositeActor.fire(CompositeActor.java:455)
	at ptolemy.actor.Manager.iterate(Manager.java:851)
	at ptolemy.actor.Manager.execute(Manager.java:369)
	at ptolemy.actor.Manager.run(Manager.java:1263)
	at ptolemy.actor.Manager$PtolemyRunThread.run(Manager.java:1915)

    while executing
ptolemy.kernel.util.IllegalActionException: Test fails in iteration 1.
Value was: 1.0. Should have been: 2.0
  in .DirectFeedback.Test
    while executing
"java::new ptolemy.moml.MoMLSimpleApplication $file
"
    (procedure "createAndExecute" line 2)
    invoked from within
"createAndExecute $file"
    ("uplevel" body line 5)
    invoked from within
"uplevel $contents_of_test"
------------------ testing $PTII/ptolemy/domains/de/test/auto/ActorDepthCalculation_actorWithoutPorts.xml
auto.tcl: Setting watchdog for 200 seconds at Wed Jun 12 04:37:36 UTC 2019
9 ms. Memory: 146944K Free: 138729K (94%)
ptolemy.util.test.WatchDog.cancel(): canceling Wed Jun 12 04:37:36 UTC 2019
auto.tcl: Setting watchdog for 200 seconds at Wed Jun 12 04:37:36 UTC 2019
3 ms. Memory: 146944K Free: 136707K (93%)
ptolemy.util.test.WatchDog.cancel(): canceling Wed Jun 12 04:37:36 UTC 2019
------------------ testing $PTII/ptolemy/domains/de/test/auto/AssemblyLine.xml
auto.tcl: Setting watchdog for 200 seconds at Wed Jun 12 04:37:36 UTC 2019
11 ms. Memory: 208384K Free: 183478K (88%)
ptolemy.util.test.WatchDog.cancel(): canceling Wed Jun 12 04:37:36 UTC 2019
auto.tcl: Setting watchdog for 200 seconds at Wed Jun 12 04:37:36 UTC 2019
6 ms. Memory: 208384K Free: 183478K (88%)
ptolemy.util.test.WatchDog.cancel(): canceling Wed Jun 12 04:37:36 UTC 2019
------------------ testing $PTII/ptolemy/domains/de/test/auto/CQBug1.xml
auto.tcl: Setting watchdog for 200 seconds at Wed Jun 12 04:37:36 UTC 2019
8 ms. Memory: 208384K Free: 197946K (95%)
ptolemy.util.test.WatchDog.cancel(): canceling Wed Jun 12 04:37:36 UTC 2019
auto.tcl: Setting watchdog for 200 seconds at Wed Jun 12 04:37:36 UTC 2019
2 ms. Memory: 208384K Free: 197946K (95%)
ptolemy.util.test.WatchDog.cancel(): canceling Wed Jun 12 04:37:36 UTC 2019
------------------ testing $PTII/ptolemy/domains/de/test/auto/CancelFireAt.xml
auto.tcl: Setting watchdog for 200 seconds at Wed Jun 12 04:37:37 UTC 2019
10 ms. Memory: 208384K Free: 201588K (97%)
ptolemy.util.test.WatchDog.cancel(): canceling Wed Jun 12 04:37:37 UTC 2019
auto.tcl: Setting watchdog for 200 seconds at Wed Jun 12 04:37:37 UTC 2019
4 ms. Memory: 208384K Free: 199047K (96%)
ptolemy.util.test.WatchDog.cancel(): canceling Wed Jun 12 04:37:37 UTC 2019
------------------ testing $PTII/ptolemy/domains/de/test/auto/CausalityAndComposabilityAnalysis.xml
auto.tcl: Setting watchdog for 200 seconds at Wed Jun 12 04:37:37 UTC 2019
16 ms. Memory: 208384K Free: 198645K (95%)
ptolemy.util.test.WatchDog.cancel(): canceling Wed Jun 12 04:37:37 UTC 2019
auto.tcl: Setting watchdog for 200 seconds at Wed Jun 12 04:37:37 UTC 2019
5 ms. Memory: 208384K Free: 196623K (94%)
ptolemy.util.test.WatchDog.cancel(): canceling Wed Jun 12 04:37:37 UTC 2019
------------------ testing $PTII/ptolemy/domains/de/test/auto/CausalityInterface1.xml
auto.tcl: Setting watchdog for 200 seconds at Wed Jun 12 04:37:37 UTC 2019
16 ms. Memory: 208384K Free: 196561K (94%)
ptolemy.util.test.WatchDog.cancel(): canceling Wed Jun 12 04:37:37 UTC 2019
auto.tcl: Setting watchdog for 200 seconds at Wed Jun 12 04:37:37 UTC 2019
4 ms. Memory: 208384K Free: 196561K (94%)
ptolemy.util.test.WatchDog.cancel(): canceling Wed Jun 12 04:37:37 UTC 2019
------------------ testing $PTII/ptolemy/domains/de/test/auto/CausalityInterface15.xml
auto.tcl: Setting watchdog for 200 seconds at Wed Jun 12 04:37:37 UTC 2019
7 ms. Memory: 208384K Free: 196550K (94%)
ptolemy.util.test.WatchDog.cancel(): canceling Wed Jun 12 04:37:37 UTC 2019
auto.tcl: Setting watchdog for 200 seconds at Wed Jun 12 04:37:37 UTC 2019
11 ms. Memory: 208384K Free: 196550K (94%)
ptolemy.util.test.WatchDog.cancel(): canceling Wed Jun 12 04:37:37 UTC 2019
------------------ testing $PTII/ptolemy/domains/de/test/auto/CausalityInterface2.xml
auto.tcl: Setting watchdog for 200 seconds at Wed Jun 12 04:37:37 UTC 2019
3 ms. Memory: 208384K Free: 196534K (94%)
ptolemy.util.test.WatchDog.cancel(): canceling Wed Jun 12 04:37:37 UTC 2019
auto.tcl: Setting watchdog for 200 seconds at Wed Jun 12 04:37:37 UTC 2019
3 ms. Memory: 208384K Free: 196534K (94%)
ptolemy.util.test.WatchDog.cancel(): canceling Wed Jun 12 04:37:37 UTC 2019
------------------ testing $PTII/ptolemy/domains/de/test/auto/CausalityInterface3.xml
auto.tcl: Setting watchdog for 200 seconds at Wed Jun 12 04:37:37 UTC 2019
6 ms. Memory: 208384K Free: 196541K (94%)
ptolemy.util.test.WatchDog.cancel(): canceling Wed Jun 12 04:37:37 UTC 2019
auto.tcl: Setting watchdog for 200 seconds at Wed Jun 12 04:37:37 UTC 2019
12 ms. Memory: 208384K Free: 196541K (94%)
ptolemy.util.test.WatchDog.cancel(): canceling Wed Jun 12 04:37:37 UTC 2019
------------------ testing $PTII/ptolemy/domains/de/test/auto/ClockDrift.xml
auto.tcl: Setting watchdog for 200 seconds at Wed Jun 12 04:37:37 UTC 2019
74 ms. Memory: 208384K Free: 187943K (90%)
ptolemy.util.test.WatchDog.cancel(): canceling Wed Jun 12 04:37:37 UTC 2019
auto.tcl: Setting watchdog for 200 seconds at Wed Jun 12 04:37:37 UTC 2019
71 ms. Memory: 208384K Free: 185905K (89%)
ptolemy.util.test.WatchDog.cancel(): canceling Wed Jun 12 04:37:37 UTC 2019
------------------ testing $PTII/ptolemy/domains/de/test/auto/ClockDriftAndValueChange.xml
auto.tcl: Setting watchdog for 200 seconds at Wed Jun 12 04:37:37 UTC 2019
46 ms. Memory: 208384K Free: 187793K (90%)
ptolemy.util.test.WatchDog.cancel(): canceling Wed Jun 12 04:37:37 UTC 2019
auto.tcl: Setting watchdog for 200 seconds at Wed Jun 12 04:37:37 UTC 2019
34 ms. Memory: 208384K Free: 185756K (89%)
ptolemy.util.test.WatchDog.cancel(): canceling Wed Jun 12 04:37:37 UTC 2019
------------------ testing $PTII/ptolemy/domains/de/test/auto/ClockDriftChange.xml
auto.tcl: Setting watchdog for 200 seconds at Wed Jun 12 04:37:38 UTC 2019
36 ms. Memory: 208384K Free: 191050K (92%)
ptolemy.util.test.WatchDog.cancel(): canceling Wed Jun 12 04:37:38 UTC 2019
auto.tcl: Setting watchdog for 200 seconds at Wed Jun 12 04:37:38 UTC 2019
19 ms. Memory: 208384K Free: 189028K (91%)
ptolemy.util.test.WatchDog.cancel(): canceling Wed Jun 12 04:37:38 UTC 2019
------------------ testing $PTII/ptolemy/domains/de/test/auto/ComposableCausalityAnalysis.xml
auto.tcl: Setting watchdog for 200 seconds at Wed Jun 12 04:37:38 UTC 2019
2 ms. Memory: 208384K Free: 196386K (94%)
ptolemy.util.test.WatchDog.cancel(): canceling Wed Jun 12 04:37:38 UTC 2019
auto.tcl: Setting watchdog for 200 seconds at Wed Jun 12 04:37:38 UTC 2019
1 ms. Memory: 208384K Free: 194348K (93%)
ptolemy.util.test.WatchDog.cancel(): canceling Wed Jun 12 04:37:38 UTC 2019
------------------ testing $PTII/ptolemy/domains/de/test/auto/DEFixedPointLimitation.xml
auto.tcl: Setting watchdog for 200 seconds at Wed Jun 12 04:37:38 UTC 2019
3 ms. Memory: 208384K Free: 196467K (94%)
ptolemy.util.test.WatchDog.cancel(): canceling Wed Jun 12 04:37:38 UTC 2019
auto.tcl: Setting watchdog for 200 seconds at Wed Jun 12 04:37:38 UTC 2019
2 ms. Memory: 208384K Free: 196467K (94%)
ptolemy.util.test.WatchDog.cancel(): canceling Wed Jun 12 04:37:38 UTC 2019
------------------ testing $PTII/ptolemy/domains/de/test/auto/DEScheduleTest.xml
auto.tcl: Setting watchdog for 200 seconds at Wed Jun 12 04:37:38 UTC 2019
8 ms. Memory: 208384K Free: 198523K (95%)
ptolemy.util.test.WatchDog.cancel(): canceling Wed Jun 12 04:37:38 UTC 2019
auto.tcl: Setting watchdog for 200 seconds at Wed Jun 12 04:37:38 UTC 2019
3 ms. Memory: 208384K Free: 196501K (94%)
ptolemy.util.test.WatchDog.cancel(): canceling Wed Jun 12 04:37:38 UTC 2019
------------------ testing $PTII/ptolemy/domains/de/test/auto/DEinDEwithStartTimes.xml
auto.tcl: Setting watchdog for 200 seconds at Wed Jun 12 04:37:38 UTC 2019
10 ms. Memory: 208384K Free: 196454K (94%)
ptolemy.util.test.WatchDog.cancel(): canceling Wed Jun 12 04:37:38 UTC 2019
auto.tcl: Setting watchdog for 200 seconds at Wed Jun 12 04:37:38 UTC 2019
3 ms. Memory: 208384K Free: 194432K (93%)
ptolemy.util.test.WatchDog.cancel(): canceling Wed Jun 12 04:37:38 UTC 2019
------------------ testing $PTII/ptolemy/domains/de/test/auto/DEinDEwithStartTimes2.xml
auto.tcl: Setting watchdog for 200 seconds at Wed Jun 12 04:37:38 UTC 2019
6 ms. Memory: 208384K Free: 196953K (95%)
ptolemy.util.test.WatchDog.cancel(): canceling Wed Jun 12 04:37:38 UTC 2019
auto.tcl: Setting watchdog for 200 seconds at Wed Jun 12 04:37:38 UTC 2019
6 ms. Memory: 208384K Free: 194412K (93%)
ptolemy.util.test.WatchDog.cancel(): canceling Wed Jun 12 04:37:38 UTC 2019
------------------ testing $PTII/ptolemy/domains/de/test/auto/DateDemo.xml
auto.tcl: Setting watchdog for 200 seconds at Wed Jun 12 04:37:38 UTC 2019
9 ms. Memory: 208384K Free: 189122K (91%)
ptolemy.util.test.WatchDog.cancel(): canceling Wed Jun 12 04:37:38 UTC 2019
auto.tcl: Setting watchdog for 200 seconds at Wed Jun 12 04:37:38 UTC 2019
8 ms. Memory: 208384K Free: 187084K (90%)
ptolemy.util.test.WatchDog.cancel(): canceling Wed Jun 12 04:37:38 UTC 2019
------------------ testing $PTII/ptolemy/domains/de/test/auto/DateToEvent.xml
auto.tcl: Setting watchdog for 200 seconds at Wed Jun 12 04:37:38 UTC 2019
2014 ms. Memory: 208384K Free: 184039K (88%)
ptolemy.util.test.WatchDog.cancel(): canceling Wed Jun 12 04:37:40 UTC 2019
auto.tcl: Setting watchdog for 200 seconds at Wed Jun 12 04:37:40 UTC 2019
2009 ms. Memory: 208384K Free: 184039K (88%)
ptolemy.util.test.WatchDog.cancel(): canceling Wed Jun 12 04:37:42 UTC 2019
------------------ testing $PTII/ptolemy/domains/de/test/auto/DepthTest1.xml
auto.tcl: Setting watchdog for 200 seconds at Wed Jun 12 04:37:42 UTC 2019
6 ms. Memory: 208384K Free: 195594K (94%)
ptolemy.util.test.WatchDog.cancel(): canceling Wed Jun 12 04:37:42 UTC 2019
auto.tcl: Setting watchdog for 200 seconds at Wed Jun 12 04:37:42 UTC 2019
3 ms. Memory: 208384K Free: 195594K (94%)
ptolemy.util.test.WatchDog.cancel(): canceling Wed Jun 12 04:37:42 UTC 2019
------------------ testing $PTII/ptolemy/domains/de/test/auto/DepthTest2.xml
auto.tcl: Setting watchdog for 200 seconds at Wed Jun 12 04:37:43 UTC 2019
6 ms. Memory: 208384K Free: 194921K (94%)
ptolemy.util.test.WatchDog.cancel(): canceling Wed Jun 12 04:37:43 UTC 2019
auto.tcl: Setting watchdog for 200 seconds at Wed Jun 12 04:37:43 UTC 2019
5 ms. Memory: 208384K Free: 194921K (94%)
ptolemy.util.test.WatchDog.cancel(): canceling Wed Jun 12 04:37:43 UTC 2019
------------------ testing $PTII/ptolemy/domains/de/test/auto/DepthTest3.xml
auto.tcl: Setting watchdog for 200 seconds at Wed Jun 12 04:37:43 UTC 2019
6 ms. Memory: 208384K Free: 198387K (95%)
ptolemy.util.test.WatchDog.cancel(): canceling Wed Jun 12 04:37:43 UTC 2019
auto.tcl: Setting watchdog for 200 seconds at Wed Jun 12 04:37:43 UTC 2019
2 ms. Memory: 208384K Free: 198387K (95%)
ptolemy.util.test.WatchDog.cancel(): canceling Wed Jun 12 04:37:43 UTC 2019
------------------ testing $PTII/ptolemy/domains/de/test/auto/DepthTest4.xml
auto.tcl: Setting watchdog for 200 seconds at Wed Jun 12 04:37:43 UTC 2019
3 ms. Memory: 208384K Free: 196444K (94%)
ptolemy.util.test.WatchDog.cancel(): canceling Wed Jun 12 04:37:43 UTC 2019
auto.tcl: Setting watchdog for 200 seconds at Wed Jun 12 04:37:43 UTC 2019
2 ms. Memory: 208384K Free: 196444K (94%)
ptolemy.util.test.WatchDog.cancel(): canceling Wed Jun 12 04:37:43 UTC 2019
------------------ testing $PTII/ptolemy/domains/de/test/auto/DepthTest5.xml
auto.tcl: Setting watchdog for 200 seconds at Wed Jun 12 04:37:43 UTC 2019
5 ms. Memory: 208384K Free: 196399K (94%)
ptolemy.util.test.WatchDog.cancel(): canceling Wed Jun 12 04:37:43 UTC 2019
auto.tcl: Setting watchdog for 200 seconds at Wed Jun 12 04:37:43 UTC 2019
2 ms. Memory: 208384K Free: 196399K (94%)
ptolemy.util.test.WatchDog.cancel(): canceling Wed Jun 12 04:37:43 UTC 2019
------------------ testing $PTII/ptolemy/domains/de/test/auto/DepthTest6.xml
auto.tcl: Setting watchdog for 200 seconds at Wed Jun 12 04:37:43 UTC 2019
8 ms. Memory: 208384K Free: 196911K (94%)
ptolemy.util.test.WatchDog.cancel(): canceling Wed Jun 12 04:37:43 UTC 2019
auto.tcl: Setting watchdog for 200 seconds at Wed Jun 12 04:37:43 UTC 2019
2 ms. Memory: 208384K Free: 196911K (94%)
ptolemy.util.test.WatchDog.cancel(): canceling Wed Jun 12 04:37:43 UTC 2019
------------------ testing $PTII/ptolemy/domains/de/test/auto/DepthTest7.xml
auto.tcl: Setting watchdog for 200 seconds at Wed Jun 12 04:37:43 UTC 2019
3 ms. Memory: 208384K Free: 196356K (94%)
ptolemy.util.test.WatchDog.cancel(): canceling Wed Jun 12 04:37:43 UTC 2019
auto.tcl: Setting watchdog for 200 seconds at Wed Jun 12 04:37:43 UTC 2019
2 ms. Memory: 208384K Free: 196356K (94%)
ptolemy.util.test.WatchDog.cancel(): canceling Wed Jun 12 04:37:43 UTC 2019
------------------ testing $PTII/ptolemy/domains/de/test/auto/EventToDate.xml
auto.tcl: Setting watchdog for 200 seconds at Wed Jun 12 04:37:43 UTC 2019
3010 ms. Memory: 208384K Free: 186245K (89%)
ptolemy.util.test.WatchDog.cancel(): canceling Wed Jun 12 04:37:46 UTC 2019
auto.tcl: Setting watchdog for 200 seconds at Wed Jun 12 04:37:46 UTC 2019
3004 ms. Memory: 208384K Free: 186245K (89%)
ptolemy.util.test.WatchDog.cancel(): canceling Wed Jun 12 04:37:49 UTC 2019
------------------ testing $PTII/ptolemy/domains/de/test/auto/FSM1.xml
auto.tcl: Setting watchdog for 200 seconds at Wed Jun 12 04:37:49 UTC 2019
27 ms. Memory: 208384K Free: 189541K (91%)
ptolemy.util.test.WatchDog.cancel(): canceling Wed Jun 12 04:37:49 UTC 2019
auto.tcl: Setting watchdog for 200 seconds at Wed Jun 12 04:37:49 UTC 2019
22 ms. Memory: 208384K Free: 185482K (89%)
ptolemy.util.test.WatchDog.cancel(): canceling Wed Jun 12 04:37:49 UTC 2019
------------------ testing $PTII/ptolemy/domains/de/test/auto/FSM7.xml
auto.tcl: Setting watchdog for 200 seconds at Wed Jun 12 04:37:49 UTC 2019
13 ms. Memory: 208384K Free: 187714K (90%)
ptolemy.util.test.WatchDog.cancel(): canceling Wed Jun 12 04:37:49 UTC 2019
auto.tcl: Setting watchdog for 200 seconds at Wed Jun 12 04:37:49 UTC 2019
14 ms. Memory: 208384K Free: 185677K (89%)
ptolemy.util.test.WatchDog.cancel(): canceling Wed Jun 12 04:37:49 UTC 2019
------------------ testing $PTII/ptolemy/domains/de/test/auto/Inspection.xml
auto.tcl: Setting watchdog for 200 seconds at Wed Jun 12 04:37:49 UTC 2019
46 ms. Memory: 208384K Free: 188969K (91%)
ptolemy.util.test.WatchDog.cancel(): canceling Wed Jun 12 04:37:49 UTC 2019
auto.tcl: Setting watchdog for 200 seconds at Wed Jun 12 04:37:49 UTC 2019
21 ms. Memory: 208384K Free: 186947K (90%)
ptolemy.util.test.WatchDog.cancel(): canceling Wed Jun 12 04:37:49 UTC 2019
------------------ testing $PTII/ptolemy/domains/de/test/auto/Iteration.xml
auto.tcl: Setting watchdog for 200 seconds at Wed Jun 12 04:37:50 UTC 2019
9 ms. Memory: 208384K Free: 196682K (94%)
ptolemy.util.test.WatchDog.cancel(): canceling Wed Jun 12 04:37:50 UTC 2019
auto.tcl: Setting watchdog for 200 seconds at Wed Jun 12 04:37:50 UTC 2019
8 ms. Memory: 208384K Free: 194133K (93%)
ptolemy.util.test.WatchDog.cancel(): canceling Wed Jun 12 04:37:50 UTC 2019
------------------ testing $PTII/ptolemy/domains/de/test/auto/LineFault.xml
auto.tcl: Setting watchdog for 200 seconds at Wed Jun 12 04:37:50 UTC 2019
646 ms. Memory: 208384K Free: 201045K (96%)
ptolemy.util.test.WatchDog.cancel(): canceling Wed Jun 12 04:37:50 UTC 2019
auto.tcl: Setting watchdog for 200 seconds at Wed Jun 12 04:37:50 UTC 2019
570 ms. Memory: 208384K Free: 144093K (69%)
ptolemy.util.test.WatchDog.cancel(): canceling Wed Jun 12 04:37:51 UTC 2019
------------------ testing $PTII/ptolemy/domains/de/test/auto/MergeModel1Add.xml
auto.tcl: Setting watchdog for 200 seconds at Wed Jun 12 04:37:51 UTC 2019
28 ms. Memory: 331264K Free: 300979K (91%)
ptolemy.util.test.WatchDog.cancel(): canceling Wed Jun 12 04:37:51 UTC 2019
auto.tcl: Setting watchdog for 200 seconds at Wed Jun 12 04:37:51 UTC 2019
11 ms. Memory: 331264K Free: 300979K (91%)
ptolemy.util.test.WatchDog.cancel(): canceling Wed Jun 12 04:37:51 UTC 2019
------------------ testing $PTII/ptolemy/domains/de/test/auto/MergeModel2Add.xml
auto.tcl: Setting watchdog for 200 seconds at Wed Jun 12 04:37:51 UTC 2019
10 ms. Memory: 331264K Free: 305877K (92%)
ptolemy.util.test.WatchDog.cancel(): canceling Wed Jun 12 04:37:51 UTC 2019
auto.tcl: Setting watchdog for 200 seconds at Wed Jun 12 04:37:51 UTC 2019
7 ms. Memory: 331264K Free: 302325K (91%)
ptolemy.util.test.WatchDog.cancel(): canceling Wed Jun 12 04:37:51 UTC 2019
------------------ testing $PTII/ptolemy/domains/de/test/auto/MergeModel3Add.xml
auto.tcl: Setting watchdog for 200 seconds at Wed Jun 12 04:37:51 UTC 2019
11 ms. Memory: 331264K Free: 305847K (92%)
ptolemy.util.test.WatchDog.cancel(): canceling Wed Jun 12 04:37:52 UTC 2019
auto.tcl: Setting watchdog for 200 seconds at Wed Jun 12 04:37:52 UTC 2019
9 ms. Memory: 331264K Free: 302308K (91%)
ptolemy.util.test.WatchDog.cancel(): canceling Wed Jun 12 04:37:52 UTC 2019
------------------ testing $PTII/ptolemy/domains/de/test/auto/MergeWithoutDiscard.xml
auto.tcl: Setting watchdog for 200 seconds at Wed Jun 12 04:37:52 UTC 2019
4 ms. Memory: 331264K Free: 316500K (96%)
ptolemy.util.test.WatchDog.cancel(): canceling Wed Jun 12 04:37:52 UTC 2019
auto.tcl: Setting watchdog for 200 seconds at Wed Jun 12 04:37:52 UTC 2019
1 ms. Memory: 331264K Free: 316500K (96%)
ptolemy.util.test.WatchDog.cancel(): canceling Wed Jun 12 04:37:52 UTC 2019
------------------ testing $PTII/ptolemy/domains/de/test/auto/Modal1.xml
auto.tcl: Setting watchdog for 200 seconds at Wed Jun 12 04:37:52 UTC 2019
25 ms. Memory: 331264K Free: 310796K (94%)
ptolemy.util.test.WatchDog.cancel(): canceling Wed Jun 12 04:37:52 UTC 2019
auto.tcl: Setting watchdog for 200 seconds at Wed Jun 12 04:37:52 UTC 2019
23 ms. Memory: 331264K Free: 307244K (93%)
ptolemy.util.test.WatchDog.cancel(): canceling Wed Jun 12 04:37:52 UTC 2019
------------------ testing $PTII/ptolemy/domains/de/test/auto/Modal2.xml
auto.tcl: Setting watchdog for 200 seconds at Wed Jun 12 04:37:52 UTC 2019
10 ms. Memory: 331264K Free: 310677K (94%)
ptolemy.util.test.WatchDog.cancel(): canceling Wed Jun 12 04:37:52 UTC 2019
auto.tcl: Setting watchdog for 200 seconds at Wed Jun 12 04:37:52 UTC 2019
12 ms. Memory: 331264K Free: 302210K (91%)
ptolemy.util.test.WatchDog.cancel(): canceling Wed Jun 12 04:37:52 UTC 2019
------------------ testing $PTII/ptolemy/domains/de/test/auto/Modal3.xml
auto.tcl: Setting watchdog for 200 seconds at Wed Jun 12 04:37:52 UTC 2019
11 ms. Memory: 331264K Free: 311335K (94%)
ptolemy.util.test.WatchDog.cancel(): canceling Wed Jun 12 04:37:52 UTC 2019
auto.tcl: Setting watchdog for 200 seconds at Wed Jun 12 04:37:52 UTC 2019
10 ms. Memory: 331264K Free: 307108K (93%)
ptolemy.util.test.WatchDog.cancel(): canceling Wed Jun 12 04:37:52 UTC 2019
------------------ testing $PTII/ptolemy/domains/de/test/auto/Modal4.xml
auto.tcl: Setting watchdog for 200 seconds at Wed Jun 12 04:37:52 UTC 2019
16 ms. Memory: 331264K Free: 310688K (94%)
ptolemy.util.test.WatchDog.cancel(): canceling Wed Jun 12 04:37:52 UTC 2019
auto.tcl: Setting watchdog for 200 seconds at Wed Jun 12 04:37:52 UTC 2019
13 ms. Memory: 331264K Free: 307152K (93%)
ptolemy.util.test.WatchDog.cancel(): canceling Wed Jun 12 04:37:52 UTC 2019
------------------ testing $PTII/ptolemy/domains/de/test/auto/Modal5.xml
auto.tcl: Setting watchdog for 200 seconds at Wed Jun 12 04:37:52 UTC 2019
16 ms. Memory: 331264K Free: 310684K (94%)
ptolemy.util.test.WatchDog.cancel(): canceling Wed Jun 12 04:37:52 UTC 2019
auto.tcl: Setting watchdog for 200 seconds at Wed Jun 12 04:37:52 UTC 2019
13 ms. Memory: 331264K Free: 307133K (93%)
ptolemy.util.test.WatchDog.cancel(): canceling Wed Jun 12 04:37:52 UTC 2019
------------------ testing $PTII/ptolemy/domains/de/test/auto/Modal6.xml
auto.tcl: Setting watchdog for 200 seconds at Wed Jun 12 04:37:52 UTC 2019
15 ms. Memory: 331264K Free: 310649K (94%)
ptolemy.util.test.WatchDog.cancel(): canceling Wed Jun 12 04:37:52 UTC 2019
auto.tcl: Setting watchdog for 200 seconds at Wed Jun 12 04:37:52 UTC 2019
16 ms. Memory: 331264K Free: 307097K (93%)
ptolemy.util.test.WatchDog.cancel(): canceling Wed Jun 12 04:37:52 UTC 2019
------------------ testing $PTII/ptolemy/domains/de/test/auto/Modal7.xml
auto.tcl: Setting watchdog for 200 seconds at Wed Jun 12 04:37:52 UTC 2019
18 ms. Memory: 331264K Free: 307122K (93%)
ptolemy.util.test.WatchDog.cancel(): canceling Wed Jun 12 04:37:52 UTC 2019
auto.tcl: Setting watchdog for 200 seconds at Wed Jun 12 04:37:52 UTC 2019
10 ms. Memory: 331264K Free: 303578K (92%)
ptolemy.util.test.WatchDog.cancel(): canceling Wed Jun 12 04:37:52 UTC 2019
------------------ testing $PTII/ptolemy/domains/de/test/auto/ModalModel.xml
auto.tcl: Setting watchdog for 200 seconds at Wed Jun 12 04:37:52 UTC 2019
218 ms. Memory: 331264K Free: 250673K (76%)
ptolemy.util.test.WatchDog.cancel(): canceling Wed Jun 12 04:37:53 UTC 2019
auto.tcl: Setting watchdog for 200 seconds at Wed Jun 12 04:37:53 UTC 2019
174 ms. Memory: 331264K Free: 193955K (59%)
ptolemy.util.test.WatchDog.cancel(): canceling Wed Jun 12 04:37:53 UTC 2019
------------------ testing $PTII/ptolemy/domains/de/test/auto/ModalSource.xml
auto.tcl: Setting watchdog for 200 seconds at Wed Jun 12 04:37:53 UTC 2019
10 ms. Memory: 331264K Free: 316862K (96%)
ptolemy.util.test.WatchDog.cancel(): canceling Wed Jun 12 04:37:53 UTC 2019
auto.tcl: Setting watchdog for 200 seconds at Wed Jun 12 04:37:53 UTC 2019
5 ms. Memory: 331264K Free: 313602K (95%)
ptolemy.util.test.WatchDog.cancel(): canceling Wed Jun 12 04:37:53 UTC 2019
------------------ testing $PTII/ptolemy/domains/de/test/auto/NonInterruptibleTimerZeroDelay.xml
auto.tcl: Setting watchdog for 200 seconds at Wed Jun 12 04:37:53 UTC 2019
3 ms. Memory: 331264K Free: 321230K (97%)
ptolemy.util.test.WatchDog.cancel(): canceling Wed Jun 12 04:37:53 UTC 2019
auto.tcl: Setting watchdog for 200 seconds at Wed Jun 12 04:37:53 UTC 2019
2 ms. Memory: 331264K Free: 317953K (96%)
ptolemy.util.test.WatchDog.cancel(): canceling Wed Jun 12 04:37:53 UTC 2019
------------------ testing $PTII/ptolemy/domains/de/test/auto/OpenQueueingNetwork.xml
auto.tcl: Setting watchdog for 200 seconds at Wed Jun 12 04:37:53 UTC 2019
2623 ms. Memory: 573952K Free: 429776K (75%)
ptolemy.util.test.WatchDog.cancel(): canceling Wed Jun 12 04:37:56 UTC 2019
auto.tcl: Setting watchdog for 200 seconds at Wed Jun 12 04:37:56 UTC 2019
2242 ms. Memory: 550912K Free: 337345K (61%)
ptolemy.util.test.WatchDog.cancel(): canceling Wed Jun 12 04:37:58 UTC 2019
------------------ testing $PTII/ptolemy/domains/de/test/auto/OpenQueuingNetwork.xml
auto.tcl: Setting watchdog for 200 seconds at Wed Jun 12 04:37:58 UTC 2019
217 ms. Memory: 549888K Free: 446441K (81%)
ptolemy.util.test.WatchDog.cancel(): canceling Wed Jun 12 04:37:58 UTC 2019
auto.tcl: Setting watchdog for 200 seconds at Wed Jun 12 04:37:58 UTC 2019
214 ms. Memory: 549888K Free: 387947K (71%)
ptolemy.util.test.WatchDog.cancel(): canceling Wed Jun 12 04:37:59 UTC 2019
------------------ testing $PTII/ptolemy/domains/de/test/auto/PeriodicSampler.xml
auto.tcl: Setting watchdog for 200 seconds at Wed Jun 12 04:37:59 UTC 2019
3 ms. Memory: 551936K Free: 532332K (96%)
ptolemy.util.test.WatchDog.cancel(): canceling Wed Jun 12 04:37:59 UTC 2019
auto.tcl: Setting watchdog for 200 seconds at Wed Jun 12 04:37:59 UTC 2019
2 ms. Memory: 551936K Free: 532332K (96%)
ptolemy.util.test.WatchDog.cancel(): canceling Wed Jun 12 04:37:59 UTC 2019
------------------ testing $PTII/ptolemy/domains/de/test/auto/PersistentIO.xml
auto.tcl: Setting watchdog for 200 seconds at Wed Jun 12 04:37:59 UTC 2019
8 ms. Memory: 549376K Free: 525039K (96%)
ptolemy.util.test.WatchDog.cancel(): canceling Wed Jun 12 04:37:59 UTC 2019
auto.tcl: Setting watchdog for 200 seconds at Wed Jun 12 04:37:59 UTC 2019
3 ms. Memory: 549376K Free: 525039K (96%)
ptolemy.util.test.WatchDog.cancel(): canceling Wed Jun 12 04:37:59 UTC 2019
------------------ testing $PTII/ptolemy/domains/de/test/auto/PortParameterResetOnInitialize.xml
auto.tcl: Setting watchdog for 200 seconds at Wed Jun 12 04:37:59 UTC 2019
2 ms. Memory: 551424K Free: 531739K (96%)
ptolemy.util.test.WatchDog.cancel(): canceling Wed Jun 12 04:37:59 UTC 2019
auto.tcl: Setting watchdog for 200 seconds at Wed Jun 12 04:37:59 UTC 2019
1 ms. Memory: 551424K Free: 531739K (96%)
ptolemy.util.test.WatchDog.cancel(): canceling Wed Jun 12 04:37:59 UTC 2019
------------------ testing $PTII/ptolemy/domains/de/test/auto/PortParameterUpdates.xml
auto.tcl: Setting watchdog for 200 seconds at Wed Jun 12 04:37:59 UTC 2019
3 ms. Memory: 549376K Free: 529824K (96%)
ptolemy.util.test.WatchDog.cancel(): canceling Wed Jun 12 04:37:59 UTC 2019
auto.tcl: Setting watchdog for 200 seconds at Wed Jun 12 04:37:59 UTC 2019
3 ms. Memory: 549376K Free: 524490K (95%)
ptolemy.util.test.WatchDog.cancel(): canceling Wed Jun 12 04:37:59 UTC 2019
------------------ testing $PTII/ptolemy/domains/de/test/auto/QueueAndServer.xml
auto.tcl: Setting watchdog for 200 seconds at Wed Jun 12 04:37:59 UTC 2019
8 ms. Memory: 551424K Free: 531198K (96%)
ptolemy.util.test.WatchDog.cancel(): canceling Wed Jun 12 04:37:59 UTC 2019
auto.tcl: Setting watchdog for 200 seconds at Wed Jun 12 04:37:59 UTC 2019
5 ms. Memory: 551424K Free: 531198K (96%)
ptolemy.util.test.WatchDog.cancel(): canceling Wed Jun 12 04:37:59 UTC 2019
------------------ testing $PTII/ptolemy/domains/de/test/auto/Records.xml
auto.tcl: Setting watchdog for 200 seconds at Wed Jun 12 04:37:59 UTC 2019
5 ms. Memory: 549376K Free: 534411K (97%)
ptolemy.util.test.WatchDog.cancel(): canceling Wed Jun 12 04:37:59 UTC 2019
auto.tcl: Setting watchdog for 200 seconds at Wed Jun 12 04:37:59 UTC 2019
3 ms. Memory: 549376K Free: 534411K (97%)
ptolemy.util.test.WatchDog.cancel(): canceling Wed Jun 12 04:37:59 UTC 2019
------------------ testing $PTII/ptolemy/domains/de/test/auto/ResetTransitionWithStartTime1.xml
auto.tcl: Setting watchdog for 200 seconds at Wed Jun 12 04:37:59 UTC 2019
6 ms. Memory: 551424K Free: 531157K (96%)
ptolemy.util.test.WatchDog.cancel(): canceling Wed Jun 12 04:37:59 UTC 2019
auto.tcl: Setting watchdog for 200 seconds at Wed Jun 12 04:37:59 UTC 2019
6 ms. Memory: 551424K Free: 531157K (96%)
ptolemy.util.test.WatchDog.cancel(): canceling Wed Jun 12 04:37:59 UTC 2019
------------------ testing $PTII/ptolemy/domains/de/test/auto/ResetTransitionWithStartTime2.xml
auto.tcl: Setting watchdog for 200 seconds at Wed Jun 12 04:37:59 UTC 2019
5 ms. Memory: 549376K Free: 529636K (96%)
ptolemy.util.test.WatchDog.cancel(): canceling Wed Jun 12 04:37:59 UTC 2019
auto.tcl: Setting watchdog for 200 seconds at Wed Jun 12 04:37:59 UTC 2019
5 ms. Memory: 549376K Free: 529636K (96%)
ptolemy.util.test.WatchDog.cancel(): canceling Wed Jun 12 04:37:59 UTC 2019
------------------ testing $PTII/ptolemy/domains/de/test/auto/ResetTransitionWithStartTime3.xml
auto.tcl: Setting watchdog for 200 seconds at Wed Jun 12 04:37:59 UTC 2019
7 ms. Memory: 550912K Free: 530635K (96%)
ptolemy.util.test.WatchDog.cancel(): canceling Wed Jun 12 04:37:59 UTC 2019
auto.tcl: Setting watchdog for 200 seconds at Wed Jun 12 04:37:59 UTC 2019
5 ms. Memory: 550912K Free: 530635K (96%)
ptolemy.util.test.WatchDog.cancel(): canceling Wed Jun 12 04:37:59 UTC 2019
------------------ testing $PTII/ptolemy/domains/de/test/auto/ResetTransitionWithStartTime4.xml
auto.tcl: Setting watchdog for 200 seconds at Wed Jun 12 04:37:59 UTC 2019
4 ms. Memory: 549376K Free: 529090K (96%)
ptolemy.util.test.WatchDog.cancel(): canceling Wed Jun 12 04:37:59 UTC 2019
auto.tcl: Setting watchdog for 200 seconds at Wed Jun 12 04:37:59 UTC 2019
4 ms. Memory: 549376K Free: 529090K (96%)
ptolemy.util.test.WatchDog.cancel(): canceling Wed Jun 12 04:37:59 UTC 2019
------------------ testing $PTII/ptolemy/domains/de/test/auto/ResettableTimer1.xml
auto.tcl: Setting watchdog for 200 seconds at Wed Jun 12 04:38:00 UTC 2019
2 ms. Memory: 550912K Free: 535955K (97%)
ptolemy.util.test.WatchDog.cancel(): canceling Wed Jun 12 04:38:00 UTC 2019
auto.tcl: Setting watchdog for 200 seconds at Wed Jun 12 04:38:00 UTC 2019
2 ms. Memory: 550912K Free: 535955K (97%)
ptolemy.util.test.WatchDog.cancel(): canceling Wed Jun 12 04:38:00 UTC 2019
------------------ testing $PTII/ptolemy/domains/de/test/auto/ResettableTimer2.xml
auto.tcl: Setting watchdog for 200 seconds at Wed Jun 12 04:38:00 UTC 2019
2 ms. Memory: 549376K Free: 535021K (97%)
ptolemy.util.test.WatchDog.cancel(): canceling Wed Jun 12 04:38:00 UTC 2019
auto.tcl: Setting watchdog for 200 seconds at Wed Jun 12 04:38:00 UTC 2019
2 ms. Memory: 549376K Free: 535021K (97%)
ptolemy.util.test.WatchDog.cancel(): canceling Wed Jun 12 04:38:00 UTC 2019
------------------ testing $PTII/ptolemy/domains/de/test/auto/ResettableTimer3.xml
auto.tcl: Setting watchdog for 200 seconds at Wed Jun 12 04:38:00 UTC 2019
1 ms. Memory: 550912K Free: 536013K (97%)
ptolemy.util.test.WatchDog.cancel(): canceling Wed Jun 12 04:38:00 UTC 2019
auto.tcl: Setting watchdog for 200 seconds at Wed Jun 12 04:38:00 UTC 2019
1 ms. Memory: 550912K Free: 536013K (97%)
ptolemy.util.test.WatchDog.cancel(): canceling Wed Jun 12 04:38:00 UTC 2019
------------------ testing $PTII/ptolemy/domains/de/test/auto/ResettableTimer4.xml
auto.tcl: Setting watchdog for 200 seconds at Wed Jun 12 04:38:00 UTC 2019
2 ms. Memory: 549376K Free: 535033K (97%)
ptolemy.util.test.WatchDog.cancel(): canceling Wed Jun 12 04:38:00 UTC 2019
auto.tcl: Setting watchdog for 200 seconds at Wed Jun 12 04:38:00 UTC 2019
1 ms. Memory: 549376K Free: 535033K (97%)
ptolemy.util.test.WatchDog.cancel(): canceling Wed Jun 12 04:38:00 UTC 2019
------------------ testing $PTII/ptolemy/domains/de/test/auto/ResettableTimer5.xml
auto.tcl: Setting watchdog for 200 seconds at Wed Jun 12 04:38:00 UTC 2019
5 ms. Memory: 550400K Free: 531375K (97%)
ptolemy.util.test.WatchDog.cancel(): canceling Wed Jun 12 04:38:00 UTC 2019
auto.tcl: Setting watchdog for 200 seconds at Wed Jun 12 04:38:00 UTC 2019
1 ms. Memory: 550400K Free: 531375K (97%)
ptolemy.util.test.WatchDog.cancel(): canceling Wed Jun 12 04:38:00 UTC 2019
------------------ testing $PTII/ptolemy/domains/de/test/auto/ResettableTimer6.xml
auto.tcl: Setting watchdog for 200 seconds at Wed Jun 12 04:38:00 UTC 2019
1 ms. Memory: 549376K Free: 529757K (96%)
ptolemy.util.test.WatchDog.cancel(): canceling Wed Jun 12 04:38:00 UTC 2019
auto.tcl: Setting watchdog for 200 seconds at Wed Jun 12 04:38:00 UTC 2019
1 ms. Memory: 549376K Free: 529757K (96%)
ptolemy.util.test.WatchDog.cancel(): canceling Wed Jun 12 04:38:00 UTC 2019
------------------ testing $PTII/ptolemy/domains/de/test/auto/ServerZeroDelay.xml
auto.tcl: Setting watchdog for 200 seconds at Wed Jun 12 04:38:00 UTC 2019
2 ms. Memory: 550400K Free: 535995K (97%)
ptolemy.util.test.WatchDog.cancel(): canceling Wed Jun 12 04:38:00 UTC 2019
auto.tcl: Setting watchdog for 200 seconds at Wed Jun 12 04:38:00 UTC 2019
1 ms. Memory: 550400K Free: 535995K (97%)
ptolemy.util.test.WatchDog.cancel(): canceling Wed Jun 12 04:38:00 UTC 2019
------------------ testing $PTII/ptolemy/domains/de/test/auto/SmartSender.xml
auto.tcl: Setting watchdog for 200 seconds at Wed Jun 12 04:38:00 UTC 2019
3002 ms. Memory: 549376K Free: 530287K (97%)
ptolemy.util.test.WatchDog.cancel(): canceling Wed Jun 12 04:38:03 UTC 2019
auto.tcl: Setting watchdog for 200 seconds at Wed Jun 12 04:38:03 UTC 2019
3001 ms. Memory: 549376K Free: 530287K (97%)
ptolemy.util.test.WatchDog.cancel(): canceling Wed Jun 12 04:38:06 UTC 2019
------------------ testing $PTII/ptolemy/domains/de/test/auto/ThreadedComposite.xml
auto.tcl: Setting watchdog for 200 seconds at Wed Jun 12 04:38:06 UTC 2019
209 ms. Memory: 550400K Free: 510762K (93%)
ptolemy.util.test.WatchDog.cancel(): canceling Wed Jun 12 04:38:06 UTC 2019
auto.tcl: Setting watchdog for 200 seconds at Wed Jun 12 04:38:06 UTC 2019
164 ms. Memory: 550400K Free: 486726K (88%)
ptolemy.util.test.WatchDog.cancel(): canceling Wed Jun 12 04:38:06 UTC 2019
------------------ testing $PTII/ptolemy/domains/de/test/auto/Time.xml
auto.tcl: Setting watchdog for 200 seconds at Wed Jun 12 04:38:06 UTC 2019
489 ms. Memory: 549376K Free: 487352K (89%)
ptolemy.util.test.WatchDog.cancel(): canceling Wed Jun 12 04:38:07 UTC 2019
auto.tcl: Setting watchdog for 200 seconds at Wed Jun 12 04:38:07 UTC 2019
462 ms. Memory: 549376K Free: 434175K (79%)
ptolemy.util.test.WatchDog.cancel(): canceling Wed Jun 12 04:38:07 UTC 2019
------------------ testing $PTII/ptolemy/domains/de/test/auto/TimeDelayZeroDelay.xml
auto.tcl: Setting watchdog for 200 seconds at Wed Jun 12 04:38:07 UTC 2019
2 ms. Memory: 550400K Free: 535370K (97%)
ptolemy.util.test.WatchDog.cancel(): canceling Wed Jun 12 04:38:07 UTC 2019
auto.tcl: Setting watchdog for 200 seconds at Wed Jun 12 04:38:07 UTC 2019
2 ms. Memory: 550400K Free: 535370K (97%)
ptolemy.util.test.WatchDog.cancel(): canceling Wed Jun 12 04:38:07 UTC 2019
------------------ testing $PTII/ptolemy/domains/de/test/auto/TimerZeroDelay.xml
auto.tcl: Setting watchdog for 200 seconds at Wed Jun 12 04:38:08 UTC 2019
3 ms. Memory: 549376K Free: 534933K (97%)
ptolemy.util.test.WatchDog.cancel(): canceling Wed Jun 12 04:38:08 UTC 2019
auto.tcl: Setting watchdog for 200 seconds at Wed Jun 12 04:38:08 UTC 2019
2 ms. Memory: 549376K Free: 534933K (97%)
ptolemy.util.test.WatchDog.cancel(): canceling Wed Jun 12 04:38:08 UTC 2019
------------------ testing $PTII/ptolemy/domains/de/test/auto/TimingParadox.xml
auto.tcl: Setting watchdog for 200 seconds at Wed Jun 12 04:38:08 UTC 2019
323 ms. Memory: 549888K Free: 470198K (86%)
ptolemy.util.test.WatchDog.cancel(): canceling Wed Jun 12 04:38:08 UTC 2019
auto.tcl: Setting watchdog for 200 seconds at Wed Jun 12 04:38:08 UTC 2019
295 ms. Memory: 549888K Free: 438292K (80%)
ptolemy.util.test.WatchDog.cancel(): canceling Wed Jun 12 04:38:08 UTC 2019
------------------ testing $PTII/ptolemy/domains/de/test/auto/TransferInputs.xml
auto.tcl: Setting watchdog for 200 seconds at Wed Jun 12 04:38:08 UTC 2019
1 ms. Memory: 549888K Free: 534406K (97%)
ptolemy.util.test.WatchDog.cancel(): canceling Wed Jun 12 04:38:08 UTC 2019
auto.tcl: Setting watchdog for 200 seconds at Wed Jun 12 04:38:08 UTC 2019
2 ms. Memory: 549888K Free: 534406K (97%)
ptolemy.util.test.WatchDog.cancel(): canceling Wed Jun 12 04:38:08 UTC 2019
------------------ testing $PTII/ptolemy/domains/de/test/auto/TransferOutputs2.xml
auto.tcl: Setting watchdog for 200 seconds at Wed Jun 12 04:38:09 UTC 2019
3 ms. Memory: 549376K Free: 524982K (96%)
ptolemy.util.test.WatchDog.cancel(): canceling Wed Jun 12 04:38:09 UTC 2019
auto.tcl: Setting watchdog for 200 seconds at Wed Jun 12 04:38:09 UTC 2019
2 ms. Memory: 549376K Free: 524982K (96%)
ptolemy.util.test.WatchDog.cancel(): canceling Wed Jun 12 04:38:09 UTC 2019
------------------ testing $PTII/ptolemy/domains/de/test/auto/Trilateration.xml
auto.tcl: Setting watchdog for 200 seconds at Wed Jun 12 04:38:09 UTC 2019
13201 ms. Memory: 766976K Free: 261294K (34%)
ptolemy.util.test.WatchDog.cancel(): canceling Wed Jun 12 04:38:23 UTC 2019
auto.tcl: Setting watchdog for 200 seconds at Wed Jun 12 04:38:23 UTC 2019
10093 ms. Memory: 646144K Free: 109452K (17%)
ptolemy.util.test.WatchDog.cancel(): canceling Wed Jun 12 04:38:33 UTC 2019
------------------ testing $PTII/ptolemy/domains/de/test/auto/TwoSigmaDelta.xml
auto.tcl: Setting watchdog for 200 seconds at Wed Jun 12 04:38:33 UTC 2019
2635 ms. Memory: 649728K Free: 364161K (56%)
ptolemy.util.test.WatchDog.cancel(): canceling Wed Jun 12 04:38:36 UTC 2019
auto.tcl: Setting watchdog for 200 seconds at Wed Jun 12 04:38:36 UTC 2019
2053 ms. Memory: 649728K Free: 138685K (21%)
ptolemy.util.test.WatchDog.cancel(): canceling Wed Jun 12 04:38:38 UTC 2019
------------------ testing $PTII/ptolemy/domains/de/test/auto/VariableDelay.xml
auto.tcl: Setting watchdog for 200 seconds at Wed Jun 12 04:38:38 UTC 2019
3 ms. Memory: 646656K Free: 627412K (97%)
ptolemy.util.test.WatchDog.cancel(): canceling Wed Jun 12 04:38:38 UTC 2019
auto.tcl: Setting watchdog for 200 seconds at Wed Jun 12 04:38:38 UTC 2019
2 ms. Memory: 646656K Free: 627412K (97%)
ptolemy.util.test.WatchDog.cancel(): canceling Wed Jun 12 04:38:38 UTC 2019
------------------ testing $PTII/ptolemy/domains/de/test/auto/VariableDelay2.xml
auto.tcl: Setting watchdog for 200 seconds at Wed Jun 12 04:38:38 UTC 2019
4 ms. Memory: 646144K Free: 627390K (97%)
ptolemy.util.test.WatchDog.cancel(): canceling Wed Jun 12 04:38:38 UTC 2019
auto.tcl: Setting watchdog for 200 seconds at Wed Jun 12 04:38:38 UTC 2019
2 ms. Memory: 646144K Free: 627390K (97%)
ptolemy.util.test.WatchDog.cancel(): canceling Wed Jun 12 04:38:38 UTC 2019
------------------ testing $PTII/ptolemy/domains/de/test/auto/VariableDelayZeroDelay.xml
auto.tcl: Setting watchdog for 200 seconds at Wed Jun 12 04:38:38 UTC 2019
5 ms. Memory: 646144K Free: 621740K (96%)
ptolemy.util.test.WatchDog.cancel(): canceling Wed Jun 12 04:38:38 UTC 2019
auto.tcl: Setting watchdog for 200 seconds at Wed Jun 12 04:38:38 UTC 2019
2 ms. Memory: 646144K Free: 621740K (96%)
ptolemy.util.test.WatchDog.cancel(): canceling Wed Jun 12 04:38:38 UTC 2019
------------------ testing $PTII/ptolemy/domains/de/test/auto/VariableDelayZeroDelay2.xml
auto.tcl: Setting watchdog for 200 seconds at Wed Jun 12 04:38:38 UTC 2019
2 ms. Memory: 649216K Free: 624811K (96%)
ptolemy.util.test.WatchDog.cancel(): canceling Wed Jun 12 04:38:38 UTC 2019
auto.tcl: Setting watchdog for 200 seconds at Wed Jun 12 04:38:38 UTC 2019
2 ms. Memory: 649216K Free: 624811K (96%)
ptolemy.util.test.WatchDog.cancel(): canceling Wed Jun 12 04:38:38 UTC 2019
------------------ testing $PTII/ptolemy/domains/de/test/auto/deInCt.xml
auto.tcl: Setting watchdog for 200 seconds at Wed Jun 12 04:38:38 UTC 2019
0
1
1
1
0
0
0
1
1
1
1
1
0
0
0
1
1
1
1
1
1
0
0
0
0
1
1
1
1
0
0
0
1
1
1
1
10 ms. Memory: 646144K Free: 621659K (96%)
ptolemy.util.test.WatchDog.cancel(): canceling Wed Jun 12 04:38:38 UTC 2019
auto.tcl: Setting watchdog for 200 seconds at Wed Jun 12 04:38:38 UTC 2019
0
1
1
1
0
0
0
1
1
1
0
0
0
1
1
1
0
0
0
1
1
1
0
0
0
1
1
1
0
0
0
1
1
1
1
0
0
1
1
1
1
6 ms. Memory: 646144K Free: 621659K (96%)
ptolemy.util.test.WatchDog.cancel(): canceling Wed Jun 12 04:38:38 UTC 2019
------------------ testing $PTII/ptolemy/domains/de/test/auto/deInCt2.xml
auto.tcl: Setting watchdog for 200 seconds at Wed Jun 12 04:38:38 UTC 2019
0
1
1
1
0
0
1
1
1
0
0
1
1
1
0
0
1
1
1
0
0
1
1
1
0
0
1
1
1
0
0
1
1
1
0
0
1
1
1
0
0
0
9 ms. Memory: 648704K Free: 624219K (96%)
ptolemy.util.test.WatchDog.cancel(): canceling Wed Jun 12 04:38:38 UTC 2019
auto.tcl: Setting watchdog for 200 seconds at Wed Jun 12 04:38:38 UTC 2019
0
1
1
1
0
0
1
1
1
0
0
1
1
1
0
0
1
1
1
0
0
1
1
1
0
0
1
1
1
0
0
1
1
1
0
0
1
1
1
0
0
0
8 ms. Memory: 648704K Free: 624219K (96%)
ptolemy.util.test.WatchDog.cancel(): canceling Wed Jun 12 04:38:38 UTC 2019
------------------ testing $PTII/ptolemy/domains/de/test/auto/dynamicCausalityInterface1.xml
auto.tcl: Setting watchdog for 200 seconds at Wed Jun 12 04:38:38 UTC 2019
1 ms. Memory: 646144K Free: 618791K (96%)
ptolemy.util.test.WatchDog.cancel(): canceling Wed Jun 12 04:38:38 UTC 2019
auto.tcl: Setting watchdog for 200 seconds at Wed Jun 12 04:38:38 UTC 2019
1 ms. Memory: 646144K Free: 618791K (96%)
ptolemy.util.test.WatchDog.cancel(): canceling Wed Jun 12 04:38:38 UTC 2019
------------------ testing $PTII/ptolemy/domains/de/test/auto/fsm_de_test.xml
auto.tcl: Setting watchdog for 200 seconds at Wed Jun 12 04:38:38 UTC 2019
6 ms. Memory: 648192K Free: 623673K (96%)
ptolemy.util.test.WatchDog.cancel(): canceling Wed Jun 12 04:38:38 UTC 2019
auto.tcl: Setting watchdog for 200 seconds at Wed Jun 12 04:38:38 UTC 2019
5 ms. Memory: 648192K Free: 615070K (95%)
ptolemy.util.test.WatchDog.cancel(): canceling Wed Jun 12 04:38:38 UTC 2019
------------------ testing $PTII/ptolemy/domains/de/test/auto/functionDependencyReconstruction.xml
auto.tcl: Setting watchdog for 200 seconds at Wed Jun 12 04:38:38 UTC 2019
2 ms. Memory: 646144K Free: 613013K (95%)
ptolemy.util.test.WatchDog.cancel(): canceling Wed Jun 12 04:38:38 UTC 2019
auto.tcl: Setting watchdog for 200 seconds at Wed Jun 12 04:38:38 UTC 2019
3 ms. Memory: 646144K Free: 613013K (95%)
ptolemy.util.test.WatchDog.cancel(): canceling Wed Jun 12 04:38:38 UTC 2019
------------------ testing $PTII/ptolemy/domains/de/test/auto/multirate.xml
auto.tcl: Setting watchdog for 200 seconds at Wed Jun 12 04:38:38 UTC 2019
3 ms. Memory: 648192K Free: 629110K (97%)
ptolemy.util.test.WatchDog.cancel(): canceling Wed Jun 12 04:38:38 UTC 2019
auto.tcl: Setting watchdog for 200 seconds at Wed Jun 12 04:38:38 UTC 2019
3 ms. Memory: 648192K Free: 629110K (97%)
ptolemy.util.test.WatchDog.cancel(): canceling Wed Jun 12 04:38:38 UTC 2019
------------------ testing $PTII/ptolemy/domains/de/test/auto/multirate2.xml
auto.tcl: Setting watchdog for 200 seconds at Wed Jun 12 04:38:39 UTC 2019
6 ms. Memory: 646144K Free: 627250K (97%)
ptolemy.util.test.WatchDog.cancel(): canceling Wed Jun 12 04:38:39 UTC 2019
auto.tcl: Setting watchdog for 200 seconds at Wed Jun 12 04:38:39 UTC 2019
2 ms. Memory: 646144K Free: 627250K (97%)
ptolemy.util.test.WatchDog.cancel(): canceling Wed Jun 12 04:38:39 UTC 2019
------------------ testing $PTII/ptolemy/domains/de/test/auto/realtime.xml
auto.tcl: Setting watchdog for 200 seconds at Wed Jun 12 04:38:39 UTC 2019
10005 ms. Memory: 647680K Free: 628784K (97%)
ptolemy.util.test.WatchDog.cancel(): canceling Wed Jun 12 04:38:49 UTC 2019
auto.tcl: Setting watchdog for 200 seconds at Wed Jun 12 04:38:49 UTC 2019
10001 ms. Memory: 647680K Free: 628784K (97%)
ptolemy.util.test.WatchDog.cancel(): canceling Wed Jun 12 04:38:59 UTC 2019
------------------ testing $PTII/ptolemy/domains/de/test/auto/relationGroup.xml
auto.tcl: Setting watchdog for 200 seconds at Wed Jun 12 04:38:59 UTC 2019
1 ms. Memory: 646144K Free: 627350K (97%)
ptolemy.util.test.WatchDog.cancel(): canceling Wed Jun 12 04:38:59 UTC 2019
auto.tcl: Setting watchdog for 200 seconds at Wed Jun 12 04:38:59 UTC 2019
2 ms. Memory: 646144K Free: 627350K (97%)
ptolemy.util.test.WatchDog.cancel(): canceling Wed Jun 12 04:38:59 UTC 2019
------------------ testing $PTII/ptolemy/domains/de/test/auto/relationGroup2.xml
auto.tcl: Setting watchdog for 200 seconds at Wed Jun 12 04:38:59 UTC 2019
2 ms. Memory: 647680K Free: 628913K (97%)
ptolemy.util.test.WatchDog.cancel(): canceling Wed Jun 12 04:38:59 UTC 2019
auto.tcl: Setting watchdog for 200 seconds at Wed Jun 12 04:38:59 UTC 2019
1 ms. Memory: 647680K Free: 628913K (97%)
ptolemy.util.test.WatchDog.cancel(): canceling Wed Jun 12 04:38:59 UTC 2019
------------------ testing $PTII/ptolemy/domains/de/test/auto/sortWithOpaquePorts.xml
auto.tcl: Setting watchdog for 200 seconds at Wed Jun 12 04:38:59 UTC 2019
2 ms. Memory: 646144K Free: 621730K (96%)
ptolemy.util.test.WatchDog.cancel(): canceling Wed Jun 12 04:38:59 UTC 2019
auto.tcl: Setting watchdog for 200 seconds at Wed Jun 12 04:38:59 UTC 2019
2 ms. Memory: 646144K Free: 621730K (96%)
ptolemy.util.test.WatchDog.cancel(): canceling Wed Jun 12 04:38:59 UTC 2019
------------------ testing $PTII/ptolemy/domains/de/test/auto/transferInputsandOutputs.xml
auto.tcl: Setting watchdog for 200 seconds at Wed Jun 12 04:38:59 UTC 2019
2 ms. Memory: 647168K Free: 622740K (96%)
ptolemy.util.test.WatchDog.cancel(): canceling Wed Jun 12 04:38:59 UTC 2019
auto.tcl: Setting watchdog for 200 seconds at Wed Jun 12 04:38:59 UTC 2019
3 ms. Memory: 647168K Free: 622740K (96%)
ptolemy.util.test.WatchDog.cancel(): canceling Wed Jun 12 04:38:59 UTC 2019
------------------ testing $PTII/ptolemy/domains/de/test/auto/triggerType.xml
auto.tcl: Setting watchdog for 200 seconds at Wed Jun 12 04:38:59 UTC 2019
2 ms. Memory: 646144K Free: 621666K (96%)
ptolemy.util.test.WatchDog.cancel(): canceling Wed Jun 12 04:38:59 UTC 2019
auto.tcl: Setting watchdog for 200 seconds at Wed Jun 12 04:38:59 UTC 2019
1 ms. Memory: 646144K Free: 621666K (96%)
ptolemy.util.test.WatchDog.cancel(): canceling Wed Jun 12 04:38:59 UTC 2019
06/12/19 04:38:59
Failed: 0  Total Tests: 192  ((Passed: 187, Newly Passed: 1)  Known Failed: 5) /home/travis/build/icyphy/ptII/ptolemy/domains/de/test
06/12/19 04:38:59
Failed: 0  Total Tests: 192  ((Passed: 187, Newly Passed: 1)  Known Failed: 5) /home/travis/build/icyphy/ptII/ptolemy/domains/de/test
----------------- testing (KnownFailure) /home/travis/build/icyphy/ptII/ptolemy/domains/de/test/auto/knownFailedTests/DESDFClockTest.xml
2017 ms. Memory: 647168K Free: 611373K (94%)
Known Failure: java.lang.reflect.InvocationTargetException
----------------- testing (KnownFailure) /home/travis/build/icyphy/ptII/ptolemy/domains/de/test/auto/knownFailedTests/DirectFeedback.xml
2 ms. Memory: 647168K Free: 566194K (87%)
Known Failure: java.lang.reflect.InvocationTargetException
----------------- testing (KnownFailure) /home/travis/build/icyphy/ptII/ptolemy/domains/de/test/auto/knownFailedTests/FSMSource.xml
6 ms. Memory: 647168K Free: 521015K (81%)
----------------- testing (KnownFailure) /home/travis/build/icyphy/ptII/ptolemy/domains/de/test/auto/knownFailedTests/HierarchicalModel.xml
2 ms. Memory: 647168K Free: 487115K (75%)
Known Failure: java.lang.reflect.InvocationTargetException
----------------- testing (KnownFailure) /home/travis/build/icyphy/ptII/ptolemy/domains/de/test/auto/knownFailedTests/dependencyLoop.xml
2 ms. Memory: 647168K Free: 430625K (67%)
Known Failure: java.lang.reflect.InvocationTargetException
----------------- testing (KnownFailure) /home/travis/build/icyphy/ptII/ptolemy/domains/de/test/auto/knownFailedTests/dependencyLoop2.xml
4 ms. Memory: 647168K Free: 374151K (58%)
Known Failure: java.lang.reflect.InvocationTargetException
No auto/linux-amd64/*.xml tests in /home/travis/build/icyphy/ptII/ptolemy/domains/de/test
AutoTests.java: About to close Vertx.
AutoTests.java: Vertx closed.

===========================================================================================
----------------- testing Wed Jun 12 04:39:01 UTC 2019 /home/travis/build/icyphy/ptII/ptolemy/domains/de/test/auto/ActorDepthCalculation_actorWithoutPorts.xml
----------------- Instantiating /home/travis/build/icyphy/ptII/ptolemy/domains/de/test/auto/ActorDepthCalculation_actorWithoutPorts.xml
2 ms. Memory: 647168K Free: 317677K (49%)
----------------- Invoking toplevel() on ptolemy.moml.MoMLSimpleApplication@17088917
----------------- Done invoking toplevel() on ptolemy.moml.MoMLSimpleApplication@17088917
reloadAllAccessors: .ActorDepthCalculation_actorWithoutPorts

===========================================================================================
----------------- testing Wed Jun 12 04:39:01 UTC 2019 /home/travis/build/icyphy/ptII/ptolemy/domains/de/test/auto/AssemblyLine.xml
----------------- Instantiating /home/travis/build/icyphy/ptII/ptolemy/domains/de/test/auto/AssemblyLine.xml
5 ms. Memory: 647168K Free: 295088K (46%)
----------------- Invoking toplevel() on ptolemy.moml.MoMLSimpleApplication@66640359
----------------- Done invoking toplevel() on ptolemy.moml.MoMLSimpleApplication@66640359
reloadAllAccessors: .AssemblyLine

===========================================================================================
----------------- testing Wed Jun 12 04:39:01 UTC 2019 /home/travis/build/icyphy/ptII/ptolemy/domains/de/test/auto/CQBug1.xml
----------------- Instantiating /home/travis/build/icyphy/ptII/ptolemy/domains/de/test/auto/CQBug1.xml
1 ms. Memory: 647168K Free: 272498K (42%)
----------------- Invoking toplevel() on ptolemy.moml.MoMLSimpleApplication@168265c
----------------- Done invoking toplevel() on ptolemy.moml.MoMLSimpleApplication@168265c
reloadAllAccessors: .CQBug1

===========================================================================================
----------------- testing Wed Jun 12 04:39:01 UTC 2019 /home/travis/build/icyphy/ptII/ptolemy/domains/de/test/auto/CancelFireAt.xml
----------------- Instantiating /home/travis/build/icyphy/ptII/ptolemy/domains/de/test/auto/CancelFireAt.xml
1 ms. Memory: 647168K Free: 249909K (39%)
----------------- Invoking toplevel() on ptolemy.moml.MoMLSimpleApplication@1226347d
----------------- Done invoking toplevel() on ptolemy.moml.MoMLSimpleApplication@1226347d
reloadAllAccessors: .CancelFireAt

===========================================================================================
----------------- testing Wed Jun 12 04:39:01 UTC 2019 /home/travis/build/icyphy/ptII/ptolemy/domains/de/test/auto/CausalityAndComposabilityAnalysis.xml
----------------- Instantiating /home/travis/build/icyphy/ptII/ptolemy/domains/de/test/auto/CausalityAndComposabilityAnalysis.xml
4 ms. Memory: 647168K Free: 227319K (35%)
----------------- Invoking toplevel() on ptolemy.moml.MoMLSimpleApplication@733f83f7
----------------- Done invoking toplevel() on ptolemy.moml.MoMLSimpleApplication@733f83f7
reloadAllAccessors: .CausalityAndComposabilityAnalysis

===========================================================================================
----------------- testing Wed Jun 12 04:39:01 UTC 2019 /home/travis/build/icyphy/ptII/ptolemy/domains/de/test/auto/CausalityInterface1.xml
----------------- Instantiating /home/travis/build/icyphy/ptII/ptolemy/domains/de/test/auto/CausalityInterface1.xml
5 ms. Memory: 647168K Free: 204730K (32%)
----------------- Invoking toplevel() on ptolemy.moml.MoMLSimpleApplication@7994fc98
----------------- Done invoking toplevel() on ptolemy.moml.MoMLSimpleApplication@7994fc98
reloadAllAccessors: .CausalityInterface1

===========================================================================================
----------------- testing Wed Jun 12 04:39:01 UTC 2019 /home/travis/build/icyphy/ptII/ptolemy/domains/de/test/auto/CausalityInterface15.xml
----------------- Instantiating /home/travis/build/icyphy/ptII/ptolemy/domains/de/test/auto/CausalityInterface15.xml
2 ms. Memory: 647168K Free: 182140K (28%)
----------------- Invoking toplevel() on ptolemy.moml.MoMLSimpleApplication@74069681
----------------- Done invoking toplevel() on ptolemy.moml.MoMLSimpleApplication@74069681
reloadAllAccessors: .CausalityInterface15

[...]
java.lang.RuntimeException: Execution failed
	at ptolemy.moml.MoMLSimpleApplication$UnloadThread.run(MoMLSimpleApplication.java:402)
Caused by: ptolemy.kernel.util.IllegalActionException: Test fails in iteration 1.
Value was: 1.0. Should have been: 2.0
  in .DirectFeedback.Test
	at ptolemy.actor.lib.Test.fire(Test.java:268)
	at ptolemy.domains.de.kernel.DEDirector._fire(DEDirector.java:1949)
	at ptolemy.domains.de.kernel.DEDirector.fire(DEDirector.java:502)
	at ptolemy.actor.CompositeActor.fire(CompositeActor.java:455)
	at ptolemy.actor.Manager.iterate(Manager.java:851)
	at ptolemy.actor.Manager.execute(Manager.java:369)
	at ptolemy.actor.Manager.run(Manager.java:1263)
	at ptolemy.actor.Manager$PtolemyRunThread.run(Manager.java:1915)
java.lang.RuntimeException: Execution failed
	at ptolemy.moml.MoMLSimpleApplication$UnloadThread.run(MoMLSimpleApplication.java:402)
Caused by: ptolemy.kernel.util.IllegalActionException: Actor is not ready to fire.  Perhaps UpSample.prefire() returned false? Try debugging the actor by selecting "Listen to Actor".  Also, for SDF check moml for tokenConsumptionRate on input.
  in .DESDFClockTest.Play Bell.Copy1:SDF Director and .DESDFClockTest.Play Bell.UpSample
	at ptolemy.actor.sched.StaticSchedulingDirector.fire(StaticSchedulingDirector.java:227)
	at ptolemy.domains.sdf.kernel.SDFDirector.fire(SDFDirector.java:500)
	at ptolemy.actor.CompositeActor.fire(CompositeActor.java:455)
	at ptolemy.domains.de.kernel.DEDirector._fire(DEDirector.java:1949)
	at ptolemy.domains.de.kernel.DEDirector.fire(DEDirector.java:502)
	at ptolemy.actor.CompositeActor.fire(CompositeActor.java:455)
	at ptolemy.actor.Manager.iterate(Manager.java:851)
	at ptolemy.actor.Manager.execute(Manager.java:369)
	at ptolemy.actor.Manager.run(Manager.java:1263)
	at ptolemy.actor.Manager$PtolemyRunThread.run(Manager.java:1915)
java.lang.reflect.InvocationTargetException
	at sun.reflect.NativeConstructorAccessorImpl.newInstance0(Native Method)
	at sun.reflect.NativeConstructorAccessorImpl.newInstance(NativeConstructorAccessorImpl.java:62)
	at sun.reflect.DelegatingConstructorAccessorImpl.newInstance(DelegatingConstructorAccessorImpl.java:45)
	at java.lang.reflect.Constructor.newInstance(Constructor.java:423)
	at ptolemy.util.test.junit.AutoKnownFailedTests.RunModel(AutoKnownFailedTests.java:105)
	at sun.reflect.NativeMethodAccessorImpl.invoke0(Native Method)
	at sun.reflect.NativeMethodAccessorImpl.invoke(NativeMethodAccessorImpl.java:62)
	at sun.reflect.DelegatingMethodAccessorImpl.invoke(DelegatingMethodAccessorImpl.java:43)
	at java.lang.reflect.Method.invoke(Method.java:498)
	at org.junit.runners.model.FrameworkMethod$1.runReflectiveCall(FrameworkMethod.java:44)
	at org.junit.internal.runners.model.ReflectiveCallable.run(ReflectiveCallable.java:15)
	at org.junit.runners.model.FrameworkMethod.invokeExplosively(FrameworkMethod.java:41)
	at junitparams.internal.InvokeParameterisedMethod.evaluate(InvokeParameterisedMethod.java:102)
	at org.junit.internal.runners.statements.FailOnTimeout$1.run(FailOnTimeout.java:28)
Caused by: ptolemy.kernel.util.IllegalActionException: Actor is not ready to fire.  Perhaps UpSample.prefire() returned false? Try debugging the actor by selecting "Listen to Actor".  Also, for SDF check moml for tokenConsumptionRate on input.
  in .DESDFClockTest.Play Bell.Copy1:SDF Director and .DESDFClockTest.Play Bell.UpSample
	at ptolemy.actor.sched.StaticSchedulingDirector.fire(StaticSchedulingDirector.java:227)
	at ptolemy.domains.sdf.kernel.SDFDirector.fire(SDFDirector.java:500)
	at ptolemy.actor.CompositeActor.fire(CompositeActor.java:455)
	at ptolemy.domains.de.kernel.DEDirector._fire(DEDirector.java:1949)
	at ptolemy.domains.de.kernel.DEDirector.fire(DEDirector.java:502)
	at ptolemy.actor.CompositeActor.fire(CompositeActor.java:455)
	at ptolemy.actor.Manager.iterate(Manager.java:851)
	at ptolemy.actor.Manager.execute(Manager.java:369)
	at ptolemy.actor.Manager.run(Manager.java:1263)
	at ptolemy.actor.Manager$PtolemyRunThread.run(Manager.java:1915)
java.lang.RuntimeException: Execution failed
	at ptolemy.moml.MoMLSimpleApplication$UnloadThread.run(MoMLSimpleApplication.java:402)
Caused by: ptolemy.kernel.util.IllegalActionException: Test fails in iteration 1.
Value was: 1.0. Should have been: 2.0
  in .DirectFeedback.Test
	at ptolemy.actor.lib.Test.fire(Test.java:268)
	at ptolemy.domains.de.kernel.DEDirector._fire(DEDirector.java:1949)
	at ptolemy.domains.de.kernel.DEDirector.fire(DEDirector.java:502)
	at ptolemy.actor.CompositeActor.fire(CompositeActor.java:455)
	at ptolemy.actor.Manager.iterate(Manager.java:851)
	at ptolemy.actor.Manager.execute(Manager.java:369)
	at ptolemy.actor.Manager.run(Manager.java:1263)
	at ptolemy.actor.Manager$PtolemyRunThread.run(Manager.java:1915)
java.lang.reflect.InvocationTargetException
	at sun.reflect.NativeConstructorAccessorImpl.newInstance0(Native Method)
	at sun.reflect.NativeConstructorAccessorImpl.newInstance(NativeConstructorAccessorImpl.java:62)
	at sun.reflect.DelegatingConstructorAccessorImpl.newInstance(DelegatingConstructorAccessorImpl.java:45)
	at java.lang.reflect.Constructor.newInstance(Constructor.java:423)
	at ptolemy.util.test.junit.AutoKnownFailedTests.RunModel(AutoKnownFailedTests.java:105)
	at sun.reflect.NativeMethodAccessorImpl.invoke0(Native Method)
	at sun.reflect.NativeMethodAccessorImpl.invoke(NativeMethodAccessorImpl.java:62)
	at sun.reflect.DelegatingMethodAccessorImpl.invoke(DelegatingMethodAccessorImpl.java:43)
	at java.lang.reflect.Method.invoke(Method.java:498)
	at org.junit.runners.model.FrameworkMethod$1.runReflectiveCall(FrameworkMethod.java:44)
	at org.junit.internal.runners.model.ReflectiveCallable.run(ReflectiveCallable.java:15)
	at org.junit.runners.model.FrameworkMethod.invokeExplosively(FrameworkMethod.java:41)
	at junitparams.internal.InvokeParameterisedMethod.evaluate(InvokeParameterisedMethod.java:102)
	at org.junit.internal.runners.statements.FailOnTimeout$1.run(FailOnTimeout.java:28)
Caused by: ptolemy.kernel.util.IllegalActionException: Test fails in iteration 1.
Value was: 1.0. Should have been: 2.0
  in .DirectFeedback.Test
	at ptolemy.actor.lib.Test.fire(Test.java:268)
	at ptolemy.domains.de.kernel.DEDirector._fire(DEDirector.java:1949)
	at ptolemy.domains.de.kernel.DEDirector.fire(DEDirector.java:502)
	at ptolemy.actor.CompositeActor.fire(CompositeActor.java:455)
	at ptolemy.actor.Manager.iterate(Manager.java:851)
	at ptolemy.actor.Manager.execute(Manager.java:369)
	at ptolemy.actor.Manager.run(Manager.java:1263)
	at ptolemy.actor.Manager$PtolemyRunThread.run(Manager.java:1915)
java.lang.RuntimeException: Execution failed
	at ptolemy.moml.MoMLSimpleApplication$UnloadThread.run(MoMLSimpleApplication.java:402)
Caused by: ptolemy.kernel.util.IllegalActionException: Found a zero delay loop containing .HierarchicalModel.A
  in .HierarchicalModel and .HierarchicalModel.A
	at ptolemy.actor.util.CausalityInterfaceForComposites._computeOutputPortDepth(CausalityInterfaceForComposites.java:759)
	at ptolemy.actor.util.CausalityInterfaceForComposites._computeInputDepth(CausalityInterfaceForComposites.java:696)
	at ptolemy.actor.util.CausalityInterfaceForComposites._computeOutputPortDepth(CausalityInterfaceForComposites.java:765)
	at ptolemy.actor.util.CausalityInterfaceForComposites._computeInputDepth(CausalityInterfaceForComposites.java:696)
	at ptolemy.actor.util.CausalityInterfaceForComposites._computeOutputPortDepth(CausalityInterfaceForComposites.java:765)
	at ptolemy.actor.util.CausalityInterfaceForComposites._computeInputDepth(CausalityInterfaceForComposites.java:696)
	at ptolemy.actor.util.CausalityInterfaceForComposites._computeActorDepth(CausalityInterfaceForComposites.java:532)
	at ptolemy.actor.util.CausalityInterfaceForComposites.checkForCycles(CausalityInterfaceForComposites.java:96)
	at ptolemy.domains.de.kernel.DEDirector.preinitialize(DEDirector.java:1338)
	at ptolemy.actor.CompositeActor.preinitialize(CompositeActor.java:1828)
	at ptolemy.actor.Manager.preinitializeAndResolveTypes(Manager.java:1040)
	at ptolemy.actor.Manager.initialize(Manager.java:710)
	at ptolemy.actor.Manager.execute(Manager.java:356)
	at ptolemy.actor.Manager.run(Manager.java:1263)
	at ptolemy.actor.Manager$PtolemyRunThread.run(Manager.java:1915)
java.lang.reflect.InvocationTargetException
	at sun.reflect.NativeConstructorAccessorImpl.newInstance0(Native Method)
	at sun.reflect.NativeConstructorAccessorImpl.newInstance(NativeConstructorAccessorImpl.java:62)
	at sun.reflect.DelegatingConstructorAccessorImpl.newInstance(DelegatingConstructorAccessorImpl.java:45)
	at java.lang.reflect.Constructor.newInstance(Constructor.java:423)
	at ptolemy.util.test.junit.AutoKnownFailedTests.RunModel(AutoKnownFailedTests.java:105)
	at sun.reflect.NativeMethodAccessorImpl.invoke0(Native Method)
	at sun.reflect.NativeMethodAccessorImpl.invoke(NativeMethodAccessorImpl.java:62)
	at sun.reflect.DelegatingMethodAccessorImpl.invoke(DelegatingMethodAccessorImpl.java:43)
	at java.lang.reflect.Method.invoke(Method.java:498)
	at org.junit.runners.model.FrameworkMethod$1.runReflectiveCall(FrameworkMethod.java:44)
	at org.junit.internal.runners.model.ReflectiveCallable.run(ReflectiveCallable.java:15)
	at org.junit.runners.model.FrameworkMethod.invokeExplosively(FrameworkMethod.java:41)
	at junitparams.internal.InvokeParameterisedMethod.evaluate(InvokeParameterisedMethod.java:102)
	at org.junit.internal.runners.statements.FailOnTimeout$1.run(FailOnTimeout.java:28)
Caused by: ptolemy.kernel.util.IllegalActionException: Found a zero delay loop containing .HierarchicalModel.A
  in .HierarchicalModel and .HierarchicalModel.A
	at ptolemy.actor.util.CausalityInterfaceForComposites._computeOutputPortDepth(CausalityInterfaceForComposites.java:759)
	at ptolemy.actor.util.CausalityInterfaceForComposites._computeInputDepth(CausalityInterfaceForComposites.java:696)
	at ptolemy.actor.util.CausalityInterfaceForComposites._computeOutputPortDepth(CausalityInterfaceForComposites.java:765)
	at ptolemy.actor.util.CausalityInterfaceForComposites._computeInputDepth(CausalityInterfaceForComposites.java:696)
	at ptolemy.actor.util.CausalityInterfaceForComposites._computeOutputPortDepth(CausalityInterfaceForComposites.java:765)
	at ptolemy.actor.util.CausalityInterfaceForComposites._computeInputDepth(CausalityInterfaceForComposites.java:696)
	at ptolemy.actor.util.CausalityInterfaceForComposites._computeActorDepth(CausalityInterfaceForComposites.java:532)
	at ptolemy.actor.util.CausalityInterfaceForComposites.checkForCycles(CausalityInterfaceForComposites.java:96)
	at ptolemy.domains.de.kernel.DEDirector.preinitialize(DEDirector.java:1338)
	at ptolemy.actor.CompositeActor.preinitialize(CompositeActor.java:1828)
	at ptolemy.actor.Manager.preinitializeAndResolveTypes(Manager.java:1040)
	at ptolemy.actor.Manager.initialize(Manager.java:710)
	at ptolemy.actor.Manager.execute(Manager.java:356)
	at ptolemy.actor.Manager.run(Manager.java:1263)
	at ptolemy.actor.Manager$PtolemyRunThread.run(Manager.java:1915)
java.lang.RuntimeException: Execution failed
	at ptolemy.moml.MoMLSimpleApplication$UnloadThread.run(MoMLSimpleApplication.java:402)
Caused by: ptolemy.kernel.util.IllegalActionException: Found a zero delay loop containing .dependencyLoop.original
  in .dependencyLoop and .dependencyLoop.original
	at ptolemy.actor.util.CausalityInterfaceForComposites._computeOutputPortDepth(CausalityInterfaceForComposites.java:759)
	at ptolemy.actor.util.CausalityInterfaceForComposites._computeInputDepth(CausalityInterfaceForComposites.java:696)
	at ptolemy.actor.util.CausalityInterfaceForComposites._computeOutputPortDepth(CausalityInterfaceForComposites.java:765)
	at ptolemy.actor.util.CausalityInterfaceForComposites._computeInputDepth(CausalityInterfaceForComposites.java:696)
	at ptolemy.actor.util.CausalityInterfaceForComposites._computeOutputPortDepth(CausalityInterfaceForComposites.java:765)
	at ptolemy.actor.util.CausalityInterfaceForComposites._computeInputDepth(CausalityInterfaceForComposites.java:696)
	at ptolemy.actor.util.CausalityInterfaceForComposites._computeActorDepth(CausalityInterfaceForComposites.java:532)
	at ptolemy.actor.util.CausalityInterfaceForComposites.checkForCycles(CausalityInterfaceForComposites.java:96)
	at ptolemy.domains.de.kernel.DEDirector.preinitialize(DEDirector.java:1338)
	at ptolemy.actor.CompositeActor.preinitialize(CompositeActor.java:1828)
	at ptolemy.actor.Manager.preinitializeAndResolveTypes(Manager.java:1040)
	at ptolemy.actor.Manager.initialize(Manager.java:710)
	at ptolemy.actor.Manager.execute(Manager.java:356)
	at ptolemy.actor.Manager.run(Manager.java:1263)
	at ptolemy.actor.Manager$PtolemyRunThread.run(Manager.java:1915)
java.lang.reflect.InvocationTargetException
	at sun.reflect.NativeConstructorAccessorImpl.newInstance0(Native Method)
	at sun.reflect.NativeConstructorAccessorImpl.newInstance(NativeConstructorAccessorImpl.java:62)
	at sun.reflect.DelegatingConstructorAccessorImpl.newInstance(DelegatingConstructorAccessorImpl.java:45)
	at java.lang.reflect.Constructor.newInstance(Constructor.java:423)
	at ptolemy.util.test.junit.AutoKnownFailedTests.RunModel(AutoKnownFailedTests.java:105)
	at sun.reflect.NativeMethodAccessorImpl.invoke0(Native Method)
	at sun.reflect.NativeMethodAccessorImpl.invoke(NativeMethodAccessorImpl.java:62)
	at sun.reflect.DelegatingMethodAccessorImpl.invoke(DelegatingMethodAccessorImpl.java:43)
	at java.lang.reflect.Method.invoke(Method.java:498)
	at org.junit.runners.model.FrameworkMethod$1.runReflectiveCall(FrameworkMethod.java:44)
	at org.junit.internal.runners.model.ReflectiveCallable.run(ReflectiveCallable.java:15)
	at org.junit.runners.model.FrameworkMethod.invokeExplosively(FrameworkMethod.java:41)
	at junitparams.internal.InvokeParameterisedMethod.evaluate(InvokeParameterisedMethod.java:102)
	at org.junit.internal.runners.statements.FailOnTimeout$1.run(FailOnTimeout.java:28)
Caused by: ptolemy.kernel.util.IllegalActionException: Found a zero delay loop containing .dependencyLoop.original
  in .dependencyLoop and .dependencyLoop.original
	at ptolemy.actor.util.CausalityInterfaceForComposites._computeOutputPortDepth(CausalityInterfaceForComposites.java:759)
	at ptolemy.actor.util.CausalityInterfaceForComposites._computeInputDepth(CausalityInterfaceForComposites.java:696)
	at ptolemy.actor.util.CausalityInterfaceForComposites._computeOutputPortDepth(CausalityInterfaceForComposites.java:765)
	at ptolemy.actor.util.CausalityInterfaceForComposites._computeInputDepth(CausalityInterfaceForComposites.java:696)
	at ptolemy.actor.util.CausalityInterfaceForComposites._computeOutputPortDepth(CausalityInterfaceForComposites.java:765)
	at ptolemy.actor.util.CausalityInterfaceForComposites._computeInputDepth(CausalityInterfaceForComposites.java:696)
	at ptolemy.actor.util.CausalityInterfaceForComposites._computeActorDepth(CausalityInterfaceForComposites.java:532)
	at ptolemy.actor.util.CausalityInterfaceForComposites.checkForCycles(CausalityInterfaceForComposites.java:96)
	at ptolemy.domains.de.kernel.DEDirector.preinitialize(DEDirector.java:1338)
	at ptolemy.actor.CompositeActor.preinitialize(CompositeActor.java:1828)
	at ptolemy.actor.Manager.preinitializeAndResolveTypes(Manager.java:1040)
	at ptolemy.actor.Manager.initialize(Manager.java:710)
	at ptolemy.actor.Manager.execute(Manager.java:356)
	at ptolemy.actor.Manager.run(Manager.java:1263)
	at ptolemy.actor.Manager$PtolemyRunThread.run(Manager.java:1915)
java.lang.RuntimeException: Execution failed
	at ptolemy.moml.MoMLSimpleApplication$UnloadThread.run(MoMLSimpleApplication.java:402)
Caused by: ptolemy.kernel.util.IllegalActionException: Found a zero delay loop containing .dependencyLoop2.original
  in .dependencyLoop2 and .dependencyLoop2.original
	at ptolemy.actor.util.CausalityInterfaceForComposites._computeOutputPortDepth(CausalityInterfaceForComposites.java:759)
	at ptolemy.actor.util.CausalityInterfaceForComposites._computeInputDepth(CausalityInterfaceForComposites.java:696)
	at ptolemy.actor.util.CausalityInterfaceForComposites._computeOutputPortDepth(CausalityInterfaceForComposites.java:765)
	at ptolemy.actor.util.CausalityInterfaceForComposites._computeInputDepth(CausalityInterfaceForComposites.java:696)
	at ptolemy.actor.util.CausalityInterfaceForComposites._computeOutputPortDepth(CausalityInterfaceForComposites.java:765)
	at ptolemy.actor.util.CausalityInterfaceForComposites._computeInputDepth(CausalityInterfaceForComposites.java:696)
	at ptolemy.actor.util.CausalityInterfaceForComposites._computeActorDepth(CausalityInterfaceForComposites.java:532)
	at ptolemy.actor.util.CausalityInterfaceForComposites.checkForCycles(CausalityInterfaceForComposites.java:96)
	at ptolemy.domains.de.kernel.DEDirector.preinitialize(DEDirector.java:1338)
	at ptolemy.actor.CompositeActor.preinitialize(CompositeActor.java:1828)
	at ptolemy.actor.Manager.preinitializeAndResolveTypes(Manager.java:1040)
	at ptolemy.actor.Manager.initialize(Manager.java:710)
	at ptolemy.actor.Manager.execute(Manager.java:356)
	at ptolemy.actor.Manager.run(Manager.java:1263)
	at ptolemy.actor.Manager$PtolemyRunThread.run(Manager.java:1915)
java.lang.reflect.InvocationTargetException
	at sun.reflect.NativeConstructorAccessorImpl.newInstance0(Native Method)
	at sun.reflect.NativeConstructorAccessorImpl.newInstance(NativeConstructorAccessorImpl.java:62)
	at sun.reflect.DelegatingConstructorAccessorImpl.newInstance(DelegatingConstructorAccessorImpl.java:45)
	at java.lang.reflect.Constructor.newInstance(Constructor.java:423)
	at ptolemy.util.test.junit.AutoKnownFailedTests.RunModel(AutoKnownFailedTests.java:105)
	at sun.reflect.NativeMethodAccessorImpl.invoke0(Native Method)
	at sun.reflect.NativeMethodAccessorImpl.invoke(NativeMethodAccessorImpl.java:62)
	at sun.reflect.DelegatingMethodAccessorImpl.invoke(DelegatingMethodAccessorImpl.java:43)
	at java.lang.reflect.Method.invoke(Method.java:498)
	at org.junit.runners.model.FrameworkMethod$1.runReflectiveCall(FrameworkMethod.java:44)
	at org.junit.internal.runners.model.ReflectiveCallable.run(ReflectiveCallable.java:15)
	at org.junit.runners.model.FrameworkMethod.invokeExplosively(FrameworkMethod.java:41)
	at junitparams.internal.InvokeParameterisedMethod.evaluate(InvokeParameterisedMethod.java:102)
	at org.junit.internal.runners.statements.FailOnTimeout$1.run(FailOnTimeout.java:28)
Caused by: ptolemy.kernel.util.IllegalActionException: Found a zero delay loop containing .dependencyLoop2.original
  in .dependencyLoop2 and .dependencyLoop2.original
	at ptolemy.actor.util.CausalityInterfaceForComposites._computeOutputPortDepth(CausalityInterfaceForComposites.java:759)
	at ptolemy.actor.util.CausalityInterfaceForComposites._computeInputDepth(CausalityInterfaceForComposites.java:696)
	at ptolemy.actor.util.CausalityInterfaceForComposites._computeOutputPortDepth(CausalityInterfaceForComposites.java:765)
	at ptolemy.actor.util.CausalityInterfaceForComposites._computeInputDepth(CausalityInterfaceForComposites.java:696)
	at ptolemy.actor.util.CausalityInterfaceForComposites._computeOutputPortDepth(CausalityInterfaceForComposites.java:765)
	at ptolemy.actor.util.CausalityInterfaceForComposites._computeInputDepth(CausalityInterfaceForComposites.java:696)
	at ptolemy.actor.util.CausalityInterfaceForComposites._computeActorDepth(CausalityInterfaceForComposites.java:532)
	at ptolemy.actor.util.CausalityInterfaceForComposites.checkForCycles(CausalityInterfaceForComposites.java:96)
	at ptolemy.domains.de.kernel.DEDirector.preinitialize(DEDirector.java:1338)
	at ptolemy.actor.CompositeActor.preinitialize(CompositeActor.java:1828)
	at ptolemy.actor.Manager.preinitializeAndResolveTypes(Manager.java:1040)
	at ptolemy.actor.Manager.initialize(Manager.java:710)
	at ptolemy.actor.Manager.execute(Manager.java:356)
	at ptolemy.actor.Manager.run(Manager.java:1263)
	at ptolemy.actor.Manager$PtolemyRunThread.run(Manager.java:1915)
]]></system-err>
</testsuite>
