<?xml version="1.0" encoding="UTF-8" ?>
<testsuite errors="0" failures="0" hostname="travis-job-a1438c73-7004-4bf7-93fa-5a30872779bd" name="ptolemy.actor.lib.hoc.test.junit.JUnitTclTest" skipped="0" tests="58" time="23.281" timestamp="2019-03-25T22:36:24">
  <properties>
[...]
</properties>
  <testcase classname="ptolemy.util.test.junit.TclTests" name="[0] /home/travis/build/icyphy/ptII/ptolemy/actor/lib/hoc/test/IterateOverArray.tcl (RunTclFile)" time="0.268" />
  <testcase classname="ptolemy.util.test.junit.AutoKnownFailedTests" name="[0] /home/travis/build/icyphy/ptII/ptolemy/actor/lib/hoc/test/auto/knownFailedTests/PreinitializeMustBeInvokedRunComposite.xml (RunModel)" time="0.21" />
  <testcase classname="ptolemy.util.test.junit.AutoNameArchTests" name="[0] ThereAreNoAutoArchTests (RunModel)" time="0.001" />
  <testcase classname="ptolemy.util.test.junit.AutoTests" name="[0] /home/travis/build/icyphy/ptII/ptolemy/actor/lib/hoc/test/auto/AllToAllMultiInstanceComposite.xml (RunModel)" time="0.232" />
  <testcase classname="ptolemy.util.test.junit.AutoTests" name="[1] /home/travis/build/icyphy/ptII/ptolemy/actor/lib/hoc/test/auto/ApplyFFTTest.xml (RunModel)" time="0.218" />
  <testcase classname="ptolemy.util.test.junit.AutoTests" name="[2] /home/travis/build/icyphy/ptII/ptolemy/actor/lib/hoc/test/auto/ApplyFunction.xml (RunModel)" time="0.023" />
  <testcase classname="ptolemy.util.test.junit.AutoTests" name="[3] /home/travis/build/icyphy/ptII/ptolemy/actor/lib/hoc/test/auto/BackgroundExecution.xml (RunModel)" time="0.677" />
  <testcase classname="ptolemy.util.test.junit.AutoTests" name="[4] /home/travis/build/icyphy/ptII/ptolemy/actor/lib/hoc/test/auto/Case.xml (RunModel)" time="0.076" />
  <testcase classname="ptolemy.util.test.junit.AutoTests" name="[5] /home/travis/build/icyphy/ptII/ptolemy/actor/lib/hoc/test/auto/Case1.xml (RunModel)" time="0.079" />
  <testcase classname="ptolemy.util.test.junit.AutoTests" name="[6] /home/travis/build/icyphy/ptII/ptolemy/actor/lib/hoc/test/auto/Case2.xml (RunModel)" time="0.065" />
  <testcase classname="ptolemy.util.test.junit.AutoTests" name="[7] /home/travis/build/icyphy/ptII/ptolemy/actor/lib/hoc/test/auto/Case3.xml (RunModel)" time="0.055" />
  <testcase classname="ptolemy.util.test.junit.AutoTests" name="[8] /home/travis/build/icyphy/ptII/ptolemy/actor/lib/hoc/test/auto/Case4.xml (RunModel)" time="0.037" />
  <testcase classname="ptolemy.util.test.junit.AutoTests" name="[9] /home/travis/build/icyphy/ptII/ptolemy/actor/lib/hoc/test/auto/Case5.xml (RunModel)" time="0.066" />
  <testcase classname="ptolemy.util.test.junit.AutoTests" name="[10] /home/travis/build/icyphy/ptII/ptolemy/actor/lib/hoc/test/auto/Case6.xml (RunModel)" time="0.085" />
  <testcase classname="ptolemy.util.test.junit.AutoTests" name="[11] /home/travis/build/icyphy/ptII/ptolemy/actor/lib/hoc/test/auto/CaseString2.xml (RunModel)" time="0.064" />
  <testcase classname="ptolemy.util.test.junit.AutoTests" name="[12] /home/travis/build/icyphy/ptII/ptolemy/actor/lib/hoc/test/auto/CatchUpComposite1.xml (RunModel)" time="0.088" />
  <testcase classname="ptolemy.util.test.junit.AutoTests" name="[13] /home/travis/build/icyphy/ptII/ptolemy/actor/lib/hoc/test/auto/CatchUpComposite2.xml (RunModel)" time="0.068" />
  <testcase classname="ptolemy.util.test.junit.AutoTests" name="[14] /home/travis/build/icyphy/ptII/ptolemy/actor/lib/hoc/test/auto/CatchUpComposite3.xml (RunModel)" time="0.054" />
  <testcase classname="ptolemy.util.test.junit.AutoTests" name="[15] /home/travis/build/icyphy/ptII/ptolemy/actor/lib/hoc/test/auto/CatchUpComposite4.xml (RunModel)" time="0.048" />
  <testcase classname="ptolemy.util.test.junit.AutoTests" name="[16] /home/travis/build/icyphy/ptII/ptolemy/actor/lib/hoc/test/auto/CatchUpComposite5.xml (RunModel)" time="0.04" />
  <testcase classname="ptolemy.util.test.junit.AutoTests" name="[17] /home/travis/build/icyphy/ptII/ptolemy/actor/lib/hoc/test/auto/CatchUpComposite6.xml (RunModel)" time="0.169" />
  <testcase classname="ptolemy.util.test.junit.AutoTests" name="[18] /home/travis/build/icyphy/ptII/ptolemy/actor/lib/hoc/test/auto/CatchUpComposite7.xml (RunModel)" time="0.093" />
  <testcase classname="ptolemy.util.test.junit.AutoTests" name="[19] /home/travis/build/icyphy/ptII/ptolemy/actor/lib/hoc/test/auto/ConcurrentExecutionTimeSDF.xml (RunModel)" time="1.002" />
  <testcase classname="ptolemy.util.test.junit.AutoTests" name="[20] /home/travis/build/icyphy/ptII/ptolemy/actor/lib/hoc/test/auto/ConcurrentSleep.xml (RunModel)" time="0.784" />
  <testcase classname="ptolemy.util.test.junit.AutoTests" name="[21] /home/travis/build/icyphy/ptII/ptolemy/actor/lib/hoc/test/auto/DEInPNInRunCompositeActor.xml (RunModel)" time="0.036" />
  <testcase classname="ptolemy.util.test.junit.AutoTests" name="[22] /home/travis/build/icyphy/ptII/ptolemy/actor/lib/hoc/test/auto/DFTSubSetTest.xml (RunModel)" time="0.267" />
  <testcase classname="ptolemy.util.test.junit.AutoTests" name="[23] /home/travis/build/icyphy/ptII/ptolemy/actor/lib/hoc/test/auto/HocDE.xml (RunModel)" time="0.124" />
  <testcase classname="ptolemy.util.test.junit.AutoTests" name="[24] /home/travis/build/icyphy/ptII/ptolemy/actor/lib/hoc/test/auto/IterateOverArray.xml (RunModel)" time="0.02" />
  <testcase classname="ptolemy.util.test.junit.AutoTests" name="[25] /home/travis/build/icyphy/ptII/ptolemy/actor/lib/hoc/test/auto/IterateOverArray10.xml (RunModel)" time="0.016" />
  <testcase classname="ptolemy.util.test.junit.AutoTests" name="[26] /home/travis/build/icyphy/ptII/ptolemy/actor/lib/hoc/test/auto/IterateOverArray11.xml (RunModel)" time="0.017" />
  <testcase classname="ptolemy.util.test.junit.AutoTests" name="[27] /home/travis/build/icyphy/ptII/ptolemy/actor/lib/hoc/test/auto/IterateOverArray12.xml (RunModel)" time="0.04" />
  <testcase classname="ptolemy.util.test.junit.AutoTests" name="[28] /home/travis/build/icyphy/ptII/ptolemy/actor/lib/hoc/test/auto/IterateOverArray13.xml (RunModel)" time="0.13" />
  <testcase classname="ptolemy.util.test.junit.AutoTests" name="[29] /home/travis/build/icyphy/ptII/ptolemy/actor/lib/hoc/test/auto/IterateOverArray14.xml (RunModel)" time="0.132" />
  <testcase classname="ptolemy.util.test.junit.AutoTests" name="[30] /home/travis/build/icyphy/ptII/ptolemy/actor/lib/hoc/test/auto/IterateOverArray2.xml (RunModel)" time="0.029" />
  <testcase classname="ptolemy.util.test.junit.AutoTests" name="[31] /home/travis/build/icyphy/ptII/ptolemy/actor/lib/hoc/test/auto/IterateOverArray3.xml (RunModel)" time="0.052" />
  <testcase classname="ptolemy.util.test.junit.AutoTests" name="[32] /home/travis/build/icyphy/ptII/ptolemy/actor/lib/hoc/test/auto/IterateOverArray4.xml (RunModel)" time="0.026" />
  <testcase classname="ptolemy.util.test.junit.AutoTests" name="[33] /home/travis/build/icyphy/ptII/ptolemy/actor/lib/hoc/test/auto/IterateOverArray5.xml (RunModel)" time="0.023" />
  <testcase classname="ptolemy.util.test.junit.AutoTests" name="[34] /home/travis/build/icyphy/ptII/ptolemy/actor/lib/hoc/test/auto/IterateOverArray6.xml (RunModel)" time="0.01" />
  <testcase classname="ptolemy.util.test.junit.AutoTests" name="[35] /home/travis/build/icyphy/ptII/ptolemy/actor/lib/hoc/test/auto/IterateOverArray7.xml (RunModel)" time="0.022" />
  <testcase classname="ptolemy.util.test.junit.AutoTests" name="[36] /home/travis/build/icyphy/ptII/ptolemy/actor/lib/hoc/test/auto/IterateOverArray8.xml (RunModel)" time="0.022" />
  <testcase classname="ptolemy.util.test.junit.AutoTests" name="[37] /home/travis/build/icyphy/ptII/ptolemy/actor/lib/hoc/test/auto/IterateOverArray9.xml (RunModel)" time="0.023" />
  <testcase classname="ptolemy.util.test.junit.AutoTests" name="[38] /home/travis/build/icyphy/ptII/ptolemy/actor/lib/hoc/test/auto/IterateOverArrayCoercedOutputType.xml (RunModel)" time="0.034" />
  <testcase classname="ptolemy.util.test.junit.AutoTests" name="[39] /home/travis/build/icyphy/ptII/ptolemy/actor/lib/hoc/test/auto/IterateOverArrayInferredOutputType.xml (RunModel)" time="0.032" />
  <testcase classname="ptolemy.util.test.junit.AutoTests" name="[40] /home/travis/build/icyphy/ptII/ptolemy/actor/lib/hoc/test/auto/MobileFunctionTest.xml (RunModel)" time="0.022" />
  <testcase classname="ptolemy.util.test.junit.AutoTests" name="[41] /home/travis/build/icyphy/ptII/ptolemy/actor/lib/hoc/test/auto/MobileModelTest.xml (RunModel)" time="0.093" />
  <testcase classname="ptolemy.util.test.junit.AutoTests" name="[42] /home/travis/build/icyphy/ptII/ptolemy/actor/lib/hoc/test/auto/ModelReference.xml (RunModel)" time="0.062" />
  <testcase classname="ptolemy.util.test.junit.AutoTests" name="[43] /home/travis/build/icyphy/ptII/ptolemy/actor/lib/hoc/test/auto/ModelReference3.xml (RunModel)" time="0.051" />
  <testcase classname="ptolemy.util.test.junit.AutoTests" name="[44] /home/travis/build/icyphy/ptII/ptolemy/actor/lib/hoc/test/auto/ModelReference4.xml (RunModel)" time="10.052" />
  <testcase classname="ptolemy.util.test.junit.AutoTests" name="[45] /home/travis/build/icyphy/ptII/ptolemy/actor/lib/hoc/test/auto/MultiInstanceComposite.xml (RunModel)" time="0.035" />
  <testcase classname="ptolemy.util.test.junit.AutoTests" name="[46] /home/travis/build/icyphy/ptII/ptolemy/actor/lib/hoc/test/auto/MultiInstanceComposite2.xml (RunModel)" time="0.037" />
  <testcase classname="ptolemy.util.test.junit.AutoTests" name="[47] /home/travis/build/icyphy/ptII/ptolemy/actor/lib/hoc/test/auto/MulticoreExecution.xml (RunModel)" time="1.073" />
  <testcase classname="ptolemy.util.test.junit.AutoTests" name="[48] /home/travis/build/icyphy/ptII/ptolemy/actor/lib/hoc/test/auto/ParallelExecution.xml (RunModel)" time="0.932" />
  <testcase classname="ptolemy.util.test.junit.AutoTests" name="[49] /home/travis/build/icyphy/ptII/ptolemy/actor/lib/hoc/test/auto/RunCompositeActor.xml (RunModel)" time="0.023" />
  <testcase classname="ptolemy.util.test.junit.AutoTests" name="[50] /home/travis/build/icyphy/ptII/ptolemy/actor/lib/hoc/test/auto/RunCompositeActor2.xml (RunModel)" time="0.042" />
  <testcase classname="ptolemy.util.test.junit.AutoTests" name="[51] /home/travis/build/icyphy/ptII/ptolemy/actor/lib/hoc/test/auto/RunCompositeActor3.xml (RunModel)" time="0.027" />
  <testcase classname="ptolemy.util.test.junit.AutoTests" name="[52] /home/travis/build/icyphy/ptII/ptolemy/actor/lib/hoc/test/auto/RunCompositeActor4.xml (RunModel)" time="0.046" />
  <testcase classname="ptolemy.util.test.junit.AutoTests" name="[53] /home/travis/build/icyphy/ptII/ptolemy/actor/lib/hoc/test/auto/RunCompositeIterateOverArray.xml (RunModel)" time="0.024" />
  <testcase classname="ptolemy.util.test.junit.AutoTests" name="[54] /home/travis/build/icyphy/ptII/ptolemy/actor/lib/hoc/test/auto/ThreadedJS.xml (RunModel)" time="4.682" />
  <system-out><![CDATA[/home/travis/build/icyphy/ptII/ptolemy/actor/lib/hoc/test/IterateOverArray.tcl
testDefs.tcl: setting time out to 9000 seconds at Mon Mar 25 22:36:24 UTC 2019
03/25/19 10:36:24
Failed: 0  Total Tests: 2  ((Passed: 2, Newly Passed: 0)  Known Failed: 0) /home/travis/build/icyphy/ptII/ptolemy/actor/lib/hoc/test
----------------- testing (KnownFailure) /home/travis/build/icyphy/ptII/ptolemy/actor/lib/hoc/test/auto/knownFailedTests/PreinitializeMustBeInvokedRunComposite.xml
37 ms. Memory: 116224K Free: 106901K (92%)
Known Failure: java.lang.reflect.InvocationTargetException
No auto/linux-amd64/*.xml tests in /home/travis/build/icyphy/ptII/ptolemy/actor/lib/hoc/test
AutoTests.java: About to close Vertx.
AutoTests.java: Vertx closed.

===========================================================================================
----------------- testing Mon Mar 25 22:36:25 UTC 2019 /home/travis/build/icyphy/ptII/ptolemy/actor/lib/hoc/test/auto/AllToAllMultiInstanceComposite.xml
----------------- Instantiating /home/travis/build/icyphy/ptII/ptolemy/actor/lib/hoc/test/auto/AllToAllMultiInstanceComposite.xml
107 ms. Memory: 146944K Free: 121156K (82%)
----------------- Invoking toplevel() on ptolemy.moml.MoMLSimpleApplication@689113dc
----------------- Done invoking toplevel() on ptolemy.moml.MoMLSimpleApplication@689113dc
reloadAllAccessors: .AllToAllMultiInstanceComposite

===========================================================================================
----------------- testing Mon Mar 25 22:36:25 UTC 2019 /home/travis/build/icyphy/ptII/ptolemy/actor/lib/hoc/test/auto/ApplyFFTTest.xml
----------------- Instantiating /home/travis/build/icyphy/ptII/ptolemy/actor/lib/hoc/test/auto/ApplyFFTTest.xml
88 ms. Memory: 146944K Free: 101248K (69%)
----------------- Invoking toplevel() on ptolemy.moml.MoMLSimpleApplication@621dbbcf
----------------- Done invoking toplevel() on ptolemy.moml.MoMLSimpleApplication@621dbbcf
reloadAllAccessors: .ApplyFFTTest

===========================================================================================
----------------- testing Mon Mar 25 22:36:25 UTC 2019 /home/travis/build/icyphy/ptII/ptolemy/actor/lib/hoc/test/auto/ApplyFunction.xml
----------------- Instantiating /home/travis/build/icyphy/ptII/ptolemy/actor/lib/hoc/test/auto/ApplyFunction.xml
5 ms. Memory: 146944K Free: 97859K (67%)
----------------- Invoking toplevel() on ptolemy.moml.MoMLSimpleApplication@53a16f4a
----------------- Done invoking toplevel() on ptolemy.moml.MoMLSimpleApplication@53a16f4a
reloadAllAccessors: .ApplyFunction

===========================================================================================
----------------- testing Mon Mar 25 22:36:25 UTC 2019 /home/travis/build/icyphy/ptII/ptolemy/actor/lib/hoc/test/auto/BackgroundExecution.xml
----------------- Instantiating /home/travis/build/icyphy/ptII/ptolemy/actor/lib/hoc/test/auto/BackgroundExecution.xml
626 ms. Memory: 146944K Free: 90245K (61%)
----------------- Invoking toplevel() on ptolemy.moml.MoMLSimpleApplication@6f60b167
----------------- Done invoking toplevel() on ptolemy.moml.MoMLSimpleApplication@6f60b167
reloadAllAccessors: .BackgroundExecution

===========================================================================================
----------------- testing Mon Mar 25 22:36:26 UTC 2019 /home/travis/build/icyphy/ptII/ptolemy/actor/lib/hoc/test/auto/Case.xml
----------------- Instantiating /home/travis/build/icyphy/ptII/ptolemy/actor/lib/hoc/test/auto/Case.xml
28 ms. Memory: 146944K Free: 81612K (56%)
----------------- Invoking toplevel() on ptolemy.moml.MoMLSimpleApplication@3f99cf03
----------------- Done invoking toplevel() on ptolemy.moml.MoMLSimpleApplication@3f99cf03
reloadAllAccessors: .Case

===========================================================================================
----------------- testing Mon Mar 25 22:36:26 UTC 2019 /home/travis/build/icyphy/ptII/ptolemy/actor/lib/hoc/test/auto/Case1.xml
----------------- Instantiating /home/travis/build/icyphy/ptII/ptolemy/actor/lib/hoc/test/auto/Case1.xml
18 ms. Memory: 146944K Free: 136914K (93%)
----------------- Invoking toplevel() on ptolemy.moml.MoMLSimpleApplication@3a14e9a6
----------------- Done invoking toplevel() on ptolemy.moml.MoMLSimpleApplication@3a14e9a6
reloadAllAccessors: .Case1

===========================================================================================
----------------- testing Mon Mar 25 22:36:26 UTC 2019 /home/travis/build/icyphy/ptII/ptolemy/actor/lib/hoc/test/auto/Case2.xml
----------------- Instantiating /home/travis/build/icyphy/ptII/ptolemy/actor/lib/hoc/test/auto/Case2.xml
28 ms. Memory: 146944K Free: 125161K (85%)
----------------- Invoking toplevel() on ptolemy.moml.MoMLSimpleApplication@390ac3b5
----------------- Done invoking toplevel() on ptolemy.moml.MoMLSimpleApplication@390ac3b5
reloadAllAccessors: .Case2

===========================================================================================
----------------- testing Mon Mar 25 22:36:26 UTC 2019 /home/travis/build/icyphy/ptII/ptolemy/actor/lib/hoc/test/auto/Case3.xml
----------------- Instantiating /home/travis/build/icyphy/ptII/ptolemy/actor/lib/hoc/test/auto/Case3.xml
18 ms. Memory: 146944K Free: 118817K (81%)
----------------- Invoking toplevel() on ptolemy.moml.MoMLSimpleApplication@3a738f0a
----------------- Done invoking toplevel() on ptolemy.moml.MoMLSimpleApplication@3a738f0a
reloadAllAccessors: .Case3

===========================================================================================
----------------- testing Mon Mar 25 22:36:26 UTC 2019 /home/travis/build/icyphy/ptII/ptolemy/actor/lib/hoc/test/auto/Case4.xml
----------------- Instantiating /home/travis/build/icyphy/ptII/ptolemy/actor/lib/hoc/test/auto/Case4.xml
9 ms. Memory: 146944K Free: 110079K (75%)
----------------- Invoking toplevel() on ptolemy.moml.MoMLSimpleApplication@434849cc
----------------- Done invoking toplevel() on ptolemy.moml.MoMLSimpleApplication@434849cc
reloadAllAccessors: .Case4

===========================================================================================
----------------- testing Mon Mar 25 22:36:26 UTC 2019 /home/travis/build/icyphy/ptII/ptolemy/actor/lib/hoc/test/auto/Case5.xml
----------------- Instantiating /home/travis/build/icyphy/ptII/ptolemy/actor/lib/hoc/test/auto/Case5.xml
49 ms. Memory: 146944K Free: 103325K (70%)
----------------- Invoking toplevel() on ptolemy.moml.MoMLSimpleApplication@66d03ef6
----------------- Done invoking toplevel() on ptolemy.moml.MoMLSimpleApplication@66d03ef6
reloadAllAccessors: .junk

===========================================================================================
----------------- testing Mon Mar 25 22:36:26 UTC 2019 /home/travis/build/icyphy/ptII/ptolemy/actor/lib/hoc/test/auto/Case6.xml
----------------- Instantiating /home/travis/build/icyphy/ptII/ptolemy/actor/lib/hoc/test/auto/Case6.xml
41 ms. Memory: 146944K Free: 89768K (61%)
----------------- Invoking toplevel() on ptolemy.moml.MoMLSimpleApplication@487f97a8
----------------- Done invoking toplevel() on ptolemy.moml.MoMLSimpleApplication@487f97a8
reloadAllAccessors: .Case6

===========================================================================================
----------------- testing Mon Mar 25 22:36:26 UTC 2019 /home/travis/build/icyphy/ptII/ptolemy/actor/lib/hoc/test/auto/CaseString2.xml
----------------- Instantiating /home/travis/build/icyphy/ptII/ptolemy/actor/lib/hoc/test/auto/CaseString2.xml
24 ms. Memory: 146944K Free: 81760K (56%)
----------------- Invoking toplevel() on ptolemy.moml.MoMLSimpleApplication@6f2a8b14
----------------- Done invoking toplevel() on ptolemy.moml.MoMLSimpleApplication@6f2a8b14
reloadAllAccessors: .CaseString2

===========================================================================================
----------------- testing Mon Mar 25 22:36:26 UTC 2019 /home/travis/build/icyphy/ptII/ptolemy/actor/lib/hoc/test/auto/CatchUpComposite1.xml
----------------- Instantiating /home/travis/build/icyphy/ptII/ptolemy/actor/lib/hoc/test/auto/CatchUpComposite1.xml
17 ms. Memory: 208384K Free: 194568K (93%)
----------------- Invoking toplevel() on ptolemy.moml.MoMLSimpleApplication@3bb54b13
----------------- Done invoking toplevel() on ptolemy.moml.MoMLSimpleApplication@3bb54b13
reloadAllAccessors: .CatchUpComposite1

===========================================================================================
----------------- testing Mon Mar 25 22:36:26 UTC 2019 /home/travis/build/icyphy/ptII/ptolemy/actor/lib/hoc/test/auto/CatchUpComposite2.xml
----------------- Instantiating /home/travis/build/icyphy/ptII/ptolemy/actor/lib/hoc/test/auto/CatchUpComposite2.xml
12 ms. Memory: 208384K Free: 184700K (89%)
----------------- Invoking toplevel() on ptolemy.moml.MoMLSimpleApplication@600ef0f1
----------------- Done invoking toplevel() on ptolemy.moml.MoMLSimpleApplication@600ef0f1
reloadAllAccessors: .CatchUpComposite2

===========================================================================================
----------------- testing Mon Mar 25 22:36:26 UTC 2019 /home/travis/build/icyphy/ptII/ptolemy/actor/lib/hoc/test/auto/CatchUpComposite3.xml
----------------- Instantiating /home/travis/build/icyphy/ptII/ptolemy/actor/lib/hoc/test/auto/CatchUpComposite3.xml
14 ms. Memory: 208384K Free: 174855K (84%)
----------------- Invoking toplevel() on ptolemy.moml.MoMLSimpleApplication@d40d6b6
----------------- Done invoking toplevel() on ptolemy.moml.MoMLSimpleApplication@d40d6b6
reloadAllAccessors: .CatchUpComposite3

===========================================================================================
----------------- testing Mon Mar 25 22:36:27 UTC 2019 /home/travis/build/icyphy/ptII/ptolemy/actor/lib/hoc/test/auto/CatchUpComposite4.xml
----------------- Instantiating /home/travis/build/icyphy/ptII/ptolemy/actor/lib/hoc/test/auto/CatchUpComposite4.xml
19 ms. Memory: 208384K Free: 164971K (79%)
----------------- Invoking toplevel() on ptolemy.moml.MoMLSimpleApplication@36307f94
----------------- Done invoking toplevel() on ptolemy.moml.MoMLSimpleApplication@36307f94
reloadAllAccessors: .CatchUpComposite4

===========================================================================================
----------------- testing Mon Mar 25 22:36:27 UTC 2019 /home/travis/build/icyphy/ptII/ptolemy/actor/lib/hoc/test/auto/CatchUpComposite5.xml
----------------- Instantiating /home/travis/build/icyphy/ptII/ptolemy/actor/lib/hoc/test/auto/CatchUpComposite5.xml
16 ms. Memory: 208384K Free: 156667K (75%)
----------------- Invoking toplevel() on ptolemy.moml.MoMLSimpleApplication@2a66f916
----------------- Done invoking toplevel() on ptolemy.moml.MoMLSimpleApplication@2a66f916
reloadAllAccessors: .CatchUpComposite5

===========================================================================================
----------------- testing Mon Mar 25 22:36:27 UTC 2019 /home/travis/build/icyphy/ptII/ptolemy/actor/lib/hoc/test/auto/CatchUpComposite6.xml
----------------- Instantiating /home/travis/build/icyphy/ptII/ptolemy/actor/lib/hoc/test/auto/CatchUpComposite6.xml
WARNING: The execution aspects in this model can influence the timing of actors by delaying the 
execution, potentially changing the behavior. There is no guarantee that actors fire at the 
time they request to be fired. 
Use Ptides for deterministic DE behavior that is not influenced by execution aspects. 

90 ms. Memory: 208384K Free: 139413K (67%)
----------------- Invoking toplevel() on ptolemy.moml.MoMLSimpleApplication@685cc730
----------------- Done invoking toplevel() on ptolemy.moml.MoMLSimpleApplication@685cc730
reloadAllAccessors: .CatchUpComposite6

===========================================================================================
----------------- testing Mon Mar 25 22:36:27 UTC 2019 /home/travis/build/icyphy/ptII/ptolemy/actor/lib/hoc/test/auto/CatchUpComposite7.xml
----------------- Instantiating /home/travis/build/icyphy/ptII/ptolemy/actor/lib/hoc/test/auto/CatchUpComposite7.xml
WARNING: The execution aspects in this model can influence the timing of actors by delaying the 
execution, potentially changing the behavior. There is no guarantee that actors fire at the 
time they request to be fired. 
Use Ptides for deterministic DE behavior that is not influenced by execution aspects. 

39 ms. Memory: 208384K Free: 122942K (59%)
----------------- Invoking toplevel() on ptolemy.moml.MoMLSimpleApplication@3823eda6
----------------- Done invoking toplevel() on ptolemy.moml.MoMLSimpleApplication@3823eda6
reloadAllAccessors: .CatchUpComposite7

===========================================================================================
----------------- testing Mon Mar 25 22:36:27 UTC 2019 /home/travis/build/icyphy/ptII/ptolemy/actor/lib/hoc/test/auto/ConcurrentExecutionTimeSDF.xml
----------------- Instantiating /home/travis/build/icyphy/ptII/ptolemy/actor/lib/hoc/test/auto/ConcurrentExecutionTimeSDF.xml
Fired ExecutionTime: 40400000
Fired ExecutionTime: 40400000
Fired ExecutionTime: 40400000
Fired ExecutionTime: 40400000
Fired ExecutionTime: 40400000
Fired ExecutionTime: 40400000
Fired ExecutionTime: 40400000
Fired ExecutionTime: 40400000
Fired ExecutionTime: 40400000
Fired ExecutionTime: 40400000
Fired ExecutionTime: 40400000
Fired ExecutionTime: 40400000
Fired ExecutionTime: 40400000
Fired ExecutionTime: 40400000
Fired ExecutionTime: 40400000
Fired ExecutionTime: 40400000
Fired ExecutionTime: 40400000
Fired ExecutionTime: 40400000
Fired ExecutionTime: 40400000
Fired ExecutionTime: 40400000
973 ms. Memory: 208384K Free: 114717K (55%)
----------------- Invoking toplevel() on ptolemy.moml.MoMLSimpleApplication@65a7b30f
----------------- Done invoking toplevel() on ptolemy.moml.MoMLSimpleApplication@65a7b30f
reloadAllAccessors: .ConcurrentExecutionTimeSDF

===========================================================================================
----------------- testing Mon Mar 25 22:36:28 UTC 2019 /home/travis/build/icyphy/ptII/ptolemy/actor/lib/hoc/test/auto/ConcurrentSleep.xml
----------------- Instantiating /home/travis/build/icyphy/ptII/ptolemy/actor/lib/hoc/test/auto/ConcurrentSleep.xml
751 ms. Memory: 208384K Free: 100711K (48%)
----------------- Invoking toplevel() on ptolemy.moml.MoMLSimpleApplication@268d8f0b
----------------- Done invoking toplevel() on ptolemy.moml.MoMLSimpleApplication@268d8f0b
reloadAllAccessors: .ConcurrentSleep

===========================================================================================
----------------- testing Mon Mar 25 22:36:29 UTC 2019 /home/travis/build/icyphy/ptII/ptolemy/actor/lib/hoc/test/auto/DEInPNInRunCompositeActor.xml
----------------- Instantiating /home/travis/build/icyphy/ptII/ptolemy/actor/lib/hoc/test/auto/DEInPNInRunCompositeActor.xml
11 ms. Memory: 208384K Free: 92481K (44%)
----------------- Invoking toplevel() on ptolemy.moml.MoMLSimpleApplication@7ba3d4bf
----------------- Done invoking toplevel() on ptolemy.moml.MoMLSimpleApplication@7ba3d4bf
reloadAllAccessors: .DEInPNInRunCompositeActor

===========================================================================================
----------------- testing Mon Mar 25 22:36:29 UTC 2019 /home/travis/build/icyphy/ptII/ptolemy/actor/lib/hoc/test/auto/DFTSubSetTest.xml
----------------- Instantiating /home/travis/build/icyphy/ptII/ptolemy/actor/lib/hoc/test/auto/DFTSubSetTest.xml
165 ms. Memory: 208384K Free: 168672K (81%)
----------------- Invoking toplevel() on ptolemy.moml.MoMLSimpleApplication@3e8e468c
----------------- Done invoking toplevel() on ptolemy.moml.MoMLSimpleApplication@3e8e468c
reloadAllAccessors: .DFTSubSetTest

===========================================================================================
----------------- testing Mon Mar 25 22:36:29 UTC 2019 /home/travis/build/icyphy/ptII/ptolemy/actor/lib/hoc/test/auto/HocDE.xml
----------------- Instantiating /home/travis/build/icyphy/ptII/ptolemy/actor/lib/hoc/test/auto/HocDE.xml
93 ms. Memory: 208384K Free: 141320K (68%)
----------------- Invoking toplevel() on ptolemy.moml.MoMLSimpleApplication@4fb21f2a
----------------- Done invoking toplevel() on ptolemy.moml.MoMLSimpleApplication@4fb21f2a
reloadAllAccessors: .HocDE

===========================================================================================
----------------- testing Mon Mar 25 22:36:29 UTC 2019 /home/travis/build/icyphy/ptII/ptolemy/actor/lib/hoc/test/auto/IterateOverArray.xml
----------------- Instantiating /home/travis/build/icyphy/ptII/ptolemy/actor/lib/hoc/test/auto/IterateOverArray.xml
9 ms. Memory: 208384K Free: 135797K (65%)
----------------- Invoking toplevel() on ptolemy.moml.MoMLSimpleApplication@1e5d1e43
----------------- Done invoking toplevel() on ptolemy.moml.MoMLSimpleApplication@1e5d1e43
reloadAllAccessors: .IterateOverArray

===========================================================================================
----------------- testing Mon Mar 25 22:36:29 UTC 2019 /home/travis/build/icyphy/ptII/ptolemy/actor/lib/hoc/test/auto/IterateOverArray10.xml
----------------- Instantiating /home/travis/build/icyphy/ptII/ptolemy/actor/lib/hoc/test/auto/IterateOverArray10.xml
3 ms. Memory: 208384K Free: 131685K (63%)
----------------- Invoking toplevel() on ptolemy.moml.MoMLSimpleApplication@d2d344f
----------------- Done invoking toplevel() on ptolemy.moml.MoMLSimpleApplication@d2d344f
reloadAllAccessors: .IterateOverArray10

===========================================================================================
----------------- testing Mon Mar 25 22:36:29 UTC 2019 /home/travis/build/icyphy/ptII/ptolemy/actor/lib/hoc/test/auto/IterateOverArray11.xml
----------------- Instantiating /home/travis/build/icyphy/ptII/ptolemy/actor/lib/hoc/test/auto/IterateOverArray11.xml
3 ms. Memory: 208384K Free: 126162K (61%)
----------------- Invoking toplevel() on ptolemy.moml.MoMLSimpleApplication@2c2e4b89
----------------- Done invoking toplevel() on ptolemy.moml.MoMLSimpleApplication@2c2e4b89
reloadAllAccessors: .IterateOverArray11

===========================================================================================
----------------- testing Mon Mar 25 22:36:29 UTC 2019 /home/travis/build/icyphy/ptII/ptolemy/actor/lib/hoc/test/auto/IterateOverArray12.xml
----------------- Instantiating /home/travis/build/icyphy/ptII/ptolemy/actor/lib/hoc/test/auto/IterateOverArray12.xml
16 ms. Memory: 208384K Free: 119608K (57%)
----------------- Invoking toplevel() on ptolemy.moml.MoMLSimpleApplication@1fa8a2cf
----------------- Done invoking toplevel() on ptolemy.moml.MoMLSimpleApplication@1fa8a2cf
reloadAllAccessors: .IterateOverArray12

===========================================================================================
----------------- testing Mon Mar 25 22:36:29 UTC 2019 /home/travis/build/icyphy/ptII/ptolemy/actor/lib/hoc/test/auto/IterateOverArray13.xml
----------------- Instantiating /home/travis/build/icyphy/ptII/ptolemy/actor/lib/hoc/test/auto/IterateOverArray13.xml
66 ms. Memory: 208384K Free: 91115K (44%)
----------------- Invoking toplevel() on ptolemy.moml.MoMLSimpleApplication@58bef8db
----------------- Done invoking toplevel() on ptolemy.moml.MoMLSimpleApplication@58bef8db
reloadAllAccessors: .IterateOverArray13

===========================================================================================
----------------- testing Mon Mar 25 22:36:29 UTC 2019 /home/travis/build/icyphy/ptII/ptolemy/actor/lib/hoc/test/auto/IterateOverArray14.xml
----------------- Instantiating /home/travis/build/icyphy/ptII/ptolemy/actor/lib/hoc/test/auto/IterateOverArray14.xml
48 ms. Memory: 332288K Free: 302090K (91%)
----------------- Invoking toplevel() on ptolemy.moml.MoMLSimpleApplication@5b2d3fc1
----------------- Done invoking toplevel() on ptolemy.moml.MoMLSimpleApplication@5b2d3fc1
reloadAllAccessors: .IterateOverArray14

===========================================================================================
----------------- testing Mon Mar 25 22:36:29 UTC 2019 /home/travis/build/icyphy/ptII/ptolemy/actor/lib/hoc/test/auto/IterateOverArray2.xml
----------------- Instantiating /home/travis/build/icyphy/ptII/ptolemy/actor/lib/hoc/test/auto/IterateOverArray2.xml
8 ms. Memory: 332288K Free: 294765K (89%)
----------------- Invoking toplevel() on ptolemy.moml.MoMLSimpleApplication@214388b2
----------------- Done invoking toplevel() on ptolemy.moml.MoMLSimpleApplication@214388b2
reloadAllAccessors: .IterateOverArray2

===========================================================================================
----------------- testing Mon Mar 25 22:36:30 UTC 2019 /home/travis/build/icyphy/ptII/ptolemy/actor/lib/hoc/test/auto/IterateOverArray3.xml
----------------- Instantiating /home/travis/build/icyphy/ptII/ptolemy/actor/lib/hoc/test/auto/IterateOverArray3.xml
17 ms. Memory: 332288K Free: 288225K (87%)
----------------- Invoking toplevel() on ptolemy.moml.MoMLSimpleApplication@3edfeeaf
----------------- Done invoking toplevel() on ptolemy.moml.MoMLSimpleApplication@3edfeeaf
reloadAllAccessors: .IterateOverArray3

===========================================================================================
----------------- testing Mon Mar 25 22:36:30 UTC 2019 /home/travis/build/icyphy/ptII/ptolemy/actor/lib/hoc/test/auto/IterateOverArray4.xml
----------------- Instantiating /home/travis/build/icyphy/ptII/ptolemy/actor/lib/hoc/test/auto/IterateOverArray4.xml
4 ms. Memory: 332288K Free: 282542K (85%)
----------------- Invoking toplevel() on ptolemy.moml.MoMLSimpleApplication@4e021a0e
----------------- Done invoking toplevel() on ptolemy.moml.MoMLSimpleApplication@4e021a0e
reloadAllAccessors: .IterateOverArray4

===========================================================================================
----------------- testing Mon Mar 25 22:36:30 UTC 2019 /home/travis/build/icyphy/ptII/ptolemy/actor/lib/hoc/test/auto/IterateOverArray5.xml
----------------- Instantiating /home/travis/build/icyphy/ptII/ptolemy/actor/lib/hoc/test/auto/IterateOverArray5.xml
2 ms. Memory: 332288K Free: 277637K (84%)
----------------- Invoking toplevel() on ptolemy.moml.MoMLSimpleApplication@24e8512d
----------------- Done invoking toplevel() on ptolemy.moml.MoMLSimpleApplication@24e8512d
reloadAllAccessors: .IterateOverArray5

===========================================================================================
----------------- testing Mon Mar 25 22:36:30 UTC 2019 /home/travis/build/icyphy/ptII/ptolemy/actor/lib/hoc/test/auto/IterateOverArray6.xml
----------------- Instantiating /home/travis/build/icyphy/ptII/ptolemy/actor/lib/hoc/test/auto/IterateOverArray6.xml
2 ms. Memory: 332288K Free: 271955K (82%)
----------------- Invoking toplevel() on ptolemy.moml.MoMLSimpleApplication@5222f90e
----------------- Done invoking toplevel() on ptolemy.moml.MoMLSimpleApplication@5222f90e
reloadAllAccessors: .IterateOverArray6

===========================================================================================
----------------- testing Mon Mar 25 22:36:30 UTC 2019 /home/travis/build/icyphy/ptII/ptolemy/actor/lib/hoc/test/auto/IterateOverArray7.xml
----------------- Instantiating /home/travis/build/icyphy/ptII/ptolemy/actor/lib/hoc/test/auto/IterateOverArray7.xml
7 ms. Memory: 332288K Free: 267050K (80%)
----------------- Invoking toplevel() on ptolemy.moml.MoMLSimpleApplication@17e7375f
----------------- Done invoking toplevel() on ptolemy.moml.MoMLSimpleApplication@17e7375f
reloadAllAccessors: .IterateOverArray7

===========================================================================================
----------------- testing Mon Mar 25 22:36:30 UTC 2019 /home/travis/build/icyphy/ptII/ptolemy/actor/lib/hoc/test/auto/IterateOverArray8.xml
----------------- Instantiating /home/travis/build/icyphy/ptII/ptolemy/actor/lib/hoc/test/auto/IterateOverArray8.xml
8 ms. Memory: 332288K Free: 262145K (79%)
----------------- Invoking toplevel() on ptolemy.moml.MoMLSimpleApplication@467cd1f9
----------------- Done invoking toplevel() on ptolemy.moml.MoMLSimpleApplication@467cd1f9
reloadAllAccessors: .IterateOverArray8

===========================================================================================
----------------- testing Mon Mar 25 22:36:30 UTC 2019 /home/travis/build/icyphy/ptII/ptolemy/actor/lib/hoc/test/auto/IterateOverArray9.xml
----------------- Instantiating /home/travis/build/icyphy/ptII/ptolemy/actor/lib/hoc/test/auto/IterateOverArray9.xml
8 ms. Memory: 332288K Free: 256462K (77%)
----------------- Invoking toplevel() on ptolemy.moml.MoMLSimpleApplication@5dbd0651
----------------- Done invoking toplevel() on ptolemy.moml.MoMLSimpleApplication@5dbd0651
reloadAllAccessors: .IterateOverArray9

===========================================================================================
----------------- testing Mon Mar 25 22:36:30 UTC 2019 /home/travis/build/icyphy/ptII/ptolemy/actor/lib/hoc/test/auto/IterateOverArrayCoercedOutputType.xml
----------------- Instantiating /home/travis/build/icyphy/ptII/ptolemy/actor/lib/hoc/test/auto/IterateOverArrayCoercedOutputType.xml
6 ms. Memory: 332288K Free: 249922K (75%)
----------------- Invoking toplevel() on ptolemy.moml.MoMLSimpleApplication@98c09c9
----------------- Done invoking toplevel() on ptolemy.moml.MoMLSimpleApplication@98c09c9
reloadAllAccessors: .IterateOverArrayCoercedOutputType

===========================================================================================
----------------- testing Mon Mar 25 22:36:30 UTC 2019 /home/travis/build/icyphy/ptII/ptolemy/actor/lib/hoc/test/auto/IterateOverArrayInferredOutputType.xml
----------------- Instantiating /home/travis/build/icyphy/ptII/ptolemy/actor/lib/hoc/test/auto/IterateOverArrayInferredOutputType.xml
7 ms. Memory: 332288K Free: 242605K (73%)
----------------- Invoking toplevel() on ptolemy.moml.MoMLSimpleApplication@49a83b48
----------------- Done invoking toplevel() on ptolemy.moml.MoMLSimpleApplication@49a83b48
reloadAllAccessors: .IterateOverArrayInferredOutputType

===========================================================================================
----------------- testing Mon Mar 25 22:36:30 UTC 2019 /home/travis/build/icyphy/ptII/ptolemy/actor/lib/hoc/test/auto/MobileFunctionTest.xml
----------------- Instantiating /home/travis/build/icyphy/ptII/ptolemy/actor/lib/hoc/test/auto/MobileFunctionTest.xml
6 ms. Memory: 332288K Free: 237700K (72%)
----------------- Invoking toplevel() on ptolemy.moml.MoMLSimpleApplication@51c0762c
----------------- Done invoking toplevel() on ptolemy.moml.MoMLSimpleApplication@51c0762c
reloadAllAccessors: .MobileFunctionTest

===========================================================================================
----------------- testing Mon Mar 25 22:36:30 UTC 2019 /home/travis/build/icyphy/ptII/ptolemy/actor/lib/hoc/test/auto/MobileModelTest.xml
----------------- Instantiating /home/travis/build/icyphy/ptII/ptolemy/actor/lib/hoc/test/auto/MobileModelTest.xml
68 ms. Memory: 332288K Free: 215651K (65%)
----------------- Invoking toplevel() on ptolemy.moml.MoMLSimpleApplication@35c62667
----------------- Done invoking toplevel() on ptolemy.moml.MoMLSimpleApplication@35c62667
reloadAllAccessors: .MobileModelTest

===========================================================================================
----------------- testing Mon Mar 25 22:36:30 UTC 2019 /home/travis/build/icyphy/ptII/ptolemy/actor/lib/hoc/test/auto/ModelReference.xml
----------------- Instantiating /home/travis/build/icyphy/ptII/ptolemy/actor/lib/hoc/test/auto/ModelReference.xml
2 ms. Memory: 332288K Free: 207476K (62%)
9 ms. Memory: 332288K Free: 207476K (62%)
1 ms. Memory: 332288K Free: 205841K (62%)
1 ms. Memory: 332288K Free: 205841K (62%)
1 ms. Memory: 332288K Free: 204206K (61%)
2 ms. Memory: 332288K Free: 204206K (61%)
6 ms. Memory: 332288K Free: 202571K (61%)
1 ms. Memory: 332288K Free: 202571K (61%)
1 ms. Memory: 332288K Free: 200936K (60%)
2 ms. Memory: 332288K Free: 200936K (60%)
35 ms. Memory: 332288K Free: 200936K (60%)
----------------- Invoking toplevel() on ptolemy.moml.MoMLSimpleApplication@63e87e1f
----------------- Done invoking toplevel() on ptolemy.moml.MoMLSimpleApplication@63e87e1f
reloadAllAccessors: .ModelReference

===========================================================================================
----------------- testing Mon Mar 25 22:36:30 UTC 2019 /home/travis/build/icyphy/ptII/ptolemy/actor/lib/hoc/test/auto/ModelReference3.xml
----------------- Instantiating /home/travis/build/icyphy/ptII/ptolemy/actor/lib/hoc/test/auto/ModelReference3.xml
1 ms. Memory: 332288K Free: 196031K (59%)
5 ms. Memory: 332288K Free: 194396K (59%)
1 ms. Memory: 332288K Free: 194396K (59%)
3 ms. Memory: 332288K Free: 192761K (58%)
2 ms. Memory: 332288K Free: 192761K (58%)
2 ms. Memory: 332288K Free: 191126K (58%)
2 ms. Memory: 332288K Free: 191126K (58%)
4 ms. Memory: 332288K Free: 189491K (57%)
2 ms. Memory: 332288K Free: 189491K (57%)
3 ms. Memory: 332288K Free: 187856K (57%)
33 ms. Memory: 332288K Free: 187856K (57%)
----------------- Invoking toplevel() on ptolemy.moml.MoMLSimpleApplication@767a8a2c
----------------- Done invoking toplevel() on ptolemy.moml.MoMLSimpleApplication@767a8a2c
reloadAllAccessors: .ModelReference3

===========================================================================================
----------------- testing Mon Mar 25 22:36:30 UTC 2019 /home/travis/build/icyphy/ptII/ptolemy/actor/lib/hoc/test/auto/ModelReference4.xml
----------------- Instantiating /home/travis/build/icyphy/ptII/ptolemy/actor/lib/hoc/test/auto/ModelReference4.xml
3 ms. Memory: 332288K Free: 180538K (54%)
3 ms. Memory: 332288K Free: 178903K (54%)
3 ms. Memory: 332288K Free: 177269K (53%)
3 ms. Memory: 332288K Free: 175634K (53%)
3 ms. Memory: 332288K Free: 172364K (52%)
3 ms. Memory: 332288K Free: 170729K (51%)
2 ms. Memory: 332288K Free: 169094K (51%)
7 ms. Memory: 332288K Free: 167459K (50%)
2 ms. Memory: 332288K Free: 165824K (50%)
9 ms. Memory: 332288K Free: 164189K (49%)
10035 ms. Memory: 332288K Free: 164189K (49%)
----------------- Invoking toplevel() on ptolemy.moml.MoMLSimpleApplication@7cc84459
----------------- Done invoking toplevel() on ptolemy.moml.MoMLSimpleApplication@7cc84459
reloadAllAccessors: .ModelReference4

===========================================================================================
----------------- testing Mon Mar 25 22:36:40 UTC 2019 /home/travis/build/icyphy/ptII/ptolemy/actor/lib/hoc/test/auto/MultiInstanceComposite.xml
----------------- Instantiating /home/travis/build/icyphy/ptII/ptolemy/actor/lib/hoc/test/auto/MultiInstanceComposite.xml
20 ms. Memory: 332288K Free: 146155K (44%)
----------------- Invoking toplevel() on ptolemy.moml.MoMLSimpleApplication@72e43f20
----------------- Done invoking toplevel() on ptolemy.moml.MoMLSimpleApplication@72e43f20
reloadAllAccessors: .MultiInstanceComposite

===========================================================================================
----------------- testing Mon Mar 25 22:36:40 UTC 2019 /home/travis/build/icyphy/ptII/ptolemy/actor/lib/hoc/test/auto/MultiInstanceComposite2.xml
----------------- Instantiating /home/travis/build/icyphy/ptII/ptolemy/actor/lib/hoc/test/auto/MultiInstanceComposite2.xml
20 ms. Memory: 332288K Free: 132226K (40%)
----------------- Invoking toplevel() on ptolemy.moml.MoMLSimpleApplication@29ddbfb2
----------------- Done invoking toplevel() on ptolemy.moml.MoMLSimpleApplication@29ddbfb2
reloadAllAccessors: .MultiInstanceComposite2

===========================================================================================
----------------- testing Mon Mar 25 22:36:40 UTC 2019 /home/travis/build/icyphy/ptII/ptolemy/actor/lib/hoc/test/auto/MulticoreExecution.xml
----------------- Instantiating /home/travis/build/icyphy/ptII/ptolemy/actor/lib/hoc/test/auto/MulticoreExecution.xml
Fired ExecutionTime: 4400000
Fired ExecutionTime: 20400000
Fired ExecutionTime: 43600000
Fired ExecutionTime: 48800000
Fired ExecutionTime: 66400000
Fired ExecutionTime: 66800000
Fired ExecutionTime: 66000000
Fired ExecutionTime: 67200000
Fired ExecutionTime: 66400000
Fired ExecutionTime: 66400000
Fired ExecutionTime: 65600000
Fired ExecutionTime: 65200000
Fired ExecutionTime: 66800000
Fired ExecutionTime: 68800000
Fired ExecutionTime: 59600000
Fired ExecutionTime: 66400000
Fired ExecutionTime: 65600000
Fired ExecutionTime: 66800000
Fired ExecutionTime: 64800000
Fired ExecutionTime: 64400000
1052 ms. Memory: 332288K Free: 119114K (36%)
----------------- Invoking toplevel() on ptolemy.moml.MoMLSimpleApplication@549327aa
----------------- Done invoking toplevel() on ptolemy.moml.MoMLSimpleApplication@549327aa
reloadAllAccessors: .MulticoreExecution

===========================================================================================
----------------- testing Mon Mar 25 22:36:41 UTC 2019 /home/travis/build/icyphy/ptII/ptolemy/actor/lib/hoc/test/auto/ParallelExecution.xml
----------------- Instantiating /home/travis/build/icyphy/ptII/ptolemy/actor/lib/hoc/test/auto/ParallelExecution.xml
912 ms. Memory: 332288K Free: 106867K (32%)
----------------- Invoking toplevel() on ptolemy.moml.MoMLSimpleApplication@6aad32b8
----------------- Done invoking toplevel() on ptolemy.moml.MoMLSimpleApplication@6aad32b8
reloadAllAccessors: .ParallelExecution

===========================================================================================
----------------- testing Mon Mar 25 22:36:42 UTC 2019 /home/travis/build/icyphy/ptII/ptolemy/actor/lib/hoc/test/auto/RunCompositeActor.xml
----------------- Instantiating /home/travis/build/icyphy/ptII/ptolemy/actor/lib/hoc/test/auto/RunCompositeActor.xml
8 ms. Memory: 332288K Free: 98660K (30%)
----------------- Invoking toplevel() on ptolemy.moml.MoMLSimpleApplication@45f0fe53
----------------- Done invoking toplevel() on ptolemy.moml.MoMLSimpleApplication@45f0fe53
reloadAllAccessors: .RunCompositeActor

===========================================================================================
----------------- testing Mon Mar 25 22:36:42 UTC 2019 /home/travis/build/icyphy/ptII/ptolemy/actor/lib/hoc/test/auto/RunCompositeActor2.xml
----------------- Instantiating /home/travis/build/icyphy/ptII/ptolemy/actor/lib/hoc/test/auto/RunCompositeActor2.xml
9 ms. Memory: 332288K Free: 92104K (28%)
----------------- Invoking toplevel() on ptolemy.moml.MoMLSimpleApplication@3c09a7bd
----------------- Done invoking toplevel() on ptolemy.moml.MoMLSimpleApplication@3c09a7bd
reloadAllAccessors: .RunCompositeActor2

===========================================================================================
----------------- testing Mon Mar 25 22:36:42 UTC 2019 /home/travis/build/icyphy/ptII/ptolemy/actor/lib/hoc/test/auto/RunCompositeActor3.xml
----------------- Instantiating /home/travis/build/icyphy/ptII/ptolemy/actor/lib/hoc/test/auto/RunCompositeActor3.xml
8 ms. Memory: 332288K Free: 84771K (26%)
----------------- Invoking toplevel() on ptolemy.moml.MoMLSimpleApplication@22e7902b
----------------- Done invoking toplevel() on ptolemy.moml.MoMLSimpleApplication@22e7902b
reloadAllAccessors: .RunCompositeActor3

===========================================================================================
----------------- testing Mon Mar 25 22:36:42 UTC 2019 /home/travis/build/icyphy/ptII/ptolemy/actor/lib/hoc/test/auto/RunCompositeActor4.xml
----------------- Instantiating /home/travis/build/icyphy/ptII/ptolemy/actor/lib/hoc/test/auto/RunCompositeActor4.xml
30 ms. Memory: 332800K Free: 321238K (97%)
----------------- Invoking toplevel() on ptolemy.moml.MoMLSimpleApplication@1c0fda3a
----------------- Done invoking toplevel() on ptolemy.moml.MoMLSimpleApplication@1c0fda3a
reloadAllAccessors: .RunCompositeActor4

===========================================================================================
----------------- testing Mon Mar 25 22:36:42 UTC 2019 /home/travis/build/icyphy/ptII/ptolemy/actor/lib/hoc/test/auto/RunCompositeIterateOverArray.xml
----------------- Instantiating /home/travis/build/icyphy/ptII/ptolemy/actor/lib/hoc/test/auto/RunCompositeIterateOverArray.xml
6 ms. Memory: 332800K Free: 313258K (94%)
----------------- Invoking toplevel() on ptolemy.moml.MoMLSimpleApplication@3e08d5b0
----------------- Done invoking toplevel() on ptolemy.moml.MoMLSimpleApplication@3e08d5b0
reloadAllAccessors: .RunCompositeIterateOverArray

===========================================================================================
----------------- testing Mon Mar 25 22:36:42 UTC 2019 /home/travis/build/icyphy/ptII/ptolemy/actor/lib/hoc/test/auto/ThreadedJS.xml
----------------- Instantiating /home/travis/build/icyphy/ptII/ptolemy/actor/lib/hoc/test/auto/ThreadedJS.xml
1582 ms. Memory: 541696K Free: 165073K (30%)
----------------- Invoking toplevel() on ptolemy.moml.MoMLSimpleApplication@79a39ce
----------------- Done invoking toplevel() on ptolemy.moml.MoMLSimpleApplication@79a39ce
reloadAllAccessors: .ThreadedJS
AutoTests.java: About to close Vertx.
AutoTests.java: Vertx closed.
]]></system-out>
  <system-err><![CDATA[java.lang.RuntimeException: Execution failed
	at ptolemy.moml.MoMLSimpleApplication$UnloadThread.run(MoMLSimpleApplication.java:402)
Caused by: ptolemy.kernel.util.IllegalActionException: initialize() was called after wrapup() was called but preinitialize() was not called after wrapup().
	at ptolemy.actor.lib.hoc.test.PreinitializeMustBeInvoked.initialize(PreinitializeMustBeInvoked.java:78)
	at ptolemy.actor.Director.initialize(Director.java:938)
	at ptolemy.actor.Director.initialize(Director.java:907)
	at ptolemy.actor.sched.StaticSchedulingDirector.initialize(StaticSchedulingDirector.java:159)
	at ptolemy.domains.sdf.kernel.SDFDirector.initialize(SDFDirector.java:544)
	at ptolemy.actor.CompositeActor.initialize(CompositeActor.java:935)
	at ptolemy.actor.lib.hoc.LifeCycleManager._executeInsideModel(LifeCycleManager.java:339)
	at ptolemy.actor.lib.hoc.RunCompositeActor.fire(RunCompositeActor.java:205)
	at ptolemy.actor.CompositeActor.iterate(CompositeActor.java:1146)
	at ptolemy.actor.sched.StaticSchedulingDirector.fire(StaticSchedulingDirector.java:216)
	at ptolemy.domains.sdf.kernel.SDFDirector.fire(SDFDirector.java:500)
	at ptolemy.actor.CompositeActor.fire(CompositeActor.java:455)
	at ptolemy.actor.Manager.iterate(Manager.java:851)
	at ptolemy.actor.Manager.execute(Manager.java:369)
	at ptolemy.actor.Manager.run(Manager.java:1263)
	at ptolemy.actor.Manager$PtolemyRunThread.run(Manager.java:1915)
java.lang.reflect.InvocationTargetException
	at sun.reflect.NativeConstructorAccessorImpl.newInstance0(Native Method)
	at sun.reflect.NativeConstructorAccessorImpl.newInstance(NativeConstructorAccessorImpl.java:62)
	at sun.reflect.DelegatingConstructorAccessorImpl.newInstance(DelegatingConstructorAccessorImpl.java:45)
	at java.lang.reflect.Constructor.newInstance(Constructor.java:423)
	at ptolemy.util.test.junit.AutoKnownFailedTests.RunModel(AutoKnownFailedTests.java:105)
	at sun.reflect.NativeMethodAccessorImpl.invoke0(Native Method)
	at sun.reflect.NativeMethodAccessorImpl.invoke(NativeMethodAccessorImpl.java:62)
	at sun.reflect.DelegatingMethodAccessorImpl.invoke(DelegatingMethodAccessorImpl.java:43)
	at java.lang.reflect.Method.invoke(Method.java:498)
	at org.junit.runners.model.FrameworkMethod$1.runReflectiveCall(FrameworkMethod.java:44)
	at org.junit.internal.runners.model.ReflectiveCallable.run(ReflectiveCallable.java:15)
	at org.junit.runners.model.FrameworkMethod.invokeExplosively(FrameworkMethod.java:41)
	at junitparams.internal.InvokeParameterisedMethod.evaluate(InvokeParameterisedMethod.java:102)
	at org.junit.internal.runners.statements.FailOnTimeout$1.run(FailOnTimeout.java:28)
Caused by: ptolemy.kernel.util.IllegalActionException: initialize() was called after wrapup() was called but preinitialize() was not called after wrapup().
	at ptolemy.actor.lib.hoc.test.PreinitializeMustBeInvoked.initialize(PreinitializeMustBeInvoked.java:78)
	at ptolemy.actor.Director.initialize(Director.java:938)
	at ptolemy.actor.Director.initialize(Director.java:907)
	at ptolemy.actor.sched.StaticSchedulingDirector.initialize(StaticSchedulingDirector.java:159)
	at ptolemy.domains.sdf.kernel.SDFDirector.initialize(SDFDirector.java:544)
	at ptolemy.actor.CompositeActor.initialize(CompositeActor.java:935)
	at ptolemy.actor.lib.hoc.LifeCycleManager._executeInsideModel(LifeCycleManager.java:339)
	at ptolemy.actor.lib.hoc.RunCompositeActor.fire(RunCompositeActor.java:205)
	at ptolemy.actor.CompositeActor.iterate(CompositeActor.java:1146)
	at ptolemy.actor.sched.StaticSchedulingDirector.fire(StaticSchedulingDirector.java:216)
	at ptolemy.domains.sdf.kernel.SDFDirector.fire(SDFDirector.java:500)
	at ptolemy.actor.CompositeActor.fire(CompositeActor.java:455)
	at ptolemy.actor.Manager.iterate(Manager.java:851)
	at ptolemy.actor.Manager.execute(Manager.java:369)
	at ptolemy.actor.Manager.run(Manager.java:1263)
	at ptolemy.actor.Manager$PtolemyRunThread.run(Manager.java:1915)
]]></system-err>
</testsuite>
