<?xml version="1.0" encoding="UTF-8" ?>
<testsuite errors="0" failures="0" hostname="travis-job-89dec660-064b-46e9-9f8b-cb03150dcfba" name="ptolemy.domains.de.test.junit.JUnitTclTest" skipped="0" tests="101" time="120.981" timestamp="2020-09-07T15:37:31">
  <properties>
[...]
</properties>
  <testcase classname="ptolemy.util.test.junit.TclTests" name="[0] /home/travis/build/icyphy/ptII/ptolemy/domains/de/test/DependencyLoop.tcl (RunTclFile)" time="1.088" />
  <testcase classname="ptolemy.util.test.junit.TclTests" name="[1] /home/travis/build/icyphy/ptII/ptolemy/domains/de/test/RunDETestsAsQSS.tcl (RunTclFile)" time="81.872" />
  <testcase classname="ptolemy.util.test.junit.AutoKnownFailedTests" name="[0] /home/travis/build/icyphy/ptII/ptolemy/domains/de/test/auto/knownFailedTests/DESDFClockTest.xml (RunModel)" time="2.05" />
  <testcase classname="ptolemy.util.test.junit.AutoKnownFailedTests" name="[1] /home/travis/build/icyphy/ptII/ptolemy/domains/de/test/auto/knownFailedTests/DirectFeedback.xml (RunModel)" time="0.011" />
  <testcase classname="ptolemy.util.test.junit.AutoKnownFailedTests" name="[2] /home/travis/build/icyphy/ptII/ptolemy/domains/de/test/auto/knownFailedTests/FSMSource.xml (RunModel)" time="0.031" />
  <testcase classname="ptolemy.util.test.junit.AutoKnownFailedTests" name="[3] /home/travis/build/icyphy/ptII/ptolemy/domains/de/test/auto/knownFailedTests/HierarchicalModel.xml (RunModel)" time="0.055" />
  <testcase classname="ptolemy.util.test.junit.AutoKnownFailedTests" name="[4] /home/travis/build/icyphy/ptII/ptolemy/domains/de/test/auto/knownFailedTests/dependencyLoop.xml (RunModel)" time="0.044" />
  <testcase classname="ptolemy.util.test.junit.AutoKnownFailedTests" name="[5] /home/travis/build/icyphy/ptII/ptolemy/domains/de/test/auto/knownFailedTests/dependencyLoop2.xml (RunModel)" time="0.045" />
  <testcase classname="ptolemy.util.test.junit.AutoNameArchTests" name="[0] ThereAreNoAutoArchTests (RunModel)" time="0.001" />
  <testcase classname="ptolemy.util.test.junit.AutoTests" name="[0] /home/travis/build/icyphy/ptII/ptolemy/domains/de/test/auto/ActorDepthCalculation_actorWithoutPorts.xml (RunModel)" time="0.024" />
  <testcase classname="ptolemy.util.test.junit.AutoTests" name="[1] /home/travis/build/icyphy/ptII/ptolemy/domains/de/test/auto/AssemblyLine.xml (RunModel)" time="0.021" />
  <testcase classname="ptolemy.util.test.junit.AutoTests" name="[2] /home/travis/build/icyphy/ptII/ptolemy/domains/de/test/auto/CQBug1.xml (RunModel)" time="0.016" />
  <testcase classname="ptolemy.util.test.junit.AutoTests" name="[3] /home/travis/build/icyphy/ptII/ptolemy/domains/de/test/auto/CancelFireAt.xml (RunModel)" time="0.024" />
  <testcase classname="ptolemy.util.test.junit.AutoTests" name="[4] /home/travis/build/icyphy/ptII/ptolemy/domains/de/test/auto/CausalityAndComposabilityAnalysis.xml (RunModel)" time="0.016" />
  <testcase classname="ptolemy.util.test.junit.AutoTests" name="[5] /home/travis/build/icyphy/ptII/ptolemy/domains/de/test/auto/CausalityInterface1.xml (RunModel)" time="0.015" />
  <testcase classname="ptolemy.util.test.junit.AutoTests" name="[6] /home/travis/build/icyphy/ptII/ptolemy/domains/de/test/auto/CausalityInterface15.xml (RunModel)" time="0.015" />
  <testcase classname="ptolemy.util.test.junit.AutoTests" name="[7] /home/travis/build/icyphy/ptII/ptolemy/domains/de/test/auto/CausalityInterface2.xml (RunModel)" time="0.014" />
  <testcase classname="ptolemy.util.test.junit.AutoTests" name="[8] /home/travis/build/icyphy/ptII/ptolemy/domains/de/test/auto/CausalityInterface3.xml (RunModel)" time="0.017" />
  <testcase classname="ptolemy.util.test.junit.AutoTests" name="[9] /home/travis/build/icyphy/ptII/ptolemy/domains/de/test/auto/ClockDrift.xml (RunModel)" time="0.037" />
  <testcase classname="ptolemy.util.test.junit.AutoTests" name="[10] /home/travis/build/icyphy/ptII/ptolemy/domains/de/test/auto/ClockDriftAndValueChange.xml (RunModel)" time="0.031" />
  <testcase classname="ptolemy.util.test.junit.AutoTests" name="[11] /home/travis/build/icyphy/ptII/ptolemy/domains/de/test/auto/ClockDriftChange.xml (RunModel)" time="0.026" />
  <testcase classname="ptolemy.util.test.junit.AutoTests" name="[12] /home/travis/build/icyphy/ptII/ptolemy/domains/de/test/auto/ComposableCausalityAnalysis.xml (RunModel)" time="0.015" />
  <testcase classname="ptolemy.util.test.junit.AutoTests" name="[13] /home/travis/build/icyphy/ptII/ptolemy/domains/de/test/auto/DEFixedPointLimitation.xml (RunModel)" time="0.009" />
  <testcase classname="ptolemy.util.test.junit.AutoTests" name="[14] /home/travis/build/icyphy/ptII/ptolemy/domains/de/test/auto/DEScheduleTest.xml (RunModel)" time="0.015" />
  <testcase classname="ptolemy.util.test.junit.AutoTests" name="[15] /home/travis/build/icyphy/ptII/ptolemy/domains/de/test/auto/DEinDEwithStartTimes.xml (RunModel)" time="0.014" />
  <testcase classname="ptolemy.util.test.junit.AutoTests" name="[16] /home/travis/build/icyphy/ptII/ptolemy/domains/de/test/auto/DEinDEwithStartTimes2.xml (RunModel)" time="0.021" />
  <testcase classname="ptolemy.util.test.junit.AutoTests" name="[17] /home/travis/build/icyphy/ptII/ptolemy/domains/de/test/auto/DateDemo.xml (RunModel)" time="0.029" />
  <testcase classname="ptolemy.util.test.junit.AutoTests" name="[18] /home/travis/build/icyphy/ptII/ptolemy/domains/de/test/auto/DateToEvent.xml (RunModel)" time="2.042" />
  <testcase classname="ptolemy.util.test.junit.AutoTests" name="[19] /home/travis/build/icyphy/ptII/ptolemy/domains/de/test/auto/DepthTest1.xml (RunModel)" time="0.008" />
  <testcase classname="ptolemy.util.test.junit.AutoTests" name="[20] /home/travis/build/icyphy/ptII/ptolemy/domains/de/test/auto/DepthTest2.xml (RunModel)" time="0.02" />
  <testcase classname="ptolemy.util.test.junit.AutoTests" name="[21] /home/travis/build/icyphy/ptII/ptolemy/domains/de/test/auto/DepthTest3.xml (RunModel)" time="0.009" />
  <testcase classname="ptolemy.util.test.junit.AutoTests" name="[22] /home/travis/build/icyphy/ptII/ptolemy/domains/de/test/auto/DepthTest4.xml (RunModel)" time="0.011" />
  <testcase classname="ptolemy.util.test.junit.AutoTests" name="[23] /home/travis/build/icyphy/ptII/ptolemy/domains/de/test/auto/DepthTest5.xml (RunModel)" time="0.024" />
  <testcase classname="ptolemy.util.test.junit.AutoTests" name="[24] /home/travis/build/icyphy/ptII/ptolemy/domains/de/test/auto/DepthTest6.xml (RunModel)" time="0.015" />
  <testcase classname="ptolemy.util.test.junit.AutoTests" name="[25] /home/travis/build/icyphy/ptII/ptolemy/domains/de/test/auto/DepthTest7.xml (RunModel)" time="0.011" />
  <testcase classname="ptolemy.util.test.junit.AutoTests" name="[26] /home/travis/build/icyphy/ptII/ptolemy/domains/de/test/auto/EventToDate.xml (RunModel)" time="3.031" />
  <testcase classname="ptolemy.util.test.junit.AutoTests" name="[27] /home/travis/build/icyphy/ptII/ptolemy/domains/de/test/auto/FSM1.xml (RunModel)" time="0.039" />
  <testcase classname="ptolemy.util.test.junit.AutoTests" name="[28] /home/travis/build/icyphy/ptII/ptolemy/domains/de/test/auto/FSM7.xml (RunModel)" time="0.035" />
  <testcase classname="ptolemy.util.test.junit.AutoTests" name="[29] /home/travis/build/icyphy/ptII/ptolemy/domains/de/test/auto/Inspection.xml (RunModel)" time="0.058" />
  <testcase classname="ptolemy.util.test.junit.AutoTests" name="[30] /home/travis/build/icyphy/ptII/ptolemy/domains/de/test/auto/Iteration.xml (RunModel)" time="0.024" />
  <testcase classname="ptolemy.util.test.junit.AutoTests" name="[31] /home/travis/build/icyphy/ptII/ptolemy/domains/de/test/auto/LineFault.xml (RunModel)" time="0.512" />
  <testcase classname="ptolemy.util.test.junit.AutoTests" name="[32] /home/travis/build/icyphy/ptII/ptolemy/domains/de/test/auto/MergeModel1Add.xml (RunModel)" time="0.048" />
  <testcase classname="ptolemy.util.test.junit.AutoTests" name="[33] /home/travis/build/icyphy/ptII/ptolemy/domains/de/test/auto/MergeModel2Add.xml (RunModel)" time="0.041" />
  <testcase classname="ptolemy.util.test.junit.AutoTests" name="[34] /home/travis/build/icyphy/ptII/ptolemy/domains/de/test/auto/MergeModel3Add.xml (RunModel)" time="0.042" />
  <testcase classname="ptolemy.util.test.junit.AutoTests" name="[35] /home/travis/build/icyphy/ptII/ptolemy/domains/de/test/auto/MergeWithoutDiscard.xml (RunModel)" time="0.011" />
  <testcase classname="ptolemy.util.test.junit.AutoTests" name="[36] /home/travis/build/icyphy/ptII/ptolemy/domains/de/test/auto/Modal1.xml (RunModel)" time="0.035" />
  <testcase classname="ptolemy.util.test.junit.AutoTests" name="[37] /home/travis/build/icyphy/ptII/ptolemy/domains/de/test/auto/Modal2.xml (RunModel)" time="0.032" />
  <testcase classname="ptolemy.util.test.junit.AutoTests" name="[38] /home/travis/build/icyphy/ptII/ptolemy/domains/de/test/auto/Modal3.xml (RunModel)" time="0.029" />
  <testcase classname="ptolemy.util.test.junit.AutoTests" name="[39] /home/travis/build/icyphy/ptII/ptolemy/domains/de/test/auto/Modal4.xml (RunModel)" time="0.025" />
  <testcase classname="ptolemy.util.test.junit.AutoTests" name="[40] /home/travis/build/icyphy/ptII/ptolemy/domains/de/test/auto/Modal5.xml (RunModel)" time="0.028" />
  <testcase classname="ptolemy.util.test.junit.AutoTests" name="[41] /home/travis/build/icyphy/ptII/ptolemy/domains/de/test/auto/Modal6.xml (RunModel)" time="0.025" />
  <testcase classname="ptolemy.util.test.junit.AutoTests" name="[42] /home/travis/build/icyphy/ptII/ptolemy/domains/de/test/auto/Modal7.xml (RunModel)" time="0.031" />
  <testcase classname="ptolemy.util.test.junit.AutoTests" name="[43] /home/travis/build/icyphy/ptII/ptolemy/domains/de/test/auto/ModalModel.xml (RunModel)" time="0.157" />
  <testcase classname="ptolemy.util.test.junit.AutoTests" name="[44] /home/travis/build/icyphy/ptII/ptolemy/domains/de/test/auto/ModalSource.xml (RunModel)" time="0.017" />
  <testcase classname="ptolemy.util.test.junit.AutoTests" name="[45] /home/travis/build/icyphy/ptII/ptolemy/domains/de/test/auto/NonInterruptibleTimerZeroDelay.xml (RunModel)" time="0.009" />
  <testcase classname="ptolemy.util.test.junit.AutoTests" name="[46] /home/travis/build/icyphy/ptII/ptolemy/domains/de/test/auto/OpenQueueingNetwork.xml (RunModel)" time="2.298" />
  <testcase classname="ptolemy.util.test.junit.AutoTests" name="[47] /home/travis/build/icyphy/ptII/ptolemy/domains/de/test/auto/OpenQueuingNetwork.xml (RunModel)" time="0.265" />
  <testcase classname="ptolemy.util.test.junit.AutoTests" name="[48] /home/travis/build/icyphy/ptII/ptolemy/domains/de/test/auto/PeriodicSampler.xml (RunModel)" time="0.009" />
  <testcase classname="ptolemy.util.test.junit.AutoTests" name="[49] /home/travis/build/icyphy/ptII/ptolemy/domains/de/test/auto/PersistentIO.xml (RunModel)" time="0.017" />
  <testcase classname="ptolemy.util.test.junit.AutoTests" name="[50] /home/travis/build/icyphy/ptII/ptolemy/domains/de/test/auto/PortParameterResetOnInitialize.xml (RunModel)" time="0.009" />
  <testcase classname="ptolemy.util.test.junit.AutoTests" name="[51] /home/travis/build/icyphy/ptII/ptolemy/domains/de/test/auto/PortParameterUpdates.xml (RunModel)" time="0.018" />
  <testcase classname="ptolemy.util.test.junit.AutoTests" name="[52] /home/travis/build/icyphy/ptII/ptolemy/domains/de/test/auto/QueueAndServer.xml (RunModel)" time="0.019" />
  <testcase classname="ptolemy.util.test.junit.AutoTests" name="[53] /home/travis/build/icyphy/ptII/ptolemy/domains/de/test/auto/Records.xml (RunModel)" time="0.017" />
  <testcase classname="ptolemy.util.test.junit.AutoTests" name="[54] /home/travis/build/icyphy/ptII/ptolemy/domains/de/test/auto/ResetTransitionWithStartTime1.xml (RunModel)" time="0.026" />
  <testcase classname="ptolemy.util.test.junit.AutoTests" name="[55] /home/travis/build/icyphy/ptII/ptolemy/domains/de/test/auto/ResetTransitionWithStartTime2.xml (RunModel)" time="0.02" />
  <testcase classname="ptolemy.util.test.junit.AutoTests" name="[56] /home/travis/build/icyphy/ptII/ptolemy/domains/de/test/auto/ResetTransitionWithStartTime3.xml (RunModel)" time="0.02" />
  <testcase classname="ptolemy.util.test.junit.AutoTests" name="[57] /home/travis/build/icyphy/ptII/ptolemy/domains/de/test/auto/ResetTransitionWithStartTime4.xml (RunModel)" time="0.019" />
  <testcase classname="ptolemy.util.test.junit.AutoTests" name="[58] /home/travis/build/icyphy/ptII/ptolemy/domains/de/test/auto/ResettableTimer1.xml (RunModel)" time="0.011" />
  <testcase classname="ptolemy.util.test.junit.AutoTests" name="[59] /home/travis/build/icyphy/ptII/ptolemy/domains/de/test/auto/ResettableTimer2.xml (RunModel)" time="0.009" />
  <testcase classname="ptolemy.util.test.junit.AutoTests" name="[60] /home/travis/build/icyphy/ptII/ptolemy/domains/de/test/auto/ResettableTimer3.xml (RunModel)" time="0.009" />
  <testcase classname="ptolemy.util.test.junit.AutoTests" name="[61] /home/travis/build/icyphy/ptII/ptolemy/domains/de/test/auto/ResettableTimer4.xml (RunModel)" time="0.008" />
  <testcase classname="ptolemy.util.test.junit.AutoTests" name="[62] /home/travis/build/icyphy/ptII/ptolemy/domains/de/test/auto/ResettableTimer5.xml (RunModel)" time="0.009" />
  <testcase classname="ptolemy.util.test.junit.AutoTests" name="[63] /home/travis/build/icyphy/ptII/ptolemy/domains/de/test/auto/ResettableTimer6.xml (RunModel)" time="0.016" />
  <testcase classname="ptolemy.util.test.junit.AutoTests" name="[64] /home/travis/build/icyphy/ptII/ptolemy/domains/de/test/auto/ServerZeroDelay.xml (RunModel)" time="0.009" />
  <testcase classname="ptolemy.util.test.junit.AutoTests" name="[65] /home/travis/build/icyphy/ptII/ptolemy/domains/de/test/auto/SmartSender.xml (RunModel)" time="3.008" />
  <testcase classname="ptolemy.util.test.junit.AutoTests" name="[66] /home/travis/build/icyphy/ptII/ptolemy/domains/de/test/auto/ThreadedComposite.xml (RunModel)" time="0.11" />
  <testcase classname="ptolemy.util.test.junit.AutoTests" name="[67] /home/travis/build/icyphy/ptII/ptolemy/domains/de/test/auto/Time.xml (RunModel)" time="0.347" />
  <testcase classname="ptolemy.util.test.junit.AutoTests" name="[68] /home/travis/build/icyphy/ptII/ptolemy/domains/de/test/auto/TimeDelayZeroDelay.xml (RunModel)" time="0.01" />
  <testcase classname="ptolemy.util.test.junit.AutoTests" name="[69] /home/travis/build/icyphy/ptII/ptolemy/domains/de/test/auto/TimerZeroDelay.xml (RunModel)" time="0.009" />
  <testcase classname="ptolemy.util.test.junit.AutoTests" name="[70] /home/travis/build/icyphy/ptII/ptolemy/domains/de/test/auto/TimingParadox.xml (RunModel)" time="0.288" />
  <testcase classname="ptolemy.util.test.junit.AutoTests" name="[71] /home/travis/build/icyphy/ptII/ptolemy/domains/de/test/auto/TransferInputs.xml (RunModel)" time="0.014" />
  <testcase classname="ptolemy.util.test.junit.AutoTests" name="[72] /home/travis/build/icyphy/ptII/ptolemy/domains/de/test/auto/TransferOutputs2.xml (RunModel)" time="0.031" />
  <testcase classname="ptolemy.util.test.junit.AutoTests" name="[73] /home/travis/build/icyphy/ptII/ptolemy/domains/de/test/auto/Trilateration.xml (RunModel)" time="10.004" />
  <testcase classname="ptolemy.util.test.junit.AutoTests" name="[74] /home/travis/build/icyphy/ptII/ptolemy/domains/de/test/auto/TwoSigmaDelta.xml (RunModel)" time="1.835" />
  <testcase classname="ptolemy.util.test.junit.AutoTests" name="[75] /home/travis/build/icyphy/ptII/ptolemy/domains/de/test/auto/VariableDelay.xml (RunModel)" time="0.015" />
  <testcase classname="ptolemy.util.test.junit.AutoTests" name="[76] /home/travis/build/icyphy/ptII/ptolemy/domains/de/test/auto/VariableDelay2.xml (RunModel)" time="0.008" />
  <testcase classname="ptolemy.util.test.junit.AutoTests" name="[77] /home/travis/build/icyphy/ptII/ptolemy/domains/de/test/auto/VariableDelayZeroDelay.xml (RunModel)" time="0.011" />
  <testcase classname="ptolemy.util.test.junit.AutoTests" name="[78] /home/travis/build/icyphy/ptII/ptolemy/domains/de/test/auto/VariableDelayZeroDelay2.xml (RunModel)" time="0.009" />
  <testcase classname="ptolemy.util.test.junit.AutoTests" name="[79] /home/travis/build/icyphy/ptII/ptolemy/domains/de/test/auto/deInCt.xml (RunModel)" time="0.017" />
  <testcase classname="ptolemy.util.test.junit.AutoTests" name="[80] /home/travis/build/icyphy/ptII/ptolemy/domains/de/test/auto/deInCt2.xml (RunModel)" time="0.015" />
  <testcase classname="ptolemy.util.test.junit.AutoTests" name="[81] /home/travis/build/icyphy/ptII/ptolemy/domains/de/test/auto/dynamicCausalityInterface1.xml (RunModel)" time="0.018" />
  <testcase classname="ptolemy.util.test.junit.AutoTests" name="[82] /home/travis/build/icyphy/ptII/ptolemy/domains/de/test/auto/fsm_de_test.xml (RunModel)" time="0.02" />
  <testcase classname="ptolemy.util.test.junit.AutoTests" name="[83] /home/travis/build/icyphy/ptII/ptolemy/domains/de/test/auto/functionDependencyReconstruction.xml (RunModel)" time="0.034" />
  <testcase classname="ptolemy.util.test.junit.AutoTests" name="[84] /home/travis/build/icyphy/ptII/ptolemy/domains/de/test/auto/multirate.xml (RunModel)" time="0.015" />
  <testcase classname="ptolemy.util.test.junit.AutoTests" name="[85] /home/travis/build/icyphy/ptII/ptolemy/domains/de/test/auto/multirate2.xml (RunModel)" time="0.016" />
  <testcase classname="ptolemy.util.test.junit.AutoTests" name="[86] /home/travis/build/icyphy/ptII/ptolemy/domains/de/test/auto/realtime.xml (RunModel)" time="10.009" />
  <testcase classname="ptolemy.util.test.junit.AutoTests" name="[87] /home/travis/build/icyphy/ptII/ptolemy/domains/de/test/auto/relationGroup.xml (RunModel)" time="0.011" />
  <testcase classname="ptolemy.util.test.junit.AutoTests" name="[88] /home/travis/build/icyphy/ptII/ptolemy/domains/de/test/auto/relationGroup2.xml (RunModel)" time="0.007" />
  <testcase classname="ptolemy.util.test.junit.AutoTests" name="[89] /home/travis/build/icyphy/ptII/ptolemy/domains/de/test/auto/sortWithOpaquePorts.xml (RunModel)" time="0.01" />
  <testcase classname="ptolemy.util.test.junit.AutoTests" name="[90] /home/travis/build/icyphy/ptII/ptolemy/domains/de/test/auto/transferInputsandOutputs.xml (RunModel)" time="0.028" />
  <testcase classname="ptolemy.util.test.junit.AutoTests" name="[91] /home/travis/build/icyphy/ptII/ptolemy/domains/de/test/auto/triggerType.xml (RunModel)" time="0.011" />
  <system-out><![CDATA[/home/travis/build/icyphy/ptII/ptolemy/domains/de/test/DependencyLoop.tcl
testDefs.tcl: setting time out to 9000 seconds at Mon Sep 07 15:37:31 UTC 2020
74 ms. Memory: 129024K Free: 78791K (61%)
27 ms. Memory: 129024K Free: 61383K (48%)
/home/travis/build/icyphy/ptII/ptolemy/domains/de/test/RunDETestsAsQSS.tcl
Run the DE tests using ptolemy.domains.qss.test.QSSDirectorTest, which extends QSSDirector and prints a message in the constructors.
------------------ testing $PTII/ptolemy/domains/de/test/auto/knownFailedTests/DirectFeedback.xml (Known Failure) 
53 ms. Memory: 129024K Free: 55749K (43%)


==== $PTIIhome/travis/build/icyphy/ptII/ptolemy/domains/de/test/../../../../: Auto Automatic test in file $PTII/ptolemy/domains/de/test/auto/knownFailedTests/DirectFeedback.xml
==== Contents of test case:

	    # FIXME: we should use $relativeFilename here, but it
	    # might have backslashes under Windows, which causes no end
	    # of trouble.
	    createAndExecute $file
	    list {}
	
.... Test generated KNOWN error:
    while executing
ptolemy.kernel.util.IllegalActionException: Test fails in iteration 1.
Value was: 1.0. Should have been: 2.0
  in .DirectFeedback.Test
	at ptolemy.actor.lib.Test.fire(Test.java:268)
	at ptolemy.domains.de.kernel.DEDirector._fire(DEDirector.java:1949)
	at ptolemy.domains.de.kernel.DEDirector.fire(DEDirector.java:502)
	at ptolemy.actor.CompositeActor.fire(CompositeActor.java:455)
	at ptolemy.actor.Manager.iterate(Manager.java:851)
	at ptolemy.actor.Manager.execute(Manager.java:369)
	at ptolemy.actor.Manager.run(Manager.java:1263)
	at ptolemy.actor.Manager$PtolemyRunThread.run(Manager.java:1933)

    while executing
ptolemy.kernel.util.IllegalActionException: Test fails in iteration 1.
Value was: 1.0. Should have been: 2.0
  in .DirectFeedback.Test
    while executing
"java::new ptolemy.moml.MoMLSimpleApplication $file
"
    (procedure "createAndExecute" line 2)
    invoked from within
"createAndExecute $file"
    ("uplevel" body line 5)
    invoked from within
"uplevel $contents_of_test"
------------------ testing $PTII/ptolemy/domains/de/test/auto/knownFailedTests/dependencyLoop.xml (Known Failure) 
12 ms. Memory: 129024K Free: 52677K (41%)


==== $PTIIhome/travis/build/icyphy/ptII/ptolemy/domains/de/test/../../../../: Auto Automatic test in file $PTII/ptolemy/domains/de/test/auto/knownFailedTests/dependencyLoop.xml
==== Contents of test case:

	    # FIXME: we should use $relativeFilename here, but it
	    # might have backslashes under Windows, which causes no end
	    # of trouble.
	    createAndExecute $file
	    list {}
	
.... Test generated KNOWN error:
    while executing
ptolemy.kernel.util.IllegalActionException: Found a zero delay loop containing .dependencyLoop.original
  in .dependencyLoop and .dependencyLoop.original
	at ptolemy.actor.util.CausalityInterfaceForComposites._computeOutputPortDepth(CausalityInterfaceForComposites.java:759)
	at ptolemy.actor.util.CausalityInterfaceForComposites._computeInputDepth(CausalityInterfaceForComposites.java:696)
	at ptolemy.actor.util.CausalityInterfaceForComposites._computeOutputPortDepth(CausalityInterfaceForComposites.java:765)
	at ptolemy.actor.util.CausalityInterfaceForComposites._computeInputDepth(CausalityInterfaceForComposites.java:696)
	at ptolemy.actor.util.CausalityInterfaceForComposites._computeOutputPortDepth(CausalityInterfaceForComposites.java:765)
	at ptolemy.actor.util.CausalityInterfaceForComposites._computeInputDepth(CausalityInterfaceForComposites.java:696)
	at ptolemy.actor.util.CausalityInterfaceForComposites._computeActorDepth(CausalityInterfaceForComposites.java:532)
	at ptolemy.actor.util.CausalityInterfaceForComposites.checkForCycles(CausalityInterfaceForComposites.java:96)
	at ptolemy.domains.de.kernel.DEDirector.preinitialize(DEDirector.java:1338)
	at ptolemy.actor.CompositeActor.preinitialize(CompositeActor.java:1828)
	at ptolemy.actor.Manager.preinitializeAndResolveTypes(Manager.java:1040)
	at ptolemy.actor.Manager.initialize(Manager.java:710)
	at ptolemy.actor.Manager.execute(Manager.java:356)
	at ptolemy.actor.Manager.run(Manager.java:1263)
	at ptolemy.actor.Manager$PtolemyRunThread.run(Manager.java:1933)

    while executing
ptolemy.kernel.util.IllegalActionException: Found a zero delay loop containing .dependencyLoop.original
  in .dependencyLoop and .dependencyLoop.original
    while executing
"java::new ptolemy.moml.MoMLSimpleApplication $file
"
    (procedure "createAndExecute" line 2)
    invoked from within
"createAndExecute $file"
    ("uplevel" body line 5)
    invoked from within
"uplevel $contents_of_test"
------------------ testing $PTII/ptolemy/domains/de/test/auto/knownFailedTests/FSMSource.xml (Known Failure) 
96 ms. Memory: 129024K Free: 110824K (86%)
!!!! Auto was marked as failing, but now passes
------------------ testing $PTII/ptolemy/domains/de/test/auto/knownFailedTests/HierarchicalModel.xml (Known Failure) 
13 ms. Memory: 129024K Free: 93416K (72%)


==== $PTIIhome/travis/build/icyphy/ptII/ptolemy/domains/de/test/../../../../: Auto Automatic test in file $PTII/ptolemy/domains/de/test/auto/knownFailedTests/HierarchicalModel.xml
==== Contents of test case:

	    # FIXME: we should use $relativeFilename here, but it
	    # might have backslashes under Windows, which causes no end
	    # of trouble.
	    createAndExecute $file
	    list {}
	
.... Test generated KNOWN error:
    while executing
ptolemy.kernel.util.IllegalActionException: Found a zero delay loop containing .HierarchicalModel.A
  in .HierarchicalModel and .HierarchicalModel.A
	at ptolemy.actor.util.CausalityInterfaceForComposites._computeOutputPortDepth(CausalityInterfaceForComposites.java:759)
	at ptolemy.actor.util.CausalityInterfaceForComposites._computeInputDepth(CausalityInterfaceForComposites.java:696)
	at ptolemy.actor.util.CausalityInterfaceForComposites._computeOutputPortDepth(CausalityInterfaceForComposites.java:765)
	at ptolemy.actor.util.CausalityInterfaceForComposites._computeInputDepth(CausalityInterfaceForComposites.java:696)
	at ptolemy.actor.util.CausalityInterfaceForComposites._computeOutputPortDepth(CausalityInterfaceForComposites.java:765)
	at ptolemy.actor.util.CausalityInterfaceForComposites._computeInputDepth(CausalityInterfaceForComposites.java:696)
	at ptolemy.actor.util.CausalityInterfaceForComposites._computeActorDepth(CausalityInterfaceForComposites.java:532)
	at ptolemy.actor.util.CausalityInterfaceForComposites.checkForCycles(CausalityInterfaceForComposites.java:96)
	at ptolemy.domains.de.kernel.DEDirector.preinitialize(DEDirector.java:1338)
	at ptolemy.actor.CompositeActor.preinitialize(CompositeActor.java:1828)
	at ptolemy.actor.Manager.preinitializeAndResolveTypes(Manager.java:1040)
	at ptolemy.actor.Manager.initialize(Manager.java:710)
	at ptolemy.actor.Manager.execute(Manager.java:356)
	at ptolemy.actor.Manager.run(Manager.java:1263)
	at ptolemy.actor.Manager$PtolemyRunThread.run(Manager.java:1933)

    while executing
ptolemy.kernel.util.IllegalActionException: Found a zero delay loop containing .HierarchicalModel.A
  in .HierarchicalModel and .HierarchicalModel.A
    while executing
"java::new ptolemy.moml.MoMLSimpleApplication $file
"
    (procedure "createAndExecute" line 2)
    invoked from within
"createAndExecute $file"
    ("uplevel" body line 5)
    invoked from within
"uplevel $contents_of_test"
------------------ testing $PTII/ptolemy/domains/de/test/auto/knownFailedTests/dependencyLoop2.xml (Known Failure) 
10 ms. Memory: 129024K Free: 77356K (60%)


==== $PTIIhome/travis/build/icyphy/ptII/ptolemy/domains/de/test/../../../../: Auto Automatic test in file $PTII/ptolemy/domains/de/test/auto/knownFailedTests/dependencyLoop2.xml
==== Contents of test case:

	    # FIXME: we should use $relativeFilename here, but it
	    # might have backslashes under Windows, which causes no end
	    # of trouble.
	    createAndExecute $file
	    list {}
	
.... Test generated KNOWN error:
    while executing
ptolemy.kernel.util.IllegalActionException: Found a zero delay loop containing .dependencyLoop2.original
  in .dependencyLoop2 and .dependencyLoop2.original
	at ptolemy.actor.util.CausalityInterfaceForComposites._computeOutputPortDepth(CausalityInterfaceForComposites.java:759)
	at ptolemy.actor.util.CausalityInterfaceForComposites._computeInputDepth(CausalityInterfaceForComposites.java:696)
	at ptolemy.actor.util.CausalityInterfaceForComposites._computeOutputPortDepth(CausalityInterfaceForComposites.java:765)
	at ptolemy.actor.util.CausalityInterfaceForComposites._computeInputDepth(CausalityInterfaceForComposites.java:696)
	at ptolemy.actor.util.CausalityInterfaceForComposites._computeOutputPortDepth(CausalityInterfaceForComposites.java:765)
	at ptolemy.actor.util.CausalityInterfaceForComposites._computeInputDepth(CausalityInterfaceForComposites.java:696)
	at ptolemy.actor.util.CausalityInterfaceForComposites._computeActorDepth(CausalityInterfaceForComposites.java:532)
	at ptolemy.actor.util.CausalityInterfaceForComposites.checkForCycles(CausalityInterfaceForComposites.java:96)
	at ptolemy.domains.de.kernel.DEDirector.preinitialize(DEDirector.java:1338)
	at ptolemy.actor.CompositeActor.preinitialize(CompositeActor.java:1828)
	at ptolemy.actor.Manager.preinitializeAndResolveTypes(Manager.java:1040)
	at ptolemy.actor.Manager.initialize(Manager.java:710)
	at ptolemy.actor.Manager.execute(Manager.java:356)
	at ptolemy.actor.Manager.run(Manager.java:1263)
	at ptolemy.actor.Manager$PtolemyRunThread.run(Manager.java:1933)

    while executing
ptolemy.kernel.util.IllegalActionException: Found a zero delay loop containing .dependencyLoop2.original
  in .dependencyLoop2 and .dependencyLoop2.original
    while executing
"java::new ptolemy.moml.MoMLSimpleApplication $file
"
    (procedure "createAndExecute" line 2)
    invoked from within
"createAndExecute $file"
    ("uplevel" body line 5)
    invoked from within
"uplevel $contents_of_test"
------------------ testing $PTII/ptolemy/domains/de/test/auto/knownFailedTests/DESDFClockTest.xml (Known Failure) 
2062 ms. Memory: 129024K Free: 108718K (84%)


==== $PTIIhome/travis/build/icyphy/ptII/ptolemy/domains/de/test/../../../../: Auto Automatic test in file $PTII/ptolemy/domains/de/test/auto/knownFailedTests/DESDFClockTest.xml
==== Contents of test case:

	    # FIXME: we should use $relativeFilename here, but it
	    # might have backslashes under Windows, which causes no end
	    # of trouble.
	    createAndExecute $file
	    list {}
	
.... Test generated KNOWN error:
    while executing
ptolemy.kernel.util.IllegalActionException: Actor is not ready to fire.  Perhaps UpSample.prefire() returned false? Try debugging the actor by selecting "Listen to Actor".  Also, for SDF check moml for tokenConsumptionRate on input.
  in .DESDFClockTest.Play Bell.Copy1:SDF Director and .DESDFClockTest.Play Bell.UpSample
	at ptolemy.actor.sched.StaticSchedulingDirector.fire(StaticSchedulingDirector.java:227)
	at ptolemy.domains.sdf.kernel.SDFDirector.fire(SDFDirector.java:500)
	at ptolemy.actor.CompositeActor.fire(CompositeActor.java:455)
	at ptolemy.domains.de.kernel.DEDirector._fire(DEDirector.java:1949)
	at ptolemy.domains.de.kernel.DEDirector.fire(DEDirector.java:502)
	at ptolemy.actor.CompositeActor.fire(CompositeActor.java:455)
	at ptolemy.actor.Manager.iterate(Manager.java:851)
	at ptolemy.actor.Manager.execute(Manager.java:369)
	at ptolemy.actor.Manager.run(Manager.java:1263)
	at ptolemy.actor.Manager$PtolemyRunThread.run(Manager.java:1933)

    while executing
ptolemy.kernel.util.IllegalActionException: Actor is not ready to fire.  Perhaps UpSample.prefire() returned false? Try debugging the actor by selecting "Listen to Actor".  Also, for SDF check moml for tokenConsumptionRate on input.
  in .DESDFClockTest.Play Bell.Copy1:SDF Director and .DESDFClockTest.Play Bell.UpSample
    while executing
"java::new ptolemy.moml.MoMLSimpleApplication $file
"
    (procedure "createAndExecute" line 2)
    invoked from within
"createAndExecute $file"
    ("uplevel" body line 5)
    invoked from within
"uplevel $contents_of_test"
------------------ testing $PTII/ptolemy/domains/de/test/auto/ActorDepthCalculation_actorWithoutPorts.xml
auto.tcl: Setting watchdog for 200 seconds at Mon Sep 07 15:37:35 UTC 2020
10 ms. Memory: 129024K Free: 101021K (78%)
ptolemy.util.test.WatchDog.cancel(): canceling Mon Sep 07 15:37:35 UTC 2020
auto.tcl: Setting watchdog for 200 seconds at Mon Sep 07 15:37:35 UTC 2020
4 ms. Memory: 129024K Free: 99502K (77%)
ptolemy.util.test.WatchDog.cancel(): canceling Mon Sep 07 15:37:35 UTC 2020
------------------ testing $PTII/ptolemy/domains/de/test/auto/AssemblyLine.xml
auto.tcl: Setting watchdog for 200 seconds at Mon Sep 07 15:37:35 UTC 2020
16 ms. Memory: 51200K Free: 28069K (55%)
ptolemy.util.test.WatchDog.cancel(): canceling Mon Sep 07 15:37:35 UTC 2020
auto.tcl: Setting watchdog for 200 seconds at Mon Sep 07 15:37:35 UTC 2020
10 ms. Memory: 51200K Free: 26903K (53%)
ptolemy.util.test.WatchDog.cancel(): canceling Mon Sep 07 15:37:35 UTC 2020
------------------ testing $PTII/ptolemy/domains/de/test/auto/CQBug1.xml
auto.tcl: Setting watchdog for 200 seconds at Mon Sep 07 15:37:35 UTC 2020
2 ms. Memory: 51200K Free: 33566K (66%)
ptolemy.util.test.WatchDog.cancel(): canceling Mon Sep 07 15:37:35 UTC 2020
auto.tcl: Setting watchdog for 200 seconds at Mon Sep 07 15:37:35 UTC 2020
2 ms. Memory: 51200K Free: 33152K (65%)
ptolemy.util.test.WatchDog.cancel(): canceling Mon Sep 07 15:37:35 UTC 2020
------------------ testing $PTII/ptolemy/domains/de/test/auto/CancelFireAt.xml
auto.tcl: Setting watchdog for 200 seconds at Mon Sep 07 15:37:35 UTC 2020
6 ms. Memory: 48128K Free: 31702K (66%)
ptolemy.util.test.WatchDog.cancel(): canceling Mon Sep 07 15:37:35 UTC 2020
auto.tcl: Setting watchdog for 200 seconds at Mon Sep 07 15:37:35 UTC 2020
1 ms. Memory: 48128K Free: 31287K (65%)
ptolemy.util.test.WatchDog.cancel(): canceling Mon Sep 07 15:37:35 UTC 2020
------------------ testing $PTII/ptolemy/domains/de/test/auto/CausalityAndComposabilityAnalysis.xml
auto.tcl: Setting watchdog for 200 seconds at Mon Sep 07 15:37:35 UTC 2020
10 ms. Memory: 48128K Free: 29316K (61%)
ptolemy.util.test.WatchDog.cancel(): canceling Mon Sep 07 15:37:35 UTC 2020
auto.tcl: Setting watchdog for 200 seconds at Mon Sep 07 15:37:35 UTC 2020
5 ms. Memory: 48128K Free: 28936K (60%)
ptolemy.util.test.WatchDog.cancel(): canceling Mon Sep 07 15:37:35 UTC 2020
------------------ testing $PTII/ptolemy/domains/de/test/auto/CausalityInterface1.xml
auto.tcl: Setting watchdog for 200 seconds at Mon Sep 07 15:37:35 UTC 2020
20 ms. Memory: 48128K Free: 28361K (59%)
ptolemy.util.test.WatchDog.cancel(): canceling Mon Sep 07 15:37:35 UTC 2020
auto.tcl: Setting watchdog for 200 seconds at Mon Sep 07 15:37:35 UTC 2020
4 ms. Memory: 48128K Free: 27405K (57%)
ptolemy.util.test.WatchDog.cancel(): canceling Mon Sep 07 15:37:35 UTC 2020
------------------ testing $PTII/ptolemy/domains/de/test/auto/CausalityInterface15.xml
auto.tcl: Setting watchdog for 200 seconds at Mon Sep 07 15:37:35 UTC 2020
6 ms. Memory: 48128K Free: 27952K (58%)
ptolemy.util.test.WatchDog.cancel(): canceling Mon Sep 07 15:37:36 UTC 2020
auto.tcl: Setting watchdog for 200 seconds at Mon Sep 07 15:37:36 UTC 2020
7 ms. Memory: 48128K Free: 27368K (57%)
ptolemy.util.test.WatchDog.cancel(): canceling Mon Sep 07 15:37:36 UTC 2020
------------------ testing $PTII/ptolemy/domains/de/test/auto/CausalityInterface2.xml
auto.tcl: Setting watchdog for 200 seconds at Mon Sep 07 15:37:36 UTC 2020
6 ms. Memory: 48128K Free: 29089K (60%)
ptolemy.util.test.WatchDog.cancel(): canceling Mon Sep 07 15:37:36 UTC 2020
auto.tcl: Setting watchdog for 200 seconds at Mon Sep 07 15:37:36 UTC 2020
3 ms. Memory: 48128K Free: 28364K (59%)
ptolemy.util.test.WatchDog.cancel(): canceling Mon Sep 07 15:37:36 UTC 2020
------------------ testing $PTII/ptolemy/domains/de/test/auto/CausalityInterface3.xml
auto.tcl: Setting watchdog for 200 seconds at Mon Sep 07 15:37:36 UTC 2020
6 ms. Memory: 48128K Free: 28555K (59%)
ptolemy.util.test.WatchDog.cancel(): canceling Mon Sep 07 15:37:36 UTC 2020
auto.tcl: Setting watchdog for 200 seconds at Mon Sep 07 15:37:36 UTC 2020
3 ms. Memory: 48128K Free: 27778K (58%)
ptolemy.util.test.WatchDog.cancel(): canceling Mon Sep 07 15:37:36 UTC 2020
------------------ testing $PTII/ptolemy/domains/de/test/auto/ClockDrift.xml
auto.tcl: Setting watchdog for 200 seconds at Mon Sep 07 15:37:36 UTC 2020
82 ms. Memory: 48128K Free: 20944K (44%)
ptolemy.util.test.WatchDog.cancel(): canceling Mon Sep 07 15:37:36 UTC 2020
auto.tcl: Setting watchdog for 200 seconds at Mon Sep 07 15:37:36 UTC 2020
33 ms. Memory: 48128K Free: 17757K (37%)
ptolemy.util.test.WatchDog.cancel(): canceling Mon Sep 07 15:37:36 UTC 2020
------------------ testing $PTII/ptolemy/domains/de/test/auto/ClockDriftAndValueChange.xml
auto.tcl: Setting watchdog for 200 seconds at Mon Sep 07 15:37:36 UTC 2020
33 ms. Memory: 48128K Free: 21229K (44%)
ptolemy.util.test.WatchDog.cancel(): canceling Mon Sep 07 15:37:36 UTC 2020
auto.tcl: Setting watchdog for 200 seconds at Mon Sep 07 15:37:36 UTC 2020
16 ms. Memory: 48128K Free: 18364K (38%)
ptolemy.util.test.WatchDog.cancel(): canceling Mon Sep 07 15:37:36 UTC 2020
------------------ testing $PTII/ptolemy/domains/de/test/auto/ClockDriftChange.xml
auto.tcl: Setting watchdog for 200 seconds at Mon Sep 07 15:37:36 UTC 2020
20 ms. Memory: 48128K Free: 23276K (48%)
ptolemy.util.test.WatchDog.cancel(): canceling Mon Sep 07 15:37:36 UTC 2020
auto.tcl: Setting watchdog for 200 seconds at Mon Sep 07 15:37:36 UTC 2020
28 ms. Memory: 48128K Free: 20428K (42%)
ptolemy.util.test.WatchDog.cancel(): canceling Mon Sep 07 15:37:36 UTC 2020
------------------ testing $PTII/ptolemy/domains/de/test/auto/ComposableCausalityAnalysis.xml
auto.tcl: Setting watchdog for 200 seconds at Mon Sep 07 15:37:36 UTC 2020
2 ms. Memory: 48128K Free: 27758K (58%)
ptolemy.util.test.WatchDog.cancel(): canceling Mon Sep 07 15:37:36 UTC 2020
auto.tcl: Setting watchdog for 200 seconds at Mon Sep 07 15:37:36 UTC 2020
5 ms. Memory: 48128K Free: 26902K (56%)
ptolemy.util.test.WatchDog.cancel(): canceling Mon Sep 07 15:37:36 UTC 2020
------------------ testing $PTII/ptolemy/domains/de/test/auto/DEFixedPointLimitation.xml
auto.tcl: Setting watchdog for 200 seconds at Mon Sep 07 15:37:36 UTC 2020
2 ms. Memory: 48128K Free: 29242K (61%)
ptolemy.util.test.WatchDog.cancel(): canceling Mon Sep 07 15:37:36 UTC 2020
auto.tcl: Setting watchdog for 200 seconds at Mon Sep 07 15:37:36 UTC 2020
1 ms. Memory: 48128K Free: 28372K (59%)
ptolemy.util.test.WatchDog.cancel(): canceling Mon Sep 07 15:37:36 UTC 2020
------------------ testing $PTII/ptolemy/domains/de/test/auto/DEScheduleTest.xml
auto.tcl: Setting watchdog for 200 seconds at Mon Sep 07 15:37:36 UTC 2020
3 ms. Memory: 48128K Free: 29508K (61%)
ptolemy.util.test.WatchDog.cancel(): canceling Mon Sep 07 15:37:36 UTC 2020
auto.tcl: Setting watchdog for 200 seconds at Mon Sep 07 15:37:36 UTC 2020
3 ms. Memory: 48128K Free: 28755K (60%)
ptolemy.util.test.WatchDog.cancel(): canceling Mon Sep 07 15:37:36 UTC 2020
------------------ testing $PTII/ptolemy/domains/de/test/auto/DEinDEwithStartTimes.xml
auto.tcl: Setting watchdog for 200 seconds at Mon Sep 07 15:37:36 UTC 2020
4 ms. Memory: 48128K Free: 27718K (58%)
ptolemy.util.test.WatchDog.cancel(): canceling Mon Sep 07 15:37:36 UTC 2020
auto.tcl: Setting watchdog for 200 seconds at Mon Sep 07 15:37:36 UTC 2020
3 ms. Memory: 48128K Free: 26658K (55%)
ptolemy.util.test.WatchDog.cancel(): canceling Mon Sep 07 15:37:36 UTC 2020
------------------ testing $PTII/ptolemy/domains/de/test/auto/DEinDEwithStartTimes2.xml
auto.tcl: Setting watchdog for 200 seconds at Mon Sep 07 15:37:37 UTC 2020
4 ms. Memory: 48128K Free: 26981K (56%)
ptolemy.util.test.WatchDog.cancel(): canceling Mon Sep 07 15:37:37 UTC 2020
auto.tcl: Setting watchdog for 200 seconds at Mon Sep 07 15:37:37 UTC 2020
4 ms. Memory: 48128K Free: 25614K (53%)
ptolemy.util.test.WatchDog.cancel(): canceling Mon Sep 07 15:37:37 UTC 2020
------------------ testing $PTII/ptolemy/domains/de/test/auto/DateDemo.xml
auto.tcl: Setting watchdog for 200 seconds at Mon Sep 07 15:37:37 UTC 2020
16 ms. Memory: 48128K Free: 21276K (44%)
ptolemy.util.test.WatchDog.cancel(): canceling Mon Sep 07 15:37:37 UTC 2020
auto.tcl: Setting watchdog for 200 seconds at Mon Sep 07 15:37:37 UTC 2020
7 ms. Memory: 48128K Free: 19734K (41%)
ptolemy.util.test.WatchDog.cancel(): canceling Mon Sep 07 15:37:37 UTC 2020
------------------ testing $PTII/ptolemy/domains/de/test/auto/DateToEvent.xml
auto.tcl: Setting watchdog for 200 seconds at Mon Sep 07 15:37:37 UTC 2020
2010 ms. Memory: 48128K Free: 17173K (36%)
ptolemy.util.test.WatchDog.cancel(): canceling Mon Sep 07 15:37:39 UTC 2020
auto.tcl: Setting watchdog for 200 seconds at Mon Sep 07 15:37:39 UTC 2020
2004 ms. Memory: 48128K Free: 16459K (34%)
ptolemy.util.test.WatchDog.cancel(): canceling Mon Sep 07 15:37:41 UTC 2020
------------------ testing $PTII/ptolemy/domains/de/test/auto/DepthTest1.xml
auto.tcl: Setting watchdog for 200 seconds at Mon Sep 07 15:37:41 UTC 2020
3 ms. Memory: 48128K Free: 30323K (63%)
ptolemy.util.test.WatchDog.cancel(): canceling Mon Sep 07 15:37:41 UTC 2020
auto.tcl: Setting watchdog for 200 seconds at Mon Sep 07 15:37:41 UTC 2020
2 ms. Memory: 48128K Free: 29931K (62%)
ptolemy.util.test.WatchDog.cancel(): canceling Mon Sep 07 15:37:41 UTC 2020
------------------ testing $PTII/ptolemy/domains/de/test/auto/DepthTest2.xml
auto.tcl: Setting watchdog for 200 seconds at Mon Sep 07 15:37:41 UTC 2020
8 ms. Memory: 48128K Free: 27090K (56%)
ptolemy.util.test.WatchDog.cancel(): canceling Mon Sep 07 15:37:41 UTC 2020
auto.tcl: Setting watchdog for 200 seconds at Mon Sep 07 15:37:41 UTC 2020
2 ms. Memory: 48128K Free: 26651K (55%)
ptolemy.util.test.WatchDog.cancel(): canceling Mon Sep 07 15:37:41 UTC 2020
------------------ testing $PTII/ptolemy/domains/de/test/auto/DepthTest3.xml
auto.tcl: Setting watchdog for 200 seconds at Mon Sep 07 15:37:41 UTC 2020
2 ms. Memory: 48128K Free: 30652K (64%)
ptolemy.util.test.WatchDog.cancel(): canceling Mon Sep 07 15:37:41 UTC 2020
auto.tcl: Setting watchdog for 200 seconds at Mon Sep 07 15:37:41 UTC 2020
2 ms. Memory: 48128K Free: 30261K (63%)
ptolemy.util.test.WatchDog.cancel(): canceling Mon Sep 07 15:37:41 UTC 2020
------------------ testing $PTII/ptolemy/domains/de/test/auto/DepthTest4.xml
auto.tcl: Setting watchdog for 200 seconds at Mon Sep 07 15:37:41 UTC 2020
3 ms. Memory: 48128K Free: 29017K (60%)
ptolemy.util.test.WatchDog.cancel(): canceling Mon Sep 07 15:37:41 UTC 2020
auto.tcl: Setting watchdog for 200 seconds at Mon Sep 07 15:37:41 UTC 2020
2 ms. Memory: 48128K Free: 28286K (59%)
ptolemy.util.test.WatchDog.cancel(): canceling Mon Sep 07 15:37:41 UTC 2020
------------------ testing $PTII/ptolemy/domains/de/test/auto/DepthTest5.xml
auto.tcl: Setting watchdog for 200 seconds at Mon Sep 07 15:37:41 UTC 2020
3 ms. Memory: 48128K Free: 28188K (59%)
ptolemy.util.test.WatchDog.cancel(): canceling Mon Sep 07 15:37:41 UTC 2020
auto.tcl: Setting watchdog for 200 seconds at Mon Sep 07 15:37:41 UTC 2020
2 ms. Memory: 48128K Free: 27821K (58%)
ptolemy.util.test.WatchDog.cancel(): canceling Mon Sep 07 15:37:41 UTC 2020
------------------ testing $PTII/ptolemy/domains/de/test/auto/DepthTest6.xml
auto.tcl: Setting watchdog for 200 seconds at Mon Sep 07 15:37:41 UTC 2020
3 ms. Memory: 48128K Free: 28181K (59%)
ptolemy.util.test.WatchDog.cancel(): canceling Mon Sep 07 15:37:41 UTC 2020
auto.tcl: Setting watchdog for 200 seconds at Mon Sep 07 15:37:41 UTC 2020
2 ms. Memory: 48128K Free: 27591K (57%)
ptolemy.util.test.WatchDog.cancel(): canceling Mon Sep 07 15:37:41 UTC 2020
------------------ testing $PTII/ptolemy/domains/de/test/auto/DepthTest7.xml
auto.tcl: Setting watchdog for 200 seconds at Mon Sep 07 15:37:41 UTC 2020
3 ms. Memory: 48128K Free: 28987K (60%)
ptolemy.util.test.WatchDog.cancel(): canceling Mon Sep 07 15:37:41 UTC 2020
auto.tcl: Setting watchdog for 200 seconds at Mon Sep 07 15:37:41 UTC 2020
4 ms. Memory: 48128K Free: 28236K (59%)
ptolemy.util.test.WatchDog.cancel(): canceling Mon Sep 07 15:37:41 UTC 2020
------------------ testing $PTII/ptolemy/domains/de/test/auto/EventToDate.xml
auto.tcl: Setting watchdog for 200 seconds at Mon Sep 07 15:37:41 UTC 2020
3010 ms. Memory: 48128K Free: 19731K (41%)
ptolemy.util.test.WatchDog.cancel(): canceling Mon Sep 07 15:37:44 UTC 2020
auto.tcl: Setting watchdog for 200 seconds at Mon Sep 07 15:37:44 UTC 2020
3004 ms. Memory: 48128K Free: 19045K (40%)
ptolemy.util.test.WatchDog.cancel(): canceling Mon Sep 07 15:37:47 UTC 2020
------------------ testing $PTII/ptolemy/domains/de/test/auto/FSM1.xml
auto.tcl: Setting watchdog for 200 seconds at Mon Sep 07 15:37:47 UTC 2020
36 ms. Memory: 48128K Free: 20948K (44%)
ptolemy.util.test.WatchDog.cancel(): canceling Mon Sep 07 15:37:47 UTC 2020
auto.tcl: Setting watchdog for 200 seconds at Mon Sep 07 15:37:47 UTC 2020
21 ms. Memory: 48128K Free: 17694K (37%)
ptolemy.util.test.WatchDog.cancel(): canceling Mon Sep 07 15:37:47 UTC 2020
------------------ testing $PTII/ptolemy/domains/de/test/auto/FSM7.xml
auto.tcl: Setting watchdog for 200 seconds at Mon Sep 07 15:37:48 UTC 2020
16 ms. Memory: 48128K Free: 20678K (43%)
ptolemy.util.test.WatchDog.cancel(): canceling Mon Sep 07 15:37:48 UTC 2020
auto.tcl: Setting watchdog for 200 seconds at Mon Sep 07 15:37:48 UTC 2020
16 ms. Memory: 48128K Free: 17542K (36%)
ptolemy.util.test.WatchDog.cancel(): canceling Mon Sep 07 15:37:48 UTC 2020
------------------ testing $PTII/ptolemy/domains/de/test/auto/Inspection.xml
auto.tcl: Setting watchdog for 200 seconds at Mon Sep 07 15:37:48 UTC 2020
22 ms. Memory: 48128K Free: 20726K (43%)
ptolemy.util.test.WatchDog.cancel(): canceling Mon Sep 07 15:37:48 UTC 2020
auto.tcl: Setting watchdog for 200 seconds at Mon Sep 07 15:37:48 UTC 2020
22 ms. Memory: 48128K Free: 18960K (39%)
ptolemy.util.test.WatchDog.cancel(): canceling Mon Sep 07 15:37:48 UTC 2020
------------------ testing $PTII/ptolemy/domains/de/test/auto/Iteration.xml
auto.tcl: Setting watchdog for 200 seconds at Mon Sep 07 15:37:48 UTC 2020
7 ms. Memory: 48128K Free: 26389K (55%)
ptolemy.util.test.WatchDog.cancel(): canceling Mon Sep 07 15:37:48 UTC 2020
auto.tcl: Setting watchdog for 200 seconds at Mon Sep 07 15:37:48 UTC 2020
5 ms. Memory: 48128K Free: 25001K (52%)
ptolemy.util.test.WatchDog.cancel(): canceling Mon Sep 07 15:37:48 UTC 2020
------------------ testing $PTII/ptolemy/domains/de/test/auto/LineFault.xml
auto.tcl: Setting watchdog for 200 seconds at Mon Sep 07 15:37:48 UTC 2020
613 ms. Memory: 58368K Free: 28717K (49%)
ptolemy.util.test.WatchDog.cancel(): canceling Mon Sep 07 15:37:49 UTC 2020
auto.tcl: Setting watchdog for 200 seconds at Mon Sep 07 15:37:49 UTC 2020
469 ms. Memory: 58368K Free: 22188K (38%)
ptolemy.util.test.WatchDog.cancel(): canceling Mon Sep 07 15:37:49 UTC 2020
------------------ testing $PTII/ptolemy/domains/de/test/auto/MergeModel1Add.xml
auto.tcl: Setting watchdog for 200 seconds at Mon Sep 07 15:37:49 UTC 2020
19 ms. Memory: 58368K Free: 22591K (39%)
ptolemy.util.test.WatchDog.cancel(): canceling Mon Sep 07 15:37:49 UTC 2020
auto.tcl: Setting watchdog for 200 seconds at Mon Sep 07 15:37:49 UTC 2020
16 ms. Memory: 58368K Free: 20900K (36%)
ptolemy.util.test.WatchDog.cancel(): canceling Mon Sep 07 15:37:49 UTC 2020
------------------ testing $PTII/ptolemy/domains/de/test/auto/MergeModel2Add.xml
auto.tcl: Setting watchdog for 200 seconds at Mon Sep 07 15:37:49 UTC 2020
8 ms. Memory: 55296K Free: 21521K (39%)
ptolemy.util.test.WatchDog.cancel(): canceling Mon Sep 07 15:37:49 UTC 2020
auto.tcl: Setting watchdog for 200 seconds at Mon Sep 07 15:37:49 UTC 2020
7 ms. Memory: 55296K Free: 19600K (35%)
ptolemy.util.test.WatchDog.cancel(): canceling Mon Sep 07 15:37:49 UTC 2020
------------------ testing $PTII/ptolemy/domains/de/test/auto/MergeModel3Add.xml
auto.tcl: Setting watchdog for 200 seconds at Mon Sep 07 15:37:49 UTC 2020
10 ms. Memory: 55296K Free: 21563K (39%)
ptolemy.util.test.WatchDog.cancel(): canceling Mon Sep 07 15:37:50 UTC 2020
auto.tcl: Setting watchdog for 200 seconds at Mon Sep 07 15:37:50 UTC 2020
8 ms. Memory: 55296K Free: 20154K (36%)
ptolemy.util.test.WatchDog.cancel(): canceling Mon Sep 07 15:37:50 UTC 2020
------------------ testing $PTII/ptolemy/domains/de/test/auto/MergeWithoutDiscard.xml
auto.tcl: Setting watchdog for 200 seconds at Mon Sep 07 15:37:50 UTC 2020
1 ms. Memory: 51200K Free: 32027K (63%)
ptolemy.util.test.WatchDog.cancel(): canceling Mon Sep 07 15:37:50 UTC 2020
auto.tcl: Setting watchdog for 200 seconds at Mon Sep 07 15:37:50 UTC 2020
0 ms. Memory: 51200K Free: 31592K (62%)
ptolemy.util.test.WatchDog.cancel(): canceling Mon Sep 07 15:37:50 UTC 2020
------------------ testing $PTII/ptolemy/domains/de/test/auto/Modal1.xml
auto.tcl: Setting watchdog for 200 seconds at Mon Sep 07 15:37:50 UTC 2020
12 ms. Memory: 51200K Free: 24223K (47%)
ptolemy.util.test.WatchDog.cancel(): canceling Mon Sep 07 15:37:50 UTC 2020
auto.tcl: Setting watchdog for 200 seconds at Mon Sep 07 15:37:50 UTC 2020
11 ms. Memory: 51200K Free: 20932K (41%)
ptolemy.util.test.WatchDog.cancel(): canceling Mon Sep 07 15:37:50 UTC 2020
------------------ testing $PTII/ptolemy/domains/de/test/auto/Modal2.xml
auto.tcl: Setting watchdog for 200 seconds at Mon Sep 07 15:37:50 UTC 2020
15 ms. Memory: 51200K Free: 24100K (47%)
ptolemy.util.test.WatchDog.cancel(): canceling Mon Sep 07 15:37:50 UTC 2020
auto.tcl: Setting watchdog for 200 seconds at Mon Sep 07 15:37:50 UTC 2020
19 ms. Memory: 51200K Free: 20849K (41%)
ptolemy.util.test.WatchDog.cancel(): canceling Mon Sep 07 15:37:50 UTC 2020
------------------ testing $PTII/ptolemy/domains/de/test/auto/Modal3.xml
auto.tcl: Setting watchdog for 200 seconds at Mon Sep 07 15:37:50 UTC 2020
17 ms. Memory: 51200K Free: 23839K (47%)
ptolemy.util.test.WatchDog.cancel(): canceling Mon Sep 07 15:37:50 UTC 2020
auto.tcl: Setting watchdog for 200 seconds at Mon Sep 07 15:37:50 UTC 2020
14 ms. Memory: 51200K Free: 20871K (41%)
ptolemy.util.test.WatchDog.cancel(): canceling Mon Sep 07 15:37:50 UTC 2020
------------------ testing $PTII/ptolemy/domains/de/test/auto/Modal4.xml
auto.tcl: Setting watchdog for 200 seconds at Mon Sep 07 15:37:50 UTC 2020
13 ms. Memory: 51200K Free: 23041K (45%)
ptolemy.util.test.WatchDog.cancel(): canceling Mon Sep 07 15:37:50 UTC 2020
auto.tcl: Setting watchdog for 200 seconds at Mon Sep 07 15:37:50 UTC 2020
14 ms. Memory: 51200K Free: 19223K (38%)
ptolemy.util.test.WatchDog.cancel(): canceling Mon Sep 07 15:37:50 UTC 2020
------------------ testing $PTII/ptolemy/domains/de/test/auto/Modal5.xml
auto.tcl: Setting watchdog for 200 seconds at Mon Sep 07 15:37:50 UTC 2020
12 ms. Memory: 51200K Free: 23058K (45%)
ptolemy.util.test.WatchDog.cancel(): canceling Mon Sep 07 15:37:50 UTC 2020
auto.tcl: Setting watchdog for 200 seconds at Mon Sep 07 15:37:50 UTC 2020
13 ms. Memory: 51200K Free: 19210K (38%)
ptolemy.util.test.WatchDog.cancel(): canceling Mon Sep 07 15:37:50 UTC 2020
------------------ testing $PTII/ptolemy/domains/de/test/auto/Modal6.xml
auto.tcl: Setting watchdog for 200 seconds at Mon Sep 07 15:37:50 UTC 2020
12 ms. Memory: 51200K Free: 23820K (47%)
ptolemy.util.test.WatchDog.cancel(): canceling Mon Sep 07 15:37:50 UTC 2020
auto.tcl: Setting watchdog for 200 seconds at Mon Sep 07 15:37:50 UTC 2020
14 ms. Memory: 51200K Free: 19837K (39%)
ptolemy.util.test.WatchDog.cancel(): canceling Mon Sep 07 15:37:50 UTC 2020
------------------ testing $PTII/ptolemy/domains/de/test/auto/Modal7.xml
auto.tcl: Setting watchdog for 200 seconds at Mon Sep 07 15:37:50 UTC 2020
9 ms. Memory: 51200K Free: 23027K (45%)
ptolemy.util.test.WatchDog.cancel(): canceling Mon Sep 07 15:37:50 UTC 2020
auto.tcl: Setting watchdog for 200 seconds at Mon Sep 07 15:37:50 UTC 2020
8 ms. Memory: 51200K Free: 19488K (38%)
ptolemy.util.test.WatchDog.cancel(): canceling Mon Sep 07 15:37:50 UTC 2020
------------------ testing $PTII/ptolemy/domains/de/test/auto/ModalModel.xml
auto.tcl: Setting watchdog for 200 seconds at Mon Sep 07 15:37:50 UTC 2020
194 ms. Memory: 51200K Free: 14265K (28%)
ptolemy.util.test.WatchDog.cancel(): canceling Mon Sep 07 15:37:51 UTC 2020
auto.tcl: Setting watchdog for 200 seconds at Mon Sep 07 15:37:51 UTC 2020
192 ms. Memory: 66560K Free: 25044K (38%)
ptolemy.util.test.WatchDog.cancel(): canceling Mon Sep 07 15:37:51 UTC 2020
------------------ testing $PTII/ptolemy/domains/de/test/auto/ModalSource.xml
auto.tcl: Setting watchdog for 200 seconds at Mon Sep 07 15:37:51 UTC 2020
8 ms. Memory: 55296K Free: 31979K (58%)
ptolemy.util.test.WatchDog.cancel(): canceling Mon Sep 07 15:37:51 UTC 2020
auto.tcl: Setting watchdog for 200 seconds at Mon Sep 07 15:37:51 UTC 2020
6 ms. Memory: 55296K Free: 29931K (54%)
ptolemy.util.test.WatchDog.cancel(): canceling Mon Sep 07 15:37:51 UTC 2020
------------------ testing $PTII/ptolemy/domains/de/test/auto/NonInterruptibleTimerZeroDelay.xml
auto.tcl: Setting watchdog for 200 seconds at Mon Sep 07 15:37:51 UTC 2020
3 ms. Memory: 51200K Free: 32849K (64%)
ptolemy.util.test.WatchDog.cancel(): canceling Mon Sep 07 15:37:51 UTC 2020
auto.tcl: Setting watchdog for 200 seconds at Mon Sep 07 15:37:51 UTC 2020
2 ms. Memory: 51200K Free: 32165K (63%)
ptolemy.util.test.WatchDog.cancel(): canceling Mon Sep 07 15:37:51 UTC 2020
------------------ testing $PTII/ptolemy/domains/de/test/auto/OpenQueueingNetwork.xml
auto.tcl: Setting watchdog for 200 seconds at Mon Sep 07 15:37:51 UTC 2020
2606 ms. Memory: 134144K Free: 58652K (44%)
ptolemy.util.test.WatchDog.cancel(): canceling Mon Sep 07 15:37:54 UTC 2020
auto.tcl: Setting watchdog for 200 seconds at Mon Sep 07 15:37:54 UTC 2020
2480 ms. Memory: 161792K Free: 90777K (56%)
ptolemy.util.test.WatchDog.cancel(): canceling Mon Sep 07 15:37:56 UTC 2020
------------------ testing $PTII/ptolemy/domains/de/test/auto/OpenQueuingNetwork.xml
auto.tcl: Setting watchdog for 200 seconds at Mon Sep 07 15:37:56 UTC 2020
234 ms. Memory: 55296K Free: 24854K (45%)
ptolemy.util.test.WatchDog.cancel(): canceling Mon Sep 07 15:37:57 UTC 2020
auto.tcl: Setting watchdog for 200 seconds at Mon Sep 07 15:37:57 UTC 2020
226 ms. Memory: 55296K Free: 33468K (61%)
ptolemy.util.test.WatchDog.cancel(): canceling Mon Sep 07 15:37:57 UTC 2020
------------------ testing $PTII/ptolemy/domains/de/test/auto/PeriodicSampler.xml
auto.tcl: Setting watchdog for 200 seconds at Mon Sep 07 15:37:57 UTC 2020
2 ms. Memory: 55296K Free: 36115K (65%)
ptolemy.util.test.WatchDog.cancel(): canceling Mon Sep 07 15:37:57 UTC 2020
auto.tcl: Setting watchdog for 200 seconds at Mon Sep 07 15:37:57 UTC 2020
2 ms. Memory: 55296K Free: 35595K (64%)
ptolemy.util.test.WatchDog.cancel(): canceling Mon Sep 07 15:37:57 UTC 2020
------------------ testing $PTII/ptolemy/domains/de/test/auto/PersistentIO.xml
auto.tcl: Setting watchdog for 200 seconds at Mon Sep 07 15:37:57 UTC 2020
5 ms. Memory: 55296K Free: 31023K (56%)
ptolemy.util.test.WatchDog.cancel(): canceling Mon Sep 07 15:37:57 UTC 2020
auto.tcl: Setting watchdog for 200 seconds at Mon Sep 07 15:37:57 UTC 2020
4 ms. Memory: 55296K Free: 29519K (53%)
ptolemy.util.test.WatchDog.cancel(): canceling Mon Sep 07 15:37:57 UTC 2020
------------------ testing $PTII/ptolemy/domains/de/test/auto/PortParameterResetOnInitialize.xml
auto.tcl: Setting watchdog for 200 seconds at Mon Sep 07 15:37:57 UTC 2020
2 ms. Memory: 55296K Free: 36023K (65%)
ptolemy.util.test.WatchDog.cancel(): canceling Mon Sep 07 15:37:57 UTC 2020
auto.tcl: Setting watchdog for 200 seconds at Mon Sep 07 15:37:57 UTC 2020
2 ms. Memory: 55296K Free: 35527K (64%)
ptolemy.util.test.WatchDog.cancel(): canceling Mon Sep 07 15:37:57 UTC 2020
------------------ testing $PTII/ptolemy/domains/de/test/auto/PortParameterUpdates.xml
auto.tcl: Setting watchdog for 200 seconds at Mon Sep 07 15:37:57 UTC 2020
3 ms. Memory: 51200K Free: 30026K (59%)
ptolemy.util.test.WatchDog.cancel(): canceling Mon Sep 07 15:37:57 UTC 2020
auto.tcl: Setting watchdog for 200 seconds at Mon Sep 07 15:37:57 UTC 2020
3 ms. Memory: 51200K Free: 29006K (57%)
ptolemy.util.test.WatchDog.cancel(): canceling Mon Sep 07 15:37:57 UTC 2020
------------------ testing $PTII/ptolemy/domains/de/test/auto/QueueAndServer.xml
auto.tcl: Setting watchdog for 200 seconds at Mon Sep 07 15:37:57 UTC 2020
12 ms. Memory: 51200K Free: 28966K (57%)
ptolemy.util.test.WatchDog.cancel(): canceling Mon Sep 07 15:37:57 UTC 2020
auto.tcl: Setting watchdog for 200 seconds at Mon Sep 07 15:37:57 UTC 2020
5 ms. Memory: 51200K Free: 27477K (54%)
ptolemy.util.test.WatchDog.cancel(): canceling Mon Sep 07 15:37:57 UTC 2020
------------------ testing $PTII/ptolemy/domains/de/test/auto/Records.xml
auto.tcl: Setting watchdog for 200 seconds at Mon Sep 07 15:37:57 UTC 2020
5 ms. Memory: 51200K Free: 31179K (61%)
ptolemy.util.test.WatchDog.cancel(): canceling Mon Sep 07 15:37:57 UTC 2020
auto.tcl: Setting watchdog for 200 seconds at Mon Sep 07 15:37:57 UTC 2020
2 ms. Memory: 51200K Free: 30691K (60%)
ptolemy.util.test.WatchDog.cancel(): canceling Mon Sep 07 15:37:57 UTC 2020
------------------ testing $PTII/ptolemy/domains/de/test/auto/ResetTransitionWithStartTime1.xml
auto.tcl: Setting watchdog for 200 seconds at Mon Sep 07 15:37:57 UTC 2020
6 ms. Memory: 51200K Free: 28427K (56%)
ptolemy.util.test.WatchDog.cancel(): canceling Mon Sep 07 15:37:57 UTC 2020
auto.tcl: Setting watchdog for 200 seconds at Mon Sep 07 15:37:57 UTC 2020
6 ms. Memory: 51200K Free: 26379K (52%)
ptolemy.util.test.WatchDog.cancel(): canceling Mon Sep 07 15:37:57 UTC 2020
------------------ testing $PTII/ptolemy/domains/de/test/auto/ResetTransitionWithStartTime2.xml
auto.tcl: Setting watchdog for 200 seconds at Mon Sep 07 15:37:57 UTC 2020
7 ms. Memory: 51200K Free: 28382K (55%)
ptolemy.util.test.WatchDog.cancel(): canceling Mon Sep 07 15:37:57 UTC 2020
auto.tcl: Setting watchdog for 200 seconds at Mon Sep 07 15:37:57 UTC 2020
7 ms. Memory: 51200K Free: 26334K (51%)
ptolemy.util.test.WatchDog.cancel(): canceling Mon Sep 07 15:37:57 UTC 2020
------------------ testing $PTII/ptolemy/domains/de/test/auto/ResetTransitionWithStartTime3.xml
auto.tcl: Setting watchdog for 200 seconds at Mon Sep 07 15:37:57 UTC 2020
6 ms. Memory: 51200K Free: 28381K (55%)
ptolemy.util.test.WatchDog.cancel(): canceling Mon Sep 07 15:37:57 UTC 2020
auto.tcl: Setting watchdog for 200 seconds at Mon Sep 07 15:37:57 UTC 2020
6 ms. Memory: 51200K Free: 26333K (51%)
ptolemy.util.test.WatchDog.cancel(): canceling Mon Sep 07 15:37:57 UTC 2020
------------------ testing $PTII/ptolemy/domains/de/test/auto/ResetTransitionWithStartTime4.xml
auto.tcl: Setting watchdog for 200 seconds at Mon Sep 07 15:37:57 UTC 2020
7 ms. Memory: 51200K Free: 28790K (56%)
ptolemy.util.test.WatchDog.cancel(): canceling Mon Sep 07 15:37:57 UTC 2020
auto.tcl: Setting watchdog for 200 seconds at Mon Sep 07 15:37:57 UTC 2020
3 ms. Memory: 51200K Free: 27363K (53%)
ptolemy.util.test.WatchDog.cancel(): canceling Mon Sep 07 15:37:57 UTC 2020
------------------ testing $PTII/ptolemy/domains/de/test/auto/ResettableTimer1.xml
auto.tcl: Setting watchdog for 200 seconds at Mon Sep 07 15:37:58 UTC 2020
2 ms. Memory: 51200K Free: 32458K (63%)
ptolemy.util.test.WatchDog.cancel(): canceling Mon Sep 07 15:37:58 UTC 2020
auto.tcl: Setting watchdog for 200 seconds at Mon Sep 07 15:37:58 UTC 2020
1 ms. Memory: 51200K Free: 31463K (61%)
ptolemy.util.test.WatchDog.cancel(): canceling Mon Sep 07 15:37:58 UTC 2020
------------------ testing $PTII/ptolemy/domains/de/test/auto/ResettableTimer2.xml
auto.tcl: Setting watchdog for 200 seconds at Mon Sep 07 15:37:58 UTC 2020
2 ms. Memory: 51200K Free: 32515K (64%)
ptolemy.util.test.WatchDog.cancel(): canceling Mon Sep 07 15:37:58 UTC 2020
auto.tcl: Setting watchdog for 200 seconds at Mon Sep 07 15:37:58 UTC 2020
2 ms. Memory: 51200K Free: 31520K (62%)
ptolemy.util.test.WatchDog.cancel(): canceling Mon Sep 07 15:37:58 UTC 2020
------------------ testing $PTII/ptolemy/domains/de/test/auto/ResettableTimer3.xml
auto.tcl: Setting watchdog for 200 seconds at Mon Sep 07 15:37:58 UTC 2020
1 ms. Memory: 51200K Free: 32521K (64%)
ptolemy.util.test.WatchDog.cancel(): canceling Mon Sep 07 15:37:58 UTC 2020
auto.tcl: Setting watchdog for 200 seconds at Mon Sep 07 15:37:58 UTC 2020
2 ms. Memory: 51200K Free: 32521K (64%)
ptolemy.util.test.WatchDog.cancel(): canceling Mon Sep 07 15:37:58 UTC 2020
------------------ testing $PTII/ptolemy/domains/de/test/auto/ResettableTimer4.xml
auto.tcl: Setting watchdog for 200 seconds at Mon Sep 07 15:37:58 UTC 2020
1 ms. Memory: 51200K Free: 32535K (64%)
ptolemy.util.test.WatchDog.cancel(): canceling Mon Sep 07 15:37:58 UTC 2020
auto.tcl: Setting watchdog for 200 seconds at Mon Sep 07 15:37:58 UTC 2020
1 ms. Memory: 51200K Free: 32037K (63%)
ptolemy.util.test.WatchDog.cancel(): canceling Mon Sep 07 15:37:58 UTC 2020
------------------ testing $PTII/ptolemy/domains/de/test/auto/ResettableTimer5.xml
auto.tcl: Setting watchdog for 200 seconds at Mon Sep 07 15:37:58 UTC 2020
2 ms. Memory: 51200K Free: 32011K (63%)
ptolemy.util.test.WatchDog.cancel(): canceling Mon Sep 07 15:37:58 UTC 2020
auto.tcl: Setting watchdog for 200 seconds at Mon Sep 07 15:37:58 UTC 2020
1 ms. Memory: 51200K Free: 31523K (62%)
ptolemy.util.test.WatchDog.cancel(): canceling Mon Sep 07 15:37:58 UTC 2020
------------------ testing $PTII/ptolemy/domains/de/test/auto/ResettableTimer6.xml
auto.tcl: Setting watchdog for 200 seconds at Mon Sep 07 15:37:58 UTC 2020
2 ms. Memory: 51200K Free: 31996K (62%)
ptolemy.util.test.WatchDog.cancel(): canceling Mon Sep 07 15:37:58 UTC 2020
auto.tcl: Setting watchdog for 200 seconds at Mon Sep 07 15:37:58 UTC 2020
2 ms. Memory: 51200K Free: 31492K (62%)
ptolemy.util.test.WatchDog.cancel(): canceling Mon Sep 07 15:37:58 UTC 2020
------------------ testing $PTII/ptolemy/domains/de/test/auto/ServerZeroDelay.xml
auto.tcl: Setting watchdog for 200 seconds at Mon Sep 07 15:37:58 UTC 2020
3 ms. Memory: 51200K Free: 32507K (63%)
ptolemy.util.test.WatchDog.cancel(): canceling Mon Sep 07 15:37:58 UTC 2020
auto.tcl: Setting watchdog for 200 seconds at Mon Sep 07 15:37:58 UTC 2020
2 ms. Memory: 51200K Free: 31496K (62%)
ptolemy.util.test.WatchDog.cancel(): canceling Mon Sep 07 15:37:58 UTC 2020
------------------ testing $PTII/ptolemy/domains/de/test/auto/SmartSender.xml
auto.tcl: Setting watchdog for 200 seconds at Mon Sep 07 15:37:58 UTC 2020
3001 ms. Memory: 51200K Free: 32502K (63%)
ptolemy.util.test.WatchDog.cancel(): canceling Mon Sep 07 15:38:01 UTC 2020
auto.tcl: Setting watchdog for 200 seconds at Mon Sep 07 15:38:01 UTC 2020
3001 ms. Memory: 51200K Free: 32011K (63%)
ptolemy.util.test.WatchDog.cancel(): canceling Mon Sep 07 15:38:04 UTC 2020
------------------ testing $PTII/ptolemy/domains/de/test/auto/ThreadedComposite.xml
auto.tcl: Setting watchdog for 200 seconds at Mon Sep 07 15:38:04 UTC 2020
261 ms. Memory: 51200K Free: 10498K (21%)
ptolemy.util.test.WatchDog.cancel(): canceling Mon Sep 07 15:38:04 UTC 2020
auto.tcl: Setting watchdog for 200 seconds at Mon Sep 07 15:38:04 UTC 2020
129 ms. Memory: 51200K Free: 25900K (51%)
ptolemy.util.test.WatchDog.cancel(): canceling Mon Sep 07 15:38:04 UTC 2020
------------------ testing $PTII/ptolemy/domains/de/test/auto/Time.xml
auto.tcl: Setting watchdog for 200 seconds at Mon Sep 07 15:38:04 UTC 2020
481 ms. Memory: 51200K Free: 9785K (19%)
ptolemy.util.test.WatchDog.cancel(): canceling Mon Sep 07 15:38:05 UTC 2020
auto.tcl: Setting watchdog for 200 seconds at Mon Sep 07 15:38:05 UTC 2020
461 ms. Memory: 51200K Free: 16062K (31%)
ptolemy.util.test.WatchDog.cancel(): canceling Mon Sep 07 15:38:05 UTC 2020
------------------ testing $PTII/ptolemy/domains/de/test/auto/TimeDelayZeroDelay.xml
auto.tcl: Setting watchdog for 200 seconds at Mon Sep 07 15:38:05 UTC 2020
2 ms. Memory: 51200K Free: 32912K (64%)
ptolemy.util.test.WatchDog.cancel(): canceling Mon Sep 07 15:38:05 UTC 2020
auto.tcl: Setting watchdog for 200 seconds at Mon Sep 07 15:38:05 UTC 2020
1 ms. Memory: 51200K Free: 32015K (63%)
ptolemy.util.test.WatchDog.cancel(): canceling Mon Sep 07 15:38:05 UTC 2020
------------------ testing $PTII/ptolemy/domains/de/test/auto/TimerZeroDelay.xml
auto.tcl: Setting watchdog for 200 seconds at Mon Sep 07 15:38:05 UTC 2020
3 ms. Memory: 51200K Free: 32901K (64%)
ptolemy.util.test.WatchDog.cancel(): canceling Mon Sep 07 15:38:05 UTC 2020
auto.tcl: Setting watchdog for 200 seconds at Mon Sep 07 15:38:05 UTC 2020
2 ms. Memory: 51200K Free: 32475K (63%)
ptolemy.util.test.WatchDog.cancel(): canceling Mon Sep 07 15:38:05 UTC 2020
------------------ testing $PTII/ptolemy/domains/de/test/auto/TimingParadox.xml
auto.tcl: Setting watchdog for 200 seconds at Mon Sep 07 15:38:06 UTC 2020
332 ms. Memory: 62464K Free: 38978K (62%)
ptolemy.util.test.WatchDog.cancel(): canceling Mon Sep 07 15:38:06 UTC 2020
auto.tcl: Setting watchdog for 200 seconds at Mon Sep 07 15:38:06 UTC 2020
298 ms. Memory: 62464K Free: 37040K (59%)
ptolemy.util.test.WatchDog.cancel(): canceling Mon Sep 07 15:38:06 UTC 2020
------------------ testing $PTII/ptolemy/domains/de/test/auto/TransferInputs.xml
auto.tcl: Setting watchdog for 200 seconds at Mon Sep 07 15:38:06 UTC 2020
2 ms. Memory: 55296K Free: 35037K (63%)
ptolemy.util.test.WatchDog.cancel(): canceling Mon Sep 07 15:38:06 UTC 2020
auto.tcl: Setting watchdog for 200 seconds at Mon Sep 07 15:38:06 UTC 2020
2 ms. Memory: 55296K Free: 34124K (62%)
ptolemy.util.test.WatchDog.cancel(): canceling Mon Sep 07 15:38:06 UTC 2020
------------------ testing $PTII/ptolemy/domains/de/test/auto/TransferOutputs2.xml
auto.tcl: Setting watchdog for 200 seconds at Mon Sep 07 15:38:06 UTC 2020
3 ms. Memory: 55296K Free: 32479K (59%)
ptolemy.util.test.WatchDog.cancel(): canceling Mon Sep 07 15:38:06 UTC 2020
auto.tcl: Setting watchdog for 200 seconds at Mon Sep 07 15:38:06 UTC 2020
2 ms. Memory: 55296K Free: 31053K (56%)
ptolemy.util.test.WatchDog.cancel(): canceling Mon Sep 07 15:38:06 UTC 2020
------------------ testing $PTII/ptolemy/domains/de/test/auto/Trilateration.xml
auto.tcl: Setting watchdog for 200 seconds at Mon Sep 07 15:38:06 UTC 2020
11783 ms. Memory: 427008K Free: 164447K (39%)
ptolemy.util.test.WatchDog.cancel(): canceling Mon Sep 07 15:38:19 UTC 2020
auto.tcl: Setting watchdog for 200 seconds at Mon Sep 07 15:38:19 UTC 2020
8892 ms. Memory: 427008K Free: 339854K (80%)
ptolemy.util.test.WatchDog.cancel(): canceling Mon Sep 07 15:38:28 UTC 2020
------------------ testing $PTII/ptolemy/domains/de/test/auto/TwoSigmaDelta.xml
auto.tcl: Setting watchdog for 200 seconds at Mon Sep 07 15:38:28 UTC 2020
2201 ms. Memory: 92160K Free: 35256K (38%)
ptolemy.util.test.WatchDog.cancel(): canceling Mon Sep 07 15:38:31 UTC 2020
auto.tcl: Setting watchdog for 200 seconds at Mon Sep 07 15:38:31 UTC 2020
1829 ms. Memory: 92160K Free: 40351K (44%)
ptolemy.util.test.WatchDog.cancel(): canceling Mon Sep 07 15:38:32 UTC 2020
------------------ testing $PTII/ptolemy/domains/de/test/auto/VariableDelay.xml
auto.tcl: Setting watchdog for 200 seconds at Mon Sep 07 15:38:33 UTC 2020
2 ms. Memory: 55296K Free: 35531K (64%)
ptolemy.util.test.WatchDog.cancel(): canceling Mon Sep 07 15:38:33 UTC 2020
auto.tcl: Setting watchdog for 200 seconds at Mon Sep 07 15:38:33 UTC 2020
1 ms. Memory: 55296K Free: 34515K (62%)
ptolemy.util.test.WatchDog.cancel(): canceling Mon Sep 07 15:38:33 UTC 2020
------------------ testing $PTII/ptolemy/domains/de/test/auto/VariableDelay2.xml
auto.tcl: Setting watchdog for 200 seconds at Mon Sep 07 15:38:33 UTC 2020
2 ms. Memory: 51200K Free: 32025K (63%)
ptolemy.util.test.WatchDog.cancel(): canceling Mon Sep 07 15:38:33 UTC 2020
auto.tcl: Setting watchdog for 200 seconds at Mon Sep 07 15:38:33 UTC 2020
2 ms. Memory: 51200K Free: 31488K (62%)
ptolemy.util.test.WatchDog.cancel(): canceling Mon Sep 07 15:38:33 UTC 2020
------------------ testing $PTII/ptolemy/domains/de/test/auto/VariableDelayZeroDelay.xml
auto.tcl: Setting watchdog for 200 seconds at Mon Sep 07 15:38:33 UTC 2020
2 ms. Memory: 51200K Free: 32361K (63%)
ptolemy.util.test.WatchDog.cancel(): canceling Mon Sep 07 15:38:33 UTC 2020
auto.tcl: Setting watchdog for 200 seconds at Mon Sep 07 15:38:33 UTC 2020
2 ms. Memory: 51200K Free: 31840K (62%)
ptolemy.util.test.WatchDog.cancel(): canceling Mon Sep 07 15:38:33 UTC 2020
------------------ testing $PTII/ptolemy/domains/de/test/auto/VariableDelayZeroDelay2.xml
auto.tcl: Setting watchdog for 200 seconds at Mon Sep 07 15:38:33 UTC 2020
2 ms. Memory: 51200K Free: 32360K (63%)
ptolemy.util.test.WatchDog.cancel(): canceling Mon Sep 07 15:38:33 UTC 2020
auto.tcl: Setting watchdog for 200 seconds at Mon Sep 07 15:38:33 UTC 2020
1 ms. Memory: 51200K Free: 31384K (61%)
ptolemy.util.test.WatchDog.cancel(): canceling Mon Sep 07 15:38:33 UTC 2020
------------------ testing $PTII/ptolemy/domains/de/test/auto/deInCt.xml
auto.tcl: Setting watchdog for 200 seconds at Mon Sep 07 15:38:33 UTC 2020
0
1
1
1
1
1
1
0
0
0
0
1
1
1
1
0
0
0
1
1
1
1
1
1
15 ms. Memory: 51200K Free: 31333K (61%)
ptolemy.util.test.WatchDog.cancel(): canceling Mon Sep 07 15:38:33 UTC 2020
auto.tcl: Setting watchdog for 200 seconds at Mon Sep 07 15:38:33 UTC 2020
0
1
1
1
0
0
0
0
0
0
1
1
1
1
1
0
0
0
1
1
1
0
0
0
1
1
1
1
1
0
0
0
0
7 ms. Memory: 51200K Free: 29803K (58%)
ptolemy.util.test.WatchDog.cancel(): canceling Mon Sep 07 15:38:33 UTC 2020
------------------ testing $PTII/ptolemy/domains/de/test/auto/deInCt2.xml
auto.tcl: Setting watchdog for 200 seconds at Mon Sep 07 15:38:33 UTC 2020
0
1
1
1
0
0
1
1
1
0
0
1
1
1
0
0
1
1
1
0
0
1
1
1
0
0
1
1
1
0
0
1
1
1
0
0
1
1
1
0
0
0
10 ms. Memory: 51200K Free: 31334K (61%)
ptolemy.util.test.WatchDog.cancel(): canceling Mon Sep 07 15:38:33 UTC 2020
auto.tcl: Setting watchdog for 200 seconds at Mon Sep 07 15:38:33 UTC 2020
0
1
1
1
0
0
1
1
1
0
0
1
1
1
0
0
1
1
1
0
0
1
1
1
0
0
1
1
1
0
0
1
1
1
0
0
1
1
1
0
0
0
4 ms. Memory: 51200K Free: 29791K (58%)
ptolemy.util.test.WatchDog.cancel(): canceling Mon Sep 07 15:38:33 UTC 2020
------------------ testing $PTII/ptolemy/domains/de/test/auto/dynamicCausalityInterface1.xml
auto.tcl: Setting watchdog for 200 seconds at Mon Sep 07 15:38:33 UTC 2020
2 ms. Memory: 51200K Free: 27232K (53%)
ptolemy.util.test.WatchDog.cancel(): canceling Mon Sep 07 15:38:33 UTC 2020
auto.tcl: Setting watchdog for 200 seconds at Mon Sep 07 15:38:33 UTC 2020
0 ms. Memory: 51200K Free: 26743K (52%)
ptolemy.util.test.WatchDog.cancel(): canceling Mon Sep 07 15:38:33 UTC 2020
------------------ testing $PTII/ptolemy/domains/de/test/auto/fsm_de_test.xml
auto.tcl: Setting watchdog for 200 seconds at Mon Sep 07 15:38:33 UTC 2020
8 ms. Memory: 51200K Free: 27131K (53%)
ptolemy.util.test.WatchDog.cancel(): canceling Mon Sep 07 15:38:33 UTC 2020
auto.tcl: Setting watchdog for 200 seconds at Mon Sep 07 15:38:33 UTC 2020
6 ms. Memory: 51200K Free: 25116K (49%)
ptolemy.util.test.WatchDog.cancel(): canceling Mon Sep 07 15:38:33 UTC 2020
------------------ testing $PTII/ptolemy/domains/de/test/auto/functionDependencyReconstruction.xml
auto.tcl: Setting watchdog for 200 seconds at Mon Sep 07 15:38:33 UTC 2020
3 ms. Memory: 51200K Free: 20976K (41%)
ptolemy.util.test.WatchDog.cancel(): canceling Mon Sep 07 15:38:33 UTC 2020
auto.tcl: Setting watchdog for 200 seconds at Mon Sep 07 15:38:33 UTC 2020
3 ms. Memory: 51200K Free: 18928K (37%)
ptolemy.util.test.WatchDog.cancel(): canceling Mon Sep 07 15:38:33 UTC 2020
------------------ testing $PTII/ptolemy/domains/de/test/auto/multirate.xml
auto.tcl: Setting watchdog for 200 seconds at Mon Sep 07 15:38:33 UTC 2020
3 ms. Memory: 51200K Free: 29547K (58%)
ptolemy.util.test.WatchDog.cancel(): canceling Mon Sep 07 15:38:33 UTC 2020
auto.tcl: Setting watchdog for 200 seconds at Mon Sep 07 15:38:33 UTC 2020
2 ms. Memory: 51200K Free: 28027K (55%)
ptolemy.util.test.WatchDog.cancel(): canceling Mon Sep 07 15:38:33 UTC 2020
------------------ testing $PTII/ptolemy/domains/de/test/auto/multirate2.xml
auto.tcl: Setting watchdog for 200 seconds at Mon Sep 07 15:38:33 UTC 2020
2 ms. Memory: 51200K Free: 29728K (58%)
ptolemy.util.test.WatchDog.cancel(): canceling Mon Sep 07 15:38:33 UTC 2020
auto.tcl: Setting watchdog for 200 seconds at Mon Sep 07 15:38:33 UTC 2020
2 ms. Memory: 51200K Free: 28233K (55%)
ptolemy.util.test.WatchDog.cancel(): canceling Mon Sep 07 15:38:33 UTC 2020
------------------ testing $PTII/ptolemy/domains/de/test/auto/realtime.xml
auto.tcl: Setting watchdog for 200 seconds at Mon Sep 07 15:38:33 UTC 2020
10003 ms. Memory: 51200K Free: 31991K (62%)
ptolemy.util.test.WatchDog.cancel(): canceling Mon Sep 07 15:38:43 UTC 2020
auto.tcl: Setting watchdog for 200 seconds at Mon Sep 07 15:38:43 UTC 2020
10001 ms. Memory: 51200K Free: 31278K (61%)
ptolemy.util.test.WatchDog.cancel(): canceling Mon Sep 07 15:38:53 UTC 2020
------------------ testing $PTII/ptolemy/domains/de/test/auto/relationGroup.xml
auto.tcl: Setting watchdog for 200 seconds at Mon Sep 07 15:38:53 UTC 2020
2 ms. Memory: 51200K Free: 33053K (65%)
ptolemy.util.test.WatchDog.cancel(): canceling Mon Sep 07 15:38:53 UTC 2020
auto.tcl: Setting watchdog for 200 seconds at Mon Sep 07 15:38:53 UTC 2020
1 ms. Memory: 51200K Free: 32532K (64%)
ptolemy.util.test.WatchDog.cancel(): canceling Mon Sep 07 15:38:53 UTC 2020
------------------ testing $PTII/ptolemy/domains/de/test/auto/relationGroup2.xml
auto.tcl: Setting watchdog for 200 seconds at Mon Sep 07 15:38:53 UTC 2020
1 ms. Memory: 51200K Free: 32895K (64%)
ptolemy.util.test.WatchDog.cancel(): canceling Mon Sep 07 15:38:53 UTC 2020
auto.tcl: Setting watchdog for 200 seconds at Mon Sep 07 15:38:53 UTC 2020
1 ms. Memory: 51200K Free: 32385K (63%)
ptolemy.util.test.WatchDog.cancel(): canceling Mon Sep 07 15:38:53 UTC 2020
------------------ testing $PTII/ptolemy/domains/de/test/auto/sortWithOpaquePorts.xml
auto.tcl: Setting watchdog for 200 seconds at Mon Sep 07 15:38:53 UTC 2020
2 ms. Memory: 51200K Free: 31862K (62%)
ptolemy.util.test.WatchDog.cancel(): canceling Mon Sep 07 15:38:53 UTC 2020
auto.tcl: Setting watchdog for 200 seconds at Mon Sep 07 15:38:53 UTC 2020
2 ms. Memory: 51200K Free: 30841K (60%)
ptolemy.util.test.WatchDog.cancel(): canceling Mon Sep 07 15:38:53 UTC 2020
------------------ testing $PTII/ptolemy/domains/de/test/auto/transferInputsandOutputs.xml
auto.tcl: Setting watchdog for 200 seconds at Mon Sep 07 15:38:54 UTC 2020
4 ms. Memory: 51200K Free: 29301K (57%)
ptolemy.util.test.WatchDog.cancel(): canceling Mon Sep 07 15:38:54 UTC 2020
auto.tcl: Setting watchdog for 200 seconds at Mon Sep 07 15:38:54 UTC 2020
3 ms. Memory: 51200K Free: 28294K (55%)
ptolemy.util.test.WatchDog.cancel(): canceling Mon Sep 07 15:38:54 UTC 2020
------------------ testing $PTII/ptolemy/domains/de/test/auto/triggerType.xml
auto.tcl: Setting watchdog for 200 seconds at Mon Sep 07 15:38:54 UTC 2020
2 ms. Memory: 51200K Free: 32326K (63%)
ptolemy.util.test.WatchDog.cancel(): canceling Mon Sep 07 15:38:54 UTC 2020
auto.tcl: Setting watchdog for 200 seconds at Mon Sep 07 15:38:54 UTC 2020
1 ms. Memory: 51200K Free: 31302K (61%)
ptolemy.util.test.WatchDog.cancel(): canceling Mon Sep 07 15:38:54 UTC 2020
09/07/20 03:38:54
Failed: 0  Total Tests: 192  ((Passed: 187, Newly Passed: 1)  Known Failed: 5) /home/travis/build/icyphy/ptII/ptolemy/domains/de/test
09/07/20 03:38:54
Failed: 0  Total Tests: 192  ((Passed: 187, Newly Passed: 1)  Known Failed: 5) /home/travis/build/icyphy/ptII/ptolemy/domains/de/test
----------------- testing (KnownFailure) /home/travis/build/icyphy/ptII/ptolemy/domains/de/test/auto/knownFailedTests/DESDFClockTest.xml
2020 ms. Memory: 51200K Free: 25721K (50%)
Known Failure: java.lang.reflect.InvocationTargetException
----------------- testing (KnownFailure) /home/travis/build/icyphy/ptII/ptolemy/domains/de/test/auto/knownFailedTests/DirectFeedback.xml
2 ms. Memory: 51200K Free: 22139K (43%)
Known Failure: java.lang.reflect.InvocationTargetException
----------------- testing (KnownFailure) /home/travis/build/icyphy/ptII/ptolemy/domains/de/test/auto/knownFailedTests/FSMSource.xml
8 ms. Memory: 51200K Free: 14457K (28%)
----------------- testing (KnownFailure) /home/travis/build/icyphy/ptII/ptolemy/domains/de/test/auto/knownFailedTests/HierarchicalModel.xml
3 ms. Memory: 51200K Free: 26763K (52%)
Known Failure: java.lang.reflect.InvocationTargetException
----------------- testing (KnownFailure) /home/travis/build/icyphy/ptII/ptolemy/domains/de/test/auto/knownFailedTests/dependencyLoop.xml
2 ms. Memory: 51200K Free: 11524K (23%)
Known Failure: java.lang.reflect.InvocationTargetException
----------------- testing (KnownFailure) /home/travis/build/icyphy/ptII/ptolemy/domains/de/test/auto/knownFailedTests/dependencyLoop2.xml
7 ms. Memory: 51200K Free: 24035K (47%)
Known Failure: java.lang.reflect.InvocationTargetException
No auto/linux-amd64/*.xml tests in /home/travis/build/icyphy/ptII/ptolemy/domains/de/test
AutoTests.java: About to close Vertx.
AutoTests.java: Vertx closed.

===========================================================================================
----------------- testing Mon Sep 07 15:38:56 UTC 2020 /home/travis/build/icyphy/ptII/ptolemy/domains/de/test/auto/ActorDepthCalculation_actorWithoutPorts.xml
----------------- Instantiating /home/travis/build/icyphy/ptII/ptolemy/domains/de/test/auto/ActorDepthCalculation_actorWithoutPorts.xml
1 ms. Memory: 51200K Free: 17192K (34%)
----------------- Invoking toplevel() on ptolemy.moml.MoMLSimpleApplication@3df19c17
----------------- Done invoking toplevel() on ptolemy.moml.MoMLSimpleApplication@3df19c17
reloadAllAccessors: .ActorDepthCalculation_actorWithoutPorts

===========================================================================================
----------------- testing Mon Sep 07 15:38:56 UTC 2020 /home/travis/build/icyphy/ptII/ptolemy/domains/de/test/auto/AssemblyLine.xml
----------------- Instantiating /home/travis/build/icyphy/ptII/ptolemy/domains/de/test/auto/AssemblyLine.xml
2 ms. Memory: 51200K Free: 10062K (20%)
----------------- Invoking toplevel() on ptolemy.moml.MoMLSimpleApplication@195cee8f
----------------- Done invoking toplevel() on ptolemy.moml.MoMLSimpleApplication@195cee8f
reloadAllAccessors: .AssemblyLine

===========================================================================================
----------------- testing Mon Sep 07 15:38:56 UTC 2020 /home/travis/build/icyphy/ptII/ptolemy/domains/de/test/auto/CQBug1.xml
----------------- Instantiating /home/travis/build/icyphy/ptII/ptolemy/domains/de/test/auto/CQBug1.xml
1 ms. Memory: 51200K Free: 34848K (68%)
----------------- Invoking toplevel() on ptolemy.moml.MoMLSimpleApplication@748b30f5
----------------- Done invoking toplevel() on ptolemy.moml.MoMLSimpleApplication@748b30f5
reloadAllAccessors: .CQBug1

===========================================================================================
----------------- testing Mon Sep 07 15:38:56 UTC 2020 /home/travis/build/icyphy/ptII/ptolemy/domains/de/test/auto/CancelFireAt.xml
----------------- Instantiating /home/travis/build/icyphy/ptII/ptolemy/domains/de/test/auto/CancelFireAt.xml
13 ms. Memory: 51200K Free: 32217K (63%)
----------------- Invoking toplevel() on ptolemy.moml.MoMLSimpleApplication@15ebfc72
----------------- Done invoking toplevel() on ptolemy.moml.MoMLSimpleApplication@15ebfc72
reloadAllAccessors: .CancelFireAt

===========================================================================================
----------------- testing Mon Sep 07 15:38:56 UTC 2020 /home/travis/build/icyphy/ptII/ptolemy/domains/de/test/auto/CausalityAndComposabilityAnalysis.xml
----------------- Instantiating /home/travis/build/icyphy/ptII/ptolemy/domains/de/test/auto/CausalityAndComposabilityAnalysis.xml
1 ms. Memory: 51200K Free: 28072K (55%)
----------------- Invoking toplevel() on ptolemy.moml.MoMLSimpleApplication@70eb7eef
----------------- Done invoking toplevel() on ptolemy.moml.MoMLSimpleApplication@70eb7eef
reloadAllAccessors: .CausalityAndComposabilityAnalysis

===========================================================================================
----------------- testing Mon Sep 07 15:38:56 UTC 2020 /home/travis/build/icyphy/ptII/ptolemy/domains/de/test/auto/CausalityInterface1.xml
----------------- Instantiating /home/travis/build/icyphy/ptII/ptolemy/domains/de/test/auto/CausalityInterface1.xml
5 ms. Memory: 51200K Free: 22985K (45%)
----------------- Invoking toplevel() on ptolemy.moml.MoMLSimpleApplication@35d95039
----------------- Done invoking toplevel() on ptolemy.moml.MoMLSimpleApplication@35d95039
reloadAllAccessors: .CausalityInterface1

===========================================================================================
----------------- testing Mon Sep 07 15:38:56 UTC 2020 /home/travis/build/icyphy/ptII/ptolemy/domains/de/test/auto/CausalityInterface15.xml
----------------- Instantiating /home/travis/build/icyphy/ptII/ptolemy/domains/de/test/auto/CausalityInterface15.xml
1 ms. Memory: 51200K Free: 17425K (34%)
----------------- Invoking toplevel() on ptolemy.moml.MoMLSimpleApplication@2edca4b0
----------------- Done invoking toplevel() on ptolemy.moml.MoMLSimpleApplication@2edca4b0
reloadAllAccessors: .CausalityInterface15

===========================================================================================
----------------- testing Mon Sep 07 15:38:56 UTC 2020 /home/travis/build/icyphy/ptII/ptolemy/domains/de/test/auto/CausalityInterface2.xml
----------------- Instantiating /home/travis/build/icyphy/ptII/ptolemy/domains/de/test/auto/CausalityInterface2.xml
1 ms. Memory: 51200K Free: 12767K (25%)
----------------- Invoking toplevel() on ptolemy.moml.MoMLSimpleApplication@1f20282b
[...]
	at ptolemy.actor.Manager.run(Manager.java:1263)
	at ptolemy.actor.Manager$PtolemyRunThread.run(Manager.java:1933)
java.lang.RuntimeException: Execution failed
	at ptolemy.moml.MoMLSimpleApplication$UnloadThread.run(MoMLSimpleApplication.java:402)
Caused by: ptolemy.kernel.util.IllegalActionException: Actor is not ready to fire.  Perhaps UpSample.prefire() returned false? Try debugging the actor by selecting "Listen to Actor".  Also, for SDF check moml for tokenConsumptionRate on input.
  in .DESDFClockTest.Play Bell.Copy1:SDF Director and .DESDFClockTest.Play Bell.UpSample
	at ptolemy.actor.sched.StaticSchedulingDirector.fire(StaticSchedulingDirector.java:227)
	at ptolemy.domains.sdf.kernel.SDFDirector.fire(SDFDirector.java:500)
	at ptolemy.actor.CompositeActor.fire(CompositeActor.java:455)
	at ptolemy.domains.de.kernel.DEDirector._fire(DEDirector.java:1949)
	at ptolemy.domains.de.kernel.DEDirector.fire(DEDirector.java:502)
	at ptolemy.actor.CompositeActor.fire(CompositeActor.java:455)
	at ptolemy.actor.Manager.iterate(Manager.java:851)
	at ptolemy.actor.Manager.execute(Manager.java:369)
	at ptolemy.actor.Manager.run(Manager.java:1263)
	at ptolemy.actor.Manager$PtolemyRunThread.run(Manager.java:1933)
java.lang.reflect.InvocationTargetException
	at java.base/jdk.internal.reflect.NativeConstructorAccessorImpl.newInstance0(Native Method)
	at java.base/jdk.internal.reflect.NativeConstructorAccessorImpl.newInstance(NativeConstructorAccessorImpl.java:62)
	at java.base/jdk.internal.reflect.DelegatingConstructorAccessorImpl.newInstance(DelegatingConstructorAccessorImpl.java:45)
	at java.base/java.lang.reflect.Constructor.newInstance(Constructor.java:490)
	at ptolemy.util.test.junit.AutoKnownFailedTests.RunModel(AutoKnownFailedTests.java:105)
	at java.base/jdk.internal.reflect.NativeMethodAccessorImpl.invoke0(Native Method)
	at java.base/jdk.internal.reflect.NativeMethodAccessorImpl.invoke(NativeMethodAccessorImpl.java:62)
	at java.base/jdk.internal.reflect.DelegatingMethodAccessorImpl.invoke(DelegatingMethodAccessorImpl.java:43)
	at java.base/java.lang.reflect.Method.invoke(Method.java:566)
	at org.junit.runners.model.FrameworkMethod$1.runReflectiveCall(FrameworkMethod.java:44)
	at org.junit.internal.runners.model.ReflectiveCallable.run(ReflectiveCallable.java:15)
	at org.junit.runners.model.FrameworkMethod.invokeExplosively(FrameworkMethod.java:41)
	at junitparams.internal.InvokeParameterisedMethod.evaluate(InvokeParameterisedMethod.java:102)
	at org.junit.internal.runners.statements.FailOnTimeout$1.run(FailOnTimeout.java:28)
Caused by: ptolemy.kernel.util.IllegalActionException: Actor is not ready to fire.  Perhaps UpSample.prefire() returned false? Try debugging the actor by selecting "Listen to Actor".  Also, for SDF check moml for tokenConsumptionRate on input.
  in .DESDFClockTest.Play Bell.Copy1:SDF Director and .DESDFClockTest.Play Bell.UpSample
	at ptolemy.actor.sched.StaticSchedulingDirector.fire(StaticSchedulingDirector.java:227)
	at ptolemy.domains.sdf.kernel.SDFDirector.fire(SDFDirector.java:500)
	at ptolemy.actor.CompositeActor.fire(CompositeActor.java:455)
	at ptolemy.domains.de.kernel.DEDirector._fire(DEDirector.java:1949)
	at ptolemy.domains.de.kernel.DEDirector.fire(DEDirector.java:502)
	at ptolemy.actor.CompositeActor.fire(CompositeActor.java:455)
	at ptolemy.actor.Manager.iterate(Manager.java:851)
	at ptolemy.actor.Manager.execute(Manager.java:369)
	at ptolemy.actor.Manager.run(Manager.java:1263)
	at ptolemy.actor.Manager$PtolemyRunThread.run(Manager.java:1933)
java.lang.RuntimeException: Execution failed
	at ptolemy.moml.MoMLSimpleApplication$UnloadThread.run(MoMLSimpleApplication.java:402)
Caused by: ptolemy.kernel.util.IllegalActionException: Test fails in iteration 1.
Value was: 1.0. Should have been: 2.0
  in .DirectFeedback.Test
	at ptolemy.actor.lib.Test.fire(Test.java:268)
	at ptolemy.domains.de.kernel.DEDirector._fire(DEDirector.java:1949)
	at ptolemy.domains.de.kernel.DEDirector.fire(DEDirector.java:502)
	at ptolemy.actor.CompositeActor.fire(CompositeActor.java:455)
	at ptolemy.actor.Manager.iterate(Manager.java:851)
	at ptolemy.actor.Manager.execute(Manager.java:369)
	at ptolemy.actor.Manager.run(Manager.java:1263)
	at ptolemy.actor.Manager$PtolemyRunThread.run(Manager.java:1933)
java.lang.reflect.InvocationTargetException
	at java.base/jdk.internal.reflect.NativeConstructorAccessorImpl.newInstance0(Native Method)
	at java.base/jdk.internal.reflect.NativeConstructorAccessorImpl.newInstance(NativeConstructorAccessorImpl.java:62)
	at java.base/jdk.internal.reflect.DelegatingConstructorAccessorImpl.newInstance(DelegatingConstructorAccessorImpl.java:45)
	at java.base/java.lang.reflect.Constructor.newInstance(Constructor.java:490)
	at ptolemy.util.test.junit.AutoKnownFailedTests.RunModel(AutoKnownFailedTests.java:105)
	at java.base/jdk.internal.reflect.NativeMethodAccessorImpl.invoke0(Native Method)
	at java.base/jdk.internal.reflect.NativeMethodAccessorImpl.invoke(NativeMethodAccessorImpl.java:62)
	at java.base/jdk.internal.reflect.DelegatingMethodAccessorImpl.invoke(DelegatingMethodAccessorImpl.java:43)
	at java.base/java.lang.reflect.Method.invoke(Method.java:566)
	at org.junit.runners.model.FrameworkMethod$1.runReflectiveCall(FrameworkMethod.java:44)
	at org.junit.internal.runners.model.ReflectiveCallable.run(ReflectiveCallable.java:15)
	at org.junit.runners.model.FrameworkMethod.invokeExplosively(FrameworkMethod.java:41)
	at junitparams.internal.InvokeParameterisedMethod.evaluate(InvokeParameterisedMethod.java:102)
	at org.junit.internal.runners.statements.FailOnTimeout$1.run(FailOnTimeout.java:28)
Caused by: ptolemy.kernel.util.IllegalActionException: Test fails in iteration 1.
Value was: 1.0. Should have been: 2.0
  in .DirectFeedback.Test
	at ptolemy.actor.lib.Test.fire(Test.java:268)
	at ptolemy.domains.de.kernel.DEDirector._fire(DEDirector.java:1949)
	at ptolemy.domains.de.kernel.DEDirector.fire(DEDirector.java:502)
	at ptolemy.actor.CompositeActor.fire(CompositeActor.java:455)
	at ptolemy.actor.Manager.iterate(Manager.java:851)
	at ptolemy.actor.Manager.execute(Manager.java:369)
	at ptolemy.actor.Manager.run(Manager.java:1263)
	at ptolemy.actor.Manager$PtolemyRunThread.run(Manager.java:1933)
java.lang.RuntimeException: Execution failed
	at ptolemy.moml.MoMLSimpleApplication$UnloadThread.run(MoMLSimpleApplication.java:402)
Caused by: ptolemy.kernel.util.IllegalActionException: Found a zero delay loop containing .HierarchicalModel.A
  in .HierarchicalModel and .HierarchicalModel.A
	at ptolemy.actor.util.CausalityInterfaceForComposites._computeOutputPortDepth(CausalityInterfaceForComposites.java:759)
	at ptolemy.actor.util.CausalityInterfaceForComposites._computeInputDepth(CausalityInterfaceForComposites.java:696)
	at ptolemy.actor.util.CausalityInterfaceForComposites._computeOutputPortDepth(CausalityInterfaceForComposites.java:765)
	at ptolemy.actor.util.CausalityInterfaceForComposites._computeInputDepth(CausalityInterfaceForComposites.java:696)
	at ptolemy.actor.util.CausalityInterfaceForComposites._computeOutputPortDepth(CausalityInterfaceForComposites.java:765)
	at ptolemy.actor.util.CausalityInterfaceForComposites._computeInputDepth(CausalityInterfaceForComposites.java:696)
	at ptolemy.actor.util.CausalityInterfaceForComposites._computeActorDepth(CausalityInterfaceForComposites.java:532)
	at ptolemy.actor.util.CausalityInterfaceForComposites.checkForCycles(CausalityInterfaceForComposites.java:96)
	at ptolemy.domains.de.kernel.DEDirector.preinitialize(DEDirector.java:1338)
	at ptolemy.actor.CompositeActor.preinitialize(CompositeActor.java:1828)
	at ptolemy.actor.Manager.preinitializeAndResolveTypes(Manager.java:1040)
	at ptolemy.actor.Manager.initialize(Manager.java:710)
	at ptolemy.actor.Manager.execute(Manager.java:356)
	at ptolemy.actor.Manager.run(Manager.java:1263)
	at ptolemy.actor.Manager$PtolemyRunThread.run(Manager.java:1933)
java.lang.reflect.InvocationTargetException
	at java.base/jdk.internal.reflect.NativeConstructorAccessorImpl.newInstance0(Native Method)
	at java.base/jdk.internal.reflect.NativeConstructorAccessorImpl.newInstance(NativeConstructorAccessorImpl.java:62)
	at java.base/jdk.internal.reflect.DelegatingConstructorAccessorImpl.newInstance(DelegatingConstructorAccessorImpl.java:45)
	at java.base/java.lang.reflect.Constructor.newInstance(Constructor.java:490)
	at ptolemy.util.test.junit.AutoKnownFailedTests.RunModel(AutoKnownFailedTests.java:105)
	at java.base/jdk.internal.reflect.NativeMethodAccessorImpl.invoke0(Native Method)
	at java.base/jdk.internal.reflect.NativeMethodAccessorImpl.invoke(NativeMethodAccessorImpl.java:62)
	at java.base/jdk.internal.reflect.DelegatingMethodAccessorImpl.invoke(DelegatingMethodAccessorImpl.java:43)
	at java.base/java.lang.reflect.Method.invoke(Method.java:566)
	at org.junit.runners.model.FrameworkMethod$1.runReflectiveCall(FrameworkMethod.java:44)
	at org.junit.internal.runners.model.ReflectiveCallable.run(ReflectiveCallable.java:15)
	at org.junit.runners.model.FrameworkMethod.invokeExplosively(FrameworkMethod.java:41)
	at junitparams.internal.InvokeParameterisedMethod.evaluate(InvokeParameterisedMethod.java:102)
	at org.junit.internal.runners.statements.FailOnTimeout$1.run(FailOnTimeout.java:28)
Caused by: ptolemy.kernel.util.IllegalActionException: Found a zero delay loop containing .HierarchicalModel.A
  in .HierarchicalModel and .HierarchicalModel.A
	at ptolemy.actor.util.CausalityInterfaceForComposites._computeOutputPortDepth(CausalityInterfaceForComposites.java:759)
	at ptolemy.actor.util.CausalityInterfaceForComposites._computeInputDepth(CausalityInterfaceForComposites.java:696)
	at ptolemy.actor.util.CausalityInterfaceForComposites._computeOutputPortDepth(CausalityInterfaceForComposites.java:765)
	at ptolemy.actor.util.CausalityInterfaceForComposites._computeInputDepth(CausalityInterfaceForComposites.java:696)
	at ptolemy.actor.util.CausalityInterfaceForComposites._computeOutputPortDepth(CausalityInterfaceForComposites.java:765)
	at ptolemy.actor.util.CausalityInterfaceForComposites._computeInputDepth(CausalityInterfaceForComposites.java:696)
	at ptolemy.actor.util.CausalityInterfaceForComposites._computeActorDepth(CausalityInterfaceForComposites.java:532)
	at ptolemy.actor.util.CausalityInterfaceForComposites.checkForCycles(CausalityInterfaceForComposites.java:96)
	at ptolemy.domains.de.kernel.DEDirector.preinitialize(DEDirector.java:1338)
	at ptolemy.actor.CompositeActor.preinitialize(CompositeActor.java:1828)
	at ptolemy.actor.Manager.preinitializeAndResolveTypes(Manager.java:1040)
	at ptolemy.actor.Manager.initialize(Manager.java:710)
	at ptolemy.actor.Manager.execute(Manager.java:356)
	at ptolemy.actor.Manager.run(Manager.java:1263)
	at ptolemy.actor.Manager$PtolemyRunThread.run(Manager.java:1933)
java.lang.RuntimeException: Execution failed
	at ptolemy.moml.MoMLSimpleApplication$UnloadThread.run(MoMLSimpleApplication.java:402)
Caused by: ptolemy.kernel.util.IllegalActionException: Found a zero delay loop containing .dependencyLoop.original
  in .dependencyLoop and .dependencyLoop.original
	at ptolemy.actor.util.CausalityInterfaceForComposites._computeOutputPortDepth(CausalityInterfaceForComposites.java:759)
	at ptolemy.actor.util.CausalityInterfaceForComposites._computeInputDepth(CausalityInterfaceForComposites.java:696)
	at ptolemy.actor.util.CausalityInterfaceForComposites._computeOutputPortDepth(CausalityInterfaceForComposites.java:765)
	at ptolemy.actor.util.CausalityInterfaceForComposites._computeInputDepth(CausalityInterfaceForComposites.java:696)
	at ptolemy.actor.util.CausalityInterfaceForComposites._computeOutputPortDepth(CausalityInterfaceForComposites.java:765)
	at ptolemy.actor.util.CausalityInterfaceForComposites._computeInputDepth(CausalityInterfaceForComposites.java:696)
	at ptolemy.actor.util.CausalityInterfaceForComposites._computeActorDepth(CausalityInterfaceForComposites.java:532)
	at ptolemy.actor.util.CausalityInterfaceForComposites.checkForCycles(CausalityInterfaceForComposites.java:96)
	at ptolemy.domains.de.kernel.DEDirector.preinitialize(DEDirector.java:1338)
	at ptolemy.actor.CompositeActor.preinitialize(CompositeActor.java:1828)
	at ptolemy.actor.Manager.preinitializeAndResolveTypes(Manager.java:1040)
	at ptolemy.actor.Manager.initialize(Manager.java:710)
	at ptolemy.actor.Manager.execute(Manager.java:356)
	at ptolemy.actor.Manager.run(Manager.java:1263)
	at ptolemy.actor.Manager$PtolemyRunThread.run(Manager.java:1933)
java.lang.reflect.InvocationTargetException
	at java.base/jdk.internal.reflect.NativeConstructorAccessorImpl.newInstance0(Native Method)
	at java.base/jdk.internal.reflect.NativeConstructorAccessorImpl.newInstance(NativeConstructorAccessorImpl.java:62)
	at java.base/jdk.internal.reflect.DelegatingConstructorAccessorImpl.newInstance(DelegatingConstructorAccessorImpl.java:45)
	at java.base/java.lang.reflect.Constructor.newInstance(Constructor.java:490)
	at ptolemy.util.test.junit.AutoKnownFailedTests.RunModel(AutoKnownFailedTests.java:105)
	at java.base/jdk.internal.reflect.NativeMethodAccessorImpl.invoke0(Native Method)
	at java.base/jdk.internal.reflect.NativeMethodAccessorImpl.invoke(NativeMethodAccessorImpl.java:62)
	at java.base/jdk.internal.reflect.DelegatingMethodAccessorImpl.invoke(DelegatingMethodAccessorImpl.java:43)
	at java.base/java.lang.reflect.Method.invoke(Method.java:566)
	at org.junit.runners.model.FrameworkMethod$1.runReflectiveCall(FrameworkMethod.java:44)
	at org.junit.internal.runners.model.ReflectiveCallable.run(ReflectiveCallable.java:15)
	at org.junit.runners.model.FrameworkMethod.invokeExplosively(FrameworkMethod.java:41)
	at junitparams.internal.InvokeParameterisedMethod.evaluate(InvokeParameterisedMethod.java:102)
	at org.junit.internal.runners.statements.FailOnTimeout$1.run(FailOnTimeout.java:28)
Caused by: ptolemy.kernel.util.IllegalActionException: Found a zero delay loop containing .dependencyLoop.original
  in .dependencyLoop and .dependencyLoop.original
	at ptolemy.actor.util.CausalityInterfaceForComposites._computeOutputPortDepth(CausalityInterfaceForComposites.java:759)
	at ptolemy.actor.util.CausalityInterfaceForComposites._computeInputDepth(CausalityInterfaceForComposites.java:696)
	at ptolemy.actor.util.CausalityInterfaceForComposites._computeOutputPortDepth(CausalityInterfaceForComposites.java:765)
	at ptolemy.actor.util.CausalityInterfaceForComposites._computeInputDepth(CausalityInterfaceForComposites.java:696)
	at ptolemy.actor.util.CausalityInterfaceForComposites._computeOutputPortDepth(CausalityInterfaceForComposites.java:765)
	at ptolemy.actor.util.CausalityInterfaceForComposites._computeInputDepth(CausalityInterfaceForComposites.java:696)
	at ptolemy.actor.util.CausalityInterfaceForComposites._computeActorDepth(CausalityInterfaceForComposites.java:532)
	at ptolemy.actor.util.CausalityInterfaceForComposites.checkForCycles(CausalityInterfaceForComposites.java:96)
	at ptolemy.domains.de.kernel.DEDirector.preinitialize(DEDirector.java:1338)
	at ptolemy.actor.CompositeActor.preinitialize(CompositeActor.java:1828)
	at ptolemy.actor.Manager.preinitializeAndResolveTypes(Manager.java:1040)
	at ptolemy.actor.Manager.initialize(Manager.java:710)
	at ptolemy.actor.Manager.execute(Manager.java:356)
	at ptolemy.actor.Manager.run(Manager.java:1263)
	at ptolemy.actor.Manager$PtolemyRunThread.run(Manager.java:1933)
java.lang.RuntimeException: Execution failed
	at ptolemy.moml.MoMLSimpleApplication$UnloadThread.run(MoMLSimpleApplication.java:402)
Caused by: ptolemy.kernel.util.IllegalActionException: Found a zero delay loop containing .dependencyLoop2.original
  in .dependencyLoop2 and .dependencyLoop2.original
	at ptolemy.actor.util.CausalityInterfaceForComposites._computeOutputPortDepth(CausalityInterfaceForComposites.java:759)
	at ptolemy.actor.util.CausalityInterfaceForComposites._computeInputDepth(CausalityInterfaceForComposites.java:696)
	at ptolemy.actor.util.CausalityInterfaceForComposites._computeOutputPortDepth(CausalityInterfaceForComposites.java:765)
	at ptolemy.actor.util.CausalityInterfaceForComposites._computeInputDepth(CausalityInterfaceForComposites.java:696)
	at ptolemy.actor.util.CausalityInterfaceForComposites._computeOutputPortDepth(CausalityInterfaceForComposites.java:765)
	at ptolemy.actor.util.CausalityInterfaceForComposites._computeInputDepth(CausalityInterfaceForComposites.java:696)
	at ptolemy.actor.util.CausalityInterfaceForComposites._computeActorDepth(CausalityInterfaceForComposites.java:532)
	at ptolemy.actor.util.CausalityInterfaceForComposites.checkForCycles(CausalityInterfaceForComposites.java:96)
	at ptolemy.domains.de.kernel.DEDirector.preinitialize(DEDirector.java:1338)
	at ptolemy.actor.CompositeActor.preinitialize(CompositeActor.java:1828)
	at ptolemy.actor.Manager.preinitializeAndResolveTypes(Manager.java:1040)
	at ptolemy.actor.Manager.initialize(Manager.java:710)
	at ptolemy.actor.Manager.execute(Manager.java:356)
	at ptolemy.actor.Manager.run(Manager.java:1263)
	at ptolemy.actor.Manager$PtolemyRunThread.run(Manager.java:1933)
java.lang.reflect.InvocationTargetException
	at java.base/jdk.internal.reflect.NativeConstructorAccessorImpl.newInstance0(Native Method)
	at java.base/jdk.internal.reflect.NativeConstructorAccessorImpl.newInstance(NativeConstructorAccessorImpl.java:62)
	at java.base/jdk.internal.reflect.DelegatingConstructorAccessorImpl.newInstance(DelegatingConstructorAccessorImpl.java:45)
	at java.base/java.lang.reflect.Constructor.newInstance(Constructor.java:490)
	at ptolemy.util.test.junit.AutoKnownFailedTests.RunModel(AutoKnownFailedTests.java:105)
	at java.base/jdk.internal.reflect.NativeMethodAccessorImpl.invoke0(Native Method)
	at java.base/jdk.internal.reflect.NativeMethodAccessorImpl.invoke(NativeMethodAccessorImpl.java:62)
	at java.base/jdk.internal.reflect.DelegatingMethodAccessorImpl.invoke(DelegatingMethodAccessorImpl.java:43)
	at java.base/java.lang.reflect.Method.invoke(Method.java:566)
	at org.junit.runners.model.FrameworkMethod$1.runReflectiveCall(FrameworkMethod.java:44)
	at org.junit.internal.runners.model.ReflectiveCallable.run(ReflectiveCallable.java:15)
	at org.junit.runners.model.FrameworkMethod.invokeExplosively(FrameworkMethod.java:41)
	at junitparams.internal.InvokeParameterisedMethod.evaluate(InvokeParameterisedMethod.java:102)
	at org.junit.internal.runners.statements.FailOnTimeout$1.run(FailOnTimeout.java:28)
Caused by: ptolemy.kernel.util.IllegalActionException: Found a zero delay loop containing .dependencyLoop2.original
  in .dependencyLoop2 and .dependencyLoop2.original
	at ptolemy.actor.util.CausalityInterfaceForComposites._computeOutputPortDepth(CausalityInterfaceForComposites.java:759)
	at ptolemy.actor.util.CausalityInterfaceForComposites._computeInputDepth(CausalityInterfaceForComposites.java:696)
	at ptolemy.actor.util.CausalityInterfaceForComposites._computeOutputPortDepth(CausalityInterfaceForComposites.java:765)
	at ptolemy.actor.util.CausalityInterfaceForComposites._computeInputDepth(CausalityInterfaceForComposites.java:696)
	at ptolemy.actor.util.CausalityInterfaceForComposites._computeOutputPortDepth(CausalityInterfaceForComposites.java:765)
	at ptolemy.actor.util.CausalityInterfaceForComposites._computeInputDepth(CausalityInterfaceForComposites.java:696)
	at ptolemy.actor.util.CausalityInterfaceForComposites._computeActorDepth(CausalityInterfaceForComposites.java:532)
	at ptolemy.actor.util.CausalityInterfaceForComposites.checkForCycles(CausalityInterfaceForComposites.java:96)
	at ptolemy.domains.de.kernel.DEDirector.preinitialize(DEDirector.java:1338)
	at ptolemy.actor.CompositeActor.preinitialize(CompositeActor.java:1828)
	at ptolemy.actor.Manager.preinitializeAndResolveTypes(Manager.java:1040)
	at ptolemy.actor.Manager.initialize(Manager.java:710)
	at ptolemy.actor.Manager.execute(Manager.java:356)
	at ptolemy.actor.Manager.run(Manager.java:1263)
	at ptolemy.actor.Manager$PtolemyRunThread.run(Manager.java:1933)
]]></system-err>
</testsuite>
