<?xml version="1.0" encoding="UTF-8" ?>
<testsuite errors="0" failures="0" hostname="travis-job-6b48bc4f-f152-4ad9-992c-b59bb3b0de04" name="ptolemy.domains.de.test.junit.JUnitTclTest" skipped="0" tests="101" time="133.674" timestamp="2018-08-13T01:59:13">
  <properties>
[...]
</properties>
  <testcase classname="ptolemy.util.test.junit.TclTests" name="[0] /home/travis/build/icyphy/ptII/ptolemy/domains/de/test/DependencyLoop.tcl (RunTclFile)" time="0.874" />
  <testcase classname="ptolemy.util.test.junit.TclTests" name="[1] /home/travis/build/icyphy/ptII/ptolemy/domains/de/test/RunDETestsAsQSS.tcl (RunTclFile)" time="91.139" />
  <testcase classname="ptolemy.util.test.junit.AutoKnownFailedTests" name="[0] /home/travis/build/icyphy/ptII/ptolemy/domains/de/test/auto/knownFailedTests/DESDFClockTest.xml (RunModel)" time="2.035" />
  <testcase classname="ptolemy.util.test.junit.AutoKnownFailedTests" name="[1] /home/travis/build/icyphy/ptII/ptolemy/domains/de/test/auto/knownFailedTests/DirectFeedback.xml (RunModel)" time="0.02" />
  <testcase classname="ptolemy.util.test.junit.AutoKnownFailedTests" name="[2] /home/travis/build/icyphy/ptII/ptolemy/domains/de/test/auto/knownFailedTests/FSMSource.xml (RunModel)" time="0.032" />
  <testcase classname="ptolemy.util.test.junit.AutoKnownFailedTests" name="[3] /home/travis/build/icyphy/ptII/ptolemy/domains/de/test/auto/knownFailedTests/HierarchicalModel.xml (RunModel)" time="0.05" />
  <testcase classname="ptolemy.util.test.junit.AutoKnownFailedTests" name="[4] /home/travis/build/icyphy/ptII/ptolemy/domains/de/test/auto/knownFailedTests/dependencyLoop.xml (RunModel)" time="0.049" />
  <testcase classname="ptolemy.util.test.junit.AutoKnownFailedTests" name="[5] /home/travis/build/icyphy/ptII/ptolemy/domains/de/test/auto/knownFailedTests/dependencyLoop2.xml (RunModel)" time="0.046" />
  <testcase classname="ptolemy.util.test.junit.AutoNameArchTests" name="[0] ThereAreNoAutoArchTests (RunModel)" time="0.001" />
  <testcase classname="ptolemy.util.test.junit.AutoTests" name="[0] /home/travis/build/icyphy/ptII/ptolemy/domains/de/test/auto/ActorDepthCalculation_actorWithoutPorts.xml (RunModel)" time="0.016" />
  <testcase classname="ptolemy.util.test.junit.AutoTests" name="[1] /home/travis/build/icyphy/ptII/ptolemy/domains/de/test/auto/AssemblyLine.xml (RunModel)" time="0.022" />
  <testcase classname="ptolemy.util.test.junit.AutoTests" name="[2] /home/travis/build/icyphy/ptII/ptolemy/domains/de/test/auto/CQBug1.xml (RunModel)" time="0.014" />
  <testcase classname="ptolemy.util.test.junit.AutoTests" name="[3] /home/travis/build/icyphy/ptII/ptolemy/domains/de/test/auto/CancelFireAt.xml (RunModel)" time="0.012" />
  <testcase classname="ptolemy.util.test.junit.AutoTests" name="[4] /home/travis/build/icyphy/ptII/ptolemy/domains/de/test/auto/CausalityAndComposabilityAnalysis.xml (RunModel)" time="0.013" />
  <testcase classname="ptolemy.util.test.junit.AutoTests" name="[5] /home/travis/build/icyphy/ptII/ptolemy/domains/de/test/auto/CausalityInterface1.xml (RunModel)" time="0.014" />
  <testcase classname="ptolemy.util.test.junit.AutoTests" name="[6] /home/travis/build/icyphy/ptII/ptolemy/domains/de/test/auto/CausalityInterface15.xml (RunModel)" time="0.014" />
  <testcase classname="ptolemy.util.test.junit.AutoTests" name="[7] /home/travis/build/icyphy/ptII/ptolemy/domains/de/test/auto/CausalityInterface2.xml (RunModel)" time="0.012" />
  <testcase classname="ptolemy.util.test.junit.AutoTests" name="[8] /home/travis/build/icyphy/ptII/ptolemy/domains/de/test/auto/CausalityInterface3.xml (RunModel)" time="0.012" />
  <testcase classname="ptolemy.util.test.junit.AutoTests" name="[9] /home/travis/build/icyphy/ptII/ptolemy/domains/de/test/auto/ClockDrift.xml (RunModel)" time="0.036" />
  <testcase classname="ptolemy.util.test.junit.AutoTests" name="[10] /home/travis/build/icyphy/ptII/ptolemy/domains/de/test/auto/ClockDriftAndValueChange.xml (RunModel)" time="0.032" />
  <testcase classname="ptolemy.util.test.junit.AutoTests" name="[11] /home/travis/build/icyphy/ptII/ptolemy/domains/de/test/auto/ClockDriftChange.xml (RunModel)" time="0.028" />
  <testcase classname="ptolemy.util.test.junit.AutoTests" name="[12] /home/travis/build/icyphy/ptII/ptolemy/domains/de/test/auto/ComposableCausalityAnalysis.xml (RunModel)" time="0.02" />
  <testcase classname="ptolemy.util.test.junit.AutoTests" name="[13] /home/travis/build/icyphy/ptII/ptolemy/domains/de/test/auto/DEFixedPointLimitation.xml (RunModel)" time="0.01" />
  <testcase classname="ptolemy.util.test.junit.AutoTests" name="[14] /home/travis/build/icyphy/ptII/ptolemy/domains/de/test/auto/DEScheduleTest.xml (RunModel)" time="0.012" />
  <testcase classname="ptolemy.util.test.junit.AutoTests" name="[15] /home/travis/build/icyphy/ptII/ptolemy/domains/de/test/auto/DEinDEwithStartTimes.xml (RunModel)" time="0.014" />
  <testcase classname="ptolemy.util.test.junit.AutoTests" name="[16] /home/travis/build/icyphy/ptII/ptolemy/domains/de/test/auto/DEinDEwithStartTimes2.xml (RunModel)" time="0.014" />
  <testcase classname="ptolemy.util.test.junit.AutoTests" name="[17] /home/travis/build/icyphy/ptII/ptolemy/domains/de/test/auto/DateDemo.xml (RunModel)" time="0.03" />
  <testcase classname="ptolemy.util.test.junit.AutoTests" name="[18] /home/travis/build/icyphy/ptII/ptolemy/domains/de/test/auto/DateToEvent.xml (RunModel)" time="2.032" />
  <testcase classname="ptolemy.util.test.junit.AutoTests" name="[19] /home/travis/build/icyphy/ptII/ptolemy/domains/de/test/auto/DepthTest1.xml (RunModel)" time="0.015" />
  <testcase classname="ptolemy.util.test.junit.AutoTests" name="[20] /home/travis/build/icyphy/ptII/ptolemy/domains/de/test/auto/DepthTest2.xml (RunModel)" time="0.023" />
  <testcase classname="ptolemy.util.test.junit.AutoTests" name="[21] /home/travis/build/icyphy/ptII/ptolemy/domains/de/test/auto/DepthTest3.xml (RunModel)" time="0.014" />
  <testcase classname="ptolemy.util.test.junit.AutoTests" name="[22] /home/travis/build/icyphy/ptII/ptolemy/domains/de/test/auto/DepthTest4.xml (RunModel)" time="0.022" />
  <testcase classname="ptolemy.util.test.junit.AutoTests" name="[23] /home/travis/build/icyphy/ptII/ptolemy/domains/de/test/auto/DepthTest5.xml (RunModel)" time="0.023" />
  <testcase classname="ptolemy.util.test.junit.AutoTests" name="[24] /home/travis/build/icyphy/ptII/ptolemy/domains/de/test/auto/DepthTest6.xml (RunModel)" time="0.015" />
  <testcase classname="ptolemy.util.test.junit.AutoTests" name="[25] /home/travis/build/icyphy/ptII/ptolemy/domains/de/test/auto/DepthTest7.xml (RunModel)" time="0.019" />
  <testcase classname="ptolemy.util.test.junit.AutoTests" name="[26] /home/travis/build/icyphy/ptII/ptolemy/domains/de/test/auto/EventToDate.xml (RunModel)" time="3.043" />
  <testcase classname="ptolemy.util.test.junit.AutoTests" name="[27] /home/travis/build/icyphy/ptII/ptolemy/domains/de/test/auto/FSM1.xml (RunModel)" time="0.04" />
  <testcase classname="ptolemy.util.test.junit.AutoTests" name="[28] /home/travis/build/icyphy/ptII/ptolemy/domains/de/test/auto/FSM7.xml (RunModel)" time="0.042" />
  <testcase classname="ptolemy.util.test.junit.AutoTests" name="[29] /home/travis/build/icyphy/ptII/ptolemy/domains/de/test/auto/Inspection.xml (RunModel)" time="0.06" />
  <testcase classname="ptolemy.util.test.junit.AutoTests" name="[30] /home/travis/build/icyphy/ptII/ptolemy/domains/de/test/auto/Iteration.xml (RunModel)" time="0.028" />
  <testcase classname="ptolemy.util.test.junit.AutoTests" name="[31] /home/travis/build/icyphy/ptII/ptolemy/domains/de/test/auto/LineFault.xml (RunModel)" time="0.604" />
  <testcase classname="ptolemy.util.test.junit.AutoTests" name="[32] /home/travis/build/icyphy/ptII/ptolemy/domains/de/test/auto/MergeModel1Add.xml (RunModel)" time="0.056" />
  <testcase classname="ptolemy.util.test.junit.AutoTests" name="[33] /home/travis/build/icyphy/ptII/ptolemy/domains/de/test/auto/MergeModel2Add.xml (RunModel)" time="0.037" />
  <testcase classname="ptolemy.util.test.junit.AutoTests" name="[34] /home/travis/build/icyphy/ptII/ptolemy/domains/de/test/auto/MergeModel3Add.xml (RunModel)" time="0.047" />
  <testcase classname="ptolemy.util.test.junit.AutoTests" name="[35] /home/travis/build/icyphy/ptII/ptolemy/domains/de/test/auto/MergeWithoutDiscard.xml (RunModel)" time="0.014" />
  <testcase classname="ptolemy.util.test.junit.AutoTests" name="[36] /home/travis/build/icyphy/ptII/ptolemy/domains/de/test/auto/Modal1.xml (RunModel)" time="0.036" />
  <testcase classname="ptolemy.util.test.junit.AutoTests" name="[37] /home/travis/build/icyphy/ptII/ptolemy/domains/de/test/auto/Modal2.xml (RunModel)" time="0.035" />
  <testcase classname="ptolemy.util.test.junit.AutoTests" name="[38] /home/travis/build/icyphy/ptII/ptolemy/domains/de/test/auto/Modal3.xml (RunModel)" time="0.031" />
  <testcase classname="ptolemy.util.test.junit.AutoTests" name="[39] /home/travis/build/icyphy/ptII/ptolemy/domains/de/test/auto/Modal4.xml (RunModel)" time="0.038" />
  <testcase classname="ptolemy.util.test.junit.AutoTests" name="[40] /home/travis/build/icyphy/ptII/ptolemy/domains/de/test/auto/Modal5.xml (RunModel)" time="0.029" />
  <testcase classname="ptolemy.util.test.junit.AutoTests" name="[41] /home/travis/build/icyphy/ptII/ptolemy/domains/de/test/auto/Modal6.xml (RunModel)" time="0.035" />
  <testcase classname="ptolemy.util.test.junit.AutoTests" name="[42] /home/travis/build/icyphy/ptII/ptolemy/domains/de/test/auto/Modal7.xml (RunModel)" time="0.031" />
  <testcase classname="ptolemy.util.test.junit.AutoTests" name="[43] /home/travis/build/icyphy/ptII/ptolemy/domains/de/test/auto/ModalModel.xml (RunModel)" time="0.152" />
  <testcase classname="ptolemy.util.test.junit.AutoTests" name="[44] /home/travis/build/icyphy/ptII/ptolemy/domains/de/test/auto/ModalSource.xml (RunModel)" time="0.022" />
  <testcase classname="ptolemy.util.test.junit.AutoTests" name="[45] /home/travis/build/icyphy/ptII/ptolemy/domains/de/test/auto/NonInterruptibleTimerZeroDelay.xml (RunModel)" time="0.012" />
  <testcase classname="ptolemy.util.test.junit.AutoTests" name="[46] /home/travis/build/icyphy/ptII/ptolemy/domains/de/test/auto/OpenQueueingNetwork.xml (RunModel)" time="2.299" />
  <testcase classname="ptolemy.util.test.junit.AutoTests" name="[47] /home/travis/build/icyphy/ptII/ptolemy/domains/de/test/auto/OpenQueuingNetwork.xml (RunModel)" time="0.286" />
  <testcase classname="ptolemy.util.test.junit.AutoTests" name="[48] /home/travis/build/icyphy/ptII/ptolemy/domains/de/test/auto/PeriodicSampler.xml (RunModel)" time="0.012" />
  <testcase classname="ptolemy.util.test.junit.AutoTests" name="[49] /home/travis/build/icyphy/ptII/ptolemy/domains/de/test/auto/PersistentIO.xml (RunModel)" time="0.025" />
  <testcase classname="ptolemy.util.test.junit.AutoTests" name="[50] /home/travis/build/icyphy/ptII/ptolemy/domains/de/test/auto/PortParameterResetOnInitialize.xml (RunModel)" time="0.01" />
  <testcase classname="ptolemy.util.test.junit.AutoTests" name="[51] /home/travis/build/icyphy/ptII/ptolemy/domains/de/test/auto/PortParameterUpdates.xml (RunModel)" time="0.016" />
  <testcase classname="ptolemy.util.test.junit.AutoTests" name="[52] /home/travis/build/icyphy/ptII/ptolemy/domains/de/test/auto/QueueAndServer.xml (RunModel)" time="0.024" />
  <testcase classname="ptolemy.util.test.junit.AutoTests" name="[53] /home/travis/build/icyphy/ptII/ptolemy/domains/de/test/auto/Records.xml (RunModel)" time="0.021" />
  <testcase classname="ptolemy.util.test.junit.AutoTests" name="[54] /home/travis/build/icyphy/ptII/ptolemy/domains/de/test/auto/ResetTransitionWithStartTime1.xml (RunModel)" time="0.019" />
  <testcase classname="ptolemy.util.test.junit.AutoTests" name="[55] /home/travis/build/icyphy/ptII/ptolemy/domains/de/test/auto/ResetTransitionWithStartTime2.xml (RunModel)" time="0.018" />
  <testcase classname="ptolemy.util.test.junit.AutoTests" name="[56] /home/travis/build/icyphy/ptII/ptolemy/domains/de/test/auto/ResetTransitionWithStartTime3.xml (RunModel)" time="0.018" />
  <testcase classname="ptolemy.util.test.junit.AutoTests" name="[57] /home/travis/build/icyphy/ptII/ptolemy/domains/de/test/auto/ResetTransitionWithStartTime4.xml (RunModel)" time="0.02" />
  <testcase classname="ptolemy.util.test.junit.AutoTests" name="[58] /home/travis/build/icyphy/ptII/ptolemy/domains/de/test/auto/ResettableTimer1.xml (RunModel)" time="0.01" />
  <testcase classname="ptolemy.util.test.junit.AutoTests" name="[59] /home/travis/build/icyphy/ptII/ptolemy/domains/de/test/auto/ResettableTimer2.xml (RunModel)" time="0.012" />
  <testcase classname="ptolemy.util.test.junit.AutoTests" name="[60] /home/travis/build/icyphy/ptII/ptolemy/domains/de/test/auto/ResettableTimer3.xml (RunModel)" time="0.01" />
  <testcase classname="ptolemy.util.test.junit.AutoTests" name="[61] /home/travis/build/icyphy/ptII/ptolemy/domains/de/test/auto/ResettableTimer4.xml (RunModel)" time="0.011" />
  <testcase classname="ptolemy.util.test.junit.AutoTests" name="[62] /home/travis/build/icyphy/ptII/ptolemy/domains/de/test/auto/ResettableTimer5.xml (RunModel)" time="0.01" />
  <testcase classname="ptolemy.util.test.junit.AutoTests" name="[63] /home/travis/build/icyphy/ptII/ptolemy/domains/de/test/auto/ResettableTimer6.xml (RunModel)" time="0.02" />
  <testcase classname="ptolemy.util.test.junit.AutoTests" name="[64] /home/travis/build/icyphy/ptII/ptolemy/domains/de/test/auto/ServerZeroDelay.xml (RunModel)" time="0.012" />
  <testcase classname="ptolemy.util.test.junit.AutoTests" name="[65] /home/travis/build/icyphy/ptII/ptolemy/domains/de/test/auto/SmartSender.xml (RunModel)" time="3.009" />
  <testcase classname="ptolemy.util.test.junit.AutoTests" name="[66] /home/travis/build/icyphy/ptII/ptolemy/domains/de/test/auto/ThreadedComposite.xml (RunModel)" time="0.415" />
  <testcase classname="ptolemy.util.test.junit.AutoTests" name="[67] /home/travis/build/icyphy/ptII/ptolemy/domains/de/test/auto/Time.xml (RunModel)" time="0.412" />
  <testcase classname="ptolemy.util.test.junit.AutoTests" name="[68] /home/travis/build/icyphy/ptII/ptolemy/domains/de/test/auto/TimeDelayZeroDelay.xml (RunModel)" time="0.01" />
  <testcase classname="ptolemy.util.test.junit.AutoTests" name="[69] /home/travis/build/icyphy/ptII/ptolemy/domains/de/test/auto/TimerZeroDelay.xml (RunModel)" time="0.008" />
  <testcase classname="ptolemy.util.test.junit.AutoTests" name="[70] /home/travis/build/icyphy/ptII/ptolemy/domains/de/test/auto/TimingParadox.xml (RunModel)" time="0.329" />
  <testcase classname="ptolemy.util.test.junit.AutoTests" name="[71] /home/travis/build/icyphy/ptII/ptolemy/domains/de/test/auto/TransferInputs.xml (RunModel)" time="0.008" />
  <testcase classname="ptolemy.util.test.junit.AutoTests" name="[72] /home/travis/build/icyphy/ptII/ptolemy/domains/de/test/auto/TransferOutputs2.xml (RunModel)" time="0.014" />
  <testcase classname="ptolemy.util.test.junit.AutoTests" name="[73] /home/travis/build/icyphy/ptII/ptolemy/domains/de/test/auto/Trilateration.xml (RunModel)" time="12.712" />
  <testcase classname="ptolemy.util.test.junit.AutoTests" name="[74] /home/travis/build/icyphy/ptII/ptolemy/domains/de/test/auto/TwoSigmaDelta.xml (RunModel)" time="2.201" />
  <testcase classname="ptolemy.util.test.junit.AutoTests" name="[75] /home/travis/build/icyphy/ptII/ptolemy/domains/de/test/auto/VariableDelay.xml (RunModel)" time="0.011" />
  <testcase classname="ptolemy.util.test.junit.AutoTests" name="[76] /home/travis/build/icyphy/ptII/ptolemy/domains/de/test/auto/VariableDelay2.xml (RunModel)" time="0.008" />
  <testcase classname="ptolemy.util.test.junit.AutoTests" name="[77] /home/travis/build/icyphy/ptII/ptolemy/domains/de/test/auto/VariableDelayZeroDelay.xml (RunModel)" time="0.012" />
  <testcase classname="ptolemy.util.test.junit.AutoTests" name="[78] /home/travis/build/icyphy/ptII/ptolemy/domains/de/test/auto/VariableDelayZeroDelay2.xml (RunModel)" time="0.009" />
  <testcase classname="ptolemy.util.test.junit.AutoTests" name="[79] /home/travis/build/icyphy/ptII/ptolemy/domains/de/test/auto/deInCt.xml (RunModel)" time="0.016" />
  <testcase classname="ptolemy.util.test.junit.AutoTests" name="[80] /home/travis/build/icyphy/ptII/ptolemy/domains/de/test/auto/deInCt2.xml (RunModel)" time="0.022" />
  <testcase classname="ptolemy.util.test.junit.AutoTests" name="[81] /home/travis/build/icyphy/ptII/ptolemy/domains/de/test/auto/dynamicCausalityInterface1.xml (RunModel)" time="0.021" />
  <testcase classname="ptolemy.util.test.junit.AutoTests" name="[82] /home/travis/build/icyphy/ptII/ptolemy/domains/de/test/auto/fsm_de_test.xml (RunModel)" time="0.028" />
  <testcase classname="ptolemy.util.test.junit.AutoTests" name="[83] /home/travis/build/icyphy/ptII/ptolemy/domains/de/test/auto/functionDependencyReconstruction.xml (RunModel)" time="0.034" />
  <testcase classname="ptolemy.util.test.junit.AutoTests" name="[84] /home/travis/build/icyphy/ptII/ptolemy/domains/de/test/auto/multirate.xml (RunModel)" time="0.019" />
  <testcase classname="ptolemy.util.test.junit.AutoTests" name="[85] /home/travis/build/icyphy/ptII/ptolemy/domains/de/test/auto/multirate2.xml (RunModel)" time="0.015" />
  <testcase classname="ptolemy.util.test.junit.AutoTests" name="[86] /home/travis/build/icyphy/ptII/ptolemy/domains/de/test/auto/realtime.xml (RunModel)" time="10.011" />
  <testcase classname="ptolemy.util.test.junit.AutoTests" name="[87] /home/travis/build/icyphy/ptII/ptolemy/domains/de/test/auto/relationGroup.xml (RunModel)" time="0.01" />
  <testcase classname="ptolemy.util.test.junit.AutoTests" name="[88] /home/travis/build/icyphy/ptII/ptolemy/domains/de/test/auto/relationGroup2.xml (RunModel)" time="0.014" />
  <testcase classname="ptolemy.util.test.junit.AutoTests" name="[89] /home/travis/build/icyphy/ptII/ptolemy/domains/de/test/auto/sortWithOpaquePorts.xml (RunModel)" time="0.016" />
  <testcase classname="ptolemy.util.test.junit.AutoTests" name="[90] /home/travis/build/icyphy/ptII/ptolemy/domains/de/test/auto/transferInputsandOutputs.xml (RunModel)" time="0.019" />
  <testcase classname="ptolemy.util.test.junit.AutoTests" name="[91] /home/travis/build/icyphy/ptII/ptolemy/domains/de/test/auto/triggerType.xml (RunModel)" time="0.01" />
  <system-out><![CDATA[/home/travis/build/icyphy/ptII/ptolemy/domains/de/test/DependencyLoop.tcl
testDefs.tcl: setting time out to 9000 seconds at Mon Aug 13 01:59:13 UTC 2018
16 ms. Memory: 116224K Free: 93952K (81%)
14 ms. Memory: 146944K Free: 135042K (92%)
/home/travis/build/icyphy/ptII/ptolemy/domains/de/test/RunDETestsAsQSS.tcl
Run the DE tests using ptolemy.domains.qss.test.QSSDirectorTest, which extends QSSDirector and prints a message in the constructors.
------------------ testing $PTII/ptolemy/domains/de/test/auto/knownFailedTests/dependencyLoop.xml (Known Failure) 
8 ms. Memory: 146944K Free: 131930K (90%)


==== $PTIIhome/travis/build/icyphy/ptII/ptolemy/domains/de/test/../../../../: Auto Automatic test in file $PTII/ptolemy/domains/de/test/auto/knownFailedTests/dependencyLoop.xml
==== Contents of test case:

	    # FIXME: we should use $relativeFilename here, but it
	    # might have backslashes under Windows, which causes no end
	    # of trouble.
	    createAndExecute $file
	    list {}
	
.... Test generated KNOWN error:
    while executing
ptolemy.kernel.util.IllegalActionException: Found a zero delay loop containing .dependencyLoop.original
  in .dependencyLoop and .dependencyLoop.original
	at ptolemy.actor.util.CausalityInterfaceForComposites._computeOutputPortDepth(CausalityInterfaceForComposites.java:759)
	at ptolemy.actor.util.CausalityInterfaceForComposites._computeInputDepth(CausalityInterfaceForComposites.java:696)
	at ptolemy.actor.util.CausalityInterfaceForComposites._computeOutputPortDepth(CausalityInterfaceForComposites.java:765)
	at ptolemy.actor.util.CausalityInterfaceForComposites._computeInputDepth(CausalityInterfaceForComposites.java:696)
	at ptolemy.actor.util.CausalityInterfaceForComposites._computeOutputPortDepth(CausalityInterfaceForComposites.java:765)
	at ptolemy.actor.util.CausalityInterfaceForComposites._computeInputDepth(CausalityInterfaceForComposites.java:696)
	at ptolemy.actor.util.CausalityInterfaceForComposites._computeActorDepth(CausalityInterfaceForComposites.java:532)
	at ptolemy.actor.util.CausalityInterfaceForComposites.checkForCycles(CausalityInterfaceForComposites.java:96)
	at ptolemy.domains.de.kernel.DEDirector.preinitialize(DEDirector.java:1338)
	at ptolemy.actor.CompositeActor.preinitialize(CompositeActor.java:1828)
	at ptolemy.actor.Manager.preinitializeAndResolveTypes(Manager.java:1040)
	at ptolemy.actor.Manager.initialize(Manager.java:710)
	at ptolemy.actor.Manager.execute(Manager.java:356)
	at ptolemy.actor.Manager.run(Manager.java:1263)
	at ptolemy.actor.Manager$PtolemyRunThread.run(Manager.java:1915)

    while executing
ptolemy.kernel.util.IllegalActionException: Found a zero delay loop containing .dependencyLoop.original
  in .dependencyLoop and .dependencyLoop.original
    while executing
"java::new ptolemy.moml.MoMLSimpleApplication $file
"
    (procedure "createAndExecute" line 2)
    invoked from within
"createAndExecute $file"
    ("uplevel" body line 5)
    invoked from within
"uplevel $contents_of_test"
------------------ testing $PTII/ptolemy/domains/de/test/auto/knownFailedTests/DESDFClockTest.xml (Known Failure) 
2089 ms. Memory: 146944K Free: 116514K (79%)


==== $PTIIhome/travis/build/icyphy/ptII/ptolemy/domains/de/test/../../../../: Auto Automatic test in file $PTII/ptolemy/domains/de/test/auto/knownFailedTests/DESDFClockTest.xml
==== Contents of test case:

	    # FIXME: we should use $relativeFilename here, but it
	    # might have backslashes under Windows, which causes no end
	    # of trouble.
	    createAndExecute $file
	    list {}
	
.... Test generated KNOWN error:
    while executing
ptolemy.kernel.util.IllegalActionException: Actor is not ready to fire.  Perhaps UpSample.prefire() returned false? Try debugging the actor by selecting "Listen to Actor".  Also, for SDF check moml for tokenConsumptionRate on input.
  in .DESDFClockTest.Play Bell.Copy1:SDF Director and .DESDFClockTest.Play Bell.UpSample
	at ptolemy.actor.sched.StaticSchedulingDirector.fire(StaticSchedulingDirector.java:227)
	at ptolemy.domains.sdf.kernel.SDFDirector.fire(SDFDirector.java:500)
	at ptolemy.actor.CompositeActor.fire(CompositeActor.java:455)
	at ptolemy.domains.de.kernel.DEDirector._fire(DEDirector.java:1949)
	at ptolemy.domains.de.kernel.DEDirector.fire(DEDirector.java:502)
	at ptolemy.actor.CompositeActor.fire(CompositeActor.java:455)
	at ptolemy.actor.Manager.iterate(Manager.java:851)
	at ptolemy.actor.Manager.execute(Manager.java:369)
	at ptolemy.actor.Manager.run(Manager.java:1263)
	at ptolemy.actor.Manager$PtolemyRunThread.run(Manager.java:1915)

    while executing
ptolemy.kernel.util.IllegalActionException: Actor is not ready to fire.  Perhaps UpSample.prefire() returned false? Try debugging the actor by selecting "Listen to Actor".  Also, for SDF check moml for tokenConsumptionRate on input.
  in .DESDFClockTest.Play Bell.Copy1:SDF Director and .DESDFClockTest.Play Bell.UpSample
    while executing
"java::new ptolemy.moml.MoMLSimpleApplication $file
"
    (procedure "createAndExecute" line 2)
    invoked from within
"createAndExecute $file"
    ("uplevel" body line 5)
    invoked from within
"uplevel $contents_of_test"
------------------ testing $PTII/ptolemy/domains/de/test/auto/knownFailedTests/FSMSource.xml (Known Failure) 
19 ms. Memory: 146944K Free: 107527K (73%)
!!!! Auto was marked as failing, but now passes
------------------ testing $PTII/ptolemy/domains/de/test/auto/knownFailedTests/dependencyLoop2.xml (Known Failure) 
6 ms. Memory: 146944K Free: 105644K (72%)


==== $PTIIhome/travis/build/icyphy/ptII/ptolemy/domains/de/test/../../../../: Auto Automatic test in file $PTII/ptolemy/domains/de/test/auto/knownFailedTests/dependencyLoop2.xml
==== Contents of test case:

	    # FIXME: we should use $relativeFilename here, but it
	    # might have backslashes under Windows, which causes no end
	    # of trouble.
	    createAndExecute $file
	    list {}
	
.... Test generated KNOWN error:
    while executing
ptolemy.kernel.util.IllegalActionException: Found a zero delay loop containing .dependencyLoop2.original
  in .dependencyLoop2 and .dependencyLoop2.original
	at ptolemy.actor.util.CausalityInterfaceForComposites._computeOutputPortDepth(CausalityInterfaceForComposites.java:759)
	at ptolemy.actor.util.CausalityInterfaceForComposites._computeInputDepth(CausalityInterfaceForComposites.java:696)
	at ptolemy.actor.util.CausalityInterfaceForComposites._computeOutputPortDepth(CausalityInterfaceForComposites.java:765)
	at ptolemy.actor.util.CausalityInterfaceForComposites._computeInputDepth(CausalityInterfaceForComposites.java:696)
	at ptolemy.actor.util.CausalityInterfaceForComposites._computeOutputPortDepth(CausalityInterfaceForComposites.java:765)
	at ptolemy.actor.util.CausalityInterfaceForComposites._computeInputDepth(CausalityInterfaceForComposites.java:696)
	at ptolemy.actor.util.CausalityInterfaceForComposites._computeActorDepth(CausalityInterfaceForComposites.java:532)
	at ptolemy.actor.util.CausalityInterfaceForComposites.checkForCycles(CausalityInterfaceForComposites.java:96)
	at ptolemy.domains.de.kernel.DEDirector.preinitialize(DEDirector.java:1338)
	at ptolemy.actor.CompositeActor.preinitialize(CompositeActor.java:1828)
	at ptolemy.actor.Manager.preinitializeAndResolveTypes(Manager.java:1040)
	at ptolemy.actor.Manager.initialize(Manager.java:710)
	at ptolemy.actor.Manager.execute(Manager.java:356)
	at ptolemy.actor.Manager.run(Manager.java:1263)
	at ptolemy.actor.Manager$PtolemyRunThread.run(Manager.java:1915)

    while executing
ptolemy.kernel.util.IllegalActionException: Found a zero delay loop containing .dependencyLoop2.original
  in .dependencyLoop2 and .dependencyLoop2.original
    while executing
"java::new ptolemy.moml.MoMLSimpleApplication $file
"
    (procedure "createAndExecute" line 2)
    invoked from within
"createAndExecute $file"
    ("uplevel" body line 5)
    invoked from within
"uplevel $contents_of_test"
------------------ testing $PTII/ptolemy/domains/de/test/auto/knownFailedTests/HierarchicalModel.xml (Known Failure) 
11 ms. Memory: 146944K Free: 85055K (58%)


==== $PTIIhome/travis/build/icyphy/ptII/ptolemy/domains/de/test/../../../../: Auto Automatic test in file $PTII/ptolemy/domains/de/test/auto/knownFailedTests/HierarchicalModel.xml
==== Contents of test case:

	    # FIXME: we should use $relativeFilename here, but it
	    # might have backslashes under Windows, which causes no end
	    # of trouble.
	    createAndExecute $file
	    list {}
	
.... Test generated KNOWN error:
    while executing
ptolemy.kernel.util.IllegalActionException: Found a zero delay loop containing .HierarchicalModel.A
  in .HierarchicalModel and .HierarchicalModel.A
	at ptolemy.actor.util.CausalityInterfaceForComposites._computeOutputPortDepth(CausalityInterfaceForComposites.java:759)
	at ptolemy.actor.util.CausalityInterfaceForComposites._computeInputDepth(CausalityInterfaceForComposites.java:696)
	at ptolemy.actor.util.CausalityInterfaceForComposites._computeOutputPortDepth(CausalityInterfaceForComposites.java:765)
	at ptolemy.actor.util.CausalityInterfaceForComposites._computeInputDepth(CausalityInterfaceForComposites.java:696)
	at ptolemy.actor.util.CausalityInterfaceForComposites._computeOutputPortDepth(CausalityInterfaceForComposites.java:765)
	at ptolemy.actor.util.CausalityInterfaceForComposites._computeInputDepth(CausalityInterfaceForComposites.java:696)
	at ptolemy.actor.util.CausalityInterfaceForComposites._computeActorDepth(CausalityInterfaceForComposites.java:532)
	at ptolemy.actor.util.CausalityInterfaceForComposites.checkForCycles(CausalityInterfaceForComposites.java:96)
	at ptolemy.domains.de.kernel.DEDirector.preinitialize(DEDirector.java:1338)
	at ptolemy.actor.CompositeActor.preinitialize(CompositeActor.java:1828)
	at ptolemy.actor.Manager.preinitializeAndResolveTypes(Manager.java:1040)
	at ptolemy.actor.Manager.initialize(Manager.java:710)
	at ptolemy.actor.Manager.execute(Manager.java:356)
	at ptolemy.actor.Manager.run(Manager.java:1263)
	at ptolemy.actor.Manager$PtolemyRunThread.run(Manager.java:1915)

    while executing
ptolemy.kernel.util.IllegalActionException: Found a zero delay loop containing .HierarchicalModel.A
  in .HierarchicalModel and .HierarchicalModel.A
    while executing
"java::new ptolemy.moml.MoMLSimpleApplication $file
"
    (procedure "createAndExecute" line 2)
    invoked from within
"createAndExecute $file"
    ("uplevel" body line 5)
    invoked from within
"uplevel $contents_of_test"
------------------ testing $PTII/ptolemy/domains/de/test/auto/knownFailedTests/DirectFeedback.xml (Known Failure) 
3 ms. Memory: 146944K Free: 141334K (96%)


==== $PTIIhome/travis/build/icyphy/ptII/ptolemy/domains/de/test/../../../../: Auto Automatic test in file $PTII/ptolemy/domains/de/test/auto/knownFailedTests/DirectFeedback.xml
==== Contents of test case:

	    # FIXME: we should use $relativeFilename here, but it
	    # might have backslashes under Windows, which causes no end
	    # of trouble.
	    createAndExecute $file
	    list {}
	
.... Test generated KNOWN error:
    while executing
ptolemy.kernel.util.IllegalActionException: Test fails in iteration 1.
Value was: 1.0. Should have been: 2.0
  in .DirectFeedback.Test
	at ptolemy.actor.lib.Test.fire(Test.java:268)
	at ptolemy.domains.de.kernel.DEDirector._fire(DEDirector.java:1949)
	at ptolemy.domains.de.kernel.DEDirector.fire(DEDirector.java:502)
	at ptolemy.actor.CompositeActor.fire(CompositeActor.java:455)
	at ptolemy.actor.Manager.iterate(Manager.java:851)
	at ptolemy.actor.Manager.execute(Manager.java:369)
	at ptolemy.actor.Manager.run(Manager.java:1263)
	at ptolemy.actor.Manager$PtolemyRunThread.run(Manager.java:1915)

    while executing
ptolemy.kernel.util.IllegalActionException: Test fails in iteration 1.
Value was: 1.0. Should have been: 2.0
  in .DirectFeedback.Test
    while executing
"java::new ptolemy.moml.MoMLSimpleApplication $file
"
    (procedure "createAndExecute" line 2)
    invoked from within
"createAndExecute $file"
    ("uplevel" body line 5)
    invoked from within
"uplevel $contents_of_test"
------------------ testing $PTII/ptolemy/domains/de/test/auto/ActorDepthCalculation_actorWithoutPorts.xml
auto.tcl: Setting watchdog for 200 seconds at Mon Aug 13 01:59:16 UTC 2018
7 ms. Memory: 146944K Free: 132308K (90%)
ptolemy.util.test.WatchDog.cancel(): canceling Mon Aug 13 01:59:16 UTC 2018
auto.tcl: Setting watchdog for 200 seconds at Mon Aug 13 01:59:16 UTC 2018
4 ms. Memory: 146944K Free: 131256K (89%)
ptolemy.util.test.WatchDog.cancel(): canceling Mon Aug 13 01:59:16 UTC 2018
------------------ testing $PTII/ptolemy/domains/de/test/auto/AssemblyLine.xml
auto.tcl: Setting watchdog for 200 seconds at Mon Aug 13 01:59:17 UTC 2018
10 ms. Memory: 208384K Free: 182787K (88%)
ptolemy.util.test.WatchDog.cancel(): canceling Mon Aug 13 01:59:17 UTC 2018
auto.tcl: Setting watchdog for 200 seconds at Mon Aug 13 01:59:17 UTC 2018
10 ms. Memory: 208384K Free: 182787K (88%)
ptolemy.util.test.WatchDog.cancel(): canceling Mon Aug 13 01:59:17 UTC 2018
------------------ testing $PTII/ptolemy/domains/de/test/auto/CQBug1.xml
auto.tcl: Setting watchdog for 200 seconds at Mon Aug 13 01:59:17 UTC 2018
8 ms. Memory: 208384K Free: 197689K (95%)
ptolemy.util.test.WatchDog.cancel(): canceling Mon Aug 13 01:59:17 UTC 2018
auto.tcl: Setting watchdog for 200 seconds at Mon Aug 13 01:59:17 UTC 2018
1 ms. Memory: 208384K Free: 197689K (95%)
ptolemy.util.test.WatchDog.cancel(): canceling Mon Aug 13 01:59:17 UTC 2018
------------------ testing $PTII/ptolemy/domains/de/test/auto/CancelFireAt.xml
auto.tcl: Setting watchdog for 200 seconds at Mon Aug 13 01:59:17 UTC 2018
4 ms. Memory: 208384K Free: 201087K (96%)
ptolemy.util.test.WatchDog.cancel(): canceling Mon Aug 13 01:59:17 UTC 2018
auto.tcl: Setting watchdog for 200 seconds at Mon Aug 13 01:59:17 UTC 2018
4 ms. Memory: 208384K Free: 198972K (95%)
ptolemy.util.test.WatchDog.cancel(): canceling Mon Aug 13 01:59:17 UTC 2018
------------------ testing $PTII/ptolemy/domains/de/test/auto/CausalityAndComposabilityAnalysis.xml
auto.tcl: Setting watchdog for 200 seconds at Mon Aug 13 01:59:17 UTC 2018
9 ms. Memory: 208384K Free: 196454K (94%)
ptolemy.util.test.WatchDog.cancel(): canceling Mon Aug 13 01:59:17 UTC 2018
auto.tcl: Setting watchdog for 200 seconds at Mon Aug 13 01:59:17 UTC 2018
4 ms. Memory: 208384K Free: 196454K (94%)
ptolemy.util.test.WatchDog.cancel(): canceling Mon Aug 13 01:59:17 UTC 2018
------------------ testing $PTII/ptolemy/domains/de/test/auto/CausalityInterface1.xml
auto.tcl: Setting watchdog for 200 seconds at Mon Aug 13 01:59:17 UTC 2018
18 ms. Memory: 208384K Free: 196392K (94%)
ptolemy.util.test.WatchDog.cancel(): canceling Mon Aug 13 01:59:17 UTC 2018
auto.tcl: Setting watchdog for 200 seconds at Mon Aug 13 01:59:17 UTC 2018
4 ms. Memory: 208384K Free: 196392K (94%)
ptolemy.util.test.WatchDog.cancel(): canceling Mon Aug 13 01:59:17 UTC 2018
------------------ testing $PTII/ptolemy/domains/de/test/auto/CausalityInterface15.xml
auto.tcl: Setting watchdog for 200 seconds at Mon Aug 13 01:59:17 UTC 2018
7 ms. Memory: 208384K Free: 196382K (94%)
ptolemy.util.test.WatchDog.cancel(): canceling Mon Aug 13 01:59:17 UTC 2018
auto.tcl: Setting watchdog for 200 seconds at Mon Aug 13 01:59:17 UTC 2018
8 ms. Memory: 208384K Free: 196382K (94%)
ptolemy.util.test.WatchDog.cancel(): canceling Mon Aug 13 01:59:17 UTC 2018
------------------ testing $PTII/ptolemy/domains/de/test/auto/CausalityInterface2.xml
auto.tcl: Setting watchdog for 200 seconds at Mon Aug 13 01:59:17 UTC 2018
7 ms. Memory: 208384K Free: 196366K (94%)
ptolemy.util.test.WatchDog.cancel(): canceling Mon Aug 13 01:59:17 UTC 2018
auto.tcl: Setting watchdog for 200 seconds at Mon Aug 13 01:59:17 UTC 2018
2 ms. Memory: 208384K Free: 196366K (94%)
ptolemy.util.test.WatchDog.cancel(): canceling Mon Aug 13 01:59:17 UTC 2018
------------------ testing $PTII/ptolemy/domains/de/test/auto/CausalityInterface3.xml
auto.tcl: Setting watchdog for 200 seconds at Mon Aug 13 01:59:18 UTC 2018
9 ms. Memory: 208384K Free: 196379K (94%)
ptolemy.util.test.WatchDog.cancel(): canceling Mon Aug 13 01:59:18 UTC 2018
auto.tcl: Setting watchdog for 200 seconds at Mon Aug 13 01:59:18 UTC 2018
5 ms. Memory: 208384K Free: 196379K (94%)
ptolemy.util.test.WatchDog.cancel(): canceling Mon Aug 13 01:59:18 UTC 2018
------------------ testing $PTII/ptolemy/domains/de/test/auto/ClockDrift.xml
auto.tcl: Setting watchdog for 200 seconds at Mon Aug 13 01:59:18 UTC 2018
92 ms. Memory: 208384K Free: 187568K (90%)
ptolemy.util.test.WatchDog.cancel(): canceling Mon Aug 13 01:59:18 UTC 2018
auto.tcl: Setting watchdog for 200 seconds at Mon Aug 13 01:59:18 UTC 2018
58 ms. Memory: 208384K Free: 185453K (89%)
ptolemy.util.test.WatchDog.cancel(): canceling Mon Aug 13 01:59:18 UTC 2018
------------------ testing $PTII/ptolemy/domains/de/test/auto/ClockDriftAndValueChange.xml
auto.tcl: Setting watchdog for 200 seconds at Mon Aug 13 01:59:18 UTC 2018
23 ms. Memory: 208384K Free: 187401K (90%)
ptolemy.util.test.WatchDog.cancel(): canceling Mon Aug 13 01:59:18 UTC 2018
auto.tcl: Setting watchdog for 200 seconds at Mon Aug 13 01:59:18 UTC 2018
34 ms. Memory: 208384K Free: 185286K (89%)
ptolemy.util.test.WatchDog.cancel(): canceling Mon Aug 13 01:59:18 UTC 2018
------------------ testing $PTII/ptolemy/domains/de/test/auto/ClockDriftChange.xml
auto.tcl: Setting watchdog for 200 seconds at Mon Aug 13 01:59:18 UTC 2018
31 ms. Memory: 208384K Free: 190738K (92%)
ptolemy.util.test.WatchDog.cancel(): canceling Mon Aug 13 01:59:18 UTC 2018
auto.tcl: Setting watchdog for 200 seconds at Mon Aug 13 01:59:18 UTC 2018
18 ms. Memory: 208384K Free: 188624K (91%)
ptolemy.util.test.WatchDog.cancel(): canceling Mon Aug 13 01:59:18 UTC 2018
------------------ testing $PTII/ptolemy/domains/de/test/auto/ComposableCausalityAnalysis.xml
auto.tcl: Setting watchdog for 200 seconds at Mon Aug 13 01:59:18 UTC 2018
2 ms. Memory: 208384K Free: 196573K (94%)
ptolemy.util.test.WatchDog.cancel(): canceling Mon Aug 13 01:59:18 UTC 2018
auto.tcl: Setting watchdog for 200 seconds at Mon Aug 13 01:59:18 UTC 2018
2 ms. Memory: 208384K Free: 194458K (93%)
ptolemy.util.test.WatchDog.cancel(): canceling Mon Aug 13 01:59:18 UTC 2018
------------------ testing $PTII/ptolemy/domains/de/test/auto/DEFixedPointLimitation.xml
auto.tcl: Setting watchdog for 200 seconds at Mon Aug 13 01:59:18 UTC 2018
2 ms. Memory: 208384K Free: 196315K (94%)
ptolemy.util.test.WatchDog.cancel(): canceling Mon Aug 13 01:59:18 UTC 2018
auto.tcl: Setting watchdog for 200 seconds at Mon Aug 13 01:59:18 UTC 2018
1 ms. Memory: 208384K Free: 196315K (94%)
ptolemy.util.test.WatchDog.cancel(): canceling Mon Aug 13 01:59:18 UTC 2018
------------------ testing $PTII/ptolemy/domains/de/test/auto/DEScheduleTest.xml
auto.tcl: Setting watchdog for 200 seconds at Mon Aug 13 01:59:18 UTC 2018
5 ms. Memory: 208384K Free: 198466K (95%)
ptolemy.util.test.WatchDog.cancel(): canceling Mon Aug 13 01:59:18 UTC 2018
auto.tcl: Setting watchdog for 200 seconds at Mon Aug 13 01:59:18 UTC 2018
12 ms. Memory: 208384K Free: 196351K (94%)
ptolemy.util.test.WatchDog.cancel(): canceling Mon Aug 13 01:59:18 UTC 2018
------------------ testing $PTII/ptolemy/domains/de/test/auto/DEinDEwithStartTimes.xml
auto.tcl: Setting watchdog for 200 seconds at Mon Aug 13 01:59:18 UTC 2018
4 ms. Memory: 208384K Free: 196321K (94%)
ptolemy.util.test.WatchDog.cancel(): canceling Mon Aug 13 01:59:18 UTC 2018
auto.tcl: Setting watchdog for 200 seconds at Mon Aug 13 01:59:18 UTC 2018
3 ms. Memory: 208384K Free: 194207K (93%)
ptolemy.util.test.WatchDog.cancel(): canceling Mon Aug 13 01:59:18 UTC 2018
------------------ testing $PTII/ptolemy/domains/de/test/auto/DEinDEwithStartTimes2.xml
auto.tcl: Setting watchdog for 200 seconds at Mon Aug 13 01:59:19 UTC 2018
4 ms. Memory: 208384K Free: 196301K (94%)
ptolemy.util.test.WatchDog.cancel(): canceling Mon Aug 13 01:59:19 UTC 2018
auto.tcl: Setting watchdog for 200 seconds at Mon Aug 13 01:59:19 UTC 2018
4 ms. Memory: 208384K Free: 194186K (93%)
ptolemy.util.test.WatchDog.cancel(): canceling Mon Aug 13 01:59:19 UTC 2018
------------------ testing $PTII/ptolemy/domains/de/test/auto/DateDemo.xml
auto.tcl: Setting watchdog for 200 seconds at Mon Aug 13 01:59:19 UTC 2018
13 ms. Memory: 208384K Free: 188687K (91%)
ptolemy.util.test.WatchDog.cancel(): canceling Mon Aug 13 01:59:19 UTC 2018
auto.tcl: Setting watchdog for 200 seconds at Mon Aug 13 01:59:19 UTC 2018
8 ms. Memory: 208384K Free: 186572K (90%)
ptolemy.util.test.WatchDog.cancel(): canceling Mon Aug 13 01:59:19 UTC 2018
------------------ testing $PTII/ptolemy/domains/de/test/auto/DateToEvent.xml
auto.tcl: Setting watchdog for 200 seconds at Mon Aug 13 01:59:19 UTC 2018
2018 ms. Memory: 208384K Free: 183350K (88%)
ptolemy.util.test.WatchDog.cancel(): canceling Mon Aug 13 01:59:21 UTC 2018
auto.tcl: Setting watchdog for 200 seconds at Mon Aug 13 01:59:21 UTC 2018
2006 ms. Memory: 208384K Free: 183350K (88%)
ptolemy.util.test.WatchDog.cancel(): canceling Mon Aug 13 01:59:23 UTC 2018
------------------ testing $PTII/ptolemy/domains/de/test/auto/DepthTest1.xml
auto.tcl: Setting watchdog for 200 seconds at Mon Aug 13 01:59:23 UTC 2018
6 ms. Memory: 208384K Free: 197994K (95%)
ptolemy.util.test.WatchDog.cancel(): canceling Mon Aug 13 01:59:23 UTC 2018
auto.tcl: Setting watchdog for 200 seconds at Mon Aug 13 01:59:23 UTC 2018
5 ms. Memory: 208384K Free: 197994K (95%)
ptolemy.util.test.WatchDog.cancel(): canceling Mon Aug 13 01:59:23 UTC 2018
------------------ testing $PTII/ptolemy/domains/de/test/auto/DepthTest2.xml
auto.tcl: Setting watchdog for 200 seconds at Mon Aug 13 01:59:23 UTC 2018
7 ms. Memory: 208384K Free: 194165K (93%)
ptolemy.util.test.WatchDog.cancel(): canceling Mon Aug 13 01:59:23 UTC 2018
auto.tcl: Setting watchdog for 200 seconds at Mon Aug 13 01:59:23 UTC 2018
10 ms. Memory: 208384K Free: 194165K (93%)
ptolemy.util.test.WatchDog.cancel(): canceling Mon Aug 13 01:59:23 UTC 2018
------------------ testing $PTII/ptolemy/domains/de/test/auto/DepthTest3.xml
auto.tcl: Setting watchdog for 200 seconds at Mon Aug 13 01:59:23 UTC 2018
5 ms. Memory: 208384K Free: 198665K (95%)
ptolemy.util.test.WatchDog.cancel(): canceling Mon Aug 13 01:59:23 UTC 2018
auto.tcl: Setting watchdog for 200 seconds at Mon Aug 13 01:59:23 UTC 2018
2 ms. Memory: 208384K Free: 198665K (95%)
ptolemy.util.test.WatchDog.cancel(): canceling Mon Aug 13 01:59:23 UTC 2018
------------------ testing $PTII/ptolemy/domains/de/test/auto/DepthTest4.xml
auto.tcl: Setting watchdog for 200 seconds at Mon Aug 13 01:59:23 UTC 2018
9 ms. Memory: 208384K Free: 196300K (94%)
ptolemy.util.test.WatchDog.cancel(): canceling Mon Aug 13 01:59:23 UTC 2018
auto.tcl: Setting watchdog for 200 seconds at Mon Aug 13 01:59:23 UTC 2018
2 ms. Memory: 208384K Free: 196300K (94%)
ptolemy.util.test.WatchDog.cancel(): canceling Mon Aug 13 01:59:23 UTC 2018
------------------ testing $PTII/ptolemy/domains/de/test/auto/DepthTest5.xml
auto.tcl: Setting watchdog for 200 seconds at Mon Aug 13 01:59:23 UTC 2018
3 ms. Memory: 208384K Free: 196248K (94%)
ptolemy.util.test.WatchDog.cancel(): canceling Mon Aug 13 01:59:23 UTC 2018
auto.tcl: Setting watchdog for 200 seconds at Mon Aug 13 01:59:23 UTC 2018
3 ms. Memory: 208384K Free: 196248K (94%)
ptolemy.util.test.WatchDog.cancel(): canceling Mon Aug 13 01:59:23 UTC 2018
------------------ testing $PTII/ptolemy/domains/de/test/auto/DepthTest6.xml
auto.tcl: Setting watchdog for 200 seconds at Mon Aug 13 01:59:23 UTC 2018
14 ms. Memory: 208384K Free: 196544K (94%)
ptolemy.util.test.WatchDog.cancel(): canceling Mon Aug 13 01:59:23 UTC 2018
auto.tcl: Setting watchdog for 200 seconds at Mon Aug 13 01:59:23 UTC 2018
3 ms. Memory: 208384K Free: 196544K (94%)
ptolemy.util.test.WatchDog.cancel(): canceling Mon Aug 13 01:59:23 UTC 2018
------------------ testing $PTII/ptolemy/domains/de/test/auto/DepthTest7.xml
auto.tcl: Setting watchdog for 200 seconds at Mon Aug 13 01:59:23 UTC 2018
3 ms. Memory: 208384K Free: 196205K (94%)
ptolemy.util.test.WatchDog.cancel(): canceling Mon Aug 13 01:59:23 UTC 2018
auto.tcl: Setting watchdog for 200 seconds at Mon Aug 13 01:59:23 UTC 2018
2 ms. Memory: 208384K Free: 196205K (94%)
ptolemy.util.test.WatchDog.cancel(): canceling Mon Aug 13 01:59:23 UTC 2018
------------------ testing $PTII/ptolemy/domains/de/test/auto/EventToDate.xml
auto.tcl: Setting watchdog for 200 seconds at Mon Aug 13 01:59:23 UTC 2018
3006 ms. Memory: 208384K Free: 185654K (89%)
ptolemy.util.test.WatchDog.cancel(): canceling Mon Aug 13 01:59:27 UTC 2018
auto.tcl: Setting watchdog for 200 seconds at Mon Aug 13 01:59:27 UTC 2018
3004 ms. Memory: 208384K Free: 185654K (89%)
ptolemy.util.test.WatchDog.cancel(): canceling Mon Aug 13 01:59:30 UTC 2018
------------------ testing $PTII/ptolemy/domains/de/test/auto/FSM1.xml
auto.tcl: Setting watchdog for 200 seconds at Mon Aug 13 01:59:30 UTC 2018
19 ms. Memory: 208384K Free: 189228K (91%)
ptolemy.util.test.WatchDog.cancel(): canceling Mon Aug 13 01:59:30 UTC 2018
auto.tcl: Setting watchdog for 200 seconds at Mon Aug 13 01:59:30 UTC 2018
16 ms. Memory: 208384K Free: 185000K (89%)
ptolemy.util.test.WatchDog.cancel(): canceling Mon Aug 13 01:59:30 UTC 2018
------------------ testing $PTII/ptolemy/domains/de/test/auto/FSM7.xml
auto.tcl: Setting watchdog for 200 seconds at Mon Aug 13 01:59:30 UTC 2018
17 ms. Memory: 208384K Free: 187654K (90%)
ptolemy.util.test.WatchDog.cancel(): canceling Mon Aug 13 01:59:30 UTC 2018
auto.tcl: Setting watchdog for 200 seconds at Mon Aug 13 01:59:30 UTC 2018
22 ms. Memory: 208384K Free: 185539K (89%)
ptolemy.util.test.WatchDog.cancel(): canceling Mon Aug 13 01:59:30 UTC 2018
------------------ testing $PTII/ptolemy/domains/de/test/auto/Inspection.xml
auto.tcl: Setting watchdog for 200 seconds at Mon Aug 13 01:59:30 UTC 2018
23 ms. Memory: 208384K Free: 188869K (91%)
ptolemy.util.test.WatchDog.cancel(): canceling Mon Aug 13 01:59:30 UTC 2018
auto.tcl: Setting watchdog for 200 seconds at Mon Aug 13 01:59:30 UTC 2018
19 ms. Memory: 208384K Free: 186755K (90%)
ptolemy.util.test.WatchDog.cancel(): canceling Mon Aug 13 01:59:30 UTC 2018
------------------ testing $PTII/ptolemy/domains/de/test/auto/Iteration.xml
auto.tcl: Setting watchdog for 200 seconds at Mon Aug 13 01:59:30 UTC 2018
15 ms. Memory: 208384K Free: 196350K (94%)
ptolemy.util.test.WatchDog.cancel(): canceling Mon Aug 13 01:59:30 UTC 2018
auto.tcl: Setting watchdog for 200 seconds at Mon Aug 13 01:59:30 UTC 2018
7 ms. Memory: 208384K Free: 194236K (93%)
ptolemy.util.test.WatchDog.cancel(): canceling Mon Aug 13 01:59:30 UTC 2018
------------------ testing $PTII/ptolemy/domains/de/test/auto/LineFault.xml
auto.tcl: Setting watchdog for 200 seconds at Mon Aug 13 01:59:30 UTC 2018
811 ms. Memory: 208384K Free: 195159K (94%)
ptolemy.util.test.WatchDog.cancel(): canceling Mon Aug 13 01:59:31 UTC 2018
auto.tcl: Setting watchdog for 200 seconds at Mon Aug 13 01:59:31 UTC 2018
724 ms. Memory: 208384K Free: 139296K (67%)
ptolemy.util.test.WatchDog.cancel(): canceling Mon Aug 13 01:59:32 UTC 2018
------------------ testing $PTII/ptolemy/domains/de/test/auto/MergeModel1Add.xml
auto.tcl: Setting watchdog for 200 seconds at Mon Aug 13 01:59:32 UTC 2018
25 ms. Memory: 331264K Free: 299003K (90%)
ptolemy.util.test.WatchDog.cancel(): canceling Mon Aug 13 01:59:32 UTC 2018
auto.tcl: Setting watchdog for 200 seconds at Mon Aug 13 01:59:32 UTC 2018
8 ms. Memory: 331264K Free: 299003K (90%)
ptolemy.util.test.WatchDog.cancel(): canceling Mon Aug 13 01:59:32 UTC 2018
------------------ testing $PTII/ptolemy/domains/de/test/auto/MergeModel2Add.xml
auto.tcl: Setting watchdog for 200 seconds at Mon Aug 13 01:59:32 UTC 2018
8 ms. Memory: 331264K Free: 304266K (92%)
ptolemy.util.test.WatchDog.cancel(): canceling Mon Aug 13 01:59:32 UTC 2018
auto.tcl: Setting watchdog for 200 seconds at Mon Aug 13 01:59:32 UTC 2018
8 ms. Memory: 331264K Free: 300341K (91%)
ptolemy.util.test.WatchDog.cancel(): canceling Mon Aug 13 01:59:32 UTC 2018
------------------ testing $PTII/ptolemy/domains/de/test/auto/MergeModel3Add.xml
auto.tcl: Setting watchdog for 200 seconds at Mon Aug 13 01:59:32 UTC 2018
16 ms. Memory: 331264K Free: 304277K (92%)
ptolemy.util.test.WatchDog.cancel(): canceling Mon Aug 13 01:59:32 UTC 2018
auto.tcl: Setting watchdog for 200 seconds at Mon Aug 13 01:59:32 UTC 2018
10 ms. Memory: 331264K Free: 300352K (91%)
ptolemy.util.test.WatchDog.cancel(): canceling Mon Aug 13 01:59:32 UTC 2018
------------------ testing $PTII/ptolemy/domains/de/test/auto/MergeWithoutDiscard.xml
auto.tcl: Setting watchdog for 200 seconds at Mon Aug 13 01:59:32 UTC 2018
2 ms. Memory: 331264K Free: 320259K (97%)
ptolemy.util.test.WatchDog.cancel(): canceling Mon Aug 13 01:59:32 UTC 2018
auto.tcl: Setting watchdog for 200 seconds at Mon Aug 13 01:59:32 UTC 2018
2 ms. Memory: 331264K Free: 316334K (95%)
ptolemy.util.test.WatchDog.cancel(): canceling Mon Aug 13 01:59:32 UTC 2018
------------------ testing $PTII/ptolemy/domains/de/test/auto/Modal1.xml
auto.tcl: Setting watchdog for 200 seconds at Mon Aug 13 01:59:32 UTC 2018
23 ms. Memory: 331264K Free: 309972K (94%)
ptolemy.util.test.WatchDog.cancel(): canceling Mon Aug 13 01:59:33 UTC 2018
auto.tcl: Setting watchdog for 200 seconds at Mon Aug 13 01:59:33 UTC 2018
23 ms. Memory: 331264K Free: 306047K (92%)
ptolemy.util.test.WatchDog.cancel(): canceling Mon Aug 13 01:59:33 UTC 2018
------------------ testing $PTII/ptolemy/domains/de/test/auto/Modal2.xml
auto.tcl: Setting watchdog for 200 seconds at Mon Aug 13 01:59:33 UTC 2018
22 ms. Memory: 331264K Free: 309838K (94%)
ptolemy.util.test.WatchDog.cancel(): canceling Mon Aug 13 01:59:33 UTC 2018
auto.tcl: Setting watchdog for 200 seconds at Mon Aug 13 01:59:33 UTC 2018
17 ms. Memory: 331264K Free: 305913K (92%)
ptolemy.util.test.WatchDog.cancel(): canceling Mon Aug 13 01:59:33 UTC 2018
------------------ testing $PTII/ptolemy/domains/de/test/auto/Modal3.xml
auto.tcl: Setting watchdog for 200 seconds at Mon Aug 13 01:59:33 UTC 2018
17 ms. Memory: 331264K Free: 309844K (94%)
ptolemy.util.test.WatchDog.cancel(): canceling Mon Aug 13 01:59:33 UTC 2018
auto.tcl: Setting watchdog for 200 seconds at Mon Aug 13 01:59:33 UTC 2018
18 ms. Memory: 331264K Free: 305919K (92%)
ptolemy.util.test.WatchDog.cancel(): canceling Mon Aug 13 01:59:33 UTC 2018
------------------ testing $PTII/ptolemy/domains/de/test/auto/Modal4.xml
auto.tcl: Setting watchdog for 200 seconds at Mon Aug 13 01:59:33 UTC 2018
13 ms. Memory: 331264K Free: 309849K (94%)
ptolemy.util.test.WatchDog.cancel(): canceling Mon Aug 13 01:59:33 UTC 2018
auto.tcl: Setting watchdog for 200 seconds at Mon Aug 13 01:59:33 UTC 2018
14 ms. Memory: 331264K Free: 305924K (92%)
ptolemy.util.test.WatchDog.cancel(): canceling Mon Aug 13 01:59:33 UTC 2018
------------------ testing $PTII/ptolemy/domains/de/test/auto/Modal5.xml
auto.tcl: Setting watchdog for 200 seconds at Mon Aug 13 01:59:33 UTC 2018
20 ms. Memory: 331264K Free: 309836K (94%)
ptolemy.util.test.WatchDog.cancel(): canceling Mon Aug 13 01:59:33 UTC 2018
auto.tcl: Setting watchdog for 200 seconds at Mon Aug 13 01:59:33 UTC 2018
12 ms. Memory: 331264K Free: 305911K (92%)
ptolemy.util.test.WatchDog.cancel(): canceling Mon Aug 13 01:59:33 UTC 2018
------------------ testing $PTII/ptolemy/domains/de/test/auto/Modal6.xml
auto.tcl: Setting watchdog for 200 seconds at Mon Aug 13 01:59:33 UTC 2018
11 ms. Memory: 331264K Free: 309834K (94%)
ptolemy.util.test.WatchDog.cancel(): canceling Mon Aug 13 01:59:33 UTC 2018
auto.tcl: Setting watchdog for 200 seconds at Mon Aug 13 01:59:33 UTC 2018
13 ms. Memory: 331264K Free: 305909K (92%)
ptolemy.util.test.WatchDog.cancel(): canceling Mon Aug 13 01:59:33 UTC 2018
------------------ testing $PTII/ptolemy/domains/de/test/auto/Modal7.xml
auto.tcl: Setting watchdog for 200 seconds at Mon Aug 13 01:59:33 UTC 2018
20 ms. Memory: 331264K Free: 305909K (92%)
ptolemy.util.test.WatchDog.cancel(): canceling Mon Aug 13 01:59:33 UTC 2018
auto.tcl: Setting watchdog for 200 seconds at Mon Aug 13 01:59:33 UTC 2018
13 ms. Memory: 331264K Free: 305909K (92%)
ptolemy.util.test.WatchDog.cancel(): canceling Mon Aug 13 01:59:33 UTC 2018
------------------ testing $PTII/ptolemy/domains/de/test/auto/ModalModel.xml
auto.tcl: Setting watchdog for 200 seconds at Mon Aug 13 01:59:33 UTC 2018
226 ms. Memory: 331264K Free: 246417K (74%)
ptolemy.util.test.WatchDog.cancel(): canceling Mon Aug 13 01:59:34 UTC 2018
auto.tcl: Setting watchdog for 200 seconds at Mon Aug 13 01:59:34 UTC 2018
192 ms. Memory: 331264K Free: 191444K (58%)
ptolemy.util.test.WatchDog.cancel(): canceling Mon Aug 13 01:59:34 UTC 2018
------------------ testing $PTII/ptolemy/domains/de/test/auto/ModalSource.xml
auto.tcl: Setting watchdog for 200 seconds at Mon Aug 13 01:59:34 UTC 2018
6 ms. Memory: 331264K Free: 316330K (95%)
ptolemy.util.test.WatchDog.cancel(): canceling Mon Aug 13 01:59:34 UTC 2018
auto.tcl: Setting watchdog for 200 seconds at Mon Aug 13 01:59:34 UTC 2018
7 ms. Memory: 331264K Free: 312832K (94%)
ptolemy.util.test.WatchDog.cancel(): canceling Mon Aug 13 01:59:34 UTC 2018
------------------ testing $PTII/ptolemy/domains/de/test/auto/NonInterruptibleTimerZeroDelay.xml
auto.tcl: Setting watchdog for 200 seconds at Mon Aug 13 01:59:34 UTC 2018
3 ms. Memory: 331264K Free: 320673K (97%)
ptolemy.util.test.WatchDog.cancel(): canceling Mon Aug 13 01:59:34 UTC 2018
auto.tcl: Setting watchdog for 200 seconds at Mon Aug 13 01:59:34 UTC 2018
2 ms. Memory: 331264K Free: 317175K (96%)
ptolemy.util.test.WatchDog.cancel(): canceling Mon Aug 13 01:59:34 UTC 2018
------------------ testing $PTII/ptolemy/domains/de/test/auto/OpenQueueingNetwork.xml
auto.tcl: Setting watchdog for 200 seconds at Mon Aug 13 01:59:34 UTC 2018
2835 ms. Memory: 573952K Free: 421042K (73%)
ptolemy.util.test.WatchDog.cancel(): canceling Mon Aug 13 01:59:37 UTC 2018
auto.tcl: Setting watchdog for 200 seconds at Mon Aug 13 01:59:37 UTC 2018
2211 ms. Memory: 574464K Free: 350778K (61%)
ptolemy.util.test.WatchDog.cancel(): canceling Mon Aug 13 01:59:39 UTC 2018
------------------ testing $PTII/ptolemy/domains/de/test/auto/OpenQueuingNetwork.xml
auto.tcl: Setting watchdog for 200 seconds at Mon Aug 13 01:59:39 UTC 2018
223 ms. Memory: 1064960K Free: 945838K (89%)
ptolemy.util.test.WatchDog.cancel(): canceling Mon Aug 13 01:59:40 UTC 2018
auto.tcl: Setting watchdog for 200 seconds at Mon Aug 13 01:59:40 UTC 2018
219 ms. Memory: 1064960K Free: 888709K (83%)
ptolemy.util.test.WatchDog.cancel(): canceling Mon Aug 13 01:59:40 UTC 2018
------------------ testing $PTII/ptolemy/domains/de/test/auto/PeriodicSampler.xml
auto.tcl: Setting watchdog for 200 seconds at Mon Aug 13 01:59:40 UTC 2018
2 ms. Memory: 1065472K Free: 1029162K (97%)
ptolemy.util.test.WatchDog.cancel(): canceling Mon Aug 13 01:59:40 UTC 2018
auto.tcl: Setting watchdog for 200 seconds at Mon Aug 13 01:59:40 UTC 2018
2 ms. Memory: 1065472K Free: 1029162K (97%)
ptolemy.util.test.WatchDog.cancel(): canceling Mon Aug 13 01:59:40 UTC 2018
------------------ testing $PTII/ptolemy/domains/de/test/auto/PersistentIO.xml
auto.tcl: Setting watchdog for 200 seconds at Mon Aug 13 01:59:40 UTC 2018
9 ms. Memory: 1065472K Free: 1029745K (97%)
ptolemy.util.test.WatchDog.cancel(): canceling Mon Aug 13 01:59:40 UTC 2018
auto.tcl: Setting watchdog for 200 seconds at Mon Aug 13 01:59:40 UTC 2018
4 ms. Memory: 1065472K Free: 1029745K (97%)
ptolemy.util.test.WatchDog.cancel(): canceling Mon Aug 13 01:59:40 UTC 2018
------------------ testing $PTII/ptolemy/domains/de/test/auto/PortParameterResetOnInitialize.xml
auto.tcl: Setting watchdog for 200 seconds at Mon Aug 13 01:59:40 UTC 2018
2 ms. Memory: 1065472K Free: 1029125K (97%)
ptolemy.util.test.WatchDog.cancel(): canceling Mon Aug 13 01:59:40 UTC 2018
auto.tcl: Setting watchdog for 200 seconds at Mon Aug 13 01:59:40 UTC 2018
2 ms. Memory: 1065472K Free: 1029125K (97%)
ptolemy.util.test.WatchDog.cancel(): canceling Mon Aug 13 01:59:40 UTC 2018
------------------ testing $PTII/ptolemy/domains/de/test/auto/PortParameterUpdates.xml
auto.tcl: Setting watchdog for 200 seconds at Mon Aug 13 01:59:40 UTC 2018
6 ms. Memory: 1065472K Free: 1029740K (97%)
ptolemy.util.test.WatchDog.cancel(): canceling Mon Aug 13 01:59:40 UTC 2018
auto.tcl: Setting watchdog for 200 seconds at Mon Aug 13 01:59:40 UTC 2018
4 ms. Memory: 1065472K Free: 1029740K (97%)
ptolemy.util.test.WatchDog.cancel(): canceling Mon Aug 13 01:59:40 UTC 2018
------------------ testing $PTII/ptolemy/domains/de/test/auto/QueueAndServer.xml
auto.tcl: Setting watchdog for 200 seconds at Mon Aug 13 01:59:40 UTC 2018
13 ms. Memory: 1065472K Free: 1039041K (98%)
ptolemy.util.test.WatchDog.cancel(): canceling Mon Aug 13 01:59:40 UTC 2018
auto.tcl: Setting watchdog for 200 seconds at Mon Aug 13 01:59:40 UTC 2018
10 ms. Memory: 1065472K Free: 1039041K (98%)
ptolemy.util.test.WatchDog.cancel(): canceling Mon Aug 13 01:59:40 UTC 2018
------------------ testing $PTII/ptolemy/domains/de/test/auto/Records.xml
auto.tcl: Setting watchdog for 200 seconds at Mon Aug 13 01:59:40 UTC 2018
6 ms. Memory: 1065472K Free: 1038983K (98%)
ptolemy.util.test.WatchDog.cancel(): canceling Mon Aug 13 01:59:40 UTC 2018
auto.tcl: Setting watchdog for 200 seconds at Mon Aug 13 01:59:40 UTC 2018
2 ms. Memory: 1065472K Free: 1038983K (98%)
ptolemy.util.test.WatchDog.cancel(): canceling Mon Aug 13 01:59:40 UTC 2018
------------------ testing $PTII/ptolemy/domains/de/test/auto/ResetTransitionWithStartTime1.xml
auto.tcl: Setting watchdog for 200 seconds at Mon Aug 13 01:59:40 UTC 2018
7 ms. Memory: 1065472K Free: 1039010K (98%)
ptolemy.util.test.WatchDog.cancel(): canceling Mon Aug 13 01:59:40 UTC 2018
auto.tcl: Setting watchdog for 200 seconds at Mon Aug 13 01:59:40 UTC 2018
5 ms. Memory: 1065472K Free: 1039010K (98%)
ptolemy.util.test.WatchDog.cancel(): canceling Mon Aug 13 01:59:40 UTC 2018
------------------ testing $PTII/ptolemy/domains/de/test/auto/ResetTransitionWithStartTime2.xml
auto.tcl: Setting watchdog for 200 seconds at Mon Aug 13 01:59:40 UTC 2018
18 ms. Memory: 1064448K Free: 1037977K (98%)
ptolemy.util.test.WatchDog.cancel(): canceling Mon Aug 13 01:59:40 UTC 2018
auto.tcl: Setting watchdog for 200 seconds at Mon Aug 13 01:59:40 UTC 2018
6 ms. Memory: 1064448K Free: 1037977K (98%)
ptolemy.util.test.WatchDog.cancel(): canceling Mon Aug 13 01:59:40 UTC 2018
------------------ testing $PTII/ptolemy/domains/de/test/auto/ResetTransitionWithStartTime3.xml
auto.tcl: Setting watchdog for 200 seconds at Mon Aug 13 01:59:40 UTC 2018
9 ms. Memory: 1064960K Free: 1038487K (98%)
ptolemy.util.test.WatchDog.cancel(): canceling Mon Aug 13 01:59:41 UTC 2018
auto.tcl: Setting watchdog for 200 seconds at Mon Aug 13 01:59:41 UTC 2018
8 ms. Memory: 1064960K Free: 1038487K (98%)
ptolemy.util.test.WatchDog.cancel(): canceling Mon Aug 13 01:59:41 UTC 2018
------------------ testing $PTII/ptolemy/domains/de/test/auto/ResetTransitionWithStartTime4.xml
auto.tcl: Setting watchdog for 200 seconds at Mon Aug 13 01:59:41 UTC 2018
5 ms. Memory: 1064960K Free: 1038485K (98%)
ptolemy.util.test.WatchDog.cancel(): canceling Mon Aug 13 01:59:41 UTC 2018
auto.tcl: Setting watchdog for 200 seconds at Mon Aug 13 01:59:41 UTC 2018
4 ms. Memory: 1064960K Free: 1038485K (98%)
ptolemy.util.test.WatchDog.cancel(): canceling Mon Aug 13 01:59:41 UTC 2018
------------------ testing $PTII/ptolemy/domains/de/test/auto/ResettableTimer1.xml
auto.tcl: Setting watchdog for 200 seconds at Mon Aug 13 01:59:41 UTC 2018
3 ms. Memory: 1064960K Free: 1038481K (98%)
ptolemy.util.test.WatchDog.cancel(): canceling Mon Aug 13 01:59:41 UTC 2018
auto.tcl: Setting watchdog for 200 seconds at Mon Aug 13 01:59:41 UTC 2018
2 ms. Memory: 1064960K Free: 1038481K (98%)
ptolemy.util.test.WatchDog.cancel(): canceling Mon Aug 13 01:59:41 UTC 2018
------------------ testing $PTII/ptolemy/domains/de/test/auto/ResettableTimer2.xml
auto.tcl: Setting watchdog for 200 seconds at Mon Aug 13 01:59:41 UTC 2018
5 ms. Memory: 1064960K Free: 1038539K (98%)
ptolemy.util.test.WatchDog.cancel(): canceling Mon Aug 13 01:59:41 UTC 2018
auto.tcl: Setting watchdog for 200 seconds at Mon Aug 13 01:59:41 UTC 2018
2 ms. Memory: 1064960K Free: 1038539K (98%)
ptolemy.util.test.WatchDog.cancel(): canceling Mon Aug 13 01:59:41 UTC 2018
------------------ testing $PTII/ptolemy/domains/de/test/auto/ResettableTimer3.xml
auto.tcl: Setting watchdog for 200 seconds at Mon Aug 13 01:59:41 UTC 2018
1 ms. Memory: 1064960K Free: 1038538K (98%)
ptolemy.util.test.WatchDog.cancel(): canceling Mon Aug 13 01:59:41 UTC 2018
auto.tcl: Setting watchdog for 200 seconds at Mon Aug 13 01:59:41 UTC 2018
1 ms. Memory: 1064960K Free: 1038538K (98%)
ptolemy.util.test.WatchDog.cancel(): canceling Mon Aug 13 01:59:41 UTC 2018
------------------ testing $PTII/ptolemy/domains/de/test/auto/ResettableTimer4.xml
auto.tcl: Setting watchdog for 200 seconds at Mon Aug 13 01:59:41 UTC 2018
2 ms. Memory: 1063936K Free: 1038010K (98%)
ptolemy.util.test.WatchDog.cancel(): canceling Mon Aug 13 01:59:41 UTC 2018
auto.tcl: Setting watchdog for 200 seconds at Mon Aug 13 01:59:41 UTC 2018
1 ms. Memory: 1063936K Free: 1038010K (98%)
ptolemy.util.test.WatchDog.cancel(): canceling Mon Aug 13 01:59:41 UTC 2018
------------------ testing $PTII/ptolemy/domains/de/test/auto/ResettableTimer5.xml
auto.tcl: Setting watchdog for 200 seconds at Mon Aug 13 01:59:41 UTC 2018
1 ms. Memory: 1064448K Free: 1038519K (98%)
ptolemy.util.test.WatchDog.cancel(): canceling Mon Aug 13 01:59:41 UTC 2018
auto.tcl: Setting watchdog for 200 seconds at Mon Aug 13 01:59:41 UTC 2018
2 ms. Memory: 1064448K Free: 1038519K (98%)
ptolemy.util.test.WatchDog.cancel(): canceling Mon Aug 13 01:59:41 UTC 2018
------------------ testing $PTII/ptolemy/domains/de/test/auto/ResettableTimer6.xml
auto.tcl: Setting watchdog for 200 seconds at Mon Aug 13 01:59:41 UTC 2018
1 ms. Memory: 1064448K Free: 1028166K (97%)
ptolemy.util.test.WatchDog.cancel(): canceling Mon Aug 13 01:59:41 UTC 2018
auto.tcl: Setting watchdog for 200 seconds at Mon Aug 13 01:59:41 UTC 2018
1 ms. Memory: 1064448K Free: 1028166K (97%)
ptolemy.util.test.WatchDog.cancel(): canceling Mon Aug 13 01:59:41 UTC 2018
------------------ testing $PTII/ptolemy/domains/de/test/auto/ServerZeroDelay.xml
auto.tcl: Setting watchdog for 200 seconds at Mon Aug 13 01:59:41 UTC 2018
2 ms. Memory: 1064448K Free: 1038460K (98%)
ptolemy.util.test.WatchDog.cancel(): canceling Mon Aug 13 01:59:41 UTC 2018
auto.tcl: Setting watchdog for 200 seconds at Mon Aug 13 01:59:41 UTC 2018
3 ms. Memory: 1064448K Free: 1038460K (98%)
ptolemy.util.test.WatchDog.cancel(): canceling Mon Aug 13 01:59:41 UTC 2018
------------------ testing $PTII/ptolemy/domains/de/test/auto/SmartSender.xml
auto.tcl: Setting watchdog for 200 seconds at Mon Aug 13 01:59:41 UTC 2018
3001 ms. Memory: 1064448K Free: 1008995K (95%)
ptolemy.util.test.WatchDog.cancel(): canceling Mon Aug 13 01:59:44 UTC 2018
auto.tcl: Setting watchdog for 200 seconds at Mon Aug 13 01:59:44 UTC 2018
3002 ms. Memory: 1064448K Free: 1008995K (95%)
ptolemy.util.test.WatchDog.cancel(): canceling Mon Aug 13 01:59:47 UTC 2018
------------------ testing $PTII/ptolemy/domains/de/test/auto/ThreadedComposite.xml
auto.tcl: Setting watchdog for 200 seconds at Mon Aug 13 01:59:47 UTC 2018
195 ms. Memory: 1064448K Free: 1016719K (96%)
ptolemy.util.test.WatchDog.cancel(): canceling Mon Aug 13 01:59:47 UTC 2018
auto.tcl: Setting watchdog for 200 seconds at Mon Aug 13 01:59:47 UTC 2018
112 ms. Memory: 1064448K Free: 1006898K (95%)
ptolemy.util.test.WatchDog.cancel(): canceling Mon Aug 13 01:59:48 UTC 2018
------------------ testing $PTII/ptolemy/domains/de/test/auto/Time.xml
auto.tcl: Setting watchdog for 200 seconds at Mon Aug 13 01:59:48 UTC 2018
501 ms. Memory: 1064448K Free: 988595K (93%)
ptolemy.util.test.WatchDog.cancel(): canceling Mon Aug 13 01:59:48 UTC 2018
auto.tcl: Setting watchdog for 200 seconds at Mon Aug 13 01:59:48 UTC 2018
497 ms. Memory: 1064448K Free: 931437K (88%)
ptolemy.util.test.WatchDog.cancel(): canceling Mon Aug 13 01:59:49 UTC 2018
------------------ testing $PTII/ptolemy/domains/de/test/auto/TimeDelayZeroDelay.xml
auto.tcl: Setting watchdog for 200 seconds at Mon Aug 13 01:59:49 UTC 2018
2 ms. Memory: 1064448K Free: 1037894K (98%)
ptolemy.util.test.WatchDog.cancel(): canceling Mon Aug 13 01:59:49 UTC 2018
auto.tcl: Setting watchdog for 200 seconds at Mon Aug 13 01:59:49 UTC 2018
2 ms. Memory: 1064448K Free: 1037894K (98%)
ptolemy.util.test.WatchDog.cancel(): canceling Mon Aug 13 01:59:49 UTC 2018
------------------ testing $PTII/ptolemy/domains/de/test/auto/TimerZeroDelay.xml
auto.tcl: Setting watchdog for 200 seconds at Mon Aug 13 01:59:49 UTC 2018
2 ms. Memory: 1063424K Free: 1037396K (98%)
ptolemy.util.test.WatchDog.cancel(): canceling Mon Aug 13 01:59:49 UTC 2018
auto.tcl: Setting watchdog for 200 seconds at Mon Aug 13 01:59:49 UTC 2018
2 ms. Memory: 1063424K Free: 1037396K (98%)
ptolemy.util.test.WatchDog.cancel(): canceling Mon Aug 13 01:59:49 UTC 2018
------------------ testing $PTII/ptolemy/domains/de/test/auto/TimingParadox.xml
auto.tcl: Setting watchdog for 200 seconds at Mon Aug 13 01:59:49 UTC 2018
350 ms. Memory: 1063936K Free: 973654K (92%)
ptolemy.util.test.WatchDog.cancel(): canceling Mon Aug 13 01:59:49 UTC 2018
auto.tcl: Setting watchdog for 200 seconds at Mon Aug 13 01:59:49 UTC 2018
328 ms. Memory: 1063936K Free: 939359K (88%)
ptolemy.util.test.WatchDog.cancel(): canceling Mon Aug 13 01:59:50 UTC 2018
------------------ testing $PTII/ptolemy/domains/de/test/auto/TransferInputs.xml
auto.tcl: Setting watchdog for 200 seconds at Mon Aug 13 01:59:50 UTC 2018
8 ms. Memory: 1063424K Free: 1036311K (97%)
ptolemy.util.test.WatchDog.cancel(): canceling Mon Aug 13 01:59:50 UTC 2018
auto.tcl: Setting watchdog for 200 seconds at Mon Aug 13 01:59:50 UTC 2018
2 ms. Memory: 1063424K Free: 1036311K (97%)
ptolemy.util.test.WatchDog.cancel(): canceling Mon Aug 13 01:59:50 UTC 2018
------------------ testing $PTII/ptolemy/domains/de/test/auto/TransferOutputs2.xml
auto.tcl: Setting watchdog for 200 seconds at Mon Aug 13 01:59:50 UTC 2018
4 ms. Memory: 1063936K Free: 1037925K (98%)
ptolemy.util.test.WatchDog.cancel(): canceling Mon Aug 13 01:59:50 UTC 2018
auto.tcl: Setting watchdog for 200 seconds at Mon Aug 13 01:59:50 UTC 2018
3 ms. Memory: 1063936K Free: 1037925K (98%)
ptolemy.util.test.WatchDog.cancel(): canceling Mon Aug 13 01:59:50 UTC 2018
------------------ testing $PTII/ptolemy/domains/de/test/auto/Trilateration.xml
auto.tcl: Setting watchdog for 200 seconds at Mon Aug 13 01:59:50 UTC 2018
14666 ms. Memory: 933376K Free: 776955K (83%)
ptolemy.util.test.WatchDog.cancel(): canceling Mon Aug 13 02:00:05 UTC 2018
auto.tcl: Setting watchdog for 200 seconds at Mon Aug 13 02:00:05 UTC 2018
12694 ms. Memory: 812544K Free: 486898K (60%)
ptolemy.util.test.WatchDog.cancel(): canceling Mon Aug 13 02:00:18 UTC 2018
------------------ testing $PTII/ptolemy/domains/de/test/auto/TwoSigmaDelta.xml
auto.tcl: Setting watchdog for 200 seconds at Mon Aug 13 02:00:18 UTC 2018
2694 ms. Memory: 816640K Free: 511874K (63%)
ptolemy.util.test.WatchDog.cancel(): canceling Mon Aug 13 02:00:21 UTC 2018
auto.tcl: Setting watchdog for 200 seconds at Mon Aug 13 02:00:21 UTC 2018
2299 ms. Memory: 816640K Free: 265409K (33%)
ptolemy.util.test.WatchDog.cancel(): canceling Mon Aug 13 02:00:23 UTC 2018
------------------ testing $PTII/ptolemy/domains/de/test/auto/VariableDelay.xml
auto.tcl: Setting watchdog for 200 seconds at Mon Aug 13 02:00:24 UTC 2018
6 ms. Memory: 813056K Free: 789896K (97%)
ptolemy.util.test.WatchDog.cancel(): canceling Mon Aug 13 02:00:24 UTC 2018
auto.tcl: Setting watchdog for 200 seconds at Mon Aug 13 02:00:24 UTC 2018
2 ms. Memory: 813056K Free: 789896K (97%)
ptolemy.util.test.WatchDog.cancel(): canceling Mon Aug 13 02:00:24 UTC 2018
------------------ testing $PTII/ptolemy/domains/de/test/auto/VariableDelay2.xml
auto.tcl: Setting watchdog for 200 seconds at Mon Aug 13 02:00:24 UTC 2018
2 ms. Memory: 812544K Free: 789839K (97%)
ptolemy.util.test.WatchDog.cancel(): canceling Mon Aug 13 02:00:24 UTC 2018
auto.tcl: Setting watchdog for 200 seconds at Mon Aug 13 02:00:24 UTC 2018
2 ms. Memory: 812544K Free: 789839K (97%)
ptolemy.util.test.WatchDog.cancel(): canceling Mon Aug 13 02:00:24 UTC 2018
------------------ testing $PTII/ptolemy/domains/de/test/auto/VariableDelayZeroDelay.xml
auto.tcl: Setting watchdog for 200 seconds at Mon Aug 13 02:00:24 UTC 2018
2 ms. Memory: 812544K Free: 789838K (97%)
ptolemy.util.test.WatchDog.cancel(): canceling Mon Aug 13 02:00:24 UTC 2018
auto.tcl: Setting watchdog for 200 seconds at Mon Aug 13 02:00:24 UTC 2018
2 ms. Memory: 812544K Free: 789838K (97%)
ptolemy.util.test.WatchDog.cancel(): canceling Mon Aug 13 02:00:24 UTC 2018
------------------ testing $PTII/ptolemy/domains/de/test/auto/VariableDelayZeroDelay2.xml
auto.tcl: Setting watchdog for 200 seconds at Mon Aug 13 02:00:24 UTC 2018
2 ms. Memory: 815616K Free: 785597K (96%)
ptolemy.util.test.WatchDog.cancel(): canceling Mon Aug 13 02:00:24 UTC 2018
auto.tcl: Setting watchdog for 200 seconds at Mon Aug 13 02:00:24 UTC 2018
2 ms. Memory: 815616K Free: 785597K (96%)
ptolemy.util.test.WatchDog.cancel(): canceling Mon Aug 13 02:00:24 UTC 2018
------------------ testing $PTII/ptolemy/domains/de/test/auto/deInCt.xml
auto.tcl: Setting watchdog for 200 seconds at Mon Aug 13 02:00:24 UTC 2018
0
1
1
1
0
0
0
1
1
0
0
0
1
1
1
0
0
0
1
1
1
0
0
0
1
1
1
1
0
0
0
1
1
0
0
0
1
1
1
0
0
0
1
1
1
0
0
0
1
1
1
0
0
0
0
10 ms. Memory: 812544K Free: 782479K (96%)
ptolemy.util.test.WatchDog.cancel(): canceling Mon Aug 13 02:00:24 UTC 2018
auto.tcl: Setting watchdog for 200 seconds at Mon Aug 13 02:00:24 UTC 2018
0
1
1
1
0
0
0
1
1
1
0
0
0
1
1
1
0
0
0
0
0
0
0
1
1
1
0
0
0
1
1
0
0
0
1
1
1
1
1
5 ms. Memory: 812544K Free: 782479K (96%)
ptolemy.util.test.WatchDog.cancel(): canceling Mon Aug 13 02:00:24 UTC 2018
------------------ testing $PTII/ptolemy/domains/de/test/auto/deInCt2.xml
auto.tcl: Setting watchdog for 200 seconds at Mon Aug 13 02:00:24 UTC 2018
0
1
1
1
0
0
1
1
1
0
0
1
1
1
0
0
1
1
1
0
0
1
1
1
0
0
1
1
1
0
0
1
1
1
0
0
1
1
1
0
0
0
8 ms. Memory: 815616K Free: 785551K (96%)
ptolemy.util.test.WatchDog.cancel(): canceling Mon Aug 13 02:00:24 UTC 2018
auto.tcl: Setting watchdog for 200 seconds at Mon Aug 13 02:00:24 UTC 2018
0
1
1
1
0
0
1
1
1
0
0
1
1
1
0
0
1
1
1
0
0
1
1
1
0
0
1
1
1
0
0
1
1
1
0
0
1
1
1
0
0
0
5 ms. Memory: 815616K Free: 785551K (96%)
ptolemy.util.test.WatchDog.cancel(): canceling Mon Aug 13 02:00:24 UTC 2018
------------------ testing $PTII/ptolemy/domains/de/test/auto/dynamicCausalityInterface1.xml
auto.tcl: Setting watchdog for 200 seconds at Mon Aug 13 02:00:24 UTC 2018
1 ms. Memory: 812544K Free: 789827K (97%)
ptolemy.util.test.WatchDog.cancel(): canceling Mon Aug 13 02:00:24 UTC 2018
auto.tcl: Setting watchdog for 200 seconds at Mon Aug 13 02:00:24 UTC 2018
1 ms. Memory: 812544K Free: 789827K (97%)
ptolemy.util.test.WatchDog.cancel(): canceling Mon Aug 13 02:00:24 UTC 2018
------------------ testing $PTII/ptolemy/domains/de/test/auto/fsm_de_test.xml
auto.tcl: Setting watchdog for 200 seconds at Mon Aug 13 02:00:24 UTC 2018
7 ms. Memory: 815104K Free: 784971K (96%)
ptolemy.util.test.WatchDog.cancel(): canceling Mon Aug 13 02:00:24 UTC 2018
auto.tcl: Setting watchdog for 200 seconds at Mon Aug 13 02:00:24 UTC 2018
7 ms. Memory: 815104K Free: 784971K (96%)
ptolemy.util.test.WatchDog.cancel(): canceling Mon Aug 13 02:00:24 UTC 2018
------------------ testing $PTII/ptolemy/domains/de/test/auto/functionDependencyReconstruction.xml
auto.tcl: Setting watchdog for 200 seconds at Mon Aug 13 02:00:24 UTC 2018
4 ms. Memory: 812544K Free: 771905K (95%)
ptolemy.util.test.WatchDog.cancel(): canceling Mon Aug 13 02:00:24 UTC 2018
auto.tcl: Setting watchdog for 200 seconds at Mon Aug 13 02:00:24 UTC 2018
3 ms. Memory: 812544K Free: 771905K (95%)
ptolemy.util.test.WatchDog.cancel(): canceling Mon Aug 13 02:00:24 UTC 2018
------------------ testing $PTII/ptolemy/domains/de/test/auto/multirate.xml
auto.tcl: Setting watchdog for 200 seconds at Mon Aug 13 02:00:24 UTC 2018
8 ms. Memory: 814592K Free: 784326K (96%)
ptolemy.util.test.WatchDog.cancel(): canceling Mon Aug 13 02:00:24 UTC 2018
auto.tcl: Setting watchdog for 200 seconds at Mon Aug 13 02:00:24 UTC 2018
2 ms. Memory: 814592K Free: 784326K (96%)
ptolemy.util.test.WatchDog.cancel(): canceling Mon Aug 13 02:00:24 UTC 2018
------------------ testing $PTII/ptolemy/domains/de/test/auto/multirate2.xml
auto.tcl: Setting watchdog for 200 seconds at Mon Aug 13 02:00:24 UTC 2018
3 ms. Memory: 812544K Free: 782466K (96%)
ptolemy.util.test.WatchDog.cancel(): canceling Mon Aug 13 02:00:24 UTC 2018
auto.tcl: Setting watchdog for 200 seconds at Mon Aug 13 02:00:24 UTC 2018
3 ms. Memory: 812544K Free: 782466K (96%)
ptolemy.util.test.WatchDog.cancel(): canceling Mon Aug 13 02:00:24 UTC 2018
------------------ testing $PTII/ptolemy/domains/de/test/auto/realtime.xml
auto.tcl: Setting watchdog for 200 seconds at Mon Aug 13 02:00:24 UTC 2018
10001 ms. Memory: 814592K Free: 784471K (96%)
ptolemy.util.test.WatchDog.cancel(): canceling Mon Aug 13 02:00:34 UTC 2018
auto.tcl: Setting watchdog for 200 seconds at Mon Aug 13 02:00:34 UTC 2018
10001 ms. Memory: 814592K Free: 784471K (96%)
ptolemy.util.test.WatchDog.cancel(): canceling Mon Aug 13 02:00:44 UTC 2018
------------------ testing $PTII/ptolemy/domains/de/test/auto/relationGroup.xml
auto.tcl: Setting watchdog for 200 seconds at Mon Aug 13 02:00:44 UTC 2018
2 ms. Memory: 812544K Free: 782490K (96%)
ptolemy.util.test.WatchDog.cancel(): canceling Mon Aug 13 02:00:44 UTC 2018
auto.tcl: Setting watchdog for 200 seconds at Mon Aug 13 02:00:44 UTC 2018
2 ms. Memory: 812544K Free: 782490K (96%)
ptolemy.util.test.WatchDog.cancel(): canceling Mon Aug 13 02:00:44 UTC 2018
------------------ testing $PTII/ptolemy/domains/de/test/auto/relationGroup2.xml
auto.tcl: Setting watchdog for 200 seconds at Mon Aug 13 02:00:44 UTC 2018
5 ms. Memory: 814080K Free: 784052K (96%)
ptolemy.util.test.WatchDog.cancel(): canceling Mon Aug 13 02:00:45 UTC 2018
auto.tcl: Setting watchdog for 200 seconds at Mon Aug 13 02:00:45 UTC 2018
2 ms. Memory: 814080K Free: 784052K (96%)
ptolemy.util.test.WatchDog.cancel(): canceling Mon Aug 13 02:00:45 UTC 2018
------------------ testing $PTII/ptolemy/domains/de/test/auto/sortWithOpaquePorts.xml
auto.tcl: Setting watchdog for 200 seconds at Mon Aug 13 02:00:45 UTC 2018
2 ms. Memory: 812544K Free: 782518K (96%)
ptolemy.util.test.WatchDog.cancel(): canceling Mon Aug 13 02:00:45 UTC 2018
auto.tcl: Setting watchdog for 200 seconds at Mon Aug 13 02:00:45 UTC 2018
2 ms. Memory: 812544K Free: 782518K (96%)
ptolemy.util.test.WatchDog.cancel(): canceling Mon Aug 13 02:00:45 UTC 2018
------------------ testing $PTII/ptolemy/domains/de/test/auto/transferInputsandOutputs.xml
auto.tcl: Setting watchdog for 200 seconds at Mon Aug 13 02:00:45 UTC 2018
2 ms. Memory: 814080K Free: 784041K (96%)
ptolemy.util.test.WatchDog.cancel(): canceling Mon Aug 13 02:00:45 UTC 2018
auto.tcl: Setting watchdog for 200 seconds at Mon Aug 13 02:00:45 UTC 2018
2 ms. Memory: 814080K Free: 784041K (96%)
ptolemy.util.test.WatchDog.cancel(): canceling Mon Aug 13 02:00:45 UTC 2018
------------------ testing $PTII/ptolemy/domains/de/test/auto/triggerType.xml
auto.tcl: Setting watchdog for 200 seconds at Mon Aug 13 02:00:45 UTC 2018
4 ms. Memory: 812544K Free: 782456K (96%)
ptolemy.util.test.WatchDog.cancel(): canceling Mon Aug 13 02:00:45 UTC 2018
auto.tcl: Setting watchdog for 200 seconds at Mon Aug 13 02:00:45 UTC 2018
2 ms. Memory: 812544K Free: 782456K (96%)
ptolemy.util.test.WatchDog.cancel(): canceling Mon Aug 13 02:00:45 UTC 2018
08/13/18 02:00:45
Failed: 0  Total Tests: 192  ((Passed: 187, Newly Passed: 1)  Known Failed: 5) /home/travis/build/icyphy/ptII/ptolemy/domains/de/test
08/13/18 02:00:45
Failed: 0  Total Tests: 192  ((Passed: 187, Newly Passed: 1)  Known Failed: 5) /home/travis/build/icyphy/ptII/ptolemy/domains/de/test
----------------- testing (KnownFailure) /home/travis/build/icyphy/ptII/ptolemy/domains/de/test/auto/knownFailedTests/DESDFClockTest.xml
2013 ms. Memory: 813568K Free: 768869K (95%)
Known Failure: java.lang.reflect.InvocationTargetException
----------------- testing (KnownFailure) /home/travis/build/icyphy/ptII/ptolemy/domains/de/test/auto/knownFailedTests/DirectFeedback.xml
2 ms. Memory: 813568K Free: 710378K (87%)
Known Failure: java.lang.reflect.InvocationTargetException
----------------- testing (KnownFailure) /home/travis/build/icyphy/ptII/ptolemy/domains/de/test/auto/knownFailedTests/FSMSource.xml
15 ms. Memory: 813568K Free: 651887K (80%)
----------------- testing (KnownFailure) /home/travis/build/icyphy/ptII/ptolemy/domains/de/test/auto/knownFailedTests/HierarchicalModel.xml
3 ms. Memory: 813568K Free: 608002K (75%)
Known Failure: java.lang.reflect.InvocationTargetException
----------------- testing (KnownFailure) /home/travis/build/icyphy/ptII/ptolemy/domains/de/test/auto/knownFailedTests/dependencyLoop.xml
4 ms. Memory: 813568K Free: 534872K (66%)
Known Failure: java.lang.reflect.InvocationTargetException
----------------- testing (KnownFailure) /home/travis/build/icyphy/ptII/ptolemy/domains/de/test/auto/knownFailedTests/dependencyLoop2.xml
4 ms. Memory: 813568K Free: 476381K (59%)
Known Failure: java.lang.reflect.InvocationTargetException
No auto/linux-amd64/*.xml tests in /home/travis/build/icyphy/ptII/ptolemy/domains/de/test
AutoTests.java: About to close Vertx.
AutoTests.java: Vertx closed.

===========================================================================================
----------------- testing Mon Aug 13 02:00:47 UTC 2018 /home/travis/build/icyphy/ptII/ptolemy/domains/de/test/auto/ActorDepthCalculation_actorWithoutPorts.xml
----------------- Instantiating /home/travis/build/icyphy/ptII/ptolemy/domains/de/test/auto/ActorDepthCalculation_actorWithoutPorts.xml
1 ms. Memory: 813568K Free: 388645K (48%)
----------------- Invoking toplevel() on ptolemy.moml.MoMLSimpleApplication@7d41a8ec
----------------- Done invoking toplevel() on ptolemy.moml.MoMLSimpleApplication@7d41a8ec
reloadAllAccessors: .ActorDepthCalculation_actorWithoutPorts

===========================================================================================
----------------- testing Mon Aug 13 02:00:47 UTC 2018 /home/travis/build/icyphy/ptII/ptolemy/domains/de/test/auto/AssemblyLine.xml
----------------- Instantiating /home/travis/build/icyphy/ptII/ptolemy/domains/de/test/auto/AssemblyLine.xml
2 ms. Memory: 813568K Free: 359399K (44%)
----------------- Invoking toplevel() on ptolemy.moml.MoMLSimpleApplication@4b4066ff
----------------- Done invoking toplevel() on ptolemy.moml.MoMLSimpleApplication@4b4066ff
reloadAllAccessors: .AssemblyLine

===========================================================================================
----------------- testing Mon Aug 13 02:00:47 UTC 2018 /home/travis/build/icyphy/ptII/ptolemy/domains/de/test/auto/CQBug1.xml
----------------- Instantiating /home/travis/build/icyphy/ptII/ptolemy/domains/de/test/auto/CQBug1.xml
2 ms. Memory: 813568K Free: 330154K (41%)
----------------- Invoking toplevel() on ptolemy.moml.MoMLSimpleApplication@37e673f
----------------- Done invoking toplevel() on ptolemy.moml.MoMLSimpleApplication@37e673f
reloadAllAccessors: .CQBug1

===========================================================================================
----------------- testing Mon Aug 13 02:00:47 UTC 2018 /home/travis/build/icyphy/ptII/ptolemy/domains/de/test/auto/CancelFireAt.xml
----------------- Instantiating /home/travis/build/icyphy/ptII/ptolemy/domains/de/test/auto/CancelFireAt.xml
1 ms. Memory: 813568K Free: 300908K (37%)
----------------- Invoking toplevel() on ptolemy.moml.MoMLSimpleApplication@686b21e7
----------------- Done invoking toplevel() on ptolemy.moml.MoMLSimpleApplication@686b21e7
reloadAllAccessors: .CancelFireAt

===========================================================================================
----------------- testing Mon Aug 13 02:00:47 UTC 2018 /home/travis/build/icyphy/ptII/ptolemy/domains/de/test/auto/CausalityAndComposabilityAnalysis.xml
----------------- Instantiating /home/travis/build/icyphy/ptII/ptolemy/domains/de/test/auto/CausalityAndComposabilityAnalysis.xml
2 ms. Memory: 813568K Free: 271663K (33%)
----------------- Invoking toplevel() on ptolemy.moml.MoMLSimpleApplication@4e541955
----------------- Done invoking toplevel() on ptolemy.moml.MoMLSimpleApplication@4e541955
reloadAllAccessors: .CausalityAndComposabilityAnalysis

===========================================================================================
----------------- testing Mon Aug 13 02:00:47 UTC 2018 /home/travis/build/icyphy/ptII/ptolemy/domains/de/test/auto/CausalityInterface1.xml
----------------- Instantiating /home/travis/build/icyphy/ptII/ptolemy/domains/de/test/auto/CausalityInterface1.xml
4 ms. Memory: 813568K Free: 242417K (30%)
----------------- Invoking toplevel() on ptolemy.moml.MoMLSimpleApplication@36f8a70a
----------------- Done invoking toplevel() on ptolemy.moml.MoMLSimpleApplication@36f8a70a
reloadAllAccessors: .CausalityInterface1

===========================================================================================
----------------- testing Mon Aug 13 02:00:47 UTC 2018 /home/travis/build/icyphy/ptII/ptolemy/domains/de/test/auto/CausalityInterface15.xml
----------------- Instantiating /home/travis/build/icyphy/ptII/ptolemy/domains/de/test/auto/CausalityInterface15.xml
2 ms. Memory: 813568K Free: 213172K (26%)
----------------- Invoking toplevel() on ptolemy.moml.MoMLSimpleApplication@1203f4fa
[...]
java.lang.RuntimeException: Execution failed
	at ptolemy.moml.MoMLSimpleApplication$UnloadThread.run(MoMLSimpleApplication.java:402)
Caused by: ptolemy.kernel.util.IllegalActionException: Test fails in iteration 1.
Value was: 1.0. Should have been: 2.0
  in .DirectFeedback.Test
	at ptolemy.actor.lib.Test.fire(Test.java:268)
	at ptolemy.domains.de.kernel.DEDirector._fire(DEDirector.java:1949)
	at ptolemy.domains.de.kernel.DEDirector.fire(DEDirector.java:502)
	at ptolemy.actor.CompositeActor.fire(CompositeActor.java:455)
	at ptolemy.actor.Manager.iterate(Manager.java:851)
	at ptolemy.actor.Manager.execute(Manager.java:369)
	at ptolemy.actor.Manager.run(Manager.java:1263)
	at ptolemy.actor.Manager$PtolemyRunThread.run(Manager.java:1915)
java.lang.RuntimeException: Execution failed
	at ptolemy.moml.MoMLSimpleApplication$UnloadThread.run(MoMLSimpleApplication.java:402)
Caused by: ptolemy.kernel.util.IllegalActionException: Actor is not ready to fire.  Perhaps UpSample.prefire() returned false? Try debugging the actor by selecting "Listen to Actor".  Also, for SDF check moml for tokenConsumptionRate on input.
  in .DESDFClockTest.Play Bell.Copy1:SDF Director and .DESDFClockTest.Play Bell.UpSample
	at ptolemy.actor.sched.StaticSchedulingDirector.fire(StaticSchedulingDirector.java:227)
	at ptolemy.domains.sdf.kernel.SDFDirector.fire(SDFDirector.java:500)
	at ptolemy.actor.CompositeActor.fire(CompositeActor.java:455)
	at ptolemy.domains.de.kernel.DEDirector._fire(DEDirector.java:1949)
	at ptolemy.domains.de.kernel.DEDirector.fire(DEDirector.java:502)
	at ptolemy.actor.CompositeActor.fire(CompositeActor.java:455)
	at ptolemy.actor.Manager.iterate(Manager.java:851)
	at ptolemy.actor.Manager.execute(Manager.java:369)
	at ptolemy.actor.Manager.run(Manager.java:1263)
	at ptolemy.actor.Manager$PtolemyRunThread.run(Manager.java:1915)
java.lang.reflect.InvocationTargetException
	at sun.reflect.NativeConstructorAccessorImpl.newInstance0(Native Method)
	at sun.reflect.NativeConstructorAccessorImpl.newInstance(NativeConstructorAccessorImpl.java:62)
	at sun.reflect.DelegatingConstructorAccessorImpl.newInstance(DelegatingConstructorAccessorImpl.java:45)
	at java.lang.reflect.Constructor.newInstance(Constructor.java:423)
	at ptolemy.util.test.junit.AutoKnownFailedTests.RunModel(AutoKnownFailedTests.java:107)
	at sun.reflect.NativeMethodAccessorImpl.invoke0(Native Method)
	at sun.reflect.NativeMethodAccessorImpl.invoke(NativeMethodAccessorImpl.java:62)
	at sun.reflect.DelegatingMethodAccessorImpl.invoke(DelegatingMethodAccessorImpl.java:43)
	at java.lang.reflect.Method.invoke(Method.java:498)
	at org.junit.runners.model.FrameworkMethod$1.runReflectiveCall(FrameworkMethod.java:44)
	at org.junit.internal.runners.model.ReflectiveCallable.run(ReflectiveCallable.java:15)
	at org.junit.runners.model.FrameworkMethod.invokeExplosively(FrameworkMethod.java:41)
	at junitparams.internal.InvokeParameterisedMethod.evaluate(InvokeParameterisedMethod.java:102)
	at org.junit.internal.runners.statements.FailOnTimeout$1.run(FailOnTimeout.java:28)
Caused by: ptolemy.kernel.util.IllegalActionException: Actor is not ready to fire.  Perhaps UpSample.prefire() returned false? Try debugging the actor by selecting "Listen to Actor".  Also, for SDF check moml for tokenConsumptionRate on input.
  in .DESDFClockTest.Play Bell.Copy1:SDF Director and .DESDFClockTest.Play Bell.UpSample
	at ptolemy.actor.sched.StaticSchedulingDirector.fire(StaticSchedulingDirector.java:227)
	at ptolemy.domains.sdf.kernel.SDFDirector.fire(SDFDirector.java:500)
	at ptolemy.actor.CompositeActor.fire(CompositeActor.java:455)
	at ptolemy.domains.de.kernel.DEDirector._fire(DEDirector.java:1949)
	at ptolemy.domains.de.kernel.DEDirector.fire(DEDirector.java:502)
	at ptolemy.actor.CompositeActor.fire(CompositeActor.java:455)
	at ptolemy.actor.Manager.iterate(Manager.java:851)
	at ptolemy.actor.Manager.execute(Manager.java:369)
	at ptolemy.actor.Manager.run(Manager.java:1263)
	at ptolemy.actor.Manager$PtolemyRunThread.run(Manager.java:1915)
java.lang.RuntimeException: Execution failed
	at ptolemy.moml.MoMLSimpleApplication$UnloadThread.run(MoMLSimpleApplication.java:402)
Caused by: ptolemy.kernel.util.IllegalActionException: Test fails in iteration 1.
Value was: 1.0. Should have been: 2.0
  in .DirectFeedback.Test
	at ptolemy.actor.lib.Test.fire(Test.java:268)
	at ptolemy.domains.de.kernel.DEDirector._fire(DEDirector.java:1949)
	at ptolemy.domains.de.kernel.DEDirector.fire(DEDirector.java:502)
	at ptolemy.actor.CompositeActor.fire(CompositeActor.java:455)
	at ptolemy.actor.Manager.iterate(Manager.java:851)
	at ptolemy.actor.Manager.execute(Manager.java:369)
	at ptolemy.actor.Manager.run(Manager.java:1263)
	at ptolemy.actor.Manager$PtolemyRunThread.run(Manager.java:1915)
java.lang.reflect.InvocationTargetException
	at sun.reflect.NativeConstructorAccessorImpl.newInstance0(Native Method)
	at sun.reflect.NativeConstructorAccessorImpl.newInstance(NativeConstructorAccessorImpl.java:62)
	at sun.reflect.DelegatingConstructorAccessorImpl.newInstance(DelegatingConstructorAccessorImpl.java:45)
	at java.lang.reflect.Constructor.newInstance(Constructor.java:423)
	at ptolemy.util.test.junit.AutoKnownFailedTests.RunModel(AutoKnownFailedTests.java:107)
	at sun.reflect.NativeMethodAccessorImpl.invoke0(Native Method)
	at sun.reflect.NativeMethodAccessorImpl.invoke(NativeMethodAccessorImpl.java:62)
	at sun.reflect.DelegatingMethodAccessorImpl.invoke(DelegatingMethodAccessorImpl.java:43)
	at java.lang.reflect.Method.invoke(Method.java:498)
	at org.junit.runners.model.FrameworkMethod$1.runReflectiveCall(FrameworkMethod.java:44)
	at org.junit.internal.runners.model.ReflectiveCallable.run(ReflectiveCallable.java:15)
	at org.junit.runners.model.FrameworkMethod.invokeExplosively(FrameworkMethod.java:41)
	at junitparams.internal.InvokeParameterisedMethod.evaluate(InvokeParameterisedMethod.java:102)
	at org.junit.internal.runners.statements.FailOnTimeout$1.run(FailOnTimeout.java:28)
Caused by: ptolemy.kernel.util.IllegalActionException: Test fails in iteration 1.
Value was: 1.0. Should have been: 2.0
  in .DirectFeedback.Test
	at ptolemy.actor.lib.Test.fire(Test.java:268)
	at ptolemy.domains.de.kernel.DEDirector._fire(DEDirector.java:1949)
	at ptolemy.domains.de.kernel.DEDirector.fire(DEDirector.java:502)
	at ptolemy.actor.CompositeActor.fire(CompositeActor.java:455)
	at ptolemy.actor.Manager.iterate(Manager.java:851)
	at ptolemy.actor.Manager.execute(Manager.java:369)
	at ptolemy.actor.Manager.run(Manager.java:1263)
	at ptolemy.actor.Manager$PtolemyRunThread.run(Manager.java:1915)
java.lang.RuntimeException: Execution failed
	at ptolemy.moml.MoMLSimpleApplication$UnloadThread.run(MoMLSimpleApplication.java:402)
Caused by: ptolemy.kernel.util.IllegalActionException: Found a zero delay loop containing .HierarchicalModel.A
  in .HierarchicalModel and .HierarchicalModel.A
	at ptolemy.actor.util.CausalityInterfaceForComposites._computeOutputPortDepth(CausalityInterfaceForComposites.java:759)
	at ptolemy.actor.util.CausalityInterfaceForComposites._computeInputDepth(CausalityInterfaceForComposites.java:696)
	at ptolemy.actor.util.CausalityInterfaceForComposites._computeOutputPortDepth(CausalityInterfaceForComposites.java:765)
	at ptolemy.actor.util.CausalityInterfaceForComposites._computeInputDepth(CausalityInterfaceForComposites.java:696)
	at ptolemy.actor.util.CausalityInterfaceForComposites._computeOutputPortDepth(CausalityInterfaceForComposites.java:765)
	at ptolemy.actor.util.CausalityInterfaceForComposites._computeInputDepth(CausalityInterfaceForComposites.java:696)
	at ptolemy.actor.util.CausalityInterfaceForComposites._computeActorDepth(CausalityInterfaceForComposites.java:532)
	at ptolemy.actor.util.CausalityInterfaceForComposites.checkForCycles(CausalityInterfaceForComposites.java:96)
	at ptolemy.domains.de.kernel.DEDirector.preinitialize(DEDirector.java:1338)
	at ptolemy.actor.CompositeActor.preinitialize(CompositeActor.java:1828)
	at ptolemy.actor.Manager.preinitializeAndResolveTypes(Manager.java:1040)
	at ptolemy.actor.Manager.initialize(Manager.java:710)
	at ptolemy.actor.Manager.execute(Manager.java:356)
	at ptolemy.actor.Manager.run(Manager.java:1263)
	at ptolemy.actor.Manager$PtolemyRunThread.run(Manager.java:1915)
java.lang.reflect.InvocationTargetException
	at sun.reflect.NativeConstructorAccessorImpl.newInstance0(Native Method)
	at sun.reflect.NativeConstructorAccessorImpl.newInstance(NativeConstructorAccessorImpl.java:62)
	at sun.reflect.DelegatingConstructorAccessorImpl.newInstance(DelegatingConstructorAccessorImpl.java:45)
	at java.lang.reflect.Constructor.newInstance(Constructor.java:423)
	at ptolemy.util.test.junit.AutoKnownFailedTests.RunModel(AutoKnownFailedTests.java:107)
	at sun.reflect.NativeMethodAccessorImpl.invoke0(Native Method)
	at sun.reflect.NativeMethodAccessorImpl.invoke(NativeMethodAccessorImpl.java:62)
	at sun.reflect.DelegatingMethodAccessorImpl.invoke(DelegatingMethodAccessorImpl.java:43)
	at java.lang.reflect.Method.invoke(Method.java:498)
	at org.junit.runners.model.FrameworkMethod$1.runReflectiveCall(FrameworkMethod.java:44)
	at org.junit.internal.runners.model.ReflectiveCallable.run(ReflectiveCallable.java:15)
	at org.junit.runners.model.FrameworkMethod.invokeExplosively(FrameworkMethod.java:41)
	at junitparams.internal.InvokeParameterisedMethod.evaluate(InvokeParameterisedMethod.java:102)
	at org.junit.internal.runners.statements.FailOnTimeout$1.run(FailOnTimeout.java:28)
Caused by: ptolemy.kernel.util.IllegalActionException: Found a zero delay loop containing .HierarchicalModel.A
  in .HierarchicalModel and .HierarchicalModel.A
	at ptolemy.actor.util.CausalityInterfaceForComposites._computeOutputPortDepth(CausalityInterfaceForComposites.java:759)
	at ptolemy.actor.util.CausalityInterfaceForComposites._computeInputDepth(CausalityInterfaceForComposites.java:696)
	at ptolemy.actor.util.CausalityInterfaceForComposites._computeOutputPortDepth(CausalityInterfaceForComposites.java:765)
	at ptolemy.actor.util.CausalityInterfaceForComposites._computeInputDepth(CausalityInterfaceForComposites.java:696)
	at ptolemy.actor.util.CausalityInterfaceForComposites._computeOutputPortDepth(CausalityInterfaceForComposites.java:765)
	at ptolemy.actor.util.CausalityInterfaceForComposites._computeInputDepth(CausalityInterfaceForComposites.java:696)
	at ptolemy.actor.util.CausalityInterfaceForComposites._computeActorDepth(CausalityInterfaceForComposites.java:532)
	at ptolemy.actor.util.CausalityInterfaceForComposites.checkForCycles(CausalityInterfaceForComposites.java:96)
	at ptolemy.domains.de.kernel.DEDirector.preinitialize(DEDirector.java:1338)
	at ptolemy.actor.CompositeActor.preinitialize(CompositeActor.java:1828)
	at ptolemy.actor.Manager.preinitializeAndResolveTypes(Manager.java:1040)
	at ptolemy.actor.Manager.initialize(Manager.java:710)
	at ptolemy.actor.Manager.execute(Manager.java:356)
	at ptolemy.actor.Manager.run(Manager.java:1263)
	at ptolemy.actor.Manager$PtolemyRunThread.run(Manager.java:1915)
java.lang.RuntimeException: Execution failed
	at ptolemy.moml.MoMLSimpleApplication$UnloadThread.run(MoMLSimpleApplication.java:402)
Caused by: ptolemy.kernel.util.IllegalActionException: Found a zero delay loop containing .dependencyLoop.original
  in .dependencyLoop and .dependencyLoop.original
	at ptolemy.actor.util.CausalityInterfaceForComposites._computeOutputPortDepth(CausalityInterfaceForComposites.java:759)
	at ptolemy.actor.util.CausalityInterfaceForComposites._computeInputDepth(CausalityInterfaceForComposites.java:696)
	at ptolemy.actor.util.CausalityInterfaceForComposites._computeOutputPortDepth(CausalityInterfaceForComposites.java:765)
	at ptolemy.actor.util.CausalityInterfaceForComposites._computeInputDepth(CausalityInterfaceForComposites.java:696)
	at ptolemy.actor.util.CausalityInterfaceForComposites._computeOutputPortDepth(CausalityInterfaceForComposites.java:765)
	at ptolemy.actor.util.CausalityInterfaceForComposites._computeInputDepth(CausalityInterfaceForComposites.java:696)
	at ptolemy.actor.util.CausalityInterfaceForComposites._computeActorDepth(CausalityInterfaceForComposites.java:532)
	at ptolemy.actor.util.CausalityInterfaceForComposites.checkForCycles(CausalityInterfaceForComposites.java:96)
	at ptolemy.domains.de.kernel.DEDirector.preinitialize(DEDirector.java:1338)
	at ptolemy.actor.CompositeActor.preinitialize(CompositeActor.java:1828)
	at ptolemy.actor.Manager.preinitializeAndResolveTypes(Manager.java:1040)
	at ptolemy.actor.Manager.initialize(Manager.java:710)
	at ptolemy.actor.Manager.execute(Manager.java:356)
	at ptolemy.actor.Manager.run(Manager.java:1263)
	at ptolemy.actor.Manager$PtolemyRunThread.run(Manager.java:1915)
java.lang.reflect.InvocationTargetException
	at sun.reflect.NativeConstructorAccessorImpl.newInstance0(Native Method)
	at sun.reflect.NativeConstructorAccessorImpl.newInstance(NativeConstructorAccessorImpl.java:62)
	at sun.reflect.DelegatingConstructorAccessorImpl.newInstance(DelegatingConstructorAccessorImpl.java:45)
	at java.lang.reflect.Constructor.newInstance(Constructor.java:423)
	at ptolemy.util.test.junit.AutoKnownFailedTests.RunModel(AutoKnownFailedTests.java:107)
	at sun.reflect.NativeMethodAccessorImpl.invoke0(Native Method)
	at sun.reflect.NativeMethodAccessorImpl.invoke(NativeMethodAccessorImpl.java:62)
	at sun.reflect.DelegatingMethodAccessorImpl.invoke(DelegatingMethodAccessorImpl.java:43)
	at java.lang.reflect.Method.invoke(Method.java:498)
	at org.junit.runners.model.FrameworkMethod$1.runReflectiveCall(FrameworkMethod.java:44)
	at org.junit.internal.runners.model.ReflectiveCallable.run(ReflectiveCallable.java:15)
	at org.junit.runners.model.FrameworkMethod.invokeExplosively(FrameworkMethod.java:41)
	at junitparams.internal.InvokeParameterisedMethod.evaluate(InvokeParameterisedMethod.java:102)
	at org.junit.internal.runners.statements.FailOnTimeout$1.run(FailOnTimeout.java:28)
Caused by: ptolemy.kernel.util.IllegalActionException: Found a zero delay loop containing .dependencyLoop.original
  in .dependencyLoop and .dependencyLoop.original
	at ptolemy.actor.util.CausalityInterfaceForComposites._computeOutputPortDepth(CausalityInterfaceForComposites.java:759)
	at ptolemy.actor.util.CausalityInterfaceForComposites._computeInputDepth(CausalityInterfaceForComposites.java:696)
	at ptolemy.actor.util.CausalityInterfaceForComposites._computeOutputPortDepth(CausalityInterfaceForComposites.java:765)
	at ptolemy.actor.util.CausalityInterfaceForComposites._computeInputDepth(CausalityInterfaceForComposites.java:696)
	at ptolemy.actor.util.CausalityInterfaceForComposites._computeOutputPortDepth(CausalityInterfaceForComposites.java:765)
	at ptolemy.actor.util.CausalityInterfaceForComposites._computeInputDepth(CausalityInterfaceForComposites.java:696)
	at ptolemy.actor.util.CausalityInterfaceForComposites._computeActorDepth(CausalityInterfaceForComposites.java:532)
	at ptolemy.actor.util.CausalityInterfaceForComposites.checkForCycles(CausalityInterfaceForComposites.java:96)
	at ptolemy.domains.de.kernel.DEDirector.preinitialize(DEDirector.java:1338)
	at ptolemy.actor.CompositeActor.preinitialize(CompositeActor.java:1828)
	at ptolemy.actor.Manager.preinitializeAndResolveTypes(Manager.java:1040)
	at ptolemy.actor.Manager.initialize(Manager.java:710)
	at ptolemy.actor.Manager.execute(Manager.java:356)
	at ptolemy.actor.Manager.run(Manager.java:1263)
	at ptolemy.actor.Manager$PtolemyRunThread.run(Manager.java:1915)
java.lang.RuntimeException: Execution failed
	at ptolemy.moml.MoMLSimpleApplication$UnloadThread.run(MoMLSimpleApplication.java:402)
Caused by: ptolemy.kernel.util.IllegalActionException: Found a zero delay loop containing .dependencyLoop2.original
  in .dependencyLoop2 and .dependencyLoop2.original
	at ptolemy.actor.util.CausalityInterfaceForComposites._computeOutputPortDepth(CausalityInterfaceForComposites.java:759)
	at ptolemy.actor.util.CausalityInterfaceForComposites._computeInputDepth(CausalityInterfaceForComposites.java:696)
	at ptolemy.actor.util.CausalityInterfaceForComposites._computeOutputPortDepth(CausalityInterfaceForComposites.java:765)
	at ptolemy.actor.util.CausalityInterfaceForComposites._computeInputDepth(CausalityInterfaceForComposites.java:696)
	at ptolemy.actor.util.CausalityInterfaceForComposites._computeOutputPortDepth(CausalityInterfaceForComposites.java:765)
	at ptolemy.actor.util.CausalityInterfaceForComposites._computeInputDepth(CausalityInterfaceForComposites.java:696)
	at ptolemy.actor.util.CausalityInterfaceForComposites._computeActorDepth(CausalityInterfaceForComposites.java:532)
	at ptolemy.actor.util.CausalityInterfaceForComposites.checkForCycles(CausalityInterfaceForComposites.java:96)
	at ptolemy.domains.de.kernel.DEDirector.preinitialize(DEDirector.java:1338)
	at ptolemy.actor.CompositeActor.preinitialize(CompositeActor.java:1828)
	at ptolemy.actor.Manager.preinitializeAndResolveTypes(Manager.java:1040)
	at ptolemy.actor.Manager.initialize(Manager.java:710)
	at ptolemy.actor.Manager.execute(Manager.java:356)
	at ptolemy.actor.Manager.run(Manager.java:1263)
	at ptolemy.actor.Manager$PtolemyRunThread.run(Manager.java:1915)
java.lang.reflect.InvocationTargetException
	at sun.reflect.NativeConstructorAccessorImpl.newInstance0(Native Method)
	at sun.reflect.NativeConstructorAccessorImpl.newInstance(NativeConstructorAccessorImpl.java:62)
	at sun.reflect.DelegatingConstructorAccessorImpl.newInstance(DelegatingConstructorAccessorImpl.java:45)
	at java.lang.reflect.Constructor.newInstance(Constructor.java:423)
	at ptolemy.util.test.junit.AutoKnownFailedTests.RunModel(AutoKnownFailedTests.java:107)
	at sun.reflect.NativeMethodAccessorImpl.invoke0(Native Method)
	at sun.reflect.NativeMethodAccessorImpl.invoke(NativeMethodAccessorImpl.java:62)
	at sun.reflect.DelegatingMethodAccessorImpl.invoke(DelegatingMethodAccessorImpl.java:43)
	at java.lang.reflect.Method.invoke(Method.java:498)
	at org.junit.runners.model.FrameworkMethod$1.runReflectiveCall(FrameworkMethod.java:44)
	at org.junit.internal.runners.model.ReflectiveCallable.run(ReflectiveCallable.java:15)
	at org.junit.runners.model.FrameworkMethod.invokeExplosively(FrameworkMethod.java:41)
	at junitparams.internal.InvokeParameterisedMethod.evaluate(InvokeParameterisedMethod.java:102)
	at org.junit.internal.runners.statements.FailOnTimeout$1.run(FailOnTimeout.java:28)
Caused by: ptolemy.kernel.util.IllegalActionException: Found a zero delay loop containing .dependencyLoop2.original
  in .dependencyLoop2 and .dependencyLoop2.original
	at ptolemy.actor.util.CausalityInterfaceForComposites._computeOutputPortDepth(CausalityInterfaceForComposites.java:759)
	at ptolemy.actor.util.CausalityInterfaceForComposites._computeInputDepth(CausalityInterfaceForComposites.java:696)
	at ptolemy.actor.util.CausalityInterfaceForComposites._computeOutputPortDepth(CausalityInterfaceForComposites.java:765)
	at ptolemy.actor.util.CausalityInterfaceForComposites._computeInputDepth(CausalityInterfaceForComposites.java:696)
	at ptolemy.actor.util.CausalityInterfaceForComposites._computeOutputPortDepth(CausalityInterfaceForComposites.java:765)
	at ptolemy.actor.util.CausalityInterfaceForComposites._computeInputDepth(CausalityInterfaceForComposites.java:696)
	at ptolemy.actor.util.CausalityInterfaceForComposites._computeActorDepth(CausalityInterfaceForComposites.java:532)
	at ptolemy.actor.util.CausalityInterfaceForComposites.checkForCycles(CausalityInterfaceForComposites.java:96)
	at ptolemy.domains.de.kernel.DEDirector.preinitialize(DEDirector.java:1338)
	at ptolemy.actor.CompositeActor.preinitialize(CompositeActor.java:1828)
	at ptolemy.actor.Manager.preinitializeAndResolveTypes(Manager.java:1040)
	at ptolemy.actor.Manager.initialize(Manager.java:710)
	at ptolemy.actor.Manager.execute(Manager.java:356)
	at ptolemy.actor.Manager.run(Manager.java:1263)
	at ptolemy.actor.Manager$PtolemyRunThread.run(Manager.java:1915)
]]></system-err>
</testsuite>
