<?xml version="1.0" encoding="UTF-8" ?>
<testsuite errors="0" failures="0" hostname="travis-job-d1dda442-bc43-4ec0-a25d-935a659b9833" name="ptolemy.domains.de.test.junit.JUnitTclTest" skipped="0" tests="101" time="126.535" timestamp="2018-06-07T15:14:25">
  <properties>
[...]
</properties>
  <testcase classname="ptolemy.util.test.junit.TclTests" name="[0] /home/travis/build/icyphy/ptII/ptolemy/domains/de/test/DependencyLoop.tcl (RunTclFile)" time="0.754" />
  <testcase classname="ptolemy.util.test.junit.TclTests" name="[1] /home/travis/build/icyphy/ptII/ptolemy/domains/de/test/RunDETestsAsQSS.tcl (RunTclFile)" time="86.575" />
  <testcase classname="ptolemy.util.test.junit.AutoKnownFailedTests" name="[0] /home/travis/build/icyphy/ptII/ptolemy/domains/de/test/auto/knownFailedTests/DESDFClockTest.xml (RunModel)" time="2.024" />
  <testcase classname="ptolemy.util.test.junit.AutoKnownFailedTests" name="[1] /home/travis/build/icyphy/ptII/ptolemy/domains/de/test/auto/knownFailedTests/DirectFeedback.xml (RunModel)" time="0.019" />
  <testcase classname="ptolemy.util.test.junit.AutoKnownFailedTests" name="[2] /home/travis/build/icyphy/ptII/ptolemy/domains/de/test/auto/knownFailedTests/FSMSource.xml (RunModel)" time="0.023" />
  <testcase classname="ptolemy.util.test.junit.AutoKnownFailedTests" name="[3] /home/travis/build/icyphy/ptII/ptolemy/domains/de/test/auto/knownFailedTests/HierarchicalModel.xml (RunModel)" time="0.041" />
  <testcase classname="ptolemy.util.test.junit.AutoKnownFailedTests" name="[4] /home/travis/build/icyphy/ptII/ptolemy/domains/de/test/auto/knownFailedTests/dependencyLoop.xml (RunModel)" time="0.033" />
  <testcase classname="ptolemy.util.test.junit.AutoKnownFailedTests" name="[5] /home/travis/build/icyphy/ptII/ptolemy/domains/de/test/auto/knownFailedTests/dependencyLoop2.xml (RunModel)" time="0.048" />
  <testcase classname="ptolemy.util.test.junit.AutoNameArchTests" name="[0] ThereAreNoAutoArchTests (RunModel)" time="0.0" />
  <testcase classname="ptolemy.util.test.junit.AutoTests" name="[0] /home/travis/build/icyphy/ptII/ptolemy/domains/de/test/auto/ActorDepthCalculation_actorWithoutPorts.xml (RunModel)" time="0.012" />
  <testcase classname="ptolemy.util.test.junit.AutoTests" name="[1] /home/travis/build/icyphy/ptII/ptolemy/domains/de/test/auto/AssemblyLine.xml (RunModel)" time="0.014" />
  <testcase classname="ptolemy.util.test.junit.AutoTests" name="[2] /home/travis/build/icyphy/ptII/ptolemy/domains/de/test/auto/CQBug1.xml (RunModel)" time="0.005" />
  <testcase classname="ptolemy.util.test.junit.AutoTests" name="[3] /home/travis/build/icyphy/ptII/ptolemy/domains/de/test/auto/CancelFireAt.xml (RunModel)" time="0.004" />
  <testcase classname="ptolemy.util.test.junit.AutoTests" name="[4] /home/travis/build/icyphy/ptII/ptolemy/domains/de/test/auto/CausalityAndComposabilityAnalysis.xml (RunModel)" time="0.007" />
  <testcase classname="ptolemy.util.test.junit.AutoTests" name="[5] /home/travis/build/icyphy/ptII/ptolemy/domains/de/test/auto/CausalityInterface1.xml (RunModel)" time="0.009" />
  <testcase classname="ptolemy.util.test.junit.AutoTests" name="[6] /home/travis/build/icyphy/ptII/ptolemy/domains/de/test/auto/CausalityInterface15.xml (RunModel)" time="0.009" />
  <testcase classname="ptolemy.util.test.junit.AutoTests" name="[7] /home/travis/build/icyphy/ptII/ptolemy/domains/de/test/auto/CausalityInterface2.xml (RunModel)" time="0.007" />
  <testcase classname="ptolemy.util.test.junit.AutoTests" name="[8] /home/travis/build/icyphy/ptII/ptolemy/domains/de/test/auto/CausalityInterface3.xml (RunModel)" time="0.008" />
  <testcase classname="ptolemy.util.test.junit.AutoTests" name="[9] /home/travis/build/icyphy/ptII/ptolemy/domains/de/test/auto/ClockDrift.xml (RunModel)" time="0.024" />
  <testcase classname="ptolemy.util.test.junit.AutoTests" name="[10] /home/travis/build/icyphy/ptII/ptolemy/domains/de/test/auto/ClockDriftAndValueChange.xml (RunModel)" time="0.021" />
  <testcase classname="ptolemy.util.test.junit.AutoTests" name="[11] /home/travis/build/icyphy/ptII/ptolemy/domains/de/test/auto/ClockDriftChange.xml (RunModel)" time="0.02" />
  <testcase classname="ptolemy.util.test.junit.AutoTests" name="[12] /home/travis/build/icyphy/ptII/ptolemy/domains/de/test/auto/ComposableCausalityAnalysis.xml (RunModel)" time="0.017" />
  <testcase classname="ptolemy.util.test.junit.AutoTests" name="[13] /home/travis/build/icyphy/ptII/ptolemy/domains/de/test/auto/DEFixedPointLimitation.xml (RunModel)" time="0.008" />
  <testcase classname="ptolemy.util.test.junit.AutoTests" name="[14] /home/travis/build/icyphy/ptII/ptolemy/domains/de/test/auto/DEScheduleTest.xml (RunModel)" time="0.009" />
  <testcase classname="ptolemy.util.test.junit.AutoTests" name="[15] /home/travis/build/icyphy/ptII/ptolemy/domains/de/test/auto/DEinDEwithStartTimes.xml (RunModel)" time="0.012" />
  <testcase classname="ptolemy.util.test.junit.AutoTests" name="[16] /home/travis/build/icyphy/ptII/ptolemy/domains/de/test/auto/DEinDEwithStartTimes2.xml (RunModel)" time="0.01" />
  <testcase classname="ptolemy.util.test.junit.AutoTests" name="[17] /home/travis/build/icyphy/ptII/ptolemy/domains/de/test/auto/DateDemo.xml (RunModel)" time="0.022" />
  <testcase classname="ptolemy.util.test.junit.AutoTests" name="[18] /home/travis/build/icyphy/ptII/ptolemy/domains/de/test/auto/DateToEvent.xml (RunModel)" time="2.03" />
  <testcase classname="ptolemy.util.test.junit.AutoTests" name="[19] /home/travis/build/icyphy/ptII/ptolemy/domains/de/test/auto/DepthTest1.xml (RunModel)" time="0.011" />
  <testcase classname="ptolemy.util.test.junit.AutoTests" name="[20] /home/travis/build/icyphy/ptII/ptolemy/domains/de/test/auto/DepthTest2.xml (RunModel)" time="0.019" />
  <testcase classname="ptolemy.util.test.junit.AutoTests" name="[21] /home/travis/build/icyphy/ptII/ptolemy/domains/de/test/auto/DepthTest3.xml (RunModel)" time="0.014" />
  <testcase classname="ptolemy.util.test.junit.AutoTests" name="[22] /home/travis/build/icyphy/ptII/ptolemy/domains/de/test/auto/DepthTest4.xml (RunModel)" time="0.012" />
  <testcase classname="ptolemy.util.test.junit.AutoTests" name="[23] /home/travis/build/icyphy/ptII/ptolemy/domains/de/test/auto/DepthTest5.xml (RunModel)" time="0.013" />
  <testcase classname="ptolemy.util.test.junit.AutoTests" name="[24] /home/travis/build/icyphy/ptII/ptolemy/domains/de/test/auto/DepthTest6.xml (RunModel)" time="0.012" />
  <testcase classname="ptolemy.util.test.junit.AutoTests" name="[25] /home/travis/build/icyphy/ptII/ptolemy/domains/de/test/auto/DepthTest7.xml (RunModel)" time="0.011" />
  <testcase classname="ptolemy.util.test.junit.AutoTests" name="[26] /home/travis/build/icyphy/ptII/ptolemy/domains/de/test/auto/EventToDate.xml (RunModel)" time="3.031" />
  <testcase classname="ptolemy.util.test.junit.AutoTests" name="[27] /home/travis/build/icyphy/ptII/ptolemy/domains/de/test/auto/FSM1.xml (RunModel)" time="0.032" />
  <testcase classname="ptolemy.util.test.junit.AutoTests" name="[28] /home/travis/build/icyphy/ptII/ptolemy/domains/de/test/auto/FSM7.xml (RunModel)" time="0.05" />
  <testcase classname="ptolemy.util.test.junit.AutoTests" name="[29] /home/travis/build/icyphy/ptII/ptolemy/domains/de/test/auto/Inspection.xml (RunModel)" time="0.037" />
  <testcase classname="ptolemy.util.test.junit.AutoTests" name="[30] /home/travis/build/icyphy/ptII/ptolemy/domains/de/test/auto/Iteration.xml (RunModel)" time="0.017" />
  <testcase classname="ptolemy.util.test.junit.AutoTests" name="[31] /home/travis/build/icyphy/ptII/ptolemy/domains/de/test/auto/LineFault.xml (RunModel)" time="0.508" />
  <testcase classname="ptolemy.util.test.junit.AutoTests" name="[32] /home/travis/build/icyphy/ptII/ptolemy/domains/de/test/auto/MergeModel1Add.xml (RunModel)" time="0.044" />
  <testcase classname="ptolemy.util.test.junit.AutoTests" name="[33] /home/travis/build/icyphy/ptII/ptolemy/domains/de/test/auto/MergeModel2Add.xml (RunModel)" time="0.035" />
  <testcase classname="ptolemy.util.test.junit.AutoTests" name="[34] /home/travis/build/icyphy/ptII/ptolemy/domains/de/test/auto/MergeModel3Add.xml (RunModel)" time="0.031" />
  <testcase classname="ptolemy.util.test.junit.AutoTests" name="[35] /home/travis/build/icyphy/ptII/ptolemy/domains/de/test/auto/MergeWithoutDiscard.xml (RunModel)" time="0.008" />
  <testcase classname="ptolemy.util.test.junit.AutoTests" name="[36] /home/travis/build/icyphy/ptII/ptolemy/domains/de/test/auto/Modal1.xml (RunModel)" time="0.023" />
  <testcase classname="ptolemy.util.test.junit.AutoTests" name="[37] /home/travis/build/icyphy/ptII/ptolemy/domains/de/test/auto/Modal2.xml (RunModel)" time="0.023" />
  <testcase classname="ptolemy.util.test.junit.AutoTests" name="[38] /home/travis/build/icyphy/ptII/ptolemy/domains/de/test/auto/Modal3.xml (RunModel)" time="0.024" />
  <testcase classname="ptolemy.util.test.junit.AutoTests" name="[39] /home/travis/build/icyphy/ptII/ptolemy/domains/de/test/auto/Modal4.xml (RunModel)" time="0.025" />
  <testcase classname="ptolemy.util.test.junit.AutoTests" name="[40] /home/travis/build/icyphy/ptII/ptolemy/domains/de/test/auto/Modal5.xml (RunModel)" time="0.024" />
  <testcase classname="ptolemy.util.test.junit.AutoTests" name="[41] /home/travis/build/icyphy/ptII/ptolemy/domains/de/test/auto/Modal6.xml (RunModel)" time="0.023" />
  <testcase classname="ptolemy.util.test.junit.AutoTests" name="[42] /home/travis/build/icyphy/ptII/ptolemy/domains/de/test/auto/Modal7.xml (RunModel)" time="0.025" />
  <testcase classname="ptolemy.util.test.junit.AutoTests" name="[43] /home/travis/build/icyphy/ptII/ptolemy/domains/de/test/auto/ModalModel.xml (RunModel)" time="0.146" />
  <testcase classname="ptolemy.util.test.junit.AutoTests" name="[44] /home/travis/build/icyphy/ptII/ptolemy/domains/de/test/auto/ModalSource.xml (RunModel)" time="0.018" />
  <testcase classname="ptolemy.util.test.junit.AutoTests" name="[45] /home/travis/build/icyphy/ptII/ptolemy/domains/de/test/auto/NonInterruptibleTimerZeroDelay.xml (RunModel)" time="0.011" />
  <testcase classname="ptolemy.util.test.junit.AutoTests" name="[46] /home/travis/build/icyphy/ptII/ptolemy/domains/de/test/auto/OpenQueueingNetwork.xml (RunModel)" time="2.167" />
  <testcase classname="ptolemy.util.test.junit.AutoTests" name="[47] /home/travis/build/icyphy/ptII/ptolemy/domains/de/test/auto/OpenQueuingNetwork.xml (RunModel)" time="0.25" />
  <testcase classname="ptolemy.util.test.junit.AutoTests" name="[48] /home/travis/build/icyphy/ptII/ptolemy/domains/de/test/auto/PeriodicSampler.xml (RunModel)" time="0.008" />
  <testcase classname="ptolemy.util.test.junit.AutoTests" name="[49] /home/travis/build/icyphy/ptII/ptolemy/domains/de/test/auto/PersistentIO.xml (RunModel)" time="0.018" />
  <testcase classname="ptolemy.util.test.junit.AutoTests" name="[50] /home/travis/build/icyphy/ptII/ptolemy/domains/de/test/auto/PortParameterResetOnInitialize.xml (RunModel)" time="0.009" />
  <testcase classname="ptolemy.util.test.junit.AutoTests" name="[51] /home/travis/build/icyphy/ptII/ptolemy/domains/de/test/auto/PortParameterUpdates.xml (RunModel)" time="0.016" />
  <testcase classname="ptolemy.util.test.junit.AutoTests" name="[52] /home/travis/build/icyphy/ptII/ptolemy/domains/de/test/auto/QueueAndServer.xml (RunModel)" time="0.019" />
  <testcase classname="ptolemy.util.test.junit.AutoTests" name="[53] /home/travis/build/icyphy/ptII/ptolemy/domains/de/test/auto/Records.xml (RunModel)" time="0.017" />
  <testcase classname="ptolemy.util.test.junit.AutoTests" name="[54] /home/travis/build/icyphy/ptII/ptolemy/domains/de/test/auto/ResetTransitionWithStartTime1.xml (RunModel)" time="0.02" />
  <testcase classname="ptolemy.util.test.junit.AutoTests" name="[55] /home/travis/build/icyphy/ptII/ptolemy/domains/de/test/auto/ResetTransitionWithStartTime2.xml (RunModel)" time="0.015" />
  <testcase classname="ptolemy.util.test.junit.AutoTests" name="[56] /home/travis/build/icyphy/ptII/ptolemy/domains/de/test/auto/ResetTransitionWithStartTime3.xml (RunModel)" time="0.016" />
  <testcase classname="ptolemy.util.test.junit.AutoTests" name="[57] /home/travis/build/icyphy/ptII/ptolemy/domains/de/test/auto/ResetTransitionWithStartTime4.xml (RunModel)" time="0.016" />
  <testcase classname="ptolemy.util.test.junit.AutoTests" name="[58] /home/travis/build/icyphy/ptII/ptolemy/domains/de/test/auto/ResettableTimer1.xml (RunModel)" time="0.009" />
  <testcase classname="ptolemy.util.test.junit.AutoTests" name="[59] /home/travis/build/icyphy/ptII/ptolemy/domains/de/test/auto/ResettableTimer2.xml (RunModel)" time="0.009" />
  <testcase classname="ptolemy.util.test.junit.AutoTests" name="[60] /home/travis/build/icyphy/ptII/ptolemy/domains/de/test/auto/ResettableTimer3.xml (RunModel)" time="0.008" />
  <testcase classname="ptolemy.util.test.junit.AutoTests" name="[61] /home/travis/build/icyphy/ptII/ptolemy/domains/de/test/auto/ResettableTimer4.xml (RunModel)" time="0.008" />
  <testcase classname="ptolemy.util.test.junit.AutoTests" name="[62] /home/travis/build/icyphy/ptII/ptolemy/domains/de/test/auto/ResettableTimer5.xml (RunModel)" time="0.009" />
  <testcase classname="ptolemy.util.test.junit.AutoTests" name="[63] /home/travis/build/icyphy/ptII/ptolemy/domains/de/test/auto/ResettableTimer6.xml (RunModel)" time="0.01" />
  <testcase classname="ptolemy.util.test.junit.AutoTests" name="[64] /home/travis/build/icyphy/ptII/ptolemy/domains/de/test/auto/ServerZeroDelay.xml (RunModel)" time="0.009" />
  <testcase classname="ptolemy.util.test.junit.AutoTests" name="[65] /home/travis/build/icyphy/ptII/ptolemy/domains/de/test/auto/SmartSender.xml (RunModel)" time="3.009" />
  <testcase classname="ptolemy.util.test.junit.AutoTests" name="[66] /home/travis/build/icyphy/ptII/ptolemy/domains/de/test/auto/ThreadedComposite.xml (RunModel)" time="0.175" />
  <testcase classname="ptolemy.util.test.junit.AutoTests" name="[67] /home/travis/build/icyphy/ptII/ptolemy/domains/de/test/auto/Time.xml (RunModel)" time="0.434" />
  <testcase classname="ptolemy.util.test.junit.AutoTests" name="[68] /home/travis/build/icyphy/ptII/ptolemy/domains/de/test/auto/TimeDelayZeroDelay.xml (RunModel)" time="0.017" />
  <testcase classname="ptolemy.util.test.junit.AutoTests" name="[69] /home/travis/build/icyphy/ptII/ptolemy/domains/de/test/auto/TimerZeroDelay.xml (RunModel)" time="0.009" />
  <testcase classname="ptolemy.util.test.junit.AutoTests" name="[70] /home/travis/build/icyphy/ptII/ptolemy/domains/de/test/auto/TimingParadox.xml (RunModel)" time="0.342" />
  <testcase classname="ptolemy.util.test.junit.AutoTests" name="[71] /home/travis/build/icyphy/ptII/ptolemy/domains/de/test/auto/TransferInputs.xml (RunModel)" time="0.015" />
  <testcase classname="ptolemy.util.test.junit.AutoTests" name="[72] /home/travis/build/icyphy/ptII/ptolemy/domains/de/test/auto/TransferOutputs2.xml (RunModel)" time="0.014" />
  <testcase classname="ptolemy.util.test.junit.AutoTests" name="[73] /home/travis/build/icyphy/ptII/ptolemy/domains/de/test/auto/Trilateration.xml (RunModel)" time="11.499" />
  <testcase classname="ptolemy.util.test.junit.AutoTests" name="[74] /home/travis/build/icyphy/ptII/ptolemy/domains/de/test/auto/TwoSigmaDelta.xml (RunModel)" time="1.912" />
  <testcase classname="ptolemy.util.test.junit.AutoTests" name="[75] /home/travis/build/icyphy/ptII/ptolemy/domains/de/test/auto/VariableDelay.xml (RunModel)" time="0.011" />
  <testcase classname="ptolemy.util.test.junit.AutoTests" name="[76] /home/travis/build/icyphy/ptII/ptolemy/domains/de/test/auto/VariableDelay2.xml (RunModel)" time="0.011" />
  <testcase classname="ptolemy.util.test.junit.AutoTests" name="[77] /home/travis/build/icyphy/ptII/ptolemy/domains/de/test/auto/VariableDelayZeroDelay.xml (RunModel)" time="0.012" />
  <testcase classname="ptolemy.util.test.junit.AutoTests" name="[78] /home/travis/build/icyphy/ptII/ptolemy/domains/de/test/auto/VariableDelayZeroDelay2.xml (RunModel)" time="0.009" />
  <testcase classname="ptolemy.util.test.junit.AutoTests" name="[79] /home/travis/build/icyphy/ptII/ptolemy/domains/de/test/auto/deInCt.xml (RunModel)" time="0.019" />
  <testcase classname="ptolemy.util.test.junit.AutoTests" name="[80] /home/travis/build/icyphy/ptII/ptolemy/domains/de/test/auto/deInCt2.xml (RunModel)" time="0.018" />
  <testcase classname="ptolemy.util.test.junit.AutoTests" name="[81] /home/travis/build/icyphy/ptII/ptolemy/domains/de/test/auto/dynamicCausalityInterface1.xml (RunModel)" time="0.017" />
  <testcase classname="ptolemy.util.test.junit.AutoTests" name="[82] /home/travis/build/icyphy/ptII/ptolemy/domains/de/test/auto/fsm_de_test.xml (RunModel)" time="0.023" />
  <testcase classname="ptolemy.util.test.junit.AutoTests" name="[83] /home/travis/build/icyphy/ptII/ptolemy/domains/de/test/auto/functionDependencyReconstruction.xml (RunModel)" time="0.029" />
  <testcase classname="ptolemy.util.test.junit.AutoTests" name="[84] /home/travis/build/icyphy/ptII/ptolemy/domains/de/test/auto/multirate.xml (RunModel)" time="0.015" />
  <testcase classname="ptolemy.util.test.junit.AutoTests" name="[85] /home/travis/build/icyphy/ptII/ptolemy/domains/de/test/auto/multirate2.xml (RunModel)" time="0.014" />
  <testcase classname="ptolemy.util.test.junit.AutoTests" name="[86] /home/travis/build/icyphy/ptII/ptolemy/domains/de/test/auto/realtime.xml (RunModel)" time="10.011" />
  <testcase classname="ptolemy.util.test.junit.AutoTests" name="[87] /home/travis/build/icyphy/ptII/ptolemy/domains/de/test/auto/relationGroup.xml (RunModel)" time="0.007" />
  <testcase classname="ptolemy.util.test.junit.AutoTests" name="[88] /home/travis/build/icyphy/ptII/ptolemy/domains/de/test/auto/relationGroup2.xml (RunModel)" time="0.007" />
  <testcase classname="ptolemy.util.test.junit.AutoTests" name="[89] /home/travis/build/icyphy/ptII/ptolemy/domains/de/test/auto/sortWithOpaquePorts.xml (RunModel)" time="0.012" />
  <testcase classname="ptolemy.util.test.junit.AutoTests" name="[90] /home/travis/build/icyphy/ptII/ptolemy/domains/de/test/auto/transferInputsandOutputs.xml (RunModel)" time="0.011" />
  <testcase classname="ptolemy.util.test.junit.AutoTests" name="[91] /home/travis/build/icyphy/ptII/ptolemy/domains/de/test/auto/triggerType.xml (RunModel)" time="0.008" />
  <system-out><![CDATA[/home/travis/build/icyphy/ptII/ptolemy/domains/de/test/DependencyLoop.tcl
testDefs.tcl: setting time out to 9000 seconds at Thu Jun 07 15:14:25 UTC 2018
21 ms. Memory: 116224K Free: 95109K (82%)
5 ms. Memory: 146944K Free: 137844K (94%)
/home/travis/build/icyphy/ptII/ptolemy/domains/de/test/RunDETestsAsQSS.tcl
Run the DE tests using ptolemy.domains.qss.test.QSSDirectorTest, which extends QSSDirector and prints a message in the constructors.
------------------ testing $PTII/ptolemy/domains/de/test/auto/knownFailedTests/dependencyLoop.xml (Known Failure) 
7 ms. Memory: 146944K Free: 133578K (91%)


==== $PTIIhome/travis/build/icyphy/ptII/ptolemy/domains/de/test/../../../../: Auto Automatic test in file $PTII/ptolemy/domains/de/test/auto/knownFailedTests/dependencyLoop.xml
==== Contents of test case:

	    # FIXME: we should use $relativeFilename here, but it
	    # might have backslashes under Windows, which causes no end
	    # of trouble.
	    createAndExecute $file
	    list {}
	
.... Test generated KNOWN error:
    while executing
ptolemy.kernel.util.IllegalActionException: Found a zero delay loop containing .dependencyLoop.original
  in .dependencyLoop and .dependencyLoop.original
	at ptolemy.actor.util.CausalityInterfaceForComposites._computeOutputPortDepth(CausalityInterfaceForComposites.java:759)
	at ptolemy.actor.util.CausalityInterfaceForComposites._computeInputDepth(CausalityInterfaceForComposites.java:696)
	at ptolemy.actor.util.CausalityInterfaceForComposites._computeOutputPortDepth(CausalityInterfaceForComposites.java:765)
	at ptolemy.actor.util.CausalityInterfaceForComposites._computeInputDepth(CausalityInterfaceForComposites.java:696)
	at ptolemy.actor.util.CausalityInterfaceForComposites._computeOutputPortDepth(CausalityInterfaceForComposites.java:765)
	at ptolemy.actor.util.CausalityInterfaceForComposites._computeInputDepth(CausalityInterfaceForComposites.java:696)
	at ptolemy.actor.util.CausalityInterfaceForComposites._computeActorDepth(CausalityInterfaceForComposites.java:532)
	at ptolemy.actor.util.CausalityInterfaceForComposites.checkForCycles(CausalityInterfaceForComposites.java:96)
	at ptolemy.domains.de.kernel.DEDirector.preinitialize(DEDirector.java:1337)
	at ptolemy.actor.CompositeActor.preinitialize(CompositeActor.java:1828)
	at ptolemy.actor.Manager.preinitializeAndResolveTypes(Manager.java:1040)
	at ptolemy.actor.Manager.initialize(Manager.java:710)
	at ptolemy.actor.Manager.execute(Manager.java:356)
	at ptolemy.actor.Manager.run(Manager.java:1263)
	at ptolemy.actor.Manager$PtolemyRunThread.run(Manager.java:1915)

    while executing
ptolemy.kernel.util.IllegalActionException: Found a zero delay loop containing .dependencyLoop.original
  in .dependencyLoop and .dependencyLoop.original
    while executing
"java::new ptolemy.moml.MoMLSimpleApplication $file
"
    (procedure "createAndExecute" line 2)
    invoked from within
"createAndExecute $file"
    ("uplevel" body line 5)
    invoked from within
"uplevel $contents_of_test"
------------------ testing $PTII/ptolemy/domains/de/test/auto/knownFailedTests/DESDFClockTest.xml (Known Failure) 
2061 ms. Memory: 146944K Free: 117815K (80%)


==== $PTIIhome/travis/build/icyphy/ptII/ptolemy/domains/de/test/../../../../: Auto Automatic test in file $PTII/ptolemy/domains/de/test/auto/knownFailedTests/DESDFClockTest.xml
==== Contents of test case:

	    # FIXME: we should use $relativeFilename here, but it
	    # might have backslashes under Windows, which causes no end
	    # of trouble.
	    createAndExecute $file
	    list {}
	
.... Test generated KNOWN error:
    while executing
ptolemy.kernel.util.IllegalActionException: Actor is not ready to fire.  Perhaps UpSample.prefire() returned false? Try debugging the actor by selecting "Listen to Actor".  Also, for SDF check moml for tokenConsumptionRate on input.
  in .DESDFClockTest.Play Bell.Copy1:SDF Director and .DESDFClockTest.Play Bell.UpSample
	at ptolemy.actor.sched.StaticSchedulingDirector.fire(StaticSchedulingDirector.java:227)
	at ptolemy.domains.sdf.kernel.SDFDirector.fire(SDFDirector.java:500)
	at ptolemy.actor.CompositeActor.fire(CompositeActor.java:455)
	at ptolemy.domains.de.kernel.DEDirector._fire(DEDirector.java:1948)
	at ptolemy.domains.de.kernel.DEDirector.fire(DEDirector.java:502)
	at ptolemy.actor.CompositeActor.fire(CompositeActor.java:455)
	at ptolemy.actor.Manager.iterate(Manager.java:851)
	at ptolemy.actor.Manager.execute(Manager.java:369)
	at ptolemy.actor.Manager.run(Manager.java:1263)
	at ptolemy.actor.Manager$PtolemyRunThread.run(Manager.java:1915)

    while executing
ptolemy.kernel.util.IllegalActionException: Actor is not ready to fire.  Perhaps UpSample.prefire() returned false? Try debugging the actor by selecting "Listen to Actor".  Also, for SDF check moml for tokenConsumptionRate on input.
  in .DESDFClockTest.Play Bell.Copy1:SDF Director and .DESDFClockTest.Play Bell.UpSample
    while executing
"java::new ptolemy.moml.MoMLSimpleApplication $file
"
    (procedure "createAndExecute" line 2)
    invoked from within
"createAndExecute $file"
    ("uplevel" body line 5)
    invoked from within
"uplevel $contents_of_test"
------------------ testing $PTII/ptolemy/domains/de/test/auto/knownFailedTests/FSMSource.xml (Known Failure) 
44 ms. Memory: 146944K Free: 108224K (74%)
!!!! Auto was marked as failing, but now passes
------------------ testing $PTII/ptolemy/domains/de/test/auto/knownFailedTests/dependencyLoop2.xml (Known Failure) 
7 ms. Memory: 146944K Free: 106340K (72%)


==== $PTIIhome/travis/build/icyphy/ptII/ptolemy/domains/de/test/../../../../: Auto Automatic test in file $PTII/ptolemy/domains/de/test/auto/knownFailedTests/dependencyLoop2.xml
==== Contents of test case:

	    # FIXME: we should use $relativeFilename here, but it
	    # might have backslashes under Windows, which causes no end
	    # of trouble.
	    createAndExecute $file
	    list {}
	
.... Test generated KNOWN error:
    while executing
ptolemy.kernel.util.IllegalActionException: Found a zero delay loop containing .dependencyLoop2.original
  in .dependencyLoop2 and .dependencyLoop2.original
	at ptolemy.actor.util.CausalityInterfaceForComposites._computeOutputPortDepth(CausalityInterfaceForComposites.java:759)
	at ptolemy.actor.util.CausalityInterfaceForComposites._computeInputDepth(CausalityInterfaceForComposites.java:696)
	at ptolemy.actor.util.CausalityInterfaceForComposites._computeOutputPortDepth(CausalityInterfaceForComposites.java:765)
	at ptolemy.actor.util.CausalityInterfaceForComposites._computeInputDepth(CausalityInterfaceForComposites.java:696)
	at ptolemy.actor.util.CausalityInterfaceForComposites._computeOutputPortDepth(CausalityInterfaceForComposites.java:765)
	at ptolemy.actor.util.CausalityInterfaceForComposites._computeInputDepth(CausalityInterfaceForComposites.java:696)
	at ptolemy.actor.util.CausalityInterfaceForComposites._computeActorDepth(CausalityInterfaceForComposites.java:532)
	at ptolemy.actor.util.CausalityInterfaceForComposites.checkForCycles(CausalityInterfaceForComposites.java:96)
	at ptolemy.domains.de.kernel.DEDirector.preinitialize(DEDirector.java:1337)
	at ptolemy.actor.CompositeActor.preinitialize(CompositeActor.java:1828)
	at ptolemy.actor.Manager.preinitializeAndResolveTypes(Manager.java:1040)
	at ptolemy.actor.Manager.initialize(Manager.java:710)
	at ptolemy.actor.Manager.execute(Manager.java:356)
	at ptolemy.actor.Manager.run(Manager.java:1263)
	at ptolemy.actor.Manager$PtolemyRunThread.run(Manager.java:1915)

    while executing
ptolemy.kernel.util.IllegalActionException: Found a zero delay loop containing .dependencyLoop2.original
  in .dependencyLoop2 and .dependencyLoop2.original
    while executing
"java::new ptolemy.moml.MoMLSimpleApplication $file
"
    (procedure "createAndExecute" line 2)
    invoked from within
"createAndExecute $file"
    ("uplevel" body line 5)
    invoked from within
"uplevel $contents_of_test"
------------------ testing $PTII/ptolemy/domains/de/test/auto/knownFailedTests/HierarchicalModel.xml (Known Failure) 
5 ms. Memory: 146944K Free: 85810K (58%)


==== $PTIIhome/travis/build/icyphy/ptII/ptolemy/domains/de/test/../../../../: Auto Automatic test in file $PTII/ptolemy/domains/de/test/auto/knownFailedTests/HierarchicalModel.xml
==== Contents of test case:

	    # FIXME: we should use $relativeFilename here, but it
	    # might have backslashes under Windows, which causes no end
	    # of trouble.
	    createAndExecute $file
	    list {}
	
.... Test generated KNOWN error:
    while executing
ptolemy.kernel.util.IllegalActionException: Found a zero delay loop containing .HierarchicalModel.A
  in .HierarchicalModel and .HierarchicalModel.A
	at ptolemy.actor.util.CausalityInterfaceForComposites._computeOutputPortDepth(CausalityInterfaceForComposites.java:759)
	at ptolemy.actor.util.CausalityInterfaceForComposites._computeInputDepth(CausalityInterfaceForComposites.java:696)
	at ptolemy.actor.util.CausalityInterfaceForComposites._computeOutputPortDepth(CausalityInterfaceForComposites.java:765)
	at ptolemy.actor.util.CausalityInterfaceForComposites._computeInputDepth(CausalityInterfaceForComposites.java:696)
	at ptolemy.actor.util.CausalityInterfaceForComposites._computeOutputPortDepth(CausalityInterfaceForComposites.java:765)
	at ptolemy.actor.util.CausalityInterfaceForComposites._computeInputDepth(CausalityInterfaceForComposites.java:696)
	at ptolemy.actor.util.CausalityInterfaceForComposites._computeActorDepth(CausalityInterfaceForComposites.java:532)
	at ptolemy.actor.util.CausalityInterfaceForComposites.checkForCycles(CausalityInterfaceForComposites.java:96)
	at ptolemy.domains.de.kernel.DEDirector.preinitialize(DEDirector.java:1337)
	at ptolemy.actor.CompositeActor.preinitialize(CompositeActor.java:1828)
	at ptolemy.actor.Manager.preinitializeAndResolveTypes(Manager.java:1040)
	at ptolemy.actor.Manager.initialize(Manager.java:710)
	at ptolemy.actor.Manager.execute(Manager.java:356)
	at ptolemy.actor.Manager.run(Manager.java:1263)
	at ptolemy.actor.Manager$PtolemyRunThread.run(Manager.java:1915)

    while executing
ptolemy.kernel.util.IllegalActionException: Found a zero delay loop containing .HierarchicalModel.A
  in .HierarchicalModel and .HierarchicalModel.A
    while executing
"java::new ptolemy.moml.MoMLSimpleApplication $file
"
    (procedure "createAndExecute" line 2)
    invoked from within
"createAndExecute $file"
    ("uplevel" body line 5)
    invoked from within
"uplevel $contents_of_test"
------------------ testing $PTII/ptolemy/domains/de/test/auto/knownFailedTests/DirectFeedback.xml (Known Failure) 
15 ms. Memory: 146944K Free: 142548K (97%)


==== $PTIIhome/travis/build/icyphy/ptII/ptolemy/domains/de/test/../../../../: Auto Automatic test in file $PTII/ptolemy/domains/de/test/auto/knownFailedTests/DirectFeedback.xml
==== Contents of test case:

	    # FIXME: we should use $relativeFilename here, but it
	    # might have backslashes under Windows, which causes no end
	    # of trouble.
	    createAndExecute $file
	    list {}
	
.... Test generated KNOWN error:
    while executing
ptolemy.kernel.util.IllegalActionException: Test fails in iteration 1.
Value was: 1.0. Should have been: 2.0
  in .DirectFeedback.Test
	at ptolemy.actor.lib.Test.fire(Test.java:268)
	at ptolemy.domains.de.kernel.DEDirector._fire(DEDirector.java:1948)
	at ptolemy.domains.de.kernel.DEDirector.fire(DEDirector.java:502)
	at ptolemy.actor.CompositeActor.fire(CompositeActor.java:455)
	at ptolemy.actor.Manager.iterate(Manager.java:851)
	at ptolemy.actor.Manager.execute(Manager.java:369)
	at ptolemy.actor.Manager.run(Manager.java:1263)
	at ptolemy.actor.Manager$PtolemyRunThread.run(Manager.java:1915)

    while executing
ptolemy.kernel.util.IllegalActionException: Test fails in iteration 1.
Value was: 1.0. Should have been: 2.0
  in .DirectFeedback.Test
    while executing
"java::new ptolemy.moml.MoMLSimpleApplication $file
"
    (procedure "createAndExecute" line 2)
    invoked from within
"createAndExecute $file"
    ("uplevel" body line 5)
    invoked from within
"uplevel $contents_of_test"
------------------ testing $PTII/ptolemy/domains/de/test/auto/ActorDepthCalculation_actorWithoutPorts.xml
auto.tcl: Setting watchdog for 200 seconds at Thu Jun 07 15:14:28 UTC 2018
4 ms. Memory: 146944K Free: 133590K (91%)
ptolemy.util.test.WatchDog.cancel(): canceling Thu Jun 07 15:14:28 UTC 2018
auto.tcl: Setting watchdog for 200 seconds at Thu Jun 07 15:14:28 UTC 2018
4 ms. Memory: 146944K Free: 132552K (90%)
ptolemy.util.test.WatchDog.cancel(): canceling Thu Jun 07 15:14:28 UTC 2018
------------------ testing $PTII/ptolemy/domains/de/test/auto/AssemblyLine.xml
auto.tcl: Setting watchdog for 200 seconds at Thu Jun 07 15:14:28 UTC 2018
11 ms. Memory: 208384K Free: 182842K (88%)
ptolemy.util.test.WatchDog.cancel(): canceling Thu Jun 07 15:14:29 UTC 2018
auto.tcl: Setting watchdog for 200 seconds at Thu Jun 07 15:14:29 UTC 2018
6 ms. Memory: 208384K Free: 182842K (88%)
ptolemy.util.test.WatchDog.cancel(): canceling Thu Jun 07 15:14:29 UTC 2018
------------------ testing $PTII/ptolemy/domains/de/test/auto/CQBug1.xml
auto.tcl: Setting watchdog for 200 seconds at Thu Jun 07 15:14:29 UTC 2018
3 ms. Memory: 208384K Free: 197717K (95%)
ptolemy.util.test.WatchDog.cancel(): canceling Thu Jun 07 15:14:29 UTC 2018
auto.tcl: Setting watchdog for 200 seconds at Thu Jun 07 15:14:29 UTC 2018
2 ms. Memory: 208384K Free: 197717K (95%)
ptolemy.util.test.WatchDog.cancel(): canceling Thu Jun 07 15:14:29 UTC 2018
------------------ testing $PTII/ptolemy/domains/de/test/auto/CancelFireAt.xml
auto.tcl: Setting watchdog for 200 seconds at Thu Jun 07 15:14:29 UTC 2018
4 ms. Memory: 208384K Free: 201439K (97%)
ptolemy.util.test.WatchDog.cancel(): canceling Thu Jun 07 15:14:29 UTC 2018
auto.tcl: Setting watchdog for 200 seconds at Thu Jun 07 15:14:29 UTC 2018
2 ms. Memory: 208384K Free: 199337K (96%)
ptolemy.util.test.WatchDog.cancel(): canceling Thu Jun 07 15:14:29 UTC 2018
------------------ testing $PTII/ptolemy/domains/de/test/auto/CausalityAndComposabilityAnalysis.xml
auto.tcl: Setting watchdog for 200 seconds at Thu Jun 07 15:14:29 UTC 2018
13 ms. Memory: 208384K Free: 196835K (94%)
ptolemy.util.test.WatchDog.cancel(): canceling Thu Jun 07 15:14:29 UTC 2018
auto.tcl: Setting watchdog for 200 seconds at Thu Jun 07 15:14:29 UTC 2018
5 ms. Memory: 208384K Free: 196835K (94%)
ptolemy.util.test.WatchDog.cancel(): canceling Thu Jun 07 15:14:29 UTC 2018
------------------ testing $PTII/ptolemy/domains/de/test/auto/CausalityInterface1.xml
auto.tcl: Setting watchdog for 200 seconds at Thu Jun 07 15:14:29 UTC 2018
12 ms. Memory: 208384K Free: 196435K (94%)
ptolemy.util.test.WatchDog.cancel(): canceling Thu Jun 07 15:14:29 UTC 2018
auto.tcl: Setting watchdog for 200 seconds at Thu Jun 07 15:14:29 UTC 2018
4 ms. Memory: 208384K Free: 196435K (94%)
ptolemy.util.test.WatchDog.cancel(): canceling Thu Jun 07 15:14:29 UTC 2018
------------------ testing $PTII/ptolemy/domains/de/test/auto/CausalityInterface15.xml
auto.tcl: Setting watchdog for 200 seconds at Thu Jun 07 15:14:29 UTC 2018
7 ms. Memory: 208384K Free: 196426K (94%)
ptolemy.util.test.WatchDog.cancel(): canceling Thu Jun 07 15:14:29 UTC 2018
auto.tcl: Setting watchdog for 200 seconds at Thu Jun 07 15:14:29 UTC 2018
5 ms. Memory: 208384K Free: 196426K (94%)
ptolemy.util.test.WatchDog.cancel(): canceling Thu Jun 07 15:14:29 UTC 2018
------------------ testing $PTII/ptolemy/domains/de/test/auto/CausalityInterface2.xml
auto.tcl: Setting watchdog for 200 seconds at Thu Jun 07 15:14:29 UTC 2018
6 ms. Memory: 208384K Free: 196409K (94%)
ptolemy.util.test.WatchDog.cancel(): canceling Thu Jun 07 15:14:29 UTC 2018
auto.tcl: Setting watchdog for 200 seconds at Thu Jun 07 15:14:29 UTC 2018
2 ms. Memory: 208384K Free: 196409K (94%)
ptolemy.util.test.WatchDog.cancel(): canceling Thu Jun 07 15:14:29 UTC 2018
------------------ testing $PTII/ptolemy/domains/de/test/auto/CausalityInterface3.xml
auto.tcl: Setting watchdog for 200 seconds at Thu Jun 07 15:14:29 UTC 2018
6 ms. Memory: 208384K Free: 196422K (94%)
ptolemy.util.test.WatchDog.cancel(): canceling Thu Jun 07 15:14:29 UTC 2018
auto.tcl: Setting watchdog for 200 seconds at Thu Jun 07 15:14:29 UTC 2018
12 ms. Memory: 208384K Free: 196422K (94%)
ptolemy.util.test.WatchDog.cancel(): canceling Thu Jun 07 15:14:29 UTC 2018
------------------ testing $PTII/ptolemy/domains/de/test/auto/ClockDrift.xml
auto.tcl: Setting watchdog for 200 seconds at Thu Jun 07 15:14:29 UTC 2018
54 ms. Memory: 208384K Free: 187652K (90%)
ptolemy.util.test.WatchDog.cancel(): canceling Thu Jun 07 15:14:29 UTC 2018
auto.tcl: Setting watchdog for 200 seconds at Thu Jun 07 15:14:29 UTC 2018
70 ms. Memory: 208384K Free: 185551K (89%)
ptolemy.util.test.WatchDog.cancel(): canceling Thu Jun 07 15:14:29 UTC 2018
------------------ testing $PTII/ptolemy/domains/de/test/auto/ClockDriftAndValueChange.xml
auto.tcl: Setting watchdog for 200 seconds at Thu Jun 07 15:14:30 UTC 2018
52 ms. Memory: 208384K Free: 187488K (90%)
ptolemy.util.test.WatchDog.cancel(): canceling Thu Jun 07 15:14:30 UTC 2018
auto.tcl: Setting watchdog for 200 seconds at Thu Jun 07 15:14:30 UTC 2018
34 ms. Memory: 208384K Free: 185387K (89%)
ptolemy.util.test.WatchDog.cancel(): canceling Thu Jun 07 15:14:30 UTC 2018
------------------ testing $PTII/ptolemy/domains/de/test/auto/ClockDriftChange.xml
auto.tcl: Setting watchdog for 200 seconds at Thu Jun 07 15:14:30 UTC 2018
39 ms. Memory: 208384K Free: 190810K (92%)
ptolemy.util.test.WatchDog.cancel(): canceling Thu Jun 07 15:14:30 UTC 2018
auto.tcl: Setting watchdog for 200 seconds at Thu Jun 07 15:14:30 UTC 2018
24 ms. Memory: 208384K Free: 188709K (91%)
ptolemy.util.test.WatchDog.cancel(): canceling Thu Jun 07 15:14:30 UTC 2018
------------------ testing $PTII/ptolemy/domains/de/test/auto/ComposableCausalityAnalysis.xml
auto.tcl: Setting watchdog for 200 seconds at Thu Jun 07 15:14:30 UTC 2018
2 ms. Memory: 208384K Free: 196278K (94%)
ptolemy.util.test.WatchDog.cancel(): canceling Thu Jun 07 15:14:30 UTC 2018
auto.tcl: Setting watchdog for 200 seconds at Thu Jun 07 15:14:30 UTC 2018
2 ms. Memory: 208384K Free: 194177K (93%)
ptolemy.util.test.WatchDog.cancel(): canceling Thu Jun 07 15:14:30 UTC 2018
------------------ testing $PTII/ptolemy/domains/de/test/auto/DEFixedPointLimitation.xml
auto.tcl: Setting watchdog for 200 seconds at Thu Jun 07 15:14:30 UTC 2018
2 ms. Memory: 208384K Free: 196359K (94%)
ptolemy.util.test.WatchDog.cancel(): canceling Thu Jun 07 15:14:30 UTC 2018
auto.tcl: Setting watchdog for 200 seconds at Thu Jun 07 15:14:30 UTC 2018
2 ms. Memory: 208384K Free: 196359K (94%)
ptolemy.util.test.WatchDog.cancel(): canceling Thu Jun 07 15:14:30 UTC 2018
------------------ testing $PTII/ptolemy/domains/de/test/auto/DEScheduleTest.xml
auto.tcl: Setting watchdog for 200 seconds at Thu Jun 07 15:14:30 UTC 2018
4 ms. Memory: 208384K Free: 198495K (95%)
ptolemy.util.test.WatchDog.cancel(): canceling Thu Jun 07 15:14:30 UTC 2018
auto.tcl: Setting watchdog for 200 seconds at Thu Jun 07 15:14:30 UTC 2018
5 ms. Memory: 208384K Free: 196394K (94%)
ptolemy.util.test.WatchDog.cancel(): canceling Thu Jun 07 15:14:30 UTC 2018
------------------ testing $PTII/ptolemy/domains/de/test/auto/DEinDEwithStartTimes.xml
auto.tcl: Setting watchdog for 200 seconds at Thu Jun 07 15:14:30 UTC 2018
4 ms. Memory: 208384K Free: 196363K (94%)
ptolemy.util.test.WatchDog.cancel(): canceling Thu Jun 07 15:14:30 UTC 2018
auto.tcl: Setting watchdog for 200 seconds at Thu Jun 07 15:14:30 UTC 2018
3 ms. Memory: 208384K Free: 194262K (93%)
ptolemy.util.test.WatchDog.cancel(): canceling Thu Jun 07 15:14:30 UTC 2018
------------------ testing $PTII/ptolemy/domains/de/test/auto/DEinDEwithStartTimes2.xml
auto.tcl: Setting watchdog for 200 seconds at Thu Jun 07 15:14:30 UTC 2018
4 ms. Memory: 208384K Free: 196342K (94%)
ptolemy.util.test.WatchDog.cancel(): canceling Thu Jun 07 15:14:30 UTC 2018
auto.tcl: Setting watchdog for 200 seconds at Thu Jun 07 15:14:30 UTC 2018
4 ms. Memory: 208384K Free: 194241K (93%)
ptolemy.util.test.WatchDog.cancel(): canceling Thu Jun 07 15:14:30 UTC 2018
------------------ testing $PTII/ptolemy/domains/de/test/auto/DateDemo.xml
auto.tcl: Setting watchdog for 200 seconds at Thu Jun 07 15:14:30 UTC 2018
16 ms. Memory: 208384K Free: 188778K (91%)
ptolemy.util.test.WatchDog.cancel(): canceling Thu Jun 07 15:14:30 UTC 2018
auto.tcl: Setting watchdog for 200 seconds at Thu Jun 07 15:14:30 UTC 2018
8 ms. Memory: 208384K Free: 186677K (90%)
ptolemy.util.test.WatchDog.cancel(): canceling Thu Jun 07 15:14:30 UTC 2018
------------------ testing $PTII/ptolemy/domains/de/test/auto/DateToEvent.xml
auto.tcl: Setting watchdog for 200 seconds at Thu Jun 07 15:14:30 UTC 2018
2019 ms. Memory: 208384K Free: 183490K (88%)
ptolemy.util.test.WatchDog.cancel(): canceling Thu Jun 07 15:14:33 UTC 2018
auto.tcl: Setting watchdog for 200 seconds at Thu Jun 07 15:14:33 UTC 2018
2006 ms. Memory: 208384K Free: 183490K (88%)
ptolemy.util.test.WatchDog.cancel(): canceling Thu Jun 07 15:14:35 UTC 2018
------------------ testing $PTII/ptolemy/domains/de/test/auto/DepthTest1.xml
auto.tcl: Setting watchdog for 200 seconds at Thu Jun 07 15:14:35 UTC 2018
5 ms. Memory: 208384K Free: 198362K (95%)
ptolemy.util.test.WatchDog.cancel(): canceling Thu Jun 07 15:14:35 UTC 2018
auto.tcl: Setting watchdog for 200 seconds at Thu Jun 07 15:14:35 UTC 2018
1 ms. Memory: 208384K Free: 198362K (95%)
ptolemy.util.test.WatchDog.cancel(): canceling Thu Jun 07 15:14:35 UTC 2018
------------------ testing $PTII/ptolemy/domains/de/test/auto/DepthTest2.xml
auto.tcl: Setting watchdog for 200 seconds at Thu Jun 07 15:14:35 UTC 2018
4 ms. Memory: 208384K Free: 194224K (93%)
ptolemy.util.test.WatchDog.cancel(): canceling Thu Jun 07 15:14:35 UTC 2018
auto.tcl: Setting watchdog for 200 seconds at Thu Jun 07 15:14:35 UTC 2018
5 ms. Memory: 208384K Free: 194224K (93%)
ptolemy.util.test.WatchDog.cancel(): canceling Thu Jun 07 15:14:35 UTC 2018
------------------ testing $PTII/ptolemy/domains/de/test/auto/DepthTest3.xml
auto.tcl: Setting watchdog for 200 seconds at Thu Jun 07 15:14:35 UTC 2018
2 ms. Memory: 208384K Free: 198360K (95%)
ptolemy.util.test.WatchDog.cancel(): canceling Thu Jun 07 15:14:35 UTC 2018
auto.tcl: Setting watchdog for 200 seconds at Thu Jun 07 15:14:35 UTC 2018
2 ms. Memory: 208384K Free: 198360K (95%)
ptolemy.util.test.WatchDog.cancel(): canceling Thu Jun 07 15:14:35 UTC 2018
------------------ testing $PTII/ptolemy/domains/de/test/auto/DepthTest4.xml
auto.tcl: Setting watchdog for 200 seconds at Thu Jun 07 15:14:35 UTC 2018
3 ms. Memory: 208384K Free: 196344K (94%)
ptolemy.util.test.WatchDog.cancel(): canceling Thu Jun 07 15:14:35 UTC 2018
auto.tcl: Setting watchdog for 200 seconds at Thu Jun 07 15:14:35 UTC 2018
2 ms. Memory: 208384K Free: 196344K (94%)
ptolemy.util.test.WatchDog.cancel(): canceling Thu Jun 07 15:14:35 UTC 2018
------------------ testing $PTII/ptolemy/domains/de/test/auto/DepthTest5.xml
auto.tcl: Setting watchdog for 200 seconds at Thu Jun 07 15:14:35 UTC 2018
3 ms. Memory: 208384K Free: 196630K (94%)
ptolemy.util.test.WatchDog.cancel(): canceling Thu Jun 07 15:14:35 UTC 2018
auto.tcl: Setting watchdog for 200 seconds at Thu Jun 07 15:14:35 UTC 2018
2 ms. Memory: 208384K Free: 196630K (94%)
ptolemy.util.test.WatchDog.cancel(): canceling Thu Jun 07 15:14:35 UTC 2018
------------------ testing $PTII/ptolemy/domains/de/test/auto/DepthTest6.xml
auto.tcl: Setting watchdog for 200 seconds at Thu Jun 07 15:14:35 UTC 2018
7 ms. Memory: 208384K Free: 196599K (94%)
ptolemy.util.test.WatchDog.cancel(): canceling Thu Jun 07 15:14:35 UTC 2018
auto.tcl: Setting watchdog for 200 seconds at Thu Jun 07 15:14:35 UTC 2018
2 ms. Memory: 208384K Free: 196599K (94%)
ptolemy.util.test.WatchDog.cancel(): canceling Thu Jun 07 15:14:35 UTC 2018
------------------ testing $PTII/ptolemy/domains/de/test/auto/DepthTest7.xml
auto.tcl: Setting watchdog for 200 seconds at Thu Jun 07 15:14:35 UTC 2018
3 ms. Memory: 208384K Free: 195020K (94%)
ptolemy.util.test.WatchDog.cancel(): canceling Thu Jun 07 15:14:35 UTC 2018
auto.tcl: Setting watchdog for 200 seconds at Thu Jun 07 15:14:35 UTC 2018
2 ms. Memory: 208384K Free: 195020K (94%)
ptolemy.util.test.WatchDog.cancel(): canceling Thu Jun 07 15:14:35 UTC 2018
------------------ testing $PTII/ptolemy/domains/de/test/auto/EventToDate.xml
auto.tcl: Setting watchdog for 200 seconds at Thu Jun 07 15:14:35 UTC 2018
3005 ms. Memory: 208384K Free: 185766K (89%)
ptolemy.util.test.WatchDog.cancel(): canceling Thu Jun 07 15:14:38 UTC 2018
auto.tcl: Setting watchdog for 200 seconds at Thu Jun 07 15:14:38 UTC 2018
3003 ms. Memory: 208384K Free: 185766K (89%)
ptolemy.util.test.WatchDog.cancel(): canceling Thu Jun 07 15:14:41 UTC 2018
------------------ testing $PTII/ptolemy/domains/de/test/auto/FSM1.xml
auto.tcl: Setting watchdog for 200 seconds at Thu Jun 07 15:14:41 UTC 2018
28 ms. Memory: 208384K Free: 187199K (90%)
ptolemy.util.test.WatchDog.cancel(): canceling Thu Jun 07 15:14:41 UTC 2018
auto.tcl: Setting watchdog for 200 seconds at Thu Jun 07 15:14:41 UTC 2018
12 ms. Memory: 208384K Free: 185098K (89%)
ptolemy.util.test.WatchDog.cancel(): canceling Thu Jun 07 15:14:41 UTC 2018
------------------ testing $PTII/ptolemy/domains/de/test/auto/FSM7.xml
auto.tcl: Setting watchdog for 200 seconds at Thu Jun 07 15:14:41 UTC 2018
23 ms. Memory: 208384K Free: 187401K (90%)
ptolemy.util.test.WatchDog.cancel(): canceling Thu Jun 07 15:14:41 UTC 2018
auto.tcl: Setting watchdog for 200 seconds at Thu Jun 07 15:14:41 UTC 2018
16 ms. Memory: 208384K Free: 185300K (89%)
ptolemy.util.test.WatchDog.cancel(): canceling Thu Jun 07 15:14:41 UTC 2018
------------------ testing $PTII/ptolemy/domains/de/test/auto/Inspection.xml
auto.tcl: Setting watchdog for 200 seconds at Thu Jun 07 15:14:41 UTC 2018
39 ms. Memory: 208384K Free: 188954K (91%)
ptolemy.util.test.WatchDog.cancel(): canceling Thu Jun 07 15:14:42 UTC 2018
auto.tcl: Setting watchdog for 200 seconds at Thu Jun 07 15:14:42 UTC 2018
23 ms. Memory: 208384K Free: 186515K (90%)
ptolemy.util.test.WatchDog.cancel(): canceling Thu Jun 07 15:14:42 UTC 2018
------------------ testing $PTII/ptolemy/domains/de/test/auto/Iteration.xml
auto.tcl: Setting watchdog for 200 seconds at Thu Jun 07 15:14:42 UTC 2018
19 ms. Memory: 208384K Free: 193956K (93%)
ptolemy.util.test.WatchDog.cancel(): canceling Thu Jun 07 15:14:42 UTC 2018
auto.tcl: Setting watchdog for 200 seconds at Thu Jun 07 15:14:42 UTC 2018
7 ms. Memory: 208384K Free: 193956K (93%)
ptolemy.util.test.WatchDog.cancel(): canceling Thu Jun 07 15:14:42 UTC 2018
------------------ testing $PTII/ptolemy/domains/de/test/auto/LineFault.xml
auto.tcl: Setting watchdog for 200 seconds at Thu Jun 07 15:14:42 UTC 2018
665 ms. Memory: 208384K Free: 196168K (94%)
ptolemy.util.test.WatchDog.cancel(): canceling Thu Jun 07 15:14:43 UTC 2018
auto.tcl: Setting watchdog for 200 seconds at Thu Jun 07 15:14:43 UTC 2018
575 ms. Memory: 208384K Free: 136355K (65%)
ptolemy.util.test.WatchDog.cancel(): canceling Thu Jun 07 15:14:43 UTC 2018
------------------ testing $PTII/ptolemy/domains/de/test/auto/MergeModel1Add.xml
auto.tcl: Setting watchdog for 200 seconds at Thu Jun 07 15:14:43 UTC 2018
27 ms. Memory: 331264K Free: 302184K (91%)
ptolemy.util.test.WatchDog.cancel(): canceling Thu Jun 07 15:14:43 UTC 2018
auto.tcl: Setting watchdog for 200 seconds at Thu Jun 07 15:14:43 UTC 2018
10 ms. Memory: 331264K Free: 298280K (90%)
ptolemy.util.test.WatchDog.cancel(): canceling Thu Jun 07 15:14:43 UTC 2018
------------------ testing $PTII/ptolemy/domains/de/test/auto/MergeModel2Add.xml
auto.tcl: Setting watchdog for 200 seconds at Thu Jun 07 15:14:43 UTC 2018
13 ms. Memory: 331264K Free: 302602K (91%)
ptolemy.util.test.WatchDog.cancel(): canceling Thu Jun 07 15:14:43 UTC 2018
auto.tcl: Setting watchdog for 200 seconds at Thu Jun 07 15:14:43 UTC 2018
10 ms. Memory: 331264K Free: 298698K (90%)
ptolemy.util.test.WatchDog.cancel(): canceling Thu Jun 07 15:14:44 UTC 2018
------------------ testing $PTII/ptolemy/domains/de/test/auto/MergeModel3Add.xml
auto.tcl: Setting watchdog for 200 seconds at Thu Jun 07 15:14:44 UTC 2018
11 ms. Memory: 331264K Free: 302610K (91%)
ptolemy.util.test.WatchDog.cancel(): canceling Thu Jun 07 15:14:44 UTC 2018
auto.tcl: Setting watchdog for 200 seconds at Thu Jun 07 15:14:44 UTC 2018
8 ms. Memory: 331264K Free: 298706K (90%)
ptolemy.util.test.WatchDog.cancel(): canceling Thu Jun 07 15:14:44 UTC 2018
------------------ testing $PTII/ptolemy/domains/de/test/auto/MergeWithoutDiscard.xml
auto.tcl: Setting watchdog for 200 seconds at Thu Jun 07 15:14:44 UTC 2018
2 ms. Memory: 331264K Free: 314605K (95%)
ptolemy.util.test.WatchDog.cancel(): canceling Thu Jun 07 15:14:44 UTC 2018
auto.tcl: Setting watchdog for 200 seconds at Thu Jun 07 15:14:44 UTC 2018
1 ms. Memory: 331264K Free: 314605K (95%)
ptolemy.util.test.WatchDog.cancel(): canceling Thu Jun 07 15:14:44 UTC 2018
------------------ testing $PTII/ptolemy/domains/de/test/auto/Modal1.xml
auto.tcl: Setting watchdog for 200 seconds at Thu Jun 07 15:14:44 UTC 2018
10 ms. Memory: 331264K Free: 308272K (93%)
ptolemy.util.test.WatchDog.cancel(): canceling Thu Jun 07 15:14:44 UTC 2018
auto.tcl: Setting watchdog for 200 seconds at Thu Jun 07 15:14:44 UTC 2018
11 ms. Memory: 331264K Free: 304368K (92%)
ptolemy.util.test.WatchDog.cancel(): canceling Thu Jun 07 15:14:44 UTC 2018
------------------ testing $PTII/ptolemy/domains/de/test/auto/Modal2.xml
auto.tcl: Setting watchdog for 200 seconds at Thu Jun 07 15:14:44 UTC 2018
17 ms. Memory: 331264K Free: 308146K (93%)
ptolemy.util.test.WatchDog.cancel(): canceling Thu Jun 07 15:14:44 UTC 2018
auto.tcl: Setting watchdog for 200 seconds at Thu Jun 07 15:14:44 UTC 2018
17 ms. Memory: 331264K Free: 304242K (92%)
ptolemy.util.test.WatchDog.cancel(): canceling Thu Jun 07 15:14:44 UTC 2018
------------------ testing $PTII/ptolemy/domains/de/test/auto/Modal3.xml
auto.tcl: Setting watchdog for 200 seconds at Thu Jun 07 15:14:44 UTC 2018
14 ms. Memory: 331264K Free: 308144K (93%)
ptolemy.util.test.WatchDog.cancel(): canceling Thu Jun 07 15:14:44 UTC 2018
auto.tcl: Setting watchdog for 200 seconds at Thu Jun 07 15:14:44 UTC 2018
10 ms. Memory: 331264K Free: 304240K (92%)
ptolemy.util.test.WatchDog.cancel(): canceling Thu Jun 07 15:14:44 UTC 2018
------------------ testing $PTII/ptolemy/domains/de/test/auto/Modal4.xml
auto.tcl: Setting watchdog for 200 seconds at Thu Jun 07 15:14:44 UTC 2018
27 ms. Memory: 331264K Free: 308142K (93%)
ptolemy.util.test.WatchDog.cancel(): canceling Thu Jun 07 15:14:44 UTC 2018
auto.tcl: Setting watchdog for 200 seconds at Thu Jun 07 15:14:44 UTC 2018
16 ms. Memory: 331264K Free: 304238K (92%)
ptolemy.util.test.WatchDog.cancel(): canceling Thu Jun 07 15:14:44 UTC 2018
------------------ testing $PTII/ptolemy/domains/de/test/auto/Modal5.xml
auto.tcl: Setting watchdog for 200 seconds at Thu Jun 07 15:14:44 UTC 2018
15 ms. Memory: 331264K Free: 308129K (93%)
ptolemy.util.test.WatchDog.cancel(): canceling Thu Jun 07 15:14:44 UTC 2018
auto.tcl: Setting watchdog for 200 seconds at Thu Jun 07 15:14:44 UTC 2018
13 ms. Memory: 331264K Free: 304225K (92%)
ptolemy.util.test.WatchDog.cancel(): canceling Thu Jun 07 15:14:44 UTC 2018
------------------ testing $PTII/ptolemy/domains/de/test/auto/Modal6.xml
auto.tcl: Setting watchdog for 200 seconds at Thu Jun 07 15:14:44 UTC 2018
14 ms. Memory: 331264K Free: 308412K (93%)
ptolemy.util.test.WatchDog.cancel(): canceling Thu Jun 07 15:14:44 UTC 2018
auto.tcl: Setting watchdog for 200 seconds at Thu Jun 07 15:14:44 UTC 2018
15 ms. Memory: 331264K Free: 304508K (92%)
ptolemy.util.test.WatchDog.cancel(): canceling Thu Jun 07 15:14:44 UTC 2018
------------------ testing $PTII/ptolemy/domains/de/test/auto/Modal7.xml
auto.tcl: Setting watchdog for 200 seconds at Thu Jun 07 15:14:44 UTC 2018
16 ms. Memory: 331264K Free: 304222K (92%)
ptolemy.util.test.WatchDog.cancel(): canceling Thu Jun 07 15:14:44 UTC 2018
auto.tcl: Setting watchdog for 200 seconds at Thu Jun 07 15:14:44 UTC 2018
10 ms. Memory: 331264K Free: 304222K (92%)
ptolemy.util.test.WatchDog.cancel(): canceling Thu Jun 07 15:14:44 UTC 2018
------------------ testing $PTII/ptolemy/domains/de/test/auto/ModalModel.xml
auto.tcl: Setting watchdog for 200 seconds at Thu Jun 07 15:14:45 UTC 2018
198 ms. Memory: 331264K Free: 244773K (74%)
ptolemy.util.test.WatchDog.cancel(): canceling Thu Jun 07 15:14:45 UTC 2018
auto.tcl: Setting watchdog for 200 seconds at Thu Jun 07 15:14:45 UTC 2018
149 ms. Memory: 331264K Free: 190117K (57%)
ptolemy.util.test.WatchDog.cancel(): canceling Thu Jun 07 15:14:45 UTC 2018
------------------ testing $PTII/ptolemy/domains/de/test/auto/ModalSource.xml
auto.tcl: Setting watchdog for 200 seconds at Thu Jun 07 15:14:45 UTC 2018
9 ms. Memory: 331264K Free: 314804K (95%)
ptolemy.util.test.WatchDog.cancel(): canceling Thu Jun 07 15:14:45 UTC 2018
auto.tcl: Setting watchdog for 200 seconds at Thu Jun 07 15:14:45 UTC 2018
5 ms. Memory: 331264K Free: 311300K (94%)
ptolemy.util.test.WatchDog.cancel(): canceling Thu Jun 07 15:14:45 UTC 2018
------------------ testing $PTII/ptolemy/domains/de/test/auto/NonInterruptibleTimerZeroDelay.xml
auto.tcl: Setting watchdog for 200 seconds at Thu Jun 07 15:14:45 UTC 2018
4 ms. Memory: 331264K Free: 319146K (96%)
ptolemy.util.test.WatchDog.cancel(): canceling Thu Jun 07 15:14:45 UTC 2018
auto.tcl: Setting watchdog for 200 seconds at Thu Jun 07 15:14:45 UTC 2018
2 ms. Memory: 331264K Free: 315641K (95%)
ptolemy.util.test.WatchDog.cancel(): canceling Thu Jun 07 15:14:45 UTC 2018
------------------ testing $PTII/ptolemy/domains/de/test/auto/OpenQueueingNetwork.xml
auto.tcl: Setting watchdog for 200 seconds at Thu Jun 07 15:14:45 UTC 2018
2627 ms. Memory: 573952K Free: 388969K (68%)
ptolemy.util.test.WatchDog.cancel(): canceling Thu Jun 07 15:14:48 UTC 2018
auto.tcl: Setting watchdog for 200 seconds at Thu Jun 07 15:14:48 UTC 2018
2428 ms. Memory: 574464K Free: 291073K (51%)
ptolemy.util.test.WatchDog.cancel(): canceling Thu Jun 07 15:14:50 UTC 2018
------------------ testing $PTII/ptolemy/domains/de/test/auto/OpenQueuingNetwork.xml
auto.tcl: Setting watchdog for 200 seconds at Thu Jun 07 15:14:50 UTC 2018
243 ms. Memory: 1064960K Free: 936933K (88%)
ptolemy.util.test.WatchDog.cancel(): canceling Thu Jun 07 15:14:51 UTC 2018
auto.tcl: Setting watchdog for 200 seconds at Thu Jun 07 15:14:51 UTC 2018
226 ms. Memory: 1064960K Free: 881375K (83%)
ptolemy.util.test.WatchDog.cancel(): canceling Thu Jun 07 15:14:51 UTC 2018
------------------ testing $PTII/ptolemy/domains/de/test/auto/PeriodicSampler.xml
auto.tcl: Setting watchdog for 200 seconds at Thu Jun 07 15:14:51 UTC 2018
2 ms. Memory: 1065472K Free: 1025184K (96%)
ptolemy.util.test.WatchDog.cancel(): canceling Thu Jun 07 15:14:51 UTC 2018
auto.tcl: Setting watchdog for 200 seconds at Thu Jun 07 15:14:51 UTC 2018
2 ms. Memory: 1065472K Free: 1025184K (96%)
ptolemy.util.test.WatchDog.cancel(): canceling Thu Jun 07 15:14:51 UTC 2018
------------------ testing $PTII/ptolemy/domains/de/test/auto/PersistentIO.xml
auto.tcl: Setting watchdog for 200 seconds at Thu Jun 07 15:14:51 UTC 2018
4 ms. Memory: 1065472K Free: 1025766K (96%)
ptolemy.util.test.WatchDog.cancel(): canceling Thu Jun 07 15:14:51 UTC 2018
auto.tcl: Setting watchdog for 200 seconds at Thu Jun 07 15:14:51 UTC 2018
3 ms. Memory: 1065472K Free: 1025766K (96%)
ptolemy.util.test.WatchDog.cancel(): canceling Thu Jun 07 15:14:51 UTC 2018
------------------ testing $PTII/ptolemy/domains/de/test/auto/PortParameterResetOnInitialize.xml
auto.tcl: Setting watchdog for 200 seconds at Thu Jun 07 15:14:51 UTC 2018
3 ms. Memory: 1065472K Free: 1025146K (96%)
ptolemy.util.test.WatchDog.cancel(): canceling Thu Jun 07 15:14:51 UTC 2018
auto.tcl: Setting watchdog for 200 seconds at Thu Jun 07 15:14:51 UTC 2018
2 ms. Memory: 1065472K Free: 1025146K (96%)
ptolemy.util.test.WatchDog.cancel(): canceling Thu Jun 07 15:14:51 UTC 2018
------------------ testing $PTII/ptolemy/domains/de/test/auto/PortParameterUpdates.xml
auto.tcl: Setting watchdog for 200 seconds at Thu Jun 07 15:14:51 UTC 2018
3 ms. Memory: 1065472K Free: 1025279K (96%)
ptolemy.util.test.WatchDog.cancel(): canceling Thu Jun 07 15:14:51 UTC 2018
auto.tcl: Setting watchdog for 200 seconds at Thu Jun 07 15:14:51 UTC 2018
3 ms. Memory: 1065472K Free: 1025279K (96%)
ptolemy.util.test.WatchDog.cancel(): canceling Thu Jun 07 15:14:51 UTC 2018
------------------ testing $PTII/ptolemy/domains/de/test/auto/QueueAndServer.xml
auto.tcl: Setting watchdog for 200 seconds at Thu Jun 07 15:14:51 UTC 2018
18 ms. Memory: 1065472K Free: 1035063K (97%)
ptolemy.util.test.WatchDog.cancel(): canceling Thu Jun 07 15:14:51 UTC 2018
auto.tcl: Setting watchdog for 200 seconds at Thu Jun 07 15:14:51 UTC 2018
6 ms. Memory: 1065472K Free: 1035063K (97%)
ptolemy.util.test.WatchDog.cancel(): canceling Thu Jun 07 15:14:51 UTC 2018
------------------ testing $PTII/ptolemy/domains/de/test/auto/Records.xml
auto.tcl: Setting watchdog for 200 seconds at Thu Jun 07 15:14:51 UTC 2018
8 ms. Memory: 1065472K Free: 1035486K (97%)
ptolemy.util.test.WatchDog.cancel(): canceling Thu Jun 07 15:14:51 UTC 2018
auto.tcl: Setting watchdog for 200 seconds at Thu Jun 07 15:14:51 UTC 2018
2 ms. Memory: 1065472K Free: 1035486K (97%)
ptolemy.util.test.WatchDog.cancel(): canceling Thu Jun 07 15:14:51 UTC 2018
------------------ testing $PTII/ptolemy/domains/de/test/auto/ResetTransitionWithStartTime1.xml
auto.tcl: Setting watchdog for 200 seconds at Thu Jun 07 15:14:51 UTC 2018
10 ms. Memory: 1065472K Free: 1025209K (96%)
ptolemy.util.test.WatchDog.cancel(): canceling Thu Jun 07 15:14:52 UTC 2018
auto.tcl: Setting watchdog for 200 seconds at Thu Jun 07 15:14:52 UTC 2018
5 ms. Memory: 1065472K Free: 1025209K (96%)
ptolemy.util.test.WatchDog.cancel(): canceling Thu Jun 07 15:14:52 UTC 2018
------------------ testing $PTII/ptolemy/domains/de/test/auto/ResetTransitionWithStartTime2.xml
auto.tcl: Setting watchdog for 200 seconds at Thu Jun 07 15:14:52 UTC 2018
9 ms. Memory: 1064448K Free: 1034478K (97%)
ptolemy.util.test.WatchDog.cancel(): canceling Thu Jun 07 15:14:52 UTC 2018
auto.tcl: Setting watchdog for 200 seconds at Thu Jun 07 15:14:52 UTC 2018
5 ms. Memory: 1064448K Free: 1034478K (97%)
ptolemy.util.test.WatchDog.cancel(): canceling Thu Jun 07 15:14:52 UTC 2018
------------------ testing $PTII/ptolemy/domains/de/test/auto/ResetTransitionWithStartTime3.xml
auto.tcl: Setting watchdog for 200 seconds at Thu Jun 07 15:14:52 UTC 2018
5 ms. Memory: 1064960K Free: 1024686K (96%)
ptolemy.util.test.WatchDog.cancel(): canceling Thu Jun 07 15:14:52 UTC 2018
auto.tcl: Setting watchdog for 200 seconds at Thu Jun 07 15:14:52 UTC 2018
5 ms. Memory: 1064960K Free: 1024686K (96%)
ptolemy.util.test.WatchDog.cancel(): canceling Thu Jun 07 15:14:52 UTC 2018
------------------ testing $PTII/ptolemy/domains/de/test/auto/ResetTransitionWithStartTime4.xml
auto.tcl: Setting watchdog for 200 seconds at Thu Jun 07 15:14:52 UTC 2018
5 ms. Memory: 1064960K Free: 1034505K (97%)
ptolemy.util.test.WatchDog.cancel(): canceling Thu Jun 07 15:14:52 UTC 2018
auto.tcl: Setting watchdog for 200 seconds at Thu Jun 07 15:14:52 UTC 2018
3 ms. Memory: 1064960K Free: 1034505K (97%)
ptolemy.util.test.WatchDog.cancel(): canceling Thu Jun 07 15:14:52 UTC 2018
------------------ testing $PTII/ptolemy/domains/de/test/auto/ResettableTimer1.xml
auto.tcl: Setting watchdog for 200 seconds at Thu Jun 07 15:14:52 UTC 2018
3 ms. Memory: 1064960K Free: 1034500K (97%)
ptolemy.util.test.WatchDog.cancel(): canceling Thu Jun 07 15:14:52 UTC 2018
auto.tcl: Setting watchdog for 200 seconds at Thu Jun 07 15:14:52 UTC 2018
2 ms. Memory: 1064960K Free: 1034500K (97%)
ptolemy.util.test.WatchDog.cancel(): canceling Thu Jun 07 15:14:52 UTC 2018
------------------ testing $PTII/ptolemy/domains/de/test/auto/ResettableTimer2.xml
auto.tcl: Setting watchdog for 200 seconds at Thu Jun 07 15:14:52 UTC 2018
2 ms. Memory: 1064960K Free: 1035041K (97%)
ptolemy.util.test.WatchDog.cancel(): canceling Thu Jun 07 15:14:52 UTC 2018
auto.tcl: Setting watchdog for 200 seconds at Thu Jun 07 15:14:52 UTC 2018
2 ms. Memory: 1064960K Free: 1035041K (97%)
ptolemy.util.test.WatchDog.cancel(): canceling Thu Jun 07 15:14:52 UTC 2018
------------------ testing $PTII/ptolemy/domains/de/test/auto/ResettableTimer3.xml
auto.tcl: Setting watchdog for 200 seconds at Thu Jun 07 15:14:52 UTC 2018
1 ms. Memory: 1064960K Free: 1034558K (97%)
ptolemy.util.test.WatchDog.cancel(): canceling Thu Jun 07 15:14:52 UTC 2018
auto.tcl: Setting watchdog for 200 seconds at Thu Jun 07 15:14:52 UTC 2018
1 ms. Memory: 1064960K Free: 1034558K (97%)
ptolemy.util.test.WatchDog.cancel(): canceling Thu Jun 07 15:14:52 UTC 2018
------------------ testing $PTII/ptolemy/domains/de/test/auto/ResettableTimer4.xml
auto.tcl: Setting watchdog for 200 seconds at Thu Jun 07 15:14:52 UTC 2018
1 ms. Memory: 1063936K Free: 1033547K (97%)
ptolemy.util.test.WatchDog.cancel(): canceling Thu Jun 07 15:14:52 UTC 2018
auto.tcl: Setting watchdog for 200 seconds at Thu Jun 07 15:14:52 UTC 2018
1 ms. Memory: 1063936K Free: 1033547K (97%)
ptolemy.util.test.WatchDog.cancel(): canceling Thu Jun 07 15:14:52 UTC 2018
------------------ testing $PTII/ptolemy/domains/de/test/auto/ResettableTimer5.xml
auto.tcl: Setting watchdog for 200 seconds at Thu Jun 07 15:14:52 UTC 2018
3 ms. Memory: 1064448K Free: 1034539K (97%)
ptolemy.util.test.WatchDog.cancel(): canceling Thu Jun 07 15:14:52 UTC 2018
auto.tcl: Setting watchdog for 200 seconds at Thu Jun 07 15:14:52 UTC 2018
1 ms. Memory: 1064448K Free: 1034539K (97%)
ptolemy.util.test.WatchDog.cancel(): canceling Thu Jun 07 15:14:52 UTC 2018
------------------ testing $PTII/ptolemy/domains/de/test/auto/ResettableTimer6.xml
auto.tcl: Setting watchdog for 200 seconds at Thu Jun 07 15:14:52 UTC 2018
2 ms. Memory: 1064448K Free: 1034007K (97%)
ptolemy.util.test.WatchDog.cancel(): canceling Thu Jun 07 15:14:52 UTC 2018
auto.tcl: Setting watchdog for 200 seconds at Thu Jun 07 15:14:52 UTC 2018
1 ms. Memory: 1064448K Free: 1034007K (97%)
ptolemy.util.test.WatchDog.cancel(): canceling Thu Jun 07 15:14:52 UTC 2018
------------------ testing $PTII/ptolemy/domains/de/test/auto/ServerZeroDelay.xml
auto.tcl: Setting watchdog for 200 seconds at Thu Jun 07 15:14:52 UTC 2018
3 ms. Memory: 1064448K Free: 1034480K (97%)
ptolemy.util.test.WatchDog.cancel(): canceling Thu Jun 07 15:14:52 UTC 2018
auto.tcl: Setting watchdog for 200 seconds at Thu Jun 07 15:14:52 UTC 2018
2 ms. Memory: 1064448K Free: 1034480K (97%)
ptolemy.util.test.WatchDog.cancel(): canceling Thu Jun 07 15:14:52 UTC 2018
------------------ testing $PTII/ptolemy/domains/de/test/auto/SmartSender.xml
auto.tcl: Setting watchdog for 200 seconds at Thu Jun 07 15:14:52 UTC 2018
3002 ms. Memory: 1064448K Free: 1024655K (96%)
ptolemy.util.test.WatchDog.cancel(): canceling Thu Jun 07 15:14:55 UTC 2018
auto.tcl: Setting watchdog for 200 seconds at Thu Jun 07 15:14:55 UTC 2018
3001 ms. Memory: 1064448K Free: 1024655K (96%)
ptolemy.util.test.WatchDog.cancel(): canceling Thu Jun 07 15:14:58 UTC 2018
------------------ testing $PTII/ptolemy/domains/de/test/auto/ThreadedComposite.xml
auto.tcl: Setting watchdog for 200 seconds at Thu Jun 07 15:14:58 UTC 2018
206 ms. Memory: 1064448K Free: 1004546K (94%)
ptolemy.util.test.WatchDog.cancel(): canceling Thu Jun 07 15:14:59 UTC 2018
auto.tcl: Setting watchdog for 200 seconds at Thu Jun 07 15:14:59 UTC 2018
121 ms. Memory: 1064448K Free: 971009K (91%)
ptolemy.util.test.WatchDog.cancel(): canceling Thu Jun 07 15:14:59 UTC 2018
------------------ testing $PTII/ptolemy/domains/de/test/auto/Time.xml
auto.tcl: Setting watchdog for 200 seconds at Thu Jun 07 15:14:59 UTC 2018
484 ms. Memory: 1064448K Free: 974795K (92%)
ptolemy.util.test.WatchDog.cancel(): canceling Thu Jun 07 15:14:59 UTC 2018
auto.tcl: Setting watchdog for 200 seconds at Thu Jun 07 15:14:59 UTC 2018
440 ms. Memory: 1064448K Free: 919208K (86%)
ptolemy.util.test.WatchDog.cancel(): canceling Thu Jun 07 15:15:00 UTC 2018
------------------ testing $PTII/ptolemy/domains/de/test/auto/TimeDelayZeroDelay.xml
auto.tcl: Setting watchdog for 200 seconds at Thu Jun 07 15:15:00 UTC 2018
3 ms. Memory: 1064448K Free: 1033911K (97%)
ptolemy.util.test.WatchDog.cancel(): canceling Thu Jun 07 15:15:00 UTC 2018
auto.tcl: Setting watchdog for 200 seconds at Thu Jun 07 15:15:00 UTC 2018
2 ms. Memory: 1064448K Free: 1033911K (97%)
ptolemy.util.test.WatchDog.cancel(): canceling Thu Jun 07 15:15:00 UTC 2018
------------------ testing $PTII/ptolemy/domains/de/test/auto/TimerZeroDelay.xml
auto.tcl: Setting watchdog for 200 seconds at Thu Jun 07 15:15:00 UTC 2018
2 ms. Memory: 1063424K Free: 1036686K (97%)
ptolemy.util.test.WatchDog.cancel(): canceling Thu Jun 07 15:15:00 UTC 2018
auto.tcl: Setting watchdog for 200 seconds at Thu Jun 07 15:15:00 UTC 2018
2 ms. Memory: 1063424K Free: 1036686K (97%)
ptolemy.util.test.WatchDog.cancel(): canceling Thu Jun 07 15:15:00 UTC 2018
------------------ testing $PTII/ptolemy/domains/de/test/auto/TimingParadox.xml
auto.tcl: Setting watchdog for 200 seconds at Thu Jun 07 15:15:00 UTC 2018
335 ms. Memory: 1063936K Free: 976173K (92%)
ptolemy.util.test.WatchDog.cancel(): canceling Thu Jun 07 15:15:00 UTC 2018
auto.tcl: Setting watchdog for 200 seconds at Thu Jun 07 15:15:00 UTC 2018
313 ms. Memory: 1063936K Free: 934483K (88%)
ptolemy.util.test.WatchDog.cancel(): canceling Thu Jun 07 15:15:01 UTC 2018
------------------ testing $PTII/ptolemy/domains/de/test/auto/TransferInputs.xml
auto.tcl: Setting watchdog for 200 seconds at Thu Jun 07 15:15:01 UTC 2018
2 ms. Memory: 1063424K Free: 1032329K (97%)
ptolemy.util.test.WatchDog.cancel(): canceling Thu Jun 07 15:15:01 UTC 2018
auto.tcl: Setting watchdog for 200 seconds at Thu Jun 07 15:15:01 UTC 2018
1 ms. Memory: 1063424K Free: 1032329K (97%)
ptolemy.util.test.WatchDog.cancel(): canceling Thu Jun 07 15:15:01 UTC 2018
------------------ testing $PTII/ptolemy/domains/de/test/auto/TransferOutputs2.xml
auto.tcl: Setting watchdog for 200 seconds at Thu Jun 07 15:15:01 UTC 2018
2 ms. Memory: 1063936K Free: 1033943K (97%)
ptolemy.util.test.WatchDog.cancel(): canceling Thu Jun 07 15:15:01 UTC 2018
auto.tcl: Setting watchdog for 200 seconds at Thu Jun 07 15:15:01 UTC 2018
3 ms. Memory: 1063936K Free: 1033943K (97%)
ptolemy.util.test.WatchDog.cancel(): canceling Thu Jun 07 15:15:01 UTC 2018
------------------ testing $PTII/ptolemy/domains/de/test/auto/Trilateration.xml
auto.tcl: Setting watchdog for 200 seconds at Thu Jun 07 15:15:01 UTC 2018
13057 ms. Memory: 933376K Free: 790896K (85%)
ptolemy.util.test.WatchDog.cancel(): canceling Thu Jun 07 15:15:15 UTC 2018
auto.tcl: Setting watchdog for 200 seconds at Thu Jun 07 15:15:15 UTC 2018
10559 ms. Memory: 812544K Free: 501548K (62%)
ptolemy.util.test.WatchDog.cancel(): canceling Thu Jun 07 15:15:25 UTC 2018
------------------ testing $PTII/ptolemy/domains/de/test/auto/TwoSigmaDelta.xml
auto.tcl: Setting watchdog for 200 seconds at Thu Jun 07 15:15:26 UTC 2018
2896 ms. Memory: 816640K Free: 494999K (61%)
ptolemy.util.test.WatchDog.cancel(): canceling Thu Jun 07 15:15:29 UTC 2018
auto.tcl: Setting watchdog for 200 seconds at Thu Jun 07 15:15:29 UTC 2018
2148 ms. Memory: 816640K Free: 253863K (31%)
ptolemy.util.test.WatchDog.cancel(): canceling Thu Jun 07 15:15:31 UTC 2018
------------------ testing $PTII/ptolemy/domains/de/test/auto/VariableDelay.xml
auto.tcl: Setting watchdog for 200 seconds at Thu Jun 07 15:15:31 UTC 2018
3 ms. Memory: 813056K Free: 788233K (97%)
ptolemy.util.test.WatchDog.cancel(): canceling Thu Jun 07 15:15:31 UTC 2018
auto.tcl: Setting watchdog for 200 seconds at Thu Jun 07 15:15:31 UTC 2018
2 ms. Memory: 813056K Free: 788233K (97%)
ptolemy.util.test.WatchDog.cancel(): canceling Thu Jun 07 15:15:31 UTC 2018
------------------ testing $PTII/ptolemy/domains/de/test/auto/VariableDelay2.xml
auto.tcl: Setting watchdog for 200 seconds at Thu Jun 07 15:15:31 UTC 2018
6 ms. Memory: 812544K Free: 788177K (97%)
ptolemy.util.test.WatchDog.cancel(): canceling Thu Jun 07 15:15:31 UTC 2018
auto.tcl: Setting watchdog for 200 seconds at Thu Jun 07 15:15:31 UTC 2018
2 ms. Memory: 812544K Free: 788177K (97%)
ptolemy.util.test.WatchDog.cancel(): canceling Thu Jun 07 15:15:31 UTC 2018
------------------ testing $PTII/ptolemy/domains/de/test/auto/VariableDelayZeroDelay.xml
auto.tcl: Setting watchdog for 200 seconds at Thu Jun 07 15:15:31 UTC 2018
2 ms. Memory: 812544K Free: 788175K (97%)
ptolemy.util.test.WatchDog.cancel(): canceling Thu Jun 07 15:15:31 UTC 2018
auto.tcl: Setting watchdog for 200 seconds at Thu Jun 07 15:15:31 UTC 2018
2 ms. Memory: 812544K Free: 788175K (97%)
ptolemy.util.test.WatchDog.cancel(): canceling Thu Jun 07 15:15:31 UTC 2018
------------------ testing $PTII/ptolemy/domains/de/test/auto/VariableDelayZeroDelay2.xml
auto.tcl: Setting watchdog for 200 seconds at Thu Jun 07 15:15:31 UTC 2018
2 ms. Memory: 816128K Free: 784447K (96%)
ptolemy.util.test.WatchDog.cancel(): canceling Thu Jun 07 15:15:31 UTC 2018
auto.tcl: Setting watchdog for 200 seconds at Thu Jun 07 15:15:31 UTC 2018
2 ms. Memory: 816128K Free: 784447K (96%)
ptolemy.util.test.WatchDog.cancel(): canceling Thu Jun 07 15:15:31 UTC 2018
------------------ testing $PTII/ptolemy/domains/de/test/auto/deInCt.xml
auto.tcl: Setting watchdog for 200 seconds at Thu Jun 07 15:15:31 UTC 2018
0
1
1
1
0
0
0
0
0
0
1
1
1
1
0
0
0
1
1
1
0
0
1
1
1
1
1
0
0
0
1
1
1
0
0
0
0
24 ms. Memory: 812544K Free: 780818K (96%)
ptolemy.util.test.WatchDog.cancel(): canceling Thu Jun 07 15:15:31 UTC 2018
auto.tcl: Setting watchdog for 200 seconds at Thu Jun 07 15:15:31 UTC 2018
0
1
1
1
1
1
0
0
0
0
1
1
0
0
0
1
1
1
0
0
0
0
1
1
1
0
0
0
1
1
1
0
0
0
0
7 ms. Memory: 812544K Free: 780818K (96%)
ptolemy.util.test.WatchDog.cancel(): canceling Thu Jun 07 15:15:31 UTC 2018
------------------ testing $PTII/ptolemy/domains/de/test/auto/deInCt2.xml
auto.tcl: Setting watchdog for 200 seconds at Thu Jun 07 15:15:31 UTC 2018
0
1
1
1
0
0
1
1
1
0
0
1
1
1
0
0
1
1
1
0
0
1
1
1
0
0
1
1
1
0
0
1
1
1
0
0
1
1
1
0
0
0
5 ms. Memory: 815616K Free: 783890K (96%)
ptolemy.util.test.WatchDog.cancel(): canceling Thu Jun 07 15:15:31 UTC 2018
auto.tcl: Setting watchdog for 200 seconds at Thu Jun 07 15:15:31 UTC 2018
0
1
1
1
0
0
1
1
1
0
0
1
1
1
0
0
1
1
1
0
0
1
1
1
0
0
1
1
1
0
0
1
1
1
0
0
1
1
1
0
0
0
7 ms. Memory: 815616K Free: 783890K (96%)
ptolemy.util.test.WatchDog.cancel(): canceling Thu Jun 07 15:15:31 UTC 2018
------------------ testing $PTII/ptolemy/domains/de/test/auto/dynamicCausalityInterface1.xml
auto.tcl: Setting watchdog for 200 seconds at Thu Jun 07 15:15:31 UTC 2018
1 ms. Memory: 812544K Free: 788166K (97%)
ptolemy.util.test.WatchDog.cancel(): canceling Thu Jun 07 15:15:31 UTC 2018
auto.tcl: Setting watchdog for 200 seconds at Thu Jun 07 15:15:31 UTC 2018
1 ms. Memory: 812544K Free: 788166K (97%)
ptolemy.util.test.WatchDog.cancel(): canceling Thu Jun 07 15:15:31 UTC 2018
------------------ testing $PTII/ptolemy/domains/de/test/auto/fsm_de_test.xml
auto.tcl: Setting watchdog for 200 seconds at Thu Jun 07 15:15:31 UTC 2018
6 ms. Memory: 815104K Free: 783310K (96%)
ptolemy.util.test.WatchDog.cancel(): canceling Thu Jun 07 15:15:31 UTC 2018
auto.tcl: Setting watchdog for 200 seconds at Thu Jun 07 15:15:31 UTC 2018
5 ms. Memory: 815104K Free: 783310K (96%)
ptolemy.util.test.WatchDog.cancel(): canceling Thu Jun 07 15:15:31 UTC 2018
------------------ testing $PTII/ptolemy/domains/de/test/auto/functionDependencyReconstruction.xml
auto.tcl: Setting watchdog for 200 seconds at Thu Jun 07 15:15:31 UTC 2018
2 ms. Memory: 812544K Free: 770104K (95%)
ptolemy.util.test.WatchDog.cancel(): canceling Thu Jun 07 15:15:31 UTC 2018
auto.tcl: Setting watchdog for 200 seconds at Thu Jun 07 15:15:31 UTC 2018
3 ms. Memory: 812544K Free: 770104K (95%)
ptolemy.util.test.WatchDog.cancel(): canceling Thu Jun 07 15:15:31 UTC 2018
------------------ testing $PTII/ptolemy/domains/de/test/auto/multirate.xml
auto.tcl: Setting watchdog for 200 seconds at Thu Jun 07 15:15:31 UTC 2018
4 ms. Memory: 814592K Free: 782663K (96%)
ptolemy.util.test.WatchDog.cancel(): canceling Thu Jun 07 15:15:31 UTC 2018
auto.tcl: Setting watchdog for 200 seconds at Thu Jun 07 15:15:31 UTC 2018
3 ms. Memory: 814592K Free: 782622K (96%)
ptolemy.util.test.WatchDog.cancel(): canceling Thu Jun 07 15:15:31 UTC 2018
------------------ testing $PTII/ptolemy/domains/de/test/auto/multirate2.xml
auto.tcl: Setting watchdog for 200 seconds at Thu Jun 07 15:15:32 UTC 2018
3 ms. Memory: 812544K Free: 780762K (96%)
ptolemy.util.test.WatchDog.cancel(): canceling Thu Jun 07 15:15:32 UTC 2018
auto.tcl: Setting watchdog for 200 seconds at Thu Jun 07 15:15:32 UTC 2018
2 ms. Memory: 812544K Free: 780762K (96%)
ptolemy.util.test.WatchDog.cancel(): canceling Thu Jun 07 15:15:32 UTC 2018
------------------ testing $PTII/ptolemy/domains/de/test/auto/realtime.xml
auto.tcl: Setting watchdog for 200 seconds at Thu Jun 07 15:15:32 UTC 2018
10001 ms. Memory: 814592K Free: 790120K (97%)
ptolemy.util.test.WatchDog.cancel(): canceling Thu Jun 07 15:15:42 UTC 2018
auto.tcl: Setting watchdog for 200 seconds at Thu Jun 07 15:15:42 UTC 2018
10001 ms. Memory: 814592K Free: 790120K (97%)
ptolemy.util.test.WatchDog.cancel(): canceling Thu Jun 07 15:15:52 UTC 2018
------------------ testing $PTII/ptolemy/domains/de/test/auto/relationGroup.xml
auto.tcl: Setting watchdog for 200 seconds at Thu Jun 07 15:15:52 UTC 2018
1 ms. Memory: 812544K Free: 788140K (97%)
ptolemy.util.test.WatchDog.cancel(): canceling Thu Jun 07 15:15:52 UTC 2018
auto.tcl: Setting watchdog for 200 seconds at Thu Jun 07 15:15:52 UTC 2018
1 ms. Memory: 812544K Free: 788140K (97%)
ptolemy.util.test.WatchDog.cancel(): canceling Thu Jun 07 15:15:52 UTC 2018
------------------ testing $PTII/ptolemy/domains/de/test/auto/relationGroup2.xml
auto.tcl: Setting watchdog for 200 seconds at Thu Jun 07 15:15:52 UTC 2018
1 ms. Memory: 814080K Free: 789702K (97%)
ptolemy.util.test.WatchDog.cancel(): canceling Thu Jun 07 15:15:52 UTC 2018
auto.tcl: Setting watchdog for 200 seconds at Thu Jun 07 15:15:52 UTC 2018
1 ms. Memory: 814080K Free: 789702K (97%)
ptolemy.util.test.WatchDog.cancel(): canceling Thu Jun 07 15:15:52 UTC 2018
------------------ testing $PTII/ptolemy/domains/de/test/auto/sortWithOpaquePorts.xml
auto.tcl: Setting watchdog for 200 seconds at Thu Jun 07 15:15:52 UTC 2018
4 ms. Memory: 812544K Free: 780856K (96%)
ptolemy.util.test.WatchDog.cancel(): canceling Thu Jun 07 15:15:52 UTC 2018
auto.tcl: Setting watchdog for 200 seconds at Thu Jun 07 15:15:52 UTC 2018
1 ms. Memory: 812544K Free: 780856K (96%)
ptolemy.util.test.WatchDog.cancel(): canceling Thu Jun 07 15:15:52 UTC 2018
------------------ testing $PTII/ptolemy/domains/de/test/auto/transferInputsandOutputs.xml
auto.tcl: Setting watchdog for 200 seconds at Thu Jun 07 15:15:52 UTC 2018
2 ms. Memory: 814080K Free: 782380K (96%)
ptolemy.util.test.WatchDog.cancel(): canceling Thu Jun 07 15:15:52 UTC 2018
auto.tcl: Setting watchdog for 200 seconds at Thu Jun 07 15:15:52 UTC 2018
2 ms. Memory: 814080K Free: 782380K (96%)
ptolemy.util.test.WatchDog.cancel(): canceling Thu Jun 07 15:15:52 UTC 2018
------------------ testing $PTII/ptolemy/domains/de/test/auto/triggerType.xml
auto.tcl: Setting watchdog for 200 seconds at Thu Jun 07 15:15:52 UTC 2018
1 ms. Memory: 812544K Free: 780794K (96%)
ptolemy.util.test.WatchDog.cancel(): canceling Thu Jun 07 15:15:52 UTC 2018
auto.tcl: Setting watchdog for 200 seconds at Thu Jun 07 15:15:52 UTC 2018
1 ms. Memory: 812544K Free: 780794K (96%)
ptolemy.util.test.WatchDog.cancel(): canceling Thu Jun 07 15:15:52 UTC 2018
06/07/18 03:15:52
Failed: 0  Total Tests: 192  ((Passed: 187, Newly Passed: 1)  Known Failed: 5) /home/travis/build/icyphy/ptII/ptolemy/domains/de/test
06/07/18 03:15:52
Failed: 0  Total Tests: 192  ((Passed: 187, Newly Passed: 1)  Known Failed: 5) /home/travis/build/icyphy/ptII/ptolemy/domains/de/test
----------------- testing (KnownFailure) /home/travis/build/icyphy/ptII/ptolemy/domains/de/test/auto/knownFailedTests/DESDFClockTest.xml
2009 ms. Memory: 813568K Free: 767249K (94%)
Known Failure: java.lang.reflect.InvocationTargetException
----------------- testing (KnownFailure) /home/travis/build/icyphy/ptII/ptolemy/domains/de/test/auto/knownFailedTests/DirectFeedback.xml
1 ms. Memory: 813568K Free: 708758K (87%)
Known Failure: java.lang.reflect.InvocationTargetException
----------------- testing (KnownFailure) /home/travis/build/icyphy/ptII/ptolemy/domains/de/test/auto/knownFailedTests/FSMSource.xml
11 ms. Memory: 813568K Free: 650267K (80%)
----------------- testing (KnownFailure) /home/travis/build/icyphy/ptII/ptolemy/domains/de/test/auto/knownFailedTests/HierarchicalModel.xml
3 ms. Memory: 813568K Free: 606357K (75%)
Known Failure: java.lang.reflect.InvocationTargetException
----------------- testing (KnownFailure) /home/travis/build/icyphy/ptII/ptolemy/domains/de/test/auto/knownFailedTests/dependencyLoop.xml
2 ms. Memory: 813568K Free: 533227K (66%)
Known Failure: java.lang.reflect.InvocationTargetException
----------------- testing (KnownFailure) /home/travis/build/icyphy/ptII/ptolemy/domains/de/test/auto/knownFailedTests/dependencyLoop2.xml
3 ms. Memory: 813568K Free: 474736K (58%)
Known Failure: java.lang.reflect.InvocationTargetException
No auto/linux-amd64/*.xml tests in /home/travis/build/icyphy/ptII/ptolemy/domains/de/test
AutoTests.java: About to close Vertx.
AutoTests.java: Vertx closed.

===========================================================================================
----------------- testing Thu Jun 07 15:15:54 UTC 2018 /home/travis/build/icyphy/ptII/ptolemy/domains/de/test/auto/ActorDepthCalculation_actorWithoutPorts.xml
----------------- Instantiating /home/travis/build/icyphy/ptII/ptolemy/domains/de/test/auto/ActorDepthCalculation_actorWithoutPorts.xml
1 ms. Memory: 813568K Free: 386999K (48%)
----------------- Invoking toplevel() on ptolemy.moml.MoMLSimpleApplication@52ab2cee
----------------- Done invoking toplevel() on ptolemy.moml.MoMLSimpleApplication@52ab2cee
reloadAllAccessors: .ActorDepthCalculation_actorWithoutPorts

===========================================================================================
----------------- testing Thu Jun 07 15:15:54 UTC 2018 /home/travis/build/icyphy/ptII/ptolemy/domains/de/test/auto/AssemblyLine.xml
----------------- Instantiating /home/travis/build/icyphy/ptII/ptolemy/domains/de/test/auto/AssemblyLine.xml
1 ms. Memory: 813568K Free: 357753K (44%)
----------------- Invoking toplevel() on ptolemy.moml.MoMLSimpleApplication@7e5b007
----------------- Done invoking toplevel() on ptolemy.moml.MoMLSimpleApplication@7e5b007
reloadAllAccessors: .AssemblyLine

===========================================================================================
----------------- testing Thu Jun 07 15:15:54 UTC 2018 /home/travis/build/icyphy/ptII/ptolemy/domains/de/test/auto/CQBug1.xml
----------------- Instantiating /home/travis/build/icyphy/ptII/ptolemy/domains/de/test/auto/CQBug1.xml
1 ms. Memory: 813568K Free: 328508K (40%)
----------------- Invoking toplevel() on ptolemy.moml.MoMLSimpleApplication@1d734e6e
----------------- Done invoking toplevel() on ptolemy.moml.MoMLSimpleApplication@1d734e6e
reloadAllAccessors: .CQBug1

===========================================================================================
----------------- testing Thu Jun 07 15:15:54 UTC 2018 /home/travis/build/icyphy/ptII/ptolemy/domains/de/test/auto/CancelFireAt.xml
----------------- Instantiating /home/travis/build/icyphy/ptII/ptolemy/domains/de/test/auto/CancelFireAt.xml
1 ms. Memory: 813568K Free: 299262K (37%)
----------------- Invoking toplevel() on ptolemy.moml.MoMLSimpleApplication@3e8ff8ad
----------------- Done invoking toplevel() on ptolemy.moml.MoMLSimpleApplication@3e8ff8ad
reloadAllAccessors: .CancelFireAt

===========================================================================================
----------------- testing Thu Jun 07 15:15:54 UTC 2018 /home/travis/build/icyphy/ptII/ptolemy/domains/de/test/auto/CausalityAndComposabilityAnalysis.xml
----------------- Instantiating /home/travis/build/icyphy/ptII/ptolemy/domains/de/test/auto/CausalityAndComposabilityAnalysis.xml
1 ms. Memory: 813568K Free: 270017K (33%)
----------------- Invoking toplevel() on ptolemy.moml.MoMLSimpleApplication@69c215f0
----------------- Done invoking toplevel() on ptolemy.moml.MoMLSimpleApplication@69c215f0
reloadAllAccessors: .CausalityAndComposabilityAnalysis

===========================================================================================
----------------- testing Thu Jun 07 15:15:54 UTC 2018 /home/travis/build/icyphy/ptII/ptolemy/domains/de/test/auto/CausalityInterface1.xml
----------------- Instantiating /home/travis/build/icyphy/ptII/ptolemy/domains/de/test/auto/CausalityInterface1.xml
2 ms. Memory: 813568K Free: 240771K (30%)
----------------- Invoking toplevel() on ptolemy.moml.MoMLSimpleApplication@166edacb
----------------- Done invoking toplevel() on ptolemy.moml.MoMLSimpleApplication@166edacb
reloadAllAccessors: .CausalityInterface1

===========================================================================================
----------------- testing Thu Jun 07 15:15:54 UTC 2018 /home/travis/build/icyphy/ptII/ptolemy/domains/de/test/auto/CausalityInterface15.xml
----------------- Instantiating /home/travis/build/icyphy/ptII/ptolemy/domains/de/test/auto/CausalityInterface15.xml
1 ms. Memory: 813568K Free: 211526K (26%)
----------------- Invoking toplevel() on ptolemy.moml.MoMLSimpleApplication@181320ca
----------------- Done invoking toplevel() on ptolemy.moml.MoMLSimpleApplication@181320ca
[...]
java.lang.RuntimeException: Execution failed
	at ptolemy.moml.MoMLSimpleApplication$UnloadThread.run(MoMLSimpleApplication.java:402)
Caused by: ptolemy.kernel.util.IllegalActionException: Test fails in iteration 1.
Value was: 1.0. Should have been: 2.0
  in .DirectFeedback.Test
	at ptolemy.actor.lib.Test.fire(Test.java:268)
	at ptolemy.domains.de.kernel.DEDirector._fire(DEDirector.java:1948)
	at ptolemy.domains.de.kernel.DEDirector.fire(DEDirector.java:502)
	at ptolemy.actor.CompositeActor.fire(CompositeActor.java:455)
	at ptolemy.actor.Manager.iterate(Manager.java:851)
	at ptolemy.actor.Manager.execute(Manager.java:369)
	at ptolemy.actor.Manager.run(Manager.java:1263)
	at ptolemy.actor.Manager$PtolemyRunThread.run(Manager.java:1915)
java.lang.RuntimeException: Execution failed
	at ptolemy.moml.MoMLSimpleApplication$UnloadThread.run(MoMLSimpleApplication.java:402)
Caused by: ptolemy.kernel.util.IllegalActionException: Actor is not ready to fire.  Perhaps UpSample.prefire() returned false? Try debugging the actor by selecting "Listen to Actor".  Also, for SDF check moml for tokenConsumptionRate on input.
  in .DESDFClockTest.Play Bell.Copy1:SDF Director and .DESDFClockTest.Play Bell.UpSample
	at ptolemy.actor.sched.StaticSchedulingDirector.fire(StaticSchedulingDirector.java:227)
	at ptolemy.domains.sdf.kernel.SDFDirector.fire(SDFDirector.java:500)
	at ptolemy.actor.CompositeActor.fire(CompositeActor.java:455)
	at ptolemy.domains.de.kernel.DEDirector._fire(DEDirector.java:1948)
	at ptolemy.domains.de.kernel.DEDirector.fire(DEDirector.java:502)
	at ptolemy.actor.CompositeActor.fire(CompositeActor.java:455)
	at ptolemy.actor.Manager.iterate(Manager.java:851)
	at ptolemy.actor.Manager.execute(Manager.java:369)
	at ptolemy.actor.Manager.run(Manager.java:1263)
	at ptolemy.actor.Manager$PtolemyRunThread.run(Manager.java:1915)
java.lang.reflect.InvocationTargetException
	at sun.reflect.NativeConstructorAccessorImpl.newInstance0(Native Method)
	at sun.reflect.NativeConstructorAccessorImpl.newInstance(NativeConstructorAccessorImpl.java:62)
	at sun.reflect.DelegatingConstructorAccessorImpl.newInstance(DelegatingConstructorAccessorImpl.java:45)
	at java.lang.reflect.Constructor.newInstance(Constructor.java:423)
	at ptolemy.util.test.junit.AutoKnownFailedTests.RunModel(AutoKnownFailedTests.java:107)
	at sun.reflect.NativeMethodAccessorImpl.invoke0(Native Method)
	at sun.reflect.NativeMethodAccessorImpl.invoke(NativeMethodAccessorImpl.java:62)
	at sun.reflect.DelegatingMethodAccessorImpl.invoke(DelegatingMethodAccessorImpl.java:43)
	at java.lang.reflect.Method.invoke(Method.java:498)
	at org.junit.runners.model.FrameworkMethod$1.runReflectiveCall(FrameworkMethod.java:44)
	at org.junit.internal.runners.model.ReflectiveCallable.run(ReflectiveCallable.java:15)
	at org.junit.runners.model.FrameworkMethod.invokeExplosively(FrameworkMethod.java:41)
	at junitparams.internal.InvokeParameterisedMethod.evaluate(InvokeParameterisedMethod.java:102)
	at org.junit.internal.runners.statements.FailOnTimeout$1.run(FailOnTimeout.java:28)
Caused by: ptolemy.kernel.util.IllegalActionException: Actor is not ready to fire.  Perhaps UpSample.prefire() returned false? Try debugging the actor by selecting "Listen to Actor".  Also, for SDF check moml for tokenConsumptionRate on input.
  in .DESDFClockTest.Play Bell.Copy1:SDF Director and .DESDFClockTest.Play Bell.UpSample
	at ptolemy.actor.sched.StaticSchedulingDirector.fire(StaticSchedulingDirector.java:227)
	at ptolemy.domains.sdf.kernel.SDFDirector.fire(SDFDirector.java:500)
	at ptolemy.actor.CompositeActor.fire(CompositeActor.java:455)
	at ptolemy.domains.de.kernel.DEDirector._fire(DEDirector.java:1948)
	at ptolemy.domains.de.kernel.DEDirector.fire(DEDirector.java:502)
	at ptolemy.actor.CompositeActor.fire(CompositeActor.java:455)
	at ptolemy.actor.Manager.iterate(Manager.java:851)
	at ptolemy.actor.Manager.execute(Manager.java:369)
	at ptolemy.actor.Manager.run(Manager.java:1263)
	at ptolemy.actor.Manager$PtolemyRunThread.run(Manager.java:1915)
java.lang.RuntimeException: Execution failed
	at ptolemy.moml.MoMLSimpleApplication$UnloadThread.run(MoMLSimpleApplication.java:402)
Caused by: ptolemy.kernel.util.IllegalActionException: Test fails in iteration 1.
Value was: 1.0. Should have been: 2.0
  in .DirectFeedback.Test
	at ptolemy.actor.lib.Test.fire(Test.java:268)
	at ptolemy.domains.de.kernel.DEDirector._fire(DEDirector.java:1948)
	at ptolemy.domains.de.kernel.DEDirector.fire(DEDirector.java:502)
	at ptolemy.actor.CompositeActor.fire(CompositeActor.java:455)
	at ptolemy.actor.Manager.iterate(Manager.java:851)
	at ptolemy.actor.Manager.execute(Manager.java:369)
	at ptolemy.actor.Manager.run(Manager.java:1263)
	at ptolemy.actor.Manager$PtolemyRunThread.run(Manager.java:1915)
java.lang.reflect.InvocationTargetException
	at sun.reflect.NativeConstructorAccessorImpl.newInstance0(Native Method)
	at sun.reflect.NativeConstructorAccessorImpl.newInstance(NativeConstructorAccessorImpl.java:62)
	at sun.reflect.DelegatingConstructorAccessorImpl.newInstance(DelegatingConstructorAccessorImpl.java:45)
	at java.lang.reflect.Constructor.newInstance(Constructor.java:423)
	at ptolemy.util.test.junit.AutoKnownFailedTests.RunModel(AutoKnownFailedTests.java:107)
	at sun.reflect.NativeMethodAccessorImpl.invoke0(Native Method)
	at sun.reflect.NativeMethodAccessorImpl.invoke(NativeMethodAccessorImpl.java:62)
	at sun.reflect.DelegatingMethodAccessorImpl.invoke(DelegatingMethodAccessorImpl.java:43)
	at java.lang.reflect.Method.invoke(Method.java:498)
	at org.junit.runners.model.FrameworkMethod$1.runReflectiveCall(FrameworkMethod.java:44)
	at org.junit.internal.runners.model.ReflectiveCallable.run(ReflectiveCallable.java:15)
	at org.junit.runners.model.FrameworkMethod.invokeExplosively(FrameworkMethod.java:41)
	at junitparams.internal.InvokeParameterisedMethod.evaluate(InvokeParameterisedMethod.java:102)
	at org.junit.internal.runners.statements.FailOnTimeout$1.run(FailOnTimeout.java:28)
Caused by: ptolemy.kernel.util.IllegalActionException: Test fails in iteration 1.
Value was: 1.0. Should have been: 2.0
  in .DirectFeedback.Test
	at ptolemy.actor.lib.Test.fire(Test.java:268)
	at ptolemy.domains.de.kernel.DEDirector._fire(DEDirector.java:1948)
	at ptolemy.domains.de.kernel.DEDirector.fire(DEDirector.java:502)
	at ptolemy.actor.CompositeActor.fire(CompositeActor.java:455)
	at ptolemy.actor.Manager.iterate(Manager.java:851)
	at ptolemy.actor.Manager.execute(Manager.java:369)
	at ptolemy.actor.Manager.run(Manager.java:1263)
	at ptolemy.actor.Manager$PtolemyRunThread.run(Manager.java:1915)
java.lang.RuntimeException: Execution failed
	at ptolemy.moml.MoMLSimpleApplication$UnloadThread.run(MoMLSimpleApplication.java:402)
Caused by: ptolemy.kernel.util.IllegalActionException: Found a zero delay loop containing .HierarchicalModel.A
  in .HierarchicalModel and .HierarchicalModel.A
	at ptolemy.actor.util.CausalityInterfaceForComposites._computeOutputPortDepth(CausalityInterfaceForComposites.java:759)
	at ptolemy.actor.util.CausalityInterfaceForComposites._computeInputDepth(CausalityInterfaceForComposites.java:696)
	at ptolemy.actor.util.CausalityInterfaceForComposites._computeOutputPortDepth(CausalityInterfaceForComposites.java:765)
	at ptolemy.actor.util.CausalityInterfaceForComposites._computeInputDepth(CausalityInterfaceForComposites.java:696)
	at ptolemy.actor.util.CausalityInterfaceForComposites._computeOutputPortDepth(CausalityInterfaceForComposites.java:765)
	at ptolemy.actor.util.CausalityInterfaceForComposites._computeInputDepth(CausalityInterfaceForComposites.java:696)
	at ptolemy.actor.util.CausalityInterfaceForComposites._computeActorDepth(CausalityInterfaceForComposites.java:532)
	at ptolemy.actor.util.CausalityInterfaceForComposites.checkForCycles(CausalityInterfaceForComposites.java:96)
	at ptolemy.domains.de.kernel.DEDirector.preinitialize(DEDirector.java:1337)
	at ptolemy.actor.CompositeActor.preinitialize(CompositeActor.java:1828)
	at ptolemy.actor.Manager.preinitializeAndResolveTypes(Manager.java:1040)
	at ptolemy.actor.Manager.initialize(Manager.java:710)
	at ptolemy.actor.Manager.execute(Manager.java:356)
	at ptolemy.actor.Manager.run(Manager.java:1263)
	at ptolemy.actor.Manager$PtolemyRunThread.run(Manager.java:1915)
java.lang.reflect.InvocationTargetException
	at sun.reflect.NativeConstructorAccessorImpl.newInstance0(Native Method)
	at sun.reflect.NativeConstructorAccessorImpl.newInstance(NativeConstructorAccessorImpl.java:62)
	at sun.reflect.DelegatingConstructorAccessorImpl.newInstance(DelegatingConstructorAccessorImpl.java:45)
	at java.lang.reflect.Constructor.newInstance(Constructor.java:423)
	at ptolemy.util.test.junit.AutoKnownFailedTests.RunModel(AutoKnownFailedTests.java:107)
	at sun.reflect.NativeMethodAccessorImpl.invoke0(Native Method)
	at sun.reflect.NativeMethodAccessorImpl.invoke(NativeMethodAccessorImpl.java:62)
	at sun.reflect.DelegatingMethodAccessorImpl.invoke(DelegatingMethodAccessorImpl.java:43)
	at java.lang.reflect.Method.invoke(Method.java:498)
	at org.junit.runners.model.FrameworkMethod$1.runReflectiveCall(FrameworkMethod.java:44)
	at org.junit.internal.runners.model.ReflectiveCallable.run(ReflectiveCallable.java:15)
	at org.junit.runners.model.FrameworkMethod.invokeExplosively(FrameworkMethod.java:41)
	at junitparams.internal.InvokeParameterisedMethod.evaluate(InvokeParameterisedMethod.java:102)
	at org.junit.internal.runners.statements.FailOnTimeout$1.run(FailOnTimeout.java:28)
Caused by: ptolemy.kernel.util.IllegalActionException: Found a zero delay loop containing .HierarchicalModel.A
  in .HierarchicalModel and .HierarchicalModel.A
	at ptolemy.actor.util.CausalityInterfaceForComposites._computeOutputPortDepth(CausalityInterfaceForComposites.java:759)
	at ptolemy.actor.util.CausalityInterfaceForComposites._computeInputDepth(CausalityInterfaceForComposites.java:696)
	at ptolemy.actor.util.CausalityInterfaceForComposites._computeOutputPortDepth(CausalityInterfaceForComposites.java:765)
	at ptolemy.actor.util.CausalityInterfaceForComposites._computeInputDepth(CausalityInterfaceForComposites.java:696)
	at ptolemy.actor.util.CausalityInterfaceForComposites._computeOutputPortDepth(CausalityInterfaceForComposites.java:765)
	at ptolemy.actor.util.CausalityInterfaceForComposites._computeInputDepth(CausalityInterfaceForComposites.java:696)
	at ptolemy.actor.util.CausalityInterfaceForComposites._computeActorDepth(CausalityInterfaceForComposites.java:532)
	at ptolemy.actor.util.CausalityInterfaceForComposites.checkForCycles(CausalityInterfaceForComposites.java:96)
	at ptolemy.domains.de.kernel.DEDirector.preinitialize(DEDirector.java:1337)
	at ptolemy.actor.CompositeActor.preinitialize(CompositeActor.java:1828)
	at ptolemy.actor.Manager.preinitializeAndResolveTypes(Manager.java:1040)
	at ptolemy.actor.Manager.initialize(Manager.java:710)
	at ptolemy.actor.Manager.execute(Manager.java:356)
	at ptolemy.actor.Manager.run(Manager.java:1263)
	at ptolemy.actor.Manager$PtolemyRunThread.run(Manager.java:1915)
java.lang.RuntimeException: Execution failed
	at ptolemy.moml.MoMLSimpleApplication$UnloadThread.run(MoMLSimpleApplication.java:402)
Caused by: ptolemy.kernel.util.IllegalActionException: Found a zero delay loop containing .dependencyLoop.original
  in .dependencyLoop and .dependencyLoop.original
	at ptolemy.actor.util.CausalityInterfaceForComposites._computeOutputPortDepth(CausalityInterfaceForComposites.java:759)
	at ptolemy.actor.util.CausalityInterfaceForComposites._computeInputDepth(CausalityInterfaceForComposites.java:696)
	at ptolemy.actor.util.CausalityInterfaceForComposites._computeOutputPortDepth(CausalityInterfaceForComposites.java:765)
	at ptolemy.actor.util.CausalityInterfaceForComposites._computeInputDepth(CausalityInterfaceForComposites.java:696)
	at ptolemy.actor.util.CausalityInterfaceForComposites._computeOutputPortDepth(CausalityInterfaceForComposites.java:765)
	at ptolemy.actor.util.CausalityInterfaceForComposites._computeInputDepth(CausalityInterfaceForComposites.java:696)
	at ptolemy.actor.util.CausalityInterfaceForComposites._computeActorDepth(CausalityInterfaceForComposites.java:532)
	at ptolemy.actor.util.CausalityInterfaceForComposites.checkForCycles(CausalityInterfaceForComposites.java:96)
	at ptolemy.domains.de.kernel.DEDirector.preinitialize(DEDirector.java:1337)
	at ptolemy.actor.CompositeActor.preinitialize(CompositeActor.java:1828)
	at ptolemy.actor.Manager.preinitializeAndResolveTypes(Manager.java:1040)
	at ptolemy.actor.Manager.initialize(Manager.java:710)
	at ptolemy.actor.Manager.execute(Manager.java:356)
	at ptolemy.actor.Manager.run(Manager.java:1263)
	at ptolemy.actor.Manager$PtolemyRunThread.run(Manager.java:1915)
java.lang.reflect.InvocationTargetException
	at sun.reflect.NativeConstructorAccessorImpl.newInstance0(Native Method)
	at sun.reflect.NativeConstructorAccessorImpl.newInstance(NativeConstructorAccessorImpl.java:62)
	at sun.reflect.DelegatingConstructorAccessorImpl.newInstance(DelegatingConstructorAccessorImpl.java:45)
	at java.lang.reflect.Constructor.newInstance(Constructor.java:423)
	at ptolemy.util.test.junit.AutoKnownFailedTests.RunModel(AutoKnownFailedTests.java:107)
	at sun.reflect.NativeMethodAccessorImpl.invoke0(Native Method)
	at sun.reflect.NativeMethodAccessorImpl.invoke(NativeMethodAccessorImpl.java:62)
	at sun.reflect.DelegatingMethodAccessorImpl.invoke(DelegatingMethodAccessorImpl.java:43)
	at java.lang.reflect.Method.invoke(Method.java:498)
	at org.junit.runners.model.FrameworkMethod$1.runReflectiveCall(FrameworkMethod.java:44)
	at org.junit.internal.runners.model.ReflectiveCallable.run(ReflectiveCallable.java:15)
	at org.junit.runners.model.FrameworkMethod.invokeExplosively(FrameworkMethod.java:41)
	at junitparams.internal.InvokeParameterisedMethod.evaluate(InvokeParameterisedMethod.java:102)
	at org.junit.internal.runners.statements.FailOnTimeout$1.run(FailOnTimeout.java:28)
Caused by: ptolemy.kernel.util.IllegalActionException: Found a zero delay loop containing .dependencyLoop.original
  in .dependencyLoop and .dependencyLoop.original
	at ptolemy.actor.util.CausalityInterfaceForComposites._computeOutputPortDepth(CausalityInterfaceForComposites.java:759)
	at ptolemy.actor.util.CausalityInterfaceForComposites._computeInputDepth(CausalityInterfaceForComposites.java:696)
	at ptolemy.actor.util.CausalityInterfaceForComposites._computeOutputPortDepth(CausalityInterfaceForComposites.java:765)
	at ptolemy.actor.util.CausalityInterfaceForComposites._computeInputDepth(CausalityInterfaceForComposites.java:696)
	at ptolemy.actor.util.CausalityInterfaceForComposites._computeOutputPortDepth(CausalityInterfaceForComposites.java:765)
	at ptolemy.actor.util.CausalityInterfaceForComposites._computeInputDepth(CausalityInterfaceForComposites.java:696)
	at ptolemy.actor.util.CausalityInterfaceForComposites._computeActorDepth(CausalityInterfaceForComposites.java:532)
	at ptolemy.actor.util.CausalityInterfaceForComposites.checkForCycles(CausalityInterfaceForComposites.java:96)
	at ptolemy.domains.de.kernel.DEDirector.preinitialize(DEDirector.java:1337)
	at ptolemy.actor.CompositeActor.preinitialize(CompositeActor.java:1828)
	at ptolemy.actor.Manager.preinitializeAndResolveTypes(Manager.java:1040)
	at ptolemy.actor.Manager.initialize(Manager.java:710)
	at ptolemy.actor.Manager.execute(Manager.java:356)
	at ptolemy.actor.Manager.run(Manager.java:1263)
	at ptolemy.actor.Manager$PtolemyRunThread.run(Manager.java:1915)
java.lang.RuntimeException: Execution failed
	at ptolemy.moml.MoMLSimpleApplication$UnloadThread.run(MoMLSimpleApplication.java:402)
Caused by: ptolemy.kernel.util.IllegalActionException: Found a zero delay loop containing .dependencyLoop2.original
  in .dependencyLoop2 and .dependencyLoop2.original
	at ptolemy.actor.util.CausalityInterfaceForComposites._computeOutputPortDepth(CausalityInterfaceForComposites.java:759)
	at ptolemy.actor.util.CausalityInterfaceForComposites._computeInputDepth(CausalityInterfaceForComposites.java:696)
	at ptolemy.actor.util.CausalityInterfaceForComposites._computeOutputPortDepth(CausalityInterfaceForComposites.java:765)
	at ptolemy.actor.util.CausalityInterfaceForComposites._computeInputDepth(CausalityInterfaceForComposites.java:696)
	at ptolemy.actor.util.CausalityInterfaceForComposites._computeOutputPortDepth(CausalityInterfaceForComposites.java:765)
	at ptolemy.actor.util.CausalityInterfaceForComposites._computeInputDepth(CausalityInterfaceForComposites.java:696)
	at ptolemy.actor.util.CausalityInterfaceForComposites._computeActorDepth(CausalityInterfaceForComposites.java:532)
	at ptolemy.actor.util.CausalityInterfaceForComposites.checkForCycles(CausalityInterfaceForComposites.java:96)
	at ptolemy.domains.de.kernel.DEDirector.preinitialize(DEDirector.java:1337)
	at ptolemy.actor.CompositeActor.preinitialize(CompositeActor.java:1828)
	at ptolemy.actor.Manager.preinitializeAndResolveTypes(Manager.java:1040)
	at ptolemy.actor.Manager.initialize(Manager.java:710)
	at ptolemy.actor.Manager.execute(Manager.java:356)
	at ptolemy.actor.Manager.run(Manager.java:1263)
	at ptolemy.actor.Manager$PtolemyRunThread.run(Manager.java:1915)
java.lang.reflect.InvocationTargetException
	at sun.reflect.NativeConstructorAccessorImpl.newInstance0(Native Method)
	at sun.reflect.NativeConstructorAccessorImpl.newInstance(NativeConstructorAccessorImpl.java:62)
	at sun.reflect.DelegatingConstructorAccessorImpl.newInstance(DelegatingConstructorAccessorImpl.java:45)
	at java.lang.reflect.Constructor.newInstance(Constructor.java:423)
	at ptolemy.util.test.junit.AutoKnownFailedTests.RunModel(AutoKnownFailedTests.java:107)
	at sun.reflect.NativeMethodAccessorImpl.invoke0(Native Method)
	at sun.reflect.NativeMethodAccessorImpl.invoke(NativeMethodAccessorImpl.java:62)
	at sun.reflect.DelegatingMethodAccessorImpl.invoke(DelegatingMethodAccessorImpl.java:43)
	at java.lang.reflect.Method.invoke(Method.java:498)
	at org.junit.runners.model.FrameworkMethod$1.runReflectiveCall(FrameworkMethod.java:44)
	at org.junit.internal.runners.model.ReflectiveCallable.run(ReflectiveCallable.java:15)
	at org.junit.runners.model.FrameworkMethod.invokeExplosively(FrameworkMethod.java:41)
	at junitparams.internal.InvokeParameterisedMethod.evaluate(InvokeParameterisedMethod.java:102)
	at org.junit.internal.runners.statements.FailOnTimeout$1.run(FailOnTimeout.java:28)
Caused by: ptolemy.kernel.util.IllegalActionException: Found a zero delay loop containing .dependencyLoop2.original
  in .dependencyLoop2 and .dependencyLoop2.original
	at ptolemy.actor.util.CausalityInterfaceForComposites._computeOutputPortDepth(CausalityInterfaceForComposites.java:759)
	at ptolemy.actor.util.CausalityInterfaceForComposites._computeInputDepth(CausalityInterfaceForComposites.java:696)
	at ptolemy.actor.util.CausalityInterfaceForComposites._computeOutputPortDepth(CausalityInterfaceForComposites.java:765)
	at ptolemy.actor.util.CausalityInterfaceForComposites._computeInputDepth(CausalityInterfaceForComposites.java:696)
	at ptolemy.actor.util.CausalityInterfaceForComposites._computeOutputPortDepth(CausalityInterfaceForComposites.java:765)
	at ptolemy.actor.util.CausalityInterfaceForComposites._computeInputDepth(CausalityInterfaceForComposites.java:696)
	at ptolemy.actor.util.CausalityInterfaceForComposites._computeActorDepth(CausalityInterfaceForComposites.java:532)
	at ptolemy.actor.util.CausalityInterfaceForComposites.checkForCycles(CausalityInterfaceForComposites.java:96)
	at ptolemy.domains.de.kernel.DEDirector.preinitialize(DEDirector.java:1337)
	at ptolemy.actor.CompositeActor.preinitialize(CompositeActor.java:1828)
	at ptolemy.actor.Manager.preinitializeAndResolveTypes(Manager.java:1040)
	at ptolemy.actor.Manager.initialize(Manager.java:710)
	at ptolemy.actor.Manager.execute(Manager.java:356)
	at ptolemy.actor.Manager.run(Manager.java:1263)
	at ptolemy.actor.Manager$PtolemyRunThread.run(Manager.java:1915)
]]></system-err>
</testsuite>
