<?xml version="1.0" encoding="UTF-8" ?>
<testsuite errors="0" failures="0" hostname="travis-job-a48907ff-3c32-43d2-b067-582b739c0c80" name="ptolemy.domains.pn.test.junit.JUnitTclTest" skipped="0" tests="43" time="7.739" timestamp="2019-07-21T15:51:22">
  <properties>
[...]
</properties>
  <testcase classname="ptolemy.util.test.junit.TclTests" name="[0] /home/travis/build/icyphy/ptII/ptolemy/domains/pn/test/PNDirector.tcl (RunTclFile)" time="0.736" />
  <testcase classname="ptolemy.util.test.junit.TclTests" name="[1] /home/travis/build/icyphy/ptII/ptolemy/domains/pn/test/TimedPNDirector.tcl (RunTclFile)" time="0.022" />
  <testcase classname="ptolemy.util.test.junit.AutoKnownFailedTests" name="[0] ThereAreNoKnowFailedTests (RunModel)" time="0.006" />
  <testcase classname="ptolemy.util.test.junit.AutoNameArchTests" name="[0] ThereAreNoAutoArchTests (RunModel)" time="0.004" />
  <testcase classname="ptolemy.util.test.junit.AutoTests" name="[0] /home/travis/build/icyphy/ptII/ptolemy/domains/pn/test/auto/Branching-switch-PN-ptolemy-2.xml (RunModel)" time="0.271" />
  <testcase classname="ptolemy.util.test.junit.AutoTests" name="[1] /home/travis/build/icyphy/ptII/ptolemy/domains/pn/test/auto/Branching-switch-PN-ptolemy.xml (RunModel)" time="0.117" />
  <testcase classname="ptolemy.util.test.junit.AutoTests" name="[2] /home/travis/build/icyphy/ptII/ptolemy/domains/pn/test/auto/BrockAckermanTest.xml (RunModel)" time="0.437" />
  <testcase classname="ptolemy.util.test.junit.AutoTests" name="[3] /home/travis/build/icyphy/ptII/ptolemy/domains/pn/test/auto/CounterMachine.xml (RunModel)" time="1.715" />
  <testcase classname="ptolemy.util.test.junit.AutoTests" name="[4] /home/travis/build/icyphy/ptII/ptolemy/domains/pn/test/auto/CounterMachine1.xml (RunModel)" time="1.349" />
  <testcase classname="ptolemy.util.test.junit.AutoTests" name="[5] /home/travis/build/icyphy/ptII/ptolemy/domains/pn/test/auto/CounterMachineWithException.xml (RunModel)" time="0.848" />
  <testcase classname="ptolemy.util.test.junit.AutoTests" name="[6] /home/travis/build/icyphy/ptII/ptolemy/domains/pn/test/auto/FinalState.xml (RunModel)" time="0.124" />
  <testcase classname="ptolemy.util.test.junit.AutoTests" name="[7] /home/travis/build/icyphy/ptII/ptolemy/domains/pn/test/auto/FourExpressions.xml (RunModel)" time="0.038" />
  <testcase classname="ptolemy.util.test.junit.AutoTests" name="[8] /home/travis/build/icyphy/ptII/ptolemy/domains/pn/test/auto/Identity.xml (RunModel)" time="0.053" />
  <testcase classname="ptolemy.util.test.junit.AutoTests" name="[9] /home/travis/build/icyphy/ptII/ptolemy/domains/pn/test/auto/IdentityWithFeedback.xml (RunModel)" time="0.037" />
  <testcase classname="ptolemy.util.test.junit.AutoTests" name="[10] /home/travis/build/icyphy/ptII/ptolemy/domains/pn/test/auto/NondeterministicMergeTest.xml (RunModel)" time="0.059" />
  <testcase classname="ptolemy.util.test.junit.AutoTests" name="[11] /home/travis/build/icyphy/ptII/ptolemy/domains/pn/test/auto/OrderedMerge.xml (RunModel)" time="0.193" />
  <testcase classname="ptolemy.util.test.junit.AutoTests" name="[12] /home/travis/build/icyphy/ptII/ptolemy/domains/pn/test/auto/PNAbstractReceiverTest.xml (RunModel)" time="0.025" />
  <testcase classname="ptolemy.util.test.junit.AutoTests" name="[13] /home/travis/build/icyphy/ptII/ptolemy/domains/pn/test/auto/QR.xml (RunModel)" time="0.099" />
  <testcase classname="ptolemy.util.test.junit.AutoTests" name="[14] /home/travis/build/icyphy/ptII/ptolemy/domains/pn/test/auto/RemoveNilTokens.xml (RunModel)" time="0.051" />
  <testcase classname="ptolemy.util.test.junit.AutoTests" name="[15] /home/travis/build/icyphy/ptII/ptolemy/domains/pn/test/auto/Stack.xml (RunModel)" time="0.124" />
  <testcase classname="ptolemy.util.test.junit.AutoTests" name="[16] /home/travis/build/icyphy/ptII/ptolemy/domains/pn/test/auto/TestRemoveNilTokens.xml (RunModel)" time="0.048" />
  <testcase classname="ptolemy.util.test.junit.AutoTests" name="[17] /home/travis/build/icyphy/ptII/ptolemy/domains/pn/test/auto/TestSeq2Array.xml (RunModel)" time="0.048" />
  <testcase classname="ptolemy.util.test.junit.AutoTests" name="[18] /home/travis/build/icyphy/ptII/ptolemy/domains/pn/test/auto/TrivialIdentity.xml (RunModel)" time="0.029" />
  <testcase classname="ptolemy.util.test.junit.AutoTests" name="[19] /home/travis/build/icyphy/ptII/ptolemy/domains/pn/test/auto/WidthInferenceTest1.xml (RunModel)" time="0.043" />
  <testcase classname="ptolemy.util.test.junit.AutoTests" name="[20] /home/travis/build/icyphy/ptII/ptolemy/domains/pn/test/auto/WidthInferenceTest2.xml (RunModel)" time="0.033" />
  <testcase classname="ptolemy.util.test.junit.AutoTests" name="[21] /home/travis/build/icyphy/ptII/ptolemy/domains/pn/test/auto/WidthInferenceTest3.xml (RunModel)" time="0.082" />
  <testcase classname="ptolemy.util.test.junit.AutoTests" name="[22] /home/travis/build/icyphy/ptII/ptolemy/domains/pn/test/auto/WidthInferenceTest4.xml (RunModel)" time="0.071" />
  <testcase classname="ptolemy.util.test.junit.AutoTests" name="[23] /home/travis/build/icyphy/ptII/ptolemy/domains/pn/test/auto/WidthInferenceTest5.xml (RunModel)" time="0.063" />
  <testcase classname="ptolemy.util.test.junit.AutoTests" name="[24] /home/travis/build/icyphy/ptII/ptolemy/domains/pn/test/auto/controlled_kahnnet.xml (RunModel)" time="0.039" />
  <testcase classname="ptolemy.util.test.junit.AutoTests" name="[25] /home/travis/build/icyphy/ptII/ptolemy/domains/pn/test/auto/demandDriven.xml (RunModel)" time="0.024" />
  <testcase classname="ptolemy.util.test.junit.AutoTests" name="[26] /home/travis/build/icyphy/ptII/ptolemy/domains/pn/test/auto/feedback.xml (RunModel)" time="0.024" />
  <testcase classname="ptolemy.util.test.junit.AutoTests" name="[27] /home/travis/build/icyphy/ptII/ptolemy/domains/pn/test/auto/helloWorld.xml (RunModel)" time="0.023" />
  <testcase classname="ptolemy.util.test.junit.AutoTests" name="[28] /home/travis/build/icyphy/ptII/ptolemy/domains/pn/test/auto/helloWorld2.xml (RunModel)" time="0.034" />
  <testcase classname="ptolemy.util.test.junit.AutoTests" name="[29] /home/travis/build/icyphy/ptII/ptolemy/domains/pn/test/auto/noOutput.xml (RunModel)" time="0.047" />
  <testcase classname="ptolemy.util.test.junit.AutoTests" name="[30] /home/travis/build/icyphy/ptII/ptolemy/domains/pn/test/auto/relationGroup.xml (RunModel)" time="0.023" />
  <testcase classname="ptolemy.util.test.junit.AutoTests" name="[31] /home/travis/build/icyphy/ptII/ptolemy/domains/pn/test/auto/relationGroup2.xml (RunModel)" time="0.016" />
  <testcase classname="ptolemy.util.test.junit.AutoTests" name="[32] /home/travis/build/icyphy/ptII/ptolemy/domains/pn/test/auto/relationGroup3.xml (RunModel)" time="0.017" />
  <testcase classname="ptolemy.util.test.junit.AutoTests" name="[33] /home/travis/build/icyphy/ptII/ptolemy/domains/pn/test/auto/relationGroup4.xml (RunModel)" time="0.022" />
  <testcase classname="ptolemy.util.test.junit.AutoTests" name="[34] /home/travis/build/icyphy/ptII/ptolemy/domains/pn/test/auto/relationGroup5.xml (RunModel)" time="0.021" />
  <testcase classname="ptolemy.util.test.junit.AutoTests" name="[35] /home/travis/build/icyphy/ptII/ptolemy/domains/pn/test/auto/relationGroup6.xml (RunModel)" time="0.019" />
  <testcase classname="ptolemy.util.test.junit.AutoTests" name="[36] /home/travis/build/icyphy/ptII/ptolemy/domains/pn/test/auto/relationGroup7.xml (RunModel)" time="0.019" />
  <testcase classname="ptolemy.util.test.junit.AutoTests" name="[37] /home/travis/build/icyphy/ptII/ptolemy/domains/pn/test/auto/relationGroup8.xml (RunModel)" time="0.022" />
  <testcase classname="ptolemy.util.test.junit.AutoTests" name="[38] /home/travis/build/icyphy/ptII/ptolemy/domains/pn/test/auto/widthTest.xml (RunModel)" time="0.039" />
  <system-out><![CDATA[/home/travis/build/icyphy/ptII/ptolemy/domains/pn/test/PNDirector.tcl
testDefs.tcl: setting time out to 9000 seconds at Sun Jul 21 15:51:23 UTC 2019
122 ms. Memory: 120832K Free: 89541K (74%)
84 ms. Memory: 120832K Free: 81863K (68%)
/home/travis/build/icyphy/ptII/ptolemy/domains/pn/test/TimedPNDirector.tcl


==== $PTII/ptolemy/domains/pn/test/TimedPNDirector.tcl: TimedPNDirector-6.1 Test an application
==== Contents of test case:


    set e0 [java::new ptolemy.actor.TypedCompositeActor]
    set manager [java::new ptolemy.actor.Manager]
    set director [java::new ptolemy.domains.pn.kernel.TimedPNDirector]
    $e0 setDirector $director
    $e0 setName top
    $e0 setManager $manager

    # FIXME: why doesn't the getParameter option work.
    set ramp [java::new ptolemy.actor.lib.Ramp $e0 ramp]
    set param [java::cast ptolemy.data.expr.Parameter  [$ramp getAttribute  firingCountLimit]]
    $param setExpression 20

    set rec [java::new ptolemy.actor.lib.Recorder $e0 rec]
    $e0 connect  [java::field [java::cast ptolemy.actor.lib.Source $ramp] output]  [java::field [java::cast ptolemy.actor.lib.Sink $rec] input]

    error "Running this test sometimes causes an endless loop" 

#    [$e0 getManager] execute
#    enumToTokenValues [$rec getRecord 0]


.... Test generated KNOWN error:
Running this test sometimes causes an endless loop
    while executing
"error "Running this test sometimes causes an endless loop" "
    ("uplevel" body line 18)
    invoked from within
"uplevel $contents_of_test"
07/21/19 03:51:23
Failed: 0  Total Tests: 3  ((Passed: 2, Newly Passed: 0)  Known Failed: 1) /home/travis/build/icyphy/ptII/ptolemy/domains/pn/test
No auto/knownFailedTests/*.xml tests in /home/travis/build/icyphy/ptII/ptolemy/domains/pn/test
No auto/linux-amd64/*.xml tests in /home/travis/build/icyphy/ptII/ptolemy/domains/pn/test
AutoTests.java: About to close Vertx.
AutoTests.java: Vertx closed.

===========================================================================================
----------------- testing Sun Jul 21 15:51:24 UTC 2019 /home/travis/build/icyphy/ptII/ptolemy/domains/pn/test/auto/Branching-switch-PN-ptolemy-2.xml
----------------- Instantiating /home/travis/build/icyphy/ptII/ptolemy/domains/pn/test/auto/Branching-switch-PN-ptolemy-2.xml
74 ms. Memory: 120832K Free: 101598K (84%)
----------------- Invoking toplevel() on ptolemy.moml.MoMLSimpleApplication@398ebca0
----------------- Done invoking toplevel() on ptolemy.moml.MoMLSimpleApplication@398ebca0
reloadAllAccessors: .Branching-switch-PN-ptolemy-2

===========================================================================================
----------------- testing Sun Jul 21 15:51:24 UTC 2019 /home/travis/build/icyphy/ptII/ptolemy/domains/pn/test/auto/Branching-switch-PN-ptolemy.xml
----------------- Instantiating /home/travis/build/icyphy/ptII/ptolemy/domains/pn/test/auto/Branching-switch-PN-ptolemy.xml
56 ms. Memory: 120832K Free: 94534K (78%)
----------------- Invoking toplevel() on ptolemy.moml.MoMLSimpleApplication@10d92e81
----------------- Done invoking toplevel() on ptolemy.moml.MoMLSimpleApplication@10d92e81
reloadAllAccessors: .Branching-switch-PN-ptolemy

===========================================================================================
----------------- testing Sun Jul 21 15:51:24 UTC 2019 /home/travis/build/icyphy/ptII/ptolemy/domains/pn/test/auto/BrockAckermanTest.xml
----------------- Instantiating /home/travis/build/icyphy/ptII/ptolemy/domains/pn/test/auto/BrockAckermanTest.xml
265 ms. Memory: 120832K Free: 101175K (84%)
----------------- Invoking toplevel() on ptolemy.moml.MoMLSimpleApplication@5d7cfbdf
----------------- Done invoking toplevel() on ptolemy.moml.MoMLSimpleApplication@5d7cfbdf
reloadAllAccessors: .BrockAckermanTest

===========================================================================================
----------------- testing Sun Jul 21 15:51:25 UTC 2019 /home/travis/build/icyphy/ptII/ptolemy/domains/pn/test/auto/CounterMachine.xml
----------------- Instantiating /home/travis/build/icyphy/ptII/ptolemy/domains/pn/test/auto/CounterMachine.xml
1073 ms. Memory: 146432K Free: 106815K (73%)
----------------- Invoking toplevel() on ptolemy.moml.MoMLSimpleApplication@67193090
----------------- Done invoking toplevel() on ptolemy.moml.MoMLSimpleApplication@67193090
reloadAllAccessors: .CounterMachine

===========================================================================================
----------------- testing Sun Jul 21 15:51:26 UTC 2019 /home/travis/build/icyphy/ptII/ptolemy/domains/pn/test/auto/CounterMachine1.xml
----------------- Instantiating /home/travis/build/icyphy/ptII/ptolemy/domains/pn/test/auto/CounterMachine1.xml
964 ms. Memory: 146432K Free: 51925K (35%)
----------------- Invoking toplevel() on ptolemy.moml.MoMLSimpleApplication@4ab27176
----------------- Done invoking toplevel() on ptolemy.moml.MoMLSimpleApplication@4ab27176
reloadAllAccessors: .CounterMachine1

===========================================================================================
----------------- testing Sun Jul 21 15:51:28 UTC 2019 /home/travis/build/icyphy/ptII/ptolemy/domains/pn/test/auto/CounterMachineWithException.xml
----------------- Instantiating /home/travis/build/icyphy/ptII/ptolemy/domains/pn/test/auto/CounterMachineWithException.xml
492 ms. Memory: 146432K Free: 87351K (60%)
----------------- Invoking toplevel() on ptolemy.moml.MoMLSimpleApplication@4545fbe6
----------------- Done invoking toplevel() on ptolemy.moml.MoMLSimpleApplication@4545fbe6
reloadAllAccessors: .CounterMachineWithException

===========================================================================================
----------------- testing Sun Jul 21 15:51:28 UTC 2019 /home/travis/build/icyphy/ptII/ptolemy/domains/pn/test/auto/FinalState.xml
----------------- Instantiating /home/travis/build/icyphy/ptII/ptolemy/domains/pn/test/auto/FinalState.xml
30 ms. Memory: 146432K Free: 80578K (55%)
----------------- Invoking toplevel() on ptolemy.moml.MoMLSimpleApplication@45534ab7
----------------- Done invoking toplevel() on ptolemy.moml.MoMLSimpleApplication@45534ab7
reloadAllAccessors: .FinalState

===========================================================================================
----------------- testing Sun Jul 21 15:51:29 UTC 2019 /home/travis/build/icyphy/ptII/ptolemy/domains/pn/test/auto/FourExpressions.xml
----------------- Instantiating /home/travis/build/icyphy/ptII/ptolemy/domains/pn/test/auto/FourExpressions.xml
18 ms. Memory: 146432K Free: 73015K (50%)
----------------- Invoking toplevel() on ptolemy.moml.MoMLSimpleApplication@50f42b28
----------------- Done invoking toplevel() on ptolemy.moml.MoMLSimpleApplication@50f42b28
reloadAllAccessors: .FourExpressions

===========================================================================================
----------------- testing Sun Jul 21 15:51:29 UTC 2019 /home/travis/build/icyphy/ptII/ptolemy/domains/pn/test/auto/Identity.xml
----------------- Instantiating /home/travis/build/icyphy/ptII/ptolemy/domains/pn/test/auto/Identity.xml
20 ms. Memory: 146432K Free: 67266K (46%)
----------------- Invoking toplevel() on ptolemy.moml.MoMLSimpleApplication@34b92a7a
----------------- Done invoking toplevel() on ptolemy.moml.MoMLSimpleApplication@34b92a7a
reloadAllAccessors: .Identity

===========================================================================================
----------------- testing Sun Jul 21 15:51:29 UTC 2019 /home/travis/build/icyphy/ptII/ptolemy/domains/pn/test/auto/IdentityWithFeedback.xml
----------------- Instantiating /home/travis/build/icyphy/ptII/ptolemy/domains/pn/test/auto/IdentityWithFeedback.xml
11 ms. Memory: 146432K Free: 63170K (43%)
----------------- Invoking toplevel() on ptolemy.moml.MoMLSimpleApplication@3f03e0be
----------------- Done invoking toplevel() on ptolemy.moml.MoMLSimpleApplication@3f03e0be
reloadAllAccessors: .IdentityWithFeedback

===========================================================================================
----------------- testing Sun Jul 21 15:51:29 UTC 2019 /home/travis/build/icyphy/ptII/ptolemy/domains/pn/test/auto/NondeterministicMergeTest.xml
----------------- Instantiating /home/travis/build/icyphy/ptII/ptolemy/domains/pn/test/auto/NondeterministicMergeTest.xml
22 ms. Memory: 146432K Free: 57025K (39%)
----------------- Invoking toplevel() on ptolemy.moml.MoMLSimpleApplication@6510629f
----------------- Done invoking toplevel() on ptolemy.moml.MoMLSimpleApplication@6510629f
reloadAllAccessors: .NondeterministicMergeTest

===========================================================================================
----------------- testing Sun Jul 21 15:51:29 UTC 2019 /home/travis/build/icyphy/ptII/ptolemy/domains/pn/test/auto/OrderedMerge.xml
----------------- Instantiating /home/travis/build/icyphy/ptII/ptolemy/domains/pn/test/auto/OrderedMerge.xml
139 ms. Memory: 146432K Free: 47627K (33%)
----------------- Invoking toplevel() on ptolemy.moml.MoMLSimpleApplication@2dbf4452
----------------- Done invoking toplevel() on ptolemy.moml.MoMLSimpleApplication@2dbf4452
reloadAllAccessors: .OrderedMerge

===========================================================================================
----------------- testing Sun Jul 21 15:51:29 UTC 2019 /home/travis/build/icyphy/ptII/ptolemy/domains/pn/test/auto/PNAbstractReceiverTest.xml
----------------- Instantiating /home/travis/build/icyphy/ptII/ptolemy/domains/pn/test/auto/PNAbstractReceiverTest.xml
8 ms. Memory: 146432K Free: 129376K (88%)
----------------- Invoking toplevel() on ptolemy.moml.MoMLSimpleApplication@6e271c91
----------------- Done invoking toplevel() on ptolemy.moml.MoMLSimpleApplication@6e271c91
reloadAllAccessors: .PNAbstractReceiverTest

===========================================================================================
----------------- testing Sun Jul 21 15:51:29 UTC 2019 /home/travis/build/icyphy/ptII/ptolemy/domains/pn/test/auto/QR.xml
----------------- Instantiating /home/travis/build/icyphy/ptII/ptolemy/domains/pn/test/auto/QR.xml
32 ms. Memory: 146432K Free: 119423K (82%)
----------------- Invoking toplevel() on ptolemy.moml.MoMLSimpleApplication@74cb7e59
----------------- Done invoking toplevel() on ptolemy.moml.MoMLSimpleApplication@74cb7e59
reloadAllAccessors: .QR

===========================================================================================
----------------- testing Sun Jul 21 15:51:29 UTC 2019 /home/travis/build/icyphy/ptII/ptolemy/domains/pn/test/auto/RemoveNilTokens.xml
----------------- Instantiating /home/travis/build/icyphy/ptII/ptolemy/domains/pn/test/auto/RemoveNilTokens.xml
17 ms. Memory: 146432K Free: 109759K (75%)
----------------- Invoking toplevel() on ptolemy.moml.MoMLSimpleApplication@2e1daf62
----------------- Done invoking toplevel() on ptolemy.moml.MoMLSimpleApplication@2e1daf62
reloadAllAccessors: .RemoveNilTokens

===========================================================================================
----------------- testing Sun Jul 21 15:51:29 UTC 2019 /home/travis/build/icyphy/ptII/ptolemy/domains/pn/test/auto/Stack.xml
----------------- Instantiating /home/travis/build/icyphy/ptII/ptolemy/domains/pn/test/auto/Stack.xml
72 ms. Memory: 146432K Free: 84320K (58%)
----------------- Invoking toplevel() on ptolemy.moml.MoMLSimpleApplication@26d5a7f6
----------------- Done invoking toplevel() on ptolemy.moml.MoMLSimpleApplication@26d5a7f6
reloadAllAccessors: .Stack

===========================================================================================
----------------- testing Sun Jul 21 15:51:29 UTC 2019 /home/travis/build/icyphy/ptII/ptolemy/domains/pn/test/auto/TestRemoveNilTokens.xml
----------------- Instantiating /home/travis/build/icyphy/ptII/ptolemy/domains/pn/test/auto/TestRemoveNilTokens.xml
18 ms. Memory: 146432K Free: 76991K (53%)
----------------- Invoking toplevel() on ptolemy.moml.MoMLSimpleApplication@20c2cce6
----------------- Done invoking toplevel() on ptolemy.moml.MoMLSimpleApplication@20c2cce6
reloadAllAccessors: .TestRemoveNilTokens

===========================================================================================
----------------- testing Sun Jul 21 15:51:29 UTC 2019 /home/travis/build/icyphy/ptII/ptolemy/domains/pn/test/auto/TestSeq2Array.xml
----------------- Instantiating /home/travis/build/icyphy/ptII/ptolemy/domains/pn/test/auto/TestSeq2Array.xml
20 ms. Memory: 146432K Free: 70847K (48%)
----------------- Invoking toplevel() on ptolemy.moml.MoMLSimpleApplication@b23b853
----------------- Done invoking toplevel() on ptolemy.moml.MoMLSimpleApplication@b23b853
reloadAllAccessors: .TestSeq2Array

===========================================================================================
----------------- testing Sun Jul 21 15:51:29 UTC 2019 /home/travis/build/icyphy/ptII/ptolemy/domains/pn/test/auto/TrivialIdentity.xml
----------------- Instantiating /home/travis/build/icyphy/ptII/ptolemy/domains/pn/test/auto/TrivialIdentity.xml
9 ms. Memory: 146432K Free: 66461K (45%)
----------------- Invoking toplevel() on ptolemy.moml.MoMLSimpleApplication@c40afa
----------------- Done invoking toplevel() on ptolemy.moml.MoMLSimpleApplication@c40afa
reloadAllAccessors: .TrivialIdentity

===========================================================================================
----------------- testing Sun Jul 21 15:51:29 UTC 2019 /home/travis/build/icyphy/ptII/ptolemy/domains/pn/test/auto/WidthInferenceTest1.xml
----------------- Instantiating /home/travis/build/icyphy/ptII/ptolemy/domains/pn/test/auto/WidthInferenceTest1.xml
13 ms. Memory: 146432K Free: 60605K (41%)
----------------- Invoking toplevel() on ptolemy.moml.MoMLSimpleApplication@7811fb84
----------------- Done invoking toplevel() on ptolemy.moml.MoMLSimpleApplication@7811fb84
reloadAllAccessors: .1

===========================================================================================
----------------- testing Sun Jul 21 15:51:29 UTC 2019 /home/travis/build/icyphy/ptII/ptolemy/domains/pn/test/auto/WidthInferenceTest2.xml
----------------- Instantiating /home/travis/build/icyphy/ptII/ptolemy/domains/pn/test/auto/WidthInferenceTest2.xml
8 ms. Memory: 146432K Free: 54463K (37%)
----------------- Invoking toplevel() on ptolemy.moml.MoMLSimpleApplication@4be3e88c
----------------- Done invoking toplevel() on ptolemy.moml.MoMLSimpleApplication@4be3e88c
reloadAllAccessors: .2

===========================================================================================
----------------- testing Sun Jul 21 15:51:29 UTC 2019 /home/travis/build/icyphy/ptII/ptolemy/domains/pn/test/auto/WidthInferenceTest3.xml
----------------- Instantiating /home/travis/build/icyphy/ptII/ptolemy/domains/pn/test/auto/WidthInferenceTest3.xml
22 ms. Memory: 176128K Free: 154004K (87%)
----------------- Invoking toplevel() on ptolemy.moml.MoMLSimpleApplication@f2c0f53
----------------- Done invoking toplevel() on ptolemy.moml.MoMLSimpleApplication@f2c0f53
reloadAllAccessors: .3

===========================================================================================
----------------- testing Sun Jul 21 15:51:30 UTC 2019 /home/travis/build/icyphy/ptII/ptolemy/domains/pn/test/auto/WidthInferenceTest4.xml
----------------- Instantiating /home/travis/build/icyphy/ptII/ptolemy/domains/pn/test/auto/WidthInferenceTest4.xml
25 ms. Memory: 176128K Free: 139327K (79%)
----------------- Invoking toplevel() on ptolemy.moml.MoMLSimpleApplication@a1534f1
----------------- Done invoking toplevel() on ptolemy.moml.MoMLSimpleApplication@a1534f1
reloadAllAccessors: .WidthInferenceTest4

===========================================================================================
----------------- testing Sun Jul 21 15:51:30 UTC 2019 /home/travis/build/icyphy/ptII/ptolemy/domains/pn/test/auto/WidthInferenceTest5.xml
----------------- Instantiating /home/travis/build/icyphy/ptII/ptolemy/domains/pn/test/auto/WidthInferenceTest5.xml
27 ms. Memory: 176128K Free: 124650K (71%)
----------------- Invoking toplevel() on ptolemy.moml.MoMLSimpleApplication@19b4bf22
----------------- Done invoking toplevel() on ptolemy.moml.MoMLSimpleApplication@19b4bf22
reloadAllAccessors: .WidthInferenceTest5

===========================================================================================
----------------- testing Sun Jul 21 15:51:30 UTC 2019 /home/travis/build/icyphy/ptII/ptolemy/domains/pn/test/auto/controlled_kahnnet.xml
----------------- Instantiating /home/travis/build/icyphy/ptII/ptolemy/domains/pn/test/auto/controlled_kahnnet.xml
16 ms. Memory: 176128K Free: 119188K (68%)
----------------- Invoking toplevel() on ptolemy.moml.MoMLSimpleApplication@1cf8aaa4
----------------- Done invoking toplevel() on ptolemy.moml.MoMLSimpleApplication@1cf8aaa4
reloadAllAccessors: .controlled_kahnnet

===========================================================================================
----------------- testing Sun Jul 21 15:51:30 UTC 2019 /home/travis/build/icyphy/ptII/ptolemy/domains/pn/test/auto/demandDriven.xml
----------------- Instantiating /home/travis/build/icyphy/ptII/ptolemy/domains/pn/test/auto/demandDriven.xml
8 ms. Memory: 176128K Free: 114750K (65%)
----------------- Invoking toplevel() on ptolemy.moml.MoMLSimpleApplication@2e81efad
----------------- Done invoking toplevel() on ptolemy.moml.MoMLSimpleApplication@2e81efad
reloadAllAccessors: .demandDriven

===========================================================================================
----------------- testing Sun Jul 21 15:51:30 UTC 2019 /home/travis/build/icyphy/ptII/ptolemy/domains/pn/test/auto/feedback.xml
----------------- Instantiating /home/travis/build/icyphy/ptII/ptolemy/domains/pn/test/auto/feedback.xml
8 ms. Memory: 176128K Free: 110314K (63%)
----------------- Invoking toplevel() on ptolemy.moml.MoMLSimpleApplication@bc7b13e
----------------- Done invoking toplevel() on ptolemy.moml.MoMLSimpleApplication@bc7b13e
reloadAllAccessors: .feedback

===========================================================================================
----------------- testing Sun Jul 21 15:51:30 UTC 2019 /home/travis/build/icyphy/ptII/ptolemy/domains/pn/test/auto/helloWorld.xml
----------------- Instantiating /home/travis/build/icyphy/ptII/ptolemy/domains/pn/test/auto/helloWorld.xml
9 ms. Memory: 176128K Free: 107924K (61%)
----------------- Invoking toplevel() on ptolemy.moml.MoMLSimpleApplication@3f96ccfd
----------------- Done invoking toplevel() on ptolemy.moml.MoMLSimpleApplication@3f96ccfd
reloadAllAccessors: .helloWorld

===========================================================================================
----------------- testing Sun Jul 21 15:51:30 UTC 2019 /home/travis/build/icyphy/ptII/ptolemy/domains/pn/test/auto/helloWorld2.xml
----------------- Instantiating /home/travis/build/icyphy/ptII/ptolemy/domains/pn/test/auto/helloWorld2.xml
8 ms. Memory: 176128K Free: 102804K (58%)
----------------- Invoking toplevel() on ptolemy.moml.MoMLSimpleApplication@3e44ad49
----------------- Done invoking toplevel() on ptolemy.moml.MoMLSimpleApplication@3e44ad49
reloadAllAccessors: .helloWorld2

===========================================================================================
----------------- testing Sun Jul 21 15:51:30 UTC 2019 /home/travis/build/icyphy/ptII/ptolemy/domains/pn/test/auto/noOutput.xml
----------------- Instantiating /home/travis/build/icyphy/ptII/ptolemy/domains/pn/test/auto/noOutput.xml
28 ms. Memory: 176128K Free: 97343K (55%)
----------------- Invoking toplevel() on ptolemy.moml.MoMLSimpleApplication@1957703e
----------------- Done invoking toplevel() on ptolemy.moml.MoMLSimpleApplication@1957703e
reloadAllAccessors: .noOutput

===========================================================================================
----------------- testing Sun Jul 21 15:51:30 UTC 2019 /home/travis/build/icyphy/ptII/ptolemy/domains/pn/test/auto/relationGroup.xml
----------------- Instantiating /home/travis/build/icyphy/ptII/ptolemy/domains/pn/test/auto/relationGroup.xml
6 ms. Memory: 176128K Free: 93932K (53%)
----------------- Invoking toplevel() on ptolemy.moml.MoMLSimpleApplication@155eb90b
----------------- Done invoking toplevel() on ptolemy.moml.MoMLSimpleApplication@155eb90b
reloadAllAccessors: .relationGroup

===========================================================================================
----------------- testing Sun Jul 21 15:51:30 UTC 2019 /home/travis/build/icyphy/ptII/ptolemy/domains/pn/test/auto/relationGroup2.xml
----------------- Instantiating /home/travis/build/icyphy/ptII/ptolemy/domains/pn/test/auto/relationGroup2.xml
6 ms. Memory: 176128K Free: 91198K (52%)
----------------- Invoking toplevel() on ptolemy.moml.MoMLSimpleApplication@40168613
----------------- Done invoking toplevel() on ptolemy.moml.MoMLSimpleApplication@40168613
reloadAllAccessors: .relationGroup2

===========================================================================================
----------------- testing Sun Jul 21 15:51:30 UTC 2019 /home/travis/build/icyphy/ptII/ptolemy/domains/pn/test/auto/relationGroup3.xml
----------------- Instantiating /home/travis/build/icyphy/ptII/ptolemy/domains/pn/test/auto/relationGroup3.xml
6 ms. Memory: 176128K Free: 88468K (50%)
----------------- Invoking toplevel() on ptolemy.moml.MoMLSimpleApplication@32c181e1
----------------- Done invoking toplevel() on ptolemy.moml.MoMLSimpleApplication@32c181e1
reloadAllAccessors: .relationGroup3

===========================================================================================
----------------- testing Sun Jul 21 15:51:30 UTC 2019 /home/travis/build/icyphy/ptII/ptolemy/domains/pn/test/auto/relationGroup4.xml
----------------- Instantiating /home/travis/build/icyphy/ptII/ptolemy/domains/pn/test/auto/relationGroup4.xml
6 ms. Memory: 176128K Free: 86078K (49%)
----------------- Invoking toplevel() on ptolemy.moml.MoMLSimpleApplication@5dc920bf
----------------- Done invoking toplevel() on ptolemy.moml.MoMLSimpleApplication@5dc920bf
reloadAllAccessors: .relationGroup4

===========================================================================================
----------------- testing Sun Jul 21 15:51:30 UTC 2019 /home/travis/build/icyphy/ptII/ptolemy/domains/pn/test/auto/relationGroup5.xml
----------------- Instantiating /home/travis/build/icyphy/ptII/ptolemy/domains/pn/test/auto/relationGroup5.xml
9 ms. Memory: 176128K Free: 83692K (48%)
----------------- Invoking toplevel() on ptolemy.moml.MoMLSimpleApplication@4ac996e5
----------------- Done invoking toplevel() on ptolemy.moml.MoMLSimpleApplication@4ac996e5
reloadAllAccessors: .relationGroup5

===========================================================================================
----------------- testing Sun Jul 21 15:51:30 UTC 2019 /home/travis/build/icyphy/ptII/ptolemy/domains/pn/test/auto/relationGroup6.xml
----------------- Instantiating /home/travis/build/icyphy/ptII/ptolemy/domains/pn/test/auto/relationGroup6.xml
9 ms. Memory: 176128K Free: 80276K (46%)
----------------- Invoking toplevel() on ptolemy.moml.MoMLSimpleApplication@6ac65ad4
----------------- Done invoking toplevel() on ptolemy.moml.MoMLSimpleApplication@6ac65ad4
reloadAllAccessors: .relationGroup6

===========================================================================================
----------------- testing Sun Jul 21 15:51:30 UTC 2019 /home/travis/build/icyphy/ptII/ptolemy/domains/pn/test/auto/relationGroup7.xml
----------------- Instantiating /home/travis/build/icyphy/ptII/ptolemy/domains/pn/test/auto/relationGroup7.xml
9 ms. Memory: 176128K Free: 76862K (44%)
----------------- Invoking toplevel() on ptolemy.moml.MoMLSimpleApplication@3a3d761
----------------- Done invoking toplevel() on ptolemy.moml.MoMLSimpleApplication@3a3d761
reloadAllAccessors: .relationGroup7

===========================================================================================
----------------- testing Sun Jul 21 15:51:30 UTC 2019 /home/travis/build/icyphy/ptII/ptolemy/domains/pn/test/auto/relationGroup8.xml
----------------- Instantiating /home/travis/build/icyphy/ptII/ptolemy/domains/pn/test/auto/relationGroup8.xml
12 ms. Memory: 176128K Free: 73452K (42%)
----------------- Invoking toplevel() on ptolemy.moml.MoMLSimpleApplication@bc26f55
----------------- Done invoking toplevel() on ptolemy.moml.MoMLSimpleApplication@bc26f55
reloadAllAccessors: .relationGroup8

===========================================================================================
----------------- testing Sun Jul 21 15:51:30 UTC 2019 /home/travis/build/icyphy/ptII/ptolemy/domains/pn/test/auto/widthTest.xml
----------------- Instantiating /home/travis/build/icyphy/ptII/ptolemy/domains/pn/test/auto/widthTest.xml
14 ms. Memory: 176128K Free: 69694K (40%)
----------------- Invoking toplevel() on ptolemy.moml.MoMLSimpleApplication@215fd5f8
----------------- Done invoking toplevel() on ptolemy.moml.MoMLSimpleApplication@215fd5f8
reloadAllAccessors: .widthTest
AutoTests.java: About to close Vertx.
AutoTests.java: Vertx closed.
]]></system-out>
  <system-err><![CDATA[java.lang.RuntimeException: Execution failed
	at ptolemy.moml.MoMLSimpleApplication$UnloadThread.run(MoMLSimpleApplication.java:402)
Caused by: ptolemy.kernel.util.IllegalActionException: At the current time, process-oriented domains (PN and CSP) cannot be nested inside firing-based domains (SDF, DE, CT, etc.).
  in .PNInsideDE.CompositeActor.port
Because:
class ptolemy.domains.de.kernel.DEReceiver cannot be cast to class ptolemy.actor.process.ProcessReceiver (ptolemy.domains.de.kernel.DEReceiver and ptolemy.actor.process.ProcessReceiver are in unnamed module of loader 'app')
	at ptolemy.actor.process.BranchController.addBranches(BranchController.java:182)
	at ptolemy.actor.process.CompositeProcessDirector.createBranchController(CompositeProcessDirector.java:221)
	at ptolemy.actor.process.CompositeProcessDirector.initialize(CompositeProcessDirector.java:289)
	at ptolemy.domains.pn.kernel.PNDirector.initialize(PNDirector.java:241)
	at ptolemy.actor.CompositeActor.initialize(CompositeActor.java:935)
	at ptolemy.actor.Director.initialize(Director.java:938)
	at ptolemy.actor.Director.initialize(Director.java:907)
	at ptolemy.domains.de.kernel.DEDirector.initialize(DEDirector.java:944)
	at ptolemy.actor.CompositeActor.initialize(CompositeActor.java:935)
	at ptolemy.actor.Manager.initialize(Manager.java:724)
	at ptolemy.actor.Manager.execute(Manager.java:356)
	at ptolemy.actor.Manager.run(Manager.java:1263)
	at ptolemy.actor.Manager$PtolemyRunThread.run(Manager.java:1933)
Caused by: java.lang.ClassCastException: class ptolemy.domains.de.kernel.DEReceiver cannot be cast to class ptolemy.actor.process.ProcessReceiver (ptolemy.domains.de.kernel.DEReceiver and ptolemy.actor.process.ProcessReceiver are in unnamed module of loader 'app')
	at ptolemy.actor.process.BranchController.addBranches(BranchController.java:178)
	... 12 more
Warning: '.RemoveNilTokens.Test2' The test produced only 7 tokens, yet the correctValues parameter was expecting 8 tokens.
Warning: '.RemoveNilTokens.Test' The test produced only 9 tokens, yet the correctValues parameter was expecting 13 tokens.
]]></system-err>
</testsuite>
