<?xml version="1.0" encoding="UTF-8" ?>
<testsuite errors="0" failures="0" hostname="travis-job-ad2c0e5a-fff9-4c47-8aee-8eaa082f3e2a" name="ptolemy.domains.continuous.test.junit.JUnitTclTest" skipped="0" tests="156" time="68.965" timestamp="2020-01-01T06:32:11">
  <properties>
[...]
</properties>
  <testcase classname="ptolemy.util.test.junit.TclTests" name="[0] ThereAreNoTclTests (RunTclFile)" time="0.013" />
  <testcase classname="ptolemy.util.test.junit.AutoKnownFailedTests" name="[0] ThereAreNoKnowFailedTests (RunModel)" time="0.003" />
  <testcase classname="ptolemy.util.test.junit.AutoNameArchTests" name="[0] ThereAreNoAutoArchTests (RunModel)" time="0.021" />
  <testcase classname="ptolemy.util.test.junit.AutoTests" name="[0] /home/travis/build/icyphy/ptII/ptolemy/domains/continuous/test/auto/BouncingBall.xml (RunModel)" time="2.876" />
  <testcase classname="ptolemy.util.test.junit.AutoTests" name="[1] /home/travis/build/icyphy/ptII/ptolemy/domains/continuous/test/auto/BouncingBallWithoutGR.xml (RunModel)" time="0.869" />
  <testcase classname="ptolemy.util.test.junit.AutoTests" name="[2] /home/travis/build/icyphy/ptII/ptolemy/domains/continuous/test/auto/Brownian.xml (RunModel)" time="0.074" />
  <testcase classname="ptolemy.util.test.junit.AutoTests" name="[3] /home/travis/build/icyphy/ptII/ptolemy/domains/continuous/test/auto/CarTracking.xml (RunModel)" time="4.044" />
  <testcase classname="ptolemy.util.test.junit.AutoTests" name="[4] /home/travis/build/icyphy/ptII/ptolemy/domains/continuous/test/auto/CartPendulum.xml (RunModel)" time="0.513" />
  <testcase classname="ptolemy.util.test.junit.AutoTests" name="[5] /home/travis/build/icyphy/ptII/ptolemy/domains/continuous/test/auto/CausalityInterface10.xml (RunModel)" time="0.045" />
  <testcase classname="ptolemy.util.test.junit.AutoTests" name="[6] /home/travis/build/icyphy/ptII/ptolemy/domains/continuous/test/auto/CausalityInterface11.xml (RunModel)" time="0.036" />
  <testcase classname="ptolemy.util.test.junit.AutoTests" name="[7] /home/travis/build/icyphy/ptII/ptolemy/domains/continuous/test/auto/CausalityInterface12.xml (RunModel)" time="0.039" />
  <testcase classname="ptolemy.util.test.junit.AutoTests" name="[8] /home/travis/build/icyphy/ptII/ptolemy/domains/continuous/test/auto/CausalityInterface13.xml (RunModel)" time="0.034" />
  <testcase classname="ptolemy.util.test.junit.AutoTests" name="[9] /home/travis/build/icyphy/ptII/ptolemy/domains/continuous/test/auto/CausalityInterface14.xml (RunModel)" time="0.027" />
  <testcase classname="ptolemy.util.test.junit.AutoTests" name="[10] /home/travis/build/icyphy/ptII/ptolemy/domains/continuous/test/auto/CausalityInterface4.xml (RunModel)" time="0.028" />
  <testcase classname="ptolemy.util.test.junit.AutoTests" name="[11] /home/travis/build/icyphy/ptII/ptolemy/domains/continuous/test/auto/CausalityInterface5.xml (RunModel)" time="0.06" />
  <testcase classname="ptolemy.util.test.junit.AutoTests" name="[12] /home/travis/build/icyphy/ptII/ptolemy/domains/continuous/test/auto/CausalityInterface6.xml (RunModel)" time="0.023" />
  <testcase classname="ptolemy.util.test.junit.AutoTests" name="[13] /home/travis/build/icyphy/ptII/ptolemy/domains/continuous/test/auto/CausalityInterface7.xml (RunModel)" time="0.046" />
  <testcase classname="ptolemy.util.test.junit.AutoTests" name="[14] /home/travis/build/icyphy/ptII/ptolemy/domains/continuous/test/auto/CausalityInterface8.xml (RunModel)" time="0.041" />
  <testcase classname="ptolemy.util.test.junit.AutoTests" name="[15] /home/travis/build/icyphy/ptII/ptolemy/domains/continuous/test/auto/CausalityInterface9.xml (RunModel)" time="0.049" />
  <testcase classname="ptolemy.util.test.junit.AutoTests" name="[16] /home/travis/build/icyphy/ptII/ptolemy/domains/continuous/test/auto/CausalityInterfaceFeedback1.xml (RunModel)" time="0.025" />
  <testcase classname="ptolemy.util.test.junit.AutoTests" name="[17] /home/travis/build/icyphy/ptII/ptolemy/domains/continuous/test/auto/CausalityInterfaceFeedback2.xml (RunModel)" time="0.031" />
  <testcase classname="ptolemy.util.test.junit.AutoTests" name="[18] /home/travis/build/icyphy/ptII/ptolemy/domains/continuous/test/auto/CompareWithCurrentTime.xml (RunModel)" time="0.022" />
  <testcase classname="ptolemy.util.test.junit.AutoTests" name="[19] /home/travis/build/icyphy/ptII/ptolemy/domains/continuous/test/auto/ComparedClocks.xml (RunModel)" time="0.076" />
  <testcase classname="ptolemy.util.test.junit.AutoTests" name="[20] /home/travis/build/icyphy/ptII/ptolemy/domains/continuous/test/auto/ContinuousAOCClone.xml (RunModel)" time="2.43" />
  <testcase classname="ptolemy.util.test.junit.AutoTests" name="[21] /home/travis/build/icyphy/ptII/ptolemy/domains/continuous/test/auto/ContinuousClock.xml (RunModel)" time="0.089" />
  <testcase classname="ptolemy.util.test.junit.AutoTests" name="[22] /home/travis/build/icyphy/ptII/ptolemy/domains/continuous/test/auto/ContinuousInContinuous.xml (RunModel)" time="0.091" />
  <testcase classname="ptolemy.util.test.junit.AutoTests" name="[23] /home/travis/build/icyphy/ptII/ptolemy/domains/continuous/test/auto/ContinuousInContinuousInContinuous.xml (RunModel)" time="0.025" />
  <testcase classname="ptolemy.util.test.junit.AutoTests" name="[24] /home/travis/build/icyphy/ptII/ptolemy/domains/continuous/test/auto/ContinuousInDE.xml (RunModel)" time="0.104" />
  <testcase classname="ptolemy.util.test.junit.AutoTests" name="[25] /home/travis/build/icyphy/ptII/ptolemy/domains/continuous/test/auto/ContinuousInDE2.xml (RunModel)" time="0.046" />
  <testcase classname="ptolemy.util.test.junit.AutoTests" name="[26] /home/travis/build/icyphy/ptII/ptolemy/domains/continuous/test/auto/ContinuousInDE3.xml (RunModel)" time="0.038" />
  <testcase classname="ptolemy.util.test.junit.AutoTests" name="[27] /home/travis/build/icyphy/ptII/ptolemy/domains/continuous/test/auto/ContinuousInDE4.xml (RunModel)" time="0.025" />
  <testcase classname="ptolemy.util.test.junit.AutoTests" name="[28] /home/travis/build/icyphy/ptII/ptolemy/domains/continuous/test/auto/ContinuousInDEDifferentRefinements.xml (RunModel)" time="0.071" />
  <testcase classname="ptolemy.util.test.junit.AutoTests" name="[29] /home/travis/build/icyphy/ptII/ptolemy/domains/continuous/test/auto/ContinuousInDEDifferentRefinementsPreemptive.xml (RunModel)" time="0.088" />
  <testcase classname="ptolemy.util.test.junit.AutoTests" name="[30] /home/travis/build/icyphy/ptII/ptolemy/domains/continuous/test/auto/ContinuousInDEInContinuous2.xml (RunModel)" time="0.062" />
  <testcase classname="ptolemy.util.test.junit.AutoTests" name="[31] /home/travis/build/icyphy/ptII/ptolemy/domains/continuous/test/auto/ContinuousInDEInContinuous3.xml (RunModel)" time="0.057" />
  <testcase classname="ptolemy.util.test.junit.AutoTests" name="[32] /home/travis/build/icyphy/ptII/ptolemy/domains/continuous/test/auto/ContinuousInDEInput.xml (RunModel)" time="0.036" />
  <testcase classname="ptolemy.util.test.junit.AutoTests" name="[33] /home/travis/build/icyphy/ptII/ptolemy/domains/continuous/test/auto/ContinuousInDEInput2.xml (RunModel)" time="0.031" />
  <testcase classname="ptolemy.util.test.junit.AutoTests" name="[34] /home/travis/build/icyphy/ptII/ptolemy/domains/continuous/test/auto/ContinuousInDEInput3.xml (RunModel)" time="0.027" />
  <testcase classname="ptolemy.util.test.junit.AutoTests" name="[35] /home/travis/build/icyphy/ptII/ptolemy/domains/continuous/test/auto/ContinuousInDESharingRefinement.xml (RunModel)" time="0.168" />
  <testcase classname="ptolemy.util.test.junit.AutoTests" name="[36] /home/travis/build/icyphy/ptII/ptolemy/domains/continuous/test/auto/ContinuousInDEwithNoPorts.xml (RunModel)" time="0.025" />
  <testcase classname="ptolemy.util.test.junit.AutoTests" name="[37] /home/travis/build/icyphy/ptII/ptolemy/domains/continuous/test/auto/ContinuousInsideDE.xml (RunModel)" time="0.076" />
  <testcase classname="ptolemy.util.test.junit.AutoTests" name="[38] /home/travis/build/icyphy/ptII/ptolemy/domains/continuous/test/auto/ContinuousMerge1.xml (RunModel)" time="0.018" />
  <testcase classname="ptolemy.util.test.junit.AutoTests" name="[39] /home/travis/build/icyphy/ptII/ptolemy/domains/continuous/test/auto/ContinuousMerge2.xml (RunModel)" time="0.043" />
  <testcase classname="ptolemy.util.test.junit.AutoTests" name="[40] /home/travis/build/icyphy/ptII/ptolemy/domains/continuous/test/auto/ContinuousMerge3.xml (RunModel)" time="0.059" />
  <testcase classname="ptolemy.util.test.junit.AutoTests" name="[41] /home/travis/build/icyphy/ptII/ptolemy/domains/continuous/test/auto/ContinuousWithinContinuous.xml (RunModel)" time="0.042" />
  <testcase classname="ptolemy.util.test.junit.AutoTests" name="[42] /home/travis/build/icyphy/ptII/ptolemy/domains/continuous/test/auto/ContinuousWithinContinuous2.xml (RunModel)" time="0.07" />
  <testcase classname="ptolemy.util.test.junit.AutoTests" name="[43] /home/travis/build/icyphy/ptII/ptolemy/domains/continuous/test/auto/ContinuousWithinContinuous3.xml (RunModel)" time="0.03" />
  <testcase classname="ptolemy.util.test.junit.AutoTests" name="[44] /home/travis/build/icyphy/ptII/ptolemy/domains/continuous/test/auto/ContinuousWithinContinuous4.xml (RunModel)" time="0.072" />
  <testcase classname="ptolemy.util.test.junit.AutoTests" name="[45] /home/travis/build/icyphy/ptII/ptolemy/domains/continuous/test/auto/ContinuousWithinContinuous5.xml (RunModel)" time="0.023" />
  <testcase classname="ptolemy.util.test.junit.AutoTests" name="[46] /home/travis/build/icyphy/ptII/ptolemy/domains/continuous/test/auto/ContinuousWithinContinuous6.xml (RunModel)" time="0.022" />
  <testcase classname="ptolemy.util.test.junit.AutoTests" name="[47] /home/travis/build/icyphy/ptII/ptolemy/domains/continuous/test/auto/ContinuousWithinContinuous7.xml (RunModel)" time="0.056" />
  <testcase classname="ptolemy.util.test.junit.AutoTests" name="[48] /home/travis/build/icyphy/ptII/ptolemy/domains/continuous/test/auto/DCMotor.xml (RunModel)" time="12.941" />
  <testcase classname="ptolemy.util.test.junit.AutoTests" name="[49] /home/travis/build/icyphy/ptII/ptolemy/domains/continuous/test/auto/DEInContinuous.xml (RunModel)" time="0.042" />
  <testcase classname="ptolemy.util.test.junit.AutoTests" name="[50] /home/travis/build/icyphy/ptII/ptolemy/domains/continuous/test/auto/DEinContinuous2.xml (RunModel)" time="0.03" />
  <testcase classname="ptolemy.util.test.junit.AutoTests" name="[51] /home/travis/build/icyphy/ptII/ptolemy/domains/continuous/test/auto/Derivative.xml (RunModel)" time="0.178" />
  <testcase classname="ptolemy.util.test.junit.AutoTests" name="[52] /home/travis/build/icyphy/ptII/ptolemy/domains/continuous/test/auto/Derivative1.xml (RunModel)" time="0.049" />
  <testcase classname="ptolemy.util.test.junit.AutoTests" name="[53] /home/travis/build/icyphy/ptII/ptolemy/domains/continuous/test/auto/DiscreteClock.xml (RunModel)" time="0.014" />
  <testcase classname="ptolemy.util.test.junit.AutoTests" name="[54] /home/travis/build/icyphy/ptII/ptolemy/domains/continuous/test/auto/EfficiencyCurve.xml (RunModel)" time="0.078" />
  <testcase classname="ptolemy.util.test.junit.AutoTests" name="[55] /home/travis/build/icyphy/ptII/ptolemy/domains/continuous/test/auto/ExponentialResponse.xml (RunModel)" time="0.133" />
  <testcase classname="ptolemy.util.test.junit.AutoTests" name="[56] /home/travis/build/icyphy/ptII/ptolemy/domains/continuous/test/auto/ExponentialResponseRK45.xml (RunModel)" time="0.035" />
  <testcase classname="ptolemy.util.test.junit.AutoTests" name="[57] /home/travis/build/icyphy/ptII/ptolemy/domains/continuous/test/auto/Friction.xml (RunModel)" time="1.488" />
  <testcase classname="ptolemy.util.test.junit.AutoTests" name="[58] /home/travis/build/icyphy/ptII/ptolemy/domains/continuous/test/auto/FurutaPendulum.xml (RunModel)" time="3.053" />
  <testcase classname="ptolemy.util.test.junit.AutoTests" name="[59] /home/travis/build/icyphy/ptII/ptolemy/domains/continuous/test/auto/HierarchicalExecution.xml (RunModel)" time="1.75" />
  <testcase classname="ptolemy.util.test.junit.AutoTests" name="[60] /home/travis/build/icyphy/ptII/ptolemy/domains/continuous/test/auto/HybridPlant.xml (RunModel)" time="0.58" />
  <testcase classname="ptolemy.util.test.junit.AutoTests" name="[61] /home/travis/build/icyphy/ptII/ptolemy/domains/continuous/test/auto/Hysteresis.xml (RunModel)" time="0.211" />
  <testcase classname="ptolemy.util.test.junit.AutoTests" name="[62] /home/travis/build/icyphy/ptII/ptolemy/domains/continuous/test/auto/HysteresisWithRandomDelay.xml (RunModel)" time="0.228" />
  <testcase classname="ptolemy.util.test.junit.AutoTests" name="[63] /home/travis/build/icyphy/ptII/ptolemy/domains/continuous/test/auto/HysteresisWithRandomLosses.xml (RunModel)" time="2.416" />
  <testcase classname="ptolemy.util.test.junit.AutoTests" name="[64] /home/travis/build/icyphy/ptII/ptolemy/domains/continuous/test/auto/ImmediateTransitions.xml (RunModel)" time="0.037" />
  <testcase classname="ptolemy.util.test.junit.AutoTests" name="[65] /home/travis/build/icyphy/ptII/ptolemy/domains/continuous/test/auto/ImpulseFeedback.xml (RunModel)" time="0.025" />
  <testcase classname="ptolemy.util.test.junit.AutoTests" name="[66] /home/travis/build/icyphy/ptII/ptolemy/domains/continuous/test/auto/ImpulseFeedback2.xml (RunModel)" time="0.016" />
  <testcase classname="ptolemy.util.test.junit.AutoTests" name="[67] /home/travis/build/icyphy/ptII/ptolemy/domains/continuous/test/auto/IncreasingRatePoisson.xml (RunModel)" time="0.708" />
  <testcase classname="ptolemy.util.test.junit.AutoTests" name="[68] /home/travis/build/icyphy/ptII/ptolemy/domains/continuous/test/auto/InitialStateFeedback.xml (RunModel)" time="0.016" />
  <testcase classname="ptolemy.util.test.junit.AutoTests" name="[69] /home/travis/build/icyphy/ptII/ptolemy/domains/continuous/test/auto/Integration.xml (RunModel)" time="0.009" />
  <testcase classname="ptolemy.util.test.junit.AutoTests" name="[70] /home/travis/build/icyphy/ptII/ptolemy/domains/continuous/test/auto/Integration2.xml (RunModel)" time="0.082" />
  <testcase classname="ptolemy.util.test.junit.AutoTests" name="[71] /home/travis/build/icyphy/ptII/ptolemy/domains/continuous/test/auto/Integration3.xml (RunModel)" time="0.014" />
  <testcase classname="ptolemy.util.test.junit.AutoTests" name="[72] /home/travis/build/icyphy/ptII/ptolemy/domains/continuous/test/auto/Integration5.xml (RunModel)" time="0.009" />
  <testcase classname="ptolemy.util.test.junit.AutoTests" name="[73] /home/travis/build/icyphy/ptII/ptolemy/domains/continuous/test/auto/IntegratorImpulse.xml (RunModel)" time="0.008" />
  <testcase classname="ptolemy.util.test.junit.AutoTests" name="[74] /home/travis/build/icyphy/ptII/ptolemy/domains/continuous/test/auto/IntegratorImpulse2.xml (RunModel)" time="0.025" />
  <testcase classname="ptolemy.util.test.junit.AutoTests" name="[75] /home/travis/build/icyphy/ptII/ptolemy/domains/continuous/test/auto/LevelCrossing1.xml (RunModel)" time="0.012" />
  <testcase classname="ptolemy.util.test.junit.AutoTests" name="[76] /home/travis/build/icyphy/ptII/ptolemy/domains/continuous/test/auto/LevelCrossing2.xml (RunModel)" time="0.012" />
  <testcase classname="ptolemy.util.test.junit.AutoTests" name="[77] /home/travis/build/icyphy/ptII/ptolemy/domains/continuous/test/auto/LevelCrossing3.xml (RunModel)" time="0.015" />
  <testcase classname="ptolemy.util.test.junit.AutoTests" name="[78] /home/travis/build/icyphy/ptII/ptolemy/domains/continuous/test/auto/LevelCrossing4.xml (RunModel)" time="0.012" />
  <testcase classname="ptolemy.util.test.junit.AutoTests" name="[79] /home/travis/build/icyphy/ptII/ptolemy/domains/continuous/test/auto/LevelCrossing5.xml (RunModel)" time="0.015" />
  <testcase classname="ptolemy.util.test.junit.AutoTests" name="[80] /home/travis/build/icyphy/ptII/ptolemy/domains/continuous/test/auto/LevelCrossing6.xml (RunModel)" time="0.011" />
  <testcase classname="ptolemy.util.test.junit.AutoTests" name="[81] /home/travis/build/icyphy/ptII/ptolemy/domains/continuous/test/auto/LevelCrossingDetector.xml (RunModel)" time="0.03" />
  <testcase classname="ptolemy.util.test.junit.AutoTests" name="[82] /home/travis/build/icyphy/ptII/ptolemy/domains/continuous/test/auto/LevelCrossingDetectorDetectingDirections.xml (RunModel)" time="0.08" />
  <testcase classname="ptolemy.util.test.junit.AutoTests" name="[83] /home/travis/build/icyphy/ptII/ptolemy/domains/continuous/test/auto/LevelCrossingDetectorDetectsGlitches.xml (RunModel)" time="0.057" />
  <testcase classname="ptolemy.util.test.junit.AutoTests" name="[84] /home/travis/build/icyphy/ptII/ptolemy/domains/continuous/test/auto/LevelCrossingNoInitialOuput.xml (RunModel)" time="0.012" />
  <testcase classname="ptolemy.util.test.junit.AutoTests" name="[85] /home/travis/build/icyphy/ptII/ptolemy/domains/continuous/test/auto/LinearStateSpaceExample.xml (RunModel)" time="0.056" />
  <testcase classname="ptolemy.util.test.junit.AutoTests" name="[86] /home/travis/build/icyphy/ptII/ptolemy/domains/continuous/test/auto/Lorenz.xml (RunModel)" time="3.23" />
  <testcase classname="ptolemy.util.test.junit.AutoTests" name="[87] /home/travis/build/icyphy/ptII/ptolemy/domains/continuous/test/auto/LorenzDifferentialSystem.xml (RunModel)" time="1.087" />
  <testcase classname="ptolemy.util.test.junit.AutoTests" name="[88] /home/travis/build/icyphy/ptII/ptolemy/domains/continuous/test/auto/LorenzDifferentialSystemWithInput.xml (RunModel)" time="1.147" />
  <testcase classname="ptolemy.util.test.junit.AutoTests" name="[89] /home/travis/build/icyphy/ptII/ptolemy/domains/continuous/test/auto/LorenzDifferentialSystemWithTime.xml (RunModel)" time="0.615" />
  <testcase classname="ptolemy.util.test.junit.AutoTests" name="[90] /home/travis/build/icyphy/ptII/ptolemy/domains/continuous/test/auto/Microsteps.xml (RunModel)" time="0.025" />
  <testcase classname="ptolemy.util.test.junit.AutoTests" name="[91] /home/travis/build/icyphy/ptII/ptolemy/domains/continuous/test/auto/Modal1.xml (RunModel)" time="0.037" />
  <testcase classname="ptolemy.util.test.junit.AutoTests" name="[92] /home/travis/build/icyphy/ptII/ptolemy/domains/continuous/test/auto/Modal2.xml (RunModel)" time="0.049" />
  <testcase classname="ptolemy.util.test.junit.AutoTests" name="[93] /home/travis/build/icyphy/ptII/ptolemy/domains/continuous/test/auto/ModalTransitionGuardWithReset.xml (RunModel)" time="0.027" />
  <testcase classname="ptolemy.util.test.junit.AutoTests" name="[94] /home/travis/build/icyphy/ptII/ptolemy/domains/continuous/test/auto/ModalTransitionGuardWithResetUsingPreemptiveTransition.xml (RunModel)" time="0.024" />
  <testcase classname="ptolemy.util.test.junit.AutoTests" name="[95] /home/travis/build/icyphy/ptII/ptolemy/domains/continuous/test/auto/ModalTransitionGuardWithResetUsingPreemptiveTransition2.xml (RunModel)" time="0.025" />
  <testcase classname="ptolemy.util.test.junit.AutoTests" name="[96] /home/travis/build/icyphy/ptII/ptolemy/domains/continuous/test/auto/ModalTransitionGuardWithResetUsingPreemptiveTransition3.xml (RunModel)" time="0.027" />
  <testcase classname="ptolemy.util.test.junit.AutoTests" name="[97] /home/travis/build/icyphy/ptII/ptolemy/domains/continuous/test/auto/NewtonsCradle.xml (RunModel)" time="0.749" />
  <testcase classname="ptolemy.util.test.junit.AutoTests" name="[98] /home/travis/build/icyphy/ptII/ptolemy/domains/continuous/test/auto/NewtonsCradleAnimated.xml (RunModel)" time="1.222" />
  <testcase classname="ptolemy.util.test.junit.AutoTests" name="[99] /home/travis/build/icyphy/ptII/ptolemy/domains/continuous/test/auto/NewtonsCradleComplicated.xml (RunModel)" time="0.823" />
  <testcase classname="ptolemy.util.test.junit.AutoTests" name="[100] /home/travis/build/icyphy/ptII/ptolemy/domains/continuous/test/auto/NewtonsCradleNondeterministic.xml (RunModel)" time="0.641" />
  <testcase classname="ptolemy.util.test.junit.AutoTests" name="[101] /home/travis/build/icyphy/ptII/ptolemy/domains/continuous/test/auto/NewtonsCradlePerfectlyInelastic1.xml (RunModel)" time="1.083" />
  <testcase classname="ptolemy.util.test.junit.AutoTests" name="[102] /home/travis/build/icyphy/ptII/ptolemy/domains/continuous/test/auto/Noise.xml (RunModel)" time="0.195" />
  <testcase classname="ptolemy.util.test.junit.AutoTests" name="[103] /home/travis/build/icyphy/ptII/ptolemy/domains/continuous/test/auto/NoiseSpectrum.xml (RunModel)" time="0.786" />
  <testcase classname="ptolemy.util.test.junit.AutoTests" name="[104] /home/travis/build/icyphy/ptII/ptolemy/domains/continuous/test/auto/ParameterizedNewtonsCradleAnimated.xml (RunModel)" time="0.343" />
  <testcase classname="ptolemy.util.test.junit.AutoTests" name="[105] /home/travis/build/icyphy/ptII/ptolemy/domains/continuous/test/auto/ParameterizedNewtonsCradleAnimatedNondeterministic.xml (RunModel)" time="1.091" />
  <testcase classname="ptolemy.util.test.junit.AutoTests" name="[106] /home/travis/build/icyphy/ptII/ptolemy/domains/continuous/test/auto/Pendulum3D.xml (RunModel)" time="0.169" />
  <testcase classname="ptolemy.util.test.junit.AutoTests" name="[107] /home/travis/build/icyphy/ptII/ptolemy/domains/continuous/test/auto/PeriodicSampler.xml (RunModel)" time="0.013" />
  <testcase classname="ptolemy.util.test.junit.AutoTests" name="[108] /home/travis/build/icyphy/ptII/ptolemy/domains/continuous/test/auto/PeriodicSampler1.xml (RunModel)" time="0.051" />
  <testcase classname="ptolemy.util.test.junit.AutoTests" name="[109] /home/travis/build/icyphy/ptII/ptolemy/domains/continuous/test/auto/PeriodicSampler2.xml (RunModel)" time="0.085" />
  <testcase classname="ptolemy.util.test.junit.AutoTests" name="[110] /home/travis/build/icyphy/ptII/ptolemy/domains/continuous/test/auto/Poisson.xml (RunModel)" time="0.506" />
  <testcase classname="ptolemy.util.test.junit.AutoTests" name="[111] /home/travis/build/icyphy/ptII/ptolemy/domains/continuous/test/auto/PoissonClock.xml (RunModel)" time="0.014" />
  <testcase classname="ptolemy.util.test.junit.AutoTests" name="[112] /home/travis/build/icyphy/ptII/ptolemy/domains/continuous/test/auto/PoissonClock2.xml (RunModel)" time="0.011" />
  <testcase classname="ptolemy.util.test.junit.AutoTests" name="[113] /home/travis/build/icyphy/ptII/ptolemy/domains/continuous/test/auto/PortParameterHierarchy.xml (RunModel)" time="0.023" />
  <testcase classname="ptolemy.util.test.junit.AutoTests" name="[114] /home/travis/build/icyphy/ptII/ptolemy/domains/continuous/test/auto/RandomHybridPlant.xml (RunModel)" time="0.552" />
  <testcase classname="ptolemy.util.test.junit.AutoTests" name="[115] /home/travis/build/icyphy/ptII/ptolemy/domains/continuous/test/auto/ResetTransitionWithStartTime1.xml (RunModel)" time="0.027" />
  <testcase classname="ptolemy.util.test.junit.AutoTests" name="[116] /home/travis/build/icyphy/ptII/ptolemy/domains/continuous/test/auto/ResetTransitionWithStartTime2.xml (RunModel)" time="0.034" />
  <testcase classname="ptolemy.util.test.junit.AutoTests" name="[117] /home/travis/build/icyphy/ptII/ptolemy/domains/continuous/test/auto/ResetTransitionWithStartTime3.xml (RunModel)" time="0.042" />
  <testcase classname="ptolemy.util.test.junit.AutoTests" name="[118] /home/travis/build/icyphy/ptII/ptolemy/domains/continuous/test/auto/ResetTransitionWithStartTime4.xml (RunModel)" time="0.024" />
  <testcase classname="ptolemy.util.test.junit.AutoTests" name="[119] /home/travis/build/icyphy/ptII/ptolemy/domains/continuous/test/auto/ResetTransitionWithStartTime5.xml (RunModel)" time="0.036" />
  <testcase classname="ptolemy.util.test.junit.AutoTests" name="[120] /home/travis/build/icyphy/ptII/ptolemy/domains/continuous/test/auto/ResetTransitionWithStartTime6.xml (RunModel)" time="0.033" />
  <testcase classname="ptolemy.util.test.junit.AutoTests" name="[121] /home/travis/build/icyphy/ptII/ptolemy/domains/continuous/test/auto/SRinContinuous.xml (RunModel)" time="0.019" />
  <testcase classname="ptolemy.util.test.junit.AutoTests" name="[122] /home/travis/build/icyphy/ptII/ptolemy/domains/continuous/test/auto/SampledClocks.xml (RunModel)" time="0.033" />
  <testcase classname="ptolemy.util.test.junit.AutoTests" name="[123] /home/travis/build/icyphy/ptII/ptolemy/domains/continuous/test/auto/Satellite.xml (RunModel)" time="0.609" />
  <testcase classname="ptolemy.util.test.junit.AutoTests" name="[124] /home/travis/build/icyphy/ptII/ptolemy/domains/continuous/test/auto/SigmaDelta.xml (RunModel)" time="2.3" />
  <testcase classname="ptolemy.util.test.junit.AutoTests" name="[125] /home/travis/build/icyphy/ptII/ptolemy/domains/continuous/test/auto/SingleRefinement.xml (RunModel)" time="0.398" />
  <testcase classname="ptolemy.util.test.junit.AutoTests" name="[126] /home/travis/build/icyphy/ptII/ptolemy/domains/continuous/test/auto/SinuBouncingBall.xml (RunModel)" time="0.842" />
  <testcase classname="ptolemy.util.test.junit.AutoTests" name="[127] /home/travis/build/icyphy/ptII/ptolemy/domains/continuous/test/auto/Sinusoid.xml (RunModel)" time="0.019" />
  <testcase classname="ptolemy.util.test.junit.AutoTests" name="[128] /home/travis/build/icyphy/ptII/ptolemy/domains/continuous/test/auto/SinusoidInNoise.xml (RunModel)" time="0.828" />
  <testcase classname="ptolemy.util.test.junit.AutoTests" name="[129] /home/travis/build/icyphy/ptII/ptolemy/domains/continuous/test/auto/SinusoidRK45.xml (RunModel)" time="0.01" />
  <testcase classname="ptolemy.util.test.junit.AutoTests" name="[130] /home/travis/build/icyphy/ptII/ptolemy/domains/continuous/test/auto/SinusoidWithMultipleImpulses.xml (RunModel)" time="0.01" />
  <testcase classname="ptolemy.util.test.junit.AutoTests" name="[131] /home/travis/build/icyphy/ptII/ptolemy/domains/continuous/test/auto/SquareWave.xml (RunModel)" time="0.171" />
  <testcase classname="ptolemy.util.test.junit.AutoTests" name="[132] /home/travis/build/icyphy/ptII/ptolemy/domains/continuous/test/auto/Starmac.xml (RunModel)" time="3.317" />
  <testcase classname="ptolemy.util.test.junit.AutoTests" name="[133] /home/travis/build/icyphy/ptII/ptolemy/domains/continuous/test/auto/StaticUnits.xml (RunModel)" time="2.238" />
  <testcase classname="ptolemy.util.test.junit.AutoTests" name="[134] /home/travis/build/icyphy/ptII/ptolemy/domains/continuous/test/auto/StickyMasses.xml (RunModel)" time="0.192" />
  <testcase classname="ptolemy.util.test.junit.AutoTests" name="[135] /home/travis/build/icyphy/ptII/ptolemy/domains/continuous/test/auto/StopTime.xml (RunModel)" time="0.06" />
  <testcase classname="ptolemy.util.test.junit.AutoTests" name="[136] /home/travis/build/icyphy/ptII/ptolemy/domains/continuous/test/auto/StopTime2.xml (RunModel)" time="0.054" />
  <testcase classname="ptolemy.util.test.junit.AutoTests" name="[137] /home/travis/build/icyphy/ptII/ptolemy/domains/continuous/test/auto/Switch.xml (RunModel)" time="0.058" />
  <testcase classname="ptolemy.util.test.junit.AutoTests" name="[138] /home/travis/build/icyphy/ptII/ptolemy/domains/continuous/test/auto/Thermostat.xml (RunModel)" time="0.22" />
  <testcase classname="ptolemy.util.test.junit.AutoTests" name="[139] /home/travis/build/icyphy/ptII/ptolemy/domains/continuous/test/auto/TimeDelay.xml (RunModel)" time="0.021" />
  <testcase classname="ptolemy.util.test.junit.AutoTests" name="[140] /home/travis/build/icyphy/ptII/ptolemy/domains/continuous/test/auto/TimeDelay2.xml (RunModel)" time="0.03" />
  <testcase classname="ptolemy.util.test.junit.AutoTests" name="[141] /home/travis/build/icyphy/ptII/ptolemy/domains/continuous/test/auto/TimeDelay3.xml (RunModel)" time="0.013" />
  <testcase classname="ptolemy.util.test.junit.AutoTests" name="[142] /home/travis/build/icyphy/ptII/ptolemy/domains/continuous/test/auto/TransferAbsentToInside.xml (RunModel)" time="0.102" />
  <testcase classname="ptolemy.util.test.junit.AutoTests" name="[143] /home/travis/build/icyphy/ptII/ptolemy/domains/continuous/test/auto/Transmission.xml (RunModel)" time="0.719" />
  <testcase classname="ptolemy.util.test.junit.AutoTests" name="[144] /home/travis/build/icyphy/ptII/ptolemy/domains/continuous/test/auto/TriggeredContinuousClock.xml (RunModel)" time="0.082" />
  <testcase classname="ptolemy.util.test.junit.AutoTests" name="[145] /home/travis/build/icyphy/ptII/ptolemy/domains/continuous/test/auto/TwoMachineInfiniteBusControl.xml (RunModel)" time="2.47" />
  <testcase classname="ptolemy.util.test.junit.AutoTests" name="[146] /home/travis/build/icyphy/ptII/ptolemy/domains/continuous/test/auto/V2V.xml (RunModel)" time="0.724" />
  <testcase classname="ptolemy.util.test.junit.AutoTests" name="[147] /home/travis/build/icyphy/ptII/ptolemy/domains/continuous/test/auto/hierarchicalModalModel.xml (RunModel)" time="0.025" />
  <testcase classname="ptolemy.util.test.junit.AutoTests" name="[148] /home/travis/build/icyphy/ptII/ptolemy/domains/continuous/test/auto/hierarchicalModalModel1.xml (RunModel)" time="0.036" />
  <testcase classname="ptolemy.util.test.junit.AutoTests" name="[149] /home/travis/build/icyphy/ptII/ptolemy/domains/continuous/test/auto/hierarchicalModalModel2.xml (RunModel)" time="0.028" />
  <testcase classname="ptolemy.util.test.junit.AutoTests" name="[150] /home/travis/build/icyphy/ptII/ptolemy/domains/continuous/test/auto/hierarchicalModalModel3.xml (RunModel)" time="0.022" />
  <testcase classname="ptolemy.util.test.junit.AutoTests" name="[151] /home/travis/build/icyphy/ptII/ptolemy/domains/continuous/test/auto/hierarchicalModalModel4.xml (RunModel)" time="0.024" />
  <testcase classname="ptolemy.util.test.junit.AutoTests" name="[152] /home/travis/build/icyphy/ptII/ptolemy/domains/continuous/test/auto/junk.xml (RunModel)" time="0.137" />
  <system-out><![CDATA[No tcl tests in /home/travis/build/icyphy/ptII/ptolemy/domains/continuous/test
No auto/knownFailedTests/*.xml tests in /home/travis/build/icyphy/ptII/ptolemy/domains/continuous/test
No auto/linux-amd64/*.xml tests in /home/travis/build/icyphy/ptII/ptolemy/domains/continuous/test
AutoTests.java: About to close Vertx.
AutoTests.java: Vertx closed.

===========================================================================================
----------------- testing Wed Jan 01 06:32:11 UTC 2020 /home/travis/build/icyphy/ptII/ptolemy/domains/continuous/test/auto/BouncingBall.xml
----------------- Instantiating /home/travis/build/icyphy/ptII/ptolemy/domains/continuous/test/auto/BouncingBall.xml
2288 ms. Memory: 160768K Free: 125493K (78%)
----------------- Invoking toplevel() on ptolemy.moml.MoMLSimpleApplication@4244b7f
----------------- Done invoking toplevel() on ptolemy.moml.MoMLSimpleApplication@4244b7f
reloadAllAccessors: .BouncingBall

===========================================================================================
----------------- testing Wed Jan 01 06:32:14 UTC 2020 /home/travis/build/icyphy/ptII/ptolemy/domains/continuous/test/auto/BouncingBallWithoutGR.xml
----------------- Instantiating /home/travis/build/icyphy/ptII/ptolemy/domains/continuous/test/auto/BouncingBallWithoutGR.xml
722 ms. Memory: 160768K Free: 130616K (81%)
----------------- Invoking toplevel() on ptolemy.moml.MoMLSimpleApplication@5d8b554b
----------------- Done invoking toplevel() on ptolemy.moml.MoMLSimpleApplication@5d8b554b
reloadAllAccessors: .BouncingBallWithoutGR

===========================================================================================
----------------- testing Wed Jan 01 06:32:15 UTC 2020 /home/travis/build/icyphy/ptII/ptolemy/domains/continuous/test/auto/Brownian.xml
----------------- Instantiating /home/travis/build/icyphy/ptII/ptolemy/domains/continuous/test/auto/Brownian.xml
32 ms. Memory: 160768K Free: 121910K (76%)
----------------- Invoking toplevel() on ptolemy.moml.MoMLSimpleApplication@67164b76
----------------- Done invoking toplevel() on ptolemy.moml.MoMLSimpleApplication@67164b76
reloadAllAccessors: .Brownian

===========================================================================================
----------------- testing Wed Jan 01 06:32:15 UTC 2020 /home/travis/build/icyphy/ptII/ptolemy/domains/continuous/test/auto/CarTracking.xml
----------------- Instantiating /home/travis/build/icyphy/ptII/ptolemy/domains/continuous/test/auto/CarTracking.xml
3628 ms. Memory: 232448K Free: 148616K (64%)
----------------- Invoking toplevel() on ptolemy.moml.MoMLSimpleApplication@5489899f
----------------- Done invoking toplevel() on ptolemy.moml.MoMLSimpleApplication@5489899f
reloadAllAccessors: .CarTracking

===========================================================================================
----------------- testing Wed Jan 01 06:32:19 UTC 2020 /home/travis/build/icyphy/ptII/ptolemy/domains/continuous/test/auto/CartPendulum.xml
----------------- Instantiating /home/travis/build/icyphy/ptII/ptolemy/domains/continuous/test/auto/CartPendulum.xml
369 ms. Memory: 232448K Free: 190950K (82%)
----------------- Invoking toplevel() on ptolemy.moml.MoMLSimpleApplication@19413fd4
----------------- Done invoking toplevel() on ptolemy.moml.MoMLSimpleApplication@19413fd4
reloadAllAccessors: .CartPendulum

===========================================================================================
----------------- testing Wed Jan 01 06:32:20 UTC 2020 /home/travis/build/icyphy/ptII/ptolemy/domains/continuous/test/auto/CausalityInterface10.xml
----------------- Instantiating /home/travis/build/icyphy/ptII/ptolemy/domains/continuous/test/auto/CausalityInterface10.xml
13 ms. Memory: 232448K Free: 180200K (78%)
----------------- Invoking toplevel() on ptolemy.moml.MoMLSimpleApplication@35d57e02
----------------- Done invoking toplevel() on ptolemy.moml.MoMLSimpleApplication@35d57e02
reloadAllAccessors: .CausalityInterface10

===========================================================================================
----------------- testing Wed Jan 01 06:32:20 UTC 2020 /home/travis/build/icyphy/ptII/ptolemy/domains/continuous/test/auto/CausalityInterface11.xml
----------------- Instantiating /home/travis/build/icyphy/ptII/ptolemy/domains/continuous/test/auto/CausalityInterface11.xml
8 ms. Memory: 232448K Free: 174056K (75%)
----------------- Invoking toplevel() on ptolemy.moml.MoMLSimpleApplication@5349b5c0
----------------- Done invoking toplevel() on ptolemy.moml.MoMLSimpleApplication@5349b5c0
reloadAllAccessors: .CausalityInterface11

===========================================================================================
----------------- testing Wed Jan 01 06:32:20 UTC 2020 /home/travis/build/icyphy/ptII/ptolemy/domains/continuous/test/auto/CausalityInterface12.xml
----------------- Instantiating /home/travis/build/icyphy/ptII/ptolemy/domains/continuous/test/auto/CausalityInterface12.xml
11 ms. Memory: 232448K Free: 167912K (72%)
----------------- Invoking toplevel() on ptolemy.moml.MoMLSimpleApplication@6cedda30
----------------- Done invoking toplevel() on ptolemy.moml.MoMLSimpleApplication@6cedda30
reloadAllAccessors: .CausalityInterface12

===========================================================================================
----------------- testing Wed Jan 01 06:32:20 UTC 2020 /home/travis/build/icyphy/ptII/ptolemy/domains/continuous/test/auto/CausalityInterface13.xml
----------------- Instantiating /home/travis/build/icyphy/ptII/ptolemy/domains/continuous/test/auto/CausalityInterface13.xml
7 ms. Memory: 232448K Free: 161768K (70%)
----------------- Invoking toplevel() on ptolemy.moml.MoMLSimpleApplication@7c93f902
----------------- Done invoking toplevel() on ptolemy.moml.MoMLSimpleApplication@7c93f902
reloadAllAccessors: .CausalityInterface13

===========================================================================================
----------------- testing Wed Jan 01 06:32:20 UTC 2020 /home/travis/build/icyphy/ptII/ptolemy/domains/continuous/test/auto/CausalityInterface14.xml
----------------- Instantiating /home/travis/build/icyphy/ptII/ptolemy/domains/continuous/test/auto/CausalityInterface14.xml
5 ms. Memory: 232448K Free: 156134K (67%)
----------------- Invoking toplevel() on ptolemy.moml.MoMLSimpleApplication@7344aa00
----------------- Done invoking toplevel() on ptolemy.moml.MoMLSimpleApplication@7344aa00
reloadAllAccessors: .CausalityInterface14

===========================================================================================
----------------- testing Wed Jan 01 06:32:20 UTC 2020 /home/travis/build/icyphy/ptII/ptolemy/domains/continuous/test/auto/CausalityInterface4.xml
----------------- Instantiating /home/travis/build/icyphy/ptII/ptolemy/domains/continuous/test/auto/CausalityInterface4.xml
4 ms. Memory: 232448K Free: 148952K (64%)
----------------- Invoking toplevel() on ptolemy.moml.MoMLSimpleApplication@3f045f21
----------------- Done invoking toplevel() on ptolemy.moml.MoMLSimpleApplication@3f045f21
reloadAllAccessors: .CausalityInterface4

===========================================================================================
----------------- testing Wed Jan 01 06:32:20 UTC 2020 /home/travis/build/icyphy/ptII/ptolemy/domains/continuous/test/auto/CausalityInterface5.xml
----------------- Instantiating /home/travis/build/icyphy/ptII/ptolemy/domains/continuous/test/auto/CausalityInterface5.xml
5 ms. Memory: 232448K Free: 141288K (61%)
----------------- Invoking toplevel() on ptolemy.moml.MoMLSimpleApplication@3f391696
----------------- Done invoking toplevel() on ptolemy.moml.MoMLSimpleApplication@3f391696
reloadAllAccessors: .CausalityInterface5

===========================================================================================
----------------- testing Wed Jan 01 06:32:20 UTC 2020 /home/travis/build/icyphy/ptII/ptolemy/domains/continuous/test/auto/CausalityInterface6.xml
----------------- Instantiating /home/travis/build/icyphy/ptII/ptolemy/domains/continuous/test/auto/CausalityInterface6.xml
5 ms. Memory: 232448K Free: 135654K (58%)
----------------- Invoking toplevel() on ptolemy.moml.MoMLSimpleApplication@64d47cac
----------------- Done invoking toplevel() on ptolemy.moml.MoMLSimpleApplication@64d47cac
reloadAllAccessors: .CausalityInterface6

===========================================================================================
----------------- testing Wed Jan 01 06:32:20 UTC 2020 /home/travis/build/icyphy/ptII/ptolemy/domains/continuous/test/auto/CausalityInterface7.xml
----------------- Instantiating /home/travis/build/icyphy/ptII/ptolemy/domains/continuous/test/auto/CausalityInterface7.xml
11 ms. Memory: 232448K Free: 126952K (55%)
----------------- Invoking toplevel() on ptolemy.moml.MoMLSimpleApplication@6db7c255
----------------- Done invoking toplevel() on ptolemy.moml.MoMLSimpleApplication@6db7c255
reloadAllAccessors: .CausalityInterface7

===========================================================================================
----------------- testing Wed Jan 01 06:32:20 UTC 2020 /home/travis/build/icyphy/ptII/ptolemy/domains/continuous/test/auto/CausalityInterface8.xml
----------------- Instantiating /home/travis/build/icyphy/ptII/ptolemy/domains/continuous/test/auto/CausalityInterface8.xml
4 ms. Memory: 232448K Free: 117736K (51%)
----------------- Invoking toplevel() on ptolemy.moml.MoMLSimpleApplication@31343dc
----------------- Done invoking toplevel() on ptolemy.moml.MoMLSimpleApplication@31343dc
reloadAllAccessors: .CausalityInterface8

===========================================================================================
----------------- testing Wed Jan 01 06:32:20 UTC 2020 /home/travis/build/icyphy/ptII/ptolemy/domains/continuous/test/auto/CausalityInterface9.xml
----------------- Instantiating /home/travis/build/icyphy/ptII/ptolemy/domains/continuous/test/auto/CausalityInterface9.xml
9 ms. Memory: 232448K Free: 106982K (46%)
----------------- Invoking toplevel() on ptolemy.moml.MoMLSimpleApplication@40146422
----------------- Done invoking toplevel() on ptolemy.moml.MoMLSimpleApplication@40146422
reloadAllAccessors: .CausalityInterface9

===========================================================================================
----------------- testing Wed Jan 01 06:32:20 UTC 2020 /home/travis/build/icyphy/ptII/ptolemy/domains/continuous/test/auto/CausalityInterfaceFeedback1.xml
----------------- Instantiating /home/travis/build/icyphy/ptII/ptolemy/domains/continuous/test/auto/CausalityInterfaceFeedback1.xml
4 ms. Memory: 232448K Free: 100328K (43%)
----------------- Invoking toplevel() on ptolemy.moml.MoMLSimpleApplication@107045f8
----------------- Done invoking toplevel() on ptolemy.moml.MoMLSimpleApplication@107045f8
reloadAllAccessors: .CausalityInterfaceFeedback1

===========================================================================================
----------------- testing Wed Jan 01 06:32:20 UTC 2020 /home/travis/build/icyphy/ptII/ptolemy/domains/continuous/test/auto/CausalityInterfaceFeedback2.xml
----------------- Instantiating /home/travis/build/icyphy/ptII/ptolemy/domains/continuous/test/auto/CausalityInterfaceFeedback2.xml
4 ms. Memory: 232448K Free: 93656K (40%)
----------------- Invoking toplevel() on ptolemy.moml.MoMLSimpleApplication@3164abe2
----------------- Done invoking toplevel() on ptolemy.moml.MoMLSimpleApplication@3164abe2
reloadAllAccessors: .CausalityInterfaceFeedback2

===========================================================================================
----------------- testing Wed Jan 01 06:32:20 UTC 2020 /home/travis/build/icyphy/ptII/ptolemy/domains/continuous/test/auto/CompareWithCurrentTime.xml
----------------- Instantiating /home/travis/build/icyphy/ptII/ptolemy/domains/continuous/test/auto/CompareWithCurrentTime.xml
5 ms. Memory: 232448K Free: 89574K (39%)
----------------- Invoking toplevel() on ptolemy.moml.MoMLSimpleApplication@49dbe044
----------------- Done invoking toplevel() on ptolemy.moml.MoMLSimpleApplication@49dbe044
reloadAllAccessors: .CompareWithCurrentTime

===========================================================================================
----------------- testing Wed Jan 01 06:32:20 UTC 2020 /home/travis/build/icyphy/ptII/ptolemy/domains/continuous/test/auto/ComparedClocks.xml
----------------- Instantiating /home/travis/build/icyphy/ptII/ptolemy/domains/continuous/test/auto/ComparedClocks.xml
9 ms. Memory: 232448K Free: 211603K (91%)
----------------- Invoking toplevel() on ptolemy.moml.MoMLSimpleApplication@14c412f8
----------------- Done invoking toplevel() on ptolemy.moml.MoMLSimpleApplication@14c412f8
reloadAllAccessors: .ComparedClocks

===========================================================================================
----------------- testing Wed Jan 01 06:32:20 UTC 2020 /home/travis/build/icyphy/ptII/ptolemy/domains/continuous/test/auto/ContinuousAOCClone.xml
----------------- Instantiating /home/travis/build/icyphy/ptII/ptolemy/domains/continuous/test/auto/ContinuousAOCClone.xml
2252 ms. Memory: 279552K Free: 137826K (49%)
----------------- Invoking toplevel() on ptolemy.moml.MoMLSimpleApplication@6fde6603
----------------- Done invoking toplevel() on ptolemy.moml.MoMLSimpleApplication@6fde6603
reloadAllAccessors: .ContinuousAOCClone

===========================================================================================
----------------- testing Wed Jan 01 06:32:23 UTC 2020 /home/travis/build/icyphy/ptII/ptolemy/domains/continuous/test/auto/ContinuousClock.xml
----------------- Instantiating /home/travis/build/icyphy/ptII/ptolemy/domains/continuous/test/auto/ContinuousClock.xml
29 ms. Memory: 279552K Free: 115794K (41%)
----------------- Invoking toplevel() on ptolemy.moml.MoMLSimpleApplication@6dbf3e43
----------------- Done invoking toplevel() on ptolemy.moml.MoMLSimpleApplication@6dbf3e43
reloadAllAccessors: .ContinuousClock

===========================================================================================
----------------- testing Wed Jan 01 06:32:23 UTC 2020 /home/travis/build/icyphy/ptII/ptolemy/domains/continuous/test/auto/ContinuousInContinuous.xml
----------------- Instantiating /home/travis/build/icyphy/ptII/ptolemy/domains/continuous/test/auto/ContinuousInContinuous.xml
48 ms. Memory: 279552K Free: 257307K (92%)
----------------- Invoking toplevel() on ptolemy.moml.MoMLSimpleApplication@68f3af8
----------------- Done invoking toplevel() on ptolemy.moml.MoMLSimpleApplication@68f3af8
reloadAllAccessors: .ContinuousInContinuous

===========================================================================================
----------------- testing Wed Jan 01 06:32:23 UTC 2020 /home/travis/build/icyphy/ptII/ptolemy/domains/continuous/test/auto/ContinuousInContinuousInContinuous.xml
----------------- Instantiating /home/travis/build/icyphy/ptII/ptolemy/domains/continuous/test/auto/ContinuousInContinuousInContinuous.xml
6 ms. Memory: 279552K Free: 248916K (89%)
----------------- Invoking toplevel() on ptolemy.moml.MoMLSimpleApplication@4ae402a1
----------------- Done invoking toplevel() on ptolemy.moml.MoMLSimpleApplication@4ae402a1
reloadAllAccessors: .ContinuousInContinuousInContinuous

===========================================================================================
----------------- testing Wed Jan 01 06:32:23 UTC 2020 /home/travis/build/icyphy/ptII/ptolemy/domains/continuous/test/auto/ContinuousInDE.xml
----------------- Instantiating /home/travis/build/icyphy/ptII/ptolemy/domains/continuous/test/auto/ContinuousInDE.xml
82 ms. Memory: 279552K Free: 238166K (85%)
----------------- Invoking toplevel() on ptolemy.moml.MoMLSimpleApplication@20afc5b1
----------------- Done invoking toplevel() on ptolemy.moml.MoMLSimpleApplication@20afc5b1
reloadAllAccessors: .ContinuousInDE

===========================================================================================
----------------- testing Wed Jan 01 06:32:23 UTC 2020 /home/travis/build/icyphy/ptII/ptolemy/domains/continuous/test/auto/ContinuousInDE2.xml
----------------- Instantiating /home/travis/build/icyphy/ptII/ptolemy/domains/continuous/test/auto/ContinuousInDE2.xml
31 ms. Memory: 279552K Free: 228436K (82%)
----------------- Invoking toplevel() on ptolemy.moml.MoMLSimpleApplication@5a4e5cd1
----------------- Done invoking toplevel() on ptolemy.moml.MoMLSimpleApplication@5a4e5cd1
reloadAllAccessors: .ContinuousInDE2

===========================================================================================
----------------- testing Wed Jan 01 06:32:23 UTC 2020 /home/travis/build/icyphy/ptII/ptolemy/domains/continuous/test/auto/ContinuousInDE3.xml
----------------- Instantiating /home/travis/build/icyphy/ptII/ptolemy/domains/continuous/test/auto/ContinuousInDE3.xml
27 ms. Memory: 279552K Free: 218710K (78%)
----------------- Invoking toplevel() on ptolemy.moml.MoMLSimpleApplication@15c56d73
----------------- Done invoking toplevel() on ptolemy.moml.MoMLSimpleApplication@15c56d73
reloadAllAccessors: .ContinuousInDE3

===========================================================================================
----------------- testing Wed Jan 01 06:32:23 UTC 2020 /home/travis/build/icyphy/ptII/ptolemy/domains/continuous/test/auto/ContinuousInDE4.xml
----------------- Instantiating /home/travis/build/icyphy/ptII/ptolemy/domains/continuous/test/auto/ContinuousInDE4.xml
11 ms. Memory: 279552K Free: 212566K (76%)
----------------- Invoking toplevel() on ptolemy.moml.MoMLSimpleApplication@99f76f5
----------------- Done invoking toplevel() on ptolemy.moml.MoMLSimpleApplication@99f76f5
reloadAllAccessors: .ContinuousInDE4

===========================================================================================
----------------- testing Wed Jan 01 06:32:23 UTC 2020 /home/travis/build/icyphy/ptII/ptolemy/domains/continuous/test/auto/ContinuousInDEDifferentRefinements.xml
----------------- Instantiating /home/travis/build/icyphy/ptII/ptolemy/domains/continuous/test/auto/ContinuousInDEDifferentRefinements.xml
40 ms. Memory: 279552K Free: 181302K (65%)
----------------- Invoking toplevel() on ptolemy.moml.MoMLSimpleApplication@391683c4
----------------- Done invoking toplevel() on ptolemy.moml.MoMLSimpleApplication@391683c4
reloadAllAccessors: .ContinuousInDEDifferentRefinements

===========================================================================================
----------------- testing Wed Jan 01 06:32:23 UTC 2020 /home/travis/build/icyphy/ptII/ptolemy/domains/continuous/test/auto/ContinuousInDEDifferentRefinementsPreemptive.xml
----------------- Instantiating /home/travis/build/icyphy/ptII/ptolemy/domains/continuous/test/auto/ContinuousInDEDifferentRefinementsPreemptive.xml
44 ms. Memory: 279552K Free: 150582K (54%)
----------------- Invoking toplevel() on ptolemy.moml.MoMLSimpleApplication@53584371
----------------- Done invoking toplevel() on ptolemy.moml.MoMLSimpleApplication@53584371
reloadAllAccessors: .ContinuousInDEDifferentRefinementsPreemptive

===========================================================================================
----------------- testing Wed Jan 01 06:32:23 UTC 2020 /home/travis/build/icyphy/ptII/ptolemy/domains/continuous/test/auto/ContinuousInDEInContinuous2.xml
----------------- Instantiating /home/travis/build/icyphy/ptII/ptolemy/domains/continuous/test/auto/ContinuousInDEInContinuous2.xml
38 ms. Memory: 279552K Free: 139348K (50%)
----------------- Invoking toplevel() on ptolemy.moml.MoMLSimpleApplication@51cb8888
----------------- Done invoking toplevel() on ptolemy.moml.MoMLSimpleApplication@51cb8888
reloadAllAccessors: .ContinuousInDEInContinuous2

===========================================================================================
----------------- testing Wed Jan 01 06:32:23 UTC 2020 /home/travis/build/icyphy/ptII/ptolemy/domains/continuous/test/auto/ContinuousInDEInContinuous3.xml
----------------- Instantiating /home/travis/build/icyphy/ptII/ptolemy/domains/continuous/test/auto/ContinuousInDEInContinuous3.xml
35 ms. Memory: 279552K Free: 127060K (45%)
----------------- Invoking toplevel() on ptolemy.moml.MoMLSimpleApplication@20e693a8
----------------- Done invoking toplevel() on ptolemy.moml.MoMLSimpleApplication@20e693a8
reloadAllAccessors: .ContinuousInDEInContinuous3

===========================================================================================
----------------- testing Wed Jan 01 06:32:23 UTC 2020 /home/travis/build/icyphy/ptII/ptolemy/domains/continuous/test/auto/ContinuousInDEInput.xml
----------------- Instantiating /home/travis/build/icyphy/ptII/ptolemy/domains/continuous/test/auto/ContinuousInDEInput.xml
18 ms. Memory: 279552K Free: 119892K (43%)
----------------- Invoking toplevel() on ptolemy.moml.MoMLSimpleApplication@2d91f0ae
----------------- Done invoking toplevel() on ptolemy.moml.MoMLSimpleApplication@2d91f0ae
reloadAllAccessors: .ContinuousInDEInput

===========================================================================================
----------------- testing Wed Jan 01 06:32:23 UTC 2020 /home/travis/build/icyphy/ptII/ptolemy/domains/continuous/test/auto/ContinuousInDEInput2.xml
----------------- Instantiating /home/travis/build/icyphy/ptII/ptolemy/domains/continuous/test/auto/ContinuousInDEInput2.xml
15 ms. Memory: 279552K Free: 112724K (40%)
----------------- Invoking toplevel() on ptolemy.moml.MoMLSimpleApplication@584525f8
----------------- Done invoking toplevel() on ptolemy.moml.MoMLSimpleApplication@584525f8
reloadAllAccessors: .ContinuousInDEInput2

===========================================================================================
----------------- testing Wed Jan 01 06:32:23 UTC 2020 /home/travis/build/icyphy/ptII/ptolemy/domains/continuous/test/auto/ContinuousInDEInput3.xml
----------------- Instantiating /home/travis/build/icyphy/ptII/ptolemy/domains/continuous/test/auto/ContinuousInDEInput3.xml
10 ms. Memory: 279552K Free: 105556K (38%)
----------------- Invoking toplevel() on ptolemy.moml.MoMLSimpleApplication@1d6c08a8
----------------- Done invoking toplevel() on ptolemy.moml.MoMLSimpleApplication@1d6c08a8
reloadAllAccessors: .ContinuousInDEInput3

===========================================================================================
----------------- testing Wed Jan 01 06:32:23 UTC 2020 /home/travis/build/icyphy/ptII/ptolemy/domains/continuous/test/auto/ContinuousInDESharingRefinement.xml
----------------- Instantiating /home/travis/build/icyphy/ptII/ptolemy/domains/continuous/test/auto/ContinuousInDESharingRefinement.xml
137 ms. Memory: 279552K Free: 177234K (63%)
----------------- Invoking toplevel() on ptolemy.moml.MoMLSimpleApplication@7e3fc8c2
----------------- Done invoking toplevel() on ptolemy.moml.MoMLSimpleApplication@7e3fc8c2
reloadAllAccessors: .ContinuousInDESharingRefinement

===========================================================================================
----------------- testing Wed Jan 01 06:32:24 UTC 2020 /home/travis/build/icyphy/ptII/ptolemy/domains/continuous/test/auto/ContinuousInDEwithNoPorts.xml
----------------- Instantiating /home/travis/build/icyphy/ptII/ptolemy/domains/continuous/test/auto/ContinuousInDEwithNoPorts.xml
8 ms. Memory: 279552K Free: 172593K (62%)
----------------- Invoking toplevel() on ptolemy.moml.MoMLSimpleApplication@15bbc28d
----------------- Done invoking toplevel() on ptolemy.moml.MoMLSimpleApplication@15bbc28d
reloadAllAccessors: .ContinuousInDEwithNoPorts

===========================================================================================
----------------- testing Wed Jan 01 06:32:24 UTC 2020 /home/travis/build/icyphy/ptII/ptolemy/domains/continuous/test/auto/ContinuousInsideDE.xml
----------------- Instantiating /home/travis/build/icyphy/ptII/ptolemy/domains/continuous/test/auto/ContinuousInsideDE.xml
29 ms. Memory: 279552K Free: 161360K (58%)
----------------- Invoking toplevel() on ptolemy.moml.MoMLSimpleApplication@74b73daa
----------------- Done invoking toplevel() on ptolemy.moml.MoMLSimpleApplication@74b73daa
reloadAllAccessors: .ContinuousInsideDE

===========================================================================================
----------------- testing Wed Jan 01 06:32:24 UTC 2020 /home/travis/build/icyphy/ptII/ptolemy/domains/continuous/test/auto/ContinuousMerge1.xml
----------------- Instantiating /home/travis/build/icyphy/ptII/ptolemy/domains/continuous/test/auto/ContinuousMerge1.xml
3 ms. Memory: 279552K Free: 157249K (56%)
----------------- Invoking toplevel() on ptolemy.moml.MoMLSimpleApplication@6dde5217
----------------- Done invoking toplevel() on ptolemy.moml.MoMLSimpleApplication@6dde5217
reloadAllAccessors: .ContinuousMerge1

===========================================================================================
----------------- testing Wed Jan 01 06:32:24 UTC 2020 /home/travis/build/icyphy/ptII/ptolemy/domains/continuous/test/auto/ContinuousMerge2.xml
----------------- Instantiating /home/travis/build/icyphy/ptII/ptolemy/domains/continuous/test/auto/ContinuousMerge2.xml
15 ms. Memory: 279552K Free: 147024K (53%)
----------------- Invoking toplevel() on ptolemy.moml.MoMLSimpleApplication@4383be84
----------------- Done invoking toplevel() on ptolemy.moml.MoMLSimpleApplication@4383be84
reloadAllAccessors: .ContinuousMerge2

===========================================================================================
----------------- testing Wed Jan 01 06:32:24 UTC 2020 /home/travis/build/icyphy/ptII/ptolemy/domains/continuous/test/auto/ContinuousMerge3.xml
----------------- Instantiating /home/travis/build/icyphy/ptII/ptolemy/domains/continuous/test/auto/ContinuousMerge3.xml
35 ms. Memory: 279552K Free: 136274K (49%)
----------------- Invoking toplevel() on ptolemy.moml.MoMLSimpleApplication@1114789e
----------------- Done invoking toplevel() on ptolemy.moml.MoMLSimpleApplication@1114789e
reloadAllAccessors: .ContinuousMerge3

===========================================================================================
----------------- testing Wed Jan 01 06:32:24 UTC 2020 /home/travis/build/icyphy/ptII/ptolemy/domains/continuous/test/auto/ContinuousWithinContinuous.xml
----------------- Instantiating /home/travis/build/icyphy/ptII/ptolemy/domains/continuous/test/auto/ContinuousWithinContinuous.xml
27 ms. Memory: 279552K Free: 126544K (45%)
----------------- Invoking toplevel() on ptolemy.moml.MoMLSimpleApplication@7ba50ba4
----------------- Done invoking toplevel() on ptolemy.moml.MoMLSimpleApplication@7ba50ba4
reloadAllAccessors: .ContinuousWithinContinuous

===========================================================================================
----------------- testing Wed Jan 01 06:32:24 UTC 2020 /home/travis/build/icyphy/ptII/ptolemy/domains/continuous/test/auto/ContinuousWithinContinuous2.xml
----------------- Instantiating /home/travis/build/icyphy/ptII/ptolemy/domains/continuous/test/auto/ContinuousWithinContinuous2.xml
51 ms. Memory: 279552K Free: 115280K (41%)
----------------- Invoking toplevel() on ptolemy.moml.MoMLSimpleApplication@2ec8417f
----------------- Done invoking toplevel() on ptolemy.moml.MoMLSimpleApplication@2ec8417f
reloadAllAccessors: .ContinuousWithinContinuous2

===========================================================================================
----------------- testing Wed Jan 01 06:32:24 UTC 2020 /home/travis/build/icyphy/ptII/ptolemy/domains/continuous/test/auto/ContinuousWithinContinuous3.xml
----------------- Instantiating /home/travis/build/icyphy/ptII/ptolemy/domains/continuous/test/auto/ContinuousWithinContinuous3.xml
11 ms. Memory: 279552K Free: 108626K (39%)
----------------- Invoking toplevel() on ptolemy.moml.MoMLSimpleApplication@5c273fa4
----------------- Done invoking toplevel() on ptolemy.moml.MoMLSimpleApplication@5c273fa4
reloadAllAccessors: .ContinuousWithinContinuous3

===========================================================================================
----------------- testing Wed Jan 01 06:32:24 UTC 2020 /home/travis/build/icyphy/ptII/ptolemy/domains/continuous/test/auto/ContinuousWithinContinuous4.xml
----------------- Instantiating /home/travis/build/icyphy/ptII/ptolemy/domains/continuous/test/auto/ContinuousWithinContinuous4.xml
57 ms. Memory: 279552K Free: 262192K (94%)
----------------- Invoking toplevel() on ptolemy.moml.MoMLSimpleApplication@54274282
----------------- Done invoking toplevel() on ptolemy.moml.MoMLSimpleApplication@54274282
reloadAllAccessors: .ContinuousWithinContinuous4

===========================================================================================
----------------- testing Wed Jan 01 06:32:24 UTC 2020 /home/travis/build/icyphy/ptII/ptolemy/domains/continuous/test/auto/ContinuousWithinContinuous5.xml
----------------- Instantiating /home/travis/build/icyphy/ptII/ptolemy/domains/continuous/test/auto/ContinuousWithinContinuous5.xml
9 ms. Memory: 279552K Free: 254304K (91%)
----------------- Invoking toplevel() on ptolemy.moml.MoMLSimpleApplication@6804e01d
----------------- Done invoking toplevel() on ptolemy.moml.MoMLSimpleApplication@6804e01d
reloadAllAccessors: .ContinuousWithinContinuous5

===========================================================================================
----------------- testing Wed Jan 01 06:32:24 UTC 2020 /home/travis/build/icyphy/ptII/ptolemy/domains/continuous/test/auto/ContinuousWithinContinuous6.xml
----------------- Instantiating /home/travis/build/icyphy/ptII/ptolemy/domains/continuous/test/auto/ContinuousWithinContinuous6.xml
9 ms. Memory: 279552K Free: 247136K (88%)
----------------- Invoking toplevel() on ptolemy.moml.MoMLSimpleApplication@25b99adf
----------------- Done invoking toplevel() on ptolemy.moml.MoMLSimpleApplication@25b99adf
reloadAllAccessors: .ContinuousWithinContinuous6

===========================================================================================
----------------- testing Wed Jan 01 06:32:24 UTC 2020 /home/travis/build/icyphy/ptII/ptolemy/domains/continuous/test/auto/ContinuousWithinContinuous7.xml
----------------- Instantiating /home/travis/build/icyphy/ptII/ptolemy/domains/continuous/test/auto/ContinuousWithinContinuous7.xml
47 ms. Memory: 279552K Free: 236382K (85%)
----------------- Invoking toplevel() on ptolemy.moml.MoMLSimpleApplication@376dc6b7
----------------- Done invoking toplevel() on ptolemy.moml.MoMLSimpleApplication@376dc6b7
reloadAllAccessors: .ContinuousWithinContinuous7

===========================================================================================
----------------- testing Wed Jan 01 06:32:24 UTC 2020 /home/travis/build/icyphy/ptII/ptolemy/domains/continuous/test/auto/DCMotor.xml
----------------- Instantiating /home/travis/build/icyphy/ptII/ptolemy/domains/continuous/test/auto/DCMotor.xml
12848 ms. Memory: 279552K Free: 262355K (94%)
----------------- Invoking toplevel() on ptolemy.moml.MoMLSimpleApplication@7a918e22
----------------- Done invoking toplevel() on ptolemy.moml.MoMLSimpleApplication@7a918e22
reloadAllAccessors: .DCMotor

===========================================================================================
----------------- testing Wed Jan 01 06:32:37 UTC 2020 /home/travis/build/icyphy/ptII/ptolemy/domains/continuous/test/auto/DEInContinuous.xml
----------------- Instantiating /home/travis/build/icyphy/ptII/ptolemy/domains/continuous/test/auto/DEInContinuous.xml
25 ms. Memory: 279552K Free: 256211K (92%)
----------------- Invoking toplevel() on ptolemy.moml.MoMLSimpleApplication@4c881b47
----------------- Done invoking toplevel() on ptolemy.moml.MoMLSimpleApplication@4c881b47
reloadAllAccessors: .DEInContinuous

===========================================================================================
----------------- testing Wed Jan 01 06:32:37 UTC 2020 /home/travis/build/icyphy/ptII/ptolemy/domains/continuous/test/auto/DEinContinuous2.xml
----------------- Instantiating /home/travis/build/icyphy/ptII/ptolemy/domains/continuous/test/auto/DEinContinuous2.xml
7 ms. Memory: 279552K Free: 248005K (89%)
----------------- Invoking toplevel() on ptolemy.moml.MoMLSimpleApplication@23302119
----------------- Done invoking toplevel() on ptolemy.moml.MoMLSimpleApplication@23302119
reloadAllAccessors: .DEinContinuous2

===========================================================================================
----------------- testing Wed Jan 01 06:32:37 UTC 2020 /home/travis/build/icyphy/ptII/ptolemy/domains/continuous/test/auto/Derivative.xml
----------------- Instantiating /home/travis/build/icyphy/ptII/ptolemy/domains/continuous/test/auto/Derivative.xml
129 ms. Memory: 279552K Free: 218323K (78%)
----------------- Invoking toplevel() on ptolemy.moml.MoMLSimpleApplication@2cd564b9
----------------- Done invoking toplevel() on ptolemy.moml.MoMLSimpleApplication@2cd564b9
reloadAllAccessors: .Derivative2

===========================================================================================
----------------- testing Wed Jan 01 06:32:37 UTC 2020 /home/travis/build/icyphy/ptII/ptolemy/domains/continuous/test/auto/Derivative1.xml
----------------- Instantiating /home/travis/build/icyphy/ptII/ptolemy/domains/continuous/test/auto/Derivative1.xml
26 ms. Memory: 279552K Free: 203987K (73%)
----------------- Invoking toplevel() on ptolemy.moml.MoMLSimpleApplication@21dded82
----------------- Done invoking toplevel() on ptolemy.moml.MoMLSimpleApplication@21dded82
reloadAllAccessors: .Derivative1

===========================================================================================
----------------- testing Wed Jan 01 06:32:37 UTC 2020 /home/travis/build/icyphy/ptII/ptolemy/domains/continuous/test/auto/DiscreteClock.xml
----------------- Instantiating /home/travis/build/icyphy/ptII/ptolemy/domains/continuous/test/auto/DiscreteClock.xml
4 ms. Memory: 279552K Free: 198867K (71%)
----------------- Invoking toplevel() on ptolemy.moml.MoMLSimpleApplication@3ab0d39c
----------------- Done invoking toplevel() on ptolemy.moml.MoMLSimpleApplication@3ab0d39c
reloadAllAccessors: .DiscreteClock

===========================================================================================
----------------- testing Wed Jan 01 06:32:37 UTC 2020 /home/travis/build/icyphy/ptII/ptolemy/domains/continuous/test/auto/EfficiencyCurve.xml
----------------- Instantiating /home/travis/build/icyphy/ptII/ptolemy/domains/continuous/test/auto/EfficiencyCurve.xml
53 ms. Memory: 279552K Free: 189651K (68%)
----------------- Invoking toplevel() on ptolemy.moml.MoMLSimpleApplication@4e72d32f
----------------- Done invoking toplevel() on ptolemy.moml.MoMLSimpleApplication@4e72d32f
reloadAllAccessors: .EfficiencyCurve

===========================================================================================
----------------- testing Wed Jan 01 06:32:38 UTC 2020 /home/travis/build/icyphy/ptII/ptolemy/domains/continuous/test/auto/ExponentialResponse.xml
----------------- Instantiating /home/travis/build/icyphy/ptII/ptolemy/domains/continuous/test/auto/ExponentialResponse.xml
106 ms. Memory: 279552K Free: 172757K (62%)
----------------- Invoking toplevel() on ptolemy.moml.MoMLSimpleApplication@1369f39f
----------------- Done invoking toplevel() on ptolemy.moml.MoMLSimpleApplication@1369f39f
reloadAllAccessors: .ExponentialResponse

===========================================================================================
----------------- testing Wed Jan 01 06:32:38 UTC 2020 /home/travis/build/icyphy/ptII/ptolemy/domains/continuous/test/auto/ExponentialResponseRK45.xml
----------------- Instantiating /home/travis/build/icyphy/ptII/ptolemy/domains/continuous/test/auto/ExponentialResponseRK45.xml
24 ms. Memory: 279552K Free: 166099K (59%)
----------------- Invoking toplevel() on ptolemy.moml.MoMLSimpleApplication@63df841c
----------------- Done invoking toplevel() on ptolemy.moml.MoMLSimpleApplication@63df841c
reloadAllAccessors: .ExponentialResponseRK45

===========================================================================================
----------------- testing Wed Jan 01 06:32:38 UTC 2020 /home/travis/build/icyphy/ptII/ptolemy/domains/continuous/test/auto/Friction.xml
----------------- Instantiating /home/travis/build/icyphy/ptII/ptolemy/domains/continuous/test/auto/Friction.xml
1381 ms. Memory: 279552K Free: 233997K (84%)
----------------- Invoking toplevel() on ptolemy.moml.MoMLSimpleApplication@45872707
----------------- Done invoking toplevel() on ptolemy.moml.MoMLSimpleApplication@45872707
reloadAllAccessors: .Friction

===========================================================================================
----------------- testing Wed Jan 01 06:32:39 UTC 2020 /home/travis/build/icyphy/ptII/ptolemy/domains/continuous/test/auto/FurutaPendulum.xml
----------------- Instantiating /home/travis/build/icyphy/ptII/ptolemy/domains/continuous/test/auto/FurutaPendulum.xml
2905 ms. Memory: 279552K Free: 199255K (71%)
----------------- Invoking toplevel() on ptolemy.moml.MoMLSimpleApplication@1cd98125
----------------- Done invoking toplevel() on ptolemy.moml.MoMLSimpleApplication@1cd98125
reloadAllAccessors: .FurutaPendulum

===========================================================================================
----------------- testing Wed Jan 01 06:32:42 UTC 2020 /home/travis/build/icyphy/ptII/ptolemy/domains/continuous/test/auto/HierarchicalExecution.xml
----------------- Instantiating /home/travis/build/icyphy/ptII/ptolemy/domains/continuous/test/auto/HierarchicalExecution.xml
1497 ms. Memory: 279552K Free: 242561K (87%)
----------------- Invoking toplevel() on ptolemy.moml.MoMLSimpleApplication@21e02d1b
----------------- Done invoking toplevel() on ptolemy.moml.MoMLSimpleApplication@21e02d1b
reloadAllAccessors: .HierarchicalExecution

===========================================================================================
----------------- testing Wed Jan 01 06:32:44 UTC 2020 /home/travis/build/icyphy/ptII/ptolemy/domains/continuous/test/auto/HybridPlant.xml
----------------- Instantiating /home/travis/build/icyphy/ptII/ptolemy/domains/continuous/test/auto/HybridPlant.xml
512 ms. Memory: 279552K Free: 143572K (51%)
----------------- Invoking toplevel() on ptolemy.moml.MoMLSimpleApplication@3be108d3
----------------- Done invoking toplevel() on ptolemy.moml.MoMLSimpleApplication@3be108d3
reloadAllAccessors: .HybridPlant

===========================================================================================
----------------- testing Wed Jan 01 06:32:45 UTC 2020 /home/travis/build/icyphy/ptII/ptolemy/domains/continuous/test/auto/Hysteresis.xml
----------------- Instantiating /home/travis/build/icyphy/ptII/ptolemy/domains/continuous/test/auto/Hysteresis.xml
157 ms. Memory: 279552K Free: 246519K (88%)
----------------- Invoking toplevel() on ptolemy.moml.MoMLSimpleApplication@64ae538a
----------------- Done invoking toplevel() on ptolemy.moml.MoMLSimpleApplication@64ae538a
reloadAllAccessors: .Hysteresis

===========================================================================================
----------------- testing Wed Jan 01 06:32:45 UTC 2020 /home/travis/build/icyphy/ptII/ptolemy/domains/continuous/test/auto/HysteresisWithRandomDelay.xml
----------------- Instantiating /home/travis/build/icyphy/ptII/ptolemy/domains/continuous/test/auto/HysteresisWithRandomDelay.xml
181 ms. Memory: 279552K Free: 174325K (62%)
----------------- Invoking toplevel() on ptolemy.moml.MoMLSimpleApplication@19ca5d63
----------------- Done invoking toplevel() on ptolemy.moml.MoMLSimpleApplication@19ca5d63
reloadAllAccessors: .HysteresisWithRandomDelay

===========================================================================================
----------------- testing Wed Jan 01 06:32:45 UTC 2020 /home/travis/build/icyphy/ptII/ptolemy/domains/continuous/test/auto/HysteresisWithRandomLosses.xml
----------------- Instantiating /home/travis/build/icyphy/ptII/ptolemy/domains/continuous/test/auto/HysteresisWithRandomLosses.xml
2344 ms. Memory: 279552K Free: 259465K (93%)
----------------- Invoking toplevel() on ptolemy.moml.MoMLSimpleApplication@2a1f8cfc
----------------- Done invoking toplevel() on ptolemy.moml.MoMLSimpleApplication@2a1f8cfc
reloadAllAccessors: .HysteresisWithRandomLosses

===========================================================================================
----------------- testing Wed Jan 01 06:32:47 UTC 2020 /home/travis/build/icyphy/ptII/ptolemy/domains/continuous/test/auto/ImmediateTransitions.xml
----------------- Instantiating /home/travis/build/icyphy/ptII/ptolemy/domains/continuous/test/auto/ImmediateTransitions.xml
10 ms. Memory: 279552K Free: 248201K (89%)
----------------- Invoking toplevel() on ptolemy.moml.MoMLSimpleApplication@676c151
----------------- Done invoking toplevel() on ptolemy.moml.MoMLSimpleApplication@676c151
reloadAllAccessors: .ImmediateTransitions

===========================================================================================
----------------- testing Wed Jan 01 06:32:47 UTC 2020 /home/travis/build/icyphy/ptII/ptolemy/domains/continuous/test/auto/ImpulseFeedback.xml
----------------- Instantiating /home/travis/build/icyphy/ptII/ptolemy/domains/continuous/test/auto/ImpulseFeedback.xml
6 ms. Memory: 279552K Free: 242567K (87%)
----------------- Invoking toplevel() on ptolemy.moml.MoMLSimpleApplication@2e418611
----------------- Done invoking toplevel() on ptolemy.moml.MoMLSimpleApplication@2e418611
reloadAllAccessors: .ImpulseFeedback

===========================================================================================
----------------- testing Wed Jan 01 06:32:48 UTC 2020 /home/travis/build/icyphy/ptII/ptolemy/domains/continuous/test/auto/ImpulseFeedback2.xml
----------------- Instantiating /home/travis/build/icyphy/ptII/ptolemy/domains/continuous/test/auto/ImpulseFeedback2.xml
5 ms. Memory: 279552K Free: 236937K (85%)
----------------- Invoking toplevel() on ptolemy.moml.MoMLSimpleApplication@66747886
----------------- Done invoking toplevel() on ptolemy.moml.MoMLSimpleApplication@66747886
reloadAllAccessors: .ImpulseFeedback2

===========================================================================================
----------------- testing Wed Jan 01 06:32:48 UTC 2020 /home/travis/build/icyphy/ptII/ptolemy/domains/continuous/test/auto/IncreasingRatePoisson.xml
----------------- Instantiating /home/travis/build/icyphy/ptII/ptolemy/domains/continuous/test/auto/IncreasingRatePoisson.xml
688 ms. Memory: 279552K Free: 263187K (94%)
----------------- Invoking toplevel() on ptolemy.moml.MoMLSimpleApplication@511cc9de
----------------- Done invoking toplevel() on ptolemy.moml.MoMLSimpleApplication@511cc9de
reloadAllAccessors: .IncreasingRatePoisson

===========================================================================================
----------------- testing Wed Jan 01 06:32:48 UTC 2020 /home/travis/build/icyphy/ptII/ptolemy/domains/continuous/test/auto/InitialStateFeedback.xml
----------------- Instantiating /home/travis/build/icyphy/ptII/ptolemy/domains/continuous/test/auto/InitialStateFeedback.xml
5 ms. Memory: 279552K Free: 258577K (92%)
----------------- Invoking toplevel() on ptolemy.moml.MoMLSimpleApplication@746cc9e
----------------- Done invoking toplevel() on ptolemy.moml.MoMLSimpleApplication@746cc9e
reloadAllAccessors: .InitialStateFeedback

===========================================================================================
----------------- testing Wed Jan 01 06:32:48 UTC 2020 /home/travis/build/icyphy/ptII/ptolemy/domains/continuous/test/auto/Integration.xml
----------------- Instantiating /home/travis/build/icyphy/ptII/ptolemy/domains/continuous/test/auto/Integration.xml
2 ms. Memory: 279552K Free: 254481K (91%)
----------------- Invoking toplevel() on ptolemy.moml.MoMLSimpleApplication@7274b286
----------------- Done invoking toplevel() on ptolemy.moml.MoMLSimpleApplication@7274b286
reloadAllAccessors: .Integration

===========================================================================================
----------------- testing Wed Jan 01 06:32:48 UTC 2020 /home/travis/build/icyphy/ptII/ptolemy/domains/continuous/test/auto/Integration2.xml
----------------- Instantiating /home/travis/build/icyphy/ptII/ptolemy/domains/continuous/test/auto/Integration2.xml
70 ms. Memory: 279552K Free: 239635K (86%)
----------------- Invoking toplevel() on ptolemy.moml.MoMLSimpleApplication@715c1d51
----------------- Done invoking toplevel() on ptolemy.moml.MoMLSimpleApplication@715c1d51
reloadAllAccessors: .Integration2

===========================================================================================
----------------- testing Wed Jan 01 06:32:48 UTC 2020 /home/travis/build/icyphy/ptII/ptolemy/domains/continuous/test/auto/Integration3.xml
----------------- Instantiating /home/travis/build/icyphy/ptII/ptolemy/domains/continuous/test/auto/Integration3.xml
2 ms. Memory: 279552K Free: 235025K (84%)
----------------- Invoking toplevel() on ptolemy.moml.MoMLSimpleApplication@26b16da4
----------------- Done invoking toplevel() on ptolemy.moml.MoMLSimpleApplication@26b16da4
reloadAllAccessors: .Integration3

===========================================================================================
----------------- testing Wed Jan 01 06:32:48 UTC 2020 /home/travis/build/icyphy/ptII/ptolemy/domains/continuous/test/auto/Integration5.xml
----------------- Instantiating /home/travis/build/icyphy/ptII/ptolemy/domains/continuous/test/auto/Integration5.xml
2 ms. Memory: 279552K Free: 230929K (83%)
----------------- Invoking toplevel() on ptolemy.moml.MoMLSimpleApplication@12cc1b32
----------------- Done invoking toplevel() on ptolemy.moml.MoMLSimpleApplication@12cc1b32
reloadAllAccessors: .Integration5

===========================================================================================
----------------- testing Wed Jan 01 06:32:48 UTC 2020 /home/travis/build/icyphy/ptII/ptolemy/domains/continuous/test/auto/IntegratorImpulse.xml
----------------- Instantiating /home/travis/build/icyphy/ptII/ptolemy/domains/continuous/test/auto/IntegratorImpulse.xml
2 ms. Memory: 279552K Free: 226819K (81%)
----------------- Invoking toplevel() on ptolemy.moml.MoMLSimpleApplication@34d01b7
----------------- Done invoking toplevel() on ptolemy.moml.MoMLSimpleApplication@34d01b7
reloadAllAccessors: .IntegratorImpulse

===========================================================================================
----------------- testing Wed Jan 01 06:32:48 UTC 2020 /home/travis/build/icyphy/ptII/ptolemy/domains/continuous/test/auto/IntegratorImpulse2.xml
----------------- Instantiating /home/travis/build/icyphy/ptII/ptolemy/domains/continuous/test/auto/IntegratorImpulse2.xml
3 ms. Memory: 279552K Free: 222227K (79%)
----------------- Invoking toplevel() on ptolemy.moml.MoMLSimpleApplication@1dc1e6b3
----------------- Done invoking toplevel() on ptolemy.moml.MoMLSimpleApplication@1dc1e6b3
reloadAllAccessors: .IntegratorImpulse2

===========================================================================================
----------------- testing Wed Jan 01 06:32:48 UTC 2020 /home/travis/build/icyphy/ptII/ptolemy/domains/continuous/test/auto/LevelCrossing1.xml
----------------- Instantiating /home/travis/build/icyphy/ptII/ptolemy/domains/continuous/test/auto/LevelCrossing1.xml
2 ms. Memory: 279552K Free: 217107K (78%)
----------------- Invoking toplevel() on ptolemy.moml.MoMLSimpleApplication@5c786404
----------------- Done invoking toplevel() on ptolemy.moml.MoMLSimpleApplication@5c786404
reloadAllAccessors: .LevelCrossing1

===========================================================================================
----------------- testing Wed Jan 01 06:32:48 UTC 2020 /home/travis/build/icyphy/ptII/ptolemy/domains/continuous/test/auto/LevelCrossing2.xml
----------------- Instantiating /home/travis/build/icyphy/ptII/ptolemy/domains/continuous/test/auto/LevelCrossing2.xml
3 ms. Memory: 279552K Free: 211987K (76%)
----------------- Invoking toplevel() on ptolemy.moml.MoMLSimpleApplication@6069cf0e
----------------- Done invoking toplevel() on ptolemy.moml.MoMLSimpleApplication@6069cf0e
reloadAllAccessors: .LevelCrossing2

===========================================================================================
----------------- testing Wed Jan 01 06:32:48 UTC 2020 /home/travis/build/icyphy/ptII/ptolemy/domains/continuous/test/auto/LevelCrossing3.xml
----------------- Instantiating /home/travis/build/icyphy/ptII/ptolemy/domains/continuous/test/auto/LevelCrossing3.xml
2 ms. Memory: 279552K Free: 206867K (74%)
----------------- Invoking toplevel() on ptolemy.moml.MoMLSimpleApplication@1e3ffa97
----------------- Done invoking toplevel() on ptolemy.moml.MoMLSimpleApplication@1e3ffa97
reloadAllAccessors: .LevelCrossing3

===========================================================================================
----------------- testing Wed Jan 01 06:32:48 UTC 2020 /home/travis/build/icyphy/ptII/ptolemy/domains/continuous/test/auto/LevelCrossing4.xml
----------------- Instantiating /home/travis/build/icyphy/ptII/ptolemy/domains/continuous/test/auto/LevelCrossing4.xml
3 ms. Memory: 279552K Free: 201747K (72%)
----------------- Invoking toplevel() on ptolemy.moml.MoMLSimpleApplication@388cf21b
----------------- Done invoking toplevel() on ptolemy.moml.MoMLSimpleApplication@388cf21b
reloadAllAccessors: .LevelCrossing4

===========================================================================================
----------------- testing Wed Jan 01 06:32:48 UTC 2020 /home/travis/build/icyphy/ptII/ptolemy/domains/continuous/test/auto/LevelCrossing5.xml
----------------- Instantiating /home/travis/build/icyphy/ptII/ptolemy/domains/continuous/test/auto/LevelCrossing5.xml
3 ms. Memory: 279552K Free: 196627K (70%)
----------------- Invoking toplevel() on ptolemy.moml.MoMLSimpleApplication@5eefd5d0
----------------- Done invoking toplevel() on ptolemy.moml.MoMLSimpleApplication@5eefd5d0
reloadAllAccessors: .LevelCrossing5

===========================================================================================
[...]
----------------- testing Wed Jan 01 06:33:04 UTC 2020 /home/travis/build/icyphy/ptII/ptolemy/domains/continuous/test/auto/SRinContinuous.xml
----------------- Instantiating /home/travis/build/icyphy/ptII/ptolemy/domains/continuous/test/auto/SRinContinuous.xml
4 ms. Memory: 279552K Free: 171323K (61%)
----------------- Invoking toplevel() on ptolemy.moml.MoMLSimpleApplication@1bafb5ea
----------------- Done invoking toplevel() on ptolemy.moml.MoMLSimpleApplication@1bafb5ea
reloadAllAccessors: .SRinContinuous

===========================================================================================
----------------- testing Wed Jan 01 06:33:04 UTC 2020 /home/travis/build/icyphy/ptII/ptolemy/domains/continuous/test/auto/SampledClocks.xml
----------------- Instantiating /home/travis/build/icyphy/ptII/ptolemy/domains/continuous/test/auto/SampledClocks.xml
6 ms. Memory: 279552K Free: 158521K (57%)
----------------- Invoking toplevel() on ptolemy.moml.MoMLSimpleApplication@2f0f0c0
----------------- Done invoking toplevel() on ptolemy.moml.MoMLSimpleApplication@2f0f0c0
reloadAllAccessors: .SampledClocks

===========================================================================================
----------------- testing Wed Jan 01 06:33:04 UTC 2020 /home/travis/build/icyphy/ptII/ptolemy/domains/continuous/test/auto/Satellite.xml
----------------- Instantiating /home/travis/build/icyphy/ptII/ptolemy/domains/continuous/test/auto/Satellite.xml
589 ms. Memory: 279552K Free: 118676K (42%)
----------------- Invoking toplevel() on ptolemy.moml.MoMLSimpleApplication@3a132b02
----------------- Done invoking toplevel() on ptolemy.moml.MoMLSimpleApplication@3a132b02
reloadAllAccessors: .Satellite

===========================================================================================
----------------- testing Wed Jan 01 06:33:04 UTC 2020 /home/travis/build/icyphy/ptII/ptolemy/domains/continuous/test/auto/SigmaDelta.xml
----------------- Instantiating /home/travis/build/icyphy/ptII/ptolemy/domains/continuous/test/auto/SigmaDelta.xml
2174 ms. Memory: 279552K Free: 184867K (66%)
----------------- Invoking toplevel() on ptolemy.moml.MoMLSimpleApplication@5e82a5d6
----------------- Done invoking toplevel() on ptolemy.moml.MoMLSimpleApplication@5e82a5d6
reloadAllAccessors: .SigmaDelta

===========================================================================================
----------------- testing Wed Jan 01 06:33:07 UTC 2020 /home/travis/build/icyphy/ptII/ptolemy/domains/continuous/test/auto/SingleRefinement.xml
----------------- Instantiating /home/travis/build/icyphy/ptII/ptolemy/domains/continuous/test/auto/SingleRefinement.xml
284 ms. Memory: 279552K Free: 165390K (59%)
----------------- Invoking toplevel() on ptolemy.moml.MoMLSimpleApplication@6334d943
----------------- Done invoking toplevel() on ptolemy.moml.MoMLSimpleApplication@6334d943
reloadAllAccessors: .SingleRefinement

===========================================================================================
----------------- testing Wed Jan 01 06:33:07 UTC 2020 /home/travis/build/icyphy/ptII/ptolemy/domains/continuous/test/auto/SinuBouncingBall.xml
----------------- Instantiating /home/travis/build/icyphy/ptII/ptolemy/domains/continuous/test/auto/SinuBouncingBall.xml
771 ms. Memory: 279552K Free: 107835K (39%)
----------------- Invoking toplevel() on ptolemy.moml.MoMLSimpleApplication@79efadbe
----------------- Done invoking toplevel() on ptolemy.moml.MoMLSimpleApplication@79efadbe
reloadAllAccessors: .SinuBouncingBall

===========================================================================================
----------------- testing Wed Jan 01 06:33:08 UTC 2020 /home/travis/build/icyphy/ptII/ptolemy/domains/continuous/test/auto/Sinusoid.xml
----------------- Instantiating /home/travis/build/icyphy/ptII/ptolemy/domains/continuous/test/auto/Sinusoid.xml
4 ms. Memory: 279552K Free: 103219K (37%)
----------------- Invoking toplevel() on ptolemy.moml.MoMLSimpleApplication@77ddd7d2
----------------- Done invoking toplevel() on ptolemy.moml.MoMLSimpleApplication@77ddd7d2
reloadAllAccessors: .Sinusoid

===========================================================================================
----------------- testing Wed Jan 01 06:33:08 UTC 2020 /home/travis/build/icyphy/ptII/ptolemy/domains/continuous/test/auto/SinusoidInNoise.xml
----------------- Instantiating /home/travis/build/icyphy/ptII/ptolemy/domains/continuous/test/auto/SinusoidInNoise.xml
779 ms. Memory: 279552K Free: 133914K (48%)
----------------- Invoking toplevel() on ptolemy.moml.MoMLSimpleApplication@31d83e7d
----------------- Done invoking toplevel() on ptolemy.moml.MoMLSimpleApplication@31d83e7d
reloadAllAccessors: .SinusoidInNoise

===========================================================================================
----------------- testing Wed Jan 01 06:33:09 UTC 2020 /home/travis/build/icyphy/ptII/ptolemy/domains/continuous/test/auto/SinusoidRK45.xml
----------------- Instantiating /home/travis/build/icyphy/ptII/ptolemy/domains/continuous/test/auto/SinusoidRK45.xml
2 ms. Memory: 279552K Free: 129818K (46%)
----------------- Invoking toplevel() on ptolemy.moml.MoMLSimpleApplication@3e24cec7
----------------- Done invoking toplevel() on ptolemy.moml.MoMLSimpleApplication@3e24cec7
reloadAllAccessors: .SinusoidRK45

===========================================================================================
----------------- testing Wed Jan 01 06:33:09 UTC 2020 /home/travis/build/icyphy/ptII/ptolemy/domains/continuous/test/auto/SinusoidWithMultipleImpulses.xml
----------------- Instantiating /home/travis/build/icyphy/ptII/ptolemy/domains/continuous/test/auto/SinusoidWithMultipleImpulses.xml
3 ms. Memory: 279552K Free: 125208K (45%)
----------------- Invoking toplevel() on ptolemy.moml.MoMLSimpleApplication@68f38058
----------------- Done invoking toplevel() on ptolemy.moml.MoMLSimpleApplication@68f38058
reloadAllAccessors: .SinusoidWithMultipleImpulses

===========================================================================================
----------------- testing Wed Jan 01 06:33:09 UTC 2020 /home/travis/build/icyphy/ptII/ptolemy/domains/continuous/test/auto/SquareWave.xml
----------------- Instantiating /home/travis/build/icyphy/ptII/ptolemy/domains/continuous/test/auto/SquareWave.xml
143 ms. Memory: 279552K Free: 98584K (35%)
----------------- Invoking toplevel() on ptolemy.moml.MoMLSimpleApplication@68ddeaff
----------------- Done invoking toplevel() on ptolemy.moml.MoMLSimpleApplication@68ddeaff
reloadAllAccessors: .SquareWave

===========================================================================================
----------------- testing Wed Jan 01 06:33:09 UTC 2020 /home/travis/build/icyphy/ptII/ptolemy/domains/continuous/test/auto/Starmac.xml
----------------- Instantiating /home/travis/build/icyphy/ptII/ptolemy/domains/continuous/test/auto/Starmac.xml
3049 ms. Memory: 279552K Free: 108761K (39%)
----------------- Invoking toplevel() on ptolemy.moml.MoMLSimpleApplication@38ae2fe
----------------- Done invoking toplevel() on ptolemy.moml.MoMLSimpleApplication@38ae2fe
reloadAllAccessors: .Starmac

===========================================================================================
----------------- testing Wed Jan 01 06:33:12 UTC 2020 /home/travis/build/icyphy/ptII/ptolemy/domains/continuous/test/auto/StaticUnits.xml
----------------- Instantiating /home/travis/build/icyphy/ptII/ptolemy/domains/continuous/test/auto/StaticUnits.xml
1691 ms. Memory: 279552K Free: 126234K (45%)
----------------- Invoking toplevel() on ptolemy.moml.MoMLSimpleApplication@60282441
----------------- Done invoking toplevel() on ptolemy.moml.MoMLSimpleApplication@60282441
reloadAllAccessors: .StaticUnits

===========================================================================================
----------------- testing Wed Jan 01 06:33:14 UTC 2020 /home/travis/build/icyphy/ptII/ptolemy/domains/continuous/test/auto/StickyMasses.xml
----------------- Instantiating /home/travis/build/icyphy/ptII/ptolemy/domains/continuous/test/auto/StickyMasses.xml
135 ms. Memory: 279552K Free: 237482K (85%)
----------------- Invoking toplevel() on ptolemy.moml.MoMLSimpleApplication@127c3c7a
----------------- Done invoking toplevel() on ptolemy.moml.MoMLSimpleApplication@127c3c7a
reloadAllAccessors: .StickyMasses

===========================================================================================
----------------- testing Wed Jan 01 06:33:15 UTC 2020 /home/travis/build/icyphy/ptII/ptolemy/domains/continuous/test/auto/StopTime.xml
----------------- Instantiating /home/travis/build/icyphy/ptII/ptolemy/domains/continuous/test/auto/StopTime.xml
41 ms. Memory: 279552K Free: 211882K (76%)
----------------- Invoking toplevel() on ptolemy.moml.MoMLSimpleApplication@570081b7
----------------- Done invoking toplevel() on ptolemy.moml.MoMLSimpleApplication@570081b7
reloadAllAccessors: .StopTime

===========================================================================================
----------------- testing Wed Jan 01 06:33:15 UTC 2020 /home/travis/build/icyphy/ptII/ptolemy/domains/continuous/test/auto/StopTime2.xml
----------------- Instantiating /home/travis/build/icyphy/ptII/ptolemy/domains/continuous/test/auto/StopTime2.xml
32 ms. Memory: 279552K Free: 189850K (68%)
----------------- Invoking toplevel() on ptolemy.moml.MoMLSimpleApplication@2b430b51
----------------- Done invoking toplevel() on ptolemy.moml.MoMLSimpleApplication@2b430b51
reloadAllAccessors: .StopTime2

===========================================================================================
----------------- testing Wed Jan 01 06:33:15 UTC 2020 /home/travis/build/icyphy/ptII/ptolemy/domains/continuous/test/auto/Switch.xml
----------------- Instantiating /home/travis/build/icyphy/ptII/ptolemy/domains/continuous/test/auto/Switch.xml
38 ms. Memory: 279552K Free: 165274K (59%)
----------------- Invoking toplevel() on ptolemy.moml.MoMLSimpleApplication@31db9066
----------------- Done invoking toplevel() on ptolemy.moml.MoMLSimpleApplication@31db9066
reloadAllAccessors: .Switch

===========================================================================================
----------------- testing Wed Jan 01 06:33:15 UTC 2020 /home/travis/build/icyphy/ptII/ptolemy/domains/continuous/test/auto/Thermostat.xml
----------------- Instantiating /home/travis/build/icyphy/ptII/ptolemy/domains/continuous/test/auto/Thermostat.xml
195 ms. Memory: 279552K Free: 254378K (91%)
----------------- Invoking toplevel() on ptolemy.moml.MoMLSimpleApplication@1f194c80
----------------- Done invoking toplevel() on ptolemy.moml.MoMLSimpleApplication@1f194c80
reloadAllAccessors: .Thermostat

===========================================================================================
----------------- testing Wed Jan 01 06:33:15 UTC 2020 /home/travis/build/icyphy/ptII/ptolemy/domains/continuous/test/auto/TimeDelay.xml
----------------- Instantiating /home/travis/build/icyphy/ptII/ptolemy/domains/continuous/test/auto/TimeDelay.xml
6 ms. Memory: 279552K Free: 249258K (89%)
----------------- Invoking toplevel() on ptolemy.moml.MoMLSimpleApplication@1a15b0e4
----------------- Done invoking toplevel() on ptolemy.moml.MoMLSimpleApplication@1a15b0e4
reloadAllAccessors: .TimeDelay

===========================================================================================
----------------- testing Wed Jan 01 06:33:15 UTC 2020 /home/travis/build/icyphy/ptII/ptolemy/domains/continuous/test/auto/TimeDelay2.xml
----------------- Instantiating /home/travis/build/icyphy/ptII/ptolemy/domains/continuous/test/auto/TimeDelay2.xml
10 ms. Memory: 279552K Free: 239528K (86%)
----------------- Invoking toplevel() on ptolemy.moml.MoMLSimpleApplication@925ff98
----------------- Done invoking toplevel() on ptolemy.moml.MoMLSimpleApplication@925ff98
reloadAllAccessors: .TimeDelay2

===========================================================================================
----------------- testing Wed Jan 01 06:33:15 UTC 2020 /home/travis/build/icyphy/ptII/ptolemy/domains/continuous/test/auto/TimeDelay3.xml
----------------- Instantiating /home/travis/build/icyphy/ptII/ptolemy/domains/continuous/test/auto/TimeDelay3.xml
5 ms. Memory: 279552K Free: 235429K (84%)
----------------- Invoking toplevel() on ptolemy.moml.MoMLSimpleApplication@9165175
----------------- Done invoking toplevel() on ptolemy.moml.MoMLSimpleApplication@9165175
reloadAllAccessors: .TimeDelay3

===========================================================================================
----------------- testing Wed Jan 01 06:33:15 UTC 2020 /home/travis/build/icyphy/ptII/ptolemy/domains/continuous/test/auto/TransferAbsentToInside.xml
----------------- Instantiating /home/travis/build/icyphy/ptII/ptolemy/domains/continuous/test/auto/TransferAbsentToInside.xml
27 ms. Memory: 279552K Free: 182698K (65%)
----------------- Invoking toplevel() on ptolemy.moml.MoMLSimpleApplication@5bb60fe9
----------------- Done invoking toplevel() on ptolemy.moml.MoMLSimpleApplication@5bb60fe9
reloadAllAccessors: .TransferAbsentToInside

===========================================================================================
----------------- testing Wed Jan 01 06:33:15 UTC 2020 /home/travis/build/icyphy/ptII/ptolemy/domains/continuous/test/auto/Transmission.xml
----------------- Instantiating /home/travis/build/icyphy/ptII/ptolemy/domains/continuous/test/auto/Transmission.xml
689 ms. Memory: 279552K Free: 111515K (40%)
----------------- Invoking toplevel() on ptolemy.moml.MoMLSimpleApplication@77fede0
----------------- Done invoking toplevel() on ptolemy.moml.MoMLSimpleApplication@77fede0
reloadAllAccessors: .Transmission

===========================================================================================
----------------- testing Wed Jan 01 06:33:16 UTC 2020 /home/travis/build/icyphy/ptII/ptolemy/domains/continuous/test/auto/TriggeredContinuousClock.xml
----------------- Instantiating /home/travis/build/icyphy/ptII/ptolemy/domains/continuous/test/auto/TriggeredContinuousClock.xml
34 ms. Memory: 279552K Free: 242943K (87%)
----------------- Invoking toplevel() on ptolemy.moml.MoMLSimpleApplication@15fefe50
----------------- Done invoking toplevel() on ptolemy.moml.MoMLSimpleApplication@15fefe50
reloadAllAccessors: .TriggeredContinuousClock

===========================================================================================
----------------- testing Wed Jan 01 06:33:16 UTC 2020 /home/travis/build/icyphy/ptII/ptolemy/domains/continuous/test/auto/TwoMachineInfiniteBusControl.xml
----------------- Instantiating /home/travis/build/icyphy/ptII/ptolemy/domains/continuous/test/auto/TwoMachineInfiniteBusControl.xml
2351 ms. Memory: 279552K Free: 116067K (42%)
----------------- Invoking toplevel() on ptolemy.moml.MoMLSimpleApplication@7f4b8be7
----------------- Done invoking toplevel() on ptolemy.moml.MoMLSimpleApplication@7f4b8be7
reloadAllAccessors: .TwoMachineInfiniteBusControl

===========================================================================================
----------------- testing Wed Jan 01 06:33:19 UTC 2020 /home/travis/build/icyphy/ptII/ptolemy/domains/continuous/test/auto/V2V.xml
----------------- Instantiating /home/travis/build/icyphy/ptII/ptolemy/domains/continuous/test/auto/V2V.xml
629 ms. Memory: 335872K Free: 144233K (43%)
----------------- Invoking toplevel() on ptolemy.moml.MoMLSimpleApplication@77b053af
----------------- Done invoking toplevel() on ptolemy.moml.MoMLSimpleApplication@77b053af
reloadAllAccessors: .V2V

===========================================================================================
----------------- testing Wed Jan 01 06:33:19 UTC 2020 /home/travis/build/icyphy/ptII/ptolemy/domains/continuous/test/auto/hierarchicalModalModel.xml
----------------- Instantiating /home/travis/build/icyphy/ptII/ptolemy/domains/continuous/test/auto/hierarchicalModalModel.xml
8 ms. Memory: 335872K Free: 129897K (39%)
----------------- Invoking toplevel() on ptolemy.moml.MoMLSimpleApplication@5a50d386
----------------- Done invoking toplevel() on ptolemy.moml.MoMLSimpleApplication@5a50d386
reloadAllAccessors: .hierarchicalModalModel

===========================================================================================
----------------- testing Wed Jan 01 06:33:19 UTC 2020 /home/travis/build/icyphy/ptII/ptolemy/domains/continuous/test/auto/hierarchicalModalModel1.xml
----------------- Instantiating /home/travis/build/icyphy/ptII/ptolemy/domains/continuous/test/auto/hierarchicalModalModel1.xml
8 ms. Memory: 335872K Free: 310628K (92%)
----------------- Invoking toplevel() on ptolemy.moml.MoMLSimpleApplication@38ad02c0
----------------- Done invoking toplevel() on ptolemy.moml.MoMLSimpleApplication@38ad02c0
reloadAllAccessors: .hierarchicalModalModel1

===========================================================================================
----------------- testing Wed Jan 01 06:33:19 UTC 2020 /home/travis/build/icyphy/ptII/ptolemy/domains/continuous/test/auto/hierarchicalModalModel2.xml
----------------- Instantiating /home/travis/build/icyphy/ptII/ptolemy/domains/continuous/test/auto/hierarchicalModalModel2.xml
6 ms. Memory: 335872K Free: 298340K (89%)
----------------- Invoking toplevel() on ptolemy.moml.MoMLSimpleApplication@4a80fbf7
----------------- Done invoking toplevel() on ptolemy.moml.MoMLSimpleApplication@4a80fbf7
reloadAllAccessors: .hierarchicalModalModel2

===========================================================================================
----------------- testing Wed Jan 01 06:33:19 UTC 2020 /home/travis/build/icyphy/ptII/ptolemy/domains/continuous/test/auto/hierarchicalModalModel3.xml
----------------- Instantiating /home/travis/build/icyphy/ptII/ptolemy/domains/continuous/test/auto/hierarchicalModalModel3.xml
5 ms. Memory: 335872K Free: 287586K (86%)
----------------- Invoking toplevel() on ptolemy.moml.MoMLSimpleApplication@73eb05c8
----------------- Done invoking toplevel() on ptolemy.moml.MoMLSimpleApplication@73eb05c8
reloadAllAccessors: .hierarchicalModalModel3

===========================================================================================
----------------- testing Wed Jan 01 06:33:19 UTC 2020 /home/travis/build/icyphy/ptII/ptolemy/domains/continuous/test/auto/hierarchicalModalModel4.xml
----------------- Instantiating /home/travis/build/icyphy/ptII/ptolemy/domains/continuous/test/auto/hierarchicalModalModel4.xml
4 ms. Memory: 335872K Free: 275812K (82%)
----------------- Invoking toplevel() on ptolemy.moml.MoMLSimpleApplication@124a1595
----------------- Done invoking toplevel() on ptolemy.moml.MoMLSimpleApplication@124a1595
reloadAllAccessors: .hierarchicalModalModel4

===========================================================================================
----------------- testing Wed Jan 01 06:33:19 UTC 2020 /home/travis/build/icyphy/ptII/ptolemy/domains/continuous/test/auto/junk.xml
----------------- Instantiating /home/travis/build/icyphy/ptII/ptolemy/domains/continuous/test/auto/junk.xml
117 ms. Memory: 335872K Free: 247650K (74%)
----------------- Invoking toplevel() on ptolemy.moml.MoMLSimpleApplication@263574c1
----------------- Done invoking toplevel() on ptolemy.moml.MoMLSimpleApplication@263574c1
reloadAllAccessors: .junk
AutoTests.java: About to close Vertx.
AutoTests.java: Vertx closed.
]]></system-out>
  <system-err><![CDATA[Warning: '.HysteresisWithRandomDelay.NonStrictTest3' The test produced only 29 tokens, yet the correctValues parameter was expecting 30 tokens.
Warning: '.IncreasingRatePoisson.NonStrictTest' The test produced only 396 tokens, yet the correctValues parameter was expecting 402 tokens.
Warning: '.Poisson.NonStrictTest' The test produced only 429 tokens, yet the correctValues parameter was expecting 430 tokens.
]]></system-err>
</testsuite>
