<?xml version="1.0" encoding="UTF-8" ?>
<testsuite errors="0" failures="0" hostname="travis-job-86ae0574-c11a-4bad-acfc-e2a4635ca089" name="ptolemy.domains.de.test.junit.JUnitTclTest" skipped="0" tests="101" time="129.649" timestamp="2018-08-25T01:59:20">
  <properties>
[...]
</properties>
  <testcase classname="ptolemy.util.test.junit.TclTests" name="[0] /home/travis/build/icyphy/ptII/ptolemy/domains/de/test/DependencyLoop.tcl (RunTclFile)" time="0.715" />
  <testcase classname="ptolemy.util.test.junit.TclTests" name="[1] /home/travis/build/icyphy/ptII/ptolemy/domains/de/test/RunDETestsAsQSS.tcl (RunTclFile)" time="88.541" />
  <testcase classname="ptolemy.util.test.junit.AutoKnownFailedTests" name="[0] /home/travis/build/icyphy/ptII/ptolemy/domains/de/test/auto/knownFailedTests/DESDFClockTest.xml (RunModel)" time="2.03" />
  <testcase classname="ptolemy.util.test.junit.AutoKnownFailedTests" name="[1] /home/travis/build/icyphy/ptII/ptolemy/domains/de/test/auto/knownFailedTests/DirectFeedback.xml (RunModel)" time="0.018" />
  <testcase classname="ptolemy.util.test.junit.AutoKnownFailedTests" name="[2] /home/travis/build/icyphy/ptII/ptolemy/domains/de/test/auto/knownFailedTests/FSMSource.xml (RunModel)" time="0.021" />
  <testcase classname="ptolemy.util.test.junit.AutoKnownFailedTests" name="[3] /home/travis/build/icyphy/ptII/ptolemy/domains/de/test/auto/knownFailedTests/HierarchicalModel.xml (RunModel)" time="0.026" />
  <testcase classname="ptolemy.util.test.junit.AutoKnownFailedTests" name="[4] /home/travis/build/icyphy/ptII/ptolemy/domains/de/test/auto/knownFailedTests/dependencyLoop.xml (RunModel)" time="0.023" />
  <testcase classname="ptolemy.util.test.junit.AutoKnownFailedTests" name="[5] /home/travis/build/icyphy/ptII/ptolemy/domains/de/test/auto/knownFailedTests/dependencyLoop2.xml (RunModel)" time="0.027" />
  <testcase classname="ptolemy.util.test.junit.AutoNameArchTests" name="[0] ThereAreNoAutoArchTests (RunModel)" time="0.0" />
  <testcase classname="ptolemy.util.test.junit.AutoTests" name="[0] /home/travis/build/icyphy/ptII/ptolemy/domains/de/test/auto/ActorDepthCalculation_actorWithoutPorts.xml (RunModel)" time="0.009" />
  <testcase classname="ptolemy.util.test.junit.AutoTests" name="[1] /home/travis/build/icyphy/ptII/ptolemy/domains/de/test/auto/AssemblyLine.xml (RunModel)" time="0.015" />
  <testcase classname="ptolemy.util.test.junit.AutoTests" name="[2] /home/travis/build/icyphy/ptII/ptolemy/domains/de/test/auto/CQBug1.xml (RunModel)" time="0.005" />
  <testcase classname="ptolemy.util.test.junit.AutoTests" name="[3] /home/travis/build/icyphy/ptII/ptolemy/domains/de/test/auto/CancelFireAt.xml (RunModel)" time="0.008" />
  <testcase classname="ptolemy.util.test.junit.AutoTests" name="[4] /home/travis/build/icyphy/ptII/ptolemy/domains/de/test/auto/CausalityAndComposabilityAnalysis.xml (RunModel)" time="0.014" />
  <testcase classname="ptolemy.util.test.junit.AutoTests" name="[5] /home/travis/build/icyphy/ptII/ptolemy/domains/de/test/auto/CausalityInterface1.xml (RunModel)" time="0.014" />
  <testcase classname="ptolemy.util.test.junit.AutoTests" name="[6] /home/travis/build/icyphy/ptII/ptolemy/domains/de/test/auto/CausalityInterface15.xml (RunModel)" time="0.011" />
  <testcase classname="ptolemy.util.test.junit.AutoTests" name="[7] /home/travis/build/icyphy/ptII/ptolemy/domains/de/test/auto/CausalityInterface2.xml (RunModel)" time="0.008" />
  <testcase classname="ptolemy.util.test.junit.AutoTests" name="[8] /home/travis/build/icyphy/ptII/ptolemy/domains/de/test/auto/CausalityInterface3.xml (RunModel)" time="0.008" />
  <testcase classname="ptolemy.util.test.junit.AutoTests" name="[9] /home/travis/build/icyphy/ptII/ptolemy/domains/de/test/auto/ClockDrift.xml (RunModel)" time="0.028" />
  <testcase classname="ptolemy.util.test.junit.AutoTests" name="[10] /home/travis/build/icyphy/ptII/ptolemy/domains/de/test/auto/ClockDriftAndValueChange.xml (RunModel)" time="0.021" />
  <testcase classname="ptolemy.util.test.junit.AutoTests" name="[11] /home/travis/build/icyphy/ptII/ptolemy/domains/de/test/auto/ClockDriftChange.xml (RunModel)" time="0.026" />
  <testcase classname="ptolemy.util.test.junit.AutoTests" name="[12] /home/travis/build/icyphy/ptII/ptolemy/domains/de/test/auto/ComposableCausalityAnalysis.xml (RunModel)" time="0.019" />
  <testcase classname="ptolemy.util.test.junit.AutoTests" name="[13] /home/travis/build/icyphy/ptII/ptolemy/domains/de/test/auto/DEFixedPointLimitation.xml (RunModel)" time="0.012" />
  <testcase classname="ptolemy.util.test.junit.AutoTests" name="[14] /home/travis/build/icyphy/ptII/ptolemy/domains/de/test/auto/DEScheduleTest.xml (RunModel)" time="0.007" />
  <testcase classname="ptolemy.util.test.junit.AutoTests" name="[15] /home/travis/build/icyphy/ptII/ptolemy/domains/de/test/auto/DEinDEwithStartTimes.xml (RunModel)" time="0.009" />
  <testcase classname="ptolemy.util.test.junit.AutoTests" name="[16] /home/travis/build/icyphy/ptII/ptolemy/domains/de/test/auto/DEinDEwithStartTimes2.xml (RunModel)" time="0.009" />
  <testcase classname="ptolemy.util.test.junit.AutoTests" name="[17] /home/travis/build/icyphy/ptII/ptolemy/domains/de/test/auto/DateDemo.xml (RunModel)" time="0.018" />
  <testcase classname="ptolemy.util.test.junit.AutoTests" name="[18] /home/travis/build/icyphy/ptII/ptolemy/domains/de/test/auto/DateToEvent.xml (RunModel)" time="2.026" />
  <testcase classname="ptolemy.util.test.junit.AutoTests" name="[19] /home/travis/build/icyphy/ptII/ptolemy/domains/de/test/auto/DepthTest1.xml (RunModel)" time="0.007" />
  <testcase classname="ptolemy.util.test.junit.AutoTests" name="[20] /home/travis/build/icyphy/ptII/ptolemy/domains/de/test/auto/DepthTest2.xml (RunModel)" time="0.016" />
  <testcase classname="ptolemy.util.test.junit.AutoTests" name="[21] /home/travis/build/icyphy/ptII/ptolemy/domains/de/test/auto/DepthTest3.xml (RunModel)" time="0.006" />
  <testcase classname="ptolemy.util.test.junit.AutoTests" name="[22] /home/travis/build/icyphy/ptII/ptolemy/domains/de/test/auto/DepthTest4.xml (RunModel)" time="0.011" />
  <testcase classname="ptolemy.util.test.junit.AutoTests" name="[23] /home/travis/build/icyphy/ptII/ptolemy/domains/de/test/auto/DepthTest5.xml (RunModel)" time="0.013" />
  <testcase classname="ptolemy.util.test.junit.AutoTests" name="[24] /home/travis/build/icyphy/ptII/ptolemy/domains/de/test/auto/DepthTest6.xml (RunModel)" time="0.012" />
  <testcase classname="ptolemy.util.test.junit.AutoTests" name="[25] /home/travis/build/icyphy/ptII/ptolemy/domains/de/test/auto/DepthTest7.xml (RunModel)" time="0.011" />
  <testcase classname="ptolemy.util.test.junit.AutoTests" name="[26] /home/travis/build/icyphy/ptII/ptolemy/domains/de/test/auto/EventToDate.xml (RunModel)" time="3.031" />
  <testcase classname="ptolemy.util.test.junit.AutoTests" name="[27] /home/travis/build/icyphy/ptII/ptolemy/domains/de/test/auto/FSM1.xml (RunModel)" time="0.033" />
  <testcase classname="ptolemy.util.test.junit.AutoTests" name="[28] /home/travis/build/icyphy/ptII/ptolemy/domains/de/test/auto/FSM7.xml (RunModel)" time="0.037" />
  <testcase classname="ptolemy.util.test.junit.AutoTests" name="[29] /home/travis/build/icyphy/ptII/ptolemy/domains/de/test/auto/Inspection.xml (RunModel)" time="0.043" />
  <testcase classname="ptolemy.util.test.junit.AutoTests" name="[30] /home/travis/build/icyphy/ptII/ptolemy/domains/de/test/auto/Iteration.xml (RunModel)" time="0.025" />
  <testcase classname="ptolemy.util.test.junit.AutoTests" name="[31] /home/travis/build/icyphy/ptII/ptolemy/domains/de/test/auto/LineFault.xml (RunModel)" time="0.552" />
  <testcase classname="ptolemy.util.test.junit.AutoTests" name="[32] /home/travis/build/icyphy/ptII/ptolemy/domains/de/test/auto/MergeModel1Add.xml (RunModel)" time="0.039" />
  <testcase classname="ptolemy.util.test.junit.AutoTests" name="[33] /home/travis/build/icyphy/ptII/ptolemy/domains/de/test/auto/MergeModel2Add.xml (RunModel)" time="0.033" />
  <testcase classname="ptolemy.util.test.junit.AutoTests" name="[34] /home/travis/build/icyphy/ptII/ptolemy/domains/de/test/auto/MergeModel3Add.xml (RunModel)" time="0.035" />
  <testcase classname="ptolemy.util.test.junit.AutoTests" name="[35] /home/travis/build/icyphy/ptII/ptolemy/domains/de/test/auto/MergeWithoutDiscard.xml (RunModel)" time="0.009" />
  <testcase classname="ptolemy.util.test.junit.AutoTests" name="[36] /home/travis/build/icyphy/ptII/ptolemy/domains/de/test/auto/Modal1.xml (RunModel)" time="0.032" />
  <testcase classname="ptolemy.util.test.junit.AutoTests" name="[37] /home/travis/build/icyphy/ptII/ptolemy/domains/de/test/auto/Modal2.xml (RunModel)" time="0.033" />
  <testcase classname="ptolemy.util.test.junit.AutoTests" name="[38] /home/travis/build/icyphy/ptII/ptolemy/domains/de/test/auto/Modal3.xml (RunModel)" time="0.03" />
  <testcase classname="ptolemy.util.test.junit.AutoTests" name="[39] /home/travis/build/icyphy/ptII/ptolemy/domains/de/test/auto/Modal4.xml (RunModel)" time="0.033" />
  <testcase classname="ptolemy.util.test.junit.AutoTests" name="[40] /home/travis/build/icyphy/ptII/ptolemy/domains/de/test/auto/Modal5.xml (RunModel)" time="0.027" />
  <testcase classname="ptolemy.util.test.junit.AutoTests" name="[41] /home/travis/build/icyphy/ptII/ptolemy/domains/de/test/auto/Modal6.xml (RunModel)" time="0.027" />
  <testcase classname="ptolemy.util.test.junit.AutoTests" name="[42] /home/travis/build/icyphy/ptII/ptolemy/domains/de/test/auto/Modal7.xml (RunModel)" time="0.029" />
  <testcase classname="ptolemy.util.test.junit.AutoTests" name="[43] /home/travis/build/icyphy/ptII/ptolemy/domains/de/test/auto/ModalModel.xml (RunModel)" time="0.134" />
  <testcase classname="ptolemy.util.test.junit.AutoTests" name="[44] /home/travis/build/icyphy/ptII/ptolemy/domains/de/test/auto/ModalSource.xml (RunModel)" time="0.016" />
  <testcase classname="ptolemy.util.test.junit.AutoTests" name="[45] /home/travis/build/icyphy/ptII/ptolemy/domains/de/test/auto/NonInterruptibleTimerZeroDelay.xml (RunModel)" time="0.01" />
  <testcase classname="ptolemy.util.test.junit.AutoTests" name="[46] /home/travis/build/icyphy/ptII/ptolemy/domains/de/test/auto/OpenQueueingNetwork.xml (RunModel)" time="2.276" />
  <testcase classname="ptolemy.util.test.junit.AutoTests" name="[47] /home/travis/build/icyphy/ptII/ptolemy/domains/de/test/auto/OpenQueuingNetwork.xml (RunModel)" time="0.252" />
  <testcase classname="ptolemy.util.test.junit.AutoTests" name="[48] /home/travis/build/icyphy/ptII/ptolemy/domains/de/test/auto/PeriodicSampler.xml (RunModel)" time="0.007" />
  <testcase classname="ptolemy.util.test.junit.AutoTests" name="[49] /home/travis/build/icyphy/ptII/ptolemy/domains/de/test/auto/PersistentIO.xml (RunModel)" time="0.024" />
  <testcase classname="ptolemy.util.test.junit.AutoTests" name="[50] /home/travis/build/icyphy/ptII/ptolemy/domains/de/test/auto/PortParameterResetOnInitialize.xml (RunModel)" time="0.008" />
  <testcase classname="ptolemy.util.test.junit.AutoTests" name="[51] /home/travis/build/icyphy/ptII/ptolemy/domains/de/test/auto/PortParameterUpdates.xml (RunModel)" time="0.013" />
  <testcase classname="ptolemy.util.test.junit.AutoTests" name="[52] /home/travis/build/icyphy/ptII/ptolemy/domains/de/test/auto/QueueAndServer.xml (RunModel)" time="0.02" />
  <testcase classname="ptolemy.util.test.junit.AutoTests" name="[53] /home/travis/build/icyphy/ptII/ptolemy/domains/de/test/auto/Records.xml (RunModel)" time="0.018" />
  <testcase classname="ptolemy.util.test.junit.AutoTests" name="[54] /home/travis/build/icyphy/ptII/ptolemy/domains/de/test/auto/ResetTransitionWithStartTime1.xml (RunModel)" time="0.018" />
  <testcase classname="ptolemy.util.test.junit.AutoTests" name="[55] /home/travis/build/icyphy/ptII/ptolemy/domains/de/test/auto/ResetTransitionWithStartTime2.xml (RunModel)" time="0.016" />
  <testcase classname="ptolemy.util.test.junit.AutoTests" name="[56] /home/travis/build/icyphy/ptII/ptolemy/domains/de/test/auto/ResetTransitionWithStartTime3.xml (RunModel)" time="0.016" />
  <testcase classname="ptolemy.util.test.junit.AutoTests" name="[57] /home/travis/build/icyphy/ptII/ptolemy/domains/de/test/auto/ResetTransitionWithStartTime4.xml (RunModel)" time="0.019" />
  <testcase classname="ptolemy.util.test.junit.AutoTests" name="[58] /home/travis/build/icyphy/ptII/ptolemy/domains/de/test/auto/ResettableTimer1.xml (RunModel)" time="0.012" />
  <testcase classname="ptolemy.util.test.junit.AutoTests" name="[59] /home/travis/build/icyphy/ptII/ptolemy/domains/de/test/auto/ResettableTimer2.xml (RunModel)" time="0.01" />
  <testcase classname="ptolemy.util.test.junit.AutoTests" name="[60] /home/travis/build/icyphy/ptII/ptolemy/domains/de/test/auto/ResettableTimer3.xml (RunModel)" time="0.009" />
  <testcase classname="ptolemy.util.test.junit.AutoTests" name="[61] /home/travis/build/icyphy/ptII/ptolemy/domains/de/test/auto/ResettableTimer4.xml (RunModel)" time="0.011" />
  <testcase classname="ptolemy.util.test.junit.AutoTests" name="[62] /home/travis/build/icyphy/ptII/ptolemy/domains/de/test/auto/ResettableTimer5.xml (RunModel)" time="0.01" />
  <testcase classname="ptolemy.util.test.junit.AutoTests" name="[63] /home/travis/build/icyphy/ptII/ptolemy/domains/de/test/auto/ResettableTimer6.xml (RunModel)" time="0.019" />
  <testcase classname="ptolemy.util.test.junit.AutoTests" name="[64] /home/travis/build/icyphy/ptII/ptolemy/domains/de/test/auto/ServerZeroDelay.xml (RunModel)" time="0.011" />
  <testcase classname="ptolemy.util.test.junit.AutoTests" name="[65] /home/travis/build/icyphy/ptII/ptolemy/domains/de/test/auto/SmartSender.xml (RunModel)" time="3.009" />
  <testcase classname="ptolemy.util.test.junit.AutoTests" name="[66] /home/travis/build/icyphy/ptII/ptolemy/domains/de/test/auto/ThreadedComposite.xml (RunModel)" time="0.153" />
  <testcase classname="ptolemy.util.test.junit.AutoTests" name="[67] /home/travis/build/icyphy/ptII/ptolemy/domains/de/test/auto/Time.xml (RunModel)" time="0.489" />
  <testcase classname="ptolemy.util.test.junit.AutoTests" name="[68] /home/travis/build/icyphy/ptII/ptolemy/domains/de/test/auto/TimeDelayZeroDelay.xml (RunModel)" time="0.013" />
  <testcase classname="ptolemy.util.test.junit.AutoTests" name="[69] /home/travis/build/icyphy/ptII/ptolemy/domains/de/test/auto/TimerZeroDelay.xml (RunModel)" time="0.01" />
  <testcase classname="ptolemy.util.test.junit.AutoTests" name="[70] /home/travis/build/icyphy/ptII/ptolemy/domains/de/test/auto/TimingParadox.xml (RunModel)" time="0.348" />
  <testcase classname="ptolemy.util.test.junit.AutoTests" name="[71] /home/travis/build/icyphy/ptII/ptolemy/domains/de/test/auto/TransferInputs.xml (RunModel)" time="0.013" />
  <testcase classname="ptolemy.util.test.junit.AutoTests" name="[72] /home/travis/build/icyphy/ptII/ptolemy/domains/de/test/auto/TransferOutputs2.xml (RunModel)" time="0.016" />
  <testcase classname="ptolemy.util.test.junit.AutoTests" name="[73] /home/travis/build/icyphy/ptII/ptolemy/domains/de/test/auto/Trilateration.xml (RunModel)" time="12.228" />
  <testcase classname="ptolemy.util.test.junit.AutoTests" name="[74] /home/travis/build/icyphy/ptII/ptolemy/domains/de/test/auto/TwoSigmaDelta.xml (RunModel)" time="2.09" />
  <testcase classname="ptolemy.util.test.junit.AutoTests" name="[75] /home/travis/build/icyphy/ptII/ptolemy/domains/de/test/auto/VariableDelay.xml (RunModel)" time="0.013" />
  <testcase classname="ptolemy.util.test.junit.AutoTests" name="[76] /home/travis/build/icyphy/ptII/ptolemy/domains/de/test/auto/VariableDelay2.xml (RunModel)" time="0.013" />
  <testcase classname="ptolemy.util.test.junit.AutoTests" name="[77] /home/travis/build/icyphy/ptII/ptolemy/domains/de/test/auto/VariableDelayZeroDelay.xml (RunModel)" time="0.014" />
  <testcase classname="ptolemy.util.test.junit.AutoTests" name="[78] /home/travis/build/icyphy/ptII/ptolemy/domains/de/test/auto/VariableDelayZeroDelay2.xml (RunModel)" time="0.01" />
  <testcase classname="ptolemy.util.test.junit.AutoTests" name="[79] /home/travis/build/icyphy/ptII/ptolemy/domains/de/test/auto/deInCt.xml (RunModel)" time="0.018" />
  <testcase classname="ptolemy.util.test.junit.AutoTests" name="[80] /home/travis/build/icyphy/ptII/ptolemy/domains/de/test/auto/deInCt2.xml (RunModel)" time="0.017" />
  <testcase classname="ptolemy.util.test.junit.AutoTests" name="[81] /home/travis/build/icyphy/ptII/ptolemy/domains/de/test/auto/dynamicCausalityInterface1.xml (RunModel)" time="0.019" />
  <testcase classname="ptolemy.util.test.junit.AutoTests" name="[82] /home/travis/build/icyphy/ptII/ptolemy/domains/de/test/auto/fsm_de_test.xml (RunModel)" time="0.023" />
  <testcase classname="ptolemy.util.test.junit.AutoTests" name="[83] /home/travis/build/icyphy/ptII/ptolemy/domains/de/test/auto/functionDependencyReconstruction.xml (RunModel)" time="0.032" />
  <testcase classname="ptolemy.util.test.junit.AutoTests" name="[84] /home/travis/build/icyphy/ptII/ptolemy/domains/de/test/auto/multirate.xml (RunModel)" time="0.016" />
  <testcase classname="ptolemy.util.test.junit.AutoTests" name="[85] /home/travis/build/icyphy/ptII/ptolemy/domains/de/test/auto/multirate2.xml (RunModel)" time="0.032" />
  <testcase classname="ptolemy.util.test.junit.AutoTests" name="[86] /home/travis/build/icyphy/ptII/ptolemy/domains/de/test/auto/realtime.xml (RunModel)" time="10.038" />
  <testcase classname="ptolemy.util.test.junit.AutoTests" name="[87] /home/travis/build/icyphy/ptII/ptolemy/domains/de/test/auto/relationGroup.xml (RunModel)" time="0.009" />
  <testcase classname="ptolemy.util.test.junit.AutoTests" name="[88] /home/travis/build/icyphy/ptII/ptolemy/domains/de/test/auto/relationGroup2.xml (RunModel)" time="0.007" />
  <testcase classname="ptolemy.util.test.junit.AutoTests" name="[89] /home/travis/build/icyphy/ptII/ptolemy/domains/de/test/auto/sortWithOpaquePorts.xml (RunModel)" time="0.009" />
  <testcase classname="ptolemy.util.test.junit.AutoTests" name="[90] /home/travis/build/icyphy/ptII/ptolemy/domains/de/test/auto/transferInputsandOutputs.xml (RunModel)" time="0.015" />
  <testcase classname="ptolemy.util.test.junit.AutoTests" name="[91] /home/travis/build/icyphy/ptII/ptolemy/domains/de/test/auto/triggerType.xml (RunModel)" time="0.015" />
  <system-out><![CDATA[/home/travis/build/icyphy/ptII/ptolemy/domains/de/test/DependencyLoop.tcl
testDefs.tcl: setting time out to 9000 seconds at Sat Aug 25 01:59:20 UTC 2018
13 ms. Memory: 116224K Free: 93882K (81%)
9 ms. Memory: 146944K Free: 135457K (92%)
/home/travis/build/icyphy/ptII/ptolemy/domains/de/test/RunDETestsAsQSS.tcl
Run the DE tests using ptolemy.domains.qss.test.QSSDirectorTest, which extends QSSDirector and prints a message in the constructors.
------------------ testing $PTII/ptolemy/domains/de/test/auto/knownFailedTests/dependencyLoop.xml (Known Failure) 
11 ms. Memory: 146944K Free: 132345K (90%)


==== $PTIIhome/travis/build/icyphy/ptII/ptolemy/domains/de/test/../../../../: Auto Automatic test in file $PTII/ptolemy/domains/de/test/auto/knownFailedTests/dependencyLoop.xml
==== Contents of test case:

	    # FIXME: we should use $relativeFilename here, but it
	    # might have backslashes under Windows, which causes no end
	    # of trouble.
	    createAndExecute $file
	    list {}
	
.... Test generated KNOWN error:
    while executing
ptolemy.kernel.util.IllegalActionException: Found a zero delay loop containing .dependencyLoop.original
  in .dependencyLoop and .dependencyLoop.original
	at ptolemy.actor.util.CausalityInterfaceForComposites._computeOutputPortDepth(CausalityInterfaceForComposites.java:759)
	at ptolemy.actor.util.CausalityInterfaceForComposites._computeInputDepth(CausalityInterfaceForComposites.java:696)
	at ptolemy.actor.util.CausalityInterfaceForComposites._computeOutputPortDepth(CausalityInterfaceForComposites.java:765)
	at ptolemy.actor.util.CausalityInterfaceForComposites._computeInputDepth(CausalityInterfaceForComposites.java:696)
	at ptolemy.actor.util.CausalityInterfaceForComposites._computeOutputPortDepth(CausalityInterfaceForComposites.java:765)
	at ptolemy.actor.util.CausalityInterfaceForComposites._computeInputDepth(CausalityInterfaceForComposites.java:696)
	at ptolemy.actor.util.CausalityInterfaceForComposites._computeActorDepth(CausalityInterfaceForComposites.java:532)
	at ptolemy.actor.util.CausalityInterfaceForComposites.checkForCycles(CausalityInterfaceForComposites.java:96)
	at ptolemy.domains.de.kernel.DEDirector.preinitialize(DEDirector.java:1338)
	at ptolemy.actor.CompositeActor.preinitialize(CompositeActor.java:1828)
	at ptolemy.actor.Manager.preinitializeAndResolveTypes(Manager.java:1040)
	at ptolemy.actor.Manager.initialize(Manager.java:710)
	at ptolemy.actor.Manager.execute(Manager.java:356)
	at ptolemy.actor.Manager.run(Manager.java:1263)
	at ptolemy.actor.Manager$PtolemyRunThread.run(Manager.java:1915)

    while executing
ptolemy.kernel.util.IllegalActionException: Found a zero delay loop containing .dependencyLoop.original
  in .dependencyLoop and .dependencyLoop.original
    while executing
"java::new ptolemy.moml.MoMLSimpleApplication $file
"
    (procedure "createAndExecute" line 2)
    invoked from within
"createAndExecute $file"
    ("uplevel" body line 5)
    invoked from within
"uplevel $contents_of_test"
------------------ testing $PTII/ptolemy/domains/de/test/auto/knownFailedTests/DESDFClockTest.xml (Known Failure) 
2087 ms. Memory: 146944K Free: 116528K (79%)


==== $PTIIhome/travis/build/icyphy/ptII/ptolemy/domains/de/test/../../../../: Auto Automatic test in file $PTII/ptolemy/domains/de/test/auto/knownFailedTests/DESDFClockTest.xml
==== Contents of test case:

	    # FIXME: we should use $relativeFilename here, but it
	    # might have backslashes under Windows, which causes no end
	    # of trouble.
	    createAndExecute $file
	    list {}
	
.... Test generated KNOWN error:
    while executing
ptolemy.kernel.util.IllegalActionException: Actor is not ready to fire.  Perhaps UpSample.prefire() returned false? Try debugging the actor by selecting "Listen to Actor".  Also, for SDF check moml for tokenConsumptionRate on input.
  in .DESDFClockTest.Play Bell.Copy1:SDF Director and .DESDFClockTest.Play Bell.UpSample
	at ptolemy.actor.sched.StaticSchedulingDirector.fire(StaticSchedulingDirector.java:227)
	at ptolemy.domains.sdf.kernel.SDFDirector.fire(SDFDirector.java:500)
	at ptolemy.actor.CompositeActor.fire(CompositeActor.java:455)
	at ptolemy.domains.de.kernel.DEDirector._fire(DEDirector.java:1949)
	at ptolemy.domains.de.kernel.DEDirector.fire(DEDirector.java:502)
	at ptolemy.actor.CompositeActor.fire(CompositeActor.java:455)
	at ptolemy.actor.Manager.iterate(Manager.java:851)
	at ptolemy.actor.Manager.execute(Manager.java:369)
	at ptolemy.actor.Manager.run(Manager.java:1263)
	at ptolemy.actor.Manager$PtolemyRunThread.run(Manager.java:1915)

    while executing
ptolemy.kernel.util.IllegalActionException: Actor is not ready to fire.  Perhaps UpSample.prefire() returned false? Try debugging the actor by selecting "Listen to Actor".  Also, for SDF check moml for tokenConsumptionRate on input.
  in .DESDFClockTest.Play Bell.Copy1:SDF Director and .DESDFClockTest.Play Bell.UpSample
    while executing
"java::new ptolemy.moml.MoMLSimpleApplication $file
"
    (procedure "createAndExecute" line 2)
    invoked from within
"createAndExecute $file"
    ("uplevel" body line 5)
    invoked from within
"uplevel $contents_of_test"
------------------ testing $PTII/ptolemy/domains/de/test/auto/knownFailedTests/FSMSource.xml (Known Failure) 
50 ms. Memory: 146944K Free: 107540K (73%)
!!!! Auto was marked as failing, but now passes
------------------ testing $PTII/ptolemy/domains/de/test/auto/knownFailedTests/dependencyLoop2.xml (Known Failure) 
14 ms. Memory: 146944K Free: 105657K (72%)


==== $PTIIhome/travis/build/icyphy/ptII/ptolemy/domains/de/test/../../../../: Auto Automatic test in file $PTII/ptolemy/domains/de/test/auto/knownFailedTests/dependencyLoop2.xml
==== Contents of test case:

	    # FIXME: we should use $relativeFilename here, but it
	    # might have backslashes under Windows, which causes no end
	    # of trouble.
	    createAndExecute $file
	    list {}
	
.... Test generated KNOWN error:
    while executing
ptolemy.kernel.util.IllegalActionException: Found a zero delay loop containing .dependencyLoop2.original
  in .dependencyLoop2 and .dependencyLoop2.original
	at ptolemy.actor.util.CausalityInterfaceForComposites._computeOutputPortDepth(CausalityInterfaceForComposites.java:759)
	at ptolemy.actor.util.CausalityInterfaceForComposites._computeInputDepth(CausalityInterfaceForComposites.java:696)
	at ptolemy.actor.util.CausalityInterfaceForComposites._computeOutputPortDepth(CausalityInterfaceForComposites.java:765)
	at ptolemy.actor.util.CausalityInterfaceForComposites._computeInputDepth(CausalityInterfaceForComposites.java:696)
	at ptolemy.actor.util.CausalityInterfaceForComposites._computeOutputPortDepth(CausalityInterfaceForComposites.java:765)
	at ptolemy.actor.util.CausalityInterfaceForComposites._computeInputDepth(CausalityInterfaceForComposites.java:696)
	at ptolemy.actor.util.CausalityInterfaceForComposites._computeActorDepth(CausalityInterfaceForComposites.java:532)
	at ptolemy.actor.util.CausalityInterfaceForComposites.checkForCycles(CausalityInterfaceForComposites.java:96)
	at ptolemy.domains.de.kernel.DEDirector.preinitialize(DEDirector.java:1338)
	at ptolemy.actor.CompositeActor.preinitialize(CompositeActor.java:1828)
	at ptolemy.actor.Manager.preinitializeAndResolveTypes(Manager.java:1040)
	at ptolemy.actor.Manager.initialize(Manager.java:710)
	at ptolemy.actor.Manager.execute(Manager.java:356)
	at ptolemy.actor.Manager.run(Manager.java:1263)
	at ptolemy.actor.Manager$PtolemyRunThread.run(Manager.java:1915)

    while executing
ptolemy.kernel.util.IllegalActionException: Found a zero delay loop containing .dependencyLoop2.original
  in .dependencyLoop2 and .dependencyLoop2.original
    while executing
"java::new ptolemy.moml.MoMLSimpleApplication $file
"
    (procedure "createAndExecute" line 2)
    invoked from within
"createAndExecute $file"
    ("uplevel" body line 5)
    invoked from within
"uplevel $contents_of_test"
------------------ testing $PTII/ptolemy/domains/de/test/auto/knownFailedTests/HierarchicalModel.xml (Known Failure) 
9 ms. Memory: 146944K Free: 85033K (58%)


==== $PTIIhome/travis/build/icyphy/ptII/ptolemy/domains/de/test/../../../../: Auto Automatic test in file $PTII/ptolemy/domains/de/test/auto/knownFailedTests/HierarchicalModel.xml
==== Contents of test case:

	    # FIXME: we should use $relativeFilename here, but it
	    # might have backslashes under Windows, which causes no end
	    # of trouble.
	    createAndExecute $file
	    list {}
	
.... Test generated KNOWN error:
    while executing
ptolemy.kernel.util.IllegalActionException: Found a zero delay loop containing .HierarchicalModel.A
  in .HierarchicalModel and .HierarchicalModel.A
	at ptolemy.actor.util.CausalityInterfaceForComposites._computeOutputPortDepth(CausalityInterfaceForComposites.java:759)
	at ptolemy.actor.util.CausalityInterfaceForComposites._computeInputDepth(CausalityInterfaceForComposites.java:696)
	at ptolemy.actor.util.CausalityInterfaceForComposites._computeOutputPortDepth(CausalityInterfaceForComposites.java:765)
	at ptolemy.actor.util.CausalityInterfaceForComposites._computeInputDepth(CausalityInterfaceForComposites.java:696)
	at ptolemy.actor.util.CausalityInterfaceForComposites._computeOutputPortDepth(CausalityInterfaceForComposites.java:765)
	at ptolemy.actor.util.CausalityInterfaceForComposites._computeInputDepth(CausalityInterfaceForComposites.java:696)
	at ptolemy.actor.util.CausalityInterfaceForComposites._computeActorDepth(CausalityInterfaceForComposites.java:532)
	at ptolemy.actor.util.CausalityInterfaceForComposites.checkForCycles(CausalityInterfaceForComposites.java:96)
	at ptolemy.domains.de.kernel.DEDirector.preinitialize(DEDirector.java:1338)
	at ptolemy.actor.CompositeActor.preinitialize(CompositeActor.java:1828)
	at ptolemy.actor.Manager.preinitializeAndResolveTypes(Manager.java:1040)
	at ptolemy.actor.Manager.initialize(Manager.java:710)
	at ptolemy.actor.Manager.execute(Manager.java:356)
	at ptolemy.actor.Manager.run(Manager.java:1263)
	at ptolemy.actor.Manager$PtolemyRunThread.run(Manager.java:1915)

    while executing
ptolemy.kernel.util.IllegalActionException: Found a zero delay loop containing .HierarchicalModel.A
  in .HierarchicalModel and .HierarchicalModel.A
    while executing
"java::new ptolemy.moml.MoMLSimpleApplication $file
"
    (procedure "createAndExecute" line 2)
    invoked from within
"createAndExecute $file"
    ("uplevel" body line 5)
    invoked from within
"uplevel $contents_of_test"
------------------ testing $PTII/ptolemy/domains/de/test/auto/knownFailedTests/DirectFeedback.xml (Known Failure) 
5 ms. Memory: 146944K Free: 141387K (96%)


==== $PTIIhome/travis/build/icyphy/ptII/ptolemy/domains/de/test/../../../../: Auto Automatic test in file $PTII/ptolemy/domains/de/test/auto/knownFailedTests/DirectFeedback.xml
==== Contents of test case:

	    # FIXME: we should use $relativeFilename here, but it
	    # might have backslashes under Windows, which causes no end
	    # of trouble.
	    createAndExecute $file
	    list {}
	
.... Test generated KNOWN error:
    while executing
ptolemy.kernel.util.IllegalActionException: Test fails in iteration 1.
Value was: 1.0. Should have been: 2.0
  in .DirectFeedback.Test
	at ptolemy.actor.lib.Test.fire(Test.java:268)
	at ptolemy.domains.de.kernel.DEDirector._fire(DEDirector.java:1949)
	at ptolemy.domains.de.kernel.DEDirector.fire(DEDirector.java:502)
	at ptolemy.actor.CompositeActor.fire(CompositeActor.java:455)
	at ptolemy.actor.Manager.iterate(Manager.java:851)
	at ptolemy.actor.Manager.execute(Manager.java:369)
	at ptolemy.actor.Manager.run(Manager.java:1263)
	at ptolemy.actor.Manager$PtolemyRunThread.run(Manager.java:1915)

    while executing
ptolemy.kernel.util.IllegalActionException: Test fails in iteration 1.
Value was: 1.0. Should have been: 2.0
  in .DirectFeedback.Test
    while executing
"java::new ptolemy.moml.MoMLSimpleApplication $file
"
    (procedure "createAndExecute" line 2)
    invoked from within
"createAndExecute $file"
    ("uplevel" body line 5)
    invoked from within
"uplevel $contents_of_test"
------------------ testing $PTII/ptolemy/domains/de/test/auto/ActorDepthCalculation_actorWithoutPorts.xml
auto.tcl: Setting watchdog for 200 seconds at Sat Aug 25 01:59:23 UTC 2018
7 ms. Memory: 146944K Free: 132362K (90%)
ptolemy.util.test.WatchDog.cancel(): canceling Sat Aug 25 01:59:23 UTC 2018
auto.tcl: Setting watchdog for 200 seconds at Sat Aug 25 01:59:23 UTC 2018
3 ms. Memory: 146944K Free: 131311K (89%)
ptolemy.util.test.WatchDog.cancel(): canceling Sat Aug 25 01:59:23 UTC 2018
------------------ testing $PTII/ptolemy/domains/de/test/auto/AssemblyLine.xml
auto.tcl: Setting watchdog for 200 seconds at Sat Aug 25 01:59:24 UTC 2018
10 ms. Memory: 208384K Free: 185887K (89%)
ptolemy.util.test.WatchDog.cancel(): canceling Sat Aug 25 01:59:24 UTC 2018
auto.tcl: Setting watchdog for 200 seconds at Sat Aug 25 01:59:24 UTC 2018
7 ms. Memory: 208384K Free: 185887K (89%)
ptolemy.util.test.WatchDog.cancel(): canceling Sat Aug 25 01:59:24 UTC 2018
------------------ testing $PTII/ptolemy/domains/de/test/auto/CQBug1.xml
auto.tcl: Setting watchdog for 200 seconds at Sat Aug 25 01:59:24 UTC 2018
3 ms. Memory: 208384K Free: 197722K (95%)
ptolemy.util.test.WatchDog.cancel(): canceling Sat Aug 25 01:59:24 UTC 2018
auto.tcl: Setting watchdog for 200 seconds at Sat Aug 25 01:59:24 UTC 2018
2 ms. Memory: 208384K Free: 197722K (95%)
ptolemy.util.test.WatchDog.cancel(): canceling Sat Aug 25 01:59:24 UTC 2018
------------------ testing $PTII/ptolemy/domains/de/test/auto/CancelFireAt.xml
auto.tcl: Setting watchdog for 200 seconds at Sat Aug 25 01:59:24 UTC 2018
7 ms. Memory: 208384K Free: 201101K (97%)
ptolemy.util.test.WatchDog.cancel(): canceling Sat Aug 25 01:59:24 UTC 2018
auto.tcl: Setting watchdog for 200 seconds at Sat Aug 25 01:59:24 UTC 2018
15 ms. Memory: 208384K Free: 198999K (95%)
ptolemy.util.test.WatchDog.cancel(): canceling Sat Aug 25 01:59:24 UTC 2018
------------------ testing $PTII/ptolemy/domains/de/test/auto/CausalityAndComposabilityAnalysis.xml
auto.tcl: Setting watchdog for 200 seconds at Sat Aug 25 01:59:24 UTC 2018
7 ms. Memory: 208384K Free: 196495K (94%)
ptolemy.util.test.WatchDog.cancel(): canceling Sat Aug 25 01:59:24 UTC 2018
auto.tcl: Setting watchdog for 200 seconds at Sat Aug 25 01:59:24 UTC 2018
8 ms. Memory: 208384K Free: 196495K (94%)
ptolemy.util.test.WatchDog.cancel(): canceling Sat Aug 25 01:59:24 UTC 2018
------------------ testing $PTII/ptolemy/domains/de/test/auto/CausalityInterface1.xml
auto.tcl: Setting watchdog for 200 seconds at Sat Aug 25 01:59:24 UTC 2018
12 ms. Memory: 208384K Free: 196432K (94%)
ptolemy.util.test.WatchDog.cancel(): canceling Sat Aug 25 01:59:24 UTC 2018
auto.tcl: Setting watchdog for 200 seconds at Sat Aug 25 01:59:24 UTC 2018
4 ms. Memory: 208384K Free: 196432K (94%)
ptolemy.util.test.WatchDog.cancel(): canceling Sat Aug 25 01:59:24 UTC 2018
------------------ testing $PTII/ptolemy/domains/de/test/auto/CausalityInterface15.xml
auto.tcl: Setting watchdog for 200 seconds at Sat Aug 25 01:59:24 UTC 2018
7 ms. Memory: 208384K Free: 196761K (94%)
ptolemy.util.test.WatchDog.cancel(): canceling Sat Aug 25 01:59:24 UTC 2018
auto.tcl: Setting watchdog for 200 seconds at Sat Aug 25 01:59:24 UTC 2018
3 ms. Memory: 208384K Free: 196423K (94%)
ptolemy.util.test.WatchDog.cancel(): canceling Sat Aug 25 01:59:24 UTC 2018
------------------ testing $PTII/ptolemy/domains/de/test/auto/CausalityInterface2.xml
auto.tcl: Setting watchdog for 200 seconds at Sat Aug 25 01:59:24 UTC 2018
9 ms. Memory: 208384K Free: 196406K (94%)
ptolemy.util.test.WatchDog.cancel(): canceling Sat Aug 25 01:59:24 UTC 2018
auto.tcl: Setting watchdog for 200 seconds at Sat Aug 25 01:59:24 UTC 2018
2 ms. Memory: 208384K Free: 196406K (94%)
ptolemy.util.test.WatchDog.cancel(): canceling Sat Aug 25 01:59:24 UTC 2018
------------------ testing $PTII/ptolemy/domains/de/test/auto/CausalityInterface3.xml
auto.tcl: Setting watchdog for 200 seconds at Sat Aug 25 01:59:25 UTC 2018
2 ms. Memory: 208384K Free: 196419K (94%)
ptolemy.util.test.WatchDog.cancel(): canceling Sat Aug 25 01:59:25 UTC 2018
auto.tcl: Setting watchdog for 200 seconds at Sat Aug 25 01:59:25 UTC 2018
3 ms. Memory: 208384K Free: 196419K (94%)
ptolemy.util.test.WatchDog.cancel(): canceling Sat Aug 25 01:59:25 UTC 2018
------------------ testing $PTII/ptolemy/domains/de/test/auto/ClockDrift.xml
auto.tcl: Setting watchdog for 200 seconds at Sat Aug 25 01:59:25 UTC 2018
53 ms. Memory: 208384K Free: 187648K (90%)
ptolemy.util.test.WatchDog.cancel(): canceling Sat Aug 25 01:59:25 UTC 2018
auto.tcl: Setting watchdog for 200 seconds at Sat Aug 25 01:59:25 UTC 2018
79 ms. Memory: 208384K Free: 185546K (89%)
ptolemy.util.test.WatchDog.cancel(): canceling Sat Aug 25 01:59:25 UTC 2018
------------------ testing $PTII/ptolemy/domains/de/test/auto/ClockDriftAndValueChange.xml
auto.tcl: Setting watchdog for 200 seconds at Sat Aug 25 01:59:25 UTC 2018
47 ms. Memory: 208384K Free: 187481K (90%)
ptolemy.util.test.WatchDog.cancel(): canceling Sat Aug 25 01:59:25 UTC 2018
auto.tcl: Setting watchdog for 200 seconds at Sat Aug 25 01:59:25 UTC 2018
34 ms. Memory: 208384K Free: 185380K (89%)
ptolemy.util.test.WatchDog.cancel(): canceling Sat Aug 25 01:59:25 UTC 2018
------------------ testing $PTII/ptolemy/domains/de/test/auto/ClockDriftChange.xml
auto.tcl: Setting watchdog for 200 seconds at Sat Aug 25 01:59:25 UTC 2018
43 ms. Memory: 208384K Free: 190805K (92%)
ptolemy.util.test.WatchDog.cancel(): canceling Sat Aug 25 01:59:25 UTC 2018
auto.tcl: Setting watchdog for 200 seconds at Sat Aug 25 01:59:25 UTC 2018
28 ms. Memory: 208384K Free: 188703K (91%)
ptolemy.util.test.WatchDog.cancel(): canceling Sat Aug 25 01:59:25 UTC 2018
------------------ testing $PTII/ptolemy/domains/de/test/auto/ComposableCausalityAnalysis.xml
auto.tcl: Setting watchdog for 200 seconds at Sat Aug 25 01:59:25 UTC 2018
2 ms. Memory: 208384K Free: 196274K (94%)
ptolemy.util.test.WatchDog.cancel(): canceling Sat Aug 25 01:59:25 UTC 2018
auto.tcl: Setting watchdog for 200 seconds at Sat Aug 25 01:59:25 UTC 2018
2 ms. Memory: 208384K Free: 194173K (93%)
ptolemy.util.test.WatchDog.cancel(): canceling Sat Aug 25 01:59:25 UTC 2018
------------------ testing $PTII/ptolemy/domains/de/test/auto/DEFixedPointLimitation.xml
auto.tcl: Setting watchdog for 200 seconds at Sat Aug 25 01:59:25 UTC 2018
1 ms. Memory: 208384K Free: 196355K (94%)
ptolemy.util.test.WatchDog.cancel(): canceling Sat Aug 25 01:59:25 UTC 2018
auto.tcl: Setting watchdog for 200 seconds at Sat Aug 25 01:59:25 UTC 2018
2 ms. Memory: 208384K Free: 196355K (94%)
ptolemy.util.test.WatchDog.cancel(): canceling Sat Aug 25 01:59:25 UTC 2018
------------------ testing $PTII/ptolemy/domains/de/test/auto/DEScheduleTest.xml
auto.tcl: Setting watchdog for 200 seconds at Sat Aug 25 01:59:25 UTC 2018
5 ms. Memory: 208384K Free: 198491K (95%)
ptolemy.util.test.WatchDog.cancel(): canceling Sat Aug 25 01:59:25 UTC 2018
auto.tcl: Setting watchdog for 200 seconds at Sat Aug 25 01:59:25 UTC 2018
3 ms. Memory: 208384K Free: 196390K (94%)
ptolemy.util.test.WatchDog.cancel(): canceling Sat Aug 25 01:59:25 UTC 2018
------------------ testing $PTII/ptolemy/domains/de/test/auto/DEinDEwithStartTimes.xml
auto.tcl: Setting watchdog for 200 seconds at Sat Aug 25 01:59:25 UTC 2018
3 ms. Memory: 208384K Free: 196360K (94%)
ptolemy.util.test.WatchDog.cancel(): canceling Sat Aug 25 01:59:25 UTC 2018
auto.tcl: Setting watchdog for 200 seconds at Sat Aug 25 01:59:25 UTC 2018
3 ms. Memory: 208384K Free: 194259K (93%)
ptolemy.util.test.WatchDog.cancel(): canceling Sat Aug 25 01:59:25 UTC 2018
------------------ testing $PTII/ptolemy/domains/de/test/auto/DEinDEwithStartTimes2.xml
auto.tcl: Setting watchdog for 200 seconds at Sat Aug 25 01:59:26 UTC 2018
4 ms. Memory: 208384K Free: 196340K (94%)
ptolemy.util.test.WatchDog.cancel(): canceling Sat Aug 25 01:59:26 UTC 2018
auto.tcl: Setting watchdog for 200 seconds at Sat Aug 25 01:59:26 UTC 2018
4 ms. Memory: 208384K Free: 194239K (93%)
ptolemy.util.test.WatchDog.cancel(): canceling Sat Aug 25 01:59:26 UTC 2018
------------------ testing $PTII/ptolemy/domains/de/test/auto/DateDemo.xml
auto.tcl: Setting watchdog for 200 seconds at Sat Aug 25 01:59:26 UTC 2018
8 ms. Memory: 208384K Free: 188775K (91%)
ptolemy.util.test.WatchDog.cancel(): canceling Sat Aug 25 01:59:26 UTC 2018
auto.tcl: Setting watchdog for 200 seconds at Sat Aug 25 01:59:26 UTC 2018
6 ms. Memory: 208384K Free: 186673K (90%)
ptolemy.util.test.WatchDog.cancel(): canceling Sat Aug 25 01:59:26 UTC 2018
------------------ testing $PTII/ptolemy/domains/de/test/auto/DateToEvent.xml
auto.tcl: Setting watchdog for 200 seconds at Sat Aug 25 01:59:26 UTC 2018
2010 ms. Memory: 208384K Free: 183486K (88%)
ptolemy.util.test.WatchDog.cancel(): canceling Sat Aug 25 01:59:28 UTC 2018
auto.tcl: Setting watchdog for 200 seconds at Sat Aug 25 01:59:28 UTC 2018
2005 ms. Memory: 208384K Free: 181028K (87%)
ptolemy.util.test.WatchDog.cancel(): canceling Sat Aug 25 01:59:30 UTC 2018
------------------ testing $PTII/ptolemy/domains/de/test/auto/DepthTest1.xml
auto.tcl: Setting watchdog for 200 seconds at Sat Aug 25 01:59:30 UTC 2018
2 ms. Memory: 208384K Free: 198021K (95%)
ptolemy.util.test.WatchDog.cancel(): canceling Sat Aug 25 01:59:30 UTC 2018
auto.tcl: Setting watchdog for 200 seconds at Sat Aug 25 01:59:30 UTC 2018
4 ms. Memory: 208384K Free: 198021K (95%)
ptolemy.util.test.WatchDog.cancel(): canceling Sat Aug 25 01:59:30 UTC 2018
------------------ testing $PTII/ptolemy/domains/de/test/auto/DepthTest2.xml
auto.tcl: Setting watchdog for 200 seconds at Sat Aug 25 01:59:30 UTC 2018
6 ms. Memory: 208384K Free: 194220K (93%)
ptolemy.util.test.WatchDog.cancel(): canceling Sat Aug 25 01:59:30 UTC 2018
auto.tcl: Setting watchdog for 200 seconds at Sat Aug 25 01:59:30 UTC 2018
3 ms. Memory: 208384K Free: 194220K (93%)
ptolemy.util.test.WatchDog.cancel(): canceling Sat Aug 25 01:59:30 UTC 2018
------------------ testing $PTII/ptolemy/domains/de/test/auto/DepthTest3.xml
auto.tcl: Setting watchdog for 200 seconds at Sat Aug 25 01:59:30 UTC 2018
6 ms. Memory: 208384K Free: 198355K (95%)
ptolemy.util.test.WatchDog.cancel(): canceling Sat Aug 25 01:59:30 UTC 2018
auto.tcl: Setting watchdog for 200 seconds at Sat Aug 25 01:59:30 UTC 2018
2 ms. Memory: 208384K Free: 198355K (95%)
ptolemy.util.test.WatchDog.cancel(): canceling Sat Aug 25 01:59:30 UTC 2018
------------------ testing $PTII/ptolemy/domains/de/test/auto/DepthTest4.xml
auto.tcl: Setting watchdog for 200 seconds at Sat Aug 25 01:59:30 UTC 2018
7 ms. Memory: 208384K Free: 196341K (94%)
ptolemy.util.test.WatchDog.cancel(): canceling Sat Aug 25 01:59:30 UTC 2018
auto.tcl: Setting watchdog for 200 seconds at Sat Aug 25 01:59:30 UTC 2018
2 ms. Memory: 208384K Free: 196341K (94%)
ptolemy.util.test.WatchDog.cancel(): canceling Sat Aug 25 01:59:30 UTC 2018
------------------ testing $PTII/ptolemy/domains/de/test/auto/DepthTest5.xml
auto.tcl: Setting watchdog for 200 seconds at Sat Aug 25 01:59:30 UTC 2018
3 ms. Memory: 208384K Free: 196288K (94%)
ptolemy.util.test.WatchDog.cancel(): canceling Sat Aug 25 01:59:30 UTC 2018
auto.tcl: Setting watchdog for 200 seconds at Sat Aug 25 01:59:30 UTC 2018
2 ms. Memory: 208384K Free: 196288K (94%)
ptolemy.util.test.WatchDog.cancel(): canceling Sat Aug 25 01:59:30 UTC 2018
------------------ testing $PTII/ptolemy/domains/de/test/auto/DepthTest6.xml
auto.tcl: Setting watchdog for 200 seconds at Sat Aug 25 01:59:30 UTC 2018
11 ms. Memory: 208384K Free: 196593K (94%)
ptolemy.util.test.WatchDog.cancel(): canceling Sat Aug 25 01:59:30 UTC 2018
auto.tcl: Setting watchdog for 200 seconds at Sat Aug 25 01:59:30 UTC 2018
3 ms. Memory: 208384K Free: 196593K (94%)
ptolemy.util.test.WatchDog.cancel(): canceling Sat Aug 25 01:59:30 UTC 2018
------------------ testing $PTII/ptolemy/domains/de/test/auto/DepthTest7.xml
auto.tcl: Setting watchdog for 200 seconds at Sat Aug 25 01:59:30 UTC 2018
2 ms. Memory: 208384K Free: 196245K (94%)
ptolemy.util.test.WatchDog.cancel(): canceling Sat Aug 25 01:59:30 UTC 2018
auto.tcl: Setting watchdog for 200 seconds at Sat Aug 25 01:59:30 UTC 2018
2 ms. Memory: 208384K Free: 196245K (94%)
ptolemy.util.test.WatchDog.cancel(): canceling Sat Aug 25 01:59:30 UTC 2018
------------------ testing $PTII/ptolemy/domains/de/test/auto/EventToDate.xml
auto.tcl: Setting watchdog for 200 seconds at Sat Aug 25 01:59:30 UTC 2018
3005 ms. Memory: 208384K Free: 185760K (89%)
ptolemy.util.test.WatchDog.cancel(): canceling Sat Aug 25 01:59:33 UTC 2018
auto.tcl: Setting watchdog for 200 seconds at Sat Aug 25 01:59:33 UTC 2018
3003 ms. Memory: 208384K Free: 185760K (89%)
ptolemy.util.test.WatchDog.cancel(): canceling Sat Aug 25 01:59:36 UTC 2018
------------------ testing $PTII/ptolemy/domains/de/test/auto/FSM1.xml
auto.tcl: Setting watchdog for 200 seconds at Sat Aug 25 01:59:36 UTC 2018
19 ms. Memory: 208384K Free: 189294K (91%)
ptolemy.util.test.WatchDog.cancel(): canceling Sat Aug 25 01:59:37 UTC 2018
auto.tcl: Setting watchdog for 200 seconds at Sat Aug 25 01:59:37 UTC 2018
17 ms. Memory: 208384K Free: 185092K (89%)
ptolemy.util.test.WatchDog.cancel(): canceling Sat Aug 25 01:59:37 UTC 2018
------------------ testing $PTII/ptolemy/domains/de/test/auto/FSM7.xml
auto.tcl: Setting watchdog for 200 seconds at Sat Aug 25 01:59:37 UTC 2018
17 ms. Memory: 208384K Free: 187396K (90%)
ptolemy.util.test.WatchDog.cancel(): canceling Sat Aug 25 01:59:37 UTC 2018
auto.tcl: Setting watchdog for 200 seconds at Sat Aug 25 01:59:37 UTC 2018
22 ms. Memory: 208384K Free: 185295K (89%)
ptolemy.util.test.WatchDog.cancel(): canceling Sat Aug 25 01:59:37 UTC 2018
------------------ testing $PTII/ptolemy/domains/de/test/auto/Inspection.xml
auto.tcl: Setting watchdog for 200 seconds at Sat Aug 25 01:59:37 UTC 2018
44 ms. Memory: 208384K Free: 188948K (91%)
ptolemy.util.test.WatchDog.cancel(): canceling Sat Aug 25 01:59:37 UTC 2018
auto.tcl: Setting watchdog for 200 seconds at Sat Aug 25 01:59:37 UTC 2018
26 ms. Memory: 208384K Free: 186847K (90%)
ptolemy.util.test.WatchDog.cancel(): canceling Sat Aug 25 01:59:37 UTC 2018
------------------ testing $PTII/ptolemy/domains/de/test/auto/Iteration.xml
auto.tcl: Setting watchdog for 200 seconds at Sat Aug 25 01:59:37 UTC 2018
14 ms. Memory: 208384K Free: 196052K (94%)
ptolemy.util.test.WatchDog.cancel(): canceling Sat Aug 25 01:59:37 UTC 2018
auto.tcl: Setting watchdog for 200 seconds at Sat Aug 25 01:59:37 UTC 2018
7 ms. Memory: 208384K Free: 193951K (93%)
ptolemy.util.test.WatchDog.cancel(): canceling Sat Aug 25 01:59:37 UTC 2018
------------------ testing $PTII/ptolemy/domains/de/test/auto/LineFault.xml
auto.tcl: Setting watchdog for 200 seconds at Sat Aug 25 01:59:37 UTC 2018
744 ms. Memory: 208384K Free: 195880K (94%)
ptolemy.util.test.WatchDog.cancel(): canceling Sat Aug 25 01:59:38 UTC 2018
auto.tcl: Setting watchdog for 200 seconds at Sat Aug 25 01:59:38 UTC 2018
590 ms. Memory: 208384K Free: 138518K (66%)
ptolemy.util.test.WatchDog.cancel(): canceling Sat Aug 25 01:59:39 UTC 2018
------------------ testing $PTII/ptolemy/domains/de/test/auto/MergeModel1Add.xml
auto.tcl: Setting watchdog for 200 seconds at Sat Aug 25 01:59:39 UTC 2018
13 ms. Memory: 331264K Free: 298560K (90%)
ptolemy.util.test.WatchDog.cancel(): canceling Sat Aug 25 01:59:39 UTC 2018
auto.tcl: Setting watchdog for 200 seconds at Sat Aug 25 01:59:39 UTC 2018
13 ms. Memory: 331264K Free: 298560K (90%)
ptolemy.util.test.WatchDog.cancel(): canceling Sat Aug 25 01:59:39 UTC 2018
------------------ testing $PTII/ptolemy/domains/de/test/auto/MergeModel2Add.xml
auto.tcl: Setting watchdog for 200 seconds at Sat Aug 25 01:59:39 UTC 2018
10 ms. Memory: 331264K Free: 303846K (92%)
ptolemy.util.test.WatchDog.cancel(): canceling Sat Aug 25 01:59:39 UTC 2018
auto.tcl: Setting watchdog for 200 seconds at Sat Aug 25 01:59:39 UTC 2018
12 ms. Memory: 331264K Free: 299898K (91%)
ptolemy.util.test.WatchDog.cancel(): canceling Sat Aug 25 01:59:39 UTC 2018
------------------ testing $PTII/ptolemy/domains/de/test/auto/MergeModel3Add.xml
auto.tcl: Setting watchdog for 200 seconds at Sat Aug 25 01:59:39 UTC 2018
14 ms. Memory: 331264K Free: 303856K (92%)
ptolemy.util.test.WatchDog.cancel(): canceling Sat Aug 25 01:59:39 UTC 2018
auto.tcl: Setting watchdog for 200 seconds at Sat Aug 25 01:59:39 UTC 2018
9 ms. Memory: 331264K Free: 299908K (91%)
ptolemy.util.test.WatchDog.cancel(): canceling Sat Aug 25 01:59:39 UTC 2018
------------------ testing $PTII/ptolemy/domains/de/test/auto/MergeWithoutDiscard.xml
auto.tcl: Setting watchdog for 200 seconds at Sat Aug 25 01:59:39 UTC 2018
3 ms. Memory: 331264K Free: 319929K (97%)
ptolemy.util.test.WatchDog.cancel(): canceling Sat Aug 25 01:59:39 UTC 2018
auto.tcl: Setting watchdog for 200 seconds at Sat Aug 25 01:59:39 UTC 2018
1 ms. Memory: 331264K Free: 315982K (95%)
ptolemy.util.test.WatchDog.cancel(): canceling Sat Aug 25 01:59:39 UTC 2018
------------------ testing $PTII/ptolemy/domains/de/test/auto/Modal1.xml
auto.tcl: Setting watchdog for 200 seconds at Sat Aug 25 01:59:39 UTC 2018
17 ms. Memory: 331264K Free: 309589K (93%)
ptolemy.util.test.WatchDog.cancel(): canceling Sat Aug 25 01:59:39 UTC 2018
auto.tcl: Setting watchdog for 200 seconds at Sat Aug 25 01:59:39 UTC 2018
19 ms. Memory: 331264K Free: 305641K (92%)
ptolemy.util.test.WatchDog.cancel(): canceling Sat Aug 25 01:59:39 UTC 2018
------------------ testing $PTII/ptolemy/domains/de/test/auto/Modal2.xml
auto.tcl: Setting watchdog for 200 seconds at Sat Aug 25 01:59:39 UTC 2018
11 ms. Memory: 331264K Free: 309470K (93%)
ptolemy.util.test.WatchDog.cancel(): canceling Sat Aug 25 01:59:39 UTC 2018
auto.tcl: Setting watchdog for 200 seconds at Sat Aug 25 01:59:39 UTC 2018
10 ms. Memory: 331264K Free: 305522K (92%)
ptolemy.util.test.WatchDog.cancel(): canceling Sat Aug 25 01:59:39 UTC 2018
------------------ testing $PTII/ptolemy/domains/de/test/auto/Modal3.xml
auto.tcl: Setting watchdog for 200 seconds at Sat Aug 25 01:59:39 UTC 2018
12 ms. Memory: 331264K Free: 309460K (93%)
ptolemy.util.test.WatchDog.cancel(): canceling Sat Aug 25 01:59:39 UTC 2018
auto.tcl: Setting watchdog for 200 seconds at Sat Aug 25 01:59:39 UTC 2018
10 ms. Memory: 331264K Free: 305512K (92%)
ptolemy.util.test.WatchDog.cancel(): canceling Sat Aug 25 01:59:39 UTC 2018
------------------ testing $PTII/ptolemy/domains/de/test/auto/Modal4.xml
auto.tcl: Setting watchdog for 200 seconds at Sat Aug 25 01:59:40 UTC 2018
18 ms. Memory: 331264K Free: 309473K (93%)
ptolemy.util.test.WatchDog.cancel(): canceling Sat Aug 25 01:59:40 UTC 2018
auto.tcl: Setting watchdog for 200 seconds at Sat Aug 25 01:59:40 UTC 2018
13 ms. Memory: 331264K Free: 305526K (92%)
ptolemy.util.test.WatchDog.cancel(): canceling Sat Aug 25 01:59:40 UTC 2018
------------------ testing $PTII/ptolemy/domains/de/test/auto/Modal5.xml
auto.tcl: Setting watchdog for 200 seconds at Sat Aug 25 01:59:40 UTC 2018
15 ms. Memory: 331264K Free: 309460K (93%)
ptolemy.util.test.WatchDog.cancel(): canceling Sat Aug 25 01:59:40 UTC 2018
auto.tcl: Setting watchdog for 200 seconds at Sat Aug 25 01:59:40 UTC 2018
11 ms. Memory: 331264K Free: 305512K (92%)
ptolemy.util.test.WatchDog.cancel(): canceling Sat Aug 25 01:59:40 UTC 2018
------------------ testing $PTII/ptolemy/domains/de/test/auto/Modal6.xml
auto.tcl: Setting watchdog for 200 seconds at Sat Aug 25 01:59:40 UTC 2018
11 ms. Memory: 331264K Free: 309458K (93%)
ptolemy.util.test.WatchDog.cancel(): canceling Sat Aug 25 01:59:40 UTC 2018
auto.tcl: Setting watchdog for 200 seconds at Sat Aug 25 01:59:40 UTC 2018
11 ms. Memory: 331264K Free: 305510K (92%)
ptolemy.util.test.WatchDog.cancel(): canceling Sat Aug 25 01:59:40 UTC 2018
------------------ testing $PTII/ptolemy/domains/de/test/auto/Modal7.xml
auto.tcl: Setting watchdog for 200 seconds at Sat Aug 25 01:59:40 UTC 2018
9 ms. Memory: 331264K Free: 309458K (93%)
ptolemy.util.test.WatchDog.cancel(): canceling Sat Aug 25 01:59:40 UTC 2018
auto.tcl: Setting watchdog for 200 seconds at Sat Aug 25 01:59:40 UTC 2018
9 ms. Memory: 331264K Free: 305510K (92%)
ptolemy.util.test.WatchDog.cancel(): canceling Sat Aug 25 01:59:40 UTC 2018
------------------ testing $PTII/ptolemy/domains/de/test/auto/ModalModel.xml
auto.tcl: Setting watchdog for 200 seconds at Sat Aug 25 01:59:40 UTC 2018
177 ms. Memory: 331264K Free: 245973K (74%)
ptolemy.util.test.WatchDog.cancel(): canceling Sat Aug 25 01:59:40 UTC 2018
auto.tcl: Setting watchdog for 200 seconds at Sat Aug 25 01:59:40 UTC 2018
169 ms. Memory: 331264K Free: 190706K (58%)
ptolemy.util.test.WatchDog.cancel(): canceling Sat Aug 25 01:59:40 UTC 2018
------------------ testing $PTII/ptolemy/domains/de/test/auto/ModalSource.xml
auto.tcl: Setting watchdog for 200 seconds at Sat Aug 25 01:59:40 UTC 2018
8 ms. Memory: 331264K Free: 316244K (95%)
ptolemy.util.test.WatchDog.cancel(): canceling Sat Aug 25 01:59:40 UTC 2018
auto.tcl: Setting watchdog for 200 seconds at Sat Aug 25 01:59:40 UTC 2018
5 ms. Memory: 331264K Free: 312729K (94%)
ptolemy.util.test.WatchDog.cancel(): canceling Sat Aug 25 01:59:40 UTC 2018
------------------ testing $PTII/ptolemy/domains/de/test/auto/NonInterruptibleTimerZeroDelay.xml
auto.tcl: Setting watchdog for 200 seconds at Sat Aug 25 01:59:40 UTC 2018
4 ms. Memory: 331264K Free: 320598K (97%)
ptolemy.util.test.WatchDog.cancel(): canceling Sat Aug 25 01:59:40 UTC 2018
auto.tcl: Setting watchdog for 200 seconds at Sat Aug 25 01:59:40 UTC 2018
2 ms. Memory: 331264K Free: 317082K (96%)
ptolemy.util.test.WatchDog.cancel(): canceling Sat Aug 25 01:59:40 UTC 2018
------------------ testing $PTII/ptolemy/domains/de/test/auto/OpenQueueingNetwork.xml
auto.tcl: Setting watchdog for 200 seconds at Sat Aug 25 01:59:41 UTC 2018
2581 ms. Memory: 573952K Free: 406279K (71%)
ptolemy.util.test.WatchDog.cancel(): canceling Sat Aug 25 01:59:43 UTC 2018
auto.tcl: Setting watchdog for 200 seconds at Sat Aug 25 01:59:43 UTC 2018
2404 ms. Memory: 550912K Free: 281456K (51%)
ptolemy.util.test.WatchDog.cancel(): canceling Sat Aug 25 01:59:46 UTC 2018
------------------ testing $PTII/ptolemy/domains/de/test/auto/OpenQueuingNetwork.xml
auto.tcl: Setting watchdog for 200 seconds at Sat Aug 25 01:59:46 UTC 2018
234 ms. Memory: 549888K Free: 444534K (81%)
ptolemy.util.test.WatchDog.cancel(): canceling Sat Aug 25 01:59:46 UTC 2018
auto.tcl: Setting watchdog for 200 seconds at Sat Aug 25 01:59:46 UTC 2018
238 ms. Memory: 549888K Free: 384267K (70%)
ptolemy.util.test.WatchDog.cancel(): canceling Sat Aug 25 01:59:46 UTC 2018
------------------ testing $PTII/ptolemy/domains/de/test/auto/PeriodicSampler.xml
auto.tcl: Setting watchdog for 200 seconds at Sat Aug 25 01:59:46 UTC 2018
2 ms. Memory: 551936K Free: 530582K (96%)
ptolemy.util.test.WatchDog.cancel(): canceling Sat Aug 25 01:59:46 UTC 2018
auto.tcl: Setting watchdog for 200 seconds at Sat Aug 25 01:59:46 UTC 2018
1 ms. Memory: 551936K Free: 530582K (96%)
ptolemy.util.test.WatchDog.cancel(): canceling Sat Aug 25 01:59:46 UTC 2018
------------------ testing $PTII/ptolemy/domains/de/test/auto/PersistentIO.xml
auto.tcl: Setting watchdog for 200 seconds at Sat Aug 25 01:59:46 UTC 2018
4 ms. Memory: 549376K Free: 521924K (95%)
ptolemy.util.test.WatchDog.cancel(): canceling Sat Aug 25 01:59:46 UTC 2018
auto.tcl: Setting watchdog for 200 seconds at Sat Aug 25 01:59:46 UTC 2018
4 ms. Memory: 549376K Free: 521924K (95%)
ptolemy.util.test.WatchDog.cancel(): canceling Sat Aug 25 01:59:46 UTC 2018
------------------ testing $PTII/ptolemy/domains/de/test/auto/PortParameterResetOnInitialize.xml
auto.tcl: Setting watchdog for 200 seconds at Sat Aug 25 01:59:47 UTC 2018
3 ms. Memory: 551424K Free: 530301K (96%)
ptolemy.util.test.WatchDog.cancel(): canceling Sat Aug 25 01:59:47 UTC 2018
auto.tcl: Setting watchdog for 200 seconds at Sat Aug 25 01:59:47 UTC 2018
1 ms. Memory: 551424K Free: 530301K (96%)
ptolemy.util.test.WatchDog.cancel(): canceling Sat Aug 25 01:59:47 UTC 2018
------------------ testing $PTII/ptolemy/domains/de/test/auto/PortParameterUpdates.xml
auto.tcl: Setting watchdog for 200 seconds at Sat Aug 25 01:59:47 UTC 2018
3 ms. Memory: 549376K Free: 533065K (97%)
ptolemy.util.test.WatchDog.cancel(): canceling Sat Aug 25 01:59:47 UTC 2018
auto.tcl: Setting watchdog for 200 seconds at Sat Aug 25 01:59:47 UTC 2018
3 ms. Memory: 549376K Free: 526369K (96%)
ptolemy.util.test.WatchDog.cancel(): canceling Sat Aug 25 01:59:47 UTC 2018
------------------ testing $PTII/ptolemy/domains/de/test/auto/QueueAndServer.xml
auto.tcl: Setting watchdog for 200 seconds at Sat Aug 25 01:59:47 UTC 2018
19 ms. Memory: 551424K Free: 535077K (97%)
ptolemy.util.test.WatchDog.cancel(): canceling Sat Aug 25 01:59:47 UTC 2018
auto.tcl: Setting watchdog for 200 seconds at Sat Aug 25 01:59:47 UTC 2018
6 ms. Memory: 551424K Free: 528381K (96%)
ptolemy.util.test.WatchDog.cancel(): canceling Sat Aug 25 01:59:47 UTC 2018
------------------ testing $PTII/ptolemy/domains/de/test/auto/Records.xml
auto.tcl: Setting watchdog for 200 seconds at Sat Aug 25 01:59:47 UTC 2018
7 ms. Memory: 549376K Free: 532971K (97%)
ptolemy.util.test.WatchDog.cancel(): canceling Sat Aug 25 01:59:47 UTC 2018
auto.tcl: Setting watchdog for 200 seconds at Sat Aug 25 01:59:47 UTC 2018
2 ms. Memory: 549376K Free: 532971K (97%)
ptolemy.util.test.WatchDog.cancel(): canceling Sat Aug 25 01:59:47 UTC 2018
------------------ testing $PTII/ptolemy/domains/de/test/auto/ResetTransitionWithStartTime1.xml
auto.tcl: Setting watchdog for 200 seconds at Sat Aug 25 01:59:47 UTC 2018
11 ms. Memory: 551424K Free: 528578K (96%)
ptolemy.util.test.WatchDog.cancel(): canceling Sat Aug 25 01:59:47 UTC 2018
auto.tcl: Setting watchdog for 200 seconds at Sat Aug 25 01:59:47 UTC 2018
5 ms. Memory: 551424K Free: 528349K (96%)
ptolemy.util.test.WatchDog.cancel(): canceling Sat Aug 25 01:59:47 UTC 2018
------------------ testing $PTII/ptolemy/domains/de/test/auto/ResetTransitionWithStartTime2.xml
auto.tcl: Setting watchdog for 200 seconds at Sat Aug 25 01:59:47 UTC 2018
4 ms. Memory: 549376K Free: 526521K (96%)
ptolemy.util.test.WatchDog.cancel(): canceling Sat Aug 25 01:59:47 UTC 2018
auto.tcl: Setting watchdog for 200 seconds at Sat Aug 25 01:59:47 UTC 2018
6 ms. Memory: 549376K Free: 526521K (96%)
ptolemy.util.test.WatchDog.cancel(): canceling Sat Aug 25 01:59:47 UTC 2018
------------------ testing $PTII/ptolemy/domains/de/test/auto/ResetTransitionWithStartTime3.xml
auto.tcl: Setting watchdog for 200 seconds at Sat Aug 25 01:59:47 UTC 2018
8 ms. Memory: 550912K Free: 527826K (96%)
ptolemy.util.test.WatchDog.cancel(): canceling Sat Aug 25 01:59:47 UTC 2018
auto.tcl: Setting watchdog for 200 seconds at Sat Aug 25 01:59:47 UTC 2018
5 ms. Memory: 550912K Free: 527826K (96%)
ptolemy.util.test.WatchDog.cancel(): canceling Sat Aug 25 01:59:47 UTC 2018
------------------ testing $PTII/ptolemy/domains/de/test/auto/ResetTransitionWithStartTime4.xml
auto.tcl: Setting watchdog for 200 seconds at Sat Aug 25 01:59:47 UTC 2018
4 ms. Memory: 549376K Free: 526288K (96%)
ptolemy.util.test.WatchDog.cancel(): canceling Sat Aug 25 01:59:47 UTC 2018
auto.tcl: Setting watchdog for 200 seconds at Sat Aug 25 01:59:47 UTC 2018
4 ms. Memory: 549376K Free: 526288K (96%)
ptolemy.util.test.WatchDog.cancel(): canceling Sat Aug 25 01:59:47 UTC 2018
------------------ testing $PTII/ptolemy/domains/de/test/auto/ResettableTimer1.xml
auto.tcl: Setting watchdog for 200 seconds at Sat Aug 25 01:59:47 UTC 2018
2 ms. Memory: 550912K Free: 534515K (97%)
ptolemy.util.test.WatchDog.cancel(): canceling Sat Aug 25 01:59:47 UTC 2018
auto.tcl: Setting watchdog for 200 seconds at Sat Aug 25 01:59:47 UTC 2018
2 ms. Memory: 550912K Free: 534515K (97%)
ptolemy.util.test.WatchDog.cancel(): canceling Sat Aug 25 01:59:47 UTC 2018
------------------ testing $PTII/ptolemy/domains/de/test/auto/ResettableTimer2.xml
auto.tcl: Setting watchdog for 200 seconds at Sat Aug 25 01:59:47 UTC 2018
2 ms. Memory: 549376K Free: 533268K (97%)
ptolemy.util.test.WatchDog.cancel(): canceling Sat Aug 25 01:59:47 UTC 2018
auto.tcl: Setting watchdog for 200 seconds at Sat Aug 25 01:59:47 UTC 2018
1 ms. Memory: 549376K Free: 533268K (97%)
ptolemy.util.test.WatchDog.cancel(): canceling Sat Aug 25 01:59:47 UTC 2018
------------------ testing $PTII/ptolemy/domains/de/test/auto/ResettableTimer3.xml
auto.tcl: Setting watchdog for 200 seconds at Sat Aug 25 01:59:47 UTC 2018
1 ms. Memory: 550912K Free: 534573K (97%)
ptolemy.util.test.WatchDog.cancel(): canceling Sat Aug 25 01:59:47 UTC 2018
auto.tcl: Setting watchdog for 200 seconds at Sat Aug 25 01:59:47 UTC 2018
1 ms. Memory: 550912K Free: 534573K (97%)
ptolemy.util.test.WatchDog.cancel(): canceling Sat Aug 25 01:59:47 UTC 2018
------------------ testing $PTII/ptolemy/domains/de/test/auto/ResettableTimer4.xml
auto.tcl: Setting watchdog for 200 seconds at Sat Aug 25 01:59:47 UTC 2018
2 ms. Memory: 549376K Free: 523921K (95%)
ptolemy.util.test.WatchDog.cancel(): canceling Sat Aug 25 01:59:47 UTC 2018
auto.tcl: Setting watchdog for 200 seconds at Sat Aug 25 01:59:47 UTC 2018
1 ms. Memory: 549376K Free: 523921K (95%)
ptolemy.util.test.WatchDog.cancel(): canceling Sat Aug 25 01:59:47 UTC 2018
------------------ testing $PTII/ptolemy/domains/de/test/auto/ResettableTimer5.xml
auto.tcl: Setting watchdog for 200 seconds at Sat Aug 25 01:59:47 UTC 2018
6 ms. Memory: 550400K Free: 534072K (97%)
ptolemy.util.test.WatchDog.cancel(): canceling Sat Aug 25 01:59:47 UTC 2018
auto.tcl: Setting watchdog for 200 seconds at Sat Aug 25 01:59:47 UTC 2018
2 ms. Memory: 550400K Free: 534072K (97%)
ptolemy.util.test.WatchDog.cancel(): canceling Sat Aug 25 01:59:47 UTC 2018
------------------ testing $PTII/ptolemy/domains/de/test/auto/ResettableTimer6.xml
auto.tcl: Setting watchdog for 200 seconds at Sat Aug 25 01:59:47 UTC 2018
1 ms. Memory: 549376K Free: 532998K (97%)
ptolemy.util.test.WatchDog.cancel(): canceling Sat Aug 25 01:59:47 UTC 2018
auto.tcl: Setting watchdog for 200 seconds at Sat Aug 25 01:59:47 UTC 2018
2 ms. Memory: 549376K Free: 532998K (97%)
ptolemy.util.test.WatchDog.cancel(): canceling Sat Aug 25 01:59:47 UTC 2018
------------------ testing $PTII/ptolemy/domains/de/test/auto/ServerZeroDelay.xml
auto.tcl: Setting watchdog for 200 seconds at Sat Aug 25 01:59:47 UTC 2018
6 ms. Memory: 550400K Free: 534242K (97%)
ptolemy.util.test.WatchDog.cancel(): canceling Sat Aug 25 01:59:48 UTC 2018
auto.tcl: Setting watchdog for 200 seconds at Sat Aug 25 01:59:48 UTC 2018
2 ms. Memory: 550400K Free: 534242K (97%)
ptolemy.util.test.WatchDog.cancel(): canceling Sat Aug 25 01:59:48 UTC 2018
------------------ testing $PTII/ptolemy/domains/de/test/auto/SmartSender.xml
auto.tcl: Setting watchdog for 200 seconds at Sat Aug 25 01:59:48 UTC 2018
3001 ms. Memory: 549376K Free: 533213K (97%)
ptolemy.util.test.WatchDog.cancel(): canceling Sat Aug 25 01:59:51 UTC 2018
auto.tcl: Setting watchdog for 200 seconds at Sat Aug 25 01:59:51 UTC 2018
3001 ms. Memory: 549376K Free: 533213K (97%)
ptolemy.util.test.WatchDog.cancel(): canceling Sat Aug 25 01:59:54 UTC 2018
------------------ testing $PTII/ptolemy/domains/de/test/auto/ThreadedComposite.xml
auto.tcl: Setting watchdog for 200 seconds at Sat Aug 25 01:59:54 UTC 2018
216 ms. Memory: 550400K Free: 513285K (93%)
ptolemy.util.test.WatchDog.cancel(): canceling Sat Aug 25 01:59:54 UTC 2018
auto.tcl: Setting watchdog for 200 seconds at Sat Aug 25 01:59:54 UTC 2018
192 ms. Memory: 550400K Free: 487870K (89%)
ptolemy.util.test.WatchDog.cancel(): canceling Sat Aug 25 01:59:54 UTC 2018
------------------ testing $PTII/ptolemy/domains/de/test/auto/Time.xml
auto.tcl: Setting watchdog for 200 seconds at Sat Aug 25 01:59:54 UTC 2018
521 ms. Memory: 549376K Free: 476551K (87%)
ptolemy.util.test.WatchDog.cancel(): canceling Sat Aug 25 01:59:55 UTC 2018
auto.tcl: Setting watchdog for 200 seconds at Sat Aug 25 01:59:55 UTC 2018
445 ms. Memory: 549376K Free: 416284K (76%)
ptolemy.util.test.WatchDog.cancel(): canceling Sat Aug 25 01:59:55 UTC 2018
------------------ testing $PTII/ptolemy/domains/de/test/auto/TimeDelayZeroDelay.xml
auto.tcl: Setting watchdog for 200 seconds at Sat Aug 25 01:59:55 UTC 2018
2 ms. Memory: 550400K Free: 533928K (97%)
ptolemy.util.test.WatchDog.cancel(): canceling Sat Aug 25 01:59:55 UTC 2018
auto.tcl: Setting watchdog for 200 seconds at Sat Aug 25 01:59:55 UTC 2018
2 ms. Memory: 550400K Free: 533928K (97%)
ptolemy.util.test.WatchDog.cancel(): canceling Sat Aug 25 01:59:55 UTC 2018
------------------ testing $PTII/ptolemy/domains/de/test/auto/TimerZeroDelay.xml
auto.tcl: Setting watchdog for 200 seconds at Sat Aug 25 01:59:55 UTC 2018
2 ms. Memory: 549376K Free: 533177K (97%)
ptolemy.util.test.WatchDog.cancel(): canceling Sat Aug 25 01:59:55 UTC 2018
auto.tcl: Setting watchdog for 200 seconds at Sat Aug 25 01:59:55 UTC 2018
2 ms. Memory: 549376K Free: 533177K (97%)
ptolemy.util.test.WatchDog.cancel(): canceling Sat Aug 25 01:59:55 UTC 2018
------------------ testing $PTII/ptolemy/domains/de/test/auto/TimingParadox.xml
auto.tcl: Setting watchdog for 200 seconds at Sat Aug 25 01:59:55 UTC 2018
311 ms. Memory: 549888K Free: 462541K (84%)
ptolemy.util.test.WatchDog.cancel(): canceling Sat Aug 25 01:59:56 UTC 2018
auto.tcl: Setting watchdog for 200 seconds at Sat Aug 25 01:59:56 UTC 2018
315 ms. Memory: 549888K Free: 422363K (77%)
ptolemy.util.test.WatchDog.cancel(): canceling Sat Aug 25 01:59:56 UTC 2018
------------------ testing $PTII/ptolemy/domains/de/test/auto/TransferInputs.xml
auto.tcl: Setting watchdog for 200 seconds at Sat Aug 25 01:59:56 UTC 2018
1 ms. Memory: 549888K Free: 532593K (97%)
ptolemy.util.test.WatchDog.cancel(): canceling Sat Aug 25 01:59:56 UTC 2018
auto.tcl: Setting watchdog for 200 seconds at Sat Aug 25 01:59:56 UTC 2018
1 ms. Memory: 549888K Free: 532593K (97%)
ptolemy.util.test.WatchDog.cancel(): canceling Sat Aug 25 01:59:56 UTC 2018
------------------ testing $PTII/ptolemy/domains/de/test/auto/TransferOutputs2.xml
auto.tcl: Setting watchdog for 200 seconds at Sat Aug 25 01:59:56 UTC 2018
3 ms. Memory: 549376K Free: 521807K (95%)
ptolemy.util.test.WatchDog.cancel(): canceling Sat Aug 25 01:59:56 UTC 2018
auto.tcl: Setting watchdog for 200 seconds at Sat Aug 25 01:59:56 UTC 2018
3 ms. Memory: 549376K Free: 521807K (95%)
ptolemy.util.test.WatchDog.cancel(): canceling Sat Aug 25 01:59:56 UTC 2018
------------------ testing $PTII/ptolemy/domains/de/test/auto/Trilateration.xml
auto.tcl: Setting watchdog for 200 seconds at Sat Aug 25 01:59:56 UTC 2018
14502 ms. Memory: 766976K Free: 108035K (14%)
ptolemy.util.test.WatchDog.cancel(): canceling Sat Aug 25 02:00:12 UTC 2018
auto.tcl: Setting watchdog for 200 seconds at Sat Aug 25 02:00:12 UTC 2018
10870 ms. Memory: 623104K Free: 438273K (70%)
ptolemy.util.test.WatchDog.cancel(): canceling Sat Aug 25 02:00:23 UTC 2018
------------------ testing $PTII/ptolemy/domains/de/test/auto/TwoSigmaDelta.xml
auto.tcl: Setting watchdog for 200 seconds at Sat Aug 25 02:00:23 UTC 2018
2713 ms. Memory: 619520K Free: 303995K (49%)
ptolemy.util.test.WatchDog.cancel(): canceling Sat Aug 25 02:00:26 UTC 2018
auto.tcl: Setting watchdog for 200 seconds at Sat Aug 25 02:00:26 UTC 2018
2212 ms. Memory: 619520K Free: 67903K (11%)
ptolemy.util.test.WatchDog.cancel(): canceling Sat Aug 25 02:00:28 UTC 2018
------------------ testing $PTII/ptolemy/domains/de/test/auto/VariableDelay.xml
auto.tcl: Setting watchdog for 200 seconds at Sat Aug 25 02:00:28 UTC 2018
2 ms. Memory: 623104K Free: 604129K (97%)
ptolemy.util.test.WatchDog.cancel(): canceling Sat Aug 25 02:00:28 UTC 2018
auto.tcl: Setting watchdog for 200 seconds at Sat Aug 25 02:00:28 UTC 2018
2 ms. Memory: 623104K Free: 604129K (97%)
ptolemy.util.test.WatchDog.cancel(): canceling Sat Aug 25 02:00:28 UTC 2018
------------------ testing $PTII/ptolemy/domains/de/test/auto/VariableDelay2.xml
auto.tcl: Setting watchdog for 200 seconds at Sat Aug 25 02:00:28 UTC 2018
3 ms. Memory: 619520K Free: 600989K (97%)
ptolemy.util.test.WatchDog.cancel(): canceling Sat Aug 25 02:00:28 UTC 2018
auto.tcl: Setting watchdog for 200 seconds at Sat Aug 25 02:00:28 UTC 2018
2 ms. Memory: 619520K Free: 600989K (97%)
ptolemy.util.test.WatchDog.cancel(): canceling Sat Aug 25 02:00:28 UTC 2018
------------------ testing $PTII/ptolemy/domains/de/test/auto/VariableDelayZeroDelay.xml
auto.tcl: Setting watchdog for 200 seconds at Sat Aug 25 02:00:28 UTC 2018
2 ms. Memory: 622592K Free: 598679K (96%)
ptolemy.util.test.WatchDog.cancel(): canceling Sat Aug 25 02:00:28 UTC 2018
auto.tcl: Setting watchdog for 200 seconds at Sat Aug 25 02:00:28 UTC 2018
2 ms. Memory: 622592K Free: 598679K (96%)
ptolemy.util.test.WatchDog.cancel(): canceling Sat Aug 25 02:00:28 UTC 2018
------------------ testing $PTII/ptolemy/domains/de/test/auto/VariableDelayZeroDelay2.xml
auto.tcl: Setting watchdog for 200 seconds at Sat Aug 25 02:00:28 UTC 2018
2 ms. Memory: 619520K Free: 595605K (96%)
ptolemy.util.test.WatchDog.cancel(): canceling Sat Aug 25 02:00:28 UTC 2018
auto.tcl: Setting watchdog for 200 seconds at Sat Aug 25 02:00:28 UTC 2018
2 ms. Memory: 619520K Free: 595605K (96%)
ptolemy.util.test.WatchDog.cancel(): canceling Sat Aug 25 02:00:28 UTC 2018
------------------ testing $PTII/ptolemy/domains/de/test/auto/deInCt.xml
auto.tcl: Setting watchdog for 200 seconds at Sat Aug 25 02:00:28 UTC 2018
0
1
1
1
0
0
0
0
1
1
1
0
0
1
1
1
1
1
0
0
0
0
1
1
1
0
0
0
1
1
1
1
0
0
1
1
1
0
0
0
0
7 ms. Memory: 622080K Free: 598131K (96%)
ptolemy.util.test.WatchDog.cancel(): canceling Sat Aug 25 02:00:28 UTC 2018
auto.tcl: Setting watchdog for 200 seconds at Sat Aug 25 02:00:28 UTC 2018
0
1
1
1
0
0
0
1
1
1
1
0
0
0
0
1
1
1
1
0
0
0
1
1
1
1
0
0
0
0
0
5 ms. Memory: 622080K Free: 598131K (96%)
ptolemy.util.test.WatchDog.cancel(): canceling Sat Aug 25 02:00:28 UTC 2018
------------------ testing $PTII/ptolemy/domains/de/test/auto/deInCt2.xml
auto.tcl: Setting watchdog for 200 seconds at Sat Aug 25 02:00:28 UTC 2018
0
1
1
1
0
0
1
1
1
0
0
1
1
1
0
0
1
1
1
0
0
1
1
1
0
0
1
1
1
0
0
1
1
1
0
0
1
1
1
0
0
0
7 ms. Memory: 619520K Free: 595571K (96%)
ptolemy.util.test.WatchDog.cancel(): canceling Sat Aug 25 02:00:28 UTC 2018
auto.tcl: Setting watchdog for 200 seconds at Sat Aug 25 02:00:28 UTC 2018
0
1
1
1
0
0
1
1
1
0
0
1
1
1
0
0
1
1
1
0
0
1
1
1
0
0
1
1
1
0
0
1
1
1
0
0
1
1
1
0
0
0
3 ms. Memory: 619520K Free: 595571K (96%)
ptolemy.util.test.WatchDog.cancel(): canceling Sat Aug 25 02:00:28 UTC 2018
------------------ testing $PTII/ptolemy/domains/de/test/auto/dynamicCausalityInterface1.xml
auto.tcl: Setting watchdog for 200 seconds at Sat Aug 25 02:00:28 UTC 2018
1 ms. Memory: 621568K Free: 594815K (96%)
ptolemy.util.test.WatchDog.cancel(): canceling Sat Aug 25 02:00:28 UTC 2018
auto.tcl: Setting watchdog for 200 seconds at Sat Aug 25 02:00:28 UTC 2018
1 ms. Memory: 621568K Free: 594815K (96%)
ptolemy.util.test.WatchDog.cancel(): canceling Sat Aug 25 02:00:28 UTC 2018
------------------ testing $PTII/ptolemy/domains/de/test/auto/fsm_de_test.xml
auto.tcl: Setting watchdog for 200 seconds at Sat Aug 25 02:00:28 UTC 2018
6 ms. Memory: 619520K Free: 595492K (96%)
ptolemy.util.test.WatchDog.cancel(): canceling Sat Aug 25 02:00:29 UTC 2018
auto.tcl: Setting watchdog for 200 seconds at Sat Aug 25 02:00:29 UTC 2018
5 ms. Memory: 619520K Free: 587280K (95%)
ptolemy.util.test.WatchDog.cancel(): canceling Sat Aug 25 02:00:29 UTC 2018
------------------ testing $PTII/ptolemy/domains/de/test/auto/functionDependencyReconstruction.xml
auto.tcl: Setting watchdog for 200 seconds at Sat Aug 25 02:00:29 UTC 2018
2 ms. Memory: 621568K Free: 589319K (95%)
ptolemy.util.test.WatchDog.cancel(): canceling Sat Aug 25 02:00:29 UTC 2018
auto.tcl: Setting watchdog for 200 seconds at Sat Aug 25 02:00:29 UTC 2018
5 ms. Memory: 621568K Free: 581107K (93%)
ptolemy.util.test.WatchDog.cancel(): canceling Sat Aug 25 02:00:29 UTC 2018
------------------ testing $PTII/ptolemy/domains/de/test/auto/multirate.xml
auto.tcl: Setting watchdog for 200 seconds at Sat Aug 25 02:00:29 UTC 2018
3 ms. Memory: 619520K Free: 595359K (96%)
ptolemy.util.test.WatchDog.cancel(): canceling Sat Aug 25 02:00:29 UTC 2018
auto.tcl: Setting watchdog for 200 seconds at Sat Aug 25 02:00:29 UTC 2018
3 ms. Memory: 619520K Free: 595329K (96%)
ptolemy.util.test.WatchDog.cancel(): canceling Sat Aug 25 02:00:29 UTC 2018
------------------ testing $PTII/ptolemy/domains/de/test/auto/multirate2.xml
auto.tcl: Setting watchdog for 200 seconds at Sat Aug 25 02:00:29 UTC 2018
8 ms. Memory: 621056K Free: 586322K (94%)
ptolemy.util.test.WatchDog.cancel(): canceling Sat Aug 25 02:00:29 UTC 2018
auto.tcl: Setting watchdog for 200 seconds at Sat Aug 25 02:00:29 UTC 2018
3 ms. Memory: 621056K Free: 586322K (94%)
ptolemy.util.test.WatchDog.cancel(): canceling Sat Aug 25 02:00:29 UTC 2018
------------------ testing $PTII/ptolemy/domains/de/test/auto/realtime.xml
auto.tcl: Setting watchdog for 200 seconds at Sat Aug 25 02:00:29 UTC 2018
10001 ms. Memory: 619520K Free: 600897K (97%)
ptolemy.util.test.WatchDog.cancel(): canceling Sat Aug 25 02:00:39 UTC 2018
auto.tcl: Setting watchdog for 200 seconds at Sat Aug 25 02:00:39 UTC 2018
10001 ms. Memory: 619520K Free: 600897K (97%)
ptolemy.util.test.WatchDog.cancel(): canceling Sat Aug 25 02:00:49 UTC 2018
------------------ testing $PTII/ptolemy/domains/de/test/auto/relationGroup.xml
auto.tcl: Setting watchdog for 200 seconds at Sat Aug 25 02:00:49 UTC 2018
2 ms. Memory: 621056K Free: 602488K (97%)
ptolemy.util.test.WatchDog.cancel(): canceling Sat Aug 25 02:00:49 UTC 2018
auto.tcl: Setting watchdog for 200 seconds at Sat Aug 25 02:00:49 UTC 2018
2 ms. Memory: 621056K Free: 602488K (97%)
ptolemy.util.test.WatchDog.cancel(): canceling Sat Aug 25 02:00:49 UTC 2018
------------------ testing $PTII/ptolemy/domains/de/test/auto/relationGroup2.xml
auto.tcl: Setting watchdog for 200 seconds at Sat Aug 25 02:00:49 UTC 2018
1 ms. Memory: 619520K Free: 600978K (97%)
ptolemy.util.test.WatchDog.cancel(): canceling Sat Aug 25 02:00:49 UTC 2018
auto.tcl: Setting watchdog for 200 seconds at Sat Aug 25 02:00:49 UTC 2018
2 ms. Memory: 619520K Free: 600978K (97%)
ptolemy.util.test.WatchDog.cancel(): canceling Sat Aug 25 02:00:49 UTC 2018
------------------ testing $PTII/ptolemy/domains/de/test/auto/sortWithOpaquePorts.xml
auto.tcl: Setting watchdog for 200 seconds at Sat Aug 25 02:00:49 UTC 2018
1 ms. Memory: 620544K Free: 596622K (96%)
ptolemy.util.test.WatchDog.cancel(): canceling Sat Aug 25 02:00:49 UTC 2018
auto.tcl: Setting watchdog for 200 seconds at Sat Aug 25 02:00:49 UTC 2018
2 ms. Memory: 620544K Free: 596622K (96%)
ptolemy.util.test.WatchDog.cancel(): canceling Sat Aug 25 02:00:49 UTC 2018
------------------ testing $PTII/ptolemy/domains/de/test/auto/transferInputsandOutputs.xml
auto.tcl: Setting watchdog for 200 seconds at Sat Aug 25 02:00:49 UTC 2018
3 ms. Memory: 619520K Free: 595586K (96%)
ptolemy.util.test.WatchDog.cancel(): canceling Sat Aug 25 02:00:49 UTC 2018
auto.tcl: Setting watchdog for 200 seconds at Sat Aug 25 02:00:49 UTC 2018
2 ms. Memory: 619520K Free: 595586K (96%)
ptolemy.util.test.WatchDog.cancel(): canceling Sat Aug 25 02:00:49 UTC 2018
------------------ testing $PTII/ptolemy/domains/de/test/auto/triggerType.xml
auto.tcl: Setting watchdog for 200 seconds at Sat Aug 25 02:00:49 UTC 2018
2 ms. Memory: 620544K Free: 596560K (96%)
ptolemy.util.test.WatchDog.cancel(): canceling Sat Aug 25 02:00:49 UTC 2018
auto.tcl: Setting watchdog for 200 seconds at Sat Aug 25 02:00:49 UTC 2018
2 ms. Memory: 620544K Free: 596560K (96%)
ptolemy.util.test.WatchDog.cancel(): canceling Sat Aug 25 02:00:49 UTC 2018
08/25/18 02:00:49
Failed: 0  Total Tests: 192  ((Passed: 187, Newly Passed: 1)  Known Failed: 5) /home/travis/build/icyphy/ptII/ptolemy/domains/de/test
08/25/18 02:00:49
Failed: 0  Total Tests: 192  ((Passed: 187, Newly Passed: 1)  Known Failed: 5) /home/travis/build/icyphy/ptII/ptolemy/domains/de/test
----------------- testing (KnownFailure) /home/travis/build/icyphy/ptII/ptolemy/domains/de/test/auto/knownFailedTests/DESDFClockTest.xml
2010 ms. Memory: 619520K Free: 584797K (94%)
Known Failure: java.lang.reflect.InvocationTargetException
----------------- testing (KnownFailure) /home/travis/build/icyphy/ptII/ptolemy/domains/de/test/auto/knownFailedTests/DirectFeedback.xml
2 ms. Memory: 619520K Free: 541748K (87%)
Known Failure: java.lang.reflect.InvocationTargetException
----------------- testing (KnownFailure) /home/travis/build/icyphy/ptII/ptolemy/domains/de/test/auto/knownFailedTests/FSMSource.xml
8 ms. Memory: 619520K Free: 498698K (80%)
----------------- testing (KnownFailure) /home/travis/build/icyphy/ptII/ptolemy/domains/de/test/auto/knownFailedTests/HierarchicalModel.xml
2 ms. Memory: 619520K Free: 466404K (75%)
Known Failure: java.lang.reflect.InvocationTargetException
----------------- testing (KnownFailure) /home/travis/build/icyphy/ptII/ptolemy/domains/de/test/auto/knownFailedTests/dependencyLoop.xml
1 ms. Memory: 619520K Free: 412584K (67%)
Known Failure: java.lang.reflect.InvocationTargetException
----------------- testing (KnownFailure) /home/travis/build/icyphy/ptII/ptolemy/domains/de/test/auto/knownFailedTests/dependencyLoop2.xml
2 ms. Memory: 619520K Free: 358765K (58%)
Known Failure: java.lang.reflect.InvocationTargetException
No auto/linux-amd64/*.xml tests in /home/travis/build/icyphy/ptII/ptolemy/domains/de/test
AutoTests.java: About to close Vertx.
AutoTests.java: Vertx closed.

===========================================================================================
----------------- testing Sat Aug 25 02:00:51 UTC 2018 /home/travis/build/icyphy/ptII/ptolemy/domains/de/test/auto/ActorDepthCalculation_actorWithoutPorts.xml
----------------- Instantiating /home/travis/build/icyphy/ptII/ptolemy/domains/de/test/auto/ActorDepthCalculation_actorWithoutPorts.xml
1 ms. Memory: 619520K Free: 304953K (49%)
----------------- Invoking toplevel() on ptolemy.moml.MoMLSimpleApplication@501351b9
----------------- Done invoking toplevel() on ptolemy.moml.MoMLSimpleApplication@501351b9
reloadAllAccessors: .ActorDepthCalculation_actorWithoutPorts

===========================================================================================
----------------- testing Sat Aug 25 02:00:51 UTC 2018 /home/travis/build/icyphy/ptII/ptolemy/domains/de/test/auto/AssemblyLine.xml
----------------- Instantiating /home/travis/build/icyphy/ptII/ptolemy/domains/de/test/auto/AssemblyLine.xml
2 ms. Memory: 619520K Free: 283429K (46%)
----------------- Invoking toplevel() on ptolemy.moml.MoMLSimpleApplication@949e2e3
----------------- Done invoking toplevel() on ptolemy.moml.MoMLSimpleApplication@949e2e3
reloadAllAccessors: .AssemblyLine

===========================================================================================
----------------- testing Sat Aug 25 02:00:51 UTC 2018 /home/travis/build/icyphy/ptII/ptolemy/domains/de/test/auto/CQBug1.xml
----------------- Instantiating /home/travis/build/icyphy/ptII/ptolemy/domains/de/test/auto/CQBug1.xml
1 ms. Memory: 619520K Free: 261904K (42%)
----------------- Invoking toplevel() on ptolemy.moml.MoMLSimpleApplication@61bd345f
----------------- Done invoking toplevel() on ptolemy.moml.MoMLSimpleApplication@61bd345f
reloadAllAccessors: .CQBug1

===========================================================================================
----------------- testing Sat Aug 25 02:00:51 UTC 2018 /home/travis/build/icyphy/ptII/ptolemy/domains/de/test/auto/CancelFireAt.xml
----------------- Instantiating /home/travis/build/icyphy/ptII/ptolemy/domains/de/test/auto/CancelFireAt.xml
0 ms. Memory: 619520K Free: 240380K (39%)
----------------- Invoking toplevel() on ptolemy.moml.MoMLSimpleApplication@78eaaf79
----------------- Done invoking toplevel() on ptolemy.moml.MoMLSimpleApplication@78eaaf79
reloadAllAccessors: .CancelFireAt

===========================================================================================
----------------- testing Sat Aug 25 02:00:51 UTC 2018 /home/travis/build/icyphy/ptII/ptolemy/domains/de/test/auto/CausalityAndComposabilityAnalysis.xml
----------------- Instantiating /home/travis/build/icyphy/ptII/ptolemy/domains/de/test/auto/CausalityAndComposabilityAnalysis.xml
2 ms. Memory: 619520K Free: 218855K (35%)
----------------- Invoking toplevel() on ptolemy.moml.MoMLSimpleApplication@5df6f043
----------------- Done invoking toplevel() on ptolemy.moml.MoMLSimpleApplication@5df6f043
reloadAllAccessors: .CausalityAndComposabilityAnalysis

===========================================================================================
----------------- testing Sat Aug 25 02:00:51 UTC 2018 /home/travis/build/icyphy/ptII/ptolemy/domains/de/test/auto/CausalityInterface1.xml
----------------- Instantiating /home/travis/build/icyphy/ptII/ptolemy/domains/de/test/auto/CausalityInterface1.xml
4 ms. Memory: 619520K Free: 197331K (32%)
----------------- Invoking toplevel() on ptolemy.moml.MoMLSimpleApplication@4b799b3
----------------- Done invoking toplevel() on ptolemy.moml.MoMLSimpleApplication@4b799b3
reloadAllAccessors: .CausalityInterface1

===========================================================================================
----------------- testing Sat Aug 25 02:00:51 UTC 2018 /home/travis/build/icyphy/ptII/ptolemy/domains/de/test/auto/CausalityInterface15.xml
----------------- Instantiating /home/travis/build/icyphy/ptII/ptolemy/domains/de/test/auto/CausalityInterface15.xml
1 ms. Memory: 619520K Free: 175806K (28%)
----------------- Invoking toplevel() on ptolemy.moml.MoMLSimpleApplication@6f8adf1f
----------------- Done invoking toplevel() on ptolemy.moml.MoMLSimpleApplication@6f8adf1f
reloadAllAccessors: .CausalityInterface15

[...]
java.lang.RuntimeException: Execution failed
	at ptolemy.moml.MoMLSimpleApplication$UnloadThread.run(MoMLSimpleApplication.java:402)
Caused by: ptolemy.kernel.util.IllegalActionException: Test fails in iteration 1.
Value was: 1.0. Should have been: 2.0
  in .DirectFeedback.Test
	at ptolemy.actor.lib.Test.fire(Test.java:268)
	at ptolemy.domains.de.kernel.DEDirector._fire(DEDirector.java:1949)
	at ptolemy.domains.de.kernel.DEDirector.fire(DEDirector.java:502)
	at ptolemy.actor.CompositeActor.fire(CompositeActor.java:455)
	at ptolemy.actor.Manager.iterate(Manager.java:851)
	at ptolemy.actor.Manager.execute(Manager.java:369)
	at ptolemy.actor.Manager.run(Manager.java:1263)
	at ptolemy.actor.Manager$PtolemyRunThread.run(Manager.java:1915)
java.lang.RuntimeException: Execution failed
	at ptolemy.moml.MoMLSimpleApplication$UnloadThread.run(MoMLSimpleApplication.java:402)
Caused by: ptolemy.kernel.util.IllegalActionException: Actor is not ready to fire.  Perhaps UpSample.prefire() returned false? Try debugging the actor by selecting "Listen to Actor".  Also, for SDF check moml for tokenConsumptionRate on input.
  in .DESDFClockTest.Play Bell.Copy1:SDF Director and .DESDFClockTest.Play Bell.UpSample
	at ptolemy.actor.sched.StaticSchedulingDirector.fire(StaticSchedulingDirector.java:227)
	at ptolemy.domains.sdf.kernel.SDFDirector.fire(SDFDirector.java:500)
	at ptolemy.actor.CompositeActor.fire(CompositeActor.java:455)
	at ptolemy.domains.de.kernel.DEDirector._fire(DEDirector.java:1949)
	at ptolemy.domains.de.kernel.DEDirector.fire(DEDirector.java:502)
	at ptolemy.actor.CompositeActor.fire(CompositeActor.java:455)
	at ptolemy.actor.Manager.iterate(Manager.java:851)
	at ptolemy.actor.Manager.execute(Manager.java:369)
	at ptolemy.actor.Manager.run(Manager.java:1263)
	at ptolemy.actor.Manager$PtolemyRunThread.run(Manager.java:1915)
java.lang.reflect.InvocationTargetException
	at sun.reflect.NativeConstructorAccessorImpl.newInstance0(Native Method)
	at sun.reflect.NativeConstructorAccessorImpl.newInstance(NativeConstructorAccessorImpl.java:62)
	at sun.reflect.DelegatingConstructorAccessorImpl.newInstance(DelegatingConstructorAccessorImpl.java:45)
	at java.lang.reflect.Constructor.newInstance(Constructor.java:423)
	at ptolemy.util.test.junit.AutoKnownFailedTests.RunModel(AutoKnownFailedTests.java:107)
	at sun.reflect.NativeMethodAccessorImpl.invoke0(Native Method)
	at sun.reflect.NativeMethodAccessorImpl.invoke(NativeMethodAccessorImpl.java:62)
	at sun.reflect.DelegatingMethodAccessorImpl.invoke(DelegatingMethodAccessorImpl.java:43)
	at java.lang.reflect.Method.invoke(Method.java:498)
	at org.junit.runners.model.FrameworkMethod$1.runReflectiveCall(FrameworkMethod.java:44)
	at org.junit.internal.runners.model.ReflectiveCallable.run(ReflectiveCallable.java:15)
	at org.junit.runners.model.FrameworkMethod.invokeExplosively(FrameworkMethod.java:41)
	at junitparams.internal.InvokeParameterisedMethod.evaluate(InvokeParameterisedMethod.java:102)
	at org.junit.internal.runners.statements.FailOnTimeout$1.run(FailOnTimeout.java:28)
Caused by: ptolemy.kernel.util.IllegalActionException: Actor is not ready to fire.  Perhaps UpSample.prefire() returned false? Try debugging the actor by selecting "Listen to Actor".  Also, for SDF check moml for tokenConsumptionRate on input.
  in .DESDFClockTest.Play Bell.Copy1:SDF Director and .DESDFClockTest.Play Bell.UpSample
	at ptolemy.actor.sched.StaticSchedulingDirector.fire(StaticSchedulingDirector.java:227)
	at ptolemy.domains.sdf.kernel.SDFDirector.fire(SDFDirector.java:500)
	at ptolemy.actor.CompositeActor.fire(CompositeActor.java:455)
	at ptolemy.domains.de.kernel.DEDirector._fire(DEDirector.java:1949)
	at ptolemy.domains.de.kernel.DEDirector.fire(DEDirector.java:502)
	at ptolemy.actor.CompositeActor.fire(CompositeActor.java:455)
	at ptolemy.actor.Manager.iterate(Manager.java:851)
	at ptolemy.actor.Manager.execute(Manager.java:369)
	at ptolemy.actor.Manager.run(Manager.java:1263)
	at ptolemy.actor.Manager$PtolemyRunThread.run(Manager.java:1915)
java.lang.RuntimeException: Execution failed
	at ptolemy.moml.MoMLSimpleApplication$UnloadThread.run(MoMLSimpleApplication.java:402)
Caused by: ptolemy.kernel.util.IllegalActionException: Test fails in iteration 1.
Value was: 1.0. Should have been: 2.0
  in .DirectFeedback.Test
	at ptolemy.actor.lib.Test.fire(Test.java:268)
	at ptolemy.domains.de.kernel.DEDirector._fire(DEDirector.java:1949)
	at ptolemy.domains.de.kernel.DEDirector.fire(DEDirector.java:502)
	at ptolemy.actor.CompositeActor.fire(CompositeActor.java:455)
	at ptolemy.actor.Manager.iterate(Manager.java:851)
	at ptolemy.actor.Manager.execute(Manager.java:369)
	at ptolemy.actor.Manager.run(Manager.java:1263)
	at ptolemy.actor.Manager$PtolemyRunThread.run(Manager.java:1915)
java.lang.reflect.InvocationTargetException
	at sun.reflect.NativeConstructorAccessorImpl.newInstance0(Native Method)
	at sun.reflect.NativeConstructorAccessorImpl.newInstance(NativeConstructorAccessorImpl.java:62)
	at sun.reflect.DelegatingConstructorAccessorImpl.newInstance(DelegatingConstructorAccessorImpl.java:45)
	at java.lang.reflect.Constructor.newInstance(Constructor.java:423)
	at ptolemy.util.test.junit.AutoKnownFailedTests.RunModel(AutoKnownFailedTests.java:107)
	at sun.reflect.NativeMethodAccessorImpl.invoke0(Native Method)
	at sun.reflect.NativeMethodAccessorImpl.invoke(NativeMethodAccessorImpl.java:62)
	at sun.reflect.DelegatingMethodAccessorImpl.invoke(DelegatingMethodAccessorImpl.java:43)
	at java.lang.reflect.Method.invoke(Method.java:498)
	at org.junit.runners.model.FrameworkMethod$1.runReflectiveCall(FrameworkMethod.java:44)
	at org.junit.internal.runners.model.ReflectiveCallable.run(ReflectiveCallable.java:15)
	at org.junit.runners.model.FrameworkMethod.invokeExplosively(FrameworkMethod.java:41)
	at junitparams.internal.InvokeParameterisedMethod.evaluate(InvokeParameterisedMethod.java:102)
	at org.junit.internal.runners.statements.FailOnTimeout$1.run(FailOnTimeout.java:28)
Caused by: ptolemy.kernel.util.IllegalActionException: Test fails in iteration 1.
Value was: 1.0. Should have been: 2.0
  in .DirectFeedback.Test
	at ptolemy.actor.lib.Test.fire(Test.java:268)
	at ptolemy.domains.de.kernel.DEDirector._fire(DEDirector.java:1949)
	at ptolemy.domains.de.kernel.DEDirector.fire(DEDirector.java:502)
	at ptolemy.actor.CompositeActor.fire(CompositeActor.java:455)
	at ptolemy.actor.Manager.iterate(Manager.java:851)
	at ptolemy.actor.Manager.execute(Manager.java:369)
	at ptolemy.actor.Manager.run(Manager.java:1263)
	at ptolemy.actor.Manager$PtolemyRunThread.run(Manager.java:1915)
java.lang.RuntimeException: Execution failed
	at ptolemy.moml.MoMLSimpleApplication$UnloadThread.run(MoMLSimpleApplication.java:402)
Caused by: ptolemy.kernel.util.IllegalActionException: Found a zero delay loop containing .HierarchicalModel.A
  in .HierarchicalModel and .HierarchicalModel.A
	at ptolemy.actor.util.CausalityInterfaceForComposites._computeOutputPortDepth(CausalityInterfaceForComposites.java:759)
	at ptolemy.actor.util.CausalityInterfaceForComposites._computeInputDepth(CausalityInterfaceForComposites.java:696)
	at ptolemy.actor.util.CausalityInterfaceForComposites._computeOutputPortDepth(CausalityInterfaceForComposites.java:765)
	at ptolemy.actor.util.CausalityInterfaceForComposites._computeInputDepth(CausalityInterfaceForComposites.java:696)
	at ptolemy.actor.util.CausalityInterfaceForComposites._computeOutputPortDepth(CausalityInterfaceForComposites.java:765)
	at ptolemy.actor.util.CausalityInterfaceForComposites._computeInputDepth(CausalityInterfaceForComposites.java:696)
	at ptolemy.actor.util.CausalityInterfaceForComposites._computeActorDepth(CausalityInterfaceForComposites.java:532)
	at ptolemy.actor.util.CausalityInterfaceForComposites.checkForCycles(CausalityInterfaceForComposites.java:96)
	at ptolemy.domains.de.kernel.DEDirector.preinitialize(DEDirector.java:1338)
	at ptolemy.actor.CompositeActor.preinitialize(CompositeActor.java:1828)
	at ptolemy.actor.Manager.preinitializeAndResolveTypes(Manager.java:1040)
	at ptolemy.actor.Manager.initialize(Manager.java:710)
	at ptolemy.actor.Manager.execute(Manager.java:356)
	at ptolemy.actor.Manager.run(Manager.java:1263)
	at ptolemy.actor.Manager$PtolemyRunThread.run(Manager.java:1915)
java.lang.reflect.InvocationTargetException
	at sun.reflect.NativeConstructorAccessorImpl.newInstance0(Native Method)
	at sun.reflect.NativeConstructorAccessorImpl.newInstance(NativeConstructorAccessorImpl.java:62)
	at sun.reflect.DelegatingConstructorAccessorImpl.newInstance(DelegatingConstructorAccessorImpl.java:45)
	at java.lang.reflect.Constructor.newInstance(Constructor.java:423)
	at ptolemy.util.test.junit.AutoKnownFailedTests.RunModel(AutoKnownFailedTests.java:107)
	at sun.reflect.NativeMethodAccessorImpl.invoke0(Native Method)
	at sun.reflect.NativeMethodAccessorImpl.invoke(NativeMethodAccessorImpl.java:62)
	at sun.reflect.DelegatingMethodAccessorImpl.invoke(DelegatingMethodAccessorImpl.java:43)
	at java.lang.reflect.Method.invoke(Method.java:498)
	at org.junit.runners.model.FrameworkMethod$1.runReflectiveCall(FrameworkMethod.java:44)
	at org.junit.internal.runners.model.ReflectiveCallable.run(ReflectiveCallable.java:15)
	at org.junit.runners.model.FrameworkMethod.invokeExplosively(FrameworkMethod.java:41)
	at junitparams.internal.InvokeParameterisedMethod.evaluate(InvokeParameterisedMethod.java:102)
	at org.junit.internal.runners.statements.FailOnTimeout$1.run(FailOnTimeout.java:28)
Caused by: ptolemy.kernel.util.IllegalActionException: Found a zero delay loop containing .HierarchicalModel.A
  in .HierarchicalModel and .HierarchicalModel.A
	at ptolemy.actor.util.CausalityInterfaceForComposites._computeOutputPortDepth(CausalityInterfaceForComposites.java:759)
	at ptolemy.actor.util.CausalityInterfaceForComposites._computeInputDepth(CausalityInterfaceForComposites.java:696)
	at ptolemy.actor.util.CausalityInterfaceForComposites._computeOutputPortDepth(CausalityInterfaceForComposites.java:765)
	at ptolemy.actor.util.CausalityInterfaceForComposites._computeInputDepth(CausalityInterfaceForComposites.java:696)
	at ptolemy.actor.util.CausalityInterfaceForComposites._computeOutputPortDepth(CausalityInterfaceForComposites.java:765)
	at ptolemy.actor.util.CausalityInterfaceForComposites._computeInputDepth(CausalityInterfaceForComposites.java:696)
	at ptolemy.actor.util.CausalityInterfaceForComposites._computeActorDepth(CausalityInterfaceForComposites.java:532)
	at ptolemy.actor.util.CausalityInterfaceForComposites.checkForCycles(CausalityInterfaceForComposites.java:96)
	at ptolemy.domains.de.kernel.DEDirector.preinitialize(DEDirector.java:1338)
	at ptolemy.actor.CompositeActor.preinitialize(CompositeActor.java:1828)
	at ptolemy.actor.Manager.preinitializeAndResolveTypes(Manager.java:1040)
	at ptolemy.actor.Manager.initialize(Manager.java:710)
	at ptolemy.actor.Manager.execute(Manager.java:356)
	at ptolemy.actor.Manager.run(Manager.java:1263)
	at ptolemy.actor.Manager$PtolemyRunThread.run(Manager.java:1915)
java.lang.RuntimeException: Execution failed
	at ptolemy.moml.MoMLSimpleApplication$UnloadThread.run(MoMLSimpleApplication.java:402)
Caused by: ptolemy.kernel.util.IllegalActionException: Found a zero delay loop containing .dependencyLoop.original
  in .dependencyLoop and .dependencyLoop.original
	at ptolemy.actor.util.CausalityInterfaceForComposites._computeOutputPortDepth(CausalityInterfaceForComposites.java:759)
	at ptolemy.actor.util.CausalityInterfaceForComposites._computeInputDepth(CausalityInterfaceForComposites.java:696)
	at ptolemy.actor.util.CausalityInterfaceForComposites._computeOutputPortDepth(CausalityInterfaceForComposites.java:765)
	at ptolemy.actor.util.CausalityInterfaceForComposites._computeInputDepth(CausalityInterfaceForComposites.java:696)
	at ptolemy.actor.util.CausalityInterfaceForComposites._computeOutputPortDepth(CausalityInterfaceForComposites.java:765)
	at ptolemy.actor.util.CausalityInterfaceForComposites._computeInputDepth(CausalityInterfaceForComposites.java:696)
	at ptolemy.actor.util.CausalityInterfaceForComposites._computeActorDepth(CausalityInterfaceForComposites.java:532)
	at ptolemy.actor.util.CausalityInterfaceForComposites.checkForCycles(CausalityInterfaceForComposites.java:96)
	at ptolemy.domains.de.kernel.DEDirector.preinitialize(DEDirector.java:1338)
	at ptolemy.actor.CompositeActor.preinitialize(CompositeActor.java:1828)
	at ptolemy.actor.Manager.preinitializeAndResolveTypes(Manager.java:1040)
	at ptolemy.actor.Manager.initialize(Manager.java:710)
	at ptolemy.actor.Manager.execute(Manager.java:356)
	at ptolemy.actor.Manager.run(Manager.java:1263)
	at ptolemy.actor.Manager$PtolemyRunThread.run(Manager.java:1915)
java.lang.reflect.InvocationTargetException
	at sun.reflect.NativeConstructorAccessorImpl.newInstance0(Native Method)
	at sun.reflect.NativeConstructorAccessorImpl.newInstance(NativeConstructorAccessorImpl.java:62)
	at sun.reflect.DelegatingConstructorAccessorImpl.newInstance(DelegatingConstructorAccessorImpl.java:45)
	at java.lang.reflect.Constructor.newInstance(Constructor.java:423)
	at ptolemy.util.test.junit.AutoKnownFailedTests.RunModel(AutoKnownFailedTests.java:107)
	at sun.reflect.NativeMethodAccessorImpl.invoke0(Native Method)
	at sun.reflect.NativeMethodAccessorImpl.invoke(NativeMethodAccessorImpl.java:62)
	at sun.reflect.DelegatingMethodAccessorImpl.invoke(DelegatingMethodAccessorImpl.java:43)
	at java.lang.reflect.Method.invoke(Method.java:498)
	at org.junit.runners.model.FrameworkMethod$1.runReflectiveCall(FrameworkMethod.java:44)
	at org.junit.internal.runners.model.ReflectiveCallable.run(ReflectiveCallable.java:15)
	at org.junit.runners.model.FrameworkMethod.invokeExplosively(FrameworkMethod.java:41)
	at junitparams.internal.InvokeParameterisedMethod.evaluate(InvokeParameterisedMethod.java:102)
	at org.junit.internal.runners.statements.FailOnTimeout$1.run(FailOnTimeout.java:28)
Caused by: ptolemy.kernel.util.IllegalActionException: Found a zero delay loop containing .dependencyLoop.original
  in .dependencyLoop and .dependencyLoop.original
	at ptolemy.actor.util.CausalityInterfaceForComposites._computeOutputPortDepth(CausalityInterfaceForComposites.java:759)
	at ptolemy.actor.util.CausalityInterfaceForComposites._computeInputDepth(CausalityInterfaceForComposites.java:696)
	at ptolemy.actor.util.CausalityInterfaceForComposites._computeOutputPortDepth(CausalityInterfaceForComposites.java:765)
	at ptolemy.actor.util.CausalityInterfaceForComposites._computeInputDepth(CausalityInterfaceForComposites.java:696)
	at ptolemy.actor.util.CausalityInterfaceForComposites._computeOutputPortDepth(CausalityInterfaceForComposites.java:765)
	at ptolemy.actor.util.CausalityInterfaceForComposites._computeInputDepth(CausalityInterfaceForComposites.java:696)
	at ptolemy.actor.util.CausalityInterfaceForComposites._computeActorDepth(CausalityInterfaceForComposites.java:532)
	at ptolemy.actor.util.CausalityInterfaceForComposites.checkForCycles(CausalityInterfaceForComposites.java:96)
	at ptolemy.domains.de.kernel.DEDirector.preinitialize(DEDirector.java:1338)
	at ptolemy.actor.CompositeActor.preinitialize(CompositeActor.java:1828)
	at ptolemy.actor.Manager.preinitializeAndResolveTypes(Manager.java:1040)
	at ptolemy.actor.Manager.initialize(Manager.java:710)
	at ptolemy.actor.Manager.execute(Manager.java:356)
	at ptolemy.actor.Manager.run(Manager.java:1263)
	at ptolemy.actor.Manager$PtolemyRunThread.run(Manager.java:1915)
java.lang.RuntimeException: Execution failed
	at ptolemy.moml.MoMLSimpleApplication$UnloadThread.run(MoMLSimpleApplication.java:402)
Caused by: ptolemy.kernel.util.IllegalActionException: Found a zero delay loop containing .dependencyLoop2.original
  in .dependencyLoop2 and .dependencyLoop2.original
	at ptolemy.actor.util.CausalityInterfaceForComposites._computeOutputPortDepth(CausalityInterfaceForComposites.java:759)
	at ptolemy.actor.util.CausalityInterfaceForComposites._computeInputDepth(CausalityInterfaceForComposites.java:696)
	at ptolemy.actor.util.CausalityInterfaceForComposites._computeOutputPortDepth(CausalityInterfaceForComposites.java:765)
	at ptolemy.actor.util.CausalityInterfaceForComposites._computeInputDepth(CausalityInterfaceForComposites.java:696)
	at ptolemy.actor.util.CausalityInterfaceForComposites._computeOutputPortDepth(CausalityInterfaceForComposites.java:765)
	at ptolemy.actor.util.CausalityInterfaceForComposites._computeInputDepth(CausalityInterfaceForComposites.java:696)
	at ptolemy.actor.util.CausalityInterfaceForComposites._computeActorDepth(CausalityInterfaceForComposites.java:532)
	at ptolemy.actor.util.CausalityInterfaceForComposites.checkForCycles(CausalityInterfaceForComposites.java:96)
	at ptolemy.domains.de.kernel.DEDirector.preinitialize(DEDirector.java:1338)
	at ptolemy.actor.CompositeActor.preinitialize(CompositeActor.java:1828)
	at ptolemy.actor.Manager.preinitializeAndResolveTypes(Manager.java:1040)
	at ptolemy.actor.Manager.initialize(Manager.java:710)
	at ptolemy.actor.Manager.execute(Manager.java:356)
	at ptolemy.actor.Manager.run(Manager.java:1263)
	at ptolemy.actor.Manager$PtolemyRunThread.run(Manager.java:1915)
java.lang.reflect.InvocationTargetException
	at sun.reflect.NativeConstructorAccessorImpl.newInstance0(Native Method)
	at sun.reflect.NativeConstructorAccessorImpl.newInstance(NativeConstructorAccessorImpl.java:62)
	at sun.reflect.DelegatingConstructorAccessorImpl.newInstance(DelegatingConstructorAccessorImpl.java:45)
	at java.lang.reflect.Constructor.newInstance(Constructor.java:423)
	at ptolemy.util.test.junit.AutoKnownFailedTests.RunModel(AutoKnownFailedTests.java:107)
	at sun.reflect.NativeMethodAccessorImpl.invoke0(Native Method)
	at sun.reflect.NativeMethodAccessorImpl.invoke(NativeMethodAccessorImpl.java:62)
	at sun.reflect.DelegatingMethodAccessorImpl.invoke(DelegatingMethodAccessorImpl.java:43)
	at java.lang.reflect.Method.invoke(Method.java:498)
	at org.junit.runners.model.FrameworkMethod$1.runReflectiveCall(FrameworkMethod.java:44)
	at org.junit.internal.runners.model.ReflectiveCallable.run(ReflectiveCallable.java:15)
	at org.junit.runners.model.FrameworkMethod.invokeExplosively(FrameworkMethod.java:41)
	at junitparams.internal.InvokeParameterisedMethod.evaluate(InvokeParameterisedMethod.java:102)
	at org.junit.internal.runners.statements.FailOnTimeout$1.run(FailOnTimeout.java:28)
Caused by: ptolemy.kernel.util.IllegalActionException: Found a zero delay loop containing .dependencyLoop2.original
  in .dependencyLoop2 and .dependencyLoop2.original
	at ptolemy.actor.util.CausalityInterfaceForComposites._computeOutputPortDepth(CausalityInterfaceForComposites.java:759)
	at ptolemy.actor.util.CausalityInterfaceForComposites._computeInputDepth(CausalityInterfaceForComposites.java:696)
	at ptolemy.actor.util.CausalityInterfaceForComposites._computeOutputPortDepth(CausalityInterfaceForComposites.java:765)
	at ptolemy.actor.util.CausalityInterfaceForComposites._computeInputDepth(CausalityInterfaceForComposites.java:696)
	at ptolemy.actor.util.CausalityInterfaceForComposites._computeOutputPortDepth(CausalityInterfaceForComposites.java:765)
	at ptolemy.actor.util.CausalityInterfaceForComposites._computeInputDepth(CausalityInterfaceForComposites.java:696)
	at ptolemy.actor.util.CausalityInterfaceForComposites._computeActorDepth(CausalityInterfaceForComposites.java:532)
	at ptolemy.actor.util.CausalityInterfaceForComposites.checkForCycles(CausalityInterfaceForComposites.java:96)
	at ptolemy.domains.de.kernel.DEDirector.preinitialize(DEDirector.java:1338)
	at ptolemy.actor.CompositeActor.preinitialize(CompositeActor.java:1828)
	at ptolemy.actor.Manager.preinitializeAndResolveTypes(Manager.java:1040)
	at ptolemy.actor.Manager.initialize(Manager.java:710)
	at ptolemy.actor.Manager.execute(Manager.java:356)
	at ptolemy.actor.Manager.run(Manager.java:1263)
	at ptolemy.actor.Manager$PtolemyRunThread.run(Manager.java:1915)
]]></system-err>
</testsuite>
