<?xml version="1.0" encoding="UTF-8" ?>
<testsuite errors="0" failures="0" hostname="travis-job-c0447fec-15be-4d55-949a-294791b64e51" name="ptolemy.domains.sdf.test.junit.JUnitTclTest" skipped="0" tests="66" time="22.391" timestamp="2019-11-02T06:46:30">
  <properties>
[...]
</properties>
  <testcase classname="ptolemy.util.test.junit.TclTests" name="[0] /home/travis/build/icyphy/ptII/ptolemy/domains/sdf/test/SDFSchedulerErrors.tcl (RunTclFile)" time="1.046" />
  <testcase classname="ptolemy.util.test.junit.TclTests" name="[1] /home/travis/build/icyphy/ptII/ptolemy/domains/sdf/test/composition.tcl (RunTclFile)" time="0.172" />
  <testcase classname="ptolemy.util.test.junit.TclTests" name="[2] /home/travis/build/icyphy/ptII/ptolemy/domains/sdf/test/cycle.tcl (RunTclFile)" time="0.077" />
  <testcase classname="ptolemy.util.test.junit.AutoKnownFailedTests" name="[0] ThereAreNoKnowFailedTests (RunModel)" time="0.007" />
  <testcase classname="ptolemy.util.test.junit.AutoNameArchTests" name="[0] ThereAreNoAutoArchTests (RunModel)" time="0.003" />
  <testcase classname="ptolemy.util.test.junit.AutoTests" name="[0] /home/travis/build/icyphy/ptII/ptolemy/domains/sdf/test/auto/Array.xml (RunModel)" time="0.287" />
  <testcase classname="ptolemy.util.test.junit.AutoTests" name="[1] /home/travis/build/icyphy/ptII/ptolemy/domains/sdf/test/auto/Butterfly.xml (RunModel)" time="0.17" />
  <testcase classname="ptolemy.util.test.junit.AutoTests" name="[2] /home/travis/build/icyphy/ptII/ptolemy/domains/sdf/test/auto/Expression.xml (RunModel)" time="0.181" />
  <testcase classname="ptolemy.util.test.junit.AutoTests" name="[3] /home/travis/build/icyphy/ptII/ptolemy/domains/sdf/test/auto/Eye.xml (RunModel)" time="0.26" />
  <testcase classname="ptolemy.util.test.junit.AutoTests" name="[4] /home/travis/build/icyphy/ptII/ptolemy/domains/sdf/test/auto/FixFIR.xml (RunModel)" time="0.433" />
  <testcase classname="ptolemy.util.test.junit.AutoTests" name="[5] /home/travis/build/icyphy/ptII/ptolemy/domains/sdf/test/auto/FixPoint.xml (RunModel)" time="0.027" />
  <testcase classname="ptolemy.util.test.junit.AutoTests" name="[6] /home/travis/build/icyphy/ptII/ptolemy/domains/sdf/test/auto/Gravitation.xml (RunModel)" time="3.295" />
  <testcase classname="ptolemy.util.test.junit.AutoTests" name="[7] /home/travis/build/icyphy/ptII/ptolemy/domains/sdf/test/auto/GravitationWithCollisionDetection.xml (RunModel)" time="7.706" />
  <testcase classname="ptolemy.util.test.junit.AutoTests" name="[8] /home/travis/build/icyphy/ptII/ptolemy/domains/sdf/test/auto/HDF.xml (RunModel)" time="0.155" />
  <testcase classname="ptolemy.util.test.junit.AutoTests" name="[9] /home/travis/build/icyphy/ptII/ptolemy/domains/sdf/test/auto/HDFwithTransientStates.xml (RunModel)" time="0.091" />
  <testcase classname="ptolemy.util.test.junit.AutoTests" name="[10] /home/travis/build/icyphy/ptII/ptolemy/domains/sdf/test/auto/HTVQ.xml (RunModel)" time="0.954" />
  <testcase classname="ptolemy.util.test.junit.AutoTests" name="[11] /home/travis/build/icyphy/ptII/ptolemy/domains/sdf/test/auto/InferInitProduction.xml (RunModel)" time="0.03" />
  <testcase classname="ptolemy.util.test.junit.AutoTests" name="[12] /home/travis/build/icyphy/ptII/ptolemy/domains/sdf/test/auto/InferInitProductionDeeper.xml (RunModel)" time="0.024" />
  <testcase classname="ptolemy.util.test.junit.AutoTests" name="[13] /home/travis/build/icyphy/ptII/ptolemy/domains/sdf/test/auto/LMSAdaptive.xml (RunModel)" time="0.114" />
  <testcase classname="ptolemy.util.test.junit.AutoTests" name="[14] /home/travis/build/icyphy/ptII/ptolemy/domains/sdf/test/auto/LogisticMap.xml (RunModel)" time="0.471" />
  <testcase classname="ptolemy.util.test.junit.AutoTests" name="[15] /home/travis/build/icyphy/ptII/ptolemy/domains/sdf/test/auto/MaximumEntropySpectrum.xml (RunModel)" time="0.316" />
  <testcase classname="ptolemy.util.test.junit.AutoTests" name="[16] /home/travis/build/icyphy/ptII/ptolemy/domains/sdf/test/auto/MultirateSDF.xml (RunModel)" time="0.072" />
  <testcase classname="ptolemy.util.test.junit.AutoTests" name="[17] /home/travis/build/icyphy/ptII/ptolemy/domains/sdf/test/auto/MultirateSDFwithTransientStates.xml (RunModel)" time="0.11" />
  <testcase classname="ptolemy.util.test.junit.AutoTests" name="[18] /home/travis/build/icyphy/ptII/ptolemy/domains/sdf/test/auto/NoisySinewave.xml (RunModel)" time="0.072" />
  <testcase classname="ptolemy.util.test.junit.AutoTests" name="[19] /home/travis/build/icyphy/ptII/ptolemy/domains/sdf/test/auto/Objects.xml (RunModel)" time="0.05" />
  <testcase classname="ptolemy.util.test.junit.AutoTests" name="[20] /home/travis/build/icyphy/ptII/ptolemy/domains/sdf/test/auto/OrthogonalCom.xml (RunModel)" time="0.05" />
  <testcase classname="ptolemy.util.test.junit.AutoTests" name="[21] /home/travis/build/icyphy/ptII/ptolemy/domains/sdf/test/auto/RijndaelEncryption.xml (RunModel)" time="0.558" />
  <testcase classname="ptolemy.util.test.junit.AutoTests" name="[22] /home/travis/build/icyphy/ptII/ptolemy/domains/sdf/test/auto/SDFEmptyIterations.xml (RunModel)" time="0.032" />
  <testcase classname="ptolemy.util.test.junit.AutoTests" name="[23] /home/travis/build/icyphy/ptII/ptolemy/domains/sdf/test/auto/Spectrum.xml (RunModel)" time="0.113" />
  <testcase classname="ptolemy.util.test.junit.AutoTests" name="[24] /home/travis/build/icyphy/ptII/ptolemy/domains/sdf/test/auto/de_inside_sdf.xml (RunModel)" time="0.028" />
  <testcase classname="ptolemy.util.test.junit.AutoTests" name="[25] /home/travis/build/icyphy/ptII/ptolemy/domains/sdf/test/auto/disconnectedHierarchicalSDF.xml (RunModel)" time="0.027" />
  <testcase classname="ptolemy.util.test.junit.AutoTests" name="[26] /home/travis/build/icyphy/ptII/ptolemy/domains/sdf/test/auto/disconnectedSDF.xml (RunModel)" time="0.023" />
  <testcase classname="ptolemy.util.test.junit.AutoTests" name="[27] /home/travis/build/icyphy/ptII/ptolemy/domains/sdf/test/auto/emptyRefinement.xml (RunModel)" time="0.021" />
  <testcase classname="ptolemy.util.test.junit.AutoTests" name="[28] /home/travis/build/icyphy/ptII/ptolemy/domains/sdf/test/auto/filePortParameter.xml (RunModel)" time="0.065" />
  <testcase classname="ptolemy.util.test.junit.AutoTests" name="[29] /home/travis/build/icyphy/ptII/ptolemy/domains/sdf/test/auto/inferRelationWidth1.xml (RunModel)" time="0.015" />
  <testcase classname="ptolemy.util.test.junit.AutoTests" name="[30] /home/travis/build/icyphy/ptII/ptolemy/domains/sdf/test/auto/initProductionInference.xml (RunModel)" time="0.023" />
  <testcase classname="ptolemy.util.test.junit.AutoTests" name="[31] /home/travis/build/icyphy/ptII/ptolemy/domains/sdf/test/auto/relationGroup.xml (RunModel)" time="0.022" />
  <testcase classname="ptolemy.util.test.junit.AutoTests" name="[32] /home/travis/build/icyphy/ptII/ptolemy/domains/sdf/test/auto/relationGroup10.xml (RunModel)" time="0.017" />
  <testcase classname="ptolemy.util.test.junit.AutoTests" name="[33] /home/travis/build/icyphy/ptII/ptolemy/domains/sdf/test/auto/relationGroup11.xml (RunModel)" time="0.015" />
  <testcase classname="ptolemy.util.test.junit.AutoTests" name="[34] /home/travis/build/icyphy/ptII/ptolemy/domains/sdf/test/auto/relationGroup12.xml (RunModel)" time="0.022" />
  <testcase classname="ptolemy.util.test.junit.AutoTests" name="[35] /home/travis/build/icyphy/ptII/ptolemy/domains/sdf/test/auto/relationGroup13.xml (RunModel)" time="0.022" />
  <testcase classname="ptolemy.util.test.junit.AutoTests" name="[36] /home/travis/build/icyphy/ptII/ptolemy/domains/sdf/test/auto/relationGroup14.xml (RunModel)" time="0.017" />
  <testcase classname="ptolemy.util.test.junit.AutoTests" name="[37] /home/travis/build/icyphy/ptII/ptolemy/domains/sdf/test/auto/relationGroup15.xml (RunModel)" time="0.016" />
  <testcase classname="ptolemy.util.test.junit.AutoTests" name="[38] /home/travis/build/icyphy/ptII/ptolemy/domains/sdf/test/auto/relationGroup2.xml (RunModel)" time="0.013" />
  <testcase classname="ptolemy.util.test.junit.AutoTests" name="[39] /home/travis/build/icyphy/ptII/ptolemy/domains/sdf/test/auto/relationGroup3.xml (RunModel)" time="0.018" />
  <testcase classname="ptolemy.util.test.junit.AutoTests" name="[40] /home/travis/build/icyphy/ptII/ptolemy/domains/sdf/test/auto/relationGroup4.xml (RunModel)" time="0.017" />
  <testcase classname="ptolemy.util.test.junit.AutoTests" name="[41] /home/travis/build/icyphy/ptII/ptolemy/domains/sdf/test/auto/relationGroup5.xml (RunModel)" time="0.015" />
  <testcase classname="ptolemy.util.test.junit.AutoTests" name="[42] /home/travis/build/icyphy/ptII/ptolemy/domains/sdf/test/auto/relationGroup6.xml (RunModel)" time="0.014" />
  <testcase classname="ptolemy.util.test.junit.AutoTests" name="[43] /home/travis/build/icyphy/ptII/ptolemy/domains/sdf/test/auto/relationGroup7.xml (RunModel)" time="0.01" />
  <testcase classname="ptolemy.util.test.junit.AutoTests" name="[44] /home/travis/build/icyphy/ptII/ptolemy/domains/sdf/test/auto/relationGroup8.xml (RunModel)" time="0.018" />
  <testcase classname="ptolemy.util.test.junit.AutoTests" name="[45] /home/travis/build/icyphy/ptII/ptolemy/domains/sdf/test/auto/relationGroup9.xml (RunModel)" time="0.018" />
  <testcase classname="ptolemy.util.test.junit.AutoTests" name="[46] /home/travis/build/icyphy/ptII/ptolemy/domains/sdf/test/auto/sdf_inside_de.xml (RunModel)" time="0.038" />
  <testcase classname="ptolemy.util.test.junit.AutoTests" name="[47] /home/travis/build/icyphy/ptII/ptolemy/domains/sdf/test/auto/sdf_inside_pn.xml (RunModel)" time="0.059" />
  <testcase classname="ptolemy.util.test.junit.AutoTests" name="[48] /home/travis/build/icyphy/ptII/ptolemy/domains/sdf/test/auto/sdf_sdf1.xml (RunModel)" time="0.025" />
  <testcase classname="ptolemy.util.test.junit.AutoTests" name="[49] /home/travis/build/icyphy/ptII/ptolemy/domains/sdf/test/auto/test1.xml (RunModel)" time="0.016" />
  <testcase classname="ptolemy.util.test.junit.AutoTests" name="[50] /home/travis/build/icyphy/ptII/ptolemy/domains/sdf/test/auto/time1.xml (RunModel)" time="0.011" />
  <testcase classname="ptolemy.util.test.junit.AutoTests" name="[51] /home/travis/build/icyphy/ptII/ptolemy/domains/sdf/test/auto/time2.xml (RunModel)" time="0.01" />
  <testcase classname="ptolemy.util.test.junit.AutoTests" name="[52] /home/travis/build/icyphy/ptII/ptolemy/domains/sdf/test/auto/time3.xml (RunModel)" time="0.022" />
  <testcase classname="ptolemy.util.test.junit.AutoTests" name="[53] /home/travis/build/icyphy/ptII/ptolemy/domains/sdf/test/auto/time4.xml (RunModel)" time="0.016" />
  <testcase classname="ptolemy.util.test.junit.AutoTests" name="[54] /home/travis/build/icyphy/ptII/ptolemy/domains/sdf/test/auto/time5.xml (RunModel)" time="4.009" />
  <testcase classname="ptolemy.util.test.junit.AutoTests" name="[55] /home/travis/build/icyphy/ptII/ptolemy/domains/sdf/test/auto/typeSystem_Const_Integer_smallest_Type.xml (RunModel)" time="0.049" />
  <testcase classname="ptolemy.util.test.junit.AutoTests" name="[56] /home/travis/build/icyphy/ptII/ptolemy/domains/sdf/test/auto/typeSystem_declared_Inports_OutportTypeException.xml (RunModel)" time="0.017" />
  <testcase classname="ptolemy.util.test.junit.AutoTests" name="[57] /home/travis/build/icyphy/ptII/ptolemy/domains/sdf/test/auto/typeSystem_oneDeclaredInportType_wrongTypeOutport.xml (RunModel)" time="0.014" />
  <testcase classname="ptolemy.util.test.junit.AutoTests" name="[58] /home/travis/build/icyphy/ptII/ptolemy/domains/sdf/test/auto/width.xml (RunModel)" time="0.014" />
  <testcase classname="ptolemy.util.test.junit.AutoTests" name="[59] /home/travis/build/icyphy/ptII/ptolemy/domains/sdf/test/auto/width2.xml (RunModel)" time="0.04" />
  <testcase classname="ptolemy.util.test.junit.AutoTests" name="[60] /home/travis/build/icyphy/ptII/ptolemy/domains/sdf/test/auto/width3.xml (RunModel)" time="0.042" />
  <system-out><![CDATA[/home/travis/build/icyphy/ptII/ptolemy/domains/sdf/test/SDFSchedulerErrors.tcl
testDefs.tcl: setting time out to 9000 seconds at Sat Nov 02 06:46:30 UTC 2019
80 ms. Memory: 120832K Free: 82371K (68%)
17 ms. Memory: 120832K Free: 74696K (62%)
15 ms. Memory: 120832K Free: 68023K (56%)
19 ms. Memory: 120832K Free: 65480K (54%)
/home/travis/build/icyphy/ptII/ptolemy/domains/sdf/test/composition.tcl
28 ms. Memory: 120832K Free: 61384K (51%)
8 ms. Memory: 120832K Free: 59336K (49%)
/home/travis/build/icyphy/ptII/ptolemy/domains/sdf/test/cycle.tcl
.Toplevel.Director Preinitializing ...
Invoking preinitialize():  .Toplevel.Actor1
Invoking preinitialize():  .Toplevel.Actor2
Invoking preinitialize():  .Toplevel.Delay
.Toplevel.Director Finished preinitialize().
### Schedule:
Execute Schedule{
Fire Actor ptolemy.domains.sdf.kernel.test.SDFTestDelay {.Toplevel.Actor1}
Fire Actor ptolemy.domains.sdf.kernel.test.SDFTestDelay {.Toplevel.Actor2}
Fire Actor ptolemy.domains.sdf.lib.SampleDelay {.Toplevel.Delay}
}
### End schedule
Called initialize().
Invoking initialize():  .Toplevel.Actor1
Initializing actor: .Toplevel.Actor1.
Invoking initialize():  .Toplevel.Actor2
Initializing actor: .Toplevel.Actor2.
Invoking initialize():  .Toplevel.Delay
Initializing actor: .Toplevel.Delay.
Director: Called prefire().
-- Setting current time to 0.0
Director prefire returns true.
The actor .Toplevel.Actor1 will be iterated.
The actor .Toplevel.Actor1 was iterated.
The actor .Toplevel.Actor2 will be iterated.
The actor .Toplevel.Actor2 was iterated.
The actor .Toplevel.Delay will be iterated.
The actor .Toplevel.Delay was iterated.
Director: Called postfire().
Postfire returns: true
Director: Called prefire().
-- Setting current time to 0.0
Director prefire returns true.
The actor .Toplevel.Actor1 will be iterated.
The actor .Toplevel.Actor1 was iterated.
The actor .Toplevel.Actor2 will be iterated.
The actor .Toplevel.Actor2 was iterated.
The actor .Toplevel.Delay will be iterated.
The actor .Toplevel.Delay was iterated.
Director: Called postfire().
Postfire returns: true
Director: Called prefire().
-- Setting current time to 0.0
Director prefire returns true.
The actor .Toplevel.Actor1 will be iterated.
The actor .Toplevel.Actor1 was iterated.
The actor .Toplevel.Actor2 will be iterated.
The actor .Toplevel.Actor2 was iterated.
The actor .Toplevel.Delay will be iterated.
The actor .Toplevel.Delay was iterated.
Director: Called postfire().
Postfire returns: true
Director: Called prefire().
-- Setting current time to 0.0
Director prefire returns true.
The actor .Toplevel.Actor1 will be iterated.
The actor .Toplevel.Actor1 was iterated.
The actor .Toplevel.Actor2 will be iterated.
The actor .Toplevel.Actor2 was iterated.
The actor .Toplevel.Delay will be iterated.
The actor .Toplevel.Delay was iterated.
Director: Called postfire().
Postfire returns: true
Director: Called prefire().
-- Setting current time to 0.0
Director prefire returns true.
The actor .Toplevel.Actor1 will be iterated.
The actor .Toplevel.Actor1 was iterated.
The actor .Toplevel.Actor2 will be iterated.
The actor .Toplevel.Actor2 was iterated.
The actor .Toplevel.Delay will be iterated.
The actor .Toplevel.Delay was iterated.
Director: Called postfire().
Postfire returns: true
Director: Called prefire().
-- Setting current time to 0.0
Director prefire returns true.
The actor .Toplevel.Actor1 will be iterated.
The actor .Toplevel.Actor1 was iterated.
The actor .Toplevel.Actor2 will be iterated.
The actor .Toplevel.Actor2 was iterated.
The actor .Toplevel.Delay will be iterated.
The actor .Toplevel.Delay was iterated.
Reached specified number of iterations: 6
Director: Called wrapup().
40 ms. Memory: 120832K Free: 56264K (47%)
11/02/19 06:46:32
Failed: 0  Total Tests: 8  ((Passed: 8, Newly Passed: 0)  Known Failed: 0) /home/travis/build/icyphy/ptII/ptolemy/domains/sdf/test
No auto/knownFailedTests/*.xml tests in /home/travis/build/icyphy/ptII/ptolemy/domains/sdf/test
No auto/linux-amd64/*.xml tests in /home/travis/build/icyphy/ptII/ptolemy/domains/sdf/test
AutoTests.java: About to close Vertx.
AutoTests.java: Vertx closed.

===========================================================================================
----------------- testing Sat Nov 02 06:46:32 UTC 2019 /home/travis/build/icyphy/ptII/ptolemy/domains/sdf/test/auto/Array.xml
----------------- Instantiating /home/travis/build/icyphy/ptII/ptolemy/domains/sdf/test/auto/Array.xml
75 ms. Memory: 120832K Free: 97095K (80%)
----------------- Invoking toplevel() on ptolemy.moml.MoMLSimpleApplication@18c7ffe8
----------------- Done invoking toplevel() on ptolemy.moml.MoMLSimpleApplication@18c7ffe8
reloadAllAccessors: .Array

===========================================================================================
----------------- testing Sat Nov 02 06:46:32 UTC 2019 /home/travis/build/icyphy/ptII/ptolemy/domains/sdf/test/auto/Butterfly.xml
----------------- Instantiating /home/travis/build/icyphy/ptII/ptolemy/domains/sdf/test/auto/Butterfly.xml
89 ms. Memory: 120832K Free: 91238K (76%)
----------------- Invoking toplevel() on ptolemy.moml.MoMLSimpleApplication@2f0ee21a
----------------- Done invoking toplevel() on ptolemy.moml.MoMLSimpleApplication@2f0ee21a
reloadAllAccessors: .Butterfly

===========================================================================================
----------------- testing Sat Nov 02 06:46:32 UTC 2019 /home/travis/build/icyphy/ptII/ptolemy/domains/sdf/test/auto/Expression.xml
----------------- Instantiating /home/travis/build/icyphy/ptII/ptolemy/domains/sdf/test/auto/Expression.xml
108 ms. Memory: 120832K Free: 106109K (88%)
----------------- Invoking toplevel() on ptolemy.moml.MoMLSimpleApplication@62051b68
----------------- Done invoking toplevel() on ptolemy.moml.MoMLSimpleApplication@62051b68
reloadAllAccessors: .Expression

===========================================================================================
----------------- testing Sat Nov 02 06:46:33 UTC 2019 /home/travis/build/icyphy/ptII/ptolemy/domains/sdf/test/auto/Eye.xml
----------------- Instantiating /home/travis/build/icyphy/ptII/ptolemy/domains/sdf/test/auto/Eye.xml
188 ms. Memory: 120832K Free: 81461K (67%)
----------------- Invoking toplevel() on ptolemy.moml.MoMLSimpleApplication@370fbe0d
----------------- Done invoking toplevel() on ptolemy.moml.MoMLSimpleApplication@370fbe0d
reloadAllAccessors: .Eye

===========================================================================================
----------------- testing Sat Nov 02 06:46:33 UTC 2019 /home/travis/build/icyphy/ptII/ptolemy/domains/sdf/test/auto/FixFIR.xml
----------------- Instantiating /home/travis/build/icyphy/ptII/ptolemy/domains/sdf/test/auto/FixFIR.xml
141 ms. Memory: 120832K Free: 80575K (67%)
----------------- Invoking toplevel() on ptolemy.moml.MoMLSimpleApplication@1d282a80
----------------- Done invoking toplevel() on ptolemy.moml.MoMLSimpleApplication@1d282a80
reloadAllAccessors: .FixFIR

===========================================================================================
----------------- testing Sat Nov 02 06:46:33 UTC 2019 /home/travis/build/icyphy/ptII/ptolemy/domains/sdf/test/auto/FixPoint.xml
----------------- Instantiating /home/travis/build/icyphy/ptII/ptolemy/domains/sdf/test/auto/FixPoint.xml
12 ms. Memory: 120832K Free: 76479K (63%)
----------------- Invoking toplevel() on ptolemy.moml.MoMLSimpleApplication@4c5bc176
----------------- Done invoking toplevel() on ptolemy.moml.MoMLSimpleApplication@4c5bc176
reloadAllAccessors: .FixPoint

===========================================================================================
----------------- testing Sat Nov 02 06:46:33 UTC 2019 /home/travis/build/icyphy/ptII/ptolemy/domains/sdf/test/auto/Gravitation.xml
----------------- Instantiating /home/travis/build/icyphy/ptII/ptolemy/domains/sdf/test/auto/Gravitation.xml
3221 ms. Memory: 145408K Free: 72192K (50%)
----------------- Invoking toplevel() on ptolemy.moml.MoMLSimpleApplication@743587bb
----------------- Done invoking toplevel() on ptolemy.moml.MoMLSimpleApplication@743587bb
reloadAllAccessors: .Gravitation

===========================================================================================
----------------- testing Sat Nov 02 06:46:37 UTC 2019 /home/travis/build/icyphy/ptII/ptolemy/domains/sdf/test/auto/GravitationWithCollisionDetection.xml
----------------- Instantiating /home/travis/build/icyphy/ptII/ptolemy/domains/sdf/test/auto/GravitationWithCollisionDetection.xml
7510 ms. Memory: 257024K Free: 97647K (38%)
----------------- Invoking toplevel() on ptolemy.moml.MoMLSimpleApplication@4390331b
----------------- Done invoking toplevel() on ptolemy.moml.MoMLSimpleApplication@4390331b
reloadAllAccessors: .GravitationWithCollisionDetection

===========================================================================================
----------------- testing Sat Nov 02 06:46:44 UTC 2019 /home/travis/build/icyphy/ptII/ptolemy/domains/sdf/test/auto/HDF.xml
----------------- Instantiating /home/travis/build/icyphy/ptII/ptolemy/domains/sdf/test/auto/HDF.xml
49 ms. Memory: 309248K Free: 283224K (92%)
----------------- Invoking toplevel() on ptolemy.moml.MoMLSimpleApplication@b15d9e1
----------------- Done invoking toplevel() on ptolemy.moml.MoMLSimpleApplication@b15d9e1
reloadAllAccessors: .HDF

===========================================================================================
----------------- testing Sat Nov 02 06:46:44 UTC 2019 /home/travis/build/icyphy/ptII/ptolemy/domains/sdf/test/auto/HDFwithTransientStates.xml
----------------- Instantiating /home/travis/build/icyphy/ptII/ptolemy/domains/sdf/test/auto/HDFwithTransientStates.xml
35 ms. Memory: 309248K Free: 263782K (85%)
----------------- Invoking toplevel() on ptolemy.moml.MoMLSimpleApplication@67c78dc8
----------------- Done invoking toplevel() on ptolemy.moml.MoMLSimpleApplication@67c78dc8
reloadAllAccessors: .HDFwithTransientStates

===========================================================================================
----------------- testing Sat Nov 02 06:46:45 UTC 2019 /home/travis/build/icyphy/ptII/ptolemy/domains/sdf/test/auto/HTVQ.xml
----------------- Instantiating /home/travis/build/icyphy/ptII/ptolemy/domains/sdf/test/auto/HTVQ.xml
914 ms. Memory: 309248K Free: 279194K (90%)
----------------- Invoking toplevel() on ptolemy.moml.MoMLSimpleApplication@19ef6572
----------------- Done invoking toplevel() on ptolemy.moml.MoMLSimpleApplication@19ef6572
reloadAllAccessors: .HTVQ

===========================================================================================
----------------- testing Sat Nov 02 06:46:45 UTC 2019 /home/travis/build/icyphy/ptII/ptolemy/domains/sdf/test/auto/InferInitProduction.xml
----------------- Instantiating /home/travis/build/icyphy/ptII/ptolemy/domains/sdf/test/auto/InferInitProduction.xml
6 ms. Memory: 309248K Free: 273663K (88%)
----------------- Invoking toplevel() on ptolemy.moml.MoMLSimpleApplication@68edcb20
----------------- Done invoking toplevel() on ptolemy.moml.MoMLSimpleApplication@68edcb20
reloadAllAccessors: .InferInitProduction

===========================================================================================
----------------- testing Sat Nov 02 06:46:46 UTC 2019 /home/travis/build/icyphy/ptII/ptolemy/domains/sdf/test/auto/InferInitProductionDeeper.xml
----------------- Instantiating /home/travis/build/icyphy/ptII/ptolemy/domains/sdf/test/auto/InferInitProductionDeeper.xml
4 ms. Memory: 309248K Free: 268015K (87%)
----------------- Invoking toplevel() on ptolemy.moml.MoMLSimpleApplication@72cbbc08
----------------- Done invoking toplevel() on ptolemy.moml.MoMLSimpleApplication@72cbbc08
reloadAllAccessors: .InferInitProductionDeeper

===========================================================================================
----------------- testing Sat Nov 02 06:46:46 UTC 2019 /home/travis/build/icyphy/ptII/ptolemy/domains/sdf/test/auto/LMSAdaptive.xml
----------------- Instantiating /home/travis/build/icyphy/ptII/ptolemy/domains/sdf/test/auto/LMSAdaptive.xml
11 ms. Memory: 309248K Free: 258303K (84%)
----------------- Invoking toplevel() on ptolemy.moml.MoMLSimpleApplication@3128dd77
----------------- Done invoking toplevel() on ptolemy.moml.MoMLSimpleApplication@3128dd77
reloadAllAccessors: .LMSAdaptive

===========================================================================================
----------------- testing Sat Nov 02 06:46:46 UTC 2019 /home/travis/build/icyphy/ptII/ptolemy/domains/sdf/test/auto/LogisticMap.xml
----------------- Instantiating /home/travis/build/icyphy/ptII/ptolemy/domains/sdf/test/auto/LogisticMap.xml
438 ms. Memory: 309248K Free: 252669K (82%)
----------------- Invoking toplevel() on ptolemy.moml.MoMLSimpleApplication@17fab969
----------------- Done invoking toplevel() on ptolemy.moml.MoMLSimpleApplication@17fab969
reloadAllAccessors: .LogisticMap

===========================================================================================
----------------- testing Sat Nov 02 06:46:46 UTC 2019 /home/travis/build/icyphy/ptII/ptolemy/domains/sdf/test/auto/MaximumEntropySpectrum.xml
----------------- Instantiating /home/travis/build/icyphy/ptII/ptolemy/domains/sdf/test/auto/MaximumEntropySpectrum.xml
83 ms. Memory: 309248K Free: 191229K (62%)
----------------- Invoking toplevel() on ptolemy.moml.MoMLSimpleApplication@5140db9b
----------------- Done invoking toplevel() on ptolemy.moml.MoMLSimpleApplication@5140db9b
reloadAllAccessors: .MaximumEntropySpectrum

===========================================================================================
----------------- testing Sat Nov 02 06:46:46 UTC 2019 /home/travis/build/icyphy/ptII/ptolemy/domains/sdf/test/auto/MultirateSDF.xml
----------------- Instantiating /home/travis/build/icyphy/ptII/ptolemy/domains/sdf/test/auto/MultirateSDF.xml
22 ms. Memory: 309248K Free: 176863K (57%)
----------------- Invoking toplevel() on ptolemy.moml.MoMLSimpleApplication@8d88447
----------------- Done invoking toplevel() on ptolemy.moml.MoMLSimpleApplication@8d88447
reloadAllAccessors: .MultirateSDF

===========================================================================================
----------------- testing Sat Nov 02 06:46:47 UTC 2019 /home/travis/build/icyphy/ptII/ptolemy/domains/sdf/test/auto/MultirateSDFwithTransientStates.xml
----------------- Instantiating /home/travis/build/icyphy/ptII/ptolemy/domains/sdf/test/auto/MultirateSDFwithTransientStates.xml
24 ms. Memory: 309248K Free: 158461K (51%)
----------------- Invoking toplevel() on ptolemy.moml.MoMLSimpleApplication@47885275
----------------- Done invoking toplevel() on ptolemy.moml.MoMLSimpleApplication@47885275
reloadAllAccessors: .MultirateSDFwithTransientStates

===========================================================================================
----------------- testing Sat Nov 02 06:46:47 UTC 2019 /home/travis/build/icyphy/ptII/ptolemy/domains/sdf/test/auto/NoisySinewave.xml
----------------- Instantiating /home/travis/build/icyphy/ptII/ptolemy/domains/sdf/test/auto/NoisySinewave.xml
13 ms. Memory: 309248K Free: 142591K (46%)
----------------- Invoking toplevel() on ptolemy.moml.MoMLSimpleApplication@1f57ada1
----------------- Done invoking toplevel() on ptolemy.moml.MoMLSimpleApplication@1f57ada1
reloadAllAccessors: .NoisySinewave

===========================================================================================
----------------- testing Sat Nov 02 06:46:47 UTC 2019 /home/travis/build/icyphy/ptII/ptolemy/domains/sdf/test/auto/Objects.xml
----------------- Instantiating /home/travis/build/icyphy/ptII/ptolemy/domains/sdf/test/auto/Objects.xml
5 ms. Memory: 309248K Free: 134909K (44%)
----------------- Invoking toplevel() on ptolemy.moml.MoMLSimpleApplication@1a52193b
----------------- Done invoking toplevel() on ptolemy.moml.MoMLSimpleApplication@1a52193b
reloadAllAccessors: .Objects

===========================================================================================
----------------- testing Sat Nov 02 06:46:47 UTC 2019 /home/travis/build/icyphy/ptII/ptolemy/domains/sdf/test/auto/OrthogonalCom.xml
----------------- Instantiating /home/travis/build/icyphy/ptII/ptolemy/domains/sdf/test/auto/OrthogonalCom.xml
8 ms. Memory: 309248K Free: 126717K (41%)
----------------- Invoking toplevel() on ptolemy.moml.MoMLSimpleApplication@4a016819
----------------- Done invoking toplevel() on ptolemy.moml.MoMLSimpleApplication@4a016819
reloadAllAccessors: .OrthogonalCom

===========================================================================================
----------------- testing Sat Nov 02 06:46:47 UTC 2019 /home/travis/build/icyphy/ptII/ptolemy/domains/sdf/test/auto/RijndaelEncryption.xml
----------------- Instantiating /home/travis/build/icyphy/ptII/ptolemy/domains/sdf/test/auto/RijndaelEncryption.xml
259 ms. Memory: 309248K Free: 163402K (53%)
----------------- Invoking toplevel() on ptolemy.moml.MoMLSimpleApplication@145925de
----------------- Done invoking toplevel() on ptolemy.moml.MoMLSimpleApplication@145925de
reloadAllAccessors: .RijndaelEncryption

===========================================================================================
----------------- testing Sat Nov 02 06:46:47 UTC 2019 /home/travis/build/icyphy/ptII/ptolemy/domains/sdf/test/auto/SDFEmptyIterations.xml
----------------- Instantiating /home/travis/build/icyphy/ptII/ptolemy/domains/sdf/test/auto/SDFEmptyIterations.xml
8 ms. Memory: 309248K Free: 158778K (51%)
----------------- Invoking toplevel() on ptolemy.moml.MoMLSimpleApplication@3081b6e9
----------------- Done invoking toplevel() on ptolemy.moml.MoMLSimpleApplication@3081b6e9
reloadAllAccessors: .SDFEmptyIterations

===========================================================================================
----------------- testing Sat Nov 02 06:46:47 UTC 2019 /home/travis/build/icyphy/ptII/ptolemy/domains/sdf/test/auto/Spectrum.xml
----------------- Instantiating /home/travis/build/icyphy/ptII/ptolemy/domains/sdf/test/auto/Spectrum.xml
44 ms. Memory: 309248K Free: 134216K (43%)
----------------- Invoking toplevel() on ptolemy.moml.MoMLSimpleApplication@5645d620
----------------- Done invoking toplevel() on ptolemy.moml.MoMLSimpleApplication@5645d620
reloadAllAccessors: .Spectrum

===========================================================================================
----------------- testing Sat Nov 02 06:46:48 UTC 2019 /home/travis/build/icyphy/ptII/ptolemy/domains/sdf/test/auto/de_inside_sdf.xml
----------------- Instantiating /home/travis/build/icyphy/ptII/ptolemy/domains/sdf/test/auto/de_inside_sdf.xml
8 ms. Memory: 309248K Free: 129066K (42%)
----------------- Invoking toplevel() on ptolemy.moml.MoMLSimpleApplication@78073fce
----------------- Done invoking toplevel() on ptolemy.moml.MoMLSimpleApplication@78073fce
reloadAllAccessors: .de_inside_sdf

===========================================================================================
----------------- testing Sat Nov 02 06:46:48 UTC 2019 /home/travis/build/icyphy/ptII/ptolemy/domains/sdf/test/auto/disconnectedHierarchicalSDF.xml
----------------- Instantiating /home/travis/build/icyphy/ptII/ptolemy/domains/sdf/test/auto/disconnectedHierarchicalSDF.xml
5 ms. Memory: 309248K Free: 122938K (40%)
----------------- Invoking toplevel() on ptolemy.moml.MoMLSimpleApplication@34a2e3de
----------------- Done invoking toplevel() on ptolemy.moml.MoMLSimpleApplication@34a2e3de
reloadAllAccessors: .disconnectedHierarchicalSDF

===========================================================================================
----------------- testing Sat Nov 02 06:46:48 UTC 2019 /home/travis/build/icyphy/ptII/ptolemy/domains/sdf/test/auto/disconnectedSDF.xml
----------------- Instantiating /home/travis/build/icyphy/ptII/ptolemy/domains/sdf/test/auto/disconnectedSDF.xml
2 ms. Memory: 309248K Free: 118856K (38%)
----------------- Invoking toplevel() on ptolemy.moml.MoMLSimpleApplication@1043d86b
----------------- Done invoking toplevel() on ptolemy.moml.MoMLSimpleApplication@1043d86b
reloadAllAccessors: .disconnectedSDF

===========================================================================================
----------------- testing Sat Nov 02 06:46:48 UTC 2019 /home/travis/build/icyphy/ptII/ptolemy/domains/sdf/test/auto/emptyRefinement.xml
----------------- Instantiating /home/travis/build/icyphy/ptII/ptolemy/domains/sdf/test/auto/emptyRefinement.xml
3 ms. Memory: 309248K Free: 114250K (37%)
----------------- Invoking toplevel() on ptolemy.moml.MoMLSimpleApplication@63e969dc
----------------- Done invoking toplevel() on ptolemy.moml.MoMLSimpleApplication@63e969dc
reloadAllAccessors: .emptyRefinement

===========================================================================================
----------------- testing Sat Nov 02 06:46:48 UTC 2019 /home/travis/build/icyphy/ptII/ptolemy/domains/sdf/test/auto/filePortParameter.xml
----------------- Instantiating /home/travis/build/icyphy/ptII/ptolemy/domains/sdf/test/auto/filePortParameter.xml
29 ms. Memory: 309248K Free: 290659K (94%)
----------------- Invoking toplevel() on ptolemy.moml.MoMLSimpleApplication@3eb5023e
----------------- Done invoking toplevel() on ptolemy.moml.MoMLSimpleApplication@3eb5023e
reloadAllAccessors: .filePortParameter

===========================================================================================
----------------- testing Sat Nov 02 06:46:48 UTC 2019 /home/travis/build/icyphy/ptII/ptolemy/domains/sdf/test/auto/inferRelationWidth1.xml
----------------- Instantiating /home/travis/build/icyphy/ptII/ptolemy/domains/sdf/test/auto/inferRelationWidth1.xml
2 ms. Memory: 309248K Free: 287387K (93%)
----------------- Invoking toplevel() on ptolemy.moml.MoMLSimpleApplication@21197966
----------------- Done invoking toplevel() on ptolemy.moml.MoMLSimpleApplication@21197966
reloadAllAccessors: .inferRelationWidth1

===========================================================================================
----------------- testing Sat Nov 02 06:46:48 UTC 2019 /home/travis/build/icyphy/ptII/ptolemy/domains/sdf/test/auto/initProductionInference.xml
----------------- Instantiating /home/travis/build/icyphy/ptII/ptolemy/domains/sdf/test/auto/initProductionInference.xml
9 ms. Memory: 309248K Free: 283291K (92%)
----------------- Invoking toplevel() on ptolemy.moml.MoMLSimpleApplication@7fc0edc7
----------------- Done invoking toplevel() on ptolemy.moml.MoMLSimpleApplication@7fc0edc7
reloadAllAccessors: .initProductionInference

===========================================================================================
----------------- testing Sat Nov 02 06:46:48 UTC 2019 /home/travis/build/icyphy/ptII/ptolemy/domains/sdf/test/auto/relationGroup.xml
----------------- Instantiating /home/travis/build/icyphy/ptII/ptolemy/domains/sdf/test/auto/relationGroup.xml
3 ms. Memory: 309248K Free: 280219K (91%)
----------------- Invoking toplevel() on ptolemy.moml.MoMLSimpleApplication@2a9b6d4f
----------------- Done invoking toplevel() on ptolemy.moml.MoMLSimpleApplication@2a9b6d4f
reloadAllAccessors: .relationGroup

===========================================================================================
----------------- testing Sat Nov 02 06:46:48 UTC 2019 /home/travis/build/icyphy/ptII/ptolemy/domains/sdf/test/auto/relationGroup10.xml
----------------- Instantiating /home/travis/build/icyphy/ptII/ptolemy/domains/sdf/test/auto/relationGroup10.xml
2 ms. Memory: 309248K Free: 276633K (89%)
----------------- Invoking toplevel() on ptolemy.moml.MoMLSimpleApplication@2e49c023
----------------- Done invoking toplevel() on ptolemy.moml.MoMLSimpleApplication@2e49c023
reloadAllAccessors: .relationGroup10

===========================================================================================
----------------- testing Sat Nov 02 06:46:48 UTC 2019 /home/travis/build/icyphy/ptII/ptolemy/domains/sdf/test/auto/relationGroup11.xml
----------------- Instantiating /home/travis/build/icyphy/ptII/ptolemy/domains/sdf/test/auto/relationGroup11.xml
2 ms. Memory: 309248K Free: 273051K (88%)
----------------- Invoking toplevel() on ptolemy.moml.MoMLSimpleApplication@2bb4af72
----------------- Done invoking toplevel() on ptolemy.moml.MoMLSimpleApplication@2bb4af72
reloadAllAccessors: .relationGroup11

===========================================================================================
----------------- testing Sat Nov 02 06:46:48 UTC 2019 /home/travis/build/icyphy/ptII/ptolemy/domains/sdf/test/auto/relationGroup12.xml
----------------- Instantiating /home/travis/build/icyphy/ptII/ptolemy/domains/sdf/test/auto/relationGroup12.xml
9 ms. Memory: 309248K Free: 269465K (87%)
----------------- Invoking toplevel() on ptolemy.moml.MoMLSimpleApplication@bcfe5d2
----------------- Done invoking toplevel() on ptolemy.moml.MoMLSimpleApplication@bcfe5d2
reloadAllAccessors: .relationGroup12

===========================================================================================
----------------- testing Sat Nov 02 06:46:48 UTC 2019 /home/travis/build/icyphy/ptII/ptolemy/domains/sdf/test/auto/relationGroup13.xml
----------------- Instantiating /home/travis/build/icyphy/ptII/ptolemy/domains/sdf/test/auto/relationGroup13.xml
12 ms. Memory: 309248K Free: 264859K (86%)
----------------- Invoking toplevel() on ptolemy.moml.MoMLSimpleApplication@23d69b43
----------------- Done invoking toplevel() on ptolemy.moml.MoMLSimpleApplication@23d69b43
reloadAllAccessors: .relationGroup13

===========================================================================================
----------------- testing Sat Nov 02 06:46:48 UTC 2019 /home/travis/build/icyphy/ptII/ptolemy/domains/sdf/test/auto/relationGroup14.xml
----------------- Instantiating /home/travis/build/icyphy/ptII/ptolemy/domains/sdf/test/auto/relationGroup14.xml
5 ms. Memory: 309248K Free: 260249K (84%)
----------------- Invoking toplevel() on ptolemy.moml.MoMLSimpleApplication@5bedbcb
----------------- Done invoking toplevel() on ptolemy.moml.MoMLSimpleApplication@5bedbcb
reloadAllAccessors: .relationGroup14

===========================================================================================
----------------- testing Sat Nov 02 06:46:48 UTC 2019 /home/travis/build/icyphy/ptII/ptolemy/domains/sdf/test/auto/relationGroup15.xml
----------------- Instantiating /home/travis/build/icyphy/ptII/ptolemy/domains/sdf/test/auto/relationGroup15.xml
1 ms. Memory: 309248K Free: 256667K (83%)
----------------- Invoking toplevel() on ptolemy.moml.MoMLSimpleApplication@73a25434
----------------- Done invoking toplevel() on ptolemy.moml.MoMLSimpleApplication@73a25434
reloadAllAccessors: .relationGroup15

===========================================================================================
----------------- testing Sat Nov 02 06:46:48 UTC 2019 /home/travis/build/icyphy/ptII/ptolemy/domains/sdf/test/auto/relationGroup2.xml
----------------- Instantiating /home/travis/build/icyphy/ptII/ptolemy/domains/sdf/test/auto/relationGroup2.xml
3 ms. Memory: 309248K Free: 253595K (82%)
----------------- Invoking toplevel() on ptolemy.moml.MoMLSimpleApplication@e2f60db
----------------- Done invoking toplevel() on ptolemy.moml.MoMLSimpleApplication@e2f60db
reloadAllAccessors: .relationGroup2

===========================================================================================
----------------- testing Sat Nov 02 06:46:48 UTC 2019 /home/travis/build/icyphy/ptII/ptolemy/domains/sdf/test/auto/relationGroup3.xml
----------------- Instantiating /home/travis/build/icyphy/ptII/ptolemy/domains/sdf/test/auto/relationGroup3.xml
2 ms. Memory: 309248K Free: 250523K (81%)
----------------- Invoking toplevel() on ptolemy.moml.MoMLSimpleApplication@273699f1
----------------- Done invoking toplevel() on ptolemy.moml.MoMLSimpleApplication@273699f1
reloadAllAccessors: .relationGroup3

===========================================================================================
----------------- testing Sat Nov 02 06:46:48 UTC 2019 /home/travis/build/icyphy/ptII/ptolemy/domains/sdf/test/auto/relationGroup4.xml
----------------- Instantiating /home/travis/build/icyphy/ptII/ptolemy/domains/sdf/test/auto/relationGroup4.xml
7 ms. Memory: 309248K Free: 245913K (80%)
----------------- Invoking toplevel() on ptolemy.moml.MoMLSimpleApplication@6bb92f53
----------------- Done invoking toplevel() on ptolemy.moml.MoMLSimpleApplication@6bb92f53
reloadAllAccessors: .relationGroup4

===========================================================================================
----------------- testing Sat Nov 02 06:46:48 UTC 2019 /home/travis/build/icyphy/ptII/ptolemy/domains/sdf/test/auto/relationGroup5.xml
----------------- Instantiating /home/travis/build/icyphy/ptII/ptolemy/domains/sdf/test/auto/relationGroup5.xml
4 ms. Memory: 309248K Free: 241307K (78%)
----------------- Invoking toplevel() on ptolemy.moml.MoMLSimpleApplication@2ebe26ec
----------------- Done invoking toplevel() on ptolemy.moml.MoMLSimpleApplication@2ebe26ec
reloadAllAccessors: .relationGroup5

===========================================================================================
----------------- testing Sat Nov 02 06:46:48 UTC 2019 /home/travis/build/icyphy/ptII/ptolemy/domains/sdf/test/auto/relationGroup6.xml
----------------- Instantiating /home/travis/build/icyphy/ptII/ptolemy/domains/sdf/test/auto/relationGroup6.xml
4 ms. Memory: 309248K Free: 236697K (77%)
----------------- Invoking toplevel() on ptolemy.moml.MoMLSimpleApplication@eb1be32
----------------- Done invoking toplevel() on ptolemy.moml.MoMLSimpleApplication@eb1be32
reloadAllAccessors: .relationGroup6

===========================================================================================
----------------- testing Sat Nov 02 06:46:48 UTC 2019 /home/travis/build/icyphy/ptII/ptolemy/domains/sdf/test/auto/relationGroup7.xml
----------------- Instantiating /home/travis/build/icyphy/ptII/ptolemy/domains/sdf/test/auto/relationGroup7.xml
1 ms. Memory: 309248K Free: 233625K (76%)
----------------- Invoking toplevel() on ptolemy.moml.MoMLSimpleApplication@726ed97
----------------- Done invoking toplevel() on ptolemy.moml.MoMLSimpleApplication@726ed97
reloadAllAccessors: .relationGroup7

===========================================================================================
----------------- testing Sat Nov 02 06:46:48 UTC 2019 /home/travis/build/icyphy/ptII/ptolemy/domains/sdf/test/auto/relationGroup8.xml
----------------- Instantiating /home/travis/build/icyphy/ptII/ptolemy/domains/sdf/test/auto/relationGroup8.xml
2 ms. Memory: 309248K Free: 230553K (75%)
----------------- Invoking toplevel() on ptolemy.moml.MoMLSimpleApplication@7f894563
----------------- Done invoking toplevel() on ptolemy.moml.MoMLSimpleApplication@7f894563
reloadAllAccessors: .relationGroup8

===========================================================================================
----------------- testing Sat Nov 02 06:46:48 UTC 2019 /home/travis/build/icyphy/ptII/ptolemy/domains/sdf/test/auto/relationGroup9.xml
----------------- Instantiating /home/travis/build/icyphy/ptII/ptolemy/domains/sdf/test/auto/relationGroup9.xml
6 ms. Memory: 309248K Free: 225947K (73%)
----------------- Invoking toplevel() on ptolemy.moml.MoMLSimpleApplication@3bf46686
----------------- Done invoking toplevel() on ptolemy.moml.MoMLSimpleApplication@3bf46686
reloadAllAccessors: .relationGroup9

===========================================================================================
----------------- testing Sat Nov 02 06:46:48 UTC 2019 /home/travis/build/icyphy/ptII/ptolemy/domains/sdf/test/auto/sdf_inside_de.xml
----------------- Instantiating /home/travis/build/icyphy/ptII/ptolemy/domains/sdf/test/auto/sdf_inside_de.xml
12 ms. Memory: 309248K Free: 217241K (70%)
----------------- Invoking toplevel() on ptolemy.moml.MoMLSimpleApplication@782f04e9
----------------- Done invoking toplevel() on ptolemy.moml.MoMLSimpleApplication@782f04e9
reloadAllAccessors: .sdf_inside_de

===========================================================================================
----------------- testing Sat Nov 02 06:46:48 UTC 2019 /home/travis/build/icyphy/ptII/ptolemy/domains/sdf/test/auto/sdf_inside_pn.xml
----------------- Instantiating /home/travis/build/icyphy/ptII/ptolemy/domains/sdf/test/auto/sdf_inside_pn.xml
37 ms. Memory: 309248K Free: 208537K (67%)
----------------- Invoking toplevel() on ptolemy.moml.MoMLSimpleApplication@7b55b234
----------------- Done invoking toplevel() on ptolemy.moml.MoMLSimpleApplication@7b55b234
reloadAllAccessors: .sdf_inside_pn

===========================================================================================
----------------- testing Sat Nov 02 06:46:48 UTC 2019 /home/travis/build/icyphy/ptII/ptolemy/domains/sdf/test/auto/sdf_sdf1.xml
----------------- Instantiating /home/travis/build/icyphy/ptII/ptolemy/domains/sdf/test/auto/sdf_sdf1.xml
4 ms. Memory: 309248K Free: 202875K (66%)
----------------- Invoking toplevel() on ptolemy.moml.MoMLSimpleApplication@64a6f262
----------------- Done invoking toplevel() on ptolemy.moml.MoMLSimpleApplication@64a6f262
reloadAllAccessors: .sdf_sdf1

===========================================================================================
----------------- testing Sat Nov 02 06:46:48 UTC 2019 /home/travis/build/icyphy/ptII/ptolemy/domains/sdf/test/auto/test1.xml
----------------- Instantiating /home/travis/build/icyphy/ptII/ptolemy/domains/sdf/test/auto/test1.xml
3 ms. Memory: 309248K Free: 197785K (64%)
----------------- Invoking toplevel() on ptolemy.moml.MoMLSimpleApplication@10f57d77
----------------- Done invoking toplevel() on ptolemy.moml.MoMLSimpleApplication@10f57d77
reloadAllAccessors: .test1

===========================================================================================
----------------- testing Sat Nov 02 06:46:48 UTC 2019 /home/travis/build/icyphy/ptII/ptolemy/domains/sdf/test/auto/time1.xml
----------------- Instantiating /home/travis/build/icyphy/ptII/ptolemy/domains/sdf/test/auto/time1.xml
3 ms. Memory: 309248K Free: 194203K (63%)
----------------- Invoking toplevel() on ptolemy.moml.MoMLSimpleApplication@132d37aa
----------------- Done invoking toplevel() on ptolemy.moml.MoMLSimpleApplication@132d37aa
reloadAllAccessors: .time1

===========================================================================================
----------------- testing Sat Nov 02 06:46:48 UTC 2019 /home/travis/build/icyphy/ptII/ptolemy/domains/sdf/test/auto/time2.xml
----------------- Instantiating /home/travis/build/icyphy/ptII/ptolemy/domains/sdf/test/auto/time2.xml
1 ms. Memory: 309248K Free: 190617K (62%)
----------------- Invoking toplevel() on ptolemy.moml.MoMLSimpleApplication@464628d7
----------------- Done invoking toplevel() on ptolemy.moml.MoMLSimpleApplication@464628d7
reloadAllAccessors: .time2

===========================================================================================
----------------- testing Sat Nov 02 06:46:48 UTC 2019 /home/travis/build/icyphy/ptII/ptolemy/domains/sdf/test/auto/time3.xml
----------------- Instantiating /home/travis/build/icyphy/ptII/ptolemy/domains/sdf/test/auto/time3.xml
7 ms. Memory: 309248K Free: 185497K (60%)
----------------- Invoking toplevel() on ptolemy.moml.MoMLSimpleApplication@488efed6
----------------- Done invoking toplevel() on ptolemy.moml.MoMLSimpleApplication@488efed6
reloadAllAccessors: .time3

===========================================================================================
----------------- testing Sat Nov 02 06:46:48 UTC 2019 /home/travis/build/icyphy/ptII/ptolemy/domains/sdf/test/auto/time4.xml
----------------- Instantiating /home/travis/build/icyphy/ptII/ptolemy/domains/sdf/test/auto/time4.xml
4 ms. Memory: 309248K Free: 179867K (58%)
----------------- Invoking toplevel() on ptolemy.moml.MoMLSimpleApplication@3c2cb346
----------------- Done invoking toplevel() on ptolemy.moml.MoMLSimpleApplication@3c2cb346
reloadAllAccessors: .time4

===========================================================================================
----------------- testing Sat Nov 02 06:46:48 UTC 2019 /home/travis/build/icyphy/ptII/ptolemy/domains/sdf/test/auto/time5.xml
----------------- Instantiating /home/travis/build/icyphy/ptII/ptolemy/domains/sdf/test/auto/time5.xml
4003 ms. Memory: 309248K Free: 176281K (57%)
----------------- Invoking toplevel() on ptolemy.moml.MoMLSimpleApplication@5720e82f
----------------- Done invoking toplevel() on ptolemy.moml.MoMLSimpleApplication@5720e82f
reloadAllAccessors: .time5

===========================================================================================
----------------- testing Sat Nov 02 06:46:52 UTC 2019 /home/travis/build/icyphy/ptII/ptolemy/domains/sdf/test/auto/typeSystem_Const_Integer_smallest_Type.xml
----------------- Instantiating /home/travis/build/icyphy/ptII/ptolemy/domains/sdf/test/auto/typeSystem_Const_Integer_smallest_Type.xml
8 ms. Memory: 309248K Free: 171675K (56%)
----------------- Invoking toplevel() on ptolemy.moml.MoMLSimpleApplication@44d9763b
----------------- Done invoking toplevel() on ptolemy.moml.MoMLSimpleApplication@44d9763b
reloadAllAccessors: .typeSystem_Const_Integer_smallest_Type

===========================================================================================
----------------- testing Sat Nov 02 06:46:52 UTC 2019 /home/travis/build/icyphy/ptII/ptolemy/domains/sdf/test/auto/typeSystem_declared_Inports_OutportTypeException.xml
----------------- Instantiating /home/travis/build/icyphy/ptII/ptolemy/domains/sdf/test/auto/typeSystem_declared_Inports_OutportTypeException.xml
.typeSystem_declared_Inports_OutportTypeException.TestExceptionAttribute: initialize() was not invoked, but wrapup() was.  This is unusual, but not always a problem.  For example, exporting JNLP will do this.
5 ms. Memory: 309248K Free: 167579K (54%)
----------------- Invoking toplevel() on ptolemy.moml.MoMLSimpleApplication@59f5fbe0
----------------- Done invoking toplevel() on ptolemy.moml.MoMLSimpleApplication@59f5fbe0
reloadAllAccessors: .typeSystem_declared_Inports_OutportTypeException

===========================================================================================
----------------- testing Sat Nov 02 06:46:52 UTC 2019 /home/travis/build/icyphy/ptII/ptolemy/domains/sdf/test/auto/typeSystem_oneDeclaredInportType_wrongTypeOutport.xml
----------------- Instantiating /home/travis/build/icyphy/ptII/ptolemy/domains/sdf/test/auto/typeSystem_oneDeclaredInportType_wrongTypeOutport.xml
4 ms. Memory: 309248K Free: 163483K (53%)
----------------- Invoking toplevel() on ptolemy.moml.MoMLSimpleApplication@452074c9
----------------- Done invoking toplevel() on ptolemy.moml.MoMLSimpleApplication@452074c9
reloadAllAccessors: .typeSystem_oneDeclaredInportType_wrongTypeOutport

===========================================================================================
----------------- testing Sat Nov 02 06:46:52 UTC 2019 /home/travis/build/icyphy/ptII/ptolemy/domains/sdf/test/auto/width.xml
----------------- Instantiating /home/travis/build/icyphy/ptII/ptolemy/domains/sdf/test/auto/width.xml
3 ms. Memory: 309248K Free: 159897K (52%)
----------------- Invoking toplevel() on ptolemy.moml.MoMLSimpleApplication@9eb7930
----------------- Done invoking toplevel() on ptolemy.moml.MoMLSimpleApplication@9eb7930
reloadAllAccessors: .width

===========================================================================================
----------------- testing Sat Nov 02 06:46:52 UTC 2019 /home/travis/build/icyphy/ptII/ptolemy/domains/sdf/test/auto/width2.xml
----------------- Instantiating /home/travis/build/icyphy/ptII/ptolemy/domains/sdf/test/auto/width2.xml
29 ms. Memory: 309248K Free: 154777K (50%)
----------------- Invoking toplevel() on ptolemy.moml.MoMLSimpleApplication@7548c352
----------------- Done invoking toplevel() on ptolemy.moml.MoMLSimpleApplication@7548c352
reloadAllAccessors: .width2

===========================================================================================
----------------- testing Sat Nov 02 06:46:52 UTC 2019 /home/travis/build/icyphy/ptII/ptolemy/domains/sdf/test/auto/width3.xml
----------------- Instantiating /home/travis/build/icyphy/ptII/ptolemy/domains/sdf/test/auto/width3.xml
30 ms. Memory: 309248K Free: 149657K (48%)
----------------- Invoking toplevel() on ptolemy.moml.MoMLSimpleApplication@7fc58cb6
----------------- Done invoking toplevel() on ptolemy.moml.MoMLSimpleApplication@7fc58cb6
reloadAllAccessors: .width3
AutoTests.java: About to close Vertx.
AutoTests.java: Vertx closed.
]]></system-out>
  <system-err><![CDATA[java.lang.RuntimeException: Execution failed
	at ptolemy.moml.MoMLSimpleApplication$UnloadThread.run(MoMLSimpleApplication.java:402)
Caused by: ptolemy.actor.sched.NotSchedulableException: No solution exists for the balance equations.
Graph is not consistent under the SDF domain detected on external port .rateConsistency.actor.port2
  in .rateConsistency.SDF Director.Scheduler
	at ptolemy.domains.sdf.kernel.SDFScheduler._propagatePort(SDFScheduler.java:1425)
	at ptolemy.domains.sdf.kernel.SDFScheduler._solveBalanceEquations(SDFScheduler.java:710)
	at ptolemy.domains.sdf.kernel.SDFScheduler._getSchedule(SDFScheduler.java:566)
	at ptolemy.actor.sched.Scheduler.getSchedule(Scheduler.java:189)
	at ptolemy.domains.sdf.kernel.SDFDirector.createSchedule(SDFDirector.java:408)
	at ptolemy.domains.sdf.kernel.SDFDirector.preinitialize(SDFDirector.java:764)
	at ptolemy.actor.CompositeActor.preinitialize(CompositeActor.java:1828)
	at ptolemy.actor.Manager.preinitializeAndResolveTypes(Manager.java:1040)
	at ptolemy.actor.Manager.initialize(Manager.java:710)
	at ptolemy.actor.Manager.execute(Manager.java:356)
	at ptolemy.actor.Manager.run(Manager.java:1263)
	at ptolemy.actor.Manager$PtolemyRunThread.run(Manager.java:1933)
java.lang.RuntimeException: Execution failed
	at ptolemy.moml.MoMLSimpleApplication$UnloadThread.run(MoMLSimpleApplication.java:402)
Caused by: ptolemy.kernel.util.IllegalActionException: Failed to compute schedule:
  in .badRateChanges.typed composite actor.SDF Director
Because:
The SDF rate parameter may change. This is not allowed in SDF models that will be run through the code generator.  If you don't care about code generation, then you might consider setting the allowRateChanges parameter of the SDF director to false.
  in .badRateChanges.typed composite actor.Repeat.output.tokenProductionRate
	at ptolemy.domains.sdf.kernel.SDFDirector.createSchedule(SDFDirector.java:418)
	at ptolemy.domains.sdf.kernel.SDFDirector.preinitialize(SDFDirector.java:764)
	at ptolemy.actor.CompositeActor.preinitialize(CompositeActor.java:1828)
	at ptolemy.actor.Director.preinitialize(Director.java:1302)
	at ptolemy.actor.Director.preinitialize(Director.java:1257)
	at ptolemy.domains.sdf.kernel.SDFDirector.preinitialize(SDFDirector.java:763)
	at ptolemy.actor.CompositeActor.preinitialize(CompositeActor.java:1828)
	at ptolemy.actor.Manager.preinitializeAndResolveTypes(Manager.java:1040)
	at ptolemy.actor.Manager.initialize(Manager.java:710)
	at ptolemy.actor.Manager.execute(Manager.java:356)
	at ptolemy.actor.Manager.run(Manager.java:1263)
	at ptolemy.actor.Manager$PtolemyRunThread.run(Manager.java:1933)
Caused by: ptolemy.kernel.util.IllegalActionException: The SDF rate parameter may change. This is not allowed in SDF models that will be run through the code generator.  If you don't care about code generation, then you might consider setting the allowRateChanges parameter of the SDF director to false.
  in .badRateChanges.typed composite actor.Repeat.output.tokenProductionRate
	at ptolemy.domains.sdf.kernel.SDFScheduler._assertDynamicRateVariable(SDFScheduler.java:931)
	at ptolemy.domains.sdf.kernel.SDFScheduler._checkDynamicRateVariables(SDFScheduler.java:339)
	at ptolemy.domains.sdf.kernel.SDFScheduler._getSchedule(SDFScheduler.java:527)
	at ptolemy.actor.sched.Scheduler.getSchedule(Scheduler.java:189)
	at ptolemy.domains.sdf.kernel.SDFDirector.createSchedule(SDFDirector.java:408)
	... 11 more
java.lang.RuntimeException: Execution failed
	at ptolemy.moml.MoMLSimpleApplication$UnloadThread.run(MoMLSimpleApplication.java:402)
Caused by: ptolemy.kernel.util.IllegalActionException: Failed to compute schedule:
  in .badRateChanges2.typed composite actor.SDF Director
Because:
The SDF rate parameter may change. This is not allowed in SDF models that will be run through the code generator.  If you don't care about code generation, then you might consider setting the allowRateChanges parameter of the SDF director to false.
  in .badRateChanges2.typed composite actor.Repeat.output.tokenProductionRate
	at ptolemy.domains.sdf.kernel.SDFDirector.createSchedule(SDFDirector.java:418)
	at ptolemy.domains.sdf.kernel.SDFDirector.preinitialize(SDFDirector.java:764)
	at ptolemy.actor.CompositeActor.preinitialize(CompositeActor.java:1828)
	at ptolemy.actor.Director.preinitialize(Director.java:1302)
	at ptolemy.actor.Director.preinitialize(Director.java:1257)
	at ptolemy.domains.sdf.kernel.SDFDirector.preinitialize(SDFDirector.java:763)
	at ptolemy.actor.CompositeActor.preinitialize(CompositeActor.java:1828)
	at ptolemy.actor.Manager.preinitializeAndResolveTypes(Manager.java:1040)
	at ptolemy.actor.Manager.initialize(Manager.java:710)
	at ptolemy.actor.Manager.execute(Manager.java:356)
	at ptolemy.actor.Manager.run(Manager.java:1263)
	at ptolemy.actor.Manager$PtolemyRunThread.run(Manager.java:1933)
Caused by: ptolemy.kernel.util.IllegalActionException: The SDF rate parameter may change. This is not allowed in SDF models that will be run through the code generator.  If you don't care about code generation, then you might consider setting the allowRateChanges parameter of the SDF director to false.
  in .badRateChanges2.typed composite actor.Repeat.output.tokenProductionRate
	at ptolemy.domains.sdf.kernel.SDFScheduler._assertDynamicRateVariable(SDFScheduler.java:931)
	at ptolemy.domains.sdf.kernel.SDFScheduler._checkDynamicRateVariables(SDFScheduler.java:339)
	at ptolemy.domains.sdf.kernel.SDFScheduler._getSchedule(SDFScheduler.java:527)
	at ptolemy.actor.sched.Scheduler.getSchedule(Scheduler.java:189)
	at ptolemy.domains.sdf.kernel.SDFDirector.createSchedule(SDFDirector.java:408)
	... 11 more
java.lang.RuntimeException: Execution failed
	at ptolemy.moml.MoMLSimpleApplication$UnloadThread.run(MoMLSimpleApplication.java:402)
Caused by: ptolemy.actor.sched.NotSchedulableException: Actors remain that cannot be scheduled!

There are several possible reasons:
* SDF Graphs with feedback loops should have an actor with a delay in the loop, such as a SampleDelay.
* The SDF director has an "allowDisconnectedGraphs"parameter, which, when true, permits disconnected SDF graphs.
* The token consumption rate and production rates might be mismatched.
Usually, actors produce one token or consume one token on a port.  To produce or consume multiple tokens per firing, add a "tokenConsumptionRate" or "tokenProductionRate" parameter to the appropriate port.
Unscheduled actors:
.partiallyConnected.Const2 
Scheduled actors:
.partiallyConnected.Const 
  in .partiallyConnected.SDF Director.Scheduler
	at ptolemy.domains.sdf.kernel.SDFScheduler._scheduleConnectedActors(SDFScheduler.java:1828)
	at ptolemy.domains.sdf.kernel.SDFScheduler._getSchedule(SDFScheduler.java:587)
	at ptolemy.actor.sched.Scheduler.getSchedule(Scheduler.java:189)
	at ptolemy.domains.sdf.kernel.SDFDirector.createSchedule(SDFDirector.java:408)
	at ptolemy.domains.sdf.kernel.SDFDirector.preinitialize(SDFDirector.java:764)
	at ptolemy.actor.CompositeActor.preinitialize(CompositeActor.java:1828)
	at ptolemy.actor.Manager.preinitializeAndResolveTypes(Manager.java:1040)
	at ptolemy.actor.Manager.initialize(Manager.java:710)
	at ptolemy.actor.Manager.execute(Manager.java:356)
	at ptolemy.actor.Manager.run(Manager.java:1263)
	at ptolemy.actor.Manager$PtolemyRunThread.run(Manager.java:1933)
]]></system-err>
</testsuite>
