<?xml version="1.0" encoding="UTF-8" ?>
<testsuite errors="0" failures="0" hostname="travis-job-072f4476-14fd-430e-a47e-6c30a45edd9b" name="ptolemy.domains.sdf.lib.test.junit.JUnitTclTest" skipped="0" tests="82" time="9.345" timestamp="2019-06-29T05:16:44">
  <properties>
[...]
</properties>
  <testcase classname="ptolemy.util.test.junit.TclTests" name="[0] /home/travis/build/icyphy/ptII/ptolemy/domains/sdf/lib/test/ArrayToSequence.tcl (RunTclFile)" time="0.593" />
  <testcase classname="ptolemy.util.test.junit.TclTests" name="[1] /home/travis/build/icyphy/ptII/ptolemy/domains/sdf/lib/test/BitsToInt.tcl (RunTclFile)" time="0.072" />
  <testcase classname="ptolemy.util.test.junit.TclTests" name="[2] /home/travis/build/icyphy/ptII/ptolemy/domains/sdf/lib/test/DelayLine.tcl (RunTclFile)" time="0.04" />
  <testcase classname="ptolemy.util.test.junit.TclTests" name="[3] /home/travis/build/icyphy/ptII/ptolemy/domains/sdf/lib/test/FFT.tcl (RunTclFile)" time="0.017" />
  <testcase classname="ptolemy.util.test.junit.TclTests" name="[4] /home/travis/build/icyphy/ptII/ptolemy/domains/sdf/lib/test/FIR.tcl (RunTclFile)" time="0.189" />
  <testcase classname="ptolemy.util.test.junit.TclTests" name="[5] /home/travis/build/icyphy/ptII/ptolemy/domains/sdf/lib/test/IntToBits.tcl (RunTclFile)" time="0.06" />
  <testcase classname="ptolemy.util.test.junit.TclTests" name="[6] /home/travis/build/icyphy/ptII/ptolemy/domains/sdf/lib/test/MaximumEntropySpectrum.tcl (RunTclFile)" time="0.395" />
  <testcase classname="ptolemy.util.test.junit.TclTests" name="[7] /home/travis/build/icyphy/ptII/ptolemy/domains/sdf/lib/test/Repeat.tcl (RunTclFile)" time="0.045" />
  <testcase classname="ptolemy.util.test.junit.TclTests" name="[8] /home/travis/build/icyphy/ptII/ptolemy/domains/sdf/lib/test/SampleDelay.tcl (RunTclFile)" time="0.096" />
  <testcase classname="ptolemy.util.test.junit.TclTests" name="[9] /home/travis/build/icyphy/ptII/ptolemy/domains/sdf/lib/test/SequenceToArray.tcl (RunTclFile)" time="0.101" />
  <testcase classname="ptolemy.util.test.junit.AutoKnownFailedTests" name="[0] ThereAreNoKnowFailedTests (RunModel)" time="0.002" />
  <testcase classname="ptolemy.util.test.junit.AutoNameArchTests" name="[0] ThereAreNoAutoArchTests (RunModel)" time="0.001" />
  <testcase classname="ptolemy.util.test.junit.AutoTests" name="[0] /home/travis/build/icyphy/ptII/ptolemy/domains/sdf/lib/test/auto/ArrayToSequence.xml (RunModel)" time="0.22" />
  <testcase classname="ptolemy.util.test.junit.AutoTests" name="[1] /home/travis/build/icyphy/ptII/ptolemy/domains/sdf/lib/test/auto/ArrayToSequenceTest.xml (RunModel)" time="0.097" />
  <testcase classname="ptolemy.util.test.junit.AutoTests" name="[2] /home/travis/build/icyphy/ptII/ptolemy/domains/sdf/lib/test/auto/Autocorrelation.xml (RunModel)" time="0.049" />
  <testcase classname="ptolemy.util.test.junit.AutoTests" name="[3] /home/travis/build/icyphy/ptII/ptolemy/domains/sdf/lib/test/auto/Autocorrelation2.xml (RunModel)" time="0.062" />
  <testcase classname="ptolemy.util.test.junit.AutoTests" name="[4] /home/travis/build/icyphy/ptII/ptolemy/domains/sdf/lib/test/auto/Autocorrelation3.xml (RunModel)" time="0.028" />
  <testcase classname="ptolemy.util.test.junit.AutoTests" name="[5] /home/travis/build/icyphy/ptII/ptolemy/domains/sdf/lib/test/auto/Autocorrelation4.xml (RunModel)" time="0.026" />
  <testcase classname="ptolemy.util.test.junit.AutoTests" name="[6] /home/travis/build/icyphy/ptII/ptolemy/domains/sdf/lib/test/auto/Autocorrelation5.xml (RunModel)" time="0.134" />
  <testcase classname="ptolemy.util.test.junit.AutoTests" name="[7] /home/travis/build/icyphy/ptII/ptolemy/domains/sdf/lib/test/auto/BitsToInt.xml (RunModel)" time="0.057" />
  <testcase classname="ptolemy.util.test.junit.AutoTests" name="[8] /home/travis/build/icyphy/ptII/ptolemy/domains/sdf/lib/test/auto/BooleanJoin.xml (RunModel)" time="0.07" />
  <testcase classname="ptolemy.util.test.junit.AutoTests" name="[9] /home/travis/build/icyphy/ptII/ptolemy/domains/sdf/lib/test/auto/BootstrapSampleDelay.xml (RunModel)" time="0.06" />
  <testcase classname="ptolemy.util.test.junit.AutoTests" name="[10] /home/travis/build/icyphy/ptII/ptolemy/domains/sdf/lib/test/auto/Chop.xml (RunModel)" time="0.063" />
  <testcase classname="ptolemy.util.test.junit.AutoTests" name="[11] /home/travis/build/icyphy/ptII/ptolemy/domains/sdf/lib/test/auto/Chop2.xml (RunModel)" time="0.053" />
  <testcase classname="ptolemy.util.test.junit.AutoTests" name="[12] /home/travis/build/icyphy/ptII/ptolemy/domains/sdf/lib/test/auto/ComplexJoin.xml (RunModel)" time="0.051" />
  <testcase classname="ptolemy.util.test.junit.AutoTests" name="[13] /home/travis/build/icyphy/ptII/ptolemy/domains/sdf/lib/test/auto/CountTrues.xml (RunModel)" time="0.041" />
  <testcase classname="ptolemy.util.test.junit.AutoTests" name="[14] /home/travis/build/icyphy/ptII/ptolemy/domains/sdf/lib/test/auto/DelayLine.xml (RunModel)" time="0.056" />
  <testcase classname="ptolemy.util.test.junit.AutoTests" name="[15] /home/travis/build/icyphy/ptII/ptolemy/domains/sdf/lib/test/auto/DotProduct.xml (RunModel)" time="0.05" />
  <testcase classname="ptolemy.util.test.junit.AutoTests" name="[16] /home/travis/build/icyphy/ptII/ptolemy/domains/sdf/lib/test/auto/DotProductMatrix.xml (RunModel)" time="0.028" />
  <testcase classname="ptolemy.util.test.junit.AutoTests" name="[17] /home/travis/build/icyphy/ptII/ptolemy/domains/sdf/lib/test/auto/DownSample1.xml (RunModel)" time="0.025" />
  <testcase classname="ptolemy.util.test.junit.AutoTests" name="[18] /home/travis/build/icyphy/ptII/ptolemy/domains/sdf/lib/test/auto/DynamicRateChange.xml (RunModel)" time="0.037" />
  <testcase classname="ptolemy.util.test.junit.AutoTests" name="[19] /home/travis/build/icyphy/ptII/ptolemy/domains/sdf/lib/test/auto/DynamicRates.xml (RunModel)" time="0.039" />
  <testcase classname="ptolemy.util.test.junit.AutoTests" name="[20] /home/travis/build/icyphy/ptII/ptolemy/domains/sdf/lib/test/auto/FFT1.xml (RunModel)" time="0.029" />
  <testcase classname="ptolemy.util.test.junit.AutoTests" name="[21] /home/travis/build/icyphy/ptII/ptolemy/domains/sdf/lib/test/auto/FIR1.xml (RunModel)" time="0.06" />
  <testcase classname="ptolemy.util.test.junit.AutoTests" name="[22] /home/travis/build/icyphy/ptII/ptolemy/domains/sdf/lib/test/auto/FIR2.xml (RunModel)" time="0.029" />
  <testcase classname="ptolemy.util.test.junit.AutoTests" name="[23] /home/travis/build/icyphy/ptII/ptolemy/domains/sdf/lib/test/auto/FIR4.xml (RunModel)" time="0.049" />
  <testcase classname="ptolemy.util.test.junit.AutoTests" name="[24] /home/travis/build/icyphy/ptII/ptolemy/domains/sdf/lib/test/auto/FixJoin.xml (RunModel)" time="0.039" />
  <testcase classname="ptolemy.util.test.junit.AutoTests" name="[25] /home/travis/build/icyphy/ptII/ptolemy/domains/sdf/lib/test/auto/IntJoin1.xml (RunModel)" time="0.032" />
  <testcase classname="ptolemy.util.test.junit.AutoTests" name="[26] /home/travis/build/icyphy/ptII/ptolemy/domains/sdf/lib/test/auto/IntJoin2.xml (RunModel)" time="0.022" />
  <testcase classname="ptolemy.util.test.junit.AutoTests" name="[27] /home/travis/build/icyphy/ptII/ptolemy/domains/sdf/lib/test/auto/IntJoin3.xml (RunModel)" time="0.027" />
  <testcase classname="ptolemy.util.test.junit.AutoTests" name="[28] /home/travis/build/icyphy/ptII/ptolemy/domains/sdf/lib/test/auto/IntJoin4.xml (RunModel)" time="0.028" />
  <testcase classname="ptolemy.util.test.junit.AutoTests" name="[29] /home/travis/build/icyphy/ptII/ptolemy/domains/sdf/lib/test/auto/IntJoin5.xml (RunModel)" time="0.03" />
  <testcase classname="ptolemy.util.test.junit.AutoTests" name="[30] /home/travis/build/icyphy/ptII/ptolemy/domains/sdf/lib/test/auto/IntToBits.xml (RunModel)" time="0.021" />
  <testcase classname="ptolemy.util.test.junit.AutoTests" name="[31] /home/travis/build/icyphy/ptII/ptolemy/domains/sdf/lib/test/auto/LMSAdaptive.xml (RunModel)" time="0.067" />
  <testcase classname="ptolemy.util.test.junit.AutoTests" name="[32] /home/travis/build/icyphy/ptII/ptolemy/domains/sdf/lib/test/auto/LMSAdaptiveFIR.xml (RunModel)" time="0.417" />
  <testcase classname="ptolemy.util.test.junit.AutoTests" name="[33] /home/travis/build/icyphy/ptII/ptolemy/domains/sdf/lib/test/auto/LMSAdaptiveFIR2.xml (RunModel)" time="0.456" />
  <testcase classname="ptolemy.util.test.junit.AutoTests" name="[34] /home/travis/build/icyphy/ptII/ptolemy/domains/sdf/lib/test/auto/LongJoin.xml (RunModel)" time="0.051" />
  <testcase classname="ptolemy.util.test.junit.AutoTests" name="[35] /home/travis/build/icyphy/ptII/ptolemy/domains/sdf/lib/test/auto/Matrix1.xml (RunModel)" time="0.02" />
  <testcase classname="ptolemy.util.test.junit.AutoTests" name="[36] /home/travis/build/icyphy/ptII/ptolemy/domains/sdf/lib/test/auto/Matrix2.xml (RunModel)" time="0.016" />
  <testcase classname="ptolemy.util.test.junit.AutoTests" name="[37] /home/travis/build/icyphy/ptII/ptolemy/domains/sdf/lib/test/auto/MatrixJoin1.xml (RunModel)" time="0.034" />
  <testcase classname="ptolemy.util.test.junit.AutoTests" name="[38] /home/travis/build/icyphy/ptII/ptolemy/domains/sdf/lib/test/auto/MatrixJoin2.xml (RunModel)" time="0.023" />
  <testcase classname="ptolemy.util.test.junit.AutoTests" name="[39] /home/travis/build/icyphy/ptII/ptolemy/domains/sdf/lib/test/auto/MatrixJoin3.xml (RunModel)" time="0.035" />
  <testcase classname="ptolemy.util.test.junit.AutoTests" name="[40] /home/travis/build/icyphy/ptII/ptolemy/domains/sdf/lib/test/auto/MatrixJoin4.xml (RunModel)" time="0.02" />
  <testcase classname="ptolemy.util.test.junit.AutoTests" name="[41] /home/travis/build/icyphy/ptII/ptolemy/domains/sdf/lib/test/auto/MatrixJoin5.xml (RunModel)" time="0.018" />
  <testcase classname="ptolemy.util.test.junit.AutoTests" name="[42] /home/travis/build/icyphy/ptII/ptolemy/domains/sdf/lib/test/auto/MatrixSplit1.xml (RunModel)" time="0.032" />
  <testcase classname="ptolemy.util.test.junit.AutoTests" name="[43] /home/travis/build/icyphy/ptII/ptolemy/domains/sdf/lib/test/auto/MatrixSplit10.xml (RunModel)" time="0.017" />
  <testcase classname="ptolemy.util.test.junit.AutoTests" name="[44] /home/travis/build/icyphy/ptII/ptolemy/domains/sdf/lib/test/auto/MatrixSplit11.xml (RunModel)" time="0.015" />
  <testcase classname="ptolemy.util.test.junit.AutoTests" name="[45] /home/travis/build/icyphy/ptII/ptolemy/domains/sdf/lib/test/auto/MatrixSplit12.xml (RunModel)" time="0.024" />
  <testcase classname="ptolemy.util.test.junit.AutoTests" name="[46] /home/travis/build/icyphy/ptII/ptolemy/domains/sdf/lib/test/auto/MatrixSplit13.xml (RunModel)" time="0.027" />
  <testcase classname="ptolemy.util.test.junit.AutoTests" name="[47] /home/travis/build/icyphy/ptII/ptolemy/domains/sdf/lib/test/auto/MatrixSplit14.xml (RunModel)" time="0.015" />
  <testcase classname="ptolemy.util.test.junit.AutoTests" name="[48] /home/travis/build/icyphy/ptII/ptolemy/domains/sdf/lib/test/auto/MatrixSplit2.xml (RunModel)" time="0.014" />
  <testcase classname="ptolemy.util.test.junit.AutoTests" name="[49] /home/travis/build/icyphy/ptII/ptolemy/domains/sdf/lib/test/auto/MatrixSplit3.xml (RunModel)" time="0.015" />
  <testcase classname="ptolemy.util.test.junit.AutoTests" name="[50] /home/travis/build/icyphy/ptII/ptolemy/domains/sdf/lib/test/auto/MatrixSplit4.xml (RunModel)" time="0.015" />
  <testcase classname="ptolemy.util.test.junit.AutoTests" name="[51] /home/travis/build/icyphy/ptII/ptolemy/domains/sdf/lib/test/auto/MatrixSplit5.xml (RunModel)" time="0.024" />
  <testcase classname="ptolemy.util.test.junit.AutoTests" name="[52] /home/travis/build/icyphy/ptII/ptolemy/domains/sdf/lib/test/auto/MatrixSplit6.xml (RunModel)" time="0.015" />
  <testcase classname="ptolemy.util.test.junit.AutoTests" name="[53] /home/travis/build/icyphy/ptII/ptolemy/domains/sdf/lib/test/auto/MatrixSplit7.xml (RunModel)" time="0.015" />
  <testcase classname="ptolemy.util.test.junit.AutoTests" name="[54] /home/travis/build/icyphy/ptII/ptolemy/domains/sdf/lib/test/auto/MatrixSplit8.xml (RunModel)" time="0.016" />
  <testcase classname="ptolemy.util.test.junit.AutoTests" name="[55] /home/travis/build/icyphy/ptII/ptolemy/domains/sdf/lib/test/auto/MatrixSplit9.xml (RunModel)" time="0.033" />
  <testcase classname="ptolemy.util.test.junit.AutoTests" name="[56] /home/travis/build/icyphy/ptII/ptolemy/domains/sdf/lib/test/auto/MatrixToSequence.xml (RunModel)" time="0.042" />
  <testcase classname="ptolemy.util.test.junit.AutoTests" name="[57] /home/travis/build/icyphy/ptII/ptolemy/domains/sdf/lib/test/auto/MaximumEntropySpectrum.xml (RunModel)" time="0.094" />
  <testcase classname="ptolemy.util.test.junit.AutoTests" name="[58] /home/travis/build/icyphy/ptII/ptolemy/domains/sdf/lib/test/auto/SampleDelayConversion.xml (RunModel)" time="0.017" />
  <testcase classname="ptolemy.util.test.junit.AutoTests" name="[59] /home/travis/build/icyphy/ptII/ptolemy/domains/sdf/lib/test/auto/SequenceToArray.xml (RunModel)" time="0.039" />
  <testcase classname="ptolemy.util.test.junit.AutoTests" name="[60] /home/travis/build/icyphy/ptII/ptolemy/domains/sdf/lib/test/auto/SequenceToMatrix.xml (RunModel)" time="3.566" />
  <testcase classname="ptolemy.util.test.junit.AutoTests" name="[61] /home/travis/build/icyphy/ptII/ptolemy/domains/sdf/lib/test/auto/SmoothedPeriodogram.xml (RunModel)" time="0.071" />
  <testcase classname="ptolemy.util.test.junit.AutoTests" name="[62] /home/travis/build/icyphy/ptII/ptolemy/domains/sdf/lib/test/auto/UpDownSample1.xml (RunModel)" time="0.018" />
  <testcase classname="ptolemy.util.test.junit.AutoTests" name="[63] /home/travis/build/icyphy/ptII/ptolemy/domains/sdf/lib/test/auto/UpSample1.xml (RunModel)" time="0.019" />
  <testcase classname="ptolemy.util.test.junit.AutoTests" name="[64] /home/travis/build/icyphy/ptII/ptolemy/domains/sdf/lib/test/auto/VariableFIR.xml (RunModel)" time="0.022" />
  <testcase classname="ptolemy.util.test.junit.AutoTests" name="[65] /home/travis/build/icyphy/ptII/ptolemy/domains/sdf/lib/test/auto/VariableFIR2.xml (RunModel)" time="0.017" />
  <testcase classname="ptolemy.util.test.junit.AutoTests" name="[66] /home/travis/build/icyphy/ptII/ptolemy/domains/sdf/lib/test/auto/VariableLattice.xml (RunModel)" time="0.022" />
  <testcase classname="ptolemy.util.test.junit.AutoTests" name="[67] /home/travis/build/icyphy/ptII/ptolemy/domains/sdf/lib/test/auto/VariableLattice2.xml (RunModel)" time="0.016" />
  <testcase classname="ptolemy.util.test.junit.AutoTests" name="[68] /home/travis/build/icyphy/ptII/ptolemy/domains/sdf/lib/test/auto/VariableRecursiveLattice.xml (RunModel)" time="0.014" />
  <testcase classname="ptolemy.util.test.junit.AutoTests" name="[69] /home/travis/build/icyphy/ptII/ptolemy/domains/sdf/lib/test/auto/VariableRecursiveLattice2.xml (RunModel)" time="0.011" />
  <system-out><![CDATA[/home/travis/build/icyphy/ptII/ptolemy/domains/sdf/lib/test/ArrayToSequence.tcl
testDefs.tcl: setting time out to 9000 seconds at Sat Jun 29 05:16:44 UTC 2019
62 ms. Memory: 120832K Free: 101757K (84%)
25 ms. Memory: 120832K Free: 99680K (82%)
36 ms. Memory: 120832K Free: 97678K (81%)
11 ms. Memory: 120832K Free: 96335K (80%)
/home/travis/build/icyphy/ptII/ptolemy/domains/sdf/lib/test/BitsToInt.tcl
19 ms. Memory: 120832K Free: 107453K (89%)
15 ms. Memory: 120832K Free: 105813K (88%)
/home/travis/build/icyphy/ptII/ptolemy/domains/sdf/lib/test/DelayLine.tcl
6 ms. Memory: 120832K Free: 103758K (86%)
/home/travis/build/icyphy/ptII/ptolemy/domains/sdf/lib/test/FFT.tcl
4 ms. Memory: 120832K Free: 102348K (85%)
/home/travis/build/icyphy/ptII/ptolemy/domains/sdf/lib/test/FIR.tcl
7 ms. Memory: 120832K Free: 100278K (83%)
97 ms. Memory: 120832K Free: 96204K (80%)
ptolemy.kernel.util.IllegalActionException: multiplyReverse method not supported between ptolemy.data.FixToken 'fix(-0.0625,6,2)' and ptolemy.data.IntToken '1' because the types are incomparable.
  in .top.FIRclone
Because:
multiplyReverse method not supported between ptolemy.data.FixToken 'fix(-0.0625,6,2)' and ptolemy.data.IntToken '1' because the types are incomparable.
33 ms. Memory: 120832K Free: 93556K (77%)
/home/travis/build/icyphy/ptII/ptolemy/domains/sdf/lib/test/IntToBits.tcl
10 ms. Memory: 120832K Free: 92046K (76%)
9 ms. Memory: 120832K Free: 90483K (75%)
/home/travis/build/icyphy/ptII/ptolemy/domains/sdf/lib/test/MaximumEntropySpectrum.tcl
/home/travis/build/icyphy/ptII/ptolemy/domains/sdf/lib/test/Repeat.tcl
22 ms. Memory: 169984K Free: 138309K (81%)
/home/travis/build/icyphy/ptII/ptolemy/domains/sdf/lib/test/SampleDelay.tcl
13 ms. Memory: 169984K Free: 136267K (80%)
4 ms. Memory: 169984K Free: 135757K (80%)
4 ms. Memory: 169984K Free: 134733K (79%)
8 ms. Memory: 169984K Free: 134205K (79%)
5 ms. Memory: 169984K Free: 133709K (79%)
10 ms. Memory: 169984K Free: 133195K (78%)
/home/travis/build/icyphy/ptII/ptolemy/domains/sdf/lib/test/SequenceToArray.tcl
13 ms. Memory: 169984K Free: 131117K (77%)
20 ms. Memory: 169984K Free: 130123K (77%)
13 ms. Memory: 169984K Free: 129099K (76%)
19 ms. Memory: 169984K Free: 128061K (75%)
06/29/19 05:16:45
Failed: 0  Total Tests: 41  ((Passed: 41, Newly Passed: 0)  Known Failed: 0) /home/travis/build/icyphy/ptII/ptolemy/domains/sdf/lib/test
No auto/knownFailedTests/*.xml tests in /home/travis/build/icyphy/ptII/ptolemy/domains/sdf/lib/test
No auto/linux-amd64/*.xml tests in /home/travis/build/icyphy/ptII/ptolemy/domains/sdf/lib/test
AutoTests.java: About to close Vertx.
AutoTests.java: Vertx closed.

===========================================================================================
----------------- testing Sat Jun 29 05:16:46 UTC 2019 /home/travis/build/icyphy/ptII/ptolemy/domains/sdf/lib/test/auto/ArrayToSequence.xml
----------------- Instantiating /home/travis/build/icyphy/ptII/ptolemy/domains/sdf/lib/test/auto/ArrayToSequence.xml
26 ms. Memory: 169984K Free: 134905K (79%)
----------------- Invoking toplevel() on ptolemy.moml.MoMLSimpleApplication@30ad100d
----------------- Done invoking toplevel() on ptolemy.moml.MoMLSimpleApplication@30ad100d
reloadAllAccessors: .ArrayToSequence

===========================================================================================
----------------- testing Sat Jun 29 05:16:46 UTC 2019 /home/travis/build/icyphy/ptII/ptolemy/domains/sdf/lib/test/auto/ArrayToSequenceTest.xml
----------------- Instantiating /home/travis/build/icyphy/ptII/ptolemy/domains/sdf/lib/test/auto/ArrayToSequenceTest.xml
17 ms. Memory: 169984K Free: 128761K (76%)
----------------- Invoking toplevel() on ptolemy.moml.MoMLSimpleApplication@2dad3630
----------------- Done invoking toplevel() on ptolemy.moml.MoMLSimpleApplication@2dad3630
reloadAllAccessors: .ArrayToSequenceTest

===========================================================================================
----------------- testing Sat Jun 29 05:16:46 UTC 2019 /home/travis/build/icyphy/ptII/ptolemy/domains/sdf/lib/test/auto/Autocorrelation.xml
----------------- Instantiating /home/travis/build/icyphy/ptII/ptolemy/domains/sdf/lib/test/auto/Autocorrelation.xml
14 ms. Memory: 169984K Free: 124151K (73%)
----------------- Invoking toplevel() on ptolemy.moml.MoMLSimpleApplication@79503a9d
----------------- Done invoking toplevel() on ptolemy.moml.MoMLSimpleApplication@79503a9d
reloadAllAccessors: .Autocorrelation

===========================================================================================
----------------- testing Sat Jun 29 05:16:46 UTC 2019 /home/travis/build/icyphy/ptII/ptolemy/domains/sdf/lib/test/auto/Autocorrelation2.xml
----------------- Instantiating /home/travis/build/icyphy/ptII/ptolemy/domains/sdf/lib/test/auto/Autocorrelation2.xml
11 ms. Memory: 169984K Free: 120055K (71%)
----------------- Invoking toplevel() on ptolemy.moml.MoMLSimpleApplication@23764d7e
----------------- Done invoking toplevel() on ptolemy.moml.MoMLSimpleApplication@23764d7e
reloadAllAccessors: .Autocorrelation2

===========================================================================================
----------------- testing Sat Jun 29 05:16:46 UTC 2019 /home/travis/build/icyphy/ptII/ptolemy/domains/sdf/lib/test/auto/Autocorrelation3.xml
----------------- Instantiating /home/travis/build/icyphy/ptII/ptolemy/domains/sdf/lib/test/auto/Autocorrelation3.xml
3 ms. Memory: 169984K Free: 116473K (69%)
----------------- Invoking toplevel() on ptolemy.moml.MoMLSimpleApplication@74f87cdd
----------------- Done invoking toplevel() on ptolemy.moml.MoMLSimpleApplication@74f87cdd
reloadAllAccessors: .Autocorrelation3

===========================================================================================
----------------- testing Sat Jun 29 05:16:46 UTC 2019 /home/travis/build/icyphy/ptII/ptolemy/domains/sdf/lib/test/auto/Autocorrelation4.xml
----------------- Instantiating /home/travis/build/icyphy/ptII/ptolemy/domains/sdf/lib/test/auto/Autocorrelation4.xml
5 ms. Memory: 169984K Free: 111863K (66%)
----------------- Invoking toplevel() on ptolemy.moml.MoMLSimpleApplication@7a8e7ea3
----------------- Done invoking toplevel() on ptolemy.moml.MoMLSimpleApplication@7a8e7ea3
reloadAllAccessors: .Autocorrelation4

===========================================================================================
----------------- testing Sat Jun 29 05:16:46 UTC 2019 /home/travis/build/icyphy/ptII/ptolemy/domains/sdf/lib/test/auto/Autocorrelation5.xml
----------------- Instantiating /home/travis/build/icyphy/ptII/ptolemy/domains/sdf/lib/test/auto/Autocorrelation5.xml
72 ms. Memory: 169984K Free: 104695K (62%)
----------------- Invoking toplevel() on ptolemy.moml.MoMLSimpleApplication@18e1c0be
----------------- Done invoking toplevel() on ptolemy.moml.MoMLSimpleApplication@18e1c0be
reloadAllAccessors: .Autocorrelation5

===========================================================================================
----------------- testing Sat Jun 29 05:16:46 UTC 2019 /home/travis/build/icyphy/ptII/ptolemy/domains/sdf/lib/test/auto/BitsToInt.xml
----------------- Instantiating /home/travis/build/icyphy/ptII/ptolemy/domains/sdf/lib/test/auto/BitsToInt.xml
4 ms. Memory: 169984K Free: 101113K (59%)
----------------- Invoking toplevel() on ptolemy.moml.MoMLSimpleApplication@77065200
----------------- Done invoking toplevel() on ptolemy.moml.MoMLSimpleApplication@77065200
reloadAllAccessors: .BitsToInt

===========================================================================================
----------------- testing Sat Jun 29 05:16:46 UTC 2019 /home/travis/build/icyphy/ptII/ptolemy/domains/sdf/lib/test/auto/BooleanJoin.xml
----------------- Instantiating /home/travis/build/icyphy/ptII/ptolemy/domains/sdf/lib/test/auto/BooleanJoin.xml
16 ms. Memory: 169984K Free: 97017K (57%)
----------------- Invoking toplevel() on ptolemy.moml.MoMLSimpleApplication@25aa947a
----------------- Done invoking toplevel() on ptolemy.moml.MoMLSimpleApplication@25aa947a
reloadAllAccessors: .BooleanJoin

===========================================================================================
----------------- testing Sat Jun 29 05:16:46 UTC 2019 /home/travis/build/icyphy/ptII/ptolemy/domains/sdf/lib/test/auto/BootstrapSampleDelay.xml
----------------- Instantiating /home/travis/build/icyphy/ptII/ptolemy/domains/sdf/lib/test/auto/BootstrapSampleDelay.xml
11 ms. Memory: 169984K Free: 93431K (55%)
----------------- Invoking toplevel() on ptolemy.moml.MoMLSimpleApplication@2f29b6ae
----------------- Done invoking toplevel() on ptolemy.moml.MoMLSimpleApplication@2f29b6ae
reloadAllAccessors: .BootstrapSampleDelay

===========================================================================================
----------------- testing Sat Jun 29 05:16:47 UTC 2019 /home/travis/build/icyphy/ptII/ptolemy/domains/sdf/lib/test/auto/Chop.xml
----------------- Instantiating /home/travis/build/icyphy/ptII/ptolemy/domains/sdf/lib/test/auto/Chop.xml
5 ms. Memory: 169984K Free: 85753K (50%)
----------------- Invoking toplevel() on ptolemy.moml.MoMLSimpleApplication@397769cd
----------------- Done invoking toplevel() on ptolemy.moml.MoMLSimpleApplication@397769cd
reloadAllAccessors: .Chop

===========================================================================================
----------------- testing Sat Jun 29 05:16:47 UTC 2019 /home/travis/build/icyphy/ptII/ptolemy/domains/sdf/lib/test/auto/Chop2.xml
----------------- Instantiating /home/travis/build/icyphy/ptII/ptolemy/domains/sdf/lib/test/auto/Chop2.xml
5 ms. Memory: 169984K Free: 79609K (47%)
----------------- Invoking toplevel() on ptolemy.moml.MoMLSimpleApplication@6c1c8661
----------------- Done invoking toplevel() on ptolemy.moml.MoMLSimpleApplication@6c1c8661
reloadAllAccessors: .Chop2

===========================================================================================
----------------- testing Sat Jun 29 05:16:47 UTC 2019 /home/travis/build/icyphy/ptII/ptolemy/domains/sdf/lib/test/auto/ComplexJoin.xml
----------------- Instantiating /home/travis/build/icyphy/ptII/ptolemy/domains/sdf/lib/test/auto/ComplexJoin.xml
7 ms. Memory: 169984K Free: 74999K (44%)
----------------- Invoking toplevel() on ptolemy.moml.MoMLSimpleApplication@7d2b6a06
----------------- Done invoking toplevel() on ptolemy.moml.MoMLSimpleApplication@7d2b6a06
reloadAllAccessors: .ComplexJoin

===========================================================================================
----------------- testing Sat Jun 29 05:16:47 UTC 2019 /home/travis/build/icyphy/ptII/ptolemy/domains/sdf/lib/test/auto/CountTrues.xml
----------------- Instantiating /home/travis/build/icyphy/ptII/ptolemy/domains/sdf/lib/test/auto/CountTrues.xml
9 ms. Memory: 169984K Free: 72441K (43%)
----------------- Invoking toplevel() on ptolemy.moml.MoMLSimpleApplication@380e8c9c
----------------- Done invoking toplevel() on ptolemy.moml.MoMLSimpleApplication@380e8c9c
reloadAllAccessors: .CountTrues

===========================================================================================
----------------- testing Sat Jun 29 05:16:47 UTC 2019 /home/travis/build/icyphy/ptII/ptolemy/domains/sdf/lib/test/auto/DelayLine.xml
----------------- Instantiating /home/travis/build/icyphy/ptII/ptolemy/domains/sdf/lib/test/auto/DelayLine.xml
12 ms. Memory: 169984K Free: 66793K (39%)
----------------- Invoking toplevel() on ptolemy.moml.MoMLSimpleApplication@3b8e8611
----------------- Done invoking toplevel() on ptolemy.moml.MoMLSimpleApplication@3b8e8611
reloadAllAccessors: .DelayLine

===========================================================================================
----------------- testing Sat Jun 29 05:16:47 UTC 2019 /home/travis/build/icyphy/ptII/ptolemy/domains/sdf/lib/test/auto/DotProduct.xml
----------------- Instantiating /home/travis/build/icyphy/ptII/ptolemy/domains/sdf/lib/test/auto/DotProduct.xml
8 ms. Memory: 169984K Free: 64249K (38%)
----------------- Invoking toplevel() on ptolemy.moml.MoMLSimpleApplication@1daafa69
----------------- Done invoking toplevel() on ptolemy.moml.MoMLSimpleApplication@1daafa69
reloadAllAccessors: .DotProduct

===========================================================================================
----------------- testing Sat Jun 29 05:16:47 UTC 2019 /home/travis/build/icyphy/ptII/ptolemy/domains/sdf/lib/test/auto/DotProductMatrix.xml
----------------- Instantiating /home/travis/build/icyphy/ptII/ptolemy/domains/sdf/lib/test/auto/DotProductMatrix.xml
5 ms. Memory: 169984K Free: 151993K (89%)
----------------- Invoking toplevel() on ptolemy.moml.MoMLSimpleApplication@148fc61d
----------------- Done invoking toplevel() on ptolemy.moml.MoMLSimpleApplication@148fc61d
reloadAllAccessors: .DotProductMatrix

===========================================================================================
----------------- testing Sat Jun 29 05:16:47 UTC 2019 /home/travis/build/icyphy/ptII/ptolemy/domains/sdf/lib/test/auto/DownSample1.xml
----------------- Instantiating /home/travis/build/icyphy/ptII/ptolemy/domains/sdf/lib/test/auto/DownSample1.xml
3 ms. Memory: 169984K Free: 148921K (88%)
----------------- Invoking toplevel() on ptolemy.moml.MoMLSimpleApplication@2ddb65ef
----------------- Done invoking toplevel() on ptolemy.moml.MoMLSimpleApplication@2ddb65ef
reloadAllAccessors: .DownSample1

===========================================================================================
----------------- testing Sat Jun 29 05:16:47 UTC 2019 /home/travis/build/icyphy/ptII/ptolemy/domains/sdf/lib/test/auto/DynamicRateChange.xml
----------------- Instantiating /home/travis/build/icyphy/ptII/ptolemy/domains/sdf/lib/test/auto/DynamicRateChange.xml
16 ms. Memory: 169984K Free: 142763K (84%)
----------------- Invoking toplevel() on ptolemy.moml.MoMLSimpleApplication@4863960
----------------- Done invoking toplevel() on ptolemy.moml.MoMLSimpleApplication@4863960
reloadAllAccessors: .DynamicRateChange

===========================================================================================
----------------- testing Sat Jun 29 05:16:47 UTC 2019 /home/travis/build/icyphy/ptII/ptolemy/domains/sdf/lib/test/auto/DynamicRates.xml
----------------- Instantiating /home/travis/build/icyphy/ptII/ptolemy/domains/sdf/lib/test/auto/DynamicRates.xml
10 ms. Memory: 169984K Free: 138171K (81%)
----------------- Invoking toplevel() on ptolemy.moml.MoMLSimpleApplication@232d985d
----------------- Done invoking toplevel() on ptolemy.moml.MoMLSimpleApplication@232d985d
reloadAllAccessors: .DynamicRates

===========================================================================================
----------------- testing Sat Jun 29 05:16:47 UTC 2019 /home/travis/build/icyphy/ptII/ptolemy/domains/sdf/lib/test/auto/FFT1.xml
----------------- Instantiating /home/travis/build/icyphy/ptII/ptolemy/domains/sdf/lib/test/auto/FFT1.xml
6 ms. Memory: 169984K Free: 133051K (78%)
----------------- Invoking toplevel() on ptolemy.moml.MoMLSimpleApplication@45dc5dce
----------------- Done invoking toplevel() on ptolemy.moml.MoMLSimpleApplication@45dc5dce
reloadAllAccessors: .FFT1

===========================================================================================
----------------- testing Sat Jun 29 05:16:47 UTC 2019 /home/travis/build/icyphy/ptII/ptolemy/domains/sdf/lib/test/auto/FIR1.xml
----------------- Instantiating /home/travis/build/icyphy/ptII/ptolemy/domains/sdf/lib/test/auto/FIR1.xml
27 ms. Memory: 169984K Free: 126393K (74%)
----------------- Invoking toplevel() on ptolemy.moml.MoMLSimpleApplication@1852baf0
----------------- Done invoking toplevel() on ptolemy.moml.MoMLSimpleApplication@1852baf0
reloadAllAccessors: .FIR1

===========================================================================================
----------------- testing Sat Jun 29 05:16:47 UTC 2019 /home/travis/build/icyphy/ptII/ptolemy/domains/sdf/lib/test/auto/FIR2.xml
----------------- Instantiating /home/travis/build/icyphy/ptII/ptolemy/domains/sdf/lib/test/auto/FIR2.xml
2 ms. Memory: 169984K Free: 122811K (72%)
----------------- Invoking toplevel() on ptolemy.moml.MoMLSimpleApplication@ef08544
----------------- Done invoking toplevel() on ptolemy.moml.MoMLSimpleApplication@ef08544
reloadAllAccessors: .FIR2

===========================================================================================
----------------- testing Sat Jun 29 05:16:47 UTC 2019 /home/travis/build/icyphy/ptII/ptolemy/domains/sdf/lib/test/auto/FIR4.xml
----------------- Instantiating /home/travis/build/icyphy/ptII/ptolemy/domains/sdf/lib/test/auto/FIR4.xml
7 ms. Memory: 169984K Free: 115643K (68%)
----------------- Invoking toplevel() on ptolemy.moml.MoMLSimpleApplication@3344d20
----------------- Done invoking toplevel() on ptolemy.moml.MoMLSimpleApplication@3344d20
reloadAllAccessors: .FIR4

===========================================================================================
----------------- testing Sat Jun 29 05:16:47 UTC 2019 /home/travis/build/icyphy/ptII/ptolemy/domains/sdf/lib/test/auto/FixJoin.xml
----------------- Instantiating /home/travis/build/icyphy/ptII/ptolemy/domains/sdf/lib/test/auto/FixJoin.xml
3 ms. Memory: 169984K Free: 111547K (66%)
----------------- Invoking toplevel() on ptolemy.moml.MoMLSimpleApplication@7f9eb324
----------------- Done invoking toplevel() on ptolemy.moml.MoMLSimpleApplication@7f9eb324
reloadAllAccessors: .FixJoin

===========================================================================================
----------------- testing Sat Jun 29 05:16:47 UTC 2019 /home/travis/build/icyphy/ptII/ptolemy/domains/sdf/lib/test/auto/IntJoin1.xml
----------------- Instantiating /home/travis/build/icyphy/ptII/ptolemy/domains/sdf/lib/test/auto/IntJoin1.xml
6 ms. Memory: 169984K Free: 106937K (63%)
----------------- Invoking toplevel() on ptolemy.moml.MoMLSimpleApplication@6fac6642
----------------- Done invoking toplevel() on ptolemy.moml.MoMLSimpleApplication@6fac6642
reloadAllAccessors: .IntJoin1

===========================================================================================
----------------- testing Sat Jun 29 05:16:47 UTC 2019 /home/travis/build/icyphy/ptII/ptolemy/domains/sdf/lib/test/auto/IntJoin2.xml
----------------- Instantiating /home/travis/build/icyphy/ptII/ptolemy/domains/sdf/lib/test/auto/IntJoin2.xml
3 ms. Memory: 169984K Free: 102841K (61%)
----------------- Invoking toplevel() on ptolemy.moml.MoMLSimpleApplication@15c2316b
----------------- Done invoking toplevel() on ptolemy.moml.MoMLSimpleApplication@15c2316b
reloadAllAccessors: .IntJoin2

===========================================================================================
----------------- testing Sat Jun 29 05:16:47 UTC 2019 /home/travis/build/icyphy/ptII/ptolemy/domains/sdf/lib/test/auto/IntJoin3.xml
----------------- Instantiating /home/travis/build/icyphy/ptII/ptolemy/domains/sdf/lib/test/auto/IntJoin3.xml
5 ms. Memory: 169984K Free: 98235K (58%)
----------------- Invoking toplevel() on ptolemy.moml.MoMLSimpleApplication@4c0bbb71
----------------- Done invoking toplevel() on ptolemy.moml.MoMLSimpleApplication@4c0bbb71
reloadAllAccessors: .IntJoin3

===========================================================================================
----------------- testing Sat Jun 29 05:16:47 UTC 2019 /home/travis/build/icyphy/ptII/ptolemy/domains/sdf/lib/test/auto/IntJoin4.xml
----------------- Instantiating /home/travis/build/icyphy/ptII/ptolemy/domains/sdf/lib/test/auto/IntJoin4.xml
3 ms. Memory: 169984K Free: 94139K (55%)
----------------- Invoking toplevel() on ptolemy.moml.MoMLSimpleApplication@5faea475
----------------- Done invoking toplevel() on ptolemy.moml.MoMLSimpleApplication@5faea475
reloadAllAccessors: .IntJoin4

===========================================================================================
----------------- testing Sat Jun 29 05:16:47 UTC 2019 /home/travis/build/icyphy/ptII/ptolemy/domains/sdf/lib/test/auto/IntJoin5.xml
----------------- Instantiating /home/travis/build/icyphy/ptII/ptolemy/domains/sdf/lib/test/auto/IntJoin5.xml
3 ms. Memory: 169984K Free: 89529K (53%)
----------------- Invoking toplevel() on ptolemy.moml.MoMLSimpleApplication@21a6da21
----------------- Done invoking toplevel() on ptolemy.moml.MoMLSimpleApplication@21a6da21
reloadAllAccessors: .IntJoin5

===========================================================================================
----------------- testing Sat Jun 29 05:16:47 UTC 2019 /home/travis/build/icyphy/ptII/ptolemy/domains/sdf/lib/test/auto/IntToBits.xml
----------------- Instantiating /home/travis/build/icyphy/ptII/ptolemy/domains/sdf/lib/test/auto/IntToBits.xml
3 ms. Memory: 169984K Free: 86971K (51%)
----------------- Invoking toplevel() on ptolemy.moml.MoMLSimpleApplication@8298365
----------------- Done invoking toplevel() on ptolemy.moml.MoMLSimpleApplication@8298365
reloadAllAccessors: .IntToBits

===========================================================================================
----------------- testing Sat Jun 29 05:16:47 UTC 2019 /home/travis/build/icyphy/ptII/ptolemy/domains/sdf/lib/test/auto/LMSAdaptive.xml
----------------- Instantiating /home/travis/build/icyphy/ptII/ptolemy/domains/sdf/lib/test/auto/LMSAdaptive.xml
12 ms. Memory: 169984K Free: 78259K (46%)
----------------- Invoking toplevel() on ptolemy.moml.MoMLSimpleApplication@593d3bc8
----------------- Done invoking toplevel() on ptolemy.moml.MoMLSimpleApplication@593d3bc8
reloadAllAccessors: .LMSAdaptive

===========================================================================================
----------------- testing Sat Jun 29 05:16:47 UTC 2019 /home/travis/build/icyphy/ptII/ptolemy/domains/sdf/lib/test/auto/LMSAdaptiveFIR.xml
----------------- Instantiating /home/travis/build/icyphy/ptII/ptolemy/domains/sdf/lib/test/auto/LMSAdaptiveFIR.xml
285 ms. Memory: 169984K Free: 139881K (82%)
----------------- Invoking toplevel() on ptolemy.moml.MoMLSimpleApplication@495543a0
----------------- Done invoking toplevel() on ptolemy.moml.MoMLSimpleApplication@495543a0
reloadAllAccessors: .LMSAdaptiveFIR

===========================================================================================
----------------- testing Sat Jun 29 05:16:48 UTC 2019 /home/travis/build/icyphy/ptII/ptolemy/domains/sdf/lib/test/auto/LMSAdaptiveFIR2.xml
----------------- Instantiating /home/travis/build/icyphy/ptII/ptolemy/domains/sdf/lib/test/auto/LMSAdaptiveFIR2.xml
363 ms. Memory: 169984K Free: 81483K (48%)
----------------- Invoking toplevel() on ptolemy.moml.MoMLSimpleApplication@5352adac
----------------- Done invoking toplevel() on ptolemy.moml.MoMLSimpleApplication@5352adac
reloadAllAccessors: .LMSAdaptiveFIR2

===========================================================================================
----------------- testing Sat Jun 29 05:16:48 UTC 2019 /home/travis/build/icyphy/ptII/ptolemy/domains/sdf/lib/test/auto/LongJoin.xml
----------------- Instantiating /home/travis/build/icyphy/ptII/ptolemy/domains/sdf/lib/test/auto/LongJoin.xml
4 ms. Memory: 169984K Free: 77387K (46%)
----------------- Invoking toplevel() on ptolemy.moml.MoMLSimpleApplication@9233ccf
----------------- Done invoking toplevel() on ptolemy.moml.MoMLSimpleApplication@9233ccf
reloadAllAccessors: .LongJoin

===========================================================================================
----------------- testing Sat Jun 29 05:16:48 UTC 2019 /home/travis/build/icyphy/ptII/ptolemy/domains/sdf/lib/test/auto/Matrix1.xml
----------------- Instantiating /home/travis/build/icyphy/ptII/ptolemy/domains/sdf/lib/test/auto/Matrix1.xml
2 ms. Memory: 169984K Free: 73291K (43%)
----------------- Invoking toplevel() on ptolemy.moml.MoMLSimpleApplication@24c77f4c
----------------- Done invoking toplevel() on ptolemy.moml.MoMLSimpleApplication@24c77f4c
reloadAllAccessors: .Matrix1

===========================================================================================
----------------- testing Sat Jun 29 05:16:48 UTC 2019 /home/travis/build/icyphy/ptII/ptolemy/domains/sdf/lib/test/auto/Matrix2.xml
----------------- Instantiating /home/travis/build/icyphy/ptII/ptolemy/domains/sdf/lib/test/auto/Matrix2.xml
3 ms. Memory: 169984K Free: 69195K (41%)
----------------- Invoking toplevel() on ptolemy.moml.MoMLSimpleApplication@edb4a9
----------------- Done invoking toplevel() on ptolemy.moml.MoMLSimpleApplication@edb4a9
reloadAllAccessors: .Matrix2

===========================================================================================
----------------- testing Sat Jun 29 05:16:48 UTC 2019 /home/travis/build/icyphy/ptII/ptolemy/domains/sdf/lib/test/auto/MatrixJoin1.xml
----------------- Instantiating /home/travis/build/icyphy/ptII/ptolemy/domains/sdf/lib/test/auto/MatrixJoin1.xml
5 ms. Memory: 169984K Free: 64585K (38%)
----------------- Invoking toplevel() on ptolemy.moml.MoMLSimpleApplication@1bdae68f
----------------- Done invoking toplevel() on ptolemy.moml.MoMLSimpleApplication@1bdae68f
reloadAllAccessors: .MatrixJoin1

===========================================================================================
----------------- testing Sat Jun 29 05:16:48 UTC 2019 /home/travis/build/icyphy/ptII/ptolemy/domains/sdf/lib/test/auto/MatrixJoin2.xml
----------------- Instantiating /home/travis/build/icyphy/ptII/ptolemy/domains/sdf/lib/test/auto/MatrixJoin2.xml
2 ms. Memory: 169984K Free: 60489K (36%)
----------------- Invoking toplevel() on ptolemy.moml.MoMLSimpleApplication@1d2da4ce
----------------- Done invoking toplevel() on ptolemy.moml.MoMLSimpleApplication@1d2da4ce
reloadAllAccessors: .MatrixJoin2

===========================================================================================
----------------- testing Sat Jun 29 05:16:48 UTC 2019 /home/travis/build/icyphy/ptII/ptolemy/domains/sdf/lib/test/auto/MatrixJoin3.xml
----------------- Instantiating /home/travis/build/icyphy/ptII/ptolemy/domains/sdf/lib/test/auto/MatrixJoin3.xml
6 ms. Memory: 228352K Free: 210110K (92%)
----------------- Invoking toplevel() on ptolemy.moml.MoMLSimpleApplication@5c4a1a83
----------------- Done invoking toplevel() on ptolemy.moml.MoMLSimpleApplication@5c4a1a83
reloadAllAccessors: .MatrixJoin3

===========================================================================================
----------------- testing Sat Jun 29 05:16:49 UTC 2019 /home/travis/build/icyphy/ptII/ptolemy/domains/sdf/lib/test/auto/MatrixJoin4.xml
----------------- Instantiating /home/travis/build/icyphy/ptII/ptolemy/domains/sdf/lib/test/auto/MatrixJoin4.xml
2 ms. Memory: 228352K Free: 205324K (90%)
----------------- Invoking toplevel() on ptolemy.moml.MoMLSimpleApplication@2a639ebe
----------------- Done invoking toplevel() on ptolemy.moml.MoMLSimpleApplication@2a639ebe
reloadAllAccessors: .MatrixJoin4

===========================================================================================
----------------- testing Sat Jun 29 05:16:49 UTC 2019 /home/travis/build/icyphy/ptII/ptolemy/domains/sdf/lib/test/auto/MatrixJoin5.xml
----------------- Instantiating /home/travis/build/icyphy/ptII/ptolemy/domains/sdf/lib/test/auto/MatrixJoin5.xml
2 ms. Memory: 228352K Free: 201228K (88%)
----------------- Invoking toplevel() on ptolemy.moml.MoMLSimpleApplication@71c531e6
----------------- Done invoking toplevel() on ptolemy.moml.MoMLSimpleApplication@71c531e6
reloadAllAccessors: .MatrixJoin5

===========================================================================================
----------------- testing Sat Jun 29 05:16:49 UTC 2019 /home/travis/build/icyphy/ptII/ptolemy/domains/sdf/lib/test/auto/MatrixSplit1.xml
----------------- Instantiating /home/travis/build/icyphy/ptII/ptolemy/domains/sdf/lib/test/auto/MatrixSplit1.xml
3 ms. Memory: 228352K Free: 196108K (86%)
----------------- Invoking toplevel() on ptolemy.moml.MoMLSimpleApplication@4cd1c6ae
----------------- Done invoking toplevel() on ptolemy.moml.MoMLSimpleApplication@4cd1c6ae
reloadAllAccessors: .MatrixSplit1

===========================================================================================
----------------- testing Sat Jun 29 05:16:49 UTC 2019 /home/travis/build/icyphy/ptII/ptolemy/domains/sdf/lib/test/auto/MatrixSplit10.xml
----------------- Instantiating /home/travis/build/icyphy/ptII/ptolemy/domains/sdf/lib/test/auto/MatrixSplit10.xml
3 ms. Memory: 228352K Free: 193036K (85%)
----------------- Invoking toplevel() on ptolemy.moml.MoMLSimpleApplication@9632d6d
----------------- Done invoking toplevel() on ptolemy.moml.MoMLSimpleApplication@9632d6d
reloadAllAccessors: .MatrixSplit10

===========================================================================================
----------------- testing Sat Jun 29 05:16:49 UTC 2019 /home/travis/build/icyphy/ptII/ptolemy/domains/sdf/lib/test/auto/MatrixSplit11.xml
----------------- Instantiating /home/travis/build/icyphy/ptII/ptolemy/domains/sdf/lib/test/auto/MatrixSplit11.xml
1 ms. Memory: 228352K Free: 189454K (83%)
----------------- Invoking toplevel() on ptolemy.moml.MoMLSimpleApplication@4fad0876
----------------- Done invoking toplevel() on ptolemy.moml.MoMLSimpleApplication@4fad0876
reloadAllAccessors: .MatrixSplit11

===========================================================================================
----------------- testing Sat Jun 29 05:16:49 UTC 2019 /home/travis/build/icyphy/ptII/ptolemy/domains/sdf/lib/test/auto/MatrixSplit12.xml
----------------- Instantiating /home/travis/build/icyphy/ptII/ptolemy/domains/sdf/lib/test/auto/MatrixSplit12.xml
2 ms. Memory: 228352K Free: 186382K (82%)
----------------- Invoking toplevel() on ptolemy.moml.MoMLSimpleApplication@78c08ad4
----------------- Done invoking toplevel() on ptolemy.moml.MoMLSimpleApplication@78c08ad4
reloadAllAccessors: .MatrixSplit12

===========================================================================================
----------------- testing Sat Jun 29 05:16:49 UTC 2019 /home/travis/build/icyphy/ptII/ptolemy/domains/sdf/lib/test/auto/MatrixSplit13.xml
----------------- Instantiating /home/travis/build/icyphy/ptII/ptolemy/domains/sdf/lib/test/auto/MatrixSplit13.xml
7 ms. Memory: 228352K Free: 182782K (80%)
----------------- Invoking toplevel() on ptolemy.moml.MoMLSimpleApplication@43f72f4c
----------------- Done invoking toplevel() on ptolemy.moml.MoMLSimpleApplication@43f72f4c
reloadAllAccessors: .MatrixSplit13

===========================================================================================
----------------- testing Sat Jun 29 05:16:49 UTC 2019 /home/travis/build/icyphy/ptII/ptolemy/domains/sdf/lib/test/auto/MatrixSplit14.xml
----------------- Instantiating /home/travis/build/icyphy/ptII/ptolemy/domains/sdf/lib/test/auto/MatrixSplit14.xml
4 ms. Memory: 228352K Free: 179724K (79%)
----------------- Invoking toplevel() on ptolemy.moml.MoMLSimpleApplication@31948ddc
----------------- Done invoking toplevel() on ptolemy.moml.MoMLSimpleApplication@31948ddc
reloadAllAccessors: .MatrixSplit14

===========================================================================================
----------------- testing Sat Jun 29 05:16:49 UTC 2019 /home/travis/build/icyphy/ptII/ptolemy/domains/sdf/lib/test/auto/MatrixSplit2.xml
----------------- Instantiating /home/travis/build/icyphy/ptII/ptolemy/domains/sdf/lib/test/auto/MatrixSplit2.xml
2 ms. Memory: 228352K Free: 176142K (77%)
----------------- Invoking toplevel() on ptolemy.moml.MoMLSimpleApplication@4dd5f5d9
----------------- Done invoking toplevel() on ptolemy.moml.MoMLSimpleApplication@4dd5f5d9
reloadAllAccessors: .MatrixSplit2

===========================================================================================
----------------- testing Sat Jun 29 05:16:49 UTC 2019 /home/travis/build/icyphy/ptII/ptolemy/domains/sdf/lib/test/auto/MatrixSplit3.xml
----------------- Instantiating /home/travis/build/icyphy/ptII/ptolemy/domains/sdf/lib/test/auto/MatrixSplit3.xml
1 ms. Memory: 228352K Free: 173070K (76%)
----------------- Invoking toplevel() on ptolemy.moml.MoMLSimpleApplication@71ba05d
----------------- Done invoking toplevel() on ptolemy.moml.MoMLSimpleApplication@71ba05d
reloadAllAccessors: .MatrixSplit3

===========================================================================================
----------------- testing Sat Jun 29 05:16:49 UTC 2019 /home/travis/build/icyphy/ptII/ptolemy/domains/sdf/lib/test/auto/MatrixSplit4.xml
----------------- Instantiating /home/travis/build/icyphy/ptII/ptolemy/domains/sdf/lib/test/auto/MatrixSplit4.xml
2 ms. Memory: 228352K Free: 169484K (74%)
----------------- Invoking toplevel() on ptolemy.moml.MoMLSimpleApplication@1dbac08c
----------------- Done invoking toplevel() on ptolemy.moml.MoMLSimpleApplication@1dbac08c
reloadAllAccessors: .MatrixSplit4

===========================================================================================
----------------- testing Sat Jun 29 05:16:49 UTC 2019 /home/travis/build/icyphy/ptII/ptolemy/domains/sdf/lib/test/auto/MatrixSplit5.xml
----------------- Instantiating /home/travis/build/icyphy/ptII/ptolemy/domains/sdf/lib/test/auto/MatrixSplit5.xml
10 ms. Memory: 228352K Free: 166412K (73%)
----------------- Invoking toplevel() on ptolemy.moml.MoMLSimpleApplication@4af10bd3
----------------- Done invoking toplevel() on ptolemy.moml.MoMLSimpleApplication@4af10bd3
reloadAllAccessors: .MatrixSplit5

===========================================================================================
----------------- testing Sat Jun 29 05:16:49 UTC 2019 /home/travis/build/icyphy/ptII/ptolemy/domains/sdf/lib/test/auto/MatrixSplit6.xml
----------------- Instantiating /home/travis/build/icyphy/ptII/ptolemy/domains/sdf/lib/test/auto/MatrixSplit6.xml
2 ms. Memory: 228352K Free: 162830K (71%)
----------------- Invoking toplevel() on ptolemy.moml.MoMLSimpleApplication@789577e1
----------------- Done invoking toplevel() on ptolemy.moml.MoMLSimpleApplication@789577e1
reloadAllAccessors: .MatrixSplit6

===========================================================================================
----------------- testing Sat Jun 29 05:16:49 UTC 2019 /home/travis/build/icyphy/ptII/ptolemy/domains/sdf/lib/test/auto/MatrixSplit7.xml
----------------- Instantiating /home/travis/build/icyphy/ptII/ptolemy/domains/sdf/lib/test/auto/MatrixSplit7.xml
2 ms. Memory: 228352K Free: 159758K (70%)
----------------- Invoking toplevel() on ptolemy.moml.MoMLSimpleApplication@7b0b4dd2
----------------- Done invoking toplevel() on ptolemy.moml.MoMLSimpleApplication@7b0b4dd2
reloadAllAccessors: .MatrixSplit7

===========================================================================================
----------------- testing Sat Jun 29 05:16:49 UTC 2019 /home/travis/build/icyphy/ptII/ptolemy/domains/sdf/lib/test/auto/MatrixSplit8.xml
----------------- Instantiating /home/travis/build/icyphy/ptII/ptolemy/domains/sdf/lib/test/auto/MatrixSplit8.xml
1 ms. Memory: 228352K Free: 156172K (68%)
----------------- Invoking toplevel() on ptolemy.moml.MoMLSimpleApplication@2ddeae51
----------------- Done invoking toplevel() on ptolemy.moml.MoMLSimpleApplication@2ddeae51
reloadAllAccessors: .MatrixSplit8

===========================================================================================
----------------- testing Sat Jun 29 05:16:49 UTC 2019 /home/travis/build/icyphy/ptII/ptolemy/domains/sdf/lib/test/auto/MatrixSplit9.xml
----------------- Instantiating /home/travis/build/icyphy/ptII/ptolemy/domains/sdf/lib/test/auto/MatrixSplit9.xml
3 ms. Memory: 228352K Free: 153086K (67%)
----------------- Invoking toplevel() on ptolemy.moml.MoMLSimpleApplication@7669303e
----------------- Done invoking toplevel() on ptolemy.moml.MoMLSimpleApplication@7669303e
reloadAllAccessors: .MatrixSplit9

===========================================================================================
----------------- testing Sat Jun 29 05:16:49 UTC 2019 /home/travis/build/icyphy/ptII/ptolemy/domains/sdf/lib/test/auto/MatrixToSequence.xml
----------------- Instantiating /home/travis/build/icyphy/ptII/ptolemy/domains/sdf/lib/test/auto/MatrixToSequence.xml
12 ms. Memory: 228352K Free: 143845K (63%)
----------------- Invoking toplevel() on ptolemy.moml.MoMLSimpleApplication@24fbd2ab
----------------- Done invoking toplevel() on ptolemy.moml.MoMLSimpleApplication@24fbd2ab
reloadAllAccessors: .MatrixToSequence

===========================================================================================
----------------- testing Sat Jun 29 05:16:49 UTC 2019 /home/travis/build/icyphy/ptII/ptolemy/domains/sdf/lib/test/auto/MaximumEntropySpectrum.xml
----------------- Instantiating /home/travis/build/icyphy/ptII/ptolemy/domains/sdf/lib/test/auto/MaximumEntropySpectrum.xml
17 ms. Memory: 228352K Free: 122894K (54%)
----------------- Invoking toplevel() on ptolemy.moml.MoMLSimpleApplication@1a98da1f
----------------- Done invoking toplevel() on ptolemy.moml.MoMLSimpleApplication@1a98da1f
reloadAllAccessors: .MaximumEntropySpectrum

===========================================================================================
----------------- testing Sat Jun 29 05:16:49 UTC 2019 /home/travis/build/icyphy/ptII/ptolemy/domains/sdf/lib/test/auto/SampleDelayConversion.xml
----------------- Instantiating /home/travis/build/icyphy/ptII/ptolemy/domains/sdf/lib/test/auto/SampleDelayConversion.xml
2 ms. Memory: 228352K Free: 119308K (52%)
----------------- Invoking toplevel() on ptolemy.moml.MoMLSimpleApplication@c4f9241
----------------- Done invoking toplevel() on ptolemy.moml.MoMLSimpleApplication@c4f9241
reloadAllAccessors: .SampleDelayConversion

===========================================================================================
----------------- testing Sat Jun 29 05:16:49 UTC 2019 /home/travis/build/icyphy/ptII/ptolemy/domains/sdf/lib/test/auto/SequenceToArray.xml
----------------- Instantiating /home/travis/build/icyphy/ptII/ptolemy/domains/sdf/lib/test/auto/SequenceToArray.xml
9 ms. Memory: 228352K Free: 108014K (47%)
----------------- Invoking toplevel() on ptolemy.moml.MoMLSimpleApplication@43b46262
----------------- Done invoking toplevel() on ptolemy.moml.MoMLSimpleApplication@43b46262
reloadAllAccessors: .SequenceToArray

===========================================================================================
----------------- testing Sat Jun 29 05:16:49 UTC 2019 /home/travis/build/icyphy/ptII/ptolemy/domains/sdf/lib/test/auto/SequenceToMatrix.xml
----------------- Instantiating /home/travis/build/icyphy/ptII/ptolemy/domains/sdf/lib/test/auto/SequenceToMatrix.xml
3544 ms. Memory: 228352K Free: 143875K (63%)
----------------- Invoking toplevel() on ptolemy.moml.MoMLSimpleApplication@1354b81d
----------------- Done invoking toplevel() on ptolemy.moml.MoMLSimpleApplication@1354b81d
reloadAllAccessors: .SequenceToMatrix

===========================================================================================
----------------- testing Sat Jun 29 05:16:53 UTC 2019 /home/travis/build/icyphy/ptII/ptolemy/domains/sdf/lib/test/auto/SmoothedPeriodogram.xml
----------------- Instantiating /home/travis/build/icyphy/ptII/ptolemy/domains/sdf/lib/test/auto/SmoothedPeriodogram.xml
13 ms. Memory: 228352K Free: 128515K (56%)
----------------- Invoking toplevel() on ptolemy.moml.MoMLSimpleApplication@7ff5c246
----------------- Done invoking toplevel() on ptolemy.moml.MoMLSimpleApplication@7ff5c246
reloadAllAccessors: .SmoothedPeriodogram

===========================================================================================
----------------- testing Sat Jun 29 05:16:53 UTC 2019 /home/travis/build/icyphy/ptII/ptolemy/domains/sdf/lib/test/auto/UpDownSample1.xml
----------------- Instantiating /home/travis/build/icyphy/ptII/ptolemy/domains/sdf/lib/test/auto/UpDownSample1.xml
2 ms. Memory: 228352K Free: 123905K (54%)
----------------- Invoking toplevel() on ptolemy.moml.MoMLSimpleApplication@798e3b2a
----------------- Done invoking toplevel() on ptolemy.moml.MoMLSimpleApplication@798e3b2a
reloadAllAccessors: .UpDownSample1

===========================================================================================
----------------- testing Sat Jun 29 05:16:53 UTC 2019 /home/travis/build/icyphy/ptII/ptolemy/domains/sdf/lib/test/auto/UpSample1.xml
----------------- Instantiating /home/travis/build/icyphy/ptII/ptolemy/domains/sdf/lib/test/auto/UpSample1.xml
5 ms. Memory: 228352K Free: 120833K (53%)
----------------- Invoking toplevel() on ptolemy.moml.MoMLSimpleApplication@620c76a4
----------------- Done invoking toplevel() on ptolemy.moml.MoMLSimpleApplication@620c76a4
reloadAllAccessors: .UpSample1

===========================================================================================
----------------- testing Sat Jun 29 05:16:53 UTC 2019 /home/travis/build/icyphy/ptII/ptolemy/domains/sdf/lib/test/auto/VariableFIR.xml
----------------- Instantiating /home/travis/build/icyphy/ptII/ptolemy/domains/sdf/lib/test/auto/VariableFIR.xml
5 ms. Memory: 228352K Free: 115203K (50%)
----------------- Invoking toplevel() on ptolemy.moml.MoMLSimpleApplication@467ff5c5
----------------- Done invoking toplevel() on ptolemy.moml.MoMLSimpleApplication@467ff5c5
reloadAllAccessors: .VariableFIR

===========================================================================================
----------------- testing Sat Jun 29 05:16:53 UTC 2019 /home/travis/build/icyphy/ptII/ptolemy/domains/sdf/lib/test/auto/VariableFIR2.xml
----------------- Instantiating /home/travis/build/icyphy/ptII/ptolemy/domains/sdf/lib/test/auto/VariableFIR2.xml
4 ms. Memory: 228352K Free: 110563K (48%)
----------------- Invoking toplevel() on ptolemy.moml.MoMLSimpleApplication@13e2079c
----------------- Done invoking toplevel() on ptolemy.moml.MoMLSimpleApplication@13e2079c
reloadAllAccessors: .VariableFIR2

===========================================================================================
----------------- testing Sat Jun 29 05:16:53 UTC 2019 /home/travis/build/icyphy/ptII/ptolemy/domains/sdf/lib/test/auto/VariableLattice.xml
----------------- Instantiating /home/travis/build/icyphy/ptII/ptolemy/domains/sdf/lib/test/auto/VariableLattice.xml
4 ms. Memory: 228352K Free: 103939K (46%)
----------------- Invoking toplevel() on ptolemy.moml.MoMLSimpleApplication@9e62e84
----------------- Done invoking toplevel() on ptolemy.moml.MoMLSimpleApplication@9e62e84
reloadAllAccessors: .VariableLattice

===========================================================================================
----------------- testing Sat Jun 29 05:16:53 UTC 2019 /home/travis/build/icyphy/ptII/ptolemy/domains/sdf/lib/test/auto/VariableLattice2.xml
----------------- Instantiating /home/travis/build/icyphy/ptII/ptolemy/domains/sdf/lib/test/auto/VariableLattice2.xml
1.0
-1.999999602036
1.9099998677481
-0.9099996420674
0.205
0.0
0.0
1.0
-0.25
-0.5
0.0
0.0
0.0
0.0
4 ms. Memory: 228352K Free: 99329K (43%)
----------------- Invoking toplevel() on ptolemy.moml.MoMLSimpleApplication@5afc4eda
----------------- Done invoking toplevel() on ptolemy.moml.MoMLSimpleApplication@5afc4eda
reloadAllAccessors: .VariableLattice2

===========================================================================================
----------------- testing Sat Jun 29 05:16:53 UTC 2019 /home/travis/build/icyphy/ptII/ptolemy/domains/sdf/lib/test/auto/VariableRecursiveLattice.xml
----------------- Instantiating /home/travis/build/icyphy/ptII/ptolemy/domains/sdf/lib/test/auto/VariableRecursiveLattice.xml
3 ms. Memory: 228352K Free: 95233K (42%)
----------------- Invoking toplevel() on ptolemy.moml.MoMLSimpleApplication@5022ed43
----------------- Done invoking toplevel() on ptolemy.moml.MoMLSimpleApplication@5022ed43
reloadAllAccessors: .VariableRecursiveLattice

===========================================================================================
----------------- testing Sat Jun 29 05:16:53 UTC 2019 /home/travis/build/icyphy/ptII/ptolemy/domains/sdf/lib/test/auto/VariableRecursiveLattice2.xml
----------------- Instantiating /home/travis/build/icyphy/ptII/ptolemy/domains/sdf/lib/test/auto/VariableRecursiveLattice2.xml
3 ms. Memory: 228352K Free: 91137K (40%)
----------------- Invoking toplevel() on ptolemy.moml.MoMLSimpleApplication@4d0fa3cb
----------------- Done invoking toplevel() on ptolemy.moml.MoMLSimpleApplication@4d0fa3cb
reloadAllAccessors: .VariableRecursiveLattice2
AutoTests.java: About to close Vertx.
AutoTests.java: Vertx closed.
]]></system-out>
  <system-err><![CDATA[]]></system-err>
</testsuite>
