<?xml version="1.0" encoding="UTF-8" ?>
<testsuite errors="0" failures="0" hostname="travis-job-82b8b019-3a7f-4e4c-999d-e40d9693ffa2" name="ptolemy.domains.de.test.junit.JUnitTclTest" skipped="0" tests="101" time="128.706" timestamp="2018-07-06T01:34:02">
  <properties>
[...]
</properties>
  <testcase classname="ptolemy.util.test.junit.TclTests" name="[0] /home/travis/build/icyphy/ptII/ptolemy/domains/de/test/DependencyLoop.tcl (RunTclFile)" time="0.745" />
  <testcase classname="ptolemy.util.test.junit.TclTests" name="[1] /home/travis/build/icyphy/ptII/ptolemy/domains/de/test/RunDETestsAsQSS.tcl (RunTclFile)" time="87.897" />
  <testcase classname="ptolemy.util.test.junit.AutoKnownFailedTests" name="[0] /home/travis/build/icyphy/ptII/ptolemy/domains/de/test/auto/knownFailedTests/DESDFClockTest.xml (RunModel)" time="2.024" />
  <testcase classname="ptolemy.util.test.junit.AutoKnownFailedTests" name="[1] /home/travis/build/icyphy/ptII/ptolemy/domains/de/test/auto/knownFailedTests/DirectFeedback.xml (RunModel)" time="0.01" />
  <testcase classname="ptolemy.util.test.junit.AutoKnownFailedTests" name="[2] /home/travis/build/icyphy/ptII/ptolemy/domains/de/test/auto/knownFailedTests/FSMSource.xml (RunModel)" time="0.022" />
  <testcase classname="ptolemy.util.test.junit.AutoKnownFailedTests" name="[3] /home/travis/build/icyphy/ptII/ptolemy/domains/de/test/auto/knownFailedTests/HierarchicalModel.xml (RunModel)" time="0.025" />
  <testcase classname="ptolemy.util.test.junit.AutoKnownFailedTests" name="[4] /home/travis/build/icyphy/ptII/ptolemy/domains/de/test/auto/knownFailedTests/dependencyLoop.xml (RunModel)" time="0.023" />
  <testcase classname="ptolemy.util.test.junit.AutoKnownFailedTests" name="[5] /home/travis/build/icyphy/ptII/ptolemy/domains/de/test/auto/knownFailedTests/dependencyLoop2.xml (RunModel)" time="0.023" />
  <testcase classname="ptolemy.util.test.junit.AutoNameArchTests" name="[0] ThereAreNoAutoArchTests (RunModel)" time="0.0" />
  <testcase classname="ptolemy.util.test.junit.AutoTests" name="[0] /home/travis/build/icyphy/ptII/ptolemy/domains/de/test/auto/ActorDepthCalculation_actorWithoutPorts.xml (RunModel)" time="0.009" />
  <testcase classname="ptolemy.util.test.junit.AutoTests" name="[1] /home/travis/build/icyphy/ptII/ptolemy/domains/de/test/auto/AssemblyLine.xml (RunModel)" time="0.011" />
  <testcase classname="ptolemy.util.test.junit.AutoTests" name="[2] /home/travis/build/icyphy/ptII/ptolemy/domains/de/test/auto/CQBug1.xml (RunModel)" time="0.005" />
  <testcase classname="ptolemy.util.test.junit.AutoTests" name="[3] /home/travis/build/icyphy/ptII/ptolemy/domains/de/test/auto/CancelFireAt.xml (RunModel)" time="0.005" />
  <testcase classname="ptolemy.util.test.junit.AutoTests" name="[4] /home/travis/build/icyphy/ptII/ptolemy/domains/de/test/auto/CausalityAndComposabilityAnalysis.xml (RunModel)" time="0.008" />
  <testcase classname="ptolemy.util.test.junit.AutoTests" name="[5] /home/travis/build/icyphy/ptII/ptolemy/domains/de/test/auto/CausalityInterface1.xml (RunModel)" time="0.012" />
  <testcase classname="ptolemy.util.test.junit.AutoTests" name="[6] /home/travis/build/icyphy/ptII/ptolemy/domains/de/test/auto/CausalityInterface15.xml (RunModel)" time="0.012" />
  <testcase classname="ptolemy.util.test.junit.AutoTests" name="[7] /home/travis/build/icyphy/ptII/ptolemy/domains/de/test/auto/CausalityInterface2.xml (RunModel)" time="0.007" />
  <testcase classname="ptolemy.util.test.junit.AutoTests" name="[8] /home/travis/build/icyphy/ptII/ptolemy/domains/de/test/auto/CausalityInterface3.xml (RunModel)" time="0.013" />
  <testcase classname="ptolemy.util.test.junit.AutoTests" name="[9] /home/travis/build/icyphy/ptII/ptolemy/domains/de/test/auto/ClockDrift.xml (RunModel)" time="0.025" />
  <testcase classname="ptolemy.util.test.junit.AutoTests" name="[10] /home/travis/build/icyphy/ptII/ptolemy/domains/de/test/auto/ClockDriftAndValueChange.xml (RunModel)" time="0.032" />
  <testcase classname="ptolemy.util.test.junit.AutoTests" name="[11] /home/travis/build/icyphy/ptII/ptolemy/domains/de/test/auto/ClockDriftChange.xml (RunModel)" time="0.019" />
  <testcase classname="ptolemy.util.test.junit.AutoTests" name="[12] /home/travis/build/icyphy/ptII/ptolemy/domains/de/test/auto/ComposableCausalityAnalysis.xml (RunModel)" time="0.009" />
  <testcase classname="ptolemy.util.test.junit.AutoTests" name="[13] /home/travis/build/icyphy/ptII/ptolemy/domains/de/test/auto/DEFixedPointLimitation.xml (RunModel)" time="0.007" />
  <testcase classname="ptolemy.util.test.junit.AutoTests" name="[14] /home/travis/build/icyphy/ptII/ptolemy/domains/de/test/auto/DEScheduleTest.xml (RunModel)" time="0.009" />
  <testcase classname="ptolemy.util.test.junit.AutoTests" name="[15] /home/travis/build/icyphy/ptII/ptolemy/domains/de/test/auto/DEinDEwithStartTimes.xml (RunModel)" time="0.013" />
  <testcase classname="ptolemy.util.test.junit.AutoTests" name="[16] /home/travis/build/icyphy/ptII/ptolemy/domains/de/test/auto/DEinDEwithStartTimes2.xml (RunModel)" time="0.013" />
  <testcase classname="ptolemy.util.test.junit.AutoTests" name="[17] /home/travis/build/icyphy/ptII/ptolemy/domains/de/test/auto/DateDemo.xml (RunModel)" time="0.031" />
  <testcase classname="ptolemy.util.test.junit.AutoTests" name="[18] /home/travis/build/icyphy/ptII/ptolemy/domains/de/test/auto/DateToEvent.xml (RunModel)" time="2.031" />
  <testcase classname="ptolemy.util.test.junit.AutoTests" name="[19] /home/travis/build/icyphy/ptII/ptolemy/domains/de/test/auto/DepthTest1.xml (RunModel)" time="0.014" />
  <testcase classname="ptolemy.util.test.junit.AutoTests" name="[20] /home/travis/build/icyphy/ptII/ptolemy/domains/de/test/auto/DepthTest2.xml (RunModel)" time="0.017" />
  <testcase classname="ptolemy.util.test.junit.AutoTests" name="[21] /home/travis/build/icyphy/ptII/ptolemy/domains/de/test/auto/DepthTest3.xml (RunModel)" time="0.008" />
  <testcase classname="ptolemy.util.test.junit.AutoTests" name="[22] /home/travis/build/icyphy/ptII/ptolemy/domains/de/test/auto/DepthTest4.xml (RunModel)" time="0.013" />
  <testcase classname="ptolemy.util.test.junit.AutoTests" name="[23] /home/travis/build/icyphy/ptII/ptolemy/domains/de/test/auto/DepthTest5.xml (RunModel)" time="0.013" />
  <testcase classname="ptolemy.util.test.junit.AutoTests" name="[24] /home/travis/build/icyphy/ptII/ptolemy/domains/de/test/auto/DepthTest6.xml (RunModel)" time="0.013" />
  <testcase classname="ptolemy.util.test.junit.AutoTests" name="[25] /home/travis/build/icyphy/ptII/ptolemy/domains/de/test/auto/DepthTest7.xml (RunModel)" time="0.012" />
  <testcase classname="ptolemy.util.test.junit.AutoTests" name="[26] /home/travis/build/icyphy/ptII/ptolemy/domains/de/test/auto/EventToDate.xml (RunModel)" time="3.038" />
  <testcase classname="ptolemy.util.test.junit.AutoTests" name="[27] /home/travis/build/icyphy/ptII/ptolemy/domains/de/test/auto/FSM1.xml (RunModel)" time="0.039" />
  <testcase classname="ptolemy.util.test.junit.AutoTests" name="[28] /home/travis/build/icyphy/ptII/ptolemy/domains/de/test/auto/FSM7.xml (RunModel)" time="0.048" />
  <testcase classname="ptolemy.util.test.junit.AutoTests" name="[29] /home/travis/build/icyphy/ptII/ptolemy/domains/de/test/auto/Inspection.xml (RunModel)" time="0.048" />
  <testcase classname="ptolemy.util.test.junit.AutoTests" name="[30] /home/travis/build/icyphy/ptII/ptolemy/domains/de/test/auto/Iteration.xml (RunModel)" time="0.019" />
  <testcase classname="ptolemy.util.test.junit.AutoTests" name="[31] /home/travis/build/icyphy/ptII/ptolemy/domains/de/test/auto/LineFault.xml (RunModel)" time="0.568" />
  <testcase classname="ptolemy.util.test.junit.AutoTests" name="[32] /home/travis/build/icyphy/ptII/ptolemy/domains/de/test/auto/MergeModel1Add.xml (RunModel)" time="0.048" />
  <testcase classname="ptolemy.util.test.junit.AutoTests" name="[33] /home/travis/build/icyphy/ptII/ptolemy/domains/de/test/auto/MergeModel2Add.xml (RunModel)" time="0.042" />
  <testcase classname="ptolemy.util.test.junit.AutoTests" name="[34] /home/travis/build/icyphy/ptII/ptolemy/domains/de/test/auto/MergeModel3Add.xml (RunModel)" time="0.043" />
  <testcase classname="ptolemy.util.test.junit.AutoTests" name="[35] /home/travis/build/icyphy/ptII/ptolemy/domains/de/test/auto/MergeWithoutDiscard.xml (RunModel)" time="0.01" />
  <testcase classname="ptolemy.util.test.junit.AutoTests" name="[36] /home/travis/build/icyphy/ptII/ptolemy/domains/de/test/auto/Modal1.xml (RunModel)" time="0.028" />
  <testcase classname="ptolemy.util.test.junit.AutoTests" name="[37] /home/travis/build/icyphy/ptII/ptolemy/domains/de/test/auto/Modal2.xml (RunModel)" time="0.033" />
  <testcase classname="ptolemy.util.test.junit.AutoTests" name="[38] /home/travis/build/icyphy/ptII/ptolemy/domains/de/test/auto/Modal3.xml (RunModel)" time="0.032" />
  <testcase classname="ptolemy.util.test.junit.AutoTests" name="[39] /home/travis/build/icyphy/ptII/ptolemy/domains/de/test/auto/Modal4.xml (RunModel)" time="0.036" />
  <testcase classname="ptolemy.util.test.junit.AutoTests" name="[40] /home/travis/build/icyphy/ptII/ptolemy/domains/de/test/auto/Modal5.xml (RunModel)" time="0.032" />
  <testcase classname="ptolemy.util.test.junit.AutoTests" name="[41] /home/travis/build/icyphy/ptII/ptolemy/domains/de/test/auto/Modal6.xml (RunModel)" time="0.03" />
  <testcase classname="ptolemy.util.test.junit.AutoTests" name="[42] /home/travis/build/icyphy/ptII/ptolemy/domains/de/test/auto/Modal7.xml (RunModel)" time="0.03" />
  <testcase classname="ptolemy.util.test.junit.AutoTests" name="[43] /home/travis/build/icyphy/ptII/ptolemy/domains/de/test/auto/ModalModel.xml (RunModel)" time="0.185" />
  <testcase classname="ptolemy.util.test.junit.AutoTests" name="[44] /home/travis/build/icyphy/ptII/ptolemy/domains/de/test/auto/ModalSource.xml (RunModel)" time="0.021" />
  <testcase classname="ptolemy.util.test.junit.AutoTests" name="[45] /home/travis/build/icyphy/ptII/ptolemy/domains/de/test/auto/NonInterruptibleTimerZeroDelay.xml (RunModel)" time="0.011" />
  <testcase classname="ptolemy.util.test.junit.AutoTests" name="[46] /home/travis/build/icyphy/ptII/ptolemy/domains/de/test/auto/OpenQueueingNetwork.xml (RunModel)" time="2.435" />
  <testcase classname="ptolemy.util.test.junit.AutoTests" name="[47] /home/travis/build/icyphy/ptII/ptolemy/domains/de/test/auto/OpenQueuingNetwork.xml (RunModel)" time="0.299" />
  <testcase classname="ptolemy.util.test.junit.AutoTests" name="[48] /home/travis/build/icyphy/ptII/ptolemy/domains/de/test/auto/PeriodicSampler.xml (RunModel)" time="0.009" />
  <testcase classname="ptolemy.util.test.junit.AutoTests" name="[49] /home/travis/build/icyphy/ptII/ptolemy/domains/de/test/auto/PersistentIO.xml (RunModel)" time="0.022" />
  <testcase classname="ptolemy.util.test.junit.AutoTests" name="[50] /home/travis/build/icyphy/ptII/ptolemy/domains/de/test/auto/PortParameterResetOnInitialize.xml (RunModel)" time="0.009" />
  <testcase classname="ptolemy.util.test.junit.AutoTests" name="[51] /home/travis/build/icyphy/ptII/ptolemy/domains/de/test/auto/PortParameterUpdates.xml (RunModel)" time="0.017" />
  <testcase classname="ptolemy.util.test.junit.AutoTests" name="[52] /home/travis/build/icyphy/ptII/ptolemy/domains/de/test/auto/QueueAndServer.xml (RunModel)" time="0.024" />
  <testcase classname="ptolemy.util.test.junit.AutoTests" name="[53] /home/travis/build/icyphy/ptII/ptolemy/domains/de/test/auto/Records.xml (RunModel)" time="0.02" />
  <testcase classname="ptolemy.util.test.junit.AutoTests" name="[54] /home/travis/build/icyphy/ptII/ptolemy/domains/de/test/auto/ResetTransitionWithStartTime1.xml (RunModel)" time="0.02" />
  <testcase classname="ptolemy.util.test.junit.AutoTests" name="[55] /home/travis/build/icyphy/ptII/ptolemy/domains/de/test/auto/ResetTransitionWithStartTime2.xml (RunModel)" time="0.018" />
  <testcase classname="ptolemy.util.test.junit.AutoTests" name="[56] /home/travis/build/icyphy/ptII/ptolemy/domains/de/test/auto/ResetTransitionWithStartTime3.xml (RunModel)" time="0.019" />
  <testcase classname="ptolemy.util.test.junit.AutoTests" name="[57] /home/travis/build/icyphy/ptII/ptolemy/domains/de/test/auto/ResetTransitionWithStartTime4.xml (RunModel)" time="0.017" />
  <testcase classname="ptolemy.util.test.junit.AutoTests" name="[58] /home/travis/build/icyphy/ptII/ptolemy/domains/de/test/auto/ResettableTimer1.xml (RunModel)" time="0.009" />
  <testcase classname="ptolemy.util.test.junit.AutoTests" name="[59] /home/travis/build/icyphy/ptII/ptolemy/domains/de/test/auto/ResettableTimer2.xml (RunModel)" time="0.01" />
  <testcase classname="ptolemy.util.test.junit.AutoTests" name="[60] /home/travis/build/icyphy/ptII/ptolemy/domains/de/test/auto/ResettableTimer3.xml (RunModel)" time="0.009" />
  <testcase classname="ptolemy.util.test.junit.AutoTests" name="[61] /home/travis/build/icyphy/ptII/ptolemy/domains/de/test/auto/ResettableTimer4.xml (RunModel)" time="0.009" />
  <testcase classname="ptolemy.util.test.junit.AutoTests" name="[62] /home/travis/build/icyphy/ptII/ptolemy/domains/de/test/auto/ResettableTimer5.xml (RunModel)" time="0.009" />
  <testcase classname="ptolemy.util.test.junit.AutoTests" name="[63] /home/travis/build/icyphy/ptII/ptolemy/domains/de/test/auto/ResettableTimer6.xml (RunModel)" time="0.011" />
  <testcase classname="ptolemy.util.test.junit.AutoTests" name="[64] /home/travis/build/icyphy/ptII/ptolemy/domains/de/test/auto/ServerZeroDelay.xml (RunModel)" time="0.009" />
  <testcase classname="ptolemy.util.test.junit.AutoTests" name="[65] /home/travis/build/icyphy/ptII/ptolemy/domains/de/test/auto/SmartSender.xml (RunModel)" time="3.008" />
  <testcase classname="ptolemy.util.test.junit.AutoTests" name="[66] /home/travis/build/icyphy/ptII/ptolemy/domains/de/test/auto/ThreadedComposite.xml (RunModel)" time="0.204" />
  <testcase classname="ptolemy.util.test.junit.AutoTests" name="[67] /home/travis/build/icyphy/ptII/ptolemy/domains/de/test/auto/Time.xml (RunModel)" time="0.47" />
  <testcase classname="ptolemy.util.test.junit.AutoTests" name="[68] /home/travis/build/icyphy/ptII/ptolemy/domains/de/test/auto/TimeDelayZeroDelay.xml (RunModel)" time="0.015" />
  <testcase classname="ptolemy.util.test.junit.AutoTests" name="[69] /home/travis/build/icyphy/ptII/ptolemy/domains/de/test/auto/TimerZeroDelay.xml (RunModel)" time="0.01" />
  <testcase classname="ptolemy.util.test.junit.AutoTests" name="[70] /home/travis/build/icyphy/ptII/ptolemy/domains/de/test/auto/TimingParadox.xml (RunModel)" time="0.364" />
  <testcase classname="ptolemy.util.test.junit.AutoTests" name="[71] /home/travis/build/icyphy/ptII/ptolemy/domains/de/test/auto/TransferInputs.xml (RunModel)" time="0.015" />
  <testcase classname="ptolemy.util.test.junit.AutoTests" name="[72] /home/travis/build/icyphy/ptII/ptolemy/domains/de/test/auto/TransferOutputs2.xml (RunModel)" time="0.018" />
  <testcase classname="ptolemy.util.test.junit.AutoTests" name="[73] /home/travis/build/icyphy/ptII/ptolemy/domains/de/test/auto/Trilateration.xml (RunModel)" time="11.447" />
  <testcase classname="ptolemy.util.test.junit.AutoTests" name="[74] /home/travis/build/icyphy/ptII/ptolemy/domains/de/test/auto/TwoSigmaDelta.xml (RunModel)" time="2.171" />
  <testcase classname="ptolemy.util.test.junit.AutoTests" name="[75] /home/travis/build/icyphy/ptII/ptolemy/domains/de/test/auto/VariableDelay.xml (RunModel)" time="0.01" />
  <testcase classname="ptolemy.util.test.junit.AutoTests" name="[76] /home/travis/build/icyphy/ptII/ptolemy/domains/de/test/auto/VariableDelay2.xml (RunModel)" time="0.016" />
  <testcase classname="ptolemy.util.test.junit.AutoTests" name="[77] /home/travis/build/icyphy/ptII/ptolemy/domains/de/test/auto/VariableDelayZeroDelay.xml (RunModel)" time="0.013" />
  <testcase classname="ptolemy.util.test.junit.AutoTests" name="[78] /home/travis/build/icyphy/ptII/ptolemy/domains/de/test/auto/VariableDelayZeroDelay2.xml (RunModel)" time="0.01" />
  <testcase classname="ptolemy.util.test.junit.AutoTests" name="[79] /home/travis/build/icyphy/ptII/ptolemy/domains/de/test/auto/deInCt.xml (RunModel)" time="0.019" />
  <testcase classname="ptolemy.util.test.junit.AutoTests" name="[80] /home/travis/build/icyphy/ptII/ptolemy/domains/de/test/auto/deInCt2.xml (RunModel)" time="0.023" />
  <testcase classname="ptolemy.util.test.junit.AutoTests" name="[81] /home/travis/build/icyphy/ptII/ptolemy/domains/de/test/auto/dynamicCausalityInterface1.xml (RunModel)" time="0.019" />
  <testcase classname="ptolemy.util.test.junit.AutoTests" name="[82] /home/travis/build/icyphy/ptII/ptolemy/domains/de/test/auto/fsm_de_test.xml (RunModel)" time="0.022" />
  <testcase classname="ptolemy.util.test.junit.AutoTests" name="[83] /home/travis/build/icyphy/ptII/ptolemy/domains/de/test/auto/functionDependencyReconstruction.xml (RunModel)" time="0.034" />
  <testcase classname="ptolemy.util.test.junit.AutoTests" name="[84] /home/travis/build/icyphy/ptII/ptolemy/domains/de/test/auto/multirate.xml (RunModel)" time="0.016" />
  <testcase classname="ptolemy.util.test.junit.AutoTests" name="[85] /home/travis/build/icyphy/ptII/ptolemy/domains/de/test/auto/multirate2.xml (RunModel)" time="0.015" />
  <testcase classname="ptolemy.util.test.junit.AutoTests" name="[86] /home/travis/build/icyphy/ptII/ptolemy/domains/de/test/auto/realtime.xml (RunModel)" time="10.01" />
  <testcase classname="ptolemy.util.test.junit.AutoTests" name="[87] /home/travis/build/icyphy/ptII/ptolemy/domains/de/test/auto/relationGroup.xml (RunModel)" time="0.01" />
  <testcase classname="ptolemy.util.test.junit.AutoTests" name="[88] /home/travis/build/icyphy/ptII/ptolemy/domains/de/test/auto/relationGroup2.xml (RunModel)" time="0.007" />
  <testcase classname="ptolemy.util.test.junit.AutoTests" name="[89] /home/travis/build/icyphy/ptII/ptolemy/domains/de/test/auto/sortWithOpaquePorts.xml (RunModel)" time="0.011" />
  <testcase classname="ptolemy.util.test.junit.AutoTests" name="[90] /home/travis/build/icyphy/ptII/ptolemy/domains/de/test/auto/transferInputsandOutputs.xml (RunModel)" time="0.015" />
  <testcase classname="ptolemy.util.test.junit.AutoTests" name="[91] /home/travis/build/icyphy/ptII/ptolemy/domains/de/test/auto/triggerType.xml (RunModel)" time="0.016" />
  <system-out><![CDATA[/home/travis/build/icyphy/ptII/ptolemy/domains/de/test/DependencyLoop.tcl
testDefs.tcl: setting time out to 9000 seconds at Fri Jul 06 01:34:02 UTC 2018
19 ms. Memory: 116224K Free: 93894K (81%)
6 ms. Memory: 146944K Free: 135467K (92%)
/home/travis/build/icyphy/ptII/ptolemy/domains/de/test/RunDETestsAsQSS.tcl
Run the DE tests using ptolemy.domains.qss.test.QSSDirectorTest, which extends QSSDirector and prints a message in the constructors.
------------------ testing $PTII/ptolemy/domains/de/test/auto/knownFailedTests/dependencyLoop.xml (Known Failure) 
7 ms. Memory: 146944K Free: 132354K (90%)


==== $PTIIhome/travis/build/icyphy/ptII/ptolemy/domains/de/test/../../../../: Auto Automatic test in file $PTII/ptolemy/domains/de/test/auto/knownFailedTests/dependencyLoop.xml
==== Contents of test case:

	    # FIXME: we should use $relativeFilename here, but it
	    # might have backslashes under Windows, which causes no end
	    # of trouble.
	    createAndExecute $file
	    list {}
	
.... Test generated KNOWN error:
    while executing
ptolemy.kernel.util.IllegalActionException: Found a zero delay loop containing .dependencyLoop.original
  in .dependencyLoop and .dependencyLoop.original
	at ptolemy.actor.util.CausalityInterfaceForComposites._computeOutputPortDepth(CausalityInterfaceForComposites.java:759)
	at ptolemy.actor.util.CausalityInterfaceForComposites._computeInputDepth(CausalityInterfaceForComposites.java:696)
	at ptolemy.actor.util.CausalityInterfaceForComposites._computeOutputPortDepth(CausalityInterfaceForComposites.java:765)
	at ptolemy.actor.util.CausalityInterfaceForComposites._computeInputDepth(CausalityInterfaceForComposites.java:696)
	at ptolemy.actor.util.CausalityInterfaceForComposites._computeOutputPortDepth(CausalityInterfaceForComposites.java:765)
	at ptolemy.actor.util.CausalityInterfaceForComposites._computeInputDepth(CausalityInterfaceForComposites.java:696)
	at ptolemy.actor.util.CausalityInterfaceForComposites._computeActorDepth(CausalityInterfaceForComposites.java:532)
	at ptolemy.actor.util.CausalityInterfaceForComposites.checkForCycles(CausalityInterfaceForComposites.java:96)
	at ptolemy.domains.de.kernel.DEDirector.preinitialize(DEDirector.java:1338)
	at ptolemy.actor.CompositeActor.preinitialize(CompositeActor.java:1828)
	at ptolemy.actor.Manager.preinitializeAndResolveTypes(Manager.java:1040)
	at ptolemy.actor.Manager.initialize(Manager.java:710)
	at ptolemy.actor.Manager.execute(Manager.java:356)
	at ptolemy.actor.Manager.run(Manager.java:1263)
	at ptolemy.actor.Manager$PtolemyRunThread.run(Manager.java:1915)

    while executing
ptolemy.kernel.util.IllegalActionException: Found a zero delay loop containing .dependencyLoop.original
  in .dependencyLoop and .dependencyLoop.original
    while executing
"java::new ptolemy.moml.MoMLSimpleApplication $file
"
    (procedure "createAndExecute" line 2)
    invoked from within
"createAndExecute $file"
    ("uplevel" body line 5)
    invoked from within
"uplevel $contents_of_test"
------------------ testing $PTII/ptolemy/domains/de/test/auto/knownFailedTests/DESDFClockTest.xml (Known Failure) 
2103 ms. Memory: 146944K Free: 116500K (79%)


==== $PTIIhome/travis/build/icyphy/ptII/ptolemy/domains/de/test/../../../../: Auto Automatic test in file $PTII/ptolemy/domains/de/test/auto/knownFailedTests/DESDFClockTest.xml
==== Contents of test case:

	    # FIXME: we should use $relativeFilename here, but it
	    # might have backslashes under Windows, which causes no end
	    # of trouble.
	    createAndExecute $file
	    list {}
	
.... Test generated KNOWN error:
    while executing
ptolemy.kernel.util.IllegalActionException: Actor is not ready to fire.  Perhaps UpSample.prefire() returned false? Try debugging the actor by selecting "Listen to Actor".  Also, for SDF check moml for tokenConsumptionRate on input.
  in .DESDFClockTest.Play Bell.Copy1:SDF Director and .DESDFClockTest.Play Bell.UpSample
	at ptolemy.actor.sched.StaticSchedulingDirector.fire(StaticSchedulingDirector.java:227)
	at ptolemy.domains.sdf.kernel.SDFDirector.fire(SDFDirector.java:500)
	at ptolemy.actor.CompositeActor.fire(CompositeActor.java:455)
	at ptolemy.domains.de.kernel.DEDirector._fire(DEDirector.java:1949)
	at ptolemy.domains.de.kernel.DEDirector.fire(DEDirector.java:502)
	at ptolemy.actor.CompositeActor.fire(CompositeActor.java:455)
	at ptolemy.actor.Manager.iterate(Manager.java:851)
	at ptolemy.actor.Manager.execute(Manager.java:369)
	at ptolemy.actor.Manager.run(Manager.java:1263)
	at ptolemy.actor.Manager$PtolemyRunThread.run(Manager.java:1915)

    while executing
ptolemy.kernel.util.IllegalActionException: Actor is not ready to fire.  Perhaps UpSample.prefire() returned false? Try debugging the actor by selecting "Listen to Actor".  Also, for SDF check moml for tokenConsumptionRate on input.
  in .DESDFClockTest.Play Bell.Copy1:SDF Director and .DESDFClockTest.Play Bell.UpSample
    while executing
"java::new ptolemy.moml.MoMLSimpleApplication $file
"
    (procedure "createAndExecute" line 2)
    invoked from within
"createAndExecute $file"
    ("uplevel" body line 5)
    invoked from within
"uplevel $contents_of_test"
------------------ testing $PTII/ptolemy/domains/de/test/auto/knownFailedTests/FSMSource.xml (Known Failure) 
22 ms. Memory: 146944K Free: 107494K (73%)
!!!! Auto was marked as failing, but now passes
------------------ testing $PTII/ptolemy/domains/de/test/auto/knownFailedTests/dependencyLoop2.xml (Known Failure) 
7 ms. Memory: 146944K Free: 105611K (72%)


==== $PTIIhome/travis/build/icyphy/ptII/ptolemy/domains/de/test/../../../../: Auto Automatic test in file $PTII/ptolemy/domains/de/test/auto/knownFailedTests/dependencyLoop2.xml
==== Contents of test case:

	    # FIXME: we should use $relativeFilename here, but it
	    # might have backslashes under Windows, which causes no end
	    # of trouble.
	    createAndExecute $file
	    list {}
	
.... Test generated KNOWN error:
    while executing
ptolemy.kernel.util.IllegalActionException: Found a zero delay loop containing .dependencyLoop2.original
  in .dependencyLoop2 and .dependencyLoop2.original
	at ptolemy.actor.util.CausalityInterfaceForComposites._computeOutputPortDepth(CausalityInterfaceForComposites.java:759)
	at ptolemy.actor.util.CausalityInterfaceForComposites._computeInputDepth(CausalityInterfaceForComposites.java:696)
	at ptolemy.actor.util.CausalityInterfaceForComposites._computeOutputPortDepth(CausalityInterfaceForComposites.java:765)
	at ptolemy.actor.util.CausalityInterfaceForComposites._computeInputDepth(CausalityInterfaceForComposites.java:696)
	at ptolemy.actor.util.CausalityInterfaceForComposites._computeOutputPortDepth(CausalityInterfaceForComposites.java:765)
	at ptolemy.actor.util.CausalityInterfaceForComposites._computeInputDepth(CausalityInterfaceForComposites.java:696)
	at ptolemy.actor.util.CausalityInterfaceForComposites._computeActorDepth(CausalityInterfaceForComposites.java:532)
	at ptolemy.actor.util.CausalityInterfaceForComposites.checkForCycles(CausalityInterfaceForComposites.java:96)
	at ptolemy.domains.de.kernel.DEDirector.preinitialize(DEDirector.java:1338)
	at ptolemy.actor.CompositeActor.preinitialize(CompositeActor.java:1828)
	at ptolemy.actor.Manager.preinitializeAndResolveTypes(Manager.java:1040)
	at ptolemy.actor.Manager.initialize(Manager.java:710)
	at ptolemy.actor.Manager.execute(Manager.java:356)
	at ptolemy.actor.Manager.run(Manager.java:1263)
	at ptolemy.actor.Manager$PtolemyRunThread.run(Manager.java:1915)

    while executing
ptolemy.kernel.util.IllegalActionException: Found a zero delay loop containing .dependencyLoop2.original
  in .dependencyLoop2 and .dependencyLoop2.original
    while executing
"java::new ptolemy.moml.MoMLSimpleApplication $file
"
    (procedure "createAndExecute" line 2)
    invoked from within
"createAndExecute $file"
    ("uplevel" body line 5)
    invoked from within
"uplevel $contents_of_test"
------------------ testing $PTII/ptolemy/domains/de/test/auto/knownFailedTests/HierarchicalModel.xml (Known Failure) 
10 ms. Memory: 146944K Free: 84968K (58%)


==== $PTIIhome/travis/build/icyphy/ptII/ptolemy/domains/de/test/../../../../: Auto Automatic test in file $PTII/ptolemy/domains/de/test/auto/knownFailedTests/HierarchicalModel.xml
==== Contents of test case:

	    # FIXME: we should use $relativeFilename here, but it
	    # might have backslashes under Windows, which causes no end
	    # of trouble.
	    createAndExecute $file
	    list {}
	
.... Test generated KNOWN error:
    while executing
ptolemy.kernel.util.IllegalActionException: Found a zero delay loop containing .HierarchicalModel.A
  in .HierarchicalModel and .HierarchicalModel.A
	at ptolemy.actor.util.CausalityInterfaceForComposites._computeOutputPortDepth(CausalityInterfaceForComposites.java:759)
	at ptolemy.actor.util.CausalityInterfaceForComposites._computeInputDepth(CausalityInterfaceForComposites.java:696)
	at ptolemy.actor.util.CausalityInterfaceForComposites._computeOutputPortDepth(CausalityInterfaceForComposites.java:765)
	at ptolemy.actor.util.CausalityInterfaceForComposites._computeInputDepth(CausalityInterfaceForComposites.java:696)
	at ptolemy.actor.util.CausalityInterfaceForComposites._computeOutputPortDepth(CausalityInterfaceForComposites.java:765)
	at ptolemy.actor.util.CausalityInterfaceForComposites._computeInputDepth(CausalityInterfaceForComposites.java:696)
	at ptolemy.actor.util.CausalityInterfaceForComposites._computeActorDepth(CausalityInterfaceForComposites.java:532)
	at ptolemy.actor.util.CausalityInterfaceForComposites.checkForCycles(CausalityInterfaceForComposites.java:96)
	at ptolemy.domains.de.kernel.DEDirector.preinitialize(DEDirector.java:1338)
	at ptolemy.actor.CompositeActor.preinitialize(CompositeActor.java:1828)
	at ptolemy.actor.Manager.preinitializeAndResolveTypes(Manager.java:1040)
	at ptolemy.actor.Manager.initialize(Manager.java:710)
	at ptolemy.actor.Manager.execute(Manager.java:356)
	at ptolemy.actor.Manager.run(Manager.java:1263)
	at ptolemy.actor.Manager$PtolemyRunThread.run(Manager.java:1915)

    while executing
ptolemy.kernel.util.IllegalActionException: Found a zero delay loop containing .HierarchicalModel.A
  in .HierarchicalModel and .HierarchicalModel.A
    while executing
"java::new ptolemy.moml.MoMLSimpleApplication $file
"
    (procedure "createAndExecute" line 2)
    invoked from within
"createAndExecute $file"
    ("uplevel" body line 5)
    invoked from within
"uplevel $contents_of_test"
------------------ testing $PTII/ptolemy/domains/de/test/auto/knownFailedTests/DirectFeedback.xml (Known Failure) 
11 ms. Memory: 146944K Free: 141158K (96%)


==== $PTIIhome/travis/build/icyphy/ptII/ptolemy/domains/de/test/../../../../: Auto Automatic test in file $PTII/ptolemy/domains/de/test/auto/knownFailedTests/DirectFeedback.xml
==== Contents of test case:

	    # FIXME: we should use $relativeFilename here, but it
	    # might have backslashes under Windows, which causes no end
	    # of trouble.
	    createAndExecute $file
	    list {}
	
.... Test generated KNOWN error:
    while executing
ptolemy.kernel.util.IllegalActionException: Test fails in iteration 1.
Value was: 1.0. Should have been: 2.0
  in .DirectFeedback.Test
	at ptolemy.actor.lib.Test.fire(Test.java:268)
	at ptolemy.domains.de.kernel.DEDirector._fire(DEDirector.java:1949)
	at ptolemy.domains.de.kernel.DEDirector.fire(DEDirector.java:502)
	at ptolemy.actor.CompositeActor.fire(CompositeActor.java:455)
	at ptolemy.actor.Manager.iterate(Manager.java:851)
	at ptolemy.actor.Manager.execute(Manager.java:369)
	at ptolemy.actor.Manager.run(Manager.java:1263)
	at ptolemy.actor.Manager$PtolemyRunThread.run(Manager.java:1915)

    while executing
ptolemy.kernel.util.IllegalActionException: Test fails in iteration 1.
Value was: 1.0. Should have been: 2.0
  in .DirectFeedback.Test
    while executing
"java::new ptolemy.moml.MoMLSimpleApplication $file
"
    (procedure "createAndExecute" line 2)
    invoked from within
"createAndExecute $file"
    ("uplevel" body line 5)
    invoked from within
"uplevel $contents_of_test"
------------------ testing $PTII/ptolemy/domains/de/test/auto/ActorDepthCalculation_actorWithoutPorts.xml
auto.tcl: Setting watchdog for 200 seconds at Fri Jul 06 01:34:06 UTC 2018
6 ms. Memory: 146944K Free: 132437K (90%)
ptolemy.util.test.WatchDog.cancel(): canceling Fri Jul 06 01:34:06 UTC 2018
auto.tcl: Setting watchdog for 200 seconds at Fri Jul 06 01:34:06 UTC 2018
5 ms. Memory: 146944K Free: 131394K (89%)
ptolemy.util.test.WatchDog.cancel(): canceling Fri Jul 06 01:34:06 UTC 2018
------------------ testing $PTII/ptolemy/domains/de/test/auto/AssemblyLine.xml
auto.tcl: Setting watchdog for 200 seconds at Fri Jul 06 01:34:06 UTC 2018
13 ms. Memory: 208384K Free: 186362K (89%)
ptolemy.util.test.WatchDog.cancel(): canceling Fri Jul 06 01:34:06 UTC 2018
auto.tcl: Setting watchdog for 200 seconds at Fri Jul 06 01:34:06 UTC 2018
8 ms. Memory: 208384K Free: 186362K (89%)
ptolemy.util.test.WatchDog.cancel(): canceling Fri Jul 06 01:34:06 UTC 2018
------------------ testing $PTII/ptolemy/domains/de/test/auto/CQBug1.xml
auto.tcl: Setting watchdog for 200 seconds at Fri Jul 06 01:34:06 UTC 2018
11 ms. Memory: 208384K Free: 197737K (95%)
ptolemy.util.test.WatchDog.cancel(): canceling Fri Jul 06 01:34:06 UTC 2018
auto.tcl: Setting watchdog for 200 seconds at Fri Jul 06 01:34:06 UTC 2018
2 ms. Memory: 208384K Free: 197737K (95%)
ptolemy.util.test.WatchDog.cancel(): canceling Fri Jul 06 01:34:06 UTC 2018
------------------ testing $PTII/ptolemy/domains/de/test/auto/CancelFireAt.xml
auto.tcl: Setting watchdog for 200 seconds at Fri Jul 06 01:34:06 UTC 2018
4 ms. Memory: 208384K Free: 201449K (97%)
ptolemy.util.test.WatchDog.cancel(): canceling Fri Jul 06 01:34:06 UTC 2018
auto.tcl: Setting watchdog for 200 seconds at Fri Jul 06 01:34:06 UTC 2018
2 ms. Memory: 208384K Free: 199358K (96%)
ptolemy.util.test.WatchDog.cancel(): canceling Fri Jul 06 01:34:06 UTC 2018
------------------ testing $PTII/ptolemy/domains/de/test/auto/CausalityAndComposabilityAnalysis.xml
auto.tcl: Setting watchdog for 200 seconds at Fri Jul 06 01:34:06 UTC 2018
20 ms. Memory: 208384K Free: 196526K (94%)
ptolemy.util.test.WatchDog.cancel(): canceling Fri Jul 06 01:34:07 UTC 2018
auto.tcl: Setting watchdog for 200 seconds at Fri Jul 06 01:34:07 UTC 2018
14 ms. Memory: 208384K Free: 196526K (94%)
ptolemy.util.test.WatchDog.cancel(): canceling Fri Jul 06 01:34:07 UTC 2018
------------------ testing $PTII/ptolemy/domains/de/test/auto/CausalityInterface1.xml
auto.tcl: Setting watchdog for 200 seconds at Fri Jul 06 01:34:07 UTC 2018
16 ms. Memory: 208384K Free: 196455K (94%)
ptolemy.util.test.WatchDog.cancel(): canceling Fri Jul 06 01:34:07 UTC 2018
auto.tcl: Setting watchdog for 200 seconds at Fri Jul 06 01:34:07 UTC 2018
4 ms. Memory: 208384K Free: 196455K (94%)
ptolemy.util.test.WatchDog.cancel(): canceling Fri Jul 06 01:34:07 UTC 2018
------------------ testing $PTII/ptolemy/domains/de/test/auto/CausalityInterface15.xml
auto.tcl: Setting watchdog for 200 seconds at Fri Jul 06 01:34:07 UTC 2018
11 ms. Memory: 208384K Free: 196445K (94%)
ptolemy.util.test.WatchDog.cancel(): canceling Fri Jul 06 01:34:07 UTC 2018
auto.tcl: Setting watchdog for 200 seconds at Fri Jul 06 01:34:07 UTC 2018
5 ms. Memory: 208384K Free: 194353K (93%)
ptolemy.util.test.WatchDog.cancel(): canceling Fri Jul 06 01:34:07 UTC 2018
------------------ testing $PTII/ptolemy/domains/de/test/auto/CausalityInterface2.xml
auto.tcl: Setting watchdog for 200 seconds at Fri Jul 06 01:34:07 UTC 2018
7 ms. Memory: 208384K Free: 196430K (94%)
ptolemy.util.test.WatchDog.cancel(): canceling Fri Jul 06 01:34:07 UTC 2018
auto.tcl: Setting watchdog for 200 seconds at Fri Jul 06 01:34:07 UTC 2018
7 ms. Memory: 208384K Free: 196430K (94%)
ptolemy.util.test.WatchDog.cancel(): canceling Fri Jul 06 01:34:07 UTC 2018
------------------ testing $PTII/ptolemy/domains/de/test/auto/CausalityInterface3.xml
auto.tcl: Setting watchdog for 200 seconds at Fri Jul 06 01:34:07 UTC 2018
5 ms. Memory: 208384K Free: 196779K (94%)
ptolemy.util.test.WatchDog.cancel(): canceling Fri Jul 06 01:34:07 UTC 2018
auto.tcl: Setting watchdog for 200 seconds at Fri Jul 06 01:34:07 UTC 2018
3 ms. Memory: 208384K Free: 196442K (94%)
ptolemy.util.test.WatchDog.cancel(): canceling Fri Jul 06 01:34:07 UTC 2018
------------------ testing $PTII/ptolemy/domains/de/test/auto/ClockDrift.xml
auto.tcl: Setting watchdog for 200 seconds at Fri Jul 06 01:34:07 UTC 2018
112 ms. Memory: 208384K Free: 187698K (90%)
ptolemy.util.test.WatchDog.cancel(): canceling Fri Jul 06 01:34:07 UTC 2018
auto.tcl: Setting watchdog for 200 seconds at Fri Jul 06 01:34:07 UTC 2018
71 ms. Memory: 208384K Free: 185606K (89%)
ptolemy.util.test.WatchDog.cancel(): canceling Fri Jul 06 01:34:07 UTC 2018
------------------ testing $PTII/ptolemy/domains/de/test/auto/ClockDriftAndValueChange.xml
auto.tcl: Setting watchdog for 200 seconds at Fri Jul 06 01:34:07 UTC 2018
55 ms. Memory: 208384K Free: 187531K (90%)
ptolemy.util.test.WatchDog.cancel(): canceling Fri Jul 06 01:34:07 UTC 2018
auto.tcl: Setting watchdog for 200 seconds at Fri Jul 06 01:34:07 UTC 2018
43 ms. Memory: 208384K Free: 185439K (89%)
ptolemy.util.test.WatchDog.cancel(): canceling Fri Jul 06 01:34:07 UTC 2018
------------------ testing $PTII/ptolemy/domains/de/test/auto/ClockDriftChange.xml
auto.tcl: Setting watchdog for 200 seconds at Fri Jul 06 01:34:07 UTC 2018
21 ms. Memory: 208384K Free: 190850K (92%)
ptolemy.util.test.WatchDog.cancel(): canceling Fri Jul 06 01:34:07 UTC 2018
auto.tcl: Setting watchdog for 200 seconds at Fri Jul 06 01:34:07 UTC 2018
30 ms. Memory: 208384K Free: 188758K (91%)
ptolemy.util.test.WatchDog.cancel(): canceling Fri Jul 06 01:34:08 UTC 2018
------------------ testing $PTII/ptolemy/domains/de/test/auto/ComposableCausalityAnalysis.xml
auto.tcl: Setting watchdog for 200 seconds at Fri Jul 06 01:34:08 UTC 2018
2 ms. Memory: 208384K Free: 196057K (94%)
ptolemy.util.test.WatchDog.cancel(): canceling Fri Jul 06 01:34:08 UTC 2018
auto.tcl: Setting watchdog for 200 seconds at Fri Jul 06 01:34:08 UTC 2018
2 ms. Memory: 208384K Free: 193965K (93%)
ptolemy.util.test.WatchDog.cancel(): canceling Fri Jul 06 01:34:08 UTC 2018
------------------ testing $PTII/ptolemy/domains/de/test/auto/DEFixedPointLimitation.xml
auto.tcl: Setting watchdog for 200 seconds at Fri Jul 06 01:34:08 UTC 2018
1 ms. Memory: 208384K Free: 196136K (94%)
ptolemy.util.test.WatchDog.cancel(): canceling Fri Jul 06 01:34:08 UTC 2018
auto.tcl: Setting watchdog for 200 seconds at Fri Jul 06 01:34:08 UTC 2018
2 ms. Memory: 208384K Free: 196136K (94%)
ptolemy.util.test.WatchDog.cancel(): canceling Fri Jul 06 01:34:08 UTC 2018
------------------ testing $PTII/ptolemy/domains/de/test/auto/DEScheduleTest.xml
auto.tcl: Setting watchdog for 200 seconds at Fri Jul 06 01:34:08 UTC 2018
4 ms. Memory: 208384K Free: 198264K (95%)
ptolemy.util.test.WatchDog.cancel(): canceling Fri Jul 06 01:34:08 UTC 2018
auto.tcl: Setting watchdog for 200 seconds at Fri Jul 06 01:34:08 UTC 2018
6 ms. Memory: 208384K Free: 196172K (94%)
ptolemy.util.test.WatchDog.cancel(): canceling Fri Jul 06 01:34:08 UTC 2018
------------------ testing $PTII/ptolemy/domains/de/test/auto/DEinDEwithStartTimes.xml
auto.tcl: Setting watchdog for 200 seconds at Fri Jul 06 01:34:08 UTC 2018
4 ms. Memory: 208384K Free: 196142K (94%)
ptolemy.util.test.WatchDog.cancel(): canceling Fri Jul 06 01:34:08 UTC 2018
auto.tcl: Setting watchdog for 200 seconds at Fri Jul 06 01:34:08 UTC 2018
7 ms. Memory: 208384K Free: 194050K (93%)
ptolemy.util.test.WatchDog.cancel(): canceling Fri Jul 06 01:34:08 UTC 2018
------------------ testing $PTII/ptolemy/domains/de/test/auto/DEinDEwithStartTimes2.xml
auto.tcl: Setting watchdog for 200 seconds at Fri Jul 06 01:34:08 UTC 2018
13 ms. Memory: 208384K Free: 196459K (94%)
ptolemy.util.test.WatchDog.cancel(): canceling Fri Jul 06 01:34:08 UTC 2018
auto.tcl: Setting watchdog for 200 seconds at Fri Jul 06 01:34:08 UTC 2018
9 ms. Memory: 208384K Free: 194029K (93%)
ptolemy.util.test.WatchDog.cancel(): canceling Fri Jul 06 01:34:08 UTC 2018
------------------ testing $PTII/ptolemy/domains/de/test/auto/DateDemo.xml
auto.tcl: Setting watchdog for 200 seconds at Fri Jul 06 01:34:08 UTC 2018
13 ms. Memory: 208384K Free: 188583K (90%)
ptolemy.util.test.WatchDog.cancel(): canceling Fri Jul 06 01:34:08 UTC 2018
auto.tcl: Setting watchdog for 200 seconds at Fri Jul 06 01:34:08 UTC 2018
7 ms. Memory: 208384K Free: 186492K (89%)
ptolemy.util.test.WatchDog.cancel(): canceling Fri Jul 06 01:34:08 UTC 2018
------------------ testing $PTII/ptolemy/domains/de/test/auto/DateToEvent.xml
auto.tcl: Setting watchdog for 200 seconds at Fri Jul 06 01:34:08 UTC 2018
2021 ms. Memory: 208384K Free: 183323K (88%)
ptolemy.util.test.WatchDog.cancel(): canceling Fri Jul 06 01:34:10 UTC 2018
auto.tcl: Setting watchdog for 200 seconds at Fri Jul 06 01:34:10 UTC 2018
2009 ms. Memory: 208384K Free: 183323K (88%)
ptolemy.util.test.WatchDog.cancel(): canceling Fri Jul 06 01:34:12 UTC 2018
------------------ testing $PTII/ptolemy/domains/de/test/auto/DepthTest1.xml
auto.tcl: Setting watchdog for 200 seconds at Fri Jul 06 01:34:12 UTC 2018
4 ms. Memory: 208384K Free: 198129K (95%)
ptolemy.util.test.WatchDog.cancel(): canceling Fri Jul 06 01:34:12 UTC 2018
auto.tcl: Setting watchdog for 200 seconds at Fri Jul 06 01:34:12 UTC 2018
1 ms. Memory: 208384K Free: 198129K (95%)
ptolemy.util.test.WatchDog.cancel(): canceling Fri Jul 06 01:34:12 UTC 2018
------------------ testing $PTII/ptolemy/domains/de/test/auto/DepthTest2.xml
auto.tcl: Setting watchdog for 200 seconds at Fri Jul 06 01:34:12 UTC 2018
7 ms. Memory: 208384K Free: 194010K (93%)
ptolemy.util.test.WatchDog.cancel(): canceling Fri Jul 06 01:34:12 UTC 2018
auto.tcl: Setting watchdog for 200 seconds at Fri Jul 06 01:34:12 UTC 2018
4 ms. Memory: 208384K Free: 194010K (93%)
ptolemy.util.test.WatchDog.cancel(): canceling Fri Jul 06 01:34:12 UTC 2018
------------------ testing $PTII/ptolemy/domains/de/test/auto/DepthTest3.xml
auto.tcl: Setting watchdog for 200 seconds at Fri Jul 06 01:34:12 UTC 2018
5 ms. Memory: 208384K Free: 198127K (95%)
ptolemy.util.test.WatchDog.cancel(): canceling Fri Jul 06 01:34:12 UTC 2018
auto.tcl: Setting watchdog for 200 seconds at Fri Jul 06 01:34:12 UTC 2018
1 ms. Memory: 208384K Free: 198127K (95%)
ptolemy.util.test.WatchDog.cancel(): canceling Fri Jul 06 01:34:12 UTC 2018
------------------ testing $PTII/ptolemy/domains/de/test/auto/DepthTest4.xml
auto.tcl: Setting watchdog for 200 seconds at Fri Jul 06 01:34:13 UTC 2018
10 ms. Memory: 208384K Free: 196122K (94%)
ptolemy.util.test.WatchDog.cancel(): canceling Fri Jul 06 01:34:13 UTC 2018
auto.tcl: Setting watchdog for 200 seconds at Fri Jul 06 01:34:13 UTC 2018
7 ms. Memory: 208384K Free: 196122K (94%)
ptolemy.util.test.WatchDog.cancel(): canceling Fri Jul 06 01:34:13 UTC 2018
------------------ testing $PTII/ptolemy/domains/de/test/auto/DepthTest5.xml
auto.tcl: Setting watchdog for 200 seconds at Fri Jul 06 01:34:13 UTC 2018
9 ms. Memory: 208384K Free: 196069K (94%)
ptolemy.util.test.WatchDog.cancel(): canceling Fri Jul 06 01:34:13 UTC 2018
auto.tcl: Setting watchdog for 200 seconds at Fri Jul 06 01:34:13 UTC 2018
3 ms. Memory: 208384K Free: 196069K (94%)
ptolemy.util.test.WatchDog.cancel(): canceling Fri Jul 06 01:34:13 UTC 2018
------------------ testing $PTII/ptolemy/domains/de/test/auto/DepthTest6.xml
auto.tcl: Setting watchdog for 200 seconds at Fri Jul 06 01:34:13 UTC 2018
15 ms. Memory: 208384K Free: 196382K (94%)
ptolemy.util.test.WatchDog.cancel(): canceling Fri Jul 06 01:34:13 UTC 2018
auto.tcl: Setting watchdog for 200 seconds at Fri Jul 06 01:34:13 UTC 2018
2 ms. Memory: 208384K Free: 196382K (94%)
ptolemy.util.test.WatchDog.cancel(): canceling Fri Jul 06 01:34:13 UTC 2018
------------------ testing $PTII/ptolemy/domains/de/test/auto/DepthTest7.xml
auto.tcl: Setting watchdog for 200 seconds at Fri Jul 06 01:34:13 UTC 2018
2 ms. Memory: 208384K Free: 196026K (94%)
ptolemy.util.test.WatchDog.cancel(): canceling Fri Jul 06 01:34:13 UTC 2018
auto.tcl: Setting watchdog for 200 seconds at Fri Jul 06 01:34:13 UTC 2018
2 ms. Memory: 208384K Free: 196026K (94%)
ptolemy.util.test.WatchDog.cancel(): canceling Fri Jul 06 01:34:13 UTC 2018
------------------ testing $PTII/ptolemy/domains/de/test/auto/EventToDate.xml
auto.tcl: Setting watchdog for 200 seconds at Fri Jul 06 01:34:13 UTC 2018
3008 ms. Memory: 208384K Free: 183130K (88%)
ptolemy.util.test.WatchDog.cancel(): canceling Fri Jul 06 01:34:16 UTC 2018
auto.tcl: Setting watchdog for 200 seconds at Fri Jul 06 01:34:16 UTC 2018
3004 ms. Memory: 208384K Free: 183130K (88%)
ptolemy.util.test.WatchDog.cancel(): canceling Fri Jul 06 01:34:19 UTC 2018
------------------ testing $PTII/ptolemy/domains/de/test/auto/FSM1.xml
auto.tcl: Setting watchdog for 200 seconds at Fri Jul 06 01:34:19 UTC 2018
31 ms. Memory: 208384K Free: 189094K (91%)
ptolemy.util.test.WatchDog.cancel(): canceling Fri Jul 06 01:34:19 UTC 2018
auto.tcl: Setting watchdog for 200 seconds at Fri Jul 06 01:34:19 UTC 2018
22 ms. Memory: 208384K Free: 184911K (89%)
ptolemy.util.test.WatchDog.cancel(): canceling Fri Jul 06 01:34:19 UTC 2018
------------------ testing $PTII/ptolemy/domains/de/test/auto/FSM7.xml
auto.tcl: Setting watchdog for 200 seconds at Fri Jul 06 01:34:19 UTC 2018
14 ms. Memory: 208384K Free: 187206K (90%)
ptolemy.util.test.WatchDog.cancel(): canceling Fri Jul 06 01:34:19 UTC 2018
auto.tcl: Setting watchdog for 200 seconds at Fri Jul 06 01:34:19 UTC 2018
15 ms. Memory: 208384K Free: 185115K (89%)
ptolemy.util.test.WatchDog.cancel(): canceling Fri Jul 06 01:34:19 UTC 2018
------------------ testing $PTII/ptolemy/domains/de/test/auto/Inspection.xml
auto.tcl: Setting watchdog for 200 seconds at Fri Jul 06 01:34:19 UTC 2018
21 ms. Memory: 208384K Free: 188758K (91%)
ptolemy.util.test.WatchDog.cancel(): canceling Fri Jul 06 01:34:19 UTC 2018
auto.tcl: Setting watchdog for 200 seconds at Fri Jul 06 01:34:19 UTC 2018
20 ms. Memory: 208384K Free: 186666K (90%)
ptolemy.util.test.WatchDog.cancel(): canceling Fri Jul 06 01:34:19 UTC 2018
------------------ testing $PTII/ptolemy/domains/de/test/auto/Iteration.xml
auto.tcl: Setting watchdog for 200 seconds at Fri Jul 06 01:34:19 UTC 2018
10 ms. Memory: 208384K Free: 196170K (94%)
ptolemy.util.test.WatchDog.cancel(): canceling Fri Jul 06 01:34:19 UTC 2018
auto.tcl: Setting watchdog for 200 seconds at Fri Jul 06 01:34:19 UTC 2018
10 ms. Memory: 208384K Free: 193741K (93%)
ptolemy.util.test.WatchDog.cancel(): canceling Fri Jul 06 01:34:19 UTC 2018
------------------ testing $PTII/ptolemy/domains/de/test/auto/LineFault.xml
auto.tcl: Setting watchdog for 200 seconds at Fri Jul 06 01:34:20 UTC 2018
851 ms. Memory: 208384K Free: 195974K (94%)
ptolemy.util.test.WatchDog.cancel(): canceling Fri Jul 06 01:34:21 UTC 2018
auto.tcl: Setting watchdog for 200 seconds at Fri Jul 06 01:34:21 UTC 2018
678 ms. Memory: 208384K Free: 138868K (67%)
ptolemy.util.test.WatchDog.cancel(): canceling Fri Jul 06 01:34:21 UTC 2018
------------------ testing $PTII/ptolemy/domains/de/test/auto/MergeModel1Add.xml
auto.tcl: Setting watchdog for 200 seconds at Fri Jul 06 01:34:21 UTC 2018
36 ms. Memory: 331264K Free: 298636K (90%)
ptolemy.util.test.WatchDog.cancel(): canceling Fri Jul 06 01:34:22 UTC 2018
auto.tcl: Setting watchdog for 200 seconds at Fri Jul 06 01:34:22 UTC 2018
12 ms. Memory: 331264K Free: 298636K (90%)
ptolemy.util.test.WatchDog.cancel(): canceling Fri Jul 06 01:34:22 UTC 2018
------------------ testing $PTII/ptolemy/domains/de/test/auto/MergeModel2Add.xml
auto.tcl: Setting watchdog for 200 seconds at Fri Jul 06 01:34:22 UTC 2018
19 ms. Memory: 331264K Free: 303919K (92%)
ptolemy.util.test.WatchDog.cancel(): canceling Fri Jul 06 01:34:22 UTC 2018
auto.tcl: Setting watchdog for 200 seconds at Fri Jul 06 01:34:22 UTC 2018
15 ms. Memory: 331264K Free: 299974K (91%)
ptolemy.util.test.WatchDog.cancel(): canceling Fri Jul 06 01:34:22 UTC 2018
------------------ testing $PTII/ptolemy/domains/de/test/auto/MergeModel3Add.xml
auto.tcl: Setting watchdog for 200 seconds at Fri Jul 06 01:34:22 UTC 2018
8 ms. Memory: 331264K Free: 303929K (92%)
ptolemy.util.test.WatchDog.cancel(): canceling Fri Jul 06 01:34:22 UTC 2018
auto.tcl: Setting watchdog for 200 seconds at Fri Jul 06 01:34:22 UTC 2018
8 ms. Memory: 331264K Free: 299984K (91%)
ptolemy.util.test.WatchDog.cancel(): canceling Fri Jul 06 01:34:22 UTC 2018
------------------ testing $PTII/ptolemy/domains/de/test/auto/MergeWithoutDiscard.xml
auto.tcl: Setting watchdog for 200 seconds at Fri Jul 06 01:34:22 UTC 2018
2 ms. Memory: 331264K Free: 319992K (97%)
ptolemy.util.test.WatchDog.cancel(): canceling Fri Jul 06 01:34:22 UTC 2018
auto.tcl: Setting watchdog for 200 seconds at Fri Jul 06 01:34:22 UTC 2018
2 ms. Memory: 331264K Free: 316047K (95%)
ptolemy.util.test.WatchDog.cancel(): canceling Fri Jul 06 01:34:22 UTC 2018
------------------ testing $PTII/ptolemy/domains/de/test/auto/Modal1.xml
auto.tcl: Setting watchdog for 200 seconds at Fri Jul 06 01:34:22 UTC 2018
13 ms. Memory: 331264K Free: 309959K (94%)
ptolemy.util.test.WatchDog.cancel(): canceling Fri Jul 06 01:34:22 UTC 2018
auto.tcl: Setting watchdog for 200 seconds at Fri Jul 06 01:34:22 UTC 2018
22 ms. Memory: 331264K Free: 305728K (92%)
ptolemy.util.test.WatchDog.cancel(): canceling Fri Jul 06 01:34:22 UTC 2018
------------------ testing $PTII/ptolemy/domains/de/test/auto/Modal2.xml
auto.tcl: Setting watchdog for 200 seconds at Fri Jul 06 01:34:22 UTC 2018
11 ms. Memory: 331264K Free: 304630K (92%)
ptolemy.util.test.WatchDog.cancel(): canceling Fri Jul 06 01:34:22 UTC 2018
auto.tcl: Setting watchdog for 200 seconds at Fri Jul 06 01:34:22 UTC 2018
13 ms. Memory: 331264K Free: 300685K (91%)
ptolemy.util.test.WatchDog.cancel(): canceling Fri Jul 06 01:34:22 UTC 2018
------------------ testing $PTII/ptolemy/domains/de/test/auto/Modal3.xml
auto.tcl: Setting watchdog for 200 seconds at Fri Jul 06 01:34:22 UTC 2018
19 ms. Memory: 331264K Free: 309815K (94%)
ptolemy.util.test.WatchDog.cancel(): canceling Fri Jul 06 01:34:22 UTC 2018
auto.tcl: Setting watchdog for 200 seconds at Fri Jul 06 01:34:22 UTC 2018
17 ms. Memory: 331264K Free: 305584K (92%)
ptolemy.util.test.WatchDog.cancel(): canceling Fri Jul 06 01:34:22 UTC 2018
------------------ testing $PTII/ptolemy/domains/de/test/auto/Modal4.xml
auto.tcl: Setting watchdog for 200 seconds at Fri Jul 06 01:34:22 UTC 2018
13 ms. Memory: 331264K Free: 309543K (93%)
ptolemy.util.test.WatchDog.cancel(): canceling Fri Jul 06 01:34:22 UTC 2018
auto.tcl: Setting watchdog for 200 seconds at Fri Jul 06 01:34:22 UTC 2018
15 ms. Memory: 331264K Free: 305598K (92%)
ptolemy.util.test.WatchDog.cancel(): canceling Fri Jul 06 01:34:22 UTC 2018
------------------ testing $PTII/ptolemy/domains/de/test/auto/Modal5.xml
auto.tcl: Setting watchdog for 200 seconds at Fri Jul 06 01:34:22 UTC 2018
21 ms. Memory: 331264K Free: 309530K (93%)
ptolemy.util.test.WatchDog.cancel(): canceling Fri Jul 06 01:34:23 UTC 2018
auto.tcl: Setting watchdog for 200 seconds at Fri Jul 06 01:34:23 UTC 2018
15 ms. Memory: 331264K Free: 305585K (92%)
ptolemy.util.test.WatchDog.cancel(): canceling Fri Jul 06 01:34:23 UTC 2018
------------------ testing $PTII/ptolemy/domains/de/test/auto/Modal6.xml
auto.tcl: Setting watchdog for 200 seconds at Fri Jul 06 01:34:23 UTC 2018
16 ms. Memory: 331264K Free: 309527K (93%)
ptolemy.util.test.WatchDog.cancel(): canceling Fri Jul 06 01:34:23 UTC 2018
auto.tcl: Setting watchdog for 200 seconds at Fri Jul 06 01:34:23 UTC 2018
18 ms. Memory: 331264K Free: 305582K (92%)
ptolemy.util.test.WatchDog.cancel(): canceling Fri Jul 06 01:34:23 UTC 2018
------------------ testing $PTII/ptolemy/domains/de/test/auto/Modal7.xml
auto.tcl: Setting watchdog for 200 seconds at Fri Jul 06 01:34:23 UTC 2018
19 ms. Memory: 331264K Free: 309528K (93%)
ptolemy.util.test.WatchDog.cancel(): canceling Fri Jul 06 01:34:23 UTC 2018
auto.tcl: Setting watchdog for 200 seconds at Fri Jul 06 01:34:23 UTC 2018
13 ms. Memory: 331264K Free: 305583K (92%)
ptolemy.util.test.WatchDog.cancel(): canceling Fri Jul 06 01:34:23 UTC 2018
------------------ testing $PTII/ptolemy/domains/de/test/auto/ModalModel.xml
auto.tcl: Setting watchdog for 200 seconds at Fri Jul 06 01:34:23 UTC 2018
214 ms. Memory: 331264K Free: 246051K (74%)
ptolemy.util.test.WatchDog.cancel(): canceling Fri Jul 06 01:34:23 UTC 2018
auto.tcl: Setting watchdog for 200 seconds at Fri Jul 06 01:34:23 UTC 2018
226 ms. Memory: 331264K Free: 190819K (58%)
ptolemy.util.test.WatchDog.cancel(): canceling Fri Jul 06 01:34:23 UTC 2018
------------------ testing $PTII/ptolemy/domains/de/test/auto/ModalSource.xml
auto.tcl: Setting watchdog for 200 seconds at Fri Jul 06 01:34:23 UTC 2018
6 ms. Memory: 331264K Free: 316496K (96%)
ptolemy.util.test.WatchDog.cancel(): canceling Fri Jul 06 01:34:23 UTC 2018
auto.tcl: Setting watchdog for 200 seconds at Fri Jul 06 01:34:23 UTC 2018
7 ms. Memory: 331264K Free: 312983K (94%)
ptolemy.util.test.WatchDog.cancel(): canceling Fri Jul 06 01:34:23 UTC 2018
------------------ testing $PTII/ptolemy/domains/de/test/auto/NonInterruptibleTimerZeroDelay.xml
auto.tcl: Setting watchdog for 200 seconds at Fri Jul 06 01:34:23 UTC 2018
4 ms. Memory: 331264K Free: 320663K (97%)
ptolemy.util.test.WatchDog.cancel(): canceling Fri Jul 06 01:34:23 UTC 2018
auto.tcl: Setting watchdog for 200 seconds at Fri Jul 06 01:34:23 UTC 2018
2 ms. Memory: 331264K Free: 317133K (96%)
ptolemy.util.test.WatchDog.cancel(): canceling Fri Jul 06 01:34:23 UTC 2018
------------------ testing $PTII/ptolemy/domains/de/test/auto/OpenQueueingNetwork.xml
auto.tcl: Setting watchdog for 200 seconds at Fri Jul 06 01:34:24 UTC 2018
3226 ms. Memory: 573952K Free: 428435K (75%)
ptolemy.util.test.WatchDog.cancel(): canceling Fri Jul 06 01:34:27 UTC 2018
auto.tcl: Setting watchdog for 200 seconds at Fri Jul 06 01:34:27 UTC 2018
2517 ms. Memory: 550912K Free: 346012K (63%)
ptolemy.util.test.WatchDog.cancel(): canceling Fri Jul 06 01:34:29 UTC 2018
------------------ testing $PTII/ptolemy/domains/de/test/auto/OpenQueuingNetwork.xml
auto.tcl: Setting watchdog for 200 seconds at Fri Jul 06 01:34:30 UTC 2018
253 ms. Memory: 549888K Free: 444978K (81%)
ptolemy.util.test.WatchDog.cancel(): canceling Fri Jul 06 01:34:30 UTC 2018
auto.tcl: Setting watchdog for 200 seconds at Fri Jul 06 01:34:30 UTC 2018
240 ms. Memory: 549888K Free: 384354K (70%)
ptolemy.util.test.WatchDog.cancel(): canceling Fri Jul 06 01:34:30 UTC 2018
------------------ testing $PTII/ptolemy/domains/de/test/auto/PeriodicSampler.xml
auto.tcl: Setting watchdog for 200 seconds at Fri Jul 06 01:34:30 UTC 2018
3 ms. Memory: 551936K Free: 531592K (96%)
ptolemy.util.test.WatchDog.cancel(): canceling Fri Jul 06 01:34:30 UTC 2018
auto.tcl: Setting watchdog for 200 seconds at Fri Jul 06 01:34:30 UTC 2018
2 ms. Memory: 551936K Free: 531592K (96%)
ptolemy.util.test.WatchDog.cancel(): canceling Fri Jul 06 01:34:30 UTC 2018
------------------ testing $PTII/ptolemy/domains/de/test/auto/PersistentIO.xml
auto.tcl: Setting watchdog for 200 seconds at Fri Jul 06 01:34:30 UTC 2018
5 ms. Memory: 549376K Free: 524333K (95%)
ptolemy.util.test.WatchDog.cancel(): canceling Fri Jul 06 01:34:30 UTC 2018
auto.tcl: Setting watchdog for 200 seconds at Fri Jul 06 01:34:30 UTC 2018
5 ms. Memory: 549376K Free: 524333K (95%)
ptolemy.util.test.WatchDog.cancel(): canceling Fri Jul 06 01:34:30 UTC 2018
------------------ testing $PTII/ptolemy/domains/de/test/auto/PortParameterResetOnInitialize.xml
auto.tcl: Setting watchdog for 200 seconds at Fri Jul 06 01:34:30 UTC 2018
3 ms. Memory: 551424K Free: 531540K (96%)
ptolemy.util.test.WatchDog.cancel(): canceling Fri Jul 06 01:34:30 UTC 2018
auto.tcl: Setting watchdog for 200 seconds at Fri Jul 06 01:34:30 UTC 2018
2 ms. Memory: 551424K Free: 531540K (96%)
ptolemy.util.test.WatchDog.cancel(): canceling Fri Jul 06 01:34:30 UTC 2018
------------------ testing $PTII/ptolemy/domains/de/test/auto/PortParameterUpdates.xml
auto.tcl: Setting watchdog for 200 seconds at Fri Jul 06 01:34:30 UTC 2018
3 ms. Memory: 549376K Free: 534535K (97%)
ptolemy.util.test.WatchDog.cancel(): canceling Fri Jul 06 01:34:30 UTC 2018
auto.tcl: Setting watchdog for 200 seconds at Fri Jul 06 01:34:30 UTC 2018
3 ms. Memory: 549376K Free: 529024K (96%)
ptolemy.util.test.WatchDog.cancel(): canceling Fri Jul 06 01:34:30 UTC 2018
------------------ testing $PTII/ptolemy/domains/de/test/auto/QueueAndServer.xml
auto.tcl: Setting watchdog for 200 seconds at Fri Jul 06 01:34:30 UTC 2018
14 ms. Memory: 551424K Free: 526126K (95%)
ptolemy.util.test.WatchDog.cancel(): canceling Fri Jul 06 01:34:30 UTC 2018
auto.tcl: Setting watchdog for 200 seconds at Fri Jul 06 01:34:30 UTC 2018
9 ms. Memory: 551424K Free: 526126K (95%)
ptolemy.util.test.WatchDog.cancel(): canceling Fri Jul 06 01:34:30 UTC 2018
------------------ testing $PTII/ptolemy/domains/de/test/auto/Records.xml
auto.tcl: Setting watchdog for 200 seconds at Fri Jul 06 01:34:31 UTC 2018
9 ms. Memory: 549376K Free: 534211K (97%)
ptolemy.util.test.WatchDog.cancel(): canceling Fri Jul 06 01:34:31 UTC 2018
auto.tcl: Setting watchdog for 200 seconds at Fri Jul 06 01:34:31 UTC 2018
2 ms. Memory: 549376K Free: 534211K (97%)
ptolemy.util.test.WatchDog.cancel(): canceling Fri Jul 06 01:34:31 UTC 2018
------------------ testing $PTII/ptolemy/domains/de/test/auto/ResetTransitionWithStartTime1.xml
auto.tcl: Setting watchdog for 200 seconds at Fri Jul 06 01:34:31 UTC 2018
13 ms. Memory: 551424K Free: 530757K (96%)
ptolemy.util.test.WatchDog.cancel(): canceling Fri Jul 06 01:34:31 UTC 2018
auto.tcl: Setting watchdog for 200 seconds at Fri Jul 06 01:34:31 UTC 2018
6 ms. Memory: 551424K Free: 530757K (96%)
ptolemy.util.test.WatchDog.cancel(): canceling Fri Jul 06 01:34:31 UTC 2018
------------------ testing $PTII/ptolemy/domains/de/test/auto/ResetTransitionWithStartTime2.xml
auto.tcl: Setting watchdog for 200 seconds at Fri Jul 06 01:34:31 UTC 2018
10 ms. Memory: 549376K Free: 528928K (96%)
ptolemy.util.test.WatchDog.cancel(): canceling Fri Jul 06 01:34:31 UTC 2018
auto.tcl: Setting watchdog for 200 seconds at Fri Jul 06 01:34:31 UTC 2018
7 ms. Memory: 549376K Free: 528928K (96%)
ptolemy.util.test.WatchDog.cancel(): canceling Fri Jul 06 01:34:31 UTC 2018
------------------ testing $PTII/ptolemy/domains/de/test/auto/ResetTransitionWithStartTime3.xml
auto.tcl: Setting watchdog for 200 seconds at Fri Jul 06 01:34:31 UTC 2018
8 ms. Memory: 550912K Free: 530095K (96%)
ptolemy.util.test.WatchDog.cancel(): canceling Fri Jul 06 01:34:31 UTC 2018
auto.tcl: Setting watchdog for 200 seconds at Fri Jul 06 01:34:31 UTC 2018
10 ms. Memory: 550912K Free: 530095K (96%)
ptolemy.util.test.WatchDog.cancel(): canceling Fri Jul 06 01:34:31 UTC 2018
------------------ testing $PTII/ptolemy/domains/de/test/auto/ResetTransitionWithStartTime4.xml
auto.tcl: Setting watchdog for 200 seconds at Fri Jul 06 01:34:31 UTC 2018
5 ms. Memory: 549376K Free: 528556K (96%)
ptolemy.util.test.WatchDog.cancel(): canceling Fri Jul 06 01:34:31 UTC 2018
auto.tcl: Setting watchdog for 200 seconds at Fri Jul 06 01:34:31 UTC 2018
5 ms. Memory: 549376K Free: 528556K (96%)
ptolemy.util.test.WatchDog.cancel(): canceling Fri Jul 06 01:34:31 UTC 2018
------------------ testing $PTII/ptolemy/domains/de/test/auto/ResettableTimer1.xml
auto.tcl: Setting watchdog for 200 seconds at Fri Jul 06 01:34:31 UTC 2018
3 ms. Memory: 550912K Free: 535614K (97%)
ptolemy.util.test.WatchDog.cancel(): canceling Fri Jul 06 01:34:31 UTC 2018
auto.tcl: Setting watchdog for 200 seconds at Fri Jul 06 01:34:31 UTC 2018
2 ms. Memory: 550912K Free: 535614K (97%)
ptolemy.util.test.WatchDog.cancel(): canceling Fri Jul 06 01:34:31 UTC 2018
------------------ testing $PTII/ptolemy/domains/de/test/auto/ResettableTimer2.xml
auto.tcl: Setting watchdog for 200 seconds at Fri Jul 06 01:34:31 UTC 2018
3 ms. Memory: 549376K Free: 534366K (97%)
ptolemy.util.test.WatchDog.cancel(): canceling Fri Jul 06 01:34:31 UTC 2018
auto.tcl: Setting watchdog for 200 seconds at Fri Jul 06 01:34:31 UTC 2018
2 ms. Memory: 549376K Free: 534366K (97%)
ptolemy.util.test.WatchDog.cancel(): canceling Fri Jul 06 01:34:31 UTC 2018
------------------ testing $PTII/ptolemy/domains/de/test/auto/ResettableTimer3.xml
auto.tcl: Setting watchdog for 200 seconds at Fri Jul 06 01:34:31 UTC 2018
1 ms. Memory: 550912K Free: 535672K (97%)
ptolemy.util.test.WatchDog.cancel(): canceling Fri Jul 06 01:34:31 UTC 2018
auto.tcl: Setting watchdog for 200 seconds at Fri Jul 06 01:34:31 UTC 2018
1 ms. Memory: 550912K Free: 535672K (97%)
ptolemy.util.test.WatchDog.cancel(): canceling Fri Jul 06 01:34:31 UTC 2018
------------------ testing $PTII/ptolemy/domains/de/test/auto/ResettableTimer4.xml
auto.tcl: Setting watchdog for 200 seconds at Fri Jul 06 01:34:31 UTC 2018
1 ms. Memory: 549376K Free: 534379K (97%)
ptolemy.util.test.WatchDog.cancel(): canceling Fri Jul 06 01:34:31 UTC 2018
auto.tcl: Setting watchdog for 200 seconds at Fri Jul 06 01:34:31 UTC 2018
1 ms. Memory: 549376K Free: 534379K (97%)
ptolemy.util.test.WatchDog.cancel(): canceling Fri Jul 06 01:34:31 UTC 2018
------------------ testing $PTII/ptolemy/domains/de/test/auto/ResettableTimer5.xml
auto.tcl: Setting watchdog for 200 seconds at Fri Jul 06 01:34:31 UTC 2018
1 ms. Memory: 550400K Free: 530721K (96%)
ptolemy.util.test.WatchDog.cancel(): canceling Fri Jul 06 01:34:31 UTC 2018
auto.tcl: Setting watchdog for 200 seconds at Fri Jul 06 01:34:31 UTC 2018
2 ms. Memory: 550400K Free: 530721K (96%)
ptolemy.util.test.WatchDog.cancel(): canceling Fri Jul 06 01:34:31 UTC 2018
------------------ testing $PTII/ptolemy/domains/de/test/auto/ResettableTimer6.xml
auto.tcl: Setting watchdog for 200 seconds at Fri Jul 06 01:34:31 UTC 2018
2 ms. Memory: 549376K Free: 529417K (96%)
ptolemy.util.test.WatchDog.cancel(): canceling Fri Jul 06 01:34:31 UTC 2018
auto.tcl: Setting watchdog for 200 seconds at Fri Jul 06 01:34:31 UTC 2018
2 ms. Memory: 549376K Free: 529417K (96%)
ptolemy.util.test.WatchDog.cancel(): canceling Fri Jul 06 01:34:31 UTC 2018
------------------ testing $PTII/ptolemy/domains/de/test/auto/ServerZeroDelay.xml
auto.tcl: Setting watchdog for 200 seconds at Fri Jul 06 01:34:31 UTC 2018
5 ms. Memory: 550400K Free: 535341K (97%)
ptolemy.util.test.WatchDog.cancel(): canceling Fri Jul 06 01:34:31 UTC 2018
auto.tcl: Setting watchdog for 200 seconds at Fri Jul 06 01:34:31 UTC 2018
3 ms. Memory: 550400K Free: 535341K (97%)
ptolemy.util.test.WatchDog.cancel(): canceling Fri Jul 06 01:34:31 UTC 2018
------------------ testing $PTII/ptolemy/domains/de/test/auto/SmartSender.xml
auto.tcl: Setting watchdog for 200 seconds at Fri Jul 06 01:34:31 UTC 2018
3002 ms. Memory: 549376K Free: 529633K (96%)
ptolemy.util.test.WatchDog.cancel(): canceling Fri Jul 06 01:34:34 UTC 2018
auto.tcl: Setting watchdog for 200 seconds at Fri Jul 06 01:34:34 UTC 2018
3001 ms. Memory: 549376K Free: 529633K (96%)
ptolemy.util.test.WatchDog.cancel(): canceling Fri Jul 06 01:34:37 UTC 2018
------------------ testing $PTII/ptolemy/domains/de/test/auto/ThreadedComposite.xml
auto.tcl: Setting watchdog for 200 seconds at Fri Jul 06 01:34:37 UTC 2018
315 ms. Memory: 550400K Free: 510043K (93%)
ptolemy.util.test.WatchDog.cancel(): canceling Fri Jul 06 01:34:38 UTC 2018
auto.tcl: Setting watchdog for 200 seconds at Fri Jul 06 01:34:38 UTC 2018
175 ms. Memory: 550400K Free: 495172K (90%)
ptolemy.util.test.WatchDog.cancel(): canceling Fri Jul 06 01:34:38 UTC 2018
------------------ testing $PTII/ptolemy/domains/de/test/auto/Time.xml
auto.tcl: Setting watchdog for 200 seconds at Fri Jul 06 01:34:38 UTC 2018
613 ms. Memory: 549376K Free: 482330K (88%)
ptolemy.util.test.WatchDog.cancel(): canceling Fri Jul 06 01:34:39 UTC 2018
auto.tcl: Setting watchdog for 200 seconds at Fri Jul 06 01:34:39 UTC 2018
504 ms. Memory: 549376K Free: 427217K (78%)
ptolemy.util.test.WatchDog.cancel(): canceling Fri Jul 06 01:34:39 UTC 2018
------------------ testing $PTII/ptolemy/domains/de/test/auto/TimeDelayZeroDelay.xml
auto.tcl: Setting watchdog for 200 seconds at Fri Jul 06 01:34:39 UTC 2018
3 ms. Memory: 550400K Free: 535028K (97%)
ptolemy.util.test.WatchDog.cancel(): canceling Fri Jul 06 01:34:39 UTC 2018
auto.tcl: Setting watchdog for 200 seconds at Fri Jul 06 01:34:39 UTC 2018
2 ms. Memory: 550400K Free: 535028K (97%)
ptolemy.util.test.WatchDog.cancel(): canceling Fri Jul 06 01:34:39 UTC 2018
------------------ testing $PTII/ptolemy/domains/de/test/auto/TimerZeroDelay.xml
auto.tcl: Setting watchdog for 200 seconds at Fri Jul 06 01:34:39 UTC 2018
2 ms. Memory: 549376K Free: 534278K (97%)
ptolemy.util.test.WatchDog.cancel(): canceling Fri Jul 06 01:34:39 UTC 2018
auto.tcl: Setting watchdog for 200 seconds at Fri Jul 06 01:34:39 UTC 2018
2 ms. Memory: 549376K Free: 534278K (97%)
ptolemy.util.test.WatchDog.cancel(): canceling Fri Jul 06 01:34:39 UTC 2018
------------------ testing $PTII/ptolemy/domains/de/test/auto/TimingParadox.xml
auto.tcl: Setting watchdog for 200 seconds at Fri Jul 06 01:34:39 UTC 2018
368 ms. Memory: 549888K Free: 468702K (85%)
ptolemy.util.test.WatchDog.cancel(): canceling Fri Jul 06 01:34:40 UTC 2018
auto.tcl: Setting watchdog for 200 seconds at Fri Jul 06 01:34:40 UTC 2018
346 ms. Memory: 549888K Free: 435634K (79%)
ptolemy.util.test.WatchDog.cancel(): canceling Fri Jul 06 01:34:40 UTC 2018
------------------ testing $PTII/ptolemy/domains/de/test/auto/TransferInputs.xml
auto.tcl: Setting watchdog for 200 seconds at Fri Jul 06 01:34:40 UTC 2018
10 ms. Memory: 549888K Free: 533692K (97%)
ptolemy.util.test.WatchDog.cancel(): canceling Fri Jul 06 01:34:40 UTC 2018
auto.tcl: Setting watchdog for 200 seconds at Fri Jul 06 01:34:40 UTC 2018
2 ms. Memory: 549888K Free: 533692K (97%)
ptolemy.util.test.WatchDog.cancel(): canceling Fri Jul 06 01:34:40 UTC 2018
------------------ testing $PTII/ptolemy/domains/de/test/auto/TransferOutputs2.xml
auto.tcl: Setting watchdog for 200 seconds at Fri Jul 06 01:34:40 UTC 2018
7 ms. Memory: 549376K Free: 524092K (95%)
ptolemy.util.test.WatchDog.cancel(): canceling Fri Jul 06 01:34:40 UTC 2018
auto.tcl: Setting watchdog for 200 seconds at Fri Jul 06 01:34:40 UTC 2018
3 ms. Memory: 549376K Free: 524092K (95%)
ptolemy.util.test.WatchDog.cancel(): canceling Fri Jul 06 01:34:40 UTC 2018
------------------ testing $PTII/ptolemy/domains/de/test/auto/Trilateration.xml
auto.tcl: Setting watchdog for 200 seconds at Fri Jul 06 01:34:40 UTC 2018
12627 ms. Memory: 453632K Free: 145971K (32%)
ptolemy.util.test.WatchDog.cancel(): canceling Fri Jul 06 01:34:54 UTC 2018
auto.tcl: Setting watchdog for 200 seconds at Fri Jul 06 01:34:54 UTC 2018
9833 ms. Memory: 331264K Free: 269707K (81%)
ptolemy.util.test.WatchDog.cancel(): canceling Fri Jul 06 01:35:04 UTC 2018
------------------ testing $PTII/ptolemy/domains/de/test/auto/TwoSigmaDelta.xml
auto.tcl: Setting watchdog for 200 seconds at Fri Jul 06 01:35:04 UTC 2018
2927 ms. Memory: 320000K Free: 270929K (85%)
ptolemy.util.test.WatchDog.cancel(): canceling Fri Jul 06 01:35:07 UTC 2018
auto.tcl: Setting watchdog for 200 seconds at Fri Jul 06 01:35:07 UTC 2018
2146 ms. Memory: 307712K Free: 266689K (87%)
ptolemy.util.test.WatchDog.cancel(): canceling Fri Jul 06 01:35:10 UTC 2018
------------------ testing $PTII/ptolemy/domains/de/test/auto/VariableDelay.xml
auto.tcl: Setting watchdog for 200 seconds at Fri Jul 06 01:35:10 UTC 2018
2 ms. Memory: 309760K Free: 293073K (95%)
ptolemy.util.test.WatchDog.cancel(): canceling Fri Jul 06 01:35:10 UTC 2018
auto.tcl: Setting watchdog for 200 seconds at Fri Jul 06 01:35:10 UTC 2018
1 ms. Memory: 309760K Free: 293073K (95%)
ptolemy.util.test.WatchDog.cancel(): canceling Fri Jul 06 01:35:10 UTC 2018
------------------ testing $PTII/ptolemy/domains/de/test/auto/VariableDelay2.xml
auto.tcl: Setting watchdog for 200 seconds at Fri Jul 06 01:35:10 UTC 2018
2 ms. Memory: 307712K Free: 293203K (95%)
ptolemy.util.test.WatchDog.cancel(): canceling Fri Jul 06 01:35:10 UTC 2018
auto.tcl: Setting watchdog for 200 seconds at Fri Jul 06 01:35:10 UTC 2018
2 ms. Memory: 307712K Free: 293203K (95%)
ptolemy.util.test.WatchDog.cancel(): canceling Fri Jul 06 01:35:10 UTC 2018
------------------ testing $PTII/ptolemy/domains/de/test/auto/VariableDelayZeroDelay.xml
auto.tcl: Setting watchdog for 200 seconds at Fri Jul 06 01:35:10 UTC 2018
2 ms. Memory: 309248K Free: 295838K (96%)
ptolemy.util.test.WatchDog.cancel(): canceling Fri Jul 06 01:35:10 UTC 2018
auto.tcl: Setting watchdog for 200 seconds at Fri Jul 06 01:35:10 UTC 2018
2 ms. Memory: 309248K Free: 292490K (95%)
ptolemy.util.test.WatchDog.cancel(): canceling Fri Jul 06 01:35:10 UTC 2018
------------------ testing $PTII/ptolemy/domains/de/test/auto/VariableDelayZeroDelay2.xml
auto.tcl: Setting watchdog for 200 seconds at Fri Jul 06 01:35:10 UTC 2018
2 ms. Memory: 307712K Free: 290937K (95%)
ptolemy.util.test.WatchDog.cancel(): canceling Fri Jul 06 01:35:10 UTC 2018
auto.tcl: Setting watchdog for 200 seconds at Fri Jul 06 01:35:10 UTC 2018
2 ms. Memory: 307712K Free: 290937K (95%)
ptolemy.util.test.WatchDog.cancel(): canceling Fri Jul 06 01:35:10 UTC 2018
------------------ testing $PTII/ptolemy/domains/de/test/auto/deInCt.xml
auto.tcl: Setting watchdog for 200 seconds at Fri Jul 06 01:35:10 UTC 2018
0
1
1
1
1
0
0
0
1
1
1
1
0
0
0
1
1
1
0
0
0
0
1
1
1
0
0
0
1
1
1
1
1
0
0
0
1
1
1
0
0
0
0
21 ms. Memory: 309248K Free: 292470K (95%)
ptolemy.util.test.WatchDog.cancel(): canceling Fri Jul 06 01:35:10 UTC 2018
auto.tcl: Setting watchdog for 200 seconds at Fri Jul 06 01:35:10 UTC 2018
0
1
1
1
0
0
0
1
1
1
1
1
0
0
0
1
1
1
1
0
0
0
0
0
0
0
0
8 ms. Memory: 309248K Free: 292470K (95%)
ptolemy.util.test.WatchDog.cancel(): canceling Fri Jul 06 01:35:10 UTC 2018
------------------ testing $PTII/ptolemy/domains/de/test/auto/deInCt2.xml
auto.tcl: Setting watchdog for 200 seconds at Fri Jul 06 01:35:10 UTC 2018
0
1
1
1
0
0
1
1
1
0
0
1
1
1
0
0
1
1
1
0
0
1
1
1
0
0
1
1
1
0
0
1
1
1
0
0
1
1
1
0
0
0
10 ms. Memory: 307712K Free: 290941K (95%)
ptolemy.util.test.WatchDog.cancel(): canceling Fri Jul 06 01:35:10 UTC 2018
auto.tcl: Setting watchdog for 200 seconds at Fri Jul 06 01:35:10 UTC 2018
0
1
1
1
0
0
1
1
1
0
0
1
1
1
0
0
1
1
1
0
0
1
1
1
0
0
1
1
1
0
0
1
1
1
0
0
1
1
1
0
0
0
8 ms. Memory: 307712K Free: 290941K (95%)
ptolemy.util.test.WatchDog.cancel(): canceling Fri Jul 06 01:35:10 UTC 2018
------------------ testing $PTII/ptolemy/domains/de/test/auto/dynamicCausalityInterface1.xml
auto.tcl: Setting watchdog for 200 seconds at Fri Jul 06 01:35:10 UTC 2018
2 ms. Memory: 308736K Free: 288605K (93%)
ptolemy.util.test.WatchDog.cancel(): canceling Fri Jul 06 01:35:10 UTC 2018
auto.tcl: Setting watchdog for 200 seconds at Fri Jul 06 01:35:10 UTC 2018
1 ms. Memory: 308736K Free: 288605K (93%)
ptolemy.util.test.WatchDog.cancel(): canceling Fri Jul 06 01:35:10 UTC 2018
------------------ testing $PTII/ptolemy/domains/de/test/auto/fsm_de_test.xml
auto.tcl: Setting watchdog for 200 seconds at Fri Jul 06 01:35:10 UTC 2018
6 ms. Memory: 307712K Free: 287476K (93%)
ptolemy.util.test.WatchDog.cancel(): canceling Fri Jul 06 01:35:10 UTC 2018
auto.tcl: Setting watchdog for 200 seconds at Fri Jul 06 01:35:10 UTC 2018
6 ms. Memory: 307712K Free: 287476K (93%)
ptolemy.util.test.WatchDog.cancel(): canceling Fri Jul 06 01:35:10 UTC 2018
------------------ testing $PTII/ptolemy/domains/de/test/auto/functionDependencyReconstruction.xml
auto.tcl: Setting watchdog for 200 seconds at Fri Jul 06 01:35:10 UTC 2018
5 ms. Memory: 308736K Free: 281787K (91%)
ptolemy.util.test.WatchDog.cancel(): canceling Fri Jul 06 01:35:10 UTC 2018
auto.tcl: Setting watchdog for 200 seconds at Fri Jul 06 01:35:10 UTC 2018
5 ms. Memory: 308736K Free: 278423K (90%)
ptolemy.util.test.WatchDog.cancel(): canceling Fri Jul 06 01:35:10 UTC 2018
------------------ testing $PTII/ptolemy/domains/de/test/auto/multirate.xml
auto.tcl: Setting watchdog for 200 seconds at Fri Jul 06 01:35:10 UTC 2018
6 ms. Memory: 307712K Free: 290691K (94%)
ptolemy.util.test.WatchDog.cancel(): canceling Fri Jul 06 01:35:10 UTC 2018
auto.tcl: Setting watchdog for 200 seconds at Fri Jul 06 01:35:10 UTC 2018
2 ms. Memory: 307712K Free: 287343K (93%)
ptolemy.util.test.WatchDog.cancel(): canceling Fri Jul 06 01:35:10 UTC 2018
------------------ testing $PTII/ptolemy/domains/de/test/auto/multirate2.xml
auto.tcl: Setting watchdog for 200 seconds at Fri Jul 06 01:35:10 UTC 2018
4 ms. Memory: 308736K Free: 291904K (95%)
ptolemy.util.test.WatchDog.cancel(): canceling Fri Jul 06 01:35:10 UTC 2018
auto.tcl: Setting watchdog for 200 seconds at Fri Jul 06 01:35:10 UTC 2018
3 ms. Memory: 308736K Free: 288555K (93%)
ptolemy.util.test.WatchDog.cancel(): canceling Fri Jul 06 01:35:10 UTC 2018
------------------ testing $PTII/ptolemy/domains/de/test/auto/realtime.xml
auto.tcl: Setting watchdog for 200 seconds at Fri Jul 06 01:35:10 UTC 2018
10001 ms. Memory: 307712K Free: 290869K (95%)
ptolemy.util.test.WatchDog.cancel(): canceling Fri Jul 06 01:35:21 UTC 2018
auto.tcl: Setting watchdog for 200 seconds at Fri Jul 06 01:35:21 UTC 2018
10001 ms. Memory: 307712K Free: 290869K (95%)
ptolemy.util.test.WatchDog.cancel(): canceling Fri Jul 06 01:35:31 UTC 2018
------------------ testing $PTII/ptolemy/domains/de/test/auto/relationGroup.xml
auto.tcl: Setting watchdog for 200 seconds at Fri Jul 06 01:35:31 UTC 2018
1 ms. Memory: 308224K Free: 294779K (96%)
ptolemy.util.test.WatchDog.cancel(): canceling Fri Jul 06 01:35:31 UTC 2018
auto.tcl: Setting watchdog for 200 seconds at Fri Jul 06 01:35:31 UTC 2018
1 ms. Memory: 308224K Free: 294779K (96%)
ptolemy.util.test.WatchDog.cancel(): canceling Fri Jul 06 01:35:31 UTC 2018
------------------ testing $PTII/ptolemy/domains/de/test/auto/relationGroup2.xml
auto.tcl: Setting watchdog for 200 seconds at Fri Jul 06 01:35:31 UTC 2018
2 ms. Memory: 307712K Free: 294295K (96%)
ptolemy.util.test.WatchDog.cancel(): canceling Fri Jul 06 01:35:31 UTC 2018
auto.tcl: Setting watchdog for 200 seconds at Fri Jul 06 01:35:31 UTC 2018
1 ms. Memory: 307712K Free: 294295K (96%)
ptolemy.util.test.WatchDog.cancel(): canceling Fri Jul 06 01:35:31 UTC 2018
------------------ testing $PTII/ptolemy/domains/de/test/auto/sortWithOpaquePorts.xml
auto.tcl: Setting watchdog for 200 seconds at Fri Jul 06 01:35:31 UTC 2018
1 ms. Memory: 308224K Free: 293706K (95%)
ptolemy.util.test.WatchDog.cancel(): canceling Fri Jul 06 01:35:31 UTC 2018
auto.tcl: Setting watchdog for 200 seconds at Fri Jul 06 01:35:31 UTC 2018
1 ms. Memory: 308224K Free: 293706K (95%)
ptolemy.util.test.WatchDog.cancel(): canceling Fri Jul 06 01:35:31 UTC 2018
------------------ testing $PTII/ptolemy/domains/de/test/auto/transferInputsandOutputs.xml
auto.tcl: Setting watchdog for 200 seconds at Fri Jul 06 01:35:31 UTC 2018
2 ms. Memory: 307712K Free: 290934K (95%)
ptolemy.util.test.WatchDog.cancel(): canceling Fri Jul 06 01:35:31 UTC 2018
auto.tcl: Setting watchdog for 200 seconds at Fri Jul 06 01:35:31 UTC 2018
2 ms. Memory: 307712K Free: 287586K (93%)
ptolemy.util.test.WatchDog.cancel(): canceling Fri Jul 06 01:35:31 UTC 2018
------------------ testing $PTII/ptolemy/domains/de/test/auto/triggerType.xml
auto.tcl: Setting watchdog for 200 seconds at Fri Jul 06 01:35:31 UTC 2018
1 ms. Memory: 308224K Free: 294744K (96%)
ptolemy.util.test.WatchDog.cancel(): canceling Fri Jul 06 01:35:31 UTC 2018
auto.tcl: Setting watchdog for 200 seconds at Fri Jul 06 01:35:31 UTC 2018
1 ms. Memory: 308224K Free: 291396K (95%)
ptolemy.util.test.WatchDog.cancel(): canceling Fri Jul 06 01:35:31 UTC 2018
07/06/18 01:35:31
Failed: 0  Total Tests: 192  ((Passed: 187, Newly Passed: 1)  Known Failed: 5) /home/travis/build/icyphy/ptII/ptolemy/domains/de/test
07/06/18 01:35:31
Failed: 0  Total Tests: 192  ((Passed: 187, Newly Passed: 1)  Known Failed: 5) /home/travis/build/icyphy/ptII/ptolemy/domains/de/test
----------------- testing (KnownFailure) /home/travis/build/icyphy/ptII/ptolemy/domains/de/test/auto/knownFailedTests/DESDFClockTest.xml
2007 ms. Memory: 307712K Free: 285209K (93%)
Known Failure: java.lang.reflect.InvocationTargetException
----------------- testing (KnownFailure) /home/travis/build/icyphy/ptII/ptolemy/domains/de/test/auto/knownFailedTests/DirectFeedback.xml
1 ms. Memory: 307712K Free: 267105K (87%)
Known Failure: java.lang.reflect.InvocationTargetException
----------------- testing (KnownFailure) /home/travis/build/icyphy/ptII/ptolemy/domains/de/test/auto/knownFailedTests/FSMSource.xml
4 ms. Memory: 307712K Free: 244458K (79%)
----------------- testing (KnownFailure) /home/travis/build/icyphy/ptII/ptolemy/domains/de/test/auto/knownFailedTests/HierarchicalModel.xml
1 ms. Memory: 307712K Free: 221795K (72%)
Known Failure: java.lang.reflect.InvocationTargetException
----------------- testing (KnownFailure) /home/travis/build/icyphy/ptII/ptolemy/domains/de/test/auto/knownFailedTests/dependencyLoop.xml
2 ms. Memory: 307712K Free: 190080K (62%)
Known Failure: java.lang.reflect.InvocationTargetException
----------------- testing (KnownFailure) /home/travis/build/icyphy/ptII/ptolemy/domains/de/test/auto/knownFailedTests/dependencyLoop2.xml
1 ms. Memory: 307712K Free: 158373K (51%)
Known Failure: java.lang.reflect.InvocationTargetException
No auto/linux-amd64/*.xml tests in /home/travis/build/icyphy/ptII/ptolemy/domains/de/test
AutoTests.java: About to close Vertx.
AutoTests.java: Vertx closed.

===========================================================================================
----------------- testing Fri Jul 06 01:35:33 UTC 2018 /home/travis/build/icyphy/ptII/ptolemy/domains/de/test/auto/ActorDepthCalculation_actorWithoutPorts.xml
----------------- Instantiating /home/travis/build/icyphy/ptII/ptolemy/domains/de/test/auto/ActorDepthCalculation_actorWithoutPorts.xml
1 ms. Memory: 307712K Free: 131201K (43%)
----------------- Invoking toplevel() on ptolemy.moml.MoMLSimpleApplication@6770395b
----------------- Done invoking toplevel() on ptolemy.moml.MoMLSimpleApplication@6770395b
reloadAllAccessors: .ActorDepthCalculation_actorWithoutPorts

===========================================================================================
----------------- testing Fri Jul 06 01:35:33 UTC 2018 /home/travis/build/icyphy/ptII/ptolemy/domains/de/test/auto/AssemblyLine.xml
----------------- Instantiating /home/travis/build/icyphy/ptII/ptolemy/domains/de/test/auto/AssemblyLine.xml
1 ms. Memory: 307712K Free: 117606K (38%)
----------------- Invoking toplevel() on ptolemy.moml.MoMLSimpleApplication@5b14b7ef
----------------- Done invoking toplevel() on ptolemy.moml.MoMLSimpleApplication@5b14b7ef
reloadAllAccessors: .AssemblyLine

===========================================================================================
----------------- testing Fri Jul 06 01:35:33 UTC 2018 /home/travis/build/icyphy/ptII/ptolemy/domains/de/test/auto/CQBug1.xml
----------------- Instantiating /home/travis/build/icyphy/ptII/ptolemy/domains/de/test/auto/CQBug1.xml
0 ms. Memory: 307712K Free: 108554K (35%)
----------------- Invoking toplevel() on ptolemy.moml.MoMLSimpleApplication@73404a15
----------------- Done invoking toplevel() on ptolemy.moml.MoMLSimpleApplication@73404a15
reloadAllAccessors: .CQBug1

===========================================================================================
----------------- testing Fri Jul 06 01:35:33 UTC 2018 /home/travis/build/icyphy/ptII/ptolemy/domains/de/test/auto/CancelFireAt.xml
----------------- Instantiating /home/travis/build/icyphy/ptII/ptolemy/domains/de/test/auto/CancelFireAt.xml
1 ms. Memory: 307712K Free: 99502K (32%)
----------------- Invoking toplevel() on ptolemy.moml.MoMLSimpleApplication@34e56b15
----------------- Done invoking toplevel() on ptolemy.moml.MoMLSimpleApplication@34e56b15
reloadAllAccessors: .CancelFireAt

===========================================================================================
----------------- testing Fri Jul 06 01:35:33 UTC 2018 /home/travis/build/icyphy/ptII/ptolemy/domains/de/test/auto/CausalityAndComposabilityAnalysis.xml
----------------- Instantiating /home/travis/build/icyphy/ptII/ptolemy/domains/de/test/auto/CausalityAndComposabilityAnalysis.xml
1 ms. Memory: 307712K Free: 90450K (29%)
----------------- Invoking toplevel() on ptolemy.moml.MoMLSimpleApplication@35cbc68c
----------------- Done invoking toplevel() on ptolemy.moml.MoMLSimpleApplication@35cbc68c
reloadAllAccessors: .CausalityAndComposabilityAnalysis

===========================================================================================
----------------- testing Fri Jul 06 01:35:33 UTC 2018 /home/travis/build/icyphy/ptII/ptolemy/domains/de/test/auto/CausalityInterface1.xml
----------------- Instantiating /home/travis/build/icyphy/ptII/ptolemy/domains/de/test/auto/CausalityInterface1.xml
3 ms. Memory: 307712K Free: 78050K (25%)
----------------- Invoking toplevel() on ptolemy.moml.MoMLSimpleApplication@2552758f
----------------- Done invoking toplevel() on ptolemy.moml.MoMLSimpleApplication@2552758f
reloadAllAccessors: .CausalityInterface1

===========================================================================================
----------------- testing Fri Jul 06 01:35:33 UTC 2018 /home/travis/build/icyphy/ptII/ptolemy/domains/de/test/auto/CausalityInterface15.xml
----------------- Instantiating /home/travis/build/icyphy/ptII/ptolemy/domains/de/test/auto/CausalityInterface15.xml
1 ms. Memory: 298496K Free: 285811K (96%)
----------------- Invoking toplevel() on ptolemy.moml.MoMLSimpleApplication@a766ac7
----------------- Done invoking toplevel() on ptolemy.moml.MoMLSimpleApplication@a766ac7
reloadAllAccessors: .CausalityInterface15

[...]
java.lang.RuntimeException: Execution failed
	at ptolemy.moml.MoMLSimpleApplication$UnloadThread.run(MoMLSimpleApplication.java:402)
Caused by: ptolemy.kernel.util.IllegalActionException: Test fails in iteration 1.
Value was: 1.0. Should have been: 2.0
  in .DirectFeedback.Test
	at ptolemy.actor.lib.Test.fire(Test.java:268)
	at ptolemy.domains.de.kernel.DEDirector._fire(DEDirector.java:1949)
	at ptolemy.domains.de.kernel.DEDirector.fire(DEDirector.java:502)
	at ptolemy.actor.CompositeActor.fire(CompositeActor.java:455)
	at ptolemy.actor.Manager.iterate(Manager.java:851)
	at ptolemy.actor.Manager.execute(Manager.java:369)
	at ptolemy.actor.Manager.run(Manager.java:1263)
	at ptolemy.actor.Manager$PtolemyRunThread.run(Manager.java:1915)
java.lang.RuntimeException: Execution failed
	at ptolemy.moml.MoMLSimpleApplication$UnloadThread.run(MoMLSimpleApplication.java:402)
Caused by: ptolemy.kernel.util.IllegalActionException: Actor is not ready to fire.  Perhaps UpSample.prefire() returned false? Try debugging the actor by selecting "Listen to Actor".  Also, for SDF check moml for tokenConsumptionRate on input.
  in .DESDFClockTest.Play Bell.Copy1:SDF Director and .DESDFClockTest.Play Bell.UpSample
	at ptolemy.actor.sched.StaticSchedulingDirector.fire(StaticSchedulingDirector.java:227)
	at ptolemy.domains.sdf.kernel.SDFDirector.fire(SDFDirector.java:500)
	at ptolemy.actor.CompositeActor.fire(CompositeActor.java:455)
	at ptolemy.domains.de.kernel.DEDirector._fire(DEDirector.java:1949)
	at ptolemy.domains.de.kernel.DEDirector.fire(DEDirector.java:502)
	at ptolemy.actor.CompositeActor.fire(CompositeActor.java:455)
	at ptolemy.actor.Manager.iterate(Manager.java:851)
	at ptolemy.actor.Manager.execute(Manager.java:369)
	at ptolemy.actor.Manager.run(Manager.java:1263)
	at ptolemy.actor.Manager$PtolemyRunThread.run(Manager.java:1915)
java.lang.reflect.InvocationTargetException
	at sun.reflect.NativeConstructorAccessorImpl.newInstance0(Native Method)
	at sun.reflect.NativeConstructorAccessorImpl.newInstance(NativeConstructorAccessorImpl.java:62)
	at sun.reflect.DelegatingConstructorAccessorImpl.newInstance(DelegatingConstructorAccessorImpl.java:45)
	at java.lang.reflect.Constructor.newInstance(Constructor.java:423)
	at ptolemy.util.test.junit.AutoKnownFailedTests.RunModel(AutoKnownFailedTests.java:107)
	at sun.reflect.NativeMethodAccessorImpl.invoke0(Native Method)
	at sun.reflect.NativeMethodAccessorImpl.invoke(NativeMethodAccessorImpl.java:62)
	at sun.reflect.DelegatingMethodAccessorImpl.invoke(DelegatingMethodAccessorImpl.java:43)
	at java.lang.reflect.Method.invoke(Method.java:498)
	at org.junit.runners.model.FrameworkMethod$1.runReflectiveCall(FrameworkMethod.java:44)
	at org.junit.internal.runners.model.ReflectiveCallable.run(ReflectiveCallable.java:15)
	at org.junit.runners.model.FrameworkMethod.invokeExplosively(FrameworkMethod.java:41)
	at junitparams.internal.InvokeParameterisedMethod.evaluate(InvokeParameterisedMethod.java:102)
	at org.junit.internal.runners.statements.FailOnTimeout$1.run(FailOnTimeout.java:28)
Caused by: ptolemy.kernel.util.IllegalActionException: Actor is not ready to fire.  Perhaps UpSample.prefire() returned false? Try debugging the actor by selecting "Listen to Actor".  Also, for SDF check moml for tokenConsumptionRate on input.
  in .DESDFClockTest.Play Bell.Copy1:SDF Director and .DESDFClockTest.Play Bell.UpSample
	at ptolemy.actor.sched.StaticSchedulingDirector.fire(StaticSchedulingDirector.java:227)
	at ptolemy.domains.sdf.kernel.SDFDirector.fire(SDFDirector.java:500)
	at ptolemy.actor.CompositeActor.fire(CompositeActor.java:455)
	at ptolemy.domains.de.kernel.DEDirector._fire(DEDirector.java:1949)
	at ptolemy.domains.de.kernel.DEDirector.fire(DEDirector.java:502)
	at ptolemy.actor.CompositeActor.fire(CompositeActor.java:455)
	at ptolemy.actor.Manager.iterate(Manager.java:851)
	at ptolemy.actor.Manager.execute(Manager.java:369)
	at ptolemy.actor.Manager.run(Manager.java:1263)
	at ptolemy.actor.Manager$PtolemyRunThread.run(Manager.java:1915)
java.lang.RuntimeException: Execution failed
	at ptolemy.moml.MoMLSimpleApplication$UnloadThread.run(MoMLSimpleApplication.java:402)
Caused by: ptolemy.kernel.util.IllegalActionException: Test fails in iteration 1.
Value was: 1.0. Should have been: 2.0
  in .DirectFeedback.Test
	at ptolemy.actor.lib.Test.fire(Test.java:268)
	at ptolemy.domains.de.kernel.DEDirector._fire(DEDirector.java:1949)
	at ptolemy.domains.de.kernel.DEDirector.fire(DEDirector.java:502)
	at ptolemy.actor.CompositeActor.fire(CompositeActor.java:455)
	at ptolemy.actor.Manager.iterate(Manager.java:851)
	at ptolemy.actor.Manager.execute(Manager.java:369)
	at ptolemy.actor.Manager.run(Manager.java:1263)
	at ptolemy.actor.Manager$PtolemyRunThread.run(Manager.java:1915)
java.lang.reflect.InvocationTargetException
	at sun.reflect.NativeConstructorAccessorImpl.newInstance0(Native Method)
	at sun.reflect.NativeConstructorAccessorImpl.newInstance(NativeConstructorAccessorImpl.java:62)
	at sun.reflect.DelegatingConstructorAccessorImpl.newInstance(DelegatingConstructorAccessorImpl.java:45)
	at java.lang.reflect.Constructor.newInstance(Constructor.java:423)
	at ptolemy.util.test.junit.AutoKnownFailedTests.RunModel(AutoKnownFailedTests.java:107)
	at sun.reflect.NativeMethodAccessorImpl.invoke0(Native Method)
	at sun.reflect.NativeMethodAccessorImpl.invoke(NativeMethodAccessorImpl.java:62)
	at sun.reflect.DelegatingMethodAccessorImpl.invoke(DelegatingMethodAccessorImpl.java:43)
	at java.lang.reflect.Method.invoke(Method.java:498)
	at org.junit.runners.model.FrameworkMethod$1.runReflectiveCall(FrameworkMethod.java:44)
	at org.junit.internal.runners.model.ReflectiveCallable.run(ReflectiveCallable.java:15)
	at org.junit.runners.model.FrameworkMethod.invokeExplosively(FrameworkMethod.java:41)
	at junitparams.internal.InvokeParameterisedMethod.evaluate(InvokeParameterisedMethod.java:102)
	at org.junit.internal.runners.statements.FailOnTimeout$1.run(FailOnTimeout.java:28)
Caused by: ptolemy.kernel.util.IllegalActionException: Test fails in iteration 1.
Value was: 1.0. Should have been: 2.0
  in .DirectFeedback.Test
	at ptolemy.actor.lib.Test.fire(Test.java:268)
	at ptolemy.domains.de.kernel.DEDirector._fire(DEDirector.java:1949)
	at ptolemy.domains.de.kernel.DEDirector.fire(DEDirector.java:502)
	at ptolemy.actor.CompositeActor.fire(CompositeActor.java:455)
	at ptolemy.actor.Manager.iterate(Manager.java:851)
	at ptolemy.actor.Manager.execute(Manager.java:369)
	at ptolemy.actor.Manager.run(Manager.java:1263)
	at ptolemy.actor.Manager$PtolemyRunThread.run(Manager.java:1915)
java.lang.RuntimeException: Execution failed
	at ptolemy.moml.MoMLSimpleApplication$UnloadThread.run(MoMLSimpleApplication.java:402)
Caused by: ptolemy.kernel.util.IllegalActionException: Found a zero delay loop containing .HierarchicalModel.A
  in .HierarchicalModel and .HierarchicalModel.A
	at ptolemy.actor.util.CausalityInterfaceForComposites._computeOutputPortDepth(CausalityInterfaceForComposites.java:759)
	at ptolemy.actor.util.CausalityInterfaceForComposites._computeInputDepth(CausalityInterfaceForComposites.java:696)
	at ptolemy.actor.util.CausalityInterfaceForComposites._computeOutputPortDepth(CausalityInterfaceForComposites.java:765)
	at ptolemy.actor.util.CausalityInterfaceForComposites._computeInputDepth(CausalityInterfaceForComposites.java:696)
	at ptolemy.actor.util.CausalityInterfaceForComposites._computeOutputPortDepth(CausalityInterfaceForComposites.java:765)
	at ptolemy.actor.util.CausalityInterfaceForComposites._computeInputDepth(CausalityInterfaceForComposites.java:696)
	at ptolemy.actor.util.CausalityInterfaceForComposites._computeActorDepth(CausalityInterfaceForComposites.java:532)
	at ptolemy.actor.util.CausalityInterfaceForComposites.checkForCycles(CausalityInterfaceForComposites.java:96)
	at ptolemy.domains.de.kernel.DEDirector.preinitialize(DEDirector.java:1338)
	at ptolemy.actor.CompositeActor.preinitialize(CompositeActor.java:1828)
	at ptolemy.actor.Manager.preinitializeAndResolveTypes(Manager.java:1040)
	at ptolemy.actor.Manager.initialize(Manager.java:710)
	at ptolemy.actor.Manager.execute(Manager.java:356)
	at ptolemy.actor.Manager.run(Manager.java:1263)
	at ptolemy.actor.Manager$PtolemyRunThread.run(Manager.java:1915)
java.lang.reflect.InvocationTargetException
	at sun.reflect.NativeConstructorAccessorImpl.newInstance0(Native Method)
	at sun.reflect.NativeConstructorAccessorImpl.newInstance(NativeConstructorAccessorImpl.java:62)
	at sun.reflect.DelegatingConstructorAccessorImpl.newInstance(DelegatingConstructorAccessorImpl.java:45)
	at java.lang.reflect.Constructor.newInstance(Constructor.java:423)
	at ptolemy.util.test.junit.AutoKnownFailedTests.RunModel(AutoKnownFailedTests.java:107)
	at sun.reflect.NativeMethodAccessorImpl.invoke0(Native Method)
	at sun.reflect.NativeMethodAccessorImpl.invoke(NativeMethodAccessorImpl.java:62)
	at sun.reflect.DelegatingMethodAccessorImpl.invoke(DelegatingMethodAccessorImpl.java:43)
	at java.lang.reflect.Method.invoke(Method.java:498)
	at org.junit.runners.model.FrameworkMethod$1.runReflectiveCall(FrameworkMethod.java:44)
	at org.junit.internal.runners.model.ReflectiveCallable.run(ReflectiveCallable.java:15)
	at org.junit.runners.model.FrameworkMethod.invokeExplosively(FrameworkMethod.java:41)
	at junitparams.internal.InvokeParameterisedMethod.evaluate(InvokeParameterisedMethod.java:102)
	at org.junit.internal.runners.statements.FailOnTimeout$1.run(FailOnTimeout.java:28)
Caused by: ptolemy.kernel.util.IllegalActionException: Found a zero delay loop containing .HierarchicalModel.A
  in .HierarchicalModel and .HierarchicalModel.A
	at ptolemy.actor.util.CausalityInterfaceForComposites._computeOutputPortDepth(CausalityInterfaceForComposites.java:759)
	at ptolemy.actor.util.CausalityInterfaceForComposites._computeInputDepth(CausalityInterfaceForComposites.java:696)
	at ptolemy.actor.util.CausalityInterfaceForComposites._computeOutputPortDepth(CausalityInterfaceForComposites.java:765)
	at ptolemy.actor.util.CausalityInterfaceForComposites._computeInputDepth(CausalityInterfaceForComposites.java:696)
	at ptolemy.actor.util.CausalityInterfaceForComposites._computeOutputPortDepth(CausalityInterfaceForComposites.java:765)
	at ptolemy.actor.util.CausalityInterfaceForComposites._computeInputDepth(CausalityInterfaceForComposites.java:696)
	at ptolemy.actor.util.CausalityInterfaceForComposites._computeActorDepth(CausalityInterfaceForComposites.java:532)
	at ptolemy.actor.util.CausalityInterfaceForComposites.checkForCycles(CausalityInterfaceForComposites.java:96)
	at ptolemy.domains.de.kernel.DEDirector.preinitialize(DEDirector.java:1338)
	at ptolemy.actor.CompositeActor.preinitialize(CompositeActor.java:1828)
	at ptolemy.actor.Manager.preinitializeAndResolveTypes(Manager.java:1040)
	at ptolemy.actor.Manager.initialize(Manager.java:710)
	at ptolemy.actor.Manager.execute(Manager.java:356)
	at ptolemy.actor.Manager.run(Manager.java:1263)
	at ptolemy.actor.Manager$PtolemyRunThread.run(Manager.java:1915)
java.lang.RuntimeException: Execution failed
	at ptolemy.moml.MoMLSimpleApplication$UnloadThread.run(MoMLSimpleApplication.java:402)
Caused by: ptolemy.kernel.util.IllegalActionException: Found a zero delay loop containing .dependencyLoop.original
  in .dependencyLoop and .dependencyLoop.original
	at ptolemy.actor.util.CausalityInterfaceForComposites._computeOutputPortDepth(CausalityInterfaceForComposites.java:759)
	at ptolemy.actor.util.CausalityInterfaceForComposites._computeInputDepth(CausalityInterfaceForComposites.java:696)
	at ptolemy.actor.util.CausalityInterfaceForComposites._computeOutputPortDepth(CausalityInterfaceForComposites.java:765)
	at ptolemy.actor.util.CausalityInterfaceForComposites._computeInputDepth(CausalityInterfaceForComposites.java:696)
	at ptolemy.actor.util.CausalityInterfaceForComposites._computeOutputPortDepth(CausalityInterfaceForComposites.java:765)
	at ptolemy.actor.util.CausalityInterfaceForComposites._computeInputDepth(CausalityInterfaceForComposites.java:696)
	at ptolemy.actor.util.CausalityInterfaceForComposites._computeActorDepth(CausalityInterfaceForComposites.java:532)
	at ptolemy.actor.util.CausalityInterfaceForComposites.checkForCycles(CausalityInterfaceForComposites.java:96)
	at ptolemy.domains.de.kernel.DEDirector.preinitialize(DEDirector.java:1338)
	at ptolemy.actor.CompositeActor.preinitialize(CompositeActor.java:1828)
	at ptolemy.actor.Manager.preinitializeAndResolveTypes(Manager.java:1040)
	at ptolemy.actor.Manager.initialize(Manager.java:710)
	at ptolemy.actor.Manager.execute(Manager.java:356)
	at ptolemy.actor.Manager.run(Manager.java:1263)
	at ptolemy.actor.Manager$PtolemyRunThread.run(Manager.java:1915)
java.lang.reflect.InvocationTargetException
	at sun.reflect.NativeConstructorAccessorImpl.newInstance0(Native Method)
	at sun.reflect.NativeConstructorAccessorImpl.newInstance(NativeConstructorAccessorImpl.java:62)
	at sun.reflect.DelegatingConstructorAccessorImpl.newInstance(DelegatingConstructorAccessorImpl.java:45)
	at java.lang.reflect.Constructor.newInstance(Constructor.java:423)
	at ptolemy.util.test.junit.AutoKnownFailedTests.RunModel(AutoKnownFailedTests.java:107)
	at sun.reflect.NativeMethodAccessorImpl.invoke0(Native Method)
	at sun.reflect.NativeMethodAccessorImpl.invoke(NativeMethodAccessorImpl.java:62)
	at sun.reflect.DelegatingMethodAccessorImpl.invoke(DelegatingMethodAccessorImpl.java:43)
	at java.lang.reflect.Method.invoke(Method.java:498)
	at org.junit.runners.model.FrameworkMethod$1.runReflectiveCall(FrameworkMethod.java:44)
	at org.junit.internal.runners.model.ReflectiveCallable.run(ReflectiveCallable.java:15)
	at org.junit.runners.model.FrameworkMethod.invokeExplosively(FrameworkMethod.java:41)
	at junitparams.internal.InvokeParameterisedMethod.evaluate(InvokeParameterisedMethod.java:102)
	at org.junit.internal.runners.statements.FailOnTimeout$1.run(FailOnTimeout.java:28)
Caused by: ptolemy.kernel.util.IllegalActionException: Found a zero delay loop containing .dependencyLoop.original
  in .dependencyLoop and .dependencyLoop.original
	at ptolemy.actor.util.CausalityInterfaceForComposites._computeOutputPortDepth(CausalityInterfaceForComposites.java:759)
	at ptolemy.actor.util.CausalityInterfaceForComposites._computeInputDepth(CausalityInterfaceForComposites.java:696)
	at ptolemy.actor.util.CausalityInterfaceForComposites._computeOutputPortDepth(CausalityInterfaceForComposites.java:765)
	at ptolemy.actor.util.CausalityInterfaceForComposites._computeInputDepth(CausalityInterfaceForComposites.java:696)
	at ptolemy.actor.util.CausalityInterfaceForComposites._computeOutputPortDepth(CausalityInterfaceForComposites.java:765)
	at ptolemy.actor.util.CausalityInterfaceForComposites._computeInputDepth(CausalityInterfaceForComposites.java:696)
	at ptolemy.actor.util.CausalityInterfaceForComposites._computeActorDepth(CausalityInterfaceForComposites.java:532)
	at ptolemy.actor.util.CausalityInterfaceForComposites.checkForCycles(CausalityInterfaceForComposites.java:96)
	at ptolemy.domains.de.kernel.DEDirector.preinitialize(DEDirector.java:1338)
	at ptolemy.actor.CompositeActor.preinitialize(CompositeActor.java:1828)
	at ptolemy.actor.Manager.preinitializeAndResolveTypes(Manager.java:1040)
	at ptolemy.actor.Manager.initialize(Manager.java:710)
	at ptolemy.actor.Manager.execute(Manager.java:356)
	at ptolemy.actor.Manager.run(Manager.java:1263)
	at ptolemy.actor.Manager$PtolemyRunThread.run(Manager.java:1915)
java.lang.RuntimeException: Execution failed
	at ptolemy.moml.MoMLSimpleApplication$UnloadThread.run(MoMLSimpleApplication.java:402)
Caused by: ptolemy.kernel.util.IllegalActionException: Found a zero delay loop containing .dependencyLoop2.original
  in .dependencyLoop2 and .dependencyLoop2.original
	at ptolemy.actor.util.CausalityInterfaceForComposites._computeOutputPortDepth(CausalityInterfaceForComposites.java:759)
	at ptolemy.actor.util.CausalityInterfaceForComposites._computeInputDepth(CausalityInterfaceForComposites.java:696)
	at ptolemy.actor.util.CausalityInterfaceForComposites._computeOutputPortDepth(CausalityInterfaceForComposites.java:765)
	at ptolemy.actor.util.CausalityInterfaceForComposites._computeInputDepth(CausalityInterfaceForComposites.java:696)
	at ptolemy.actor.util.CausalityInterfaceForComposites._computeOutputPortDepth(CausalityInterfaceForComposites.java:765)
	at ptolemy.actor.util.CausalityInterfaceForComposites._computeInputDepth(CausalityInterfaceForComposites.java:696)
	at ptolemy.actor.util.CausalityInterfaceForComposites._computeActorDepth(CausalityInterfaceForComposites.java:532)
	at ptolemy.actor.util.CausalityInterfaceForComposites.checkForCycles(CausalityInterfaceForComposites.java:96)
	at ptolemy.domains.de.kernel.DEDirector.preinitialize(DEDirector.java:1338)
	at ptolemy.actor.CompositeActor.preinitialize(CompositeActor.java:1828)
	at ptolemy.actor.Manager.preinitializeAndResolveTypes(Manager.java:1040)
	at ptolemy.actor.Manager.initialize(Manager.java:710)
	at ptolemy.actor.Manager.execute(Manager.java:356)
	at ptolemy.actor.Manager.run(Manager.java:1263)
	at ptolemy.actor.Manager$PtolemyRunThread.run(Manager.java:1915)
java.lang.reflect.InvocationTargetException
	at sun.reflect.NativeConstructorAccessorImpl.newInstance0(Native Method)
	at sun.reflect.NativeConstructorAccessorImpl.newInstance(NativeConstructorAccessorImpl.java:62)
	at sun.reflect.DelegatingConstructorAccessorImpl.newInstance(DelegatingConstructorAccessorImpl.java:45)
	at java.lang.reflect.Constructor.newInstance(Constructor.java:423)
	at ptolemy.util.test.junit.AutoKnownFailedTests.RunModel(AutoKnownFailedTests.java:107)
	at sun.reflect.NativeMethodAccessorImpl.invoke0(Native Method)
	at sun.reflect.NativeMethodAccessorImpl.invoke(NativeMethodAccessorImpl.java:62)
	at sun.reflect.DelegatingMethodAccessorImpl.invoke(DelegatingMethodAccessorImpl.java:43)
	at java.lang.reflect.Method.invoke(Method.java:498)
	at org.junit.runners.model.FrameworkMethod$1.runReflectiveCall(FrameworkMethod.java:44)
	at org.junit.internal.runners.model.ReflectiveCallable.run(ReflectiveCallable.java:15)
	at org.junit.runners.model.FrameworkMethod.invokeExplosively(FrameworkMethod.java:41)
	at junitparams.internal.InvokeParameterisedMethod.evaluate(InvokeParameterisedMethod.java:102)
	at org.junit.internal.runners.statements.FailOnTimeout$1.run(FailOnTimeout.java:28)
Caused by: ptolemy.kernel.util.IllegalActionException: Found a zero delay loop containing .dependencyLoop2.original
  in .dependencyLoop2 and .dependencyLoop2.original
	at ptolemy.actor.util.CausalityInterfaceForComposites._computeOutputPortDepth(CausalityInterfaceForComposites.java:759)
	at ptolemy.actor.util.CausalityInterfaceForComposites._computeInputDepth(CausalityInterfaceForComposites.java:696)
	at ptolemy.actor.util.CausalityInterfaceForComposites._computeOutputPortDepth(CausalityInterfaceForComposites.java:765)
	at ptolemy.actor.util.CausalityInterfaceForComposites._computeInputDepth(CausalityInterfaceForComposites.java:696)
	at ptolemy.actor.util.CausalityInterfaceForComposites._computeOutputPortDepth(CausalityInterfaceForComposites.java:765)
	at ptolemy.actor.util.CausalityInterfaceForComposites._computeInputDepth(CausalityInterfaceForComposites.java:696)
	at ptolemy.actor.util.CausalityInterfaceForComposites._computeActorDepth(CausalityInterfaceForComposites.java:532)
	at ptolemy.actor.util.CausalityInterfaceForComposites.checkForCycles(CausalityInterfaceForComposites.java:96)
	at ptolemy.domains.de.kernel.DEDirector.preinitialize(DEDirector.java:1338)
	at ptolemy.actor.CompositeActor.preinitialize(CompositeActor.java:1828)
	at ptolemy.actor.Manager.preinitializeAndResolveTypes(Manager.java:1040)
	at ptolemy.actor.Manager.initialize(Manager.java:710)
	at ptolemy.actor.Manager.execute(Manager.java:356)
	at ptolemy.actor.Manager.run(Manager.java:1263)
	at ptolemy.actor.Manager$PtolemyRunThread.run(Manager.java:1915)
]]></system-err>
</testsuite>
