<?xml version="1.0" encoding="UTF-8" ?>
<testsuite errors="0" failures="0" hostname="travis-job-c2b0946c-e40b-4c43-a338-f4596def1ad5" name="ptolemy.domains.sdf.lib.test.junit.JUnitTclTest" skipped="0" tests="82" time="10.271" timestamp="2019-11-03T06:32:46">
  <properties>
[...]
</properties>
  <testcase classname="ptolemy.util.test.junit.TclTests" name="[0] /home/travis/build/icyphy/ptII/ptolemy/domains/sdf/lib/test/ArrayToSequence.tcl (RunTclFile)" time="0.835" />
  <testcase classname="ptolemy.util.test.junit.TclTests" name="[1] /home/travis/build/icyphy/ptII/ptolemy/domains/sdf/lib/test/BitsToInt.tcl (RunTclFile)" time="0.063" />
  <testcase classname="ptolemy.util.test.junit.TclTests" name="[2] /home/travis/build/icyphy/ptII/ptolemy/domains/sdf/lib/test/DelayLine.tcl (RunTclFile)" time="0.029" />
  <testcase classname="ptolemy.util.test.junit.TclTests" name="[3] /home/travis/build/icyphy/ptII/ptolemy/domains/sdf/lib/test/FFT.tcl (RunTclFile)" time="0.055" />
  <testcase classname="ptolemy.util.test.junit.TclTests" name="[4] /home/travis/build/icyphy/ptII/ptolemy/domains/sdf/lib/test/FIR.tcl (RunTclFile)" time="0.282" />
  <testcase classname="ptolemy.util.test.junit.TclTests" name="[5] /home/travis/build/icyphy/ptII/ptolemy/domains/sdf/lib/test/IntToBits.tcl (RunTclFile)" time="0.079" />
  <testcase classname="ptolemy.util.test.junit.TclTests" name="[6] /home/travis/build/icyphy/ptII/ptolemy/domains/sdf/lib/test/MaximumEntropySpectrum.tcl (RunTclFile)" time="0.456" />
  <testcase classname="ptolemy.util.test.junit.TclTests" name="[7] /home/travis/build/icyphy/ptII/ptolemy/domains/sdf/lib/test/Repeat.tcl (RunTclFile)" time="0.101" />
  <testcase classname="ptolemy.util.test.junit.TclTests" name="[8] /home/travis/build/icyphy/ptII/ptolemy/domains/sdf/lib/test/SampleDelay.tcl (RunTclFile)" time="0.068" />
  <testcase classname="ptolemy.util.test.junit.TclTests" name="[9] /home/travis/build/icyphy/ptII/ptolemy/domains/sdf/lib/test/SequenceToArray.tcl (RunTclFile)" time="0.099" />
  <testcase classname="ptolemy.util.test.junit.AutoKnownFailedTests" name="[0] ThereAreNoKnowFailedTests (RunModel)" time="0.002" />
  <testcase classname="ptolemy.util.test.junit.AutoNameArchTests" name="[0] ThereAreNoAutoArchTests (RunModel)" time="0.003" />
  <testcase classname="ptolemy.util.test.junit.AutoTests" name="[0] /home/travis/build/icyphy/ptII/ptolemy/domains/sdf/lib/test/auto/ArrayToSequence.xml (RunModel)" time="0.248" />
  <testcase classname="ptolemy.util.test.junit.AutoTests" name="[1] /home/travis/build/icyphy/ptII/ptolemy/domains/sdf/lib/test/auto/ArrayToSequenceTest.xml (RunModel)" time="0.102" />
  <testcase classname="ptolemy.util.test.junit.AutoTests" name="[2] /home/travis/build/icyphy/ptII/ptolemy/domains/sdf/lib/test/auto/Autocorrelation.xml (RunModel)" time="0.085" />
  <testcase classname="ptolemy.util.test.junit.AutoTests" name="[3] /home/travis/build/icyphy/ptII/ptolemy/domains/sdf/lib/test/auto/Autocorrelation2.xml (RunModel)" time="0.088" />
  <testcase classname="ptolemy.util.test.junit.AutoTests" name="[4] /home/travis/build/icyphy/ptII/ptolemy/domains/sdf/lib/test/auto/Autocorrelation3.xml (RunModel)" time="0.071" />
  <testcase classname="ptolemy.util.test.junit.AutoTests" name="[5] /home/travis/build/icyphy/ptII/ptolemy/domains/sdf/lib/test/auto/Autocorrelation4.xml (RunModel)" time="0.05" />
  <testcase classname="ptolemy.util.test.junit.AutoTests" name="[6] /home/travis/build/icyphy/ptII/ptolemy/domains/sdf/lib/test/auto/Autocorrelation5.xml (RunModel)" time="0.123" />
  <testcase classname="ptolemy.util.test.junit.AutoTests" name="[7] /home/travis/build/icyphy/ptII/ptolemy/domains/sdf/lib/test/auto/BitsToInt.xml (RunModel)" time="0.03" />
  <testcase classname="ptolemy.util.test.junit.AutoTests" name="[8] /home/travis/build/icyphy/ptII/ptolemy/domains/sdf/lib/test/auto/BooleanJoin.xml (RunModel)" time="0.066" />
  <testcase classname="ptolemy.util.test.junit.AutoTests" name="[9] /home/travis/build/icyphy/ptII/ptolemy/domains/sdf/lib/test/auto/BootstrapSampleDelay.xml (RunModel)" time="0.063" />
  <testcase classname="ptolemy.util.test.junit.AutoTests" name="[10] /home/travis/build/icyphy/ptII/ptolemy/domains/sdf/lib/test/auto/Chop.xml (RunModel)" time="0.051" />
  <testcase classname="ptolemy.util.test.junit.AutoTests" name="[11] /home/travis/build/icyphy/ptII/ptolemy/domains/sdf/lib/test/auto/Chop2.xml (RunModel)" time="0.05" />
  <testcase classname="ptolemy.util.test.junit.AutoTests" name="[12] /home/travis/build/icyphy/ptII/ptolemy/domains/sdf/lib/test/auto/ComplexJoin.xml (RunModel)" time="0.047" />
  <testcase classname="ptolemy.util.test.junit.AutoTests" name="[13] /home/travis/build/icyphy/ptII/ptolemy/domains/sdf/lib/test/auto/CountTrues.xml (RunModel)" time="0.018" />
  <testcase classname="ptolemy.util.test.junit.AutoTests" name="[14] /home/travis/build/icyphy/ptII/ptolemy/domains/sdf/lib/test/auto/DelayLine.xml (RunModel)" time="0.037" />
  <testcase classname="ptolemy.util.test.junit.AutoTests" name="[15] /home/travis/build/icyphy/ptII/ptolemy/domains/sdf/lib/test/auto/DotProduct.xml (RunModel)" time="0.038" />
  <testcase classname="ptolemy.util.test.junit.AutoTests" name="[16] /home/travis/build/icyphy/ptII/ptolemy/domains/sdf/lib/test/auto/DotProductMatrix.xml (RunModel)" time="0.018" />
  <testcase classname="ptolemy.util.test.junit.AutoTests" name="[17] /home/travis/build/icyphy/ptII/ptolemy/domains/sdf/lib/test/auto/DownSample1.xml (RunModel)" time="0.022" />
  <testcase classname="ptolemy.util.test.junit.AutoTests" name="[18] /home/travis/build/icyphy/ptII/ptolemy/domains/sdf/lib/test/auto/DynamicRateChange.xml (RunModel)" time="0.028" />
  <testcase classname="ptolemy.util.test.junit.AutoTests" name="[19] /home/travis/build/icyphy/ptII/ptolemy/domains/sdf/lib/test/auto/DynamicRates.xml (RunModel)" time="0.042" />
  <testcase classname="ptolemy.util.test.junit.AutoTests" name="[20] /home/travis/build/icyphy/ptII/ptolemy/domains/sdf/lib/test/auto/FFT1.xml (RunModel)" time="0.042" />
  <testcase classname="ptolemy.util.test.junit.AutoTests" name="[21] /home/travis/build/icyphy/ptII/ptolemy/domains/sdf/lib/test/auto/FIR1.xml (RunModel)" time="0.06" />
  <testcase classname="ptolemy.util.test.junit.AutoTests" name="[22] /home/travis/build/icyphy/ptII/ptolemy/domains/sdf/lib/test/auto/FIR2.xml (RunModel)" time="0.024" />
  <testcase classname="ptolemy.util.test.junit.AutoTests" name="[23] /home/travis/build/icyphy/ptII/ptolemy/domains/sdf/lib/test/auto/FIR4.xml (RunModel)" time="0.044" />
  <testcase classname="ptolemy.util.test.junit.AutoTests" name="[24] /home/travis/build/icyphy/ptII/ptolemy/domains/sdf/lib/test/auto/FixJoin.xml (RunModel)" time="0.047" />
  <testcase classname="ptolemy.util.test.junit.AutoTests" name="[25] /home/travis/build/icyphy/ptII/ptolemy/domains/sdf/lib/test/auto/IntJoin1.xml (RunModel)" time="0.035" />
  <testcase classname="ptolemy.util.test.junit.AutoTests" name="[26] /home/travis/build/icyphy/ptII/ptolemy/domains/sdf/lib/test/auto/IntJoin2.xml (RunModel)" time="0.019" />
  <testcase classname="ptolemy.util.test.junit.AutoTests" name="[27] /home/travis/build/icyphy/ptII/ptolemy/domains/sdf/lib/test/auto/IntJoin3.xml (RunModel)" time="0.021" />
  <testcase classname="ptolemy.util.test.junit.AutoTests" name="[28] /home/travis/build/icyphy/ptII/ptolemy/domains/sdf/lib/test/auto/IntJoin4.xml (RunModel)" time="0.019" />
  <testcase classname="ptolemy.util.test.junit.AutoTests" name="[29] /home/travis/build/icyphy/ptII/ptolemy/domains/sdf/lib/test/auto/IntJoin5.xml (RunModel)" time="0.024" />
  <testcase classname="ptolemy.util.test.junit.AutoTests" name="[30] /home/travis/build/icyphy/ptII/ptolemy/domains/sdf/lib/test/auto/IntToBits.xml (RunModel)" time="0.032" />
  <testcase classname="ptolemy.util.test.junit.AutoTests" name="[31] /home/travis/build/icyphy/ptII/ptolemy/domains/sdf/lib/test/auto/LMSAdaptive.xml (RunModel)" time="0.066" />
  <testcase classname="ptolemy.util.test.junit.AutoTests" name="[32] /home/travis/build/icyphy/ptII/ptolemy/domains/sdf/lib/test/auto/LMSAdaptiveFIR.xml (RunModel)" time="0.367" />
  <testcase classname="ptolemy.util.test.junit.AutoTests" name="[33] /home/travis/build/icyphy/ptII/ptolemy/domains/sdf/lib/test/auto/LMSAdaptiveFIR2.xml (RunModel)" time="0.563" />
  <testcase classname="ptolemy.util.test.junit.AutoTests" name="[34] /home/travis/build/icyphy/ptII/ptolemy/domains/sdf/lib/test/auto/LongJoin.xml (RunModel)" time="0.049" />
  <testcase classname="ptolemy.util.test.junit.AutoTests" name="[35] /home/travis/build/icyphy/ptII/ptolemy/domains/sdf/lib/test/auto/Matrix1.xml (RunModel)" time="0.03" />
  <testcase classname="ptolemy.util.test.junit.AutoTests" name="[36] /home/travis/build/icyphy/ptII/ptolemy/domains/sdf/lib/test/auto/Matrix2.xml (RunModel)" time="0.028" />
  <testcase classname="ptolemy.util.test.junit.AutoTests" name="[37] /home/travis/build/icyphy/ptII/ptolemy/domains/sdf/lib/test/auto/MatrixJoin1.xml (RunModel)" time="0.025" />
  <testcase classname="ptolemy.util.test.junit.AutoTests" name="[38] /home/travis/build/icyphy/ptII/ptolemy/domains/sdf/lib/test/auto/MatrixJoin2.xml (RunModel)" time="0.026" />
  <testcase classname="ptolemy.util.test.junit.AutoTests" name="[39] /home/travis/build/icyphy/ptII/ptolemy/domains/sdf/lib/test/auto/MatrixJoin3.xml (RunModel)" time="0.029" />
  <testcase classname="ptolemy.util.test.junit.AutoTests" name="[40] /home/travis/build/icyphy/ptII/ptolemy/domains/sdf/lib/test/auto/MatrixJoin4.xml (RunModel)" time="0.02" />
  <testcase classname="ptolemy.util.test.junit.AutoTests" name="[41] /home/travis/build/icyphy/ptII/ptolemy/domains/sdf/lib/test/auto/MatrixJoin5.xml (RunModel)" time="0.026" />
  <testcase classname="ptolemy.util.test.junit.AutoTests" name="[42] /home/travis/build/icyphy/ptII/ptolemy/domains/sdf/lib/test/auto/MatrixSplit1.xml (RunModel)" time="0.026" />
  <testcase classname="ptolemy.util.test.junit.AutoTests" name="[43] /home/travis/build/icyphy/ptII/ptolemy/domains/sdf/lib/test/auto/MatrixSplit10.xml (RunModel)" time="0.015" />
  <testcase classname="ptolemy.util.test.junit.AutoTests" name="[44] /home/travis/build/icyphy/ptII/ptolemy/domains/sdf/lib/test/auto/MatrixSplit11.xml (RunModel)" time="0.014" />
  <testcase classname="ptolemy.util.test.junit.AutoTests" name="[45] /home/travis/build/icyphy/ptII/ptolemy/domains/sdf/lib/test/auto/MatrixSplit12.xml (RunModel)" time="0.019" />
  <testcase classname="ptolemy.util.test.junit.AutoTests" name="[46] /home/travis/build/icyphy/ptII/ptolemy/domains/sdf/lib/test/auto/MatrixSplit13.xml (RunModel)" time="0.017" />
  <testcase classname="ptolemy.util.test.junit.AutoTests" name="[47] /home/travis/build/icyphy/ptII/ptolemy/domains/sdf/lib/test/auto/MatrixSplit14.xml (RunModel)" time="0.023" />
  <testcase classname="ptolemy.util.test.junit.AutoTests" name="[48] /home/travis/build/icyphy/ptII/ptolemy/domains/sdf/lib/test/auto/MatrixSplit2.xml (RunModel)" time="0.018" />
  <testcase classname="ptolemy.util.test.junit.AutoTests" name="[49] /home/travis/build/icyphy/ptII/ptolemy/domains/sdf/lib/test/auto/MatrixSplit3.xml (RunModel)" time="0.019" />
  <testcase classname="ptolemy.util.test.junit.AutoTests" name="[50] /home/travis/build/icyphy/ptII/ptolemy/domains/sdf/lib/test/auto/MatrixSplit4.xml (RunModel)" time="0.02" />
  <testcase classname="ptolemy.util.test.junit.AutoTests" name="[51] /home/travis/build/icyphy/ptII/ptolemy/domains/sdf/lib/test/auto/MatrixSplit5.xml (RunModel)" time="0.025" />
  <testcase classname="ptolemy.util.test.junit.AutoTests" name="[52] /home/travis/build/icyphy/ptII/ptolemy/domains/sdf/lib/test/auto/MatrixSplit6.xml (RunModel)" time="0.023" />
  <testcase classname="ptolemy.util.test.junit.AutoTests" name="[53] /home/travis/build/icyphy/ptII/ptolemy/domains/sdf/lib/test/auto/MatrixSplit7.xml (RunModel)" time="0.018" />
  <testcase classname="ptolemy.util.test.junit.AutoTests" name="[54] /home/travis/build/icyphy/ptII/ptolemy/domains/sdf/lib/test/auto/MatrixSplit8.xml (RunModel)" time="0.019" />
  <testcase classname="ptolemy.util.test.junit.AutoTests" name="[55] /home/travis/build/icyphy/ptII/ptolemy/domains/sdf/lib/test/auto/MatrixSplit9.xml (RunModel)" time="0.033" />
  <testcase classname="ptolemy.util.test.junit.AutoTests" name="[56] /home/travis/build/icyphy/ptII/ptolemy/domains/sdf/lib/test/auto/MatrixToSequence.xml (RunModel)" time="0.043" />
  <testcase classname="ptolemy.util.test.junit.AutoTests" name="[57] /home/travis/build/icyphy/ptII/ptolemy/domains/sdf/lib/test/auto/MaximumEntropySpectrum.xml (RunModel)" time="0.095" />
  <testcase classname="ptolemy.util.test.junit.AutoTests" name="[58] /home/travis/build/icyphy/ptII/ptolemy/domains/sdf/lib/test/auto/SampleDelayConversion.xml (RunModel)" time="0.029" />
  <testcase classname="ptolemy.util.test.junit.AutoTests" name="[59] /home/travis/build/icyphy/ptII/ptolemy/domains/sdf/lib/test/auto/SequenceToArray.xml (RunModel)" time="0.076" />
  <testcase classname="ptolemy.util.test.junit.AutoTests" name="[60] /home/travis/build/icyphy/ptII/ptolemy/domains/sdf/lib/test/auto/SequenceToMatrix.xml (RunModel)" time="3.75" />
  <testcase classname="ptolemy.util.test.junit.AutoTests" name="[61] /home/travis/build/icyphy/ptII/ptolemy/domains/sdf/lib/test/auto/SmoothedPeriodogram.xml (RunModel)" time="0.092" />
  <testcase classname="ptolemy.util.test.junit.AutoTests" name="[62] /home/travis/build/icyphy/ptII/ptolemy/domains/sdf/lib/test/auto/UpDownSample1.xml (RunModel)" time="0.02" />
  <testcase classname="ptolemy.util.test.junit.AutoTests" name="[63] /home/travis/build/icyphy/ptII/ptolemy/domains/sdf/lib/test/auto/UpSample1.xml (RunModel)" time="0.011" />
  <testcase classname="ptolemy.util.test.junit.AutoTests" name="[64] /home/travis/build/icyphy/ptII/ptolemy/domains/sdf/lib/test/auto/VariableFIR.xml (RunModel)" time="0.021" />
  <testcase classname="ptolemy.util.test.junit.AutoTests" name="[65] /home/travis/build/icyphy/ptII/ptolemy/domains/sdf/lib/test/auto/VariableFIR2.xml (RunModel)" time="0.023" />
  <testcase classname="ptolemy.util.test.junit.AutoTests" name="[66] /home/travis/build/icyphy/ptII/ptolemy/domains/sdf/lib/test/auto/VariableLattice.xml (RunModel)" time="0.027" />
  <testcase classname="ptolemy.util.test.junit.AutoTests" name="[67] /home/travis/build/icyphy/ptII/ptolemy/domains/sdf/lib/test/auto/VariableLattice2.xml (RunModel)" time="0.022" />
  <testcase classname="ptolemy.util.test.junit.AutoTests" name="[68] /home/travis/build/icyphy/ptII/ptolemy/domains/sdf/lib/test/auto/VariableRecursiveLattice.xml (RunModel)" time="0.019" />
  <testcase classname="ptolemy.util.test.junit.AutoTests" name="[69] /home/travis/build/icyphy/ptII/ptolemy/domains/sdf/lib/test/auto/VariableRecursiveLattice2.xml (RunModel)" time="0.015" />
  <system-out><![CDATA[/home/travis/build/icyphy/ptII/ptolemy/domains/sdf/lib/test/ArrayToSequence.tcl
testDefs.tcl: setting time out to 9000 seconds at Sun Nov 03 06:32:46 UTC 2019
82 ms. Memory: 120832K Free: 87494K (72%)
28 ms. Memory: 120832K Free: 85446K (71%)
23 ms. Memory: 120832K Free: 83383K (69%)
37 ms. Memory: 120832K Free: 81864K (68%)
/home/travis/build/icyphy/ptII/ptolemy/domains/sdf/lib/test/BitsToInt.tcl
12 ms. Memory: 120832K Free: 80295K (66%)
11 ms. Memory: 120832K Free: 78247K (65%)
/home/travis/build/icyphy/ptII/ptolemy/domains/sdf/lib/test/DelayLine.tcl
10 ms. Memory: 120832K Free: 76744K (64%)
/home/travis/build/icyphy/ptII/ptolemy/domains/sdf/lib/test/FFT.tcl
21 ms. Memory: 120832K Free: 74696K (62%)
/home/travis/build/icyphy/ptII/ptolemy/domains/sdf/lib/test/FIR.tcl
32 ms. Memory: 120832K Free: 73158K (61%)
100 ms. Memory: 120832K Free: 68552K (57%)
ptolemy.kernel.util.IllegalActionException: multiplyReverse method not supported between ptolemy.data.FixToken 'fix(-0.0625,6,2)' and ptolemy.data.IntToken '1' because the types are incomparable.
  in .top.FIRclone
Because:
multiplyReverse method not supported between ptolemy.data.FixToken 'fix(-0.0625,6,2)' and ptolemy.data.IntToken '1' because the types are incomparable.
50 ms. Memory: 120832K Free: 66504K (55%)
/home/travis/build/icyphy/ptII/ptolemy/domains/sdf/lib/test/IntToBits.tcl
16 ms. Memory: 120832K Free: 64966K (54%)
14 ms. Memory: 120832K Free: 63432K (52%)
/home/travis/build/icyphy/ptII/ptolemy/domains/sdf/lib/test/MaximumEntropySpectrum.tcl
/home/travis/build/icyphy/ptII/ptolemy/domains/sdf/lib/test/Repeat.tcl
25 ms. Memory: 120832K Free: 104973K (87%)
/home/travis/build/icyphy/ptII/ptolemy/domains/sdf/lib/test/SampleDelay.tcl
7 ms. Memory: 120832K Free: 102925K (85%)
5 ms. Memory: 120832K Free: 102078K (84%)
4 ms. Memory: 120832K Free: 101308K (84%)
4 ms. Memory: 120832K Free: 100577K (83%)
3 ms. Memory: 120832K Free: 99992K (83%)
3 ms. Memory: 120832K Free: 99560K (82%)
/home/travis/build/icyphy/ptII/ptolemy/domains/sdf/lib/test/SequenceToArray.tcl
16 ms. Memory: 120832K Free: 97805K (81%)
17 ms. Memory: 120832K Free: 96966K (80%)
23 ms. Memory: 120832K Free: 95464K (79%)
9 ms. Memory: 120832K Free: 94440K (78%)
11/03/19 06:32:48
Failed: 0  Total Tests: 41  ((Passed: 41, Newly Passed: 0)  Known Failed: 0) /home/travis/build/icyphy/ptII/ptolemy/domains/sdf/lib/test
No auto/knownFailedTests/*.xml tests in /home/travis/build/icyphy/ptII/ptolemy/domains/sdf/lib/test
No auto/linux-amd64/*.xml tests in /home/travis/build/icyphy/ptII/ptolemy/domains/sdf/lib/test
AutoTests.java: About to close Vertx.
AutoTests.java: Vertx closed.

===========================================================================================
----------------- testing Sun Nov 03 06:32:49 UTC 2019 /home/travis/build/icyphy/ptII/ptolemy/domains/sdf/lib/test/auto/ArrayToSequence.xml
----------------- Instantiating /home/travis/build/icyphy/ptII/ptolemy/domains/sdf/lib/test/auto/ArrayToSequence.xml
22 ms. Memory: 159744K Free: 124299K (78%)
----------------- Invoking toplevel() on ptolemy.moml.MoMLSimpleApplication@7db28d1b
----------------- Done invoking toplevel() on ptolemy.moml.MoMLSimpleApplication@7db28d1b
reloadAllAccessors: .ArrayToSequence

===========================================================================================
----------------- testing Sun Nov 03 06:32:49 UTC 2019 /home/travis/build/icyphy/ptII/ptolemy/domains/sdf/lib/test/auto/ArrayToSequenceTest.xml
----------------- Instantiating /home/travis/build/icyphy/ptII/ptolemy/domains/sdf/lib/test/auto/ArrayToSequenceTest.xml
33 ms. Memory: 159744K Free: 118505K (74%)
----------------- Invoking toplevel() on ptolemy.moml.MoMLSimpleApplication@4e6d199f
----------------- Done invoking toplevel() on ptolemy.moml.MoMLSimpleApplication@4e6d199f
reloadAllAccessors: .ArrayToSequenceTest

===========================================================================================
----------------- testing Sun Nov 03 06:32:49 UTC 2019 /home/travis/build/icyphy/ptII/ptolemy/domains/sdf/lib/test/auto/Autocorrelation.xml
----------------- Instantiating /home/travis/build/icyphy/ptII/ptolemy/domains/sdf/lib/test/auto/Autocorrelation.xml
10 ms. Memory: 159744K Free: 114409K (72%)
----------------- Invoking toplevel() on ptolemy.moml.MoMLSimpleApplication@7eacdd94
----------------- Done invoking toplevel() on ptolemy.moml.MoMLSimpleApplication@7eacdd94
reloadAllAccessors: .Autocorrelation

===========================================================================================
----------------- testing Sun Nov 03 06:32:49 UTC 2019 /home/travis/build/icyphy/ptII/ptolemy/domains/sdf/lib/test/auto/Autocorrelation2.xml
----------------- Instantiating /home/travis/build/icyphy/ptII/ptolemy/domains/sdf/lib/test/auto/Autocorrelation2.xml
5 ms. Memory: 159744K Free: 109552K (69%)
----------------- Invoking toplevel() on ptolemy.moml.MoMLSimpleApplication@541735d9
----------------- Done invoking toplevel() on ptolemy.moml.MoMLSimpleApplication@541735d9
reloadAllAccessors: .Autocorrelation2

===========================================================================================
----------------- testing Sun Nov 03 06:32:49 UTC 2019 /home/travis/build/icyphy/ptII/ptolemy/domains/sdf/lib/test/auto/Autocorrelation3.xml
----------------- Instantiating /home/travis/build/icyphy/ptII/ptolemy/domains/sdf/lib/test/auto/Autocorrelation3.xml
7 ms. Memory: 159744K Free: 142831K (89%)
----------------- Invoking toplevel() on ptolemy.moml.MoMLSimpleApplication@6cdeee29
----------------- Done invoking toplevel() on ptolemy.moml.MoMLSimpleApplication@6cdeee29
reloadAllAccessors: .Autocorrelation3

===========================================================================================
----------------- testing Sun Nov 03 06:32:49 UTC 2019 /home/travis/build/icyphy/ptII/ptolemy/domains/sdf/lib/test/auto/Autocorrelation4.xml
----------------- Instantiating /home/travis/build/icyphy/ptII/ptolemy/domains/sdf/lib/test/auto/Autocorrelation4.xml
12 ms. Memory: 159744K Free: 138068K (86%)
----------------- Invoking toplevel() on ptolemy.moml.MoMLSimpleApplication@195aa5eb
----------------- Done invoking toplevel() on ptolemy.moml.MoMLSimpleApplication@195aa5eb
reloadAllAccessors: .Autocorrelation4

===========================================================================================
----------------- testing Sun Nov 03 06:32:49 UTC 2019 /home/travis/build/icyphy/ptII/ptolemy/domains/sdf/lib/test/auto/Autocorrelation5.xml
----------------- Instantiating /home/travis/build/icyphy/ptII/ptolemy/domains/sdf/lib/test/auto/Autocorrelation5.xml
55 ms. Memory: 159744K Free: 131212K (82%)
----------------- Invoking toplevel() on ptolemy.moml.MoMLSimpleApplication@16e55338
----------------- Done invoking toplevel() on ptolemy.moml.MoMLSimpleApplication@16e55338
reloadAllAccessors: .Autocorrelation5

===========================================================================================
----------------- testing Sun Nov 03 06:32:49 UTC 2019 /home/travis/build/icyphy/ptII/ptolemy/domains/sdf/lib/test/auto/BitsToInt.xml
----------------- Instantiating /home/travis/build/icyphy/ptII/ptolemy/domains/sdf/lib/test/auto/BitsToInt.xml
4 ms. Memory: 159744K Free: 127828K (80%)
----------------- Invoking toplevel() on ptolemy.moml.MoMLSimpleApplication@4878f2ed
----------------- Done invoking toplevel() on ptolemy.moml.MoMLSimpleApplication@4878f2ed
reloadAllAccessors: .BitsToInt

===========================================================================================
----------------- testing Sun Nov 03 06:32:49 UTC 2019 /home/travis/build/icyphy/ptII/ptolemy/domains/sdf/lib/test/auto/BooleanJoin.xml
----------------- Instantiating /home/travis/build/icyphy/ptII/ptolemy/domains/sdf/lib/test/auto/BooleanJoin.xml
10 ms. Memory: 159744K Free: 123020K (77%)
----------------- Invoking toplevel() on ptolemy.moml.MoMLSimpleApplication@df2037a
----------------- Done invoking toplevel() on ptolemy.moml.MoMLSimpleApplication@df2037a
reloadAllAccessors: .BooleanJoin

===========================================================================================
----------------- testing Sun Nov 03 06:32:49 UTC 2019 /home/travis/build/icyphy/ptII/ptolemy/domains/sdf/lib/test/auto/BootstrapSampleDelay.xml
----------------- Instantiating /home/travis/build/icyphy/ptII/ptolemy/domains/sdf/lib/test/auto/BootstrapSampleDelay.xml
12 ms. Memory: 159744K Free: 119279K (75%)
----------------- Invoking toplevel() on ptolemy.moml.MoMLSimpleApplication@44d81687
----------------- Done invoking toplevel() on ptolemy.moml.MoMLSimpleApplication@44d81687
reloadAllAccessors: .BootstrapSampleDelay

===========================================================================================
----------------- testing Sun Nov 03 06:32:50 UTC 2019 /home/travis/build/icyphy/ptII/ptolemy/domains/sdf/lib/test/auto/Chop.xml
----------------- Instantiating /home/travis/build/icyphy/ptII/ptolemy/domains/sdf/lib/test/auto/Chop.xml
10 ms. Memory: 159744K Free: 112468K (70%)
----------------- Invoking toplevel() on ptolemy.moml.MoMLSimpleApplication@7fd6ebe1
----------------- Done invoking toplevel() on ptolemy.moml.MoMLSimpleApplication@7fd6ebe1
reloadAllAccessors: .Chop

===========================================================================================
----------------- testing Sun Nov 03 06:32:50 UTC 2019 /home/travis/build/icyphy/ptII/ptolemy/domains/sdf/lib/test/auto/Chop2.xml
----------------- Instantiating /home/travis/build/icyphy/ptII/ptolemy/domains/sdf/lib/test/auto/Chop2.xml
12 ms. Memory: 159744K Free: 105566K (66%)
----------------- Invoking toplevel() on ptolemy.moml.MoMLSimpleApplication@79e7ec2f
----------------- Done invoking toplevel() on ptolemy.moml.MoMLSimpleApplication@79e7ec2f
reloadAllAccessors: .Chop2

===========================================================================================
----------------- testing Sun Nov 03 06:32:50 UTC 2019 /home/travis/build/icyphy/ptII/ptolemy/domains/sdf/lib/test/auto/ComplexJoin.xml
----------------- Instantiating /home/travis/build/icyphy/ptII/ptolemy/domains/sdf/lib/test/auto/ComplexJoin.xml
10 ms. Memory: 159744K Free: 101516K (64%)
----------------- Invoking toplevel() on ptolemy.moml.MoMLSimpleApplication@10e8f2e7
----------------- Done invoking toplevel() on ptolemy.moml.MoMLSimpleApplication@10e8f2e7
reloadAllAccessors: .ComplexJoin

===========================================================================================
----------------- testing Sun Nov 03 06:32:50 UTC 2019 /home/travis/build/icyphy/ptII/ptolemy/domains/sdf/lib/test/auto/CountTrues.xml
----------------- Instantiating /home/travis/build/icyphy/ptII/ptolemy/domains/sdf/lib/test/auto/CountTrues.xml
2 ms. Memory: 159744K Free: 98132K (61%)
----------------- Invoking toplevel() on ptolemy.moml.MoMLSimpleApplication@30ab0f78
----------------- Done invoking toplevel() on ptolemy.moml.MoMLSimpleApplication@30ab0f78
reloadAllAccessors: .CountTrues

===========================================================================================
----------------- testing Sun Nov 03 06:32:50 UTC 2019 /home/travis/build/icyphy/ptII/ptolemy/domains/sdf/lib/test/auto/DelayLine.xml
----------------- Instantiating /home/travis/build/icyphy/ptII/ptolemy/domains/sdf/lib/test/auto/DelayLine.xml
5 ms. Memory: 159744K Free: 93302K (58%)
----------------- Invoking toplevel() on ptolemy.moml.MoMLSimpleApplication@73b2d0f4
----------------- Done invoking toplevel() on ptolemy.moml.MoMLSimpleApplication@73b2d0f4
reloadAllAccessors: .DelayLine

===========================================================================================
----------------- testing Sun Nov 03 06:32:50 UTC 2019 /home/travis/build/icyphy/ptII/ptolemy/domains/sdf/lib/test/auto/DotProduct.xml
----------------- Instantiating /home/travis/build/icyphy/ptII/ptolemy/domains/sdf/lib/test/auto/DotProduct.xml
2 ms. Memory: 159744K Free: 143032K (90%)
----------------- Invoking toplevel() on ptolemy.moml.MoMLSimpleApplication@3938efe8
----------------- Done invoking toplevel() on ptolemy.moml.MoMLSimpleApplication@3938efe8
reloadAllAccessors: .DotProduct

===========================================================================================
----------------- testing Sun Nov 03 06:32:50 UTC 2019 /home/travis/build/icyphy/ptII/ptolemy/domains/sdf/lib/test/auto/DotProductMatrix.xml
----------------- Instantiating /home/travis/build/icyphy/ptII/ptolemy/domains/sdf/lib/test/auto/DotProductMatrix.xml
4 ms. Memory: 159744K Free: 139859K (88%)
----------------- Invoking toplevel() on ptolemy.moml.MoMLSimpleApplication@2b1d31b9
----------------- Done invoking toplevel() on ptolemy.moml.MoMLSimpleApplication@2b1d31b9
reloadAllAccessors: .DotProductMatrix

===========================================================================================
----------------- testing Sun Nov 03 06:32:50 UTC 2019 /home/travis/build/icyphy/ptII/ptolemy/domains/sdf/lib/test/auto/DownSample1.xml
----------------- Instantiating /home/travis/build/icyphy/ptII/ptolemy/domains/sdf/lib/test/auto/DownSample1.xml
5 ms. Memory: 159744K Free: 136739K (86%)
----------------- Invoking toplevel() on ptolemy.moml.MoMLSimpleApplication@4d4cc2d9
----------------- Done invoking toplevel() on ptolemy.moml.MoMLSimpleApplication@4d4cc2d9
reloadAllAccessors: .DownSample1

===========================================================================================
----------------- testing Sun Nov 03 06:32:50 UTC 2019 /home/travis/build/icyphy/ptII/ptolemy/domains/sdf/lib/test/auto/DynamicRateChange.xml
----------------- Instantiating /home/travis/build/icyphy/ptII/ptolemy/domains/sdf/lib/test/auto/DynamicRateChange.xml
7 ms. Memory: 159744K Free: 131135K (82%)
----------------- Invoking toplevel() on ptolemy.moml.MoMLSimpleApplication@37506b6a
----------------- Done invoking toplevel() on ptolemy.moml.MoMLSimpleApplication@37506b6a
reloadAllAccessors: .DynamicRateChange

===========================================================================================
----------------- testing Sun Nov 03 06:32:50 UTC 2019 /home/travis/build/icyphy/ptII/ptolemy/domains/sdf/lib/test/auto/DynamicRates.xml
----------------- Instantiating /home/travis/build/icyphy/ptII/ptolemy/domains/sdf/lib/test/auto/DynamicRates.xml
16 ms. Memory: 159744K Free: 125537K (79%)
----------------- Invoking toplevel() on ptolemy.moml.MoMLSimpleApplication@4d04640
----------------- Done invoking toplevel() on ptolemy.moml.MoMLSimpleApplication@4d04640
reloadAllAccessors: .DynamicRates

===========================================================================================
----------------- testing Sun Nov 03 06:32:50 UTC 2019 /home/travis/build/icyphy/ptII/ptolemy/domains/sdf/lib/test/auto/FFT1.xml
----------------- Instantiating /home/travis/build/icyphy/ptII/ptolemy/domains/sdf/lib/test/auto/FFT1.xml
12 ms. Memory: 159744K Free: 120893K (76%)
----------------- Invoking toplevel() on ptolemy.moml.MoMLSimpleApplication@5dde333
----------------- Done invoking toplevel() on ptolemy.moml.MoMLSimpleApplication@5dde333
reloadAllAccessors: .FFT1

===========================================================================================
----------------- testing Sun Nov 03 06:32:50 UTC 2019 /home/travis/build/icyphy/ptII/ptolemy/domains/sdf/lib/test/auto/FIR1.xml
----------------- Instantiating /home/travis/build/icyphy/ptII/ptolemy/domains/sdf/lib/test/auto/FIR1.xml
19 ms. Memory: 159744K Free: 113249K (71%)
----------------- Invoking toplevel() on ptolemy.moml.MoMLSimpleApplication@f04a8ad
----------------- Done invoking toplevel() on ptolemy.moml.MoMLSimpleApplication@f04a8ad
reloadAllAccessors: .FIR1

===========================================================================================
----------------- testing Sun Nov 03 06:32:50 UTC 2019 /home/travis/build/icyphy/ptII/ptolemy/domains/sdf/lib/test/auto/FIR2.xml
----------------- Instantiating /home/travis/build/icyphy/ptII/ptolemy/domains/sdf/lib/test/auto/FIR2.xml
3 ms. Memory: 159744K Free: 110139K (69%)
----------------- Invoking toplevel() on ptolemy.moml.MoMLSimpleApplication@2cc2364b
----------------- Done invoking toplevel() on ptolemy.moml.MoMLSimpleApplication@2cc2364b
reloadAllAccessors: .FIR2

===========================================================================================
----------------- testing Sun Nov 03 06:32:50 UTC 2019 /home/travis/build/icyphy/ptII/ptolemy/domains/sdf/lib/test/auto/FIR4.xml
----------------- Instantiating /home/travis/build/icyphy/ptII/ptolemy/domains/sdf/lib/test/auto/FIR4.xml
7 ms. Memory: 159744K Free: 102463K (64%)
----------------- Invoking toplevel() on ptolemy.moml.MoMLSimpleApplication@49614db2
----------------- Done invoking toplevel() on ptolemy.moml.MoMLSimpleApplication@49614db2
reloadAllAccessors: .FIR4

===========================================================================================
----------------- testing Sun Nov 03 06:32:50 UTC 2019 /home/travis/build/icyphy/ptII/ptolemy/domains/sdf/lib/test/auto/FixJoin.xml
----------------- Instantiating /home/travis/build/icyphy/ptII/ptolemy/domains/sdf/lib/test/auto/FixJoin.xml
4 ms. Memory: 159744K Free: 98329K (62%)
----------------- Invoking toplevel() on ptolemy.moml.MoMLSimpleApplication@75953e02
----------------- Done invoking toplevel() on ptolemy.moml.MoMLSimpleApplication@75953e02
reloadAllAccessors: .FixJoin

===========================================================================================
----------------- testing Sun Nov 03 06:32:50 UTC 2019 /home/travis/build/icyphy/ptII/ptolemy/domains/sdf/lib/test/auto/IntJoin1.xml
----------------- Instantiating /home/travis/build/icyphy/ptII/ptolemy/domains/sdf/lib/test/auto/IntJoin1.xml
6 ms. Memory: 159744K Free: 93209K (58%)
----------------- Invoking toplevel() on ptolemy.moml.MoMLSimpleApplication@3d5262eb
----------------- Done invoking toplevel() on ptolemy.moml.MoMLSimpleApplication@3d5262eb
reloadAllAccessors: .IntJoin1

===========================================================================================
----------------- testing Sun Nov 03 06:32:50 UTC 2019 /home/travis/build/icyphy/ptII/ptolemy/domains/sdf/lib/test/auto/IntJoin2.xml
----------------- Instantiating /home/travis/build/icyphy/ptII/ptolemy/domains/sdf/lib/test/auto/IntJoin2.xml
3 ms. Memory: 159744K Free: 89121K (56%)
----------------- Invoking toplevel() on ptolemy.moml.MoMLSimpleApplication@120d5c99
----------------- Done invoking toplevel() on ptolemy.moml.MoMLSimpleApplication@120d5c99
reloadAllAccessors: .IntJoin2

===========================================================================================
----------------- testing Sun Nov 03 06:32:50 UTC 2019 /home/travis/build/icyphy/ptII/ptolemy/domains/sdf/lib/test/auto/IntJoin3.xml
----------------- Instantiating /home/travis/build/icyphy/ptII/ptolemy/domains/sdf/lib/test/auto/IntJoin3.xml
2 ms. Memory: 159744K Free: 85025K (53%)
----------------- Invoking toplevel() on ptolemy.moml.MoMLSimpleApplication@427cee3e
----------------- Done invoking toplevel() on ptolemy.moml.MoMLSimpleApplication@427cee3e
reloadAllAccessors: .IntJoin3

===========================================================================================
----------------- testing Sun Nov 03 06:32:50 UTC 2019 /home/travis/build/icyphy/ptII/ptolemy/domains/sdf/lib/test/auto/IntJoin4.xml
----------------- Instantiating /home/travis/build/icyphy/ptII/ptolemy/domains/sdf/lib/test/auto/IntJoin4.xml
2 ms. Memory: 159744K Free: 80451K (50%)
----------------- Invoking toplevel() on ptolemy.moml.MoMLSimpleApplication@4448a2e2
----------------- Done invoking toplevel() on ptolemy.moml.MoMLSimpleApplication@4448a2e2
reloadAllAccessors: .IntJoin4

===========================================================================================
----------------- testing Sun Nov 03 06:32:50 UTC 2019 /home/travis/build/icyphy/ptII/ptolemy/domains/sdf/lib/test/auto/IntJoin5.xml
----------------- Instantiating /home/travis/build/icyphy/ptII/ptolemy/domains/sdf/lib/test/auto/IntJoin5.xml
6 ms. Memory: 159744K Free: 76346K (48%)
----------------- Invoking toplevel() on ptolemy.moml.MoMLSimpleApplication@639e627a
----------------- Done invoking toplevel() on ptolemy.moml.MoMLSimpleApplication@639e627a
reloadAllAccessors: .IntJoin5

===========================================================================================
----------------- testing Sun Nov 03 06:32:50 UTC 2019 /home/travis/build/icyphy/ptII/ptolemy/domains/sdf/lib/test/auto/IntToBits.xml
----------------- Instantiating /home/travis/build/icyphy/ptII/ptolemy/domains/sdf/lib/test/auto/IntToBits.xml
15 ms. Memory: 159744K Free: 144290K (90%)
----------------- Invoking toplevel() on ptolemy.moml.MoMLSimpleApplication@51840788
----------------- Done invoking toplevel() on ptolemy.moml.MoMLSimpleApplication@51840788
reloadAllAccessors: .IntToBits

===========================================================================================
----------------- testing Sun Nov 03 06:32:50 UTC 2019 /home/travis/build/icyphy/ptII/ptolemy/domains/sdf/lib/test/auto/LMSAdaptive.xml
----------------- Instantiating /home/travis/build/icyphy/ptII/ptolemy/domains/sdf/lib/test/auto/LMSAdaptive.xml
14 ms. Memory: 159744K Free: 135100K (85%)
----------------- Invoking toplevel() on ptolemy.moml.MoMLSimpleApplication@6f08e177
----------------- Done invoking toplevel() on ptolemy.moml.MoMLSimpleApplication@6f08e177
reloadAllAccessors: .LMSAdaptive

===========================================================================================
----------------- testing Sun Nov 03 06:32:50 UTC 2019 /home/travis/build/icyphy/ptII/ptolemy/domains/sdf/lib/test/auto/LMSAdaptiveFIR.xml
----------------- Instantiating /home/travis/build/icyphy/ptII/ptolemy/domains/sdf/lib/test/auto/LMSAdaptiveFIR.xml
296 ms. Memory: 159744K Free: 101337K (63%)
----------------- Invoking toplevel() on ptolemy.moml.MoMLSimpleApplication@30143cf8
----------------- Done invoking toplevel() on ptolemy.moml.MoMLSimpleApplication@30143cf8
reloadAllAccessors: .LMSAdaptiveFIR

===========================================================================================
----------------- testing Sun Nov 03 06:32:51 UTC 2019 /home/travis/build/icyphy/ptII/ptolemy/domains/sdf/lib/test/auto/LMSAdaptiveFIR2.xml
----------------- Instantiating /home/travis/build/icyphy/ptII/ptolemy/domains/sdf/lib/test/auto/LMSAdaptiveFIR2.xml
472 ms. Memory: 192512K Free: 150035K (78%)
----------------- Invoking toplevel() on ptolemy.moml.MoMLSimpleApplication@796aeadd
----------------- Done invoking toplevel() on ptolemy.moml.MoMLSimpleApplication@796aeadd
reloadAllAccessors: .LMSAdaptiveFIR2

===========================================================================================
----------------- testing Sun Nov 03 06:32:51 UTC 2019 /home/travis/build/icyphy/ptII/ptolemy/domains/sdf/lib/test/auto/LongJoin.xml
----------------- Instantiating /home/travis/build/icyphy/ptII/ptolemy/domains/sdf/lib/test/auto/LongJoin.xml
7 ms. Memory: 192512K Free: 145433K (76%)
----------------- Invoking toplevel() on ptolemy.moml.MoMLSimpleApplication@314fb558
----------------- Done invoking toplevel() on ptolemy.moml.MoMLSimpleApplication@314fb558
reloadAllAccessors: .LongJoin

===========================================================================================
----------------- testing Sun Nov 03 06:32:51 UTC 2019 /home/travis/build/icyphy/ptII/ptolemy/domains/sdf/lib/test/auto/Matrix1.xml
----------------- Instantiating /home/travis/build/icyphy/ptII/ptolemy/domains/sdf/lib/test/auto/Matrix1.xml
4 ms. Memory: 192512K Free: 141329K (73%)
----------------- Invoking toplevel() on ptolemy.moml.MoMLSimpleApplication@5ec24073
----------------- Done invoking toplevel() on ptolemy.moml.MoMLSimpleApplication@5ec24073
reloadAllAccessors: .Matrix1

===========================================================================================
----------------- testing Sun Nov 03 06:32:51 UTC 2019 /home/travis/build/icyphy/ptII/ptolemy/domains/sdf/lib/test/auto/Matrix2.xml
----------------- Instantiating /home/travis/build/icyphy/ptII/ptolemy/domains/sdf/lib/test/auto/Matrix2.xml
5 ms. Memory: 192512K Free: 137271K (71%)
----------------- Invoking toplevel() on ptolemy.moml.MoMLSimpleApplication@4cd4f6
----------------- Done invoking toplevel() on ptolemy.moml.MoMLSimpleApplication@4cd4f6
reloadAllAccessors: .Matrix2

===========================================================================================
----------------- testing Sun Nov 03 06:32:51 UTC 2019 /home/travis/build/icyphy/ptII/ptolemy/domains/sdf/lib/test/auto/MatrixJoin1.xml
----------------- Instantiating /home/travis/build/icyphy/ptII/ptolemy/domains/sdf/lib/test/auto/MatrixJoin1.xml
2 ms. Memory: 192512K Free: 133169K (69%)
----------------- Invoking toplevel() on ptolemy.moml.MoMLSimpleApplication@2d79b796
----------------- Done invoking toplevel() on ptolemy.moml.MoMLSimpleApplication@2d79b796
reloadAllAccessors: .MatrixJoin1

===========================================================================================
----------------- testing Sun Nov 03 06:32:51 UTC 2019 /home/travis/build/icyphy/ptII/ptolemy/domains/sdf/lib/test/auto/MatrixJoin2.xml
----------------- Instantiating /home/travis/build/icyphy/ptII/ptolemy/domains/sdf/lib/test/auto/MatrixJoin2.xml
4 ms. Memory: 192512K Free: 128506K (67%)
----------------- Invoking toplevel() on ptolemy.moml.MoMLSimpleApplication@358c9fbc
----------------- Done invoking toplevel() on ptolemy.moml.MoMLSimpleApplication@358c9fbc
reloadAllAccessors: .MatrixJoin2

===========================================================================================
----------------- testing Sun Nov 03 06:32:51 UTC 2019 /home/travis/build/icyphy/ptII/ptolemy/domains/sdf/lib/test/auto/MatrixJoin3.xml
----------------- Instantiating /home/travis/build/icyphy/ptII/ptolemy/domains/sdf/lib/test/auto/MatrixJoin3.xml
8 ms. Memory: 192512K Free: 123929K (64%)
----------------- Invoking toplevel() on ptolemy.moml.MoMLSimpleApplication@7601f21f
----------------- Done invoking toplevel() on ptolemy.moml.MoMLSimpleApplication@7601f21f
reloadAllAccessors: .MatrixJoin3

===========================================================================================
----------------- testing Sun Nov 03 06:32:51 UTC 2019 /home/travis/build/icyphy/ptII/ptolemy/domains/sdf/lib/test/auto/MatrixJoin4.xml
----------------- Instantiating /home/travis/build/icyphy/ptII/ptolemy/domains/sdf/lib/test/auto/MatrixJoin4.xml
5 ms. Memory: 192512K Free: 119849K (62%)
----------------- Invoking toplevel() on ptolemy.moml.MoMLSimpleApplication@ed990c1
----------------- Done invoking toplevel() on ptolemy.moml.MoMLSimpleApplication@ed990c1
reloadAllAccessors: .MatrixJoin4

===========================================================================================
----------------- testing Sun Nov 03 06:32:52 UTC 2019 /home/travis/build/icyphy/ptII/ptolemy/domains/sdf/lib/test/auto/MatrixJoin5.xml
----------------- Instantiating /home/travis/build/icyphy/ptII/ptolemy/domains/sdf/lib/test/auto/MatrixJoin5.xml
5 ms. Memory: 192512K Free: 114751K (60%)
----------------- Invoking toplevel() on ptolemy.moml.MoMLSimpleApplication@5ed049b3
----------------- Done invoking toplevel() on ptolemy.moml.MoMLSimpleApplication@5ed049b3
reloadAllAccessors: .MatrixJoin5

===========================================================================================
----------------- testing Sun Nov 03 06:32:52 UTC 2019 /home/travis/build/icyphy/ptII/ptolemy/domains/sdf/lib/test/auto/MatrixSplit1.xml
----------------- Instantiating /home/travis/build/icyphy/ptII/ptolemy/domains/sdf/lib/test/auto/MatrixSplit1.xml
3 ms. Memory: 192512K Free: 109593K (57%)
----------------- Invoking toplevel() on ptolemy.moml.MoMLSimpleApplication@72ceb4aa
----------------- Done invoking toplevel() on ptolemy.moml.MoMLSimpleApplication@72ceb4aa
reloadAllAccessors: .MatrixSplit1

===========================================================================================
----------------- testing Sun Nov 03 06:32:52 UTC 2019 /home/travis/build/icyphy/ptII/ptolemy/domains/sdf/lib/test/auto/MatrixSplit10.xml
----------------- Instantiating /home/travis/build/icyphy/ptII/ptolemy/domains/sdf/lib/test/auto/MatrixSplit10.xml
2 ms. Memory: 192512K Free: 106559K (55%)
----------------- Invoking toplevel() on ptolemy.moml.MoMLSimpleApplication@3d6d1c9f
----------------- Done invoking toplevel() on ptolemy.moml.MoMLSimpleApplication@3d6d1c9f
reloadAllAccessors: .MatrixSplit10

===========================================================================================
----------------- testing Sun Nov 03 06:32:52 UTC 2019 /home/travis/build/icyphy/ptII/ptolemy/domains/sdf/lib/test/auto/MatrixSplit11.xml
----------------- Instantiating /home/travis/build/icyphy/ptII/ptolemy/domains/sdf/lib/test/auto/MatrixSplit11.xml
2 ms. Memory: 192512K Free: 103046K (54%)
----------------- Invoking toplevel() on ptolemy.moml.MoMLSimpleApplication@31bd16ad
----------------- Done invoking toplevel() on ptolemy.moml.MoMLSimpleApplication@31bd16ad
reloadAllAccessors: .MatrixSplit11

===========================================================================================
----------------- testing Sun Nov 03 06:32:52 UTC 2019 /home/travis/build/icyphy/ptII/ptolemy/domains/sdf/lib/test/auto/MatrixSplit12.xml
----------------- Instantiating /home/travis/build/icyphy/ptII/ptolemy/domains/sdf/lib/test/auto/MatrixSplit12.xml
3 ms. Memory: 192512K Free: 99361K (52%)
----------------- Invoking toplevel() on ptolemy.moml.MoMLSimpleApplication@67ec1315
----------------- Done invoking toplevel() on ptolemy.moml.MoMLSimpleApplication@67ec1315
reloadAllAccessors: .MatrixSplit12

===========================================================================================
----------------- testing Sun Nov 03 06:32:52 UTC 2019 /home/travis/build/icyphy/ptII/ptolemy/domains/sdf/lib/test/auto/MatrixSplit13.xml
----------------- Instantiating /home/travis/build/icyphy/ptII/ptolemy/domains/sdf/lib/test/auto/MatrixSplit13.xml
2 ms. Memory: 192512K Free: 95295K (50%)
----------------- Invoking toplevel() on ptolemy.moml.MoMLSimpleApplication@1ee70dfe
----------------- Done invoking toplevel() on ptolemy.moml.MoMLSimpleApplication@1ee70dfe
reloadAllAccessors: .MatrixSplit13

===========================================================================================
----------------- testing Sun Nov 03 06:32:52 UTC 2019 /home/travis/build/icyphy/ptII/ptolemy/domains/sdf/lib/test/auto/MatrixSplit14.xml
----------------- Instantiating /home/travis/build/icyphy/ptII/ptolemy/domains/sdf/lib/test/auto/MatrixSplit14.xml
3 ms. Memory: 192512K Free: 91745K (48%)
----------------- Invoking toplevel() on ptolemy.moml.MoMLSimpleApplication@5bedec7e
----------------- Done invoking toplevel() on ptolemy.moml.MoMLSimpleApplication@5bedec7e
reloadAllAccessors: .MatrixSplit14

===========================================================================================
----------------- testing Sun Nov 03 06:32:52 UTC 2019 /home/travis/build/icyphy/ptII/ptolemy/domains/sdf/lib/test/auto/MatrixSplit2.xml
----------------- Instantiating /home/travis/build/icyphy/ptII/ptolemy/domains/sdf/lib/test/auto/MatrixSplit2.xml
3 ms. Memory: 192512K Free: 88681K (46%)
----------------- Invoking toplevel() on ptolemy.moml.MoMLSimpleApplication@39adb47e
----------------- Done invoking toplevel() on ptolemy.moml.MoMLSimpleApplication@39adb47e
reloadAllAccessors: .MatrixSplit2

===========================================================================================
----------------- testing Sun Nov 03 06:32:52 UTC 2019 /home/travis/build/icyphy/ptII/ptolemy/domains/sdf/lib/test/auto/MatrixSplit3.xml
----------------- Instantiating /home/travis/build/icyphy/ptII/ptolemy/domains/sdf/lib/test/auto/MatrixSplit3.xml
2 ms. Memory: 192512K Free: 173960K (90%)
----------------- Invoking toplevel() on ptolemy.moml.MoMLSimpleApplication@505ed3f5
----------------- Done invoking toplevel() on ptolemy.moml.MoMLSimpleApplication@505ed3f5
reloadAllAccessors: .MatrixSplit3

===========================================================================================
----------------- testing Sun Nov 03 06:32:52 UTC 2019 /home/travis/build/icyphy/ptII/ptolemy/domains/sdf/lib/test/auto/MatrixSplit4.xml
----------------- Instantiating /home/travis/build/icyphy/ptII/ptolemy/domains/sdf/lib/test/auto/MatrixSplit4.xml
4 ms. Memory: 192512K Free: 170378K (89%)
----------------- Invoking toplevel() on ptolemy.moml.MoMLSimpleApplication@68fddc37
----------------- Done invoking toplevel() on ptolemy.moml.MoMLSimpleApplication@68fddc37
reloadAllAccessors: .MatrixSplit4

===========================================================================================
----------------- testing Sun Nov 03 06:32:52 UTC 2019 /home/travis/build/icyphy/ptII/ptolemy/domains/sdf/lib/test/auto/MatrixSplit5.xml
----------------- Instantiating /home/travis/build/icyphy/ptII/ptolemy/domains/sdf/lib/test/auto/MatrixSplit5.xml
8 ms. Memory: 192512K Free: 167306K (87%)
----------------- Invoking toplevel() on ptolemy.moml.MoMLSimpleApplication@4e2493fe
----------------- Done invoking toplevel() on ptolemy.moml.MoMLSimpleApplication@4e2493fe
reloadAllAccessors: .MatrixSplit5

===========================================================================================
----------------- testing Sun Nov 03 06:32:52 UTC 2019 /home/travis/build/icyphy/ptII/ptolemy/domains/sdf/lib/test/auto/MatrixSplit6.xml
----------------- Instantiating /home/travis/build/icyphy/ptII/ptolemy/domains/sdf/lib/test/auto/MatrixSplit6.xml
3 ms. Memory: 192512K Free: 163720K (85%)
----------------- Invoking toplevel() on ptolemy.moml.MoMLSimpleApplication@46017768
----------------- Done invoking toplevel() on ptolemy.moml.MoMLSimpleApplication@46017768
reloadAllAccessors: .MatrixSplit6

===========================================================================================
----------------- testing Sun Nov 03 06:32:52 UTC 2019 /home/travis/build/icyphy/ptII/ptolemy/domains/sdf/lib/test/auto/MatrixSplit7.xml
----------------- Instantiating /home/travis/build/icyphy/ptII/ptolemy/domains/sdf/lib/test/auto/MatrixSplit7.xml
3 ms. Memory: 192512K Free: 160138K (83%)
----------------- Invoking toplevel() on ptolemy.moml.MoMLSimpleApplication@55fe3e42
----------------- Done invoking toplevel() on ptolemy.moml.MoMLSimpleApplication@55fe3e42
reloadAllAccessors: .MatrixSplit7

===========================================================================================
----------------- testing Sun Nov 03 06:32:52 UTC 2019 /home/travis/build/icyphy/ptII/ptolemy/domains/sdf/lib/test/auto/MatrixSplit8.xml
----------------- Instantiating /home/travis/build/icyphy/ptII/ptolemy/domains/sdf/lib/test/auto/MatrixSplit8.xml
2 ms. Memory: 192512K Free: 156552K (81%)
----------------- Invoking toplevel() on ptolemy.moml.MoMLSimpleApplication@3fc3cfaa
----------------- Done invoking toplevel() on ptolemy.moml.MoMLSimpleApplication@3fc3cfaa
reloadAllAccessors: .MatrixSplit8

===========================================================================================
----------------- testing Sun Nov 03 06:32:52 UTC 2019 /home/travis/build/icyphy/ptII/ptolemy/domains/sdf/lib/test/auto/MatrixSplit9.xml
----------------- Instantiating /home/travis/build/icyphy/ptII/ptolemy/domains/sdf/lib/test/auto/MatrixSplit9.xml
4 ms. Memory: 192512K Free: 152970K (79%)
----------------- Invoking toplevel() on ptolemy.moml.MoMLSimpleApplication@58089c4d
----------------- Done invoking toplevel() on ptolemy.moml.MoMLSimpleApplication@58089c4d
reloadAllAccessors: .MatrixSplit9

===========================================================================================
----------------- testing Sun Nov 03 06:32:52 UTC 2019 /home/travis/build/icyphy/ptII/ptolemy/domains/sdf/lib/test/auto/MatrixToSequence.xml
----------------- Instantiating /home/travis/build/icyphy/ptII/ptolemy/domains/sdf/lib/test/auto/MatrixToSequence.xml
14 ms. Memory: 192512K Free: 143754K (75%)
----------------- Invoking toplevel() on ptolemy.moml.MoMLSimpleApplication@21f10096
----------------- Done invoking toplevel() on ptolemy.moml.MoMLSimpleApplication@21f10096
reloadAllAccessors: .MatrixToSequence

===========================================================================================
----------------- testing Sun Nov 03 06:32:52 UTC 2019 /home/travis/build/icyphy/ptII/ptolemy/domains/sdf/lib/test/auto/MaximumEntropySpectrum.xml
----------------- Instantiating /home/travis/build/icyphy/ptII/ptolemy/domains/sdf/lib/test/auto/MaximumEntropySpectrum.xml
10 ms. Memory: 192512K Free: 122760K (64%)
----------------- Invoking toplevel() on ptolemy.moml.MoMLSimpleApplication@43ef6df
----------------- Done invoking toplevel() on ptolemy.moml.MoMLSimpleApplication@43ef6df
reloadAllAccessors: .MaximumEntropySpectrum

===========================================================================================
----------------- testing Sun Nov 03 06:32:52 UTC 2019 /home/travis/build/icyphy/ptII/ptolemy/domains/sdf/lib/test/auto/SampleDelayConversion.xml
----------------- Instantiating /home/travis/build/icyphy/ptII/ptolemy/domains/sdf/lib/test/auto/SampleDelayConversion.xml
6 ms. Memory: 192512K Free: 118664K (62%)
----------------- Invoking toplevel() on ptolemy.moml.MoMLSimpleApplication@649e8128
----------------- Done invoking toplevel() on ptolemy.moml.MoMLSimpleApplication@649e8128
reloadAllAccessors: .SampleDelayConversion

===========================================================================================
----------------- testing Sun Nov 03 06:32:52 UTC 2019 /home/travis/build/icyphy/ptII/ptolemy/domains/sdf/lib/test/auto/SequenceToArray.xml
----------------- Instantiating /home/travis/build/icyphy/ptII/ptolemy/domains/sdf/lib/test/auto/SequenceToArray.xml
18 ms. Memory: 192512K Free: 107370K (56%)
----------------- Invoking toplevel() on ptolemy.moml.MoMLSimpleApplication@670beff4
----------------- Done invoking toplevel() on ptolemy.moml.MoMLSimpleApplication@670beff4
reloadAllAccessors: .SequenceToArray

===========================================================================================
----------------- testing Sun Nov 03 06:32:52 UTC 2019 /home/travis/build/icyphy/ptII/ptolemy/domains/sdf/lib/test/auto/SequenceToMatrix.xml
----------------- Instantiating /home/travis/build/icyphy/ptII/ptolemy/domains/sdf/lib/test/auto/SequenceToMatrix.xml
3715 ms. Memory: 192512K Free: 71808K (37%)
----------------- Invoking toplevel() on ptolemy.moml.MoMLSimpleApplication@69782960
----------------- Done invoking toplevel() on ptolemy.moml.MoMLSimpleApplication@69782960
reloadAllAccessors: .SequenceToMatrix

===========================================================================================
----------------- testing Sun Nov 03 06:32:56 UTC 2019 /home/travis/build/icyphy/ptII/ptolemy/domains/sdf/lib/test/auto/SmoothedPeriodogram.xml
----------------- Instantiating /home/travis/build/icyphy/ptII/ptolemy/domains/sdf/lib/test/auto/SmoothedPeriodogram.xml
11 ms. Memory: 192512K Free: 168061K (87%)
----------------- Invoking toplevel() on ptolemy.moml.MoMLSimpleApplication@5a608505
----------------- Done invoking toplevel() on ptolemy.moml.MoMLSimpleApplication@5a608505
reloadAllAccessors: .SmoothedPeriodogram

===========================================================================================
----------------- testing Sun Nov 03 06:32:56 UTC 2019 /home/travis/build/icyphy/ptII/ptolemy/domains/sdf/lib/test/auto/UpDownSample1.xml
----------------- Instantiating /home/travis/build/icyphy/ptII/ptolemy/domains/sdf/lib/test/auto/UpDownSample1.xml
2 ms. Memory: 192512K Free: 163965K (85%)
----------------- Invoking toplevel() on ptolemy.moml.MoMLSimpleApplication@176ef012
----------------- Done invoking toplevel() on ptolemy.moml.MoMLSimpleApplication@176ef012
reloadAllAccessors: .UpDownSample1

===========================================================================================
----------------- testing Sun Nov 03 06:32:56 UTC 2019 /home/travis/build/icyphy/ptII/ptolemy/domains/sdf/lib/test/auto/UpSample1.xml
----------------- Instantiating /home/travis/build/icyphy/ptII/ptolemy/domains/sdf/lib/test/auto/UpSample1.xml
2 ms. Memory: 192512K Free: 160379K (83%)
----------------- Invoking toplevel() on ptolemy.moml.MoMLSimpleApplication@1476928e
----------------- Done invoking toplevel() on ptolemy.moml.MoMLSimpleApplication@1476928e
reloadAllAccessors: .UpSample1

===========================================================================================
----------------- testing Sun Nov 03 06:32:56 UTC 2019 /home/travis/build/icyphy/ptII/ptolemy/domains/sdf/lib/test/auto/VariableFIR.xml
----------------- Instantiating /home/travis/build/icyphy/ptII/ptolemy/domains/sdf/lib/test/auto/VariableFIR.xml
4 ms. Memory: 192512K Free: 155259K (81%)
----------------- Invoking toplevel() on ptolemy.moml.MoMLSimpleApplication@2e6760b4
----------------- Done invoking toplevel() on ptolemy.moml.MoMLSimpleApplication@2e6760b4
reloadAllAccessors: .VariableFIR

===========================================================================================
----------------- testing Sun Nov 03 06:32:56 UTC 2019 /home/travis/build/icyphy/ptII/ptolemy/domains/sdf/lib/test/auto/VariableFIR2.xml
----------------- Instantiating /home/travis/build/icyphy/ptII/ptolemy/domains/sdf/lib/test/auto/VariableFIR2.xml
4 ms. Memory: 192512K Free: 150109K (78%)
----------------- Invoking toplevel() on ptolemy.moml.MoMLSimpleApplication@2c20b676
----------------- Done invoking toplevel() on ptolemy.moml.MoMLSimpleApplication@2c20b676
reloadAllAccessors: .VariableFIR2

===========================================================================================
----------------- testing Sun Nov 03 06:32:56 UTC 2019 /home/travis/build/icyphy/ptII/ptolemy/domains/sdf/lib/test/auto/VariableLattice.xml
----------------- Instantiating /home/travis/build/icyphy/ptII/ptolemy/domains/sdf/lib/test/auto/VariableLattice.xml
4 ms. Memory: 192512K Free: 143995K (75%)
----------------- Invoking toplevel() on ptolemy.moml.MoMLSimpleApplication@77d01d2d
----------------- Done invoking toplevel() on ptolemy.moml.MoMLSimpleApplication@77d01d2d
reloadAllAccessors: .VariableLattice

===========================================================================================
----------------- testing Sun Nov 03 06:32:56 UTC 2019 /home/travis/build/icyphy/ptII/ptolemy/domains/sdf/lib/test/auto/VariableLattice2.xml
----------------- Instantiating /home/travis/build/icyphy/ptII/ptolemy/domains/sdf/lib/test/auto/VariableLattice2.xml
1.0
-1.999999602036
1.9099998677481
-0.9099996420674
0.205
0.0
0.0
1.0
-0.25
-0.5
0.0
0.0
0.0
0.0
4 ms. Memory: 192512K Free: 139389K (72%)
----------------- Invoking toplevel() on ptolemy.moml.MoMLSimpleApplication@3be5644a
----------------- Done invoking toplevel() on ptolemy.moml.MoMLSimpleApplication@3be5644a
reloadAllAccessors: .VariableLattice2

===========================================================================================
----------------- testing Sun Nov 03 06:32:56 UTC 2019 /home/travis/build/icyphy/ptII/ptolemy/domains/sdf/lib/test/auto/VariableRecursiveLattice.xml
----------------- Instantiating /home/travis/build/icyphy/ptII/ptolemy/domains/sdf/lib/test/auto/VariableRecursiveLattice.xml
4 ms. Memory: 192512K Free: 134779K (70%)
----------------- Invoking toplevel() on ptolemy.moml.MoMLSimpleApplication@38e6f02a
----------------- Done invoking toplevel() on ptolemy.moml.MoMLSimpleApplication@38e6f02a
reloadAllAccessors: .VariableRecursiveLattice

===========================================================================================
----------------- testing Sun Nov 03 06:32:56 UTC 2019 /home/travis/build/icyphy/ptII/ptolemy/domains/sdf/lib/test/auto/VariableRecursiveLattice2.xml
----------------- Instantiating /home/travis/build/icyphy/ptII/ptolemy/domains/sdf/lib/test/auto/VariableRecursiveLattice2.xml
3 ms. Memory: 192512K Free: 130683K (68%)
----------------- Invoking toplevel() on ptolemy.moml.MoMLSimpleApplication@5bc88317
----------------- Done invoking toplevel() on ptolemy.moml.MoMLSimpleApplication@5bc88317
reloadAllAccessors: .VariableRecursiveLattice2
AutoTests.java: About to close Vertx.
AutoTests.java: Vertx closed.
]]></system-out>
  <system-err><![CDATA[]]></system-err>
</testsuite>
