<?xml version="1.0" encoding="UTF-8" ?>
<testsuite errors="0" failures="0" hostname="travis-job-a76e2db1-cbfb-46ae-95eb-b83470d1cf7a" name="ptolemy.domains.continuous.test.junit.JUnitTclTest" skipped="0" tests="156" time="70.89" timestamp="2019-12-26T06:28:41">
  <properties>
[...]
</properties>
  <testcase classname="ptolemy.util.test.junit.TclTests" name="[0] ThereAreNoTclTests (RunTclFile)" time="0.008" />
  <testcase classname="ptolemy.util.test.junit.AutoKnownFailedTests" name="[0] ThereAreNoKnowFailedTests (RunModel)" time="0.01" />
  <testcase classname="ptolemy.util.test.junit.AutoNameArchTests" name="[0] ThereAreNoAutoArchTests (RunModel)" time="0.024" />
  <testcase classname="ptolemy.util.test.junit.AutoTests" name="[0] /home/travis/build/icyphy/ptII/ptolemy/domains/continuous/test/auto/BouncingBall.xml (RunModel)" time="3.1" />
  <testcase classname="ptolemy.util.test.junit.AutoTests" name="[1] /home/travis/build/icyphy/ptII/ptolemy/domains/continuous/test/auto/BouncingBallWithoutGR.xml (RunModel)" time="0.887" />
  <testcase classname="ptolemy.util.test.junit.AutoTests" name="[2] /home/travis/build/icyphy/ptII/ptolemy/domains/continuous/test/auto/Brownian.xml (RunModel)" time="0.089" />
  <testcase classname="ptolemy.util.test.junit.AutoTests" name="[3] /home/travis/build/icyphy/ptII/ptolemy/domains/continuous/test/auto/CarTracking.xml (RunModel)" time="4.28" />
  <testcase classname="ptolemy.util.test.junit.AutoTests" name="[4] /home/travis/build/icyphy/ptII/ptolemy/domains/continuous/test/auto/CartPendulum.xml (RunModel)" time="0.484" />
  <testcase classname="ptolemy.util.test.junit.AutoTests" name="[5] /home/travis/build/icyphy/ptII/ptolemy/domains/continuous/test/auto/CausalityInterface10.xml (RunModel)" time="0.066" />
  <testcase classname="ptolemy.util.test.junit.AutoTests" name="[6] /home/travis/build/icyphy/ptII/ptolemy/domains/continuous/test/auto/CausalityInterface11.xml (RunModel)" time="0.03" />
  <testcase classname="ptolemy.util.test.junit.AutoTests" name="[7] /home/travis/build/icyphy/ptII/ptolemy/domains/continuous/test/auto/CausalityInterface12.xml (RunModel)" time="0.03" />
  <testcase classname="ptolemy.util.test.junit.AutoTests" name="[8] /home/travis/build/icyphy/ptII/ptolemy/domains/continuous/test/auto/CausalityInterface13.xml (RunModel)" time="0.032" />
  <testcase classname="ptolemy.util.test.junit.AutoTests" name="[9] /home/travis/build/icyphy/ptII/ptolemy/domains/continuous/test/auto/CausalityInterface14.xml (RunModel)" time="0.025" />
  <testcase classname="ptolemy.util.test.junit.AutoTests" name="[10] /home/travis/build/icyphy/ptII/ptolemy/domains/continuous/test/auto/CausalityInterface4.xml (RunModel)" time="0.038" />
  <testcase classname="ptolemy.util.test.junit.AutoTests" name="[11] /home/travis/build/icyphy/ptII/ptolemy/domains/continuous/test/auto/CausalityInterface5.xml (RunModel)" time="0.038" />
  <testcase classname="ptolemy.util.test.junit.AutoTests" name="[12] /home/travis/build/icyphy/ptII/ptolemy/domains/continuous/test/auto/CausalityInterface6.xml (RunModel)" time="0.02" />
  <testcase classname="ptolemy.util.test.junit.AutoTests" name="[13] /home/travis/build/icyphy/ptII/ptolemy/domains/continuous/test/auto/CausalityInterface7.xml (RunModel)" time="0.033" />
  <testcase classname="ptolemy.util.test.junit.AutoTests" name="[14] /home/travis/build/icyphy/ptII/ptolemy/domains/continuous/test/auto/CausalityInterface8.xml (RunModel)" time="0.034" />
  <testcase classname="ptolemy.util.test.junit.AutoTests" name="[15] /home/travis/build/icyphy/ptII/ptolemy/domains/continuous/test/auto/CausalityInterface9.xml (RunModel)" time="0.035" />
  <testcase classname="ptolemy.util.test.junit.AutoTests" name="[16] /home/travis/build/icyphy/ptII/ptolemy/domains/continuous/test/auto/CausalityInterfaceFeedback1.xml (RunModel)" time="0.022" />
  <testcase classname="ptolemy.util.test.junit.AutoTests" name="[17] /home/travis/build/icyphy/ptII/ptolemy/domains/continuous/test/auto/CausalityInterfaceFeedback2.xml (RunModel)" time="0.024" />
  <testcase classname="ptolemy.util.test.junit.AutoTests" name="[18] /home/travis/build/icyphy/ptII/ptolemy/domains/continuous/test/auto/CompareWithCurrentTime.xml (RunModel)" time="0.015" />
  <testcase classname="ptolemy.util.test.junit.AutoTests" name="[19] /home/travis/build/icyphy/ptII/ptolemy/domains/continuous/test/auto/ComparedClocks.xml (RunModel)" time="0.079" />
  <testcase classname="ptolemy.util.test.junit.AutoTests" name="[20] /home/travis/build/icyphy/ptII/ptolemy/domains/continuous/test/auto/ContinuousAOCClone.xml (RunModel)" time="2.776" />
  <testcase classname="ptolemy.util.test.junit.AutoTests" name="[21] /home/travis/build/icyphy/ptII/ptolemy/domains/continuous/test/auto/ContinuousClock.xml (RunModel)" time="0.085" />
  <testcase classname="ptolemy.util.test.junit.AutoTests" name="[22] /home/travis/build/icyphy/ptII/ptolemy/domains/continuous/test/auto/ContinuousInContinuous.xml (RunModel)" time="0.101" />
  <testcase classname="ptolemy.util.test.junit.AutoTests" name="[23] /home/travis/build/icyphy/ptII/ptolemy/domains/continuous/test/auto/ContinuousInContinuousInContinuous.xml (RunModel)" time="0.026" />
  <testcase classname="ptolemy.util.test.junit.AutoTests" name="[24] /home/travis/build/icyphy/ptII/ptolemy/domains/continuous/test/auto/ContinuousInDE.xml (RunModel)" time="0.089" />
  <testcase classname="ptolemy.util.test.junit.AutoTests" name="[25] /home/travis/build/icyphy/ptII/ptolemy/domains/continuous/test/auto/ContinuousInDE2.xml (RunModel)" time="0.058" />
  <testcase classname="ptolemy.util.test.junit.AutoTests" name="[26] /home/travis/build/icyphy/ptII/ptolemy/domains/continuous/test/auto/ContinuousInDE3.xml (RunModel)" time="0.057" />
  <testcase classname="ptolemy.util.test.junit.AutoTests" name="[27] /home/travis/build/icyphy/ptII/ptolemy/domains/continuous/test/auto/ContinuousInDE4.xml (RunModel)" time="0.034" />
  <testcase classname="ptolemy.util.test.junit.AutoTests" name="[28] /home/travis/build/icyphy/ptII/ptolemy/domains/continuous/test/auto/ContinuousInDEDifferentRefinements.xml (RunModel)" time="0.106" />
  <testcase classname="ptolemy.util.test.junit.AutoTests" name="[29] /home/travis/build/icyphy/ptII/ptolemy/domains/continuous/test/auto/ContinuousInDEDifferentRefinementsPreemptive.xml (RunModel)" time="0.09" />
  <testcase classname="ptolemy.util.test.junit.AutoTests" name="[30] /home/travis/build/icyphy/ptII/ptolemy/domains/continuous/test/auto/ContinuousInDEInContinuous2.xml (RunModel)" time="0.069" />
  <testcase classname="ptolemy.util.test.junit.AutoTests" name="[31] /home/travis/build/icyphy/ptII/ptolemy/domains/continuous/test/auto/ContinuousInDEInContinuous3.xml (RunModel)" time="0.06" />
  <testcase classname="ptolemy.util.test.junit.AutoTests" name="[32] /home/travis/build/icyphy/ptII/ptolemy/domains/continuous/test/auto/ContinuousInDEInput.xml (RunModel)" time="0.037" />
  <testcase classname="ptolemy.util.test.junit.AutoTests" name="[33] /home/travis/build/icyphy/ptII/ptolemy/domains/continuous/test/auto/ContinuousInDEInput2.xml (RunModel)" time="0.036" />
  <testcase classname="ptolemy.util.test.junit.AutoTests" name="[34] /home/travis/build/icyphy/ptII/ptolemy/domains/continuous/test/auto/ContinuousInDEInput3.xml (RunModel)" time="0.031" />
  <testcase classname="ptolemy.util.test.junit.AutoTests" name="[35] /home/travis/build/icyphy/ptII/ptolemy/domains/continuous/test/auto/ContinuousInDESharingRefinement.xml (RunModel)" time="0.201" />
  <testcase classname="ptolemy.util.test.junit.AutoTests" name="[36] /home/travis/build/icyphy/ptII/ptolemy/domains/continuous/test/auto/ContinuousInDEwithNoPorts.xml (RunModel)" time="0.022" />
  <testcase classname="ptolemy.util.test.junit.AutoTests" name="[37] /home/travis/build/icyphy/ptII/ptolemy/domains/continuous/test/auto/ContinuousInsideDE.xml (RunModel)" time="0.074" />
  <testcase classname="ptolemy.util.test.junit.AutoTests" name="[38] /home/travis/build/icyphy/ptII/ptolemy/domains/continuous/test/auto/ContinuousMerge1.xml (RunModel)" time="0.015" />
  <testcase classname="ptolemy.util.test.junit.AutoTests" name="[39] /home/travis/build/icyphy/ptII/ptolemy/domains/continuous/test/auto/ContinuousMerge2.xml (RunModel)" time="0.052" />
  <testcase classname="ptolemy.util.test.junit.AutoTests" name="[40] /home/travis/build/icyphy/ptII/ptolemy/domains/continuous/test/auto/ContinuousMerge3.xml (RunModel)" time="0.069" />
  <testcase classname="ptolemy.util.test.junit.AutoTests" name="[41] /home/travis/build/icyphy/ptII/ptolemy/domains/continuous/test/auto/ContinuousWithinContinuous.xml (RunModel)" time="0.05" />
  <testcase classname="ptolemy.util.test.junit.AutoTests" name="[42] /home/travis/build/icyphy/ptII/ptolemy/domains/continuous/test/auto/ContinuousWithinContinuous2.xml (RunModel)" time="0.074" />
  <testcase classname="ptolemy.util.test.junit.AutoTests" name="[43] /home/travis/build/icyphy/ptII/ptolemy/domains/continuous/test/auto/ContinuousWithinContinuous3.xml (RunModel)" time="0.029" />
  <testcase classname="ptolemy.util.test.junit.AutoTests" name="[44] /home/travis/build/icyphy/ptII/ptolemy/domains/continuous/test/auto/ContinuousWithinContinuous4.xml (RunModel)" time="0.082" />
  <testcase classname="ptolemy.util.test.junit.AutoTests" name="[45] /home/travis/build/icyphy/ptII/ptolemy/domains/continuous/test/auto/ContinuousWithinContinuous5.xml (RunModel)" time="0.026" />
  <testcase classname="ptolemy.util.test.junit.AutoTests" name="[46] /home/travis/build/icyphy/ptII/ptolemy/domains/continuous/test/auto/ContinuousWithinContinuous6.xml (RunModel)" time="0.032" />
  <testcase classname="ptolemy.util.test.junit.AutoTests" name="[47] /home/travis/build/icyphy/ptII/ptolemy/domains/continuous/test/auto/ContinuousWithinContinuous7.xml (RunModel)" time="0.065" />
  <testcase classname="ptolemy.util.test.junit.AutoTests" name="[48] /home/travis/build/icyphy/ptII/ptolemy/domains/continuous/test/auto/DCMotor.xml (RunModel)" time="14.237" />
  <testcase classname="ptolemy.util.test.junit.AutoTests" name="[49] /home/travis/build/icyphy/ptII/ptolemy/domains/continuous/test/auto/DEInContinuous.xml (RunModel)" time="0.023" />
  <testcase classname="ptolemy.util.test.junit.AutoTests" name="[50] /home/travis/build/icyphy/ptII/ptolemy/domains/continuous/test/auto/DEinContinuous2.xml (RunModel)" time="0.025" />
  <testcase classname="ptolemy.util.test.junit.AutoTests" name="[51] /home/travis/build/icyphy/ptII/ptolemy/domains/continuous/test/auto/Derivative.xml (RunModel)" time="0.155" />
  <testcase classname="ptolemy.util.test.junit.AutoTests" name="[52] /home/travis/build/icyphy/ptII/ptolemy/domains/continuous/test/auto/Derivative1.xml (RunModel)" time="0.037" />
  <testcase classname="ptolemy.util.test.junit.AutoTests" name="[53] /home/travis/build/icyphy/ptII/ptolemy/domains/continuous/test/auto/DiscreteClock.xml (RunModel)" time="0.013" />
  <testcase classname="ptolemy.util.test.junit.AutoTests" name="[54] /home/travis/build/icyphy/ptII/ptolemy/domains/continuous/test/auto/EfficiencyCurve.xml (RunModel)" time="0.063" />
  <testcase classname="ptolemy.util.test.junit.AutoTests" name="[55] /home/travis/build/icyphy/ptII/ptolemy/domains/continuous/test/auto/ExponentialResponse.xml (RunModel)" time="0.097" />
  <testcase classname="ptolemy.util.test.junit.AutoTests" name="[56] /home/travis/build/icyphy/ptII/ptolemy/domains/continuous/test/auto/ExponentialResponseRK45.xml (RunModel)" time="0.029" />
  <testcase classname="ptolemy.util.test.junit.AutoTests" name="[57] /home/travis/build/icyphy/ptII/ptolemy/domains/continuous/test/auto/Friction.xml (RunModel)" time="1.422" />
  <testcase classname="ptolemy.util.test.junit.AutoTests" name="[58] /home/travis/build/icyphy/ptII/ptolemy/domains/continuous/test/auto/FurutaPendulum.xml (RunModel)" time="2.859" />
  <testcase classname="ptolemy.util.test.junit.AutoTests" name="[59] /home/travis/build/icyphy/ptII/ptolemy/domains/continuous/test/auto/HierarchicalExecution.xml (RunModel)" time="1.892" />
  <testcase classname="ptolemy.util.test.junit.AutoTests" name="[60] /home/travis/build/icyphy/ptII/ptolemy/domains/continuous/test/auto/HybridPlant.xml (RunModel)" time="0.53" />
  <testcase classname="ptolemy.util.test.junit.AutoTests" name="[61] /home/travis/build/icyphy/ptII/ptolemy/domains/continuous/test/auto/Hysteresis.xml (RunModel)" time="0.172" />
  <testcase classname="ptolemy.util.test.junit.AutoTests" name="[62] /home/travis/build/icyphy/ptII/ptolemy/domains/continuous/test/auto/HysteresisWithRandomDelay.xml (RunModel)" time="0.213" />
  <testcase classname="ptolemy.util.test.junit.AutoTests" name="[63] /home/travis/build/icyphy/ptII/ptolemy/domains/continuous/test/auto/HysteresisWithRandomLosses.xml (RunModel)" time="2.332" />
  <testcase classname="ptolemy.util.test.junit.AutoTests" name="[64] /home/travis/build/icyphy/ptII/ptolemy/domains/continuous/test/auto/ImmediateTransitions.xml (RunModel)" time="0.038" />
  <testcase classname="ptolemy.util.test.junit.AutoTests" name="[65] /home/travis/build/icyphy/ptII/ptolemy/domains/continuous/test/auto/ImpulseFeedback.xml (RunModel)" time="0.026" />
  <testcase classname="ptolemy.util.test.junit.AutoTests" name="[66] /home/travis/build/icyphy/ptII/ptolemy/domains/continuous/test/auto/ImpulseFeedback2.xml (RunModel)" time="0.019" />
  <testcase classname="ptolemy.util.test.junit.AutoTests" name="[67] /home/travis/build/icyphy/ptII/ptolemy/domains/continuous/test/auto/IncreasingRatePoisson.xml (RunModel)" time="0.685" />
  <testcase classname="ptolemy.util.test.junit.AutoTests" name="[68] /home/travis/build/icyphy/ptII/ptolemy/domains/continuous/test/auto/InitialStateFeedback.xml (RunModel)" time="0.017" />
  <testcase classname="ptolemy.util.test.junit.AutoTests" name="[69] /home/travis/build/icyphy/ptII/ptolemy/domains/continuous/test/auto/Integration.xml (RunModel)" time="0.007" />
  <testcase classname="ptolemy.util.test.junit.AutoTests" name="[70] /home/travis/build/icyphy/ptII/ptolemy/domains/continuous/test/auto/Integration2.xml (RunModel)" time="0.075" />
  <testcase classname="ptolemy.util.test.junit.AutoTests" name="[71] /home/travis/build/icyphy/ptII/ptolemy/domains/continuous/test/auto/Integration3.xml (RunModel)" time="0.013" />
  <testcase classname="ptolemy.util.test.junit.AutoTests" name="[72] /home/travis/build/icyphy/ptII/ptolemy/domains/continuous/test/auto/Integration5.xml (RunModel)" time="0.01" />
  <testcase classname="ptolemy.util.test.junit.AutoTests" name="[73] /home/travis/build/icyphy/ptII/ptolemy/domains/continuous/test/auto/IntegratorImpulse.xml (RunModel)" time="0.008" />
  <testcase classname="ptolemy.util.test.junit.AutoTests" name="[74] /home/travis/build/icyphy/ptII/ptolemy/domains/continuous/test/auto/IntegratorImpulse2.xml (RunModel)" time="0.019" />
  <testcase classname="ptolemy.util.test.junit.AutoTests" name="[75] /home/travis/build/icyphy/ptII/ptolemy/domains/continuous/test/auto/LevelCrossing1.xml (RunModel)" time="0.015" />
  <testcase classname="ptolemy.util.test.junit.AutoTests" name="[76] /home/travis/build/icyphy/ptII/ptolemy/domains/continuous/test/auto/LevelCrossing2.xml (RunModel)" time="0.011" />
  <testcase classname="ptolemy.util.test.junit.AutoTests" name="[77] /home/travis/build/icyphy/ptII/ptolemy/domains/continuous/test/auto/LevelCrossing3.xml (RunModel)" time="0.013" />
  <testcase classname="ptolemy.util.test.junit.AutoTests" name="[78] /home/travis/build/icyphy/ptII/ptolemy/domains/continuous/test/auto/LevelCrossing4.xml (RunModel)" time="0.011" />
  <testcase classname="ptolemy.util.test.junit.AutoTests" name="[79] /home/travis/build/icyphy/ptII/ptolemy/domains/continuous/test/auto/LevelCrossing5.xml (RunModel)" time="0.013" />
  <testcase classname="ptolemy.util.test.junit.AutoTests" name="[80] /home/travis/build/icyphy/ptII/ptolemy/domains/continuous/test/auto/LevelCrossing6.xml (RunModel)" time="0.01" />
  <testcase classname="ptolemy.util.test.junit.AutoTests" name="[81] /home/travis/build/icyphy/ptII/ptolemy/domains/continuous/test/auto/LevelCrossingDetector.xml (RunModel)" time="0.031" />
  <testcase classname="ptolemy.util.test.junit.AutoTests" name="[82] /home/travis/build/icyphy/ptII/ptolemy/domains/continuous/test/auto/LevelCrossingDetectorDetectingDirections.xml (RunModel)" time="0.079" />
  <testcase classname="ptolemy.util.test.junit.AutoTests" name="[83] /home/travis/build/icyphy/ptII/ptolemy/domains/continuous/test/auto/LevelCrossingDetectorDetectsGlitches.xml (RunModel)" time="0.056" />
  <testcase classname="ptolemy.util.test.junit.AutoTests" name="[84] /home/travis/build/icyphy/ptII/ptolemy/domains/continuous/test/auto/LevelCrossingNoInitialOuput.xml (RunModel)" time="0.012" />
  <testcase classname="ptolemy.util.test.junit.AutoTests" name="[85] /home/travis/build/icyphy/ptII/ptolemy/domains/continuous/test/auto/LinearStateSpaceExample.xml (RunModel)" time="0.07" />
  <testcase classname="ptolemy.util.test.junit.AutoTests" name="[86] /home/travis/build/icyphy/ptII/ptolemy/domains/continuous/test/auto/Lorenz.xml (RunModel)" time="3.27" />
  <testcase classname="ptolemy.util.test.junit.AutoTests" name="[87] /home/travis/build/icyphy/ptII/ptolemy/domains/continuous/test/auto/LorenzDifferentialSystem.xml (RunModel)" time="0.983" />
  <testcase classname="ptolemy.util.test.junit.AutoTests" name="[88] /home/travis/build/icyphy/ptII/ptolemy/domains/continuous/test/auto/LorenzDifferentialSystemWithInput.xml (RunModel)" time="1.144" />
  <testcase classname="ptolemy.util.test.junit.AutoTests" name="[89] /home/travis/build/icyphy/ptII/ptolemy/domains/continuous/test/auto/LorenzDifferentialSystemWithTime.xml (RunModel)" time="0.766" />
  <testcase classname="ptolemy.util.test.junit.AutoTests" name="[90] /home/travis/build/icyphy/ptII/ptolemy/domains/continuous/test/auto/Microsteps.xml (RunModel)" time="0.023" />
  <testcase classname="ptolemy.util.test.junit.AutoTests" name="[91] /home/travis/build/icyphy/ptII/ptolemy/domains/continuous/test/auto/Modal1.xml (RunModel)" time="0.039" />
  <testcase classname="ptolemy.util.test.junit.AutoTests" name="[92] /home/travis/build/icyphy/ptII/ptolemy/domains/continuous/test/auto/Modal2.xml (RunModel)" time="0.055" />
  <testcase classname="ptolemy.util.test.junit.AutoTests" name="[93] /home/travis/build/icyphy/ptII/ptolemy/domains/continuous/test/auto/ModalTransitionGuardWithReset.xml (RunModel)" time="0.025" />
  <testcase classname="ptolemy.util.test.junit.AutoTests" name="[94] /home/travis/build/icyphy/ptII/ptolemy/domains/continuous/test/auto/ModalTransitionGuardWithResetUsingPreemptiveTransition.xml (RunModel)" time="0.026" />
  <testcase classname="ptolemy.util.test.junit.AutoTests" name="[95] /home/travis/build/icyphy/ptII/ptolemy/domains/continuous/test/auto/ModalTransitionGuardWithResetUsingPreemptiveTransition2.xml (RunModel)" time="0.023" />
  <testcase classname="ptolemy.util.test.junit.AutoTests" name="[96] /home/travis/build/icyphy/ptII/ptolemy/domains/continuous/test/auto/ModalTransitionGuardWithResetUsingPreemptiveTransition3.xml (RunModel)" time="0.027" />
  <testcase classname="ptolemy.util.test.junit.AutoTests" name="[97] /home/travis/build/icyphy/ptII/ptolemy/domains/continuous/test/auto/NewtonsCradle.xml (RunModel)" time="0.742" />
  <testcase classname="ptolemy.util.test.junit.AutoTests" name="[98] /home/travis/build/icyphy/ptII/ptolemy/domains/continuous/test/auto/NewtonsCradleAnimated.xml (RunModel)" time="1.267" />
  <testcase classname="ptolemy.util.test.junit.AutoTests" name="[99] /home/travis/build/icyphy/ptII/ptolemy/domains/continuous/test/auto/NewtonsCradleComplicated.xml (RunModel)" time="0.895" />
  <testcase classname="ptolemy.util.test.junit.AutoTests" name="[100] /home/travis/build/icyphy/ptII/ptolemy/domains/continuous/test/auto/NewtonsCradleNondeterministic.xml (RunModel)" time="0.69" />
  <testcase classname="ptolemy.util.test.junit.AutoTests" name="[101] /home/travis/build/icyphy/ptII/ptolemy/domains/continuous/test/auto/NewtonsCradlePerfectlyInelastic1.xml (RunModel)" time="1.181" />
  <testcase classname="ptolemy.util.test.junit.AutoTests" name="[102] /home/travis/build/icyphy/ptII/ptolemy/domains/continuous/test/auto/Noise.xml (RunModel)" time="0.178" />
  <testcase classname="ptolemy.util.test.junit.AutoTests" name="[103] /home/travis/build/icyphy/ptII/ptolemy/domains/continuous/test/auto/NoiseSpectrum.xml (RunModel)" time="0.658" />
  <testcase classname="ptolemy.util.test.junit.AutoTests" name="[104] /home/travis/build/icyphy/ptII/ptolemy/domains/continuous/test/auto/ParameterizedNewtonsCradleAnimated.xml (RunModel)" time="0.331" />
  <testcase classname="ptolemy.util.test.junit.AutoTests" name="[105] /home/travis/build/icyphy/ptII/ptolemy/domains/continuous/test/auto/ParameterizedNewtonsCradleAnimatedNondeterministic.xml (RunModel)" time="1.075" />
  <testcase classname="ptolemy.util.test.junit.AutoTests" name="[106] /home/travis/build/icyphy/ptII/ptolemy/domains/continuous/test/auto/Pendulum3D.xml (RunModel)" time="0.159" />
  <testcase classname="ptolemy.util.test.junit.AutoTests" name="[107] /home/travis/build/icyphy/ptII/ptolemy/domains/continuous/test/auto/PeriodicSampler.xml (RunModel)" time="0.014" />
  <testcase classname="ptolemy.util.test.junit.AutoTests" name="[108] /home/travis/build/icyphy/ptII/ptolemy/domains/continuous/test/auto/PeriodicSampler1.xml (RunModel)" time="0.038" />
  <testcase classname="ptolemy.util.test.junit.AutoTests" name="[109] /home/travis/build/icyphy/ptII/ptolemy/domains/continuous/test/auto/PeriodicSampler2.xml (RunModel)" time="0.067" />
  <testcase classname="ptolemy.util.test.junit.AutoTests" name="[110] /home/travis/build/icyphy/ptII/ptolemy/domains/continuous/test/auto/Poisson.xml (RunModel)" time="0.428" />
  <testcase classname="ptolemy.util.test.junit.AutoTests" name="[111] /home/travis/build/icyphy/ptII/ptolemy/domains/continuous/test/auto/PoissonClock.xml (RunModel)" time="0.009" />
  <testcase classname="ptolemy.util.test.junit.AutoTests" name="[112] /home/travis/build/icyphy/ptII/ptolemy/domains/continuous/test/auto/PoissonClock2.xml (RunModel)" time="0.014" />
  <testcase classname="ptolemy.util.test.junit.AutoTests" name="[113] /home/travis/build/icyphy/ptII/ptolemy/domains/continuous/test/auto/PortParameterHierarchy.xml (RunModel)" time="0.02" />
  <testcase classname="ptolemy.util.test.junit.AutoTests" name="[114] /home/travis/build/icyphy/ptII/ptolemy/domains/continuous/test/auto/RandomHybridPlant.xml (RunModel)" time="0.509" />
  <testcase classname="ptolemy.util.test.junit.AutoTests" name="[115] /home/travis/build/icyphy/ptII/ptolemy/domains/continuous/test/auto/ResetTransitionWithStartTime1.xml (RunModel)" time="0.034" />
  <testcase classname="ptolemy.util.test.junit.AutoTests" name="[116] /home/travis/build/icyphy/ptII/ptolemy/domains/continuous/test/auto/ResetTransitionWithStartTime2.xml (RunModel)" time="0.041" />
  <testcase classname="ptolemy.util.test.junit.AutoTests" name="[117] /home/travis/build/icyphy/ptII/ptolemy/domains/continuous/test/auto/ResetTransitionWithStartTime3.xml (RunModel)" time="0.036" />
  <testcase classname="ptolemy.util.test.junit.AutoTests" name="[118] /home/travis/build/icyphy/ptII/ptolemy/domains/continuous/test/auto/ResetTransitionWithStartTime4.xml (RunModel)" time="0.023" />
  <testcase classname="ptolemy.util.test.junit.AutoTests" name="[119] /home/travis/build/icyphy/ptII/ptolemy/domains/continuous/test/auto/ResetTransitionWithStartTime5.xml (RunModel)" time="0.044" />
  <testcase classname="ptolemy.util.test.junit.AutoTests" name="[120] /home/travis/build/icyphy/ptII/ptolemy/domains/continuous/test/auto/ResetTransitionWithStartTime6.xml (RunModel)" time="0.024" />
  <testcase classname="ptolemy.util.test.junit.AutoTests" name="[121] /home/travis/build/icyphy/ptII/ptolemy/domains/continuous/test/auto/SRinContinuous.xml (RunModel)" time="0.021" />
  <testcase classname="ptolemy.util.test.junit.AutoTests" name="[122] /home/travis/build/icyphy/ptII/ptolemy/domains/continuous/test/auto/SampledClocks.xml (RunModel)" time="0.028" />
  <testcase classname="ptolemy.util.test.junit.AutoTests" name="[123] /home/travis/build/icyphy/ptII/ptolemy/domains/continuous/test/auto/Satellite.xml (RunModel)" time="0.733" />
  <testcase classname="ptolemy.util.test.junit.AutoTests" name="[124] /home/travis/build/icyphy/ptII/ptolemy/domains/continuous/test/auto/SigmaDelta.xml (RunModel)" time="2.072" />
  <testcase classname="ptolemy.util.test.junit.AutoTests" name="[125] /home/travis/build/icyphy/ptII/ptolemy/domains/continuous/test/auto/SingleRefinement.xml (RunModel)" time="0.39" />
  <testcase classname="ptolemy.util.test.junit.AutoTests" name="[126] /home/travis/build/icyphy/ptII/ptolemy/domains/continuous/test/auto/SinuBouncingBall.xml (RunModel)" time="0.824" />
  <testcase classname="ptolemy.util.test.junit.AutoTests" name="[127] /home/travis/build/icyphy/ptII/ptolemy/domains/continuous/test/auto/Sinusoid.xml (RunModel)" time="0.021" />
  <testcase classname="ptolemy.util.test.junit.AutoTests" name="[128] /home/travis/build/icyphy/ptII/ptolemy/domains/continuous/test/auto/SinusoidInNoise.xml (RunModel)" time="0.829" />
  <testcase classname="ptolemy.util.test.junit.AutoTests" name="[129] /home/travis/build/icyphy/ptII/ptolemy/domains/continuous/test/auto/SinusoidRK45.xml (RunModel)" time="0.013" />
  <testcase classname="ptolemy.util.test.junit.AutoTests" name="[130] /home/travis/build/icyphy/ptII/ptolemy/domains/continuous/test/auto/SinusoidWithMultipleImpulses.xml (RunModel)" time="0.009" />
  <testcase classname="ptolemy.util.test.junit.AutoTests" name="[131] /home/travis/build/icyphy/ptII/ptolemy/domains/continuous/test/auto/SquareWave.xml (RunModel)" time="0.16" />
  <testcase classname="ptolemy.util.test.junit.AutoTests" name="[132] /home/travis/build/icyphy/ptII/ptolemy/domains/continuous/test/auto/Starmac.xml (RunModel)" time="3.333" />
  <testcase classname="ptolemy.util.test.junit.AutoTests" name="[133] /home/travis/build/icyphy/ptII/ptolemy/domains/continuous/test/auto/StaticUnits.xml (RunModel)" time="2.317" />
  <testcase classname="ptolemy.util.test.junit.AutoTests" name="[134] /home/travis/build/icyphy/ptII/ptolemy/domains/continuous/test/auto/StickyMasses.xml (RunModel)" time="0.282" />
  <testcase classname="ptolemy.util.test.junit.AutoTests" name="[135] /home/travis/build/icyphy/ptII/ptolemy/domains/continuous/test/auto/StopTime.xml (RunModel)" time="0.063" />
  <testcase classname="ptolemy.util.test.junit.AutoTests" name="[136] /home/travis/build/icyphy/ptII/ptolemy/domains/continuous/test/auto/StopTime2.xml (RunModel)" time="0.053" />
  <testcase classname="ptolemy.util.test.junit.AutoTests" name="[137] /home/travis/build/icyphy/ptII/ptolemy/domains/continuous/test/auto/Switch.xml (RunModel)" time="0.056" />
  <testcase classname="ptolemy.util.test.junit.AutoTests" name="[138] /home/travis/build/icyphy/ptII/ptolemy/domains/continuous/test/auto/Thermostat.xml (RunModel)" time="0.197" />
  <testcase classname="ptolemy.util.test.junit.AutoTests" name="[139] /home/travis/build/icyphy/ptII/ptolemy/domains/continuous/test/auto/TimeDelay.xml (RunModel)" time="0.012" />
  <testcase classname="ptolemy.util.test.junit.AutoTests" name="[140] /home/travis/build/icyphy/ptII/ptolemy/domains/continuous/test/auto/TimeDelay2.xml (RunModel)" time="0.022" />
  <testcase classname="ptolemy.util.test.junit.AutoTests" name="[141] /home/travis/build/icyphy/ptII/ptolemy/domains/continuous/test/auto/TimeDelay3.xml (RunModel)" time="0.008" />
  <testcase classname="ptolemy.util.test.junit.AutoTests" name="[142] /home/travis/build/icyphy/ptII/ptolemy/domains/continuous/test/auto/TransferAbsentToInside.xml (RunModel)" time="0.109" />
  <testcase classname="ptolemy.util.test.junit.AutoTests" name="[143] /home/travis/build/icyphy/ptII/ptolemy/domains/continuous/test/auto/Transmission.xml (RunModel)" time="0.733" />
  <testcase classname="ptolemy.util.test.junit.AutoTests" name="[144] /home/travis/build/icyphy/ptII/ptolemy/domains/continuous/test/auto/TriggeredContinuousClock.xml (RunModel)" time="0.058" />
  <testcase classname="ptolemy.util.test.junit.AutoTests" name="[145] /home/travis/build/icyphy/ptII/ptolemy/domains/continuous/test/auto/TwoMachineInfiniteBusControl.xml (RunModel)" time="2.604" />
  <testcase classname="ptolemy.util.test.junit.AutoTests" name="[146] /home/travis/build/icyphy/ptII/ptolemy/domains/continuous/test/auto/V2V.xml (RunModel)" time="0.788" />
  <testcase classname="ptolemy.util.test.junit.AutoTests" name="[147] /home/travis/build/icyphy/ptII/ptolemy/domains/continuous/test/auto/hierarchicalModalModel.xml (RunModel)" time="0.029" />
  <testcase classname="ptolemy.util.test.junit.AutoTests" name="[148] /home/travis/build/icyphy/ptII/ptolemy/domains/continuous/test/auto/hierarchicalModalModel1.xml (RunModel)" time="0.027" />
  <testcase classname="ptolemy.util.test.junit.AutoTests" name="[149] /home/travis/build/icyphy/ptII/ptolemy/domains/continuous/test/auto/hierarchicalModalModel2.xml (RunModel)" time="0.022" />
  <testcase classname="ptolemy.util.test.junit.AutoTests" name="[150] /home/travis/build/icyphy/ptII/ptolemy/domains/continuous/test/auto/hierarchicalModalModel3.xml (RunModel)" time="0.02" />
  <testcase classname="ptolemy.util.test.junit.AutoTests" name="[151] /home/travis/build/icyphy/ptII/ptolemy/domains/continuous/test/auto/hierarchicalModalModel4.xml (RunModel)" time="0.023" />
  <testcase classname="ptolemy.util.test.junit.AutoTests" name="[152] /home/travis/build/icyphy/ptII/ptolemy/domains/continuous/test/auto/junk.xml (RunModel)" time="0.149" />
  <system-out><![CDATA[No tcl tests in /home/travis/build/icyphy/ptII/ptolemy/domains/continuous/test
No auto/knownFailedTests/*.xml tests in /home/travis/build/icyphy/ptII/ptolemy/domains/continuous/test
No auto/linux-amd64/*.xml tests in /home/travis/build/icyphy/ptII/ptolemy/domains/continuous/test
AutoTests.java: About to close Vertx.
AutoTests.java: Vertx closed.

===========================================================================================
----------------- testing Thu Dec 26 06:28:42 UTC 2019 /home/travis/build/icyphy/ptII/ptolemy/domains/continuous/test/auto/BouncingBall.xml
----------------- Instantiating /home/travis/build/icyphy/ptII/ptolemy/domains/continuous/test/auto/BouncingBall.xml
2408 ms. Memory: 129024K Free: 50231K (39%)
----------------- Invoking toplevel() on ptolemy.moml.MoMLSimpleApplication@3c2b036b
----------------- Done invoking toplevel() on ptolemy.moml.MoMLSimpleApplication@3c2b036b
reloadAllAccessors: .BouncingBall

===========================================================================================
----------------- testing Thu Dec 26 06:28:45 UTC 2019 /home/travis/build/icyphy/ptII/ptolemy/domains/continuous/test/auto/BouncingBallWithoutGR.xml
----------------- Instantiating /home/travis/build/icyphy/ptII/ptolemy/domains/continuous/test/auto/BouncingBallWithoutGR.xml
751 ms. Memory: 155648K Free: 59836K (38%)
----------------- Invoking toplevel() on ptolemy.moml.MoMLSimpleApplication@3feb4195
----------------- Done invoking toplevel() on ptolemy.moml.MoMLSimpleApplication@3feb4195
reloadAllAccessors: .BouncingBallWithoutGR

===========================================================================================
----------------- testing Thu Dec 26 06:28:46 UTC 2019 /home/travis/build/icyphy/ptII/ptolemy/domains/continuous/test/auto/Brownian.xml
----------------- Instantiating /home/travis/build/icyphy/ptII/ptolemy/domains/continuous/test/auto/Brownian.xml
25 ms. Memory: 155648K Free: 51130K (33%)
----------------- Invoking toplevel() on ptolemy.moml.MoMLSimpleApplication@2e46144a
----------------- Done invoking toplevel() on ptolemy.moml.MoMLSimpleApplication@2e46144a
reloadAllAccessors: .Brownian

===========================================================================================
----------------- testing Thu Dec 26 06:28:46 UTC 2019 /home/travis/build/icyphy/ptII/ptolemy/domains/continuous/test/auto/CarTracking.xml
----------------- Instantiating /home/travis/build/icyphy/ptII/ptolemy/domains/continuous/test/auto/CarTracking.xml
3853 ms. Memory: 225280K Free: 97929K (43%)
----------------- Invoking toplevel() on ptolemy.moml.MoMLSimpleApplication@7644c575
----------------- Done invoking toplevel() on ptolemy.moml.MoMLSimpleApplication@7644c575
reloadAllAccessors: .CarTracking

===========================================================================================
----------------- testing Thu Dec 26 06:28:50 UTC 2019 /home/travis/build/icyphy/ptII/ptolemy/domains/continuous/test/auto/CartPendulum.xml
----------------- Instantiating /home/travis/build/icyphy/ptII/ptolemy/domains/continuous/test/auto/CartPendulum.xml
352 ms. Memory: 225280K Free: 140218K (62%)
----------------- Invoking toplevel() on ptolemy.moml.MoMLSimpleApplication@367e2300
----------------- Done invoking toplevel() on ptolemy.moml.MoMLSimpleApplication@367e2300
reloadAllAccessors: .CartPendulum

===========================================================================================
----------------- testing Thu Dec 26 06:28:51 UTC 2019 /home/travis/build/icyphy/ptII/ptolemy/domains/continuous/test/auto/CausalityInterface10.xml
----------------- Instantiating /home/travis/build/icyphy/ptII/ptolemy/domains/continuous/test/auto/CausalityInterface10.xml
13 ms. Memory: 225280K Free: 129464K (57%)
----------------- Invoking toplevel() on ptolemy.moml.MoMLSimpleApplication@677cbca
----------------- Done invoking toplevel() on ptolemy.moml.MoMLSimpleApplication@677cbca
reloadAllAccessors: .CausalityInterface10

===========================================================================================
----------------- testing Thu Dec 26 06:28:51 UTC 2019 /home/travis/build/icyphy/ptII/ptolemy/domains/continuous/test/auto/CausalityInterface11.xml
----------------- Instantiating /home/travis/build/icyphy/ptII/ptolemy/domains/continuous/test/auto/CausalityInterface11.xml
9 ms. Memory: 225280K Free: 123306K (55%)
----------------- Invoking toplevel() on ptolemy.moml.MoMLSimpleApplication@58135322
----------------- Done invoking toplevel() on ptolemy.moml.MoMLSimpleApplication@58135322
reloadAllAccessors: .CausalityInterface11

===========================================================================================
----------------- testing Thu Dec 26 06:28:51 UTC 2019 /home/travis/build/icyphy/ptII/ptolemy/domains/continuous/test/auto/CausalityInterface12.xml
----------------- Instantiating /home/travis/build/icyphy/ptII/ptolemy/domains/continuous/test/auto/CausalityInterface12.xml
9 ms. Memory: 225280K Free: 117176K (52%)
----------------- Invoking toplevel() on ptolemy.moml.MoMLSimpleApplication@73d93738
----------------- Done invoking toplevel() on ptolemy.moml.MoMLSimpleApplication@73d93738
reloadAllAccessors: .CausalityInterface12

===========================================================================================
----------------- testing Thu Dec 26 06:28:51 UTC 2019 /home/travis/build/icyphy/ptII/ptolemy/domains/continuous/test/auto/CausalityInterface13.xml
----------------- Instantiating /home/travis/build/icyphy/ptII/ptolemy/domains/continuous/test/auto/CausalityInterface13.xml
4 ms. Memory: 225280K Free: 111002K (49%)
----------------- Invoking toplevel() on ptolemy.moml.MoMLSimpleApplication@4e6ce6f1
----------------- Done invoking toplevel() on ptolemy.moml.MoMLSimpleApplication@4e6ce6f1
reloadAllAccessors: .CausalityInterface13

===========================================================================================
----------------- testing Thu Dec 26 06:28:51 UTC 2019 /home/travis/build/icyphy/ptII/ptolemy/domains/continuous/test/auto/CausalityInterface14.xml
----------------- Instantiating /home/travis/build/icyphy/ptII/ptolemy/domains/continuous/test/auto/CausalityInterface14.xml
2 ms. Memory: 225280K Free: 105402K (47%)
----------------- Invoking toplevel() on ptolemy.moml.MoMLSimpleApplication@1dcbefcd
----------------- Done invoking toplevel() on ptolemy.moml.MoMLSimpleApplication@1dcbefcd
reloadAllAccessors: .CausalityInterface14

===========================================================================================
----------------- testing Thu Dec 26 06:28:51 UTC 2019 /home/travis/build/icyphy/ptII/ptolemy/domains/continuous/test/auto/CausalityInterface4.xml
----------------- Instantiating /home/travis/build/icyphy/ptII/ptolemy/domains/continuous/test/auto/CausalityInterface4.xml
5 ms. Memory: 225280K Free: 98744K (44%)
----------------- Invoking toplevel() on ptolemy.moml.MoMLSimpleApplication@5e8781e5
----------------- Done invoking toplevel() on ptolemy.moml.MoMLSimpleApplication@5e8781e5
reloadAllAccessors: .CausalityInterface4

===========================================================================================
----------------- testing Thu Dec 26 06:28:51 UTC 2019 /home/travis/build/icyphy/ptII/ptolemy/domains/continuous/test/auto/CausalityInterface5.xml
----------------- Instantiating /home/travis/build/icyphy/ptII/ptolemy/domains/continuous/test/auto/CausalityInterface5.xml
6 ms. Memory: 225280K Free: 90552K (40%)
----------------- Invoking toplevel() on ptolemy.moml.MoMLSimpleApplication@199dbe28
----------------- Done invoking toplevel() on ptolemy.moml.MoMLSimpleApplication@199dbe28
reloadAllAccessors: .CausalityInterface5

===========================================================================================
----------------- testing Thu Dec 26 06:28:51 UTC 2019 /home/travis/build/icyphy/ptII/ptolemy/domains/continuous/test/auto/CausalityInterface6.xml
----------------- Instantiating /home/travis/build/icyphy/ptII/ptolemy/domains/continuous/test/auto/CausalityInterface6.xml
4 ms. Memory: 225280K Free: 84922K (38%)
----------------- Invoking toplevel() on ptolemy.moml.MoMLSimpleApplication@7545db9a
----------------- Done invoking toplevel() on ptolemy.moml.MoMLSimpleApplication@7545db9a
reloadAllAccessors: .CausalityInterface6

===========================================================================================
----------------- testing Thu Dec 26 06:28:51 UTC 2019 /home/travis/build/icyphy/ptII/ptolemy/domains/continuous/test/auto/CausalityInterface7.xml
----------------- Instantiating /home/travis/build/icyphy/ptII/ptolemy/domains/continuous/test/auto/CausalityInterface7.xml
10 ms. Memory: 225280K Free: 210681K (94%)
----------------- Invoking toplevel() on ptolemy.moml.MoMLSimpleApplication@5a68696d
----------------- Done invoking toplevel() on ptolemy.moml.MoMLSimpleApplication@5a68696d
reloadAllAccessors: .CausalityInterface7

===========================================================================================
----------------- testing Thu Dec 26 06:28:51 UTC 2019 /home/travis/build/icyphy/ptII/ptolemy/domains/continuous/test/auto/CausalityInterface8.xml
----------------- Instantiating /home/travis/build/icyphy/ptII/ptolemy/domains/continuous/test/auto/CausalityInterface8.xml
5 ms. Memory: 225280K Free: 201290K (89%)
----------------- Invoking toplevel() on ptolemy.moml.MoMLSimpleApplication@def65b6
----------------- Done invoking toplevel() on ptolemy.moml.MoMLSimpleApplication@def65b6
reloadAllAccessors: .CausalityInterface8

===========================================================================================
----------------- testing Thu Dec 26 06:28:51 UTC 2019 /home/travis/build/icyphy/ptII/ptolemy/domains/continuous/test/auto/CausalityInterface9.xml
----------------- Instantiating /home/travis/build/icyphy/ptII/ptolemy/domains/continuous/test/auto/CausalityInterface9.xml
5 ms. Memory: 225280K Free: 190536K (85%)
----------------- Invoking toplevel() on ptolemy.moml.MoMLSimpleApplication@5f9694ac
----------------- Done invoking toplevel() on ptolemy.moml.MoMLSimpleApplication@5f9694ac
reloadAllAccessors: .CausalityInterface9

===========================================================================================
----------------- testing Thu Dec 26 06:28:51 UTC 2019 /home/travis/build/icyphy/ptII/ptolemy/domains/continuous/test/auto/CausalityInterfaceFeedback1.xml
----------------- Instantiating /home/travis/build/icyphy/ptII/ptolemy/domains/continuous/test/auto/CausalityInterfaceFeedback1.xml
4 ms. Memory: 225280K Free: 183882K (82%)
----------------- Invoking toplevel() on ptolemy.moml.MoMLSimpleApplication@1f3432f8
----------------- Done invoking toplevel() on ptolemy.moml.MoMLSimpleApplication@1f3432f8
reloadAllAccessors: .CausalityInterfaceFeedback1

===========================================================================================
----------------- testing Thu Dec 26 06:28:51 UTC 2019 /home/travis/build/icyphy/ptII/ptolemy/domains/continuous/test/auto/CausalityInterfaceFeedback2.xml
----------------- Instantiating /home/travis/build/icyphy/ptII/ptolemy/domains/continuous/test/auto/CausalityInterfaceFeedback2.xml
6 ms. Memory: 225280K Free: 177194K (79%)
----------------- Invoking toplevel() on ptolemy.moml.MoMLSimpleApplication@5591dff5
----------------- Done invoking toplevel() on ptolemy.moml.MoMLSimpleApplication@5591dff5
reloadAllAccessors: .CausalityInterfaceFeedback2

===========================================================================================
----------------- testing Thu Dec 26 06:28:51 UTC 2019 /home/travis/build/icyphy/ptII/ptolemy/domains/continuous/test/auto/CompareWithCurrentTime.xml
----------------- Instantiating /home/travis/build/icyphy/ptII/ptolemy/domains/continuous/test/auto/CompareWithCurrentTime.xml
3 ms. Memory: 225280K Free: 173128K (77%)
----------------- Invoking toplevel() on ptolemy.moml.MoMLSimpleApplication@7275278a
----------------- Done invoking toplevel() on ptolemy.moml.MoMLSimpleApplication@7275278a
reloadAllAccessors: .CompareWithCurrentTime

===========================================================================================
----------------- testing Thu Dec 26 06:28:51 UTC 2019 /home/travis/build/icyphy/ptII/ptolemy/domains/continuous/test/auto/ComparedClocks.xml
----------------- Instantiating /home/travis/build/icyphy/ptII/ptolemy/domains/continuous/test/auto/ComparedClocks.xml
5 ms. Memory: 225280K Free: 158282K (70%)
----------------- Invoking toplevel() on ptolemy.moml.MoMLSimpleApplication@37137f2f
----------------- Done invoking toplevel() on ptolemy.moml.MoMLSimpleApplication@37137f2f
reloadAllAccessors: .ComparedClocks

===========================================================================================
----------------- testing Thu Dec 26 06:28:51 UTC 2019 /home/travis/build/icyphy/ptII/ptolemy/domains/continuous/test/auto/ContinuousAOCClone.xml
----------------- Instantiating /home/travis/build/icyphy/ptII/ptolemy/domains/continuous/test/auto/ContinuousAOCClone.xml
2499 ms. Memory: 270336K Free: 246364K (91%)
----------------- Invoking toplevel() on ptolemy.moml.MoMLSimpleApplication@5dd3b415
----------------- Done invoking toplevel() on ptolemy.moml.MoMLSimpleApplication@5dd3b415
reloadAllAccessors: .ContinuousAOCClone

===========================================================================================
----------------- testing Thu Dec 26 06:28:54 UTC 2019 /home/travis/build/icyphy/ptII/ptolemy/domains/continuous/test/auto/ContinuousClock.xml
----------------- Instantiating /home/travis/build/icyphy/ptII/ptolemy/domains/continuous/test/auto/ContinuousClock.xml
31 ms. Memory: 270336K Free: 224845K (83%)
----------------- Invoking toplevel() on ptolemy.moml.MoMLSimpleApplication@47e07dc6
----------------- Done invoking toplevel() on ptolemy.moml.MoMLSimpleApplication@47e07dc6
reloadAllAccessors: .ContinuousClock

===========================================================================================
----------------- testing Thu Dec 26 06:28:54 UTC 2019 /home/travis/build/icyphy/ptII/ptolemy/domains/continuous/test/auto/ContinuousInContinuous.xml
----------------- Instantiating /home/travis/build/icyphy/ptII/ptolemy/domains/continuous/test/auto/ContinuousInContinuous.xml
55 ms. Memory: 270336K Free: 201822K (75%)
----------------- Invoking toplevel() on ptolemy.moml.MoMLSimpleApplication@205035ab
----------------- Done invoking toplevel() on ptolemy.moml.MoMLSimpleApplication@205035ab
reloadAllAccessors: .ContinuousInContinuous

===========================================================================================
----------------- testing Thu Dec 26 06:28:54 UTC 2019 /home/travis/build/icyphy/ptII/ptolemy/domains/continuous/test/auto/ContinuousInContinuousInContinuous.xml
----------------- Instantiating /home/travis/build/icyphy/ptII/ptolemy/domains/continuous/test/auto/ContinuousInContinuousInContinuous.xml
6 ms. Memory: 270336K Free: 194140K (72%)
----------------- Invoking toplevel() on ptolemy.moml.MoMLSimpleApplication@3a224ad7
----------------- Done invoking toplevel() on ptolemy.moml.MoMLSimpleApplication@3a224ad7
reloadAllAccessors: .ContinuousInContinuousInContinuous

===========================================================================================
----------------- testing Thu Dec 26 06:28:54 UTC 2019 /home/travis/build/icyphy/ptII/ptolemy/domains/continuous/test/auto/ContinuousInDE.xml
----------------- Instantiating /home/travis/build/icyphy/ptII/ptolemy/domains/continuous/test/auto/ContinuousInDE.xml
69 ms. Memory: 270336K Free: 183900K (68%)
----------------- Invoking toplevel() on ptolemy.moml.MoMLSimpleApplication@40c70e91
----------------- Done invoking toplevel() on ptolemy.moml.MoMLSimpleApplication@40c70e91
reloadAllAccessors: .ContinuousInDE

===========================================================================================
----------------- testing Thu Dec 26 06:28:54 UTC 2019 /home/travis/build/icyphy/ptII/ptolemy/domains/continuous/test/auto/ContinuousInDE2.xml
----------------- Instantiating /home/travis/build/icyphy/ptII/ptolemy/domains/continuous/test/auto/ContinuousInDE2.xml
36 ms. Memory: 270336K Free: 174174K (64%)
----------------- Invoking toplevel() on ptolemy.moml.MoMLSimpleApplication@5cbef2cd
----------------- Done invoking toplevel() on ptolemy.moml.MoMLSimpleApplication@5cbef2cd
reloadAllAccessors: .ContinuousInDE2

===========================================================================================
----------------- testing Thu Dec 26 06:28:54 UTC 2019 /home/travis/build/icyphy/ptII/ptolemy/domains/continuous/test/auto/ContinuousInDE3.xml
----------------- Instantiating /home/travis/build/icyphy/ptII/ptolemy/domains/continuous/test/auto/ContinuousInDE3.xml
37 ms. Memory: 270336K Free: 164444K (61%)
----------------- Invoking toplevel() on ptolemy.moml.MoMLSimpleApplication@3fddf643
----------------- Done invoking toplevel() on ptolemy.moml.MoMLSimpleApplication@3fddf643
reloadAllAccessors: .ContinuousInDE3

===========================================================================================
----------------- testing Thu Dec 26 06:28:54 UTC 2019 /home/travis/build/icyphy/ptII/ptolemy/domains/continuous/test/auto/ContinuousInDE4.xml
----------------- Instantiating /home/travis/build/icyphy/ptII/ptolemy/domains/continuous/test/auto/ContinuousInDE4.xml
15 ms. Memory: 270336K Free: 158297K (59%)
----------------- Invoking toplevel() on ptolemy.moml.MoMLSimpleApplication@24c04f47
----------------- Done invoking toplevel() on ptolemy.moml.MoMLSimpleApplication@24c04f47
reloadAllAccessors: .ContinuousInDE4

===========================================================================================
----------------- testing Thu Dec 26 06:28:55 UTC 2019 /home/travis/build/icyphy/ptII/ptolemy/domains/continuous/test/auto/ContinuousInDEDifferentRefinements.xml
----------------- Instantiating /home/travis/build/icyphy/ptII/ptolemy/domains/continuous/test/auto/ContinuousInDEDifferentRefinements.xml
59 ms. Memory: 270336K Free: 127070K (47%)
----------------- Invoking toplevel() on ptolemy.moml.MoMLSimpleApplication@29cf7b19
----------------- Done invoking toplevel() on ptolemy.moml.MoMLSimpleApplication@29cf7b19
reloadAllAccessors: .ContinuousInDEDifferentRefinements

===========================================================================================
----------------- testing Thu Dec 26 06:28:55 UTC 2019 /home/travis/build/icyphy/ptII/ptolemy/domains/continuous/test/auto/ContinuousInDEDifferentRefinementsPreemptive.xml
----------------- Instantiating /home/travis/build/icyphy/ptII/ptolemy/domains/continuous/test/auto/ContinuousInDEDifferentRefinementsPreemptive.xml
47 ms. Memory: 270336K Free: 96350K (36%)
----------------- Invoking toplevel() on ptolemy.moml.MoMLSimpleApplication@5d6f07fd
----------------- Done invoking toplevel() on ptolemy.moml.MoMLSimpleApplication@5d6f07fd
reloadAllAccessors: .ContinuousInDEDifferentRefinementsPreemptive

===========================================================================================
----------------- testing Thu Dec 26 06:28:55 UTC 2019 /home/travis/build/icyphy/ptII/ptolemy/domains/continuous/test/auto/ContinuousInDEInContinuous2.xml
----------------- Instantiating /home/travis/build/icyphy/ptII/ptolemy/domains/continuous/test/auto/ContinuousInDEInContinuous2.xml
45 ms. Memory: 270336K Free: 245241K (91%)
----------------- Invoking toplevel() on ptolemy.moml.MoMLSimpleApplication@6ee2cc65
----------------- Done invoking toplevel() on ptolemy.moml.MoMLSimpleApplication@6ee2cc65
reloadAllAccessors: .ContinuousInDEInContinuous2

===========================================================================================
----------------- testing Thu Dec 26 06:28:55 UTC 2019 /home/travis/build/icyphy/ptII/ptolemy/domains/continuous/test/auto/ContinuousInDEInContinuous3.xml
----------------- Instantiating /home/travis/build/icyphy/ptII/ptolemy/domains/continuous/test/auto/ContinuousInDEInContinuous3.xml
36 ms. Memory: 270336K Free: 232953K (86%)
----------------- Invoking toplevel() on ptolemy.moml.MoMLSimpleApplication@7e4c6b80
----------------- Done invoking toplevel() on ptolemy.moml.MoMLSimpleApplication@7e4c6b80
reloadAllAccessors: .ContinuousInDEInContinuous3

===========================================================================================
----------------- testing Thu Dec 26 06:28:55 UTC 2019 /home/travis/build/icyphy/ptII/ptolemy/domains/continuous/test/auto/ContinuousInDEInput.xml
----------------- Instantiating /home/travis/build/icyphy/ptII/ptolemy/domains/continuous/test/auto/ContinuousInDEInput.xml
13 ms. Memory: 270336K Free: 225785K (84%)
----------------- Invoking toplevel() on ptolemy.moml.MoMLSimpleApplication@36bf3016
----------------- Done invoking toplevel() on ptolemy.moml.MoMLSimpleApplication@36bf3016
reloadAllAccessors: .ContinuousInDEInput

===========================================================================================
----------------- testing Thu Dec 26 06:28:55 UTC 2019 /home/travis/build/icyphy/ptII/ptolemy/domains/continuous/test/auto/ContinuousInDEInput2.xml
----------------- Instantiating /home/travis/build/icyphy/ptII/ptolemy/domains/continuous/test/auto/ContinuousInDEInput2.xml
12 ms. Memory: 270336K Free: 218617K (81%)
----------------- Invoking toplevel() on ptolemy.moml.MoMLSimpleApplication@37c8e679
----------------- Done invoking toplevel() on ptolemy.moml.MoMLSimpleApplication@37c8e679
reloadAllAccessors: .ContinuousInDEInput2

===========================================================================================
----------------- testing Thu Dec 26 06:28:55 UTC 2019 /home/travis/build/icyphy/ptII/ptolemy/domains/continuous/test/auto/ContinuousInDEInput3.xml
----------------- Instantiating /home/travis/build/icyphy/ptII/ptolemy/domains/continuous/test/auto/ContinuousInDEInput3.xml
12 ms. Memory: 270336K Free: 211449K (78%)
----------------- Invoking toplevel() on ptolemy.moml.MoMLSimpleApplication@21ab58a0
----------------- Done invoking toplevel() on ptolemy.moml.MoMLSimpleApplication@21ab58a0
reloadAllAccessors: .ContinuousInDEInput3

===========================================================================================
----------------- testing Thu Dec 26 06:28:55 UTC 2019 /home/travis/build/icyphy/ptII/ptolemy/domains/continuous/test/auto/ContinuousInDESharingRefinement.xml
----------------- Instantiating /home/travis/build/icyphy/ptII/ptolemy/domains/continuous/test/auto/ContinuousInDESharingRefinement.xml
166 ms. Memory: 270336K Free: 116731K (43%)
----------------- Invoking toplevel() on ptolemy.moml.MoMLSimpleApplication@68b80e70
----------------- Done invoking toplevel() on ptolemy.moml.MoMLSimpleApplication@68b80e70
reloadAllAccessors: .ContinuousInDESharingRefinement

===========================================================================================
----------------- testing Thu Dec 26 06:28:55 UTC 2019 /home/travis/build/icyphy/ptII/ptolemy/domains/continuous/test/auto/ContinuousInDEwithNoPorts.xml
----------------- Instantiating /home/travis/build/icyphy/ptII/ptolemy/domains/continuous/test/auto/ContinuousInDEwithNoPorts.xml
4 ms. Memory: 270336K Free: 112635K (42%)
----------------- Invoking toplevel() on ptolemy.moml.MoMLSimpleApplication@6a214458
----------------- Done invoking toplevel() on ptolemy.moml.MoMLSimpleApplication@6a214458
reloadAllAccessors: .ContinuousInDEwithNoPorts

===========================================================================================
----------------- testing Thu Dec 26 06:28:55 UTC 2019 /home/travis/build/icyphy/ptII/ptolemy/domains/continuous/test/auto/ContinuousInsideDE.xml
----------------- Instantiating /home/travis/build/icyphy/ptII/ptolemy/domains/continuous/test/auto/ContinuousInsideDE.xml
31 ms. Memory: 270336K Free: 101371K (37%)
----------------- Invoking toplevel() on ptolemy.moml.MoMLSimpleApplication@6d4a5d09
----------------- Done invoking toplevel() on ptolemy.moml.MoMLSimpleApplication@6d4a5d09
reloadAllAccessors: .ContinuousInsideDE

===========================================================================================
----------------- testing Thu Dec 26 06:28:55 UTC 2019 /home/travis/build/icyphy/ptII/ptolemy/domains/continuous/test/auto/ContinuousMerge1.xml
----------------- Instantiating /home/travis/build/icyphy/ptII/ptolemy/domains/continuous/test/auto/ContinuousMerge1.xml
3 ms. Memory: 270336K Free: 96747K (36%)
----------------- Invoking toplevel() on ptolemy.moml.MoMLSimpleApplication@6a3b0603
----------------- Done invoking toplevel() on ptolemy.moml.MoMLSimpleApplication@6a3b0603
reloadAllAccessors: .ContinuousMerge1

===========================================================================================
----------------- testing Thu Dec 26 06:28:55 UTC 2019 /home/travis/build/icyphy/ptII/ptolemy/domains/continuous/test/auto/ContinuousMerge2.xml
----------------- Instantiating /home/travis/build/icyphy/ptII/ptolemy/domains/continuous/test/auto/ContinuousMerge2.xml
19 ms. Memory: 270336K Free: 247275K (91%)
----------------- Invoking toplevel() on ptolemy.moml.MoMLSimpleApplication@56ba077b
----------------- Done invoking toplevel() on ptolemy.moml.MoMLSimpleApplication@56ba077b
reloadAllAccessors: .ContinuousMerge2

===========================================================================================
----------------- testing Thu Dec 26 06:28:55 UTC 2019 /home/travis/build/icyphy/ptII/ptolemy/domains/continuous/test/auto/ContinuousMerge3.xml
----------------- Instantiating /home/travis/build/icyphy/ptII/ptolemy/domains/continuous/test/auto/ContinuousMerge3.xml
43 ms. Memory: 270336K Free: 236525K (87%)
----------------- Invoking toplevel() on ptolemy.moml.MoMLSimpleApplication@4cef887c
----------------- Done invoking toplevel() on ptolemy.moml.MoMLSimpleApplication@4cef887c
reloadAllAccessors: .ContinuousMerge3

===========================================================================================
----------------- testing Thu Dec 26 06:28:55 UTC 2019 /home/travis/build/icyphy/ptII/ptolemy/domains/continuous/test/auto/ContinuousWithinContinuous.xml
----------------- Instantiating /home/travis/build/icyphy/ptII/ptolemy/domains/continuous/test/auto/ContinuousWithinContinuous.xml
32 ms. Memory: 270336K Free: 226795K (84%)
----------------- Invoking toplevel() on ptolemy.moml.MoMLSimpleApplication@a2d0c14
----------------- Done invoking toplevel() on ptolemy.moml.MoMLSimpleApplication@a2d0c14
reloadAllAccessors: .ContinuousWithinContinuous

===========================================================================================
----------------- testing Thu Dec 26 06:28:55 UTC 2019 /home/travis/build/icyphy/ptII/ptolemy/domains/continuous/test/auto/ContinuousWithinContinuous2.xml
----------------- Instantiating /home/travis/build/icyphy/ptII/ptolemy/domains/continuous/test/auto/ContinuousWithinContinuous2.xml
62 ms. Memory: 270336K Free: 215531K (80%)
----------------- Invoking toplevel() on ptolemy.moml.MoMLSimpleApplication@483388bf
----------------- Done invoking toplevel() on ptolemy.moml.MoMLSimpleApplication@483388bf
reloadAllAccessors: .ContinuousWithinContinuous2

===========================================================================================
----------------- testing Thu Dec 26 06:28:56 UTC 2019 /home/travis/build/icyphy/ptII/ptolemy/domains/continuous/test/auto/ContinuousWithinContinuous3.xml
----------------- Instantiating /home/travis/build/icyphy/ptII/ptolemy/domains/continuous/test/auto/ContinuousWithinContinuous3.xml
12 ms. Memory: 270336K Free: 208877K (77%)
----------------- Invoking toplevel() on ptolemy.moml.MoMLSimpleApplication@13321eee
----------------- Done invoking toplevel() on ptolemy.moml.MoMLSimpleApplication@13321eee
reloadAllAccessors: .ContinuousWithinContinuous3

===========================================================================================
----------------- testing Thu Dec 26 06:28:56 UTC 2019 /home/travis/build/icyphy/ptII/ptolemy/domains/continuous/test/auto/ContinuousWithinContinuous4.xml
----------------- Instantiating /home/travis/build/icyphy/ptII/ptolemy/domains/continuous/test/auto/ContinuousWithinContinuous4.xml
63 ms. Memory: 270336K Free: 196589K (73%)
----------------- Invoking toplevel() on ptolemy.moml.MoMLSimpleApplication@42412167
----------------- Done invoking toplevel() on ptolemy.moml.MoMLSimpleApplication@42412167
reloadAllAccessors: .ContinuousWithinContinuous4

===========================================================================================
----------------- testing Thu Dec 26 06:28:56 UTC 2019 /home/travis/build/icyphy/ptII/ptolemy/domains/continuous/test/auto/ContinuousWithinContinuous5.xml
----------------- Instantiating /home/travis/build/icyphy/ptII/ptolemy/domains/continuous/test/auto/ContinuousWithinContinuous5.xml
11 ms. Memory: 270336K Free: 188397K (70%)
----------------- Invoking toplevel() on ptolemy.moml.MoMLSimpleApplication@7844dad9
----------------- Done invoking toplevel() on ptolemy.moml.MoMLSimpleApplication@7844dad9
reloadAllAccessors: .ContinuousWithinContinuous5

===========================================================================================
----------------- testing Thu Dec 26 06:28:56 UTC 2019 /home/travis/build/icyphy/ptII/ptolemy/domains/continuous/test/auto/ContinuousWithinContinuous6.xml
----------------- Instantiating /home/travis/build/icyphy/ptII/ptolemy/domains/continuous/test/auto/ContinuousWithinContinuous6.xml
10 ms. Memory: 270336K Free: 181229K (67%)
----------------- Invoking toplevel() on ptolemy.moml.MoMLSimpleApplication@28894e07
----------------- Done invoking toplevel() on ptolemy.moml.MoMLSimpleApplication@28894e07
reloadAllAccessors: .ContinuousWithinContinuous6

===========================================================================================
----------------- testing Thu Dec 26 06:28:56 UTC 2019 /home/travis/build/icyphy/ptII/ptolemy/domains/continuous/test/auto/ContinuousWithinContinuous7.xml
----------------- Instantiating /home/travis/build/icyphy/ptII/ptolemy/domains/continuous/test/auto/ContinuousWithinContinuous7.xml
46 ms. Memory: 270336K Free: 169965K (63%)
----------------- Invoking toplevel() on ptolemy.moml.MoMLSimpleApplication@262b7ec9
----------------- Done invoking toplevel() on ptolemy.moml.MoMLSimpleApplication@262b7ec9
reloadAllAccessors: .ContinuousWithinContinuous7

===========================================================================================
----------------- testing Thu Dec 26 06:28:56 UTC 2019 /home/travis/build/icyphy/ptII/ptolemy/domains/continuous/test/auto/DCMotor.xml
----------------- Instantiating /home/travis/build/icyphy/ptII/ptolemy/domains/continuous/test/auto/DCMotor.xml
14150 ms. Memory: 270336K Free: 102624K (38%)
----------------- Invoking toplevel() on ptolemy.moml.MoMLSimpleApplication@56917e49
----------------- Done invoking toplevel() on ptolemy.moml.MoMLSimpleApplication@56917e49
reloadAllAccessors: .DCMotor

===========================================================================================
----------------- testing Thu Dec 26 06:29:10 UTC 2019 /home/travis/build/icyphy/ptII/ptolemy/domains/continuous/test/auto/DEInContinuous.xml
----------------- Instantiating /home/travis/build/icyphy/ptII/ptolemy/domains/continuous/test/auto/DEInContinuous.xml
7 ms. Memory: 270336K Free: 96480K (36%)
----------------- Invoking toplevel() on ptolemy.moml.MoMLSimpleApplication@70645060
----------------- Done invoking toplevel() on ptolemy.moml.MoMLSimpleApplication@70645060
reloadAllAccessors: .DEInContinuous

===========================================================================================
----------------- testing Thu Dec 26 06:29:10 UTC 2019 /home/travis/build/icyphy/ptII/ptolemy/domains/continuous/test/auto/DEinContinuous2.xml
----------------- Instantiating /home/travis/build/icyphy/ptII/ptolemy/domains/continuous/test/auto/DEinContinuous2.xml
6 ms. Memory: 270336K Free: 249291K (92%)
----------------- Invoking toplevel() on ptolemy.moml.MoMLSimpleApplication@55beb2d9
----------------- Done invoking toplevel() on ptolemy.moml.MoMLSimpleApplication@55beb2d9
reloadAllAccessors: .DEinContinuous2

===========================================================================================
----------------- testing Thu Dec 26 06:29:10 UTC 2019 /home/travis/build/icyphy/ptII/ptolemy/domains/continuous/test/auto/Derivative.xml
----------------- Instantiating /home/travis/build/icyphy/ptII/ptolemy/domains/continuous/test/auto/Derivative.xml
116 ms. Memory: 270336K Free: 219081K (81%)
----------------- Invoking toplevel() on ptolemy.moml.MoMLSimpleApplication@5dd41b6e
----------------- Done invoking toplevel() on ptolemy.moml.MoMLSimpleApplication@5dd41b6e
reloadAllAccessors: .Derivative2

===========================================================================================
----------------- testing Thu Dec 26 06:29:10 UTC 2019 /home/travis/build/icyphy/ptII/ptolemy/domains/continuous/test/auto/Derivative1.xml
----------------- Instantiating /home/travis/build/icyphy/ptII/ptolemy/domains/continuous/test/auto/Derivative1.xml
14 ms. Memory: 270336K Free: 204745K (76%)
----------------- Invoking toplevel() on ptolemy.moml.MoMLSimpleApplication@5ab33846
----------------- Done invoking toplevel() on ptolemy.moml.MoMLSimpleApplication@5ab33846
reloadAllAccessors: .Derivative1

===========================================================================================
----------------- testing Thu Dec 26 06:29:10 UTC 2019 /home/travis/build/icyphy/ptII/ptolemy/domains/continuous/test/auto/DiscreteClock.xml
----------------- Instantiating /home/travis/build/icyphy/ptII/ptolemy/domains/continuous/test/auto/DiscreteClock.xml
3 ms. Memory: 270336K Free: 199625K (74%)
----------------- Invoking toplevel() on ptolemy.moml.MoMLSimpleApplication@1bc8d43e
----------------- Done invoking toplevel() on ptolemy.moml.MoMLSimpleApplication@1bc8d43e
reloadAllAccessors: .DiscreteClock

===========================================================================================
----------------- testing Thu Dec 26 06:29:10 UTC 2019 /home/travis/build/icyphy/ptII/ptolemy/domains/continuous/test/auto/EfficiencyCurve.xml
----------------- Instantiating /home/travis/build/icyphy/ptII/ptolemy/domains/continuous/test/auto/EfficiencyCurve.xml
43 ms. Memory: 270336K Free: 190409K (70%)
----------------- Invoking toplevel() on ptolemy.moml.MoMLSimpleApplication@700115bd
----------------- Done invoking toplevel() on ptolemy.moml.MoMLSimpleApplication@700115bd
reloadAllAccessors: .EfficiencyCurve

===========================================================================================
----------------- testing Thu Dec 26 06:29:10 UTC 2019 /home/travis/build/icyphy/ptII/ptolemy/domains/continuous/test/auto/ExponentialResponse.xml
----------------- Instantiating /home/travis/build/icyphy/ptII/ptolemy/domains/continuous/test/auto/ExponentialResponse.xml
88 ms. Memory: 270336K Free: 174539K (65%)
----------------- Invoking toplevel() on ptolemy.moml.MoMLSimpleApplication@4e3d6b10
----------------- Done invoking toplevel() on ptolemy.moml.MoMLSimpleApplication@4e3d6b10
reloadAllAccessors: .ExponentialResponse

===========================================================================================
----------------- testing Thu Dec 26 06:29:10 UTC 2019 /home/travis/build/icyphy/ptII/ptolemy/domains/continuous/test/auto/ExponentialResponseRK45.xml
----------------- Instantiating /home/travis/build/icyphy/ptII/ptolemy/domains/continuous/test/auto/ExponentialResponseRK45.xml
21 ms. Memory: 270336K Free: 167881K (62%)
----------------- Invoking toplevel() on ptolemy.moml.MoMLSimpleApplication@6ac8f646
----------------- Done invoking toplevel() on ptolemy.moml.MoMLSimpleApplication@6ac8f646
reloadAllAccessors: .ExponentialResponseRK45

===========================================================================================
----------------- testing Thu Dec 26 06:29:10 UTC 2019 /home/travis/build/icyphy/ptII/ptolemy/domains/continuous/test/auto/Friction.xml
----------------- Instantiating /home/travis/build/icyphy/ptII/ptolemy/domains/continuous/test/auto/Friction.xml
1324 ms. Memory: 270336K Free: 224941K (83%)
----------------- Invoking toplevel() on ptolemy.moml.MoMLSimpleApplication@3dd8c502
----------------- Done invoking toplevel() on ptolemy.moml.MoMLSimpleApplication@3dd8c502
reloadAllAccessors: .Friction

===========================================================================================
----------------- testing Thu Dec 26 06:29:12 UTC 2019 /home/travis/build/icyphy/ptII/ptolemy/domains/continuous/test/auto/FurutaPendulum.xml
----------------- Instantiating /home/travis/build/icyphy/ptII/ptolemy/domains/continuous/test/auto/FurutaPendulum.xml
2707 ms. Memory: 270336K Free: 209324K (77%)
----------------- Invoking toplevel() on ptolemy.moml.MoMLSimpleApplication@660c6985
----------------- Done invoking toplevel() on ptolemy.moml.MoMLSimpleApplication@660c6985
reloadAllAccessors: .FurutaPendulum

===========================================================================================
----------------- testing Thu Dec 26 06:29:15 UTC 2019 /home/travis/build/icyphy/ptII/ptolemy/domains/continuous/test/auto/HierarchicalExecution.xml
----------------- Instantiating /home/travis/build/icyphy/ptII/ptolemy/domains/continuous/test/auto/HierarchicalExecution.xml
1556 ms. Memory: 270336K Free: 238359K (88%)
----------------- Invoking toplevel() on ptolemy.moml.MoMLSimpleApplication@3de5b342
----------------- Done invoking toplevel() on ptolemy.moml.MoMLSimpleApplication@3de5b342
reloadAllAccessors: .HierarchicalExecution

===========================================================================================
----------------- testing Thu Dec 26 06:29:17 UTC 2019 /home/travis/build/icyphy/ptII/ptolemy/domains/continuous/test/auto/HybridPlant.xml
----------------- Instantiating /home/travis/build/icyphy/ptII/ptolemy/domains/continuous/test/auto/HybridPlant.xml
474 ms. Memory: 270336K Free: 134883K (50%)
----------------- Invoking toplevel() on ptolemy.moml.MoMLSimpleApplication@6fdc191a
----------------- Done invoking toplevel() on ptolemy.moml.MoMLSimpleApplication@6fdc191a
reloadAllAccessors: .HybridPlant

===========================================================================================
----------------- testing Thu Dec 26 06:29:17 UTC 2019 /home/travis/build/icyphy/ptII/ptolemy/domains/continuous/test/auto/Hysteresis.xml
----------------- Instantiating /home/travis/build/icyphy/ptII/ptolemy/domains/continuous/test/auto/Hysteresis.xml
131 ms. Memory: 270336K Free: 232883K (86%)
----------------- Invoking toplevel() on ptolemy.moml.MoMLSimpleApplication@37f35fd5
----------------- Done invoking toplevel() on ptolemy.moml.MoMLSimpleApplication@37f35fd5
reloadAllAccessors: .Hysteresis

===========================================================================================
----------------- testing Thu Dec 26 06:29:17 UTC 2019 /home/travis/build/icyphy/ptII/ptolemy/domains/continuous/test/auto/HysteresisWithRandomDelay.xml
----------------- Instantiating /home/travis/build/icyphy/ptII/ptolemy/domains/continuous/test/auto/HysteresisWithRandomDelay.xml
168 ms. Memory: 270336K Free: 161196K (60%)
----------------- Invoking toplevel() on ptolemy.moml.MoMLSimpleApplication@712bb113
----------------- Done invoking toplevel() on ptolemy.moml.MoMLSimpleApplication@712bb113
reloadAllAccessors: .HysteresisWithRandomDelay

===========================================================================================
----------------- testing Thu Dec 26 06:29:18 UTC 2019 /home/travis/build/icyphy/ptII/ptolemy/domains/continuous/test/auto/HysteresisWithRandomLosses.xml
----------------- Instantiating /home/travis/build/icyphy/ptII/ptolemy/domains/continuous/test/auto/HysteresisWithRandomLosses.xml
2259 ms. Memory: 324608K Free: 297861K (92%)
----------------- Invoking toplevel() on ptolemy.moml.MoMLSimpleApplication@7d555767
----------------- Done invoking toplevel() on ptolemy.moml.MoMLSimpleApplication@7d555767
reloadAllAccessors: .HysteresisWithRandomLosses

===========================================================================================
----------------- testing Thu Dec 26 06:29:20 UTC 2019 /home/travis/build/icyphy/ptII/ptolemy/domains/continuous/test/auto/ImmediateTransitions.xml
----------------- Instantiating /home/travis/build/icyphy/ptII/ptolemy/domains/continuous/test/auto/ImmediateTransitions.xml
13 ms. Memory: 324608K Free: 286597K (88%)
----------------- Invoking toplevel() on ptolemy.moml.MoMLSimpleApplication@44cb647c
----------------- Done invoking toplevel() on ptolemy.moml.MoMLSimpleApplication@44cb647c
reloadAllAccessors: .ImmediateTransitions

===========================================================================================
----------------- testing Thu Dec 26 06:29:20 UTC 2019 /home/travis/build/icyphy/ptII/ptolemy/domains/continuous/test/auto/ImpulseFeedback.xml
----------------- Instantiating /home/travis/build/icyphy/ptII/ptolemy/domains/continuous/test/auto/ImpulseFeedback.xml
9 ms. Memory: 324608K Free: 280981K (87%)
----------------- Invoking toplevel() on ptolemy.moml.MoMLSimpleApplication@78c1b600
----------------- Done invoking toplevel() on ptolemy.moml.MoMLSimpleApplication@78c1b600
reloadAllAccessors: .ImpulseFeedback

===========================================================================================
----------------- testing Thu Dec 26 06:29:20 UTC 2019 /home/travis/build/icyphy/ptII/ptolemy/domains/continuous/test/auto/ImpulseFeedback2.xml
----------------- Instantiating /home/travis/build/icyphy/ptII/ptolemy/domains/continuous/test/auto/ImpulseFeedback2.xml
5 ms. Memory: 324608K Free: 275347K (85%)
----------------- Invoking toplevel() on ptolemy.moml.MoMLSimpleApplication@425ee5a7
----------------- Done invoking toplevel() on ptolemy.moml.MoMLSimpleApplication@425ee5a7
reloadAllAccessors: .ImpulseFeedback2

===========================================================================================
----------------- testing Thu Dec 26 06:29:20 UTC 2019 /home/travis/build/icyphy/ptII/ptolemy/domains/continuous/test/auto/IncreasingRatePoisson.xml
----------------- Instantiating /home/travis/build/icyphy/ptII/ptolemy/domains/continuous/test/auto/IncreasingRatePoisson.xml
664 ms. Memory: 324608K Free: 161794K (50%)
----------------- Invoking toplevel() on ptolemy.moml.MoMLSimpleApplication@35fdc1fc
----------------- Done invoking toplevel() on ptolemy.moml.MoMLSimpleApplication@35fdc1fc
reloadAllAccessors: .IncreasingRatePoisson

===========================================================================================
----------------- testing Thu Dec 26 06:29:21 UTC 2019 /home/travis/build/icyphy/ptII/ptolemy/domains/continuous/test/auto/InitialStateFeedback.xml
----------------- Instantiating /home/travis/build/icyphy/ptII/ptolemy/domains/continuous/test/auto/InitialStateFeedback.xml
3 ms. Memory: 324608K Free: 157184K (48%)
----------------- Invoking toplevel() on ptolemy.moml.MoMLSimpleApplication@2483016d
----------------- Done invoking toplevel() on ptolemy.moml.MoMLSimpleApplication@2483016d
reloadAllAccessors: .InitialStateFeedback

===========================================================================================
----------------- testing Thu Dec 26 06:29:21 UTC 2019 /home/travis/build/icyphy/ptII/ptolemy/domains/continuous/test/auto/Integration.xml
----------------- Instantiating /home/travis/build/icyphy/ptII/ptolemy/domains/continuous/test/auto/Integration.xml
2 ms. Memory: 324608K Free: 153088K (47%)
----------------- Invoking toplevel() on ptolemy.moml.MoMLSimpleApplication@66b89abf
----------------- Done invoking toplevel() on ptolemy.moml.MoMLSimpleApplication@66b89abf
reloadAllAccessors: .Integration

===========================================================================================
----------------- testing Thu Dec 26 06:29:21 UTC 2019 /home/travis/build/icyphy/ptII/ptolemy/domains/continuous/test/auto/Integration2.xml
----------------- Instantiating /home/travis/build/icyphy/ptII/ptolemy/domains/continuous/test/auto/Integration2.xml
65 ms. Memory: 324608K Free: 138752K (43%)
----------------- Invoking toplevel() on ptolemy.moml.MoMLSimpleApplication@7c312c49
----------------- Done invoking toplevel() on ptolemy.moml.MoMLSimpleApplication@7c312c49
reloadAllAccessors: .Integration2

===========================================================================================
----------------- testing Thu Dec 26 06:29:21 UTC 2019 /home/travis/build/icyphy/ptII/ptolemy/domains/continuous/test/auto/Integration3.xml
----------------- Instantiating /home/travis/build/icyphy/ptII/ptolemy/domains/continuous/test/auto/Integration3.xml
2 ms. Memory: 324608K Free: 134146K (41%)
----------------- Invoking toplevel() on ptolemy.moml.MoMLSimpleApplication@7724417e
----------------- Done invoking toplevel() on ptolemy.moml.MoMLSimpleApplication@7724417e
reloadAllAccessors: .Integration3

===========================================================================================
----------------- testing Thu Dec 26 06:29:21 UTC 2019 /home/travis/build/icyphy/ptII/ptolemy/domains/continuous/test/auto/Integration5.xml
----------------- Instantiating /home/travis/build/icyphy/ptII/ptolemy/domains/continuous/test/auto/Integration5.xml
2 ms. Memory: 324608K Free: 130050K (40%)
----------------- Invoking toplevel() on ptolemy.moml.MoMLSimpleApplication@37fc5389
----------------- Done invoking toplevel() on ptolemy.moml.MoMLSimpleApplication@37fc5389
reloadAllAccessors: .Integration5

===========================================================================================
----------------- testing Thu Dec 26 06:29:21 UTC 2019 /home/travis/build/icyphy/ptII/ptolemy/domains/continuous/test/auto/IntegratorImpulse.xml
----------------- Instantiating /home/travis/build/icyphy/ptII/ptolemy/domains/continuous/test/auto/IntegratorImpulse.xml
2 ms. Memory: 324608K Free: 125954K (39%)
----------------- Invoking toplevel() on ptolemy.moml.MoMLSimpleApplication@6382ca63
----------------- Done invoking toplevel() on ptolemy.moml.MoMLSimpleApplication@6382ca63
reloadAllAccessors: .IntegratorImpulse

===========================================================================================
----------------- testing Thu Dec 26 06:29:21 UTC 2019 /home/travis/build/icyphy/ptII/ptolemy/domains/continuous/test/auto/IntegratorImpulse2.xml
----------------- Instantiating /home/travis/build/icyphy/ptII/ptolemy/domains/continuous/test/auto/IntegratorImpulse2.xml
4 ms. Memory: 324608K Free: 121314K (37%)
----------------- Invoking toplevel() on ptolemy.moml.MoMLSimpleApplication@21733005
----------------- Done invoking toplevel() on ptolemy.moml.MoMLSimpleApplication@21733005
reloadAllAccessors: .IntegratorImpulse2

===========================================================================================
----------------- testing Thu Dec 26 06:29:21 UTC 2019 /home/travis/build/icyphy/ptII/ptolemy/domains/continuous/test/auto/LevelCrossing1.xml
----------------- Instantiating /home/travis/build/icyphy/ptII/ptolemy/domains/continuous/test/auto/LevelCrossing1.xml
2 ms. Memory: 324608K Free: 116224K (36%)
----------------- Invoking toplevel() on ptolemy.moml.MoMLSimpleApplication@38fd9f39
----------------- Done invoking toplevel() on ptolemy.moml.MoMLSimpleApplication@38fd9f39
reloadAllAccessors: .LevelCrossing1

===========================================================================================
----------------- testing Thu Dec 26 06:29:21 UTC 2019 /home/travis/build/icyphy/ptII/ptolemy/domains/continuous/test/auto/LevelCrossing2.xml
----------------- Instantiating /home/travis/build/icyphy/ptII/ptolemy/domains/continuous/test/auto/LevelCrossing2.xml
3 ms. Memory: 324608K Free: 304831K (94%)
----------------- Invoking toplevel() on ptolemy.moml.MoMLSimpleApplication@6a7e6817
----------------- Done invoking toplevel() on ptolemy.moml.MoMLSimpleApplication@6a7e6817
reloadAllAccessors: .LevelCrossing2

===========================================================================================
----------------- testing Thu Dec 26 06:29:21 UTC 2019 /home/travis/build/icyphy/ptII/ptolemy/domains/continuous/test/auto/LevelCrossing3.xml
----------------- Instantiating /home/travis/build/icyphy/ptII/ptolemy/domains/continuous/test/auto/LevelCrossing3.xml
2 ms. Memory: 324608K Free: 299711K (92%)
----------------- Invoking toplevel() on ptolemy.moml.MoMLSimpleApplication@22233a4f
----------------- Done invoking toplevel() on ptolemy.moml.MoMLSimpleApplication@22233a4f
reloadAllAccessors: .LevelCrossing3

===========================================================================================
----------------- testing Thu Dec 26 06:29:21 UTC 2019 /home/travis/build/icyphy/ptII/ptolemy/domains/continuous/test/auto/LevelCrossing4.xml
----------------- Instantiating /home/travis/build/icyphy/ptII/ptolemy/domains/continuous/test/auto/LevelCrossing4.xml
3 ms. Memory: 324608K Free: 294605K (91%)
----------------- Invoking toplevel() on ptolemy.moml.MoMLSimpleApplication@69dc9e1
----------------- Done invoking toplevel() on ptolemy.moml.MoMLSimpleApplication@69dc9e1
reloadAllAccessors: .LevelCrossing4

===========================================================================================
----------------- testing Thu Dec 26 06:29:21 UTC 2019 /home/travis/build/icyphy/ptII/ptolemy/domains/continuous/test/auto/LevelCrossing5.xml
----------------- Instantiating /home/travis/build/icyphy/ptII/ptolemy/domains/continuous/test/auto/LevelCrossing5.xml
2 ms. Memory: 324608K Free: 289471K (89%)
----------------- Invoking toplevel() on ptolemy.moml.MoMLSimpleApplication@2fbea7d1
----------------- Done invoking toplevel() on ptolemy.moml.MoMLSimpleApplication@2fbea7d1
reloadAllAccessors: .LevelCrossing5

===========================================================================================
[...]
4 ms. Memory: 324608K Free: 228970K (71%)
----------------- Invoking toplevel() on ptolemy.moml.MoMLSimpleApplication@5f926408
----------------- Done invoking toplevel() on ptolemy.moml.MoMLSimpleApplication@5f926408
reloadAllAccessors: .SRinContinuous

===========================================================================================
----------------- testing Thu Dec 26 06:29:36 UTC 2019 /home/travis/build/icyphy/ptII/ptolemy/domains/continuous/test/auto/SampledClocks.xml
----------------- Instantiating /home/travis/build/icyphy/ptII/ptolemy/domains/continuous/test/auto/SampledClocks.xml
6 ms. Memory: 324608K Free: 216168K (67%)
----------------- Invoking toplevel() on ptolemy.moml.MoMLSimpleApplication@6fcb5c
----------------- Done invoking toplevel() on ptolemy.moml.MoMLSimpleApplication@6fcb5c
reloadAllAccessors: .SampledClocks

===========================================================================================
----------------- testing Thu Dec 26 06:29:36 UTC 2019 /home/travis/build/icyphy/ptII/ptolemy/domains/continuous/test/auto/Satellite.xml
----------------- Instantiating /home/travis/build/icyphy/ptII/ptolemy/domains/continuous/test/auto/Satellite.xml
716 ms. Memory: 324608K Free: 219035K (67%)
----------------- Invoking toplevel() on ptolemy.moml.MoMLSimpleApplication@12e3025e
----------------- Done invoking toplevel() on ptolemy.moml.MoMLSimpleApplication@12e3025e
reloadAllAccessors: .Satellite

===========================================================================================
----------------- testing Thu Dec 26 06:29:37 UTC 2019 /home/travis/build/icyphy/ptII/ptolemy/domains/continuous/test/auto/SigmaDelta.xml
----------------- Instantiating /home/travis/build/icyphy/ptII/ptolemy/domains/continuous/test/auto/SigmaDelta.xml
1947 ms. Memory: 324608K Free: 149072K (46%)
----------------- Invoking toplevel() on ptolemy.moml.MoMLSimpleApplication@4f5068ec
----------------- Done invoking toplevel() on ptolemy.moml.MoMLSimpleApplication@4f5068ec
reloadAllAccessors: .SigmaDelta

===========================================================================================
----------------- testing Thu Dec 26 06:29:39 UTC 2019 /home/travis/build/icyphy/ptII/ptolemy/domains/continuous/test/auto/SingleRefinement.xml
----------------- Instantiating /home/travis/build/icyphy/ptII/ptolemy/domains/continuous/test/auto/SingleRefinement.xml
298 ms. Memory: 324608K Free: 160307K (49%)
----------------- Invoking toplevel() on ptolemy.moml.MoMLSimpleApplication@4f417879
----------------- Done invoking toplevel() on ptolemy.moml.MoMLSimpleApplication@4f417879
reloadAllAccessors: .SingleRefinement

===========================================================================================
----------------- testing Thu Dec 26 06:29:39 UTC 2019 /home/travis/build/icyphy/ptII/ptolemy/domains/continuous/test/auto/SinuBouncingBall.xml
----------------- Instantiating /home/travis/build/icyphy/ptII/ptolemy/domains/continuous/test/auto/SinuBouncingBall.xml
759 ms. Memory: 324608K Free: 141526K (44%)
----------------- Invoking toplevel() on ptolemy.moml.MoMLSimpleApplication@46a524c
----------------- Done invoking toplevel() on ptolemy.moml.MoMLSimpleApplication@46a524c
reloadAllAccessors: .SinuBouncingBall

===========================================================================================
----------------- testing Thu Dec 26 06:29:40 UTC 2019 /home/travis/build/icyphy/ptII/ptolemy/domains/continuous/test/auto/Sinusoid.xml
----------------- Instantiating /home/travis/build/icyphy/ptII/ptolemy/domains/continuous/test/auto/Sinusoid.xml
4 ms. Memory: 324608K Free: 136902K (42%)
----------------- Invoking toplevel() on ptolemy.moml.MoMLSimpleApplication@5925798b
----------------- Done invoking toplevel() on ptolemy.moml.MoMLSimpleApplication@5925798b
reloadAllAccessors: .Sinusoid

===========================================================================================
----------------- testing Thu Dec 26 06:29:40 UTC 2019 /home/travis/build/icyphy/ptII/ptolemy/domains/continuous/test/auto/SinusoidInNoise.xml
----------------- Instantiating /home/travis/build/icyphy/ptII/ptolemy/domains/continuous/test/auto/SinusoidInNoise.xml
793 ms. Memory: 324608K Free: 194309K (60%)
----------------- Invoking toplevel() on ptolemy.moml.MoMLSimpleApplication@4189d03b
----------------- Done invoking toplevel() on ptolemy.moml.MoMLSimpleApplication@4189d03b
reloadAllAccessors: .SinusoidInNoise

===========================================================================================
----------------- testing Thu Dec 26 06:29:41 UTC 2019 /home/travis/build/icyphy/ptII/ptolemy/domains/continuous/test/auto/SinusoidRK45.xml
----------------- Instantiating /home/travis/build/icyphy/ptII/ptolemy/domains/continuous/test/auto/SinusoidRK45.xml
2 ms. Memory: 324608K Free: 190004K (59%)
----------------- Invoking toplevel() on ptolemy.moml.MoMLSimpleApplication@6c4bb4e5
----------------- Done invoking toplevel() on ptolemy.moml.MoMLSimpleApplication@6c4bb4e5
reloadAllAccessors: .SinusoidRK45

===========================================================================================
----------------- testing Thu Dec 26 06:29:41 UTC 2019 /home/travis/build/icyphy/ptII/ptolemy/domains/continuous/test/auto/SinusoidWithMultipleImpulses.xml
----------------- Instantiating /home/travis/build/icyphy/ptII/ptolemy/domains/continuous/test/auto/SinusoidWithMultipleImpulses.xml
2 ms. Memory: 324608K Free: 185412K (57%)
----------------- Invoking toplevel() on ptolemy.moml.MoMLSimpleApplication@370c5f2c
----------------- Done invoking toplevel() on ptolemy.moml.MoMLSimpleApplication@370c5f2c
reloadAllAccessors: .SinusoidWithMultipleImpulses

===========================================================================================
----------------- testing Thu Dec 26 06:29:41 UTC 2019 /home/travis/build/icyphy/ptII/ptolemy/domains/continuous/test/auto/SquareWave.xml
----------------- Instantiating /home/travis/build/icyphy/ptII/ptolemy/domains/continuous/test/auto/SquareWave.xml
134 ms. Memory: 324608K Free: 158274K (49%)
----------------- Invoking toplevel() on ptolemy.moml.MoMLSimpleApplication@14e78e93
----------------- Done invoking toplevel() on ptolemy.moml.MoMLSimpleApplication@14e78e93
reloadAllAccessors: .SquareWave

===========================================================================================
----------------- testing Thu Dec 26 06:29:41 UTC 2019 /home/travis/build/icyphy/ptII/ptolemy/domains/continuous/test/auto/Starmac.xml
----------------- Instantiating /home/travis/build/icyphy/ptII/ptolemy/domains/continuous/test/auto/Starmac.xml
3064 ms. Memory: 324608K Free: 226873K (70%)
----------------- Invoking toplevel() on ptolemy.moml.MoMLSimpleApplication@6a37fc37
----------------- Done invoking toplevel() on ptolemy.moml.MoMLSimpleApplication@6a37fc37
reloadAllAccessors: .Starmac

===========================================================================================
----------------- testing Thu Dec 26 06:29:45 UTC 2019 /home/travis/build/icyphy/ptII/ptolemy/domains/continuous/test/auto/StaticUnits.xml
----------------- Instantiating /home/travis/build/icyphy/ptII/ptolemy/domains/continuous/test/auto/StaticUnits.xml
1909 ms. Memory: 324608K Free: 152104K (47%)
----------------- Invoking toplevel() on ptolemy.moml.MoMLSimpleApplication@19480d5a
----------------- Done invoking toplevel() on ptolemy.moml.MoMLSimpleApplication@19480d5a
reloadAllAccessors: .StaticUnits

===========================================================================================
----------------- testing Thu Dec 26 06:29:47 UTC 2019 /home/travis/build/icyphy/ptII/ptolemy/domains/continuous/test/auto/StickyMasses.xml
----------------- Instantiating /home/travis/build/icyphy/ptII/ptolemy/domains/continuous/test/auto/StickyMasses.xml
223 ms. Memory: 324608K Free: 291940K (90%)
----------------- Invoking toplevel() on ptolemy.moml.MoMLSimpleApplication@1e08f8a7
----------------- Done invoking toplevel() on ptolemy.moml.MoMLSimpleApplication@1e08f8a7
reloadAllAccessors: .StickyMasses

===========================================================================================
----------------- testing Thu Dec 26 06:29:47 UTC 2019 /home/travis/build/icyphy/ptII/ptolemy/domains/continuous/test/auto/StopTime.xml
----------------- Instantiating /home/travis/build/icyphy/ptII/ptolemy/domains/continuous/test/auto/StopTime.xml
38 ms. Memory: 324608K Free: 266706K (82%)
----------------- Invoking toplevel() on ptolemy.moml.MoMLSimpleApplication@3bdd905c
----------------- Done invoking toplevel() on ptolemy.moml.MoMLSimpleApplication@3bdd905c
reloadAllAccessors: .StopTime

===========================================================================================
----------------- testing Thu Dec 26 06:29:47 UTC 2019 /home/travis/build/icyphy/ptII/ptolemy/domains/continuous/test/auto/StopTime2.xml
----------------- Instantiating /home/travis/build/icyphy/ptII/ptolemy/domains/continuous/test/auto/StopTime2.xml
34 ms. Memory: 324608K Free: 244178K (75%)
----------------- Invoking toplevel() on ptolemy.moml.MoMLSimpleApplication@17f01ca
----------------- Done invoking toplevel() on ptolemy.moml.MoMLSimpleApplication@17f01ca
reloadAllAccessors: .StopTime2

===========================================================================================
----------------- testing Thu Dec 26 06:29:47 UTC 2019 /home/travis/build/icyphy/ptII/ptolemy/domains/continuous/test/auto/Switch.xml
----------------- Instantiating /home/travis/build/icyphy/ptII/ptolemy/domains/continuous/test/auto/Switch.xml
36 ms. Memory: 324608K Free: 219107K (67%)
----------------- Invoking toplevel() on ptolemy.moml.MoMLSimpleApplication@2b63b965
----------------- Done invoking toplevel() on ptolemy.moml.MoMLSimpleApplication@2b63b965
reloadAllAccessors: .Switch

===========================================================================================
----------------- testing Thu Dec 26 06:29:47 UTC 2019 /home/travis/build/icyphy/ptII/ptolemy/domains/continuous/test/auto/Thermostat.xml
----------------- Instantiating /home/travis/build/icyphy/ptII/ptolemy/domains/continuous/test/auto/Thermostat.xml
175 ms. Memory: 324608K Free: 146906K (45%)
----------------- Invoking toplevel() on ptolemy.moml.MoMLSimpleApplication@483f1dc2
----------------- Done invoking toplevel() on ptolemy.moml.MoMLSimpleApplication@483f1dc2
reloadAllAccessors: .Thermostat

===========================================================================================
----------------- testing Thu Dec 26 06:29:48 UTC 2019 /home/travis/build/icyphy/ptII/ptolemy/domains/continuous/test/auto/TimeDelay.xml
----------------- Instantiating /home/travis/build/icyphy/ptII/ptolemy/domains/continuous/test/auto/TimeDelay.xml
5 ms. Memory: 324608K Free: 142307K (44%)
----------------- Invoking toplevel() on ptolemy.moml.MoMLSimpleApplication@70c684c2
----------------- Done invoking toplevel() on ptolemy.moml.MoMLSimpleApplication@70c684c2
reloadAllAccessors: .TimeDelay

===========================================================================================
----------------- testing Thu Dec 26 06:29:48 UTC 2019 /home/travis/build/icyphy/ptII/ptolemy/domains/continuous/test/auto/TimeDelay2.xml
----------------- Instantiating /home/travis/build/icyphy/ptII/ptolemy/domains/continuous/test/auto/TimeDelay2.xml
6 ms. Memory: 324608K Free: 132577K (41%)
----------------- Invoking toplevel() on ptolemy.moml.MoMLSimpleApplication@3a2d43c5
----------------- Done invoking toplevel() on ptolemy.moml.MoMLSimpleApplication@3a2d43c5
reloadAllAccessors: .TimeDelay2

===========================================================================================
----------------- testing Thu Dec 26 06:29:48 UTC 2019 /home/travis/build/icyphy/ptII/ptolemy/domains/continuous/test/auto/TimeDelay3.xml
----------------- Instantiating /home/travis/build/icyphy/ptII/ptolemy/domains/continuous/test/auto/TimeDelay3.xml
3 ms. Memory: 324608K Free: 127971K (39%)
----------------- Invoking toplevel() on ptolemy.moml.MoMLSimpleApplication@65eeb04e
----------------- Done invoking toplevel() on ptolemy.moml.MoMLSimpleApplication@65eeb04e
reloadAllAccessors: .TimeDelay3

===========================================================================================
----------------- testing Thu Dec 26 06:29:48 UTC 2019 /home/travis/build/icyphy/ptII/ptolemy/domains/continuous/test/auto/TransferAbsentToInside.xml
----------------- Instantiating /home/travis/build/icyphy/ptII/ptolemy/domains/continuous/test/auto/TransferAbsentToInside.xml
27 ms. Memory: 324608K Free: 263630K (81%)
----------------- Invoking toplevel() on ptolemy.moml.MoMLSimpleApplication@49faf0e8
----------------- Done invoking toplevel() on ptolemy.moml.MoMLSimpleApplication@49faf0e8
reloadAllAccessors: .TransferAbsentToInside

===========================================================================================
----------------- testing Thu Dec 26 06:29:48 UTC 2019 /home/travis/build/icyphy/ptII/ptolemy/domains/continuous/test/auto/Transmission.xml
----------------- Instantiating /home/travis/build/icyphy/ptII/ptolemy/domains/continuous/test/auto/Transmission.xml
699 ms. Memory: 324608K Free: 222170K (68%)
----------------- Invoking toplevel() on ptolemy.moml.MoMLSimpleApplication@174fbaae
----------------- Done invoking toplevel() on ptolemy.moml.MoMLSimpleApplication@174fbaae
reloadAllAccessors: .Transmission

===========================================================================================
----------------- testing Thu Dec 26 06:29:48 UTC 2019 /home/travis/build/icyphy/ptII/ptolemy/domains/continuous/test/auto/TriggeredContinuousClock.xml
----------------- Instantiating /home/travis/build/icyphy/ptII/ptolemy/domains/continuous/test/auto/TriggeredContinuousClock.xml
33 ms. Memory: 324608K Free: 192474K (59%)
----------------- Invoking toplevel() on ptolemy.moml.MoMLSimpleApplication@2d84807f
----------------- Done invoking toplevel() on ptolemy.moml.MoMLSimpleApplication@2d84807f
reloadAllAccessors: .TriggeredContinuousClock

===========================================================================================
----------------- testing Thu Dec 26 06:29:49 UTC 2019 /home/travis/build/icyphy/ptII/ptolemy/domains/continuous/test/auto/TwoMachineInfiniteBusControl.xml
----------------- Instantiating /home/travis/build/icyphy/ptII/ptolemy/domains/continuous/test/auto/TwoMachineInfiniteBusControl.xml
2495 ms. Memory: 324608K Free: 191385K (59%)
----------------- Invoking toplevel() on ptolemy.moml.MoMLSimpleApplication@1b1b961e
----------------- Done invoking toplevel() on ptolemy.moml.MoMLSimpleApplication@1b1b961e
reloadAllAccessors: .TwoMachineInfiniteBusControl

===========================================================================================
----------------- testing Thu Dec 26 06:29:51 UTC 2019 /home/travis/build/icyphy/ptII/ptolemy/domains/continuous/test/auto/V2V.xml
----------------- Instantiating /home/travis/build/icyphy/ptII/ptolemy/domains/continuous/test/auto/V2V.xml
720 ms. Memory: 324608K Free: 192923K (59%)
----------------- Invoking toplevel() on ptolemy.moml.MoMLSimpleApplication@43d85a0a
----------------- Done invoking toplevel() on ptolemy.moml.MoMLSimpleApplication@43d85a0a
reloadAllAccessors: .V2V

===========================================================================================
----------------- testing Thu Dec 26 06:29:52 UTC 2019 /home/travis/build/icyphy/ptII/ptolemy/domains/continuous/test/auto/hierarchicalModalModel.xml
----------------- Instantiating /home/travis/build/icyphy/ptII/ptolemy/domains/continuous/test/auto/hierarchicalModalModel.xml
7 ms. Memory: 324608K Free: 178077K (55%)
----------------- Invoking toplevel() on ptolemy.moml.MoMLSimpleApplication@b6319ec
----------------- Done invoking toplevel() on ptolemy.moml.MoMLSimpleApplication@b6319ec
reloadAllAccessors: .hierarchicalModalModel

===========================================================================================
----------------- testing Thu Dec 26 06:29:52 UTC 2019 /home/travis/build/icyphy/ptII/ptolemy/domains/continuous/test/auto/hierarchicalModalModel1.xml
----------------- Instantiating /home/travis/build/icyphy/ptII/ptolemy/domains/continuous/test/auto/hierarchicalModalModel1.xml
8 ms. Memory: 324608K Free: 163741K (50%)
----------------- Invoking toplevel() on ptolemy.moml.MoMLSimpleApplication@5f4328e8
----------------- Done invoking toplevel() on ptolemy.moml.MoMLSimpleApplication@5f4328e8
reloadAllAccessors: .hierarchicalModalModel1

===========================================================================================
----------------- testing Thu Dec 26 06:29:52 UTC 2019 /home/travis/build/icyphy/ptII/ptolemy/domains/continuous/test/auto/hierarchicalModalModel2.xml
----------------- Instantiating /home/travis/build/icyphy/ptII/ptolemy/domains/continuous/test/auto/hierarchicalModalModel2.xml
6 ms. Memory: 324608K Free: 151453K (47%)
----------------- Invoking toplevel() on ptolemy.moml.MoMLSimpleApplication@4f52c4ac
----------------- Done invoking toplevel() on ptolemy.moml.MoMLSimpleApplication@4f52c4ac
reloadAllAccessors: .hierarchicalModalModel2

===========================================================================================
----------------- testing Thu Dec 26 06:29:52 UTC 2019 /home/travis/build/icyphy/ptII/ptolemy/domains/continuous/test/auto/hierarchicalModalModel3.xml
----------------- Instantiating /home/travis/build/icyphy/ptII/ptolemy/domains/continuous/test/auto/hierarchicalModalModel3.xml
5 ms. Memory: 324608K Free: 140699K (43%)
----------------- Invoking toplevel() on ptolemy.moml.MoMLSimpleApplication@59aa7da0
----------------- Done invoking toplevel() on ptolemy.moml.MoMLSimpleApplication@59aa7da0
reloadAllAccessors: .hierarchicalModalModel3

===========================================================================================
----------------- testing Thu Dec 26 06:29:52 UTC 2019 /home/travis/build/icyphy/ptII/ptolemy/domains/continuous/test/auto/hierarchicalModalModel4.xml
----------------- Instantiating /home/travis/build/icyphy/ptII/ptolemy/domains/continuous/test/auto/hierarchicalModalModel4.xml
5 ms. Memory: 324608K Free: 128925K (40%)
----------------- Invoking toplevel() on ptolemy.moml.MoMLSimpleApplication@775148a8
----------------- Done invoking toplevel() on ptolemy.moml.MoMLSimpleApplication@775148a8
reloadAllAccessors: .hierarchicalModalModel4

===========================================================================================
----------------- testing Thu Dec 26 06:29:52 UTC 2019 /home/travis/build/icyphy/ptII/ptolemy/domains/continuous/test/auto/junk.xml
----------------- Instantiating /home/travis/build/icyphy/ptII/ptolemy/domains/continuous/test/auto/junk.xml
135 ms. Memory: 324608K Free: 292269K (90%)
----------------- Invoking toplevel() on ptolemy.moml.MoMLSimpleApplication@42b30412
----------------- Done invoking toplevel() on ptolemy.moml.MoMLSimpleApplication@42b30412
reloadAllAccessors: .junk
AutoTests.java: About to close Vertx.
AutoTests.java: Vertx closed.
]]></system-out>
  <system-err><![CDATA[Warning: '.HysteresisWithRandomDelay.NonStrictTest' The test produced only 221 tokens, yet the correctValues parameter was expecting 222 tokens.
Warning: '.HysteresisWithRandomDelay.NonStrictTest2' The test produced only 220 tokens, yet the correctValues parameter was expecting 221 tokens.
Warning: '.HysteresisWithRandomDelay.NonStrictTest3' The test produced only 23 tokens, yet the correctValues parameter was expecting 30 tokens.
Warning: '.IncreasingRatePoisson.NonStrictTest' The test produced only 396 tokens, yet the correctValues parameter was expecting 402 tokens.
Warning: '.Poisson.NonStrictTest' The test produced only 385 tokens, yet the correctValues parameter was expecting 430 tokens.
]]></system-err>
</testsuite>
