<?xml version="1.0" encoding="UTF-8" ?>
<testsuite errors="0" failures="0" hostname="travis-job-9edf8487-43b6-41a9-a58f-5adf86e51394" name="ptolemy.domains.continuous.test.junit.JUnitTclTest" skipped="0" tests="156" time="74.009" timestamp="2018-11-22T03:31:13">
  <properties>
[...]
</properties>
  <testcase classname="ptolemy.util.test.junit.TclTests" name="[0] ThereAreNoTclTests (RunTclFile)" time="0.001" />
  <testcase classname="ptolemy.util.test.junit.AutoKnownFailedTests" name="[0] ThereAreNoKnowFailedTests (RunModel)" time="0.004" />
  <testcase classname="ptolemy.util.test.junit.AutoNameArchTests" name="[0] ThereAreNoAutoArchTests (RunModel)" time="0.001" />
  <testcase classname="ptolemy.util.test.junit.AutoTests" name="[0] /home/travis/build/icyphy/ptII/ptolemy/domains/continuous/test/auto/BouncingBall.xml (RunModel)" time="2.899" />
  <testcase classname="ptolemy.util.test.junit.AutoTests" name="[1] /home/travis/build/icyphy/ptII/ptolemy/domains/continuous/test/auto/BouncingBallWithoutGR.xml (RunModel)" time="0.884" />
  <testcase classname="ptolemy.util.test.junit.AutoTests" name="[2] /home/travis/build/icyphy/ptII/ptolemy/domains/continuous/test/auto/Brownian.xml (RunModel)" time="0.103" />
  <testcase classname="ptolemy.util.test.junit.AutoTests" name="[3] /home/travis/build/icyphy/ptII/ptolemy/domains/continuous/test/auto/CarTracking.xml (RunModel)" time="3.539" />
  <testcase classname="ptolemy.util.test.junit.AutoTests" name="[4] /home/travis/build/icyphy/ptII/ptolemy/domains/continuous/test/auto/CartPendulum.xml (RunModel)" time="0.49" />
  <testcase classname="ptolemy.util.test.junit.AutoTests" name="[5] /home/travis/build/icyphy/ptII/ptolemy/domains/continuous/test/auto/CausalityInterface10.xml (RunModel)" time="0.051" />
  <testcase classname="ptolemy.util.test.junit.AutoTests" name="[6] /home/travis/build/icyphy/ptII/ptolemy/domains/continuous/test/auto/CausalityInterface11.xml (RunModel)" time="0.041" />
  <testcase classname="ptolemy.util.test.junit.AutoTests" name="[7] /home/travis/build/icyphy/ptII/ptolemy/domains/continuous/test/auto/CausalityInterface12.xml (RunModel)" time="0.047" />
  <testcase classname="ptolemy.util.test.junit.AutoTests" name="[8] /home/travis/build/icyphy/ptII/ptolemy/domains/continuous/test/auto/CausalityInterface13.xml (RunModel)" time="0.042" />
  <testcase classname="ptolemy.util.test.junit.AutoTests" name="[9] /home/travis/build/icyphy/ptII/ptolemy/domains/continuous/test/auto/CausalityInterface14.xml (RunModel)" time="0.027" />
  <testcase classname="ptolemy.util.test.junit.AutoTests" name="[10] /home/travis/build/icyphy/ptII/ptolemy/domains/continuous/test/auto/CausalityInterface4.xml (RunModel)" time="0.028" />
  <testcase classname="ptolemy.util.test.junit.AutoTests" name="[11] /home/travis/build/icyphy/ptII/ptolemy/domains/continuous/test/auto/CausalityInterface5.xml (RunModel)" time="0.036" />
  <testcase classname="ptolemy.util.test.junit.AutoTests" name="[12] /home/travis/build/icyphy/ptII/ptolemy/domains/continuous/test/auto/CausalityInterface6.xml (RunModel)" time="0.029" />
  <testcase classname="ptolemy.util.test.junit.AutoTests" name="[13] /home/travis/build/icyphy/ptII/ptolemy/domains/continuous/test/auto/CausalityInterface7.xml (RunModel)" time="0.047" />
  <testcase classname="ptolemy.util.test.junit.AutoTests" name="[14] /home/travis/build/icyphy/ptII/ptolemy/domains/continuous/test/auto/CausalityInterface8.xml (RunModel)" time="0.038" />
  <testcase classname="ptolemy.util.test.junit.AutoTests" name="[15] /home/travis/build/icyphy/ptII/ptolemy/domains/continuous/test/auto/CausalityInterface9.xml (RunModel)" time="0.046" />
  <testcase classname="ptolemy.util.test.junit.AutoTests" name="[16] /home/travis/build/icyphy/ptII/ptolemy/domains/continuous/test/auto/CausalityInterfaceFeedback1.xml (RunModel)" time="0.039" />
  <testcase classname="ptolemy.util.test.junit.AutoTests" name="[17] /home/travis/build/icyphy/ptII/ptolemy/domains/continuous/test/auto/CausalityInterfaceFeedback2.xml (RunModel)" time="0.033" />
  <testcase classname="ptolemy.util.test.junit.AutoTests" name="[18] /home/travis/build/icyphy/ptII/ptolemy/domains/continuous/test/auto/CompareWithCurrentTime.xml (RunModel)" time="0.03" />
  <testcase classname="ptolemy.util.test.junit.AutoTests" name="[19] /home/travis/build/icyphy/ptII/ptolemy/domains/continuous/test/auto/ComparedClocks.xml (RunModel)" time="0.074" />
  <testcase classname="ptolemy.util.test.junit.AutoTests" name="[20] /home/travis/build/icyphy/ptII/ptolemy/domains/continuous/test/auto/ContinuousAOCClone.xml (RunModel)" time="2.6" />
  <testcase classname="ptolemy.util.test.junit.AutoTests" name="[21] /home/travis/build/icyphy/ptII/ptolemy/domains/continuous/test/auto/ContinuousClock.xml (RunModel)" time="0.073" />
  <testcase classname="ptolemy.util.test.junit.AutoTests" name="[22] /home/travis/build/icyphy/ptII/ptolemy/domains/continuous/test/auto/ContinuousInContinuous.xml (RunModel)" time="0.082" />
  <testcase classname="ptolemy.util.test.junit.AutoTests" name="[23] /home/travis/build/icyphy/ptII/ptolemy/domains/continuous/test/auto/ContinuousInContinuousInContinuous.xml (RunModel)" time="0.021" />
  <testcase classname="ptolemy.util.test.junit.AutoTests" name="[24] /home/travis/build/icyphy/ptII/ptolemy/domains/continuous/test/auto/ContinuousInDE.xml (RunModel)" time="0.132" />
  <testcase classname="ptolemy.util.test.junit.AutoTests" name="[25] /home/travis/build/icyphy/ptII/ptolemy/domains/continuous/test/auto/ContinuousInDE2.xml (RunModel)" time="0.065" />
  <testcase classname="ptolemy.util.test.junit.AutoTests" name="[26] /home/travis/build/icyphy/ptII/ptolemy/domains/continuous/test/auto/ContinuousInDE3.xml (RunModel)" time="0.061" />
  <testcase classname="ptolemy.util.test.junit.AutoTests" name="[27] /home/travis/build/icyphy/ptII/ptolemy/domains/continuous/test/auto/ContinuousInDE4.xml (RunModel)" time="0.034" />
  <testcase classname="ptolemy.util.test.junit.AutoTests" name="[28] /home/travis/build/icyphy/ptII/ptolemy/domains/continuous/test/auto/ContinuousInDEDifferentRefinements.xml (RunModel)" time="0.1" />
  <testcase classname="ptolemy.util.test.junit.AutoTests" name="[29] /home/travis/build/icyphy/ptII/ptolemy/domains/continuous/test/auto/ContinuousInDEDifferentRefinementsPreemptive.xml (RunModel)" time="0.092" />
  <testcase classname="ptolemy.util.test.junit.AutoTests" name="[30] /home/travis/build/icyphy/ptII/ptolemy/domains/continuous/test/auto/ContinuousInDEInContinuous2.xml (RunModel)" time="0.067" />
  <testcase classname="ptolemy.util.test.junit.AutoTests" name="[31] /home/travis/build/icyphy/ptII/ptolemy/domains/continuous/test/auto/ContinuousInDEInContinuous3.xml (RunModel)" time="0.051" />
  <testcase classname="ptolemy.util.test.junit.AutoTests" name="[32] /home/travis/build/icyphy/ptII/ptolemy/domains/continuous/test/auto/ContinuousInDEInput.xml (RunModel)" time="0.036" />
  <testcase classname="ptolemy.util.test.junit.AutoTests" name="[33] /home/travis/build/icyphy/ptII/ptolemy/domains/continuous/test/auto/ContinuousInDEInput2.xml (RunModel)" time="0.036" />
  <testcase classname="ptolemy.util.test.junit.AutoTests" name="[34] /home/travis/build/icyphy/ptII/ptolemy/domains/continuous/test/auto/ContinuousInDEInput3.xml (RunModel)" time="0.031" />
  <testcase classname="ptolemy.util.test.junit.AutoTests" name="[35] /home/travis/build/icyphy/ptII/ptolemy/domains/continuous/test/auto/ContinuousInDESharingRefinement.xml (RunModel)" time="0.157" />
  <testcase classname="ptolemy.util.test.junit.AutoTests" name="[36] /home/travis/build/icyphy/ptII/ptolemy/domains/continuous/test/auto/ContinuousInDEwithNoPorts.xml (RunModel)" time="0.018" />
  <testcase classname="ptolemy.util.test.junit.AutoTests" name="[37] /home/travis/build/icyphy/ptII/ptolemy/domains/continuous/test/auto/ContinuousInsideDE.xml (RunModel)" time="0.08" />
  <testcase classname="ptolemy.util.test.junit.AutoTests" name="[38] /home/travis/build/icyphy/ptII/ptolemy/domains/continuous/test/auto/ContinuousMerge1.xml (RunModel)" time="0.018" />
  <testcase classname="ptolemy.util.test.junit.AutoTests" name="[39] /home/travis/build/icyphy/ptII/ptolemy/domains/continuous/test/auto/ContinuousMerge2.xml (RunModel)" time="0.047" />
  <testcase classname="ptolemy.util.test.junit.AutoTests" name="[40] /home/travis/build/icyphy/ptII/ptolemy/domains/continuous/test/auto/ContinuousMerge3.xml (RunModel)" time="0.079" />
  <testcase classname="ptolemy.util.test.junit.AutoTests" name="[41] /home/travis/build/icyphy/ptII/ptolemy/domains/continuous/test/auto/ContinuousWithinContinuous.xml (RunModel)" time="0.06" />
  <testcase classname="ptolemy.util.test.junit.AutoTests" name="[42] /home/travis/build/icyphy/ptII/ptolemy/domains/continuous/test/auto/ContinuousWithinContinuous2.xml (RunModel)" time="0.074" />
  <testcase classname="ptolemy.util.test.junit.AutoTests" name="[43] /home/travis/build/icyphy/ptII/ptolemy/domains/continuous/test/auto/ContinuousWithinContinuous3.xml (RunModel)" time="0.03" />
  <testcase classname="ptolemy.util.test.junit.AutoTests" name="[44] /home/travis/build/icyphy/ptII/ptolemy/domains/continuous/test/auto/ContinuousWithinContinuous4.xml (RunModel)" time="0.079" />
  <testcase classname="ptolemy.util.test.junit.AutoTests" name="[45] /home/travis/build/icyphy/ptII/ptolemy/domains/continuous/test/auto/ContinuousWithinContinuous5.xml (RunModel)" time="0.026" />
  <testcase classname="ptolemy.util.test.junit.AutoTests" name="[46] /home/travis/build/icyphy/ptII/ptolemy/domains/continuous/test/auto/ContinuousWithinContinuous6.xml (RunModel)" time="0.026" />
  <testcase classname="ptolemy.util.test.junit.AutoTests" name="[47] /home/travis/build/icyphy/ptII/ptolemy/domains/continuous/test/auto/ContinuousWithinContinuous7.xml (RunModel)" time="0.073" />
  <testcase classname="ptolemy.util.test.junit.AutoTests" name="[48] /home/travis/build/icyphy/ptII/ptolemy/domains/continuous/test/auto/DCMotor.xml (RunModel)" time="14.362" />
  <testcase classname="ptolemy.util.test.junit.AutoTests" name="[49] /home/travis/build/icyphy/ptII/ptolemy/domains/continuous/test/auto/DEInContinuous.xml (RunModel)" time="0.023" />
  <testcase classname="ptolemy.util.test.junit.AutoTests" name="[50] /home/travis/build/icyphy/ptII/ptolemy/domains/continuous/test/auto/DEinContinuous2.xml (RunModel)" time="0.05" />
  <testcase classname="ptolemy.util.test.junit.AutoTests" name="[51] /home/travis/build/icyphy/ptII/ptolemy/domains/continuous/test/auto/Derivative.xml (RunModel)" time="0.208" />
  <testcase classname="ptolemy.util.test.junit.AutoTests" name="[52] /home/travis/build/icyphy/ptII/ptolemy/domains/continuous/test/auto/Derivative1.xml (RunModel)" time="0.043" />
  <testcase classname="ptolemy.util.test.junit.AutoTests" name="[53] /home/travis/build/icyphy/ptII/ptolemy/domains/continuous/test/auto/DiscreteClock.xml (RunModel)" time="0.025" />
  <testcase classname="ptolemy.util.test.junit.AutoTests" name="[54] /home/travis/build/icyphy/ptII/ptolemy/domains/continuous/test/auto/EfficiencyCurve.xml (RunModel)" time="0.125" />
  <testcase classname="ptolemy.util.test.junit.AutoTests" name="[55] /home/travis/build/icyphy/ptII/ptolemy/domains/continuous/test/auto/ExponentialResponse.xml (RunModel)" time="0.107" />
  <testcase classname="ptolemy.util.test.junit.AutoTests" name="[56] /home/travis/build/icyphy/ptII/ptolemy/domains/continuous/test/auto/ExponentialResponseRK45.xml (RunModel)" time="0.037" />
  <testcase classname="ptolemy.util.test.junit.AutoTests" name="[57] /home/travis/build/icyphy/ptII/ptolemy/domains/continuous/test/auto/Friction.xml (RunModel)" time="1.334" />
  <testcase classname="ptolemy.util.test.junit.AutoTests" name="[58] /home/travis/build/icyphy/ptII/ptolemy/domains/continuous/test/auto/FurutaPendulum.xml (RunModel)" time="3.374" />
  <testcase classname="ptolemy.util.test.junit.AutoTests" name="[59] /home/travis/build/icyphy/ptII/ptolemy/domains/continuous/test/auto/HierarchicalExecution.xml (RunModel)" time="2.064" />
  <testcase classname="ptolemy.util.test.junit.AutoTests" name="[60] /home/travis/build/icyphy/ptII/ptolemy/domains/continuous/test/auto/HybridPlant.xml (RunModel)" time="0.54" />
  <testcase classname="ptolemy.util.test.junit.AutoTests" name="[61] /home/travis/build/icyphy/ptII/ptolemy/domains/continuous/test/auto/Hysteresis.xml (RunModel)" time="0.164" />
  <testcase classname="ptolemy.util.test.junit.AutoTests" name="[62] /home/travis/build/icyphy/ptII/ptolemy/domains/continuous/test/auto/HysteresisWithRandomDelay.xml (RunModel)" time="0.199" />
  <testcase classname="ptolemy.util.test.junit.AutoTests" name="[63] /home/travis/build/icyphy/ptII/ptolemy/domains/continuous/test/auto/HysteresisWithRandomLosses.xml (RunModel)" time="2.295" />
  <testcase classname="ptolemy.util.test.junit.AutoTests" name="[64] /home/travis/build/icyphy/ptII/ptolemy/domains/continuous/test/auto/ImmediateTransitions.xml (RunModel)" time="0.027" />
  <testcase classname="ptolemy.util.test.junit.AutoTests" name="[65] /home/travis/build/icyphy/ptII/ptolemy/domains/continuous/test/auto/ImpulseFeedback.xml (RunModel)" time="0.028" />
  <testcase classname="ptolemy.util.test.junit.AutoTests" name="[66] /home/travis/build/icyphy/ptII/ptolemy/domains/continuous/test/auto/ImpulseFeedback2.xml (RunModel)" time="0.015" />
  <testcase classname="ptolemy.util.test.junit.AutoTests" name="[67] /home/travis/build/icyphy/ptII/ptolemy/domains/continuous/test/auto/IncreasingRatePoisson.xml (RunModel)" time="0.697" />
  <testcase classname="ptolemy.util.test.junit.AutoTests" name="[68] /home/travis/build/icyphy/ptII/ptolemy/domains/continuous/test/auto/InitialStateFeedback.xml (RunModel)" time="0.022" />
  <testcase classname="ptolemy.util.test.junit.AutoTests" name="[69] /home/travis/build/icyphy/ptII/ptolemy/domains/continuous/test/auto/Integration.xml (RunModel)" time="0.009" />
  <testcase classname="ptolemy.util.test.junit.AutoTests" name="[70] /home/travis/build/icyphy/ptII/ptolemy/domains/continuous/test/auto/Integration2.xml (RunModel)" time="0.085" />
  <testcase classname="ptolemy.util.test.junit.AutoTests" name="[71] /home/travis/build/icyphy/ptII/ptolemy/domains/continuous/test/auto/Integration3.xml (RunModel)" time="0.016" />
  <testcase classname="ptolemy.util.test.junit.AutoTests" name="[72] /home/travis/build/icyphy/ptII/ptolemy/domains/continuous/test/auto/Integration5.xml (RunModel)" time="0.023" />
  <testcase classname="ptolemy.util.test.junit.AutoTests" name="[73] /home/travis/build/icyphy/ptII/ptolemy/domains/continuous/test/auto/IntegratorImpulse.xml (RunModel)" time="0.01" />
  <testcase classname="ptolemy.util.test.junit.AutoTests" name="[74] /home/travis/build/icyphy/ptII/ptolemy/domains/continuous/test/auto/IntegratorImpulse2.xml (RunModel)" time="0.011" />
  <testcase classname="ptolemy.util.test.junit.AutoTests" name="[75] /home/travis/build/icyphy/ptII/ptolemy/domains/continuous/test/auto/LevelCrossing1.xml (RunModel)" time="0.013" />
  <testcase classname="ptolemy.util.test.junit.AutoTests" name="[76] /home/travis/build/icyphy/ptII/ptolemy/domains/continuous/test/auto/LevelCrossing2.xml (RunModel)" time="0.014" />
  <testcase classname="ptolemy.util.test.junit.AutoTests" name="[77] /home/travis/build/icyphy/ptII/ptolemy/domains/continuous/test/auto/LevelCrossing3.xml (RunModel)" time="0.013" />
  <testcase classname="ptolemy.util.test.junit.AutoTests" name="[78] /home/travis/build/icyphy/ptII/ptolemy/domains/continuous/test/auto/LevelCrossing4.xml (RunModel)" time="0.012" />
  <testcase classname="ptolemy.util.test.junit.AutoTests" name="[79] /home/travis/build/icyphy/ptII/ptolemy/domains/continuous/test/auto/LevelCrossing5.xml (RunModel)" time="0.011" />
  <testcase classname="ptolemy.util.test.junit.AutoTests" name="[80] /home/travis/build/icyphy/ptII/ptolemy/domains/continuous/test/auto/LevelCrossing6.xml (RunModel)" time="0.013" />
  <testcase classname="ptolemy.util.test.junit.AutoTests" name="[81] /home/travis/build/icyphy/ptII/ptolemy/domains/continuous/test/auto/LevelCrossingDetector.xml (RunModel)" time="0.045" />
  <testcase classname="ptolemy.util.test.junit.AutoTests" name="[82] /home/travis/build/icyphy/ptII/ptolemy/domains/continuous/test/auto/LevelCrossingDetectorDetectingDirections.xml (RunModel)" time="0.075" />
  <testcase classname="ptolemy.util.test.junit.AutoTests" name="[83] /home/travis/build/icyphy/ptII/ptolemy/domains/continuous/test/auto/LevelCrossingDetectorDetectsGlitches.xml (RunModel)" time="0.061" />
  <testcase classname="ptolemy.util.test.junit.AutoTests" name="[84] /home/travis/build/icyphy/ptII/ptolemy/domains/continuous/test/auto/LevelCrossingNoInitialOuput.xml (RunModel)" time="0.015" />
  <testcase classname="ptolemy.util.test.junit.AutoTests" name="[85] /home/travis/build/icyphy/ptII/ptolemy/domains/continuous/test/auto/LinearStateSpaceExample.xml (RunModel)" time="0.043" />
  <testcase classname="ptolemy.util.test.junit.AutoTests" name="[86] /home/travis/build/icyphy/ptII/ptolemy/domains/continuous/test/auto/Lorenz.xml (RunModel)" time="4.359" />
  <testcase classname="ptolemy.util.test.junit.AutoTests" name="[87] /home/travis/build/icyphy/ptII/ptolemy/domains/continuous/test/auto/LorenzDifferentialSystem.xml (RunModel)" time="1.18" />
  <testcase classname="ptolemy.util.test.junit.AutoTests" name="[88] /home/travis/build/icyphy/ptII/ptolemy/domains/continuous/test/auto/LorenzDifferentialSystemWithInput.xml (RunModel)" time="1.396" />
  <testcase classname="ptolemy.util.test.junit.AutoTests" name="[89] /home/travis/build/icyphy/ptII/ptolemy/domains/continuous/test/auto/LorenzDifferentialSystemWithTime.xml (RunModel)" time="0.762" />
  <testcase classname="ptolemy.util.test.junit.AutoTests" name="[90] /home/travis/build/icyphy/ptII/ptolemy/domains/continuous/test/auto/Microsteps.xml (RunModel)" time="0.018" />
  <testcase classname="ptolemy.util.test.junit.AutoTests" name="[91] /home/travis/build/icyphy/ptII/ptolemy/domains/continuous/test/auto/Modal1.xml (RunModel)" time="0.047" />
  <testcase classname="ptolemy.util.test.junit.AutoTests" name="[92] /home/travis/build/icyphy/ptII/ptolemy/domains/continuous/test/auto/Modal2.xml (RunModel)" time="0.036" />
  <testcase classname="ptolemy.util.test.junit.AutoTests" name="[93] /home/travis/build/icyphy/ptII/ptolemy/domains/continuous/test/auto/ModalTransitionGuardWithReset.xml (RunModel)" time="0.038" />
  <testcase classname="ptolemy.util.test.junit.AutoTests" name="[94] /home/travis/build/icyphy/ptII/ptolemy/domains/continuous/test/auto/ModalTransitionGuardWithResetUsingPreemptiveTransition.xml (RunModel)" time="0.022" />
  <testcase classname="ptolemy.util.test.junit.AutoTests" name="[95] /home/travis/build/icyphy/ptII/ptolemy/domains/continuous/test/auto/ModalTransitionGuardWithResetUsingPreemptiveTransition2.xml (RunModel)" time="0.037" />
  <testcase classname="ptolemy.util.test.junit.AutoTests" name="[96] /home/travis/build/icyphy/ptII/ptolemy/domains/continuous/test/auto/ModalTransitionGuardWithResetUsingPreemptiveTransition3.xml (RunModel)" time="0.036" />
  <testcase classname="ptolemy.util.test.junit.AutoTests" name="[97] /home/travis/build/icyphy/ptII/ptolemy/domains/continuous/test/auto/NewtonsCradle.xml (RunModel)" time="0.765" />
  <testcase classname="ptolemy.util.test.junit.AutoTests" name="[98] /home/travis/build/icyphy/ptII/ptolemy/domains/continuous/test/auto/NewtonsCradleAnimated.xml (RunModel)" time="1.297" />
  <testcase classname="ptolemy.util.test.junit.AutoTests" name="[99] /home/travis/build/icyphy/ptII/ptolemy/domains/continuous/test/auto/NewtonsCradleComplicated.xml (RunModel)" time="0.913" />
  <testcase classname="ptolemy.util.test.junit.AutoTests" name="[100] /home/travis/build/icyphy/ptII/ptolemy/domains/continuous/test/auto/NewtonsCradleNondeterministic.xml (RunModel)" time="0.692" />
  <testcase classname="ptolemy.util.test.junit.AutoTests" name="[101] /home/travis/build/icyphy/ptII/ptolemy/domains/continuous/test/auto/NewtonsCradlePerfectlyInelastic1.xml (RunModel)" time="1.318" />
  <testcase classname="ptolemy.util.test.junit.AutoTests" name="[102] /home/travis/build/icyphy/ptII/ptolemy/domains/continuous/test/auto/Noise.xml (RunModel)" time="0.167" />
  <testcase classname="ptolemy.util.test.junit.AutoTests" name="[103] /home/travis/build/icyphy/ptII/ptolemy/domains/continuous/test/auto/NoiseSpectrum.xml (RunModel)" time="0.763" />
  <testcase classname="ptolemy.util.test.junit.AutoTests" name="[104] /home/travis/build/icyphy/ptII/ptolemy/domains/continuous/test/auto/ParameterizedNewtonsCradleAnimated.xml (RunModel)" time="0.369" />
  <testcase classname="ptolemy.util.test.junit.AutoTests" name="[105] /home/travis/build/icyphy/ptII/ptolemy/domains/continuous/test/auto/ParameterizedNewtonsCradleAnimatedNondeterministic.xml (RunModel)" time="1.231" />
  <testcase classname="ptolemy.util.test.junit.AutoTests" name="[106] /home/travis/build/icyphy/ptII/ptolemy/domains/continuous/test/auto/Pendulum3D.xml (RunModel)" time="0.251" />
  <testcase classname="ptolemy.util.test.junit.AutoTests" name="[107] /home/travis/build/icyphy/ptII/ptolemy/domains/continuous/test/auto/PeriodicSampler.xml (RunModel)" time="0.013" />
  <testcase classname="ptolemy.util.test.junit.AutoTests" name="[108] /home/travis/build/icyphy/ptII/ptolemy/domains/continuous/test/auto/PeriodicSampler1.xml (RunModel)" time="0.051" />
  <testcase classname="ptolemy.util.test.junit.AutoTests" name="[109] /home/travis/build/icyphy/ptII/ptolemy/domains/continuous/test/auto/PeriodicSampler2.xml (RunModel)" time="0.073" />
  <testcase classname="ptolemy.util.test.junit.AutoTests" name="[110] /home/travis/build/icyphy/ptII/ptolemy/domains/continuous/test/auto/Poisson.xml (RunModel)" time="0.425" />
  <testcase classname="ptolemy.util.test.junit.AutoTests" name="[111] /home/travis/build/icyphy/ptII/ptolemy/domains/continuous/test/auto/PoissonClock.xml (RunModel)" time="0.011" />
  <testcase classname="ptolemy.util.test.junit.AutoTests" name="[112] /home/travis/build/icyphy/ptII/ptolemy/domains/continuous/test/auto/PoissonClock2.xml (RunModel)" time="0.013" />
  <testcase classname="ptolemy.util.test.junit.AutoTests" name="[113] /home/travis/build/icyphy/ptII/ptolemy/domains/continuous/test/auto/PortParameterHierarchy.xml (RunModel)" time="0.016" />
  <testcase classname="ptolemy.util.test.junit.AutoTests" name="[114] /home/travis/build/icyphy/ptII/ptolemy/domains/continuous/test/auto/RandomHybridPlant.xml (RunModel)" time="0.536" />
  <testcase classname="ptolemy.util.test.junit.AutoTests" name="[115] /home/travis/build/icyphy/ptII/ptolemy/domains/continuous/test/auto/ResetTransitionWithStartTime1.xml (RunModel)" time="0.029" />
  <testcase classname="ptolemy.util.test.junit.AutoTests" name="[116] /home/travis/build/icyphy/ptII/ptolemy/domains/continuous/test/auto/ResetTransitionWithStartTime2.xml (RunModel)" time="0.042" />
  <testcase classname="ptolemy.util.test.junit.AutoTests" name="[117] /home/travis/build/icyphy/ptII/ptolemy/domains/continuous/test/auto/ResetTransitionWithStartTime3.xml (RunModel)" time="0.042" />
  <testcase classname="ptolemy.util.test.junit.AutoTests" name="[118] /home/travis/build/icyphy/ptII/ptolemy/domains/continuous/test/auto/ResetTransitionWithStartTime4.xml (RunModel)" time="0.032" />
  <testcase classname="ptolemy.util.test.junit.AutoTests" name="[119] /home/travis/build/icyphy/ptII/ptolemy/domains/continuous/test/auto/ResetTransitionWithStartTime5.xml (RunModel)" time="0.035" />
  <testcase classname="ptolemy.util.test.junit.AutoTests" name="[120] /home/travis/build/icyphy/ptII/ptolemy/domains/continuous/test/auto/ResetTransitionWithStartTime6.xml (RunModel)" time="0.037" />
  <testcase classname="ptolemy.util.test.junit.AutoTests" name="[121] /home/travis/build/icyphy/ptII/ptolemy/domains/continuous/test/auto/SRinContinuous.xml (RunModel)" time="0.031" />
  <testcase classname="ptolemy.util.test.junit.AutoTests" name="[122] /home/travis/build/icyphy/ptII/ptolemy/domains/continuous/test/auto/SampledClocks.xml (RunModel)" time="0.024" />
  <testcase classname="ptolemy.util.test.junit.AutoTests" name="[123] /home/travis/build/icyphy/ptII/ptolemy/domains/continuous/test/auto/Satellite.xml (RunModel)" time="0.901" />
  <testcase classname="ptolemy.util.test.junit.AutoTests" name="[124] /home/travis/build/icyphy/ptII/ptolemy/domains/continuous/test/auto/SigmaDelta.xml (RunModel)" time="2.224" />
  <testcase classname="ptolemy.util.test.junit.AutoTests" name="[125] /home/travis/build/icyphy/ptII/ptolemy/domains/continuous/test/auto/SingleRefinement.xml (RunModel)" time="0.541" />
  <testcase classname="ptolemy.util.test.junit.AutoTests" name="[126] /home/travis/build/icyphy/ptII/ptolemy/domains/continuous/test/auto/SinuBouncingBall.xml (RunModel)" time="0.821" />
  <testcase classname="ptolemy.util.test.junit.AutoTests" name="[127] /home/travis/build/icyphy/ptII/ptolemy/domains/continuous/test/auto/Sinusoid.xml (RunModel)" time="0.016" />
  <testcase classname="ptolemy.util.test.junit.AutoTests" name="[128] /home/travis/build/icyphy/ptII/ptolemy/domains/continuous/test/auto/SinusoidInNoise.xml (RunModel)" time="0.999" />
  <testcase classname="ptolemy.util.test.junit.AutoTests" name="[129] /home/travis/build/icyphy/ptII/ptolemy/domains/continuous/test/auto/SinusoidRK45.xml (RunModel)" time="0.013" />
  <testcase classname="ptolemy.util.test.junit.AutoTests" name="[130] /home/travis/build/icyphy/ptII/ptolemy/domains/continuous/test/auto/SinusoidWithMultipleImpulses.xml (RunModel)" time="0.011" />
  <testcase classname="ptolemy.util.test.junit.AutoTests" name="[131] /home/travis/build/icyphy/ptII/ptolemy/domains/continuous/test/auto/SquareWave.xml (RunModel)" time="0.173" />
  <testcase classname="ptolemy.util.test.junit.AutoTests" name="[132] /home/travis/build/icyphy/ptII/ptolemy/domains/continuous/test/auto/Starmac.xml (RunModel)" time="3.389" />
  <testcase classname="ptolemy.util.test.junit.AutoTests" name="[133] /home/travis/build/icyphy/ptII/ptolemy/domains/continuous/test/auto/StaticUnits.xml (RunModel)" time="2.454" />
  <testcase classname="ptolemy.util.test.junit.AutoTests" name="[134] /home/travis/build/icyphy/ptII/ptolemy/domains/continuous/test/auto/StickyMasses.xml (RunModel)" time="0.18" />
  <testcase classname="ptolemy.util.test.junit.AutoTests" name="[135] /home/travis/build/icyphy/ptII/ptolemy/domains/continuous/test/auto/StopTime.xml (RunModel)" time="0.057" />
  <testcase classname="ptolemy.util.test.junit.AutoTests" name="[136] /home/travis/build/icyphy/ptII/ptolemy/domains/continuous/test/auto/StopTime2.xml (RunModel)" time="0.053" />
  <testcase classname="ptolemy.util.test.junit.AutoTests" name="[137] /home/travis/build/icyphy/ptII/ptolemy/domains/continuous/test/auto/Switch.xml (RunModel)" time="0.076" />
  <testcase classname="ptolemy.util.test.junit.AutoTests" name="[138] /home/travis/build/icyphy/ptII/ptolemy/domains/continuous/test/auto/Thermostat.xml (RunModel)" time="0.21" />
  <testcase classname="ptolemy.util.test.junit.AutoTests" name="[139] /home/travis/build/icyphy/ptII/ptolemy/domains/continuous/test/auto/TimeDelay.xml (RunModel)" time="0.013" />
  <testcase classname="ptolemy.util.test.junit.AutoTests" name="[140] /home/travis/build/icyphy/ptII/ptolemy/domains/continuous/test/auto/TimeDelay2.xml (RunModel)" time="0.019" />
  <testcase classname="ptolemy.util.test.junit.AutoTests" name="[141] /home/travis/build/icyphy/ptII/ptolemy/domains/continuous/test/auto/TimeDelay3.xml (RunModel)" time="0.016" />
  <testcase classname="ptolemy.util.test.junit.AutoTests" name="[142] /home/travis/build/icyphy/ptII/ptolemy/domains/continuous/test/auto/TransferAbsentToInside.xml (RunModel)" time="0.106" />
  <testcase classname="ptolemy.util.test.junit.AutoTests" name="[143] /home/travis/build/icyphy/ptII/ptolemy/domains/continuous/test/auto/Transmission.xml (RunModel)" time="0.729" />
  <testcase classname="ptolemy.util.test.junit.AutoTests" name="[144] /home/travis/build/icyphy/ptII/ptolemy/domains/continuous/test/auto/TriggeredContinuousClock.xml (RunModel)" time="0.07" />
  <testcase classname="ptolemy.util.test.junit.AutoTests" name="[145] /home/travis/build/icyphy/ptII/ptolemy/domains/continuous/test/auto/TwoMachineInfiniteBusControl.xml (RunModel)" time="2.906" />
  <testcase classname="ptolemy.util.test.junit.AutoTests" name="[146] /home/travis/build/icyphy/ptII/ptolemy/domains/continuous/test/auto/V2V.xml (RunModel)" time="0.739" />
  <testcase classname="ptolemy.util.test.junit.AutoTests" name="[147] /home/travis/build/icyphy/ptII/ptolemy/domains/continuous/test/auto/hierarchicalModalModel.xml (RunModel)" time="0.037" />
  <testcase classname="ptolemy.util.test.junit.AutoTests" name="[148] /home/travis/build/icyphy/ptII/ptolemy/domains/continuous/test/auto/hierarchicalModalModel1.xml (RunModel)" time="0.034" />
  <testcase classname="ptolemy.util.test.junit.AutoTests" name="[149] /home/travis/build/icyphy/ptII/ptolemy/domains/continuous/test/auto/hierarchicalModalModel2.xml (RunModel)" time="0.029" />
  <testcase classname="ptolemy.util.test.junit.AutoTests" name="[150] /home/travis/build/icyphy/ptII/ptolemy/domains/continuous/test/auto/hierarchicalModalModel3.xml (RunModel)" time="0.026" />
  <testcase classname="ptolemy.util.test.junit.AutoTests" name="[151] /home/travis/build/icyphy/ptII/ptolemy/domains/continuous/test/auto/hierarchicalModalModel4.xml (RunModel)" time="0.033" />
  <testcase classname="ptolemy.util.test.junit.AutoTests" name="[152] /home/travis/build/icyphy/ptII/ptolemy/domains/continuous/test/auto/junk.xml (RunModel)" time="0.164" />
  <system-out><![CDATA[No tcl tests in /home/travis/build/icyphy/ptII/ptolemy/domains/continuous/test
No auto/knownFailedTests/*.xml tests in /home/travis/build/icyphy/ptII/ptolemy/domains/continuous/test
No auto/linux-amd64/*.xml tests in /home/travis/build/icyphy/ptII/ptolemy/domains/continuous/test
AutoTests.java: About to close Vertx.
AutoTests.java: Vertx closed.

===========================================================================================
----------------- testing Thu Nov 22 03:31:13 UTC 2018 /home/travis/build/icyphy/ptII/ptolemy/domains/continuous/test/auto/BouncingBall.xml
----------------- Instantiating /home/travis/build/icyphy/ptII/ptolemy/domains/continuous/test/auto/BouncingBall.xml
2385 ms. Memory: 208896K Free: 82689K (40%)
----------------- Invoking toplevel() on ptolemy.moml.MoMLSimpleApplication@6adf623d
----------------- Done invoking toplevel() on ptolemy.moml.MoMLSimpleApplication@6adf623d
reloadAllAccessors: .BouncingBall

===========================================================================================
----------------- testing Thu Nov 22 03:31:16 UTC 2018 /home/travis/build/icyphy/ptII/ptolemy/domains/continuous/test/auto/BouncingBallWithoutGR.xml
----------------- Instantiating /home/travis/build/icyphy/ptII/ptolemy/domains/continuous/test/auto/BouncingBallWithoutGR.xml
760 ms. Memory: 332288K Free: 145466K (44%)
----------------- Invoking toplevel() on ptolemy.moml.MoMLSimpleApplication@71aebd6a
----------------- Done invoking toplevel() on ptolemy.moml.MoMLSimpleApplication@71aebd6a
reloadAllAccessors: .BouncingBallWithoutGR

===========================================================================================
----------------- testing Thu Nov 22 03:31:17 UTC 2018 /home/travis/build/icyphy/ptII/ptolemy/domains/continuous/test/auto/Brownian.xml
----------------- Instantiating /home/travis/build/icyphy/ptII/ptolemy/domains/continuous/test/auto/Brownian.xml
32 ms. Memory: 332288K Free: 133203K (40%)
----------------- Invoking toplevel() on ptolemy.moml.MoMLSimpleApplication@28539dc3
----------------- Done invoking toplevel() on ptolemy.moml.MoMLSimpleApplication@28539dc3
reloadAllAccessors: .Brownian

===========================================================================================
----------------- testing Thu Nov 22 03:31:17 UTC 2018 /home/travis/build/icyphy/ptII/ptolemy/domains/continuous/test/auto/CarTracking.xml
----------------- Instantiating /home/travis/build/icyphy/ptII/ptolemy/domains/continuous/test/auto/CarTracking.xml
3132 ms. Memory: 479744K Free: 336890K (70%)
----------------- Invoking toplevel() on ptolemy.moml.MoMLSimpleApplication@d7f79a3
----------------- Done invoking toplevel() on ptolemy.moml.MoMLSimpleApplication@d7f79a3
reloadAllAccessors: .CarTracking

===========================================================================================
----------------- testing Thu Nov 22 03:31:21 UTC 2018 /home/travis/build/icyphy/ptII/ptolemy/domains/continuous/test/auto/CartPendulum.xml
----------------- Instantiating /home/travis/build/icyphy/ptII/ptolemy/domains/continuous/test/auto/CartPendulum.xml
383 ms. Memory: 479744K Free: 234093K (49%)
----------------- Invoking toplevel() on ptolemy.moml.MoMLSimpleApplication@749daf39
----------------- Done invoking toplevel() on ptolemy.moml.MoMLSimpleApplication@749daf39
reloadAllAccessors: .CartPendulum

===========================================================================================
----------------- testing Thu Nov 22 03:31:21 UTC 2018 /home/travis/build/icyphy/ptII/ptolemy/domains/continuous/test/auto/CausalityInterface10.xml
----------------- Instantiating /home/travis/build/icyphy/ptII/ptolemy/domains/continuous/test/auto/CausalityInterface10.xml
11 ms. Memory: 479744K Free: 218315K (46%)
----------------- Invoking toplevel() on ptolemy.moml.MoMLSimpleApplication@e1d666f
----------------- Done invoking toplevel() on ptolemy.moml.MoMLSimpleApplication@e1d666f
reloadAllAccessors: .CausalityInterface10

===========================================================================================
----------------- testing Thu Nov 22 03:31:21 UTC 2018 /home/travis/build/icyphy/ptII/ptolemy/domains/continuous/test/auto/CausalityInterface11.xml
----------------- Instantiating /home/travis/build/icyphy/ptII/ptolemy/domains/continuous/test/auto/CausalityInterface11.xml
15 ms. Memory: 479744K Free: 198680K (41%)
----------------- Invoking toplevel() on ptolemy.moml.MoMLSimpleApplication@46caf327
----------------- Done invoking toplevel() on ptolemy.moml.MoMLSimpleApplication@46caf327
reloadAllAccessors: .CausalityInterface11

===========================================================================================
----------------- testing Thu Nov 22 03:31:21 UTC 2018 /home/travis/build/icyphy/ptII/ptolemy/domains/continuous/test/auto/CausalityInterface12.xml
----------------- Instantiating /home/travis/build/icyphy/ptII/ptolemy/domains/continuous/test/auto/CausalityInterface12.xml
11 ms. Memory: 479744K Free: 184350K (38%)
----------------- Invoking toplevel() on ptolemy.moml.MoMLSimpleApplication@3c2e8437
----------------- Done invoking toplevel() on ptolemy.moml.MoMLSimpleApplication@3c2e8437
reloadAllAccessors: .CausalityInterface12

===========================================================================================
----------------- testing Thu Nov 22 03:31:21 UTC 2018 /home/travis/build/icyphy/ptII/ptolemy/domains/continuous/test/auto/CausalityInterface13.xml
----------------- Instantiating /home/travis/build/icyphy/ptII/ptolemy/domains/continuous/test/auto/CausalityInterface13.xml
10 ms. Memory: 479744K Free: 172552K (36%)
----------------- Invoking toplevel() on ptolemy.moml.MoMLSimpleApplication@5b90f44e
----------------- Done invoking toplevel() on ptolemy.moml.MoMLSimpleApplication@5b90f44e
reloadAllAccessors: .CausalityInterface13

===========================================================================================
----------------- testing Thu Nov 22 03:31:21 UTC 2018 /home/travis/build/icyphy/ptII/ptolemy/domains/continuous/test/auto/CausalityInterface14.xml
----------------- Instantiating /home/travis/build/icyphy/ptII/ptolemy/domains/continuous/test/auto/CausalityInterface14.xml
6 ms. Memory: 479744K Free: 160755K (34%)
----------------- Invoking toplevel() on ptolemy.moml.MoMLSimpleApplication@73260334
----------------- Done invoking toplevel() on ptolemy.moml.MoMLSimpleApplication@73260334
reloadAllAccessors: .CausalityInterface14

===========================================================================================
----------------- testing Thu Nov 22 03:31:21 UTC 2018 /home/travis/build/icyphy/ptII/ptolemy/domains/continuous/test/auto/CausalityInterface4.xml
----------------- Instantiating /home/travis/build/icyphy/ptII/ptolemy/domains/continuous/test/auto/CausalityInterface4.xml
4 ms. Memory: 479744K Free: 146426K (31%)
----------------- Invoking toplevel() on ptolemy.moml.MoMLSimpleApplication@79a31e7b
----------------- Done invoking toplevel() on ptolemy.moml.MoMLSimpleApplication@79a31e7b
reloadAllAccessors: .CausalityInterface4

===========================================================================================
----------------- testing Thu Nov 22 03:31:21 UTC 2018 /home/travis/build/icyphy/ptII/ptolemy/domains/continuous/test/auto/CausalityInterface5.xml
----------------- Instantiating /home/travis/build/icyphy/ptII/ptolemy/domains/continuous/test/auto/CausalityInterface5.xml
10 ms. Memory: 479744K Free: 134628K (28%)
----------------- Invoking toplevel() on ptolemy.moml.MoMLSimpleApplication@2f429e6b
----------------- Done invoking toplevel() on ptolemy.moml.MoMLSimpleApplication@2f429e6b
reloadAllAccessors: .CausalityInterface5

===========================================================================================
----------------- testing Thu Nov 22 03:31:21 UTC 2018 /home/travis/build/icyphy/ptII/ptolemy/domains/continuous/test/auto/CausalityInterface6.xml
----------------- Instantiating /home/travis/build/icyphy/ptII/ptolemy/domains/continuous/test/auto/CausalityInterface6.xml
6 ms. Memory: 479744K Free: 122831K (26%)
----------------- Invoking toplevel() on ptolemy.moml.MoMLSimpleApplication@78b6bf7f
----------------- Done invoking toplevel() on ptolemy.moml.MoMLSimpleApplication@78b6bf7f
reloadAllAccessors: .CausalityInterface6

===========================================================================================
----------------- testing Thu Nov 22 03:31:21 UTC 2018 /home/travis/build/icyphy/ptII/ptolemy/domains/continuous/test/auto/CausalityInterface7.xml
----------------- Instantiating /home/travis/build/icyphy/ptII/ptolemy/domains/continuous/test/auto/CausalityInterface7.xml
14 ms. Memory: 479744K Free: 108485K (23%)
----------------- Invoking toplevel() on ptolemy.moml.MoMLSimpleApplication@5ece06e0
----------------- Done invoking toplevel() on ptolemy.moml.MoMLSimpleApplication@5ece06e0
reloadAllAccessors: .CausalityInterface7

===========================================================================================
----------------- testing Thu Nov 22 03:31:21 UTC 2018 /home/travis/build/icyphy/ptII/ptolemy/domains/continuous/test/auto/CausalityInterface8.xml
----------------- Instantiating /home/travis/build/icyphy/ptII/ptolemy/domains/continuous/test/auto/CausalityInterface8.xml
4 ms. Memory: 479744K Free: 92761K (19%)
----------------- Invoking toplevel() on ptolemy.moml.MoMLSimpleApplication@11a53f40
----------------- Done invoking toplevel() on ptolemy.moml.MoMLSimpleApplication@11a53f40
reloadAllAccessors: .CausalityInterface8

===========================================================================================
----------------- testing Thu Nov 22 03:31:22 UTC 2018 /home/travis/build/icyphy/ptII/ptolemy/domains/continuous/test/auto/CausalityInterface9.xml
----------------- Instantiating /home/travis/build/icyphy/ptII/ptolemy/domains/continuous/test/auto/CausalityInterface9.xml
13 ms. Memory: 456192K Free: 446802K (98%)
----------------- Invoking toplevel() on ptolemy.moml.MoMLSimpleApplication@4457f17d
----------------- Done invoking toplevel() on ptolemy.moml.MoMLSimpleApplication@4457f17d
reloadAllAccessors: .CausalityInterface9

===========================================================================================
----------------- testing Thu Nov 22 03:31:22 UTC 2018 /home/travis/build/icyphy/ptII/ptolemy/domains/continuous/test/auto/CausalityInterfaceFeedback1.xml
----------------- Instantiating /home/travis/build/icyphy/ptII/ptolemy/domains/continuous/test/auto/CausalityInterfaceFeedback1.xml
6 ms. Memory: 456192K Free: 433211K (95%)
----------------- Invoking toplevel() on ptolemy.moml.MoMLSimpleApplication@40038e8f
----------------- Done invoking toplevel() on ptolemy.moml.MoMLSimpleApplication@40038e8f
reloadAllAccessors: .CausalityInterfaceFeedback1

===========================================================================================
----------------- testing Thu Nov 22 03:31:22 UTC 2018 /home/travis/build/icyphy/ptII/ptolemy/domains/continuous/test/auto/CausalityInterfaceFeedback2.xml
----------------- Instantiating /home/travis/build/icyphy/ptII/ptolemy/domains/continuous/test/auto/CausalityInterfaceFeedback2.xml
5 ms. Memory: 456192K Free: 423200K (93%)
----------------- Invoking toplevel() on ptolemy.moml.MoMLSimpleApplication@1021909f
----------------- Done invoking toplevel() on ptolemy.moml.MoMLSimpleApplication@1021909f
reloadAllAccessors: .CausalityInterfaceFeedback2

===========================================================================================
----------------- testing Thu Nov 22 03:31:22 UTC 2018 /home/travis/build/icyphy/ptII/ptolemy/domains/continuous/test/auto/CompareWithCurrentTime.xml
----------------- Instantiating /home/travis/build/icyphy/ptII/ptolemy/domains/continuous/test/auto/CompareWithCurrentTime.xml
3 ms. Memory: 456192K Free: 414057K (91%)
----------------- Invoking toplevel() on ptolemy.moml.MoMLSimpleApplication@6cafa59
----------------- Done invoking toplevel() on ptolemy.moml.MoMLSimpleApplication@6cafa59
reloadAllAccessors: .CompareWithCurrentTime

===========================================================================================
----------------- testing Thu Nov 22 03:31:22 UTC 2018 /home/travis/build/icyphy/ptII/ptolemy/domains/continuous/test/auto/ComparedClocks.xml
----------------- Instantiating /home/travis/build/icyphy/ptII/ptolemy/domains/continuous/test/auto/ComparedClocks.xml
9 ms. Memory: 456192K Free: 394004K (86%)
----------------- Invoking toplevel() on ptolemy.moml.MoMLSimpleApplication@74f1fb41
----------------- Done invoking toplevel() on ptolemy.moml.MoMLSimpleApplication@74f1fb41
reloadAllAccessors: .ComparedClocks

===========================================================================================
----------------- testing Thu Nov 22 03:31:22 UTC 2018 /home/travis/build/icyphy/ptII/ptolemy/domains/continuous/test/auto/ContinuousAOCClone.xml
----------------- Instantiating /home/travis/build/icyphy/ptII/ptolemy/domains/continuous/test/auto/ContinuousAOCClone.xml
2382 ms. Memory: 444416K Free: 242466K (55%)
----------------- Invoking toplevel() on ptolemy.moml.MoMLSimpleApplication@6a0de80b
----------------- Done invoking toplevel() on ptolemy.moml.MoMLSimpleApplication@6a0de80b
reloadAllAccessors: .ContinuousAOCClone

===========================================================================================
----------------- testing Thu Nov 22 03:31:24 UTC 2018 /home/travis/build/icyphy/ptII/ptolemy/domains/continuous/test/auto/ContinuousClock.xml
----------------- Instantiating /home/travis/build/icyphy/ptII/ptolemy/domains/continuous/test/auto/ContinuousClock.xml
28 ms. Memory: 444416K Free: 216266K (49%)
----------------- Invoking toplevel() on ptolemy.moml.MoMLSimpleApplication@9a1ed74
----------------- Done invoking toplevel() on ptolemy.moml.MoMLSimpleApplication@9a1ed74
reloadAllAccessors: .ContinuousClock

===========================================================================================
----------------- testing Thu Nov 22 03:31:24 UTC 2018 /home/travis/build/icyphy/ptII/ptolemy/domains/continuous/test/auto/ContinuousInContinuous.xml
----------------- Instantiating /home/travis/build/icyphy/ptII/ptolemy/domains/continuous/test/auto/ContinuousInContinuous.xml
44 ms. Memory: 444416K Free: 188218K (42%)
----------------- Invoking toplevel() on ptolemy.moml.MoMLSimpleApplication@218e4508
----------------- Done invoking toplevel() on ptolemy.moml.MoMLSimpleApplication@218e4508
reloadAllAccessors: .ContinuousInContinuous

===========================================================================================
----------------- testing Thu Nov 22 03:31:25 UTC 2018 /home/travis/build/icyphy/ptII/ptolemy/domains/continuous/test/auto/ContinuousInContinuousInContinuous.xml
----------------- Instantiating /home/travis/build/icyphy/ptII/ptolemy/domains/continuous/test/auto/ContinuousInContinuousInContinuous.xml
5 ms. Memory: 444416K Free: 178209K (40%)
----------------- Invoking toplevel() on ptolemy.moml.MoMLSimpleApplication@749661e1
----------------- Done invoking toplevel() on ptolemy.moml.MoMLSimpleApplication@749661e1
reloadAllAccessors: .ContinuousInContinuousInContinuous

===========================================================================================
----------------- testing Thu Nov 22 03:31:25 UTC 2018 /home/travis/build/icyphy/ptII/ptolemy/domains/continuous/test/auto/ContinuousInDE.xml
----------------- Instantiating /home/travis/build/icyphy/ptII/ptolemy/domains/continuous/test/auto/ContinuousInDE.xml
105 ms. Memory: 444416K Free: 164637K (37%)
----------------- Invoking toplevel() on ptolemy.moml.MoMLSimpleApplication@5a999ffa
----------------- Done invoking toplevel() on ptolemy.moml.MoMLSimpleApplication@5a999ffa
reloadAllAccessors: .ContinuousInDE

===========================================================================================
----------------- testing Thu Nov 22 03:31:25 UTC 2018 /home/travis/build/icyphy/ptII/ptolemy/domains/continuous/test/auto/ContinuousInDE2.xml
----------------- Instantiating /home/travis/build/icyphy/ptII/ptolemy/domains/continuous/test/auto/ContinuousInDE2.xml
48 ms. Memory: 444416K Free: 152094K (34%)
----------------- Invoking toplevel() on ptolemy.moml.MoMLSimpleApplication@62276a4a
----------------- Done invoking toplevel() on ptolemy.moml.MoMLSimpleApplication@62276a4a
reloadAllAccessors: .ContinuousInDE2

===========================================================================================
----------------- testing Thu Nov 22 03:31:25 UTC 2018 /home/travis/build/icyphy/ptII/ptolemy/domains/continuous/test/auto/ContinuousInDE3.xml
----------------- Instantiating /home/travis/build/icyphy/ptII/ptolemy/domains/continuous/test/auto/ContinuousInDE3.xml
38 ms. Memory: 444416K Free: 138506K (31%)
----------------- Invoking toplevel() on ptolemy.moml.MoMLSimpleApplication@2839e722
----------------- Done invoking toplevel() on ptolemy.moml.MoMLSimpleApplication@2839e722
reloadAllAccessors: .ContinuousInDE3

===========================================================================================
----------------- testing Thu Nov 22 03:31:25 UTC 2018 /home/travis/build/icyphy/ptII/ptolemy/domains/continuous/test/auto/ContinuousInDE4.xml
----------------- Instantiating /home/travis/build/icyphy/ptII/ptolemy/domains/continuous/test/auto/ContinuousInDE4.xml
15 ms. Memory: 444416K Free: 128497K (29%)
----------------- Invoking toplevel() on ptolemy.moml.MoMLSimpleApplication@55d7de2c
----------------- Done invoking toplevel() on ptolemy.moml.MoMLSimpleApplication@55d7de2c
reloadAllAccessors: .ContinuousInDE4

===========================================================================================
----------------- testing Thu Nov 22 03:31:25 UTC 2018 /home/travis/build/icyphy/ptII/ptolemy/domains/continuous/test/auto/ContinuousInDEDifferentRefinements.xml
----------------- Instantiating /home/travis/build/icyphy/ptII/ptolemy/domains/continuous/test/auto/ContinuousInDEDifferentRefinements.xml
51 ms. Memory: 444416K Free: 93298K (21%)
----------------- Invoking toplevel() on ptolemy.moml.MoMLSimpleApplication@34a3633c
----------------- Done invoking toplevel() on ptolemy.moml.MoMLSimpleApplication@34a3633c
reloadAllAccessors: .ContinuousInDEDifferentRefinements

===========================================================================================
----------------- testing Thu Nov 22 03:31:25 UTC 2018 /home/travis/build/icyphy/ptII/ptolemy/domains/continuous/test/auto/ContinuousInDEDifferentRefinementsPreemptive.xml
----------------- Instantiating /home/travis/build/icyphy/ptII/ptolemy/domains/continuous/test/auto/ContinuousInDEDifferentRefinementsPreemptive.xml
53 ms. Memory: 423424K Free: 395834K (93%)
----------------- Invoking toplevel() on ptolemy.moml.MoMLSimpleApplication@1ee9fc27
----------------- Done invoking toplevel() on ptolemy.moml.MoMLSimpleApplication@1ee9fc27
reloadAllAccessors: .ContinuousInDEDifferentRefinementsPreemptive

===========================================================================================
----------------- testing Thu Nov 22 03:31:25 UTC 2018 /home/travis/build/icyphy/ptII/ptolemy/domains/continuous/test/auto/ContinuousInDEInContinuous2.xml
----------------- Instantiating /home/travis/build/icyphy/ptII/ptolemy/domains/continuous/test/auto/ContinuousInDEInContinuous2.xml
42 ms. Memory: 423424K Free: 379777K (90%)
----------------- Invoking toplevel() on ptolemy.moml.MoMLSimpleApplication@355cb979
----------------- Done invoking toplevel() on ptolemy.moml.MoMLSimpleApplication@355cb979
reloadAllAccessors: .ContinuousInDEInContinuous2

===========================================================================================
----------------- testing Thu Nov 22 03:31:25 UTC 2018 /home/travis/build/icyphy/ptII/ptolemy/domains/continuous/test/auto/ContinuousInDEInContinuous3.xml
----------------- Instantiating /home/travis/build/icyphy/ptII/ptolemy/domains/continuous/test/auto/ContinuousInDEInContinuous3.xml
32 ms. Memory: 423424K Free: 363698K (86%)
----------------- Invoking toplevel() on ptolemy.moml.MoMLSimpleApplication@3ea7c3c9
----------------- Done invoking toplevel() on ptolemy.moml.MoMLSimpleApplication@3ea7c3c9
reloadAllAccessors: .ContinuousInDEInContinuous3

===========================================================================================
----------------- testing Thu Nov 22 03:31:25 UTC 2018 /home/travis/build/icyphy/ptII/ptolemy/domains/continuous/test/auto/ContinuousInDEInput.xml
----------------- Instantiating /home/travis/build/icyphy/ptII/ptolemy/domains/continuous/test/auto/ContinuousInDEInput.xml
14 ms. Memory: 423424K Free: 354465K (84%)
----------------- Invoking toplevel() on ptolemy.moml.MoMLSimpleApplication@29219ac4
----------------- Done invoking toplevel() on ptolemy.moml.MoMLSimpleApplication@29219ac4
reloadAllAccessors: .ContinuousInDEInput

===========================================================================================
----------------- testing Thu Nov 22 03:31:25 UTC 2018 /home/travis/build/icyphy/ptII/ptolemy/domains/continuous/test/auto/ContinuousInDEInput2.xml
----------------- Instantiating /home/travis/build/icyphy/ptII/ptolemy/domains/continuous/test/auto/ContinuousInDEInput2.xml
18 ms. Memory: 423424K Free: 345200K (82%)
----------------- Invoking toplevel() on ptolemy.moml.MoMLSimpleApplication@3324635
----------------- Done invoking toplevel() on ptolemy.moml.MoMLSimpleApplication@3324635
reloadAllAccessors: .ContinuousInDEInput2

===========================================================================================
----------------- testing Thu Nov 22 03:31:25 UTC 2018 /home/travis/build/icyphy/ptII/ptolemy/domains/continuous/test/auto/ContinuousInDEInput3.xml
----------------- Instantiating /home/travis/build/icyphy/ptII/ptolemy/domains/continuous/test/auto/ContinuousInDEInput3.xml
13 ms. Memory: 423424K Free: 334252K (79%)
----------------- Invoking toplevel() on ptolemy.moml.MoMLSimpleApplication@395d5f25
----------------- Done invoking toplevel() on ptolemy.moml.MoMLSimpleApplication@395d5f25
reloadAllAccessors: .ContinuousInDEInput3

===========================================================================================
----------------- testing Thu Nov 22 03:31:25 UTC 2018 /home/travis/build/icyphy/ptII/ptolemy/domains/continuous/test/auto/ContinuousInDESharingRefinement.xml
----------------- Instantiating /home/travis/build/icyphy/ptII/ptolemy/domains/continuous/test/auto/ContinuousInDESharingRefinement.xml
126 ms. Memory: 423424K Free: 237350K (56%)
----------------- Invoking toplevel() on ptolemy.moml.MoMLSimpleApplication@6050d8ef
----------------- Done invoking toplevel() on ptolemy.moml.MoMLSimpleApplication@6050d8ef
reloadAllAccessors: .ContinuousInDESharingRefinement

===========================================================================================
----------------- testing Thu Nov 22 03:31:25 UTC 2018 /home/travis/build/icyphy/ptII/ptolemy/domains/continuous/test/auto/ContinuousInDEwithNoPorts.xml
----------------- Instantiating /home/travis/build/icyphy/ptII/ptolemy/domains/continuous/test/auto/ContinuousInDEwithNoPorts.xml
5 ms. Memory: 423424K Free: 230821K (55%)
----------------- Invoking toplevel() on ptolemy.moml.MoMLSimpleApplication@6330c29d
----------------- Done invoking toplevel() on ptolemy.moml.MoMLSimpleApplication@6330c29d
reloadAllAccessors: .ContinuousInDEwithNoPorts

===========================================================================================
----------------- testing Thu Nov 22 03:31:25 UTC 2018 /home/travis/build/icyphy/ptII/ptolemy/domains/continuous/test/auto/ContinuousInsideDE.xml
----------------- Instantiating /home/travis/build/icyphy/ptII/ptolemy/domains/continuous/test/auto/ContinuousInsideDE.xml
35 ms. Memory: 423424K Free: 216461K (51%)
----------------- Invoking toplevel() on ptolemy.moml.MoMLSimpleApplication@43e3cfaf
----------------- Done invoking toplevel() on ptolemy.moml.MoMLSimpleApplication@43e3cfaf
reloadAllAccessors: .ContinuousInsideDE

===========================================================================================
----------------- testing Thu Nov 22 03:31:26 UTC 2018 /home/travis/build/icyphy/ptII/ptolemy/domains/continuous/test/auto/ContinuousMerge1.xml
----------------- Instantiating /home/travis/build/icyphy/ptII/ptolemy/domains/continuous/test/auto/ContinuousMerge1.xml
3 ms. Memory: 423424K Free: 210627K (50%)
----------------- Invoking toplevel() on ptolemy.moml.MoMLSimpleApplication@67fe526d
----------------- Done invoking toplevel() on ptolemy.moml.MoMLSimpleApplication@67fe526d
reloadAllAccessors: .ContinuousMerge1

===========================================================================================
----------------- testing Thu Nov 22 03:31:26 UTC 2018 /home/travis/build/icyphy/ptII/ptolemy/domains/continuous/test/auto/ContinuousMerge2.xml
----------------- Instantiating /home/travis/build/icyphy/ptII/ptolemy/domains/continuous/test/auto/ContinuousMerge2.xml
12 ms. Memory: 423424K Free: 196224K (46%)
----------------- Invoking toplevel() on ptolemy.moml.MoMLSimpleApplication@2eced6ad
----------------- Done invoking toplevel() on ptolemy.moml.MoMLSimpleApplication@2eced6ad
reloadAllAccessors: .ContinuousMerge2

===========================================================================================
----------------- testing Thu Nov 22 03:31:26 UTC 2018 /home/travis/build/icyphy/ptII/ptolemy/domains/continuous/test/auto/ContinuousMerge3.xml
----------------- Instantiating /home/travis/build/icyphy/ptII/ptolemy/domains/continuous/test/auto/ContinuousMerge3.xml
49 ms. Memory: 423424K Free: 183544K (43%)
----------------- Invoking toplevel() on ptolemy.moml.MoMLSimpleApplication@15ffc4ed
----------------- Done invoking toplevel() on ptolemy.moml.MoMLSimpleApplication@15ffc4ed
reloadAllAccessors: .ContinuousMerge3

===========================================================================================
----------------- testing Thu Nov 22 03:31:26 UTC 2018 /home/travis/build/icyphy/ptII/ptolemy/domains/continuous/test/auto/ContinuousWithinContinuous.xml
----------------- Instantiating /home/travis/build/icyphy/ptII/ptolemy/domains/continuous/test/auto/ContinuousWithinContinuous.xml
40 ms. Memory: 423424K Free: 172556K (41%)
----------------- Invoking toplevel() on ptolemy.moml.MoMLSimpleApplication@46c2936e
----------------- Done invoking toplevel() on ptolemy.moml.MoMLSimpleApplication@46c2936e
reloadAllAccessors: .ContinuousWithinContinuous

===========================================================================================
----------------- testing Thu Nov 22 03:31:26 UTC 2018 /home/travis/build/icyphy/ptII/ptolemy/domains/continuous/test/auto/ContinuousWithinContinuous2.xml
----------------- Instantiating /home/travis/build/icyphy/ptII/ptolemy/domains/continuous/test/auto/ContinuousWithinContinuous2.xml
62 ms. Memory: 423424K Free: 157489K (37%)
----------------- Invoking toplevel() on ptolemy.moml.MoMLSimpleApplication@3284e34f
----------------- Done invoking toplevel() on ptolemy.moml.MoMLSimpleApplication@3284e34f
reloadAllAccessors: .ContinuousWithinContinuous2

===========================================================================================
----------------- testing Thu Nov 22 03:31:26 UTC 2018 /home/travis/build/icyphy/ptII/ptolemy/domains/continuous/test/auto/ContinuousWithinContinuous3.xml
----------------- Instantiating /home/travis/build/icyphy/ptII/ptolemy/domains/continuous/test/auto/ContinuousWithinContinuous3.xml
15 ms. Memory: 423424K Free: 148224K (35%)
----------------- Invoking toplevel() on ptolemy.moml.MoMLSimpleApplication@55cbd2a9
----------------- Done invoking toplevel() on ptolemy.moml.MoMLSimpleApplication@55cbd2a9
reloadAllAccessors: .ContinuousWithinContinuous3

===========================================================================================
----------------- testing Thu Nov 22 03:31:26 UTC 2018 /home/travis/build/icyphy/ptII/ptolemy/domains/continuous/test/auto/ContinuousWithinContinuous4.xml
----------------- Instantiating /home/travis/build/icyphy/ptII/ptolemy/domains/continuous/test/auto/ContinuousWithinContinuous4.xml
68 ms. Memory: 423424K Free: 132153K (31%)
----------------- Invoking toplevel() on ptolemy.moml.MoMLSimpleApplication@44651386
----------------- Done invoking toplevel() on ptolemy.moml.MoMLSimpleApplication@44651386
reloadAllAccessors: .ContinuousWithinContinuous4

===========================================================================================
----------------- testing Thu Nov 22 03:31:26 UTC 2018 /home/travis/build/icyphy/ptII/ptolemy/domains/continuous/test/auto/ContinuousWithinContinuous5.xml
----------------- Instantiating /home/travis/build/icyphy/ptII/ptolemy/domains/continuous/test/auto/ContinuousWithinContinuous5.xml
13 ms. Memory: 423424K Free: 121180K (29%)
----------------- Invoking toplevel() on ptolemy.moml.MoMLSimpleApplication@34ae2f7d
----------------- Done invoking toplevel() on ptolemy.moml.MoMLSimpleApplication@34ae2f7d
reloadAllAccessors: .ContinuousWithinContinuous5

===========================================================================================
----------------- testing Thu Nov 22 03:31:26 UTC 2018 /home/travis/build/icyphy/ptII/ptolemy/domains/continuous/test/auto/ContinuousWithinContinuous6.xml
----------------- Instantiating /home/travis/build/icyphy/ptII/ptolemy/domains/continuous/test/auto/ContinuousWithinContinuous6.xml
12 ms. Memory: 423424K Free: 111947K (26%)
----------------- Invoking toplevel() on ptolemy.moml.MoMLSimpleApplication@107a07c8
----------------- Done invoking toplevel() on ptolemy.moml.MoMLSimpleApplication@107a07c8
reloadAllAccessors: .ContinuousWithinContinuous6

===========================================================================================
----------------- testing Thu Nov 22 03:31:26 UTC 2018 /home/travis/build/icyphy/ptII/ptolemy/domains/continuous/test/auto/ContinuousWithinContinuous7.xml
----------------- Instantiating /home/travis/build/icyphy/ptII/ptolemy/domains/continuous/test/auto/ContinuousWithinContinuous7.xml
61 ms. Memory: 423424K Free: 96880K (23%)
----------------- Invoking toplevel() on ptolemy.moml.MoMLSimpleApplication@6657cbfd
----------------- Done invoking toplevel() on ptolemy.moml.MoMLSimpleApplication@6657cbfd
reloadAllAccessors: .ContinuousWithinContinuous7

===========================================================================================
----------------- testing Thu Nov 22 03:31:26 UTC 2018 /home/travis/build/icyphy/ptII/ptolemy/domains/continuous/test/auto/DCMotor.xml
----------------- Instantiating /home/travis/build/icyphy/ptII/ptolemy/domains/continuous/test/auto/DCMotor.xml
14256 ms. Memory: 264704K Free: 246935K (93%)
----------------- Invoking toplevel() on ptolemy.moml.MoMLSimpleApplication@75750490
----------------- Done invoking toplevel() on ptolemy.moml.MoMLSimpleApplication@75750490
reloadAllAccessors: .DCMotor

===========================================================================================
----------------- testing Thu Nov 22 03:31:40 UTC 2018 /home/travis/build/icyphy/ptII/ptolemy/domains/continuous/test/auto/DEInContinuous.xml
----------------- Instantiating /home/travis/build/icyphy/ptII/ptolemy/domains/continuous/test/auto/DEInContinuous.xml
7 ms. Memory: 264704K Free: 234605K (89%)
----------------- Invoking toplevel() on ptolemy.moml.MoMLSimpleApplication@1b7dd92f
----------------- Done invoking toplevel() on ptolemy.moml.MoMLSimpleApplication@1b7dd92f
reloadAllAccessors: .DEInContinuous

===========================================================================================
----------------- testing Thu Nov 22 03:31:40 UTC 2018 /home/travis/build/icyphy/ptII/ptolemy/domains/continuous/test/auto/DEinContinuous2.xml
----------------- Instantiating /home/travis/build/icyphy/ptII/ptolemy/domains/continuous/test/auto/DEinContinuous2.xml
8 ms. Memory: 264704K Free: 222682K (84%)
----------------- Invoking toplevel() on ptolemy.moml.MoMLSimpleApplication@22c5af83
----------------- Done invoking toplevel() on ptolemy.moml.MoMLSimpleApplication@22c5af83
reloadAllAccessors: .DEinContinuous2

===========================================================================================
----------------- testing Thu Nov 22 03:31:40 UTC 2018 /home/travis/build/icyphy/ptII/ptolemy/domains/continuous/test/auto/Derivative.xml
----------------- Instantiating /home/travis/build/icyphy/ptII/ptolemy/domains/continuous/test/auto/Derivative.xml
154 ms. Memory: 264704K Free: 181427K (69%)
----------------- Invoking toplevel() on ptolemy.moml.MoMLSimpleApplication@6b92cda7
----------------- Done invoking toplevel() on ptolemy.moml.MoMLSimpleApplication@6b92cda7
reloadAllAccessors: .Derivative2

===========================================================================================
----------------- testing Thu Nov 22 03:31:41 UTC 2018 /home/travis/build/icyphy/ptII/ptolemy/domains/continuous/test/auto/Derivative1.xml
----------------- Instantiating /home/travis/build/icyphy/ptII/ptolemy/domains/continuous/test/auto/Derivative1.xml
14 ms. Memory: 264704K Free: 162459K (61%)
----------------- Invoking toplevel() on ptolemy.moml.MoMLSimpleApplication@385e3c63
----------------- Done invoking toplevel() on ptolemy.moml.MoMLSimpleApplication@385e3c63
reloadAllAccessors: .Derivative1

===========================================================================================
----------------- testing Thu Nov 22 03:31:41 UTC 2018 /home/travis/build/icyphy/ptII/ptolemy/domains/continuous/test/auto/DiscreteClock.xml
----------------- Instantiating /home/travis/build/icyphy/ptII/ptolemy/domains/continuous/test/auto/DiscreteClock.xml
5 ms. Memory: 264704K Free: 150536K (57%)
----------------- Invoking toplevel() on ptolemy.moml.MoMLSimpleApplication@14b50c4e
----------------- Done invoking toplevel() on ptolemy.moml.MoMLSimpleApplication@14b50c4e
reloadAllAccessors: .DiscreteClock

===========================================================================================
----------------- testing Thu Nov 22 03:31:41 UTC 2018 /home/travis/build/icyphy/ptII/ptolemy/domains/continuous/test/auto/EfficiencyCurve.xml
----------------- Instantiating /home/travis/build/icyphy/ptII/ptolemy/domains/continuous/test/auto/EfficiencyCurve.xml
84 ms. Memory: 264704K Free: 134962K (51%)
----------------- Invoking toplevel() on ptolemy.moml.MoMLSimpleApplication@599719df
----------------- Done invoking toplevel() on ptolemy.moml.MoMLSimpleApplication@599719df
reloadAllAccessors: .EfficiencyCurve

===========================================================================================
----------------- testing Thu Nov 22 03:31:41 UTC 2018 /home/travis/build/icyphy/ptII/ptolemy/domains/continuous/test/auto/ExponentialResponse.xml
----------------- Instantiating /home/travis/build/icyphy/ptII/ptolemy/domains/continuous/test/auto/ExponentialResponse.xml
95 ms. Memory: 264704K Free: 113886K (43%)
----------------- Invoking toplevel() on ptolemy.moml.MoMLSimpleApplication@6ce55c25
----------------- Done invoking toplevel() on ptolemy.moml.MoMLSimpleApplication@6ce55c25
reloadAllAccessors: .ExponentialResponse

===========================================================================================
----------------- testing Thu Nov 22 03:31:41 UTC 2018 /home/travis/build/icyphy/ptII/ptolemy/domains/continuous/test/auto/ExponentialResponseRK45.xml
----------------- Instantiating /home/travis/build/icyphy/ptII/ptolemy/domains/continuous/test/auto/ExponentialResponseRK45.xml
26 ms. Memory: 264704K Free: 105948K (40%)
----------------- Invoking toplevel() on ptolemy.moml.MoMLSimpleApplication@610c2c70
----------------- Done invoking toplevel() on ptolemy.moml.MoMLSimpleApplication@610c2c70
reloadAllAccessors: .ExponentialResponseRK45

===========================================================================================
----------------- testing Thu Nov 22 03:31:41 UTC 2018 /home/travis/build/icyphy/ptII/ptolemy/domains/continuous/test/auto/Friction.xml
----------------- Instantiating /home/travis/build/icyphy/ptII/ptolemy/domains/continuous/test/auto/Friction.xml
1228 ms. Memory: 246784K Free: 177171K (72%)
----------------- Invoking toplevel() on ptolemy.moml.MoMLSimpleApplication@10d133be
----------------- Done invoking toplevel() on ptolemy.moml.MoMLSimpleApplication@10d133be
reloadAllAccessors: .Friction

===========================================================================================
----------------- testing Thu Nov 22 03:31:42 UTC 2018 /home/travis/build/icyphy/ptII/ptolemy/domains/continuous/test/auto/FurutaPendulum.xml
----------------- Instantiating /home/travis/build/icyphy/ptII/ptolemy/domains/continuous/test/auto/FurutaPendulum.xml
3216 ms. Memory: 224256K Free: 130270K (58%)
----------------- Invoking toplevel() on ptolemy.moml.MoMLSimpleApplication@5b757cf8
----------------- Done invoking toplevel() on ptolemy.moml.MoMLSimpleApplication@5b757cf8
reloadAllAccessors: .FurutaPendulum

===========================================================================================
----------------- testing Thu Nov 22 03:31:46 UTC 2018 /home/travis/build/icyphy/ptII/ptolemy/domains/continuous/test/auto/HierarchicalExecution.xml
----------------- Instantiating /home/travis/build/icyphy/ptII/ptolemy/domains/continuous/test/auto/HierarchicalExecution.xml
1768 ms. Memory: 254464K Free: 174768K (69%)
----------------- Invoking toplevel() on ptolemy.moml.MoMLSimpleApplication@2741b9c8
----------------- Done invoking toplevel() on ptolemy.moml.MoMLSimpleApplication@2741b9c8
reloadAllAccessors: .HierarchicalExecution

===========================================================================================
----------------- testing Thu Nov 22 03:31:48 UTC 2018 /home/travis/build/icyphy/ptII/ptolemy/domains/continuous/test/auto/HybridPlant.xml
----------------- Instantiating /home/travis/build/icyphy/ptII/ptolemy/domains/continuous/test/auto/HybridPlant.xml
483 ms. Memory: 296448K Free: 112225K (38%)
----------------- Invoking toplevel() on ptolemy.moml.MoMLSimpleApplication@4821fa42
----------------- Done invoking toplevel() on ptolemy.moml.MoMLSimpleApplication@4821fa42
reloadAllAccessors: .HybridPlant

===========================================================================================
----------------- testing Thu Nov 22 03:31:48 UTC 2018 /home/travis/build/icyphy/ptII/ptolemy/domains/continuous/test/auto/Hysteresis.xml
----------------- Instantiating /home/travis/build/icyphy/ptII/ptolemy/domains/continuous/test/auto/Hysteresis.xml
132 ms. Memory: 350208K Free: 315644K (90%)
----------------- Invoking toplevel() on ptolemy.moml.MoMLSimpleApplication@507ec2a4
----------------- Done invoking toplevel() on ptolemy.moml.MoMLSimpleApplication@507ec2a4
reloadAllAccessors: .Hysteresis

===========================================================================================
----------------- testing Thu Nov 22 03:31:49 UTC 2018 /home/travis/build/icyphy/ptII/ptolemy/domains/continuous/test/auto/HysteresisWithRandomDelay.xml
----------------- Instantiating /home/travis/build/icyphy/ptII/ptolemy/domains/continuous/test/auto/HysteresisWithRandomDelay.xml
151 ms. Memory: 350208K Free: 238293K (68%)
----------------- Invoking toplevel() on ptolemy.moml.MoMLSimpleApplication@2800c2ae
----------------- Done invoking toplevel() on ptolemy.moml.MoMLSimpleApplication@2800c2ae
reloadAllAccessors: .HysteresisWithRandomDelay

===========================================================================================
----------------- testing Thu Nov 22 03:31:49 UTC 2018 /home/travis/build/icyphy/ptII/ptolemy/domains/continuous/test/auto/HysteresisWithRandomLosses.xml
----------------- Instantiating /home/travis/build/icyphy/ptII/ptolemy/domains/continuous/test/auto/HysteresisWithRandomLosses.xml
2214 ms. Memory: 500736K Free: 224470K (45%)
----------------- Invoking toplevel() on ptolemy.moml.MoMLSimpleApplication@519c1751
----------------- Done invoking toplevel() on ptolemy.moml.MoMLSimpleApplication@519c1751
reloadAllAccessors: .HysteresisWithRandomLosses

===========================================================================================
----------------- testing Thu Nov 22 03:31:51 UTC 2018 /home/travis/build/icyphy/ptII/ptolemy/domains/continuous/test/auto/ImmediateTransitions.xml
----------------- Instantiating /home/travis/build/icyphy/ptII/ptolemy/domains/continuous/test/auto/ImmediateTransitions.xml
8 ms. Memory: 500736K Free: 207719K (41%)
----------------- Invoking toplevel() on ptolemy.moml.MoMLSimpleApplication@11833893
----------------- Done invoking toplevel() on ptolemy.moml.MoMLSimpleApplication@11833893
reloadAllAccessors: .ImmediateTransitions

===========================================================================================
----------------- testing Thu Nov 22 03:31:51 UTC 2018 /home/travis/build/icyphy/ptII/ptolemy/domains/continuous/test/auto/ImpulseFeedback.xml
----------------- Instantiating /home/travis/build/icyphy/ptII/ptolemy/domains/continuous/test/auto/ImpulseFeedback.xml
8 ms. Memory: 500736K Free: 198483K (40%)
----------------- Invoking toplevel() on ptolemy.moml.MoMLSimpleApplication@53389c47
----------------- Done invoking toplevel() on ptolemy.moml.MoMLSimpleApplication@53389c47
reloadAllAccessors: .ImpulseFeedback

===========================================================================================
----------------- testing Thu Nov 22 03:31:51 UTC 2018 /home/travis/build/icyphy/ptII/ptolemy/domains/continuous/test/auto/ImpulseFeedback2.xml
----------------- Instantiating /home/travis/build/icyphy/ptII/ptolemy/domains/continuous/test/auto/ImpulseFeedback2.xml
6 ms. Memory: 500736K Free: 189249K (38%)
----------------- Invoking toplevel() on ptolemy.moml.MoMLSimpleApplication@5fc0c8a
----------------- Done invoking toplevel() on ptolemy.moml.MoMLSimpleApplication@5fc0c8a
reloadAllAccessors: .ImpulseFeedback2

===========================================================================================
----------------- testing Thu Nov 22 03:31:51 UTC 2018 /home/travis/build/icyphy/ptII/ptolemy/domains/continuous/test/auto/IncreasingRatePoisson.xml
----------------- Instantiating /home/travis/build/icyphy/ptII/ptolemy/domains/continuous/test/auto/IncreasingRatePoisson.xml
667 ms. Memory: 598528K Free: 383790K (64%)
----------------- Invoking toplevel() on ptolemy.moml.MoMLSimpleApplication@6f3e8ba3
----------------- Done invoking toplevel() on ptolemy.moml.MoMLSimpleApplication@6f3e8ba3
reloadAllAccessors: .IncreasingRatePoisson

===========================================================================================
----------------- testing Thu Nov 22 03:31:52 UTC 2018 /home/travis/build/icyphy/ptII/ptolemy/domains/continuous/test/auto/InitialStateFeedback.xml
----------------- Instantiating /home/travis/build/icyphy/ptII/ptolemy/domains/continuous/test/auto/InitialStateFeedback.xml
8 ms. Memory: 598528K Free: 374257K (63%)
----------------- Invoking toplevel() on ptolemy.moml.MoMLSimpleApplication@74714aaf
----------------- Done invoking toplevel() on ptolemy.moml.MoMLSimpleApplication@74714aaf
reloadAllAccessors: .InitialStateFeedback

===========================================================================================
----------------- testing Thu Nov 22 03:31:52 UTC 2018 /home/travis/build/icyphy/ptII/ptolemy/domains/continuous/test/auto/Integration.xml
----------------- Instantiating /home/travis/build/icyphy/ptII/ptolemy/domains/continuous/test/auto/Integration.xml
2 ms. Memory: 598528K Free: 366534K (61%)
----------------- Invoking toplevel() on ptolemy.moml.MoMLSimpleApplication@5535bf41
----------------- Done invoking toplevel() on ptolemy.moml.MoMLSimpleApplication@5535bf41
reloadAllAccessors: .Integration

===========================================================================================
----------------- testing Thu Nov 22 03:31:52 UTC 2018 /home/travis/build/icyphy/ptII/ptolemy/domains/continuous/test/auto/Integration2.xml
----------------- Instantiating /home/travis/build/icyphy/ptII/ptolemy/domains/continuous/test/auto/Integration2.xml
74 ms. Memory: 598528K Free: 345270K (58%)
----------------- Invoking toplevel() on ptolemy.moml.MoMLSimpleApplication@198dd0c8
----------------- Done invoking toplevel() on ptolemy.moml.MoMLSimpleApplication@198dd0c8
reloadAllAccessors: .Integration2

===========================================================================================
----------------- testing Thu Nov 22 03:31:52 UTC 2018 /home/travis/build/icyphy/ptII/ptolemy/domains/continuous/test/auto/Integration3.xml
----------------- Instantiating /home/travis/build/icyphy/ptII/ptolemy/domains/continuous/test/auto/Integration3.xml
5 ms. Memory: 598528K Free: 337547K (56%)
----------------- Invoking toplevel() on ptolemy.moml.MoMLSimpleApplication@195743e2
----------------- Done invoking toplevel() on ptolemy.moml.MoMLSimpleApplication@195743e2
reloadAllAccessors: .Integration3

===========================================================================================
----------------- testing Thu Nov 22 03:31:52 UTC 2018 /home/travis/build/icyphy/ptII/ptolemy/domains/continuous/test/auto/Integration5.xml
----------------- Instantiating /home/travis/build/icyphy/ptII/ptolemy/domains/continuous/test/auto/Integration5.xml
2 ms. Memory: 598528K Free: 329824K (55%)
----------------- Invoking toplevel() on ptolemy.moml.MoMLSimpleApplication@170cbb27
----------------- Done invoking toplevel() on ptolemy.moml.MoMLSimpleApplication@170cbb27
reloadAllAccessors: .Integration5

===========================================================================================
----------------- testing Thu Nov 22 03:31:52 UTC 2018 /home/travis/build/icyphy/ptII/ptolemy/domains/continuous/test/auto/IntegratorImpulse.xml
----------------- Instantiating /home/travis/build/icyphy/ptII/ptolemy/domains/continuous/test/auto/IntegratorImpulse.xml
1 ms. Memory: 598528K Free: 322214K (54%)
----------------- Invoking toplevel() on ptolemy.moml.MoMLSimpleApplication@10c4273f
----------------- Done invoking toplevel() on ptolemy.moml.MoMLSimpleApplication@10c4273f
reloadAllAccessors: .IntegratorImpulse

===========================================================================================
----------------- testing Thu Nov 22 03:31:52 UTC 2018 /home/travis/build/icyphy/ptII/ptolemy/domains/continuous/test/auto/IntegratorImpulse2.xml
----------------- Instantiating /home/travis/build/icyphy/ptII/ptolemy/domains/continuous/test/auto/IntegratorImpulse2.xml
3 ms. Memory: 598528K Free: 314492K (53%)
----------------- Invoking toplevel() on ptolemy.moml.MoMLSimpleApplication@72551e7
----------------- Done invoking toplevel() on ptolemy.moml.MoMLSimpleApplication@72551e7
reloadAllAccessors: .IntegratorImpulse2

===========================================================================================
----------------- testing Thu Nov 22 03:31:52 UTC 2018 /home/travis/build/icyphy/ptII/ptolemy/domains/continuous/test/auto/LevelCrossing1.xml
----------------- Instantiating /home/travis/build/icyphy/ptII/ptolemy/domains/continuous/test/auto/LevelCrossing1.xml
2 ms. Memory: 598528K Free: 303340K (51%)
----------------- Invoking toplevel() on ptolemy.moml.MoMLSimpleApplication@5d04a7da
----------------- Done invoking toplevel() on ptolemy.moml.MoMLSimpleApplication@5d04a7da
reloadAllAccessors: .LevelCrossing1

===========================================================================================
----------------- testing Thu Nov 22 03:31:52 UTC 2018 /home/travis/build/icyphy/ptII/ptolemy/domains/continuous/test/auto/LevelCrossing2.xml
----------------- Instantiating /home/travis/build/icyphy/ptII/ptolemy/domains/continuous/test/auto/LevelCrossing2.xml
3 ms. Memory: 598528K Free: 292299K (49%)
----------------- Invoking toplevel() on ptolemy.moml.MoMLSimpleApplication@7f06e0
----------------- Done invoking toplevel() on ptolemy.moml.MoMLSimpleApplication@7f06e0
reloadAllAccessors: .LevelCrossing2

===========================================================================================
----------------- testing Thu Nov 22 03:31:52 UTC 2018 /home/travis/build/icyphy/ptII/ptolemy/domains/continuous/test/auto/LevelCrossing3.xml
----------------- Instantiating /home/travis/build/icyphy/ptII/ptolemy/domains/continuous/test/auto/LevelCrossing3.xml
2 ms. Memory: 598528K Free: 281148K (47%)
----------------- Invoking toplevel() on ptolemy.moml.MoMLSimpleApplication@7152fceb
----------------- Done invoking toplevel() on ptolemy.moml.MoMLSimpleApplication@7152fceb
reloadAllAccessors: .LevelCrossing3

===========================================================================================
----------------- testing Thu Nov 22 03:31:52 UTC 2018 /home/travis/build/icyphy/ptII/ptolemy/domains/continuous/test/auto/LevelCrossing4.xml
----------------- Instantiating /home/travis/build/icyphy/ptII/ptolemy/domains/continuous/test/auto/LevelCrossing4.xml
2 ms. Memory: 598528K Free: 269996K (45%)
----------------- Invoking toplevel() on ptolemy.moml.MoMLSimpleApplication@6fad5067
----------------- Done invoking toplevel() on ptolemy.moml.MoMLSimpleApplication@6fad5067
reloadAllAccessors: .LevelCrossing4

===========================================================================================
----------------- testing Thu Nov 22 03:31:52 UTC 2018 /home/travis/build/icyphy/ptII/ptolemy/domains/continuous/test/auto/LevelCrossing5.xml
----------------- Instantiating /home/travis/build/icyphy/ptII/ptolemy/domains/continuous/test/auto/LevelCrossing5.xml
3 ms. Memory: 598528K Free: 258844K (43%)
----------------- Invoking toplevel() on ptolemy.moml.MoMLSimpleApplication@4429b552
----------------- Done invoking toplevel() on ptolemy.moml.MoMLSimpleApplication@4429b552
reloadAllAccessors: .LevelCrossing5

===========================================================================================
[...]
4 ms. Memory: 587776K Free: 186165K (32%)
----------------- Invoking toplevel() on ptolemy.moml.MoMLSimpleApplication@65bef78a
----------------- Done invoking toplevel() on ptolemy.moml.MoMLSimpleApplication@65bef78a
reloadAllAccessors: .SRinContinuous

===========================================================================================
----------------- testing Thu Nov 22 03:32:10 UTC 2018 /home/travis/build/icyphy/ptII/ptolemy/domains/continuous/test/auto/SampledClocks.xml
----------------- Instantiating /home/travis/build/icyphy/ptII/ptolemy/domains/continuous/test/auto/SampledClocks.xml
4 ms. Memory: 587776K Free: 175130K (30%)
----------------- Invoking toplevel() on ptolemy.moml.MoMLSimpleApplication@68cd9700
----------------- Done invoking toplevel() on ptolemy.moml.MoMLSimpleApplication@68cd9700
reloadAllAccessors: .SampledClocks

===========================================================================================
----------------- testing Thu Nov 22 03:32:10 UTC 2018 /home/travis/build/icyphy/ptII/ptolemy/domains/continuous/test/auto/Satellite.xml
----------------- Instantiating /home/travis/build/icyphy/ptII/ptolemy/domains/continuous/test/auto/Satellite.xml
878 ms. Memory: 564224K Free: 478718K (85%)
----------------- Invoking toplevel() on ptolemy.moml.MoMLSimpleApplication@2a86f1f2
----------------- Done invoking toplevel() on ptolemy.moml.MoMLSimpleApplication@2a86f1f2
reloadAllAccessors: .Satellite

===========================================================================================
----------------- testing Thu Nov 22 03:32:10 UTC 2018 /home/travis/build/icyphy/ptII/ptolemy/domains/continuous/test/auto/SigmaDelta.xml
----------------- Instantiating /home/travis/build/icyphy/ptII/ptolemy/domains/continuous/test/auto/SigmaDelta.xml
2093 ms. Memory: 564224K Free: 99848K (18%)
----------------- Invoking toplevel() on ptolemy.moml.MoMLSimpleApplication@1d6fab17
----------------- Done invoking toplevel() on ptolemy.moml.MoMLSimpleApplication@1d6fab17
reloadAllAccessors: .SigmaDelta

===========================================================================================
----------------- testing Thu Nov 22 03:32:13 UTC 2018 /home/travis/build/icyphy/ptII/ptolemy/domains/continuous/test/auto/SingleRefinement.xml
----------------- Instantiating /home/travis/build/icyphy/ptII/ptolemy/domains/continuous/test/auto/SingleRefinement.xml
325 ms. Memory: 542208K Free: 373842K (69%)
----------------- Invoking toplevel() on ptolemy.moml.MoMLSimpleApplication@2f4625b7
----------------- Done invoking toplevel() on ptolemy.moml.MoMLSimpleApplication@2f4625b7
reloadAllAccessors: .SingleRefinement

===========================================================================================
----------------- testing Thu Nov 22 03:32:13 UTC 2018 /home/travis/build/icyphy/ptII/ptolemy/domains/continuous/test/auto/SinuBouncingBall.xml
----------------- Instantiating /home/travis/build/icyphy/ptII/ptolemy/domains/continuous/test/auto/SinuBouncingBall.xml
741 ms. Memory: 542208K Free: 149959K (28%)
----------------- Invoking toplevel() on ptolemy.moml.MoMLSimpleApplication@4a9b247c
----------------- Done invoking toplevel() on ptolemy.moml.MoMLSimpleApplication@4a9b247c
reloadAllAccessors: .SinuBouncingBall

===========================================================================================
----------------- testing Thu Nov 22 03:32:14 UTC 2018 /home/travis/build/icyphy/ptII/ptolemy/domains/continuous/test/auto/Sinusoid.xml
----------------- Instantiating /home/travis/build/icyphy/ptII/ptolemy/domains/continuous/test/auto/Sinusoid.xml
4 ms. Memory: 542208K Free: 142170K (26%)
----------------- Invoking toplevel() on ptolemy.moml.MoMLSimpleApplication@82e471b
----------------- Done invoking toplevel() on ptolemy.moml.MoMLSimpleApplication@82e471b
reloadAllAccessors: .Sinusoid

===========================================================================================
----------------- testing Thu Nov 22 03:32:14 UTC 2018 /home/travis/build/icyphy/ptII/ptolemy/domains/continuous/test/auto/SinusoidInNoise.xml
----------------- Instantiating /home/travis/build/icyphy/ptII/ptolemy/domains/continuous/test/auto/SinusoidInNoise.xml
962 ms. Memory: 521216K Free: 376143K (72%)
----------------- Invoking toplevel() on ptolemy.moml.MoMLSimpleApplication@50cae5b6
----------------- Done invoking toplevel() on ptolemy.moml.MoMLSimpleApplication@50cae5b6
reloadAllAccessors: .SinusoidInNoise

===========================================================================================
----------------- testing Thu Nov 22 03:32:15 UTC 2018 /home/travis/build/icyphy/ptII/ptolemy/domains/continuous/test/auto/SinusoidRK45.xml
----------------- Instantiating /home/travis/build/icyphy/ptII/ptolemy/domains/continuous/test/auto/SinusoidRK45.xml
2 ms. Memory: 521216K Free: 367385K (70%)
----------------- Invoking toplevel() on ptolemy.moml.MoMLSimpleApplication@dbce22b
----------------- Done invoking toplevel() on ptolemy.moml.MoMLSimpleApplication@dbce22b
reloadAllAccessors: .SinusoidRK45

===========================================================================================
----------------- testing Thu Nov 22 03:32:15 UTC 2018 /home/travis/build/icyphy/ptII/ptolemy/domains/continuous/test/auto/SinusoidWithMultipleImpulses.xml
----------------- Instantiating /home/travis/build/icyphy/ptII/ptolemy/domains/continuous/test/auto/SinusoidWithMultipleImpulses.xml
3 ms. Memory: 521216K Free: 359911K (69%)
----------------- Invoking toplevel() on ptolemy.moml.MoMLSimpleApplication@2f6a34a3
----------------- Done invoking toplevel() on ptolemy.moml.MoMLSimpleApplication@2f6a34a3
reloadAllAccessors: .SinusoidWithMultipleImpulses

===========================================================================================
----------------- testing Thu Nov 22 03:32:15 UTC 2018 /home/travis/build/icyphy/ptII/ptolemy/domains/continuous/test/auto/SquareWave.xml
----------------- Instantiating /home/travis/build/icyphy/ptII/ptolemy/domains/continuous/test/auto/SquareWave.xml
151 ms. Memory: 521216K Free: 330407K (63%)
----------------- Invoking toplevel() on ptolemy.moml.MoMLSimpleApplication@60c716ca
----------------- Done invoking toplevel() on ptolemy.moml.MoMLSimpleApplication@60c716ca
reloadAllAccessors: .SquareWave

===========================================================================================
----------------- testing Thu Nov 22 03:32:15 UTC 2018 /home/travis/build/icyphy/ptII/ptolemy/domains/continuous/test/auto/Starmac.xml
----------------- Instantiating /home/travis/build/icyphy/ptII/ptolemy/domains/continuous/test/auto/Starmac.xml
3055 ms. Memory: 504320K Free: 377989K (75%)
----------------- Invoking toplevel() on ptolemy.moml.MoMLSimpleApplication@6e8de6d7
----------------- Done invoking toplevel() on ptolemy.moml.MoMLSimpleApplication@6e8de6d7
reloadAllAccessors: .Starmac

===========================================================================================
----------------- testing Thu Nov 22 03:32:19 UTC 2018 /home/travis/build/icyphy/ptII/ptolemy/domains/continuous/test/auto/StaticUnits.xml
----------------- Instantiating /home/travis/build/icyphy/ptII/ptolemy/domains/continuous/test/auto/StaticUnits.xml
2066 ms. Memory: 484864K Free: 326023K (67%)
----------------- Invoking toplevel() on ptolemy.moml.MoMLSimpleApplication@47dffa8b
----------------- Done invoking toplevel() on ptolemy.moml.MoMLSimpleApplication@47dffa8b
reloadAllAccessors: .StaticUnits

===========================================================================================
----------------- testing Thu Nov 22 03:32:21 UTC 2018 /home/travis/build/icyphy/ptII/ptolemy/domains/continuous/test/auto/StickyMasses.xml
----------------- Instantiating /home/travis/build/icyphy/ptII/ptolemy/domains/continuous/test/auto/StickyMasses.xml
124 ms. Memory: 484864K Free: 267289K (55%)
----------------- Invoking toplevel() on ptolemy.moml.MoMLSimpleApplication@60ca8f02
----------------- Done invoking toplevel() on ptolemy.moml.MoMLSimpleApplication@60ca8f02
reloadAllAccessors: .StickyMasses

===========================================================================================
----------------- testing Thu Nov 22 03:32:21 UTC 2018 /home/travis/build/icyphy/ptII/ptolemy/domains/continuous/test/auto/StopTime.xml
----------------- Instantiating /home/travis/build/icyphy/ptII/ptolemy/domains/continuous/test/auto/StopTime.xml
35 ms. Memory: 484864K Free: 238361K (49%)
----------------- Invoking toplevel() on ptolemy.moml.MoMLSimpleApplication@671b5a7f
----------------- Done invoking toplevel() on ptolemy.moml.MoMLSimpleApplication@671b5a7f
reloadAllAccessors: .StopTime

===========================================================================================
----------------- testing Thu Nov 22 03:32:21 UTC 2018 /home/travis/build/icyphy/ptII/ptolemy/domains/continuous/test/auto/StopTime2.xml
----------------- Instantiating /home/travis/build/icyphy/ptII/ptolemy/domains/continuous/test/auto/StopTime2.xml
29 ms. Memory: 484864K Free: 211363K (44%)
----------------- Invoking toplevel() on ptolemy.moml.MoMLSimpleApplication@30eaf71c
----------------- Done invoking toplevel() on ptolemy.moml.MoMLSimpleApplication@30eaf71c
reloadAllAccessors: .StopTime2

===========================================================================================
----------------- testing Thu Nov 22 03:32:21 UTC 2018 /home/travis/build/icyphy/ptII/ptolemy/domains/continuous/test/auto/Switch.xml
----------------- Instantiating /home/travis/build/icyphy/ptII/ptolemy/domains/continuous/test/auto/Switch.xml
50 ms. Memory: 484864K Free: 182437K (38%)
----------------- Invoking toplevel() on ptolemy.moml.MoMLSimpleApplication@7566cad2
----------------- Done invoking toplevel() on ptolemy.moml.MoMLSimpleApplication@7566cad2
reloadAllAccessors: .Switch

===========================================================================================
----------------- testing Thu Nov 22 03:32:22 UTC 2018 /home/travis/build/icyphy/ptII/ptolemy/domains/continuous/test/auto/Thermostat.xml
----------------- Instantiating /home/travis/build/icyphy/ptII/ptolemy/domains/continuous/test/auto/Thermostat.xml
184 ms. Memory: 484864K Free: 103389K (21%)
----------------- Invoking toplevel() on ptolemy.moml.MoMLSimpleApplication@15761295
----------------- Done invoking toplevel() on ptolemy.moml.MoMLSimpleApplication@15761295
reloadAllAccessors: .Thermostat

===========================================================================================
----------------- testing Thu Nov 22 03:32:22 UTC 2018 /home/travis/build/icyphy/ptII/ptolemy/domains/continuous/test/auto/TimeDelay.xml
----------------- Instantiating /home/travis/build/icyphy/ptII/ptolemy/domains/continuous/test/auto/TimeDelay.xml
6 ms. Memory: 484864K Free: 96423K (20%)
----------------- Invoking toplevel() on ptolemy.moml.MoMLSimpleApplication@5f6b8e07
----------------- Done invoking toplevel() on ptolemy.moml.MoMLSimpleApplication@5f6b8e07
reloadAllAccessors: .TimeDelay

===========================================================================================
----------------- testing Thu Nov 22 03:32:22 UTC 2018 /home/travis/build/icyphy/ptII/ptolemy/domains/continuous/test/auto/TimeDelay2.xml
----------------- Instantiating /home/travis/build/icyphy/ptII/ptolemy/domains/continuous/test/auto/TimeDelay2.xml
7 ms. Memory: 484864K Free: 87512K (18%)
----------------- Invoking toplevel() on ptolemy.moml.MoMLSimpleApplication@7e4eb275
----------------- Done invoking toplevel() on ptolemy.moml.MoMLSimpleApplication@7e4eb275
reloadAllAccessors: .TimeDelay2

===========================================================================================
----------------- testing Thu Nov 22 03:32:22 UTC 2018 /home/travis/build/icyphy/ptII/ptolemy/domains/continuous/test/auto/TimeDelay3.xml
----------------- Instantiating /home/travis/build/icyphy/ptII/ptolemy/domains/continuous/test/auto/TimeDelay3.xml
7 ms. Memory: 484864K Free: 80547K (17%)
----------------- Invoking toplevel() on ptolemy.moml.MoMLSimpleApplication@1ce81903
----------------- Done invoking toplevel() on ptolemy.moml.MoMLSimpleApplication@1ce81903
reloadAllAccessors: .TimeDelay3

===========================================================================================
----------------- testing Thu Nov 22 03:32:22 UTC 2018 /home/travis/build/icyphy/ptII/ptolemy/domains/continuous/test/auto/TransferAbsentToInside.xml
----------------- Instantiating /home/travis/build/icyphy/ptII/ptolemy/domains/continuous/test/auto/TransferAbsentToInside.xml
25 ms. Memory: 484864K Free: 21450K (4%)
----------------- Invoking toplevel() on ptolemy.moml.MoMLSimpleApplication@2fcca7f7
----------------- Done invoking toplevel() on ptolemy.moml.MoMLSimpleApplication@2fcca7f7
reloadAllAccessors: .TransferAbsentToInside

===========================================================================================
----------------- testing Thu Nov 22 03:32:22 UTC 2018 /home/travis/build/icyphy/ptII/ptolemy/domains/continuous/test/auto/Transmission.xml
----------------- Instantiating /home/travis/build/icyphy/ptII/ptolemy/domains/continuous/test/auto/Transmission.xml
688 ms. Memory: 462336K Free: 160892K (35%)
----------------- Invoking toplevel() on ptolemy.moml.MoMLSimpleApplication@dd1c0d
----------------- Done invoking toplevel() on ptolemy.moml.MoMLSimpleApplication@dd1c0d
reloadAllAccessors: .Transmission

===========================================================================================
----------------- testing Thu Nov 22 03:32:23 UTC 2018 /home/travis/build/icyphy/ptII/ptolemy/domains/continuous/test/auto/TriggeredContinuousClock.xml
----------------- Instantiating /home/travis/build/icyphy/ptII/ptolemy/domains/continuous/test/auto/TriggeredContinuousClock.xml
34 ms. Memory: 462336K Free: 127418K (28%)
----------------- Invoking toplevel() on ptolemy.moml.MoMLSimpleApplication@3a3a5b5
----------------- Done invoking toplevel() on ptolemy.moml.MoMLSimpleApplication@3a3a5b5
reloadAllAccessors: .TriggeredContinuousClock

===========================================================================================
----------------- testing Thu Nov 22 03:32:23 UTC 2018 /home/travis/build/icyphy/ptII/ptolemy/domains/continuous/test/auto/TwoMachineInfiniteBusControl.xml
----------------- Instantiating /home/travis/build/icyphy/ptII/ptolemy/domains/continuous/test/auto/TwoMachineInfiniteBusControl.xml
2767 ms. Memory: 428032K Free: 276447K (65%)
----------------- Invoking toplevel() on ptolemy.moml.MoMLSimpleApplication@7b3941f6
----------------- Done invoking toplevel() on ptolemy.moml.MoMLSimpleApplication@7b3941f6
reloadAllAccessors: .TwoMachineInfiniteBusControl

===========================================================================================
----------------- testing Thu Nov 22 03:32:26 UTC 2018 /home/travis/build/icyphy/ptII/ptolemy/domains/continuous/test/auto/V2V.xml
----------------- Instantiating /home/travis/build/icyphy/ptII/ptolemy/domains/continuous/test/auto/V2V.xml
659 ms. Memory: 428032K Free: 79303K (19%)
----------------- Invoking toplevel() on ptolemy.moml.MoMLSimpleApplication@5f2b00d5
----------------- Done invoking toplevel() on ptolemy.moml.MoMLSimpleApplication@5f2b00d5
reloadAllAccessors: .V2V

===========================================================================================
----------------- testing Thu Nov 22 03:32:26 UTC 2018 /home/travis/build/icyphy/ptII/ptolemy/domains/continuous/test/auto/hierarchicalModalModel.xml
----------------- Instantiating /home/travis/build/icyphy/ptII/ptolemy/domains/continuous/test/auto/hierarchicalModalModel.xml
7 ms. Memory: 428032K Free: 59834K (14%)
----------------- Invoking toplevel() on ptolemy.moml.MoMLSimpleApplication@6d42544d
----------------- Done invoking toplevel() on ptolemy.moml.MoMLSimpleApplication@6d42544d
reloadAllAccessors: .hierarchicalModalModel

===========================================================================================
----------------- testing Thu Nov 22 03:32:26 UTC 2018 /home/travis/build/icyphy/ptII/ptolemy/domains/continuous/test/auto/hierarchicalModalModel1.xml
----------------- Instantiating /home/travis/build/icyphy/ptII/ptolemy/domains/continuous/test/auto/hierarchicalModalModel1.xml
9 ms. Memory: 428032K Free: 42675K (10%)
----------------- Invoking toplevel() on ptolemy.moml.MoMLSimpleApplication@49a0df3c
----------------- Done invoking toplevel() on ptolemy.moml.MoMLSimpleApplication@49a0df3c
reloadAllAccessors: .hierarchicalModalModel1

===========================================================================================
----------------- testing Thu Nov 22 03:32:26 UTC 2018 /home/travis/build/icyphy/ptII/ptolemy/domains/continuous/test/auto/hierarchicalModalModel2.xml
----------------- Instantiating /home/travis/build/icyphy/ptII/ptolemy/domains/continuous/test/auto/hierarchicalModalModel2.xml
7 ms. Memory: 428032K Free: 25523K (6%)
----------------- Invoking toplevel() on ptolemy.moml.MoMLSimpleApplication@39793515
----------------- Done invoking toplevel() on ptolemy.moml.MoMLSimpleApplication@39793515
reloadAllAccessors: .hierarchicalModalModel2

===========================================================================================
----------------- testing Thu Nov 22 03:32:26 UTC 2018 /home/travis/build/icyphy/ptII/ptolemy/domains/continuous/test/auto/hierarchicalModalModel3.xml
----------------- Instantiating /home/travis/build/icyphy/ptII/ptolemy/domains/continuous/test/auto/hierarchicalModalModel3.xml
7 ms. Memory: 428032K Free: 12994K (3%)
----------------- Invoking toplevel() on ptolemy.moml.MoMLSimpleApplication@70f2ea0c
----------------- Done invoking toplevel() on ptolemy.moml.MoMLSimpleApplication@70f2ea0c
reloadAllAccessors: .hierarchicalModalModel3

===========================================================================================
----------------- testing Thu Nov 22 03:32:26 UTC 2018 /home/travis/build/icyphy/ptII/ptolemy/domains/continuous/test/auto/hierarchicalModalModel4.xml
----------------- Instantiating /home/travis/build/icyphy/ptII/ptolemy/domains/continuous/test/auto/hierarchicalModalModel4.xml
5 ms. Memory: 419328K Free: 335445K (80%)
----------------- Invoking toplevel() on ptolemy.moml.MoMLSimpleApplication@7eb8752c
----------------- Done invoking toplevel() on ptolemy.moml.MoMLSimpleApplication@7eb8752c
reloadAllAccessors: .hierarchicalModalModel4

===========================================================================================
----------------- testing Thu Nov 22 03:32:27 UTC 2018 /home/travis/build/icyphy/ptII/ptolemy/domains/continuous/test/auto/junk.xml
----------------- Instantiating /home/travis/build/icyphy/ptII/ptolemy/domains/continuous/test/auto/junk.xml
136 ms. Memory: 419328K Free: 301391K (72%)
----------------- Invoking toplevel() on ptolemy.moml.MoMLSimpleApplication@12950133
----------------- Done invoking toplevel() on ptolemy.moml.MoMLSimpleApplication@12950133
reloadAllAccessors: .junk
AutoTests.java: About to close Vertx.
AutoTests.java: Vertx closed.
]]></system-out>
  <system-err><![CDATA[Warning: '.HysteresisWithRandomDelay.NonStrictTest' The test produced only 221 tokens, yet the correctValues parameter was expecting 222 tokens.
Warning: '.HysteresisWithRandomDelay.NonStrictTest2' The test produced only 220 tokens, yet the correctValues parameter was expecting 221 tokens.
Warning: '.HysteresisWithRandomDelay.NonStrictTest3' The test produced only 27 tokens, yet the correctValues parameter was expecting 30 tokens.
Warning: '.IncreasingRatePoisson.NonStrictTest' The test produced only 398 tokens, yet the correctValues parameter was expecting 402 tokens.
Warning: '.Poisson.NonStrictTest' The test produced only 390 tokens, yet the correctValues parameter was expecting 430 tokens.
]]></system-err>
</testsuite>
