<?xml version="1.0" encoding="UTF-8" ?>
<testsuite errors="0" failures="0" hostname="travis-job-5d2ef04d-b525-48e8-a724-266dd783cd30" name="ptolemy.domains.modal.test.junit.JUnitTclTest" skipped="0" tests="148" time="10.04" timestamp="2020-03-19T07:16:42">
  <properties>
[...]
</properties>
  <testcase classname="ptolemy.util.test.junit.TclTests" name="[0] /home/travis/build/icyphy/ptII/ptolemy/domains/modal/test/SystemLevelType.tcl (RunTclFile)" time="1.836" />
  <testcase classname="ptolemy.util.test.junit.AutoKnownFailedTests" name="[0] /home/travis/build/icyphy/ptII/ptolemy/domains/modal/test/auto/knownFailedTests/CannotAnalysisWithPreemption.xml (RunModel)" time="0.23" />
  <testcase classname="ptolemy.util.test.junit.AutoNameArchTests" name="[0] ThereAreNoAutoArchTests (RunModel)" time="0.001" />
  <testcase classname="ptolemy.util.test.junit.AutoTests" name="[0] /home/travis/build/icyphy/ptII/ptolemy/domains/modal/test/auto/ABPTest.xml (RunModel)" time="0.666" />
  <testcase classname="ptolemy.util.test.junit.AutoTests" name="[1] /home/travis/build/icyphy/ptII/ptolemy/domains/modal/test/auto/ABROFlat.xml (RunModel)" time="0.069" />
  <testcase classname="ptolemy.util.test.junit.AutoTests" name="[2] /home/travis/build/icyphy/ptII/ptolemy/domains/modal/test/auto/ABROFlat2.xml (RunModel)" time="0.047" />
  <testcase classname="ptolemy.util.test.junit.AutoTests" name="[3] /home/travis/build/icyphy/ptII/ptolemy/domains/modal/test/auto/ABRO_present_hmm.xml (RunModel)" time="0.13" />
  <testcase classname="ptolemy.util.test.junit.AutoTests" name="[4] /home/travis/build/icyphy/ptII/ptolemy/domains/modal/test/auto/AMICoderExample.xml (RunModel)" time="0.066" />
  <testcase classname="ptolemy.util.test.junit.AutoTests" name="[5] /home/travis/build/icyphy/ptII/ptolemy/domains/modal/test/auto/AbsentToPresent.xml (RunModel)" time="0.018" />
  <testcase classname="ptolemy.util.test.junit.AutoTests" name="[6] /home/travis/build/icyphy/ptII/ptolemy/domains/modal/test/auto/Blending.xml (RunModel)" time="0.252" />
  <testcase classname="ptolemy.util.test.junit.AutoTests" name="[7] /home/travis/build/icyphy/ptII/ptolemy/domains/modal/test/auto/Broadcast.xml (RunModel)" time="0.037" />
  <testcase classname="ptolemy.util.test.junit.AutoTests" name="[8] /home/travis/build/icyphy/ptII/ptolemy/domains/modal/test/auto/BroadcastHierarchy.xml (RunModel)" time="0.044" />
  <testcase classname="ptolemy.util.test.junit.AutoTests" name="[9] /home/travis/build/icyphy/ptII/ptolemy/domains/modal/test/auto/BroadcastHierarchy2.xml (RunModel)" time="0.137" />
  <testcase classname="ptolemy.util.test.junit.AutoTests" name="[10] /home/travis/build/icyphy/ptII/ptolemy/domains/modal/test/auto/BroadcastHierarchy3.xml (RunModel)" time="0.097" />
  <testcase classname="ptolemy.util.test.junit.AutoTests" name="[11] /home/travis/build/icyphy/ptII/ptolemy/domains/modal/test/auto/BroadcastHierarchy4.xml (RunModel)" time="0.095" />
  <testcase classname="ptolemy.util.test.junit.AutoTests" name="[12] /home/travis/build/icyphy/ptII/ptolemy/domains/modal/test/auto/CannotAnalysisWithPreemption2.xml (RunModel)" time="0.037" />
  <testcase classname="ptolemy.util.test.junit.AutoTests" name="[13] /home/travis/build/icyphy/ptII/ptolemy/domains/modal/test/auto/CannotAnalysisWithPreemption3.xml (RunModel)" time="0.038" />
  <testcase classname="ptolemy.util.test.junit.AutoTests" name="[14] /home/travis/build/icyphy/ptII/ptolemy/domains/modal/test/auto/CannotProduce.xml (RunModel)" time="0.035" />
  <testcase classname="ptolemy.util.test.junit.AutoTests" name="[15] /home/travis/build/icyphy/ptII/ptolemy/domains/modal/test/auto/CannotProduceModal.xml (RunModel)" time="0.024" />
  <testcase classname="ptolemy.util.test.junit.AutoTests" name="[16] /home/travis/build/icyphy/ptII/ptolemy/domains/modal/test/auto/Case.xml (RunModel)" time="0.079" />
  <testcase classname="ptolemy.util.test.junit.AutoTests" name="[17] /home/travis/build/icyphy/ptII/ptolemy/domains/modal/test/auto/Case1.xml (RunModel)" time="0.025" />
  <testcase classname="ptolemy.util.test.junit.AutoTests" name="[18] /home/travis/build/icyphy/ptII/ptolemy/domains/modal/test/auto/Case2.xml (RunModel)" time="0.057" />
  <testcase classname="ptolemy.util.test.junit.AutoTests" name="[19] /home/travis/build/icyphy/ptII/ptolemy/domains/modal/test/auto/CausalityInterface1.xml (RunModel)" time="0.027" />
  <testcase classname="ptolemy.util.test.junit.AutoTests" name="[20] /home/travis/build/icyphy/ptII/ptolemy/domains/modal/test/auto/CausalityInterface10.xml (RunModel)" time="0.056" />
  <testcase classname="ptolemy.util.test.junit.AutoTests" name="[21] /home/travis/build/icyphy/ptII/ptolemy/domains/modal/test/auto/CausalityInterface11.xml (RunModel)" time="0.047" />
  <testcase classname="ptolemy.util.test.junit.AutoTests" name="[22] /home/travis/build/icyphy/ptII/ptolemy/domains/modal/test/auto/CausalityInterface12.xml (RunModel)" time="0.047" />
  <testcase classname="ptolemy.util.test.junit.AutoTests" name="[23] /home/travis/build/icyphy/ptII/ptolemy/domains/modal/test/auto/CausalityInterface13.xml (RunModel)" time="0.052" />
  <testcase classname="ptolemy.util.test.junit.AutoTests" name="[24] /home/travis/build/icyphy/ptII/ptolemy/domains/modal/test/auto/CausalityInterface14.xml (RunModel)" time="0.044" />
  <testcase classname="ptolemy.util.test.junit.AutoTests" name="[25] /home/travis/build/icyphy/ptII/ptolemy/domains/modal/test/auto/CausalityInterface2.xml (RunModel)" time="0.026" />
  <testcase classname="ptolemy.util.test.junit.AutoTests" name="[26] /home/travis/build/icyphy/ptII/ptolemy/domains/modal/test/auto/CausalityInterface3.xml (RunModel)" time="0.022" />
  <testcase classname="ptolemy.util.test.junit.AutoTests" name="[27] /home/travis/build/icyphy/ptII/ptolemy/domains/modal/test/auto/CausalityInterface4.xml (RunModel)" time="0.034" />
  <testcase classname="ptolemy.util.test.junit.AutoTests" name="[28] /home/travis/build/icyphy/ptII/ptolemy/domains/modal/test/auto/CausalityInterface5.xml (RunModel)" time="0.026" />
  <testcase classname="ptolemy.util.test.junit.AutoTests" name="[29] /home/travis/build/icyphy/ptII/ptolemy/domains/modal/test/auto/CausalityInterface6.xml (RunModel)" time="0.033" />
  <testcase classname="ptolemy.util.test.junit.AutoTests" name="[30] /home/travis/build/icyphy/ptII/ptolemy/domains/modal/test/auto/CausalityInterface7.xml (RunModel)" time="0.033" />
  <testcase classname="ptolemy.util.test.junit.AutoTests" name="[31] /home/travis/build/icyphy/ptII/ptolemy/domains/modal/test/auto/CausalityInterface8.xml (RunModel)" time="0.033" />
  <testcase classname="ptolemy.util.test.junit.AutoTests" name="[32] /home/travis/build/icyphy/ptII/ptolemy/domains/modal/test/auto/CausalityInterface9.xml (RunModel)" time="0.035" />
  <testcase classname="ptolemy.util.test.junit.AutoTests" name="[33] /home/travis/build/icyphy/ptII/ptolemy/domains/modal/test/auto/ChainedTransitions.xml (RunModel)" time="0.175" />
  <testcase classname="ptolemy.util.test.junit.AutoTests" name="[34] /home/travis/build/icyphy/ptII/ptolemy/domains/modal/test/auto/CycleOfImmediateTransitionsFSM.xml (RunModel)" time="0.021" />
  <testcase classname="ptolemy.util.test.junit.AutoTests" name="[35] /home/travis/build/icyphy/ptII/ptolemy/domains/modal/test/auto/CycleOfImmediateTransitionsModal.xml (RunModel)" time="0.023" />
  <testcase classname="ptolemy.util.test.junit.AutoTests" name="[36] /home/travis/build/icyphy/ptII/ptolemy/domains/modal/test/auto/CycleOfImmediateTransitionsModal2.xml (RunModel)" time="0.032" />
  <testcase classname="ptolemy.util.test.junit.AutoTests" name="[37] /home/travis/build/icyphy/ptII/ptolemy/domains/modal/test/auto/CycleOfImmediateTransitionsModal3.xml (RunModel)" time="0.093" />
  <testcase classname="ptolemy.util.test.junit.AutoTests" name="[38] /home/travis/build/icyphy/ptII/ptolemy/domains/modal/test/auto/DeepModal1.xml (RunModel)" time="0.055" />
  <testcase classname="ptolemy.util.test.junit.AutoTests" name="[39] /home/travis/build/icyphy/ptII/ptolemy/domains/modal/test/auto/DeepModal2.xml (RunModel)" time="0.064" />
  <testcase classname="ptolemy.util.test.junit.AutoTests" name="[40] /home/travis/build/icyphy/ptII/ptolemy/domains/modal/test/auto/DeepModal3.xml (RunModel)" time="0.086" />
  <testcase classname="ptolemy.util.test.junit.AutoTests" name="[41] /home/travis/build/icyphy/ptII/ptolemy/domains/modal/test/auto/DeepModal4.xml (RunModel)" time="0.08" />
  <testcase classname="ptolemy.util.test.junit.AutoTests" name="[42] /home/travis/build/icyphy/ptII/ptolemy/domains/modal/test/auto/Default1.xml (RunModel)" time="0.016" />
  <testcase classname="ptolemy.util.test.junit.AutoTests" name="[43] /home/travis/build/icyphy/ptII/ptolemy/domains/modal/test/auto/Default2.xml (RunModel)" time="0.019" />
  <testcase classname="ptolemy.util.test.junit.AutoTests" name="[44] /home/travis/build/icyphy/ptII/ptolemy/domains/modal/test/auto/Default3.xml (RunModel)" time="0.017" />
  <testcase classname="ptolemy.util.test.junit.AutoTests" name="[45] /home/travis/build/icyphy/ptII/ptolemy/domains/modal/test/auto/Default4.xml (RunModel)" time="0.018" />
  <testcase classname="ptolemy.util.test.junit.AutoTests" name="[46] /home/travis/build/icyphy/ptII/ptolemy/domains/modal/test/auto/Default5.xml (RunModel)" time="0.046" />
  <testcase classname="ptolemy.util.test.junit.AutoTests" name="[47] /home/travis/build/icyphy/ptII/ptolemy/domains/modal/test/auto/EmptyGuard.xml (RunModel)" time="0.032" />
  <testcase classname="ptolemy.util.test.junit.AutoTests" name="[48] /home/travis/build/icyphy/ptII/ptolemy/domains/modal/test/auto/ErrorTransition1.xml (RunModel)" time="0.038" />
  <testcase classname="ptolemy.util.test.junit.AutoTests" name="[49] /home/travis/build/icyphy/ptII/ptolemy/domains/modal/test/auto/ErrorTransition10.xml (RunModel)" time="0.047" />
  <testcase classname="ptolemy.util.test.junit.AutoTests" name="[50] /home/travis/build/icyphy/ptII/ptolemy/domains/modal/test/auto/ErrorTransition11.xml (RunModel)" time="0.043" />
  <testcase classname="ptolemy.util.test.junit.AutoTests" name="[51] /home/travis/build/icyphy/ptII/ptolemy/domains/modal/test/auto/ErrorTransition2.xml (RunModel)" time="0.026" />
  <testcase classname="ptolemy.util.test.junit.AutoTests" name="[52] /home/travis/build/icyphy/ptII/ptolemy/domains/modal/test/auto/ErrorTransition3.xml (RunModel)" time="0.046" />
  <testcase classname="ptolemy.util.test.junit.AutoTests" name="[53] /home/travis/build/icyphy/ptII/ptolemy/domains/modal/test/auto/ErrorTransition4.xml (RunModel)" time="0.033" />
  <testcase classname="ptolemy.util.test.junit.AutoTests" name="[54] /home/travis/build/icyphy/ptII/ptolemy/domains/modal/test/auto/ErrorTransition5.xml (RunModel)" time="0.027" />
  <testcase classname="ptolemy.util.test.junit.AutoTests" name="[55] /home/travis/build/icyphy/ptII/ptolemy/domains/modal/test/auto/ErrorTransition6.xml (RunModel)" time="0.032" />
  <testcase classname="ptolemy.util.test.junit.AutoTests" name="[56] /home/travis/build/icyphy/ptII/ptolemy/domains/modal/test/auto/ErrorTransition7.xml (RunModel)" time="0.036" />
  <testcase classname="ptolemy.util.test.junit.AutoTests" name="[57] /home/travis/build/icyphy/ptII/ptolemy/domains/modal/test/auto/ErrorTransition8.xml (RunModel)" time="0.046" />
  <testcase classname="ptolemy.util.test.junit.AutoTests" name="[58] /home/travis/build/icyphy/ptII/ptolemy/domains/modal/test/auto/ErrorTransition9.xml (RunModel)" time="0.051" />
  <testcase classname="ptolemy.util.test.junit.AutoTests" name="[59] /home/travis/build/icyphy/ptII/ptolemy/domains/modal/test/auto/ExtendedFSM.xml (RunModel)" time="0.022" />
  <testcase classname="ptolemy.util.test.junit.AutoTests" name="[60] /home/travis/build/icyphy/ptII/ptolemy/domains/modal/test/auto/FinalStates.xml (RunModel)" time="0.023" />
  <testcase classname="ptolemy.util.test.junit.AutoTests" name="[61] /home/travis/build/icyphy/ptII/ptolemy/domains/modal/test/auto/FixedPointFSM.xml (RunModel)" time="0.038" />
  <testcase classname="ptolemy.util.test.junit.AutoTests" name="[62] /home/travis/build/icyphy/ptII/ptolemy/domains/modal/test/auto/FixedPointIterationFSMActor.xml (RunModel)" time="0.027" />
  <testcase classname="ptolemy.util.test.junit.AutoTests" name="[63] /home/travis/build/icyphy/ptII/ptolemy/domains/modal/test/auto/FixedPointIterationFSMActor2.xml (RunModel)" time="0.027" />
  <testcase classname="ptolemy.util.test.junit.AutoTests" name="[64] /home/travis/build/icyphy/ptII/ptolemy/domains/modal/test/auto/ForbiddenInstantanousLoop.xml (RunModel)" time="0.033" />
  <testcase classname="ptolemy.util.test.junit.AutoTests" name="[65] /home/travis/build/icyphy/ptII/ptolemy/domains/modal/test/auto/FunctionDependencyOfFSMActorTest.xml (RunModel)" time="0.02" />
  <testcase classname="ptolemy.util.test.junit.AutoTests" name="[66] /home/travis/build/icyphy/ptII/ptolemy/domains/modal/test/auto/GuardExpression.xml (RunModel)" time="0.012" />
  <testcase classname="ptolemy.util.test.junit.AutoTests" name="[67] /home/travis/build/icyphy/ptII/ptolemy/domains/modal/test/auto/GuardNotEvaluated.xml (RunModel)" time="0.023" />
  <testcase classname="ptolemy.util.test.junit.AutoTests" name="[68] /home/travis/build/icyphy/ptII/ptolemy/domains/modal/test/auto/GuardNotEvaluated2.xml (RunModel)" time="0.024" />
  <testcase classname="ptolemy.util.test.junit.AutoTests" name="[69] /home/travis/build/icyphy/ptII/ptolemy/domains/modal/test/auto/GuardOnAbsent.xml (RunModel)" time="0.021" />
  <testcase classname="ptolemy.util.test.junit.AutoTests" name="[70] /home/travis/build/icyphy/ptII/ptolemy/domains/modal/test/auto/HierarchicalFSMTypeInference.xml (RunModel)" time="0.024" />
  <testcase classname="ptolemy.util.test.junit.AutoTests" name="[71] /home/travis/build/icyphy/ptII/ptolemy/domains/modal/test/auto/Hysteresis.xml (RunModel)" time="0.061" />
  <testcase classname="ptolemy.util.test.junit.AutoTests" name="[72] /home/travis/build/icyphy/ptII/ptolemy/domains/modal/test/auto/HysteresisWithDefault.xml (RunModel)" time="0.071" />
  <testcase classname="ptolemy.util.test.junit.AutoTests" name="[73] /home/travis/build/icyphy/ptII/ptolemy/domains/modal/test/auto/HysteresisWithDefault2.xml (RunModel)" time="0.079" />
  <testcase classname="ptolemy.util.test.junit.AutoTests" name="[74] /home/travis/build/icyphy/ptII/ptolemy/domains/modal/test/auto/ImmediateNonConstructiveness.xml (RunModel)" time="0.016" />
  <testcase classname="ptolemy.util.test.junit.AutoTests" name="[75] /home/travis/build/icyphy/ptII/ptolemy/domains/modal/test/auto/ImmediateNonConstructiveness2.xml (RunModel)" time="0.014" />
  <testcase classname="ptolemy.util.test.junit.AutoTests" name="[76] /home/travis/build/icyphy/ptII/ptolemy/domains/modal/test/auto/ImmediateTransitionReset.xml (RunModel)" time="0.035" />
  <testcase classname="ptolemy.util.test.junit.AutoTests" name="[77] /home/travis/build/icyphy/ptII/ptolemy/domains/modal/test/auto/ImmediateTransitions1.xml (RunModel)" time="0.012" />
  <testcase classname="ptolemy.util.test.junit.AutoTests" name="[78] /home/travis/build/icyphy/ptII/ptolemy/domains/modal/test/auto/ImmediateTransitionsInstantaneousCommunication.xml (RunModel)" time="0.026" />
  <testcase classname="ptolemy.util.test.junit.AutoTests" name="[79] /home/travis/build/icyphy/ptII/ptolemy/domains/modal/test/auto/InitialImmediateTransition.xml (RunModel)" time="0.014" />
  <testcase classname="ptolemy.util.test.junit.AutoTests" name="[80] /home/travis/build/icyphy/ptII/ptolemy/domains/modal/test/auto/InitialOutputs.xml (RunModel)" time="0.013" />
  <testcase classname="ptolemy.util.test.junit.AutoTests" name="[81] /home/travis/build/icyphy/ptII/ptolemy/domains/modal/test/auto/InitialStateTransition1.xml (RunModel)" time="0.017" />
  <testcase classname="ptolemy.util.test.junit.AutoTests" name="[82] /home/travis/build/icyphy/ptII/ptolemy/domains/modal/test/auto/InitialStateTransition2.xml (RunModel)" time="0.033" />
  <testcase classname="ptolemy.util.test.junit.AutoTests" name="[83] /home/travis/build/icyphy/ptII/ptolemy/domains/modal/test/auto/InitialStateTransition3.xml (RunModel)" time="0.02" />
  <testcase classname="ptolemy.util.test.junit.AutoTests" name="[84] /home/travis/build/icyphy/ptII/ptolemy/domains/modal/test/auto/InitialStateTransition4.xml (RunModel)" time="0.022" />
  <testcase classname="ptolemy.util.test.junit.AutoTests" name="[85] /home/travis/build/icyphy/ptII/ptolemy/domains/modal/test/auto/MalformedGuardExpressionNotCaught.xml (RunModel)" time="0.023" />
  <testcase classname="ptolemy.util.test.junit.AutoTests" name="[86] /home/travis/build/icyphy/ptII/ptolemy/domains/modal/test/auto/ModalBSC.xml (RunModel)" time="0.079" />
  <testcase classname="ptolemy.util.test.junit.AutoTests" name="[87] /home/travis/build/icyphy/ptII/ptolemy/domains/modal/test/auto/ModalClocks.xml (RunModel)" time="0.071" />
  <testcase classname="ptolemy.util.test.junit.AutoTests" name="[88] /home/travis/build/icyphy/ptII/ptolemy/domains/modal/test/auto/ModalDelay.xml (RunModel)" time="0.042" />
  <testcase classname="ptolemy.util.test.junit.AutoTests" name="[89] /home/travis/build/icyphy/ptII/ptolemy/domains/modal/test/auto/ModalDelay2.xml (RunModel)" time="0.042" />
  <testcase classname="ptolemy.util.test.junit.AutoTests" name="[90] /home/travis/build/icyphy/ptII/ptolemy/domains/modal/test/auto/ModalModelFromMemo.xml (RunModel)" time="0.048" />
  <testcase classname="ptolemy.util.test.junit.AutoTests" name="[91] /home/travis/build/icyphy/ptII/ptolemy/domains/modal/test/auto/ModalModelWithMultirateTransient.xml (RunModel)" time="0.065" />
  <testcase classname="ptolemy.util.test.junit.AutoTests" name="[92] /home/travis/build/icyphy/ptII/ptolemy/domains/modal/test/auto/ModalModelWithReset.xml (RunModel)" time="0.051" />
  <testcase classname="ptolemy.util.test.junit.AutoTests" name="[93] /home/travis/build/icyphy/ptII/ptolemy/domains/modal/test/auto/MouseClickFSM.xml (RunModel)" time="0.046" />
  <testcase classname="ptolemy.util.test.junit.AutoTests" name="[94] /home/travis/build/icyphy/ptII/ptolemy/domains/modal/test/auto/MouseClickFSMModal.xml (RunModel)" time="0.035" />
  <testcase classname="ptolemy.util.test.junit.AutoTests" name="[95] /home/travis/build/icyphy/ptII/ptolemy/domains/modal/test/auto/NonStrictFSM_FeedbackLoop.xml (RunModel)" time="0.036" />
  <testcase classname="ptolemy.util.test.junit.AutoTests" name="[96] /home/travis/build/icyphy/ptII/ptolemy/domains/modal/test/auto/NonStrictFSM_FeedbackLoop_Refinement.xml (RunModel)" time="0.08" />
  <testcase classname="ptolemy.util.test.junit.AutoTests" name="[97] /home/travis/build/icyphy/ptII/ptolemy/domains/modal/test/auto/NonStrictFSM_FeedbackLoop_preemptive.xml (RunModel)" time="0.044" />
  <testcase classname="ptolemy.util.test.junit.AutoTests" name="[98] /home/travis/build/icyphy/ptII/ptolemy/domains/modal/test/auto/NormalTermination.xml (RunModel)" time="0.043" />
  <testcase classname="ptolemy.util.test.junit.AutoTests" name="[99] /home/travis/build/icyphy/ptII/ptolemy/domains/modal/test/auto/Pong.xml (RunModel)" time="0.071" />
  <testcase classname="ptolemy.util.test.junit.AutoTests" name="[100] /home/travis/build/icyphy/ptII/ptolemy/domains/modal/test/auto/Pong_test.xml (RunModel)" time="0.122" />
  <testcase classname="ptolemy.util.test.junit.AutoTests" name="[101] /home/travis/build/icyphy/ptII/ptolemy/domains/modal/test/auto/PreemptionHierarchy.xml (RunModel)" time="0.026" />
  <testcase classname="ptolemy.util.test.junit.AutoTests" name="[102] /home/travis/build/icyphy/ptII/ptolemy/domains/modal/test/auto/PreemptionHierarchy2.xml (RunModel)" time="0.035" />
  <testcase classname="ptolemy.util.test.junit.AutoTests" name="[103] /home/travis/build/icyphy/ptII/ptolemy/domains/modal/test/auto/PreemptiveTransition.xml (RunModel)" time="0.019" />
  <testcase classname="ptolemy.util.test.junit.AutoTests" name="[104] /home/travis/build/icyphy/ptII/ptolemy/domains/modal/test/auto/Priorities.xml (RunModel)" time="0.084" />
  <testcase classname="ptolemy.util.test.junit.AutoTests" name="[105] /home/travis/build/icyphy/ptII/ptolemy/domains/modal/test/auto/ResetFinal.xml (RunModel)" time="0.039" />
  <testcase classname="ptolemy.util.test.junit.AutoTests" name="[106] /home/travis/build/icyphy/ptII/ptolemy/domains/modal/test/auto/ResetFinal2.xml (RunModel)" time="0.03" />
  <testcase classname="ptolemy.util.test.junit.AutoTests" name="[107] /home/travis/build/icyphy/ptII/ptolemy/domains/modal/test/auto/ResetTransitionWithStartTime.xml (RunModel)" time="0.024" />
  <testcase classname="ptolemy.util.test.junit.AutoTests" name="[108] /home/travis/build/icyphy/ptII/ptolemy/domains/modal/test/auto/SDF-FSMComposite.xml (RunModel)" time="0.023" />
  <testcase classname="ptolemy.util.test.junit.AutoTests" name="[109] /home/travis/build/icyphy/ptII/ptolemy/domains/modal/test/auto/SeeminglyNondeterminate.xml (RunModel)" time="0.077" />
  <testcase classname="ptolemy.util.test.junit.AutoTests" name="[110] /home/travis/build/icyphy/ptII/ptolemy/domains/modal/test/auto/SeeminglyNondeterminate2.xml (RunModel)" time="0.085" />
  <testcase classname="ptolemy.util.test.junit.AutoTests" name="[111] /home/travis/build/icyphy/ptII/ptolemy/domains/modal/test/auto/SpontaneousFSM.xml (RunModel)" time="0.043" />
  <testcase classname="ptolemy.util.test.junit.AutoTests" name="[112] /home/travis/build/icyphy/ptII/ptolemy/domains/modal/test/auto/SpontaneousFSM2.xml (RunModel)" time="0.035" />
  <testcase classname="ptolemy.util.test.junit.AutoTests" name="[113] /home/travis/build/icyphy/ptII/ptolemy/domains/modal/test/auto/SpontaneousFSM3.xml (RunModel)" time="0.055" />
  <testcase classname="ptolemy.util.test.junit.AutoTests" name="[114] /home/travis/build/icyphy/ptII/ptolemy/domains/modal/test/auto/SpontaneousFSM4.xml (RunModel)" time="0.054" />
  <testcase classname="ptolemy.util.test.junit.AutoTests" name="[115] /home/travis/build/icyphy/ptII/ptolemy/domains/modal/test/auto/StateTrackerTest.xml (RunModel)" time="0.06" />
  <testcase classname="ptolemy.util.test.junit.AutoTests" name="[116] /home/travis/build/icyphy/ptII/ptolemy/domains/modal/test/auto/StrongImmediateTransition.xml (RunModel)" time="0.023" />
  <testcase classname="ptolemy.util.test.junit.AutoTests" name="[117] /home/travis/build/icyphy/ptII/ptolemy/domains/modal/test/auto/SustainHierarchy.xml (RunModel)" time="0.03" />
  <testcase classname="ptolemy.util.test.junit.AutoTests" name="[118] /home/travis/build/icyphy/ptII/ptolemy/domains/modal/test/auto/TerminationTransition1.xml (RunModel)" time="0.019" />
  <testcase classname="ptolemy.util.test.junit.AutoTests" name="[119] /home/travis/build/icyphy/ptII/ptolemy/domains/modal/test/auto/TerminationTransition2.xml (RunModel)" time="0.025" />
  <testcase classname="ptolemy.util.test.junit.AutoTests" name="[120] /home/travis/build/icyphy/ptII/ptolemy/domains/modal/test/auto/TerminationTransition3.xml (RunModel)" time="0.024" />
  <testcase classname="ptolemy.util.test.junit.AutoTests" name="[121] /home/travis/build/icyphy/ptII/ptolemy/domains/modal/test/auto/TerminationTransition4.xml (RunModel)" time="0.037" />
  <testcase classname="ptolemy.util.test.junit.AutoTests" name="[122] /home/travis/build/icyphy/ptII/ptolemy/domains/modal/test/auto/TerminationTransition5.xml (RunModel)" time="0.05" />
  <testcase classname="ptolemy.util.test.junit.AutoTests" name="[123] /home/travis/build/icyphy/ptII/ptolemy/domains/modal/test/auto/TerminationTransition6.xml (RunModel)" time="0.021" />
  <testcase classname="ptolemy.util.test.junit.AutoTests" name="[124] /home/travis/build/icyphy/ptII/ptolemy/domains/modal/test/auto/TerminationTransition7.xml (RunModel)" time="0.022" />
  <testcase classname="ptolemy.util.test.junit.AutoTests" name="[125] /home/travis/build/icyphy/ptII/ptolemy/domains/modal/test/auto/TerminationTransition8.xml (RunModel)" time="0.025" />
  <testcase classname="ptolemy.util.test.junit.AutoTests" name="[126] /home/travis/build/icyphy/ptII/ptolemy/domains/modal/test/auto/Thermostat_NoHysteresis.xml (RunModel)" time="0.082" />
  <testcase classname="ptolemy.util.test.junit.AutoTests" name="[127] /home/travis/build/icyphy/ptII/ptolemy/domains/modal/test/auto/TimedFSM.xml (RunModel)" time="0.043" />
  <testcase classname="ptolemy.util.test.junit.AutoTests" name="[128] /home/travis/build/icyphy/ptII/ptolemy/domains/modal/test/auto/Timeout1.xml (RunModel)" time="0.014" />
  <testcase classname="ptolemy.util.test.junit.AutoTests" name="[129] /home/travis/build/icyphy/ptII/ptolemy/domains/modal/test/auto/Timeout2.xml (RunModel)" time="0.022" />
  <testcase classname="ptolemy.util.test.junit.AutoTests" name="[130] /home/travis/build/icyphy/ptII/ptolemy/domains/modal/test/auto/Timeout3.xml (RunModel)" time="0.01" />
  <testcase classname="ptolemy.util.test.junit.AutoTests" name="[131] /home/travis/build/icyphy/ptII/ptolemy/domains/modal/test/auto/Timeout4.xml (RunModel)" time="0.012" />
  <testcase classname="ptolemy.util.test.junit.AutoTests" name="[132] /home/travis/build/icyphy/ptII/ptolemy/domains/modal/test/auto/TransientstateModelAdvanced.xml (RunModel)" time="0.029" />
  <testcase classname="ptolemy.util.test.junit.AutoTests" name="[133] /home/travis/build/icyphy/ptII/ptolemy/domains/modal/test/auto/TransientstateModelAdvanced2.xml (RunModel)" time="0.032" />
  <testcase classname="ptolemy.util.test.junit.AutoTests" name="[134] /home/travis/build/icyphy/ptII/ptolemy/domains/modal/test/auto/TransitionRefinements.xml (RunModel)" time="0.023" />
  <testcase classname="ptolemy.util.test.junit.AutoTests" name="[135] /home/travis/build/icyphy/ptII/ptolemy/domains/modal/test/auto/TwoRefinements1.xml (RunModel)" time="0.024" />
  <testcase classname="ptolemy.util.test.junit.AutoTests" name="[136] /home/travis/build/icyphy/ptII/ptolemy/domains/modal/test/auto/TwoRefinements2.xml (RunModel)" time="0.025" />
  <testcase classname="ptolemy.util.test.junit.AutoTests" name="[137] /home/travis/build/icyphy/ptII/ptolemy/domains/modal/test/auto/WeakImmediateTransition.xml (RunModel)" time="0.021" />
  <testcase classname="ptolemy.util.test.junit.AutoTests" name="[138] /home/travis/build/icyphy/ptII/ptolemy/domains/modal/test/auto/booleanSelect.xml (RunModel)" time="0.079" />
  <testcase classname="ptolemy.util.test.junit.AutoTests" name="[139] /home/travis/build/icyphy/ptII/ptolemy/domains/modal/test/auto/modalChangingParams.xml (RunModel)" time="0.315" />
  <testcase classname="ptolemy.util.test.junit.AutoTests" name="[140] /home/travis/build/icyphy/ptII/ptolemy/domains/modal/test/auto/modalModel.xml (RunModel)" time="0.02" />
  <testcase classname="ptolemy.util.test.junit.AutoTests" name="[141] /home/travis/build/icyphy/ptII/ptolemy/domains/modal/test/auto/modalModel2.xml (RunModel)" time="0.026" />
  <testcase classname="ptolemy.util.test.junit.AutoTests" name="[142] /home/travis/build/icyphy/ptII/ptolemy/domains/modal/test/auto/modalModel3.xml (RunModel)" time="0.037" />
  <testcase classname="ptolemy.util.test.junit.AutoTests" name="[143] /home/travis/build/icyphy/ptII/ptolemy/domains/modal/test/auto/model1.xml (RunModel)" time="0.017" />
  <testcase classname="ptolemy.util.test.junit.AutoTests" name="[144] /home/travis/build/icyphy/ptII/ptolemy/domains/modal/test/auto/test-direct-in-out.xml (RunModel)" time="0.022" />
  <system-out><![CDATA[/home/travis/build/icyphy/ptII/ptolemy/domains/modal/test/SystemLevelType.tcl
testDefs.tcl: setting time out to 9000 seconds at Thu Mar 19 07:16:42 UTC 2020
03/19/20 07:16:44
Failed: 0  Total Tests: 1  ((Passed: 1, Newly Passed: 0)  Known Failed: 0) /home/travis/build/icyphy/ptII/ptolemy/domains/modal/test
----------------- testing (KnownFailure) /home/travis/build/icyphy/ptII/ptolemy/domains/modal/test/auto/knownFailedTests/CannotAnalysisWithPreemption.xml
87 ms. Memory: 155648K Free: 96225K (62%)
Known Failure: java.lang.reflect.InvocationTargetException
No auto/linux-amd64/*.xml tests in /home/travis/build/icyphy/ptII/ptolemy/domains/modal/test
AutoTests.java: About to close Vertx.
AutoTests.java: Vertx closed.

===========================================================================================
----------------- testing Thu Mar 19 07:16:45 UTC 2020 /home/travis/build/icyphy/ptII/ptolemy/domains/modal/test/auto/ABPTest.xml
----------------- Instantiating /home/travis/build/icyphy/ptII/ptolemy/domains/modal/test/auto/ABPTest.xml
314 ms. Memory: 155648K Free: 114066K (73%)
----------------- Invoking toplevel() on ptolemy.moml.MoMLSimpleApplication@19d5a03e
----------------- Done invoking toplevel() on ptolemy.moml.MoMLSimpleApplication@19d5a03e
reloadAllAccessors: .ABPTest

===========================================================================================
----------------- testing Thu Mar 19 07:16:45 UTC 2020 /home/travis/build/icyphy/ptII/ptolemy/domains/modal/test/auto/ABROFlat.xml
----------------- Instantiating /home/travis/build/icyphy/ptII/ptolemy/domains/modal/test/auto/ABROFlat.xml
17 ms. Memory: 155648K Free: 98628K (63%)
----------------- Invoking toplevel() on ptolemy.moml.MoMLSimpleApplication@5408f274
----------------- Done invoking toplevel() on ptolemy.moml.MoMLSimpleApplication@5408f274
reloadAllAccessors: .ABROFlat

===========================================================================================
----------------- testing Thu Mar 19 07:16:45 UTC 2020 /home/travis/build/icyphy/ptII/ptolemy/domains/modal/test/auto/ABROFlat2.xml
----------------- Instantiating /home/travis/build/icyphy/ptII/ptolemy/domains/modal/test/auto/ABROFlat2.xml
11 ms. Memory: 155648K Free: 81765K (53%)
----------------- Invoking toplevel() on ptolemy.moml.MoMLSimpleApplication@55d7fd90
----------------- Done invoking toplevel() on ptolemy.moml.MoMLSimpleApplication@55d7fd90
reloadAllAccessors: .ABROFlat2

===========================================================================================
----------------- testing Thu Mar 19 07:16:45 UTC 2020 /home/travis/build/icyphy/ptII/ptolemy/domains/modal/test/auto/ABRO_present_hmm.xml
----------------- Instantiating /home/travis/build/icyphy/ptII/ptolemy/domains/modal/test/auto/ABRO_present_hmm.xml
34 ms. Memory: 155648K Free: 55141K (35%)
----------------- Invoking toplevel() on ptolemy.moml.MoMLSimpleApplication@24ba1972
----------------- Done invoking toplevel() on ptolemy.moml.MoMLSimpleApplication@24ba1972
reloadAllAccessors: .ABRO_present_hmm

===========================================================================================
----------------- testing Thu Mar 19 07:16:46 UTC 2020 /home/travis/build/icyphy/ptII/ptolemy/domains/modal/test/auto/AMICoderExample.xml
----------------- Instantiating /home/travis/build/icyphy/ptII/ptolemy/domains/modal/test/auto/AMICoderExample.xml
23 ms. Memory: 155648K Free: 129085K (83%)
----------------- Invoking toplevel() on ptolemy.moml.MoMLSimpleApplication@327bee9a
----------------- Done invoking toplevel() on ptolemy.moml.MoMLSimpleApplication@327bee9a
reloadAllAccessors: .AMICoderExample

===========================================================================================
----------------- testing Thu Mar 19 07:16:46 UTC 2020 /home/travis/build/icyphy/ptII/ptolemy/domains/modal/test/auto/AbsentToPresent.xml
----------------- Instantiating /home/travis/build/icyphy/ptII/ptolemy/domains/modal/test/auto/AbsentToPresent.xml
3 ms. Memory: 155648K Free: 124475K (80%)
----------------- Invoking toplevel() on ptolemy.moml.MoMLSimpleApplication@2218e435
----------------- Done invoking toplevel() on ptolemy.moml.MoMLSimpleApplication@2218e435
reloadAllAccessors: .AbsentToPresent

===========================================================================================
----------------- testing Thu Mar 19 07:16:46 UTC 2020 /home/travis/build/icyphy/ptII/ptolemy/domains/modal/test/auto/Blending.xml
----------------- Instantiating /home/travis/build/icyphy/ptII/ptolemy/domains/modal/test/auto/Blending.xml
150 ms. Memory: 155648K Free: 79419K (51%)
----------------- Invoking toplevel() on ptolemy.moml.MoMLSimpleApplication@7b280372
----------------- Done invoking toplevel() on ptolemy.moml.MoMLSimpleApplication@7b280372
reloadAllAccessors: .Blending

===========================================================================================
----------------- testing Thu Mar 19 07:16:46 UTC 2020 /home/travis/build/icyphy/ptII/ptolemy/domains/modal/test/auto/Broadcast.xml
----------------- Instantiating /home/travis/build/icyphy/ptII/ptolemy/domains/modal/test/auto/Broadcast.xml
6 ms. Memory: 155648K Free: 69179K (44%)
----------------- Invoking toplevel() on ptolemy.moml.MoMLSimpleApplication@4833f0a6
----------------- Done invoking toplevel() on ptolemy.moml.MoMLSimpleApplication@4833f0a6
reloadAllAccessors: .Broadcast

===========================================================================================
----------------- testing Thu Mar 19 07:16:46 UTC 2020 /home/travis/build/icyphy/ptII/ptolemy/domains/modal/test/auto/BroadcastHierarchy.xml
----------------- Instantiating /home/travis/build/icyphy/ptII/ptolemy/domains/modal/test/auto/BroadcastHierarchy.xml
8 ms. Memory: 155648K Free: 54829K (35%)
----------------- Invoking toplevel() on ptolemy.moml.MoMLSimpleApplication@2dce19c8
----------------- Done invoking toplevel() on ptolemy.moml.MoMLSimpleApplication@2dce19c8
reloadAllAccessors: .BroadcastHierarchy

===========================================================================================
----------------- testing Thu Mar 19 07:16:46 UTC 2020 /home/travis/build/icyphy/ptII/ptolemy/domains/modal/test/auto/BroadcastHierarchy2.xml
----------------- Instantiating /home/travis/build/icyphy/ptII/ptolemy/domains/modal/test/auto/BroadcastHierarchy2.xml
30 ms. Memory: 187392K Free: 147003K (78%)
----------------- Invoking toplevel() on ptolemy.moml.MoMLSimpleApplication@209d76d8
----------------- Done invoking toplevel() on ptolemy.moml.MoMLSimpleApplication@209d76d8
reloadAllAccessors: .BroadcastHierarchy2

===========================================================================================
----------------- testing Thu Mar 19 07:16:46 UTC 2020 /home/travis/build/icyphy/ptII/ptolemy/domains/modal/test/auto/BroadcastHierarchy3.xml
----------------- Instantiating /home/travis/build/icyphy/ptII/ptolemy/domains/modal/test/auto/BroadcastHierarchy3.xml
17 ms. Memory: 187392K Free: 126013K (67%)
----------------- Invoking toplevel() on ptolemy.moml.MoMLSimpleApplication@67b6d1d
----------------- Done invoking toplevel() on ptolemy.moml.MoMLSimpleApplication@67b6d1d
reloadAllAccessors: .BroadcastHierarchy3

===========================================================================================
----------------- testing Thu Mar 19 07:16:46 UTC 2020 /home/travis/build/icyphy/ptII/ptolemy/domains/modal/test/auto/BroadcastHierarchy4.xml
----------------- Instantiating /home/travis/build/icyphy/ptII/ptolemy/domains/modal/test/auto/BroadcastHierarchy4.xml
11 ms. Memory: 187392K Free: 101437K (54%)
----------------- Invoking toplevel() on ptolemy.moml.MoMLSimpleApplication@7bf6f91a
----------------- Done invoking toplevel() on ptolemy.moml.MoMLSimpleApplication@7bf6f91a
reloadAllAccessors: .BroadcastHierarchy4

===========================================================================================
----------------- testing Thu Mar 19 07:16:46 UTC 2020 /home/travis/build/icyphy/ptII/ptolemy/domains/modal/test/auto/CannotAnalysisWithPreemption2.xml
----------------- Instantiating /home/travis/build/icyphy/ptII/ptolemy/domains/modal/test/auto/CannotAnalysisWithPreemption2.xml
3 ms. Memory: 187392K Free: 94269K (50%)
----------------- Invoking toplevel() on ptolemy.moml.MoMLSimpleApplication@1cf17479
----------------- Done invoking toplevel() on ptolemy.moml.MoMLSimpleApplication@1cf17479
reloadAllAccessors: .CannotAnalysisWithPreemption2

===========================================================================================
----------------- testing Thu Mar 19 07:16:46 UTC 2020 /home/travis/build/icyphy/ptII/ptolemy/domains/modal/test/auto/CannotAnalysisWithPreemption3.xml
----------------- Instantiating /home/travis/build/icyphy/ptII/ptolemy/domains/modal/test/auto/CannotAnalysisWithPreemption3.xml
5 ms. Memory: 187392K Free: 84029K (45%)
----------------- Invoking toplevel() on ptolemy.moml.MoMLSimpleApplication@1d22d1ca
----------------- Done invoking toplevel() on ptolemy.moml.MoMLSimpleApplication@1d22d1ca
reloadAllAccessors: .CannotAnalysisWithPreemption3

===========================================================================================
----------------- testing Thu Mar 19 07:16:46 UTC 2020 /home/travis/build/icyphy/ptII/ptolemy/domains/modal/test/auto/CannotProduce.xml
----------------- Instantiating /home/travis/build/icyphy/ptII/ptolemy/domains/modal/test/auto/CannotProduce.xml
13 ms. Memory: 187392K Free: 77371K (41%)
----------------- Invoking toplevel() on ptolemy.moml.MoMLSimpleApplication@1ed32bca
----------------- Done invoking toplevel() on ptolemy.moml.MoMLSimpleApplication@1ed32bca
reloadAllAccessors: .CannotProduce

===========================================================================================
----------------- testing Thu Mar 19 07:16:46 UTC 2020 /home/travis/build/icyphy/ptII/ptolemy/domains/modal/test/auto/CannotProduceModal.xml
----------------- Instantiating /home/travis/build/icyphy/ptII/ptolemy/domains/modal/test/auto/CannotProduceModal.xml
5 ms. Memory: 187392K Free: 70717K (38%)
----------------- Invoking toplevel() on ptolemy.moml.MoMLSimpleApplication@3a6783a5
----------------- Done invoking toplevel() on ptolemy.moml.MoMLSimpleApplication@3a6783a5
reloadAllAccessors: .CannotProduceModal

===========================================================================================
----------------- testing Thu Mar 19 07:16:46 UTC 2020 /home/travis/build/icyphy/ptII/ptolemy/domains/modal/test/auto/Case.xml
----------------- Instantiating /home/travis/build/icyphy/ptII/ptolemy/domains/modal/test/auto/Case.xml
43 ms. Memory: 187392K Free: 166191K (89%)
----------------- Invoking toplevel() on ptolemy.moml.MoMLSimpleApplication@37ce6a9d
----------------- Done invoking toplevel() on ptolemy.moml.MoMLSimpleApplication@37ce6a9d
reloadAllAccessors: .Case

===========================================================================================
----------------- testing Thu Mar 19 07:16:47 UTC 2020 /home/travis/build/icyphy/ptII/ptolemy/domains/modal/test/auto/Case1.xml
----------------- Instantiating /home/travis/build/icyphy/ptII/ptolemy/domains/modal/test/auto/Case1.xml
5 ms. Memory: 187392K Free: 158330K (84%)
----------------- Invoking toplevel() on ptolemy.moml.MoMLSimpleApplication@3a461cfd
----------------- Done invoking toplevel() on ptolemy.moml.MoMLSimpleApplication@3a461cfd
reloadAllAccessors: .Case1

===========================================================================================
----------------- testing Thu Mar 19 07:16:47 UTC 2020 /home/travis/build/icyphy/ptII/ptolemy/domains/modal/test/auto/Case2.xml
----------------- Instantiating /home/travis/build/icyphy/ptII/ptolemy/domains/modal/test/auto/Case2.xml
29 ms. Memory: 187392K Free: 147580K (79%)
----------------- Invoking toplevel() on ptolemy.moml.MoMLSimpleApplication@5ef6cc89
----------------- Done invoking toplevel() on ptolemy.moml.MoMLSimpleApplication@5ef6cc89
reloadAllAccessors: .Case2

===========================================================================================
----------------- testing Thu Mar 19 07:16:47 UTC 2020 /home/travis/build/icyphy/ptII/ptolemy/domains/modal/test/auto/CausalityInterface1.xml
----------------- Instantiating /home/travis/build/icyphy/ptII/ptolemy/domains/modal/test/auto/CausalityInterface1.xml
4 ms. Memory: 187392K Free: 142460K (76%)
----------------- Invoking toplevel() on ptolemy.moml.MoMLSimpleApplication@2e39ab9a
----------------- Done invoking toplevel() on ptolemy.moml.MoMLSimpleApplication@2e39ab9a
reloadAllAccessors: .CausalityInterface1

===========================================================================================
----------------- testing Thu Mar 19 07:16:47 UTC 2020 /home/travis/build/icyphy/ptII/ptolemy/domains/modal/test/auto/CausalityInterface10.xml
----------------- Instantiating /home/travis/build/icyphy/ptII/ptolemy/domains/modal/test/auto/CausalityInterface10.xml
14 ms. Memory: 187392K Free: 129148K (69%)
----------------- Invoking toplevel() on ptolemy.moml.MoMLSimpleApplication@6eae0a8
----------------- Done invoking toplevel() on ptolemy.moml.MoMLSimpleApplication@6eae0a8
reloadAllAccessors: .CausalityInterface10

===========================================================================================
----------------- testing Thu Mar 19 07:16:47 UTC 2020 /home/travis/build/icyphy/ptII/ptolemy/domains/modal/test/auto/CausalityInterface11.xml
----------------- Instantiating /home/travis/build/icyphy/ptII/ptolemy/domains/modal/test/auto/CausalityInterface11.xml
6 ms. Memory: 187392K Free: 115836K (62%)
----------------- Invoking toplevel() on ptolemy.moml.MoMLSimpleApplication@514c821d
----------------- Done invoking toplevel() on ptolemy.moml.MoMLSimpleApplication@514c821d
reloadAllAccessors: .CausalityInterface11

===========================================================================================
----------------- testing Thu Mar 19 07:16:47 UTC 2020 /home/travis/build/icyphy/ptII/ptolemy/domains/modal/test/auto/CausalityInterface12.xml
----------------- Instantiating /home/travis/build/icyphy/ptII/ptolemy/domains/modal/test/auto/CausalityInterface12.xml
6 ms. Memory: 187392K Free: 102524K (55%)
----------------- Invoking toplevel() on ptolemy.moml.MoMLSimpleApplication@644fa10d
----------------- Done invoking toplevel() on ptolemy.moml.MoMLSimpleApplication@644fa10d
reloadAllAccessors: .CausalityInterface12

===========================================================================================
----------------- testing Thu Mar 19 07:16:47 UTC 2020 /home/travis/build/icyphy/ptII/ptolemy/domains/modal/test/auto/CausalityInterface13.xml
----------------- Instantiating /home/travis/build/icyphy/ptII/ptolemy/domains/modal/test/auto/CausalityInterface13.xml
10 ms. Memory: 187392K Free: 88684K (47%)
----------------- Invoking toplevel() on ptolemy.moml.MoMLSimpleApplication@e085920
----------------- Done invoking toplevel() on ptolemy.moml.MoMLSimpleApplication@e085920
reloadAllAccessors: .CausalityInterface13

===========================================================================================
----------------- testing Thu Mar 19 07:16:47 UTC 2020 /home/travis/build/icyphy/ptII/ptolemy/domains/modal/test/auto/CausalityInterface14.xml
----------------- Instantiating /home/travis/build/icyphy/ptII/ptolemy/domains/modal/test/auto/CausalityInterface14.xml
9 ms. Memory: 187392K Free: 74876K (40%)
----------------- Invoking toplevel() on ptolemy.moml.MoMLSimpleApplication@3f761c47
----------------- Done invoking toplevel() on ptolemy.moml.MoMLSimpleApplication@3f761c47
reloadAllAccessors: .CausalityInterface14

===========================================================================================
----------------- testing Thu Mar 19 07:16:47 UTC 2020 /home/travis/build/icyphy/ptII/ptolemy/domains/modal/test/auto/CausalityInterface2.xml
----------------- Instantiating /home/travis/build/icyphy/ptII/ptolemy/domains/modal/test/auto/CausalityInterface2.xml
7 ms. Memory: 187392K Free: 68732K (37%)
----------------- Invoking toplevel() on ptolemy.moml.MoMLSimpleApplication@10f47d38
----------------- Done invoking toplevel() on ptolemy.moml.MoMLSimpleApplication@10f47d38
reloadAllAccessors: .CausalityInterface2

===========================================================================================
----------------- testing Thu Mar 19 07:16:47 UTC 2020 /home/travis/build/icyphy/ptII/ptolemy/domains/modal/test/auto/CausalityInterface3.xml
----------------- Instantiating /home/travis/build/icyphy/ptII/ptolemy/domains/modal/test/auto/CausalityInterface3.xml
6 ms. Memory: 187392K Free: 62588K (33%)
----------------- Invoking toplevel() on ptolemy.moml.MoMLSimpleApplication@4df3702d
----------------- Done invoking toplevel() on ptolemy.moml.MoMLSimpleApplication@4df3702d
reloadAllAccessors: .CausalityInterface3

===========================================================================================
----------------- testing Thu Mar 19 07:16:47 UTC 2020 /home/travis/build/icyphy/ptII/ptolemy/domains/modal/test/auto/CausalityInterface4.xml
----------------- Instantiating /home/travis/build/icyphy/ptII/ptolemy/domains/modal/test/auto/CausalityInterface4.xml
5 ms. Memory: 187392K Free: 162462K (87%)
----------------- Invoking toplevel() on ptolemy.moml.MoMLSimpleApplication@4310dddd
----------------- Done invoking toplevel() on ptolemy.moml.MoMLSimpleApplication@4310dddd
reloadAllAccessors: .CausalityInterface4

===========================================================================================
----------------- testing Thu Mar 19 07:16:47 UTC 2020 /home/travis/build/icyphy/ptII/ptolemy/domains/modal/test/auto/CausalityInterface5.xml
----------------- Instantiating /home/travis/build/icyphy/ptII/ptolemy/domains/modal/test/auto/CausalityInterface5.xml
5 ms. Memory: 187392K Free: 154270K (82%)
----------------- Invoking toplevel() on ptolemy.moml.MoMLSimpleApplication@bc6b632
----------------- Done invoking toplevel() on ptolemy.moml.MoMLSimpleApplication@bc6b632
reloadAllAccessors: .CausalityInterface5

===========================================================================================
----------------- testing Thu Mar 19 07:16:47 UTC 2020 /home/travis/build/icyphy/ptII/ptolemy/domains/modal/test/auto/CausalityInterface6.xml
----------------- Instantiating /home/travis/build/icyphy/ptII/ptolemy/domains/modal/test/auto/CausalityInterface6.xml
4 ms. Memory: 187392K Free: 146064K (78%)
----------------- Invoking toplevel() on ptolemy.moml.MoMLSimpleApplication@33a23ce4
----------------- Done invoking toplevel() on ptolemy.moml.MoMLSimpleApplication@33a23ce4
reloadAllAccessors: .CausalityInterface6

===========================================================================================
----------------- testing Thu Mar 19 07:16:47 UTC 2020 /home/travis/build/icyphy/ptII/ptolemy/domains/modal/test/auto/CausalityInterface7.xml
----------------- Instantiating /home/travis/build/icyphy/ptII/ptolemy/domains/modal/test/auto/CausalityInterface7.xml
6 ms. Memory: 187392K Free: 137886K (74%)
----------------- Invoking toplevel() on ptolemy.moml.MoMLSimpleApplication@4ba0f0a7
----------------- Done invoking toplevel() on ptolemy.moml.MoMLSimpleApplication@4ba0f0a7
reloadAllAccessors: .CausalityInterface7

===========================================================================================
----------------- testing Thu Mar 19 07:16:47 UTC 2020 /home/travis/build/icyphy/ptII/ptolemy/domains/modal/test/auto/CausalityInterface8.xml
----------------- Instantiating /home/travis/build/icyphy/ptII/ptolemy/domains/modal/test/auto/CausalityInterface8.xml
4 ms. Memory: 187392K Free: 129184K (69%)
----------------- Invoking toplevel() on ptolemy.moml.MoMLSimpleApplication@5a8b0ddd
----------------- Done invoking toplevel() on ptolemy.moml.MoMLSimpleApplication@5a8b0ddd
reloadAllAccessors: .CausalityInterface8

===========================================================================================
----------------- testing Thu Mar 19 07:16:47 UTC 2020 /home/travis/build/icyphy/ptII/ptolemy/domains/modal/test/auto/CausalityInterface9.xml
----------------- Instantiating /home/travis/build/icyphy/ptII/ptolemy/domains/modal/test/auto/CausalityInterface9.xml
8 ms. Memory: 187392K Free: 119440K (64%)
----------------- Invoking toplevel() on ptolemy.moml.MoMLSimpleApplication@d33a3b5
----------------- Done invoking toplevel() on ptolemy.moml.MoMLSimpleApplication@d33a3b5
reloadAllAccessors: .CausalityInterface9

===========================================================================================
----------------- testing Thu Mar 19 07:16:47 UTC 2020 /home/travis/build/icyphy/ptII/ptolemy/domains/modal/test/auto/ChainedTransitions.xml
----------------- Instantiating /home/travis/build/icyphy/ptII/ptolemy/domains/modal/test/auto/ChainedTransitions.xml
103 ms. Memory: 187392K Free: 94368K (50%)
----------------- Invoking toplevel() on ptolemy.moml.MoMLSimpleApplication@2f7ad51
----------------- Done invoking toplevel() on ptolemy.moml.MoMLSimpleApplication@2f7ad51
reloadAllAccessors: .ChainedTransitions

===========================================================================================
----------------- testing Thu Mar 19 07:16:47 UTC 2020 /home/travis/build/icyphy/ptII/ptolemy/domains/modal/test/auto/CycleOfImmediateTransitionsFSM.xml
----------------- Instantiating /home/travis/build/icyphy/ptII/ptolemy/domains/modal/test/auto/CycleOfImmediateTransitionsFSM.xml
3 ms. Memory: 187392K Free: 88734K (47%)
----------------- Invoking toplevel() on ptolemy.moml.MoMLSimpleApplication@426c5f76
----------------- Done invoking toplevel() on ptolemy.moml.MoMLSimpleApplication@426c5f76
reloadAllAccessors: .CycleOfImmediateTransitionsFSM

===========================================================================================
----------------- testing Thu Mar 19 07:16:47 UTC 2020 /home/travis/build/icyphy/ptII/ptolemy/domains/modal/test/auto/CycleOfImmediateTransitionsModal.xml
----------------- Instantiating /home/travis/build/icyphy/ptII/ptolemy/domains/modal/test/auto/CycleOfImmediateTransitionsModal.xml
3 ms. Memory: 187392K Free: 82590K (44%)
----------------- Invoking toplevel() on ptolemy.moml.MoMLSimpleApplication@72912269
----------------- Done invoking toplevel() on ptolemy.moml.MoMLSimpleApplication@72912269
reloadAllAccessors: .CycleOfImmediateTransitionsModal

===========================================================================================
----------------- testing Thu Mar 19 07:16:47 UTC 2020 /home/travis/build/icyphy/ptII/ptolemy/domains/modal/test/auto/CycleOfImmediateTransitionsModal2.xml
----------------- Instantiating /home/travis/build/icyphy/ptII/ptolemy/domains/modal/test/auto/CycleOfImmediateTransitionsModal2.xml
7 ms. Memory: 187392K Free: 75936K (41%)
----------------- Invoking toplevel() on ptolemy.moml.MoMLSimpleApplication@7fee525c
----------------- Done invoking toplevel() on ptolemy.moml.MoMLSimpleApplication@7fee525c
reloadAllAccessors: .CycleOfImmediateTransitionsModal2

===========================================================================================
----------------- testing Thu Mar 19 07:16:47 UTC 2020 /home/travis/build/icyphy/ptII/ptolemy/domains/modal/test/auto/CycleOfImmediateTransitionsModal3.xml
----------------- Instantiating /home/travis/build/icyphy/ptII/ptolemy/domains/modal/test/auto/CycleOfImmediateTransitionsModal3.xml
9 ms. Memory: 187392K Free: 159277K (85%)
----------------- Invoking toplevel() on ptolemy.moml.MoMLSimpleApplication@690c6b00
----------------- Done invoking toplevel() on ptolemy.moml.MoMLSimpleApplication@690c6b00
reloadAllAccessors: .CycleOfImmediateTransitionsModal3

===========================================================================================
----------------- testing Thu Mar 19 07:16:48 UTC 2020 /home/travis/build/icyphy/ptII/ptolemy/domains/modal/test/auto/DeepModal1.xml
----------------- Instantiating /home/travis/build/icyphy/ptII/ptolemy/domains/modal/test/auto/DeepModal1.xml
25 ms. Memory: 187392K Free: 145469K (78%)
----------------- Invoking toplevel() on ptolemy.moml.MoMLSimpleApplication@56c8dcfa
----------------- Done invoking toplevel() on ptolemy.moml.MoMLSimpleApplication@56c8dcfa
reloadAllAccessors: .DeepModal1

===========================================================================================
----------------- testing Thu Mar 19 07:16:48 UTC 2020 /home/travis/build/icyphy/ptII/ptolemy/domains/modal/test/auto/DeepModal2.xml
----------------- Instantiating /home/travis/build/icyphy/ptII/ptolemy/domains/modal/test/auto/DeepModal2.xml
25 ms. Memory: 187392K Free: 127037K (68%)
----------------- Invoking toplevel() on ptolemy.moml.MoMLSimpleApplication@7032ee3
----------------- Done invoking toplevel() on ptolemy.moml.MoMLSimpleApplication@7032ee3
reloadAllAccessors: .DeepModal2

===========================================================================================
----------------- testing Thu Mar 19 07:16:48 UTC 2020 /home/travis/build/icyphy/ptII/ptolemy/domains/modal/test/auto/DeepModal3.xml
----------------- Instantiating /home/travis/build/icyphy/ptII/ptolemy/domains/modal/test/auto/DeepModal3.xml
30 ms. Memory: 187392K Free: 107581K (57%)
----------------- Invoking toplevel() on ptolemy.moml.MoMLSimpleApplication@4d98ba8b
----------------- Done invoking toplevel() on ptolemy.moml.MoMLSimpleApplication@4d98ba8b
reloadAllAccessors: .DeepModal3

===========================================================================================
----------------- testing Thu Mar 19 07:16:48 UTC 2020 /home/travis/build/icyphy/ptII/ptolemy/domains/modal/test/auto/DeepModal4.xml
----------------- Instantiating /home/travis/build/icyphy/ptII/ptolemy/domains/modal/test/auto/DeepModal4.xml
33 ms. Memory: 187392K Free: 88125K (47%)
----------------- Invoking toplevel() on ptolemy.moml.MoMLSimpleApplication@74061c4b
----------------- Done invoking toplevel() on ptolemy.moml.MoMLSimpleApplication@74061c4b
reloadAllAccessors: .DeepModal4

===========================================================================================
----------------- testing Thu Mar 19 07:16:48 UTC 2020 /home/travis/build/icyphy/ptII/ptolemy/domains/modal/test/auto/Default1.xml
----------------- Instantiating /home/travis/build/icyphy/ptII/ptolemy/domains/modal/test/auto/Default1.xml
2 ms. Memory: 187392K Free: 81981K (44%)
----------------- Invoking toplevel() on ptolemy.moml.MoMLSimpleApplication@4c52548d
----------------- Done invoking toplevel() on ptolemy.moml.MoMLSimpleApplication@4c52548d
reloadAllAccessors: .Default1

===========================================================================================
----------------- testing Thu Mar 19 07:16:48 UTC 2020 /home/travis/build/icyphy/ptII/ptolemy/domains/modal/test/auto/Default2.xml
----------------- Instantiating /home/travis/build/icyphy/ptII/ptolemy/domains/modal/test/auto/Default2.xml
8 ms. Memory: 187392K Free: 76347K (41%)
----------------- Invoking toplevel() on ptolemy.moml.MoMLSimpleApplication@4a0f4e79
----------------- Done invoking toplevel() on ptolemy.moml.MoMLSimpleApplication@4a0f4e79
reloadAllAccessors: .Default2

===========================================================================================
----------------- testing Thu Mar 19 07:16:48 UTC 2020 /home/travis/build/icyphy/ptII/ptolemy/domains/modal/test/auto/Default3.xml
----------------- Instantiating /home/travis/build/icyphy/ptII/ptolemy/domains/modal/test/auto/Default3.xml
5 ms. Memory: 187392K Free: 70203K (37%)
----------------- Invoking toplevel() on ptolemy.moml.MoMLSimpleApplication@7da6eecb
----------------- Done invoking toplevel() on ptolemy.moml.MoMLSimpleApplication@7da6eecb
reloadAllAccessors: .Default3

===========================================================================================
----------------- testing Thu Mar 19 07:16:48 UTC 2020 /home/travis/build/icyphy/ptII/ptolemy/domains/modal/test/auto/Default4.xml
----------------- Instantiating /home/travis/build/icyphy/ptII/ptolemy/domains/modal/test/auto/Default4.xml
6 ms. Memory: 187392K Free: 64059K (34%)
----------------- Invoking toplevel() on ptolemy.moml.MoMLSimpleApplication@67abd47a
----------------- Done invoking toplevel() on ptolemy.moml.MoMLSimpleApplication@67abd47a
reloadAllAccessors: .Default4

===========================================================================================
----------------- testing Thu Mar 19 07:16:48 UTC 2020 /home/travis/build/icyphy/ptII/ptolemy/domains/modal/test/auto/Default5.xml
----------------- Instantiating /home/travis/build/icyphy/ptII/ptolemy/domains/modal/test/auto/Default5.xml
7 ms. Memory: 225280K Free: 199750K (89%)
----------------- Invoking toplevel() on ptolemy.moml.MoMLSimpleApplication@6e55c9cc
----------------- Done invoking toplevel() on ptolemy.moml.MoMLSimpleApplication@6e55c9cc
reloadAllAccessors: .Default5

===========================================================================================
----------------- testing Thu Mar 19 07:16:48 UTC 2020 /home/travis/build/icyphy/ptII/ptolemy/domains/modal/test/auto/EmptyGuard.xml
----------------- Instantiating /home/travis/build/icyphy/ptII/ptolemy/domains/modal/test/auto/EmptyGuard.xml
12 ms. Memory: 225280K Free: 192086K (85%)
----------------- Invoking toplevel() on ptolemy.moml.MoMLSimpleApplication@42f76401
----------------- Done invoking toplevel() on ptolemy.moml.MoMLSimpleApplication@42f76401
reloadAllAccessors: .EmptyGuard

===========================================================================================
----------------- testing Thu Mar 19 07:16:48 UTC 2020 /home/travis/build/icyphy/ptII/ptolemy/domains/modal/test/auto/ErrorTransition1.xml
----------------- Instantiating /home/travis/build/icyphy/ptII/ptolemy/domains/modal/test/auto/ErrorTransition1.xml
10 ms. Memory: 225280K Free: 183380K (81%)
----------------- Invoking toplevel() on ptolemy.moml.MoMLSimpleApplication@1f813d9a
----------------- Done invoking toplevel() on ptolemy.moml.MoMLSimpleApplication@1f813d9a
reloadAllAccessors: .ErrorTransition1

===========================================================================================
----------------- testing Thu Mar 19 07:16:48 UTC 2020 /home/travis/build/icyphy/ptII/ptolemy/domains/modal/test/auto/ErrorTransition10.xml
----------------- Instantiating /home/travis/build/icyphy/ptII/ptolemy/domains/modal/test/auto/ErrorTransition10.xml
13 ms. Memory: 225280K Free: 169558K (75%)
----------------- Invoking toplevel() on ptolemy.moml.MoMLSimpleApplication@6f774d70
----------------- Done invoking toplevel() on ptolemy.moml.MoMLSimpleApplication@6f774d70
reloadAllAccessors: .ErrorTransition10

===========================================================================================
----------------- testing Thu Mar 19 07:16:48 UTC 2020 /home/travis/build/icyphy/ptII/ptolemy/domains/modal/test/auto/ErrorTransition11.xml
----------------- Instantiating /home/travis/build/icyphy/ptII/ptolemy/domains/modal/test/auto/ErrorTransition11.xml
4 ms. Memory: 225280K Free: 158294K (70%)
----------------- Invoking toplevel() on ptolemy.moml.MoMLSimpleApplication@db24b9a
----------------- Done invoking toplevel() on ptolemy.moml.MoMLSimpleApplication@db24b9a
reloadAllAccessors: .ErrorTransition11

===========================================================================================
----------------- testing Thu Mar 19 07:16:48 UTC 2020 /home/travis/build/icyphy/ptII/ptolemy/domains/modal/test/auto/ErrorTransition2.xml
----------------- Instantiating /home/travis/build/icyphy/ptII/ptolemy/domains/modal/test/auto/ErrorTransition2.xml
7 ms. Memory: 225280K Free: 149588K (66%)
----------------- Invoking toplevel() on ptolemy.moml.MoMLSimpleApplication@4193eace
----------------- Done invoking toplevel() on ptolemy.moml.MoMLSimpleApplication@4193eace
reloadAllAccessors: .ErrorTransition2

===========================================================================================
----------------- testing Thu Mar 19 07:16:48 UTC 2020 /home/travis/build/icyphy/ptII/ptolemy/domains/modal/test/auto/ErrorTransition3.xml
----------------- Instantiating /home/travis/build/icyphy/ptII/ptolemy/domains/modal/test/auto/ErrorTransition3.xml
19 ms. Memory: 225280K Free: 139862K (62%)
----------------- Invoking toplevel() on ptolemy.moml.MoMLSimpleApplication@51a364ed
----------------- Done invoking toplevel() on ptolemy.moml.MoMLSimpleApplication@51a364ed
reloadAllAccessors: .ErrorTransition3

===========================================================================================
----------------- testing Thu Mar 19 07:16:48 UTC 2020 /home/travis/build/icyphy/ptII/ptolemy/domains/modal/test/auto/ErrorTransition4.xml
----------------- Instantiating /home/travis/build/icyphy/ptII/ptolemy/domains/modal/test/auto/ErrorTransition4.xml
9 ms. Memory: 225280K Free: 128598K (57%)
----------------- Invoking toplevel() on ptolemy.moml.MoMLSimpleApplication@66afb69b
----------------- Done invoking toplevel() on ptolemy.moml.MoMLSimpleApplication@66afb69b
reloadAllAccessors: .ErrorTransition4

===========================================================================================
----------------- testing Thu Mar 19 07:16:48 UTC 2020 /home/travis/build/icyphy/ptII/ptolemy/domains/modal/test/auto/ErrorTransition5.xml
----------------- Instantiating /home/travis/build/icyphy/ptII/ptolemy/domains/modal/test/auto/ErrorTransition5.xml
7 ms. Memory: 225280K Free: 118358K (53%)
----------------- Invoking toplevel() on ptolemy.moml.MoMLSimpleApplication@119a735a
----------------- Done invoking toplevel() on ptolemy.moml.MoMLSimpleApplication@119a735a
reloadAllAccessors: .ErrorTransition5

===========================================================================================
----------------- testing Thu Mar 19 07:16:48 UTC 2020 /home/travis/build/icyphy/ptII/ptolemy/domains/modal/test/auto/ErrorTransition6.xml
----------------- Instantiating /home/travis/build/icyphy/ptII/ptolemy/domains/modal/test/auto/ErrorTransition6.xml
9 ms. Memory: 225280K Free: 107604K (48%)
----------------- Invoking toplevel() on ptolemy.moml.MoMLSimpleApplication@332e01c3
----------------- Done invoking toplevel() on ptolemy.moml.MoMLSimpleApplication@332e01c3
reloadAllAccessors: .ErrorTransition6

===========================================================================================
----------------- testing Thu Mar 19 07:16:48 UTC 2020 /home/travis/build/icyphy/ptII/ptolemy/domains/modal/test/auto/ErrorTransition7.xml
----------------- Instantiating /home/travis/build/icyphy/ptII/ptolemy/domains/modal/test/auto/ErrorTransition7.xml
11 ms. Memory: 225280K Free: 95302K (42%)
----------------- Invoking toplevel() on ptolemy.moml.MoMLSimpleApplication@549c73ec
----------------- Done invoking toplevel() on ptolemy.moml.MoMLSimpleApplication@549c73ec
reloadAllAccessors: .ErrorTransition7

===========================================================================================
----------------- testing Thu Mar 19 07:16:48 UTC 2020 /home/travis/build/icyphy/ptII/ptolemy/domains/modal/test/auto/ErrorTransition8.xml
----------------- Instantiating /home/travis/build/icyphy/ptII/ptolemy/domains/modal/test/auto/ErrorTransition8.xml
23 ms. Memory: 225280K Free: 81998K (36%)
----------------- Invoking toplevel() on ptolemy.moml.MoMLSimpleApplication@37f0a56f
----------------- Done invoking toplevel() on ptolemy.moml.MoMLSimpleApplication@37f0a56f
reloadAllAccessors: .ErrorTransition8

===========================================================================================
----------------- testing Thu Mar 19 07:16:48 UTC 2020 /home/travis/build/icyphy/ptII/ptolemy/domains/modal/test/auto/ErrorTransition9.xml
----------------- Instantiating /home/travis/build/icyphy/ptII/ptolemy/domains/modal/test/auto/ErrorTransition9.xml
9 ms. Memory: 225280K Free: 197716K (88%)
----------------- Invoking toplevel() on ptolemy.moml.MoMLSimpleApplication@5e5af212
----------------- Done invoking toplevel() on ptolemy.moml.MoMLSimpleApplication@5e5af212
reloadAllAccessors: .ErrorTransition9

===========================================================================================
----------------- testing Thu Mar 19 07:16:48 UTC 2020 /home/travis/build/icyphy/ptII/ptolemy/domains/modal/test/auto/ExtendedFSM.xml
----------------- Instantiating /home/travis/build/icyphy/ptII/ptolemy/domains/modal/test/auto/ExtendedFSM.xml
7 ms. Memory: 225280K Free: 189014K (84%)
----------------- Invoking toplevel() on ptolemy.moml.MoMLSimpleApplication@1ed9168a
----------------- Done invoking toplevel() on ptolemy.moml.MoMLSimpleApplication@1ed9168a
reloadAllAccessors: .ExtendedFSM

===========================================================================================
----------------- testing Thu Mar 19 07:16:48 UTC 2020 /home/travis/build/icyphy/ptII/ptolemy/domains/modal/test/auto/FinalStates.xml
----------------- Instantiating /home/travis/build/icyphy/ptII/ptolemy/domains/modal/test/auto/FinalStates.xml
8 ms. Memory: 225280K Free: 180822K (80%)
----------------- Invoking toplevel() on ptolemy.moml.MoMLSimpleApplication@47d8ca41
----------------- Done invoking toplevel() on ptolemy.moml.MoMLSimpleApplication@47d8ca41
reloadAllAccessors: .FinalStates

===========================================================================================
----------------- testing Thu Mar 19 07:16:49 UTC 2020 /home/travis/build/icyphy/ptII/ptolemy/domains/modal/test/auto/FixedPointFSM.xml
----------------- Instantiating /home/travis/build/icyphy/ptII/ptolemy/domains/modal/test/auto/FixedPointFSM.xml
12 ms. Memory: 225280K Free: 164942K (73%)
----------------- Invoking toplevel() on ptolemy.moml.MoMLSimpleApplication@6c04cdd4
----------------- Done invoking toplevel() on ptolemy.moml.MoMLSimpleApplication@6c04cdd4
reloadAllAccessors: .FixedPointFSM

===========================================================================================
----------------- testing Thu Mar 19 07:16:49 UTC 2020 /home/travis/build/icyphy/ptII/ptolemy/domains/modal/test/auto/FixedPointIterationFSMActor.xml
----------------- Instantiating /home/travis/build/icyphy/ptII/ptolemy/domains/modal/test/auto/FixedPointIterationFSMActor.xml
7 ms. Memory: 225280K Free: 154702K (69%)
----------------- Invoking toplevel() on ptolemy.moml.MoMLSimpleApplication@4dc4073d
----------------- Done invoking toplevel() on ptolemy.moml.MoMLSimpleApplication@4dc4073d
reloadAllAccessors: .FixedPointIterationFSMActor

===========================================================================================
----------------- testing Thu Mar 19 07:16:49 UTC 2020 /home/travis/build/icyphy/ptII/ptolemy/domains/modal/test/auto/FixedPointIterationFSMActor2.xml
----------------- Instantiating /home/travis/build/icyphy/ptII/ptolemy/domains/modal/test/auto/FixedPointIterationFSMActor2.xml
8 ms. Memory: 225280K Free: 142414K (63%)
----------------- Invoking toplevel() on ptolemy.moml.MoMLSimpleApplication@482df4ff
----------------- Done invoking toplevel() on ptolemy.moml.MoMLSimpleApplication@482df4ff
reloadAllAccessors: .FixedPointIterationFSMActor2

===========================================================================================
----------------- testing Thu Mar 19 07:16:49 UTC 2020 /home/travis/build/icyphy/ptII/ptolemy/domains/modal/test/auto/ForbiddenInstantanousLoop.xml
----------------- Instantiating /home/travis/build/icyphy/ptII/ptolemy/domains/modal/test/auto/ForbiddenInstantanousLoop.xml
8 ms. Memory: 225280K Free: 130118K (58%)
----------------- Invoking toplevel() on ptolemy.moml.MoMLSimpleApplication@1a008b0
----------------- Done invoking toplevel() on ptolemy.moml.MoMLSimpleApplication@1a008b0
reloadAllAccessors: .ForbiddenInstantanousLoop

===========================================================================================
----------------- testing Thu Mar 19 07:16:49 UTC 2020 /home/travis/build/icyphy/ptII/ptolemy/domains/modal/test/auto/FunctionDependencyOfFSMActorTest.xml
----------------- Instantiating /home/travis/build/icyphy/ptII/ptolemy/domains/modal/test/auto/FunctionDependencyOfFSMActorTest.xml
6 ms. Memory: 225280K Free: 123478K (55%)
----------------- Invoking toplevel() on ptolemy.moml.MoMLSimpleApplication@156d0672
----------------- Done invoking toplevel() on ptolemy.moml.MoMLSimpleApplication@156d0672
reloadAllAccessors: .FunctionDependencyOfFSMActorTest

===========================================================================================
----------------- testing Thu Mar 19 07:16:49 UTC 2020 /home/travis/build/icyphy/ptII/ptolemy/domains/modal/test/auto/GuardExpression.xml
----------------- Instantiating /home/travis/build/icyphy/ptII/ptolemy/domains/modal/test/auto/GuardExpression.xml
2 ms. Memory: 225280K Free: 118358K (53%)
----------------- Invoking toplevel() on ptolemy.moml.MoMLSimpleApplication@708eb9f
----------------- Done invoking toplevel() on ptolemy.moml.MoMLSimpleApplication@708eb9f
reloadAllAccessors: .GuardExpression

===========================================================================================
----------------- testing Thu Mar 19 07:16:49 UTC 2020 /home/travis/build/icyphy/ptII/ptolemy/domains/modal/test/auto/GuardNotEvaluated.xml
----------------- Instantiating /home/travis/build/icyphy/ptII/ptolemy/domains/modal/test/auto/GuardNotEvaluated.xml
5 ms. Memory: 225280K Free: 109652K (49%)
----------------- Invoking toplevel() on ptolemy.moml.MoMLSimpleApplication@41016a2e
----------------- Done invoking toplevel() on ptolemy.moml.MoMLSimpleApplication@41016a2e
reloadAllAccessors: .GuardNotEvaluated

===========================================================================================
----------------- testing Thu Mar 19 07:16:49 UTC 2020 /home/travis/build/icyphy/ptII/ptolemy/domains/modal/test/auto/GuardNotEvaluated2.xml
----------------- Instantiating /home/travis/build/icyphy/ptII/ptolemy/domains/modal/test/auto/GuardNotEvaluated2.xml
7 ms. Memory: 225280K Free: 99926K (44%)
----------------- Invoking toplevel() on ptolemy.moml.MoMLSimpleApplication@62bf170e
----------------- Done invoking toplevel() on ptolemy.moml.MoMLSimpleApplication@62bf170e
reloadAllAccessors: .GuardNotEvaluated2

===========================================================================================
----------------- testing Thu Mar 19 07:16:49 UTC 2020 /home/travis/build/icyphy/ptII/ptolemy/domains/modal/test/auto/GuardOnAbsent.xml
----------------- Instantiating /home/travis/build/icyphy/ptII/ptolemy/domains/modal/test/auto/GuardOnAbsent.xml
10 ms. Memory: 225280K Free: 92238K (41%)
----------------- Invoking toplevel() on ptolemy.moml.MoMLSimpleApplication@784a626b
----------------- Done invoking toplevel() on ptolemy.moml.MoMLSimpleApplication@784a626b
reloadAllAccessors: .GuardOnAbsent

===========================================================================================
----------------- testing Thu Mar 19 07:16:49 UTC 2020 /home/travis/build/icyphy/ptII/ptolemy/domains/modal/test/auto/HierarchicalFSMTypeInference.xml
----------------- Instantiating /home/travis/build/icyphy/ptII/ptolemy/domains/modal/test/auto/HierarchicalFSMTypeInference.xml
3 ms. Memory: 225280K Free: 82004K (36%)
----------------- Invoking toplevel() on ptolemy.moml.MoMLSimpleApplication@30e05ba6
----------------- Done invoking toplevel() on ptolemy.moml.MoMLSimpleApplication@30e05ba6
reloadAllAccessors: .HierarchicalFSMTypeInference

===========================================================================================
----------------- testing Thu Mar 19 07:16:49 UTC 2020 /home/travis/build/icyphy/ptII/ptolemy/domains/modal/test/auto/Hysteresis.xml
----------------- Instantiating /home/travis/build/icyphy/ptII/ptolemy/domains/modal/test/auto/Hysteresis.xml
15 ms. Memory: 225280K Free: 197685K (88%)
----------------- Invoking toplevel() on ptolemy.moml.MoMLSimpleApplication@11e67a65
----------------- Done invoking toplevel() on ptolemy.moml.MoMLSimpleApplication@11e67a65
reloadAllAccessors: .Hysteresis

===========================================================================================
----------------- testing Thu Mar 19 07:16:49 UTC 2020 /home/travis/build/icyphy/ptII/ptolemy/domains/modal/test/auto/HysteresisWithDefault.xml
----------------- Instantiating /home/travis/build/icyphy/ptII/ptolemy/domains/modal/test/auto/HysteresisWithDefault.xml
47 ms. Memory: 225280K Free: 174653K (78%)
----------------- Invoking toplevel() on ptolemy.moml.MoMLSimpleApplication@76ab285a
----------------- Done invoking toplevel() on ptolemy.moml.MoMLSimpleApplication@76ab285a
reloadAllAccessors: .HysteresisWithDefault

===========================================================================================
----------------- testing Thu Mar 19 07:16:49 UTC 2020 /home/travis/build/icyphy/ptII/ptolemy/domains/modal/test/auto/HysteresisWithDefault2.xml
----------------- Instantiating /home/travis/build/icyphy/ptII/ptolemy/domains/modal/test/auto/HysteresisWithDefault2.xml
51 ms. Memory: 225280K Free: 144957K (64%)
----------------- Invoking toplevel() on ptolemy.moml.MoMLSimpleApplication@763ebbf
----------------- Done invoking toplevel() on ptolemy.moml.MoMLSimpleApplication@763ebbf
reloadAllAccessors: .HysteresisWithDefault2

===========================================================================================
----------------- testing Thu Mar 19 07:16:49 UTC 2020 /home/travis/build/icyphy/ptII/ptolemy/domains/modal/test/auto/ImmediateNonConstructiveness.xml
----------------- Instantiating /home/travis/build/icyphy/ptII/ptolemy/domains/modal/test/auto/ImmediateNonConstructiveness.xml
3 ms. Memory: 225280K Free: 137789K (61%)
----------------- Invoking toplevel() on ptolemy.moml.MoMLSimpleApplication@4076f83d
----------------- Done invoking toplevel() on ptolemy.moml.MoMLSimpleApplication@4076f83d
reloadAllAccessors: .ImmediateNonConstructiveness

===========================================================================================
----------------- testing Thu Mar 19 07:16:49 UTC 2020 /home/travis/build/icyphy/ptII/ptolemy/domains/modal/test/auto/ImmediateNonConstructiveness2.xml
----------------- Instantiating /home/travis/build/icyphy/ptII/ptolemy/domains/modal/test/auto/ImmediateNonConstructiveness2.xml
2 ms. Memory: 225280K Free: 131131K (58%)
----------------- Invoking toplevel() on ptolemy.moml.MoMLSimpleApplication@384dbaad
----------------- Done invoking toplevel() on ptolemy.moml.MoMLSimpleApplication@384dbaad
reloadAllAccessors: .ImmediateNonConstructiveness2

===========================================================================================
----------------- testing Thu Mar 19 07:16:49 UTC 2020 /home/travis/build/icyphy/ptII/ptolemy/domains/modal/test/auto/ImmediateTransitionReset.xml
----------------- Instantiating /home/travis/build/icyphy/ptII/ptolemy/domains/modal/test/auto/ImmediateTransitionReset.xml
5 ms. Memory: 225280K Free: 119357K (53%)
----------------- Invoking toplevel() on ptolemy.moml.MoMLSimpleApplication@34778fed
----------------- Done invoking toplevel() on ptolemy.moml.MoMLSimpleApplication@34778fed
reloadAllAccessors: .ImmediateTransitionReset

===========================================================================================
----------------- testing Thu Mar 19 07:16:49 UTC 2020 /home/travis/build/icyphy/ptII/ptolemy/domains/modal/test/auto/ImmediateTransitions1.xml
----------------- Instantiating /home/travis/build/icyphy/ptII/ptolemy/domains/modal/test/auto/ImmediateTransitions1.xml
1 ms. Memory: 225280K Free: 114237K (51%)
----------------- Invoking toplevel() on ptolemy.moml.MoMLSimpleApplication@318b3180
----------------- Done invoking toplevel() on ptolemy.moml.MoMLSimpleApplication@318b3180
reloadAllAccessors: .ImmediateTransitions1

===========================================================================================
----------------- testing Thu Mar 19 07:16:49 UTC 2020 /home/travis/build/icyphy/ptII/ptolemy/domains/modal/test/auto/ImmediateTransitionsInstantaneousCommunication.xml
----------------- Instantiating /home/travis/build/icyphy/ptII/ptolemy/domains/modal/test/auto/ImmediateTransitionsInstantaneousCommunication.xml
4 ms. Memory: 225280K Free: 101949K (45%)
----------------- Invoking toplevel() on ptolemy.moml.MoMLSimpleApplication@3d687157
----------------- Done invoking toplevel() on ptolemy.moml.MoMLSimpleApplication@3d687157
reloadAllAccessors: .ImmediateTransitionsInstantaneousCommunication

===========================================================================================
----------------- testing Thu Mar 19 07:16:49 UTC 2020 /home/travis/build/icyphy/ptII/ptolemy/domains/modal/test/auto/InitialImmediateTransition.xml
----------------- Instantiating /home/travis/build/icyphy/ptII/ptolemy/domains/modal/test/auto/InitialImmediateTransition.xml
3 ms. Memory: 225280K Free: 94781K (42%)
----------------- Invoking toplevel() on ptolemy.moml.MoMLSimpleApplication@5a967556
----------------- Done invoking toplevel() on ptolemy.moml.MoMLSimpleApplication@5a967556
reloadAllAccessors: .InitialImmediateTransition

===========================================================================================
----------------- testing Thu Mar 19 07:16:49 UTC 2020 /home/travis/build/icyphy/ptII/ptolemy/domains/modal/test/auto/InitialOutputs.xml
----------------- Instantiating /home/travis/build/icyphy/ptII/ptolemy/domains/modal/test/auto/InitialOutputs.xml
3 ms. Memory: 225280K Free: 88637K (39%)
----------------- Invoking toplevel() on ptolemy.moml.MoMLSimpleApplication@20c1fbdf
----------------- Done invoking toplevel() on ptolemy.moml.MoMLSimpleApplication@20c1fbdf
reloadAllAccessors: .InitialOutputs

===========================================================================================
----------------- testing Thu Mar 19 07:16:49 UTC 2020 /home/travis/build/icyphy/ptII/ptolemy/domains/modal/test/auto/InitialStateTransition1.xml
----------------- Instantiating /home/travis/build/icyphy/ptII/ptolemy/domains/modal/test/auto/InitialStateTransition1.xml
2 ms. Memory: 225280K Free: 81469K (36%)
----------------- Invoking toplevel() on ptolemy.moml.MoMLSimpleApplication@2a6633ab
----------------- Done invoking toplevel() on ptolemy.moml.MoMLSimpleApplication@2a6633ab
reloadAllAccessors: .InitialStateTransition1

===========================================================================================
----------------- testing Thu Mar 19 07:16:49 UTC 2020 /home/travis/build/icyphy/ptII/ptolemy/domains/modal/test/auto/InitialStateTransition2.xml
----------------- Instantiating /home/travis/build/icyphy/ptII/ptolemy/domains/modal/test/auto/InitialStateTransition2.xml
.InitialStateTransition2.TestExceptionAttributeNonConstructive: initialize() was not invoked, but wrapup() was.  This is unusual, but not always a problem.  For example, exporting JNLP will do this.
2 ms. Memory: 225280K Free: 202813K (90%)
----------------- Invoking toplevel() on ptolemy.moml.MoMLSimpleApplication@6bbc2b09
----------------- Done invoking toplevel() on ptolemy.moml.MoMLSimpleApplication@6bbc2b09
reloadAllAccessors: .InitialStateTransition2

===========================================================================================
----------------- testing Thu Mar 19 07:16:49 UTC 2020 /home/travis/build/icyphy/ptII/ptolemy/domains/modal/test/auto/InitialStateTransition3.xml
----------------- Instantiating /home/travis/build/icyphy/ptII/ptolemy/domains/modal/test/auto/InitialStateTransition3.xml
3 ms. Memory: 225280K Free: 194107K (86%)
----------------- Invoking toplevel() on ptolemy.moml.MoMLSimpleApplication@4cd36903
----------------- Done invoking toplevel() on ptolemy.moml.MoMLSimpleApplication@4cd36903
reloadAllAccessors: .InitialStateTransition3

===========================================================================================
----------------- testing Thu Mar 19 07:16:49 UTC 2020 /home/travis/build/icyphy/ptII/ptolemy/domains/modal/test/auto/InitialStateTransition4.xml
----------------- Instantiating /home/travis/build/icyphy/ptII/ptolemy/domains/modal/test/auto/InitialStateTransition4.xml
3 ms. Memory: 225280K Free: 184381K (82%)
----------------- Invoking toplevel() on ptolemy.moml.MoMLSimpleApplication@5db065c7
----------------- Done invoking toplevel() on ptolemy.moml.MoMLSimpleApplication@5db065c7
[...]
reloadAllAccessors: .TerminationTransition3

===========================================================================================
----------------- testing Thu Mar 19 07:16:51 UTC 2020 /home/travis/build/icyphy/ptII/ptolemy/domains/modal/test/auto/TerminationTransition4.xml
----------------- Instantiating /home/travis/build/icyphy/ptII/ptolemy/domains/modal/test/auto/TerminationTransition4.xml
5 ms. Memory: 281600K Free: 107540K (38%)
----------------- Invoking toplevel() on ptolemy.moml.MoMLSimpleApplication@83b9c91
----------------- Done invoking toplevel() on ptolemy.moml.MoMLSimpleApplication@83b9c91
reloadAllAccessors: .TerminationTransition4

===========================================================================================
----------------- testing Thu Mar 19 07:16:51 UTC 2020 /home/travis/build/icyphy/ptII/ptolemy/domains/modal/test/auto/TerminationTransition5.xml
----------------- Instantiating /home/travis/build/icyphy/ptII/ptolemy/domains/modal/test/auto/TerminationTransition5.xml
3 ms. Memory: 281600K Free: 257478K (91%)
----------------- Invoking toplevel() on ptolemy.moml.MoMLSimpleApplication@4e83a912
----------------- Done invoking toplevel() on ptolemy.moml.MoMLSimpleApplication@4e83a912
reloadAllAccessors: .TerminationTransition5

===========================================================================================
----------------- testing Thu Mar 19 07:16:51 UTC 2020 /home/travis/build/icyphy/ptII/ptolemy/domains/modal/test/auto/TerminationTransition6.xml
----------------- Instantiating /home/travis/build/icyphy/ptII/ptolemy/domains/modal/test/auto/TerminationTransition6.xml
2 ms. Memory: 281600K Free: 248614K (88%)
----------------- Invoking toplevel() on ptolemy.moml.MoMLSimpleApplication@49b363e2
----------------- Done invoking toplevel() on ptolemy.moml.MoMLSimpleApplication@49b363e2
reloadAllAccessors: .TerminationTransition6

===========================================================================================
----------------- testing Thu Mar 19 07:16:51 UTC 2020 /home/travis/build/icyphy/ptII/ptolemy/domains/modal/test/auto/TerminationTransition7.xml
----------------- Instantiating /home/travis/build/icyphy/ptII/ptolemy/domains/modal/test/auto/TerminationTransition7.xml
2 ms. Memory: 281600K Free: 239398K (85%)
----------------- Invoking toplevel() on ptolemy.moml.MoMLSimpleApplication@1b40b050
----------------- Done invoking toplevel() on ptolemy.moml.MoMLSimpleApplication@1b40b050
reloadAllAccessors: .TerminationTransition7

===========================================================================================
----------------- testing Thu Mar 19 07:16:51 UTC 2020 /home/travis/build/icyphy/ptII/ptolemy/domains/modal/test/auto/TerminationTransition8.xml
----------------- Instantiating /home/travis/build/icyphy/ptII/ptolemy/domains/modal/test/auto/TerminationTransition8.xml
1 ms. Memory: 281600K Free: 230182K (82%)
----------------- Invoking toplevel() on ptolemy.moml.MoMLSimpleApplication@3242b7ae
----------------- Done invoking toplevel() on ptolemy.moml.MoMLSimpleApplication@3242b7ae
reloadAllAccessors: .TerminationTransition8

===========================================================================================
----------------- testing Thu Mar 19 07:16:51 UTC 2020 /home/travis/build/icyphy/ptII/ptolemy/domains/modal/test/auto/Thermostat_NoHysteresis.xml
----------------- Instantiating /home/travis/build/icyphy/ptII/ptolemy/domains/modal/test/auto/Thermostat_NoHysteresis.xml
42 ms. Memory: 281600K Free: 205592K (73%)
----------------- Invoking toplevel() on ptolemy.moml.MoMLSimpleApplication@18293397
----------------- Done invoking toplevel() on ptolemy.moml.MoMLSimpleApplication@18293397
reloadAllAccessors: .Thermostat_NoHysteresis

===========================================================================================
----------------- testing Thu Mar 19 07:16:51 UTC 2020 /home/travis/build/icyphy/ptII/ptolemy/domains/modal/test/auto/TimedFSM.xml
----------------- Instantiating /home/travis/build/icyphy/ptII/ptolemy/domains/modal/test/auto/TimedFSM.xml
10 ms. Memory: 281600K Free: 193832K (69%)
----------------- Invoking toplevel() on ptolemy.moml.MoMLSimpleApplication@5866f896
----------------- Done invoking toplevel() on ptolemy.moml.MoMLSimpleApplication@5866f896
reloadAllAccessors: .TimedFSM

===========================================================================================
----------------- testing Thu Mar 19 07:16:51 UTC 2020 /home/travis/build/icyphy/ptII/ptolemy/domains/modal/test/auto/Timeout1.xml
----------------- Instantiating /home/travis/build/icyphy/ptII/ptolemy/domains/modal/test/auto/Timeout1.xml
3 ms. Memory: 281600K Free: 187688K (67%)
----------------- Invoking toplevel() on ptolemy.moml.MoMLSimpleApplication@4bfee416
----------------- Done invoking toplevel() on ptolemy.moml.MoMLSimpleApplication@4bfee416
reloadAllAccessors: .Timeout1

===========================================================================================
----------------- testing Thu Mar 19 07:16:51 UTC 2020 /home/travis/build/icyphy/ptII/ptolemy/domains/modal/test/auto/Timeout2.xml
----------------- Instantiating /home/travis/build/icyphy/ptII/ptolemy/domains/modal/test/auto/Timeout2.xml
8 ms. Memory: 281600K Free: 178968K (64%)
----------------- Invoking toplevel() on ptolemy.moml.MoMLSimpleApplication@5d3f5450
----------------- Done invoking toplevel() on ptolemy.moml.MoMLSimpleApplication@5d3f5450
reloadAllAccessors: .Timeout2

===========================================================================================
----------------- testing Thu Mar 19 07:16:51 UTC 2020 /home/travis/build/icyphy/ptII/ptolemy/domains/modal/test/auto/Timeout3.xml
----------------- Instantiating /home/travis/build/icyphy/ptII/ptolemy/domains/modal/test/auto/Timeout3.xml
2 ms. Memory: 281600K Free: 173848K (62%)
----------------- Invoking toplevel() on ptolemy.moml.MoMLSimpleApplication@3f23c9eb
----------------- Done invoking toplevel() on ptolemy.moml.MoMLSimpleApplication@3f23c9eb
reloadAllAccessors: .Timeout3

===========================================================================================
----------------- testing Thu Mar 19 07:16:51 UTC 2020 /home/travis/build/icyphy/ptII/ptolemy/domains/modal/test/auto/Timeout4.xml
----------------- Instantiating /home/travis/build/icyphy/ptII/ptolemy/domains/modal/test/auto/Timeout4.xml
2 ms. Memory: 281600K Free: 168728K (60%)
----------------- Invoking toplevel() on ptolemy.moml.MoMLSimpleApplication@c1d799e
----------------- Done invoking toplevel() on ptolemy.moml.MoMLSimpleApplication@c1d799e
reloadAllAccessors: .Timeout4

===========================================================================================
----------------- testing Thu Mar 19 07:16:51 UTC 2020 /home/travis/build/icyphy/ptII/ptolemy/domains/modal/test/auto/TransientstateModelAdvanced.xml
----------------- Instantiating /home/travis/build/icyphy/ptII/ptolemy/domains/modal/test/auto/TransientstateModelAdvanced.xml
3 ms. Memory: 281600K Free: 156424K (56%)
----------------- Invoking toplevel() on ptolemy.moml.MoMLSimpleApplication@79c1f2a2
----------------- Done invoking toplevel() on ptolemy.moml.MoMLSimpleApplication@79c1f2a2
reloadAllAccessors: .TransientstateModelAdvanced

===========================================================================================
----------------- testing Thu Mar 19 07:16:51 UTC 2020 /home/travis/build/icyphy/ptII/ptolemy/domains/modal/test/auto/TransientstateModelAdvanced2.xml
----------------- Instantiating /home/travis/build/icyphy/ptII/ptolemy/domains/modal/test/auto/TransientstateModelAdvanced2.xml
3 ms. Memory: 281600K Free: 142104K (50%)
----------------- Invoking toplevel() on ptolemy.moml.MoMLSimpleApplication@254f4b53
----------------- Done invoking toplevel() on ptolemy.moml.MoMLSimpleApplication@254f4b53
reloadAllAccessors: .transientstatemodelAdvanced

===========================================================================================
----------------- testing Thu Mar 19 07:16:51 UTC 2020 /home/travis/build/icyphy/ptII/ptolemy/domains/modal/test/auto/TransitionRefinements.xml
----------------- Instantiating /home/travis/build/icyphy/ptII/ptolemy/domains/modal/test/auto/TransitionRefinements.xml
7 ms. Memory: 281600K Free: 132392K (47%)
----------------- Invoking toplevel() on ptolemy.moml.MoMLSimpleApplication@19a2e9f7
----------------- Done invoking toplevel() on ptolemy.moml.MoMLSimpleApplication@19a2e9f7
reloadAllAccessors: .TransitionRefinements

===========================================================================================
----------------- testing Thu Mar 19 07:16:52 UTC 2020 /home/travis/build/icyphy/ptII/ptolemy/domains/modal/test/auto/TwoRefinements1.xml
----------------- Instantiating /home/travis/build/icyphy/ptII/ptolemy/domains/modal/test/auto/TwoRefinements1.xml
3 ms. Memory: 281600K Free: 122152K (43%)
----------------- Invoking toplevel() on ptolemy.moml.MoMLSimpleApplication@74c1744f
----------------- Done invoking toplevel() on ptolemy.moml.MoMLSimpleApplication@74c1744f
reloadAllAccessors: .TwoRefinements1

===========================================================================================
----------------- testing Thu Mar 19 07:16:52 UTC 2020 /home/travis/build/icyphy/ptII/ptolemy/domains/modal/test/auto/TwoRefinements2.xml
----------------- Instantiating /home/travis/build/icyphy/ptII/ptolemy/domains/modal/test/auto/TwoRefinements2.xml
2 ms. Memory: 281600K Free: 112392K (40%)
----------------- Invoking toplevel() on ptolemy.moml.MoMLSimpleApplication@420818f6
----------------- Done invoking toplevel() on ptolemy.moml.MoMLSimpleApplication@420818f6
reloadAllAccessors: .TwoRefinements2

===========================================================================================
----------------- testing Thu Mar 19 07:16:52 UTC 2020 /home/travis/build/icyphy/ptII/ptolemy/domains/modal/test/auto/WeakImmediateTransition.xml
----------------- Instantiating /home/travis/build/icyphy/ptII/ptolemy/domains/modal/test/auto/WeakImmediateTransition.xml
2 ms. Memory: 281600K Free: 103206K (37%)
----------------- Invoking toplevel() on ptolemy.moml.MoMLSimpleApplication@52bf67e8
----------------- Done invoking toplevel() on ptolemy.moml.MoMLSimpleApplication@52bf67e8
reloadAllAccessors: .WeakImmediateTransition

===========================================================================================
----------------- testing Thu Mar 19 07:16:52 UTC 2020 /home/travis/build/icyphy/ptII/ptolemy/domains/modal/test/auto/booleanSelect.xml
----------------- Instantiating /home/travis/build/icyphy/ptII/ptolemy/domains/modal/test/auto/booleanSelect.xml
36 ms. Memory: 342016K Free: 310352K (91%)
----------------- Invoking toplevel() on ptolemy.moml.MoMLSimpleApplication@6894c57e
----------------- Done invoking toplevel() on ptolemy.moml.MoMLSimpleApplication@6894c57e
reloadAllAccessors: .booleanSelect

===========================================================================================
----------------- testing Thu Mar 19 07:16:52 UTC 2020 /home/travis/build/icyphy/ptII/ptolemy/domains/modal/test/auto/modalChangingParams.xml
----------------- Instantiating /home/travis/build/icyphy/ptII/ptolemy/domains/modal/test/auto/modalChangingParams.xml
0
1
0
2
4
6
8
7
0
2
4
6
8
13
0
2
4
6
8
19
0
2
4
6
8
25
0
2
4
6
8
31
0
2
4
6
8
37
0
2
4
6
8
43
0
2
4
6
8
49
0
2
4
6
8
55
0
2
4
6
8
61
0
2
4
6
8
67
0
2
4
6
8
73
0
2
4
6
8
79
0
2
4
6
8
85
0
2
4
6
8
91
0
2
4
6
8
97
0
2
4
6
8
103
0
2
4
6
8
109
0
2
4
6
8
115
0
2
4
6
8
121
0
2
4
6
8
127
0
2
4
6
8
133
0
2
4
6
8
139
0
2
4
6
8
145
0
2
4
6
8
151
0
2
4
6
8
157
0
2
4
6
8
163
0
2
4
6
8
169
0
2
4
6
8
175
0
2
4
6
8
181
0
2
4
6
8
187
0
2
4
6
8
193
0
2
4
6
8
199
0
2
4
6
8
205
0
2
4
6
8
211
0
2
4
6
8
217
0
2
4
6
8
223
0
2
4
6
8
229
0
2
4
6
8
235
0
2
4
6
8
241
0
2
4
6
8
247
0
2
4
6
8
253
0
2
4
6
8
259
0
2
4
6
8
265
0
2
4
6
8
271
0
2
4
6
8
277
0
2
4
6
8
283
0
2
4
6
8
289
0
2
4
6
8
295
0
2
4
6
8
301
0
2
4
6
8
307
0
2
4
6
8
313
0
2
4
6
8
319
0
2
4
6
8
325
0
2
4
6
8
331
0
2
4
6
8
337
0
2
4
6
8
343
0
2
4
6
8
349
0
2
4
6
8
355
0
2
4
6
8
361
0
2
4
6
8
367
0
2
4
6
8
373
0
2
4
6
8
379
0
2
4
6
8
385
0
2
4
6
8
391
0
2
4
6
8
397
0
2
4
6
8
403
0
2
4
6
8
409
0
2
4
6
8
415
0
2
4
6
8
421
0
2
4
6
8
427
0
2
4
6
8
433
0
2
4
6
8
439
0
2
4
6
8
445
0
2
4
6
8
451
0
2
4
6
8
457
0
2
4
6
8
463
0
2
4
6
8
469
0
2
4
6
8
475
0
2
4
6
8
481
0
2
4
6
8
487
0
2
4
6
8
493
0
2
4
6
8
499
0
2
4
6
8
505
0
2
4
6
8
511
0
2
4
6
8
517
0
2
4
6
8
523
0
2
4
6
8
529
0
2
4
6
8
535
0
2
4
6
8
541
0
2
4
6
8
547
0
2
4
6
8
553
0
2
4
6
8
559
0
2
4
6
8
565
0
2
4
6
8
571
0
2
4
6
8
577
0
2
4
6
8
583
0
2
4
6
8
589
0
2
4
6
8
595
0
2
4
6
8
601
0
2
4
6
8
607
0
2
4
6
8
613
0
2
4
6
8
619
0
2
4
6
8
625
0
2
4
6
8
631
0
2
4
6
8
637
0
2
4
6
8
643
0
2
4
6
8
649
0
2
4
6
8
655
0
2
4
6
8
661
0
2
4
6
8
667
0
2
4
6
8
673
0
2
4
6
8
679
0
2
4
6
8
685
0
2
4
6
8
691
0
2
4
6
8
697
0
2
4
6
8
703
0
2
4
6
8
709
0
2
4
6
8
715
0
2
4
6
8
721
0
2
4
6
8
727
0
2
4
6
8
733
0
2
4
6
8
739
0
2
4
6
8
745
0
2
4
6
8
751
0
2
4
6
8
757
0
2
4
6
8
763
0
2
4
6
8
769
0
2
4
6
8
775
0
2
4
6
8
781
0
2
4
6
8
787
0
2
4
6
8
793
0
2
4
6
8
799
0
2
4
6
8
805
0
2
4
6
8
811
0
2
4
6
8
817
0
2
4
6
8
823
0
2
4
6
8
829
0
2
4
6
8
835
0
2
4
6
8
841
0
2
4
6
8
847
0
2
4
6
8
853
0
2
4
6
8
859
0
2
4
6
8
865
0
2
4
6
8
871
0
2
4
6
8
877
0
2
4
6
8
883
0
2
4
6
8
889
0
2
4
6
8
895
0
2
4
6
8
901
0
2
4
6
8
907
0
2
4
6
8
913
0
2
4
6
8
919
0
2
4
6
8
925
0
2
4
6
8
931
0
2
4
6
8
937
0
2
4
6
8
943
0
2
4
6
8
949
0
2
4
6
8
955
0
2
4
6
8
961
0
2
4
6
8
967
0
2
4
6
8
973
0
2
4
6
8
979
0
2
4
6
8
985
0
2
4
6
8
991
0
2
4
6
8
997
0
2
284 ms. Memory: 342016K Free: 195664K (57%)
----------------- Invoking toplevel() on ptolemy.moml.MoMLSimpleApplication@31e1fa32
----------------- Done invoking toplevel() on ptolemy.moml.MoMLSimpleApplication@31e1fa32
reloadAllAccessors: .modalChangingParams

===========================================================================================
----------------- testing Thu Mar 19 07:16:52 UTC 2020 /home/travis/build/icyphy/ptII/ptolemy/domains/modal/test/auto/modalModel.xml
----------------- Instantiating /home/travis/build/icyphy/ptII/ptolemy/domains/modal/test/auto/modalModel.xml
5 ms. Memory: 342016K Free: 186944K (55%)
----------------- Invoking toplevel() on ptolemy.moml.MoMLSimpleApplication@4130b29
----------------- Done invoking toplevel() on ptolemy.moml.MoMLSimpleApplication@4130b29
reloadAllAccessors: .modalModel

===========================================================================================
----------------- testing Thu Mar 19 07:16:52 UTC 2020 /home/travis/build/icyphy/ptII/ptolemy/domains/modal/test/auto/modalModel2.xml
----------------- Instantiating /home/travis/build/icyphy/ptII/ptolemy/domains/modal/test/auto/modalModel2.xml
9 ms. Memory: 342016K Free: 176208K (52%)
----------------- Invoking toplevel() on ptolemy.moml.MoMLSimpleApplication@406ad2aa
----------------- Done invoking toplevel() on ptolemy.moml.MoMLSimpleApplication@406ad2aa
reloadAllAccessors: .modalModel2

===========================================================================================
----------------- testing Thu Mar 19 07:16:52 UTC 2020 /home/travis/build/icyphy/ptII/ptolemy/domains/modal/test/auto/modalModel3.xml
----------------- Instantiating /home/travis/build/icyphy/ptII/ptolemy/domains/modal/test/auto/modalModel3.xml
0	0	0
1	0	1
4	2	2
7	4	3
10	6	4
5	0	5
8	2	6
11	4	7
14	6	8
9	0	9
12	2	10
15	4	11
18	6	12
13	0	13
16	2	14
16 ms. Memory: 342016K Free: 161358K (47%)
----------------- Invoking toplevel() on ptolemy.moml.MoMLSimpleApplication@195cfca1
----------------- Done invoking toplevel() on ptolemy.moml.MoMLSimpleApplication@195cfca1
reloadAllAccessors: .modalModel3

===========================================================================================
----------------- testing Thu Mar 19 07:16:52 UTC 2020 /home/travis/build/icyphy/ptII/ptolemy/domains/modal/test/auto/model1.xml
----------------- Instantiating /home/travis/build/icyphy/ptII/ptolemy/domains/modal/test/auto/model1.xml
9 ms. Memory: 342016K Free: 155728K (46%)
----------------- Invoking toplevel() on ptolemy.moml.MoMLSimpleApplication@739460ae
----------------- Done invoking toplevel() on ptolemy.moml.MoMLSimpleApplication@739460ae
reloadAllAccessors: .model1

===========================================================================================
----------------- testing Thu Mar 19 07:16:52 UTC 2020 /home/travis/build/icyphy/ptII/ptolemy/domains/modal/test/auto/test-direct-in-out.xml
----------------- Instantiating /home/travis/build/icyphy/ptII/ptolemy/domains/modal/test/auto/test-direct-in-out.xml
4 ms. Memory: 342016K Free: 147022K (43%)
----------------- Invoking toplevel() on ptolemy.moml.MoMLSimpleApplication@2957d78d
----------------- Done invoking toplevel() on ptolemy.moml.MoMLSimpleApplication@2957d78d
reloadAllAccessors: .test-direct-in-out
AutoTests.java: About to close Vertx.
AutoTests.java: Vertx closed.
]]></system-out>
  <system-err><![CDATA[java.lang.RuntimeException: Execution failed
	at ptolemy.moml.MoMLSimpleApplication$UnloadThread.run(MoMLSimpleApplication.java:402)
Caused by: ptolemy.kernel.util.IllegalActionException: Unknown inputs remain. Possible causality loop:
L_model_1893289564i

  in .CannotAnalysisWithPreemption.model_1893289564_region_1 and .CannotAnalysisWithPreemption.model_1893289564_region_1.L_model_1893289564i
	at ptolemy.actor.sched.FixedPointDirector.postfire(FixedPointDirector.java:515)
	at ptolemy.domains.sr.kernel.SRDirector.postfire(SRDirector.java:417)
	at ptolemy.actor.CompositeActor.postfire(CompositeActor.java:1668)
	at ptolemy.actor.Manager.iterate(Manager.java:852)
	at ptolemy.actor.Manager.execute(Manager.java:369)
	at ptolemy.actor.Manager.run(Manager.java:1263)
	at ptolemy.actor.Manager$PtolemyRunThread.run(Manager.java:1933)
java.lang.reflect.InvocationTargetException
	at java.base/jdk.internal.reflect.NativeConstructorAccessorImpl.newInstance0(Native Method)
	at java.base/jdk.internal.reflect.NativeConstructorAccessorImpl.newInstance(NativeConstructorAccessorImpl.java:62)
	at java.base/jdk.internal.reflect.DelegatingConstructorAccessorImpl.newInstance(DelegatingConstructorAccessorImpl.java:45)
	at java.base/java.lang.reflect.Constructor.newInstance(Constructor.java:490)
	at ptolemy.util.test.junit.AutoKnownFailedTests.RunModel(AutoKnownFailedTests.java:105)
	at java.base/jdk.internal.reflect.NativeMethodAccessorImpl.invoke0(Native Method)
	at java.base/jdk.internal.reflect.NativeMethodAccessorImpl.invoke(NativeMethodAccessorImpl.java:62)
	at java.base/jdk.internal.reflect.DelegatingMethodAccessorImpl.invoke(DelegatingMethodAccessorImpl.java:43)
	at java.base/java.lang.reflect.Method.invoke(Method.java:566)
	at org.junit.runners.model.FrameworkMethod$1.runReflectiveCall(FrameworkMethod.java:44)
	at org.junit.internal.runners.model.ReflectiveCallable.run(ReflectiveCallable.java:15)
	at org.junit.runners.model.FrameworkMethod.invokeExplosively(FrameworkMethod.java:41)
	at junitparams.internal.InvokeParameterisedMethod.evaluate(InvokeParameterisedMethod.java:102)
	at org.junit.internal.runners.statements.FailOnTimeout$1.run(FailOnTimeout.java:28)
Caused by: ptolemy.kernel.util.IllegalActionException: Unknown inputs remain. Possible causality loop:
L_model_1893289564i

  in .CannotAnalysisWithPreemption.model_1893289564_region_1 and .CannotAnalysisWithPreemption.model_1893289564_region_1.L_model_1893289564i
	at ptolemy.actor.sched.FixedPointDirector.postfire(FixedPointDirector.java:515)
	at ptolemy.domains.sr.kernel.SRDirector.postfire(SRDirector.java:417)
	at ptolemy.actor.CompositeActor.postfire(CompositeActor.java:1668)
	at ptolemy.actor.Manager.iterate(Manager.java:852)
	at ptolemy.actor.Manager.execute(Manager.java:369)
	at ptolemy.actor.Manager.run(Manager.java:1263)
	at ptolemy.actor.Manager$PtolemyRunThread.run(Manager.java:1933)
]]></system-err>
</testsuite>
