<?xml version="1.0" encoding="UTF-8" ?>
<testsuite errors="0" failures="0" hostname="travis-job-cfc3df2a-22cf-4d80-9b1d-dd08fb4efde5" name="ptolemy.vergil.basic.export.test.junit.ExportModelJUnitTestBatch5" skipped="0" tests="150" time="1989.964" timestamp="2018-06-13T20:02:11">
  <properties>
[...]
</properties>
  <testcase classname="ptolemy.vergil.basic.export.test.junit.ExportModelJUnitTestBatch5" name="[0] ptolemy/demo/Office/Office.xml (RunExportModel)" time="7.374" />
  <testcase classname="ptolemy.vergil.basic.export.test.junit.ExportModelJUnitTestBatch5" name="[1] ptolemy/demo/PLC/PLC.xml (RunExportModel)" time="21.002" />
  <testcase classname="ptolemy.vergil.basic.export.test.junit.ExportModelJUnitTestBatch5" name="[2] ptolemy/demo/ProbabilisticModels/ChannelFaultModel.xml (RunExportModel)" time="5.931" />
  <testcase classname="ptolemy.vergil.basic.export.test.junit.ExportModelJUnitTestBatch5" name="[3] ptolemy/demo/ProbabilisticModels/GaussianMixtureModel.xml (RunExportModel)" time="4.298" />
  <testcase classname="ptolemy.vergil.basic.export.test.junit.ExportModelJUnitTestBatch5" name="[4] ptolemy/demo/ProbabilisticModels/GMMConvergenceAnalysis.xml (RunExportModel)" time="4.389" />
  <testcase classname="ptolemy.vergil.basic.export.test.junit.ExportModelJUnitTestBatch5" name="[5] ptolemy/demo/ProbabilisticModels/HiddenMarkovModel.xml (RunExportModel)" time="34.378" />
  <testcase classname="ptolemy.vergil.basic.export.test.junit.ExportModelJUnitTestBatch5" name="[6] ptolemy/demo/ProbabilisticModels/HiddenMarkovModelAnalysis.xml (RunExportModel)" time="4.724" />
  <testcase classname="ptolemy.vergil.basic.export.test.junit.ExportModelJUnitTestBatch5" name="[7] ptolemy/demo/ProbabilisticModels/ProbabilisticModels.xml (RunExportModel)" time="3.245" />
  <testcase classname="ptolemy.vergil.basic.export.test.junit.ExportModelJUnitTestBatch5" name="[8] ptolemy/demo/ProbabilisticModels/TwoStateMarkovChain.xml (RunExportModel)" time="34.325" />
  <testcase classname="ptolemy.vergil.basic.export.test.junit.ExportModelJUnitTestBatch5" name="[9] ptolemy/demo/Quarry/Quarry.xml (RunExportModel)" time="37.981" />
  <testcase classname="ptolemy.vergil.basic.export.test.junit.ExportModelJUnitTestBatch5" name="[10] ptolemy/demo/RobotMPC/CollisionAvoidance.xml (RunExportModel)" time="6.992" />
  <testcase classname="ptolemy.vergil.basic.export.test.junit.ExportModelJUnitTestBatch5" name="[11] ptolemy/demo/RobotMPC/CollisionAvoidanceWithAccModel.xml (RunExportModel)" time="7.859" />
  <testcase classname="ptolemy.vergil.basic.export.test.junit.ExportModelJUnitTestBatch5" name="[12] ptolemy/demo/RobotMPC/CollisionAvoidanceWithObservationRobots.xml (RunExportModel)" time="71.712" />
  <testcase classname="ptolemy.vergil.basic.export.test.junit.ExportModelJUnitTestBatch5" name="[13] ptolemy/demo/RobotMPC/CollisionAvoidanceWithUncertainMeasurement.xml (RunExportModel)" time="13.874" />
  <testcase classname="ptolemy.vergil.basic.export.test.junit.ExportModelJUnitTestBatch5" name="[14] ptolemy/demo/RobotMPC/RobotMPC.xml (RunExportModel)" time="3.143" />
  <testcase classname="ptolemy.vergil.basic.export.test.junit.ExportModelJUnitTestBatch5" name="[15] ptolemy/demo/RobotMPC/SimpleChase.xml (RunExportModel)" time="5.828" />
  <testcase classname="ptolemy.vergil.basic.export.test.junit.ExportModelJUnitTestBatch5" name="[16] ptolemy/distributed/demo/Sleep/Sleep.xml (RunExportModel)" time="3.137" />
  <testcase classname="ptolemy.vergil.basic.export.test.junit.ExportModelJUnitTestBatch5" name="[17] ptolemy/domains/algebraic/demo/HeaterOpenTank/HeaterOpenTank.xml (RunExportModel)" time="4.683" />
  <testcase classname="ptolemy.vergil.basic.export.test.junit.ExportModelJUnitTestBatch5" name="[18] ptolemy/domains/algebraic/demo/HeaterOpenTank/HeaterOpenTankRefactored.xml (RunExportModel)" time="4.264" />
  <testcase classname="ptolemy.vergil.basic.export.test.junit.ExportModelJUnitTestBatch5" name="[19] ptolemy/domains/algebraic/demo/RLC/RLC.xml (RunExportModel)" time="4.342" />
  <testcase classname="ptolemy.vergil.basic.export.test.junit.ExportModelJUnitTestBatch5" name="[20] ptolemy/domains/atc/demo/FirstPolicy/FirstPolicy.xml (RunExportModel)" time="34.64" />
  <testcase classname="ptolemy.vergil.basic.export.test.junit.ExportModelJUnitTestBatch5" name="[21] ptolemy/domains/atc/demo/SecondPolicy/SecondPolicy.xml (RunExportModel)" time="34.617" />
  <testcase classname="ptolemy.vergil.basic.export.test.junit.ExportModelJUnitTestBatch5" name="[22] ptolemy/domains/ca/demo/Conway/Conway.xml (RunExportModel)" time="24.629" />
  <testcase classname="ptolemy.vergil.basic.export.test.junit.ExportModelJUnitTestBatch5" name="[23] ptolemy/domains/ca/demo/ConwayRandom/ConwayRandom.xml (RunExportModel)" time="64.006" />
  <testcase classname="ptolemy.vergil.basic.export.test.junit.ExportModelJUnitTestBatch5" name="[24] ptolemy/domains/ci/demo/Router/Router.xml (RunExportModel)" time="34.304" />
  <testcase classname="ptolemy.vergil.basic.export.test.junit.ExportModelJUnitTestBatch5" name="[25] ptolemy/domains/continuous/demo/BouncingBall/BouncingBall.xml (RunExportModel)" time="34.339" />
  <testcase classname="ptolemy.vergil.basic.export.test.junit.ExportModelJUnitTestBatch5" name="[26] ptolemy/domains/continuous/demo/BouncingBall/BouncingBallWithoutGR.xml (RunExportModel)" time="4.645" />
  <testcase classname="ptolemy.vergil.basic.export.test.junit.ExportModelJUnitTestBatch5" name="[27] ptolemy/domains/continuous/demo/Brownian/Brownian.xml (RunExportModel)" time="4.28" />
  <testcase classname="ptolemy.vergil.basic.export.test.junit.ExportModelJUnitTestBatch5" name="[28] ptolemy/domains/continuous/demo/CartPendulum/CartPendulum.xml (RunExportModel)" time="21.229" />
  <testcase classname="ptolemy.vergil.basic.export.test.junit.ExportModelJUnitTestBatch5" name="[29] ptolemy/domains/continuous/demo/CarTracking/CarTracking.xml (RunExportModel)" time="7.892" />
  <testcase classname="ptolemy.vergil.basic.export.test.junit.ExportModelJUnitTestBatch5" name="[30] ptolemy/domains/continuous/demo/ComparedClocks/ComparedClocks.xml (RunExportModel)" time="4.532" />
  <testcase classname="ptolemy.vergil.basic.export.test.junit.ExportModelJUnitTestBatch5" name="[31] ptolemy/domains/continuous/demo/ContinuousInsideDE/ContinuousInsideDE.xml (RunExportModel)" time="4.305" />
  <testcase classname="ptolemy.vergil.basic.export.test.junit.ExportModelJUnitTestBatch5" name="[32] ptolemy/domains/continuous/demo/DCMotor/DCMotor.xml (RunExportModel)" time="34.327" />
  <testcase classname="ptolemy.vergil.basic.export.test.junit.ExportModelJUnitTestBatch5" name="[33] ptolemy/domains/continuous/demo/Derivative/Derivative.xml (RunExportModel)" time="4.35" />
  <testcase classname="ptolemy.vergil.basic.export.test.junit.ExportModelJUnitTestBatch5" name="[34] ptolemy/domains/continuous/demo/Friction/Friction.xml (RunExportModel)" time="5.846" />
  <testcase classname="ptolemy.vergil.basic.export.test.junit.ExportModelJUnitTestBatch5" name="[35] ptolemy/domains/continuous/demo/FurutaPendulum/FurutaPendulum.xml (RunExportModel)" time="27.589" />
  <testcase classname="ptolemy.vergil.basic.export.test.junit.ExportModelJUnitTestBatch5" name="[36] ptolemy/domains/continuous/demo/HierarchicalExecution/HierarchicalExecution.xml (RunExportModel)" time="5.659" />
  <testcase classname="ptolemy.vergil.basic.export.test.junit.ExportModelJUnitTestBatch5" name="[37] ptolemy/domains/continuous/demo/HybridPlant/HybridPlant.xml (RunExportModel)" time="4.925" />
  <testcase classname="ptolemy.vergil.basic.export.test.junit.ExportModelJUnitTestBatch5" name="[38] ptolemy/domains/continuous/demo/HybridPlant/RandomHybridPlant.xml (RunExportModel)" time="4.808" />
  <testcase classname="ptolemy.vergil.basic.export.test.junit.ExportModelJUnitTestBatch5" name="[39] ptolemy/domains/continuous/demo/Hysteresis/Hysteresis.xml (RunExportModel)" time="4.391" />
  <testcase classname="ptolemy.vergil.basic.export.test.junit.ExportModelJUnitTestBatch5" name="[40] ptolemy/domains/continuous/demo/Hysteresis/HysteresisWithRandomDelay.xml (RunExportModel)" time="4.429" />
  <testcase classname="ptolemy.vergil.basic.export.test.junit.ExportModelJUnitTestBatch5" name="[41] ptolemy/domains/continuous/demo/Hysteresis/HysteresisWithRandomLosses.xml (RunExportModel)" time="5.033" />
  <testcase classname="ptolemy.vergil.basic.export.test.junit.ExportModelJUnitTestBatch5" name="[42] ptolemy/domains/continuous/demo/LevelCrossingDetector/LevelCrossingDetector.xml (RunExportModel)" time="4.173" />
  <testcase classname="ptolemy.vergil.basic.export.test.junit.ExportModelJUnitTestBatch5" name="[43] ptolemy/domains/continuous/demo/LevelCrossingDetector/LevelCrossingDetectorDetectingDirections.xml (RunExportModel)" time="4.222" />
  <testcase classname="ptolemy.vergil.basic.export.test.junit.ExportModelJUnitTestBatch5" name="[44] ptolemy/domains/continuous/demo/LevelCrossingDetectorDetectsGlitches/LevelCrossingDetectorDetectsGlitches.xml (RunExportModel)" time="4.36" />
  <testcase classname="ptolemy.vergil.basic.export.test.junit.ExportModelJUnitTestBatch5" name="[45] ptolemy/domains/continuous/demo/Lorenz/Lorenz.xml (RunExportModel)" time="7.67" />
  <testcase classname="ptolemy.vergil.basic.export.test.junit.ExportModelJUnitTestBatch5" name="[46] ptolemy/domains/continuous/demo/Lorenz/LorenzDifferentialSystem.xml (RunExportModel)" time="12.459" />
  <testcase classname="ptolemy.vergil.basic.export.test.junit.ExportModelJUnitTestBatch5" name="[47] ptolemy/domains/continuous/demo/NewtonsCradle/NewtonsCradle.xml (RunExportModel)" time="7.381" />
  <testcase classname="ptolemy.vergil.basic.export.test.junit.ExportModelJUnitTestBatch5" name="[48] ptolemy/domains/continuous/demo/NewtonsCradle/NewtonsCradleAnimated.xml (RunExportModel)" time="36.114" />
  <testcase classname="ptolemy.vergil.basic.export.test.junit.ExportModelJUnitTestBatch5" name="[49] ptolemy/domains/continuous/demo/NewtonsCradle/NewtonsCradleComplicated.xml (RunExportModel)" time="34.691" />
  <testcase classname="ptolemy.vergil.basic.export.test.junit.ExportModelJUnitTestBatch5" name="[50] ptolemy/domains/continuous/demo/NewtonsCradle/NewtonsCradleNondeterministic.xml (RunExportModel)" time="34.75" />
  <testcase classname="ptolemy.vergil.basic.export.test.junit.ExportModelJUnitTestBatch5" name="[51] ptolemy/domains/continuous/demo/NewtonsCradle/NewtonsCradlePerfectlyInelastic1.xml (RunExportModel)" time="10.798" />
  <testcase classname="ptolemy.vergil.basic.export.test.junit.ExportModelJUnitTestBatch5" name="[52] ptolemy/domains/continuous/demo/NewtonsCradle/ParameterizedNewtonsCradleAnimated.xml (RunExportModel)" time="12.884" />
  <testcase classname="ptolemy.vergil.basic.export.test.junit.ExportModelJUnitTestBatch5" name="[53] ptolemy/domains/continuous/demo/NewtonsCradle/ParameterizedNewtonsCradleAnimatedNondeterministic.xml (RunExportModel)" time="34.777" />
  <testcase classname="ptolemy.vergil.basic.export.test.junit.ExportModelJUnitTestBatch5" name="[54] ptolemy/domains/continuous/demo/Noise/Noise.xml (RunExportModel)" time="4.363" />
  <testcase classname="ptolemy.vergil.basic.export.test.junit.ExportModelJUnitTestBatch5" name="[55] ptolemy/domains/continuous/demo/Noise/NoiseSpectrum.xml (RunExportModel)" time="4.919" />
  <testcase classname="ptolemy.vergil.basic.export.test.junit.ExportModelJUnitTestBatch5" name="[56] ptolemy/domains/continuous/demo/Noise/SinusoidInNoise.xml (RunExportModel)" time="5.468" />
  <testcase classname="ptolemy.vergil.basic.export.test.junit.ExportModelJUnitTestBatch5" name="[57] ptolemy/domains/continuous/demo/Pendulum3D/Pendulum3D.xml (RunExportModel)" time="34.512" />
  <testcase classname="ptolemy.vergil.basic.export.test.junit.ExportModelJUnitTestBatch5" name="[58] ptolemy/domains/continuous/demo/Poisson/IncreasingRatePoisson.xml (RunExportModel)" time="4.679" />
  <testcase classname="ptolemy.vergil.basic.export.test.junit.ExportModelJUnitTestBatch5" name="[59] ptolemy/domains/continuous/demo/Poisson/Poisson.xml (RunExportModel)" time="4.541" />
  <testcase classname="ptolemy.vergil.basic.export.test.junit.ExportModelJUnitTestBatch5" name="[60] ptolemy/domains/continuous/demo/SampledClocks/SampledClocks.xml (RunExportModel)" time="4.171" />
  <testcase classname="ptolemy.vergil.basic.export.test.junit.ExportModelJUnitTestBatch5" name="[61] ptolemy/domains/continuous/demo/Satellite/Satellite.xml (RunExportModel)" time="4.802" />
  <testcase classname="ptolemy.vergil.basic.export.test.junit.ExportModelJUnitTestBatch5" name="[62] ptolemy/domains/continuous/demo/SigmaDelta/SigmaDelta.xml (RunExportModel)" time="32.066" />
  <testcase classname="ptolemy.vergil.basic.export.test.junit.ExportModelJUnitTestBatch5" name="[63] ptolemy/domains/continuous/demo/SinuBouncingBall/SinuBouncingBall.xml (RunExportModel)" time="6.451" />
  <testcase classname="ptolemy.vergil.basic.export.test.junit.ExportModelJUnitTestBatch5" name="[64] ptolemy/domains/continuous/demo/Sinusoid/Sinusoid.xml (RunExportModel)" time="4.249" />
  <testcase classname="ptolemy.vergil.basic.export.test.junit.ExportModelJUnitTestBatch5" name="[65] ptolemy/domains/continuous/demo/SquareWave/SquareWave.xml (RunExportModel)" time="4.454" />
  <testcase classname="ptolemy.vergil.basic.export.test.junit.ExportModelJUnitTestBatch5" name="[66] ptolemy/domains/continuous/demo/Starmac/Starmac.xml (RunExportModel)" time="16.635" />
  <testcase classname="ptolemy.vergil.basic.export.test.junit.ExportModelJUnitTestBatch5" name="[67] ptolemy/domains/continuous/demo/StickyMasses/StickyMasses.xml (RunExportModel)" time="17.728" />
  <testcase classname="ptolemy.vergil.basic.export.test.junit.ExportModelJUnitTestBatch5" name="[68] ptolemy/domains/continuous/demo/Switch/Switch.xml (RunExportModel)" time="4.311" />
  <testcase classname="ptolemy.vergil.basic.export.test.junit.ExportModelJUnitTestBatch5" name="[69] ptolemy/domains/continuous/demo/Thermostat/Thermostat.xml (RunExportModel)" time="4.345" />
  <testcase classname="ptolemy.vergil.basic.export.test.junit.ExportModelJUnitTestBatch5" name="[70] ptolemy/domains/continuous/demo/Transmission/EfficiencyCurve.xml (RunExportModel)" time="4.152" />
  <testcase classname="ptolemy.vergil.basic.export.test.junit.ExportModelJUnitTestBatch5" name="[71] ptolemy/domains/continuous/demo/Transmission/Transmission.xml (RunExportModel)" time="4.738" />
  <testcase classname="ptolemy.vergil.basic.export.test.junit.ExportModelJUnitTestBatch5" name="[72] ptolemy/domains/continuous/demo/TwoMachineInfiniteBusControl/TwoMachineInfiniteBusControl.xml (RunExportModel)" time="6.712" />
  <testcase classname="ptolemy.vergil.basic.export.test.junit.ExportModelJUnitTestBatch5" name="[73] ptolemy/domains/continuous/demo/V2V/V2V.xml (RunExportModel)" time="5.179" />
  <testcase classname="ptolemy.vergil.basic.export.test.junit.ExportModelJUnitTestBatch5" name="[74] ptolemy/domains/csp/demo/Barrier/Barrier.xml (RunExportModel)" time="35.669" />
  <testcase classname="ptolemy.vergil.basic.export.test.junit.ExportModelJUnitTestBatch5" name="[75] ptolemy/domains/csp/demo/ResourcePool/ResourcePool.xml (RunExportModel)" time="34.255" />
  <testcase classname="ptolemy.vergil.basic.export.test.junit.ExportModelJUnitTestBatch5" name="[76] ptolemy/domains/csp/demo/WriteRegulator/WriteRegulator.xml (RunExportModel)" time="34.459" />
  <testcase classname="ptolemy.vergil.basic.export.test.junit.ExportModelJUnitTestBatch5" name="[77] ptolemy/domains/curriculum/demo/Curriculum/Curriculum.xml (RunExportModel)" time="3.466" />
  <testcase classname="ptolemy.vergil.basic.export.test.junit.ExportModelJUnitTestBatch5" name="[78] ptolemy/domains/dde/demo/LocalZeno/LocalZeno.xml (RunExportModel)" time="34.214" />
  <testcase classname="ptolemy.vergil.basic.export.test.junit.ExportModelJUnitTestBatch5" name="[79] ptolemy/domains/ddf/demo/Eratosthenes/Eratosthenes.xml (RunExportModel)" time="8.613" />
  <testcase classname="ptolemy.vergil.basic.export.test.junit.ExportModelJUnitTestBatch5" name="[80] ptolemy/domains/ddf/demo/Factorial/Factorial.xml (RunExportModel)" time="5.815" />
  <testcase classname="ptolemy.vergil.basic.export.test.junit.ExportModelJUnitTestBatch5" name="[81] ptolemy/domains/ddf/demo/HanoiTower/HanoiTower.xml (RunExportModel)" time="65.599" />
  <testcase classname="ptolemy.vergil.basic.export.test.junit.ExportModelJUnitTestBatch5" name="[82] ptolemy/domains/ddf/demo/IfThenElse/IfThenElse.xml (RunExportModel)" time="4.215" />
  <testcase classname="ptolemy.vergil.basic.export.test.junit.ExportModelJUnitTestBatch5" name="[83] ptolemy/domains/ddf/demo/IfThenElse/IfThenElseFSM.xml (RunExportModel)" time="4.312" />
  <testcase classname="ptolemy.vergil.basic.export.test.junit.ExportModelJUnitTestBatch5" name="[84] ptolemy/domains/ddf/demo/Loop/Loop.xml (RunExportModel)" time="4.15" />
  <testcase classname="ptolemy.vergil.basic.export.test.junit.ExportModelJUnitTestBatch5" name="[85] ptolemy/domains/ddf/demo/OrderedMerge/OrderedMerge.xml (RunExportModel)" time="4.158" />
  <testcase classname="ptolemy.vergil.basic.export.test.junit.ExportModelJUnitTestBatch5" name="[86] ptolemy/domains/ddf/demo/RandomWalk/RandomWalk.xml (RunExportModel)" time="4.228" />
  <testcase classname="ptolemy.vergil.basic.export.test.junit.ExportModelJUnitTestBatch5" name="[87] ptolemy/domains/ddf/demo/RijndaelEncryption/RijndaelEncryption.xml (RunExportModel)" time="4.34" />
  <testcase classname="ptolemy.vergil.basic.export.test.junit.ExportModelJUnitTestBatch5" name="[88] ptolemy/domains/de/demo/AFDX/AFDX.xml (RunExportModel)" time="4.399" />
  <testcase classname="ptolemy.vergil.basic.export.test.junit.ExportModelJUnitTestBatch5" name="[89] ptolemy/domains/de/demo/AssemblyLine/AssemblyLine.xml (RunExportModel)" time="4.165" />
  <testcase classname="ptolemy.vergil.basic.export.test.junit.ExportModelJUnitTestBatch5" name="[90] ptolemy/domains/de/demo/Bus/Bus.xml (RunExportModel)" time="4.193" />
  <testcase classname="ptolemy.vergil.basic.export.test.junit.ExportModelJUnitTestBatch5" name="[91] ptolemy/domains/de/demo/Clock/Clock.xml (RunExportModel)" time="3.166" />
  <testcase classname="ptolemy.vergil.basic.export.test.junit.ExportModelJUnitTestBatch5" name="[92] ptolemy/domains/de/demo/ClockDrift/ClockDrift.xml (RunExportModel)" time="4.169" />
  <testcase classname="ptolemy.vergil.basic.export.test.junit.ExportModelJUnitTestBatch5" name="[93] ptolemy/domains/de/demo/DateDemo/DateDemo.xml (RunExportModel)" time="7.331" />
  <testcase classname="ptolemy.vergil.basic.export.test.junit.ExportModelJUnitTestBatch5" name="[94] ptolemy/domains/de/demo/EventButton/EventButton.xml (RunExportModel)" time="34.147" />
  <testcase classname="ptolemy.vergil.basic.export.test.junit.ExportModelJUnitTestBatch5" name="[95] ptolemy/domains/de/demo/Inspection/Inspection.xml (RunExportModel)" time="4.234" />
  <testcase classname="ptolemy.vergil.basic.export.test.junit.ExportModelJUnitTestBatch5" name="[96] ptolemy/domains/de/demo/LineFault/LineFault.xml (RunExportModel)" time="5.855" />
  <testcase classname="ptolemy.vergil.basic.export.test.junit.ExportModelJUnitTestBatch5" name="[97] ptolemy/domains/de/demo/LongRuns/LongRuns.xml (RunExportModel)" time="3.178" />
  <testcase classname="ptolemy.vergil.basic.export.test.junit.ExportModelJUnitTestBatch5" name="[98] ptolemy/domains/de/demo/ModalModel/ModalModel.xml (RunExportModel)" time="4.49" />
  <testcase classname="ptolemy.vergil.basic.export.test.junit.ExportModelJUnitTestBatch5" name="[99] ptolemy/domains/de/demo/OpenQueueingNetwork/OpenQueueingNetwork.xml (RunExportModel)" time="6.418" />
  <testcase classname="ptolemy.vergil.basic.export.test.junit.ExportModelJUnitTestBatch5" name="[100] ptolemy/domains/de/demo/PersistentIO/PersistentIO.xml (RunExportModel)" time="4.151" />
  <testcase classname="ptolemy.vergil.basic.export.test.junit.ExportModelJUnitTestBatch5" name="[101] ptolemy/domains/de/demo/QueueAndServer/QueueAndServer.xml (RunExportModel)" time="4.151" />
  <testcase classname="ptolemy.vergil.basic.export.test.junit.ExportModelJUnitTestBatch5" name="[102] ptolemy/domains/de/demo/RealTimeComposite/RealTimeComposite.xml (RunExportModel)" time="3.423" />
  <testcase classname="ptolemy.vergil.basic.export.test.junit.ExportModelJUnitTestBatch5" name="[103] ptolemy/domains/de/demo/SmartSender/SmartSender.xml (RunExportModel)" time="34.124" />
  <testcase classname="ptolemy.vergil.basic.export.test.junit.ExportModelJUnitTestBatch5" name="[104] ptolemy/domains/de/demo/Switch/Switch.xml (RunExportModel)" time="4.32" />
  <testcase classname="ptolemy.vergil.basic.export.test.junit.ExportModelJUnitTestBatch5" name="[105] ptolemy/domains/de/demo/TimingParadox/TimingParadox.xml (RunExportModel)" time="6.794" />
  <testcase classname="ptolemy.vergil.basic.export.test.junit.ExportModelJUnitTestBatch5" name="[106] ptolemy/domains/de/demo/Trilateration/Trilateration.xml (RunExportModel)" time="45.427" />
  <testcase classname="ptolemy.vergil.basic.export.test.junit.ExportModelJUnitTestBatch5" name="[107] ptolemy/domains/de/demo/TTE/TTE.xml (RunExportModel)" time="4.25" />
  <testcase classname="ptolemy.vergil.basic.export.test.junit.ExportModelJUnitTestBatch5" name="[108] ptolemy/domains/de/demo/VariableDelay/VariableDelay.xml (RunExportModel)" time="4.17" />
  <testcase classname="ptolemy.vergil.basic.export.test.junit.ExportModelJUnitTestBatch5" name="[109] ptolemy/domains/dt/demo/Eye/Eye.xml (RunExportModel)" time="34.143" />
  <testcase classname="ptolemy.vergil.basic.export.test.junit.ExportModelJUnitTestBatch5" name="[110] ptolemy/domains/giotto/cgc/demo/SoundGenerator/SoundGenerator.xml (RunExportModel)" time="34.12" />
  <testcase classname="ptolemy.vergil.basic.export.test.junit.ExportModelJUnitTestBatch5" name="[111] ptolemy/domains/giotto/demo/Composite/Composite.xml (RunExportModel)" time="4.175" />
  <testcase classname="ptolemy.vergil.basic.export.test.junit.ExportModelJUnitTestBatch5" name="[112] ptolemy/domains/giotto/demo/Hierarchy/Hierarchy.xml (RunExportModel)" time="4.169" />
  <testcase classname="ptolemy.vergil.basic.export.test.junit.ExportModelJUnitTestBatch5" name="[113] ptolemy/domains/giotto/demo/Multimode/Multimode.xml (RunExportModel)" time="4.299" />
  <testcase classname="ptolemy.vergil.basic.export.test.junit.ExportModelJUnitTestBatch5" name="[114] ptolemy/domains/giotto/demo/Simple/Simple.xml (RunExportModel)" time="4.122" />
  <testcase classname="ptolemy.vergil.basic.export.test.junit.ExportModelJUnitTestBatch5" name="[115] ptolemy/domains/gr/demo/FurutaPendulum/FurutaPendulum.xml (RunExportModel)" time="27.394" />
  <testcase classname="ptolemy.vergil.basic.export.test.junit.ExportModelJUnitTestBatch5" name="[116] ptolemy/domains/gr/demo/Helen/Helen.xml (RunExportModel)" time="64.273" />
  <testcase classname="ptolemy.vergil.basic.export.test.junit.ExportModelJUnitTestBatch5" name="[117] ptolemy/domains/gr/demo/Pendulum/Pendulum.xml (RunExportModel)" time="64.201" />
  <testcase classname="ptolemy.vergil.basic.export.test.junit.ExportModelJUnitTestBatch5" name="[118] ptolemy/domains/gr/demo/Pong/Pong.xml (RunExportModel)" time="9.367" />
  <testcase classname="ptolemy.vergil.basic.export.test.junit.ExportModelJUnitTestBatch5" name="[119] ptolemy/domains/gr/demo/SolarSystem/SolarSystem.xml (RunExportModel)" time="64.504" />
  <testcase classname="ptolemy.vergil.basic.export.test.junit.ExportModelJUnitTestBatch5" name="[120] ptolemy/domains/gr/demo/StickyMasses/StickyMasses.xml (RunExportModel)" time="22.116" />
  <testcase classname="ptolemy.vergil.basic.export.test.junit.ExportModelJUnitTestBatch5" name="[121] ptolemy/domains/gr/demo/Universe/Universe.xml (RunExportModel)" time="64.193" />
  <testcase classname="ptolemy.vergil.basic.export.test.junit.ExportModelJUnitTestBatch5" name="[122] ptolemy/domains/hdf/demo/AdaptiveCoding/AdaptiveCoding.xml (RunExportModel)" time="4.984" />
  <testcase classname="ptolemy.vergil.basic.export.test.junit.ExportModelJUnitTestBatch5" name="[123] ptolemy/domains/hdf/demo/Fibonacci/Fibonacci.xml (RunExportModel)" time="4.509" />
  <testcase classname="ptolemy.vergil.basic.export.test.junit.ExportModelJUnitTestBatch5" name="[124] ptolemy/domains/hdf/demo/Hysteresis/Hysteresis.xml (RunExportModel)" time="4.282" />
  <testcase classname="ptolemy.vergil.basic.export.test.junit.ExportModelJUnitTestBatch5" name="[125] ptolemy/domains/hdf/demo/Merge/Merge.xml (RunExportModel)" time="4.354" />
  <testcase classname="ptolemy.vergil.basic.export.test.junit.ExportModelJUnitTestBatch5" name="[126] ptolemy/domains/modal/demo/ABP/ABP.xml (RunExportModel)" time="4.527" />
  <testcase classname="ptolemy.vergil.basic.export.test.junit.ExportModelJUnitTestBatch5" name="[127] ptolemy/domains/modal/demo/Blending/Blending.xml (RunExportModel)" time="4.482" />
  <testcase classname="ptolemy.vergil.basic.export.test.junit.ExportModelJUnitTestBatch5" name="[128] ptolemy/domains/modal/demo/Case/Case.xml (RunExportModel)" time="4.371" />
  <testcase classname="ptolemy.vergil.basic.export.test.junit.ExportModelJUnitTestBatch5" name="[129] ptolemy/domains/modal/demo/ChainedTransitions/ChainedTransitions.xml (RunExportModel)" time="4.239" />
  <testcase classname="ptolemy.vergil.basic.export.test.junit.ExportModelJUnitTestBatch5" name="[130] ptolemy/domains/modal/demo/ModalBSC/ModalBSC.xml (RunExportModel)" time="4.296" />
  <testcase classname="ptolemy.vergil.basic.export.test.junit.ExportModelJUnitTestBatch5" name="[131] ptolemy/domains/modal/demo/MultipleRuns/MultipleRuns.xml (RunExportModel)" time="4.619" />
  <testcase classname="ptolemy.vergil.basic.export.test.junit.ExportModelJUnitTestBatch5" name="[132] ptolemy/domains/modal/demo/PersistentIO/PersistentIO.xml (RunExportModel)" time="4.257" />
  <testcase classname="ptolemy.vergil.basic.export.test.junit.ExportModelJUnitTestBatch5" name="[133] ptolemy/domains/modal/demo/StateTracker/StateTracker.xml (RunExportModel)" time="4.304" />
  <testcase classname="ptolemy.vergil.basic.export.test.junit.ExportModelJUnitTestBatch5" name="[134] ptolemy/domains/modal/demo/SystemLevelType/CSPDomain.xml (RunExportModel)" time="3.136" />
  <testcase classname="ptolemy.vergil.basic.export.test.junit.ExportModelJUnitTestBatch5" name="[135] ptolemy/domains/modal/demo/SystemLevelType/CSPDomain_PolyActor.xml (RunExportModel)" time="3.139" />
  <testcase classname="ptolemy.vergil.basic.export.test.junit.ExportModelJUnitTestBatch5" name="[136] ptolemy/domains/modal/demo/SystemLevelType/CSPDomain_SDFActor.xml (RunExportModel)" time="3.138" />
  <testcase classname="ptolemy.vergil.basic.export.test.junit.ExportModelJUnitTestBatch5" name="[137] ptolemy/domains/modal/demo/SystemLevelType/DEDomain.xml (RunExportModel)" time="3.154" />
  <testcase classname="ptolemy.vergil.basic.export.test.junit.ExportModelJUnitTestBatch5" name="[138] ptolemy/domains/modal/demo/SystemLevelType/DEDomain_PolyActor.xml (RunExportModel)" time="3.127" />
  <testcase classname="ptolemy.vergil.basic.export.test.junit.ExportModelJUnitTestBatch5" name="[139] ptolemy/domains/modal/demo/SystemLevelType/DEDomain_SDFActor.xml (RunExportModel)" time="3.117" />
  <testcase classname="ptolemy.vergil.basic.export.test.junit.ExportModelJUnitTestBatch5" name="[140] ptolemy/domains/modal/demo/SystemLevelType/DP.xml (RunExportModel)" time="3.109" />
  <testcase classname="ptolemy.vergil.basic.export.test.junit.ExportModelJUnitTestBatch5" name="[141] ptolemy/domains/modal/demo/SystemLevelType/DummyDirector1.xml (RunExportModel)" time="3.109" />
  <testcase classname="ptolemy.vergil.basic.export.test.junit.ExportModelJUnitTestBatch5" name="[142] ptolemy/domains/modal/demo/SystemLevelType/DummyDirector1_SDFActor.xml (RunExportModel)" time="3.111" />
  <testcase classname="ptolemy.vergil.basic.export.test.junit.ExportModelJUnitTestBatch5" name="[143] ptolemy/domains/modal/demo/SystemLevelType/DummyDirector2.xml (RunExportModel)" time="3.107" />
  <testcase classname="ptolemy.vergil.basic.export.test.junit.ExportModelJUnitTestBatch5" name="[144] ptolemy/domains/modal/demo/SystemLevelType/DummyDirector2_SDFActor.xml (RunExportModel)" time="3.123" />
  <testcase classname="ptolemy.vergil.basic.export.test.junit.ExportModelJUnitTestBatch5" name="[145] ptolemy/domains/modal/demo/SystemLevelType/InterruptableWaitingThreadA.xml (RunExportModel)" time="3.191" />
  <testcase classname="ptolemy.vergil.basic.export.test.junit.ExportModelJUnitTestBatch5" name="[146] ptolemy/domains/modal/demo/SystemLevelType/Interrupter.xml (RunExportModel)" time="3.121" />
  <testcase classname="ptolemy.vergil.basic.export.test.junit.ExportModelJUnitTestBatch5" name="[147] ptolemy/domains/modal/demo/SystemLevelType/Monitor.xml (RunExportModel)" time="3.134" />
  <testcase classname="ptolemy.vergil.basic.export.test.junit.ExportModelJUnitTestBatch5" name="[148] ptolemy/domains/modal/demo/SystemLevelType/PNDomain.xml (RunExportModel)" time="3.131" />
  <testcase classname="ptolemy.vergil.basic.export.test.junit.ExportModelJUnitTestBatch5" name="[149] ptolemy/domains/modal/demo/SystemLevelType/PNDomain_PolyActor.xml (RunExportModel)" time="3.15" />
  <system-out><![CDATA[ExportModeJUnitTestBatch: There are 754 demos. Exporting demos: 441 to 590.
####### 1 Wed Jun 13 20:02:11 UTC 2018 $PTII/bin/ptinvoke ptolemy.vergil.basic.export.ExportModel -force htm -run -openComposites -timeOut 30000 -whiteBackground ptolemy/demo/Office/Office.xml $PTII/ptolemy/demo/Office/Office
.Office is a ptolemy.data.ontologies.Ontology not a TypedCompositeActor, so it cannot be run.
Exported /home/travis/build/icyphy/ptII/ptolemy/demo/Office/Office/index.html
7363 ms. Memory: 151552K Free: 103992K (69%)
####### 2 Wed Jun 13 20:02:18 UTC 2018 $PTII/bin/ptinvoke ptolemy.vergil.basic.export.ExportModel -force htm -run -openComposites -timeOut 30000 -whiteBackground ptolemy/demo/PLC/PLC.xml $PTII/ptolemy/demo/PLC/PLC
Running .PLC
WARNING: The execution aspects in this model can influence the timing of actors by delaying the 
execution, potentially changing the behavior. There is no guarantee that actors fire at the 
time they request to be fired. 
Use Ptides for deterministic DE behavior that is not influenced by execution aspects. 

9149 ms. Memory: 258560K Free: 184331K (71%)
Exported /home/travis/build/icyphy/ptII/ptolemy/demo/PLC/PLC/index.html
21002 ms. Memory: 532992K Free: 174602K (33%)
####### 3 Wed Jun 13 20:02:39 UTC 2018 $PTII/bin/ptinvoke ptolemy.vergil.basic.export.ExportModel -force htm -run -openComposites -timeOut 30000 -whiteBackground ptolemy/demo/ProbabilisticModels/ChannelFaultModel.xml $PTII/ptolemy/demo/ProbabilisticModels/ChannelFaultModel
Running .ChannelFaultModel
152 ms. Memory: 538624K Free: 415912K (77%)
Exported /home/travis/build/icyphy/ptII/ptolemy/demo/ProbabilisticModels/ChannelFaultModel/index.html
5931 ms. Memory: 671232K Free: 611281K (91%)
####### 4 Wed Jun 13 20:02:45 UTC 2018 $PTII/bin/ptinvoke ptolemy.vergil.basic.export.ExportModel -force htm -run -openComposites -timeOut 30000 -whiteBackground ptolemy/demo/ProbabilisticModels/GaussianMixtureModel.xml $PTII/ptolemy/demo/ProbabilisticModels/GaussianMixtureModel
Running .GaussianMixtureModel
31 ms. Memory: 671232K Free: 492890K (73%)
Exported /home/travis/build/icyphy/ptII/ptolemy/demo/ProbabilisticModels/GaussianMixtureModel/index.html
4297 ms. Memory: 671232K Free: 470269K (70%)
####### 5 Wed Jun 13 20:02:49 UTC 2018 $PTII/bin/ptinvoke ptolemy.vergil.basic.export.ExportModel -force htm -run -openComposites -timeOut 30000 -whiteBackground ptolemy/demo/ProbabilisticModels/GMMConvergenceAnalysis.xml $PTII/ptolemy/demo/ProbabilisticModels/GMMConvergenceAnalysis
Model ".GMMConvergenceAnalysis" contains actors such cannot be run  as part of the export process from ExportModel or it has a WebExportParameters value that runBeforeExport set to false. To export run this model and export it, use vergil.
Exported /home/travis/build/icyphy/ptII/ptolemy/demo/ProbabilisticModels/GMMConvergenceAnalysis/index.html
4388 ms. Memory: 675328K Free: 342644K (51%)
####### 6 Wed Jun 13 20:02:54 UTC 2018 $PTII/bin/ptinvoke ptolemy.vergil.basic.export.ExportModel -force htm -run -openComposites -timeOut 30000 -whiteBackground ptolemy/demo/ProbabilisticModels/HiddenMarkovModel.xml $PTII/ptolemy/demo/ProbabilisticModels/HiddenMarkovModel
Running .HiddenMarkovModel
ExportHTMLTimer went off after 30000 ms., calling getDirector().finish and getDirector().stopFire()
30001 ms. Memory: 1835520K Free: 772330K (42%)
Exported /home/travis/build/icyphy/ptII/ptolemy/demo/ProbabilisticModels/HiddenMarkovModel/index.html
34378 ms. Memory: 1835520K Free: 668495K (36%)
####### 7 Wed Jun 13 20:03:28 UTC 2018 $PTII/bin/ptinvoke ptolemy.vergil.basic.export.ExportModel -force htm -run -openComposites -timeOut 30000 -whiteBackground ptolemy/demo/ProbabilisticModels/HiddenMarkovModelAnalysis.xml $PTII/ptolemy/demo/ProbabilisticModels/HiddenMarkovModelAnalysis
Running .HiddenMarkovModelAnalysis
156 ms. Memory: 1835520K Free: 364057K (20%)
Exported /home/travis/build/icyphy/ptII/ptolemy/demo/ProbabilisticModels/HiddenMarkovModelAnalysis/index.html
4724 ms. Memory: 1835520K Free: 123936K (7%)
####### 8 Wed Jun 13 20:03:33 UTC 2018 $PTII/bin/ptinvoke ptolemy.vergil.basic.export.ExportModel -force htm  -openComposites -timeOut 30000 -whiteBackground ptolemy/demo/ProbabilisticModels/ProbabilisticModels.xml $PTII/ptolemy/demo/ProbabilisticModels/ProbabilisticModels
Warning: not running ptolemy/demo/ProbabilisticModels/ProbabilisticModels.xml. See ptolemy/vergil/basic/export/test/junit/ExportModelJUnitTest.java
Exported /home/travis/build/icyphy/ptII/ptolemy/demo/ProbabilisticModels/ProbabilisticModels/index.html
3244 ms. Memory: 1830912K Free: 1655194K (90%)
####### 9 Wed Jun 13 20:03:36 UTC 2018 $PTII/bin/ptinvoke ptolemy.vergil.basic.export.ExportModel -force htm -run -openComposites -timeOut 30000 -whiteBackground ptolemy/demo/ProbabilisticModels/TwoStateMarkovChain.xml $PTII/ptolemy/demo/ProbabilisticModels/TwoStateMarkovChain
Running .TwoStateMarkovChain
ExportHTMLTimer went off after 30000 ms., calling getDirector().finish and getDirector().stopFire()
30003 ms. Memory: 1826816K Free: 283183K (16%)
Exported /home/travis/build/icyphy/ptII/ptolemy/demo/ProbabilisticModels/TwoStateMarkovChain/index.html
34325 ms. Memory: 1826816K Free: 148331K (8%)
####### 10 Wed Jun 13 20:04:10 UTC 2018 $PTII/bin/ptinvoke ptolemy.vergil.basic.export.ExportModel -force htm -run -openComposites -timeOut 30000 -whiteBackground ptolemy/demo/Quarry/Quarry.xml $PTII/ptolemy/demo/Quarry/Quarry
Running .Quarry
RobotController: false (Thread[AWT-EventQueue-0,6,main])
RobotController: 90 (Thread[AWT-EventQueue-0,6,main])
RobotController: true (Thread[AWT-EventQueue-0,6,main])
RobotController: false (Thread[AWT-EventQueue-0,6,main])
RobotController: 90 (Thread[AWT-EventQueue-0,6,main])
RobotController: true (Thread[AWT-EventQueue-0,6,main])
RobotController: false (Thread[AWT-EventQueue-0,6,main])
RobotController: 90 (Thread[AWT-EventQueue-0,6,main])
RobotController: true (Thread[AWT-EventQueue-0,6,main])
RobotController: false (Thread[AWT-EventQueue-0,6,main])
RobotController: 90 (Thread[AWT-EventQueue-0,6,main])
RobotController: true (Thread[AWT-EventQueue-0,6,main])
RobotController: false (Thread[AWT-EventQueue-0,6,main])
RobotController: 90 (Thread[AWT-EventQueue-0,6,main])
RobotController: true (Thread[AWT-EventQueue-0,6,main])
RobotController: false (Thread[AWT-EventQueue-0,6,main])
RobotController: 90 (Thread[AWT-EventQueue-0,6,main])
RobotController: true (Thread[AWT-EventQueue-0,6,main])
RobotController: false (Thread[AWT-EventQueue-0,6,main])
RobotController: 90 (Thread[AWT-EventQueue-0,6,main])
RobotController: true (Thread[AWT-EventQueue-0,6,main])
RobotController: false (Thread[AWT-EventQueue-0,6,main])
RobotController: 90 (Thread[AWT-EventQueue-0,6,main])
RobotController: true (Thread[AWT-EventQueue-0,6,main])
RobotController: false (Thread[AWT-EventQueue-0,6,main])
RobotController: 90 (Thread[AWT-EventQueue-0,6,main])
RobotController: true (Thread[AWT-EventQueue-0,6,main])
RobotController: false (Thread[AWT-EventQueue-0,6,main])
RobotController: 90 (Thread[AWT-EventQueue-0,6,main])
RobotController: true (Thread[AWT-EventQueue-0,6,main])
RobotController: false (Thread[AWT-EventQueue-0,6,main])
RobotController: 90 (Thread[AWT-EventQueue-0,6,main])
RobotController: true (Thread[AWT-EventQueue-0,6,main])
RobotController: false (Thread[AWT-EventQueue-0,6,main])
RobotController: 90 (Thread[AWT-EventQueue-0,6,main])
RobotController: true (Thread[AWT-EventQueue-0,6,main])
RobotController: false (Thread[AWT-EventQueue-0,6,main])
RobotController: 90 (Thread[AWT-EventQueue-0,6,main])
RobotController: true (Thread[AWT-EventQueue-0,6,main])
RobotController: false (Thread[AWT-EventQueue-0,6,main])
RobotController: 90 (Thread[AWT-EventQueue-0,6,main])
RobotController: true (Thread[AWT-EventQueue-0,6,main])
RobotController: false (Thread[AWT-EventQueue-0,6,main])
RobotController: 90 (Thread[AWT-EventQueue-0,6,main])
ExportHTMLTimer went off after 30000 ms., calling getDirector().finish and getDirector().stopFire()
30011 ms. Memory: 1826816K Free: 1277883K (70%)
Exported /home/travis/build/icyphy/ptII/ptolemy/demo/Quarry/Quarry/index.html
37981 ms. Memory: 1826816K Free: 1227812K (67%)
####### 11 Wed Jun 13 20:04:48 UTC 2018 $PTII/bin/ptinvoke ptolemy.vergil.basic.export.ExportModel -force htm  -openComposites -timeOut 30000 -whiteBackground ptolemy/demo/RobotMPC/CollisionAvoidance.xml $PTII/ptolemy/demo/RobotMPC/CollisionAvoidance
Warning: not running ptolemy/demo/RobotMPC/CollisionAvoidance.xml. See ptolemy/vergil/basic/export/test/junit/ExportModelJUnitTest.java
Exported /home/travis/build/icyphy/ptII/ptolemy/demo/RobotMPC/CollisionAvoidance/index.html
6991 ms. Memory: 1826816K Free: 974652K (53%)
####### 12 Wed Jun 13 20:04:55 UTC 2018 $PTII/bin/ptinvoke ptolemy.vergil.basic.export.ExportModel -force htm  -openComposites -timeOut 30000 -whiteBackground ptolemy/demo/RobotMPC/CollisionAvoidanceWithAccModel.xml $PTII/ptolemy/demo/RobotMPC/CollisionAvoidanceWithAccModel
Warning: not running ptolemy/demo/RobotMPC/CollisionAvoidanceWithAccModel.xml. See ptolemy/vergil/basic/export/test/junit/ExportModelJUnitTest.java
Exported /home/travis/build/icyphy/ptII/ptolemy/demo/RobotMPC/CollisionAvoidanceWithAccModel/index.html
7858 ms. Memory: 1819648K Free: 797797K (44%)
####### 13 Wed Jun 13 20:05:03 UTC 2018 $PTII/bin/ptinvoke ptolemy.vergil.basic.export.ExportModel -force htm  -openComposites -timeOut 30000 -whiteBackground ptolemy/demo/RobotMPC/CollisionAvoidanceWithObservationRobots.xml $PTII/ptolemy/demo/RobotMPC/CollisionAvoidanceWithObservationRobots
Warning: not running ptolemy/demo/RobotMPC/CollisionAvoidanceWithObservationRobots.xml. See ptolemy/vergil/basic/export/test/junit/ExportModelJUnitTest.java
Exported /home/travis/build/icyphy/ptII/ptolemy/demo/RobotMPC/CollisionAvoidanceWithObservationRobots/index.html
71712 ms. Memory: 1896960K Free: 1061609K (56%)
####### 14 Wed Jun 13 20:06:15 UTC 2018 $PTII/bin/ptinvoke ptolemy.vergil.basic.export.ExportModel -force htm  -openComposites -timeOut 30000 -whiteBackground ptolemy/demo/RobotMPC/CollisionAvoidanceWithUncertainMeasurement.xml $PTII/ptolemy/demo/RobotMPC/CollisionAvoidanceWithUncertainMeasurement
Warning: not running ptolemy/demo/RobotMPC/CollisionAvoidanceWithUncertainMeasurement.xml. See ptolemy/vergil/basic/export/test/junit/ExportModelJUnitTest.java
Exported /home/travis/build/icyphy/ptII/ptolemy/demo/RobotMPC/CollisionAvoidanceWithUncertainMeasurement/index.html
13874 ms. Memory: 1869824K Free: 1164283K (62%)
####### 15 Wed Jun 13 20:06:29 UTC 2018 $PTII/bin/ptinvoke ptolemy.vergil.basic.export.ExportModel -force htm  -openComposites -timeOut 30000 -whiteBackground ptolemy/demo/RobotMPC/RobotMPC.xml $PTII/ptolemy/demo/RobotMPC/RobotMPC
Warning: not running ptolemy/demo/RobotMPC/RobotMPC.xml. See ptolemy/vergil/basic/export/test/junit/ExportModelJUnitTest.java
Exported /home/travis/build/icyphy/ptII/ptolemy/demo/RobotMPC/RobotMPC/index.html
3141 ms. Memory: 1869824K Free: 1007834K (54%)
####### 16 Wed Jun 13 20:06:32 UTC 2018 $PTII/bin/ptinvoke ptolemy.vergil.basic.export.ExportModel -force htm  -openComposites -timeOut 30000 -whiteBackground ptolemy/demo/RobotMPC/SimpleChase.xml $PTII/ptolemy/demo/RobotMPC/SimpleChase
Warning: not running ptolemy/demo/RobotMPC/SimpleChase.xml. See ptolemy/vergil/basic/export/test/junit/ExportModelJUnitTest.java
Exported /home/travis/build/icyphy/ptII/ptolemy/demo/RobotMPC/SimpleChase/index.html
5828 ms. Memory: 1909248K Free: 989270K (52%)
####### 17 Wed Jun 13 20:06:38 UTC 2018 $PTII/bin/ptinvoke ptolemy.vergil.basic.export.ExportModel -force htm  -openComposites -timeOut 30000 -whiteBackground ptolemy/distributed/demo/Sleep/Sleep.xml $PTII/ptolemy/distributed/demo/Sleep/Sleep
Warning: not running ptolemy/distributed/demo/Sleep/Sleep.xml. See ptolemy/vergil/basic/export/test/junit/ExportModelJUnitTest.java
Exported /home/travis/build/icyphy/ptII/ptolemy/distributed/demo/Sleep/Sleep/index.html
3137 ms. Memory: 1909248K Free: 862171K (45%)
####### 18 Wed Jun 13 20:06:41 UTC 2018 $PTII/bin/ptinvoke ptolemy.vergil.basic.export.ExportModel -force htm -run -openComposites -timeOut 30000 -whiteBackground ptolemy/domains/algebraic/demo/HeaterOpenTank/HeaterOpenTank.xml $PTII/ptolemy/domains/algebraic/demo/HeaterOpenTank/HeaterOpenTank
Running .HeaterOpenTank
328 ms. Memory: 1909248K Free: 692997K (36%)
Exported /home/travis/build/icyphy/ptII/ptolemy/domains/algebraic/demo/HeaterOpenTank/HeaterOpenTank/index.html
4682 ms. Memory: 1909248K Free: 491730K (26%)
####### 19 Wed Jun 13 20:06:46 UTC 2018 $PTII/bin/ptinvoke ptolemy.vergil.basic.export.ExportModel -force htm -run -openComposites -timeOut 30000 -whiteBackground ptolemy/domains/algebraic/demo/HeaterOpenTank/HeaterOpenTankRefactored.xml $PTII/ptolemy/domains/algebraic/demo/HeaterOpenTank/HeaterOpenTankRefactored
Running .HeaterOpenTankRefactored
57 ms. Memory: 1909248K Free: 369318K (19%)
Exported /home/travis/build/icyphy/ptII/ptolemy/domains/algebraic/demo/HeaterOpenTank/HeaterOpenTankRefactored/index.html
4264 ms. Memory: 1909248K Free: 252304K (13%)
####### 20 Wed Jun 13 20:06:50 UTC 2018 $PTII/bin/ptinvoke ptolemy.vergil.basic.export.ExportModel -force htm -run -openComposites -timeOut 30000 -whiteBackground ptolemy/domains/algebraic/demo/RLC/RLC.xml $PTII/ptolemy/domains/algebraic/demo/RLC/RLC
Running .RLC
78 ms. Memory: 1844736K Free: 1454757K (79%)
Exported /home/travis/build/icyphy/ptII/ptolemy/domains/algebraic/demo/RLC/RLC/index.html
4342 ms. Memory: 1844736K Free: 1311609K (71%)
####### 21 Wed Jun 13 20:06:54 UTC 2018 $PTII/bin/ptinvoke ptolemy.vergil.basic.export.ExportModel -force htm -run -openComposites -timeOut 30000 -whiteBackground ptolemy/domains/atc/demo/FirstPolicy/FirstPolicy.xml $PTII/ptolemy/domains/atc/demo/FirstPolicy/FirstPolicy
Running .FirstPolicy
ExportHTMLTimer went off after 30000 ms., calling getDirector().finish and getDirector().stopFire()
30001 ms. Memory: 1844736K Free: 1028496K (56%)
Exported /home/travis/build/icyphy/ptII/ptolemy/domains/atc/demo/FirstPolicy/FirstPolicy/index.html
34639 ms. Memory: 1844736K Free: 743029K (40%)
####### 22 Wed Jun 13 20:07:29 UTC 2018 $PTII/bin/ptinvoke ptolemy.vergil.basic.export.ExportModel -force htm -run -openComposites -timeOut 30000 -whiteBackground ptolemy/domains/atc/demo/SecondPolicy/SecondPolicy.xml $PTII/ptolemy/domains/atc/demo/SecondPolicy/SecondPolicy
Running .SecondPolicy
ExportHTMLTimer went off after 30000 ms., calling getDirector().finish and getDirector().stopFire()
30001 ms. Memory: 1844736K Free: 456385K (25%)
Exported /home/travis/build/icyphy/ptII/ptolemy/domains/atc/demo/SecondPolicy/SecondPolicy/index.html
34617 ms. Memory: 1844736K Free: 146065K (8%)
####### 23 Wed Jun 13 20:08:04 UTC 2018 $PTII/bin/ptinvoke ptolemy.vergil.basic.export.ExportModel -force htm -run -openComposites -timeOut 30000 -whiteBackground ptolemy/domains/ca/demo/Conway/Conway.xml $PTII/ptolemy/domains/ca/demo/Conway/Conway
Running .Conway
20379 ms. Memory: 1905152K Free: 1410148K (74%)
Exported /home/travis/build/icyphy/ptII/ptolemy/domains/ca/demo/Conway/Conway/index.html
24629 ms. Memory: 1905152K Free: 1295396K (68%)
####### 24 Wed Jun 13 20:08:28 UTC 2018 $PTII/bin/ptinvoke ptolemy.vergil.basic.export.ExportModel -force htm -run -openComposites -timeOut 30000 -whiteBackground ptolemy/domains/ca/demo/ConwayRandom/ConwayRandom.xml $PTII/ptolemy/domains/ca/demo/ConwayRandom/ConwayRandom
Running .ConwayRandom
ExportHTMLTimer went off after 30000 ms., calling getDirector().finish and getDirector().stopFire()
59856 ms. Memory: 1918976K Free: 1117766K (58%)
Exported /home/travis/build/icyphy/ptII/ptolemy/domains/ca/demo/ConwayRandom/ConwayRandom/index.html
64006 ms. Memory: 1918976K Free: 1021736K (53%)
####### 25 Wed Jun 13 20:09:32 UTC 2018 $PTII/bin/ptinvoke ptolemy.vergil.basic.export.ExportModel -force htm -run -openComposites -timeOut 30000 -whiteBackground ptolemy/domains/ci/demo/Router/Router.xml $PTII/ptolemy/domains/ci/demo/Router/Router
Running .Router
ExportHTMLTimer went off after 30000 ms., calling getDirector().finish and getDirector().stopFire()
30002 ms. Memory: 1918976K Free: 819375K (43%)
Exported /home/travis/build/icyphy/ptII/ptolemy/domains/ci/demo/Router/Router/index.html
34304 ms. Memory: 1918976K Free: 635734K (33%)
####### 26 Wed Jun 13 20:10:07 UTC 2018 $PTII/bin/ptinvoke ptolemy.vergil.basic.export.ExportModel -force htm -run -openComposites -timeOut 30000 -whiteBackground ptolemy/domains/continuous/demo/BouncingBall/BouncingBall.xml $PTII/ptolemy/domains/continuous/demo/BouncingBall/BouncingBall
Running .BouncingBall
ExportHTMLTimer went off after 30000 ms., calling getDirector().finish and getDirector().stopFire()
30007 ms. Memory: 1916928K Free: 1506270K (79%)
Exported /home/travis/build/icyphy/ptII/ptolemy/domains/continuous/demo/BouncingBall/BouncingBall/index.html
34339 ms. Memory: 1916928K Free: 1317421K (69%)
####### 27 Wed Jun 13 20:10:41 UTC 2018 $PTII/bin/ptinvoke ptolemy.vergil.basic.export.ExportModel -force htm -run -openComposites -timeOut 30000 -whiteBackground ptolemy/domains/continuous/demo/BouncingBall/BouncingBallWithoutGR.xml $PTII/ptolemy/domains/continuous/demo/BouncingBall/BouncingBallWithoutGR
Running .BouncingBallWithoutGR
414 ms. Memory: 1916928K Free: 1023418K (53%)
Exported /home/travis/build/icyphy/ptII/ptolemy/domains/continuous/demo/BouncingBall/BouncingBallWithoutGR/index.html
4644 ms. Memory: 1916928K Free: 904864K (47%)
####### 28 Wed Jun 13 20:10:46 UTC 2018 $PTII/bin/ptinvoke ptolemy.vergil.basic.export.ExportModel -force htm -run -openComposites -timeOut 30000 -whiteBackground ptolemy/domains/continuous/demo/Brownian/Brownian.xml $PTII/ptolemy/domains/continuous/demo/Brownian/Brownian
Running .Brownian
147 ms. Memory: 1916928K Free: 735095K (38%)
Exported /home/travis/build/icyphy/ptII/ptolemy/domains/continuous/demo/Brownian/Brownian/index.html
4280 ms. Memory: 1916928K Free: 672955K (35%)
####### 29 Wed Jun 13 20:10:50 UTC 2018 $PTII/bin/ptinvoke ptolemy.vergil.basic.export.ExportModel -force htm -run -openComposites -timeOut 30000 -whiteBackground ptolemy/domains/continuous/demo/CartPendulum/CartPendulum.xml $PTII/ptolemy/domains/continuous/demo/CartPendulum/CartPendulum
Running .CartPendulum
16770 ms. Memory: 1896960K Free: 1256450K (66%)
Exported /home/travis/build/icyphy/ptII/ptolemy/domains/continuous/demo/CartPendulum/CartPendulum/index.html
21229 ms. Memory: 1896960K Free: 863407K (46%)
####### 30 Wed Jun 13 20:11:11 UTC 2018 $PTII/bin/ptinvoke ptolemy.vergil.basic.export.ExportModel -force htm -run -openComposites -timeOut 30000 -whiteBackground ptolemy/domains/continuous/demo/CarTracking/CarTracking.xml $PTII/ptolemy/domains/continuous/demo/CarTracking/CarTracking
Running .CarTracking
2736 ms. Memory: 1784320K Free: 1244108K (70%)
Exported /home/travis/build/icyphy/ptII/ptolemy/domains/continuous/demo/CarTracking/CarTracking/index.html
7892 ms. Memory: 1784320K Free: 707283K (40%)
####### 31 Wed Jun 13 20:11:19 UTC 2018 $PTII/bin/ptinvoke ptolemy.vergil.basic.export.ExportModel -force htm -run -openComposites -timeOut 30000 -whiteBackground ptolemy/domains/continuous/demo/ComparedClocks/ComparedClocks.xml $PTII/ptolemy/domains/continuous/demo/ComparedClocks/ComparedClocks
Running .ComparedClocks
137 ms. Memory: 1784320K Free: 535655K (30%)
Exported /home/travis/build/icyphy/ptII/ptolemy/domains/continuous/demo/ComparedClocks/ComparedClocks/index.html
4532 ms. Memory: 1784320K Free: 308632K (17%)
####### 32 Wed Jun 13 20:11:23 UTC 2018 $PTII/bin/ptinvoke ptolemy.vergil.basic.export.ExportModel -force htm -run -openComposites -timeOut 30000 -whiteBackground ptolemy/domains/continuous/demo/ContinuousInsideDE/ContinuousInsideDE.xml $PTII/ptolemy/domains/continuous/demo/ContinuousInsideDE/ContinuousInsideDE
Running .ContinuousInsideDE
45 ms. Memory: 1891840K Free: 1734868K (92%)
Exported /home/travis/build/icyphy/ptII/ptolemy/domains/continuous/demo/ContinuousInsideDE/ContinuousInsideDE/index.html
4305 ms. Memory: 1891840K Free: 1619597K (86%)
####### 33 Wed Jun 13 20:11:28 UTC 2018 $PTII/bin/ptinvoke ptolemy.vergil.basic.export.ExportModel -force htm -run -openComposites -timeOut 30000 -whiteBackground ptolemy/domains/continuous/demo/DCMotor/DCMotor.xml $PTII/ptolemy/domains/continuous/demo/DCMotor/DCMotor
Running .DCMotor
ExportHTMLTimer went off after 30000 ms., calling getDirector().finish and getDirector().stopFire()
30010 ms. Memory: 1890816K Free: 1473386K (78%)
Exported /home/travis/build/icyphy/ptII/ptolemy/domains/continuous/demo/DCMotor/DCMotor/index.html
34327 ms. Memory: 1890816K Free: 1270434K (67%)
####### 34 Wed Jun 13 20:12:02 UTC 2018 $PTII/bin/ptinvoke ptolemy.vergil.basic.export.ExportModel -force htm -run -openComposites -timeOut 30000 -whiteBackground ptolemy/domains/continuous/demo/Derivative/Derivative.xml $PTII/ptolemy/domains/continuous/demo/Derivative/Derivative
Running .Derivative
156 ms. Memory: 1890816K Free: 1096211K (58%)
Exported /home/travis/build/icyphy/ptII/ptolemy/domains/continuous/demo/Derivative/Derivative/index.html
4349 ms. Memory: 1890816K Free: 966075K (51%)
####### 35 Wed Jun 13 20:12:06 UTC 2018 $PTII/bin/ptinvoke ptolemy.vergil.basic.export.ExportModel -force htm -run -openComposites -timeOut 30000 -whiteBackground ptolemy/domains/continuous/demo/Friction/Friction.xml $PTII/ptolemy/domains/continuous/demo/Friction/Friction
Running .Friction
1184 ms. Memory: 1890816K Free: 415875K (22%)
Exported /home/travis/build/icyphy/ptII/ptolemy/domains/continuous/demo/Friction/Friction/index.html
5846 ms. Memory: 1900032K Free: 1473955K (78%)
####### 36 Wed Jun 13 20:12:12 UTC 2018 $PTII/bin/ptinvoke ptolemy.vergil.basic.export.ExportModel -force htm -run -openComposites -timeOut 30000 -whiteBackground ptolemy/domains/continuous/demo/FurutaPendulum/FurutaPendulum.xml $PTII/ptolemy/domains/continuous/demo/FurutaPendulum/FurutaPendulum
Running .FurutaPendulum
22573 ms. Memory: 1900032K Free: 775317K (41%)
Exported /home/travis/build/icyphy/ptII/ptolemy/domains/continuous/demo/FurutaPendulum/FurutaPendulum/index.html
27588 ms. Memory: 1895936K Free: 1477929K (78%)
####### 37 Wed Jun 13 20:12:40 UTC 2018 $PTII/bin/ptinvoke ptolemy.vergil.basic.export.ExportModel -force htm -run -openComposites -timeOut 30000 -whiteBackground ptolemy/domains/continuous/demo/HierarchicalExecution/HierarchicalExecution.xml $PTII/ptolemy/domains/continuous/demo/HierarchicalExecution/HierarchicalExecution
Running .HierarchicalExecution
1509 ms. Memory: 1895936K Free: 1104628K (58%)
Exported /home/travis/build/icyphy/ptII/ptolemy/domains/continuous/demo/HierarchicalExecution/HierarchicalExecution/index.html
5659 ms. Memory: 1895936K Free: 1044192K (55%)
####### 38 Wed Jun 13 20:12:46 UTC 2018 $PTII/bin/ptinvoke ptolemy.vergil.basic.export.ExportModel -force htm -run -openComposites -timeOut 30000 -whiteBackground ptolemy/domains/continuous/demo/HybridPlant/HybridPlant.xml $PTII/ptolemy/domains/continuous/demo/HybridPlant/HybridPlant
Running .HybridPlant
611 ms. Memory: 1895936K Free: 638890K (34%)
Exported /home/travis/build/icyphy/ptII/ptolemy/domains/continuous/demo/HybridPlant/HybridPlant/index.html
4925 ms. Memory: 1895936K Free: 464928K (25%)
####### 39 Wed Jun 13 20:12:50 UTC 2018 $PTII/bin/ptinvoke ptolemy.vergil.basic.export.ExportModel -force htm -run -openComposites -timeOut 30000 -whiteBackground ptolemy/domains/continuous/demo/HybridPlant/RandomHybridPlant.xml $PTII/ptolemy/domains/continuous/demo/HybridPlant/RandomHybridPlant
Running .RandomHybridPlant
469 ms. Memory: 1906688K Free: 1505983K (79%)
Exported /home/travis/build/icyphy/ptII/ptolemy/domains/continuous/demo/HybridPlant/RandomHybridPlant/index.html
4808 ms. Memory: 1906688K Free: 1300519K (68%)
####### 40 Wed Jun 13 20:12:55 UTC 2018 $PTII/bin/ptinvoke ptolemy.vergil.basic.export.ExportModel -force htm -run -openComposites -timeOut 30000 -whiteBackground ptolemy/domains/continuous/demo/Hysteresis/Hysteresis.xml $PTII/ptolemy/domains/continuous/demo/Hysteresis/Hysteresis
Running .Hysteresis
154 ms. Memory: 1906688K Free: 1123253K (59%)
Exported /home/travis/build/icyphy/ptII/ptolemy/domains/continuous/demo/Hysteresis/Hysteresis/index.html
4391 ms. Memory: 1906688K Free: 1004408K (53%)
####### 41 Wed Jun 13 20:13:00 UTC 2018 $PTII/bin/ptinvoke ptolemy.vergil.basic.export.ExportModel -force htm -run -openComposites -timeOut 30000 -whiteBackground ptolemy/domains/continuous/demo/Hysteresis/HysteresisWithRandomDelay.xml $PTII/ptolemy/domains/continuous/demo/Hysteresis/HysteresisWithRandomDelay
Running .HysteresisWithRandomDelay
149 ms. Memory: 1906688K Free: 772515K (41%)
Exported /home/travis/build/icyphy/ptII/ptolemy/domains/continuous/demo/Hysteresis/HysteresisWithRandomDelay/index.html
4428 ms. Memory: 1906688K Free: 595902K (31%)
####### 42 Wed Jun 13 20:13:04 UTC 2018 $PTII/bin/ptinvoke ptolemy.vergil.basic.export.ExportModel -force htm -run -openComposites -timeOut 30000 -whiteBackground ptolemy/domains/continuous/demo/Hysteresis/HysteresisWithRandomLosses.xml $PTII/ptolemy/domains/continuous/demo/Hysteresis/HysteresisWithRandomLosses
Running .HysteresisWithRandomLosses
768 ms. Memory: 1903104K Free: 1539220K (81%)
Exported /home/travis/build/icyphy/ptII/ptolemy/domains/continuous/demo/Hysteresis/HysteresisWithRandomLosses/index.html
5033 ms. Memory: 1903104K Free: 1389195K (73%)
####### 43 Wed Jun 13 20:13:09 UTC 2018 $PTII/bin/ptinvoke ptolemy.vergil.basic.export.ExportModel -force htm -run -openComposites -timeOut 30000 -whiteBackground ptolemy/domains/continuous/demo/LevelCrossingDetector/LevelCrossingDetector.xml $PTII/ptolemy/domains/continuous/demo/LevelCrossingDetector/LevelCrossingDetector
Running .LevelCrossingDetector
24 ms. Memory: 1903104K Free: 1241087K (65%)
Exported /home/travis/build/icyphy/ptII/ptolemy/domains/continuous/demo/LevelCrossingDetector/LevelCrossingDetector/index.html
4173 ms. Memory: 1903104K Free: 1208791K (64%)
####### 44 Wed Jun 13 20:13:13 UTC 2018 $PTII/bin/ptinvoke ptolemy.vergil.basic.export.ExportModel -force htm -run -openComposites -timeOut 30000 -whiteBackground ptolemy/domains/continuous/demo/LevelCrossingDetector/LevelCrossingDetectorDetectingDirections.xml $PTII/ptolemy/domains/continuous/demo/LevelCrossingDetector/LevelCrossingDetectorDetectingDirections
Running .LevelCrossingDetectorDetectingDirections
57 ms. Memory: 1903104K Free: 1059786K (56%)
Exported /home/travis/build/icyphy/ptII/ptolemy/domains/continuous/demo/LevelCrossingDetector/LevelCrossingDetectorDetectingDirections/index.html
4222 ms. Memory: 1903104K Free: 969496K (51%)
####### 45 Wed Jun 13 20:13:18 UTC 2018 $PTII/bin/ptinvoke ptolemy.vergil.basic.export.ExportModel -force htm -run -openComposites -timeOut 30000 -whiteBackground ptolemy/domains/continuous/demo/LevelCrossingDetectorDetectsGlitches/LevelCrossingDetectorDetectsGlitches.xml $PTII/ptolemy/domains/continuous/demo/LevelCrossingDetectorDetectsGlitches/LevelCrossingDetectorDetectsGlitches
Running .LevelCrossingDetectorDetectsGlitches
57 ms. Memory: 1903104K Free: 849523K (45%)
Exported /home/travis/build/icyphy/ptII/ptolemy/domains/continuous/demo/LevelCrossingDetectorDetectsGlitches/LevelCrossingDetectorDetectsGlitches/index.html
4359 ms. Memory: 1903104K Free: 585226K (31%)
####### 46 Wed Jun 13 20:13:22 UTC 2018 $PTII/bin/ptinvoke ptolemy.vergil.basic.export.ExportModel -force htm -run -openComposites -timeOut 30000 -whiteBackground ptolemy/domains/continuous/demo/Lorenz/Lorenz.xml $PTII/ptolemy/domains/continuous/demo/Lorenz/Lorenz
Running .Lorenz
3530 ms. Memory: 1917440K Free: 1431710K (75%)
Exported /home/travis/build/icyphy/ptII/ptolemy/domains/continuous/demo/Lorenz/Lorenz/index.html
7669 ms. Memory: 1917440K Free: 1399190K (73%)
####### 47 Wed Jun 13 20:13:30 UTC 2018 $PTII/bin/ptinvoke ptolemy.vergil.basic.export.ExportModel -force htm -run -openComposites -timeOut 30000 -whiteBackground ptolemy/domains/continuous/demo/Lorenz/LorenzDifferentialSystem.xml $PTII/ptolemy/domains/continuous/demo/Lorenz/LorenzDifferentialSystem
Running .LorenzDifferentialSystem
8307 ms. Memory: 1915392K Free: 1486576K (78%)
Exported /home/travis/build/icyphy/ptII/ptolemy/domains/continuous/demo/Lorenz/LorenzDifferentialSystem/index.html
12459 ms. Memory: 1915392K Free: 1391962K (73%)
####### 48 Wed Jun 13 20:13:42 UTC 2018 $PTII/bin/ptinvoke ptolemy.vergil.basic.export.ExportModel -force htm -run -openComposites -timeOut 30000 -whiteBackground ptolemy/domains/continuous/demo/NewtonsCradle/NewtonsCradle.xml $PTII/ptolemy/domains/continuous/demo/NewtonsCradle/NewtonsCradle
Running .NewtonsCradle
2384 ms. Memory: 1931264K Free: 1645801K (85%)
Exported /home/travis/build/icyphy/ptII/ptolemy/domains/continuous/demo/NewtonsCradle/NewtonsCradle/index.html
7381 ms. Memory: 1931264K Free: 977226K (51%)
####### 49 Wed Jun 13 20:13:49 UTC 2018 $PTII/bin/ptinvoke ptolemy.vergil.basic.export.ExportModel -force htm -run -openComposites -timeOut 30000 -whiteBackground ptolemy/domains/continuous/demo/NewtonsCradle/NewtonsCradleAnimated.xml $PTII/ptolemy/domains/continuous/demo/NewtonsCradle/NewtonsCradleAnimated
Running .NewtonsCradleAnimated
ExportHTMLTimer went off after 30000 ms., calling getDirector().finish and getDirector().stopFire()
30092 ms. Memory: 1928192K Free: 1005597K (52%)
Exported /home/travis/build/icyphy/ptII/ptolemy/domains/continuous/demo/NewtonsCradle/NewtonsCradleAnimated/index.html
36114 ms. Memory: 1937920K Free: 1058340K (55%)
####### 50 Wed Jun 13 20:14:26 UTC 2018 $PTII/bin/ptinvoke ptolemy.vergil.basic.export.ExportModel -force htm -run -openComposites -timeOut 30000 -whiteBackground ptolemy/domains/continuous/demo/NewtonsCradle/NewtonsCradleComplicated.xml $PTII/ptolemy/domains/continuous/demo/NewtonsCradle/NewtonsCradleComplicated
Running .NewtonsCradleComplicated
ExportHTMLTimer went off after 30000 ms., calling getDirector().finish and getDirector().stopFire()
30053 ms. Memory: 1937920K Free: 431723K (22%)
Exported /home/travis/build/icyphy/ptII/ptolemy/domains/continuous/demo/NewtonsCradle/NewtonsCradleComplicated/index.html
34691 ms. Memory: 1935872K Free: 1475499K (76%)
####### 51 Wed Jun 13 20:15:00 UTC 2018 $PTII/bin/ptinvoke ptolemy.vergil.basic.export.ExportModel -force htm -run -openComposites -timeOut 30000 -whiteBackground ptolemy/domains/continuous/demo/NewtonsCradle/NewtonsCradleNondeterministic.xml $PTII/ptolemy/domains/continuous/demo/NewtonsCradle/NewtonsCradleNondeterministic
Running .NewtonsCradleNondeterministic
ExportHTMLTimer went off after 30000 ms., calling getDirector().finish and getDirector().stopFire()
30043 ms. Memory: 1935872K Free: 887808K (46%)
Exported /home/travis/build/icyphy/ptII/ptolemy/domains/continuous/demo/NewtonsCradle/NewtonsCradleNondeterministic/index.html
34749 ms. Memory: 1945600K Free: 1714882K (88%)
####### 52 Wed Jun 13 20:15:35 UTC 2018 $PTII/bin/ptinvoke ptolemy.vergil.basic.export.ExportModel -force htm -run -openComposites -timeOut 30000 -whiteBackground ptolemy/domains/continuous/demo/NewtonsCradle/NewtonsCradlePerfectlyInelastic1.xml $PTII/ptolemy/domains/continuous/demo/NewtonsCradle/NewtonsCradlePerfectlyInelastic1
Running .NewtonsCradlePerfectlyInelastic1
6115 ms. Memory: 1945600K Free: 1182518K (61%)
Exported /home/travis/build/icyphy/ptII/ptolemy/domains/continuous/demo/NewtonsCradle/NewtonsCradlePerfectlyInelastic1/index.html
10798 ms. Memory: 1945600K Free: 765758K (39%)
####### 53 Wed Jun 13 20:15:46 UTC 2018 $PTII/bin/ptinvoke ptolemy.vergil.basic.export.ExportModel -force htm -run -openComposites -timeOut 30000 -whiteBackground ptolemy/domains/continuous/demo/NewtonsCradle/ParameterizedNewtonsCradleAnimated.xml $PTII/ptolemy/domains/continuous/demo/NewtonsCradle/ParameterizedNewtonsCradleAnimated
Running .ParameterizedNewtonsCradleAnimated
8029 ms. Memory: 1931776K Free: 1631084K (84%)
Exported /home/travis/build/icyphy/ptII/ptolemy/domains/continuous/demo/NewtonsCradle/ParameterizedNewtonsCradleAnimated/index.html
12884 ms. Memory: 1931776K Free: 1065706K (55%)
####### 54 Wed Jun 13 20:15:59 UTC 2018 $PTII/bin/ptinvoke ptolemy.vergil.basic.export.ExportModel -force htm -run -openComposites -timeOut 30000 -whiteBackground ptolemy/domains/continuous/demo/NewtonsCradle/ParameterizedNewtonsCradleAnimatedNondeterministic.xml $PTII/ptolemy/domains/continuous/demo/NewtonsCradle/ParameterizedNewtonsCradleAnimatedNondeterministic
Running .ParameterizedNewtonsCradleAnimatedNondeterministic
ExportHTMLTimer went off after 30000 ms., calling getDirector().finish and getDirector().stopFire()
30017 ms. Memory: 1931776K Free: 445715K (23%)
Exported /home/travis/build/icyphy/ptII/ptolemy/domains/continuous/demo/NewtonsCradle/ParameterizedNewtonsCradleAnimatedNondeterministic/index.html
34777 ms. Memory: 1924608K Free: 1433697K (74%)
####### 55 Wed Jun 13 20:16:33 UTC 2018 $PTII/bin/ptinvoke ptolemy.vergil.basic.export.ExportModel -force htm -run -openComposites -timeOut 30000 -whiteBackground ptolemy/domains/continuous/demo/Noise/Noise.xml $PTII/ptolemy/domains/continuous/demo/Noise/Noise
Running .Noise
115 ms. Memory: 1924608K Free: 1251645K (65%)
Exported /home/travis/build/icyphy/ptII/ptolemy/domains/continuous/demo/Noise/Noise/index.html
4361 ms. Memory: 1924608K Free: 1099252K (57%)
####### 56 Wed Jun 13 20:16:38 UTC 2018 $PTII/bin/ptinvoke ptolemy.vergil.basic.export.ExportModel -force htm -run -openComposites -timeOut 30000 -whiteBackground ptolemy/domains/continuous/demo/Noise/NoiseSpectrum.xml $PTII/ptolemy/domains/continuous/demo/Noise/NoiseSpectrum
Running .NoiseSpectrum
572 ms. Memory: 1924608K Free: 830113K (43%)
Exported /home/travis/build/icyphy/ptII/ptolemy/domains/continuous/demo/Noise/NoiseSpectrum/index.html
4919 ms. Memory: 1924608K Free: 678379K (35%)
####### 57 Wed Jun 13 20:16:43 UTC 2018 $PTII/bin/ptinvoke ptolemy.vergil.basic.export.ExportModel -force htm -run -openComposites -timeOut 30000 -whiteBackground ptolemy/domains/continuous/demo/Noise/SinusoidInNoise.xml $PTII/ptolemy/domains/continuous/demo/Noise/SinusoidInNoise
Running .SinusoidInNoise
1129 ms. Memory: 1922048K Free: 1752798K (91%)
Exported /home/travis/build/icyphy/ptII/ptolemy/domains/continuous/demo/Noise/SinusoidInNoise/index.html
5466 ms. Memory: 1922048K Free: 1656763K (86%)
####### 58 Wed Jun 13 20:16:48 UTC 2018 $PTII/bin/ptinvoke ptolemy.vergil.basic.export.ExportModel -force htm -run -openComposites -timeOut 30000 -whiteBackground ptolemy/domains/continuous/demo/Pendulum3D/Pendulum3D.xml $PTII/ptolemy/domains/continuous/demo/Pendulum3D/Pendulum3D
Running .Pendulum3D
ExportHTMLTimer went off after 30000 ms., calling getDirector().finish and getDirector().stopFire()
30023 ms. Memory: 1902080K Free: 1142351K (60%)
Exported /home/travis/build/icyphy/ptII/ptolemy/domains/continuous/demo/Pendulum3D/Pendulum3D/index.html
34512 ms. Memory: 1902080K Free: 802158K (42%)
####### 59 Wed Jun 13 20:17:23 UTC 2018 $PTII/bin/ptinvoke ptolemy.vergil.basic.export.ExportModel -force htm -run -openComposites -timeOut 30000 -whiteBackground ptolemy/domains/continuous/demo/Poisson/IncreasingRatePoisson.xml $PTII/ptolemy/domains/continuous/demo/Poisson/IncreasingRatePoisson
Running .IncreasingRatePoisson
498 ms. Memory: 1902080K Free: 388803K (20%)
Exported /home/travis/build/icyphy/ptII/ptolemy/domains/continuous/demo/Poisson/IncreasingRatePoisson/index.html
4679 ms. Memory: 1894400K Free: 1710711K (90%)
####### 60 Wed Jun 13 20:17:27 UTC 2018 $PTII/bin/ptinvoke ptolemy.vergil.basic.export.ExportModel -force htm -run -openComposites -timeOut 30000 -whiteBackground ptolemy/domains/continuous/demo/Poisson/Poisson.xml $PTII/ptolemy/domains/continuous/demo/Poisson/Poisson
Running .Poisson
358 ms. Memory: 1894400K Free: 1389292K (73%)
Exported /home/travis/build/icyphy/ptII/ptolemy/domains/continuous/demo/Poisson/Poisson/index.html
4541 ms. Memory: 1894400K Free: 1269041K (67%)
####### 61 Wed Jun 13 20:17:32 UTC 2018 $PTII/bin/ptinvoke ptolemy.vergil.basic.export.ExportModel -force htm -run -openComposites -timeOut 30000 -whiteBackground ptolemy/domains/continuous/demo/SampledClocks/SampledClocks.xml $PTII/ptolemy/domains/continuous/demo/SampledClocks/SampledClocks
Running .SampledClocks
20 ms. Memory: 1894400K Free: 1152591K (61%)
Exported /home/travis/build/icyphy/ptII/ptolemy/domains/continuous/demo/SampledClocks/SampledClocks/index.html
4171 ms. Memory: 1894400K Free: 1063652K (56%)
####### 62 Wed Jun 13 20:17:36 UTC 2018 $PTII/bin/ptinvoke ptolemy.vergil.basic.export.ExportModel -force htm -run -openComposites -timeOut 30000 -whiteBackground ptolemy/domains/continuous/demo/Satellite/Satellite.xml $PTII/ptolemy/domains/continuous/demo/Satellite/Satellite
Running .Satellite
674 ms. Memory: 1894400K Free: 744621K (39%)
Exported /home/travis/build/icyphy/ptII/ptolemy/domains/continuous/demo/Satellite/Satellite/index.html
4802 ms. Memory: 1894400K Free: 684646K (36%)
####### 63 Wed Jun 13 20:17:41 UTC 2018 $PTII/bin/ptinvoke ptolemy.vergil.basic.export.ExportModel -force htm -run -openComposites -timeOut 30000 -whiteBackground ptolemy/domains/continuous/demo/SigmaDelta/SigmaDelta.xml $PTII/ptolemy/domains/continuous/demo/SigmaDelta/SigmaDelta
Running .SigmaDelta
27894 ms. Memory: 1845248K Free: 1410860K (76%)
Exported /home/travis/build/icyphy/ptII/ptolemy/domains/continuous/demo/SigmaDelta/SigmaDelta/index.html
32066 ms. Memory: 1845248K Free: 1319175K (71%)
####### 64 Wed Jun 13 20:18:13 UTC 2018 $PTII/bin/ptinvoke ptolemy.vergil.basic.export.ExportModel -force htm -run -openComposites -timeOut 30000 -whiteBackground ptolemy/domains/continuous/demo/SinuBouncingBall/SinuBouncingBall.xml $PTII/ptolemy/domains/continuous/demo/SinuBouncingBall/SinuBouncingBall
Running .SinuBouncingBall
2132 ms. Memory: 1845248K Free: 500979K (27%)
Exported /home/travis/build/icyphy/ptII/ptolemy/domains/continuous/demo/SinuBouncingBall/SinuBouncingBall/index.html
6451 ms. Memory: 1845248K Free: 319643K (17%)
####### 65 Wed Jun 13 20:18:19 UTC 2018 $PTII/bin/ptinvoke ptolemy.vergil.basic.export.ExportModel -force htm -run -openComposites -timeOut 30000 -whiteBackground ptolemy/domains/continuous/demo/Sinusoid/Sinusoid.xml $PTII/ptolemy/domains/continuous/demo/Sinusoid/Sinusoid
Running .Sinusoid
19 ms. Memory: 1871872K Free: 1673244K (89%)
Exported /home/travis/build/icyphy/ptII/ptolemy/domains/continuous/demo/Sinusoid/Sinusoid/index.html
4249 ms. Memory: 1871872K Free: 1612586K (86%)
####### 66 Wed Jun 13 20:18:24 UTC 2018 $PTII/bin/ptinvoke ptolemy.vergil.basic.export.ExportModel -force htm -run -openComposites -timeOut 30000 -whiteBackground ptolemy/domains/continuous/demo/SquareWave/SquareWave.xml $PTII/ptolemy/domains/continuous/demo/SquareWave/SquareWave
Running .SquareWave
252 ms. Memory: 1871872K Free: 1468535K (78%)
Exported /home/travis/build/icyphy/ptII/ptolemy/domains/continuous/demo/SquareWave/SquareWave/index.html
4453 ms. Memory: 1871872K Free: 1380311K (74%)
####### 67 Wed Jun 13 20:18:28 UTC 2018 $PTII/bin/ptinvoke ptolemy.vergil.basic.export.ExportModel -force htm -run -openComposites -timeOut 30000 -whiteBackground ptolemy/domains/continuous/demo/Starmac/Starmac.xml $PTII/ptolemy/domains/continuous/demo/Starmac/Starmac
Running .Starmac
4156 ms. Memory: 1871872K Free: 327506K (17%)
Exported /home/travis/build/icyphy/ptII/ptolemy/domains/continuous/demo/Starmac/Starmac/index.html
16635 ms. Memory: 1870848K Free: 475036K (25%)
####### 68 Wed Jun 13 20:18:45 UTC 2018 $PTII/bin/ptinvoke ptolemy.vergil.basic.export.ExportModel -force htm -run -openComposites -timeOut 30000 -whiteBackground ptolemy/domains/continuous/demo/StickyMasses/StickyMasses.xml $PTII/ptolemy/domains/continuous/demo/StickyMasses/StickyMasses
Running .StickyMasses
12033 ms. Memory: 1865728K Free: 1429970K (77%)
Exported /home/travis/build/icyphy/ptII/ptolemy/domains/continuous/demo/StickyMasses/StickyMasses/index.html
17728 ms. Memory: 1868800K Free: 1516678K (81%)
####### 69 Wed Jun 13 20:19:02 UTC 2018 $PTII/bin/ptinvoke ptolemy.vergil.basic.export.ExportModel -force htm -run -openComposites -timeOut 30000 -whiteBackground ptolemy/domains/continuous/demo/Switch/Switch.xml $PTII/ptolemy/domains/continuous/demo/Switch/Switch
Running .Switch
64 ms. Memory: 1868800K Free: 1373271K (73%)
Exported /home/travis/build/icyphy/ptII/ptolemy/domains/continuous/demo/Switch/Switch/index.html
4311 ms. Memory: 1868800K Free: 1259765K (67%)
####### 70 Wed Jun 13 20:19:07 UTC 2018 $PTII/bin/ptinvoke ptolemy.vergil.basic.export.ExportModel -force htm -run -openComposites -timeOut 30000 -whiteBackground ptolemy/domains/continuous/demo/Thermostat/Thermostat.xml $PTII/ptolemy/domains/continuous/demo/Thermostat/Thermostat
Running .Thermostat
137 ms. Memory: 1868800K Free: 1094491K (59%)
Exported /home/travis/build/icyphy/ptII/ptolemy/domains/continuous/demo/Thermostat/Thermostat/index.html
4344 ms. Memory: 1868800K Free: 954497K (51%)
####### 71 Wed Jun 13 20:19:11 UTC 2018 $PTII/bin/ptinvoke ptolemy.vergil.basic.export.ExportModel -force htm -run -openComposites -timeOut 30000 -whiteBackground ptolemy/domains/continuous/demo/Transmission/EfficiencyCurve.xml $PTII/ptolemy/domains/continuous/demo/Transmission/EfficiencyCurve
Running .EfficiencyCurve
31 ms. Memory: 1868800K Free: 841308K (45%)
Exported /home/travis/build/icyphy/ptII/ptolemy/domains/continuous/demo/Transmission/EfficiencyCurve/index.html
4151 ms. Memory: 1868800K Free: 811084K (43%)
####### 72 Wed Jun 13 20:19:15 UTC 2018 $PTII/bin/ptinvoke ptolemy.vergil.basic.export.ExportModel -force htm -run -openComposites -timeOut 30000 -whiteBackground ptolemy/domains/continuous/demo/Transmission/Transmission.xml $PTII/ptolemy/domains/continuous/demo/Transmission/Transmission
Running .Transmission
546 ms. Memory: 1868800K Free: 453856K (24%)
Exported /home/travis/build/icyphy/ptII/ptolemy/domains/continuous/demo/Transmission/Transmission/index.html
4738 ms. Memory: 1868800K Free: 341293K (18%)
####### 73 Wed Jun 13 20:19:20 UTC 2018 $PTII/bin/ptinvoke ptolemy.vergil.basic.export.ExportModel -force htm -run -openComposites -timeOut 30000 -whiteBackground ptolemy/domains/continuous/demo/TwoMachineInfiniteBusControl/TwoMachineInfiniteBusControl.xml $PTII/ptolemy/domains/continuous/demo/TwoMachineInfiniteBusControl/TwoMachineInfiniteBusControl
Running .TwoMachineInfiniteBusControl
2114 ms. Memory: 1865728K Free: 838792K (45%)
Exported /home/travis/build/icyphy/ptII/ptolemy/domains/continuous/demo/TwoMachineInfiniteBusControl/TwoMachineInfiniteBusControl/index.html
6711 ms. Memory: 1865728K Free: 393021K (21%)
####### 74 Wed Jun 13 20:19:27 UTC 2018 $PTII/bin/ptinvoke ptolemy.vergil.basic.export.ExportModel -force htm -run -openComposites -timeOut 30000 -whiteBackground ptolemy/domains/continuous/demo/V2V/V2V.xml $PTII/ptolemy/domains/continuous/demo/V2V/V2V
Running .V2V
685 ms. Memory: 1869312K Free: 1438056K (77%)
Exported /home/travis/build/icyphy/ptII/ptolemy/domains/continuous/demo/V2V/V2V/index.html
5178 ms. Memory: 1869312K Free: 1156428K (62%)
####### 75 Wed Jun 13 20:19:32 UTC 2018 $PTII/bin/ptinvoke ptolemy.vergil.basic.export.ExportModel -force htm -run -openComposites -timeOut 30000 -whiteBackground ptolemy/domains/csp/demo/Barrier/Barrier.xml $PTII/ptolemy/domains/csp/demo/Barrier/Barrier
Running .Barrier
ExportHTMLTimer went off after 30000 ms., calling getDirector().finish and getDirector().stopFire()
31064 ms. Memory: 2026496K Free: 154055K (8%)
Exported /home/travis/build/icyphy/ptII/ptolemy/domains/csp/demo/Barrier/Barrier/index.html
35669 ms. Memory: 2026496K Free: 1671620K (82%)
####### 76 Wed Jun 13 20:20:08 UTC 2018 $PTII/bin/ptinvoke ptolemy.vergil.basic.export.ExportModel -force htm -run -openComposites -timeOut 30000 -whiteBackground ptolemy/domains/csp/demo/ResourcePool/ResourcePool.xml $PTII/ptolemy/domains/csp/demo/ResourcePool/ResourcePool
Running .ResourcePool
ExportHTMLTimer went off after 30000 ms., calling getDirector().finish and getDirector().stopFire()
30131 ms. Memory: 2012672K Free: 995243K (49%)
Exported /home/travis/build/icyphy/ptII/ptolemy/domains/csp/demo/ResourcePool/ResourcePool/index.html
34254 ms. Memory: 2012672K Free: 965384K (48%)
####### 77 Wed Jun 13 20:20:42 UTC 2018 $PTII/bin/ptinvoke ptolemy.vergil.basic.export.ExportModel -force htm -run -openComposites -timeOut 30000 -whiteBackground ptolemy/domains/csp/demo/WriteRegulator/WriteRegulator.xml $PTII/ptolemy/domains/csp/demo/WriteRegulator/WriteRegulator
Running .WriteRegulator
ExportHTMLTimer went off after 30000 ms., calling getDirector().finish and getDirector().stopFire()
30349 ms. Memory: 2012672K Free: 712251K (35%)
Exported /home/travis/build/icyphy/ptII/ptolemy/domains/csp/demo/WriteRegulator/WriteRegulator/index.html
34458 ms. Memory: 2012672K Free: 679657K (34%)
####### 78 Wed Jun 13 20:21:16 UTC 2018 $PTII/bin/ptinvoke ptolemy.vergil.basic.export.ExportModel -force htm -run -openComposites -timeOut 30000 -whiteBackground ptolemy/domains/curriculum/demo/Curriculum/Curriculum.xml $PTII/ptolemy/domains/curriculum/demo/Curriculum/Curriculum
Model ".Curriculum" contains actors such cannot be run  as part of the export process from ExportModel or it has a WebExportParameters value that runBeforeExport set to false. To export run this model and export it, use vergil.
Exported /home/travis/build/icyphy/ptII/ptolemy/domains/curriculum/demo/Curriculum/Curriculum/index.html
3466 ms. Memory: 2012672K Free: 208538K (10%)
####### 79 Wed Jun 13 20:21:20 UTC 2018 $PTII/bin/ptinvoke ptolemy.vergil.basic.export.ExportModel -force htm -run -openComposites -timeOut 30000 -whiteBackground ptolemy/domains/dde/demo/LocalZeno/LocalZeno.xml $PTII/ptolemy/domains/dde/demo/LocalZeno/LocalZeno
Running .LocalZeno
ExportHTMLTimer went off after 30000 ms., calling getDirector().finish and getDirector().stopFire()
30079 ms. Memory: 2012160K Free: 1697523K (84%)
Exported /home/travis/build/icyphy/ptII/ptolemy/domains/dde/demo/LocalZeno/LocalZeno/index.html
34213 ms. Memory: 2012160K Free: 1627692K (81%)
####### 80 Wed Jun 13 20:21:54 UTC 2018 $PTII/bin/ptinvoke ptolemy.vergil.basic.export.ExportModel -force htm -run -openComposites -timeOut 30000 -whiteBackground ptolemy/domains/ddf/demo/Eratosthenes/Eratosthenes.xml $PTII/ptolemy/domains/ddf/demo/Eratosthenes/Eratosthenes
Running .Eratosthenes
429 ms. Memory: 2012160K Free: 1191720K (59%)
Exported /home/travis/build/icyphy/ptII/ptolemy/domains/ddf/demo/Eratosthenes/Eratosthenes/index.html
8613 ms. Memory: 2013184K Free: 1482473K (74%)
####### 81 Wed Jun 13 20:22:03 UTC 2018 $PTII/bin/ptinvoke ptolemy.vergil.basic.export.ExportModel -force htm -run -openComposites -timeOut 30000 -whiteBackground ptolemy/domains/ddf/demo/Factorial/Factorial.xml $PTII/ptolemy/domains/ddf/demo/Factorial/Factorial
Running .Factorial
77 ms. Memory: 2013184K Free: 1348275K (67%)
Exported /home/travis/build/icyphy/ptII/ptolemy/domains/ddf/demo/Factorial/Factorial/index.html
5815 ms. Memory: 2013184K Free: 584546K (29%)
####### 82 Wed Jun 13 20:22:08 UTC 2018 $PTII/bin/ptinvoke ptolemy.vergil.basic.export.ExportModel -force htm -run -openComposites -timeOut 30000 -whiteBackground ptolemy/domains/ddf/demo/HanoiTower/HanoiTower.xml $PTII/ptolemy/domains/ddf/demo/HanoiTower/HanoiTower
Running .HanoiTower
ExportHTMLTimer went off after 30000 ms., calling getDirector().finish and getDirector().stopFire()
30004 ms. Memory: 1985536K Free: 473674K (24%)
Exported /home/travis/build/icyphy/ptII/ptolemy/domains/ddf/demo/HanoiTower/HanoiTower/index.html
65598 ms. Memory: 2203136K Free: 1078904K (49%)
####### 83 Wed Jun 13 20:23:14 UTC 2018 $PTII/bin/ptinvoke ptolemy.vergil.basic.export.ExportModel -force htm -run -openComposites -timeOut 30000 -whiteBackground ptolemy/domains/ddf/demo/IfThenElse/IfThenElse.xml $PTII/ptolemy/domains/ddf/demo/IfThenElse/IfThenElse
Running .IfThenElse
14 ms. Memory: 2203136K Free: 948498K (43%)
Exported /home/travis/build/icyphy/ptII/ptolemy/domains/ddf/demo/IfThenElse/IfThenElse/index.html
4215 ms. Memory: 2203136K Free: 878625K (40%)
####### 84 Wed Jun 13 20:23:18 UTC 2018 $PTII/bin/ptinvoke ptolemy.vergil.basic.export.ExportModel -force htm -run -openComposites -timeOut 30000 -whiteBackground ptolemy/domains/ddf/demo/IfThenElse/IfThenElseFSM.xml $PTII/ptolemy/domains/ddf/demo/IfThenElse/IfThenElseFSM
Running .IfThenElseFSM
56 ms. Memory: 2203136K Free: 718349K (33%)
Exported /home/travis/build/icyphy/ptII/ptolemy/domains/ddf/demo/IfThenElse/IfThenElseFSM/index.html
4312 ms. Memory: 2203136K Free: 558412K (25%)
####### 85 Wed Jun 13 20:23:23 UTC 2018 $PTII/bin/ptinvoke ptolemy.vergil.basic.export.ExportModel -force htm -run -openComposites -timeOut 30000 -whiteBackground ptolemy/domains/ddf/demo/Loop/Loop.xml $PTII/ptolemy/domains/ddf/demo/Loop/Loop
Running .Loop
24 ms. Memory: 2203136K Free: 467962K (21%)
Exported /home/travis/build/icyphy/ptII/ptolemy/domains/ddf/demo/Loop/Loop/index.html
4150 ms. Memory: 2203136K Free: 398108K (18%)
####### 86 Wed Jun 13 20:23:27 UTC 2018 $PTII/bin/ptinvoke ptolemy.vergil.basic.export.ExportModel -force htm -run -openComposites -timeOut 30000 -whiteBackground ptolemy/domains/ddf/demo/OrderedMerge/OrderedMerge.xml $PTII/ptolemy/domains/ddf/demo/OrderedMerge/OrderedMerge
Running .OrderedMerge
12 ms. Memory: 2195456K Free: 1774550K (81%)
Exported /home/travis/build/icyphy/ptII/ptolemy/domains/ddf/demo/OrderedMerge/OrderedMerge/index.html
4158 ms. Memory: 2195456K Free: 1738870K (79%)
####### 87 Wed Jun 13 20:23:31 UTC 2018 $PTII/bin/ptinvoke ptolemy.vergil.basic.export.ExportModel -force htm -run -openComposites -timeOut 30000 -whiteBackground ptolemy/domains/ddf/demo/RandomWalk/RandomWalk.xml $PTII/ptolemy/domains/ddf/demo/RandomWalk/RandomWalk
Running .RandomWalk
46 ms. Memory: 2195456K Free: 1619621K (74%)
Exported /home/travis/build/icyphy/ptII/ptolemy/domains/ddf/demo/RandomWalk/RandomWalk/index.html
4228 ms. Memory: 2195456K Free: 1495022K (68%)
####### 88 Wed Jun 13 20:23:35 UTC 2018 $PTII/bin/ptinvoke ptolemy.vergil.basic.export.ExportModel -force htm  -openComposites -timeOut 30000 -whiteBackground ptolemy/domains/ddf/demo/RijndaelEncryption/RijndaelEncryption.xml $PTII/ptolemy/domains/ddf/demo/RijndaelEncryption/RijndaelEncryption
Warning: not running ptolemy/domains/ddf/demo/RijndaelEncryption/RijndaelEncryption.xml. See ptolemy/vergil/basic/export/test/junit/ExportModelJUnitTest.java
Exported /home/travis/build/icyphy/ptII/ptolemy/domains/ddf/demo/RijndaelEncryption/RijndaelEncryption/index.html
4339 ms. Memory: 2195456K Free: 391411K (18%)
####### 89 Wed Jun 13 20:23:39 UTC 2018 $PTII/bin/ptinvoke ptolemy.vergil.basic.export.ExportModel -force htm -run -openComposites -timeOut 30000 -whiteBackground ptolemy/domains/de/demo/AFDX/AFDX.xml $PTII/ptolemy/domains/de/demo/AFDX/AFDX
Running .AFDX
55 ms. Memory: 2200064K Free: 1746550K (79%)
[...]
Exported /home/travis/build/icyphy/ptII/ptolemy/domains/gr/demo/Pendulum/Pendulum/index.html
64201 ms. Memory: 2265088K Free: 840268K (37%)
####### 119 Wed Jun 13 20:30:57 UTC 2018 $PTII/bin/ptinvoke ptolemy.vergil.basic.export.ExportModel -force htm -run -openComposites -timeOut 30000 -whiteBackground ptolemy/domains/gr/demo/Pong/Pong.xml $PTII/ptolemy/domains/gr/demo/Pong/Pong
Running .Pong
4764 ms. Memory: 2265088K Free: 552332K (24%)
Exported /home/travis/build/icyphy/ptII/ptolemy/domains/gr/demo/Pong/Pong/index.html
9366 ms. Memory: 2264064K Free: 1702905K (75%)
####### 120 Wed Jun 13 20:31:06 UTC 2018 $PTII/bin/ptinvoke ptolemy.vergil.basic.export.ExportModel -force htm -run -openComposites -timeOut 30000 -whiteBackground ptolemy/domains/gr/demo/SolarSystem/SolarSystem.xml $PTII/ptolemy/domains/gr/demo/SolarSystem/SolarSystem
Running .SolarSystem
ExportHTMLTimer went off after 30000 ms., calling getDirector().finish and getDirector().stopFire()
ExportHTMLTimer went off after 60000 ms., calling manager.stop().
60001 ms. Memory: 2264064K Free: 269778K (12%)
Exported /home/travis/build/icyphy/ptII/ptolemy/domains/gr/demo/SolarSystem/SolarSystem/index.html
64504 ms. Memory: 2248704K Free: 1770632K (79%)
####### 121 Wed Jun 13 20:32:11 UTC 2018 $PTII/bin/ptinvoke ptolemy.vergil.basic.export.ExportModel -force htm -run -openComposites -timeOut 30000 -whiteBackground ptolemy/domains/gr/demo/StickyMasses/StickyMasses.xml $PTII/ptolemy/domains/gr/demo/StickyMasses/StickyMasses
Running .StickyMasses
17265 ms. Memory: 2248704K Free: 1186827K (53%)
Exported /home/travis/build/icyphy/ptII/ptolemy/domains/gr/demo/StickyMasses/StickyMasses/index.html
22116 ms. Memory: 2248704K Free: 465903K (21%)
####### 122 Wed Jun 13 20:32:33 UTC 2018 $PTII/bin/ptinvoke ptolemy.vergil.basic.export.ExportModel -force htm -run -openComposites -timeOut 30000 -whiteBackground ptolemy/domains/gr/demo/Universe/Universe.xml $PTII/ptolemy/domains/gr/demo/Universe/Universe
Running .Universe
ExportHTMLTimer went off after 30000 ms., calling getDirector().finish and getDirector().stopFire()
ExportHTMLTimer went off after 60000 ms., calling manager.stop().
60057 ms. Memory: 2248704K Free: 363078K (16%)
Exported /home/travis/build/icyphy/ptII/ptolemy/domains/gr/demo/Universe/Universe/index.html
64193 ms. Memory: 2248704K Free: 314680K (14%)
####### 123 Wed Jun 13 20:33:37 UTC 2018 $PTII/bin/ptinvoke ptolemy.vergil.basic.export.ExportModel -force htm -run -openComposites -timeOut 30000 -whiteBackground ptolemy/domains/hdf/demo/AdaptiveCoding/AdaptiveCoding.xml $PTII/ptolemy/domains/hdf/demo/AdaptiveCoding/AdaptiveCoding
Running .AdaptiveCoding
608 ms. Memory: 2256384K Free: 1238251K (55%)
Exported /home/travis/build/icyphy/ptII/ptolemy/domains/hdf/demo/AdaptiveCoding/AdaptiveCoding/index.html
4984 ms. Memory: 2256384K Free: 926506K (41%)
####### 124 Wed Jun 13 20:33:42 UTC 2018 $PTII/bin/ptinvoke ptolemy.vergil.basic.export.ExportModel -force htm -run -openComposites -timeOut 30000 -whiteBackground ptolemy/domains/hdf/demo/Fibonacci/Fibonacci.xml $PTII/ptolemy/domains/hdf/demo/Fibonacci/Fibonacci
Running .Fibonacci
311 ms. Memory: 2256384K Free: 554881K (25%)
Exported /home/travis/build/icyphy/ptII/ptolemy/domains/hdf/demo/Fibonacci/Fibonacci/index.html
4509 ms. Memory: 2256384K Free: 460555K (20%)
####### 125 Wed Jun 13 20:33:47 UTC 2018 $PTII/bin/ptinvoke ptolemy.vergil.basic.export.ExportModel -force htm -run -openComposites -timeOut 30000 -whiteBackground ptolemy/domains/hdf/demo/Hysteresis/Hysteresis.xml $PTII/ptolemy/domains/hdf/demo/Hysteresis/Hysteresis
Running .Hysteresis
41 ms. Memory: 2256384K Free: 305395K (14%)
Exported /home/travis/build/icyphy/ptII/ptolemy/domains/hdf/demo/Hysteresis/Hysteresis/index.html
4282 ms. Memory: 2195968K Free: 1672479K (76%)
####### 126 Wed Jun 13 20:33:51 UTC 2018 $PTII/bin/ptinvoke ptolemy.vergil.basic.export.ExportModel -force htm -run -openComposites -timeOut 30000 -whiteBackground ptolemy/domains/hdf/demo/Merge/Merge.xml $PTII/ptolemy/domains/hdf/demo/Merge/Merge
Running .Merge
90 ms. Memory: 2195968K Free: 1429246K (65%)
Exported /home/travis/build/icyphy/ptII/ptolemy/domains/hdf/demo/Merge/Merge/index.html
4353 ms. Memory: 2195968K Free: 1275257K (58%)
####### 127 Wed Jun 13 20:33:55 UTC 2018 $PTII/bin/ptinvoke ptolemy.vergil.basic.export.ExportModel -force htm -run -openComposites -timeOut 30000 -whiteBackground ptolemy/domains/modal/demo/ABP/ABP.xml $PTII/ptolemy/domains/modal/demo/ABP/ABP
Running .ABP
99 ms. Memory: 2195968K Free: 971205K (44%)
Exported /home/travis/build/icyphy/ptII/ptolemy/domains/modal/demo/ABP/ABP/index.html
4527 ms. Memory: 2195968K Free: 726906K (33%)
####### 128 Wed Jun 13 20:34:00 UTC 2018 $PTII/bin/ptinvoke ptolemy.vergil.basic.export.ExportModel -force htm -run -openComposites -timeOut 30000 -whiteBackground ptolemy/domains/modal/demo/Blending/Blending.xml $PTII/ptolemy/domains/modal/demo/Blending/Blending
Running .Blending
182 ms. Memory: 2195968K Free: 454984K (21%)
Exported /home/travis/build/icyphy/ptII/ptolemy/domains/modal/demo/Blending/Blending/index.html
4482 ms. Memory: 2195968K Free: 181730K (8%)
####### 129 Wed Jun 13 20:34:04 UTC 2018 $PTII/bin/ptinvoke ptolemy.vergil.basic.export.ExportModel -force htm -run -openComposites -timeOut 30000 -whiteBackground ptolemy/domains/modal/demo/Case/Case.xml $PTII/ptolemy/domains/modal/demo/Case/Case
Running .Case
34 ms. Memory: 2205184K Free: 1610501K (73%)
Exported /home/travis/build/icyphy/ptII/ptolemy/domains/modal/demo/Case/Case/index.html
4370 ms. Memory: 2205184K Free: 1456318K (66%)
####### 130 Wed Jun 13 20:34:09 UTC 2018 $PTII/bin/ptinvoke ptolemy.vergil.basic.export.ExportModel -force htm -run -openComposites -timeOut 30000 -whiteBackground ptolemy/domains/modal/demo/ChainedTransitions/ChainedTransitions.xml $PTII/ptolemy/domains/modal/demo/ChainedTransitions/ChainedTransitions
Running .ChainedTransitions
27 ms. Memory: 2205184K Free: 1303787K (59%)
Exported /home/travis/build/icyphy/ptII/ptolemy/domains/modal/demo/ChainedTransitions/ChainedTransitions/index.html
4239 ms. Memory: 2205184K Free: 1147290K (52%)
####### 131 Wed Jun 13 20:34:13 UTC 2018 $PTII/bin/ptinvoke ptolemy.vergil.basic.export.ExportModel -force htm -run -openComposites -timeOut 30000 -whiteBackground ptolemy/domains/modal/demo/ModalBSC/ModalBSC.xml $PTII/ptolemy/domains/modal/demo/ModalBSC/ModalBSC
Running .ModalBSC
44 ms. Memory: 2205184K Free: 994370K (45%)
Exported /home/travis/build/icyphy/ptII/ptolemy/domains/modal/demo/ModalBSC/ModalBSC/index.html
4295 ms. Memory: 2205184K Free: 840144K (38%)
####### 132 Wed Jun 13 20:34:17 UTC 2018 $PTII/bin/ptinvoke ptolemy.vergil.basic.export.ExportModel -force htm -run -openComposites -timeOut 30000 -whiteBackground ptolemy/domains/modal/demo/MultipleRuns/MultipleRuns.xml $PTII/ptolemy/domains/modal/demo/MultipleRuns/MultipleRuns
Running .MultipleRuns
420 ms. Memory: 2205184K Free: 654948K (30%)
Exported /home/travis/build/icyphy/ptII/ptolemy/domains/modal/demo/MultipleRuns/MultipleRuns/index.html
4619 ms. Memory: 2205184K Free: 531105K (24%)
####### 133 Wed Jun 13 20:34:22 UTC 2018 $PTII/bin/ptinvoke ptolemy.vergil.basic.export.ExportModel -force htm -run -openComposites -timeOut 30000 -whiteBackground ptolemy/domains/modal/demo/PersistentIO/PersistentIO.xml $PTII/ptolemy/domains/modal/demo/PersistentIO/PersistentIO
Running .PersistentIO
42 ms. Memory: 2205184K Free: 406077K (18%)
Exported /home/travis/build/icyphy/ptII/ptolemy/domains/modal/demo/PersistentIO/PersistentIO/index.html
4257 ms. Memory: 2205184K Free: 312601K (14%)
####### 134 Wed Jun 13 20:34:26 UTC 2018 $PTII/bin/ptinvoke ptolemy.vergil.basic.export.ExportModel -force htm -run -openComposites -timeOut 30000 -whiteBackground ptolemy/domains/modal/demo/StateTracker/StateTracker.xml $PTII/ptolemy/domains/modal/demo/StateTracker/StateTracker
Running .StateTracker
16 ms. Memory: 2205184K Free: 190466K (9%)
Exported /home/travis/build/icyphy/ptII/ptolemy/domains/modal/demo/StateTracker/StateTracker/index.html
4304 ms. Memory: 2209792K Free: 1558380K (71%)
####### 135 Wed Jun 13 20:34:30 UTC 2018 $PTII/bin/ptinvoke ptolemy.vergil.basic.export.ExportModel -force htm  -openComposites -timeOut 30000 -whiteBackground ptolemy/domains/modal/demo/SystemLevelType/CSPDomain.xml $PTII/ptolemy/domains/modal/demo/SystemLevelType/CSPDomain
Warning: not running ptolemy/domains/modal/demo/SystemLevelType/CSPDomain.xml. See ptolemy/vergil/basic/export/test/junit/ExportModelJUnitTest.java
Exported /home/travis/build/icyphy/ptII/ptolemy/domains/modal/demo/SystemLevelType/CSPDomain/index.html
3135 ms. Memory: 2209792K Free: 1433493K (65%)
####### 136 Wed Jun 13 20:34:34 UTC 2018 $PTII/bin/ptinvoke ptolemy.vergil.basic.export.ExportModel -force htm  -openComposites -timeOut 30000 -whiteBackground ptolemy/domains/modal/demo/SystemLevelType/CSPDomain_PolyActor.xml $PTII/ptolemy/domains/modal/demo/SystemLevelType/CSPDomain_PolyActor
Warning: not running ptolemy/domains/modal/demo/SystemLevelType/CSPDomain_PolyActor.xml. See ptolemy/vergil/basic/export/test/junit/ExportModelJUnitTest.java
Exported /home/travis/build/icyphy/ptII/ptolemy/domains/modal/demo/SystemLevelType/CSPDomain_PolyActor/index.html
3139 ms. Memory: 2209792K Free: 1309733K (59%)
####### 137 Wed Jun 13 20:34:37 UTC 2018 $PTII/bin/ptinvoke ptolemy.vergil.basic.export.ExportModel -force htm  -openComposites -timeOut 30000 -whiteBackground ptolemy/domains/modal/demo/SystemLevelType/CSPDomain_SDFActor.xml $PTII/ptolemy/domains/modal/demo/SystemLevelType/CSPDomain_SDFActor
Warning: not running ptolemy/domains/modal/demo/SystemLevelType/CSPDomain_SDFActor.xml. See ptolemy/vergil/basic/export/test/junit/ExportModelJUnitTest.java
Exported /home/travis/build/icyphy/ptII/ptolemy/domains/modal/demo/SystemLevelType/CSPDomain_SDFActor/index.html
3137 ms. Memory: 2209792K Free: 1186040K (54%)
####### 138 Wed Jun 13 20:34:40 UTC 2018 $PTII/bin/ptinvoke ptolemy.vergil.basic.export.ExportModel -force htm  -openComposites -timeOut 30000 -whiteBackground ptolemy/domains/modal/demo/SystemLevelType/DEDomain.xml $PTII/ptolemy/domains/modal/demo/SystemLevelType/DEDomain
Warning: not running ptolemy/domains/modal/demo/SystemLevelType/DEDomain.xml. See ptolemy/vergil/basic/export/test/junit/ExportModelJUnitTest.java
Exported /home/travis/build/icyphy/ptII/ptolemy/domains/modal/demo/SystemLevelType/DEDomain/index.html
3154 ms. Memory: 2209792K Free: 1062288K (48%)
####### 139 Wed Jun 13 20:34:43 UTC 2018 $PTII/bin/ptinvoke ptolemy.vergil.basic.export.ExportModel -force htm  -openComposites -timeOut 30000 -whiteBackground ptolemy/domains/modal/demo/SystemLevelType/DEDomain_PolyActor.xml $PTII/ptolemy/domains/modal/demo/SystemLevelType/DEDomain_PolyActor
Warning: not running ptolemy/domains/modal/demo/SystemLevelType/DEDomain_PolyActor.xml. See ptolemy/vergil/basic/export/test/junit/ExportModelJUnitTest.java
Exported /home/travis/build/icyphy/ptII/ptolemy/domains/modal/demo/SystemLevelType/DEDomain_PolyActor/index.html
3127 ms. Memory: 2209792K Free: 908881K (41%)
####### 140 Wed Jun 13 20:34:46 UTC 2018 $PTII/bin/ptinvoke ptolemy.vergil.basic.export.ExportModel -force htm  -openComposites -timeOut 30000 -whiteBackground ptolemy/domains/modal/demo/SystemLevelType/DEDomain_SDFActor.xml $PTII/ptolemy/domains/modal/demo/SystemLevelType/DEDomain_SDFActor
Warning: not running ptolemy/domains/modal/demo/SystemLevelType/DEDomain_SDFActor.xml. See ptolemy/vergil/basic/export/test/junit/ExportModelJUnitTest.java
Exported /home/travis/build/icyphy/ptII/ptolemy/domains/modal/demo/SystemLevelType/DEDomain_SDFActor/index.html
3117 ms. Memory: 2209792K Free: 781217K (35%)
####### 141 Wed Jun 13 20:34:49 UTC 2018 $PTII/bin/ptinvoke ptolemy.vergil.basic.export.ExportModel -force htm  -openComposites -timeOut 30000 -whiteBackground ptolemy/domains/modal/demo/SystemLevelType/DP.xml $PTII/ptolemy/domains/modal/demo/SystemLevelType/DP
Warning: not running ptolemy/domains/modal/demo/SystemLevelType/DP.xml. See ptolemy/vergil/basic/export/test/junit/ExportModelJUnitTest.java
Exported /home/travis/build/icyphy/ptII/ptolemy/domains/modal/demo/SystemLevelType/DP/index.html
3108 ms. Memory: 2209792K Free: 685958K (31%)
####### 142 Wed Jun 13 20:34:52 UTC 2018 $PTII/bin/ptinvoke ptolemy.vergil.basic.export.ExportModel -force htm  -openComposites -timeOut 30000 -whiteBackground ptolemy/domains/modal/demo/SystemLevelType/DummyDirector1.xml $PTII/ptolemy/domains/modal/demo/SystemLevelType/DummyDirector1
Warning: not running ptolemy/domains/modal/demo/SystemLevelType/DummyDirector1.xml. See ptolemy/vergil/basic/export/test/junit/ExportModelJUnitTest.java
Exported /home/travis/build/icyphy/ptII/ptolemy/domains/modal/demo/SystemLevelType/DummyDirector1/index.html
3109 ms. Memory: 2209792K Free: 562497K (25%)
####### 143 Wed Jun 13 20:34:55 UTC 2018 $PTII/bin/ptinvoke ptolemy.vergil.basic.export.ExportModel -force htm  -openComposites -timeOut 30000 -whiteBackground ptolemy/domains/modal/demo/SystemLevelType/DummyDirector1_SDFActor.xml $PTII/ptolemy/domains/modal/demo/SystemLevelType/DummyDirector1_SDFActor
Warning: not running ptolemy/domains/modal/demo/SystemLevelType/DummyDirector1_SDFActor.xml. See ptolemy/vergil/basic/export/test/junit/ExportModelJUnitTest.java
Exported /home/travis/build/icyphy/ptII/ptolemy/domains/modal/demo/SystemLevelType/DummyDirector1_SDFActor/index.html
3111 ms. Memory: 2209792K Free: 436254K (20%)
####### 144 Wed Jun 13 20:34:59 UTC 2018 $PTII/bin/ptinvoke ptolemy.vergil.basic.export.ExportModel -force htm  -openComposites -timeOut 30000 -whiteBackground ptolemy/domains/modal/demo/SystemLevelType/DummyDirector2.xml $PTII/ptolemy/domains/modal/demo/SystemLevelType/DummyDirector2
Warning: not running ptolemy/domains/modal/demo/SystemLevelType/DummyDirector2.xml. See ptolemy/vergil/basic/export/test/junit/ExportModelJUnitTest.java
Exported /home/travis/build/icyphy/ptII/ptolemy/domains/modal/demo/SystemLevelType/DummyDirector2/index.html
3107 ms. Memory: 2209792K Free: 342794K (16%)
####### 145 Wed Jun 13 20:35:02 UTC 2018 $PTII/bin/ptinvoke ptolemy.vergil.basic.export.ExportModel -force htm  -openComposites -timeOut 30000 -whiteBackground ptolemy/domains/modal/demo/SystemLevelType/DummyDirector2_SDFActor.xml $PTII/ptolemy/domains/modal/demo/SystemLevelType/DummyDirector2_SDFActor
Warning: not running ptolemy/domains/modal/demo/SystemLevelType/DummyDirector2_SDFActor.xml. See ptolemy/vergil/basic/export/test/junit/ExportModelJUnitTest.java
Exported /home/travis/build/icyphy/ptII/ptolemy/domains/modal/demo/SystemLevelType/DummyDirector2_SDFActor/index.html
3123 ms. Memory: 2209792K Free: 218180K (10%)
####### 146 Wed Jun 13 20:35:05 UTC 2018 $PTII/bin/ptinvoke ptolemy.vergil.basic.export.ExportModel -force htm  -openComposites -timeOut 30000 -whiteBackground ptolemy/domains/modal/demo/SystemLevelType/InterruptableWaitingThreadA.xml $PTII/ptolemy/domains/modal/demo/SystemLevelType/InterruptableWaitingThreadA
Warning: not running ptolemy/domains/modal/demo/SystemLevelType/InterruptableWaitingThreadA.xml. See ptolemy/vergil/basic/export/test/junit/ExportModelJUnitTest.java
Exported /home/travis/build/icyphy/ptII/ptolemy/domains/modal/demo/SystemLevelType/InterruptableWaitingThreadA/index.html
3191 ms. Memory: 2177536K Free: 1585603K (73%)
####### 147 Wed Jun 13 20:35:08 UTC 2018 $PTII/bin/ptinvoke ptolemy.vergil.basic.export.ExportModel -force htm  -openComposites -timeOut 30000 -whiteBackground ptolemy/domains/modal/demo/SystemLevelType/Interrupter.xml $PTII/ptolemy/domains/modal/demo/SystemLevelType/Interrupter
Warning: not running ptolemy/domains/modal/demo/SystemLevelType/Interrupter.xml. See ptolemy/vergil/basic/export/test/junit/ExportModelJUnitTest.java
Exported /home/travis/build/icyphy/ptII/ptolemy/domains/modal/demo/SystemLevelType/Interrupter/index.html
3121 ms. Memory: 2177536K Free: 1432725K (66%)
####### 148 Wed Jun 13 20:35:11 UTC 2018 $PTII/bin/ptinvoke ptolemy.vergil.basic.export.ExportModel -force htm  -openComposites -timeOut 30000 -whiteBackground ptolemy/domains/modal/demo/SystemLevelType/Monitor.xml $PTII/ptolemy/domains/modal/demo/SystemLevelType/Monitor
Warning: not running ptolemy/domains/modal/demo/SystemLevelType/Monitor.xml. See ptolemy/vergil/basic/export/test/junit/ExportModelJUnitTest.java
Exported /home/travis/build/icyphy/ptII/ptolemy/domains/modal/demo/SystemLevelType/Monitor/index.html
3133 ms. Memory: 2177536K Free: 1309647K (60%)
####### 149 Wed Jun 13 20:35:14 UTC 2018 $PTII/bin/ptinvoke ptolemy.vergil.basic.export.ExportModel -force htm  -openComposites -timeOut 30000 -whiteBackground ptolemy/domains/modal/demo/SystemLevelType/PNDomain.xml $PTII/ptolemy/domains/modal/demo/SystemLevelType/PNDomain
Warning: not running ptolemy/domains/modal/demo/SystemLevelType/PNDomain.xml. See ptolemy/vergil/basic/export/test/junit/ExportModelJUnitTest.java
Exported /home/travis/build/icyphy/ptII/ptolemy/domains/modal/demo/SystemLevelType/PNDomain/index.html
3130 ms. Memory: 2177536K Free: 1186474K (54%)
####### 150 Wed Jun 13 20:35:17 UTC 2018 $PTII/bin/ptinvoke ptolemy.vergil.basic.export.ExportModel -force htm  -openComposites -timeOut 30000 -whiteBackground ptolemy/domains/modal/demo/SystemLevelType/PNDomain_PolyActor.xml $PTII/ptolemy/domains/modal/demo/SystemLevelType/PNDomain_PolyActor
Warning: not running ptolemy/domains/modal/demo/SystemLevelType/PNDomain_PolyActor.xml. See ptolemy/vergil/basic/export/test/junit/ExportModelJUnitTest.java
Exported /home/travis/build/icyphy/ptII/ptolemy/domains/modal/demo/SystemLevelType/PNDomain_PolyActor/index.html
3150 ms. Memory: 2177536K Free: 1063395K (49%)
]]></system-out>
  <system-err><![CDATA[Jun 13, 2018 8:06:37 PM sun.awt.X11.XToolkit processException
WARNING: Exception on Toolkit thread
java.lang.NullPointerException
	at java.awt.Component$BltBufferStrategy.contentsLost(Component.java:4479)
	at java.awt.Component$BltSubRegionBufferStrategy.showIfNotLost(Component.java:4542)
	at javax.swing.BufferStrategyPaintManager.show(BufferStrategyPaintManager.java:252)
	at javax.swing.RepaintManager.show(RepaintManager.java:1379)
	at javax.swing.SwingPaintEventDispatcher.createPaintEvent(SwingPaintEventDispatcher.java:61)
	at sun.awt.X11.XWindow.postPaintEvent(XWindow.java:564)
	at sun.awt.X11.XContentWindow.postPaintEvent(XContentWindow.java:163)
	at sun.awt.X11.XWindow.handleExposeEvent(XWindow.java:558)
	at sun.awt.X11.XContentWindow.handleExposeEvent(XContentWindow.java:45)
	at sun.awt.X11.XBaseWindow.dispatchEvent(XBaseWindow.java:1110)
	at sun.awt.X11.XBaseWindow.dispatchToWindow(XBaseWindow.java:1086)
	at sun.awt.X11.XToolkit.dispatchEvent(XToolkit.java:502)
	at sun.awt.X11.XToolkit.run(XToolkit.java:616)
	at sun.awt.X11.XToolkit.run(XToolkit.java:532)
	at java.lang.Thread.run(Thread.java:748)

Jun 13, 2018 8:17:26 PM sun.awt.X11.XToolkit processException
WARNING: Exception on Toolkit thread
java.lang.NullPointerException
	at java.awt.Component$BltBufferStrategy.contentsLost(Component.java:4479)
	at java.awt.Component$BltSubRegionBufferStrategy.showIfNotLost(Component.java:4542)
	at javax.swing.BufferStrategyPaintManager.show(BufferStrategyPaintManager.java:252)
	at javax.swing.RepaintManager.show(RepaintManager.java:1379)
	at javax.swing.SwingPaintEventDispatcher.createPaintEvent(SwingPaintEventDispatcher.java:61)
	at sun.awt.X11.XWindow.postPaintEvent(XWindow.java:564)
	at sun.awt.X11.XContentWindow.postPaintEvent(XContentWindow.java:163)
	at sun.awt.X11.XWindow.handleExposeEvent(XWindow.java:558)
	at sun.awt.X11.XContentWindow.handleExposeEvent(XContentWindow.java:45)
	at sun.awt.X11.XBaseWindow.dispatchEvent(XBaseWindow.java:1110)
	at sun.awt.X11.XBaseWindow.dispatchToWindow(XBaseWindow.java:1086)
	at sun.awt.X11.XToolkit.dispatchEvent(XToolkit.java:502)
	at sun.awt.X11.XToolkit.run(XToolkit.java:616)
	at sun.awt.X11.XToolkit.run(XToolkit.java:532)
	at java.lang.Thread.run(Thread.java:748)

]]></system-err>
</testsuite>
