<?xml version="1.0" encoding="UTF-8" ?>
<testsuite errors="0" failures="0" hostname="travis-job-991f7f2c-c392-4794-8ac5-c6fc9a5a5506" name="ptolemy.domains.ddf.test.junit.JUnitTclTest" skipped="0" tests="18" time="5.683" timestamp="2019-11-21T06:15:29">
  <properties>
[...]
</properties>
  <testcase classname="ptolemy.util.test.junit.TclTests" name="[0] /home/travis/build/icyphy/ptII/ptolemy/domains/ddf/test/SequenceToArrayDDF.tcl (RunTclFile)" time="1.157" />
  <testcase classname="ptolemy.util.test.junit.AutoKnownFailedTests" name="[0] ThereAreNoKnowFailedTests (RunModel)" time="0.008" />
  <testcase classname="ptolemy.util.test.junit.AutoNameArchTests" name="[0] ThereAreNoAutoArchTests (RunModel)" time="0.006" />
  <testcase classname="ptolemy.util.test.junit.AutoTests" name="[0] /home/travis/build/icyphy/ptII/ptolemy/domains/ddf/test/auto/DDFInsideDDF.xml (RunModel)" time="0.248" />
  <testcase classname="ptolemy.util.test.junit.AutoTests" name="[1] /home/travis/build/icyphy/ptII/ptolemy/domains/ddf/test/auto/DDFInsideDE.xml (RunModel)" time="0.131" />
  <testcase classname="ptolemy.util.test.junit.AutoTests" name="[2] /home/travis/build/icyphy/ptII/ptolemy/domains/ddf/test/auto/DDFinPN.xml (RunModel)" time="0.072" />
  <testcase classname="ptolemy.util.test.junit.AutoTests" name="[3] /home/travis/build/icyphy/ptII/ptolemy/domains/ddf/test/auto/EratosthenesTest.xml (RunModel)" time="1.182" />
  <testcase classname="ptolemy.util.test.junit.AutoTests" name="[4] /home/travis/build/icyphy/ptII/ptolemy/domains/ddf/test/auto/FactorialTest.xml (RunModel)" time="0.162" />
  <testcase classname="ptolemy.util.test.junit.AutoTests" name="[5] /home/travis/build/icyphy/ptII/ptolemy/domains/ddf/test/auto/HanoiTowerTest.xml (RunModel)" time="0.738" />
  <testcase classname="ptolemy.util.test.junit.AutoTests" name="[6] /home/travis/build/icyphy/ptII/ptolemy/domains/ddf/test/auto/IfThenElse.xml (RunModel)" time="0.027" />
  <testcase classname="ptolemy.util.test.junit.AutoTests" name="[7] /home/travis/build/icyphy/ptII/ptolemy/domains/ddf/test/auto/IfThenElseFSM.xml (RunModel)" time="0.235" />
  <testcase classname="ptolemy.util.test.junit.AutoTests" name="[8] /home/travis/build/icyphy/ptII/ptolemy/domains/ddf/test/auto/LoopTest.xml (RunModel)" time="0.087" />
  <testcase classname="ptolemy.util.test.junit.AutoTests" name="[9] /home/travis/build/icyphy/ptII/ptolemy/domains/ddf/test/auto/OrderedMergeTest.xml (RunModel)" time="0.085" />
  <testcase classname="ptolemy.util.test.junit.AutoTests" name="[10] /home/travis/build/icyphy/ptII/ptolemy/domains/ddf/test/auto/RandomWalkTest.xml (RunModel)" time="0.136" />
  <testcase classname="ptolemy.util.test.junit.AutoTests" name="[11] /home/travis/build/icyphy/ptII/ptolemy/domains/ddf/test/auto/RijndaelEncryptionTest.xml (RunModel)" time="0.704" />
  <testcase classname="ptolemy.util.test.junit.AutoTests" name="[12] /home/travis/build/icyphy/ptII/ptolemy/domains/ddf/test/auto/booleanSelect.xml (RunModel)" time="0.12" />
  <testcase classname="ptolemy.util.test.junit.AutoTests" name="[13] /home/travis/build/icyphy/ptII/ptolemy/domains/ddf/test/auto/controlled_kahnnet.xml (RunModel)" time="0.051" />
  <testcase classname="ptolemy.util.test.junit.AutoTests" name="[14] /home/travis/build/icyphy/ptII/ptolemy/domains/ddf/test/auto/hamming-pt.xml (RunModel)" time="0.02" />
  <system-out><![CDATA[/home/travis/build/icyphy/ptII/ptolemy/domains/ddf/test/SequenceToArrayDDF.tcl
testDefs.tcl: setting time out to 9000 seconds at Thu Nov 21 06:15:29 UTC 2019


==== $PTII/ptolemy/domains/ddf/test/SequenceToArrayDDF.tcl: SequenceToArray-1.0 Read SequenceToArrayDDF.xml, run it, change the const
==== Contents of test case:

    # DDF SequenceToArray bug submitted by Tomasz Zok
    # The problem is that if the length of the Const actor changes
    # between runs from three elements to two elements, then the output of 
    # the second run does not occur.

    set parser [java::new ptolemy.moml.MoMLParser]
    set model "SequenceToArrayDDF.xml"
    $parser purgeAllModelRecords
    set toplevel [java::cast ptolemy.actor.TypedCompositeActor [$parser parseFile $model]]
    set manager [java::new ptolemy.actor.Manager [$toplevel workspace] myManager]
    $toplevel setManager $manager
    $manager execute
    set recorder [java::cast ptolemy.actor.lib.Recorder [$toplevel getEntity Recorder]]
    set r1 [listToStrings [$recorder getHistory 0]]

    set const [java::cast ptolemy.actor.lib.Const [$toplevel getEntity Const]]
    set value [getParameter $const value]
    $value setExpression "{\"aaa\", \"bbb\"}"
    $manager execute
    set r2 [listToStrings [$recorder getHistory 0]]
    list $r1 $r2

.... Test generated KNOWN error:
    while executing
com.microstar.xml.XmlException: Failed to find class 'ptolemy.kernel.util.RelativeLocation' in file:/home/travis/build/icyphy/ptII/ptolemy/domains/ddf/test/ at line 34 and column 87
Caused by:
 java.lang.ClassNotFoundException: ptolemy.kernel.util.RelativeLocation
	at ptolemy.moml.MoMLParser._handlePropertyElement(MoMLParser.java:5911)
	at ptolemy.moml.MoMLParser.startElement(MoMLParser.java:3309)
	at com.microstar.xml.XmlParser.parseElement(XmlParser.java:921)
	at com.microstar.xml.XmlParser.parseContent(XmlParser.java:1104)
	at com.microstar.xml.XmlParser.parseElement(XmlParser.java:924)
	at com.microstar.xml.XmlParser.parseContent(XmlParser.java:1104)
	at com.microstar.xml.XmlParser.parseElement(XmlParser.java:924)
	at com.microstar.xml.XmlParser.parseDocument(XmlParser.java:481)
	at com.microstar.xml.XmlParser.doParse(XmlParser.java:159)
	at com.microstar.xml.XmlParser.parse(XmlParser.java:132)
	at ptolemy.moml.MoMLParser.parse(MoMLParser.java:1676)
	at ptolemy.moml.MoMLParser.parse(MoMLParser.java:1595)
	at ptolemy.moml.MoMLParser._loadFileInContext(MoMLParser.java:6458)
	at ptolemy.moml.MoMLParser._loadIconForClass(MoMLParser.java:6503)
	at ptolemy.moml.MoMLParser._createEntity(MoMLParser.java:4532)
	at ptolemy.moml.MoMLParser.startElement(MoMLParser.java:2864)
	at com.microstar.xml.XmlParser.parseElement(XmlParser.java:921)
	at com.microstar.xml.XmlParser.parseContent(XmlParser.java:1104)
	at com.microstar.xml.XmlParser.parseElement(XmlParser.java:924)
	at com.microstar.xml.XmlParser.parseDocument(XmlParser.java:481)
	at com.microstar.xml.XmlParser.doParse(XmlParser.java:159)
	at com.microstar.xml.XmlParser.parse(XmlParser.java:132)
	at ptolemy.moml.MoMLParser.parse(MoMLParser.java:1676)
	at ptolemy.moml.MoMLParser.parse(MoMLParser.java:1595)
	at ptolemy.moml.MoMLParser.parse(MoMLParser.java:1537)
	at ptolemy.moml.MoMLParser.parseFile(MoMLParser.java:1841)
	at java.base/jdk.internal.reflect.NativeMethodAccessorImpl.invoke0(Native Method)
	at java.base/jdk.internal.reflect.NativeMethodAccessorImpl.invoke(NativeMethodAccessorImpl.java:62)
	at java.base/jdk.internal.reflect.DelegatingMethodAccessorImpl.invoke(DelegatingMethodAccessorImpl.java:43)
	at java.base/java.lang.reflect.Method.invoke(Method.java:566)
	at tcl.lang.reflect.PkgInvoker.invokeMethod(PkgInvoker.java:129)
	at tcl.lang.JavaInvoke.call(JavaInvoke.java:253)
	at tcl.lang.JavaInvoke.callMethod(JavaInvoke.java:116)
	at tcl.lang.ReflectObject.cmdProc(ReflectObject.java:727)
	at tcl.lang.Parser.evalObjv(Parser.java:740)
	at tcl.lang.Parser.eval2(Parser.java:1138)
	at tcl.lang.Parser.evalTokens(Parser.java:930)
	at tcl.lang.Parser.eval2(Parser.java:1125)
	at tcl.lang.Parser.evalTokens(Parser.java:930)
	at tcl.lang.Parser.eval2(Parser.java:1125)
	at tcl.lang.Interp.eval(Interp.java:1782)
	at tcl.lang.Interp.eval(Interp.java:1841)
	at tcl.lang.UplevelCmd.cmdProc(UplevelCmd.java:93)
	at tcl.lang.AutoloadStub.cmdProc(Extension.java:144)
	at tcl.lang.Parser.evalObjv(Parser.java:740)
	at tcl.lang.Parser.eval2(Parser.java:1138)
	at tcl.lang.Interp.eval(Interp.java:1782)
	at tcl.lang.Interp.eval(Interp.java:1841)
	at tcl.lang.CatchCmd.cmdProc(CatchCmd.java:42)
	at tcl.lang.Parser.evalObjv(Parser.java:740)
	at tcl.lang.Parser.eval2(Parser.java:1138)
	at tcl.lang.Parser.evalTokens(Parser.java:930)
	at tcl.lang.Parser.eval2(Parser.java:1125)
	at tcl.lang.Procedure.cmdProc(Procedure.java:175)
	at tcl.lang.Parser.evalObjv(Parser.java:740)
	at tcl.lang.Parser.eval2(Parser.java:1138)
	at tcl.lang.Interp.eval(Interp.java:1782)
	at tcl.lang.Interp.evalFile(Interp.java:1880)
	at java.base/jdk.internal.reflect.NativeMethodAccessorImpl.invoke0(Native Method)
	at java.base/jdk.internal.reflect.NativeMethodAccessorImpl.invoke(NativeMethodAccessorImpl.java:62)
	at java.base/jdk.internal.reflect.DelegatingMethodAccessorImpl.invoke(DelegatingMethodAccessorImpl.java:43)
	at java.base/java.lang.reflect.Method.invoke(Method.java:566)
	at ptolemy.util.test.junit.TclTests.RunTclFile(TclTests.java:233)
	at java.base/jdk.internal.reflect.NativeMethodAccessorImpl.invoke0(Native Method)
	at java.base/jdk.internal.reflect.NativeMethodAccessorImpl.invoke(NativeMethodAccessorImpl.java:62)
	at java.base/jdk.internal.reflect.DelegatingMethodAccessorImpl.invoke(DelegatingMethodAccessorImpl.java:43)
	at java.base/java.lang.reflect.Method.invoke(Method.java:566)
	at org.junit.runners.model.FrameworkMethod$1.runReflectiveCall(FrameworkMethod.java:44)
	at org.junit.internal.runners.model.ReflectiveCallable.run(ReflectiveCallable.java:15)
	at org.junit.runners.model.FrameworkMethod.invokeExplosively(FrameworkMethod.java:41)
	at junitparams.internal.InvokeParameterisedMethod.evaluate(InvokeParameterisedMethod.java:102)
	at junitparams.internal.ParameterisedTestMethodRunner.runMethodInvoker(ParameterisedTestMethodRunner.java:47)
	at junitparams.internal.ParameterisedTestMethodRunner.runTestMethod(ParameterisedTestMethodRunner.java:41)
	at junitparams.internal.ParameterisedTestClassRunner.runParameterisedTest(ParameterisedTestClassRunner.java:143)
	at junitparams.JUnitParamsRunner.runChild(JUnitParamsRunner.java:237)
	at junitparams.JUnitParamsRunner.runChild(JUnitParamsRunner.java:215)
	at org.junit.runners.ParentRunner$3.run(ParentRunner.java:193)
	at org.junit.runners.ParentRunner$1.schedule(ParentRunner.java:52)
	at org.junit.runners.ParentRunner.runChildren(ParentRunner.java:191)
	at org.junit.runners.ParentRunner.access$000(ParentRunner.java:42)
	at org.junit.runners.ParentRunner$2.evaluate(ParentRunner.java:184)
	at org.junit.internal.runners.statements.RunAfters.evaluate(RunAfters.java:31)
	at org.junit.runners.ParentRunner.run(ParentRunner.java:236)
	at org.junit.runners.Suite.runChild(Suite.java:128)
	at org.junit.runners.Suite.runChild(Suite.java:24)
	at org.junit.runners.ParentRunner$3.run(ParentRunner.java:193)
	at org.junit.runners.ParentRunner$1.schedule(ParentRunner.java:52)
	at org.junit.runners.ParentRunner.runChildren(ParentRunner.java:191)
	at org.junit.runners.ParentRunner.access$000(ParentRunner.java:42)
	at org.junit.runners.ParentRunner$2.evaluate(ParentRunner.java:184)
	at org.junit.runners.ParentRunner.run(ParentRunner.java:236)
	at junit.framework.JUnit4TestAdapter.run(JUnit4TestAdapter.java:39)
	at org.apache.tools.ant.taskdefs.optional.junit.JUnitTestRunner.run(JUnitTestRunner.java:535)
	at org.apache.tools.ant.taskdefs.optional.junit.JUnitTestRunner.launch(JUnitTestRunner.java:1182)
	at org.apache.tools.ant.taskdefs.optional.junit.JUnitTestRunner.main(JUnitTestRunner.java:1033)
Caused by: java.lang.ClassNotFoundException: ptolemy.kernel.util.RelativeLocation
	at java.base/jdk.internal.loader.BuiltinClassLoader.loadClass(BuiltinClassLoader.java:583)
	at java.base/jdk.internal.loader.ClassLoaders$AppClassLoader.loadClass(ClassLoaders.java:178)
	at java.base/java.lang.ClassLoader.loadClass(ClassLoader.java:521)
	at ptolemy.moml.MoMLParser._loadClass(MoMLParser.java:6402)
	at ptolemy.moml.MoMLParser._handlePropertyElement(MoMLParser.java:5906)
	... 94 more
Caused by: java.lang.ClassNotFoundException: ptolemy.kernel.util.RelativeLocation
	at java.base/jdk.internal.loader.BuiltinClassLoader.loadClass(BuiltinClassLoader.java:583)
	at java.base/jdk.internal.loader.ClassLoaders$AppClassLoader.loadClass(ClassLoaders.java:178)
	at java.base/java.lang.ClassLoader.loadClass(ClassLoader.java:521)
	at ptolemy.moml.MoMLParser._loadClass(MoMLParser.java:6402)
	at ptolemy.moml.MoMLParser._handlePropertyElement(MoMLParser.java:5906)
	at ptolemy.moml.MoMLParser.startElement(MoMLParser.java:3309)
	at com.microstar.xml.XmlParser.parseElement(XmlParser.java:921)
	at com.microstar.xml.XmlParser.parseContent(XmlParser.java:1104)
	at com.microstar.xml.XmlParser.parseElement(XmlParser.java:924)
	at com.microstar.xml.XmlParser.parseContent(XmlParser.java:1104)
	at com.microstar.xml.XmlParser.parseElement(XmlParser.java:924)
	at com.microstar.xml.XmlParser.parseDocument(XmlParser.java:481)
	at com.microstar.xml.XmlParser.doParse(XmlParser.java:159)
	at com.microstar.xml.XmlParser.parse(XmlParser.java:132)
	at ptolemy.moml.MoMLParser.parse(MoMLParser.java:1676)
	at ptolemy.moml.MoMLParser.parse(MoMLParser.java:1595)
	at ptolemy.moml.MoMLParser._loadFileInContext(MoMLParser.java:6458)
	at ptolemy.moml.MoMLParser._loadIconForClass(MoMLParser.java:6503)
	at ptolemy.moml.MoMLParser._createEntity(MoMLParser.java:4532)
	at ptolemy.moml.MoMLParser.startElement(MoMLParser.java:2864)
	at com.microstar.xml.XmlParser.parseElement(XmlParser.java:921)
	at com.microstar.xml.XmlParser.parseContent(XmlParser.java:1104)
	at com.microstar.xml.XmlParser.parseElement(XmlParser.java:924)
	at com.microstar.xml.XmlParser.parseDocument(XmlParser.java:481)
	at com.microstar.xml.XmlParser.doParse(XmlParser.java:159)
	at com.microstar.xml.XmlParser.parse(XmlParser.java:132)
	at ptolemy.moml.MoMLParser.parse(MoMLParser.java:1676)
	at ptolemy.moml.MoMLParser.parse(MoMLParser.java:1595)
	at ptolemy.moml.MoMLParser.parse(MoMLParser.java:1537)
	at ptolemy.moml.MoMLParser.parseFile(MoMLParser.java:1841)
	at java.base/jdk.internal.reflect.NativeMethodAccessorImpl.invoke0(Native Method)
	at java.base/jdk.internal.reflect.NativeMethodAccessorImpl.invoke(NativeMethodAccessorImpl.java:62)
	at java.base/jdk.internal.reflect.DelegatingMethodAccessorImpl.invoke(DelegatingMethodAccessorImpl.java:43)
	at java.base/java.lang.reflect.Method.invoke(Method.java:566)
	at tcl.lang.reflect.PkgInvoker.invokeMethod(PkgInvoker.java:129)
	at tcl.lang.JavaInvoke.call(JavaInvoke.java:253)
	at tcl.lang.JavaInvoke.callMethod(JavaInvoke.java:116)
	at tcl.lang.ReflectObject.cmdProc(ReflectObject.java:727)
	at tcl.lang.Parser.evalObjv(Parser.java:740)
	at tcl.lang.Parser.eval2(Parser.java:1138)
	at tcl.lang.Parser.evalTokens(Parser.java:930)
	at tcl.lang.Parser.eval2(Parser.java:1125)
	at tcl.lang.Parser.evalTokens(Parser.java:930)
	at tcl.lang.Parser.eval2(Parser.java:1125)
	at tcl.lang.Interp.eval(Interp.java:1782)
	at tcl.lang.Interp.eval(Interp.java:1841)
	at tcl.lang.UplevelCmd.cmdProc(UplevelCmd.java:93)
	at tcl.lang.AutoloadStub.cmdProc(Extension.java:144)
	at tcl.lang.Parser.evalObjv(Parser.java:740)
	at tcl.lang.Parser.eval2(Parser.java:1138)
	at tcl.lang.Interp.eval(Interp.java:1782)
	at tcl.lang.Interp.eval(Interp.java:1841)
	at tcl.lang.CatchCmd.cmdProc(CatchCmd.java:42)
	at tcl.lang.Parser.evalObjv(Parser.java:740)
	at tcl.lang.Parser.eval2(Parser.java:1138)
	at tcl.lang.Parser.evalTokens(Parser.java:930)
	at tcl.lang.Parser.eval2(Parser.java:1125)
	at tcl.lang.Procedure.cmdProc(Procedure.java:175)
	at tcl.lang.Parser.evalObjv(Parser.java:740)
	at tcl.lang.Parser.eval2(Parser.java:1138)
	at tcl.lang.Interp.eval(Interp.java:1782)
	at tcl.lang.Interp.evalFile(Interp.java:1880)
	at java.base/jdk.internal.reflect.NativeMethodAccessorImpl.invoke0(Native Method)
	at java.base/jdk.internal.reflect.NativeMethodAccessorImpl.invoke(NativeMethodAccessorImpl.java:62)
	at java.base/jdk.internal.reflect.DelegatingMethodAccessorImpl.invoke(DelegatingMethodAccessorImpl.java:43)
	at java.base/java.lang.reflect.Method.invoke(Method.java:566)
	at ptolemy.util.test.junit.TclTests.RunTclFile(TclTests.java:233)
	at java.base/jdk.internal.reflect.NativeMethodAccessorImpl.invoke0(Native Method)
	at java.base/jdk.internal.reflect.NativeMethodAccessorImpl.invoke(NativeMethodAccessorImpl.java:62)
	at java.base/jdk.internal.reflect.DelegatingMethodAccessorImpl.invoke(DelegatingMethodAccessorImpl.java:43)
	at java.base/java.lang.reflect.Method.invoke(Method.java:566)
	at org.junit.runners.model.FrameworkMethod$1.runReflectiveCall(FrameworkMethod.java:44)
	at org.junit.internal.runners.model.ReflectiveCallable.run(ReflectiveCallable.java:15)
	at org.junit.runners.model.FrameworkMethod.invokeExplosively(FrameworkMethod.java:41)
	at junitparams.internal.InvokeParameterisedMethod.evaluate(InvokeParameterisedMethod.java:102)
	at junitparams.internal.ParameterisedTestMethodRunner.runMethodInvoker(ParameterisedTestMethodRunner.java:47)
	at junitparams.internal.ParameterisedTestMethodRunner.runTestMethod(ParameterisedTestMethodRunner.java:41)
	at junitparams.internal.ParameterisedTestClassRunner.runParameterisedTest(ParameterisedTestClassRunner.java:143)
	at junitparams.JUnitParamsRunner.runChild(JUnitParamsRunner.java:237)
	at junitparams.JUnitParamsRunner.runChild(JUnitParamsRunner.java:215)
	at org.junit.runners.ParentRunner$3.run(ParentRunner.java:193)
	at org.junit.runners.ParentRunner$1.schedule(ParentRunner.java:52)
	at org.junit.runners.ParentRunner.runChildren(ParentRunner.java:191)
	at org.junit.runners.ParentRunner.access$000(ParentRunner.java:42)
	at org.junit.runners.ParentRunner$2.evaluate(ParentRunner.java:184)
	at org.junit.internal.runners.statements.RunAfters.evaluate(RunAfters.java:31)
	at org.junit.runners.ParentRunner.run(ParentRunner.java:236)
	at org.junit.runners.Suite.runChild(Suite.java:128)
	at org.junit.runners.Suite.runChild(Suite.java:24)
	at org.junit.runners.ParentRunner$3.run(ParentRunner.java:193)
	at org.junit.runners.ParentRunner$1.schedule(ParentRunner.java:52)
	at org.junit.runners.ParentRunner.runChildren(ParentRunner.java:191)
	at org.junit.runners.ParentRunner.access$000(ParentRunner.java:42)
	at org.junit.runners.ParentRunner$2.evaluate(ParentRunner.java:184)
	at org.junit.runners.ParentRunner.run(ParentRunner.java:236)
	at junit.framework.JUnit4TestAdapter.run(JUnit4TestAdapter.java:39)
	at org.apache.tools.ant.taskdefs.optional.junit.JUnitTestRunner.run(JUnitTestRunner.java:535)
	at org.apache.tools.ant.taskdefs.optional.junit.JUnitTestRunner.launch(JUnitTestRunner.java:1182)
	at org.apache.tools.ant.taskdefs.optional.junit.JUnitTestRunner.main(JUnitTestRunner.java:1033)

    while executing
com.microstar.xml.XmlException: Failed to find class 'ptolemy.kernel.util.RelativeLocation' in file:/home/travis/build/icyphy/ptII/ptolemy/domains/ddf/test/ at line 34 and column 87
Caused by:
 java.lang.ClassNotFoundException: ptolemy.kernel.util.RelativeLocation
    while executing
"$parser parseFile $model"
    invoked from within
"java::cast ptolemy.actor.TypedCompositeActor [$parser parseFile $model]"
    invoked from within
"set toplevel [java::cast ptolemy.actor.TypedCompositeActor [$parser parseFile $model]]"
    ("uplevel" body line 10)
    invoked from within
"uplevel $contents_of_test"
11/21/19 06:15:30
Failed: 0  Total Tests: 1  ((Passed: 0, Newly Passed: 0)  Known Failed: 1) /home/travis/build/icyphy/ptII/ptolemy/domains/ddf/test
No auto/knownFailedTests/*.xml tests in /home/travis/build/icyphy/ptII/ptolemy/domains/ddf/test
No auto/linux-amd64/*.xml tests in /home/travis/build/icyphy/ptII/ptolemy/domains/ddf/test
AutoTests.java: About to close Vertx.
AutoTests.java: Vertx closed.

===========================================================================================
----------------- testing Thu Nov 21 06:15:31 UTC 2019 /home/travis/build/icyphy/ptII/ptolemy/domains/ddf/test/auto/DDFInsideDDF.xml
----------------- Instantiating /home/travis/build/icyphy/ptII/ptolemy/domains/ddf/test/auto/DDFInsideDDF.xml
34 ms. Memory: 120832K Free: 103460K (86%)
----------------- Invoking toplevel() on ptolemy.moml.MoMLSimpleApplication@7c9b9cf7
----------------- Done invoking toplevel() on ptolemy.moml.MoMLSimpleApplication@7c9b9cf7
reloadAllAccessors: .DDFInsideDDF

===========================================================================================
----------------- testing Thu Nov 21 06:15:31 UTC 2019 /home/travis/build/icyphy/ptII/ptolemy/domains/ddf/test/auto/DDFInsideDE.xml
----------------- Instantiating /home/travis/build/icyphy/ptII/ptolemy/domains/ddf/test/auto/DDFInsideDE.xml
40 ms. Memory: 120832K Free: 97696K (81%)
----------------- Invoking toplevel() on ptolemy.moml.MoMLSimpleApplication@3987c254
----------------- Done invoking toplevel() on ptolemy.moml.MoMLSimpleApplication@3987c254
reloadAllAccessors: .DDFInsideDE

===========================================================================================
----------------- testing Thu Nov 21 06:15:31 UTC 2019 /home/travis/build/icyphy/ptII/ptolemy/domains/ddf/test/auto/DDFinPN.xml
----------------- Instantiating /home/travis/build/icyphy/ptII/ptolemy/domains/ddf/test/auto/DDFinPN.xml
43 ms. Memory: 120832K Free: 94629K (78%)
----------------- Invoking toplevel() on ptolemy.moml.MoMLSimpleApplication@159e6d9a
----------------- Done invoking toplevel() on ptolemy.moml.MoMLSimpleApplication@159e6d9a
reloadAllAccessors: .DDFinPN

===========================================================================================
----------------- testing Thu Nov 21 06:15:31 UTC 2019 /home/travis/build/icyphy/ptII/ptolemy/domains/ddf/test/auto/EratosthenesTest.xml
----------------- Instantiating /home/travis/build/icyphy/ptII/ptolemy/domains/ddf/test/auto/EratosthenesTest.xml
1065 ms. Memory: 152576K Free: 108289K (71%)
----------------- Invoking toplevel() on ptolemy.moml.MoMLSimpleApplication@2535734a
----------------- Done invoking toplevel() on ptolemy.moml.MoMLSimpleApplication@2535734a
reloadAllAccessors: .EratosthenesTest

===========================================================================================
----------------- testing Thu Nov 21 06:15:32 UTC 2019 /home/travis/build/icyphy/ptII/ptolemy/domains/ddf/test/auto/FactorialTest.xml
----------------- Instantiating /home/travis/build/icyphy/ptII/ptolemy/domains/ddf/test/auto/FactorialTest.xml
109 ms. Memory: 152576K Free: 80641K (53%)
----------------- Invoking toplevel() on ptolemy.moml.MoMLSimpleApplication@5047de53
----------------- Done invoking toplevel() on ptolemy.moml.MoMLSimpleApplication@5047de53
reloadAllAccessors: .FactorialTest

===========================================================================================
----------------- testing Thu Nov 21 06:15:32 UTC 2019 /home/travis/build/icyphy/ptII/ptolemy/domains/ddf/test/auto/HanoiTowerTest.xml
----------------- Instantiating /home/travis/build/icyphy/ptII/ptolemy/domains/ddf/test/auto/HanoiTowerTest.xml
394 ms. Memory: 152576K Free: 65540K (43%)
----------------- Invoking toplevel() on ptolemy.moml.MoMLSimpleApplication@ea8476a
----------------- Done invoking toplevel() on ptolemy.moml.MoMLSimpleApplication@ea8476a
reloadAllAccessors: .HanoiTowerTest

===========================================================================================
----------------- testing Thu Nov 21 06:15:33 UTC 2019 /home/travis/build/icyphy/ptII/ptolemy/domains/ddf/test/auto/IfThenElse.xml
----------------- Instantiating /home/travis/build/icyphy/ptII/ptolemy/domains/ddf/test/auto/IfThenElse.xml
6 ms. Memory: 152576K Free: 60420K (40%)
----------------- Invoking toplevel() on ptolemy.moml.MoMLSimpleApplication@28ce7d25
----------------- Done invoking toplevel() on ptolemy.moml.MoMLSimpleApplication@28ce7d25
reloadAllAccessors: .IfThenElse

===========================================================================================
----------------- testing Thu Nov 21 06:15:33 UTC 2019 /home/travis/build/icyphy/ptII/ptolemy/domains/ddf/test/auto/IfThenElseFSM.xml
----------------- Instantiating /home/travis/build/icyphy/ptII/ptolemy/domains/ddf/test/auto/IfThenElseFSM.xml
106 ms. Memory: 196608K Free: 169473K (86%)
----------------- Invoking toplevel() on ptolemy.moml.MoMLSimpleApplication@31ca13c9
----------------- Done invoking toplevel() on ptolemy.moml.MoMLSimpleApplication@31ca13c9
reloadAllAccessors: .IfThenElseFSM

===========================================================================================
----------------- testing Thu Nov 21 06:15:33 UTC 2019 /home/travis/build/icyphy/ptII/ptolemy/domains/ddf/test/auto/LoopTest.xml
----------------- Instantiating /home/travis/build/icyphy/ptII/ptolemy/domains/ddf/test/auto/LoopTest.xml
46 ms. Memory: 196608K Free: 162305K (83%)
----------------- Invoking toplevel() on ptolemy.moml.MoMLSimpleApplication@671304d4
----------------- Done invoking toplevel() on ptolemy.moml.MoMLSimpleApplication@671304d4
reloadAllAccessors: .LoopTest

===========================================================================================
----------------- testing Thu Nov 21 06:15:33 UTC 2019 /home/travis/build/icyphy/ptII/ptolemy/domains/ddf/test/auto/OrderedMergeTest.xml
----------------- Instantiating /home/travis/build/icyphy/ptII/ptolemy/domains/ddf/test/auto/OrderedMergeTest.xml
19 ms. Memory: 196608K Free: 157149K (80%)
----------------- Invoking toplevel() on ptolemy.moml.MoMLSimpleApplication@2738f2ce
----------------- Done invoking toplevel() on ptolemy.moml.MoMLSimpleApplication@2738f2ce
reloadAllAccessors: .OrderedMergeTest

===========================================================================================
----------------- testing Thu Nov 21 06:15:34 UTC 2019 /home/travis/build/icyphy/ptII/ptolemy/domains/ddf/test/auto/RandomWalkTest.xml
----------------- Instantiating /home/travis/build/icyphy/ptII/ptolemy/domains/ddf/test/auto/RandomWalkTest.xml
50 ms. Memory: 196608K Free: 144387K (73%)
----------------- Invoking toplevel() on ptolemy.moml.MoMLSimpleApplication@50e7a693
----------------- Done invoking toplevel() on ptolemy.moml.MoMLSimpleApplication@50e7a693
reloadAllAccessors: .RandomWalkTest

===========================================================================================
----------------- testing Thu Nov 21 06:15:34 UTC 2019 /home/travis/build/icyphy/ptII/ptolemy/domains/ddf/test/auto/RijndaelEncryptionTest.xml
----------------- Instantiating /home/travis/build/icyphy/ptII/ptolemy/domains/ddf/test/auto/RijndaelEncryptionTest.xml
332 ms. Memory: 196608K Free: 115044K (59%)
----------------- Invoking toplevel() on ptolemy.moml.MoMLSimpleApplication@316d0399
----------------- Done invoking toplevel() on ptolemy.moml.MoMLSimpleApplication@316d0399
reloadAllAccessors: .RijndaelEncryptionTest

===========================================================================================
----------------- testing Thu Nov 21 06:15:34 UTC 2019 /home/travis/build/icyphy/ptII/ptolemy/domains/ddf/test/auto/booleanSelect.xml
----------------- Instantiating /home/travis/build/icyphy/ptII/ptolemy/domains/ddf/test/auto/booleanSelect.xml
85 ms. Memory: 196608K Free: 76132K (39%)
----------------- Invoking toplevel() on ptolemy.moml.MoMLSimpleApplication@4bb5b8e0
----------------- Done invoking toplevel() on ptolemy.moml.MoMLSimpleApplication@4bb5b8e0
reloadAllAccessors: .booleanSelect

===========================================================================================
----------------- testing Thu Nov 21 06:15:35 UTC 2019 /home/travis/build/icyphy/ptII/ptolemy/domains/ddf/test/auto/controlled_kahnnet.xml
----------------- Instantiating /home/travis/build/icyphy/ptII/ptolemy/domains/ddf/test/auto/controlled_kahnnet.xml
5 ms. Memory: 196608K Free: 73060K (37%)
----------------- Invoking toplevel() on ptolemy.moml.MoMLSimpleApplication@6d418bb8
----------------- Done invoking toplevel() on ptolemy.moml.MoMLSimpleApplication@6d418bb8
reloadAllAccessors: .controlled_kahnnet

===========================================================================================
----------------- testing Thu Nov 21 06:15:35 UTC 2019 /home/travis/build/icyphy/ptII/ptolemy/domains/ddf/test/auto/hamming-pt.xml
----------------- Instantiating /home/travis/build/icyphy/ptII/ptolemy/domains/ddf/test/auto/hamming-pt.xml
8 ms. Memory: 196608K Free: 68450K (35%)
----------------- Invoking toplevel() on ptolemy.moml.MoMLSimpleApplication@4c05c217
----------------- Done invoking toplevel() on ptolemy.moml.MoMLSimpleApplication@4c05c217
reloadAllAccessors: .hamming-pt
AutoTests.java: About to close Vertx.
AutoTests.java: Vertx closed.
]]></system-out>
  <system-err><![CDATA[]]></system-err>
</testsuite>
