<?xml version="1.0" encoding="UTF-8" ?>
<testsuite errors="0" failures="0" hostname="travis-job-fdf46d73-3499-4938-b25d-a05857c87d2b" name="ptolemy.domains.continuous.test.junit.JUnitTclTest" skipped="0" tests="156" time="78.658" timestamp="2019-09-25T05:41:43">
  <properties>
[...]
</properties>
  <testcase classname="ptolemy.util.test.junit.TclTests" name="[0] ThereAreNoTclTests (RunTclFile)" time="0.015" />
  <testcase classname="ptolemy.util.test.junit.AutoKnownFailedTests" name="[0] ThereAreNoKnowFailedTests (RunModel)" time="0.011" />
  <testcase classname="ptolemy.util.test.junit.AutoNameArchTests" name="[0] ThereAreNoAutoArchTests (RunModel)" time="0.021" />
  <testcase classname="ptolemy.util.test.junit.AutoTests" name="[0] /home/travis/build/icyphy/ptII/ptolemy/domains/continuous/test/auto/BouncingBall.xml (RunModel)" time="3.145" />
  <testcase classname="ptolemy.util.test.junit.AutoTests" name="[1] /home/travis/build/icyphy/ptII/ptolemy/domains/continuous/test/auto/BouncingBallWithoutGR.xml (RunModel)" time="1.072" />
  <testcase classname="ptolemy.util.test.junit.AutoTests" name="[2] /home/travis/build/icyphy/ptII/ptolemy/domains/continuous/test/auto/Brownian.xml (RunModel)" time="0.133" />
  <testcase classname="ptolemy.util.test.junit.AutoTests" name="[3] /home/travis/build/icyphy/ptII/ptolemy/domains/continuous/test/auto/CarTracking.xml (RunModel)" time="3.873" />
  <testcase classname="ptolemy.util.test.junit.AutoTests" name="[4] /home/travis/build/icyphy/ptII/ptolemy/domains/continuous/test/auto/CartPendulum.xml (RunModel)" time="0.607" />
  <testcase classname="ptolemy.util.test.junit.AutoTests" name="[5] /home/travis/build/icyphy/ptII/ptolemy/domains/continuous/test/auto/CausalityInterface10.xml (RunModel)" time="0.046" />
  <testcase classname="ptolemy.util.test.junit.AutoTests" name="[6] /home/travis/build/icyphy/ptII/ptolemy/domains/continuous/test/auto/CausalityInterface11.xml (RunModel)" time="0.023" />
  <testcase classname="ptolemy.util.test.junit.AutoTests" name="[7] /home/travis/build/icyphy/ptII/ptolemy/domains/continuous/test/auto/CausalityInterface12.xml (RunModel)" time="0.028" />
  <testcase classname="ptolemy.util.test.junit.AutoTests" name="[8] /home/travis/build/icyphy/ptII/ptolemy/domains/continuous/test/auto/CausalityInterface13.xml (RunModel)" time="0.071" />
  <testcase classname="ptolemy.util.test.junit.AutoTests" name="[9] /home/travis/build/icyphy/ptII/ptolemy/domains/continuous/test/auto/CausalityInterface14.xml (RunModel)" time="0.033" />
  <testcase classname="ptolemy.util.test.junit.AutoTests" name="[10] /home/travis/build/icyphy/ptII/ptolemy/domains/continuous/test/auto/CausalityInterface4.xml (RunModel)" time="0.027" />
  <testcase classname="ptolemy.util.test.junit.AutoTests" name="[11] /home/travis/build/icyphy/ptII/ptolemy/domains/continuous/test/auto/CausalityInterface5.xml (RunModel)" time="0.038" />
  <testcase classname="ptolemy.util.test.junit.AutoTests" name="[12] /home/travis/build/icyphy/ptII/ptolemy/domains/continuous/test/auto/CausalityInterface6.xml (RunModel)" time="0.027" />
  <testcase classname="ptolemy.util.test.junit.AutoTests" name="[13] /home/travis/build/icyphy/ptII/ptolemy/domains/continuous/test/auto/CausalityInterface7.xml (RunModel)" time="0.035" />
  <testcase classname="ptolemy.util.test.junit.AutoTests" name="[14] /home/travis/build/icyphy/ptII/ptolemy/domains/continuous/test/auto/CausalityInterface8.xml (RunModel)" time="0.041" />
  <testcase classname="ptolemy.util.test.junit.AutoTests" name="[15] /home/travis/build/icyphy/ptII/ptolemy/domains/continuous/test/auto/CausalityInterface9.xml (RunModel)" time="0.043" />
  <testcase classname="ptolemy.util.test.junit.AutoTests" name="[16] /home/travis/build/icyphy/ptII/ptolemy/domains/continuous/test/auto/CausalityInterfaceFeedback1.xml (RunModel)" time="0.031" />
  <testcase classname="ptolemy.util.test.junit.AutoTests" name="[17] /home/travis/build/icyphy/ptII/ptolemy/domains/continuous/test/auto/CausalityInterfaceFeedback2.xml (RunModel)" time="0.035" />
  <testcase classname="ptolemy.util.test.junit.AutoTests" name="[18] /home/travis/build/icyphy/ptII/ptolemy/domains/continuous/test/auto/CompareWithCurrentTime.xml (RunModel)" time="0.025" />
  <testcase classname="ptolemy.util.test.junit.AutoTests" name="[19] /home/travis/build/icyphy/ptII/ptolemy/domains/continuous/test/auto/ComparedClocks.xml (RunModel)" time="0.081" />
  <testcase classname="ptolemy.util.test.junit.AutoTests" name="[20] /home/travis/build/icyphy/ptII/ptolemy/domains/continuous/test/auto/ContinuousAOCClone.xml (RunModel)" time="2.83" />
  <testcase classname="ptolemy.util.test.junit.AutoTests" name="[21] /home/travis/build/icyphy/ptII/ptolemy/domains/continuous/test/auto/ContinuousClock.xml (RunModel)" time="0.079" />
  <testcase classname="ptolemy.util.test.junit.AutoTests" name="[22] /home/travis/build/icyphy/ptII/ptolemy/domains/continuous/test/auto/ContinuousInContinuous.xml (RunModel)" time="0.105" />
  <testcase classname="ptolemy.util.test.junit.AutoTests" name="[23] /home/travis/build/icyphy/ptII/ptolemy/domains/continuous/test/auto/ContinuousInContinuousInContinuous.xml (RunModel)" time="0.025" />
  <testcase classname="ptolemy.util.test.junit.AutoTests" name="[24] /home/travis/build/icyphy/ptII/ptolemy/domains/continuous/test/auto/ContinuousInDE.xml (RunModel)" time="0.128" />
  <testcase classname="ptolemy.util.test.junit.AutoTests" name="[25] /home/travis/build/icyphy/ptII/ptolemy/domains/continuous/test/auto/ContinuousInDE2.xml (RunModel)" time="0.055" />
  <testcase classname="ptolemy.util.test.junit.AutoTests" name="[26] /home/travis/build/icyphy/ptII/ptolemy/domains/continuous/test/auto/ContinuousInDE3.xml (RunModel)" time="0.057" />
  <testcase classname="ptolemy.util.test.junit.AutoTests" name="[27] /home/travis/build/icyphy/ptII/ptolemy/domains/continuous/test/auto/ContinuousInDE4.xml (RunModel)" time="0.035" />
  <testcase classname="ptolemy.util.test.junit.AutoTests" name="[28] /home/travis/build/icyphy/ptII/ptolemy/domains/continuous/test/auto/ContinuousInDEDifferentRefinements.xml (RunModel)" time="0.11" />
  <testcase classname="ptolemy.util.test.junit.AutoTests" name="[29] /home/travis/build/icyphy/ptII/ptolemy/domains/continuous/test/auto/ContinuousInDEDifferentRefinementsPreemptive.xml (RunModel)" time="0.099" />
  <testcase classname="ptolemy.util.test.junit.AutoTests" name="[30] /home/travis/build/icyphy/ptII/ptolemy/domains/continuous/test/auto/ContinuousInDEInContinuous2.xml (RunModel)" time="0.06" />
  <testcase classname="ptolemy.util.test.junit.AutoTests" name="[31] /home/travis/build/icyphy/ptII/ptolemy/domains/continuous/test/auto/ContinuousInDEInContinuous3.xml (RunModel)" time="0.064" />
  <testcase classname="ptolemy.util.test.junit.AutoTests" name="[32] /home/travis/build/icyphy/ptII/ptolemy/domains/continuous/test/auto/ContinuousInDEInput.xml (RunModel)" time="0.036" />
  <testcase classname="ptolemy.util.test.junit.AutoTests" name="[33] /home/travis/build/icyphy/ptII/ptolemy/domains/continuous/test/auto/ContinuousInDEInput2.xml (RunModel)" time="0.039" />
  <testcase classname="ptolemy.util.test.junit.AutoTests" name="[34] /home/travis/build/icyphy/ptII/ptolemy/domains/continuous/test/auto/ContinuousInDEInput3.xml (RunModel)" time="0.04" />
  <testcase classname="ptolemy.util.test.junit.AutoTests" name="[35] /home/travis/build/icyphy/ptII/ptolemy/domains/continuous/test/auto/ContinuousInDESharingRefinement.xml (RunModel)" time="0.2" />
  <testcase classname="ptolemy.util.test.junit.AutoTests" name="[36] /home/travis/build/icyphy/ptII/ptolemy/domains/continuous/test/auto/ContinuousInDEwithNoPorts.xml (RunModel)" time="0.022" />
  <testcase classname="ptolemy.util.test.junit.AutoTests" name="[37] /home/travis/build/icyphy/ptII/ptolemy/domains/continuous/test/auto/ContinuousInsideDE.xml (RunModel)" time="0.083" />
  <testcase classname="ptolemy.util.test.junit.AutoTests" name="[38] /home/travis/build/icyphy/ptII/ptolemy/domains/continuous/test/auto/ContinuousMerge1.xml (RunModel)" time="0.017" />
  <testcase classname="ptolemy.util.test.junit.AutoTests" name="[39] /home/travis/build/icyphy/ptII/ptolemy/domains/continuous/test/auto/ContinuousMerge2.xml (RunModel)" time="0.037" />
  <testcase classname="ptolemy.util.test.junit.AutoTests" name="[40] /home/travis/build/icyphy/ptII/ptolemy/domains/continuous/test/auto/ContinuousMerge3.xml (RunModel)" time="0.06" />
  <testcase classname="ptolemy.util.test.junit.AutoTests" name="[41] /home/travis/build/icyphy/ptII/ptolemy/domains/continuous/test/auto/ContinuousWithinContinuous.xml (RunModel)" time="0.055" />
  <testcase classname="ptolemy.util.test.junit.AutoTests" name="[42] /home/travis/build/icyphy/ptII/ptolemy/domains/continuous/test/auto/ContinuousWithinContinuous2.xml (RunModel)" time="0.077" />
  <testcase classname="ptolemy.util.test.junit.AutoTests" name="[43] /home/travis/build/icyphy/ptII/ptolemy/domains/continuous/test/auto/ContinuousWithinContinuous3.xml (RunModel)" time="0.031" />
  <testcase classname="ptolemy.util.test.junit.AutoTests" name="[44] /home/travis/build/icyphy/ptII/ptolemy/domains/continuous/test/auto/ContinuousWithinContinuous4.xml (RunModel)" time="0.078" />
  <testcase classname="ptolemy.util.test.junit.AutoTests" name="[45] /home/travis/build/icyphy/ptII/ptolemy/domains/continuous/test/auto/ContinuousWithinContinuous5.xml (RunModel)" time="0.042" />
  <testcase classname="ptolemy.util.test.junit.AutoTests" name="[46] /home/travis/build/icyphy/ptII/ptolemy/domains/continuous/test/auto/ContinuousWithinContinuous6.xml (RunModel)" time="0.027" />
  <testcase classname="ptolemy.util.test.junit.AutoTests" name="[47] /home/travis/build/icyphy/ptII/ptolemy/domains/continuous/test/auto/ContinuousWithinContinuous7.xml (RunModel)" time="0.066" />
  <testcase classname="ptolemy.util.test.junit.AutoTests" name="[48] /home/travis/build/icyphy/ptII/ptolemy/domains/continuous/test/auto/DCMotor.xml (RunModel)" time="14.77" />
  <testcase classname="ptolemy.util.test.junit.AutoTests" name="[49] /home/travis/build/icyphy/ptII/ptolemy/domains/continuous/test/auto/DEInContinuous.xml (RunModel)" time="0.034" />
  <testcase classname="ptolemy.util.test.junit.AutoTests" name="[50] /home/travis/build/icyphy/ptII/ptolemy/domains/continuous/test/auto/DEinContinuous2.xml (RunModel)" time="0.033" />
  <testcase classname="ptolemy.util.test.junit.AutoTests" name="[51] /home/travis/build/icyphy/ptII/ptolemy/domains/continuous/test/auto/Derivative.xml (RunModel)" time="0.209" />
  <testcase classname="ptolemy.util.test.junit.AutoTests" name="[52] /home/travis/build/icyphy/ptII/ptolemy/domains/continuous/test/auto/Derivative1.xml (RunModel)" time="0.059" />
  <testcase classname="ptolemy.util.test.junit.AutoTests" name="[53] /home/travis/build/icyphy/ptII/ptolemy/domains/continuous/test/auto/DiscreteClock.xml (RunModel)" time="0.022" />
  <testcase classname="ptolemy.util.test.junit.AutoTests" name="[54] /home/travis/build/icyphy/ptII/ptolemy/domains/continuous/test/auto/EfficiencyCurve.xml (RunModel)" time="0.102" />
  <testcase classname="ptolemy.util.test.junit.AutoTests" name="[55] /home/travis/build/icyphy/ptII/ptolemy/domains/continuous/test/auto/ExponentialResponse.xml (RunModel)" time="0.161" />
  <testcase classname="ptolemy.util.test.junit.AutoTests" name="[56] /home/travis/build/icyphy/ptII/ptolemy/domains/continuous/test/auto/ExponentialResponseRK45.xml (RunModel)" time="0.043" />
  <testcase classname="ptolemy.util.test.junit.AutoTests" name="[57] /home/travis/build/icyphy/ptII/ptolemy/domains/continuous/test/auto/Friction.xml (RunModel)" time="1.608" />
  <testcase classname="ptolemy.util.test.junit.AutoTests" name="[58] /home/travis/build/icyphy/ptII/ptolemy/domains/continuous/test/auto/FurutaPendulum.xml (RunModel)" time="3.731" />
  <testcase classname="ptolemy.util.test.junit.AutoTests" name="[59] /home/travis/build/icyphy/ptII/ptolemy/domains/continuous/test/auto/HierarchicalExecution.xml (RunModel)" time="2.313" />
  <testcase classname="ptolemy.util.test.junit.AutoTests" name="[60] /home/travis/build/icyphy/ptII/ptolemy/domains/continuous/test/auto/HybridPlant.xml (RunModel)" time="0.579" />
  <testcase classname="ptolemy.util.test.junit.AutoTests" name="[61] /home/travis/build/icyphy/ptII/ptolemy/domains/continuous/test/auto/Hysteresis.xml (RunModel)" time="0.203" />
  <testcase classname="ptolemy.util.test.junit.AutoTests" name="[62] /home/travis/build/icyphy/ptII/ptolemy/domains/continuous/test/auto/HysteresisWithRandomDelay.xml (RunModel)" time="0.241" />
  <testcase classname="ptolemy.util.test.junit.AutoTests" name="[63] /home/travis/build/icyphy/ptII/ptolemy/domains/continuous/test/auto/HysteresisWithRandomLosses.xml (RunModel)" time="2.481" />
  <testcase classname="ptolemy.util.test.junit.AutoTests" name="[64] /home/travis/build/icyphy/ptII/ptolemy/domains/continuous/test/auto/ImmediateTransitions.xml (RunModel)" time="0.026" />
  <testcase classname="ptolemy.util.test.junit.AutoTests" name="[65] /home/travis/build/icyphy/ptII/ptolemy/domains/continuous/test/auto/ImpulseFeedback.xml (RunModel)" time="0.021" />
  <testcase classname="ptolemy.util.test.junit.AutoTests" name="[66] /home/travis/build/icyphy/ptII/ptolemy/domains/continuous/test/auto/ImpulseFeedback2.xml (RunModel)" time="0.025" />
  <testcase classname="ptolemy.util.test.junit.AutoTests" name="[67] /home/travis/build/icyphy/ptII/ptolemy/domains/continuous/test/auto/IncreasingRatePoisson.xml (RunModel)" time="0.695" />
  <testcase classname="ptolemy.util.test.junit.AutoTests" name="[68] /home/travis/build/icyphy/ptII/ptolemy/domains/continuous/test/auto/InitialStateFeedback.xml (RunModel)" time="0.018" />
  <testcase classname="ptolemy.util.test.junit.AutoTests" name="[69] /home/travis/build/icyphy/ptII/ptolemy/domains/continuous/test/auto/Integration.xml (RunModel)" time="0.01" />
  <testcase classname="ptolemy.util.test.junit.AutoTests" name="[70] /home/travis/build/icyphy/ptII/ptolemy/domains/continuous/test/auto/Integration2.xml (RunModel)" time="0.117" />
  <testcase classname="ptolemy.util.test.junit.AutoTests" name="[71] /home/travis/build/icyphy/ptII/ptolemy/domains/continuous/test/auto/Integration3.xml (RunModel)" time="0.012" />
  <testcase classname="ptolemy.util.test.junit.AutoTests" name="[72] /home/travis/build/icyphy/ptII/ptolemy/domains/continuous/test/auto/Integration5.xml (RunModel)" time="0.021" />
  <testcase classname="ptolemy.util.test.junit.AutoTests" name="[73] /home/travis/build/icyphy/ptII/ptolemy/domains/continuous/test/auto/IntegratorImpulse.xml (RunModel)" time="0.014" />
  <testcase classname="ptolemy.util.test.junit.AutoTests" name="[74] /home/travis/build/icyphy/ptII/ptolemy/domains/continuous/test/auto/IntegratorImpulse2.xml (RunModel)" time="0.019" />
  <testcase classname="ptolemy.util.test.junit.AutoTests" name="[75] /home/travis/build/icyphy/ptII/ptolemy/domains/continuous/test/auto/LevelCrossing1.xml (RunModel)" time="0.012" />
  <testcase classname="ptolemy.util.test.junit.AutoTests" name="[76] /home/travis/build/icyphy/ptII/ptolemy/domains/continuous/test/auto/LevelCrossing2.xml (RunModel)" time="0.012" />
  <testcase classname="ptolemy.util.test.junit.AutoTests" name="[77] /home/travis/build/icyphy/ptII/ptolemy/domains/continuous/test/auto/LevelCrossing3.xml (RunModel)" time="0.013" />
  <testcase classname="ptolemy.util.test.junit.AutoTests" name="[78] /home/travis/build/icyphy/ptII/ptolemy/domains/continuous/test/auto/LevelCrossing4.xml (RunModel)" time="0.019" />
  <testcase classname="ptolemy.util.test.junit.AutoTests" name="[79] /home/travis/build/icyphy/ptII/ptolemy/domains/continuous/test/auto/LevelCrossing5.xml (RunModel)" time="0.013" />
  <testcase classname="ptolemy.util.test.junit.AutoTests" name="[80] /home/travis/build/icyphy/ptII/ptolemy/domains/continuous/test/auto/LevelCrossing6.xml (RunModel)" time="0.014" />
  <testcase classname="ptolemy.util.test.junit.AutoTests" name="[81] /home/travis/build/icyphy/ptII/ptolemy/domains/continuous/test/auto/LevelCrossingDetector.xml (RunModel)" time="0.039" />
  <testcase classname="ptolemy.util.test.junit.AutoTests" name="[82] /home/travis/build/icyphy/ptII/ptolemy/domains/continuous/test/auto/LevelCrossingDetectorDetectingDirections.xml (RunModel)" time="0.089" />
  <testcase classname="ptolemy.util.test.junit.AutoTests" name="[83] /home/travis/build/icyphy/ptII/ptolemy/domains/continuous/test/auto/LevelCrossingDetectorDetectsGlitches.xml (RunModel)" time="0.06" />
  <testcase classname="ptolemy.util.test.junit.AutoTests" name="[84] /home/travis/build/icyphy/ptII/ptolemy/domains/continuous/test/auto/LevelCrossingNoInitialOuput.xml (RunModel)" time="0.02" />
  <testcase classname="ptolemy.util.test.junit.AutoTests" name="[85] /home/travis/build/icyphy/ptII/ptolemy/domains/continuous/test/auto/LinearStateSpaceExample.xml (RunModel)" time="0.063" />
  <testcase classname="ptolemy.util.test.junit.AutoTests" name="[86] /home/travis/build/icyphy/ptII/ptolemy/domains/continuous/test/auto/Lorenz.xml (RunModel)" time="4.278" />
  <testcase classname="ptolemy.util.test.junit.AutoTests" name="[87] /home/travis/build/icyphy/ptII/ptolemy/domains/continuous/test/auto/LorenzDifferentialSystem.xml (RunModel)" time="1.287" />
  <testcase classname="ptolemy.util.test.junit.AutoTests" name="[88] /home/travis/build/icyphy/ptII/ptolemy/domains/continuous/test/auto/LorenzDifferentialSystemWithInput.xml (RunModel)" time="1.391" />
  <testcase classname="ptolemy.util.test.junit.AutoTests" name="[89] /home/travis/build/icyphy/ptII/ptolemy/domains/continuous/test/auto/LorenzDifferentialSystemWithTime.xml (RunModel)" time="0.742" />
  <testcase classname="ptolemy.util.test.junit.AutoTests" name="[90] /home/travis/build/icyphy/ptII/ptolemy/domains/continuous/test/auto/Microsteps.xml (RunModel)" time="0.031" />
  <testcase classname="ptolemy.util.test.junit.AutoTests" name="[91] /home/travis/build/icyphy/ptII/ptolemy/domains/continuous/test/auto/Modal1.xml (RunModel)" time="0.042" />
  <testcase classname="ptolemy.util.test.junit.AutoTests" name="[92] /home/travis/build/icyphy/ptII/ptolemy/domains/continuous/test/auto/Modal2.xml (RunModel)" time="0.046" />
  <testcase classname="ptolemy.util.test.junit.AutoTests" name="[93] /home/travis/build/icyphy/ptII/ptolemy/domains/continuous/test/auto/ModalTransitionGuardWithReset.xml (RunModel)" time="0.025" />
  <testcase classname="ptolemy.util.test.junit.AutoTests" name="[94] /home/travis/build/icyphy/ptII/ptolemy/domains/continuous/test/auto/ModalTransitionGuardWithResetUsingPreemptiveTransition.xml (RunModel)" time="0.032" />
  <testcase classname="ptolemy.util.test.junit.AutoTests" name="[95] /home/travis/build/icyphy/ptII/ptolemy/domains/continuous/test/auto/ModalTransitionGuardWithResetUsingPreemptiveTransition2.xml (RunModel)" time="0.037" />
  <testcase classname="ptolemy.util.test.junit.AutoTests" name="[96] /home/travis/build/icyphy/ptII/ptolemy/domains/continuous/test/auto/ModalTransitionGuardWithResetUsingPreemptiveTransition3.xml (RunModel)" time="0.023" />
  <testcase classname="ptolemy.util.test.junit.AutoTests" name="[97] /home/travis/build/icyphy/ptII/ptolemy/domains/continuous/test/auto/NewtonsCradle.xml (RunModel)" time="0.837" />
  <testcase classname="ptolemy.util.test.junit.AutoTests" name="[98] /home/travis/build/icyphy/ptII/ptolemy/domains/continuous/test/auto/NewtonsCradleAnimated.xml (RunModel)" time="1.309" />
  <testcase classname="ptolemy.util.test.junit.AutoTests" name="[99] /home/travis/build/icyphy/ptII/ptolemy/domains/continuous/test/auto/NewtonsCradleComplicated.xml (RunModel)" time="0.969" />
  <testcase classname="ptolemy.util.test.junit.AutoTests" name="[100] /home/travis/build/icyphy/ptII/ptolemy/domains/continuous/test/auto/NewtonsCradleNondeterministic.xml (RunModel)" time="0.724" />
  <testcase classname="ptolemy.util.test.junit.AutoTests" name="[101] /home/travis/build/icyphy/ptII/ptolemy/domains/continuous/test/auto/NewtonsCradlePerfectlyInelastic1.xml (RunModel)" time="1.475" />
  <testcase classname="ptolemy.util.test.junit.AutoTests" name="[102] /home/travis/build/icyphy/ptII/ptolemy/domains/continuous/test/auto/Noise.xml (RunModel)" time="0.2" />
  <testcase classname="ptolemy.util.test.junit.AutoTests" name="[103] /home/travis/build/icyphy/ptII/ptolemy/domains/continuous/test/auto/NoiseSpectrum.xml (RunModel)" time="0.851" />
  <testcase classname="ptolemy.util.test.junit.AutoTests" name="[104] /home/travis/build/icyphy/ptII/ptolemy/domains/continuous/test/auto/ParameterizedNewtonsCradleAnimated.xml (RunModel)" time="0.394" />
  <testcase classname="ptolemy.util.test.junit.AutoTests" name="[105] /home/travis/build/icyphy/ptII/ptolemy/domains/continuous/test/auto/ParameterizedNewtonsCradleAnimatedNondeterministic.xml (RunModel)" time="1.243" />
  <testcase classname="ptolemy.util.test.junit.AutoTests" name="[106] /home/travis/build/icyphy/ptII/ptolemy/domains/continuous/test/auto/Pendulum3D.xml (RunModel)" time="0.167" />
  <testcase classname="ptolemy.util.test.junit.AutoTests" name="[107] /home/travis/build/icyphy/ptII/ptolemy/domains/continuous/test/auto/PeriodicSampler.xml (RunModel)" time="0.009" />
  <testcase classname="ptolemy.util.test.junit.AutoTests" name="[108] /home/travis/build/icyphy/ptII/ptolemy/domains/continuous/test/auto/PeriodicSampler1.xml (RunModel)" time="0.039" />
  <testcase classname="ptolemy.util.test.junit.AutoTests" name="[109] /home/travis/build/icyphy/ptII/ptolemy/domains/continuous/test/auto/PeriodicSampler2.xml (RunModel)" time="0.08" />
  <testcase classname="ptolemy.util.test.junit.AutoTests" name="[110] /home/travis/build/icyphy/ptII/ptolemy/domains/continuous/test/auto/Poisson.xml (RunModel)" time="0.463" />
  <testcase classname="ptolemy.util.test.junit.AutoTests" name="[111] /home/travis/build/icyphy/ptII/ptolemy/domains/continuous/test/auto/PoissonClock.xml (RunModel)" time="0.017" />
  <testcase classname="ptolemy.util.test.junit.AutoTests" name="[112] /home/travis/build/icyphy/ptII/ptolemy/domains/continuous/test/auto/PoissonClock2.xml (RunModel)" time="0.012" />
  <testcase classname="ptolemy.util.test.junit.AutoTests" name="[113] /home/travis/build/icyphy/ptII/ptolemy/domains/continuous/test/auto/PortParameterHierarchy.xml (RunModel)" time="0.032" />
  <testcase classname="ptolemy.util.test.junit.AutoTests" name="[114] /home/travis/build/icyphy/ptII/ptolemy/domains/continuous/test/auto/RandomHybridPlant.xml (RunModel)" time="0.567" />
  <testcase classname="ptolemy.util.test.junit.AutoTests" name="[115] /home/travis/build/icyphy/ptII/ptolemy/domains/continuous/test/auto/ResetTransitionWithStartTime1.xml (RunModel)" time="0.038" />
  <testcase classname="ptolemy.util.test.junit.AutoTests" name="[116] /home/travis/build/icyphy/ptII/ptolemy/domains/continuous/test/auto/ResetTransitionWithStartTime2.xml (RunModel)" time="0.041" />
  <testcase classname="ptolemy.util.test.junit.AutoTests" name="[117] /home/travis/build/icyphy/ptII/ptolemy/domains/continuous/test/auto/ResetTransitionWithStartTime3.xml (RunModel)" time="0.048" />
  <testcase classname="ptolemy.util.test.junit.AutoTests" name="[118] /home/travis/build/icyphy/ptII/ptolemy/domains/continuous/test/auto/ResetTransitionWithStartTime4.xml (RunModel)" time="0.027" />
  <testcase classname="ptolemy.util.test.junit.AutoTests" name="[119] /home/travis/build/icyphy/ptII/ptolemy/domains/continuous/test/auto/ResetTransitionWithStartTime5.xml (RunModel)" time="0.045" />
  <testcase classname="ptolemy.util.test.junit.AutoTests" name="[120] /home/travis/build/icyphy/ptII/ptolemy/domains/continuous/test/auto/ResetTransitionWithStartTime6.xml (RunModel)" time="0.026" />
  <testcase classname="ptolemy.util.test.junit.AutoTests" name="[121] /home/travis/build/icyphy/ptII/ptolemy/domains/continuous/test/auto/SRinContinuous.xml (RunModel)" time="0.023" />
  <testcase classname="ptolemy.util.test.junit.AutoTests" name="[122] /home/travis/build/icyphy/ptII/ptolemy/domains/continuous/test/auto/SampledClocks.xml (RunModel)" time="0.038" />
  <testcase classname="ptolemy.util.test.junit.AutoTests" name="[123] /home/travis/build/icyphy/ptII/ptolemy/domains/continuous/test/auto/Satellite.xml (RunModel)" time="0.891" />
  <testcase classname="ptolemy.util.test.junit.AutoTests" name="[124] /home/travis/build/icyphy/ptII/ptolemy/domains/continuous/test/auto/SigmaDelta.xml (RunModel)" time="2.511" />
  <testcase classname="ptolemy.util.test.junit.AutoTests" name="[125] /home/travis/build/icyphy/ptII/ptolemy/domains/continuous/test/auto/SingleRefinement.xml (RunModel)" time="0.418" />
  <testcase classname="ptolemy.util.test.junit.AutoTests" name="[126] /home/travis/build/icyphy/ptII/ptolemy/domains/continuous/test/auto/SinuBouncingBall.xml (RunModel)" time="0.919" />
  <testcase classname="ptolemy.util.test.junit.AutoTests" name="[127] /home/travis/build/icyphy/ptII/ptolemy/domains/continuous/test/auto/Sinusoid.xml (RunModel)" time="0.025" />
  <testcase classname="ptolemy.util.test.junit.AutoTests" name="[128] /home/travis/build/icyphy/ptII/ptolemy/domains/continuous/test/auto/SinusoidInNoise.xml (RunModel)" time="1.029" />
  <testcase classname="ptolemy.util.test.junit.AutoTests" name="[129] /home/travis/build/icyphy/ptII/ptolemy/domains/continuous/test/auto/SinusoidRK45.xml (RunModel)" time="0.011" />
  <testcase classname="ptolemy.util.test.junit.AutoTests" name="[130] /home/travis/build/icyphy/ptII/ptolemy/domains/continuous/test/auto/SinusoidWithMultipleImpulses.xml (RunModel)" time="0.018" />
  <testcase classname="ptolemy.util.test.junit.AutoTests" name="[131] /home/travis/build/icyphy/ptII/ptolemy/domains/continuous/test/auto/SquareWave.xml (RunModel)" time="0.207" />
  <testcase classname="ptolemy.util.test.junit.AutoTests" name="[132] /home/travis/build/icyphy/ptII/ptolemy/domains/continuous/test/auto/Starmac.xml (RunModel)" time="3.388" />
  <testcase classname="ptolemy.util.test.junit.AutoTests" name="[133] /home/travis/build/icyphy/ptII/ptolemy/domains/continuous/test/auto/StaticUnits.xml (RunModel)" time="2.723" />
  <testcase classname="ptolemy.util.test.junit.AutoTests" name="[134] /home/travis/build/icyphy/ptII/ptolemy/domains/continuous/test/auto/StickyMasses.xml (RunModel)" time="0.208" />
  <testcase classname="ptolemy.util.test.junit.AutoTests" name="[135] /home/travis/build/icyphy/ptII/ptolemy/domains/continuous/test/auto/StopTime.xml (RunModel)" time="0.065" />
  <testcase classname="ptolemy.util.test.junit.AutoTests" name="[136] /home/travis/build/icyphy/ptII/ptolemy/domains/continuous/test/auto/StopTime2.xml (RunModel)" time="0.055" />
  <testcase classname="ptolemy.util.test.junit.AutoTests" name="[137] /home/travis/build/icyphy/ptII/ptolemy/domains/continuous/test/auto/Switch.xml (RunModel)" time="0.067" />
  <testcase classname="ptolemy.util.test.junit.AutoTests" name="[138] /home/travis/build/icyphy/ptII/ptolemy/domains/continuous/test/auto/Thermostat.xml (RunModel)" time="0.213" />
  <testcase classname="ptolemy.util.test.junit.AutoTests" name="[139] /home/travis/build/icyphy/ptII/ptolemy/domains/continuous/test/auto/TimeDelay.xml (RunModel)" time="0.013" />
  <testcase classname="ptolemy.util.test.junit.AutoTests" name="[140] /home/travis/build/icyphy/ptII/ptolemy/domains/continuous/test/auto/TimeDelay2.xml (RunModel)" time="0.025" />
  <testcase classname="ptolemy.util.test.junit.AutoTests" name="[141] /home/travis/build/icyphy/ptII/ptolemy/domains/continuous/test/auto/TimeDelay3.xml (RunModel)" time="0.009" />
  <testcase classname="ptolemy.util.test.junit.AutoTests" name="[142] /home/travis/build/icyphy/ptII/ptolemy/domains/continuous/test/auto/TransferAbsentToInside.xml (RunModel)" time="0.111" />
  <testcase classname="ptolemy.util.test.junit.AutoTests" name="[143] /home/travis/build/icyphy/ptII/ptolemy/domains/continuous/test/auto/Transmission.xml (RunModel)" time="0.831" />
  <testcase classname="ptolemy.util.test.junit.AutoTests" name="[144] /home/travis/build/icyphy/ptII/ptolemy/domains/continuous/test/auto/TriggeredContinuousClock.xml (RunModel)" time="0.067" />
  <testcase classname="ptolemy.util.test.junit.AutoTests" name="[145] /home/travis/build/icyphy/ptII/ptolemy/domains/continuous/test/auto/TwoMachineInfiniteBusControl.xml (RunModel)" time="2.986" />
  <testcase classname="ptolemy.util.test.junit.AutoTests" name="[146] /home/travis/build/icyphy/ptII/ptolemy/domains/continuous/test/auto/V2V.xml (RunModel)" time="0.925" />
  <testcase classname="ptolemy.util.test.junit.AutoTests" name="[147] /home/travis/build/icyphy/ptII/ptolemy/domains/continuous/test/auto/hierarchicalModalModel.xml (RunModel)" time="0.029" />
  <testcase classname="ptolemy.util.test.junit.AutoTests" name="[148] /home/travis/build/icyphy/ptII/ptolemy/domains/continuous/test/auto/hierarchicalModalModel1.xml (RunModel)" time="0.034" />
  <testcase classname="ptolemy.util.test.junit.AutoTests" name="[149] /home/travis/build/icyphy/ptII/ptolemy/domains/continuous/test/auto/hierarchicalModalModel2.xml (RunModel)" time="0.027" />
  <testcase classname="ptolemy.util.test.junit.AutoTests" name="[150] /home/travis/build/icyphy/ptII/ptolemy/domains/continuous/test/auto/hierarchicalModalModel3.xml (RunModel)" time="0.022" />
  <testcase classname="ptolemy.util.test.junit.AutoTests" name="[151] /home/travis/build/icyphy/ptII/ptolemy/domains/continuous/test/auto/hierarchicalModalModel4.xml (RunModel)" time="0.047" />
  <testcase classname="ptolemy.util.test.junit.AutoTests" name="[152] /home/travis/build/icyphy/ptII/ptolemy/domains/continuous/test/auto/junk.xml (RunModel)" time="0.181" />
  <system-out><![CDATA[No tcl tests in /home/travis/build/icyphy/ptII/ptolemy/domains/continuous/test
No auto/knownFailedTests/*.xml tests in /home/travis/build/icyphy/ptII/ptolemy/domains/continuous/test
No auto/linux-amd64/*.xml tests in /home/travis/build/icyphy/ptII/ptolemy/domains/continuous/test
AutoTests.java: About to close Vertx.
AutoTests.java: Vertx closed.

===========================================================================================
----------------- testing Wed Sep 25 05:41:44 UTC 2019 /home/travis/build/icyphy/ptII/ptolemy/domains/continuous/test/auto/BouncingBall.xml
----------------- Instantiating /home/travis/build/icyphy/ptII/ptolemy/domains/continuous/test/auto/BouncingBall.xml
2454 ms. Memory: 158720K Free: 112473K (71%)
----------------- Invoking toplevel() on ptolemy.moml.MoMLSimpleApplication@1c41eff7
----------------- Done invoking toplevel() on ptolemy.moml.MoMLSimpleApplication@1c41eff7
reloadAllAccessors: .BouncingBall

===========================================================================================
----------------- testing Wed Sep 25 05:41:47 UTC 2019 /home/travis/build/icyphy/ptII/ptolemy/domains/continuous/test/auto/BouncingBallWithoutGR.xml
----------------- Instantiating /home/travis/build/icyphy/ptII/ptolemy/domains/continuous/test/auto/BouncingBallWithoutGR.xml
909 ms. Memory: 190464K Free: 167200K (88%)
----------------- Invoking toplevel() on ptolemy.moml.MoMLSimpleApplication@27c27777
----------------- Done invoking toplevel() on ptolemy.moml.MoMLSimpleApplication@27c27777
reloadAllAccessors: .BouncingBallWithoutGR

===========================================================================================
----------------- testing Wed Sep 25 05:41:48 UTC 2019 /home/travis/build/icyphy/ptII/ptolemy/domains/continuous/test/auto/Brownian.xml
----------------- Instantiating /home/travis/build/icyphy/ptII/ptolemy/domains/continuous/test/auto/Brownian.xml
45 ms. Memory: 190464K Free: 158498K (83%)
----------------- Invoking toplevel() on ptolemy.moml.MoMLSimpleApplication@3c2cf2be
----------------- Done invoking toplevel() on ptolemy.moml.MoMLSimpleApplication@3c2cf2be
reloadAllAccessors: .Brownian

===========================================================================================
----------------- testing Wed Sep 25 05:41:48 UTC 2019 /home/travis/build/icyphy/ptII/ptolemy/domains/continuous/test/auto/CarTracking.xml
----------------- Instantiating /home/travis/build/icyphy/ptII/ptolemy/domains/continuous/test/auto/CarTracking.xml
3437 ms. Memory: 229376K Free: 184820K (81%)
----------------- Invoking toplevel() on ptolemy.moml.MoMLSimpleApplication@66d8072d
----------------- Done invoking toplevel() on ptolemy.moml.MoMLSimpleApplication@66d8072d
reloadAllAccessors: .CarTracking

===========================================================================================
----------------- testing Wed Sep 25 05:41:52 UTC 2019 /home/travis/build/icyphy/ptII/ptolemy/domains/continuous/test/auto/CartPendulum.xml
----------------- Instantiating /home/travis/build/icyphy/ptII/ptolemy/domains/continuous/test/auto/CartPendulum.xml
467 ms. Memory: 229376K Free: 91140K (40%)
----------------- Invoking toplevel() on ptolemy.moml.MoMLSimpleApplication@5323065
----------------- Done invoking toplevel() on ptolemy.moml.MoMLSimpleApplication@5323065
reloadAllAccessors: .CartPendulum

===========================================================================================
----------------- testing Wed Sep 25 05:41:53 UTC 2019 /home/travis/build/icyphy/ptII/ptolemy/domains/continuous/test/auto/CausalityInterface10.xml
----------------- Instantiating /home/travis/build/icyphy/ptII/ptolemy/domains/continuous/test/auto/CausalityInterface10.xml
13 ms. Memory: 229376K Free: 215716K (94%)
----------------- Invoking toplevel() on ptolemy.moml.MoMLSimpleApplication@3098cb49
----------------- Done invoking toplevel() on ptolemy.moml.MoMLSimpleApplication@3098cb49
reloadAllAccessors: .CausalityInterface10

===========================================================================================
----------------- testing Wed Sep 25 05:41:53 UTC 2019 /home/travis/build/icyphy/ptII/ptolemy/domains/continuous/test/auto/CausalityInterface11.xml
----------------- Instantiating /home/travis/build/icyphy/ptII/ptolemy/domains/continuous/test/auto/CausalityInterface11.xml
4 ms. Memory: 229376K Free: 209574K (91%)
----------------- Invoking toplevel() on ptolemy.moml.MoMLSimpleApplication@1bfa57c6
----------------- Done invoking toplevel() on ptolemy.moml.MoMLSimpleApplication@1bfa57c6
reloadAllAccessors: .CausalityInterface11

===========================================================================================
----------------- testing Wed Sep 25 05:41:53 UTC 2019 /home/travis/build/icyphy/ptII/ptolemy/domains/continuous/test/auto/CausalityInterface12.xml
----------------- Instantiating /home/travis/build/icyphy/ptII/ptolemy/domains/continuous/test/auto/CausalityInterface12.xml
5 ms. Memory: 229376K Free: 203430K (89%)
----------------- Invoking toplevel() on ptolemy.moml.MoMLSimpleApplication@20993d0c
----------------- Done invoking toplevel() on ptolemy.moml.MoMLSimpleApplication@20993d0c
reloadAllAccessors: .CausalityInterface12

===========================================================================================
----------------- testing Wed Sep 25 05:41:53 UTC 2019 /home/travis/build/icyphy/ptII/ptolemy/domains/continuous/test/auto/CausalityInterface13.xml
----------------- Instantiating /home/travis/build/icyphy/ptII/ptolemy/domains/continuous/test/auto/CausalityInterface13.xml
4 ms. Memory: 229376K Free: 197286K (86%)
----------------- Invoking toplevel() on ptolemy.moml.MoMLSimpleApplication@1a4a24c5
----------------- Done invoking toplevel() on ptolemy.moml.MoMLSimpleApplication@1a4a24c5
reloadAllAccessors: .CausalityInterface13

===========================================================================================
----------------- testing Wed Sep 25 05:41:53 UTC 2019 /home/travis/build/icyphy/ptII/ptolemy/domains/continuous/test/auto/CausalityInterface14.xml
----------------- Instantiating /home/travis/build/icyphy/ptII/ptolemy/domains/continuous/test/auto/CausalityInterface14.xml
4 ms. Memory: 229376K Free: 191652K (84%)
----------------- Invoking toplevel() on ptolemy.moml.MoMLSimpleApplication@1b2db824
----------------- Done invoking toplevel() on ptolemy.moml.MoMLSimpleApplication@1b2db824
reloadAllAccessors: .CausalityInterface14

===========================================================================================
----------------- testing Wed Sep 25 05:41:53 UTC 2019 /home/travis/build/icyphy/ptII/ptolemy/domains/continuous/test/auto/CausalityInterface4.xml
----------------- Instantiating /home/travis/build/icyphy/ptII/ptolemy/domains/continuous/test/auto/CausalityInterface4.xml
4 ms. Memory: 229376K Free: 184998K (81%)
----------------- Invoking toplevel() on ptolemy.moml.MoMLSimpleApplication@d0884f7
----------------- Done invoking toplevel() on ptolemy.moml.MoMLSimpleApplication@d0884f7
reloadAllAccessors: .CausalityInterface4

===========================================================================================
----------------- testing Wed Sep 25 05:41:53 UTC 2019 /home/travis/build/icyphy/ptII/ptolemy/domains/continuous/test/auto/CausalityInterface5.xml
----------------- Instantiating /home/travis/build/icyphy/ptII/ptolemy/domains/continuous/test/auto/CausalityInterface5.xml
7 ms. Memory: 229376K Free: 176806K (77%)
----------------- Invoking toplevel() on ptolemy.moml.MoMLSimpleApplication@7f08e970
----------------- Done invoking toplevel() on ptolemy.moml.MoMLSimpleApplication@7f08e970
reloadAllAccessors: .CausalityInterface5

===========================================================================================
----------------- testing Wed Sep 25 05:41:53 UTC 2019 /home/travis/build/icyphy/ptII/ptolemy/domains/continuous/test/auto/CausalityInterface6.xml
----------------- Instantiating /home/travis/build/icyphy/ptII/ptolemy/domains/continuous/test/auto/CausalityInterface6.xml
6 ms. Memory: 229376K Free: 171158K (75%)
----------------- Invoking toplevel() on ptolemy.moml.MoMLSimpleApplication@5ebd6ce
----------------- Done invoking toplevel() on ptolemy.moml.MoMLSimpleApplication@5ebd6ce
reloadAllAccessors: .CausalityInterface6

===========================================================================================
----------------- testing Wed Sep 25 05:41:53 UTC 2019 /home/travis/build/icyphy/ptII/ptolemy/domains/continuous/test/auto/CausalityInterface7.xml
----------------- Instantiating /home/travis/build/icyphy/ptII/ptolemy/domains/continuous/test/auto/CausalityInterface7.xml
8 ms. Memory: 229376K Free: 162980K (71%)
----------------- Invoking toplevel() on ptolemy.moml.MoMLSimpleApplication@6fd1088b
----------------- Done invoking toplevel() on ptolemy.moml.MoMLSimpleApplication@6fd1088b
reloadAllAccessors: .CausalityInterface7

===========================================================================================
----------------- testing Wed Sep 25 05:41:53 UTC 2019 /home/travis/build/icyphy/ptII/ptolemy/domains/continuous/test/auto/CausalityInterface8.xml
----------------- Instantiating /home/travis/build/icyphy/ptII/ptolemy/domains/continuous/test/auto/CausalityInterface8.xml
6 ms. Memory: 229376K Free: 153764K (67%)
----------------- Invoking toplevel() on ptolemy.moml.MoMLSimpleApplication@20ee3af2
----------------- Done invoking toplevel() on ptolemy.moml.MoMLSimpleApplication@20ee3af2
reloadAllAccessors: .CausalityInterface8

===========================================================================================
----------------- testing Wed Sep 25 05:41:53 UTC 2019 /home/travis/build/icyphy/ptII/ptolemy/domains/continuous/test/auto/CausalityInterface9.xml
----------------- Instantiating /home/travis/build/icyphy/ptII/ptolemy/domains/continuous/test/auto/CausalityInterface9.xml
8 ms. Memory: 229376K Free: 143014K (62%)
----------------- Invoking toplevel() on ptolemy.moml.MoMLSimpleApplication@21e20d20
----------------- Done invoking toplevel() on ptolemy.moml.MoMLSimpleApplication@21e20d20
reloadAllAccessors: .CausalityInterface9

===========================================================================================
----------------- testing Wed Sep 25 05:41:53 UTC 2019 /home/travis/build/icyphy/ptII/ptolemy/domains/continuous/test/auto/CausalityInterfaceFeedback1.xml
----------------- Instantiating /home/travis/build/icyphy/ptII/ptolemy/domains/continuous/test/auto/CausalityInterfaceFeedback1.xml
8 ms. Memory: 229376K Free: 136342K (59%)
----------------- Invoking toplevel() on ptolemy.moml.MoMLSimpleApplication@7bf54180
----------------- Done invoking toplevel() on ptolemy.moml.MoMLSimpleApplication@7bf54180
reloadAllAccessors: .CausalityInterfaceFeedback1

===========================================================================================
----------------- testing Wed Sep 25 05:41:53 UTC 2019 /home/travis/build/icyphy/ptII/ptolemy/domains/continuous/test/auto/CausalityInterfaceFeedback2.xml
----------------- Instantiating /home/travis/build/icyphy/ptII/ptolemy/domains/continuous/test/auto/CausalityInterfaceFeedback2.xml
3 ms. Memory: 229376K Free: 129702K (57%)
----------------- Invoking toplevel() on ptolemy.moml.MoMLSimpleApplication@4c65f613
----------------- Done invoking toplevel() on ptolemy.moml.MoMLSimpleApplication@4c65f613
reloadAllAccessors: .CausalityInterfaceFeedback2

===========================================================================================
----------------- testing Wed Sep 25 05:41:53 UTC 2019 /home/travis/build/icyphy/ptII/ptolemy/domains/continuous/test/auto/CompareWithCurrentTime.xml
----------------- Instantiating /home/travis/build/icyphy/ptII/ptolemy/domains/continuous/test/auto/CompareWithCurrentTime.xml
4 ms. Memory: 229376K Free: 125606K (55%)
----------------- Invoking toplevel() on ptolemy.moml.MoMLSimpleApplication@162d363
----------------- Done invoking toplevel() on ptolemy.moml.MoMLSimpleApplication@162d363
reloadAllAccessors: .CompareWithCurrentTime

===========================================================================================
----------------- testing Wed Sep 25 05:41:53 UTC 2019 /home/travis/build/icyphy/ptII/ptolemy/domains/continuous/test/auto/ComparedClocks.xml
----------------- Instantiating /home/travis/build/icyphy/ptII/ptolemy/domains/continuous/test/auto/ComparedClocks.xml
11 ms. Memory: 229376K Free: 110246K (48%)
----------------- Invoking toplevel() on ptolemy.moml.MoMLSimpleApplication@130db2b1
----------------- Done invoking toplevel() on ptolemy.moml.MoMLSimpleApplication@130db2b1
reloadAllAccessors: .ComparedClocks

===========================================================================================
----------------- testing Wed Sep 25 05:41:53 UTC 2019 /home/travis/build/icyphy/ptII/ptolemy/domains/continuous/test/auto/ContinuousAOCClone.xml
----------------- Instantiating /home/travis/build/icyphy/ptII/ptolemy/domains/continuous/test/auto/ContinuousAOCClone.xml
2602 ms. Memory: 275456K Free: 217057K (79%)
----------------- Invoking toplevel() on ptolemy.moml.MoMLSimpleApplication@298324eb
----------------- Done invoking toplevel() on ptolemy.moml.MoMLSimpleApplication@298324eb
reloadAllAccessors: .ContinuousAOCClone

===========================================================================================
----------------- testing Wed Sep 25 05:41:56 UTC 2019 /home/travis/build/icyphy/ptII/ptolemy/domains/continuous/test/auto/ContinuousClock.xml
----------------- Instantiating /home/travis/build/icyphy/ptII/ptolemy/domains/continuous/test/auto/ContinuousClock.xml
37 ms. Memory: 275456K Free: 195545K (71%)
----------------- Invoking toplevel() on ptolemy.moml.MoMLSimpleApplication@28651060
----------------- Done invoking toplevel() on ptolemy.moml.MoMLSimpleApplication@28651060
reloadAllAccessors: .ContinuousClock

===========================================================================================
----------------- testing Wed Sep 25 05:41:56 UTC 2019 /home/travis/build/icyphy/ptII/ptolemy/domains/continuous/test/auto/ContinuousInContinuous.xml
----------------- Instantiating /home/travis/build/icyphy/ptII/ptolemy/domains/continuous/test/auto/ContinuousInContinuous.xml
59 ms. Memory: 275456K Free: 171977K (62%)
----------------- Invoking toplevel() on ptolemy.moml.MoMLSimpleApplication@25f7b3ce
----------------- Done invoking toplevel() on ptolemy.moml.MoMLSimpleApplication@25f7b3ce
reloadAllAccessors: .ContinuousInContinuous

===========================================================================================
----------------- testing Wed Sep 25 05:41:56 UTC 2019 /home/travis/build/icyphy/ptII/ptolemy/domains/continuous/test/auto/ContinuousInContinuousInContinuous.xml
----------------- Instantiating /home/travis/build/icyphy/ptII/ptolemy/domains/continuous/test/auto/ContinuousInContinuousInContinuous.xml
8 ms. Memory: 275456K Free: 163816K (59%)
----------------- Invoking toplevel() on ptolemy.moml.MoMLSimpleApplication@4050edac
----------------- Done invoking toplevel() on ptolemy.moml.MoMLSimpleApplication@4050edac
reloadAllAccessors: .ContinuousInContinuousInContinuous

===========================================================================================
----------------- testing Wed Sep 25 05:41:56 UTC 2019 /home/travis/build/icyphy/ptII/ptolemy/domains/continuous/test/auto/ContinuousInDE.xml
----------------- Instantiating /home/travis/build/icyphy/ptII/ptolemy/domains/continuous/test/auto/ContinuousInDE.xml
109 ms. Memory: 275456K Free: 153066K (56%)
----------------- Invoking toplevel() on ptolemy.moml.MoMLSimpleApplication@3d21c0a8
----------------- Done invoking toplevel() on ptolemy.moml.MoMLSimpleApplication@3d21c0a8
reloadAllAccessors: .ContinuousInDE

===========================================================================================
----------------- testing Wed Sep 25 05:41:56 UTC 2019 /home/travis/build/icyphy/ptII/ptolemy/domains/continuous/test/auto/ContinuousInDE2.xml
----------------- Instantiating /home/travis/build/icyphy/ptII/ptolemy/domains/continuous/test/auto/ContinuousInDE2.xml
37 ms. Memory: 275456K Free: 143336K (52%)
----------------- Invoking toplevel() on ptolemy.moml.MoMLSimpleApplication@43e77b04
----------------- Done invoking toplevel() on ptolemy.moml.MoMLSimpleApplication@43e77b04
reloadAllAccessors: .ContinuousInDE2

===========================================================================================
----------------- testing Wed Sep 25 05:41:57 UTC 2019 /home/travis/build/icyphy/ptII/ptolemy/domains/continuous/test/auto/ContinuousInDE3.xml
----------------- Instantiating /home/travis/build/icyphy/ptII/ptolemy/domains/continuous/test/auto/ContinuousInDE3.xml
36 ms. Memory: 275456K Free: 133610K (49%)
----------------- Invoking toplevel() on ptolemy.moml.MoMLSimpleApplication@436c0a4d
----------------- Done invoking toplevel() on ptolemy.moml.MoMLSimpleApplication@436c0a4d
reloadAllAccessors: .ContinuousInDE3

===========================================================================================
----------------- testing Wed Sep 25 05:41:57 UTC 2019 /home/travis/build/icyphy/ptII/ptolemy/domains/continuous/test/auto/ContinuousInDE4.xml
----------------- Instantiating /home/travis/build/icyphy/ptII/ptolemy/domains/continuous/test/auto/ContinuousInDE4.xml
16 ms. Memory: 275456K Free: 127465K (46%)
----------------- Invoking toplevel() on ptolemy.moml.MoMLSimpleApplication@54ae3802
----------------- Done invoking toplevel() on ptolemy.moml.MoMLSimpleApplication@54ae3802
reloadAllAccessors: .ContinuousInDE4

===========================================================================================
----------------- testing Wed Sep 25 05:41:57 UTC 2019 /home/travis/build/icyphy/ptII/ptolemy/domains/continuous/test/auto/ContinuousInDEDifferentRefinements.xml
----------------- Instantiating /home/travis/build/icyphy/ptII/ptolemy/domains/continuous/test/auto/ContinuousInDEDifferentRefinements.xml
68 ms. Memory: 275456K Free: 260107K (94%)
----------------- Invoking toplevel() on ptolemy.moml.MoMLSimpleApplication@63d65671
----------------- Done invoking toplevel() on ptolemy.moml.MoMLSimpleApplication@63d65671
reloadAllAccessors: .ContinuousInDEDifferentRefinements

===========================================================================================
----------------- testing Wed Sep 25 05:41:57 UTC 2019 /home/travis/build/icyphy/ptII/ptolemy/domains/continuous/test/auto/ContinuousInDEDifferentRefinementsPreemptive.xml
----------------- Instantiating /home/travis/build/icyphy/ptII/ptolemy/domains/continuous/test/auto/ContinuousInDEDifferentRefinementsPreemptive.xml
52 ms. Memory: 275456K Free: 229331K (83%)
----------------- Invoking toplevel() on ptolemy.moml.MoMLSimpleApplication@561e86a6
----------------- Done invoking toplevel() on ptolemy.moml.MoMLSimpleApplication@561e86a6
reloadAllAccessors: .ContinuousInDEDifferentRefinementsPreemptive

===========================================================================================
----------------- testing Wed Sep 25 05:41:57 UTC 2019 /home/travis/build/icyphy/ptII/ptolemy/domains/continuous/test/auto/ContinuousInDEInContinuous2.xml
----------------- Instantiating /home/travis/build/icyphy/ptII/ptolemy/domains/continuous/test/auto/ContinuousInDEInContinuous2.xml
38 ms. Memory: 275456K Free: 218081K (79%)
----------------- Invoking toplevel() on ptolemy.moml.MoMLSimpleApplication@3a9eac91
----------------- Done invoking toplevel() on ptolemy.moml.MoMLSimpleApplication@3a9eac91
reloadAllAccessors: .ContinuousInDEInContinuous2

===========================================================================================
----------------- testing Wed Sep 25 05:41:57 UTC 2019 /home/travis/build/icyphy/ptII/ptolemy/domains/continuous/test/auto/ContinuousInDEInContinuous3.xml
----------------- Instantiating /home/travis/build/icyphy/ptII/ptolemy/domains/continuous/test/auto/ContinuousInDEInContinuous3.xml
33 ms. Memory: 275456K Free: 205793K (75%)
----------------- Invoking toplevel() on ptolemy.moml.MoMLSimpleApplication@4a16ea4
----------------- Done invoking toplevel() on ptolemy.moml.MoMLSimpleApplication@4a16ea4
reloadAllAccessors: .ContinuousInDEInContinuous3

===========================================================================================
----------------- testing Wed Sep 25 05:41:57 UTC 2019 /home/travis/build/icyphy/ptII/ptolemy/domains/continuous/test/auto/ContinuousInDEInput.xml
----------------- Instantiating /home/travis/build/icyphy/ptII/ptolemy/domains/continuous/test/auto/ContinuousInDEInput.xml
17 ms. Memory: 275456K Free: 198625K (72%)
----------------- Invoking toplevel() on ptolemy.moml.MoMLSimpleApplication@12faf7a2
----------------- Done invoking toplevel() on ptolemy.moml.MoMLSimpleApplication@12faf7a2
reloadAllAccessors: .ContinuousInDEInput

===========================================================================================
----------------- testing Wed Sep 25 05:41:57 UTC 2019 /home/travis/build/icyphy/ptII/ptolemy/domains/continuous/test/auto/ContinuousInDEInput2.xml
----------------- Instantiating /home/travis/build/icyphy/ptII/ptolemy/domains/continuous/test/auto/ContinuousInDEInput2.xml
15 ms. Memory: 275456K Free: 191457K (70%)
----------------- Invoking toplevel() on ptolemy.moml.MoMLSimpleApplication@5ecbef8b
----------------- Done invoking toplevel() on ptolemy.moml.MoMLSimpleApplication@5ecbef8b
reloadAllAccessors: .ContinuousInDEInput2

===========================================================================================
----------------- testing Wed Sep 25 05:41:57 UTC 2019 /home/travis/build/icyphy/ptII/ptolemy/domains/continuous/test/auto/ContinuousInDEInput3.xml
----------------- Instantiating /home/travis/build/icyphy/ptII/ptolemy/domains/continuous/test/auto/ContinuousInDEInput3.xml
17 ms. Memory: 275456K Free: 184289K (67%)
----------------- Invoking toplevel() on ptolemy.moml.MoMLSimpleApplication@444e2e4f
----------------- Done invoking toplevel() on ptolemy.moml.MoMLSimpleApplication@444e2e4f
reloadAllAccessors: .ContinuousInDEInput3

===========================================================================================
----------------- testing Wed Sep 25 05:41:57 UTC 2019 /home/travis/build/icyphy/ptII/ptolemy/domains/continuous/test/auto/ContinuousInDESharingRefinement.xml
----------------- Instantiating /home/travis/build/icyphy/ptII/ptolemy/domains/continuous/test/auto/ContinuousInDESharingRefinement.xml
168 ms. Memory: 275456K Free: 253936K (92%)
----------------- Invoking toplevel() on ptolemy.moml.MoMLSimpleApplication@13c603d6
----------------- Done invoking toplevel() on ptolemy.moml.MoMLSimpleApplication@13c603d6
reloadAllAccessors: .ContinuousInDESharingRefinement

===========================================================================================
----------------- testing Wed Sep 25 05:41:57 UTC 2019 /home/travis/build/icyphy/ptII/ptolemy/domains/continuous/test/auto/ContinuousInDEwithNoPorts.xml
----------------- Instantiating /home/travis/build/icyphy/ptII/ptolemy/domains/continuous/test/auto/ContinuousInDEwithNoPorts.xml
5 ms. Memory: 275456K Free: 249344K (91%)
----------------- Invoking toplevel() on ptolemy.moml.MoMLSimpleApplication@48b85c3e
----------------- Done invoking toplevel() on ptolemy.moml.MoMLSimpleApplication@48b85c3e
reloadAllAccessors: .ContinuousInDEwithNoPorts

===========================================================================================
----------------- testing Wed Sep 25 05:41:57 UTC 2019 /home/travis/build/icyphy/ptII/ptolemy/domains/continuous/test/auto/ContinuousInsideDE.xml
----------------- Instantiating /home/travis/build/icyphy/ptII/ptolemy/domains/continuous/test/auto/ContinuousInsideDE.xml
34 ms. Memory: 275456K Free: 238080K (86%)
----------------- Invoking toplevel() on ptolemy.moml.MoMLSimpleApplication@665c8db1
----------------- Done invoking toplevel() on ptolemy.moml.MoMLSimpleApplication@665c8db1
reloadAllAccessors: .ContinuousInsideDE

===========================================================================================
----------------- testing Wed Sep 25 05:41:57 UTC 2019 /home/travis/build/icyphy/ptII/ptolemy/domains/continuous/test/auto/ContinuousMerge1.xml
----------------- Instantiating /home/travis/build/icyphy/ptII/ptolemy/domains/continuous/test/auto/ContinuousMerge1.xml
3 ms. Memory: 275456K Free: 233440K (85%)
----------------- Invoking toplevel() on ptolemy.moml.MoMLSimpleApplication@22074219
----------------- Done invoking toplevel() on ptolemy.moml.MoMLSimpleApplication@22074219
reloadAllAccessors: .ContinuousMerge1

===========================================================================================
----------------- testing Wed Sep 25 05:41:57 UTC 2019 /home/travis/build/icyphy/ptII/ptolemy/domains/continuous/test/auto/ContinuousMerge2.xml
----------------- Instantiating /home/travis/build/icyphy/ptII/ptolemy/domains/continuous/test/auto/ContinuousMerge2.xml
15 ms. Memory: 275456K Free: 223230K (81%)
----------------- Invoking toplevel() on ptolemy.moml.MoMLSimpleApplication@6bdf82b5
----------------- Done invoking toplevel() on ptolemy.moml.MoMLSimpleApplication@6bdf82b5
reloadAllAccessors: .ContinuousMerge2

===========================================================================================
----------------- testing Wed Sep 25 05:41:57 UTC 2019 /home/travis/build/icyphy/ptII/ptolemy/domains/continuous/test/auto/ContinuousMerge3.xml
----------------- Instantiating /home/travis/build/icyphy/ptII/ptolemy/domains/continuous/test/auto/ContinuousMerge3.xml
44 ms. Memory: 275456K Free: 212480K (77%)
----------------- Invoking toplevel() on ptolemy.moml.MoMLSimpleApplication@77f79259
----------------- Done invoking toplevel() on ptolemy.moml.MoMLSimpleApplication@77f79259
reloadAllAccessors: .ContinuousMerge3

===========================================================================================
----------------- testing Wed Sep 25 05:41:58 UTC 2019 /home/travis/build/icyphy/ptII/ptolemy/domains/continuous/test/auto/ContinuousWithinContinuous.xml
----------------- Instantiating /home/travis/build/icyphy/ptII/ptolemy/domains/continuous/test/auto/ContinuousWithinContinuous.xml
35 ms. Memory: 275456K Free: 203264K (74%)
----------------- Invoking toplevel() on ptolemy.moml.MoMLSimpleApplication@70b47ee8
----------------- Done invoking toplevel() on ptolemy.moml.MoMLSimpleApplication@70b47ee8
reloadAllAccessors: .ContinuousWithinContinuous

===========================================================================================
----------------- testing Wed Sep 25 05:41:58 UTC 2019 /home/travis/build/icyphy/ptII/ptolemy/domains/continuous/test/auto/ContinuousWithinContinuous2.xml
----------------- Instantiating /home/travis/build/icyphy/ptII/ptolemy/domains/continuous/test/auto/ContinuousWithinContinuous2.xml
63 ms. Memory: 275456K Free: 193024K (70%)
----------------- Invoking toplevel() on ptolemy.moml.MoMLSimpleApplication@3e36fc85
----------------- Done invoking toplevel() on ptolemy.moml.MoMLSimpleApplication@3e36fc85
reloadAllAccessors: .ContinuousWithinContinuous2

===========================================================================================
----------------- testing Wed Sep 25 05:41:58 UTC 2019 /home/travis/build/icyphy/ptII/ptolemy/domains/continuous/test/auto/ContinuousWithinContinuous3.xml
----------------- Instantiating /home/travis/build/icyphy/ptII/ptolemy/domains/continuous/test/auto/ContinuousWithinContinuous3.xml
12 ms. Memory: 275456K Free: 185856K (67%)
----------------- Invoking toplevel() on ptolemy.moml.MoMLSimpleApplication@5d1dc0b4
----------------- Done invoking toplevel() on ptolemy.moml.MoMLSimpleApplication@5d1dc0b4
reloadAllAccessors: .ContinuousWithinContinuous3

===========================================================================================
----------------- testing Wed Sep 25 05:41:58 UTC 2019 /home/travis/build/icyphy/ptII/ptolemy/domains/continuous/test/auto/ContinuousWithinContinuous4.xml
----------------- Instantiating /home/travis/build/icyphy/ptII/ptolemy/domains/continuous/test/auto/ContinuousWithinContinuous4.xml
63 ms. Memory: 275456K Free: 173568K (63%)
----------------- Invoking toplevel() on ptolemy.moml.MoMLSimpleApplication@53e93bf8
----------------- Done invoking toplevel() on ptolemy.moml.MoMLSimpleApplication@53e93bf8
reloadAllAccessors: .ContinuousWithinContinuous4

===========================================================================================
----------------- testing Wed Sep 25 05:41:58 UTC 2019 /home/travis/build/icyphy/ptII/ptolemy/domains/continuous/test/auto/ContinuousWithinContinuous5.xml
----------------- Instantiating /home/travis/build/icyphy/ptII/ptolemy/domains/continuous/test/auto/ContinuousWithinContinuous5.xml
11 ms. Memory: 275456K Free: 166400K (60%)
----------------- Invoking toplevel() on ptolemy.moml.MoMLSimpleApplication@71d60d40
----------------- Done invoking toplevel() on ptolemy.moml.MoMLSimpleApplication@71d60d40
reloadAllAccessors: .ContinuousWithinContinuous5

===========================================================================================
----------------- testing Wed Sep 25 05:41:58 UTC 2019 /home/travis/build/icyphy/ptII/ptolemy/domains/continuous/test/auto/ContinuousWithinContinuous6.xml
----------------- Instantiating /home/travis/build/icyphy/ptII/ptolemy/domains/continuous/test/auto/ContinuousWithinContinuous6.xml
11 ms. Memory: 275456K Free: 159232K (58%)
----------------- Invoking toplevel() on ptolemy.moml.MoMLSimpleApplication@211c13c8
----------------- Done invoking toplevel() on ptolemy.moml.MoMLSimpleApplication@211c13c8
reloadAllAccessors: .ContinuousWithinContinuous6

===========================================================================================
----------------- testing Wed Sep 25 05:41:58 UTC 2019 /home/travis/build/icyphy/ptII/ptolemy/domains/continuous/test/auto/ContinuousWithinContinuous7.xml
----------------- Instantiating /home/travis/build/icyphy/ptII/ptolemy/domains/continuous/test/auto/ContinuousWithinContinuous7.xml
54 ms. Memory: 275456K Free: 148478K (54%)
----------------- Invoking toplevel() on ptolemy.moml.MoMLSimpleApplication@5ca53391
----------------- Done invoking toplevel() on ptolemy.moml.MoMLSimpleApplication@5ca53391
reloadAllAccessors: .ContinuousWithinContinuous7

===========================================================================================
----------------- testing Wed Sep 25 05:41:58 UTC 2019 /home/travis/build/icyphy/ptII/ptolemy/domains/continuous/test/auto/DCMotor.xml
----------------- Instantiating /home/travis/build/icyphy/ptII/ptolemy/domains/continuous/test/auto/DCMotor.xml
14681 ms. Memory: 275456K Free: 158225K (57%)
----------------- Invoking toplevel() on ptolemy.moml.MoMLSimpleApplication@75e2b713
----------------- Done invoking toplevel() on ptolemy.moml.MoMLSimpleApplication@75e2b713
reloadAllAccessors: .DCMotor

===========================================================================================
----------------- testing Wed Sep 25 05:42:13 UTC 2019 /home/travis/build/icyphy/ptII/ptolemy/domains/continuous/test/auto/DEInContinuous.xml
----------------- Instantiating /home/travis/build/icyphy/ptII/ptolemy/domains/continuous/test/auto/DEInContinuous.xml
18 ms. Memory: 275456K Free: 151585K (55%)
----------------- Invoking toplevel() on ptolemy.moml.MoMLSimpleApplication@443d6ea7
----------------- Done invoking toplevel() on ptolemy.moml.MoMLSimpleApplication@443d6ea7
reloadAllAccessors: .DEInContinuous

===========================================================================================
----------------- testing Wed Sep 25 05:42:13 UTC 2019 /home/travis/build/icyphy/ptII/ptolemy/domains/continuous/test/auto/DEinContinuous2.xml
----------------- Instantiating /home/travis/build/icyphy/ptII/ptolemy/domains/continuous/test/auto/DEinContinuous2.xml
8 ms. Memory: 275456K Free: 143889K (52%)
----------------- Invoking toplevel() on ptolemy.moml.MoMLSimpleApplication@2999e117
----------------- Done invoking toplevel() on ptolemy.moml.MoMLSimpleApplication@2999e117
reloadAllAccessors: .DEinContinuous2

===========================================================================================
----------------- testing Wed Sep 25 05:42:13 UTC 2019 /home/travis/build/icyphy/ptII/ptolemy/domains/continuous/test/auto/Derivative.xml
----------------- Instantiating /home/travis/build/icyphy/ptII/ptolemy/domains/continuous/test/auto/Derivative.xml
155 ms. Memory: 275456K Free: 115231K (42%)
----------------- Invoking toplevel() on ptolemy.moml.MoMLSimpleApplication@13fb6385
----------------- Done invoking toplevel() on ptolemy.moml.MoMLSimpleApplication@13fb6385
reloadAllAccessors: .Derivative2

===========================================================================================
----------------- testing Wed Sep 25 05:42:13 UTC 2019 /home/travis/build/icyphy/ptII/ptolemy/domains/continuous/test/auto/Derivative1.xml
----------------- Instantiating /home/travis/build/icyphy/ptII/ptolemy/domains/continuous/test/auto/Derivative1.xml
32 ms. Memory: 275456K Free: 100895K (37%)
----------------- Invoking toplevel() on ptolemy.moml.MoMLSimpleApplication@4b14c69f
----------------- Done invoking toplevel() on ptolemy.moml.MoMLSimpleApplication@4b14c69f
reloadAllAccessors: .Derivative1

===========================================================================================
----------------- testing Wed Sep 25 05:42:13 UTC 2019 /home/travis/build/icyphy/ptII/ptolemy/domains/continuous/test/auto/DiscreteClock.xml
----------------- Instantiating /home/travis/build/icyphy/ptII/ptolemy/domains/continuous/test/auto/DiscreteClock.xml
4 ms. Memory: 275456K Free: 259325K (94%)
----------------- Invoking toplevel() on ptolemy.moml.MoMLSimpleApplication@67be6e5e
----------------- Done invoking toplevel() on ptolemy.moml.MoMLSimpleApplication@67be6e5e
reloadAllAccessors: .DiscreteClock

===========================================================================================
----------------- testing Wed Sep 25 05:42:13 UTC 2019 /home/travis/build/icyphy/ptII/ptolemy/domains/continuous/test/auto/EfficiencyCurve.xml
----------------- Instantiating /home/travis/build/icyphy/ptII/ptolemy/domains/continuous/test/auto/EfficiencyCurve.xml
76 ms. Memory: 275456K Free: 250653K (91%)
----------------- Invoking toplevel() on ptolemy.moml.MoMLSimpleApplication@7b025d8b
----------------- Done invoking toplevel() on ptolemy.moml.MoMLSimpleApplication@7b025d8b
reloadAllAccessors: .EfficiencyCurve

===========================================================================================
----------------- testing Wed Sep 25 05:42:13 UTC 2019 /home/travis/build/icyphy/ptII/ptolemy/domains/continuous/test/auto/ExponentialResponse.xml
----------------- Instantiating /home/travis/build/icyphy/ptII/ptolemy/domains/continuous/test/auto/ExponentialResponse.xml
137 ms. Memory: 275456K Free: 235293K (85%)
----------------- Invoking toplevel() on ptolemy.moml.MoMLSimpleApplication@45845e26
----------------- Done invoking toplevel() on ptolemy.moml.MoMLSimpleApplication@45845e26
reloadAllAccessors: .ExponentialResponse

===========================================================================================
----------------- testing Wed Sep 25 05:42:13 UTC 2019 /home/travis/build/icyphy/ptII/ptolemy/domains/continuous/test/auto/ExponentialResponseRK45.xml
----------------- Instantiating /home/travis/build/icyphy/ptII/ptolemy/domains/continuous/test/auto/ExponentialResponseRK45.xml
35 ms. Memory: 275456K Free: 228635K (83%)
----------------- Invoking toplevel() on ptolemy.moml.MoMLSimpleApplication@358489f9
----------------- Done invoking toplevel() on ptolemy.moml.MoMLSimpleApplication@358489f9
reloadAllAccessors: .ExponentialResponseRK45

===========================================================================================
----------------- testing Wed Sep 25 05:42:13 UTC 2019 /home/travis/build/icyphy/ptII/ptolemy/domains/continuous/test/auto/Friction.xml
----------------- Instantiating /home/travis/build/icyphy/ptII/ptolemy/domains/continuous/test/auto/Friction.xml
1464 ms. Memory: 275456K Free: 127805K (46%)
----------------- Invoking toplevel() on ptolemy.moml.MoMLSimpleApplication@78cf0f97
----------------- Done invoking toplevel() on ptolemy.moml.MoMLSimpleApplication@78cf0f97
reloadAllAccessors: .Friction

===========================================================================================
----------------- testing Wed Sep 25 05:42:15 UTC 2019 /home/travis/build/icyphy/ptII/ptolemy/domains/continuous/test/auto/FurutaPendulum.xml
----------------- Instantiating /home/travis/build/icyphy/ptII/ptolemy/domains/continuous/test/auto/FurutaPendulum.xml
3573 ms. Memory: 275456K Free: 254924K (93%)
----------------- Invoking toplevel() on ptolemy.moml.MoMLSimpleApplication@40e25db8
----------------- Done invoking toplevel() on ptolemy.moml.MoMLSimpleApplication@40e25db8
reloadAllAccessors: .FurutaPendulum

===========================================================================================
----------------- testing Wed Sep 25 05:42:19 UTC 2019 /home/travis/build/icyphy/ptII/ptolemy/domains/continuous/test/auto/HierarchicalExecution.xml
----------------- Instantiating /home/travis/build/icyphy/ptII/ptolemy/domains/continuous/test/auto/HierarchicalExecution.xml
1894 ms. Memory: 275456K Free: 144641K (53%)
----------------- Invoking toplevel() on ptolemy.moml.MoMLSimpleApplication@4dfd81c3
----------------- Done invoking toplevel() on ptolemy.moml.MoMLSimpleApplication@4dfd81c3
reloadAllAccessors: .HierarchicalExecution

===========================================================================================
----------------- testing Wed Sep 25 05:42:21 UTC 2019 /home/travis/build/icyphy/ptII/ptolemy/domains/continuous/test/auto/HybridPlant.xml
----------------- Instantiating /home/travis/build/icyphy/ptII/ptolemy/domains/continuous/test/auto/HybridPlant.xml
523 ms. Memory: 275456K Free: 205176K (74%)
----------------- Invoking toplevel() on ptolemy.moml.MoMLSimpleApplication@750f61d3
----------------- Done invoking toplevel() on ptolemy.moml.MoMLSimpleApplication@750f61d3
reloadAllAccessors: .HybridPlant

===========================================================================================
----------------- testing Wed Sep 25 05:42:22 UTC 2019 /home/travis/build/icyphy/ptII/ptolemy/domains/continuous/test/auto/Hysteresis.xml
----------------- Instantiating /home/travis/build/icyphy/ptII/ptolemy/domains/continuous/test/auto/Hysteresis.xml
160 ms. Memory: 275456K Free: 142712K (52%)
----------------- Invoking toplevel() on ptolemy.moml.MoMLSimpleApplication@5c49b09d
----------------- Done invoking toplevel() on ptolemy.moml.MoMLSimpleApplication@5c49b09d
reloadAllAccessors: .Hysteresis

===========================================================================================
----------------- testing Wed Sep 25 05:42:22 UTC 2019 /home/travis/build/icyphy/ptII/ptolemy/domains/continuous/test/auto/HysteresisWithRandomDelay.xml
----------------- Instantiating /home/travis/build/icyphy/ptII/ptolemy/domains/continuous/test/auto/HysteresisWithRandomDelay.xml
187 ms. Memory: 275456K Free: 234086K (85%)
----------------- Invoking toplevel() on ptolemy.moml.MoMLSimpleApplication@77dbb174
----------------- Done invoking toplevel() on ptolemy.moml.MoMLSimpleApplication@77dbb174
reloadAllAccessors: .HysteresisWithRandomDelay

===========================================================================================
----------------- testing Wed Sep 25 05:42:22 UTC 2019 /home/travis/build/icyphy/ptII/ptolemy/domains/continuous/test/auto/HysteresisWithRandomLosses.xml
----------------- Instantiating /home/travis/build/icyphy/ptII/ptolemy/domains/continuous/test/auto/HysteresisWithRandomLosses.xml
2414 ms. Memory: 275456K Free: 144610K (52%)
----------------- Invoking toplevel() on ptolemy.moml.MoMLSimpleApplication@50af4016
----------------- Done invoking toplevel() on ptolemy.moml.MoMLSimpleApplication@50af4016
reloadAllAccessors: .HysteresisWithRandomLosses

===========================================================================================
----------------- testing Wed Sep 25 05:42:25 UTC 2019 /home/travis/build/icyphy/ptII/ptolemy/domains/continuous/test/auto/ImmediateTransitions.xml
----------------- Instantiating /home/travis/build/icyphy/ptII/ptolemy/domains/continuous/test/auto/ImmediateTransitions.xml
10 ms. Memory: 275456K Free: 133890K (49%)
----------------- Invoking toplevel() on ptolemy.moml.MoMLSimpleApplication@73f730b
----------------- Done invoking toplevel() on ptolemy.moml.MoMLSimpleApplication@73f730b
reloadAllAccessors: .ImmediateTransitions

===========================================================================================
----------------- testing Wed Sep 25 05:42:25 UTC 2019 /home/travis/build/icyphy/ptII/ptolemy/domains/continuous/test/auto/ImpulseFeedback.xml
----------------- Instantiating /home/travis/build/icyphy/ptII/ptolemy/domains/continuous/test/auto/ImpulseFeedback.xml
7 ms. Memory: 275456K Free: 128256K (47%)
----------------- Invoking toplevel() on ptolemy.moml.MoMLSimpleApplication@6bdccfe9
----------------- Done invoking toplevel() on ptolemy.moml.MoMLSimpleApplication@6bdccfe9
reloadAllAccessors: .ImpulseFeedback

===========================================================================================
----------------- testing Wed Sep 25 05:42:25 UTC 2019 /home/travis/build/icyphy/ptII/ptolemy/domains/continuous/test/auto/ImpulseFeedback2.xml
----------------- Instantiating /home/travis/build/icyphy/ptII/ptolemy/domains/continuous/test/auto/ImpulseFeedback2.xml
6 ms. Memory: 275456K Free: 122626K (45%)
----------------- Invoking toplevel() on ptolemy.moml.MoMLSimpleApplication@634ceedd
----------------- Done invoking toplevel() on ptolemy.moml.MoMLSimpleApplication@634ceedd
reloadAllAccessors: .ImpulseFeedback2

===========================================================================================
----------------- testing Wed Sep 25 05:42:25 UTC 2019 /home/travis/build/icyphy/ptII/ptolemy/domains/continuous/test/auto/IncreasingRatePoisson.xml
----------------- Instantiating /home/travis/build/icyphy/ptII/ptolemy/domains/continuous/test/auto/IncreasingRatePoisson.xml
671 ms. Memory: 275456K Free: 152877K (55%)
----------------- Invoking toplevel() on ptolemy.moml.MoMLSimpleApplication@6470bfb8
----------------- Done invoking toplevel() on ptolemy.moml.MoMLSimpleApplication@6470bfb8
reloadAllAccessors: .IncreasingRatePoisson

===========================================================================================
----------------- testing Wed Sep 25 05:42:25 UTC 2019 /home/travis/build/icyphy/ptII/ptolemy/domains/continuous/test/auto/InitialStateFeedback.xml
----------------- Instantiating /home/travis/build/icyphy/ptII/ptolemy/domains/continuous/test/auto/InitialStateFeedback.xml
4 ms. Memory: 275456K Free: 148267K (54%)
----------------- Invoking toplevel() on ptolemy.moml.MoMLSimpleApplication@662c6d87
----------------- Done invoking toplevel() on ptolemy.moml.MoMLSimpleApplication@662c6d87
reloadAllAccessors: .InitialStateFeedback

===========================================================================================
----------------- testing Wed Sep 25 05:42:25 UTC 2019 /home/travis/build/icyphy/ptII/ptolemy/domains/continuous/test/auto/Integration.xml
----------------- Instantiating /home/travis/build/icyphy/ptII/ptolemy/domains/continuous/test/auto/Integration.xml
1 ms. Memory: 275456K Free: 144171K (52%)
----------------- Invoking toplevel() on ptolemy.moml.MoMLSimpleApplication@492c8eeb
----------------- Done invoking toplevel() on ptolemy.moml.MoMLSimpleApplication@492c8eeb
reloadAllAccessors: .Integration

===========================================================================================
----------------- testing Wed Sep 25 05:42:25 UTC 2019 /home/travis/build/icyphy/ptII/ptolemy/domains/continuous/test/auto/Integration2.xml
----------------- Instantiating /home/travis/build/icyphy/ptII/ptolemy/domains/continuous/test/auto/Integration2.xml
104 ms. Memory: 275456K Free: 129835K (47%)
----------------- Invoking toplevel() on ptolemy.moml.MoMLSimpleApplication@405468ac
----------------- Done invoking toplevel() on ptolemy.moml.MoMLSimpleApplication@405468ac
reloadAllAccessors: .Integration2

===========================================================================================
----------------- testing Wed Sep 25 05:42:25 UTC 2019 /home/travis/build/icyphy/ptII/ptolemy/domains/continuous/test/auto/Integration3.xml
----------------- Instantiating /home/travis/build/icyphy/ptII/ptolemy/domains/continuous/test/auto/Integration3.xml
3 ms. Memory: 275456K Free: 125229K (45%)
----------------- Invoking toplevel() on ptolemy.moml.MoMLSimpleApplication@5e025eb4
----------------- Done invoking toplevel() on ptolemy.moml.MoMLSimpleApplication@5e025eb4
reloadAllAccessors: .Integration3

===========================================================================================
----------------- testing Wed Sep 25 05:42:25 UTC 2019 /home/travis/build/icyphy/ptII/ptolemy/domains/continuous/test/auto/Integration5.xml
----------------- Instantiating /home/travis/build/icyphy/ptII/ptolemy/domains/continuous/test/auto/Integration5.xml
2 ms. Memory: 275456K Free: 121133K (44%)
----------------- Invoking toplevel() on ptolemy.moml.MoMLSimpleApplication@2201ecb7
----------------- Done invoking toplevel() on ptolemy.moml.MoMLSimpleApplication@2201ecb7
reloadAllAccessors: .Integration5

===========================================================================================
----------------- testing Wed Sep 25 05:42:25 UTC 2019 /home/travis/build/icyphy/ptII/ptolemy/domains/continuous/test/auto/IntegratorImpulse.xml
----------------- Instantiating /home/travis/build/icyphy/ptII/ptolemy/domains/continuous/test/auto/IntegratorImpulse.xml
3 ms. Memory: 275456K Free: 117037K (42%)
----------------- Invoking toplevel() on ptolemy.moml.MoMLSimpleApplication@601c4de
----------------- Done invoking toplevel() on ptolemy.moml.MoMLSimpleApplication@601c4de
reloadAllAccessors: .IntegratorImpulse

===========================================================================================
----------------- testing Wed Sep 25 05:42:25 UTC 2019 /home/travis/build/icyphy/ptII/ptolemy/domains/continuous/test/auto/IntegratorImpulse2.xml
----------------- Instantiating /home/travis/build/icyphy/ptII/ptolemy/domains/continuous/test/auto/IntegratorImpulse2.xml
4 ms. Memory: 275456K Free: 112413K (41%)
----------------- Invoking toplevel() on ptolemy.moml.MoMLSimpleApplication@76161224
----------------- Done invoking toplevel() on ptolemy.moml.MoMLSimpleApplication@76161224
reloadAllAccessors: .IntegratorImpulse2

===========================================================================================
----------------- testing Wed Sep 25 05:42:26 UTC 2019 /home/travis/build/icyphy/ptII/ptolemy/domains/continuous/test/auto/LevelCrossing1.xml
----------------- Instantiating /home/travis/build/icyphy/ptII/ptolemy/domains/continuous/test/auto/LevelCrossing1.xml
3 ms. Memory: 275456K Free: 107307K (39%)
----------------- Invoking toplevel() on ptolemy.moml.MoMLSimpleApplication@468a1a52
----------------- Done invoking toplevel() on ptolemy.moml.MoMLSimpleApplication@468a1a52
reloadAllAccessors: .LevelCrossing1

===========================================================================================
----------------- testing Wed Sep 25 05:42:26 UTC 2019 /home/travis/build/icyphy/ptII/ptolemy/domains/continuous/test/auto/LevelCrossing2.xml
----------------- Instantiating /home/travis/build/icyphy/ptII/ptolemy/domains/continuous/test/auto/LevelCrossing2.xml
2 ms. Memory: 275456K Free: 102187K (37%)
----------------- Invoking toplevel() on ptolemy.moml.MoMLSimpleApplication@4e9512c9
----------------- Done invoking toplevel() on ptolemy.moml.MoMLSimpleApplication@4e9512c9
reloadAllAccessors: .LevelCrossing2

===========================================================================================
----------------- testing Wed Sep 25 05:42:26 UTC 2019 /home/travis/build/icyphy/ptII/ptolemy/domains/continuous/test/auto/LevelCrossing3.xml
----------------- Instantiating /home/travis/build/icyphy/ptII/ptolemy/domains/continuous/test/auto/LevelCrossing3.xml
2 ms. Memory: 275456K Free: 97067K (35%)
----------------- Invoking toplevel() on ptolemy.moml.MoMLSimpleApplication@366670e6
----------------- Done invoking toplevel() on ptolemy.moml.MoMLSimpleApplication@366670e6
reloadAllAccessors: .LevelCrossing3

===========================================================================================
----------------- testing Wed Sep 25 05:42:26 UTC 2019 /home/travis/build/icyphy/ptII/ptolemy/domains/continuous/test/auto/LevelCrossing4.xml
----------------- Instantiating /home/travis/build/icyphy/ptII/ptolemy/domains/continuous/test/auto/LevelCrossing4.xml
5 ms. Memory: 275456K Free: 256024K (93%)
----------------- Invoking toplevel() on ptolemy.moml.MoMLSimpleApplication@57f4b598
----------------- Done invoking toplevel() on ptolemy.moml.MoMLSimpleApplication@57f4b598
reloadAllAccessors: .LevelCrossing4

===========================================================================================
----------------- testing Wed Sep 25 05:42:26 UTC 2019 /home/travis/build/icyphy/ptII/ptolemy/domains/continuous/test/auto/LevelCrossing5.xml
----------------- Instantiating /home/travis/build/icyphy/ptII/ptolemy/domains/continuous/test/auto/LevelCrossing5.xml
3 ms. Memory: 275456K Free: 250890K (91%)
----------------- Invoking toplevel() on ptolemy.moml.MoMLSimpleApplication@5082b60c
----------------- Done invoking toplevel() on ptolemy.moml.MoMLSimpleApplication@5082b60c
reloadAllAccessors: .LevelCrossing5

===========================================================================================
[...]
7 ms. Memory: 275456K Free: 203315K (74%)
----------------- Invoking toplevel() on ptolemy.moml.MoMLSimpleApplication@3f9e0204
----------------- Done invoking toplevel() on ptolemy.moml.MoMLSimpleApplication@3f9e0204
reloadAllAccessors: .SRinContinuous

===========================================================================================
----------------- testing Wed Sep 25 05:42:44 UTC 2019 /home/travis/build/icyphy/ptII/ptolemy/domains/continuous/test/auto/SampledClocks.xml
----------------- Instantiating /home/travis/build/icyphy/ptII/ptolemy/domains/continuous/test/auto/SampledClocks.xml
10 ms. Memory: 275456K Free: 191027K (69%)
----------------- Invoking toplevel() on ptolemy.moml.MoMLSimpleApplication@75371f1f
----------------- Done invoking toplevel() on ptolemy.moml.MoMLSimpleApplication@75371f1f
reloadAllAccessors: .SampledClocks

===========================================================================================
----------------- testing Wed Sep 25 05:42:44 UTC 2019 /home/travis/build/icyphy/ptII/ptolemy/domains/continuous/test/auto/Satellite.xml
----------------- Instantiating /home/travis/build/icyphy/ptII/ptolemy/domains/continuous/test/auto/Satellite.xml
872 ms. Memory: 275456K Free: 152373K (55%)
----------------- Invoking toplevel() on ptolemy.moml.MoMLSimpleApplication@21a31209
----------------- Done invoking toplevel() on ptolemy.moml.MoMLSimpleApplication@21a31209
reloadAllAccessors: .Satellite

===========================================================================================
----------------- testing Wed Sep 25 05:42:44 UTC 2019 /home/travis/build/icyphy/ptII/ptolemy/domains/continuous/test/auto/SigmaDelta.xml
----------------- Instantiating /home/travis/build/icyphy/ptII/ptolemy/domains/continuous/test/auto/SigmaDelta.xml
2332 ms. Memory: 275456K Free: 210870K (77%)
----------------- Invoking toplevel() on ptolemy.moml.MoMLSimpleApplication@6944774b
----------------- Done invoking toplevel() on ptolemy.moml.MoMLSimpleApplication@6944774b
reloadAllAccessors: .SigmaDelta

===========================================================================================
----------------- testing Wed Sep 25 05:42:47 UTC 2019 /home/travis/build/icyphy/ptII/ptolemy/domains/continuous/test/auto/SingleRefinement.xml
----------------- Instantiating /home/travis/build/icyphy/ptII/ptolemy/domains/continuous/test/auto/SingleRefinement.xml
313 ms. Memory: 275456K Free: 189330K (69%)
----------------- Invoking toplevel() on ptolemy.moml.MoMLSimpleApplication@38f95618
----------------- Done invoking toplevel() on ptolemy.moml.MoMLSimpleApplication@38f95618
reloadAllAccessors: .SingleRefinement

===========================================================================================
----------------- testing Wed Sep 25 05:42:47 UTC 2019 /home/travis/build/icyphy/ptII/ptolemy/domains/continuous/test/auto/SinuBouncingBall.xml
----------------- Instantiating /home/travis/build/icyphy/ptII/ptolemy/domains/continuous/test/auto/SinuBouncingBall.xml
840 ms. Memory: 275456K Free: 132760K (48%)
----------------- Invoking toplevel() on ptolemy.moml.MoMLSimpleApplication@2dbced02
----------------- Done invoking toplevel() on ptolemy.moml.MoMLSimpleApplication@2dbced02
reloadAllAccessors: .SinuBouncingBall

===========================================================================================
----------------- testing Wed Sep 25 05:42:48 UTC 2019 /home/travis/build/icyphy/ptII/ptolemy/domains/continuous/test/auto/Sinusoid.xml
----------------- Instantiating /home/travis/build/icyphy/ptII/ptolemy/domains/continuous/test/auto/Sinusoid.xml
5 ms. Memory: 275456K Free: 128136K (47%)
----------------- Invoking toplevel() on ptolemy.moml.MoMLSimpleApplication@110c1017
----------------- Done invoking toplevel() on ptolemy.moml.MoMLSimpleApplication@110c1017
reloadAllAccessors: .Sinusoid

===========================================================================================
----------------- testing Wed Sep 25 05:42:48 UTC 2019 /home/travis/build/icyphy/ptII/ptolemy/domains/continuous/test/auto/SinusoidInNoise.xml
----------------- Instantiating /home/travis/build/icyphy/ptII/ptolemy/domains/continuous/test/auto/SinusoidInNoise.xml
987 ms. Memory: 275456K Free: 156064K (57%)
----------------- Invoking toplevel() on ptolemy.moml.MoMLSimpleApplication@59d4843d
----------------- Done invoking toplevel() on ptolemy.moml.MoMLSimpleApplication@59d4843d
reloadAllAccessors: .SinusoidInNoise

===========================================================================================
----------------- testing Wed Sep 25 05:42:49 UTC 2019 /home/travis/build/icyphy/ptII/ptolemy/domains/continuous/test/auto/SinusoidRK45.xml
----------------- Instantiating /home/travis/build/icyphy/ptII/ptolemy/domains/continuous/test/auto/SinusoidRK45.xml
3 ms. Memory: 275456K Free: 151790K (55%)
----------------- Invoking toplevel() on ptolemy.moml.MoMLSimpleApplication@32f438b8
----------------- Done invoking toplevel() on ptolemy.moml.MoMLSimpleApplication@32f438b8
reloadAllAccessors: .SinusoidRK45

===========================================================================================
----------------- testing Wed Sep 25 05:42:49 UTC 2019 /home/travis/build/icyphy/ptII/ptolemy/domains/continuous/test/auto/SinusoidWithMultipleImpulses.xml
----------------- Instantiating /home/travis/build/icyphy/ptII/ptolemy/domains/continuous/test/auto/SinusoidWithMultipleImpulses.xml
3 ms. Memory: 275456K Free: 147180K (53%)
----------------- Invoking toplevel() on ptolemy.moml.MoMLSimpleApplication@3efdcc9c
----------------- Done invoking toplevel() on ptolemy.moml.MoMLSimpleApplication@3efdcc9c
reloadAllAccessors: .SinusoidWithMultipleImpulses

===========================================================================================
----------------- testing Wed Sep 25 05:42:49 UTC 2019 /home/travis/build/icyphy/ptII/ptolemy/domains/continuous/test/auto/SquareWave.xml
----------------- Instantiating /home/travis/build/icyphy/ptII/ptolemy/domains/continuous/test/auto/SquareWave.xml
174 ms. Memory: 275456K Free: 119532K (43%)
----------------- Invoking toplevel() on ptolemy.moml.MoMLSimpleApplication@33046d65
----------------- Done invoking toplevel() on ptolemy.moml.MoMLSimpleApplication@33046d65
reloadAllAccessors: .SquareWave

===========================================================================================
----------------- testing Wed Sep 25 05:42:50 UTC 2019 /home/travis/build/icyphy/ptII/ptolemy/domains/continuous/test/auto/Starmac.xml
----------------- Instantiating /home/travis/build/icyphy/ptII/ptolemy/domains/continuous/test/auto/Starmac.xml
3065 ms. Memory: 330752K Free: 223296K (68%)
----------------- Invoking toplevel() on ptolemy.moml.MoMLSimpleApplication@52aac668
----------------- Done invoking toplevel() on ptolemy.moml.MoMLSimpleApplication@52aac668
reloadAllAccessors: .Starmac

===========================================================================================
----------------- testing Wed Sep 25 05:42:53 UTC 2019 /home/travis/build/icyphy/ptII/ptolemy/domains/continuous/test/auto/StaticUnits.xml
----------------- Instantiating /home/travis/build/icyphy/ptII/ptolemy/domains/continuous/test/auto/StaticUnits.xml
2169 ms. Memory: 330752K Free: 156495K (47%)
----------------- Invoking toplevel() on ptolemy.moml.MoMLSimpleApplication@5c0b13de
----------------- Done invoking toplevel() on ptolemy.moml.MoMLSimpleApplication@5c0b13de
reloadAllAccessors: .StaticUnits

===========================================================================================
----------------- testing Wed Sep 25 05:42:56 UTC 2019 /home/travis/build/icyphy/ptII/ptolemy/domains/continuous/test/auto/StickyMasses.xml
----------------- Instantiating /home/travis/build/icyphy/ptII/ptolemy/domains/continuous/test/auto/StickyMasses.xml
160 ms. Memory: 330752K Free: 299343K (91%)
----------------- Invoking toplevel() on ptolemy.moml.MoMLSimpleApplication@281a2668
----------------- Done invoking toplevel() on ptolemy.moml.MoMLSimpleApplication@281a2668
reloadAllAccessors: .StickyMasses

===========================================================================================
----------------- testing Wed Sep 25 05:42:56 UTC 2019 /home/travis/build/icyphy/ptII/ptolemy/domains/continuous/test/auto/StopTime.xml
----------------- Instantiating /home/travis/build/icyphy/ptII/ptolemy/domains/continuous/test/auto/StopTime.xml
41 ms. Memory: 330752K Free: 274253K (83%)
----------------- Invoking toplevel() on ptolemy.moml.MoMLSimpleApplication@298c876a
----------------- Done invoking toplevel() on ptolemy.moml.MoMLSimpleApplication@298c876a
reloadAllAccessors: .StopTime

===========================================================================================
----------------- testing Wed Sep 25 05:42:56 UTC 2019 /home/travis/build/icyphy/ptII/ptolemy/domains/continuous/test/auto/StopTime2.xml
----------------- Instantiating /home/travis/build/icyphy/ptII/ptolemy/domains/continuous/test/auto/StopTime2.xml
34 ms. Memory: 330752K Free: 252239K (76%)
----------------- Invoking toplevel() on ptolemy.moml.MoMLSimpleApplication@2d2c47e2
----------------- Done invoking toplevel() on ptolemy.moml.MoMLSimpleApplication@2d2c47e2
reloadAllAccessors: .StopTime2

===========================================================================================
----------------- testing Wed Sep 25 05:42:56 UTC 2019 /home/travis/build/icyphy/ptII/ptolemy/domains/continuous/test/auto/Switch.xml
----------------- Instantiating /home/travis/build/icyphy/ptII/ptolemy/domains/continuous/test/auto/Switch.xml
41 ms. Memory: 330752K Free: 227663K (69%)
----------------- Invoking toplevel() on ptolemy.moml.MoMLSimpleApplication@1b3ddee6
----------------- Done invoking toplevel() on ptolemy.moml.MoMLSimpleApplication@1b3ddee6
reloadAllAccessors: .Switch

===========================================================================================
----------------- testing Wed Sep 25 05:42:56 UTC 2019 /home/travis/build/icyphy/ptII/ptolemy/domains/continuous/test/auto/Thermostat.xml
----------------- Instantiating /home/travis/build/icyphy/ptII/ptolemy/domains/continuous/test/auto/Thermostat.xml
188 ms. Memory: 330752K Free: 155469K (47%)
----------------- Invoking toplevel() on ptolemy.moml.MoMLSimpleApplication@1c381892
----------------- Done invoking toplevel() on ptolemy.moml.MoMLSimpleApplication@1c381892
reloadAllAccessors: .Thermostat

===========================================================================================
----------------- testing Wed Sep 25 05:42:56 UTC 2019 /home/travis/build/icyphy/ptII/ptolemy/domains/continuous/test/auto/TimeDelay.xml
----------------- Instantiating /home/travis/build/icyphy/ptII/ptolemy/domains/continuous/test/auto/TimeDelay.xml
5 ms. Memory: 330752K Free: 150863K (46%)
----------------- Invoking toplevel() on ptolemy.moml.MoMLSimpleApplication@7521149e
----------------- Done invoking toplevel() on ptolemy.moml.MoMLSimpleApplication@7521149e
reloadAllAccessors: .TimeDelay

===========================================================================================
----------------- testing Wed Sep 25 05:42:56 UTC 2019 /home/travis/build/icyphy/ptII/ptolemy/domains/continuous/test/auto/TimeDelay2.xml
----------------- Instantiating /home/travis/build/icyphy/ptII/ptolemy/domains/continuous/test/auto/TimeDelay2.xml
7 ms. Memory: 330752K Free: 141133K (43%)
----------------- Invoking toplevel() on ptolemy.moml.MoMLSimpleApplication@1e6c3ae4
----------------- Done invoking toplevel() on ptolemy.moml.MoMLSimpleApplication@1e6c3ae4
reloadAllAccessors: .TimeDelay2

===========================================================================================
----------------- testing Wed Sep 25 05:42:56 UTC 2019 /home/travis/build/icyphy/ptII/ptolemy/domains/continuous/test/auto/TimeDelay3.xml
----------------- Instantiating /home/travis/build/icyphy/ptII/ptolemy/domains/continuous/test/auto/TimeDelay3.xml
3 ms. Memory: 330752K Free: 136527K (41%)
----------------- Invoking toplevel() on ptolemy.moml.MoMLSimpleApplication@47658538
----------------- Done invoking toplevel() on ptolemy.moml.MoMLSimpleApplication@47658538
reloadAllAccessors: .TimeDelay3

===========================================================================================
----------------- testing Wed Sep 25 05:42:56 UTC 2019 /home/travis/build/icyphy/ptII/ptolemy/domains/continuous/test/auto/TransferAbsentToInside.xml
----------------- Instantiating /home/travis/build/icyphy/ptII/ptolemy/domains/continuous/test/auto/TransferAbsentToInside.xml
27 ms. Memory: 330752K Free: 274734K (83%)
----------------- Invoking toplevel() on ptolemy.moml.MoMLSimpleApplication@6360b404
----------------- Done invoking toplevel() on ptolemy.moml.MoMLSimpleApplication@6360b404
reloadAllAccessors: .TransferAbsentToInside

===========================================================================================
----------------- testing Wed Sep 25 05:42:57 UTC 2019 /home/travis/build/icyphy/ptII/ptolemy/domains/continuous/test/auto/Transmission.xml
----------------- Instantiating /home/travis/build/icyphy/ptII/ptolemy/domains/continuous/test/auto/Transmission.xml
801 ms. Memory: 330752K Free: 233766K (71%)
----------------- Invoking toplevel() on ptolemy.moml.MoMLSimpleApplication@68cc9b88
----------------- Done invoking toplevel() on ptolemy.moml.MoMLSimpleApplication@68cc9b88
reloadAllAccessors: .Transmission

===========================================================================================
----------------- testing Wed Sep 25 05:42:57 UTC 2019 /home/travis/build/icyphy/ptII/ptolemy/domains/continuous/test/auto/TriggeredContinuousClock.xml
----------------- Instantiating /home/travis/build/icyphy/ptII/ptolemy/domains/continuous/test/auto/TriggeredContinuousClock.xml
36 ms. Memory: 330752K Free: 204085K (62%)
----------------- Invoking toplevel() on ptolemy.moml.MoMLSimpleApplication@72adc9b9
----------------- Done invoking toplevel() on ptolemy.moml.MoMLSimpleApplication@72adc9b9
reloadAllAccessors: .TriggeredContinuousClock

===========================================================================================
----------------- testing Wed Sep 25 05:42:57 UTC 2019 /home/travis/build/icyphy/ptII/ptolemy/domains/continuous/test/auto/TwoMachineInfiniteBusControl.xml
----------------- Instantiating /home/travis/build/icyphy/ptII/ptolemy/domains/continuous/test/auto/TwoMachineInfiniteBusControl.xml
2861 ms. Memory: 330752K Free: 169719K (51%)
----------------- Invoking toplevel() on ptolemy.moml.MoMLSimpleApplication@722a7c2f
----------------- Done invoking toplevel() on ptolemy.moml.MoMLSimpleApplication@722a7c2f
reloadAllAccessors: .TwoMachineInfiniteBusControl

===========================================================================================
----------------- testing Wed Sep 25 05:43:00 UTC 2019 /home/travis/build/icyphy/ptII/ptolemy/domains/continuous/test/auto/V2V.xml
----------------- Instantiating /home/travis/build/icyphy/ptII/ptolemy/domains/continuous/test/auto/V2V.xml
823 ms. Memory: 330752K Free: 171849K (52%)
----------------- Invoking toplevel() on ptolemy.moml.MoMLSimpleApplication@dbb3654
----------------- Done invoking toplevel() on ptolemy.moml.MoMLSimpleApplication@dbb3654
reloadAllAccessors: .V2V

===========================================================================================
----------------- testing Wed Sep 25 05:43:01 UTC 2019 /home/travis/build/icyphy/ptII/ptolemy/domains/continuous/test/auto/hierarchicalModalModel.xml
----------------- Instantiating /home/travis/build/icyphy/ptII/ptolemy/domains/continuous/test/auto/hierarchicalModalModel.xml
8 ms. Memory: 330752K Free: 157934K (48%)
----------------- Invoking toplevel() on ptolemy.moml.MoMLSimpleApplication@15ca14a6
----------------- Done invoking toplevel() on ptolemy.moml.MoMLSimpleApplication@15ca14a6
reloadAllAccessors: .hierarchicalModalModel

===========================================================================================
----------------- testing Wed Sep 25 05:43:01 UTC 2019 /home/travis/build/icyphy/ptII/ptolemy/domains/continuous/test/auto/hierarchicalModalModel1.xml
----------------- Instantiating /home/travis/build/icyphy/ptII/ptolemy/domains/continuous/test/auto/hierarchicalModalModel1.xml
8 ms. Memory: 330752K Free: 143613K (43%)
----------------- Invoking toplevel() on ptolemy.moml.MoMLSimpleApplication@3c3471a6
----------------- Done invoking toplevel() on ptolemy.moml.MoMLSimpleApplication@3c3471a6
reloadAllAccessors: .hierarchicalModalModel1

===========================================================================================
----------------- testing Wed Sep 25 05:43:01 UTC 2019 /home/travis/build/icyphy/ptII/ptolemy/domains/continuous/test/auto/hierarchicalModalModel2.xml
----------------- Instantiating /home/travis/build/icyphy/ptII/ptolemy/domains/continuous/test/auto/hierarchicalModalModel2.xml
6 ms. Memory: 330752K Free: 131310K (40%)
----------------- Invoking toplevel() on ptolemy.moml.MoMLSimpleApplication@53a55279
----------------- Done invoking toplevel() on ptolemy.moml.MoMLSimpleApplication@53a55279
reloadAllAccessors: .hierarchicalModalModel2

===========================================================================================
----------------- testing Wed Sep 25 05:43:01 UTC 2019 /home/travis/build/icyphy/ptII/ptolemy/domains/continuous/test/auto/hierarchicalModalModel3.xml
----------------- Instantiating /home/travis/build/icyphy/ptII/ptolemy/domains/continuous/test/auto/hierarchicalModalModel3.xml
5 ms. Memory: 330752K Free: 120575K (36%)
----------------- Invoking toplevel() on ptolemy.moml.MoMLSimpleApplication@605eae22
----------------- Done invoking toplevel() on ptolemy.moml.MoMLSimpleApplication@605eae22
reloadAllAccessors: .hierarchicalModalModel3

===========================================================================================
----------------- testing Wed Sep 25 05:43:01 UTC 2019 /home/travis/build/icyphy/ptII/ptolemy/domains/continuous/test/auto/hierarchicalModalModel4.xml
----------------- Instantiating /home/travis/build/icyphy/ptII/ptolemy/domains/continuous/test/auto/hierarchicalModalModel4.xml
10 ms. Memory: 330752K Free: 300282K (91%)
----------------- Invoking toplevel() on ptolemy.moml.MoMLSimpleApplication@220791c3
----------------- Done invoking toplevel() on ptolemy.moml.MoMLSimpleApplication@220791c3
reloadAllAccessors: .hierarchicalModalModel4

===========================================================================================
----------------- testing Wed Sep 25 05:43:02 UTC 2019 /home/travis/build/icyphy/ptII/ptolemy/domains/continuous/test/auto/junk.xml
----------------- Instantiating /home/travis/build/icyphy/ptII/ptolemy/domains/continuous/test/auto/junk.xml
155 ms. Memory: 330752K Free: 272124K (82%)
----------------- Invoking toplevel() on ptolemy.moml.MoMLSimpleApplication@4d91951d
----------------- Done invoking toplevel() on ptolemy.moml.MoMLSimpleApplication@4d91951d
reloadAllAccessors: .junk
AutoTests.java: About to close Vertx.
AutoTests.java: Vertx closed.
]]></system-out>
  <system-err><![CDATA[Warning: '.HysteresisWithRandomDelay.NonStrictTest' The test produced only 221 tokens, yet the correctValues parameter was expecting 222 tokens.
Warning: '.HysteresisWithRandomDelay.NonStrictTest2' The test produced only 220 tokens, yet the correctValues parameter was expecting 221 tokens.
Warning: '.HysteresisWithRandomDelay.NonStrictTest3' The test produced only 26 tokens, yet the correctValues parameter was expecting 30 tokens.
Warning: '.IncreasingRatePoisson.NonStrictTest' The test produced only 381 tokens, yet the correctValues parameter was expecting 402 tokens.
Warning: '.Poisson.NonStrictTest' The test produced only 394 tokens, yet the correctValues parameter was expecting 430 tokens.
]]></system-err>
</testsuite>
