<?xml version="1.0" encoding="UTF-8" ?>
<testsuite errors="0" failures="0" hostname="travis-job-2637310b-7c73-46be-a913-9d233549defb" name="ptolemy.domains.de.test.junit.JUnitTclTest" skipped="0" tests="101" time="136.45" timestamp="2019-07-14T18:09:39">
  <properties>
[...]
</properties>
  <testcase classname="ptolemy.util.test.junit.TclTests" name="[0] /home/travis/build/icyphy/ptII/ptolemy/domains/de/test/DependencyLoop.tcl (RunTclFile)" time="1.025" />
  <testcase classname="ptolemy.util.test.junit.TclTests" name="[1] /home/travis/build/icyphy/ptII/ptolemy/domains/de/test/RunDETestsAsQSS.tcl (RunTclFile)" time="93.056" />
  <testcase classname="ptolemy.util.test.junit.AutoKnownFailedTests" name="[0] /home/travis/build/icyphy/ptII/ptolemy/domains/de/test/auto/knownFailedTests/DESDFClockTest.xml (RunModel)" time="2.041" />
  <testcase classname="ptolemy.util.test.junit.AutoKnownFailedTests" name="[1] /home/travis/build/icyphy/ptII/ptolemy/domains/de/test/auto/knownFailedTests/DirectFeedback.xml (RunModel)" time="0.016" />
  <testcase classname="ptolemy.util.test.junit.AutoKnownFailedTests" name="[2] /home/travis/build/icyphy/ptII/ptolemy/domains/de/test/auto/knownFailedTests/FSMSource.xml (RunModel)" time="0.026" />
  <testcase classname="ptolemy.util.test.junit.AutoKnownFailedTests" name="[3] /home/travis/build/icyphy/ptII/ptolemy/domains/de/test/auto/knownFailedTests/HierarchicalModel.xml (RunModel)" time="0.038" />
  <testcase classname="ptolemy.util.test.junit.AutoKnownFailedTests" name="[4] /home/travis/build/icyphy/ptII/ptolemy/domains/de/test/auto/knownFailedTests/dependencyLoop.xml (RunModel)" time="0.034" />
  <testcase classname="ptolemy.util.test.junit.AutoKnownFailedTests" name="[5] /home/travis/build/icyphy/ptII/ptolemy/domains/de/test/auto/knownFailedTests/dependencyLoop2.xml (RunModel)" time="0.038" />
  <testcase classname="ptolemy.util.test.junit.AutoNameArchTests" name="[0] ThereAreNoAutoArchTests (RunModel)" time="0.001" />
  <testcase classname="ptolemy.util.test.junit.AutoTests" name="[0] /home/travis/build/icyphy/ptII/ptolemy/domains/de/test/auto/ActorDepthCalculation_actorWithoutPorts.xml (RunModel)" time="0.019" />
  <testcase classname="ptolemy.util.test.junit.AutoTests" name="[1] /home/travis/build/icyphy/ptII/ptolemy/domains/de/test/auto/AssemblyLine.xml (RunModel)" time="0.024" />
  <testcase classname="ptolemy.util.test.junit.AutoTests" name="[2] /home/travis/build/icyphy/ptII/ptolemy/domains/de/test/auto/CQBug1.xml (RunModel)" time="0.01" />
  <testcase classname="ptolemy.util.test.junit.AutoTests" name="[3] /home/travis/build/icyphy/ptII/ptolemy/domains/de/test/auto/CancelFireAt.xml (RunModel)" time="0.013" />
  <testcase classname="ptolemy.util.test.junit.AutoTests" name="[4] /home/travis/build/icyphy/ptII/ptolemy/domains/de/test/auto/CausalityAndComposabilityAnalysis.xml (RunModel)" time="0.015" />
  <testcase classname="ptolemy.util.test.junit.AutoTests" name="[5] /home/travis/build/icyphy/ptII/ptolemy/domains/de/test/auto/CausalityInterface1.xml (RunModel)" time="0.016" />
  <testcase classname="ptolemy.util.test.junit.AutoTests" name="[6] /home/travis/build/icyphy/ptII/ptolemy/domains/de/test/auto/CausalityInterface15.xml (RunModel)" time="0.022" />
  <testcase classname="ptolemy.util.test.junit.AutoTests" name="[7] /home/travis/build/icyphy/ptII/ptolemy/domains/de/test/auto/CausalityInterface2.xml (RunModel)" time="0.021" />
  <testcase classname="ptolemy.util.test.junit.AutoTests" name="[8] /home/travis/build/icyphy/ptII/ptolemy/domains/de/test/auto/CausalityInterface3.xml (RunModel)" time="0.012" />
  <testcase classname="ptolemy.util.test.junit.AutoTests" name="[9] /home/travis/build/icyphy/ptII/ptolemy/domains/de/test/auto/ClockDrift.xml (RunModel)" time="0.038" />
  <testcase classname="ptolemy.util.test.junit.AutoTests" name="[10] /home/travis/build/icyphy/ptII/ptolemy/domains/de/test/auto/ClockDriftAndValueChange.xml (RunModel)" time="0.034" />
  <testcase classname="ptolemy.util.test.junit.AutoTests" name="[11] /home/travis/build/icyphy/ptII/ptolemy/domains/de/test/auto/ClockDriftChange.xml (RunModel)" time="0.036" />
  <testcase classname="ptolemy.util.test.junit.AutoTests" name="[12] /home/travis/build/icyphy/ptII/ptolemy/domains/de/test/auto/ComposableCausalityAnalysis.xml (RunModel)" time="0.015" />
  <testcase classname="ptolemy.util.test.junit.AutoTests" name="[13] /home/travis/build/icyphy/ptII/ptolemy/domains/de/test/auto/DEFixedPointLimitation.xml (RunModel)" time="0.012" />
  <testcase classname="ptolemy.util.test.junit.AutoTests" name="[14] /home/travis/build/icyphy/ptII/ptolemy/domains/de/test/auto/DEScheduleTest.xml (RunModel)" time="0.016" />
  <testcase classname="ptolemy.util.test.junit.AutoTests" name="[15] /home/travis/build/icyphy/ptII/ptolemy/domains/de/test/auto/DEinDEwithStartTimes.xml (RunModel)" time="0.016" />
  <testcase classname="ptolemy.util.test.junit.AutoTests" name="[16] /home/travis/build/icyphy/ptII/ptolemy/domains/de/test/auto/DEinDEwithStartTimes2.xml (RunModel)" time="0.022" />
  <testcase classname="ptolemy.util.test.junit.AutoTests" name="[17] /home/travis/build/icyphy/ptII/ptolemy/domains/de/test/auto/DateDemo.xml (RunModel)" time="0.047" />
  <testcase classname="ptolemy.util.test.junit.AutoTests" name="[18] /home/travis/build/icyphy/ptII/ptolemy/domains/de/test/auto/DateToEvent.xml (RunModel)" time="2.04" />
  <testcase classname="ptolemy.util.test.junit.AutoTests" name="[19] /home/travis/build/icyphy/ptII/ptolemy/domains/de/test/auto/DepthTest1.xml (RunModel)" time="0.013" />
  <testcase classname="ptolemy.util.test.junit.AutoTests" name="[20] /home/travis/build/icyphy/ptII/ptolemy/domains/de/test/auto/DepthTest2.xml (RunModel)" time="0.022" />
  <testcase classname="ptolemy.util.test.junit.AutoTests" name="[21] /home/travis/build/icyphy/ptII/ptolemy/domains/de/test/auto/DepthTest3.xml (RunModel)" time="0.009" />
  <testcase classname="ptolemy.util.test.junit.AutoTests" name="[22] /home/travis/build/icyphy/ptII/ptolemy/domains/de/test/auto/DepthTest4.xml (RunModel)" time="0.02" />
  <testcase classname="ptolemy.util.test.junit.AutoTests" name="[23] /home/travis/build/icyphy/ptII/ptolemy/domains/de/test/auto/DepthTest5.xml (RunModel)" time="0.016" />
  <testcase classname="ptolemy.util.test.junit.AutoTests" name="[24] /home/travis/build/icyphy/ptII/ptolemy/domains/de/test/auto/DepthTest6.xml (RunModel)" time="0.019" />
  <testcase classname="ptolemy.util.test.junit.AutoTests" name="[25] /home/travis/build/icyphy/ptII/ptolemy/domains/de/test/auto/DepthTest7.xml (RunModel)" time="0.012" />
  <testcase classname="ptolemy.util.test.junit.AutoTests" name="[26] /home/travis/build/icyphy/ptII/ptolemy/domains/de/test/auto/EventToDate.xml (RunModel)" time="3.051" />
  <testcase classname="ptolemy.util.test.junit.AutoTests" name="[27] /home/travis/build/icyphy/ptII/ptolemy/domains/de/test/auto/FSM1.xml (RunModel)" time="0.066" />
  <testcase classname="ptolemy.util.test.junit.AutoTests" name="[28] /home/travis/build/icyphy/ptII/ptolemy/domains/de/test/auto/FSM7.xml (RunModel)" time="0.054" />
  <testcase classname="ptolemy.util.test.junit.AutoTests" name="[29] /home/travis/build/icyphy/ptII/ptolemy/domains/de/test/auto/Inspection.xml (RunModel)" time="0.043" />
  <testcase classname="ptolemy.util.test.junit.AutoTests" name="[30] /home/travis/build/icyphy/ptII/ptolemy/domains/de/test/auto/Iteration.xml (RunModel)" time="0.029" />
  <testcase classname="ptolemy.util.test.junit.AutoTests" name="[31] /home/travis/build/icyphy/ptII/ptolemy/domains/de/test/auto/LineFault.xml (RunModel)" time="0.646" />
  <testcase classname="ptolemy.util.test.junit.AutoTests" name="[32] /home/travis/build/icyphy/ptII/ptolemy/domains/de/test/auto/MergeModel1Add.xml (RunModel)" time="0.055" />
  <testcase classname="ptolemy.util.test.junit.AutoTests" name="[33] /home/travis/build/icyphy/ptII/ptolemy/domains/de/test/auto/MergeModel2Add.xml (RunModel)" time="0.039" />
  <testcase classname="ptolemy.util.test.junit.AutoTests" name="[34] /home/travis/build/icyphy/ptII/ptolemy/domains/de/test/auto/MergeModel3Add.xml (RunModel)" time="0.047" />
  <testcase classname="ptolemy.util.test.junit.AutoTests" name="[35] /home/travis/build/icyphy/ptII/ptolemy/domains/de/test/auto/MergeWithoutDiscard.xml (RunModel)" time="0.025" />
  <testcase classname="ptolemy.util.test.junit.AutoTests" name="[36] /home/travis/build/icyphy/ptII/ptolemy/domains/de/test/auto/Modal1.xml (RunModel)" time="0.027" />
  <testcase classname="ptolemy.util.test.junit.AutoTests" name="[37] /home/travis/build/icyphy/ptII/ptolemy/domains/de/test/auto/Modal2.xml (RunModel)" time="0.035" />
  <testcase classname="ptolemy.util.test.junit.AutoTests" name="[38] /home/travis/build/icyphy/ptII/ptolemy/domains/de/test/auto/Modal3.xml (RunModel)" time="0.026" />
  <testcase classname="ptolemy.util.test.junit.AutoTests" name="[39] /home/travis/build/icyphy/ptII/ptolemy/domains/de/test/auto/Modal4.xml (RunModel)" time="0.036" />
  <testcase classname="ptolemy.util.test.junit.AutoTests" name="[40] /home/travis/build/icyphy/ptII/ptolemy/domains/de/test/auto/Modal5.xml (RunModel)" time="0.042" />
  <testcase classname="ptolemy.util.test.junit.AutoTests" name="[41] /home/travis/build/icyphy/ptII/ptolemy/domains/de/test/auto/Modal6.xml (RunModel)" time="0.038" />
  <testcase classname="ptolemy.util.test.junit.AutoTests" name="[42] /home/travis/build/icyphy/ptII/ptolemy/domains/de/test/auto/Modal7.xml (RunModel)" time="0.049" />
  <testcase classname="ptolemy.util.test.junit.AutoTests" name="[43] /home/travis/build/icyphy/ptII/ptolemy/domains/de/test/auto/ModalModel.xml (RunModel)" time="0.226" />
  <testcase classname="ptolemy.util.test.junit.AutoTests" name="[44] /home/travis/build/icyphy/ptII/ptolemy/domains/de/test/auto/ModalSource.xml (RunModel)" time="0.017" />
  <testcase classname="ptolemy.util.test.junit.AutoTests" name="[45] /home/travis/build/icyphy/ptII/ptolemy/domains/de/test/auto/NonInterruptibleTimerZeroDelay.xml (RunModel)" time="0.009" />
  <testcase classname="ptolemy.util.test.junit.AutoTests" name="[46] /home/travis/build/icyphy/ptII/ptolemy/domains/de/test/auto/OpenQueueingNetwork.xml (RunModel)" time="2.635" />
  <testcase classname="ptolemy.util.test.junit.AutoTests" name="[47] /home/travis/build/icyphy/ptII/ptolemy/domains/de/test/auto/OpenQueuingNetwork.xml (RunModel)" time="0.322" />
  <testcase classname="ptolemy.util.test.junit.AutoTests" name="[48] /home/travis/build/icyphy/ptII/ptolemy/domains/de/test/auto/PeriodicSampler.xml (RunModel)" time="0.012" />
  <testcase classname="ptolemy.util.test.junit.AutoTests" name="[49] /home/travis/build/icyphy/ptII/ptolemy/domains/de/test/auto/PersistentIO.xml (RunModel)" time="0.024" />
  <testcase classname="ptolemy.util.test.junit.AutoTests" name="[50] /home/travis/build/icyphy/ptII/ptolemy/domains/de/test/auto/PortParameterResetOnInitialize.xml (RunModel)" time="0.01" />
  <testcase classname="ptolemy.util.test.junit.AutoTests" name="[51] /home/travis/build/icyphy/ptII/ptolemy/domains/de/test/auto/PortParameterUpdates.xml (RunModel)" time="0.014" />
  <testcase classname="ptolemy.util.test.junit.AutoTests" name="[52] /home/travis/build/icyphy/ptII/ptolemy/domains/de/test/auto/QueueAndServer.xml (RunModel)" time="0.023" />
  <testcase classname="ptolemy.util.test.junit.AutoTests" name="[53] /home/travis/build/icyphy/ptII/ptolemy/domains/de/test/auto/Records.xml (RunModel)" time="0.019" />
  <testcase classname="ptolemy.util.test.junit.AutoTests" name="[54] /home/travis/build/icyphy/ptII/ptolemy/domains/de/test/auto/ResetTransitionWithStartTime1.xml (RunModel)" time="0.02" />
  <testcase classname="ptolemy.util.test.junit.AutoTests" name="[55] /home/travis/build/icyphy/ptII/ptolemy/domains/de/test/auto/ResetTransitionWithStartTime2.xml (RunModel)" time="0.019" />
  <testcase classname="ptolemy.util.test.junit.AutoTests" name="[56] /home/travis/build/icyphy/ptII/ptolemy/domains/de/test/auto/ResetTransitionWithStartTime3.xml (RunModel)" time="0.02" />
  <testcase classname="ptolemy.util.test.junit.AutoTests" name="[57] /home/travis/build/icyphy/ptII/ptolemy/domains/de/test/auto/ResetTransitionWithStartTime4.xml (RunModel)" time="0.016" />
  <testcase classname="ptolemy.util.test.junit.AutoTests" name="[58] /home/travis/build/icyphy/ptII/ptolemy/domains/de/test/auto/ResettableTimer1.xml (RunModel)" time="0.01" />
  <testcase classname="ptolemy.util.test.junit.AutoTests" name="[59] /home/travis/build/icyphy/ptII/ptolemy/domains/de/test/auto/ResettableTimer2.xml (RunModel)" time="0.008" />
  <testcase classname="ptolemy.util.test.junit.AutoTests" name="[60] /home/travis/build/icyphy/ptII/ptolemy/domains/de/test/auto/ResettableTimer3.xml (RunModel)" time="0.009" />
  <testcase classname="ptolemy.util.test.junit.AutoTests" name="[61] /home/travis/build/icyphy/ptII/ptolemy/domains/de/test/auto/ResettableTimer4.xml (RunModel)" time="0.01" />
  <testcase classname="ptolemy.util.test.junit.AutoTests" name="[62] /home/travis/build/icyphy/ptII/ptolemy/domains/de/test/auto/ResettableTimer5.xml (RunModel)" time="0.009" />
  <testcase classname="ptolemy.util.test.junit.AutoTests" name="[63] /home/travis/build/icyphy/ptII/ptolemy/domains/de/test/auto/ResettableTimer6.xml (RunModel)" time="0.017" />
  <testcase classname="ptolemy.util.test.junit.AutoTests" name="[64] /home/travis/build/icyphy/ptII/ptolemy/domains/de/test/auto/ServerZeroDelay.xml (RunModel)" time="0.01" />
  <testcase classname="ptolemy.util.test.junit.AutoTests" name="[65] /home/travis/build/icyphy/ptII/ptolemy/domains/de/test/auto/SmartSender.xml (RunModel)" time="3.008" />
  <testcase classname="ptolemy.util.test.junit.AutoTests" name="[66] /home/travis/build/icyphy/ptII/ptolemy/domains/de/test/auto/ThreadedComposite.xml (RunModel)" time="0.134" />
  <testcase classname="ptolemy.util.test.junit.AutoTests" name="[67] /home/travis/build/icyphy/ptII/ptolemy/domains/de/test/auto/Time.xml (RunModel)" time="0.439" />
  <testcase classname="ptolemy.util.test.junit.AutoTests" name="[68] /home/travis/build/icyphy/ptII/ptolemy/domains/de/test/auto/TimeDelayZeroDelay.xml (RunModel)" time="0.015" />
  <testcase classname="ptolemy.util.test.junit.AutoTests" name="[69] /home/travis/build/icyphy/ptII/ptolemy/domains/de/test/auto/TimerZeroDelay.xml (RunModel)" time="0.01" />
  <testcase classname="ptolemy.util.test.junit.AutoTests" name="[70] /home/travis/build/icyphy/ptII/ptolemy/domains/de/test/auto/TimingParadox.xml (RunModel)" time="0.313" />
  <testcase classname="ptolemy.util.test.junit.AutoTests" name="[71] /home/travis/build/icyphy/ptII/ptolemy/domains/de/test/auto/TransferInputs.xml (RunModel)" time="0.008" />
  <testcase classname="ptolemy.util.test.junit.AutoTests" name="[72] /home/travis/build/icyphy/ptII/ptolemy/domains/de/test/auto/TransferOutputs2.xml (RunModel)" time="0.019" />
  <testcase classname="ptolemy.util.test.junit.AutoTests" name="[73] /home/travis/build/icyphy/ptII/ptolemy/domains/de/test/auto/Trilateration.xml (RunModel)" time="13.161" />
  <testcase classname="ptolemy.util.test.junit.AutoTests" name="[74] /home/travis/build/icyphy/ptII/ptolemy/domains/de/test/auto/TwoSigmaDelta.xml (RunModel)" time="2.122" />
  <testcase classname="ptolemy.util.test.junit.AutoTests" name="[75] /home/travis/build/icyphy/ptII/ptolemy/domains/de/test/auto/VariableDelay.xml (RunModel)" time="0.021" />
  <testcase classname="ptolemy.util.test.junit.AutoTests" name="[76] /home/travis/build/icyphy/ptII/ptolemy/domains/de/test/auto/VariableDelay2.xml (RunModel)" time="0.006" />
  <testcase classname="ptolemy.util.test.junit.AutoTests" name="[77] /home/travis/build/icyphy/ptII/ptolemy/domains/de/test/auto/VariableDelayZeroDelay.xml (RunModel)" time="0.018" />
  <testcase classname="ptolemy.util.test.junit.AutoTests" name="[78] /home/travis/build/icyphy/ptII/ptolemy/domains/de/test/auto/VariableDelayZeroDelay2.xml (RunModel)" time="0.017" />
  <testcase classname="ptolemy.util.test.junit.AutoTests" name="[79] /home/travis/build/icyphy/ptII/ptolemy/domains/de/test/auto/deInCt.xml (RunModel)" time="0.011" />
  <testcase classname="ptolemy.util.test.junit.AutoTests" name="[80] /home/travis/build/icyphy/ptII/ptolemy/domains/de/test/auto/deInCt2.xml (RunModel)" time="0.023" />
  <testcase classname="ptolemy.util.test.junit.AutoTests" name="[81] /home/travis/build/icyphy/ptII/ptolemy/domains/de/test/auto/dynamicCausalityInterface1.xml (RunModel)" time="0.031" />
  <testcase classname="ptolemy.util.test.junit.AutoTests" name="[82] /home/travis/build/icyphy/ptII/ptolemy/domains/de/test/auto/fsm_de_test.xml (RunModel)" time="0.024" />
  <testcase classname="ptolemy.util.test.junit.AutoTests" name="[83] /home/travis/build/icyphy/ptII/ptolemy/domains/de/test/auto/functionDependencyReconstruction.xml (RunModel)" time="0.054" />
  <testcase classname="ptolemy.util.test.junit.AutoTests" name="[84] /home/travis/build/icyphy/ptII/ptolemy/domains/de/test/auto/multirate.xml (RunModel)" time="0.015" />
  <testcase classname="ptolemy.util.test.junit.AutoTests" name="[85] /home/travis/build/icyphy/ptII/ptolemy/domains/de/test/auto/multirate2.xml (RunModel)" time="0.019" />
  <testcase classname="ptolemy.util.test.junit.AutoTests" name="[86] /home/travis/build/icyphy/ptII/ptolemy/domains/de/test/auto/realtime.xml (RunModel)" time="10.014" />
  <testcase classname="ptolemy.util.test.junit.AutoTests" name="[87] /home/travis/build/icyphy/ptII/ptolemy/domains/de/test/auto/relationGroup.xml (RunModel)" time="0.008" />
  <testcase classname="ptolemy.util.test.junit.AutoTests" name="[88] /home/travis/build/icyphy/ptII/ptolemy/domains/de/test/auto/relationGroup2.xml (RunModel)" time="0.007" />
  <testcase classname="ptolemy.util.test.junit.AutoTests" name="[89] /home/travis/build/icyphy/ptII/ptolemy/domains/de/test/auto/sortWithOpaquePorts.xml (RunModel)" time="0.01" />
  <testcase classname="ptolemy.util.test.junit.AutoTests" name="[90] /home/travis/build/icyphy/ptII/ptolemy/domains/de/test/auto/transferInputsandOutputs.xml (RunModel)" time="0.01" />
  <testcase classname="ptolemy.util.test.junit.AutoTests" name="[91] /home/travis/build/icyphy/ptII/ptolemy/domains/de/test/auto/triggerType.xml (RunModel)" time="0.012" />
  <system-out><![CDATA[/home/travis/build/icyphy/ptII/ptolemy/domains/de/test/DependencyLoop.tcl
testDefs.tcl: setting time out to 9000 seconds at Sun Jul 14 18:09:39 UTC 2019
91 ms. Memory: 120832K Free: 71620K (59%)
12 ms. Memory: 120832K Free: 54212K (45%)
/home/travis/build/icyphy/ptII/ptolemy/domains/de/test/RunDETestsAsQSS.tcl
Run the DE tests using ptolemy.domains.qss.test.QSSDirectorTest, which extends QSSDirector and prints a message in the constructors.
------------------ testing $PTII/ptolemy/domains/de/test/auto/knownFailedTests/DirectFeedback.xml (Known Failure) 
49 ms. Memory: 120832K Free: 49092K (41%)


==== $PTIIhome/travis/build/icyphy/ptII/ptolemy/domains/de/test/../../../../: Auto Automatic test in file $PTII/ptolemy/domains/de/test/auto/knownFailedTests/DirectFeedback.xml
==== Contents of test case:

	    # FIXME: we should use $relativeFilename here, but it
	    # might have backslashes under Windows, which causes no end
	    # of trouble.
	    createAndExecute $file
	    list {}
	
.... Test generated KNOWN error:
    while executing
ptolemy.kernel.util.IllegalActionException: Test fails in iteration 1.
Value was: 1.0. Should have been: 2.0
  in .DirectFeedback.Test
	at ptolemy.actor.lib.Test.fire(Test.java:268)
	at ptolemy.domains.de.kernel.DEDirector._fire(DEDirector.java:1949)
	at ptolemy.domains.de.kernel.DEDirector.fire(DEDirector.java:502)
	at ptolemy.actor.CompositeActor.fire(CompositeActor.java:455)
	at ptolemy.actor.Manager.iterate(Manager.java:851)
	at ptolemy.actor.Manager.execute(Manager.java:369)
	at ptolemy.actor.Manager.run(Manager.java:1263)
	at ptolemy.actor.Manager$PtolemyRunThread.run(Manager.java:1915)

    while executing
ptolemy.kernel.util.IllegalActionException: Test fails in iteration 1.
Value was: 1.0. Should have been: 2.0
  in .DirectFeedback.Test
    while executing
"java::new ptolemy.moml.MoMLSimpleApplication $file
"
    (procedure "createAndExecute" line 2)
    invoked from within
"createAndExecute $file"
    ("uplevel" body line 5)
    invoked from within
"uplevel $contents_of_test"
------------------ testing $PTII/ptolemy/domains/de/test/auto/knownFailedTests/dependencyLoop.xml (Known Failure) 
8 ms. Memory: 120832K Free: 46020K (38%)


==== $PTIIhome/travis/build/icyphy/ptII/ptolemy/domains/de/test/../../../../: Auto Automatic test in file $PTII/ptolemy/domains/de/test/auto/knownFailedTests/dependencyLoop.xml
==== Contents of test case:

	    # FIXME: we should use $relativeFilename here, but it
	    # might have backslashes under Windows, which causes no end
	    # of trouble.
	    createAndExecute $file
	    list {}
	
.... Test generated KNOWN error:
    while executing
ptolemy.kernel.util.IllegalActionException: Found a zero delay loop containing .dependencyLoop.original
  in .dependencyLoop and .dependencyLoop.original
	at ptolemy.actor.util.CausalityInterfaceForComposites._computeOutputPortDepth(CausalityInterfaceForComposites.java:759)
	at ptolemy.actor.util.CausalityInterfaceForComposites._computeInputDepth(CausalityInterfaceForComposites.java:696)
	at ptolemy.actor.util.CausalityInterfaceForComposites._computeOutputPortDepth(CausalityInterfaceForComposites.java:765)
	at ptolemy.actor.util.CausalityInterfaceForComposites._computeInputDepth(CausalityInterfaceForComposites.java:696)
	at ptolemy.actor.util.CausalityInterfaceForComposites._computeOutputPortDepth(CausalityInterfaceForComposites.java:765)
	at ptolemy.actor.util.CausalityInterfaceForComposites._computeInputDepth(CausalityInterfaceForComposites.java:696)
	at ptolemy.actor.util.CausalityInterfaceForComposites._computeActorDepth(CausalityInterfaceForComposites.java:532)
	at ptolemy.actor.util.CausalityInterfaceForComposites.checkForCycles(CausalityInterfaceForComposites.java:96)
	at ptolemy.domains.de.kernel.DEDirector.preinitialize(DEDirector.java:1338)
	at ptolemy.actor.CompositeActor.preinitialize(CompositeActor.java:1828)
	at ptolemy.actor.Manager.preinitializeAndResolveTypes(Manager.java:1040)
	at ptolemy.actor.Manager.initialize(Manager.java:710)
	at ptolemy.actor.Manager.execute(Manager.java:356)
	at ptolemy.actor.Manager.run(Manager.java:1263)
	at ptolemy.actor.Manager$PtolemyRunThread.run(Manager.java:1915)

    while executing
ptolemy.kernel.util.IllegalActionException: Found a zero delay loop containing .dependencyLoop.original
  in .dependencyLoop and .dependencyLoop.original
    while executing
"java::new ptolemy.moml.MoMLSimpleApplication $file
"
    (procedure "createAndExecute" line 2)
    invoked from within
"createAndExecute $file"
    ("uplevel" body line 5)
    invoked from within
"uplevel $contents_of_test"
------------------ testing $PTII/ptolemy/domains/de/test/auto/knownFailedTests/FSMSource.xml (Known Failure) 
64 ms. Memory: 120832K Free: 100198K (83%)
!!!! Auto was marked as failing, but now passes
------------------ testing $PTII/ptolemy/domains/de/test/auto/knownFailedTests/HierarchicalModel.xml (Known Failure) 
9 ms. Memory: 120832K Free: 82472K (68%)


==== $PTIIhome/travis/build/icyphy/ptII/ptolemy/domains/de/test/../../../../: Auto Automatic test in file $PTII/ptolemy/domains/de/test/auto/knownFailedTests/HierarchicalModel.xml
==== Contents of test case:

	    # FIXME: we should use $relativeFilename here, but it
	    # might have backslashes under Windows, which causes no end
	    # of trouble.
	    createAndExecute $file
	    list {}
	
.... Test generated KNOWN error:
    while executing
ptolemy.kernel.util.IllegalActionException: Found a zero delay loop containing .HierarchicalModel.A
  in .HierarchicalModel and .HierarchicalModel.A
	at ptolemy.actor.util.CausalityInterfaceForComposites._computeOutputPortDepth(CausalityInterfaceForComposites.java:759)
	at ptolemy.actor.util.CausalityInterfaceForComposites._computeInputDepth(CausalityInterfaceForComposites.java:696)
	at ptolemy.actor.util.CausalityInterfaceForComposites._computeOutputPortDepth(CausalityInterfaceForComposites.java:765)
	at ptolemy.actor.util.CausalityInterfaceForComposites._computeInputDepth(CausalityInterfaceForComposites.java:696)
	at ptolemy.actor.util.CausalityInterfaceForComposites._computeOutputPortDepth(CausalityInterfaceForComposites.java:765)
	at ptolemy.actor.util.CausalityInterfaceForComposites._computeInputDepth(CausalityInterfaceForComposites.java:696)
	at ptolemy.actor.util.CausalityInterfaceForComposites._computeActorDepth(CausalityInterfaceForComposites.java:532)
	at ptolemy.actor.util.CausalityInterfaceForComposites.checkForCycles(CausalityInterfaceForComposites.java:96)
	at ptolemy.domains.de.kernel.DEDirector.preinitialize(DEDirector.java:1338)
	at ptolemy.actor.CompositeActor.preinitialize(CompositeActor.java:1828)
	at ptolemy.actor.Manager.preinitializeAndResolveTypes(Manager.java:1040)
	at ptolemy.actor.Manager.initialize(Manager.java:710)
	at ptolemy.actor.Manager.execute(Manager.java:356)
	at ptolemy.actor.Manager.run(Manager.java:1263)
	at ptolemy.actor.Manager$PtolemyRunThread.run(Manager.java:1915)

    while executing
ptolemy.kernel.util.IllegalActionException: Found a zero delay loop containing .HierarchicalModel.A
  in .HierarchicalModel and .HierarchicalModel.A
    while executing
"java::new ptolemy.moml.MoMLSimpleApplication $file
"
    (procedure "createAndExecute" line 2)
    invoked from within
"createAndExecute $file"
    ("uplevel" body line 5)
    invoked from within
"uplevel $contents_of_test"
------------------ testing $PTII/ptolemy/domains/de/test/auto/knownFailedTests/dependencyLoop2.xml (Known Failure) 
10 ms. Memory: 120832K Free: 66406K (55%)


==== $PTIIhome/travis/build/icyphy/ptII/ptolemy/domains/de/test/../../../../: Auto Automatic test in file $PTII/ptolemy/domains/de/test/auto/knownFailedTests/dependencyLoop2.xml
==== Contents of test case:

	    # FIXME: we should use $relativeFilename here, but it
	    # might have backslashes under Windows, which causes no end
	    # of trouble.
	    createAndExecute $file
	    list {}
	
.... Test generated KNOWN error:
    while executing
ptolemy.kernel.util.IllegalActionException: Found a zero delay loop containing .dependencyLoop2.original
  in .dependencyLoop2 and .dependencyLoop2.original
	at ptolemy.actor.util.CausalityInterfaceForComposites._computeOutputPortDepth(CausalityInterfaceForComposites.java:759)
	at ptolemy.actor.util.CausalityInterfaceForComposites._computeInputDepth(CausalityInterfaceForComposites.java:696)
	at ptolemy.actor.util.CausalityInterfaceForComposites._computeOutputPortDepth(CausalityInterfaceForComposites.java:765)
	at ptolemy.actor.util.CausalityInterfaceForComposites._computeInputDepth(CausalityInterfaceForComposites.java:696)
	at ptolemy.actor.util.CausalityInterfaceForComposites._computeOutputPortDepth(CausalityInterfaceForComposites.java:765)
	at ptolemy.actor.util.CausalityInterfaceForComposites._computeInputDepth(CausalityInterfaceForComposites.java:696)
	at ptolemy.actor.util.CausalityInterfaceForComposites._computeActorDepth(CausalityInterfaceForComposites.java:532)
	at ptolemy.actor.util.CausalityInterfaceForComposites.checkForCycles(CausalityInterfaceForComposites.java:96)
	at ptolemy.domains.de.kernel.DEDirector.preinitialize(DEDirector.java:1338)
	at ptolemy.actor.CompositeActor.preinitialize(CompositeActor.java:1828)
	at ptolemy.actor.Manager.preinitializeAndResolveTypes(Manager.java:1040)
	at ptolemy.actor.Manager.initialize(Manager.java:710)
	at ptolemy.actor.Manager.execute(Manager.java:356)
	at ptolemy.actor.Manager.run(Manager.java:1263)
	at ptolemy.actor.Manager$PtolemyRunThread.run(Manager.java:1915)

    while executing
ptolemy.kernel.util.IllegalActionException: Found a zero delay loop containing .dependencyLoop2.original
  in .dependencyLoop2 and .dependencyLoop2.original
    while executing
"java::new ptolemy.moml.MoMLSimpleApplication $file
"
    (procedure "createAndExecute" line 2)
    invoked from within
"createAndExecute $file"
    ("uplevel" body line 5)
    invoked from within
"uplevel $contents_of_test"
------------------ testing $PTII/ptolemy/domains/de/test/auto/knownFailedTests/DESDFClockTest.xml (Known Failure) 
2073 ms. Memory: 120832K Free: 96121K (80%)


==== $PTIIhome/travis/build/icyphy/ptII/ptolemy/domains/de/test/../../../../: Auto Automatic test in file $PTII/ptolemy/domains/de/test/auto/knownFailedTests/DESDFClockTest.xml
==== Contents of test case:

	    # FIXME: we should use $relativeFilename here, but it
	    # might have backslashes under Windows, which causes no end
	    # of trouble.
	    createAndExecute $file
	    list {}
	
.... Test generated KNOWN error:
    while executing
ptolemy.kernel.util.IllegalActionException: Actor is not ready to fire.  Perhaps UpSample.prefire() returned false? Try debugging the actor by selecting "Listen to Actor".  Also, for SDF check moml for tokenConsumptionRate on input.
  in .DESDFClockTest.Play Bell.Copy1:SDF Director and .DESDFClockTest.Play Bell.UpSample
	at ptolemy.actor.sched.StaticSchedulingDirector.fire(StaticSchedulingDirector.java:227)
	at ptolemy.domains.sdf.kernel.SDFDirector.fire(SDFDirector.java:500)
	at ptolemy.actor.CompositeActor.fire(CompositeActor.java:455)
	at ptolemy.domains.de.kernel.DEDirector._fire(DEDirector.java:1949)
	at ptolemy.domains.de.kernel.DEDirector.fire(DEDirector.java:502)
	at ptolemy.actor.CompositeActor.fire(CompositeActor.java:455)
	at ptolemy.actor.Manager.iterate(Manager.java:851)
	at ptolemy.actor.Manager.execute(Manager.java:369)
	at ptolemy.actor.Manager.run(Manager.java:1263)
	at ptolemy.actor.Manager$PtolemyRunThread.run(Manager.java:1915)

    while executing
ptolemy.kernel.util.IllegalActionException: Actor is not ready to fire.  Perhaps UpSample.prefire() returned false? Try debugging the actor by selecting "Listen to Actor".  Also, for SDF check moml for tokenConsumptionRate on input.
  in .DESDFClockTest.Play Bell.Copy1:SDF Director and .DESDFClockTest.Play Bell.UpSample
    while executing
"java::new ptolemy.moml.MoMLSimpleApplication $file
"
    (procedure "createAndExecute" line 2)
    invoked from within
"createAndExecute $file"
    ("uplevel" body line 5)
    invoked from within
"uplevel $contents_of_test"
------------------ testing $PTII/ptolemy/domains/de/test/auto/ActorDepthCalculation_actorWithoutPorts.xml
auto.tcl: Setting watchdog for 200 seconds at Sun Jul 14 18:09:43 UTC 2019
5 ms. Memory: 120832K Free: 88443K (73%)
ptolemy.util.test.WatchDog.cancel(): canceling Sun Jul 14 18:09:43 UTC 2019
auto.tcl: Setting watchdog for 200 seconds at Sun Jul 14 18:09:43 UTC 2019
15 ms. Memory: 120832K Free: 87419K (72%)
ptolemy.util.test.WatchDog.cancel(): canceling Sun Jul 14 18:09:43 UTC 2019
------------------ testing $PTII/ptolemy/domains/de/test/auto/AssemblyLine.xml
auto.tcl: Setting watchdog for 200 seconds at Sun Jul 14 18:09:44 UTC 2019
10 ms. Memory: 48128K Free: 25245K (52%)
ptolemy.util.test.WatchDog.cancel(): canceling Sun Jul 14 18:09:44 UTC 2019
auto.tcl: Setting watchdog for 200 seconds at Sun Jul 14 18:09:44 UTC 2019
13 ms. Memory: 48128K Free: 24745K (51%)
ptolemy.util.test.WatchDog.cancel(): canceling Sun Jul 14 18:09:44 UTC 2019
------------------ testing $PTII/ptolemy/domains/de/test/auto/CQBug1.xml
auto.tcl: Setting watchdog for 200 seconds at Sun Jul 14 18:09:44 UTC 2019
3 ms. Memory: 48128K Free: 31858K (66%)
ptolemy.util.test.WatchDog.cancel(): canceling Sun Jul 14 18:09:44 UTC 2019
auto.tcl: Setting watchdog for 200 seconds at Sun Jul 14 18:09:44 UTC 2019
3 ms. Memory: 48128K Free: 31382K (65%)
ptolemy.util.test.WatchDog.cancel(): canceling Sun Jul 14 18:09:44 UTC 2019
------------------ testing $PTII/ptolemy/domains/de/test/auto/CancelFireAt.xml
auto.tcl: Setting watchdog for 200 seconds at Sun Jul 14 18:09:44 UTC 2019
3 ms. Memory: 48128K Free: 32713K (68%)
ptolemy.util.test.WatchDog.cancel(): canceling Sun Jul 14 18:09:44 UTC 2019
auto.tcl: Setting watchdog for 200 seconds at Sun Jul 14 18:09:44 UTC 2019
2 ms. Memory: 48128K Free: 32177K (67%)
ptolemy.util.test.WatchDog.cancel(): canceling Sun Jul 14 18:09:44 UTC 2019
------------------ testing $PTII/ptolemy/domains/de/test/auto/CausalityAndComposabilityAnalysis.xml
auto.tcl: Setting watchdog for 200 seconds at Sun Jul 14 18:09:44 UTC 2019
7 ms. Memory: 48128K Free: 30481K (63%)
ptolemy.util.test.WatchDog.cancel(): canceling Sun Jul 14 18:09:44 UTC 2019
auto.tcl: Setting watchdog for 200 seconds at Sun Jul 14 18:09:44 UTC 2019
6 ms. Memory: 48128K Free: 30048K (62%)
ptolemy.util.test.WatchDog.cancel(): canceling Sun Jul 14 18:09:44 UTC 2019
------------------ testing $PTII/ptolemy/domains/de/test/auto/CausalityInterface1.xml
auto.tcl: Setting watchdog for 200 seconds at Sun Jul 14 18:09:44 UTC 2019
19 ms. Memory: 48128K Free: 29306K (61%)
ptolemy.util.test.WatchDog.cancel(): canceling Sun Jul 14 18:09:44 UTC 2019
auto.tcl: Setting watchdog for 200 seconds at Sun Jul 14 18:09:44 UTC 2019
4 ms. Memory: 48128K Free: 28423K (59%)
ptolemy.util.test.WatchDog.cancel(): canceling Sun Jul 14 18:09:44 UTC 2019
------------------ testing $PTII/ptolemy/domains/de/test/auto/CausalityInterface15.xml
auto.tcl: Setting watchdog for 200 seconds at Sun Jul 14 18:09:44 UTC 2019
11 ms. Memory: 48128K Free: 29098K (60%)
ptolemy.util.test.WatchDog.cancel(): canceling Sun Jul 14 18:09:44 UTC 2019
auto.tcl: Setting watchdog for 200 seconds at Sun Jul 14 18:09:44 UTC 2019
4 ms. Memory: 48128K Free: 28398K (59%)
ptolemy.util.test.WatchDog.cancel(): canceling Sun Jul 14 18:09:44 UTC 2019
------------------ testing $PTII/ptolemy/domains/de/test/auto/CausalityInterface2.xml
auto.tcl: Setting watchdog for 200 seconds at Sun Jul 14 18:09:44 UTC 2019
4 ms. Memory: 48128K Free: 30062K (62%)
ptolemy.util.test.WatchDog.cancel(): canceling Sun Jul 14 18:09:44 UTC 2019
auto.tcl: Setting watchdog for 200 seconds at Sun Jul 14 18:09:44 UTC 2019
2 ms. Memory: 48128K Free: 28942K (60%)
ptolemy.util.test.WatchDog.cancel(): canceling Sun Jul 14 18:09:44 UTC 2019
------------------ testing $PTII/ptolemy/domains/de/test/auto/CausalityInterface3.xml
auto.tcl: Setting watchdog for 200 seconds at Sun Jul 14 18:09:44 UTC 2019
9 ms. Memory: 48128K Free: 29588K (61%)
ptolemy.util.test.WatchDog.cancel(): canceling Sun Jul 14 18:09:44 UTC 2019
auto.tcl: Setting watchdog for 200 seconds at Sun Jul 14 18:09:44 UTC 2019
3 ms. Memory: 48128K Free: 29116K (60%)
ptolemy.util.test.WatchDog.cancel(): canceling Sun Jul 14 18:09:44 UTC 2019
------------------ testing $PTII/ptolemy/domains/de/test/auto/ClockDrift.xml
auto.tcl: Setting watchdog for 200 seconds at Sun Jul 14 18:09:44 UTC 2019
84 ms. Memory: 48128K Free: 21684K (45%)
ptolemy.util.test.WatchDog.cancel(): canceling Sun Jul 14 18:09:45 UTC 2019
auto.tcl: Setting watchdog for 200 seconds at Sun Jul 14 18:09:45 UTC 2019
65 ms. Memory: 48128K Free: 18730K (39%)
ptolemy.util.test.WatchDog.cancel(): canceling Sun Jul 14 18:09:45 UTC 2019
------------------ testing $PTII/ptolemy/domains/de/test/auto/ClockDriftAndValueChange.xml
auto.tcl: Setting watchdog for 200 seconds at Sun Jul 14 18:09:45 UTC 2019
36 ms. Memory: 48128K Free: 22551K (47%)
ptolemy.util.test.WatchDog.cancel(): canceling Sun Jul 14 18:09:45 UTC 2019
auto.tcl: Setting watchdog for 200 seconds at Sun Jul 14 18:09:45 UTC 2019
19 ms. Memory: 48128K Free: 19440K (40%)
ptolemy.util.test.WatchDog.cancel(): canceling Sun Jul 14 18:09:45 UTC 2019
------------------ testing $PTII/ptolemy/domains/de/test/auto/ClockDriftChange.xml
auto.tcl: Setting watchdog for 200 seconds at Sun Jul 14 18:09:45 UTC 2019
21 ms. Memory: 48128K Free: 24314K (51%)
ptolemy.util.test.WatchDog.cancel(): canceling Sun Jul 14 18:09:45 UTC 2019
auto.tcl: Setting watchdog for 200 seconds at Sun Jul 14 18:09:45 UTC 2019
25 ms. Memory: 48128K Free: 21714K (45%)
ptolemy.util.test.WatchDog.cancel(): canceling Sun Jul 14 18:09:45 UTC 2019
------------------ testing $PTII/ptolemy/domains/de/test/auto/ComposableCausalityAnalysis.xml
auto.tcl: Setting watchdog for 200 seconds at Sun Jul 14 18:09:45 UTC 2019
2 ms. Memory: 48128K Free: 28910K (60%)
ptolemy.util.test.WatchDog.cancel(): canceling Sun Jul 14 18:09:45 UTC 2019
auto.tcl: Setting watchdog for 200 seconds at Sun Jul 14 18:09:45 UTC 2019
4 ms. Memory: 48128K Free: 27872K (58%)
ptolemy.util.test.WatchDog.cancel(): canceling Sun Jul 14 18:09:45 UTC 2019
------------------ testing $PTII/ptolemy/domains/de/test/auto/DEFixedPointLimitation.xml
auto.tcl: Setting watchdog for 200 seconds at Sun Jul 14 18:09:45 UTC 2019
2 ms. Memory: 48128K Free: 30298K (63%)
ptolemy.util.test.WatchDog.cancel(): canceling Sun Jul 14 18:09:45 UTC 2019
auto.tcl: Setting watchdog for 200 seconds at Sun Jul 14 18:09:45 UTC 2019
2 ms. Memory: 48128K Free: 29370K (61%)
ptolemy.util.test.WatchDog.cancel(): canceling Sun Jul 14 18:09:45 UTC 2019
------------------ testing $PTII/ptolemy/domains/de/test/auto/DEScheduleTest.xml
auto.tcl: Setting watchdog for 200 seconds at Sun Jul 14 18:09:45 UTC 2019
3 ms. Memory: 48128K Free: 30620K (64%)
ptolemy.util.test.WatchDog.cancel(): canceling Sun Jul 14 18:09:45 UTC 2019
auto.tcl: Setting watchdog for 200 seconds at Sun Jul 14 18:09:45 UTC 2019
3 ms. Memory: 48128K Free: 29861K (62%)
ptolemy.util.test.WatchDog.cancel(): canceling Sun Jul 14 18:09:45 UTC 2019
------------------ testing $PTII/ptolemy/domains/de/test/auto/DEinDEwithStartTimes.xml
auto.tcl: Setting watchdog for 200 seconds at Sun Jul 14 18:09:45 UTC 2019
6 ms. Memory: 48128K Free: 28760K (60%)
ptolemy.util.test.WatchDog.cancel(): canceling Sun Jul 14 18:09:45 UTC 2019
auto.tcl: Setting watchdog for 200 seconds at Sun Jul 14 18:09:45 UTC 2019
3 ms. Memory: 48128K Free: 27736K (58%)
ptolemy.util.test.WatchDog.cancel(): canceling Sun Jul 14 18:09:45 UTC 2019
------------------ testing $PTII/ptolemy/domains/de/test/auto/DEinDEwithStartTimes2.xml
auto.tcl: Setting watchdog for 200 seconds at Sun Jul 14 18:09:45 UTC 2019
5 ms. Memory: 48128K Free: 28000K (58%)
ptolemy.util.test.WatchDog.cancel(): canceling Sun Jul 14 18:09:45 UTC 2019
auto.tcl: Setting watchdog for 200 seconds at Sun Jul 14 18:09:45 UTC 2019
6 ms. Memory: 48128K Free: 26691K (55%)
ptolemy.util.test.WatchDog.cancel(): canceling Sun Jul 14 18:09:45 UTC 2019
------------------ testing $PTII/ptolemy/domains/de/test/auto/DateDemo.xml
auto.tcl: Setting watchdog for 200 seconds at Sun Jul 14 18:09:45 UTC 2019
21 ms. Memory: 48128K Free: 22809K (47%)
ptolemy.util.test.WatchDog.cancel(): canceling Sun Jul 14 18:09:45 UTC 2019
auto.tcl: Setting watchdog for 200 seconds at Sun Jul 14 18:09:45 UTC 2019
7 ms. Memory: 48128K Free: 21135K (44%)
ptolemy.util.test.WatchDog.cancel(): canceling Sun Jul 14 18:09:45 UTC 2019
------------------ testing $PTII/ptolemy/domains/de/test/auto/DateToEvent.xml
auto.tcl: Setting watchdog for 200 seconds at Sun Jul 14 18:09:45 UTC 2019
2010 ms. Memory: 48128K Free: 17780K (37%)
ptolemy.util.test.WatchDog.cancel(): canceling Sun Jul 14 18:09:48 UTC 2019
auto.tcl: Setting watchdog for 200 seconds at Sun Jul 14 18:09:48 UTC 2019
2006 ms. Memory: 48128K Free: 17398K (36%)
ptolemy.util.test.WatchDog.cancel(): canceling Sun Jul 14 18:09:50 UTC 2019
------------------ testing $PTII/ptolemy/domains/de/test/auto/DepthTest1.xml
auto.tcl: Setting watchdog for 200 seconds at Sun Jul 14 18:09:50 UTC 2019
5 ms. Memory: 48128K Free: 31401K (65%)
ptolemy.util.test.WatchDog.cancel(): canceling Sun Jul 14 18:09:50 UTC 2019
auto.tcl: Setting watchdog for 200 seconds at Sun Jul 14 18:09:50 UTC 2019
2 ms. Memory: 48128K Free: 30583K (64%)
ptolemy.util.test.WatchDog.cancel(): canceling Sun Jul 14 18:09:50 UTC 2019
------------------ testing $PTII/ptolemy/domains/de/test/auto/DepthTest2.xml
auto.tcl: Setting watchdog for 200 seconds at Sun Jul 14 18:09:50 UTC 2019
3 ms. Memory: 48128K Free: 28229K (59%)
ptolemy.util.test.WatchDog.cancel(): canceling Sun Jul 14 18:09:50 UTC 2019
auto.tcl: Setting watchdog for 200 seconds at Sun Jul 14 18:09:50 UTC 2019
2 ms. Memory: 48128K Free: 27792K (58%)
ptolemy.util.test.WatchDog.cancel(): canceling Sun Jul 14 18:09:50 UTC 2019
------------------ testing $PTII/ptolemy/domains/de/test/auto/DepthTest3.xml
auto.tcl: Setting watchdog for 200 seconds at Sun Jul 14 18:09:50 UTC 2019
3 ms. Memory: 48128K Free: 31731K (66%)
ptolemy.util.test.WatchDog.cancel(): canceling Sun Jul 14 18:09:50 UTC 2019
auto.tcl: Setting watchdog for 200 seconds at Sun Jul 14 18:09:50 UTC 2019
1 ms. Memory: 48128K Free: 31295K (65%)
ptolemy.util.test.WatchDog.cancel(): canceling Sun Jul 14 18:09:50 UTC 2019
------------------ testing $PTII/ptolemy/domains/de/test/auto/DepthTest4.xml
auto.tcl: Setting watchdog for 200 seconds at Sun Jul 14 18:09:50 UTC 2019
3 ms. Memory: 48128K Free: 30000K (62%)
ptolemy.util.test.WatchDog.cancel(): canceling Sun Jul 14 18:09:50 UTC 2019
auto.tcl: Setting watchdog for 200 seconds at Sun Jul 14 18:09:50 UTC 2019
2 ms. Memory: 48128K Free: 29335K (61%)
ptolemy.util.test.WatchDog.cancel(): canceling Sun Jul 14 18:09:50 UTC 2019
------------------ testing $PTII/ptolemy/domains/de/test/auto/DepthTest5.xml
auto.tcl: Setting watchdog for 200 seconds at Sun Jul 14 18:09:50 UTC 2019
6 ms. Memory: 48128K Free: 29454K (61%)
ptolemy.util.test.WatchDog.cancel(): canceling Sun Jul 14 18:09:50 UTC 2019
auto.tcl: Setting watchdog for 200 seconds at Sun Jul 14 18:09:50 UTC 2019
3 ms. Memory: 48128K Free: 28692K (60%)
ptolemy.util.test.WatchDog.cancel(): canceling Sun Jul 14 18:09:50 UTC 2019
------------------ testing $PTII/ptolemy/domains/de/test/auto/DepthTest6.xml
auto.tcl: Setting watchdog for 200 seconds at Sun Jul 14 18:09:50 UTC 2019
4 ms. Memory: 48128K Free: 29162K (61%)
ptolemy.util.test.WatchDog.cancel(): canceling Sun Jul 14 18:09:50 UTC 2019
auto.tcl: Setting watchdog for 200 seconds at Sun Jul 14 18:09:50 UTC 2019
3 ms. Memory: 48128K Free: 28733K (60%)
ptolemy.util.test.WatchDog.cancel(): canceling Sun Jul 14 18:09:50 UTC 2019
------------------ testing $PTII/ptolemy/domains/de/test/auto/DepthTest7.xml
auto.tcl: Setting watchdog for 200 seconds at Sun Jul 14 18:09:50 UTC 2019
3 ms. Memory: 48128K Free: 29443K (61%)
ptolemy.util.test.WatchDog.cancel(): canceling Sun Jul 14 18:09:50 UTC 2019
auto.tcl: Setting watchdog for 200 seconds at Sun Jul 14 18:09:50 UTC 2019
2 ms. Memory: 48128K Free: 29014K (60%)
ptolemy.util.test.WatchDog.cancel(): canceling Sun Jul 14 18:09:50 UTC 2019
------------------ testing $PTII/ptolemy/domains/de/test/auto/EventToDate.xml
auto.tcl: Setting watchdog for 200 seconds at Sun Jul 14 18:09:50 UTC 2019
3014 ms. Memory: 48128K Free: 20742K (43%)
ptolemy.util.test.WatchDog.cancel(): canceling Sun Jul 14 18:09:53 UTC 2019
auto.tcl: Setting watchdog for 200 seconds at Sun Jul 14 18:09:53 UTC 2019
3006 ms. Memory: 48128K Free: 20072K (42%)
ptolemy.util.test.WatchDog.cancel(): canceling Sun Jul 14 18:09:56 UTC 2019
------------------ testing $PTII/ptolemy/domains/de/test/auto/FSM1.xml
auto.tcl: Setting watchdog for 200 seconds at Sun Jul 14 18:09:56 UTC 2019
38 ms. Memory: 48128K Free: 22234K (46%)
ptolemy.util.test.WatchDog.cancel(): canceling Sun Jul 14 18:09:56 UTC 2019
auto.tcl: Setting watchdog for 200 seconds at Sun Jul 14 18:09:56 UTC 2019
22 ms. Memory: 48128K Free: 18741K (39%)
ptolemy.util.test.WatchDog.cancel(): canceling Sun Jul 14 18:09:56 UTC 2019
------------------ testing $PTII/ptolemy/domains/de/test/auto/FSM7.xml
auto.tcl: Setting watchdog for 200 seconds at Sun Jul 14 18:09:56 UTC 2019
14 ms. Memory: 48128K Free: 21682K (45%)
ptolemy.util.test.WatchDog.cancel(): canceling Sun Jul 14 18:09:56 UTC 2019
auto.tcl: Setting watchdog for 200 seconds at Sun Jul 14 18:09:56 UTC 2019
15 ms. Memory: 48128K Free: 18540K (39%)
ptolemy.util.test.WatchDog.cancel(): canceling Sun Jul 14 18:09:56 UTC 2019
------------------ testing $PTII/ptolemy/domains/de/test/auto/Inspection.xml
auto.tcl: Setting watchdog for 200 seconds at Sun Jul 14 18:09:57 UTC 2019
32 ms. Memory: 48128K Free: 21480K (45%)
ptolemy.util.test.WatchDog.cancel(): canceling Sun Jul 14 18:09:57 UTC 2019
auto.tcl: Setting watchdog for 200 seconds at Sun Jul 14 18:09:57 UTC 2019
34 ms. Memory: 48128K Free: 19607K (41%)
ptolemy.util.test.WatchDog.cancel(): canceling Sun Jul 14 18:09:57 UTC 2019
------------------ testing $PTII/ptolemy/domains/de/test/auto/Iteration.xml
auto.tcl: Setting watchdog for 200 seconds at Sun Jul 14 18:09:57 UTC 2019
12 ms. Memory: 48128K Free: 27458K (57%)
ptolemy.util.test.WatchDog.cancel(): canceling Sun Jul 14 18:09:57 UTC 2019
auto.tcl: Setting watchdog for 200 seconds at Sun Jul 14 18:09:57 UTC 2019
7 ms. Memory: 48128K Free: 26434K (55%)
ptolemy.util.test.WatchDog.cancel(): canceling Sun Jul 14 18:09:57 UTC 2019
------------------ testing $PTII/ptolemy/domains/de/test/auto/LineFault.xml
auto.tcl: Setting watchdog for 200 seconds at Sun Jul 14 18:09:57 UTC 2019
671 ms. Memory: 58368K Free: 27399K (47%)
ptolemy.util.test.WatchDog.cancel(): canceling Sun Jul 14 18:09:58 UTC 2019
auto.tcl: Setting watchdog for 200 seconds at Sun Jul 14 18:09:58 UTC 2019
596 ms. Memory: 58368K Free: 27723K (47%)
ptolemy.util.test.WatchDog.cancel(): canceling Sun Jul 14 18:09:58 UTC 2019
------------------ testing $PTII/ptolemy/domains/de/test/auto/MergeModel1Add.xml
auto.tcl: Setting watchdog for 200 seconds at Sun Jul 14 18:09:58 UTC 2019
31 ms. Memory: 51200K Free: 15943K (31%)
ptolemy.util.test.WatchDog.cancel(): canceling Sun Jul 14 18:09:58 UTC 2019
auto.tcl: Setting watchdog for 200 seconds at Sun Jul 14 18:09:58 UTC 2019
9 ms. Memory: 51200K Free: 14726K (29%)
ptolemy.util.test.WatchDog.cancel(): canceling Sun Jul 14 18:09:58 UTC 2019
------------------ testing $PTII/ptolemy/domains/de/test/auto/MergeModel2Add.xml
auto.tcl: Setting watchdog for 200 seconds at Sun Jul 14 18:09:59 UTC 2019
12 ms. Memory: 48128K Free: 15752K (33%)
ptolemy.util.test.WatchDog.cancel(): canceling Sun Jul 14 18:09:59 UTC 2019
auto.tcl: Setting watchdog for 200 seconds at Sun Jul 14 18:09:59 UTC 2019
12 ms. Memory: 48128K Free: 14509K (30%)
ptolemy.util.test.WatchDog.cancel(): canceling Sun Jul 14 18:09:59 UTC 2019
------------------ testing $PTII/ptolemy/domains/de/test/auto/MergeModel3Add.xml
auto.tcl: Setting watchdog for 200 seconds at Sun Jul 14 18:09:59 UTC 2019
10 ms. Memory: 48128K Free: 15228K (32%)
ptolemy.util.test.WatchDog.cancel(): canceling Sun Jul 14 18:09:59 UTC 2019
auto.tcl: Setting watchdog for 200 seconds at Sun Jul 14 18:09:59 UTC 2019
13 ms. Memory: 48128K Free: 13517K (28%)
ptolemy.util.test.WatchDog.cancel(): canceling Sun Jul 14 18:09:59 UTC 2019
------------------ testing $PTII/ptolemy/domains/de/test/auto/MergeWithoutDiscard.xml
auto.tcl: Setting watchdog for 200 seconds at Sun Jul 14 18:09:59 UTC 2019
2 ms. Memory: 48128K Free: 29827K (62%)
ptolemy.util.test.WatchDog.cancel(): canceling Sun Jul 14 18:09:59 UTC 2019
auto.tcl: Setting watchdog for 200 seconds at Sun Jul 14 18:09:59 UTC 2019
1 ms. Memory: 48128K Free: 29378K (61%)
ptolemy.util.test.WatchDog.cancel(): canceling Sun Jul 14 18:09:59 UTC 2019
------------------ testing $PTII/ptolemy/domains/de/test/auto/Modal1.xml
auto.tcl: Setting watchdog for 200 seconds at Sun Jul 14 18:09:59 UTC 2019
17 ms. Memory: 48128K Free: 22198K (46%)
ptolemy.util.test.WatchDog.cancel(): canceling Sun Jul 14 18:09:59 UTC 2019
auto.tcl: Setting watchdog for 200 seconds at Sun Jul 14 18:09:59 UTC 2019
11 ms. Memory: 48128K Free: 18939K (39%)
ptolemy.util.test.WatchDog.cancel(): canceling Sun Jul 14 18:09:59 UTC 2019
------------------ testing $PTII/ptolemy/domains/de/test/auto/Modal2.xml
auto.tcl: Setting watchdog for 200 seconds at Sun Jul 14 18:09:59 UTC 2019
11 ms. Memory: 48128K Free: 22100K (46%)
ptolemy.util.test.WatchDog.cancel(): canceling Sun Jul 14 18:09:59 UTC 2019
auto.tcl: Setting watchdog for 200 seconds at Sun Jul 14 18:09:59 UTC 2019
12 ms. Memory: 48128K Free: 18840K (39%)
ptolemy.util.test.WatchDog.cancel(): canceling Sun Jul 14 18:09:59 UTC 2019
------------------ testing $PTII/ptolemy/domains/de/test/auto/Modal3.xml
auto.tcl: Setting watchdog for 200 seconds at Sun Jul 14 18:09:59 UTC 2019
14 ms. Memory: 48128K Free: 21802K (45%)
ptolemy.util.test.WatchDog.cancel(): canceling Sun Jul 14 18:09:59 UTC 2019
auto.tcl: Setting watchdog for 200 seconds at Sun Jul 14 18:09:59 UTC 2019
15 ms. Memory: 48128K Free: 18867K (39%)
ptolemy.util.test.WatchDog.cancel(): canceling Sun Jul 14 18:09:59 UTC 2019
------------------ testing $PTII/ptolemy/domains/de/test/auto/Modal4.xml
auto.tcl: Setting watchdog for 200 seconds at Sun Jul 14 18:09:59 UTC 2019
13 ms. Memory: 48128K Free: 21061K (44%)
ptolemy.util.test.WatchDog.cancel(): canceling Sun Jul 14 18:09:59 UTC 2019
auto.tcl: Setting watchdog for 200 seconds at Sun Jul 14 18:09:59 UTC 2019
14 ms. Memory: 48128K Free: 17233K (36%)
ptolemy.util.test.WatchDog.cancel(): canceling Sun Jul 14 18:09:59 UTC 2019
------------------ testing $PTII/ptolemy/domains/de/test/auto/Modal5.xml
auto.tcl: Setting watchdog for 200 seconds at Sun Jul 14 18:09:59 UTC 2019
14 ms. Memory: 48128K Free: 21029K (44%)
ptolemy.util.test.WatchDog.cancel(): canceling Sun Jul 14 18:09:59 UTC 2019
auto.tcl: Setting watchdog for 200 seconds at Sun Jul 14 18:09:59 UTC 2019
14 ms. Memory: 48128K Free: 17221K (36%)
ptolemy.util.test.WatchDog.cancel(): canceling Sun Jul 14 18:09:59 UTC 2019
------------------ testing $PTII/ptolemy/domains/de/test/auto/Modal6.xml
auto.tcl: Setting watchdog for 200 seconds at Sun Jul 14 18:09:59 UTC 2019
11 ms. Memory: 48128K Free: 21773K (45%)
ptolemy.util.test.WatchDog.cancel(): canceling Sun Jul 14 18:09:59 UTC 2019
auto.tcl: Setting watchdog for 200 seconds at Sun Jul 14 18:09:59 UTC 2019
13 ms. Memory: 48128K Free: 17811K (37%)
ptolemy.util.test.WatchDog.cancel(): canceling Sun Jul 14 18:09:59 UTC 2019
------------------ testing $PTII/ptolemy/domains/de/test/auto/Modal7.xml
auto.tcl: Setting watchdog for 200 seconds at Sun Jul 14 18:10:00 UTC 2019
9 ms. Memory: 48128K Free: 20442K (42%)
ptolemy.util.test.WatchDog.cancel(): canceling Sun Jul 14 18:10:00 UTC 2019
auto.tcl: Setting watchdog for 200 seconds at Sun Jul 14 18:10:00 UTC 2019
11 ms. Memory: 48128K Free: 17219K (36%)
ptolemy.util.test.WatchDog.cancel(): canceling Sun Jul 14 18:10:00 UTC 2019
------------------ testing $PTII/ptolemy/domains/de/test/auto/ModalModel.xml
auto.tcl: Setting watchdog for 200 seconds at Sun Jul 14 18:10:00 UTC 2019
240 ms. Memory: 48128K Free: 16359K (34%)
ptolemy.util.test.WatchDog.cancel(): canceling Sun Jul 14 18:10:00 UTC 2019
auto.tcl: Setting watchdog for 200 seconds at Sun Jul 14 18:10:00 UTC 2019
204 ms. Memory: 64512K Free: 24443K (38%)
ptolemy.util.test.WatchDog.cancel(): canceling Sun Jul 14 18:10:00 UTC 2019
------------------ testing $PTII/ptolemy/domains/de/test/auto/ModalSource.xml
auto.tcl: Setting watchdog for 200 seconds at Sun Jul 14 18:10:00 UTC 2019
11 ms. Memory: 51200K Free: 28964K (57%)
ptolemy.util.test.WatchDog.cancel(): canceling Sun Jul 14 18:10:00 UTC 2019
auto.tcl: Setting watchdog for 200 seconds at Sun Jul 14 18:10:00 UTC 2019
6 ms. Memory: 51200K Free: 26916K (53%)
ptolemy.util.test.WatchDog.cancel(): canceling Sun Jul 14 18:10:00 UTC 2019
------------------ testing $PTII/ptolemy/domains/de/test/auto/NonInterruptibleTimerZeroDelay.xml
auto.tcl: Setting watchdog for 200 seconds at Sun Jul 14 18:10:00 UTC 2019
4 ms. Memory: 48128K Free: 31097K (65%)
ptolemy.util.test.WatchDog.cancel(): canceling Sun Jul 14 18:10:00 UTC 2019
auto.tcl: Setting watchdog for 200 seconds at Sun Jul 14 18:10:00 UTC 2019
2 ms. Memory: 48128K Free: 30196K (63%)
ptolemy.util.test.WatchDog.cancel(): canceling Sun Jul 14 18:10:00 UTC 2019
------------------ testing $PTII/ptolemy/domains/de/test/auto/OpenQueueingNetwork.xml
auto.tcl: Setting watchdog for 200 seconds at Sun Jul 14 18:10:00 UTC 2019
2987 ms. Memory: 91136K Free: 59124K (65%)
ptolemy.util.test.WatchDog.cancel(): canceling Sun Jul 14 18:10:04 UTC 2019
auto.tcl: Setting watchdog for 200 seconds at Sun Jul 14 18:10:04 UTC 2019
2488 ms. Memory: 109568K Free: 43782K (40%)
ptolemy.util.test.WatchDog.cancel(): canceling Sun Jul 14 18:10:06 UTC 2019
------------------ testing $PTII/ptolemy/domains/de/test/auto/OpenQueuingNetwork.xml
auto.tcl: Setting watchdog for 200 seconds at Sun Jul 14 18:10:06 UTC 2019
260 ms. Memory: 55296K Free: 25588K (46%)
ptolemy.util.test.WatchDog.cancel(): canceling Sun Jul 14 18:10:06 UTC 2019
auto.tcl: Setting watchdog for 200 seconds at Sun Jul 14 18:10:06 UTC 2019
243 ms. Memory: 55296K Free: 35564K (64%)
ptolemy.util.test.WatchDog.cancel(): canceling Sun Jul 14 18:10:07 UTC 2019
------------------ testing $PTII/ptolemy/domains/de/test/auto/PeriodicSampler.xml
auto.tcl: Setting watchdog for 200 seconds at Sun Jul 14 18:10:07 UTC 2019
2 ms. Memory: 48128K Free: 30027K (62%)
ptolemy.util.test.WatchDog.cancel(): canceling Sun Jul 14 18:10:07 UTC 2019
auto.tcl: Setting watchdog for 200 seconds at Sun Jul 14 18:10:07 UTC 2019
2 ms. Memory: 48128K Free: 29535K (61%)
ptolemy.util.test.WatchDog.cancel(): canceling Sun Jul 14 18:10:07 UTC 2019
------------------ testing $PTII/ptolemy/domains/de/test/auto/PersistentIO.xml
auto.tcl: Setting watchdog for 200 seconds at Sun Jul 14 18:10:07 UTC 2019
16 ms. Memory: 48128K Free: 24951K (52%)
ptolemy.util.test.WatchDog.cancel(): canceling Sun Jul 14 18:10:07 UTC 2019
auto.tcl: Setting watchdog for 200 seconds at Sun Jul 14 18:10:07 UTC 2019
4 ms. Memory: 48128K Free: 23492K (49%)
ptolemy.util.test.WatchDog.cancel(): canceling Sun Jul 14 18:10:07 UTC 2019
------------------ testing $PTII/ptolemy/domains/de/test/auto/PortParameterResetOnInitialize.xml
auto.tcl: Setting watchdog for 200 seconds at Sun Jul 14 18:10:07 UTC 2019
3 ms. Memory: 48128K Free: 29923K (62%)
ptolemy.util.test.WatchDog.cancel(): canceling Sun Jul 14 18:10:07 UTC 2019
auto.tcl: Setting watchdog for 200 seconds at Sun Jul 14 18:10:07 UTC 2019
2 ms. Memory: 48128K Free: 29443K (61%)
ptolemy.util.test.WatchDog.cancel(): canceling Sun Jul 14 18:10:07 UTC 2019
------------------ testing $PTII/ptolemy/domains/de/test/auto/PortParameterUpdates.xml
auto.tcl: Setting watchdog for 200 seconds at Sun Jul 14 18:10:07 UTC 2019
7 ms. Memory: 48128K Free: 28003K (58%)
ptolemy.util.test.WatchDog.cancel(): canceling Sun Jul 14 18:10:07 UTC 2019
auto.tcl: Setting watchdog for 200 seconds at Sun Jul 14 18:10:07 UTC 2019
3 ms. Memory: 48128K Free: 26538K (55%)
ptolemy.util.test.WatchDog.cancel(): canceling Sun Jul 14 18:10:07 UTC 2019
------------------ testing $PTII/ptolemy/domains/de/test/auto/QueueAndServer.xml
auto.tcl: Setting watchdog for 200 seconds at Sun Jul 14 18:10:07 UTC 2019
10 ms. Memory: 48128K Free: 26974K (56%)
ptolemy.util.test.WatchDog.cancel(): canceling Sun Jul 14 18:10:07 UTC 2019
auto.tcl: Setting watchdog for 200 seconds at Sun Jul 14 18:10:07 UTC 2019
7 ms. Memory: 48128K Free: 25544K (53%)
ptolemy.util.test.WatchDog.cancel(): canceling Sun Jul 14 18:10:07 UTC 2019
------------------ testing $PTII/ptolemy/domains/de/test/auto/Records.xml
auto.tcl: Setting watchdog for 200 seconds at Sun Jul 14 18:10:07 UTC 2019
7 ms. Memory: 48128K Free: 29495K (61%)
ptolemy.util.test.WatchDog.cancel(): canceling Sun Jul 14 18:10:07 UTC 2019
auto.tcl: Setting watchdog for 200 seconds at Sun Jul 14 18:10:07 UTC 2019
2 ms. Memory: 48128K Free: 29004K (60%)
ptolemy.util.test.WatchDog.cancel(): canceling Sun Jul 14 18:10:07 UTC 2019
------------------ testing $PTII/ptolemy/domains/de/test/auto/ResetTransitionWithStartTime1.xml
auto.tcl: Setting watchdog for 200 seconds at Sun Jul 14 18:10:07 UTC 2019
7 ms. Memory: 48128K Free: 26436K (55%)
ptolemy.util.test.WatchDog.cancel(): canceling Sun Jul 14 18:10:07 UTC 2019
auto.tcl: Setting watchdog for 200 seconds at Sun Jul 14 18:10:07 UTC 2019
7 ms. Memory: 48128K Free: 23927K (50%)
ptolemy.util.test.WatchDog.cancel(): canceling Sun Jul 14 18:10:07 UTC 2019
------------------ testing $PTII/ptolemy/domains/de/test/auto/ResetTransitionWithStartTime2.xml
auto.tcl: Setting watchdog for 200 seconds at Sun Jul 14 18:10:07 UTC 2019
6 ms. Memory: 48128K Free: 26391K (55%)
ptolemy.util.test.WatchDog.cancel(): canceling Sun Jul 14 18:10:07 UTC 2019
auto.tcl: Setting watchdog for 200 seconds at Sun Jul 14 18:10:07 UTC 2019
5 ms. Memory: 48128K Free: 23882K (50%)
ptolemy.util.test.WatchDog.cancel(): canceling Sun Jul 14 18:10:07 UTC 2019
------------------ testing $PTII/ptolemy/domains/de/test/auto/ResetTransitionWithStartTime3.xml
auto.tcl: Setting watchdog for 200 seconds at Sun Jul 14 18:10:07 UTC 2019
7 ms. Memory: 48128K Free: 26390K (55%)
ptolemy.util.test.WatchDog.cancel(): canceling Sun Jul 14 18:10:07 UTC 2019
auto.tcl: Setting watchdog for 200 seconds at Sun Jul 14 18:10:07 UTC 2019
5 ms. Memory: 48128K Free: 24342K (51%)
ptolemy.util.test.WatchDog.cancel(): canceling Sun Jul 14 18:10:07 UTC 2019
------------------ testing $PTII/ptolemy/domains/de/test/auto/ResetTransitionWithStartTime4.xml
auto.tcl: Setting watchdog for 200 seconds at Sun Jul 14 18:10:07 UTC 2019
8 ms. Memory: 48128K Free: 26874K (56%)
ptolemy.util.test.WatchDog.cancel(): canceling Sun Jul 14 18:10:07 UTC 2019
auto.tcl: Setting watchdog for 200 seconds at Sun Jul 14 18:10:08 UTC 2019
4 ms. Memory: 48128K Free: 25447K (53%)
ptolemy.util.test.WatchDog.cancel(): canceling Sun Jul 14 18:10:08 UTC 2019
------------------ testing $PTII/ptolemy/domains/de/test/auto/ResettableTimer1.xml
auto.tcl: Setting watchdog for 200 seconds at Sun Jul 14 18:10:08 UTC 2019
3 ms. Memory: 48128K Free: 30594K (64%)
ptolemy.util.test.WatchDog.cancel(): canceling Sun Jul 14 18:10:08 UTC 2019
auto.tcl: Setting watchdog for 200 seconds at Sun Jul 14 18:10:08 UTC 2019
5 ms. Memory: 48128K Free: 29487K (61%)
ptolemy.util.test.WatchDog.cancel(): canceling Sun Jul 14 18:10:08 UTC 2019
------------------ testing $PTII/ptolemy/domains/de/test/auto/ResettableTimer2.xml
auto.tcl: Setting watchdog for 200 seconds at Sun Jul 14 18:10:08 UTC 2019
3 ms. Memory: 48128K Free: 30716K (64%)
ptolemy.util.test.WatchDog.cancel(): canceling Sun Jul 14 18:10:08 UTC 2019
auto.tcl: Setting watchdog for 200 seconds at Sun Jul 14 18:10:08 UTC 2019
2 ms. Memory: 48128K Free: 29565K (61%)
ptolemy.util.test.WatchDog.cancel(): canceling Sun Jul 14 18:10:08 UTC 2019
------------------ testing $PTII/ptolemy/domains/de/test/auto/ResettableTimer3.xml
auto.tcl: Setting watchdog for 200 seconds at Sun Jul 14 18:10:08 UTC 2019
2 ms. Memory: 48128K Free: 30935K (64%)
ptolemy.util.test.WatchDog.cancel(): canceling Sun Jul 14 18:10:08 UTC 2019
auto.tcl: Setting watchdog for 200 seconds at Sun Jul 14 18:10:08 UTC 2019
2 ms. Memory: 48128K Free: 30043K (62%)
ptolemy.util.test.WatchDog.cancel(): canceling Sun Jul 14 18:10:08 UTC 2019
------------------ testing $PTII/ptolemy/domains/de/test/auto/ResettableTimer4.xml
auto.tcl: Setting watchdog for 200 seconds at Sun Jul 14 18:10:08 UTC 2019
2 ms. Memory: 48128K Free: 31045K (65%)
ptolemy.util.test.WatchDog.cancel(): canceling Sun Jul 14 18:10:08 UTC 2019
auto.tcl: Setting watchdog for 200 seconds at Sun Jul 14 18:10:08 UTC 2019
1 ms. Memory: 48128K Free: 30586K (64%)
ptolemy.util.test.WatchDog.cancel(): canceling Sun Jul 14 18:10:08 UTC 2019
------------------ testing $PTII/ptolemy/domains/de/test/auto/ResettableTimer5.xml
auto.tcl: Setting watchdog for 200 seconds at Sun Jul 14 18:10:08 UTC 2019
2 ms. Memory: 48128K Free: 30014K (62%)
ptolemy.util.test.WatchDog.cancel(): canceling Sun Jul 14 18:10:08 UTC 2019
auto.tcl: Setting watchdog for 200 seconds at Sun Jul 14 18:10:08 UTC 2019
2 ms. Memory: 48128K Free: 29547K (61%)
ptolemy.util.test.WatchDog.cancel(): canceling Sun Jul 14 18:10:08 UTC 2019
------------------ testing $PTII/ptolemy/domains/de/test/auto/ResettableTimer6.xml
auto.tcl: Setting watchdog for 200 seconds at Sun Jul 14 18:10:08 UTC 2019
2 ms. Memory: 48128K Free: 29996K (62%)
ptolemy.util.test.WatchDog.cancel(): canceling Sun Jul 14 18:10:08 UTC 2019
auto.tcl: Setting watchdog for 200 seconds at Sun Jul 14 18:10:08 UTC 2019
2 ms. Memory: 48128K Free: 29500K (61%)
ptolemy.util.test.WatchDog.cancel(): canceling Sun Jul 14 18:10:08 UTC 2019
------------------ testing $PTII/ptolemy/domains/de/test/auto/ServerZeroDelay.xml
auto.tcl: Setting watchdog for 200 seconds at Sun Jul 14 18:10:08 UTC 2019
4 ms. Memory: 48128K Free: 30515K (63%)
ptolemy.util.test.WatchDog.cancel(): canceling Sun Jul 14 18:10:08 UTC 2019
auto.tcl: Setting watchdog for 200 seconds at Sun Jul 14 18:10:08 UTC 2019
2 ms. Memory: 48128K Free: 29542K (61%)
ptolemy.util.test.WatchDog.cancel(): canceling Sun Jul 14 18:10:08 UTC 2019
------------------ testing $PTII/ptolemy/domains/de/test/auto/SmartSender.xml
auto.tcl: Setting watchdog for 200 seconds at Sun Jul 14 18:10:08 UTC 2019
3002 ms. Memory: 48128K Free: 31020K (64%)
ptolemy.util.test.WatchDog.cancel(): canceling Sun Jul 14 18:10:11 UTC 2019
auto.tcl: Setting watchdog for 200 seconds at Sun Jul 14 18:10:11 UTC 2019
3002 ms. Memory: 48128K Free: 30049K (62%)
ptolemy.util.test.WatchDog.cancel(): canceling Sun Jul 14 18:10:14 UTC 2019
------------------ testing $PTII/ptolemy/domains/de/test/auto/ThreadedComposite.xml
auto.tcl: Setting watchdog for 200 seconds at Sun Jul 14 18:10:14 UTC 2019
213 ms. Memory: 48128K Free: 11068K (23%)
ptolemy.util.test.WatchDog.cancel(): canceling Sun Jul 14 18:10:14 UTC 2019
auto.tcl: Setting watchdog for 200 seconds at Sun Jul 14 18:10:14 UTC 2019
187 ms. Memory: 60416K Free: 33338K (55%)
ptolemy.util.test.WatchDog.cancel(): canceling Sun Jul 14 18:10:15 UTC 2019
------------------ testing $PTII/ptolemy/domains/de/test/auto/Time.xml
auto.tcl: Setting watchdog for 200 seconds at Sun Jul 14 18:10:15 UTC 2019
667 ms. Memory: 48128K Free: 7552K (16%)
ptolemy.util.test.WatchDog.cancel(): canceling Sun Jul 14 18:10:15 UTC 2019
auto.tcl: Setting watchdog for 200 seconds at Sun Jul 14 18:10:15 UTC 2019
640 ms. Memory: 48128K Free: 10614K (22%)
ptolemy.util.test.WatchDog.cancel(): canceling Sun Jul 14 18:10:16 UTC 2019
------------------ testing $PTII/ptolemy/domains/de/test/auto/TimeDelayZeroDelay.xml
auto.tcl: Setting watchdog for 200 seconds at Sun Jul 14 18:10:16 UTC 2019
2 ms. Memory: 48128K Free: 30440K (63%)
ptolemy.util.test.WatchDog.cancel(): canceling Sun Jul 14 18:10:16 UTC 2019
auto.tcl: Setting watchdog for 200 seconds at Sun Jul 14 18:10:16 UTC 2019
2 ms. Memory: 48128K Free: 29571K (61%)
ptolemy.util.test.WatchDog.cancel(): canceling Sun Jul 14 18:10:16 UTC 2019
------------------ testing $PTII/ptolemy/domains/de/test/auto/TimerZeroDelay.xml
auto.tcl: Setting watchdog for 200 seconds at Sun Jul 14 18:10:16 UTC 2019
4 ms. Memory: 48128K Free: 30950K (64%)
ptolemy.util.test.WatchDog.cancel(): canceling Sun Jul 14 18:10:16 UTC 2019
auto.tcl: Setting watchdog for 200 seconds at Sun Jul 14 18:10:16 UTC 2019
1 ms. Memory: 48128K Free: 30483K (63%)
ptolemy.util.test.WatchDog.cancel(): canceling Sun Jul 14 18:10:16 UTC 2019
------------------ testing $PTII/ptolemy/domains/de/test/auto/TimingParadox.xml
auto.tcl: Setting watchdog for 200 seconds at Sun Jul 14 18:10:16 UTC 2019
396 ms. Memory: 48128K Free: 13510K (28%)
ptolemy.util.test.WatchDog.cancel(): canceling Sun Jul 14 18:10:17 UTC 2019
auto.tcl: Setting watchdog for 200 seconds at Sun Jul 14 18:10:17 UTC 2019
334 ms. Memory: 48128K Free: 24938K (52%)
ptolemy.util.test.WatchDog.cancel(): canceling Sun Jul 14 18:10:17 UTC 2019
------------------ testing $PTII/ptolemy/domains/de/test/auto/TransferInputs.xml
auto.tcl: Setting watchdog for 200 seconds at Sun Jul 14 18:10:17 UTC 2019
1 ms. Memory: 48128K Free: 28951K (60%)
ptolemy.util.test.WatchDog.cancel(): canceling Sun Jul 14 18:10:17 UTC 2019
auto.tcl: Setting watchdog for 200 seconds at Sun Jul 14 18:10:17 UTC 2019
1 ms. Memory: 48128K Free: 28081K (58%)
ptolemy.util.test.WatchDog.cancel(): canceling Sun Jul 14 18:10:17 UTC 2019
------------------ testing $PTII/ptolemy/domains/de/test/auto/TransferOutputs2.xml
auto.tcl: Setting watchdog for 200 seconds at Sun Jul 14 18:10:17 UTC 2019
3 ms. Memory: 48128K Free: 26393K (55%)
ptolemy.util.test.WatchDog.cancel(): canceling Sun Jul 14 18:10:17 UTC 2019
auto.tcl: Setting watchdog for 200 seconds at Sun Jul 14 18:10:17 UTC 2019
3 ms. Memory: 48128K Free: 25011K (52%)
ptolemy.util.test.WatchDog.cancel(): canceling Sun Jul 14 18:10:17 UTC 2019
------------------ testing $PTII/ptolemy/domains/de/test/auto/Trilateration.xml
auto.tcl: Setting watchdog for 200 seconds at Sun Jul 14 18:10:17 UTC 2019
16495 ms. Memory: 568320K Free: 494153K (87%)
ptolemy.util.test.WatchDog.cancel(): canceling Sun Jul 14 18:10:35 UTC 2019
auto.tcl: Setting watchdog for 200 seconds at Sun Jul 14 18:10:35 UTC 2019
12001 ms. Memory: 568320K Free: 233444K (41%)
ptolemy.util.test.WatchDog.cancel(): canceling Sun Jul 14 18:10:47 UTC 2019
------------------ testing $PTII/ptolemy/domains/de/test/auto/TwoSigmaDelta.xml
auto.tcl: Setting watchdog for 200 seconds at Sun Jul 14 18:10:47 UTC 2019
2886 ms. Memory: 89088K Free: 16386K (18%)
ptolemy.util.test.WatchDog.cancel(): canceling Sun Jul 14 18:10:50 UTC 2019
auto.tcl: Setting watchdog for 200 seconds at Sun Jul 14 18:10:50 UTC 2019
2124 ms. Memory: 89088K Free: 59879K (67%)
ptolemy.util.test.WatchDog.cancel(): canceling Sun Jul 14 18:10:52 UTC 2019
------------------ testing $PTII/ptolemy/domains/de/test/auto/VariableDelay.xml
auto.tcl: Setting watchdog for 200 seconds at Sun Jul 14 18:10:52 UTC 2019
3 ms. Memory: 51200K Free: 32507K (63%)
ptolemy.util.test.WatchDog.cancel(): canceling Sun Jul 14 18:10:52 UTC 2019
auto.tcl: Setting watchdog for 200 seconds at Sun Jul 14 18:10:52 UTC 2019
2 ms. Memory: 51200K Free: 31513K (62%)
ptolemy.util.test.WatchDog.cancel(): canceling Sun Jul 14 18:10:52 UTC 2019
------------------ testing $PTII/ptolemy/domains/de/test/auto/VariableDelay2.xml
auto.tcl: Setting watchdog for 200 seconds at Sun Jul 14 18:10:52 UTC 2019
8 ms. Memory: 48128K Free: 29849K (62%)
ptolemy.util.test.WatchDog.cancel(): canceling Sun Jul 14 18:10:52 UTC 2019
auto.tcl: Setting watchdog for 200 seconds at Sun Jul 14 18:10:52 UTC 2019
2 ms. Memory: 48128K Free: 28871K (60%)
ptolemy.util.test.WatchDog.cancel(): canceling Sun Jul 14 18:10:52 UTC 2019
------------------ testing $PTII/ptolemy/domains/de/test/auto/VariableDelayZeroDelay.xml
auto.tcl: Setting watchdog for 200 seconds at Sun Jul 14 18:10:52 UTC 2019
3 ms. Memory: 48128K Free: 30377K (63%)
ptolemy.util.test.WatchDog.cancel(): canceling Sun Jul 14 18:10:52 UTC 2019
auto.tcl: Setting watchdog for 200 seconds at Sun Jul 14 18:10:52 UTC 2019
2 ms. Memory: 48128K Free: 29882K (62%)
ptolemy.util.test.WatchDog.cancel(): canceling Sun Jul 14 18:10:52 UTC 2019
------------------ testing $PTII/ptolemy/domains/de/test/auto/VariableDelayZeroDelay2.xml
auto.tcl: Setting watchdog for 200 seconds at Sun Jul 14 18:10:52 UTC 2019
2 ms. Memory: 48128K Free: 30375K (63%)
ptolemy.util.test.WatchDog.cancel(): canceling Sun Jul 14 18:10:52 UTC 2019
auto.tcl: Setting watchdog for 200 seconds at Sun Jul 14 18:10:52 UTC 2019
2 ms. Memory: 48128K Free: 29448K (61%)
ptolemy.util.test.WatchDog.cancel(): canceling Sun Jul 14 18:10:52 UTC 2019
------------------ testing $PTII/ptolemy/domains/de/test/auto/deInCt.xml
auto.tcl: Setting watchdog for 200 seconds at Sun Jul 14 18:10:52 UTC 2019
0
1
1
0
0
0
1
1
1
0
0
0
1
1
1
0
0
0
0
1
1
1
1
0
0
0
1
1
1
1
0
0
0
0
0
1
1
1
0
0
0
0
15 ms. Memory: 48128K Free: 29364K (61%)
ptolemy.util.test.WatchDog.cancel(): canceling Sun Jul 14 18:10:52 UTC 2019
auto.tcl: Setting watchdog for 200 seconds at Sun Jul 14 18:10:52 UTC 2019
0
1
1
0
0
0
1
1
1
0
0
0
1
1
1
1
0
0
1
1
1
1
0
0
0
1
1
0
0
0
0
0
0
1
1
1
0
0
0
0
12 ms. Memory: 48128K Free: 27831K (58%)
ptolemy.util.test.WatchDog.cancel(): canceling Sun Jul 14 18:10:52 UTC 2019
------------------ testing $PTII/ptolemy/domains/de/test/auto/deInCt2.xml
auto.tcl: Setting watchdog for 200 seconds at Sun Jul 14 18:10:52 UTC 2019
0
1
1
1
0
0
1
1
1
0
0
1
1
1
0
0
1
1
1
0
0
1
1
1
0
0
1
1
1
0
0
1
1
1
0
0
1
1
1
0
0
0
13 ms. Memory: 48128K Free: 29351K (61%)
ptolemy.util.test.WatchDog.cancel(): canceling Sun Jul 14 18:10:52 UTC 2019
auto.tcl: Setting watchdog for 200 seconds at Sun Jul 14 18:10:52 UTC 2019
0
1
1
1
0
0
1
1
1
0
0
1
1
1
0
0
1
1
1
0
0
1
1
1
0
0
1
1
1
0
0
1
1
1
0
0
1
1
1
0
0
0
8 ms. Memory: 48128K Free: 27837K (58%)
ptolemy.util.test.WatchDog.cancel(): canceling Sun Jul 14 18:10:52 UTC 2019
------------------ testing $PTII/ptolemy/domains/de/test/auto/dynamicCausalityInterface1.xml
auto.tcl: Setting watchdog for 200 seconds at Sun Jul 14 18:10:52 UTC 2019
2 ms. Memory: 48128K Free: 24632K (51%)
ptolemy.util.test.WatchDog.cancel(): canceling Sun Jul 14 18:10:52 UTC 2019
auto.tcl: Setting watchdog for 200 seconds at Sun Jul 14 18:10:52 UTC 2019
1 ms. Memory: 48128K Free: 24225K (50%)
ptolemy.util.test.WatchDog.cancel(): canceling Sun Jul 14 18:10:52 UTC 2019
------------------ testing $PTII/ptolemy/domains/de/test/auto/fsm_de_test.xml
auto.tcl: Setting watchdog for 200 seconds at Sun Jul 14 18:10:53 UTC 2019
16 ms. Memory: 48128K Free: 24604K (51%)
ptolemy.util.test.WatchDog.cancel(): canceling Sun Jul 14 18:10:53 UTC 2019
auto.tcl: Setting watchdog for 200 seconds at Sun Jul 14 18:10:53 UTC 2019
7 ms. Memory: 48128K Free: 22621K (47%)
ptolemy.util.test.WatchDog.cancel(): canceling Sun Jul 14 18:10:53 UTC 2019
------------------ testing $PTII/ptolemy/domains/de/test/auto/functionDependencyReconstruction.xml
auto.tcl: Setting watchdog for 200 seconds at Sun Jul 14 18:10:53 UTC 2019
4 ms. Memory: 48128K Free: 19057K (40%)
ptolemy.util.test.WatchDog.cancel(): canceling Sun Jul 14 18:10:53 UTC 2019
auto.tcl: Setting watchdog for 200 seconds at Sun Jul 14 18:10:53 UTC 2019
3 ms. Memory: 48128K Free: 16996K (35%)
ptolemy.util.test.WatchDog.cancel(): canceling Sun Jul 14 18:10:53 UTC 2019
------------------ testing $PTII/ptolemy/domains/de/test/auto/multirate.xml
auto.tcl: Setting watchdog for 200 seconds at Sun Jul 14 18:10:53 UTC 2019
5 ms. Memory: 48128K Free: 27221K (57%)
ptolemy.util.test.WatchDog.cancel(): canceling Sun Jul 14 18:10:53 UTC 2019
auto.tcl: Setting watchdog for 200 seconds at Sun Jul 14 18:10:53 UTC 2019
4 ms. Memory: 48128K Free: 26079K (54%)
ptolemy.util.test.WatchDog.cancel(): canceling Sun Jul 14 18:10:53 UTC 2019
------------------ testing $PTII/ptolemy/domains/de/test/auto/multirate2.xml
auto.tcl: Setting watchdog for 200 seconds at Sun Jul 14 18:10:53 UTC 2019
3 ms. Memory: 48128K Free: 27744K (58%)
ptolemy.util.test.WatchDog.cancel(): canceling Sun Jul 14 18:10:53 UTC 2019
auto.tcl: Setting watchdog for 200 seconds at Sun Jul 14 18:10:53 UTC 2019
4 ms. Memory: 48128K Free: 26279K (55%)
ptolemy.util.test.WatchDog.cancel(): canceling Sun Jul 14 18:10:53 UTC 2019
------------------ testing $PTII/ptolemy/domains/de/test/auto/realtime.xml
auto.tcl: Setting watchdog for 200 seconds at Sun Jul 14 18:10:53 UTC 2019
10002 ms. Memory: 48128K Free: 30041K (62%)
ptolemy.util.test.WatchDog.cancel(): canceling Sun Jul 14 18:11:03 UTC 2019
auto.tcl: Setting watchdog for 200 seconds at Sun Jul 14 18:11:03 UTC 2019
10001 ms. Memory: 48128K Free: 29326K (61%)
ptolemy.util.test.WatchDog.cancel(): canceling Sun Jul 14 18:11:13 UTC 2019
------------------ testing $PTII/ptolemy/domains/de/test/auto/relationGroup.xml
auto.tcl: Setting watchdog for 200 seconds at Sun Jul 14 18:11:13 UTC 2019
9 ms. Memory: 48128K Free: 31070K (65%)
ptolemy.util.test.WatchDog.cancel(): canceling Sun Jul 14 18:11:13 UTC 2019
auto.tcl: Setting watchdog for 200 seconds at Sun Jul 14 18:11:13 UTC 2019
2 ms. Memory: 48128K Free: 30376K (63%)
ptolemy.util.test.WatchDog.cancel(): canceling Sun Jul 14 18:11:13 UTC 2019
------------------ testing $PTII/ptolemy/domains/de/test/auto/relationGroup2.xml
auto.tcl: Setting watchdog for 200 seconds at Sun Jul 14 18:11:13 UTC 2019
1 ms. Memory: 48128K Free: 31119K (65%)
ptolemy.util.test.WatchDog.cancel(): canceling Sun Jul 14 18:11:13 UTC 2019
auto.tcl: Setting watchdog for 200 seconds at Sun Jul 14 18:11:13 UTC 2019
2 ms. Memory: 48128K Free: 30401K (63%)
ptolemy.util.test.WatchDog.cancel(): canceling Sun Jul 14 18:11:13 UTC 2019
------------------ testing $PTII/ptolemy/domains/de/test/auto/sortWithOpaquePorts.xml
auto.tcl: Setting watchdog for 200 seconds at Sun Jul 14 18:11:13 UTC 2019
1 ms. Memory: 48128K Free: 29875K (62%)
ptolemy.util.test.WatchDog.cancel(): canceling Sun Jul 14 18:11:13 UTC 2019
auto.tcl: Setting watchdog for 200 seconds at Sun Jul 14 18:11:13 UTC 2019
2 ms. Memory: 48128K Free: 28908K (60%)
ptolemy.util.test.WatchDog.cancel(): canceling Sun Jul 14 18:11:13 UTC 2019
------------------ testing $PTII/ptolemy/domains/de/test/auto/transferInputsandOutputs.xml
auto.tcl: Setting watchdog for 200 seconds at Sun Jul 14 18:11:13 UTC 2019
2 ms. Memory: 48128K Free: 27318K (57%)
ptolemy.util.test.WatchDog.cancel(): canceling Sun Jul 14 18:11:13 UTC 2019
auto.tcl: Setting watchdog for 200 seconds at Sun Jul 14 18:11:13 UTC 2019
2 ms. Memory: 48128K Free: 26360K (55%)
ptolemy.util.test.WatchDog.cancel(): canceling Sun Jul 14 18:11:13 UTC 2019
------------------ testing $PTII/ptolemy/domains/de/test/auto/triggerType.xml
auto.tcl: Setting watchdog for 200 seconds at Sun Jul 14 18:11:13 UTC 2019
2 ms. Memory: 48128K Free: 30342K (63%)
ptolemy.util.test.WatchDog.cancel(): canceling Sun Jul 14 18:11:13 UTC 2019
auto.tcl: Setting watchdog for 200 seconds at Sun Jul 14 18:11:13 UTC 2019
2 ms. Memory: 48128K Free: 29374K (61%)
ptolemy.util.test.WatchDog.cancel(): canceling Sun Jul 14 18:11:13 UTC 2019
07/14/19 06:11:13
Failed: 0  Total Tests: 192  ((Passed: 187, Newly Passed: 1)  Known Failed: 5) /home/travis/build/icyphy/ptII/ptolemy/domains/de/test
07/14/19 06:11:13
Failed: 0  Total Tests: 192  ((Passed: 187, Newly Passed: 1)  Known Failed: 5) /home/travis/build/icyphy/ptII/ptolemy/domains/de/test
----------------- testing (KnownFailure) /home/travis/build/icyphy/ptII/ptolemy/domains/de/test/auto/knownFailedTests/DESDFClockTest.xml
2011 ms. Memory: 48128K Free: 23738K (49%)
Known Failure: java.lang.reflect.InvocationTargetException
----------------- testing (KnownFailure) /home/travis/build/icyphy/ptII/ptolemy/domains/de/test/auto/knownFailedTests/DirectFeedback.xml
1 ms. Memory: 48128K Free: 19642K (41%)
Known Failure: java.lang.reflect.InvocationTargetException
----------------- testing (KnownFailure) /home/travis/build/icyphy/ptII/ptolemy/domains/de/test/auto/knownFailedTests/FSMSource.xml
7 ms. Memory: 48128K Free: 11964K (25%)
----------------- testing (KnownFailure) /home/travis/build/icyphy/ptII/ptolemy/domains/de/test/auto/knownFailedTests/HierarchicalModel.xml
3 ms. Memory: 48128K Free: 21774K (45%)
Known Failure: java.lang.reflect.InvocationTargetException
----------------- testing (KnownFailure) /home/travis/build/icyphy/ptII/ptolemy/domains/de/test/auto/knownFailedTests/dependencyLoop.xml
6 ms. Memory: 48128K Free: 32221K (67%)
Known Failure: java.lang.reflect.InvocationTargetException
----------------- testing (KnownFailure) /home/travis/build/icyphy/ptII/ptolemy/domains/de/test/auto/knownFailedTests/dependencyLoop2.xml
2 ms. Memory: 48128K Free: 17127K (36%)
Known Failure: java.lang.reflect.InvocationTargetException
No auto/linux-amd64/*.xml tests in /home/travis/build/icyphy/ptII/ptolemy/domains/de/test
AutoTests.java: About to close Vertx.
AutoTests.java: Vertx closed.

===========================================================================================
----------------- testing Sun Jul 14 18:11:16 UTC 2019 /home/travis/build/icyphy/ptII/ptolemy/domains/de/test/auto/ActorDepthCalculation_actorWithoutPorts.xml
----------------- Instantiating /home/travis/build/icyphy/ptII/ptolemy/domains/de/test/auto/ActorDepthCalculation_actorWithoutPorts.xml
2 ms. Memory: 48128K Free: 10293K (21%)
----------------- Invoking toplevel() on ptolemy.moml.MoMLSimpleApplication@4d36587c
----------------- Done invoking toplevel() on ptolemy.moml.MoMLSimpleApplication@4d36587c
reloadAllAccessors: .ActorDepthCalculation_actorWithoutPorts

===========================================================================================
----------------- testing Sun Jul 14 18:11:16 UTC 2019 /home/travis/build/icyphy/ptII/ptolemy/domains/de/test/auto/AssemblyLine.xml
----------------- Instantiating /home/travis/build/icyphy/ptII/ptolemy/domains/de/test/auto/AssemblyLine.xml
4 ms. Memory: 48128K Free: 28972K (60%)
----------------- Invoking toplevel() on ptolemy.moml.MoMLSimpleApplication@774d2417
----------------- Done invoking toplevel() on ptolemy.moml.MoMLSimpleApplication@774d2417
reloadAllAccessors: .AssemblyLine

===========================================================================================
----------------- testing Sun Jul 14 18:11:16 UTC 2019 /home/travis/build/icyphy/ptII/ptolemy/domains/de/test/auto/CQBug1.xml
----------------- Instantiating /home/travis/build/icyphy/ptII/ptolemy/domains/de/test/auto/CQBug1.xml
0 ms. Memory: 48128K Free: 25900K (54%)
----------------- Invoking toplevel() on ptolemy.moml.MoMLSimpleApplication@61eb8d6d
----------------- Done invoking toplevel() on ptolemy.moml.MoMLSimpleApplication@61eb8d6d
reloadAllAccessors: .CQBug1

===========================================================================================
----------------- testing Sun Jul 14 18:11:16 UTC 2019 /home/travis/build/icyphy/ptII/ptolemy/domains/de/test/auto/CancelFireAt.xml
----------------- Instantiating /home/travis/build/icyphy/ptII/ptolemy/domains/de/test/auto/CancelFireAt.xml
0 ms. Memory: 48128K Free: 23305K (48%)
----------------- Invoking toplevel() on ptolemy.moml.MoMLSimpleApplication@1863de13
----------------- Done invoking toplevel() on ptolemy.moml.MoMLSimpleApplication@1863de13
reloadAllAccessors: .CancelFireAt

===========================================================================================
----------------- testing Sun Jul 14 18:11:16 UTC 2019 /home/travis/build/icyphy/ptII/ptolemy/domains/de/test/auto/CausalityAndComposabilityAnalysis.xml
----------------- Instantiating /home/travis/build/icyphy/ptII/ptolemy/domains/de/test/auto/CausalityAndComposabilityAnalysis.xml
3 ms. Memory: 48128K Free: 19201K (40%)
----------------- Invoking toplevel() on ptolemy.moml.MoMLSimpleApplication@2a122e62
----------------- Done invoking toplevel() on ptolemy.moml.MoMLSimpleApplication@2a122e62
reloadAllAccessors: .CausalityAndComposabilityAnalysis

===========================================================================================
----------------- testing Sun Jul 14 18:11:16 UTC 2019 /home/travis/build/icyphy/ptII/ptolemy/domains/de/test/auto/CausalityInterface1.xml
----------------- Instantiating /home/travis/build/icyphy/ptII/ptolemy/domains/de/test/auto/CausalityInterface1.xml
6 ms. Memory: 48128K Free: 14122K (29%)
----------------- Invoking toplevel() on ptolemy.moml.MoMLSimpleApplication@87373ed
----------------- Done invoking toplevel() on ptolemy.moml.MoMLSimpleApplication@87373ed
reloadAllAccessors: .CausalityInterface1

===========================================================================================
----------------- testing Sun Jul 14 18:11:16 UTC 2019 /home/travis/build/icyphy/ptII/ptolemy/domains/de/test/auto/CausalityInterface15.xml
----------------- Instantiating /home/travis/build/icyphy/ptII/ptolemy/domains/de/test/auto/CausalityInterface15.xml
8 ms. Memory: 48128K Free: 8667K (18%)
----------------- Invoking toplevel() on ptolemy.moml.MoMLSimpleApplication@41c5dab2
----------------- Done invoking toplevel() on ptolemy.moml.MoMLSimpleApplication@41c5dab2
reloadAllAccessors: .CausalityInterface15

===========================================================================================
----------------- testing Sun Jul 14 18:11:16 UTC 2019 /home/travis/build/icyphy/ptII/ptolemy/domains/de/test/auto/CausalityInterface2.xml
----------------- Instantiating /home/travis/build/icyphy/ptII/ptolemy/domains/de/test/auto/CausalityInterface2.xml
2 ms. Memory: 48128K Free: 29750K (62%)
[...]
	at ptolemy.actor.Manager.run(Manager.java:1263)
	at ptolemy.actor.Manager$PtolemyRunThread.run(Manager.java:1915)
java.lang.RuntimeException: Execution failed
	at ptolemy.moml.MoMLSimpleApplication$UnloadThread.run(MoMLSimpleApplication.java:402)
Caused by: ptolemy.kernel.util.IllegalActionException: Actor is not ready to fire.  Perhaps UpSample.prefire() returned false? Try debugging the actor by selecting "Listen to Actor".  Also, for SDF check moml for tokenConsumptionRate on input.
  in .DESDFClockTest.Play Bell.Copy1:SDF Director and .DESDFClockTest.Play Bell.UpSample
	at ptolemy.actor.sched.StaticSchedulingDirector.fire(StaticSchedulingDirector.java:227)
	at ptolemy.domains.sdf.kernel.SDFDirector.fire(SDFDirector.java:500)
	at ptolemy.actor.CompositeActor.fire(CompositeActor.java:455)
	at ptolemy.domains.de.kernel.DEDirector._fire(DEDirector.java:1949)
	at ptolemy.domains.de.kernel.DEDirector.fire(DEDirector.java:502)
	at ptolemy.actor.CompositeActor.fire(CompositeActor.java:455)
	at ptolemy.actor.Manager.iterate(Manager.java:851)
	at ptolemy.actor.Manager.execute(Manager.java:369)
	at ptolemy.actor.Manager.run(Manager.java:1263)
	at ptolemy.actor.Manager$PtolemyRunThread.run(Manager.java:1915)
java.lang.reflect.InvocationTargetException
	at java.base/jdk.internal.reflect.NativeConstructorAccessorImpl.newInstance0(Native Method)
	at java.base/jdk.internal.reflect.NativeConstructorAccessorImpl.newInstance(NativeConstructorAccessorImpl.java:62)
	at java.base/jdk.internal.reflect.DelegatingConstructorAccessorImpl.newInstance(DelegatingConstructorAccessorImpl.java:45)
	at java.base/java.lang.reflect.Constructor.newInstance(Constructor.java:490)
	at ptolemy.util.test.junit.AutoKnownFailedTests.RunModel(AutoKnownFailedTests.java:105)
	at java.base/jdk.internal.reflect.NativeMethodAccessorImpl.invoke0(Native Method)
	at java.base/jdk.internal.reflect.NativeMethodAccessorImpl.invoke(NativeMethodAccessorImpl.java:62)
	at java.base/jdk.internal.reflect.DelegatingMethodAccessorImpl.invoke(DelegatingMethodAccessorImpl.java:43)
	at java.base/java.lang.reflect.Method.invoke(Method.java:566)
	at org.junit.runners.model.FrameworkMethod$1.runReflectiveCall(FrameworkMethod.java:44)
	at org.junit.internal.runners.model.ReflectiveCallable.run(ReflectiveCallable.java:15)
	at org.junit.runners.model.FrameworkMethod.invokeExplosively(FrameworkMethod.java:41)
	at junitparams.internal.InvokeParameterisedMethod.evaluate(InvokeParameterisedMethod.java:102)
	at org.junit.internal.runners.statements.FailOnTimeout$1.run(FailOnTimeout.java:28)
Caused by: ptolemy.kernel.util.IllegalActionException: Actor is not ready to fire.  Perhaps UpSample.prefire() returned false? Try debugging the actor by selecting "Listen to Actor".  Also, for SDF check moml for tokenConsumptionRate on input.
  in .DESDFClockTest.Play Bell.Copy1:SDF Director and .DESDFClockTest.Play Bell.UpSample
	at ptolemy.actor.sched.StaticSchedulingDirector.fire(StaticSchedulingDirector.java:227)
	at ptolemy.domains.sdf.kernel.SDFDirector.fire(SDFDirector.java:500)
	at ptolemy.actor.CompositeActor.fire(CompositeActor.java:455)
	at ptolemy.domains.de.kernel.DEDirector._fire(DEDirector.java:1949)
	at ptolemy.domains.de.kernel.DEDirector.fire(DEDirector.java:502)
	at ptolemy.actor.CompositeActor.fire(CompositeActor.java:455)
	at ptolemy.actor.Manager.iterate(Manager.java:851)
	at ptolemy.actor.Manager.execute(Manager.java:369)
	at ptolemy.actor.Manager.run(Manager.java:1263)
	at ptolemy.actor.Manager$PtolemyRunThread.run(Manager.java:1915)
java.lang.RuntimeException: Execution failed
	at ptolemy.moml.MoMLSimpleApplication$UnloadThread.run(MoMLSimpleApplication.java:402)
Caused by: ptolemy.kernel.util.IllegalActionException: Test fails in iteration 1.
Value was: 1.0. Should have been: 2.0
  in .DirectFeedback.Test
	at ptolemy.actor.lib.Test.fire(Test.java:268)
	at ptolemy.domains.de.kernel.DEDirector._fire(DEDirector.java:1949)
	at ptolemy.domains.de.kernel.DEDirector.fire(DEDirector.java:502)
	at ptolemy.actor.CompositeActor.fire(CompositeActor.java:455)
	at ptolemy.actor.Manager.iterate(Manager.java:851)
	at ptolemy.actor.Manager.execute(Manager.java:369)
	at ptolemy.actor.Manager.run(Manager.java:1263)
	at ptolemy.actor.Manager$PtolemyRunThread.run(Manager.java:1915)
java.lang.reflect.InvocationTargetException
	at java.base/jdk.internal.reflect.NativeConstructorAccessorImpl.newInstance0(Native Method)
	at java.base/jdk.internal.reflect.NativeConstructorAccessorImpl.newInstance(NativeConstructorAccessorImpl.java:62)
	at java.base/jdk.internal.reflect.DelegatingConstructorAccessorImpl.newInstance(DelegatingConstructorAccessorImpl.java:45)
	at java.base/java.lang.reflect.Constructor.newInstance(Constructor.java:490)
	at ptolemy.util.test.junit.AutoKnownFailedTests.RunModel(AutoKnownFailedTests.java:105)
	at java.base/jdk.internal.reflect.NativeMethodAccessorImpl.invoke0(Native Method)
	at java.base/jdk.internal.reflect.NativeMethodAccessorImpl.invoke(NativeMethodAccessorImpl.java:62)
	at java.base/jdk.internal.reflect.DelegatingMethodAccessorImpl.invoke(DelegatingMethodAccessorImpl.java:43)
	at java.base/java.lang.reflect.Method.invoke(Method.java:566)
	at org.junit.runners.model.FrameworkMethod$1.runReflectiveCall(FrameworkMethod.java:44)
	at org.junit.internal.runners.model.ReflectiveCallable.run(ReflectiveCallable.java:15)
	at org.junit.runners.model.FrameworkMethod.invokeExplosively(FrameworkMethod.java:41)
	at junitparams.internal.InvokeParameterisedMethod.evaluate(InvokeParameterisedMethod.java:102)
	at org.junit.internal.runners.statements.FailOnTimeout$1.run(FailOnTimeout.java:28)
Caused by: ptolemy.kernel.util.IllegalActionException: Test fails in iteration 1.
Value was: 1.0. Should have been: 2.0
  in .DirectFeedback.Test
	at ptolemy.actor.lib.Test.fire(Test.java:268)
	at ptolemy.domains.de.kernel.DEDirector._fire(DEDirector.java:1949)
	at ptolemy.domains.de.kernel.DEDirector.fire(DEDirector.java:502)
	at ptolemy.actor.CompositeActor.fire(CompositeActor.java:455)
	at ptolemy.actor.Manager.iterate(Manager.java:851)
	at ptolemy.actor.Manager.execute(Manager.java:369)
	at ptolemy.actor.Manager.run(Manager.java:1263)
	at ptolemy.actor.Manager$PtolemyRunThread.run(Manager.java:1915)
java.lang.RuntimeException: Execution failed
	at ptolemy.moml.MoMLSimpleApplication$UnloadThread.run(MoMLSimpleApplication.java:402)
Caused by: ptolemy.kernel.util.IllegalActionException: Found a zero delay loop containing .HierarchicalModel.A
  in .HierarchicalModel and .HierarchicalModel.A
	at ptolemy.actor.util.CausalityInterfaceForComposites._computeOutputPortDepth(CausalityInterfaceForComposites.java:759)
	at ptolemy.actor.util.CausalityInterfaceForComposites._computeInputDepth(CausalityInterfaceForComposites.java:696)
	at ptolemy.actor.util.CausalityInterfaceForComposites._computeOutputPortDepth(CausalityInterfaceForComposites.java:765)
	at ptolemy.actor.util.CausalityInterfaceForComposites._computeInputDepth(CausalityInterfaceForComposites.java:696)
	at ptolemy.actor.util.CausalityInterfaceForComposites._computeOutputPortDepth(CausalityInterfaceForComposites.java:765)
	at ptolemy.actor.util.CausalityInterfaceForComposites._computeInputDepth(CausalityInterfaceForComposites.java:696)
	at ptolemy.actor.util.CausalityInterfaceForComposites._computeActorDepth(CausalityInterfaceForComposites.java:532)
	at ptolemy.actor.util.CausalityInterfaceForComposites.checkForCycles(CausalityInterfaceForComposites.java:96)
	at ptolemy.domains.de.kernel.DEDirector.preinitialize(DEDirector.java:1338)
	at ptolemy.actor.CompositeActor.preinitialize(CompositeActor.java:1828)
	at ptolemy.actor.Manager.preinitializeAndResolveTypes(Manager.java:1040)
	at ptolemy.actor.Manager.initialize(Manager.java:710)
	at ptolemy.actor.Manager.execute(Manager.java:356)
	at ptolemy.actor.Manager.run(Manager.java:1263)
	at ptolemy.actor.Manager$PtolemyRunThread.run(Manager.java:1915)
java.lang.reflect.InvocationTargetException
	at java.base/jdk.internal.reflect.NativeConstructorAccessorImpl.newInstance0(Native Method)
	at java.base/jdk.internal.reflect.NativeConstructorAccessorImpl.newInstance(NativeConstructorAccessorImpl.java:62)
	at java.base/jdk.internal.reflect.DelegatingConstructorAccessorImpl.newInstance(DelegatingConstructorAccessorImpl.java:45)
	at java.base/java.lang.reflect.Constructor.newInstance(Constructor.java:490)
	at ptolemy.util.test.junit.AutoKnownFailedTests.RunModel(AutoKnownFailedTests.java:105)
	at java.base/jdk.internal.reflect.NativeMethodAccessorImpl.invoke0(Native Method)
	at java.base/jdk.internal.reflect.NativeMethodAccessorImpl.invoke(NativeMethodAccessorImpl.java:62)
	at java.base/jdk.internal.reflect.DelegatingMethodAccessorImpl.invoke(DelegatingMethodAccessorImpl.java:43)
	at java.base/java.lang.reflect.Method.invoke(Method.java:566)
	at org.junit.runners.model.FrameworkMethod$1.runReflectiveCall(FrameworkMethod.java:44)
	at org.junit.internal.runners.model.ReflectiveCallable.run(ReflectiveCallable.java:15)
	at org.junit.runners.model.FrameworkMethod.invokeExplosively(FrameworkMethod.java:41)
	at junitparams.internal.InvokeParameterisedMethod.evaluate(InvokeParameterisedMethod.java:102)
	at org.junit.internal.runners.statements.FailOnTimeout$1.run(FailOnTimeout.java:28)
Caused by: ptolemy.kernel.util.IllegalActionException: Found a zero delay loop containing .HierarchicalModel.A
  in .HierarchicalModel and .HierarchicalModel.A
	at ptolemy.actor.util.CausalityInterfaceForComposites._computeOutputPortDepth(CausalityInterfaceForComposites.java:759)
	at ptolemy.actor.util.CausalityInterfaceForComposites._computeInputDepth(CausalityInterfaceForComposites.java:696)
	at ptolemy.actor.util.CausalityInterfaceForComposites._computeOutputPortDepth(CausalityInterfaceForComposites.java:765)
	at ptolemy.actor.util.CausalityInterfaceForComposites._computeInputDepth(CausalityInterfaceForComposites.java:696)
	at ptolemy.actor.util.CausalityInterfaceForComposites._computeOutputPortDepth(CausalityInterfaceForComposites.java:765)
	at ptolemy.actor.util.CausalityInterfaceForComposites._computeInputDepth(CausalityInterfaceForComposites.java:696)
	at ptolemy.actor.util.CausalityInterfaceForComposites._computeActorDepth(CausalityInterfaceForComposites.java:532)
	at ptolemy.actor.util.CausalityInterfaceForComposites.checkForCycles(CausalityInterfaceForComposites.java:96)
	at ptolemy.domains.de.kernel.DEDirector.preinitialize(DEDirector.java:1338)
	at ptolemy.actor.CompositeActor.preinitialize(CompositeActor.java:1828)
	at ptolemy.actor.Manager.preinitializeAndResolveTypes(Manager.java:1040)
	at ptolemy.actor.Manager.initialize(Manager.java:710)
	at ptolemy.actor.Manager.execute(Manager.java:356)
	at ptolemy.actor.Manager.run(Manager.java:1263)
	at ptolemy.actor.Manager$PtolemyRunThread.run(Manager.java:1915)
java.lang.RuntimeException: Execution failed
	at ptolemy.moml.MoMLSimpleApplication$UnloadThread.run(MoMLSimpleApplication.java:402)
Caused by: ptolemy.kernel.util.IllegalActionException: Found a zero delay loop containing .dependencyLoop.original
  in .dependencyLoop and .dependencyLoop.original
	at ptolemy.actor.util.CausalityInterfaceForComposites._computeOutputPortDepth(CausalityInterfaceForComposites.java:759)
	at ptolemy.actor.util.CausalityInterfaceForComposites._computeInputDepth(CausalityInterfaceForComposites.java:696)
	at ptolemy.actor.util.CausalityInterfaceForComposites._computeOutputPortDepth(CausalityInterfaceForComposites.java:765)
	at ptolemy.actor.util.CausalityInterfaceForComposites._computeInputDepth(CausalityInterfaceForComposites.java:696)
	at ptolemy.actor.util.CausalityInterfaceForComposites._computeOutputPortDepth(CausalityInterfaceForComposites.java:765)
	at ptolemy.actor.util.CausalityInterfaceForComposites._computeInputDepth(CausalityInterfaceForComposites.java:696)
	at ptolemy.actor.util.CausalityInterfaceForComposites._computeActorDepth(CausalityInterfaceForComposites.java:532)
	at ptolemy.actor.util.CausalityInterfaceForComposites.checkForCycles(CausalityInterfaceForComposites.java:96)
	at ptolemy.domains.de.kernel.DEDirector.preinitialize(DEDirector.java:1338)
	at ptolemy.actor.CompositeActor.preinitialize(CompositeActor.java:1828)
	at ptolemy.actor.Manager.preinitializeAndResolveTypes(Manager.java:1040)
	at ptolemy.actor.Manager.initialize(Manager.java:710)
	at ptolemy.actor.Manager.execute(Manager.java:356)
	at ptolemy.actor.Manager.run(Manager.java:1263)
	at ptolemy.actor.Manager$PtolemyRunThread.run(Manager.java:1915)
java.lang.reflect.InvocationTargetException
	at java.base/jdk.internal.reflect.NativeConstructorAccessorImpl.newInstance0(Native Method)
	at java.base/jdk.internal.reflect.NativeConstructorAccessorImpl.newInstance(NativeConstructorAccessorImpl.java:62)
	at java.base/jdk.internal.reflect.DelegatingConstructorAccessorImpl.newInstance(DelegatingConstructorAccessorImpl.java:45)
	at java.base/java.lang.reflect.Constructor.newInstance(Constructor.java:490)
	at ptolemy.util.test.junit.AutoKnownFailedTests.RunModel(AutoKnownFailedTests.java:105)
	at java.base/jdk.internal.reflect.NativeMethodAccessorImpl.invoke0(Native Method)
	at java.base/jdk.internal.reflect.NativeMethodAccessorImpl.invoke(NativeMethodAccessorImpl.java:62)
	at java.base/jdk.internal.reflect.DelegatingMethodAccessorImpl.invoke(DelegatingMethodAccessorImpl.java:43)
	at java.base/java.lang.reflect.Method.invoke(Method.java:566)
	at org.junit.runners.model.FrameworkMethod$1.runReflectiveCall(FrameworkMethod.java:44)
	at org.junit.internal.runners.model.ReflectiveCallable.run(ReflectiveCallable.java:15)
	at org.junit.runners.model.FrameworkMethod.invokeExplosively(FrameworkMethod.java:41)
	at junitparams.internal.InvokeParameterisedMethod.evaluate(InvokeParameterisedMethod.java:102)
	at org.junit.internal.runners.statements.FailOnTimeout$1.run(FailOnTimeout.java:28)
Caused by: ptolemy.kernel.util.IllegalActionException: Found a zero delay loop containing .dependencyLoop.original
  in .dependencyLoop and .dependencyLoop.original
	at ptolemy.actor.util.CausalityInterfaceForComposites._computeOutputPortDepth(CausalityInterfaceForComposites.java:759)
	at ptolemy.actor.util.CausalityInterfaceForComposites._computeInputDepth(CausalityInterfaceForComposites.java:696)
	at ptolemy.actor.util.CausalityInterfaceForComposites._computeOutputPortDepth(CausalityInterfaceForComposites.java:765)
	at ptolemy.actor.util.CausalityInterfaceForComposites._computeInputDepth(CausalityInterfaceForComposites.java:696)
	at ptolemy.actor.util.CausalityInterfaceForComposites._computeOutputPortDepth(CausalityInterfaceForComposites.java:765)
	at ptolemy.actor.util.CausalityInterfaceForComposites._computeInputDepth(CausalityInterfaceForComposites.java:696)
	at ptolemy.actor.util.CausalityInterfaceForComposites._computeActorDepth(CausalityInterfaceForComposites.java:532)
	at ptolemy.actor.util.CausalityInterfaceForComposites.checkForCycles(CausalityInterfaceForComposites.java:96)
	at ptolemy.domains.de.kernel.DEDirector.preinitialize(DEDirector.java:1338)
	at ptolemy.actor.CompositeActor.preinitialize(CompositeActor.java:1828)
	at ptolemy.actor.Manager.preinitializeAndResolveTypes(Manager.java:1040)
	at ptolemy.actor.Manager.initialize(Manager.java:710)
	at ptolemy.actor.Manager.execute(Manager.java:356)
	at ptolemy.actor.Manager.run(Manager.java:1263)
	at ptolemy.actor.Manager$PtolemyRunThread.run(Manager.java:1915)
java.lang.RuntimeException: Execution failed
	at ptolemy.moml.MoMLSimpleApplication$UnloadThread.run(MoMLSimpleApplication.java:402)
Caused by: ptolemy.kernel.util.IllegalActionException: Found a zero delay loop containing .dependencyLoop2.original
  in .dependencyLoop2 and .dependencyLoop2.original
	at ptolemy.actor.util.CausalityInterfaceForComposites._computeOutputPortDepth(CausalityInterfaceForComposites.java:759)
	at ptolemy.actor.util.CausalityInterfaceForComposites._computeInputDepth(CausalityInterfaceForComposites.java:696)
	at ptolemy.actor.util.CausalityInterfaceForComposites._computeOutputPortDepth(CausalityInterfaceForComposites.java:765)
	at ptolemy.actor.util.CausalityInterfaceForComposites._computeInputDepth(CausalityInterfaceForComposites.java:696)
	at ptolemy.actor.util.CausalityInterfaceForComposites._computeOutputPortDepth(CausalityInterfaceForComposites.java:765)
	at ptolemy.actor.util.CausalityInterfaceForComposites._computeInputDepth(CausalityInterfaceForComposites.java:696)
	at ptolemy.actor.util.CausalityInterfaceForComposites._computeActorDepth(CausalityInterfaceForComposites.java:532)
	at ptolemy.actor.util.CausalityInterfaceForComposites.checkForCycles(CausalityInterfaceForComposites.java:96)
	at ptolemy.domains.de.kernel.DEDirector.preinitialize(DEDirector.java:1338)
	at ptolemy.actor.CompositeActor.preinitialize(CompositeActor.java:1828)
	at ptolemy.actor.Manager.preinitializeAndResolveTypes(Manager.java:1040)
	at ptolemy.actor.Manager.initialize(Manager.java:710)
	at ptolemy.actor.Manager.execute(Manager.java:356)
	at ptolemy.actor.Manager.run(Manager.java:1263)
	at ptolemy.actor.Manager$PtolemyRunThread.run(Manager.java:1915)
java.lang.reflect.InvocationTargetException
	at java.base/jdk.internal.reflect.NativeConstructorAccessorImpl.newInstance0(Native Method)
	at java.base/jdk.internal.reflect.NativeConstructorAccessorImpl.newInstance(NativeConstructorAccessorImpl.java:62)
	at java.base/jdk.internal.reflect.DelegatingConstructorAccessorImpl.newInstance(DelegatingConstructorAccessorImpl.java:45)
	at java.base/java.lang.reflect.Constructor.newInstance(Constructor.java:490)
	at ptolemy.util.test.junit.AutoKnownFailedTests.RunModel(AutoKnownFailedTests.java:105)
	at java.base/jdk.internal.reflect.NativeMethodAccessorImpl.invoke0(Native Method)
	at java.base/jdk.internal.reflect.NativeMethodAccessorImpl.invoke(NativeMethodAccessorImpl.java:62)
	at java.base/jdk.internal.reflect.DelegatingMethodAccessorImpl.invoke(DelegatingMethodAccessorImpl.java:43)
	at java.base/java.lang.reflect.Method.invoke(Method.java:566)
	at org.junit.runners.model.FrameworkMethod$1.runReflectiveCall(FrameworkMethod.java:44)
	at org.junit.internal.runners.model.ReflectiveCallable.run(ReflectiveCallable.java:15)
	at org.junit.runners.model.FrameworkMethod.invokeExplosively(FrameworkMethod.java:41)
	at junitparams.internal.InvokeParameterisedMethod.evaluate(InvokeParameterisedMethod.java:102)
	at org.junit.internal.runners.statements.FailOnTimeout$1.run(FailOnTimeout.java:28)
Caused by: ptolemy.kernel.util.IllegalActionException: Found a zero delay loop containing .dependencyLoop2.original
  in .dependencyLoop2 and .dependencyLoop2.original
	at ptolemy.actor.util.CausalityInterfaceForComposites._computeOutputPortDepth(CausalityInterfaceForComposites.java:759)
	at ptolemy.actor.util.CausalityInterfaceForComposites._computeInputDepth(CausalityInterfaceForComposites.java:696)
	at ptolemy.actor.util.CausalityInterfaceForComposites._computeOutputPortDepth(CausalityInterfaceForComposites.java:765)
	at ptolemy.actor.util.CausalityInterfaceForComposites._computeInputDepth(CausalityInterfaceForComposites.java:696)
	at ptolemy.actor.util.CausalityInterfaceForComposites._computeOutputPortDepth(CausalityInterfaceForComposites.java:765)
	at ptolemy.actor.util.CausalityInterfaceForComposites._computeInputDepth(CausalityInterfaceForComposites.java:696)
	at ptolemy.actor.util.CausalityInterfaceForComposites._computeActorDepth(CausalityInterfaceForComposites.java:532)
	at ptolemy.actor.util.CausalityInterfaceForComposites.checkForCycles(CausalityInterfaceForComposites.java:96)
	at ptolemy.domains.de.kernel.DEDirector.preinitialize(DEDirector.java:1338)
	at ptolemy.actor.CompositeActor.preinitialize(CompositeActor.java:1828)
	at ptolemy.actor.Manager.preinitializeAndResolveTypes(Manager.java:1040)
	at ptolemy.actor.Manager.initialize(Manager.java:710)
	at ptolemy.actor.Manager.execute(Manager.java:356)
	at ptolemy.actor.Manager.run(Manager.java:1263)
	at ptolemy.actor.Manager$PtolemyRunThread.run(Manager.java:1915)
]]></system-err>
</testsuite>
