<?xml version="1.0" encoding="UTF-8" ?>
<testsuite errors="0" failures="0" hostname="travis-job-29bf93a4-e9c5-4439-bdfb-186d2d001a9b" name="ptolemy.domains.continuous.test.junit.JUnitTclTest" skipped="0" tests="156" time="77.634" timestamp="2019-07-10T06:38:30">
  <properties>
[...]
</properties>
  <testcase classname="ptolemy.util.test.junit.TclTests" name="[0] ThereAreNoTclTests (RunTclFile)" time="0.008" />
  <testcase classname="ptolemy.util.test.junit.AutoKnownFailedTests" name="[0] ThereAreNoKnowFailedTests (RunModel)" time="0.003" />
  <testcase classname="ptolemy.util.test.junit.AutoNameArchTests" name="[0] ThereAreNoAutoArchTests (RunModel)" time="0.02" />
  <testcase classname="ptolemy.util.test.junit.AutoTests" name="[0] /home/travis/build/icyphy/ptII/ptolemy/domains/continuous/test/auto/BouncingBall.xml (RunModel)" time="3.113" />
  <testcase classname="ptolemy.util.test.junit.AutoTests" name="[1] /home/travis/build/icyphy/ptII/ptolemy/domains/continuous/test/auto/BouncingBallWithoutGR.xml (RunModel)" time="1.075" />
  <testcase classname="ptolemy.util.test.junit.AutoTests" name="[2] /home/travis/build/icyphy/ptII/ptolemy/domains/continuous/test/auto/Brownian.xml (RunModel)" time="0.09" />
  <testcase classname="ptolemy.util.test.junit.AutoTests" name="[3] /home/travis/build/icyphy/ptII/ptolemy/domains/continuous/test/auto/CarTracking.xml (RunModel)" time="4.025" />
  <testcase classname="ptolemy.util.test.junit.AutoTests" name="[4] /home/travis/build/icyphy/ptII/ptolemy/domains/continuous/test/auto/CartPendulum.xml (RunModel)" time="0.485" />
  <testcase classname="ptolemy.util.test.junit.AutoTests" name="[5] /home/travis/build/icyphy/ptII/ptolemy/domains/continuous/test/auto/CausalityInterface10.xml (RunModel)" time="0.046" />
  <testcase classname="ptolemy.util.test.junit.AutoTests" name="[6] /home/travis/build/icyphy/ptII/ptolemy/domains/continuous/test/auto/CausalityInterface11.xml (RunModel)" time="0.035" />
  <testcase classname="ptolemy.util.test.junit.AutoTests" name="[7] /home/travis/build/icyphy/ptII/ptolemy/domains/continuous/test/auto/CausalityInterface12.xml (RunModel)" time="0.042" />
  <testcase classname="ptolemy.util.test.junit.AutoTests" name="[8] /home/travis/build/icyphy/ptII/ptolemy/domains/continuous/test/auto/CausalityInterface13.xml (RunModel)" time="0.035" />
  <testcase classname="ptolemy.util.test.junit.AutoTests" name="[9] /home/travis/build/icyphy/ptII/ptolemy/domains/continuous/test/auto/CausalityInterface14.xml (RunModel)" time="0.024" />
  <testcase classname="ptolemy.util.test.junit.AutoTests" name="[10] /home/travis/build/icyphy/ptII/ptolemy/domains/continuous/test/auto/CausalityInterface4.xml (RunModel)" time="0.035" />
  <testcase classname="ptolemy.util.test.junit.AutoTests" name="[11] /home/travis/build/icyphy/ptII/ptolemy/domains/continuous/test/auto/CausalityInterface5.xml (RunModel)" time="0.041" />
  <testcase classname="ptolemy.util.test.junit.AutoTests" name="[12] /home/travis/build/icyphy/ptII/ptolemy/domains/continuous/test/auto/CausalityInterface6.xml (RunModel)" time="0.027" />
  <testcase classname="ptolemy.util.test.junit.AutoTests" name="[13] /home/travis/build/icyphy/ptII/ptolemy/domains/continuous/test/auto/CausalityInterface7.xml (RunModel)" time="0.064" />
  <testcase classname="ptolemy.util.test.junit.AutoTests" name="[14] /home/travis/build/icyphy/ptII/ptolemy/domains/continuous/test/auto/CausalityInterface8.xml (RunModel)" time="0.035" />
  <testcase classname="ptolemy.util.test.junit.AutoTests" name="[15] /home/travis/build/icyphy/ptII/ptolemy/domains/continuous/test/auto/CausalityInterface9.xml (RunModel)" time="0.05" />
  <testcase classname="ptolemy.util.test.junit.AutoTests" name="[16] /home/travis/build/icyphy/ptII/ptolemy/domains/continuous/test/auto/CausalityInterfaceFeedback1.xml (RunModel)" time="0.029" />
  <testcase classname="ptolemy.util.test.junit.AutoTests" name="[17] /home/travis/build/icyphy/ptII/ptolemy/domains/continuous/test/auto/CausalityInterfaceFeedback2.xml (RunModel)" time="0.037" />
  <testcase classname="ptolemy.util.test.junit.AutoTests" name="[18] /home/travis/build/icyphy/ptII/ptolemy/domains/continuous/test/auto/CompareWithCurrentTime.xml (RunModel)" time="0.02" />
  <testcase classname="ptolemy.util.test.junit.AutoTests" name="[19] /home/travis/build/icyphy/ptII/ptolemy/domains/continuous/test/auto/ComparedClocks.xml (RunModel)" time="0.079" />
  <testcase classname="ptolemy.util.test.junit.AutoTests" name="[20] /home/travis/build/icyphy/ptII/ptolemy/domains/continuous/test/auto/ContinuousAOCClone.xml (RunModel)" time="2.873" />
  <testcase classname="ptolemy.util.test.junit.AutoTests" name="[21] /home/travis/build/icyphy/ptII/ptolemy/domains/continuous/test/auto/ContinuousClock.xml (RunModel)" time="0.122" />
  <testcase classname="ptolemy.util.test.junit.AutoTests" name="[22] /home/travis/build/icyphy/ptII/ptolemy/domains/continuous/test/auto/ContinuousInContinuous.xml (RunModel)" time="0.086" />
  <testcase classname="ptolemy.util.test.junit.AutoTests" name="[23] /home/travis/build/icyphy/ptII/ptolemy/domains/continuous/test/auto/ContinuousInContinuousInContinuous.xml (RunModel)" time="0.029" />
  <testcase classname="ptolemy.util.test.junit.AutoTests" name="[24] /home/travis/build/icyphy/ptII/ptolemy/domains/continuous/test/auto/ContinuousInDE.xml (RunModel)" time="0.143" />
  <testcase classname="ptolemy.util.test.junit.AutoTests" name="[25] /home/travis/build/icyphy/ptII/ptolemy/domains/continuous/test/auto/ContinuousInDE2.xml (RunModel)" time="0.059" />
  <testcase classname="ptolemy.util.test.junit.AutoTests" name="[26] /home/travis/build/icyphy/ptII/ptolemy/domains/continuous/test/auto/ContinuousInDE3.xml (RunModel)" time="0.065" />
  <testcase classname="ptolemy.util.test.junit.AutoTests" name="[27] /home/travis/build/icyphy/ptII/ptolemy/domains/continuous/test/auto/ContinuousInDE4.xml (RunModel)" time="0.041" />
  <testcase classname="ptolemy.util.test.junit.AutoTests" name="[28] /home/travis/build/icyphy/ptII/ptolemy/domains/continuous/test/auto/ContinuousInDEDifferentRefinements.xml (RunModel)" time="0.118" />
  <testcase classname="ptolemy.util.test.junit.AutoTests" name="[29] /home/travis/build/icyphy/ptII/ptolemy/domains/continuous/test/auto/ContinuousInDEDifferentRefinementsPreemptive.xml (RunModel)" time="0.102" />
  <testcase classname="ptolemy.util.test.junit.AutoTests" name="[30] /home/travis/build/icyphy/ptII/ptolemy/domains/continuous/test/auto/ContinuousInDEInContinuous2.xml (RunModel)" time="0.065" />
  <testcase classname="ptolemy.util.test.junit.AutoTests" name="[31] /home/travis/build/icyphy/ptII/ptolemy/domains/continuous/test/auto/ContinuousInDEInContinuous3.xml (RunModel)" time="0.068" />
  <testcase classname="ptolemy.util.test.junit.AutoTests" name="[32] /home/travis/build/icyphy/ptII/ptolemy/domains/continuous/test/auto/ContinuousInDEInput.xml (RunModel)" time="0.037" />
  <testcase classname="ptolemy.util.test.junit.AutoTests" name="[33] /home/travis/build/icyphy/ptII/ptolemy/domains/continuous/test/auto/ContinuousInDEInput2.xml (RunModel)" time="0.035" />
  <testcase classname="ptolemy.util.test.junit.AutoTests" name="[34] /home/travis/build/icyphy/ptII/ptolemy/domains/continuous/test/auto/ContinuousInDEInput3.xml (RunModel)" time="0.033" />
  <testcase classname="ptolemy.util.test.junit.AutoTests" name="[35] /home/travis/build/icyphy/ptII/ptolemy/domains/continuous/test/auto/ContinuousInDESharingRefinement.xml (RunModel)" time="0.18" />
  <testcase classname="ptolemy.util.test.junit.AutoTests" name="[36] /home/travis/build/icyphy/ptII/ptolemy/domains/continuous/test/auto/ContinuousInDEwithNoPorts.xml (RunModel)" time="0.022" />
  <testcase classname="ptolemy.util.test.junit.AutoTests" name="[37] /home/travis/build/icyphy/ptII/ptolemy/domains/continuous/test/auto/ContinuousInsideDE.xml (RunModel)" time="0.066" />
  <testcase classname="ptolemy.util.test.junit.AutoTests" name="[38] /home/travis/build/icyphy/ptII/ptolemy/domains/continuous/test/auto/ContinuousMerge1.xml (RunModel)" time="0.016" />
  <testcase classname="ptolemy.util.test.junit.AutoTests" name="[39] /home/travis/build/icyphy/ptII/ptolemy/domains/continuous/test/auto/ContinuousMerge2.xml (RunModel)" time="0.057" />
  <testcase classname="ptolemy.util.test.junit.AutoTests" name="[40] /home/travis/build/icyphy/ptII/ptolemy/domains/continuous/test/auto/ContinuousMerge3.xml (RunModel)" time="0.056" />
  <testcase classname="ptolemy.util.test.junit.AutoTests" name="[41] /home/travis/build/icyphy/ptII/ptolemy/domains/continuous/test/auto/ContinuousWithinContinuous.xml (RunModel)" time="0.051" />
  <testcase classname="ptolemy.util.test.junit.AutoTests" name="[42] /home/travis/build/icyphy/ptII/ptolemy/domains/continuous/test/auto/ContinuousWithinContinuous2.xml (RunModel)" time="0.069" />
  <testcase classname="ptolemy.util.test.junit.AutoTests" name="[43] /home/travis/build/icyphy/ptII/ptolemy/domains/continuous/test/auto/ContinuousWithinContinuous3.xml (RunModel)" time="0.025" />
  <testcase classname="ptolemy.util.test.junit.AutoTests" name="[44] /home/travis/build/icyphy/ptII/ptolemy/domains/continuous/test/auto/ContinuousWithinContinuous4.xml (RunModel)" time="0.085" />
  <testcase classname="ptolemy.util.test.junit.AutoTests" name="[45] /home/travis/build/icyphy/ptII/ptolemy/domains/continuous/test/auto/ContinuousWithinContinuous5.xml (RunModel)" time="0.033" />
  <testcase classname="ptolemy.util.test.junit.AutoTests" name="[46] /home/travis/build/icyphy/ptII/ptolemy/domains/continuous/test/auto/ContinuousWithinContinuous6.xml (RunModel)" time="0.043" />
  <testcase classname="ptolemy.util.test.junit.AutoTests" name="[47] /home/travis/build/icyphy/ptII/ptolemy/domains/continuous/test/auto/ContinuousWithinContinuous7.xml (RunModel)" time="0.067" />
  <testcase classname="ptolemy.util.test.junit.AutoTests" name="[48] /home/travis/build/icyphy/ptII/ptolemy/domains/continuous/test/auto/DCMotor.xml (RunModel)" time="14.87" />
  <testcase classname="ptolemy.util.test.junit.AutoTests" name="[49] /home/travis/build/icyphy/ptII/ptolemy/domains/continuous/test/auto/DEInContinuous.xml (RunModel)" time="0.023" />
  <testcase classname="ptolemy.util.test.junit.AutoTests" name="[50] /home/travis/build/icyphy/ptII/ptolemy/domains/continuous/test/auto/DEinContinuous2.xml (RunModel)" time="0.033" />
  <testcase classname="ptolemy.util.test.junit.AutoTests" name="[51] /home/travis/build/icyphy/ptII/ptolemy/domains/continuous/test/auto/Derivative.xml (RunModel)" time="0.205" />
  <testcase classname="ptolemy.util.test.junit.AutoTests" name="[52] /home/travis/build/icyphy/ptII/ptolemy/domains/continuous/test/auto/Derivative1.xml (RunModel)" time="0.041" />
  <testcase classname="ptolemy.util.test.junit.AutoTests" name="[53] /home/travis/build/icyphy/ptII/ptolemy/domains/continuous/test/auto/DiscreteClock.xml (RunModel)" time="0.012" />
  <testcase classname="ptolemy.util.test.junit.AutoTests" name="[54] /home/travis/build/icyphy/ptII/ptolemy/domains/continuous/test/auto/EfficiencyCurve.xml (RunModel)" time="0.101" />
  <testcase classname="ptolemy.util.test.junit.AutoTests" name="[55] /home/travis/build/icyphy/ptII/ptolemy/domains/continuous/test/auto/ExponentialResponse.xml (RunModel)" time="0.123" />
  <testcase classname="ptolemy.util.test.junit.AutoTests" name="[56] /home/travis/build/icyphy/ptII/ptolemy/domains/continuous/test/auto/ExponentialResponseRK45.xml (RunModel)" time="0.037" />
  <testcase classname="ptolemy.util.test.junit.AutoTests" name="[57] /home/travis/build/icyphy/ptII/ptolemy/domains/continuous/test/auto/Friction.xml (RunModel)" time="1.646" />
  <testcase classname="ptolemy.util.test.junit.AutoTests" name="[58] /home/travis/build/icyphy/ptII/ptolemy/domains/continuous/test/auto/FurutaPendulum.xml (RunModel)" time="3.661" />
  <testcase classname="ptolemy.util.test.junit.AutoTests" name="[59] /home/travis/build/icyphy/ptII/ptolemy/domains/continuous/test/auto/HierarchicalExecution.xml (RunModel)" time="2.1" />
  <testcase classname="ptolemy.util.test.junit.AutoTests" name="[60] /home/travis/build/icyphy/ptII/ptolemy/domains/continuous/test/auto/HybridPlant.xml (RunModel)" time="0.572" />
  <testcase classname="ptolemy.util.test.junit.AutoTests" name="[61] /home/travis/build/icyphy/ptII/ptolemy/domains/continuous/test/auto/Hysteresis.xml (RunModel)" time="0.198" />
  <testcase classname="ptolemy.util.test.junit.AutoTests" name="[62] /home/travis/build/icyphy/ptII/ptolemy/domains/continuous/test/auto/HysteresisWithRandomDelay.xml (RunModel)" time="0.22" />
  <testcase classname="ptolemy.util.test.junit.AutoTests" name="[63] /home/travis/build/icyphy/ptII/ptolemy/domains/continuous/test/auto/HysteresisWithRandomLosses.xml (RunModel)" time="2.367" />
  <testcase classname="ptolemy.util.test.junit.AutoTests" name="[64] /home/travis/build/icyphy/ptII/ptolemy/domains/continuous/test/auto/ImmediateTransitions.xml (RunModel)" time="0.034" />
  <testcase classname="ptolemy.util.test.junit.AutoTests" name="[65] /home/travis/build/icyphy/ptII/ptolemy/domains/continuous/test/auto/ImpulseFeedback.xml (RunModel)" time="0.021" />
  <testcase classname="ptolemy.util.test.junit.AutoTests" name="[66] /home/travis/build/icyphy/ptII/ptolemy/domains/continuous/test/auto/ImpulseFeedback2.xml (RunModel)" time="0.02" />
  <testcase classname="ptolemy.util.test.junit.AutoTests" name="[67] /home/travis/build/icyphy/ptII/ptolemy/domains/continuous/test/auto/IncreasingRatePoisson.xml (RunModel)" time="0.798" />
  <testcase classname="ptolemy.util.test.junit.AutoTests" name="[68] /home/travis/build/icyphy/ptII/ptolemy/domains/continuous/test/auto/InitialStateFeedback.xml (RunModel)" time="0.017" />
  <testcase classname="ptolemy.util.test.junit.AutoTests" name="[69] /home/travis/build/icyphy/ptII/ptolemy/domains/continuous/test/auto/Integration.xml (RunModel)" time="0.009" />
  <testcase classname="ptolemy.util.test.junit.AutoTests" name="[70] /home/travis/build/icyphy/ptII/ptolemy/domains/continuous/test/auto/Integration2.xml (RunModel)" time="0.097" />
  <testcase classname="ptolemy.util.test.junit.AutoTests" name="[71] /home/travis/build/icyphy/ptII/ptolemy/domains/continuous/test/auto/Integration3.xml (RunModel)" time="0.013" />
  <testcase classname="ptolemy.util.test.junit.AutoTests" name="[72] /home/travis/build/icyphy/ptII/ptolemy/domains/continuous/test/auto/Integration5.xml (RunModel)" time="0.018" />
  <testcase classname="ptolemy.util.test.junit.AutoTests" name="[73] /home/travis/build/icyphy/ptII/ptolemy/domains/continuous/test/auto/IntegratorImpulse.xml (RunModel)" time="0.01" />
  <testcase classname="ptolemy.util.test.junit.AutoTests" name="[74] /home/travis/build/icyphy/ptII/ptolemy/domains/continuous/test/auto/IntegratorImpulse2.xml (RunModel)" time="0.011" />
  <testcase classname="ptolemy.util.test.junit.AutoTests" name="[75] /home/travis/build/icyphy/ptII/ptolemy/domains/continuous/test/auto/LevelCrossing1.xml (RunModel)" time="0.011" />
  <testcase classname="ptolemy.util.test.junit.AutoTests" name="[76] /home/travis/build/icyphy/ptII/ptolemy/domains/continuous/test/auto/LevelCrossing2.xml (RunModel)" time="0.013" />
  <testcase classname="ptolemy.util.test.junit.AutoTests" name="[77] /home/travis/build/icyphy/ptII/ptolemy/domains/continuous/test/auto/LevelCrossing3.xml (RunModel)" time="0.012" />
  <testcase classname="ptolemy.util.test.junit.AutoTests" name="[78] /home/travis/build/icyphy/ptII/ptolemy/domains/continuous/test/auto/LevelCrossing4.xml (RunModel)" time="0.014" />
  <testcase classname="ptolemy.util.test.junit.AutoTests" name="[79] /home/travis/build/icyphy/ptII/ptolemy/domains/continuous/test/auto/LevelCrossing5.xml (RunModel)" time="0.014" />
  <testcase classname="ptolemy.util.test.junit.AutoTests" name="[80] /home/travis/build/icyphy/ptII/ptolemy/domains/continuous/test/auto/LevelCrossing6.xml (RunModel)" time="0.013" />
  <testcase classname="ptolemy.util.test.junit.AutoTests" name="[81] /home/travis/build/icyphy/ptII/ptolemy/domains/continuous/test/auto/LevelCrossingDetector.xml (RunModel)" time="0.047" />
  <testcase classname="ptolemy.util.test.junit.AutoTests" name="[82] /home/travis/build/icyphy/ptII/ptolemy/domains/continuous/test/auto/LevelCrossingDetectorDetectingDirections.xml (RunModel)" time="0.095" />
  <testcase classname="ptolemy.util.test.junit.AutoTests" name="[83] /home/travis/build/icyphy/ptII/ptolemy/domains/continuous/test/auto/LevelCrossingDetectorDetectsGlitches.xml (RunModel)" time="0.062" />
  <testcase classname="ptolemy.util.test.junit.AutoTests" name="[84] /home/travis/build/icyphy/ptII/ptolemy/domains/continuous/test/auto/LevelCrossingNoInitialOuput.xml (RunModel)" time="0.016" />
  <testcase classname="ptolemy.util.test.junit.AutoTests" name="[85] /home/travis/build/icyphy/ptII/ptolemy/domains/continuous/test/auto/LinearStateSpaceExample.xml (RunModel)" time="0.063" />
  <testcase classname="ptolemy.util.test.junit.AutoTests" name="[86] /home/travis/build/icyphy/ptII/ptolemy/domains/continuous/test/auto/Lorenz.xml (RunModel)" time="3.993" />
  <testcase classname="ptolemy.util.test.junit.AutoTests" name="[87] /home/travis/build/icyphy/ptII/ptolemy/domains/continuous/test/auto/LorenzDifferentialSystem.xml (RunModel)" time="1.103" />
  <testcase classname="ptolemy.util.test.junit.AutoTests" name="[88] /home/travis/build/icyphy/ptII/ptolemy/domains/continuous/test/auto/LorenzDifferentialSystemWithInput.xml (RunModel)" time="1.359" />
  <testcase classname="ptolemy.util.test.junit.AutoTests" name="[89] /home/travis/build/icyphy/ptII/ptolemy/domains/continuous/test/auto/LorenzDifferentialSystemWithTime.xml (RunModel)" time="0.749" />
  <testcase classname="ptolemy.util.test.junit.AutoTests" name="[90] /home/travis/build/icyphy/ptII/ptolemy/domains/continuous/test/auto/Microsteps.xml (RunModel)" time="0.023" />
  <testcase classname="ptolemy.util.test.junit.AutoTests" name="[91] /home/travis/build/icyphy/ptII/ptolemy/domains/continuous/test/auto/Modal1.xml (RunModel)" time="0.039" />
  <testcase classname="ptolemy.util.test.junit.AutoTests" name="[92] /home/travis/build/icyphy/ptII/ptolemy/domains/continuous/test/auto/Modal2.xml (RunModel)" time="0.051" />
  <testcase classname="ptolemy.util.test.junit.AutoTests" name="[93] /home/travis/build/icyphy/ptII/ptolemy/domains/continuous/test/auto/ModalTransitionGuardWithReset.xml (RunModel)" time="0.036" />
  <testcase classname="ptolemy.util.test.junit.AutoTests" name="[94] /home/travis/build/icyphy/ptII/ptolemy/domains/continuous/test/auto/ModalTransitionGuardWithResetUsingPreemptiveTransition.xml (RunModel)" time="0.03" />
  <testcase classname="ptolemy.util.test.junit.AutoTests" name="[95] /home/travis/build/icyphy/ptII/ptolemy/domains/continuous/test/auto/ModalTransitionGuardWithResetUsingPreemptiveTransition2.xml (RunModel)" time="0.034" />
  <testcase classname="ptolemy.util.test.junit.AutoTests" name="[96] /home/travis/build/icyphy/ptII/ptolemy/domains/continuous/test/auto/ModalTransitionGuardWithResetUsingPreemptiveTransition3.xml (RunModel)" time="0.025" />
  <testcase classname="ptolemy.util.test.junit.AutoTests" name="[97] /home/travis/build/icyphy/ptII/ptolemy/domains/continuous/test/auto/NewtonsCradle.xml (RunModel)" time="0.78" />
  <testcase classname="ptolemy.util.test.junit.AutoTests" name="[98] /home/travis/build/icyphy/ptII/ptolemy/domains/continuous/test/auto/NewtonsCradleAnimated.xml (RunModel)" time="1.195" />
  <testcase classname="ptolemy.util.test.junit.AutoTests" name="[99] /home/travis/build/icyphy/ptII/ptolemy/domains/continuous/test/auto/NewtonsCradleComplicated.xml (RunModel)" time="0.956" />
  <testcase classname="ptolemy.util.test.junit.AutoTests" name="[100] /home/travis/build/icyphy/ptII/ptolemy/domains/continuous/test/auto/NewtonsCradleNondeterministic.xml (RunModel)" time="0.643" />
  <testcase classname="ptolemy.util.test.junit.AutoTests" name="[101] /home/travis/build/icyphy/ptII/ptolemy/domains/continuous/test/auto/NewtonsCradlePerfectlyInelastic1.xml (RunModel)" time="1.409" />
  <testcase classname="ptolemy.util.test.junit.AutoTests" name="[102] /home/travis/build/icyphy/ptII/ptolemy/domains/continuous/test/auto/Noise.xml (RunModel)" time="0.195" />
  <testcase classname="ptolemy.util.test.junit.AutoTests" name="[103] /home/travis/build/icyphy/ptII/ptolemy/domains/continuous/test/auto/NoiseSpectrum.xml (RunModel)" time="0.805" />
  <testcase classname="ptolemy.util.test.junit.AutoTests" name="[104] /home/travis/build/icyphy/ptII/ptolemy/domains/continuous/test/auto/ParameterizedNewtonsCradleAnimated.xml (RunModel)" time="0.394" />
  <testcase classname="ptolemy.util.test.junit.AutoTests" name="[105] /home/travis/build/icyphy/ptII/ptolemy/domains/continuous/test/auto/ParameterizedNewtonsCradleAnimatedNondeterministic.xml (RunModel)" time="1.225" />
  <testcase classname="ptolemy.util.test.junit.AutoTests" name="[106] /home/travis/build/icyphy/ptII/ptolemy/domains/continuous/test/auto/Pendulum3D.xml (RunModel)" time="0.176" />
  <testcase classname="ptolemy.util.test.junit.AutoTests" name="[107] /home/travis/build/icyphy/ptII/ptolemy/domains/continuous/test/auto/PeriodicSampler.xml (RunModel)" time="0.016" />
  <testcase classname="ptolemy.util.test.junit.AutoTests" name="[108] /home/travis/build/icyphy/ptII/ptolemy/domains/continuous/test/auto/PeriodicSampler1.xml (RunModel)" time="0.044" />
  <testcase classname="ptolemy.util.test.junit.AutoTests" name="[109] /home/travis/build/icyphy/ptII/ptolemy/domains/continuous/test/auto/PeriodicSampler2.xml (RunModel)" time="0.082" />
  <testcase classname="ptolemy.util.test.junit.AutoTests" name="[110] /home/travis/build/icyphy/ptII/ptolemy/domains/continuous/test/auto/Poisson.xml (RunModel)" time="0.457" />
  <testcase classname="ptolemy.util.test.junit.AutoTests" name="[111] /home/travis/build/icyphy/ptII/ptolemy/domains/continuous/test/auto/PoissonClock.xml (RunModel)" time="0.012" />
  <testcase classname="ptolemy.util.test.junit.AutoTests" name="[112] /home/travis/build/icyphy/ptII/ptolemy/domains/continuous/test/auto/PoissonClock2.xml (RunModel)" time="0.013" />
  <testcase classname="ptolemy.util.test.junit.AutoTests" name="[113] /home/travis/build/icyphy/ptII/ptolemy/domains/continuous/test/auto/PortParameterHierarchy.xml (RunModel)" time="0.027" />
  <testcase classname="ptolemy.util.test.junit.AutoTests" name="[114] /home/travis/build/icyphy/ptII/ptolemy/domains/continuous/test/auto/RandomHybridPlant.xml (RunModel)" time="0.579" />
  <testcase classname="ptolemy.util.test.junit.AutoTests" name="[115] /home/travis/build/icyphy/ptII/ptolemy/domains/continuous/test/auto/ResetTransitionWithStartTime1.xml (RunModel)" time="0.029" />
  <testcase classname="ptolemy.util.test.junit.AutoTests" name="[116] /home/travis/build/icyphy/ptII/ptolemy/domains/continuous/test/auto/ResetTransitionWithStartTime2.xml (RunModel)" time="0.039" />
  <testcase classname="ptolemy.util.test.junit.AutoTests" name="[117] /home/travis/build/icyphy/ptII/ptolemy/domains/continuous/test/auto/ResetTransitionWithStartTime3.xml (RunModel)" time="0.039" />
  <testcase classname="ptolemy.util.test.junit.AutoTests" name="[118] /home/travis/build/icyphy/ptII/ptolemy/domains/continuous/test/auto/ResetTransitionWithStartTime4.xml (RunModel)" time="0.029" />
  <testcase classname="ptolemy.util.test.junit.AutoTests" name="[119] /home/travis/build/icyphy/ptII/ptolemy/domains/continuous/test/auto/ResetTransitionWithStartTime5.xml (RunModel)" time="0.038" />
  <testcase classname="ptolemy.util.test.junit.AutoTests" name="[120] /home/travis/build/icyphy/ptII/ptolemy/domains/continuous/test/auto/ResetTransitionWithStartTime6.xml (RunModel)" time="0.03" />
  <testcase classname="ptolemy.util.test.junit.AutoTests" name="[121] /home/travis/build/icyphy/ptII/ptolemy/domains/continuous/test/auto/SRinContinuous.xml (RunModel)" time="0.03" />
  <testcase classname="ptolemy.util.test.junit.AutoTests" name="[122] /home/travis/build/icyphy/ptII/ptolemy/domains/continuous/test/auto/SampledClocks.xml (RunModel)" time="0.035" />
  <testcase classname="ptolemy.util.test.junit.AutoTests" name="[123] /home/travis/build/icyphy/ptII/ptolemy/domains/continuous/test/auto/Satellite.xml (RunModel)" time="0.847" />
  <testcase classname="ptolemy.util.test.junit.AutoTests" name="[124] /home/travis/build/icyphy/ptII/ptolemy/domains/continuous/test/auto/SigmaDelta.xml (RunModel)" time="2.464" />
  <testcase classname="ptolemy.util.test.junit.AutoTests" name="[125] /home/travis/build/icyphy/ptII/ptolemy/domains/continuous/test/auto/SingleRefinement.xml (RunModel)" time="0.43" />
  <testcase classname="ptolemy.util.test.junit.AutoTests" name="[126] /home/travis/build/icyphy/ptII/ptolemy/domains/continuous/test/auto/SinuBouncingBall.xml (RunModel)" time="0.883" />
  <testcase classname="ptolemy.util.test.junit.AutoTests" name="[127] /home/travis/build/icyphy/ptII/ptolemy/domains/continuous/test/auto/Sinusoid.xml (RunModel)" time="0.016" />
  <testcase classname="ptolemy.util.test.junit.AutoTests" name="[128] /home/travis/build/icyphy/ptII/ptolemy/domains/continuous/test/auto/SinusoidInNoise.xml (RunModel)" time="1.084" />
  <testcase classname="ptolemy.util.test.junit.AutoTests" name="[129] /home/travis/build/icyphy/ptII/ptolemy/domains/continuous/test/auto/SinusoidRK45.xml (RunModel)" time="0.016" />
  <testcase classname="ptolemy.util.test.junit.AutoTests" name="[130] /home/travis/build/icyphy/ptII/ptolemy/domains/continuous/test/auto/SinusoidWithMultipleImpulses.xml (RunModel)" time="0.011" />
  <testcase classname="ptolemy.util.test.junit.AutoTests" name="[131] /home/travis/build/icyphy/ptII/ptolemy/domains/continuous/test/auto/SquareWave.xml (RunModel)" time="0.211" />
  <testcase classname="ptolemy.util.test.junit.AutoTests" name="[132] /home/travis/build/icyphy/ptII/ptolemy/domains/continuous/test/auto/Starmac.xml (RunModel)" time="3.403" />
  <testcase classname="ptolemy.util.test.junit.AutoTests" name="[133] /home/travis/build/icyphy/ptII/ptolemy/domains/continuous/test/auto/StaticUnits.xml (RunModel)" time="2.985" />
  <testcase classname="ptolemy.util.test.junit.AutoTests" name="[134] /home/travis/build/icyphy/ptII/ptolemy/domains/continuous/test/auto/StickyMasses.xml (RunModel)" time="0.187" />
  <testcase classname="ptolemy.util.test.junit.AutoTests" name="[135] /home/travis/build/icyphy/ptII/ptolemy/domains/continuous/test/auto/StopTime.xml (RunModel)" time="0.068" />
  <testcase classname="ptolemy.util.test.junit.AutoTests" name="[136] /home/travis/build/icyphy/ptII/ptolemy/domains/continuous/test/auto/StopTime2.xml (RunModel)" time="0.06" />
  <testcase classname="ptolemy.util.test.junit.AutoTests" name="[137] /home/travis/build/icyphy/ptII/ptolemy/domains/continuous/test/auto/Switch.xml (RunModel)" time="0.075" />
  <testcase classname="ptolemy.util.test.junit.AutoTests" name="[138] /home/travis/build/icyphy/ptII/ptolemy/domains/continuous/test/auto/Thermostat.xml (RunModel)" time="0.24" />
  <testcase classname="ptolemy.util.test.junit.AutoTests" name="[139] /home/travis/build/icyphy/ptII/ptolemy/domains/continuous/test/auto/TimeDelay.xml (RunModel)" time="0.018" />
  <testcase classname="ptolemy.util.test.junit.AutoTests" name="[140] /home/travis/build/icyphy/ptII/ptolemy/domains/continuous/test/auto/TimeDelay2.xml (RunModel)" time="0.025" />
  <testcase classname="ptolemy.util.test.junit.AutoTests" name="[141] /home/travis/build/icyphy/ptII/ptolemy/domains/continuous/test/auto/TimeDelay3.xml (RunModel)" time="0.012" />
  <testcase classname="ptolemy.util.test.junit.AutoTests" name="[142] /home/travis/build/icyphy/ptII/ptolemy/domains/continuous/test/auto/TransferAbsentToInside.xml (RunModel)" time="0.101" />
  <testcase classname="ptolemy.util.test.junit.AutoTests" name="[143] /home/travis/build/icyphy/ptII/ptolemy/domains/continuous/test/auto/Transmission.xml (RunModel)" time="0.812" />
  <testcase classname="ptolemy.util.test.junit.AutoTests" name="[144] /home/travis/build/icyphy/ptII/ptolemy/domains/continuous/test/auto/TriggeredContinuousClock.xml (RunModel)" time="0.064" />
  <testcase classname="ptolemy.util.test.junit.AutoTests" name="[145] /home/travis/build/icyphy/ptII/ptolemy/domains/continuous/test/auto/TwoMachineInfiniteBusControl.xml (RunModel)" time="2.848" />
  <testcase classname="ptolemy.util.test.junit.AutoTests" name="[146] /home/travis/build/icyphy/ptII/ptolemy/domains/continuous/test/auto/V2V.xml (RunModel)" time="0.89" />
  <testcase classname="ptolemy.util.test.junit.AutoTests" name="[147] /home/travis/build/icyphy/ptII/ptolemy/domains/continuous/test/auto/hierarchicalModalModel.xml (RunModel)" time="0.03" />
  <testcase classname="ptolemy.util.test.junit.AutoTests" name="[148] /home/travis/build/icyphy/ptII/ptolemy/domains/continuous/test/auto/hierarchicalModalModel1.xml (RunModel)" time="0.029" />
  <testcase classname="ptolemy.util.test.junit.AutoTests" name="[149] /home/travis/build/icyphy/ptII/ptolemy/domains/continuous/test/auto/hierarchicalModalModel2.xml (RunModel)" time="0.027" />
  <testcase classname="ptolemy.util.test.junit.AutoTests" name="[150] /home/travis/build/icyphy/ptII/ptolemy/domains/continuous/test/auto/hierarchicalModalModel3.xml (RunModel)" time="0.022" />
  <testcase classname="ptolemy.util.test.junit.AutoTests" name="[151] /home/travis/build/icyphy/ptII/ptolemy/domains/continuous/test/auto/hierarchicalModalModel4.xml (RunModel)" time="0.024" />
  <testcase classname="ptolemy.util.test.junit.AutoTests" name="[152] /home/travis/build/icyphy/ptII/ptolemy/domains/continuous/test/auto/junk.xml (RunModel)" time="0.16" />
  <system-out><![CDATA[No tcl tests in /home/travis/build/icyphy/ptII/ptolemy/domains/continuous/test
No auto/knownFailedTests/*.xml tests in /home/travis/build/icyphy/ptII/ptolemy/domains/continuous/test
No auto/linux-amd64/*.xml tests in /home/travis/build/icyphy/ptII/ptolemy/domains/continuous/test
AutoTests.java: About to close Vertx.
AutoTests.java: Vertx closed.

===========================================================================================
----------------- testing Wed Jul 10 06:38:31 UTC 2019 /home/travis/build/icyphy/ptII/ptolemy/domains/continuous/test/auto/BouncingBall.xml
----------------- Instantiating /home/travis/build/icyphy/ptII/ptolemy/domains/continuous/test/auto/BouncingBall.xml
2385 ms. Memory: 218112K Free: 192669K (88%)
----------------- Invoking toplevel() on ptolemy.moml.MoMLSimpleApplication@15d16ed3
----------------- Done invoking toplevel() on ptolemy.moml.MoMLSimpleApplication@15d16ed3
reloadAllAccessors: .BouncingBall

===========================================================================================
----------------- testing Wed Jul 10 06:38:34 UTC 2019 /home/travis/build/icyphy/ptII/ptolemy/domains/continuous/test/auto/BouncingBallWithoutGR.xml
----------------- Instantiating /home/travis/build/icyphy/ptII/ptolemy/domains/continuous/test/auto/BouncingBallWithoutGR.xml
915 ms. Memory: 218112K Free: 137881K (63%)
----------------- Invoking toplevel() on ptolemy.moml.MoMLSimpleApplication@783d84c
----------------- Done invoking toplevel() on ptolemy.moml.MoMLSimpleApplication@783d84c
reloadAllAccessors: .BouncingBallWithoutGR

===========================================================================================
----------------- testing Wed Jul 10 06:38:35 UTC 2019 /home/travis/build/icyphy/ptII/ptolemy/domains/continuous/test/auto/Brownian.xml
----------------- Instantiating /home/travis/build/icyphy/ptII/ptolemy/domains/continuous/test/auto/Brownian.xml
31 ms. Memory: 218112K Free: 128665K (59%)
----------------- Invoking toplevel() on ptolemy.moml.MoMLSimpleApplication@3afeb65f
----------------- Done invoking toplevel() on ptolemy.moml.MoMLSimpleApplication@3afeb65f
reloadAllAccessors: .Brownian

===========================================================================================
----------------- testing Wed Jul 10 06:38:35 UTC 2019 /home/travis/build/icyphy/ptII/ptolemy/domains/continuous/test/auto/CarTracking.xml
----------------- Instantiating /home/travis/build/icyphy/ptII/ptolemy/domains/continuous/test/auto/CarTracking.xml
3580 ms. Memory: 315392K Free: 241011K (76%)
----------------- Invoking toplevel() on ptolemy.moml.MoMLSimpleApplication@501be72
----------------- Done invoking toplevel() on ptolemy.moml.MoMLSimpleApplication@501be72
reloadAllAccessors: .CarTracking

===========================================================================================
----------------- testing Wed Jul 10 06:38:39 UTC 2019 /home/travis/build/icyphy/ptII/ptolemy/domains/continuous/test/auto/CartPendulum.xml
----------------- Instantiating /home/travis/build/icyphy/ptII/ptolemy/domains/continuous/test/auto/CartPendulum.xml
393 ms. Memory: 315392K Free: 151409K (48%)
----------------- Invoking toplevel() on ptolemy.moml.MoMLSimpleApplication@1ab8aef2
----------------- Done invoking toplevel() on ptolemy.moml.MoMLSimpleApplication@1ab8aef2
reloadAllAccessors: .CartPendulum

===========================================================================================
----------------- testing Wed Jul 10 06:38:40 UTC 2019 /home/travis/build/icyphy/ptII/ptolemy/domains/continuous/test/auto/CausalityInterface10.xml
----------------- Instantiating /home/travis/build/icyphy/ptII/ptolemy/domains/continuous/test/auto/CausalityInterface10.xml
8 ms. Memory: 315392K Free: 141169K (45%)
----------------- Invoking toplevel() on ptolemy.moml.MoMLSimpleApplication@226b29b9
----------------- Done invoking toplevel() on ptolemy.moml.MoMLSimpleApplication@226b29b9
reloadAllAccessors: .CausalityInterface10

===========================================================================================
----------------- testing Wed Jul 10 06:38:40 UTC 2019 /home/travis/build/icyphy/ptII/ptolemy/domains/continuous/test/auto/CausalityInterface11.xml
----------------- Instantiating /home/travis/build/icyphy/ptII/ptolemy/domains/continuous/test/auto/CausalityInterface11.xml
7 ms. Memory: 315392K Free: 134995K (43%)
----------------- Invoking toplevel() on ptolemy.moml.MoMLSimpleApplication@4465d5cf
----------------- Done invoking toplevel() on ptolemy.moml.MoMLSimpleApplication@4465d5cf
reloadAllAccessors: .CausalityInterface11

===========================================================================================
----------------- testing Wed Jul 10 06:38:40 UTC 2019 /home/travis/build/icyphy/ptII/ptolemy/domains/continuous/test/auto/CausalityInterface12.xml
----------------- Instantiating /home/travis/build/icyphy/ptII/ptolemy/domains/continuous/test/auto/CausalityInterface12.xml
9 ms. Memory: 315392K Free: 128867K (41%)
----------------- Invoking toplevel() on ptolemy.moml.MoMLSimpleApplication@4ff6036b
----------------- Done invoking toplevel() on ptolemy.moml.MoMLSimpleApplication@4ff6036b
reloadAllAccessors: .CausalityInterface12

===========================================================================================
----------------- testing Wed Jul 10 06:38:40 UTC 2019 /home/travis/build/icyphy/ptII/ptolemy/domains/continuous/test/auto/CausalityInterface13.xml
----------------- Instantiating /home/travis/build/icyphy/ptII/ptolemy/domains/continuous/test/auto/CausalityInterface13.xml
7 ms. Memory: 315392K Free: 122723K (39%)
----------------- Invoking toplevel() on ptolemy.moml.MoMLSimpleApplication@72b583d2
----------------- Done invoking toplevel() on ptolemy.moml.MoMLSimpleApplication@72b583d2
reloadAllAccessors: .CausalityInterface13

===========================================================================================
----------------- testing Wed Jul 10 06:38:40 UTC 2019 /home/travis/build/icyphy/ptII/ptolemy/domains/continuous/test/auto/CausalityInterface14.xml
----------------- Instantiating /home/travis/build/icyphy/ptII/ptolemy/domains/continuous/test/auto/CausalityInterface14.xml
4 ms. Memory: 315392K Free: 117107K (37%)
----------------- Invoking toplevel() on ptolemy.moml.MoMLSimpleApplication@24067c93
----------------- Done invoking toplevel() on ptolemy.moml.MoMLSimpleApplication@24067c93
reloadAllAccessors: .CausalityInterface14

===========================================================================================
----------------- testing Wed Jul 10 06:38:40 UTC 2019 /home/travis/build/icyphy/ptII/ptolemy/domains/continuous/test/auto/CausalityInterface4.xml
----------------- Instantiating /home/travis/build/icyphy/ptII/ptolemy/domains/continuous/test/auto/CausalityInterface4.xml
4 ms. Memory: 315392K Free: 296476K (94%)
----------------- Invoking toplevel() on ptolemy.moml.MoMLSimpleApplication@f70ee3c
----------------- Done invoking toplevel() on ptolemy.moml.MoMLSimpleApplication@f70ee3c
reloadAllAccessors: .CausalityInterface4

===========================================================================================
----------------- testing Wed Jul 10 06:38:40 UTC 2019 /home/travis/build/icyphy/ptII/ptolemy/domains/continuous/test/auto/CausalityInterface5.xml
----------------- Instantiating /home/travis/build/icyphy/ptII/ptolemy/domains/continuous/test/auto/CausalityInterface5.xml
6 ms. Memory: 315392K Free: 288284K (91%)
----------------- Invoking toplevel() on ptolemy.moml.MoMLSimpleApplication@7730b3ce
----------------- Done invoking toplevel() on ptolemy.moml.MoMLSimpleApplication@7730b3ce
reloadAllAccessors: .CausalityInterface5

===========================================================================================
----------------- testing Wed Jul 10 06:38:40 UTC 2019 /home/travis/build/icyphy/ptII/ptolemy/domains/continuous/test/auto/CausalityInterface6.xml
----------------- Instantiating /home/travis/build/icyphy/ptII/ptolemy/domains/continuous/test/auto/CausalityInterface6.xml
4 ms. Memory: 315392K Free: 282654K (90%)
----------------- Invoking toplevel() on ptolemy.moml.MoMLSimpleApplication@392b3b18
----------------- Done invoking toplevel() on ptolemy.moml.MoMLSimpleApplication@392b3b18
reloadAllAccessors: .CausalityInterface6

===========================================================================================
----------------- testing Wed Jul 10 06:38:40 UTC 2019 /home/travis/build/icyphy/ptII/ptolemy/domains/continuous/test/auto/CausalityInterface7.xml
----------------- Instantiating /home/travis/build/icyphy/ptII/ptolemy/domains/continuous/test/auto/CausalityInterface7.xml
11 ms. Memory: 315392K Free: 273948K (87%)
----------------- Invoking toplevel() on ptolemy.moml.MoMLSimpleApplication@b215548
----------------- Done invoking toplevel() on ptolemy.moml.MoMLSimpleApplication@b215548
reloadAllAccessors: .CausalityInterface7

===========================================================================================
----------------- testing Wed Jul 10 06:38:40 UTC 2019 /home/travis/build/icyphy/ptII/ptolemy/domains/continuous/test/auto/CausalityInterface8.xml
----------------- Instantiating /home/travis/build/icyphy/ptII/ptolemy/domains/continuous/test/auto/CausalityInterface8.xml
6 ms. Memory: 315392K Free: 264732K (84%)
----------------- Invoking toplevel() on ptolemy.moml.MoMLSimpleApplication@4d0b9ff0
----------------- Done invoking toplevel() on ptolemy.moml.MoMLSimpleApplication@4d0b9ff0
reloadAllAccessors: .CausalityInterface8

===========================================================================================
----------------- testing Wed Jul 10 06:38:40 UTC 2019 /home/travis/build/icyphy/ptII/ptolemy/domains/continuous/test/auto/CausalityInterface9.xml
----------------- Instantiating /home/travis/build/icyphy/ptII/ptolemy/domains/continuous/test/auto/CausalityInterface9.xml
12 ms. Memory: 315392K Free: 253982K (81%)
----------------- Invoking toplevel() on ptolemy.moml.MoMLSimpleApplication@60b68caa
----------------- Done invoking toplevel() on ptolemy.moml.MoMLSimpleApplication@60b68caa
reloadAllAccessors: .CausalityInterface9

===========================================================================================
----------------- testing Wed Jul 10 06:38:40 UTC 2019 /home/travis/build/icyphy/ptII/ptolemy/domains/continuous/test/auto/CausalityInterfaceFeedback1.xml
----------------- Instantiating /home/travis/build/icyphy/ptII/ptolemy/domains/continuous/test/auto/CausalityInterfaceFeedback1.xml
5 ms. Memory: 315392K Free: 247310K (78%)
----------------- Invoking toplevel() on ptolemy.moml.MoMLSimpleApplication@6d8cea40
----------------- Done invoking toplevel() on ptolemy.moml.MoMLSimpleApplication@6d8cea40
reloadAllAccessors: .CausalityInterfaceFeedback1

===========================================================================================
----------------- testing Wed Jul 10 06:38:40 UTC 2019 /home/travis/build/icyphy/ptII/ptolemy/domains/continuous/test/auto/CausalityInterfaceFeedback2.xml
----------------- Instantiating /home/travis/build/icyphy/ptII/ptolemy/domains/continuous/test/auto/CausalityInterfaceFeedback2.xml
6 ms. Memory: 315392K Free: 240670K (76%)
----------------- Invoking toplevel() on ptolemy.moml.MoMLSimpleApplication@7e151107
----------------- Done invoking toplevel() on ptolemy.moml.MoMLSimpleApplication@7e151107
reloadAllAccessors: .CausalityInterfaceFeedback2

===========================================================================================
----------------- testing Wed Jul 10 06:38:40 UTC 2019 /home/travis/build/icyphy/ptII/ptolemy/domains/continuous/test/auto/CompareWithCurrentTime.xml
----------------- Instantiating /home/travis/build/icyphy/ptII/ptolemy/domains/continuous/test/auto/CompareWithCurrentTime.xml
4 ms. Memory: 315392K Free: 236574K (75%)
----------------- Invoking toplevel() on ptolemy.moml.MoMLSimpleApplication@1e1ee48a
----------------- Done invoking toplevel() on ptolemy.moml.MoMLSimpleApplication@1e1ee48a
reloadAllAccessors: .CompareWithCurrentTime

===========================================================================================
----------------- testing Wed Jul 10 06:38:40 UTC 2019 /home/travis/build/icyphy/ptII/ptolemy/domains/continuous/test/auto/ComparedClocks.xml
----------------- Instantiating /home/travis/build/icyphy/ptII/ptolemy/domains/continuous/test/auto/ComparedClocks.xml
10 ms. Memory: 315392K Free: 221710K (70%)
----------------- Invoking toplevel() on ptolemy.moml.MoMLSimpleApplication@1f15d5ce
----------------- Done invoking toplevel() on ptolemy.moml.MoMLSimpleApplication@1f15d5ce
reloadAllAccessors: .ComparedClocks

===========================================================================================
----------------- testing Wed Jul 10 06:38:40 UTC 2019 /home/travis/build/icyphy/ptII/ptolemy/domains/continuous/test/auto/ContinuousAOCClone.xml
----------------- Instantiating /home/travis/build/icyphy/ptII/ptolemy/domains/continuous/test/auto/ContinuousAOCClone.xml
2624 ms. Memory: 315392K Free: 261545K (83%)
----------------- Invoking toplevel() on ptolemy.moml.MoMLSimpleApplication@74a04dcf
----------------- Done invoking toplevel() on ptolemy.moml.MoMLSimpleApplication@74a04dcf
reloadAllAccessors: .ContinuousAOCClone

===========================================================================================
----------------- testing Wed Jul 10 06:38:43 UTC 2019 /home/travis/build/icyphy/ptII/ptolemy/domains/continuous/test/auto/ContinuousClock.xml
----------------- Instantiating /home/travis/build/icyphy/ptII/ptolemy/domains/continuous/test/auto/ContinuousClock.xml
45 ms. Memory: 315392K Free: 239531K (76%)
----------------- Invoking toplevel() on ptolemy.moml.MoMLSimpleApplication@56e4aad9
----------------- Done invoking toplevel() on ptolemy.moml.MoMLSimpleApplication@56e4aad9
reloadAllAccessors: .ContinuousClock

===========================================================================================
----------------- testing Wed Jul 10 06:38:43 UTC 2019 /home/travis/build/icyphy/ptII/ptolemy/domains/continuous/test/auto/ContinuousInContinuous.xml
----------------- Instantiating /home/travis/build/icyphy/ptII/ptolemy/domains/continuous/test/auto/ContinuousInContinuous.xml
41 ms. Memory: 315392K Free: 215979K (68%)
----------------- Invoking toplevel() on ptolemy.moml.MoMLSimpleApplication@2fbdfd9
----------------- Done invoking toplevel() on ptolemy.moml.MoMLSimpleApplication@2fbdfd9
reloadAllAccessors: .ContinuousInContinuous

===========================================================================================
----------------- testing Wed Jul 10 06:38:43 UTC 2019 /home/travis/build/icyphy/ptII/ptolemy/domains/continuous/test/auto/ContinuousInContinuousInContinuous.xml
----------------- Instantiating /home/travis/build/icyphy/ptII/ptolemy/domains/continuous/test/auto/ContinuousInContinuousInContinuous.xml
8 ms. Memory: 315392K Free: 208297K (66%)
----------------- Invoking toplevel() on ptolemy.moml.MoMLSimpleApplication@4a0d7a3f
----------------- Done invoking toplevel() on ptolemy.moml.MoMLSimpleApplication@4a0d7a3f
reloadAllAccessors: .ContinuousInContinuousInContinuous

===========================================================================================
----------------- testing Wed Jul 10 06:38:43 UTC 2019 /home/travis/build/icyphy/ptII/ptolemy/domains/continuous/test/auto/ContinuousInDE.xml
----------------- Instantiating /home/travis/build/icyphy/ptII/ptolemy/domains/continuous/test/auto/ContinuousInDE.xml
118 ms. Memory: 315392K Free: 197547K (63%)
----------------- Invoking toplevel() on ptolemy.moml.MoMLSimpleApplication@1bcb75db
----------------- Done invoking toplevel() on ptolemy.moml.MoMLSimpleApplication@1bcb75db
reloadAllAccessors: .ContinuousInDE

===========================================================================================
----------------- testing Wed Jul 10 06:38:44 UTC 2019 /home/travis/build/icyphy/ptII/ptolemy/domains/continuous/test/auto/ContinuousInDE2.xml
----------------- Instantiating /home/travis/build/icyphy/ptII/ptolemy/domains/continuous/test/auto/ContinuousInDE2.xml
41 ms. Memory: 315392K Free: 187817K (60%)
----------------- Invoking toplevel() on ptolemy.moml.MoMLSimpleApplication@56b11a96
----------------- Done invoking toplevel() on ptolemy.moml.MoMLSimpleApplication@56b11a96
reloadAllAccessors: .ContinuousInDE2

===========================================================================================
----------------- testing Wed Jul 10 06:38:44 UTC 2019 /home/travis/build/icyphy/ptII/ptolemy/domains/continuous/test/auto/ContinuousInDE3.xml
----------------- Instantiating /home/travis/build/icyphy/ptII/ptolemy/domains/continuous/test/auto/ContinuousInDE3.xml
42 ms. Memory: 315392K Free: 178091K (56%)
----------------- Invoking toplevel() on ptolemy.moml.MoMLSimpleApplication@403d6177
----------------- Done invoking toplevel() on ptolemy.moml.MoMLSimpleApplication@403d6177
reloadAllAccessors: .ContinuousInDE3

===========================================================================================
----------------- testing Wed Jul 10 06:38:44 UTC 2019 /home/travis/build/icyphy/ptII/ptolemy/domains/continuous/test/auto/ContinuousInDE4.xml
----------------- Instantiating /home/travis/build/icyphy/ptII/ptolemy/domains/continuous/test/auto/ContinuousInDE4.xml
22 ms. Memory: 315392K Free: 171947K (55%)
----------------- Invoking toplevel() on ptolemy.moml.MoMLSimpleApplication@530114d2
----------------- Done invoking toplevel() on ptolemy.moml.MoMLSimpleApplication@530114d2
reloadAllAccessors: .ContinuousInDE4

===========================================================================================
----------------- testing Wed Jul 10 06:38:44 UTC 2019 /home/travis/build/icyphy/ptII/ptolemy/domains/continuous/test/auto/ContinuousInDEDifferentRefinements.xml
----------------- Instantiating /home/travis/build/icyphy/ptII/ptolemy/domains/continuous/test/auto/ContinuousInDEDifferentRefinements.xml
71 ms. Memory: 315392K Free: 140698K (45%)
----------------- Invoking toplevel() on ptolemy.moml.MoMLSimpleApplication@3804a5b7
----------------- Done invoking toplevel() on ptolemy.moml.MoMLSimpleApplication@3804a5b7
reloadAllAccessors: .ContinuousInDEDifferentRefinements

===========================================================================================
----------------- testing Wed Jul 10 06:38:44 UTC 2019 /home/travis/build/icyphy/ptII/ptolemy/domains/continuous/test/auto/ContinuousInDEDifferentRefinementsPreemptive.xml
----------------- Instantiating /home/travis/build/icyphy/ptII/ptolemy/domains/continuous/test/auto/ContinuousInDEDifferentRefinementsPreemptive.xml
58 ms. Memory: 378880K Free: 360834K (95%)
----------------- Invoking toplevel() on ptolemy.moml.MoMLSimpleApplication@68a6ec02
----------------- Done invoking toplevel() on ptolemy.moml.MoMLSimpleApplication@68a6ec02
reloadAllAccessors: .ContinuousInDEDifferentRefinementsPreemptive

===========================================================================================
----------------- testing Wed Jul 10 06:38:44 UTC 2019 /home/travis/build/icyphy/ptII/ptolemy/domains/continuous/test/auto/ContinuousInDEInContinuous2.xml
----------------- Instantiating /home/travis/build/icyphy/ptII/ptolemy/domains/continuous/test/auto/ContinuousInDEInContinuous2.xml
35 ms. Memory: 378880K Free: 349055K (92%)
----------------- Invoking toplevel() on ptolemy.moml.MoMLSimpleApplication@fc37355
----------------- Done invoking toplevel() on ptolemy.moml.MoMLSimpleApplication@fc37355
reloadAllAccessors: .ContinuousInDEInContinuous2

===========================================================================================
----------------- testing Wed Jul 10 06:38:44 UTC 2019 /home/travis/build/icyphy/ptII/ptolemy/domains/continuous/test/auto/ContinuousInDEInContinuous3.xml
----------------- Instantiating /home/travis/build/icyphy/ptII/ptolemy/domains/continuous/test/auto/ContinuousInDEInContinuous3.xml
36 ms. Memory: 378880K Free: 336767K (89%)
----------------- Invoking toplevel() on ptolemy.moml.MoMLSimpleApplication@20c343a5
----------------- Done invoking toplevel() on ptolemy.moml.MoMLSimpleApplication@20c343a5
reloadAllAccessors: .ContinuousInDEInContinuous3

===========================================================================================
----------------- testing Wed Jul 10 06:38:44 UTC 2019 /home/travis/build/icyphy/ptII/ptolemy/domains/continuous/test/auto/ContinuousInDEInput.xml
----------------- Instantiating /home/travis/build/icyphy/ptII/ptolemy/domains/continuous/test/auto/ContinuousInDEInput.xml
18 ms. Memory: 378880K Free: 329599K (87%)
----------------- Invoking toplevel() on ptolemy.moml.MoMLSimpleApplication@405e242a
----------------- Done invoking toplevel() on ptolemy.moml.MoMLSimpleApplication@405e242a
reloadAllAccessors: .ContinuousInDEInput

===========================================================================================
----------------- testing Wed Jul 10 06:38:44 UTC 2019 /home/travis/build/icyphy/ptII/ptolemy/domains/continuous/test/auto/ContinuousInDEInput2.xml
----------------- Instantiating /home/travis/build/icyphy/ptII/ptolemy/domains/continuous/test/auto/ContinuousInDEInput2.xml
15 ms. Memory: 378880K Free: 322431K (85%)
----------------- Invoking toplevel() on ptolemy.moml.MoMLSimpleApplication@392b2173
----------------- Done invoking toplevel() on ptolemy.moml.MoMLSimpleApplication@392b2173
reloadAllAccessors: .ContinuousInDEInput2

===========================================================================================
----------------- testing Wed Jul 10 06:38:44 UTC 2019 /home/travis/build/icyphy/ptII/ptolemy/domains/continuous/test/auto/ContinuousInDEInput3.xml
----------------- Instantiating /home/travis/build/icyphy/ptII/ptolemy/domains/continuous/test/auto/ContinuousInDEInput3.xml
15 ms. Memory: 378880K Free: 315263K (83%)
----------------- Invoking toplevel() on ptolemy.moml.MoMLSimpleApplication@16b88266
----------------- Done invoking toplevel() on ptolemy.moml.MoMLSimpleApplication@16b88266
reloadAllAccessors: .ContinuousInDEInput3

===========================================================================================
----------------- testing Wed Jul 10 06:38:44 UTC 2019 /home/travis/build/icyphy/ptII/ptolemy/domains/continuous/test/auto/ContinuousInDESharingRefinement.xml
----------------- Instantiating /home/travis/build/icyphy/ptII/ptolemy/domains/continuous/test/auto/ContinuousInDESharingRefinement.xml
145 ms. Memory: 378880K Free: 221055K (58%)
----------------- Invoking toplevel() on ptolemy.moml.MoMLSimpleApplication@38ba656e
----------------- Done invoking toplevel() on ptolemy.moml.MoMLSimpleApplication@38ba656e
reloadAllAccessors: .ContinuousInDESharingRefinement

===========================================================================================
----------------- testing Wed Jul 10 06:38:44 UTC 2019 /home/travis/build/icyphy/ptII/ptolemy/domains/continuous/test/auto/ContinuousInDEwithNoPorts.xml
----------------- Instantiating /home/travis/build/icyphy/ptII/ptolemy/domains/continuous/test/auto/ContinuousInDEwithNoPorts.xml
7 ms. Memory: 378880K Free: 216959K (57%)
----------------- Invoking toplevel() on ptolemy.moml.MoMLSimpleApplication@194bf0fc
----------------- Done invoking toplevel() on ptolemy.moml.MoMLSimpleApplication@194bf0fc
reloadAllAccessors: .ContinuousInDEwithNoPorts

===========================================================================================
----------------- testing Wed Jul 10 06:38:44 UTC 2019 /home/travis/build/icyphy/ptII/ptolemy/domains/continuous/test/auto/ContinuousInsideDE.xml
----------------- Instantiating /home/travis/build/icyphy/ptII/ptolemy/domains/continuous/test/auto/ContinuousInsideDE.xml
34 ms. Memory: 378880K Free: 205695K (54%)
----------------- Invoking toplevel() on ptolemy.moml.MoMLSimpleApplication@34525bab
----------------- Done invoking toplevel() on ptolemy.moml.MoMLSimpleApplication@34525bab
reloadAllAccessors: .ContinuousInsideDE

===========================================================================================
----------------- testing Wed Jul 10 06:38:45 UTC 2019 /home/travis/build/icyphy/ptII/ptolemy/domains/continuous/test/auto/ContinuousMerge1.xml
----------------- Instantiating /home/travis/build/icyphy/ptII/ptolemy/domains/continuous/test/auto/ContinuousMerge1.xml
3 ms. Memory: 378880K Free: 201054K (53%)
----------------- Invoking toplevel() on ptolemy.moml.MoMLSimpleApplication@2db5211
----------------- Done invoking toplevel() on ptolemy.moml.MoMLSimpleApplication@2db5211
reloadAllAccessors: .ContinuousMerge1

===========================================================================================
----------------- testing Wed Jul 10 06:38:45 UTC 2019 /home/travis/build/icyphy/ptII/ptolemy/domains/continuous/test/auto/ContinuousMerge2.xml
----------------- Instantiating /home/travis/build/icyphy/ptII/ptolemy/domains/continuous/test/auto/ContinuousMerge2.xml
16 ms. Memory: 378880K Free: 190845K (50%)
----------------- Invoking toplevel() on ptolemy.moml.MoMLSimpleApplication@77485282
----------------- Done invoking toplevel() on ptolemy.moml.MoMLSimpleApplication@77485282
reloadAllAccessors: .ContinuousMerge2

===========================================================================================
----------------- testing Wed Jul 10 06:38:45 UTC 2019 /home/travis/build/icyphy/ptII/ptolemy/domains/continuous/test/auto/ContinuousMerge3.xml
----------------- Instantiating /home/travis/build/icyphy/ptII/ptolemy/domains/continuous/test/auto/ContinuousMerge3.xml
40 ms. Memory: 378880K Free: 180095K (48%)
----------------- Invoking toplevel() on ptolemy.moml.MoMLSimpleApplication@25a87bb
----------------- Done invoking toplevel() on ptolemy.moml.MoMLSimpleApplication@25a87bb
reloadAllAccessors: .ContinuousMerge3

===========================================================================================
----------------- testing Wed Jul 10 06:38:45 UTC 2019 /home/travis/build/icyphy/ptII/ptolemy/domains/continuous/test/auto/ContinuousWithinContinuous.xml
----------------- Instantiating /home/travis/build/icyphy/ptII/ptolemy/domains/continuous/test/auto/ContinuousWithinContinuous.xml
33 ms. Memory: 378880K Free: 170879K (45%)
----------------- Invoking toplevel() on ptolemy.moml.MoMLSimpleApplication@3aaba91e
----------------- Done invoking toplevel() on ptolemy.moml.MoMLSimpleApplication@3aaba91e
reloadAllAccessors: .ContinuousWithinContinuous

===========================================================================================
----------------- testing Wed Jul 10 06:38:45 UTC 2019 /home/travis/build/icyphy/ptII/ptolemy/domains/continuous/test/auto/ContinuousWithinContinuous2.xml
----------------- Instantiating /home/travis/build/icyphy/ptII/ptolemy/domains/continuous/test/auto/ContinuousWithinContinuous2.xml
58 ms. Memory: 378880K Free: 160125K (42%)
----------------- Invoking toplevel() on ptolemy.moml.MoMLSimpleApplication@91adf53
----------------- Done invoking toplevel() on ptolemy.moml.MoMLSimpleApplication@91adf53
reloadAllAccessors: .ContinuousWithinContinuous2

===========================================================================================
----------------- testing Wed Jul 10 06:38:45 UTC 2019 /home/travis/build/icyphy/ptII/ptolemy/domains/continuous/test/auto/ContinuousWithinContinuous3.xml
----------------- Instantiating /home/travis/build/icyphy/ptII/ptolemy/domains/continuous/test/auto/ContinuousWithinContinuous3.xml
11 ms. Memory: 378880K Free: 153471K (41%)
----------------- Invoking toplevel() on ptolemy.moml.MoMLSimpleApplication@66f202e2
----------------- Done invoking toplevel() on ptolemy.moml.MoMLSimpleApplication@66f202e2
reloadAllAccessors: .ContinuousWithinContinuous3

===========================================================================================
----------------- testing Wed Jul 10 06:38:45 UTC 2019 /home/travis/build/icyphy/ptII/ptolemy/domains/continuous/test/auto/ContinuousWithinContinuous4.xml
----------------- Instantiating /home/travis/build/icyphy/ptII/ptolemy/domains/continuous/test/auto/ContinuousWithinContinuous4.xml
66 ms. Memory: 378880K Free: 141183K (37%)
----------------- Invoking toplevel() on ptolemy.moml.MoMLSimpleApplication@1a7090e6
----------------- Done invoking toplevel() on ptolemy.moml.MoMLSimpleApplication@1a7090e6
reloadAllAccessors: .ContinuousWithinContinuous4

===========================================================================================
----------------- testing Wed Jul 10 06:38:45 UTC 2019 /home/travis/build/icyphy/ptII/ptolemy/domains/continuous/test/auto/ContinuousWithinContinuous5.xml
----------------- Instantiating /home/travis/build/icyphy/ptII/ptolemy/domains/continuous/test/auto/ContinuousWithinContinuous5.xml
12 ms. Memory: 378880K Free: 360294K (95%)
----------------- Invoking toplevel() on ptolemy.moml.MoMLSimpleApplication@67b8e7c3
----------------- Done invoking toplevel() on ptolemy.moml.MoMLSimpleApplication@67b8e7c3
reloadAllAccessors: .ContinuousWithinContinuous5

===========================================================================================
----------------- testing Wed Jul 10 06:38:45 UTC 2019 /home/travis/build/icyphy/ptII/ptolemy/domains/continuous/test/auto/ContinuousWithinContinuous6.xml
----------------- Instantiating /home/travis/build/icyphy/ptII/ptolemy/domains/continuous/test/auto/ContinuousWithinContinuous6.xml
11 ms. Memory: 378880K Free: 353126K (93%)
----------------- Invoking toplevel() on ptolemy.moml.MoMLSimpleApplication@645f5311
----------------- Done invoking toplevel() on ptolemy.moml.MoMLSimpleApplication@645f5311
reloadAllAccessors: .ContinuousWithinContinuous6

===========================================================================================
----------------- testing Wed Jul 10 06:38:45 UTC 2019 /home/travis/build/icyphy/ptII/ptolemy/domains/continuous/test/auto/ContinuousWithinContinuous7.xml
----------------- Instantiating /home/travis/build/icyphy/ptII/ptolemy/domains/continuous/test/auto/ContinuousWithinContinuous7.xml
56 ms. Memory: 378880K Free: 342372K (90%)
----------------- Invoking toplevel() on ptolemy.moml.MoMLSimpleApplication@2aa93e46
----------------- Done invoking toplevel() on ptolemy.moml.MoMLSimpleApplication@2aa93e46
reloadAllAccessors: .ContinuousWithinContinuous7

===========================================================================================
----------------- testing Wed Jul 10 06:38:45 UTC 2019 /home/travis/build/icyphy/ptII/ptolemy/domains/continuous/test/auto/DCMotor.xml
----------------- Instantiating /home/travis/build/icyphy/ptII/ptolemy/domains/continuous/test/auto/DCMotor.xml
14797 ms. Memory: 378880K Free: 237555K (63%)
----------------- Invoking toplevel() on ptolemy.moml.MoMLSimpleApplication@468d4fa2
----------------- Done invoking toplevel() on ptolemy.moml.MoMLSimpleApplication@468d4fa2
reloadAllAccessors: .DCMotor

===========================================================================================
----------------- testing Wed Jul 10 06:39:00 UTC 2019 /home/travis/build/icyphy/ptII/ptolemy/domains/continuous/test/auto/DEInContinuous.xml
----------------- Instantiating /home/travis/build/icyphy/ptII/ptolemy/domains/continuous/test/auto/DEInContinuous.xml
9 ms. Memory: 378880K Free: 231411K (61%)
----------------- Invoking toplevel() on ptolemy.moml.MoMLSimpleApplication@17c8237c
----------------- Done invoking toplevel() on ptolemy.moml.MoMLSimpleApplication@17c8237c
reloadAllAccessors: .DEInContinuous

===========================================================================================
----------------- testing Wed Jul 10 06:39:00 UTC 2019 /home/travis/build/icyphy/ptII/ptolemy/domains/continuous/test/auto/DEinContinuous2.xml
----------------- Instantiating /home/travis/build/icyphy/ptII/ptolemy/domains/continuous/test/auto/DEinContinuous2.xml
7 ms. Memory: 378880K Free: 223733K (59%)
----------------- Invoking toplevel() on ptolemy.moml.MoMLSimpleApplication@334c5b29
----------------- Done invoking toplevel() on ptolemy.moml.MoMLSimpleApplication@334c5b29
reloadAllAccessors: .DEinContinuous2

===========================================================================================
----------------- testing Wed Jul 10 06:39:00 UTC 2019 /home/travis/build/icyphy/ptII/ptolemy/domains/continuous/test/auto/Derivative.xml
----------------- Instantiating /home/travis/build/icyphy/ptII/ptolemy/domains/continuous/test/auto/Derivative.xml
154 ms. Memory: 378880K Free: 195061K (51%)
----------------- Invoking toplevel() on ptolemy.moml.MoMLSimpleApplication@27278c71
----------------- Done invoking toplevel() on ptolemy.moml.MoMLSimpleApplication@27278c71
reloadAllAccessors: .Derivative2

===========================================================================================
----------------- testing Wed Jul 10 06:39:00 UTC 2019 /home/travis/build/icyphy/ptII/ptolemy/domains/continuous/test/auto/Derivative1.xml
----------------- Instantiating /home/travis/build/icyphy/ptII/ptolemy/domains/continuous/test/auto/Derivative1.xml
18 ms. Memory: 378880K Free: 180725K (48%)
----------------- Invoking toplevel() on ptolemy.moml.MoMLSimpleApplication@7d488884
----------------- Done invoking toplevel() on ptolemy.moml.MoMLSimpleApplication@7d488884
reloadAllAccessors: .Derivative1

===========================================================================================
----------------- testing Wed Jul 10 06:39:00 UTC 2019 /home/travis/build/icyphy/ptII/ptolemy/domains/continuous/test/auto/DiscreteClock.xml
----------------- Instantiating /home/travis/build/icyphy/ptII/ptolemy/domains/continuous/test/auto/DiscreteClock.xml
4 ms. Memory: 378880K Free: 175605K (46%)
----------------- Invoking toplevel() on ptolemy.moml.MoMLSimpleApplication@1d2ca613
----------------- Done invoking toplevel() on ptolemy.moml.MoMLSimpleApplication@1d2ca613
reloadAllAccessors: .DiscreteClock

===========================================================================================
----------------- testing Wed Jul 10 06:39:00 UTC 2019 /home/travis/build/icyphy/ptII/ptolemy/domains/continuous/test/auto/EfficiencyCurve.xml
----------------- Instantiating /home/travis/build/icyphy/ptII/ptolemy/domains/continuous/test/auto/EfficiencyCurve.xml
71 ms. Memory: 378880K Free: 166899K (44%)
----------------- Invoking toplevel() on ptolemy.moml.MoMLSimpleApplication@42958e2
----------------- Done invoking toplevel() on ptolemy.moml.MoMLSimpleApplication@42958e2
reloadAllAccessors: .EfficiencyCurve

===========================================================================================
----------------- testing Wed Jul 10 06:39:00 UTC 2019 /home/travis/build/icyphy/ptII/ptolemy/domains/continuous/test/auto/ExponentialResponse.xml
----------------- Instantiating /home/travis/build/icyphy/ptII/ptolemy/domains/continuous/test/auto/ExponentialResponse.xml
109 ms. Memory: 378880K Free: 151539K (40%)
----------------- Invoking toplevel() on ptolemy.moml.MoMLSimpleApplication@222229f6
----------------- Done invoking toplevel() on ptolemy.moml.MoMLSimpleApplication@222229f6
reloadAllAccessors: .ExponentialResponse

===========================================================================================
----------------- testing Wed Jul 10 06:39:00 UTC 2019 /home/travis/build/icyphy/ptII/ptolemy/domains/continuous/test/auto/ExponentialResponseRK45.xml
----------------- Instantiating /home/travis/build/icyphy/ptII/ptolemy/domains/continuous/test/auto/ExponentialResponseRK45.xml
28 ms. Memory: 378880K Free: 144885K (38%)
----------------- Invoking toplevel() on ptolemy.moml.MoMLSimpleApplication@154a1f81
----------------- Done invoking toplevel() on ptolemy.moml.MoMLSimpleApplication@154a1f81
reloadAllAccessors: .ExponentialResponseRK45

===========================================================================================
----------------- testing Wed Jul 10 06:39:01 UTC 2019 /home/travis/build/icyphy/ptII/ptolemy/domains/continuous/test/auto/Friction.xml
----------------- Instantiating /home/travis/build/icyphy/ptII/ptolemy/domains/continuous/test/auto/Friction.xml
1499 ms. Memory: 378880K Free: 173159K (46%)
----------------- Invoking toplevel() on ptolemy.moml.MoMLSimpleApplication@1db79a06
----------------- Done invoking toplevel() on ptolemy.moml.MoMLSimpleApplication@1db79a06
reloadAllAccessors: .Friction

===========================================================================================
----------------- testing Wed Jul 10 06:39:02 UTC 2019 /home/travis/build/icyphy/ptII/ptolemy/domains/continuous/test/auto/FurutaPendulum.xml
----------------- Instantiating /home/travis/build/icyphy/ptII/ptolemy/domains/continuous/test/auto/FurutaPendulum.xml
3493 ms. Memory: 378880K Free: 352428K (93%)
----------------- Invoking toplevel() on ptolemy.moml.MoMLSimpleApplication@6b396aa6
----------------- Done invoking toplevel() on ptolemy.moml.MoMLSimpleApplication@6b396aa6
reloadAllAccessors: .FurutaPendulum

===========================================================================================
----------------- testing Wed Jul 10 06:39:06 UTC 2019 /home/travis/build/icyphy/ptII/ptolemy/domains/continuous/test/auto/HierarchicalExecution.xml
----------------- Instantiating /home/travis/build/icyphy/ptII/ptolemy/domains/continuous/test/auto/HierarchicalExecution.xml
1820 ms. Memory: 378880K Free: 305575K (81%)
----------------- Invoking toplevel() on ptolemy.moml.MoMLSimpleApplication@131ab200
----------------- Done invoking toplevel() on ptolemy.moml.MoMLSimpleApplication@131ab200
reloadAllAccessors: .HierarchicalExecution

===========================================================================================
----------------- testing Wed Jul 10 06:39:08 UTC 2019 /home/travis/build/icyphy/ptII/ptolemy/domains/continuous/test/auto/HybridPlant.xml
----------------- Instantiating /home/travis/build/icyphy/ptII/ptolemy/domains/continuous/test/auto/HybridPlant.xml
513 ms. Memory: 378880K Free: 266985K (70%)
----------------- Invoking toplevel() on ptolemy.moml.MoMLSimpleApplication@15081626
----------------- Done invoking toplevel() on ptolemy.moml.MoMLSimpleApplication@15081626
reloadAllAccessors: .HybridPlant

===========================================================================================
----------------- testing Wed Jul 10 06:39:09 UTC 2019 /home/travis/build/icyphy/ptII/ptolemy/domains/continuous/test/auto/Hysteresis.xml
----------------- Instantiating /home/travis/build/icyphy/ptII/ptolemy/domains/continuous/test/auto/Hysteresis.xml
153 ms. Memory: 378880K Free: 204506K (54%)
----------------- Invoking toplevel() on ptolemy.moml.MoMLSimpleApplication@7c879fc4
----------------- Done invoking toplevel() on ptolemy.moml.MoMLSimpleApplication@7c879fc4
reloadAllAccessors: .Hysteresis

===========================================================================================
----------------- testing Wed Jul 10 06:39:09 UTC 2019 /home/travis/build/icyphy/ptII/ptolemy/domains/continuous/test/auto/HysteresisWithRandomDelay.xml
----------------- Instantiating /home/travis/build/icyphy/ptII/ptolemy/domains/continuous/test/auto/HysteresisWithRandomDelay.xml
175 ms. Memory: 378880K Free: 359287K (95%)
----------------- Invoking toplevel() on ptolemy.moml.MoMLSimpleApplication@12eb006e
----------------- Done invoking toplevel() on ptolemy.moml.MoMLSimpleApplication@12eb006e
reloadAllAccessors: .HysteresisWithRandomDelay

===========================================================================================
----------------- testing Wed Jul 10 06:39:09 UTC 2019 /home/travis/build/icyphy/ptII/ptolemy/domains/continuous/test/auto/HysteresisWithRandomLosses.xml
----------------- Instantiating /home/travis/build/icyphy/ptII/ptolemy/domains/continuous/test/auto/HysteresisWithRandomLosses.xml
2282 ms. Memory: 378880K Free: 298418K (79%)
----------------- Invoking toplevel() on ptolemy.moml.MoMLSimpleApplication@39d23f6b
----------------- Done invoking toplevel() on ptolemy.moml.MoMLSimpleApplication@39d23f6b
reloadAllAccessors: .HysteresisWithRandomLosses

===========================================================================================
----------------- testing Wed Jul 10 06:39:11 UTC 2019 /home/travis/build/icyphy/ptII/ptolemy/domains/continuous/test/auto/ImmediateTransitions.xml
----------------- Instantiating /home/travis/build/icyphy/ptII/ptolemy/domains/continuous/test/auto/ImmediateTransitions.xml
11 ms. Memory: 378880K Free: 287668K (76%)
----------------- Invoking toplevel() on ptolemy.moml.MoMLSimpleApplication@48716f8d
----------------- Done invoking toplevel() on ptolemy.moml.MoMLSimpleApplication@48716f8d
reloadAllAccessors: .ImmediateTransitions

===========================================================================================
----------------- testing Wed Jul 10 06:39:11 UTC 2019 /home/travis/build/icyphy/ptII/ptolemy/domains/continuous/test/auto/ImpulseFeedback.xml
----------------- Instantiating /home/travis/build/icyphy/ptII/ptolemy/domains/continuous/test/auto/ImpulseFeedback.xml
8 ms. Memory: 378880K Free: 282034K (74%)
----------------- Invoking toplevel() on ptolemy.moml.MoMLSimpleApplication@7f8638b3
----------------- Done invoking toplevel() on ptolemy.moml.MoMLSimpleApplication@7f8638b3
reloadAllAccessors: .ImpulseFeedback

===========================================================================================
----------------- testing Wed Jul 10 06:39:11 UTC 2019 /home/travis/build/icyphy/ptII/ptolemy/domains/continuous/test/auto/ImpulseFeedback2.xml
----------------- Instantiating /home/travis/build/icyphy/ptII/ptolemy/domains/continuous/test/auto/ImpulseFeedback2.xml
8 ms. Memory: 378880K Free: 276404K (73%)
----------------- Invoking toplevel() on ptolemy.moml.MoMLSimpleApplication@4bd9c8ed
----------------- Done invoking toplevel() on ptolemy.moml.MoMLSimpleApplication@4bd9c8ed
reloadAllAccessors: .ImpulseFeedback2

===========================================================================================
----------------- testing Wed Jul 10 06:39:11 UTC 2019 /home/travis/build/icyphy/ptII/ptolemy/domains/continuous/test/auto/IncreasingRatePoisson.xml
----------------- Instantiating /home/travis/build/icyphy/ptII/ptolemy/domains/continuous/test/auto/IncreasingRatePoisson.xml
769 ms. Memory: 378880K Free: 174392K (46%)
----------------- Invoking toplevel() on ptolemy.moml.MoMLSimpleApplication@2bcceaab
----------------- Done invoking toplevel() on ptolemy.moml.MoMLSimpleApplication@2bcceaab
reloadAllAccessors: .IncreasingRatePoisson

===========================================================================================
----------------- testing Wed Jul 10 06:39:12 UTC 2019 /home/travis/build/icyphy/ptII/ptolemy/domains/continuous/test/auto/InitialStateFeedback.xml
----------------- Instantiating /home/travis/build/icyphy/ptII/ptolemy/domains/continuous/test/auto/InitialStateFeedback.xml
7 ms. Memory: 378880K Free: 169782K (45%)
----------------- Invoking toplevel() on ptolemy.moml.MoMLSimpleApplication@37fa5e79
----------------- Done invoking toplevel() on ptolemy.moml.MoMLSimpleApplication@37fa5e79
reloadAllAccessors: .InitialStateFeedback

===========================================================================================
----------------- testing Wed Jul 10 06:39:12 UTC 2019 /home/travis/build/icyphy/ptII/ptolemy/domains/continuous/test/auto/Integration.xml
----------------- Instantiating /home/travis/build/icyphy/ptII/ptolemy/domains/continuous/test/auto/Integration.xml
2 ms. Memory: 378880K Free: 165686K (44%)
----------------- Invoking toplevel() on ptolemy.moml.MoMLSimpleApplication@33dcafcd
----------------- Done invoking toplevel() on ptolemy.moml.MoMLSimpleApplication@33dcafcd
reloadAllAccessors: .Integration

===========================================================================================
----------------- testing Wed Jul 10 06:39:12 UTC 2019 /home/travis/build/icyphy/ptII/ptolemy/domains/continuous/test/auto/Integration2.xml
----------------- Instantiating /home/travis/build/icyphy/ptII/ptolemy/domains/continuous/test/auto/Integration2.xml
87 ms. Memory: 378880K Free: 151864K (40%)
----------------- Invoking toplevel() on ptolemy.moml.MoMLSimpleApplication@1b7e6f38
----------------- Done invoking toplevel() on ptolemy.moml.MoMLSimpleApplication@1b7e6f38
reloadAllAccessors: .Integration2

===========================================================================================
----------------- testing Wed Jul 10 06:39:12 UTC 2019 /home/travis/build/icyphy/ptII/ptolemy/domains/continuous/test/auto/Integration3.xml
----------------- Instantiating /home/travis/build/icyphy/ptII/ptolemy/domains/continuous/test/auto/Integration3.xml
2 ms. Memory: 378880K Free: 147254K (39%)
----------------- Invoking toplevel() on ptolemy.moml.MoMLSimpleApplication@1c04d035
----------------- Done invoking toplevel() on ptolemy.moml.MoMLSimpleApplication@1c04d035
reloadAllAccessors: .Integration3

===========================================================================================
----------------- testing Wed Jul 10 06:39:12 UTC 2019 /home/travis/build/icyphy/ptII/ptolemy/domains/continuous/test/auto/Integration5.xml
----------------- Instantiating /home/travis/build/icyphy/ptII/ptolemy/domains/continuous/test/auto/Integration5.xml
2 ms. Memory: 378880K Free: 143158K (38%)
----------------- Invoking toplevel() on ptolemy.moml.MoMLSimpleApplication@57276b9
----------------- Done invoking toplevel() on ptolemy.moml.MoMLSimpleApplication@57276b9
reloadAllAccessors: .Integration5

===========================================================================================
----------------- testing Wed Jul 10 06:39:12 UTC 2019 /home/travis/build/icyphy/ptII/ptolemy/domains/continuous/test/auto/IntegratorImpulse.xml
----------------- Instantiating /home/travis/build/icyphy/ptII/ptolemy/domains/continuous/test/auto/IntegratorImpulse.xml
2 ms. Memory: 378880K Free: 139032K (37%)
----------------- Invoking toplevel() on ptolemy.moml.MoMLSimpleApplication@57403464
----------------- Done invoking toplevel() on ptolemy.moml.MoMLSimpleApplication@57403464
reloadAllAccessors: .IntegratorImpulse

===========================================================================================
----------------- testing Wed Jul 10 06:39:12 UTC 2019 /home/travis/build/icyphy/ptII/ptolemy/domains/continuous/test/auto/IntegratorImpulse2.xml
----------------- Instantiating /home/travis/build/icyphy/ptII/ptolemy/domains/continuous/test/auto/IntegratorImpulse2.xml
4 ms. Memory: 378880K Free: 361117K (95%)
----------------- Invoking toplevel() on ptolemy.moml.MoMLSimpleApplication@5ebc5090
----------------- Done invoking toplevel() on ptolemy.moml.MoMLSimpleApplication@5ebc5090
reloadAllAccessors: .IntegratorImpulse2

===========================================================================================
----------------- testing Wed Jul 10 06:39:12 UTC 2019 /home/travis/build/icyphy/ptII/ptolemy/domains/continuous/test/auto/LevelCrossing1.xml
----------------- Instantiating /home/travis/build/icyphy/ptII/ptolemy/domains/continuous/test/auto/LevelCrossing1.xml
3 ms. Memory: 378880K Free: 355997K (94%)
----------------- Invoking toplevel() on ptolemy.moml.MoMLSimpleApplication@4ad74b44
----------------- Done invoking toplevel() on ptolemy.moml.MoMLSimpleApplication@4ad74b44
reloadAllAccessors: .LevelCrossing1

===========================================================================================
----------------- testing Wed Jul 10 06:39:12 UTC 2019 /home/travis/build/icyphy/ptII/ptolemy/domains/continuous/test/auto/LevelCrossing2.xml
----------------- Instantiating /home/travis/build/icyphy/ptII/ptolemy/domains/continuous/test/auto/LevelCrossing2.xml
3 ms. Memory: 378880K Free: 350877K (93%)
----------------- Invoking toplevel() on ptolemy.moml.MoMLSimpleApplication@7a4bbe
----------------- Done invoking toplevel() on ptolemy.moml.MoMLSimpleApplication@7a4bbe
reloadAllAccessors: .LevelCrossing2

===========================================================================================
----------------- testing Wed Jul 10 06:39:12 UTC 2019 /home/travis/build/icyphy/ptII/ptolemy/domains/continuous/test/auto/LevelCrossing3.xml
----------------- Instantiating /home/travis/build/icyphy/ptII/ptolemy/domains/continuous/test/auto/LevelCrossing3.xml
2 ms. Memory: 378880K Free: 345757K (91%)
----------------- Invoking toplevel() on ptolemy.moml.MoMLSimpleApplication@2b99d541
----------------- Done invoking toplevel() on ptolemy.moml.MoMLSimpleApplication@2b99d541
reloadAllAccessors: .LevelCrossing3

===========================================================================================
----------------- testing Wed Jul 10 06:39:12 UTC 2019 /home/travis/build/icyphy/ptII/ptolemy/domains/continuous/test/auto/LevelCrossing4.xml
----------------- Instantiating /home/travis/build/icyphy/ptII/ptolemy/domains/continuous/test/auto/LevelCrossing4.xml
4 ms. Memory: 378880K Free: 340637K (90%)
----------------- Invoking toplevel() on ptolemy.moml.MoMLSimpleApplication@e632682
----------------- Done invoking toplevel() on ptolemy.moml.MoMLSimpleApplication@e632682
reloadAllAccessors: .LevelCrossing4

===========================================================================================
----------------- testing Wed Jul 10 06:39:12 UTC 2019 /home/travis/build/icyphy/ptII/ptolemy/domains/continuous/test/auto/LevelCrossing5.xml
----------------- Instantiating /home/travis/build/icyphy/ptII/ptolemy/domains/continuous/test/auto/LevelCrossing5.xml
3 ms. Memory: 378880K Free: 335517K (89%)
----------------- Invoking toplevel() on ptolemy.moml.MoMLSimpleApplication@78685647
----------------- Done invoking toplevel() on ptolemy.moml.MoMLSimpleApplication@78685647
reloadAllAccessors: .LevelCrossing5

===========================================================================================
[...]
----------------- Instantiating /home/travis/build/icyphy/ptII/ptolemy/domains/continuous/test/auto/SRinContinuous.xml
4 ms. Memory: 378880K Free: 265401K (70%)
----------------- Invoking toplevel() on ptolemy.moml.MoMLSimpleApplication@e8d3a84
----------------- Done invoking toplevel() on ptolemy.moml.MoMLSimpleApplication@e8d3a84
reloadAllAccessors: .SRinContinuous

===========================================================================================
----------------- testing Wed Jul 10 06:39:30 UTC 2019 /home/travis/build/icyphy/ptII/ptolemy/domains/continuous/test/auto/SampledClocks.xml
----------------- Instantiating /home/travis/build/icyphy/ptII/ptolemy/domains/continuous/test/auto/SampledClocks.xml
7 ms. Memory: 378880K Free: 252603K (67%)
----------------- Invoking toplevel() on ptolemy.moml.MoMLSimpleApplication@77d394b
----------------- Done invoking toplevel() on ptolemy.moml.MoMLSimpleApplication@77d394b
reloadAllAccessors: .SampledClocks

===========================================================================================
----------------- testing Wed Jul 10 06:39:30 UTC 2019 /home/travis/build/icyphy/ptII/ptolemy/domains/continuous/test/auto/Satellite.xml
----------------- Instantiating /home/travis/build/icyphy/ptII/ptolemy/domains/continuous/test/auto/Satellite.xml
827 ms. Memory: 378880K Free: 287647K (76%)
----------------- Invoking toplevel() on ptolemy.moml.MoMLSimpleApplication@5ab31536
----------------- Done invoking toplevel() on ptolemy.moml.MoMLSimpleApplication@5ab31536
reloadAllAccessors: .Satellite

===========================================================================================
----------------- testing Wed Jul 10 06:39:30 UTC 2019 /home/travis/build/icyphy/ptII/ptolemy/domains/continuous/test/auto/SigmaDelta.xml
----------------- Instantiating /home/travis/build/icyphy/ptII/ptolemy/domains/continuous/test/auto/SigmaDelta.xml
2327 ms. Memory: 378880K Free: 247843K (65%)
----------------- Invoking toplevel() on ptolemy.moml.MoMLSimpleApplication@6eda7efb
----------------- Done invoking toplevel() on ptolemy.moml.MoMLSimpleApplication@6eda7efb
reloadAllAccessors: .SigmaDelta

===========================================================================================
----------------- testing Wed Jul 10 06:39:33 UTC 2019 /home/travis/build/icyphy/ptII/ptolemy/domains/continuous/test/auto/SingleRefinement.xml
----------------- Instantiating /home/travis/build/icyphy/ptII/ptolemy/domains/continuous/test/auto/SingleRefinement.xml
326 ms. Memory: 378880K Free: 288843K (76%)
----------------- Invoking toplevel() on ptolemy.moml.MoMLSimpleApplication@c0ec160
----------------- Done invoking toplevel() on ptolemy.moml.MoMLSimpleApplication@c0ec160
reloadAllAccessors: .SingleRefinement

===========================================================================================
----------------- testing Wed Jul 10 06:39:33 UTC 2019 /home/travis/build/icyphy/ptII/ptolemy/domains/continuous/test/auto/SinuBouncingBall.xml
----------------- Instantiating /home/travis/build/icyphy/ptII/ptolemy/domains/continuous/test/auto/SinuBouncingBall.xml
804 ms. Memory: 378880K Free: 298162K (79%)
----------------- Invoking toplevel() on ptolemy.moml.MoMLSimpleApplication@336168c7
----------------- Done invoking toplevel() on ptolemy.moml.MoMLSimpleApplication@336168c7
reloadAllAccessors: .SinuBouncingBall

===========================================================================================
----------------- testing Wed Jul 10 06:39:34 UTC 2019 /home/travis/build/icyphy/ptII/ptolemy/domains/continuous/test/auto/Sinusoid.xml
----------------- Instantiating /home/travis/build/icyphy/ptII/ptolemy/domains/continuous/test/auto/Sinusoid.xml
4 ms. Memory: 378880K Free: 293556K (77%)
----------------- Invoking toplevel() on ptolemy.moml.MoMLSimpleApplication@15f01e80
----------------- Done invoking toplevel() on ptolemy.moml.MoMLSimpleApplication@15f01e80
reloadAllAccessors: .Sinusoid

===========================================================================================
----------------- testing Wed Jul 10 06:39:34 UTC 2019 /home/travis/build/icyphy/ptII/ptolemy/domains/continuous/test/auto/SinusoidInNoise.xml
----------------- Instantiating /home/travis/build/icyphy/ptII/ptolemy/domains/continuous/test/auto/SinusoidInNoise.xml
1041 ms. Memory: 378880K Free: 153778K (41%)
----------------- Invoking toplevel() on ptolemy.moml.MoMLSimpleApplication@1bd1e656
----------------- Done invoking toplevel() on ptolemy.moml.MoMLSimpleApplication@1bd1e656
reloadAllAccessors: .SinusoidInNoise

===========================================================================================
----------------- testing Wed Jul 10 06:39:35 UTC 2019 /home/travis/build/icyphy/ptII/ptolemy/domains/continuous/test/auto/SinusoidRK45.xml
----------------- Instantiating /home/travis/build/icyphy/ptII/ptolemy/domains/continuous/test/auto/SinusoidRK45.xml
2 ms. Memory: 378880K Free: 149668K (40%)
----------------- Invoking toplevel() on ptolemy.moml.MoMLSimpleApplication@5528e1c2
----------------- Done invoking toplevel() on ptolemy.moml.MoMLSimpleApplication@5528e1c2
reloadAllAccessors: .SinusoidRK45

===========================================================================================
----------------- testing Wed Jul 10 06:39:35 UTC 2019 /home/travis/build/icyphy/ptII/ptolemy/domains/continuous/test/auto/SinusoidWithMultipleImpulses.xml
----------------- Instantiating /home/travis/build/icyphy/ptII/ptolemy/domains/continuous/test/auto/SinusoidWithMultipleImpulses.xml
3 ms. Memory: 378880K Free: 145076K (38%)
----------------- Invoking toplevel() on ptolemy.moml.MoMLSimpleApplication@59bcc2d8
----------------- Done invoking toplevel() on ptolemy.moml.MoMLSimpleApplication@59bcc2d8
reloadAllAccessors: .SinusoidWithMultipleImpulses

===========================================================================================
----------------- testing Wed Jul 10 06:39:35 UTC 2019 /home/travis/build/icyphy/ptII/ptolemy/domains/continuous/test/auto/SquareWave.xml
----------------- Instantiating /home/travis/build/icyphy/ptII/ptolemy/domains/continuous/test/auto/SquareWave.xml
174 ms. Memory: 378880K Free: 344274K (91%)
----------------- Invoking toplevel() on ptolemy.moml.MoMLSimpleApplication@72450a05
----------------- Done invoking toplevel() on ptolemy.moml.MoMLSimpleApplication@72450a05
reloadAllAccessors: .SquareWave

===========================================================================================
----------------- testing Wed Jul 10 06:39:36 UTC 2019 /home/travis/build/icyphy/ptII/ptolemy/domains/continuous/test/auto/Starmac.xml
----------------- Instantiating /home/travis/build/icyphy/ptII/ptolemy/domains/continuous/test/auto/Starmac.xml
3092 ms. Memory: 378880K Free: 252174K (67%)
----------------- Invoking toplevel() on ptolemy.moml.MoMLSimpleApplication@3cc1dd2a
----------------- Done invoking toplevel() on ptolemy.moml.MoMLSimpleApplication@3cc1dd2a
reloadAllAccessors: .Starmac

===========================================================================================
----------------- testing Wed Jul 10 06:39:39 UTC 2019 /home/travis/build/icyphy/ptII/ptolemy/domains/continuous/test/auto/StaticUnits.xml
----------------- Instantiating /home/travis/build/icyphy/ptII/ptolemy/domains/continuous/test/auto/StaticUnits.xml
2594 ms. Memory: 454656K Free: 308274K (68%)
----------------- Invoking toplevel() on ptolemy.moml.MoMLSimpleApplication@42bb316a
----------------- Done invoking toplevel() on ptolemy.moml.MoMLSimpleApplication@42bb316a
reloadAllAccessors: .StaticUnits

===========================================================================================
----------------- testing Wed Jul 10 06:39:42 UTC 2019 /home/travis/build/icyphy/ptII/ptolemy/domains/continuous/test/auto/StickyMasses.xml
----------------- Instantiating /home/travis/build/icyphy/ptII/ptolemy/domains/continuous/test/auto/StickyMasses.xml
138 ms. Memory: 454656K Free: 258098K (57%)
----------------- Invoking toplevel() on ptolemy.moml.MoMLSimpleApplication@2694949a
----------------- Done invoking toplevel() on ptolemy.moml.MoMLSimpleApplication@2694949a
reloadAllAccessors: .StickyMasses

===========================================================================================
----------------- testing Wed Jul 10 06:39:42 UTC 2019 /home/travis/build/icyphy/ptII/ptolemy/domains/continuous/test/auto/StopTime.xml
----------------- Instantiating /home/travis/build/icyphy/ptII/ptolemy/domains/continuous/test/auto/StopTime.xml
46 ms. Memory: 454656K Free: 233012K (51%)
----------------- Invoking toplevel() on ptolemy.moml.MoMLSimpleApplication@284874b6
----------------- Done invoking toplevel() on ptolemy.moml.MoMLSimpleApplication@284874b6
reloadAllAccessors: .StopTime

===========================================================================================
----------------- testing Wed Jul 10 06:39:42 UTC 2019 /home/travis/build/icyphy/ptII/ptolemy/domains/continuous/test/auto/StopTime2.xml
----------------- Instantiating /home/travis/build/icyphy/ptII/ptolemy/domains/continuous/test/auto/StopTime2.xml
40 ms. Memory: 454656K Free: 210988K (46%)
----------------- Invoking toplevel() on ptolemy.moml.MoMLSimpleApplication@164f475e
----------------- Done invoking toplevel() on ptolemy.moml.MoMLSimpleApplication@164f475e
reloadAllAccessors: .StopTime2

===========================================================================================
----------------- testing Wed Jul 10 06:39:42 UTC 2019 /home/travis/build/icyphy/ptII/ptolemy/domains/continuous/test/auto/Switch.xml
----------------- Instantiating /home/travis/build/icyphy/ptII/ptolemy/domains/continuous/test/auto/Switch.xml
51 ms. Memory: 454656K Free: 186388K (41%)
----------------- Invoking toplevel() on ptolemy.moml.MoMLSimpleApplication@595e8cbb
----------------- Done invoking toplevel() on ptolemy.moml.MoMLSimpleApplication@595e8cbb
reloadAllAccessors: .Switch

===========================================================================================
----------------- testing Wed Jul 10 06:39:42 UTC 2019 /home/travis/build/icyphy/ptII/ptolemy/domains/continuous/test/auto/Thermostat.xml
----------------- Instantiating /home/travis/build/icyphy/ptII/ptolemy/domains/continuous/test/auto/Thermostat.xml
208 ms. Memory: 454656K Free: 380789K (84%)
----------------- Invoking toplevel() on ptolemy.moml.MoMLSimpleApplication@44b01df
----------------- Done invoking toplevel() on ptolemy.moml.MoMLSimpleApplication@44b01df
reloadAllAccessors: .Thermostat

===========================================================================================
----------------- testing Wed Jul 10 06:39:43 UTC 2019 /home/travis/build/icyphy/ptII/ptolemy/domains/continuous/test/auto/TimeDelay.xml
----------------- Instantiating /home/travis/build/icyphy/ptII/ptolemy/domains/continuous/test/auto/TimeDelay.xml
6 ms. Memory: 454656K Free: 375852K (83%)
----------------- Invoking toplevel() on ptolemy.moml.MoMLSimpleApplication@687b89b1
----------------- Done invoking toplevel() on ptolemy.moml.MoMLSimpleApplication@687b89b1
reloadAllAccessors: .TimeDelay

===========================================================================================
----------------- testing Wed Jul 10 06:39:43 UTC 2019 /home/travis/build/icyphy/ptII/ptolemy/domains/continuous/test/auto/TimeDelay2.xml
----------------- Instantiating /home/travis/build/icyphy/ptII/ptolemy/domains/continuous/test/auto/TimeDelay2.xml
7 ms. Memory: 454656K Free: 366126K (81%)
----------------- Invoking toplevel() on ptolemy.moml.MoMLSimpleApplication@6a562667
----------------- Done invoking toplevel() on ptolemy.moml.MoMLSimpleApplication@6a562667
reloadAllAccessors: .TimeDelay2

===========================================================================================
----------------- testing Wed Jul 10 06:39:43 UTC 2019 /home/travis/build/icyphy/ptII/ptolemy/domains/continuous/test/auto/TimeDelay3.xml
----------------- Instantiating /home/travis/build/icyphy/ptII/ptolemy/domains/continuous/test/auto/TimeDelay3.xml
5 ms. Memory: 454656K Free: 361499K (80%)
----------------- Invoking toplevel() on ptolemy.moml.MoMLSimpleApplication@3ee0b3a9
----------------- Done invoking toplevel() on ptolemy.moml.MoMLSimpleApplication@3ee0b3a9
reloadAllAccessors: .TimeDelay3

===========================================================================================
----------------- testing Wed Jul 10 06:39:43 UTC 2019 /home/travis/build/icyphy/ptII/ptolemy/domains/continuous/test/auto/TransferAbsentToInside.xml
----------------- Instantiating /home/travis/build/icyphy/ptII/ptolemy/domains/continuous/test/auto/TransferAbsentToInside.xml
28 ms. Memory: 454656K Free: 307758K (68%)
----------------- Invoking toplevel() on ptolemy.moml.MoMLSimpleApplication@2758b013
----------------- Done invoking toplevel() on ptolemy.moml.MoMLSimpleApplication@2758b013
reloadAllAccessors: .TransferAbsentToInside

===========================================================================================
----------------- testing Wed Jul 10 06:39:43 UTC 2019 /home/travis/build/icyphy/ptII/ptolemy/domains/continuous/test/auto/Transmission.xml
----------------- Instantiating /home/travis/build/icyphy/ptII/ptolemy/domains/continuous/test/auto/Transmission.xml
778 ms. Memory: 454656K Free: 339483K (75%)
----------------- Invoking toplevel() on ptolemy.moml.MoMLSimpleApplication@59de1baf
----------------- Done invoking toplevel() on ptolemy.moml.MoMLSimpleApplication@59de1baf
reloadAllAccessors: .Transmission

===========================================================================================
----------------- testing Wed Jul 10 06:39:44 UTC 2019 /home/travis/build/icyphy/ptII/ptolemy/domains/continuous/test/auto/TriggeredContinuousClock.xml
----------------- Instantiating /home/travis/build/icyphy/ptII/ptolemy/domains/continuous/test/auto/TriggeredContinuousClock.xml
36 ms. Memory: 454656K Free: 309787K (68%)
----------------- Invoking toplevel() on ptolemy.moml.MoMLSimpleApplication@677473f4
----------------- Done invoking toplevel() on ptolemy.moml.MoMLSimpleApplication@677473f4
reloadAllAccessors: .TriggeredContinuousClock

===========================================================================================
----------------- testing Wed Jul 10 06:39:44 UTC 2019 /home/travis/build/icyphy/ptII/ptolemy/domains/continuous/test/auto/TwoMachineInfiniteBusControl.xml
----------------- Instantiating /home/travis/build/icyphy/ptII/ptolemy/domains/continuous/test/auto/TwoMachineInfiniteBusControl.xml
2721 ms. Memory: 454656K Free: 271308K (60%)
----------------- Invoking toplevel() on ptolemy.moml.MoMLSimpleApplication@2e42cd9c
----------------- Done invoking toplevel() on ptolemy.moml.MoMLSimpleApplication@2e42cd9c
reloadAllAccessors: .TwoMachineInfiniteBusControl

===========================================================================================
----------------- testing Wed Jul 10 06:39:46 UTC 2019 /home/travis/build/icyphy/ptII/ptolemy/domains/continuous/test/auto/V2V.xml
----------------- Instantiating /home/travis/build/icyphy/ptII/ptolemy/domains/continuous/test/auto/V2V.xml
817 ms. Memory: 454656K Free: 347071K (76%)
----------------- Invoking toplevel() on ptolemy.moml.MoMLSimpleApplication@69a08363
----------------- Done invoking toplevel() on ptolemy.moml.MoMLSimpleApplication@69a08363
reloadAllAccessors: .V2V

===========================================================================================
----------------- testing Wed Jul 10 06:39:47 UTC 2019 /home/travis/build/icyphy/ptII/ptolemy/domains/continuous/test/auto/hierarchicalModalModel.xml
----------------- Instantiating /home/travis/build/icyphy/ptII/ptolemy/domains/continuous/test/auto/hierarchicalModalModel.xml
8 ms. Memory: 454656K Free: 332207K (73%)
----------------- Invoking toplevel() on ptolemy.moml.MoMLSimpleApplication@16bcc18b
----------------- Done invoking toplevel() on ptolemy.moml.MoMLSimpleApplication@16bcc18b
reloadAllAccessors: .hierarchicalModalModel

===========================================================================================
----------------- testing Wed Jul 10 06:39:47 UTC 2019 /home/travis/build/icyphy/ptII/ptolemy/domains/continuous/test/auto/hierarchicalModalModel1.xml
----------------- Instantiating /home/travis/build/icyphy/ptII/ptolemy/domains/continuous/test/auto/hierarchicalModalModel1.xml
8 ms. Memory: 454656K Free: 317885K (70%)
----------------- Invoking toplevel() on ptolemy.moml.MoMLSimpleApplication@20b3e0cf
----------------- Done invoking toplevel() on ptolemy.moml.MoMLSimpleApplication@20b3e0cf
reloadAllAccessors: .hierarchicalModalModel1

===========================================================================================
----------------- testing Wed Jul 10 06:39:47 UTC 2019 /home/travis/build/icyphy/ptII/ptolemy/domains/continuous/test/auto/hierarchicalModalModel2.xml
----------------- Instantiating /home/travis/build/icyphy/ptII/ptolemy/domains/continuous/test/auto/hierarchicalModalModel2.xml
6 ms. Memory: 454656K Free: 305567K (67%)
----------------- Invoking toplevel() on ptolemy.moml.MoMLSimpleApplication@16ad53ac
----------------- Done invoking toplevel() on ptolemy.moml.MoMLSimpleApplication@16ad53ac
reloadAllAccessors: .hierarchicalModalModel2

===========================================================================================
----------------- testing Wed Jul 10 06:39:47 UTC 2019 /home/travis/build/icyphy/ptII/ptolemy/domains/continuous/test/auto/hierarchicalModalModel3.xml
----------------- Instantiating /home/travis/build/icyphy/ptII/ptolemy/domains/continuous/test/auto/hierarchicalModalModel3.xml
5 ms. Memory: 454656K Free: 294847K (65%)
----------------- Invoking toplevel() on ptolemy.moml.MoMLSimpleApplication@29ad8915
----------------- Done invoking toplevel() on ptolemy.moml.MoMLSimpleApplication@29ad8915
reloadAllAccessors: .hierarchicalModalModel3

===========================================================================================
----------------- testing Wed Jul 10 06:39:47 UTC 2019 /home/travis/build/icyphy/ptII/ptolemy/domains/continuous/test/auto/hierarchicalModalModel4.xml
----------------- Instantiating /home/travis/build/icyphy/ptII/ptolemy/domains/continuous/test/auto/hierarchicalModalModel4.xml
5 ms. Memory: 454656K Free: 283069K (62%)
----------------- Invoking toplevel() on ptolemy.moml.MoMLSimpleApplication@4fb83c29
----------------- Done invoking toplevel() on ptolemy.moml.MoMLSimpleApplication@4fb83c29
reloadAllAccessors: .hierarchicalModalModel4

===========================================================================================
----------------- testing Wed Jul 10 06:39:47 UTC 2019 /home/travis/build/icyphy/ptII/ptolemy/domains/continuous/test/auto/junk.xml
----------------- Instantiating /home/travis/build/icyphy/ptII/ptolemy/domains/continuous/test/auto/junk.xml
144 ms. Memory: 454656K Free: 257469K (57%)
----------------- Invoking toplevel() on ptolemy.moml.MoMLSimpleApplication@dcbb2ba
----------------- Done invoking toplevel() on ptolemy.moml.MoMLSimpleApplication@dcbb2ba
reloadAllAccessors: .junk
AutoTests.java: About to close Vertx.
AutoTests.java: Vertx closed.
]]></system-out>
  <system-err><![CDATA[Warning: '.HysteresisWithRandomDelay.NonStrictTest' The test produced only 221 tokens, yet the correctValues parameter was expecting 222 tokens.
Warning: '.HysteresisWithRandomDelay.NonStrictTest2' The test produced only 220 tokens, yet the correctValues parameter was expecting 221 tokens.
Warning: '.HysteresisWithRandomDelay.NonStrictTest3' The test produced only 24 tokens, yet the correctValues parameter was expecting 30 tokens.
Warning: '.Poisson.NonStrictTest' The test produced only 389 tokens, yet the correctValues parameter was expecting 430 tokens.
]]></system-err>
</testsuite>
