<?xml version="1.0" encoding="UTF-8" ?>
<testsuite errors="0" failures="0" hostname="travis-job-e7098808-fa80-44a1-be03-871c4acd582b" name="ptolemy.actor.lib.hoc.test.junit.JUnitTclTest" skipped="0" tests="58" time="24.252" timestamp="2018-06-11T23:59:02">
  <properties>
[...]
</properties>
  <testcase classname="ptolemy.util.test.junit.TclTests" name="[0] /home/travis/build/icyphy/ptII/ptolemy/actor/lib/hoc/test/IterateOverArray.tcl (RunTclFile)" time="0.27" />
  <testcase classname="ptolemy.util.test.junit.AutoKnownFailedTests" name="[0] /home/travis/build/icyphy/ptII/ptolemy/actor/lib/hoc/test/auto/knownFailedTests/PreinitializeMustBeInvokedRunComposite.xml (RunModel)" time="0.228" />
  <testcase classname="ptolemy.util.test.junit.AutoNameArchTests" name="[0] ThereAreNoAutoArchTests (RunModel)" time="0.0" />
  <testcase classname="ptolemy.util.test.junit.AutoTests" name="[0] /home/travis/build/icyphy/ptII/ptolemy/actor/lib/hoc/test/auto/AllToAllMultiInstanceComposite.xml (RunModel)" time="0.296" />
  <testcase classname="ptolemy.util.test.junit.AutoTests" name="[1] /home/travis/build/icyphy/ptII/ptolemy/actor/lib/hoc/test/auto/ApplyFFTTest.xml (RunModel)" time="0.288" />
  <testcase classname="ptolemy.util.test.junit.AutoTests" name="[2] /home/travis/build/icyphy/ptII/ptolemy/actor/lib/hoc/test/auto/ApplyFunction.xml (RunModel)" time="0.064" />
  <testcase classname="ptolemy.util.test.junit.AutoTests" name="[3] /home/travis/build/icyphy/ptII/ptolemy/actor/lib/hoc/test/auto/BackgroundExecution.xml (RunModel)" time="0.754" />
  <testcase classname="ptolemy.util.test.junit.AutoTests" name="[4] /home/travis/build/icyphy/ptII/ptolemy/actor/lib/hoc/test/auto/Case.xml (RunModel)" time="0.069" />
  <testcase classname="ptolemy.util.test.junit.AutoTests" name="[5] /home/travis/build/icyphy/ptII/ptolemy/actor/lib/hoc/test/auto/Case1.xml (RunModel)" time="0.03" />
  <testcase classname="ptolemy.util.test.junit.AutoTests" name="[6] /home/travis/build/icyphy/ptII/ptolemy/actor/lib/hoc/test/auto/Case2.xml (RunModel)" time="0.055" />
  <testcase classname="ptolemy.util.test.junit.AutoTests" name="[7] /home/travis/build/icyphy/ptII/ptolemy/actor/lib/hoc/test/auto/Case3.xml (RunModel)" time="0.031" />
  <testcase classname="ptolemy.util.test.junit.AutoTests" name="[8] /home/travis/build/icyphy/ptII/ptolemy/actor/lib/hoc/test/auto/Case4.xml (RunModel)" time="0.052" />
  <testcase classname="ptolemy.util.test.junit.AutoTests" name="[9] /home/travis/build/icyphy/ptII/ptolemy/actor/lib/hoc/test/auto/Case5.xml (RunModel)" time="0.08" />
  <testcase classname="ptolemy.util.test.junit.AutoTests" name="[10] /home/travis/build/icyphy/ptII/ptolemy/actor/lib/hoc/test/auto/Case6.xml (RunModel)" time="0.118" />
  <testcase classname="ptolemy.util.test.junit.AutoTests" name="[11] /home/travis/build/icyphy/ptII/ptolemy/actor/lib/hoc/test/auto/CaseString2.xml (RunModel)" time="0.063" />
  <testcase classname="ptolemy.util.test.junit.AutoTests" name="[12] /home/travis/build/icyphy/ptII/ptolemy/actor/lib/hoc/test/auto/CatchUpComposite1.xml (RunModel)" time="0.081" />
  <testcase classname="ptolemy.util.test.junit.AutoTests" name="[13] /home/travis/build/icyphy/ptII/ptolemy/actor/lib/hoc/test/auto/CatchUpComposite2.xml (RunModel)" time="0.042" />
  <testcase classname="ptolemy.util.test.junit.AutoTests" name="[14] /home/travis/build/icyphy/ptII/ptolemy/actor/lib/hoc/test/auto/CatchUpComposite3.xml (RunModel)" time="0.056" />
  <testcase classname="ptolemy.util.test.junit.AutoTests" name="[15] /home/travis/build/icyphy/ptII/ptolemy/actor/lib/hoc/test/auto/CatchUpComposite4.xml (RunModel)" time="0.061" />
  <testcase classname="ptolemy.util.test.junit.AutoTests" name="[16] /home/travis/build/icyphy/ptII/ptolemy/actor/lib/hoc/test/auto/CatchUpComposite5.xml (RunModel)" time="0.042" />
  <testcase classname="ptolemy.util.test.junit.AutoTests" name="[17] /home/travis/build/icyphy/ptII/ptolemy/actor/lib/hoc/test/auto/CatchUpComposite6.xml (RunModel)" time="0.159" />
  <testcase classname="ptolemy.util.test.junit.AutoTests" name="[18] /home/travis/build/icyphy/ptII/ptolemy/actor/lib/hoc/test/auto/CatchUpComposite7.xml (RunModel)" time="0.105" />
  <testcase classname="ptolemy.util.test.junit.AutoTests" name="[19] /home/travis/build/icyphy/ptII/ptolemy/actor/lib/hoc/test/auto/ConcurrentExecutionTimeSDF.xml (RunModel)" time="1.431" />
  <testcase classname="ptolemy.util.test.junit.AutoTests" name="[20] /home/travis/build/icyphy/ptII/ptolemy/actor/lib/hoc/test/auto/ConcurrentSleep.xml (RunModel)" time="0.784" />
  <testcase classname="ptolemy.util.test.junit.AutoTests" name="[21] /home/travis/build/icyphy/ptII/ptolemy/actor/lib/hoc/test/auto/DEInPNInRunCompositeActor.xml (RunModel)" time="0.06" />
  <testcase classname="ptolemy.util.test.junit.AutoTests" name="[22] /home/travis/build/icyphy/ptII/ptolemy/actor/lib/hoc/test/auto/DFTSubSetTest.xml (RunModel)" time="0.295" />
  <testcase classname="ptolemy.util.test.junit.AutoTests" name="[23] /home/travis/build/icyphy/ptII/ptolemy/actor/lib/hoc/test/auto/HocDE.xml (RunModel)" time="0.177" />
  <testcase classname="ptolemy.util.test.junit.AutoTests" name="[24] /home/travis/build/icyphy/ptII/ptolemy/actor/lib/hoc/test/auto/IterateOverArray.xml (RunModel)" time="0.035" />
  <testcase classname="ptolemy.util.test.junit.AutoTests" name="[25] /home/travis/build/icyphy/ptII/ptolemy/actor/lib/hoc/test/auto/IterateOverArray10.xml (RunModel)" time="0.024" />
  <testcase classname="ptolemy.util.test.junit.AutoTests" name="[26] /home/travis/build/icyphy/ptII/ptolemy/actor/lib/hoc/test/auto/IterateOverArray11.xml (RunModel)" time="0.02" />
  <testcase classname="ptolemy.util.test.junit.AutoTests" name="[27] /home/travis/build/icyphy/ptII/ptolemy/actor/lib/hoc/test/auto/IterateOverArray12.xml (RunModel)" time="0.047" />
  <testcase classname="ptolemy.util.test.junit.AutoTests" name="[28] /home/travis/build/icyphy/ptII/ptolemy/actor/lib/hoc/test/auto/IterateOverArray13.xml (RunModel)" time="0.171" />
  <testcase classname="ptolemy.util.test.junit.AutoTests" name="[29] /home/travis/build/icyphy/ptII/ptolemy/actor/lib/hoc/test/auto/IterateOverArray14.xml (RunModel)" time="0.141" />
  <testcase classname="ptolemy.util.test.junit.AutoTests" name="[30] /home/travis/build/icyphy/ptII/ptolemy/actor/lib/hoc/test/auto/IterateOverArray2.xml (RunModel)" time="0.029" />
  <testcase classname="ptolemy.util.test.junit.AutoTests" name="[31] /home/travis/build/icyphy/ptII/ptolemy/actor/lib/hoc/test/auto/IterateOverArray3.xml (RunModel)" time="0.043" />
  <testcase classname="ptolemy.util.test.junit.AutoTests" name="[32] /home/travis/build/icyphy/ptII/ptolemy/actor/lib/hoc/test/auto/IterateOverArray4.xml (RunModel)" time="0.026" />
  <testcase classname="ptolemy.util.test.junit.AutoTests" name="[33] /home/travis/build/icyphy/ptII/ptolemy/actor/lib/hoc/test/auto/IterateOverArray5.xml (RunModel)" time="0.024" />
  <testcase classname="ptolemy.util.test.junit.AutoTests" name="[34] /home/travis/build/icyphy/ptII/ptolemy/actor/lib/hoc/test/auto/IterateOverArray6.xml (RunModel)" time="0.016" />
  <testcase classname="ptolemy.util.test.junit.AutoTests" name="[35] /home/travis/build/icyphy/ptII/ptolemy/actor/lib/hoc/test/auto/IterateOverArray7.xml (RunModel)" time="0.022" />
  <testcase classname="ptolemy.util.test.junit.AutoTests" name="[36] /home/travis/build/icyphy/ptII/ptolemy/actor/lib/hoc/test/auto/IterateOverArray8.xml (RunModel)" time="0.026" />
  <testcase classname="ptolemy.util.test.junit.AutoTests" name="[37] /home/travis/build/icyphy/ptII/ptolemy/actor/lib/hoc/test/auto/IterateOverArray9.xml (RunModel)" time="0.028" />
  <testcase classname="ptolemy.util.test.junit.AutoTests" name="[38] /home/travis/build/icyphy/ptII/ptolemy/actor/lib/hoc/test/auto/IterateOverArrayCoercedOutputType.xml (RunModel)" time="0.042" />
  <testcase classname="ptolemy.util.test.junit.AutoTests" name="[39] /home/travis/build/icyphy/ptII/ptolemy/actor/lib/hoc/test/auto/IterateOverArrayInferredOutputType.xml (RunModel)" time="0.042" />
  <testcase classname="ptolemy.util.test.junit.AutoTests" name="[40] /home/travis/build/icyphy/ptII/ptolemy/actor/lib/hoc/test/auto/MobileFunctionTest.xml (RunModel)" time="0.025" />
  <testcase classname="ptolemy.util.test.junit.AutoTests" name="[41] /home/travis/build/icyphy/ptII/ptolemy/actor/lib/hoc/test/auto/MobileModelTest.xml (RunModel)" time="0.133" />
  <testcase classname="ptolemy.util.test.junit.AutoTests" name="[42] /home/travis/build/icyphy/ptII/ptolemy/actor/lib/hoc/test/auto/ModelReference.xml (RunModel)" time="0.067" />
  <testcase classname="ptolemy.util.test.junit.AutoTests" name="[43] /home/travis/build/icyphy/ptII/ptolemy/actor/lib/hoc/test/auto/ModelReference3.xml (RunModel)" time="0.06" />
  <testcase classname="ptolemy.util.test.junit.AutoTests" name="[44] /home/travis/build/icyphy/ptII/ptolemy/actor/lib/hoc/test/auto/ModelReference4.xml (RunModel)" time="10.047" />
  <testcase classname="ptolemy.util.test.junit.AutoTests" name="[45] /home/travis/build/icyphy/ptII/ptolemy/actor/lib/hoc/test/auto/MultiInstanceComposite.xml (RunModel)" time="0.044" />
  <testcase classname="ptolemy.util.test.junit.AutoTests" name="[46] /home/travis/build/icyphy/ptII/ptolemy/actor/lib/hoc/test/auto/MultiInstanceComposite2.xml (RunModel)" time="0.042" />
  <testcase classname="ptolemy.util.test.junit.AutoTests" name="[47] /home/travis/build/icyphy/ptII/ptolemy/actor/lib/hoc/test/auto/MulticoreExecution.xml (RunModel)" time="1.07" />
  <testcase classname="ptolemy.util.test.junit.AutoTests" name="[48] /home/travis/build/icyphy/ptII/ptolemy/actor/lib/hoc/test/auto/ParallelExecution.xml (RunModel)" time="0.954" />
  <testcase classname="ptolemy.util.test.junit.AutoTests" name="[49] /home/travis/build/icyphy/ptII/ptolemy/actor/lib/hoc/test/auto/RunCompositeActor.xml (RunModel)" time="0.076" />
  <testcase classname="ptolemy.util.test.junit.AutoTests" name="[50] /home/travis/build/icyphy/ptII/ptolemy/actor/lib/hoc/test/auto/RunCompositeActor2.xml (RunModel)" time="0.027" />
  <testcase classname="ptolemy.util.test.junit.AutoTests" name="[51] /home/travis/build/icyphy/ptII/ptolemy/actor/lib/hoc/test/auto/RunCompositeActor3.xml (RunModel)" time="0.017" />
  <testcase classname="ptolemy.util.test.junit.AutoTests" name="[52] /home/travis/build/icyphy/ptII/ptolemy/actor/lib/hoc/test/auto/RunCompositeActor4.xml (RunModel)" time="0.027" />
  <testcase classname="ptolemy.util.test.junit.AutoTests" name="[53] /home/travis/build/icyphy/ptII/ptolemy/actor/lib/hoc/test/auto/RunCompositeIterateOverArray.xml (RunModel)" time="0.024" />
  <testcase classname="ptolemy.util.test.junit.AutoTests" name="[54] /home/travis/build/icyphy/ptII/ptolemy/actor/lib/hoc/test/auto/ThreadedJS.xml (RunModel)" time="4.682" />
  <system-out><![CDATA[/home/travis/build/icyphy/ptII/ptolemy/actor/lib/hoc/test/IterateOverArray.tcl
testDefs.tcl: setting time out to 9000 seconds at Mon Jun 11 23:59:02 UTC 2018
06/11/18 11:59:02
Failed: 0  Total Tests: 2  ((Passed: 2, Newly Passed: 0)  Known Failed: 0) /home/travis/build/icyphy/ptII/ptolemy/actor/lib/hoc/test
----------------- testing (KnownFailure) /home/travis/build/icyphy/ptII/ptolemy/actor/lib/hoc/test/auto/knownFailedTests/PreinitializeMustBeInvokedRunComposite.xml
37 ms. Memory: 116224K Free: 105135K (90%)
Known Failure: java.lang.reflect.InvocationTargetException
No auto/linux-amd64/*.xml tests in /home/travis/build/icyphy/ptII/ptolemy/actor/lib/hoc/test
AutoTests.java: About to close Vertx.
AutoTests.java: Vertx closed.

===========================================================================================
----------------- testing Mon Jun 11 23:59:03 UTC 2018 /home/travis/build/icyphy/ptII/ptolemy/actor/lib/hoc/test/auto/AllToAllMultiInstanceComposite.xml
----------------- Instantiating /home/travis/build/icyphy/ptII/ptolemy/actor/lib/hoc/test/auto/AllToAllMultiInstanceComposite.xml
112 ms. Memory: 146944K Free: 113074K (77%)
----------------- Invoking toplevel() on ptolemy.moml.MoMLSimpleApplication@56ec2da2
----------------- Done invoking toplevel() on ptolemy.moml.MoMLSimpleApplication@56ec2da2
reloadAllAccessors: .AllToAllMultiInstanceComposite

===========================================================================================
----------------- testing Mon Jun 11 23:59:03 UTC 2018 /home/travis/build/icyphy/ptII/ptolemy/actor/lib/hoc/test/auto/ApplyFFTTest.xml
----------------- Instantiating /home/travis/build/icyphy/ptII/ptolemy/actor/lib/hoc/test/auto/ApplyFFTTest.xml
141 ms. Memory: 146944K Free: 92919K (63%)
----------------- Invoking toplevel() on ptolemy.moml.MoMLSimpleApplication@2b0ccd05
----------------- Done invoking toplevel() on ptolemy.moml.MoMLSimpleApplication@2b0ccd05
reloadAllAccessors: .ApplyFFTTest

===========================================================================================
----------------- testing Mon Jun 11 23:59:04 UTC 2018 /home/travis/build/icyphy/ptII/ptolemy/actor/lib/hoc/test/auto/ApplyFunction.xml
----------------- Instantiating /home/travis/build/icyphy/ptII/ptolemy/actor/lib/hoc/test/auto/ApplyFunction.xml
14 ms. Memory: 146944K Free: 89184K (61%)
----------------- Invoking toplevel() on ptolemy.moml.MoMLSimpleApplication@20c10718
----------------- Done invoking toplevel() on ptolemy.moml.MoMLSimpleApplication@20c10718
reloadAllAccessors: .ApplyFunction

===========================================================================================
----------------- testing Mon Jun 11 23:59:04 UTC 2018 /home/travis/build/icyphy/ptII/ptolemy/actor/lib/hoc/test/auto/BackgroundExecution.xml
----------------- Instantiating /home/travis/build/icyphy/ptII/ptolemy/actor/lib/hoc/test/auto/BackgroundExecution.xml
639 ms. Memory: 146944K Free: 81105K (55%)
----------------- Invoking toplevel() on ptolemy.moml.MoMLSimpleApplication@55dbf90f
----------------- Done invoking toplevel() on ptolemy.moml.MoMLSimpleApplication@55dbf90f
reloadAllAccessors: .BackgroundExecution

===========================================================================================
----------------- testing Mon Jun 11 23:59:04 UTC 2018 /home/travis/build/icyphy/ptII/ptolemy/actor/lib/hoc/test/auto/Case.xml
----------------- Instantiating /home/travis/build/icyphy/ptII/ptolemy/actor/lib/hoc/test/auto/Case.xml
25 ms. Memory: 146944K Free: 133471K (91%)
----------------- Invoking toplevel() on ptolemy.moml.MoMLSimpleApplication@53d2af5e
----------------- Done invoking toplevel() on ptolemy.moml.MoMLSimpleApplication@53d2af5e
reloadAllAccessors: .Case

===========================================================================================
----------------- testing Mon Jun 11 23:59:04 UTC 2018 /home/travis/build/icyphy/ptII/ptolemy/actor/lib/hoc/test/auto/Case1.xml
----------------- Instantiating /home/travis/build/icyphy/ptII/ptolemy/actor/lib/hoc/test/auto/Case1.xml
9 ms. Memory: 146944K Free: 125630K (85%)
----------------- Invoking toplevel() on ptolemy.moml.MoMLSimpleApplication@1d1b95d9
----------------- Done invoking toplevel() on ptolemy.moml.MoMLSimpleApplication@1d1b95d9
reloadAllAccessors: .Case1

===========================================================================================
----------------- testing Mon Jun 11 23:59:05 UTC 2018 /home/travis/build/icyphy/ptII/ptolemy/actor/lib/hoc/test/auto/Case2.xml
----------------- Instantiating /home/travis/build/icyphy/ptII/ptolemy/actor/lib/hoc/test/auto/Case2.xml
24 ms. Memory: 146944K Free: 114618K (78%)
----------------- Invoking toplevel() on ptolemy.moml.MoMLSimpleApplication@446f1bea
----------------- Done invoking toplevel() on ptolemy.moml.MoMLSimpleApplication@446f1bea
reloadAllAccessors: .Case2

===========================================================================================
----------------- testing Mon Jun 11 23:59:05 UTC 2018 /home/travis/build/icyphy/ptII/ptolemy/actor/lib/hoc/test/auto/Case3.xml
----------------- Instantiating /home/travis/build/icyphy/ptII/ptolemy/actor/lib/hoc/test/auto/Case3.xml
11 ms. Memory: 146944K Free: 107202K (73%)
----------------- Invoking toplevel() on ptolemy.moml.MoMLSimpleApplication@1efa84dd
----------------- Done invoking toplevel() on ptolemy.moml.MoMLSimpleApplication@1efa84dd
reloadAllAccessors: .Case3

===========================================================================================
----------------- testing Mon Jun 11 23:59:05 UTC 2018 /home/travis/build/icyphy/ptII/ptolemy/actor/lib/hoc/test/auto/Case4.xml
----------------- Instantiating /home/travis/build/icyphy/ptII/ptolemy/actor/lib/hoc/test/auto/Case4.xml
9 ms. Memory: 146944K Free: 98753K (67%)
----------------- Invoking toplevel() on ptolemy.moml.MoMLSimpleApplication@5a480cac
----------------- Done invoking toplevel() on ptolemy.moml.MoMLSimpleApplication@5a480cac
reloadAllAccessors: .Case4

===========================================================================================
----------------- testing Mon Jun 11 23:59:05 UTC 2018 /home/travis/build/icyphy/ptII/ptolemy/actor/lib/hoc/test/auto/Case5.xml
----------------- Instantiating /home/travis/build/icyphy/ptII/ptolemy/actor/lib/hoc/test/auto/Case5.xml
58 ms. Memory: 146944K Free: 90975K (62%)
----------------- Invoking toplevel() on ptolemy.moml.MoMLSimpleApplication@5f8c1cad
----------------- Done invoking toplevel() on ptolemy.moml.MoMLSimpleApplication@5f8c1cad
reloadAllAccessors: .junk

===========================================================================================
----------------- testing Mon Jun 11 23:59:05 UTC 2018 /home/travis/build/icyphy/ptII/ptolemy/actor/lib/hoc/test/auto/Case6.xml
----------------- Instantiating /home/travis/build/icyphy/ptII/ptolemy/actor/lib/hoc/test/auto/Case6.xml
60 ms. Memory: 208384K Free: 200359K (96%)
----------------- Invoking toplevel() on ptolemy.moml.MoMLSimpleApplication@45ed16e0
----------------- Done invoking toplevel() on ptolemy.moml.MoMLSimpleApplication@45ed16e0
reloadAllAccessors: .Case6

===========================================================================================
----------------- testing Mon Jun 11 23:59:05 UTC 2018 /home/travis/build/icyphy/ptII/ptolemy/actor/lib/hoc/test/auto/CaseString2.xml
----------------- Instantiating /home/travis/build/icyphy/ptII/ptolemy/actor/lib/hoc/test/auto/CaseString2.xml
16 ms. Memory: 208384K Free: 190222K (91%)
----------------- Invoking toplevel() on ptolemy.moml.MoMLSimpleApplication@5bbc871a
----------------- Done invoking toplevel() on ptolemy.moml.MoMLSimpleApplication@5bbc871a
reloadAllAccessors: .CaseString2

===========================================================================================
----------------- testing Mon Jun 11 23:59:05 UTC 2018 /home/travis/build/icyphy/ptII/ptolemy/actor/lib/hoc/test/auto/CatchUpComposite1.xml
----------------- Instantiating /home/travis/build/icyphy/ptII/ptolemy/actor/lib/hoc/test/auto/CatchUpComposite1.xml
22 ms. Memory: 208384K Free: 180327K (87%)
----------------- Invoking toplevel() on ptolemy.moml.MoMLSimpleApplication@8926a74
----------------- Done invoking toplevel() on ptolemy.moml.MoMLSimpleApplication@8926a74
reloadAllAccessors: .CatchUpComposite1

===========================================================================================
----------------- testing Mon Jun 11 23:59:05 UTC 2018 /home/travis/build/icyphy/ptII/ptolemy/actor/lib/hoc/test/auto/CatchUpComposite2.xml
----------------- Instantiating /home/travis/build/icyphy/ptII/ptolemy/actor/lib/hoc/test/auto/CatchUpComposite2.xml
8 ms. Memory: 208384K Free: 170447K (82%)
----------------- Invoking toplevel() on ptolemy.moml.MoMLSimpleApplication@3687f4c7
----------------- Done invoking toplevel() on ptolemy.moml.MoMLSimpleApplication@3687f4c7
reloadAllAccessors: .CatchUpComposite2

===========================================================================================
----------------- testing Mon Jun 11 23:59:05 UTC 2018 /home/travis/build/icyphy/ptII/ptolemy/actor/lib/hoc/test/auto/CatchUpComposite3.xml
----------------- Instantiating /home/travis/build/icyphy/ptII/ptolemy/actor/lib/hoc/test/auto/CatchUpComposite3.xml
12 ms. Memory: 208384K Free: 159671K (77%)
----------------- Invoking toplevel() on ptolemy.moml.MoMLSimpleApplication@e56e66a
----------------- Done invoking toplevel() on ptolemy.moml.MoMLSimpleApplication@e56e66a
reloadAllAccessors: .CatchUpComposite3

===========================================================================================
----------------- testing Mon Jun 11 23:59:05 UTC 2018 /home/travis/build/icyphy/ptII/ptolemy/actor/lib/hoc/test/auto/CatchUpComposite4.xml
----------------- Instantiating /home/travis/build/icyphy/ptII/ptolemy/actor/lib/hoc/test/auto/CatchUpComposite4.xml
20 ms. Memory: 208384K Free: 150454K (72%)
----------------- Invoking toplevel() on ptolemy.moml.MoMLSimpleApplication@4a2479c7
----------------- Done invoking toplevel() on ptolemy.moml.MoMLSimpleApplication@4a2479c7
reloadAllAccessors: .CatchUpComposite4

===========================================================================================
----------------- testing Mon Jun 11 23:59:05 UTC 2018 /home/travis/build/icyphy/ptII/ptolemy/actor/lib/hoc/test/auto/CatchUpComposite5.xml
----------------- Instantiating /home/travis/build/icyphy/ptII/ptolemy/actor/lib/hoc/test/auto/CatchUpComposite5.xml
14 ms. Memory: 208384K Free: 141772K (68%)
----------------- Invoking toplevel() on ptolemy.moml.MoMLSimpleApplication@1ac34d5
----------------- Done invoking toplevel() on ptolemy.moml.MoMLSimpleApplication@1ac34d5
reloadAllAccessors: .CatchUpComposite5

===========================================================================================
----------------- testing Mon Jun 11 23:59:05 UTC 2018 /home/travis/build/icyphy/ptII/ptolemy/actor/lib/hoc/test/auto/CatchUpComposite6.xml
----------------- Instantiating /home/travis/build/icyphy/ptII/ptolemy/actor/lib/hoc/test/auto/CatchUpComposite6.xml
WARNING: The execution aspects in this model can influence the timing of actors by delaying the 
execution, potentially changing the behavior. There is no guarantee that actors fire at the 
time they request to be fired. 
Use Ptides for deterministic DE behavior that is not influenced by execution aspects. 

89 ms. Memory: 208384K Free: 122928K (59%)
----------------- Invoking toplevel() on ptolemy.moml.MoMLSimpleApplication@4134a92b
----------------- Done invoking toplevel() on ptolemy.moml.MoMLSimpleApplication@4134a92b
reloadAllAccessors: .CatchUpComposite6

===========================================================================================
----------------- testing Mon Jun 11 23:59:05 UTC 2018 /home/travis/build/icyphy/ptII/ptolemy/actor/lib/hoc/test/auto/CatchUpComposite7.xml
----------------- Instantiating /home/travis/build/icyphy/ptII/ptolemy/actor/lib/hoc/test/auto/CatchUpComposite7.xml
WARNING: The execution aspects in this model can influence the timing of actors by delaying the 
execution, potentially changing the behavior. There is no guarantee that actors fire at the 
time they request to be fired. 
Use Ptides for deterministic DE behavior that is not influenced by execution aspects. 

42 ms. Memory: 208384K Free: 106226K (51%)
----------------- Invoking toplevel() on ptolemy.moml.MoMLSimpleApplication@5f538c35
----------------- Done invoking toplevel() on ptolemy.moml.MoMLSimpleApplication@5f538c35
reloadAllAccessors: .CatchUpComposite7

===========================================================================================
----------------- testing Mon Jun 11 23:59:05 UTC 2018 /home/travis/build/icyphy/ptII/ptolemy/actor/lib/hoc/test/auto/ConcurrentExecutionTimeSDF.xml
----------------- Instantiating /home/travis/build/icyphy/ptII/ptolemy/actor/lib/hoc/test/auto/ConcurrentExecutionTimeSDF.xml
Fired ExecutionTime: 40400000
Fired ExecutionTime: 40400000
Fired ExecutionTime: 40400000
Fired ExecutionTime: 40400000
Fired ExecutionTime: 40400000
Fired ExecutionTime: 40400000
Fired ExecutionTime: 40400000
Fired ExecutionTime: 40400000
Fired ExecutionTime: 40400000
Fired ExecutionTime: 40400000
Fired ExecutionTime: 40400000
Fired ExecutionTime: 40400000
Fired ExecutionTime: 40400000
Fired ExecutionTime: 40400000
Fired ExecutionTime: 40400000
Fired ExecutionTime: 40400000
Fired ExecutionTime: 40400000
Fired ExecutionTime: 40400000
Fired ExecutionTime: 40400000
Fired ExecutionTime: 40400000
1407 ms. Memory: 208384K Free: 97592K (47%)
----------------- Invoking toplevel() on ptolemy.moml.MoMLSimpleApplication@54b0792e
----------------- Done invoking toplevel() on ptolemy.moml.MoMLSimpleApplication@54b0792e
reloadAllAccessors: .ConcurrentExecutionTimeSDF

===========================================================================================
----------------- testing Mon Jun 11 23:59:07 UTC 2018 /home/travis/build/icyphy/ptII/ptolemy/actor/lib/hoc/test/auto/ConcurrentSleep.xml
----------------- Instantiating /home/travis/build/icyphy/ptII/ptolemy/actor/lib/hoc/test/auto/ConcurrentSleep.xml
743 ms. Memory: 208384K Free: 83034K (40%)
----------------- Invoking toplevel() on ptolemy.moml.MoMLSimpleApplication@5c0c960f
----------------- Done invoking toplevel() on ptolemy.moml.MoMLSimpleApplication@5c0c960f
reloadAllAccessors: .ConcurrentSleep

===========================================================================================
----------------- testing Mon Jun 11 23:59:08 UTC 2018 /home/travis/build/icyphy/ptII/ptolemy/actor/lib/hoc/test/auto/DEInPNInRunCompositeActor.xml
----------------- Instantiating /home/travis/build/icyphy/ptII/ptolemy/actor/lib/hoc/test/auto/DEInPNInRunCompositeActor.xml
10 ms. Memory: 208384K Free: 198286K (95%)
----------------- Invoking toplevel() on ptolemy.moml.MoMLSimpleApplication@139944b3
----------------- Done invoking toplevel() on ptolemy.moml.MoMLSimpleApplication@139944b3
reloadAllAccessors: .DEInPNInRunCompositeActor

===========================================================================================
----------------- testing Mon Jun 11 23:59:08 UTC 2018 /home/travis/build/icyphy/ptII/ptolemy/actor/lib/hoc/test/auto/DFTSubSetTest.xml
----------------- Instantiating /home/travis/build/icyphy/ptII/ptolemy/actor/lib/hoc/test/auto/DFTSubSetTest.xml
197 ms. Memory: 208384K Free: 149824K (72%)
----------------- Invoking toplevel() on ptolemy.moml.MoMLSimpleApplication@854d5df
----------------- Done invoking toplevel() on ptolemy.moml.MoMLSimpleApplication@854d5df
reloadAllAccessors: .DFTSubSetTest

===========================================================================================
----------------- testing Mon Jun 11 23:59:08 UTC 2018 /home/travis/build/icyphy/ptII/ptolemy/actor/lib/hoc/test/auto/HocDE.xml
----------------- Instantiating /home/travis/build/icyphy/ptII/ptolemy/actor/lib/hoc/test/auto/HocDE.xml
129 ms. Memory: 208384K Free: 122758K (59%)
----------------- Invoking toplevel() on ptolemy.moml.MoMLSimpleApplication@11fc403a
----------------- Done invoking toplevel() on ptolemy.moml.MoMLSimpleApplication@11fc403a
reloadAllAccessors: .HocDE

===========================================================================================
----------------- testing Mon Jun 11 23:59:08 UTC 2018 /home/travis/build/icyphy/ptII/ptolemy/actor/lib/hoc/test/auto/IterateOverArray.xml
----------------- Instantiating /home/travis/build/icyphy/ptII/ptolemy/actor/lib/hoc/test/auto/IterateOverArray.xml
6 ms. Memory: 208384K Free: 116408K (56%)
----------------- Invoking toplevel() on ptolemy.moml.MoMLSimpleApplication@504907c2
----------------- Done invoking toplevel() on ptolemy.moml.MoMLSimpleApplication@504907c2
reloadAllAccessors: .IterateOverArray

===========================================================================================
----------------- testing Mon Jun 11 23:59:08 UTC 2018 /home/travis/build/icyphy/ptII/ptolemy/actor/lib/hoc/test/auto/IterateOverArray10.xml
----------------- Instantiating /home/travis/build/icyphy/ptII/ptolemy/actor/lib/hoc/test/auto/IterateOverArray10.xml
2 ms. Memory: 208384K Free: 111689K (54%)
----------------- Invoking toplevel() on ptolemy.moml.MoMLSimpleApplication@1ebeff2c
----------------- Done invoking toplevel() on ptolemy.moml.MoMLSimpleApplication@1ebeff2c
reloadAllAccessors: .IterateOverArray10

===========================================================================================
----------------- testing Mon Jun 11 23:59:08 UTC 2018 /home/travis/build/icyphy/ptII/ptolemy/actor/lib/hoc/test/auto/IterateOverArray11.xml
----------------- Instantiating /home/travis/build/icyphy/ptII/ptolemy/actor/lib/hoc/test/auto/IterateOverArray11.xml
4 ms. Memory: 208384K Free: 106726K (51%)
----------------- Invoking toplevel() on ptolemy.moml.MoMLSimpleApplication@767a70b
----------------- Done invoking toplevel() on ptolemy.moml.MoMLSimpleApplication@767a70b
reloadAllAccessors: .IterateOverArray11

===========================================================================================
----------------- testing Mon Jun 11 23:59:08 UTC 2018 /home/travis/build/icyphy/ptII/ptolemy/actor/lib/hoc/test/auto/IterateOverArray12.xml
----------------- Instantiating /home/travis/build/icyphy/ptII/ptolemy/actor/lib/hoc/test/auto/IterateOverArray12.xml
21 ms. Memory: 208384K Free: 98738K (47%)
----------------- Invoking toplevel() on ptolemy.moml.MoMLSimpleApplication@3ef8946e
----------------- Done invoking toplevel() on ptolemy.moml.MoMLSimpleApplication@3ef8946e
reloadAllAccessors: .IterateOverArray12

===========================================================================================
----------------- testing Mon Jun 11 23:59:08 UTC 2018 /home/travis/build/icyphy/ptII/ptolemy/actor/lib/hoc/test/auto/IterateOverArray13.xml
----------------- Instantiating /home/travis/build/icyphy/ptII/ptolemy/actor/lib/hoc/test/auto/IterateOverArray13.xml
105 ms. Memory: 331776K Free: 315358K (95%)
----------------- Invoking toplevel() on ptolemy.moml.MoMLSimpleApplication@ff9c6ff
----------------- Done invoking toplevel() on ptolemy.moml.MoMLSimpleApplication@ff9c6ff
reloadAllAccessors: .IterateOverArray13

===========================================================================================
----------------- testing Mon Jun 11 23:59:09 UTC 2018 /home/travis/build/icyphy/ptII/ptolemy/actor/lib/hoc/test/auto/IterateOverArray14.xml
----------------- Instantiating /home/travis/build/icyphy/ptII/ptolemy/actor/lib/hoc/test/auto/IterateOverArray14.xml
62 ms. Memory: 331776K Free: 276577K (83%)
----------------- Invoking toplevel() on ptolemy.moml.MoMLSimpleApplication@6739ea4f
----------------- Done invoking toplevel() on ptolemy.moml.MoMLSimpleApplication@6739ea4f
reloadAllAccessors: .IterateOverArray14

===========================================================================================
----------------- testing Mon Jun 11 23:59:09 UTC 2018 /home/travis/build/icyphy/ptII/ptolemy/actor/lib/hoc/test/auto/IterateOverArray2.xml
----------------- Instantiating /home/travis/build/icyphy/ptII/ptolemy/actor/lib/hoc/test/auto/IterateOverArray2.xml
9 ms. Memory: 331776K Free: 271672K (82%)
----------------- Invoking toplevel() on ptolemy.moml.MoMLSimpleApplication@3f32d273
----------------- Done invoking toplevel() on ptolemy.moml.MoMLSimpleApplication@3f32d273
reloadAllAccessors: .IterateOverArray2

===========================================================================================
----------------- testing Mon Jun 11 23:59:09 UTC 2018 /home/travis/build/icyphy/ptII/ptolemy/actor/lib/hoc/test/auto/IterateOverArray3.xml
----------------- Instantiating /home/travis/build/icyphy/ptII/ptolemy/actor/lib/hoc/test/auto/IterateOverArray3.xml
16 ms. Memory: 331776K Free: 263483K (79%)
----------------- Invoking toplevel() on ptolemy.moml.MoMLSimpleApplication@1556f6f0
----------------- Done invoking toplevel() on ptolemy.moml.MoMLSimpleApplication@1556f6f0
reloadAllAccessors: .IterateOverArray3

===========================================================================================
----------------- testing Mon Jun 11 23:59:09 UTC 2018 /home/travis/build/icyphy/ptII/ptolemy/actor/lib/hoc/test/auto/IterateOverArray4.xml
----------------- Instantiating /home/travis/build/icyphy/ptII/ptolemy/actor/lib/hoc/test/auto/IterateOverArray4.xml
6 ms. Memory: 331776K Free: 258578K (78%)
----------------- Invoking toplevel() on ptolemy.moml.MoMLSimpleApplication@1a010e06
----------------- Done invoking toplevel() on ptolemy.moml.MoMLSimpleApplication@1a010e06
reloadAllAccessors: .IterateOverArray4

===========================================================================================
----------------- testing Mon Jun 11 23:59:09 UTC 2018 /home/travis/build/icyphy/ptII/ptolemy/actor/lib/hoc/test/auto/IterateOverArray5.xml
----------------- Instantiating /home/travis/build/icyphy/ptII/ptolemy/actor/lib/hoc/test/auto/IterateOverArray5.xml
3 ms. Memory: 331776K Free: 253673K (76%)
----------------- Invoking toplevel() on ptolemy.moml.MoMLSimpleApplication@14e56ecf
----------------- Done invoking toplevel() on ptolemy.moml.MoMLSimpleApplication@14e56ecf
reloadAllAccessors: .IterateOverArray5

===========================================================================================
----------------- testing Mon Jun 11 23:59:09 UTC 2018 /home/travis/build/icyphy/ptII/ptolemy/actor/lib/hoc/test/auto/IterateOverArray6.xml
----------------- Instantiating /home/travis/build/icyphy/ptII/ptolemy/actor/lib/hoc/test/auto/IterateOverArray6.xml
2 ms. Memory: 331776K Free: 249163K (75%)
----------------- Invoking toplevel() on ptolemy.moml.MoMLSimpleApplication@4e4a943f
----------------- Done invoking toplevel() on ptolemy.moml.MoMLSimpleApplication@4e4a943f
reloadAllAccessors: .IterateOverArray6

===========================================================================================
----------------- testing Mon Jun 11 23:59:09 UTC 2018 /home/travis/build/icyphy/ptII/ptolemy/actor/lib/hoc/test/auto/IterateOverArray7.xml
----------------- Instantiating /home/travis/build/icyphy/ptII/ptolemy/actor/lib/hoc/test/auto/IterateOverArray7.xml
4 ms. Memory: 331776K Free: 244258K (74%)
----------------- Invoking toplevel() on ptolemy.moml.MoMLSimpleApplication@64000534
----------------- Done invoking toplevel() on ptolemy.moml.MoMLSimpleApplication@64000534
reloadAllAccessors: .IterateOverArray7

===========================================================================================
----------------- testing Mon Jun 11 23:59:09 UTC 2018 /home/travis/build/icyphy/ptII/ptolemy/actor/lib/hoc/test/auto/IterateOverArray8.xml
----------------- Instantiating /home/travis/build/icyphy/ptII/ptolemy/actor/lib/hoc/test/auto/IterateOverArray8.xml
8 ms. Memory: 331776K Free: 238521K (72%)
----------------- Invoking toplevel() on ptolemy.moml.MoMLSimpleApplication@467cd1f9
----------------- Done invoking toplevel() on ptolemy.moml.MoMLSimpleApplication@467cd1f9
reloadAllAccessors: .IterateOverArray8

===========================================================================================
----------------- testing Mon Jun 11 23:59:09 UTC 2018 /home/travis/build/icyphy/ptII/ptolemy/actor/lib/hoc/test/auto/IterateOverArray9.xml
----------------- Instantiating /home/travis/build/icyphy/ptII/ptolemy/actor/lib/hoc/test/auto/IterateOverArray9.xml
9 ms. Memory: 331776K Free: 233616K (70%)
----------------- Invoking toplevel() on ptolemy.moml.MoMLSimpleApplication@5dbd0651
----------------- Done invoking toplevel() on ptolemy.moml.MoMLSimpleApplication@5dbd0651
reloadAllAccessors: .IterateOverArray9

===========================================================================================
----------------- testing Mon Jun 11 23:59:09 UTC 2018 /home/travis/build/icyphy/ptII/ptolemy/actor/lib/hoc/test/auto/IterateOverArrayCoercedOutputType.xml
----------------- Instantiating /home/travis/build/icyphy/ptII/ptolemy/actor/lib/hoc/test/auto/IterateOverArrayCoercedOutputType.xml
8 ms. Memory: 331776K Free: 227485K (69%)
----------------- Invoking toplevel() on ptolemy.moml.MoMLSimpleApplication@41727e2d
----------------- Done invoking toplevel() on ptolemy.moml.MoMLSimpleApplication@41727e2d
reloadAllAccessors: .IterateOverArrayCoercedOutputType

===========================================================================================
----------------- testing Mon Jun 11 23:59:09 UTC 2018 /home/travis/build/icyphy/ptII/ptolemy/actor/lib/hoc/test/auto/IterateOverArrayInferredOutputType.xml
----------------- Instantiating /home/travis/build/icyphy/ptII/ptolemy/actor/lib/hoc/test/auto/IterateOverArrayInferredOutputType.xml
5 ms. Memory: 331776K Free: 220522K (66%)
----------------- Invoking toplevel() on ptolemy.moml.MoMLSimpleApplication@58e26dff
----------------- Done invoking toplevel() on ptolemy.moml.MoMLSimpleApplication@58e26dff
reloadAllAccessors: .IterateOverArrayInferredOutputType

===========================================================================================
----------------- testing Mon Jun 11 23:59:09 UTC 2018 /home/travis/build/icyphy/ptII/ptolemy/actor/lib/hoc/test/auto/MobileFunctionTest.xml
----------------- Instantiating /home/travis/build/icyphy/ptII/ptolemy/actor/lib/hoc/test/auto/MobileFunctionTest.xml
4 ms. Memory: 331776K Free: 215617K (65%)
----------------- Invoking toplevel() on ptolemy.moml.MoMLSimpleApplication@943f52f
----------------- Done invoking toplevel() on ptolemy.moml.MoMLSimpleApplication@943f52f
reloadAllAccessors: .MobileFunctionTest

===========================================================================================
----------------- testing Mon Jun 11 23:59:09 UTC 2018 /home/travis/build/icyphy/ptII/ptolemy/actor/lib/hoc/test/auto/MobileModelTest.xml
----------------- Instantiating /home/travis/build/icyphy/ptII/ptolemy/actor/lib/hoc/test/auto/MobileModelTest.xml
99 ms. Memory: 331776K Free: 193931K (58%)
----------------- Invoking toplevel() on ptolemy.moml.MoMLSimpleApplication@368b3212
----------------- Done invoking toplevel() on ptolemy.moml.MoMLSimpleApplication@368b3212
reloadAllAccessors: .MobileModelTest

===========================================================================================
----------------- testing Mon Jun 11 23:59:09 UTC 2018 /home/travis/build/icyphy/ptII/ptolemy/actor/lib/hoc/test/auto/ModelReference.xml
----------------- Instantiating /home/travis/build/icyphy/ptII/ptolemy/actor/lib/hoc/test/auto/ModelReference.xml
3 ms. Memory: 331776K Free: 185347K (56%)
2 ms. Memory: 331776K Free: 184121K (55%)
3 ms. Memory: 331776K Free: 184121K (55%)
2 ms. Memory: 331776K Free: 182895K (55%)
5 ms. Memory: 331776K Free: 181669K (55%)
3 ms. Memory: 331776K Free: 181669K (55%)
2 ms. Memory: 331776K Free: 180442K (54%)
2 ms. Memory: 331776K Free: 179216K (54%)
2 ms. Memory: 331776K Free: 179216K (54%)
2 ms. Memory: 331776K Free: 177990K (54%)
34 ms. Memory: 331776K Free: 177990K (54%)
----------------- Invoking toplevel() on ptolemy.moml.MoMLSimpleApplication@7bf38893
----------------- Done invoking toplevel() on ptolemy.moml.MoMLSimpleApplication@7bf38893
reloadAllAccessors: .ModelReference

===========================================================================================
----------------- testing Mon Jun 11 23:59:09 UTC 2018 /home/travis/build/icyphy/ptII/ptolemy/actor/lib/hoc/test/auto/ModelReference3.xml
----------------- Instantiating /home/travis/build/icyphy/ptII/ptolemy/actor/lib/hoc/test/auto/ModelReference3.xml
2 ms. Memory: 331776K Free: 171859K (52%)
6 ms. Memory: 331776K Free: 171859K (52%)
2 ms. Memory: 331776K Free: 170632K (51%)
5 ms. Memory: 331776K Free: 169406K (51%)
2 ms. Memory: 331776K Free: 169406K (51%)
2 ms. Memory: 331776K Free: 168180K (51%)
1 ms. Memory: 331776K Free: 166954K (50%)
6 ms. Memory: 331776K Free: 166954K (50%)
2 ms. Memory: 331776K Free: 165711K (50%)
8 ms. Memory: 331776K Free: 164469K (50%)
43 ms. Memory: 331776K Free: 164469K (50%)
----------------- Invoking toplevel() on ptolemy.moml.MoMLSimpleApplication@4ed1bd66
----------------- Done invoking toplevel() on ptolemy.moml.MoMLSimpleApplication@4ed1bd66
reloadAllAccessors: .ModelReference3

===========================================================================================
----------------- testing Mon Jun 11 23:59:09 UTC 2018 /home/travis/build/icyphy/ptII/ptolemy/actor/lib/hoc/test/auto/ModelReference4.xml
----------------- Instantiating /home/travis/build/icyphy/ptII/ptolemy/actor/lib/hoc/test/auto/ModelReference4.xml
3 ms. Memory: 331776K Free: 157475K (47%)
6 ms. Memory: 331776K Free: 156248K (47%)
7 ms. Memory: 331776K Free: 153796K (46%)
3 ms. Memory: 331776K Free: 152570K (46%)
3 ms. Memory: 331776K Free: 151343K (46%)
8 ms. Memory: 331776K Free: 150117K (45%)
4 ms. Memory: 331776K Free: 148891K (45%)
7 ms. Memory: 331776K Free: 147665K (45%)
2 ms. Memory: 331776K Free: 145196K (44%)
2 ms. Memory: 331776K Free: 143970K (43%)
10030 ms. Memory: 331776K Free: 143970K (43%)
----------------- Invoking toplevel() on ptolemy.moml.MoMLSimpleApplication@2c905927
----------------- Done invoking toplevel() on ptolemy.moml.MoMLSimpleApplication@2c905927
reloadAllAccessors: .ModelReference4

===========================================================================================
----------------- testing Mon Jun 11 23:59:19 UTC 2018 /home/travis/build/icyphy/ptII/ptolemy/actor/lib/hoc/test/auto/MultiInstanceComposite.xml
----------------- Instantiating /home/travis/build/icyphy/ptII/ptolemy/actor/lib/hoc/test/auto/MultiInstanceComposite.xml
27 ms. Memory: 331776K Free: 127925K (39%)
----------------- Invoking toplevel() on ptolemy.moml.MoMLSimpleApplication@7158ba23
----------------- Done invoking toplevel() on ptolemy.moml.MoMLSimpleApplication@7158ba23
reloadAllAccessors: .MultiInstanceComposite

===========================================================================================
----------------- testing Mon Jun 11 23:59:19 UTC 2018 /home/travis/build/icyphy/ptII/ptolemy/actor/lib/hoc/test/auto/MultiInstanceComposite2.xml
----------------- Instantiating /home/travis/build/icyphy/ptII/ptolemy/actor/lib/hoc/test/auto/MultiInstanceComposite2.xml
18 ms. Memory: 331776K Free: 113492K (34%)
----------------- Invoking toplevel() on ptolemy.moml.MoMLSimpleApplication@132c6f61
----------------- Done invoking toplevel() on ptolemy.moml.MoMLSimpleApplication@132c6f61
reloadAllAccessors: .MultiInstanceComposite2

===========================================================================================
----------------- testing Mon Jun 11 23:59:19 UTC 2018 /home/travis/build/icyphy/ptII/ptolemy/actor/lib/hoc/test/auto/MulticoreExecution.xml
----------------- Instantiating /home/travis/build/icyphy/ptII/ptolemy/actor/lib/hoc/test/auto/MulticoreExecution.xml
Fired ExecutionTime: 2800000
Fired ExecutionTime: 4800000
Fired ExecutionTime: 54000000
Fired ExecutionTime: 70000000
Fired ExecutionTime: 68400000
Fired ExecutionTime: 67600000
Fired ExecutionTime: 66800000
Fired ExecutionTime: 66800000
Fired ExecutionTime: 68800000
Fired ExecutionTime: 83600000
Fired ExecutionTime: 123200000
Fired ExecutionTime: 103600000
Fired ExecutionTime: 118800000
Fired ExecutionTime: 100800000
Fired ExecutionTime: 120000000
Fired ExecutionTime: 118800000
Fired ExecutionTime: 117600000
Fired ExecutionTime: 120800000
Fired ExecutionTime: 121600000
Fired ExecutionTime: 122400000
1047 ms. Memory: 331776K Free: 101214K (31%)
----------------- Invoking toplevel() on ptolemy.moml.MoMLSimpleApplication@484889a2
----------------- Done invoking toplevel() on ptolemy.moml.MoMLSimpleApplication@484889a2
reloadAllAccessors: .MulticoreExecution

===========================================================================================
----------------- testing Mon Jun 11 23:59:20 UTC 2018 /home/travis/build/icyphy/ptII/ptolemy/actor/lib/hoc/test/auto/ParallelExecution.xml
----------------- Instantiating /home/travis/build/icyphy/ptII/ptolemy/actor/lib/hoc/test/auto/ParallelExecution.xml
917 ms. Memory: 331776K Free: 85256K (26%)
----------------- Invoking toplevel() on ptolemy.moml.MoMLSimpleApplication@46dba242
----------------- Done invoking toplevel() on ptolemy.moml.MoMLSimpleApplication@46dba242
reloadAllAccessors: .ParallelExecution

===========================================================================================
----------------- testing Mon Jun 11 23:59:21 UTC 2018 /home/travis/build/icyphy/ptII/ptolemy/actor/lib/hoc/test/auto/RunCompositeActor.xml
----------------- Instantiating /home/travis/build/icyphy/ptII/ptolemy/actor/lib/hoc/test/auto/RunCompositeActor.xml
35 ms. Memory: 332288K Free: 320138K (96%)
----------------- Invoking toplevel() on ptolemy.moml.MoMLSimpleApplication@45f0fe53
----------------- Done invoking toplevel() on ptolemy.moml.MoMLSimpleApplication@45f0fe53
reloadAllAccessors: .RunCompositeActor

===========================================================================================
----------------- testing Mon Jun 11 23:59:22 UTC 2018 /home/travis/build/icyphy/ptII/ptolemy/actor/lib/hoc/test/auto/RunCompositeActor2.xml
----------------- Instantiating /home/travis/build/icyphy/ptII/ptolemy/actor/lib/hoc/test/auto/RunCompositeActor2.xml
4 ms. Memory: 332288K Free: 311494K (94%)
----------------- Invoking toplevel() on ptolemy.moml.MoMLSimpleApplication@55d37b87
----------------- Done invoking toplevel() on ptolemy.moml.MoMLSimpleApplication@55d37b87
reloadAllAccessors: .RunCompositeActor2

===========================================================================================
----------------- testing Mon Jun 11 23:59:22 UTC 2018 /home/travis/build/icyphy/ptII/ptolemy/actor/lib/hoc/test/auto/RunCompositeActor3.xml
----------------- Instantiating /home/travis/build/icyphy/ptII/ptolemy/actor/lib/hoc/test/auto/RunCompositeActor3.xml
3 ms. Memory: 332288K Free: 304757K (92%)
----------------- Invoking toplevel() on ptolemy.moml.MoMLSimpleApplication@4532786e
----------------- Done invoking toplevel() on ptolemy.moml.MoMLSimpleApplication@4532786e
reloadAllAccessors: .RunCompositeActor3

===========================================================================================
----------------- testing Mon Jun 11 23:59:22 UTC 2018 /home/travis/build/icyphy/ptII/ptolemy/actor/lib/hoc/test/auto/RunCompositeActor4.xml
----------------- Instantiating /home/travis/build/icyphy/ptII/ptolemy/actor/lib/hoc/test/auto/RunCompositeActor4.xml
13 ms. Memory: 332288K Free: 294891K (89%)
----------------- Invoking toplevel() on ptolemy.moml.MoMLSimpleApplication@490ae09d
----------------- Done invoking toplevel() on ptolemy.moml.MoMLSimpleApplication@490ae09d
reloadAllAccessors: .RunCompositeActor4

===========================================================================================
----------------- testing Mon Jun 11 23:59:22 UTC 2018 /home/travis/build/icyphy/ptII/ptolemy/actor/lib/hoc/test/auto/RunCompositeIterateOverArray.xml
----------------- Instantiating /home/travis/build/icyphy/ptII/ptolemy/actor/lib/hoc/test/auto/RunCompositeIterateOverArray.xml
5 ms. Memory: 332288K Free: 286702K (86%)
----------------- Invoking toplevel() on ptolemy.moml.MoMLSimpleApplication@5394b155
----------------- Done invoking toplevel() on ptolemy.moml.MoMLSimpleApplication@5394b155
reloadAllAccessors: .RunCompositeIterateOverArray

===========================================================================================
----------------- testing Mon Jun 11 23:59:22 UTC 2018 /home/travis/build/icyphy/ptII/ptolemy/actor/lib/hoc/test/auto/ThreadedJS.xml
----------------- Instantiating /home/travis/build/icyphy/ptII/ptolemy/actor/lib/hoc/test/auto/ThreadedJS.xml
1837 ms. Memory: 539648K Free: 165083K (31%)
----------------- Invoking toplevel() on ptolemy.moml.MoMLSimpleApplication@6a850c1b
----------------- Done invoking toplevel() on ptolemy.moml.MoMLSimpleApplication@6a850c1b
reloadAllAccessors: .ThreadedJS
AutoTests.java: About to close Vertx.
AutoTests.java: Vertx closed.
]]></system-out>
  <system-err><![CDATA[java.lang.RuntimeException: Execution failed
	at ptolemy.moml.MoMLSimpleApplication$UnloadThread.run(MoMLSimpleApplication.java:402)
Caused by: ptolemy.kernel.util.IllegalActionException: initialize() was called after wrapup() was called but preinitialize() was not called after wrapup().
	at ptolemy.actor.lib.hoc.test.PreinitializeMustBeInvoked.initialize(PreinitializeMustBeInvoked.java:78)
	at ptolemy.actor.Director.initialize(Director.java:938)
	at ptolemy.actor.Director.initialize(Director.java:907)
	at ptolemy.actor.sched.StaticSchedulingDirector.initialize(StaticSchedulingDirector.java:159)
	at ptolemy.domains.sdf.kernel.SDFDirector.initialize(SDFDirector.java:544)
	at ptolemy.actor.CompositeActor.initialize(CompositeActor.java:935)
	at ptolemy.actor.lib.hoc.LifeCycleManager._executeInsideModel(LifeCycleManager.java:339)
	at ptolemy.actor.lib.hoc.RunCompositeActor.fire(RunCompositeActor.java:205)
	at ptolemy.actor.CompositeActor.iterate(CompositeActor.java:1146)
	at ptolemy.actor.sched.StaticSchedulingDirector.fire(StaticSchedulingDirector.java:216)
	at ptolemy.domains.sdf.kernel.SDFDirector.fire(SDFDirector.java:500)
	at ptolemy.actor.CompositeActor.fire(CompositeActor.java:455)
	at ptolemy.actor.Manager.iterate(Manager.java:851)
	at ptolemy.actor.Manager.execute(Manager.java:369)
	at ptolemy.actor.Manager.run(Manager.java:1263)
	at ptolemy.actor.Manager$PtolemyRunThread.run(Manager.java:1915)
java.lang.reflect.InvocationTargetException
	at sun.reflect.NativeConstructorAccessorImpl.newInstance0(Native Method)
	at sun.reflect.NativeConstructorAccessorImpl.newInstance(NativeConstructorAccessorImpl.java:62)
	at sun.reflect.DelegatingConstructorAccessorImpl.newInstance(DelegatingConstructorAccessorImpl.java:45)
	at java.lang.reflect.Constructor.newInstance(Constructor.java:423)
	at ptolemy.util.test.junit.AutoKnownFailedTests.RunModel(AutoKnownFailedTests.java:107)
	at sun.reflect.NativeMethodAccessorImpl.invoke0(Native Method)
	at sun.reflect.NativeMethodAccessorImpl.invoke(NativeMethodAccessorImpl.java:62)
	at sun.reflect.DelegatingMethodAccessorImpl.invoke(DelegatingMethodAccessorImpl.java:43)
	at java.lang.reflect.Method.invoke(Method.java:498)
	at org.junit.runners.model.FrameworkMethod$1.runReflectiveCall(FrameworkMethod.java:44)
	at org.junit.internal.runners.model.ReflectiveCallable.run(ReflectiveCallable.java:15)
	at org.junit.runners.model.FrameworkMethod.invokeExplosively(FrameworkMethod.java:41)
	at junitparams.internal.InvokeParameterisedMethod.evaluate(InvokeParameterisedMethod.java:102)
	at org.junit.internal.runners.statements.FailOnTimeout$1.run(FailOnTimeout.java:28)
Caused by: ptolemy.kernel.util.IllegalActionException: initialize() was called after wrapup() was called but preinitialize() was not called after wrapup().
	at ptolemy.actor.lib.hoc.test.PreinitializeMustBeInvoked.initialize(PreinitializeMustBeInvoked.java:78)
	at ptolemy.actor.Director.initialize(Director.java:938)
	at ptolemy.actor.Director.initialize(Director.java:907)
	at ptolemy.actor.sched.StaticSchedulingDirector.initialize(StaticSchedulingDirector.java:159)
	at ptolemy.domains.sdf.kernel.SDFDirector.initialize(SDFDirector.java:544)
	at ptolemy.actor.CompositeActor.initialize(CompositeActor.java:935)
	at ptolemy.actor.lib.hoc.LifeCycleManager._executeInsideModel(LifeCycleManager.java:339)
	at ptolemy.actor.lib.hoc.RunCompositeActor.fire(RunCompositeActor.java:205)
	at ptolemy.actor.CompositeActor.iterate(CompositeActor.java:1146)
	at ptolemy.actor.sched.StaticSchedulingDirector.fire(StaticSchedulingDirector.java:216)
	at ptolemy.domains.sdf.kernel.SDFDirector.fire(SDFDirector.java:500)
	at ptolemy.actor.CompositeActor.fire(CompositeActor.java:455)
	at ptolemy.actor.Manager.iterate(Manager.java:851)
	at ptolemy.actor.Manager.execute(Manager.java:369)
	at ptolemy.actor.Manager.run(Manager.java:1263)
	at ptolemy.actor.Manager$PtolemyRunThread.run(Manager.java:1915)
]]></system-err>
</testsuite>
