<?xml version="1.0" encoding="UTF-8" ?>
<testsuite errors="0" failures="0" hostname="travis-job-b3e40290-eaae-4844-97f5-dc0325ad6bb3" name="ptolemy.domains.modal.test.junit.JUnitTclTest" skipped="0" tests="148" time="9.567" timestamp="2020-02-16T16:09:11">
  <properties>
[...]
</properties>
  <testcase classname="ptolemy.util.test.junit.TclTests" name="[0] /home/travis/build/icyphy/ptII/ptolemy/domains/modal/test/SystemLevelType.tcl (RunTclFile)" time="1.809" />
  <testcase classname="ptolemy.util.test.junit.AutoKnownFailedTests" name="[0] /home/travis/build/icyphy/ptII/ptolemy/domains/modal/test/auto/knownFailedTests/CannotAnalysisWithPreemption.xml (RunModel)" time="0.163" />
  <testcase classname="ptolemy.util.test.junit.AutoNameArchTests" name="[0] ThereAreNoAutoArchTests (RunModel)" time="0.009" />
  <testcase classname="ptolemy.util.test.junit.AutoTests" name="[0] /home/travis/build/icyphy/ptII/ptolemy/domains/modal/test/auto/ABPTest.xml (RunModel)" time="0.702" />
  <testcase classname="ptolemy.util.test.junit.AutoTests" name="[1] /home/travis/build/icyphy/ptII/ptolemy/domains/modal/test/auto/ABROFlat.xml (RunModel)" time="0.083" />
  <testcase classname="ptolemy.util.test.junit.AutoTests" name="[2] /home/travis/build/icyphy/ptII/ptolemy/domains/modal/test/auto/ABROFlat2.xml (RunModel)" time="0.047" />
  <testcase classname="ptolemy.util.test.junit.AutoTests" name="[3] /home/travis/build/icyphy/ptII/ptolemy/domains/modal/test/auto/ABRO_present_hmm.xml (RunModel)" time="0.086" />
  <testcase classname="ptolemy.util.test.junit.AutoTests" name="[4] /home/travis/build/icyphy/ptII/ptolemy/domains/modal/test/auto/AMICoderExample.xml (RunModel)" time="0.072" />
  <testcase classname="ptolemy.util.test.junit.AutoTests" name="[5] /home/travis/build/icyphy/ptII/ptolemy/domains/modal/test/auto/AbsentToPresent.xml (RunModel)" time="0.019" />
  <testcase classname="ptolemy.util.test.junit.AutoTests" name="[6] /home/travis/build/icyphy/ptII/ptolemy/domains/modal/test/auto/Blending.xml (RunModel)" time="0.227" />
  <testcase classname="ptolemy.util.test.junit.AutoTests" name="[7] /home/travis/build/icyphy/ptII/ptolemy/domains/modal/test/auto/Broadcast.xml (RunModel)" time="0.048" />
  <testcase classname="ptolemy.util.test.junit.AutoTests" name="[8] /home/travis/build/icyphy/ptII/ptolemy/domains/modal/test/auto/BroadcastHierarchy.xml (RunModel)" time="0.075" />
  <testcase classname="ptolemy.util.test.junit.AutoTests" name="[9] /home/travis/build/icyphy/ptII/ptolemy/domains/modal/test/auto/BroadcastHierarchy2.xml (RunModel)" time="0.128" />
  <testcase classname="ptolemy.util.test.junit.AutoTests" name="[10] /home/travis/build/icyphy/ptII/ptolemy/domains/modal/test/auto/BroadcastHierarchy3.xml (RunModel)" time="0.088" />
  <testcase classname="ptolemy.util.test.junit.AutoTests" name="[11] /home/travis/build/icyphy/ptII/ptolemy/domains/modal/test/auto/BroadcastHierarchy4.xml (RunModel)" time="0.083" />
  <testcase classname="ptolemy.util.test.junit.AutoTests" name="[12] /home/travis/build/icyphy/ptII/ptolemy/domains/modal/test/auto/CannotAnalysisWithPreemption2.xml (RunModel)" time="0.036" />
  <testcase classname="ptolemy.util.test.junit.AutoTests" name="[13] /home/travis/build/icyphy/ptII/ptolemy/domains/modal/test/auto/CannotAnalysisWithPreemption3.xml (RunModel)" time="0.033" />
  <testcase classname="ptolemy.util.test.junit.AutoTests" name="[14] /home/travis/build/icyphy/ptII/ptolemy/domains/modal/test/auto/CannotProduce.xml (RunModel)" time="0.031" />
  <testcase classname="ptolemy.util.test.junit.AutoTests" name="[15] /home/travis/build/icyphy/ptII/ptolemy/domains/modal/test/auto/CannotProduceModal.xml (RunModel)" time="0.03" />
  <testcase classname="ptolemy.util.test.junit.AutoTests" name="[16] /home/travis/build/icyphy/ptII/ptolemy/domains/modal/test/auto/Case.xml (RunModel)" time="0.071" />
  <testcase classname="ptolemy.util.test.junit.AutoTests" name="[17] /home/travis/build/icyphy/ptII/ptolemy/domains/modal/test/auto/Case1.xml (RunModel)" time="0.038" />
  <testcase classname="ptolemy.util.test.junit.AutoTests" name="[18] /home/travis/build/icyphy/ptII/ptolemy/domains/modal/test/auto/Case2.xml (RunModel)" time="0.056" />
  <testcase classname="ptolemy.util.test.junit.AutoTests" name="[19] /home/travis/build/icyphy/ptII/ptolemy/domains/modal/test/auto/CausalityInterface1.xml (RunModel)" time="0.025" />
  <testcase classname="ptolemy.util.test.junit.AutoTests" name="[20] /home/travis/build/icyphy/ptII/ptolemy/domains/modal/test/auto/CausalityInterface10.xml (RunModel)" time="0.044" />
  <testcase classname="ptolemy.util.test.junit.AutoTests" name="[21] /home/travis/build/icyphy/ptII/ptolemy/domains/modal/test/auto/CausalityInterface11.xml (RunModel)" time="0.033" />
  <testcase classname="ptolemy.util.test.junit.AutoTests" name="[22] /home/travis/build/icyphy/ptII/ptolemy/domains/modal/test/auto/CausalityInterface12.xml (RunModel)" time="0.036" />
  <testcase classname="ptolemy.util.test.junit.AutoTests" name="[23] /home/travis/build/icyphy/ptII/ptolemy/domains/modal/test/auto/CausalityInterface13.xml (RunModel)" time="0.056" />
  <testcase classname="ptolemy.util.test.junit.AutoTests" name="[24] /home/travis/build/icyphy/ptII/ptolemy/domains/modal/test/auto/CausalityInterface14.xml (RunModel)" time="0.046" />
  <testcase classname="ptolemy.util.test.junit.AutoTests" name="[25] /home/travis/build/icyphy/ptII/ptolemy/domains/modal/test/auto/CausalityInterface2.xml (RunModel)" time="0.022" />
  <testcase classname="ptolemy.util.test.junit.AutoTests" name="[26] /home/travis/build/icyphy/ptII/ptolemy/domains/modal/test/auto/CausalityInterface3.xml (RunModel)" time="0.022" />
  <testcase classname="ptolemy.util.test.junit.AutoTests" name="[27] /home/travis/build/icyphy/ptII/ptolemy/domains/modal/test/auto/CausalityInterface4.xml (RunModel)" time="0.021" />
  <testcase classname="ptolemy.util.test.junit.AutoTests" name="[28] /home/travis/build/icyphy/ptII/ptolemy/domains/modal/test/auto/CausalityInterface5.xml (RunModel)" time="0.04" />
  <testcase classname="ptolemy.util.test.junit.AutoTests" name="[29] /home/travis/build/icyphy/ptII/ptolemy/domains/modal/test/auto/CausalityInterface6.xml (RunModel)" time="0.034" />
  <testcase classname="ptolemy.util.test.junit.AutoTests" name="[30] /home/travis/build/icyphy/ptII/ptolemy/domains/modal/test/auto/CausalityInterface7.xml (RunModel)" time="0.024" />
  <testcase classname="ptolemy.util.test.junit.AutoTests" name="[31] /home/travis/build/icyphy/ptII/ptolemy/domains/modal/test/auto/CausalityInterface8.xml (RunModel)" time="0.035" />
  <testcase classname="ptolemy.util.test.junit.AutoTests" name="[32] /home/travis/build/icyphy/ptII/ptolemy/domains/modal/test/auto/CausalityInterface9.xml (RunModel)" time="0.038" />
  <testcase classname="ptolemy.util.test.junit.AutoTests" name="[33] /home/travis/build/icyphy/ptII/ptolemy/domains/modal/test/auto/ChainedTransitions.xml (RunModel)" time="0.138" />
  <testcase classname="ptolemy.util.test.junit.AutoTests" name="[34] /home/travis/build/icyphy/ptII/ptolemy/domains/modal/test/auto/CycleOfImmediateTransitionsFSM.xml (RunModel)" time="0.016" />
  <testcase classname="ptolemy.util.test.junit.AutoTests" name="[35] /home/travis/build/icyphy/ptII/ptolemy/domains/modal/test/auto/CycleOfImmediateTransitionsModal.xml (RunModel)" time="0.024" />
  <testcase classname="ptolemy.util.test.junit.AutoTests" name="[36] /home/travis/build/icyphy/ptII/ptolemy/domains/modal/test/auto/CycleOfImmediateTransitionsModal2.xml (RunModel)" time="0.024" />
  <testcase classname="ptolemy.util.test.junit.AutoTests" name="[37] /home/travis/build/icyphy/ptII/ptolemy/domains/modal/test/auto/CycleOfImmediateTransitionsModal3.xml (RunModel)" time="0.063" />
  <testcase classname="ptolemy.util.test.junit.AutoTests" name="[38] /home/travis/build/icyphy/ptII/ptolemy/domains/modal/test/auto/DeepModal1.xml (RunModel)" time="0.046" />
  <testcase classname="ptolemy.util.test.junit.AutoTests" name="[39] /home/travis/build/icyphy/ptII/ptolemy/domains/modal/test/auto/DeepModal2.xml (RunModel)" time="0.039" />
  <testcase classname="ptolemy.util.test.junit.AutoTests" name="[40] /home/travis/build/icyphy/ptII/ptolemy/domains/modal/test/auto/DeepModal3.xml (RunModel)" time="0.053" />
  <testcase classname="ptolemy.util.test.junit.AutoTests" name="[41] /home/travis/build/icyphy/ptII/ptolemy/domains/modal/test/auto/DeepModal4.xml (RunModel)" time="0.063" />
  <testcase classname="ptolemy.util.test.junit.AutoTests" name="[42] /home/travis/build/icyphy/ptII/ptolemy/domains/modal/test/auto/Default1.xml (RunModel)" time="0.012" />
  <testcase classname="ptolemy.util.test.junit.AutoTests" name="[43] /home/travis/build/icyphy/ptII/ptolemy/domains/modal/test/auto/Default2.xml (RunModel)" time="0.017" />
  <testcase classname="ptolemy.util.test.junit.AutoTests" name="[44] /home/travis/build/icyphy/ptII/ptolemy/domains/modal/test/auto/Default3.xml (RunModel)" time="0.026" />
  <testcase classname="ptolemy.util.test.junit.AutoTests" name="[45] /home/travis/build/icyphy/ptII/ptolemy/domains/modal/test/auto/Default4.xml (RunModel)" time="0.017" />
  <testcase classname="ptolemy.util.test.junit.AutoTests" name="[46] /home/travis/build/icyphy/ptII/ptolemy/domains/modal/test/auto/Default5.xml (RunModel)" time="0.019" />
  <testcase classname="ptolemy.util.test.junit.AutoTests" name="[47] /home/travis/build/icyphy/ptII/ptolemy/domains/modal/test/auto/EmptyGuard.xml (RunModel)" time="0.027" />
  <testcase classname="ptolemy.util.test.junit.AutoTests" name="[48] /home/travis/build/icyphy/ptII/ptolemy/domains/modal/test/auto/ErrorTransition1.xml (RunModel)" time="0.025" />
  <testcase classname="ptolemy.util.test.junit.AutoTests" name="[49] /home/travis/build/icyphy/ptII/ptolemy/domains/modal/test/auto/ErrorTransition10.xml (RunModel)" time="0.05" />
  <testcase classname="ptolemy.util.test.junit.AutoTests" name="[50] /home/travis/build/icyphy/ptII/ptolemy/domains/modal/test/auto/ErrorTransition11.xml (RunModel)" time="0.027" />
  <testcase classname="ptolemy.util.test.junit.AutoTests" name="[51] /home/travis/build/icyphy/ptII/ptolemy/domains/modal/test/auto/ErrorTransition2.xml (RunModel)" time="0.022" />
  <testcase classname="ptolemy.util.test.junit.AutoTests" name="[52] /home/travis/build/icyphy/ptII/ptolemy/domains/modal/test/auto/ErrorTransition3.xml (RunModel)" time="0.037" />
  <testcase classname="ptolemy.util.test.junit.AutoTests" name="[53] /home/travis/build/icyphy/ptII/ptolemy/domains/modal/test/auto/ErrorTransition4.xml (RunModel)" time="0.037" />
  <testcase classname="ptolemy.util.test.junit.AutoTests" name="[54] /home/travis/build/icyphy/ptII/ptolemy/domains/modal/test/auto/ErrorTransition5.xml (RunModel)" time="0.03" />
  <testcase classname="ptolemy.util.test.junit.AutoTests" name="[55] /home/travis/build/icyphy/ptII/ptolemy/domains/modal/test/auto/ErrorTransition6.xml (RunModel)" time="0.031" />
  <testcase classname="ptolemy.util.test.junit.AutoTests" name="[56] /home/travis/build/icyphy/ptII/ptolemy/domains/modal/test/auto/ErrorTransition7.xml (RunModel)" time="0.045" />
  <testcase classname="ptolemy.util.test.junit.AutoTests" name="[57] /home/travis/build/icyphy/ptII/ptolemy/domains/modal/test/auto/ErrorTransition8.xml (RunModel)" time="0.051" />
  <testcase classname="ptolemy.util.test.junit.AutoTests" name="[58] /home/travis/build/icyphy/ptII/ptolemy/domains/modal/test/auto/ErrorTransition9.xml (RunModel)" time="0.037" />
  <testcase classname="ptolemy.util.test.junit.AutoTests" name="[59] /home/travis/build/icyphy/ptII/ptolemy/domains/modal/test/auto/ExtendedFSM.xml (RunModel)" time="0.039" />
  <testcase classname="ptolemy.util.test.junit.AutoTests" name="[60] /home/travis/build/icyphy/ptII/ptolemy/domains/modal/test/auto/FinalStates.xml (RunModel)" time="0.02" />
  <testcase classname="ptolemy.util.test.junit.AutoTests" name="[61] /home/travis/build/icyphy/ptII/ptolemy/domains/modal/test/auto/FixedPointFSM.xml (RunModel)" time="0.045" />
  <testcase classname="ptolemy.util.test.junit.AutoTests" name="[62] /home/travis/build/icyphy/ptII/ptolemy/domains/modal/test/auto/FixedPointIterationFSMActor.xml (RunModel)" time="0.031" />
  <testcase classname="ptolemy.util.test.junit.AutoTests" name="[63] /home/travis/build/icyphy/ptII/ptolemy/domains/modal/test/auto/FixedPointIterationFSMActor2.xml (RunModel)" time="0.028" />
  <testcase classname="ptolemy.util.test.junit.AutoTests" name="[64] /home/travis/build/icyphy/ptII/ptolemy/domains/modal/test/auto/ForbiddenInstantanousLoop.xml (RunModel)" time="0.03" />
  <testcase classname="ptolemy.util.test.junit.AutoTests" name="[65] /home/travis/build/icyphy/ptII/ptolemy/domains/modal/test/auto/FunctionDependencyOfFSMActorTest.xml (RunModel)" time="0.023" />
  <testcase classname="ptolemy.util.test.junit.AutoTests" name="[66] /home/travis/build/icyphy/ptII/ptolemy/domains/modal/test/auto/GuardExpression.xml (RunModel)" time="0.012" />
  <testcase classname="ptolemy.util.test.junit.AutoTests" name="[67] /home/travis/build/icyphy/ptII/ptolemy/domains/modal/test/auto/GuardNotEvaluated.xml (RunModel)" time="0.021" />
  <testcase classname="ptolemy.util.test.junit.AutoTests" name="[68] /home/travis/build/icyphy/ptII/ptolemy/domains/modal/test/auto/GuardNotEvaluated2.xml (RunModel)" time="0.022" />
  <testcase classname="ptolemy.util.test.junit.AutoTests" name="[69] /home/travis/build/icyphy/ptII/ptolemy/domains/modal/test/auto/GuardOnAbsent.xml (RunModel)" time="0.02" />
  <testcase classname="ptolemy.util.test.junit.AutoTests" name="[70] /home/travis/build/icyphy/ptII/ptolemy/domains/modal/test/auto/HierarchicalFSMTypeInference.xml (RunModel)" time="0.023" />
  <testcase classname="ptolemy.util.test.junit.AutoTests" name="[71] /home/travis/build/icyphy/ptII/ptolemy/domains/modal/test/auto/Hysteresis.xml (RunModel)" time="0.037" />
  <testcase classname="ptolemy.util.test.junit.AutoTests" name="[72] /home/travis/build/icyphy/ptII/ptolemy/domains/modal/test/auto/HysteresisWithDefault.xml (RunModel)" time="0.07" />
  <testcase classname="ptolemy.util.test.junit.AutoTests" name="[73] /home/travis/build/icyphy/ptII/ptolemy/domains/modal/test/auto/HysteresisWithDefault2.xml (RunModel)" time="0.067" />
  <testcase classname="ptolemy.util.test.junit.AutoTests" name="[74] /home/travis/build/icyphy/ptII/ptolemy/domains/modal/test/auto/ImmediateNonConstructiveness.xml (RunModel)" time="0.016" />
  <testcase classname="ptolemy.util.test.junit.AutoTests" name="[75] /home/travis/build/icyphy/ptII/ptolemy/domains/modal/test/auto/ImmediateNonConstructiveness2.xml (RunModel)" time="0.014" />
  <testcase classname="ptolemy.util.test.junit.AutoTests" name="[76] /home/travis/build/icyphy/ptII/ptolemy/domains/modal/test/auto/ImmediateTransitionReset.xml (RunModel)" time="0.027" />
  <testcase classname="ptolemy.util.test.junit.AutoTests" name="[77] /home/travis/build/icyphy/ptII/ptolemy/domains/modal/test/auto/ImmediateTransitions1.xml (RunModel)" time="0.011" />
  <testcase classname="ptolemy.util.test.junit.AutoTests" name="[78] /home/travis/build/icyphy/ptII/ptolemy/domains/modal/test/auto/ImmediateTransitionsInstantaneousCommunication.xml (RunModel)" time="0.028" />
  <testcase classname="ptolemy.util.test.junit.AutoTests" name="[79] /home/travis/build/icyphy/ptII/ptolemy/domains/modal/test/auto/InitialImmediateTransition.xml (RunModel)" time="0.014" />
  <testcase classname="ptolemy.util.test.junit.AutoTests" name="[80] /home/travis/build/icyphy/ptII/ptolemy/domains/modal/test/auto/InitialOutputs.xml (RunModel)" time="0.014" />
  <testcase classname="ptolemy.util.test.junit.AutoTests" name="[81] /home/travis/build/icyphy/ptII/ptolemy/domains/modal/test/auto/InitialStateTransition1.xml (RunModel)" time="0.017" />
  <testcase classname="ptolemy.util.test.junit.AutoTests" name="[82] /home/travis/build/icyphy/ptII/ptolemy/domains/modal/test/auto/InitialStateTransition2.xml (RunModel)" time="0.022" />
  <testcase classname="ptolemy.util.test.junit.AutoTests" name="[83] /home/travis/build/icyphy/ptII/ptolemy/domains/modal/test/auto/InitialStateTransition3.xml (RunModel)" time="0.019" />
  <testcase classname="ptolemy.util.test.junit.AutoTests" name="[84] /home/travis/build/icyphy/ptII/ptolemy/domains/modal/test/auto/InitialStateTransition4.xml (RunModel)" time="0.021" />
  <testcase classname="ptolemy.util.test.junit.AutoTests" name="[85] /home/travis/build/icyphy/ptII/ptolemy/domains/modal/test/auto/MalformedGuardExpressionNotCaught.xml (RunModel)" time="0.023" />
  <testcase classname="ptolemy.util.test.junit.AutoTests" name="[86] /home/travis/build/icyphy/ptII/ptolemy/domains/modal/test/auto/ModalBSC.xml (RunModel)" time="0.086" />
  <testcase classname="ptolemy.util.test.junit.AutoTests" name="[87] /home/travis/build/icyphy/ptII/ptolemy/domains/modal/test/auto/ModalClocks.xml (RunModel)" time="0.077" />
  <testcase classname="ptolemy.util.test.junit.AutoTests" name="[88] /home/travis/build/icyphy/ptII/ptolemy/domains/modal/test/auto/ModalDelay.xml (RunModel)" time="0.037" />
  <testcase classname="ptolemy.util.test.junit.AutoTests" name="[89] /home/travis/build/icyphy/ptII/ptolemy/domains/modal/test/auto/ModalDelay2.xml (RunModel)" time="0.037" />
  <testcase classname="ptolemy.util.test.junit.AutoTests" name="[90] /home/travis/build/icyphy/ptII/ptolemy/domains/modal/test/auto/ModalModelFromMemo.xml (RunModel)" time="0.048" />
  <testcase classname="ptolemy.util.test.junit.AutoTests" name="[91] /home/travis/build/icyphy/ptII/ptolemy/domains/modal/test/auto/ModalModelWithMultirateTransient.xml (RunModel)" time="0.048" />
  <testcase classname="ptolemy.util.test.junit.AutoTests" name="[92] /home/travis/build/icyphy/ptII/ptolemy/domains/modal/test/auto/ModalModelWithReset.xml (RunModel)" time="0.053" />
  <testcase classname="ptolemy.util.test.junit.AutoTests" name="[93] /home/travis/build/icyphy/ptII/ptolemy/domains/modal/test/auto/MouseClickFSM.xml (RunModel)" time="0.05" />
  <testcase classname="ptolemy.util.test.junit.AutoTests" name="[94] /home/travis/build/icyphy/ptII/ptolemy/domains/modal/test/auto/MouseClickFSMModal.xml (RunModel)" time="0.03" />
  <testcase classname="ptolemy.util.test.junit.AutoTests" name="[95] /home/travis/build/icyphy/ptII/ptolemy/domains/modal/test/auto/NonStrictFSM_FeedbackLoop.xml (RunModel)" time="0.05" />
  <testcase classname="ptolemy.util.test.junit.AutoTests" name="[96] /home/travis/build/icyphy/ptII/ptolemy/domains/modal/test/auto/NonStrictFSM_FeedbackLoop_Refinement.xml (RunModel)" time="0.064" />
  <testcase classname="ptolemy.util.test.junit.AutoTests" name="[97] /home/travis/build/icyphy/ptII/ptolemy/domains/modal/test/auto/NonStrictFSM_FeedbackLoop_preemptive.xml (RunModel)" time="0.04" />
  <testcase classname="ptolemy.util.test.junit.AutoTests" name="[98] /home/travis/build/icyphy/ptII/ptolemy/domains/modal/test/auto/NormalTermination.xml (RunModel)" time="0.072" />
  <testcase classname="ptolemy.util.test.junit.AutoTests" name="[99] /home/travis/build/icyphy/ptII/ptolemy/domains/modal/test/auto/Pong.xml (RunModel)" time="0.101" />
  <testcase classname="ptolemy.util.test.junit.AutoTests" name="[100] /home/travis/build/icyphy/ptII/ptolemy/domains/modal/test/auto/Pong_test.xml (RunModel)" time="0.12" />
  <testcase classname="ptolemy.util.test.junit.AutoTests" name="[101] /home/travis/build/icyphy/ptII/ptolemy/domains/modal/test/auto/PreemptionHierarchy.xml (RunModel)" time="0.021" />
  <testcase classname="ptolemy.util.test.junit.AutoTests" name="[102] /home/travis/build/icyphy/ptII/ptolemy/domains/modal/test/auto/PreemptionHierarchy2.xml (RunModel)" time="0.049" />
  <testcase classname="ptolemy.util.test.junit.AutoTests" name="[103] /home/travis/build/icyphy/ptII/ptolemy/domains/modal/test/auto/PreemptiveTransition.xml (RunModel)" time="0.02" />
  <testcase classname="ptolemy.util.test.junit.AutoTests" name="[104] /home/travis/build/icyphy/ptII/ptolemy/domains/modal/test/auto/Priorities.xml (RunModel)" time="0.093" />
  <testcase classname="ptolemy.util.test.junit.AutoTests" name="[105] /home/travis/build/icyphy/ptII/ptolemy/domains/modal/test/auto/ResetFinal.xml (RunModel)" time="0.05" />
  <testcase classname="ptolemy.util.test.junit.AutoTests" name="[106] /home/travis/build/icyphy/ptII/ptolemy/domains/modal/test/auto/ResetFinal2.xml (RunModel)" time="0.032" />
  <testcase classname="ptolemy.util.test.junit.AutoTests" name="[107] /home/travis/build/icyphy/ptII/ptolemy/domains/modal/test/auto/ResetTransitionWithStartTime.xml (RunModel)" time="0.028" />
  <testcase classname="ptolemy.util.test.junit.AutoTests" name="[108] /home/travis/build/icyphy/ptII/ptolemy/domains/modal/test/auto/SDF-FSMComposite.xml (RunModel)" time="0.022" />
  <testcase classname="ptolemy.util.test.junit.AutoTests" name="[109] /home/travis/build/icyphy/ptII/ptolemy/domains/modal/test/auto/SeeminglyNondeterminate.xml (RunModel)" time="0.069" />
  <testcase classname="ptolemy.util.test.junit.AutoTests" name="[110] /home/travis/build/icyphy/ptII/ptolemy/domains/modal/test/auto/SeeminglyNondeterminate2.xml (RunModel)" time="0.064" />
  <testcase classname="ptolemy.util.test.junit.AutoTests" name="[111] /home/travis/build/icyphy/ptII/ptolemy/domains/modal/test/auto/SpontaneousFSM.xml (RunModel)" time="0.055" />
  <testcase classname="ptolemy.util.test.junit.AutoTests" name="[112] /home/travis/build/icyphy/ptII/ptolemy/domains/modal/test/auto/SpontaneousFSM2.xml (RunModel)" time="0.026" />
  <testcase classname="ptolemy.util.test.junit.AutoTests" name="[113] /home/travis/build/icyphy/ptII/ptolemy/domains/modal/test/auto/SpontaneousFSM3.xml (RunModel)" time="0.039" />
  <testcase classname="ptolemy.util.test.junit.AutoTests" name="[114] /home/travis/build/icyphy/ptII/ptolemy/domains/modal/test/auto/SpontaneousFSM4.xml (RunModel)" time="0.043" />
  <testcase classname="ptolemy.util.test.junit.AutoTests" name="[115] /home/travis/build/icyphy/ptII/ptolemy/domains/modal/test/auto/StateTrackerTest.xml (RunModel)" time="0.057" />
  <testcase classname="ptolemy.util.test.junit.AutoTests" name="[116] /home/travis/build/icyphy/ptII/ptolemy/domains/modal/test/auto/StrongImmediateTransition.xml (RunModel)" time="0.021" />
  <testcase classname="ptolemy.util.test.junit.AutoTests" name="[117] /home/travis/build/icyphy/ptII/ptolemy/domains/modal/test/auto/SustainHierarchy.xml (RunModel)" time="0.024" />
  <testcase classname="ptolemy.util.test.junit.AutoTests" name="[118] /home/travis/build/icyphy/ptII/ptolemy/domains/modal/test/auto/TerminationTransition1.xml (RunModel)" time="0.017" />
  <testcase classname="ptolemy.util.test.junit.AutoTests" name="[119] /home/travis/build/icyphy/ptII/ptolemy/domains/modal/test/auto/TerminationTransition2.xml (RunModel)" time="0.023" />
  <testcase classname="ptolemy.util.test.junit.AutoTests" name="[120] /home/travis/build/icyphy/ptII/ptolemy/domains/modal/test/auto/TerminationTransition3.xml (RunModel)" time="0.021" />
  <testcase classname="ptolemy.util.test.junit.AutoTests" name="[121] /home/travis/build/icyphy/ptII/ptolemy/domains/modal/test/auto/TerminationTransition4.xml (RunModel)" time="0.032" />
  <testcase classname="ptolemy.util.test.junit.AutoTests" name="[122] /home/travis/build/icyphy/ptII/ptolemy/domains/modal/test/auto/TerminationTransition5.xml (RunModel)" time="0.027" />
  <testcase classname="ptolemy.util.test.junit.AutoTests" name="[123] /home/travis/build/icyphy/ptII/ptolemy/domains/modal/test/auto/TerminationTransition6.xml (RunModel)" time="0.019" />
  <testcase classname="ptolemy.util.test.junit.AutoTests" name="[124] /home/travis/build/icyphy/ptII/ptolemy/domains/modal/test/auto/TerminationTransition7.xml (RunModel)" time="0.018" />
  <testcase classname="ptolemy.util.test.junit.AutoTests" name="[125] /home/travis/build/icyphy/ptII/ptolemy/domains/modal/test/auto/TerminationTransition8.xml (RunModel)" time="0.022" />
  <testcase classname="ptolemy.util.test.junit.AutoTests" name="[126] /home/travis/build/icyphy/ptII/ptolemy/domains/modal/test/auto/Thermostat_NoHysteresis.xml (RunModel)" time="0.059" />
  <testcase classname="ptolemy.util.test.junit.AutoTests" name="[127] /home/travis/build/icyphy/ptII/ptolemy/domains/modal/test/auto/TimedFSM.xml (RunModel)" time="0.032" />
  <testcase classname="ptolemy.util.test.junit.AutoTests" name="[128] /home/travis/build/icyphy/ptII/ptolemy/domains/modal/test/auto/Timeout1.xml (RunModel)" time="0.011" />
  <testcase classname="ptolemy.util.test.junit.AutoTests" name="[129] /home/travis/build/icyphy/ptII/ptolemy/domains/modal/test/auto/Timeout2.xml (RunModel)" time="0.018" />
  <testcase classname="ptolemy.util.test.junit.AutoTests" name="[130] /home/travis/build/icyphy/ptII/ptolemy/domains/modal/test/auto/Timeout3.xml (RunModel)" time="0.01" />
  <testcase classname="ptolemy.util.test.junit.AutoTests" name="[131] /home/travis/build/icyphy/ptII/ptolemy/domains/modal/test/auto/Timeout4.xml (RunModel)" time="0.01" />
  <testcase classname="ptolemy.util.test.junit.AutoTests" name="[132] /home/travis/build/icyphy/ptII/ptolemy/domains/modal/test/auto/TransientstateModelAdvanced.xml (RunModel)" time="0.029" />
  <testcase classname="ptolemy.util.test.junit.AutoTests" name="[133] /home/travis/build/icyphy/ptII/ptolemy/domains/modal/test/auto/TransientstateModelAdvanced2.xml (RunModel)" time="0.027" />
  <testcase classname="ptolemy.util.test.junit.AutoTests" name="[134] /home/travis/build/icyphy/ptII/ptolemy/domains/modal/test/auto/TransitionRefinements.xml (RunModel)" time="0.026" />
  <testcase classname="ptolemy.util.test.junit.AutoTests" name="[135] /home/travis/build/icyphy/ptII/ptolemy/domains/modal/test/auto/TwoRefinements1.xml (RunModel)" time="0.021" />
  <testcase classname="ptolemy.util.test.junit.AutoTests" name="[136] /home/travis/build/icyphy/ptII/ptolemy/domains/modal/test/auto/TwoRefinements2.xml (RunModel)" time="0.022" />
  <testcase classname="ptolemy.util.test.junit.AutoTests" name="[137] /home/travis/build/icyphy/ptII/ptolemy/domains/modal/test/auto/WeakImmediateTransition.xml (RunModel)" time="0.029" />
  <testcase classname="ptolemy.util.test.junit.AutoTests" name="[138] /home/travis/build/icyphy/ptII/ptolemy/domains/modal/test/auto/booleanSelect.xml (RunModel)" time="0.054" />
  <testcase classname="ptolemy.util.test.junit.AutoTests" name="[139] /home/travis/build/icyphy/ptII/ptolemy/domains/modal/test/auto/modalChangingParams.xml (RunModel)" time="0.257" />
  <testcase classname="ptolemy.util.test.junit.AutoTests" name="[140] /home/travis/build/icyphy/ptII/ptolemy/domains/modal/test/auto/modalModel.xml (RunModel)" time="0.027" />
  <testcase classname="ptolemy.util.test.junit.AutoTests" name="[141] /home/travis/build/icyphy/ptII/ptolemy/domains/modal/test/auto/modalModel2.xml (RunModel)" time="0.023" />
  <testcase classname="ptolemy.util.test.junit.AutoTests" name="[142] /home/travis/build/icyphy/ptII/ptolemy/domains/modal/test/auto/modalModel3.xml (RunModel)" time="0.033" />
  <testcase classname="ptolemy.util.test.junit.AutoTests" name="[143] /home/travis/build/icyphy/ptII/ptolemy/domains/modal/test/auto/model1.xml (RunModel)" time="0.016" />
  <testcase classname="ptolemy.util.test.junit.AutoTests" name="[144] /home/travis/build/icyphy/ptII/ptolemy/domains/modal/test/auto/test-direct-in-out.xml (RunModel)" time="0.018" />
  <system-out><![CDATA[/home/travis/build/icyphy/ptII/ptolemy/domains/modal/test/SystemLevelType.tcl
testDefs.tcl: setting time out to 9000 seconds at Sun Feb 16 16:09:11 UTC 2020
02/16/20 04:09:13
Failed: 0  Total Tests: 1  ((Passed: 1, Newly Passed: 0)  Known Failed: 0) /home/travis/build/icyphy/ptII/ptolemy/domains/modal/test
----------------- testing (KnownFailure) /home/travis/build/icyphy/ptII/ptolemy/domains/modal/test/auto/knownFailedTests/CannotAnalysisWithPreemption.xml
77 ms. Memory: 129024K Free: 85977K (67%)
Known Failure: java.lang.reflect.InvocationTargetException
No auto/linux-amd64/*.xml tests in /home/travis/build/icyphy/ptII/ptolemy/domains/modal/test
AutoTests.java: About to close Vertx.
AutoTests.java: Vertx closed.

===========================================================================================
----------------- testing Sun Feb 16 16:09:14 UTC 2020 /home/travis/build/icyphy/ptII/ptolemy/domains/modal/test/auto/ABPTest.xml
----------------- Instantiating /home/travis/build/icyphy/ptII/ptolemy/domains/modal/test/auto/ABPTest.xml
337 ms. Memory: 165888K Free: 124668K (75%)
----------------- Invoking toplevel() on ptolemy.moml.MoMLSimpleApplication@65f40cd
----------------- Done invoking toplevel() on ptolemy.moml.MoMLSimpleApplication@65f40cd
reloadAllAccessors: .ABPTest

===========================================================================================
----------------- testing Sun Feb 16 16:09:14 UTC 2020 /home/travis/build/icyphy/ptII/ptolemy/domains/modal/test/auto/ABROFlat.xml
----------------- Instantiating /home/travis/build/icyphy/ptII/ptolemy/domains/modal/test/auto/ABROFlat.xml
27 ms. Memory: 165888K Free: 109249K (66%)
----------------- Invoking toplevel() on ptolemy.moml.MoMLSimpleApplication@7f1df1b2
----------------- Done invoking toplevel() on ptolemy.moml.MoMLSimpleApplication@7f1df1b2
reloadAllAccessors: .ABROFlat

===========================================================================================
----------------- testing Sun Feb 16 16:09:14 UTC 2020 /home/travis/build/icyphy/ptII/ptolemy/domains/modal/test/auto/ABROFlat2.xml
----------------- Instantiating /home/travis/build/icyphy/ptII/ptolemy/domains/modal/test/auto/ABROFlat2.xml
14 ms. Memory: 165888K Free: 92865K (56%)
----------------- Invoking toplevel() on ptolemy.moml.MoMLSimpleApplication@64695898
----------------- Done invoking toplevel() on ptolemy.moml.MoMLSimpleApplication@64695898
reloadAllAccessors: .ABROFlat2

===========================================================================================
----------------- testing Sun Feb 16 16:09:14 UTC 2020 /home/travis/build/icyphy/ptII/ptolemy/domains/modal/test/auto/ABRO_present_hmm.xml
----------------- Instantiating /home/travis/build/icyphy/ptII/ptolemy/domains/modal/test/auto/ABRO_present_hmm.xml
18 ms. Memory: 165888K Free: 66241K (40%)
----------------- Invoking toplevel() on ptolemy.moml.MoMLSimpleApplication@1d56f0c4
----------------- Done invoking toplevel() on ptolemy.moml.MoMLSimpleApplication@1d56f0c4
reloadAllAccessors: .ABRO_present_hmm

===========================================================================================
----------------- testing Sun Feb 16 16:09:14 UTC 2020 /home/travis/build/icyphy/ptII/ptolemy/domains/modal/test/auto/AMICoderExample.xml
----------------- Instantiating /home/travis/build/icyphy/ptII/ptolemy/domains/modal/test/auto/AMICoderExample.xml
48 ms. Memory: 165888K Free: 146739K (88%)
----------------- Invoking toplevel() on ptolemy.moml.MoMLSimpleApplication@4e016abd
----------------- Done invoking toplevel() on ptolemy.moml.MoMLSimpleApplication@4e016abd
reloadAllAccessors: .AMICoderExample

===========================================================================================
----------------- testing Sun Feb 16 16:09:15 UTC 2020 /home/travis/build/icyphy/ptII/ptolemy/domains/modal/test/auto/AbsentToPresent.xml
----------------- Instantiating /home/travis/build/icyphy/ptII/ptolemy/domains/modal/test/auto/AbsentToPresent.xml
6 ms. Memory: 165888K Free: 141418K (85%)
----------------- Invoking toplevel() on ptolemy.moml.MoMLSimpleApplication@5456a578
----------------- Done invoking toplevel() on ptolemy.moml.MoMLSimpleApplication@5456a578
reloadAllAccessors: .AbsentToPresent

===========================================================================================
----------------- testing Sun Feb 16 16:09:15 UTC 2020 /home/travis/build/icyphy/ptII/ptolemy/domains/modal/test/auto/Blending.xml
----------------- Instantiating /home/travis/build/icyphy/ptII/ptolemy/domains/modal/test/auto/Blending.xml
139 ms. Memory: 165888K Free: 96920K (58%)
----------------- Invoking toplevel() on ptolemy.moml.MoMLSimpleApplication@7553c8e
----------------- Done invoking toplevel() on ptolemy.moml.MoMLSimpleApplication@7553c8e
reloadAllAccessors: .Blending

===========================================================================================
----------------- testing Sun Feb 16 16:09:15 UTC 2020 /home/travis/build/icyphy/ptII/ptolemy/domains/modal/test/auto/Broadcast.xml
----------------- Instantiating /home/travis/build/icyphy/ptII/ptolemy/domains/modal/test/auto/Broadcast.xml
6 ms. Memory: 165888K Free: 86640K (52%)
----------------- Invoking toplevel() on ptolemy.moml.MoMLSimpleApplication@5b242e0
----------------- Done invoking toplevel() on ptolemy.moml.MoMLSimpleApplication@5b242e0
reloadAllAccessors: .Broadcast

===========================================================================================
----------------- testing Sun Feb 16 16:09:15 UTC 2020 /home/travis/build/icyphy/ptII/ptolemy/domains/modal/test/auto/BroadcastHierarchy.xml
----------------- Instantiating /home/travis/build/icyphy/ptII/ptolemy/domains/modal/test/auto/BroadcastHierarchy.xml
13 ms. Memory: 165888K Free: 72810K (44%)
----------------- Invoking toplevel() on ptolemy.moml.MoMLSimpleApplication@7aedef14
----------------- Done invoking toplevel() on ptolemy.moml.MoMLSimpleApplication@7aedef14
reloadAllAccessors: .BroadcastHierarchy

===========================================================================================
----------------- testing Sun Feb 16 16:09:15 UTC 2020 /home/travis/build/icyphy/ptII/ptolemy/domains/modal/test/auto/BroadcastHierarchy2.xml
----------------- Instantiating /home/travis/build/icyphy/ptII/ptolemy/domains/modal/test/auto/BroadcastHierarchy2.xml
23 ms. Memory: 165888K Free: 138338K (83%)
----------------- Invoking toplevel() on ptolemy.moml.MoMLSimpleApplication@63a6c48f
----------------- Done invoking toplevel() on ptolemy.moml.MoMLSimpleApplication@63a6c48f
reloadAllAccessors: .BroadcastHierarchy2

===========================================================================================
----------------- testing Sun Feb 16 16:09:15 UTC 2020 /home/travis/build/icyphy/ptII/ptolemy/domains/modal/test/auto/BroadcastHierarchy3.xml
----------------- Instantiating /home/travis/build/icyphy/ptII/ptolemy/domains/modal/test/auto/BroadcastHierarchy3.xml
25 ms. Memory: 165888K Free: 117912K (71%)
----------------- Invoking toplevel() on ptolemy.moml.MoMLSimpleApplication@259052b
----------------- Done invoking toplevel() on ptolemy.moml.MoMLSimpleApplication@259052b
reloadAllAccessors: .BroadcastHierarchy3

===========================================================================================
----------------- testing Sun Feb 16 16:09:15 UTC 2020 /home/travis/build/icyphy/ptII/ptolemy/domains/modal/test/auto/BroadcastHierarchy4.xml
----------------- Instantiating /home/travis/build/icyphy/ptII/ptolemy/domains/modal/test/auto/BroadcastHierarchy4.xml
14 ms. Memory: 165888K Free: 93320K (56%)
----------------- Invoking toplevel() on ptolemy.moml.MoMLSimpleApplication@e558b56
----------------- Done invoking toplevel() on ptolemy.moml.MoMLSimpleApplication@e558b56
reloadAllAccessors: .BroadcastHierarchy4

===========================================================================================
----------------- testing Sun Feb 16 16:09:15 UTC 2020 /home/travis/build/icyphy/ptII/ptolemy/domains/modal/test/auto/CannotAnalysisWithPreemption2.xml
----------------- Instantiating /home/travis/build/icyphy/ptII/ptolemy/domains/modal/test/auto/CannotAnalysisWithPreemption2.xml
3 ms. Memory: 165888K Free: 86176K (52%)
----------------- Invoking toplevel() on ptolemy.moml.MoMLSimpleApplication@3ac1933b
----------------- Done invoking toplevel() on ptolemy.moml.MoMLSimpleApplication@3ac1933b
reloadAllAccessors: .CannotAnalysisWithPreemption2

===========================================================================================
----------------- testing Sun Feb 16 16:09:15 UTC 2020 /home/travis/build/icyphy/ptII/ptolemy/domains/modal/test/auto/CannotAnalysisWithPreemption3.xml
----------------- Instantiating /home/travis/build/icyphy/ptII/ptolemy/domains/modal/test/auto/CannotAnalysisWithPreemption3.xml
6 ms. Memory: 165888K Free: 76393K (46%)
----------------- Invoking toplevel() on ptolemy.moml.MoMLSimpleApplication@24bc7b3
----------------- Done invoking toplevel() on ptolemy.moml.MoMLSimpleApplication@24bc7b3
reloadAllAccessors: .CannotAnalysisWithPreemption3

===========================================================================================
----------------- testing Sun Feb 16 16:09:15 UTC 2020 /home/travis/build/icyphy/ptII/ptolemy/domains/modal/test/auto/CannotProduce.xml
----------------- Instantiating /home/travis/build/icyphy/ptII/ptolemy/domains/modal/test/auto/CannotProduce.xml
12 ms. Memory: 165888K Free: 69784K (42%)
----------------- Invoking toplevel() on ptolemy.moml.MoMLSimpleApplication@79c6fd77
----------------- Done invoking toplevel() on ptolemy.moml.MoMLSimpleApplication@79c6fd77
reloadAllAccessors: .CannotProduce

===========================================================================================
----------------- testing Sun Feb 16 16:09:15 UTC 2020 /home/travis/build/icyphy/ptII/ptolemy/domains/modal/test/auto/CannotProduceModal.xml
----------------- Instantiating /home/travis/build/icyphy/ptII/ptolemy/domains/modal/test/auto/CannotProduceModal.xml
11 ms. Memory: 165888K Free: 62600K (38%)
----------------- Invoking toplevel() on ptolemy.moml.MoMLSimpleApplication@7478d313
----------------- Done invoking toplevel() on ptolemy.moml.MoMLSimpleApplication@7478d313
reloadAllAccessors: .CannotProduceModal

===========================================================================================
----------------- testing Sun Feb 16 16:09:15 UTC 2020 /home/travis/build/icyphy/ptII/ptolemy/domains/modal/test/auto/Case.xml
----------------- Instantiating /home/travis/build/icyphy/ptII/ptolemy/domains/modal/test/auto/Case.xml
28 ms. Memory: 201728K Free: 180883K (90%)
----------------- Invoking toplevel() on ptolemy.moml.MoMLSimpleApplication@6f30e83
----------------- Done invoking toplevel() on ptolemy.moml.MoMLSimpleApplication@6f30e83
reloadAllAccessors: .Case

===========================================================================================
----------------- testing Sun Feb 16 16:09:15 UTC 2020 /home/travis/build/icyphy/ptII/ptolemy/domains/modal/test/auto/Case1.xml
----------------- Instantiating /home/travis/build/icyphy/ptII/ptolemy/domains/modal/test/auto/Case1.xml
11 ms. Memory: 201728K Free: 173146K (86%)
----------------- Invoking toplevel() on ptolemy.moml.MoMLSimpleApplication@ad9248d
----------------- Done invoking toplevel() on ptolemy.moml.MoMLSimpleApplication@ad9248d
reloadAllAccessors: .Case1

===========================================================================================
----------------- testing Sun Feb 16 16:09:15 UTC 2020 /home/travis/build/icyphy/ptII/ptolemy/domains/modal/test/auto/Case2.xml
----------------- Instantiating /home/travis/build/icyphy/ptII/ptolemy/domains/modal/test/auto/Case2.xml
27 ms. Memory: 201728K Free: 162396K (81%)
----------------- Invoking toplevel() on ptolemy.moml.MoMLSimpleApplication@6b47c335
----------------- Done invoking toplevel() on ptolemy.moml.MoMLSimpleApplication@6b47c335
reloadAllAccessors: .Case2

===========================================================================================
----------------- testing Sun Feb 16 16:09:16 UTC 2020 /home/travis/build/icyphy/ptII/ptolemy/domains/modal/test/auto/CausalityInterface1.xml
----------------- Instantiating /home/travis/build/icyphy/ptII/ptolemy/domains/modal/test/auto/CausalityInterface1.xml
3 ms. Memory: 201728K Free: 157276K (78%)
----------------- Invoking toplevel() on ptolemy.moml.MoMLSimpleApplication@225d5050
----------------- Done invoking toplevel() on ptolemy.moml.MoMLSimpleApplication@225d5050
reloadAllAccessors: .CausalityInterface1

===========================================================================================
----------------- testing Sun Feb 16 16:09:16 UTC 2020 /home/travis/build/icyphy/ptII/ptolemy/domains/modal/test/auto/CausalityInterface10.xml
----------------- Instantiating /home/travis/build/icyphy/ptII/ptolemy/domains/modal/test/auto/CausalityInterface10.xml
6 ms. Memory: 201728K Free: 143964K (71%)
----------------- Invoking toplevel() on ptolemy.moml.MoMLSimpleApplication@1e0963a0
----------------- Done invoking toplevel() on ptolemy.moml.MoMLSimpleApplication@1e0963a0
reloadAllAccessors: .CausalityInterface10

===========================================================================================
----------------- testing Sun Feb 16 16:09:16 UTC 2020 /home/travis/build/icyphy/ptII/ptolemy/domains/modal/test/auto/CausalityInterface11.xml
----------------- Instantiating /home/travis/build/icyphy/ptII/ptolemy/domains/modal/test/auto/CausalityInterface11.xml
5 ms. Memory: 201728K Free: 130652K (65%)
----------------- Invoking toplevel() on ptolemy.moml.MoMLSimpleApplication@49f0db91
----------------- Done invoking toplevel() on ptolemy.moml.MoMLSimpleApplication@49f0db91
reloadAllAccessors: .CausalityInterface11

===========================================================================================
----------------- testing Sun Feb 16 16:09:16 UTC 2020 /home/travis/build/icyphy/ptII/ptolemy/domains/modal/test/auto/CausalityInterface12.xml
----------------- Instantiating /home/travis/build/icyphy/ptII/ptolemy/domains/modal/test/auto/CausalityInterface12.xml
4 ms. Memory: 201728K Free: 117340K (58%)
----------------- Invoking toplevel() on ptolemy.moml.MoMLSimpleApplication@7500154e
----------------- Done invoking toplevel() on ptolemy.moml.MoMLSimpleApplication@7500154e
reloadAllAccessors: .CausalityInterface12

===========================================================================================
----------------- testing Sun Feb 16 16:09:16 UTC 2020 /home/travis/build/icyphy/ptII/ptolemy/domains/modal/test/auto/CausalityInterface13.xml
----------------- Instantiating /home/travis/build/icyphy/ptII/ptolemy/domains/modal/test/auto/CausalityInterface13.xml
11 ms. Memory: 201728K Free: 103499K (51%)
----------------- Invoking toplevel() on ptolemy.moml.MoMLSimpleApplication@43fe6f57
----------------- Done invoking toplevel() on ptolemy.moml.MoMLSimpleApplication@43fe6f57
reloadAllAccessors: .CausalityInterface13

===========================================================================================
----------------- testing Sun Feb 16 16:09:16 UTC 2020 /home/travis/build/icyphy/ptII/ptolemy/domains/modal/test/auto/CausalityInterface14.xml
----------------- Instantiating /home/travis/build/icyphy/ptII/ptolemy/domains/modal/test/auto/CausalityInterface14.xml
6 ms. Memory: 201728K Free: 89692K (44%)
----------------- Invoking toplevel() on ptolemy.moml.MoMLSimpleApplication@22f341b8
----------------- Done invoking toplevel() on ptolemy.moml.MoMLSimpleApplication@22f341b8
reloadAllAccessors: .CausalityInterface14

===========================================================================================
----------------- testing Sun Feb 16 16:09:16 UTC 2020 /home/travis/build/icyphy/ptII/ptolemy/domains/modal/test/auto/CausalityInterface2.xml
----------------- Instantiating /home/travis/build/icyphy/ptII/ptolemy/domains/modal/test/auto/CausalityInterface2.xml
3 ms. Memory: 201728K Free: 83019K (41%)
----------------- Invoking toplevel() on ptolemy.moml.MoMLSimpleApplication@7db9681b
----------------- Done invoking toplevel() on ptolemy.moml.MoMLSimpleApplication@7db9681b
reloadAllAccessors: .CausalityInterface2

===========================================================================================
----------------- testing Sun Feb 16 16:09:16 UTC 2020 /home/travis/build/icyphy/ptII/ptolemy/domains/modal/test/auto/CausalityInterface3.xml
----------------- Instantiating /home/travis/build/icyphy/ptII/ptolemy/domains/modal/test/auto/CausalityInterface3.xml
3 ms. Memory: 201728K Free: 76380K (38%)
----------------- Invoking toplevel() on ptolemy.moml.MoMLSimpleApplication@63f0f42d
----------------- Done invoking toplevel() on ptolemy.moml.MoMLSimpleApplication@63f0f42d
reloadAllAccessors: .CausalityInterface3

===========================================================================================
----------------- testing Sun Feb 16 16:09:16 UTC 2020 /home/travis/build/icyphy/ptII/ptolemy/domains/modal/test/auto/CausalityInterface4.xml
----------------- Instantiating /home/travis/build/icyphy/ptII/ptolemy/domains/modal/test/auto/CausalityInterface4.xml
3 ms. Memory: 201728K Free: 69715K (35%)
----------------- Invoking toplevel() on ptolemy.moml.MoMLSimpleApplication@64fd1f55
----------------- Done invoking toplevel() on ptolemy.moml.MoMLSimpleApplication@64fd1f55
reloadAllAccessors: .CausalityInterface4

===========================================================================================
----------------- testing Sun Feb 16 16:09:16 UTC 2020 /home/travis/build/icyphy/ptII/ptolemy/domains/modal/test/auto/CausalityInterface5.xml
----------------- Instantiating /home/travis/build/icyphy/ptII/ptolemy/domains/modal/test/auto/CausalityInterface5.xml
3 ms. Memory: 201728K Free: 176203K (87%)
----------------- Invoking toplevel() on ptolemy.moml.MoMLSimpleApplication@8fe509b
----------------- Done invoking toplevel() on ptolemy.moml.MoMLSimpleApplication@8fe509b
reloadAllAccessors: .CausalityInterface5

===========================================================================================
----------------- testing Sun Feb 16 16:09:16 UTC 2020 /home/travis/build/icyphy/ptII/ptolemy/domains/modal/test/auto/CausalityInterface6.xml
----------------- Instantiating /home/travis/build/icyphy/ptII/ptolemy/domains/modal/test/auto/CausalityInterface6.xml
4 ms. Memory: 201728K Free: 168011K (83%)
----------------- Invoking toplevel() on ptolemy.moml.MoMLSimpleApplication@13450d18
----------------- Done invoking toplevel() on ptolemy.moml.MoMLSimpleApplication@13450d18
reloadAllAccessors: .CausalityInterface6

===========================================================================================
----------------- testing Sun Feb 16 16:09:16 UTC 2020 /home/travis/build/icyphy/ptII/ptolemy/domains/modal/test/auto/CausalityInterface7.xml
----------------- Instantiating /home/travis/build/icyphy/ptII/ptolemy/domains/modal/test/auto/CausalityInterface7.xml
3 ms. Memory: 201728K Free: 159819K (79%)
----------------- Invoking toplevel() on ptolemy.moml.MoMLSimpleApplication@4acf45d3
----------------- Done invoking toplevel() on ptolemy.moml.MoMLSimpleApplication@4acf45d3
reloadAllAccessors: .CausalityInterface7

===========================================================================================
----------------- testing Sun Feb 16 16:09:16 UTC 2020 /home/travis/build/icyphy/ptII/ptolemy/domains/modal/test/auto/CausalityInterface8.xml
----------------- Instantiating /home/travis/build/icyphy/ptII/ptolemy/domains/modal/test/auto/CausalityInterface8.xml
4 ms. Memory: 201728K Free: 151642K (75%)
----------------- Invoking toplevel() on ptolemy.moml.MoMLSimpleApplication@402a6c28
----------------- Done invoking toplevel() on ptolemy.moml.MoMLSimpleApplication@402a6c28
reloadAllAccessors: .CausalityInterface8

===========================================================================================
----------------- testing Sun Feb 16 16:09:16 UTC 2020 /home/travis/build/icyphy/ptII/ptolemy/domains/modal/test/auto/CausalityInterface9.xml
----------------- Instantiating /home/travis/build/icyphy/ptII/ptolemy/domains/modal/test/auto/CausalityInterface9.xml
5 ms. Memory: 201728K Free: 142426K (71%)
----------------- Invoking toplevel() on ptolemy.moml.MoMLSimpleApplication@7de63920
----------------- Done invoking toplevel() on ptolemy.moml.MoMLSimpleApplication@7de63920
reloadAllAccessors: .CausalityInterface9

===========================================================================================
----------------- testing Sun Feb 16 16:09:16 UTC 2020 /home/travis/build/icyphy/ptII/ptolemy/domains/modal/test/auto/ChainedTransitions.xml
----------------- Instantiating /home/travis/build/icyphy/ptII/ptolemy/domains/modal/test/auto/ChainedTransitions.xml
86 ms. Memory: 201728K Free: 117340K (58%)
----------------- Invoking toplevel() on ptolemy.moml.MoMLSimpleApplication@5e281c30
----------------- Done invoking toplevel() on ptolemy.moml.MoMLSimpleApplication@5e281c30
reloadAllAccessors: .ChainedTransitions

===========================================================================================
----------------- testing Sun Feb 16 16:09:16 UTC 2020 /home/travis/build/icyphy/ptII/ptolemy/domains/modal/test/auto/CycleOfImmediateTransitionsFSM.xml
----------------- Instantiating /home/travis/build/icyphy/ptII/ptolemy/domains/modal/test/auto/CycleOfImmediateTransitionsFSM.xml
2 ms. Memory: 201728K Free: 111706K (55%)
----------------- Invoking toplevel() on ptolemy.moml.MoMLSimpleApplication@4f1c1869
----------------- Done invoking toplevel() on ptolemy.moml.MoMLSimpleApplication@4f1c1869
reloadAllAccessors: .CycleOfImmediateTransitionsFSM

===========================================================================================
----------------- testing Sun Feb 16 16:09:16 UTC 2020 /home/travis/build/icyphy/ptII/ptolemy/domains/modal/test/auto/CycleOfImmediateTransitionsModal.xml
----------------- Instantiating /home/travis/build/icyphy/ptII/ptolemy/domains/modal/test/auto/CycleOfImmediateTransitionsModal.xml
4 ms. Memory: 201728K Free: 105562K (52%)
----------------- Invoking toplevel() on ptolemy.moml.MoMLSimpleApplication@6a60c3f9
----------------- Done invoking toplevel() on ptolemy.moml.MoMLSimpleApplication@6a60c3f9
reloadAllAccessors: .CycleOfImmediateTransitionsModal

===========================================================================================
----------------- testing Sun Feb 16 16:09:16 UTC 2020 /home/travis/build/icyphy/ptII/ptolemy/domains/modal/test/auto/CycleOfImmediateTransitionsModal2.xml
----------------- Instantiating /home/travis/build/icyphy/ptII/ptolemy/domains/modal/test/auto/CycleOfImmediateTransitionsModal2.xml
4 ms. Memory: 201728K Free: 98908K (49%)
----------------- Invoking toplevel() on ptolemy.moml.MoMLSimpleApplication@61b4ca01
----------------- Done invoking toplevel() on ptolemy.moml.MoMLSimpleApplication@61b4ca01
reloadAllAccessors: .CycleOfImmediateTransitionsModal2

===========================================================================================
----------------- testing Sun Feb 16 16:09:16 UTC 2020 /home/travis/build/icyphy/ptII/ptolemy/domains/modal/test/auto/CycleOfImmediateTransitionsModal3.xml
----------------- Instantiating /home/travis/build/icyphy/ptII/ptolemy/domains/modal/test/auto/CycleOfImmediateTransitionsModal3.xml
9 ms. Memory: 201728K Free: 76380K (38%)
----------------- Invoking toplevel() on ptolemy.moml.MoMLSimpleApplication@5d1d7d23
----------------- Done invoking toplevel() on ptolemy.moml.MoMLSimpleApplication@5d1d7d23
reloadAllAccessors: .CycleOfImmediateTransitionsModal3

===========================================================================================
----------------- testing Sun Feb 16 16:09:16 UTC 2020 /home/travis/build/icyphy/ptII/ptolemy/domains/modal/test/auto/DeepModal1.xml
----------------- Instantiating /home/travis/build/icyphy/ptII/ptolemy/domains/modal/test/auto/DeepModal1.xml
13 ms. Memory: 201728K Free: 176723K (88%)
----------------- Invoking toplevel() on ptolemy.moml.MoMLSimpleApplication@6262c3a2
----------------- Done invoking toplevel() on ptolemy.moml.MoMLSimpleApplication@6262c3a2
reloadAllAccessors: .DeepModal1

===========================================================================================
----------------- testing Sun Feb 16 16:09:16 UTC 2020 /home/travis/build/icyphy/ptII/ptolemy/domains/modal/test/auto/DeepModal2.xml
----------------- Instantiating /home/travis/build/icyphy/ptII/ptolemy/domains/modal/test/auto/DeepModal2.xml
13 ms. Memory: 201728K Free: 158298K (78%)
----------------- Invoking toplevel() on ptolemy.moml.MoMLSimpleApplication@560f29f6
----------------- Done invoking toplevel() on ptolemy.moml.MoMLSimpleApplication@560f29f6
reloadAllAccessors: .DeepModal2

===========================================================================================
----------------- testing Sun Feb 16 16:09:16 UTC 2020 /home/travis/build/icyphy/ptII/ptolemy/domains/modal/test/auto/DeepModal3.xml
----------------- Instantiating /home/travis/build/icyphy/ptII/ptolemy/domains/modal/test/auto/DeepModal3.xml
22 ms. Memory: 201728K Free: 138827K (69%)
----------------- Invoking toplevel() on ptolemy.moml.MoMLSimpleApplication@134589a7
----------------- Done invoking toplevel() on ptolemy.moml.MoMLSimpleApplication@134589a7
reloadAllAccessors: .DeepModal3

===========================================================================================
----------------- testing Sun Feb 16 16:09:16 UTC 2020 /home/travis/build/icyphy/ptII/ptolemy/domains/modal/test/auto/DeepModal4.xml
----------------- Instantiating /home/travis/build/icyphy/ptII/ptolemy/domains/modal/test/auto/DeepModal4.xml
28 ms. Memory: 201728K Free: 119386K (59%)
----------------- Invoking toplevel() on ptolemy.moml.MoMLSimpleApplication@c680936
----------------- Done invoking toplevel() on ptolemy.moml.MoMLSimpleApplication@c680936
reloadAllAccessors: .DeepModal4

===========================================================================================
----------------- testing Sun Feb 16 16:09:17 UTC 2020 /home/travis/build/icyphy/ptII/ptolemy/domains/modal/test/auto/Default1.xml
----------------- Instantiating /home/travis/build/icyphy/ptII/ptolemy/domains/modal/test/auto/Default1.xml
2 ms. Memory: 201728K Free: 113242K (56%)
----------------- Invoking toplevel() on ptolemy.moml.MoMLSimpleApplication@1f6c9b8f
----------------- Done invoking toplevel() on ptolemy.moml.MoMLSimpleApplication@1f6c9b8f
reloadAllAccessors: .Default1

===========================================================================================
----------------- testing Sun Feb 16 16:09:17 UTC 2020 /home/travis/build/icyphy/ptII/ptolemy/domains/modal/test/auto/Default2.xml
----------------- Instantiating /home/travis/build/icyphy/ptII/ptolemy/domains/modal/test/auto/Default2.xml
7 ms. Memory: 201728K Free: 107610K (53%)
----------------- Invoking toplevel() on ptolemy.moml.MoMLSimpleApplication@6240f499
----------------- Done invoking toplevel() on ptolemy.moml.MoMLSimpleApplication@6240f499
reloadAllAccessors: .Default2

===========================================================================================
----------------- testing Sun Feb 16 16:09:17 UTC 2020 /home/travis/build/icyphy/ptII/ptolemy/domains/modal/test/auto/Default3.xml
----------------- Instantiating /home/travis/build/icyphy/ptII/ptolemy/domains/modal/test/auto/Default3.xml
5 ms. Memory: 201728K Free: 101978K (51%)
----------------- Invoking toplevel() on ptolemy.moml.MoMLSimpleApplication@2914ce6a
----------------- Done invoking toplevel() on ptolemy.moml.MoMLSimpleApplication@2914ce6a
reloadAllAccessors: .Default3

===========================================================================================
----------------- testing Sun Feb 16 16:09:17 UTC 2020 /home/travis/build/icyphy/ptII/ptolemy/domains/modal/test/auto/Default4.xml
----------------- Instantiating /home/travis/build/icyphy/ptII/ptolemy/domains/modal/test/auto/Default4.xml
6 ms. Memory: 201728K Free: 95322K (47%)
----------------- Invoking toplevel() on ptolemy.moml.MoMLSimpleApplication@64d34ef7
----------------- Done invoking toplevel() on ptolemy.moml.MoMLSimpleApplication@64d34ef7
reloadAllAccessors: .Default4

===========================================================================================
----------------- testing Sun Feb 16 16:09:17 UTC 2020 /home/travis/build/icyphy/ptII/ptolemy/domains/modal/test/auto/Default5.xml
----------------- Instantiating /home/travis/build/icyphy/ptII/ptolemy/domains/modal/test/auto/Default5.xml
6 ms. Memory: 201728K Free: 87132K (43%)
----------------- Invoking toplevel() on ptolemy.moml.MoMLSimpleApplication@34917ec3
----------------- Done invoking toplevel() on ptolemy.moml.MoMLSimpleApplication@34917ec3
reloadAllAccessors: .Default5

===========================================================================================
----------------- testing Sun Feb 16 16:09:17 UTC 2020 /home/travis/build/icyphy/ptII/ptolemy/domains/modal/test/auto/EmptyGuard.xml
----------------- Instantiating /home/travis/build/icyphy/ptII/ptolemy/domains/modal/test/auto/EmptyGuard.xml
9 ms. Memory: 201728K Free: 78940K (39%)
----------------- Invoking toplevel() on ptolemy.moml.MoMLSimpleApplication@53c6fadd
----------------- Done invoking toplevel() on ptolemy.moml.MoMLSimpleApplication@53c6fadd
reloadAllAccessors: .EmptyGuard

===========================================================================================
----------------- testing Sun Feb 16 16:09:17 UTC 2020 /home/travis/build/icyphy/ptII/ptolemy/domains/modal/test/auto/ErrorTransition1.xml
----------------- Instantiating /home/travis/build/icyphy/ptII/ptolemy/domains/modal/test/auto/ErrorTransition1.xml
6 ms. Memory: 201728K Free: 70234K (35%)
----------------- Invoking toplevel() on ptolemy.moml.MoMLSimpleApplication@5c1a116c
----------------- Done invoking toplevel() on ptolemy.moml.MoMLSimpleApplication@5c1a116c
reloadAllAccessors: .ErrorTransition1

===========================================================================================
----------------- testing Sun Feb 16 16:09:17 UTC 2020 /home/travis/build/icyphy/ptII/ptolemy/domains/modal/test/auto/ErrorTransition10.xml
----------------- Instantiating /home/travis/build/icyphy/ptII/ptolemy/domains/modal/test/auto/ErrorTransition10.xml
10 ms. Memory: 201728K Free: 172091K (85%)
----------------- Invoking toplevel() on ptolemy.moml.MoMLSimpleApplication@5df5e98f
----------------- Done invoking toplevel() on ptolemy.moml.MoMLSimpleApplication@5df5e98f
reloadAllAccessors: .ErrorTransition10

===========================================================================================
----------------- testing Sun Feb 16 16:09:17 UTC 2020 /home/travis/build/icyphy/ptII/ptolemy/domains/modal/test/auto/ErrorTransition11.xml
----------------- Instantiating /home/travis/build/icyphy/ptII/ptolemy/domains/modal/test/auto/ErrorTransition11.xml
3 ms. Memory: 201728K Free: 160858K (80%)
----------------- Invoking toplevel() on ptolemy.moml.MoMLSimpleApplication@352d7a0a
----------------- Done invoking toplevel() on ptolemy.moml.MoMLSimpleApplication@352d7a0a
reloadAllAccessors: .ErrorTransition11

===========================================================================================
----------------- testing Sun Feb 16 16:09:17 UTC 2020 /home/travis/build/icyphy/ptII/ptolemy/domains/modal/test/auto/ErrorTransition2.xml
----------------- Instantiating /home/travis/build/icyphy/ptII/ptolemy/domains/modal/test/auto/ErrorTransition2.xml
8 ms. Memory: 201728K Free: 152154K (75%)
----------------- Invoking toplevel() on ptolemy.moml.MoMLSimpleApplication@1190432a
----------------- Done invoking toplevel() on ptolemy.moml.MoMLSimpleApplication@1190432a
reloadAllAccessors: .ErrorTransition2

===========================================================================================
----------------- testing Sun Feb 16 16:09:17 UTC 2020 /home/travis/build/icyphy/ptII/ptolemy/domains/modal/test/auto/ErrorTransition3.xml
----------------- Instantiating /home/travis/build/icyphy/ptII/ptolemy/domains/modal/test/auto/ErrorTransition3.xml
19 ms. Memory: 201728K Free: 141916K (70%)
----------------- Invoking toplevel() on ptolemy.moml.MoMLSimpleApplication@72a08e97
----------------- Done invoking toplevel() on ptolemy.moml.MoMLSimpleApplication@72a08e97
reloadAllAccessors: .ErrorTransition3

===========================================================================================
----------------- testing Sun Feb 16 16:09:17 UTC 2020 /home/travis/build/icyphy/ptII/ptolemy/domains/modal/test/auto/ErrorTransition4.xml
----------------- Instantiating /home/travis/build/icyphy/ptII/ptolemy/domains/modal/test/auto/ErrorTransition4.xml
15 ms. Memory: 201728K Free: 130652K (65%)
----------------- Invoking toplevel() on ptolemy.moml.MoMLSimpleApplication@4eb33d6c
----------------- Done invoking toplevel() on ptolemy.moml.MoMLSimpleApplication@4eb33d6c
reloadAllAccessors: .ErrorTransition4

===========================================================================================
----------------- testing Sun Feb 16 16:09:17 UTC 2020 /home/travis/build/icyphy/ptII/ptolemy/domains/modal/test/auto/ErrorTransition5.xml
----------------- Instantiating /home/travis/build/icyphy/ptII/ptolemy/domains/modal/test/auto/ErrorTransition5.xml
8 ms. Memory: 201728K Free: 120412K (60%)
----------------- Invoking toplevel() on ptolemy.moml.MoMLSimpleApplication@527c3b80
----------------- Done invoking toplevel() on ptolemy.moml.MoMLSimpleApplication@527c3b80
reloadAllAccessors: .ErrorTransition5

===========================================================================================
----------------- testing Sun Feb 16 16:09:17 UTC 2020 /home/travis/build/icyphy/ptII/ptolemy/domains/modal/test/auto/ErrorTransition6.xml
----------------- Instantiating /home/travis/build/icyphy/ptII/ptolemy/domains/modal/test/auto/ErrorTransition6.xml
10 ms. Memory: 201728K Free: 109658K (54%)
----------------- Invoking toplevel() on ptolemy.moml.MoMLSimpleApplication@525f759c
----------------- Done invoking toplevel() on ptolemy.moml.MoMLSimpleApplication@525f759c
reloadAllAccessors: .ErrorTransition6

===========================================================================================
----------------- testing Sun Feb 16 16:09:17 UTC 2020 /home/travis/build/icyphy/ptII/ptolemy/domains/modal/test/auto/ErrorTransition7.xml
----------------- Instantiating /home/travis/build/icyphy/ptII/ptolemy/domains/modal/test/auto/ErrorTransition7.xml
14 ms. Memory: 201728K Free: 96860K (48%)
----------------- Invoking toplevel() on ptolemy.moml.MoMLSimpleApplication@59fdc38d
----------------- Done invoking toplevel() on ptolemy.moml.MoMLSimpleApplication@59fdc38d
reloadAllAccessors: .ErrorTransition7

===========================================================================================
----------------- testing Sun Feb 16 16:09:17 UTC 2020 /home/travis/build/icyphy/ptII/ptolemy/domains/modal/test/auto/ErrorTransition8.xml
----------------- Instantiating /home/travis/build/icyphy/ptII/ptolemy/domains/modal/test/auto/ErrorTransition8.xml
31 ms. Memory: 201728K Free: 84059K (42%)
----------------- Invoking toplevel() on ptolemy.moml.MoMLSimpleApplication@47f2dac4
----------------- Done invoking toplevel() on ptolemy.moml.MoMLSimpleApplication@47f2dac4
reloadAllAccessors: .ErrorTransition8

===========================================================================================
----------------- testing Sun Feb 16 16:09:17 UTC 2020 /home/travis/build/icyphy/ptII/ptolemy/domains/modal/test/auto/ErrorTransition9.xml
----------------- Instantiating /home/travis/build/icyphy/ptII/ptolemy/domains/modal/test/auto/ErrorTransition9.xml
13 ms. Memory: 201728K Free: 70731K (35%)
----------------- Invoking toplevel() on ptolemy.moml.MoMLSimpleApplication@77f524e
----------------- Done invoking toplevel() on ptolemy.moml.MoMLSimpleApplication@77f524e
reloadAllAccessors: .ErrorTransition9

===========================================================================================
----------------- testing Sun Feb 16 16:09:17 UTC 2020 /home/travis/build/icyphy/ptII/ptolemy/domains/modal/test/auto/ExtendedFSM.xml
----------------- Instantiating /home/travis/build/icyphy/ptII/ptolemy/domains/modal/test/auto/ExtendedFSM.xml
7 ms. Memory: 243712K Free: 218204K (90%)
----------------- Invoking toplevel() on ptolemy.moml.MoMLSimpleApplication@3c952fe
----------------- Done invoking toplevel() on ptolemy.moml.MoMLSimpleApplication@3c952fe
reloadAllAccessors: .ExtendedFSM

===========================================================================================
----------------- testing Sun Feb 16 16:09:17 UTC 2020 /home/travis/build/icyphy/ptII/ptolemy/domains/modal/test/auto/FinalStates.xml
----------------- Instantiating /home/travis/build/icyphy/ptII/ptolemy/domains/modal/test/auto/FinalStates.xml
5 ms. Memory: 243712K Free: 210012K (86%)
----------------- Invoking toplevel() on ptolemy.moml.MoMLSimpleApplication@7206c00c
----------------- Done invoking toplevel() on ptolemy.moml.MoMLSimpleApplication@7206c00c
reloadAllAccessors: .FinalStates

===========================================================================================
----------------- testing Sun Feb 16 16:09:17 UTC 2020 /home/travis/build/icyphy/ptII/ptolemy/domains/modal/test/auto/FixedPointFSM.xml
----------------- Instantiating /home/travis/build/icyphy/ptII/ptolemy/domains/modal/test/auto/FixedPointFSM.xml
20 ms. Memory: 243712K Free: 195155K (80%)
----------------- Invoking toplevel() on ptolemy.moml.MoMLSimpleApplication@41d529be
----------------- Done invoking toplevel() on ptolemy.moml.MoMLSimpleApplication@41d529be
reloadAllAccessors: .FixedPointFSM

===========================================================================================
----------------- testing Sun Feb 16 16:09:17 UTC 2020 /home/travis/build/icyphy/ptII/ptolemy/domains/modal/test/auto/FixedPointIterationFSMActor.xml
----------------- Instantiating /home/travis/build/icyphy/ptII/ptolemy/domains/modal/test/auto/FixedPointIterationFSMActor.xml
9 ms. Memory: 243712K Free: 184915K (76%)
----------------- Invoking toplevel() on ptolemy.moml.MoMLSimpleApplication@329f9d62
----------------- Done invoking toplevel() on ptolemy.moml.MoMLSimpleApplication@329f9d62
reloadAllAccessors: .FixedPointIterationFSMActor

===========================================================================================
----------------- testing Sun Feb 16 16:09:17 UTC 2020 /home/travis/build/icyphy/ptII/ptolemy/domains/modal/test/auto/FixedPointIterationFSMActor2.xml
----------------- Instantiating /home/travis/build/icyphy/ptII/ptolemy/domains/modal/test/auto/FixedPointIterationFSMActor2.xml
9 ms. Memory: 243712K Free: 172627K (71%)
----------------- Invoking toplevel() on ptolemy.moml.MoMLSimpleApplication@3645fe8b
----------------- Done invoking toplevel() on ptolemy.moml.MoMLSimpleApplication@3645fe8b
reloadAllAccessors: .FixedPointIterationFSMActor2

===========================================================================================
----------------- testing Sun Feb 16 16:09:17 UTC 2020 /home/travis/build/icyphy/ptII/ptolemy/domains/modal/test/auto/ForbiddenInstantanousLoop.xml
----------------- Instantiating /home/travis/build/icyphy/ptII/ptolemy/domains/modal/test/auto/ForbiddenInstantanousLoop.xml
8 ms. Memory: 243712K Free: 160827K (66%)
----------------- Invoking toplevel() on ptolemy.moml.MoMLSimpleApplication@2c5703c2
----------------- Done invoking toplevel() on ptolemy.moml.MoMLSimpleApplication@2c5703c2
reloadAllAccessors: .ForbiddenInstantanousLoop

===========================================================================================
----------------- testing Sun Feb 16 16:09:17 UTC 2020 /home/travis/build/icyphy/ptII/ptolemy/domains/modal/test/auto/FunctionDependencyOfFSMActorTest.xml
----------------- Instantiating /home/travis/build/icyphy/ptII/ptolemy/domains/modal/test/auto/FunctionDependencyOfFSMActorTest.xml
11 ms. Memory: 243712K Free: 153692K (63%)
----------------- Invoking toplevel() on ptolemy.moml.MoMLSimpleApplication@2cc7bdc7
----------------- Done invoking toplevel() on ptolemy.moml.MoMLSimpleApplication@2cc7bdc7
reloadAllAccessors: .FunctionDependencyOfFSMActorTest

===========================================================================================
----------------- testing Sun Feb 16 16:09:17 UTC 2020 /home/travis/build/icyphy/ptII/ptolemy/domains/modal/test/auto/GuardExpression.xml
----------------- Instantiating /home/travis/build/icyphy/ptII/ptolemy/domains/modal/test/auto/GuardExpression.xml
1 ms. Memory: 243712K Free: 148572K (61%)
----------------- Invoking toplevel() on ptolemy.moml.MoMLSimpleApplication@69515088
----------------- Done invoking toplevel() on ptolemy.moml.MoMLSimpleApplication@69515088
reloadAllAccessors: .GuardExpression

===========================================================================================
----------------- testing Sun Feb 16 16:09:17 UTC 2020 /home/travis/build/icyphy/ptII/ptolemy/domains/modal/test/auto/GuardNotEvaluated.xml
----------------- Instantiating /home/travis/build/icyphy/ptII/ptolemy/domains/modal/test/auto/GuardNotEvaluated.xml
5 ms. Memory: 243712K Free: 139851K (57%)
----------------- Invoking toplevel() on ptolemy.moml.MoMLSimpleApplication@59768191
----------------- Done invoking toplevel() on ptolemy.moml.MoMLSimpleApplication@59768191
reloadAllAccessors: .GuardNotEvaluated

===========================================================================================
----------------- testing Sun Feb 16 16:09:17 UTC 2020 /home/travis/build/icyphy/ptII/ptolemy/domains/modal/test/auto/GuardNotEvaluated2.xml
----------------- Instantiating /home/travis/build/icyphy/ptII/ptolemy/domains/modal/test/auto/GuardNotEvaluated2.xml
6 ms. Memory: 243712K Free: 130140K (53%)
----------------- Invoking toplevel() on ptolemy.moml.MoMLSimpleApplication@74404927
----------------- Done invoking toplevel() on ptolemy.moml.MoMLSimpleApplication@74404927
reloadAllAccessors: .GuardNotEvaluated2

===========================================================================================
----------------- testing Sun Feb 16 16:09:17 UTC 2020 /home/travis/build/icyphy/ptII/ptolemy/domains/modal/test/auto/GuardOnAbsent.xml
----------------- Instantiating /home/travis/build/icyphy/ptII/ptolemy/domains/modal/test/auto/GuardOnAbsent.xml
8 ms. Memory: 243712K Free: 122427K (50%)
----------------- Invoking toplevel() on ptolemy.moml.MoMLSimpleApplication@19cc2913
----------------- Done invoking toplevel() on ptolemy.moml.MoMLSimpleApplication@19cc2913
reloadAllAccessors: .GuardOnAbsent

===========================================================================================
----------------- testing Sun Feb 16 16:09:17 UTC 2020 /home/travis/build/icyphy/ptII/ptolemy/domains/modal/test/auto/HierarchicalFSMTypeInference.xml
----------------- Instantiating /home/travis/build/icyphy/ptII/ptolemy/domains/modal/test/auto/HierarchicalFSMTypeInference.xml
4 ms. Memory: 243712K Free: 112218K (46%)
----------------- Invoking toplevel() on ptolemy.moml.MoMLSimpleApplication@bf194d0
----------------- Done invoking toplevel() on ptolemy.moml.MoMLSimpleApplication@bf194d0
reloadAllAccessors: .HierarchicalFSMTypeInference

===========================================================================================
----------------- testing Sun Feb 16 16:09:17 UTC 2020 /home/travis/build/icyphy/ptII/ptolemy/domains/modal/test/auto/Hysteresis.xml
----------------- Instantiating /home/travis/build/icyphy/ptII/ptolemy/domains/modal/test/auto/Hysteresis.xml
11 ms. Memory: 243712K Free: 98891K (41%)
----------------- Invoking toplevel() on ptolemy.moml.MoMLSimpleApplication@5019fb20
----------------- Done invoking toplevel() on ptolemy.moml.MoMLSimpleApplication@5019fb20
reloadAllAccessors: .Hysteresis

===========================================================================================
----------------- testing Sun Feb 16 16:09:17 UTC 2020 /home/travis/build/icyphy/ptII/ptolemy/domains/modal/test/auto/HysteresisWithDefault.xml
----------------- Instantiating /home/travis/build/icyphy/ptII/ptolemy/domains/modal/test/auto/HysteresisWithDefault.xml
44 ms. Memory: 243712K Free: 214620K (88%)
----------------- Invoking toplevel() on ptolemy.moml.MoMLSimpleApplication@4388ecfb
----------------- Done invoking toplevel() on ptolemy.moml.MoMLSimpleApplication@4388ecfb
reloadAllAccessors: .HysteresisWithDefault

===========================================================================================
----------------- testing Sun Feb 16 16:09:18 UTC 2020 /home/travis/build/icyphy/ptII/ptolemy/domains/modal/test/auto/HysteresisWithDefault2.xml
----------------- Instantiating /home/travis/build/icyphy/ptII/ptolemy/domains/modal/test/auto/HysteresisWithDefault2.xml
41 ms. Memory: 243712K Free: 184922K (76%)
----------------- Invoking toplevel() on ptolemy.moml.MoMLSimpleApplication@68504a15
----------------- Done invoking toplevel() on ptolemy.moml.MoMLSimpleApplication@68504a15
reloadAllAccessors: .HysteresisWithDefault2

===========================================================================================
----------------- testing Sun Feb 16 16:09:18 UTC 2020 /home/travis/build/icyphy/ptII/ptolemy/domains/modal/test/auto/ImmediateNonConstructiveness.xml
----------------- Instantiating /home/travis/build/icyphy/ptII/ptolemy/domains/modal/test/auto/ImmediateNonConstructiveness.xml
3 ms. Memory: 243712K Free: 177756K (73%)
----------------- Invoking toplevel() on ptolemy.moml.MoMLSimpleApplication@29bca6cc
----------------- Done invoking toplevel() on ptolemy.moml.MoMLSimpleApplication@29bca6cc
reloadAllAccessors: .ImmediateNonConstructiveness

===========================================================================================
----------------- testing Sun Feb 16 16:09:18 UTC 2020 /home/travis/build/icyphy/ptII/ptolemy/domains/modal/test/auto/ImmediateNonConstructiveness2.xml
----------------- Instantiating /home/travis/build/icyphy/ptII/ptolemy/domains/modal/test/auto/ImmediateNonConstructiveness2.xml
2 ms. Memory: 243712K Free: 171098K (70%)
----------------- Invoking toplevel() on ptolemy.moml.MoMLSimpleApplication@47961e38
----------------- Done invoking toplevel() on ptolemy.moml.MoMLSimpleApplication@47961e38
reloadAllAccessors: .ImmediateNonConstructiveness2

===========================================================================================
----------------- testing Sun Feb 16 16:09:18 UTC 2020 /home/travis/build/icyphy/ptII/ptolemy/domains/modal/test/auto/ImmediateTransitionReset.xml
----------------- Instantiating /home/travis/build/icyphy/ptII/ptolemy/domains/modal/test/auto/ImmediateTransitionReset.xml
5 ms. Memory: 243712K Free: 158810K (65%)
----------------- Invoking toplevel() on ptolemy.moml.MoMLSimpleApplication@2fe00353
----------------- Done invoking toplevel() on ptolemy.moml.MoMLSimpleApplication@2fe00353
reloadAllAccessors: .ImmediateTransitionReset

===========================================================================================
----------------- testing Sun Feb 16 16:09:18 UTC 2020 /home/travis/build/icyphy/ptII/ptolemy/domains/modal/test/auto/ImmediateTransitions1.xml
----------------- Instantiating /home/travis/build/icyphy/ptII/ptolemy/domains/modal/test/auto/ImmediateTransitions1.xml
1 ms. Memory: 243712K Free: 153690K (63%)
----------------- Invoking toplevel() on ptolemy.moml.MoMLSimpleApplication@689325e9
----------------- Done invoking toplevel() on ptolemy.moml.MoMLSimpleApplication@689325e9
reloadAllAccessors: .ImmediateTransitions1

===========================================================================================
----------------- testing Sun Feb 16 16:09:18 UTC 2020 /home/travis/build/icyphy/ptII/ptolemy/domains/modal/test/auto/ImmediateTransitionsInstantaneousCommunication.xml
----------------- Instantiating /home/travis/build/icyphy/ptII/ptolemy/domains/modal/test/auto/ImmediateTransitionsInstantaneousCommunication.xml
4 ms. Memory: 243712K Free: 141402K (58%)
----------------- Invoking toplevel() on ptolemy.moml.MoMLSimpleApplication@2970585c
----------------- Done invoking toplevel() on ptolemy.moml.MoMLSimpleApplication@2970585c
reloadAllAccessors: .ImmediateTransitionsInstantaneousCommunication

===========================================================================================
----------------- testing Sun Feb 16 16:09:18 UTC 2020 /home/travis/build/icyphy/ptII/ptolemy/domains/modal/test/auto/InitialImmediateTransition.xml
----------------- Instantiating /home/travis/build/icyphy/ptII/ptolemy/domains/modal/test/auto/InitialImmediateTransition.xml
3 ms. Memory: 243712K Free: 134227K (55%)
----------------- Invoking toplevel() on ptolemy.moml.MoMLSimpleApplication@7de7fdea
----------------- Done invoking toplevel() on ptolemy.moml.MoMLSimpleApplication@7de7fdea
reloadAllAccessors: .InitialImmediateTransition

===========================================================================================
----------------- testing Sun Feb 16 16:09:18 UTC 2020 /home/travis/build/icyphy/ptII/ptolemy/domains/modal/test/auto/InitialOutputs.xml
----------------- Instantiating /home/travis/build/icyphy/ptII/ptolemy/domains/modal/test/auto/InitialOutputs.xml
3 ms. Memory: 243712K Free: 128083K (53%)
----------------- Invoking toplevel() on ptolemy.moml.MoMLSimpleApplication@2a83b69c
----------------- Done invoking toplevel() on ptolemy.moml.MoMLSimpleApplication@2a83b69c
reloadAllAccessors: .InitialOutputs

===========================================================================================
----------------- testing Sun Feb 16 16:09:18 UTC 2020 /home/travis/build/icyphy/ptII/ptolemy/domains/modal/test/auto/InitialStateTransition1.xml
----------------- Instantiating /home/travis/build/icyphy/ptII/ptolemy/domains/modal/test/auto/InitialStateTransition1.xml
2 ms. Memory: 243712K Free: 120922K (50%)
----------------- Invoking toplevel() on ptolemy.moml.MoMLSimpleApplication@66acfde7
----------------- Done invoking toplevel() on ptolemy.moml.MoMLSimpleApplication@66acfde7
reloadAllAccessors: .InitialStateTransition1

===========================================================================================
----------------- testing Sun Feb 16 16:09:18 UTC 2020 /home/travis/build/icyphy/ptII/ptolemy/domains/modal/test/auto/InitialStateTransition2.xml
----------------- Instantiating /home/travis/build/icyphy/ptII/ptolemy/domains/modal/test/auto/InitialStateTransition2.xml
.InitialStateTransition2.TestExceptionAttributeNonConstructive: initialize() was not invoked, but wrapup() was.  This is unusual, but not always a problem.  For example, exporting JNLP will do this.
1 ms. Memory: 243712K Free: 113244K (46%)
----------------- Invoking toplevel() on ptolemy.moml.MoMLSimpleApplication@eeb5526
----------------- Done invoking toplevel() on ptolemy.moml.MoMLSimpleApplication@eeb5526
reloadAllAccessors: .InitialStateTransition2

===========================================================================================
----------------- testing Sun Feb 16 16:09:18 UTC 2020 /home/travis/build/icyphy/ptII/ptolemy/domains/modal/test/auto/InitialStateTransition3.xml
----------------- Instantiating /home/travis/build/icyphy/ptII/ptolemy/domains/modal/test/auto/InitialStateTransition3.xml
3 ms. Memory: 243712K Free: 104538K (43%)
----------------- Invoking toplevel() on ptolemy.moml.MoMLSimpleApplication@6d17e101
----------------- Done invoking toplevel() on ptolemy.moml.MoMLSimpleApplication@6d17e101
reloadAllAccessors: .InitialStateTransition3

===========================================================================================
----------------- testing Sun Feb 16 16:09:18 UTC 2020 /home/travis/build/icyphy/ptII/ptolemy/domains/modal/test/auto/InitialStateTransition4.xml
----------------- Instantiating /home/travis/build/icyphy/ptII/ptolemy/domains/modal/test/auto/InitialStateTransition4.xml
2 ms. Memory: 243712K Free: 94812K (39%)
----------------- Invoking toplevel() on ptolemy.moml.MoMLSimpleApplication@31a5cc48
----------------- Done invoking toplevel() on ptolemy.moml.MoMLSimpleApplication@31a5cc48
reloadAllAccessors: .InitialStateTransition4

[...]
reloadAllAccessors: .TerminationTransition3

===========================================================================================
----------------- testing Sun Feb 16 16:09:20 UTC 2020 /home/travis/build/icyphy/ptII/ptolemy/domains/modal/test/auto/TerminationTransition4.xml
----------------- Instantiating /home/travis/build/icyphy/ptII/ptolemy/domains/modal/test/auto/TerminationTransition4.xml
5 ms. Memory: 296960K Free: 151040K (51%)
----------------- Invoking toplevel() on ptolemy.moml.MoMLSimpleApplication@2e4e0bb3
----------------- Done invoking toplevel() on ptolemy.moml.MoMLSimpleApplication@2e4e0bb3
reloadAllAccessors: .TerminationTransition4

===========================================================================================
----------------- testing Sun Feb 16 16:09:20 UTC 2020 /home/travis/build/icyphy/ptII/ptolemy/domains/modal/test/auto/TerminationTransition5.xml
----------------- Instantiating /home/travis/build/icyphy/ptII/ptolemy/domains/modal/test/auto/TerminationTransition5.xml
2 ms. Memory: 296960K Free: 137214K (46%)
----------------- Invoking toplevel() on ptolemy.moml.MoMLSimpleApplication@19ca7b22
----------------- Done invoking toplevel() on ptolemy.moml.MoMLSimpleApplication@19ca7b22
reloadAllAccessors: .TerminationTransition5

===========================================================================================
----------------- testing Sun Feb 16 16:09:20 UTC 2020 /home/travis/build/icyphy/ptII/ptolemy/domains/modal/test/auto/TerminationTransition6.xml
----------------- Instantiating /home/travis/build/icyphy/ptII/ptolemy/domains/modal/test/auto/TerminationTransition6.xml
1 ms. Memory: 296960K Free: 128512K (43%)
----------------- Invoking toplevel() on ptolemy.moml.MoMLSimpleApplication@4deb7433
----------------- Done invoking toplevel() on ptolemy.moml.MoMLSimpleApplication@4deb7433
reloadAllAccessors: .TerminationTransition6

===========================================================================================
----------------- testing Sun Feb 16 16:09:20 UTC 2020 /home/travis/build/icyphy/ptII/ptolemy/domains/modal/test/auto/TerminationTransition7.xml
----------------- Instantiating /home/travis/build/icyphy/ptII/ptolemy/domains/modal/test/auto/TerminationTransition7.xml
2 ms. Memory: 296960K Free: 119296K (40%)
----------------- Invoking toplevel() on ptolemy.moml.MoMLSimpleApplication@31ad3874
----------------- Done invoking toplevel() on ptolemy.moml.MoMLSimpleApplication@31ad3874
reloadAllAccessors: .TerminationTransition7

===========================================================================================
----------------- testing Sun Feb 16 16:09:20 UTC 2020 /home/travis/build/icyphy/ptII/ptolemy/domains/modal/test/auto/TerminationTransition8.xml
----------------- Instantiating /home/travis/build/icyphy/ptII/ptolemy/domains/modal/test/auto/TerminationTransition8.xml
2 ms. Memory: 296960K Free: 109566K (37%)
----------------- Invoking toplevel() on ptolemy.moml.MoMLSimpleApplication@2c8f1479
----------------- Done invoking toplevel() on ptolemy.moml.MoMLSimpleApplication@2c8f1479
reloadAllAccessors: .TerminationTransition8

===========================================================================================
----------------- testing Sun Feb 16 16:09:20 UTC 2020 /home/travis/build/icyphy/ptII/ptolemy/domains/modal/test/auto/Thermostat_NoHysteresis.xml
----------------- Instantiating /home/travis/build/icyphy/ptII/ptolemy/domains/modal/test/auto/Thermostat_NoHysteresis.xml
23 ms. Memory: 296960K Free: 257639K (87%)
----------------- Invoking toplevel() on ptolemy.moml.MoMLSimpleApplication@23305756
----------------- Done invoking toplevel() on ptolemy.moml.MoMLSimpleApplication@23305756
reloadAllAccessors: .Thermostat_NoHysteresis

===========================================================================================
----------------- testing Sun Feb 16 16:09:20 UTC 2020 /home/travis/build/icyphy/ptII/ptolemy/domains/modal/test/auto/TimedFSM.xml
----------------- Instantiating /home/travis/build/icyphy/ptII/ptolemy/domains/modal/test/auto/TimedFSM.xml
7 ms. Memory: 296960K Free: 245879K (83%)
----------------- Invoking toplevel() on ptolemy.moml.MoMLSimpleApplication@56334da7
----------------- Done invoking toplevel() on ptolemy.moml.MoMLSimpleApplication@56334da7
reloadAllAccessors: .TimedFSM

===========================================================================================
----------------- testing Sun Feb 16 16:09:20 UTC 2020 /home/travis/build/icyphy/ptII/ptolemy/domains/modal/test/auto/Timeout1.xml
----------------- Instantiating /home/travis/build/icyphy/ptII/ptolemy/domains/modal/test/auto/Timeout1.xml
2 ms. Memory: 296960K Free: 240231K (81%)
----------------- Invoking toplevel() on ptolemy.moml.MoMLSimpleApplication@19317c06
----------------- Done invoking toplevel() on ptolemy.moml.MoMLSimpleApplication@19317c06
reloadAllAccessors: .Timeout1

===========================================================================================
----------------- testing Sun Feb 16 16:09:20 UTC 2020 /home/travis/build/icyphy/ptII/ptolemy/domains/modal/test/auto/Timeout2.xml
----------------- Instantiating /home/travis/build/icyphy/ptII/ptolemy/domains/modal/test/auto/Timeout2.xml
6 ms. Memory: 296960K Free: 231543K (78%)
----------------- Invoking toplevel() on ptolemy.moml.MoMLSimpleApplication@3533e194
----------------- Done invoking toplevel() on ptolemy.moml.MoMLSimpleApplication@3533e194
reloadAllAccessors: .Timeout2

===========================================================================================
----------------- testing Sun Feb 16 16:09:20 UTC 2020 /home/travis/build/icyphy/ptII/ptolemy/domains/modal/test/auto/Timeout3.xml
----------------- Instantiating /home/travis/build/icyphy/ptII/ptolemy/domains/modal/test/auto/Timeout3.xml
2 ms. Memory: 296960K Free: 226423K (76%)
----------------- Invoking toplevel() on ptolemy.moml.MoMLSimpleApplication@506d6422
----------------- Done invoking toplevel() on ptolemy.moml.MoMLSimpleApplication@506d6422
reloadAllAccessors: .Timeout3

===========================================================================================
----------------- testing Sun Feb 16 16:09:20 UTC 2020 /home/travis/build/icyphy/ptII/ptolemy/domains/modal/test/auto/Timeout4.xml
----------------- Instantiating /home/travis/build/icyphy/ptII/ptolemy/domains/modal/test/auto/Timeout4.xml
1 ms. Memory: 296960K Free: 221303K (75%)
----------------- Invoking toplevel() on ptolemy.moml.MoMLSimpleApplication@31f5cf54
----------------- Done invoking toplevel() on ptolemy.moml.MoMLSimpleApplication@31f5cf54
reloadAllAccessors: .Timeout4

===========================================================================================
----------------- testing Sun Feb 16 16:09:20 UTC 2020 /home/travis/build/icyphy/ptII/ptolemy/domains/modal/test/auto/TransientstateModelAdvanced.xml
----------------- Instantiating /home/travis/build/icyphy/ptII/ptolemy/domains/modal/test/auto/TransientstateModelAdvanced.xml
3 ms. Memory: 296960K Free: 209015K (70%)
----------------- Invoking toplevel() on ptolemy.moml.MoMLSimpleApplication@65549124
----------------- Done invoking toplevel() on ptolemy.moml.MoMLSimpleApplication@65549124
reloadAllAccessors: .TransientstateModelAdvanced

===========================================================================================
----------------- testing Sun Feb 16 16:09:20 UTC 2020 /home/travis/build/icyphy/ptII/ptolemy/domains/modal/test/auto/TransientstateModelAdvanced2.xml
----------------- Instantiating /home/travis/build/icyphy/ptII/ptolemy/domains/modal/test/auto/TransientstateModelAdvanced2.xml
2 ms. Memory: 296960K Free: 194679K (66%)
----------------- Invoking toplevel() on ptolemy.moml.MoMLSimpleApplication@59a64e79
----------------- Done invoking toplevel() on ptolemy.moml.MoMLSimpleApplication@59a64e79
reloadAllAccessors: .transientstatemodelAdvanced

===========================================================================================
----------------- testing Sun Feb 16 16:09:20 UTC 2020 /home/travis/build/icyphy/ptII/ptolemy/domains/modal/test/auto/TransitionRefinements.xml
----------------- Instantiating /home/travis/build/icyphy/ptII/ptolemy/domains/modal/test/auto/TransitionRefinements.xml
6 ms. Memory: 296960K Free: 184935K (62%)
----------------- Invoking toplevel() on ptolemy.moml.MoMLSimpleApplication@1050fe0e
----------------- Done invoking toplevel() on ptolemy.moml.MoMLSimpleApplication@1050fe0e
reloadAllAccessors: .TransitionRefinements

===========================================================================================
----------------- testing Sun Feb 16 16:09:20 UTC 2020 /home/travis/build/icyphy/ptII/ptolemy/domains/modal/test/auto/TwoRefinements1.xml
----------------- Instantiating /home/travis/build/icyphy/ptII/ptolemy/domains/modal/test/auto/TwoRefinements1.xml
3 ms. Memory: 296960K Free: 175223K (59%)
----------------- Invoking toplevel() on ptolemy.moml.MoMLSimpleApplication@490fb0f9
----------------- Done invoking toplevel() on ptolemy.moml.MoMLSimpleApplication@490fb0f9
reloadAllAccessors: .TwoRefinements1

===========================================================================================
----------------- testing Sun Feb 16 16:09:20 UTC 2020 /home/travis/build/icyphy/ptII/ptolemy/domains/modal/test/auto/TwoRefinements2.xml
----------------- Instantiating /home/travis/build/icyphy/ptII/ptolemy/domains/modal/test/auto/TwoRefinements2.xml
2 ms. Memory: 296960K Free: 164983K (56%)
----------------- Invoking toplevel() on ptolemy.moml.MoMLSimpleApplication@3bc998a2
----------------- Done invoking toplevel() on ptolemy.moml.MoMLSimpleApplication@3bc998a2
reloadAllAccessors: .TwoRefinements2

===========================================================================================
----------------- testing Sun Feb 16 16:09:20 UTC 2020 /home/travis/build/icyphy/ptII/ptolemy/domains/modal/test/auto/WeakImmediateTransition.xml
----------------- Instantiating /home/travis/build/icyphy/ptII/ptolemy/domains/modal/test/auto/WeakImmediateTransition.xml
5 ms. Memory: 296960K Free: 156277K (53%)
----------------- Invoking toplevel() on ptolemy.moml.MoMLSimpleApplication@12784271
----------------- Done invoking toplevel() on ptolemy.moml.MoMLSimpleApplication@12784271
reloadAllAccessors: .WeakImmediateTransition

===========================================================================================
----------------- testing Sun Feb 16 16:09:20 UTC 2020 /home/travis/build/icyphy/ptII/ptolemy/domains/modal/test/auto/booleanSelect.xml
----------------- Instantiating /home/travis/build/icyphy/ptII/ptolemy/domains/modal/test/auto/booleanSelect.xml
22 ms. Memory: 296960K Free: 138359K (47%)
----------------- Invoking toplevel() on ptolemy.moml.MoMLSimpleApplication@66fd4899
----------------- Done invoking toplevel() on ptolemy.moml.MoMLSimpleApplication@66fd4899
reloadAllAccessors: .booleanSelect

===========================================================================================
----------------- testing Sun Feb 16 16:09:20 UTC 2020 /home/travis/build/icyphy/ptII/ptolemy/domains/modal/test/auto/modalChangingParams.xml
----------------- Instantiating /home/travis/build/icyphy/ptII/ptolemy/domains/modal/test/auto/modalChangingParams.xml
0
1
0
2
4
6
8
7
0
2
4
6
8
13
0
2
4
6
8
19
0
2
4
6
8
25
0
2
4
6
8
31
0
2
4
6
8
37
0
2
4
6
8
43
0
2
4
6
8
49
0
2
4
6
8
55
0
2
4
6
8
61
0
2
4
6
8
67
0
2
4
6
8
73
0
2
4
6
8
79
0
2
4
6
8
85
0
2
4
6
8
91
0
2
4
6
8
97
0
2
4
6
8
103
0
2
4
6
8
109
0
2
4
6
8
115
0
2
4
6
8
121
0
2
4
6
8
127
0
2
4
6
8
133
0
2
4
6
8
139
0
2
4
6
8
145
0
2
4
6
8
151
0
2
4
6
8
157
0
2
4
6
8
163
0
2
4
6
8
169
0
2
4
6
8
175
0
2
4
6
8
181
0
2
4
6
8
187
0
2
4
6
8
193
0
2
4
6
8
199
0
2
4
6
8
205
0
2
4
6
8
211
0
2
4
6
8
217
0
2
4
6
8
223
0
2
4
6
8
229
0
2
4
6
8
235
0
2
4
6
8
241
0
2
4
6
8
247
0
2
4
6
8
253
0
2
4
6
8
259
0
2
4
6
8
265
0
2
4
6
8
271
0
2
4
6
8
277
0
2
4
6
8
283
0
2
4
6
8
289
0
2
4
6
8
295
0
2
4
6
8
301
0
2
4
6
8
307
0
2
4
6
8
313
0
2
4
6
8
319
0
2
4
6
8
325
0
2
4
6
8
331
0
2
4
6
8
337
0
2
4
6
8
343
0
2
4
6
8
349
0
2
4
6
8
355
0
2
4
6
8
361
0
2
4
6
8
367
0
2
4
6
8
373
0
2
4
6
8
379
0
2
4
6
8
385
0
2
4
6
8
391
0
2
4
6
8
397
0
2
4
6
8
403
0
2
4
6
8
409
0
2
4
6
8
415
0
2
4
6
8
421
0
2
4
6
8
427
0
2
4
6
8
433
0
2
4
6
8
439
0
2
4
6
8
445
0
2
4
6
8
451
0
2
4
6
8
457
0
2
4
6
8
463
0
2
4
6
8
469
0
2
4
6
8
475
0
2
4
6
8
481
0
2
4
6
8
487
0
2
4
6
8
493
0
2
4
6
8
499
0
2
4
6
8
505
0
2
4
6
8
511
0
2
4
6
8
517
0
2
4
6
8
523
0
2
4
6
8
529
0
2
4
6
8
535
0
2
4
6
8
541
0
2
4
6
8
547
0
2
4
6
8
553
0
2
4
6
8
559
0
2
4
6
8
565
0
2
4
6
8
571
0
2
4
6
8
577
0
2
4
6
8
583
0
2
4
6
8
589
0
2
4
6
8
595
0
2
4
6
8
601
0
2
4
6
8
607
0
2
4
6
8
613
0
2
4
6
8
619
0
2
4
6
8
625
0
2
4
6
8
631
0
2
4
6
8
637
0
2
4
6
8
643
0
2
4
6
8
649
0
2
4
6
8
655
0
2
4
6
8
661
0
2
4
6
8
667
0
2
4
6
8
673
0
2
4
6
8
679
0
2
4
6
8
685
0
2
4
6
8
691
0
2
4
6
8
697
0
2
4
6
8
703
0
2
4
6
8
709
0
2
4
6
8
715
0
2
4
6
8
721
0
2
4
6
8
727
0
2
4
6
8
733
0
2
4
6
8
739
0
2
4
6
8
745
0
2
4
6
8
751
0
2
4
6
8
757
0
2
4
6
8
763
0
2
4
6
8
769
0
2
4
6
8
775
0
2
4
6
8
781
0
2
4
6
8
787
0
2
4
6
8
793
0
2
4
6
8
799
0
2
4
6
8
805
0
2
4
6
8
811
0
2
4
6
8
817
0
2
4
6
8
823
0
2
4
6
8
829
0
2
4
6
8
835
0
2
4
6
8
841
0
2
4
6
8
847
0
2
4
6
8
853
0
2
4
6
8
859
0
2
4
6
8
865
0
2
4
6
8
871
0
2
4
6
8
877
0
2
4
6
8
883
0
2
4
6
8
889
0
2
4
6
8
895
0
2
4
6
8
901
0
2
4
6
8
907
0
2
4
6
8
913
0
2
4
6
8
919
0
2
4
6
8
925
0
2
4
6
8
931
0
2
4
6
8
937
0
2
4
6
8
943
0
2
4
6
8
949
0
2
4
6
8
955
0
2
4
6
8
961
0
2
4
6
8
967
0
2
4
6
8
973
0
2
4
6
8
979
0
2
4
6
8
985
0
2
4
6
8
991
0
2
4
6
8
997
0
2
233 ms. Memory: 296960K Free: 197582K (67%)
----------------- Invoking toplevel() on ptolemy.moml.MoMLSimpleApplication@7e607e57
----------------- Done invoking toplevel() on ptolemy.moml.MoMLSimpleApplication@7e607e57
reloadAllAccessors: .modalChangingParams

===========================================================================================
----------------- testing Sun Feb 16 16:09:20 UTC 2020 /home/travis/build/icyphy/ptII/ptolemy/domains/modal/test/auto/modalModel.xml
----------------- Instantiating /home/travis/build/icyphy/ptII/ptolemy/domains/modal/test/auto/modalModel.xml
11 ms. Memory: 296960K Free: 188366K (63%)
----------------- Invoking toplevel() on ptolemy.moml.MoMLSimpleApplication@1a9fae22
----------------- Done invoking toplevel() on ptolemy.moml.MoMLSimpleApplication@1a9fae22
reloadAllAccessors: .modalModel

===========================================================================================
----------------- testing Sun Feb 16 16:09:20 UTC 2020 /home/travis/build/icyphy/ptII/ptolemy/domains/modal/test/auto/modalModel2.xml
----------------- Instantiating /home/travis/build/icyphy/ptII/ptolemy/domains/modal/test/auto/modalModel2.xml
5 ms. Memory: 296960K Free: 177598K (60%)
----------------- Invoking toplevel() on ptolemy.moml.MoMLSimpleApplication@75b07aaa
----------------- Done invoking toplevel() on ptolemy.moml.MoMLSimpleApplication@75b07aaa
reloadAllAccessors: .modalModel2

===========================================================================================
----------------- testing Sun Feb 16 16:09:20 UTC 2020 /home/travis/build/icyphy/ptII/ptolemy/domains/modal/test/auto/modalModel3.xml
----------------- Instantiating /home/travis/build/icyphy/ptII/ptolemy/domains/modal/test/auto/modalModel3.xml
0	0	0
1	0	1
4	2	2
7	4	3
10	6	4
5	0	5
8	2	6
11	4	7
14	6	8
9	0	9
12	2	10
15	4	11
18	6	12
13	0	13
16	2	14
14 ms. Memory: 296960K Free: 162766K (55%)
----------------- Invoking toplevel() on ptolemy.moml.MoMLSimpleApplication@72014230
----------------- Done invoking toplevel() on ptolemy.moml.MoMLSimpleApplication@72014230
reloadAllAccessors: .modalModel3

===========================================================================================
----------------- testing Sun Feb 16 16:09:21 UTC 2020 /home/travis/build/icyphy/ptII/ptolemy/domains/modal/test/auto/model1.xml
----------------- Instantiating /home/travis/build/icyphy/ptII/ptolemy/domains/modal/test/auto/model1.xml
9 ms. Memory: 296960K Free: 157118K (53%)
----------------- Invoking toplevel() on ptolemy.moml.MoMLSimpleApplication@239de9ec
----------------- Done invoking toplevel() on ptolemy.moml.MoMLSimpleApplication@239de9ec
reloadAllAccessors: .model1

===========================================================================================
----------------- testing Sun Feb 16 16:09:21 UTC 2020 /home/travis/build/icyphy/ptII/ptolemy/domains/modal/test/auto/test-direct-in-out.xml
----------------- Instantiating /home/travis/build/icyphy/ptII/ptolemy/domains/modal/test/auto/test-direct-in-out.xml
4 ms. Memory: 296960K Free: 148940K (50%)
----------------- Invoking toplevel() on ptolemy.moml.MoMLSimpleApplication@6e8d71a9
----------------- Done invoking toplevel() on ptolemy.moml.MoMLSimpleApplication@6e8d71a9
reloadAllAccessors: .test-direct-in-out
AutoTests.java: About to close Vertx.
AutoTests.java: Vertx closed.
]]></system-out>
  <system-err><![CDATA[java.lang.RuntimeException: Execution failed
	at ptolemy.moml.MoMLSimpleApplication$UnloadThread.run(MoMLSimpleApplication.java:402)
Caused by: ptolemy.kernel.util.IllegalActionException: Unknown inputs remain. Possible causality loop:
L_model_1893289564i

  in .CannotAnalysisWithPreemption.model_1893289564_region_1 and .CannotAnalysisWithPreemption.model_1893289564_region_1.L_model_1893289564i
	at ptolemy.actor.sched.FixedPointDirector.postfire(FixedPointDirector.java:515)
	at ptolemy.domains.sr.kernel.SRDirector.postfire(SRDirector.java:417)
	at ptolemy.actor.CompositeActor.postfire(CompositeActor.java:1668)
	at ptolemy.actor.Manager.iterate(Manager.java:852)
	at ptolemy.actor.Manager.execute(Manager.java:369)
	at ptolemy.actor.Manager.run(Manager.java:1263)
	at ptolemy.actor.Manager$PtolemyRunThread.run(Manager.java:1933)
java.lang.reflect.InvocationTargetException
	at java.base/jdk.internal.reflect.NativeConstructorAccessorImpl.newInstance0(Native Method)
	at java.base/jdk.internal.reflect.NativeConstructorAccessorImpl.newInstance(NativeConstructorAccessorImpl.java:62)
	at java.base/jdk.internal.reflect.DelegatingConstructorAccessorImpl.newInstance(DelegatingConstructorAccessorImpl.java:45)
	at java.base/java.lang.reflect.Constructor.newInstance(Constructor.java:490)
	at ptolemy.util.test.junit.AutoKnownFailedTests.RunModel(AutoKnownFailedTests.java:105)
	at java.base/jdk.internal.reflect.NativeMethodAccessorImpl.invoke0(Native Method)
	at java.base/jdk.internal.reflect.NativeMethodAccessorImpl.invoke(NativeMethodAccessorImpl.java:62)
	at java.base/jdk.internal.reflect.DelegatingMethodAccessorImpl.invoke(DelegatingMethodAccessorImpl.java:43)
	at java.base/java.lang.reflect.Method.invoke(Method.java:566)
	at org.junit.runners.model.FrameworkMethod$1.runReflectiveCall(FrameworkMethod.java:44)
	at org.junit.internal.runners.model.ReflectiveCallable.run(ReflectiveCallable.java:15)
	at org.junit.runners.model.FrameworkMethod.invokeExplosively(FrameworkMethod.java:41)
	at junitparams.internal.InvokeParameterisedMethod.evaluate(InvokeParameterisedMethod.java:102)
	at org.junit.internal.runners.statements.FailOnTimeout$1.run(FailOnTimeout.java:28)
Caused by: ptolemy.kernel.util.IllegalActionException: Unknown inputs remain. Possible causality loop:
L_model_1893289564i

  in .CannotAnalysisWithPreemption.model_1893289564_region_1 and .CannotAnalysisWithPreemption.model_1893289564_region_1.L_model_1893289564i
	at ptolemy.actor.sched.FixedPointDirector.postfire(FixedPointDirector.java:515)
	at ptolemy.domains.sr.kernel.SRDirector.postfire(SRDirector.java:417)
	at ptolemy.actor.CompositeActor.postfire(CompositeActor.java:1668)
	at ptolemy.actor.Manager.iterate(Manager.java:852)
	at ptolemy.actor.Manager.execute(Manager.java:369)
	at ptolemy.actor.Manager.run(Manager.java:1263)
	at ptolemy.actor.Manager$PtolemyRunThread.run(Manager.java:1933)
]]></system-err>
</testsuite>
