<?xml version="1.0" encoding="UTF-8" ?>
<testsuite errors="0" failures="0" hostname="travis-job-1ea5594b-ebc0-4ce4-8e7a-e4ee84233c68" name="ptolemy.domains.continuous.test.junit.JUnitTclTest" skipped="0" tests="156" time="84.539" timestamp="2019-08-07T05:14:44">
  <properties>
[...]
</properties>
  <testcase classname="ptolemy.util.test.junit.TclTests" name="[0] ThereAreNoTclTests (RunTclFile)" time="0.008" />
  <testcase classname="ptolemy.util.test.junit.AutoKnownFailedTests" name="[0] ThereAreNoKnowFailedTests (RunModel)" time="0.002" />
  <testcase classname="ptolemy.util.test.junit.AutoNameArchTests" name="[0] ThereAreNoAutoArchTests (RunModel)" time="0.021" />
  <testcase classname="ptolemy.util.test.junit.AutoTests" name="[0] /home/travis/build/icyphy/ptII/ptolemy/domains/continuous/test/auto/BouncingBall.xml (RunModel)" time="3.493" />
  <testcase classname="ptolemy.util.test.junit.AutoTests" name="[1] /home/travis/build/icyphy/ptII/ptolemy/domains/continuous/test/auto/BouncingBallWithoutGR.xml (RunModel)" time="1.097" />
  <testcase classname="ptolemy.util.test.junit.AutoTests" name="[2] /home/travis/build/icyphy/ptII/ptolemy/domains/continuous/test/auto/Brownian.xml (RunModel)" time="0.128" />
  <testcase classname="ptolemy.util.test.junit.AutoTests" name="[3] /home/travis/build/icyphy/ptII/ptolemy/domains/continuous/test/auto/CarTracking.xml (RunModel)" time="5.184" />
  <testcase classname="ptolemy.util.test.junit.AutoTests" name="[4] /home/travis/build/icyphy/ptII/ptolemy/domains/continuous/test/auto/CartPendulum.xml (RunModel)" time="0.625" />
  <testcase classname="ptolemy.util.test.junit.AutoTests" name="[5] /home/travis/build/icyphy/ptII/ptolemy/domains/continuous/test/auto/CausalityInterface10.xml (RunModel)" time="0.071" />
  <testcase classname="ptolemy.util.test.junit.AutoTests" name="[6] /home/travis/build/icyphy/ptII/ptolemy/domains/continuous/test/auto/CausalityInterface11.xml (RunModel)" time="0.038" />
  <testcase classname="ptolemy.util.test.junit.AutoTests" name="[7] /home/travis/build/icyphy/ptII/ptolemy/domains/continuous/test/auto/CausalityInterface12.xml (RunModel)" time="0.041" />
  <testcase classname="ptolemy.util.test.junit.AutoTests" name="[8] /home/travis/build/icyphy/ptII/ptolemy/domains/continuous/test/auto/CausalityInterface13.xml (RunModel)" time="0.038" />
  <testcase classname="ptolemy.util.test.junit.AutoTests" name="[9] /home/travis/build/icyphy/ptII/ptolemy/domains/continuous/test/auto/CausalityInterface14.xml (RunModel)" time="0.03" />
  <testcase classname="ptolemy.util.test.junit.AutoTests" name="[10] /home/travis/build/icyphy/ptII/ptolemy/domains/continuous/test/auto/CausalityInterface4.xml (RunModel)" time="0.036" />
  <testcase classname="ptolemy.util.test.junit.AutoTests" name="[11] /home/travis/build/icyphy/ptII/ptolemy/domains/continuous/test/auto/CausalityInterface5.xml (RunModel)" time="0.036" />
  <testcase classname="ptolemy.util.test.junit.AutoTests" name="[12] /home/travis/build/icyphy/ptII/ptolemy/domains/continuous/test/auto/CausalityInterface6.xml (RunModel)" time="0.032" />
  <testcase classname="ptolemy.util.test.junit.AutoTests" name="[13] /home/travis/build/icyphy/ptII/ptolemy/domains/continuous/test/auto/CausalityInterface7.xml (RunModel)" time="0.037" />
  <testcase classname="ptolemy.util.test.junit.AutoTests" name="[14] /home/travis/build/icyphy/ptII/ptolemy/domains/continuous/test/auto/CausalityInterface8.xml (RunModel)" time="0.031" />
  <testcase classname="ptolemy.util.test.junit.AutoTests" name="[15] /home/travis/build/icyphy/ptII/ptolemy/domains/continuous/test/auto/CausalityInterface9.xml (RunModel)" time="0.043" />
  <testcase classname="ptolemy.util.test.junit.AutoTests" name="[16] /home/travis/build/icyphy/ptII/ptolemy/domains/continuous/test/auto/CausalityInterfaceFeedback1.xml (RunModel)" time="0.023" />
  <testcase classname="ptolemy.util.test.junit.AutoTests" name="[17] /home/travis/build/icyphy/ptII/ptolemy/domains/continuous/test/auto/CausalityInterfaceFeedback2.xml (RunModel)" time="0.025" />
  <testcase classname="ptolemy.util.test.junit.AutoTests" name="[18] /home/travis/build/icyphy/ptII/ptolemy/domains/continuous/test/auto/CompareWithCurrentTime.xml (RunModel)" time="0.024" />
  <testcase classname="ptolemy.util.test.junit.AutoTests" name="[19] /home/travis/build/icyphy/ptII/ptolemy/domains/continuous/test/auto/ComparedClocks.xml (RunModel)" time="0.087" />
  <testcase classname="ptolemy.util.test.junit.AutoTests" name="[20] /home/travis/build/icyphy/ptII/ptolemy/domains/continuous/test/auto/ContinuousAOCClone.xml (RunModel)" time="3.246" />
  <testcase classname="ptolemy.util.test.junit.AutoTests" name="[21] /home/travis/build/icyphy/ptII/ptolemy/domains/continuous/test/auto/ContinuousClock.xml (RunModel)" time="0.111" />
  <testcase classname="ptolemy.util.test.junit.AutoTests" name="[22] /home/travis/build/icyphy/ptII/ptolemy/domains/continuous/test/auto/ContinuousInContinuous.xml (RunModel)" time="0.117" />
  <testcase classname="ptolemy.util.test.junit.AutoTests" name="[23] /home/travis/build/icyphy/ptII/ptolemy/domains/continuous/test/auto/ContinuousInContinuousInContinuous.xml (RunModel)" time="0.029" />
  <testcase classname="ptolemy.util.test.junit.AutoTests" name="[24] /home/travis/build/icyphy/ptII/ptolemy/domains/continuous/test/auto/ContinuousInDE.xml (RunModel)" time="0.097" />
  <testcase classname="ptolemy.util.test.junit.AutoTests" name="[25] /home/travis/build/icyphy/ptII/ptolemy/domains/continuous/test/auto/ContinuousInDE2.xml (RunModel)" time="0.058" />
  <testcase classname="ptolemy.util.test.junit.AutoTests" name="[26] /home/travis/build/icyphy/ptII/ptolemy/domains/continuous/test/auto/ContinuousInDE3.xml (RunModel)" time="0.066" />
  <testcase classname="ptolemy.util.test.junit.AutoTests" name="[27] /home/travis/build/icyphy/ptII/ptolemy/domains/continuous/test/auto/ContinuousInDE4.xml (RunModel)" time="0.042" />
  <testcase classname="ptolemy.util.test.junit.AutoTests" name="[28] /home/travis/build/icyphy/ptII/ptolemy/domains/continuous/test/auto/ContinuousInDEDifferentRefinements.xml (RunModel)" time="0.109" />
  <testcase classname="ptolemy.util.test.junit.AutoTests" name="[29] /home/travis/build/icyphy/ptII/ptolemy/domains/continuous/test/auto/ContinuousInDEDifferentRefinementsPreemptive.xml (RunModel)" time="0.109" />
  <testcase classname="ptolemy.util.test.junit.AutoTests" name="[30] /home/travis/build/icyphy/ptII/ptolemy/domains/continuous/test/auto/ContinuousInDEInContinuous2.xml (RunModel)" time="0.073" />
  <testcase classname="ptolemy.util.test.junit.AutoTests" name="[31] /home/travis/build/icyphy/ptII/ptolemy/domains/continuous/test/auto/ContinuousInDEInContinuous3.xml (RunModel)" time="0.065" />
  <testcase classname="ptolemy.util.test.junit.AutoTests" name="[32] /home/travis/build/icyphy/ptII/ptolemy/domains/continuous/test/auto/ContinuousInDEInput.xml (RunModel)" time="0.04" />
  <testcase classname="ptolemy.util.test.junit.AutoTests" name="[33] /home/travis/build/icyphy/ptII/ptolemy/domains/continuous/test/auto/ContinuousInDEInput2.xml (RunModel)" time="0.034" />
  <testcase classname="ptolemy.util.test.junit.AutoTests" name="[34] /home/travis/build/icyphy/ptII/ptolemy/domains/continuous/test/auto/ContinuousInDEInput3.xml (RunModel)" time="0.037" />
  <testcase classname="ptolemy.util.test.junit.AutoTests" name="[35] /home/travis/build/icyphy/ptII/ptolemy/domains/continuous/test/auto/ContinuousInDESharingRefinement.xml (RunModel)" time="0.232" />
  <testcase classname="ptolemy.util.test.junit.AutoTests" name="[36] /home/travis/build/icyphy/ptII/ptolemy/domains/continuous/test/auto/ContinuousInDEwithNoPorts.xml (RunModel)" time="0.025" />
  <testcase classname="ptolemy.util.test.junit.AutoTests" name="[37] /home/travis/build/icyphy/ptII/ptolemy/domains/continuous/test/auto/ContinuousInsideDE.xml (RunModel)" time="0.121" />
  <testcase classname="ptolemy.util.test.junit.AutoTests" name="[38] /home/travis/build/icyphy/ptII/ptolemy/domains/continuous/test/auto/ContinuousMerge1.xml (RunModel)" time="0.021" />
  <testcase classname="ptolemy.util.test.junit.AutoTests" name="[39] /home/travis/build/icyphy/ptII/ptolemy/domains/continuous/test/auto/ContinuousMerge2.xml (RunModel)" time="0.055" />
  <testcase classname="ptolemy.util.test.junit.AutoTests" name="[40] /home/travis/build/icyphy/ptII/ptolemy/domains/continuous/test/auto/ContinuousMerge3.xml (RunModel)" time="0.087" />
  <testcase classname="ptolemy.util.test.junit.AutoTests" name="[41] /home/travis/build/icyphy/ptII/ptolemy/domains/continuous/test/auto/ContinuousWithinContinuous.xml (RunModel)" time="0.066" />
  <testcase classname="ptolemy.util.test.junit.AutoTests" name="[42] /home/travis/build/icyphy/ptII/ptolemy/domains/continuous/test/auto/ContinuousWithinContinuous2.xml (RunModel)" time="0.105" />
  <testcase classname="ptolemy.util.test.junit.AutoTests" name="[43] /home/travis/build/icyphy/ptII/ptolemy/domains/continuous/test/auto/ContinuousWithinContinuous3.xml (RunModel)" time="0.035" />
  <testcase classname="ptolemy.util.test.junit.AutoTests" name="[44] /home/travis/build/icyphy/ptII/ptolemy/domains/continuous/test/auto/ContinuousWithinContinuous4.xml (RunModel)" time="0.112" />
  <testcase classname="ptolemy.util.test.junit.AutoTests" name="[45] /home/travis/build/icyphy/ptII/ptolemy/domains/continuous/test/auto/ContinuousWithinContinuous5.xml (RunModel)" time="0.04" />
  <testcase classname="ptolemy.util.test.junit.AutoTests" name="[46] /home/travis/build/icyphy/ptII/ptolemy/domains/continuous/test/auto/ContinuousWithinContinuous6.xml (RunModel)" time="0.035" />
  <testcase classname="ptolemy.util.test.junit.AutoTests" name="[47] /home/travis/build/icyphy/ptII/ptolemy/domains/continuous/test/auto/ContinuousWithinContinuous7.xml (RunModel)" time="0.096" />
  <testcase classname="ptolemy.util.test.junit.AutoTests" name="[48] /home/travis/build/icyphy/ptII/ptolemy/domains/continuous/test/auto/DCMotor.xml (RunModel)" time="16.458" />
  <testcase classname="ptolemy.util.test.junit.AutoTests" name="[49] /home/travis/build/icyphy/ptII/ptolemy/domains/continuous/test/auto/DEInContinuous.xml (RunModel)" time="0.027" />
  <testcase classname="ptolemy.util.test.junit.AutoTests" name="[50] /home/travis/build/icyphy/ptII/ptolemy/domains/continuous/test/auto/DEinContinuous2.xml (RunModel)" time="0.029" />
  <testcase classname="ptolemy.util.test.junit.AutoTests" name="[51] /home/travis/build/icyphy/ptII/ptolemy/domains/continuous/test/auto/Derivative.xml (RunModel)" time="0.213" />
  <testcase classname="ptolemy.util.test.junit.AutoTests" name="[52] /home/travis/build/icyphy/ptII/ptolemy/domains/continuous/test/auto/Derivative1.xml (RunModel)" time="0.041" />
  <testcase classname="ptolemy.util.test.junit.AutoTests" name="[53] /home/travis/build/icyphy/ptII/ptolemy/domains/continuous/test/auto/DiscreteClock.xml (RunModel)" time="0.016" />
  <testcase classname="ptolemy.util.test.junit.AutoTests" name="[54] /home/travis/build/icyphy/ptII/ptolemy/domains/continuous/test/auto/EfficiencyCurve.xml (RunModel)" time="0.08" />
  <testcase classname="ptolemy.util.test.junit.AutoTests" name="[55] /home/travis/build/icyphy/ptII/ptolemy/domains/continuous/test/auto/ExponentialResponse.xml (RunModel)" time="0.135" />
  <testcase classname="ptolemy.util.test.junit.AutoTests" name="[56] /home/travis/build/icyphy/ptII/ptolemy/domains/continuous/test/auto/ExponentialResponseRK45.xml (RunModel)" time="0.038" />
  <testcase classname="ptolemy.util.test.junit.AutoTests" name="[57] /home/travis/build/icyphy/ptII/ptolemy/domains/continuous/test/auto/Friction.xml (RunModel)" time="1.595" />
  <testcase classname="ptolemy.util.test.junit.AutoTests" name="[58] /home/travis/build/icyphy/ptII/ptolemy/domains/continuous/test/auto/FurutaPendulum.xml (RunModel)" time="3.805" />
  <testcase classname="ptolemy.util.test.junit.AutoTests" name="[59] /home/travis/build/icyphy/ptII/ptolemy/domains/continuous/test/auto/HierarchicalExecution.xml (RunModel)" time="2.519" />
  <testcase classname="ptolemy.util.test.junit.AutoTests" name="[60] /home/travis/build/icyphy/ptII/ptolemy/domains/continuous/test/auto/HybridPlant.xml (RunModel)" time="0.564" />
  <testcase classname="ptolemy.util.test.junit.AutoTests" name="[61] /home/travis/build/icyphy/ptII/ptolemy/domains/continuous/test/auto/Hysteresis.xml (RunModel)" time="0.219" />
  <testcase classname="ptolemy.util.test.junit.AutoTests" name="[62] /home/travis/build/icyphy/ptII/ptolemy/domains/continuous/test/auto/HysteresisWithRandomDelay.xml (RunModel)" time="0.215" />
  <testcase classname="ptolemy.util.test.junit.AutoTests" name="[63] /home/travis/build/icyphy/ptII/ptolemy/domains/continuous/test/auto/HysteresisWithRandomLosses.xml (RunModel)" time="2.439" />
  <testcase classname="ptolemy.util.test.junit.AutoTests" name="[64] /home/travis/build/icyphy/ptII/ptolemy/domains/continuous/test/auto/ImmediateTransitions.xml (RunModel)" time="0.039" />
  <testcase classname="ptolemy.util.test.junit.AutoTests" name="[65] /home/travis/build/icyphy/ptII/ptolemy/domains/continuous/test/auto/ImpulseFeedback.xml (RunModel)" time="0.029" />
  <testcase classname="ptolemy.util.test.junit.AutoTests" name="[66] /home/travis/build/icyphy/ptII/ptolemy/domains/continuous/test/auto/ImpulseFeedback2.xml (RunModel)" time="0.024" />
  <testcase classname="ptolemy.util.test.junit.AutoTests" name="[67] /home/travis/build/icyphy/ptII/ptolemy/domains/continuous/test/auto/IncreasingRatePoisson.xml (RunModel)" time="0.751" />
  <testcase classname="ptolemy.util.test.junit.AutoTests" name="[68] /home/travis/build/icyphy/ptII/ptolemy/domains/continuous/test/auto/InitialStateFeedback.xml (RunModel)" time="0.017" />
  <testcase classname="ptolemy.util.test.junit.AutoTests" name="[69] /home/travis/build/icyphy/ptII/ptolemy/domains/continuous/test/auto/Integration.xml (RunModel)" time="0.009" />
  <testcase classname="ptolemy.util.test.junit.AutoTests" name="[70] /home/travis/build/icyphy/ptII/ptolemy/domains/continuous/test/auto/Integration2.xml (RunModel)" time="0.094" />
  <testcase classname="ptolemy.util.test.junit.AutoTests" name="[71] /home/travis/build/icyphy/ptII/ptolemy/domains/continuous/test/auto/Integration3.xml (RunModel)" time="0.018" />
  <testcase classname="ptolemy.util.test.junit.AutoTests" name="[72] /home/travis/build/icyphy/ptII/ptolemy/domains/continuous/test/auto/Integration5.xml (RunModel)" time="0.01" />
  <testcase classname="ptolemy.util.test.junit.AutoTests" name="[73] /home/travis/build/icyphy/ptII/ptolemy/domains/continuous/test/auto/IntegratorImpulse.xml (RunModel)" time="0.009" />
  <testcase classname="ptolemy.util.test.junit.AutoTests" name="[74] /home/travis/build/icyphy/ptII/ptolemy/domains/continuous/test/auto/IntegratorImpulse2.xml (RunModel)" time="0.018" />
  <testcase classname="ptolemy.util.test.junit.AutoTests" name="[75] /home/travis/build/icyphy/ptII/ptolemy/domains/continuous/test/auto/LevelCrossing1.xml (RunModel)" time="0.012" />
  <testcase classname="ptolemy.util.test.junit.AutoTests" name="[76] /home/travis/build/icyphy/ptII/ptolemy/domains/continuous/test/auto/LevelCrossing2.xml (RunModel)" time="0.014" />
  <testcase classname="ptolemy.util.test.junit.AutoTests" name="[77] /home/travis/build/icyphy/ptII/ptolemy/domains/continuous/test/auto/LevelCrossing3.xml (RunModel)" time="0.011" />
  <testcase classname="ptolemy.util.test.junit.AutoTests" name="[78] /home/travis/build/icyphy/ptII/ptolemy/domains/continuous/test/auto/LevelCrossing4.xml (RunModel)" time="0.014" />
  <testcase classname="ptolemy.util.test.junit.AutoTests" name="[79] /home/travis/build/icyphy/ptII/ptolemy/domains/continuous/test/auto/LevelCrossing5.xml (RunModel)" time="0.016" />
  <testcase classname="ptolemy.util.test.junit.AutoTests" name="[80] /home/travis/build/icyphy/ptII/ptolemy/domains/continuous/test/auto/LevelCrossing6.xml (RunModel)" time="0.013" />
  <testcase classname="ptolemy.util.test.junit.AutoTests" name="[81] /home/travis/build/icyphy/ptII/ptolemy/domains/continuous/test/auto/LevelCrossingDetector.xml (RunModel)" time="0.041" />
  <testcase classname="ptolemy.util.test.junit.AutoTests" name="[82] /home/travis/build/icyphy/ptII/ptolemy/domains/continuous/test/auto/LevelCrossingDetectorDetectingDirections.xml (RunModel)" time="0.112" />
  <testcase classname="ptolemy.util.test.junit.AutoTests" name="[83] /home/travis/build/icyphy/ptII/ptolemy/domains/continuous/test/auto/LevelCrossingDetectorDetectsGlitches.xml (RunModel)" time="0.079" />
  <testcase classname="ptolemy.util.test.junit.AutoTests" name="[84] /home/travis/build/icyphy/ptII/ptolemy/domains/continuous/test/auto/LevelCrossingNoInitialOuput.xml (RunModel)" time="0.016" />
  <testcase classname="ptolemy.util.test.junit.AutoTests" name="[85] /home/travis/build/icyphy/ptII/ptolemy/domains/continuous/test/auto/LinearStateSpaceExample.xml (RunModel)" time="0.067" />
  <testcase classname="ptolemy.util.test.junit.AutoTests" name="[86] /home/travis/build/icyphy/ptII/ptolemy/domains/continuous/test/auto/Lorenz.xml (RunModel)" time="4.787" />
  <testcase classname="ptolemy.util.test.junit.AutoTests" name="[87] /home/travis/build/icyphy/ptII/ptolemy/domains/continuous/test/auto/LorenzDifferentialSystem.xml (RunModel)" time="1.241" />
  <testcase classname="ptolemy.util.test.junit.AutoTests" name="[88] /home/travis/build/icyphy/ptII/ptolemy/domains/continuous/test/auto/LorenzDifferentialSystemWithInput.xml (RunModel)" time="1.761" />
  <testcase classname="ptolemy.util.test.junit.AutoTests" name="[89] /home/travis/build/icyphy/ptII/ptolemy/domains/continuous/test/auto/LorenzDifferentialSystemWithTime.xml (RunModel)" time="0.92" />
  <testcase classname="ptolemy.util.test.junit.AutoTests" name="[90] /home/travis/build/icyphy/ptII/ptolemy/domains/continuous/test/auto/Microsteps.xml (RunModel)" time="0.031" />
  <testcase classname="ptolemy.util.test.junit.AutoTests" name="[91] /home/travis/build/icyphy/ptII/ptolemy/domains/continuous/test/auto/Modal1.xml (RunModel)" time="0.035" />
  <testcase classname="ptolemy.util.test.junit.AutoTests" name="[92] /home/travis/build/icyphy/ptII/ptolemy/domains/continuous/test/auto/Modal2.xml (RunModel)" time="0.051" />
  <testcase classname="ptolemy.util.test.junit.AutoTests" name="[93] /home/travis/build/icyphy/ptII/ptolemy/domains/continuous/test/auto/ModalTransitionGuardWithReset.xml (RunModel)" time="0.038" />
  <testcase classname="ptolemy.util.test.junit.AutoTests" name="[94] /home/travis/build/icyphy/ptII/ptolemy/domains/continuous/test/auto/ModalTransitionGuardWithResetUsingPreemptiveTransition.xml (RunModel)" time="0.032" />
  <testcase classname="ptolemy.util.test.junit.AutoTests" name="[95] /home/travis/build/icyphy/ptII/ptolemy/domains/continuous/test/auto/ModalTransitionGuardWithResetUsingPreemptiveTransition2.xml (RunModel)" time="0.029" />
  <testcase classname="ptolemy.util.test.junit.AutoTests" name="[96] /home/travis/build/icyphy/ptII/ptolemy/domains/continuous/test/auto/ModalTransitionGuardWithResetUsingPreemptiveTransition3.xml (RunModel)" time="0.028" />
  <testcase classname="ptolemy.util.test.junit.AutoTests" name="[97] /home/travis/build/icyphy/ptII/ptolemy/domains/continuous/test/auto/NewtonsCradle.xml (RunModel)" time="0.858" />
  <testcase classname="ptolemy.util.test.junit.AutoTests" name="[98] /home/travis/build/icyphy/ptII/ptolemy/domains/continuous/test/auto/NewtonsCradleAnimated.xml (RunModel)" time="1.342" />
  <testcase classname="ptolemy.util.test.junit.AutoTests" name="[99] /home/travis/build/icyphy/ptII/ptolemy/domains/continuous/test/auto/NewtonsCradleComplicated.xml (RunModel)" time="1.037" />
  <testcase classname="ptolemy.util.test.junit.AutoTests" name="[100] /home/travis/build/icyphy/ptII/ptolemy/domains/continuous/test/auto/NewtonsCradleNondeterministic.xml (RunModel)" time="0.788" />
  <testcase classname="ptolemy.util.test.junit.AutoTests" name="[101] /home/travis/build/icyphy/ptII/ptolemy/domains/continuous/test/auto/NewtonsCradlePerfectlyInelastic1.xml (RunModel)" time="1.367" />
  <testcase classname="ptolemy.util.test.junit.AutoTests" name="[102] /home/travis/build/icyphy/ptII/ptolemy/domains/continuous/test/auto/Noise.xml (RunModel)" time="0.197" />
  <testcase classname="ptolemy.util.test.junit.AutoTests" name="[103] /home/travis/build/icyphy/ptII/ptolemy/domains/continuous/test/auto/NoiseSpectrum.xml (RunModel)" time="0.866" />
  <testcase classname="ptolemy.util.test.junit.AutoTests" name="[104] /home/travis/build/icyphy/ptII/ptolemy/domains/continuous/test/auto/ParameterizedNewtonsCradleAnimated.xml (RunModel)" time="0.4" />
  <testcase classname="ptolemy.util.test.junit.AutoTests" name="[105] /home/travis/build/icyphy/ptII/ptolemy/domains/continuous/test/auto/ParameterizedNewtonsCradleAnimatedNondeterministic.xml (RunModel)" time="1.243" />
  <testcase classname="ptolemy.util.test.junit.AutoTests" name="[106] /home/travis/build/icyphy/ptII/ptolemy/domains/continuous/test/auto/Pendulum3D.xml (RunModel)" time="0.176" />
  <testcase classname="ptolemy.util.test.junit.AutoTests" name="[107] /home/travis/build/icyphy/ptII/ptolemy/domains/continuous/test/auto/PeriodicSampler.xml (RunModel)" time="0.009" />
  <testcase classname="ptolemy.util.test.junit.AutoTests" name="[108] /home/travis/build/icyphy/ptII/ptolemy/domains/continuous/test/auto/PeriodicSampler1.xml (RunModel)" time="0.043" />
  <testcase classname="ptolemy.util.test.junit.AutoTests" name="[109] /home/travis/build/icyphy/ptII/ptolemy/domains/continuous/test/auto/PeriodicSampler2.xml (RunModel)" time="0.076" />
  <testcase classname="ptolemy.util.test.junit.AutoTests" name="[110] /home/travis/build/icyphy/ptII/ptolemy/domains/continuous/test/auto/Poisson.xml (RunModel)" time="0.45" />
  <testcase classname="ptolemy.util.test.junit.AutoTests" name="[111] /home/travis/build/icyphy/ptII/ptolemy/domains/continuous/test/auto/PoissonClock.xml (RunModel)" time="0.041" />
  <testcase classname="ptolemy.util.test.junit.AutoTests" name="[112] /home/travis/build/icyphy/ptII/ptolemy/domains/continuous/test/auto/PoissonClock2.xml (RunModel)" time="0.035" />
  <testcase classname="ptolemy.util.test.junit.AutoTests" name="[113] /home/travis/build/icyphy/ptII/ptolemy/domains/continuous/test/auto/PortParameterHierarchy.xml (RunModel)" time="0.024" />
  <testcase classname="ptolemy.util.test.junit.AutoTests" name="[114] /home/travis/build/icyphy/ptII/ptolemy/domains/continuous/test/auto/RandomHybridPlant.xml (RunModel)" time="0.521" />
  <testcase classname="ptolemy.util.test.junit.AutoTests" name="[115] /home/travis/build/icyphy/ptII/ptolemy/domains/continuous/test/auto/ResetTransitionWithStartTime1.xml (RunModel)" time="0.033" />
  <testcase classname="ptolemy.util.test.junit.AutoTests" name="[116] /home/travis/build/icyphy/ptII/ptolemy/domains/continuous/test/auto/ResetTransitionWithStartTime2.xml (RunModel)" time="0.036" />
  <testcase classname="ptolemy.util.test.junit.AutoTests" name="[117] /home/travis/build/icyphy/ptII/ptolemy/domains/continuous/test/auto/ResetTransitionWithStartTime3.xml (RunModel)" time="0.042" />
  <testcase classname="ptolemy.util.test.junit.AutoTests" name="[118] /home/travis/build/icyphy/ptII/ptolemy/domains/continuous/test/auto/ResetTransitionWithStartTime4.xml (RunModel)" time="0.032" />
  <testcase classname="ptolemy.util.test.junit.AutoTests" name="[119] /home/travis/build/icyphy/ptII/ptolemy/domains/continuous/test/auto/ResetTransitionWithStartTime5.xml (RunModel)" time="0.035" />
  <testcase classname="ptolemy.util.test.junit.AutoTests" name="[120] /home/travis/build/icyphy/ptII/ptolemy/domains/continuous/test/auto/ResetTransitionWithStartTime6.xml (RunModel)" time="0.023" />
  <testcase classname="ptolemy.util.test.junit.AutoTests" name="[121] /home/travis/build/icyphy/ptII/ptolemy/domains/continuous/test/auto/SRinContinuous.xml (RunModel)" time="0.026" />
  <testcase classname="ptolemy.util.test.junit.AutoTests" name="[122] /home/travis/build/icyphy/ptII/ptolemy/domains/continuous/test/auto/SampledClocks.xml (RunModel)" time="0.038" />
  <testcase classname="ptolemy.util.test.junit.AutoTests" name="[123] /home/travis/build/icyphy/ptII/ptolemy/domains/continuous/test/auto/Satellite.xml (RunModel)" time="0.997" />
  <testcase classname="ptolemy.util.test.junit.AutoTests" name="[124] /home/travis/build/icyphy/ptII/ptolemy/domains/continuous/test/auto/SigmaDelta.xml (RunModel)" time="2.647" />
  <testcase classname="ptolemy.util.test.junit.AutoTests" name="[125] /home/travis/build/icyphy/ptII/ptolemy/domains/continuous/test/auto/SingleRefinement.xml (RunModel)" time="0.446" />
  <testcase classname="ptolemy.util.test.junit.AutoTests" name="[126] /home/travis/build/icyphy/ptII/ptolemy/domains/continuous/test/auto/SinuBouncingBall.xml (RunModel)" time="0.894" />
  <testcase classname="ptolemy.util.test.junit.AutoTests" name="[127] /home/travis/build/icyphy/ptII/ptolemy/domains/continuous/test/auto/Sinusoid.xml (RunModel)" time="0.023" />
  <testcase classname="ptolemy.util.test.junit.AutoTests" name="[128] /home/travis/build/icyphy/ptII/ptolemy/domains/continuous/test/auto/SinusoidInNoise.xml (RunModel)" time="1.002" />
  <testcase classname="ptolemy.util.test.junit.AutoTests" name="[129] /home/travis/build/icyphy/ptII/ptolemy/domains/continuous/test/auto/SinusoidRK45.xml (RunModel)" time="0.022" />
  <testcase classname="ptolemy.util.test.junit.AutoTests" name="[130] /home/travis/build/icyphy/ptII/ptolemy/domains/continuous/test/auto/SinusoidWithMultipleImpulses.xml (RunModel)" time="0.01" />
  <testcase classname="ptolemy.util.test.junit.AutoTests" name="[131] /home/travis/build/icyphy/ptII/ptolemy/domains/continuous/test/auto/SquareWave.xml (RunModel)" time="0.212" />
  <testcase classname="ptolemy.util.test.junit.AutoTests" name="[132] /home/travis/build/icyphy/ptII/ptolemy/domains/continuous/test/auto/Starmac.xml (RunModel)" time="3.385" />
  <testcase classname="ptolemy.util.test.junit.AutoTests" name="[133] /home/travis/build/icyphy/ptII/ptolemy/domains/continuous/test/auto/StaticUnits.xml (RunModel)" time="2.876" />
  <testcase classname="ptolemy.util.test.junit.AutoTests" name="[134] /home/travis/build/icyphy/ptII/ptolemy/domains/continuous/test/auto/StickyMasses.xml (RunModel)" time="0.207" />
  <testcase classname="ptolemy.util.test.junit.AutoTests" name="[135] /home/travis/build/icyphy/ptII/ptolemy/domains/continuous/test/auto/StopTime.xml (RunModel)" time="0.085" />
  <testcase classname="ptolemy.util.test.junit.AutoTests" name="[136] /home/travis/build/icyphy/ptII/ptolemy/domains/continuous/test/auto/StopTime2.xml (RunModel)" time="0.06" />
  <testcase classname="ptolemy.util.test.junit.AutoTests" name="[137] /home/travis/build/icyphy/ptII/ptolemy/domains/continuous/test/auto/Switch.xml (RunModel)" time="0.067" />
  <testcase classname="ptolemy.util.test.junit.AutoTests" name="[138] /home/travis/build/icyphy/ptII/ptolemy/domains/continuous/test/auto/Thermostat.xml (RunModel)" time="0.215" />
  <testcase classname="ptolemy.util.test.junit.AutoTests" name="[139] /home/travis/build/icyphy/ptII/ptolemy/domains/continuous/test/auto/TimeDelay.xml (RunModel)" time="0.014" />
  <testcase classname="ptolemy.util.test.junit.AutoTests" name="[140] /home/travis/build/icyphy/ptII/ptolemy/domains/continuous/test/auto/TimeDelay2.xml (RunModel)" time="0.028" />
  <testcase classname="ptolemy.util.test.junit.AutoTests" name="[141] /home/travis/build/icyphy/ptII/ptolemy/domains/continuous/test/auto/TimeDelay3.xml (RunModel)" time="0.016" />
  <testcase classname="ptolemy.util.test.junit.AutoTests" name="[142] /home/travis/build/icyphy/ptII/ptolemy/domains/continuous/test/auto/TransferAbsentToInside.xml (RunModel)" time="0.114" />
  <testcase classname="ptolemy.util.test.junit.AutoTests" name="[143] /home/travis/build/icyphy/ptII/ptolemy/domains/continuous/test/auto/Transmission.xml (RunModel)" time="0.828" />
  <testcase classname="ptolemy.util.test.junit.AutoTests" name="[144] /home/travis/build/icyphy/ptII/ptolemy/domains/continuous/test/auto/TriggeredContinuousClock.xml (RunModel)" time="0.066" />
  <testcase classname="ptolemy.util.test.junit.AutoTests" name="[145] /home/travis/build/icyphy/ptII/ptolemy/domains/continuous/test/auto/TwoMachineInfiniteBusControl.xml (RunModel)" time="3.031" />
  <testcase classname="ptolemy.util.test.junit.AutoTests" name="[146] /home/travis/build/icyphy/ptII/ptolemy/domains/continuous/test/auto/V2V.xml (RunModel)" time="1.082" />
  <testcase classname="ptolemy.util.test.junit.AutoTests" name="[147] /home/travis/build/icyphy/ptII/ptolemy/domains/continuous/test/auto/hierarchicalModalModel.xml (RunModel)" time="0.038" />
  <testcase classname="ptolemy.util.test.junit.AutoTests" name="[148] /home/travis/build/icyphy/ptII/ptolemy/domains/continuous/test/auto/hierarchicalModalModel1.xml (RunModel)" time="0.046" />
  <testcase classname="ptolemy.util.test.junit.AutoTests" name="[149] /home/travis/build/icyphy/ptII/ptolemy/domains/continuous/test/auto/hierarchicalModalModel2.xml (RunModel)" time="0.027" />
  <testcase classname="ptolemy.util.test.junit.AutoTests" name="[150] /home/travis/build/icyphy/ptII/ptolemy/domains/continuous/test/auto/hierarchicalModalModel3.xml (RunModel)" time="0.024" />
  <testcase classname="ptolemy.util.test.junit.AutoTests" name="[151] /home/travis/build/icyphy/ptII/ptolemy/domains/continuous/test/auto/hierarchicalModalModel4.xml (RunModel)" time="0.033" />
  <testcase classname="ptolemy.util.test.junit.AutoTests" name="[152] /home/travis/build/icyphy/ptII/ptolemy/domains/continuous/test/auto/junk.xml (RunModel)" time="0.172" />
  <system-out><![CDATA[No tcl tests in /home/travis/build/icyphy/ptII/ptolemy/domains/continuous/test
No auto/knownFailedTests/*.xml tests in /home/travis/build/icyphy/ptII/ptolemy/domains/continuous/test
No auto/linux-amd64/*.xml tests in /home/travis/build/icyphy/ptII/ptolemy/domains/continuous/test
AutoTests.java: About to close Vertx.
AutoTests.java: Vertx closed.

===========================================================================================
----------------- testing Wed Aug 07 05:14:45 UTC 2019 /home/travis/build/icyphy/ptII/ptolemy/domains/continuous/test/auto/BouncingBall.xml
----------------- Instantiating /home/travis/build/icyphy/ptII/ptolemy/domains/continuous/test/auto/BouncingBall.xml
2654 ms. Memory: 145408K Free: 69972K (48%)
----------------- Invoking toplevel() on ptolemy.moml.MoMLSimpleApplication@55496474
----------------- Done invoking toplevel() on ptolemy.moml.MoMLSimpleApplication@55496474
reloadAllAccessors: .BouncingBall

===========================================================================================
----------------- testing Wed Aug 07 05:14:48 UTC 2019 /home/travis/build/icyphy/ptII/ptolemy/domains/continuous/test/auto/BouncingBallWithoutGR.xml
----------------- Instantiating /home/travis/build/icyphy/ptII/ptolemy/domains/continuous/test/auto/BouncingBallWithoutGR.xml
917 ms. Memory: 175104K Free: 84136K (48%)
----------------- Invoking toplevel() on ptolemy.moml.MoMLSimpleApplication@593f883b
----------------- Done invoking toplevel() on ptolemy.moml.MoMLSimpleApplication@593f883b
reloadAllAccessors: .BouncingBallWithoutGR

===========================================================================================
----------------- testing Wed Aug 07 05:14:49 UTC 2019 /home/travis/build/icyphy/ptII/ptolemy/domains/continuous/test/auto/Brownian.xml
----------------- Instantiating /home/travis/build/icyphy/ptII/ptolemy/domains/continuous/test/auto/Brownian.xml
45 ms. Memory: 175104K Free: 74934K (43%)
----------------- Invoking toplevel() on ptolemy.moml.MoMLSimpleApplication@588bfddf
----------------- Done invoking toplevel() on ptolemy.moml.MoMLSimpleApplication@588bfddf
reloadAllAccessors: .Brownian

===========================================================================================
----------------- testing Wed Aug 07 05:14:50 UTC 2019 /home/travis/build/icyphy/ptII/ptolemy/domains/continuous/test/auto/CarTracking.xml
----------------- Instantiating /home/travis/build/icyphy/ptII/ptolemy/domains/continuous/test/auto/CarTracking.xml
4662 ms. Memory: 212992K Free: 160178K (75%)
----------------- Invoking toplevel() on ptolemy.moml.MoMLSimpleApplication@860fed8
----------------- Done invoking toplevel() on ptolemy.moml.MoMLSimpleApplication@860fed8
reloadAllAccessors: .CarTracking

===========================================================================================
----------------- testing Wed Aug 07 05:14:55 UTC 2019 /home/travis/build/icyphy/ptII/ptolemy/domains/continuous/test/auto/CartPendulum.xml
----------------- Instantiating /home/travis/build/icyphy/ptII/ptolemy/domains/continuous/test/auto/CartPendulum.xml
519 ms. Memory: 256000K Free: 234447K (92%)
----------------- Invoking toplevel() on ptolemy.moml.MoMLSimpleApplication@49d68ab1
----------------- Done invoking toplevel() on ptolemy.moml.MoMLSimpleApplication@49d68ab1
reloadAllAccessors: .CartPendulum

===========================================================================================
----------------- testing Wed Aug 07 05:14:55 UTC 2019 /home/travis/build/icyphy/ptII/ptolemy/domains/continuous/test/auto/CausalityInterface10.xml
----------------- Instantiating /home/travis/build/icyphy/ptII/ptolemy/domains/continuous/test/auto/CausalityInterface10.xml
13 ms. Memory: 256000K Free: 223709K (87%)
----------------- Invoking toplevel() on ptolemy.moml.MoMLSimpleApplication@70f0818a
----------------- Done invoking toplevel() on ptolemy.moml.MoMLSimpleApplication@70f0818a
reloadAllAccessors: .CausalityInterface10

===========================================================================================
----------------- testing Wed Aug 07 05:14:55 UTC 2019 /home/travis/build/icyphy/ptII/ptolemy/domains/continuous/test/auto/CausalityInterface11.xml
----------------- Instantiating /home/travis/build/icyphy/ptII/ptolemy/domains/continuous/test/auto/CausalityInterface11.xml
9 ms. Memory: 256000K Free: 217567K (85%)
----------------- Invoking toplevel() on ptolemy.moml.MoMLSimpleApplication@15fc0ea6
----------------- Done invoking toplevel() on ptolemy.moml.MoMLSimpleApplication@15fc0ea6
reloadAllAccessors: .CausalityInterface11

===========================================================================================
----------------- testing Wed Aug 07 05:14:55 UTC 2019 /home/travis/build/icyphy/ptII/ptolemy/domains/continuous/test/auto/CausalityInterface12.xml
----------------- Instantiating /home/travis/build/icyphy/ptII/ptolemy/domains/continuous/test/auto/CausalityInterface12.xml
11 ms. Memory: 256000K Free: 211423K (83%)
----------------- Invoking toplevel() on ptolemy.moml.MoMLSimpleApplication@14cb437
----------------- Done invoking toplevel() on ptolemy.moml.MoMLSimpleApplication@14cb437
reloadAllAccessors: .CausalityInterface12

===========================================================================================
----------------- testing Wed Aug 07 05:14:55 UTC 2019 /home/travis/build/icyphy/ptII/ptolemy/domains/continuous/test/auto/CausalityInterface13.xml
----------------- Instantiating /home/travis/build/icyphy/ptII/ptolemy/domains/continuous/test/auto/CausalityInterface13.xml
7 ms. Memory: 256000K Free: 205279K (80%)
----------------- Invoking toplevel() on ptolemy.moml.MoMLSimpleApplication@3a476c41
----------------- Done invoking toplevel() on ptolemy.moml.MoMLSimpleApplication@3a476c41
reloadAllAccessors: .CausalityInterface13

===========================================================================================
----------------- testing Wed Aug 07 05:14:56 UTC 2019 /home/travis/build/icyphy/ptII/ptolemy/domains/continuous/test/auto/CausalityInterface14.xml
----------------- Instantiating /home/travis/build/icyphy/ptII/ptolemy/domains/continuous/test/auto/CausalityInterface14.xml
5 ms. Memory: 256000K Free: 199631K (78%)
----------------- Invoking toplevel() on ptolemy.moml.MoMLSimpleApplication@4f577d5f
----------------- Done invoking toplevel() on ptolemy.moml.MoMLSimpleApplication@4f577d5f
reloadAllAccessors: .CausalityInterface14

===========================================================================================
----------------- testing Wed Aug 07 05:14:56 UTC 2019 /home/travis/build/icyphy/ptII/ptolemy/domains/continuous/test/auto/CausalityInterface4.xml
----------------- Instantiating /home/travis/build/icyphy/ptII/ptolemy/domains/continuous/test/auto/CausalityInterface4.xml
10 ms. Memory: 256000K Free: 192991K (75%)
----------------- Invoking toplevel() on ptolemy.moml.MoMLSimpleApplication@5d2da686
----------------- Done invoking toplevel() on ptolemy.moml.MoMLSimpleApplication@5d2da686
reloadAllAccessors: .CausalityInterface4

===========================================================================================
----------------- testing Wed Aug 07 05:14:56 UTC 2019 /home/travis/build/icyphy/ptII/ptolemy/domains/continuous/test/auto/CausalityInterface5.xml
----------------- Instantiating /home/travis/build/icyphy/ptII/ptolemy/domains/continuous/test/auto/CausalityInterface5.xml
4 ms. Memory: 256000K Free: 184799K (72%)
----------------- Invoking toplevel() on ptolemy.moml.MoMLSimpleApplication@631ca5b6
----------------- Done invoking toplevel() on ptolemy.moml.MoMLSimpleApplication@631ca5b6
reloadAllAccessors: .CausalityInterface5

===========================================================================================
----------------- testing Wed Aug 07 05:14:56 UTC 2019 /home/travis/build/icyphy/ptII/ptolemy/domains/continuous/test/auto/CausalityInterface6.xml
----------------- Instantiating /home/travis/build/icyphy/ptII/ptolemy/domains/continuous/test/auto/CausalityInterface6.xml
3 ms. Memory: 256000K Free: 179679K (70%)
----------------- Invoking toplevel() on ptolemy.moml.MoMLSimpleApplication@1cba0bee
----------------- Done invoking toplevel() on ptolemy.moml.MoMLSimpleApplication@1cba0bee
reloadAllAccessors: .CausalityInterface6

===========================================================================================
----------------- testing Wed Aug 07 05:14:56 UTC 2019 /home/travis/build/icyphy/ptII/ptolemy/domains/continuous/test/auto/CausalityInterface7.xml
----------------- Instantiating /home/travis/build/icyphy/ptII/ptolemy/domains/continuous/test/auto/CausalityInterface7.xml
11 ms. Memory: 256000K Free: 170973K (67%)
----------------- Invoking toplevel() on ptolemy.moml.MoMLSimpleApplication@494eb15
----------------- Done invoking toplevel() on ptolemy.moml.MoMLSimpleApplication@494eb15
reloadAllAccessors: .CausalityInterface7

===========================================================================================
----------------- testing Wed Aug 07 05:14:56 UTC 2019 /home/travis/build/icyphy/ptII/ptolemy/domains/continuous/test/auto/CausalityInterface8.xml
----------------- Instantiating /home/travis/build/icyphy/ptII/ptolemy/domains/continuous/test/auto/CausalityInterface8.xml
5 ms. Memory: 256000K Free: 161757K (63%)
----------------- Invoking toplevel() on ptolemy.moml.MoMLSimpleApplication@3cf1e0f1
----------------- Done invoking toplevel() on ptolemy.moml.MoMLSimpleApplication@3cf1e0f1
reloadAllAccessors: .CausalityInterface8

===========================================================================================
----------------- testing Wed Aug 07 05:14:56 UTC 2019 /home/travis/build/icyphy/ptII/ptolemy/domains/continuous/test/auto/CausalityInterface9.xml
----------------- Instantiating /home/travis/build/icyphy/ptII/ptolemy/domains/continuous/test/auto/CausalityInterface9.xml
5 ms. Memory: 256000K Free: 151007K (59%)
----------------- Invoking toplevel() on ptolemy.moml.MoMLSimpleApplication@3e4e0fe7
----------------- Done invoking toplevel() on ptolemy.moml.MoMLSimpleApplication@3e4e0fe7
reloadAllAccessors: .CausalityInterface9

===========================================================================================
----------------- testing Wed Aug 07 05:14:56 UTC 2019 /home/travis/build/icyphy/ptII/ptolemy/domains/continuous/test/auto/CausalityInterfaceFeedback1.xml
----------------- Instantiating /home/travis/build/icyphy/ptII/ptolemy/domains/continuous/test/auto/CausalityInterfaceFeedback1.xml
4 ms. Memory: 256000K Free: 144335K (56%)
----------------- Invoking toplevel() on ptolemy.moml.MoMLSimpleApplication@7bf54180
----------------- Done invoking toplevel() on ptolemy.moml.MoMLSimpleApplication@7bf54180
reloadAllAccessors: .CausalityInterfaceFeedback1

===========================================================================================
----------------- testing Wed Aug 07 05:14:56 UTC 2019 /home/travis/build/icyphy/ptII/ptolemy/domains/continuous/test/auto/CausalityInterfaceFeedback2.xml
----------------- Instantiating /home/travis/build/icyphy/ptII/ptolemy/domains/continuous/test/auto/CausalityInterfaceFeedback2.xml
3 ms. Memory: 256000K Free: 137695K (54%)
----------------- Invoking toplevel() on ptolemy.moml.MoMLSimpleApplication@c9404cf
----------------- Done invoking toplevel() on ptolemy.moml.MoMLSimpleApplication@c9404cf
reloadAllAccessors: .CausalityInterfaceFeedback2

===========================================================================================
----------------- testing Wed Aug 07 05:14:56 UTC 2019 /home/travis/build/icyphy/ptII/ptolemy/domains/continuous/test/auto/CompareWithCurrentTime.xml
----------------- Instantiating /home/travis/build/icyphy/ptII/ptolemy/domains/continuous/test/auto/CompareWithCurrentTime.xml
8 ms. Memory: 256000K Free: 133599K (52%)
----------------- Invoking toplevel() on ptolemy.moml.MoMLSimpleApplication@79f50b5d
----------------- Done invoking toplevel() on ptolemy.moml.MoMLSimpleApplication@79f50b5d
reloadAllAccessors: .CompareWithCurrentTime

===========================================================================================
----------------- testing Wed Aug 07 05:14:56 UTC 2019 /home/travis/build/icyphy/ptII/ptolemy/domains/continuous/test/auto/ComparedClocks.xml
----------------- Instantiating /home/travis/build/icyphy/ptII/ptolemy/domains/continuous/test/auto/ComparedClocks.xml
10 ms. Memory: 256000K Free: 118239K (46%)
----------------- Invoking toplevel() on ptolemy.moml.MoMLSimpleApplication@70fe4d8e
----------------- Done invoking toplevel() on ptolemy.moml.MoMLSimpleApplication@70fe4d8e
reloadAllAccessors: .ComparedClocks

===========================================================================================
----------------- testing Wed Aug 07 05:14:56 UTC 2019 /home/travis/build/icyphy/ptII/ptolemy/domains/continuous/test/auto/ContinuousAOCClone.xml
----------------- Instantiating /home/travis/build/icyphy/ptII/ptolemy/domains/continuous/test/auto/ContinuousAOCClone.xml
3039 ms. Memory: 256000K Free: 190357K (74%)
----------------- Invoking toplevel() on ptolemy.moml.MoMLSimpleApplication@565a5e1c
----------------- Done invoking toplevel() on ptolemy.moml.MoMLSimpleApplication@565a5e1c
reloadAllAccessors: .ContinuousAOCClone

===========================================================================================
----------------- testing Wed Aug 07 05:14:59 UTC 2019 /home/travis/build/icyphy/ptII/ptolemy/domains/continuous/test/auto/ContinuousClock.xml
----------------- Instantiating /home/travis/build/icyphy/ptII/ptolemy/domains/continuous/test/auto/ContinuousClock.xml
39 ms. Memory: 256000K Free: 168839K (66%)
----------------- Invoking toplevel() on ptolemy.moml.MoMLSimpleApplication@53cc2d67
----------------- Done invoking toplevel() on ptolemy.moml.MoMLSimpleApplication@53cc2d67
reloadAllAccessors: .ContinuousClock

===========================================================================================
----------------- testing Wed Aug 07 05:14:59 UTC 2019 /home/travis/build/icyphy/ptII/ptolemy/domains/continuous/test/auto/ContinuousInContinuous.xml
----------------- Instantiating /home/travis/build/icyphy/ptII/ptolemy/domains/continuous/test/auto/ContinuousInContinuous.xml
50 ms. Memory: 256000K Free: 145287K (57%)
----------------- Invoking toplevel() on ptolemy.moml.MoMLSimpleApplication@42d3826f
----------------- Done invoking toplevel() on ptolemy.moml.MoMLSimpleApplication@42d3826f
reloadAllAccessors: .ContinuousInContinuous

===========================================================================================
----------------- testing Wed Aug 07 05:14:59 UTC 2019 /home/travis/build/icyphy/ptII/ptolemy/domains/continuous/test/auto/ContinuousInContinuousInContinuous.xml
----------------- Instantiating /home/travis/build/icyphy/ptII/ptolemy/domains/continuous/test/auto/ContinuousInContinuousInContinuous.xml
9 ms. Memory: 256000K Free: 137109K (54%)
----------------- Invoking toplevel() on ptolemy.moml.MoMLSimpleApplication@43dcfdb1
----------------- Done invoking toplevel() on ptolemy.moml.MoMLSimpleApplication@43dcfdb1
reloadAllAccessors: .ContinuousInContinuousInContinuous

===========================================================================================
----------------- testing Wed Aug 07 05:14:59 UTC 2019 /home/travis/build/icyphy/ptII/ptolemy/domains/continuous/test/auto/ContinuousInDE.xml
----------------- Instantiating /home/travis/build/icyphy/ptII/ptolemy/domains/continuous/test/auto/ContinuousInDE.xml
74 ms. Memory: 256000K Free: 126359K (49%)
----------------- Invoking toplevel() on ptolemy.moml.MoMLSimpleApplication@3d9602e7
----------------- Done invoking toplevel() on ptolemy.moml.MoMLSimpleApplication@3d9602e7
reloadAllAccessors: .ContinuousInDE

===========================================================================================
----------------- testing Wed Aug 07 05:15:00 UTC 2019 /home/travis/build/icyphy/ptII/ptolemy/domains/continuous/test/auto/ContinuousInDE2.xml
----------------- Instantiating /home/travis/build/icyphy/ptII/ptolemy/domains/continuous/test/auto/ContinuousInDE2.xml
47 ms. Memory: 256000K Free: 116629K (46%)
----------------- Invoking toplevel() on ptolemy.moml.MoMLSimpleApplication@5625f479
----------------- Done invoking toplevel() on ptolemy.moml.MoMLSimpleApplication@5625f479
reloadAllAccessors: .ContinuousInDE2

===========================================================================================
----------------- testing Wed Aug 07 05:15:00 UTC 2019 /home/travis/build/icyphy/ptII/ptolemy/domains/continuous/test/auto/ContinuousInDE3.xml
----------------- Instantiating /home/travis/build/icyphy/ptII/ptolemy/domains/continuous/test/auto/ContinuousInDE3.xml
49 ms. Memory: 256000K Free: 106903K (42%)
----------------- Invoking toplevel() on ptolemy.moml.MoMLSimpleApplication@15df73e4
----------------- Done invoking toplevel() on ptolemy.moml.MoMLSimpleApplication@15df73e4
reloadAllAccessors: .ContinuousInDE3

===========================================================================================
----------------- testing Wed Aug 07 05:15:00 UTC 2019 /home/travis/build/icyphy/ptII/ptolemy/domains/continuous/test/auto/ContinuousInDE4.xml
----------------- Instantiating /home/travis/build/icyphy/ptII/ptolemy/domains/continuous/test/auto/ContinuousInDE4.xml
16 ms. Memory: 256000K Free: 100757K (39%)
----------------- Invoking toplevel() on ptolemy.moml.MoMLSimpleApplication@236bf1c8
----------------- Done invoking toplevel() on ptolemy.moml.MoMLSimpleApplication@236bf1c8
reloadAllAccessors: .ContinuousInDE4

===========================================================================================
----------------- testing Wed Aug 07 05:15:00 UTC 2019 /home/travis/build/icyphy/ptII/ptolemy/domains/continuous/test/auto/ContinuousInDEDifferentRefinements.xml
----------------- Instantiating /home/travis/build/icyphy/ptII/ptolemy/domains/continuous/test/auto/ContinuousInDEDifferentRefinements.xml
55 ms. Memory: 256000K Free: 222598K (87%)
----------------- Invoking toplevel() on ptolemy.moml.MoMLSimpleApplication@717f920f
----------------- Done invoking toplevel() on ptolemy.moml.MoMLSimpleApplication@717f920f
reloadAllAccessors: .ContinuousInDEDifferentRefinements

===========================================================================================
----------------- testing Wed Aug 07 05:15:00 UTC 2019 /home/travis/build/icyphy/ptII/ptolemy/domains/continuous/test/auto/ContinuousInDEDifferentRefinementsPreemptive.xml
----------------- Instantiating /home/travis/build/icyphy/ptII/ptolemy/domains/continuous/test/auto/ContinuousInDEDifferentRefinementsPreemptive.xml
60 ms. Memory: 256000K Free: 191878K (75%)
----------------- Invoking toplevel() on ptolemy.moml.MoMLSimpleApplication@57ea67db
----------------- Done invoking toplevel() on ptolemy.moml.MoMLSimpleApplication@57ea67db
reloadAllAccessors: .ContinuousInDEDifferentRefinementsPreemptive

===========================================================================================
----------------- testing Wed Aug 07 05:15:00 UTC 2019 /home/travis/build/icyphy/ptII/ptolemy/domains/continuous/test/auto/ContinuousInDEInContinuous2.xml
----------------- Instantiating /home/travis/build/icyphy/ptII/ptolemy/domains/continuous/test/auto/ContinuousInDEInContinuous2.xml
45 ms. Memory: 256000K Free: 180614K (71%)
----------------- Invoking toplevel() on ptolemy.moml.MoMLSimpleApplication@6651a8ea
----------------- Done invoking toplevel() on ptolemy.moml.MoMLSimpleApplication@6651a8ea
reloadAllAccessors: .ContinuousInDEInContinuous2

===========================================================================================
----------------- testing Wed Aug 07 05:15:00 UTC 2019 /home/travis/build/icyphy/ptII/ptolemy/domains/continuous/test/auto/ContinuousInDEInContinuous3.xml
----------------- Instantiating /home/travis/build/icyphy/ptII/ptolemy/domains/continuous/test/auto/ContinuousInDEInContinuous3.xml
43 ms. Memory: 256000K Free: 168836K (66%)
----------------- Invoking toplevel() on ptolemy.moml.MoMLSimpleApplication@37354d8b
----------------- Done invoking toplevel() on ptolemy.moml.MoMLSimpleApplication@37354d8b
reloadAllAccessors: .ContinuousInDEInContinuous3

===========================================================================================
----------------- testing Wed Aug 07 05:15:00 UTC 2019 /home/travis/build/icyphy/ptII/ptolemy/domains/continuous/test/auto/ContinuousInDEInput.xml
----------------- Instantiating /home/travis/build/icyphy/ptII/ptolemy/domains/continuous/test/auto/ContinuousInDEInput.xml
21 ms. Memory: 256000K Free: 161668K (63%)
----------------- Invoking toplevel() on ptolemy.moml.MoMLSimpleApplication@3a57167e
----------------- Done invoking toplevel() on ptolemy.moml.MoMLSimpleApplication@3a57167e
reloadAllAccessors: .ContinuousInDEInput

===========================================================================================
----------------- testing Wed Aug 07 05:15:00 UTC 2019 /home/travis/build/icyphy/ptII/ptolemy/domains/continuous/test/auto/ContinuousInDEInput2.xml
----------------- Instantiating /home/travis/build/icyphy/ptII/ptolemy/domains/continuous/test/auto/ContinuousInDEInput2.xml
15 ms. Memory: 256000K Free: 154500K (60%)
----------------- Invoking toplevel() on ptolemy.moml.MoMLSimpleApplication@51c7999e
----------------- Done invoking toplevel() on ptolemy.moml.MoMLSimpleApplication@51c7999e
reloadAllAccessors: .ContinuousInDEInput2

===========================================================================================
----------------- testing Wed Aug 07 05:15:00 UTC 2019 /home/travis/build/icyphy/ptII/ptolemy/domains/continuous/test/auto/ContinuousInDEInput3.xml
----------------- Instantiating /home/travis/build/icyphy/ptII/ptolemy/domains/continuous/test/auto/ContinuousInDEInput3.xml
19 ms. Memory: 256000K Free: 147332K (58%)
----------------- Invoking toplevel() on ptolemy.moml.MoMLSimpleApplication@1b1426df
----------------- Done invoking toplevel() on ptolemy.moml.MoMLSimpleApplication@1b1426df
reloadAllAccessors: .ContinuousInDEInput3

===========================================================================================
----------------- testing Wed Aug 07 05:15:00 UTC 2019 /home/travis/build/icyphy/ptII/ptolemy/domains/continuous/test/auto/ContinuousInDESharingRefinement.xml
----------------- Instantiating /home/travis/build/icyphy/ptII/ptolemy/domains/continuous/test/auto/ContinuousInDESharingRefinement.xml
205 ms. Memory: 256000K Free: 205307K (80%)
----------------- Invoking toplevel() on ptolemy.moml.MoMLSimpleApplication@10b0f68
----------------- Done invoking toplevel() on ptolemy.moml.MoMLSimpleApplication@10b0f68
reloadAllAccessors: .ContinuousInDESharingRefinement

===========================================================================================
----------------- testing Wed Aug 07 05:15:00 UTC 2019 /home/travis/build/icyphy/ptII/ptolemy/domains/continuous/test/auto/ContinuousInDEwithNoPorts.xml
----------------- Instantiating /home/travis/build/icyphy/ptII/ptolemy/domains/continuous/test/auto/ContinuousInDEwithNoPorts.xml
6 ms. Memory: 256000K Free: 200667K (78%)
----------------- Invoking toplevel() on ptolemy.moml.MoMLSimpleApplication@e34c6ec
----------------- Done invoking toplevel() on ptolemy.moml.MoMLSimpleApplication@e34c6ec
reloadAllAccessors: .ContinuousInDEwithNoPorts

===========================================================================================
----------------- testing Wed Aug 07 05:15:00 UTC 2019 /home/travis/build/icyphy/ptII/ptolemy/domains/continuous/test/auto/ContinuousInsideDE.xml
----------------- Instantiating /home/travis/build/icyphy/ptII/ptolemy/domains/continuous/test/auto/ContinuousInsideDE.xml
44 ms. Memory: 256000K Free: 189433K (74%)
----------------- Invoking toplevel() on ptolemy.moml.MoMLSimpleApplication@2a86341f
----------------- Done invoking toplevel() on ptolemy.moml.MoMLSimpleApplication@2a86341f
reloadAllAccessors: .ContinuousInsideDE

===========================================================================================
----------------- testing Wed Aug 07 05:15:01 UTC 2019 /home/travis/build/icyphy/ptII/ptolemy/domains/continuous/test/auto/ContinuousMerge1.xml
----------------- Instantiating /home/travis/build/icyphy/ptII/ptolemy/domains/continuous/test/auto/ContinuousMerge1.xml
3 ms. Memory: 256000K Free: 184283K (72%)
----------------- Invoking toplevel() on ptolemy.moml.MoMLSimpleApplication@5990b777
----------------- Done invoking toplevel() on ptolemy.moml.MoMLSimpleApplication@5990b777
reloadAllAccessors: .ContinuousMerge1

===========================================================================================
----------------- testing Wed Aug 07 05:15:01 UTC 2019 /home/travis/build/icyphy/ptII/ptolemy/domains/continuous/test/auto/ContinuousMerge2.xml
----------------- Instantiating /home/travis/build/icyphy/ptII/ptolemy/domains/continuous/test/auto/ContinuousMerge2.xml
20 ms. Memory: 256000K Free: 174073K (68%)
----------------- Invoking toplevel() on ptolemy.moml.MoMLSimpleApplication@193f3b93
----------------- Done invoking toplevel() on ptolemy.moml.MoMLSimpleApplication@193f3b93
reloadAllAccessors: .ContinuousMerge2

===========================================================================================
----------------- testing Wed Aug 07 05:15:01 UTC 2019 /home/travis/build/icyphy/ptII/ptolemy/domains/continuous/test/auto/ContinuousMerge3.xml
----------------- Instantiating /home/travis/build/icyphy/ptII/ptolemy/domains/continuous/test/auto/ContinuousMerge3.xml
56 ms. Memory: 256000K Free: 163321K (64%)
----------------- Invoking toplevel() on ptolemy.moml.MoMLSimpleApplication@2f7215cd
----------------- Done invoking toplevel() on ptolemy.moml.MoMLSimpleApplication@2f7215cd
reloadAllAccessors: .ContinuousMerge3

===========================================================================================
----------------- testing Wed Aug 07 05:15:01 UTC 2019 /home/travis/build/icyphy/ptII/ptolemy/domains/continuous/test/auto/ContinuousWithinContinuous.xml
----------------- Instantiating /home/travis/build/icyphy/ptII/ptolemy/domains/continuous/test/auto/ContinuousWithinContinuous.xml
47 ms. Memory: 256000K Free: 153083K (60%)
----------------- Invoking toplevel() on ptolemy.moml.MoMLSimpleApplication@3164ddb3
----------------- Done invoking toplevel() on ptolemy.moml.MoMLSimpleApplication@3164ddb3
reloadAllAccessors: .ContinuousWithinContinuous

===========================================================================================
----------------- testing Wed Aug 07 05:15:01 UTC 2019 /home/travis/build/icyphy/ptII/ptolemy/domains/continuous/test/auto/ContinuousWithinContinuous2.xml
----------------- Instantiating /home/travis/build/icyphy/ptII/ptolemy/domains/continuous/test/auto/ContinuousWithinContinuous2.xml
93 ms. Memory: 256000K Free: 141819K (55%)
----------------- Invoking toplevel() on ptolemy.moml.MoMLSimpleApplication@6ee0e755
----------------- Done invoking toplevel() on ptolemy.moml.MoMLSimpleApplication@6ee0e755
reloadAllAccessors: .ContinuousWithinContinuous2

===========================================================================================
----------------- testing Wed Aug 07 05:15:01 UTC 2019 /home/travis/build/icyphy/ptII/ptolemy/domains/continuous/test/auto/ContinuousWithinContinuous3.xml
----------------- Instantiating /home/travis/build/icyphy/ptII/ptolemy/domains/continuous/test/auto/ContinuousWithinContinuous3.xml
16 ms. Memory: 256000K Free: 135161K (53%)
----------------- Invoking toplevel() on ptolemy.moml.MoMLSimpleApplication@5020cd87
----------------- Done invoking toplevel() on ptolemy.moml.MoMLSimpleApplication@5020cd87
reloadAllAccessors: .ContinuousWithinContinuous3

===========================================================================================
----------------- testing Wed Aug 07 05:15:01 UTC 2019 /home/travis/build/icyphy/ptII/ptolemy/domains/continuous/test/auto/ContinuousWithinContinuous4.xml
----------------- Instantiating /home/travis/build/icyphy/ptII/ptolemy/domains/continuous/test/auto/ContinuousWithinContinuous4.xml
96 ms. Memory: 256000K Free: 122873K (48%)
----------------- Invoking toplevel() on ptolemy.moml.MoMLSimpleApplication@2b324a35
----------------- Done invoking toplevel() on ptolemy.moml.MoMLSimpleApplication@2b324a35
reloadAllAccessors: .ContinuousWithinContinuous4

===========================================================================================
----------------- testing Wed Aug 07 05:15:01 UTC 2019 /home/travis/build/icyphy/ptII/ptolemy/domains/continuous/test/auto/ContinuousWithinContinuous5.xml
----------------- Instantiating /home/travis/build/icyphy/ptII/ptolemy/domains/continuous/test/auto/ContinuousWithinContinuous5.xml
17 ms. Memory: 256000K Free: 115195K (45%)
----------------- Invoking toplevel() on ptolemy.moml.MoMLSimpleApplication@7e1c9c40
----------------- Done invoking toplevel() on ptolemy.moml.MoMLSimpleApplication@7e1c9c40
reloadAllAccessors: .ContinuousWithinContinuous5

===========================================================================================
----------------- testing Wed Aug 07 05:15:01 UTC 2019 /home/travis/build/icyphy/ptII/ptolemy/domains/continuous/test/auto/ContinuousWithinContinuous6.xml
----------------- Instantiating /home/travis/build/icyphy/ptII/ptolemy/domains/continuous/test/auto/ContinuousWithinContinuous6.xml
15 ms. Memory: 256000K Free: 108027K (42%)
----------------- Invoking toplevel() on ptolemy.moml.MoMLSimpleApplication@42ec4b93
----------------- Done invoking toplevel() on ptolemy.moml.MoMLSimpleApplication@42ec4b93
reloadAllAccessors: .ContinuousWithinContinuous6

===========================================================================================
----------------- testing Wed Aug 07 05:15:01 UTC 2019 /home/travis/build/icyphy/ptII/ptolemy/domains/continuous/test/auto/ContinuousWithinContinuous7.xml
----------------- Instantiating /home/travis/build/icyphy/ptII/ptolemy/domains/continuous/test/auto/ContinuousWithinContinuous7.xml
77 ms. Memory: 256000K Free: 96763K (38%)
----------------- Invoking toplevel() on ptolemy.moml.MoMLSimpleApplication@6d04d76d
----------------- Done invoking toplevel() on ptolemy.moml.MoMLSimpleApplication@6d04d76d
reloadAllAccessors: .ContinuousWithinContinuous7

===========================================================================================
----------------- testing Wed Aug 07 05:15:01 UTC 2019 /home/travis/build/icyphy/ptII/ptolemy/domains/continuous/test/auto/DCMotor.xml
----------------- Instantiating /home/travis/build/icyphy/ptII/ptolemy/domains/continuous/test/auto/DCMotor.xml
16369 ms. Memory: 256000K Free: 212507K (83%)
----------------- Invoking toplevel() on ptolemy.moml.MoMLSimpleApplication@79c6294e
----------------- Done invoking toplevel() on ptolemy.moml.MoMLSimpleApplication@79c6294e
reloadAllAccessors: .DCMotor

===========================================================================================
----------------- testing Wed Aug 07 05:15:18 UTC 2019 /home/travis/build/icyphy/ptII/ptolemy/domains/continuous/test/auto/DEInContinuous.xml
----------------- Instantiating /home/travis/build/icyphy/ptII/ptolemy/domains/continuous/test/auto/DEInContinuous.xml
11 ms. Memory: 256000K Free: 206377K (81%)
----------------- Invoking toplevel() on ptolemy.moml.MoMLSimpleApplication@6baed989
----------------- Done invoking toplevel() on ptolemy.moml.MoMLSimpleApplication@6baed989
reloadAllAccessors: .DEInContinuous

===========================================================================================
----------------- testing Wed Aug 07 05:15:18 UTC 2019 /home/travis/build/icyphy/ptII/ptolemy/domains/continuous/test/auto/DEinContinuous2.xml
----------------- Instantiating /home/travis/build/icyphy/ptII/ptolemy/domains/continuous/test/auto/DEinContinuous2.xml
7 ms. Memory: 256000K Free: 198699K (78%)
----------------- Invoking toplevel() on ptolemy.moml.MoMLSimpleApplication@22b15105
----------------- Done invoking toplevel() on ptolemy.moml.MoMLSimpleApplication@22b15105
reloadAllAccessors: .DEinContinuous2

===========================================================================================
----------------- testing Wed Aug 07 05:15:18 UTC 2019 /home/travis/build/icyphy/ptII/ptolemy/domains/continuous/test/auto/Derivative.xml
----------------- Instantiating /home/travis/build/icyphy/ptII/ptolemy/domains/continuous/test/auto/Derivative.xml
160 ms. Memory: 256000K Free: 169003K (66%)
----------------- Invoking toplevel() on ptolemy.moml.MoMLSimpleApplication@34b3f1c6
----------------- Done invoking toplevel() on ptolemy.moml.MoMLSimpleApplication@34b3f1c6
reloadAllAccessors: .Derivative2

===========================================================================================
----------------- testing Wed Aug 07 05:15:18 UTC 2019 /home/travis/build/icyphy/ptII/ptolemy/domains/continuous/test/auto/Derivative1.xml
----------------- Instantiating /home/travis/build/icyphy/ptII/ptolemy/domains/continuous/test/auto/Derivative1.xml
15 ms. Memory: 256000K Free: 155177K (61%)
----------------- Invoking toplevel() on ptolemy.moml.MoMLSimpleApplication@39c3526f
----------------- Done invoking toplevel() on ptolemy.moml.MoMLSimpleApplication@39c3526f
reloadAllAccessors: .Derivative1

===========================================================================================
----------------- testing Wed Aug 07 05:15:18 UTC 2019 /home/travis/build/icyphy/ptII/ptolemy/domains/continuous/test/auto/DiscreteClock.xml
----------------- Instantiating /home/travis/build/icyphy/ptII/ptolemy/domains/continuous/test/auto/DiscreteClock.xml
3 ms. Memory: 256000K Free: 150057K (59%)
----------------- Invoking toplevel() on ptolemy.moml.MoMLSimpleApplication@7e2d0d32
----------------- Done invoking toplevel() on ptolemy.moml.MoMLSimpleApplication@7e2d0d32
reloadAllAccessors: .DiscreteClock

===========================================================================================
----------------- testing Wed Aug 07 05:15:18 UTC 2019 /home/travis/build/icyphy/ptII/ptolemy/domains/continuous/test/auto/EfficiencyCurve.xml
----------------- Instantiating /home/travis/build/icyphy/ptII/ptolemy/domains/continuous/test/auto/EfficiencyCurve.xml
48 ms. Memory: 256000K Free: 140841K (55%)
----------------- Invoking toplevel() on ptolemy.moml.MoMLSimpleApplication@406742f2
----------------- Done invoking toplevel() on ptolemy.moml.MoMLSimpleApplication@406742f2
reloadAllAccessors: .EfficiencyCurve

===========================================================================================
----------------- testing Wed Aug 07 05:15:18 UTC 2019 /home/travis/build/icyphy/ptII/ptolemy/domains/continuous/test/auto/ExponentialResponse.xml
----------------- Instantiating /home/travis/build/icyphy/ptII/ptolemy/domains/continuous/test/auto/ExponentialResponse.xml
115 ms. Memory: 256000K Free: 124971K (49%)
----------------- Invoking toplevel() on ptolemy.moml.MoMLSimpleApplication@1a51ab62
----------------- Done invoking toplevel() on ptolemy.moml.MoMLSimpleApplication@1a51ab62
reloadAllAccessors: .ExponentialResponse

===========================================================================================
----------------- testing Wed Aug 07 05:15:18 UTC 2019 /home/travis/build/icyphy/ptII/ptolemy/domains/continuous/test/auto/ExponentialResponseRK45.xml
----------------- Instantiating /home/travis/build/icyphy/ptII/ptolemy/domains/continuous/test/auto/ExponentialResponseRK45.xml
27 ms. Memory: 256000K Free: 118313K (46%)
----------------- Invoking toplevel() on ptolemy.moml.MoMLSimpleApplication@33a8f1aa
----------------- Done invoking toplevel() on ptolemy.moml.MoMLSimpleApplication@33a8f1aa
reloadAllAccessors: .ExponentialResponseRK45

===========================================================================================
----------------- testing Wed Aug 07 05:15:18 UTC 2019 /home/travis/build/icyphy/ptII/ptolemy/domains/continuous/test/auto/Friction.xml
----------------- Instantiating /home/travis/build/icyphy/ptII/ptolemy/domains/continuous/test/auto/Friction.xml
1470 ms. Memory: 256000K Free: 154092K (60%)
----------------- Invoking toplevel() on ptolemy.moml.MoMLSimpleApplication@43c11111
----------------- Done invoking toplevel() on ptolemy.moml.MoMLSimpleApplication@43c11111
reloadAllAccessors: .Friction

===========================================================================================
----------------- testing Wed Aug 07 05:15:20 UTC 2019 /home/travis/build/icyphy/ptII/ptolemy/domains/continuous/test/auto/FurutaPendulum.xml
----------------- Instantiating /home/travis/build/icyphy/ptII/ptolemy/domains/continuous/test/auto/FurutaPendulum.xml
3605 ms. Memory: 256000K Free: 112553K (44%)
----------------- Invoking toplevel() on ptolemy.moml.MoMLSimpleApplication@28a714ea
----------------- Done invoking toplevel() on ptolemy.moml.MoMLSimpleApplication@28a714ea
reloadAllAccessors: .FurutaPendulum

===========================================================================================
----------------- testing Wed Aug 07 05:15:24 UTC 2019 /home/travis/build/icyphy/ptII/ptolemy/domains/continuous/test/auto/HierarchicalExecution.xml
----------------- Instantiating /home/travis/build/icyphy/ptII/ptolemy/domains/continuous/test/auto/HierarchicalExecution.xml
2213 ms. Memory: 256000K Free: 121099K (47%)
----------------- Invoking toplevel() on ptolemy.moml.MoMLSimpleApplication@2c45307b
----------------- Done invoking toplevel() on ptolemy.moml.MoMLSimpleApplication@2c45307b
reloadAllAccessors: .HierarchicalExecution

===========================================================================================
----------------- testing Wed Aug 07 05:15:26 UTC 2019 /home/travis/build/icyphy/ptII/ptolemy/domains/continuous/test/auto/HybridPlant.xml
----------------- Instantiating /home/travis/build/icyphy/ptII/ptolemy/domains/continuous/test/auto/HybridPlant.xml
506 ms. Memory: 256000K Free: 161103K (63%)
----------------- Invoking toplevel() on ptolemy.moml.MoMLSimpleApplication@58b59855
----------------- Done invoking toplevel() on ptolemy.moml.MoMLSimpleApplication@58b59855
reloadAllAccessors: .HybridPlant

===========================================================================================
----------------- testing Wed Aug 07 05:15:27 UTC 2019 /home/travis/build/icyphy/ptII/ptolemy/domains/continuous/test/auto/Hysteresis.xml
----------------- Instantiating /home/travis/build/icyphy/ptII/ptolemy/domains/continuous/test/auto/Hysteresis.xml
159 ms. Memory: 256000K Free: 99159K (39%)
----------------- Invoking toplevel() on ptolemy.moml.MoMLSimpleApplication@428fb966
----------------- Done invoking toplevel() on ptolemy.moml.MoMLSimpleApplication@428fb966
reloadAllAccessors: .Hysteresis

===========================================================================================
----------------- testing Wed Aug 07 05:15:27 UTC 2019 /home/travis/build/icyphy/ptII/ptolemy/domains/continuous/test/auto/HysteresisWithRandomDelay.xml
----------------- Instantiating /home/travis/build/icyphy/ptII/ptolemy/domains/continuous/test/auto/HysteresisWithRandomDelay.xml
163 ms. Memory: 256000K Free: 178942K (70%)
----------------- Invoking toplevel() on ptolemy.moml.MoMLSimpleApplication@69092be6
----------------- Done invoking toplevel() on ptolemy.moml.MoMLSimpleApplication@69092be6
reloadAllAccessors: .HysteresisWithRandomDelay

===========================================================================================
----------------- testing Wed Aug 07 05:15:27 UTC 2019 /home/travis/build/icyphy/ptII/ptolemy/domains/continuous/test/auto/HysteresisWithRandomLosses.xml
----------------- Instantiating /home/travis/build/icyphy/ptII/ptolemy/domains/continuous/test/auto/HysteresisWithRandomLosses.xml
2376 ms. Memory: 256000K Free: 195198K (76%)
----------------- Invoking toplevel() on ptolemy.moml.MoMLSimpleApplication@225f7cc6
----------------- Done invoking toplevel() on ptolemy.moml.MoMLSimpleApplication@225f7cc6
reloadAllAccessors: .HysteresisWithRandomLosses

===========================================================================================
----------------- testing Wed Aug 07 05:15:30 UTC 2019 /home/travis/build/icyphy/ptII/ptolemy/domains/continuous/test/auto/ImmediateTransitions.xml
----------------- Instantiating /home/travis/build/icyphy/ptII/ptolemy/domains/continuous/test/auto/ImmediateTransitions.xml
10 ms. Memory: 256000K Free: 184430K (72%)
----------------- Invoking toplevel() on ptolemy.moml.MoMLSimpleApplication@230a4576
----------------- Done invoking toplevel() on ptolemy.moml.MoMLSimpleApplication@230a4576
reloadAllAccessors: .ImmediateTransitions

===========================================================================================
----------------- testing Wed Aug 07 05:15:30 UTC 2019 /home/travis/build/icyphy/ptII/ptolemy/domains/continuous/test/auto/ImpulseFeedback.xml
----------------- Instantiating /home/travis/build/icyphy/ptII/ptolemy/domains/continuous/test/auto/ImpulseFeedback.xml
9 ms. Memory: 256000K Free: 178814K (70%)
----------------- Invoking toplevel() on ptolemy.moml.MoMLSimpleApplication@26470148
----------------- Done invoking toplevel() on ptolemy.moml.MoMLSimpleApplication@26470148
reloadAllAccessors: .ImpulseFeedback

===========================================================================================
----------------- testing Wed Aug 07 05:15:30 UTC 2019 /home/travis/build/icyphy/ptII/ptolemy/domains/continuous/test/auto/ImpulseFeedback2.xml
----------------- Instantiating /home/travis/build/icyphy/ptII/ptolemy/domains/continuous/test/auto/ImpulseFeedback2.xml
6 ms. Memory: 256000K Free: 173180K (68%)
----------------- Invoking toplevel() on ptolemy.moml.MoMLSimpleApplication@7b198e8c
----------------- Done invoking toplevel() on ptolemy.moml.MoMLSimpleApplication@7b198e8c
reloadAllAccessors: .ImpulseFeedback2

===========================================================================================
----------------- testing Wed Aug 07 05:15:30 UTC 2019 /home/travis/build/icyphy/ptII/ptolemy/domains/continuous/test/auto/IncreasingRatePoisson.xml
----------------- Instantiating /home/travis/build/icyphy/ptII/ptolemy/domains/continuous/test/auto/IncreasingRatePoisson.xml
724 ms. Memory: 256000K Free: 171409K (67%)
----------------- Invoking toplevel() on ptolemy.moml.MoMLSimpleApplication@573c7c6c
----------------- Done invoking toplevel() on ptolemy.moml.MoMLSimpleApplication@573c7c6c
reloadAllAccessors: .IncreasingRatePoisson

===========================================================================================
----------------- testing Wed Aug 07 05:15:31 UTC 2019 /home/travis/build/icyphy/ptII/ptolemy/domains/continuous/test/auto/InitialStateFeedback.xml
----------------- Instantiating /home/travis/build/icyphy/ptII/ptolemy/domains/continuous/test/auto/InitialStateFeedback.xml
7 ms. Memory: 256000K Free: 166799K (65%)
----------------- Invoking toplevel() on ptolemy.moml.MoMLSimpleApplication@6bb2cc95
----------------- Done invoking toplevel() on ptolemy.moml.MoMLSimpleApplication@6bb2cc95
reloadAllAccessors: .InitialStateFeedback

===========================================================================================
----------------- testing Wed Aug 07 05:15:31 UTC 2019 /home/travis/build/icyphy/ptII/ptolemy/domains/continuous/test/auto/Integration.xml
----------------- Instantiating /home/travis/build/icyphy/ptII/ptolemy/domains/continuous/test/auto/Integration.xml
2 ms. Memory: 256000K Free: 162703K (64%)
----------------- Invoking toplevel() on ptolemy.moml.MoMLSimpleApplication@34765256
----------------- Done invoking toplevel() on ptolemy.moml.MoMLSimpleApplication@34765256
reloadAllAccessors: .Integration

===========================================================================================
----------------- testing Wed Aug 07 05:15:31 UTC 2019 /home/travis/build/icyphy/ptII/ptolemy/domains/continuous/test/auto/Integration2.xml
----------------- Instantiating /home/travis/build/icyphy/ptII/ptolemy/domains/continuous/test/auto/Integration2.xml
82 ms. Memory: 256000K Free: 148367K (58%)
----------------- Invoking toplevel() on ptolemy.moml.MoMLSimpleApplication@7b400e36
----------------- Done invoking toplevel() on ptolemy.moml.MoMLSimpleApplication@7b400e36
reloadAllAccessors: .Integration2

===========================================================================================
----------------- testing Wed Aug 07 05:15:31 UTC 2019 /home/travis/build/icyphy/ptII/ptolemy/domains/continuous/test/auto/Integration3.xml
----------------- Instantiating /home/travis/build/icyphy/ptII/ptolemy/domains/continuous/test/auto/Integration3.xml
3 ms. Memory: 256000K Free: 143761K (56%)
----------------- Invoking toplevel() on ptolemy.moml.MoMLSimpleApplication@271454b6
----------------- Done invoking toplevel() on ptolemy.moml.MoMLSimpleApplication@271454b6
reloadAllAccessors: .Integration3

===========================================================================================
----------------- testing Wed Aug 07 05:15:31 UTC 2019 /home/travis/build/icyphy/ptII/ptolemy/domains/continuous/test/auto/Integration5.xml
----------------- Instantiating /home/travis/build/icyphy/ptII/ptolemy/domains/continuous/test/auto/Integration5.xml
2 ms. Memory: 256000K Free: 139665K (55%)
----------------- Invoking toplevel() on ptolemy.moml.MoMLSimpleApplication@4ace4d80
----------------- Done invoking toplevel() on ptolemy.moml.MoMLSimpleApplication@4ace4d80
reloadAllAccessors: .Integration5

===========================================================================================
----------------- testing Wed Aug 07 05:15:31 UTC 2019 /home/travis/build/icyphy/ptII/ptolemy/domains/continuous/test/auto/IntegratorImpulse.xml
----------------- Instantiating /home/travis/build/icyphy/ptII/ptolemy/domains/continuous/test/auto/IntegratorImpulse.xml
2 ms. Memory: 256000K Free: 135569K (53%)
----------------- Invoking toplevel() on ptolemy.moml.MoMLSimpleApplication@5a49f521
----------------- Done invoking toplevel() on ptolemy.moml.MoMLSimpleApplication@5a49f521
reloadAllAccessors: .IntegratorImpulse

===========================================================================================
----------------- testing Wed Aug 07 05:15:31 UTC 2019 /home/travis/build/icyphy/ptII/ptolemy/domains/continuous/test/auto/IntegratorImpulse2.xml
----------------- Instantiating /home/travis/build/icyphy/ptII/ptolemy/domains/continuous/test/auto/IntegratorImpulse2.xml
4 ms. Memory: 256000K Free: 130945K (51%)
----------------- Invoking toplevel() on ptolemy.moml.MoMLSimpleApplication@1fd3057c
----------------- Done invoking toplevel() on ptolemy.moml.MoMLSimpleApplication@1fd3057c
reloadAllAccessors: .IntegratorImpulse2

===========================================================================================
----------------- testing Wed Aug 07 05:15:31 UTC 2019 /home/travis/build/icyphy/ptII/ptolemy/domains/continuous/test/auto/LevelCrossing1.xml
----------------- Instantiating /home/travis/build/icyphy/ptII/ptolemy/domains/continuous/test/auto/LevelCrossing1.xml
2 ms. Memory: 256000K Free: 125825K (49%)
----------------- Invoking toplevel() on ptolemy.moml.MoMLSimpleApplication@28e2c84a
----------------- Done invoking toplevel() on ptolemy.moml.MoMLSimpleApplication@28e2c84a
reloadAllAccessors: .LevelCrossing1

===========================================================================================
----------------- testing Wed Aug 07 05:15:31 UTC 2019 /home/travis/build/icyphy/ptII/ptolemy/domains/continuous/test/auto/LevelCrossing2.xml
----------------- Instantiating /home/travis/build/icyphy/ptII/ptolemy/domains/continuous/test/auto/LevelCrossing2.xml
3 ms. Memory: 256000K Free: 120719K (47%)
----------------- Invoking toplevel() on ptolemy.moml.MoMLSimpleApplication@32d100de
----------------- Done invoking toplevel() on ptolemy.moml.MoMLSimpleApplication@32d100de
reloadAllAccessors: .LevelCrossing2

===========================================================================================
----------------- testing Wed Aug 07 05:15:31 UTC 2019 /home/travis/build/icyphy/ptII/ptolemy/domains/continuous/test/auto/LevelCrossing3.xml
----------------- Instantiating /home/travis/build/icyphy/ptII/ptolemy/domains/continuous/test/auto/LevelCrossing3.xml
3 ms. Memory: 256000K Free: 115599K (45%)
----------------- Invoking toplevel() on ptolemy.moml.MoMLSimpleApplication@77d1fb44
----------------- Done invoking toplevel() on ptolemy.moml.MoMLSimpleApplication@77d1fb44
reloadAllAccessors: .LevelCrossing3

===========================================================================================
----------------- testing Wed Aug 07 05:15:31 UTC 2019 /home/travis/build/icyphy/ptII/ptolemy/domains/continuous/test/auto/LevelCrossing4.xml
----------------- Instantiating /home/travis/build/icyphy/ptII/ptolemy/domains/continuous/test/auto/LevelCrossing4.xml
3 ms. Memory: 256000K Free: 110479K (43%)
----------------- Invoking toplevel() on ptolemy.moml.MoMLSimpleApplication@4cdafd22
----------------- Done invoking toplevel() on ptolemy.moml.MoMLSimpleApplication@4cdafd22
reloadAllAccessors: .LevelCrossing4

===========================================================================================
----------------- testing Wed Aug 07 05:15:31 UTC 2019 /home/travis/build/icyphy/ptII/ptolemy/domains/continuous/test/auto/LevelCrossing5.xml
----------------- Instantiating /home/travis/build/icyphy/ptII/ptolemy/domains/continuous/test/auto/LevelCrossing5.xml
3 ms. Memory: 256000K Free: 105359K (41%)
----------------- Invoking toplevel() on ptolemy.moml.MoMLSimpleApplication@7e7f62c
----------------- Done invoking toplevel() on ptolemy.moml.MoMLSimpleApplication@7e7f62c
reloadAllAccessors: .LevelCrossing5

===========================================================================================
[...]
----------------- testing Wed Aug 07 05:15:50 UTC 2019 /home/travis/build/icyphy/ptII/ptolemy/domains/continuous/test/auto/SRinContinuous.xml
----------------- Instantiating /home/travis/build/icyphy/ptII/ptolemy/domains/continuous/test/auto/SRinContinuous.xml
9 ms. Memory: 307200K Free: 171642K (56%)
----------------- Invoking toplevel() on ptolemy.moml.MoMLSimpleApplication@37c5c7d
----------------- Done invoking toplevel() on ptolemy.moml.MoMLSimpleApplication@37c5c7d
reloadAllAccessors: .SRinContinuous

===========================================================================================
----------------- testing Wed Aug 07 05:15:50 UTC 2019 /home/travis/build/icyphy/ptII/ptolemy/domains/continuous/test/auto/SampledClocks.xml
----------------- Instantiating /home/travis/build/icyphy/ptII/ptolemy/domains/continuous/test/auto/SampledClocks.xml
7 ms. Memory: 307200K Free: 159354K (52%)
----------------- Invoking toplevel() on ptolemy.moml.MoMLSimpleApplication@5fad8ea2
----------------- Done invoking toplevel() on ptolemy.moml.MoMLSimpleApplication@5fad8ea2
reloadAllAccessors: .SampledClocks

===========================================================================================
----------------- testing Wed Aug 07 05:15:50 UTC 2019 /home/travis/build/icyphy/ptII/ptolemy/domains/continuous/test/auto/Satellite.xml
----------------- Instantiating /home/travis/build/icyphy/ptII/ptolemy/domains/continuous/test/auto/Satellite.xml
961 ms. Memory: 307200K Free: 151718K (49%)
----------------- Invoking toplevel() on ptolemy.moml.MoMLSimpleApplication@236c4d31
----------------- Done invoking toplevel() on ptolemy.moml.MoMLSimpleApplication@236c4d31
reloadAllAccessors: .Satellite

===========================================================================================
----------------- testing Wed Aug 07 05:15:51 UTC 2019 /home/travis/build/icyphy/ptII/ptolemy/domains/continuous/test/auto/SigmaDelta.xml
----------------- Instantiating /home/travis/build/icyphy/ptII/ptolemy/domains/continuous/test/auto/SigmaDelta.xml
2451 ms. Memory: 307200K Free: 246208K (80%)
----------------- Invoking toplevel() on ptolemy.moml.MoMLSimpleApplication@5fb5aa49
----------------- Done invoking toplevel() on ptolemy.moml.MoMLSimpleApplication@5fb5aa49
reloadAllAccessors: .SigmaDelta

===========================================================================================
----------------- testing Wed Aug 07 05:15:54 UTC 2019 /home/travis/build/icyphy/ptII/ptolemy/domains/continuous/test/auto/SingleRefinement.xml
----------------- Instantiating /home/travis/build/icyphy/ptII/ptolemy/domains/continuous/test/auto/SingleRefinement.xml
337 ms. Memory: 307200K Free: 245627K (80%)
----------------- Invoking toplevel() on ptolemy.moml.MoMLSimpleApplication@2c5fbaba
----------------- Done invoking toplevel() on ptolemy.moml.MoMLSimpleApplication@2c5fbaba
reloadAllAccessors: .SingleRefinement

===========================================================================================
----------------- testing Wed Aug 07 05:15:54 UTC 2019 /home/travis/build/icyphy/ptII/ptolemy/domains/continuous/test/auto/SinuBouncingBall.xml
----------------- Instantiating /home/travis/build/icyphy/ptII/ptolemy/domains/continuous/test/auto/SinuBouncingBall.xml
825 ms. Memory: 307200K Free: 214405K (70%)
----------------- Invoking toplevel() on ptolemy.moml.MoMLSimpleApplication@71157351
----------------- Done invoking toplevel() on ptolemy.moml.MoMLSimpleApplication@71157351
reloadAllAccessors: .SinuBouncingBall

===========================================================================================
----------------- testing Wed Aug 07 05:15:55 UTC 2019 /home/travis/build/icyphy/ptII/ptolemy/domains/continuous/test/auto/Sinusoid.xml
----------------- Instantiating /home/travis/build/icyphy/ptII/ptolemy/domains/continuous/test/auto/Sinusoid.xml
6 ms. Memory: 307200K Free: 209781K (68%)
----------------- Invoking toplevel() on ptolemy.moml.MoMLSimpleApplication@1aa59343
----------------- Done invoking toplevel() on ptolemy.moml.MoMLSimpleApplication@1aa59343
reloadAllAccessors: .Sinusoid

===========================================================================================
----------------- testing Wed Aug 07 05:15:55 UTC 2019 /home/travis/build/icyphy/ptII/ptolemy/domains/continuous/test/auto/SinusoidInNoise.xml
----------------- Instantiating /home/travis/build/icyphy/ptII/ptolemy/domains/continuous/test/auto/SinusoidInNoise.xml
960 ms. Memory: 307200K Free: 255174K (83%)
----------------- Invoking toplevel() on ptolemy.moml.MoMLSimpleApplication@343e93c3
----------------- Done invoking toplevel() on ptolemy.moml.MoMLSimpleApplication@343e93c3
reloadAllAccessors: .SinusoidInNoise

===========================================================================================
----------------- testing Wed Aug 07 05:15:56 UTC 2019 /home/travis/build/icyphy/ptII/ptolemy/domains/continuous/test/auto/SinusoidRK45.xml
----------------- Instantiating /home/travis/build/icyphy/ptII/ptolemy/domains/continuous/test/auto/SinusoidRK45.xml
2 ms. Memory: 307200K Free: 250534K (82%)
----------------- Invoking toplevel() on ptolemy.moml.MoMLSimpleApplication@274b1e6c
----------------- Done invoking toplevel() on ptolemy.moml.MoMLSimpleApplication@274b1e6c
reloadAllAccessors: .SinusoidRK45

===========================================================================================
----------------- testing Wed Aug 07 05:15:56 UTC 2019 /home/travis/build/icyphy/ptII/ptolemy/domains/continuous/test/auto/SinusoidWithMultipleImpulses.xml
----------------- Instantiating /home/travis/build/icyphy/ptII/ptolemy/domains/continuous/test/auto/SinusoidWithMultipleImpulses.xml
2 ms. Memory: 307200K Free: 245958K (80%)
----------------- Invoking toplevel() on ptolemy.moml.MoMLSimpleApplication@6b58e363
----------------- Done invoking toplevel() on ptolemy.moml.MoMLSimpleApplication@6b58e363
reloadAllAccessors: .SinusoidWithMultipleImpulses

===========================================================================================
----------------- testing Wed Aug 07 05:15:56 UTC 2019 /home/travis/build/icyphy/ptII/ptolemy/domains/continuous/test/auto/SquareWave.xml
----------------- Instantiating /home/travis/build/icyphy/ptII/ptolemy/domains/continuous/test/auto/SquareWave.xml
178 ms. Memory: 307200K Free: 218820K (71%)
----------------- Invoking toplevel() on ptolemy.moml.MoMLSimpleApplication@27077c94
----------------- Done invoking toplevel() on ptolemy.moml.MoMLSimpleApplication@27077c94
reloadAllAccessors: .SquareWave

===========================================================================================
----------------- testing Wed Aug 07 05:15:56 UTC 2019 /home/travis/build/icyphy/ptII/ptolemy/domains/continuous/test/auto/Starmac.xml
----------------- Instantiating /home/travis/build/icyphy/ptII/ptolemy/domains/continuous/test/auto/Starmac.xml
3071 ms. Memory: 307200K Free: 265627K (86%)
----------------- Invoking toplevel() on ptolemy.moml.MoMLSimpleApplication@70942304
----------------- Done invoking toplevel() on ptolemy.moml.MoMLSimpleApplication@70942304
reloadAllAccessors: .Starmac

===========================================================================================
----------------- testing Wed Aug 07 05:16:00 UTC 2019 /home/travis/build/icyphy/ptII/ptolemy/domains/continuous/test/auto/StaticUnits.xml
----------------- Instantiating /home/travis/build/icyphy/ptII/ptolemy/domains/continuous/test/auto/StaticUnits.xml
2134 ms. Memory: 307200K Free: 167717K (55%)
----------------- Invoking toplevel() on ptolemy.moml.MoMLSimpleApplication@23a6605b
----------------- Done invoking toplevel() on ptolemy.moml.MoMLSimpleApplication@23a6605b
reloadAllAccessors: .StaticUnits

===========================================================================================
----------------- testing Wed Aug 07 05:16:02 UTC 2019 /home/travis/build/icyphy/ptII/ptolemy/domains/continuous/test/auto/StickyMasses.xml
----------------- Instantiating /home/travis/build/icyphy/ptII/ptolemy/domains/continuous/test/auto/StickyMasses.xml
142 ms. Memory: 307200K Free: 118565K (39%)
----------------- Invoking toplevel() on ptolemy.moml.MoMLSimpleApplication@5312859b
----------------- Done invoking toplevel() on ptolemy.moml.MoMLSimpleApplication@5312859b
reloadAllAccessors: .StickyMasses

===========================================================================================
----------------- testing Wed Aug 07 05:16:03 UTC 2019 /home/travis/build/icyphy/ptII/ptolemy/domains/continuous/test/auto/StopTime.xml
----------------- Instantiating /home/travis/build/icyphy/ptII/ptolemy/domains/continuous/test/auto/StopTime.xml
54 ms. Memory: 307200K Free: 273087K (89%)
----------------- Invoking toplevel() on ptolemy.moml.MoMLSimpleApplication@6b393176
----------------- Done invoking toplevel() on ptolemy.moml.MoMLSimpleApplication@6b393176
reloadAllAccessors: .StopTime

===========================================================================================
----------------- testing Wed Aug 07 05:16:03 UTC 2019 /home/travis/build/icyphy/ptII/ptolemy/domains/continuous/test/auto/StopTime2.xml
----------------- Instantiating /home/travis/build/icyphy/ptII/ptolemy/domains/continuous/test/auto/StopTime2.xml
34 ms. Memory: 307200K Free: 250640K (82%)
----------------- Invoking toplevel() on ptolemy.moml.MoMLSimpleApplication@4764a2cb
----------------- Done invoking toplevel() on ptolemy.moml.MoMLSimpleApplication@4764a2cb
reloadAllAccessors: .StopTime2

===========================================================================================
----------------- testing Wed Aug 07 05:16:03 UTC 2019 /home/travis/build/icyphy/ptII/ptolemy/domains/continuous/test/auto/Switch.xml
----------------- Instantiating /home/travis/build/icyphy/ptII/ptolemy/domains/continuous/test/auto/Switch.xml
44 ms. Memory: 307200K Free: 226064K (74%)
----------------- Invoking toplevel() on ptolemy.moml.MoMLSimpleApplication@acdbdd
----------------- Done invoking toplevel() on ptolemy.moml.MoMLSimpleApplication@acdbdd
reloadAllAccessors: .Switch

===========================================================================================
----------------- testing Wed Aug 07 05:16:03 UTC 2019 /home/travis/build/icyphy/ptII/ptolemy/domains/continuous/test/auto/Thermostat.xml
----------------- Instantiating /home/travis/build/icyphy/ptII/ptolemy/domains/continuous/test/auto/Thermostat.xml
188 ms. Memory: 307200K Free: 153374K (50%)
----------------- Invoking toplevel() on ptolemy.moml.MoMLSimpleApplication@496cb0a5
----------------- Done invoking toplevel() on ptolemy.moml.MoMLSimpleApplication@496cb0a5
reloadAllAccessors: .Thermostat

===========================================================================================
----------------- testing Wed Aug 07 05:16:03 UTC 2019 /home/travis/build/icyphy/ptII/ptolemy/domains/continuous/test/auto/TimeDelay.xml
----------------- Instantiating /home/travis/build/icyphy/ptII/ptolemy/domains/continuous/test/auto/TimeDelay.xml
5 ms. Memory: 307200K Free: 148768K (48%)
----------------- Invoking toplevel() on ptolemy.moml.MoMLSimpleApplication@524307c
----------------- Done invoking toplevel() on ptolemy.moml.MoMLSimpleApplication@524307c
reloadAllAccessors: .TimeDelay

===========================================================================================
----------------- testing Wed Aug 07 05:16:03 UTC 2019 /home/travis/build/icyphy/ptII/ptolemy/domains/continuous/test/auto/TimeDelay2.xml
----------------- Instantiating /home/travis/build/icyphy/ptII/ptolemy/domains/continuous/test/auto/TimeDelay2.xml
11 ms. Memory: 307200K Free: 139038K (45%)
----------------- Invoking toplevel() on ptolemy.moml.MoMLSimpleApplication@5a000314
----------------- Done invoking toplevel() on ptolemy.moml.MoMLSimpleApplication@5a000314
reloadAllAccessors: .TimeDelay2

===========================================================================================
----------------- testing Wed Aug 07 05:16:03 UTC 2019 /home/travis/build/icyphy/ptII/ptolemy/domains/continuous/test/auto/TimeDelay3.xml
----------------- Instantiating /home/travis/build/icyphy/ptII/ptolemy/domains/continuous/test/auto/TimeDelay3.xml
5 ms. Memory: 307200K Free: 134430K (44%)
----------------- Invoking toplevel() on ptolemy.moml.MoMLSimpleApplication@74feb7fd
----------------- Done invoking toplevel() on ptolemy.moml.MoMLSimpleApplication@74feb7fd
reloadAllAccessors: .TimeDelay3

===========================================================================================
----------------- testing Wed Aug 07 05:16:03 UTC 2019 /home/travis/build/icyphy/ptII/ptolemy/domains/continuous/test/auto/TransferAbsentToInside.xml
----------------- Instantiating /home/travis/build/icyphy/ptII/ptolemy/domains/continuous/test/auto/TransferAbsentToInside.xml
27 ms. Memory: 307200K Free: 258328K (84%)
----------------- Invoking toplevel() on ptolemy.moml.MoMLSimpleApplication@2be994be
----------------- Done invoking toplevel() on ptolemy.moml.MoMLSimpleApplication@2be994be
reloadAllAccessors: .TransferAbsentToInside

===========================================================================================
----------------- testing Wed Aug 07 05:16:03 UTC 2019 /home/travis/build/icyphy/ptII/ptolemy/domains/continuous/test/auto/Transmission.xml
----------------- Instantiating /home/travis/build/icyphy/ptII/ptolemy/domains/continuous/test/auto/Transmission.xml
798 ms. Memory: 307200K Free: 205067K (67%)
----------------- Invoking toplevel() on ptolemy.moml.MoMLSimpleApplication@64c6b3f4
----------------- Done invoking toplevel() on ptolemy.moml.MoMLSimpleApplication@64c6b3f4
reloadAllAccessors: .Transmission

===========================================================================================
----------------- testing Wed Aug 07 05:16:04 UTC 2019 /home/travis/build/icyphy/ptII/ptolemy/domains/continuous/test/auto/TriggeredContinuousClock.xml
----------------- Instantiating /home/travis/build/icyphy/ptII/ptolemy/domains/continuous/test/auto/TriggeredContinuousClock.xml
36 ms. Memory: 307200K Free: 175867K (57%)
----------------- Invoking toplevel() on ptolemy.moml.MoMLSimpleApplication@78b00758
----------------- Done invoking toplevel() on ptolemy.moml.MoMLSimpleApplication@78b00758
reloadAllAccessors: .TriggeredContinuousClock

===========================================================================================
----------------- testing Wed Aug 07 05:16:04 UTC 2019 /home/travis/build/icyphy/ptII/ptolemy/domains/continuous/test/auto/TwoMachineInfiniteBusControl.xml
----------------- Instantiating /home/travis/build/icyphy/ptII/ptolemy/domains/continuous/test/auto/TwoMachineInfiniteBusControl.xml
2903 ms. Memory: 307200K Free: 135890K (44%)
----------------- Invoking toplevel() on ptolemy.moml.MoMLSimpleApplication@5fc1c8ff
----------------- Done invoking toplevel() on ptolemy.moml.MoMLSimpleApplication@5fc1c8ff
reloadAllAccessors: .TwoMachineInfiniteBusControl

===========================================================================================
----------------- testing Wed Aug 07 05:16:07 UTC 2019 /home/travis/build/icyphy/ptII/ptolemy/domains/continuous/test/auto/V2V.xml
----------------- Instantiating /home/travis/build/icyphy/ptII/ptolemy/domains/continuous/test/auto/V2V.xml
901 ms. Memory: 307200K Free: 125651K (41%)
----------------- Invoking toplevel() on ptolemy.moml.MoMLSimpleApplication@594b26c4
----------------- Done invoking toplevel() on ptolemy.moml.MoMLSimpleApplication@594b26c4
reloadAllAccessors: .V2V

===========================================================================================
----------------- testing Wed Aug 07 05:16:08 UTC 2019 /home/travis/build/icyphy/ptII/ptolemy/domains/continuous/test/auto/hierarchicalModalModel.xml
----------------- Instantiating /home/travis/build/icyphy/ptII/ptolemy/domains/continuous/test/auto/hierarchicalModalModel.xml
8 ms. Memory: 307200K Free: 111811K (36%)
----------------- Invoking toplevel() on ptolemy.moml.MoMLSimpleApplication@66dbd6a1
----------------- Done invoking toplevel() on ptolemy.moml.MoMLSimpleApplication@66dbd6a1
reloadAllAccessors: .hierarchicalModalModel

===========================================================================================
----------------- testing Wed Aug 07 05:16:08 UTC 2019 /home/travis/build/icyphy/ptII/ptolemy/domains/continuous/test/auto/hierarchicalModalModel1.xml
----------------- Instantiating /home/travis/build/icyphy/ptII/ptolemy/domains/continuous/test/auto/hierarchicalModalModel1.xml
7 ms. Memory: 307200K Free: 276171K (90%)
----------------- Invoking toplevel() on ptolemy.moml.MoMLSimpleApplication@499b88f4
----------------- Done invoking toplevel() on ptolemy.moml.MoMLSimpleApplication@499b88f4
reloadAllAccessors: .hierarchicalModalModel1

===========================================================================================
----------------- testing Wed Aug 07 05:16:08 UTC 2019 /home/travis/build/icyphy/ptII/ptolemy/domains/continuous/test/auto/hierarchicalModalModel2.xml
----------------- Instantiating /home/travis/build/icyphy/ptII/ptolemy/domains/continuous/test/auto/hierarchicalModalModel2.xml
6 ms. Memory: 307200K Free: 263883K (86%)
----------------- Invoking toplevel() on ptolemy.moml.MoMLSimpleApplication@5610bbe9
----------------- Done invoking toplevel() on ptolemy.moml.MoMLSimpleApplication@5610bbe9
reloadAllAccessors: .hierarchicalModalModel2

===========================================================================================
----------------- testing Wed Aug 07 05:16:08 UTC 2019 /home/travis/build/icyphy/ptII/ptolemy/domains/continuous/test/auto/hierarchicalModalModel3.xml
----------------- Instantiating /home/travis/build/icyphy/ptII/ptolemy/domains/continuous/test/auto/hierarchicalModalModel3.xml
6 ms. Memory: 307200K Free: 253129K (82%)
----------------- Invoking toplevel() on ptolemy.moml.MoMLSimpleApplication@56676368
----------------- Done invoking toplevel() on ptolemy.moml.MoMLSimpleApplication@56676368
reloadAllAccessors: .hierarchicalModalModel3

===========================================================================================
----------------- testing Wed Aug 07 05:16:08 UTC 2019 /home/travis/build/icyphy/ptII/ptolemy/domains/continuous/test/auto/hierarchicalModalModel4.xml
----------------- Instantiating /home/travis/build/icyphy/ptII/ptolemy/domains/continuous/test/auto/hierarchicalModalModel4.xml
5 ms. Memory: 307200K Free: 241355K (79%)
----------------- Invoking toplevel() on ptolemy.moml.MoMLSimpleApplication@604d62ae
----------------- Done invoking toplevel() on ptolemy.moml.MoMLSimpleApplication@604d62ae
reloadAllAccessors: .hierarchicalModalModel4

===========================================================================================
----------------- testing Wed Aug 07 05:16:09 UTC 2019 /home/travis/build/icyphy/ptII/ptolemy/domains/continuous/test/auto/junk.xml
----------------- Instantiating /home/travis/build/icyphy/ptII/ptolemy/domains/continuous/test/auto/junk.xml
148 ms. Memory: 307200K Free: 212683K (69%)
----------------- Invoking toplevel() on ptolemy.moml.MoMLSimpleApplication@79ae83c7
----------------- Done invoking toplevel() on ptolemy.moml.MoMLSimpleApplication@79ae83c7
reloadAllAccessors: .junk
AutoTests.java: About to close Vertx.
AutoTests.java: Vertx closed.
]]></system-out>
  <system-err><![CDATA[Warning: '.HysteresisWithRandomDelay.NonStrictTest3' The test produced only 29 tokens, yet the correctValues parameter was expecting 30 tokens.
Warning: '.IncreasingRatePoisson.NonStrictTest' The test produced only 389 tokens, yet the correctValues parameter was expecting 402 tokens.
Warning: '.Poisson.NonStrictTest' The test produced only 388 tokens, yet the correctValues parameter was expecting 430 tokens.
]]></system-err>
</testsuite>
