<?xml version="1.0" encoding="UTF-8" ?>
<testsuite errors="0" failures="0" hostname="travis-job-0c4f1687-9c73-443a-b29a-8f4f223fa3bf" name="ptolemy.actor.lib.fmi.test.junit.JUnitTclTest" skipped="0" tests="63" time="19.798" timestamp="2018-10-13T02:27:57">
  <properties>
[...]
</properties>
  <testcase classname="ptolemy.util.test.junit.TclTests" name="[0] /home/travis/build/icyphy/ptII/ptolemy/actor/lib/fmi/test/FMUImport.tcl (RunTclFile)" time="2.579" />
  <testcase classname="ptolemy.util.test.junit.TclTests" name="[1] /home/travis/build/icyphy/ptII/ptolemy/actor/lib/fmi/test/FMUQSS.tcl (RunTclFile)" time="0.071" />
  <testcase classname="ptolemy.util.test.junit.AutoKnownFailedTests" name="[0] /home/travis/build/icyphy/ptII/ptolemy/actor/lib/fmi/test/auto/knownFailedTests/FMUContinuousInc20.xml (RunModel)" time="0.144" />
  <testcase classname="ptolemy.util.test.junit.AutoNameArchTests" name="[0] /home/travis/build/icyphy/ptII/ptolemy/actor/lib/fmi/test/auto/linux-amd64/FMUQSSAirOulet1_QSS1.xml (RunModel)" time="1.522" />
  <testcase classname="ptolemy.util.test.junit.AutoNameArchTests" name="[1] /home/travis/build/icyphy/ptII/ptolemy/actor/lib/fmi/test/auto/linux-amd64/FMUQSSAirToOulet1_QSS1.xml (RunModel)" time="0.745" />
  <testcase classname="ptolemy.util.test.junit.AutoNameArchTests" name="[2] /home/travis/build/icyphy/ptII/ptolemy/actor/lib/fmi/test/auto/linux-amd64/FMUQSSAirToOulet2_QSS1.xml (RunModel)" time="1.711" />
  <testcase classname="ptolemy.util.test.junit.AutoNameArchTests" name="[3] /home/travis/build/icyphy/ptII/ptolemy/actor/lib/fmi/test/auto/linux-amd64/FMUQSSStateEvent1_QSS1.xml (RunModel)" time="0.15" />
  <testcase classname="ptolemy.util.test.junit.AutoNameArchTests" name="[4] /home/travis/build/icyphy/ptII/ptolemy/actor/lib/fmi/test/auto/linux-amd64/FMUQSSStateEvent1_QSS2.xml (RunModel)" time="0.996" />
  <testcase classname="ptolemy.util.test.junit.AutoNameArchTests" name="[5] /home/travis/build/icyphy/ptII/ptolemy/actor/lib/fmi/test/auto/linux-amd64/FMUQSSStateEvent1_QSS3.xml (RunModel)" time="0.188" />
  <testcase classname="ptolemy.util.test.junit.AutoNameArchTests" name="[6] /home/travis/build/icyphy/ptII/ptolemy/actor/lib/fmi/test/auto/linux-amd64/FMUQSSStateEvent2_QSS1.xml (RunModel)" time="0.564" />
  <testcase classname="ptolemy.util.test.junit.AutoNameArchTests" name="[7] /home/travis/build/icyphy/ptII/ptolemy/actor/lib/fmi/test/auto/linux-amd64/FMUQSSStateEvent2_QSS2.xml (RunModel)" time="0.87" />
  <testcase classname="ptolemy.util.test.junit.AutoNameArchTests" name="[8] /home/travis/build/icyphy/ptII/ptolemy/actor/lib/fmi/test/auto/linux-amd64/FMUQSSStateEvent4_QSS1.xml (RunModel)" time="0.148" />
  <testcase classname="ptolemy.util.test.junit.AutoNameArchTests" name="[9] /home/travis/build/icyphy/ptII/ptolemy/actor/lib/fmi/test/auto/linux-amd64/FMUQSSStateEvent4_QSS2.xml (RunModel)" time="0.108" />
  <testcase classname="ptolemy.util.test.junit.AutoNameArchTests" name="[10] /home/travis/build/icyphy/ptII/ptolemy/actor/lib/fmi/test/auto/linux-amd64/FMUQSSStateEvent4_QSS3.xml (RunModel)" time="0.118" />
  <testcase classname="ptolemy.util.test.junit.AutoNameArchTests" name="[11] /home/travis/build/icyphy/ptII/ptolemy/actor/lib/fmi/test/auto/linux-amd64/FMUQSSStateEvent5_QSS1.xml (RunModel)" time="0.184" />
  <testcase classname="ptolemy.util.test.junit.AutoNameArchTests" name="[12] /home/travis/build/icyphy/ptII/ptolemy/actor/lib/fmi/test/auto/linux-amd64/FMUQSSStateEvent5_QSS2.xml (RunModel)" time="0.394" />
  <testcase classname="ptolemy.util.test.junit.AutoNameArchTests" name="[13] /home/travis/build/icyphy/ptII/ptolemy/actor/lib/fmi/test/auto/linux-amd64/FMUQSSStateEvent5_QSS3.xml (RunModel)" time="0.089" />
  <testcase classname="ptolemy.util.test.junit.AutoNameArchTests" name="[14] /home/travis/build/icyphy/ptII/ptolemy/actor/lib/fmi/test/auto/linux-amd64/FMUQSSStateEvent6_QSS1.xml (RunModel)" time="0.642" />
  <testcase classname="ptolemy.util.test.junit.AutoNameArchTests" name="[15] /home/travis/build/icyphy/ptII/ptolemy/actor/lib/fmi/test/auto/linux-amd64/FMUQSSStateEvent6_QSS2.xml (RunModel)" time="0.638" />
  <testcase classname="ptolemy.util.test.junit.AutoTests" name="[0] /home/travis/build/icyphy/ptII/ptolemy/actor/lib/fmi/test/auto/FMU30Inc.xml (RunModel)" time="0.546" />
  <testcase classname="ptolemy.util.test.junit.AutoTests" name="[1] /home/travis/build/icyphy/ptII/ptolemy/actor/lib/fmi/test/auto/FMUBouncingBall.xml (RunModel)" time="0.213" />
  <testcase classname="ptolemy.util.test.junit.AutoTests" name="[2] /home/travis/build/icyphy/ptII/ptolemy/actor/lib/fmi/test/auto/FMUBouncingBallME20.xml (RunModel)" time="0.187" />
  <testcase classname="ptolemy.util.test.junit.AutoTests" name="[3] /home/travis/build/icyphy/ptII/ptolemy/actor/lib/fmi/test/auto/FMUDQ.xml (RunModel)" time="0.058" />
  <testcase classname="ptolemy.util.test.junit.AutoTests" name="[4] /home/travis/build/icyphy/ptII/ptolemy/actor/lib/fmi/test/auto/FMUDq20.xml (RunModel)" time="0.094" />
  <testcase classname="ptolemy.util.test.junit.AutoTests" name="[5] /home/travis/build/icyphy/ptII/ptolemy/actor/lib/fmi/test/auto/FMUDqME20.xml (RunModel)" time="0.033" />
  <testcase classname="ptolemy.util.test.junit.AutoTests" name="[6] /home/travis/build/icyphy/ptII/ptolemy/actor/lib/fmi/test/auto/FMUFourInputsFourOutputsME20.xml (RunModel)" time="0.034" />
  <testcase classname="ptolemy.util.test.junit.AutoTests" name="[7] /home/travis/build/icyphy/ptII/ptolemy/actor/lib/fmi/test/auto/FMUHeaterFlowResistance.xml (RunModel)" time="0.172" />
  <testcase classname="ptolemy.util.test.junit.AutoTests" name="[8] /home/travis/build/icyphy/ptII/ptolemy/actor/lib/fmi/test/auto/FMUHelloWorld.xml (RunModel)" time="0.03" />
  <testcase classname="ptolemy.util.test.junit.AutoTests" name="[9] /home/travis/build/icyphy/ptII/ptolemy/actor/lib/fmi/test/auto/FMUHelloWorldUnBuilt.xml (RunModel)" time="0.089" />
  <testcase classname="ptolemy.util.test.junit.AutoTests" name="[10] /home/travis/build/icyphy/ptII/ptolemy/actor/lib/fmi/test/auto/FMUInc.xml (RunModel)" time="0.025" />
  <testcase classname="ptolemy.util.test.junit.AutoTests" name="[11] /home/travis/build/icyphy/ptII/ptolemy/actor/lib/fmi/test/auto/FMUInc2.xml (RunModel)" time="0.041" />
  <testcase classname="ptolemy.util.test.junit.AutoTests" name="[12] /home/travis/build/icyphy/ptII/ptolemy/actor/lib/fmi/test/auto/FMUIncME1.xml (RunModel)" time="0.022" />
  <testcase classname="ptolemy.util.test.junit.AutoTests" name="[13] /home/travis/build/icyphy/ptII/ptolemy/actor/lib/fmi/test/auto/FMUIncME20.xml (RunModel)" time="0.032" />
  <testcase classname="ptolemy.util.test.junit.AutoTests" name="[14] /home/travis/build/icyphy/ptII/ptolemy/actor/lib/fmi/test/auto/FMUIncScale20RC1pt.xml (RunModel)" time="0.034" />
  <testcase classname="ptolemy.util.test.junit.AutoTests" name="[15] /home/travis/build/icyphy/ptII/ptolemy/actor/lib/fmi/test/auto/FMULevelStairs.xml (RunModel)" time="0.056" />
  <testcase classname="ptolemy.util.test.junit.AutoTests" name="[16] /home/travis/build/icyphy/ptII/ptolemy/actor/lib/fmi/test/auto/FMUPumpConstantSpeed.xml (RunModel)" time="0.137" />
  <testcase classname="ptolemy.util.test.junit.AutoTests" name="[17] /home/travis/build/icyphy/ptII/ptolemy/actor/lib/fmi/test/auto/FMUQSSTankOpen.xml (RunModel)" time="2.79" />
  <testcase classname="ptolemy.util.test.junit.AutoTests" name="[18] /home/travis/build/icyphy/ptII/ptolemy/actor/lib/fmi/test/auto/FMUSDFBouncingBall.xml (RunModel)" time="0.023" />
  <testcase classname="ptolemy.util.test.junit.AutoTests" name="[19] /home/travis/build/icyphy/ptII/ptolemy/actor/lib/fmi/test/auto/FMUSDFBouncingBall20.xml (RunModel)" time="0.23" />
  <testcase classname="ptolemy.util.test.junit.AutoTests" name="[20] /home/travis/build/icyphy/ptII/ptolemy/actor/lib/fmi/test/auto/FMUSDFBouncingBall20RC1.xml (RunModel)" time="0.037" />
  <testcase classname="ptolemy.util.test.junit.AutoTests" name="[21] /home/travis/build/icyphy/ptII/ptolemy/actor/lib/fmi/test/auto/FMUSDFInc20.xml (RunModel)" time="0.034" />
  <testcase classname="ptolemy.util.test.junit.AutoTests" name="[22] /home/travis/build/icyphy/ptII/ptolemy/actor/lib/fmi/test/auto/FMUStairs.xml (RunModel)" time="0.052" />
  <testcase classname="ptolemy.util.test.junit.AutoTests" name="[23] /home/travis/build/icyphy/ptII/ptolemy/actor/lib/fmi/test/auto/FMUStepCounter1.xml (RunModel)" time="0.103" />
  <testcase classname="ptolemy.util.test.junit.AutoTests" name="[24] /home/travis/build/icyphy/ptII/ptolemy/actor/lib/fmi/test/auto/FMUStepCounter2.xml (RunModel)" time="0.115" />
  <testcase classname="ptolemy.util.test.junit.AutoTests" name="[25] /home/travis/build/icyphy/ptII/ptolemy/actor/lib/fmi/test/auto/FMUStepCounterContinuous1.xml (RunModel)" time="0.021" />
  <testcase classname="ptolemy.util.test.junit.AutoTests" name="[26] /home/travis/build/icyphy/ptII/ptolemy/actor/lib/fmi/test/auto/FMUStepCounterContinuous2.xml (RunModel)" time="0.015" />
  <testcase classname="ptolemy.util.test.junit.AutoTests" name="[27] /home/travis/build/icyphy/ptII/ptolemy/actor/lib/fmi/test/auto/FMUStepCounterContinuousTwoFMUs1.xml (RunModel)" time="0.019" />
  <testcase classname="ptolemy.util.test.junit.AutoTests" name="[28] /home/travis/build/icyphy/ptII/ptolemy/actor/lib/fmi/test/auto/FMUStepCounterContinuousTwoFMUs2.xml (RunModel)" time="0.039" />
  <testcase classname="ptolemy.util.test.junit.AutoTests" name="[29] /home/travis/build/icyphy/ptII/ptolemy/actor/lib/fmi/test/auto/FMUStepCounterExtendedFMI.xml (RunModel)" time="0.12" />
  <testcase classname="ptolemy.util.test.junit.AutoTests" name="[30] /home/travis/build/icyphy/ptII/ptolemy/actor/lib/fmi/test/auto/FMUStepCounterPeriodInNameContinuous2.xml (RunModel)" time="0.108" />
  <testcase classname="ptolemy.util.test.junit.AutoTests" name="[31] /home/travis/build/icyphy/ptII/ptolemy/actor/lib/fmi/test/auto/FMUTankOpen.xml (RunModel)" time="0.076" />
  <testcase classname="ptolemy.util.test.junit.AutoTests" name="[32] /home/travis/build/icyphy/ptII/ptolemy/actor/lib/fmi/test/auto/FMUTwoBallCollision.xml (RunModel)" time="0.362" />
  <testcase classname="ptolemy.util.test.junit.AutoTests" name="[33] /home/travis/build/icyphy/ptII/ptolemy/actor/lib/fmi/test/auto/FMUValues.xml (RunModel)" time="0.044" />
  <testcase classname="ptolemy.util.test.junit.AutoTests" name="[34] /home/travis/build/icyphy/ptII/ptolemy/actor/lib/fmi/test/auto/FMUValues20.xml (RunModel)" time="0.039" />
  <testcase classname="ptolemy.util.test.junit.AutoTests" name="[35] /home/travis/build/icyphy/ptII/ptolemy/actor/lib/fmi/test/auto/FMUValuesME20.xml (RunModel)" time="0.086" />
  <testcase classname="ptolemy.util.test.junit.AutoTests" name="[36] /home/travis/build/icyphy/ptII/ptolemy/actor/lib/fmi/test/auto/FMUVanDerPol.xml (RunModel)" time="0.022" />
  <testcase classname="ptolemy.util.test.junit.AutoTests" name="[37] /home/travis/build/icyphy/ptII/ptolemy/actor/lib/fmi/test/auto/FMUVanDerPol20.xml (RunModel)" time="0.109" />
  <testcase classname="ptolemy.util.test.junit.AutoTests" name="[38] /home/travis/build/icyphy/ptII/ptolemy/actor/lib/fmi/test/auto/FMUVanDerPolME20.xml (RunModel)" time="0.04" />
  <testcase classname="ptolemy.util.test.junit.AutoTests" name="[39] /home/travis/build/icyphy/ptII/ptolemy/actor/lib/fmi/test/auto/FMUdq20RC1.xml (RunModel)" time="0.016" />
  <testcase classname="ptolemy.util.test.junit.AutoTests" name="[40] /home/travis/build/icyphy/ptII/ptolemy/actor/lib/fmi/test/auto/FMUvalues20RC1.xml (RunModel)" time="0.035" />
  <testcase classname="ptolemy.util.test.junit.AutoTests" name="[41] /home/travis/build/icyphy/ptII/ptolemy/actor/lib/fmi/test/auto/FMUvanDerPol20RC1.xml (RunModel)" time="0.022" />
  <testcase classname="ptolemy.util.test.junit.AutoTests" name="[42] /home/travis/build/icyphy/ptII/ptolemy/actor/lib/fmi/test/auto/TestZeroDelayFeedback.xml (RunModel)" time="1.095" />
  <testcase classname="ptolemy.util.test.junit.AutoTests" name="[43] /home/travis/build/icyphy/ptII/ptolemy/actor/lib/fmi/test/auto/helloWorldME2.xml (RunModel)" time="0.017" />
  <system-out><![CDATA[/home/travis/build/icyphy/ptII/ptolemy/actor/lib/fmi/test/FMUImport.tcl
testDefs.tcl: setting time out to 9000 seconds at Sat Oct 13 02:27:57 UTC 2018
.top.ballDynamics
FMUImport.tcl: auto/tankOpen.fmu is to be imported as a modelExchange fmu.
.top.tankOpen
.top.fmuD20pt
Warning: FMU modelDescription provides Integer representation of time, but precision is not specified
.top.SamplerIT
Warning: FMU modelDescription provides Integer representation of time, but precision is not specified
.top.ConstantIT
Warning: FMU modelDescription provides Integer representation of time, but precision is not specified
.top.AdderIT
Warning: FMU modelDescription provides Integer representation of time, but precision is not specified
.top.IntegratorIT
FMUImport.tcl: auto/dqME1.fmu is to be imported as a modelExchange fmu.
.top.dqME
.top.values20RC
Warning: FMU modelDescription provides Integer representation of time, but precision is not specified
.top.ZeroCrossingDetector
Warning: FMU modelDescription provides Integer representation of time, but precision is not specified
.top.ClockW
FMUImport.tcl: auto/valuesME20.fmu is to be imported as a modelExchange fmu.
.top.valuesME
Warning: FMU modelDescription provides Integer representation of time, but precision is not specified
.top.HybridSequenceCheck
Warning: FMU modelDescription provides Integer representation of time, but precision is not specified
.top.ClockIT
.top.inc20RC
Warning: FMU modelDescription provides Integer representation of time, but precision is not specified
.top.CheckEqualityIT
Warning: FMU modelDescription provides Integer representation of time, but precision is not specified
.top.Constant
Warning: FMU modelDescription provides Integer representation of time, but precision is not specified
.top.CTClockW
.top.dq
.top.fmuA20pt
Warning: FMU modelDescription provides Integer representation of time, but precision is not specified
.top.Clock
.top.stepCounter
.top.stepCounter
.top.onOffSupervisor
.top.SamplerFP
FMUImport.tcl: auto/vanDerPolME20.fmu is to be imported as a modelExchange fmu.
.top.vanDerPolME
Warning: FMU modelDescription provides Integer representation of time, but precision is not specified
.top.HybridIntegratorReset
.top.helloWorldUnBuilt
.top.heaterFlowResistance
Warning: FMU modelDescription provides Integer representation of time, but precision is not specified
.top.CTClockIT
.top.stairsB
Warning: FMU modelDescription provides Integer representation of time, but precision is not specified
.top.DelayIT
Warning: FMU modelDescription provides Integer representation of time, but precision is not specified
.top.HybridZeroCrossingDetector
FMUImport.tcl: auto/bouncingBallME1.fmu is to be imported as a modelExchange fmu.
.top.bouncingBallME
.top.stairsA
.top.scale20RC
Warning: FMU modelDescription provides Integer representation of time, but precision is not specified
.top.ZeroCrossingDetectorIT
FMUImport.tcl: auto/dqME20.fmu is to be imported as a modelExchange fmu.
.top.dqME
Warning: FMU modelDescription provides Integer representation of time, but precision is not specified
.top.Delay
.top.bouncingBall
FMUImport.tcl: auto/incME1.fmu is to be imported as a modelExchange fmu.
.top.incME
.top.stepCounterExtendedFMI
.top.dq20RC
Warning: FMU modelDescription provides Integer representation of time, but precision is not specified
.top.DelayW
Warning: FMU modelDescription provides Integer representation of time, but precision is not specified
.top.Integrator
Warning: FMU modelDescription provides Integer representation of time, but precision is not specified
.top.HybridAdder
FMUImport.tcl: auto/incME20.fmu is to be imported as a modelExchange fmu.
.top.incME
.top.qss1State1OutputNoBinaries
Warning: FMU modelDescription provides Integer representation of time, but precision is not specified
.top.HybridConstantSignalGenerator
.top.ClockFP
.top.pumpConstantSpeed
.top.vanDerPol20RC
.top.inc20pt
.top.out20pt
.top.scale20pt
.top.helloWorldME
Warning: FMU modelDescription provides Integer representation of time, but precision is not specified
.top.HybridTriggeredConst
FMUImport.tcl: auto/fourInputsFourOutputsME20.fmu is to be imported as a modelExchange fmu.
.top.fourInputsFourOutputsME
.top.fmuC20pt
FMUImport.tcl: auto/bouncingBallME20.fmu is to be imported as a modelExchange fmu.
.top.bouncingBallME
.top.values
Warning: FMU modelDescription provides Integer representation of time, but precision is not specified
.top.Adder
.top.inc
.top.helloWorld
.top.stepCounterPeriodInName
.top.levelStairs
.top.stairsA20RC1F
.top.fmuB20pt
.top.vanDerPol
Warning: FMU modelDescription provides Integer representation of time, but precision is not specified
.top.HybridDelay
FMUImport.tcl: auto/valuesME1.fmu is to be imported as a modelExchange fmu.
.top.valuesME
FMUImport.tcl: auto/vanDerPolME1.fmu is to be imported as a modelExchange fmu.
.top.vanDerPolME
.top.CheckEqualityFP
.top.bouncingBall20RC
/home/travis/build/icyphy/ptII/ptolemy/actor/lib/fmi/test/FMUQSS.tcl
10/13/18 02:28:00
Failed: 0  Total Tests: 80  ((Passed: 80, Newly Passed: 0)  Known Failed: 0) /home/travis/build/icyphy/ptII/ptolemy/actor/lib/fmi/test
----------------- testing (KnownFailure) /home/travis/build/icyphy/ptII/ptolemy/actor/lib/fmi/test/auto/knownFailedTests/FMUContinuousInc20.xml
66 ms. Memory: 208384K Free: 147910K (71%)
Known Failure: java.lang.reflect.InvocationTargetException

===========================================================================================
----------------- testing Sat Oct 13 02:28:00 UTC 2018 /home/travis/build/icyphy/ptII/ptolemy/actor/lib/fmi/test/auto/linux-amd64/FMUQSSAirOulet1_QSS1.xml
----------------- Instantiating /home/travis/build/icyphy/ptII/ptolemy/actor/lib/fmi/test/auto/linux-amd64/FMUQSSAirOulet1_QSS1.xml
 Number of steps: 1811
  stateEvents: 3
  stepEvents: 0
  timeEvents: 0
1347 ms. Memory: 208384K Free: 90156K (43%)
----------------- Invoking toplevel() on ptolemy.moml.MoMLSimpleApplication@affd3c8
----------------- Done invoking toplevel() on ptolemy.moml.MoMLSimpleApplication@affd3c8
reloadAllAccessors: .FMUQSSAirOulet1_QSS1

===========================================================================================
----------------- testing Sat Oct 13 02:28:01 UTC 2018 /home/travis/build/icyphy/ptII/ptolemy/actor/lib/fmi/test/auto/linux-amd64/FMUQSSAirToOulet1_QSS1.xml
----------------- Instantiating /home/travis/build/icyphy/ptII/ptolemy/actor/lib/fmi/test/auto/linux-amd64/FMUQSSAirToOulet1_QSS1.xml
 Number of steps: 1811
  stateEvents: 3
  stepEvents: 0
  timeEvents: 0
582 ms. Memory: 208384K Free: 155959K (75%)
----------------- Invoking toplevel() on ptolemy.moml.MoMLSimpleApplication@3a587b8
----------------- Done invoking toplevel() on ptolemy.moml.MoMLSimpleApplication@3a587b8
reloadAllAccessors: .FMUQSSAirToOulet1_QSS1

===========================================================================================
----------------- testing Sat Oct 13 02:28:02 UTC 2018 /home/travis/build/icyphy/ptII/ptolemy/actor/lib/fmi/test/auto/linux-amd64/FMUQSSAirToOulet2_QSS1.xml
----------------- Instantiating /home/travis/build/icyphy/ptII/ptolemy/actor/lib/fmi/test/auto/linux-amd64/FMUQSSAirToOulet2_QSS1.xml
 Number of steps: 9936
  stateEvents: 1
  stepEvents: 0
  timeEvents: 8
1604 ms. Memory: 332288K Free: 168281K (51%)
----------------- Invoking toplevel() on ptolemy.moml.MoMLSimpleApplication@5b6364fb
----------------- Done invoking toplevel() on ptolemy.moml.MoMLSimpleApplication@5b6364fb
reloadAllAccessors: .FMUQSSAirToOulet2_QSS1

===========================================================================================
----------------- testing Sat Oct 13 02:28:04 UTC 2018 /home/travis/build/icyphy/ptII/ptolemy/actor/lib/fmi/test/auto/linux-amd64/FMUQSSStateEvent1_QSS1.xml
----------------- Instantiating /home/travis/build/icyphy/ptII/ptolemy/actor/lib/fmi/test/auto/linux-amd64/FMUQSSStateEvent1_QSS1.xml
 Number of steps: 295
  stateEvents: 1
  stepEvents: 0
  timeEvents: 0
67 ms. Memory: 332288K Free: 150165K (45%)
----------------- Invoking toplevel() on ptolemy.moml.MoMLSimpleApplication@158f3b9b
----------------- Done invoking toplevel() on ptolemy.moml.MoMLSimpleApplication@158f3b9b
reloadAllAccessors: .FMUQSSStateEvent1_QSS1

===========================================================================================
----------------- testing Sat Oct 13 02:28:04 UTC 2018 /home/travis/build/icyphy/ptII/ptolemy/actor/lib/fmi/test/auto/linux-amd64/FMUQSSStateEvent1_QSS2.xml
----------------- Instantiating /home/travis/build/icyphy/ptII/ptolemy/actor/lib/fmi/test/auto/linux-amd64/FMUQSSStateEvent1_QSS2.xml
 Number of steps: 6179
  stateEvents: 1
  stepEvents: 0
  timeEvents: 0
945 ms. Memory: 336384K Free: 248020K (74%)
----------------- Invoking toplevel() on ptolemy.moml.MoMLSimpleApplication@7e4a0bde
----------------- Done invoking toplevel() on ptolemy.moml.MoMLSimpleApplication@7e4a0bde
reloadAllAccessors: .FMUQSSStateEvent1_QSS2

===========================================================================================
----------------- testing Sat Oct 13 02:28:05 UTC 2018 /home/travis/build/icyphy/ptII/ptolemy/actor/lib/fmi/test/auto/linux-amd64/FMUQSSStateEvent1_QSS3.xml
----------------- Instantiating /home/travis/build/icyphy/ptII/ptolemy/actor/lib/fmi/test/auto/linux-amd64/FMUQSSStateEvent1_QSS3.xml
 Number of steps: 1067
  stateEvents: 1
  stepEvents: 0
  timeEvents: 0
146 ms. Memory: 336384K Free: 215405K (64%)
----------------- Invoking toplevel() on ptolemy.moml.MoMLSimpleApplication@30457c68
----------------- Done invoking toplevel() on ptolemy.moml.MoMLSimpleApplication@30457c68
reloadAllAccessors: .FMUQSSStateEvent1_QSS3

===========================================================================================
----------------- testing Sat Oct 13 02:28:05 UTC 2018 /home/travis/build/icyphy/ptII/ptolemy/actor/lib/fmi/test/auto/linux-amd64/FMUQSSStateEvent2_QSS1.xml
----------------- Instantiating /home/travis/build/icyphy/ptII/ptolemy/actor/lib/fmi/test/auto/linux-amd64/FMUQSSStateEvent2_QSS1.xml
 Number of steps: 3368
  stateEvents: 8
  stepEvents: 0
  timeEvents: 0
483 ms. Memory: 336384K Free: 130820K (39%)
----------------- Invoking toplevel() on ptolemy.moml.MoMLSimpleApplication@54226ca4
----------------- Done invoking toplevel() on ptolemy.moml.MoMLSimpleApplication@54226ca4
reloadAllAccessors: .FMUQSSStateEvent2_QSS1

===========================================================================================
----------------- testing Sat Oct 13 02:28:06 UTC 2018 /home/travis/build/icyphy/ptII/ptolemy/actor/lib/fmi/test/auto/linux-amd64/FMUQSSStateEvent2_QSS2.xml
----------------- Instantiating /home/travis/build/icyphy/ptII/ptolemy/actor/lib/fmi/test/auto/linux-amd64/FMUQSSStateEvent2_QSS2.xml
 Number of steps: 2499
  stateEvents: 8
  stepEvents: 0
  timeEvents: 0
701 ms. Memory: 580096K Free: 494998K (85%)
----------------- Invoking toplevel() on ptolemy.moml.MoMLSimpleApplication@7e20aa34
----------------- Done invoking toplevel() on ptolemy.moml.MoMLSimpleApplication@7e20aa34
reloadAllAccessors: .FMUQSSStateEvent2_QSS2

===========================================================================================
----------------- testing Sat Oct 13 02:28:07 UTC 2018 /home/travis/build/icyphy/ptII/ptolemy/actor/lib/fmi/test/auto/linux-amd64/FMUQSSStateEvent4_QSS1.xml
----------------- Instantiating /home/travis/build/icyphy/ptII/ptolemy/actor/lib/fmi/test/auto/linux-amd64/FMUQSSStateEvent4_QSS1.xml
 Number of steps: 707
  stateEvents: 1
  stepEvents: 0
  timeEvents: 1
86 ms. Memory: 580096K Free: 467173K (81%)
----------------- Invoking toplevel() on ptolemy.moml.MoMLSimpleApplication@59eb4436
----------------- Done invoking toplevel() on ptolemy.moml.MoMLSimpleApplication@59eb4436
reloadAllAccessors: .FMUQSSStateEvent4_QSS1

===========================================================================================
----------------- testing Sat Oct 13 02:28:07 UTC 2018 /home/travis/build/icyphy/ptII/ptolemy/actor/lib/fmi/test/auto/linux-amd64/FMUQSSStateEvent4_QSS2.xml
----------------- Instantiating /home/travis/build/icyphy/ptII/ptolemy/actor/lib/fmi/test/auto/linux-amd64/FMUQSSStateEvent4_QSS2.xml
 Number of steps: 528
  stateEvents: 1
  stepEvents: 0
  timeEvents: 1
77 ms. Memory: 580096K Free: 450418K (78%)
----------------- Invoking toplevel() on ptolemy.moml.MoMLSimpleApplication@26f96efd
----------------- Done invoking toplevel() on ptolemy.moml.MoMLSimpleApplication@26f96efd
reloadAllAccessors: .FMUQSSStateEvent4_QSS2

===========================================================================================
----------------- testing Sat Oct 13 02:28:07 UTC 2018 /home/travis/build/icyphy/ptII/ptolemy/actor/lib/fmi/test/auto/linux-amd64/FMUQSSStateEvent4_QSS3.xml
----------------- Instantiating /home/travis/build/icyphy/ptII/ptolemy/actor/lib/fmi/test/auto/linux-amd64/FMUQSSStateEvent4_QSS3.xml
 Number of steps: 546
  stateEvents: 1
  stepEvents: 0
  timeEvents: 1
83 ms. Memory: 580096K Free: 431269K (74%)
----------------- Invoking toplevel() on ptolemy.moml.MoMLSimpleApplication@4a3b701e
----------------- Done invoking toplevel() on ptolemy.moml.MoMLSimpleApplication@4a3b701e
reloadAllAccessors: .FMUQSSStateEvent4_QSS3

===========================================================================================
----------------- testing Sat Oct 13 02:28:07 UTC 2018 /home/travis/build/icyphy/ptII/ptolemy/actor/lib/fmi/test/auto/linux-amd64/FMUQSSStateEvent5_QSS1.xml
----------------- Instantiating /home/travis/build/icyphy/ptII/ptolemy/actor/lib/fmi/test/auto/linux-amd64/FMUQSSStateEvent5_QSS1.xml
 Number of steps: 991
  stateEvents: 2
  stepEvents: 0
  timeEvents: 0
126 ms. Memory: 580096K Free: 400143K (69%)
----------------- Invoking toplevel() on ptolemy.moml.MoMLSimpleApplication@f16315a
----------------- Done invoking toplevel() on ptolemy.moml.MoMLSimpleApplication@f16315a
reloadAllAccessors: .FMUQSSStateEvent5_QSS1

===========================================================================================
----------------- testing Sat Oct 13 02:28:07 UTC 2018 /home/travis/build/icyphy/ptII/ptolemy/actor/lib/fmi/test/auto/linux-amd64/FMUQSSStateEvent5_QSS2.xml
----------------- Instantiating /home/travis/build/icyphy/ptII/ptolemy/actor/lib/fmi/test/auto/linux-amd64/FMUQSSStateEvent5_QSS2.xml
 Number of steps: 3082
  stateEvents: 2
  stepEvents: 0
  timeEvents: 0
374 ms. Memory: 580096K Free: 328335K (57%)
----------------- Invoking toplevel() on ptolemy.moml.MoMLSimpleApplication@180c6e0e
----------------- Done invoking toplevel() on ptolemy.moml.MoMLSimpleApplication@180c6e0e
reloadAllAccessors: .FMUQSSStateEvent5_QSS2

===========================================================================================
----------------- testing Sat Oct 13 02:28:08 UTC 2018 /home/travis/build/icyphy/ptII/ptolemy/actor/lib/fmi/test/auto/linux-amd64/FMUQSSStateEvent5_QSS3.xml
----------------- Instantiating /home/travis/build/icyphy/ptII/ptolemy/actor/lib/fmi/test/auto/linux-amd64/FMUQSSStateEvent5_QSS3.xml
 Number of steps: 416
  stateEvents: 2
  stepEvents: 0
  timeEvents: 0
59 ms. Memory: 580096K Free: 311579K (54%)
----------------- Invoking toplevel() on ptolemy.moml.MoMLSimpleApplication@28f3496c
----------------- Done invoking toplevel() on ptolemy.moml.MoMLSimpleApplication@28f3496c
reloadAllAccessors: .FMUQSSStateEvent5_QSS3

===========================================================================================
----------------- testing Sat Oct 13 02:28:08 UTC 2018 /home/travis/build/icyphy/ptII/ptolemy/actor/lib/fmi/test/auto/linux-amd64/FMUQSSStateEvent6_QSS1.xml
----------------- Instantiating /home/travis/build/icyphy/ptII/ptolemy/actor/lib/fmi/test/auto/linux-amd64/FMUQSSStateEvent6_QSS1.xml
 Number of steps: 4328
  stateEvents: 8
  stepEvents: 0
  timeEvents: 0
562 ms. Memory: 580096K Free: 206259K (36%)
----------------- Invoking toplevel() on ptolemy.moml.MoMLSimpleApplication@1e75411d
----------------- Done invoking toplevel() on ptolemy.moml.MoMLSimpleApplication@1e75411d
reloadAllAccessors: .FMUQSSStateEvent6_QSS1

===========================================================================================
----------------- testing Sat Oct 13 02:28:08 UTC 2018 /home/travis/build/icyphy/ptII/ptolemy/actor/lib/fmi/test/auto/linux-amd64/FMUQSSStateEvent6_QSS2.xml
----------------- Instantiating /home/travis/build/icyphy/ptII/ptolemy/actor/lib/fmi/test/auto/linux-amd64/FMUQSSStateEvent6_QSS2.xml
 Number of steps: 2682
  stateEvents: 9
  stepEvents: 0
  timeEvents: 0
512 ms. Memory: 580096K Free: 93759K (16%)
----------------- Invoking toplevel() on ptolemy.moml.MoMLSimpleApplication@5ea9e558
----------------- Done invoking toplevel() on ptolemy.moml.MoMLSimpleApplication@5ea9e558
reloadAllAccessors: .FMUQSSStateEvent6_QSS2
AutoTests.java: About to close Vertx.
AutoTests.java: Vertx closed.

===========================================================================================
----------------- testing Sat Oct 13 02:28:09 UTC 2018 /home/travis/build/icyphy/ptII/ptolemy/actor/lib/fmi/test/auto/FMU30Inc.xml
----------------- Instantiating /home/travis/build/icyphy/ptII/ptolemy/actor/lib/fmi/test/auto/FMU30Inc.xml
183 ms. Memory: 584704K Free: 467258K (80%)
----------------- Invoking toplevel() on ptolemy.moml.MoMLSimpleApplication@74d56c50
----------------- Done invoking toplevel() on ptolemy.moml.MoMLSimpleApplication@74d56c50
reloadAllAccessors: .FMU30Inc

===========================================================================================
----------------- testing Sat Oct 13 02:28:10 UTC 2018 /home/travis/build/icyphy/ptII/ptolemy/actor/lib/fmi/test/auto/FMUBouncingBall.xml
----------------- Instantiating /home/travis/build/icyphy/ptII/ptolemy/actor/lib/fmi/test/auto/FMUBouncingBall.xml
149 ms. Memory: 584704K Free: 452379K (77%)
----------------- Invoking toplevel() on ptolemy.moml.MoMLSimpleApplication@42e9ebd4
----------------- Done invoking toplevel() on ptolemy.moml.MoMLSimpleApplication@42e9ebd4
reloadAllAccessors: .FMUBouncingBall

===========================================================================================
----------------- testing Sat Oct 13 02:28:10 UTC 2018 /home/travis/build/icyphy/ptII/ptolemy/actor/lib/fmi/test/auto/FMUBouncingBallME20.xml
----------------- Instantiating /home/travis/build/icyphy/ptII/ptolemy/actor/lib/fmi/test/auto/FMUBouncingBallME20.xml
96 ms. Memory: 584704K Free: 435145K (74%)
----------------- Invoking toplevel() on ptolemy.moml.MoMLSimpleApplication@212c8cd2
----------------- Done invoking toplevel() on ptolemy.moml.MoMLSimpleApplication@212c8cd2
reloadAllAccessors: .FMUBouncingBallME20

===========================================================================================
----------------- testing Sat Oct 13 02:28:10 UTC 2018 /home/travis/build/icyphy/ptII/ptolemy/actor/lib/fmi/test/auto/FMUDQ.xml
----------------- Instantiating /home/travis/build/icyphy/ptII/ptolemy/actor/lib/fmi/test/auto/FMUDQ.xml
11 ms. Memory: 584704K Free: 427485K (73%)
----------------- Invoking toplevel() on ptolemy.moml.MoMLSimpleApplication@680f08a2
----------------- Done invoking toplevel() on ptolemy.moml.MoMLSimpleApplication@680f08a2
reloadAllAccessors: .FMUDQ

===========================================================================================
----------------- testing Sat Oct 13 02:28:10 UTC 2018 /home/travis/build/icyphy/ptII/ptolemy/actor/lib/fmi/test/auto/FMUDq20.xml
----------------- Instantiating /home/travis/build/icyphy/ptII/ptolemy/actor/lib/fmi/test/auto/FMUDq20.xml
38 ms. Memory: 584704K Free: 414081K (71%)
----------------- Invoking toplevel() on ptolemy.moml.MoMLSimpleApplication@371756e5
----------------- Done invoking toplevel() on ptolemy.moml.MoMLSimpleApplication@371756e5
reloadAllAccessors: .FMUDq20

===========================================================================================
----------------- testing Sat Oct 13 02:28:10 UTC 2018 /home/travis/build/icyphy/ptII/ptolemy/actor/lib/fmi/test/auto/FMUDqME20.xml
----------------- Instantiating /home/travis/build/icyphy/ptII/ptolemy/actor/lib/fmi/test/auto/FMUDqME20.xml
6 ms. Memory: 584704K Free: 404506K (69%)
----------------- Invoking toplevel() on ptolemy.moml.MoMLSimpleApplication@4b07e209
----------------- Done invoking toplevel() on ptolemy.moml.MoMLSimpleApplication@4b07e209
reloadAllAccessors: .FMUDqME20

===========================================================================================
----------------- testing Sat Oct 13 02:28:10 UTC 2018 /home/travis/build/icyphy/ptII/ptolemy/actor/lib/fmi/test/auto/FMUFourInputsFourOutputsME20.xml
----------------- Instantiating /home/travis/build/icyphy/ptII/ptolemy/actor/lib/fmi/test/auto/FMUFourInputsFourOutputsME20.xml
8 ms. Memory: 584704K Free: 393017K (67%)
----------------- Invoking toplevel() on ptolemy.moml.MoMLSimpleApplication@41ec0c3c
----------------- Done invoking toplevel() on ptolemy.moml.MoMLSimpleApplication@41ec0c3c
reloadAllAccessors: .FMUFourInputsFourOutputsME20

===========================================================================================
----------------- testing Sat Oct 13 02:28:10 UTC 2018 /home/travis/build/icyphy/ptII/ptolemy/actor/lib/fmi/test/auto/FMUHeaterFlowResistance.xml
----------------- Instantiating /home/travis/build/icyphy/ptII/ptolemy/actor/lib/fmi/test/auto/FMUHeaterFlowResistance.xml
FMU Builder messages:

Attempting to build /tmp/FMUFile3307341497930307745.tmp/binaries/linux64/heaterFlowResistance.so
architecture: linux64 isWindows: false  command: make target: linux64
make ARCH=linux64 CBITSFLAGS=-fvisibility=hidden PIC=-fPIC SHARED_LIBRARY_SUFFIX=so heaterFlowResistance.so
make[1]: Entering directory `/tmp/FMUFile3307341497930307745.tmp/sources'
echo `pwd`
/tmp/FMUFile3307341497930307745.tmp/sources
cc -g -c -fvisibility=hidden -fPIC -Wall -DFMI_COSIMULATION -I.  heaterFlowResistance.c -o heaterFlowResistance.o
Creating ../binaries/linux64/
cc -fvisibility=hidden -g -Wall -shared -Wl,-soname,heaterFlowResistance.so -DFMI_COSIMULATION -I. -o ../binaries/linux64/heaterFlowResistance.so heaterFlowResistance.o 
rm heaterFlowResistance.o
make[1]: Leaving directory `/tmp/FMUFile3307341497930307745.tmp/sources'

123 ms. Memory: 584704K Free: 378137K (65%)
----------------- Invoking toplevel() on ptolemy.moml.MoMLSimpleApplication@b8a859c
----------------- Done invoking toplevel() on ptolemy.moml.MoMLSimpleApplication@b8a859c
reloadAllAccessors: .FMUHeaterFlowResistance

===========================================================================================
----------------- testing Sat Oct 13 02:28:11 UTC 2018 /home/travis/build/icyphy/ptII/ptolemy/actor/lib/fmi/test/auto/FMUHelloWorld.xml
----------------- Instantiating /home/travis/build/icyphy/ptII/ptolemy/actor/lib/fmi/test/auto/FMUHelloWorld.xml
6 ms. Memory: 584704K Free: 367605K (63%)
----------------- Invoking toplevel() on ptolemy.moml.MoMLSimpleApplication@58a62dfb
----------------- Done invoking toplevel() on ptolemy.moml.MoMLSimpleApplication@58a62dfb
reloadAllAccessors: .FMUHelloWorld

===========================================================================================
----------------- testing Sat Oct 13 02:28:11 UTC 2018 /home/travis/build/icyphy/ptII/ptolemy/actor/lib/fmi/test/auto/FMUHelloWorldUnBuilt.xml
----------------- Instantiating /home/travis/build/icyphy/ptII/ptolemy/actor/lib/fmi/test/auto/FMUHelloWorldUnBuilt.xml
FMU Builder messages:

Attempting to build /tmp/FMUFile774247198363050136.tmp/binaries/linux64/helloWorld.so
architecture: linux64 isWindows: false  command: make target: linux64
make ARCH=linux64 CBITSFLAGS=-fvisibility=hidden PIC=-fPIC SHARED_LIBRARY_SUFFIX=so helloWorld.so
make[1]: Entering directory `/tmp/FMUFile774247198363050136.tmp/sources'
echo `pwd`
/tmp/FMUFile774247198363050136.tmp/sources
cc -g -c -fvisibility=hidden -fPIC -Wall -DFMI_COSIMULATION -I.  helloWorld.c -o helloWorld.o
Creating ../binaries/linux64/
cc -fvisibility=hidden -g -Wall -shared -Wl,-soname,helloWorld.so -DFMI_COSIMULATION -I. -o ../binaries/linux64/helloWorld.so helloWorld.o 
rm helloWorld.o
make[1]: Leaving directory `/tmp/FMUFile774247198363050136.tmp/sources'

71 ms. Memory: 584704K Free: 358031K (61%)
----------------- Invoking toplevel() on ptolemy.moml.MoMLSimpleApplication@61804139
----------------- Done invoking toplevel() on ptolemy.moml.MoMLSimpleApplication@61804139
reloadAllAccessors: .FMUHelloWorldUnBuilt

===========================================================================================
----------------- testing Sat Oct 13 02:28:11 UTC 2018 /home/travis/build/icyphy/ptII/ptolemy/actor/lib/fmi/test/auto/FMUInc.xml
----------------- Instantiating /home/travis/build/icyphy/ptII/ptolemy/actor/lib/fmi/test/auto/FMUInc.xml
6 ms. Memory: 584704K Free: 352286K (60%)
----------------- Invoking toplevel() on ptolemy.moml.MoMLSimpleApplication@1b82aa61
----------------- Done invoking toplevel() on ptolemy.moml.MoMLSimpleApplication@1b82aa61
reloadAllAccessors: .FMUInc

===========================================================================================
----------------- testing Sat Oct 13 02:28:11 UTC 2018 /home/travis/build/icyphy/ptII/ptolemy/actor/lib/fmi/test/auto/FMUInc2.xml
----------------- Instantiating /home/travis/build/icyphy/ptII/ptolemy/actor/lib/fmi/test/auto/FMUInc2.xml
21 ms. Memory: 584704K Free: 346542K (59%)
----------------- Invoking toplevel() on ptolemy.moml.MoMLSimpleApplication@30de2c33
----------------- Done invoking toplevel() on ptolemy.moml.MoMLSimpleApplication@30de2c33
reloadAllAccessors: .FMUInc2

===========================================================================================
----------------- testing Sat Oct 13 02:28:11 UTC 2018 /home/travis/build/icyphy/ptII/ptolemy/actor/lib/fmi/test/auto/FMUIncME1.xml
----------------- Instantiating /home/travis/build/icyphy/ptII/ptolemy/actor/lib/fmi/test/auto/FMUIncME1.xml
11 ms. Memory: 584704K Free: 340797K (58%)
----------------- Invoking toplevel() on ptolemy.moml.MoMLSimpleApplication@328a0007
----------------- Done invoking toplevel() on ptolemy.moml.MoMLSimpleApplication@328a0007
reloadAllAccessors: .FMUIncME1

===========================================================================================
----------------- testing Sat Oct 13 02:28:11 UTC 2018 /home/travis/build/icyphy/ptII/ptolemy/actor/lib/fmi/test/auto/FMUIncME20.xml
----------------- Instantiating /home/travis/build/icyphy/ptII/ptolemy/actor/lib/fmi/test/auto/FMUIncME20.xml
13 ms. Memory: 584704K Free: 333577K (57%)
----------------- Invoking toplevel() on ptolemy.moml.MoMLSimpleApplication@72b27fec
----------------- Done invoking toplevel() on ptolemy.moml.MoMLSimpleApplication@72b27fec
reloadAllAccessors: .FMUIncME20

===========================================================================================
----------------- testing Sat Oct 13 02:28:11 UTC 2018 /home/travis/build/icyphy/ptII/ptolemy/actor/lib/fmi/test/auto/FMUIncScale20RC1pt.xml
----------------- Instantiating /home/travis/build/icyphy/ptII/ptolemy/actor/lib/fmi/test/auto/FMUIncScale20RC1pt.xml
15 ms. Memory: 584704K Free: 325916K (56%)
----------------- Invoking toplevel() on ptolemy.moml.MoMLSimpleApplication@1d694608
----------------- Done invoking toplevel() on ptolemy.moml.MoMLSimpleApplication@1d694608
reloadAllAccessors: .FMUIncScale20RC1pt

===========================================================================================
----------------- testing Sat Oct 13 02:28:11 UTC 2018 /home/travis/build/icyphy/ptII/ptolemy/actor/lib/fmi/test/auto/FMULevelStairs.xml
----------------- Instantiating /home/travis/build/icyphy/ptII/ptolemy/actor/lib/fmi/test/auto/FMULevelStairs.xml
26 ms. Memory: 584704K Free: 320172K (55%)
----------------- Invoking toplevel() on ptolemy.moml.MoMLSimpleApplication@7de2ba80
----------------- Done invoking toplevel() on ptolemy.moml.MoMLSimpleApplication@7de2ba80
reloadAllAccessors: .FMULevelStairs

===========================================================================================
----------------- testing Sat Oct 13 02:28:11 UTC 2018 /home/travis/build/icyphy/ptII/ptolemy/actor/lib/fmi/test/auto/FMUPumpConstantSpeed.xml
----------------- Instantiating /home/travis/build/icyphy/ptII/ptolemy/actor/lib/fmi/test/auto/FMUPumpConstantSpeed.xml
FMU Builder messages:

Attempting to build /tmp/FMUFile4945911138130824388.tmp/binaries/linux64/pumpConstantSpeed.so
architecture: linux64 isWindows: false  command: make target: linux64
make ARCH=linux64 CBITSFLAGS=-fvisibility=hidden PIC=-fPIC SHARED_LIBRARY_SUFFIX=so pumpConstantSpeed.so
make[1]: Entering directory `/tmp/FMUFile4945911138130824388.tmp/sources'
echo `pwd`
/tmp/FMUFile4945911138130824388.tmp/sources
cc -g -c -fvisibility=hidden -fPIC -Wall -DFMI_COSIMULATION -I.  pumpConstantSpeed.c -o pumpConstantSpeed.o
Creating ../binaries/linux64/
cc -fvisibility=hidden -g -Wall -shared -Wl,-soname,pumpConstantSpeed.so -DFMI_COSIMULATION -I. -o ../binaries/linux64/pumpConstantSpeed.so pumpConstantSpeed.o 
rm pumpConstantSpeed.o
make[1]: Leaving directory `/tmp/FMUFile4945911138130824388.tmp/sources'

105 ms. Memory: 584704K Free: 306767K (52%)
----------------- Invoking toplevel() on ptolemy.moml.MoMLSimpleApplication@4640d203
----------------- Done invoking toplevel() on ptolemy.moml.MoMLSimpleApplication@4640d203
reloadAllAccessors: .FMUPumpConstantSpeed

===========================================================================================
----------------- testing Sat Oct 13 02:28:11 UTC 2018 /home/travis/build/icyphy/ptII/ptolemy/actor/lib/fmi/test/auto/FMUQSSTankOpen.xml
----------------- Instantiating /home/travis/build/icyphy/ptII/ptolemy/actor/lib/fmi/test/auto/FMUQSSTankOpen.xml
FMU Builder messages:

Attempting to build /tmp/FMUFile7850866760940311406.tmp/binaries/linux64/tankOpen.so
architecture: linux64 isWindows: false  command: make target: linux64
make ARCH=linux64 CBITSFLAGS=-fvisibility=hidden PIC=-fPIC SHARED_LIBRARY_SUFFIX=so tankOpen.so
make[1]: Entering directory `/tmp/FMUFile7850866760940311406.tmp/sources'
echo `pwd`
/tmp/FMUFile7850866760940311406.tmp/sources
cc -g -c -fvisibility=hidden -fPIC -Wall -DFMI_COSIMULATION -I.  tankOpen.c -o tankOpen.o
Creating ../binaries/linux64/
cc -fvisibility=hidden -g -Wall -shared -Wl,-soname,tankOpen.so -DFMI_COSIMULATION -I. -o ../binaries/linux64/tankOpen.so tankOpen.o -lm
rm tankOpen.o
make[1]: Leaving directory `/tmp/FMUFile7850866760940311406.tmp/sources'

 Number of steps: 39894
  stateEvents: 0
  stepEvents: 0
  timeEvents: 0
2725 ms. Memory: 881664K Free: 746322K (85%)
----------------- Invoking toplevel() on ptolemy.moml.MoMLSimpleApplication@10e75765
----------------- Done invoking toplevel() on ptolemy.moml.MoMLSimpleApplication@10e75765
reloadAllAccessors: .FMUQSSTankOpen

===========================================================================================
----------------- testing Sat Oct 13 02:28:14 UTC 2018 /home/travis/build/icyphy/ptII/ptolemy/actor/lib/fmi/test/auto/FMUSDFBouncingBall.xml
----------------- Instantiating /home/travis/build/icyphy/ptII/ptolemy/actor/lib/fmi/test/auto/FMUSDFBouncingBall.xml
8 ms. Memory: 881664K Free: 733679K (83%)
----------------- Invoking toplevel() on ptolemy.moml.MoMLSimpleApplication@7c586f12
----------------- Done invoking toplevel() on ptolemy.moml.MoMLSimpleApplication@7c586f12
reloadAllAccessors: .FMUSDFBouncingBall

===========================================================================================
----------------- testing Sat Oct 13 02:28:14 UTC 2018 /home/travis/build/icyphy/ptII/ptolemy/actor/lib/fmi/test/auto/FMUSDFBouncingBall20.xml
----------------- Instantiating /home/travis/build/icyphy/ptII/ptolemy/actor/lib/fmi/test/auto/FMUSDFBouncingBall20.xml
167 ms. Memory: 881664K Free: 690813K (78%)
----------------- Invoking toplevel() on ptolemy.moml.MoMLSimpleApplication@1af9f1e8
----------------- Done invoking toplevel() on ptolemy.moml.MoMLSimpleApplication@1af9f1e8
reloadAllAccessors: .FMUSDFBouncingBall20

===========================================================================================
----------------- testing Sat Oct 13 02:28:14 UTC 2018 /home/travis/build/icyphy/ptII/ptolemy/actor/lib/fmi/test/auto/FMUSDFBouncingBall20RC1.xml
----------------- Instantiating /home/travis/build/icyphy/ptII/ptolemy/actor/lib/fmi/test/auto/FMUSDFBouncingBall20RC1.xml
10 ms. Memory: 881664K Free: 681628K (77%)
----------------- Invoking toplevel() on ptolemy.moml.MoMLSimpleApplication@1c1da570
----------------- Done invoking toplevel() on ptolemy.moml.MoMLSimpleApplication@1c1da570
reloadAllAccessors: .FMUSDFBouncingBall20RC1

===========================================================================================
----------------- testing Sat Oct 13 02:28:14 UTC 2018 /home/travis/build/icyphy/ptII/ptolemy/actor/lib/fmi/test/auto/FMUSDFInc20.xml
----------------- Instantiating /home/travis/build/icyphy/ptII/ptolemy/actor/lib/fmi/test/auto/FMUSDFInc20.xml
8 ms. Memory: 881664K Free: 672442K (76%)
----------------- Invoking toplevel() on ptolemy.moml.MoMLSimpleApplication@5eef258d
----------------- Done invoking toplevel() on ptolemy.moml.MoMLSimpleApplication@5eef258d
reloadAllAccessors: .FMUSDFInc20

===========================================================================================
----------------- testing Sat Oct 13 02:28:14 UTC 2018 /home/travis/build/icyphy/ptII/ptolemy/actor/lib/fmi/test/auto/FMUStairs.xml
----------------- Instantiating /home/travis/build/icyphy/ptII/ptolemy/actor/lib/fmi/test/auto/FMUStairs.xml
25 ms. Memory: 881664K Free: 663257K (75%)
----------------- Invoking toplevel() on ptolemy.moml.MoMLSimpleApplication@7087321a
----------------- Done invoking toplevel() on ptolemy.moml.MoMLSimpleApplication@7087321a
reloadAllAccessors: .FMUStairs

===========================================================================================
----------------- testing Sat Oct 13 02:28:14 UTC 2018 /home/travis/build/icyphy/ptII/ptolemy/actor/lib/fmi/test/auto/FMUStepCounter1.xml
----------------- Instantiating /home/travis/build/icyphy/ptII/ptolemy/actor/lib/fmi/test/auto/FMUStepCounter1.xml
FMU Builder messages:

Attempting to build /tmp/FMUFile5130449459618088002.tmp/binaries/linux64/stepCounter1.so
architecture: linux64 isWindows: false  command: make target: linux64
make ARCH=linux64 CBITSFLAGS=-fvisibility=hidden PIC=-fPIC SHARED_LIBRARY_SUFFIX=so stepCounter1.so
make[1]: Entering directory `/tmp/FMUFile5130449459618088002.tmp/sources'
echo `pwd`
/tmp/FMUFile5130449459618088002.tmp/sources
cc -g -c -fvisibility=hidden -fPIC -Wall -DFMI_COSIMULATION -I.  stepCounter1.c -o stepCounter1.o
Creating ../binaries/linux64/
cc -fvisibility=hidden -g -Wall -shared -Wl,-soname,stepCounter1.so -DFMI_COSIMULATION -I. -o ../binaries/linux64/stepCounter1.so stepCounter1.o 
rm stepCounter1.o
make[1]: Leaving directory `/tmp/FMUFile5130449459618088002.tmp/sources'

89 ms. Memory: 881664K Free: 642973K (73%)
----------------- Invoking toplevel() on ptolemy.moml.MoMLSimpleApplication@77ab4524
----------------- Done invoking toplevel() on ptolemy.moml.MoMLSimpleApplication@77ab4524
reloadAllAccessors: .FMUStepCounter1

===========================================================================================
----------------- testing Sat Oct 13 02:28:14 UTC 2018 /home/travis/build/icyphy/ptII/ptolemy/actor/lib/fmi/test/auto/FMUStepCounter2.xml
----------------- Instantiating /home/travis/build/icyphy/ptII/ptolemy/actor/lib/fmi/test/auto/FMUStepCounter2.xml
FMU Builder messages:

Attempting to build /tmp/FMUFile5699328409711460835.tmp/binaries/linux64/stepCounter.so
architecture: linux64 isWindows: false  command: make target: linux64
make ARCH=linux64 CBITSFLAGS=-fvisibility=hidden PIC=-fPIC SHARED_LIBRARY_SUFFIX=so stepCounter.so
make[1]: Entering directory `/tmp/FMUFile5699328409711460835.tmp/sources'
echo `pwd`
/tmp/FMUFile5699328409711460835.tmp/sources
cc -g -c -fvisibility=hidden -fPIC -Wall -DFMI_COSIMULATION -I.  stepCounter.c -o stepCounter.o
Creating ../binaries/linux64/
cc -fvisibility=hidden -g -Wall -shared -Wl,-soname,stepCounter.so -DFMI_COSIMULATION -I. -o ../binaries/linux64/stepCounter.so stepCounter.o 
rm stepCounter.o
make[1]: Leaving directory `/tmp/FMUFile5699328409711460835.tmp/sources'

90 ms. Memory: 881664K Free: 626080K (71%)
----------------- Invoking toplevel() on ptolemy.moml.MoMLSimpleApplication@55697b48
----------------- Done invoking toplevel() on ptolemy.moml.MoMLSimpleApplication@55697b48
reloadAllAccessors: .FMUStepCounter2

===========================================================================================
----------------- testing Sat Oct 13 02:28:14 UTC 2018 /home/travis/build/icyphy/ptII/ptolemy/actor/lib/fmi/test/auto/FMUStepCounterContinuous1.xml
----------------- Instantiating /home/travis/build/icyphy/ptII/ptolemy/actor/lib/fmi/test/auto/FMUStepCounterContinuous1.xml
8 ms. Memory: 881664K Free: 619956K (70%)
----------------- Invoking toplevel() on ptolemy.moml.MoMLSimpleApplication@67e07a95
----------------- Done invoking toplevel() on ptolemy.moml.MoMLSimpleApplication@67e07a95
reloadAllAccessors: .FMUStepCounterContinuous

===========================================================================================
----------------- testing Sat Oct 13 02:28:15 UTC 2018 /home/travis/build/icyphy/ptII/ptolemy/actor/lib/fmi/test/auto/FMUStepCounterContinuous2.xml
----------------- Instantiating /home/travis/build/icyphy/ptII/ptolemy/actor/lib/fmi/test/auto/FMUStepCounterContinuous2.xml
3 ms. Memory: 881664K Free: 613833K (70%)
----------------- Invoking toplevel() on ptolemy.moml.MoMLSimpleApplication@60156b29
----------------- Done invoking toplevel() on ptolemy.moml.MoMLSimpleApplication@60156b29
reloadAllAccessors: .FMUStepCounterContinuous2

===========================================================================================
----------------- testing Sat Oct 13 02:28:15 UTC 2018 /home/travis/build/icyphy/ptII/ptolemy/actor/lib/fmi/test/auto/FMUStepCounterContinuousTwoFMUs1.xml
----------------- Instantiating /home/travis/build/icyphy/ptII/ptolemy/actor/lib/fmi/test/auto/FMUStepCounterContinuousTwoFMUs1.xml
6 ms. Memory: 881664K Free: 604647K (69%)
----------------- Invoking toplevel() on ptolemy.moml.MoMLSimpleApplication@51ce2e46
----------------- Done invoking toplevel() on ptolemy.moml.MoMLSimpleApplication@51ce2e46
reloadAllAccessors: .FMUStepCounterContinuousTwoFMUs

===========================================================================================
----------------- testing Sat Oct 13 02:28:15 UTC 2018 /home/travis/build/icyphy/ptII/ptolemy/actor/lib/fmi/test/auto/FMUStepCounterContinuousTwoFMUs2.xml
----------------- Instantiating /home/travis/build/icyphy/ptII/ptolemy/actor/lib/fmi/test/auto/FMUStepCounterContinuousTwoFMUs2.xml
17 ms. Memory: 881664K Free: 595462K (68%)
----------------- Invoking toplevel() on ptolemy.moml.MoMLSimpleApplication@5d9eee66
----------------- Done invoking toplevel() on ptolemy.moml.MoMLSimpleApplication@5d9eee66
reloadAllAccessors: .FMUStepCounterContinuousTwoFMUs2

===========================================================================================
----------------- testing Sat Oct 13 02:28:15 UTC 2018 /home/travis/build/icyphy/ptII/ptolemy/actor/lib/fmi/test/auto/FMUStepCounterExtendedFMI.xml
----------------- Instantiating /home/travis/build/icyphy/ptII/ptolemy/actor/lib/fmi/test/auto/FMUStepCounterExtendedFMI.xml
FMU Builder messages:

Attempting to build /tmp/FMUFile4593751623085602186.tmp/binaries/linux64/stepCounterExtendedFMI.so
architecture: linux64 isWindows: false  command: make target: linux64
make ARCH=linux64 CBITSFLAGS=-fvisibility=hidden PIC=-fPIC SHARED_LIBRARY_SUFFIX=so stepCounterExtendedFMI.so
make[1]: Entering directory `/tmp/FMUFile4593751623085602186.tmp/sources'
echo `pwd`
/tmp/FMUFile4593751623085602186.tmp/sources
cc -g -c -fvisibility=hidden -fPIC -Wall -DFMI_COSIMULATION -I.  stepCounterExtendedFMI.c -o stepCounterExtendedFMI.o
Creating ../binaries/linux64/
cc -fvisibility=hidden -g -Wall -shared -Wl,-soname,stepCounterExtendedFMI.so -DFMI_COSIMULATION -I. -o ../binaries/linux64/stepCounterExtendedFMI.so stepCounterExtendedFMI.o 
rm stepCounterExtendedFMI.o
make[1]: Leaving directory `/tmp/FMUFile4593751623085602186.tmp/sources'

102 ms. Memory: 881664K Free: 580153K (66%)
----------------- Invoking toplevel() on ptolemy.moml.MoMLSimpleApplication@7017a13
----------------- Done invoking toplevel() on ptolemy.moml.MoMLSimpleApplication@7017a13
reloadAllAccessors: .FMUStepCounterExtendedFMI

===========================================================================================
----------------- testing Sat Oct 13 02:28:15 UTC 2018 /home/travis/build/icyphy/ptII/ptolemy/actor/lib/fmi/test/auto/FMUStepCounterPeriodInNameContinuous2.xml
----------------- Instantiating /home/travis/build/icyphy/ptII/ptolemy/actor/lib/fmi/test/auto/FMUStepCounterPeriodInNameContinuous2.xml
FMU Builder messages:

Attempting to build /tmp/FMUFile266885019703840856.tmp/binaries/linux64/stepCounterPeriodInName.so
architecture: linux64 isWindows: false  command: make target: linux64
make ARCH=linux64 CBITSFLAGS=-fvisibility=hidden PIC=-fPIC SHARED_LIBRARY_SUFFIX=so stepCounterPeriodInName.so
make[1]: Entering directory `/tmp/FMUFile266885019703840856.tmp/sources'
echo `pwd`
/tmp/FMUFile266885019703840856.tmp/sources
cc -g -c -fvisibility=hidden -fPIC -Wall -DFMI_COSIMULATION -I.  stepCounterPeriodInName.c -o stepCounterPeriodInName.o
Creating ../binaries/linux64/
cc -fvisibility=hidden -g -Wall -shared -Wl,-soname,stepCounterPeriodInName.so -DFMI_COSIMULATION -I. -o ../binaries/linux64/stepCounterPeriodInName.so stepCounterPeriodInName.o 
rm stepCounterPeriodInName.o
make[1]: Leaving directory `/tmp/FMUFile266885019703840856.tmp/sources'

95 ms. Memory: 881664K Free: 563260K (64%)
----------------- Invoking toplevel() on ptolemy.moml.MoMLSimpleApplication@34d86f99
----------------- Done invoking toplevel() on ptolemy.moml.MoMLSimpleApplication@34d86f99
reloadAllAccessors: .FMUStepCounterPeriodInNameContinuous2

===========================================================================================
----------------- testing Sat Oct 13 02:28:15 UTC 2018 /home/travis/build/icyphy/ptII/ptolemy/actor/lib/fmi/test/auto/FMUTankOpen.xml
----------------- Instantiating /home/travis/build/icyphy/ptII/ptolemy/actor/lib/fmi/test/auto/FMUTankOpen.xml
25 ms. Memory: 881664K Free: 551013K (62%)
----------------- Invoking toplevel() on ptolemy.moml.MoMLSimpleApplication@726e423d
----------------- Done invoking toplevel() on ptolemy.moml.MoMLSimpleApplication@726e423d
reloadAllAccessors: .FMUTankOpen

===========================================================================================
----------------- testing Sat Oct 13 02:28:15 UTC 2018 /home/travis/build/icyphy/ptII/ptolemy/actor/lib/fmi/test/auto/FMUTwoBallCollision.xml
----------------- Instantiating /home/travis/build/icyphy/ptII/ptolemy/actor/lib/fmi/test/auto/FMUTwoBallCollision.xml
174 ms. Memory: 881664K Free: 508147K (58%)
----------------- Invoking toplevel() on ptolemy.moml.MoMLSimpleApplication@12f3bd22
----------------- Done invoking toplevel() on ptolemy.moml.MoMLSimpleApplication@12f3bd22
reloadAllAccessors: .FMUTwoBallCollision

===========================================================================================
----------------- testing Sat Oct 13 02:28:15 UTC 2018 /home/travis/build/icyphy/ptII/ptolemy/actor/lib/fmi/test/auto/FMUValues.xml
----------------- Instantiating /home/travis/build/icyphy/ptII/ptolemy/actor/lib/fmi/test/auto/FMUValues.xml
13 ms. Memory: 881664K Free: 495900K (56%)
----------------- Invoking toplevel() on ptolemy.moml.MoMLSimpleApplication@658768f0
----------------- Done invoking toplevel() on ptolemy.moml.MoMLSimpleApplication@658768f0
reloadAllAccessors: .FMUValues

===========================================================================================
----------------- testing Sat Oct 13 02:28:15 UTC 2018 /home/travis/build/icyphy/ptII/ptolemy/actor/lib/fmi/test/auto/FMUValues20.xml
----------------- Instantiating /home/travis/build/icyphy/ptII/ptolemy/actor/lib/fmi/test/auto/FMUValues20.xml
15 ms. Memory: 881664K Free: 483653K (55%)
----------------- Invoking toplevel() on ptolemy.moml.MoMLSimpleApplication@15b962d7
----------------- Done invoking toplevel() on ptolemy.moml.MoMLSimpleApplication@15b962d7
reloadAllAccessors: .FMUValues20

===========================================================================================
----------------- testing Sat Oct 13 02:28:15 UTC 2018 /home/travis/build/icyphy/ptII/ptolemy/actor/lib/fmi/test/auto/FMUValuesME20.xml
----------------- Instantiating /home/travis/build/icyphy/ptII/ptolemy/actor/lib/fmi/test/auto/FMUValuesME20.xml
48 ms. Memory: 881664K Free: 465282K (53%)
----------------- Invoking toplevel() on ptolemy.moml.MoMLSimpleApplication@2e97ae2e
----------------- Done invoking toplevel() on ptolemy.moml.MoMLSimpleApplication@2e97ae2e
reloadAllAccessors: .FMUValuesME20

===========================================================================================
----------------- testing Sat Oct 13 02:28:15 UTC 2018 /home/travis/build/icyphy/ptII/ptolemy/actor/lib/fmi/test/auto/FMUVanDerPol.xml
----------------- Instantiating /home/travis/build/icyphy/ptII/ptolemy/actor/lib/fmi/test/auto/FMUVanDerPol.xml
6 ms. Memory: 881664K Free: 454513K (52%)
----------------- Invoking toplevel() on ptolemy.moml.MoMLSimpleApplication@455e8798
----------------- Done invoking toplevel() on ptolemy.moml.MoMLSimpleApplication@455e8798
reloadAllAccessors: .FMUVanDerPol

===========================================================================================
----------------- testing Sat Oct 13 02:28:15 UTC 2018 /home/travis/build/icyphy/ptII/ptolemy/actor/lib/fmi/test/auto/FMUVanDerPol20.xml
----------------- Instantiating /home/travis/build/icyphy/ptII/ptolemy/actor/lib/fmi/test/auto/FMUVanDerPol20.xml
66 ms. Memory: 881664K Free: 436142K (49%)
----------------- Invoking toplevel() on ptolemy.moml.MoMLSimpleApplication@5c46258e
----------------- Done invoking toplevel() on ptolemy.moml.MoMLSimpleApplication@5c46258e
reloadAllAccessors: .FMUVanDerPol20

===========================================================================================
----------------- testing Sat Oct 13 02:28:16 UTC 2018 /home/travis/build/icyphy/ptII/ptolemy/actor/lib/fmi/test/auto/FMUVanDerPolME20.xml
----------------- Instantiating /home/travis/build/icyphy/ptII/ptolemy/actor/lib/fmi/test/auto/FMUVanDerPolME20.xml
12 ms. Memory: 881664K Free: 420833K (48%)
----------------- Invoking toplevel() on ptolemy.moml.MoMLSimpleApplication@64d37af4
----------------- Done invoking toplevel() on ptolemy.moml.MoMLSimpleApplication@64d37af4
reloadAllAccessors: .FMUVanDerPolME20

===========================================================================================
----------------- testing Sat Oct 13 02:28:16 UTC 2018 /home/travis/build/icyphy/ptII/ptolemy/actor/lib/fmi/test/auto/FMUdq20RC1.xml
----------------- Instantiating /home/travis/build/icyphy/ptII/ptolemy/actor/lib/fmi/test/auto/FMUdq20RC1.xml
4 ms. Memory: 881664K Free: 411648K (47%)
----------------- Invoking toplevel() on ptolemy.moml.MoMLSimpleApplication@6264afc2
----------------- Done invoking toplevel() on ptolemy.moml.MoMLSimpleApplication@6264afc2
reloadAllAccessors: .FMUdq20RC1

===========================================================================================
----------------- testing Sat Oct 13 02:28:16 UTC 2018 /home/travis/build/icyphy/ptII/ptolemy/actor/lib/fmi/test/auto/FMUvalues20RC1.xml
----------------- Instantiating /home/travis/build/icyphy/ptII/ptolemy/actor/lib/fmi/test/auto/FMUvalues20RC1.xml
12 ms. Memory: 881664K Free: 399401K (45%)
----------------- Invoking toplevel() on ptolemy.moml.MoMLSimpleApplication@7fdff1f8
----------------- Done invoking toplevel() on ptolemy.moml.MoMLSimpleApplication@7fdff1f8
reloadAllAccessors: .FMUvalues20RC1

===========================================================================================
----------------- testing Sat Oct 13 02:28:16 UTC 2018 /home/travis/build/icyphy/ptII/ptolemy/actor/lib/fmi/test/auto/FMUvanDerPol20RC1.xml
----------------- Instantiating /home/travis/build/icyphy/ptII/ptolemy/actor/lib/fmi/test/auto/FMUvanDerPol20RC1.xml
7 ms. Memory: 881664K Free: 388631K (44%)
----------------- Invoking toplevel() on ptolemy.moml.MoMLSimpleApplication@423ca8ab
----------------- Done invoking toplevel() on ptolemy.moml.MoMLSimpleApplication@423ca8ab
reloadAllAccessors: .FMUvanDerPol20RC1

===========================================================================================
----------------- testing Sat Oct 13 02:28:16 UTC 2018 /home/travis/build/icyphy/ptII/ptolemy/actor/lib/fmi/test/auto/TestZeroDelayFeedback.xml
----------------- Instantiating /home/travis/build/icyphy/ptII/ptolemy/actor/lib/fmi/test/auto/TestZeroDelayFeedback.xml
FMU Builder messages:

Attempting to build /tmp/FMUFile6333449298060451378.tmp/binaries/linux64/Constant.so
architecture: linux64 isWindows: false  command: make target: linux64
make ARCH=linux64 CBITSFLAGS=-fvisibility=hidden PIC=-fPIC SHARED_LIBRARY_SUFFIX=so Constant.so
make[1]: Entering directory `/tmp/FMUFile6333449298060451378.tmp/sources'
echo `pwd`
/tmp/FMUFile6333449298060451378.tmp/sources
cc -g -c -fvisibility=hidden -fPIC -Wall -DFMI_COSIMULATION -I.  Constant.c -o Constant.o
Creating ../binaries/linux64/
cc -fvisibility=hidden -g -Wall -shared -Wl,-soname,Constant.so -DFMI_COSIMULATION -I. -o ../binaries/linux64/Constant.so Constant.o 
rm Constant.o
make[1]: Leaving directory `/tmp/FMUFile6333449298060451378.tmp/sources'

FMU Builder messages:

Attempting to build /tmp/FMUFile8799448633327348439.tmp/binaries/linux64/Integrator.so
architecture: linux64 isWindows: false  command: make target: linux64
make ARCH=linux64 CBITSFLAGS=-fvisibility=hidden PIC=-fPIC SHARED_LIBRARY_SUFFIX=so Integrator.so
make[1]: Entering directory `/tmp/FMUFile8799448633327348439.tmp/sources'
echo `pwd`
/tmp/FMUFile8799448633327348439.tmp/sources
cc -g -c -fvisibility=hidden -fPIC -Wall -DFMI_COSIMULATION -I.  Integrator.c -o Integrator.o
Integrator.c: In function ‘fmi2HybridGetMaxStepSize’:
Integrator.c:112:20: warning: unused variable ‘comp’ [-Wunused-variable]
     ModelInstance *comp = (ModelInstance *)c;
                    ^
In file included from Integrator.c:123:0:
fmuTemplate.c: In function ‘fmi2HybridDoStep’:
fmuTemplate.c:992:12: warning: variable ‘prevState’ set but not used [-Wunused-but-set-variable]
     double prevState[max(NUMBER_OF_STATES, 1)];
            ^
Creating ../binaries/linux64/
cc -fvisibility=hidden -g -Wall -shared -Wl,-soname,Integrator.so -DFMI_COSIMULATION -I. -o ../binaries/linux64/Integrator.so Integrator.o 
rm Integrator.o
make[1]: Leaving directory `/tmp/FMUFile8799448633327348439.tmp/sources'

FMU Builder messages:

Attempting to build /tmp/FMUFile8976048329455063406.tmp/binaries/linux64/Adder.so
architecture: linux64 isWindows: false  command: make target: linux64
make ARCH=linux64 CBITSFLAGS=-fvisibility=hidden PIC=-fPIC SHARED_LIBRARY_SUFFIX=so Adder.so
make[1]: Entering directory `/tmp/FMUFile8976048329455063406.tmp/sources'
echo `pwd`
/tmp/FMUFile8976048329455063406.tmp/sources
cc -g -c -fvisibility=hidden -fPIC -Wall -DFMI_COSIMULATION -I.  Adder.c -o Adder.o
Creating ../binaries/linux64/
cc -fvisibility=hidden -g -Wall -shared -Wl,-soname,Adder.so -DFMI_COSIMULATION -I. -o ../binaries/linux64/Adder.so Adder.o 
rm Adder.o
make[1]: Leaving directory `/tmp/FMUFile8976048329455063406.tmp/sources'

FMU Builder messages:

Attempting to build /tmp/FMUFile1996692489544440636.tmp/binaries/linux64/ZeroCrossingDetector.so
architecture: linux64 isWindows: false  command: make target: linux64
make ARCH=linux64 CBITSFLAGS=-fvisibility=hidden PIC=-fPIC SHARED_LIBRARY_SUFFIX=so ZeroCrossingDetector.so
make[1]: Entering directory `/tmp/FMUFile1996692489544440636.tmp/sources'
echo `pwd`
/tmp/FMUFile1996692489544440636.tmp/sources
cc -g -c -fvisibility=hidden -fPIC -Wall -DFMI_COSIMULATION -I.  ZeroCrossingDetector.c -o ZeroCrossingDetector.o
Creating ../binaries/linux64/
cc -fvisibility=hidden -g -Wall -shared -Wl,-soname,ZeroCrossingDetector.so -DFMI_COSIMULATION -I. -o ../binaries/linux64/ZeroCrossingDetector.so ZeroCrossingDetector.o 
rm ZeroCrossingDetector.o
make[1]: Leaving directory `/tmp/FMUFile1996692489544440636.tmp/sources'

FMU Builder messages:

Attempting to build /tmp/FMUFile7551508495551664711.tmp/binaries/linux64/Delay.so
architecture: linux64 isWindows: false  command: make target: linux64
make ARCH=linux64 CBITSFLAGS=-fvisibility=hidden PIC=-fPIC SHARED_LIBRARY_SUFFIX=so Delay.so
make[1]: Entering directory `/tmp/FMUFile7551508495551664711.tmp/sources'
echo `pwd`
/tmp/FMUFile7551508495551664711.tmp/sources
cc -g -c -fvisibility=hidden -fPIC -Wall -DFMI_COSIMULATION -I.  Delay.c -o Delay.o
Creating ../binaries/linux64/
cc -fvisibility=hidden -g -Wall -shared -Wl,-soname,Delay.so -DFMI_COSIMULATION -I. -o ../binaries/linux64/Delay.so Delay.o 
rm Delay.o
make[1]: Leaving directory `/tmp/FMUFile7551508495551664711.tmp/sources'

1068 ms. Memory: 881664K Free: 342704K (39%)
----------------- Invoking toplevel() on ptolemy.moml.MoMLSimpleApplication@4765f553
----------------- Done invoking toplevel() on ptolemy.moml.MoMLSimpleApplication@4765f553
reloadAllAccessors: .TestZeroDelayFeedback

===========================================================================================
----------------- testing Sat Oct 13 02:28:17 UTC 2018 /home/travis/build/icyphy/ptII/ptolemy/actor/lib/fmi/test/auto/helloWorldME2.xml
----------------- Instantiating /home/travis/build/icyphy/ptII/ptolemy/actor/lib/fmi/test/auto/helloWorldME2.xml
5 ms. Memory: 881664K Free: 336580K (38%)
----------------- Invoking toplevel() on ptolemy.moml.MoMLSimpleApplication@4dbd56bc
----------------- Done invoking toplevel() on ptolemy.moml.MoMLSimpleApplication@4dbd56bc
reloadAllAccessors: .helloWorldME2
AutoTests.java: About to close Vertx.
AutoTests.java: Vertx closed.
]]></system-out>
  <system-err><![CDATA[java.lang.RuntimeException: Execution failed
	at ptolemy.moml.MoMLSimpleApplication$UnloadThread.run(MoMLSimpleApplication.java:402)
Caused by: ptolemy.kernel.util.IllegalActionException: Could not simulate, inc20_fmiDoStep(Component, /* time */ 0.0, /* stepSize */0.0, /* newStep */ 1) returned fmiError
  in .FMUInc20.inc20
	at ptolemy.actor.lib.fmi.FMUImport._fmiDoStep(FMUImport.java:2739)
	at ptolemy.actor.lib.fmi.FMUImport.fire(FMUImport.java:675)
	at ptolemy.actor.sched.FixedPointDirector._fireActor(FixedPointDirector.java:768)
	at ptolemy.actor.sched.FixedPointDirector.fire(FixedPointDirector.java:244)
	at ptolemy.domains.continuous.kernel.ContinuousDirector.fire(ContinuousDirector.java:494)
	at ptolemy.actor.CompositeActor.fire(CompositeActor.java:455)
	at ptolemy.actor.Manager.iterate(Manager.java:851)
	at ptolemy.actor.Manager.execute(Manager.java:369)
	at ptolemy.actor.Manager.run(Manager.java:1263)
	at ptolemy.actor.Manager$PtolemyRunThread.run(Manager.java:1915)
java.lang.reflect.InvocationTargetException
	at sun.reflect.NativeConstructorAccessorImpl.newInstance0(Native Method)
	at sun.reflect.NativeConstructorAccessorImpl.newInstance(NativeConstructorAccessorImpl.java:62)
	at sun.reflect.DelegatingConstructorAccessorImpl.newInstance(DelegatingConstructorAccessorImpl.java:45)
	at java.lang.reflect.Constructor.newInstance(Constructor.java:423)
	at ptolemy.util.test.junit.AutoKnownFailedTests.RunModel(AutoKnownFailedTests.java:107)
	at sun.reflect.NativeMethodAccessorImpl.invoke0(Native Method)
	at sun.reflect.NativeMethodAccessorImpl.invoke(NativeMethodAccessorImpl.java:62)
	at sun.reflect.DelegatingMethodAccessorImpl.invoke(DelegatingMethodAccessorImpl.java:43)
	at java.lang.reflect.Method.invoke(Method.java:498)
	at org.junit.runners.model.FrameworkMethod$1.runReflectiveCall(FrameworkMethod.java:44)
	at org.junit.internal.runners.model.ReflectiveCallable.run(ReflectiveCallable.java:15)
	at org.junit.runners.model.FrameworkMethod.invokeExplosively(FrameworkMethod.java:41)
	at junitparams.internal.InvokeParameterisedMethod.evaluate(InvokeParameterisedMethod.java:102)
	at org.junit.internal.runners.statements.FailOnTimeout$1.run(FailOnTimeout.java:28)
Caused by: ptolemy.kernel.util.IllegalActionException: Could not simulate, inc20_fmiDoStep(Component, /* time */ 0.0, /* stepSize */0.0, /* newStep */ 1) returned fmiError
  in .FMUInc20.inc20
	at ptolemy.actor.lib.fmi.FMUImport._fmiDoStep(FMUImport.java:2739)
	at ptolemy.actor.lib.fmi.FMUImport.fire(FMUImport.java:675)
	at ptolemy.actor.sched.FixedPointDirector._fireActor(FixedPointDirector.java:768)
	at ptolemy.actor.sched.FixedPointDirector.fire(FixedPointDirector.java:244)
	at ptolemy.domains.continuous.kernel.ContinuousDirector.fire(ContinuousDirector.java:494)
	at ptolemy.actor.CompositeActor.fire(CompositeActor.java:455)
	at ptolemy.actor.Manager.iterate(Manager.java:851)
	at ptolemy.actor.Manager.execute(Manager.java:369)
	at ptolemy.actor.Manager.run(Manager.java:1263)
	at ptolemy.actor.Manager$PtolemyRunThread.run(Manager.java:1915)
]]></system-err>
</testsuite>
