<?xml version="1.0" encoding="UTF-8" ?>
<testsuite errors="0" failures="0" hostname="travis-job-eb6b75f3-5088-4196-9eb4-3c406b4f194e" name="ptolemy.domains.sdf.test.junit.JUnitTclTest" skipped="0" tests="66" time="20.139" timestamp="2018-06-13T02:26:47">
  <properties>
[...]
</properties>
  <testcase classname="ptolemy.util.test.junit.TclTests" name="[0] /home/travis/build/icyphy/ptII/ptolemy/domains/sdf/test/SDFSchedulerErrors.tcl (RunTclFile)" time="0.712" />
  <testcase classname="ptolemy.util.test.junit.TclTests" name="[1] /home/travis/build/icyphy/ptII/ptolemy/domains/sdf/test/composition.tcl (RunTclFile)" time="0.176" />
  <testcase classname="ptolemy.util.test.junit.TclTests" name="[2] /home/travis/build/icyphy/ptII/ptolemy/domains/sdf/test/cycle.tcl (RunTclFile)" time="0.042" />
  <testcase classname="ptolemy.util.test.junit.AutoKnownFailedTests" name="[0] ThereAreNoKnowFailedTests (RunModel)" time="0.006" />
  <testcase classname="ptolemy.util.test.junit.AutoNameArchTests" name="[0] ThereAreNoAutoArchTests (RunModel)" time="0.011" />
  <testcase classname="ptolemy.util.test.junit.AutoTests" name="[0] /home/travis/build/icyphy/ptII/ptolemy/domains/sdf/test/auto/Array.xml (RunModel)" time="0.155" />
  <testcase classname="ptolemy.util.test.junit.AutoTests" name="[1] /home/travis/build/icyphy/ptII/ptolemy/domains/sdf/test/auto/Butterfly.xml (RunModel)" time="0.15" />
  <testcase classname="ptolemy.util.test.junit.AutoTests" name="[2] /home/travis/build/icyphy/ptII/ptolemy/domains/sdf/test/auto/Expression.xml (RunModel)" time="0.052" />
  <testcase classname="ptolemy.util.test.junit.AutoTests" name="[3] /home/travis/build/icyphy/ptII/ptolemy/domains/sdf/test/auto/Eye.xml (RunModel)" time="0.347" />
  <testcase classname="ptolemy.util.test.junit.AutoTests" name="[4] /home/travis/build/icyphy/ptII/ptolemy/domains/sdf/test/auto/FixFIR.xml (RunModel)" time="0.366" />
  <testcase classname="ptolemy.util.test.junit.AutoTests" name="[5] /home/travis/build/icyphy/ptII/ptolemy/domains/sdf/test/auto/FixPoint.xml (RunModel)" time="0.048" />
  <testcase classname="ptolemy.util.test.junit.AutoTests" name="[6] /home/travis/build/icyphy/ptII/ptolemy/domains/sdf/test/auto/Gravitation.xml (RunModel)" time="3.275" />
  <testcase classname="ptolemy.util.test.junit.AutoTests" name="[7] /home/travis/build/icyphy/ptII/ptolemy/domains/sdf/test/auto/GravitationWithCollisionDetection.xml (RunModel)" time="6.412" />
  <testcase classname="ptolemy.util.test.junit.AutoTests" name="[8] /home/travis/build/icyphy/ptII/ptolemy/domains/sdf/test/auto/HDF.xml (RunModel)" time="0.129" />
  <testcase classname="ptolemy.util.test.junit.AutoTests" name="[9] /home/travis/build/icyphy/ptII/ptolemy/domains/sdf/test/auto/HDFwithTransientStates.xml (RunModel)" time="0.114" />
  <testcase classname="ptolemy.util.test.junit.AutoTests" name="[10] /home/travis/build/icyphy/ptII/ptolemy/domains/sdf/test/auto/HTVQ.xml (RunModel)" time="0.857" />
  <testcase classname="ptolemy.util.test.junit.AutoTests" name="[11] /home/travis/build/icyphy/ptII/ptolemy/domains/sdf/test/auto/InferInitProduction.xml (RunModel)" time="0.031" />
  <testcase classname="ptolemy.util.test.junit.AutoTests" name="[12] /home/travis/build/icyphy/ptII/ptolemy/domains/sdf/test/auto/InferInitProductionDeeper.xml (RunModel)" time="0.032" />
  <testcase classname="ptolemy.util.test.junit.AutoTests" name="[13] /home/travis/build/icyphy/ptII/ptolemy/domains/sdf/test/auto/LMSAdaptive.xml (RunModel)" time="0.092" />
  <testcase classname="ptolemy.util.test.junit.AutoTests" name="[14] /home/travis/build/icyphy/ptII/ptolemy/domains/sdf/test/auto/LogisticMap.xml (RunModel)" time="0.477" />
  <testcase classname="ptolemy.util.test.junit.AutoTests" name="[15] /home/travis/build/icyphy/ptII/ptolemy/domains/sdf/test/auto/MaximumEntropySpectrum.xml (RunModel)" time="0.268" />
  <testcase classname="ptolemy.util.test.junit.AutoTests" name="[16] /home/travis/build/icyphy/ptII/ptolemy/domains/sdf/test/auto/MultirateSDF.xml (RunModel)" time="0.076" />
  <testcase classname="ptolemy.util.test.junit.AutoTests" name="[17] /home/travis/build/icyphy/ptII/ptolemy/domains/sdf/test/auto/MultirateSDFwithTransientStates.xml (RunModel)" time="0.083" />
  <testcase classname="ptolemy.util.test.junit.AutoTests" name="[18] /home/travis/build/icyphy/ptII/ptolemy/domains/sdf/test/auto/NoisySinewave.xml (RunModel)" time="0.062" />
  <testcase classname="ptolemy.util.test.junit.AutoTests" name="[19] /home/travis/build/icyphy/ptII/ptolemy/domains/sdf/test/auto/Objects.xml (RunModel)" time="0.067" />
  <testcase classname="ptolemy.util.test.junit.AutoTests" name="[20] /home/travis/build/icyphy/ptII/ptolemy/domains/sdf/test/auto/OrthogonalCom.xml (RunModel)" time="0.046" />
  <testcase classname="ptolemy.util.test.junit.AutoTests" name="[21] /home/travis/build/icyphy/ptII/ptolemy/domains/sdf/test/auto/RijndaelEncryption.xml (RunModel)" time="0.51" />
  <testcase classname="ptolemy.util.test.junit.AutoTests" name="[22] /home/travis/build/icyphy/ptII/ptolemy/domains/sdf/test/auto/SDFEmptyIterations.xml (RunModel)" time="0.033" />
  <testcase classname="ptolemy.util.test.junit.AutoTests" name="[23] /home/travis/build/icyphy/ptII/ptolemy/domains/sdf/test/auto/Spectrum.xml (RunModel)" time="0.082" />
  <testcase classname="ptolemy.util.test.junit.AutoTests" name="[24] /home/travis/build/icyphy/ptII/ptolemy/domains/sdf/test/auto/de_inside_sdf.xml (RunModel)" time="0.029" />
  <testcase classname="ptolemy.util.test.junit.AutoTests" name="[25] /home/travis/build/icyphy/ptII/ptolemy/domains/sdf/test/auto/disconnectedHierarchicalSDF.xml (RunModel)" time="0.021" />
  <testcase classname="ptolemy.util.test.junit.AutoTests" name="[26] /home/travis/build/icyphy/ptII/ptolemy/domains/sdf/test/auto/disconnectedSDF.xml (RunModel)" time="0.02" />
  <testcase classname="ptolemy.util.test.junit.AutoTests" name="[27] /home/travis/build/icyphy/ptII/ptolemy/domains/sdf/test/auto/emptyRefinement.xml (RunModel)" time="0.029" />
  <testcase classname="ptolemy.util.test.junit.AutoTests" name="[28] /home/travis/build/icyphy/ptII/ptolemy/domains/sdf/test/auto/filePortParameter.xml (RunModel)" time="0.052" />
  <testcase classname="ptolemy.util.test.junit.AutoTests" name="[29] /home/travis/build/icyphy/ptII/ptolemy/domains/sdf/test/auto/inferRelationWidth1.xml (RunModel)" time="0.022" />
  <testcase classname="ptolemy.util.test.junit.AutoTests" name="[30] /home/travis/build/icyphy/ptII/ptolemy/domains/sdf/test/auto/initProductionInference.xml (RunModel)" time="0.023" />
  <testcase classname="ptolemy.util.test.junit.AutoTests" name="[31] /home/travis/build/icyphy/ptII/ptolemy/domains/sdf/test/auto/relationGroup.xml (RunModel)" time="0.012" />
  <testcase classname="ptolemy.util.test.junit.AutoTests" name="[32] /home/travis/build/icyphy/ptII/ptolemy/domains/sdf/test/auto/relationGroup10.xml (RunModel)" time="0.021" />
  <testcase classname="ptolemy.util.test.junit.AutoTests" name="[33] /home/travis/build/icyphy/ptII/ptolemy/domains/sdf/test/auto/relationGroup11.xml (RunModel)" time="0.016" />
  <testcase classname="ptolemy.util.test.junit.AutoTests" name="[34] /home/travis/build/icyphy/ptII/ptolemy/domains/sdf/test/auto/relationGroup12.xml (RunModel)" time="0.017" />
  <testcase classname="ptolemy.util.test.junit.AutoTests" name="[35] /home/travis/build/icyphy/ptII/ptolemy/domains/sdf/test/auto/relationGroup13.xml (RunModel)" time="0.021" />
  <testcase classname="ptolemy.util.test.junit.AutoTests" name="[36] /home/travis/build/icyphy/ptII/ptolemy/domains/sdf/test/auto/relationGroup14.xml (RunModel)" time="0.019" />
  <testcase classname="ptolemy.util.test.junit.AutoTests" name="[37] /home/travis/build/icyphy/ptII/ptolemy/domains/sdf/test/auto/relationGroup15.xml (RunModel)" time="0.02" />
  <testcase classname="ptolemy.util.test.junit.AutoTests" name="[38] /home/travis/build/icyphy/ptII/ptolemy/domains/sdf/test/auto/relationGroup2.xml (RunModel)" time="0.031" />
  <testcase classname="ptolemy.util.test.junit.AutoTests" name="[39] /home/travis/build/icyphy/ptII/ptolemy/domains/sdf/test/auto/relationGroup3.xml (RunModel)" time="0.015" />
  <testcase classname="ptolemy.util.test.junit.AutoTests" name="[40] /home/travis/build/icyphy/ptII/ptolemy/domains/sdf/test/auto/relationGroup4.xml (RunModel)" time="0.02" />
  <testcase classname="ptolemy.util.test.junit.AutoTests" name="[41] /home/travis/build/icyphy/ptII/ptolemy/domains/sdf/test/auto/relationGroup5.xml (RunModel)" time="0.02" />
  <testcase classname="ptolemy.util.test.junit.AutoTests" name="[42] /home/travis/build/icyphy/ptII/ptolemy/domains/sdf/test/auto/relationGroup6.xml (RunModel)" time="0.035" />
  <testcase classname="ptolemy.util.test.junit.AutoTests" name="[43] /home/travis/build/icyphy/ptII/ptolemy/domains/sdf/test/auto/relationGroup7.xml (RunModel)" time="0.014" />
  <testcase classname="ptolemy.util.test.junit.AutoTests" name="[44] /home/travis/build/icyphy/ptII/ptolemy/domains/sdf/test/auto/relationGroup8.xml (RunModel)" time="0.017" />
  <testcase classname="ptolemy.util.test.junit.AutoTests" name="[45] /home/travis/build/icyphy/ptII/ptolemy/domains/sdf/test/auto/relationGroup9.xml (RunModel)" time="0.019" />
  <testcase classname="ptolemy.util.test.junit.AutoTests" name="[46] /home/travis/build/icyphy/ptII/ptolemy/domains/sdf/test/auto/sdf_inside_de.xml (RunModel)" time="0.06" />
  <testcase classname="ptolemy.util.test.junit.AutoTests" name="[47] /home/travis/build/icyphy/ptII/ptolemy/domains/sdf/test/auto/sdf_inside_pn.xml (RunModel)" time="0.064" />
  <testcase classname="ptolemy.util.test.junit.AutoTests" name="[48] /home/travis/build/icyphy/ptII/ptolemy/domains/sdf/test/auto/sdf_sdf1.xml (RunModel)" time="0.023" />
  <testcase classname="ptolemy.util.test.junit.AutoTests" name="[49] /home/travis/build/icyphy/ptII/ptolemy/domains/sdf/test/auto/test1.xml (RunModel)" time="0.018" />
  <testcase classname="ptolemy.util.test.junit.AutoTests" name="[50] /home/travis/build/icyphy/ptII/ptolemy/domains/sdf/test/auto/time1.xml (RunModel)" time="0.01" />
  <testcase classname="ptolemy.util.test.junit.AutoTests" name="[51] /home/travis/build/icyphy/ptII/ptolemy/domains/sdf/test/auto/time2.xml (RunModel)" time="0.012" />
  <testcase classname="ptolemy.util.test.junit.AutoTests" name="[52] /home/travis/build/icyphy/ptII/ptolemy/domains/sdf/test/auto/time3.xml (RunModel)" time="0.023" />
  <testcase classname="ptolemy.util.test.junit.AutoTests" name="[53] /home/travis/build/icyphy/ptII/ptolemy/domains/sdf/test/auto/time4.xml (RunModel)" time="0.02" />
  <testcase classname="ptolemy.util.test.junit.AutoTests" name="[54] /home/travis/build/icyphy/ptII/ptolemy/domains/sdf/test/auto/time5.xml (RunModel)" time="4.01" />
  <testcase classname="ptolemy.util.test.junit.AutoTests" name="[55] /home/travis/build/icyphy/ptII/ptolemy/domains/sdf/test/auto/typeSystem_Const_Integer_smallest_Type.xml (RunModel)" time="0.031" />
  <testcase classname="ptolemy.util.test.junit.AutoTests" name="[56] /home/travis/build/icyphy/ptII/ptolemy/domains/sdf/test/auto/typeSystem_declared_Inports_OutportTypeException.xml (RunModel)" time="0.02" />
  <testcase classname="ptolemy.util.test.junit.AutoTests" name="[57] /home/travis/build/icyphy/ptII/ptolemy/domains/sdf/test/auto/typeSystem_oneDeclaredInportType_wrongTypeOutport.xml (RunModel)" time="0.018" />
  <testcase classname="ptolemy.util.test.junit.AutoTests" name="[58] /home/travis/build/icyphy/ptII/ptolemy/domains/sdf/test/auto/width.xml (RunModel)" time="0.012" />
  <testcase classname="ptolemy.util.test.junit.AutoTests" name="[59] /home/travis/build/icyphy/ptII/ptolemy/domains/sdf/test/auto/width2.xml (RunModel)" time="0.038" />
  <testcase classname="ptolemy.util.test.junit.AutoTests" name="[60] /home/travis/build/icyphy/ptII/ptolemy/domains/sdf/test/auto/width3.xml (RunModel)" time="0.038" />
  <system-out><![CDATA[/home/travis/build/icyphy/ptII/ptolemy/domains/sdf/test/SDFSchedulerErrors.tcl
testDefs.tcl: setting time out to 9000 seconds at Wed Jun 13 02:26:47 UTC 2018
28 ms. Memory: 116224K Free: 106890K (92%)
5 ms. Memory: 116224K Free: 99858K (86%)
11 ms. Memory: 116224K Free: 92834K (80%)
7 ms. Memory: 116224K Free: 89773K (77%)
/home/travis/build/icyphy/ptII/ptolemy/domains/sdf/test/composition.tcl
57 ms. Memory: 116224K Free: 86173K (74%)
6 ms. Memory: 116224K Free: 83792K (72%)
/home/travis/build/icyphy/ptII/ptolemy/domains/sdf/test/cycle.tcl
.Toplevel.Director Preinitializing ...
Invoking preinitialize():  .Toplevel.Actor1
Invoking preinitialize():  .Toplevel.Actor2
Invoking preinitialize():  .Toplevel.Delay
.Toplevel.Director Finished preinitialize().
### Schedule:
Execute Schedule{
Fire Actor ptolemy.domains.sdf.kernel.test.SDFTestDelay {.Toplevel.Actor1}
Fire Actor ptolemy.domains.sdf.kernel.test.SDFTestDelay {.Toplevel.Actor2}
Fire Actor ptolemy.domains.sdf.lib.SampleDelay {.Toplevel.Delay}
}
### End schedule
Called initialize().
Invoking initialize():  .Toplevel.Actor1
Initializing actor: .Toplevel.Actor1.
Invoking initialize():  .Toplevel.Actor2
Initializing actor: .Toplevel.Actor2.
Invoking initialize():  .Toplevel.Delay
Initializing actor: .Toplevel.Delay.
Director: Called prefire().
-- Setting current time to 0.0
Director prefire returns true.
The actor .Toplevel.Actor1 will be iterated.
The actor .Toplevel.Actor1 was iterated.
The actor .Toplevel.Actor2 will be iterated.
The actor .Toplevel.Actor2 was iterated.
The actor .Toplevel.Delay will be iterated.
The actor .Toplevel.Delay was iterated.
Director: Called postfire().
Postfire returns: true
Director: Called prefire().
-- Setting current time to 0.0
Director prefire returns true.
The actor .Toplevel.Actor1 will be iterated.
The actor .Toplevel.Actor1 was iterated.
The actor .Toplevel.Actor2 will be iterated.
The actor .Toplevel.Actor2 was iterated.
The actor .Toplevel.Delay will be iterated.
The actor .Toplevel.Delay was iterated.
Director: Called postfire().
Postfire returns: true
Director: Called prefire().
-- Setting current time to 0.0
Director prefire returns true.
The actor .Toplevel.Actor1 will be iterated.
The actor .Toplevel.Actor1 was iterated.
The actor .Toplevel.Actor2 will be iterated.
The actor .Toplevel.Actor2 was iterated.
The actor .Toplevel.Delay will be iterated.
The actor .Toplevel.Delay was iterated.
Director: Called postfire().
Postfire returns: true
Director: Called prefire().
-- Setting current time to 0.0
Director prefire returns true.
The actor .Toplevel.Actor1 will be iterated.
The actor .Toplevel.Actor1 was iterated.
The actor .Toplevel.Actor2 will be iterated.
The actor .Toplevel.Actor2 was iterated.
The actor .Toplevel.Delay will be iterated.
The actor .Toplevel.Delay was iterated.
Director: Called postfire().
Postfire returns: true
Director: Called prefire().
-- Setting current time to 0.0
Director prefire returns true.
The actor .Toplevel.Actor1 will be iterated.
The actor .Toplevel.Actor1 was iterated.
The actor .Toplevel.Actor2 will be iterated.
The actor .Toplevel.Actor2 was iterated.
The actor .Toplevel.Delay will be iterated.
The actor .Toplevel.Delay was iterated.
Director: Called postfire().
Postfire returns: true
Director: Called prefire().
-- Setting current time to 0.0
Director prefire returns true.
The actor .Toplevel.Actor1 will be iterated.
The actor .Toplevel.Actor1 was iterated.
The actor .Toplevel.Actor2 will be iterated.
The actor .Toplevel.Actor2 was iterated.
The actor .Toplevel.Delay will be iterated.
The actor .Toplevel.Delay was iterated.
Reached specified number of iterations: 6
Director: Called wrapup().
15 ms. Memory: 116224K Free: 82005K (71%)
06/13/18 02:26:48
Failed: 0  Total Tests: 8  ((Passed: 8, Newly Passed: 0)  Known Failed: 0) /home/travis/build/icyphy/ptII/ptolemy/domains/sdf/test
No auto/knownFailedTests/*.xml tests in /home/travis/build/icyphy/ptII/ptolemy/domains/sdf/test
No auto/linux-amd64/*.xml tests in /home/travis/build/icyphy/ptII/ptolemy/domains/sdf/test
AutoTests.java: About to close Vertx.
AutoTests.java: Vertx closed.

===========================================================================================
----------------- testing Wed Jun 13 02:26:48 UTC 2018 /home/travis/build/icyphy/ptII/ptolemy/domains/sdf/test/auto/Array.xml
----------------- Instantiating /home/travis/build/icyphy/ptII/ptolemy/domains/sdf/test/auto/Array.xml
28 ms. Memory: 146944K Free: 102221K (70%)
----------------- Invoking toplevel() on ptolemy.moml.MoMLSimpleApplication@1f7fa69f
----------------- Done invoking toplevel() on ptolemy.moml.MoMLSimpleApplication@1f7fa69f
reloadAllAccessors: .Array

===========================================================================================
----------------- testing Wed Jun 13 02:26:49 UTC 2018 /home/travis/build/icyphy/ptII/ptolemy/domains/sdf/test/auto/Butterfly.xml
----------------- Instantiating /home/travis/build/icyphy/ptII/ptolemy/domains/sdf/test/auto/Butterfly.xml
88 ms. Memory: 146944K Free: 96659K (66%)
----------------- Invoking toplevel() on ptolemy.moml.MoMLSimpleApplication@3ad580fc
----------------- Done invoking toplevel() on ptolemy.moml.MoMLSimpleApplication@3ad580fc
reloadAllAccessors: .Butterfly

===========================================================================================
----------------- testing Wed Jun 13 02:26:49 UTC 2018 /home/travis/build/icyphy/ptII/ptolemy/domains/sdf/test/auto/Expression.xml
----------------- Instantiating /home/travis/build/icyphy/ptII/ptolemy/domains/sdf/test/auto/Expression.xml
32 ms. Memory: 146944K Free: 91065K (62%)
----------------- Invoking toplevel() on ptolemy.moml.MoMLSimpleApplication@207dcf2e
----------------- Done invoking toplevel() on ptolemy.moml.MoMLSimpleApplication@207dcf2e
reloadAllAccessors: .Expression

===========================================================================================
----------------- testing Wed Jun 13 02:26:49 UTC 2018 /home/travis/build/icyphy/ptII/ptolemy/domains/sdf/test/auto/Eye.xml
----------------- Instantiating /home/travis/build/icyphy/ptII/ptolemy/domains/sdf/test/auto/Eye.xml
255 ms. Memory: 146944K Free: 120747K (82%)
----------------- Invoking toplevel() on ptolemy.moml.MoMLSimpleApplication@fb46f21
----------------- Done invoking toplevel() on ptolemy.moml.MoMLSimpleApplication@fb46f21
reloadAllAccessors: .Eye

===========================================================================================
----------------- testing Wed Jun 13 02:26:49 UTC 2018 /home/travis/build/icyphy/ptII/ptolemy/domains/sdf/test/auto/FixFIR.xml
----------------- Instantiating /home/travis/build/icyphy/ptII/ptolemy/domains/sdf/test/auto/FixFIR.xml
164 ms. Memory: 146944K Free: 82215K (56%)
----------------- Invoking toplevel() on ptolemy.moml.MoMLSimpleApplication@4e77bee3
----------------- Done invoking toplevel() on ptolemy.moml.MoMLSimpleApplication@4e77bee3
reloadAllAccessors: .FixFIR

===========================================================================================
----------------- testing Wed Jun 13 02:26:49 UTC 2018 /home/travis/build/icyphy/ptII/ptolemy/domains/sdf/test/auto/FixPoint.xml
----------------- Instantiating /home/travis/build/icyphy/ptII/ptolemy/domains/sdf/test/auto/FixPoint.xml
28 ms. Memory: 208384K Free: 200985K (96%)
----------------- Invoking toplevel() on ptolemy.moml.MoMLSimpleApplication@5601dec8
----------------- Done invoking toplevel() on ptolemy.moml.MoMLSimpleApplication@5601dec8
reloadAllAccessors: .FixPoint

===========================================================================================
----------------- testing Wed Jun 13 02:26:50 UTC 2018 /home/travis/build/icyphy/ptII/ptolemy/domains/sdf/test/auto/Gravitation.xml
----------------- Instantiating /home/travis/build/icyphy/ptII/ptolemy/domains/sdf/test/auto/Gravitation.xml
3160 ms. Memory: 208384K Free: 107859K (52%)
----------------- Invoking toplevel() on ptolemy.moml.MoMLSimpleApplication@245e407c
----------------- Done invoking toplevel() on ptolemy.moml.MoMLSimpleApplication@245e407c
reloadAllAccessors: .Gravitation

===========================================================================================
----------------- testing Wed Jun 13 02:26:53 UTC 2018 /home/travis/build/icyphy/ptII/ptolemy/domains/sdf/test/auto/GravitationWithCollisionDetection.xml
----------------- Instantiating /home/travis/build/icyphy/ptII/ptolemy/domains/sdf/test/auto/GravitationWithCollisionDetection.xml
6159 ms. Memory: 873984K Free: 330854K (38%)
----------------- Invoking toplevel() on ptolemy.moml.MoMLSimpleApplication@43ceec51
----------------- Done invoking toplevel() on ptolemy.moml.MoMLSimpleApplication@43ceec51
reloadAllAccessors: .GravitationWithCollisionDetection

===========================================================================================
----------------- testing Wed Jun 13 02:26:59 UTC 2018 /home/travis/build/icyphy/ptII/ptolemy/domains/sdf/test/auto/HDF.xml
----------------- Instantiating /home/travis/build/icyphy/ptII/ptolemy/domains/sdf/test/auto/HDF.xml
50 ms. Memory: 873984K Free: 300225K (34%)
----------------- Invoking toplevel() on ptolemy.moml.MoMLSimpleApplication@4ec116da
----------------- Done invoking toplevel() on ptolemy.moml.MoMLSimpleApplication@4ec116da
reloadAllAccessors: .HDF

===========================================================================================
----------------- testing Wed Jun 13 02:26:59 UTC 2018 /home/travis/build/icyphy/ptII/ptolemy/domains/sdf/test/auto/HDFwithTransientStates.xml
----------------- Instantiating /home/travis/build/icyphy/ptII/ptolemy/domains/sdf/test/auto/HDFwithTransientStates.xml
34 ms. Memory: 873984K Free: 276647K (32%)
----------------- Invoking toplevel() on ptolemy.moml.MoMLSimpleApplication@6e94e93d
----------------- Done invoking toplevel() on ptolemy.moml.MoMLSimpleApplication@6e94e93d
reloadAllAccessors: .HDFwithTransientStates

===========================================================================================
----------------- testing Wed Jun 13 02:26:59 UTC 2018 /home/travis/build/icyphy/ptII/ptolemy/domains/sdf/test/auto/HTVQ.xml
----------------- Instantiating /home/travis/build/icyphy/ptII/ptolemy/domains/sdf/test/auto/HTVQ.xml
807 ms. Memory: 873984K Free: 103644K (12%)
----------------- Invoking toplevel() on ptolemy.moml.MoMLSimpleApplication@5b69a260
----------------- Done invoking toplevel() on ptolemy.moml.MoMLSimpleApplication@5b69a260
reloadAllAccessors: .HTVQ

===========================================================================================
----------------- testing Wed Jun 13 02:27:00 UTC 2018 /home/travis/build/icyphy/ptII/ptolemy/domains/sdf/test/auto/InferInitProduction.xml
----------------- Instantiating /home/travis/build/icyphy/ptII/ptolemy/domains/sdf/test/auto/InferInitProduction.xml
9 ms. Memory: 873984K Free: 87926K (10%)
----------------- Invoking toplevel() on ptolemy.moml.MoMLSimpleApplication@13817701
----------------- Done invoking toplevel() on ptolemy.moml.MoMLSimpleApplication@13817701
reloadAllAccessors: .InferInitProduction

===========================================================================================
----------------- testing Wed Jun 13 02:27:00 UTC 2018 /home/travis/build/icyphy/ptII/ptolemy/domains/sdf/test/auto/InferInitProductionDeeper.xml
----------------- Instantiating /home/travis/build/icyphy/ptII/ptolemy/domains/sdf/test/auto/InferInitProductionDeeper.xml
4 ms. Memory: 873984K Free: 77059K (9%)
----------------- Invoking toplevel() on ptolemy.moml.MoMLSimpleApplication@2383a822
----------------- Done invoking toplevel() on ptolemy.moml.MoMLSimpleApplication@2383a822
reloadAllAccessors: .InferInitProductionDeeper

===========================================================================================
----------------- testing Wed Jun 13 02:27:00 UTC 2018 /home/travis/build/icyphy/ptII/ptolemy/domains/sdf/test/auto/LMSAdaptive.xml
----------------- Instantiating /home/travis/build/icyphy/ptII/ptolemy/domains/sdf/test/auto/LMSAdaptive.xml
16 ms. Memory: 874496K Free: 839702K (96%)
----------------- Invoking toplevel() on ptolemy.moml.MoMLSimpleApplication@3a8fbc12
----------------- Done invoking toplevel() on ptolemy.moml.MoMLSimpleApplication@3a8fbc12
reloadAllAccessors: .LMSAdaptive

===========================================================================================
----------------- testing Wed Jun 13 02:27:00 UTC 2018 /home/travis/build/icyphy/ptII/ptolemy/domains/sdf/test/auto/LogisticMap.xml
----------------- Instantiating /home/travis/build/icyphy/ptII/ptolemy/domains/sdf/test/auto/LogisticMap.xml
442 ms. Memory: 874496K Free: 821726K (94%)
----------------- Invoking toplevel() on ptolemy.moml.MoMLSimpleApplication@59e182f
----------------- Done invoking toplevel() on ptolemy.moml.MoMLSimpleApplication@59e182f
reloadAllAccessors: .LogisticMap

===========================================================================================
----------------- testing Wed Jun 13 02:27:01 UTC 2018 /home/travis/build/icyphy/ptII/ptolemy/domains/sdf/test/auto/MaximumEntropySpectrum.xml
----------------- Instantiating /home/travis/build/icyphy/ptII/ptolemy/domains/sdf/test/auto/MaximumEntropySpectrum.xml
75 ms. Memory: 874496K Free: 743046K (85%)
----------------- Invoking toplevel() on ptolemy.moml.MoMLSimpleApplication@37835395
----------------- Done invoking toplevel() on ptolemy.moml.MoMLSimpleApplication@37835395
reloadAllAccessors: .MaximumEntropySpectrum

===========================================================================================
----------------- testing Wed Jun 13 02:27:01 UTC 2018 /home/travis/build/icyphy/ptII/ptolemy/domains/sdf/test/auto/MultirateSDF.xml
----------------- Instantiating /home/travis/build/icyphy/ptII/ptolemy/domains/sdf/test/auto/MultirateSDF.xml
20 ms. Memory: 874496K Free: 719460K (82%)
----------------- Invoking toplevel() on ptolemy.moml.MoMLSimpleApplication@1b093f9b
----------------- Done invoking toplevel() on ptolemy.moml.MoMLSimpleApplication@1b093f9b
reloadAllAccessors: .MultirateSDF

===========================================================================================
----------------- testing Wed Jun 13 02:27:01 UTC 2018 /home/travis/build/icyphy/ptII/ptolemy/domains/sdf/test/auto/MultirateSDFwithTransientStates.xml
----------------- Instantiating /home/travis/build/icyphy/ptII/ptolemy/domains/sdf/test/auto/MultirateSDFwithTransientStates.xml
18 ms. Memory: 874496K Free: 695867K (80%)
----------------- Invoking toplevel() on ptolemy.moml.MoMLSimpleApplication@6790eafb
----------------- Done invoking toplevel() on ptolemy.moml.MoMLSimpleApplication@6790eafb
reloadAllAccessors: .MultirateSDFwithTransientStates

===========================================================================================
----------------- testing Wed Jun 13 02:27:01 UTC 2018 /home/travis/build/icyphy/ptII/ptolemy/domains/sdf/test/auto/NoisySinewave.xml
----------------- Instantiating /home/travis/build/icyphy/ptII/ptolemy/domains/sdf/test/auto/NoisySinewave.xml
14 ms. Memory: 874496K Free: 672273K (77%)
----------------- Invoking toplevel() on ptolemy.moml.MoMLSimpleApplication@42c80145
----------------- Done invoking toplevel() on ptolemy.moml.MoMLSimpleApplication@42c80145
reloadAllAccessors: .NoisySinewave

===========================================================================================
----------------- testing Wed Jun 13 02:27:01 UTC 2018 /home/travis/build/icyphy/ptII/ptolemy/domains/sdf/test/auto/Objects.xml
----------------- Instantiating /home/travis/build/icyphy/ptII/ptolemy/domains/sdf/test/auto/Objects.xml
4 ms. Memory: 874496K Free: 648679K (74%)
----------------- Invoking toplevel() on ptolemy.moml.MoMLSimpleApplication@6222130a
----------------- Done invoking toplevel() on ptolemy.moml.MoMLSimpleApplication@6222130a
reloadAllAccessors: .Objects

===========================================================================================
----------------- testing Wed Jun 13 02:27:02 UTC 2018 /home/travis/build/icyphy/ptII/ptolemy/domains/sdf/test/auto/OrthogonalCom.xml
----------------- Instantiating /home/travis/build/icyphy/ptII/ptolemy/domains/sdf/test/auto/OrthogonalCom.xml
6 ms. Memory: 874496K Free: 630955K (72%)
----------------- Invoking toplevel() on ptolemy.moml.MoMLSimpleApplication@68858ed5
----------------- Done invoking toplevel() on ptolemy.moml.MoMLSimpleApplication@68858ed5
reloadAllAccessors: .OrthogonalCom

===========================================================================================
----------------- testing Wed Jun 13 02:27:02 UTC 2018 /home/travis/build/icyphy/ptII/ptolemy/domains/sdf/test/auto/RijndaelEncryption.xml
----------------- Instantiating /home/travis/build/icyphy/ptII/ptolemy/domains/sdf/test/auto/RijndaelEncryption.xml
246 ms. Memory: 874496K Free: 465750K (53%)
----------------- Invoking toplevel() on ptolemy.moml.MoMLSimpleApplication@bc504d5
----------------- Done invoking toplevel() on ptolemy.moml.MoMLSimpleApplication@bc504d5
reloadAllAccessors: .RijndaelEncryption

===========================================================================================
----------------- testing Wed Jun 13 02:27:02 UTC 2018 /home/travis/build/icyphy/ptII/ptolemy/domains/sdf/test/auto/SDFEmptyIterations.xml
----------------- Instantiating /home/travis/build/icyphy/ptII/ptolemy/domains/sdf/test/auto/SDFEmptyIterations.xml
5 ms. Memory: 874496K Free: 450032K (51%)
----------------- Invoking toplevel() on ptolemy.moml.MoMLSimpleApplication@107e00a8
----------------- Done invoking toplevel() on ptolemy.moml.MoMLSimpleApplication@107e00a8
reloadAllAccessors: .SDFEmptyIterations

===========================================================================================
----------------- testing Wed Jun 13 02:27:02 UTC 2018 /home/travis/build/icyphy/ptII/ptolemy/domains/sdf/test/auto/Spectrum.xml
----------------- Instantiating /home/travis/build/icyphy/ptII/ptolemy/domains/sdf/test/auto/Spectrum.xml
35 ms. Memory: 874496K Free: 426438K (49%)
----------------- Invoking toplevel() on ptolemy.moml.MoMLSimpleApplication@b8c8de5
----------------- Done invoking toplevel() on ptolemy.moml.MoMLSimpleApplication@b8c8de5
reloadAllAccessors: .Spectrum

===========================================================================================
----------------- testing Wed Jun 13 02:27:02 UTC 2018 /home/travis/build/icyphy/ptII/ptolemy/domains/sdf/test/auto/de_inside_sdf.xml
----------------- Instantiating /home/travis/build/icyphy/ptII/ptolemy/domains/sdf/test/auto/de_inside_sdf.xml
9 ms. Memory: 874496K Free: 410720K (47%)
----------------- Invoking toplevel() on ptolemy.moml.MoMLSimpleApplication@1e6c4f5
----------------- Done invoking toplevel() on ptolemy.moml.MoMLSimpleApplication@1e6c4f5
reloadAllAccessors: .de_inside_sdf

===========================================================================================
----------------- testing Wed Jun 13 02:27:02 UTC 2018 /home/travis/build/icyphy/ptII/ptolemy/domains/sdf/test/auto/disconnectedHierarchicalSDF.xml
----------------- Instantiating /home/travis/build/icyphy/ptII/ptolemy/domains/sdf/test/auto/disconnectedHierarchicalSDF.xml
5 ms. Memory: 874496K Free: 395001K (45%)
----------------- Invoking toplevel() on ptolemy.moml.MoMLSimpleApplication@65a205f8
----------------- Done invoking toplevel() on ptolemy.moml.MoMLSimpleApplication@65a205f8
reloadAllAccessors: .disconnectedHierarchicalSDF

===========================================================================================
----------------- testing Wed Jun 13 02:27:02 UTC 2018 /home/travis/build/icyphy/ptII/ptolemy/domains/sdf/test/auto/disconnectedSDF.xml
----------------- Instantiating /home/travis/build/icyphy/ptII/ptolemy/domains/sdf/test/auto/disconnectedSDF.xml
2 ms. Memory: 874496K Free: 377276K (43%)
----------------- Invoking toplevel() on ptolemy.moml.MoMLSimpleApplication@41467b9
----------------- Done invoking toplevel() on ptolemy.moml.MoMLSimpleApplication@41467b9
reloadAllAccessors: .disconnectedSDF

===========================================================================================
----------------- testing Wed Jun 13 02:27:02 UTC 2018 /home/travis/build/icyphy/ptII/ptolemy/domains/sdf/test/auto/emptyRefinement.xml
----------------- Instantiating /home/travis/build/icyphy/ptII/ptolemy/domains/sdf/test/auto/emptyRefinement.xml
3 ms. Memory: 874496K Free: 361558K (41%)
----------------- Invoking toplevel() on ptolemy.moml.MoMLSimpleApplication@1680d520
----------------- Done invoking toplevel() on ptolemy.moml.MoMLSimpleApplication@1680d520
reloadAllAccessors: .emptyRefinement

===========================================================================================
----------------- testing Wed Jun 13 02:27:02 UTC 2018 /home/travis/build/icyphy/ptII/ptolemy/domains/sdf/test/auto/filePortParameter.xml
----------------- Instantiating /home/travis/build/icyphy/ptII/ptolemy/domains/sdf/test/auto/filePortParameter.xml
16 ms. Memory: 874496K Free: 345839K (40%)
----------------- Invoking toplevel() on ptolemy.moml.MoMLSimpleApplication@597cc5fb
----------------- Done invoking toplevel() on ptolemy.moml.MoMLSimpleApplication@597cc5fb
reloadAllAccessors: .filePortParameter

===========================================================================================
----------------- testing Wed Jun 13 02:27:02 UTC 2018 /home/travis/build/icyphy/ptII/ptolemy/domains/sdf/test/auto/inferRelationWidth1.xml
----------------- Instantiating /home/travis/build/icyphy/ptII/ptolemy/domains/sdf/test/auto/inferRelationWidth1.xml
2 ms. Memory: 874496K Free: 330121K (38%)
----------------- Invoking toplevel() on ptolemy.moml.MoMLSimpleApplication@5c6895cc
----------------- Done invoking toplevel() on ptolemy.moml.MoMLSimpleApplication@5c6895cc
reloadAllAccessors: .inferRelationWidth1

===========================================================================================
----------------- testing Wed Jun 13 02:27:02 UTC 2018 /home/travis/build/icyphy/ptII/ptolemy/domains/sdf/test/auto/initProductionInference.xml
----------------- Instantiating /home/travis/build/icyphy/ptII/ptolemy/domains/sdf/test/auto/initProductionInference.xml
7 ms. Memory: 874496K Free: 314403K (36%)
----------------- Invoking toplevel() on ptolemy.moml.MoMLSimpleApplication@68eba1de
----------------- Done invoking toplevel() on ptolemy.moml.MoMLSimpleApplication@68eba1de
reloadAllAccessors: .initProductionInference

===========================================================================================
----------------- testing Wed Jun 13 02:27:02 UTC 2018 /home/travis/build/icyphy/ptII/ptolemy/domains/sdf/test/auto/relationGroup.xml
----------------- Instantiating /home/travis/build/icyphy/ptII/ptolemy/domains/sdf/test/auto/relationGroup.xml
2 ms. Memory: 874496K Free: 298684K (34%)
----------------- Invoking toplevel() on ptolemy.moml.MoMLSimpleApplication@763c5e54
----------------- Done invoking toplevel() on ptolemy.moml.MoMLSimpleApplication@763c5e54
reloadAllAccessors: .relationGroup

===========================================================================================
----------------- testing Wed Jun 13 02:27:02 UTC 2018 /home/travis/build/icyphy/ptII/ptolemy/domains/sdf/test/auto/relationGroup10.xml
----------------- Instantiating /home/travis/build/icyphy/ptII/ptolemy/domains/sdf/test/auto/relationGroup10.xml
3 ms. Memory: 874496K Free: 280960K (32%)
----------------- Invoking toplevel() on ptolemy.moml.MoMLSimpleApplication@505fbfb2
----------------- Done invoking toplevel() on ptolemy.moml.MoMLSimpleApplication@505fbfb2
reloadAllAccessors: .relationGroup10

===========================================================================================
----------------- testing Wed Jun 13 02:27:02 UTC 2018 /home/travis/build/icyphy/ptII/ptolemy/domains/sdf/test/auto/relationGroup11.xml
----------------- Instantiating /home/travis/build/icyphy/ptII/ptolemy/domains/sdf/test/auto/relationGroup11.xml
4 ms. Memory: 874496K Free: 265241K (30%)
----------------- Invoking toplevel() on ptolemy.moml.MoMLSimpleApplication@562b170f
----------------- Done invoking toplevel() on ptolemy.moml.MoMLSimpleApplication@562b170f
reloadAllAccessors: .relationGroup11

===========================================================================================
----------------- testing Wed Jun 13 02:27:02 UTC 2018 /home/travis/build/icyphy/ptII/ptolemy/domains/sdf/test/auto/relationGroup12.xml
----------------- Instantiating /home/travis/build/icyphy/ptII/ptolemy/domains/sdf/test/auto/relationGroup12.xml
3 ms. Memory: 874496K Free: 249523K (29%)
----------------- Invoking toplevel() on ptolemy.moml.MoMLSimpleApplication@27072180
----------------- Done invoking toplevel() on ptolemy.moml.MoMLSimpleApplication@27072180
reloadAllAccessors: .relationGroup12

===========================================================================================
----------------- testing Wed Jun 13 02:27:02 UTC 2018 /home/travis/build/icyphy/ptII/ptolemy/domains/sdf/test/auto/relationGroup13.xml
----------------- Instantiating /home/travis/build/icyphy/ptII/ptolemy/domains/sdf/test/auto/relationGroup13.xml
7 ms. Memory: 874496K Free: 233804K (27%)
----------------- Invoking toplevel() on ptolemy.moml.MoMLSimpleApplication@37146af7
----------------- Done invoking toplevel() on ptolemy.moml.MoMLSimpleApplication@37146af7
reloadAllAccessors: .relationGroup13

===========================================================================================
----------------- testing Wed Jun 13 02:27:02 UTC 2018 /home/travis/build/icyphy/ptII/ptolemy/domains/sdf/test/auto/relationGroup14.xml
----------------- Instantiating /home/travis/build/icyphy/ptII/ptolemy/domains/sdf/test/auto/relationGroup14.xml
3 ms. Memory: 874496K Free: 218086K (25%)
----------------- Invoking toplevel() on ptolemy.moml.MoMLSimpleApplication@33a8daee
----------------- Done invoking toplevel() on ptolemy.moml.MoMLSimpleApplication@33a8daee
reloadAllAccessors: .relationGroup14

===========================================================================================
----------------- testing Wed Jun 13 02:27:03 UTC 2018 /home/travis/build/icyphy/ptII/ptolemy/domains/sdf/test/auto/relationGroup15.xml
----------------- Instantiating /home/travis/build/icyphy/ptII/ptolemy/domains/sdf/test/auto/relationGroup15.xml
2 ms. Memory: 874496K Free: 202368K (23%)
----------------- Invoking toplevel() on ptolemy.moml.MoMLSimpleApplication@556a01e9
----------------- Done invoking toplevel() on ptolemy.moml.MoMLSimpleApplication@556a01e9
reloadAllAccessors: .relationGroup15

===========================================================================================
----------------- testing Wed Jun 13 02:27:03 UTC 2018 /home/travis/build/icyphy/ptII/ptolemy/domains/sdf/test/auto/relationGroup2.xml
----------------- Instantiating /home/travis/build/icyphy/ptII/ptolemy/domains/sdf/test/auto/relationGroup2.xml
2 ms. Memory: 874496K Free: 184643K (21%)
----------------- Invoking toplevel() on ptolemy.moml.MoMLSimpleApplication@2020fe35
----------------- Done invoking toplevel() on ptolemy.moml.MoMLSimpleApplication@2020fe35
reloadAllAccessors: .relationGroup2

===========================================================================================
----------------- testing Wed Jun 13 02:27:03 UTC 2018 /home/travis/build/icyphy/ptII/ptolemy/domains/sdf/test/auto/relationGroup3.xml
----------------- Instantiating /home/travis/build/icyphy/ptII/ptolemy/domains/sdf/test/auto/relationGroup3.xml
2 ms. Memory: 874496K Free: 168925K (19%)
----------------- Invoking toplevel() on ptolemy.moml.MoMLSimpleApplication@326f896f
----------------- Done invoking toplevel() on ptolemy.moml.MoMLSimpleApplication@326f896f
reloadAllAccessors: .relationGroup3

===========================================================================================
----------------- testing Wed Jun 13 02:27:03 UTC 2018 /home/travis/build/icyphy/ptII/ptolemy/domains/sdf/test/auto/relationGroup4.xml
----------------- Instantiating /home/travis/build/icyphy/ptII/ptolemy/domains/sdf/test/auto/relationGroup4.xml
5 ms. Memory: 874496K Free: 153206K (18%)
----------------- Invoking toplevel() on ptolemy.moml.MoMLSimpleApplication@3eacf163
----------------- Done invoking toplevel() on ptolemy.moml.MoMLSimpleApplication@3eacf163
reloadAllAccessors: .relationGroup4

===========================================================================================
----------------- testing Wed Jun 13 02:27:03 UTC 2018 /home/travis/build/icyphy/ptII/ptolemy/domains/sdf/test/auto/relationGroup5.xml
----------------- Instantiating /home/travis/build/icyphy/ptII/ptolemy/domains/sdf/test/auto/relationGroup5.xml
5 ms. Memory: 874496K Free: 137488K (16%)
----------------- Invoking toplevel() on ptolemy.moml.MoMLSimpleApplication@7c27ffa7
----------------- Done invoking toplevel() on ptolemy.moml.MoMLSimpleApplication@7c27ffa7
reloadAllAccessors: .relationGroup5

===========================================================================================
----------------- testing Wed Jun 13 02:27:03 UTC 2018 /home/travis/build/icyphy/ptII/ptolemy/domains/sdf/test/auto/relationGroup6.xml
----------------- Instantiating /home/travis/build/icyphy/ptII/ptolemy/domains/sdf/test/auto/relationGroup6.xml
7 ms. Memory: 874496K Free: 121769K (14%)
----------------- Invoking toplevel() on ptolemy.moml.MoMLSimpleApplication@444f2b9c
----------------- Done invoking toplevel() on ptolemy.moml.MoMLSimpleApplication@444f2b9c
reloadAllAccessors: .relationGroup6

===========================================================================================
----------------- testing Wed Jun 13 02:27:03 UTC 2018 /home/travis/build/icyphy/ptII/ptolemy/domains/sdf/test/auto/relationGroup7.xml
----------------- Instantiating /home/travis/build/icyphy/ptII/ptolemy/domains/sdf/test/auto/relationGroup7.xml
2 ms. Memory: 874496K Free: 104045K (12%)
----------------- Invoking toplevel() on ptolemy.moml.MoMLSimpleApplication@7c11af6c
----------------- Done invoking toplevel() on ptolemy.moml.MoMLSimpleApplication@7c11af6c
reloadAllAccessors: .relationGroup7

===========================================================================================
----------------- testing Wed Jun 13 02:27:03 UTC 2018 /home/travis/build/icyphy/ptII/ptolemy/domains/sdf/test/auto/relationGroup8.xml
----------------- Instantiating /home/travis/build/icyphy/ptII/ptolemy/domains/sdf/test/auto/relationGroup8.xml
1 ms. Memory: 874496K Free: 88326K (10%)
----------------- Invoking toplevel() on ptolemy.moml.MoMLSimpleApplication@461a5525
----------------- Done invoking toplevel() on ptolemy.moml.MoMLSimpleApplication@461a5525
reloadAllAccessors: .relationGroup8

===========================================================================================
----------------- testing Wed Jun 13 02:27:03 UTC 2018 /home/travis/build/icyphy/ptII/ptolemy/domains/sdf/test/auto/relationGroup9.xml
----------------- Instantiating /home/travis/build/icyphy/ptII/ptolemy/domains/sdf/test/auto/relationGroup9.xml
3 ms. Memory: 874496K Free: 77375K (9%)
----------------- Invoking toplevel() on ptolemy.moml.MoMLSimpleApplication@50872ee8
----------------- Done invoking toplevel() on ptolemy.moml.MoMLSimpleApplication@50872ee8
reloadAllAccessors: .relationGroup9

===========================================================================================
----------------- testing Wed Jun 13 02:27:03 UTC 2018 /home/travis/build/icyphy/ptII/ptolemy/domains/sdf/test/auto/sdf_inside_de.xml
----------------- Instantiating /home/travis/build/icyphy/ptII/ptolemy/domains/sdf/test/auto/sdf_inside_de.xml
17 ms. Memory: 830464K Free: 796112K (96%)
----------------- Invoking toplevel() on ptolemy.moml.MoMLSimpleApplication@23750558
----------------- Done invoking toplevel() on ptolemy.moml.MoMLSimpleApplication@23750558
reloadAllAccessors: .sdf_inside_de

===========================================================================================
----------------- testing Wed Jun 13 02:27:03 UTC 2018 /home/travis/build/icyphy/ptII/ptolemy/domains/sdf/test/auto/sdf_inside_pn.xml
----------------- Instantiating /home/travis/build/icyphy/ptII/ptolemy/domains/sdf/test/auto/sdf_inside_pn.xml
35 ms. Memory: 830464K Free: 742392K (89%)
----------------- Invoking toplevel() on ptolemy.moml.MoMLSimpleApplication@6fe45f31
----------------- Done invoking toplevel() on ptolemy.moml.MoMLSimpleApplication@6fe45f31
reloadAllAccessors: .sdf_inside_pn

===========================================================================================
----------------- testing Wed Jun 13 02:27:03 UTC 2018 /home/travis/build/icyphy/ptII/ptolemy/domains/sdf/test/auto/sdf_sdf1.xml
----------------- Instantiating /home/travis/build/icyphy/ptII/ptolemy/domains/sdf/test/auto/sdf_sdf1.xml
3 ms. Memory: 830464K Free: 727421K (88%)
----------------- Invoking toplevel() on ptolemy.moml.MoMLSimpleApplication@b7e17ce
----------------- Done invoking toplevel() on ptolemy.moml.MoMLSimpleApplication@b7e17ce
reloadAllAccessors: .sdf_sdf1

===========================================================================================
----------------- testing Wed Jun 13 02:27:03 UTC 2018 /home/travis/build/icyphy/ptII/ptolemy/domains/sdf/test/auto/test1.xml
----------------- Instantiating /home/travis/build/icyphy/ptII/ptolemy/domains/sdf/test/auto/test1.xml
2 ms. Memory: 830464K Free: 712450K (86%)
----------------- Invoking toplevel() on ptolemy.moml.MoMLSimpleApplication@753ca80
----------------- Done invoking toplevel() on ptolemy.moml.MoMLSimpleApplication@753ca80
reloadAllAccessors: .test1

===========================================================================================
----------------- testing Wed Jun 13 02:27:03 UTC 2018 /home/travis/build/icyphy/ptII/ptolemy/domains/sdf/test/auto/time1.xml
----------------- Instantiating /home/travis/build/icyphy/ptII/ptolemy/domains/sdf/test/auto/time1.xml
2 ms. Memory: 830464K Free: 696158K (84%)
----------------- Invoking toplevel() on ptolemy.moml.MoMLSimpleApplication@28cd2bbe
----------------- Done invoking toplevel() on ptolemy.moml.MoMLSimpleApplication@28cd2bbe
reloadAllAccessors: .time1

===========================================================================================
----------------- testing Wed Jun 13 02:27:03 UTC 2018 /home/travis/build/icyphy/ptII/ptolemy/domains/sdf/test/auto/time2.xml
----------------- Instantiating /home/travis/build/icyphy/ptII/ptolemy/domains/sdf/test/auto/time2.xml
3 ms. Memory: 830464K Free: 681187K (82%)
----------------- Invoking toplevel() on ptolemy.moml.MoMLSimpleApplication@3dd0c530
----------------- Done invoking toplevel() on ptolemy.moml.MoMLSimpleApplication@3dd0c530
reloadAllAccessors: .time2

===========================================================================================
----------------- testing Wed Jun 13 02:27:03 UTC 2018 /home/travis/build/icyphy/ptII/ptolemy/domains/sdf/test/auto/time3.xml
----------------- Instantiating /home/travis/build/icyphy/ptII/ptolemy/domains/sdf/test/auto/time3.xml
9 ms. Memory: 830464K Free: 666216K (80%)
----------------- Invoking toplevel() on ptolemy.moml.MoMLSimpleApplication@21a2cc2a
----------------- Done invoking toplevel() on ptolemy.moml.MoMLSimpleApplication@21a2cc2a
reloadAllAccessors: .time3

===========================================================================================
----------------- testing Wed Jun 13 02:27:03 UTC 2018 /home/travis/build/icyphy/ptII/ptolemy/domains/sdf/test/auto/time4.xml
----------------- Instantiating /home/travis/build/icyphy/ptII/ptolemy/domains/sdf/test/auto/time4.xml
5 ms. Memory: 830464K Free: 651245K (78%)
----------------- Invoking toplevel() on ptolemy.moml.MoMLSimpleApplication@3977ce2c
----------------- Done invoking toplevel() on ptolemy.moml.MoMLSimpleApplication@3977ce2c
reloadAllAccessors: .time4

===========================================================================================
----------------- testing Wed Jun 13 02:27:03 UTC 2018 /home/travis/build/icyphy/ptII/ptolemy/domains/sdf/test/auto/time5.xml
----------------- Instantiating /home/travis/build/icyphy/ptII/ptolemy/domains/sdf/test/auto/time5.xml
4001 ms. Memory: 830464K Free: 634953K (76%)
----------------- Invoking toplevel() on ptolemy.moml.MoMLSimpleApplication@429cba68
----------------- Done invoking toplevel() on ptolemy.moml.MoMLSimpleApplication@429cba68
reloadAllAccessors: .time5

===========================================================================================
----------------- testing Wed Jun 13 02:27:07 UTC 2018 /home/travis/build/icyphy/ptII/ptolemy/domains/sdf/test/auto/typeSystem_Const_Integer_smallest_Type.xml
----------------- Instantiating /home/travis/build/icyphy/ptII/ptolemy/domains/sdf/test/auto/typeSystem_Const_Integer_smallest_Type.xml
6 ms. Memory: 830464K Free: 619982K (75%)
----------------- Invoking toplevel() on ptolemy.moml.MoMLSimpleApplication@11907401
----------------- Done invoking toplevel() on ptolemy.moml.MoMLSimpleApplication@11907401
reloadAllAccessors: .typeSystem_Const_Integer_smallest_Type

===========================================================================================
----------------- testing Wed Jun 13 02:27:07 UTC 2018 /home/travis/build/icyphy/ptII/ptolemy/domains/sdf/test/auto/typeSystem_declared_Inports_OutportTypeException.xml
----------------- Instantiating /home/travis/build/icyphy/ptII/ptolemy/domains/sdf/test/auto/typeSystem_declared_Inports_OutportTypeException.xml
.typeSystem_declared_Inports_OutportTypeException.TestExceptionAttribute: initialize() was not invoked, but wrapup() was.  This is unusual, but not always a problem.  For example, exporting JNLP will do this.
2 ms. Memory: 830464K Free: 605011K (73%)
----------------- Invoking toplevel() on ptolemy.moml.MoMLSimpleApplication@6964c674
----------------- Done invoking toplevel() on ptolemy.moml.MoMLSimpleApplication@6964c674
reloadAllAccessors: .typeSystem_declared_Inports_OutportTypeException

===========================================================================================
----------------- testing Wed Jun 13 02:27:07 UTC 2018 /home/travis/build/icyphy/ptII/ptolemy/domains/sdf/test/auto/typeSystem_oneDeclaredInportType_wrongTypeOutport.xml
----------------- Instantiating /home/travis/build/icyphy/ptII/ptolemy/domains/sdf/test/auto/typeSystem_oneDeclaredInportType_wrongTypeOutport.xml
4 ms. Memory: 830464K Free: 588719K (71%)
----------------- Invoking toplevel() on ptolemy.moml.MoMLSimpleApplication@1a3a6824
----------------- Done invoking toplevel() on ptolemy.moml.MoMLSimpleApplication@1a3a6824
reloadAllAccessors: .typeSystem_oneDeclaredInportType_wrongTypeOutport

===========================================================================================
----------------- testing Wed Jun 13 02:27:07 UTC 2018 /home/travis/build/icyphy/ptII/ptolemy/domains/sdf/test/auto/width.xml
----------------- Instantiating /home/travis/build/icyphy/ptII/ptolemy/domains/sdf/test/auto/width.xml
2 ms. Memory: 830464K Free: 573748K (69%)
----------------- Invoking toplevel() on ptolemy.moml.MoMLSimpleApplication@3b4698b0
----------------- Done invoking toplevel() on ptolemy.moml.MoMLSimpleApplication@3b4698b0
reloadAllAccessors: .width

===========================================================================================
----------------- testing Wed Jun 13 02:27:07 UTC 2018 /home/travis/build/icyphy/ptII/ptolemy/domains/sdf/test/auto/width2.xml
----------------- Instantiating /home/travis/build/icyphy/ptII/ptolemy/domains/sdf/test/auto/width2.xml
27 ms. Memory: 830464K Free: 558777K (67%)
----------------- Invoking toplevel() on ptolemy.moml.MoMLSimpleApplication@2576b018
----------------- Done invoking toplevel() on ptolemy.moml.MoMLSimpleApplication@2576b018
reloadAllAccessors: .width2

===========================================================================================
----------------- testing Wed Jun 13 02:27:07 UTC 2018 /home/travis/build/icyphy/ptII/ptolemy/domains/sdf/test/auto/width3.xml
----------------- Instantiating /home/travis/build/icyphy/ptII/ptolemy/domains/sdf/test/auto/width3.xml
26 ms. Memory: 830464K Free: 543806K (65%)
----------------- Invoking toplevel() on ptolemy.moml.MoMLSimpleApplication@6bde2cb3
----------------- Done invoking toplevel() on ptolemy.moml.MoMLSimpleApplication@6bde2cb3
reloadAllAccessors: .width3
AutoTests.java: About to close Vertx.
AutoTests.java: Vertx closed.
]]></system-out>
  <system-err><![CDATA[java.lang.RuntimeException: Execution failed
	at ptolemy.moml.MoMLSimpleApplication$UnloadThread.run(MoMLSimpleApplication.java:402)
Caused by: ptolemy.actor.sched.NotSchedulableException: No solution exists for the balance equations.
Graph is not consistent under the SDF domain detected on external port .rateConsistency.actor.port2
  in .rateConsistency.SDF Director.Scheduler
	at ptolemy.domains.sdf.kernel.SDFScheduler._propagatePort(SDFScheduler.java:1425)
	at ptolemy.domains.sdf.kernel.SDFScheduler._solveBalanceEquations(SDFScheduler.java:710)
	at ptolemy.domains.sdf.kernel.SDFScheduler._getSchedule(SDFScheduler.java:566)
	at ptolemy.actor.sched.Scheduler.getSchedule(Scheduler.java:189)
	at ptolemy.domains.sdf.kernel.SDFDirector.createSchedule(SDFDirector.java:408)
	at ptolemy.domains.sdf.kernel.SDFDirector.preinitialize(SDFDirector.java:764)
	at ptolemy.actor.CompositeActor.preinitialize(CompositeActor.java:1828)
	at ptolemy.actor.Manager.preinitializeAndResolveTypes(Manager.java:1040)
	at ptolemy.actor.Manager.initialize(Manager.java:710)
	at ptolemy.actor.Manager.execute(Manager.java:356)
	at ptolemy.actor.Manager.run(Manager.java:1263)
	at ptolemy.actor.Manager$PtolemyRunThread.run(Manager.java:1915)
java.lang.RuntimeException: Execution failed
	at ptolemy.moml.MoMLSimpleApplication$UnloadThread.run(MoMLSimpleApplication.java:402)
Caused by: ptolemy.kernel.util.IllegalActionException: Failed to compute schedule:
  in .badRateChanges.typed composite actor.SDF Director
Because:
The SDF rate parameter may change. This is not allowed in SDF models that will be run through the code generator.  If you don't care about code generation, then you might consider setting the allowRateChanges parameter of the SDF director to false.
  in .badRateChanges.typed composite actor.Repeat.output.tokenProductionRate
	at ptolemy.domains.sdf.kernel.SDFDirector.createSchedule(SDFDirector.java:418)
	at ptolemy.domains.sdf.kernel.SDFDirector.preinitialize(SDFDirector.java:764)
	at ptolemy.actor.CompositeActor.preinitialize(CompositeActor.java:1828)
	at ptolemy.actor.Director.preinitialize(Director.java:1302)
	at ptolemy.actor.Director.preinitialize(Director.java:1257)
	at ptolemy.domains.sdf.kernel.SDFDirector.preinitialize(SDFDirector.java:763)
	at ptolemy.actor.CompositeActor.preinitialize(CompositeActor.java:1828)
	at ptolemy.actor.Manager.preinitializeAndResolveTypes(Manager.java:1040)
	at ptolemy.actor.Manager.initialize(Manager.java:710)
	at ptolemy.actor.Manager.execute(Manager.java:356)
	at ptolemy.actor.Manager.run(Manager.java:1263)
	at ptolemy.actor.Manager$PtolemyRunThread.run(Manager.java:1915)
Caused by: ptolemy.kernel.util.IllegalActionException: The SDF rate parameter may change. This is not allowed in SDF models that will be run through the code generator.  If you don't care about code generation, then you might consider setting the allowRateChanges parameter of the SDF director to false.
  in .badRateChanges.typed composite actor.Repeat.output.tokenProductionRate
	at ptolemy.domains.sdf.kernel.SDFScheduler._assertDynamicRateVariable(SDFScheduler.java:931)
	at ptolemy.domains.sdf.kernel.SDFScheduler._checkDynamicRateVariables(SDFScheduler.java:339)
	at ptolemy.domains.sdf.kernel.SDFScheduler._getSchedule(SDFScheduler.java:527)
	at ptolemy.actor.sched.Scheduler.getSchedule(Scheduler.java:189)
	at ptolemy.domains.sdf.kernel.SDFDirector.createSchedule(SDFDirector.java:408)
	... 11 more
java.lang.RuntimeException: Execution failed
	at ptolemy.moml.MoMLSimpleApplication$UnloadThread.run(MoMLSimpleApplication.java:402)
Caused by: ptolemy.kernel.util.IllegalActionException: Failed to compute schedule:
  in .badRateChanges2.typed composite actor.SDF Director
Because:
The SDF rate parameter may change. This is not allowed in SDF models that will be run through the code generator.  If you don't care about code generation, then you might consider setting the allowRateChanges parameter of the SDF director to false.
  in .badRateChanges2.typed composite actor.Repeat.output.tokenProductionRate
	at ptolemy.domains.sdf.kernel.SDFDirector.createSchedule(SDFDirector.java:418)
	at ptolemy.domains.sdf.kernel.SDFDirector.preinitialize(SDFDirector.java:764)
	at ptolemy.actor.CompositeActor.preinitialize(CompositeActor.java:1828)
	at ptolemy.actor.Director.preinitialize(Director.java:1302)
	at ptolemy.actor.Director.preinitialize(Director.java:1257)
	at ptolemy.domains.sdf.kernel.SDFDirector.preinitialize(SDFDirector.java:763)
	at ptolemy.actor.CompositeActor.preinitialize(CompositeActor.java:1828)
	at ptolemy.actor.Manager.preinitializeAndResolveTypes(Manager.java:1040)
	at ptolemy.actor.Manager.initialize(Manager.java:710)
	at ptolemy.actor.Manager.execute(Manager.java:356)
	at ptolemy.actor.Manager.run(Manager.java:1263)
	at ptolemy.actor.Manager$PtolemyRunThread.run(Manager.java:1915)
Caused by: ptolemy.kernel.util.IllegalActionException: The SDF rate parameter may change. This is not allowed in SDF models that will be run through the code generator.  If you don't care about code generation, then you might consider setting the allowRateChanges parameter of the SDF director to false.
  in .badRateChanges2.typed composite actor.Repeat.output.tokenProductionRate
	at ptolemy.domains.sdf.kernel.SDFScheduler._assertDynamicRateVariable(SDFScheduler.java:931)
	at ptolemy.domains.sdf.kernel.SDFScheduler._checkDynamicRateVariables(SDFScheduler.java:339)
	at ptolemy.domains.sdf.kernel.SDFScheduler._getSchedule(SDFScheduler.java:527)
	at ptolemy.actor.sched.Scheduler.getSchedule(Scheduler.java:189)
	at ptolemy.domains.sdf.kernel.SDFDirector.createSchedule(SDFDirector.java:408)
	... 11 more
java.lang.RuntimeException: Execution failed
	at ptolemy.moml.MoMLSimpleApplication$UnloadThread.run(MoMLSimpleApplication.java:402)
Caused by: ptolemy.actor.sched.NotSchedulableException: Actors remain that cannot be scheduled!

There are several possible reasons:
* SDF Graphs with feedback loops should have an actor with a delay in the loop, such as a SampleDelay.
* The SDF director has an "allowDisconnectedGraphs"parameter, which, when true, permits disconnected SDF graphs.
* The token consumption rate and production rates might be mismatched.
Usually, actors produce one token or consume one token on a port.  To produce or consume multiple tokens per firing, add a "tokenConsumptionRate" or "tokenProductionRate" parameter to the appropriate port.
Unscheduled actors:
.partiallyConnected.Const2 
Scheduled actors:
.partiallyConnected.Const 
  in .partiallyConnected.SDF Director.Scheduler
	at ptolemy.domains.sdf.kernel.SDFScheduler._scheduleConnectedActors(SDFScheduler.java:1828)
	at ptolemy.domains.sdf.kernel.SDFScheduler._getSchedule(SDFScheduler.java:587)
	at ptolemy.actor.sched.Scheduler.getSchedule(Scheduler.java:189)
	at ptolemy.domains.sdf.kernel.SDFDirector.createSchedule(SDFDirector.java:408)
	at ptolemy.domains.sdf.kernel.SDFDirector.preinitialize(SDFDirector.java:764)
	at ptolemy.actor.CompositeActor.preinitialize(CompositeActor.java:1828)
	at ptolemy.actor.Manager.preinitializeAndResolveTypes(Manager.java:1040)
	at ptolemy.actor.Manager.initialize(Manager.java:710)
	at ptolemy.actor.Manager.execute(Manager.java:356)
	at ptolemy.actor.Manager.run(Manager.java:1263)
	at ptolemy.actor.Manager$PtolemyRunThread.run(Manager.java:1915)
]]></system-err>
</testsuite>
