<?xml version="1.0" encoding="UTF-8" ?>
<testsuite errors="0" failures="0" hostname="travis-job-02265431-e32e-4744-885d-63fe41a6ebea" name="ptolemy.domains.de.test.junit.JUnitTclTest" skipped="0" tests="101" time="125.582" timestamp="2018-06-19T23:10:34">
  <properties>
[...]
</properties>
  <testcase classname="ptolemy.util.test.junit.TclTests" name="[0] /home/travis/build/icyphy/ptII/ptolemy/domains/de/test/DependencyLoop.tcl (RunTclFile)" time="0.713" />
  <testcase classname="ptolemy.util.test.junit.TclTests" name="[1] /home/travis/build/icyphy/ptII/ptolemy/domains/de/test/RunDETestsAsQSS.tcl (RunTclFile)" time="86.097" />
  <testcase classname="ptolemy.util.test.junit.AutoKnownFailedTests" name="[0] /home/travis/build/icyphy/ptII/ptolemy/domains/de/test/auto/knownFailedTests/DESDFClockTest.xml (RunModel)" time="2.025" />
  <testcase classname="ptolemy.util.test.junit.AutoKnownFailedTests" name="[1] /home/travis/build/icyphy/ptII/ptolemy/domains/de/test/auto/knownFailedTests/DirectFeedback.xml (RunModel)" time="0.013" />
  <testcase classname="ptolemy.util.test.junit.AutoKnownFailedTests" name="[2] /home/travis/build/icyphy/ptII/ptolemy/domains/de/test/auto/knownFailedTests/FSMSource.xml (RunModel)" time="0.011" />
  <testcase classname="ptolemy.util.test.junit.AutoKnownFailedTests" name="[3] /home/travis/build/icyphy/ptII/ptolemy/domains/de/test/auto/knownFailedTests/HierarchicalModel.xml (RunModel)" time="0.037" />
  <testcase classname="ptolemy.util.test.junit.AutoKnownFailedTests" name="[4] /home/travis/build/icyphy/ptII/ptolemy/domains/de/test/auto/knownFailedTests/dependencyLoop.xml (RunModel)" time="0.033" />
  <testcase classname="ptolemy.util.test.junit.AutoKnownFailedTests" name="[5] /home/travis/build/icyphy/ptII/ptolemy/domains/de/test/auto/knownFailedTests/dependencyLoop2.xml (RunModel)" time="0.022" />
  <testcase classname="ptolemy.util.test.junit.AutoNameArchTests" name="[0] ThereAreNoAutoArchTests (RunModel)" time="0.001" />
  <testcase classname="ptolemy.util.test.junit.AutoTests" name="[0] /home/travis/build/icyphy/ptII/ptolemy/domains/de/test/auto/ActorDepthCalculation_actorWithoutPorts.xml (RunModel)" time="0.008" />
  <testcase classname="ptolemy.util.test.junit.AutoTests" name="[1] /home/travis/build/icyphy/ptII/ptolemy/domains/de/test/auto/AssemblyLine.xml (RunModel)" time="0.013" />
  <testcase classname="ptolemy.util.test.junit.AutoTests" name="[2] /home/travis/build/icyphy/ptII/ptolemy/domains/de/test/auto/CQBug1.xml (RunModel)" time="0.005" />
  <testcase classname="ptolemy.util.test.junit.AutoTests" name="[3] /home/travis/build/icyphy/ptII/ptolemy/domains/de/test/auto/CancelFireAt.xml (RunModel)" time="0.004" />
  <testcase classname="ptolemy.util.test.junit.AutoTests" name="[4] /home/travis/build/icyphy/ptII/ptolemy/domains/de/test/auto/CausalityAndComposabilityAnalysis.xml (RunModel)" time="0.011" />
  <testcase classname="ptolemy.util.test.junit.AutoTests" name="[5] /home/travis/build/icyphy/ptII/ptolemy/domains/de/test/auto/CausalityInterface1.xml (RunModel)" time="0.011" />
  <testcase classname="ptolemy.util.test.junit.AutoTests" name="[6] /home/travis/build/icyphy/ptII/ptolemy/domains/de/test/auto/CausalityInterface15.xml (RunModel)" time="0.009" />
  <testcase classname="ptolemy.util.test.junit.AutoTests" name="[7] /home/travis/build/icyphy/ptII/ptolemy/domains/de/test/auto/CausalityInterface2.xml (RunModel)" time="0.009" />
  <testcase classname="ptolemy.util.test.junit.AutoTests" name="[8] /home/travis/build/icyphy/ptII/ptolemy/domains/de/test/auto/CausalityInterface3.xml (RunModel)" time="0.008" />
  <testcase classname="ptolemy.util.test.junit.AutoTests" name="[9] /home/travis/build/icyphy/ptII/ptolemy/domains/de/test/auto/ClockDrift.xml (RunModel)" time="0.031" />
  <testcase classname="ptolemy.util.test.junit.AutoTests" name="[10] /home/travis/build/icyphy/ptII/ptolemy/domains/de/test/auto/ClockDriftAndValueChange.xml (RunModel)" time="0.022" />
  <testcase classname="ptolemy.util.test.junit.AutoTests" name="[11] /home/travis/build/icyphy/ptII/ptolemy/domains/de/test/auto/ClockDriftChange.xml (RunModel)" time="0.022" />
  <testcase classname="ptolemy.util.test.junit.AutoTests" name="[12] /home/travis/build/icyphy/ptII/ptolemy/domains/de/test/auto/ComposableCausalityAnalysis.xml (RunModel)" time="0.018" />
  <testcase classname="ptolemy.util.test.junit.AutoTests" name="[13] /home/travis/build/icyphy/ptII/ptolemy/domains/de/test/auto/DEFixedPointLimitation.xml (RunModel)" time="0.006" />
  <testcase classname="ptolemy.util.test.junit.AutoTests" name="[14] /home/travis/build/icyphy/ptII/ptolemy/domains/de/test/auto/DEScheduleTest.xml (RunModel)" time="0.024" />
  <testcase classname="ptolemy.util.test.junit.AutoTests" name="[15] /home/travis/build/icyphy/ptII/ptolemy/domains/de/test/auto/DEinDEwithStartTimes.xml (RunModel)" time="0.01" />
  <testcase classname="ptolemy.util.test.junit.AutoTests" name="[16] /home/travis/build/icyphy/ptII/ptolemy/domains/de/test/auto/DEinDEwithStartTimes2.xml (RunModel)" time="0.01" />
  <testcase classname="ptolemy.util.test.junit.AutoTests" name="[17] /home/travis/build/icyphy/ptII/ptolemy/domains/de/test/auto/DateDemo.xml (RunModel)" time="0.018" />
  <testcase classname="ptolemy.util.test.junit.AutoTests" name="[18] /home/travis/build/icyphy/ptII/ptolemy/domains/de/test/auto/DateToEvent.xml (RunModel)" time="2.029" />
  <testcase classname="ptolemy.util.test.junit.AutoTests" name="[19] /home/travis/build/icyphy/ptII/ptolemy/domains/de/test/auto/DepthTest1.xml (RunModel)" time="0.008" />
  <testcase classname="ptolemy.util.test.junit.AutoTests" name="[20] /home/travis/build/icyphy/ptII/ptolemy/domains/de/test/auto/DepthTest2.xml (RunModel)" time="0.013" />
  <testcase classname="ptolemy.util.test.junit.AutoTests" name="[21] /home/travis/build/icyphy/ptII/ptolemy/domains/de/test/auto/DepthTest3.xml (RunModel)" time="0.006" />
  <testcase classname="ptolemy.util.test.junit.AutoTests" name="[22] /home/travis/build/icyphy/ptII/ptolemy/domains/de/test/auto/DepthTest4.xml (RunModel)" time="0.009" />
  <testcase classname="ptolemy.util.test.junit.AutoTests" name="[23] /home/travis/build/icyphy/ptII/ptolemy/domains/de/test/auto/DepthTest5.xml (RunModel)" time="0.009" />
  <testcase classname="ptolemy.util.test.junit.AutoTests" name="[24] /home/travis/build/icyphy/ptII/ptolemy/domains/de/test/auto/DepthTest6.xml (RunModel)" time="0.009" />
  <testcase classname="ptolemy.util.test.junit.AutoTests" name="[25] /home/travis/build/icyphy/ptII/ptolemy/domains/de/test/auto/DepthTest7.xml (RunModel)" time="0.008" />
  <testcase classname="ptolemy.util.test.junit.AutoTests" name="[26] /home/travis/build/icyphy/ptII/ptolemy/domains/de/test/auto/EventToDate.xml (RunModel)" time="3.023" />
  <testcase classname="ptolemy.util.test.junit.AutoTests" name="[27] /home/travis/build/icyphy/ptII/ptolemy/domains/de/test/auto/FSM1.xml (RunModel)" time="0.025" />
  <testcase classname="ptolemy.util.test.junit.AutoTests" name="[28] /home/travis/build/icyphy/ptII/ptolemy/domains/de/test/auto/FSM7.xml (RunModel)" time="0.034" />
  <testcase classname="ptolemy.util.test.junit.AutoTests" name="[29] /home/travis/build/icyphy/ptII/ptolemy/domains/de/test/auto/Inspection.xml (RunModel)" time="0.04" />
  <testcase classname="ptolemy.util.test.junit.AutoTests" name="[30] /home/travis/build/icyphy/ptII/ptolemy/domains/de/test/auto/Iteration.xml (RunModel)" time="0.017" />
  <testcase classname="ptolemy.util.test.junit.AutoTests" name="[31] /home/travis/build/icyphy/ptII/ptolemy/domains/de/test/auto/LineFault.xml (RunModel)" time="0.406" />
  <testcase classname="ptolemy.util.test.junit.AutoTests" name="[32] /home/travis/build/icyphy/ptII/ptolemy/domains/de/test/auto/MergeModel1Add.xml (RunModel)" time="0.035" />
  <testcase classname="ptolemy.util.test.junit.AutoTests" name="[33] /home/travis/build/icyphy/ptII/ptolemy/domains/de/test/auto/MergeModel2Add.xml (RunModel)" time="0.025" />
  <testcase classname="ptolemy.util.test.junit.AutoTests" name="[34] /home/travis/build/icyphy/ptII/ptolemy/domains/de/test/auto/MergeModel3Add.xml (RunModel)" time="0.026" />
  <testcase classname="ptolemy.util.test.junit.AutoTests" name="[35] /home/travis/build/icyphy/ptII/ptolemy/domains/de/test/auto/MergeWithoutDiscard.xml (RunModel)" time="0.008" />
  <testcase classname="ptolemy.util.test.junit.AutoTests" name="[36] /home/travis/build/icyphy/ptII/ptolemy/domains/de/test/auto/Modal1.xml (RunModel)" time="0.019" />
  <testcase classname="ptolemy.util.test.junit.AutoTests" name="[37] /home/travis/build/icyphy/ptII/ptolemy/domains/de/test/auto/Modal2.xml (RunModel)" time="0.023" />
  <testcase classname="ptolemy.util.test.junit.AutoTests" name="[38] /home/travis/build/icyphy/ptII/ptolemy/domains/de/test/auto/Modal3.xml (RunModel)" time="0.021" />
  <testcase classname="ptolemy.util.test.junit.AutoTests" name="[39] /home/travis/build/icyphy/ptII/ptolemy/domains/de/test/auto/Modal4.xml (RunModel)" time="0.025" />
  <testcase classname="ptolemy.util.test.junit.AutoTests" name="[40] /home/travis/build/icyphy/ptII/ptolemy/domains/de/test/auto/Modal5.xml (RunModel)" time="0.02" />
  <testcase classname="ptolemy.util.test.junit.AutoTests" name="[41] /home/travis/build/icyphy/ptII/ptolemy/domains/de/test/auto/Modal6.xml (RunModel)" time="0.024" />
  <testcase classname="ptolemy.util.test.junit.AutoTests" name="[42] /home/travis/build/icyphy/ptII/ptolemy/domains/de/test/auto/Modal7.xml (RunModel)" time="0.02" />
  <testcase classname="ptolemy.util.test.junit.AutoTests" name="[43] /home/travis/build/icyphy/ptII/ptolemy/domains/de/test/auto/ModalModel.xml (RunModel)" time="0.142" />
  <testcase classname="ptolemy.util.test.junit.AutoTests" name="[44] /home/travis/build/icyphy/ptII/ptolemy/domains/de/test/auto/ModalSource.xml (RunModel)" time="0.013" />
  <testcase classname="ptolemy.util.test.junit.AutoTests" name="[45] /home/travis/build/icyphy/ptII/ptolemy/domains/de/test/auto/NonInterruptibleTimerZeroDelay.xml (RunModel)" time="0.008" />
  <testcase classname="ptolemy.util.test.junit.AutoTests" name="[46] /home/travis/build/icyphy/ptII/ptolemy/domains/de/test/auto/OpenQueueingNetwork.xml (RunModel)" time="1.75" />
  <testcase classname="ptolemy.util.test.junit.AutoTests" name="[47] /home/travis/build/icyphy/ptII/ptolemy/domains/de/test/auto/OpenQueuingNetwork.xml (RunModel)" time="0.221" />
  <testcase classname="ptolemy.util.test.junit.AutoTests" name="[48] /home/travis/build/icyphy/ptII/ptolemy/domains/de/test/auto/PeriodicSampler.xml (RunModel)" time="0.008" />
  <testcase classname="ptolemy.util.test.junit.AutoTests" name="[49] /home/travis/build/icyphy/ptII/ptolemy/domains/de/test/auto/PersistentIO.xml (RunModel)" time="0.03" />
  <testcase classname="ptolemy.util.test.junit.AutoTests" name="[50] /home/travis/build/icyphy/ptII/ptolemy/domains/de/test/auto/PortParameterResetOnInitialize.xml (RunModel)" time="0.009" />
  <testcase classname="ptolemy.util.test.junit.AutoTests" name="[51] /home/travis/build/icyphy/ptII/ptolemy/domains/de/test/auto/PortParameterUpdates.xml (RunModel)" time="0.018" />
  <testcase classname="ptolemy.util.test.junit.AutoTests" name="[52] /home/travis/build/icyphy/ptII/ptolemy/domains/de/test/auto/QueueAndServer.xml (RunModel)" time="0.02" />
  <testcase classname="ptolemy.util.test.junit.AutoTests" name="[53] /home/travis/build/icyphy/ptII/ptolemy/domains/de/test/auto/Records.xml (RunModel)" time="0.019" />
  <testcase classname="ptolemy.util.test.junit.AutoTests" name="[54] /home/travis/build/icyphy/ptII/ptolemy/domains/de/test/auto/ResetTransitionWithStartTime1.xml (RunModel)" time="0.017" />
  <testcase classname="ptolemy.util.test.junit.AutoTests" name="[55] /home/travis/build/icyphy/ptII/ptolemy/domains/de/test/auto/ResetTransitionWithStartTime2.xml (RunModel)" time="0.016" />
  <testcase classname="ptolemy.util.test.junit.AutoTests" name="[56] /home/travis/build/icyphy/ptII/ptolemy/domains/de/test/auto/ResetTransitionWithStartTime3.xml (RunModel)" time="0.016" />
  <testcase classname="ptolemy.util.test.junit.AutoTests" name="[57] /home/travis/build/icyphy/ptII/ptolemy/domains/de/test/auto/ResetTransitionWithStartTime4.xml (RunModel)" time="0.015" />
  <testcase classname="ptolemy.util.test.junit.AutoTests" name="[58] /home/travis/build/icyphy/ptII/ptolemy/domains/de/test/auto/ResettableTimer1.xml (RunModel)" time="0.009" />
  <testcase classname="ptolemy.util.test.junit.AutoTests" name="[59] /home/travis/build/icyphy/ptII/ptolemy/domains/de/test/auto/ResettableTimer2.xml (RunModel)" time="0.01" />
  <testcase classname="ptolemy.util.test.junit.AutoTests" name="[60] /home/travis/build/icyphy/ptII/ptolemy/domains/de/test/auto/ResettableTimer3.xml (RunModel)" time="0.008" />
  <testcase classname="ptolemy.util.test.junit.AutoTests" name="[61] /home/travis/build/icyphy/ptII/ptolemy/domains/de/test/auto/ResettableTimer4.xml (RunModel)" time="0.009" />
  <testcase classname="ptolemy.util.test.junit.AutoTests" name="[62] /home/travis/build/icyphy/ptII/ptolemy/domains/de/test/auto/ResettableTimer5.xml (RunModel)" time="0.009" />
  <testcase classname="ptolemy.util.test.junit.AutoTests" name="[63] /home/travis/build/icyphy/ptII/ptolemy/domains/de/test/auto/ResettableTimer6.xml (RunModel)" time="0.009" />
  <testcase classname="ptolemy.util.test.junit.AutoTests" name="[64] /home/travis/build/icyphy/ptII/ptolemy/domains/de/test/auto/ServerZeroDelay.xml (RunModel)" time="0.011" />
  <testcase classname="ptolemy.util.test.junit.AutoTests" name="[65] /home/travis/build/icyphy/ptII/ptolemy/domains/de/test/auto/SmartSender.xml (RunModel)" time="3.009" />
  <testcase classname="ptolemy.util.test.junit.AutoTests" name="[66] /home/travis/build/icyphy/ptII/ptolemy/domains/de/test/auto/ThreadedComposite.xml (RunModel)" time="0.132" />
  <testcase classname="ptolemy.util.test.junit.AutoTests" name="[67] /home/travis/build/icyphy/ptII/ptolemy/domains/de/test/auto/Time.xml (RunModel)" time="0.417" />
  <testcase classname="ptolemy.util.test.junit.AutoTests" name="[68] /home/travis/build/icyphy/ptII/ptolemy/domains/de/test/auto/TimeDelayZeroDelay.xml (RunModel)" time="0.01" />
  <testcase classname="ptolemy.util.test.junit.AutoTests" name="[69] /home/travis/build/icyphy/ptII/ptolemy/domains/de/test/auto/TimerZeroDelay.xml (RunModel)" time="0.009" />
  <testcase classname="ptolemy.util.test.junit.AutoTests" name="[70] /home/travis/build/icyphy/ptII/ptolemy/domains/de/test/auto/TimingParadox.xml (RunModel)" time="0.329" />
  <testcase classname="ptolemy.util.test.junit.AutoTests" name="[71] /home/travis/build/icyphy/ptII/ptolemy/domains/de/test/auto/TransferInputs.xml (RunModel)" time="0.008" />
  <testcase classname="ptolemy.util.test.junit.AutoTests" name="[72] /home/travis/build/icyphy/ptII/ptolemy/domains/de/test/auto/TransferOutputs2.xml (RunModel)" time="0.014" />
  <testcase classname="ptolemy.util.test.junit.AutoTests" name="[73] /home/travis/build/icyphy/ptII/ptolemy/domains/de/test/auto/Trilateration.xml (RunModel)" time="11.608" />
  <testcase classname="ptolemy.util.test.junit.AutoTests" name="[74] /home/travis/build/icyphy/ptII/ptolemy/domains/de/test/auto/TwoSigmaDelta.xml (RunModel)" time="2.097" />
  <testcase classname="ptolemy.util.test.junit.AutoTests" name="[75] /home/travis/build/icyphy/ptII/ptolemy/domains/de/test/auto/VariableDelay.xml (RunModel)" time="0.01" />
  <testcase classname="ptolemy.util.test.junit.AutoTests" name="[76] /home/travis/build/icyphy/ptII/ptolemy/domains/de/test/auto/VariableDelay2.xml (RunModel)" time="0.008" />
  <testcase classname="ptolemy.util.test.junit.AutoTests" name="[77] /home/travis/build/icyphy/ptII/ptolemy/domains/de/test/auto/VariableDelayZeroDelay.xml (RunModel)" time="0.015" />
  <testcase classname="ptolemy.util.test.junit.AutoTests" name="[78] /home/travis/build/icyphy/ptII/ptolemy/domains/de/test/auto/VariableDelayZeroDelay2.xml (RunModel)" time="0.01" />
  <testcase classname="ptolemy.util.test.junit.AutoTests" name="[79] /home/travis/build/icyphy/ptII/ptolemy/domains/de/test/auto/deInCt.xml (RunModel)" time="0.02" />
  <testcase classname="ptolemy.util.test.junit.AutoTests" name="[80] /home/travis/build/icyphy/ptII/ptolemy/domains/de/test/auto/deInCt2.xml (RunModel)" time="0.018" />
  <testcase classname="ptolemy.util.test.junit.AutoTests" name="[81] /home/travis/build/icyphy/ptII/ptolemy/domains/de/test/auto/dynamicCausalityInterface1.xml (RunModel)" time="0.018" />
  <testcase classname="ptolemy.util.test.junit.AutoTests" name="[82] /home/travis/build/icyphy/ptII/ptolemy/domains/de/test/auto/fsm_de_test.xml (RunModel)" time="0.024" />
  <testcase classname="ptolemy.util.test.junit.AutoTests" name="[83] /home/travis/build/icyphy/ptII/ptolemy/domains/de/test/auto/functionDependencyReconstruction.xml (RunModel)" time="0.031" />
  <testcase classname="ptolemy.util.test.junit.AutoTests" name="[84] /home/travis/build/icyphy/ptII/ptolemy/domains/de/test/auto/multirate.xml (RunModel)" time="0.015" />
  <testcase classname="ptolemy.util.test.junit.AutoTests" name="[85] /home/travis/build/icyphy/ptII/ptolemy/domains/de/test/auto/multirate2.xml (RunModel)" time="0.017" />
  <testcase classname="ptolemy.util.test.junit.AutoTests" name="[86] /home/travis/build/icyphy/ptII/ptolemy/domains/de/test/auto/realtime.xml (RunModel)" time="10.012" />
  <testcase classname="ptolemy.util.test.junit.AutoTests" name="[87] /home/travis/build/icyphy/ptII/ptolemy/domains/de/test/auto/relationGroup.xml (RunModel)" time="0.013" />
  <testcase classname="ptolemy.util.test.junit.AutoTests" name="[88] /home/travis/build/icyphy/ptII/ptolemy/domains/de/test/auto/relationGroup2.xml (RunModel)" time="0.007" />
  <testcase classname="ptolemy.util.test.junit.AutoTests" name="[89] /home/travis/build/icyphy/ptII/ptolemy/domains/de/test/auto/sortWithOpaquePorts.xml (RunModel)" time="0.009" />
  <testcase classname="ptolemy.util.test.junit.AutoTests" name="[90] /home/travis/build/icyphy/ptII/ptolemy/domains/de/test/auto/transferInputsandOutputs.xml (RunModel)" time="0.019" />
  <testcase classname="ptolemy.util.test.junit.AutoTests" name="[91] /home/travis/build/icyphy/ptII/ptolemy/domains/de/test/auto/triggerType.xml (RunModel)" time="0.008" />
  <system-out><![CDATA[/home/travis/build/icyphy/ptII/ptolemy/domains/de/test/DependencyLoop.tcl
testDefs.tcl: setting time out to 9000 seconds at Tue Jun 19 23:10:34 UTC 2018
15 ms. Memory: 116224K Free: 93467K (80%)
6 ms. Memory: 146944K Free: 135424K (92%)
/home/travis/build/icyphy/ptII/ptolemy/domains/de/test/RunDETestsAsQSS.tcl
Run the DE tests using ptolemy.domains.qss.test.QSSDirectorTest, which extends QSSDirector and prints a message in the constructors.
------------------ testing $PTII/ptolemy/domains/de/test/auto/knownFailedTests/dependencyLoop.xml (Known Failure) 
7 ms. Memory: 146944K Free: 132312K (90%)


==== $PTIIhome/travis/build/icyphy/ptII/ptolemy/domains/de/test/../../../../: Auto Automatic test in file $PTII/ptolemy/domains/de/test/auto/knownFailedTests/dependencyLoop.xml
==== Contents of test case:

	    # FIXME: we should use $relativeFilename here, but it
	    # might have backslashes under Windows, which causes no end
	    # of trouble.
	    createAndExecute $file
	    list {}
	
.... Test generated KNOWN error:
    while executing
ptolemy.kernel.util.IllegalActionException: Found a zero delay loop containing .dependencyLoop.original
  in .dependencyLoop and .dependencyLoop.original
	at ptolemy.actor.util.CausalityInterfaceForComposites._computeOutputPortDepth(CausalityInterfaceForComposites.java:759)
	at ptolemy.actor.util.CausalityInterfaceForComposites._computeInputDepth(CausalityInterfaceForComposites.java:696)
	at ptolemy.actor.util.CausalityInterfaceForComposites._computeOutputPortDepth(CausalityInterfaceForComposites.java:765)
	at ptolemy.actor.util.CausalityInterfaceForComposites._computeInputDepth(CausalityInterfaceForComposites.java:696)
	at ptolemy.actor.util.CausalityInterfaceForComposites._computeOutputPortDepth(CausalityInterfaceForComposites.java:765)
	at ptolemy.actor.util.CausalityInterfaceForComposites._computeInputDepth(CausalityInterfaceForComposites.java:696)
	at ptolemy.actor.util.CausalityInterfaceForComposites._computeActorDepth(CausalityInterfaceForComposites.java:532)
	at ptolemy.actor.util.CausalityInterfaceForComposites.checkForCycles(CausalityInterfaceForComposites.java:96)
	at ptolemy.domains.de.kernel.DEDirector.preinitialize(DEDirector.java:1338)
	at ptolemy.actor.CompositeActor.preinitialize(CompositeActor.java:1828)
	at ptolemy.actor.Manager.preinitializeAndResolveTypes(Manager.java:1040)
	at ptolemy.actor.Manager.initialize(Manager.java:710)
	at ptolemy.actor.Manager.execute(Manager.java:356)
	at ptolemy.actor.Manager.run(Manager.java:1263)
	at ptolemy.actor.Manager$PtolemyRunThread.run(Manager.java:1915)

    while executing
ptolemy.kernel.util.IllegalActionException: Found a zero delay loop containing .dependencyLoop.original
  in .dependencyLoop and .dependencyLoop.original
    while executing
"java::new ptolemy.moml.MoMLSimpleApplication $file
"
    (procedure "createAndExecute" line 2)
    invoked from within
"createAndExecute $file"
    ("uplevel" body line 5)
    invoked from within
"uplevel $contents_of_test"
------------------ testing $PTII/ptolemy/domains/de/test/auto/knownFailedTests/DESDFClockTest.xml (Known Failure) 
2088 ms. Memory: 146944K Free: 115239K (78%)


==== $PTIIhome/travis/build/icyphy/ptII/ptolemy/domains/de/test/../../../../: Auto Automatic test in file $PTII/ptolemy/domains/de/test/auto/knownFailedTests/DESDFClockTest.xml
==== Contents of test case:

	    # FIXME: we should use $relativeFilename here, but it
	    # might have backslashes under Windows, which causes no end
	    # of trouble.
	    createAndExecute $file
	    list {}
	
.... Test generated KNOWN error:
    while executing
ptolemy.kernel.util.IllegalActionException: Actor is not ready to fire.  Perhaps UpSample.prefire() returned false? Try debugging the actor by selecting "Listen to Actor".  Also, for SDF check moml for tokenConsumptionRate on input.
  in .DESDFClockTest.Play Bell.Copy1:SDF Director and .DESDFClockTest.Play Bell.UpSample
	at ptolemy.actor.sched.StaticSchedulingDirector.fire(StaticSchedulingDirector.java:227)
	at ptolemy.domains.sdf.kernel.SDFDirector.fire(SDFDirector.java:500)
	at ptolemy.actor.CompositeActor.fire(CompositeActor.java:455)
	at ptolemy.domains.de.kernel.DEDirector._fire(DEDirector.java:1949)
	at ptolemy.domains.de.kernel.DEDirector.fire(DEDirector.java:502)
	at ptolemy.actor.CompositeActor.fire(CompositeActor.java:455)
	at ptolemy.actor.Manager.iterate(Manager.java:851)
	at ptolemy.actor.Manager.execute(Manager.java:369)
	at ptolemy.actor.Manager.run(Manager.java:1263)
	at ptolemy.actor.Manager$PtolemyRunThread.run(Manager.java:1915)

    while executing
ptolemy.kernel.util.IllegalActionException: Actor is not ready to fire.  Perhaps UpSample.prefire() returned false? Try debugging the actor by selecting "Listen to Actor".  Also, for SDF check moml for tokenConsumptionRate on input.
  in .DESDFClockTest.Play Bell.Copy1:SDF Director and .DESDFClockTest.Play Bell.UpSample
    while executing
"java::new ptolemy.moml.MoMLSimpleApplication $file
"
    (procedure "createAndExecute" line 2)
    invoked from within
"createAndExecute $file"
    ("uplevel" body line 5)
    invoked from within
"uplevel $contents_of_test"
------------------ testing $PTII/ptolemy/domains/de/test/auto/knownFailedTests/FSMSource.xml (Known Failure) 
45 ms. Memory: 146944K Free: 106241K (72%)
!!!! Auto was marked as failing, but now passes
------------------ testing $PTII/ptolemy/domains/de/test/auto/knownFailedTests/dependencyLoop2.xml (Known Failure) 
8 ms. Memory: 146944K Free: 104357K (71%)


==== $PTIIhome/travis/build/icyphy/ptII/ptolemy/domains/de/test/../../../../: Auto Automatic test in file $PTII/ptolemy/domains/de/test/auto/knownFailedTests/dependencyLoop2.xml
==== Contents of test case:

	    # FIXME: we should use $relativeFilename here, but it
	    # might have backslashes under Windows, which causes no end
	    # of trouble.
	    createAndExecute $file
	    list {}
	
.... Test generated KNOWN error:
    while executing
ptolemy.kernel.util.IllegalActionException: Found a zero delay loop containing .dependencyLoop2.original
  in .dependencyLoop2 and .dependencyLoop2.original
	at ptolemy.actor.util.CausalityInterfaceForComposites._computeOutputPortDepth(CausalityInterfaceForComposites.java:759)
	at ptolemy.actor.util.CausalityInterfaceForComposites._computeInputDepth(CausalityInterfaceForComposites.java:696)
	at ptolemy.actor.util.CausalityInterfaceForComposites._computeOutputPortDepth(CausalityInterfaceForComposites.java:765)
	at ptolemy.actor.util.CausalityInterfaceForComposites._computeInputDepth(CausalityInterfaceForComposites.java:696)
	at ptolemy.actor.util.CausalityInterfaceForComposites._computeOutputPortDepth(CausalityInterfaceForComposites.java:765)
	at ptolemy.actor.util.CausalityInterfaceForComposites._computeInputDepth(CausalityInterfaceForComposites.java:696)
	at ptolemy.actor.util.CausalityInterfaceForComposites._computeActorDepth(CausalityInterfaceForComposites.java:532)
	at ptolemy.actor.util.CausalityInterfaceForComposites.checkForCycles(CausalityInterfaceForComposites.java:96)
	at ptolemy.domains.de.kernel.DEDirector.preinitialize(DEDirector.java:1338)
	at ptolemy.actor.CompositeActor.preinitialize(CompositeActor.java:1828)
	at ptolemy.actor.Manager.preinitializeAndResolveTypes(Manager.java:1040)
	at ptolemy.actor.Manager.initialize(Manager.java:710)
	at ptolemy.actor.Manager.execute(Manager.java:356)
	at ptolemy.actor.Manager.run(Manager.java:1263)
	at ptolemy.actor.Manager$PtolemyRunThread.run(Manager.java:1915)

    while executing
ptolemy.kernel.util.IllegalActionException: Found a zero delay loop containing .dependencyLoop2.original
  in .dependencyLoop2 and .dependencyLoop2.original
    while executing
"java::new ptolemy.moml.MoMLSimpleApplication $file
"
    (procedure "createAndExecute" line 2)
    invoked from within
"createAndExecute $file"
    ("uplevel" body line 5)
    invoked from within
"uplevel $contents_of_test"
------------------ testing $PTII/ptolemy/domains/de/test/auto/knownFailedTests/HierarchicalModel.xml (Known Failure) 
5 ms. Memory: 146944K Free: 83817K (57%)


==== $PTIIhome/travis/build/icyphy/ptII/ptolemy/domains/de/test/../../../../: Auto Automatic test in file $PTII/ptolemy/domains/de/test/auto/knownFailedTests/HierarchicalModel.xml
==== Contents of test case:

	    # FIXME: we should use $relativeFilename here, but it
	    # might have backslashes under Windows, which causes no end
	    # of trouble.
	    createAndExecute $file
	    list {}
	
.... Test generated KNOWN error:
    while executing
ptolemy.kernel.util.IllegalActionException: Found a zero delay loop containing .HierarchicalModel.A
  in .HierarchicalModel and .HierarchicalModel.A
	at ptolemy.actor.util.CausalityInterfaceForComposites._computeOutputPortDepth(CausalityInterfaceForComposites.java:759)
	at ptolemy.actor.util.CausalityInterfaceForComposites._computeInputDepth(CausalityInterfaceForComposites.java:696)
	at ptolemy.actor.util.CausalityInterfaceForComposites._computeOutputPortDepth(CausalityInterfaceForComposites.java:765)
	at ptolemy.actor.util.CausalityInterfaceForComposites._computeInputDepth(CausalityInterfaceForComposites.java:696)
	at ptolemy.actor.util.CausalityInterfaceForComposites._computeOutputPortDepth(CausalityInterfaceForComposites.java:765)
	at ptolemy.actor.util.CausalityInterfaceForComposites._computeInputDepth(CausalityInterfaceForComposites.java:696)
	at ptolemy.actor.util.CausalityInterfaceForComposites._computeActorDepth(CausalityInterfaceForComposites.java:532)
	at ptolemy.actor.util.CausalityInterfaceForComposites.checkForCycles(CausalityInterfaceForComposites.java:96)
	at ptolemy.domains.de.kernel.DEDirector.preinitialize(DEDirector.java:1338)
	at ptolemy.actor.CompositeActor.preinitialize(CompositeActor.java:1828)
	at ptolemy.actor.Manager.preinitializeAndResolveTypes(Manager.java:1040)
	at ptolemy.actor.Manager.initialize(Manager.java:710)
	at ptolemy.actor.Manager.execute(Manager.java:356)
	at ptolemy.actor.Manager.run(Manager.java:1263)
	at ptolemy.actor.Manager$PtolemyRunThread.run(Manager.java:1915)

    while executing
ptolemy.kernel.util.IllegalActionException: Found a zero delay loop containing .HierarchicalModel.A
  in .HierarchicalModel and .HierarchicalModel.A
    while executing
"java::new ptolemy.moml.MoMLSimpleApplication $file
"
    (procedure "createAndExecute" line 2)
    invoked from within
"createAndExecute $file"
    ("uplevel" body line 5)
    invoked from within
"uplevel $contents_of_test"
------------------ testing $PTII/ptolemy/domains/de/test/auto/knownFailedTests/DirectFeedback.xml (Known Failure) 
8 ms. Memory: 146944K Free: 139966K (95%)


==== $PTIIhome/travis/build/icyphy/ptII/ptolemy/domains/de/test/../../../../: Auto Automatic test in file $PTII/ptolemy/domains/de/test/auto/knownFailedTests/DirectFeedback.xml
==== Contents of test case:

	    # FIXME: we should use $relativeFilename here, but it
	    # might have backslashes under Windows, which causes no end
	    # of trouble.
	    createAndExecute $file
	    list {}
	
.... Test generated KNOWN error:
    while executing
ptolemy.kernel.util.IllegalActionException: Test fails in iteration 1.
Value was: 1.0. Should have been: 2.0
  in .DirectFeedback.Test
	at ptolemy.actor.lib.Test.fire(Test.java:268)
	at ptolemy.domains.de.kernel.DEDirector._fire(DEDirector.java:1949)
	at ptolemy.domains.de.kernel.DEDirector.fire(DEDirector.java:502)
	at ptolemy.actor.CompositeActor.fire(CompositeActor.java:455)
	at ptolemy.actor.Manager.iterate(Manager.java:851)
	at ptolemy.actor.Manager.execute(Manager.java:369)
	at ptolemy.actor.Manager.run(Manager.java:1263)
	at ptolemy.actor.Manager$PtolemyRunThread.run(Manager.java:1915)

    while executing
ptolemy.kernel.util.IllegalActionException: Test fails in iteration 1.
Value was: 1.0. Should have been: 2.0
  in .DirectFeedback.Test
    while executing
"java::new ptolemy.moml.MoMLSimpleApplication $file
"
    (procedure "createAndExecute" line 2)
    invoked from within
"createAndExecute $file"
    ("uplevel" body line 5)
    invoked from within
"uplevel $contents_of_test"
------------------ testing $PTII/ptolemy/domains/de/test/auto/ActorDepthCalculation_actorWithoutPorts.xml
auto.tcl: Setting watchdog for 200 seconds at Tue Jun 19 23:10:38 UTC 2018
8 ms. Memory: 146944K Free: 131701K (90%)
ptolemy.util.test.WatchDog.cancel(): canceling Tue Jun 19 23:10:38 UTC 2018
auto.tcl: Setting watchdog for 200 seconds at Tue Jun 19 23:10:38 UTC 2018
4 ms. Memory: 146944K Free: 130672K (89%)
ptolemy.util.test.WatchDog.cancel(): canceling Tue Jun 19 23:10:38 UTC 2018
------------------ testing $PTII/ptolemy/domains/de/test/auto/AssemblyLine.xml
auto.tcl: Setting watchdog for 200 seconds at Tue Jun 19 23:10:38 UTC 2018
23 ms. Memory: 208384K Free: 186961K (90%)
ptolemy.util.test.WatchDog.cancel(): canceling Tue Jun 19 23:10:38 UTC 2018
auto.tcl: Setting watchdog for 200 seconds at Tue Jun 19 23:10:38 UTC 2018
11 ms. Memory: 208384K Free: 183275K (88%)
ptolemy.util.test.WatchDog.cancel(): canceling Tue Jun 19 23:10:38 UTC 2018
------------------ testing $PTII/ptolemy/domains/de/test/auto/CQBug1.xml
auto.tcl: Setting watchdog for 200 seconds at Tue Jun 19 23:10:39 UTC 2018
9 ms. Memory: 208384K Free: 197728K (95%)
ptolemy.util.test.WatchDog.cancel(): canceling Tue Jun 19 23:10:39 UTC 2018
auto.tcl: Setting watchdog for 200 seconds at Tue Jun 19 23:10:39 UTC 2018
2 ms. Memory: 208384K Free: 197728K (95%)
ptolemy.util.test.WatchDog.cancel(): canceling Tue Jun 19 23:10:39 UTC 2018
------------------ testing $PTII/ptolemy/domains/de/test/auto/CancelFireAt.xml
auto.tcl: Setting watchdog for 200 seconds at Tue Jun 19 23:10:39 UTC 2018
4 ms. Memory: 208384K Free: 201105K (97%)
ptolemy.util.test.WatchDog.cancel(): canceling Tue Jun 19 23:10:39 UTC 2018
auto.tcl: Setting watchdog for 200 seconds at Tue Jun 19 23:10:39 UTC 2018
8 ms. Memory: 208384K Free: 199010K (96%)
ptolemy.util.test.WatchDog.cancel(): canceling Tue Jun 19 23:10:39 UTC 2018
------------------ testing $PTII/ptolemy/domains/de/test/auto/CausalityAndComposabilityAnalysis.xml
auto.tcl: Setting watchdog for 200 seconds at Tue Jun 19 23:10:39 UTC 2018
16 ms. Memory: 208384K Free: 196513K (94%)
ptolemy.util.test.WatchDog.cancel(): canceling Tue Jun 19 23:10:39 UTC 2018
auto.tcl: Setting watchdog for 200 seconds at Tue Jun 19 23:10:39 UTC 2018
6 ms. Memory: 208384K Free: 196513K (94%)
ptolemy.util.test.WatchDog.cancel(): canceling Tue Jun 19 23:10:39 UTC 2018
------------------ testing $PTII/ptolemy/domains/de/test/auto/CausalityInterface1.xml
auto.tcl: Setting watchdog for 200 seconds at Tue Jun 19 23:10:39 UTC 2018
13 ms. Memory: 208384K Free: 196451K (94%)
ptolemy.util.test.WatchDog.cancel(): canceling Tue Jun 19 23:10:39 UTC 2018
auto.tcl: Setting watchdog for 200 seconds at Tue Jun 19 23:10:39 UTC 2018
4 ms. Memory: 208384K Free: 196451K (94%)
ptolemy.util.test.WatchDog.cancel(): canceling Tue Jun 19 23:10:39 UTC 2018
------------------ testing $PTII/ptolemy/domains/de/test/auto/CausalityInterface15.xml
auto.tcl: Setting watchdog for 200 seconds at Tue Jun 19 23:10:39 UTC 2018
4 ms. Memory: 208384K Free: 196779K (94%)
ptolemy.util.test.WatchDog.cancel(): canceling Tue Jun 19 23:10:39 UTC 2018
auto.tcl: Setting watchdog for 200 seconds at Tue Jun 19 23:10:39 UTC 2018
3 ms. Memory: 208384K Free: 196442K (94%)
ptolemy.util.test.WatchDog.cancel(): canceling Tue Jun 19 23:10:39 UTC 2018
------------------ testing $PTII/ptolemy/domains/de/test/auto/CausalityInterface2.xml
auto.tcl: Setting watchdog for 200 seconds at Tue Jun 19 23:10:39 UTC 2018
6 ms. Memory: 208384K Free: 196425K (94%)
ptolemy.util.test.WatchDog.cancel(): canceling Tue Jun 19 23:10:39 UTC 2018
auto.tcl: Setting watchdog for 200 seconds at Tue Jun 19 23:10:39 UTC 2018
3 ms. Memory: 208384K Free: 196425K (94%)
ptolemy.util.test.WatchDog.cancel(): canceling Tue Jun 19 23:10:39 UTC 2018
------------------ testing $PTII/ptolemy/domains/de/test/auto/CausalityInterface3.xml
auto.tcl: Setting watchdog for 200 seconds at Tue Jun 19 23:10:39 UTC 2018
6 ms. Memory: 208384K Free: 196438K (94%)
ptolemy.util.test.WatchDog.cancel(): canceling Tue Jun 19 23:10:39 UTC 2018
auto.tcl: Setting watchdog for 200 seconds at Tue Jun 19 23:10:39 UTC 2018
4 ms. Memory: 208384K Free: 196438K (94%)
ptolemy.util.test.WatchDog.cancel(): canceling Tue Jun 19 23:10:39 UTC 2018
------------------ testing $PTII/ptolemy/domains/de/test/auto/ClockDrift.xml
auto.tcl: Setting watchdog for 200 seconds at Tue Jun 19 23:10:39 UTC 2018
53 ms. Memory: 208384K Free: 187687K (90%)
ptolemy.util.test.WatchDog.cancel(): canceling Tue Jun 19 23:10:39 UTC 2018
auto.tcl: Setting watchdog for 200 seconds at Tue Jun 19 23:10:39 UTC 2018
58 ms. Memory: 208384K Free: 185592K (89%)
ptolemy.util.test.WatchDog.cancel(): canceling Tue Jun 19 23:10:39 UTC 2018
------------------ testing $PTII/ptolemy/domains/de/test/auto/ClockDriftAndValueChange.xml
auto.tcl: Setting watchdog for 200 seconds at Tue Jun 19 23:10:39 UTC 2018
53 ms. Memory: 208384K Free: 187522K (90%)
ptolemy.util.test.WatchDog.cancel(): canceling Tue Jun 19 23:10:40 UTC 2018
auto.tcl: Setting watchdog for 200 seconds at Tue Jun 19 23:10:40 UTC 2018
36 ms. Memory: 208384K Free: 185428K (89%)
ptolemy.util.test.WatchDog.cancel(): canceling Tue Jun 19 23:10:40 UTC 2018
------------------ testing $PTII/ptolemy/domains/de/test/auto/ClockDriftChange.xml
auto.tcl: Setting watchdog for 200 seconds at Tue Jun 19 23:10:40 UTC 2018
44 ms. Memory: 208384K Free: 190838K (92%)
ptolemy.util.test.WatchDog.cancel(): canceling Tue Jun 19 23:10:40 UTC 2018
auto.tcl: Setting watchdog for 200 seconds at Tue Jun 19 23:10:40 UTC 2018
25 ms. Memory: 208384K Free: 188743K (91%)
ptolemy.util.test.WatchDog.cancel(): canceling Tue Jun 19 23:10:40 UTC 2018
------------------ testing $PTII/ptolemy/domains/de/test/auto/ComposableCausalityAnalysis.xml
auto.tcl: Setting watchdog for 200 seconds at Tue Jun 19 23:10:40 UTC 2018
2 ms. Memory: 208384K Free: 196294K (94%)
ptolemy.util.test.WatchDog.cancel(): canceling Tue Jun 19 23:10:40 UTC 2018
auto.tcl: Setting watchdog for 200 seconds at Tue Jun 19 23:10:40 UTC 2018
1 ms. Memory: 208384K Free: 194199K (93%)
ptolemy.util.test.WatchDog.cancel(): canceling Tue Jun 19 23:10:40 UTC 2018
------------------ testing $PTII/ptolemy/domains/de/test/auto/DEFixedPointLimitation.xml
auto.tcl: Setting watchdog for 200 seconds at Tue Jun 19 23:10:40 UTC 2018
2 ms. Memory: 208384K Free: 196374K (94%)
ptolemy.util.test.WatchDog.cancel(): canceling Tue Jun 19 23:10:40 UTC 2018
auto.tcl: Setting watchdog for 200 seconds at Tue Jun 19 23:10:40 UTC 2018
1 ms. Memory: 208384K Free: 196374K (94%)
ptolemy.util.test.WatchDog.cancel(): canceling Tue Jun 19 23:10:40 UTC 2018
------------------ testing $PTII/ptolemy/domains/de/test/auto/DEScheduleTest.xml
auto.tcl: Setting watchdog for 200 seconds at Tue Jun 19 23:10:40 UTC 2018
4 ms. Memory: 208384K Free: 198505K (95%)
ptolemy.util.test.WatchDog.cancel(): canceling Tue Jun 19 23:10:40 UTC 2018
auto.tcl: Setting watchdog for 200 seconds at Tue Jun 19 23:10:40 UTC 2018
5 ms. Memory: 208384K Free: 196410K (94%)
ptolemy.util.test.WatchDog.cancel(): canceling Tue Jun 19 23:10:40 UTC 2018
------------------ testing $PTII/ptolemy/domains/de/test/auto/DEinDEwithStartTimes.xml
auto.tcl: Setting watchdog for 200 seconds at Tue Jun 19 23:10:40 UTC 2018
5 ms. Memory: 208384K Free: 196380K (94%)
ptolemy.util.test.WatchDog.cancel(): canceling Tue Jun 19 23:10:40 UTC 2018
auto.tcl: Setting watchdog for 200 seconds at Tue Jun 19 23:10:40 UTC 2018
6 ms. Memory: 208384K Free: 194286K (93%)
ptolemy.util.test.WatchDog.cancel(): canceling Tue Jun 19 23:10:40 UTC 2018
------------------ testing $PTII/ptolemy/domains/de/test/auto/DEinDEwithStartTimes2.xml
auto.tcl: Setting watchdog for 200 seconds at Tue Jun 19 23:10:40 UTC 2018
11 ms. Memory: 208384K Free: 196697K (94%)
ptolemy.util.test.WatchDog.cancel(): canceling Tue Jun 19 23:10:40 UTC 2018
auto.tcl: Setting watchdog for 200 seconds at Tue Jun 19 23:10:40 UTC 2018
4 ms. Memory: 208384K Free: 194602K (93%)
ptolemy.util.test.WatchDog.cancel(): canceling Tue Jun 19 23:10:40 UTC 2018
------------------ testing $PTII/ptolemy/domains/de/test/auto/DateDemo.xml
auto.tcl: Setting watchdog for 200 seconds at Tue Jun 19 23:10:40 UTC 2018
15 ms. Memory: 208384K Free: 188823K (91%)
ptolemy.util.test.WatchDog.cancel(): canceling Tue Jun 19 23:10:40 UTC 2018
auto.tcl: Setting watchdog for 200 seconds at Tue Jun 19 23:10:40 UTC 2018
6 ms. Memory: 208384K Free: 186729K (90%)
ptolemy.util.test.WatchDog.cancel(): canceling Tue Jun 19 23:10:40 UTC 2018
------------------ testing $PTII/ptolemy/domains/de/test/auto/DateToEvent.xml
auto.tcl: Setting watchdog for 200 seconds at Tue Jun 19 23:10:40 UTC 2018
2022 ms. Memory: 208384K Free: 183555K (88%)
ptolemy.util.test.WatchDog.cancel(): canceling Tue Jun 19 23:10:42 UTC 2018
auto.tcl: Setting watchdog for 200 seconds at Tue Jun 19 23:10:42 UTC 2018
2006 ms. Memory: 208384K Free: 183555K (88%)
ptolemy.util.test.WatchDog.cancel(): canceling Tue Jun 19 23:10:44 UTC 2018
------------------ testing $PTII/ptolemy/domains/de/test/auto/DepthTest1.xml
auto.tcl: Setting watchdog for 200 seconds at Tue Jun 19 23:10:44 UTC 2018
2 ms. Memory: 208384K Free: 198036K (95%)
ptolemy.util.test.WatchDog.cancel(): canceling Tue Jun 19 23:10:44 UTC 2018
auto.tcl: Setting watchdog for 200 seconds at Tue Jun 19 23:10:44 UTC 2018
2 ms. Memory: 208384K Free: 198036K (95%)
ptolemy.util.test.WatchDog.cancel(): canceling Tue Jun 19 23:10:44 UTC 2018
------------------ testing $PTII/ptolemy/domains/de/test/auto/DepthTest2.xml
auto.tcl: Setting watchdog for 200 seconds at Tue Jun 19 23:10:45 UTC 2018
4 ms. Memory: 208384K Free: 194586K (93%)
ptolemy.util.test.WatchDog.cancel(): canceling Tue Jun 19 23:10:45 UTC 2018
auto.tcl: Setting watchdog for 200 seconds at Tue Jun 19 23:10:45 UTC 2018
5 ms. Memory: 208384K Free: 194586K (93%)
ptolemy.util.test.WatchDog.cancel(): canceling Tue Jun 19 23:10:45 UTC 2018
------------------ testing $PTII/ptolemy/domains/de/test/auto/DepthTest3.xml
auto.tcl: Setting watchdog for 200 seconds at Tue Jun 19 23:10:45 UTC 2018
2 ms. Memory: 208384K Free: 198371K (95%)
ptolemy.util.test.WatchDog.cancel(): canceling Tue Jun 19 23:10:45 UTC 2018
auto.tcl: Setting watchdog for 200 seconds at Tue Jun 19 23:10:45 UTC 2018
2 ms. Memory: 208384K Free: 198371K (95%)
ptolemy.util.test.WatchDog.cancel(): canceling Tue Jun 19 23:10:45 UTC 2018
------------------ testing $PTII/ptolemy/domains/de/test/auto/DepthTest4.xml
auto.tcl: Setting watchdog for 200 seconds at Tue Jun 19 23:10:45 UTC 2018
10 ms. Memory: 208384K Free: 196363K (94%)
ptolemy.util.test.WatchDog.cancel(): canceling Tue Jun 19 23:10:45 UTC 2018
auto.tcl: Setting watchdog for 200 seconds at Tue Jun 19 23:10:45 UTC 2018
2 ms. Memory: 208384K Free: 196363K (94%)
ptolemy.util.test.WatchDog.cancel(): canceling Tue Jun 19 23:10:45 UTC 2018
------------------ testing $PTII/ptolemy/domains/de/test/auto/DepthTest5.xml
auto.tcl: Setting watchdog for 200 seconds at Tue Jun 19 23:10:45 UTC 2018
4 ms. Memory: 208384K Free: 196310K (94%)
ptolemy.util.test.WatchDog.cancel(): canceling Tue Jun 19 23:10:45 UTC 2018
auto.tcl: Setting watchdog for 200 seconds at Tue Jun 19 23:10:45 UTC 2018
2 ms. Memory: 208384K Free: 196310K (94%)
ptolemy.util.test.WatchDog.cancel(): canceling Tue Jun 19 23:10:45 UTC 2018
------------------ testing $PTII/ptolemy/domains/de/test/auto/DepthTest6.xml
auto.tcl: Setting watchdog for 200 seconds at Tue Jun 19 23:10:45 UTC 2018
9 ms. Memory: 208384K Free: 196615K (94%)
ptolemy.util.test.WatchDog.cancel(): canceling Tue Jun 19 23:10:45 UTC 2018
auto.tcl: Setting watchdog for 200 seconds at Tue Jun 19 23:10:45 UTC 2018
3 ms. Memory: 208384K Free: 196615K (94%)
ptolemy.util.test.WatchDog.cancel(): canceling Tue Jun 19 23:10:45 UTC 2018
------------------ testing $PTII/ptolemy/domains/de/test/auto/DepthTest7.xml
auto.tcl: Setting watchdog for 200 seconds at Tue Jun 19 23:10:45 UTC 2018
2 ms. Memory: 208384K Free: 196267K (94%)
ptolemy.util.test.WatchDog.cancel(): canceling Tue Jun 19 23:10:45 UTC 2018
auto.tcl: Setting watchdog for 200 seconds at Tue Jun 19 23:10:45 UTC 2018
2 ms. Memory: 208384K Free: 196267K (94%)
ptolemy.util.test.WatchDog.cancel(): canceling Tue Jun 19 23:10:45 UTC 2018
------------------ testing $PTII/ptolemy/domains/de/test/auto/EventToDate.xml
auto.tcl: Setting watchdog for 200 seconds at Tue Jun 19 23:10:45 UTC 2018
3010 ms. Memory: 208384K Free: 185816K (89%)
ptolemy.util.test.WatchDog.cancel(): canceling Tue Jun 19 23:10:48 UTC 2018
auto.tcl: Setting watchdog for 200 seconds at Tue Jun 19 23:10:48 UTC 2018
3004 ms. Memory: 208384K Free: 185816K (89%)
ptolemy.util.test.WatchDog.cancel(): canceling Tue Jun 19 23:10:51 UTC 2018
------------------ testing $PTII/ptolemy/domains/de/test/auto/FSM1.xml
auto.tcl: Setting watchdog for 200 seconds at Tue Jun 19 23:10:51 UTC 2018
35 ms. Memory: 208384K Free: 189331K (91%)
ptolemy.util.test.WatchDog.cancel(): canceling Tue Jun 19 23:10:51 UTC 2018
auto.tcl: Setting watchdog for 200 seconds at Tue Jun 19 23:10:51 UTC 2018
33 ms. Memory: 208384K Free: 185142K (89%)
ptolemy.util.test.WatchDog.cancel(): canceling Tue Jun 19 23:10:51 UTC 2018
------------------ testing $PTII/ptolemy/domains/de/test/auto/FSM7.xml
auto.tcl: Setting watchdog for 200 seconds at Tue Jun 19 23:10:51 UTC 2018
21 ms. Memory: 208384K Free: 187440K (90%)
ptolemy.util.test.WatchDog.cancel(): canceling Tue Jun 19 23:10:51 UTC 2018
auto.tcl: Setting watchdog for 200 seconds at Tue Jun 19 23:10:51 UTC 2018
19 ms. Memory: 208384K Free: 185345K (89%)
ptolemy.util.test.WatchDog.cancel(): canceling Tue Jun 19 23:10:51 UTC 2018
------------------ testing $PTII/ptolemy/domains/de/test/auto/Inspection.xml
auto.tcl: Setting watchdog for 200 seconds at Tue Jun 19 23:10:51 UTC 2018
39 ms. Memory: 208384K Free: 188991K (91%)
ptolemy.util.test.WatchDog.cancel(): canceling Tue Jun 19 23:10:51 UTC 2018
auto.tcl: Setting watchdog for 200 seconds at Tue Jun 19 23:10:51 UTC 2018
21 ms. Memory: 208384K Free: 186559K (90%)
ptolemy.util.test.WatchDog.cancel(): canceling Tue Jun 19 23:10:51 UTC 2018
------------------ testing $PTII/ptolemy/domains/de/test/auto/Iteration.xml
auto.tcl: Setting watchdog for 200 seconds at Tue Jun 19 23:10:52 UTC 2018
7 ms. Memory: 208384K Free: 196073K (94%)
ptolemy.util.test.WatchDog.cancel(): canceling Tue Jun 19 23:10:52 UTC 2018
auto.tcl: Setting watchdog for 200 seconds at Tue Jun 19 23:10:52 UTC 2018
6 ms. Memory: 208384K Free: 193978K (93%)
ptolemy.util.test.WatchDog.cancel(): canceling Tue Jun 19 23:10:52 UTC 2018
------------------ testing $PTII/ptolemy/domains/de/test/auto/LineFault.xml
auto.tcl: Setting watchdog for 200 seconds at Tue Jun 19 23:10:52 UTC 2018
686 ms. Memory: 208384K Free: 196250K (94%)
ptolemy.util.test.WatchDog.cancel(): canceling Tue Jun 19 23:10:52 UTC 2018
auto.tcl: Setting watchdog for 200 seconds at Tue Jun 19 23:10:52 UTC 2018
537 ms. Memory: 208384K Free: 140801K (68%)
ptolemy.util.test.WatchDog.cancel(): canceling Tue Jun 19 23:10:53 UTC 2018
------------------ testing $PTII/ptolemy/domains/de/test/auto/MergeModel1Add.xml
auto.tcl: Setting watchdog for 200 seconds at Tue Jun 19 23:10:53 UTC 2018
27 ms. Memory: 331264K Free: 298874K (90%)
ptolemy.util.test.WatchDog.cancel(): canceling Tue Jun 19 23:10:53 UTC 2018
auto.tcl: Setting watchdog for 200 seconds at Tue Jun 19 23:10:53 UTC 2018
10 ms. Memory: 331264K Free: 298874K (90%)
ptolemy.util.test.WatchDog.cancel(): canceling Tue Jun 19 23:10:53 UTC 2018
------------------ testing $PTII/ptolemy/domains/de/test/auto/MergeModel2Add.xml
auto.tcl: Setting watchdog for 200 seconds at Tue Jun 19 23:10:53 UTC 2018
13 ms. Memory: 331264K Free: 304168K (92%)
ptolemy.util.test.WatchDog.cancel(): canceling Tue Jun 19 23:10:53 UTC 2018
auto.tcl: Setting watchdog for 200 seconds at Tue Jun 19 23:10:53 UTC 2018
10 ms. Memory: 331264K Free: 300213K (91%)
ptolemy.util.test.WatchDog.cancel(): canceling Tue Jun 19 23:10:53 UTC 2018
------------------ testing $PTII/ptolemy/domains/de/test/auto/MergeModel3Add.xml
auto.tcl: Setting watchdog for 200 seconds at Tue Jun 19 23:10:53 UTC 2018
9 ms. Memory: 331264K Free: 304169K (92%)
ptolemy.util.test.WatchDog.cancel(): canceling Tue Jun 19 23:10:54 UTC 2018
auto.tcl: Setting watchdog for 200 seconds at Tue Jun 19 23:10:54 UTC 2018
9 ms. Memory: 331264K Free: 300230K (91%)
ptolemy.util.test.WatchDog.cancel(): canceling Tue Jun 19 23:10:54 UTC 2018
------------------ testing $PTII/ptolemy/domains/de/test/auto/MergeWithoutDiscard.xml
auto.tcl: Setting watchdog for 200 seconds at Tue Jun 19 23:10:54 UTC 2018
3 ms. Memory: 331264K Free: 319956K (97%)
ptolemy.util.test.WatchDog.cancel(): canceling Tue Jun 19 23:10:54 UTC 2018
auto.tcl: Setting watchdog for 200 seconds at Tue Jun 19 23:10:54 UTC 2018
2 ms. Memory: 331264K Free: 316016K (95%)
ptolemy.util.test.WatchDog.cancel(): canceling Tue Jun 19 23:10:54 UTC 2018
------------------ testing $PTII/ptolemy/domains/de/test/auto/Modal1.xml
auto.tcl: Setting watchdog for 200 seconds at Tue Jun 19 23:10:54 UTC 2018
18 ms. Memory: 331264K Free: 309917K (94%)
ptolemy.util.test.WatchDog.cancel(): canceling Tue Jun 19 23:10:54 UTC 2018
auto.tcl: Setting watchdog for 200 seconds at Tue Jun 19 23:10:54 UTC 2018
10 ms. Memory: 331264K Free: 305978K (92%)
ptolemy.util.test.WatchDog.cancel(): canceling Tue Jun 19 23:10:54 UTC 2018
------------------ testing $PTII/ptolemy/domains/de/test/auto/Modal2.xml
auto.tcl: Setting watchdog for 200 seconds at Tue Jun 19 23:10:54 UTC 2018
17 ms. Memory: 331264K Free: 307302K (93%)
ptolemy.util.test.WatchDog.cancel(): canceling Tue Jun 19 23:10:54 UTC 2018
auto.tcl: Setting watchdog for 200 seconds at Tue Jun 19 23:10:54 UTC 2018
14 ms. Memory: 331264K Free: 303362K (92%)
ptolemy.util.test.WatchDog.cancel(): canceling Tue Jun 19 23:10:54 UTC 2018
------------------ testing $PTII/ptolemy/domains/de/test/auto/Modal3.xml
auto.tcl: Setting watchdog for 200 seconds at Tue Jun 19 23:10:54 UTC 2018
19 ms. Memory: 331264K Free: 309774K (94%)
ptolemy.util.test.WatchDog.cancel(): canceling Tue Jun 19 23:10:54 UTC 2018
auto.tcl: Setting watchdog for 200 seconds at Tue Jun 19 23:10:54 UTC 2018
8 ms. Memory: 331264K Free: 305835K (92%)
ptolemy.util.test.WatchDog.cancel(): canceling Tue Jun 19 23:10:54 UTC 2018
------------------ testing $PTII/ptolemy/domains/de/test/auto/Modal4.xml
auto.tcl: Setting watchdog for 200 seconds at Tue Jun 19 23:10:54 UTC 2018
25 ms. Memory: 331264K Free: 309787K (94%)
ptolemy.util.test.WatchDog.cancel(): canceling Tue Jun 19 23:10:54 UTC 2018
auto.tcl: Setting watchdog for 200 seconds at Tue Jun 19 23:10:54 UTC 2018
11 ms. Memory: 331264K Free: 305832K (92%)
ptolemy.util.test.WatchDog.cancel(): canceling Tue Jun 19 23:10:54 UTC 2018
------------------ testing $PTII/ptolemy/domains/de/test/auto/Modal5.xml
auto.tcl: Setting watchdog for 200 seconds at Tue Jun 19 23:10:54 UTC 2018
17 ms. Memory: 331264K Free: 309774K (94%)
ptolemy.util.test.WatchDog.cancel(): canceling Tue Jun 19 23:10:54 UTC 2018
auto.tcl: Setting watchdog for 200 seconds at Tue Jun 19 23:10:54 UTC 2018
10 ms. Memory: 331264K Free: 305819K (92%)
ptolemy.util.test.WatchDog.cancel(): canceling Tue Jun 19 23:10:54 UTC 2018
------------------ testing $PTII/ptolemy/domains/de/test/auto/Modal6.xml
auto.tcl: Setting watchdog for 200 seconds at Tue Jun 19 23:10:54 UTC 2018
14 ms. Memory: 331264K Free: 309770K (94%)
ptolemy.util.test.WatchDog.cancel(): canceling Tue Jun 19 23:10:54 UTC 2018
auto.tcl: Setting watchdog for 200 seconds at Tue Jun 19 23:10:54 UTC 2018
10 ms. Memory: 331264K Free: 305815K (92%)
ptolemy.util.test.WatchDog.cancel(): canceling Tue Jun 19 23:10:54 UTC 2018
------------------ testing $PTII/ptolemy/domains/de/test/auto/Modal7.xml
auto.tcl: Setting watchdog for 200 seconds at Tue Jun 19 23:10:54 UTC 2018
16 ms. Memory: 331264K Free: 309755K (94%)
ptolemy.util.test.WatchDog.cancel(): canceling Tue Jun 19 23:10:54 UTC 2018
auto.tcl: Setting watchdog for 200 seconds at Tue Jun 19 23:10:54 UTC 2018
11 ms. Memory: 331264K Free: 305800K (92%)
ptolemy.util.test.WatchDog.cancel(): canceling Tue Jun 19 23:10:54 UTC 2018
------------------ testing $PTII/ptolemy/domains/de/test/auto/ModalModel.xml
auto.tcl: Setting watchdog for 200 seconds at Tue Jun 19 23:10:54 UTC 2018
167 ms. Memory: 331264K Free: 248577K (75%)
ptolemy.util.test.WatchDog.cancel(): canceling Tue Jun 19 23:10:55 UTC 2018
auto.tcl: Setting watchdog for 200 seconds at Tue Jun 19 23:10:55 UTC 2018
173 ms. Memory: 331264K Free: 193309K (58%)
ptolemy.util.test.WatchDog.cancel(): canceling Tue Jun 19 23:10:55 UTC 2018
------------------ testing $PTII/ptolemy/domains/de/test/auto/ModalSource.xml
auto.tcl: Setting watchdog for 200 seconds at Tue Jun 19 23:10:55 UTC 2018
9 ms. Memory: 331264K Free: 316510K (96%)
ptolemy.util.test.WatchDog.cancel(): canceling Tue Jun 19 23:10:55 UTC 2018
auto.tcl: Setting watchdog for 200 seconds at Tue Jun 19 23:10:55 UTC 2018
4 ms. Memory: 331264K Free: 312983K (94%)
ptolemy.util.test.WatchDog.cancel(): canceling Tue Jun 19 23:10:55 UTC 2018
------------------ testing $PTII/ptolemy/domains/de/test/auto/NonInterruptibleTimerZeroDelay.xml
auto.tcl: Setting watchdog for 200 seconds at Tue Jun 19 23:10:55 UTC 2018
3 ms. Memory: 331264K Free: 320890K (97%)
ptolemy.util.test.WatchDog.cancel(): canceling Tue Jun 19 23:10:55 UTC 2018
auto.tcl: Setting watchdog for 200 seconds at Tue Jun 19 23:10:55 UTC 2018
2 ms. Memory: 331264K Free: 317363K (96%)
ptolemy.util.test.WatchDog.cancel(): canceling Tue Jun 19 23:10:55 UTC 2018
------------------ testing $PTII/ptolemy/domains/de/test/auto/OpenQueueingNetwork.xml
auto.tcl: Setting watchdog for 200 seconds at Tue Jun 19 23:10:55 UTC 2018
2497 ms. Memory: 573952K Free: 390634K (68%)
ptolemy.util.test.WatchDog.cancel(): canceling Tue Jun 19 23:10:58 UTC 2018
auto.tcl: Setting watchdog for 200 seconds at Tue Jun 19 23:10:58 UTC 2018
2298 ms. Memory: 550912K Free: 291686K (53%)
ptolemy.util.test.WatchDog.cancel(): canceling Tue Jun 19 23:11:00 UTC 2018
------------------ testing $PTII/ptolemy/domains/de/test/auto/OpenQueuingNetwork.xml
auto.tcl: Setting watchdog for 200 seconds at Tue Jun 19 23:11:00 UTC 2018
219 ms. Memory: 549888K Free: 445111K (81%)
ptolemy.util.test.WatchDog.cancel(): canceling Tue Jun 19 23:11:00 UTC 2018
auto.tcl: Setting watchdog for 200 seconds at Tue Jun 19 23:11:00 UTC 2018
217 ms. Memory: 549888K Free: 385411K (70%)
ptolemy.util.test.WatchDog.cancel(): canceling Tue Jun 19 23:11:00 UTC 2018
------------------ testing $PTII/ptolemy/domains/de/test/auto/PeriodicSampler.xml
auto.tcl: Setting watchdog for 200 seconds at Tue Jun 19 23:11:01 UTC 2018
3 ms. Memory: 551936K Free: 530940K (96%)
ptolemy.util.test.WatchDog.cancel(): canceling Tue Jun 19 23:11:01 UTC 2018
auto.tcl: Setting watchdog for 200 seconds at Tue Jun 19 23:11:01 UTC 2018
2 ms. Memory: 551936K Free: 530940K (96%)
ptolemy.util.test.WatchDog.cancel(): canceling Tue Jun 19 23:11:01 UTC 2018
------------------ testing $PTII/ptolemy/domains/de/test/auto/PersistentIO.xml
auto.tcl: Setting watchdog for 200 seconds at Tue Jun 19 23:11:01 UTC 2018
5 ms. Memory: 549376K Free: 522330K (95%)
ptolemy.util.test.WatchDog.cancel(): canceling Tue Jun 19 23:11:01 UTC 2018
auto.tcl: Setting watchdog for 200 seconds at Tue Jun 19 23:11:01 UTC 2018
4 ms. Memory: 549376K Free: 522330K (95%)
ptolemy.util.test.WatchDog.cancel(): canceling Tue Jun 19 23:11:01 UTC 2018
------------------ testing $PTII/ptolemy/domains/de/test/auto/PortParameterResetOnInitialize.xml
auto.tcl: Setting watchdog for 200 seconds at Tue Jun 19 23:11:01 UTC 2018
5 ms. Memory: 551424K Free: 530660K (96%)
ptolemy.util.test.WatchDog.cancel(): canceling Tue Jun 19 23:11:01 UTC 2018
auto.tcl: Setting watchdog for 200 seconds at Tue Jun 19 23:11:01 UTC 2018
2 ms. Memory: 551424K Free: 530660K (96%)
ptolemy.util.test.WatchDog.cancel(): canceling Tue Jun 19 23:11:01 UTC 2018
------------------ testing $PTII/ptolemy/domains/de/test/auto/PortParameterUpdates.xml
auto.tcl: Setting watchdog for 200 seconds at Tue Jun 19 23:11:01 UTC 2018
3 ms. Memory: 549376K Free: 528974K (96%)
ptolemy.util.test.WatchDog.cancel(): canceling Tue Jun 19 23:11:01 UTC 2018
auto.tcl: Setting watchdog for 200 seconds at Tue Jun 19 23:11:01 UTC 2018
4 ms. Memory: 549376K Free: 522111K (95%)
ptolemy.util.test.WatchDog.cancel(): canceling Tue Jun 19 23:11:01 UTC 2018
------------------ testing $PTII/ptolemy/domains/de/test/auto/QueueAndServer.xml
auto.tcl: Setting watchdog for 200 seconds at Tue Jun 19 23:11:01 UTC 2018
14 ms. Memory: 551424K Free: 535435K (97%)
ptolemy.util.test.WatchDog.cancel(): canceling Tue Jun 19 23:11:01 UTC 2018
auto.tcl: Setting watchdog for 200 seconds at Tue Jun 19 23:11:01 UTC 2018
6 ms. Memory: 551424K Free: 528794K (96%)
ptolemy.util.test.WatchDog.cancel(): canceling Tue Jun 19 23:11:01 UTC 2018
------------------ testing $PTII/ptolemy/domains/de/test/auto/Records.xml
auto.tcl: Setting watchdog for 200 seconds at Tue Jun 19 23:11:01 UTC 2018
3 ms. Memory: 549376K Free: 533329K (97%)
ptolemy.util.test.WatchDog.cancel(): canceling Tue Jun 19 23:11:01 UTC 2018
auto.tcl: Setting watchdog for 200 seconds at Tue Jun 19 23:11:01 UTC 2018
2 ms. Memory: 549376K Free: 533329K (97%)
ptolemy.util.test.WatchDog.cancel(): canceling Tue Jun 19 23:11:01 UTC 2018
------------------ testing $PTII/ptolemy/domains/de/test/auto/ResetTransitionWithStartTime1.xml
auto.tcl: Setting watchdog for 200 seconds at Tue Jun 19 23:11:01 UTC 2018
12 ms. Memory: 551424K Free: 528984K (96%)
ptolemy.util.test.WatchDog.cancel(): canceling Tue Jun 19 23:11:01 UTC 2018
auto.tcl: Setting watchdog for 200 seconds at Tue Jun 19 23:11:01 UTC 2018
6 ms. Memory: 551424K Free: 528755K (96%)
ptolemy.util.test.WatchDog.cancel(): canceling Tue Jun 19 23:11:01 UTC 2018
------------------ testing $PTII/ptolemy/domains/de/test/auto/ResetTransitionWithStartTime2.xml
auto.tcl: Setting watchdog for 200 seconds at Tue Jun 19 23:11:01 UTC 2018
11 ms. Memory: 549376K Free: 526927K (96%)
ptolemy.util.test.WatchDog.cancel(): canceling Tue Jun 19 23:11:01 UTC 2018
auto.tcl: Setting watchdog for 200 seconds at Tue Jun 19 23:11:01 UTC 2018
5 ms. Memory: 549376K Free: 526927K (96%)
ptolemy.util.test.WatchDog.cancel(): canceling Tue Jun 19 23:11:01 UTC 2018
------------------ testing $PTII/ptolemy/domains/de/test/auto/ResetTransitionWithStartTime3.xml
auto.tcl: Setting watchdog for 200 seconds at Tue Jun 19 23:11:01 UTC 2018
6 ms. Memory: 550912K Free: 528231K (96%)
ptolemy.util.test.WatchDog.cancel(): canceling Tue Jun 19 23:11:01 UTC 2018
auto.tcl: Setting watchdog for 200 seconds at Tue Jun 19 23:11:01 UTC 2018
4 ms. Memory: 550912K Free: 528231K (96%)
ptolemy.util.test.WatchDog.cancel(): canceling Tue Jun 19 23:11:01 UTC 2018
------------------ testing $PTII/ptolemy/domains/de/test/auto/ResetTransitionWithStartTime4.xml
auto.tcl: Setting watchdog for 200 seconds at Tue Jun 19 23:11:01 UTC 2018
4 ms. Memory: 549376K Free: 526925K (96%)
ptolemy.util.test.WatchDog.cancel(): canceling Tue Jun 19 23:11:01 UTC 2018
auto.tcl: Setting watchdog for 200 seconds at Tue Jun 19 23:11:01 UTC 2018
4 ms. Memory: 549376K Free: 526925K (96%)
ptolemy.util.test.WatchDog.cancel(): canceling Tue Jun 19 23:11:01 UTC 2018
------------------ testing $PTII/ptolemy/domains/de/test/auto/ResettableTimer1.xml
auto.tcl: Setting watchdog for 200 seconds at Tue Jun 19 23:11:01 UTC 2018
5 ms. Memory: 550912K Free: 534876K (97%)
ptolemy.util.test.WatchDog.cancel(): canceling Tue Jun 19 23:11:01 UTC 2018
auto.tcl: Setting watchdog for 200 seconds at Tue Jun 19 23:11:01 UTC 2018
2 ms. Memory: 550912K Free: 534876K (97%)
ptolemy.util.test.WatchDog.cancel(): canceling Tue Jun 19 23:11:01 UTC 2018
------------------ testing $PTII/ptolemy/domains/de/test/auto/ResettableTimer2.xml
auto.tcl: Setting watchdog for 200 seconds at Tue Jun 19 23:11:01 UTC 2018
2 ms. Memory: 549376K Free: 533628K (97%)
ptolemy.util.test.WatchDog.cancel(): canceling Tue Jun 19 23:11:01 UTC 2018
auto.tcl: Setting watchdog for 200 seconds at Tue Jun 19 23:11:01 UTC 2018
3 ms. Memory: 549376K Free: 533628K (97%)
ptolemy.util.test.WatchDog.cancel(): canceling Tue Jun 19 23:11:01 UTC 2018
------------------ testing $PTII/ptolemy/domains/de/test/auto/ResettableTimer3.xml
auto.tcl: Setting watchdog for 200 seconds at Tue Jun 19 23:11:01 UTC 2018
1 ms. Memory: 550912K Free: 530254K (96%)
ptolemy.util.test.WatchDog.cancel(): canceling Tue Jun 19 23:11:01 UTC 2018
auto.tcl: Setting watchdog for 200 seconds at Tue Jun 19 23:11:01 UTC 2018
1 ms. Memory: 550912K Free: 530254K (96%)
ptolemy.util.test.WatchDog.cancel(): canceling Tue Jun 19 23:11:01 UTC 2018
------------------ testing $PTII/ptolemy/domains/de/test/auto/ResettableTimer4.xml
auto.tcl: Setting watchdog for 200 seconds at Tue Jun 19 23:11:01 UTC 2018
1 ms. Memory: 549376K Free: 533640K (97%)
ptolemy.util.test.WatchDog.cancel(): canceling Tue Jun 19 23:11:01 UTC 2018
auto.tcl: Setting watchdog for 200 seconds at Tue Jun 19 23:11:01 UTC 2018
1 ms. Memory: 549376K Free: 533640K (97%)
ptolemy.util.test.WatchDog.cancel(): canceling Tue Jun 19 23:11:01 UTC 2018
------------------ testing $PTII/ptolemy/domains/de/test/auto/ResettableTimer5.xml
auto.tcl: Setting watchdog for 200 seconds at Tue Jun 19 23:11:02 UTC 2018
2 ms. Memory: 550400K Free: 529982K (96%)
ptolemy.util.test.WatchDog.cancel(): canceling Tue Jun 19 23:11:02 UTC 2018
auto.tcl: Setting watchdog for 200 seconds at Tue Jun 19 23:11:02 UTC 2018
1 ms. Memory: 550400K Free: 529982K (96%)
ptolemy.util.test.WatchDog.cancel(): canceling Tue Jun 19 23:11:02 UTC 2018
------------------ testing $PTII/ptolemy/domains/de/test/auto/ResettableTimer6.xml
auto.tcl: Setting watchdog for 200 seconds at Tue Jun 19 23:11:02 UTC 2018
2 ms. Memory: 549376K Free: 528678K (96%)
ptolemy.util.test.WatchDog.cancel(): canceling Tue Jun 19 23:11:02 UTC 2018
auto.tcl: Setting watchdog for 200 seconds at Tue Jun 19 23:11:02 UTC 2018
1 ms. Memory: 549376K Free: 528678K (96%)
ptolemy.util.test.WatchDog.cancel(): canceling Tue Jun 19 23:11:02 UTC 2018
------------------ testing $PTII/ptolemy/domains/de/test/auto/ServerZeroDelay.xml
auto.tcl: Setting watchdog for 200 seconds at Tue Jun 19 23:11:02 UTC 2018
2 ms. Memory: 550400K Free: 534602K (97%)
ptolemy.util.test.WatchDog.cancel(): canceling Tue Jun 19 23:11:02 UTC 2018
auto.tcl: Setting watchdog for 200 seconds at Tue Jun 19 23:11:02 UTC 2018
2 ms. Memory: 550400K Free: 534602K (97%)
ptolemy.util.test.WatchDog.cancel(): canceling Tue Jun 19 23:11:02 UTC 2018
------------------ testing $PTII/ptolemy/domains/de/test/auto/SmartSender.xml
auto.tcl: Setting watchdog for 200 seconds at Tue Jun 19 23:11:02 UTC 2018
3001 ms. Memory: 549376K Free: 528894K (96%)
ptolemy.util.test.WatchDog.cancel(): canceling Tue Jun 19 23:11:05 UTC 2018
auto.tcl: Setting watchdog for 200 seconds at Tue Jun 19 23:11:05 UTC 2018
3002 ms. Memory: 549376K Free: 528894K (96%)
ptolemy.util.test.WatchDog.cancel(): canceling Tue Jun 19 23:11:08 UTC 2018
------------------ testing $PTII/ptolemy/domains/de/test/auto/ThreadedComposite.xml
auto.tcl: Setting watchdog for 200 seconds at Tue Jun 19 23:11:08 UTC 2018
178 ms. Memory: 550400K Free: 513709K (93%)
ptolemy.util.test.WatchDog.cancel(): canceling Tue Jun 19 23:11:08 UTC 2018
auto.tcl: Setting watchdog for 200 seconds at Tue Jun 19 23:11:08 UTC 2018
159 ms. Memory: 550400K Free: 488357K (89%)
ptolemy.util.test.WatchDog.cancel(): canceling Tue Jun 19 23:11:08 UTC 2018
------------------ testing $PTII/ptolemy/domains/de/test/auto/Time.xml
auto.tcl: Setting watchdog for 200 seconds at Tue Jun 19 23:11:08 UTC 2018
497 ms. Memory: 549376K Free: 481593K (88%)
ptolemy.util.test.WatchDog.cancel(): canceling Tue Jun 19 23:11:09 UTC 2018
auto.tcl: Setting watchdog for 200 seconds at Tue Jun 19 23:11:09 UTC 2018
481 ms. Memory: 549376K Free: 428526K (78%)
ptolemy.util.test.WatchDog.cancel(): canceling Tue Jun 19 23:11:09 UTC 2018
------------------ testing $PTII/ptolemy/domains/de/test/auto/TimeDelayZeroDelay.xml
auto.tcl: Setting watchdog for 200 seconds at Tue Jun 19 23:11:09 UTC 2018
2 ms. Memory: 550400K Free: 534291K (97%)
ptolemy.util.test.WatchDog.cancel(): canceling Tue Jun 19 23:11:09 UTC 2018
auto.tcl: Setting watchdog for 200 seconds at Tue Jun 19 23:11:09 UTC 2018
2 ms. Memory: 550400K Free: 534291K (97%)
ptolemy.util.test.WatchDog.cancel(): canceling Tue Jun 19 23:11:09 UTC 2018
------------------ testing $PTII/ptolemy/domains/de/test/auto/TimerZeroDelay.xml
auto.tcl: Setting watchdog for 200 seconds at Tue Jun 19 23:11:09 UTC 2018
2 ms. Memory: 549376K Free: 533541K (97%)
ptolemy.util.test.WatchDog.cancel(): canceling Tue Jun 19 23:11:09 UTC 2018
auto.tcl: Setting watchdog for 200 seconds at Tue Jun 19 23:11:09 UTC 2018
2 ms. Memory: 549376K Free: 533541K (97%)
ptolemy.util.test.WatchDog.cancel(): canceling Tue Jun 19 23:11:09 UTC 2018
------------------ testing $PTII/ptolemy/domains/de/test/auto/TimingParadox.xml
auto.tcl: Setting watchdog for 200 seconds at Tue Jun 19 23:11:09 UTC 2018
331 ms. Memory: 549888K Free: 467850K (85%)
ptolemy.util.test.WatchDog.cancel(): canceling Tue Jun 19 23:11:10 UTC 2018
auto.tcl: Setting watchdog for 200 seconds at Tue Jun 19 23:11:10 UTC 2018
308 ms. Memory: 549888K Free: 434684K (79%)
ptolemy.util.test.WatchDog.cancel(): canceling Tue Jun 19 23:11:10 UTC 2018
------------------ testing $PTII/ptolemy/domains/de/test/auto/TransferInputs.xml
auto.tcl: Setting watchdog for 200 seconds at Tue Jun 19 23:11:10 UTC 2018
1 ms. Memory: 549888K Free: 532957K (97%)
ptolemy.util.test.WatchDog.cancel(): canceling Tue Jun 19 23:11:10 UTC 2018
auto.tcl: Setting watchdog for 200 seconds at Tue Jun 19 23:11:10 UTC 2018
2 ms. Memory: 549888K Free: 532957K (97%)
ptolemy.util.test.WatchDog.cancel(): canceling Tue Jun 19 23:11:10 UTC 2018
------------------ testing $PTII/ptolemy/domains/de/test/auto/TransferOutputs2.xml
auto.tcl: Setting watchdog for 200 seconds at Tue Jun 19 23:11:10 UTC 2018
4 ms. Memory: 549376K Free: 522226K (95%)
ptolemy.util.test.WatchDog.cancel(): canceling Tue Jun 19 23:11:10 UTC 2018
auto.tcl: Setting watchdog for 200 seconds at Tue Jun 19 23:11:10 UTC 2018
2 ms. Memory: 549376K Free: 522226K (95%)
ptolemy.util.test.WatchDog.cancel(): canceling Tue Jun 19 23:11:10 UTC 2018
------------------ testing $PTII/ptolemy/domains/de/test/auto/Trilateration.xml
auto.tcl: Setting watchdog for 200 seconds at Tue Jun 19 23:11:10 UTC 2018
13152 ms. Memory: 766976K Free: 246232K (32%)
ptolemy.util.test.WatchDog.cancel(): canceling Tue Jun 19 23:11:24 UTC 2018
auto.tcl: Setting watchdog for 200 seconds at Tue Jun 19 23:11:24 UTC 2018
10679 ms. Memory: 646144K Free: 109352K (17%)
ptolemy.util.test.WatchDog.cancel(): canceling Tue Jun 19 23:11:35 UTC 2018
------------------ testing $PTII/ptolemy/domains/de/test/auto/TwoSigmaDelta.xml
auto.tcl: Setting watchdog for 200 seconds at Tue Jun 19 23:11:35 UTC 2018
2593 ms. Memory: 649728K Free: 347936K (54%)
ptolemy.util.test.WatchDog.cancel(): canceling Tue Jun 19 23:11:38 UTC 2018
auto.tcl: Setting watchdog for 200 seconds at Tue Jun 19 23:11:38 UTC 2018
2057 ms. Memory: 649728K Free: 120772K (19%)
ptolemy.util.test.WatchDog.cancel(): canceling Tue Jun 19 23:11:40 UTC 2018
------------------ testing $PTII/ptolemy/domains/de/test/auto/VariableDelay.xml
auto.tcl: Setting watchdog for 200 seconds at Tue Jun 19 23:11:40 UTC 2018
2 ms. Memory: 646656K Free: 627285K (97%)
ptolemy.util.test.WatchDog.cancel(): canceling Tue Jun 19 23:11:40 UTC 2018
auto.tcl: Setting watchdog for 200 seconds at Tue Jun 19 23:11:40 UTC 2018
1 ms. Memory: 646656K Free: 627285K (97%)
ptolemy.util.test.WatchDog.cancel(): canceling Tue Jun 19 23:11:40 UTC 2018
------------------ testing $PTII/ptolemy/domains/de/test/auto/VariableDelay2.xml
auto.tcl: Setting watchdog for 200 seconds at Tue Jun 19 23:11:40 UTC 2018
2 ms. Memory: 646144K Free: 627219K (97%)
ptolemy.util.test.WatchDog.cancel(): canceling Tue Jun 19 23:11:40 UTC 2018
auto.tcl: Setting watchdog for 200 seconds at Tue Jun 19 23:11:40 UTC 2018
1 ms. Memory: 646144K Free: 627219K (97%)
ptolemy.util.test.WatchDog.cancel(): canceling Tue Jun 19 23:11:40 UTC 2018
------------------ testing $PTII/ptolemy/domains/de/test/auto/VariableDelayZeroDelay.xml
auto.tcl: Setting watchdog for 200 seconds at Tue Jun 19 23:11:40 UTC 2018
2 ms. Memory: 646144K Free: 627218K (97%)
ptolemy.util.test.WatchDog.cancel(): canceling Tue Jun 19 23:11:40 UTC 2018
auto.tcl: Setting watchdog for 200 seconds at Tue Jun 19 23:11:40 UTC 2018
2 ms. Memory: 646144K Free: 627218K (97%)
ptolemy.util.test.WatchDog.cancel(): canceling Tue Jun 19 23:11:40 UTC 2018
------------------ testing $PTII/ptolemy/domains/de/test/auto/VariableDelayZeroDelay2.xml
auto.tcl: Setting watchdog for 200 seconds at Tue Jun 19 23:11:40 UTC 2018
1 ms. Memory: 649216K Free: 624641K (96%)
ptolemy.util.test.WatchDog.cancel(): canceling Tue Jun 19 23:11:40 UTC 2018
auto.tcl: Setting watchdog for 200 seconds at Tue Jun 19 23:11:40 UTC 2018
1 ms. Memory: 649216K Free: 624641K (96%)
ptolemy.util.test.WatchDog.cancel(): canceling Tue Jun 19 23:11:40 UTC 2018
------------------ testing $PTII/ptolemy/domains/de/test/auto/deInCt.xml
auto.tcl: Setting watchdog for 200 seconds at Tue Jun 19 23:11:40 UTC 2018
0
1
1
1
0
0
1
1
1
0
0
0
0
1
1
1
1
1
1
1
1
1
0
0
0
0
0
12 ms. Memory: 646144K Free: 621534K (96%)
ptolemy.util.test.WatchDog.cancel(): canceling Tue Jun 19 23:11:40 UTC 2018
auto.tcl: Setting watchdog for 200 seconds at Tue Jun 19 23:11:40 UTC 2018
0
1
1
1
1
0
0
0
1
1
1
1
0
0
0
0
1
1
1
0
0
0
0
1
1
1
0
0
0
0
1
1
1
0
0
0
0
5 ms. Memory: 646144K Free: 621534K (96%)
ptolemy.util.test.WatchDog.cancel(): canceling Tue Jun 19 23:11:40 UTC 2018
------------------ testing $PTII/ptolemy/domains/de/test/auto/deInCt2.xml
auto.tcl: Setting watchdog for 200 seconds at Tue Jun 19 23:11:40 UTC 2018
0
1
1
1
0
0
1
1
1
0
0
1
1
1
0
0
1
1
1
0
0
1
1
1
0
0
1
1
1
0
0
1
1
1
0
0
1
1
1
0
0
0
5 ms. Memory: 648704K Free: 629741K (97%)
ptolemy.util.test.WatchDog.cancel(): canceling Tue Jun 19 23:11:40 UTC 2018
auto.tcl: Setting watchdog for 200 seconds at Tue Jun 19 23:11:40 UTC 2018
0
1
1
1
0
0
1
1
1
0
0
1
1
1
0
0
1
1
1
0
0
1
1
1
0
0
1
1
1
0
0
1
1
1
0
0
1
1
1
0
0
0
7 ms. Memory: 648704K Free: 629741K (97%)
ptolemy.util.test.WatchDog.cancel(): canceling Tue Jun 19 23:11:40 UTC 2018
------------------ testing $PTII/ptolemy/domains/de/test/auto/dynamicCausalityInterface1.xml
auto.tcl: Setting watchdog for 200 seconds at Tue Jun 19 23:11:41 UTC 2018
1 ms. Memory: 646144K Free: 618569K (96%)
ptolemy.util.test.WatchDog.cancel(): canceling Tue Jun 19 23:11:41 UTC 2018
auto.tcl: Setting watchdog for 200 seconds at Tue Jun 19 23:11:41 UTC 2018
1 ms. Memory: 646144K Free: 618569K (96%)
ptolemy.util.test.WatchDog.cancel(): canceling Tue Jun 19 23:11:41 UTC 2018
------------------ testing $PTII/ptolemy/domains/de/test/auto/fsm_de_test.xml
auto.tcl: Setting watchdog for 200 seconds at Tue Jun 19 23:11:41 UTC 2018
12 ms. Memory: 648192K Free: 623504K (96%)
ptolemy.util.test.WatchDog.cancel(): canceling Tue Jun 19 23:11:41 UTC 2018
auto.tcl: Setting watchdog for 200 seconds at Tue Jun 19 23:11:41 UTC 2018
4 ms. Memory: 648192K Free: 614865K (95%)
ptolemy.util.test.WatchDog.cancel(): canceling Tue Jun 19 23:11:41 UTC 2018
------------------ testing $PTII/ptolemy/domains/de/test/auto/functionDependencyReconstruction.xml
auto.tcl: Setting watchdog for 200 seconds at Tue Jun 19 23:11:41 UTC 2018
3 ms. Memory: 646144K Free: 612808K (95%)
ptolemy.util.test.WatchDog.cancel(): canceling Tue Jun 19 23:11:41 UTC 2018
auto.tcl: Setting watchdog for 200 seconds at Tue Jun 19 23:11:41 UTC 2018
2 ms. Memory: 646144K Free: 612808K (95%)
ptolemy.util.test.WatchDog.cancel(): canceling Tue Jun 19 23:11:41 UTC 2018
------------------ testing $PTII/ptolemy/domains/de/test/auto/multirate.xml
auto.tcl: Setting watchdog for 200 seconds at Tue Jun 19 23:11:41 UTC 2018
6 ms. Memory: 648192K Free: 628987K (97%)
ptolemy.util.test.WatchDog.cancel(): canceling Tue Jun 19 23:11:41 UTC 2018
auto.tcl: Setting watchdog for 200 seconds at Tue Jun 19 23:11:41 UTC 2018
2 ms. Memory: 648192K Free: 628987K (97%)
ptolemy.util.test.WatchDog.cancel(): canceling Tue Jun 19 23:11:41 UTC 2018
------------------ testing $PTII/ptolemy/domains/de/test/auto/multirate2.xml
auto.tcl: Setting watchdog for 200 seconds at Tue Jun 19 23:11:41 UTC 2018
2 ms. Memory: 646144K Free: 627126K (97%)
ptolemy.util.test.WatchDog.cancel(): canceling Tue Jun 19 23:11:41 UTC 2018
auto.tcl: Setting watchdog for 200 seconds at Tue Jun 19 23:11:41 UTC 2018
3 ms. Memory: 646144K Free: 627126K (97%)
ptolemy.util.test.WatchDog.cancel(): canceling Tue Jun 19 23:11:41 UTC 2018
------------------ testing $PTII/ptolemy/domains/de/test/auto/realtime.xml
auto.tcl: Setting watchdog for 200 seconds at Tue Jun 19 23:11:41 UTC 2018
10001 ms. Memory: 647680K Free: 628660K (97%)
ptolemy.util.test.WatchDog.cancel(): canceling Tue Jun 19 23:11:51 UTC 2018
auto.tcl: Setting watchdog for 200 seconds at Tue Jun 19 23:11:51 UTC 2018
10001 ms. Memory: 647680K Free: 628660K (97%)
ptolemy.util.test.WatchDog.cancel(): canceling Tue Jun 19 23:12:01 UTC 2018
------------------ testing $PTII/ptolemy/domains/de/test/auto/relationGroup.xml
auto.tcl: Setting watchdog for 200 seconds at Tue Jun 19 23:12:01 UTC 2018
2 ms. Memory: 646144K Free: 627182K (97%)
ptolemy.util.test.WatchDog.cancel(): canceling Tue Jun 19 23:12:01 UTC 2018
auto.tcl: Setting watchdog for 200 seconds at Tue Jun 19 23:12:01 UTC 2018
1 ms. Memory: 646144K Free: 627182K (97%)
ptolemy.util.test.WatchDog.cancel(): canceling Tue Jun 19 23:12:01 UTC 2018
------------------ testing $PTII/ptolemy/domains/de/test/auto/relationGroup2.xml
auto.tcl: Setting watchdog for 200 seconds at Tue Jun 19 23:12:01 UTC 2018
1 ms. Memory: 647680K Free: 628745K (97%)
ptolemy.util.test.WatchDog.cancel(): canceling Tue Jun 19 23:12:01 UTC 2018
auto.tcl: Setting watchdog for 200 seconds at Tue Jun 19 23:12:01 UTC 2018
1 ms. Memory: 647680K Free: 628745K (97%)
ptolemy.util.test.WatchDog.cancel(): canceling Tue Jun 19 23:12:01 UTC 2018
------------------ testing $PTII/ptolemy/domains/de/test/auto/sortWithOpaquePorts.xml
auto.tcl: Setting watchdog for 200 seconds at Tue Jun 19 23:12:01 UTC 2018
1 ms. Memory: 646144K Free: 621562K (96%)
ptolemy.util.test.WatchDog.cancel(): canceling Tue Jun 19 23:12:01 UTC 2018
auto.tcl: Setting watchdog for 200 seconds at Tue Jun 19 23:12:01 UTC 2018
1 ms. Memory: 646144K Free: 621562K (96%)
ptolemy.util.test.WatchDog.cancel(): canceling Tue Jun 19 23:12:01 UTC 2018
------------------ testing $PTII/ptolemy/domains/de/test/auto/transferInputsandOutputs.xml
auto.tcl: Setting watchdog for 200 seconds at Tue Jun 19 23:12:01 UTC 2018
1 ms. Memory: 647168K Free: 622574K (96%)
ptolemy.util.test.WatchDog.cancel(): canceling Tue Jun 19 23:12:01 UTC 2018
auto.tcl: Setting watchdog for 200 seconds at Tue Jun 19 23:12:01 UTC 2018
1 ms. Memory: 647168K Free: 622574K (96%)
ptolemy.util.test.WatchDog.cancel(): canceling Tue Jun 19 23:12:01 UTC 2018
------------------ testing $PTII/ptolemy/domains/de/test/auto/triggerType.xml
auto.tcl: Setting watchdog for 200 seconds at Tue Jun 19 23:12:01 UTC 2018
1 ms. Memory: 646144K Free: 621500K (96%)
ptolemy.util.test.WatchDog.cancel(): canceling Tue Jun 19 23:12:01 UTC 2018
auto.tcl: Setting watchdog for 200 seconds at Tue Jun 19 23:12:01 UTC 2018
1 ms. Memory: 646144K Free: 621500K (96%)
ptolemy.util.test.WatchDog.cancel(): canceling Tue Jun 19 23:12:01 UTC 2018
06/19/18 11:12:01
Failed: 0  Total Tests: 192  ((Passed: 187, Newly Passed: 1)  Known Failed: 5) /home/travis/build/icyphy/ptII/ptolemy/domains/de/test
06/19/18 11:12:01
Failed: 0  Total Tests: 192  ((Passed: 187, Newly Passed: 1)  Known Failed: 5) /home/travis/build/icyphy/ptII/ptolemy/domains/de/test
----------------- testing (KnownFailure) /home/travis/build/icyphy/ptII/ptolemy/domains/de/test/auto/knownFailedTests/DESDFClockTest.xml
2007 ms. Memory: 647168K Free: 611284K (94%)
Known Failure: java.lang.reflect.InvocationTargetException
----------------- testing (KnownFailure) /home/travis/build/icyphy/ptII/ptolemy/domains/de/test/auto/knownFailedTests/DirectFeedback.xml
1 ms. Memory: 647168K Free: 566072K (87%)
Known Failure: java.lang.reflect.InvocationTargetException
----------------- testing (KnownFailure) /home/travis/build/icyphy/ptII/ptolemy/domains/de/test/auto/knownFailedTests/FSMSource.xml
4 ms. Memory: 647168K Free: 520893K (80%)
----------------- testing (KnownFailure) /home/travis/build/icyphy/ptII/ptolemy/domains/de/test/auto/knownFailedTests/HierarchicalModel.xml
1 ms. Memory: 647168K Free: 487009K (75%)
Known Failure: java.lang.reflect.InvocationTargetException
----------------- testing (KnownFailure) /home/travis/build/icyphy/ptII/ptolemy/domains/de/test/auto/knownFailedTests/dependencyLoop.xml
1 ms. Memory: 647168K Free: 430519K (67%)
Known Failure: java.lang.reflect.InvocationTargetException
----------------- testing (KnownFailure) /home/travis/build/icyphy/ptII/ptolemy/domains/de/test/auto/knownFailedTests/dependencyLoop2.xml
2 ms. Memory: 647168K Free: 374045K (58%)
Known Failure: java.lang.reflect.InvocationTargetException
No auto/linux-amd64/*.xml tests in /home/travis/build/icyphy/ptII/ptolemy/domains/de/test
AutoTests.java: About to close Vertx.
AutoTests.java: Vertx closed.

===========================================================================================
----------------- testing Tue Jun 19 23:12:03 UTC 2018 /home/travis/build/icyphy/ptII/ptolemy/domains/de/test/auto/ActorDepthCalculation_actorWithoutPorts.xml
----------------- Instantiating /home/travis/build/icyphy/ptII/ptolemy/domains/de/test/auto/ActorDepthCalculation_actorWithoutPorts.xml
1 ms. Memory: 647168K Free: 317571K (49%)
----------------- Invoking toplevel() on ptolemy.moml.MoMLSimpleApplication@8e06cd1
----------------- Done invoking toplevel() on ptolemy.moml.MoMLSimpleApplication@8e06cd1
reloadAllAccessors: .ActorDepthCalculation_actorWithoutPorts

===========================================================================================
----------------- testing Tue Jun 19 23:12:03 UTC 2018 /home/travis/build/icyphy/ptII/ptolemy/domains/de/test/auto/AssemblyLine.xml
----------------- Instantiating /home/travis/build/icyphy/ptII/ptolemy/domains/de/test/auto/AssemblyLine.xml
1 ms. Memory: 647168K Free: 294982K (46%)
----------------- Invoking toplevel() on ptolemy.moml.MoMLSimpleApplication@1f777340
----------------- Done invoking toplevel() on ptolemy.moml.MoMLSimpleApplication@1f777340
reloadAllAccessors: .AssemblyLine

===========================================================================================
----------------- testing Tue Jun 19 23:12:03 UTC 2018 /home/travis/build/icyphy/ptII/ptolemy/domains/de/test/auto/CQBug1.xml
----------------- Instantiating /home/travis/build/icyphy/ptII/ptolemy/domains/de/test/auto/CQBug1.xml
0 ms. Memory: 647168K Free: 272392K (42%)
----------------- Invoking toplevel() on ptolemy.moml.MoMLSimpleApplication@4454d6d7
----------------- Done invoking toplevel() on ptolemy.moml.MoMLSimpleApplication@4454d6d7
reloadAllAccessors: .CQBug1

===========================================================================================
----------------- testing Tue Jun 19 23:12:03 UTC 2018 /home/travis/build/icyphy/ptII/ptolemy/domains/de/test/auto/CancelFireAt.xml
----------------- Instantiating /home/travis/build/icyphy/ptII/ptolemy/domains/de/test/auto/CancelFireAt.xml
1 ms. Memory: 647168K Free: 249803K (39%)
----------------- Invoking toplevel() on ptolemy.moml.MoMLSimpleApplication@1c0dfca5
----------------- Done invoking toplevel() on ptolemy.moml.MoMLSimpleApplication@1c0dfca5
reloadAllAccessors: .CancelFireAt

===========================================================================================
----------------- testing Tue Jun 19 23:12:03 UTC 2018 /home/travis/build/icyphy/ptII/ptolemy/domains/de/test/auto/CausalityAndComposabilityAnalysis.xml
----------------- Instantiating /home/travis/build/icyphy/ptII/ptolemy/domains/de/test/auto/CausalityAndComposabilityAnalysis.xml
2 ms. Memory: 647168K Free: 227213K (35%)
----------------- Invoking toplevel() on ptolemy.moml.MoMLSimpleApplication@175eac77
----------------- Done invoking toplevel() on ptolemy.moml.MoMLSimpleApplication@175eac77
reloadAllAccessors: .CausalityAndComposabilityAnalysis

===========================================================================================
----------------- testing Tue Jun 19 23:12:03 UTC 2018 /home/travis/build/icyphy/ptII/ptolemy/domains/de/test/auto/CausalityInterface1.xml
----------------- Instantiating /home/travis/build/icyphy/ptII/ptolemy/domains/de/test/auto/CausalityInterface1.xml
3 ms. Memory: 647168K Free: 204624K (32%)
----------------- Invoking toplevel() on ptolemy.moml.MoMLSimpleApplication@7439057b
----------------- Done invoking toplevel() on ptolemy.moml.MoMLSimpleApplication@7439057b
reloadAllAccessors: .CausalityInterface1

===========================================================================================
----------------- testing Tue Jun 19 23:12:03 UTC 2018 /home/travis/build/icyphy/ptII/ptolemy/domains/de/test/auto/CausalityInterface15.xml
----------------- Instantiating /home/travis/build/icyphy/ptII/ptolemy/domains/de/test/auto/CausalityInterface15.xml
1 ms. Memory: 647168K Free: 182034K (28%)
----------------- Invoking toplevel() on ptolemy.moml.MoMLSimpleApplication@4a04409b
----------------- Done invoking toplevel() on ptolemy.moml.MoMLSimpleApplication@4a04409b
reloadAllAccessors: .CausalityInterface15

[...]
java.lang.RuntimeException: Execution failed
	at ptolemy.moml.MoMLSimpleApplication$UnloadThread.run(MoMLSimpleApplication.java:402)
Caused by: ptolemy.kernel.util.IllegalActionException: Test fails in iteration 1.
Value was: 1.0. Should have been: 2.0
  in .DirectFeedback.Test
	at ptolemy.actor.lib.Test.fire(Test.java:268)
	at ptolemy.domains.de.kernel.DEDirector._fire(DEDirector.java:1949)
	at ptolemy.domains.de.kernel.DEDirector.fire(DEDirector.java:502)
	at ptolemy.actor.CompositeActor.fire(CompositeActor.java:455)
	at ptolemy.actor.Manager.iterate(Manager.java:851)
	at ptolemy.actor.Manager.execute(Manager.java:369)
	at ptolemy.actor.Manager.run(Manager.java:1263)
	at ptolemy.actor.Manager$PtolemyRunThread.run(Manager.java:1915)
java.lang.RuntimeException: Execution failed
	at ptolemy.moml.MoMLSimpleApplication$UnloadThread.run(MoMLSimpleApplication.java:402)
Caused by: ptolemy.kernel.util.IllegalActionException: Actor is not ready to fire.  Perhaps UpSample.prefire() returned false? Try debugging the actor by selecting "Listen to Actor".  Also, for SDF check moml for tokenConsumptionRate on input.
  in .DESDFClockTest.Play Bell.Copy1:SDF Director and .DESDFClockTest.Play Bell.UpSample
	at ptolemy.actor.sched.StaticSchedulingDirector.fire(StaticSchedulingDirector.java:227)
	at ptolemy.domains.sdf.kernel.SDFDirector.fire(SDFDirector.java:500)
	at ptolemy.actor.CompositeActor.fire(CompositeActor.java:455)
	at ptolemy.domains.de.kernel.DEDirector._fire(DEDirector.java:1949)
	at ptolemy.domains.de.kernel.DEDirector.fire(DEDirector.java:502)
	at ptolemy.actor.CompositeActor.fire(CompositeActor.java:455)
	at ptolemy.actor.Manager.iterate(Manager.java:851)
	at ptolemy.actor.Manager.execute(Manager.java:369)
	at ptolemy.actor.Manager.run(Manager.java:1263)
	at ptolemy.actor.Manager$PtolemyRunThread.run(Manager.java:1915)
java.lang.reflect.InvocationTargetException
	at sun.reflect.NativeConstructorAccessorImpl.newInstance0(Native Method)
	at sun.reflect.NativeConstructorAccessorImpl.newInstance(NativeConstructorAccessorImpl.java:62)
	at sun.reflect.DelegatingConstructorAccessorImpl.newInstance(DelegatingConstructorAccessorImpl.java:45)
	at java.lang.reflect.Constructor.newInstance(Constructor.java:423)
	at ptolemy.util.test.junit.AutoKnownFailedTests.RunModel(AutoKnownFailedTests.java:107)
	at sun.reflect.NativeMethodAccessorImpl.invoke0(Native Method)
	at sun.reflect.NativeMethodAccessorImpl.invoke(NativeMethodAccessorImpl.java:62)
	at sun.reflect.DelegatingMethodAccessorImpl.invoke(DelegatingMethodAccessorImpl.java:43)
	at java.lang.reflect.Method.invoke(Method.java:498)
	at org.junit.runners.model.FrameworkMethod$1.runReflectiveCall(FrameworkMethod.java:44)
	at org.junit.internal.runners.model.ReflectiveCallable.run(ReflectiveCallable.java:15)
	at org.junit.runners.model.FrameworkMethod.invokeExplosively(FrameworkMethod.java:41)
	at junitparams.internal.InvokeParameterisedMethod.evaluate(InvokeParameterisedMethod.java:102)
	at org.junit.internal.runners.statements.FailOnTimeout$1.run(FailOnTimeout.java:28)
Caused by: ptolemy.kernel.util.IllegalActionException: Actor is not ready to fire.  Perhaps UpSample.prefire() returned false? Try debugging the actor by selecting "Listen to Actor".  Also, for SDF check moml for tokenConsumptionRate on input.
  in .DESDFClockTest.Play Bell.Copy1:SDF Director and .DESDFClockTest.Play Bell.UpSample
	at ptolemy.actor.sched.StaticSchedulingDirector.fire(StaticSchedulingDirector.java:227)
	at ptolemy.domains.sdf.kernel.SDFDirector.fire(SDFDirector.java:500)
	at ptolemy.actor.CompositeActor.fire(CompositeActor.java:455)
	at ptolemy.domains.de.kernel.DEDirector._fire(DEDirector.java:1949)
	at ptolemy.domains.de.kernel.DEDirector.fire(DEDirector.java:502)
	at ptolemy.actor.CompositeActor.fire(CompositeActor.java:455)
	at ptolemy.actor.Manager.iterate(Manager.java:851)
	at ptolemy.actor.Manager.execute(Manager.java:369)
	at ptolemy.actor.Manager.run(Manager.java:1263)
	at ptolemy.actor.Manager$PtolemyRunThread.run(Manager.java:1915)
java.lang.RuntimeException: Execution failed
	at ptolemy.moml.MoMLSimpleApplication$UnloadThread.run(MoMLSimpleApplication.java:402)
Caused by: ptolemy.kernel.util.IllegalActionException: Test fails in iteration 1.
Value was: 1.0. Should have been: 2.0
  in .DirectFeedback.Test
	at ptolemy.actor.lib.Test.fire(Test.java:268)
	at ptolemy.domains.de.kernel.DEDirector._fire(DEDirector.java:1949)
	at ptolemy.domains.de.kernel.DEDirector.fire(DEDirector.java:502)
	at ptolemy.actor.CompositeActor.fire(CompositeActor.java:455)
	at ptolemy.actor.Manager.iterate(Manager.java:851)
	at ptolemy.actor.Manager.execute(Manager.java:369)
	at ptolemy.actor.Manager.run(Manager.java:1263)
	at ptolemy.actor.Manager$PtolemyRunThread.run(Manager.java:1915)
java.lang.reflect.InvocationTargetException
	at sun.reflect.NativeConstructorAccessorImpl.newInstance0(Native Method)
	at sun.reflect.NativeConstructorAccessorImpl.newInstance(NativeConstructorAccessorImpl.java:62)
	at sun.reflect.DelegatingConstructorAccessorImpl.newInstance(DelegatingConstructorAccessorImpl.java:45)
	at java.lang.reflect.Constructor.newInstance(Constructor.java:423)
	at ptolemy.util.test.junit.AutoKnownFailedTests.RunModel(AutoKnownFailedTests.java:107)
	at sun.reflect.NativeMethodAccessorImpl.invoke0(Native Method)
	at sun.reflect.NativeMethodAccessorImpl.invoke(NativeMethodAccessorImpl.java:62)
	at sun.reflect.DelegatingMethodAccessorImpl.invoke(DelegatingMethodAccessorImpl.java:43)
	at java.lang.reflect.Method.invoke(Method.java:498)
	at org.junit.runners.model.FrameworkMethod$1.runReflectiveCall(FrameworkMethod.java:44)
	at org.junit.internal.runners.model.ReflectiveCallable.run(ReflectiveCallable.java:15)
	at org.junit.runners.model.FrameworkMethod.invokeExplosively(FrameworkMethod.java:41)
	at junitparams.internal.InvokeParameterisedMethod.evaluate(InvokeParameterisedMethod.java:102)
	at org.junit.internal.runners.statements.FailOnTimeout$1.run(FailOnTimeout.java:28)
Caused by: ptolemy.kernel.util.IllegalActionException: Test fails in iteration 1.
Value was: 1.0. Should have been: 2.0
  in .DirectFeedback.Test
	at ptolemy.actor.lib.Test.fire(Test.java:268)
	at ptolemy.domains.de.kernel.DEDirector._fire(DEDirector.java:1949)
	at ptolemy.domains.de.kernel.DEDirector.fire(DEDirector.java:502)
	at ptolemy.actor.CompositeActor.fire(CompositeActor.java:455)
	at ptolemy.actor.Manager.iterate(Manager.java:851)
	at ptolemy.actor.Manager.execute(Manager.java:369)
	at ptolemy.actor.Manager.run(Manager.java:1263)
	at ptolemy.actor.Manager$PtolemyRunThread.run(Manager.java:1915)
java.lang.RuntimeException: Execution failed
	at ptolemy.moml.MoMLSimpleApplication$UnloadThread.run(MoMLSimpleApplication.java:402)
Caused by: ptolemy.kernel.util.IllegalActionException: Found a zero delay loop containing .HierarchicalModel.A
  in .HierarchicalModel and .HierarchicalModel.A
	at ptolemy.actor.util.CausalityInterfaceForComposites._computeOutputPortDepth(CausalityInterfaceForComposites.java:759)
	at ptolemy.actor.util.CausalityInterfaceForComposites._computeInputDepth(CausalityInterfaceForComposites.java:696)
	at ptolemy.actor.util.CausalityInterfaceForComposites._computeOutputPortDepth(CausalityInterfaceForComposites.java:765)
	at ptolemy.actor.util.CausalityInterfaceForComposites._computeInputDepth(CausalityInterfaceForComposites.java:696)
	at ptolemy.actor.util.CausalityInterfaceForComposites._computeOutputPortDepth(CausalityInterfaceForComposites.java:765)
	at ptolemy.actor.util.CausalityInterfaceForComposites._computeInputDepth(CausalityInterfaceForComposites.java:696)
	at ptolemy.actor.util.CausalityInterfaceForComposites._computeActorDepth(CausalityInterfaceForComposites.java:532)
	at ptolemy.actor.util.CausalityInterfaceForComposites.checkForCycles(CausalityInterfaceForComposites.java:96)
	at ptolemy.domains.de.kernel.DEDirector.preinitialize(DEDirector.java:1338)
	at ptolemy.actor.CompositeActor.preinitialize(CompositeActor.java:1828)
	at ptolemy.actor.Manager.preinitializeAndResolveTypes(Manager.java:1040)
	at ptolemy.actor.Manager.initialize(Manager.java:710)
	at ptolemy.actor.Manager.execute(Manager.java:356)
	at ptolemy.actor.Manager.run(Manager.java:1263)
	at ptolemy.actor.Manager$PtolemyRunThread.run(Manager.java:1915)
java.lang.reflect.InvocationTargetException
	at sun.reflect.NativeConstructorAccessorImpl.newInstance0(Native Method)
	at sun.reflect.NativeConstructorAccessorImpl.newInstance(NativeConstructorAccessorImpl.java:62)
	at sun.reflect.DelegatingConstructorAccessorImpl.newInstance(DelegatingConstructorAccessorImpl.java:45)
	at java.lang.reflect.Constructor.newInstance(Constructor.java:423)
	at ptolemy.util.test.junit.AutoKnownFailedTests.RunModel(AutoKnownFailedTests.java:107)
	at sun.reflect.NativeMethodAccessorImpl.invoke0(Native Method)
	at sun.reflect.NativeMethodAccessorImpl.invoke(NativeMethodAccessorImpl.java:62)
	at sun.reflect.DelegatingMethodAccessorImpl.invoke(DelegatingMethodAccessorImpl.java:43)
	at java.lang.reflect.Method.invoke(Method.java:498)
	at org.junit.runners.model.FrameworkMethod$1.runReflectiveCall(FrameworkMethod.java:44)
	at org.junit.internal.runners.model.ReflectiveCallable.run(ReflectiveCallable.java:15)
	at org.junit.runners.model.FrameworkMethod.invokeExplosively(FrameworkMethod.java:41)
	at junitparams.internal.InvokeParameterisedMethod.evaluate(InvokeParameterisedMethod.java:102)
	at org.junit.internal.runners.statements.FailOnTimeout$1.run(FailOnTimeout.java:28)
Caused by: ptolemy.kernel.util.IllegalActionException: Found a zero delay loop containing .HierarchicalModel.A
  in .HierarchicalModel and .HierarchicalModel.A
	at ptolemy.actor.util.CausalityInterfaceForComposites._computeOutputPortDepth(CausalityInterfaceForComposites.java:759)
	at ptolemy.actor.util.CausalityInterfaceForComposites._computeInputDepth(CausalityInterfaceForComposites.java:696)
	at ptolemy.actor.util.CausalityInterfaceForComposites._computeOutputPortDepth(CausalityInterfaceForComposites.java:765)
	at ptolemy.actor.util.CausalityInterfaceForComposites._computeInputDepth(CausalityInterfaceForComposites.java:696)
	at ptolemy.actor.util.CausalityInterfaceForComposites._computeOutputPortDepth(CausalityInterfaceForComposites.java:765)
	at ptolemy.actor.util.CausalityInterfaceForComposites._computeInputDepth(CausalityInterfaceForComposites.java:696)
	at ptolemy.actor.util.CausalityInterfaceForComposites._computeActorDepth(CausalityInterfaceForComposites.java:532)
	at ptolemy.actor.util.CausalityInterfaceForComposites.checkForCycles(CausalityInterfaceForComposites.java:96)
	at ptolemy.domains.de.kernel.DEDirector.preinitialize(DEDirector.java:1338)
	at ptolemy.actor.CompositeActor.preinitialize(CompositeActor.java:1828)
	at ptolemy.actor.Manager.preinitializeAndResolveTypes(Manager.java:1040)
	at ptolemy.actor.Manager.initialize(Manager.java:710)
	at ptolemy.actor.Manager.execute(Manager.java:356)
	at ptolemy.actor.Manager.run(Manager.java:1263)
	at ptolemy.actor.Manager$PtolemyRunThread.run(Manager.java:1915)
java.lang.RuntimeException: Execution failed
	at ptolemy.moml.MoMLSimpleApplication$UnloadThread.run(MoMLSimpleApplication.java:402)
Caused by: ptolemy.kernel.util.IllegalActionException: Found a zero delay loop containing .dependencyLoop.original
  in .dependencyLoop and .dependencyLoop.original
	at ptolemy.actor.util.CausalityInterfaceForComposites._computeOutputPortDepth(CausalityInterfaceForComposites.java:759)
	at ptolemy.actor.util.CausalityInterfaceForComposites._computeInputDepth(CausalityInterfaceForComposites.java:696)
	at ptolemy.actor.util.CausalityInterfaceForComposites._computeOutputPortDepth(CausalityInterfaceForComposites.java:765)
	at ptolemy.actor.util.CausalityInterfaceForComposites._computeInputDepth(CausalityInterfaceForComposites.java:696)
	at ptolemy.actor.util.CausalityInterfaceForComposites._computeOutputPortDepth(CausalityInterfaceForComposites.java:765)
	at ptolemy.actor.util.CausalityInterfaceForComposites._computeInputDepth(CausalityInterfaceForComposites.java:696)
	at ptolemy.actor.util.CausalityInterfaceForComposites._computeActorDepth(CausalityInterfaceForComposites.java:532)
	at ptolemy.actor.util.CausalityInterfaceForComposites.checkForCycles(CausalityInterfaceForComposites.java:96)
	at ptolemy.domains.de.kernel.DEDirector.preinitialize(DEDirector.java:1338)
	at ptolemy.actor.CompositeActor.preinitialize(CompositeActor.java:1828)
	at ptolemy.actor.Manager.preinitializeAndResolveTypes(Manager.java:1040)
	at ptolemy.actor.Manager.initialize(Manager.java:710)
	at ptolemy.actor.Manager.execute(Manager.java:356)
	at ptolemy.actor.Manager.run(Manager.java:1263)
	at ptolemy.actor.Manager$PtolemyRunThread.run(Manager.java:1915)
java.lang.reflect.InvocationTargetException
	at sun.reflect.NativeConstructorAccessorImpl.newInstance0(Native Method)
	at sun.reflect.NativeConstructorAccessorImpl.newInstance(NativeConstructorAccessorImpl.java:62)
	at sun.reflect.DelegatingConstructorAccessorImpl.newInstance(DelegatingConstructorAccessorImpl.java:45)
	at java.lang.reflect.Constructor.newInstance(Constructor.java:423)
	at ptolemy.util.test.junit.AutoKnownFailedTests.RunModel(AutoKnownFailedTests.java:107)
	at sun.reflect.NativeMethodAccessorImpl.invoke0(Native Method)
	at sun.reflect.NativeMethodAccessorImpl.invoke(NativeMethodAccessorImpl.java:62)
	at sun.reflect.DelegatingMethodAccessorImpl.invoke(DelegatingMethodAccessorImpl.java:43)
	at java.lang.reflect.Method.invoke(Method.java:498)
	at org.junit.runners.model.FrameworkMethod$1.runReflectiveCall(FrameworkMethod.java:44)
	at org.junit.internal.runners.model.ReflectiveCallable.run(ReflectiveCallable.java:15)
	at org.junit.runners.model.FrameworkMethod.invokeExplosively(FrameworkMethod.java:41)
	at junitparams.internal.InvokeParameterisedMethod.evaluate(InvokeParameterisedMethod.java:102)
	at org.junit.internal.runners.statements.FailOnTimeout$1.run(FailOnTimeout.java:28)
Caused by: ptolemy.kernel.util.IllegalActionException: Found a zero delay loop containing .dependencyLoop.original
  in .dependencyLoop and .dependencyLoop.original
	at ptolemy.actor.util.CausalityInterfaceForComposites._computeOutputPortDepth(CausalityInterfaceForComposites.java:759)
	at ptolemy.actor.util.CausalityInterfaceForComposites._computeInputDepth(CausalityInterfaceForComposites.java:696)
	at ptolemy.actor.util.CausalityInterfaceForComposites._computeOutputPortDepth(CausalityInterfaceForComposites.java:765)
	at ptolemy.actor.util.CausalityInterfaceForComposites._computeInputDepth(CausalityInterfaceForComposites.java:696)
	at ptolemy.actor.util.CausalityInterfaceForComposites._computeOutputPortDepth(CausalityInterfaceForComposites.java:765)
	at ptolemy.actor.util.CausalityInterfaceForComposites._computeInputDepth(CausalityInterfaceForComposites.java:696)
	at ptolemy.actor.util.CausalityInterfaceForComposites._computeActorDepth(CausalityInterfaceForComposites.java:532)
	at ptolemy.actor.util.CausalityInterfaceForComposites.checkForCycles(CausalityInterfaceForComposites.java:96)
	at ptolemy.domains.de.kernel.DEDirector.preinitialize(DEDirector.java:1338)
	at ptolemy.actor.CompositeActor.preinitialize(CompositeActor.java:1828)
	at ptolemy.actor.Manager.preinitializeAndResolveTypes(Manager.java:1040)
	at ptolemy.actor.Manager.initialize(Manager.java:710)
	at ptolemy.actor.Manager.execute(Manager.java:356)
	at ptolemy.actor.Manager.run(Manager.java:1263)
	at ptolemy.actor.Manager$PtolemyRunThread.run(Manager.java:1915)
java.lang.RuntimeException: Execution failed
	at ptolemy.moml.MoMLSimpleApplication$UnloadThread.run(MoMLSimpleApplication.java:402)
Caused by: ptolemy.kernel.util.IllegalActionException: Found a zero delay loop containing .dependencyLoop2.original
  in .dependencyLoop2 and .dependencyLoop2.original
	at ptolemy.actor.util.CausalityInterfaceForComposites._computeOutputPortDepth(CausalityInterfaceForComposites.java:759)
	at ptolemy.actor.util.CausalityInterfaceForComposites._computeInputDepth(CausalityInterfaceForComposites.java:696)
	at ptolemy.actor.util.CausalityInterfaceForComposites._computeOutputPortDepth(CausalityInterfaceForComposites.java:765)
	at ptolemy.actor.util.CausalityInterfaceForComposites._computeInputDepth(CausalityInterfaceForComposites.java:696)
	at ptolemy.actor.util.CausalityInterfaceForComposites._computeOutputPortDepth(CausalityInterfaceForComposites.java:765)
	at ptolemy.actor.util.CausalityInterfaceForComposites._computeInputDepth(CausalityInterfaceForComposites.java:696)
	at ptolemy.actor.util.CausalityInterfaceForComposites._computeActorDepth(CausalityInterfaceForComposites.java:532)
	at ptolemy.actor.util.CausalityInterfaceForComposites.checkForCycles(CausalityInterfaceForComposites.java:96)
	at ptolemy.domains.de.kernel.DEDirector.preinitialize(DEDirector.java:1338)
	at ptolemy.actor.CompositeActor.preinitialize(CompositeActor.java:1828)
	at ptolemy.actor.Manager.preinitializeAndResolveTypes(Manager.java:1040)
	at ptolemy.actor.Manager.initialize(Manager.java:710)
	at ptolemy.actor.Manager.execute(Manager.java:356)
	at ptolemy.actor.Manager.run(Manager.java:1263)
	at ptolemy.actor.Manager$PtolemyRunThread.run(Manager.java:1915)
java.lang.reflect.InvocationTargetException
	at sun.reflect.NativeConstructorAccessorImpl.newInstance0(Native Method)
	at sun.reflect.NativeConstructorAccessorImpl.newInstance(NativeConstructorAccessorImpl.java:62)
	at sun.reflect.DelegatingConstructorAccessorImpl.newInstance(DelegatingConstructorAccessorImpl.java:45)
	at java.lang.reflect.Constructor.newInstance(Constructor.java:423)
	at ptolemy.util.test.junit.AutoKnownFailedTests.RunModel(AutoKnownFailedTests.java:107)
	at sun.reflect.NativeMethodAccessorImpl.invoke0(Native Method)
	at sun.reflect.NativeMethodAccessorImpl.invoke(NativeMethodAccessorImpl.java:62)
	at sun.reflect.DelegatingMethodAccessorImpl.invoke(DelegatingMethodAccessorImpl.java:43)
	at java.lang.reflect.Method.invoke(Method.java:498)
	at org.junit.runners.model.FrameworkMethod$1.runReflectiveCall(FrameworkMethod.java:44)
	at org.junit.internal.runners.model.ReflectiveCallable.run(ReflectiveCallable.java:15)
	at org.junit.runners.model.FrameworkMethod.invokeExplosively(FrameworkMethod.java:41)
	at junitparams.internal.InvokeParameterisedMethod.evaluate(InvokeParameterisedMethod.java:102)
	at org.junit.internal.runners.statements.FailOnTimeout$1.run(FailOnTimeout.java:28)
Caused by: ptolemy.kernel.util.IllegalActionException: Found a zero delay loop containing .dependencyLoop2.original
  in .dependencyLoop2 and .dependencyLoop2.original
	at ptolemy.actor.util.CausalityInterfaceForComposites._computeOutputPortDepth(CausalityInterfaceForComposites.java:759)
	at ptolemy.actor.util.CausalityInterfaceForComposites._computeInputDepth(CausalityInterfaceForComposites.java:696)
	at ptolemy.actor.util.CausalityInterfaceForComposites._computeOutputPortDepth(CausalityInterfaceForComposites.java:765)
	at ptolemy.actor.util.CausalityInterfaceForComposites._computeInputDepth(CausalityInterfaceForComposites.java:696)
	at ptolemy.actor.util.CausalityInterfaceForComposites._computeOutputPortDepth(CausalityInterfaceForComposites.java:765)
	at ptolemy.actor.util.CausalityInterfaceForComposites._computeInputDepth(CausalityInterfaceForComposites.java:696)
	at ptolemy.actor.util.CausalityInterfaceForComposites._computeActorDepth(CausalityInterfaceForComposites.java:532)
	at ptolemy.actor.util.CausalityInterfaceForComposites.checkForCycles(CausalityInterfaceForComposites.java:96)
	at ptolemy.domains.de.kernel.DEDirector.preinitialize(DEDirector.java:1338)
	at ptolemy.actor.CompositeActor.preinitialize(CompositeActor.java:1828)
	at ptolemy.actor.Manager.preinitializeAndResolveTypes(Manager.java:1040)
	at ptolemy.actor.Manager.initialize(Manager.java:710)
	at ptolemy.actor.Manager.execute(Manager.java:356)
	at ptolemy.actor.Manager.run(Manager.java:1263)
	at ptolemy.actor.Manager$PtolemyRunThread.run(Manager.java:1915)
]]></system-err>
</testsuite>
