<?xml version="1.0" encoding="UTF-8" ?>
<testsuite errors="0" failures="0" hostname="travis-job-2d500b1c-e4f5-47e0-9b76-bd02dd57ce10" name="ptolemy.domains.de.test.junit.JUnitTclTest" skipped="0" tests="101" time="130.021" timestamp="2018-08-15T01:56:49">
  <properties>
[...]
</properties>
  <testcase classname="ptolemy.util.test.junit.TclTests" name="[0] /home/travis/build/icyphy/ptII/ptolemy/domains/de/test/DependencyLoop.tcl (RunTclFile)" time="0.744" />
  <testcase classname="ptolemy.util.test.junit.TclTests" name="[1] /home/travis/build/icyphy/ptII/ptolemy/domains/de/test/RunDETestsAsQSS.tcl (RunTclFile)" time="89.232" />
  <testcase classname="ptolemy.util.test.junit.AutoKnownFailedTests" name="[0] /home/travis/build/icyphy/ptII/ptolemy/domains/de/test/auto/knownFailedTests/DESDFClockTest.xml (RunModel)" time="2.027" />
  <testcase classname="ptolemy.util.test.junit.AutoKnownFailedTests" name="[1] /home/travis/build/icyphy/ptII/ptolemy/domains/de/test/auto/knownFailedTests/DirectFeedback.xml (RunModel)" time="0.007" />
  <testcase classname="ptolemy.util.test.junit.AutoKnownFailedTests" name="[2] /home/travis/build/icyphy/ptII/ptolemy/domains/de/test/auto/knownFailedTests/FSMSource.xml (RunModel)" time="0.036" />
  <testcase classname="ptolemy.util.test.junit.AutoKnownFailedTests" name="[3] /home/travis/build/icyphy/ptII/ptolemy/domains/de/test/auto/knownFailedTests/HierarchicalModel.xml (RunModel)" time="0.039" />
  <testcase classname="ptolemy.util.test.junit.AutoKnownFailedTests" name="[4] /home/travis/build/icyphy/ptII/ptolemy/domains/de/test/auto/knownFailedTests/dependencyLoop.xml (RunModel)" time="0.032" />
  <testcase classname="ptolemy.util.test.junit.AutoKnownFailedTests" name="[5] /home/travis/build/icyphy/ptII/ptolemy/domains/de/test/auto/knownFailedTests/dependencyLoop2.xml (RunModel)" time="0.032" />
  <testcase classname="ptolemy.util.test.junit.AutoNameArchTests" name="[0] ThereAreNoAutoArchTests (RunModel)" time="0.002" />
  <testcase classname="ptolemy.util.test.junit.AutoTests" name="[0] /home/travis/build/icyphy/ptII/ptolemy/domains/de/test/auto/ActorDepthCalculation_actorWithoutPorts.xml (RunModel)" time="0.019" />
  <testcase classname="ptolemy.util.test.junit.AutoTests" name="[1] /home/travis/build/icyphy/ptII/ptolemy/domains/de/test/auto/AssemblyLine.xml (RunModel)" time="0.014" />
  <testcase classname="ptolemy.util.test.junit.AutoTests" name="[2] /home/travis/build/icyphy/ptII/ptolemy/domains/de/test/auto/CQBug1.xml (RunModel)" time="0.01" />
  <testcase classname="ptolemy.util.test.junit.AutoTests" name="[3] /home/travis/build/icyphy/ptII/ptolemy/domains/de/test/auto/CancelFireAt.xml (RunModel)" time="0.017" />
  <testcase classname="ptolemy.util.test.junit.AutoTests" name="[4] /home/travis/build/icyphy/ptII/ptolemy/domains/de/test/auto/CausalityAndComposabilityAnalysis.xml (RunModel)" time="0.012" />
  <testcase classname="ptolemy.util.test.junit.AutoTests" name="[5] /home/travis/build/icyphy/ptII/ptolemy/domains/de/test/auto/CausalityInterface1.xml (RunModel)" time="0.011" />
  <testcase classname="ptolemy.util.test.junit.AutoTests" name="[6] /home/travis/build/icyphy/ptII/ptolemy/domains/de/test/auto/CausalityInterface15.xml (RunModel)" time="0.013" />
  <testcase classname="ptolemy.util.test.junit.AutoTests" name="[7] /home/travis/build/icyphy/ptII/ptolemy/domains/de/test/auto/CausalityInterface2.xml (RunModel)" time="0.015" />
  <testcase classname="ptolemy.util.test.junit.AutoTests" name="[8] /home/travis/build/icyphy/ptII/ptolemy/domains/de/test/auto/CausalityInterface3.xml (RunModel)" time="0.009" />
  <testcase classname="ptolemy.util.test.junit.AutoTests" name="[9] /home/travis/build/icyphy/ptII/ptolemy/domains/de/test/auto/ClockDrift.xml (RunModel)" time="0.032" />
  <testcase classname="ptolemy.util.test.junit.AutoTests" name="[10] /home/travis/build/icyphy/ptII/ptolemy/domains/de/test/auto/ClockDriftAndValueChange.xml (RunModel)" time="0.024" />
  <testcase classname="ptolemy.util.test.junit.AutoTests" name="[11] /home/travis/build/icyphy/ptII/ptolemy/domains/de/test/auto/ClockDriftChange.xml (RunModel)" time="0.027" />
  <testcase classname="ptolemy.util.test.junit.AutoTests" name="[12] /home/travis/build/icyphy/ptII/ptolemy/domains/de/test/auto/ComposableCausalityAnalysis.xml (RunModel)" time="0.013" />
  <testcase classname="ptolemy.util.test.junit.AutoTests" name="[13] /home/travis/build/icyphy/ptII/ptolemy/domains/de/test/auto/DEFixedPointLimitation.xml (RunModel)" time="0.008" />
  <testcase classname="ptolemy.util.test.junit.AutoTests" name="[14] /home/travis/build/icyphy/ptII/ptolemy/domains/de/test/auto/DEScheduleTest.xml (RunModel)" time="0.03" />
  <testcase classname="ptolemy.util.test.junit.AutoTests" name="[15] /home/travis/build/icyphy/ptII/ptolemy/domains/de/test/auto/DEinDEwithStartTimes.xml (RunModel)" time="0.009" />
  <testcase classname="ptolemy.util.test.junit.AutoTests" name="[16] /home/travis/build/icyphy/ptII/ptolemy/domains/de/test/auto/DEinDEwithStartTimes2.xml (RunModel)" time="0.01" />
  <testcase classname="ptolemy.util.test.junit.AutoTests" name="[17] /home/travis/build/icyphy/ptII/ptolemy/domains/de/test/auto/DateDemo.xml (RunModel)" time="0.018" />
  <testcase classname="ptolemy.util.test.junit.AutoTests" name="[18] /home/travis/build/icyphy/ptII/ptolemy/domains/de/test/auto/DateToEvent.xml (RunModel)" time="2.027" />
  <testcase classname="ptolemy.util.test.junit.AutoTests" name="[19] /home/travis/build/icyphy/ptII/ptolemy/domains/de/test/auto/DepthTest1.xml (RunModel)" time="0.023" />
  <testcase classname="ptolemy.util.test.junit.AutoTests" name="[20] /home/travis/build/icyphy/ptII/ptolemy/domains/de/test/auto/DepthTest2.xml (RunModel)" time="0.024" />
  <testcase classname="ptolemy.util.test.junit.AutoTests" name="[21] /home/travis/build/icyphy/ptII/ptolemy/domains/de/test/auto/DepthTest3.xml (RunModel)" time="0.01" />
  <testcase classname="ptolemy.util.test.junit.AutoTests" name="[22] /home/travis/build/icyphy/ptII/ptolemy/domains/de/test/auto/DepthTest4.xml (RunModel)" time="0.009" />
  <testcase classname="ptolemy.util.test.junit.AutoTests" name="[23] /home/travis/build/icyphy/ptII/ptolemy/domains/de/test/auto/DepthTest5.xml (RunModel)" time="0.009" />
  <testcase classname="ptolemy.util.test.junit.AutoTests" name="[24] /home/travis/build/icyphy/ptII/ptolemy/domains/de/test/auto/DepthTest6.xml (RunModel)" time="0.009" />
  <testcase classname="ptolemy.util.test.junit.AutoTests" name="[25] /home/travis/build/icyphy/ptII/ptolemy/domains/de/test/auto/DepthTest7.xml (RunModel)" time="0.008" />
  <testcase classname="ptolemy.util.test.junit.AutoTests" name="[26] /home/travis/build/icyphy/ptII/ptolemy/domains/de/test/auto/EventToDate.xml (RunModel)" time="3.023" />
  <testcase classname="ptolemy.util.test.junit.AutoTests" name="[27] /home/travis/build/icyphy/ptII/ptolemy/domains/de/test/auto/FSM1.xml (RunModel)" time="0.024" />
  <testcase classname="ptolemy.util.test.junit.AutoTests" name="[28] /home/travis/build/icyphy/ptII/ptolemy/domains/de/test/auto/FSM7.xml (RunModel)" time="0.034" />
  <testcase classname="ptolemy.util.test.junit.AutoTests" name="[29] /home/travis/build/icyphy/ptII/ptolemy/domains/de/test/auto/Inspection.xml (RunModel)" time="0.034" />
  <testcase classname="ptolemy.util.test.junit.AutoTests" name="[30] /home/travis/build/icyphy/ptII/ptolemy/domains/de/test/auto/Iteration.xml (RunModel)" time="0.018" />
  <testcase classname="ptolemy.util.test.junit.AutoTests" name="[31] /home/travis/build/icyphy/ptII/ptolemy/domains/de/test/auto/LineFault.xml (RunModel)" time="0.424" />
  <testcase classname="ptolemy.util.test.junit.AutoTests" name="[32] /home/travis/build/icyphy/ptII/ptolemy/domains/de/test/auto/MergeModel1Add.xml (RunModel)" time="0.037" />
  <testcase classname="ptolemy.util.test.junit.AutoTests" name="[33] /home/travis/build/icyphy/ptII/ptolemy/domains/de/test/auto/MergeModel2Add.xml (RunModel)" time="0.024" />
  <testcase classname="ptolemy.util.test.junit.AutoTests" name="[34] /home/travis/build/icyphy/ptII/ptolemy/domains/de/test/auto/MergeModel3Add.xml (RunModel)" time="0.032" />
  <testcase classname="ptolemy.util.test.junit.AutoTests" name="[35] /home/travis/build/icyphy/ptII/ptolemy/domains/de/test/auto/MergeWithoutDiscard.xml (RunModel)" time="0.007" />
  <testcase classname="ptolemy.util.test.junit.AutoTests" name="[36] /home/travis/build/icyphy/ptII/ptolemy/domains/de/test/auto/Modal1.xml (RunModel)" time="0.019" />
  <testcase classname="ptolemy.util.test.junit.AutoTests" name="[37] /home/travis/build/icyphy/ptII/ptolemy/domains/de/test/auto/Modal2.xml (RunModel)" time="0.021" />
  <testcase classname="ptolemy.util.test.junit.AutoTests" name="[38] /home/travis/build/icyphy/ptII/ptolemy/domains/de/test/auto/Modal3.xml (RunModel)" time="0.02" />
  <testcase classname="ptolemy.util.test.junit.AutoTests" name="[39] /home/travis/build/icyphy/ptII/ptolemy/domains/de/test/auto/Modal4.xml (RunModel)" time="0.026" />
  <testcase classname="ptolemy.util.test.junit.AutoTests" name="[40] /home/travis/build/icyphy/ptII/ptolemy/domains/de/test/auto/Modal5.xml (RunModel)" time="0.024" />
  <testcase classname="ptolemy.util.test.junit.AutoTests" name="[41] /home/travis/build/icyphy/ptII/ptolemy/domains/de/test/auto/Modal6.xml (RunModel)" time="0.019" />
  <testcase classname="ptolemy.util.test.junit.AutoTests" name="[42] /home/travis/build/icyphy/ptII/ptolemy/domains/de/test/auto/Modal7.xml (RunModel)" time="0.019" />
  <testcase classname="ptolemy.util.test.junit.AutoTests" name="[43] /home/travis/build/icyphy/ptII/ptolemy/domains/de/test/auto/ModalModel.xml (RunModel)" time="0.112" />
  <testcase classname="ptolemy.util.test.junit.AutoTests" name="[44] /home/travis/build/icyphy/ptII/ptolemy/domains/de/test/auto/ModalSource.xml (RunModel)" time="0.013" />
  <testcase classname="ptolemy.util.test.junit.AutoTests" name="[45] /home/travis/build/icyphy/ptII/ptolemy/domains/de/test/auto/NonInterruptibleTimerZeroDelay.xml (RunModel)" time="0.008" />
  <testcase classname="ptolemy.util.test.junit.AutoTests" name="[46] /home/travis/build/icyphy/ptII/ptolemy/domains/de/test/auto/OpenQueueingNetwork.xml (RunModel)" time="2.313" />
  <testcase classname="ptolemy.util.test.junit.AutoTests" name="[47] /home/travis/build/icyphy/ptII/ptolemy/domains/de/test/auto/OpenQueuingNetwork.xml (RunModel)" time="0.286" />
  <testcase classname="ptolemy.util.test.junit.AutoTests" name="[48] /home/travis/build/icyphy/ptII/ptolemy/domains/de/test/auto/PeriodicSampler.xml (RunModel)" time="0.008" />
  <testcase classname="ptolemy.util.test.junit.AutoTests" name="[49] /home/travis/build/icyphy/ptII/ptolemy/domains/de/test/auto/PersistentIO.xml (RunModel)" time="0.019" />
  <testcase classname="ptolemy.util.test.junit.AutoTests" name="[50] /home/travis/build/icyphy/ptII/ptolemy/domains/de/test/auto/PortParameterResetOnInitialize.xml (RunModel)" time="0.009" />
  <testcase classname="ptolemy.util.test.junit.AutoTests" name="[51] /home/travis/build/icyphy/ptII/ptolemy/domains/de/test/auto/PortParameterUpdates.xml (RunModel)" time="0.014" />
  <testcase classname="ptolemy.util.test.junit.AutoTests" name="[52] /home/travis/build/icyphy/ptII/ptolemy/domains/de/test/auto/QueueAndServer.xml (RunModel)" time="0.018" />
  <testcase classname="ptolemy.util.test.junit.AutoTests" name="[53] /home/travis/build/icyphy/ptII/ptolemy/domains/de/test/auto/Records.xml (RunModel)" time="0.013" />
  <testcase classname="ptolemy.util.test.junit.AutoTests" name="[54] /home/travis/build/icyphy/ptII/ptolemy/domains/de/test/auto/ResetTransitionWithStartTime1.xml (RunModel)" time="0.017" />
  <testcase classname="ptolemy.util.test.junit.AutoTests" name="[55] /home/travis/build/icyphy/ptII/ptolemy/domains/de/test/auto/ResetTransitionWithStartTime2.xml (RunModel)" time="0.017" />
  <testcase classname="ptolemy.util.test.junit.AutoTests" name="[56] /home/travis/build/icyphy/ptII/ptolemy/domains/de/test/auto/ResetTransitionWithStartTime3.xml (RunModel)" time="0.016" />
  <testcase classname="ptolemy.util.test.junit.AutoTests" name="[57] /home/travis/build/icyphy/ptII/ptolemy/domains/de/test/auto/ResetTransitionWithStartTime4.xml (RunModel)" time="0.016" />
  <testcase classname="ptolemy.util.test.junit.AutoTests" name="[58] /home/travis/build/icyphy/ptII/ptolemy/domains/de/test/auto/ResettableTimer1.xml (RunModel)" time="0.01" />
  <testcase classname="ptolemy.util.test.junit.AutoTests" name="[59] /home/travis/build/icyphy/ptII/ptolemy/domains/de/test/auto/ResettableTimer2.xml (RunModel)" time="0.009" />
  <testcase classname="ptolemy.util.test.junit.AutoTests" name="[60] /home/travis/build/icyphy/ptII/ptolemy/domains/de/test/auto/ResettableTimer3.xml (RunModel)" time="0.009" />
  <testcase classname="ptolemy.util.test.junit.AutoTests" name="[61] /home/travis/build/icyphy/ptII/ptolemy/domains/de/test/auto/ResettableTimer4.xml (RunModel)" time="0.009" />
  <testcase classname="ptolemy.util.test.junit.AutoTests" name="[62] /home/travis/build/icyphy/ptII/ptolemy/domains/de/test/auto/ResettableTimer5.xml (RunModel)" time="0.009" />
  <testcase classname="ptolemy.util.test.junit.AutoTests" name="[63] /home/travis/build/icyphy/ptII/ptolemy/domains/de/test/auto/ResettableTimer6.xml (RunModel)" time="0.011" />
  <testcase classname="ptolemy.util.test.junit.AutoTests" name="[64] /home/travis/build/icyphy/ptII/ptolemy/domains/de/test/auto/ServerZeroDelay.xml (RunModel)" time="0.009" />
  <testcase classname="ptolemy.util.test.junit.AutoTests" name="[65] /home/travis/build/icyphy/ptII/ptolemy/domains/de/test/auto/SmartSender.xml (RunModel)" time="3.007" />
  <testcase classname="ptolemy.util.test.junit.AutoTests" name="[66] /home/travis/build/icyphy/ptII/ptolemy/domains/de/test/auto/ThreadedComposite.xml (RunModel)" time="0.135" />
  <testcase classname="ptolemy.util.test.junit.AutoTests" name="[67] /home/travis/build/icyphy/ptII/ptolemy/domains/de/test/auto/Time.xml (RunModel)" time="0.418" />
  <testcase classname="ptolemy.util.test.junit.AutoTests" name="[68] /home/travis/build/icyphy/ptII/ptolemy/domains/de/test/auto/TimeDelayZeroDelay.xml (RunModel)" time="0.013" />
  <testcase classname="ptolemy.util.test.junit.AutoTests" name="[69] /home/travis/build/icyphy/ptII/ptolemy/domains/de/test/auto/TimerZeroDelay.xml (RunModel)" time="0.01" />
  <testcase classname="ptolemy.util.test.junit.AutoTests" name="[70] /home/travis/build/icyphy/ptII/ptolemy/domains/de/test/auto/TimingParadox.xml (RunModel)" time="0.369" />
  <testcase classname="ptolemy.util.test.junit.AutoTests" name="[71] /home/travis/build/icyphy/ptII/ptolemy/domains/de/test/auto/TransferInputs.xml (RunModel)" time="0.01" />
  <testcase classname="ptolemy.util.test.junit.AutoTests" name="[72] /home/travis/build/icyphy/ptII/ptolemy/domains/de/test/auto/TransferOutputs2.xml (RunModel)" time="0.015" />
  <testcase classname="ptolemy.util.test.junit.AutoTests" name="[73] /home/travis/build/icyphy/ptII/ptolemy/domains/de/test/auto/Trilateration.xml (RunModel)" time="12.043" />
  <testcase classname="ptolemy.util.test.junit.AutoTests" name="[74] /home/travis/build/icyphy/ptII/ptolemy/domains/de/test/auto/TwoSigmaDelta.xml (RunModel)" time="2.201" />
  <testcase classname="ptolemy.util.test.junit.AutoTests" name="[75] /home/travis/build/icyphy/ptII/ptolemy/domains/de/test/auto/VariableDelay.xml (RunModel)" time="0.01" />
  <testcase classname="ptolemy.util.test.junit.AutoTests" name="[76] /home/travis/build/icyphy/ptII/ptolemy/domains/de/test/auto/VariableDelay2.xml (RunModel)" time="0.008" />
  <testcase classname="ptolemy.util.test.junit.AutoTests" name="[77] /home/travis/build/icyphy/ptII/ptolemy/domains/de/test/auto/VariableDelayZeroDelay.xml (RunModel)" time="0.01" />
  <testcase classname="ptolemy.util.test.junit.AutoTests" name="[78] /home/travis/build/icyphy/ptII/ptolemy/domains/de/test/auto/VariableDelayZeroDelay2.xml (RunModel)" time="0.009" />
  <testcase classname="ptolemy.util.test.junit.AutoTests" name="[79] /home/travis/build/icyphy/ptII/ptolemy/domains/de/test/auto/deInCt.xml (RunModel)" time="0.013" />
  <testcase classname="ptolemy.util.test.junit.AutoTests" name="[80] /home/travis/build/icyphy/ptII/ptolemy/domains/de/test/auto/deInCt2.xml (RunModel)" time="0.015" />
  <testcase classname="ptolemy.util.test.junit.AutoTests" name="[81] /home/travis/build/icyphy/ptII/ptolemy/domains/de/test/auto/dynamicCausalityInterface1.xml (RunModel)" time="0.023" />
  <testcase classname="ptolemy.util.test.junit.AutoTests" name="[82] /home/travis/build/icyphy/ptII/ptolemy/domains/de/test/auto/fsm_de_test.xml (RunModel)" time="0.025" />
  <testcase classname="ptolemy.util.test.junit.AutoTests" name="[83] /home/travis/build/icyphy/ptII/ptolemy/domains/de/test/auto/functionDependencyReconstruction.xml (RunModel)" time="0.031" />
  <testcase classname="ptolemy.util.test.junit.AutoTests" name="[84] /home/travis/build/icyphy/ptII/ptolemy/domains/de/test/auto/multirate.xml (RunModel)" time="0.016" />
  <testcase classname="ptolemy.util.test.junit.AutoTests" name="[85] /home/travis/build/icyphy/ptII/ptolemy/domains/de/test/auto/multirate2.xml (RunModel)" time="0.016" />
  <testcase classname="ptolemy.util.test.junit.AutoTests" name="[86] /home/travis/build/icyphy/ptII/ptolemy/domains/de/test/auto/realtime.xml (RunModel)" time="10.011" />
  <testcase classname="ptolemy.util.test.junit.AutoTests" name="[87] /home/travis/build/icyphy/ptII/ptolemy/domains/de/test/auto/relationGroup.xml (RunModel)" time="0.008" />
  <testcase classname="ptolemy.util.test.junit.AutoTests" name="[88] /home/travis/build/icyphy/ptII/ptolemy/domains/de/test/auto/relationGroup2.xml (RunModel)" time="0.007" />
  <testcase classname="ptolemy.util.test.junit.AutoTests" name="[89] /home/travis/build/icyphy/ptII/ptolemy/domains/de/test/auto/sortWithOpaquePorts.xml (RunModel)" time="0.008" />
  <testcase classname="ptolemy.util.test.junit.AutoTests" name="[90] /home/travis/build/icyphy/ptII/ptolemy/domains/de/test/auto/transferInputsandOutputs.xml (RunModel)" time="0.014" />
  <testcase classname="ptolemy.util.test.junit.AutoTests" name="[91] /home/travis/build/icyphy/ptII/ptolemy/domains/de/test/auto/triggerType.xml (RunModel)" time="0.009" />
  <system-out><![CDATA[/home/travis/build/icyphy/ptII/ptolemy/domains/de/test/DependencyLoop.tcl
testDefs.tcl: setting time out to 9000 seconds at Wed Aug 15 01:56:49 UTC 2018
15 ms. Memory: 116224K Free: 93452K (80%)
7 ms. Memory: 146944K Free: 135473K (92%)
/home/travis/build/icyphy/ptII/ptolemy/domains/de/test/RunDETestsAsQSS.tcl
Run the DE tests using ptolemy.domains.qss.test.QSSDirectorTest, which extends QSSDirector and prints a message in the constructors.
------------------ testing $PTII/ptolemy/domains/de/test/auto/knownFailedTests/dependencyLoop.xml (Known Failure) 
7 ms. Memory: 146944K Free: 132361K (90%)


==== $PTIIhome/travis/build/icyphy/ptII/ptolemy/domains/de/test/../../../../: Auto Automatic test in file $PTII/ptolemy/domains/de/test/auto/knownFailedTests/dependencyLoop.xml
==== Contents of test case:

	    # FIXME: we should use $relativeFilename here, but it
	    # might have backslashes under Windows, which causes no end
	    # of trouble.
	    createAndExecute $file
	    list {}
	
.... Test generated KNOWN error:
    while executing
ptolemy.kernel.util.IllegalActionException: Found a zero delay loop containing .dependencyLoop.original
  in .dependencyLoop and .dependencyLoop.original
	at ptolemy.actor.util.CausalityInterfaceForComposites._computeOutputPortDepth(CausalityInterfaceForComposites.java:759)
	at ptolemy.actor.util.CausalityInterfaceForComposites._computeInputDepth(CausalityInterfaceForComposites.java:696)
	at ptolemy.actor.util.CausalityInterfaceForComposites._computeOutputPortDepth(CausalityInterfaceForComposites.java:765)
	at ptolemy.actor.util.CausalityInterfaceForComposites._computeInputDepth(CausalityInterfaceForComposites.java:696)
	at ptolemy.actor.util.CausalityInterfaceForComposites._computeOutputPortDepth(CausalityInterfaceForComposites.java:765)
	at ptolemy.actor.util.CausalityInterfaceForComposites._computeInputDepth(CausalityInterfaceForComposites.java:696)
	at ptolemy.actor.util.CausalityInterfaceForComposites._computeActorDepth(CausalityInterfaceForComposites.java:532)
	at ptolemy.actor.util.CausalityInterfaceForComposites.checkForCycles(CausalityInterfaceForComposites.java:96)
	at ptolemy.domains.de.kernel.DEDirector.preinitialize(DEDirector.java:1338)
	at ptolemy.actor.CompositeActor.preinitialize(CompositeActor.java:1828)
	at ptolemy.actor.Manager.preinitializeAndResolveTypes(Manager.java:1040)
	at ptolemy.actor.Manager.initialize(Manager.java:710)
	at ptolemy.actor.Manager.execute(Manager.java:356)
	at ptolemy.actor.Manager.run(Manager.java:1263)
	at ptolemy.actor.Manager$PtolemyRunThread.run(Manager.java:1915)

    while executing
ptolemy.kernel.util.IllegalActionException: Found a zero delay loop containing .dependencyLoop.original
  in .dependencyLoop and .dependencyLoop.original
    while executing
"java::new ptolemy.moml.MoMLSimpleApplication $file
"
    (procedure "createAndExecute" line 2)
    invoked from within
"createAndExecute $file"
    ("uplevel" body line 5)
    invoked from within
"uplevel $contents_of_test"
------------------ testing $PTII/ptolemy/domains/de/test/auto/knownFailedTests/DESDFClockTest.xml (Known Failure) 
2085 ms. Memory: 146944K Free: 116632K (79%)


==== $PTIIhome/travis/build/icyphy/ptII/ptolemy/domains/de/test/../../../../: Auto Automatic test in file $PTII/ptolemy/domains/de/test/auto/knownFailedTests/DESDFClockTest.xml
==== Contents of test case:

	    # FIXME: we should use $relativeFilename here, but it
	    # might have backslashes under Windows, which causes no end
	    # of trouble.
	    createAndExecute $file
	    list {}
	
.... Test generated KNOWN error:
    while executing
ptolemy.kernel.util.IllegalActionException: Actor is not ready to fire.  Perhaps UpSample.prefire() returned false? Try debugging the actor by selecting "Listen to Actor".  Also, for SDF check moml for tokenConsumptionRate on input.
  in .DESDFClockTest.Play Bell.Copy1:SDF Director and .DESDFClockTest.Play Bell.UpSample
	at ptolemy.actor.sched.StaticSchedulingDirector.fire(StaticSchedulingDirector.java:227)
	at ptolemy.domains.sdf.kernel.SDFDirector.fire(SDFDirector.java:500)
	at ptolemy.actor.CompositeActor.fire(CompositeActor.java:455)
	at ptolemy.domains.de.kernel.DEDirector._fire(DEDirector.java:1949)
	at ptolemy.domains.de.kernel.DEDirector.fire(DEDirector.java:502)
	at ptolemy.actor.CompositeActor.fire(CompositeActor.java:455)
	at ptolemy.actor.Manager.iterate(Manager.java:851)
	at ptolemy.actor.Manager.execute(Manager.java:369)
	at ptolemy.actor.Manager.run(Manager.java:1263)
	at ptolemy.actor.Manager$PtolemyRunThread.run(Manager.java:1915)

    while executing
ptolemy.kernel.util.IllegalActionException: Actor is not ready to fire.  Perhaps UpSample.prefire() returned false? Try debugging the actor by selecting "Listen to Actor".  Also, for SDF check moml for tokenConsumptionRate on input.
  in .DESDFClockTest.Play Bell.Copy1:SDF Director and .DESDFClockTest.Play Bell.UpSample
    while executing
"java::new ptolemy.moml.MoMLSimpleApplication $file
"
    (procedure "createAndExecute" line 2)
    invoked from within
"createAndExecute $file"
    ("uplevel" body line 5)
    invoked from within
"uplevel $contents_of_test"
------------------ testing $PTII/ptolemy/domains/de/test/auto/knownFailedTests/FSMSource.xml (Known Failure) 
29 ms. Memory: 146944K Free: 107686K (73%)
!!!! Auto was marked as failing, but now passes
------------------ testing $PTII/ptolemy/domains/de/test/auto/knownFailedTests/dependencyLoop2.xml (Known Failure) 
6 ms. Memory: 146944K Free: 105803K (72%)


==== $PTIIhome/travis/build/icyphy/ptII/ptolemy/domains/de/test/../../../../: Auto Automatic test in file $PTII/ptolemy/domains/de/test/auto/knownFailedTests/dependencyLoop2.xml
==== Contents of test case:

	    # FIXME: we should use $relativeFilename here, but it
	    # might have backslashes under Windows, which causes no end
	    # of trouble.
	    createAndExecute $file
	    list {}
	
.... Test generated KNOWN error:
    while executing
ptolemy.kernel.util.IllegalActionException: Found a zero delay loop containing .dependencyLoop2.original
  in .dependencyLoop2 and .dependencyLoop2.original
	at ptolemy.actor.util.CausalityInterfaceForComposites._computeOutputPortDepth(CausalityInterfaceForComposites.java:759)
	at ptolemy.actor.util.CausalityInterfaceForComposites._computeInputDepth(CausalityInterfaceForComposites.java:696)
	at ptolemy.actor.util.CausalityInterfaceForComposites._computeOutputPortDepth(CausalityInterfaceForComposites.java:765)
	at ptolemy.actor.util.CausalityInterfaceForComposites._computeInputDepth(CausalityInterfaceForComposites.java:696)
	at ptolemy.actor.util.CausalityInterfaceForComposites._computeOutputPortDepth(CausalityInterfaceForComposites.java:765)
	at ptolemy.actor.util.CausalityInterfaceForComposites._computeInputDepth(CausalityInterfaceForComposites.java:696)
	at ptolemy.actor.util.CausalityInterfaceForComposites._computeActorDepth(CausalityInterfaceForComposites.java:532)
	at ptolemy.actor.util.CausalityInterfaceForComposites.checkForCycles(CausalityInterfaceForComposites.java:96)
	at ptolemy.domains.de.kernel.DEDirector.preinitialize(DEDirector.java:1338)
	at ptolemy.actor.CompositeActor.preinitialize(CompositeActor.java:1828)
	at ptolemy.actor.Manager.preinitializeAndResolveTypes(Manager.java:1040)
	at ptolemy.actor.Manager.initialize(Manager.java:710)
	at ptolemy.actor.Manager.execute(Manager.java:356)
	at ptolemy.actor.Manager.run(Manager.java:1263)
	at ptolemy.actor.Manager$PtolemyRunThread.run(Manager.java:1915)

    while executing
ptolemy.kernel.util.IllegalActionException: Found a zero delay loop containing .dependencyLoop2.original
  in .dependencyLoop2 and .dependencyLoop2.original
    while executing
"java::new ptolemy.moml.MoMLSimpleApplication $file
"
    (procedure "createAndExecute" line 2)
    invoked from within
"createAndExecute $file"
    ("uplevel" body line 5)
    invoked from within
"uplevel $contents_of_test"
------------------ testing $PTII/ptolemy/domains/de/test/auto/knownFailedTests/HierarchicalModel.xml (Known Failure) 
13 ms. Memory: 146944K Free: 84194K (57%)


==== $PTIIhome/travis/build/icyphy/ptII/ptolemy/domains/de/test/../../../../: Auto Automatic test in file $PTII/ptolemy/domains/de/test/auto/knownFailedTests/HierarchicalModel.xml
==== Contents of test case:

	    # FIXME: we should use $relativeFilename here, but it
	    # might have backslashes under Windows, which causes no end
	    # of trouble.
	    createAndExecute $file
	    list {}
	
.... Test generated KNOWN error:
    while executing
ptolemy.kernel.util.IllegalActionException: Found a zero delay loop containing .HierarchicalModel.A
  in .HierarchicalModel and .HierarchicalModel.A
	at ptolemy.actor.util.CausalityInterfaceForComposites._computeOutputPortDepth(CausalityInterfaceForComposites.java:759)
	at ptolemy.actor.util.CausalityInterfaceForComposites._computeInputDepth(CausalityInterfaceForComposites.java:696)
	at ptolemy.actor.util.CausalityInterfaceForComposites._computeOutputPortDepth(CausalityInterfaceForComposites.java:765)
	at ptolemy.actor.util.CausalityInterfaceForComposites._computeInputDepth(CausalityInterfaceForComposites.java:696)
	at ptolemy.actor.util.CausalityInterfaceForComposites._computeOutputPortDepth(CausalityInterfaceForComposites.java:765)
	at ptolemy.actor.util.CausalityInterfaceForComposites._computeInputDepth(CausalityInterfaceForComposites.java:696)
	at ptolemy.actor.util.CausalityInterfaceForComposites._computeActorDepth(CausalityInterfaceForComposites.java:532)
	at ptolemy.actor.util.CausalityInterfaceForComposites.checkForCycles(CausalityInterfaceForComposites.java:96)
	at ptolemy.domains.de.kernel.DEDirector.preinitialize(DEDirector.java:1338)
	at ptolemy.actor.CompositeActor.preinitialize(CompositeActor.java:1828)
	at ptolemy.actor.Manager.preinitializeAndResolveTypes(Manager.java:1040)
	at ptolemy.actor.Manager.initialize(Manager.java:710)
	at ptolemy.actor.Manager.execute(Manager.java:356)
	at ptolemy.actor.Manager.run(Manager.java:1263)
	at ptolemy.actor.Manager$PtolemyRunThread.run(Manager.java:1915)

    while executing
ptolemy.kernel.util.IllegalActionException: Found a zero delay loop containing .HierarchicalModel.A
  in .HierarchicalModel and .HierarchicalModel.A
    while executing
"java::new ptolemy.moml.MoMLSimpleApplication $file
"
    (procedure "createAndExecute" line 2)
    invoked from within
"createAndExecute $file"
    ("uplevel" body line 5)
    invoked from within
"uplevel $contents_of_test"
------------------ testing $PTII/ptolemy/domains/de/test/auto/knownFailedTests/DirectFeedback.xml (Known Failure) 
6 ms. Memory: 146944K Free: 141117K (96%)


==== $PTIIhome/travis/build/icyphy/ptII/ptolemy/domains/de/test/../../../../: Auto Automatic test in file $PTII/ptolemy/domains/de/test/auto/knownFailedTests/DirectFeedback.xml
==== Contents of test case:

	    # FIXME: we should use $relativeFilename here, but it
	    # might have backslashes under Windows, which causes no end
	    # of trouble.
	    createAndExecute $file
	    list {}
	
.... Test generated KNOWN error:
    while executing
ptolemy.kernel.util.IllegalActionException: Test fails in iteration 1.
Value was: 1.0. Should have been: 2.0
  in .DirectFeedback.Test
	at ptolemy.actor.lib.Test.fire(Test.java:268)
	at ptolemy.domains.de.kernel.DEDirector._fire(DEDirector.java:1949)
	at ptolemy.domains.de.kernel.DEDirector.fire(DEDirector.java:502)
	at ptolemy.actor.CompositeActor.fire(CompositeActor.java:455)
	at ptolemy.actor.Manager.iterate(Manager.java:851)
	at ptolemy.actor.Manager.execute(Manager.java:369)
	at ptolemy.actor.Manager.run(Manager.java:1263)
	at ptolemy.actor.Manager$PtolemyRunThread.run(Manager.java:1915)

    while executing
ptolemy.kernel.util.IllegalActionException: Test fails in iteration 1.
Value was: 1.0. Should have been: 2.0
  in .DirectFeedback.Test
    while executing
"java::new ptolemy.moml.MoMLSimpleApplication $file
"
    (procedure "createAndExecute" line 2)
    invoked from within
"createAndExecute $file"
    ("uplevel" body line 5)
    invoked from within
"uplevel $contents_of_test"
------------------ testing $PTII/ptolemy/domains/de/test/auto/ActorDepthCalculation_actorWithoutPorts.xml
auto.tcl: Setting watchdog for 200 seconds at Wed Aug 15 01:56:53 UTC 2018
4 ms. Memory: 146944K Free: 132413K (90%)
ptolemy.util.test.WatchDog.cancel(): canceling Wed Aug 15 01:56:53 UTC 2018
auto.tcl: Setting watchdog for 200 seconds at Wed Aug 15 01:56:53 UTC 2018
4 ms. Memory: 146944K Free: 131372K (89%)
ptolemy.util.test.WatchDog.cancel(): canceling Wed Aug 15 01:56:53 UTC 2018
------------------ testing $PTII/ptolemy/domains/de/test/auto/AssemblyLine.xml
auto.tcl: Setting watchdog for 200 seconds at Wed Aug 15 01:56:53 UTC 2018
20 ms. Memory: 208384K Free: 182832K (88%)
ptolemy.util.test.WatchDog.cancel(): canceling Wed Aug 15 01:56:53 UTC 2018
auto.tcl: Setting watchdog for 200 seconds at Wed Aug 15 01:56:53 UTC 2018
5 ms. Memory: 208384K Free: 182832K (88%)
ptolemy.util.test.WatchDog.cancel(): canceling Wed Aug 15 01:56:53 UTC 2018
------------------ testing $PTII/ptolemy/domains/de/test/auto/CQBug1.xml
auto.tcl: Setting watchdog for 200 seconds at Wed Aug 15 01:56:53 UTC 2018
4 ms. Memory: 208384K Free: 197711K (95%)
ptolemy.util.test.WatchDog.cancel(): canceling Wed Aug 15 01:56:53 UTC 2018
auto.tcl: Setting watchdog for 200 seconds at Wed Aug 15 01:56:53 UTC 2018
2 ms. Memory: 208384K Free: 197711K (95%)
ptolemy.util.test.WatchDog.cancel(): canceling Wed Aug 15 01:56:53 UTC 2018
------------------ testing $PTII/ptolemy/domains/de/test/auto/CancelFireAt.xml
auto.tcl: Setting watchdog for 200 seconds at Wed Aug 15 01:56:53 UTC 2018
10 ms. Memory: 208384K Free: 201097K (97%)
ptolemy.util.test.WatchDog.cancel(): canceling Wed Aug 15 01:56:54 UTC 2018
auto.tcl: Setting watchdog for 200 seconds at Wed Aug 15 01:56:54 UTC 2018
5 ms. Memory: 208384K Free: 198994K (95%)
ptolemy.util.test.WatchDog.cancel(): canceling Wed Aug 15 01:56:54 UTC 2018
------------------ testing $PTII/ptolemy/domains/de/test/auto/CausalityAndComposabilityAnalysis.xml
auto.tcl: Setting watchdog for 200 seconds at Wed Aug 15 01:56:54 UTC 2018
10 ms. Memory: 208384K Free: 196489K (94%)
ptolemy.util.test.WatchDog.cancel(): canceling Wed Aug 15 01:56:54 UTC 2018
auto.tcl: Setting watchdog for 200 seconds at Wed Aug 15 01:56:54 UTC 2018
5 ms. Memory: 208384K Free: 196489K (94%)
ptolemy.util.test.WatchDog.cancel(): canceling Wed Aug 15 01:56:54 UTC 2018
------------------ testing $PTII/ptolemy/domains/de/test/auto/CausalityInterface1.xml
auto.tcl: Setting watchdog for 200 seconds at Wed Aug 15 01:56:54 UTC 2018
9 ms. Memory: 208384K Free: 196426K (94%)
ptolemy.util.test.WatchDog.cancel(): canceling Wed Aug 15 01:56:54 UTC 2018
auto.tcl: Setting watchdog for 200 seconds at Wed Aug 15 01:56:54 UTC 2018
7 ms. Memory: 208384K Free: 196426K (94%)
ptolemy.util.test.WatchDog.cancel(): canceling Wed Aug 15 01:56:54 UTC 2018
------------------ testing $PTII/ptolemy/domains/de/test/auto/CausalityInterface15.xml
auto.tcl: Setting watchdog for 200 seconds at Wed Aug 15 01:56:54 UTC 2018
4 ms. Memory: 208384K Free: 196755K (94%)
ptolemy.util.test.WatchDog.cancel(): canceling Wed Aug 15 01:56:54 UTC 2018
auto.tcl: Setting watchdog for 200 seconds at Wed Aug 15 01:56:54 UTC 2018
6 ms. Memory: 208384K Free: 196755K (94%)
ptolemy.util.test.WatchDog.cancel(): canceling Wed Aug 15 01:56:54 UTC 2018
------------------ testing $PTII/ptolemy/domains/de/test/auto/CausalityInterface2.xml
auto.tcl: Setting watchdog for 200 seconds at Wed Aug 15 01:56:54 UTC 2018
4 ms. Memory: 208384K Free: 196401K (94%)
ptolemy.util.test.WatchDog.cancel(): canceling Wed Aug 15 01:56:54 UTC 2018
auto.tcl: Setting watchdog for 200 seconds at Wed Aug 15 01:56:54 UTC 2018
6 ms. Memory: 208384K Free: 196401K (94%)
ptolemy.util.test.WatchDog.cancel(): canceling Wed Aug 15 01:56:54 UTC 2018
------------------ testing $PTII/ptolemy/domains/de/test/auto/CausalityInterface3.xml
auto.tcl: Setting watchdog for 200 seconds at Wed Aug 15 01:56:54 UTC 2018
8 ms. Memory: 208384K Free: 196414K (94%)
ptolemy.util.test.WatchDog.cancel(): canceling Wed Aug 15 01:56:54 UTC 2018
auto.tcl: Setting watchdog for 200 seconds at Wed Aug 15 01:56:54 UTC 2018
8 ms. Memory: 208384K Free: 196414K (94%)
ptolemy.util.test.WatchDog.cancel(): canceling Wed Aug 15 01:56:54 UTC 2018
------------------ testing $PTII/ptolemy/domains/de/test/auto/ClockDrift.xml
auto.tcl: Setting watchdog for 200 seconds at Wed Aug 15 01:56:54 UTC 2018
84 ms. Memory: 208384K Free: 187638K (90%)
ptolemy.util.test.WatchDog.cancel(): canceling Wed Aug 15 01:56:54 UTC 2018
auto.tcl: Setting watchdog for 200 seconds at Wed Aug 15 01:56:54 UTC 2018
55 ms. Memory: 208384K Free: 185536K (89%)
ptolemy.util.test.WatchDog.cancel(): canceling Wed Aug 15 01:56:54 UTC 2018
------------------ testing $PTII/ptolemy/domains/de/test/auto/ClockDriftAndValueChange.xml
auto.tcl: Setting watchdog for 200 seconds at Wed Aug 15 01:56:54 UTC 2018
27 ms. Memory: 208384K Free: 187471K (90%)
ptolemy.util.test.WatchDog.cancel(): canceling Wed Aug 15 01:56:54 UTC 2018
auto.tcl: Setting watchdog for 200 seconds at Wed Aug 15 01:56:54 UTC 2018
27 ms. Memory: 208384K Free: 185368K (89%)
ptolemy.util.test.WatchDog.cancel(): canceling Wed Aug 15 01:56:54 UTC 2018
------------------ testing $PTII/ptolemy/domains/de/test/auto/ClockDriftChange.xml
auto.tcl: Setting watchdog for 200 seconds at Wed Aug 15 01:56:54 UTC 2018
41 ms. Memory: 208384K Free: 190799K (92%)
ptolemy.util.test.WatchDog.cancel(): canceling Wed Aug 15 01:56:55 UTC 2018
auto.tcl: Setting watchdog for 200 seconds at Wed Aug 15 01:56:55 UTC 2018
18 ms. Memory: 208384K Free: 188696K (91%)
ptolemy.util.test.WatchDog.cancel(): canceling Wed Aug 15 01:56:55 UTC 2018
------------------ testing $PTII/ptolemy/domains/de/test/auto/ComposableCausalityAnalysis.xml
auto.tcl: Setting watchdog for 200 seconds at Wed Aug 15 01:56:55 UTC 2018
3 ms. Memory: 208384K Free: 196270K (94%)
ptolemy.util.test.WatchDog.cancel(): canceling Wed Aug 15 01:56:55 UTC 2018
auto.tcl: Setting watchdog for 200 seconds at Wed Aug 15 01:56:55 UTC 2018
3 ms. Memory: 208384K Free: 194167K (93%)
ptolemy.util.test.WatchDog.cancel(): canceling Wed Aug 15 01:56:55 UTC 2018
------------------ testing $PTII/ptolemy/domains/de/test/auto/DEFixedPointLimitation.xml
auto.tcl: Setting watchdog for 200 seconds at Wed Aug 15 01:56:55 UTC 2018
2 ms. Memory: 208384K Free: 196351K (94%)
ptolemy.util.test.WatchDog.cancel(): canceling Wed Aug 15 01:56:55 UTC 2018
auto.tcl: Setting watchdog for 200 seconds at Wed Aug 15 01:56:55 UTC 2018
2 ms. Memory: 208384K Free: 196351K (94%)
ptolemy.util.test.WatchDog.cancel(): canceling Wed Aug 15 01:56:55 UTC 2018
------------------ testing $PTII/ptolemy/domains/de/test/auto/DEScheduleTest.xml
auto.tcl: Setting watchdog for 200 seconds at Wed Aug 15 01:56:55 UTC 2018
6 ms. Memory: 208384K Free: 198488K (95%)
ptolemy.util.test.WatchDog.cancel(): canceling Wed Aug 15 01:56:55 UTC 2018
auto.tcl: Setting watchdog for 200 seconds at Wed Aug 15 01:56:55 UTC 2018
2 ms. Memory: 208384K Free: 196386K (94%)
ptolemy.util.test.WatchDog.cancel(): canceling Wed Aug 15 01:56:55 UTC 2018
------------------ testing $PTII/ptolemy/domains/de/test/auto/DEinDEwithStartTimes.xml
auto.tcl: Setting watchdog for 200 seconds at Wed Aug 15 01:56:55 UTC 2018
4 ms. Memory: 208384K Free: 196356K (94%)
ptolemy.util.test.WatchDog.cancel(): canceling Wed Aug 15 01:56:55 UTC 2018
auto.tcl: Setting watchdog for 200 seconds at Wed Aug 15 01:56:55 UTC 2018
6 ms. Memory: 208384K Free: 194253K (93%)
ptolemy.util.test.WatchDog.cancel(): canceling Wed Aug 15 01:56:55 UTC 2018
------------------ testing $PTII/ptolemy/domains/de/test/auto/DEinDEwithStartTimes2.xml
auto.tcl: Setting watchdog for 200 seconds at Wed Aug 15 01:56:55 UTC 2018
5 ms. Memory: 208384K Free: 196336K (94%)
ptolemy.util.test.WatchDog.cancel(): canceling Wed Aug 15 01:56:55 UTC 2018
auto.tcl: Setting watchdog for 200 seconds at Wed Aug 15 01:56:55 UTC 2018
5 ms. Memory: 208384K Free: 194233K (93%)
ptolemy.util.test.WatchDog.cancel(): canceling Wed Aug 15 01:56:55 UTC 2018
------------------ testing $PTII/ptolemy/domains/de/test/auto/DateDemo.xml
auto.tcl: Setting watchdog for 200 seconds at Wed Aug 15 01:56:55 UTC 2018
16 ms. Memory: 208384K Free: 188765K (91%)
ptolemy.util.test.WatchDog.cancel(): canceling Wed Aug 15 01:56:55 UTC 2018
auto.tcl: Setting watchdog for 200 seconds at Wed Aug 15 01:56:55 UTC 2018
13 ms. Memory: 208384K Free: 186663K (90%)
ptolemy.util.test.WatchDog.cancel(): canceling Wed Aug 15 01:56:55 UTC 2018
------------------ testing $PTII/ptolemy/domains/de/test/auto/DateToEvent.xml
auto.tcl: Setting watchdog for 200 seconds at Wed Aug 15 01:56:55 UTC 2018
2010 ms. Memory: 208384K Free: 183471K (88%)
ptolemy.util.test.WatchDog.cancel(): canceling Wed Aug 15 01:56:57 UTC 2018
auto.tcl: Setting watchdog for 200 seconds at Wed Aug 15 01:56:57 UTC 2018
2005 ms. Memory: 208384K Free: 181013K (87%)
ptolemy.util.test.WatchDog.cancel(): canceling Wed Aug 15 01:56:59 UTC 2018
------------------ testing $PTII/ptolemy/domains/de/test/auto/DepthTest1.xml
auto.tcl: Setting watchdog for 200 seconds at Wed Aug 15 01:56:59 UTC 2018
6 ms. Memory: 208384K Free: 198031K (95%)
ptolemy.util.test.WatchDog.cancel(): canceling Wed Aug 15 01:56:59 UTC 2018
auto.tcl: Setting watchdog for 200 seconds at Wed Aug 15 01:56:59 UTC 2018
5 ms. Memory: 208384K Free: 198031K (95%)
ptolemy.util.test.WatchDog.cancel(): canceling Wed Aug 15 01:56:59 UTC 2018
------------------ testing $PTII/ptolemy/domains/de/test/auto/DepthTest2.xml
auto.tcl: Setting watchdog for 200 seconds at Wed Aug 15 01:56:59 UTC 2018
4 ms. Memory: 208384K Free: 193887K (93%)
ptolemy.util.test.WatchDog.cancel(): canceling Wed Aug 15 01:56:59 UTC 2018
auto.tcl: Setting watchdog for 200 seconds at Wed Aug 15 01:56:59 UTC 2018
3 ms. Memory: 208384K Free: 193887K (93%)
ptolemy.util.test.WatchDog.cancel(): canceling Wed Aug 15 01:56:59 UTC 2018
------------------ testing $PTII/ptolemy/domains/de/test/auto/DepthTest3.xml
auto.tcl: Setting watchdog for 200 seconds at Wed Aug 15 01:56:59 UTC 2018
2 ms. Memory: 208384K Free: 198364K (95%)
ptolemy.util.test.WatchDog.cancel(): canceling Wed Aug 15 01:56:59 UTC 2018
auto.tcl: Setting watchdog for 200 seconds at Wed Aug 15 01:56:59 UTC 2018
1 ms. Memory: 208384K Free: 198364K (95%)
ptolemy.util.test.WatchDog.cancel(): canceling Wed Aug 15 01:56:59 UTC 2018
------------------ testing $PTII/ptolemy/domains/de/test/auto/DepthTest4.xml
auto.tcl: Setting watchdog for 200 seconds at Wed Aug 15 01:56:59 UTC 2018
3 ms. Memory: 208384K Free: 196011K (94%)
ptolemy.util.test.WatchDog.cancel(): canceling Wed Aug 15 01:57:00 UTC 2018
auto.tcl: Setting watchdog for 200 seconds at Wed Aug 15 01:57:00 UTC 2018
3 ms. Memory: 208384K Free: 196011K (94%)
ptolemy.util.test.WatchDog.cancel(): canceling Wed Aug 15 01:57:00 UTC 2018
------------------ testing $PTII/ptolemy/domains/de/test/auto/DepthTest5.xml
auto.tcl: Setting watchdog for 200 seconds at Wed Aug 15 01:57:00 UTC 2018
5 ms. Memory: 208384K Free: 196296K (94%)
ptolemy.util.test.WatchDog.cancel(): canceling Wed Aug 15 01:57:00 UTC 2018
auto.tcl: Setting watchdog for 200 seconds at Wed Aug 15 01:57:00 UTC 2018
2 ms. Memory: 208384K Free: 195958K (94%)
ptolemy.util.test.WatchDog.cancel(): canceling Wed Aug 15 01:57:00 UTC 2018
------------------ testing $PTII/ptolemy/domains/de/test/auto/DepthTest6.xml
auto.tcl: Setting watchdog for 200 seconds at Wed Aug 15 01:57:00 UTC 2018
8 ms. Memory: 208384K Free: 195933K (94%)
ptolemy.util.test.WatchDog.cancel(): canceling Wed Aug 15 01:57:00 UTC 2018
auto.tcl: Setting watchdog for 200 seconds at Wed Aug 15 01:57:00 UTC 2018
2 ms. Memory: 208384K Free: 195933K (94%)
ptolemy.util.test.WatchDog.cancel(): canceling Wed Aug 15 01:57:00 UTC 2018
------------------ testing $PTII/ptolemy/domains/de/test/auto/DepthTest7.xml
auto.tcl: Setting watchdog for 200 seconds at Wed Aug 15 01:57:00 UTC 2018
2 ms. Memory: 208384K Free: 195914K (94%)
ptolemy.util.test.WatchDog.cancel(): canceling Wed Aug 15 01:57:00 UTC 2018
auto.tcl: Setting watchdog for 200 seconds at Wed Aug 15 01:57:00 UTC 2018
2 ms. Memory: 208384K Free: 195914K (94%)
ptolemy.util.test.WatchDog.cancel(): canceling Wed Aug 15 01:57:00 UTC 2018
------------------ testing $PTII/ptolemy/domains/de/test/auto/EventToDate.xml
auto.tcl: Setting watchdog for 200 seconds at Wed Aug 15 01:57:00 UTC 2018
3011 ms. Memory: 208384K Free: 185422K (89%)
ptolemy.util.test.WatchDog.cancel(): canceling Wed Aug 15 01:57:03 UTC 2018
auto.tcl: Setting watchdog for 200 seconds at Wed Aug 15 01:57:03 UTC 2018
3004 ms. Memory: 208384K Free: 185422K (89%)
ptolemy.util.test.WatchDog.cancel(): canceling Wed Aug 15 01:57:06 UTC 2018
------------------ testing $PTII/ptolemy/domains/de/test/auto/FSM1.xml
auto.tcl: Setting watchdog for 200 seconds at Wed Aug 15 01:57:06 UTC 2018
27 ms. Memory: 208384K Free: 188961K (91%)
ptolemy.util.test.WatchDog.cancel(): canceling Wed Aug 15 01:57:06 UTC 2018
auto.tcl: Setting watchdog for 200 seconds at Wed Aug 15 01:57:06 UTC 2018
21 ms. Memory: 208384K Free: 184755K (89%)
ptolemy.util.test.WatchDog.cancel(): canceling Wed Aug 15 01:57:06 UTC 2018
------------------ testing $PTII/ptolemy/domains/de/test/auto/FSM7.xml
auto.tcl: Setting watchdog for 200 seconds at Wed Aug 15 01:57:06 UTC 2018
17 ms. Memory: 208384K Free: 187062K (90%)
ptolemy.util.test.WatchDog.cancel(): canceling Wed Aug 15 01:57:06 UTC 2018
auto.tcl: Setting watchdog for 200 seconds at Wed Aug 15 01:57:06 UTC 2018
13 ms. Memory: 208384K Free: 184959K (89%)
ptolemy.util.test.WatchDog.cancel(): canceling Wed Aug 15 01:57:06 UTC 2018
------------------ testing $PTII/ptolemy/domains/de/test/auto/Inspection.xml
auto.tcl: Setting watchdog for 200 seconds at Wed Aug 15 01:57:06 UTC 2018
39 ms. Memory: 208384K Free: 188613K (91%)
ptolemy.util.test.WatchDog.cancel(): canceling Wed Aug 15 01:57:06 UTC 2018
auto.tcl: Setting watchdog for 200 seconds at Wed Aug 15 01:57:06 UTC 2018
31 ms. Memory: 208384K Free: 186511K (90%)
ptolemy.util.test.WatchDog.cancel(): canceling Wed Aug 15 01:57:06 UTC 2018
------------------ testing $PTII/ptolemy/domains/de/test/auto/Iteration.xml
auto.tcl: Setting watchdog for 200 seconds at Wed Aug 15 01:57:06 UTC 2018
12 ms. Memory: 208384K Free: 195722K (94%)
ptolemy.util.test.WatchDog.cancel(): canceling Wed Aug 15 01:57:06 UTC 2018
auto.tcl: Setting watchdog for 200 seconds at Wed Aug 15 01:57:06 UTC 2018
8 ms. Memory: 208384K Free: 193619K (93%)
ptolemy.util.test.WatchDog.cancel(): canceling Wed Aug 15 01:57:06 UTC 2018
------------------ testing $PTII/ptolemy/domains/de/test/auto/LineFault.xml
auto.tcl: Setting watchdog for 200 seconds at Wed Aug 15 01:57:06 UTC 2018
804 ms. Memory: 208384K Free: 195879K (94%)
ptolemy.util.test.WatchDog.cancel(): canceling Wed Aug 15 01:57:08 UTC 2018
auto.tcl: Setting watchdog for 200 seconds at Wed Aug 15 01:57:08 UTC 2018
647 ms. Memory: 208384K Free: 138469K (66%)
ptolemy.util.test.WatchDog.cancel(): canceling Wed Aug 15 01:57:08 UTC 2018
------------------ testing $PTII/ptolemy/domains/de/test/auto/MergeModel1Add.xml
auto.tcl: Setting watchdog for 200 seconds at Wed Aug 15 01:57:08 UTC 2018
30 ms. Memory: 331264K Free: 298546K (90%)
ptolemy.util.test.WatchDog.cancel(): canceling Wed Aug 15 01:57:08 UTC 2018
auto.tcl: Setting watchdog for 200 seconds at Wed Aug 15 01:57:08 UTC 2018
11 ms. Memory: 331264K Free: 298546K (90%)
ptolemy.util.test.WatchDog.cancel(): canceling Wed Aug 15 01:57:08 UTC 2018
------------------ testing $PTII/ptolemy/domains/de/test/auto/MergeModel2Add.xml
auto.tcl: Setting watchdog for 200 seconds at Wed Aug 15 01:57:08 UTC 2018
12 ms. Memory: 331264K Free: 303831K (92%)
ptolemy.util.test.WatchDog.cancel(): canceling Wed Aug 15 01:57:09 UTC 2018
auto.tcl: Setting watchdog for 200 seconds at Wed Aug 15 01:57:09 UTC 2018
12 ms. Memory: 331264K Free: 299884K (91%)
ptolemy.util.test.WatchDog.cancel(): canceling Wed Aug 15 01:57:09 UTC 2018
------------------ testing $PTII/ptolemy/domains/de/test/auto/MergeModel3Add.xml
auto.tcl: Setting watchdog for 200 seconds at Wed Aug 15 01:57:09 UTC 2018
11 ms. Memory: 331264K Free: 303841K (92%)
ptolemy.util.test.WatchDog.cancel(): canceling Wed Aug 15 01:57:09 UTC 2018
auto.tcl: Setting watchdog for 200 seconds at Wed Aug 15 01:57:09 UTC 2018
9 ms. Memory: 331264K Free: 299894K (91%)
ptolemy.util.test.WatchDog.cancel(): canceling Wed Aug 15 01:57:09 UTC 2018
------------------ testing $PTII/ptolemy/domains/de/test/auto/MergeWithoutDiscard.xml
auto.tcl: Setting watchdog for 200 seconds at Wed Aug 15 01:57:09 UTC 2018
5 ms. Memory: 331264K Free: 319911K (97%)
ptolemy.util.test.WatchDog.cancel(): canceling Wed Aug 15 01:57:09 UTC 2018
auto.tcl: Setting watchdog for 200 seconds at Wed Aug 15 01:57:09 UTC 2018
2 ms. Memory: 331264K Free: 315964K (95%)
ptolemy.util.test.WatchDog.cancel(): canceling Wed Aug 15 01:57:09 UTC 2018
------------------ testing $PTII/ptolemy/domains/de/test/auto/Modal1.xml
auto.tcl: Setting watchdog for 200 seconds at Wed Aug 15 01:57:09 UTC 2018
21 ms. Memory: 331264K Free: 309573K (93%)
ptolemy.util.test.WatchDog.cancel(): canceling Wed Aug 15 01:57:09 UTC 2018
auto.tcl: Setting watchdog for 200 seconds at Wed Aug 15 01:57:09 UTC 2018
25 ms. Memory: 331264K Free: 305626K (92%)
ptolemy.util.test.WatchDog.cancel(): canceling Wed Aug 15 01:57:09 UTC 2018
------------------ testing $PTII/ptolemy/domains/de/test/auto/Modal2.xml
auto.tcl: Setting watchdog for 200 seconds at Wed Aug 15 01:57:09 UTC 2018
17 ms. Memory: 331264K Free: 309453K (93%)
ptolemy.util.test.WatchDog.cancel(): canceling Wed Aug 15 01:57:09 UTC 2018
auto.tcl: Setting watchdog for 200 seconds at Wed Aug 15 01:57:09 UTC 2018
17 ms. Memory: 331264K Free: 305506K (92%)
ptolemy.util.test.WatchDog.cancel(): canceling Wed Aug 15 01:57:09 UTC 2018
------------------ testing $PTII/ptolemy/domains/de/test/auto/Modal3.xml
auto.tcl: Setting watchdog for 200 seconds at Wed Aug 15 01:57:09 UTC 2018
16 ms. Memory: 331264K Free: 309520K (93%)
ptolemy.util.test.WatchDog.cancel(): canceling Wed Aug 15 01:57:09 UTC 2018
auto.tcl: Setting watchdog for 200 seconds at Wed Aug 15 01:57:09 UTC 2018
14 ms. Memory: 331264K Free: 305288K (92%)
ptolemy.util.test.WatchDog.cancel(): canceling Wed Aug 15 01:57:09 UTC 2018
------------------ testing $PTII/ptolemy/domains/de/test/auto/Modal4.xml
auto.tcl: Setting watchdog for 200 seconds at Wed Aug 15 01:57:09 UTC 2018
23 ms. Memory: 331264K Free: 309247K (93%)
ptolemy.util.test.WatchDog.cancel(): canceling Wed Aug 15 01:57:09 UTC 2018
auto.tcl: Setting watchdog for 200 seconds at Wed Aug 15 01:57:09 UTC 2018
14 ms. Memory: 331264K Free: 305300K (92%)
ptolemy.util.test.WatchDog.cancel(): canceling Wed Aug 15 01:57:09 UTC 2018
------------------ testing $PTII/ptolemy/domains/de/test/auto/Modal5.xml
auto.tcl: Setting watchdog for 200 seconds at Wed Aug 15 01:57:09 UTC 2018
16 ms. Memory: 331264K Free: 309234K (93%)
ptolemy.util.test.WatchDog.cancel(): canceling Wed Aug 15 01:57:09 UTC 2018
auto.tcl: Setting watchdog for 200 seconds at Wed Aug 15 01:57:09 UTC 2018
12 ms. Memory: 331264K Free: 305287K (92%)
ptolemy.util.test.WatchDog.cancel(): canceling Wed Aug 15 01:57:09 UTC 2018
------------------ testing $PTII/ptolemy/domains/de/test/auto/Modal6.xml
auto.tcl: Setting watchdog for 200 seconds at Wed Aug 15 01:57:09 UTC 2018
11 ms. Memory: 331264K Free: 309231K (93%)
ptolemy.util.test.WatchDog.cancel(): canceling Wed Aug 15 01:57:09 UTC 2018
auto.tcl: Setting watchdog for 200 seconds at Wed Aug 15 01:57:09 UTC 2018
13 ms. Memory: 331264K Free: 305285K (92%)
ptolemy.util.test.WatchDog.cancel(): canceling Wed Aug 15 01:57:09 UTC 2018
------------------ testing $PTII/ptolemy/domains/de/test/auto/Modal7.xml
auto.tcl: Setting watchdog for 200 seconds at Wed Aug 15 01:57:10 UTC 2018
10 ms. Memory: 331264K Free: 309231K (93%)
ptolemy.util.test.WatchDog.cancel(): canceling Wed Aug 15 01:57:10 UTC 2018
auto.tcl: Setting watchdog for 200 seconds at Wed Aug 15 01:57:10 UTC 2018
11 ms. Memory: 331264K Free: 305284K (92%)
ptolemy.util.test.WatchDog.cancel(): canceling Wed Aug 15 01:57:10 UTC 2018
------------------ testing $PTII/ptolemy/domains/de/test/auto/ModalModel.xml
auto.tcl: Setting watchdog for 200 seconds at Wed Aug 15 01:57:10 UTC 2018
189 ms. Memory: 331264K Free: 245749K (74%)
ptolemy.util.test.WatchDog.cancel(): canceling Wed Aug 15 01:57:10 UTC 2018
auto.tcl: Setting watchdog for 200 seconds at Wed Aug 15 01:57:10 UTC 2018
179 ms. Memory: 331264K Free: 190493K (58%)
ptolemy.util.test.WatchDog.cancel(): canceling Wed Aug 15 01:57:10 UTC 2018
------------------ testing $PTII/ptolemy/domains/de/test/auto/ModalSource.xml
auto.tcl: Setting watchdog for 200 seconds at Wed Aug 15 01:57:10 UTC 2018
10 ms. Memory: 331264K Free: 316016K (95%)
ptolemy.util.test.WatchDog.cancel(): canceling Wed Aug 15 01:57:10 UTC 2018
auto.tcl: Setting watchdog for 200 seconds at Wed Aug 15 01:57:10 UTC 2018
6 ms. Memory: 331264K Free: 312501K (94%)
ptolemy.util.test.WatchDog.cancel(): canceling Wed Aug 15 01:57:10 UTC 2018
------------------ testing $PTII/ptolemy/domains/de/test/auto/NonInterruptibleTimerZeroDelay.xml
auto.tcl: Setting watchdog for 200 seconds at Wed Aug 15 01:57:10 UTC 2018
4 ms. Memory: 331264K Free: 320369K (97%)
ptolemy.util.test.WatchDog.cancel(): canceling Wed Aug 15 01:57:10 UTC 2018
auto.tcl: Setting watchdog for 200 seconds at Wed Aug 15 01:57:10 UTC 2018
2 ms. Memory: 331264K Free: 316854K (96%)
ptolemy.util.test.WatchDog.cancel(): canceling Wed Aug 15 01:57:10 UTC 2018
------------------ testing $PTII/ptolemy/domains/de/test/auto/OpenQueueingNetwork.xml
auto.tcl: Setting watchdog for 200 seconds at Wed Aug 15 01:57:10 UTC 2018
2987 ms. Memory: 573952K Free: 406063K (71%)
ptolemy.util.test.WatchDog.cancel(): canceling Wed Aug 15 01:57:13 UTC 2018
auto.tcl: Setting watchdog for 200 seconds at Wed Aug 15 01:57:13 UTC 2018
2581 ms. Memory: 550912K Free: 290375K (53%)
ptolemy.util.test.WatchDog.cancel(): canceling Wed Aug 15 01:57:16 UTC 2018
------------------ testing $PTII/ptolemy/domains/de/test/auto/OpenQueuingNetwork.xml
auto.tcl: Setting watchdog for 200 seconds at Wed Aug 15 01:57:16 UTC 2018
243 ms. Memory: 549888K Free: 444206K (81%)
ptolemy.util.test.WatchDog.cancel(): canceling Wed Aug 15 01:57:16 UTC 2018
auto.tcl: Setting watchdog for 200 seconds at Wed Aug 15 01:57:16 UTC 2018
218 ms. Memory: 549888K Free: 383767K (70%)
ptolemy.util.test.WatchDog.cancel(): canceling Wed Aug 15 01:57:17 UTC 2018
------------------ testing $PTII/ptolemy/domains/de/test/auto/PeriodicSampler.xml
auto.tcl: Setting watchdog for 200 seconds at Wed Aug 15 01:57:17 UTC 2018
3 ms. Memory: 551936K Free: 530329K (96%)
ptolemy.util.test.WatchDog.cancel(): canceling Wed Aug 15 01:57:17 UTC 2018
auto.tcl: Setting watchdog for 200 seconds at Wed Aug 15 01:57:17 UTC 2018
2 ms. Memory: 551936K Free: 530329K (96%)
ptolemy.util.test.WatchDog.cancel(): canceling Wed Aug 15 01:57:17 UTC 2018
------------------ testing $PTII/ptolemy/domains/de/test/auto/PersistentIO.xml
auto.tcl: Setting watchdog for 200 seconds at Wed Aug 15 01:57:17 UTC 2018
9 ms. Memory: 549376K Free: 521653K (95%)
ptolemy.util.test.WatchDog.cancel(): canceling Wed Aug 15 01:57:17 UTC 2018
auto.tcl: Setting watchdog for 200 seconds at Wed Aug 15 01:57:17 UTC 2018
4 ms. Memory: 549376K Free: 521653K (95%)
ptolemy.util.test.WatchDog.cancel(): canceling Wed Aug 15 01:57:17 UTC 2018
------------------ testing $PTII/ptolemy/domains/de/test/auto/PortParameterResetOnInitialize.xml
auto.tcl: Setting watchdog for 200 seconds at Wed Aug 15 01:57:17 UTC 2018
2 ms. Memory: 551424K Free: 530278K (96%)
ptolemy.util.test.WatchDog.cancel(): canceling Wed Aug 15 01:57:17 UTC 2018
auto.tcl: Setting watchdog for 200 seconds at Wed Aug 15 01:57:17 UTC 2018
2 ms. Memory: 551424K Free: 530278K (96%)
ptolemy.util.test.WatchDog.cancel(): canceling Wed Aug 15 01:57:17 UTC 2018
------------------ testing $PTII/ptolemy/domains/de/test/auto/PortParameterUpdates.xml
auto.tcl: Setting watchdog for 200 seconds at Wed Aug 15 01:57:17 UTC 2018
3 ms. Memory: 549376K Free: 528363K (96%)
ptolemy.util.test.WatchDog.cancel(): canceling Wed Aug 15 01:57:17 UTC 2018
auto.tcl: Setting watchdog for 200 seconds at Wed Aug 15 01:57:17 UTC 2018
3 ms. Memory: 549376K Free: 521648K (95%)
ptolemy.util.test.WatchDog.cancel(): canceling Wed Aug 15 01:57:17 UTC 2018
------------------ testing $PTII/ptolemy/domains/de/test/auto/QueueAndServer.xml
auto.tcl: Setting watchdog for 200 seconds at Wed Aug 15 01:57:17 UTC 2018
16 ms. Memory: 551424K Free: 530146K (96%)
ptolemy.util.test.WatchDog.cancel(): canceling Wed Aug 15 01:57:17 UTC 2018
auto.tcl: Setting watchdog for 200 seconds at Wed Aug 15 01:57:17 UTC 2018
6 ms. Memory: 551424K Free: 523430K (95%)
ptolemy.util.test.WatchDog.cancel(): canceling Wed Aug 15 01:57:17 UTC 2018
------------------ testing $PTII/ptolemy/domains/de/test/auto/Records.xml
auto.tcl: Setting watchdog for 200 seconds at Wed Aug 15 01:57:17 UTC 2018
5 ms. Memory: 549376K Free: 532719K (97%)
ptolemy.util.test.WatchDog.cancel(): canceling Wed Aug 15 01:57:17 UTC 2018
auto.tcl: Setting watchdog for 200 seconds at Wed Aug 15 01:57:17 UTC 2018
2 ms. Memory: 549376K Free: 532719K (97%)
ptolemy.util.test.WatchDog.cancel(): canceling Wed Aug 15 01:57:17 UTC 2018
------------------ testing $PTII/ptolemy/domains/de/test/auto/ResetTransitionWithStartTime1.xml
auto.tcl: Setting watchdog for 200 seconds at Wed Aug 15 01:57:17 UTC 2018
10 ms. Memory: 551424K Free: 534792K (97%)
ptolemy.util.test.WatchDog.cancel(): canceling Wed Aug 15 01:57:17 UTC 2018
auto.tcl: Setting watchdog for 200 seconds at Wed Aug 15 01:57:17 UTC 2018
5 ms. Memory: 551424K Free: 528077K (96%)
ptolemy.util.test.WatchDog.cancel(): canceling Wed Aug 15 01:57:17 UTC 2018
------------------ testing $PTII/ptolemy/domains/de/test/auto/ResetTransitionWithStartTime2.xml
auto.tcl: Setting watchdog for 200 seconds at Wed Aug 15 01:57:17 UTC 2018
5 ms. Memory: 549376K Free: 526250K (96%)
ptolemy.util.test.WatchDog.cancel(): canceling Wed Aug 15 01:57:17 UTC 2018
auto.tcl: Setting watchdog for 200 seconds at Wed Aug 15 01:57:17 UTC 2018
6 ms. Memory: 549376K Free: 526250K (96%)
ptolemy.util.test.WatchDog.cancel(): canceling Wed Aug 15 01:57:17 UTC 2018
------------------ testing $PTII/ptolemy/domains/de/test/auto/ResetTransitionWithStartTime3.xml
auto.tcl: Setting watchdog for 200 seconds at Wed Aug 15 01:57:17 UTC 2018
7 ms. Memory: 550912K Free: 534270K (97%)
ptolemy.util.test.WatchDog.cancel(): canceling Wed Aug 15 01:57:17 UTC 2018
auto.tcl: Setting watchdog for 200 seconds at Wed Aug 15 01:57:17 UTC 2018
5 ms. Memory: 550912K Free: 527555K (96%)
ptolemy.util.test.WatchDog.cancel(): canceling Wed Aug 15 01:57:17 UTC 2018
------------------ testing $PTII/ptolemy/domains/de/test/auto/ResetTransitionWithStartTime4.xml
auto.tcl: Setting watchdog for 200 seconds at Wed Aug 15 01:57:17 UTC 2018
3 ms. Memory: 549376K Free: 526017K (96%)
ptolemy.util.test.WatchDog.cancel(): canceling Wed Aug 15 01:57:17 UTC 2018
auto.tcl: Setting watchdog for 200 seconds at Wed Aug 15 01:57:17 UTC 2018
3 ms. Memory: 549376K Free: 526017K (96%)
ptolemy.util.test.WatchDog.cancel(): canceling Wed Aug 15 01:57:17 UTC 2018
------------------ testing $PTII/ptolemy/domains/de/test/auto/ResettableTimer1.xml
auto.tcl: Setting watchdog for 200 seconds at Wed Aug 15 01:57:17 UTC 2018
2 ms. Memory: 550912K Free: 534264K (97%)
ptolemy.util.test.WatchDog.cancel(): canceling Wed Aug 15 01:57:17 UTC 2018
auto.tcl: Setting watchdog for 200 seconds at Wed Aug 15 01:57:17 UTC 2018
2 ms. Memory: 550912K Free: 534264K (97%)
ptolemy.util.test.WatchDog.cancel(): canceling Wed Aug 15 01:57:17 UTC 2018
------------------ testing $PTII/ptolemy/domains/de/test/auto/ResettableTimer2.xml
auto.tcl: Setting watchdog for 200 seconds at Wed Aug 15 01:57:18 UTC 2018
3 ms. Memory: 549376K Free: 533016K (97%)
ptolemy.util.test.WatchDog.cancel(): canceling Wed Aug 15 01:57:18 UTC 2018
auto.tcl: Setting watchdog for 200 seconds at Wed Aug 15 01:57:18 UTC 2018
2 ms. Memory: 549376K Free: 533016K (97%)
ptolemy.util.test.WatchDog.cancel(): canceling Wed Aug 15 01:57:18 UTC 2018
------------------ testing $PTII/ptolemy/domains/de/test/auto/ResettableTimer3.xml
auto.tcl: Setting watchdog for 200 seconds at Wed Aug 15 01:57:18 UTC 2018
1 ms. Memory: 550912K Free: 524963K (95%)
ptolemy.util.test.WatchDog.cancel(): canceling Wed Aug 15 01:57:18 UTC 2018
auto.tcl: Setting watchdog for 200 seconds at Wed Aug 15 01:57:18 UTC 2018
2 ms. Memory: 550912K Free: 524963K (95%)
ptolemy.util.test.WatchDog.cancel(): canceling Wed Aug 15 01:57:18 UTC 2018
------------------ testing $PTII/ptolemy/domains/de/test/auto/ResettableTimer4.xml
auto.tcl: Setting watchdog for 200 seconds at Wed Aug 15 01:57:18 UTC 2018
1 ms. Memory: 549376K Free: 533028K (97%)
ptolemy.util.test.WatchDog.cancel(): canceling Wed Aug 15 01:57:18 UTC 2018
auto.tcl: Setting watchdog for 200 seconds at Wed Aug 15 01:57:18 UTC 2018
1 ms. Memory: 549376K Free: 533028K (97%)
ptolemy.util.test.WatchDog.cancel(): canceling Wed Aug 15 01:57:18 UTC 2018
------------------ testing $PTII/ptolemy/domains/de/test/auto/ResettableTimer5.xml
auto.tcl: Setting watchdog for 200 seconds at Wed Aug 15 01:57:18 UTC 2018
1 ms. Memory: 550400K Free: 533821K (97%)
ptolemy.util.test.WatchDog.cancel(): canceling Wed Aug 15 01:57:18 UTC 2018
auto.tcl: Setting watchdog for 200 seconds at Wed Aug 15 01:57:18 UTC 2018
2 ms. Memory: 550400K Free: 533821K (97%)
ptolemy.util.test.WatchDog.cancel(): canceling Wed Aug 15 01:57:18 UTC 2018
------------------ testing $PTII/ptolemy/domains/de/test/auto/ResettableTimer6.xml
auto.tcl: Setting watchdog for 200 seconds at Wed Aug 15 01:57:18 UTC 2018
2 ms. Memory: 549376K Free: 532747K (97%)
ptolemy.util.test.WatchDog.cancel(): canceling Wed Aug 15 01:57:18 UTC 2018
auto.tcl: Setting watchdog for 200 seconds at Wed Aug 15 01:57:18 UTC 2018
1 ms. Memory: 549376K Free: 532747K (97%)
ptolemy.util.test.WatchDog.cancel(): canceling Wed Aug 15 01:57:18 UTC 2018
------------------ testing $PTII/ptolemy/domains/de/test/auto/ServerZeroDelay.xml
auto.tcl: Setting watchdog for 200 seconds at Wed Aug 15 01:57:18 UTC 2018
3 ms. Memory: 550400K Free: 533990K (97%)
ptolemy.util.test.WatchDog.cancel(): canceling Wed Aug 15 01:57:18 UTC 2018
auto.tcl: Setting watchdog for 200 seconds at Wed Aug 15 01:57:18 UTC 2018
2 ms. Memory: 550400K Free: 533990K (97%)
ptolemy.util.test.WatchDog.cancel(): canceling Wed Aug 15 01:57:18 UTC 2018
------------------ testing $PTII/ptolemy/domains/de/test/auto/SmartSender.xml
auto.tcl: Setting watchdog for 200 seconds at Wed Aug 15 01:57:18 UTC 2018
3001 ms. Memory: 549376K Free: 532961K (97%)
ptolemy.util.test.WatchDog.cancel(): canceling Wed Aug 15 01:57:21 UTC 2018
auto.tcl: Setting watchdog for 200 seconds at Wed Aug 15 01:57:21 UTC 2018
3001 ms. Memory: 549376K Free: 532961K (97%)
ptolemy.util.test.WatchDog.cancel(): canceling Wed Aug 15 01:57:24 UTC 2018
------------------ testing $PTII/ptolemy/domains/de/test/auto/ThreadedComposite.xml
auto.tcl: Setting watchdog for 200 seconds at Wed Aug 15 01:57:24 UTC 2018
256 ms. Memory: 550400K Free: 513015K (93%)
ptolemy.util.test.WatchDog.cancel(): canceling Wed Aug 15 01:57:24 UTC 2018
auto.tcl: Setting watchdog for 200 seconds at Wed Aug 15 01:57:24 UTC 2018
148 ms. Memory: 550400K Free: 496924K (90%)
ptolemy.util.test.WatchDog.cancel(): canceling Wed Aug 15 01:57:24 UTC 2018
------------------ testing $PTII/ptolemy/domains/de/test/auto/Time.xml
auto.tcl: Setting watchdog for 200 seconds at Wed Aug 15 01:57:24 UTC 2018
541 ms. Memory: 549376K Free: 476299K (87%)
ptolemy.util.test.WatchDog.cancel(): canceling Wed Aug 15 01:57:25 UTC 2018
auto.tcl: Setting watchdog for 200 seconds at Wed Aug 15 01:57:25 UTC 2018
497 ms. Memory: 549376K Free: 415860K (76%)
ptolemy.util.test.WatchDog.cancel(): canceling Wed Aug 15 01:57:26 UTC 2018
------------------ testing $PTII/ptolemy/domains/de/test/auto/TimeDelayZeroDelay.xml
auto.tcl: Setting watchdog for 200 seconds at Wed Aug 15 01:57:26 UTC 2018
2 ms. Memory: 550400K Free: 533676K (97%)
ptolemy.util.test.WatchDog.cancel(): canceling Wed Aug 15 01:57:26 UTC 2018
auto.tcl: Setting watchdog for 200 seconds at Wed Aug 15 01:57:26 UTC 2018
2 ms. Memory: 550400K Free: 533676K (97%)
ptolemy.util.test.WatchDog.cancel(): canceling Wed Aug 15 01:57:26 UTC 2018
------------------ testing $PTII/ptolemy/domains/de/test/auto/TimerZeroDelay.xml
auto.tcl: Setting watchdog for 200 seconds at Wed Aug 15 01:57:26 UTC 2018
4 ms. Memory: 549376K Free: 532926K (97%)
ptolemy.util.test.WatchDog.cancel(): canceling Wed Aug 15 01:57:26 UTC 2018
auto.tcl: Setting watchdog for 200 seconds at Wed Aug 15 01:57:26 UTC 2018
2 ms. Memory: 549376K Free: 532926K (97%)
ptolemy.util.test.WatchDog.cancel(): canceling Wed Aug 15 01:57:26 UTC 2018
------------------ testing $PTII/ptolemy/domains/de/test/auto/TimingParadox.xml
auto.tcl: Setting watchdog for 200 seconds at Wed Aug 15 01:57:26 UTC 2018
373 ms. Memory: 549888K Free: 462177K (84%)
ptolemy.util.test.WatchDog.cancel(): canceling Wed Aug 15 01:57:26 UTC 2018
auto.tcl: Setting watchdog for 200 seconds at Wed Aug 15 01:57:26 UTC 2018
340 ms. Memory: 549888K Free: 428600K (78%)
ptolemy.util.test.WatchDog.cancel(): canceling Wed Aug 15 01:57:27 UTC 2018
------------------ testing $PTII/ptolemy/domains/de/test/auto/TransferInputs.xml
auto.tcl: Setting watchdog for 200 seconds at Wed Aug 15 01:57:27 UTC 2018
2 ms. Memory: 549888K Free: 532342K (97%)
ptolemy.util.test.WatchDog.cancel(): canceling Wed Aug 15 01:57:27 UTC 2018
auto.tcl: Setting watchdog for 200 seconds at Wed Aug 15 01:57:27 UTC 2018
1 ms. Memory: 549888K Free: 532342K (97%)
ptolemy.util.test.WatchDog.cancel(): canceling Wed Aug 15 01:57:27 UTC 2018
------------------ testing $PTII/ptolemy/domains/de/test/auto/TransferOutputs2.xml
auto.tcl: Setting watchdog for 200 seconds at Wed Aug 15 01:57:27 UTC 2018
4 ms. Memory: 549376K Free: 521537K (95%)
ptolemy.util.test.WatchDog.cancel(): canceling Wed Aug 15 01:57:27 UTC 2018
auto.tcl: Setting watchdog for 200 seconds at Wed Aug 15 01:57:27 UTC 2018
3 ms. Memory: 549376K Free: 521537K (95%)
ptolemy.util.test.WatchDog.cancel(): canceling Wed Aug 15 01:57:27 UTC 2018
------------------ testing $PTII/ptolemy/domains/de/test/auto/Trilateration.xml
auto.tcl: Setting watchdog for 200 seconds at Wed Aug 15 01:57:27 UTC 2018
13819 ms. Memory: 766976K Free: 179809K (23%)
ptolemy.util.test.WatchDog.cancel(): canceling Wed Aug 15 01:57:42 UTC 2018
auto.tcl: Setting watchdog for 200 seconds at Wed Aug 15 01:57:42 UTC 2018
11187 ms. Memory: 623104K Free: 575625K (92%)
ptolemy.util.test.WatchDog.cancel(): canceling Wed Aug 15 01:57:53 UTC 2018
------------------ testing $PTII/ptolemy/domains/de/test/auto/TwoSigmaDelta.xml
auto.tcl: Setting watchdog for 200 seconds at Wed Aug 15 01:57:53 UTC 2018
2708 ms. Memory: 619520K Free: 314338K (51%)
ptolemy.util.test.WatchDog.cancel(): canceling Wed Aug 15 01:57:56 UTC 2018
auto.tcl: Setting watchdog for 200 seconds at Wed Aug 15 01:57:56 UTC 2018
2158 ms. Memory: 619520K Free: 86679K (14%)
ptolemy.util.test.WatchDog.cancel(): canceling Wed Aug 15 01:57:58 UTC 2018
------------------ testing $PTII/ptolemy/domains/de/test/auto/VariableDelay.xml
auto.tcl: Setting watchdog for 200 seconds at Wed Aug 15 01:57:58 UTC 2018
4 ms. Memory: 623104K Free: 598465K (96%)
ptolemy.util.test.WatchDog.cancel(): canceling Wed Aug 15 01:57:58 UTC 2018
auto.tcl: Setting watchdog for 200 seconds at Wed Aug 15 01:57:58 UTC 2018
5 ms. Memory: 623104K Free: 598465K (96%)
ptolemy.util.test.WatchDog.cancel(): canceling Wed Aug 15 01:57:58 UTC 2018
------------------ testing $PTII/ptolemy/domains/de/test/auto/VariableDelay2.xml
auto.tcl: Setting watchdog for 200 seconds at Wed Aug 15 01:57:58 UTC 2018
6 ms. Memory: 619520K Free: 600706K (97%)
ptolemy.util.test.WatchDog.cancel(): canceling Wed Aug 15 01:57:58 UTC 2018
auto.tcl: Setting watchdog for 200 seconds at Wed Aug 15 01:57:58 UTC 2018
2 ms. Memory: 619520K Free: 600706K (97%)
ptolemy.util.test.WatchDog.cancel(): canceling Wed Aug 15 01:57:58 UTC 2018
------------------ testing $PTII/ptolemy/domains/de/test/auto/VariableDelayZeroDelay.xml
auto.tcl: Setting watchdog for 200 seconds at Wed Aug 15 01:57:58 UTC 2018
2 ms. Memory: 622592K Free: 598396K (96%)
ptolemy.util.test.WatchDog.cancel(): canceling Wed Aug 15 01:57:58 UTC 2018
auto.tcl: Setting watchdog for 200 seconds at Wed Aug 15 01:57:58 UTC 2018
2 ms. Memory: 622592K Free: 598396K (96%)
ptolemy.util.test.WatchDog.cancel(): canceling Wed Aug 15 01:57:58 UTC 2018
------------------ testing $PTII/ptolemy/domains/de/test/auto/VariableDelayZeroDelay2.xml
auto.tcl: Setting watchdog for 200 seconds at Wed Aug 15 01:57:58 UTC 2018
2 ms. Memory: 619520K Free: 595322K (96%)
ptolemy.util.test.WatchDog.cancel(): canceling Wed Aug 15 01:57:58 UTC 2018
auto.tcl: Setting watchdog for 200 seconds at Wed Aug 15 01:57:58 UTC 2018
2 ms. Memory: 619520K Free: 595322K (96%)
ptolemy.util.test.WatchDog.cancel(): canceling Wed Aug 15 01:57:58 UTC 2018
------------------ testing $PTII/ptolemy/domains/de/test/auto/deInCt.xml
auto.tcl: Setting watchdog for 200 seconds at Wed Aug 15 01:57:58 UTC 2018
0
1
1
0
0
0
0
1
1
1
0
0
0
1
1
1
0
0
1
1
1
0
0
1
1
1
1
1
1
0
0
0
1
1
1
0
0
0
1
1
1
0
0
0
16 ms. Memory: 622080K Free: 597849K (96%)
ptolemy.util.test.WatchDog.cancel(): canceling Wed Aug 15 01:57:58 UTC 2018
auto.tcl: Setting watchdog for 200 seconds at Wed Aug 15 01:57:58 UTC 2018
0
1
1
1
1
1
0
0
0
1
1
1
0
0
0
1
1
1
0
0
0
0
0
1
1
1
0
0
0
1
1
1
0
0
0
0
0
0
13 ms. Memory: 622080K Free: 597849K (96%)
ptolemy.util.test.WatchDog.cancel(): canceling Wed Aug 15 01:57:58 UTC 2018
------------------ testing $PTII/ptolemy/domains/de/test/auto/deInCt2.xml
auto.tcl: Setting watchdog for 200 seconds at Wed Aug 15 01:57:58 UTC 2018
0
1
1
1
0
0
1
1
1
0
0
1
1
1
0
0
1
1
1
0
0
1
1
1
0
0
1
1
1
0
0
1
1
1
0
0
1
1
1
0
0
0
4 ms. Memory: 619520K Free: 600669K (97%)
ptolemy.util.test.WatchDog.cancel(): canceling Wed Aug 15 01:57:58 UTC 2018
auto.tcl: Setting watchdog for 200 seconds at Wed Aug 15 01:57:58 UTC 2018
0
1
1
1
0
0
1
1
1
0
0
1
1
1
0
0
1
1
1
0
0
1
1
1
0
0
1
1
1
0
0
1
1
1
0
0
1
1
1
0
0
0
7 ms. Memory: 619520K Free: 600669K (97%)
ptolemy.util.test.WatchDog.cancel(): canceling Wed Aug 15 01:57:58 UTC 2018
------------------ testing $PTII/ptolemy/domains/de/test/auto/dynamicCausalityInterface1.xml
auto.tcl: Setting watchdog for 200 seconds at Wed Aug 15 01:57:58 UTC 2018
1 ms. Memory: 621568K Free: 594503K (96%)
ptolemy.util.test.WatchDog.cancel(): canceling Wed Aug 15 01:57:59 UTC 2018
auto.tcl: Setting watchdog for 200 seconds at Wed Aug 15 01:57:59 UTC 2018
0 ms. Memory: 621568K Free: 594503K (96%)
ptolemy.util.test.WatchDog.cancel(): canceling Wed Aug 15 01:57:59 UTC 2018
------------------ testing $PTII/ptolemy/domains/de/test/auto/fsm_de_test.xml
auto.tcl: Setting watchdog for 200 seconds at Wed Aug 15 01:57:59 UTC 2018
6 ms. Memory: 619520K Free: 600591K (97%)
ptolemy.util.test.WatchDog.cancel(): canceling Wed Aug 15 01:57:59 UTC 2018
auto.tcl: Setting watchdog for 200 seconds at Wed Aug 15 01:57:59 UTC 2018
5 ms. Memory: 619520K Free: 592334K (96%)
ptolemy.util.test.WatchDog.cancel(): canceling Wed Aug 15 01:57:59 UTC 2018
------------------ testing $PTII/ptolemy/domains/de/test/auto/functionDependencyReconstruction.xml
auto.tcl: Setting watchdog for 200 seconds at Wed Aug 15 01:57:59 UTC 2018
3 ms. Memory: 621568K Free: 588992K (95%)
ptolemy.util.test.WatchDog.cancel(): canceling Wed Aug 15 01:57:59 UTC 2018
auto.tcl: Setting watchdog for 200 seconds at Wed Aug 15 01:57:59 UTC 2018
2 ms. Memory: 621568K Free: 580734K (93%)
ptolemy.util.test.WatchDog.cancel(): canceling Wed Aug 15 01:57:59 UTC 2018
------------------ testing $PTII/ptolemy/domains/de/test/auto/multirate.xml
auto.tcl: Setting watchdog for 200 seconds at Wed Aug 15 01:57:59 UTC 2018
4 ms. Memory: 619520K Free: 595077K (96%)
ptolemy.util.test.WatchDog.cancel(): canceling Wed Aug 15 01:57:59 UTC 2018
auto.tcl: Setting watchdog for 200 seconds at Wed Aug 15 01:57:59 UTC 2018
3 ms. Memory: 619520K Free: 595077K (96%)
ptolemy.util.test.WatchDog.cancel(): canceling Wed Aug 15 01:57:59 UTC 2018
------------------ testing $PTII/ptolemy/domains/de/test/auto/multirate2.xml
auto.tcl: Setting watchdog for 200 seconds at Wed Aug 15 01:57:59 UTC 2018
3 ms. Memory: 621056K Free: 596802K (96%)
ptolemy.util.test.WatchDog.cancel(): canceling Wed Aug 15 01:57:59 UTC 2018
auto.tcl: Setting watchdog for 200 seconds at Wed Aug 15 01:57:59 UTC 2018
3 ms. Memory: 621056K Free: 596802K (96%)
ptolemy.util.test.WatchDog.cancel(): canceling Wed Aug 15 01:57:59 UTC 2018
------------------ testing $PTII/ptolemy/domains/de/test/auto/realtime.xml
auto.tcl: Setting watchdog for 200 seconds at Wed Aug 15 01:57:59 UTC 2018
10001 ms. Memory: 619520K Free: 595233K (96%)
ptolemy.util.test.WatchDog.cancel(): canceling Wed Aug 15 01:58:09 UTC 2018
auto.tcl: Setting watchdog for 200 seconds at Wed Aug 15 01:58:09 UTC 2018
10002 ms. Memory: 619520K Free: 595233K (96%)
ptolemy.util.test.WatchDog.cancel(): canceling Wed Aug 15 01:58:19 UTC 2018
------------------ testing $PTII/ptolemy/domains/de/test/auto/relationGroup.xml
auto.tcl: Setting watchdog for 200 seconds at Wed Aug 15 01:58:19 UTC 2018
1 ms. Memory: 621056K Free: 596826K (96%)
ptolemy.util.test.WatchDog.cancel(): canceling Wed Aug 15 01:58:19 UTC 2018
auto.tcl: Setting watchdog for 200 seconds at Wed Aug 15 01:58:19 UTC 2018
1 ms. Memory: 621056K Free: 596826K (96%)
ptolemy.util.test.WatchDog.cancel(): canceling Wed Aug 15 01:58:19 UTC 2018
------------------ testing $PTII/ptolemy/domains/de/test/auto/relationGroup2.xml
auto.tcl: Setting watchdog for 200 seconds at Wed Aug 15 01:58:19 UTC 2018
1 ms. Memory: 619520K Free: 595316K (96%)
ptolemy.util.test.WatchDog.cancel(): canceling Wed Aug 15 01:58:19 UTC 2018
auto.tcl: Setting watchdog for 200 seconds at Wed Aug 15 01:58:19 UTC 2018
1 ms. Memory: 619520K Free: 595316K (96%)
ptolemy.util.test.WatchDog.cancel(): canceling Wed Aug 15 01:58:19 UTC 2018
------------------ testing $PTII/ptolemy/domains/de/test/auto/sortWithOpaquePorts.xml
auto.tcl: Setting watchdog for 200 seconds at Wed Aug 15 01:58:19 UTC 2018
1 ms. Memory: 620544K Free: 596342K (96%)
ptolemy.util.test.WatchDog.cancel(): canceling Wed Aug 15 01:58:19 UTC 2018
auto.tcl: Setting watchdog for 200 seconds at Wed Aug 15 01:58:19 UTC 2018
1 ms. Memory: 620544K Free: 596342K (96%)
ptolemy.util.test.WatchDog.cancel(): canceling Wed Aug 15 01:58:19 UTC 2018
------------------ testing $PTII/ptolemy/domains/de/test/auto/transferInputsandOutputs.xml
auto.tcl: Setting watchdog for 200 seconds at Wed Aug 15 01:58:19 UTC 2018
2 ms. Memory: 619520K Free: 595305K (96%)
ptolemy.util.test.WatchDog.cancel(): canceling Wed Aug 15 01:58:19 UTC 2018
auto.tcl: Setting watchdog for 200 seconds at Wed Aug 15 01:58:19 UTC 2018
2 ms. Memory: 619520K Free: 595305K (96%)
ptolemy.util.test.WatchDog.cancel(): canceling Wed Aug 15 01:58:19 UTC 2018
------------------ testing $PTII/ptolemy/domains/de/test/auto/triggerType.xml
auto.tcl: Setting watchdog for 200 seconds at Wed Aug 15 01:58:19 UTC 2018
1 ms. Memory: 620544K Free: 596280K (96%)
ptolemy.util.test.WatchDog.cancel(): canceling Wed Aug 15 01:58:19 UTC 2018
auto.tcl: Setting watchdog for 200 seconds at Wed Aug 15 01:58:19 UTC 2018
2 ms. Memory: 620544K Free: 596280K (96%)
ptolemy.util.test.WatchDog.cancel(): canceling Wed Aug 15 01:58:19 UTC 2018
08/15/18 01:58:19
Failed: 0  Total Tests: 192  ((Passed: 187, Newly Passed: 1)  Known Failed: 5) /home/travis/build/icyphy/ptII/ptolemy/domains/de/test
08/15/18 01:58:19
Failed: 0  Total Tests: 192  ((Passed: 187, Newly Passed: 1)  Known Failed: 5) /home/travis/build/icyphy/ptII/ptolemy/domains/de/test
----------------- testing (KnownFailure) /home/travis/build/icyphy/ptII/ptolemy/domains/de/test/auto/knownFailedTests/DESDFClockTest.xml
2012 ms. Memory: 619520K Free: 584547K (94%)
Known Failure: java.lang.reflect.InvocationTargetException
----------------- testing (KnownFailure) /home/travis/build/icyphy/ptII/ptolemy/domains/de/test/auto/knownFailedTests/DirectFeedback.xml
1 ms. Memory: 619520K Free: 541498K (87%)
Known Failure: java.lang.reflect.InvocationTargetException
----------------- testing (KnownFailure) /home/travis/build/icyphy/ptII/ptolemy/domains/de/test/auto/knownFailedTests/FSMSource.xml
4 ms. Memory: 619520K Free: 498449K (80%)
----------------- testing (KnownFailure) /home/travis/build/icyphy/ptII/ptolemy/domains/de/test/auto/knownFailedTests/HierarchicalModel.xml
2 ms. Memory: 619520K Free: 466124K (75%)
Known Failure: java.lang.reflect.InvocationTargetException
----------------- testing (KnownFailure) /home/travis/build/icyphy/ptII/ptolemy/domains/de/test/auto/knownFailedTests/dependencyLoop.xml
2 ms. Memory: 619520K Free: 412296K (67%)
Known Failure: java.lang.reflect.InvocationTargetException
----------------- testing (KnownFailure) /home/travis/build/icyphy/ptII/ptolemy/domains/de/test/auto/knownFailedTests/dependencyLoop2.xml
2 ms. Memory: 619520K Free: 358477K (58%)
Known Failure: java.lang.reflect.InvocationTargetException
No auto/linux-amd64/*.xml tests in /home/travis/build/icyphy/ptII/ptolemy/domains/de/test
AutoTests.java: About to close Vertx.
AutoTests.java: Vertx closed.

===========================================================================================
----------------- testing Wed Aug 15 01:58:21 UTC 2018 /home/travis/build/icyphy/ptII/ptolemy/domains/de/test/auto/ActorDepthCalculation_actorWithoutPorts.xml
----------------- Instantiating /home/travis/build/icyphy/ptII/ptolemy/domains/de/test/auto/ActorDepthCalculation_actorWithoutPorts.xml
1 ms. Memory: 619520K Free: 304665K (49%)
----------------- Invoking toplevel() on ptolemy.moml.MoMLSimpleApplication@50c2dd7b
----------------- Done invoking toplevel() on ptolemy.moml.MoMLSimpleApplication@50c2dd7b
reloadAllAccessors: .ActorDepthCalculation_actorWithoutPorts

===========================================================================================
----------------- testing Wed Aug 15 01:58:21 UTC 2018 /home/travis/build/icyphy/ptII/ptolemy/domains/de/test/auto/AssemblyLine.xml
----------------- Instantiating /home/travis/build/icyphy/ptII/ptolemy/domains/de/test/auto/AssemblyLine.xml
2 ms. Memory: 619520K Free: 283141K (46%)
----------------- Invoking toplevel() on ptolemy.moml.MoMLSimpleApplication@3a1aed79
----------------- Done invoking toplevel() on ptolemy.moml.MoMLSimpleApplication@3a1aed79
reloadAllAccessors: .AssemblyLine

===========================================================================================
----------------- testing Wed Aug 15 01:58:21 UTC 2018 /home/travis/build/icyphy/ptII/ptolemy/domains/de/test/auto/CQBug1.xml
----------------- Instantiating /home/travis/build/icyphy/ptII/ptolemy/domains/de/test/auto/CQBug1.xml
0 ms. Memory: 619520K Free: 261616K (42%)
----------------- Invoking toplevel() on ptolemy.moml.MoMLSimpleApplication@5b503e27
----------------- Done invoking toplevel() on ptolemy.moml.MoMLSimpleApplication@5b503e27
reloadAllAccessors: .CQBug1

===========================================================================================
----------------- testing Wed Aug 15 01:58:21 UTC 2018 /home/travis/build/icyphy/ptII/ptolemy/domains/de/test/auto/CancelFireAt.xml
----------------- Instantiating /home/travis/build/icyphy/ptII/ptolemy/domains/de/test/auto/CancelFireAt.xml
6 ms. Memory: 619520K Free: 240092K (39%)
----------------- Invoking toplevel() on ptolemy.moml.MoMLSimpleApplication@18c714d9
----------------- Done invoking toplevel() on ptolemy.moml.MoMLSimpleApplication@18c714d9
reloadAllAccessors: .CancelFireAt

===========================================================================================
----------------- testing Wed Aug 15 01:58:22 UTC 2018 /home/travis/build/icyphy/ptII/ptolemy/domains/de/test/auto/CausalityAndComposabilityAnalysis.xml
----------------- Instantiating /home/travis/build/icyphy/ptII/ptolemy/domains/de/test/auto/CausalityAndComposabilityAnalysis.xml
1 ms. Memory: 619520K Free: 218567K (35%)
----------------- Invoking toplevel() on ptolemy.moml.MoMLSimpleApplication@250894b5
----------------- Done invoking toplevel() on ptolemy.moml.MoMLSimpleApplication@250894b5
reloadAllAccessors: .CausalityAndComposabilityAnalysis

===========================================================================================
----------------- testing Wed Aug 15 01:58:22 UTC 2018 /home/travis/build/icyphy/ptII/ptolemy/domains/de/test/auto/CausalityInterface1.xml
----------------- Instantiating /home/travis/build/icyphy/ptII/ptolemy/domains/de/test/auto/CausalityInterface1.xml
3 ms. Memory: 619520K Free: 197043K (32%)
----------------- Invoking toplevel() on ptolemy.moml.MoMLSimpleApplication@e2b67c0
----------------- Done invoking toplevel() on ptolemy.moml.MoMLSimpleApplication@e2b67c0
reloadAllAccessors: .CausalityInterface1

===========================================================================================
----------------- testing Wed Aug 15 01:58:22 UTC 2018 /home/travis/build/icyphy/ptII/ptolemy/domains/de/test/auto/CausalityInterface15.xml
----------------- Instantiating /home/travis/build/icyphy/ptII/ptolemy/domains/de/test/auto/CausalityInterface15.xml
2 ms. Memory: 619520K Free: 175518K (28%)
----------------- Invoking toplevel() on ptolemy.moml.MoMLSimpleApplication@569d1d40
----------------- Done invoking toplevel() on ptolemy.moml.MoMLSimpleApplication@569d1d40
reloadAllAccessors: .CausalityInterface15

[...]
java.lang.RuntimeException: Execution failed
	at ptolemy.moml.MoMLSimpleApplication$UnloadThread.run(MoMLSimpleApplication.java:402)
Caused by: ptolemy.kernel.util.IllegalActionException: Test fails in iteration 1.
Value was: 1.0. Should have been: 2.0
  in .DirectFeedback.Test
	at ptolemy.actor.lib.Test.fire(Test.java:268)
	at ptolemy.domains.de.kernel.DEDirector._fire(DEDirector.java:1949)
	at ptolemy.domains.de.kernel.DEDirector.fire(DEDirector.java:502)
	at ptolemy.actor.CompositeActor.fire(CompositeActor.java:455)
	at ptolemy.actor.Manager.iterate(Manager.java:851)
	at ptolemy.actor.Manager.execute(Manager.java:369)
	at ptolemy.actor.Manager.run(Manager.java:1263)
	at ptolemy.actor.Manager$PtolemyRunThread.run(Manager.java:1915)
java.lang.RuntimeException: Execution failed
	at ptolemy.moml.MoMLSimpleApplication$UnloadThread.run(MoMLSimpleApplication.java:402)
Caused by: ptolemy.kernel.util.IllegalActionException: Actor is not ready to fire.  Perhaps UpSample.prefire() returned false? Try debugging the actor by selecting "Listen to Actor".  Also, for SDF check moml for tokenConsumptionRate on input.
  in .DESDFClockTest.Play Bell.Copy1:SDF Director and .DESDFClockTest.Play Bell.UpSample
	at ptolemy.actor.sched.StaticSchedulingDirector.fire(StaticSchedulingDirector.java:227)
	at ptolemy.domains.sdf.kernel.SDFDirector.fire(SDFDirector.java:500)
	at ptolemy.actor.CompositeActor.fire(CompositeActor.java:455)
	at ptolemy.domains.de.kernel.DEDirector._fire(DEDirector.java:1949)
	at ptolemy.domains.de.kernel.DEDirector.fire(DEDirector.java:502)
	at ptolemy.actor.CompositeActor.fire(CompositeActor.java:455)
	at ptolemy.actor.Manager.iterate(Manager.java:851)
	at ptolemy.actor.Manager.execute(Manager.java:369)
	at ptolemy.actor.Manager.run(Manager.java:1263)
	at ptolemy.actor.Manager$PtolemyRunThread.run(Manager.java:1915)
java.lang.reflect.InvocationTargetException
	at sun.reflect.NativeConstructorAccessorImpl.newInstance0(Native Method)
	at sun.reflect.NativeConstructorAccessorImpl.newInstance(NativeConstructorAccessorImpl.java:62)
	at sun.reflect.DelegatingConstructorAccessorImpl.newInstance(DelegatingConstructorAccessorImpl.java:45)
	at java.lang.reflect.Constructor.newInstance(Constructor.java:423)
	at ptolemy.util.test.junit.AutoKnownFailedTests.RunModel(AutoKnownFailedTests.java:107)
	at sun.reflect.NativeMethodAccessorImpl.invoke0(Native Method)
	at sun.reflect.NativeMethodAccessorImpl.invoke(NativeMethodAccessorImpl.java:62)
	at sun.reflect.DelegatingMethodAccessorImpl.invoke(DelegatingMethodAccessorImpl.java:43)
	at java.lang.reflect.Method.invoke(Method.java:498)
	at org.junit.runners.model.FrameworkMethod$1.runReflectiveCall(FrameworkMethod.java:44)
	at org.junit.internal.runners.model.ReflectiveCallable.run(ReflectiveCallable.java:15)
	at org.junit.runners.model.FrameworkMethod.invokeExplosively(FrameworkMethod.java:41)
	at junitparams.internal.InvokeParameterisedMethod.evaluate(InvokeParameterisedMethod.java:102)
	at org.junit.internal.runners.statements.FailOnTimeout$1.run(FailOnTimeout.java:28)
Caused by: ptolemy.kernel.util.IllegalActionException: Actor is not ready to fire.  Perhaps UpSample.prefire() returned false? Try debugging the actor by selecting "Listen to Actor".  Also, for SDF check moml for tokenConsumptionRate on input.
  in .DESDFClockTest.Play Bell.Copy1:SDF Director and .DESDFClockTest.Play Bell.UpSample
	at ptolemy.actor.sched.StaticSchedulingDirector.fire(StaticSchedulingDirector.java:227)
	at ptolemy.domains.sdf.kernel.SDFDirector.fire(SDFDirector.java:500)
	at ptolemy.actor.CompositeActor.fire(CompositeActor.java:455)
	at ptolemy.domains.de.kernel.DEDirector._fire(DEDirector.java:1949)
	at ptolemy.domains.de.kernel.DEDirector.fire(DEDirector.java:502)
	at ptolemy.actor.CompositeActor.fire(CompositeActor.java:455)
	at ptolemy.actor.Manager.iterate(Manager.java:851)
	at ptolemy.actor.Manager.execute(Manager.java:369)
	at ptolemy.actor.Manager.run(Manager.java:1263)
	at ptolemy.actor.Manager$PtolemyRunThread.run(Manager.java:1915)
java.lang.RuntimeException: Execution failed
	at ptolemy.moml.MoMLSimpleApplication$UnloadThread.run(MoMLSimpleApplication.java:402)
Caused by: ptolemy.kernel.util.IllegalActionException: Test fails in iteration 1.
Value was: 1.0. Should have been: 2.0
  in .DirectFeedback.Test
	at ptolemy.actor.lib.Test.fire(Test.java:268)
	at ptolemy.domains.de.kernel.DEDirector._fire(DEDirector.java:1949)
	at ptolemy.domains.de.kernel.DEDirector.fire(DEDirector.java:502)
	at ptolemy.actor.CompositeActor.fire(CompositeActor.java:455)
	at ptolemy.actor.Manager.iterate(Manager.java:851)
	at ptolemy.actor.Manager.execute(Manager.java:369)
	at ptolemy.actor.Manager.run(Manager.java:1263)
	at ptolemy.actor.Manager$PtolemyRunThread.run(Manager.java:1915)
java.lang.reflect.InvocationTargetException
	at sun.reflect.NativeConstructorAccessorImpl.newInstance0(Native Method)
	at sun.reflect.NativeConstructorAccessorImpl.newInstance(NativeConstructorAccessorImpl.java:62)
	at sun.reflect.DelegatingConstructorAccessorImpl.newInstance(DelegatingConstructorAccessorImpl.java:45)
	at java.lang.reflect.Constructor.newInstance(Constructor.java:423)
	at ptolemy.util.test.junit.AutoKnownFailedTests.RunModel(AutoKnownFailedTests.java:107)
	at sun.reflect.NativeMethodAccessorImpl.invoke0(Native Method)
	at sun.reflect.NativeMethodAccessorImpl.invoke(NativeMethodAccessorImpl.java:62)
	at sun.reflect.DelegatingMethodAccessorImpl.invoke(DelegatingMethodAccessorImpl.java:43)
	at java.lang.reflect.Method.invoke(Method.java:498)
	at org.junit.runners.model.FrameworkMethod$1.runReflectiveCall(FrameworkMethod.java:44)
	at org.junit.internal.runners.model.ReflectiveCallable.run(ReflectiveCallable.java:15)
	at org.junit.runners.model.FrameworkMethod.invokeExplosively(FrameworkMethod.java:41)
	at junitparams.internal.InvokeParameterisedMethod.evaluate(InvokeParameterisedMethod.java:102)
	at org.junit.internal.runners.statements.FailOnTimeout$1.run(FailOnTimeout.java:28)
Caused by: ptolemy.kernel.util.IllegalActionException: Test fails in iteration 1.
Value was: 1.0. Should have been: 2.0
  in .DirectFeedback.Test
	at ptolemy.actor.lib.Test.fire(Test.java:268)
	at ptolemy.domains.de.kernel.DEDirector._fire(DEDirector.java:1949)
	at ptolemy.domains.de.kernel.DEDirector.fire(DEDirector.java:502)
	at ptolemy.actor.CompositeActor.fire(CompositeActor.java:455)
	at ptolemy.actor.Manager.iterate(Manager.java:851)
	at ptolemy.actor.Manager.execute(Manager.java:369)
	at ptolemy.actor.Manager.run(Manager.java:1263)
	at ptolemy.actor.Manager$PtolemyRunThread.run(Manager.java:1915)
java.lang.RuntimeException: Execution failed
	at ptolemy.moml.MoMLSimpleApplication$UnloadThread.run(MoMLSimpleApplication.java:402)
Caused by: ptolemy.kernel.util.IllegalActionException: Found a zero delay loop containing .HierarchicalModel.A
  in .HierarchicalModel and .HierarchicalModel.A
	at ptolemy.actor.util.CausalityInterfaceForComposites._computeOutputPortDepth(CausalityInterfaceForComposites.java:759)
	at ptolemy.actor.util.CausalityInterfaceForComposites._computeInputDepth(CausalityInterfaceForComposites.java:696)
	at ptolemy.actor.util.CausalityInterfaceForComposites._computeOutputPortDepth(CausalityInterfaceForComposites.java:765)
	at ptolemy.actor.util.CausalityInterfaceForComposites._computeInputDepth(CausalityInterfaceForComposites.java:696)
	at ptolemy.actor.util.CausalityInterfaceForComposites._computeOutputPortDepth(CausalityInterfaceForComposites.java:765)
	at ptolemy.actor.util.CausalityInterfaceForComposites._computeInputDepth(CausalityInterfaceForComposites.java:696)
	at ptolemy.actor.util.CausalityInterfaceForComposites._computeActorDepth(CausalityInterfaceForComposites.java:532)
	at ptolemy.actor.util.CausalityInterfaceForComposites.checkForCycles(CausalityInterfaceForComposites.java:96)
	at ptolemy.domains.de.kernel.DEDirector.preinitialize(DEDirector.java:1338)
	at ptolemy.actor.CompositeActor.preinitialize(CompositeActor.java:1828)
	at ptolemy.actor.Manager.preinitializeAndResolveTypes(Manager.java:1040)
	at ptolemy.actor.Manager.initialize(Manager.java:710)
	at ptolemy.actor.Manager.execute(Manager.java:356)
	at ptolemy.actor.Manager.run(Manager.java:1263)
	at ptolemy.actor.Manager$PtolemyRunThread.run(Manager.java:1915)
java.lang.reflect.InvocationTargetException
	at sun.reflect.NativeConstructorAccessorImpl.newInstance0(Native Method)
	at sun.reflect.NativeConstructorAccessorImpl.newInstance(NativeConstructorAccessorImpl.java:62)
	at sun.reflect.DelegatingConstructorAccessorImpl.newInstance(DelegatingConstructorAccessorImpl.java:45)
	at java.lang.reflect.Constructor.newInstance(Constructor.java:423)
	at ptolemy.util.test.junit.AutoKnownFailedTests.RunModel(AutoKnownFailedTests.java:107)
	at sun.reflect.NativeMethodAccessorImpl.invoke0(Native Method)
	at sun.reflect.NativeMethodAccessorImpl.invoke(NativeMethodAccessorImpl.java:62)
	at sun.reflect.DelegatingMethodAccessorImpl.invoke(DelegatingMethodAccessorImpl.java:43)
	at java.lang.reflect.Method.invoke(Method.java:498)
	at org.junit.runners.model.FrameworkMethod$1.runReflectiveCall(FrameworkMethod.java:44)
	at org.junit.internal.runners.model.ReflectiveCallable.run(ReflectiveCallable.java:15)
	at org.junit.runners.model.FrameworkMethod.invokeExplosively(FrameworkMethod.java:41)
	at junitparams.internal.InvokeParameterisedMethod.evaluate(InvokeParameterisedMethod.java:102)
	at org.junit.internal.runners.statements.FailOnTimeout$1.run(FailOnTimeout.java:28)
Caused by: ptolemy.kernel.util.IllegalActionException: Found a zero delay loop containing .HierarchicalModel.A
  in .HierarchicalModel and .HierarchicalModel.A
	at ptolemy.actor.util.CausalityInterfaceForComposites._computeOutputPortDepth(CausalityInterfaceForComposites.java:759)
	at ptolemy.actor.util.CausalityInterfaceForComposites._computeInputDepth(CausalityInterfaceForComposites.java:696)
	at ptolemy.actor.util.CausalityInterfaceForComposites._computeOutputPortDepth(CausalityInterfaceForComposites.java:765)
	at ptolemy.actor.util.CausalityInterfaceForComposites._computeInputDepth(CausalityInterfaceForComposites.java:696)
	at ptolemy.actor.util.CausalityInterfaceForComposites._computeOutputPortDepth(CausalityInterfaceForComposites.java:765)
	at ptolemy.actor.util.CausalityInterfaceForComposites._computeInputDepth(CausalityInterfaceForComposites.java:696)
	at ptolemy.actor.util.CausalityInterfaceForComposites._computeActorDepth(CausalityInterfaceForComposites.java:532)
	at ptolemy.actor.util.CausalityInterfaceForComposites.checkForCycles(CausalityInterfaceForComposites.java:96)
	at ptolemy.domains.de.kernel.DEDirector.preinitialize(DEDirector.java:1338)
	at ptolemy.actor.CompositeActor.preinitialize(CompositeActor.java:1828)
	at ptolemy.actor.Manager.preinitializeAndResolveTypes(Manager.java:1040)
	at ptolemy.actor.Manager.initialize(Manager.java:710)
	at ptolemy.actor.Manager.execute(Manager.java:356)
	at ptolemy.actor.Manager.run(Manager.java:1263)
	at ptolemy.actor.Manager$PtolemyRunThread.run(Manager.java:1915)
java.lang.RuntimeException: Execution failed
	at ptolemy.moml.MoMLSimpleApplication$UnloadThread.run(MoMLSimpleApplication.java:402)
Caused by: ptolemy.kernel.util.IllegalActionException: Found a zero delay loop containing .dependencyLoop.original
  in .dependencyLoop and .dependencyLoop.original
	at ptolemy.actor.util.CausalityInterfaceForComposites._computeOutputPortDepth(CausalityInterfaceForComposites.java:759)
	at ptolemy.actor.util.CausalityInterfaceForComposites._computeInputDepth(CausalityInterfaceForComposites.java:696)
	at ptolemy.actor.util.CausalityInterfaceForComposites._computeOutputPortDepth(CausalityInterfaceForComposites.java:765)
	at ptolemy.actor.util.CausalityInterfaceForComposites._computeInputDepth(CausalityInterfaceForComposites.java:696)
	at ptolemy.actor.util.CausalityInterfaceForComposites._computeOutputPortDepth(CausalityInterfaceForComposites.java:765)
	at ptolemy.actor.util.CausalityInterfaceForComposites._computeInputDepth(CausalityInterfaceForComposites.java:696)
	at ptolemy.actor.util.CausalityInterfaceForComposites._computeActorDepth(CausalityInterfaceForComposites.java:532)
	at ptolemy.actor.util.CausalityInterfaceForComposites.checkForCycles(CausalityInterfaceForComposites.java:96)
	at ptolemy.domains.de.kernel.DEDirector.preinitialize(DEDirector.java:1338)
	at ptolemy.actor.CompositeActor.preinitialize(CompositeActor.java:1828)
	at ptolemy.actor.Manager.preinitializeAndResolveTypes(Manager.java:1040)
	at ptolemy.actor.Manager.initialize(Manager.java:710)
	at ptolemy.actor.Manager.execute(Manager.java:356)
	at ptolemy.actor.Manager.run(Manager.java:1263)
	at ptolemy.actor.Manager$PtolemyRunThread.run(Manager.java:1915)
java.lang.reflect.InvocationTargetException
	at sun.reflect.NativeConstructorAccessorImpl.newInstance0(Native Method)
	at sun.reflect.NativeConstructorAccessorImpl.newInstance(NativeConstructorAccessorImpl.java:62)
	at sun.reflect.DelegatingConstructorAccessorImpl.newInstance(DelegatingConstructorAccessorImpl.java:45)
	at java.lang.reflect.Constructor.newInstance(Constructor.java:423)
	at ptolemy.util.test.junit.AutoKnownFailedTests.RunModel(AutoKnownFailedTests.java:107)
	at sun.reflect.NativeMethodAccessorImpl.invoke0(Native Method)
	at sun.reflect.NativeMethodAccessorImpl.invoke(NativeMethodAccessorImpl.java:62)
	at sun.reflect.DelegatingMethodAccessorImpl.invoke(DelegatingMethodAccessorImpl.java:43)
	at java.lang.reflect.Method.invoke(Method.java:498)
	at org.junit.runners.model.FrameworkMethod$1.runReflectiveCall(FrameworkMethod.java:44)
	at org.junit.internal.runners.model.ReflectiveCallable.run(ReflectiveCallable.java:15)
	at org.junit.runners.model.FrameworkMethod.invokeExplosively(FrameworkMethod.java:41)
	at junitparams.internal.InvokeParameterisedMethod.evaluate(InvokeParameterisedMethod.java:102)
	at org.junit.internal.runners.statements.FailOnTimeout$1.run(FailOnTimeout.java:28)
Caused by: ptolemy.kernel.util.IllegalActionException: Found a zero delay loop containing .dependencyLoop.original
  in .dependencyLoop and .dependencyLoop.original
	at ptolemy.actor.util.CausalityInterfaceForComposites._computeOutputPortDepth(CausalityInterfaceForComposites.java:759)
	at ptolemy.actor.util.CausalityInterfaceForComposites._computeInputDepth(CausalityInterfaceForComposites.java:696)
	at ptolemy.actor.util.CausalityInterfaceForComposites._computeOutputPortDepth(CausalityInterfaceForComposites.java:765)
	at ptolemy.actor.util.CausalityInterfaceForComposites._computeInputDepth(CausalityInterfaceForComposites.java:696)
	at ptolemy.actor.util.CausalityInterfaceForComposites._computeOutputPortDepth(CausalityInterfaceForComposites.java:765)
	at ptolemy.actor.util.CausalityInterfaceForComposites._computeInputDepth(CausalityInterfaceForComposites.java:696)
	at ptolemy.actor.util.CausalityInterfaceForComposites._computeActorDepth(CausalityInterfaceForComposites.java:532)
	at ptolemy.actor.util.CausalityInterfaceForComposites.checkForCycles(CausalityInterfaceForComposites.java:96)
	at ptolemy.domains.de.kernel.DEDirector.preinitialize(DEDirector.java:1338)
	at ptolemy.actor.CompositeActor.preinitialize(CompositeActor.java:1828)
	at ptolemy.actor.Manager.preinitializeAndResolveTypes(Manager.java:1040)
	at ptolemy.actor.Manager.initialize(Manager.java:710)
	at ptolemy.actor.Manager.execute(Manager.java:356)
	at ptolemy.actor.Manager.run(Manager.java:1263)
	at ptolemy.actor.Manager$PtolemyRunThread.run(Manager.java:1915)
java.lang.RuntimeException: Execution failed
	at ptolemy.moml.MoMLSimpleApplication$UnloadThread.run(MoMLSimpleApplication.java:402)
Caused by: ptolemy.kernel.util.IllegalActionException: Found a zero delay loop containing .dependencyLoop2.original
  in .dependencyLoop2 and .dependencyLoop2.original
	at ptolemy.actor.util.CausalityInterfaceForComposites._computeOutputPortDepth(CausalityInterfaceForComposites.java:759)
	at ptolemy.actor.util.CausalityInterfaceForComposites._computeInputDepth(CausalityInterfaceForComposites.java:696)
	at ptolemy.actor.util.CausalityInterfaceForComposites._computeOutputPortDepth(CausalityInterfaceForComposites.java:765)
	at ptolemy.actor.util.CausalityInterfaceForComposites._computeInputDepth(CausalityInterfaceForComposites.java:696)
	at ptolemy.actor.util.CausalityInterfaceForComposites._computeOutputPortDepth(CausalityInterfaceForComposites.java:765)
	at ptolemy.actor.util.CausalityInterfaceForComposites._computeInputDepth(CausalityInterfaceForComposites.java:696)
	at ptolemy.actor.util.CausalityInterfaceForComposites._computeActorDepth(CausalityInterfaceForComposites.java:532)
	at ptolemy.actor.util.CausalityInterfaceForComposites.checkForCycles(CausalityInterfaceForComposites.java:96)
	at ptolemy.domains.de.kernel.DEDirector.preinitialize(DEDirector.java:1338)
	at ptolemy.actor.CompositeActor.preinitialize(CompositeActor.java:1828)
	at ptolemy.actor.Manager.preinitializeAndResolveTypes(Manager.java:1040)
	at ptolemy.actor.Manager.initialize(Manager.java:710)
	at ptolemy.actor.Manager.execute(Manager.java:356)
	at ptolemy.actor.Manager.run(Manager.java:1263)
	at ptolemy.actor.Manager$PtolemyRunThread.run(Manager.java:1915)
java.lang.reflect.InvocationTargetException
	at sun.reflect.NativeConstructorAccessorImpl.newInstance0(Native Method)
	at sun.reflect.NativeConstructorAccessorImpl.newInstance(NativeConstructorAccessorImpl.java:62)
	at sun.reflect.DelegatingConstructorAccessorImpl.newInstance(DelegatingConstructorAccessorImpl.java:45)
	at java.lang.reflect.Constructor.newInstance(Constructor.java:423)
	at ptolemy.util.test.junit.AutoKnownFailedTests.RunModel(AutoKnownFailedTests.java:107)
	at sun.reflect.NativeMethodAccessorImpl.invoke0(Native Method)
	at sun.reflect.NativeMethodAccessorImpl.invoke(NativeMethodAccessorImpl.java:62)
	at sun.reflect.DelegatingMethodAccessorImpl.invoke(DelegatingMethodAccessorImpl.java:43)
	at java.lang.reflect.Method.invoke(Method.java:498)
	at org.junit.runners.model.FrameworkMethod$1.runReflectiveCall(FrameworkMethod.java:44)
	at org.junit.internal.runners.model.ReflectiveCallable.run(ReflectiveCallable.java:15)
	at org.junit.runners.model.FrameworkMethod.invokeExplosively(FrameworkMethod.java:41)
	at junitparams.internal.InvokeParameterisedMethod.evaluate(InvokeParameterisedMethod.java:102)
	at org.junit.internal.runners.statements.FailOnTimeout$1.run(FailOnTimeout.java:28)
Caused by: ptolemy.kernel.util.IllegalActionException: Found a zero delay loop containing .dependencyLoop2.original
  in .dependencyLoop2 and .dependencyLoop2.original
	at ptolemy.actor.util.CausalityInterfaceForComposites._computeOutputPortDepth(CausalityInterfaceForComposites.java:759)
	at ptolemy.actor.util.CausalityInterfaceForComposites._computeInputDepth(CausalityInterfaceForComposites.java:696)
	at ptolemy.actor.util.CausalityInterfaceForComposites._computeOutputPortDepth(CausalityInterfaceForComposites.java:765)
	at ptolemy.actor.util.CausalityInterfaceForComposites._computeInputDepth(CausalityInterfaceForComposites.java:696)
	at ptolemy.actor.util.CausalityInterfaceForComposites._computeOutputPortDepth(CausalityInterfaceForComposites.java:765)
	at ptolemy.actor.util.CausalityInterfaceForComposites._computeInputDepth(CausalityInterfaceForComposites.java:696)
	at ptolemy.actor.util.CausalityInterfaceForComposites._computeActorDepth(CausalityInterfaceForComposites.java:532)
	at ptolemy.actor.util.CausalityInterfaceForComposites.checkForCycles(CausalityInterfaceForComposites.java:96)
	at ptolemy.domains.de.kernel.DEDirector.preinitialize(DEDirector.java:1338)
	at ptolemy.actor.CompositeActor.preinitialize(CompositeActor.java:1828)
	at ptolemy.actor.Manager.preinitializeAndResolveTypes(Manager.java:1040)
	at ptolemy.actor.Manager.initialize(Manager.java:710)
	at ptolemy.actor.Manager.execute(Manager.java:356)
	at ptolemy.actor.Manager.run(Manager.java:1263)
	at ptolemy.actor.Manager$PtolemyRunThread.run(Manager.java:1915)
]]></system-err>
</testsuite>
