<?xml version="1.0" encoding="UTF-8" ?>
<testsuite errors="0" failures="0" hostname="travis-job-78bf72d4-7af1-4c83-9764-cba3012fb33b" name="ptolemy.domains.continuous.test.junit.JUnitTclTest" skipped="0" tests="156" time="75.95" timestamp="2019-04-04T03:55:09">
  <properties>
[...]
</properties>
  <testcase classname="ptolemy.util.test.junit.TclTests" name="[0] ThereAreNoTclTests (RunTclFile)" time="0.001" />
  <testcase classname="ptolemy.util.test.junit.AutoKnownFailedTests" name="[0] ThereAreNoKnowFailedTests (RunModel)" time="0.001" />
  <testcase classname="ptolemy.util.test.junit.AutoNameArchTests" name="[0] ThereAreNoAutoArchTests (RunModel)" time="0.002" />
  <testcase classname="ptolemy.util.test.junit.AutoTests" name="[0] /home/travis/build/icyphy/ptII/ptolemy/domains/continuous/test/auto/BouncingBall.xml (RunModel)" time="2.882" />
  <testcase classname="ptolemy.util.test.junit.AutoTests" name="[1] /home/travis/build/icyphy/ptII/ptolemy/domains/continuous/test/auto/BouncingBallWithoutGR.xml (RunModel)" time="0.807" />
  <testcase classname="ptolemy.util.test.junit.AutoTests" name="[2] /home/travis/build/icyphy/ptII/ptolemy/domains/continuous/test/auto/Brownian.xml (RunModel)" time="0.13" />
  <testcase classname="ptolemy.util.test.junit.AutoTests" name="[3] /home/travis/build/icyphy/ptII/ptolemy/domains/continuous/test/auto/CarTracking.xml (RunModel)" time="3.592" />
  <testcase classname="ptolemy.util.test.junit.AutoTests" name="[4] /home/travis/build/icyphy/ptII/ptolemy/domains/continuous/test/auto/CartPendulum.xml (RunModel)" time="0.653" />
  <testcase classname="ptolemy.util.test.junit.AutoTests" name="[5] /home/travis/build/icyphy/ptII/ptolemy/domains/continuous/test/auto/CausalityInterface10.xml (RunModel)" time="0.074" />
  <testcase classname="ptolemy.util.test.junit.AutoTests" name="[6] /home/travis/build/icyphy/ptII/ptolemy/domains/continuous/test/auto/CausalityInterface11.xml (RunModel)" time="0.031" />
  <testcase classname="ptolemy.util.test.junit.AutoTests" name="[7] /home/travis/build/icyphy/ptII/ptolemy/domains/continuous/test/auto/CausalityInterface12.xml (RunModel)" time="0.042" />
  <testcase classname="ptolemy.util.test.junit.AutoTests" name="[8] /home/travis/build/icyphy/ptII/ptolemy/domains/continuous/test/auto/CausalityInterface13.xml (RunModel)" time="0.044" />
  <testcase classname="ptolemy.util.test.junit.AutoTests" name="[9] /home/travis/build/icyphy/ptII/ptolemy/domains/continuous/test/auto/CausalityInterface14.xml (RunModel)" time="0.034" />
  <testcase classname="ptolemy.util.test.junit.AutoTests" name="[10] /home/travis/build/icyphy/ptII/ptolemy/domains/continuous/test/auto/CausalityInterface4.xml (RunModel)" time="0.034" />
  <testcase classname="ptolemy.util.test.junit.AutoTests" name="[11] /home/travis/build/icyphy/ptII/ptolemy/domains/continuous/test/auto/CausalityInterface5.xml (RunModel)" time="0.045" />
  <testcase classname="ptolemy.util.test.junit.AutoTests" name="[12] /home/travis/build/icyphy/ptII/ptolemy/domains/continuous/test/auto/CausalityInterface6.xml (RunModel)" time="0.031" />
  <testcase classname="ptolemy.util.test.junit.AutoTests" name="[13] /home/travis/build/icyphy/ptII/ptolemy/domains/continuous/test/auto/CausalityInterface7.xml (RunModel)" time="0.047" />
  <testcase classname="ptolemy.util.test.junit.AutoTests" name="[14] /home/travis/build/icyphy/ptII/ptolemy/domains/continuous/test/auto/CausalityInterface8.xml (RunModel)" time="0.044" />
  <testcase classname="ptolemy.util.test.junit.AutoTests" name="[15] /home/travis/build/icyphy/ptII/ptolemy/domains/continuous/test/auto/CausalityInterface9.xml (RunModel)" time="0.054" />
  <testcase classname="ptolemy.util.test.junit.AutoTests" name="[16] /home/travis/build/icyphy/ptII/ptolemy/domains/continuous/test/auto/CausalityInterfaceFeedback1.xml (RunModel)" time="0.036" />
  <testcase classname="ptolemy.util.test.junit.AutoTests" name="[17] /home/travis/build/icyphy/ptII/ptolemy/domains/continuous/test/auto/CausalityInterfaceFeedback2.xml (RunModel)" time="0.034" />
  <testcase classname="ptolemy.util.test.junit.AutoTests" name="[18] /home/travis/build/icyphy/ptII/ptolemy/domains/continuous/test/auto/CompareWithCurrentTime.xml (RunModel)" time="0.024" />
  <testcase classname="ptolemy.util.test.junit.AutoTests" name="[19] /home/travis/build/icyphy/ptII/ptolemy/domains/continuous/test/auto/ComparedClocks.xml (RunModel)" time="0.086" />
  <testcase classname="ptolemy.util.test.junit.AutoTests" name="[20] /home/travis/build/icyphy/ptII/ptolemy/domains/continuous/test/auto/ContinuousAOCClone.xml (RunModel)" time="2.798" />
  <testcase classname="ptolemy.util.test.junit.AutoTests" name="[21] /home/travis/build/icyphy/ptII/ptolemy/domains/continuous/test/auto/ContinuousClock.xml (RunModel)" time="0.114" />
  <testcase classname="ptolemy.util.test.junit.AutoTests" name="[22] /home/travis/build/icyphy/ptII/ptolemy/domains/continuous/test/auto/ContinuousInContinuous.xml (RunModel)" time="0.093" />
  <testcase classname="ptolemy.util.test.junit.AutoTests" name="[23] /home/travis/build/icyphy/ptII/ptolemy/domains/continuous/test/auto/ContinuousInContinuousInContinuous.xml (RunModel)" time="0.028" />
  <testcase classname="ptolemy.util.test.junit.AutoTests" name="[24] /home/travis/build/icyphy/ptII/ptolemy/domains/continuous/test/auto/ContinuousInDE.xml (RunModel)" time="0.098" />
  <testcase classname="ptolemy.util.test.junit.AutoTests" name="[25] /home/travis/build/icyphy/ptII/ptolemy/domains/continuous/test/auto/ContinuousInDE2.xml (RunModel)" time="0.062" />
  <testcase classname="ptolemy.util.test.junit.AutoTests" name="[26] /home/travis/build/icyphy/ptII/ptolemy/domains/continuous/test/auto/ContinuousInDE3.xml (RunModel)" time="0.06" />
  <testcase classname="ptolemy.util.test.junit.AutoTests" name="[27] /home/travis/build/icyphy/ptII/ptolemy/domains/continuous/test/auto/ContinuousInDE4.xml (RunModel)" time="0.035" />
  <testcase classname="ptolemy.util.test.junit.AutoTests" name="[28] /home/travis/build/icyphy/ptII/ptolemy/domains/continuous/test/auto/ContinuousInDEDifferentRefinements.xml (RunModel)" time="0.119" />
  <testcase classname="ptolemy.util.test.junit.AutoTests" name="[29] /home/travis/build/icyphy/ptII/ptolemy/domains/continuous/test/auto/ContinuousInDEDifferentRefinementsPreemptive.xml (RunModel)" time="0.091" />
  <testcase classname="ptolemy.util.test.junit.AutoTests" name="[30] /home/travis/build/icyphy/ptII/ptolemy/domains/continuous/test/auto/ContinuousInDEInContinuous2.xml (RunModel)" time="0.063" />
  <testcase classname="ptolemy.util.test.junit.AutoTests" name="[31] /home/travis/build/icyphy/ptII/ptolemy/domains/continuous/test/auto/ContinuousInDEInContinuous3.xml (RunModel)" time="0.062" />
  <testcase classname="ptolemy.util.test.junit.AutoTests" name="[32] /home/travis/build/icyphy/ptII/ptolemy/domains/continuous/test/auto/ContinuousInDEInput.xml (RunModel)" time="0.042" />
  <testcase classname="ptolemy.util.test.junit.AutoTests" name="[33] /home/travis/build/icyphy/ptII/ptolemy/domains/continuous/test/auto/ContinuousInDEInput2.xml (RunModel)" time="0.05" />
  <testcase classname="ptolemy.util.test.junit.AutoTests" name="[34] /home/travis/build/icyphy/ptII/ptolemy/domains/continuous/test/auto/ContinuousInDEInput3.xml (RunModel)" time="0.032" />
  <testcase classname="ptolemy.util.test.junit.AutoTests" name="[35] /home/travis/build/icyphy/ptII/ptolemy/domains/continuous/test/auto/ContinuousInDESharingRefinement.xml (RunModel)" time="0.211" />
  <testcase classname="ptolemy.util.test.junit.AutoTests" name="[36] /home/travis/build/icyphy/ptII/ptolemy/domains/continuous/test/auto/ContinuousInDEwithNoPorts.xml (RunModel)" time="0.022" />
  <testcase classname="ptolemy.util.test.junit.AutoTests" name="[37] /home/travis/build/icyphy/ptII/ptolemy/domains/continuous/test/auto/ContinuousInsideDE.xml (RunModel)" time="0.09" />
  <testcase classname="ptolemy.util.test.junit.AutoTests" name="[38] /home/travis/build/icyphy/ptII/ptolemy/domains/continuous/test/auto/ContinuousMerge1.xml (RunModel)" time="0.02" />
  <testcase classname="ptolemy.util.test.junit.AutoTests" name="[39] /home/travis/build/icyphy/ptII/ptolemy/domains/continuous/test/auto/ContinuousMerge2.xml (RunModel)" time="0.045" />
  <testcase classname="ptolemy.util.test.junit.AutoTests" name="[40] /home/travis/build/icyphy/ptII/ptolemy/domains/continuous/test/auto/ContinuousMerge3.xml (RunModel)" time="0.071" />
  <testcase classname="ptolemy.util.test.junit.AutoTests" name="[41] /home/travis/build/icyphy/ptII/ptolemy/domains/continuous/test/auto/ContinuousWithinContinuous.xml (RunModel)" time="0.061" />
  <testcase classname="ptolemy.util.test.junit.AutoTests" name="[42] /home/travis/build/icyphy/ptII/ptolemy/domains/continuous/test/auto/ContinuousWithinContinuous2.xml (RunModel)" time="0.087" />
  <testcase classname="ptolemy.util.test.junit.AutoTests" name="[43] /home/travis/build/icyphy/ptII/ptolemy/domains/continuous/test/auto/ContinuousWithinContinuous3.xml (RunModel)" time="0.04" />
  <testcase classname="ptolemy.util.test.junit.AutoTests" name="[44] /home/travis/build/icyphy/ptII/ptolemy/domains/continuous/test/auto/ContinuousWithinContinuous4.xml (RunModel)" time="0.083" />
  <testcase classname="ptolemy.util.test.junit.AutoTests" name="[45] /home/travis/build/icyphy/ptII/ptolemy/domains/continuous/test/auto/ContinuousWithinContinuous5.xml (RunModel)" time="0.03" />
  <testcase classname="ptolemy.util.test.junit.AutoTests" name="[46] /home/travis/build/icyphy/ptII/ptolemy/domains/continuous/test/auto/ContinuousWithinContinuous6.xml (RunModel)" time="0.03" />
  <testcase classname="ptolemy.util.test.junit.AutoTests" name="[47] /home/travis/build/icyphy/ptII/ptolemy/domains/continuous/test/auto/ContinuousWithinContinuous7.xml (RunModel)" time="0.068" />
  <testcase classname="ptolemy.util.test.junit.AutoTests" name="[48] /home/travis/build/icyphy/ptII/ptolemy/domains/continuous/test/auto/DCMotor.xml (RunModel)" time="15.224" />
  <testcase classname="ptolemy.util.test.junit.AutoTests" name="[49] /home/travis/build/icyphy/ptII/ptolemy/domains/continuous/test/auto/DEInContinuous.xml (RunModel)" time="0.02" />
  <testcase classname="ptolemy.util.test.junit.AutoTests" name="[50] /home/travis/build/icyphy/ptII/ptolemy/domains/continuous/test/auto/DEinContinuous2.xml (RunModel)" time="0.024" />
  <testcase classname="ptolemy.util.test.junit.AutoTests" name="[51] /home/travis/build/icyphy/ptII/ptolemy/domains/continuous/test/auto/Derivative.xml (RunModel)" time="0.188" />
  <testcase classname="ptolemy.util.test.junit.AutoTests" name="[52] /home/travis/build/icyphy/ptII/ptolemy/domains/continuous/test/auto/Derivative1.xml (RunModel)" time="0.049" />
  <testcase classname="ptolemy.util.test.junit.AutoTests" name="[53] /home/travis/build/icyphy/ptII/ptolemy/domains/continuous/test/auto/DiscreteClock.xml (RunModel)" time="0.015" />
  <testcase classname="ptolemy.util.test.junit.AutoTests" name="[54] /home/travis/build/icyphy/ptII/ptolemy/domains/continuous/test/auto/EfficiencyCurve.xml (RunModel)" time="0.097" />
  <testcase classname="ptolemy.util.test.junit.AutoTests" name="[55] /home/travis/build/icyphy/ptII/ptolemy/domains/continuous/test/auto/ExponentialResponse.xml (RunModel)" time="0.135" />
  <testcase classname="ptolemy.util.test.junit.AutoTests" name="[56] /home/travis/build/icyphy/ptII/ptolemy/domains/continuous/test/auto/ExponentialResponseRK45.xml (RunModel)" time="0.038" />
  <testcase classname="ptolemy.util.test.junit.AutoTests" name="[57] /home/travis/build/icyphy/ptII/ptolemy/domains/continuous/test/auto/Friction.xml (RunModel)" time="1.542" />
  <testcase classname="ptolemy.util.test.junit.AutoTests" name="[58] /home/travis/build/icyphy/ptII/ptolemy/domains/continuous/test/auto/FurutaPendulum.xml (RunModel)" time="3.349" />
  <testcase classname="ptolemy.util.test.junit.AutoTests" name="[59] /home/travis/build/icyphy/ptII/ptolemy/domains/continuous/test/auto/HierarchicalExecution.xml (RunModel)" time="2.015" />
  <testcase classname="ptolemy.util.test.junit.AutoTests" name="[60] /home/travis/build/icyphy/ptII/ptolemy/domains/continuous/test/auto/HybridPlant.xml (RunModel)" time="0.656" />
  <testcase classname="ptolemy.util.test.junit.AutoTests" name="[61] /home/travis/build/icyphy/ptII/ptolemy/domains/continuous/test/auto/Hysteresis.xml (RunModel)" time="0.209" />
  <testcase classname="ptolemy.util.test.junit.AutoTests" name="[62] /home/travis/build/icyphy/ptII/ptolemy/domains/continuous/test/auto/HysteresisWithRandomDelay.xml (RunModel)" time="0.242" />
  <testcase classname="ptolemy.util.test.junit.AutoTests" name="[63] /home/travis/build/icyphy/ptII/ptolemy/domains/continuous/test/auto/HysteresisWithRandomLosses.xml (RunModel)" time="2.351" />
  <testcase classname="ptolemy.util.test.junit.AutoTests" name="[64] /home/travis/build/icyphy/ptII/ptolemy/domains/continuous/test/auto/ImmediateTransitions.xml (RunModel)" time="0.031" />
  <testcase classname="ptolemy.util.test.junit.AutoTests" name="[65] /home/travis/build/icyphy/ptII/ptolemy/domains/continuous/test/auto/ImpulseFeedback.xml (RunModel)" time="0.027" />
  <testcase classname="ptolemy.util.test.junit.AutoTests" name="[66] /home/travis/build/icyphy/ptII/ptolemy/domains/continuous/test/auto/ImpulseFeedback2.xml (RunModel)" time="0.03" />
  <testcase classname="ptolemy.util.test.junit.AutoTests" name="[67] /home/travis/build/icyphy/ptII/ptolemy/domains/continuous/test/auto/IncreasingRatePoisson.xml (RunModel)" time="0.76" />
  <testcase classname="ptolemy.util.test.junit.AutoTests" name="[68] /home/travis/build/icyphy/ptII/ptolemy/domains/continuous/test/auto/InitialStateFeedback.xml (RunModel)" time="0.014" />
  <testcase classname="ptolemy.util.test.junit.AutoTests" name="[69] /home/travis/build/icyphy/ptII/ptolemy/domains/continuous/test/auto/Integration.xml (RunModel)" time="0.019" />
  <testcase classname="ptolemy.util.test.junit.AutoTests" name="[70] /home/travis/build/icyphy/ptII/ptolemy/domains/continuous/test/auto/Integration2.xml (RunModel)" time="0.11" />
  <testcase classname="ptolemy.util.test.junit.AutoTests" name="[71] /home/travis/build/icyphy/ptII/ptolemy/domains/continuous/test/auto/Integration3.xml (RunModel)" time="0.033" />
  <testcase classname="ptolemy.util.test.junit.AutoTests" name="[72] /home/travis/build/icyphy/ptII/ptolemy/domains/continuous/test/auto/Integration5.xml (RunModel)" time="0.013" />
  <testcase classname="ptolemy.util.test.junit.AutoTests" name="[73] /home/travis/build/icyphy/ptII/ptolemy/domains/continuous/test/auto/IntegratorImpulse.xml (RunModel)" time="0.012" />
  <testcase classname="ptolemy.util.test.junit.AutoTests" name="[74] /home/travis/build/icyphy/ptII/ptolemy/domains/continuous/test/auto/IntegratorImpulse2.xml (RunModel)" time="0.012" />
  <testcase classname="ptolemy.util.test.junit.AutoTests" name="[75] /home/travis/build/icyphy/ptII/ptolemy/domains/continuous/test/auto/LevelCrossing1.xml (RunModel)" time="0.012" />
  <testcase classname="ptolemy.util.test.junit.AutoTests" name="[76] /home/travis/build/icyphy/ptII/ptolemy/domains/continuous/test/auto/LevelCrossing2.xml (RunModel)" time="0.02" />
  <testcase classname="ptolemy.util.test.junit.AutoTests" name="[77] /home/travis/build/icyphy/ptII/ptolemy/domains/continuous/test/auto/LevelCrossing3.xml (RunModel)" time="0.015" />
  <testcase classname="ptolemy.util.test.junit.AutoTests" name="[78] /home/travis/build/icyphy/ptII/ptolemy/domains/continuous/test/auto/LevelCrossing4.xml (RunModel)" time="0.015" />
  <testcase classname="ptolemy.util.test.junit.AutoTests" name="[79] /home/travis/build/icyphy/ptII/ptolemy/domains/continuous/test/auto/LevelCrossing5.xml (RunModel)" time="0.013" />
  <testcase classname="ptolemy.util.test.junit.AutoTests" name="[80] /home/travis/build/icyphy/ptII/ptolemy/domains/continuous/test/auto/LevelCrossing6.xml (RunModel)" time="0.012" />
  <testcase classname="ptolemy.util.test.junit.AutoTests" name="[81] /home/travis/build/icyphy/ptII/ptolemy/domains/continuous/test/auto/LevelCrossingDetector.xml (RunModel)" time="0.041" />
  <testcase classname="ptolemy.util.test.junit.AutoTests" name="[82] /home/travis/build/icyphy/ptII/ptolemy/domains/continuous/test/auto/LevelCrossingDetectorDetectingDirections.xml (RunModel)" time="0.091" />
  <testcase classname="ptolemy.util.test.junit.AutoTests" name="[83] /home/travis/build/icyphy/ptII/ptolemy/domains/continuous/test/auto/LevelCrossingDetectorDetectsGlitches.xml (RunModel)" time="0.062" />
  <testcase classname="ptolemy.util.test.junit.AutoTests" name="[84] /home/travis/build/icyphy/ptII/ptolemy/domains/continuous/test/auto/LevelCrossingNoInitialOuput.xml (RunModel)" time="0.012" />
  <testcase classname="ptolemy.util.test.junit.AutoTests" name="[85] /home/travis/build/icyphy/ptII/ptolemy/domains/continuous/test/auto/LinearStateSpaceExample.xml (RunModel)" time="0.048" />
  <testcase classname="ptolemy.util.test.junit.AutoTests" name="[86] /home/travis/build/icyphy/ptII/ptolemy/domains/continuous/test/auto/Lorenz.xml (RunModel)" time="3.968" />
  <testcase classname="ptolemy.util.test.junit.AutoTests" name="[87] /home/travis/build/icyphy/ptII/ptolemy/domains/continuous/test/auto/LorenzDifferentialSystem.xml (RunModel)" time="1.217" />
  <testcase classname="ptolemy.util.test.junit.AutoTests" name="[88] /home/travis/build/icyphy/ptII/ptolemy/domains/continuous/test/auto/LorenzDifferentialSystemWithInput.xml (RunModel)" time="1.497" />
  <testcase classname="ptolemy.util.test.junit.AutoTests" name="[89] /home/travis/build/icyphy/ptII/ptolemy/domains/continuous/test/auto/LorenzDifferentialSystemWithTime.xml (RunModel)" time="0.859" />
  <testcase classname="ptolemy.util.test.junit.AutoTests" name="[90] /home/travis/build/icyphy/ptII/ptolemy/domains/continuous/test/auto/Microsteps.xml (RunModel)" time="0.021" />
  <testcase classname="ptolemy.util.test.junit.AutoTests" name="[91] /home/travis/build/icyphy/ptII/ptolemy/domains/continuous/test/auto/Modal1.xml (RunModel)" time="0.047" />
  <testcase classname="ptolemy.util.test.junit.AutoTests" name="[92] /home/travis/build/icyphy/ptII/ptolemy/domains/continuous/test/auto/Modal2.xml (RunModel)" time="0.041" />
  <testcase classname="ptolemy.util.test.junit.AutoTests" name="[93] /home/travis/build/icyphy/ptII/ptolemy/domains/continuous/test/auto/ModalTransitionGuardWithReset.xml (RunModel)" time="0.029" />
  <testcase classname="ptolemy.util.test.junit.AutoTests" name="[94] /home/travis/build/icyphy/ptII/ptolemy/domains/continuous/test/auto/ModalTransitionGuardWithResetUsingPreemptiveTransition.xml (RunModel)" time="0.024" />
  <testcase classname="ptolemy.util.test.junit.AutoTests" name="[95] /home/travis/build/icyphy/ptII/ptolemy/domains/continuous/test/auto/ModalTransitionGuardWithResetUsingPreemptiveTransition2.xml (RunModel)" time="0.023" />
  <testcase classname="ptolemy.util.test.junit.AutoTests" name="[96] /home/travis/build/icyphy/ptII/ptolemy/domains/continuous/test/auto/ModalTransitionGuardWithResetUsingPreemptiveTransition3.xml (RunModel)" time="0.043" />
  <testcase classname="ptolemy.util.test.junit.AutoTests" name="[97] /home/travis/build/icyphy/ptII/ptolemy/domains/continuous/test/auto/NewtonsCradle.xml (RunModel)" time="0.906" />
  <testcase classname="ptolemy.util.test.junit.AutoTests" name="[98] /home/travis/build/icyphy/ptII/ptolemy/domains/continuous/test/auto/NewtonsCradleAnimated.xml (RunModel)" time="1.177" />
  <testcase classname="ptolemy.util.test.junit.AutoTests" name="[99] /home/travis/build/icyphy/ptII/ptolemy/domains/continuous/test/auto/NewtonsCradleComplicated.xml (RunModel)" time="0.911" />
  <testcase classname="ptolemy.util.test.junit.AutoTests" name="[100] /home/travis/build/icyphy/ptII/ptolemy/domains/continuous/test/auto/NewtonsCradleNondeterministic.xml (RunModel)" time="0.684" />
  <testcase classname="ptolemy.util.test.junit.AutoTests" name="[101] /home/travis/build/icyphy/ptII/ptolemy/domains/continuous/test/auto/NewtonsCradlePerfectlyInelastic1.xml (RunModel)" time="1.236" />
  <testcase classname="ptolemy.util.test.junit.AutoTests" name="[102] /home/travis/build/icyphy/ptII/ptolemy/domains/continuous/test/auto/Noise.xml (RunModel)" time="0.21" />
  <testcase classname="ptolemy.util.test.junit.AutoTests" name="[103] /home/travis/build/icyphy/ptII/ptolemy/domains/continuous/test/auto/NoiseSpectrum.xml (RunModel)" time="0.836" />
  <testcase classname="ptolemy.util.test.junit.AutoTests" name="[104] /home/travis/build/icyphy/ptII/ptolemy/domains/continuous/test/auto/ParameterizedNewtonsCradleAnimated.xml (RunModel)" time="0.393" />
  <testcase classname="ptolemy.util.test.junit.AutoTests" name="[105] /home/travis/build/icyphy/ptII/ptolemy/domains/continuous/test/auto/ParameterizedNewtonsCradleAnimatedNondeterministic.xml (RunModel)" time="1.204" />
  <testcase classname="ptolemy.util.test.junit.AutoTests" name="[106] /home/travis/build/icyphy/ptII/ptolemy/domains/continuous/test/auto/Pendulum3D.xml (RunModel)" time="0.165" />
  <testcase classname="ptolemy.util.test.junit.AutoTests" name="[107] /home/travis/build/icyphy/ptII/ptolemy/domains/continuous/test/auto/PeriodicSampler.xml (RunModel)" time="0.013" />
  <testcase classname="ptolemy.util.test.junit.AutoTests" name="[108] /home/travis/build/icyphy/ptII/ptolemy/domains/continuous/test/auto/PeriodicSampler1.xml (RunModel)" time="0.043" />
  <testcase classname="ptolemy.util.test.junit.AutoTests" name="[109] /home/travis/build/icyphy/ptII/ptolemy/domains/continuous/test/auto/PeriodicSampler2.xml (RunModel)" time="0.076" />
  <testcase classname="ptolemy.util.test.junit.AutoTests" name="[110] /home/travis/build/icyphy/ptII/ptolemy/domains/continuous/test/auto/Poisson.xml (RunModel)" time="0.478" />
  <testcase classname="ptolemy.util.test.junit.AutoTests" name="[111] /home/travis/build/icyphy/ptII/ptolemy/domains/continuous/test/auto/PoissonClock.xml (RunModel)" time="0.011" />
  <testcase classname="ptolemy.util.test.junit.AutoTests" name="[112] /home/travis/build/icyphy/ptII/ptolemy/domains/continuous/test/auto/PoissonClock2.xml (RunModel)" time="0.017" />
  <testcase classname="ptolemy.util.test.junit.AutoTests" name="[113] /home/travis/build/icyphy/ptII/ptolemy/domains/continuous/test/auto/PortParameterHierarchy.xml (RunModel)" time="0.024" />
  <testcase classname="ptolemy.util.test.junit.AutoTests" name="[114] /home/travis/build/icyphy/ptII/ptolemy/domains/continuous/test/auto/RandomHybridPlant.xml (RunModel)" time="0.583" />
  <testcase classname="ptolemy.util.test.junit.AutoTests" name="[115] /home/travis/build/icyphy/ptII/ptolemy/domains/continuous/test/auto/ResetTransitionWithStartTime1.xml (RunModel)" time="0.025" />
  <testcase classname="ptolemy.util.test.junit.AutoTests" name="[116] /home/travis/build/icyphy/ptII/ptolemy/domains/continuous/test/auto/ResetTransitionWithStartTime2.xml (RunModel)" time="0.039" />
  <testcase classname="ptolemy.util.test.junit.AutoTests" name="[117] /home/travis/build/icyphy/ptII/ptolemy/domains/continuous/test/auto/ResetTransitionWithStartTime3.xml (RunModel)" time="0.045" />
  <testcase classname="ptolemy.util.test.junit.AutoTests" name="[118] /home/travis/build/icyphy/ptII/ptolemy/domains/continuous/test/auto/ResetTransitionWithStartTime4.xml (RunModel)" time="0.028" />
  <testcase classname="ptolemy.util.test.junit.AutoTests" name="[119] /home/travis/build/icyphy/ptII/ptolemy/domains/continuous/test/auto/ResetTransitionWithStartTime5.xml (RunModel)" time="0.034" />
  <testcase classname="ptolemy.util.test.junit.AutoTests" name="[120] /home/travis/build/icyphy/ptII/ptolemy/domains/continuous/test/auto/ResetTransitionWithStartTime6.xml (RunModel)" time="0.032" />
  <testcase classname="ptolemy.util.test.junit.AutoTests" name="[121] /home/travis/build/icyphy/ptII/ptolemy/domains/continuous/test/auto/SRinContinuous.xml (RunModel)" time="0.032" />
  <testcase classname="ptolemy.util.test.junit.AutoTests" name="[122] /home/travis/build/icyphy/ptII/ptolemy/domains/continuous/test/auto/SampledClocks.xml (RunModel)" time="0.033" />
  <testcase classname="ptolemy.util.test.junit.AutoTests" name="[123] /home/travis/build/icyphy/ptII/ptolemy/domains/continuous/test/auto/Satellite.xml (RunModel)" time="0.841" />
  <testcase classname="ptolemy.util.test.junit.AutoTests" name="[124] /home/travis/build/icyphy/ptII/ptolemy/domains/continuous/test/auto/SigmaDelta.xml (RunModel)" time="2.32" />
  <testcase classname="ptolemy.util.test.junit.AutoTests" name="[125] /home/travis/build/icyphy/ptII/ptolemy/domains/continuous/test/auto/SingleRefinement.xml (RunModel)" time="0.428" />
  <testcase classname="ptolemy.util.test.junit.AutoTests" name="[126] /home/travis/build/icyphy/ptII/ptolemy/domains/continuous/test/auto/SinuBouncingBall.xml (RunModel)" time="0.827" />
  <testcase classname="ptolemy.util.test.junit.AutoTests" name="[127] /home/travis/build/icyphy/ptII/ptolemy/domains/continuous/test/auto/Sinusoid.xml (RunModel)" time="0.021" />
  <testcase classname="ptolemy.util.test.junit.AutoTests" name="[128] /home/travis/build/icyphy/ptII/ptolemy/domains/continuous/test/auto/SinusoidInNoise.xml (RunModel)" time="0.935" />
  <testcase classname="ptolemy.util.test.junit.AutoTests" name="[129] /home/travis/build/icyphy/ptII/ptolemy/domains/continuous/test/auto/SinusoidRK45.xml (RunModel)" time="0.012" />
  <testcase classname="ptolemy.util.test.junit.AutoTests" name="[130] /home/travis/build/icyphy/ptII/ptolemy/domains/continuous/test/auto/SinusoidWithMultipleImpulses.xml (RunModel)" time="0.015" />
  <testcase classname="ptolemy.util.test.junit.AutoTests" name="[131] /home/travis/build/icyphy/ptII/ptolemy/domains/continuous/test/auto/SquareWave.xml (RunModel)" time="0.185" />
  <testcase classname="ptolemy.util.test.junit.AutoTests" name="[132] /home/travis/build/icyphy/ptII/ptolemy/domains/continuous/test/auto/Starmac.xml (RunModel)" time="3.431" />
  <testcase classname="ptolemy.util.test.junit.AutoTests" name="[133] /home/travis/build/icyphy/ptII/ptolemy/domains/continuous/test/auto/StaticUnits.xml (RunModel)" time="2.549" />
  <testcase classname="ptolemy.util.test.junit.AutoTests" name="[134] /home/travis/build/icyphy/ptII/ptolemy/domains/continuous/test/auto/StickyMasses.xml (RunModel)" time="0.195" />
  <testcase classname="ptolemy.util.test.junit.AutoTests" name="[135] /home/travis/build/icyphy/ptII/ptolemy/domains/continuous/test/auto/StopTime.xml (RunModel)" time="0.061" />
  <testcase classname="ptolemy.util.test.junit.AutoTests" name="[136] /home/travis/build/icyphy/ptII/ptolemy/domains/continuous/test/auto/StopTime2.xml (RunModel)" time="0.056" />
  <testcase classname="ptolemy.util.test.junit.AutoTests" name="[137] /home/travis/build/icyphy/ptII/ptolemy/domains/continuous/test/auto/Switch.xml (RunModel)" time="0.069" />
  <testcase classname="ptolemy.util.test.junit.AutoTests" name="[138] /home/travis/build/icyphy/ptII/ptolemy/domains/continuous/test/auto/Thermostat.xml (RunModel)" time="0.205" />
  <testcase classname="ptolemy.util.test.junit.AutoTests" name="[139] /home/travis/build/icyphy/ptII/ptolemy/domains/continuous/test/auto/TimeDelay.xml (RunModel)" time="0.013" />
  <testcase classname="ptolemy.util.test.junit.AutoTests" name="[140] /home/travis/build/icyphy/ptII/ptolemy/domains/continuous/test/auto/TimeDelay2.xml (RunModel)" time="0.018" />
  <testcase classname="ptolemy.util.test.junit.AutoTests" name="[141] /home/travis/build/icyphy/ptII/ptolemy/domains/continuous/test/auto/TimeDelay3.xml (RunModel)" time="0.015" />
  <testcase classname="ptolemy.util.test.junit.AutoTests" name="[142] /home/travis/build/icyphy/ptII/ptolemy/domains/continuous/test/auto/TransferAbsentToInside.xml (RunModel)" time="0.111" />
  <testcase classname="ptolemy.util.test.junit.AutoTests" name="[143] /home/travis/build/icyphy/ptII/ptolemy/domains/continuous/test/auto/Transmission.xml (RunModel)" time="0.752" />
  <testcase classname="ptolemy.util.test.junit.AutoTests" name="[144] /home/travis/build/icyphy/ptII/ptolemy/domains/continuous/test/auto/TriggeredContinuousClock.xml (RunModel)" time="0.074" />
  <testcase classname="ptolemy.util.test.junit.AutoTests" name="[145] /home/travis/build/icyphy/ptII/ptolemy/domains/continuous/test/auto/TwoMachineInfiniteBusControl.xml (RunModel)" time="3.032" />
  <testcase classname="ptolemy.util.test.junit.AutoTests" name="[146] /home/travis/build/icyphy/ptII/ptolemy/domains/continuous/test/auto/V2V.xml (RunModel)" time="0.695" />
  <testcase classname="ptolemy.util.test.junit.AutoTests" name="[147] /home/travis/build/icyphy/ptII/ptolemy/domains/continuous/test/auto/hierarchicalModalModel.xml (RunModel)" time="0.037" />
  <testcase classname="ptolemy.util.test.junit.AutoTests" name="[148] /home/travis/build/icyphy/ptII/ptolemy/domains/continuous/test/auto/hierarchicalModalModel1.xml (RunModel)" time="0.033" />
  <testcase classname="ptolemy.util.test.junit.AutoTests" name="[149] /home/travis/build/icyphy/ptII/ptolemy/domains/continuous/test/auto/hierarchicalModalModel2.xml (RunModel)" time="0.027" />
  <testcase classname="ptolemy.util.test.junit.AutoTests" name="[150] /home/travis/build/icyphy/ptII/ptolemy/domains/continuous/test/auto/hierarchicalModalModel3.xml (RunModel)" time="0.024" />
  <testcase classname="ptolemy.util.test.junit.AutoTests" name="[151] /home/travis/build/icyphy/ptII/ptolemy/domains/continuous/test/auto/hierarchicalModalModel4.xml (RunModel)" time="0.039" />
  <testcase classname="ptolemy.util.test.junit.AutoTests" name="[152] /home/travis/build/icyphy/ptII/ptolemy/domains/continuous/test/auto/junk.xml (RunModel)" time="0.157" />
  <system-out><![CDATA[No tcl tests in /home/travis/build/icyphy/ptII/ptolemy/domains/continuous/test
No auto/knownFailedTests/*.xml tests in /home/travis/build/icyphy/ptII/ptolemy/domains/continuous/test
No auto/linux-amd64/*.xml tests in /home/travis/build/icyphy/ptII/ptolemy/domains/continuous/test
AutoTests.java: About to close Vertx.
AutoTests.java: Vertx closed.

===========================================================================================
----------------- testing Thu Apr 04 03:55:09 UTC 2019 /home/travis/build/icyphy/ptII/ptolemy/domains/continuous/test/auto/BouncingBall.xml
----------------- Instantiating /home/travis/build/icyphy/ptII/ptolemy/domains/continuous/test/auto/BouncingBall.xml
2393 ms. Memory: 332288K Free: 258611K (78%)
----------------- Invoking toplevel() on ptolemy.moml.MoMLSimpleApplication@39c15f40
----------------- Done invoking toplevel() on ptolemy.moml.MoMLSimpleApplication@39c15f40
reloadAllAccessors: .BouncingBall

===========================================================================================
----------------- testing Thu Apr 04 03:55:12 UTC 2019 /home/travis/build/icyphy/ptII/ptolemy/domains/continuous/test/auto/BouncingBallWithoutGR.xml
----------------- Instantiating /home/travis/build/icyphy/ptII/ptolemy/domains/continuous/test/auto/BouncingBallWithoutGR.xml
731 ms. Memory: 332288K Free: 312948K (94%)
----------------- Invoking toplevel() on ptolemy.moml.MoMLSimpleApplication@22500d19
----------------- Done invoking toplevel() on ptolemy.moml.MoMLSimpleApplication@22500d19
reloadAllAccessors: .BouncingBallWithoutGR

===========================================================================================
----------------- testing Thu Apr 04 03:55:13 UTC 2019 /home/travis/build/icyphy/ptII/ptolemy/domains/continuous/test/auto/Brownian.xml
----------------- Instantiating /home/travis/build/icyphy/ptII/ptolemy/domains/continuous/test/auto/Brownian.xml
44 ms. Memory: 332288K Free: 299277K (90%)
----------------- Invoking toplevel() on ptolemy.moml.MoMLSimpleApplication@28539dc3
----------------- Done invoking toplevel() on ptolemy.moml.MoMLSimpleApplication@28539dc3
reloadAllAccessors: .Brownian

===========================================================================================
----------------- testing Thu Apr 04 03:55:13 UTC 2019 /home/travis/build/icyphy/ptII/ptolemy/domains/continuous/test/auto/CarTracking.xml
----------------- Instantiating /home/travis/build/icyphy/ptII/ptolemy/domains/continuous/test/auto/CarTracking.xml
3242 ms. Memory: 578560K Free: 466005K (81%)
----------------- Invoking toplevel() on ptolemy.moml.MoMLSimpleApplication@471b4bdd
----------------- Done invoking toplevel() on ptolemy.moml.MoMLSimpleApplication@471b4bdd
reloadAllAccessors: .CarTracking

===========================================================================================
----------------- testing Thu Apr 04 03:55:17 UTC 2019 /home/travis/build/icyphy/ptII/ptolemy/domains/continuous/test/auto/CartPendulum.xml
----------------- Instantiating /home/travis/build/icyphy/ptII/ptolemy/domains/continuous/test/auto/CartPendulum.xml
480 ms. Memory: 578560K Free: 355172K (61%)
----------------- Invoking toplevel() on ptolemy.moml.MoMLSimpleApplication@11b87721
----------------- Done invoking toplevel() on ptolemy.moml.MoMLSimpleApplication@11b87721
reloadAllAccessors: .CartPendulum

===========================================================================================
----------------- testing Thu Apr 04 03:55:17 UTC 2019 /home/travis/build/icyphy/ptII/ptolemy/domains/continuous/test/auto/CausalityInterface10.xml
----------------- Instantiating /home/travis/build/icyphy/ptII/ptolemy/domains/continuous/test/auto/CausalityInterface10.xml
22 ms. Memory: 578560K Free: 342049K (59%)
----------------- Invoking toplevel() on ptolemy.moml.MoMLSimpleApplication@581ce138
----------------- Done invoking toplevel() on ptolemy.moml.MoMLSimpleApplication@581ce138
reloadAllAccessors: .CausalityInterface10

===========================================================================================
----------------- testing Thu Apr 04 03:55:17 UTC 2019 /home/travis/build/icyphy/ptII/ptolemy/domains/continuous/test/auto/CausalityInterface11.xml
----------------- Instantiating /home/travis/build/icyphy/ptII/ptolemy/domains/continuous/test/auto/CausalityInterface11.xml
5 ms. Memory: 578560K Free: 332218K (57%)
----------------- Invoking toplevel() on ptolemy.moml.MoMLSimpleApplication@702571bf
----------------- Done invoking toplevel() on ptolemy.moml.MoMLSimpleApplication@702571bf
reloadAllAccessors: .CausalityInterface11

===========================================================================================
----------------- testing Thu Apr 04 03:55:17 UTC 2019 /home/travis/build/icyphy/ptII/ptolemy/domains/continuous/test/auto/CausalityInterface12.xml
----------------- Instantiating /home/travis/build/icyphy/ptII/ptolemy/domains/continuous/test/auto/CausalityInterface12.xml
10 ms. Memory: 578560K Free: 319518K (55%)
----------------- Invoking toplevel() on ptolemy.moml.MoMLSimpleApplication@75b99775
----------------- Done invoking toplevel() on ptolemy.moml.MoMLSimpleApplication@75b99775
reloadAllAccessors: .CausalityInterface12

===========================================================================================
----------------- testing Thu Apr 04 03:55:17 UTC 2019 /home/travis/build/icyphy/ptII/ptolemy/domains/continuous/test/auto/CausalityInterface13.xml
----------------- Instantiating /home/travis/build/icyphy/ptII/ptolemy/domains/continuous/test/auto/CausalityInterface13.xml
5 ms. Memory: 578560K Free: 309687K (54%)
----------------- Invoking toplevel() on ptolemy.moml.MoMLSimpleApplication@374e328d
----------------- Done invoking toplevel() on ptolemy.moml.MoMLSimpleApplication@374e328d
reloadAllAccessors: .CausalityInterface13

===========================================================================================
----------------- testing Thu Apr 04 03:55:17 UTC 2019 /home/travis/build/icyphy/ptII/ptolemy/domains/continuous/test/auto/CausalityInterface14.xml
----------------- Instantiating /home/travis/build/icyphy/ptII/ptolemy/domains/continuous/test/auto/CausalityInterface14.xml
9 ms. Memory: 578560K Free: 299841K (52%)
----------------- Invoking toplevel() on ptolemy.moml.MoMLSimpleApplication@19be338
----------------- Done invoking toplevel() on ptolemy.moml.MoMLSimpleApplication@19be338
reloadAllAccessors: .CausalityInterface14

===========================================================================================
----------------- testing Thu Apr 04 03:55:18 UTC 2019 /home/travis/build/icyphy/ptII/ptolemy/domains/continuous/test/auto/CausalityInterface4.xml
----------------- Instantiating /home/travis/build/icyphy/ptII/ptolemy/domains/continuous/test/auto/CausalityInterface4.xml
7 ms. Memory: 578560K Free: 290010K (50%)
----------------- Invoking toplevel() on ptolemy.moml.MoMLSimpleApplication@6f61d293
----------------- Done invoking toplevel() on ptolemy.moml.MoMLSimpleApplication@6f61d293
reloadAllAccessors: .CausalityInterface4

===========================================================================================
----------------- testing Thu Apr 04 03:55:18 UTC 2019 /home/travis/build/icyphy/ptII/ptolemy/domains/continuous/test/auto/CausalityInterface5.xml
----------------- Instantiating /home/travis/build/icyphy/ptII/ptolemy/domains/continuous/test/auto/CausalityInterface5.xml
8 ms. Memory: 578560K Free: 274025K (47%)
----------------- Invoking toplevel() on ptolemy.moml.MoMLSimpleApplication@41f37793
----------------- Done invoking toplevel() on ptolemy.moml.MoMLSimpleApplication@41f37793
reloadAllAccessors: .CausalityInterface5

===========================================================================================
----------------- testing Thu Apr 04 03:55:18 UTC 2019 /home/travis/build/icyphy/ptII/ptolemy/domains/continuous/test/auto/CausalityInterface6.xml
----------------- Instantiating /home/travis/build/icyphy/ptII/ptolemy/domains/continuous/test/auto/CausalityInterface6.xml
4 ms. Memory: 578560K Free: 264179K (46%)
----------------- Invoking toplevel() on ptolemy.moml.MoMLSimpleApplication@23122a5
----------------- Done invoking toplevel() on ptolemy.moml.MoMLSimpleApplication@23122a5
reloadAllAccessors: .CausalityInterface6

===========================================================================================
----------------- testing Thu Apr 04 03:55:18 UTC 2019 /home/travis/build/icyphy/ptII/ptolemy/domains/continuous/test/auto/CausalityInterface7.xml
----------------- Instantiating /home/travis/build/icyphy/ptII/ptolemy/domains/continuous/test/auto/CausalityInterface7.xml
6 ms. Memory: 578560K Free: 251064K (43%)
----------------- Invoking toplevel() on ptolemy.moml.MoMLSimpleApplication@54e9c5f7
----------------- Done invoking toplevel() on ptolemy.moml.MoMLSimpleApplication@54e9c5f7
reloadAllAccessors: .CausalityInterface7

===========================================================================================
----------------- testing Thu Apr 04 03:55:18 UTC 2019 /home/travis/build/icyphy/ptII/ptolemy/domains/continuous/test/auto/CausalityInterface8.xml
----------------- Instantiating /home/travis/build/icyphy/ptII/ptolemy/domains/continuous/test/auto/CausalityInterface8.xml
6 ms. Memory: 578560K Free: 237909K (41%)
----------------- Invoking toplevel() on ptolemy.moml.MoMLSimpleApplication@6da9f144
----------------- Done invoking toplevel() on ptolemy.moml.MoMLSimpleApplication@6da9f144
reloadAllAccessors: .CausalityInterface8

===========================================================================================
----------------- testing Thu Apr 04 03:55:18 UTC 2019 /home/travis/build/icyphy/ptII/ptolemy/domains/continuous/test/auto/CausalityInterface9.xml
----------------- Instantiating /home/travis/build/icyphy/ptII/ptolemy/domains/continuous/test/auto/CausalityInterface9.xml
9 ms. Memory: 578560K Free: 221939K (38%)
----------------- Invoking toplevel() on ptolemy.moml.MoMLSimpleApplication@2d48c83c
----------------- Done invoking toplevel() on ptolemy.moml.MoMLSimpleApplication@2d48c83c
reloadAllAccessors: .CausalityInterface9

===========================================================================================
----------------- testing Thu Apr 04 03:55:18 UTC 2019 /home/travis/build/icyphy/ptII/ptolemy/domains/continuous/test/auto/CausalityInterfaceFeedback1.xml
----------------- Instantiating /home/travis/build/icyphy/ptII/ptolemy/domains/continuous/test/auto/CausalityInterfaceFeedback1.xml
5 ms. Memory: 578560K Free: 212109K (37%)
----------------- Invoking toplevel() on ptolemy.moml.MoMLSimpleApplication@77a0131c
----------------- Done invoking toplevel() on ptolemy.moml.MoMLSimpleApplication@77a0131c
reloadAllAccessors: .CausalityInterfaceFeedback1

===========================================================================================
----------------- testing Thu Apr 04 03:55:18 UTC 2019 /home/travis/build/icyphy/ptII/ptolemy/domains/continuous/test/auto/CausalityInterfaceFeedback2.xml
----------------- Instantiating /home/travis/build/icyphy/ptII/ptolemy/domains/continuous/test/auto/CausalityInterfaceFeedback2.xml
5 ms. Memory: 578560K Free: 202262K (35%)
----------------- Invoking toplevel() on ptolemy.moml.MoMLSimpleApplication@2cb76e6
----------------- Done invoking toplevel() on ptolemy.moml.MoMLSimpleApplication@2cb76e6
reloadAllAccessors: .CausalityInterfaceFeedback2

===========================================================================================
----------------- testing Thu Apr 04 03:55:18 UTC 2019 /home/travis/build/icyphy/ptII/ptolemy/domains/continuous/test/auto/CompareWithCurrentTime.xml
----------------- Instantiating /home/travis/build/icyphy/ptII/ptolemy/domains/continuous/test/auto/CompareWithCurrentTime.xml
3 ms. Memory: 578560K Free: 192855K (33%)
----------------- Invoking toplevel() on ptolemy.moml.MoMLSimpleApplication@6fe97ebb
----------------- Done invoking toplevel() on ptolemy.moml.MoMLSimpleApplication@6fe97ebb
reloadAllAccessors: .CompareWithCurrentTime

===========================================================================================
----------------- testing Thu Apr 04 03:55:18 UTC 2019 /home/travis/build/icyphy/ptII/ptolemy/domains/continuous/test/auto/ComparedClocks.xml
----------------- Instantiating /home/travis/build/icyphy/ptII/ptolemy/domains/continuous/test/auto/ComparedClocks.xml
12 ms. Memory: 578560K Free: 173146K (30%)
----------------- Invoking toplevel() on ptolemy.moml.MoMLSimpleApplication@7466f91c
----------------- Done invoking toplevel() on ptolemy.moml.MoMLSimpleApplication@7466f91c
reloadAllAccessors: .ComparedClocks

===========================================================================================
----------------- testing Thu Apr 04 03:55:18 UTC 2019 /home/travis/build/icyphy/ptII/ptolemy/domains/continuous/test/auto/ContinuousAOCClone.xml
----------------- Instantiating /home/travis/build/icyphy/ptII/ptolemy/domains/continuous/test/auto/ContinuousAOCClone.xml
2603 ms. Memory: 872960K Free: 439342K (50%)
----------------- Invoking toplevel() on ptolemy.moml.MoMLSimpleApplication@4c093e3e
----------------- Done invoking toplevel() on ptolemy.moml.MoMLSimpleApplication@4c093e3e
reloadAllAccessors: .ContinuousAOCClone

===========================================================================================
----------------- testing Thu Apr 04 03:55:21 UTC 2019 /home/travis/build/icyphy/ptII/ptolemy/domains/continuous/test/auto/ContinuousClock.xml
----------------- Instantiating /home/travis/build/icyphy/ptII/ptolemy/domains/continuous/test/auto/ContinuousClock.xml
62 ms. Memory: 872960K Free: 405113K (46%)
----------------- Invoking toplevel() on ptolemy.moml.MoMLSimpleApplication@3301ee1b
----------------- Done invoking toplevel() on ptolemy.moml.MoMLSimpleApplication@3301ee1b
reloadAllAccessors: .ContinuousClock

===========================================================================================
----------------- testing Thu Apr 04 03:55:21 UTC 2019 /home/travis/build/icyphy/ptII/ptolemy/domains/continuous/test/auto/ContinuousInContinuous.xml
----------------- Instantiating /home/travis/build/icyphy/ptII/ptolemy/domains/continuous/test/auto/ContinuousInContinuous.xml
40 ms. Memory: 872960K Free: 377558K (43%)
----------------- Invoking toplevel() on ptolemy.moml.MoMLSimpleApplication@7d67247b
----------------- Done invoking toplevel() on ptolemy.moml.MoMLSimpleApplication@7d67247b
reloadAllAccessors: .ContinuousInContinuous

===========================================================================================
----------------- testing Thu Apr 04 03:55:21 UTC 2019 /home/travis/build/icyphy/ptII/ptolemy/domains/continuous/test/auto/ContinuousInContinuousInContinuous.xml
----------------- Instantiating /home/travis/build/icyphy/ptII/ptolemy/domains/continuous/test/auto/ContinuousInContinuousInContinuous.xml
8 ms. Memory: 872960K Free: 365753K (42%)
----------------- Invoking toplevel() on ptolemy.moml.MoMLSimpleApplication@26c65781
----------------- Done invoking toplevel() on ptolemy.moml.MoMLSimpleApplication@26c65781
reloadAllAccessors: .ContinuousInContinuousInContinuous

===========================================================================================
----------------- testing Thu Apr 04 03:55:21 UTC 2019 /home/travis/build/icyphy/ptII/ptolemy/domains/continuous/test/auto/ContinuousInDE.xml
----------------- Instantiating /home/travis/build/icyphy/ptII/ptolemy/domains/continuous/test/auto/ContinuousInDE.xml
75 ms. Memory: 872960K Free: 346925K (40%)
----------------- Invoking toplevel() on ptolemy.moml.MoMLSimpleApplication@7d7e0370
----------------- Done invoking toplevel() on ptolemy.moml.MoMLSimpleApplication@7d7e0370
reloadAllAccessors: .ContinuousInDE

===========================================================================================
----------------- testing Thu Apr 04 03:55:21 UTC 2019 /home/travis/build/icyphy/ptII/ptolemy/domains/continuous/test/auto/ContinuousInDE2.xml
----------------- Instantiating /home/travis/build/icyphy/ptII/ptolemy/domains/continuous/test/auto/ContinuousInDE2.xml
45 ms. Memory: 872960K Free: 335136K (38%)
----------------- Invoking toplevel() on ptolemy.moml.MoMLSimpleApplication@7d7852a8
----------------- Done invoking toplevel() on ptolemy.moml.MoMLSimpleApplication@7d7852a8
reloadAllAccessors: .ContinuousInDE2

===========================================================================================
----------------- testing Thu Apr 04 03:55:21 UTC 2019 /home/travis/build/icyphy/ptII/ptolemy/domains/continuous/test/auto/ContinuousInDE3.xml
----------------- Instantiating /home/travis/build/icyphy/ptII/ptolemy/domains/continuous/test/auto/ContinuousInDE3.xml
37 ms. Memory: 872960K Free: 323347K (37%)
----------------- Invoking toplevel() on ptolemy.moml.MoMLSimpleApplication@68828fa2
----------------- Done invoking toplevel() on ptolemy.moml.MoMLSimpleApplication@68828fa2
reloadAllAccessors: .ContinuousInDE3

===========================================================================================
----------------- testing Thu Apr 04 03:55:21 UTC 2019 /home/travis/build/icyphy/ptII/ptolemy/domains/continuous/test/auto/ContinuousInDE4.xml
----------------- Instantiating /home/travis/build/icyphy/ptII/ptolemy/domains/continuous/test/auto/ContinuousInDE4.xml
16 ms. Memory: 872960K Free: 315488K (36%)
----------------- Invoking toplevel() on ptolemy.moml.MoMLSimpleApplication@78caad0e
----------------- Done invoking toplevel() on ptolemy.moml.MoMLSimpleApplication@78caad0e
reloadAllAccessors: .ContinuousInDE4

===========================================================================================
----------------- testing Thu Apr 04 03:55:21 UTC 2019 /home/travis/build/icyphy/ptII/ptolemy/domains/continuous/test/auto/ContinuousInDEDifferentRefinements.xml
----------------- Instantiating /home/travis/build/icyphy/ptII/ptolemy/domains/continuous/test/auto/ContinuousInDEDifferentRefinements.xml
59 ms. Memory: 872960K Free: 276980K (32%)
----------------- Invoking toplevel() on ptolemy.moml.MoMLSimpleApplication@6c99e928
----------------- Done invoking toplevel() on ptolemy.moml.MoMLSimpleApplication@6c99e928
reloadAllAccessors: .ContinuousInDEDifferentRefinements

===========================================================================================
----------------- testing Thu Apr 04 03:55:21 UTC 2019 /home/travis/build/icyphy/ptII/ptolemy/domains/continuous/test/auto/ContinuousInDEDifferentRefinementsPreemptive.xml
----------------- Instantiating /home/travis/build/icyphy/ptII/ptolemy/domains/continuous/test/auto/ContinuousInDEDifferentRefinementsPreemptive.xml
45 ms. Memory: 872960K Free: 241557K (28%)
----------------- Invoking toplevel() on ptolemy.moml.MoMLSimpleApplication@65a8edc
----------------- Done invoking toplevel() on ptolemy.moml.MoMLSimpleApplication@65a8edc
reloadAllAccessors: .ContinuousInDEDifferentRefinementsPreemptive

===========================================================================================
----------------- testing Thu Apr 04 03:55:21 UTC 2019 /home/travis/build/icyphy/ptII/ptolemy/domains/continuous/test/auto/ContinuousInDEInContinuous2.xml
----------------- Instantiating /home/travis/build/icyphy/ptII/ptolemy/domains/continuous/test/auto/ContinuousInDEInContinuous2.xml
37 ms. Memory: 872960K Free: 225838K (26%)
----------------- Invoking toplevel() on ptolemy.moml.MoMLSimpleApplication@31ca9b2e
----------------- Done invoking toplevel() on ptolemy.moml.MoMLSimpleApplication@31ca9b2e
reloadAllAccessors: .ContinuousInDEInContinuous2

===========================================================================================
----------------- testing Thu Apr 04 03:55:22 UTC 2019 /home/travis/build/icyphy/ptII/ptolemy/domains/continuous/test/auto/ContinuousInDEInContinuous3.xml
----------------- Instantiating /home/travis/build/icyphy/ptII/ptolemy/domains/continuous/test/auto/ContinuousInDEInContinuous3.xml
35 ms. Memory: 872960K Free: 210104K (24%)
----------------- Invoking toplevel() on ptolemy.moml.MoMLSimpleApplication@1dc366f8
----------------- Done invoking toplevel() on ptolemy.moml.MoMLSimpleApplication@1dc366f8
reloadAllAccessors: .ContinuousInDEInContinuous3

===========================================================================================
----------------- testing Thu Apr 04 03:55:22 UTC 2019 /home/travis/build/icyphy/ptII/ptolemy/domains/continuous/test/auto/ContinuousInDEInput.xml
----------------- Instantiating /home/travis/build/icyphy/ptII/ptolemy/domains/continuous/test/auto/ContinuousInDEInput.xml
15 ms. Memory: 872960K Free: 195205K (22%)
----------------- Invoking toplevel() on ptolemy.moml.MoMLSimpleApplication@15ce2c1d
----------------- Done invoking toplevel() on ptolemy.moml.MoMLSimpleApplication@15ce2c1d
reloadAllAccessors: .ContinuousInDEInput

===========================================================================================
----------------- testing Thu Apr 04 03:55:22 UTC 2019 /home/travis/build/icyphy/ptII/ptolemy/domains/continuous/test/auto/ContinuousInDEInput2.xml
----------------- Instantiating /home/travis/build/icyphy/ptII/ptolemy/domains/continuous/test/auto/ContinuousInDEInput2.xml
26 ms. Memory: 872960K Free: 183400K (21%)
----------------- Invoking toplevel() on ptolemy.moml.MoMLSimpleApplication@59dc55ff
----------------- Done invoking toplevel() on ptolemy.moml.MoMLSimpleApplication@59dc55ff
reloadAllAccessors: .ContinuousInDEInput2

===========================================================================================
----------------- testing Thu Apr 04 03:55:22 UTC 2019 /home/travis/build/icyphy/ptII/ptolemy/domains/continuous/test/auto/ContinuousInDEInput3.xml
----------------- Instantiating /home/travis/build/icyphy/ptII/ptolemy/domains/continuous/test/auto/ContinuousInDEInput3.xml
13 ms. Memory: 872960K Free: 171595K (20%)
----------------- Invoking toplevel() on ptolemy.moml.MoMLSimpleApplication@47924d2e
----------------- Done invoking toplevel() on ptolemy.moml.MoMLSimpleApplication@47924d2e
reloadAllAccessors: .ContinuousInDEInput3

===========================================================================================
----------------- testing Thu Apr 04 03:55:22 UTC 2019 /home/travis/build/icyphy/ptII/ptolemy/domains/continuous/test/auto/ContinuousInDESharingRefinement.xml
----------------- Instantiating /home/travis/build/icyphy/ptII/ptolemy/domains/continuous/test/auto/ContinuousInDESharingRefinement.xml
174 ms. Memory: 873472K Free: 857763K (98%)
----------------- Invoking toplevel() on ptolemy.moml.MoMLSimpleApplication@75d0366a
----------------- Done invoking toplevel() on ptolemy.moml.MoMLSimpleApplication@75d0366a
reloadAllAccessors: .ContinuousInDESharingRefinement

===========================================================================================
----------------- testing Thu Apr 04 03:55:22 UTC 2019 /home/travis/build/icyphy/ptII/ptolemy/domains/continuous/test/auto/ContinuousInDEwithNoPorts.xml
----------------- Instantiating /home/travis/build/icyphy/ptII/ptolemy/domains/continuous/test/auto/ContinuousInDEwithNoPorts.xml
3 ms. Memory: 873472K Free: 845772K (97%)
----------------- Invoking toplevel() on ptolemy.moml.MoMLSimpleApplication@3f4dc140
----------------- Done invoking toplevel() on ptolemy.moml.MoMLSimpleApplication@3f4dc140
reloadAllAccessors: .ContinuousInDEwithNoPorts

===========================================================================================
----------------- testing Thu Apr 04 03:55:22 UTC 2019 /home/travis/build/icyphy/ptII/ptolemy/domains/continuous/test/auto/ContinuousInsideDE.xml
----------------- Instantiating /home/travis/build/icyphy/ptII/ptolemy/domains/continuous/test/auto/ContinuousInsideDE.xml
42 ms. Memory: 873472K Free: 826108K (95%)
----------------- Invoking toplevel() on ptolemy.moml.MoMLSimpleApplication@5a073e44
----------------- Done invoking toplevel() on ptolemy.moml.MoMLSimpleApplication@5a073e44
reloadAllAccessors: .ContinuousInsideDE

===========================================================================================
----------------- testing Thu Apr 04 03:55:22 UTC 2019 /home/travis/build/icyphy/ptII/ptolemy/domains/continuous/test/auto/ContinuousMerge1.xml
----------------- Instantiating /home/travis/build/icyphy/ptII/ptolemy/domains/continuous/test/auto/ContinuousMerge1.xml
4 ms. Memory: 873472K Free: 815997K (93%)
----------------- Invoking toplevel() on ptolemy.moml.MoMLSimpleApplication@7ddf60d2
----------------- Done invoking toplevel() on ptolemy.moml.MoMLSimpleApplication@7ddf60d2
reloadAllAccessors: .ContinuousMerge1

===========================================================================================
----------------- testing Thu Apr 04 03:55:22 UTC 2019 /home/travis/build/icyphy/ptII/ptolemy/domains/continuous/test/auto/ContinuousMerge2.xml
----------------- Instantiating /home/travis/build/icyphy/ptII/ptolemy/domains/continuous/test/auto/ContinuousMerge2.xml
13 ms. Memory: 873472K Free: 800255K (92%)
----------------- Invoking toplevel() on ptolemy.moml.MoMLSimpleApplication@2f6954bd
----------------- Done invoking toplevel() on ptolemy.moml.MoMLSimpleApplication@2f6954bd
reloadAllAccessors: .ContinuousMerge2

===========================================================================================
----------------- testing Thu Apr 04 03:55:22 UTC 2019 /home/travis/build/icyphy/ptII/ptolemy/domains/continuous/test/auto/ContinuousMerge3.xml
----------------- Instantiating /home/travis/build/icyphy/ptII/ptolemy/domains/continuous/test/auto/ContinuousMerge3.xml
42 ms. Memory: 873472K Free: 784528K (90%)
----------------- Invoking toplevel() on ptolemy.moml.MoMLSimpleApplication@70070c85
----------------- Done invoking toplevel() on ptolemy.moml.MoMLSimpleApplication@70070c85
reloadAllAccessors: .ContinuousMerge3

===========================================================================================
----------------- testing Thu Apr 04 03:55:22 UTC 2019 /home/travis/build/icyphy/ptII/ptolemy/domains/continuous/test/auto/ContinuousWithinContinuous.xml
----------------- Instantiating /home/travis/build/icyphy/ptII/ptolemy/domains/continuous/test/auto/ContinuousWithinContinuous.xml
40 ms. Memory: 873472K Free: 766705K (88%)
----------------- Invoking toplevel() on ptolemy.moml.MoMLSimpleApplication@2d796e99
----------------- Done invoking toplevel() on ptolemy.moml.MoMLSimpleApplication@2d796e99
reloadAllAccessors: .ContinuousWithinContinuous

===========================================================================================
----------------- testing Thu Apr 04 03:55:22 UTC 2019 /home/travis/build/icyphy/ptII/ptolemy/domains/continuous/test/auto/ContinuousWithinContinuous2.xml
----------------- Instantiating /home/travis/build/icyphy/ptII/ptolemy/domains/continuous/test/auto/ContinuousWithinContinuous2.xml
75 ms. Memory: 873472K Free: 754916K (86%)
----------------- Invoking toplevel() on ptolemy.moml.MoMLSimpleApplication@6ef1c48f
----------------- Done invoking toplevel() on ptolemy.moml.MoMLSimpleApplication@6ef1c48f
reloadAllAccessors: .ContinuousWithinContinuous2

===========================================================================================
----------------- testing Thu Apr 04 03:55:22 UTC 2019 /home/travis/build/icyphy/ptII/ptolemy/domains/continuous/test/auto/ContinuousWithinContinuous3.xml
----------------- Instantiating /home/travis/build/icyphy/ptII/ptolemy/domains/continuous/test/auto/ContinuousWithinContinuous3.xml
21 ms. Memory: 873472K Free: 741031K (85%)
----------------- Invoking toplevel() on ptolemy.moml.MoMLSimpleApplication@6c019568
----------------- Done invoking toplevel() on ptolemy.moml.MoMLSimpleApplication@6c019568
reloadAllAccessors: .ContinuousWithinContinuous3

===========================================================================================
----------------- testing Thu Apr 04 03:55:22 UTC 2019 /home/travis/build/icyphy/ptII/ptolemy/domains/continuous/test/auto/ContinuousWithinContinuous4.xml
----------------- Instantiating /home/travis/build/icyphy/ptII/ptolemy/domains/continuous/test/auto/ContinuousWithinContinuous4.xml
69 ms. Memory: 873472K Free: 725313K (83%)
----------------- Invoking toplevel() on ptolemy.moml.MoMLSimpleApplication@7c544025
----------------- Done invoking toplevel() on ptolemy.moml.MoMLSimpleApplication@7c544025
reloadAllAccessors: .ContinuousWithinContinuous4

===========================================================================================
----------------- testing Thu Apr 04 03:55:23 UTC 2019 /home/travis/build/icyphy/ptII/ptolemy/domains/continuous/test/auto/ContinuousWithinContinuous5.xml
----------------- Instantiating /home/travis/build/icyphy/ptII/ptolemy/domains/continuous/test/auto/ContinuousWithinContinuous5.xml
13 ms. Memory: 873472K Free: 713508K (82%)
----------------- Invoking toplevel() on ptolemy.moml.MoMLSimpleApplication@1b7b9a71
----------------- Done invoking toplevel() on ptolemy.moml.MoMLSimpleApplication@1b7b9a71
reloadAllAccessors: .ContinuousWithinContinuous5

===========================================================================================
----------------- testing Thu Apr 04 03:55:23 UTC 2019 /home/travis/build/icyphy/ptII/ptolemy/domains/continuous/test/auto/ContinuousWithinContinuous6.xml
----------------- Instantiating /home/travis/build/icyphy/ptII/ptolemy/domains/continuous/test/auto/ContinuousWithinContinuous6.xml
12 ms. Memory: 873472K Free: 699630K (80%)
----------------- Invoking toplevel() on ptolemy.moml.MoMLSimpleApplication@4ae9dd20
----------------- Done invoking toplevel() on ptolemy.moml.MoMLSimpleApplication@4ae9dd20
reloadAllAccessors: .ContinuousWithinContinuous6

===========================================================================================
----------------- testing Thu Apr 04 03:55:23 UTC 2019 /home/travis/build/icyphy/ptII/ptolemy/domains/continuous/test/auto/ContinuousWithinContinuous7.xml
----------------- Instantiating /home/travis/build/icyphy/ptII/ptolemy/domains/continuous/test/auto/ContinuousWithinContinuous7.xml
55 ms. Memory: 873472K Free: 687841K (79%)
----------------- Invoking toplevel() on ptolemy.moml.MoMLSimpleApplication@20949d11
----------------- Done invoking toplevel() on ptolemy.moml.MoMLSimpleApplication@20949d11
reloadAllAccessors: .ContinuousWithinContinuous7

===========================================================================================
----------------- testing Thu Apr 04 03:55:23 UTC 2019 /home/travis/build/icyphy/ptII/ptolemy/domains/continuous/test/auto/DCMotor.xml
----------------- Instantiating /home/travis/build/icyphy/ptII/ptolemy/domains/continuous/test/auto/DCMotor.xml
15138 ms. Memory: 734720K Free: 97313K (13%)
----------------- Invoking toplevel() on ptolemy.moml.MoMLSimpleApplication@2032138b
----------------- Done invoking toplevel() on ptolemy.moml.MoMLSimpleApplication@2032138b
reloadAllAccessors: .DCMotor

===========================================================================================
----------------- testing Thu Apr 04 03:55:38 UTC 2019 /home/travis/build/icyphy/ptII/ptolemy/domains/continuous/test/auto/DEInContinuous.xml
----------------- Instantiating /home/travis/build/icyphy/ptII/ptolemy/domains/continuous/test/auto/DEInContinuous.xml
9 ms. Memory: 734720K Free: 81344K (11%)
----------------- Invoking toplevel() on ptolemy.moml.MoMLSimpleApplication@5ef65036
----------------- Done invoking toplevel() on ptolemy.moml.MoMLSimpleApplication@5ef65036
reloadAllAccessors: .DEInContinuous

===========================================================================================
----------------- testing Thu Apr 04 03:55:38 UTC 2019 /home/travis/build/icyphy/ptII/ptolemy/domains/continuous/test/auto/DEinContinuous2.xml
----------------- Instantiating /home/travis/build/icyphy/ptII/ptolemy/domains/continuous/test/auto/DEinContinuous2.xml
5 ms. Memory: 697344K Free: 674029K (97%)
----------------- Invoking toplevel() on ptolemy.moml.MoMLSimpleApplication@6fbf4a1b
----------------- Done invoking toplevel() on ptolemy.moml.MoMLSimpleApplication@6fbf4a1b
reloadAllAccessors: .DEinContinuous2

===========================================================================================
----------------- testing Thu Apr 04 03:55:38 UTC 2019 /home/travis/build/icyphy/ptII/ptolemy/domains/continuous/test/auto/Derivative.xml
----------------- Instantiating /home/travis/build/icyphy/ptII/ptolemy/domains/continuous/test/auto/Derivative.xml
143 ms. Memory: 697344K Free: 635511K (91%)
----------------- Invoking toplevel() on ptolemy.moml.MoMLSimpleApplication@1900d8b5
----------------- Done invoking toplevel() on ptolemy.moml.MoMLSimpleApplication@1900d8b5
reloadAllAccessors: .Derivative2

===========================================================================================
----------------- testing Thu Apr 04 03:55:38 UTC 2019 /home/travis/build/icyphy/ptII/ptolemy/domains/continuous/test/auto/Derivative1.xml
----------------- Instantiating /home/travis/build/icyphy/ptII/ptolemy/domains/continuous/test/auto/Derivative1.xml
13 ms. Memory: 697344K Free: 616270K (88%)
----------------- Invoking toplevel() on ptolemy.moml.MoMLSimpleApplication@52085d39
----------------- Done invoking toplevel() on ptolemy.moml.MoMLSimpleApplication@52085d39
reloadAllAccessors: .Derivative1

===========================================================================================
----------------- testing Thu Apr 04 03:55:38 UTC 2019 /home/travis/build/icyphy/ptII/ptolemy/domains/continuous/test/auto/DiscreteClock.xml
----------------- Instantiating /home/travis/build/icyphy/ptII/ptolemy/domains/continuous/test/auto/DiscreteClock.xml
4 ms. Memory: 697344K Free: 603205K (87%)
----------------- Invoking toplevel() on ptolemy.moml.MoMLSimpleApplication@759a642c
----------------- Done invoking toplevel() on ptolemy.moml.MoMLSimpleApplication@759a642c
reloadAllAccessors: .DiscreteClock

===========================================================================================
----------------- testing Thu Apr 04 03:55:38 UTC 2019 /home/travis/build/icyphy/ptII/ptolemy/domains/continuous/test/auto/EfficiencyCurve.xml
----------------- Instantiating /home/travis/build/icyphy/ptII/ptolemy/domains/continuous/test/auto/EfficiencyCurve.xml
68 ms. Memory: 697344K Free: 590140K (85%)
----------------- Invoking toplevel() on ptolemy.moml.MoMLSimpleApplication@32a68eda
----------------- Done invoking toplevel() on ptolemy.moml.MoMLSimpleApplication@32a68eda
reloadAllAccessors: .EfficiencyCurve

===========================================================================================
----------------- testing Thu Apr 04 03:55:38 UTC 2019 /home/travis/build/icyphy/ptII/ptolemy/domains/continuous/test/auto/ExponentialResponse.xml
----------------- Instantiating /home/travis/build/icyphy/ptII/ptolemy/domains/continuous/test/auto/ExponentialResponse.xml
111 ms. Memory: 697344K Free: 564755K (81%)
----------------- Invoking toplevel() on ptolemy.moml.MoMLSimpleApplication@4b58d6a5
----------------- Done invoking toplevel() on ptolemy.moml.MoMLSimpleApplication@4b58d6a5
reloadAllAccessors: .ExponentialResponse

===========================================================================================
----------------- testing Thu Apr 04 03:55:38 UTC 2019 /home/travis/build/icyphy/ptII/ptolemy/domains/continuous/test/auto/ExponentialResponseRK45.xml
----------------- Instantiating /home/travis/build/icyphy/ptII/ptolemy/domains/continuous/test/auto/ExponentialResponseRK45.xml
29 ms. Memory: 697344K Free: 551690K (79%)
----------------- Invoking toplevel() on ptolemy.moml.MoMLSimpleApplication@2908dd0
----------------- Done invoking toplevel() on ptolemy.moml.MoMLSimpleApplication@2908dd0
reloadAllAccessors: .ExponentialResponseRK45

===========================================================================================
----------------- testing Thu Apr 04 03:55:38 UTC 2019 /home/travis/build/icyphy/ptII/ptolemy/domains/continuous/test/auto/Friction.xml
----------------- Instantiating /home/travis/build/icyphy/ptII/ptolemy/domains/continuous/test/auto/Friction.xml
1443 ms. Memory: 697344K Free: 107027K (15%)
----------------- Invoking toplevel() on ptolemy.moml.MoMLSimpleApplication@187a67bc
----------------- Done invoking toplevel() on ptolemy.moml.MoMLSimpleApplication@187a67bc
reloadAllAccessors: .Friction

===========================================================================================
----------------- testing Thu Apr 04 03:55:40 UTC 2019 /home/travis/build/icyphy/ptII/ptolemy/domains/continuous/test/auto/FurutaPendulum.xml
----------------- Instantiating /home/travis/build/icyphy/ptII/ptolemy/domains/continuous/test/auto/FurutaPendulum.xml
3176 ms. Memory: 674816K Free: 184046K (27%)
----------------- Invoking toplevel() on ptolemy.moml.MoMLSimpleApplication@59d52d69
----------------- Done invoking toplevel() on ptolemy.moml.MoMLSimpleApplication@59d52d69
reloadAllAccessors: .FurutaPendulum

===========================================================================================
----------------- testing Thu Apr 04 03:55:43 UTC 2019 /home/travis/build/icyphy/ptII/ptolemy/domains/continuous/test/auto/HierarchicalExecution.xml
----------------- Instantiating /home/travis/build/icyphy/ptII/ptolemy/domains/continuous/test/auto/HierarchicalExecution.xml
1696 ms. Memory: 646656K Free: 436346K (67%)
----------------- Invoking toplevel() on ptolemy.moml.MoMLSimpleApplication@6cc05152
----------------- Done invoking toplevel() on ptolemy.moml.MoMLSimpleApplication@6cc05152
reloadAllAccessors: .HierarchicalExecution

===========================================================================================
----------------- testing Thu Apr 04 03:55:45 UTC 2019 /home/travis/build/icyphy/ptII/ptolemy/domains/continuous/test/auto/HybridPlant.xml
----------------- Instantiating /home/travis/build/icyphy/ptII/ptolemy/domains/continuous/test/auto/HybridPlant.xml
580 ms. Memory: 646656K Free: 159778K (25%)
----------------- Invoking toplevel() on ptolemy.moml.MoMLSimpleApplication@1dd68b7a
----------------- Done invoking toplevel() on ptolemy.moml.MoMLSimpleApplication@1dd68b7a
reloadAllAccessors: .HybridPlant

===========================================================================================
----------------- testing Thu Apr 04 03:55:46 UTC 2019 /home/travis/build/icyphy/ptII/ptolemy/domains/continuous/test/auto/Hysteresis.xml
----------------- Instantiating /home/travis/build/icyphy/ptII/ptolemy/domains/continuous/test/auto/Hysteresis.xml
147 ms. Memory: 646656K Free: 91601K (14%)
----------------- Invoking toplevel() on ptolemy.moml.MoMLSimpleApplication@607a00be
----------------- Done invoking toplevel() on ptolemy.moml.MoMLSimpleApplication@607a00be
reloadAllAccessors: .Hysteresis

===========================================================================================
----------------- testing Thu Apr 04 03:55:46 UTC 2019 /home/travis/build/icyphy/ptII/ptolemy/domains/continuous/test/auto/HysteresisWithRandomDelay.xml
----------------- Instantiating /home/travis/build/icyphy/ptII/ptolemy/domains/continuous/test/auto/HysteresisWithRandomDelay.xml
190 ms. Memory: 615424K Free: 539988K (88%)
----------------- Invoking toplevel() on ptolemy.moml.MoMLSimpleApplication@ad5cd2
----------------- Done invoking toplevel() on ptolemy.moml.MoMLSimpleApplication@ad5cd2
reloadAllAccessors: .HysteresisWithRandomDelay

===========================================================================================
----------------- testing Thu Apr 04 03:55:46 UTC 2019 /home/travis/build/icyphy/ptII/ptolemy/domains/continuous/test/auto/HysteresisWithRandomLosses.xml
----------------- Instantiating /home/travis/build/icyphy/ptII/ptolemy/domains/continuous/test/auto/HysteresisWithRandomLosses.xml
2289 ms. Memory: 591872K Free: 289251K (49%)
----------------- Invoking toplevel() on ptolemy.moml.MoMLSimpleApplication@444fffa4
----------------- Done invoking toplevel() on ptolemy.moml.MoMLSimpleApplication@444fffa4
reloadAllAccessors: .HysteresisWithRandomLosses

===========================================================================================
----------------- testing Thu Apr 04 03:55:49 UTC 2019 /home/travis/build/icyphy/ptII/ptolemy/domains/continuous/test/auto/ImmediateTransitions.xml
----------------- Instantiating /home/travis/build/icyphy/ptII/ptolemy/domains/continuous/test/auto/ImmediateTransitions.xml
9 ms. Memory: 591872K Free: 276730K (47%)
----------------- Invoking toplevel() on ptolemy.moml.MoMLSimpleApplication@2affc062
----------------- Done invoking toplevel() on ptolemy.moml.MoMLSimpleApplication@2affc062
reloadAllAccessors: .ImmediateTransitions

===========================================================================================
----------------- testing Thu Apr 04 03:55:49 UTC 2019 /home/travis/build/icyphy/ptII/ptolemy/domains/continuous/test/auto/ImpulseFeedback.xml
----------------- Instantiating /home/travis/build/icyphy/ptII/ptolemy/domains/continuous/test/auto/ImpulseFeedback.xml
9 ms. Memory: 591872K Free: 265694K (45%)
----------------- Invoking toplevel() on ptolemy.moml.MoMLSimpleApplication@6de1d120
----------------- Done invoking toplevel() on ptolemy.moml.MoMLSimpleApplication@6de1d120
reloadAllAccessors: .ImpulseFeedback

===========================================================================================
----------------- testing Thu Apr 04 03:55:49 UTC 2019 /home/travis/build/icyphy/ptII/ptolemy/domains/continuous/test/auto/ImpulseFeedback2.xml
----------------- Instantiating /home/travis/build/icyphy/ptII/ptolemy/domains/continuous/test/auto/ImpulseFeedback2.xml
8 ms. Memory: 591872K Free: 254679K (43%)
----------------- Invoking toplevel() on ptolemy.moml.MoMLSimpleApplication@495cc062
----------------- Done invoking toplevel() on ptolemy.moml.MoMLSimpleApplication@495cc062
reloadAllAccessors: .ImpulseFeedback2

===========================================================================================
----------------- testing Thu Apr 04 03:55:49 UTC 2019 /home/travis/build/icyphy/ptII/ptolemy/domains/continuous/test/auto/IncreasingRatePoisson.xml
----------------- Instantiating /home/travis/build/icyphy/ptII/ptolemy/domains/continuous/test/auto/IncreasingRatePoisson.xml
717 ms. Memory: 565760K Free: 407486K (72%)
----------------- Invoking toplevel() on ptolemy.moml.MoMLSimpleApplication@2019fa1c
----------------- Done invoking toplevel() on ptolemy.moml.MoMLSimpleApplication@2019fa1c
reloadAllAccessors: .IncreasingRatePoisson

===========================================================================================
----------------- testing Thu Apr 04 03:55:50 UTC 2019 /home/travis/build/icyphy/ptII/ptolemy/domains/continuous/test/auto/InitialStateFeedback.xml
----------------- Instantiating /home/travis/build/icyphy/ptII/ptolemy/domains/continuous/test/auto/InitialStateFeedback.xml
4 ms. Memory: 565760K Free: 397639K (70%)
----------------- Invoking toplevel() on ptolemy.moml.MoMLSimpleApplication@53e8508b
----------------- Done invoking toplevel() on ptolemy.moml.MoMLSimpleApplication@53e8508b
reloadAllAccessors: .InitialStateFeedback

===========================================================================================
----------------- testing Thu Apr 04 03:55:50 UTC 2019 /home/travis/build/icyphy/ptII/ptolemy/domains/continuous/test/auto/Integration.xml
----------------- Instantiating /home/travis/build/icyphy/ptII/ptolemy/domains/continuous/test/auto/Integration.xml
4 ms. Memory: 565760K Free: 389471K (69%)
----------------- Invoking toplevel() on ptolemy.moml.MoMLSimpleApplication@18094957
----------------- Done invoking toplevel() on ptolemy.moml.MoMLSimpleApplication@18094957
reloadAllAccessors: .Integration

===========================================================================================
----------------- testing Thu Apr 04 03:55:50 UTC 2019 /home/travis/build/icyphy/ptII/ptolemy/domains/continuous/test/auto/Integration2.xml
----------------- Instantiating /home/travis/build/icyphy/ptII/ptolemy/domains/continuous/test/auto/Integration2.xml
96 ms. Memory: 565760K Free: 371623K (66%)
----------------- Invoking toplevel() on ptolemy.moml.MoMLSimpleApplication@4455d166
----------------- Done invoking toplevel() on ptolemy.moml.MoMLSimpleApplication@4455d166
reloadAllAccessors: .Integration2

===========================================================================================
----------------- testing Thu Apr 04 03:55:50 UTC 2019 /home/travis/build/icyphy/ptII/ptolemy/domains/continuous/test/auto/Integration3.xml
----------------- Instantiating /home/travis/build/icyphy/ptII/ptolemy/domains/continuous/test/auto/Integration3.xml
5 ms. Memory: 565760K Free: 363582K (64%)
----------------- Invoking toplevel() on ptolemy.moml.MoMLSimpleApplication@46e43f55
----------------- Done invoking toplevel() on ptolemy.moml.MoMLSimpleApplication@46e43f55
reloadAllAccessors: .Integration3

===========================================================================================
----------------- testing Thu Apr 04 03:55:50 UTC 2019 /home/travis/build/icyphy/ptII/ptolemy/domains/continuous/test/auto/Integration5.xml
----------------- Instantiating /home/travis/build/icyphy/ptII/ptolemy/domains/continuous/test/auto/Integration5.xml
4 ms. Memory: 565760K Free: 355421K (63%)
----------------- Invoking toplevel() on ptolemy.moml.MoMLSimpleApplication@15eea869
----------------- Done invoking toplevel() on ptolemy.moml.MoMLSimpleApplication@15eea869
reloadAllAccessors: .Integration5

===========================================================================================
----------------- testing Thu Apr 04 03:55:50 UTC 2019 /home/travis/build/icyphy/ptII/ptolemy/domains/continuous/test/auto/IntegratorImpulse.xml
----------------- Instantiating /home/travis/build/icyphy/ptII/ptolemy/domains/continuous/test/auto/IntegratorImpulse.xml
2 ms. Memory: 565760K Free: 347253K (61%)
----------------- Invoking toplevel() on ptolemy.moml.MoMLSimpleApplication@7d0116cf
----------------- Done invoking toplevel() on ptolemy.moml.MoMLSimpleApplication@7d0116cf
reloadAllAccessors: .IntegratorImpulse

===========================================================================================
----------------- testing Thu Apr 04 03:55:50 UTC 2019 /home/travis/build/icyphy/ptII/ptolemy/domains/continuous/test/auto/IntegratorImpulse2.xml
----------------- Instantiating /home/travis/build/icyphy/ptII/ptolemy/domains/continuous/test/auto/IntegratorImpulse2.xml
3 ms. Memory: 565760K Free: 339084K (60%)
----------------- Invoking toplevel() on ptolemy.moml.MoMLSimpleApplication@27f5d882
----------------- Done invoking toplevel() on ptolemy.moml.MoMLSimpleApplication@27f5d882
reloadAllAccessors: .IntegratorImpulse2

===========================================================================================
----------------- testing Thu Apr 04 03:55:50 UTC 2019 /home/travis/build/icyphy/ptII/ptolemy/domains/continuous/test/auto/LevelCrossing1.xml
----------------- Instantiating /home/travis/build/icyphy/ptII/ptolemy/domains/continuous/test/auto/LevelCrossing1.xml
3 ms. Memory: 565760K Free: 331026K (59%)
----------------- Invoking toplevel() on ptolemy.moml.MoMLSimpleApplication@7070167f
----------------- Done invoking toplevel() on ptolemy.moml.MoMLSimpleApplication@7070167f
reloadAllAccessors: .LevelCrossing1

===========================================================================================
----------------- testing Thu Apr 04 03:55:50 UTC 2019 /home/travis/build/icyphy/ptII/ptolemy/domains/continuous/test/auto/LevelCrossing2.xml
----------------- Instantiating /home/travis/build/icyphy/ptII/ptolemy/domains/continuous/test/auto/LevelCrossing2.xml
3 ms. Memory: 565760K Free: 322857K (57%)
----------------- Invoking toplevel() on ptolemy.moml.MoMLSimpleApplication@44ca8ac
----------------- Done invoking toplevel() on ptolemy.moml.MoMLSimpleApplication@44ca8ac
reloadAllAccessors: .LevelCrossing2

===========================================================================================
----------------- testing Thu Apr 04 03:55:50 UTC 2019 /home/travis/build/icyphy/ptII/ptolemy/domains/continuous/test/auto/LevelCrossing3.xml
----------------- Instantiating /home/travis/build/icyphy/ptII/ptolemy/domains/continuous/test/auto/LevelCrossing3.xml
4 ms. Memory: 565760K Free: 314689K (56%)
----------------- Invoking toplevel() on ptolemy.moml.MoMLSimpleApplication@17a7338e
----------------- Done invoking toplevel() on ptolemy.moml.MoMLSimpleApplication@17a7338e
reloadAllAccessors: .LevelCrossing3

===========================================================================================
----------------- testing Thu Apr 04 03:55:50 UTC 2019 /home/travis/build/icyphy/ptII/ptolemy/domains/continuous/test/auto/LevelCrossing4.xml
----------------- Instantiating /home/travis/build/icyphy/ptII/ptolemy/domains/continuous/test/auto/LevelCrossing4.xml
5 ms. Memory: 565760K Free: 306520K (54%)
----------------- Invoking toplevel() on ptolemy.moml.MoMLSimpleApplication@353fbb2c
----------------- Done invoking toplevel() on ptolemy.moml.MoMLSimpleApplication@353fbb2c
reloadAllAccessors: .LevelCrossing4

===========================================================================================
----------------- testing Thu Apr 04 03:55:50 UTC 2019 /home/travis/build/icyphy/ptII/ptolemy/domains/continuous/test/auto/LevelCrossing5.xml
----------------- Instantiating /home/travis/build/icyphy/ptII/ptolemy/domains/continuous/test/auto/LevelCrossing5.xml
3 ms. Memory: 565760K Free: 298463K (53%)
----------------- Invoking toplevel() on ptolemy.moml.MoMLSimpleApplication@6db7ac7a
----------------- Done invoking toplevel() on ptolemy.moml.MoMLSimpleApplication@6db7ac7a
reloadAllAccessors: .LevelCrossing5

===========================================================================================
[...]
reloadAllAccessors: .ResetTransitionWithStartTime6

===========================================================================================
----------------- testing Thu Apr 04 03:56:07 UTC 2019 /home/travis/build/icyphy/ptII/ptolemy/domains/continuous/test/auto/SRinContinuous.xml
----------------- Instantiating /home/travis/build/icyphy/ptII/ptolemy/domains/continuous/test/auto/SRinContinuous.xml
6 ms. Memory: 476160K Free: 259757K (55%)
----------------- Invoking toplevel() on ptolemy.moml.MoMLSimpleApplication@2035b03
----------------- Done invoking toplevel() on ptolemy.moml.MoMLSimpleApplication@2035b03
reloadAllAccessors: .SRinContinuous

===========================================================================================
----------------- testing Thu Apr 04 03:56:07 UTC 2019 /home/travis/build/icyphy/ptII/ptolemy/domains/continuous/test/auto/SampledClocks.xml
----------------- Instantiating /home/travis/build/icyphy/ptII/ptolemy/domains/continuous/test/auto/SampledClocks.xml
5 ms. Memory: 476160K Free: 243000K (51%)
----------------- Invoking toplevel() on ptolemy.moml.MoMLSimpleApplication@36fc01d9
----------------- Done invoking toplevel() on ptolemy.moml.MoMLSimpleApplication@36fc01d9
reloadAllAccessors: .SampledClocks

===========================================================================================
----------------- testing Thu Apr 04 03:56:07 UTC 2019 /home/travis/build/icyphy/ptII/ptolemy/domains/continuous/test/auto/Satellite.xml
----------------- Instantiating /home/travis/build/icyphy/ptII/ptolemy/domains/continuous/test/auto/Satellite.xml
816 ms. Memory: 476160K Free: 56770K (12%)
----------------- Invoking toplevel() on ptolemy.moml.MoMLSimpleApplication@2d6ed2b2
----------------- Done invoking toplevel() on ptolemy.moml.MoMLSimpleApplication@2d6ed2b2
reloadAllAccessors: .Satellite

===========================================================================================
----------------- testing Thu Apr 04 03:56:08 UTC 2019 /home/travis/build/icyphy/ptII/ptolemy/domains/continuous/test/auto/SigmaDelta.xml
----------------- Instantiating /home/travis/build/icyphy/ptII/ptolemy/domains/continuous/test/auto/SigmaDelta.xml
2169 ms. Memory: 578560K Free: 181283K (31%)
----------------- Invoking toplevel() on ptolemy.moml.MoMLSimpleApplication@19ac6f71
----------------- Done invoking toplevel() on ptolemy.moml.MoMLSimpleApplication@19ac6f71
reloadAllAccessors: .SigmaDelta

===========================================================================================
----------------- testing Thu Apr 04 03:56:11 UTC 2019 /home/travis/build/icyphy/ptII/ptolemy/domains/continuous/test/auto/SingleRefinement.xml
----------------- Instantiating /home/travis/build/icyphy/ptII/ptolemy/domains/continuous/test/auto/SingleRefinement.xml
319 ms. Memory: 702976K Free: 606951K (86%)
----------------- Invoking toplevel() on ptolemy.moml.MoMLSimpleApplication@5767c7f8
----------------- Done invoking toplevel() on ptolemy.moml.MoMLSimpleApplication@5767c7f8
reloadAllAccessors: .SingleRefinement

===========================================================================================
----------------- testing Thu Apr 04 03:56:11 UTC 2019 /home/travis/build/icyphy/ptII/ptolemy/domains/continuous/test/auto/SinuBouncingBall.xml
----------------- Instantiating /home/travis/build/icyphy/ptII/ptolemy/domains/continuous/test/auto/SinuBouncingBall.xml
753 ms. Memory: 702976K Free: 376813K (54%)
----------------- Invoking toplevel() on ptolemy.moml.MoMLSimpleApplication@117217c
----------------- Done invoking toplevel() on ptolemy.moml.MoMLSimpleApplication@117217c
reloadAllAccessors: .SinuBouncingBall

===========================================================================================
----------------- testing Thu Apr 04 03:56:12 UTC 2019 /home/travis/build/icyphy/ptII/ptolemy/domains/continuous/test/auto/Sinusoid.xml
----------------- Instantiating /home/travis/build/icyphy/ptII/ptolemy/domains/continuous/test/auto/Sinusoid.xml
7 ms. Memory: 702976K Free: 367597K (52%)
----------------- Invoking toplevel() on ptolemy.moml.MoMLSimpleApplication@309f032c
----------------- Done invoking toplevel() on ptolemy.moml.MoMLSimpleApplication@309f032c
reloadAllAccessors: .Sinusoid

===========================================================================================
----------------- testing Thu Apr 04 03:56:12 UTC 2019 /home/travis/build/icyphy/ptII/ptolemy/domains/continuous/test/auto/SinusoidInNoise.xml
----------------- Instantiating /home/travis/build/icyphy/ptII/ptolemy/domains/continuous/test/auto/SinusoidInNoise.xml
888 ms. Memory: 702976K Free: 165335K (24%)
----------------- Invoking toplevel() on ptolemy.moml.MoMLSimpleApplication@432248d7
----------------- Done invoking toplevel() on ptolemy.moml.MoMLSimpleApplication@432248d7
reloadAllAccessors: .SinusoidInNoise

===========================================================================================
----------------- testing Thu Apr 04 03:56:13 UTC 2019 /home/travis/build/icyphy/ptII/ptolemy/domains/continuous/test/auto/SinusoidRK45.xml
----------------- Instantiating /home/travis/build/icyphy/ptII/ptolemy/domains/continuous/test/auto/SinusoidRK45.xml
2 ms. Memory: 702976K Free: 156127K (22%)
----------------- Invoking toplevel() on ptolemy.moml.MoMLSimpleApplication@e15d80e
----------------- Done invoking toplevel() on ptolemy.moml.MoMLSimpleApplication@e15d80e
reloadAllAccessors: .SinusoidRK45

===========================================================================================
----------------- testing Thu Apr 04 03:56:13 UTC 2019 /home/travis/build/icyphy/ptII/ptolemy/domains/continuous/test/auto/SinusoidWithMultipleImpulses.xml
----------------- Instantiating /home/travis/build/icyphy/ptII/ptolemy/domains/continuous/test/auto/SinusoidWithMultipleImpulses.xml
3 ms. Memory: 702976K Free: 147042K (21%)
----------------- Invoking toplevel() on ptolemy.moml.MoMLSimpleApplication@487bd7f6
----------------- Done invoking toplevel() on ptolemy.moml.MoMLSimpleApplication@487bd7f6
reloadAllAccessors: .SinusoidWithMultipleImpulses

===========================================================================================
----------------- testing Thu Apr 04 03:56:13 UTC 2019 /home/travis/build/icyphy/ptII/ptolemy/domains/continuous/test/auto/SquareWave.xml
----------------- Instantiating /home/travis/build/icyphy/ptII/ptolemy/domains/continuous/test/auto/SquareWave.xml
146 ms. Memory: 702976K Free: 109057K (16%)
----------------- Invoking toplevel() on ptolemy.moml.MoMLSimpleApplication@66d50a3a
----------------- Done invoking toplevel() on ptolemy.moml.MoMLSimpleApplication@66d50a3a
reloadAllAccessors: .SquareWave

===========================================================================================
----------------- testing Thu Apr 04 03:56:13 UTC 2019 /home/travis/build/icyphy/ptII/ptolemy/domains/continuous/test/auto/Starmac.xml
----------------- Instantiating /home/travis/build/icyphy/ptII/ptolemy/domains/continuous/test/auto/Starmac.xml
3068 ms. Memory: 855040K Free: 506445K (59%)
----------------- Invoking toplevel() on ptolemy.moml.MoMLSimpleApplication@32e3020e
----------------- Done invoking toplevel() on ptolemy.moml.MoMLSimpleApplication@32e3020e
reloadAllAccessors: .Starmac

===========================================================================================
----------------- testing Thu Apr 04 03:56:16 UTC 2019 /home/travis/build/icyphy/ptII/ptolemy/domains/continuous/test/auto/StaticUnits.xml
----------------- Instantiating /home/travis/build/icyphy/ptII/ptolemy/domains/continuous/test/auto/StaticUnits.xml
2154 ms. Memory: 855040K Free: 34515K (4%)
----------------- Invoking toplevel() on ptolemy.moml.MoMLSimpleApplication@12e82975
----------------- Done invoking toplevel() on ptolemy.moml.MoMLSimpleApplication@12e82975
reloadAllAccessors: .StaticUnits

===========================================================================================
----------------- testing Thu Apr 04 03:56:19 UTC 2019 /home/travis/build/icyphy/ptII/ptolemy/domains/continuous/test/auto/StickyMasses.xml
----------------- Instantiating /home/travis/build/icyphy/ptII/ptolemy/domains/continuous/test/auto/StickyMasses.xml
125 ms. Memory: 817664K Free: 711138K (87%)
----------------- Invoking toplevel() on ptolemy.moml.MoMLSimpleApplication@64f6a564
----------------- Done invoking toplevel() on ptolemy.moml.MoMLSimpleApplication@64f6a564
reloadAllAccessors: .StickyMasses

===========================================================================================
----------------- testing Thu Apr 04 03:56:19 UTC 2019 /home/travis/build/icyphy/ptII/ptolemy/domains/continuous/test/auto/StopTime.xml
----------------- Instantiating /home/travis/build/icyphy/ptII/ptolemy/domains/continuous/test/auto/StopTime.xml
38 ms. Memory: 817664K Free: 680775K (83%)
----------------- Invoking toplevel() on ptolemy.moml.MoMLSimpleApplication@2915ca10
----------------- Done invoking toplevel() on ptolemy.moml.MoMLSimpleApplication@2915ca10
reloadAllAccessors: .StopTime

===========================================================================================
----------------- testing Thu Apr 04 03:56:19 UTC 2019 /home/travis/build/icyphy/ptII/ptolemy/domains/continuous/test/auto/StopTime2.xml
----------------- Instantiating /home/travis/build/icyphy/ptII/ptolemy/domains/continuous/test/auto/StopTime2.xml
32 ms. Memory: 817664K Free: 655409K (80%)
----------------- Invoking toplevel() on ptolemy.moml.MoMLSimpleApplication@4f2ac92b
----------------- Done invoking toplevel() on ptolemy.moml.MoMLSimpleApplication@4f2ac92b
reloadAllAccessors: .StopTime2

===========================================================================================
----------------- testing Thu Apr 04 03:56:19 UTC 2019 /home/travis/build/icyphy/ptII/ptolemy/domains/continuous/test/auto/Switch.xml
----------------- Instantiating /home/travis/build/icyphy/ptII/ptolemy/domains/continuous/test/auto/Switch.xml
48 ms. Memory: 817664K Free: 620234K (76%)
----------------- Invoking toplevel() on ptolemy.moml.MoMLSimpleApplication@2712ad6c
----------------- Done invoking toplevel() on ptolemy.moml.MoMLSimpleApplication@2712ad6c
reloadAllAccessors: .Switch

===========================================================================================
----------------- testing Thu Apr 04 03:56:19 UTC 2019 /home/travis/build/icyphy/ptII/ptolemy/domains/continuous/test/auto/Thermostat.xml
----------------- Instantiating /home/travis/build/icyphy/ptII/ptolemy/domains/continuous/test/auto/Thermostat.xml
179 ms. Memory: 817664K Free: 540967K (66%)
----------------- Invoking toplevel() on ptolemy.moml.MoMLSimpleApplication@60e325db
----------------- Done invoking toplevel() on ptolemy.moml.MoMLSimpleApplication@60e325db
reloadAllAccessors: .Thermostat

===========================================================================================
----------------- testing Thu Apr 04 03:56:20 UTC 2019 /home/travis/build/icyphy/ptII/ptolemy/domains/continuous/test/auto/TimeDelay.xml
----------------- Instantiating /home/travis/build/icyphy/ptII/ptolemy/domains/continuous/test/auto/TimeDelay.xml
5 ms. Memory: 817664K Free: 530196K (65%)
----------------- Invoking toplevel() on ptolemy.moml.MoMLSimpleApplication@6232e62e
----------------- Done invoking toplevel() on ptolemy.moml.MoMLSimpleApplication@6232e62e
reloadAllAccessors: .TimeDelay

===========================================================================================
----------------- testing Thu Apr 04 03:56:20 UTC 2019 /home/travis/build/icyphy/ptII/ptolemy/domains/continuous/test/auto/TimeDelay2.xml
----------------- Instantiating /home/travis/build/icyphy/ptII/ptolemy/domains/continuous/test/auto/TimeDelay2.xml
8 ms. Memory: 817664K Free: 519535K (64%)
----------------- Invoking toplevel() on ptolemy.moml.MoMLSimpleApplication@577929ad
----------------- Done invoking toplevel() on ptolemy.moml.MoMLSimpleApplication@577929ad
reloadAllAccessors: .TimeDelay2

===========================================================================================
----------------- testing Thu Apr 04 03:56:20 UTC 2019 /home/travis/build/icyphy/ptII/ptolemy/domains/continuous/test/auto/TimeDelay3.xml
----------------- Instantiating /home/travis/build/icyphy/ptII/ptolemy/domains/continuous/test/auto/TimeDelay3.xml
6 ms. Memory: 817664K Free: 508874K (62%)
----------------- Invoking toplevel() on ptolemy.moml.MoMLSimpleApplication@3e8ddaca
----------------- Done invoking toplevel() on ptolemy.moml.MoMLSimpleApplication@3e8ddaca
reloadAllAccessors: .TimeDelay3

===========================================================================================
----------------- testing Thu Apr 04 03:56:20 UTC 2019 /home/travis/build/icyphy/ptII/ptolemy/domains/continuous/test/auto/TransferAbsentToInside.xml
----------------- Instantiating /home/travis/build/icyphy/ptII/ptolemy/domains/continuous/test/auto/TransferAbsentToInside.xml
27 ms. Memory: 817664K Free: 449100K (55%)
----------------- Invoking toplevel() on ptolemy.moml.MoMLSimpleApplication@570e3562
----------------- Done invoking toplevel() on ptolemy.moml.MoMLSimpleApplication@570e3562
reloadAllAccessors: .TransferAbsentToInside

===========================================================================================
----------------- testing Thu Apr 04 03:56:20 UTC 2019 /home/travis/build/icyphy/ptII/ptolemy/domains/continuous/test/auto/Transmission.xml
----------------- Instantiating /home/travis/build/icyphy/ptII/ptolemy/domains/continuous/test/auto/Transmission.xml
721 ms. Memory: 817664K Free: 208219K (25%)
----------------- Invoking toplevel() on ptolemy.moml.MoMLSimpleApplication@3c9533a6
----------------- Done invoking toplevel() on ptolemy.moml.MoMLSimpleApplication@3c9533a6
reloadAllAccessors: .Transmission

===========================================================================================
----------------- testing Thu Apr 04 03:56:21 UTC 2019 /home/travis/build/icyphy/ptII/ptolemy/domains/continuous/test/auto/TriggeredContinuousClock.xml
----------------- Instantiating /home/travis/build/icyphy/ptII/ptolemy/domains/continuous/test/auto/TriggeredContinuousClock.xml
44 ms. Memory: 817664K Free: 173069K (21%)
----------------- Invoking toplevel() on ptolemy.moml.MoMLSimpleApplication@6d8810db
----------------- Done invoking toplevel() on ptolemy.moml.MoMLSimpleApplication@6d8810db
reloadAllAccessors: .TriggeredContinuousClock

===========================================================================================
----------------- testing Thu Apr 04 03:56:21 UTC 2019 /home/travis/build/icyphy/ptII/ptolemy/domains/continuous/test/auto/TwoMachineInfiniteBusControl.xml
----------------- Instantiating /home/travis/build/icyphy/ptII/ptolemy/domains/continuous/test/auto/TwoMachineInfiniteBusControl.xml
2902 ms. Memory: 781824K Free: 299855K (38%)
----------------- Invoking toplevel() on ptolemy.moml.MoMLSimpleApplication@205a89a1
----------------- Done invoking toplevel() on ptolemy.moml.MoMLSimpleApplication@205a89a1
reloadAllAccessors: .TwoMachineInfiniteBusControl

===========================================================================================
----------------- testing Thu Apr 04 03:56:24 UTC 2019 /home/travis/build/icyphy/ptII/ptolemy/domains/continuous/test/auto/V2V.xml
----------------- Instantiating /home/travis/build/icyphy/ptII/ptolemy/domains/continuous/test/auto/V2V.xml
617 ms. Memory: 781824K Free: 104759K (13%)
----------------- Invoking toplevel() on ptolemy.moml.MoMLSimpleApplication@2362c1e7
----------------- Done invoking toplevel() on ptolemy.moml.MoMLSimpleApplication@2362c1e7
reloadAllAccessors: .V2V

===========================================================================================
----------------- testing Thu Apr 04 03:56:24 UTC 2019 /home/travis/build/icyphy/ptII/ptolemy/domains/continuous/test/auto/hierarchicalModalModel.xml
----------------- Instantiating /home/travis/build/icyphy/ptII/ptolemy/domains/continuous/test/auto/hierarchicalModalModel.xml
8 ms. Memory: 781824K Free: 85168K (11%)
----------------- Invoking toplevel() on ptolemy.moml.MoMLSimpleApplication@41644265
----------------- Done invoking toplevel() on ptolemy.moml.MoMLSimpleApplication@41644265
reloadAllAccessors: .hierarchicalModalModel

===========================================================================================
----------------- testing Thu Apr 04 03:56:24 UTC 2019 /home/travis/build/icyphy/ptII/ptolemy/domains/continuous/test/auto/hierarchicalModalModel1.xml
----------------- Instantiating /home/travis/build/icyphy/ptII/ptolemy/domains/continuous/test/auto/hierarchicalModalModel1.xml
8 ms. Memory: 781824K Free: 65578K (8%)
----------------- Invoking toplevel() on ptolemy.moml.MoMLSimpleApplication@690c058c
----------------- Done invoking toplevel() on ptolemy.moml.MoMLSimpleApplication@690c058c
reloadAllAccessors: .hierarchicalModalModel1

===========================================================================================
----------------- testing Thu Apr 04 03:56:24 UTC 2019 /home/travis/build/icyphy/ptII/ptolemy/domains/continuous/test/auto/hierarchicalModalModel2.xml
----------------- Instantiating /home/travis/build/icyphy/ptII/ptolemy/domains/continuous/test/auto/hierarchicalModalModel2.xml
6 ms. Memory: 781824K Free: 45979K (6%)
----------------- Invoking toplevel() on ptolemy.moml.MoMLSimpleApplication@323f890c
----------------- Done invoking toplevel() on ptolemy.moml.MoMLSimpleApplication@323f890c
reloadAllAccessors: .hierarchicalModalModel2

===========================================================================================
----------------- testing Thu Apr 04 03:56:24 UTC 2019 /home/travis/build/icyphy/ptII/ptolemy/domains/continuous/test/auto/hierarchicalModalModel3.xml
----------------- Instantiating /home/travis/build/icyphy/ptII/ptolemy/domains/continuous/test/auto/hierarchicalModalModel3.xml
5 ms. Memory: 781824K Free: 31175K (4%)
----------------- Invoking toplevel() on ptolemy.moml.MoMLSimpleApplication@7b902703
----------------- Done invoking toplevel() on ptolemy.moml.MoMLSimpleApplication@7b902703
reloadAllAccessors: .hierarchicalModalModel3

===========================================================================================
----------------- testing Thu Apr 04 03:56:24 UTC 2019 /home/travis/build/icyphy/ptII/ptolemy/domains/continuous/test/auto/hierarchicalModalModel4.xml
----------------- Instantiating /home/travis/build/icyphy/ptII/ptolemy/domains/continuous/test/auto/hierarchicalModalModel4.xml
18 ms. Memory: 747008K Free: 673167K (90%)
----------------- Invoking toplevel() on ptolemy.moml.MoMLSimpleApplication@143289bb
----------------- Done invoking toplevel() on ptolemy.moml.MoMLSimpleApplication@143289bb
reloadAllAccessors: .hierarchicalModalModel4

===========================================================================================
----------------- testing Thu Apr 04 03:56:25 UTC 2019 /home/travis/build/icyphy/ptII/ptolemy/domains/continuous/test/auto/junk.xml
----------------- Instantiating /home/travis/build/icyphy/ptII/ptolemy/domains/continuous/test/auto/junk.xml
138 ms. Memory: 747008K Free: 636621K (85%)
----------------- Invoking toplevel() on ptolemy.moml.MoMLSimpleApplication@31dea5c1
----------------- Done invoking toplevel() on ptolemy.moml.MoMLSimpleApplication@31dea5c1
reloadAllAccessors: .junk
AutoTests.java: About to close Vertx.
AutoTests.java: Vertx closed.
]]></system-out>
  <system-err><![CDATA[Warning: '.HysteresisWithRandomDelay.NonStrictTest3' The test produced only 27 tokens, yet the correctValues parameter was expecting 30 tokens.
Warning: '.Poisson.NonStrictTest' The test produced only 389 tokens, yet the correctValues parameter was expecting 430 tokens.
]]></system-err>
</testsuite>
