<?xml version="1.0" encoding="UTF-8" ?>
<testsuite errors="0" failures="0" hostname="travis-job-2802045b-6450-4e9f-bac8-28fdb175577a" name="ptolemy.domains.de.test.junit.JUnitTclTest" skipped="0" tests="101" time="131.275" timestamp="2018-06-10T01:19:15">
  <properties>
[...]
</properties>
  <testcase classname="ptolemy.util.test.junit.TclTests" name="[0] /home/travis/build/icyphy/ptII/ptolemy/domains/de/test/DependencyLoop.tcl (RunTclFile)" time="0.863" />
  <testcase classname="ptolemy.util.test.junit.TclTests" name="[1] /home/travis/build/icyphy/ptII/ptolemy/domains/de/test/RunDETestsAsQSS.tcl (RunTclFile)" time="90.516" />
  <testcase classname="ptolemy.util.test.junit.AutoKnownFailedTests" name="[0] /home/travis/build/icyphy/ptII/ptolemy/domains/de/test/auto/knownFailedTests/DESDFClockTest.xml (RunModel)" time="2.024" />
  <testcase classname="ptolemy.util.test.junit.AutoKnownFailedTests" name="[1] /home/travis/build/icyphy/ptII/ptolemy/domains/de/test/auto/knownFailedTests/DirectFeedback.xml (RunModel)" time="0.009" />
  <testcase classname="ptolemy.util.test.junit.AutoKnownFailedTests" name="[2] /home/travis/build/icyphy/ptII/ptolemy/domains/de/test/auto/knownFailedTests/FSMSource.xml (RunModel)" time="0.021" />
  <testcase classname="ptolemy.util.test.junit.AutoKnownFailedTests" name="[3] /home/travis/build/icyphy/ptII/ptolemy/domains/de/test/auto/knownFailedTests/HierarchicalModel.xml (RunModel)" time="0.035" />
  <testcase classname="ptolemy.util.test.junit.AutoKnownFailedTests" name="[4] /home/travis/build/icyphy/ptII/ptolemy/domains/de/test/auto/knownFailedTests/dependencyLoop.xml (RunModel)" time="0.026" />
  <testcase classname="ptolemy.util.test.junit.AutoKnownFailedTests" name="[5] /home/travis/build/icyphy/ptII/ptolemy/domains/de/test/auto/knownFailedTests/dependencyLoop2.xml (RunModel)" time="0.028" />
  <testcase classname="ptolemy.util.test.junit.AutoNameArchTests" name="[0] ThereAreNoAutoArchTests (RunModel)" time="0.0" />
  <testcase classname="ptolemy.util.test.junit.AutoTests" name="[0] /home/travis/build/icyphy/ptII/ptolemy/domains/de/test/auto/ActorDepthCalculation_actorWithoutPorts.xml (RunModel)" time="0.015" />
  <testcase classname="ptolemy.util.test.junit.AutoTests" name="[1] /home/travis/build/icyphy/ptII/ptolemy/domains/de/test/auto/AssemblyLine.xml (RunModel)" time="0.011" />
  <testcase classname="ptolemy.util.test.junit.AutoTests" name="[2] /home/travis/build/icyphy/ptII/ptolemy/domains/de/test/auto/CQBug1.xml (RunModel)" time="0.005" />
  <testcase classname="ptolemy.util.test.junit.AutoTests" name="[3] /home/travis/build/icyphy/ptII/ptolemy/domains/de/test/auto/CancelFireAt.xml (RunModel)" time="0.004" />
  <testcase classname="ptolemy.util.test.junit.AutoTests" name="[4] /home/travis/build/icyphy/ptII/ptolemy/domains/de/test/auto/CausalityAndComposabilityAnalysis.xml (RunModel)" time="0.009" />
  <testcase classname="ptolemy.util.test.junit.AutoTests" name="[5] /home/travis/build/icyphy/ptII/ptolemy/domains/de/test/auto/CausalityInterface1.xml (RunModel)" time="0.013" />
  <testcase classname="ptolemy.util.test.junit.AutoTests" name="[6] /home/travis/build/icyphy/ptII/ptolemy/domains/de/test/auto/CausalityInterface15.xml (RunModel)" time="0.008" />
  <testcase classname="ptolemy.util.test.junit.AutoTests" name="[7] /home/travis/build/icyphy/ptII/ptolemy/domains/de/test/auto/CausalityInterface2.xml (RunModel)" time="0.007" />
  <testcase classname="ptolemy.util.test.junit.AutoTests" name="[8] /home/travis/build/icyphy/ptII/ptolemy/domains/de/test/auto/CausalityInterface3.xml (RunModel)" time="0.008" />
  <testcase classname="ptolemy.util.test.junit.AutoTests" name="[9] /home/travis/build/icyphy/ptII/ptolemy/domains/de/test/auto/ClockDrift.xml (RunModel)" time="0.023" />
  <testcase classname="ptolemy.util.test.junit.AutoTests" name="[10] /home/travis/build/icyphy/ptII/ptolemy/domains/de/test/auto/ClockDriftAndValueChange.xml (RunModel)" time="0.022" />
  <testcase classname="ptolemy.util.test.junit.AutoTests" name="[11] /home/travis/build/icyphy/ptII/ptolemy/domains/de/test/auto/ClockDriftChange.xml (RunModel)" time="0.018" />
  <testcase classname="ptolemy.util.test.junit.AutoTests" name="[12] /home/travis/build/icyphy/ptII/ptolemy/domains/de/test/auto/ComposableCausalityAnalysis.xml (RunModel)" time="0.013" />
  <testcase classname="ptolemy.util.test.junit.AutoTests" name="[13] /home/travis/build/icyphy/ptII/ptolemy/domains/de/test/auto/DEFixedPointLimitation.xml (RunModel)" time="0.006" />
  <testcase classname="ptolemy.util.test.junit.AutoTests" name="[14] /home/travis/build/icyphy/ptII/ptolemy/domains/de/test/auto/DEScheduleTest.xml (RunModel)" time="0.008" />
  <testcase classname="ptolemy.util.test.junit.AutoTests" name="[15] /home/travis/build/icyphy/ptII/ptolemy/domains/de/test/auto/DEinDEwithStartTimes.xml (RunModel)" time="0.008" />
  <testcase classname="ptolemy.util.test.junit.AutoTests" name="[16] /home/travis/build/icyphy/ptII/ptolemy/domains/de/test/auto/DEinDEwithStartTimes2.xml (RunModel)" time="0.009" />
  <testcase classname="ptolemy.util.test.junit.AutoTests" name="[17] /home/travis/build/icyphy/ptII/ptolemy/domains/de/test/auto/DateDemo.xml (RunModel)" time="0.019" />
  <testcase classname="ptolemy.util.test.junit.AutoTests" name="[18] /home/travis/build/icyphy/ptII/ptolemy/domains/de/test/auto/DateToEvent.xml (RunModel)" time="2.03" />
  <testcase classname="ptolemy.util.test.junit.AutoTests" name="[19] /home/travis/build/icyphy/ptII/ptolemy/domains/de/test/auto/DepthTest1.xml (RunModel)" time="0.007" />
  <testcase classname="ptolemy.util.test.junit.AutoTests" name="[20] /home/travis/build/icyphy/ptII/ptolemy/domains/de/test/auto/DepthTest2.xml (RunModel)" time="0.016" />
  <testcase classname="ptolemy.util.test.junit.AutoTests" name="[21] /home/travis/build/icyphy/ptII/ptolemy/domains/de/test/auto/DepthTest3.xml (RunModel)" time="0.006" />
  <testcase classname="ptolemy.util.test.junit.AutoTests" name="[22] /home/travis/build/icyphy/ptII/ptolemy/domains/de/test/auto/DepthTest4.xml (RunModel)" time="0.008" />
  <testcase classname="ptolemy.util.test.junit.AutoTests" name="[23] /home/travis/build/icyphy/ptII/ptolemy/domains/de/test/auto/DepthTest5.xml (RunModel)" time="0.009" />
  <testcase classname="ptolemy.util.test.junit.AutoTests" name="[24] /home/travis/build/icyphy/ptII/ptolemy/domains/de/test/auto/DepthTest6.xml (RunModel)" time="0.009" />
  <testcase classname="ptolemy.util.test.junit.AutoTests" name="[25] /home/travis/build/icyphy/ptII/ptolemy/domains/de/test/auto/DepthTest7.xml (RunModel)" time="0.008" />
  <testcase classname="ptolemy.util.test.junit.AutoTests" name="[26] /home/travis/build/icyphy/ptII/ptolemy/domains/de/test/auto/EventToDate.xml (RunModel)" time="3.024" />
  <testcase classname="ptolemy.util.test.junit.AutoTests" name="[27] /home/travis/build/icyphy/ptII/ptolemy/domains/de/test/auto/FSM1.xml (RunModel)" time="0.033" />
  <testcase classname="ptolemy.util.test.junit.AutoTests" name="[28] /home/travis/build/icyphy/ptII/ptolemy/domains/de/test/auto/FSM7.xml (RunModel)" time="0.028" />
  <testcase classname="ptolemy.util.test.junit.AutoTests" name="[29] /home/travis/build/icyphy/ptII/ptolemy/domains/de/test/auto/Inspection.xml (RunModel)" time="0.031" />
  <testcase classname="ptolemy.util.test.junit.AutoTests" name="[30] /home/travis/build/icyphy/ptII/ptolemy/domains/de/test/auto/Iteration.xml (RunModel)" time="0.016" />
  <testcase classname="ptolemy.util.test.junit.AutoTests" name="[31] /home/travis/build/icyphy/ptII/ptolemy/domains/de/test/auto/LineFault.xml (RunModel)" time="0.388" />
  <testcase classname="ptolemy.util.test.junit.AutoTests" name="[32] /home/travis/build/icyphy/ptII/ptolemy/domains/de/test/auto/MergeModel1Add.xml (RunModel)" time="0.03" />
  <testcase classname="ptolemy.util.test.junit.AutoTests" name="[33] /home/travis/build/icyphy/ptII/ptolemy/domains/de/test/auto/MergeModel2Add.xml (RunModel)" time="0.024" />
  <testcase classname="ptolemy.util.test.junit.AutoTests" name="[34] /home/travis/build/icyphy/ptII/ptolemy/domains/de/test/auto/MergeModel3Add.xml (RunModel)" time="0.024" />
  <testcase classname="ptolemy.util.test.junit.AutoTests" name="[35] /home/travis/build/icyphy/ptII/ptolemy/domains/de/test/auto/MergeWithoutDiscard.xml (RunModel)" time="0.008" />
  <testcase classname="ptolemy.util.test.junit.AutoTests" name="[36] /home/travis/build/icyphy/ptII/ptolemy/domains/de/test/auto/Modal1.xml (RunModel)" time="0.036" />
  <testcase classname="ptolemy.util.test.junit.AutoTests" name="[37] /home/travis/build/icyphy/ptII/ptolemy/domains/de/test/auto/Modal2.xml (RunModel)" time="0.02" />
  <testcase classname="ptolemy.util.test.junit.AutoTests" name="[38] /home/travis/build/icyphy/ptII/ptolemy/domains/de/test/auto/Modal3.xml (RunModel)" time="0.021" />
  <testcase classname="ptolemy.util.test.junit.AutoTests" name="[39] /home/travis/build/icyphy/ptII/ptolemy/domains/de/test/auto/Modal4.xml (RunModel)" time="0.024" />
  <testcase classname="ptolemy.util.test.junit.AutoTests" name="[40] /home/travis/build/icyphy/ptII/ptolemy/domains/de/test/auto/Modal5.xml (RunModel)" time="0.021" />
  <testcase classname="ptolemy.util.test.junit.AutoTests" name="[41] /home/travis/build/icyphy/ptII/ptolemy/domains/de/test/auto/Modal6.xml (RunModel)" time="0.021" />
  <testcase classname="ptolemy.util.test.junit.AutoTests" name="[42] /home/travis/build/icyphy/ptII/ptolemy/domains/de/test/auto/Modal7.xml (RunModel)" time="0.022" />
  <testcase classname="ptolemy.util.test.junit.AutoTests" name="[43] /home/travis/build/icyphy/ptII/ptolemy/domains/de/test/auto/ModalModel.xml (RunModel)" time="0.123" />
  <testcase classname="ptolemy.util.test.junit.AutoTests" name="[44] /home/travis/build/icyphy/ptII/ptolemy/domains/de/test/auto/ModalSource.xml (RunModel)" time="0.013" />
  <testcase classname="ptolemy.util.test.junit.AutoTests" name="[45] /home/travis/build/icyphy/ptII/ptolemy/domains/de/test/auto/NonInterruptibleTimerZeroDelay.xml (RunModel)" time="0.006" />
  <testcase classname="ptolemy.util.test.junit.AutoTests" name="[46] /home/travis/build/icyphy/ptII/ptolemy/domains/de/test/auto/OpenQueueingNetwork.xml (RunModel)" time="2.048" />
  <testcase classname="ptolemy.util.test.junit.AutoTests" name="[47] /home/travis/build/icyphy/ptII/ptolemy/domains/de/test/auto/OpenQueuingNetwork.xml (RunModel)" time="0.3" />
  <testcase classname="ptolemy.util.test.junit.AutoTests" name="[48] /home/travis/build/icyphy/ptII/ptolemy/domains/de/test/auto/PeriodicSampler.xml (RunModel)" time="0.013" />
  <testcase classname="ptolemy.util.test.junit.AutoTests" name="[49] /home/travis/build/icyphy/ptII/ptolemy/domains/de/test/auto/PersistentIO.xml (RunModel)" time="0.03" />
  <testcase classname="ptolemy.util.test.junit.AutoTests" name="[50] /home/travis/build/icyphy/ptII/ptolemy/domains/de/test/auto/PortParameterResetOnInitialize.xml (RunModel)" time="0.017" />
  <testcase classname="ptolemy.util.test.junit.AutoTests" name="[51] /home/travis/build/icyphy/ptII/ptolemy/domains/de/test/auto/PortParameterUpdates.xml (RunModel)" time="0.016" />
  <testcase classname="ptolemy.util.test.junit.AutoTests" name="[52] /home/travis/build/icyphy/ptII/ptolemy/domains/de/test/auto/QueueAndServer.xml (RunModel)" time="0.021" />
  <testcase classname="ptolemy.util.test.junit.AutoTests" name="[53] /home/travis/build/icyphy/ptII/ptolemy/domains/de/test/auto/Records.xml (RunModel)" time="0.019" />
  <testcase classname="ptolemy.util.test.junit.AutoTests" name="[54] /home/travis/build/icyphy/ptII/ptolemy/domains/de/test/auto/ResetTransitionWithStartTime1.xml (RunModel)" time="0.019" />
  <testcase classname="ptolemy.util.test.junit.AutoTests" name="[55] /home/travis/build/icyphy/ptII/ptolemy/domains/de/test/auto/ResetTransitionWithStartTime2.xml (RunModel)" time="0.02" />
  <testcase classname="ptolemy.util.test.junit.AutoTests" name="[56] /home/travis/build/icyphy/ptII/ptolemy/domains/de/test/auto/ResetTransitionWithStartTime3.xml (RunModel)" time="0.019" />
  <testcase classname="ptolemy.util.test.junit.AutoTests" name="[57] /home/travis/build/icyphy/ptII/ptolemy/domains/de/test/auto/ResetTransitionWithStartTime4.xml (RunModel)" time="0.019" />
  <testcase classname="ptolemy.util.test.junit.AutoTests" name="[58] /home/travis/build/icyphy/ptII/ptolemy/domains/de/test/auto/ResettableTimer1.xml (RunModel)" time="0.011" />
  <testcase classname="ptolemy.util.test.junit.AutoTests" name="[59] /home/travis/build/icyphy/ptII/ptolemy/domains/de/test/auto/ResettableTimer2.xml (RunModel)" time="0.01" />
  <testcase classname="ptolemy.util.test.junit.AutoTests" name="[60] /home/travis/build/icyphy/ptII/ptolemy/domains/de/test/auto/ResettableTimer3.xml (RunModel)" time="0.008" />
  <testcase classname="ptolemy.util.test.junit.AutoTests" name="[61] /home/travis/build/icyphy/ptII/ptolemy/domains/de/test/auto/ResettableTimer4.xml (RunModel)" time="0.009" />
  <testcase classname="ptolemy.util.test.junit.AutoTests" name="[62] /home/travis/build/icyphy/ptII/ptolemy/domains/de/test/auto/ResettableTimer5.xml (RunModel)" time="0.011" />
  <testcase classname="ptolemy.util.test.junit.AutoTests" name="[63] /home/travis/build/icyphy/ptII/ptolemy/domains/de/test/auto/ResettableTimer6.xml (RunModel)" time="0.01" />
  <testcase classname="ptolemy.util.test.junit.AutoTests" name="[64] /home/travis/build/icyphy/ptII/ptolemy/domains/de/test/auto/ServerZeroDelay.xml (RunModel)" time="0.009" />
  <testcase classname="ptolemy.util.test.junit.AutoTests" name="[65] /home/travis/build/icyphy/ptII/ptolemy/domains/de/test/auto/SmartSender.xml (RunModel)" time="3.009" />
  <testcase classname="ptolemy.util.test.junit.AutoTests" name="[66] /home/travis/build/icyphy/ptII/ptolemy/domains/de/test/auto/ThreadedComposite.xml (RunModel)" time="0.151" />
  <testcase classname="ptolemy.util.test.junit.AutoTests" name="[67] /home/travis/build/icyphy/ptII/ptolemy/domains/de/test/auto/Time.xml (RunModel)" time="0.45" />
  <testcase classname="ptolemy.util.test.junit.AutoTests" name="[68] /home/travis/build/icyphy/ptII/ptolemy/domains/de/test/auto/TimeDelayZeroDelay.xml (RunModel)" time="0.009" />
  <testcase classname="ptolemy.util.test.junit.AutoTests" name="[69] /home/travis/build/icyphy/ptII/ptolemy/domains/de/test/auto/TimerZeroDelay.xml (RunModel)" time="0.009" />
  <testcase classname="ptolemy.util.test.junit.AutoTests" name="[70] /home/travis/build/icyphy/ptII/ptolemy/domains/de/test/auto/TimingParadox.xml (RunModel)" time="0.358" />
  <testcase classname="ptolemy.util.test.junit.AutoTests" name="[71] /home/travis/build/icyphy/ptII/ptolemy/domains/de/test/auto/TransferInputs.xml (RunModel)" time="0.008" />
  <testcase classname="ptolemy.util.test.junit.AutoTests" name="[72] /home/travis/build/icyphy/ptII/ptolemy/domains/de/test/auto/TransferOutputs2.xml (RunModel)" time="0.014" />
  <testcase classname="ptolemy.util.test.junit.AutoTests" name="[73] /home/travis/build/icyphy/ptII/ptolemy/domains/de/test/auto/Trilateration.xml (RunModel)" time="12.117" />
  <testcase classname="ptolemy.util.test.junit.AutoTests" name="[74] /home/travis/build/icyphy/ptII/ptolemy/domains/de/test/auto/TwoSigmaDelta.xml (RunModel)" time="2.31" />
  <testcase classname="ptolemy.util.test.junit.AutoTests" name="[75] /home/travis/build/icyphy/ptII/ptolemy/domains/de/test/auto/VariableDelay.xml (RunModel)" time="0.012" />
  <testcase classname="ptolemy.util.test.junit.AutoTests" name="[76] /home/travis/build/icyphy/ptII/ptolemy/domains/de/test/auto/VariableDelay2.xml (RunModel)" time="0.01" />
  <testcase classname="ptolemy.util.test.junit.AutoTests" name="[77] /home/travis/build/icyphy/ptII/ptolemy/domains/de/test/auto/VariableDelayZeroDelay.xml (RunModel)" time="0.011" />
  <testcase classname="ptolemy.util.test.junit.AutoTests" name="[78] /home/travis/build/icyphy/ptII/ptolemy/domains/de/test/auto/VariableDelayZeroDelay2.xml (RunModel)" time="0.011" />
  <testcase classname="ptolemy.util.test.junit.AutoTests" name="[79] /home/travis/build/icyphy/ptII/ptolemy/domains/de/test/auto/deInCt.xml (RunModel)" time="0.02" />
  <testcase classname="ptolemy.util.test.junit.AutoTests" name="[80] /home/travis/build/icyphy/ptII/ptolemy/domains/de/test/auto/deInCt2.xml (RunModel)" time="0.021" />
  <testcase classname="ptolemy.util.test.junit.AutoTests" name="[81] /home/travis/build/icyphy/ptII/ptolemy/domains/de/test/auto/dynamicCausalityInterface1.xml (RunModel)" time="0.023" />
  <testcase classname="ptolemy.util.test.junit.AutoTests" name="[82] /home/travis/build/icyphy/ptII/ptolemy/domains/de/test/auto/fsm_de_test.xml (RunModel)" time="0.024" />
  <testcase classname="ptolemy.util.test.junit.AutoTests" name="[83] /home/travis/build/icyphy/ptII/ptolemy/domains/de/test/auto/functionDependencyReconstruction.xml (RunModel)" time="0.033" />
  <testcase classname="ptolemy.util.test.junit.AutoTests" name="[84] /home/travis/build/icyphy/ptII/ptolemy/domains/de/test/auto/multirate.xml (RunModel)" time="0.016" />
  <testcase classname="ptolemy.util.test.junit.AutoTests" name="[85] /home/travis/build/icyphy/ptII/ptolemy/domains/de/test/auto/multirate2.xml (RunModel)" time="0.014" />
  <testcase classname="ptolemy.util.test.junit.AutoTests" name="[86] /home/travis/build/icyphy/ptII/ptolemy/domains/de/test/auto/realtime.xml (RunModel)" time="10.011" />
  <testcase classname="ptolemy.util.test.junit.AutoTests" name="[87] /home/travis/build/icyphy/ptII/ptolemy/domains/de/test/auto/relationGroup.xml (RunModel)" time="0.006" />
  <testcase classname="ptolemy.util.test.junit.AutoTests" name="[88] /home/travis/build/icyphy/ptII/ptolemy/domains/de/test/auto/relationGroup2.xml (RunModel)" time="0.006" />
  <testcase classname="ptolemy.util.test.junit.AutoTests" name="[89] /home/travis/build/icyphy/ptII/ptolemy/domains/de/test/auto/sortWithOpaquePorts.xml (RunModel)" time="0.007" />
  <testcase classname="ptolemy.util.test.junit.AutoTests" name="[90] /home/travis/build/icyphy/ptII/ptolemy/domains/de/test/auto/transferInputsandOutputs.xml (RunModel)" time="0.011" />
  <testcase classname="ptolemy.util.test.junit.AutoTests" name="[91] /home/travis/build/icyphy/ptII/ptolemy/domains/de/test/auto/triggerType.xml (RunModel)" time="0.007" />
  <system-out><![CDATA[/home/travis/build/icyphy/ptII/ptolemy/domains/de/test/DependencyLoop.tcl
testDefs.tcl: setting time out to 9000 seconds at Sun Jun 10 01:19:15 UTC 2018
14 ms. Memory: 116224K Free: 95067K (82%)
6 ms. Memory: 116224K Free: 107600K (93%)
/home/travis/build/icyphy/ptII/ptolemy/domains/de/test/RunDETestsAsQSS.tcl
Run the DE tests using ptolemy.domains.qss.test.QSSDirectorTest, which extends QSSDirector and prints a message in the constructors.
------------------ testing $PTII/ptolemy/domains/de/test/auto/knownFailedTests/dependencyLoop.xml (Known Failure) 
10 ms. Memory: 116224K Free: 104441K (90%)


==== $PTIIhome/travis/build/icyphy/ptII/ptolemy/domains/de/test/../../../../: Auto Automatic test in file $PTII/ptolemy/domains/de/test/auto/knownFailedTests/dependencyLoop.xml
==== Contents of test case:

	    # FIXME: we should use $relativeFilename here, but it
	    # might have backslashes under Windows, which causes no end
	    # of trouble.
	    createAndExecute $file
	    list {}
	
.... Test generated KNOWN error:
    while executing
ptolemy.kernel.util.IllegalActionException: Found a zero delay loop containing .dependencyLoop.original
  in .dependencyLoop and .dependencyLoop.original
	at ptolemy.actor.util.CausalityInterfaceForComposites._computeOutputPortDepth(CausalityInterfaceForComposites.java:759)
	at ptolemy.actor.util.CausalityInterfaceForComposites._computeInputDepth(CausalityInterfaceForComposites.java:696)
	at ptolemy.actor.util.CausalityInterfaceForComposites._computeOutputPortDepth(CausalityInterfaceForComposites.java:765)
	at ptolemy.actor.util.CausalityInterfaceForComposites._computeInputDepth(CausalityInterfaceForComposites.java:696)
	at ptolemy.actor.util.CausalityInterfaceForComposites._computeOutputPortDepth(CausalityInterfaceForComposites.java:765)
	at ptolemy.actor.util.CausalityInterfaceForComposites._computeInputDepth(CausalityInterfaceForComposites.java:696)
	at ptolemy.actor.util.CausalityInterfaceForComposites._computeActorDepth(CausalityInterfaceForComposites.java:532)
	at ptolemy.actor.util.CausalityInterfaceForComposites.checkForCycles(CausalityInterfaceForComposites.java:96)
	at ptolemy.domains.de.kernel.DEDirector.preinitialize(DEDirector.java:1338)
	at ptolemy.actor.CompositeActor.preinitialize(CompositeActor.java:1828)
	at ptolemy.actor.Manager.preinitializeAndResolveTypes(Manager.java:1040)
	at ptolemy.actor.Manager.initialize(Manager.java:710)
	at ptolemy.actor.Manager.execute(Manager.java:356)
	at ptolemy.actor.Manager.run(Manager.java:1263)
	at ptolemy.actor.Manager$PtolemyRunThread.run(Manager.java:1915)

    while executing
ptolemy.kernel.util.IllegalActionException: Found a zero delay loop containing .dependencyLoop.original
  in .dependencyLoop and .dependencyLoop.original
    while executing
"java::new ptolemy.moml.MoMLSimpleApplication $file
"
    (procedure "createAndExecute" line 2)
    invoked from within
"createAndExecute $file"
    ("uplevel" body line 5)
    invoked from within
"uplevel $contents_of_test"
------------------ testing $PTII/ptolemy/domains/de/test/auto/knownFailedTests/DESDFClockTest.xml (Known Failure) 
2065 ms. Memory: 116224K Free: 89629K (77%)


==== $PTIIhome/travis/build/icyphy/ptII/ptolemy/domains/de/test/../../../../: Auto Automatic test in file $PTII/ptolemy/domains/de/test/auto/knownFailedTests/DESDFClockTest.xml
==== Contents of test case:

	    # FIXME: we should use $relativeFilename here, but it
	    # might have backslashes under Windows, which causes no end
	    # of trouble.
	    createAndExecute $file
	    list {}
	
.... Test generated KNOWN error:
    while executing
ptolemy.kernel.util.IllegalActionException: Actor is not ready to fire.  Perhaps UpSample.prefire() returned false? Try debugging the actor by selecting "Listen to Actor".  Also, for SDF check moml for tokenConsumptionRate on input.
  in .DESDFClockTest.Play Bell.Copy1:SDF Director and .DESDFClockTest.Play Bell.UpSample
	at ptolemy.actor.sched.StaticSchedulingDirector.fire(StaticSchedulingDirector.java:227)
	at ptolemy.domains.sdf.kernel.SDFDirector.fire(SDFDirector.java:500)
	at ptolemy.actor.CompositeActor.fire(CompositeActor.java:455)
	at ptolemy.domains.de.kernel.DEDirector._fire(DEDirector.java:1949)
	at ptolemy.domains.de.kernel.DEDirector.fire(DEDirector.java:502)
	at ptolemy.actor.CompositeActor.fire(CompositeActor.java:455)
	at ptolemy.actor.Manager.iterate(Manager.java:851)
	at ptolemy.actor.Manager.execute(Manager.java:369)
	at ptolemy.actor.Manager.run(Manager.java:1263)
	at ptolemy.actor.Manager$PtolemyRunThread.run(Manager.java:1915)

    while executing
ptolemy.kernel.util.IllegalActionException: Actor is not ready to fire.  Perhaps UpSample.prefire() returned false? Try debugging the actor by selecting "Listen to Actor".  Also, for SDF check moml for tokenConsumptionRate on input.
  in .DESDFClockTest.Play Bell.Copy1:SDF Director and .DESDFClockTest.Play Bell.UpSample
    while executing
"java::new ptolemy.moml.MoMLSimpleApplication $file
"
    (procedure "createAndExecute" line 2)
    invoked from within
"createAndExecute $file"
    ("uplevel" body line 5)
    invoked from within
"uplevel $contents_of_test"
------------------ testing $PTII/ptolemy/domains/de/test/auto/knownFailedTests/FSMSource.xml (Known Failure) 
40 ms. Memory: 116224K Free: 111697K (96%)
!!!! Auto was marked as failing, but now passes
------------------ testing $PTII/ptolemy/domains/de/test/auto/knownFailedTests/dependencyLoop2.xml (Known Failure) 
10 ms. Memory: 116224K Free: 94060K (81%)


==== $PTIIhome/travis/build/icyphy/ptII/ptolemy/domains/de/test/../../../../: Auto Automatic test in file $PTII/ptolemy/domains/de/test/auto/knownFailedTests/dependencyLoop2.xml
==== Contents of test case:

	    # FIXME: we should use $relativeFilename here, but it
	    # might have backslashes under Windows, which causes no end
	    # of trouble.
	    createAndExecute $file
	    list {}
	
.... Test generated KNOWN error:
    while executing
ptolemy.kernel.util.IllegalActionException: Found a zero delay loop containing .dependencyLoop2.original
  in .dependencyLoop2 and .dependencyLoop2.original
	at ptolemy.actor.util.CausalityInterfaceForComposites._computeOutputPortDepth(CausalityInterfaceForComposites.java:759)
	at ptolemy.actor.util.CausalityInterfaceForComposites._computeInputDepth(CausalityInterfaceForComposites.java:696)
	at ptolemy.actor.util.CausalityInterfaceForComposites._computeOutputPortDepth(CausalityInterfaceForComposites.java:765)
	at ptolemy.actor.util.CausalityInterfaceForComposites._computeInputDepth(CausalityInterfaceForComposites.java:696)
	at ptolemy.actor.util.CausalityInterfaceForComposites._computeOutputPortDepth(CausalityInterfaceForComposites.java:765)
	at ptolemy.actor.util.CausalityInterfaceForComposites._computeInputDepth(CausalityInterfaceForComposites.java:696)
	at ptolemy.actor.util.CausalityInterfaceForComposites._computeActorDepth(CausalityInterfaceForComposites.java:532)
	at ptolemy.actor.util.CausalityInterfaceForComposites.checkForCycles(CausalityInterfaceForComposites.java:96)
	at ptolemy.domains.de.kernel.DEDirector.preinitialize(DEDirector.java:1338)
	at ptolemy.actor.CompositeActor.preinitialize(CompositeActor.java:1828)
	at ptolemy.actor.Manager.preinitializeAndResolveTypes(Manager.java:1040)
	at ptolemy.actor.Manager.initialize(Manager.java:710)
	at ptolemy.actor.Manager.execute(Manager.java:356)
	at ptolemy.actor.Manager.run(Manager.java:1263)
	at ptolemy.actor.Manager$PtolemyRunThread.run(Manager.java:1915)

    while executing
ptolemy.kernel.util.IllegalActionException: Found a zero delay loop containing .dependencyLoop2.original
  in .dependencyLoop2 and .dependencyLoop2.original
    while executing
"java::new ptolemy.moml.MoMLSimpleApplication $file
"
    (procedure "createAndExecute" line 2)
    invoked from within
"createAndExecute $file"
    ("uplevel" body line 5)
    invoked from within
"uplevel $contents_of_test"
------------------ testing $PTII/ptolemy/domains/de/test/auto/knownFailedTests/HierarchicalModel.xml (Known Failure) 
6 ms. Memory: 146944K Free: 134533K (92%)


==== $PTIIhome/travis/build/icyphy/ptII/ptolemy/domains/de/test/../../../../: Auto Automatic test in file $PTII/ptolemy/domains/de/test/auto/knownFailedTests/HierarchicalModel.xml
==== Contents of test case:

	    # FIXME: we should use $relativeFilename here, but it
	    # might have backslashes under Windows, which causes no end
	    # of trouble.
	    createAndExecute $file
	    list {}
	
.... Test generated KNOWN error:
    while executing
ptolemy.kernel.util.IllegalActionException: Found a zero delay loop containing .HierarchicalModel.A
  in .HierarchicalModel and .HierarchicalModel.A
	at ptolemy.actor.util.CausalityInterfaceForComposites._computeOutputPortDepth(CausalityInterfaceForComposites.java:759)
	at ptolemy.actor.util.CausalityInterfaceForComposites._computeInputDepth(CausalityInterfaceForComposites.java:696)
	at ptolemy.actor.util.CausalityInterfaceForComposites._computeOutputPortDepth(CausalityInterfaceForComposites.java:765)
	at ptolemy.actor.util.CausalityInterfaceForComposites._computeInputDepth(CausalityInterfaceForComposites.java:696)
	at ptolemy.actor.util.CausalityInterfaceForComposites._computeOutputPortDepth(CausalityInterfaceForComposites.java:765)
	at ptolemy.actor.util.CausalityInterfaceForComposites._computeInputDepth(CausalityInterfaceForComposites.java:696)
	at ptolemy.actor.util.CausalityInterfaceForComposites._computeActorDepth(CausalityInterfaceForComposites.java:532)
	at ptolemy.actor.util.CausalityInterfaceForComposites.checkForCycles(CausalityInterfaceForComposites.java:96)
	at ptolemy.domains.de.kernel.DEDirector.preinitialize(DEDirector.java:1338)
	at ptolemy.actor.CompositeActor.preinitialize(CompositeActor.java:1828)
	at ptolemy.actor.Manager.preinitializeAndResolveTypes(Manager.java:1040)
	at ptolemy.actor.Manager.initialize(Manager.java:710)
	at ptolemy.actor.Manager.execute(Manager.java:356)
	at ptolemy.actor.Manager.run(Manager.java:1263)
	at ptolemy.actor.Manager$PtolemyRunThread.run(Manager.java:1915)

    while executing
ptolemy.kernel.util.IllegalActionException: Found a zero delay loop containing .HierarchicalModel.A
  in .HierarchicalModel and .HierarchicalModel.A
    while executing
"java::new ptolemy.moml.MoMLSimpleApplication $file
"
    (procedure "createAndExecute" line 2)
    invoked from within
"createAndExecute $file"
    ("uplevel" body line 5)
    invoked from within
"uplevel $contents_of_test"
------------------ testing $PTII/ptolemy/domains/de/test/auto/knownFailedTests/DirectFeedback.xml (Known Failure) 
14 ms. Memory: 146944K Free: 130573K (89%)


==== $PTIIhome/travis/build/icyphy/ptII/ptolemy/domains/de/test/../../../../: Auto Automatic test in file $PTII/ptolemy/domains/de/test/auto/knownFailedTests/DirectFeedback.xml
==== Contents of test case:

	    # FIXME: we should use $relativeFilename here, but it
	    # might have backslashes under Windows, which causes no end
	    # of trouble.
	    createAndExecute $file
	    list {}
	
.... Test generated KNOWN error:
    while executing
ptolemy.kernel.util.IllegalActionException: Test fails in iteration 1.
Value was: 1.0. Should have been: 2.0
  in .DirectFeedback.Test
	at ptolemy.actor.lib.Test.fire(Test.java:268)
	at ptolemy.domains.de.kernel.DEDirector._fire(DEDirector.java:1949)
	at ptolemy.domains.de.kernel.DEDirector.fire(DEDirector.java:502)
	at ptolemy.actor.CompositeActor.fire(CompositeActor.java:455)
	at ptolemy.actor.Manager.iterate(Manager.java:851)
	at ptolemy.actor.Manager.execute(Manager.java:369)
	at ptolemy.actor.Manager.run(Manager.java:1263)
	at ptolemy.actor.Manager$PtolemyRunThread.run(Manager.java:1915)

    while executing
ptolemy.kernel.util.IllegalActionException: Test fails in iteration 1.
Value was: 1.0. Should have been: 2.0
  in .DirectFeedback.Test
    while executing
"java::new ptolemy.moml.MoMLSimpleApplication $file
"
    (procedure "createAndExecute" line 2)
    invoked from within
"createAndExecute $file"
    ("uplevel" body line 5)
    invoked from within
"uplevel $contents_of_test"
------------------ testing $PTII/ptolemy/domains/de/test/auto/ActorDepthCalculation_actorWithoutPorts.xml
auto.tcl: Setting watchdog for 200 seconds at Sun Jun 10 01:19:18 UTC 2018
11 ms. Memory: 146944K Free: 121768K (83%)
ptolemy.util.test.WatchDog.cancel(): canceling Sun Jun 10 01:19:18 UTC 2018
auto.tcl: Setting watchdog for 200 seconds at Sun Jun 10 01:19:18 UTC 2018
7 ms. Memory: 146944K Free: 120710K (82%)
ptolemy.util.test.WatchDog.cancel(): canceling Sun Jun 10 01:19:18 UTC 2018
------------------ testing $PTII/ptolemy/domains/de/test/auto/AssemblyLine.xml
auto.tcl: Setting watchdog for 200 seconds at Sun Jun 10 01:19:19 UTC 2018
11 ms. Memory: 146944K Free: 127578K (87%)
ptolemy.util.test.WatchDog.cancel(): canceling Sun Jun 10 01:19:19 UTC 2018
auto.tcl: Setting watchdog for 200 seconds at Sun Jun 10 01:19:19 UTC 2018
7 ms. Memory: 146944K Free: 126531K (86%)
ptolemy.util.test.WatchDog.cancel(): canceling Sun Jun 10 01:19:19 UTC 2018
------------------ testing $PTII/ptolemy/domains/de/test/auto/CQBug1.xml
auto.tcl: Setting watchdog for 200 seconds at Sun Jun 10 01:19:19 UTC 2018
2 ms. Memory: 146944K Free: 138324K (94%)
ptolemy.util.test.WatchDog.cancel(): canceling Sun Jun 10 01:19:19 UTC 2018
auto.tcl: Setting watchdog for 200 seconds at Sun Jun 10 01:19:19 UTC 2018
2 ms. Memory: 146944K Free: 138324K (94%)
ptolemy.util.test.WatchDog.cancel(): canceling Sun Jun 10 01:19:19 UTC 2018
------------------ testing $PTII/ptolemy/domains/de/test/auto/CancelFireAt.xml
auto.tcl: Setting watchdog for 200 seconds at Sun Jun 10 01:19:19 UTC 2018
3 ms. Memory: 146944K Free: 140410K (96%)
ptolemy.util.test.WatchDog.cancel(): canceling Sun Jun 10 01:19:19 UTC 2018
auto.tcl: Setting watchdog for 200 seconds at Sun Jun 10 01:19:19 UTC 2018
2 ms. Memory: 146944K Free: 139362K (95%)
ptolemy.util.test.WatchDog.cancel(): canceling Sun Jun 10 01:19:19 UTC 2018
------------------ testing $PTII/ptolemy/domains/de/test/auto/CausalityAndComposabilityAnalysis.xml
auto.tcl: Setting watchdog for 200 seconds at Sun Jun 10 01:19:19 UTC 2018
13 ms. Memory: 146944K Free: 138008K (94%)
ptolemy.util.test.WatchDog.cancel(): canceling Sun Jun 10 01:19:19 UTC 2018
auto.tcl: Setting watchdog for 200 seconds at Sun Jun 10 01:19:19 UTC 2018
13 ms. Memory: 146944K Free: 136961K (93%)
ptolemy.util.test.WatchDog.cancel(): canceling Sun Jun 10 01:19:19 UTC 2018
------------------ testing $PTII/ptolemy/domains/de/test/auto/CausalityInterface1.xml
auto.tcl: Setting watchdog for 200 seconds at Sun Jun 10 01:19:19 UTC 2018
14 ms. Memory: 146944K Free: 136284K (93%)
ptolemy.util.test.WatchDog.cancel(): canceling Sun Jun 10 01:19:20 UTC 2018
auto.tcl: Setting watchdog for 200 seconds at Sun Jun 10 01:19:20 UTC 2018
4 ms. Memory: 146944K Free: 135237K (92%)
ptolemy.util.test.WatchDog.cancel(): canceling Sun Jun 10 01:19:20 UTC 2018
------------------ testing $PTII/ptolemy/domains/de/test/auto/CausalityInterface15.xml
auto.tcl: Setting watchdog for 200 seconds at Sun Jun 10 01:19:20 UTC 2018
11 ms. Memory: 146944K Free: 135227K (92%)
ptolemy.util.test.WatchDog.cancel(): canceling Sun Jun 10 01:19:20 UTC 2018
auto.tcl: Setting watchdog for 200 seconds at Sun Jun 10 01:19:20 UTC 2018
5 ms. Memory: 146944K Free: 134180K (91%)
ptolemy.util.test.WatchDog.cancel(): canceling Sun Jun 10 01:19:20 UTC 2018
------------------ testing $PTII/ptolemy/domains/de/test/auto/CausalityInterface2.xml
auto.tcl: Setting watchdog for 200 seconds at Sun Jun 10 01:19:20 UTC 2018
7 ms. Memory: 146944K Free: 136259K (93%)
ptolemy.util.test.WatchDog.cancel(): canceling Sun Jun 10 01:19:20 UTC 2018
auto.tcl: Setting watchdog for 200 seconds at Sun Jun 10 01:19:20 UTC 2018
3 ms. Memory: 146944K Free: 136259K (93%)
ptolemy.util.test.WatchDog.cancel(): canceling Sun Jun 10 01:19:20 UTC 2018
------------------ testing $PTII/ptolemy/domains/de/test/auto/CausalityInterface3.xml
auto.tcl: Setting watchdog for 200 seconds at Sun Jun 10 01:19:20 UTC 2018
9 ms. Memory: 146944K Free: 136271K (93%)
ptolemy.util.test.WatchDog.cancel(): canceling Sun Jun 10 01:19:20 UTC 2018
auto.tcl: Setting watchdog for 200 seconds at Sun Jun 10 01:19:20 UTC 2018
5 ms. Memory: 146944K Free: 135223K (92%)
ptolemy.util.test.WatchDog.cancel(): canceling Sun Jun 10 01:19:20 UTC 2018
------------------ testing $PTII/ptolemy/domains/de/test/auto/ClockDrift.xml
auto.tcl: Setting watchdog for 200 seconds at Sun Jun 10 01:19:20 UTC 2018
102 ms. Memory: 146944K Free: 128130K (87%)
ptolemy.util.test.WatchDog.cancel(): canceling Sun Jun 10 01:19:20 UTC 2018
auto.tcl: Setting watchdog for 200 seconds at Sun Jun 10 01:19:20 UTC 2018
62 ms. Memory: 146944K Free: 124989K (85%)
ptolemy.util.test.WatchDog.cancel(): canceling Sun Jun 10 01:19:20 UTC 2018
------------------ testing $PTII/ptolemy/domains/de/test/auto/ClockDriftAndValueChange.xml
auto.tcl: Setting watchdog for 200 seconds at Sun Jun 10 01:19:20 UTC 2018
53 ms. Memory: 146944K Free: 127966K (87%)
ptolemy.util.test.WatchDog.cancel(): canceling Sun Jun 10 01:19:20 UTC 2018
auto.tcl: Setting watchdog for 200 seconds at Sun Jun 10 01:19:20 UTC 2018
33 ms. Memory: 146944K Free: 124824K (85%)
ptolemy.util.test.WatchDog.cancel(): canceling Sun Jun 10 01:19:20 UTC 2018
------------------ testing $PTII/ptolemy/domains/de/test/auto/ClockDriftChange.xml
auto.tcl: Setting watchdog for 200 seconds at Sun Jun 10 01:19:20 UTC 2018
22 ms. Memory: 146944K Free: 130651K (89%)
ptolemy.util.test.WatchDog.cancel(): canceling Sun Jun 10 01:19:20 UTC 2018
auto.tcl: Setting watchdog for 200 seconds at Sun Jun 10 01:19:20 UTC 2018
29 ms. Memory: 146944K Free: 128556K (87%)
ptolemy.util.test.WatchDog.cancel(): canceling Sun Jun 10 01:19:21 UTC 2018
------------------ testing $PTII/ptolemy/domains/de/test/auto/ComposableCausalityAnalysis.xml
auto.tcl: Setting watchdog for 200 seconds at Sun Jun 10 01:19:21 UTC 2018
2 ms. Memory: 146944K Free: 135187K (92%)
ptolemy.util.test.WatchDog.cancel(): canceling Sun Jun 10 01:19:21 UTC 2018
auto.tcl: Setting watchdog for 200 seconds at Sun Jun 10 01:19:21 UTC 2018
1 ms. Memory: 146944K Free: 134140K (91%)
ptolemy.util.test.WatchDog.cancel(): canceling Sun Jun 10 01:19:21 UTC 2018
------------------ testing $PTII/ptolemy/domains/de/test/auto/DEFixedPointLimitation.xml
auto.tcl: Setting watchdog for 200 seconds at Sun Jun 10 01:19:21 UTC 2018
4 ms. Memory: 146944K Free: 136206K (93%)
ptolemy.util.test.WatchDog.cancel(): canceling Sun Jun 10 01:19:21 UTC 2018
auto.tcl: Setting watchdog for 200 seconds at Sun Jun 10 01:19:21 UTC 2018
1 ms. Memory: 146944K Free: 136206K (93%)
ptolemy.util.test.WatchDog.cancel(): canceling Sun Jun 10 01:19:21 UTC 2018
------------------ testing $PTII/ptolemy/domains/de/test/auto/DEScheduleTest.xml
auto.tcl: Setting watchdog for 200 seconds at Sun Jun 10 01:19:21 UTC 2018
6 ms. Memory: 146944K Free: 137289K (93%)
ptolemy.util.test.WatchDog.cancel(): canceling Sun Jun 10 01:19:21 UTC 2018
auto.tcl: Setting watchdog for 200 seconds at Sun Jun 10 01:19:21 UTC 2018
3 ms. Memory: 146944K Free: 136242K (93%)
ptolemy.util.test.WatchDog.cancel(): canceling Sun Jun 10 01:19:21 UTC 2018
------------------ testing $PTII/ptolemy/domains/de/test/auto/DEinDEwithStartTimes.xml
auto.tcl: Setting watchdog for 200 seconds at Sun Jun 10 01:19:21 UTC 2018
5 ms. Memory: 146944K Free: 135164K (92%)
ptolemy.util.test.WatchDog.cancel(): canceling Sun Jun 10 01:19:21 UTC 2018
auto.tcl: Setting watchdog for 200 seconds at Sun Jun 10 01:19:21 UTC 2018
4 ms. Memory: 146944K Free: 134117K (91%)
ptolemy.util.test.WatchDog.cancel(): canceling Sun Jun 10 01:19:21 UTC 2018
------------------ testing $PTII/ptolemy/domains/de/test/auto/DEinDEwithStartTimes2.xml
auto.tcl: Setting watchdog for 200 seconds at Sun Jun 10 01:19:21 UTC 2018
11 ms. Memory: 146944K Free: 135253K (92%)
ptolemy.util.test.WatchDog.cancel(): canceling Sun Jun 10 01:19:21 UTC 2018
auto.tcl: Setting watchdog for 200 seconds at Sun Jun 10 01:19:21 UTC 2018
5 ms. Memory: 146944K Free: 134206K (91%)
ptolemy.util.test.WatchDog.cancel(): canceling Sun Jun 10 01:19:21 UTC 2018
------------------ testing $PTII/ptolemy/domains/de/test/auto/DateDemo.xml
auto.tcl: Setting watchdog for 200 seconds at Sun Jun 10 01:19:21 UTC 2018
16 ms. Memory: 146944K Free: 129252K (88%)
ptolemy.util.test.WatchDog.cancel(): canceling Sun Jun 10 01:19:21 UTC 2018
auto.tcl: Setting watchdog for 200 seconds at Sun Jun 10 01:19:21 UTC 2018
10 ms. Memory: 146944K Free: 127158K (87%)
ptolemy.util.test.WatchDog.cancel(): canceling Sun Jun 10 01:19:21 UTC 2018
------------------ testing $PTII/ptolemy/domains/de/test/auto/DateToEvent.xml
auto.tcl: Setting watchdog for 200 seconds at Sun Jun 10 01:19:21 UTC 2018
2009 ms. Memory: 146944K Free: 123385K (84%)
ptolemy.util.test.WatchDog.cancel(): canceling Sun Jun 10 01:19:23 UTC 2018
auto.tcl: Setting watchdog for 200 seconds at Sun Jun 10 01:19:23 UTC 2018
2005 ms. Memory: 146944K Free: 122338K (83%)
ptolemy.util.test.WatchDog.cancel(): canceling Sun Jun 10 01:19:25 UTC 2018
------------------ testing $PTII/ptolemy/domains/de/test/auto/DepthTest1.xml
auto.tcl: Setting watchdog for 200 seconds at Sun Jun 10 01:19:25 UTC 2018
4 ms. Memory: 146944K Free: 138589K (94%)
ptolemy.util.test.WatchDog.cancel(): canceling Sun Jun 10 01:19:25 UTC 2018
auto.tcl: Setting watchdog for 200 seconds at Sun Jun 10 01:19:25 UTC 2018
3 ms. Memory: 146944K Free: 138480K (94%)
ptolemy.util.test.WatchDog.cancel(): canceling Sun Jun 10 01:19:25 UTC 2018
------------------ testing $PTII/ptolemy/domains/de/test/auto/DepthTest2.xml
auto.tcl: Setting watchdog for 200 seconds at Sun Jun 10 01:19:25 UTC 2018
6 ms. Memory: 146944K Free: 134187K (91%)
ptolemy.util.test.WatchDog.cancel(): canceling Sun Jun 10 01:19:26 UTC 2018
auto.tcl: Setting watchdog for 200 seconds at Sun Jun 10 01:19:26 UTC 2018
3 ms. Memory: 146944K Free: 134187K (91%)
ptolemy.util.test.WatchDog.cancel(): canceling Sun Jun 10 01:19:26 UTC 2018
------------------ testing $PTII/ptolemy/domains/de/test/auto/DepthTest3.xml
auto.tcl: Setting watchdog for 200 seconds at Sun Jun 10 01:19:26 UTC 2018
3 ms. Memory: 146944K Free: 138924K (95%)
ptolemy.util.test.WatchDog.cancel(): canceling Sun Jun 10 01:19:26 UTC 2018
auto.tcl: Setting watchdog for 200 seconds at Sun Jun 10 01:19:26 UTC 2018
2 ms. Memory: 146944K Free: 138924K (95%)
ptolemy.util.test.WatchDog.cancel(): canceling Sun Jun 10 01:19:26 UTC 2018
------------------ testing $PTII/ptolemy/domains/de/test/auto/DepthTest4.xml
auto.tcl: Setting watchdog for 200 seconds at Sun Jun 10 01:19:26 UTC 2018
3 ms. Memory: 146944K Free: 136194K (93%)
ptolemy.util.test.WatchDog.cancel(): canceling Sun Jun 10 01:19:26 UTC 2018
auto.tcl: Setting watchdog for 200 seconds at Sun Jun 10 01:19:26 UTC 2018
3 ms. Memory: 146944K Free: 135146K (92%)
ptolemy.util.test.WatchDog.cancel(): canceling Sun Jun 10 01:19:26 UTC 2018
------------------ testing $PTII/ptolemy/domains/de/test/auto/DepthTest5.xml
auto.tcl: Setting watchdog for 200 seconds at Sun Jun 10 01:19:26 UTC 2018
4 ms. Memory: 146944K Free: 135094K (92%)
ptolemy.util.test.WatchDog.cancel(): canceling Sun Jun 10 01:19:26 UTC 2018
auto.tcl: Setting watchdog for 200 seconds at Sun Jun 10 01:19:26 UTC 2018
2 ms. Memory: 146944K Free: 135094K (92%)
ptolemy.util.test.WatchDog.cancel(): canceling Sun Jun 10 01:19:26 UTC 2018
------------------ testing $PTII/ptolemy/domains/de/test/auto/DepthTest6.xml
auto.tcl: Setting watchdog for 200 seconds at Sun Jun 10 01:19:26 UTC 2018
8 ms. Memory: 146944K Free: 135156K (92%)
ptolemy.util.test.WatchDog.cancel(): canceling Sun Jun 10 01:19:26 UTC 2018
auto.tcl: Setting watchdog for 200 seconds at Sun Jun 10 01:19:26 UTC 2018
3 ms. Memory: 146944K Free: 135156K (92%)
ptolemy.util.test.WatchDog.cancel(): canceling Sun Jun 10 01:19:26 UTC 2018
------------------ testing $PTII/ptolemy/domains/de/test/auto/DepthTest7.xml
auto.tcl: Setting watchdog for 200 seconds at Sun Jun 10 01:19:26 UTC 2018
2 ms. Memory: 146944K Free: 136098K (93%)
ptolemy.util.test.WatchDog.cancel(): canceling Sun Jun 10 01:19:26 UTC 2018
auto.tcl: Setting watchdog for 200 seconds at Sun Jun 10 01:19:26 UTC 2018
2 ms. Memory: 146944K Free: 135050K (92%)
ptolemy.util.test.WatchDog.cancel(): canceling Sun Jun 10 01:19:26 UTC 2018
------------------ testing $PTII/ptolemy/domains/de/test/auto/EventToDate.xml
auto.tcl: Setting watchdog for 200 seconds at Sun Jun 10 01:19:26 UTC 2018
3007 ms. Memory: 146944K Free: 125646K (86%)
ptolemy.util.test.WatchDog.cancel(): canceling Sun Jun 10 01:19:29 UTC 2018
auto.tcl: Setting watchdog for 200 seconds at Sun Jun 10 01:19:29 UTC 2018
3005 ms. Memory: 146944K Free: 125646K (86%)
ptolemy.util.test.WatchDog.cancel(): canceling Sun Jun 10 01:19:32 UTC 2018
------------------ testing $PTII/ptolemy/domains/de/test/auto/FSM1.xml
auto.tcl: Setting watchdog for 200 seconds at Sun Jun 10 01:19:32 UTC 2018
40 ms. Memory: 146944K Free: 126836K (86%)
ptolemy.util.test.WatchDog.cancel(): canceling Sun Jun 10 01:19:32 UTC 2018
auto.tcl: Setting watchdog for 200 seconds at Sun Jun 10 01:19:32 UTC 2018
21 ms. Memory: 146944K Free: 123695K (84%)
ptolemy.util.test.WatchDog.cancel(): canceling Sun Jun 10 01:19:32 UTC 2018
------------------ testing $PTII/ptolemy/domains/de/test/auto/FSM7.xml
auto.tcl: Setting watchdog for 200 seconds at Sun Jun 10 01:19:32 UTC 2018
14 ms. Memory: 146944K Free: 127238K (87%)
ptolemy.util.test.WatchDog.cancel(): canceling Sun Jun 10 01:19:32 UTC 2018
auto.tcl: Setting watchdog for 200 seconds at Sun Jun 10 01:19:32 UTC 2018
15 ms. Memory: 146944K Free: 124096K (84%)
ptolemy.util.test.WatchDog.cancel(): canceling Sun Jun 10 01:19:32 UTC 2018
------------------ testing $PTII/ptolemy/domains/de/test/auto/Inspection.xml
auto.tcl: Setting watchdog for 200 seconds at Sun Jun 10 01:19:32 UTC 2018
34 ms. Memory: 146944K Free: 128053K (87%)
ptolemy.util.test.WatchDog.cancel(): canceling Sun Jun 10 01:19:32 UTC 2018
auto.tcl: Setting watchdog for 200 seconds at Sun Jun 10 01:19:32 UTC 2018
26 ms. Memory: 146944K Free: 125958K (86%)
ptolemy.util.test.WatchDog.cancel(): canceling Sun Jun 10 01:19:32 UTC 2018
------------------ testing $PTII/ptolemy/domains/de/test/auto/Iteration.xml
auto.tcl: Setting watchdog for 200 seconds at Sun Jun 10 01:19:32 UTC 2018
12 ms. Memory: 146944K Free: 133921K (91%)
ptolemy.util.test.WatchDog.cancel(): canceling Sun Jun 10 01:19:33 UTC 2018
auto.tcl: Setting watchdog for 200 seconds at Sun Jun 10 01:19:33 UTC 2018
9 ms. Memory: 146944K Free: 132764K (90%)
ptolemy.util.test.WatchDog.cancel(): canceling Sun Jun 10 01:19:33 UTC 2018
------------------ testing $PTII/ptolemy/domains/de/test/auto/LineFault.xml
auto.tcl: Setting watchdog for 200 seconds at Sun Jun 10 01:19:33 UTC 2018
815 ms. Memory: 146944K Free: 138028K (94%)
ptolemy.util.test.WatchDog.cancel(): canceling Sun Jun 10 01:19:34 UTC 2018
auto.tcl: Setting watchdog for 200 seconds at Sun Jun 10 01:19:34 UTC 2018
695 ms. Memory: 146944K Free: 81833K (56%)
ptolemy.util.test.WatchDog.cancel(): canceling Sun Jun 10 01:19:34 UTC 2018
------------------ testing $PTII/ptolemy/domains/de/test/auto/MergeModel1Add.xml
auto.tcl: Setting watchdog for 200 seconds at Sun Jun 10 01:19:34 UTC 2018
31 ms. Memory: 209920K Free: 180411K (86%)
ptolemy.util.test.WatchDog.cancel(): canceling Sun Jun 10 01:19:35 UTC 2018
auto.tcl: Setting watchdog for 200 seconds at Sun Jun 10 01:19:35 UTC 2018
14 ms. Memory: 209920K Free: 178507K (85%)
ptolemy.util.test.WatchDog.cancel(): canceling Sun Jun 10 01:19:35 UTC 2018
------------------ testing $PTII/ptolemy/domains/de/test/auto/MergeModel2Add.xml
auto.tcl: Setting watchdog for 200 seconds at Sun Jun 10 01:19:35 UTC 2018
10 ms. Memory: 210432K Free: 184196K (88%)
ptolemy.util.test.WatchDog.cancel(): canceling Sun Jun 10 01:19:35 UTC 2018
auto.tcl: Setting watchdog for 200 seconds at Sun Jun 10 01:19:35 UTC 2018
11 ms. Memory: 210432K Free: 182308K (87%)
ptolemy.util.test.WatchDog.cancel(): canceling Sun Jun 10 01:19:35 UTC 2018
------------------ testing $PTII/ptolemy/domains/de/test/auto/MergeModel3Add.xml
auto.tcl: Setting watchdog for 200 seconds at Sun Jun 10 01:19:35 UTC 2018
12 ms. Memory: 209920K Free: 183639K (87%)
ptolemy.util.test.WatchDog.cancel(): canceling Sun Jun 10 01:19:35 UTC 2018
auto.tcl: Setting watchdog for 200 seconds at Sun Jun 10 01:19:35 UTC 2018
13 ms. Memory: 209920K Free: 181744K (87%)
ptolemy.util.test.WatchDog.cancel(): canceling Sun Jun 10 01:19:35 UTC 2018
------------------ testing $PTII/ptolemy/domains/de/test/auto/MergeWithoutDiscard.xml
auto.tcl: Setting watchdog for 200 seconds at Sun Jun 10 01:19:35 UTC 2018
3 ms. Memory: 210432K Free: 198774K (94%)
ptolemy.util.test.WatchDog.cancel(): canceling Sun Jun 10 01:19:35 UTC 2018
auto.tcl: Setting watchdog for 200 seconds at Sun Jun 10 01:19:35 UTC 2018
2 ms. Memory: 210432K Free: 198774K (94%)
ptolemy.util.test.WatchDog.cancel(): canceling Sun Jun 10 01:19:35 UTC 2018
------------------ testing $PTII/ptolemy/domains/de/test/auto/Modal1.xml
auto.tcl: Setting watchdog for 200 seconds at Sun Jun 10 01:19:35 UTC 2018
14 ms. Memory: 210432K Free: 190806K (91%)
ptolemy.util.test.WatchDog.cancel(): canceling Sun Jun 10 01:19:35 UTC 2018
auto.tcl: Setting watchdog for 200 seconds at Sun Jun 10 01:19:35 UTC 2018
16 ms. Memory: 210432K Free: 186984K (89%)
ptolemy.util.test.WatchDog.cancel(): canceling Sun Jun 10 01:19:35 UTC 2018
------------------ testing $PTII/ptolemy/domains/de/test/auto/Modal2.xml
auto.tcl: Setting watchdog for 200 seconds at Sun Jun 10 01:19:35 UTC 2018
15 ms. Memory: 210432K Free: 190673K (91%)
ptolemy.util.test.WatchDog.cancel(): canceling Sun Jun 10 01:19:35 UTC 2018
auto.tcl: Setting watchdog for 200 seconds at Sun Jun 10 01:19:35 UTC 2018
15 ms. Memory: 210432K Free: 186851K (89%)
ptolemy.util.test.WatchDog.cancel(): canceling Sun Jun 10 01:19:35 UTC 2018
------------------ testing $PTII/ptolemy/domains/de/test/auto/Modal3.xml
auto.tcl: Setting watchdog for 200 seconds at Sun Jun 10 01:19:35 UTC 2018
16 ms. Memory: 210432K Free: 190688K (91%)
ptolemy.util.test.WatchDog.cancel(): canceling Sun Jun 10 01:19:35 UTC 2018
auto.tcl: Setting watchdog for 200 seconds at Sun Jun 10 01:19:35 UTC 2018
17 ms. Memory: 210432K Free: 186889K (89%)
ptolemy.util.test.WatchDog.cancel(): canceling Sun Jun 10 01:19:35 UTC 2018
------------------ testing $PTII/ptolemy/domains/de/test/auto/Modal4.xml
auto.tcl: Setting watchdog for 200 seconds at Sun Jun 10 01:19:35 UTC 2018
29 ms. Memory: 208384K Free: 186112K (89%)
ptolemy.util.test.WatchDog.cancel(): canceling Sun Jun 10 01:19:36 UTC 2018
auto.tcl: Setting watchdog for 200 seconds at Sun Jun 10 01:19:36 UTC 2018
27 ms. Memory: 208384K Free: 182290K (87%)
ptolemy.util.test.WatchDog.cancel(): canceling Sun Jun 10 01:19:36 UTC 2018
------------------ testing $PTII/ptolemy/domains/de/test/auto/Modal5.xml
auto.tcl: Setting watchdog for 200 seconds at Sun Jun 10 01:19:36 UTC 2018
23 ms. Memory: 209920K Free: 190243K (91%)
ptolemy.util.test.WatchDog.cancel(): canceling Sun Jun 10 01:19:36 UTC 2018
auto.tcl: Setting watchdog for 200 seconds at Sun Jun 10 01:19:36 UTC 2018
16 ms. Memory: 209920K Free: 186436K (89%)
ptolemy.util.test.WatchDog.cancel(): canceling Sun Jun 10 01:19:36 UTC 2018
------------------ testing $PTII/ptolemy/domains/de/test/auto/Modal6.xml
auto.tcl: Setting watchdog for 200 seconds at Sun Jun 10 01:19:36 UTC 2018
15 ms. Memory: 209920K Free: 190250K (91%)
ptolemy.util.test.WatchDog.cancel(): canceling Sun Jun 10 01:19:36 UTC 2018
auto.tcl: Setting watchdog for 200 seconds at Sun Jun 10 01:19:36 UTC 2018
20 ms. Memory: 209920K Free: 186443K (89%)
ptolemy.util.test.WatchDog.cancel(): canceling Sun Jun 10 01:19:36 UTC 2018
------------------ testing $PTII/ptolemy/domains/de/test/auto/Modal7.xml
auto.tcl: Setting watchdog for 200 seconds at Sun Jun 10 01:19:36 UTC 2018
21 ms. Memory: 209920K Free: 188238K (90%)
ptolemy.util.test.WatchDog.cancel(): canceling Sun Jun 10 01:19:36 UTC 2018
auto.tcl: Setting watchdog for 200 seconds at Sun Jun 10 01:19:36 UTC 2018
22 ms. Memory: 209920K Free: 186326K (89%)
ptolemy.util.test.WatchDog.cancel(): canceling Sun Jun 10 01:19:36 UTC 2018
------------------ testing $PTII/ptolemy/domains/de/test/auto/ModalModel.xml
auto.tcl: Setting watchdog for 200 seconds at Sun Jun 10 01:19:36 UTC 2018
227 ms. Memory: 209920K Free: 129377K (62%)
ptolemy.util.test.WatchDog.cancel(): canceling Sun Jun 10 01:19:36 UTC 2018
auto.tcl: Setting watchdog for 200 seconds at Sun Jun 10 01:19:36 UTC 2018
247 ms. Memory: 209920K Free: 197512K (94%)
ptolemy.util.test.WatchDog.cancel(): canceling Sun Jun 10 01:19:37 UTC 2018
------------------ testing $PTII/ptolemy/domains/de/test/auto/ModalSource.xml
auto.tcl: Setting watchdog for 200 seconds at Sun Jun 10 01:19:37 UTC 2018
10 ms. Memory: 209920K Free: 195101K (93%)
ptolemy.util.test.WatchDog.cancel(): canceling Sun Jun 10 01:19:37 UTC 2018
auto.tcl: Setting watchdog for 200 seconds at Sun Jun 10 01:19:37 UTC 2018
7 ms. Memory: 209920K Free: 193351K (92%)
ptolemy.util.test.WatchDog.cancel(): canceling Sun Jun 10 01:19:37 UTC 2018
------------------ testing $PTII/ptolemy/domains/de/test/auto/NonInterruptibleTimerZeroDelay.xml
auto.tcl: Setting watchdog for 200 seconds at Sun Jun 10 01:19:37 UTC 2018
5 ms. Memory: 336896K Free: 326256K (97%)
ptolemy.util.test.WatchDog.cancel(): canceling Sun Jun 10 01:19:37 UTC 2018
auto.tcl: Setting watchdog for 200 seconds at Sun Jun 10 01:19:37 UTC 2018
3 ms. Memory: 336896K Free: 322773K (96%)
ptolemy.util.test.WatchDog.cancel(): canceling Sun Jun 10 01:19:37 UTC 2018
------------------ testing $PTII/ptolemy/domains/de/test/auto/OpenQueueingNetwork.xml
auto.tcl: Setting watchdog for 200 seconds at Sun Jun 10 01:19:37 UTC 2018
3279 ms. Memory: 336384K Free: 213951K (64%)
ptolemy.util.test.WatchDog.cancel(): canceling Sun Jun 10 01:19:40 UTC 2018
auto.tcl: Setting watchdog for 200 seconds at Sun Jun 10 01:19:40 UTC 2018
2125 ms. Memory: 314880K Free: 137126K (44%)
ptolemy.util.test.WatchDog.cancel(): canceling Sun Jun 10 01:19:42 UTC 2018
------------------ testing $PTII/ptolemy/domains/de/test/auto/OpenQueuingNetwork.xml
auto.tcl: Setting watchdog for 200 seconds at Sun Jun 10 01:19:42 UTC 2018
244 ms. Memory: 313344K Free: 217361K (69%)
ptolemy.util.test.WatchDog.cancel(): canceling Sun Jun 10 01:19:43 UTC 2018
auto.tcl: Setting watchdog for 200 seconds at Sun Jun 10 01:19:43 UTC 2018
253 ms. Memory: 313344K Free: 158903K (51%)
ptolemy.util.test.WatchDog.cancel(): canceling Sun Jun 10 01:19:43 UTC 2018
------------------ testing $PTII/ptolemy/domains/de/test/auto/PeriodicSampler.xml
auto.tcl: Setting watchdog for 200 seconds at Sun Jun 10 01:19:43 UTC 2018
3 ms. Memory: 314880K Free: 301659K (96%)
ptolemy.util.test.WatchDog.cancel(): canceling Sun Jun 10 01:19:43 UTC 2018
auto.tcl: Setting watchdog for 200 seconds at Sun Jun 10 01:19:43 UTC 2018
3 ms. Memory: 314880K Free: 298347K (95%)
ptolemy.util.test.WatchDog.cancel(): canceling Sun Jun 10 01:19:43 UTC 2018
------------------ testing $PTII/ptolemy/domains/de/test/auto/PersistentIO.xml
auto.tcl: Setting watchdog for 200 seconds at Sun Jun 10 01:19:43 UTC 2018
5 ms. Memory: 313344K Free: 296464K (95%)
ptolemy.util.test.WatchDog.cancel(): canceling Sun Jun 10 01:19:43 UTC 2018
auto.tcl: Setting watchdog for 200 seconds at Sun Jun 10 01:19:43 UTC 2018
5 ms. Memory: 313344K Free: 293159K (94%)
ptolemy.util.test.WatchDog.cancel(): canceling Sun Jun 10 01:19:43 UTC 2018
------------------ testing $PTII/ptolemy/domains/de/test/auto/PortParameterResetOnInitialize.xml
auto.tcl: Setting watchdog for 200 seconds at Sun Jun 10 01:19:43 UTC 2018
1 ms. Memory: 314880K Free: 298847K (95%)
ptolemy.util.test.WatchDog.cancel(): canceling Sun Jun 10 01:19:43 UTC 2018
auto.tcl: Setting watchdog for 200 seconds at Sun Jun 10 01:19:43 UTC 2018
1 ms. Memory: 314880K Free: 298847K (95%)
ptolemy.util.test.WatchDog.cancel(): canceling Sun Jun 10 01:19:43 UTC 2018
------------------ testing $PTII/ptolemy/domains/de/test/auto/PortParameterUpdates.xml
auto.tcl: Setting watchdog for 200 seconds at Sun Jun 10 01:19:43 UTC 2018
4 ms. Memory: 313344K Free: 297436K (95%)
ptolemy.util.test.WatchDog.cancel(): canceling Sun Jun 10 01:19:43 UTC 2018
auto.tcl: Setting watchdog for 200 seconds at Sun Jun 10 01:19:43 UTC 2018
4 ms. Memory: 313344K Free: 294124K (94%)
ptolemy.util.test.WatchDog.cancel(): canceling Sun Jun 10 01:19:43 UTC 2018
------------------ testing $PTII/ptolemy/domains/de/test/auto/QueueAndServer.xml
auto.tcl: Setting watchdog for 200 seconds at Sun Jun 10 01:19:43 UTC 2018
18 ms. Memory: 314368K Free: 298409K (95%)
ptolemy.util.test.WatchDog.cancel(): canceling Sun Jun 10 01:19:43 UTC 2018
auto.tcl: Setting watchdog for 200 seconds at Sun Jun 10 01:19:43 UTC 2018
6 ms. Memory: 314368K Free: 295096K (94%)
ptolemy.util.test.WatchDog.cancel(): canceling Sun Jun 10 01:19:43 UTC 2018
------------------ testing $PTII/ptolemy/domains/de/test/auto/Records.xml
auto.tcl: Setting watchdog for 200 seconds at Sun Jun 10 01:19:44 UTC 2018
3 ms. Memory: 313344K Free: 297309K (95%)
ptolemy.util.test.WatchDog.cancel(): canceling Sun Jun 10 01:19:44 UTC 2018
auto.tcl: Setting watchdog for 200 seconds at Sun Jun 10 01:19:44 UTC 2018
2 ms. Memory: 313344K Free: 297309K (95%)
ptolemy.util.test.WatchDog.cancel(): canceling Sun Jun 10 01:19:44 UTC 2018
------------------ testing $PTII/ptolemy/domains/de/test/auto/ResetTransitionWithStartTime1.xml
auto.tcl: Setting watchdog for 200 seconds at Sun Jun 10 01:19:44 UTC 2018
14 ms. Memory: 314368K Free: 297414K (95%)
ptolemy.util.test.WatchDog.cancel(): canceling Sun Jun 10 01:19:44 UTC 2018
auto.tcl: Setting watchdog for 200 seconds at Sun Jun 10 01:19:44 UTC 2018
11 ms. Memory: 314368K Free: 297383K (95%)
ptolemy.util.test.WatchDog.cancel(): canceling Sun Jun 10 01:19:44 UTC 2018
------------------ testing $PTII/ptolemy/domains/de/test/auto/ResetTransitionWithStartTime2.xml
auto.tcl: Setting watchdog for 200 seconds at Sun Jun 10 01:19:44 UTC 2018
10 ms. Memory: 313344K Free: 296397K (95%)
ptolemy.util.test.WatchDog.cancel(): canceling Sun Jun 10 01:19:44 UTC 2018
auto.tcl: Setting watchdog for 200 seconds at Sun Jun 10 01:19:44 UTC 2018
8 ms. Memory: 313344K Free: 296397K (95%)
ptolemy.util.test.WatchDog.cancel(): canceling Sun Jun 10 01:19:44 UTC 2018
------------------ testing $PTII/ptolemy/domains/de/test/auto/ResetTransitionWithStartTime3.xml
auto.tcl: Setting watchdog for 200 seconds at Sun Jun 10 01:19:44 UTC 2018
9 ms. Memory: 314368K Free: 297388K (95%)
ptolemy.util.test.WatchDog.cancel(): canceling Sun Jun 10 01:19:44 UTC 2018
auto.tcl: Setting watchdog for 200 seconds at Sun Jun 10 01:19:44 UTC 2018
7 ms. Memory: 314368K Free: 297388K (95%)
ptolemy.util.test.WatchDog.cancel(): canceling Sun Jun 10 01:19:44 UTC 2018
------------------ testing $PTII/ptolemy/domains/de/test/auto/ResetTransitionWithStartTime4.xml
auto.tcl: Setting watchdog for 200 seconds at Sun Jun 10 01:19:44 UTC 2018
6 ms. Memory: 313344K Free: 296378K (95%)
ptolemy.util.test.WatchDog.cancel(): canceling Sun Jun 10 01:19:44 UTC 2018
auto.tcl: Setting watchdog for 200 seconds at Sun Jun 10 01:19:44 UTC 2018
4 ms. Memory: 313344K Free: 296378K (95%)
ptolemy.util.test.WatchDog.cancel(): canceling Sun Jun 10 01:19:44 UTC 2018
------------------ testing $PTII/ptolemy/domains/de/test/auto/ResettableTimer1.xml
auto.tcl: Setting watchdog for 200 seconds at Sun Jun 10 01:19:44 UTC 2018
5 ms. Memory: 313856K Free: 297831K (95%)
ptolemy.util.test.WatchDog.cancel(): canceling Sun Jun 10 01:19:44 UTC 2018
auto.tcl: Setting watchdog for 200 seconds at Sun Jun 10 01:19:44 UTC 2018
2 ms. Memory: 313856K Free: 297831K (95%)
ptolemy.util.test.WatchDog.cancel(): canceling Sun Jun 10 01:19:44 UTC 2018
------------------ testing $PTII/ptolemy/domains/de/test/auto/ResettableTimer2.xml
auto.tcl: Setting watchdog for 200 seconds at Sun Jun 10 01:19:44 UTC 2018
4 ms. Memory: 313344K Free: 299712K (96%)
ptolemy.util.test.WatchDog.cancel(): canceling Sun Jun 10 01:19:44 UTC 2018
auto.tcl: Setting watchdog for 200 seconds at Sun Jun 10 01:19:44 UTC 2018
2 ms. Memory: 313344K Free: 299712K (96%)
ptolemy.util.test.WatchDog.cancel(): canceling Sun Jun 10 01:19:44 UTC 2018
------------------ testing $PTII/ptolemy/domains/de/test/auto/ResettableTimer3.xml
auto.tcl: Setting watchdog for 200 seconds at Sun Jun 10 01:19:44 UTC 2018
3 ms. Memory: 313856K Free: 300224K (96%)
ptolemy.util.test.WatchDog.cancel(): canceling Sun Jun 10 01:19:44 UTC 2018
auto.tcl: Setting watchdog for 200 seconds at Sun Jun 10 01:19:44 UTC 2018
1 ms. Memory: 313856K Free: 300224K (96%)
ptolemy.util.test.WatchDog.cancel(): canceling Sun Jun 10 01:19:44 UTC 2018
------------------ testing $PTII/ptolemy/domains/de/test/auto/ResettableTimer4.xml
auto.tcl: Setting watchdog for 200 seconds at Sun Jun 10 01:19:44 UTC 2018
1 ms. Memory: 313344K Free: 299755K (96%)
ptolemy.util.test.WatchDog.cancel(): canceling Sun Jun 10 01:19:44 UTC 2018
auto.tcl: Setting watchdog for 200 seconds at Sun Jun 10 01:19:44 UTC 2018
1 ms. Memory: 313344K Free: 299755K (96%)
ptolemy.util.test.WatchDog.cancel(): canceling Sun Jun 10 01:19:44 UTC 2018
------------------ testing $PTII/ptolemy/domains/de/test/auto/ResettableTimer5.xml
auto.tcl: Setting watchdog for 200 seconds at Sun Jun 10 01:19:44 UTC 2018
1 ms. Memory: 313856K Free: 300250K (96%)
ptolemy.util.test.WatchDog.cancel(): canceling Sun Jun 10 01:19:44 UTC 2018
auto.tcl: Setting watchdog for 200 seconds at Sun Jun 10 01:19:44 UTC 2018
2 ms. Memory: 313856K Free: 300250K (96%)
ptolemy.util.test.WatchDog.cancel(): canceling Sun Jun 10 01:19:44 UTC 2018
------------------ testing $PTII/ptolemy/domains/de/test/auto/ResettableTimer6.xml
auto.tcl: Setting watchdog for 200 seconds at Sun Jun 10 01:19:44 UTC 2018
2 ms. Memory: 313344K Free: 297353K (95%)
ptolemy.util.test.WatchDog.cancel(): canceling Sun Jun 10 01:19:44 UTC 2018
auto.tcl: Setting watchdog for 200 seconds at Sun Jun 10 01:19:44 UTC 2018
1 ms. Memory: 313344K Free: 297353K (95%)
ptolemy.util.test.WatchDog.cancel(): canceling Sun Jun 10 01:19:44 UTC 2018
------------------ testing $PTII/ptolemy/domains/de/test/auto/ServerZeroDelay.xml
auto.tcl: Setting watchdog for 200 seconds at Sun Jun 10 01:19:44 UTC 2018
3 ms. Memory: 313856K Free: 303503K (97%)
ptolemy.util.test.WatchDog.cancel(): canceling Sun Jun 10 01:19:44 UTC 2018
auto.tcl: Setting watchdog for 200 seconds at Sun Jun 10 01:19:44 UTC 2018
2 ms. Memory: 313856K Free: 300206K (96%)
ptolemy.util.test.WatchDog.cancel(): canceling Sun Jun 10 01:19:44 UTC 2018
------------------ testing $PTII/ptolemy/domains/de/test/auto/SmartSender.xml
auto.tcl: Setting watchdog for 200 seconds at Sun Jun 10 01:19:44 UTC 2018
3001 ms. Memory: 313344K Free: 297363K (95%)
ptolemy.util.test.WatchDog.cancel(): canceling Sun Jun 10 01:19:47 UTC 2018
auto.tcl: Setting watchdog for 200 seconds at Sun Jun 10 01:19:47 UTC 2018
3002 ms. Memory: 313344K Free: 297363K (95%)
ptolemy.util.test.WatchDog.cancel(): canceling Sun Jun 10 01:19:50 UTC 2018
------------------ testing $PTII/ptolemy/domains/de/test/auto/ThreadedComposite.xml
auto.tcl: Setting watchdog for 200 seconds at Sun Jun 10 01:19:50 UTC 2018
204 ms. Memory: 313856K Free: 277356K (88%)
ptolemy.util.test.WatchDog.cancel(): canceling Sun Jun 10 01:19:51 UTC 2018
auto.tcl: Setting watchdog for 200 seconds at Sun Jun 10 01:19:51 UTC 2018
142 ms. Memory: 313856K Free: 261470K (83%)
ptolemy.util.test.WatchDog.cancel(): canceling Sun Jun 10 01:19:51 UTC 2018
------------------ testing $PTII/ptolemy/domains/de/test/auto/Time.xml
auto.tcl: Setting watchdog for 200 seconds at Sun Jun 10 01:19:51 UTC 2018
595 ms. Memory: 313344K Free: 248341K (79%)
ptolemy.util.test.WatchDog.cancel(): canceling Sun Jun 10 01:19:52 UTC 2018
auto.tcl: Setting watchdog for 200 seconds at Sun Jun 10 01:19:52 UTC 2018
576 ms. Memory: 313344K Free: 195600K (62%)
ptolemy.util.test.WatchDog.cancel(): canceling Sun Jun 10 01:19:52 UTC 2018
------------------ testing $PTII/ptolemy/domains/de/test/auto/TimeDelayZeroDelay.xml
auto.tcl: Setting watchdog for 200 seconds at Sun Jun 10 01:19:52 UTC 2018
2 ms. Memory: 313856K Free: 303389K (97%)
ptolemy.util.test.WatchDog.cancel(): canceling Sun Jun 10 01:19:52 UTC 2018
auto.tcl: Setting watchdog for 200 seconds at Sun Jun 10 01:19:52 UTC 2018
2 ms. Memory: 313856K Free: 300077K (96%)
ptolemy.util.test.WatchDog.cancel(): canceling Sun Jun 10 01:19:52 UTC 2018
------------------ testing $PTII/ptolemy/domains/de/test/auto/TimerZeroDelay.xml
auto.tcl: Setting watchdog for 200 seconds at Sun Jun 10 01:19:52 UTC 2018
4 ms. Memory: 313344K Free: 302952K (97%)
ptolemy.util.test.WatchDog.cancel(): canceling Sun Jun 10 01:19:52 UTC 2018
auto.tcl: Setting watchdog for 200 seconds at Sun Jun 10 01:19:52 UTC 2018
2 ms. Memory: 313344K Free: 299656K (96%)
ptolemy.util.test.WatchDog.cancel(): canceling Sun Jun 10 01:19:52 UTC 2018
------------------ testing $PTII/ptolemy/domains/de/test/auto/TimingParadox.xml
auto.tcl: Setting watchdog for 200 seconds at Sun Jun 10 01:19:52 UTC 2018
356 ms. Memory: 313856K Free: 237982K (76%)
ptolemy.util.test.WatchDog.cancel(): canceling Sun Jun 10 01:19:53 UTC 2018
auto.tcl: Setting watchdog for 200 seconds at Sun Jun 10 01:19:53 UTC 2018
345 ms. Memory: 313856K Free: 205019K (65%)
ptolemy.util.test.WatchDog.cancel(): canceling Sun Jun 10 01:19:53 UTC 2018
------------------ testing $PTII/ptolemy/domains/de/test/auto/TransferInputs.xml
auto.tcl: Setting watchdog for 200 seconds at Sun Jun 10 01:19:53 UTC 2018
2 ms. Memory: 313856K Free: 299056K (95%)
ptolemy.util.test.WatchDog.cancel(): canceling Sun Jun 10 01:19:53 UTC 2018
auto.tcl: Setting watchdog for 200 seconds at Sun Jun 10 01:19:53 UTC 2018
2 ms. Memory: 313856K Free: 299056K (95%)
ptolemy.util.test.WatchDog.cancel(): canceling Sun Jun 10 01:19:53 UTC 2018
------------------ testing $PTII/ptolemy/domains/de/test/auto/TransferOutputs2.xml
auto.tcl: Setting watchdog for 200 seconds at Sun Jun 10 01:19:53 UTC 2018
12 ms. Memory: 313344K Free: 294014K (94%)
ptolemy.util.test.WatchDog.cancel(): canceling Sun Jun 10 01:19:53 UTC 2018
auto.tcl: Setting watchdog for 200 seconds at Sun Jun 10 01:19:53 UTC 2018
2 ms. Memory: 313344K Free: 294014K (94%)
ptolemy.util.test.WatchDog.cancel(): canceling Sun Jun 10 01:19:53 UTC 2018
------------------ testing $PTII/ptolemy/domains/de/test/auto/Trilateration.xml
auto.tcl: Setting watchdog for 200 seconds at Sun Jun 10 01:19:53 UTC 2018
13903 ms. Memory: 377856K Free: 137107K (36%)
ptolemy.util.test.WatchDog.cancel(): canceling Sun Jun 10 01:20:08 UTC 2018
auto.tcl: Setting watchdog for 200 seconds at Sun Jun 10 01:20:08 UTC 2018
10814 ms. Memory: 266240K Free: 84696K (32%)
ptolemy.util.test.WatchDog.cancel(): canceling Sun Jun 10 01:20:19 UTC 2018
------------------ testing $PTII/ptolemy/domains/de/test/auto/TwoSigmaDelta.xml
auto.tcl: Setting watchdog for 200 seconds at Sun Jun 10 01:20:20 UTC 2018
2990 ms. Memory: 258048K Free: 135163K (52%)
ptolemy.util.test.WatchDog.cancel(): canceling Sun Jun 10 01:20:23 UTC 2018
auto.tcl: Setting watchdog for 200 seconds at Sun Jun 10 01:20:23 UTC 2018
2211 ms. Memory: 249344K Free: 65474K (26%)
ptolemy.util.test.WatchDog.cancel(): canceling Sun Jun 10 01:20:25 UTC 2018
------------------ testing $PTII/ptolemy/domains/de/test/auto/VariableDelay.xml
auto.tcl: Setting watchdog for 200 seconds at Sun Jun 10 01:20:25 UTC 2018
2 ms. Memory: 250880K Free: 237298K (95%)
ptolemy.util.test.WatchDog.cancel(): canceling Sun Jun 10 01:20:25 UTC 2018
auto.tcl: Setting watchdog for 200 seconds at Sun Jun 10 01:20:25 UTC 2018
2 ms. Memory: 250880K Free: 237298K (95%)
ptolemy.util.test.WatchDog.cancel(): canceling Sun Jun 10 01:20:25 UTC 2018
------------------ testing $PTII/ptolemy/domains/de/test/auto/VariableDelay2.xml
auto.tcl: Setting watchdog for 200 seconds at Sun Jun 10 01:20:25 UTC 2018
2 ms. Memory: 249344K Free: 237866K (95%)
ptolemy.util.test.WatchDog.cancel(): canceling Sun Jun 10 01:20:25 UTC 2018
auto.tcl: Setting watchdog for 200 seconds at Sun Jun 10 01:20:25 UTC 2018
2 ms. Memory: 249344K Free: 237866K (95%)
ptolemy.util.test.WatchDog.cancel(): canceling Sun Jun 10 01:20:25 UTC 2018
------------------ testing $PTII/ptolemy/domains/de/test/auto/VariableDelayZeroDelay.xml
auto.tcl: Setting watchdog for 200 seconds at Sun Jun 10 01:20:25 UTC 2018
2 ms. Memory: 250880K Free: 237721K (95%)
ptolemy.util.test.WatchDog.cancel(): canceling Sun Jun 10 01:20:25 UTC 2018
auto.tcl: Setting watchdog for 200 seconds at Sun Jun 10 01:20:25 UTC 2018
2 ms. Memory: 250880K Free: 237721K (95%)
ptolemy.util.test.WatchDog.cancel(): canceling Sun Jun 10 01:20:25 UTC 2018
------------------ testing $PTII/ptolemy/domains/de/test/auto/VariableDelayZeroDelay2.xml
auto.tcl: Setting watchdog for 200 seconds at Sun Jun 10 01:20:25 UTC 2018
2 ms. Memory: 249344K Free: 236168K (95%)
ptolemy.util.test.WatchDog.cancel(): canceling Sun Jun 10 01:20:25 UTC 2018
auto.tcl: Setting watchdog for 200 seconds at Sun Jun 10 01:20:25 UTC 2018
3 ms. Memory: 249344K Free: 236168K (95%)
ptolemy.util.test.WatchDog.cancel(): canceling Sun Jun 10 01:20:25 UTC 2018
------------------ testing $PTII/ptolemy/domains/de/test/auto/deInCt.xml
auto.tcl: Setting watchdog for 200 seconds at Sun Jun 10 01:20:25 UTC 2018
0
1
1
1
1
0
0
0
1
1
1
0
0
0
1
1
1
0
0
0
1
1
1
1
0
0
0
1
1
1
0
0
0
1
1
1
0
0
0
0
1
1
1
1
12 ms. Memory: 250368K Free: 237187K (95%)
ptolemy.util.test.WatchDog.cancel(): canceling Sun Jun 10 01:20:25 UTC 2018
auto.tcl: Setting watchdog for 200 seconds at Sun Jun 10 01:20:25 UTC 2018
0
1
1
1
0
0
0
1
1
1
1
0
0
0
1
1
1
1
0
0
0
1
1
1
0
0
0
1
1
0
0
0
1
1
0
0
0
0
1
1
1
1
1
1
7 ms. Memory: 250368K Free: 234737K (94%)
ptolemy.util.test.WatchDog.cancel(): canceling Sun Jun 10 01:20:25 UTC 2018
------------------ testing $PTII/ptolemy/domains/de/test/auto/deInCt2.xml
auto.tcl: Setting watchdog for 200 seconds at Sun Jun 10 01:20:25 UTC 2018
0
1
1
1
0
0
1
1
1
0
0
1
1
1
0
0
1
1
1
0
0
1
1
1
0
0
1
1
1
0
0
1
1
1
0
0
1
1
1
0
0
0
9 ms. Memory: 249344K Free: 236180K (95%)
ptolemy.util.test.WatchDog.cancel(): canceling Sun Jun 10 01:20:25 UTC 2018
auto.tcl: Setting watchdog for 200 seconds at Sun Jun 10 01:20:25 UTC 2018
0
1
1
1
0
0
1
1
1
0
0
1
1
1
0
0
1
1
1
0
0
1
1
1
0
0
1
1
1
0
0
1
1
1
0
0
1
1
1
0
0
0
11 ms. Memory: 249344K Free: 233715K (94%)
ptolemy.util.test.WatchDog.cancel(): canceling Sun Jun 10 01:20:25 UTC 2018
------------------ testing $PTII/ptolemy/domains/de/test/auto/dynamicCausalityInterface1.xml
auto.tcl: Setting watchdog for 200 seconds at Sun Jun 10 01:20:25 UTC 2018
0 ms. Memory: 250368K Free: 232268K (93%)
ptolemy.util.test.WatchDog.cancel(): canceling Sun Jun 10 01:20:25 UTC 2018
auto.tcl: Setting watchdog for 200 seconds at Sun Jun 10 01:20:25 UTC 2018
1 ms. Memory: 250368K Free: 229803K (92%)
ptolemy.util.test.WatchDog.cancel(): canceling Sun Jun 10 01:20:25 UTC 2018
------------------ testing $PTII/ptolemy/domains/de/test/auto/fsm_de_test.xml
auto.tcl: Setting watchdog for 200 seconds at Sun Jun 10 01:20:25 UTC 2018
9 ms. Memory: 249344K Free: 231153K (93%)
ptolemy.util.test.WatchDog.cancel(): canceling Sun Jun 10 01:20:25 UTC 2018
auto.tcl: Setting watchdog for 200 seconds at Sun Jun 10 01:20:25 UTC 2018
3 ms. Memory: 249344K Free: 228703K (92%)
ptolemy.util.test.WatchDog.cancel(): canceling Sun Jun 10 01:20:25 UTC 2018
------------------ testing $PTII/ptolemy/domains/de/test/auto/functionDependencyReconstruction.xml
auto.tcl: Setting watchdog for 200 seconds at Sun Jun 10 01:20:25 UTC 2018
2 ms. Memory: 250368K Free: 224795K (90%)
ptolemy.util.test.WatchDog.cancel(): canceling Sun Jun 10 01:20:25 UTC 2018
auto.tcl: Setting watchdog for 200 seconds at Sun Jun 10 01:20:25 UTC 2018
3 ms. Memory: 250368K Free: 222329K (89%)
ptolemy.util.test.WatchDog.cancel(): canceling Sun Jun 10 01:20:25 UTC 2018
------------------ testing $PTII/ptolemy/domains/de/test/auto/multirate.xml
auto.tcl: Setting watchdog for 200 seconds at Sun Jun 10 01:20:26 UTC 2018
5 ms. Memory: 249344K Free: 235158K (94%)
ptolemy.util.test.WatchDog.cancel(): canceling Sun Jun 10 01:20:26 UTC 2018
auto.tcl: Setting watchdog for 200 seconds at Sun Jun 10 01:20:26 UTC 2018
7 ms. Memory: 249344K Free: 235156K (94%)
ptolemy.util.test.WatchDog.cancel(): canceling Sun Jun 10 01:20:26 UTC 2018
------------------ testing $PTII/ptolemy/domains/de/test/auto/multirate2.xml
auto.tcl: Setting watchdog for 200 seconds at Sun Jun 10 01:20:26 UTC 2018
4 ms. Memory: 249856K Free: 235835K (94%)
ptolemy.util.test.WatchDog.cancel(): canceling Sun Jun 10 01:20:26 UTC 2018
auto.tcl: Setting watchdog for 200 seconds at Sun Jun 10 01:20:26 UTC 2018
3 ms. Memory: 249856K Free: 235835K (94%)
ptolemy.util.test.WatchDog.cancel(): canceling Sun Jun 10 01:20:26 UTC 2018
------------------ testing $PTII/ptolemy/domains/de/test/auto/realtime.xml
auto.tcl: Setting watchdog for 200 seconds at Sun Jun 10 01:20:26 UTC 2018
10001 ms. Memory: 249344K Free: 237784K (95%)
ptolemy.util.test.WatchDog.cancel(): canceling Sun Jun 10 01:20:36 UTC 2018
auto.tcl: Setting watchdog for 200 seconds at Sun Jun 10 01:20:36 UTC 2018
10002 ms. Memory: 249344K Free: 237784K (95%)
ptolemy.util.test.WatchDog.cancel(): canceling Sun Jun 10 01:20:46 UTC 2018
------------------ testing $PTII/ptolemy/domains/de/test/auto/relationGroup.xml
auto.tcl: Setting watchdog for 200 seconds at Sun Jun 10 01:20:46 UTC 2018
1 ms. Memory: 249856K Free: 238324K (95%)
ptolemy.util.test.WatchDog.cancel(): canceling Sun Jun 10 01:20:46 UTC 2018
auto.tcl: Setting watchdog for 200 seconds at Sun Jun 10 01:20:46 UTC 2018
1 ms. Memory: 249856K Free: 238324K (95%)
ptolemy.util.test.WatchDog.cancel(): canceling Sun Jun 10 01:20:46 UTC 2018
------------------ testing $PTII/ptolemy/domains/de/test/auto/relationGroup2.xml
auto.tcl: Setting watchdog for 200 seconds at Sun Jun 10 01:20:46 UTC 2018
1 ms. Memory: 249344K Free: 236160K (95%)
ptolemy.util.test.WatchDog.cancel(): canceling Sun Jun 10 01:20:46 UTC 2018
auto.tcl: Setting watchdog for 200 seconds at Sun Jun 10 01:20:46 UTC 2018
1 ms. Memory: 249344K Free: 236160K (95%)
ptolemy.util.test.WatchDog.cancel(): canceling Sun Jun 10 01:20:46 UTC 2018
------------------ testing $PTII/ptolemy/domains/de/test/auto/sortWithOpaquePorts.xml
auto.tcl: Setting watchdog for 200 seconds at Sun Jun 10 01:20:46 UTC 2018
1 ms. Memory: 249856K Free: 236672K (95%)
ptolemy.util.test.WatchDog.cancel(): canceling Sun Jun 10 01:20:46 UTC 2018
auto.tcl: Setting watchdog for 200 seconds at Sun Jun 10 01:20:46 UTC 2018
2 ms. Memory: 249856K Free: 236672K (95%)
ptolemy.util.test.WatchDog.cancel(): canceling Sun Jun 10 01:20:46 UTC 2018
------------------ testing $PTII/ptolemy/domains/de/test/auto/transferInputsandOutputs.xml
auto.tcl: Setting watchdog for 200 seconds at Sun Jun 10 01:20:46 UTC 2018
2 ms. Memory: 249344K Free: 233698K (94%)
ptolemy.util.test.WatchDog.cancel(): canceling Sun Jun 10 01:20:46 UTC 2018
auto.tcl: Setting watchdog for 200 seconds at Sun Jun 10 01:20:46 UTC 2018
1 ms. Memory: 249344K Free: 233698K (94%)
ptolemy.util.test.WatchDog.cancel(): canceling Sun Jun 10 01:20:46 UTC 2018
------------------ testing $PTII/ptolemy/domains/de/test/auto/triggerType.xml
auto.tcl: Setting watchdog for 200 seconds at Sun Jun 10 01:20:46 UTC 2018
1 ms. Memory: 249856K Free: 236611K (95%)
ptolemy.util.test.WatchDog.cancel(): canceling Sun Jun 10 01:20:46 UTC 2018
auto.tcl: Setting watchdog for 200 seconds at Sun Jun 10 01:20:46 UTC 2018
1 ms. Memory: 249856K Free: 236611K (95%)
ptolemy.util.test.WatchDog.cancel(): canceling Sun Jun 10 01:20:46 UTC 2018
06/10/18 01:20:46
Failed: 0  Total Tests: 192  ((Passed: 187, Newly Passed: 1)  Known Failed: 5) /home/travis/build/icyphy/ptII/ptolemy/domains/de/test
06/10/18 01:20:46
Failed: 0  Total Tests: 192  ((Passed: 187, Newly Passed: 1)  Known Failed: 5) /home/travis/build/icyphy/ptII/ptolemy/domains/de/test
----------------- testing (KnownFailure) /home/travis/build/icyphy/ptII/ptolemy/domains/de/test/auto/knownFailedTests/DESDFClockTest.xml
2007 ms. Memory: 249344K Free: 228525K (92%)
Known Failure: java.lang.reflect.InvocationTargetException
----------------- testing (KnownFailure) /home/travis/build/icyphy/ptII/ptolemy/domains/de/test/auto/knownFailedTests/DirectFeedback.xml
1 ms. Memory: 249344K Free: 215090K (86%)
Known Failure: java.lang.reflect.InvocationTargetException
----------------- testing (KnownFailure) /home/travis/build/icyphy/ptII/ptolemy/domains/de/test/auto/knownFailedTests/FSMSource.xml
7 ms. Memory: 249344K Free: 198280K (80%)
----------------- testing (KnownFailure) /home/travis/build/icyphy/ptII/ptolemy/domains/de/test/auto/knownFailedTests/HierarchicalModel.xml
2 ms. Memory: 249344K Free: 178103K (71%)
Known Failure: java.lang.reflect.InvocationTargetException
----------------- testing (KnownFailure) /home/travis/build/icyphy/ptII/ptolemy/domains/de/test/auto/knownFailedTests/dependencyLoop.xml
2 ms. Memory: 249344K Free: 151201K (61%)
Known Failure: java.lang.reflect.InvocationTargetException
----------------- testing (KnownFailure) /home/travis/build/icyphy/ptII/ptolemy/domains/de/test/auto/knownFailedTests/dependencyLoop2.xml
1 ms. Memory: 249344K Free: 124297K (50%)
Known Failure: java.lang.reflect.InvocationTargetException
No auto/linux-amd64/*.xml tests in /home/travis/build/icyphy/ptII/ptolemy/domains/de/test
AutoTests.java: About to close Vertx.
AutoTests.java: Vertx closed.

===========================================================================================
----------------- testing Sun Jun 10 01:20:48 UTC 2018 /home/travis/build/icyphy/ptII/ptolemy/domains/de/test/auto/ActorDepthCalculation_actorWithoutPorts.xml
----------------- Instantiating /home/travis/build/icyphy/ptII/ptolemy/domains/de/test/auto/ActorDepthCalculation_actorWithoutPorts.xml
1 ms. Memory: 249344K Free: 104128K (42%)
----------------- Invoking toplevel() on ptolemy.moml.MoMLSimpleApplication@9c207eb
----------------- Done invoking toplevel() on ptolemy.moml.MoMLSimpleApplication@9c207eb
reloadAllAccessors: .ActorDepthCalculation_actorWithoutPorts

===========================================================================================
----------------- testing Sun Jun 10 01:20:48 UTC 2018 /home/travis/build/icyphy/ptII/ptolemy/domains/de/test/auto/AssemblyLine.xml
----------------- Instantiating /home/travis/build/icyphy/ptII/ptolemy/domains/de/test/auto/AssemblyLine.xml
1 ms. Memory: 249344K Free: 94052K (38%)
----------------- Invoking toplevel() on ptolemy.moml.MoMLSimpleApplication@1eb779ae
----------------- Done invoking toplevel() on ptolemy.moml.MoMLSimpleApplication@1eb779ae
reloadAllAccessors: .AssemblyLine

===========================================================================================
----------------- testing Sun Jun 10 01:20:48 UTC 2018 /home/travis/build/icyphy/ptII/ptolemy/domains/de/test/auto/CQBug1.xml
----------------- Instantiating /home/travis/build/icyphy/ptII/ptolemy/domains/de/test/auto/CQBug1.xml
0 ms. Memory: 249344K Free: 87334K (35%)
----------------- Invoking toplevel() on ptolemy.moml.MoMLSimpleApplication@794e7705
----------------- Done invoking toplevel() on ptolemy.moml.MoMLSimpleApplication@794e7705
reloadAllAccessors: .CQBug1

===========================================================================================
----------------- testing Sun Jun 10 01:20:48 UTC 2018 /home/travis/build/icyphy/ptII/ptolemy/domains/de/test/auto/CancelFireAt.xml
----------------- Instantiating /home/travis/build/icyphy/ptII/ptolemy/domains/de/test/auto/CancelFireAt.xml
1 ms. Memory: 249344K Free: 78168K (31%)
----------------- Invoking toplevel() on ptolemy.moml.MoMLSimpleApplication@54e66047
----------------- Done invoking toplevel() on ptolemy.moml.MoMLSimpleApplication@54e66047
reloadAllAccessors: .CancelFireAt

===========================================================================================
----------------- testing Sun Jun 10 01:20:48 UTC 2018 /home/travis/build/icyphy/ptII/ptolemy/domains/de/test/auto/CausalityAndComposabilityAnalysis.xml
----------------- Instantiating /home/travis/build/icyphy/ptII/ptolemy/domains/de/test/auto/CausalityAndComposabilityAnalysis.xml
1 ms. Memory: 243200K Free: 232833K (96%)
----------------- Invoking toplevel() on ptolemy.moml.MoMLSimpleApplication@7ccff05d
----------------- Done invoking toplevel() on ptolemy.moml.MoMLSimpleApplication@7ccff05d
reloadAllAccessors: .CausalityAndComposabilityAnalysis

===========================================================================================
----------------- testing Sun Jun 10 01:20:48 UTC 2018 /home/travis/build/icyphy/ptII/ptolemy/domains/de/test/auto/CausalityInterface1.xml
----------------- Instantiating /home/travis/build/icyphy/ptII/ptolemy/domains/de/test/auto/CausalityInterface1.xml
3 ms. Memory: 243200K Free: 224836K (92%)
----------------- Invoking toplevel() on ptolemy.moml.MoMLSimpleApplication@ef78976
----------------- Done invoking toplevel() on ptolemy.moml.MoMLSimpleApplication@ef78976
reloadAllAccessors: .CausalityInterface1

===========================================================================================
----------------- testing Sun Jun 10 01:20:48 UTC 2018 /home/travis/build/icyphy/ptII/ptolemy/domains/de/test/auto/CausalityInterface15.xml
----------------- Instantiating /home/travis/build/icyphy/ptII/ptolemy/domains/de/test/auto/CausalityInterface15.xml
1 ms. Memory: 243200K Free: 216748K (89%)
----------------- Invoking toplevel() on ptolemy.moml.MoMLSimpleApplication@28425c2a
----------------- Done invoking toplevel() on ptolemy.moml.MoMLSimpleApplication@28425c2a
reloadAllAccessors: .CausalityInterface15

[...]
java.lang.RuntimeException: Execution failed
	at ptolemy.moml.MoMLSimpleApplication$UnloadThread.run(MoMLSimpleApplication.java:402)
Caused by: ptolemy.kernel.util.IllegalActionException: Test fails in iteration 1.
Value was: 1.0. Should have been: 2.0
  in .DirectFeedback.Test
	at ptolemy.actor.lib.Test.fire(Test.java:268)
	at ptolemy.domains.de.kernel.DEDirector._fire(DEDirector.java:1949)
	at ptolemy.domains.de.kernel.DEDirector.fire(DEDirector.java:502)
	at ptolemy.actor.CompositeActor.fire(CompositeActor.java:455)
	at ptolemy.actor.Manager.iterate(Manager.java:851)
	at ptolemy.actor.Manager.execute(Manager.java:369)
	at ptolemy.actor.Manager.run(Manager.java:1263)
	at ptolemy.actor.Manager$PtolemyRunThread.run(Manager.java:1915)
java.lang.RuntimeException: Execution failed
	at ptolemy.moml.MoMLSimpleApplication$UnloadThread.run(MoMLSimpleApplication.java:402)
Caused by: ptolemy.kernel.util.IllegalActionException: Actor is not ready to fire.  Perhaps UpSample.prefire() returned false? Try debugging the actor by selecting "Listen to Actor".  Also, for SDF check moml for tokenConsumptionRate on input.
  in .DESDFClockTest.Play Bell.Copy1:SDF Director and .DESDFClockTest.Play Bell.UpSample
	at ptolemy.actor.sched.StaticSchedulingDirector.fire(StaticSchedulingDirector.java:227)
	at ptolemy.domains.sdf.kernel.SDFDirector.fire(SDFDirector.java:500)
	at ptolemy.actor.CompositeActor.fire(CompositeActor.java:455)
	at ptolemy.domains.de.kernel.DEDirector._fire(DEDirector.java:1949)
	at ptolemy.domains.de.kernel.DEDirector.fire(DEDirector.java:502)
	at ptolemy.actor.CompositeActor.fire(CompositeActor.java:455)
	at ptolemy.actor.Manager.iterate(Manager.java:851)
	at ptolemy.actor.Manager.execute(Manager.java:369)
	at ptolemy.actor.Manager.run(Manager.java:1263)
	at ptolemy.actor.Manager$PtolemyRunThread.run(Manager.java:1915)
java.lang.reflect.InvocationTargetException
	at sun.reflect.NativeConstructorAccessorImpl.newInstance0(Native Method)
	at sun.reflect.NativeConstructorAccessorImpl.newInstance(NativeConstructorAccessorImpl.java:62)
	at sun.reflect.DelegatingConstructorAccessorImpl.newInstance(DelegatingConstructorAccessorImpl.java:45)
	at java.lang.reflect.Constructor.newInstance(Constructor.java:423)
	at ptolemy.util.test.junit.AutoKnownFailedTests.RunModel(AutoKnownFailedTests.java:107)
	at sun.reflect.NativeMethodAccessorImpl.invoke0(Native Method)
	at sun.reflect.NativeMethodAccessorImpl.invoke(NativeMethodAccessorImpl.java:62)
	at sun.reflect.DelegatingMethodAccessorImpl.invoke(DelegatingMethodAccessorImpl.java:43)
	at java.lang.reflect.Method.invoke(Method.java:498)
	at org.junit.runners.model.FrameworkMethod$1.runReflectiveCall(FrameworkMethod.java:44)
	at org.junit.internal.runners.model.ReflectiveCallable.run(ReflectiveCallable.java:15)
	at org.junit.runners.model.FrameworkMethod.invokeExplosively(FrameworkMethod.java:41)
	at junitparams.internal.InvokeParameterisedMethod.evaluate(InvokeParameterisedMethod.java:102)
	at org.junit.internal.runners.statements.FailOnTimeout$1.run(FailOnTimeout.java:28)
Caused by: ptolemy.kernel.util.IllegalActionException: Actor is not ready to fire.  Perhaps UpSample.prefire() returned false? Try debugging the actor by selecting "Listen to Actor".  Also, for SDF check moml for tokenConsumptionRate on input.
  in .DESDFClockTest.Play Bell.Copy1:SDF Director and .DESDFClockTest.Play Bell.UpSample
	at ptolemy.actor.sched.StaticSchedulingDirector.fire(StaticSchedulingDirector.java:227)
	at ptolemy.domains.sdf.kernel.SDFDirector.fire(SDFDirector.java:500)
	at ptolemy.actor.CompositeActor.fire(CompositeActor.java:455)
	at ptolemy.domains.de.kernel.DEDirector._fire(DEDirector.java:1949)
	at ptolemy.domains.de.kernel.DEDirector.fire(DEDirector.java:502)
	at ptolemy.actor.CompositeActor.fire(CompositeActor.java:455)
	at ptolemy.actor.Manager.iterate(Manager.java:851)
	at ptolemy.actor.Manager.execute(Manager.java:369)
	at ptolemy.actor.Manager.run(Manager.java:1263)
	at ptolemy.actor.Manager$PtolemyRunThread.run(Manager.java:1915)
java.lang.RuntimeException: Execution failed
	at ptolemy.moml.MoMLSimpleApplication$UnloadThread.run(MoMLSimpleApplication.java:402)
Caused by: ptolemy.kernel.util.IllegalActionException: Test fails in iteration 1.
Value was: 1.0. Should have been: 2.0
  in .DirectFeedback.Test
	at ptolemy.actor.lib.Test.fire(Test.java:268)
	at ptolemy.domains.de.kernel.DEDirector._fire(DEDirector.java:1949)
	at ptolemy.domains.de.kernel.DEDirector.fire(DEDirector.java:502)
	at ptolemy.actor.CompositeActor.fire(CompositeActor.java:455)
	at ptolemy.actor.Manager.iterate(Manager.java:851)
	at ptolemy.actor.Manager.execute(Manager.java:369)
	at ptolemy.actor.Manager.run(Manager.java:1263)
	at ptolemy.actor.Manager$PtolemyRunThread.run(Manager.java:1915)
java.lang.reflect.InvocationTargetException
	at sun.reflect.NativeConstructorAccessorImpl.newInstance0(Native Method)
	at sun.reflect.NativeConstructorAccessorImpl.newInstance(NativeConstructorAccessorImpl.java:62)
	at sun.reflect.DelegatingConstructorAccessorImpl.newInstance(DelegatingConstructorAccessorImpl.java:45)
	at java.lang.reflect.Constructor.newInstance(Constructor.java:423)
	at ptolemy.util.test.junit.AutoKnownFailedTests.RunModel(AutoKnownFailedTests.java:107)
	at sun.reflect.NativeMethodAccessorImpl.invoke0(Native Method)
	at sun.reflect.NativeMethodAccessorImpl.invoke(NativeMethodAccessorImpl.java:62)
	at sun.reflect.DelegatingMethodAccessorImpl.invoke(DelegatingMethodAccessorImpl.java:43)
	at java.lang.reflect.Method.invoke(Method.java:498)
	at org.junit.runners.model.FrameworkMethod$1.runReflectiveCall(FrameworkMethod.java:44)
	at org.junit.internal.runners.model.ReflectiveCallable.run(ReflectiveCallable.java:15)
	at org.junit.runners.model.FrameworkMethod.invokeExplosively(FrameworkMethod.java:41)
	at junitparams.internal.InvokeParameterisedMethod.evaluate(InvokeParameterisedMethod.java:102)
	at org.junit.internal.runners.statements.FailOnTimeout$1.run(FailOnTimeout.java:28)
Caused by: ptolemy.kernel.util.IllegalActionException: Test fails in iteration 1.
Value was: 1.0. Should have been: 2.0
  in .DirectFeedback.Test
	at ptolemy.actor.lib.Test.fire(Test.java:268)
	at ptolemy.domains.de.kernel.DEDirector._fire(DEDirector.java:1949)
	at ptolemy.domains.de.kernel.DEDirector.fire(DEDirector.java:502)
	at ptolemy.actor.CompositeActor.fire(CompositeActor.java:455)
	at ptolemy.actor.Manager.iterate(Manager.java:851)
	at ptolemy.actor.Manager.execute(Manager.java:369)
	at ptolemy.actor.Manager.run(Manager.java:1263)
	at ptolemy.actor.Manager$PtolemyRunThread.run(Manager.java:1915)
java.lang.RuntimeException: Execution failed
	at ptolemy.moml.MoMLSimpleApplication$UnloadThread.run(MoMLSimpleApplication.java:402)
Caused by: ptolemy.kernel.util.IllegalActionException: Found a zero delay loop containing .HierarchicalModel.A
  in .HierarchicalModel and .HierarchicalModel.A
	at ptolemy.actor.util.CausalityInterfaceForComposites._computeOutputPortDepth(CausalityInterfaceForComposites.java:759)
	at ptolemy.actor.util.CausalityInterfaceForComposites._computeInputDepth(CausalityInterfaceForComposites.java:696)
	at ptolemy.actor.util.CausalityInterfaceForComposites._computeOutputPortDepth(CausalityInterfaceForComposites.java:765)
	at ptolemy.actor.util.CausalityInterfaceForComposites._computeInputDepth(CausalityInterfaceForComposites.java:696)
	at ptolemy.actor.util.CausalityInterfaceForComposites._computeOutputPortDepth(CausalityInterfaceForComposites.java:765)
	at ptolemy.actor.util.CausalityInterfaceForComposites._computeInputDepth(CausalityInterfaceForComposites.java:696)
	at ptolemy.actor.util.CausalityInterfaceForComposites._computeActorDepth(CausalityInterfaceForComposites.java:532)
	at ptolemy.actor.util.CausalityInterfaceForComposites.checkForCycles(CausalityInterfaceForComposites.java:96)
	at ptolemy.domains.de.kernel.DEDirector.preinitialize(DEDirector.java:1338)
	at ptolemy.actor.CompositeActor.preinitialize(CompositeActor.java:1828)
	at ptolemy.actor.Manager.preinitializeAndResolveTypes(Manager.java:1040)
	at ptolemy.actor.Manager.initialize(Manager.java:710)
	at ptolemy.actor.Manager.execute(Manager.java:356)
	at ptolemy.actor.Manager.run(Manager.java:1263)
	at ptolemy.actor.Manager$PtolemyRunThread.run(Manager.java:1915)
java.lang.reflect.InvocationTargetException
	at sun.reflect.NativeConstructorAccessorImpl.newInstance0(Native Method)
	at sun.reflect.NativeConstructorAccessorImpl.newInstance(NativeConstructorAccessorImpl.java:62)
	at sun.reflect.DelegatingConstructorAccessorImpl.newInstance(DelegatingConstructorAccessorImpl.java:45)
	at java.lang.reflect.Constructor.newInstance(Constructor.java:423)
	at ptolemy.util.test.junit.AutoKnownFailedTests.RunModel(AutoKnownFailedTests.java:107)
	at sun.reflect.NativeMethodAccessorImpl.invoke0(Native Method)
	at sun.reflect.NativeMethodAccessorImpl.invoke(NativeMethodAccessorImpl.java:62)
	at sun.reflect.DelegatingMethodAccessorImpl.invoke(DelegatingMethodAccessorImpl.java:43)
	at java.lang.reflect.Method.invoke(Method.java:498)
	at org.junit.runners.model.FrameworkMethod$1.runReflectiveCall(FrameworkMethod.java:44)
	at org.junit.internal.runners.model.ReflectiveCallable.run(ReflectiveCallable.java:15)
	at org.junit.runners.model.FrameworkMethod.invokeExplosively(FrameworkMethod.java:41)
	at junitparams.internal.InvokeParameterisedMethod.evaluate(InvokeParameterisedMethod.java:102)
	at org.junit.internal.runners.statements.FailOnTimeout$1.run(FailOnTimeout.java:28)
Caused by: ptolemy.kernel.util.IllegalActionException: Found a zero delay loop containing .HierarchicalModel.A
  in .HierarchicalModel and .HierarchicalModel.A
	at ptolemy.actor.util.CausalityInterfaceForComposites._computeOutputPortDepth(CausalityInterfaceForComposites.java:759)
	at ptolemy.actor.util.CausalityInterfaceForComposites._computeInputDepth(CausalityInterfaceForComposites.java:696)
	at ptolemy.actor.util.CausalityInterfaceForComposites._computeOutputPortDepth(CausalityInterfaceForComposites.java:765)
	at ptolemy.actor.util.CausalityInterfaceForComposites._computeInputDepth(CausalityInterfaceForComposites.java:696)
	at ptolemy.actor.util.CausalityInterfaceForComposites._computeOutputPortDepth(CausalityInterfaceForComposites.java:765)
	at ptolemy.actor.util.CausalityInterfaceForComposites._computeInputDepth(CausalityInterfaceForComposites.java:696)
	at ptolemy.actor.util.CausalityInterfaceForComposites._computeActorDepth(CausalityInterfaceForComposites.java:532)
	at ptolemy.actor.util.CausalityInterfaceForComposites.checkForCycles(CausalityInterfaceForComposites.java:96)
	at ptolemy.domains.de.kernel.DEDirector.preinitialize(DEDirector.java:1338)
	at ptolemy.actor.CompositeActor.preinitialize(CompositeActor.java:1828)
	at ptolemy.actor.Manager.preinitializeAndResolveTypes(Manager.java:1040)
	at ptolemy.actor.Manager.initialize(Manager.java:710)
	at ptolemy.actor.Manager.execute(Manager.java:356)
	at ptolemy.actor.Manager.run(Manager.java:1263)
	at ptolemy.actor.Manager$PtolemyRunThread.run(Manager.java:1915)
java.lang.RuntimeException: Execution failed
	at ptolemy.moml.MoMLSimpleApplication$UnloadThread.run(MoMLSimpleApplication.java:402)
Caused by: ptolemy.kernel.util.IllegalActionException: Found a zero delay loop containing .dependencyLoop.original
  in .dependencyLoop and .dependencyLoop.original
	at ptolemy.actor.util.CausalityInterfaceForComposites._computeOutputPortDepth(CausalityInterfaceForComposites.java:759)
	at ptolemy.actor.util.CausalityInterfaceForComposites._computeInputDepth(CausalityInterfaceForComposites.java:696)
	at ptolemy.actor.util.CausalityInterfaceForComposites._computeOutputPortDepth(CausalityInterfaceForComposites.java:765)
	at ptolemy.actor.util.CausalityInterfaceForComposites._computeInputDepth(CausalityInterfaceForComposites.java:696)
	at ptolemy.actor.util.CausalityInterfaceForComposites._computeOutputPortDepth(CausalityInterfaceForComposites.java:765)
	at ptolemy.actor.util.CausalityInterfaceForComposites._computeInputDepth(CausalityInterfaceForComposites.java:696)
	at ptolemy.actor.util.CausalityInterfaceForComposites._computeActorDepth(CausalityInterfaceForComposites.java:532)
	at ptolemy.actor.util.CausalityInterfaceForComposites.checkForCycles(CausalityInterfaceForComposites.java:96)
	at ptolemy.domains.de.kernel.DEDirector.preinitialize(DEDirector.java:1338)
	at ptolemy.actor.CompositeActor.preinitialize(CompositeActor.java:1828)
	at ptolemy.actor.Manager.preinitializeAndResolveTypes(Manager.java:1040)
	at ptolemy.actor.Manager.initialize(Manager.java:710)
	at ptolemy.actor.Manager.execute(Manager.java:356)
	at ptolemy.actor.Manager.run(Manager.java:1263)
	at ptolemy.actor.Manager$PtolemyRunThread.run(Manager.java:1915)
java.lang.reflect.InvocationTargetException
	at sun.reflect.NativeConstructorAccessorImpl.newInstance0(Native Method)
	at sun.reflect.NativeConstructorAccessorImpl.newInstance(NativeConstructorAccessorImpl.java:62)
	at sun.reflect.DelegatingConstructorAccessorImpl.newInstance(DelegatingConstructorAccessorImpl.java:45)
	at java.lang.reflect.Constructor.newInstance(Constructor.java:423)
	at ptolemy.util.test.junit.AutoKnownFailedTests.RunModel(AutoKnownFailedTests.java:107)
	at sun.reflect.NativeMethodAccessorImpl.invoke0(Native Method)
	at sun.reflect.NativeMethodAccessorImpl.invoke(NativeMethodAccessorImpl.java:62)
	at sun.reflect.DelegatingMethodAccessorImpl.invoke(DelegatingMethodAccessorImpl.java:43)
	at java.lang.reflect.Method.invoke(Method.java:498)
	at org.junit.runners.model.FrameworkMethod$1.runReflectiveCall(FrameworkMethod.java:44)
	at org.junit.internal.runners.model.ReflectiveCallable.run(ReflectiveCallable.java:15)
	at org.junit.runners.model.FrameworkMethod.invokeExplosively(FrameworkMethod.java:41)
	at junitparams.internal.InvokeParameterisedMethod.evaluate(InvokeParameterisedMethod.java:102)
	at org.junit.internal.runners.statements.FailOnTimeout$1.run(FailOnTimeout.java:28)
Caused by: ptolemy.kernel.util.IllegalActionException: Found a zero delay loop containing .dependencyLoop.original
  in .dependencyLoop and .dependencyLoop.original
	at ptolemy.actor.util.CausalityInterfaceForComposites._computeOutputPortDepth(CausalityInterfaceForComposites.java:759)
	at ptolemy.actor.util.CausalityInterfaceForComposites._computeInputDepth(CausalityInterfaceForComposites.java:696)
	at ptolemy.actor.util.CausalityInterfaceForComposites._computeOutputPortDepth(CausalityInterfaceForComposites.java:765)
	at ptolemy.actor.util.CausalityInterfaceForComposites._computeInputDepth(CausalityInterfaceForComposites.java:696)
	at ptolemy.actor.util.CausalityInterfaceForComposites._computeOutputPortDepth(CausalityInterfaceForComposites.java:765)
	at ptolemy.actor.util.CausalityInterfaceForComposites._computeInputDepth(CausalityInterfaceForComposites.java:696)
	at ptolemy.actor.util.CausalityInterfaceForComposites._computeActorDepth(CausalityInterfaceForComposites.java:532)
	at ptolemy.actor.util.CausalityInterfaceForComposites.checkForCycles(CausalityInterfaceForComposites.java:96)
	at ptolemy.domains.de.kernel.DEDirector.preinitialize(DEDirector.java:1338)
	at ptolemy.actor.CompositeActor.preinitialize(CompositeActor.java:1828)
	at ptolemy.actor.Manager.preinitializeAndResolveTypes(Manager.java:1040)
	at ptolemy.actor.Manager.initialize(Manager.java:710)
	at ptolemy.actor.Manager.execute(Manager.java:356)
	at ptolemy.actor.Manager.run(Manager.java:1263)
	at ptolemy.actor.Manager$PtolemyRunThread.run(Manager.java:1915)
java.lang.RuntimeException: Execution failed
	at ptolemy.moml.MoMLSimpleApplication$UnloadThread.run(MoMLSimpleApplication.java:402)
Caused by: ptolemy.kernel.util.IllegalActionException: Found a zero delay loop containing .dependencyLoop2.original
  in .dependencyLoop2 and .dependencyLoop2.original
	at ptolemy.actor.util.CausalityInterfaceForComposites._computeOutputPortDepth(CausalityInterfaceForComposites.java:759)
	at ptolemy.actor.util.CausalityInterfaceForComposites._computeInputDepth(CausalityInterfaceForComposites.java:696)
	at ptolemy.actor.util.CausalityInterfaceForComposites._computeOutputPortDepth(CausalityInterfaceForComposites.java:765)
	at ptolemy.actor.util.CausalityInterfaceForComposites._computeInputDepth(CausalityInterfaceForComposites.java:696)
	at ptolemy.actor.util.CausalityInterfaceForComposites._computeOutputPortDepth(CausalityInterfaceForComposites.java:765)
	at ptolemy.actor.util.CausalityInterfaceForComposites._computeInputDepth(CausalityInterfaceForComposites.java:696)
	at ptolemy.actor.util.CausalityInterfaceForComposites._computeActorDepth(CausalityInterfaceForComposites.java:532)
	at ptolemy.actor.util.CausalityInterfaceForComposites.checkForCycles(CausalityInterfaceForComposites.java:96)
	at ptolemy.domains.de.kernel.DEDirector.preinitialize(DEDirector.java:1338)
	at ptolemy.actor.CompositeActor.preinitialize(CompositeActor.java:1828)
	at ptolemy.actor.Manager.preinitializeAndResolveTypes(Manager.java:1040)
	at ptolemy.actor.Manager.initialize(Manager.java:710)
	at ptolemy.actor.Manager.execute(Manager.java:356)
	at ptolemy.actor.Manager.run(Manager.java:1263)
	at ptolemy.actor.Manager$PtolemyRunThread.run(Manager.java:1915)
java.lang.reflect.InvocationTargetException
	at sun.reflect.NativeConstructorAccessorImpl.newInstance0(Native Method)
	at sun.reflect.NativeConstructorAccessorImpl.newInstance(NativeConstructorAccessorImpl.java:62)
	at sun.reflect.DelegatingConstructorAccessorImpl.newInstance(DelegatingConstructorAccessorImpl.java:45)
	at java.lang.reflect.Constructor.newInstance(Constructor.java:423)
	at ptolemy.util.test.junit.AutoKnownFailedTests.RunModel(AutoKnownFailedTests.java:107)
	at sun.reflect.NativeMethodAccessorImpl.invoke0(Native Method)
	at sun.reflect.NativeMethodAccessorImpl.invoke(NativeMethodAccessorImpl.java:62)
	at sun.reflect.DelegatingMethodAccessorImpl.invoke(DelegatingMethodAccessorImpl.java:43)
	at java.lang.reflect.Method.invoke(Method.java:498)
	at org.junit.runners.model.FrameworkMethod$1.runReflectiveCall(FrameworkMethod.java:44)
	at org.junit.internal.runners.model.ReflectiveCallable.run(ReflectiveCallable.java:15)
	at org.junit.runners.model.FrameworkMethod.invokeExplosively(FrameworkMethod.java:41)
	at junitparams.internal.InvokeParameterisedMethod.evaluate(InvokeParameterisedMethod.java:102)
	at org.junit.internal.runners.statements.FailOnTimeout$1.run(FailOnTimeout.java:28)
Caused by: ptolemy.kernel.util.IllegalActionException: Found a zero delay loop containing .dependencyLoop2.original
  in .dependencyLoop2 and .dependencyLoop2.original
	at ptolemy.actor.util.CausalityInterfaceForComposites._computeOutputPortDepth(CausalityInterfaceForComposites.java:759)
	at ptolemy.actor.util.CausalityInterfaceForComposites._computeInputDepth(CausalityInterfaceForComposites.java:696)
	at ptolemy.actor.util.CausalityInterfaceForComposites._computeOutputPortDepth(CausalityInterfaceForComposites.java:765)
	at ptolemy.actor.util.CausalityInterfaceForComposites._computeInputDepth(CausalityInterfaceForComposites.java:696)
	at ptolemy.actor.util.CausalityInterfaceForComposites._computeOutputPortDepth(CausalityInterfaceForComposites.java:765)
	at ptolemy.actor.util.CausalityInterfaceForComposites._computeInputDepth(CausalityInterfaceForComposites.java:696)
	at ptolemy.actor.util.CausalityInterfaceForComposites._computeActorDepth(CausalityInterfaceForComposites.java:532)
	at ptolemy.actor.util.CausalityInterfaceForComposites.checkForCycles(CausalityInterfaceForComposites.java:96)
	at ptolemy.domains.de.kernel.DEDirector.preinitialize(DEDirector.java:1338)
	at ptolemy.actor.CompositeActor.preinitialize(CompositeActor.java:1828)
	at ptolemy.actor.Manager.preinitializeAndResolveTypes(Manager.java:1040)
	at ptolemy.actor.Manager.initialize(Manager.java:710)
	at ptolemy.actor.Manager.execute(Manager.java:356)
	at ptolemy.actor.Manager.run(Manager.java:1263)
	at ptolemy.actor.Manager$PtolemyRunThread.run(Manager.java:1915)
]]></system-err>
</testsuite>
