<?xml version="1.0" encoding="UTF-8" ?>
<testsuite errors="0" failures="0" hostname="travis-job-bd90a24c-9d99-4b4b-a21d-05dca06289f4" name="ptolemy.domains.de.test.junit.JUnitTclTest" skipped="0" tests="101" time="142.067" timestamp="2019-10-28T06:07:26">
  <properties>
[...]
</properties>
  <testcase classname="ptolemy.util.test.junit.TclTests" name="[0] /home/travis/build/icyphy/ptII/ptolemy/domains/de/test/DependencyLoop.tcl (RunTclFile)" time="1.152" />
  <testcase classname="ptolemy.util.test.junit.TclTests" name="[1] /home/travis/build/icyphy/ptII/ptolemy/domains/de/test/RunDETestsAsQSS.tcl (RunTclFile)" time="96.639" />
  <testcase classname="ptolemy.util.test.junit.AutoKnownFailedTests" name="[0] /home/travis/build/icyphy/ptII/ptolemy/domains/de/test/auto/knownFailedTests/DESDFClockTest.xml (RunModel)" time="2.047" />
  <testcase classname="ptolemy.util.test.junit.AutoKnownFailedTests" name="[1] /home/travis/build/icyphy/ptII/ptolemy/domains/de/test/auto/knownFailedTests/DirectFeedback.xml (RunModel)" time="0.02" />
  <testcase classname="ptolemy.util.test.junit.AutoKnownFailedTests" name="[2] /home/travis/build/icyphy/ptII/ptolemy/domains/de/test/auto/knownFailedTests/FSMSource.xml (RunModel)" time="0.03" />
  <testcase classname="ptolemy.util.test.junit.AutoKnownFailedTests" name="[3] /home/travis/build/icyphy/ptII/ptolemy/domains/de/test/auto/knownFailedTests/HierarchicalModel.xml (RunModel)" time="0.045" />
  <testcase classname="ptolemy.util.test.junit.AutoKnownFailedTests" name="[4] /home/travis/build/icyphy/ptII/ptolemy/domains/de/test/auto/knownFailedTests/dependencyLoop.xml (RunModel)" time="0.049" />
  <testcase classname="ptolemy.util.test.junit.AutoKnownFailedTests" name="[5] /home/travis/build/icyphy/ptII/ptolemy/domains/de/test/auto/knownFailedTests/dependencyLoop2.xml (RunModel)" time="0.042" />
  <testcase classname="ptolemy.util.test.junit.AutoNameArchTests" name="[0] ThereAreNoAutoArchTests (RunModel)" time="0.005" />
  <testcase classname="ptolemy.util.test.junit.AutoTests" name="[0] /home/travis/build/icyphy/ptII/ptolemy/domains/de/test/auto/ActorDepthCalculation_actorWithoutPorts.xml (RunModel)" time="0.028" />
  <testcase classname="ptolemy.util.test.junit.AutoTests" name="[1] /home/travis/build/icyphy/ptII/ptolemy/domains/de/test/auto/AssemblyLine.xml (RunModel)" time="0.023" />
  <testcase classname="ptolemy.util.test.junit.AutoTests" name="[2] /home/travis/build/icyphy/ptII/ptolemy/domains/de/test/auto/CQBug1.xml (RunModel)" time="0.007" />
  <testcase classname="ptolemy.util.test.junit.AutoTests" name="[3] /home/travis/build/icyphy/ptII/ptolemy/domains/de/test/auto/CancelFireAt.xml (RunModel)" time="0.022" />
  <testcase classname="ptolemy.util.test.junit.AutoTests" name="[4] /home/travis/build/icyphy/ptII/ptolemy/domains/de/test/auto/CausalityAndComposabilityAnalysis.xml (RunModel)" time="0.022" />
  <testcase classname="ptolemy.util.test.junit.AutoTests" name="[5] /home/travis/build/icyphy/ptII/ptolemy/domains/de/test/auto/CausalityInterface1.xml (RunModel)" time="0.018" />
  <testcase classname="ptolemy.util.test.junit.AutoTests" name="[6] /home/travis/build/icyphy/ptII/ptolemy/domains/de/test/auto/CausalityInterface15.xml (RunModel)" time="0.018" />
  <testcase classname="ptolemy.util.test.junit.AutoTests" name="[7] /home/travis/build/icyphy/ptII/ptolemy/domains/de/test/auto/CausalityInterface2.xml (RunModel)" time="0.013" />
  <testcase classname="ptolemy.util.test.junit.AutoTests" name="[8] /home/travis/build/icyphy/ptII/ptolemy/domains/de/test/auto/CausalityInterface3.xml (RunModel)" time="0.014" />
  <testcase classname="ptolemy.util.test.junit.AutoTests" name="[9] /home/travis/build/icyphy/ptII/ptolemy/domains/de/test/auto/ClockDrift.xml (RunModel)" time="0.04" />
  <testcase classname="ptolemy.util.test.junit.AutoTests" name="[10] /home/travis/build/icyphy/ptII/ptolemy/domains/de/test/auto/ClockDriftAndValueChange.xml (RunModel)" time="0.038" />
  <testcase classname="ptolemy.util.test.junit.AutoTests" name="[11] /home/travis/build/icyphy/ptII/ptolemy/domains/de/test/auto/ClockDriftChange.xml (RunModel)" time="0.042" />
  <testcase classname="ptolemy.util.test.junit.AutoTests" name="[12] /home/travis/build/icyphy/ptII/ptolemy/domains/de/test/auto/ComposableCausalityAnalysis.xml (RunModel)" time="0.017" />
  <testcase classname="ptolemy.util.test.junit.AutoTests" name="[13] /home/travis/build/icyphy/ptII/ptolemy/domains/de/test/auto/DEFixedPointLimitation.xml (RunModel)" time="0.009" />
  <testcase classname="ptolemy.util.test.junit.AutoTests" name="[14] /home/travis/build/icyphy/ptII/ptolemy/domains/de/test/auto/DEScheduleTest.xml (RunModel)" time="0.014" />
  <testcase classname="ptolemy.util.test.junit.AutoTests" name="[15] /home/travis/build/icyphy/ptII/ptolemy/domains/de/test/auto/DEinDEwithStartTimes.xml (RunModel)" time="0.015" />
  <testcase classname="ptolemy.util.test.junit.AutoTests" name="[16] /home/travis/build/icyphy/ptII/ptolemy/domains/de/test/auto/DEinDEwithStartTimes2.xml (RunModel)" time="0.021" />
  <testcase classname="ptolemy.util.test.junit.AutoTests" name="[17] /home/travis/build/icyphy/ptII/ptolemy/domains/de/test/auto/DateDemo.xml (RunModel)" time="0.048" />
  <testcase classname="ptolemy.util.test.junit.AutoTests" name="[18] /home/travis/build/icyphy/ptII/ptolemy/domains/de/test/auto/DateToEvent.xml (RunModel)" time="2.043" />
  <testcase classname="ptolemy.util.test.junit.AutoTests" name="[19] /home/travis/build/icyphy/ptII/ptolemy/domains/de/test/auto/DepthTest1.xml (RunModel)" time="0.009" />
  <testcase classname="ptolemy.util.test.junit.AutoTests" name="[20] /home/travis/build/icyphy/ptII/ptolemy/domains/de/test/auto/DepthTest2.xml (RunModel)" time="0.032" />
  <testcase classname="ptolemy.util.test.junit.AutoTests" name="[21] /home/travis/build/icyphy/ptII/ptolemy/domains/de/test/auto/DepthTest3.xml (RunModel)" time="0.01" />
  <testcase classname="ptolemy.util.test.junit.AutoTests" name="[22] /home/travis/build/icyphy/ptII/ptolemy/domains/de/test/auto/DepthTest4.xml (RunModel)" time="0.02" />
  <testcase classname="ptolemy.util.test.junit.AutoTests" name="[23] /home/travis/build/icyphy/ptII/ptolemy/domains/de/test/auto/DepthTest5.xml (RunModel)" time="0.017" />
  <testcase classname="ptolemy.util.test.junit.AutoTests" name="[24] /home/travis/build/icyphy/ptII/ptolemy/domains/de/test/auto/DepthTest6.xml (RunModel)" time="0.013" />
  <testcase classname="ptolemy.util.test.junit.AutoTests" name="[25] /home/travis/build/icyphy/ptII/ptolemy/domains/de/test/auto/DepthTest7.xml (RunModel)" time="0.019" />
  <testcase classname="ptolemy.util.test.junit.AutoTests" name="[26] /home/travis/build/icyphy/ptII/ptolemy/domains/de/test/auto/EventToDate.xml (RunModel)" time="3.037" />
  <testcase classname="ptolemy.util.test.junit.AutoTests" name="[27] /home/travis/build/icyphy/ptII/ptolemy/domains/de/test/auto/FSM1.xml (RunModel)" time="0.046" />
  <testcase classname="ptolemy.util.test.junit.AutoTests" name="[28] /home/travis/build/icyphy/ptII/ptolemy/domains/de/test/auto/FSM7.xml (RunModel)" time="0.052" />
  <testcase classname="ptolemy.util.test.junit.AutoTests" name="[29] /home/travis/build/icyphy/ptII/ptolemy/domains/de/test/auto/Inspection.xml (RunModel)" time="0.052" />
  <testcase classname="ptolemy.util.test.junit.AutoTests" name="[30] /home/travis/build/icyphy/ptII/ptolemy/domains/de/test/auto/Iteration.xml (RunModel)" time="0.039" />
  <testcase classname="ptolemy.util.test.junit.AutoTests" name="[31] /home/travis/build/icyphy/ptII/ptolemy/domains/de/test/auto/LineFault.xml (RunModel)" time="0.752" />
  <testcase classname="ptolemy.util.test.junit.AutoTests" name="[32] /home/travis/build/icyphy/ptII/ptolemy/domains/de/test/auto/MergeModel1Add.xml (RunModel)" time="0.055" />
  <testcase classname="ptolemy.util.test.junit.AutoTests" name="[33] /home/travis/build/icyphy/ptII/ptolemy/domains/de/test/auto/MergeModel2Add.xml (RunModel)" time="0.037" />
  <testcase classname="ptolemy.util.test.junit.AutoTests" name="[34] /home/travis/build/icyphy/ptII/ptolemy/domains/de/test/auto/MergeModel3Add.xml (RunModel)" time="0.048" />
  <testcase classname="ptolemy.util.test.junit.AutoTests" name="[35] /home/travis/build/icyphy/ptII/ptolemy/domains/de/test/auto/MergeWithoutDiscard.xml (RunModel)" time="0.015" />
  <testcase classname="ptolemy.util.test.junit.AutoTests" name="[36] /home/travis/build/icyphy/ptII/ptolemy/domains/de/test/auto/Modal1.xml (RunModel)" time="0.026" />
  <testcase classname="ptolemy.util.test.junit.AutoTests" name="[37] /home/travis/build/icyphy/ptII/ptolemy/domains/de/test/auto/Modal2.xml (RunModel)" time="0.032" />
  <testcase classname="ptolemy.util.test.junit.AutoTests" name="[38] /home/travis/build/icyphy/ptII/ptolemy/domains/de/test/auto/Modal3.xml (RunModel)" time="0.029" />
  <testcase classname="ptolemy.util.test.junit.AutoTests" name="[39] /home/travis/build/icyphy/ptII/ptolemy/domains/de/test/auto/Modal4.xml (RunModel)" time="0.037" />
  <testcase classname="ptolemy.util.test.junit.AutoTests" name="[40] /home/travis/build/icyphy/ptII/ptolemy/domains/de/test/auto/Modal5.xml (RunModel)" time="0.03" />
  <testcase classname="ptolemy.util.test.junit.AutoTests" name="[41] /home/travis/build/icyphy/ptII/ptolemy/domains/de/test/auto/Modal6.xml (RunModel)" time="0.027" />
  <testcase classname="ptolemy.util.test.junit.AutoTests" name="[42] /home/travis/build/icyphy/ptII/ptolemy/domains/de/test/auto/Modal7.xml (RunModel)" time="0.037" />
  <testcase classname="ptolemy.util.test.junit.AutoTests" name="[43] /home/travis/build/icyphy/ptII/ptolemy/domains/de/test/auto/ModalModel.xml (RunModel)" time="0.197" />
  <testcase classname="ptolemy.util.test.junit.AutoTests" name="[44] /home/travis/build/icyphy/ptII/ptolemy/domains/de/test/auto/ModalSource.xml (RunModel)" time="0.024" />
  <testcase classname="ptolemy.util.test.junit.AutoTests" name="[45] /home/travis/build/icyphy/ptII/ptolemy/domains/de/test/auto/NonInterruptibleTimerZeroDelay.xml (RunModel)" time="0.013" />
  <testcase classname="ptolemy.util.test.junit.AutoTests" name="[46] /home/travis/build/icyphy/ptII/ptolemy/domains/de/test/auto/OpenQueueingNetwork.xml (RunModel)" time="2.586" />
  <testcase classname="ptolemy.util.test.junit.AutoTests" name="[47] /home/travis/build/icyphy/ptII/ptolemy/domains/de/test/auto/OpenQueuingNetwork.xml (RunModel)" time="0.296" />
  <testcase classname="ptolemy.util.test.junit.AutoTests" name="[48] /home/travis/build/icyphy/ptII/ptolemy/domains/de/test/auto/PeriodicSampler.xml (RunModel)" time="0.012" />
  <testcase classname="ptolemy.util.test.junit.AutoTests" name="[49] /home/travis/build/icyphy/ptII/ptolemy/domains/de/test/auto/PersistentIO.xml (RunModel)" time="0.02" />
  <testcase classname="ptolemy.util.test.junit.AutoTests" name="[50] /home/travis/build/icyphy/ptII/ptolemy/domains/de/test/auto/PortParameterResetOnInitialize.xml (RunModel)" time="0.013" />
  <testcase classname="ptolemy.util.test.junit.AutoTests" name="[51] /home/travis/build/icyphy/ptII/ptolemy/domains/de/test/auto/PortParameterUpdates.xml (RunModel)" time="0.014" />
  <testcase classname="ptolemy.util.test.junit.AutoTests" name="[52] /home/travis/build/icyphy/ptII/ptolemy/domains/de/test/auto/QueueAndServer.xml (RunModel)" time="0.027" />
  <testcase classname="ptolemy.util.test.junit.AutoTests" name="[53] /home/travis/build/icyphy/ptII/ptolemy/domains/de/test/auto/Records.xml (RunModel)" time="0.015" />
  <testcase classname="ptolemy.util.test.junit.AutoTests" name="[54] /home/travis/build/icyphy/ptII/ptolemy/domains/de/test/auto/ResetTransitionWithStartTime1.xml (RunModel)" time="0.022" />
  <testcase classname="ptolemy.util.test.junit.AutoTests" name="[55] /home/travis/build/icyphy/ptII/ptolemy/domains/de/test/auto/ResetTransitionWithStartTime2.xml (RunModel)" time="0.023" />
  <testcase classname="ptolemy.util.test.junit.AutoTests" name="[56] /home/travis/build/icyphy/ptII/ptolemy/domains/de/test/auto/ResetTransitionWithStartTime3.xml (RunModel)" time="0.019" />
  <testcase classname="ptolemy.util.test.junit.AutoTests" name="[57] /home/travis/build/icyphy/ptII/ptolemy/domains/de/test/auto/ResetTransitionWithStartTime4.xml (RunModel)" time="0.018" />
  <testcase classname="ptolemy.util.test.junit.AutoTests" name="[58] /home/travis/build/icyphy/ptII/ptolemy/domains/de/test/auto/ResettableTimer1.xml (RunModel)" time="0.01" />
  <testcase classname="ptolemy.util.test.junit.AutoTests" name="[59] /home/travis/build/icyphy/ptII/ptolemy/domains/de/test/auto/ResettableTimer2.xml (RunModel)" time="0.011" />
  <testcase classname="ptolemy.util.test.junit.AutoTests" name="[60] /home/travis/build/icyphy/ptII/ptolemy/domains/de/test/auto/ResettableTimer3.xml (RunModel)" time="0.009" />
  <testcase classname="ptolemy.util.test.junit.AutoTests" name="[61] /home/travis/build/icyphy/ptII/ptolemy/domains/de/test/auto/ResettableTimer4.xml (RunModel)" time="0.011" />
  <testcase classname="ptolemy.util.test.junit.AutoTests" name="[62] /home/travis/build/icyphy/ptII/ptolemy/domains/de/test/auto/ResettableTimer5.xml (RunModel)" time="0.009" />
  <testcase classname="ptolemy.util.test.junit.AutoTests" name="[63] /home/travis/build/icyphy/ptII/ptolemy/domains/de/test/auto/ResettableTimer6.xml (RunModel)" time="0.015" />
  <testcase classname="ptolemy.util.test.junit.AutoTests" name="[64] /home/travis/build/icyphy/ptII/ptolemy/domains/de/test/auto/ServerZeroDelay.xml (RunModel)" time="0.012" />
  <testcase classname="ptolemy.util.test.junit.AutoTests" name="[65] /home/travis/build/icyphy/ptII/ptolemy/domains/de/test/auto/SmartSender.xml (RunModel)" time="3.009" />
  <testcase classname="ptolemy.util.test.junit.AutoTests" name="[66] /home/travis/build/icyphy/ptII/ptolemy/domains/de/test/auto/ThreadedComposite.xml (RunModel)" time="0.351" />
  <testcase classname="ptolemy.util.test.junit.AutoTests" name="[67] /home/travis/build/icyphy/ptII/ptolemy/domains/de/test/auto/Time.xml (RunModel)" time="0.465" />
  <testcase classname="ptolemy.util.test.junit.AutoTests" name="[68] /home/travis/build/icyphy/ptII/ptolemy/domains/de/test/auto/TimeDelayZeroDelay.xml (RunModel)" time="0.015" />
  <testcase classname="ptolemy.util.test.junit.AutoTests" name="[69] /home/travis/build/icyphy/ptII/ptolemy/domains/de/test/auto/TimerZeroDelay.xml (RunModel)" time="0.014" />
  <testcase classname="ptolemy.util.test.junit.AutoTests" name="[70] /home/travis/build/icyphy/ptII/ptolemy/domains/de/test/auto/TimingParadox.xml (RunModel)" time="0.42" />
  <testcase classname="ptolemy.util.test.junit.AutoTests" name="[71] /home/travis/build/icyphy/ptII/ptolemy/domains/de/test/auto/TransferInputs.xml (RunModel)" time="0.02" />
  <testcase classname="ptolemy.util.test.junit.AutoTests" name="[72] /home/travis/build/icyphy/ptII/ptolemy/domains/de/test/auto/TransferOutputs2.xml (RunModel)" time="0.021" />
  <testcase classname="ptolemy.util.test.junit.AutoTests" name="[73] /home/travis/build/icyphy/ptII/ptolemy/domains/de/test/auto/Trilateration.xml (RunModel)" time="14.315" />
  <testcase classname="ptolemy.util.test.junit.AutoTests" name="[74] /home/travis/build/icyphy/ptII/ptolemy/domains/de/test/auto/TwoSigmaDelta.xml (RunModel)" time="2.429" />
  <testcase classname="ptolemy.util.test.junit.AutoTests" name="[75] /home/travis/build/icyphy/ptII/ptolemy/domains/de/test/auto/VariableDelay.xml (RunModel)" time="0.011" />
  <testcase classname="ptolemy.util.test.junit.AutoTests" name="[76] /home/travis/build/icyphy/ptII/ptolemy/domains/de/test/auto/VariableDelay2.xml (RunModel)" time="0.016" />
  <testcase classname="ptolemy.util.test.junit.AutoTests" name="[77] /home/travis/build/icyphy/ptII/ptolemy/domains/de/test/auto/VariableDelayZeroDelay.xml (RunModel)" time="0.018" />
  <testcase classname="ptolemy.util.test.junit.AutoTests" name="[78] /home/travis/build/icyphy/ptII/ptolemy/domains/de/test/auto/VariableDelayZeroDelay2.xml (RunModel)" time="0.019" />
  <testcase classname="ptolemy.util.test.junit.AutoTests" name="[79] /home/travis/build/icyphy/ptII/ptolemy/domains/de/test/auto/deInCt.xml (RunModel)" time="0.012" />
  <testcase classname="ptolemy.util.test.junit.AutoTests" name="[80] /home/travis/build/icyphy/ptII/ptolemy/domains/de/test/auto/deInCt2.xml (RunModel)" time="0.013" />
  <testcase classname="ptolemy.util.test.junit.AutoTests" name="[81] /home/travis/build/icyphy/ptII/ptolemy/domains/de/test/auto/dynamicCausalityInterface1.xml (RunModel)" time="0.02" />
  <testcase classname="ptolemy.util.test.junit.AutoTests" name="[82] /home/travis/build/icyphy/ptII/ptolemy/domains/de/test/auto/fsm_de_test.xml (RunModel)" time="0.024" />
  <testcase classname="ptolemy.util.test.junit.AutoTests" name="[83] /home/travis/build/icyphy/ptII/ptolemy/domains/de/test/auto/functionDependencyReconstruction.xml (RunModel)" time="0.032" />
  <testcase classname="ptolemy.util.test.junit.AutoTests" name="[84] /home/travis/build/icyphy/ptII/ptolemy/domains/de/test/auto/multirate.xml (RunModel)" time="0.03" />
  <testcase classname="ptolemy.util.test.junit.AutoTests" name="[85] /home/travis/build/icyphy/ptII/ptolemy/domains/de/test/auto/multirate2.xml (RunModel)" time="0.021" />
  <testcase classname="ptolemy.util.test.junit.AutoTests" name="[86] /home/travis/build/icyphy/ptII/ptolemy/domains/de/test/auto/realtime.xml (RunModel)" time="10.018" />
  <testcase classname="ptolemy.util.test.junit.AutoTests" name="[87] /home/travis/build/icyphy/ptII/ptolemy/domains/de/test/auto/relationGroup.xml (RunModel)" time="0.017" />
  <testcase classname="ptolemy.util.test.junit.AutoTests" name="[88] /home/travis/build/icyphy/ptII/ptolemy/domains/de/test/auto/relationGroup2.xml (RunModel)" time="0.015" />
  <testcase classname="ptolemy.util.test.junit.AutoTests" name="[89] /home/travis/build/icyphy/ptII/ptolemy/domains/de/test/auto/sortWithOpaquePorts.xml (RunModel)" time="0.018" />
  <testcase classname="ptolemy.util.test.junit.AutoTests" name="[90] /home/travis/build/icyphy/ptII/ptolemy/domains/de/test/auto/transferInputsandOutputs.xml (RunModel)" time="0.02" />
  <testcase classname="ptolemy.util.test.junit.AutoTests" name="[91] /home/travis/build/icyphy/ptII/ptolemy/domains/de/test/auto/triggerType.xml (RunModel)" time="0.01" />
  <system-out><![CDATA[/home/travis/build/icyphy/ptII/ptolemy/domains/de/test/DependencyLoop.tcl
testDefs.tcl: setting time out to 9000 seconds at Mon Oct 28 06:07:26 UTC 2019
109 ms. Memory: 120832K Free: 72134K (60%)
31 ms. Memory: 120832K Free: 54711K (45%)
/home/travis/build/icyphy/ptII/ptolemy/domains/de/test/RunDETestsAsQSS.tcl
Run the DE tests using ptolemy.domains.qss.test.QSSDirectorTest, which extends QSSDirector and prints a message in the constructors.
------------------ testing $PTII/ptolemy/domains/de/test/auto/knownFailedTests/DirectFeedback.xml (Known Failure) 
54 ms. Memory: 120832K Free: 48582K (40%)


==== $PTIIhome/travis/build/icyphy/ptII/ptolemy/domains/de/test/../../../../: Auto Automatic test in file $PTII/ptolemy/domains/de/test/auto/knownFailedTests/DirectFeedback.xml
==== Contents of test case:

	    # FIXME: we should use $relativeFilename here, but it
	    # might have backslashes under Windows, which causes no end
	    # of trouble.
	    createAndExecute $file
	    list {}
	
.... Test generated KNOWN error:
    while executing
ptolemy.kernel.util.IllegalActionException: Test fails in iteration 1.
Value was: 1.0. Should have been: 2.0
  in .DirectFeedback.Test
	at ptolemy.actor.lib.Test.fire(Test.java:268)
	at ptolemy.domains.de.kernel.DEDirector._fire(DEDirector.java:1949)
	at ptolemy.domains.de.kernel.DEDirector.fire(DEDirector.java:502)
	at ptolemy.actor.CompositeActor.fire(CompositeActor.java:455)
	at ptolemy.actor.Manager.iterate(Manager.java:851)
	at ptolemy.actor.Manager.execute(Manager.java:369)
	at ptolemy.actor.Manager.run(Manager.java:1263)
	at ptolemy.actor.Manager$PtolemyRunThread.run(Manager.java:1933)

    while executing
ptolemy.kernel.util.IllegalActionException: Test fails in iteration 1.
Value was: 1.0. Should have been: 2.0
  in .DirectFeedback.Test
    while executing
"java::new ptolemy.moml.MoMLSimpleApplication $file
"
    (procedure "createAndExecute" line 2)
    invoked from within
"createAndExecute $file"
    ("uplevel" body line 5)
    invoked from within
"uplevel $contents_of_test"
------------------ testing $PTII/ptolemy/domains/de/test/auto/knownFailedTests/dependencyLoop.xml (Known Failure) 
41 ms. Memory: 120832K Free: 108188K (90%)


==== $PTIIhome/travis/build/icyphy/ptII/ptolemy/domains/de/test/../../../../: Auto Automatic test in file $PTII/ptolemy/domains/de/test/auto/knownFailedTests/dependencyLoop.xml
==== Contents of test case:

	    # FIXME: we should use $relativeFilename here, but it
	    # might have backslashes under Windows, which causes no end
	    # of trouble.
	    createAndExecute $file
	    list {}
	
.... Test generated KNOWN error:
    while executing
ptolemy.kernel.util.IllegalActionException: Found a zero delay loop containing .dependencyLoop.original
  in .dependencyLoop and .dependencyLoop.original
	at ptolemy.actor.util.CausalityInterfaceForComposites._computeOutputPortDepth(CausalityInterfaceForComposites.java:759)
	at ptolemy.actor.util.CausalityInterfaceForComposites._computeInputDepth(CausalityInterfaceForComposites.java:696)
	at ptolemy.actor.util.CausalityInterfaceForComposites._computeOutputPortDepth(CausalityInterfaceForComposites.java:765)
	at ptolemy.actor.util.CausalityInterfaceForComposites._computeInputDepth(CausalityInterfaceForComposites.java:696)
	at ptolemy.actor.util.CausalityInterfaceForComposites._computeOutputPortDepth(CausalityInterfaceForComposites.java:765)
	at ptolemy.actor.util.CausalityInterfaceForComposites._computeInputDepth(CausalityInterfaceForComposites.java:696)
	at ptolemy.actor.util.CausalityInterfaceForComposites._computeActorDepth(CausalityInterfaceForComposites.java:532)
	at ptolemy.actor.util.CausalityInterfaceForComposites.checkForCycles(CausalityInterfaceForComposites.java:96)
	at ptolemy.domains.de.kernel.DEDirector.preinitialize(DEDirector.java:1338)
	at ptolemy.actor.CompositeActor.preinitialize(CompositeActor.java:1828)
	at ptolemy.actor.Manager.preinitializeAndResolveTypes(Manager.java:1040)
	at ptolemy.actor.Manager.initialize(Manager.java:710)
	at ptolemy.actor.Manager.execute(Manager.java:356)
	at ptolemy.actor.Manager.run(Manager.java:1263)
	at ptolemy.actor.Manager$PtolemyRunThread.run(Manager.java:1933)

    while executing
ptolemy.kernel.util.IllegalActionException: Found a zero delay loop containing .dependencyLoop.original
  in .dependencyLoop and .dependencyLoop.original
    while executing
"java::new ptolemy.moml.MoMLSimpleApplication $file
"
    (procedure "createAndExecute" line 2)
    invoked from within
"createAndExecute $file"
    ("uplevel" body line 5)
    invoked from within
"uplevel $contents_of_test"
------------------ testing $PTII/ptolemy/domains/de/test/auto/knownFailedTests/FSMSource.xml (Known Failure) 
89 ms. Memory: 120832K Free: 99326K (82%)
!!!! Auto was marked as failing, but now passes
------------------ testing $PTII/ptolemy/domains/de/test/auto/knownFailedTests/HierarchicalModel.xml (Known Failure) 
5 ms. Memory: 120832K Free: 81888K (68%)


==== $PTIIhome/travis/build/icyphy/ptII/ptolemy/domains/de/test/../../../../: Auto Automatic test in file $PTII/ptolemy/domains/de/test/auto/knownFailedTests/HierarchicalModel.xml
==== Contents of test case:

	    # FIXME: we should use $relativeFilename here, but it
	    # might have backslashes under Windows, which causes no end
	    # of trouble.
	    createAndExecute $file
	    list {}
	
.... Test generated KNOWN error:
    while executing
ptolemy.kernel.util.IllegalActionException: Found a zero delay loop containing .HierarchicalModel.A
  in .HierarchicalModel and .HierarchicalModel.A
	at ptolemy.actor.util.CausalityInterfaceForComposites._computeOutputPortDepth(CausalityInterfaceForComposites.java:759)
	at ptolemy.actor.util.CausalityInterfaceForComposites._computeInputDepth(CausalityInterfaceForComposites.java:696)
	at ptolemy.actor.util.CausalityInterfaceForComposites._computeOutputPortDepth(CausalityInterfaceForComposites.java:765)
	at ptolemy.actor.util.CausalityInterfaceForComposites._computeInputDepth(CausalityInterfaceForComposites.java:696)
	at ptolemy.actor.util.CausalityInterfaceForComposites._computeOutputPortDepth(CausalityInterfaceForComposites.java:765)
	at ptolemy.actor.util.CausalityInterfaceForComposites._computeInputDepth(CausalityInterfaceForComposites.java:696)
	at ptolemy.actor.util.CausalityInterfaceForComposites._computeActorDepth(CausalityInterfaceForComposites.java:532)
	at ptolemy.actor.util.CausalityInterfaceForComposites.checkForCycles(CausalityInterfaceForComposites.java:96)
	at ptolemy.domains.de.kernel.DEDirector.preinitialize(DEDirector.java:1338)
	at ptolemy.actor.CompositeActor.preinitialize(CompositeActor.java:1828)
	at ptolemy.actor.Manager.preinitializeAndResolveTypes(Manager.java:1040)
	at ptolemy.actor.Manager.initialize(Manager.java:710)
	at ptolemy.actor.Manager.execute(Manager.java:356)
	at ptolemy.actor.Manager.run(Manager.java:1263)
	at ptolemy.actor.Manager$PtolemyRunThread.run(Manager.java:1933)

    while executing
ptolemy.kernel.util.IllegalActionException: Found a zero delay loop containing .HierarchicalModel.A
  in .HierarchicalModel and .HierarchicalModel.A
    while executing
"java::new ptolemy.moml.MoMLSimpleApplication $file
"
    (procedure "createAndExecute" line 2)
    invoked from within
"createAndExecute $file"
    ("uplevel" body line 5)
    invoked from within
"uplevel $contents_of_test"
------------------ testing $PTII/ptolemy/domains/de/test/auto/knownFailedTests/dependencyLoop2.xml (Known Failure) 
9 ms. Memory: 120832K Free: 65952K (55%)


==== $PTIIhome/travis/build/icyphy/ptII/ptolemy/domains/de/test/../../../../: Auto Automatic test in file $PTII/ptolemy/domains/de/test/auto/knownFailedTests/dependencyLoop2.xml
==== Contents of test case:

	    # FIXME: we should use $relativeFilename here, but it
	    # might have backslashes under Windows, which causes no end
	    # of trouble.
	    createAndExecute $file
	    list {}
	
.... Test generated KNOWN error:
    while executing
ptolemy.kernel.util.IllegalActionException: Found a zero delay loop containing .dependencyLoop2.original
  in .dependencyLoop2 and .dependencyLoop2.original
	at ptolemy.actor.util.CausalityInterfaceForComposites._computeOutputPortDepth(CausalityInterfaceForComposites.java:759)
	at ptolemy.actor.util.CausalityInterfaceForComposites._computeInputDepth(CausalityInterfaceForComposites.java:696)
	at ptolemy.actor.util.CausalityInterfaceForComposites._computeOutputPortDepth(CausalityInterfaceForComposites.java:765)
	at ptolemy.actor.util.CausalityInterfaceForComposites._computeInputDepth(CausalityInterfaceForComposites.java:696)
	at ptolemy.actor.util.CausalityInterfaceForComposites._computeOutputPortDepth(CausalityInterfaceForComposites.java:765)
	at ptolemy.actor.util.CausalityInterfaceForComposites._computeInputDepth(CausalityInterfaceForComposites.java:696)
	at ptolemy.actor.util.CausalityInterfaceForComposites._computeActorDepth(CausalityInterfaceForComposites.java:532)
	at ptolemy.actor.util.CausalityInterfaceForComposites.checkForCycles(CausalityInterfaceForComposites.java:96)
	at ptolemy.domains.de.kernel.DEDirector.preinitialize(DEDirector.java:1338)
	at ptolemy.actor.CompositeActor.preinitialize(CompositeActor.java:1828)
	at ptolemy.actor.Manager.preinitializeAndResolveTypes(Manager.java:1040)
	at ptolemy.actor.Manager.initialize(Manager.java:710)
	at ptolemy.actor.Manager.execute(Manager.java:356)
	at ptolemy.actor.Manager.run(Manager.java:1263)
	at ptolemy.actor.Manager$PtolemyRunThread.run(Manager.java:1933)

    while executing
ptolemy.kernel.util.IllegalActionException: Found a zero delay loop containing .dependencyLoop2.original
  in .dependencyLoop2 and .dependencyLoop2.original
    while executing
"java::new ptolemy.moml.MoMLSimpleApplication $file
"
    (procedure "createAndExecute" line 2)
    invoked from within
"createAndExecute $file"
    ("uplevel" body line 5)
    invoked from within
"uplevel $contents_of_test"
------------------ testing $PTII/ptolemy/domains/de/test/auto/knownFailedTests/DESDFClockTest.xml (Known Failure) 
2072 ms. Memory: 120832K Free: 94307K (78%)


==== $PTIIhome/travis/build/icyphy/ptII/ptolemy/domains/de/test/../../../../: Auto Automatic test in file $PTII/ptolemy/domains/de/test/auto/knownFailedTests/DESDFClockTest.xml
==== Contents of test case:

	    # FIXME: we should use $relativeFilename here, but it
	    # might have backslashes under Windows, which causes no end
	    # of trouble.
	    createAndExecute $file
	    list {}
	
.... Test generated KNOWN error:
    while executing
ptolemy.kernel.util.IllegalActionException: Actor is not ready to fire.  Perhaps UpSample.prefire() returned false? Try debugging the actor by selecting "Listen to Actor".  Also, for SDF check moml for tokenConsumptionRate on input.
  in .DESDFClockTest.Play Bell.Copy1:SDF Director and .DESDFClockTest.Play Bell.UpSample
	at ptolemy.actor.sched.StaticSchedulingDirector.fire(StaticSchedulingDirector.java:227)
	at ptolemy.domains.sdf.kernel.SDFDirector.fire(SDFDirector.java:500)
	at ptolemy.actor.CompositeActor.fire(CompositeActor.java:455)
	at ptolemy.domains.de.kernel.DEDirector._fire(DEDirector.java:1949)
	at ptolemy.domains.de.kernel.DEDirector.fire(DEDirector.java:502)
	at ptolemy.actor.CompositeActor.fire(CompositeActor.java:455)
	at ptolemy.actor.Manager.iterate(Manager.java:851)
	at ptolemy.actor.Manager.execute(Manager.java:369)
	at ptolemy.actor.Manager.run(Manager.java:1263)
	at ptolemy.actor.Manager$PtolemyRunThread.run(Manager.java:1933)

    while executing
ptolemy.kernel.util.IllegalActionException: Actor is not ready to fire.  Perhaps UpSample.prefire() returned false? Try debugging the actor by selecting "Listen to Actor".  Also, for SDF check moml for tokenConsumptionRate on input.
  in .DESDFClockTest.Play Bell.Copy1:SDF Director and .DESDFClockTest.Play Bell.UpSample
    while executing
"java::new ptolemy.moml.MoMLSimpleApplication $file
"
    (procedure "createAndExecute" line 2)
    invoked from within
"createAndExecute $file"
    ("uplevel" body line 5)
    invoked from within
"uplevel $contents_of_test"
------------------ testing $PTII/ptolemy/domains/de/test/auto/ActorDepthCalculation_actorWithoutPorts.xml
auto.tcl: Setting watchdog for 200 seconds at Mon Oct 28 06:07:31 UTC 2019
11 ms. Memory: 120832K Free: 87100K (72%)
ptolemy.util.test.WatchDog.cancel(): canceling Mon Oct 28 06:07:31 UTC 2019
auto.tcl: Setting watchdog for 200 seconds at Mon Oct 28 06:07:31 UTC 2019
5 ms. Memory: 120832K Free: 85844K (71%)
ptolemy.util.test.WatchDog.cancel(): canceling Mon Oct 28 06:07:31 UTC 2019
------------------ testing $PTII/ptolemy/domains/de/test/auto/AssemblyLine.xml
auto.tcl: Setting watchdog for 200 seconds at Mon Oct 28 06:07:31 UTC 2019
11 ms. Memory: 45056K Free: 22455K (50%)
ptolemy.util.test.WatchDog.cancel(): canceling Mon Oct 28 06:07:31 UTC 2019
auto.tcl: Setting watchdog for 200 seconds at Mon Oct 28 06:07:31 UTC 2019
7 ms. Memory: 45056K Free: 21669K (48%)
ptolemy.util.test.WatchDog.cancel(): canceling Mon Oct 28 06:07:31 UTC 2019
------------------ testing $PTII/ptolemy/domains/de/test/auto/CQBug1.xml
auto.tcl: Setting watchdog for 200 seconds at Mon Oct 28 06:07:31 UTC 2019
2 ms. Memory: 45056K Free: 28581K (63%)
ptolemy.util.test.WatchDog.cancel(): canceling Mon Oct 28 06:07:31 UTC 2019
auto.tcl: Setting watchdog for 200 seconds at Mon Oct 28 06:07:31 UTC 2019
3 ms. Memory: 45056K Free: 28180K (63%)
ptolemy.util.test.WatchDog.cancel(): canceling Mon Oct 28 06:07:31 UTC 2019
------------------ testing $PTII/ptolemy/domains/de/test/auto/CancelFireAt.xml
auto.tcl: Setting watchdog for 200 seconds at Mon Oct 28 06:07:31 UTC 2019
3 ms. Memory: 45056K Free: 29696K (66%)
ptolemy.util.test.WatchDog.cancel(): canceling Mon Oct 28 06:07:31 UTC 2019
auto.tcl: Setting watchdog for 200 seconds at Mon Oct 28 06:07:31 UTC 2019
3 ms. Memory: 45056K Free: 29253K (65%)
ptolemy.util.test.WatchDog.cancel(): canceling Mon Oct 28 06:07:31 UTC 2019
------------------ testing $PTII/ptolemy/domains/de/test/auto/CausalityAndComposabilityAnalysis.xml
auto.tcl: Setting watchdog for 200 seconds at Mon Oct 28 06:07:31 UTC 2019
20 ms. Memory: 45056K Free: 27921K (62%)
ptolemy.util.test.WatchDog.cancel(): canceling Mon Oct 28 06:07:32 UTC 2019
auto.tcl: Setting watchdog for 200 seconds at Mon Oct 28 06:07:32 UTC 2019
4 ms. Memory: 45056K Free: 27098K (60%)
ptolemy.util.test.WatchDog.cancel(): canceling Mon Oct 28 06:07:32 UTC 2019
------------------ testing $PTII/ptolemy/domains/de/test/auto/CausalityInterface1.xml
auto.tcl: Setting watchdog for 200 seconds at Mon Oct 28 06:07:32 UTC 2019
29 ms. Memory: 45056K Free: 26366K (59%)
ptolemy.util.test.WatchDog.cancel(): canceling Mon Oct 28 06:07:32 UTC 2019
auto.tcl: Setting watchdog for 200 seconds at Mon Oct 28 06:07:32 UTC 2019
5 ms. Memory: 45056K Free: 25388K (56%)
ptolemy.util.test.WatchDog.cancel(): canceling Mon Oct 28 06:07:32 UTC 2019
------------------ testing $PTII/ptolemy/domains/de/test/auto/CausalityInterface15.xml
auto.tcl: Setting watchdog for 200 seconds at Mon Oct 28 06:07:32 UTC 2019
10 ms. Memory: 45056K Free: 26055K (58%)
ptolemy.util.test.WatchDog.cancel(): canceling Mon Oct 28 06:07:32 UTC 2019
auto.tcl: Setting watchdog for 200 seconds at Mon Oct 28 06:07:32 UTC 2019
3 ms. Memory: 45056K Free: 25354K (56%)
ptolemy.util.test.WatchDog.cancel(): canceling Mon Oct 28 06:07:32 UTC 2019
------------------ testing $PTII/ptolemy/domains/de/test/auto/CausalityInterface2.xml
auto.tcl: Setting watchdog for 200 seconds at Mon Oct 28 06:07:32 UTC 2019
4 ms. Memory: 45056K Free: 27024K (60%)
ptolemy.util.test.WatchDog.cancel(): canceling Mon Oct 28 06:07:32 UTC 2019
auto.tcl: Setting watchdog for 200 seconds at Mon Oct 28 06:07:32 UTC 2019
3 ms. Memory: 45056K Free: 25984K (58%)
ptolemy.util.test.WatchDog.cancel(): canceling Mon Oct 28 06:07:32 UTC 2019
------------------ testing $PTII/ptolemy/domains/de/test/auto/CausalityInterface3.xml
auto.tcl: Setting watchdog for 200 seconds at Mon Oct 28 06:07:32 UTC 2019
7 ms. Memory: 45056K Free: 26545K (59%)
ptolemy.util.test.WatchDog.cancel(): canceling Mon Oct 28 06:07:32 UTC 2019
auto.tcl: Setting watchdog for 200 seconds at Mon Oct 28 06:07:32 UTC 2019
3 ms. Memory: 45056K Free: 25759K (57%)
ptolemy.util.test.WatchDog.cancel(): canceling Mon Oct 28 06:07:32 UTC 2019
------------------ testing $PTII/ptolemy/domains/de/test/auto/ClockDrift.xml
auto.tcl: Setting watchdog for 200 seconds at Mon Oct 28 06:07:32 UTC 2019
75 ms. Memory: 45056K Free: 19150K (43%)
ptolemy.util.test.WatchDog.cancel(): canceling Mon Oct 28 06:07:32 UTC 2019
auto.tcl: Setting watchdog for 200 seconds at Mon Oct 28 06:07:32 UTC 2019
40 ms. Memory: 45056K Free: 16136K (36%)
ptolemy.util.test.WatchDog.cancel(): canceling Mon Oct 28 06:07:32 UTC 2019
------------------ testing $PTII/ptolemy/domains/de/test/auto/ClockDriftAndValueChange.xml
auto.tcl: Setting watchdog for 200 seconds at Mon Oct 28 06:07:32 UTC 2019
27 ms. Memory: 45056K Free: 19219K (43%)
ptolemy.util.test.WatchDog.cancel(): canceling Mon Oct 28 06:07:32 UTC 2019
auto.tcl: Setting watchdog for 200 seconds at Mon Oct 28 06:07:32 UTC 2019
32 ms. Memory: 45056K Free: 16374K (36%)
ptolemy.util.test.WatchDog.cancel(): canceling Mon Oct 28 06:07:32 UTC 2019
------------------ testing $PTII/ptolemy/domains/de/test/auto/ClockDriftChange.xml
auto.tcl: Setting watchdog for 200 seconds at Mon Oct 28 06:07:32 UTC 2019
33 ms. Memory: 45056K Free: 21277K (47%)
ptolemy.util.test.WatchDog.cancel(): canceling Mon Oct 28 06:07:32 UTC 2019
auto.tcl: Setting watchdog for 200 seconds at Mon Oct 28 06:07:32 UTC 2019
27 ms. Memory: 45056K Free: 18422K (41%)
ptolemy.util.test.WatchDog.cancel(): canceling Mon Oct 28 06:07:33 UTC 2019
------------------ testing $PTII/ptolemy/domains/de/test/auto/ComposableCausalityAnalysis.xml
auto.tcl: Setting watchdog for 200 seconds at Mon Oct 28 06:07:33 UTC 2019
2 ms. Memory: 45056K Free: 25871K (57%)
ptolemy.util.test.WatchDog.cancel(): canceling Mon Oct 28 06:07:33 UTC 2019
auto.tcl: Setting watchdog for 200 seconds at Mon Oct 28 06:07:33 UTC 2019
5 ms. Memory: 45056K Free: 24604K (55%)
ptolemy.util.test.WatchDog.cancel(): canceling Mon Oct 28 06:07:33 UTC 2019
------------------ testing $PTII/ptolemy/domains/de/test/auto/DEFixedPointLimitation.xml
auto.tcl: Setting watchdog for 200 seconds at Mon Oct 28 06:07:33 UTC 2019
3 ms. Memory: 45056K Free: 27184K (60%)
ptolemy.util.test.WatchDog.cancel(): canceling Mon Oct 28 06:07:33 UTC 2019
auto.tcl: Setting watchdog for 200 seconds at Mon Oct 28 06:07:33 UTC 2019
1 ms. Memory: 45056K Free: 26346K (58%)
ptolemy.util.test.WatchDog.cancel(): canceling Mon Oct 28 06:07:33 UTC 2019
------------------ testing $PTII/ptolemy/domains/de/test/auto/DEScheduleTest.xml
auto.tcl: Setting watchdog for 200 seconds at Mon Oct 28 06:07:33 UTC 2019
8 ms. Memory: 45056K Free: 27552K (61%)
ptolemy.util.test.WatchDog.cancel(): canceling Mon Oct 28 06:07:33 UTC 2019
auto.tcl: Setting watchdog for 200 seconds at Mon Oct 28 06:07:33 UTC 2019
3 ms. Memory: 45056K Free: 26774K (59%)
ptolemy.util.test.WatchDog.cancel(): canceling Mon Oct 28 06:07:33 UTC 2019
------------------ testing $PTII/ptolemy/domains/de/test/auto/DEinDEwithStartTimes.xml
auto.tcl: Setting watchdog for 200 seconds at Mon Oct 28 06:07:33 UTC 2019
8 ms. Memory: 45056K Free: 25769K (57%)
ptolemy.util.test.WatchDog.cancel(): canceling Mon Oct 28 06:07:33 UTC 2019
auto.tcl: Setting watchdog for 200 seconds at Mon Oct 28 06:07:33 UTC 2019
4 ms. Memory: 45056K Free: 24323K (54%)
ptolemy.util.test.WatchDog.cancel(): canceling Mon Oct 28 06:07:33 UTC 2019
------------------ testing $PTII/ptolemy/domains/de/test/auto/DEinDEwithStartTimes2.xml
auto.tcl: Setting watchdog for 200 seconds at Mon Oct 28 06:07:33 UTC 2019
12 ms. Memory: 45056K Free: 24970K (55%)
ptolemy.util.test.WatchDog.cancel(): canceling Mon Oct 28 06:07:33 UTC 2019
auto.tcl: Setting watchdog for 200 seconds at Mon Oct 28 06:07:33 UTC 2019
4 ms. Memory: 45056K Free: 23624K (52%)
ptolemy.util.test.WatchDog.cancel(): canceling Mon Oct 28 06:07:33 UTC 2019
------------------ testing $PTII/ptolemy/domains/de/test/auto/DateDemo.xml
auto.tcl: Setting watchdog for 200 seconds at Mon Oct 28 06:07:33 UTC 2019
13 ms. Memory: 45056K Free: 19276K (43%)
ptolemy.util.test.WatchDog.cancel(): canceling Mon Oct 28 06:07:33 UTC 2019
auto.tcl: Setting watchdog for 200 seconds at Mon Oct 28 06:07:33 UTC 2019
10 ms. Memory: 45056K Free: 17741K (39%)
ptolemy.util.test.WatchDog.cancel(): canceling Mon Oct 28 06:07:33 UTC 2019
------------------ testing $PTII/ptolemy/domains/de/test/auto/DateToEvent.xml
auto.tcl: Setting watchdog for 200 seconds at Mon Oct 28 06:07:33 UTC 2019
2024 ms. Memory: 45056K Free: 15048K (33%)
ptolemy.util.test.WatchDog.cancel(): canceling Mon Oct 28 06:07:35 UTC 2019
auto.tcl: Setting watchdog for 200 seconds at Mon Oct 28 06:07:35 UTC 2019
2006 ms. Memory: 45056K Free: 14285K (32%)
ptolemy.util.test.WatchDog.cancel(): canceling Mon Oct 28 06:07:37 UTC 2019
------------------ testing $PTII/ptolemy/domains/de/test/auto/DepthTest1.xml
auto.tcl: Setting watchdog for 200 seconds at Mon Oct 28 06:07:37 UTC 2019
8 ms. Memory: 45056K Free: 28332K (63%)
ptolemy.util.test.WatchDog.cancel(): canceling Mon Oct 28 06:07:37 UTC 2019
auto.tcl: Setting watchdog for 200 seconds at Mon Oct 28 06:07:37 UTC 2019
2 ms. Memory: 45056K Free: 27824K (62%)
ptolemy.util.test.WatchDog.cancel(): canceling Mon Oct 28 06:07:37 UTC 2019
------------------ testing $PTII/ptolemy/domains/de/test/auto/DepthTest2.xml
auto.tcl: Setting watchdog for 200 seconds at Mon Oct 28 06:07:37 UTC 2019
5 ms. Memory: 45056K Free: 24972K (55%)
ptolemy.util.test.WatchDog.cancel(): canceling Mon Oct 28 06:07:37 UTC 2019
auto.tcl: Setting watchdog for 200 seconds at Mon Oct 28 06:07:37 UTC 2019
3 ms. Memory: 45056K Free: 24522K (54%)
ptolemy.util.test.WatchDog.cancel(): canceling Mon Oct 28 06:07:37 UTC 2019
------------------ testing $PTII/ptolemy/domains/de/test/auto/DepthTest3.xml
auto.tcl: Setting watchdog for 200 seconds at Mon Oct 28 06:07:37 UTC 2019
3 ms. Memory: 45056K Free: 28665K (64%)
ptolemy.util.test.WatchDog.cancel(): canceling Mon Oct 28 06:07:37 UTC 2019
auto.tcl: Setting watchdog for 200 seconds at Mon Oct 28 06:07:37 UTC 2019
2 ms. Memory: 45056K Free: 28116K (62%)
ptolemy.util.test.WatchDog.cancel(): canceling Mon Oct 28 06:07:37 UTC 2019
------------------ testing $PTII/ptolemy/domains/de/test/auto/DepthTest4.xml
auto.tcl: Setting watchdog for 200 seconds at Mon Oct 28 06:07:38 UTC 2019
6 ms. Memory: 45056K Free: 26882K (60%)
ptolemy.util.test.WatchDog.cancel(): canceling Mon Oct 28 06:07:38 UTC 2019
auto.tcl: Setting watchdog for 200 seconds at Mon Oct 28 06:07:38 UTC 2019
2 ms. Memory: 45056K Free: 26150K (58%)
ptolemy.util.test.WatchDog.cancel(): canceling Mon Oct 28 06:07:38 UTC 2019
------------------ testing $PTII/ptolemy/domains/de/test/auto/DepthTest5.xml
auto.tcl: Setting watchdog for 200 seconds at Mon Oct 28 06:07:38 UTC 2019
3 ms. Memory: 45056K Free: 26281K (58%)
ptolemy.util.test.WatchDog.cancel(): canceling Mon Oct 28 06:07:38 UTC 2019
auto.tcl: Setting watchdog for 200 seconds at Mon Oct 28 06:07:38 UTC 2019
2 ms. Memory: 45056K Free: 25484K (57%)
ptolemy.util.test.WatchDog.cancel(): canceling Mon Oct 28 06:07:38 UTC 2019
------------------ testing $PTII/ptolemy/domains/de/test/auto/DepthTest6.xml
auto.tcl: Setting watchdog for 200 seconds at Mon Oct 28 06:07:38 UTC 2019
3 ms. Memory: 45056K Free: 25968K (58%)
ptolemy.util.test.WatchDog.cancel(): canceling Mon Oct 28 06:07:38 UTC 2019
auto.tcl: Setting watchdog for 200 seconds at Mon Oct 28 06:07:38 UTC 2019
3 ms. Memory: 45056K Free: 25463K (57%)
ptolemy.util.test.WatchDog.cancel(): canceling Mon Oct 28 06:07:38 UTC 2019
------------------ testing $PTII/ptolemy/domains/de/test/auto/DepthTest7.xml
auto.tcl: Setting watchdog for 200 seconds at Mon Oct 28 06:07:38 UTC 2019
2 ms. Memory: 45056K Free: 26812K (60%)
ptolemy.util.test.WatchDog.cancel(): canceling Mon Oct 28 06:07:38 UTC 2019
auto.tcl: Setting watchdog for 200 seconds at Mon Oct 28 06:07:38 UTC 2019
1 ms. Memory: 45056K Free: 26083K (58%)
ptolemy.util.test.WatchDog.cancel(): canceling Mon Oct 28 06:07:38 UTC 2019
------------------ testing $PTII/ptolemy/domains/de/test/auto/EventToDate.xml
auto.tcl: Setting watchdog for 200 seconds at Mon Oct 28 06:07:38 UTC 2019
3006 ms. Memory: 45056K Free: 17288K (38%)
ptolemy.util.test.WatchDog.cancel(): canceling Mon Oct 28 06:07:41 UTC 2019
auto.tcl: Setting watchdog for 200 seconds at Mon Oct 28 06:07:41 UTC 2019
3004 ms. Memory: 45056K Free: 16535K (37%)
ptolemy.util.test.WatchDog.cancel(): canceling Mon Oct 28 06:07:44 UTC 2019
------------------ testing $PTII/ptolemy/domains/de/test/auto/FSM1.xml
auto.tcl: Setting watchdog for 200 seconds at Mon Oct 28 06:07:44 UTC 2019
48 ms. Memory: 45056K Free: 18809K (42%)
ptolemy.util.test.WatchDog.cancel(): canceling Mon Oct 28 06:07:44 UTC 2019
auto.tcl: Setting watchdog for 200 seconds at Mon Oct 28 06:07:44 UTC 2019
19 ms. Memory: 45056K Free: 15577K (35%)
ptolemy.util.test.WatchDog.cancel(): canceling Mon Oct 28 06:07:44 UTC 2019
------------------ testing $PTII/ptolemy/domains/de/test/auto/FSM7.xml
auto.tcl: Setting watchdog for 200 seconds at Mon Oct 28 06:07:44 UTC 2019
20 ms. Memory: 45056K Free: 18489K (41%)
ptolemy.util.test.WatchDog.cancel(): canceling Mon Oct 28 06:07:44 UTC 2019
auto.tcl: Setting watchdog for 200 seconds at Mon Oct 28 06:07:44 UTC 2019
33 ms. Memory: 45056K Free: 15382K (34%)
ptolemy.util.test.WatchDog.cancel(): canceling Mon Oct 28 06:07:44 UTC 2019
------------------ testing $PTII/ptolemy/domains/de/test/auto/Inspection.xml
auto.tcl: Setting watchdog for 200 seconds at Mon Oct 28 06:07:44 UTC 2019
23 ms. Memory: 45056K Free: 18537K (41%)
ptolemy.util.test.WatchDog.cancel(): canceling Mon Oct 28 06:07:44 UTC 2019
auto.tcl: Setting watchdog for 200 seconds at Mon Oct 28 06:07:44 UTC 2019
34 ms. Memory: 45056K Free: 16799K (37%)
ptolemy.util.test.WatchDog.cancel(): canceling Mon Oct 28 06:07:44 UTC 2019
------------------ testing $PTII/ptolemy/domains/de/test/auto/Iteration.xml
auto.tcl: Setting watchdog for 200 seconds at Mon Oct 28 06:07:44 UTC 2019
7 ms. Memory: 45056K Free: 24262K (54%)
ptolemy.util.test.WatchDog.cancel(): canceling Mon Oct 28 06:07:44 UTC 2019
auto.tcl: Setting watchdog for 200 seconds at Mon Oct 28 06:07:44 UTC 2019
8 ms. Memory: 45056K Free: 22873K (51%)
ptolemy.util.test.WatchDog.cancel(): canceling Mon Oct 28 06:07:44 UTC 2019
------------------ testing $PTII/ptolemy/domains/de/test/auto/LineFault.xml
auto.tcl: Setting watchdog for 200 seconds at Mon Oct 28 06:07:45 UTC 2019
767 ms. Memory: 56320K Free: 23767K (42%)
ptolemy.util.test.WatchDog.cancel(): canceling Mon Oct 28 06:07:46 UTC 2019
auto.tcl: Setting watchdog for 200 seconds at Mon Oct 28 06:07:46 UTC 2019
586 ms. Memory: 56320K Free: 40512K (72%)
ptolemy.util.test.WatchDog.cancel(): canceling Mon Oct 28 06:07:46 UTC 2019
------------------ testing $PTII/ptolemy/domains/de/test/auto/MergeModel1Add.xml
auto.tcl: Setting watchdog for 200 seconds at Mon Oct 28 06:07:46 UTC 2019
32 ms. Memory: 55296K Free: 20474K (37%)
ptolemy.util.test.WatchDog.cancel(): canceling Mon Oct 28 06:07:46 UTC 2019
auto.tcl: Setting watchdog for 200 seconds at Mon Oct 28 06:07:46 UTC 2019
14 ms. Memory: 55296K Free: 18874K (34%)
ptolemy.util.test.WatchDog.cancel(): canceling Mon Oct 28 06:07:46 UTC 2019
------------------ testing $PTII/ptolemy/domains/de/test/auto/MergeModel2Add.xml
auto.tcl: Setting watchdog for 200 seconds at Mon Oct 28 06:07:46 UTC 2019
9 ms. Memory: 51200K Free: 18183K (36%)
ptolemy.util.test.WatchDog.cancel(): canceling Mon Oct 28 06:07:46 UTC 2019
auto.tcl: Setting watchdog for 200 seconds at Mon Oct 28 06:07:46 UTC 2019
9 ms. Memory: 51200K Free: 16495K (32%)
ptolemy.util.test.WatchDog.cancel(): canceling Mon Oct 28 06:07:46 UTC 2019
------------------ testing $PTII/ptolemy/domains/de/test/auto/MergeModel3Add.xml
auto.tcl: Setting watchdog for 200 seconds at Mon Oct 28 06:07:47 UTC 2019
10 ms. Memory: 51200K Free: 18399K (36%)
ptolemy.util.test.WatchDog.cancel(): canceling Mon Oct 28 06:07:47 UTC 2019
auto.tcl: Setting watchdog for 200 seconds at Mon Oct 28 06:07:47 UTC 2019
13 ms. Memory: 51200K Free: 16915K (33%)
ptolemy.util.test.WatchDog.cancel(): canceling Mon Oct 28 06:07:47 UTC 2019
------------------ testing $PTII/ptolemy/domains/de/test/auto/MergeWithoutDiscard.xml
auto.tcl: Setting watchdog for 200 seconds at Mon Oct 28 06:07:47 UTC 2019
2 ms. Memory: 48128K Free: 29722K (62%)
ptolemy.util.test.WatchDog.cancel(): canceling Mon Oct 28 06:07:47 UTC 2019
auto.tcl: Setting watchdog for 200 seconds at Mon Oct 28 06:07:47 UTC 2019
2 ms. Memory: 48128K Free: 29286K (61%)
ptolemy.util.test.WatchDog.cancel(): canceling Mon Oct 28 06:07:47 UTC 2019
------------------ testing $PTII/ptolemy/domains/de/test/auto/Modal1.xml
auto.tcl: Setting watchdog for 200 seconds at Mon Oct 28 06:07:47 UTC 2019
15 ms. Memory: 48128K Free: 21856K (45%)
ptolemy.util.test.WatchDog.cancel(): canceling Mon Oct 28 06:07:47 UTC 2019
auto.tcl: Setting watchdog for 200 seconds at Mon Oct 28 06:07:47 UTC 2019
14 ms. Memory: 48128K Free: 18446K (38%)
ptolemy.util.test.WatchDog.cancel(): canceling Mon Oct 28 06:07:47 UTC 2019
------------------ testing $PTII/ptolemy/domains/de/test/auto/Modal2.xml
auto.tcl: Setting watchdog for 200 seconds at Mon Oct 28 06:07:47 UTC 2019
14 ms. Memory: 48128K Free: 21969K (46%)
ptolemy.util.test.WatchDog.cancel(): canceling Mon Oct 28 06:07:47 UTC 2019
auto.tcl: Setting watchdog for 200 seconds at Mon Oct 28 06:07:47 UTC 2019
13 ms. Memory: 48128K Free: 18759K (39%)
ptolemy.util.test.WatchDog.cancel(): canceling Mon Oct 28 06:07:47 UTC 2019
------------------ testing $PTII/ptolemy/domains/de/test/auto/Modal3.xml
auto.tcl: Setting watchdog for 200 seconds at Mon Oct 28 06:07:47 UTC 2019
19 ms. Memory: 48128K Free: 21692K (45%)
ptolemy.util.test.WatchDog.cancel(): canceling Mon Oct 28 06:07:47 UTC 2019
auto.tcl: Setting watchdog for 200 seconds at Mon Oct 28 06:07:47 UTC 2019
15 ms. Memory: 48128K Free: 18736K (39%)
ptolemy.util.test.WatchDog.cancel(): canceling Mon Oct 28 06:07:47 UTC 2019
------------------ testing $PTII/ptolemy/domains/de/test/auto/Modal4.xml
auto.tcl: Setting watchdog for 200 seconds at Mon Oct 28 06:07:47 UTC 2019
14 ms. Memory: 48128K Free: 20932K (43%)
ptolemy.util.test.WatchDog.cancel(): canceling Mon Oct 28 06:07:47 UTC 2019
auto.tcl: Setting watchdog for 200 seconds at Mon Oct 28 06:07:47 UTC 2019
15 ms. Memory: 48128K Free: 17096K (36%)
ptolemy.util.test.WatchDog.cancel(): canceling Mon Oct 28 06:07:47 UTC 2019
------------------ testing $PTII/ptolemy/domains/de/test/auto/Modal5.xml
auto.tcl: Setting watchdog for 200 seconds at Mon Oct 28 06:07:47 UTC 2019
15 ms. Memory: 48128K Free: 20911K (43%)
ptolemy.util.test.WatchDog.cancel(): canceling Mon Oct 28 06:07:47 UTC 2019
auto.tcl: Setting watchdog for 200 seconds at Mon Oct 28 06:07:47 UTC 2019
16 ms. Memory: 48128K Free: 17082K (35%)
ptolemy.util.test.WatchDog.cancel(): canceling Mon Oct 28 06:07:47 UTC 2019
------------------ testing $PTII/ptolemy/domains/de/test/auto/Modal6.xml
auto.tcl: Setting watchdog for 200 seconds at Mon Oct 28 06:07:47 UTC 2019
19 ms. Memory: 48128K Free: 21727K (45%)
ptolemy.util.test.WatchDog.cancel(): canceling Mon Oct 28 06:07:47 UTC 2019
auto.tcl: Setting watchdog for 200 seconds at Mon Oct 28 06:07:47 UTC 2019
13 ms. Memory: 48128K Free: 17730K (37%)
ptolemy.util.test.WatchDog.cancel(): canceling Mon Oct 28 06:07:47 UTC 2019
------------------ testing $PTII/ptolemy/domains/de/test/auto/Modal7.xml
auto.tcl: Setting watchdog for 200 seconds at Mon Oct 28 06:07:47 UTC 2019
9 ms. Memory: 48128K Free: 20894K (43%)
ptolemy.util.test.WatchDog.cancel(): canceling Mon Oct 28 06:07:47 UTC 2019
auto.tcl: Setting watchdog for 200 seconds at Mon Oct 28 06:07:47 UTC 2019
10 ms. Memory: 48128K Free: 17374K (36%)
ptolemy.util.test.WatchDog.cancel(): canceling Mon Oct 28 06:07:47 UTC 2019
------------------ testing $PTII/ptolemy/domains/de/test/auto/ModalModel.xml
auto.tcl: Setting watchdog for 200 seconds at Mon Oct 28 06:07:48 UTC 2019
229 ms. Memory: 58368K Free: 24729K (42%)
ptolemy.util.test.WatchDog.cancel(): canceling Mon Oct 28 06:07:48 UTC 2019
auto.tcl: Setting watchdog for 200 seconds at Mon Oct 28 06:07:48 UTC 2019
214 ms. Memory: 58368K Free: 23494K (40%)
ptolemy.util.test.WatchDog.cancel(): canceling Mon Oct 28 06:07:48 UTC 2019
------------------ testing $PTII/ptolemy/domains/de/test/auto/ModalSource.xml
auto.tcl: Setting watchdog for 200 seconds at Mon Oct 28 06:07:48 UTC 2019
6 ms. Memory: 48128K Free: 25756K (54%)
ptolemy.util.test.WatchDog.cancel(): canceling Mon Oct 28 06:07:48 UTC 2019
auto.tcl: Setting watchdog for 200 seconds at Mon Oct 28 06:07:48 UTC 2019
6 ms. Memory: 48128K Free: 23708K (49%)
ptolemy.util.test.WatchDog.cancel(): canceling Mon Oct 28 06:07:48 UTC 2019
------------------ testing $PTII/ptolemy/domains/de/test/auto/NonInterruptibleTimerZeroDelay.xml
auto.tcl: Setting watchdog for 200 seconds at Mon Oct 28 06:07:48 UTC 2019
3 ms. Memory: 48128K Free: 30713K (64%)
ptolemy.util.test.WatchDog.cancel(): canceling Mon Oct 28 06:07:48 UTC 2019
auto.tcl: Setting watchdog for 200 seconds at Mon Oct 28 06:07:48 UTC 2019
2 ms. Memory: 48128K Free: 30054K (62%)
ptolemy.util.test.WatchDog.cancel(): canceling Mon Oct 28 06:07:48 UTC 2019
------------------ testing $PTII/ptolemy/domains/de/test/auto/OpenQueueingNetwork.xml
auto.tcl: Setting watchdog for 200 seconds at Mon Oct 28 06:07:48 UTC 2019
2996 ms. Memory: 112640K Free: 62002K (55%)
ptolemy.util.test.WatchDog.cancel(): canceling Mon Oct 28 06:07:51 UTC 2019
auto.tcl: Setting watchdog for 200 seconds at Mon Oct 28 06:07:51 UTC 2019
2680 ms. Memory: 162816K Free: 103532K (64%)
ptolemy.util.test.WatchDog.cancel(): canceling Mon Oct 28 06:07:54 UTC 2019
------------------ testing $PTII/ptolemy/domains/de/test/auto/OpenQueuingNetwork.xml
auto.tcl: Setting watchdog for 200 seconds at Mon Oct 28 06:07:54 UTC 2019
274 ms. Memory: 55296K Free: 26396K (48%)
ptolemy.util.test.WatchDog.cancel(): canceling Mon Oct 28 06:07:54 UTC 2019
auto.tcl: Setting watchdog for 200 seconds at Mon Oct 28 06:07:54 UTC 2019
282 ms. Memory: 55296K Free: 35943K (65%)
ptolemy.util.test.WatchDog.cancel(): canceling Mon Oct 28 06:07:55 UTC 2019
------------------ testing $PTII/ptolemy/domains/de/test/auto/PeriodicSampler.xml
auto.tcl: Setting watchdog for 200 seconds at Mon Oct 28 06:07:55 UTC 2019
3 ms. Memory: 51200K Free: 32962K (64%)
ptolemy.util.test.WatchDog.cancel(): canceling Mon Oct 28 06:07:55 UTC 2019
auto.tcl: Setting watchdog for 200 seconds at Mon Oct 28 06:07:55 UTC 2019
2 ms. Memory: 51200K Free: 32468K (63%)
ptolemy.util.test.WatchDog.cancel(): canceling Mon Oct 28 06:07:55 UTC 2019
------------------ testing $PTII/ptolemy/domains/de/test/auto/PersistentIO.xml
auto.tcl: Setting watchdog for 200 seconds at Mon Oct 28 06:07:55 UTC 2019
12 ms. Memory: 51200K Free: 27886K (54%)
ptolemy.util.test.WatchDog.cancel(): canceling Mon Oct 28 06:07:55 UTC 2019
auto.tcl: Setting watchdog for 200 seconds at Mon Oct 28 06:07:55 UTC 2019
10 ms. Memory: 51200K Free: 26379K (52%)
ptolemy.util.test.WatchDog.cancel(): canceling Mon Oct 28 06:07:55 UTC 2019
------------------ testing $PTII/ptolemy/domains/de/test/auto/PortParameterResetOnInitialize.xml
auto.tcl: Setting watchdog for 200 seconds at Mon Oct 28 06:07:55 UTC 2019
3 ms. Memory: 51200K Free: 32867K (64%)
ptolemy.util.test.WatchDog.cancel(): canceling Mon Oct 28 06:07:55 UTC 2019
auto.tcl: Setting watchdog for 200 seconds at Mon Oct 28 06:07:55 UTC 2019
2 ms. Memory: 51200K Free: 32374K (63%)
ptolemy.util.test.WatchDog.cancel(): canceling Mon Oct 28 06:07:55 UTC 2019
------------------ testing $PTII/ptolemy/domains/de/test/auto/PortParameterUpdates.xml
auto.tcl: Setting watchdog for 200 seconds at Mon Oct 28 06:07:55 UTC 2019
4 ms. Memory: 48128K Free: 28110K (58%)
ptolemy.util.test.WatchDog.cancel(): canceling Mon Oct 28 06:07:55 UTC 2019
auto.tcl: Setting watchdog for 200 seconds at Mon Oct 28 06:07:55 UTC 2019
4 ms. Memory: 48128K Free: 26880K (56%)
ptolemy.util.test.WatchDog.cancel(): canceling Mon Oct 28 06:07:55 UTC 2019
------------------ testing $PTII/ptolemy/domains/de/test/auto/QueueAndServer.xml
auto.tcl: Setting watchdog for 200 seconds at Mon Oct 28 06:07:55 UTC 2019
22 ms. Memory: 48128K Free: 26795K (56%)
ptolemy.util.test.WatchDog.cancel(): canceling Mon Oct 28 06:07:55 UTC 2019
auto.tcl: Setting watchdog for 200 seconds at Mon Oct 28 06:07:55 UTC 2019
8 ms. Memory: 48128K Free: 25360K (53%)
ptolemy.util.test.WatchDog.cancel(): canceling Mon Oct 28 06:07:55 UTC 2019
------------------ testing $PTII/ptolemy/domains/de/test/auto/Records.xml
auto.tcl: Setting watchdog for 200 seconds at Mon Oct 28 06:07:55 UTC 2019
11 ms. Memory: 48128K Free: 29357K (61%)
ptolemy.util.test.WatchDog.cancel(): canceling Mon Oct 28 06:07:55 UTC 2019
auto.tcl: Setting watchdog for 200 seconds at Mon Oct 28 06:07:55 UTC 2019
3 ms. Memory: 48128K Free: 28838K (60%)
ptolemy.util.test.WatchDog.cancel(): canceling Mon Oct 28 06:07:55 UTC 2019
------------------ testing $PTII/ptolemy/domains/de/test/auto/ResetTransitionWithStartTime1.xml
auto.tcl: Setting watchdog for 200 seconds at Mon Oct 28 06:07:55 UTC 2019
15 ms. Memory: 48128K Free: 26298K (55%)
ptolemy.util.test.WatchDog.cancel(): canceling Mon Oct 28 06:07:55 UTC 2019
auto.tcl: Setting watchdog for 200 seconds at Mon Oct 28 06:07:55 UTC 2019
7 ms. Memory: 48128K Free: 24250K (50%)
ptolemy.util.test.WatchDog.cancel(): canceling Mon Oct 28 06:07:55 UTC 2019
------------------ testing $PTII/ptolemy/domains/de/test/auto/ResetTransitionWithStartTime2.xml
auto.tcl: Setting watchdog for 200 seconds at Mon Oct 28 06:07:55 UTC 2019
7 ms. Memory: 48128K Free: 26253K (55%)
ptolemy.util.test.WatchDog.cancel(): canceling Mon Oct 28 06:07:56 UTC 2019
auto.tcl: Setting watchdog for 200 seconds at Mon Oct 28 06:07:56 UTC 2019
6 ms. Memory: 48128K Free: 23733K (49%)
ptolemy.util.test.WatchDog.cancel(): canceling Mon Oct 28 06:07:56 UTC 2019
------------------ testing $PTII/ptolemy/domains/de/test/auto/ResetTransitionWithStartTime3.xml
auto.tcl: Setting watchdog for 200 seconds at Mon Oct 28 06:07:56 UTC 2019
14 ms. Memory: 48128K Free: 26252K (55%)
ptolemy.util.test.WatchDog.cancel(): canceling Mon Oct 28 06:07:56 UTC 2019
auto.tcl: Setting watchdog for 200 seconds at Mon Oct 28 06:07:56 UTC 2019
5 ms. Memory: 48128K Free: 24200K (50%)
ptolemy.util.test.WatchDog.cancel(): canceling Mon Oct 28 06:07:56 UTC 2019
------------------ testing $PTII/ptolemy/domains/de/test/auto/ResetTransitionWithStartTime4.xml
auto.tcl: Setting watchdog for 200 seconds at Mon Oct 28 06:07:56 UTC 2019
13 ms. Memory: 48128K Free: 26747K (56%)
ptolemy.util.test.WatchDog.cancel(): canceling Mon Oct 28 06:07:56 UTC 2019
auto.tcl: Setting watchdog for 200 seconds at Mon Oct 28 06:07:56 UTC 2019
6 ms. Memory: 48128K Free: 25227K (52%)
ptolemy.util.test.WatchDog.cancel(): canceling Mon Oct 28 06:07:56 UTC 2019
------------------ testing $PTII/ptolemy/domains/de/test/auto/ResettableTimer1.xml
auto.tcl: Setting watchdog for 200 seconds at Mon Oct 28 06:07:56 UTC 2019
5 ms. Memory: 48128K Free: 30730K (64%)
ptolemy.util.test.WatchDog.cancel(): canceling Mon Oct 28 06:07:56 UTC 2019
auto.tcl: Setting watchdog for 200 seconds at Mon Oct 28 06:07:56 UTC 2019
3 ms. Memory: 48128K Free: 29861K (62%)
ptolemy.util.test.WatchDog.cancel(): canceling Mon Oct 28 06:07:56 UTC 2019
------------------ testing $PTII/ptolemy/domains/de/test/auto/ResettableTimer2.xml
auto.tcl: Setting watchdog for 200 seconds at Mon Oct 28 06:07:56 UTC 2019
3 ms. Memory: 48128K Free: 30773K (64%)
ptolemy.util.test.WatchDog.cancel(): canceling Mon Oct 28 06:07:56 UTC 2019
auto.tcl: Setting watchdog for 200 seconds at Mon Oct 28 06:07:56 UTC 2019
3 ms. Memory: 48128K Free: 29897K (62%)
ptolemy.util.test.WatchDog.cancel(): canceling Mon Oct 28 06:07:56 UTC 2019
------------------ testing $PTII/ptolemy/domains/de/test/auto/ResettableTimer3.xml
auto.tcl: Setting watchdog for 200 seconds at Mon Oct 28 06:07:56 UTC 2019
2 ms. Memory: 48128K Free: 30408K (63%)
ptolemy.util.test.WatchDog.cancel(): canceling Mon Oct 28 06:07:56 UTC 2019
auto.tcl: Setting watchdog for 200 seconds at Mon Oct 28 06:07:56 UTC 2019
1 ms. Memory: 48128K Free: 29926K (62%)
ptolemy.util.test.WatchDog.cancel(): canceling Mon Oct 28 06:07:56 UTC 2019
------------------ testing $PTII/ptolemy/domains/de/test/auto/ResettableTimer4.xml
auto.tcl: Setting watchdog for 200 seconds at Mon Oct 28 06:07:56 UTC 2019
2 ms. Memory: 48128K Free: 30438K (63%)
ptolemy.util.test.WatchDog.cancel(): canceling Mon Oct 28 06:07:56 UTC 2019
auto.tcl: Setting watchdog for 200 seconds at Mon Oct 28 06:07:56 UTC 2019
2 ms. Memory: 48128K Free: 29940K (62%)
ptolemy.util.test.WatchDog.cancel(): canceling Mon Oct 28 06:07:56 UTC 2019
------------------ testing $PTII/ptolemy/domains/de/test/auto/ResettableTimer5.xml
auto.tcl: Setting watchdog for 200 seconds at Mon Oct 28 06:07:56 UTC 2019
2 ms. Memory: 48128K Free: 29882K (62%)
ptolemy.util.test.WatchDog.cancel(): canceling Mon Oct 28 06:07:56 UTC 2019
auto.tcl: Setting watchdog for 200 seconds at Mon Oct 28 06:07:56 UTC 2019
1 ms. Memory: 48128K Free: 29418K (61%)
ptolemy.util.test.WatchDog.cancel(): canceling Mon Oct 28 06:07:56 UTC 2019
------------------ testing $PTII/ptolemy/domains/de/test/auto/ResettableTimer6.xml
auto.tcl: Setting watchdog for 200 seconds at Mon Oct 28 06:07:56 UTC 2019
2 ms. Memory: 48128K Free: 29859K (62%)
ptolemy.util.test.WatchDog.cancel(): canceling Mon Oct 28 06:07:56 UTC 2019
auto.tcl: Setting watchdog for 200 seconds at Mon Oct 28 06:07:56 UTC 2019
2 ms. Memory: 48128K Free: 29363K (61%)
ptolemy.util.test.WatchDog.cancel(): canceling Mon Oct 28 06:07:56 UTC 2019
------------------ testing $PTII/ptolemy/domains/de/test/auto/ServerZeroDelay.xml
auto.tcl: Setting watchdog for 200 seconds at Mon Oct 28 06:07:56 UTC 2019
3 ms. Memory: 48128K Free: 30378K (63%)
ptolemy.util.test.WatchDog.cancel(): canceling Mon Oct 28 06:07:56 UTC 2019
auto.tcl: Setting watchdog for 200 seconds at Mon Oct 28 06:07:56 UTC 2019
3 ms. Memory: 48128K Free: 29463K (61%)
ptolemy.util.test.WatchDog.cancel(): canceling Mon Oct 28 06:07:56 UTC 2019
------------------ testing $PTII/ptolemy/domains/de/test/auto/SmartSender.xml
auto.tcl: Setting watchdog for 200 seconds at Mon Oct 28 06:07:56 UTC 2019
3002 ms. Memory: 48128K Free: 30405K (63%)
ptolemy.util.test.WatchDog.cancel(): canceling Mon Oct 28 06:07:59 UTC 2019
auto.tcl: Setting watchdog for 200 seconds at Mon Oct 28 06:07:59 UTC 2019
3002 ms. Memory: 48128K Free: 29901K (62%)
ptolemy.util.test.WatchDog.cancel(): canceling Mon Oct 28 06:08:02 UTC 2019
------------------ testing $PTII/ptolemy/domains/de/test/auto/ThreadedComposite.xml
auto.tcl: Setting watchdog for 200 seconds at Mon Oct 28 06:08:02 UTC 2019
302 ms. Memory: 48128K Free: 8883K (18%)
ptolemy.util.test.WatchDog.cancel(): canceling Mon Oct 28 06:08:03 UTC 2019
auto.tcl: Setting watchdog for 200 seconds at Mon Oct 28 06:08:03 UTC 2019
183 ms. Memory: 48128K Free: 20765K (43%)
ptolemy.util.test.WatchDog.cancel(): canceling Mon Oct 28 06:08:03 UTC 2019
------------------ testing $PTII/ptolemy/domains/de/test/auto/Time.xml
auto.tcl: Setting watchdog for 200 seconds at Mon Oct 28 06:08:03 UTC 2019
729 ms. Memory: 48128K Free: 29446K (61%)
ptolemy.util.test.WatchDog.cancel(): canceling Mon Oct 28 06:08:04 UTC 2019
auto.tcl: Setting watchdog for 200 seconds at Mon Oct 28 06:08:04 UTC 2019
685 ms. Memory: 48128K Free: 27898K (58%)
ptolemy.util.test.WatchDog.cancel(): canceling Mon Oct 28 06:08:04 UTC 2019
------------------ testing $PTII/ptolemy/domains/de/test/auto/TimeDelayZeroDelay.xml
auto.tcl: Setting watchdog for 200 seconds at Mon Oct 28 06:08:04 UTC 2019
3 ms. Memory: 48128K Free: 30807K (64%)
ptolemy.util.test.WatchDog.cancel(): canceling Mon Oct 28 06:08:05 UTC 2019
auto.tcl: Setting watchdog for 200 seconds at Mon Oct 28 06:08:05 UTC 2019
2 ms. Memory: 48128K Free: 29918K (62%)
ptolemy.util.test.WatchDog.cancel(): canceling Mon Oct 28 06:08:05 UTC 2019
------------------ testing $PTII/ptolemy/domains/de/test/auto/TimerZeroDelay.xml
auto.tcl: Setting watchdog for 200 seconds at Mon Oct 28 06:08:05 UTC 2019
3 ms. Memory: 48128K Free: 30842K (64%)
ptolemy.util.test.WatchDog.cancel(): canceling Mon Oct 28 06:08:05 UTC 2019
auto.tcl: Setting watchdog for 200 seconds at Mon Oct 28 06:08:05 UTC 2019
2 ms. Memory: 48128K Free: 29961K (62%)
ptolemy.util.test.WatchDog.cancel(): canceling Mon Oct 28 06:08:05 UTC 2019
------------------ testing $PTII/ptolemy/domains/de/test/auto/TimingParadox.xml
auto.tcl: Setting watchdog for 200 seconds at Mon Oct 28 06:08:05 UTC 2019
531 ms. Memory: 62464K Free: 34801K (56%)
ptolemy.util.test.WatchDog.cancel(): canceling Mon Oct 28 06:08:05 UTC 2019
auto.tcl: Setting watchdog for 200 seconds at Mon Oct 28 06:08:05 UTC 2019
523 ms. Memory: 62464K Free: 30416K (49%)
ptolemy.util.test.WatchDog.cancel(): canceling Mon Oct 28 06:08:06 UTC 2019
------------------ testing $PTII/ptolemy/domains/de/test/auto/TransferInputs.xml
auto.tcl: Setting watchdog for 200 seconds at Mon Oct 28 06:08:06 UTC 2019
2 ms. Memory: 55296K Free: 35980K (65%)
ptolemy.util.test.WatchDog.cancel(): canceling Mon Oct 28 06:08:06 UTC 2019
auto.tcl: Setting watchdog for 200 seconds at Mon Oct 28 06:08:06 UTC 2019
2 ms. Memory: 55296K Free: 35035K (63%)
ptolemy.util.test.WatchDog.cancel(): canceling Mon Oct 28 06:08:06 UTC 2019
------------------ testing $PTII/ptolemy/domains/de/test/auto/TransferOutputs2.xml
auto.tcl: Setting watchdog for 200 seconds at Mon Oct 28 06:08:06 UTC 2019
10 ms. Memory: 48128K Free: 26254K (55%)
ptolemy.util.test.WatchDog.cancel(): canceling Mon Oct 28 06:08:06 UTC 2019
auto.tcl: Setting watchdog for 200 seconds at Mon Oct 28 06:08:06 UTC 2019
4 ms. Memory: 48128K Free: 24841K (52%)
ptolemy.util.test.WatchDog.cancel(): canceling Mon Oct 28 06:08:06 UTC 2019
------------------ testing $PTII/ptolemy/domains/de/test/auto/Trilateration.xml
auto.tcl: Setting watchdog for 200 seconds at Mon Oct 28 06:08:06 UTC 2019
17514 ms. Memory: 430080K Free: 239019K (56%)
ptolemy.util.test.WatchDog.cancel(): canceling Mon Oct 28 06:08:25 UTC 2019
auto.tcl: Setting watchdog for 200 seconds at Mon Oct 28 06:08:25 UTC 2019
12585 ms. Memory: 516096K Free: 297405K (58%)
ptolemy.util.test.WatchDog.cancel(): canceling Mon Oct 28 06:08:37 UTC 2019
------------------ testing $PTII/ptolemy/domains/de/test/auto/TwoSigmaDelta.xml
auto.tcl: Setting watchdog for 200 seconds at Mon Oct 28 06:08:38 UTC 2019
2938 ms. Memory: 89088K Free: 13674K (15%)
ptolemy.util.test.WatchDog.cancel(): canceling Mon Oct 28 06:08:41 UTC 2019
auto.tcl: Setting watchdog for 200 seconds at Mon Oct 28 06:08:41 UTC 2019
2046 ms. Memory: 89088K Free: 57172K (64%)
ptolemy.util.test.WatchDog.cancel(): canceling Mon Oct 28 06:08:43 UTC 2019
------------------ testing $PTII/ptolemy/domains/de/test/auto/VariableDelay.xml
auto.tcl: Setting watchdog for 200 seconds at Mon Oct 28 06:08:43 UTC 2019
3 ms. Memory: 51200K Free: 32363K (63%)
ptolemy.util.test.WatchDog.cancel(): canceling Mon Oct 28 06:08:43 UTC 2019
auto.tcl: Setting watchdog for 200 seconds at Mon Oct 28 06:08:43 UTC 2019
2 ms. Memory: 51200K Free: 31369K (61%)
ptolemy.util.test.WatchDog.cancel(): canceling Mon Oct 28 06:08:43 UTC 2019
------------------ testing $PTII/ptolemy/domains/de/test/auto/VariableDelay2.xml
auto.tcl: Setting watchdog for 200 seconds at Mon Oct 28 06:08:43 UTC 2019
4 ms. Memory: 51200K Free: 32977K (64%)
ptolemy.util.test.WatchDog.cancel(): canceling Mon Oct 28 06:08:43 UTC 2019
auto.tcl: Setting watchdog for 200 seconds at Mon Oct 28 06:08:43 UTC 2019
2 ms. Memory: 51200K Free: 32465K (63%)
ptolemy.util.test.WatchDog.cancel(): canceling Mon Oct 28 06:08:43 UTC 2019
------------------ testing $PTII/ptolemy/domains/de/test/auto/VariableDelayZeroDelay.xml
auto.tcl: Setting watchdog for 200 seconds at Mon Oct 28 06:08:43 UTC 2019
2 ms. Memory: 51200K Free: 33404K (65%)
ptolemy.util.test.WatchDog.cancel(): canceling Mon Oct 28 06:08:43 UTC 2019
auto.tcl: Setting watchdog for 200 seconds at Mon Oct 28 06:08:43 UTC 2019
3 ms. Memory: 51200K Free: 32777K (64%)
ptolemy.util.test.WatchDog.cancel(): canceling Mon Oct 28 06:08:43 UTC 2019
------------------ testing $PTII/ptolemy/domains/de/test/auto/VariableDelayZeroDelay2.xml
auto.tcl: Setting watchdog for 200 seconds at Mon Oct 28 06:08:43 UTC 2019
2 ms. Memory: 51200K Free: 33379K (65%)
ptolemy.util.test.WatchDog.cancel(): canceling Mon Oct 28 06:08:43 UTC 2019
auto.tcl: Setting watchdog for 200 seconds at Mon Oct 28 06:08:43 UTC 2019
3 ms. Memory: 51200K Free: 32280K (63%)
ptolemy.util.test.WatchDog.cancel(): canceling Mon Oct 28 06:08:43 UTC 2019
------------------ testing $PTII/ptolemy/domains/de/test/auto/deInCt.xml
auto.tcl: Setting watchdog for 200 seconds at Mon Oct 28 06:08:43 UTC 2019
0
1
1
1
0
0
0
1
1
0
0
0
0
1
1
0
0
0
1
1
1
0
0
0
0
1
1
1
0
0
0
0
0
1
1
1
0
0
0
0
16 ms. Memory: 51200K Free: 32277K (63%)
ptolemy.util.test.WatchDog.cancel(): canceling Mon Oct 28 06:08:43 UTC 2019
auto.tcl: Setting watchdog for 200 seconds at Mon Oct 28 06:08:43 UTC 2019
0
1
1
1
0
0
0
0
0
1
1
1
0
0
1
1
1
0
0
0
0
1
1
1
1
1
0
0
0
1
1
1
1
10 ms. Memory: 51200K Free: 30739K (60%)
ptolemy.util.test.WatchDog.cancel(): canceling Mon Oct 28 06:08:43 UTC 2019
------------------ testing $PTII/ptolemy/domains/de/test/auto/deInCt2.xml
auto.tcl: Setting watchdog for 200 seconds at Mon Oct 28 06:08:43 UTC 2019
0
1
1
1
0
0
1
1
1
0
0
1
1
1
0
0
1
1
1
0
0
1
1
1
0
0
1
1
1
0
0
1
1
1
0
0
1
1
1
0
0
0
13 ms. Memory: 51200K Free: 32280K (63%)
ptolemy.util.test.WatchDog.cancel(): canceling Mon Oct 28 06:08:43 UTC 2019
auto.tcl: Setting watchdog for 200 seconds at Mon Oct 28 06:08:43 UTC 2019
0
1
1
1
0
0
1
1
1
0
0
1
1
1
0
0
1
1
1
0
0
1
1
1
0
0
1
1
1
0
0
1
1
1
0
0
1
1
1
0
0
0
8 ms. Memory: 51200K Free: 30728K (60%)
ptolemy.util.test.WatchDog.cancel(): canceling Mon Oct 28 06:08:43 UTC 2019
------------------ testing $PTII/ptolemy/domains/de/test/auto/dynamicCausalityInterface1.xml
auto.tcl: Setting watchdog for 200 seconds at Mon Oct 28 06:08:43 UTC 2019
2 ms. Memory: 51200K Free: 28178K (55%)
ptolemy.util.test.WatchDog.cancel(): canceling Mon Oct 28 06:08:43 UTC 2019
auto.tcl: Setting watchdog for 200 seconds at Mon Oct 28 06:08:43 UTC 2019
1 ms. Memory: 51200K Free: 27664K (54%)
ptolemy.util.test.WatchDog.cancel(): canceling Mon Oct 28 06:08:43 UTC 2019
------------------ testing $PTII/ptolemy/domains/de/test/auto/fsm_de_test.xml
auto.tcl: Setting watchdog for 200 seconds at Mon Oct 28 06:08:43 UTC 2019
15 ms. Memory: 51200K Free: 28076K (55%)
ptolemy.util.test.WatchDog.cancel(): canceling Mon Oct 28 06:08:43 UTC 2019
auto.tcl: Setting watchdog for 200 seconds at Mon Oct 28 06:08:43 UTC 2019
13 ms. Memory: 51200K Free: 26028K (51%)
ptolemy.util.test.WatchDog.cancel(): canceling Mon Oct 28 06:08:43 UTC 2019
------------------ testing $PTII/ptolemy/domains/de/test/auto/functionDependencyReconstruction.xml
auto.tcl: Setting watchdog for 200 seconds at Mon Oct 28 06:08:43 UTC 2019
4 ms. Memory: 51200K Free: 21922K (43%)
ptolemy.util.test.WatchDog.cancel(): canceling Mon Oct 28 06:08:43 UTC 2019
auto.tcl: Setting watchdog for 200 seconds at Mon Oct 28 06:08:43 UTC 2019
4 ms. Memory: 51200K Free: 19874K (39%)
ptolemy.util.test.WatchDog.cancel(): canceling Mon Oct 28 06:08:44 UTC 2019
------------------ testing $PTII/ptolemy/domains/de/test/auto/multirate.xml
auto.tcl: Setting watchdog for 200 seconds at Mon Oct 28 06:08:44 UTC 2019
8 ms. Memory: 51200K Free: 30651K (60%)
ptolemy.util.test.WatchDog.cancel(): canceling Mon Oct 28 06:08:44 UTC 2019
auto.tcl: Setting watchdog for 200 seconds at Mon Oct 28 06:08:44 UTC 2019
4 ms. Memory: 51200K Free: 28972K (57%)
ptolemy.util.test.WatchDog.cancel(): canceling Mon Oct 28 06:08:44 UTC 2019
------------------ testing $PTII/ptolemy/domains/de/test/auto/multirate2.xml
auto.tcl: Setting watchdog for 200 seconds at Mon Oct 28 06:08:44 UTC 2019
3 ms. Memory: 51200K Free: 30872K (60%)
ptolemy.util.test.WatchDog.cancel(): canceling Mon Oct 28 06:08:44 UTC 2019
auto.tcl: Setting watchdog for 200 seconds at Mon Oct 28 06:08:44 UTC 2019
3 ms. Memory: 51200K Free: 29153K (57%)
ptolemy.util.test.WatchDog.cancel(): canceling Mon Oct 28 06:08:44 UTC 2019
------------------ testing $PTII/ptolemy/domains/de/test/auto/realtime.xml
auto.tcl: Setting watchdog for 200 seconds at Mon Oct 28 06:08:44 UTC 2019
10003 ms. Memory: 51200K Free: 32949K (64%)
ptolemy.util.test.WatchDog.cancel(): canceling Mon Oct 28 06:08:54 UTC 2019
auto.tcl: Setting watchdog for 200 seconds at Mon Oct 28 06:08:54 UTC 2019
10001 ms. Memory: 51200K Free: 32224K (63%)
ptolemy.util.test.WatchDog.cancel(): canceling Mon Oct 28 06:09:04 UTC 2019
------------------ testing $PTII/ptolemy/domains/de/test/auto/relationGroup.xml
auto.tcl: Setting watchdog for 200 seconds at Mon Oct 28 06:09:04 UTC 2019
2 ms. Memory: 51200K Free: 34031K (66%)
ptolemy.util.test.WatchDog.cancel(): canceling Mon Oct 28 06:09:04 UTC 2019
auto.tcl: Setting watchdog for 200 seconds at Mon Oct 28 06:09:04 UTC 2019
2 ms. Memory: 51200K Free: 33519K (65%)
ptolemy.util.test.WatchDog.cancel(): canceling Mon Oct 28 06:09:04 UTC 2019
------------------ testing $PTII/ptolemy/domains/de/test/auto/relationGroup2.xml
auto.tcl: Setting watchdog for 200 seconds at Mon Oct 28 06:09:04 UTC 2019
1 ms. Memory: 51200K Free: 34056K (67%)
ptolemy.util.test.WatchDog.cancel(): canceling Mon Oct 28 06:09:04 UTC 2019
auto.tcl: Setting watchdog for 200 seconds at Mon Oct 28 06:09:04 UTC 2019
2 ms. Memory: 51200K Free: 33514K (65%)
ptolemy.util.test.WatchDog.cancel(): canceling Mon Oct 28 06:09:04 UTC 2019
------------------ testing $PTII/ptolemy/domains/de/test/auto/sortWithOpaquePorts.xml
auto.tcl: Setting watchdog for 200 seconds at Mon Oct 28 06:09:04 UTC 2019
3 ms. Memory: 51200K Free: 32804K (64%)
ptolemy.util.test.WatchDog.cancel(): canceling Mon Oct 28 06:09:04 UTC 2019
auto.tcl: Setting watchdog for 200 seconds at Mon Oct 28 06:09:04 UTC 2019
3 ms. Memory: 51200K Free: 31782K (62%)
ptolemy.util.test.WatchDog.cancel(): canceling Mon Oct 28 06:09:04 UTC 2019
------------------ testing $PTII/ptolemy/domains/de/test/auto/transferInputsandOutputs.xml
auto.tcl: Setting watchdog for 200 seconds at Mon Oct 28 06:09:04 UTC 2019
2 ms. Memory: 51200K Free: 30248K (59%)
ptolemy.util.test.WatchDog.cancel(): canceling Mon Oct 28 06:09:04 UTC 2019
auto.tcl: Setting watchdog for 200 seconds at Mon Oct 28 06:09:04 UTC 2019
3 ms. Memory: 51200K Free: 29224K (57%)
ptolemy.util.test.WatchDog.cancel(): canceling Mon Oct 28 06:09:04 UTC 2019
------------------ testing $PTII/ptolemy/domains/de/test/auto/triggerType.xml
auto.tcl: Setting watchdog for 200 seconds at Mon Oct 28 06:09:04 UTC 2019
2 ms. Memory: 51200K Free: 33273K (65%)
ptolemy.util.test.WatchDog.cancel(): canceling Mon Oct 28 06:09:04 UTC 2019
auto.tcl: Setting watchdog for 200 seconds at Mon Oct 28 06:09:04 UTC 2019
1 ms. Memory: 51200K Free: 32249K (63%)
ptolemy.util.test.WatchDog.cancel(): canceling Mon Oct 28 06:09:04 UTC 2019
10/28/19 06:09:04
Failed: 0  Total Tests: 192  ((Passed: 187, Newly Passed: 1)  Known Failed: 5) /home/travis/build/icyphy/ptII/ptolemy/domains/de/test
10/28/19 06:09:04
Failed: 0  Total Tests: 192  ((Passed: 187, Newly Passed: 1)  Known Failed: 5) /home/travis/build/icyphy/ptII/ptolemy/domains/de/test
----------------- testing (KnownFailure) /home/travis/build/icyphy/ptII/ptolemy/domains/de/test/auto/knownFailedTests/DESDFClockTest.xml
2011 ms. Memory: 51200K Free: 26157K (51%)
Known Failure: java.lang.reflect.InvocationTargetException
----------------- testing (KnownFailure) /home/travis/build/icyphy/ptII/ptolemy/domains/de/test/auto/knownFailedTests/DirectFeedback.xml
3 ms. Memory: 51200K Free: 22061K (43%)
Known Failure: java.lang.reflect.InvocationTargetException
----------------- testing (KnownFailure) /home/travis/build/icyphy/ptII/ptolemy/domains/de/test/auto/knownFailedTests/FSMSource.xml
17 ms. Memory: 51200K Free: 14893K (29%)
----------------- testing (KnownFailure) /home/travis/build/icyphy/ptII/ptolemy/domains/de/test/auto/knownFailedTests/HierarchicalModel.xml
2 ms. Memory: 51200K Free: 27747K (54%)
Known Failure: java.lang.reflect.InvocationTargetException
----------------- testing (KnownFailure) /home/travis/build/icyphy/ptII/ptolemy/domains/de/test/auto/knownFailedTests/dependencyLoop.xml
3 ms. Memory: 51200K Free: 12387K (24%)
Known Failure: java.lang.reflect.InvocationTargetException
----------------- testing (KnownFailure) /home/travis/build/icyphy/ptII/ptolemy/domains/de/test/auto/knownFailedTests/dependencyLoop2.xml
6 ms. Memory: 51200K Free: 25705K (50%)
Known Failure: java.lang.reflect.InvocationTargetException
No auto/linux-amd64/*.xml tests in /home/travis/build/icyphy/ptII/ptolemy/domains/de/test
AutoTests.java: About to close Vertx.
AutoTests.java: Vertx closed.

===========================================================================================
----------------- testing Mon Oct 28 06:09:06 UTC 2019 /home/travis/build/icyphy/ptII/ptolemy/domains/de/test/auto/ActorDepthCalculation_actorWithoutPorts.xml
----------------- Instantiating /home/travis/build/icyphy/ptII/ptolemy/domains/de/test/auto/ActorDepthCalculation_actorWithoutPorts.xml
3 ms. Memory: 51200K Free: 18784K (37%)
----------------- Invoking toplevel() on ptolemy.moml.MoMLSimpleApplication@57e33837
----------------- Done invoking toplevel() on ptolemy.moml.MoMLSimpleApplication@57e33837
reloadAllAccessors: .ActorDepthCalculation_actorWithoutPorts

===========================================================================================
----------------- testing Mon Oct 28 06:09:06 UTC 2019 /home/travis/build/icyphy/ptII/ptolemy/domains/de/test/auto/AssemblyLine.xml
----------------- Instantiating /home/travis/build/icyphy/ptII/ptolemy/domains/de/test/auto/AssemblyLine.xml
2 ms. Memory: 51200K Free: 11656K (23%)
----------------- Invoking toplevel() on ptolemy.moml.MoMLSimpleApplication@147517d2
----------------- Done invoking toplevel() on ptolemy.moml.MoMLSimpleApplication@147517d2
reloadAllAccessors: .AssemblyLine

===========================================================================================
----------------- testing Mon Oct 28 06:09:06 UTC 2019 /home/travis/build/icyphy/ptII/ptolemy/domains/de/test/auto/CQBug1.xml
----------------- Instantiating /home/travis/build/icyphy/ptII/ptolemy/domains/de/test/auto/CQBug1.xml
1 ms. Memory: 51200K Free: 8911K (17%)
----------------- Invoking toplevel() on ptolemy.moml.MoMLSimpleApplication@5f0081cc
----------------- Done invoking toplevel() on ptolemy.moml.MoMLSimpleApplication@5f0081cc
reloadAllAccessors: .CQBug1

===========================================================================================
----------------- testing Mon Oct 28 06:09:07 UTC 2019 /home/travis/build/icyphy/ptII/ptolemy/domains/de/test/auto/CancelFireAt.xml
----------------- Instantiating /home/travis/build/icyphy/ptII/ptolemy/domains/de/test/auto/CancelFireAt.xml
13 ms. Memory: 51200K Free: 35337K (69%)
----------------- Invoking toplevel() on ptolemy.moml.MoMLSimpleApplication@7e583a7b
----------------- Done invoking toplevel() on ptolemy.moml.MoMLSimpleApplication@7e583a7b
reloadAllAccessors: .CancelFireAt

===========================================================================================
----------------- testing Mon Oct 28 06:09:07 UTC 2019 /home/travis/build/icyphy/ptII/ptolemy/domains/de/test/auto/CausalityAndComposabilityAnalysis.xml
----------------- Instantiating /home/travis/build/icyphy/ptII/ptolemy/domains/de/test/auto/CausalityAndComposabilityAnalysis.xml
2 ms. Memory: 51200K Free: 31073K (61%)
----------------- Invoking toplevel() on ptolemy.moml.MoMLSimpleApplication@1d6fc420
----------------- Done invoking toplevel() on ptolemy.moml.MoMLSimpleApplication@1d6fc420
reloadAllAccessors: .CausalityAndComposabilityAnalysis

===========================================================================================
----------------- testing Mon Oct 28 06:09:07 UTC 2019 /home/travis/build/icyphy/ptII/ptolemy/domains/de/test/auto/CausalityInterface1.xml
----------------- Instantiating /home/travis/build/icyphy/ptII/ptolemy/domains/de/test/auto/CausalityInterface1.xml
7 ms. Memory: 51200K Free: 25959K (51%)
----------------- Invoking toplevel() on ptolemy.moml.MoMLSimpleApplication@45c88a7b
----------------- Done invoking toplevel() on ptolemy.moml.MoMLSimpleApplication@45c88a7b
reloadAllAccessors: .CausalityInterface1

===========================================================================================
----------------- testing Mon Oct 28 06:09:07 UTC 2019 /home/travis/build/icyphy/ptII/ptolemy/domains/de/test/auto/CausalityInterface15.xml
----------------- Instantiating /home/travis/build/icyphy/ptII/ptolemy/domains/de/test/auto/CausalityInterface15.xml
3 ms. Memory: 51200K Free: 20413K (40%)
----------------- Invoking toplevel() on ptolemy.moml.MoMLSimpleApplication@de3f23d
----------------- Done invoking toplevel() on ptolemy.moml.MoMLSimpleApplication@de3f23d
reloadAllAccessors: .CausalityInterface15

===========================================================================================
----------------- testing Mon Oct 28 06:09:07 UTC 2019 /home/travis/build/icyphy/ptII/ptolemy/domains/de/test/auto/CausalityInterface2.xml
----------------- Instantiating /home/travis/build/icyphy/ptII/ptolemy/domains/de/test/auto/CausalityInterface2.xml
1 ms. Memory: 51200K Free: 15743K (31%)
[...]
	at ptolemy.actor.Manager.run(Manager.java:1263)
	at ptolemy.actor.Manager$PtolemyRunThread.run(Manager.java:1933)
java.lang.RuntimeException: Execution failed
	at ptolemy.moml.MoMLSimpleApplication$UnloadThread.run(MoMLSimpleApplication.java:402)
Caused by: ptolemy.kernel.util.IllegalActionException: Actor is not ready to fire.  Perhaps UpSample.prefire() returned false? Try debugging the actor by selecting "Listen to Actor".  Also, for SDF check moml for tokenConsumptionRate on input.
  in .DESDFClockTest.Play Bell.Copy1:SDF Director and .DESDFClockTest.Play Bell.UpSample
	at ptolemy.actor.sched.StaticSchedulingDirector.fire(StaticSchedulingDirector.java:227)
	at ptolemy.domains.sdf.kernel.SDFDirector.fire(SDFDirector.java:500)
	at ptolemy.actor.CompositeActor.fire(CompositeActor.java:455)
	at ptolemy.domains.de.kernel.DEDirector._fire(DEDirector.java:1949)
	at ptolemy.domains.de.kernel.DEDirector.fire(DEDirector.java:502)
	at ptolemy.actor.CompositeActor.fire(CompositeActor.java:455)
	at ptolemy.actor.Manager.iterate(Manager.java:851)
	at ptolemy.actor.Manager.execute(Manager.java:369)
	at ptolemy.actor.Manager.run(Manager.java:1263)
	at ptolemy.actor.Manager$PtolemyRunThread.run(Manager.java:1933)
java.lang.reflect.InvocationTargetException
	at java.base/jdk.internal.reflect.NativeConstructorAccessorImpl.newInstance0(Native Method)
	at java.base/jdk.internal.reflect.NativeConstructorAccessorImpl.newInstance(NativeConstructorAccessorImpl.java:62)
	at java.base/jdk.internal.reflect.DelegatingConstructorAccessorImpl.newInstance(DelegatingConstructorAccessorImpl.java:45)
	at java.base/java.lang.reflect.Constructor.newInstance(Constructor.java:490)
	at ptolemy.util.test.junit.AutoKnownFailedTests.RunModel(AutoKnownFailedTests.java:105)
	at java.base/jdk.internal.reflect.NativeMethodAccessorImpl.invoke0(Native Method)
	at java.base/jdk.internal.reflect.NativeMethodAccessorImpl.invoke(NativeMethodAccessorImpl.java:62)
	at java.base/jdk.internal.reflect.DelegatingMethodAccessorImpl.invoke(DelegatingMethodAccessorImpl.java:43)
	at java.base/java.lang.reflect.Method.invoke(Method.java:566)
	at org.junit.runners.model.FrameworkMethod$1.runReflectiveCall(FrameworkMethod.java:44)
	at org.junit.internal.runners.model.ReflectiveCallable.run(ReflectiveCallable.java:15)
	at org.junit.runners.model.FrameworkMethod.invokeExplosively(FrameworkMethod.java:41)
	at junitparams.internal.InvokeParameterisedMethod.evaluate(InvokeParameterisedMethod.java:102)
	at org.junit.internal.runners.statements.FailOnTimeout$1.run(FailOnTimeout.java:28)
Caused by: ptolemy.kernel.util.IllegalActionException: Actor is not ready to fire.  Perhaps UpSample.prefire() returned false? Try debugging the actor by selecting "Listen to Actor".  Also, for SDF check moml for tokenConsumptionRate on input.
  in .DESDFClockTest.Play Bell.Copy1:SDF Director and .DESDFClockTest.Play Bell.UpSample
	at ptolemy.actor.sched.StaticSchedulingDirector.fire(StaticSchedulingDirector.java:227)
	at ptolemy.domains.sdf.kernel.SDFDirector.fire(SDFDirector.java:500)
	at ptolemy.actor.CompositeActor.fire(CompositeActor.java:455)
	at ptolemy.domains.de.kernel.DEDirector._fire(DEDirector.java:1949)
	at ptolemy.domains.de.kernel.DEDirector.fire(DEDirector.java:502)
	at ptolemy.actor.CompositeActor.fire(CompositeActor.java:455)
	at ptolemy.actor.Manager.iterate(Manager.java:851)
	at ptolemy.actor.Manager.execute(Manager.java:369)
	at ptolemy.actor.Manager.run(Manager.java:1263)
	at ptolemy.actor.Manager$PtolemyRunThread.run(Manager.java:1933)
java.lang.RuntimeException: Execution failed
	at ptolemy.moml.MoMLSimpleApplication$UnloadThread.run(MoMLSimpleApplication.java:402)
Caused by: ptolemy.kernel.util.IllegalActionException: Test fails in iteration 1.
Value was: 1.0. Should have been: 2.0
  in .DirectFeedback.Test
	at ptolemy.actor.lib.Test.fire(Test.java:268)
	at ptolemy.domains.de.kernel.DEDirector._fire(DEDirector.java:1949)
	at ptolemy.domains.de.kernel.DEDirector.fire(DEDirector.java:502)
	at ptolemy.actor.CompositeActor.fire(CompositeActor.java:455)
	at ptolemy.actor.Manager.iterate(Manager.java:851)
	at ptolemy.actor.Manager.execute(Manager.java:369)
	at ptolemy.actor.Manager.run(Manager.java:1263)
	at ptolemy.actor.Manager$PtolemyRunThread.run(Manager.java:1933)
java.lang.reflect.InvocationTargetException
	at java.base/jdk.internal.reflect.NativeConstructorAccessorImpl.newInstance0(Native Method)
	at java.base/jdk.internal.reflect.NativeConstructorAccessorImpl.newInstance(NativeConstructorAccessorImpl.java:62)
	at java.base/jdk.internal.reflect.DelegatingConstructorAccessorImpl.newInstance(DelegatingConstructorAccessorImpl.java:45)
	at java.base/java.lang.reflect.Constructor.newInstance(Constructor.java:490)
	at ptolemy.util.test.junit.AutoKnownFailedTests.RunModel(AutoKnownFailedTests.java:105)
	at java.base/jdk.internal.reflect.NativeMethodAccessorImpl.invoke0(Native Method)
	at java.base/jdk.internal.reflect.NativeMethodAccessorImpl.invoke(NativeMethodAccessorImpl.java:62)
	at java.base/jdk.internal.reflect.DelegatingMethodAccessorImpl.invoke(DelegatingMethodAccessorImpl.java:43)
	at java.base/java.lang.reflect.Method.invoke(Method.java:566)
	at org.junit.runners.model.FrameworkMethod$1.runReflectiveCall(FrameworkMethod.java:44)
	at org.junit.internal.runners.model.ReflectiveCallable.run(ReflectiveCallable.java:15)
	at org.junit.runners.model.FrameworkMethod.invokeExplosively(FrameworkMethod.java:41)
	at junitparams.internal.InvokeParameterisedMethod.evaluate(InvokeParameterisedMethod.java:102)
	at org.junit.internal.runners.statements.FailOnTimeout$1.run(FailOnTimeout.java:28)
Caused by: ptolemy.kernel.util.IllegalActionException: Test fails in iteration 1.
Value was: 1.0. Should have been: 2.0
  in .DirectFeedback.Test
	at ptolemy.actor.lib.Test.fire(Test.java:268)
	at ptolemy.domains.de.kernel.DEDirector._fire(DEDirector.java:1949)
	at ptolemy.domains.de.kernel.DEDirector.fire(DEDirector.java:502)
	at ptolemy.actor.CompositeActor.fire(CompositeActor.java:455)
	at ptolemy.actor.Manager.iterate(Manager.java:851)
	at ptolemy.actor.Manager.execute(Manager.java:369)
	at ptolemy.actor.Manager.run(Manager.java:1263)
	at ptolemy.actor.Manager$PtolemyRunThread.run(Manager.java:1933)
java.lang.RuntimeException: Execution failed
	at ptolemy.moml.MoMLSimpleApplication$UnloadThread.run(MoMLSimpleApplication.java:402)
Caused by: ptolemy.kernel.util.IllegalActionException: Found a zero delay loop containing .HierarchicalModel.A
  in .HierarchicalModel and .HierarchicalModel.A
	at ptolemy.actor.util.CausalityInterfaceForComposites._computeOutputPortDepth(CausalityInterfaceForComposites.java:759)
	at ptolemy.actor.util.CausalityInterfaceForComposites._computeInputDepth(CausalityInterfaceForComposites.java:696)
	at ptolemy.actor.util.CausalityInterfaceForComposites._computeOutputPortDepth(CausalityInterfaceForComposites.java:765)
	at ptolemy.actor.util.CausalityInterfaceForComposites._computeInputDepth(CausalityInterfaceForComposites.java:696)
	at ptolemy.actor.util.CausalityInterfaceForComposites._computeOutputPortDepth(CausalityInterfaceForComposites.java:765)
	at ptolemy.actor.util.CausalityInterfaceForComposites._computeInputDepth(CausalityInterfaceForComposites.java:696)
	at ptolemy.actor.util.CausalityInterfaceForComposites._computeActorDepth(CausalityInterfaceForComposites.java:532)
	at ptolemy.actor.util.CausalityInterfaceForComposites.checkForCycles(CausalityInterfaceForComposites.java:96)
	at ptolemy.domains.de.kernel.DEDirector.preinitialize(DEDirector.java:1338)
	at ptolemy.actor.CompositeActor.preinitialize(CompositeActor.java:1828)
	at ptolemy.actor.Manager.preinitializeAndResolveTypes(Manager.java:1040)
	at ptolemy.actor.Manager.initialize(Manager.java:710)
	at ptolemy.actor.Manager.execute(Manager.java:356)
	at ptolemy.actor.Manager.run(Manager.java:1263)
	at ptolemy.actor.Manager$PtolemyRunThread.run(Manager.java:1933)
java.lang.reflect.InvocationTargetException
	at java.base/jdk.internal.reflect.NativeConstructorAccessorImpl.newInstance0(Native Method)
	at java.base/jdk.internal.reflect.NativeConstructorAccessorImpl.newInstance(NativeConstructorAccessorImpl.java:62)
	at java.base/jdk.internal.reflect.DelegatingConstructorAccessorImpl.newInstance(DelegatingConstructorAccessorImpl.java:45)
	at java.base/java.lang.reflect.Constructor.newInstance(Constructor.java:490)
	at ptolemy.util.test.junit.AutoKnownFailedTests.RunModel(AutoKnownFailedTests.java:105)
	at java.base/jdk.internal.reflect.NativeMethodAccessorImpl.invoke0(Native Method)
	at java.base/jdk.internal.reflect.NativeMethodAccessorImpl.invoke(NativeMethodAccessorImpl.java:62)
	at java.base/jdk.internal.reflect.DelegatingMethodAccessorImpl.invoke(DelegatingMethodAccessorImpl.java:43)
	at java.base/java.lang.reflect.Method.invoke(Method.java:566)
	at org.junit.runners.model.FrameworkMethod$1.runReflectiveCall(FrameworkMethod.java:44)
	at org.junit.internal.runners.model.ReflectiveCallable.run(ReflectiveCallable.java:15)
	at org.junit.runners.model.FrameworkMethod.invokeExplosively(FrameworkMethod.java:41)
	at junitparams.internal.InvokeParameterisedMethod.evaluate(InvokeParameterisedMethod.java:102)
	at org.junit.internal.runners.statements.FailOnTimeout$1.run(FailOnTimeout.java:28)
Caused by: ptolemy.kernel.util.IllegalActionException: Found a zero delay loop containing .HierarchicalModel.A
  in .HierarchicalModel and .HierarchicalModel.A
	at ptolemy.actor.util.CausalityInterfaceForComposites._computeOutputPortDepth(CausalityInterfaceForComposites.java:759)
	at ptolemy.actor.util.CausalityInterfaceForComposites._computeInputDepth(CausalityInterfaceForComposites.java:696)
	at ptolemy.actor.util.CausalityInterfaceForComposites._computeOutputPortDepth(CausalityInterfaceForComposites.java:765)
	at ptolemy.actor.util.CausalityInterfaceForComposites._computeInputDepth(CausalityInterfaceForComposites.java:696)
	at ptolemy.actor.util.CausalityInterfaceForComposites._computeOutputPortDepth(CausalityInterfaceForComposites.java:765)
	at ptolemy.actor.util.CausalityInterfaceForComposites._computeInputDepth(CausalityInterfaceForComposites.java:696)
	at ptolemy.actor.util.CausalityInterfaceForComposites._computeActorDepth(CausalityInterfaceForComposites.java:532)
	at ptolemy.actor.util.CausalityInterfaceForComposites.checkForCycles(CausalityInterfaceForComposites.java:96)
	at ptolemy.domains.de.kernel.DEDirector.preinitialize(DEDirector.java:1338)
	at ptolemy.actor.CompositeActor.preinitialize(CompositeActor.java:1828)
	at ptolemy.actor.Manager.preinitializeAndResolveTypes(Manager.java:1040)
	at ptolemy.actor.Manager.initialize(Manager.java:710)
	at ptolemy.actor.Manager.execute(Manager.java:356)
	at ptolemy.actor.Manager.run(Manager.java:1263)
	at ptolemy.actor.Manager$PtolemyRunThread.run(Manager.java:1933)
java.lang.RuntimeException: Execution failed
	at ptolemy.moml.MoMLSimpleApplication$UnloadThread.run(MoMLSimpleApplication.java:402)
Caused by: ptolemy.kernel.util.IllegalActionException: Found a zero delay loop containing .dependencyLoop.original
  in .dependencyLoop and .dependencyLoop.original
	at ptolemy.actor.util.CausalityInterfaceForComposites._computeOutputPortDepth(CausalityInterfaceForComposites.java:759)
	at ptolemy.actor.util.CausalityInterfaceForComposites._computeInputDepth(CausalityInterfaceForComposites.java:696)
	at ptolemy.actor.util.CausalityInterfaceForComposites._computeOutputPortDepth(CausalityInterfaceForComposites.java:765)
	at ptolemy.actor.util.CausalityInterfaceForComposites._computeInputDepth(CausalityInterfaceForComposites.java:696)
	at ptolemy.actor.util.CausalityInterfaceForComposites._computeOutputPortDepth(CausalityInterfaceForComposites.java:765)
	at ptolemy.actor.util.CausalityInterfaceForComposites._computeInputDepth(CausalityInterfaceForComposites.java:696)
	at ptolemy.actor.util.CausalityInterfaceForComposites._computeActorDepth(CausalityInterfaceForComposites.java:532)
	at ptolemy.actor.util.CausalityInterfaceForComposites.checkForCycles(CausalityInterfaceForComposites.java:96)
	at ptolemy.domains.de.kernel.DEDirector.preinitialize(DEDirector.java:1338)
	at ptolemy.actor.CompositeActor.preinitialize(CompositeActor.java:1828)
	at ptolemy.actor.Manager.preinitializeAndResolveTypes(Manager.java:1040)
	at ptolemy.actor.Manager.initialize(Manager.java:710)
	at ptolemy.actor.Manager.execute(Manager.java:356)
	at ptolemy.actor.Manager.run(Manager.java:1263)
	at ptolemy.actor.Manager$PtolemyRunThread.run(Manager.java:1933)
java.lang.reflect.InvocationTargetException
	at java.base/jdk.internal.reflect.NativeConstructorAccessorImpl.newInstance0(Native Method)
	at java.base/jdk.internal.reflect.NativeConstructorAccessorImpl.newInstance(NativeConstructorAccessorImpl.java:62)
	at java.base/jdk.internal.reflect.DelegatingConstructorAccessorImpl.newInstance(DelegatingConstructorAccessorImpl.java:45)
	at java.base/java.lang.reflect.Constructor.newInstance(Constructor.java:490)
	at ptolemy.util.test.junit.AutoKnownFailedTests.RunModel(AutoKnownFailedTests.java:105)
	at java.base/jdk.internal.reflect.NativeMethodAccessorImpl.invoke0(Native Method)
	at java.base/jdk.internal.reflect.NativeMethodAccessorImpl.invoke(NativeMethodAccessorImpl.java:62)
	at java.base/jdk.internal.reflect.DelegatingMethodAccessorImpl.invoke(DelegatingMethodAccessorImpl.java:43)
	at java.base/java.lang.reflect.Method.invoke(Method.java:566)
	at org.junit.runners.model.FrameworkMethod$1.runReflectiveCall(FrameworkMethod.java:44)
	at org.junit.internal.runners.model.ReflectiveCallable.run(ReflectiveCallable.java:15)
	at org.junit.runners.model.FrameworkMethod.invokeExplosively(FrameworkMethod.java:41)
	at junitparams.internal.InvokeParameterisedMethod.evaluate(InvokeParameterisedMethod.java:102)
	at org.junit.internal.runners.statements.FailOnTimeout$1.run(FailOnTimeout.java:28)
Caused by: ptolemy.kernel.util.IllegalActionException: Found a zero delay loop containing .dependencyLoop.original
  in .dependencyLoop and .dependencyLoop.original
	at ptolemy.actor.util.CausalityInterfaceForComposites._computeOutputPortDepth(CausalityInterfaceForComposites.java:759)
	at ptolemy.actor.util.CausalityInterfaceForComposites._computeInputDepth(CausalityInterfaceForComposites.java:696)
	at ptolemy.actor.util.CausalityInterfaceForComposites._computeOutputPortDepth(CausalityInterfaceForComposites.java:765)
	at ptolemy.actor.util.CausalityInterfaceForComposites._computeInputDepth(CausalityInterfaceForComposites.java:696)
	at ptolemy.actor.util.CausalityInterfaceForComposites._computeOutputPortDepth(CausalityInterfaceForComposites.java:765)
	at ptolemy.actor.util.CausalityInterfaceForComposites._computeInputDepth(CausalityInterfaceForComposites.java:696)
	at ptolemy.actor.util.CausalityInterfaceForComposites._computeActorDepth(CausalityInterfaceForComposites.java:532)
	at ptolemy.actor.util.CausalityInterfaceForComposites.checkForCycles(CausalityInterfaceForComposites.java:96)
	at ptolemy.domains.de.kernel.DEDirector.preinitialize(DEDirector.java:1338)
	at ptolemy.actor.CompositeActor.preinitialize(CompositeActor.java:1828)
	at ptolemy.actor.Manager.preinitializeAndResolveTypes(Manager.java:1040)
	at ptolemy.actor.Manager.initialize(Manager.java:710)
	at ptolemy.actor.Manager.execute(Manager.java:356)
	at ptolemy.actor.Manager.run(Manager.java:1263)
	at ptolemy.actor.Manager$PtolemyRunThread.run(Manager.java:1933)
java.lang.RuntimeException: Execution failed
	at ptolemy.moml.MoMLSimpleApplication$UnloadThread.run(MoMLSimpleApplication.java:402)
Caused by: ptolemy.kernel.util.IllegalActionException: Found a zero delay loop containing .dependencyLoop2.original
  in .dependencyLoop2 and .dependencyLoop2.original
	at ptolemy.actor.util.CausalityInterfaceForComposites._computeOutputPortDepth(CausalityInterfaceForComposites.java:759)
	at ptolemy.actor.util.CausalityInterfaceForComposites._computeInputDepth(CausalityInterfaceForComposites.java:696)
	at ptolemy.actor.util.CausalityInterfaceForComposites._computeOutputPortDepth(CausalityInterfaceForComposites.java:765)
	at ptolemy.actor.util.CausalityInterfaceForComposites._computeInputDepth(CausalityInterfaceForComposites.java:696)
	at ptolemy.actor.util.CausalityInterfaceForComposites._computeOutputPortDepth(CausalityInterfaceForComposites.java:765)
	at ptolemy.actor.util.CausalityInterfaceForComposites._computeInputDepth(CausalityInterfaceForComposites.java:696)
	at ptolemy.actor.util.CausalityInterfaceForComposites._computeActorDepth(CausalityInterfaceForComposites.java:532)
	at ptolemy.actor.util.CausalityInterfaceForComposites.checkForCycles(CausalityInterfaceForComposites.java:96)
	at ptolemy.domains.de.kernel.DEDirector.preinitialize(DEDirector.java:1338)
	at ptolemy.actor.CompositeActor.preinitialize(CompositeActor.java:1828)
	at ptolemy.actor.Manager.preinitializeAndResolveTypes(Manager.java:1040)
	at ptolemy.actor.Manager.initialize(Manager.java:710)
	at ptolemy.actor.Manager.execute(Manager.java:356)
	at ptolemy.actor.Manager.run(Manager.java:1263)
	at ptolemy.actor.Manager$PtolemyRunThread.run(Manager.java:1933)
java.lang.reflect.InvocationTargetException
	at java.base/jdk.internal.reflect.NativeConstructorAccessorImpl.newInstance0(Native Method)
	at java.base/jdk.internal.reflect.NativeConstructorAccessorImpl.newInstance(NativeConstructorAccessorImpl.java:62)
	at java.base/jdk.internal.reflect.DelegatingConstructorAccessorImpl.newInstance(DelegatingConstructorAccessorImpl.java:45)
	at java.base/java.lang.reflect.Constructor.newInstance(Constructor.java:490)
	at ptolemy.util.test.junit.AutoKnownFailedTests.RunModel(AutoKnownFailedTests.java:105)
	at java.base/jdk.internal.reflect.NativeMethodAccessorImpl.invoke0(Native Method)
	at java.base/jdk.internal.reflect.NativeMethodAccessorImpl.invoke(NativeMethodAccessorImpl.java:62)
	at java.base/jdk.internal.reflect.DelegatingMethodAccessorImpl.invoke(DelegatingMethodAccessorImpl.java:43)
	at java.base/java.lang.reflect.Method.invoke(Method.java:566)
	at org.junit.runners.model.FrameworkMethod$1.runReflectiveCall(FrameworkMethod.java:44)
	at org.junit.internal.runners.model.ReflectiveCallable.run(ReflectiveCallable.java:15)
	at org.junit.runners.model.FrameworkMethod.invokeExplosively(FrameworkMethod.java:41)
	at junitparams.internal.InvokeParameterisedMethod.evaluate(InvokeParameterisedMethod.java:102)
	at org.junit.internal.runners.statements.FailOnTimeout$1.run(FailOnTimeout.java:28)
Caused by: ptolemy.kernel.util.IllegalActionException: Found a zero delay loop containing .dependencyLoop2.original
  in .dependencyLoop2 and .dependencyLoop2.original
	at ptolemy.actor.util.CausalityInterfaceForComposites._computeOutputPortDepth(CausalityInterfaceForComposites.java:759)
	at ptolemy.actor.util.CausalityInterfaceForComposites._computeInputDepth(CausalityInterfaceForComposites.java:696)
	at ptolemy.actor.util.CausalityInterfaceForComposites._computeOutputPortDepth(CausalityInterfaceForComposites.java:765)
	at ptolemy.actor.util.CausalityInterfaceForComposites._computeInputDepth(CausalityInterfaceForComposites.java:696)
	at ptolemy.actor.util.CausalityInterfaceForComposites._computeOutputPortDepth(CausalityInterfaceForComposites.java:765)
	at ptolemy.actor.util.CausalityInterfaceForComposites._computeInputDepth(CausalityInterfaceForComposites.java:696)
	at ptolemy.actor.util.CausalityInterfaceForComposites._computeActorDepth(CausalityInterfaceForComposites.java:532)
	at ptolemy.actor.util.CausalityInterfaceForComposites.checkForCycles(CausalityInterfaceForComposites.java:96)
	at ptolemy.domains.de.kernel.DEDirector.preinitialize(DEDirector.java:1338)
	at ptolemy.actor.CompositeActor.preinitialize(CompositeActor.java:1828)
	at ptolemy.actor.Manager.preinitializeAndResolveTypes(Manager.java:1040)
	at ptolemy.actor.Manager.initialize(Manager.java:710)
	at ptolemy.actor.Manager.execute(Manager.java:356)
	at ptolemy.actor.Manager.run(Manager.java:1263)
	at ptolemy.actor.Manager$PtolemyRunThread.run(Manager.java:1933)
]]></system-err>
</testsuite>
