<?xml version="1.0" encoding="UTF-8" ?>
<testsuite errors="0" failures="0" hostname="travis-job-0ebc2fb6-35a6-4382-bbdb-790be943ebfa" name="ptolemy.actor.lib.hoc.test.junit.JUnitTclTest" skipped="0" tests="58" time="24.834" timestamp="2019-03-28T04:51:38">
  <properties>
[...]
</properties>
  <testcase classname="ptolemy.util.test.junit.TclTests" name="[0] /home/travis/build/icyphy/ptII/ptolemy/actor/lib/hoc/test/IterateOverArray.tcl (RunTclFile)" time="0.261" />
  <testcase classname="ptolemy.util.test.junit.AutoKnownFailedTests" name="[0] /home/travis/build/icyphy/ptII/ptolemy/actor/lib/hoc/test/auto/knownFailedTests/PreinitializeMustBeInvokedRunComposite.xml (RunModel)" time="0.213" />
  <testcase classname="ptolemy.util.test.junit.AutoNameArchTests" name="[0] ThereAreNoAutoArchTests (RunModel)" time="0.001" />
  <testcase classname="ptolemy.util.test.junit.AutoTests" name="[0] /home/travis/build/icyphy/ptII/ptolemy/actor/lib/hoc/test/auto/AllToAllMultiInstanceComposite.xml (RunModel)" time="0.256" />
  <testcase classname="ptolemy.util.test.junit.AutoTests" name="[1] /home/travis/build/icyphy/ptII/ptolemy/actor/lib/hoc/test/auto/ApplyFFTTest.xml (RunModel)" time="0.254" />
  <testcase classname="ptolemy.util.test.junit.AutoTests" name="[2] /home/travis/build/icyphy/ptII/ptolemy/actor/lib/hoc/test/auto/ApplyFunction.xml (RunModel)" time="0.023" />
  <testcase classname="ptolemy.util.test.junit.AutoTests" name="[3] /home/travis/build/icyphy/ptII/ptolemy/actor/lib/hoc/test/auto/BackgroundExecution.xml (RunModel)" time="0.706" />
  <testcase classname="ptolemy.util.test.junit.AutoTests" name="[4] /home/travis/build/icyphy/ptII/ptolemy/actor/lib/hoc/test/auto/Case.xml (RunModel)" time="0.079" />
  <testcase classname="ptolemy.util.test.junit.AutoTests" name="[5] /home/travis/build/icyphy/ptII/ptolemy/actor/lib/hoc/test/auto/Case1.xml (RunModel)" time="0.067" />
  <testcase classname="ptolemy.util.test.junit.AutoTests" name="[6] /home/travis/build/icyphy/ptII/ptolemy/actor/lib/hoc/test/auto/Case2.xml (RunModel)" time="0.117" />
  <testcase classname="ptolemy.util.test.junit.AutoTests" name="[7] /home/travis/build/icyphy/ptII/ptolemy/actor/lib/hoc/test/auto/Case3.xml (RunModel)" time="0.058" />
  <testcase classname="ptolemy.util.test.junit.AutoTests" name="[8] /home/travis/build/icyphy/ptII/ptolemy/actor/lib/hoc/test/auto/Case4.xml (RunModel)" time="0.039" />
  <testcase classname="ptolemy.util.test.junit.AutoTests" name="[9] /home/travis/build/icyphy/ptII/ptolemy/actor/lib/hoc/test/auto/Case5.xml (RunModel)" time="0.072" />
  <testcase classname="ptolemy.util.test.junit.AutoTests" name="[10] /home/travis/build/icyphy/ptII/ptolemy/actor/lib/hoc/test/auto/Case6.xml (RunModel)" time="0.114" />
  <testcase classname="ptolemy.util.test.junit.AutoTests" name="[11] /home/travis/build/icyphy/ptII/ptolemy/actor/lib/hoc/test/auto/CaseString2.xml (RunModel)" time="0.056" />
  <testcase classname="ptolemy.util.test.junit.AutoTests" name="[12] /home/travis/build/icyphy/ptII/ptolemy/actor/lib/hoc/test/auto/CatchUpComposite1.xml (RunModel)" time="0.093" />
  <testcase classname="ptolemy.util.test.junit.AutoTests" name="[13] /home/travis/build/icyphy/ptII/ptolemy/actor/lib/hoc/test/auto/CatchUpComposite2.xml (RunModel)" time="0.065" />
  <testcase classname="ptolemy.util.test.junit.AutoTests" name="[14] /home/travis/build/icyphy/ptII/ptolemy/actor/lib/hoc/test/auto/CatchUpComposite3.xml (RunModel)" time="0.055" />
  <testcase classname="ptolemy.util.test.junit.AutoTests" name="[15] /home/travis/build/icyphy/ptII/ptolemy/actor/lib/hoc/test/auto/CatchUpComposite4.xml (RunModel)" time="0.036" />
  <testcase classname="ptolemy.util.test.junit.AutoTests" name="[16] /home/travis/build/icyphy/ptII/ptolemy/actor/lib/hoc/test/auto/CatchUpComposite5.xml (RunModel)" time="0.044" />
  <testcase classname="ptolemy.util.test.junit.AutoTests" name="[17] /home/travis/build/icyphy/ptII/ptolemy/actor/lib/hoc/test/auto/CatchUpComposite6.xml (RunModel)" time="0.169" />
  <testcase classname="ptolemy.util.test.junit.AutoTests" name="[18] /home/travis/build/icyphy/ptII/ptolemy/actor/lib/hoc/test/auto/CatchUpComposite7.xml (RunModel)" time="0.096" />
  <testcase classname="ptolemy.util.test.junit.AutoTests" name="[19] /home/travis/build/icyphy/ptII/ptolemy/actor/lib/hoc/test/auto/ConcurrentExecutionTimeSDF.xml (RunModel)" time="2.04" />
  <testcase classname="ptolemy.util.test.junit.AutoTests" name="[20] /home/travis/build/icyphy/ptII/ptolemy/actor/lib/hoc/test/auto/ConcurrentSleep.xml (RunModel)" time="0.771" />
  <testcase classname="ptolemy.util.test.junit.AutoTests" name="[21] /home/travis/build/icyphy/ptII/ptolemy/actor/lib/hoc/test/auto/DEInPNInRunCompositeActor.xml (RunModel)" time="0.043" />
  <testcase classname="ptolemy.util.test.junit.AutoTests" name="[22] /home/travis/build/icyphy/ptII/ptolemy/actor/lib/hoc/test/auto/DFTSubSetTest.xml (RunModel)" time="0.288" />
  <testcase classname="ptolemy.util.test.junit.AutoTests" name="[23] /home/travis/build/icyphy/ptII/ptolemy/actor/lib/hoc/test/auto/HocDE.xml (RunModel)" time="0.156" />
  <testcase classname="ptolemy.util.test.junit.AutoTests" name="[24] /home/travis/build/icyphy/ptII/ptolemy/actor/lib/hoc/test/auto/IterateOverArray.xml (RunModel)" time="0.029" />
  <testcase classname="ptolemy.util.test.junit.AutoTests" name="[25] /home/travis/build/icyphy/ptII/ptolemy/actor/lib/hoc/test/auto/IterateOverArray10.xml (RunModel)" time="0.018" />
  <testcase classname="ptolemy.util.test.junit.AutoTests" name="[26] /home/travis/build/icyphy/ptII/ptolemy/actor/lib/hoc/test/auto/IterateOverArray11.xml (RunModel)" time="0.026" />
  <testcase classname="ptolemy.util.test.junit.AutoTests" name="[27] /home/travis/build/icyphy/ptII/ptolemy/actor/lib/hoc/test/auto/IterateOverArray12.xml (RunModel)" time="0.041" />
  <testcase classname="ptolemy.util.test.junit.AutoTests" name="[28] /home/travis/build/icyphy/ptII/ptolemy/actor/lib/hoc/test/auto/IterateOverArray13.xml (RunModel)" time="0.124" />
  <testcase classname="ptolemy.util.test.junit.AutoTests" name="[29] /home/travis/build/icyphy/ptII/ptolemy/actor/lib/hoc/test/auto/IterateOverArray14.xml (RunModel)" time="0.152" />
  <testcase classname="ptolemy.util.test.junit.AutoTests" name="[30] /home/travis/build/icyphy/ptII/ptolemy/actor/lib/hoc/test/auto/IterateOverArray2.xml (RunModel)" time="0.032" />
  <testcase classname="ptolemy.util.test.junit.AutoTests" name="[31] /home/travis/build/icyphy/ptII/ptolemy/actor/lib/hoc/test/auto/IterateOverArray3.xml (RunModel)" time="0.039" />
  <testcase classname="ptolemy.util.test.junit.AutoTests" name="[32] /home/travis/build/icyphy/ptII/ptolemy/actor/lib/hoc/test/auto/IterateOverArray4.xml (RunModel)" time="0.032" />
  <testcase classname="ptolemy.util.test.junit.AutoTests" name="[33] /home/travis/build/icyphy/ptII/ptolemy/actor/lib/hoc/test/auto/IterateOverArray5.xml (RunModel)" time="0.018" />
  <testcase classname="ptolemy.util.test.junit.AutoTests" name="[34] /home/travis/build/icyphy/ptII/ptolemy/actor/lib/hoc/test/auto/IterateOverArray6.xml (RunModel)" time="0.017" />
  <testcase classname="ptolemy.util.test.junit.AutoTests" name="[35] /home/travis/build/icyphy/ptII/ptolemy/actor/lib/hoc/test/auto/IterateOverArray7.xml (RunModel)" time="0.018" />
  <testcase classname="ptolemy.util.test.junit.AutoTests" name="[36] /home/travis/build/icyphy/ptII/ptolemy/actor/lib/hoc/test/auto/IterateOverArray8.xml (RunModel)" time="0.026" />
  <testcase classname="ptolemy.util.test.junit.AutoTests" name="[37] /home/travis/build/icyphy/ptII/ptolemy/actor/lib/hoc/test/auto/IterateOverArray9.xml (RunModel)" time="0.027" />
  <testcase classname="ptolemy.util.test.junit.AutoTests" name="[38] /home/travis/build/icyphy/ptII/ptolemy/actor/lib/hoc/test/auto/IterateOverArrayCoercedOutputType.xml (RunModel)" time="0.039" />
  <testcase classname="ptolemy.util.test.junit.AutoTests" name="[39] /home/travis/build/icyphy/ptII/ptolemy/actor/lib/hoc/test/auto/IterateOverArrayInferredOutputType.xml (RunModel)" time="0.034" />
  <testcase classname="ptolemy.util.test.junit.AutoTests" name="[40] /home/travis/build/icyphy/ptII/ptolemy/actor/lib/hoc/test/auto/MobileFunctionTest.xml (RunModel)" time="0.022" />
  <testcase classname="ptolemy.util.test.junit.AutoTests" name="[41] /home/travis/build/icyphy/ptII/ptolemy/actor/lib/hoc/test/auto/MobileModelTest.xml (RunModel)" time="0.122" />
  <testcase classname="ptolemy.util.test.junit.AutoTests" name="[42] /home/travis/build/icyphy/ptII/ptolemy/actor/lib/hoc/test/auto/ModelReference.xml (RunModel)" time="0.051" />
  <testcase classname="ptolemy.util.test.junit.AutoTests" name="[43] /home/travis/build/icyphy/ptII/ptolemy/actor/lib/hoc/test/auto/ModelReference3.xml (RunModel)" time="0.046" />
  <testcase classname="ptolemy.util.test.junit.AutoTests" name="[44] /home/travis/build/icyphy/ptII/ptolemy/actor/lib/hoc/test/auto/ModelReference4.xml (RunModel)" time="10.049" />
  <testcase classname="ptolemy.util.test.junit.AutoTests" name="[45] /home/travis/build/icyphy/ptII/ptolemy/actor/lib/hoc/test/auto/MultiInstanceComposite.xml (RunModel)" time="0.048" />
  <testcase classname="ptolemy.util.test.junit.AutoTests" name="[46] /home/travis/build/icyphy/ptII/ptolemy/actor/lib/hoc/test/auto/MultiInstanceComposite2.xml (RunModel)" time="0.04" />
  <testcase classname="ptolemy.util.test.junit.AutoTests" name="[47] /home/travis/build/icyphy/ptII/ptolemy/actor/lib/hoc/test/auto/MulticoreExecution.xml (RunModel)" time="1.08" />
  <testcase classname="ptolemy.util.test.junit.AutoTests" name="[48] /home/travis/build/icyphy/ptII/ptolemy/actor/lib/hoc/test/auto/ParallelExecution.xml (RunModel)" time="0.941" />
  <testcase classname="ptolemy.util.test.junit.AutoTests" name="[49] /home/travis/build/icyphy/ptII/ptolemy/actor/lib/hoc/test/auto/RunCompositeActor.xml (RunModel)" time="0.023" />
  <testcase classname="ptolemy.util.test.junit.AutoTests" name="[50] /home/travis/build/icyphy/ptII/ptolemy/actor/lib/hoc/test/auto/RunCompositeActor2.xml (RunModel)" time="0.04" />
  <testcase classname="ptolemy.util.test.junit.AutoTests" name="[51] /home/travis/build/icyphy/ptII/ptolemy/actor/lib/hoc/test/auto/RunCompositeActor3.xml (RunModel)" time="0.022" />
  <testcase classname="ptolemy.util.test.junit.AutoTests" name="[52] /home/travis/build/icyphy/ptII/ptolemy/actor/lib/hoc/test/auto/RunCompositeActor4.xml (RunModel)" time="0.044" />
  <testcase classname="ptolemy.util.test.junit.AutoTests" name="[53] /home/travis/build/icyphy/ptII/ptolemy/actor/lib/hoc/test/auto/RunCompositeIterateOverArray.xml (RunModel)" time="0.022" />
  <testcase classname="ptolemy.util.test.junit.AutoTests" name="[54] /home/travis/build/icyphy/ptII/ptolemy/actor/lib/hoc/test/auto/ThreadedJS.xml (RunModel)" time="4.999" />
  <system-out><![CDATA[/home/travis/build/icyphy/ptII/ptolemy/actor/lib/hoc/test/IterateOverArray.tcl
testDefs.tcl: setting time out to 9000 seconds at Thu Mar 28 04:51:38 UTC 2019
03/28/19 04:51:39
Failed: 0  Total Tests: 2  ((Passed: 2, Newly Passed: 0)  Known Failed: 0) /home/travis/build/icyphy/ptII/ptolemy/actor/lib/hoc/test
----------------- testing (KnownFailure) /home/travis/build/icyphy/ptII/ptolemy/actor/lib/hoc/test/auto/knownFailedTests/PreinitializeMustBeInvokedRunComposite.xml
33 ms. Memory: 116224K Free: 106821K (92%)
Known Failure: java.lang.reflect.InvocationTargetException
No auto/linux-amd64/*.xml tests in /home/travis/build/icyphy/ptII/ptolemy/actor/lib/hoc/test
AutoTests.java: About to close Vertx.
AutoTests.java: Vertx closed.

===========================================================================================
----------------- testing Thu Mar 28 04:51:39 UTC 2019 /home/travis/build/icyphy/ptII/ptolemy/actor/lib/hoc/test/auto/AllToAllMultiInstanceComposite.xml
----------------- Instantiating /home/travis/build/icyphy/ptII/ptolemy/actor/lib/hoc/test/auto/AllToAllMultiInstanceComposite.xml
97 ms. Memory: 146944K Free: 120722K (82%)
----------------- Invoking toplevel() on ptolemy.moml.MoMLSimpleApplication@731aa24
----------------- Done invoking toplevel() on ptolemy.moml.MoMLSimpleApplication@731aa24
reloadAllAccessors: .AllToAllMultiInstanceComposite

===========================================================================================
----------------- testing Thu Mar 28 04:51:39 UTC 2019 /home/travis/build/icyphy/ptII/ptolemy/actor/lib/hoc/test/auto/ApplyFFTTest.xml
----------------- Instantiating /home/travis/build/icyphy/ptII/ptolemy/actor/lib/hoc/test/auto/ApplyFFTTest.xml
87 ms. Memory: 146944K Free: 100549K (68%)
----------------- Invoking toplevel() on ptolemy.moml.MoMLSimpleApplication@621dbbcf
----------------- Done invoking toplevel() on ptolemy.moml.MoMLSimpleApplication@621dbbcf
reloadAllAccessors: .ApplyFFTTest

===========================================================================================
----------------- testing Thu Mar 28 04:51:40 UTC 2019 /home/travis/build/icyphy/ptII/ptolemy/actor/lib/hoc/test/auto/ApplyFunction.xml
----------------- Instantiating /home/travis/build/icyphy/ptII/ptolemy/actor/lib/hoc/test/auto/ApplyFunction.xml
5 ms. Memory: 146944K Free: 97215K (66%)
----------------- Invoking toplevel() on ptolemy.moml.MoMLSimpleApplication@53a16f4a
----------------- Done invoking toplevel() on ptolemy.moml.MoMLSimpleApplication@53a16f4a
reloadAllAccessors: .ApplyFunction

===========================================================================================
----------------- testing Thu Mar 28 04:51:40 UTC 2019 /home/travis/build/icyphy/ptII/ptolemy/actor/lib/hoc/test/auto/BackgroundExecution.xml
----------------- Instantiating /home/travis/build/icyphy/ptII/ptolemy/actor/lib/hoc/test/auto/BackgroundExecution.xml
640 ms. Memory: 146944K Free: 89634K (61%)
----------------- Invoking toplevel() on ptolemy.moml.MoMLSimpleApplication@231ae53e
----------------- Done invoking toplevel() on ptolemy.moml.MoMLSimpleApplication@231ae53e
reloadAllAccessors: .BackgroundExecution

===========================================================================================
----------------- testing Thu Mar 28 04:51:40 UTC 2019 /home/travis/build/icyphy/ptII/ptolemy/actor/lib/hoc/test/auto/Case.xml
----------------- Instantiating /home/travis/build/icyphy/ptII/ptolemy/actor/lib/hoc/test/auto/Case.xml
17 ms. Memory: 146944K Free: 81145K (55%)
----------------- Invoking toplevel() on ptolemy.moml.MoMLSimpleApplication@56429078
----------------- Done invoking toplevel() on ptolemy.moml.MoMLSimpleApplication@56429078
reloadAllAccessors: .Case

===========================================================================================
----------------- testing Thu Mar 28 04:51:40 UTC 2019 /home/travis/build/icyphy/ptII/ptolemy/actor/lib/hoc/test/auto/Case1.xml
----------------- Instantiating /home/travis/build/icyphy/ptII/ptolemy/actor/lib/hoc/test/auto/Case1.xml
21 ms. Memory: 146944K Free: 136000K (93%)
----------------- Invoking toplevel() on ptolemy.moml.MoMLSimpleApplication@280bb731
----------------- Done invoking toplevel() on ptolemy.moml.MoMLSimpleApplication@280bb731
reloadAllAccessors: .Case1

===========================================================================================
----------------- testing Thu Mar 28 04:51:41 UTC 2019 /home/travis/build/icyphy/ptII/ptolemy/actor/lib/hoc/test/auto/Case2.xml
----------------- Instantiating /home/travis/build/icyphy/ptII/ptolemy/actor/lib/hoc/test/auto/Case2.xml
46 ms. Memory: 146944K Free: 124845K (85%)
----------------- Invoking toplevel() on ptolemy.moml.MoMLSimpleApplication@6b84d065
----------------- Done invoking toplevel() on ptolemy.moml.MoMLSimpleApplication@6b84d065
reloadAllAccessors: .Case2

===========================================================================================
----------------- testing Thu Mar 28 04:51:41 UTC 2019 /home/travis/build/icyphy/ptII/ptolemy/actor/lib/hoc/test/auto/Case3.xml
----------------- Instantiating /home/travis/build/icyphy/ptII/ptolemy/actor/lib/hoc/test/auto/Case3.xml
16 ms. Memory: 146944K Free: 118460K (81%)
----------------- Invoking toplevel() on ptolemy.moml.MoMLSimpleApplication@3b869440
----------------- Done invoking toplevel() on ptolemy.moml.MoMLSimpleApplication@3b869440
reloadAllAccessors: .Case3

===========================================================================================
----------------- testing Thu Mar 28 04:51:41 UTC 2019 /home/travis/build/icyphy/ptII/ptolemy/actor/lib/hoc/test/auto/Case4.xml
----------------- Instantiating /home/travis/build/icyphy/ptII/ptolemy/actor/lib/hoc/test/auto/Case4.xml
9 ms. Memory: 146944K Free: 109834K (75%)
----------------- Invoking toplevel() on ptolemy.moml.MoMLSimpleApplication@236b67c8
----------------- Done invoking toplevel() on ptolemy.moml.MoMLSimpleApplication@236b67c8
reloadAllAccessors: .Case4

===========================================================================================
----------------- testing Thu Mar 28 04:51:41 UTC 2019 /home/travis/build/icyphy/ptII/ptolemy/actor/lib/hoc/test/auto/Case5.xml
----------------- Instantiating /home/travis/build/icyphy/ptII/ptolemy/actor/lib/hoc/test/auto/Case5.xml
28 ms. Memory: 146944K Free: 103152K (70%)
----------------- Invoking toplevel() on ptolemy.moml.MoMLSimpleApplication@12bef991
----------------- Done invoking toplevel() on ptolemy.moml.MoMLSimpleApplication@12bef991
reloadAllAccessors: .junk

===========================================================================================
----------------- testing Thu Mar 28 04:51:41 UTC 2019 /home/travis/build/icyphy/ptII/ptolemy/actor/lib/hoc/test/auto/Case6.xml
----------------- Instantiating /home/travis/build/icyphy/ptII/ptolemy/actor/lib/hoc/test/auto/Case6.xml
51 ms. Memory: 146944K Free: 89523K (61%)
----------------- Invoking toplevel() on ptolemy.moml.MoMLSimpleApplication@1313e621
----------------- Done invoking toplevel() on ptolemy.moml.MoMLSimpleApplication@1313e621
reloadAllAccessors: .Case6

===========================================================================================
----------------- testing Thu Mar 28 04:51:41 UTC 2019 /home/travis/build/icyphy/ptII/ptolemy/actor/lib/hoc/test/auto/CaseString2.xml
----------------- Instantiating /home/travis/build/icyphy/ptII/ptolemy/actor/lib/hoc/test/auto/CaseString2.xml
19 ms. Memory: 146944K Free: 81219K (55%)
----------------- Invoking toplevel() on ptolemy.moml.MoMLSimpleApplication@2239f45c
----------------- Done invoking toplevel() on ptolemy.moml.MoMLSimpleApplication@2239f45c
reloadAllAccessors: .CaseString2

===========================================================================================
----------------- testing Thu Mar 28 04:51:41 UTC 2019 /home/travis/build/icyphy/ptII/ptolemy/actor/lib/hoc/test/auto/CatchUpComposite1.xml
----------------- Instantiating /home/travis/build/icyphy/ptII/ptolemy/actor/lib/hoc/test/auto/CatchUpComposite1.xml
17 ms. Memory: 208384K Free: 194054K (93%)
----------------- Invoking toplevel() on ptolemy.moml.MoMLSimpleApplication@143d0f90
----------------- Done invoking toplevel() on ptolemy.moml.MoMLSimpleApplication@143d0f90
reloadAllAccessors: .CatchUpComposite1

===========================================================================================
----------------- testing Thu Mar 28 04:51:41 UTC 2019 /home/travis/build/icyphy/ptII/ptolemy/actor/lib/hoc/test/auto/CatchUpComposite2.xml
----------------- Instantiating /home/travis/build/icyphy/ptII/ptolemy/actor/lib/hoc/test/auto/CatchUpComposite2.xml
22 ms. Memory: 208384K Free: 184153K (88%)
----------------- Invoking toplevel() on ptolemy.moml.MoMLSimpleApplication@4233af42
----------------- Done invoking toplevel() on ptolemy.moml.MoMLSimpleApplication@4233af42
reloadAllAccessors: .CatchUpComposite2

===========================================================================================
----------------- testing Thu Mar 28 04:51:41 UTC 2019 /home/travis/build/icyphy/ptII/ptolemy/actor/lib/hoc/test/auto/CatchUpComposite3.xml
----------------- Instantiating /home/travis/build/icyphy/ptII/ptolemy/actor/lib/hoc/test/auto/CatchUpComposite3.xml
11 ms. Memory: 208384K Free: 174309K (84%)
----------------- Invoking toplevel() on ptolemy.moml.MoMLSimpleApplication@45578ffe
----------------- Done invoking toplevel() on ptolemy.moml.MoMLSimpleApplication@45578ffe
reloadAllAccessors: .CatchUpComposite3

===========================================================================================
----------------- testing Thu Mar 28 04:51:41 UTC 2019 /home/travis/build/icyphy/ptII/ptolemy/actor/lib/hoc/test/auto/CatchUpComposite4.xml
----------------- Instantiating /home/travis/build/icyphy/ptII/ptolemy/actor/lib/hoc/test/auto/CatchUpComposite4.xml
9 ms. Memory: 208384K Free: 164441K (79%)
----------------- Invoking toplevel() on ptolemy.moml.MoMLSimpleApplication@382dcbb2
----------------- Done invoking toplevel() on ptolemy.moml.MoMLSimpleApplication@382dcbb2
reloadAllAccessors: .CatchUpComposite4

===========================================================================================
----------------- testing Thu Mar 28 04:51:41 UTC 2019 /home/travis/build/icyphy/ptII/ptolemy/actor/lib/hoc/test/auto/CatchUpComposite5.xml
----------------- Instantiating /home/travis/build/icyphy/ptII/ptolemy/actor/lib/hoc/test/auto/CatchUpComposite5.xml
19 ms. Memory: 208384K Free: 155413K (75%)
----------------- Invoking toplevel() on ptolemy.moml.MoMLSimpleApplication@13eec81b
----------------- Done invoking toplevel() on ptolemy.moml.MoMLSimpleApplication@13eec81b
reloadAllAccessors: .CatchUpComposite5

===========================================================================================
----------------- testing Thu Mar 28 04:51:41 UTC 2019 /home/travis/build/icyphy/ptII/ptolemy/actor/lib/hoc/test/auto/CatchUpComposite6.xml
----------------- Instantiating /home/travis/build/icyphy/ptII/ptolemy/actor/lib/hoc/test/auto/CatchUpComposite6.xml
WARNING: The execution aspects in this model can influence the timing of actors by delaying the 
execution, potentially changing the behavior. There is no guarantee that actors fire at the 
time they request to be fired. 
Use Ptides for deterministic DE behavior that is not influenced by execution aspects. 

93 ms. Memory: 208384K Free: 138169K (66%)
----------------- Invoking toplevel() on ptolemy.moml.MoMLSimpleApplication@153d4ace
----------------- Done invoking toplevel() on ptolemy.moml.MoMLSimpleApplication@153d4ace
reloadAllAccessors: .CatchUpComposite6

===========================================================================================
----------------- testing Thu Mar 28 04:51:41 UTC 2019 /home/travis/build/icyphy/ptII/ptolemy/actor/lib/hoc/test/auto/CatchUpComposite7.xml
----------------- Instantiating /home/travis/build/icyphy/ptII/ptolemy/actor/lib/hoc/test/auto/CatchUpComposite7.xml
WARNING: The execution aspects in this model can influence the timing of actors by delaying the 
execution, potentially changing the behavior. There is no guarantee that actors fire at the 
time they request to be fired. 
Use Ptides for deterministic DE behavior that is not influenced by execution aspects. 

46 ms. Memory: 208384K Free: 121651K (58%)
----------------- Invoking toplevel() on ptolemy.moml.MoMLSimpleApplication@5e896c8d
----------------- Done invoking toplevel() on ptolemy.moml.MoMLSimpleApplication@5e896c8d
reloadAllAccessors: .CatchUpComposite7

===========================================================================================
----------------- testing Thu Mar 28 04:51:42 UTC 2019 /home/travis/build/icyphy/ptII/ptolemy/actor/lib/hoc/test/auto/ConcurrentExecutionTimeSDF.xml
----------------- Instantiating /home/travis/build/icyphy/ptII/ptolemy/actor/lib/hoc/test/auto/ConcurrentExecutionTimeSDF.xml
Fired ExecutionTime: 40400000
Fired ExecutionTime: 40400000
Fired ExecutionTime: 40400000
Fired ExecutionTime: 40400000
Fired ExecutionTime: 40400000
Fired ExecutionTime: 40400000
Fired ExecutionTime: 40400000
Fired ExecutionTime: 40400000
Fired ExecutionTime: 40400000
Fired ExecutionTime: 40400000
Fired ExecutionTime: 40400000
Fired ExecutionTime: 40400000
Fired ExecutionTime: 40400000
Fired ExecutionTime: 40400000
Fired ExecutionTime: 40400000
Fired ExecutionTime: 40400000
Fired ExecutionTime: 40400000
Fired ExecutionTime: 40400000
Fired ExecutionTime: 40400000
Fired ExecutionTime: 40400000
2016 ms. Memory: 208384K Free: 113426K (54%)
----------------- Invoking toplevel() on ptolemy.moml.MoMLSimpleApplication@65a7b30f
----------------- Done invoking toplevel() on ptolemy.moml.MoMLSimpleApplication@65a7b30f
reloadAllAccessors: .ConcurrentExecutionTimeSDF

===========================================================================================
----------------- testing Thu Mar 28 04:51:44 UTC 2019 /home/travis/build/icyphy/ptII/ptolemy/actor/lib/hoc/test/auto/ConcurrentSleep.xml
----------------- Instantiating /home/travis/build/icyphy/ptII/ptolemy/actor/lib/hoc/test/auto/ConcurrentSleep.xml
734 ms. Memory: 208384K Free: 99500K (48%)
----------------- Invoking toplevel() on ptolemy.moml.MoMLSimpleApplication@44a785e1
----------------- Done invoking toplevel() on ptolemy.moml.MoMLSimpleApplication@44a785e1
reloadAllAccessors: .ConcurrentSleep

===========================================================================================
----------------- testing Thu Mar 28 04:51:44 UTC 2019 /home/travis/build/icyphy/ptII/ptolemy/actor/lib/hoc/test/auto/DEInPNInRunCompositeActor.xml
----------------- Instantiating /home/travis/build/icyphy/ptII/ptolemy/actor/lib/hoc/test/auto/DEInPNInRunCompositeActor.xml
8 ms. Memory: 208384K Free: 91254K (44%)
----------------- Invoking toplevel() on ptolemy.moml.MoMLSimpleApplication@7ba3d4bf
----------------- Done invoking toplevel() on ptolemy.moml.MoMLSimpleApplication@7ba3d4bf
reloadAllAccessors: .DEInPNInRunCompositeActor

===========================================================================================
----------------- testing Thu Mar 28 04:51:44 UTC 2019 /home/travis/build/icyphy/ptII/ptolemy/actor/lib/hoc/test/auto/DFTSubSetTest.xml
----------------- Instantiating /home/travis/build/icyphy/ptII/ptolemy/actor/lib/hoc/test/auto/DFTSubSetTest.xml
162 ms. Memory: 208384K Free: 167802K (81%)
----------------- Invoking toplevel() on ptolemy.moml.MoMLSimpleApplication@3e8e468c
----------------- Done invoking toplevel() on ptolemy.moml.MoMLSimpleApplication@3e8e468c
reloadAllAccessors: .DFTSubSetTest

===========================================================================================
----------------- testing Thu Mar 28 04:51:45 UTC 2019 /home/travis/build/icyphy/ptII/ptolemy/actor/lib/hoc/test/auto/HocDE.xml
----------------- Instantiating /home/travis/build/icyphy/ptII/ptolemy/actor/lib/hoc/test/auto/HocDE.xml
115 ms. Memory: 208384K Free: 140980K (68%)
----------------- Invoking toplevel() on ptolemy.moml.MoMLSimpleApplication@b6c5201
----------------- Done invoking toplevel() on ptolemy.moml.MoMLSimpleApplication@b6c5201
reloadAllAccessors: .HocDE

===========================================================================================
----------------- testing Thu Mar 28 04:51:45 UTC 2019 /home/travis/build/icyphy/ptII/ptolemy/actor/lib/hoc/test/auto/IterateOverArray.xml
----------------- Instantiating /home/travis/build/icyphy/ptII/ptolemy/actor/lib/hoc/test/auto/IterateOverArray.xml
13 ms. Memory: 208384K Free: 135457K (65%)
----------------- Invoking toplevel() on ptolemy.moml.MoMLSimpleApplication@285bcb78
----------------- Done invoking toplevel() on ptolemy.moml.MoMLSimpleApplication@285bcb78
reloadAllAccessors: .IterateOverArray

===========================================================================================
----------------- testing Thu Mar 28 04:51:45 UTC 2019 /home/travis/build/icyphy/ptII/ptolemy/actor/lib/hoc/test/auto/IterateOverArray10.xml
----------------- Instantiating /home/travis/build/icyphy/ptII/ptolemy/actor/lib/hoc/test/auto/IterateOverArray10.xml
2 ms. Memory: 208384K Free: 131345K (63%)
----------------- Invoking toplevel() on ptolemy.moml.MoMLSimpleApplication@927b3de
----------------- Done invoking toplevel() on ptolemy.moml.MoMLSimpleApplication@927b3de
reloadAllAccessors: .IterateOverArray10

===========================================================================================
----------------- testing Thu Mar 28 04:51:45 UTC 2019 /home/travis/build/icyphy/ptII/ptolemy/actor/lib/hoc/test/auto/IterateOverArray11.xml
----------------- Instantiating /home/travis/build/icyphy/ptII/ptolemy/actor/lib/hoc/test/auto/IterateOverArray11.xml
3 ms. Memory: 208384K Free: 125838K (60%)
----------------- Invoking toplevel() on ptolemy.moml.MoMLSimpleApplication@4932b7da
----------------- Done invoking toplevel() on ptolemy.moml.MoMLSimpleApplication@4932b7da
reloadAllAccessors: .IterateOverArray11

===========================================================================================
----------------- testing Thu Mar 28 04:51:45 UTC 2019 /home/travis/build/icyphy/ptII/ptolemy/actor/lib/hoc/test/auto/IterateOverArray12.xml
----------------- Instantiating /home/travis/build/icyphy/ptII/ptolemy/actor/lib/hoc/test/auto/IterateOverArray12.xml
21 ms. Memory: 208384K Free: 119284K (57%)
----------------- Invoking toplevel() on ptolemy.moml.MoMLSimpleApplication@23fd0b73
----------------- Done invoking toplevel() on ptolemy.moml.MoMLSimpleApplication@23fd0b73
reloadAllAccessors: .IterateOverArray12

===========================================================================================
----------------- testing Thu Mar 28 04:51:45 UTC 2019 /home/travis/build/icyphy/ptII/ptolemy/actor/lib/hoc/test/auto/IterateOverArray13.xml
----------------- Instantiating /home/travis/build/icyphy/ptII/ptolemy/actor/lib/hoc/test/auto/IterateOverArray13.xml
59 ms. Memory: 208384K Free: 90726K (44%)
----------------- Invoking toplevel() on ptolemy.moml.MoMLSimpleApplication@92aa927
----------------- Done invoking toplevel() on ptolemy.moml.MoMLSimpleApplication@92aa927
reloadAllAccessors: .IterateOverArray13

===========================================================================================
----------------- testing Thu Mar 28 04:51:45 UTC 2019 /home/travis/build/icyphy/ptII/ptolemy/actor/lib/hoc/test/auto/IterateOverArray14.xml
----------------- Instantiating /home/travis/build/icyphy/ptII/ptolemy/actor/lib/hoc/test/auto/IterateOverArray14.xml
58 ms. Memory: 332288K Free: 299711K (90%)
----------------- Invoking toplevel() on ptolemy.moml.MoMLSimpleApplication@32d3e91a
----------------- Done invoking toplevel() on ptolemy.moml.MoMLSimpleApplication@32d3e91a
reloadAllAccessors: .IterateOverArray14

===========================================================================================
----------------- testing Thu Mar 28 04:51:45 UTC 2019 /home/travis/build/icyphy/ptII/ptolemy/actor/lib/hoc/test/auto/IterateOverArray2.xml
----------------- Instantiating /home/travis/build/icyphy/ptII/ptolemy/actor/lib/hoc/test/auto/IterateOverArray2.xml
8 ms. Memory: 332288K Free: 292386K (88%)
----------------- Invoking toplevel() on ptolemy.moml.MoMLSimpleApplication@4b5bf514
----------------- Done invoking toplevel() on ptolemy.moml.MoMLSimpleApplication@4b5bf514
reloadAllAccessors: .IterateOverArray2

===========================================================================================
----------------- testing Thu Mar 28 04:51:45 UTC 2019 /home/travis/build/icyphy/ptII/ptolemy/actor/lib/hoc/test/auto/IterateOverArray3.xml
----------------- Instantiating /home/travis/build/icyphy/ptII/ptolemy/actor/lib/hoc/test/auto/IterateOverArray3.xml
16 ms. Memory: 332288K Free: 285846K (86%)
----------------- Invoking toplevel() on ptolemy.moml.MoMLSimpleApplication@7fc04f9a
----------------- Done invoking toplevel() on ptolemy.moml.MoMLSimpleApplication@7fc04f9a
reloadAllAccessors: .IterateOverArray3

===========================================================================================
----------------- testing Thu Mar 28 04:51:45 UTC 2019 /home/travis/build/icyphy/ptII/ptolemy/actor/lib/hoc/test/auto/IterateOverArray4.xml
----------------- Instantiating /home/travis/build/icyphy/ptII/ptolemy/actor/lib/hoc/test/auto/IterateOverArray4.xml
3 ms. Memory: 332288K Free: 280163K (84%)
----------------- Invoking toplevel() on ptolemy.moml.MoMLSimpleApplication@3a001fb7
----------------- Done invoking toplevel() on ptolemy.moml.MoMLSimpleApplication@3a001fb7
reloadAllAccessors: .IterateOverArray4

===========================================================================================
----------------- testing Thu Mar 28 04:51:45 UTC 2019 /home/travis/build/icyphy/ptII/ptolemy/actor/lib/hoc/test/auto/IterateOverArray5.xml
----------------- Instantiating /home/travis/build/icyphy/ptII/ptolemy/actor/lib/hoc/test/auto/IterateOverArray5.xml
3 ms. Memory: 332288K Free: 275258K (83%)
----------------- Invoking toplevel() on ptolemy.moml.MoMLSimpleApplication@509e217a
----------------- Done invoking toplevel() on ptolemy.moml.MoMLSimpleApplication@509e217a
reloadAllAccessors: .IterateOverArray5

===========================================================================================
----------------- testing Thu Mar 28 04:51:45 UTC 2019 /home/travis/build/icyphy/ptII/ptolemy/actor/lib/hoc/test/auto/IterateOverArray6.xml
----------------- Instantiating /home/travis/build/icyphy/ptII/ptolemy/actor/lib/hoc/test/auto/IterateOverArray6.xml
2 ms. Memory: 332288K Free: 269576K (81%)
----------------- Invoking toplevel() on ptolemy.moml.MoMLSimpleApplication@61a6e3fb
----------------- Done invoking toplevel() on ptolemy.moml.MoMLSimpleApplication@61a6e3fb
reloadAllAccessors: .IterateOverArray6

===========================================================================================
----------------- testing Thu Mar 28 04:51:45 UTC 2019 /home/travis/build/icyphy/ptII/ptolemy/actor/lib/hoc/test/auto/IterateOverArray7.xml
----------------- Instantiating /home/travis/build/icyphy/ptII/ptolemy/actor/lib/hoc/test/auto/IterateOverArray7.xml
3 ms. Memory: 332288K Free: 264671K (80%)
----------------- Invoking toplevel() on ptolemy.moml.MoMLSimpleApplication@58bc598c
----------------- Done invoking toplevel() on ptolemy.moml.MoMLSimpleApplication@58bc598c
reloadAllAccessors: .IterateOverArray7

===========================================================================================
----------------- testing Thu Mar 28 04:51:45 UTC 2019 /home/travis/build/icyphy/ptII/ptolemy/actor/lib/hoc/test/auto/IterateOverArray8.xml
----------------- Instantiating /home/travis/build/icyphy/ptII/ptolemy/actor/lib/hoc/test/auto/IterateOverArray8.xml
5 ms. Memory: 332288K Free: 259766K (78%)
----------------- Invoking toplevel() on ptolemy.moml.MoMLSimpleApplication@620a99cc
----------------- Done invoking toplevel() on ptolemy.moml.MoMLSimpleApplication@620a99cc
reloadAllAccessors: .IterateOverArray8

===========================================================================================
----------------- testing Thu Mar 28 04:51:45 UTC 2019 /home/travis/build/icyphy/ptII/ptolemy/actor/lib/hoc/test/auto/IterateOverArray9.xml
----------------- Instantiating /home/travis/build/icyphy/ptII/ptolemy/actor/lib/hoc/test/auto/IterateOverArray9.xml
7 ms. Memory: 332288K Free: 254084K (76%)
----------------- Invoking toplevel() on ptolemy.moml.MoMLSimpleApplication@200564ec
----------------- Done invoking toplevel() on ptolemy.moml.MoMLSimpleApplication@200564ec
reloadAllAccessors: .IterateOverArray9

===========================================================================================
----------------- testing Thu Mar 28 04:51:46 UTC 2019 /home/travis/build/icyphy/ptII/ptolemy/actor/lib/hoc/test/auto/IterateOverArrayCoercedOutputType.xml
----------------- Instantiating /home/travis/build/icyphy/ptII/ptolemy/actor/lib/hoc/test/auto/IterateOverArrayCoercedOutputType.xml
3 ms. Memory: 332288K Free: 247544K (74%)
----------------- Invoking toplevel() on ptolemy.moml.MoMLSimpleApplication@76ddbcd1
----------------- Done invoking toplevel() on ptolemy.moml.MoMLSimpleApplication@76ddbcd1
reloadAllAccessors: .IterateOverArrayCoercedOutputType

===========================================================================================
----------------- testing Thu Mar 28 04:51:46 UTC 2019 /home/travis/build/icyphy/ptII/ptolemy/actor/lib/hoc/test/auto/IterateOverArrayInferredOutputType.xml
----------------- Instantiating /home/travis/build/icyphy/ptII/ptolemy/actor/lib/hoc/test/auto/IterateOverArrayInferredOutputType.xml
8 ms. Memory: 332288K Free: 240227K (72%)
----------------- Invoking toplevel() on ptolemy.moml.MoMLSimpleApplication@6b474e3e
----------------- Done invoking toplevel() on ptolemy.moml.MoMLSimpleApplication@6b474e3e
reloadAllAccessors: .IterateOverArrayInferredOutputType

===========================================================================================
----------------- testing Thu Mar 28 04:51:46 UTC 2019 /home/travis/build/icyphy/ptII/ptolemy/actor/lib/hoc/test/auto/MobileFunctionTest.xml
----------------- Instantiating /home/travis/build/icyphy/ptII/ptolemy/actor/lib/hoc/test/auto/MobileFunctionTest.xml
4 ms. Memory: 332288K Free: 235322K (71%)
----------------- Invoking toplevel() on ptolemy.moml.MoMLSimpleApplication@4fb3b46
----------------- Done invoking toplevel() on ptolemy.moml.MoMLSimpleApplication@4fb3b46
reloadAllAccessors: .MobileFunctionTest

===========================================================================================
----------------- testing Thu Mar 28 04:51:46 UTC 2019 /home/travis/build/icyphy/ptII/ptolemy/actor/lib/hoc/test/auto/MobileModelTest.xml
----------------- Instantiating /home/travis/build/icyphy/ptII/ptolemy/actor/lib/hoc/test/auto/MobileModelTest.xml
81 ms. Memory: 332288K Free: 213274K (64%)
----------------- Invoking toplevel() on ptolemy.moml.MoMLSimpleApplication@38533f4c
----------------- Done invoking toplevel() on ptolemy.moml.MoMLSimpleApplication@38533f4c
reloadAllAccessors: .MobileModelTest

===========================================================================================
----------------- testing Thu Mar 28 04:51:46 UTC 2019 /home/travis/build/icyphy/ptII/ptolemy/actor/lib/hoc/test/auto/ModelReference.xml
----------------- Instantiating /home/travis/build/icyphy/ptII/ptolemy/actor/lib/hoc/test/auto/ModelReference.xml
3 ms. Memory: 332288K Free: 205099K (62%)
2 ms. Memory: 332288K Free: 205099K (62%)
2 ms. Memory: 332288K Free: 203464K (61%)
1 ms. Memory: 332288K Free: 203464K (61%)
1 ms. Memory: 332288K Free: 201829K (61%)
2 ms. Memory: 332288K Free: 201829K (61%)
1 ms. Memory: 332288K Free: 200194K (60%)
1 ms. Memory: 332288K Free: 200194K (60%)
2 ms. Memory: 332288K Free: 198559K (60%)
1 ms. Memory: 332288K Free: 198559K (60%)
21 ms. Memory: 332288K Free: 198559K (60%)
----------------- Invoking toplevel() on ptolemy.moml.MoMLSimpleApplication@82b337f
----------------- Done invoking toplevel() on ptolemy.moml.MoMLSimpleApplication@82b337f
reloadAllAccessors: .ModelReference

===========================================================================================
----------------- testing Thu Mar 28 04:51:46 UTC 2019 /home/travis/build/icyphy/ptII/ptolemy/actor/lib/hoc/test/auto/ModelReference3.xml
----------------- Instantiating /home/travis/build/icyphy/ptII/ptolemy/actor/lib/hoc/test/auto/ModelReference3.xml
2 ms. Memory: 332288K Free: 193654K (58%)
6 ms. Memory: 332288K Free: 192019K (58%)
1 ms. Memory: 332288K Free: 192019K (58%)
4 ms. Memory: 332288K Free: 190384K (57%)
2 ms. Memory: 332288K Free: 190384K (57%)
1 ms. Memory: 332288K Free: 188749K (57%)
1 ms. Memory: 332288K Free: 188749K (57%)
3 ms. Memory: 332288K Free: 187114K (56%)
1 ms. Memory: 332288K Free: 187114K (56%)
3 ms. Memory: 332288K Free: 185479K (56%)
34 ms. Memory: 332288K Free: 185479K (56%)
----------------- Invoking toplevel() on ptolemy.moml.MoMLSimpleApplication@55894fd2
----------------- Done invoking toplevel() on ptolemy.moml.MoMLSimpleApplication@55894fd2
reloadAllAccessors: .ModelReference3

===========================================================================================
----------------- testing Thu Mar 28 04:51:46 UTC 2019 /home/travis/build/icyphy/ptII/ptolemy/actor/lib/hoc/test/auto/ModelReference4.xml
----------------- Instantiating /home/travis/build/icyphy/ptII/ptolemy/actor/lib/hoc/test/auto/ModelReference4.xml
3 ms. Memory: 332288K Free: 178161K (54%)
3 ms. Memory: 332288K Free: 176526K (53%)
6 ms. Memory: 332288K Free: 174891K (53%)
3 ms. Memory: 332288K Free: 173256K (52%)
16 ms. Memory: 332288K Free: 169987K (51%)
3 ms. Memory: 332288K Free: 168352K (51%)
3 ms. Memory: 332288K Free: 166717K (50%)
1 ms. Memory: 332288K Free: 165082K (50%)
2 ms. Memory: 332288K Free: 163447K (49%)
2 ms. Memory: 332288K Free: 161812K (49%)
10034 ms. Memory: 332288K Free: 161812K (49%)
----------------- Invoking toplevel() on ptolemy.moml.MoMLSimpleApplication@2945fe9c
----------------- Done invoking toplevel() on ptolemy.moml.MoMLSimpleApplication@2945fe9c
reloadAllAccessors: .ModelReference4

===========================================================================================
----------------- testing Thu Mar 28 04:51:56 UTC 2019 /home/travis/build/icyphy/ptII/ptolemy/actor/lib/hoc/test/auto/MultiInstanceComposite.xml
----------------- Instantiating /home/travis/build/icyphy/ptII/ptolemy/actor/lib/hoc/test/auto/MultiInstanceComposite.xml
27 ms. Memory: 332288K Free: 143802K (43%)
----------------- Invoking toplevel() on ptolemy.moml.MoMLSimpleApplication@5d8b70b3
----------------- Done invoking toplevel() on ptolemy.moml.MoMLSimpleApplication@5d8b70b3
reloadAllAccessors: .MultiInstanceComposite

===========================================================================================
----------------- testing Thu Mar 28 04:51:56 UTC 2019 /home/travis/build/icyphy/ptII/ptolemy/actor/lib/hoc/test/auto/MultiInstanceComposite2.xml
----------------- Instantiating /home/travis/build/icyphy/ptII/ptolemy/actor/lib/hoc/test/auto/MultiInstanceComposite2.xml
14 ms. Memory: 332288K Free: 129873K (39%)
----------------- Invoking toplevel() on ptolemy.moml.MoMLSimpleApplication@39d96d07
----------------- Done invoking toplevel() on ptolemy.moml.MoMLSimpleApplication@39d96d07
reloadAllAccessors: .MultiInstanceComposite2

===========================================================================================
----------------- testing Thu Mar 28 04:51:56 UTC 2019 /home/travis/build/icyphy/ptII/ptolemy/actor/lib/hoc/test/auto/MulticoreExecution.xml
----------------- Instantiating /home/travis/build/icyphy/ptII/ptolemy/actor/lib/hoc/test/auto/MulticoreExecution.xml
Fired ExecutionTime: 11200000
Fired ExecutionTime: 10400000
Fired ExecutionTime: 37600000
Fired ExecutionTime: 42800000
Fired ExecutionTime: 67200000
Fired ExecutionTime: 66800000
Fired ExecutionTime: 68800000
Fired ExecutionTime: 68000000
Fired ExecutionTime: 67200000
Fired ExecutionTime: 65200000
Fired ExecutionTime: 66000000
Fired ExecutionTime: 66000000
Fired ExecutionTime: 117200000
Fired ExecutionTime: 121200000
Fired ExecutionTime: 98800000
Fired ExecutionTime: 98000000
Fired ExecutionTime: 130000000
Fired ExecutionTime: 131600000
Fired ExecutionTime: 125200000
Fired ExecutionTime: 125200000
1055 ms. Memory: 332288K Free: 116753K (35%)
----------------- Invoking toplevel() on ptolemy.moml.MoMLSimpleApplication@541a4e74
----------------- Done invoking toplevel() on ptolemy.moml.MoMLSimpleApplication@541a4e74
reloadAllAccessors: .MulticoreExecution

===========================================================================================
----------------- testing Thu Mar 28 04:51:57 UTC 2019 /home/travis/build/icyphy/ptII/ptolemy/actor/lib/hoc/test/auto/ParallelExecution.xml
----------------- Instantiating /home/travis/build/icyphy/ptII/ptolemy/actor/lib/hoc/test/auto/ParallelExecution.xml
917 ms. Memory: 332288K Free: 104506K (31%)
----------------- Invoking toplevel() on ptolemy.moml.MoMLSimpleApplication@7859b7a0
----------------- Done invoking toplevel() on ptolemy.moml.MoMLSimpleApplication@7859b7a0
reloadAllAccessors: .ParallelExecution

===========================================================================================
----------------- testing Thu Mar 28 04:51:58 UTC 2019 /home/travis/build/icyphy/ptII/ptolemy/actor/lib/hoc/test/auto/RunCompositeActor.xml
----------------- Instantiating /home/travis/build/icyphy/ptII/ptolemy/actor/lib/hoc/test/auto/RunCompositeActor.xml
7 ms. Memory: 332288K Free: 96331K (29%)
----------------- Invoking toplevel() on ptolemy.moml.MoMLSimpleApplication@3bfc7dd6
----------------- Done invoking toplevel() on ptolemy.moml.MoMLSimpleApplication@3bfc7dd6
reloadAllAccessors: .RunCompositeActor

===========================================================================================
----------------- testing Thu Mar 28 04:51:58 UTC 2019 /home/travis/build/icyphy/ptII/ptolemy/actor/lib/hoc/test/auto/RunCompositeActor2.xml
----------------- Instantiating /home/travis/build/icyphy/ptII/ptolemy/actor/lib/hoc/test/auto/RunCompositeActor2.xml
8 ms. Memory: 332288K Free: 89775K (27%)
----------------- Invoking toplevel() on ptolemy.moml.MoMLSimpleApplication@1492fff
----------------- Done invoking toplevel() on ptolemy.moml.MoMLSimpleApplication@1492fff
reloadAllAccessors: .RunCompositeActor2

===========================================================================================
----------------- testing Thu Mar 28 04:51:58 UTC 2019 /home/travis/build/icyphy/ptII/ptolemy/actor/lib/hoc/test/auto/RunCompositeActor3.xml
----------------- Instantiating /home/travis/build/icyphy/ptII/ptolemy/actor/lib/hoc/test/auto/RunCompositeActor3.xml
3 ms. Memory: 332288K Free: 82442K (25%)
----------------- Invoking toplevel() on ptolemy.moml.MoMLSimpleApplication@38920c3d
----------------- Done invoking toplevel() on ptolemy.moml.MoMLSimpleApplication@38920c3d
reloadAllAccessors: .RunCompositeActor3

===========================================================================================
----------------- testing Thu Mar 28 04:51:58 UTC 2019 /home/travis/build/icyphy/ptII/ptolemy/actor/lib/hoc/test/auto/RunCompositeActor4.xml
----------------- Instantiating /home/travis/build/icyphy/ptII/ptolemy/actor/lib/hoc/test/auto/RunCompositeActor4.xml
8 ms. Memory: 332800K Free: 319452K (96%)
----------------- Invoking toplevel() on ptolemy.moml.MoMLSimpleApplication@e051510
----------------- Done invoking toplevel() on ptolemy.moml.MoMLSimpleApplication@e051510
reloadAllAccessors: .RunCompositeActor4

===========================================================================================
----------------- testing Thu Mar 28 04:51:58 UTC 2019 /home/travis/build/icyphy/ptII/ptolemy/actor/lib/hoc/test/auto/RunCompositeIterateOverArray.xml
----------------- Instantiating /home/travis/build/icyphy/ptII/ptolemy/actor/lib/hoc/test/auto/RunCompositeIterateOverArray.xml
8 ms. Memory: 332800K Free: 312322K (94%)
----------------- Invoking toplevel() on ptolemy.moml.MoMLSimpleApplication@2e5a2d4f
----------------- Done invoking toplevel() on ptolemy.moml.MoMLSimpleApplication@2e5a2d4f
reloadAllAccessors: .RunCompositeIterateOverArray

===========================================================================================
----------------- testing Thu Mar 28 04:51:58 UTC 2019 /home/travis/build/icyphy/ptII/ptolemy/actor/lib/hoc/test/auto/ThreadedJS.xml
----------------- Instantiating /home/travis/build/icyphy/ptII/ptolemy/actor/lib/hoc/test/auto/ThreadedJS.xml
1801 ms. Memory: 540672K Free: 159677K (30%)
----------------- Invoking toplevel() on ptolemy.moml.MoMLSimpleApplication@79a39ce
----------------- Done invoking toplevel() on ptolemy.moml.MoMLSimpleApplication@79a39ce
reloadAllAccessors: .ThreadedJS
AutoTests.java: About to close Vertx.
AutoTests.java: Vertx closed.
]]></system-out>
  <system-err><![CDATA[java.lang.RuntimeException: Execution failed
	at ptolemy.moml.MoMLSimpleApplication$UnloadThread.run(MoMLSimpleApplication.java:402)
Caused by: ptolemy.kernel.util.IllegalActionException: initialize() was called after wrapup() was called but preinitialize() was not called after wrapup().
	at ptolemy.actor.lib.hoc.test.PreinitializeMustBeInvoked.initialize(PreinitializeMustBeInvoked.java:78)
	at ptolemy.actor.Director.initialize(Director.java:938)
	at ptolemy.actor.Director.initialize(Director.java:907)
	at ptolemy.actor.sched.StaticSchedulingDirector.initialize(StaticSchedulingDirector.java:159)
	at ptolemy.domains.sdf.kernel.SDFDirector.initialize(SDFDirector.java:544)
	at ptolemy.actor.CompositeActor.initialize(CompositeActor.java:935)
	at ptolemy.actor.lib.hoc.LifeCycleManager._executeInsideModel(LifeCycleManager.java:339)
	at ptolemy.actor.lib.hoc.RunCompositeActor.fire(RunCompositeActor.java:205)
	at ptolemy.actor.CompositeActor.iterate(CompositeActor.java:1146)
	at ptolemy.actor.sched.StaticSchedulingDirector.fire(StaticSchedulingDirector.java:216)
	at ptolemy.domains.sdf.kernel.SDFDirector.fire(SDFDirector.java:500)
	at ptolemy.actor.CompositeActor.fire(CompositeActor.java:455)
	at ptolemy.actor.Manager.iterate(Manager.java:851)
	at ptolemy.actor.Manager.execute(Manager.java:369)
	at ptolemy.actor.Manager.run(Manager.java:1263)
	at ptolemy.actor.Manager$PtolemyRunThread.run(Manager.java:1915)
java.lang.reflect.InvocationTargetException
	at sun.reflect.NativeConstructorAccessorImpl.newInstance0(Native Method)
	at sun.reflect.NativeConstructorAccessorImpl.newInstance(NativeConstructorAccessorImpl.java:62)
	at sun.reflect.DelegatingConstructorAccessorImpl.newInstance(DelegatingConstructorAccessorImpl.java:45)
	at java.lang.reflect.Constructor.newInstance(Constructor.java:423)
	at ptolemy.util.test.junit.AutoKnownFailedTests.RunModel(AutoKnownFailedTests.java:105)
	at sun.reflect.NativeMethodAccessorImpl.invoke0(Native Method)
	at sun.reflect.NativeMethodAccessorImpl.invoke(NativeMethodAccessorImpl.java:62)
	at sun.reflect.DelegatingMethodAccessorImpl.invoke(DelegatingMethodAccessorImpl.java:43)
	at java.lang.reflect.Method.invoke(Method.java:498)
	at org.junit.runners.model.FrameworkMethod$1.runReflectiveCall(FrameworkMethod.java:44)
	at org.junit.internal.runners.model.ReflectiveCallable.run(ReflectiveCallable.java:15)
	at org.junit.runners.model.FrameworkMethod.invokeExplosively(FrameworkMethod.java:41)
	at junitparams.internal.InvokeParameterisedMethod.evaluate(InvokeParameterisedMethod.java:102)
	at org.junit.internal.runners.statements.FailOnTimeout$1.run(FailOnTimeout.java:28)
Caused by: ptolemy.kernel.util.IllegalActionException: initialize() was called after wrapup() was called but preinitialize() was not called after wrapup().
	at ptolemy.actor.lib.hoc.test.PreinitializeMustBeInvoked.initialize(PreinitializeMustBeInvoked.java:78)
	at ptolemy.actor.Director.initialize(Director.java:938)
	at ptolemy.actor.Director.initialize(Director.java:907)
	at ptolemy.actor.sched.StaticSchedulingDirector.initialize(StaticSchedulingDirector.java:159)
	at ptolemy.domains.sdf.kernel.SDFDirector.initialize(SDFDirector.java:544)
	at ptolemy.actor.CompositeActor.initialize(CompositeActor.java:935)
	at ptolemy.actor.lib.hoc.LifeCycleManager._executeInsideModel(LifeCycleManager.java:339)
	at ptolemy.actor.lib.hoc.RunCompositeActor.fire(RunCompositeActor.java:205)
	at ptolemy.actor.CompositeActor.iterate(CompositeActor.java:1146)
	at ptolemy.actor.sched.StaticSchedulingDirector.fire(StaticSchedulingDirector.java:216)
	at ptolemy.domains.sdf.kernel.SDFDirector.fire(SDFDirector.java:500)
	at ptolemy.actor.CompositeActor.fire(CompositeActor.java:455)
	at ptolemy.actor.Manager.iterate(Manager.java:851)
	at ptolemy.actor.Manager.execute(Manager.java:369)
	at ptolemy.actor.Manager.run(Manager.java:1263)
	at ptolemy.actor.Manager$PtolemyRunThread.run(Manager.java:1915)
]]></system-err>
</testsuite>
