<?xml version="1.0" encoding="UTF-8" ?>
<testsuite errors="0" failures="0" hostname="travis-job-8668174b-0809-41fb-98af-8a410314a9d7" name="ptolemy.domains.modal.test.junit.JUnitTclTest" skipped="0" tests="148" time="12.472" timestamp="2019-10-18T06:00:24">
  <properties>
[...]
</properties>
  <testcase classname="ptolemy.util.test.junit.TclTests" name="[0] /home/travis/build/icyphy/ptII/ptolemy/domains/modal/test/SystemLevelType.tcl (RunTclFile)" time="2.175" />
  <testcase classname="ptolemy.util.test.junit.AutoKnownFailedTests" name="[0] /home/travis/build/icyphy/ptII/ptolemy/domains/modal/test/auto/knownFailedTests/CannotAnalysisWithPreemption.xml (RunModel)" time="0.373" />
  <testcase classname="ptolemy.util.test.junit.AutoNameArchTests" name="[0] ThereAreNoAutoArchTests (RunModel)" time="0.006" />
  <testcase classname="ptolemy.util.test.junit.AutoTests" name="[0] /home/travis/build/icyphy/ptII/ptolemy/domains/modal/test/auto/ABPTest.xml (RunModel)" time="0.742" />
  <testcase classname="ptolemy.util.test.junit.AutoTests" name="[1] /home/travis/build/icyphy/ptII/ptolemy/domains/modal/test/auto/ABROFlat.xml (RunModel)" time="0.139" />
  <testcase classname="ptolemy.util.test.junit.AutoTests" name="[2] /home/travis/build/icyphy/ptII/ptolemy/domains/modal/test/auto/ABROFlat2.xml (RunModel)" time="0.065" />
  <testcase classname="ptolemy.util.test.junit.AutoTests" name="[3] /home/travis/build/icyphy/ptII/ptolemy/domains/modal/test/auto/ABRO_present_hmm.xml (RunModel)" time="0.162" />
  <testcase classname="ptolemy.util.test.junit.AutoTests" name="[4] /home/travis/build/icyphy/ptII/ptolemy/domains/modal/test/auto/AMICoderExample.xml (RunModel)" time="0.084" />
  <testcase classname="ptolemy.util.test.junit.AutoTests" name="[5] /home/travis/build/icyphy/ptII/ptolemy/domains/modal/test/auto/AbsentToPresent.xml (RunModel)" time="0.021" />
  <testcase classname="ptolemy.util.test.junit.AutoTests" name="[6] /home/travis/build/icyphy/ptII/ptolemy/domains/modal/test/auto/Blending.xml (RunModel)" time="0.358" />
  <testcase classname="ptolemy.util.test.junit.AutoTests" name="[7] /home/travis/build/icyphy/ptII/ptolemy/domains/modal/test/auto/Broadcast.xml (RunModel)" time="0.052" />
  <testcase classname="ptolemy.util.test.junit.AutoTests" name="[8] /home/travis/build/icyphy/ptII/ptolemy/domains/modal/test/auto/BroadcastHierarchy.xml (RunModel)" time="0.081" />
  <testcase classname="ptolemy.util.test.junit.AutoTests" name="[9] /home/travis/build/icyphy/ptII/ptolemy/domains/modal/test/auto/BroadcastHierarchy2.xml (RunModel)" time="0.165" />
  <testcase classname="ptolemy.util.test.junit.AutoTests" name="[10] /home/travis/build/icyphy/ptII/ptolemy/domains/modal/test/auto/BroadcastHierarchy3.xml (RunModel)" time="0.08" />
  <testcase classname="ptolemy.util.test.junit.AutoTests" name="[11] /home/travis/build/icyphy/ptII/ptolemy/domains/modal/test/auto/BroadcastHierarchy4.xml (RunModel)" time="0.091" />
  <testcase classname="ptolemy.util.test.junit.AutoTests" name="[12] /home/travis/build/icyphy/ptII/ptolemy/domains/modal/test/auto/CannotAnalysisWithPreemption2.xml (RunModel)" time="0.036" />
  <testcase classname="ptolemy.util.test.junit.AutoTests" name="[13] /home/travis/build/icyphy/ptII/ptolemy/domains/modal/test/auto/CannotAnalysisWithPreemption3.xml (RunModel)" time="0.067" />
  <testcase classname="ptolemy.util.test.junit.AutoTests" name="[14] /home/travis/build/icyphy/ptII/ptolemy/domains/modal/test/auto/CannotProduce.xml (RunModel)" time="0.047" />
  <testcase classname="ptolemy.util.test.junit.AutoTests" name="[15] /home/travis/build/icyphy/ptII/ptolemy/domains/modal/test/auto/CannotProduceModal.xml (RunModel)" time="0.047" />
  <testcase classname="ptolemy.util.test.junit.AutoTests" name="[16] /home/travis/build/icyphy/ptII/ptolemy/domains/modal/test/auto/Case.xml (RunModel)" time="0.108" />
  <testcase classname="ptolemy.util.test.junit.AutoTests" name="[17] /home/travis/build/icyphy/ptII/ptolemy/domains/modal/test/auto/Case1.xml (RunModel)" time="0.047" />
  <testcase classname="ptolemy.util.test.junit.AutoTests" name="[18] /home/travis/build/icyphy/ptII/ptolemy/domains/modal/test/auto/Case2.xml (RunModel)" time="0.054" />
  <testcase classname="ptolemy.util.test.junit.AutoTests" name="[19] /home/travis/build/icyphy/ptII/ptolemy/domains/modal/test/auto/CausalityInterface1.xml (RunModel)" time="0.027" />
  <testcase classname="ptolemy.util.test.junit.AutoTests" name="[20] /home/travis/build/icyphy/ptII/ptolemy/domains/modal/test/auto/CausalityInterface10.xml (RunModel)" time="0.061" />
  <testcase classname="ptolemy.util.test.junit.AutoTests" name="[21] /home/travis/build/icyphy/ptII/ptolemy/domains/modal/test/auto/CausalityInterface11.xml (RunModel)" time="0.06" />
  <testcase classname="ptolemy.util.test.junit.AutoTests" name="[22] /home/travis/build/icyphy/ptII/ptolemy/domains/modal/test/auto/CausalityInterface12.xml (RunModel)" time="0.064" />
  <testcase classname="ptolemy.util.test.junit.AutoTests" name="[23] /home/travis/build/icyphy/ptII/ptolemy/domains/modal/test/auto/CausalityInterface13.xml (RunModel)" time="0.111" />
  <testcase classname="ptolemy.util.test.junit.AutoTests" name="[24] /home/travis/build/icyphy/ptII/ptolemy/domains/modal/test/auto/CausalityInterface14.xml (RunModel)" time="0.077" />
  <testcase classname="ptolemy.util.test.junit.AutoTests" name="[25] /home/travis/build/icyphy/ptII/ptolemy/domains/modal/test/auto/CausalityInterface2.xml (RunModel)" time="0.04" />
  <testcase classname="ptolemy.util.test.junit.AutoTests" name="[26] /home/travis/build/icyphy/ptII/ptolemy/domains/modal/test/auto/CausalityInterface3.xml (RunModel)" time="0.027" />
  <testcase classname="ptolemy.util.test.junit.AutoTests" name="[27] /home/travis/build/icyphy/ptII/ptolemy/domains/modal/test/auto/CausalityInterface4.xml (RunModel)" time="0.032" />
  <testcase classname="ptolemy.util.test.junit.AutoTests" name="[28] /home/travis/build/icyphy/ptII/ptolemy/domains/modal/test/auto/CausalityInterface5.xml (RunModel)" time="0.054" />
  <testcase classname="ptolemy.util.test.junit.AutoTests" name="[29] /home/travis/build/icyphy/ptII/ptolemy/domains/modal/test/auto/CausalityInterface6.xml (RunModel)" time="0.044" />
  <testcase classname="ptolemy.util.test.junit.AutoTests" name="[30] /home/travis/build/icyphy/ptII/ptolemy/domains/modal/test/auto/CausalityInterface7.xml (RunModel)" time="0.055" />
  <testcase classname="ptolemy.util.test.junit.AutoTests" name="[31] /home/travis/build/icyphy/ptII/ptolemy/domains/modal/test/auto/CausalityInterface8.xml (RunModel)" time="0.06" />
  <testcase classname="ptolemy.util.test.junit.AutoTests" name="[32] /home/travis/build/icyphy/ptII/ptolemy/domains/modal/test/auto/CausalityInterface9.xml (RunModel)" time="0.044" />
  <testcase classname="ptolemy.util.test.junit.AutoTests" name="[33] /home/travis/build/icyphy/ptII/ptolemy/domains/modal/test/auto/ChainedTransitions.xml (RunModel)" time="0.133" />
  <testcase classname="ptolemy.util.test.junit.AutoTests" name="[34] /home/travis/build/icyphy/ptII/ptolemy/domains/modal/test/auto/CycleOfImmediateTransitionsFSM.xml (RunModel)" time="0.035" />
  <testcase classname="ptolemy.util.test.junit.AutoTests" name="[35] /home/travis/build/icyphy/ptII/ptolemy/domains/modal/test/auto/CycleOfImmediateTransitionsModal.xml (RunModel)" time="0.024" />
  <testcase classname="ptolemy.util.test.junit.AutoTests" name="[36] /home/travis/build/icyphy/ptII/ptolemy/domains/modal/test/auto/CycleOfImmediateTransitionsModal2.xml (RunModel)" time="0.022" />
  <testcase classname="ptolemy.util.test.junit.AutoTests" name="[37] /home/travis/build/icyphy/ptII/ptolemy/domains/modal/test/auto/CycleOfImmediateTransitionsModal3.xml (RunModel)" time="0.076" />
  <testcase classname="ptolemy.util.test.junit.AutoTests" name="[38] /home/travis/build/icyphy/ptII/ptolemy/domains/modal/test/auto/DeepModal1.xml (RunModel)" time="0.055" />
  <testcase classname="ptolemy.util.test.junit.AutoTests" name="[39] /home/travis/build/icyphy/ptII/ptolemy/domains/modal/test/auto/DeepModal2.xml (RunModel)" time="0.082" />
  <testcase classname="ptolemy.util.test.junit.AutoTests" name="[40] /home/travis/build/icyphy/ptII/ptolemy/domains/modal/test/auto/DeepModal3.xml (RunModel)" time="0.084" />
  <testcase classname="ptolemy.util.test.junit.AutoTests" name="[41] /home/travis/build/icyphy/ptII/ptolemy/domains/modal/test/auto/DeepModal4.xml (RunModel)" time="0.104" />
  <testcase classname="ptolemy.util.test.junit.AutoTests" name="[42] /home/travis/build/icyphy/ptII/ptolemy/domains/modal/test/auto/Default1.xml (RunModel)" time="0.026" />
  <testcase classname="ptolemy.util.test.junit.AutoTests" name="[43] /home/travis/build/icyphy/ptII/ptolemy/domains/modal/test/auto/Default2.xml (RunModel)" time="0.023" />
  <testcase classname="ptolemy.util.test.junit.AutoTests" name="[44] /home/travis/build/icyphy/ptII/ptolemy/domains/modal/test/auto/Default3.xml (RunModel)" time="0.024" />
  <testcase classname="ptolemy.util.test.junit.AutoTests" name="[45] /home/travis/build/icyphy/ptII/ptolemy/domains/modal/test/auto/Default4.xml (RunModel)" time="0.029" />
  <testcase classname="ptolemy.util.test.junit.AutoTests" name="[46] /home/travis/build/icyphy/ptII/ptolemy/domains/modal/test/auto/Default5.xml (RunModel)" time="0.03" />
  <testcase classname="ptolemy.util.test.junit.AutoTests" name="[47] /home/travis/build/icyphy/ptII/ptolemy/domains/modal/test/auto/EmptyGuard.xml (RunModel)" time="0.032" />
  <testcase classname="ptolemy.util.test.junit.AutoTests" name="[48] /home/travis/build/icyphy/ptII/ptolemy/domains/modal/test/auto/ErrorTransition1.xml (RunModel)" time="0.04" />
  <testcase classname="ptolemy.util.test.junit.AutoTests" name="[49] /home/travis/build/icyphy/ptII/ptolemy/domains/modal/test/auto/ErrorTransition10.xml (RunModel)" time="0.058" />
  <testcase classname="ptolemy.util.test.junit.AutoTests" name="[50] /home/travis/build/icyphy/ptII/ptolemy/domains/modal/test/auto/ErrorTransition11.xml (RunModel)" time="0.045" />
  <testcase classname="ptolemy.util.test.junit.AutoTests" name="[51] /home/travis/build/icyphy/ptII/ptolemy/domains/modal/test/auto/ErrorTransition2.xml (RunModel)" time="0.03" />
  <testcase classname="ptolemy.util.test.junit.AutoTests" name="[52] /home/travis/build/icyphy/ptII/ptolemy/domains/modal/test/auto/ErrorTransition3.xml (RunModel)" time="0.047" />
  <testcase classname="ptolemy.util.test.junit.AutoTests" name="[53] /home/travis/build/icyphy/ptII/ptolemy/domains/modal/test/auto/ErrorTransition4.xml (RunModel)" time="0.068" />
  <testcase classname="ptolemy.util.test.junit.AutoTests" name="[54] /home/travis/build/icyphy/ptII/ptolemy/domains/modal/test/auto/ErrorTransition5.xml (RunModel)" time="0.044" />
  <testcase classname="ptolemy.util.test.junit.AutoTests" name="[55] /home/travis/build/icyphy/ptII/ptolemy/domains/modal/test/auto/ErrorTransition6.xml (RunModel)" time="0.059" />
  <testcase classname="ptolemy.util.test.junit.AutoTests" name="[56] /home/travis/build/icyphy/ptII/ptolemy/domains/modal/test/auto/ErrorTransition7.xml (RunModel)" time="0.068" />
  <testcase classname="ptolemy.util.test.junit.AutoTests" name="[57] /home/travis/build/icyphy/ptII/ptolemy/domains/modal/test/auto/ErrorTransition8.xml (RunModel)" time="0.076" />
  <testcase classname="ptolemy.util.test.junit.AutoTests" name="[58] /home/travis/build/icyphy/ptII/ptolemy/domains/modal/test/auto/ErrorTransition9.xml (RunModel)" time="0.057" />
  <testcase classname="ptolemy.util.test.junit.AutoTests" name="[59] /home/travis/build/icyphy/ptII/ptolemy/domains/modal/test/auto/ExtendedFSM.xml (RunModel)" time="0.039" />
  <testcase classname="ptolemy.util.test.junit.AutoTests" name="[60] /home/travis/build/icyphy/ptII/ptolemy/domains/modal/test/auto/FinalStates.xml (RunModel)" time="0.03" />
  <testcase classname="ptolemy.util.test.junit.AutoTests" name="[61] /home/travis/build/icyphy/ptII/ptolemy/domains/modal/test/auto/FixedPointFSM.xml (RunModel)" time="0.054" />
  <testcase classname="ptolemy.util.test.junit.AutoTests" name="[62] /home/travis/build/icyphy/ptII/ptolemy/domains/modal/test/auto/FixedPointIterationFSMActor.xml (RunModel)" time="0.038" />
  <testcase classname="ptolemy.util.test.junit.AutoTests" name="[63] /home/travis/build/icyphy/ptII/ptolemy/domains/modal/test/auto/FixedPointIterationFSMActor2.xml (RunModel)" time="0.052" />
  <testcase classname="ptolemy.util.test.junit.AutoTests" name="[64] /home/travis/build/icyphy/ptII/ptolemy/domains/modal/test/auto/ForbiddenInstantanousLoop.xml (RunModel)" time="0.058" />
  <testcase classname="ptolemy.util.test.junit.AutoTests" name="[65] /home/travis/build/icyphy/ptII/ptolemy/domains/modal/test/auto/FunctionDependencyOfFSMActorTest.xml (RunModel)" time="0.038" />
  <testcase classname="ptolemy.util.test.junit.AutoTests" name="[66] /home/travis/build/icyphy/ptII/ptolemy/domains/modal/test/auto/GuardExpression.xml (RunModel)" time="0.02" />
  <testcase classname="ptolemy.util.test.junit.AutoTests" name="[67] /home/travis/build/icyphy/ptII/ptolemy/domains/modal/test/auto/GuardNotEvaluated.xml (RunModel)" time="0.031" />
  <testcase classname="ptolemy.util.test.junit.AutoTests" name="[68] /home/travis/build/icyphy/ptII/ptolemy/domains/modal/test/auto/GuardNotEvaluated2.xml (RunModel)" time="0.028" />
  <testcase classname="ptolemy.util.test.junit.AutoTests" name="[69] /home/travis/build/icyphy/ptII/ptolemy/domains/modal/test/auto/GuardOnAbsent.xml (RunModel)" time="0.036" />
  <testcase classname="ptolemy.util.test.junit.AutoTests" name="[70] /home/travis/build/icyphy/ptII/ptolemy/domains/modal/test/auto/HierarchicalFSMTypeInference.xml (RunModel)" time="0.032" />
  <testcase classname="ptolemy.util.test.junit.AutoTests" name="[71] /home/travis/build/icyphy/ptII/ptolemy/domains/modal/test/auto/Hysteresis.xml (RunModel)" time="0.056" />
  <testcase classname="ptolemy.util.test.junit.AutoTests" name="[72] /home/travis/build/icyphy/ptII/ptolemy/domains/modal/test/auto/HysteresisWithDefault.xml (RunModel)" time="0.093" />
  <testcase classname="ptolemy.util.test.junit.AutoTests" name="[73] /home/travis/build/icyphy/ptII/ptolemy/domains/modal/test/auto/HysteresisWithDefault2.xml (RunModel)" time="0.088" />
  <testcase classname="ptolemy.util.test.junit.AutoTests" name="[74] /home/travis/build/icyphy/ptII/ptolemy/domains/modal/test/auto/ImmediateNonConstructiveness.xml (RunModel)" time="0.022" />
  <testcase classname="ptolemy.util.test.junit.AutoTests" name="[75] /home/travis/build/icyphy/ptII/ptolemy/domains/modal/test/auto/ImmediateNonConstructiveness2.xml (RunModel)" time="0.036" />
  <testcase classname="ptolemy.util.test.junit.AutoTests" name="[76] /home/travis/build/icyphy/ptII/ptolemy/domains/modal/test/auto/ImmediateTransitionReset.xml (RunModel)" time="0.036" />
  <testcase classname="ptolemy.util.test.junit.AutoTests" name="[77] /home/travis/build/icyphy/ptII/ptolemy/domains/modal/test/auto/ImmediateTransitions1.xml (RunModel)" time="0.017" />
  <testcase classname="ptolemy.util.test.junit.AutoTests" name="[78] /home/travis/build/icyphy/ptII/ptolemy/domains/modal/test/auto/ImmediateTransitionsInstantaneousCommunication.xml (RunModel)" time="0.039" />
  <testcase classname="ptolemy.util.test.junit.AutoTests" name="[79] /home/travis/build/icyphy/ptII/ptolemy/domains/modal/test/auto/InitialImmediateTransition.xml (RunModel)" time="0.02" />
  <testcase classname="ptolemy.util.test.junit.AutoTests" name="[80] /home/travis/build/icyphy/ptII/ptolemy/domains/modal/test/auto/InitialOutputs.xml (RunModel)" time="0.019" />
  <testcase classname="ptolemy.util.test.junit.AutoTests" name="[81] /home/travis/build/icyphy/ptII/ptolemy/domains/modal/test/auto/InitialStateTransition1.xml (RunModel)" time="0.025" />
  <testcase classname="ptolemy.util.test.junit.AutoTests" name="[82] /home/travis/build/icyphy/ptII/ptolemy/domains/modal/test/auto/InitialStateTransition2.xml (RunModel)" time="0.025" />
  <testcase classname="ptolemy.util.test.junit.AutoTests" name="[83] /home/travis/build/icyphy/ptII/ptolemy/domains/modal/test/auto/InitialStateTransition3.xml (RunModel)" time="0.027" />
  <testcase classname="ptolemy.util.test.junit.AutoTests" name="[84] /home/travis/build/icyphy/ptII/ptolemy/domains/modal/test/auto/InitialStateTransition4.xml (RunModel)" time="0.03" />
  <testcase classname="ptolemy.util.test.junit.AutoTests" name="[85] /home/travis/build/icyphy/ptII/ptolemy/domains/modal/test/auto/MalformedGuardExpressionNotCaught.xml (RunModel)" time="0.032" />
  <testcase classname="ptolemy.util.test.junit.AutoTests" name="[86] /home/travis/build/icyphy/ptII/ptolemy/domains/modal/test/auto/ModalBSC.xml (RunModel)" time="0.125" />
  <testcase classname="ptolemy.util.test.junit.AutoTests" name="[87] /home/travis/build/icyphy/ptII/ptolemy/domains/modal/test/auto/ModalClocks.xml (RunModel)" time="0.122" />
  <testcase classname="ptolemy.util.test.junit.AutoTests" name="[88] /home/travis/build/icyphy/ptII/ptolemy/domains/modal/test/auto/ModalDelay.xml (RunModel)" time="0.051" />
  <testcase classname="ptolemy.util.test.junit.AutoTests" name="[89] /home/travis/build/icyphy/ptII/ptolemy/domains/modal/test/auto/ModalDelay2.xml (RunModel)" time="0.055" />
  <testcase classname="ptolemy.util.test.junit.AutoTests" name="[90] /home/travis/build/icyphy/ptII/ptolemy/domains/modal/test/auto/ModalModelFromMemo.xml (RunModel)" time="0.069" />
  <testcase classname="ptolemy.util.test.junit.AutoTests" name="[91] /home/travis/build/icyphy/ptII/ptolemy/domains/modal/test/auto/ModalModelWithMultirateTransient.xml (RunModel)" time="0.066" />
  <testcase classname="ptolemy.util.test.junit.AutoTests" name="[92] /home/travis/build/icyphy/ptII/ptolemy/domains/modal/test/auto/ModalModelWithReset.xml (RunModel)" time="0.062" />
  <testcase classname="ptolemy.util.test.junit.AutoTests" name="[93] /home/travis/build/icyphy/ptII/ptolemy/domains/modal/test/auto/MouseClickFSM.xml (RunModel)" time="0.056" />
  <testcase classname="ptolemy.util.test.junit.AutoTests" name="[94] /home/travis/build/icyphy/ptII/ptolemy/domains/modal/test/auto/MouseClickFSMModal.xml (RunModel)" time="0.039" />
  <testcase classname="ptolemy.util.test.junit.AutoTests" name="[95] /home/travis/build/icyphy/ptII/ptolemy/domains/modal/test/auto/NonStrictFSM_FeedbackLoop.xml (RunModel)" time="0.055" />
  <testcase classname="ptolemy.util.test.junit.AutoTests" name="[96] /home/travis/build/icyphy/ptII/ptolemy/domains/modal/test/auto/NonStrictFSM_FeedbackLoop_Refinement.xml (RunModel)" time="0.126" />
  <testcase classname="ptolemy.util.test.junit.AutoTests" name="[97] /home/travis/build/icyphy/ptII/ptolemy/domains/modal/test/auto/NonStrictFSM_FeedbackLoop_preemptive.xml (RunModel)" time="0.076" />
  <testcase classname="ptolemy.util.test.junit.AutoTests" name="[98] /home/travis/build/icyphy/ptII/ptolemy/domains/modal/test/auto/NormalTermination.xml (RunModel)" time="0.056" />
  <testcase classname="ptolemy.util.test.junit.AutoTests" name="[99] /home/travis/build/icyphy/ptII/ptolemy/domains/modal/test/auto/Pong.xml (RunModel)" time="0.081" />
  <testcase classname="ptolemy.util.test.junit.AutoTests" name="[100] /home/travis/build/icyphy/ptII/ptolemy/domains/modal/test/auto/Pong_test.xml (RunModel)" time="0.117" />
  <testcase classname="ptolemy.util.test.junit.AutoTests" name="[101] /home/travis/build/icyphy/ptII/ptolemy/domains/modal/test/auto/PreemptionHierarchy.xml (RunModel)" time="0.028" />
  <testcase classname="ptolemy.util.test.junit.AutoTests" name="[102] /home/travis/build/icyphy/ptII/ptolemy/domains/modal/test/auto/PreemptionHierarchy2.xml (RunModel)" time="0.034" />
  <testcase classname="ptolemy.util.test.junit.AutoTests" name="[103] /home/travis/build/icyphy/ptII/ptolemy/domains/modal/test/auto/PreemptiveTransition.xml (RunModel)" time="0.031" />
  <testcase classname="ptolemy.util.test.junit.AutoTests" name="[104] /home/travis/build/icyphy/ptII/ptolemy/domains/modal/test/auto/Priorities.xml (RunModel)" time="0.116" />
  <testcase classname="ptolemy.util.test.junit.AutoTests" name="[105] /home/travis/build/icyphy/ptII/ptolemy/domains/modal/test/auto/ResetFinal.xml (RunModel)" time="0.047" />
  <testcase classname="ptolemy.util.test.junit.AutoTests" name="[106] /home/travis/build/icyphy/ptII/ptolemy/domains/modal/test/auto/ResetFinal2.xml (RunModel)" time="0.036" />
  <testcase classname="ptolemy.util.test.junit.AutoTests" name="[107] /home/travis/build/icyphy/ptII/ptolemy/domains/modal/test/auto/ResetTransitionWithStartTime.xml (RunModel)" time="0.033" />
  <testcase classname="ptolemy.util.test.junit.AutoTests" name="[108] /home/travis/build/icyphy/ptII/ptolemy/domains/modal/test/auto/SDF-FSMComposite.xml (RunModel)" time="0.024" />
  <testcase classname="ptolemy.util.test.junit.AutoTests" name="[109] /home/travis/build/icyphy/ptII/ptolemy/domains/modal/test/auto/SeeminglyNondeterminate.xml (RunModel)" time="0.08" />
  <testcase classname="ptolemy.util.test.junit.AutoTests" name="[110] /home/travis/build/icyphy/ptII/ptolemy/domains/modal/test/auto/SeeminglyNondeterminate2.xml (RunModel)" time="0.076" />
  <testcase classname="ptolemy.util.test.junit.AutoTests" name="[111] /home/travis/build/icyphy/ptII/ptolemy/domains/modal/test/auto/SpontaneousFSM.xml (RunModel)" time="0.054" />
  <testcase classname="ptolemy.util.test.junit.AutoTests" name="[112] /home/travis/build/icyphy/ptII/ptolemy/domains/modal/test/auto/SpontaneousFSM2.xml (RunModel)" time="0.034" />
  <testcase classname="ptolemy.util.test.junit.AutoTests" name="[113] /home/travis/build/icyphy/ptII/ptolemy/domains/modal/test/auto/SpontaneousFSM3.xml (RunModel)" time="0.044" />
  <testcase classname="ptolemy.util.test.junit.AutoTests" name="[114] /home/travis/build/icyphy/ptII/ptolemy/domains/modal/test/auto/SpontaneousFSM4.xml (RunModel)" time="0.073" />
  <testcase classname="ptolemy.util.test.junit.AutoTests" name="[115] /home/travis/build/icyphy/ptII/ptolemy/domains/modal/test/auto/StateTrackerTest.xml (RunModel)" time="0.079" />
  <testcase classname="ptolemy.util.test.junit.AutoTests" name="[116] /home/travis/build/icyphy/ptII/ptolemy/domains/modal/test/auto/StrongImmediateTransition.xml (RunModel)" time="0.025" />
  <testcase classname="ptolemy.util.test.junit.AutoTests" name="[117] /home/travis/build/icyphy/ptII/ptolemy/domains/modal/test/auto/SustainHierarchy.xml (RunModel)" time="0.032" />
  <testcase classname="ptolemy.util.test.junit.AutoTests" name="[118] /home/travis/build/icyphy/ptII/ptolemy/domains/modal/test/auto/TerminationTransition1.xml (RunModel)" time="0.022" />
  <testcase classname="ptolemy.util.test.junit.AutoTests" name="[119] /home/travis/build/icyphy/ptII/ptolemy/domains/modal/test/auto/TerminationTransition2.xml (RunModel)" time="0.029" />
  <testcase classname="ptolemy.util.test.junit.AutoTests" name="[120] /home/travis/build/icyphy/ptII/ptolemy/domains/modal/test/auto/TerminationTransition3.xml (RunModel)" time="0.022" />
  <testcase classname="ptolemy.util.test.junit.AutoTests" name="[121] /home/travis/build/icyphy/ptII/ptolemy/domains/modal/test/auto/TerminationTransition4.xml (RunModel)" time="0.04" />
  <testcase classname="ptolemy.util.test.junit.AutoTests" name="[122] /home/travis/build/icyphy/ptII/ptolemy/domains/modal/test/auto/TerminationTransition5.xml (RunModel)" time="0.037" />
  <testcase classname="ptolemy.util.test.junit.AutoTests" name="[123] /home/travis/build/icyphy/ptII/ptolemy/domains/modal/test/auto/TerminationTransition6.xml (RunModel)" time="0.025" />
  <testcase classname="ptolemy.util.test.junit.AutoTests" name="[124] /home/travis/build/icyphy/ptII/ptolemy/domains/modal/test/auto/TerminationTransition7.xml (RunModel)" time="0.023" />
  <testcase classname="ptolemy.util.test.junit.AutoTests" name="[125] /home/travis/build/icyphy/ptII/ptolemy/domains/modal/test/auto/TerminationTransition8.xml (RunModel)" time="0.026" />
  <testcase classname="ptolemy.util.test.junit.AutoTests" name="[126] /home/travis/build/icyphy/ptII/ptolemy/domains/modal/test/auto/Thermostat_NoHysteresis.xml (RunModel)" time="0.089" />
  <testcase classname="ptolemy.util.test.junit.AutoTests" name="[127] /home/travis/build/icyphy/ptII/ptolemy/domains/modal/test/auto/TimedFSM.xml (RunModel)" time="0.054" />
  <testcase classname="ptolemy.util.test.junit.AutoTests" name="[128] /home/travis/build/icyphy/ptII/ptolemy/domains/modal/test/auto/Timeout1.xml (RunModel)" time="0.02" />
  <testcase classname="ptolemy.util.test.junit.AutoTests" name="[129] /home/travis/build/icyphy/ptII/ptolemy/domains/modal/test/auto/Timeout2.xml (RunModel)" time="0.022" />
  <testcase classname="ptolemy.util.test.junit.AutoTests" name="[130] /home/travis/build/icyphy/ptII/ptolemy/domains/modal/test/auto/Timeout3.xml (RunModel)" time="0.013" />
  <testcase classname="ptolemy.util.test.junit.AutoTests" name="[131] /home/travis/build/icyphy/ptII/ptolemy/domains/modal/test/auto/Timeout4.xml (RunModel)" time="0.022" />
  <testcase classname="ptolemy.util.test.junit.AutoTests" name="[132] /home/travis/build/icyphy/ptII/ptolemy/domains/modal/test/auto/TransientstateModelAdvanced.xml (RunModel)" time="0.032" />
  <testcase classname="ptolemy.util.test.junit.AutoTests" name="[133] /home/travis/build/icyphy/ptII/ptolemy/domains/modal/test/auto/TransientstateModelAdvanced2.xml (RunModel)" time="0.035" />
  <testcase classname="ptolemy.util.test.junit.AutoTests" name="[134] /home/travis/build/icyphy/ptII/ptolemy/domains/modal/test/auto/TransitionRefinements.xml (RunModel)" time="0.027" />
  <testcase classname="ptolemy.util.test.junit.AutoTests" name="[135] /home/travis/build/icyphy/ptII/ptolemy/domains/modal/test/auto/TwoRefinements1.xml (RunModel)" time="0.028" />
  <testcase classname="ptolemy.util.test.junit.AutoTests" name="[136] /home/travis/build/icyphy/ptII/ptolemy/domains/modal/test/auto/TwoRefinements2.xml (RunModel)" time="0.029" />
  <testcase classname="ptolemy.util.test.junit.AutoTests" name="[137] /home/travis/build/icyphy/ptII/ptolemy/domains/modal/test/auto/WeakImmediateTransition.xml (RunModel)" time="0.024" />
  <testcase classname="ptolemy.util.test.junit.AutoTests" name="[138] /home/travis/build/icyphy/ptII/ptolemy/domains/modal/test/auto/booleanSelect.xml (RunModel)" time="0.092" />
  <testcase classname="ptolemy.util.test.junit.AutoTests" name="[139] /home/travis/build/icyphy/ptII/ptolemy/domains/modal/test/auto/modalChangingParams.xml (RunModel)" time="0.385" />
  <testcase classname="ptolemy.util.test.junit.AutoTests" name="[140] /home/travis/build/icyphy/ptII/ptolemy/domains/modal/test/auto/modalModel.xml (RunModel)" time="0.043" />
  <testcase classname="ptolemy.util.test.junit.AutoTests" name="[141] /home/travis/build/icyphy/ptII/ptolemy/domains/modal/test/auto/modalModel2.xml (RunModel)" time="0.036" />
  <testcase classname="ptolemy.util.test.junit.AutoTests" name="[142] /home/travis/build/icyphy/ptII/ptolemy/domains/modal/test/auto/modalModel3.xml (RunModel)" time="0.041" />
  <testcase classname="ptolemy.util.test.junit.AutoTests" name="[143] /home/travis/build/icyphy/ptII/ptolemy/domains/modal/test/auto/model1.xml (RunModel)" time="0.024" />
  <testcase classname="ptolemy.util.test.junit.AutoTests" name="[144] /home/travis/build/icyphy/ptII/ptolemy/domains/modal/test/auto/test-direct-in-out.xml (RunModel)" time="0.026" />
  <system-out><![CDATA[/home/travis/build/icyphy/ptII/ptolemy/domains/modal/test/SystemLevelType.tcl
testDefs.tcl: setting time out to 9000 seconds at Fri Oct 18 06:00:24 UTC 2019
10/18/19 06:00:26
Failed: 0  Total Tests: 1  ((Passed: 1, Newly Passed: 0)  Known Failed: 0) /home/travis/build/icyphy/ptII/ptolemy/domains/modal/test
----------------- testing (KnownFailure) /home/travis/build/icyphy/ptII/ptolemy/domains/modal/test/auto/knownFailedTests/CannotAnalysisWithPreemption.xml
190 ms. Memory: 120832K Free: 47685K (39%)
Known Failure: java.lang.reflect.InvocationTargetException
No auto/linux-amd64/*.xml tests in /home/travis/build/icyphy/ptII/ptolemy/domains/modal/test
AutoTests.java: About to close Vertx.
AutoTests.java: Vertx closed.

===========================================================================================
----------------- testing Fri Oct 18 06:00:27 UTC 2019 /home/travis/build/icyphy/ptII/ptolemy/domains/modal/test/auto/ABPTest.xml
----------------- Instantiating /home/travis/build/icyphy/ptII/ptolemy/domains/modal/test/auto/ABPTest.xml
317 ms. Memory: 152576K Free: 108567K (71%)
----------------- Invoking toplevel() on ptolemy.moml.MoMLSimpleApplication@7de3eb93
----------------- Done invoking toplevel() on ptolemy.moml.MoMLSimpleApplication@7de3eb93
reloadAllAccessors: .ABPTest

===========================================================================================
----------------- testing Fri Oct 18 06:00:27 UTC 2019 /home/travis/build/icyphy/ptII/ptolemy/domains/modal/test/auto/ABROFlat.xml
----------------- Instantiating /home/travis/build/icyphy/ptII/ptolemy/domains/modal/test/auto/ABROFlat.xml
41 ms. Memory: 152576K Free: 92072K (60%)
----------------- Invoking toplevel() on ptolemy.moml.MoMLSimpleApplication@2580ad0f
----------------- Done invoking toplevel() on ptolemy.moml.MoMLSimpleApplication@2580ad0f
reloadAllAccessors: .ABROFlat

===========================================================================================
----------------- testing Fri Oct 18 06:00:27 UTC 2019 /home/travis/build/icyphy/ptII/ptolemy/domains/modal/test/auto/ABROFlat2.xml
----------------- Instantiating /home/travis/build/icyphy/ptII/ptolemy/domains/modal/test/auto/ABROFlat2.xml
14 ms. Memory: 152576K Free: 75712K (50%)
----------------- Invoking toplevel() on ptolemy.moml.MoMLSimpleApplication@1902a8f0
----------------- Done invoking toplevel() on ptolemy.moml.MoMLSimpleApplication@1902a8f0
reloadAllAccessors: .ABROFlat2

===========================================================================================
----------------- testing Fri Oct 18 06:00:28 UTC 2019 /home/travis/build/icyphy/ptII/ptolemy/domains/modal/test/auto/ABRO_present_hmm.xml
----------------- Instantiating /home/travis/build/icyphy/ptII/ptolemy/domains/modal/test/auto/ABRO_present_hmm.xml
47 ms. Memory: 152576K Free: 132928K (87%)
----------------- Invoking toplevel() on ptolemy.moml.MoMLSimpleApplication@10e32d17
----------------- Done invoking toplevel() on ptolemy.moml.MoMLSimpleApplication@10e32d17
reloadAllAccessors: .ABRO_present_hmm

===========================================================================================
----------------- testing Fri Oct 18 06:00:28 UTC 2019 /home/travis/build/icyphy/ptII/ptolemy/domains/modal/test/auto/AMICoderExample.xml
----------------- Instantiating /home/travis/build/icyphy/ptII/ptolemy/domains/modal/test/auto/AMICoderExample.xml
30 ms. Memory: 152576K Free: 122429K (80%)
----------------- Invoking toplevel() on ptolemy.moml.MoMLSimpleApplication@38ab5f15
----------------- Done invoking toplevel() on ptolemy.moml.MoMLSimpleApplication@38ab5f15
reloadAllAccessors: .AMICoderExample

===========================================================================================
----------------- testing Fri Oct 18 06:00:28 UTC 2019 /home/travis/build/icyphy/ptII/ptolemy/domains/modal/test/auto/AbsentToPresent.xml
----------------- Instantiating /home/travis/build/icyphy/ptII/ptolemy/domains/modal/test/auto/AbsentToPresent.xml
5 ms. Memory: 152576K Free: 117739K (77%)
----------------- Invoking toplevel() on ptolemy.moml.MoMLSimpleApplication@6db2f353
----------------- Done invoking toplevel() on ptolemy.moml.MoMLSimpleApplication@6db2f353
reloadAllAccessors: .AbsentToPresent

===========================================================================================
----------------- testing Fri Oct 18 06:00:28 UTC 2019 /home/travis/build/icyphy/ptII/ptolemy/domains/modal/test/auto/Blending.xml
----------------- Instantiating /home/travis/build/icyphy/ptII/ptolemy/domains/modal/test/auto/Blending.xml
219 ms. Memory: 152576K Free: 72691K (48%)
----------------- Invoking toplevel() on ptolemy.moml.MoMLSimpleApplication@9a78286
----------------- Done invoking toplevel() on ptolemy.moml.MoMLSimpleApplication@9a78286
reloadAllAccessors: .Blending

===========================================================================================
----------------- testing Fri Oct 18 06:00:28 UTC 2019 /home/travis/build/icyphy/ptII/ptolemy/domains/modal/test/auto/Broadcast.xml
----------------- Instantiating /home/travis/build/icyphy/ptII/ptolemy/domains/modal/test/auto/Broadcast.xml
12 ms. Memory: 152576K Free: 63053K (41%)
----------------- Invoking toplevel() on ptolemy.moml.MoMLSimpleApplication@7a00ba71
----------------- Done invoking toplevel() on ptolemy.moml.MoMLSimpleApplication@7a00ba71
reloadAllAccessors: .Broadcast

===========================================================================================
----------------- testing Fri Oct 18 06:00:28 UTC 2019 /home/travis/build/icyphy/ptII/ptolemy/domains/modal/test/auto/BroadcastHierarchy.xml
----------------- Instantiating /home/travis/build/icyphy/ptII/ptolemy/domains/modal/test/auto/BroadcastHierarchy.xml
22 ms. Memory: 152576K Free: 49161K (32%)
----------------- Invoking toplevel() on ptolemy.moml.MoMLSimpleApplication@5a61ee61
----------------- Done invoking toplevel() on ptolemy.moml.MoMLSimpleApplication@5a61ee61
reloadAllAccessors: .BroadcastHierarchy

===========================================================================================
----------------- testing Fri Oct 18 06:00:28 UTC 2019 /home/travis/build/icyphy/ptII/ptolemy/domains/modal/test/auto/BroadcastHierarchy2.xml
----------------- Instantiating /home/travis/build/icyphy/ptII/ptolemy/domains/modal/test/auto/BroadcastHierarchy2.xml
50 ms. Memory: 152576K Free: 108107K (71%)
----------------- Invoking toplevel() on ptolemy.moml.MoMLSimpleApplication@4511d2da
----------------- Done invoking toplevel() on ptolemy.moml.MoMLSimpleApplication@4511d2da
reloadAllAccessors: .BroadcastHierarchy2

===========================================================================================
----------------- testing Fri Oct 18 06:00:28 UTC 2019 /home/travis/build/icyphy/ptII/ptolemy/domains/modal/test/auto/BroadcastHierarchy3.xml
----------------- Instantiating /home/travis/build/icyphy/ptII/ptolemy/domains/modal/test/auto/BroadcastHierarchy3.xml
16 ms. Memory: 152576K Free: 87610K (57%)
----------------- Invoking toplevel() on ptolemy.moml.MoMLSimpleApplication@72ed53c4
----------------- Done invoking toplevel() on ptolemy.moml.MoMLSimpleApplication@72ed53c4
reloadAllAccessors: .BroadcastHierarchy3

===========================================================================================
----------------- testing Fri Oct 18 06:00:29 UTC 2019 /home/travis/build/icyphy/ptII/ptolemy/domains/modal/test/auto/BroadcastHierarchy4.xml
----------------- Instantiating /home/travis/build/icyphy/ptII/ptolemy/domains/modal/test/auto/BroadcastHierarchy4.xml
18 ms. Memory: 152576K Free: 63051K (41%)
----------------- Invoking toplevel() on ptolemy.moml.MoMLSimpleApplication@7ab7886c
----------------- Done invoking toplevel() on ptolemy.moml.MoMLSimpleApplication@7ab7886c
reloadAllAccessors: .BroadcastHierarchy4

===========================================================================================
----------------- testing Fri Oct 18 06:00:29 UTC 2019 /home/travis/build/icyphy/ptII/ptolemy/domains/modal/test/auto/CannotAnalysisWithPreemption2.xml
----------------- Instantiating /home/travis/build/icyphy/ptII/ptolemy/domains/modal/test/auto/CannotAnalysisWithPreemption2.xml
6 ms. Memory: 152576K Free: 56775K (37%)
----------------- Invoking toplevel() on ptolemy.moml.MoMLSimpleApplication@6538f8d1
----------------- Done invoking toplevel() on ptolemy.moml.MoMLSimpleApplication@6538f8d1
reloadAllAccessors: .CannotAnalysisWithPreemption2

===========================================================================================
----------------- testing Fri Oct 18 06:00:29 UTC 2019 /home/travis/build/icyphy/ptII/ptolemy/domains/modal/test/auto/CannotAnalysisWithPreemption3.xml
----------------- Instantiating /home/travis/build/icyphy/ptII/ptolemy/domains/modal/test/auto/CannotAnalysisWithPreemption3.xml
10 ms. Memory: 184320K Free: 164873K (89%)
----------------- Invoking toplevel() on ptolemy.moml.MoMLSimpleApplication@1ddb5f11
----------------- Done invoking toplevel() on ptolemy.moml.MoMLSimpleApplication@1ddb5f11
reloadAllAccessors: .CannotAnalysisWithPreemption3

===========================================================================================
----------------- testing Fri Oct 18 06:00:29 UTC 2019 /home/travis/build/icyphy/ptII/ptolemy/domains/modal/test/auto/CannotProduce.xml
----------------- Instantiating /home/travis/build/icyphy/ptII/ptolemy/domains/modal/test/auto/CannotProduce.xml
20 ms. Memory: 184320K Free: 158240K (86%)
----------------- Invoking toplevel() on ptolemy.moml.MoMLSimpleApplication@33cc5cb
----------------- Done invoking toplevel() on ptolemy.moml.MoMLSimpleApplication@33cc5cb
reloadAllAccessors: .CannotProduce

===========================================================================================
----------------- testing Fri Oct 18 06:00:29 UTC 2019 /home/travis/build/icyphy/ptII/ptolemy/domains/modal/test/auto/CannotProduceModal.xml
----------------- Instantiating /home/travis/build/icyphy/ptII/ptolemy/domains/modal/test/auto/CannotProduceModal.xml
17 ms. Memory: 184320K Free: 151576K (82%)
----------------- Invoking toplevel() on ptolemy.moml.MoMLSimpleApplication@687acd63
----------------- Done invoking toplevel() on ptolemy.moml.MoMLSimpleApplication@687acd63
reloadAllAccessors: .CannotProduceModal

===========================================================================================
----------------- testing Fri Oct 18 06:00:29 UTC 2019 /home/travis/build/icyphy/ptII/ptolemy/domains/modal/test/auto/Case.xml
----------------- Instantiating /home/travis/build/icyphy/ptII/ptolemy/domains/modal/test/auto/Case.xml
41 ms. Memory: 184320K Free: 140318K (76%)
----------------- Invoking toplevel() on ptolemy.moml.MoMLSimpleApplication@397929ef
----------------- Done invoking toplevel() on ptolemy.moml.MoMLSimpleApplication@397929ef
reloadAllAccessors: .Case

===========================================================================================
----------------- testing Fri Oct 18 06:00:29 UTC 2019 /home/travis/build/icyphy/ptII/ptolemy/domains/modal/test/auto/Case1.xml
----------------- Instantiating /home/travis/build/icyphy/ptII/ptolemy/domains/modal/test/auto/Case1.xml
12 ms. Memory: 184320K Free: 133150K (72%)
----------------- Invoking toplevel() on ptolemy.moml.MoMLSimpleApplication@5804c60e
----------------- Done invoking toplevel() on ptolemy.moml.MoMLSimpleApplication@5804c60e
reloadAllAccessors: .Case1

===========================================================================================
----------------- testing Fri Oct 18 06:00:29 UTC 2019 /home/travis/build/icyphy/ptII/ptolemy/domains/modal/test/auto/Case2.xml
----------------- Instantiating /home/travis/build/icyphy/ptII/ptolemy/domains/modal/test/auto/Case2.xml
19 ms. Memory: 184320K Free: 122400K (66%)
----------------- Invoking toplevel() on ptolemy.moml.MoMLSimpleApplication@3b7f3c5c
----------------- Done invoking toplevel() on ptolemy.moml.MoMLSimpleApplication@3b7f3c5c
reloadAllAccessors: .Case2

===========================================================================================
----------------- testing Fri Oct 18 06:00:29 UTC 2019 /home/travis/build/icyphy/ptII/ptolemy/domains/modal/test/auto/CausalityInterface1.xml
----------------- Instantiating /home/travis/build/icyphy/ptII/ptolemy/domains/modal/test/auto/CausalityInterface1.xml
4 ms. Memory: 184320K Free: 117280K (64%)
----------------- Invoking toplevel() on ptolemy.moml.MoMLSimpleApplication@2004d550
----------------- Done invoking toplevel() on ptolemy.moml.MoMLSimpleApplication@2004d550
reloadAllAccessors: .CausalityInterface1

===========================================================================================
----------------- testing Fri Oct 18 06:00:29 UTC 2019 /home/travis/build/icyphy/ptII/ptolemy/domains/modal/test/auto/CausalityInterface10.xml
----------------- Instantiating /home/travis/build/icyphy/ptII/ptolemy/domains/modal/test/auto/CausalityInterface10.xml
7 ms. Memory: 184320K Free: 103968K (56%)
----------------- Invoking toplevel() on ptolemy.moml.MoMLSimpleApplication@560d89bd
----------------- Done invoking toplevel() on ptolemy.moml.MoMLSimpleApplication@560d89bd
reloadAllAccessors: .CausalityInterface10

===========================================================================================
----------------- testing Fri Oct 18 06:00:29 UTC 2019 /home/travis/build/icyphy/ptII/ptolemy/domains/modal/test/auto/CausalityInterface11.xml
----------------- Instantiating /home/travis/build/icyphy/ptII/ptolemy/domains/modal/test/auto/CausalityInterface11.xml
10 ms. Memory: 184320K Free: 90656K (49%)
----------------- Invoking toplevel() on ptolemy.moml.MoMLSimpleApplication@36a32f6
----------------- Done invoking toplevel() on ptolemy.moml.MoMLSimpleApplication@36a32f6
reloadAllAccessors: .CausalityInterface11

===========================================================================================
----------------- testing Fri Oct 18 06:00:29 UTC 2019 /home/travis/build/icyphy/ptII/ptolemy/domains/modal/test/auto/CausalityInterface12.xml
----------------- Instantiating /home/travis/build/icyphy/ptII/ptolemy/domains/modal/test/auto/CausalityInterface12.xml
14 ms. Memory: 184320K Free: 77344K (42%)
----------------- Invoking toplevel() on ptolemy.moml.MoMLSimpleApplication@37cc884b
----------------- Done invoking toplevel() on ptolemy.moml.MoMLSimpleApplication@37cc884b
reloadAllAccessors: .CausalityInterface12

===========================================================================================
----------------- testing Fri Oct 18 06:00:29 UTC 2019 /home/travis/build/icyphy/ptII/ptolemy/domains/modal/test/auto/CausalityInterface13.xml
----------------- Instantiating /home/travis/build/icyphy/ptII/ptolemy/domains/modal/test/auto/CausalityInterface13.xml
17 ms. Memory: 184320K Free: 163287K (89%)
----------------- Invoking toplevel() on ptolemy.moml.MoMLSimpleApplication@1eff4a85
----------------- Done invoking toplevel() on ptolemy.moml.MoMLSimpleApplication@1eff4a85
reloadAllAccessors: .CausalityInterface13

===========================================================================================
----------------- testing Fri Oct 18 06:00:29 UTC 2019 /home/travis/build/icyphy/ptII/ptolemy/domains/modal/test/auto/CausalityInterface14.xml
----------------- Instantiating /home/travis/build/icyphy/ptII/ptolemy/domains/modal/test/auto/CausalityInterface14.xml
9 ms. Memory: 184320K Free: 149479K (81%)
----------------- Invoking toplevel() on ptolemy.moml.MoMLSimpleApplication@7657dfd
----------------- Done invoking toplevel() on ptolemy.moml.MoMLSimpleApplication@7657dfd
reloadAllAccessors: .CausalityInterface14

===========================================================================================
----------------- testing Fri Oct 18 06:00:30 UTC 2019 /home/travis/build/icyphy/ptII/ptolemy/domains/modal/test/auto/CausalityInterface2.xml
----------------- Instantiating /home/travis/build/icyphy/ptII/ptolemy/domains/modal/test/auto/CausalityInterface2.xml
9 ms. Memory: 184320K Free: 142807K (77%)
----------------- Invoking toplevel() on ptolemy.moml.MoMLSimpleApplication@7fe49beb
----------------- Done invoking toplevel() on ptolemy.moml.MoMLSimpleApplication@7fe49beb
reloadAllAccessors: .CausalityInterface2

===========================================================================================
----------------- testing Fri Oct 18 06:00:30 UTC 2019 /home/travis/build/icyphy/ptII/ptolemy/domains/modal/test/auto/CausalityInterface3.xml
----------------- Instantiating /home/travis/build/icyphy/ptII/ptolemy/domains/modal/test/auto/CausalityInterface3.xml
5 ms. Memory: 184320K Free: 136671K (74%)
----------------- Invoking toplevel() on ptolemy.moml.MoMLSimpleApplication@4720322b
----------------- Done invoking toplevel() on ptolemy.moml.MoMLSimpleApplication@4720322b
reloadAllAccessors: .CausalityInterface3

===========================================================================================
----------------- testing Fri Oct 18 06:00:30 UTC 2019 /home/travis/build/icyphy/ptII/ptolemy/domains/modal/test/auto/CausalityInterface4.xml
----------------- Instantiating /home/travis/build/icyphy/ptII/ptolemy/domains/modal/test/auto/CausalityInterface4.xml
5 ms. Memory: 184320K Free: 130023K (71%)
----------------- Invoking toplevel() on ptolemy.moml.MoMLSimpleApplication@7d3c5af0
----------------- Done invoking toplevel() on ptolemy.moml.MoMLSimpleApplication@7d3c5af0
reloadAllAccessors: .CausalityInterface4

===========================================================================================
----------------- testing Fri Oct 18 06:00:30 UTC 2019 /home/travis/build/icyphy/ptII/ptolemy/domains/modal/test/auto/CausalityInterface5.xml
----------------- Instantiating /home/travis/build/icyphy/ptII/ptolemy/domains/modal/test/auto/CausalityInterface5.xml
9 ms. Memory: 184320K Free: 121317K (66%)
----------------- Invoking toplevel() on ptolemy.moml.MoMLSimpleApplication@1052e6c7
----------------- Done invoking toplevel() on ptolemy.moml.MoMLSimpleApplication@1052e6c7
reloadAllAccessors: .CausalityInterface5

===========================================================================================
----------------- testing Fri Oct 18 06:00:30 UTC 2019 /home/travis/build/icyphy/ptII/ptolemy/domains/modal/test/auto/CausalityInterface6.xml
----------------- Instantiating /home/travis/build/icyphy/ptII/ptolemy/domains/modal/test/auto/CausalityInterface6.xml
6 ms. Memory: 184320K Free: 113125K (61%)
----------------- Invoking toplevel() on ptolemy.moml.MoMLSimpleApplication@4bea9439
----------------- Done invoking toplevel() on ptolemy.moml.MoMLSimpleApplication@4bea9439
reloadAllAccessors: .CausalityInterface6

===========================================================================================
----------------- testing Fri Oct 18 06:00:30 UTC 2019 /home/travis/build/icyphy/ptII/ptolemy/domains/modal/test/auto/CausalityInterface7.xml
----------------- Instantiating /home/travis/build/icyphy/ptII/ptolemy/domains/modal/test/auto/CausalityInterface7.xml
9 ms. Memory: 184320K Free: 104919K (57%)
----------------- Invoking toplevel() on ptolemy.moml.MoMLSimpleApplication@4ade2fa1
----------------- Done invoking toplevel() on ptolemy.moml.MoMLSimpleApplication@4ade2fa1
reloadAllAccessors: .CausalityInterface7

===========================================================================================
----------------- testing Fri Oct 18 06:00:30 UTC 2019 /home/travis/build/icyphy/ptII/ptolemy/domains/modal/test/auto/CausalityInterface8.xml
----------------- Instantiating /home/travis/build/icyphy/ptII/ptolemy/domains/modal/test/auto/CausalityInterface8.xml
6 ms. Memory: 184320K Free: 96741K (52%)
----------------- Invoking toplevel() on ptolemy.moml.MoMLSimpleApplication@599f7334
----------------- Done invoking toplevel() on ptolemy.moml.MoMLSimpleApplication@599f7334
reloadAllAccessors: .CausalityInterface8

===========================================================================================
----------------- testing Fri Oct 18 06:00:30 UTC 2019 /home/travis/build/icyphy/ptII/ptolemy/domains/modal/test/auto/CausalityInterface9.xml
----------------- Instantiating /home/travis/build/icyphy/ptII/ptolemy/domains/modal/test/auto/CausalityInterface9.xml
8 ms. Memory: 184320K Free: 87525K (47%)
----------------- Invoking toplevel() on ptolemy.moml.MoMLSimpleApplication@58e454c1
----------------- Done invoking toplevel() on ptolemy.moml.MoMLSimpleApplication@58e454c1
reloadAllAccessors: .CausalityInterface9

===========================================================================================
----------------- testing Fri Oct 18 06:00:30 UTC 2019 /home/travis/build/icyphy/ptII/ptolemy/domains/modal/test/auto/ChainedTransitions.xml
----------------- Instantiating /home/travis/build/icyphy/ptII/ptolemy/domains/modal/test/auto/ChainedTransitions.xml
72 ms. Memory: 184320K Free: 62439K (34%)
----------------- Invoking toplevel() on ptolemy.moml.MoMLSimpleApplication@1b62ea41
----------------- Done invoking toplevel() on ptolemy.moml.MoMLSimpleApplication@1b62ea41
reloadAllAccessors: .ChainedTransitions

===========================================================================================
----------------- testing Fri Oct 18 06:00:30 UTC 2019 /home/travis/build/icyphy/ptII/ptolemy/domains/modal/test/auto/CycleOfImmediateTransitionsFSM.xml
----------------- Instantiating /home/travis/build/icyphy/ptII/ptolemy/domains/modal/test/auto/CycleOfImmediateTransitionsFSM.xml
3 ms. Memory: 184320K Free: 161477K (88%)
----------------- Invoking toplevel() on ptolemy.moml.MoMLSimpleApplication@53ecb83f
----------------- Done invoking toplevel() on ptolemy.moml.MoMLSimpleApplication@53ecb83f
reloadAllAccessors: .CycleOfImmediateTransitionsFSM

===========================================================================================
----------------- testing Fri Oct 18 06:00:30 UTC 2019 /home/travis/build/icyphy/ptII/ptolemy/domains/modal/test/auto/CycleOfImmediateTransitionsModal.xml
----------------- Instantiating /home/travis/build/icyphy/ptII/ptolemy/domains/modal/test/auto/CycleOfImmediateTransitionsModal.xml
3 ms. Memory: 184320K Free: 155124K (84%)
----------------- Invoking toplevel() on ptolemy.moml.MoMLSimpleApplication@5f0df1ef
----------------- Done invoking toplevel() on ptolemy.moml.MoMLSimpleApplication@5f0df1ef
reloadAllAccessors: .CycleOfImmediateTransitionsModal

===========================================================================================
----------------- testing Fri Oct 18 06:00:30 UTC 2019 /home/travis/build/icyphy/ptII/ptolemy/domains/modal/test/auto/CycleOfImmediateTransitionsModal2.xml
----------------- Instantiating /home/travis/build/icyphy/ptII/ptolemy/domains/modal/test/auto/CycleOfImmediateTransitionsModal2.xml
3 ms. Memory: 184320K Free: 148466K (81%)
----------------- Invoking toplevel() on ptolemy.moml.MoMLSimpleApplication@532d03ce
----------------- Done invoking toplevel() on ptolemy.moml.MoMLSimpleApplication@532d03ce
reloadAllAccessors: .CycleOfImmediateTransitionsModal2

===========================================================================================
----------------- testing Fri Oct 18 06:00:30 UTC 2019 /home/travis/build/icyphy/ptII/ptolemy/domains/modal/test/auto/CycleOfImmediateTransitionsModal3.xml
----------------- Instantiating /home/travis/build/icyphy/ptII/ptolemy/domains/modal/test/auto/CycleOfImmediateTransitionsModal3.xml
15 ms. Memory: 184320K Free: 125924K (68%)
----------------- Invoking toplevel() on ptolemy.moml.MoMLSimpleApplication@1314bb70
----------------- Done invoking toplevel() on ptolemy.moml.MoMLSimpleApplication@1314bb70
reloadAllAccessors: .CycleOfImmediateTransitionsModal3

===========================================================================================
----------------- testing Fri Oct 18 06:00:30 UTC 2019 /home/travis/build/icyphy/ptII/ptolemy/domains/modal/test/auto/DeepModal1.xml
----------------- Instantiating /home/travis/build/icyphy/ptII/ptolemy/domains/modal/test/auto/DeepModal1.xml
23 ms. Memory: 184320K Free: 111572K (61%)
----------------- Invoking toplevel() on ptolemy.moml.MoMLSimpleApplication@3913cfa5
----------------- Done invoking toplevel() on ptolemy.moml.MoMLSimpleApplication@3913cfa5
reloadAllAccessors: .DeepModal1

===========================================================================================
----------------- testing Fri Oct 18 06:00:30 UTC 2019 /home/travis/build/icyphy/ptII/ptolemy/domains/modal/test/auto/DeepModal2.xml
----------------- Instantiating /home/travis/build/icyphy/ptII/ptolemy/domains/modal/test/auto/DeepModal2.xml
36 ms. Memory: 184320K Free: 93170K (51%)
----------------- Invoking toplevel() on ptolemy.moml.MoMLSimpleApplication@6d5082aa
----------------- Done invoking toplevel() on ptolemy.moml.MoMLSimpleApplication@6d5082aa
reloadAllAccessors: .DeepModal2

===========================================================================================
----------------- testing Fri Oct 18 06:00:30 UTC 2019 /home/travis/build/icyphy/ptII/ptolemy/domains/modal/test/auto/DeepModal3.xml
----------------- Instantiating /home/travis/build/icyphy/ptII/ptolemy/domains/modal/test/auto/DeepModal3.xml
36 ms. Memory: 184320K Free: 74228K (40%)
----------------- Invoking toplevel() on ptolemy.moml.MoMLSimpleApplication@122c06cb
----------------- Done invoking toplevel() on ptolemy.moml.MoMLSimpleApplication@122c06cb
reloadAllAccessors: .DeepModal3

===========================================================================================
----------------- testing Fri Oct 18 06:00:30 UTC 2019 /home/travis/build/icyphy/ptII/ptolemy/domains/modal/test/auto/DeepModal4.xml
----------------- Instantiating /home/travis/build/icyphy/ptII/ptolemy/domains/modal/test/auto/DeepModal4.xml
51 ms. Memory: 184320K Free: 160185K (87%)
----------------- Invoking toplevel() on ptolemy.moml.MoMLSimpleApplication@5fdde4dc
----------------- Done invoking toplevel() on ptolemy.moml.MoMLSimpleApplication@5fdde4dc
reloadAllAccessors: .DeepModal4

===========================================================================================
----------------- testing Fri Oct 18 06:00:31 UTC 2019 /home/travis/build/icyphy/ptII/ptolemy/domains/modal/test/auto/Default1.xml
----------------- Instantiating /home/travis/build/icyphy/ptII/ptolemy/domains/modal/test/auto/Default1.xml
3 ms. Memory: 184320K Free: 154041K (84%)
----------------- Invoking toplevel() on ptolemy.moml.MoMLSimpleApplication@17de43e
----------------- Done invoking toplevel() on ptolemy.moml.MoMLSimpleApplication@17de43e
reloadAllAccessors: .Default1

===========================================================================================
----------------- testing Fri Oct 18 06:00:31 UTC 2019 /home/travis/build/icyphy/ptII/ptolemy/domains/modal/test/auto/Default2.xml
----------------- Instantiating /home/travis/build/icyphy/ptII/ptolemy/domains/modal/test/auto/Default2.xml
10 ms. Memory: 184320K Free: 147897K (80%)
----------------- Invoking toplevel() on ptolemy.moml.MoMLSimpleApplication@5132514
----------------- Done invoking toplevel() on ptolemy.moml.MoMLSimpleApplication@5132514
reloadAllAccessors: .Default2

===========================================================================================
----------------- testing Fri Oct 18 06:00:31 UTC 2019 /home/travis/build/icyphy/ptII/ptolemy/domains/modal/test/auto/Default3.xml
----------------- Instantiating /home/travis/build/icyphy/ptII/ptolemy/domains/modal/test/auto/Default3.xml
8 ms. Memory: 184320K Free: 141233K (77%)
----------------- Invoking toplevel() on ptolemy.moml.MoMLSimpleApplication@4ae48d31
----------------- Done invoking toplevel() on ptolemy.moml.MoMLSimpleApplication@4ae48d31
reloadAllAccessors: .Default3

===========================================================================================
----------------- testing Fri Oct 18 06:00:31 UTC 2019 /home/travis/build/icyphy/ptII/ptolemy/domains/modal/test/auto/Default4.xml
----------------- Instantiating /home/travis/build/icyphy/ptII/ptolemy/domains/modal/test/auto/Default4.xml
5 ms. Memory: 184320K Free: 135095K (73%)
----------------- Invoking toplevel() on ptolemy.moml.MoMLSimpleApplication@aa813b
----------------- Done invoking toplevel() on ptolemy.moml.MoMLSimpleApplication@aa813b
reloadAllAccessors: .Default4

===========================================================================================
----------------- testing Fri Oct 18 06:00:31 UTC 2019 /home/travis/build/icyphy/ptII/ptolemy/domains/modal/test/auto/Default5.xml
----------------- Instantiating /home/travis/build/icyphy/ptII/ptolemy/domains/modal/test/auto/Default5.xml
8 ms. Memory: 184320K Free: 126903K (69%)
----------------- Invoking toplevel() on ptolemy.moml.MoMLSimpleApplication@1bb6a105
----------------- Done invoking toplevel() on ptolemy.moml.MoMLSimpleApplication@1bb6a105
reloadAllAccessors: .Default5

===========================================================================================
----------------- testing Fri Oct 18 06:00:31 UTC 2019 /home/travis/build/icyphy/ptII/ptolemy/domains/modal/test/auto/EmptyGuard.xml
----------------- Instantiating /home/travis/build/icyphy/ptII/ptolemy/domains/modal/test/auto/EmptyGuard.xml
6 ms. Memory: 184320K Free: 119225K (65%)
----------------- Invoking toplevel() on ptolemy.moml.MoMLSimpleApplication@24f6b3db
----------------- Done invoking toplevel() on ptolemy.moml.MoMLSimpleApplication@24f6b3db
reloadAllAccessors: .EmptyGuard

===========================================================================================
----------------- testing Fri Oct 18 06:00:31 UTC 2019 /home/travis/build/icyphy/ptII/ptolemy/domains/modal/test/auto/ErrorTransition1.xml
----------------- Instantiating /home/travis/build/icyphy/ptII/ptolemy/domains/modal/test/auto/ErrorTransition1.xml
8 ms. Memory: 184320K Free: 110520K (60%)
----------------- Invoking toplevel() on ptolemy.moml.MoMLSimpleApplication@603186c4
----------------- Done invoking toplevel() on ptolemy.moml.MoMLSimpleApplication@603186c4
reloadAllAccessors: .ErrorTransition1

===========================================================================================
----------------- testing Fri Oct 18 06:00:31 UTC 2019 /home/travis/build/icyphy/ptII/ptolemy/domains/modal/test/auto/ErrorTransition10.xml
----------------- Instantiating /home/travis/build/icyphy/ptII/ptolemy/domains/modal/test/auto/ErrorTransition10.xml
16 ms. Memory: 184320K Free: 96698K (52%)
----------------- Invoking toplevel() on ptolemy.moml.MoMLSimpleApplication@6e53554d
----------------- Done invoking toplevel() on ptolemy.moml.MoMLSimpleApplication@6e53554d
reloadAllAccessors: .ErrorTransition10

===========================================================================================
----------------- testing Fri Oct 18 06:00:31 UTC 2019 /home/travis/build/icyphy/ptII/ptolemy/domains/modal/test/auto/ErrorTransition11.xml
----------------- Instantiating /home/travis/build/icyphy/ptII/ptolemy/domains/modal/test/auto/ErrorTransition11.xml
4 ms. Memory: 184320K Free: 85434K (46%)
----------------- Invoking toplevel() on ptolemy.moml.MoMLSimpleApplication@3aba57b2
----------------- Done invoking toplevel() on ptolemy.moml.MoMLSimpleApplication@3aba57b2
reloadAllAccessors: .ErrorTransition11

===========================================================================================
----------------- testing Fri Oct 18 06:00:31 UTC 2019 /home/travis/build/icyphy/ptII/ptolemy/domains/modal/test/auto/ErrorTransition2.xml
----------------- Instantiating /home/travis/build/icyphy/ptII/ptolemy/domains/modal/test/auto/ErrorTransition2.xml
8 ms. Memory: 184320K Free: 76728K (42%)
----------------- Invoking toplevel() on ptolemy.moml.MoMLSimpleApplication@4137bc31
----------------- Done invoking toplevel() on ptolemy.moml.MoMLSimpleApplication@4137bc31
reloadAllAccessors: .ErrorTransition2

===========================================================================================
----------------- testing Fri Oct 18 06:00:31 UTC 2019 /home/travis/build/icyphy/ptII/ptolemy/domains/modal/test/auto/ErrorTransition3.xml
----------------- Instantiating /home/travis/build/icyphy/ptII/ptolemy/domains/modal/test/auto/ErrorTransition3.xml
21 ms. Memory: 184320K Free: 67002K (36%)
----------------- Invoking toplevel() on ptolemy.moml.MoMLSimpleApplication@4542343d
----------------- Done invoking toplevel() on ptolemy.moml.MoMLSimpleApplication@4542343d
reloadAllAccessors: .ErrorTransition3

===========================================================================================
----------------- testing Fri Oct 18 06:00:31 UTC 2019 /home/travis/build/icyphy/ptII/ptolemy/domains/modal/test/auto/ErrorTransition4.xml
----------------- Instantiating /home/travis/build/icyphy/ptII/ptolemy/domains/modal/test/auto/ErrorTransition4.xml
22 ms. Memory: 226304K Free: 203689K (90%)
----------------- Invoking toplevel() on ptolemy.moml.MoMLSimpleApplication@4f82d27a
----------------- Done invoking toplevel() on ptolemy.moml.MoMLSimpleApplication@4f82d27a
reloadAllAccessors: .ErrorTransition4

===========================================================================================
----------------- testing Fri Oct 18 06:00:31 UTC 2019 /home/travis/build/icyphy/ptII/ptolemy/domains/modal/test/auto/ErrorTransition5.xml
----------------- Instantiating /home/travis/build/icyphy/ptII/ptolemy/domains/modal/test/auto/ErrorTransition5.xml
10 ms. Memory: 226304K Free: 193433K (85%)
----------------- Invoking toplevel() on ptolemy.moml.MoMLSimpleApplication@18568df5
----------------- Done invoking toplevel() on ptolemy.moml.MoMLSimpleApplication@18568df5
reloadAllAccessors: .ErrorTransition5

===========================================================================================
----------------- testing Fri Oct 18 06:00:31 UTC 2019 /home/travis/build/icyphy/ptII/ptolemy/domains/modal/test/auto/ErrorTransition6.xml
----------------- Instantiating /home/travis/build/icyphy/ptII/ptolemy/domains/modal/test/auto/ErrorTransition6.xml
16 ms. Memory: 226304K Free: 182713K (81%)
----------------- Invoking toplevel() on ptolemy.moml.MoMLSimpleApplication@6ee1d5bc
----------------- Done invoking toplevel() on ptolemy.moml.MoMLSimpleApplication@6ee1d5bc
reloadAllAccessors: .ErrorTransition6

===========================================================================================
----------------- testing Fri Oct 18 06:00:31 UTC 2019 /home/travis/build/icyphy/ptII/ptolemy/domains/modal/test/auto/ErrorTransition7.xml
----------------- Instantiating /home/travis/build/icyphy/ptII/ptolemy/domains/modal/test/auto/ErrorTransition7.xml
24 ms. Memory: 226304K Free: 169905K (75%)
----------------- Invoking toplevel() on ptolemy.moml.MoMLSimpleApplication@63fa2ce8
----------------- Done invoking toplevel() on ptolemy.moml.MoMLSimpleApplication@63fa2ce8
reloadAllAccessors: .ErrorTransition7

===========================================================================================
----------------- testing Fri Oct 18 06:00:31 UTC 2019 /home/travis/build/icyphy/ptII/ptolemy/domains/modal/test/auto/ErrorTransition8.xml
----------------- Instantiating /home/travis/build/icyphy/ptII/ptolemy/domains/modal/test/auto/ErrorTransition8.xml
41 ms. Memory: 226304K Free: 156593K (69%)
----------------- Invoking toplevel() on ptolemy.moml.MoMLSimpleApplication@359aa85b
----------------- Done invoking toplevel() on ptolemy.moml.MoMLSimpleApplication@359aa85b
reloadAllAccessors: .ErrorTransition8

===========================================================================================
----------------- testing Fri Oct 18 06:00:31 UTC 2019 /home/travis/build/icyphy/ptII/ptolemy/domains/modal/test/auto/ErrorTransition9.xml
----------------- Instantiating /home/travis/build/icyphy/ptII/ptolemy/domains/modal/test/auto/ErrorTransition9.xml
19 ms. Memory: 226304K Free: 142777K (63%)
----------------- Invoking toplevel() on ptolemy.moml.MoMLSimpleApplication@2746638c
----------------- Done invoking toplevel() on ptolemy.moml.MoMLSimpleApplication@2746638c
reloadAllAccessors: .ErrorTransition9

===========================================================================================
----------------- testing Fri Oct 18 06:00:31 UTC 2019 /home/travis/build/icyphy/ptII/ptolemy/domains/modal/test/auto/ExtendedFSM.xml
----------------- Instantiating /home/travis/build/icyphy/ptII/ptolemy/domains/modal/test/auto/ExtendedFSM.xml
10 ms. Memory: 226304K Free: 134585K (59%)
----------------- Invoking toplevel() on ptolemy.moml.MoMLSimpleApplication@3b9d7ba6
----------------- Done invoking toplevel() on ptolemy.moml.MoMLSimpleApplication@3b9d7ba6
reloadAllAccessors: .ExtendedFSM

===========================================================================================
----------------- testing Fri Oct 18 06:00:31 UTC 2019 /home/travis/build/icyphy/ptII/ptolemy/domains/modal/test/auto/FinalStates.xml
----------------- Instantiating /home/travis/build/icyphy/ptII/ptolemy/domains/modal/test/auto/FinalStates.xml
10 ms. Memory: 226304K Free: 126393K (56%)
----------------- Invoking toplevel() on ptolemy.moml.MoMLSimpleApplication@1c1c84d9
----------------- Done invoking toplevel() on ptolemy.moml.MoMLSimpleApplication@1c1c84d9
reloadAllAccessors: .FinalStates

===========================================================================================
----------------- testing Fri Oct 18 06:00:31 UTC 2019 /home/travis/build/icyphy/ptII/ptolemy/domains/modal/test/auto/FixedPointFSM.xml
----------------- Instantiating /home/travis/build/icyphy/ptII/ptolemy/domains/modal/test/auto/FixedPointFSM.xml
28 ms. Memory: 226304K Free: 111543K (49%)
----------------- Invoking toplevel() on ptolemy.moml.MoMLSimpleApplication@6b363bf1
----------------- Done invoking toplevel() on ptolemy.moml.MoMLSimpleApplication@6b363bf1
reloadAllAccessors: .FixedPointFSM

===========================================================================================
----------------- testing Fri Oct 18 06:00:31 UTC 2019 /home/travis/build/icyphy/ptII/ptolemy/domains/modal/test/auto/FixedPointIterationFSMActor.xml
----------------- Instantiating /home/travis/build/icyphy/ptII/ptolemy/domains/modal/test/auto/FixedPointIterationFSMActor.xml
9 ms. Memory: 226304K Free: 100793K (45%)
----------------- Invoking toplevel() on ptolemy.moml.MoMLSimpleApplication@727ebfd8
----------------- Done invoking toplevel() on ptolemy.moml.MoMLSimpleApplication@727ebfd8
reloadAllAccessors: .FixedPointIterationFSMActor

===========================================================================================
----------------- testing Fri Oct 18 06:00:32 UTC 2019 /home/travis/build/icyphy/ptII/ptolemy/domains/modal/test/auto/FixedPointIterationFSMActor2.xml
----------------- Instantiating /home/travis/build/icyphy/ptII/ptolemy/domains/modal/test/auto/FixedPointIterationFSMActor2.xml
21 ms. Memory: 226304K Free: 88505K (39%)
----------------- Invoking toplevel() on ptolemy.moml.MoMLSimpleApplication@39f7707
----------------- Done invoking toplevel() on ptolemy.moml.MoMLSimpleApplication@39f7707
reloadAllAccessors: .FixedPointIterationFSMActor2

===========================================================================================
----------------- testing Fri Oct 18 06:00:32 UTC 2019 /home/travis/build/icyphy/ptII/ptolemy/domains/modal/test/auto/ForbiddenInstantanousLoop.xml
----------------- Instantiating /home/travis/build/icyphy/ptII/ptolemy/domains/modal/test/auto/ForbiddenInstantanousLoop.xml
12 ms. Memory: 226304K Free: 202700K (90%)
----------------- Invoking toplevel() on ptolemy.moml.MoMLSimpleApplication@583eb5c1
----------------- Done invoking toplevel() on ptolemy.moml.MoMLSimpleApplication@583eb5c1
reloadAllAccessors: .ForbiddenInstantanousLoop

===========================================================================================
----------------- testing Fri Oct 18 06:00:32 UTC 2019 /home/travis/build/icyphy/ptII/ptolemy/domains/modal/test/auto/FunctionDependencyOfFSMActorTest.xml
----------------- Instantiating /home/travis/build/icyphy/ptII/ptolemy/domains/modal/test/auto/FunctionDependencyOfFSMActorTest.xml
16 ms. Memory: 226304K Free: 195513K (86%)
----------------- Invoking toplevel() on ptolemy.moml.MoMLSimpleApplication@1fd3b826
----------------- Done invoking toplevel() on ptolemy.moml.MoMLSimpleApplication@1fd3b826
reloadAllAccessors: .FunctionDependencyOfFSMActorTest

===========================================================================================
----------------- testing Fri Oct 18 06:00:32 UTC 2019 /home/travis/build/icyphy/ptII/ptolemy/domains/modal/test/auto/GuardExpression.xml
----------------- Instantiating /home/travis/build/icyphy/ptII/ptolemy/domains/modal/test/auto/GuardExpression.xml
2 ms. Memory: 226304K Free: 190426K (84%)
----------------- Invoking toplevel() on ptolemy.moml.MoMLSimpleApplication@1785845e
----------------- Done invoking toplevel() on ptolemy.moml.MoMLSimpleApplication@1785845e
reloadAllAccessors: .GuardExpression

===========================================================================================
----------------- testing Fri Oct 18 06:00:32 UTC 2019 /home/travis/build/icyphy/ptII/ptolemy/domains/modal/test/auto/GuardNotEvaluated.xml
----------------- Instantiating /home/travis/build/icyphy/ptII/ptolemy/domains/modal/test/auto/GuardNotEvaluated.xml
8 ms. Memory: 226304K Free: 181724K (80%)
----------------- Invoking toplevel() on ptolemy.moml.MoMLSimpleApplication@4e78be17
----------------- Done invoking toplevel() on ptolemy.moml.MoMLSimpleApplication@4e78be17
reloadAllAccessors: .GuardNotEvaluated

===========================================================================================
----------------- testing Fri Oct 18 06:00:32 UTC 2019 /home/travis/build/icyphy/ptII/ptolemy/domains/modal/test/auto/GuardNotEvaluated2.xml
----------------- Instantiating /home/travis/build/icyphy/ptII/ptolemy/domains/modal/test/auto/GuardNotEvaluated2.xml
9 ms. Memory: 226304K Free: 171994K (76%)
----------------- Invoking toplevel() on ptolemy.moml.MoMLSimpleApplication@7a6577be
----------------- Done invoking toplevel() on ptolemy.moml.MoMLSimpleApplication@7a6577be
reloadAllAccessors: .GuardNotEvaluated2

===========================================================================================
----------------- testing Fri Oct 18 06:00:32 UTC 2019 /home/travis/build/icyphy/ptII/ptolemy/domains/modal/test/auto/GuardOnAbsent.xml
----------------- Instantiating /home/travis/build/icyphy/ptII/ptolemy/domains/modal/test/auto/GuardOnAbsent.xml
13 ms. Memory: 226304K Free: 164316K (73%)
----------------- Invoking toplevel() on ptolemy.moml.MoMLSimpleApplication@16cd12fe
----------------- Done invoking toplevel() on ptolemy.moml.MoMLSimpleApplication@16cd12fe
reloadAllAccessors: .GuardOnAbsent

===========================================================================================
----------------- testing Fri Oct 18 06:00:32 UTC 2019 /home/travis/build/icyphy/ptII/ptolemy/domains/modal/test/auto/HierarchicalFSMTypeInference.xml
----------------- Instantiating /home/travis/build/icyphy/ptII/ptolemy/domains/modal/test/auto/HierarchicalFSMTypeInference.xml
7 ms. Memory: 226304K Free: 154076K (68%)
----------------- Invoking toplevel() on ptolemy.moml.MoMLSimpleApplication@40845cc4
----------------- Done invoking toplevel() on ptolemy.moml.MoMLSimpleApplication@40845cc4
reloadAllAccessors: .HierarchicalFSMTypeInference

===========================================================================================
----------------- testing Fri Oct 18 06:00:32 UTC 2019 /home/travis/build/icyphy/ptII/ptolemy/domains/modal/test/auto/Hysteresis.xml
----------------- Instantiating /home/travis/build/icyphy/ptII/ptolemy/domains/modal/test/auto/Hysteresis.xml
18 ms. Memory: 226304K Free: 140764K (62%)
----------------- Invoking toplevel() on ptolemy.moml.MoMLSimpleApplication@75d80508
----------------- Done invoking toplevel() on ptolemy.moml.MoMLSimpleApplication@75d80508
reloadAllAccessors: .Hysteresis

===========================================================================================
----------------- testing Fri Oct 18 06:00:32 UTC 2019 /home/travis/build/icyphy/ptII/ptolemy/domains/modal/test/auto/HysteresisWithDefault.xml
----------------- Instantiating /home/travis/build/icyphy/ptII/ptolemy/domains/modal/test/auto/HysteresisWithDefault.xml
55 ms. Memory: 226304K Free: 117708K (52%)
----------------- Invoking toplevel() on ptolemy.moml.MoMLSimpleApplication@471990fe
----------------- Done invoking toplevel() on ptolemy.moml.MoMLSimpleApplication@471990fe
reloadAllAccessors: .HysteresisWithDefault

===========================================================================================
----------------- testing Fri Oct 18 06:00:32 UTC 2019 /home/travis/build/icyphy/ptII/ptolemy/domains/modal/test/auto/HysteresisWithDefault2.xml
----------------- Instantiating /home/travis/build/icyphy/ptII/ptolemy/domains/modal/test/auto/HysteresisWithDefault2.xml
56 ms. Memory: 226304K Free: 88540K (39%)
----------------- Invoking toplevel() on ptolemy.moml.MoMLSimpleApplication@19a0038
----------------- Done invoking toplevel() on ptolemy.moml.MoMLSimpleApplication@19a0038
reloadAllAccessors: .HysteresisWithDefault2

===========================================================================================
----------------- testing Fri Oct 18 06:00:32 UTC 2019 /home/travis/build/icyphy/ptII/ptolemy/domains/modal/test/auto/ImmediateNonConstructiveness.xml
----------------- Instantiating /home/travis/build/icyphy/ptII/ptolemy/domains/modal/test/auto/ImmediateNonConstructiveness.xml
3 ms. Memory: 226304K Free: 81372K (36%)
----------------- Invoking toplevel() on ptolemy.moml.MoMLSimpleApplication@3ddefcf0
----------------- Done invoking toplevel() on ptolemy.moml.MoMLSimpleApplication@3ddefcf0
reloadAllAccessors: .ImmediateNonConstructiveness

===========================================================================================
----------------- testing Fri Oct 18 06:00:32 UTC 2019 /home/travis/build/icyphy/ptII/ptolemy/domains/modal/test/auto/ImmediateNonConstructiveness2.xml
----------------- Instantiating /home/travis/build/icyphy/ptII/ptolemy/domains/modal/test/auto/ImmediateNonConstructiveness2.xml
3 ms. Memory: 226304K Free: 204729K (90%)
----------------- Invoking toplevel() on ptolemy.moml.MoMLSimpleApplication@75162bdb
----------------- Done invoking toplevel() on ptolemy.moml.MoMLSimpleApplication@75162bdb
reloadAllAccessors: .ImmediateNonConstructiveness2

===========================================================================================
----------------- testing Fri Oct 18 06:00:32 UTC 2019 /home/travis/build/icyphy/ptII/ptolemy/domains/modal/test/auto/ImmediateTransitionReset.xml
----------------- Instantiating /home/travis/build/icyphy/ptII/ptolemy/domains/modal/test/auto/ImmediateTransitionReset.xml
7 ms. Memory: 226304K Free: 192951K (85%)
----------------- Invoking toplevel() on ptolemy.moml.MoMLSimpleApplication@44c6d0d8
----------------- Done invoking toplevel() on ptolemy.moml.MoMLSimpleApplication@44c6d0d8
reloadAllAccessors: .ImmediateTransitionReset

===========================================================================================
----------------- testing Fri Oct 18 06:00:32 UTC 2019 /home/travis/build/icyphy/ptII/ptolemy/domains/modal/test/auto/ImmediateTransitions1.xml
----------------- Instantiating /home/travis/build/icyphy/ptII/ptolemy/domains/modal/test/auto/ImmediateTransitions1.xml
3 ms. Memory: 226304K Free: 187321K (83%)
----------------- Invoking toplevel() on ptolemy.moml.MoMLSimpleApplication@53748fb8
----------------- Done invoking toplevel() on ptolemy.moml.MoMLSimpleApplication@53748fb8
reloadAllAccessors: .ImmediateTransitions1

===========================================================================================
----------------- testing Fri Oct 18 06:00:32 UTC 2019 /home/travis/build/icyphy/ptII/ptolemy/domains/modal/test/auto/ImmediateTransitionsInstantaneousCommunication.xml
----------------- Instantiating /home/travis/build/icyphy/ptII/ptolemy/domains/modal/test/auto/ImmediateTransitionsInstantaneousCommunication.xml
7 ms. Memory: 226304K Free: 175033K (77%)
----------------- Invoking toplevel() on ptolemy.moml.MoMLSimpleApplication@3119d346
----------------- Done invoking toplevel() on ptolemy.moml.MoMLSimpleApplication@3119d346
reloadAllAccessors: .ImmediateTransitionsInstantaneousCommunication

===========================================================================================
----------------- testing Fri Oct 18 06:00:32 UTC 2019 /home/travis/build/icyphy/ptII/ptolemy/domains/modal/test/auto/InitialImmediateTransition.xml
----------------- Instantiating /home/travis/build/icyphy/ptII/ptolemy/domains/modal/test/auto/InitialImmediateTransition.xml
4 ms. Memory: 226304K Free: 167865K (74%)
----------------- Invoking toplevel() on ptolemy.moml.MoMLSimpleApplication@2abb42de
----------------- Done invoking toplevel() on ptolemy.moml.MoMLSimpleApplication@2abb42de
reloadAllAccessors: .InitialImmediateTransition

===========================================================================================
----------------- testing Fri Oct 18 06:00:32 UTC 2019 /home/travis/build/icyphy/ptII/ptolemy/domains/modal/test/auto/InitialOutputs.xml
----------------- Instantiating /home/travis/build/icyphy/ptII/ptolemy/domains/modal/test/auto/InitialOutputs.xml
4 ms. Memory: 226304K Free: 161207K (71%)
----------------- Invoking toplevel() on ptolemy.moml.MoMLSimpleApplication@248133bb
----------------- Done invoking toplevel() on ptolemy.moml.MoMLSimpleApplication@248133bb
reloadAllAccessors: .InitialOutputs

===========================================================================================
----------------- testing Fri Oct 18 06:00:32 UTC 2019 /home/travis/build/icyphy/ptII/ptolemy/domains/modal/test/auto/InitialStateTransition1.xml
----------------- Instantiating /home/travis/build/icyphy/ptII/ptolemy/domains/modal/test/auto/InitialStateTransition1.xml
3 ms. Memory: 226304K Free: 154039K (68%)
----------------- Invoking toplevel() on ptolemy.moml.MoMLSimpleApplication@57c07e33
----------------- Done invoking toplevel() on ptolemy.moml.MoMLSimpleApplication@57c07e33
reloadAllAccessors: .InitialStateTransition1

===========================================================================================
----------------- testing Fri Oct 18 06:00:32 UTC 2019 /home/travis/build/icyphy/ptII/ptolemy/domains/modal/test/auto/InitialStateTransition2.xml
----------------- Instantiating /home/travis/build/icyphy/ptII/ptolemy/domains/modal/test/auto/InitialStateTransition2.xml
.InitialStateTransition2.TestExceptionAttributeNonConstructive: initialize() was not invoked, but wrapup() was.  This is unusual, but not always a problem.  For example, exporting JNLP will do this.
4 ms. Memory: 226304K Free: 146868K (65%)
----------------- Invoking toplevel() on ptolemy.moml.MoMLSimpleApplication@631271cf
----------------- Done invoking toplevel() on ptolemy.moml.MoMLSimpleApplication@631271cf
reloadAllAccessors: .InitialStateTransition2

===========================================================================================
----------------- testing Fri Oct 18 06:00:32 UTC 2019 /home/travis/build/icyphy/ptII/ptolemy/domains/modal/test/auto/InitialStateTransition3.xml
----------------- Instantiating /home/travis/build/icyphy/ptII/ptolemy/domains/modal/test/auto/InitialStateTransition3.xml
4 ms. Memory: 226304K Free: 138679K (61%)
----------------- Invoking toplevel() on ptolemy.moml.MoMLSimpleApplication@1ab8eae1
----------------- Done invoking toplevel() on ptolemy.moml.MoMLSimpleApplication@1ab8eae1
reloadAllAccessors: .InitialStateTransition3

===========================================================================================
----------------- testing Fri Oct 18 06:00:32 UTC 2019 /home/travis/build/icyphy/ptII/ptolemy/domains/modal/test/auto/InitialStateTransition4.xml
----------------- Instantiating /home/travis/build/icyphy/ptII/ptolemy/domains/modal/test/auto/InitialStateTransition4.xml
3 ms. Memory: 226304K Free: 128953K (57%)
----------------- Invoking toplevel() on ptolemy.moml.MoMLSimpleApplication@5214fcc1
----------------- Done invoking toplevel() on ptolemy.moml.MoMLSimpleApplication@5214fcc1
[...]
reloadAllAccessors: .TerminationTransition3

===========================================================================================
----------------- testing Fri Oct 18 06:00:35 UTC 2019 /home/travis/build/icyphy/ptII/ptolemy/domains/modal/test/auto/TerminationTransition4.xml
----------------- Instantiating /home/travis/build/icyphy/ptII/ptolemy/domains/modal/test/auto/TerminationTransition4.xml
7 ms. Memory: 272384K Free: 162594K (60%)
----------------- Invoking toplevel() on ptolemy.moml.MoMLSimpleApplication@2755b97d
----------------- Done invoking toplevel() on ptolemy.moml.MoMLSimpleApplication@2755b97d
reloadAllAccessors: .TerminationTransition4

===========================================================================================
----------------- testing Fri Oct 18 06:00:35 UTC 2019 /home/travis/build/icyphy/ptII/ptolemy/domains/modal/test/auto/TerminationTransition5.xml
----------------- Instantiating /home/travis/build/icyphy/ptII/ptolemy/domains/modal/test/auto/TerminationTransition5.xml
2 ms. Memory: 272384K Free: 148772K (55%)
----------------- Invoking toplevel() on ptolemy.moml.MoMLSimpleApplication@899d51b
----------------- Done invoking toplevel() on ptolemy.moml.MoMLSimpleApplication@899d51b
reloadAllAccessors: .TerminationTransition5

===========================================================================================
----------------- testing Fri Oct 18 06:00:35 UTC 2019 /home/travis/build/icyphy/ptII/ptolemy/domains/modal/test/auto/TerminationTransition6.xml
----------------- Instantiating /home/travis/build/icyphy/ptII/ptolemy/domains/modal/test/auto/TerminationTransition6.xml
2 ms. Memory: 272384K Free: 140066K (51%)
----------------- Invoking toplevel() on ptolemy.moml.MoMLSimpleApplication@59facb32
----------------- Done invoking toplevel() on ptolemy.moml.MoMLSimpleApplication@59facb32
reloadAllAccessors: .TerminationTransition6

===========================================================================================
----------------- testing Fri Oct 18 06:00:35 UTC 2019 /home/travis/build/icyphy/ptII/ptolemy/domains/modal/test/auto/TerminationTransition7.xml
----------------- Instantiating /home/travis/build/icyphy/ptII/ptolemy/domains/modal/test/auto/TerminationTransition7.xml
2 ms. Memory: 272384K Free: 130850K (48%)
----------------- Invoking toplevel() on ptolemy.moml.MoMLSimpleApplication@66dc34fd
----------------- Done invoking toplevel() on ptolemy.moml.MoMLSimpleApplication@66dc34fd
reloadAllAccessors: .TerminationTransition7

===========================================================================================
----------------- testing Fri Oct 18 06:00:35 UTC 2019 /home/travis/build/icyphy/ptII/ptolemy/domains/modal/test/auto/TerminationTransition8.xml
----------------- Instantiating /home/travis/build/icyphy/ptII/ptolemy/domains/modal/test/auto/TerminationTransition8.xml
2 ms. Memory: 272384K Free: 121634K (45%)
----------------- Invoking toplevel() on ptolemy.moml.MoMLSimpleApplication@6b2e2131
----------------- Done invoking toplevel() on ptolemy.moml.MoMLSimpleApplication@6b2e2131
reloadAllAccessors: .TerminationTransition8

===========================================================================================
----------------- testing Fri Oct 18 06:00:35 UTC 2019 /home/travis/build/icyphy/ptII/ptolemy/domains/modal/test/auto/Thermostat_NoHysteresis.xml
----------------- Instantiating /home/travis/build/icyphy/ptII/ptolemy/domains/modal/test/auto/Thermostat_NoHysteresis.xml
48 ms. Memory: 272384K Free: 97052K (36%)
----------------- Invoking toplevel() on ptolemy.moml.MoMLSimpleApplication@61657d06
----------------- Done invoking toplevel() on ptolemy.moml.MoMLSimpleApplication@61657d06
reloadAllAccessors: .Thermostat_NoHysteresis

===========================================================================================
----------------- testing Fri Oct 18 06:00:35 UTC 2019 /home/travis/build/icyphy/ptII/ptolemy/domains/modal/test/auto/TimedFSM.xml
----------------- Instantiating /home/travis/build/icyphy/ptII/ptolemy/domains/modal/test/auto/TimedFSM.xml
10 ms. Memory: 272384K Free: 243857K (90%)
----------------- Invoking toplevel() on ptolemy.moml.MoMLSimpleApplication@33a08840
----------------- Done invoking toplevel() on ptolemy.moml.MoMLSimpleApplication@33a08840
reloadAllAccessors: .TimedFSM

===========================================================================================
----------------- testing Fri Oct 18 06:00:35 UTC 2019 /home/travis/build/icyphy/ptII/ptolemy/domains/modal/test/auto/Timeout1.xml
----------------- Instantiating /home/travis/build/icyphy/ptII/ptolemy/domains/modal/test/auto/Timeout1.xml
3 ms. Memory: 272384K Free: 238209K (87%)
----------------- Invoking toplevel() on ptolemy.moml.MoMLSimpleApplication@34e6678a
----------------- Done invoking toplevel() on ptolemy.moml.MoMLSimpleApplication@34e6678a
reloadAllAccessors: .Timeout1

===========================================================================================
----------------- testing Fri Oct 18 06:00:35 UTC 2019 /home/travis/build/icyphy/ptII/ptolemy/domains/modal/test/auto/Timeout2.xml
----------------- Instantiating /home/travis/build/icyphy/ptII/ptolemy/domains/modal/test/auto/Timeout2.xml
9 ms. Memory: 272384K Free: 229521K (84%)
----------------- Invoking toplevel() on ptolemy.moml.MoMLSimpleApplication@12d1bc99
----------------- Done invoking toplevel() on ptolemy.moml.MoMLSimpleApplication@12d1bc99
reloadAllAccessors: .Timeout2

===========================================================================================
----------------- testing Fri Oct 18 06:00:35 UTC 2019 /home/travis/build/icyphy/ptII/ptolemy/domains/modal/test/auto/Timeout3.xml
----------------- Instantiating /home/travis/build/icyphy/ptII/ptolemy/domains/modal/test/auto/Timeout3.xml
2 ms. Memory: 272384K Free: 224401K (82%)
----------------- Invoking toplevel() on ptolemy.moml.MoMLSimpleApplication@7a861acc
----------------- Done invoking toplevel() on ptolemy.moml.MoMLSimpleApplication@7a861acc
reloadAllAccessors: .Timeout3

===========================================================================================
----------------- testing Fri Oct 18 06:00:35 UTC 2019 /home/travis/build/icyphy/ptII/ptolemy/domains/modal/test/auto/Timeout4.xml
----------------- Instantiating /home/travis/build/icyphy/ptII/ptolemy/domains/modal/test/auto/Timeout4.xml
11 ms. Memory: 272384K Free: 219281K (81%)
----------------- Invoking toplevel() on ptolemy.moml.MoMLSimpleApplication@4f813eaf
----------------- Done invoking toplevel() on ptolemy.moml.MoMLSimpleApplication@4f813eaf
reloadAllAccessors: .Timeout4

===========================================================================================
----------------- testing Fri Oct 18 06:00:35 UTC 2019 /home/travis/build/icyphy/ptII/ptolemy/domains/modal/test/auto/TransientstateModelAdvanced.xml
----------------- Instantiating /home/travis/build/icyphy/ptII/ptolemy/domains/modal/test/auto/TransientstateModelAdvanced.xml
4 ms. Memory: 272384K Free: 206993K (76%)
----------------- Invoking toplevel() on ptolemy.moml.MoMLSimpleApplication@7bb0c00f
----------------- Done invoking toplevel() on ptolemy.moml.MoMLSimpleApplication@7bb0c00f
reloadAllAccessors: .TransientstateModelAdvanced

===========================================================================================
----------------- testing Fri Oct 18 06:00:35 UTC 2019 /home/travis/build/icyphy/ptII/ptolemy/domains/modal/test/auto/TransientstateModelAdvanced2.xml
----------------- Instantiating /home/travis/build/icyphy/ptII/ptolemy/domains/modal/test/auto/TransientstateModelAdvanced2.xml
3 ms. Memory: 272384K Free: 192657K (71%)
----------------- Invoking toplevel() on ptolemy.moml.MoMLSimpleApplication@6da539e6
----------------- Done invoking toplevel() on ptolemy.moml.MoMLSimpleApplication@6da539e6
reloadAllAccessors: .transientstatemodelAdvanced

===========================================================================================
----------------- testing Fri Oct 18 06:00:35 UTC 2019 /home/travis/build/icyphy/ptII/ptolemy/domains/modal/test/auto/TransitionRefinements.xml
----------------- Instantiating /home/travis/build/icyphy/ptII/ptolemy/domains/modal/test/auto/TransitionRefinements.xml
8 ms. Memory: 272384K Free: 182913K (67%)
----------------- Invoking toplevel() on ptolemy.moml.MoMLSimpleApplication@417b8808
----------------- Done invoking toplevel() on ptolemy.moml.MoMLSimpleApplication@417b8808
reloadAllAccessors: .TransitionRefinements

===========================================================================================
----------------- testing Fri Oct 18 06:00:35 UTC 2019 /home/travis/build/icyphy/ptII/ptolemy/domains/modal/test/auto/TwoRefinements1.xml
----------------- Instantiating /home/travis/build/icyphy/ptII/ptolemy/domains/modal/test/auto/TwoRefinements1.xml
3 ms. Memory: 272384K Free: 173201K (64%)
----------------- Invoking toplevel() on ptolemy.moml.MoMLSimpleApplication@14a14680
----------------- Done invoking toplevel() on ptolemy.moml.MoMLSimpleApplication@14a14680
reloadAllAccessors: .TwoRefinements1

===========================================================================================
----------------- testing Fri Oct 18 06:00:35 UTC 2019 /home/travis/build/icyphy/ptII/ptolemy/domains/modal/test/auto/TwoRefinements2.xml
----------------- Instantiating /home/travis/build/icyphy/ptII/ptolemy/domains/modal/test/auto/TwoRefinements2.xml
2 ms. Memory: 272384K Free: 162961K (60%)
----------------- Invoking toplevel() on ptolemy.moml.MoMLSimpleApplication@592071eb
----------------- Done invoking toplevel() on ptolemy.moml.MoMLSimpleApplication@592071eb
reloadAllAccessors: .TwoRefinements2

===========================================================================================
----------------- testing Fri Oct 18 06:00:35 UTC 2019 /home/travis/build/icyphy/ptII/ptolemy/domains/modal/test/auto/WeakImmediateTransition.xml
----------------- Instantiating /home/travis/build/icyphy/ptII/ptolemy/domains/modal/test/auto/WeakImmediateTransition.xml
4 ms. Memory: 272384K Free: 154255K (57%)
----------------- Invoking toplevel() on ptolemy.moml.MoMLSimpleApplication@71e7e5fa
----------------- Done invoking toplevel() on ptolemy.moml.MoMLSimpleApplication@71e7e5fa
reloadAllAccessors: .WeakImmediateTransition

===========================================================================================
----------------- testing Fri Oct 18 06:00:35 UTC 2019 /home/travis/build/icyphy/ptII/ptolemy/domains/modal/test/auto/booleanSelect.xml
----------------- Instantiating /home/travis/build/icyphy/ptII/ptolemy/domains/modal/test/auto/booleanSelect.xml
48 ms. Memory: 272384K Free: 135817K (50%)
----------------- Invoking toplevel() on ptolemy.moml.MoMLSimpleApplication@309d3053
----------------- Done invoking toplevel() on ptolemy.moml.MoMLSimpleApplication@309d3053
reloadAllAccessors: .booleanSelect

===========================================================================================
----------------- testing Fri Oct 18 06:00:35 UTC 2019 /home/travis/build/icyphy/ptII/ptolemy/domains/modal/test/auto/modalChangingParams.xml
----------------- Instantiating /home/travis/build/icyphy/ptII/ptolemy/domains/modal/test/auto/modalChangingParams.xml
0
1
0
2
4
6
8
7
0
2
4
6
8
13
0
2
4
6
8
19
0
2
4
6
8
25
0
2
4
6
8
31
0
2
4
6
8
37
0
2
4
6
8
43
0
2
4
6
8
49
0
2
4
6
8
55
0
2
4
6
8
61
0
2
4
6
8
67
0
2
4
6
8
73
0
2
4
6
8
79
0
2
4
6
8
85
0
2
4
6
8
91
0
2
4
6
8
97
0
2
4
6
8
103
0
2
4
6
8
109
0
2
4
6
8
115
0
2
4
6
8
121
0
2
4
6
8
127
0
2
4
6
8
133
0
2
4
6
8
139
0
2
4
6
8
145
0
2
4
6
8
151
0
2
4
6
8
157
0
2
4
6
8
163
0
2
4
6
8
169
0
2
4
6
8
175
0
2
4
6
8
181
0
2
4
6
8
187
0
2
4
6
8
193
0
2
4
6
8
199
0
2
4
6
8
205
0
2
4
6
8
211
0
2
4
6
8
217
0
2
4
6
8
223
0
2
4
6
8
229
0
2
4
6
8
235
0
2
4
6
8
241
0
2
4
6
8
247
0
2
4
6
8
253
0
2
4
6
8
259
0
2
4
6
8
265
0
2
4
6
8
271
0
2
4
6
8
277
0
2
4
6
8
283
0
2
4
6
8
289
0
2
4
6
8
295
0
2
4
6
8
301
0
2
4
6
8
307
0
2
4
6
8
313
0
2
4
6
8
319
0
2
4
6
8
325
0
2
4
6
8
331
0
2
4
6
8
337
0
2
4
6
8
343
0
2
4
6
8
349
0
2
4
6
8
355
0
2
4
6
8
361
0
2
4
6
8
367
0
2
4
6
8
373
0
2
4
6
8
379
0
2
4
6
8
385
0
2
4
6
8
391
0
2
4
6
8
397
0
2
4
6
8
403
0
2
4
6
8
409
0
2
4
6
8
415
0
2
4
6
8
421
0
2
4
6
8
427
0
2
4
6
8
433
0
2
4
6
8
439
0
2
4
6
8
445
0
2
4
6
8
451
0
2
4
6
8
457
0
2
4
6
8
463
0
2
4
6
8
469
0
2
4
6
8
475
0
2
4
6
8
481
0
2
4
6
8
487
0
2
4
6
8
493
0
2
4
6
8
499
0
2
4
6
8
505
0
2
4
6
8
511
0
2
4
6
8
517
0
2
4
6
8
523
0
2
4
6
8
529
0
2
4
6
8
535
0
2
4
6
8
541
0
2
4
6
8
547
0
2
4
6
8
553
0
2
4
6
8
559
0
2
4
6
8
565
0
2
4
6
8
571
0
2
4
6
8
577
0
2
4
6
8
583
0
2
4
6
8
589
0
2
4
6
8
595
0
2
4
6
8
601
0
2
4
6
8
607
0
2
4
6
8
613
0
2
4
6
8
619
0
2
4
6
8
625
0
2
4
6
8
631
0
2
4
6
8
637
0
2
4
6
8
643
0
2
4
6
8
649
0
2
4
6
8
655
0
2
4
6
8
661
0
2
4
6
8
667
0
2
4
6
8
673
0
2
4
6
8
679
0
2
4
6
8
685
0
2
4
6
8
691
0
2
4
6
8
697
0
2
4
6
8
703
0
2
4
6
8
709
0
2
4
6
8
715
0
2
4
6
8
721
0
2
4
6
8
727
0
2
4
6
8
733
0
2
4
6
8
739
0
2
4
6
8
745
0
2
4
6
8
751
0
2
4
6
8
757
0
2
4
6
8
763
0
2
4
6
8
769
0
2
4
6
8
775
0
2
4
6
8
781
0
2
4
6
8
787
0
2
4
6
8
793
0
2
4
6
8
799
0
2
4
6
8
805
0
2
4
6
8
811
0
2
4
6
8
817
0
2
4
6
8
823
0
2
4
6
8
829
0
2
4
6
8
835
0
2
4
6
8
841
0
2
4
6
8
847
0
2
4
6
8
853
0
2
4
6
8
859
0
2
4
6
8
865
0
2
4
6
8
871
0
2
4
6
8
877
0
2
4
6
8
883
0
2
4
6
8
889
0
2
4
6
8
895
0
2
4
6
8
901
0
2
4
6
8
907
0
2
4
6
8
913
0
2
4
6
8
919
0
2
4
6
8
925
0
2
4
6
8
931
0
2
4
6
8
937
0
2
4
6
8
943
0
2
4
6
8
949
0
2
4
6
8
955
0
2
4
6
8
961
0
2
4
6
8
967
0
2
4
6
8
973
0
2
4
6
8
979
0
2
4
6
8
985
0
2
4
6
8
991
0
2
4
6
8
997
0
2
353 ms. Memory: 352256K Free: 261468K (74%)
----------------- Invoking toplevel() on ptolemy.moml.MoMLSimpleApplication@79a4eeff
----------------- Done invoking toplevel() on ptolemy.moml.MoMLSimpleApplication@79a4eeff
reloadAllAccessors: .modalChangingParams

===========================================================================================
----------------- testing Fri Oct 18 06:00:36 UTC 2019 /home/travis/build/icyphy/ptII/ptolemy/domains/modal/test/auto/modalModel.xml
----------------- Instantiating /home/travis/build/icyphy/ptII/ptolemy/domains/modal/test/auto/modalModel.xml
15 ms. Memory: 352256K Free: 252252K (72%)
----------------- Invoking toplevel() on ptolemy.moml.MoMLSimpleApplication@68d604ec
----------------- Done invoking toplevel() on ptolemy.moml.MoMLSimpleApplication@68d604ec
reloadAllAccessors: .modalModel

===========================================================================================
----------------- testing Fri Oct 18 06:00:36 UTC 2019 /home/travis/build/icyphy/ptII/ptolemy/domains/modal/test/auto/modalModel2.xml
----------------- Instantiating /home/travis/build/icyphy/ptII/ptolemy/domains/modal/test/auto/modalModel2.xml
9 ms. Memory: 352256K Free: 241498K (69%)
----------------- Invoking toplevel() on ptolemy.moml.MoMLSimpleApplication@27a4e884
----------------- Done invoking toplevel() on ptolemy.moml.MoMLSimpleApplication@27a4e884
reloadAllAccessors: .modalModel2

===========================================================================================
----------------- testing Fri Oct 18 06:00:36 UTC 2019 /home/travis/build/icyphy/ptII/ptolemy/domains/modal/test/auto/modalModel3.xml
----------------- Instantiating /home/travis/build/icyphy/ptII/ptolemy/domains/modal/test/auto/modalModel3.xml
0	0	0
3	2	1
6	4	2
9	6	3
4	0	4
7	2	5
10	4	6
13	6	7
8	0	8
11	2	9
14	4	10
17	6	11
12	0	12
15	2	13
18	4	14
18 ms. Memory: 352256K Free: 226652K (64%)
----------------- Invoking toplevel() on ptolemy.moml.MoMLSimpleApplication@262e1da5
----------------- Done invoking toplevel() on ptolemy.moml.MoMLSimpleApplication@262e1da5
reloadAllAccessors: .modalModel3

===========================================================================================
----------------- testing Fri Oct 18 06:00:36 UTC 2019 /home/travis/build/icyphy/ptII/ptolemy/domains/modal/test/auto/model1.xml
----------------- Instantiating /home/travis/build/icyphy/ptII/ptolemy/domains/modal/test/auto/model1.xml
15 ms. Memory: 352256K Free: 220508K (63%)
----------------- Invoking toplevel() on ptolemy.moml.MoMLSimpleApplication@47f9f800
----------------- Done invoking toplevel() on ptolemy.moml.MoMLSimpleApplication@47f9f800
reloadAllAccessors: .model1

===========================================================================================
----------------- testing Fri Oct 18 06:00:36 UTC 2019 /home/travis/build/icyphy/ptII/ptolemy/domains/modal/test/auto/test-direct-in-out.xml
----------------- Instantiating /home/travis/build/icyphy/ptII/ptolemy/domains/modal/test/auto/test-direct-in-out.xml
6 ms. Memory: 352256K Free: 212316K (60%)
----------------- Invoking toplevel() on ptolemy.moml.MoMLSimpleApplication@60a55ddf
----------------- Done invoking toplevel() on ptolemy.moml.MoMLSimpleApplication@60a55ddf
reloadAllAccessors: .test-direct-in-out
AutoTests.java: About to close Vertx.
AutoTests.java: Vertx closed.
]]></system-out>
  <system-err><![CDATA[java.lang.RuntimeException: Execution failed
	at ptolemy.moml.MoMLSimpleApplication$UnloadThread.run(MoMLSimpleApplication.java:402)
Caused by: ptolemy.kernel.util.IllegalActionException: Unknown inputs remain. Possible causality loop:
L_model_1893289564i

  in .CannotAnalysisWithPreemption.model_1893289564_region_1 and .CannotAnalysisWithPreemption.model_1893289564_region_1.L_model_1893289564i
	at ptolemy.actor.sched.FixedPointDirector.postfire(FixedPointDirector.java:515)
	at ptolemy.domains.sr.kernel.SRDirector.postfire(SRDirector.java:417)
	at ptolemy.actor.CompositeActor.postfire(CompositeActor.java:1668)
	at ptolemy.actor.Manager.iterate(Manager.java:852)
	at ptolemy.actor.Manager.execute(Manager.java:369)
	at ptolemy.actor.Manager.run(Manager.java:1263)
	at ptolemy.actor.Manager$PtolemyRunThread.run(Manager.java:1933)
java.lang.reflect.InvocationTargetException
	at java.base/jdk.internal.reflect.NativeConstructorAccessorImpl.newInstance0(Native Method)
	at java.base/jdk.internal.reflect.NativeConstructorAccessorImpl.newInstance(NativeConstructorAccessorImpl.java:62)
	at java.base/jdk.internal.reflect.DelegatingConstructorAccessorImpl.newInstance(DelegatingConstructorAccessorImpl.java:45)
	at java.base/java.lang.reflect.Constructor.newInstance(Constructor.java:490)
	at ptolemy.util.test.junit.AutoKnownFailedTests.RunModel(AutoKnownFailedTests.java:105)
	at java.base/jdk.internal.reflect.NativeMethodAccessorImpl.invoke0(Native Method)
	at java.base/jdk.internal.reflect.NativeMethodAccessorImpl.invoke(NativeMethodAccessorImpl.java:62)
	at java.base/jdk.internal.reflect.DelegatingMethodAccessorImpl.invoke(DelegatingMethodAccessorImpl.java:43)
	at java.base/java.lang.reflect.Method.invoke(Method.java:566)
	at org.junit.runners.model.FrameworkMethod$1.runReflectiveCall(FrameworkMethod.java:44)
	at org.junit.internal.runners.model.ReflectiveCallable.run(ReflectiveCallable.java:15)
	at org.junit.runners.model.FrameworkMethod.invokeExplosively(FrameworkMethod.java:41)
	at junitparams.internal.InvokeParameterisedMethod.evaluate(InvokeParameterisedMethod.java:102)
	at org.junit.internal.runners.statements.FailOnTimeout$1.run(FailOnTimeout.java:28)
Caused by: ptolemy.kernel.util.IllegalActionException: Unknown inputs remain. Possible causality loop:
L_model_1893289564i

  in .CannotAnalysisWithPreemption.model_1893289564_region_1 and .CannotAnalysisWithPreemption.model_1893289564_region_1.L_model_1893289564i
	at ptolemy.actor.sched.FixedPointDirector.postfire(FixedPointDirector.java:515)
	at ptolemy.domains.sr.kernel.SRDirector.postfire(SRDirector.java:417)
	at ptolemy.actor.CompositeActor.postfire(CompositeActor.java:1668)
	at ptolemy.actor.Manager.iterate(Manager.java:852)
	at ptolemy.actor.Manager.execute(Manager.java:369)
	at ptolemy.actor.Manager.run(Manager.java:1263)
	at ptolemy.actor.Manager$PtolemyRunThread.run(Manager.java:1933)
]]></system-err>
</testsuite>
