<?xml version="1.0" encoding="UTF-8" ?>
<testsuite errors="0" failures="0" hostname="travis-job-467a7755-0cf7-440e-9be0-20ebe0d925a3" name="ptolemy.domains.continuous.test.junit.JUnitTclTest" skipped="0" tests="155" time="77.252" timestamp="2018-09-22T02:12:30">
  <properties>
[...]
</properties>
  <testcase classname="ptolemy.util.test.junit.TclTests" name="[0] ThereAreNoTclTests (RunTclFile)" time="0.001" />
  <testcase classname="ptolemy.util.test.junit.AutoKnownFailedTests" name="[0] ThereAreNoKnowFailedTests (RunModel)" time="0.001" />
  <testcase classname="ptolemy.util.test.junit.AutoNameArchTests" name="[0] ThereAreNoAutoArchTests (RunModel)" time="0.001" />
  <testcase classname="ptolemy.util.test.junit.AutoTests" name="[0] /home/travis/build/icyphy/ptII/ptolemy/domains/continuous/test/auto/BouncingBall.xml (RunModel)" time="3.199" />
  <testcase classname="ptolemy.util.test.junit.AutoTests" name="[1] /home/travis/build/icyphy/ptII/ptolemy/domains/continuous/test/auto/BouncingBallWithoutGR.xml (RunModel)" time="1.068" />
  <testcase classname="ptolemy.util.test.junit.AutoTests" name="[2] /home/travis/build/icyphy/ptII/ptolemy/domains/continuous/test/auto/Brownian.xml (RunModel)" time="0.093" />
  <testcase classname="ptolemy.util.test.junit.AutoTests" name="[3] /home/travis/build/icyphy/ptII/ptolemy/domains/continuous/test/auto/CarTracking.xml (RunModel)" time="4.057" />
  <testcase classname="ptolemy.util.test.junit.AutoTests" name="[4] /home/travis/build/icyphy/ptII/ptolemy/domains/continuous/test/auto/CartPendulum.xml (RunModel)" time="0.462" />
  <testcase classname="ptolemy.util.test.junit.AutoTests" name="[5] /home/travis/build/icyphy/ptII/ptolemy/domains/continuous/test/auto/CausalityInterface10.xml (RunModel)" time="0.062" />
  <testcase classname="ptolemy.util.test.junit.AutoTests" name="[6] /home/travis/build/icyphy/ptII/ptolemy/domains/continuous/test/auto/CausalityInterface11.xml (RunModel)" time="0.021" />
  <testcase classname="ptolemy.util.test.junit.AutoTests" name="[7] /home/travis/build/icyphy/ptII/ptolemy/domains/continuous/test/auto/CausalityInterface12.xml (RunModel)" time="0.042" />
  <testcase classname="ptolemy.util.test.junit.AutoTests" name="[8] /home/travis/build/icyphy/ptII/ptolemy/domains/continuous/test/auto/CausalityInterface13.xml (RunModel)" time="0.047" />
  <testcase classname="ptolemy.util.test.junit.AutoTests" name="[9] /home/travis/build/icyphy/ptII/ptolemy/domains/continuous/test/auto/CausalityInterface14.xml (RunModel)" time="0.033" />
  <testcase classname="ptolemy.util.test.junit.AutoTests" name="[10] /home/travis/build/icyphy/ptII/ptolemy/domains/continuous/test/auto/CausalityInterface4.xml (RunModel)" time="0.035" />
  <testcase classname="ptolemy.util.test.junit.AutoTests" name="[11] /home/travis/build/icyphy/ptII/ptolemy/domains/continuous/test/auto/CausalityInterface5.xml (RunModel)" time="0.055" />
  <testcase classname="ptolemy.util.test.junit.AutoTests" name="[12] /home/travis/build/icyphy/ptII/ptolemy/domains/continuous/test/auto/CausalityInterface6.xml (RunModel)" time="0.021" />
  <testcase classname="ptolemy.util.test.junit.AutoTests" name="[13] /home/travis/build/icyphy/ptII/ptolemy/domains/continuous/test/auto/CausalityInterface7.xml (RunModel)" time="0.047" />
  <testcase classname="ptolemy.util.test.junit.AutoTests" name="[14] /home/travis/build/icyphy/ptII/ptolemy/domains/continuous/test/auto/CausalityInterface8.xml (RunModel)" time="0.057" />
  <testcase classname="ptolemy.util.test.junit.AutoTests" name="[15] /home/travis/build/icyphy/ptII/ptolemy/domains/continuous/test/auto/CausalityInterface9.xml (RunModel)" time="0.059" />
  <testcase classname="ptolemy.util.test.junit.AutoTests" name="[16] /home/travis/build/icyphy/ptII/ptolemy/domains/continuous/test/auto/CausalityInterfaceFeedback1.xml (RunModel)" time="0.038" />
  <testcase classname="ptolemy.util.test.junit.AutoTests" name="[17] /home/travis/build/icyphy/ptII/ptolemy/domains/continuous/test/auto/CausalityInterfaceFeedback2.xml (RunModel)" time="0.043" />
  <testcase classname="ptolemy.util.test.junit.AutoTests" name="[18] /home/travis/build/icyphy/ptII/ptolemy/domains/continuous/test/auto/CompareWithCurrentTime.xml (RunModel)" time="0.031" />
  <testcase classname="ptolemy.util.test.junit.AutoTests" name="[19] /home/travis/build/icyphy/ptII/ptolemy/domains/continuous/test/auto/ComparedClocks.xml (RunModel)" time="0.088" />
  <testcase classname="ptolemy.util.test.junit.AutoTests" name="[20] /home/travis/build/icyphy/ptII/ptolemy/domains/continuous/test/auto/ContinuousAOCClone.xml (RunModel)" time="2.804" />
  <testcase classname="ptolemy.util.test.junit.AutoTests" name="[21] /home/travis/build/icyphy/ptII/ptolemy/domains/continuous/test/auto/ContinuousClock.xml (RunModel)" time="0.093" />
  <testcase classname="ptolemy.util.test.junit.AutoTests" name="[22] /home/travis/build/icyphy/ptII/ptolemy/domains/continuous/test/auto/ContinuousInContinuous.xml (RunModel)" time="0.102" />
  <testcase classname="ptolemy.util.test.junit.AutoTests" name="[23] /home/travis/build/icyphy/ptII/ptolemy/domains/continuous/test/auto/ContinuousInContinuousInContinuous.xml (RunModel)" time="0.03" />
  <testcase classname="ptolemy.util.test.junit.AutoTests" name="[24] /home/travis/build/icyphy/ptII/ptolemy/domains/continuous/test/auto/ContinuousInDE.xml (RunModel)" time="0.171" />
  <testcase classname="ptolemy.util.test.junit.AutoTests" name="[25] /home/travis/build/icyphy/ptII/ptolemy/domains/continuous/test/auto/ContinuousInDE2.xml (RunModel)" time="0.079" />
  <testcase classname="ptolemy.util.test.junit.AutoTests" name="[26] /home/travis/build/icyphy/ptII/ptolemy/domains/continuous/test/auto/ContinuousInDE3.xml (RunModel)" time="0.083" />
  <testcase classname="ptolemy.util.test.junit.AutoTests" name="[27] /home/travis/build/icyphy/ptII/ptolemy/domains/continuous/test/auto/ContinuousInDE4.xml (RunModel)" time="0.039" />
  <testcase classname="ptolemy.util.test.junit.AutoTests" name="[28] /home/travis/build/icyphy/ptII/ptolemy/domains/continuous/test/auto/ContinuousInDEDifferentRefinements.xml (RunModel)" time="0.145" />
  <testcase classname="ptolemy.util.test.junit.AutoTests" name="[29] /home/travis/build/icyphy/ptII/ptolemy/domains/continuous/test/auto/ContinuousInDEDifferentRefinementsPreemptive.xml (RunModel)" time="0.105" />
  <testcase classname="ptolemy.util.test.junit.AutoTests" name="[30] /home/travis/build/icyphy/ptII/ptolemy/domains/continuous/test/auto/ContinuousInDEInContinuous2.xml (RunModel)" time="0.071" />
  <testcase classname="ptolemy.util.test.junit.AutoTests" name="[31] /home/travis/build/icyphy/ptII/ptolemy/domains/continuous/test/auto/ContinuousInDEInContinuous3.xml (RunModel)" time="0.078" />
  <testcase classname="ptolemy.util.test.junit.AutoTests" name="[32] /home/travis/build/icyphy/ptII/ptolemy/domains/continuous/test/auto/ContinuousInDEInput.xml (RunModel)" time="0.037" />
  <testcase classname="ptolemy.util.test.junit.AutoTests" name="[33] /home/travis/build/icyphy/ptII/ptolemy/domains/continuous/test/auto/ContinuousInDEInput2.xml (RunModel)" time="0.038" />
  <testcase classname="ptolemy.util.test.junit.AutoTests" name="[34] /home/travis/build/icyphy/ptII/ptolemy/domains/continuous/test/auto/ContinuousInDEInput3.xml (RunModel)" time="0.031" />
  <testcase classname="ptolemy.util.test.junit.AutoTests" name="[35] /home/travis/build/icyphy/ptII/ptolemy/domains/continuous/test/auto/ContinuousInDESharingRefinement.xml (RunModel)" time="0.217" />
  <testcase classname="ptolemy.util.test.junit.AutoTests" name="[36] /home/travis/build/icyphy/ptII/ptolemy/domains/continuous/test/auto/ContinuousInDEwithNoPorts.xml (RunModel)" time="0.021" />
  <testcase classname="ptolemy.util.test.junit.AutoTests" name="[37] /home/travis/build/icyphy/ptII/ptolemy/domains/continuous/test/auto/ContinuousInsideDE.xml (RunModel)" time="0.122" />
  <testcase classname="ptolemy.util.test.junit.AutoTests" name="[38] /home/travis/build/icyphy/ptII/ptolemy/domains/continuous/test/auto/ContinuousMerge1.xml (RunModel)" time="0.017" />
  <testcase classname="ptolemy.util.test.junit.AutoTests" name="[39] /home/travis/build/icyphy/ptII/ptolemy/domains/continuous/test/auto/ContinuousMerge2.xml (RunModel)" time="0.053" />
  <testcase classname="ptolemy.util.test.junit.AutoTests" name="[40] /home/travis/build/icyphy/ptII/ptolemy/domains/continuous/test/auto/ContinuousMerge3.xml (RunModel)" time="0.078" />
  <testcase classname="ptolemy.util.test.junit.AutoTests" name="[41] /home/travis/build/icyphy/ptII/ptolemy/domains/continuous/test/auto/ContinuousWithinContinuous.xml (RunModel)" time="0.06" />
  <testcase classname="ptolemy.util.test.junit.AutoTests" name="[42] /home/travis/build/icyphy/ptII/ptolemy/domains/continuous/test/auto/ContinuousWithinContinuous2.xml (RunModel)" time="0.091" />
  <testcase classname="ptolemy.util.test.junit.AutoTests" name="[43] /home/travis/build/icyphy/ptII/ptolemy/domains/continuous/test/auto/ContinuousWithinContinuous3.xml (RunModel)" time="0.032" />
  <testcase classname="ptolemy.util.test.junit.AutoTests" name="[44] /home/travis/build/icyphy/ptII/ptolemy/domains/continuous/test/auto/ContinuousWithinContinuous4.xml (RunModel)" time="0.11" />
  <testcase classname="ptolemy.util.test.junit.AutoTests" name="[45] /home/travis/build/icyphy/ptII/ptolemy/domains/continuous/test/auto/ContinuousWithinContinuous5.xml (RunModel)" time="0.037" />
  <testcase classname="ptolemy.util.test.junit.AutoTests" name="[46] /home/travis/build/icyphy/ptII/ptolemy/domains/continuous/test/auto/ContinuousWithinContinuous6.xml (RunModel)" time="0.036" />
  <testcase classname="ptolemy.util.test.junit.AutoTests" name="[47] /home/travis/build/icyphy/ptII/ptolemy/domains/continuous/test/auto/ContinuousWithinContinuous7.xml (RunModel)" time="0.082" />
  <testcase classname="ptolemy.util.test.junit.AutoTests" name="[48] /home/travis/build/icyphy/ptII/ptolemy/domains/continuous/test/auto/DCMotor.xml (RunModel)" time="13.15" />
  <testcase classname="ptolemy.util.test.junit.AutoTests" name="[49] /home/travis/build/icyphy/ptII/ptolemy/domains/continuous/test/auto/DEInContinuous.xml (RunModel)" time="0.037" />
  <testcase classname="ptolemy.util.test.junit.AutoTests" name="[50] /home/travis/build/icyphy/ptII/ptolemy/domains/continuous/test/auto/DEinContinuous2.xml (RunModel)" time="0.033" />
  <testcase classname="ptolemy.util.test.junit.AutoTests" name="[51] /home/travis/build/icyphy/ptII/ptolemy/domains/continuous/test/auto/Derivative.xml (RunModel)" time="0.214" />
  <testcase classname="ptolemy.util.test.junit.AutoTests" name="[52] /home/travis/build/icyphy/ptII/ptolemy/domains/continuous/test/auto/Derivative1.xml (RunModel)" time="0.052" />
  <testcase classname="ptolemy.util.test.junit.AutoTests" name="[53] /home/travis/build/icyphy/ptII/ptolemy/domains/continuous/test/auto/DiscreteClock.xml (RunModel)" time="0.015" />
  <testcase classname="ptolemy.util.test.junit.AutoTests" name="[54] /home/travis/build/icyphy/ptII/ptolemy/domains/continuous/test/auto/EfficiencyCurve.xml (RunModel)" time="0.141" />
  <testcase classname="ptolemy.util.test.junit.AutoTests" name="[55] /home/travis/build/icyphy/ptII/ptolemy/domains/continuous/test/auto/ExponentialResponse.xml (RunModel)" time="0.15" />
  <testcase classname="ptolemy.util.test.junit.AutoTests" name="[56] /home/travis/build/icyphy/ptII/ptolemy/domains/continuous/test/auto/ExponentialResponseRK45.xml (RunModel)" time="0.047" />
  <testcase classname="ptolemy.util.test.junit.AutoTests" name="[57] /home/travis/build/icyphy/ptII/ptolemy/domains/continuous/test/auto/Friction.xml (RunModel)" time="1.637" />
  <testcase classname="ptolemy.util.test.junit.AutoTests" name="[58] /home/travis/build/icyphy/ptII/ptolemy/domains/continuous/test/auto/FurutaPendulum.xml (RunModel)" time="3.308" />
  <testcase classname="ptolemy.util.test.junit.AutoTests" name="[59] /home/travis/build/icyphy/ptII/ptolemy/domains/continuous/test/auto/HierarchicalExecution.xml (RunModel)" time="2.481" />
  <testcase classname="ptolemy.util.test.junit.AutoTests" name="[60] /home/travis/build/icyphy/ptII/ptolemy/domains/continuous/test/auto/HybridPlant.xml (RunModel)" time="0.698" />
  <testcase classname="ptolemy.util.test.junit.AutoTests" name="[61] /home/travis/build/icyphy/ptII/ptolemy/domains/continuous/test/auto/Hysteresis.xml (RunModel)" time="0.214" />
  <testcase classname="ptolemy.util.test.junit.AutoTests" name="[62] /home/travis/build/icyphy/ptII/ptolemy/domains/continuous/test/auto/HysteresisWithRandomDelay.xml (RunModel)" time="0.28" />
  <testcase classname="ptolemy.util.test.junit.AutoTests" name="[63] /home/travis/build/icyphy/ptII/ptolemy/domains/continuous/test/auto/HysteresisWithRandomLosses.xml (RunModel)" time="3.023" />
  <testcase classname="ptolemy.util.test.junit.AutoTests" name="[64] /home/travis/build/icyphy/ptII/ptolemy/domains/continuous/test/auto/ImmediateTransitions.xml (RunModel)" time="0.034" />
  <testcase classname="ptolemy.util.test.junit.AutoTests" name="[65] /home/travis/build/icyphy/ptII/ptolemy/domains/continuous/test/auto/ImpulseFeedback.xml (RunModel)" time="0.029" />
  <testcase classname="ptolemy.util.test.junit.AutoTests" name="[66] /home/travis/build/icyphy/ptII/ptolemy/domains/continuous/test/auto/ImpulseFeedback2.xml (RunModel)" time="0.023" />
  <testcase classname="ptolemy.util.test.junit.AutoTests" name="[67] /home/travis/build/icyphy/ptII/ptolemy/domains/continuous/test/auto/IncreasingRatePoisson.xml (RunModel)" time="0.916" />
  <testcase classname="ptolemy.util.test.junit.AutoTests" name="[68] /home/travis/build/icyphy/ptII/ptolemy/domains/continuous/test/auto/InitialStateFeedback.xml (RunModel)" time="0.016" />
  <testcase classname="ptolemy.util.test.junit.AutoTests" name="[69] /home/travis/build/icyphy/ptII/ptolemy/domains/continuous/test/auto/Integration.xml (RunModel)" time="0.022" />
  <testcase classname="ptolemy.util.test.junit.AutoTests" name="[70] /home/travis/build/icyphy/ptII/ptolemy/domains/continuous/test/auto/Integration2.xml (RunModel)" time="0.096" />
  <testcase classname="ptolemy.util.test.junit.AutoTests" name="[71] /home/travis/build/icyphy/ptII/ptolemy/domains/continuous/test/auto/Integration3.xml (RunModel)" time="0.015" />
  <testcase classname="ptolemy.util.test.junit.AutoTests" name="[72] /home/travis/build/icyphy/ptII/ptolemy/domains/continuous/test/auto/Integration5.xml (RunModel)" time="0.026" />
  <testcase classname="ptolemy.util.test.junit.AutoTests" name="[73] /home/travis/build/icyphy/ptII/ptolemy/domains/continuous/test/auto/IntegratorImpulse.xml (RunModel)" time="0.013" />
  <testcase classname="ptolemy.util.test.junit.AutoTests" name="[74] /home/travis/build/icyphy/ptII/ptolemy/domains/continuous/test/auto/IntegratorImpulse2.xml (RunModel)" time="0.016" />
  <testcase classname="ptolemy.util.test.junit.AutoTests" name="[75] /home/travis/build/icyphy/ptII/ptolemy/domains/continuous/test/auto/LevelCrossing1.xml (RunModel)" time="0.014" />
  <testcase classname="ptolemy.util.test.junit.AutoTests" name="[76] /home/travis/build/icyphy/ptII/ptolemy/domains/continuous/test/auto/LevelCrossing2.xml (RunModel)" time="0.016" />
  <testcase classname="ptolemy.util.test.junit.AutoTests" name="[77] /home/travis/build/icyphy/ptII/ptolemy/domains/continuous/test/auto/LevelCrossing3.xml (RunModel)" time="0.014" />
  <testcase classname="ptolemy.util.test.junit.AutoTests" name="[78] /home/travis/build/icyphy/ptII/ptolemy/domains/continuous/test/auto/LevelCrossing4.xml (RunModel)" time="0.014" />
  <testcase classname="ptolemy.util.test.junit.AutoTests" name="[79] /home/travis/build/icyphy/ptII/ptolemy/domains/continuous/test/auto/LevelCrossing5.xml (RunModel)" time="0.015" />
  <testcase classname="ptolemy.util.test.junit.AutoTests" name="[80] /home/travis/build/icyphy/ptII/ptolemy/domains/continuous/test/auto/LevelCrossing6.xml (RunModel)" time="0.014" />
  <testcase classname="ptolemy.util.test.junit.AutoTests" name="[81] /home/travis/build/icyphy/ptII/ptolemy/domains/continuous/test/auto/LevelCrossingDetector.xml (RunModel)" time="0.056" />
  <testcase classname="ptolemy.util.test.junit.AutoTests" name="[82] /home/travis/build/icyphy/ptII/ptolemy/domains/continuous/test/auto/LevelCrossingDetectorDetectingDirections.xml (RunModel)" time="0.084" />
  <testcase classname="ptolemy.util.test.junit.AutoTests" name="[83] /home/travis/build/icyphy/ptII/ptolemy/domains/continuous/test/auto/LevelCrossingDetectorDetectsGlitches.xml (RunModel)" time="0.065" />
  <testcase classname="ptolemy.util.test.junit.AutoTests" name="[84] /home/travis/build/icyphy/ptII/ptolemy/domains/continuous/test/auto/LevelCrossingNoInitialOuput.xml (RunModel)" time="0.016" />
  <testcase classname="ptolemy.util.test.junit.AutoTests" name="[85] /home/travis/build/icyphy/ptII/ptolemy/domains/continuous/test/auto/LinearStateSpaceExample.xml (RunModel)" time="0.041" />
  <testcase classname="ptolemy.util.test.junit.AutoTests" name="[86] /home/travis/build/icyphy/ptII/ptolemy/domains/continuous/test/auto/Lorenz.xml (RunModel)" time="4.04" />
  <testcase classname="ptolemy.util.test.junit.AutoTests" name="[87] /home/travis/build/icyphy/ptII/ptolemy/domains/continuous/test/auto/LorenzDifferentialSystem.xml (RunModel)" time="1.323" />
  <testcase classname="ptolemy.util.test.junit.AutoTests" name="[88] /home/travis/build/icyphy/ptII/ptolemy/domains/continuous/test/auto/LorenzDifferentialSystemWithInput.xml (RunModel)" time="1.399" />
  <testcase classname="ptolemy.util.test.junit.AutoTests" name="[89] /home/travis/build/icyphy/ptII/ptolemy/domains/continuous/test/auto/LorenzDifferentialSystemWithTime.xml (RunModel)" time="0.818" />
  <testcase classname="ptolemy.util.test.junit.AutoTests" name="[90] /home/travis/build/icyphy/ptII/ptolemy/domains/continuous/test/auto/Microsteps.xml (RunModel)" time="0.022" />
  <testcase classname="ptolemy.util.test.junit.AutoTests" name="[91] /home/travis/build/icyphy/ptII/ptolemy/domains/continuous/test/auto/Modal1.xml (RunModel)" time="0.065" />
  <testcase classname="ptolemy.util.test.junit.AutoTests" name="[92] /home/travis/build/icyphy/ptII/ptolemy/domains/continuous/test/auto/Modal2.xml (RunModel)" time="0.05" />
  <testcase classname="ptolemy.util.test.junit.AutoTests" name="[93] /home/travis/build/icyphy/ptII/ptolemy/domains/continuous/test/auto/ModalTransitionGuardWithReset.xml (RunModel)" time="0.025" />
  <testcase classname="ptolemy.util.test.junit.AutoTests" name="[94] /home/travis/build/icyphy/ptII/ptolemy/domains/continuous/test/auto/ModalTransitionGuardWithResetUsingPreemptiveTransition.xml (RunModel)" time="0.031" />
  <testcase classname="ptolemy.util.test.junit.AutoTests" name="[95] /home/travis/build/icyphy/ptII/ptolemy/domains/continuous/test/auto/ModalTransitionGuardWithResetUsingPreemptiveTransition2.xml (RunModel)" time="0.034" />
  <testcase classname="ptolemy.util.test.junit.AutoTests" name="[96] /home/travis/build/icyphy/ptII/ptolemy/domains/continuous/test/auto/ModalTransitionGuardWithResetUsingPreemptiveTransition3.xml (RunModel)" time="0.043" />
  <testcase classname="ptolemy.util.test.junit.AutoTests" name="[97] /home/travis/build/icyphy/ptII/ptolemy/domains/continuous/test/auto/NewtonsCradle.xml (RunModel)" time="0.881" />
  <testcase classname="ptolemy.util.test.junit.AutoTests" name="[98] /home/travis/build/icyphy/ptII/ptolemy/domains/continuous/test/auto/NewtonsCradleAnimated.xml (RunModel)" time="1.236" />
  <testcase classname="ptolemy.util.test.junit.AutoTests" name="[99] /home/travis/build/icyphy/ptII/ptolemy/domains/continuous/test/auto/NewtonsCradleComplicated.xml (RunModel)" time="0.907" />
  <testcase classname="ptolemy.util.test.junit.AutoTests" name="[100] /home/travis/build/icyphy/ptII/ptolemy/domains/continuous/test/auto/NewtonsCradleNondeterministic.xml (RunModel)" time="0.724" />
  <testcase classname="ptolemy.util.test.junit.AutoTests" name="[101] /home/travis/build/icyphy/ptII/ptolemy/domains/continuous/test/auto/NewtonsCradlePerfectlyInelastic1.xml (RunModel)" time="1.271" />
  <testcase classname="ptolemy.util.test.junit.AutoTests" name="[102] /home/travis/build/icyphy/ptII/ptolemy/domains/continuous/test/auto/Noise.xml (RunModel)" time="0.257" />
  <testcase classname="ptolemy.util.test.junit.AutoTests" name="[103] /home/travis/build/icyphy/ptII/ptolemy/domains/continuous/test/auto/NoiseSpectrum.xml (RunModel)" time="0.848" />
  <testcase classname="ptolemy.util.test.junit.AutoTests" name="[104] /home/travis/build/icyphy/ptII/ptolemy/domains/continuous/test/auto/ParameterizedNewtonsCradleAnimated.xml (RunModel)" time="0.384" />
  <testcase classname="ptolemy.util.test.junit.AutoTests" name="[105] /home/travis/build/icyphy/ptII/ptolemy/domains/continuous/test/auto/ParameterizedNewtonsCradleAnimatedNondeterministic.xml (RunModel)" time="1.201" />
  <testcase classname="ptolemy.util.test.junit.AutoTests" name="[106] /home/travis/build/icyphy/ptII/ptolemy/domains/continuous/test/auto/Pendulum3D.xml (RunModel)" time="0.2" />
  <testcase classname="ptolemy.util.test.junit.AutoTests" name="[107] /home/travis/build/icyphy/ptII/ptolemy/domains/continuous/test/auto/PeriodicSampler.xml (RunModel)" time="0.01" />
  <testcase classname="ptolemy.util.test.junit.AutoTests" name="[108] /home/travis/build/icyphy/ptII/ptolemy/domains/continuous/test/auto/PeriodicSampler1.xml (RunModel)" time="0.05" />
  <testcase classname="ptolemy.util.test.junit.AutoTests" name="[109] /home/travis/build/icyphy/ptII/ptolemy/domains/continuous/test/auto/PeriodicSampler2.xml (RunModel)" time="0.094" />
  <testcase classname="ptolemy.util.test.junit.AutoTests" name="[110] /home/travis/build/icyphy/ptII/ptolemy/domains/continuous/test/auto/Poisson.xml (RunModel)" time="0.531" />
  <testcase classname="ptolemy.util.test.junit.AutoTests" name="[111] /home/travis/build/icyphy/ptII/ptolemy/domains/continuous/test/auto/PoissonClock.xml (RunModel)" time="0.012" />
  <testcase classname="ptolemy.util.test.junit.AutoTests" name="[112] /home/travis/build/icyphy/ptII/ptolemy/domains/continuous/test/auto/PoissonClock2.xml (RunModel)" time="0.013" />
  <testcase classname="ptolemy.util.test.junit.AutoTests" name="[113] /home/travis/build/icyphy/ptII/ptolemy/domains/continuous/test/auto/PortParameterHierarchy.xml (RunModel)" time="0.02" />
  <testcase classname="ptolemy.util.test.junit.AutoTests" name="[114] /home/travis/build/icyphy/ptII/ptolemy/domains/continuous/test/auto/RandomHybridPlant.xml (RunModel)" time="0.567" />
  <testcase classname="ptolemy.util.test.junit.AutoTests" name="[115] /home/travis/build/icyphy/ptII/ptolemy/domains/continuous/test/auto/ResetTransitionWithStartTime1.xml (RunModel)" time="0.033" />
  <testcase classname="ptolemy.util.test.junit.AutoTests" name="[116] /home/travis/build/icyphy/ptII/ptolemy/domains/continuous/test/auto/ResetTransitionWithStartTime2.xml (RunModel)" time="0.041" />
  <testcase classname="ptolemy.util.test.junit.AutoTests" name="[117] /home/travis/build/icyphy/ptII/ptolemy/domains/continuous/test/auto/ResetTransitionWithStartTime3.xml (RunModel)" time="0.043" />
  <testcase classname="ptolemy.util.test.junit.AutoTests" name="[118] /home/travis/build/icyphy/ptII/ptolemy/domains/continuous/test/auto/ResetTransitionWithStartTime4.xml (RunModel)" time="0.027" />
  <testcase classname="ptolemy.util.test.junit.AutoTests" name="[119] /home/travis/build/icyphy/ptII/ptolemy/domains/continuous/test/auto/ResetTransitionWithStartTime5.xml (RunModel)" time="0.043" />
  <testcase classname="ptolemy.util.test.junit.AutoTests" name="[120] /home/travis/build/icyphy/ptII/ptolemy/domains/continuous/test/auto/ResetTransitionWithStartTime6.xml (RunModel)" time="0.045" />
  <testcase classname="ptolemy.util.test.junit.AutoTests" name="[121] /home/travis/build/icyphy/ptII/ptolemy/domains/continuous/test/auto/SRinContinuous.xml (RunModel)" time="0.029" />
  <testcase classname="ptolemy.util.test.junit.AutoTests" name="[122] /home/travis/build/icyphy/ptII/ptolemy/domains/continuous/test/auto/SampledClocks.xml (RunModel)" time="0.017" />
  <testcase classname="ptolemy.util.test.junit.AutoTests" name="[123] /home/travis/build/icyphy/ptII/ptolemy/domains/continuous/test/auto/Satellite.xml (RunModel)" time="0.693" />
  <testcase classname="ptolemy.util.test.junit.AutoTests" name="[124] /home/travis/build/icyphy/ptII/ptolemy/domains/continuous/test/auto/SigmaDelta.xml (RunModel)" time="2.47" />
  <testcase classname="ptolemy.util.test.junit.AutoTests" name="[125] /home/travis/build/icyphy/ptII/ptolemy/domains/continuous/test/auto/SinuBouncingBall.xml (RunModel)" time="0.86" />
  <testcase classname="ptolemy.util.test.junit.AutoTests" name="[126] /home/travis/build/icyphy/ptII/ptolemy/domains/continuous/test/auto/Sinusoid.xml (RunModel)" time="0.02" />
  <testcase classname="ptolemy.util.test.junit.AutoTests" name="[127] /home/travis/build/icyphy/ptII/ptolemy/domains/continuous/test/auto/SinusoidInNoise.xml (RunModel)" time="0.995" />
  <testcase classname="ptolemy.util.test.junit.AutoTests" name="[128] /home/travis/build/icyphy/ptII/ptolemy/domains/continuous/test/auto/SinusoidRK45.xml (RunModel)" time="0.013" />
  <testcase classname="ptolemy.util.test.junit.AutoTests" name="[129] /home/travis/build/icyphy/ptII/ptolemy/domains/continuous/test/auto/SinusoidWithMultipleImpulses.xml (RunModel)" time="0.04" />
  <testcase classname="ptolemy.util.test.junit.AutoTests" name="[130] /home/travis/build/icyphy/ptII/ptolemy/domains/continuous/test/auto/SquareWave.xml (RunModel)" time="0.227" />
  <testcase classname="ptolemy.util.test.junit.AutoTests" name="[131] /home/travis/build/icyphy/ptII/ptolemy/domains/continuous/test/auto/Starmac.xml (RunModel)" time="3.442" />
  <testcase classname="ptolemy.util.test.junit.AutoTests" name="[132] /home/travis/build/icyphy/ptII/ptolemy/domains/continuous/test/auto/StaticUnits.xml (RunModel)" time="2.58" />
  <testcase classname="ptolemy.util.test.junit.AutoTests" name="[133] /home/travis/build/icyphy/ptII/ptolemy/domains/continuous/test/auto/StickyMasses.xml (RunModel)" time="0.175" />
  <testcase classname="ptolemy.util.test.junit.AutoTests" name="[134] /home/travis/build/icyphy/ptII/ptolemy/domains/continuous/test/auto/StopTime.xml (RunModel)" time="0.092" />
  <testcase classname="ptolemy.util.test.junit.AutoTests" name="[135] /home/travis/build/icyphy/ptII/ptolemy/domains/continuous/test/auto/StopTime2.xml (RunModel)" time="0.063" />
  <testcase classname="ptolemy.util.test.junit.AutoTests" name="[136] /home/travis/build/icyphy/ptII/ptolemy/domains/continuous/test/auto/Switch.xml (RunModel)" time="0.07" />
  <testcase classname="ptolemy.util.test.junit.AutoTests" name="[137] /home/travis/build/icyphy/ptII/ptolemy/domains/continuous/test/auto/Thermostat.xml (RunModel)" time="0.235" />
  <testcase classname="ptolemy.util.test.junit.AutoTests" name="[138] /home/travis/build/icyphy/ptII/ptolemy/domains/continuous/test/auto/TimeDelay.xml (RunModel)" time="0.015" />
  <testcase classname="ptolemy.util.test.junit.AutoTests" name="[139] /home/travis/build/icyphy/ptII/ptolemy/domains/continuous/test/auto/TimeDelay2.xml (RunModel)" time="0.035" />
  <testcase classname="ptolemy.util.test.junit.AutoTests" name="[140] /home/travis/build/icyphy/ptII/ptolemy/domains/continuous/test/auto/TimeDelay3.xml (RunModel)" time="0.014" />
  <testcase classname="ptolemy.util.test.junit.AutoTests" name="[141] /home/travis/build/icyphy/ptII/ptolemy/domains/continuous/test/auto/TransferAbsentToInside.xml (RunModel)" time="0.119" />
  <testcase classname="ptolemy.util.test.junit.AutoTests" name="[142] /home/travis/build/icyphy/ptII/ptolemy/domains/continuous/test/auto/Transmission.xml (RunModel)" time="0.902" />
  <testcase classname="ptolemy.util.test.junit.AutoTests" name="[143] /home/travis/build/icyphy/ptII/ptolemy/domains/continuous/test/auto/TriggeredContinuousClock.xml (RunModel)" time="0.077" />
  <testcase classname="ptolemy.util.test.junit.AutoTests" name="[144] /home/travis/build/icyphy/ptII/ptolemy/domains/continuous/test/auto/TwoMachineInfiniteBusControl.xml (RunModel)" time="3.175" />
  <testcase classname="ptolemy.util.test.junit.AutoTests" name="[145] /home/travis/build/icyphy/ptII/ptolemy/domains/continuous/test/auto/V2V.xml (RunModel)" time="0.913" />
  <testcase classname="ptolemy.util.test.junit.AutoTests" name="[146] /home/travis/build/icyphy/ptII/ptolemy/domains/continuous/test/auto/hierarchicalModalModel.xml (RunModel)" time="0.035" />
  <testcase classname="ptolemy.util.test.junit.AutoTests" name="[147] /home/travis/build/icyphy/ptII/ptolemy/domains/continuous/test/auto/hierarchicalModalModel1.xml (RunModel)" time="0.038" />
  <testcase classname="ptolemy.util.test.junit.AutoTests" name="[148] /home/travis/build/icyphy/ptII/ptolemy/domains/continuous/test/auto/hierarchicalModalModel2.xml (RunModel)" time="0.032" />
  <testcase classname="ptolemy.util.test.junit.AutoTests" name="[149] /home/travis/build/icyphy/ptII/ptolemy/domains/continuous/test/auto/hierarchicalModalModel3.xml (RunModel)" time="0.027" />
  <testcase classname="ptolemy.util.test.junit.AutoTests" name="[150] /home/travis/build/icyphy/ptII/ptolemy/domains/continuous/test/auto/hierarchicalModalModel4.xml (RunModel)" time="0.037" />
  <testcase classname="ptolemy.util.test.junit.AutoTests" name="[151] /home/travis/build/icyphy/ptII/ptolemy/domains/continuous/test/auto/junk.xml (RunModel)" time="0.184" />
  <system-out><![CDATA[No tcl tests in /home/travis/build/icyphy/ptII/ptolemy/domains/continuous/test
No auto/knownFailedTests/*.xml tests in /home/travis/build/icyphy/ptII/ptolemy/domains/continuous/test
No auto/linux-amd64/*.xml tests in /home/travis/build/icyphy/ptII/ptolemy/domains/continuous/test
AutoTests.java: About to close Vertx.
AutoTests.java: Vertx closed.

===========================================================================================
----------------- testing Sat Sep 22 02:12:30 UTC 2018 /home/travis/build/icyphy/ptII/ptolemy/domains/continuous/test/auto/BouncingBall.xml
----------------- Instantiating /home/travis/build/icyphy/ptII/ptolemy/domains/continuous/test/auto/BouncingBall.xml
2659 ms. Memory: 332288K Free: 313545K (94%)
----------------- Invoking toplevel() on ptolemy.moml.MoMLSimpleApplication@7288a977
----------------- Done invoking toplevel() on ptolemy.moml.MoMLSimpleApplication@7288a977
reloadAllAccessors: .BouncingBall

===========================================================================================
----------------- testing Sat Sep 22 02:12:33 UTC 2018 /home/travis/build/icyphy/ptII/ptolemy/domains/continuous/test/auto/BouncingBallWithoutGR.xml
----------------- Instantiating /home/travis/build/icyphy/ptII/ptolemy/domains/continuous/test/auto/BouncingBallWithoutGR.xml
899 ms. Memory: 332288K Free: 120680K (36%)
----------------- Invoking toplevel() on ptolemy.moml.MoMLSimpleApplication@e1ac64c
----------------- Done invoking toplevel() on ptolemy.moml.MoMLSimpleApplication@e1ac64c
reloadAllAccessors: .BouncingBallWithoutGR

===========================================================================================
----------------- testing Sat Sep 22 02:12:34 UTC 2018 /home/travis/build/icyphy/ptII/ptolemy/domains/continuous/test/auto/Brownian.xml
----------------- Instantiating /home/travis/build/icyphy/ptII/ptolemy/domains/continuous/test/auto/Brownian.xml
27 ms. Memory: 332288K Free: 108401K (33%)
----------------- Invoking toplevel() on ptolemy.moml.MoMLSimpleApplication@4b0635e2
----------------- Done invoking toplevel() on ptolemy.moml.MoMLSimpleApplication@4b0635e2
reloadAllAccessors: .Brownian

===========================================================================================
----------------- testing Sat Sep 22 02:12:34 UTC 2018 /home/travis/build/icyphy/ptII/ptolemy/domains/continuous/test/auto/CarTracking.xml
----------------- Instantiating /home/travis/build/icyphy/ptII/ptolemy/domains/continuous/test/auto/CarTracking.xml
3588 ms. Memory: 456192K Free: 310853K (68%)
----------------- Invoking toplevel() on ptolemy.moml.MoMLSimpleApplication@7ade84f4
----------------- Done invoking toplevel() on ptolemy.moml.MoMLSimpleApplication@7ade84f4
reloadAllAccessors: .CarTracking

===========================================================================================
----------------- testing Sat Sep 22 02:12:39 UTC 2018 /home/travis/build/icyphy/ptII/ptolemy/domains/continuous/test/auto/CartPendulum.xml
----------------- Instantiating /home/travis/build/icyphy/ptII/ptolemy/domains/continuous/test/auto/CartPendulum.xml
361 ms. Memory: 456192K Free: 207639K (46%)
----------------- Invoking toplevel() on ptolemy.moml.MoMLSimpleApplication@690c8580
----------------- Done invoking toplevel() on ptolemy.moml.MoMLSimpleApplication@690c8580
reloadAllAccessors: .CartPendulum

===========================================================================================
----------------- testing Sat Sep 22 02:12:39 UTC 2018 /home/travis/build/icyphy/ptII/ptolemy/domains/continuous/test/auto/CausalityInterface10.xml
----------------- Instantiating /home/travis/build/icyphy/ptII/ptolemy/domains/continuous/test/auto/CausalityInterface10.xml
13 ms. Memory: 456192K Free: 195146K (43%)
----------------- Invoking toplevel() on ptolemy.moml.MoMLSimpleApplication@5f26b7af
----------------- Done invoking toplevel() on ptolemy.moml.MoMLSimpleApplication@5f26b7af
reloadAllAccessors: .CausalityInterface10

===========================================================================================
----------------- testing Sat Sep 22 02:12:39 UTC 2018 /home/travis/build/icyphy/ptII/ptolemy/domains/continuous/test/auto/CausalityInterface11.xml
----------------- Instantiating /home/travis/build/icyphy/ptII/ptolemy/domains/continuous/test/auto/CausalityInterface11.xml
3 ms. Memory: 456192K Free: 185151K (41%)
----------------- Invoking toplevel() on ptolemy.moml.MoMLSimpleApplication@141801e3
----------------- Done invoking toplevel() on ptolemy.moml.MoMLSimpleApplication@141801e3
reloadAllAccessors: .CausalityInterface11

===========================================================================================
----------------- testing Sat Sep 22 02:12:39 UTC 2018 /home/travis/build/icyphy/ptII/ptolemy/domains/continuous/test/auto/CausalityInterface12.xml
----------------- Instantiating /home/travis/build/icyphy/ptII/ptolemy/domains/continuous/test/auto/CausalityInterface12.xml
10 ms. Memory: 456192K Free: 175125K (38%)
----------------- Invoking toplevel() on ptolemy.moml.MoMLSimpleApplication@1e7b6aea
----------------- Done invoking toplevel() on ptolemy.moml.MoMLSimpleApplication@1e7b6aea
reloadAllAccessors: .CausalityInterface12

===========================================================================================
----------------- testing Sat Sep 22 02:12:39 UTC 2018 /home/travis/build/icyphy/ptII/ptolemy/domains/continuous/test/auto/CausalityInterface13.xml
----------------- Instantiating /home/travis/build/icyphy/ptII/ptolemy/domains/continuous/test/auto/CausalityInterface13.xml
12 ms. Memory: 456192K Free: 161402K (35%)
----------------- Invoking toplevel() on ptolemy.moml.MoMLSimpleApplication@2027135c
----------------- Done invoking toplevel() on ptolemy.moml.MoMLSimpleApplication@2027135c
reloadAllAccessors: .CausalityInterface13

===========================================================================================
----------------- testing Sat Sep 22 02:12:39 UTC 2018 /home/travis/build/icyphy/ptII/ptolemy/domains/continuous/test/auto/CausalityInterface14.xml
----------------- Instantiating /home/travis/build/icyphy/ptII/ptolemy/domains/continuous/test/auto/CausalityInterface14.xml
7 ms. Memory: 456192K Free: 153890K (34%)
----------------- Invoking toplevel() on ptolemy.moml.MoMLSimpleApplication@4e113d7e
----------------- Done invoking toplevel() on ptolemy.moml.MoMLSimpleApplication@4e113d7e
reloadAllAccessors: .CausalityInterface14

===========================================================================================
----------------- testing Sat Sep 22 02:12:39 UTC 2018 /home/travis/build/icyphy/ptII/ptolemy/domains/continuous/test/auto/CausalityInterface4.xml
----------------- Instantiating /home/travis/build/icyphy/ptII/ptolemy/domains/continuous/test/auto/CausalityInterface4.xml
5 ms. Memory: 456192K Free: 143879K (32%)
----------------- Invoking toplevel() on ptolemy.moml.MoMLSimpleApplication@63f482da
----------------- Done invoking toplevel() on ptolemy.moml.MoMLSimpleApplication@63f482da
reloadAllAccessors: .CausalityInterface4

===========================================================================================
----------------- testing Sat Sep 22 02:12:39 UTC 2018 /home/travis/build/icyphy/ptII/ptolemy/domains/continuous/test/auto/CausalityInterface5.xml
----------------- Instantiating /home/travis/build/icyphy/ptII/ptolemy/domains/continuous/test/auto/CausalityInterface5.xml
12 ms. Memory: 456192K Free: 133869K (29%)
----------------- Invoking toplevel() on ptolemy.moml.MoMLSimpleApplication@76fbeb36
----------------- Done invoking toplevel() on ptolemy.moml.MoMLSimpleApplication@76fbeb36
reloadAllAccessors: .CausalityInterface5

===========================================================================================
----------------- testing Sat Sep 22 02:12:39 UTC 2018 /home/travis/build/icyphy/ptII/ptolemy/domains/continuous/test/auto/CausalityInterface6.xml
----------------- Instantiating /home/travis/build/icyphy/ptII/ptolemy/domains/continuous/test/auto/CausalityInterface6.xml
3 ms. Memory: 456192K Free: 126373K (28%)
----------------- Invoking toplevel() on ptolemy.moml.MoMLSimpleApplication@5e49d031
----------------- Done invoking toplevel() on ptolemy.moml.MoMLSimpleApplication@5e49d031
reloadAllAccessors: .CausalityInterface6

===========================================================================================
----------------- testing Sat Sep 22 02:12:39 UTC 2018 /home/travis/build/icyphy/ptII/ptolemy/domains/continuous/test/auto/CausalityInterface7.xml
----------------- Instantiating /home/travis/build/icyphy/ptII/ptolemy/domains/continuous/test/auto/CausalityInterface7.xml
11 ms. Memory: 456192K Free: 110159K (24%)
----------------- Invoking toplevel() on ptolemy.moml.MoMLSimpleApplication@2cca689d
----------------- Done invoking toplevel() on ptolemy.moml.MoMLSimpleApplication@2cca689d
reloadAllAccessors: .CausalityInterface7

===========================================================================================
----------------- testing Sat Sep 22 02:12:39 UTC 2018 /home/travis/build/icyphy/ptII/ptolemy/domains/continuous/test/auto/CausalityInterface8.xml
----------------- Instantiating /home/travis/build/icyphy/ptII/ptolemy/domains/continuous/test/auto/CausalityInterface8.xml
14 ms. Memory: 456192K Free: 97634K (21%)
----------------- Invoking toplevel() on ptolemy.moml.MoMLSimpleApplication@75abf384
----------------- Done invoking toplevel() on ptolemy.moml.MoMLSimpleApplication@75abf384
reloadAllAccessors: .CausalityInterface8

===========================================================================================
----------------- testing Sat Sep 22 02:12:39 UTC 2018 /home/travis/build/icyphy/ptII/ptolemy/domains/continuous/test/auto/CausalityInterface9.xml
----------------- Instantiating /home/travis/build/icyphy/ptII/ptolemy/domains/continuous/test/auto/CausalityInterface9.xml
10 ms. Memory: 456192K Free: 82587K (18%)
----------------- Invoking toplevel() on ptolemy.moml.MoMLSimpleApplication@53a47744
----------------- Done invoking toplevel() on ptolemy.moml.MoMLSimpleApplication@53a47744
reloadAllAccessors: .CausalityInterface9

===========================================================================================
----------------- testing Sat Sep 22 02:12:39 UTC 2018 /home/travis/build/icyphy/ptII/ptolemy/domains/continuous/test/auto/CausalityInterfaceFeedback1.xml
----------------- Instantiating /home/travis/build/icyphy/ptII/ptolemy/domains/continuous/test/auto/CausalityInterfaceFeedback1.xml
10 ms. Memory: 439296K Free: 430679K (98%)
----------------- Invoking toplevel() on ptolemy.moml.MoMLSimpleApplication@6053da30
----------------- Done invoking toplevel() on ptolemy.moml.MoMLSimpleApplication@6053da30
reloadAllAccessors: .CausalityInterfaceFeedback1

===========================================================================================
----------------- testing Sat Sep 22 02:12:40 UTC 2018 /home/travis/build/icyphy/ptII/ptolemy/domains/continuous/test/auto/CausalityInterfaceFeedback2.xml
----------------- Instantiating /home/travis/build/icyphy/ptII/ptolemy/domains/continuous/test/auto/CausalityInterfaceFeedback2.xml
6 ms. Memory: 439296K Free: 417503K (95%)
----------------- Invoking toplevel() on ptolemy.moml.MoMLSimpleApplication@155138b0
----------------- Done invoking toplevel() on ptolemy.moml.MoMLSimpleApplication@155138b0
reloadAllAccessors: .CausalityInterfaceFeedback2

===========================================================================================
----------------- testing Sat Sep 22 02:12:40 UTC 2018 /home/travis/build/icyphy/ptII/ptolemy/domains/continuous/test/auto/CompareWithCurrentTime.xml
----------------- Instantiating /home/travis/build/icyphy/ptII/ptolemy/domains/continuous/test/auto/CompareWithCurrentTime.xml
3 ms. Memory: 439296K Free: 410329K (93%)
----------------- Invoking toplevel() on ptolemy.moml.MoMLSimpleApplication@422e220f
----------------- Done invoking toplevel() on ptolemy.moml.MoMLSimpleApplication@422e220f
reloadAllAccessors: .CompareWithCurrentTime

===========================================================================================
----------------- testing Sat Sep 22 02:12:40 UTC 2018 /home/travis/build/icyphy/ptII/ptolemy/domains/continuous/test/auto/ComparedClocks.xml
----------------- Instantiating /home/travis/build/icyphy/ptII/ptolemy/domains/continuous/test/auto/ComparedClocks.xml
14 ms. Memory: 439296K Free: 391209K (89%)
----------------- Invoking toplevel() on ptolemy.moml.MoMLSimpleApplication@4b356e56
----------------- Done invoking toplevel() on ptolemy.moml.MoMLSimpleApplication@4b356e56
reloadAllAccessors: .ComparedClocks

===========================================================================================
----------------- testing Sat Sep 22 02:12:40 UTC 2018 /home/travis/build/icyphy/ptII/ptolemy/domains/continuous/test/auto/ContinuousAOCClone.xml
----------------- Instantiating /home/travis/build/icyphy/ptII/ptolemy/domains/continuous/test/auto/ContinuousAOCClone.xml
2555 ms. Memory: 428032K Free: 208077K (49%)
----------------- Invoking toplevel() on ptolemy.moml.MoMLSimpleApplication@75a2f04c
----------------- Done invoking toplevel() on ptolemy.moml.MoMLSimpleApplication@75a2f04c
reloadAllAccessors: .ContinuousAOCClone

===========================================================================================
----------------- testing Sat Sep 22 02:12:43 UTC 2018 /home/travis/build/icyphy/ptII/ptolemy/domains/continuous/test/auto/ContinuousClock.xml
----------------- Instantiating /home/travis/build/icyphy/ptII/ptolemy/domains/continuous/test/auto/ContinuousClock.xml
30 ms. Memory: 428032K Free: 179100K (42%)
----------------- Invoking toplevel() on ptolemy.moml.MoMLSimpleApplication@44062df7
----------------- Done invoking toplevel() on ptolemy.moml.MoMLSimpleApplication@44062df7
reloadAllAccessors: .ContinuousClock

===========================================================================================
----------------- testing Sat Sep 22 02:12:43 UTC 2018 /home/travis/build/icyphy/ptII/ptolemy/domains/continuous/test/auto/ContinuousInContinuous.xml
----------------- Instantiating /home/travis/build/icyphy/ptII/ptolemy/domains/continuous/test/auto/ContinuousInContinuous.xml
51 ms. Memory: 428032K Free: 150092K (35%)
----------------- Invoking toplevel() on ptolemy.moml.MoMLSimpleApplication@686c32b0
----------------- Done invoking toplevel() on ptolemy.moml.MoMLSimpleApplication@686c32b0
reloadAllAccessors: .ContinuousInContinuous

===========================================================================================
----------------- testing Sat Sep 22 02:12:43 UTC 2018 /home/travis/build/icyphy/ptII/ptolemy/domains/continuous/test/auto/ContinuousInContinuousInContinuous.xml
----------------- Instantiating /home/travis/build/icyphy/ptII/ptolemy/domains/continuous/test/auto/ContinuousInContinuousInContinuous.xml
12 ms. Memory: 428032K Free: 141530K (33%)
----------------- Invoking toplevel() on ptolemy.moml.MoMLSimpleApplication@7d09dae
----------------- Done invoking toplevel() on ptolemy.moml.MoMLSimpleApplication@7d09dae
reloadAllAccessors: .ContinuousInContinuousInContinuous

===========================================================================================
----------------- testing Sat Sep 22 02:12:43 UTC 2018 /home/travis/build/icyphy/ptII/ptolemy/domains/continuous/test/auto/ContinuousInDE.xml
----------------- Instantiating /home/travis/build/icyphy/ptII/ptolemy/domains/continuous/test/auto/ContinuousInDE.xml
146 ms. Memory: 428032K Free: 128074K (30%)
----------------- Invoking toplevel() on ptolemy.moml.MoMLSimpleApplication@46bf1493
----------------- Done invoking toplevel() on ptolemy.moml.MoMLSimpleApplication@46bf1493
reloadAllAccessors: .ContinuousInDE

===========================================================================================
----------------- testing Sat Sep 22 02:12:43 UTC 2018 /home/travis/build/icyphy/ptII/ptolemy/domains/continuous/test/auto/ContinuousInDE2.xml
----------------- Instantiating /home/travis/build/icyphy/ptII/ptolemy/domains/continuous/test/auto/ContinuousInDE2.xml
57 ms. Memory: 428032K Free: 116114K (27%)
----------------- Invoking toplevel() on ptolemy.moml.MoMLSimpleApplication@2ffabfc0
----------------- Done invoking toplevel() on ptolemy.moml.MoMLSimpleApplication@2ffabfc0
reloadAllAccessors: .ContinuousInDE2

===========================================================================================
----------------- testing Sat Sep 22 02:12:43 UTC 2018 /home/travis/build/icyphy/ptII/ptolemy/domains/continuous/test/auto/ContinuousInDE3.xml
----------------- Instantiating /home/travis/build/icyphy/ptII/ptolemy/domains/continuous/test/auto/ContinuousInDE3.xml
57 ms. Memory: 428032K Free: 102673K (24%)
----------------- Invoking toplevel() on ptolemy.moml.MoMLSimpleApplication@6f1c6b30
----------------- Done invoking toplevel() on ptolemy.moml.MoMLSimpleApplication@6f1c6b30
reloadAllAccessors: .ContinuousInDE3

===========================================================================================
----------------- testing Sat Sep 22 02:12:43 UTC 2018 /home/travis/build/icyphy/ptII/ptolemy/domains/continuous/test/auto/ContinuousInDE4.xml
----------------- Instantiating /home/travis/build/icyphy/ptII/ptolemy/domains/continuous/test/auto/ContinuousInDE4.xml
17 ms. Memory: 428032K Free: 94119K (22%)
----------------- Invoking toplevel() on ptolemy.moml.MoMLSimpleApplication@726f5732
----------------- Done invoking toplevel() on ptolemy.moml.MoMLSimpleApplication@726f5732
reloadAllAccessors: .ContinuousInDE4

===========================================================================================
----------------- testing Sat Sep 22 02:12:43 UTC 2018 /home/travis/build/icyphy/ptII/ptolemy/domains/continuous/test/auto/ContinuousInDEDifferentRefinements.xml
----------------- Instantiating /home/travis/build/icyphy/ptII/ptolemy/domains/continuous/test/auto/ContinuousInDEDifferentRefinements.xml
87 ms. Memory: 407552K Free: 379826K (93%)
----------------- Invoking toplevel() on ptolemy.moml.MoMLSimpleApplication@7b2e3805
----------------- Done invoking toplevel() on ptolemy.moml.MoMLSimpleApplication@7b2e3805
reloadAllAccessors: .ContinuousInDEDifferentRefinements

===========================================================================================
----------------- testing Sat Sep 22 02:12:43 UTC 2018 /home/travis/build/icyphy/ptII/ptolemy/domains/continuous/test/auto/ContinuousInDEDifferentRefinementsPreemptive.xml
----------------- Instantiating /home/travis/build/icyphy/ptII/ptolemy/domains/continuous/test/auto/ContinuousInDEDifferentRefinementsPreemptive.xml
51 ms. Memory: 407552K Free: 343545K (84%)
----------------- Invoking toplevel() on ptolemy.moml.MoMLSimpleApplication@1298f49b
----------------- Done invoking toplevel() on ptolemy.moml.MoMLSimpleApplication@1298f49b
reloadAllAccessors: .ContinuousInDEDifferentRefinementsPreemptive

===========================================================================================
----------------- testing Sat Sep 22 02:12:43 UTC 2018 /home/travis/build/icyphy/ptII/ptolemy/domains/continuous/test/auto/ContinuousInDEInContinuous2.xml
----------------- Instantiating /home/travis/build/icyphy/ptII/ptolemy/domains/continuous/test/auto/ContinuousInDEInContinuous2.xml
40 ms. Memory: 407552K Free: 329499K (81%)
----------------- Invoking toplevel() on ptolemy.moml.MoMLSimpleApplication@7b7e3c27
----------------- Done invoking toplevel() on ptolemy.moml.MoMLSimpleApplication@7b7e3c27
reloadAllAccessors: .ContinuousInDEInContinuous2

===========================================================================================
----------------- testing Sat Sep 22 02:12:43 UTC 2018 /home/travis/build/icyphy/ptII/ptolemy/domains/continuous/test/auto/ContinuousInDEInContinuous3.xml
----------------- Instantiating /home/travis/build/icyphy/ptII/ptolemy/domains/continuous/test/auto/ContinuousInDEInContinuous3.xml
43 ms. Memory: 407552K Free: 313821K (77%)
----------------- Invoking toplevel() on ptolemy.moml.MoMLSimpleApplication@39127d97
----------------- Done invoking toplevel() on ptolemy.moml.MoMLSimpleApplication@39127d97
reloadAllAccessors: .ContinuousInDEInContinuous3

===========================================================================================
----------------- testing Sat Sep 22 02:12:44 UTC 2018 /home/travis/build/icyphy/ptII/ptolemy/domains/continuous/test/auto/ContinuousInDEInput.xml
----------------- Instantiating /home/travis/build/icyphy/ptII/ptolemy/domains/continuous/test/auto/ContinuousInDEInput.xml
15 ms. Memory: 407552K Free: 303068K (74%)
----------------- Invoking toplevel() on ptolemy.moml.MoMLSimpleApplication@e4ad69
----------------- Done invoking toplevel() on ptolemy.moml.MoMLSimpleApplication@e4ad69
reloadAllAccessors: .ContinuousInDEInput

===========================================================================================
----------------- testing Sat Sep 22 02:12:44 UTC 2018 /home/travis/build/icyphy/ptII/ptolemy/domains/continuous/test/auto/ContinuousInDEInput2.xml
----------------- Instantiating /home/travis/build/icyphy/ptII/ptolemy/domains/continuous/test/auto/ContinuousInDEInput2.xml
18 ms. Memory: 407552K Free: 292315K (72%)
----------------- Invoking toplevel() on ptolemy.moml.MoMLSimpleApplication@39e6703a
----------------- Done invoking toplevel() on ptolemy.moml.MoMLSimpleApplication@39e6703a
reloadAllAccessors: .ContinuousInDEInput2

===========================================================================================
----------------- testing Sat Sep 22 02:12:44 UTC 2018 /home/travis/build/icyphy/ptII/ptolemy/domains/continuous/test/auto/ContinuousInDEInput3.xml
----------------- Instantiating /home/travis/build/icyphy/ptII/ptolemy/domains/continuous/test/auto/ContinuousInDEInput3.xml
13 ms. Memory: 407552K Free: 282514K (69%)
----------------- Invoking toplevel() on ptolemy.moml.MoMLSimpleApplication@41077c4b
----------------- Done invoking toplevel() on ptolemy.moml.MoMLSimpleApplication@41077c4b
reloadAllAccessors: .ContinuousInDEInput3

===========================================================================================
----------------- testing Sat Sep 22 02:12:44 UTC 2018 /home/travis/build/icyphy/ptII/ptolemy/domains/continuous/test/auto/ContinuousInDESharingRefinement.xml
----------------- Instantiating /home/travis/build/icyphy/ptII/ptolemy/domains/continuous/test/auto/ContinuousInDESharingRefinement.xml
181 ms. Memory: 407552K Free: 184704K (45%)
----------------- Invoking toplevel() on ptolemy.moml.MoMLSimpleApplication@1d70ffbf
----------------- Done invoking toplevel() on ptolemy.moml.MoMLSimpleApplication@1d70ffbf
reloadAllAccessors: .ContinuousInDESharingRefinement

===========================================================================================
----------------- testing Sat Sep 22 02:12:44 UTC 2018 /home/travis/build/icyphy/ptII/ptolemy/domains/continuous/test/auto/ContinuousInDEwithNoPorts.xml
----------------- Instantiating /home/travis/build/icyphy/ptII/ptolemy/domains/continuous/test/auto/ContinuousInDEwithNoPorts.xml
6 ms. Memory: 407552K Free: 178827K (44%)
----------------- Invoking toplevel() on ptolemy.moml.MoMLSimpleApplication@2ba8250f
----------------- Done invoking toplevel() on ptolemy.moml.MoMLSimpleApplication@2ba8250f
reloadAllAccessors: .ContinuousInDEwithNoPorts

===========================================================================================
----------------- testing Sat Sep 22 02:12:44 UTC 2018 /home/travis/build/icyphy/ptII/ptolemy/domains/continuous/test/auto/ContinuousInsideDE.xml
----------------- Instantiating /home/travis/build/icyphy/ptII/ptolemy/domains/continuous/test/auto/ContinuousInsideDE.xml
68 ms. Memory: 407552K Free: 163126K (40%)
----------------- Invoking toplevel() on ptolemy.moml.MoMLSimpleApplication@1b9fde17
----------------- Done invoking toplevel() on ptolemy.moml.MoMLSimpleApplication@1b9fde17
reloadAllAccessors: .ContinuousInsideDE

===========================================================================================
----------------- testing Sat Sep 22 02:12:44 UTC 2018 /home/travis/build/icyphy/ptII/ptolemy/domains/continuous/test/auto/ContinuousMerge1.xml
----------------- Instantiating /home/travis/build/icyphy/ptII/ptolemy/domains/continuous/test/auto/ContinuousMerge1.xml
3 ms. Memory: 407552K Free: 157249K (39%)
----------------- Invoking toplevel() on ptolemy.moml.MoMLSimpleApplication@5755692a
----------------- Done invoking toplevel() on ptolemy.moml.MoMLSimpleApplication@5755692a
reloadAllAccessors: .ContinuousMerge1

===========================================================================================
----------------- testing Sat Sep 22 02:12:44 UTC 2018 /home/travis/build/icyphy/ptII/ptolemy/domains/continuous/test/auto/ContinuousMerge2.xml
----------------- Instantiating /home/travis/build/icyphy/ptII/ptolemy/domains/continuous/test/auto/ContinuousMerge2.xml
17 ms. Memory: 407552K Free: 143187K (35%)
----------------- Invoking toplevel() on ptolemy.moml.MoMLSimpleApplication@7237d00f
----------------- Done invoking toplevel() on ptolemy.moml.MoMLSimpleApplication@7237d00f
reloadAllAccessors: .ContinuousMerge2

===========================================================================================
----------------- testing Sat Sep 22 02:12:44 UTC 2018 /home/travis/build/icyphy/ptII/ptolemy/domains/continuous/test/auto/ContinuousMerge3.xml
----------------- Instantiating /home/travis/build/icyphy/ptII/ptolemy/domains/continuous/test/auto/ContinuousMerge3.xml
51 ms. Memory: 407552K Free: 131755K (32%)
----------------- Invoking toplevel() on ptolemy.moml.MoMLSimpleApplication@3610d5e5
----------------- Done invoking toplevel() on ptolemy.moml.MoMLSimpleApplication@3610d5e5
reloadAllAccessors: .ContinuousMerge3

===========================================================================================
----------------- testing Sat Sep 22 02:12:44 UTC 2018 /home/travis/build/icyphy/ptII/ptolemy/domains/continuous/test/auto/ContinuousWithinContinuous.xml
----------------- Instantiating /home/travis/build/icyphy/ptII/ptolemy/domains/continuous/test/auto/ContinuousWithinContinuous.xml
41 ms. Memory: 407552K Free: 120978K (30%)
----------------- Invoking toplevel() on ptolemy.moml.MoMLSimpleApplication@5f6414f2
----------------- Done invoking toplevel() on ptolemy.moml.MoMLSimpleApplication@5f6414f2
reloadAllAccessors: .ContinuousWithinContinuous

===========================================================================================
----------------- testing Sat Sep 22 02:12:44 UTC 2018 /home/travis/build/icyphy/ptII/ptolemy/domains/continuous/test/auto/ContinuousWithinContinuous2.xml
----------------- Instantiating /home/travis/build/icyphy/ptII/ptolemy/domains/continuous/test/auto/ContinuousWithinContinuous2.xml
73 ms. Memory: 407552K Free: 106964K (26%)
----------------- Invoking toplevel() on ptolemy.moml.MoMLSimpleApplication@1c49cd4a
----------------- Done invoking toplevel() on ptolemy.moml.MoMLSimpleApplication@1c49cd4a
reloadAllAccessors: .ContinuousWithinContinuous2

===========================================================================================
----------------- testing Sat Sep 22 02:12:44 UTC 2018 /home/travis/build/icyphy/ptII/ptolemy/domains/continuous/test/auto/ContinuousWithinContinuous3.xml
----------------- Instantiating /home/travis/build/icyphy/ptII/ptolemy/domains/continuous/test/auto/ContinuousWithinContinuous3.xml
13 ms. Memory: 407552K Free: 97818K (24%)
----------------- Invoking toplevel() on ptolemy.moml.MoMLSimpleApplication@16196013
----------------- Done invoking toplevel() on ptolemy.moml.MoMLSimpleApplication@16196013
reloadAllAccessors: .ContinuousWithinContinuous3

===========================================================================================
----------------- testing Sat Sep 22 02:12:44 UTC 2018 /home/travis/build/icyphy/ptII/ptolemy/domains/continuous/test/auto/ContinuousWithinContinuous4.xml
----------------- Instantiating /home/travis/build/icyphy/ptII/ptolemy/domains/continuous/test/auto/ContinuousWithinContinuous4.xml
69 ms. Memory: 407552K Free: 83804K (21%)
----------------- Invoking toplevel() on ptolemy.moml.MoMLSimpleApplication@51b9a1f4
----------------- Done invoking toplevel() on ptolemy.moml.MoMLSimpleApplication@51b9a1f4
reloadAllAccessors: .ContinuousWithinContinuous4

===========================================================================================
----------------- testing Sat Sep 22 02:12:44 UTC 2018 /home/travis/build/icyphy/ptII/ptolemy/domains/continuous/test/auto/ContinuousWithinContinuous5.xml
----------------- Instantiating /home/travis/build/icyphy/ptII/ptolemy/domains/continuous/test/auto/ContinuousWithinContinuous5.xml
13 ms. Memory: 407552K Free: 73019K (18%)
----------------- Invoking toplevel() on ptolemy.moml.MoMLSimpleApplication@4bb16124
----------------- Done invoking toplevel() on ptolemy.moml.MoMLSimpleApplication@4bb16124
reloadAllAccessors: .ContinuousWithinContinuous5

===========================================================================================
----------------- testing Sat Sep 22 02:12:45 UTC 2018 /home/travis/build/icyphy/ptII/ptolemy/domains/continuous/test/auto/ContinuousWithinContinuous6.xml
----------------- Instantiating /home/travis/build/icyphy/ptII/ptolemy/domains/continuous/test/auto/ContinuousWithinContinuous6.xml
15 ms. Memory: 399360K Free: 381841K (96%)
----------------- Invoking toplevel() on ptolemy.moml.MoMLSimpleApplication@b2280f4
----------------- Done invoking toplevel() on ptolemy.moml.MoMLSimpleApplication@b2280f4
reloadAllAccessors: .ContinuousWithinContinuous6

===========================================================================================
----------------- testing Sat Sep 22 02:12:45 UTC 2018 /home/travis/build/icyphy/ptII/ptolemy/domains/continuous/test/auto/ContinuousWithinContinuous7.xml
----------------- Instantiating /home/travis/build/icyphy/ptII/ptolemy/domains/continuous/test/auto/ContinuousWithinContinuous7.xml
61 ms. Memory: 399360K Free: 367986K (92%)
----------------- Invoking toplevel() on ptolemy.moml.MoMLSimpleApplication@6ba605f0
----------------- Done invoking toplevel() on ptolemy.moml.MoMLSimpleApplication@6ba605f0
reloadAllAccessors: .ContinuousWithinContinuous7

===========================================================================================
----------------- testing Sat Sep 22 02:12:45 UTC 2018 /home/travis/build/icyphy/ptII/ptolemy/domains/continuous/test/auto/DCMotor.xml
----------------- Instantiating /home/travis/build/icyphy/ptII/ptolemy/domains/continuous/test/auto/DCMotor.xml
13046 ms. Memory: 257024K Free: 95625K (37%)
----------------- Invoking toplevel() on ptolemy.moml.MoMLSimpleApplication@33419f9c
----------------- Done invoking toplevel() on ptolemy.moml.MoMLSimpleApplication@33419f9c
reloadAllAccessors: .DCMotor

===========================================================================================
----------------- testing Sat Sep 22 02:12:58 UTC 2018 /home/travis/build/icyphy/ptII/ptolemy/domains/continuous/test/auto/DEInContinuous.xml
----------------- Instantiating /home/travis/build/icyphy/ptII/ptolemy/domains/continuous/test/auto/DEInContinuous.xml
19 ms. Memory: 257024K Free: 83401K (32%)
----------------- Invoking toplevel() on ptolemy.moml.MoMLSimpleApplication@7b28fa04
----------------- Done invoking toplevel() on ptolemy.moml.MoMLSimpleApplication@7b28fa04
reloadAllAccessors: .DEInContinuous

===========================================================================================
----------------- testing Sat Sep 22 02:12:58 UTC 2018 /home/travis/build/icyphy/ptII/ptolemy/domains/continuous/test/auto/DEinContinuous2.xml
----------------- Instantiating /home/travis/build/icyphy/ptII/ptolemy/domains/continuous/test/auto/DEinContinuous2.xml
12 ms. Memory: 257024K Free: 72057K (28%)
----------------- Invoking toplevel() on ptolemy.moml.MoMLSimpleApplication@16be4258
----------------- Done invoking toplevel() on ptolemy.moml.MoMLSimpleApplication@16be4258
reloadAllAccessors: .DEinContinuous2

===========================================================================================
----------------- testing Sat Sep 22 02:12:58 UTC 2018 /home/travis/build/icyphy/ptII/ptolemy/domains/continuous/test/auto/Derivative.xml
----------------- Instantiating /home/travis/build/icyphy/ptII/ptolemy/domains/continuous/test/auto/Derivative.xml
160 ms. Memory: 253952K Free: 206947K (81%)
----------------- Invoking toplevel() on ptolemy.moml.MoMLSimpleApplication@6ccd2292
----------------- Done invoking toplevel() on ptolemy.moml.MoMLSimpleApplication@6ccd2292
reloadAllAccessors: .Derivative2

===========================================================================================
----------------- testing Sat Sep 22 02:12:58 UTC 2018 /home/travis/build/icyphy/ptII/ptolemy/domains/continuous/test/auto/Derivative1.xml
----------------- Instantiating /home/travis/build/icyphy/ptII/ptolemy/domains/continuous/test/auto/Derivative1.xml
18 ms. Memory: 253952K Free: 185815K (73%)
----------------- Invoking toplevel() on ptolemy.moml.MoMLSimpleApplication@282ac806
----------------- Done invoking toplevel() on ptolemy.moml.MoMLSimpleApplication@282ac806
reloadAllAccessors: .Derivative1

===========================================================================================
----------------- testing Sat Sep 22 02:12:58 UTC 2018 /home/travis/build/icyphy/ptII/ptolemy/domains/continuous/test/auto/DiscreteClock.xml
----------------- Instantiating /home/travis/build/icyphy/ptII/ptolemy/domains/continuous/test/auto/DiscreteClock.xml
5 ms. Memory: 253952K Free: 174806K (69%)
----------------- Invoking toplevel() on ptolemy.moml.MoMLSimpleApplication@9f3f174
----------------- Done invoking toplevel() on ptolemy.moml.MoMLSimpleApplication@9f3f174
reloadAllAccessors: .DiscreteClock

===========================================================================================
----------------- testing Sat Sep 22 02:12:58 UTC 2018 /home/travis/build/icyphy/ptII/ptolemy/domains/continuous/test/auto/EfficiencyCurve.xml
----------------- Instantiating /home/travis/build/icyphy/ptII/ptolemy/domains/continuous/test/auto/EfficiencyCurve.xml
82 ms. Memory: 253952K Free: 160589K (63%)
----------------- Invoking toplevel() on ptolemy.moml.MoMLSimpleApplication@5f5981cf
----------------- Done invoking toplevel() on ptolemy.moml.MoMLSimpleApplication@5f5981cf
reloadAllAccessors: .EfficiencyCurve

===========================================================================================
----------------- testing Sat Sep 22 02:12:58 UTC 2018 /home/travis/build/icyphy/ptII/ptolemy/domains/continuous/test/auto/ExponentialResponse.xml
----------------- Instantiating /home/travis/build/icyphy/ptII/ptolemy/domains/continuous/test/auto/ExponentialResponse.xml
137 ms. Memory: 253952K Free: 142842K (56%)
----------------- Invoking toplevel() on ptolemy.moml.MoMLSimpleApplication@165e548f
----------------- Done invoking toplevel() on ptolemy.moml.MoMLSimpleApplication@165e548f
reloadAllAccessors: .ExponentialResponse

===========================================================================================
----------------- testing Sat Sep 22 02:12:58 UTC 2018 /home/travis/build/icyphy/ptII/ptolemy/domains/continuous/test/auto/ExponentialResponseRK45.xml
----------------- Instantiating /home/travis/build/icyphy/ptII/ptolemy/domains/continuous/test/auto/ExponentialResponseRK45.xml
36 ms. Memory: 253952K Free: 135382K (53%)
----------------- Invoking toplevel() on ptolemy.moml.MoMLSimpleApplication@74d4ee49
----------------- Done invoking toplevel() on ptolemy.moml.MoMLSimpleApplication@74d4ee49
reloadAllAccessors: .ExponentialResponseRK45

===========================================================================================
----------------- testing Sat Sep 22 02:12:58 UTC 2018 /home/travis/build/icyphy/ptII/ptolemy/domains/continuous/test/auto/Friction.xml
----------------- Instantiating /home/travis/build/icyphy/ptII/ptolemy/domains/continuous/test/auto/Friction.xml
1529 ms. Memory: 230400K Free: 155703K (68%)
----------------- Invoking toplevel() on ptolemy.moml.MoMLSimpleApplication@5eab83da
----------------- Done invoking toplevel() on ptolemy.moml.MoMLSimpleApplication@5eab83da
reloadAllAccessors: .Friction

===========================================================================================
----------------- testing Sat Sep 22 02:13:00 UTC 2018 /home/travis/build/icyphy/ptII/ptolemy/domains/continuous/test/auto/FurutaPendulum.xml
----------------- Instantiating /home/travis/build/icyphy/ptII/ptolemy/domains/continuous/test/auto/FurutaPendulum.xml
3124 ms. Memory: 217088K Free: 68879K (32%)
----------------- Invoking toplevel() on ptolemy.moml.MoMLSimpleApplication@172c053b
----------------- Done invoking toplevel() on ptolemy.moml.MoMLSimpleApplication@172c053b
reloadAllAccessors: .FurutaPendulum

===========================================================================================
----------------- testing Sat Sep 22 02:13:03 UTC 2018 /home/travis/build/icyphy/ptII/ptolemy/domains/continuous/test/auto/HierarchicalExecution.xml
----------------- Instantiating /home/travis/build/icyphy/ptII/ptolemy/domains/continuous/test/auto/HierarchicalExecution.xml
2042 ms. Memory: 280064K Free: 248474K (89%)
----------------- Invoking toplevel() on ptolemy.moml.MoMLSimpleApplication@37a993f2
----------------- Done invoking toplevel() on ptolemy.moml.MoMLSimpleApplication@37a993f2
reloadAllAccessors: .HierarchicalExecution

===========================================================================================
----------------- testing Sat Sep 22 02:13:06 UTC 2018 /home/travis/build/icyphy/ptII/ptolemy/domains/continuous/test/auto/HybridPlant.xml
----------------- Instantiating /home/travis/build/icyphy/ptII/ptolemy/domains/continuous/test/auto/HybridPlant.xml
631 ms. Memory: 334848K Free: 224476K (67%)
----------------- Invoking toplevel() on ptolemy.moml.MoMLSimpleApplication@6d641db1
----------------- Done invoking toplevel() on ptolemy.moml.MoMLSimpleApplication@6d641db1
reloadAllAccessors: .HybridPlant

===========================================================================================
----------------- testing Sat Sep 22 02:13:07 UTC 2018 /home/travis/build/icyphy/ptII/ptolemy/domains/continuous/test/auto/Hysteresis.xml
----------------- Instantiating /home/travis/build/icyphy/ptII/ptolemy/domains/continuous/test/auto/Hysteresis.xml
174 ms. Memory: 334848K Free: 160525K (48%)
----------------- Invoking toplevel() on ptolemy.moml.MoMLSimpleApplication@6ea448af
----------------- Done invoking toplevel() on ptolemy.moml.MoMLSimpleApplication@6ea448af
reloadAllAccessors: .Hysteresis

===========================================================================================
----------------- testing Sat Sep 22 02:13:07 UTC 2018 /home/travis/build/icyphy/ptII/ptolemy/domains/continuous/test/auto/HysteresisWithRandomDelay.xml
----------------- Instantiating /home/travis/build/icyphy/ptII/ptolemy/domains/continuous/test/auto/HysteresisWithRandomDelay.xml
217 ms. Memory: 334848K Free: 81525K (24%)
----------------- Invoking toplevel() on ptolemy.moml.MoMLSimpleApplication@53d72d3d
----------------- Done invoking toplevel() on ptolemy.moml.MoMLSimpleApplication@53d72d3d
reloadAllAccessors: .HysteresisWithRandomDelay

===========================================================================================
----------------- testing Sat Sep 22 02:13:07 UTC 2018 /home/travis/build/icyphy/ptII/ptolemy/domains/continuous/test/auto/HysteresisWithRandomLosses.xml
----------------- Instantiating /home/travis/build/icyphy/ptII/ptolemy/domains/continuous/test/auto/HysteresisWithRandomLosses.xml
2921 ms. Memory: 384000K Free: 240957K (63%)
----------------- Invoking toplevel() on ptolemy.moml.MoMLSimpleApplication@13bba588
----------------- Done invoking toplevel() on ptolemy.moml.MoMLSimpleApplication@13bba588
reloadAllAccessors: .HysteresisWithRandomLosses

===========================================================================================
----------------- testing Sat Sep 22 02:13:10 UTC 2018 /home/travis/build/icyphy/ptII/ptolemy/domains/continuous/test/auto/ImmediateTransitions.xml
----------------- Instantiating /home/travis/build/icyphy/ptII/ptolemy/domains/continuous/test/auto/ImmediateTransitions.xml
14 ms. Memory: 384000K Free: 224094K (58%)
----------------- Invoking toplevel() on ptolemy.moml.MoMLSimpleApplication@bbb1db5
----------------- Done invoking toplevel() on ptolemy.moml.MoMLSimpleApplication@bbb1db5
reloadAllAccessors: .ImmediateTransitions

===========================================================================================
----------------- testing Sat Sep 22 02:13:10 UTC 2018 /home/travis/build/icyphy/ptII/ptolemy/domains/continuous/test/auto/ImpulseFeedback.xml
----------------- Instantiating /home/travis/build/icyphy/ptII/ptolemy/domains/continuous/test/auto/ImpulseFeedback.xml
9 ms. Memory: 384000K Free: 214152K (56%)
----------------- Invoking toplevel() on ptolemy.moml.MoMLSimpleApplication@3cf9971d
----------------- Done invoking toplevel() on ptolemy.moml.MoMLSimpleApplication@3cf9971d
reloadAllAccessors: .ImpulseFeedback

===========================================================================================
----------------- testing Sat Sep 22 02:13:10 UTC 2018 /home/travis/build/icyphy/ptII/ptolemy/domains/continuous/test/auto/ImpulseFeedback2.xml
----------------- Instantiating /home/travis/build/icyphy/ptII/ptolemy/domains/continuous/test/auto/ImpulseFeedback2.xml
7 ms. Memory: 384000K Free: 204228K (53%)
----------------- Invoking toplevel() on ptolemy.moml.MoMLSimpleApplication@43ce8f37
----------------- Done invoking toplevel() on ptolemy.moml.MoMLSimpleApplication@43ce8f37
reloadAllAccessors: .ImpulseFeedback2

===========================================================================================
----------------- testing Sat Sep 22 02:13:10 UTC 2018 /home/travis/build/icyphy/ptII/ptolemy/domains/continuous/test/auto/IncreasingRatePoisson.xml
----------------- Instantiating /home/travis/build/icyphy/ptII/ptolemy/domains/continuous/test/auto/IncreasingRatePoisson.xml
887 ms. Memory: 375296K Free: 166235K (44%)
----------------- Invoking toplevel() on ptolemy.moml.MoMLSimpleApplication@8c44291
----------------- Done invoking toplevel() on ptolemy.moml.MoMLSimpleApplication@8c44291
reloadAllAccessors: .IncreasingRatePoisson

===========================================================================================
----------------- testing Sat Sep 22 02:13:11 UTC 2018 /home/travis/build/icyphy/ptII/ptolemy/domains/continuous/test/auto/InitialStateFeedback.xml
----------------- Instantiating /home/travis/build/icyphy/ptII/ptolemy/domains/continuous/test/auto/InitialStateFeedback.xml
5 ms. Memory: 375296K Free: 158003K (42%)
----------------- Invoking toplevel() on ptolemy.moml.MoMLSimpleApplication@55de91c4
----------------- Done invoking toplevel() on ptolemy.moml.MoMLSimpleApplication@55de91c4
reloadAllAccessors: .InitialStateFeedback

===========================================================================================
----------------- testing Sat Sep 22 02:13:11 UTC 2018 /home/travis/build/icyphy/ptII/ptolemy/domains/continuous/test/auto/Integration.xml
----------------- Instantiating /home/travis/build/icyphy/ptII/ptolemy/domains/continuous/test/auto/Integration.xml
6 ms. Memory: 375296K Free: 151377K (40%)
----------------- Invoking toplevel() on ptolemy.moml.MoMLSimpleApplication@7bc5d1cb
----------------- Done invoking toplevel() on ptolemy.moml.MoMLSimpleApplication@7bc5d1cb
reloadAllAccessors: .Integration

===========================================================================================
----------------- testing Sat Sep 22 02:13:11 UTC 2018 /home/travis/build/icyphy/ptII/ptolemy/domains/continuous/test/auto/Integration2.xml
----------------- Instantiating /home/travis/build/icyphy/ptII/ptolemy/domains/continuous/test/auto/Integration2.xml
84 ms. Memory: 375296K Free: 135027K (36%)
----------------- Invoking toplevel() on ptolemy.moml.MoMLSimpleApplication@704787a6
----------------- Done invoking toplevel() on ptolemy.moml.MoMLSimpleApplication@704787a6
reloadAllAccessors: .Integration2

===========================================================================================
----------------- testing Sat Sep 22 02:13:11 UTC 2018 /home/travis/build/icyphy/ptII/ptolemy/domains/continuous/test/auto/Integration3.xml
----------------- Instantiating /home/travis/build/icyphy/ptII/ptolemy/domains/continuous/test/auto/Integration3.xml
2 ms. Memory: 375296K Free: 128405K (34%)
----------------- Invoking toplevel() on ptolemy.moml.MoMLSimpleApplication@2b703bd5
----------------- Done invoking toplevel() on ptolemy.moml.MoMLSimpleApplication@2b703bd5
reloadAllAccessors: .Integration3

===========================================================================================
----------------- testing Sat Sep 22 02:13:11 UTC 2018 /home/travis/build/icyphy/ptII/ptolemy/domains/continuous/test/auto/Integration5.xml
----------------- Instantiating /home/travis/build/icyphy/ptII/ptolemy/domains/continuous/test/auto/Integration5.xml
2 ms. Memory: 375296K Free: 121796K (32%)
----------------- Invoking toplevel() on ptolemy.moml.MoMLSimpleApplication@37d107d6
----------------- Done invoking toplevel() on ptolemy.moml.MoMLSimpleApplication@37d107d6
reloadAllAccessors: .Integration5

===========================================================================================
----------------- testing Sat Sep 22 02:13:11 UTC 2018 /home/travis/build/icyphy/ptII/ptolemy/domains/continuous/test/auto/IntegratorImpulse.xml
----------------- Instantiating /home/travis/build/icyphy/ptII/ptolemy/domains/continuous/test/auto/IntegratorImpulse.xml
3 ms. Memory: 375296K Free: 115097K (31%)
----------------- Invoking toplevel() on ptolemy.moml.MoMLSimpleApplication@3e4f48eb
----------------- Done invoking toplevel() on ptolemy.moml.MoMLSimpleApplication@3e4f48eb
reloadAllAccessors: .IntegratorImpulse

===========================================================================================
----------------- testing Sat Sep 22 02:13:11 UTC 2018 /home/travis/build/icyphy/ptII/ptolemy/domains/continuous/test/auto/IntegratorImpulse2.xml
----------------- Instantiating /home/travis/build/icyphy/ptII/ptolemy/domains/continuous/test/auto/IntegratorImpulse2.xml
4 ms. Memory: 375296K Free: 108474K (29%)
----------------- Invoking toplevel() on ptolemy.moml.MoMLSimpleApplication@a2d84e4
----------------- Done invoking toplevel() on ptolemy.moml.MoMLSimpleApplication@a2d84e4
reloadAllAccessors: .IntegratorImpulse2

===========================================================================================
----------------- testing Sat Sep 22 02:13:11 UTC 2018 /home/travis/build/icyphy/ptII/ptolemy/domains/continuous/test/auto/LevelCrossing1.xml
----------------- Instantiating /home/travis/build/icyphy/ptII/ptolemy/domains/continuous/test/auto/LevelCrossing1.xml
2 ms. Memory: 375296K Free: 101784K (27%)
----------------- Invoking toplevel() on ptolemy.moml.MoMLSimpleApplication@3bc427b0
----------------- Done invoking toplevel() on ptolemy.moml.MoMLSimpleApplication@3bc427b0
reloadAllAccessors: .LevelCrossing1

===========================================================================================
----------------- testing Sat Sep 22 02:13:11 UTC 2018 /home/travis/build/icyphy/ptII/ptolemy/domains/continuous/test/auto/LevelCrossing2.xml
----------------- Instantiating /home/travis/build/icyphy/ptII/ptolemy/domains/continuous/test/auto/LevelCrossing2.xml
3 ms. Memory: 375296K Free: 95169K (25%)
----------------- Invoking toplevel() on ptolemy.moml.MoMLSimpleApplication@598aa16a
----------------- Done invoking toplevel() on ptolemy.moml.MoMLSimpleApplication@598aa16a
reloadAllAccessors: .LevelCrossing2

===========================================================================================
----------------- testing Sat Sep 22 02:13:11 UTC 2018 /home/travis/build/icyphy/ptII/ptolemy/domains/continuous/test/auto/LevelCrossing3.xml
----------------- Instantiating /home/travis/build/icyphy/ptII/ptolemy/domains/continuous/test/auto/LevelCrossing3.xml
3 ms. Memory: 375296K Free: 88470K (24%)
----------------- Invoking toplevel() on ptolemy.moml.MoMLSimpleApplication@38637949
----------------- Done invoking toplevel() on ptolemy.moml.MoMLSimpleApplication@38637949
reloadAllAccessors: .LevelCrossing3

===========================================================================================
----------------- testing Sat Sep 22 02:13:11 UTC 2018 /home/travis/build/icyphy/ptII/ptolemy/domains/continuous/test/auto/LevelCrossing4.xml
----------------- Instantiating /home/travis/build/icyphy/ptII/ptolemy/domains/continuous/test/auto/LevelCrossing4.xml
3 ms. Memory: 375296K Free: 81854K (22%)
----------------- Invoking toplevel() on ptolemy.moml.MoMLSimpleApplication@5a7f5062
----------------- Done invoking toplevel() on ptolemy.moml.MoMLSimpleApplication@5a7f5062
reloadAllAccessors: .LevelCrossing4

===========================================================================================
----------------- testing Sat Sep 22 02:13:11 UTC 2018 /home/travis/build/icyphy/ptII/ptolemy/domains/continuous/test/auto/LevelCrossing5.xml
----------------- Instantiating /home/travis/build/icyphy/ptII/ptolemy/domains/continuous/test/auto/LevelCrossing5.xml
3 ms. Memory: 375296K Free: 75157K (20%)
----------------- Invoking toplevel() on ptolemy.moml.MoMLSimpleApplication@35576d08
----------------- Done invoking toplevel() on ptolemy.moml.MoMLSimpleApplication@35576d08
reloadAllAccessors: .LevelCrossing5

===========================================================================================
----------------- testing Sat Sep 22 02:13:11 UTC 2018 /home/travis/build/icyphy/ptII/ptolemy/domains/continuous/test/auto/LevelCrossing6.xml
----------------- Instantiating /home/travis/build/icyphy/ptII/ptolemy/domains/continuous/test/auto/LevelCrossing6.xml
3 ms. Memory: 375296K Free: 68533K (18%)
[...]
reloadAllAccessors: .ResetTransitionWithStartTime5

===========================================================================================
----------------- testing Sat Sep 22 02:13:29 UTC 2018 /home/travis/build/icyphy/ptII/ptolemy/domains/continuous/test/auto/ResetTransitionWithStartTime6.xml
----------------- Instantiating /home/travis/build/icyphy/ptII/ptolemy/domains/continuous/test/auto/ResetTransitionWithStartTime6.xml
18 ms. Memory: 349184K Free: 106588K (31%)
----------------- Invoking toplevel() on ptolemy.moml.MoMLSimpleApplication@5039022b
----------------- Done invoking toplevel() on ptolemy.moml.MoMLSimpleApplication@5039022b
reloadAllAccessors: .ResetTransitionWithStartTime6

===========================================================================================
----------------- testing Sat Sep 22 02:13:29 UTC 2018 /home/travis/build/icyphy/ptII/ptolemy/domains/continuous/test/auto/SRinContinuous.xml
----------------- Instantiating /home/travis/build/icyphy/ptII/ptolemy/domains/continuous/test/auto/SRinContinuous.xml
7 ms. Memory: 349184K Free: 97775K (28%)
----------------- Invoking toplevel() on ptolemy.moml.MoMLSimpleApplication@436a8dcb
----------------- Done invoking toplevel() on ptolemy.moml.MoMLSimpleApplication@436a8dcb
reloadAllAccessors: .SRinContinuous

===========================================================================================
----------------- testing Sat Sep 22 02:13:29 UTC 2018 /home/travis/build/icyphy/ptII/ptolemy/domains/continuous/test/auto/SampledClocks.xml
----------------- Instantiating /home/travis/build/icyphy/ptII/ptolemy/domains/continuous/test/auto/SampledClocks.xml
4 ms. Memory: 349184K Free: 86337K (25%)
----------------- Invoking toplevel() on ptolemy.moml.MoMLSimpleApplication@1cdee2db
----------------- Done invoking toplevel() on ptolemy.moml.MoMLSimpleApplication@1cdee2db
reloadAllAccessors: .SampledClocks

===========================================================================================
----------------- testing Sat Sep 22 02:13:29 UTC 2018 /home/travis/build/icyphy/ptII/ptolemy/domains/continuous/test/auto/Satellite.xml
----------------- Instantiating /home/travis/build/icyphy/ptII/ptolemy/domains/continuous/test/auto/Satellite.xml
667 ms. Memory: 333824K Free: 152112K (46%)
----------------- Invoking toplevel() on ptolemy.moml.MoMLSimpleApplication@5129bdd1
----------------- Done invoking toplevel() on ptolemy.moml.MoMLSimpleApplication@5129bdd1
reloadAllAccessors: .Satellite

===========================================================================================
----------------- testing Sat Sep 22 02:13:30 UTC 2018 /home/travis/build/icyphy/ptII/ptolemy/domains/continuous/test/auto/SigmaDelta.xml
----------------- Instantiating /home/travis/build/icyphy/ptII/ptolemy/domains/continuous/test/auto/SigmaDelta.xml
2336 ms. Memory: 387584K Free: 75263K (19%)
----------------- Invoking toplevel() on ptolemy.moml.MoMLSimpleApplication@3355638a
----------------- Done invoking toplevel() on ptolemy.moml.MoMLSimpleApplication@3355638a
reloadAllAccessors: .SigmaDelta

===========================================================================================
----------------- testing Sat Sep 22 02:13:32 UTC 2018 /home/travis/build/icyphy/ptII/ptolemy/domains/continuous/test/auto/SinuBouncingBall.xml
----------------- Instantiating /home/travis/build/icyphy/ptII/ptolemy/domains/continuous/test/auto/SinuBouncingBall.xml
768 ms. Memory: 414720K Free: 173904K (42%)
----------------- Invoking toplevel() on ptolemy.moml.MoMLSimpleApplication@55f9f3d9
----------------- Done invoking toplevel() on ptolemy.moml.MoMLSimpleApplication@55f9f3d9
reloadAllAccessors: .SinuBouncingBall

===========================================================================================
----------------- testing Sat Sep 22 02:13:33 UTC 2018 /home/travis/build/icyphy/ptII/ptolemy/domains/continuous/test/auto/Sinusoid.xml
----------------- Instantiating /home/travis/build/icyphy/ptII/ptolemy/domains/continuous/test/auto/Sinusoid.xml
6 ms. Memory: 414720K Free: 164923K (40%)
----------------- Invoking toplevel() on ptolemy.moml.MoMLSimpleApplication@7b1257b
----------------- Done invoking toplevel() on ptolemy.moml.MoMLSimpleApplication@7b1257b
reloadAllAccessors: .Sinusoid

===========================================================================================
----------------- testing Sat Sep 22 02:13:33 UTC 2018 /home/travis/build/icyphy/ptII/ptolemy/domains/continuous/test/auto/SinusoidInNoise.xml
----------------- Instantiating /home/travis/build/icyphy/ptII/ptolemy/domains/continuous/test/auto/SinusoidInNoise.xml
947 ms. Memory: 398336K Free: 277517K (70%)
----------------- Invoking toplevel() on ptolemy.moml.MoMLSimpleApplication@4b330f2a
----------------- Done invoking toplevel() on ptolemy.moml.MoMLSimpleApplication@4b330f2a
reloadAllAccessors: .SinusoidInNoise

===========================================================================================
----------------- testing Sat Sep 22 02:13:34 UTC 2018 /home/travis/build/icyphy/ptII/ptolemy/domains/continuous/test/auto/SinusoidRK45.xml
----------------- Instantiating /home/travis/build/icyphy/ptII/ptolemy/domains/continuous/test/auto/SinusoidRK45.xml
3 ms. Memory: 398336K Free: 269137K (68%)
----------------- Invoking toplevel() on ptolemy.moml.MoMLSimpleApplication@2641a900
----------------- Done invoking toplevel() on ptolemy.moml.MoMLSimpleApplication@2641a900
reloadAllAccessors: .SinusoidRK45

===========================================================================================
----------------- testing Sat Sep 22 02:13:34 UTC 2018 /home/travis/build/icyphy/ptII/ptolemy/domains/continuous/test/auto/SinusoidWithMultipleImpulses.xml
----------------- Instantiating /home/travis/build/icyphy/ptII/ptolemy/domains/continuous/test/auto/SinusoidWithMultipleImpulses.xml
11 ms. Memory: 398336K Free: 261961K (66%)
----------------- Invoking toplevel() on ptolemy.moml.MoMLSimpleApplication@250c0b79
----------------- Done invoking toplevel() on ptolemy.moml.MoMLSimpleApplication@250c0b79
reloadAllAccessors: .SinusoidWithMultipleImpulses

===========================================================================================
----------------- testing Sat Sep 22 02:13:34 UTC 2018 /home/travis/build/icyphy/ptII/ptolemy/domains/continuous/test/auto/SquareWave.xml
----------------- Instantiating /home/travis/build/icyphy/ptII/ptolemy/domains/continuous/test/auto/SquareWave.xml
192 ms. Memory: 398336K Free: 233726K (59%)
----------------- Invoking toplevel() on ptolemy.moml.MoMLSimpleApplication@23485d7e
----------------- Done invoking toplevel() on ptolemy.moml.MoMLSimpleApplication@23485d7e
reloadAllAccessors: .SquareWave

===========================================================================================
----------------- testing Sat Sep 22 02:13:35 UTC 2018 /home/travis/build/icyphy/ptII/ptolemy/domains/continuous/test/auto/Starmac.xml
----------------- Instantiating /home/travis/build/icyphy/ptII/ptolemy/domains/continuous/test/auto/Starmac.xml
3068 ms. Memory: 386560K Free: 168104K (43%)
----------------- Invoking toplevel() on ptolemy.moml.MoMLSimpleApplication@50fcc65c
----------------- Done invoking toplevel() on ptolemy.moml.MoMLSimpleApplication@50fcc65c
reloadAllAccessors: .Starmac

===========================================================================================
----------------- testing Sat Sep 22 02:13:38 UTC 2018 /home/travis/build/icyphy/ptII/ptolemy/domains/continuous/test/auto/StaticUnits.xml
----------------- Instantiating /home/travis/build/icyphy/ptII/ptolemy/domains/continuous/test/auto/StaticUnits.xml
2141 ms. Memory: 327168K Free: 297794K (91%)
----------------- Invoking toplevel() on ptolemy.moml.MoMLSimpleApplication@2392ea28
----------------- Done invoking toplevel() on ptolemy.moml.MoMLSimpleApplication@2392ea28
reloadAllAccessors: .StaticUnits

===========================================================================================
----------------- testing Sat Sep 22 02:13:41 UTC 2018 /home/travis/build/icyphy/ptII/ptolemy/domains/continuous/test/auto/StickyMasses.xml
----------------- Instantiating /home/travis/build/icyphy/ptII/ptolemy/domains/continuous/test/auto/StickyMasses.xml
115 ms. Memory: 327168K Free: 240061K (73%)
----------------- Invoking toplevel() on ptolemy.moml.MoMLSimpleApplication@5fa66f10
----------------- Done invoking toplevel() on ptolemy.moml.MoMLSimpleApplication@5fa66f10
reloadAllAccessors: .StickyMasses

===========================================================================================
----------------- testing Sat Sep 22 02:13:41 UTC 2018 /home/travis/build/icyphy/ptII/ptolemy/domains/continuous/test/auto/StopTime.xml
----------------- Instantiating /home/travis/build/icyphy/ptII/ptolemy/domains/continuous/test/auto/StopTime.xml
48 ms. Memory: 327168K Free: 211637K (65%)
----------------- Invoking toplevel() on ptolemy.moml.MoMLSimpleApplication@3045aa70
----------------- Done invoking toplevel() on ptolemy.moml.MoMLSimpleApplication@3045aa70
reloadAllAccessors: .StopTime

===========================================================================================
----------------- testing Sat Sep 22 02:13:41 UTC 2018 /home/travis/build/icyphy/ptII/ptolemy/domains/continuous/test/auto/StopTime2.xml
----------------- Instantiating /home/travis/build/icyphy/ptII/ptolemy/domains/continuous/test/auto/StopTime2.xml
38 ms. Memory: 327168K Free: 186865K (57%)
----------------- Invoking toplevel() on ptolemy.moml.MoMLSimpleApplication@1da4ab9d
----------------- Done invoking toplevel() on ptolemy.moml.MoMLSimpleApplication@1da4ab9d
reloadAllAccessors: .StopTime2

===========================================================================================
----------------- testing Sat Sep 22 02:13:41 UTC 2018 /home/travis/build/icyphy/ptII/ptolemy/domains/continuous/test/auto/Switch.xml
----------------- Instantiating /home/travis/build/icyphy/ptII/ptolemy/domains/continuous/test/auto/Switch.xml
45 ms. Memory: 327168K Free: 158405K (48%)
----------------- Invoking toplevel() on ptolemy.moml.MoMLSimpleApplication@53921ac4
----------------- Done invoking toplevel() on ptolemy.moml.MoMLSimpleApplication@53921ac4
reloadAllAccessors: .Switch

===========================================================================================
----------------- testing Sat Sep 22 02:13:41 UTC 2018 /home/travis/build/icyphy/ptII/ptolemy/domains/continuous/test/auto/Thermostat.xml
----------------- Instantiating /home/travis/build/icyphy/ptII/ptolemy/domains/continuous/test/auto/Thermostat.xml
209 ms. Memory: 327168K Free: 82240K (25%)
----------------- Invoking toplevel() on ptolemy.moml.MoMLSimpleApplication@6b2fbff7
----------------- Done invoking toplevel() on ptolemy.moml.MoMLSimpleApplication@6b2fbff7
reloadAllAccessors: .Thermostat

===========================================================================================
----------------- testing Sat Sep 22 02:13:41 UTC 2018 /home/travis/build/icyphy/ptII/ptolemy/domains/continuous/test/auto/TimeDelay.xml
----------------- Instantiating /home/travis/build/icyphy/ptII/ptolemy/domains/continuous/test/auto/TimeDelay.xml
6 ms. Memory: 327168K Free: 75845K (23%)
----------------- Invoking toplevel() on ptolemy.moml.MoMLSimpleApplication@2b7005e1
----------------- Done invoking toplevel() on ptolemy.moml.MoMLSimpleApplication@2b7005e1
reloadAllAccessors: .TimeDelay

===========================================================================================
----------------- testing Sat Sep 22 02:13:41 UTC 2018 /home/travis/build/icyphy/ptII/ptolemy/domains/continuous/test/auto/TimeDelay2.xml
----------------- Instantiating /home/travis/build/icyphy/ptII/ptolemy/domains/continuous/test/auto/TimeDelay2.xml
10 ms. Memory: 327168K Free: 62088K (19%)
----------------- Invoking toplevel() on ptolemy.moml.MoMLSimpleApplication@131068d8
----------------- Done invoking toplevel() on ptolemy.moml.MoMLSimpleApplication@131068d8
reloadAllAccessors: .TimeDelay2

===========================================================================================
----------------- testing Sat Sep 22 02:13:41 UTC 2018 /home/travis/build/icyphy/ptII/ptolemy/domains/continuous/test/auto/TimeDelay3.xml
----------------- Instantiating /home/travis/build/icyphy/ptII/ptolemy/domains/continuous/test/auto/TimeDelay3.xml
6 ms. Memory: 327168K Free: 55721K (17%)
----------------- Invoking toplevel() on ptolemy.moml.MoMLSimpleApplication@37be8d91
----------------- Done invoking toplevel() on ptolemy.moml.MoMLSimpleApplication@37be8d91
reloadAllAccessors: .TimeDelay3

===========================================================================================
----------------- testing Sat Sep 22 02:13:41 UTC 2018 /home/travis/build/icyphy/ptII/ptolemy/domains/continuous/test/auto/TransferAbsentToInside.xml
----------------- Instantiating /home/travis/build/icyphy/ptII/ptolemy/domains/continuous/test/auto/TransferAbsentToInside.xml
27 ms. Memory: 321536K Free: 265197K (82%)
----------------- Invoking toplevel() on ptolemy.moml.MoMLSimpleApplication@50245904
----------------- Done invoking toplevel() on ptolemy.moml.MoMLSimpleApplication@50245904
reloadAllAccessors: .TransferAbsentToInside

===========================================================================================
----------------- testing Sat Sep 22 02:13:41 UTC 2018 /home/travis/build/icyphy/ptII/ptolemy/domains/continuous/test/auto/Transmission.xml
----------------- Instantiating /home/travis/build/icyphy/ptII/ptolemy/domains/continuous/test/auto/Transmission.xml
870 ms. Memory: 304128K Free: 271108K (89%)
----------------- Invoking toplevel() on ptolemy.moml.MoMLSimpleApplication@63b365d
----------------- Done invoking toplevel() on ptolemy.moml.MoMLSimpleApplication@63b365d
reloadAllAccessors: .Transmission

===========================================================================================
----------------- testing Sat Sep 22 02:13:42 UTC 2018 /home/travis/build/icyphy/ptII/ptolemy/domains/continuous/test/auto/TriggeredContinuousClock.xml
----------------- Instantiating /home/travis/build/icyphy/ptII/ptolemy/domains/continuous/test/auto/TriggeredContinuousClock.xml
41 ms. Memory: 304128K Free: 237260K (78%)
----------------- Invoking toplevel() on ptolemy.moml.MoMLSimpleApplication@19593a20
----------------- Done invoking toplevel() on ptolemy.moml.MoMLSimpleApplication@19593a20
reloadAllAccessors: .TriggeredContinuousClock

===========================================================================================
----------------- testing Sat Sep 22 02:13:42 UTC 2018 /home/travis/build/icyphy/ptII/ptolemy/domains/continuous/test/auto/TwoMachineInfiniteBusControl.xml
----------------- Instantiating /home/travis/build/icyphy/ptII/ptolemy/domains/continuous/test/auto/TwoMachineInfiniteBusControl.xml
3025 ms. Memory: 282624K Free: 102428K (36%)
----------------- Invoking toplevel() on ptolemy.moml.MoMLSimpleApplication@46924653
----------------- Done invoking toplevel() on ptolemy.moml.MoMLSimpleApplication@46924653
reloadAllAccessors: .TwoMachineInfiniteBusControl

===========================================================================================
----------------- testing Sat Sep 22 02:13:46 UTC 2018 /home/travis/build/icyphy/ptII/ptolemy/domains/continuous/test/auto/V2V.xml
----------------- Instantiating /home/travis/build/icyphy/ptII/ptolemy/domains/continuous/test/auto/V2V.xml
819 ms. Memory: 279040K Free: 126412K (45%)
----------------- Invoking toplevel() on ptolemy.moml.MoMLSimpleApplication@77045bc9
----------------- Done invoking toplevel() on ptolemy.moml.MoMLSimpleApplication@77045bc9
reloadAllAccessors: .V2V

===========================================================================================
----------------- testing Sat Sep 22 02:13:46 UTC 2018 /home/travis/build/icyphy/ptII/ptolemy/domains/continuous/test/auto/hierarchicalModalModel.xml
----------------- Instantiating /home/travis/build/icyphy/ptII/ptolemy/domains/continuous/test/auto/hierarchicalModalModel.xml
9 ms. Memory: 279040K Free: 106673K (38%)
----------------- Invoking toplevel() on ptolemy.moml.MoMLSimpleApplication@6f0f1f21
----------------- Done invoking toplevel() on ptolemy.moml.MoMLSimpleApplication@6f0f1f21
reloadAllAccessors: .hierarchicalModalModel

===========================================================================================
----------------- testing Sat Sep 22 02:13:46 UTC 2018 /home/travis/build/icyphy/ptII/ptolemy/domains/continuous/test/auto/hierarchicalModalModel1.xml
----------------- Instantiating /home/travis/build/icyphy/ptII/ptolemy/domains/continuous/test/auto/hierarchicalModalModel1.xml
9 ms. Memory: 279040K Free: 89572K (32%)
----------------- Invoking toplevel() on ptolemy.moml.MoMLSimpleApplication@837e3ee
----------------- Done invoking toplevel() on ptolemy.moml.MoMLSimpleApplication@837e3ee
reloadAllAccessors: .hierarchicalModalModel1

===========================================================================================
----------------- testing Sat Sep 22 02:13:47 UTC 2018 /home/travis/build/icyphy/ptII/ptolemy/domains/continuous/test/auto/hierarchicalModalModel2.xml
----------------- Instantiating /home/travis/build/icyphy/ptII/ptolemy/domains/continuous/test/auto/hierarchicalModalModel2.xml
7 ms. Memory: 279040K Free: 73886K (26%)
----------------- Invoking toplevel() on ptolemy.moml.MoMLSimpleApplication@1828f564
----------------- Done invoking toplevel() on ptolemy.moml.MoMLSimpleApplication@1828f564
reloadAllAccessors: .hierarchicalModalModel2

===========================================================================================
----------------- testing Sat Sep 22 02:13:47 UTC 2018 /home/travis/build/icyphy/ptII/ptolemy/domains/continuous/test/auto/hierarchicalModalModel3.xml
----------------- Instantiating /home/travis/build/icyphy/ptII/ptolemy/domains/continuous/test/auto/hierarchicalModalModel3.xml
6 ms. Memory: 279040K Free: 61063K (22%)
----------------- Invoking toplevel() on ptolemy.moml.MoMLSimpleApplication@36da7663
----------------- Done invoking toplevel() on ptolemy.moml.MoMLSimpleApplication@36da7663
reloadAllAccessors: .hierarchicalModalModel3

===========================================================================================
----------------- testing Sat Sep 22 02:13:47 UTC 2018 /home/travis/build/icyphy/ptII/ptolemy/domains/continuous/test/auto/hierarchicalModalModel4.xml
----------------- Instantiating /home/travis/build/icyphy/ptII/ptolemy/domains/continuous/test/auto/hierarchicalModalModel4.xml
5 ms. Memory: 279040K Free: 45424K (16%)
----------------- Invoking toplevel() on ptolemy.moml.MoMLSimpleApplication@6da1288e
----------------- Done invoking toplevel() on ptolemy.moml.MoMLSimpleApplication@6da1288e
reloadAllAccessors: .hierarchicalModalModel4

===========================================================================================
----------------- testing Sat Sep 22 02:13:47 UTC 2018 /home/travis/build/icyphy/ptII/ptolemy/domains/continuous/test/auto/junk.xml
----------------- Instantiating /home/travis/build/icyphy/ptII/ptolemy/domains/continuous/test/auto/junk.xml
159 ms. Memory: 263680K Free: 219052K (83%)
----------------- Invoking toplevel() on ptolemy.moml.MoMLSimpleApplication@1a9df4b8
----------------- Done invoking toplevel() on ptolemy.moml.MoMLSimpleApplication@1a9df4b8
reloadAllAccessors: .junk
AutoTests.java: About to close Vertx.
AutoTests.java: Vertx closed.
]]></system-out>
  <system-err><![CDATA[Warning: '.HysteresisWithRandomDelay.NonStrictTest3' The test produced only 21 tokens, yet the correctValues parameter was expecting 30 tokens.
Warning: '.Poisson.NonStrictTest' The test produced only 410 tokens, yet the correctValues parameter was expecting 430 tokens.
]]></system-err>
</testsuite>
