<?xml version="1.0" encoding="UTF-8" ?>
<testsuite errors="0" failures="0" hostname="travis-job-fcf83e9f-c9ef-4818-b176-697903b2130e" name="ptolemy.domains.continuous.test.junit.JUnitTclTest" skipped="0" tests="156" time="75.988" timestamp="2019-03-19T03:47:04">
  <properties>
[...]
</properties>
  <testcase classname="ptolemy.util.test.junit.TclTests" name="[0] ThereAreNoTclTests (RunTclFile)" time="0.001" />
  <testcase classname="ptolemy.util.test.junit.AutoKnownFailedTests" name="[0] ThereAreNoKnowFailedTests (RunModel)" time="0.001" />
  <testcase classname="ptolemy.util.test.junit.AutoNameArchTests" name="[0] ThereAreNoAutoArchTests (RunModel)" time="0.001" />
  <testcase classname="ptolemy.util.test.junit.AutoTests" name="[0] /home/travis/build/icyphy/ptII/ptolemy/domains/continuous/test/auto/BouncingBall.xml (RunModel)" time="3.003" />
  <testcase classname="ptolemy.util.test.junit.AutoTests" name="[1] /home/travis/build/icyphy/ptII/ptolemy/domains/continuous/test/auto/BouncingBallWithoutGR.xml (RunModel)" time="0.98" />
  <testcase classname="ptolemy.util.test.junit.AutoTests" name="[2] /home/travis/build/icyphy/ptII/ptolemy/domains/continuous/test/auto/Brownian.xml (RunModel)" time="0.111" />
  <testcase classname="ptolemy.util.test.junit.AutoTests" name="[3] /home/travis/build/icyphy/ptII/ptolemy/domains/continuous/test/auto/CarTracking.xml (RunModel)" time="3.747" />
  <testcase classname="ptolemy.util.test.junit.AutoTests" name="[4] /home/travis/build/icyphy/ptII/ptolemy/domains/continuous/test/auto/CartPendulum.xml (RunModel)" time="0.513" />
  <testcase classname="ptolemy.util.test.junit.AutoTests" name="[5] /home/travis/build/icyphy/ptII/ptolemy/domains/continuous/test/auto/CausalityInterface10.xml (RunModel)" time="0.038" />
  <testcase classname="ptolemy.util.test.junit.AutoTests" name="[6] /home/travis/build/icyphy/ptII/ptolemy/domains/continuous/test/auto/CausalityInterface11.xml (RunModel)" time="0.025" />
  <testcase classname="ptolemy.util.test.junit.AutoTests" name="[7] /home/travis/build/icyphy/ptII/ptolemy/domains/continuous/test/auto/CausalityInterface12.xml (RunModel)" time="0.022" />
  <testcase classname="ptolemy.util.test.junit.AutoTests" name="[8] /home/travis/build/icyphy/ptII/ptolemy/domains/continuous/test/auto/CausalityInterface13.xml (RunModel)" time="0.021" />
  <testcase classname="ptolemy.util.test.junit.AutoTests" name="[9] /home/travis/build/icyphy/ptII/ptolemy/domains/continuous/test/auto/CausalityInterface14.xml (RunModel)" time="0.024" />
  <testcase classname="ptolemy.util.test.junit.AutoTests" name="[10] /home/travis/build/icyphy/ptII/ptolemy/domains/continuous/test/auto/CausalityInterface4.xml (RunModel)" time="0.029" />
  <testcase classname="ptolemy.util.test.junit.AutoTests" name="[11] /home/travis/build/icyphy/ptII/ptolemy/domains/continuous/test/auto/CausalityInterface5.xml (RunModel)" time="0.053" />
  <testcase classname="ptolemy.util.test.junit.AutoTests" name="[12] /home/travis/build/icyphy/ptII/ptolemy/domains/continuous/test/auto/CausalityInterface6.xml (RunModel)" time="0.024" />
  <testcase classname="ptolemy.util.test.junit.AutoTests" name="[13] /home/travis/build/icyphy/ptII/ptolemy/domains/continuous/test/auto/CausalityInterface7.xml (RunModel)" time="0.045" />
  <testcase classname="ptolemy.util.test.junit.AutoTests" name="[14] /home/travis/build/icyphy/ptII/ptolemy/domains/continuous/test/auto/CausalityInterface8.xml (RunModel)" time="0.04" />
  <testcase classname="ptolemy.util.test.junit.AutoTests" name="[15] /home/travis/build/icyphy/ptII/ptolemy/domains/continuous/test/auto/CausalityInterface9.xml (RunModel)" time="0.04" />
  <testcase classname="ptolemy.util.test.junit.AutoTests" name="[16] /home/travis/build/icyphy/ptII/ptolemy/domains/continuous/test/auto/CausalityInterfaceFeedback1.xml (RunModel)" time="0.025" />
  <testcase classname="ptolemy.util.test.junit.AutoTests" name="[17] /home/travis/build/icyphy/ptII/ptolemy/domains/continuous/test/auto/CausalityInterfaceFeedback2.xml (RunModel)" time="0.025" />
  <testcase classname="ptolemy.util.test.junit.AutoTests" name="[18] /home/travis/build/icyphy/ptII/ptolemy/domains/continuous/test/auto/CompareWithCurrentTime.xml (RunModel)" time="0.016" />
  <testcase classname="ptolemy.util.test.junit.AutoTests" name="[19] /home/travis/build/icyphy/ptII/ptolemy/domains/continuous/test/auto/ComparedClocks.xml (RunModel)" time="0.057" />
  <testcase classname="ptolemy.util.test.junit.AutoTests" name="[20] /home/travis/build/icyphy/ptII/ptolemy/domains/continuous/test/auto/ContinuousAOCClone.xml (RunModel)" time="2.843" />
  <testcase classname="ptolemy.util.test.junit.AutoTests" name="[21] /home/travis/build/icyphy/ptII/ptolemy/domains/continuous/test/auto/ContinuousClock.xml (RunModel)" time="0.101" />
  <testcase classname="ptolemy.util.test.junit.AutoTests" name="[22] /home/travis/build/icyphy/ptII/ptolemy/domains/continuous/test/auto/ContinuousInContinuous.xml (RunModel)" time="0.096" />
  <testcase classname="ptolemy.util.test.junit.AutoTests" name="[23] /home/travis/build/icyphy/ptII/ptolemy/domains/continuous/test/auto/ContinuousInContinuousInContinuous.xml (RunModel)" time="0.03" />
  <testcase classname="ptolemy.util.test.junit.AutoTests" name="[24] /home/travis/build/icyphy/ptII/ptolemy/domains/continuous/test/auto/ContinuousInDE.xml (RunModel)" time="0.144" />
  <testcase classname="ptolemy.util.test.junit.AutoTests" name="[25] /home/travis/build/icyphy/ptII/ptolemy/domains/continuous/test/auto/ContinuousInDE2.xml (RunModel)" time="0.062" />
  <testcase classname="ptolemy.util.test.junit.AutoTests" name="[26] /home/travis/build/icyphy/ptII/ptolemy/domains/continuous/test/auto/ContinuousInDE3.xml (RunModel)" time="0.07" />
  <testcase classname="ptolemy.util.test.junit.AutoTests" name="[27] /home/travis/build/icyphy/ptII/ptolemy/domains/continuous/test/auto/ContinuousInDE4.xml (RunModel)" time="0.038" />
  <testcase classname="ptolemy.util.test.junit.AutoTests" name="[28] /home/travis/build/icyphy/ptII/ptolemy/domains/continuous/test/auto/ContinuousInDEDifferentRefinements.xml (RunModel)" time="0.148" />
  <testcase classname="ptolemy.util.test.junit.AutoTests" name="[29] /home/travis/build/icyphy/ptII/ptolemy/domains/continuous/test/auto/ContinuousInDEDifferentRefinementsPreemptive.xml (RunModel)" time="0.098" />
  <testcase classname="ptolemy.util.test.junit.AutoTests" name="[30] /home/travis/build/icyphy/ptII/ptolemy/domains/continuous/test/auto/ContinuousInDEInContinuous2.xml (RunModel)" time="0.062" />
  <testcase classname="ptolemy.util.test.junit.AutoTests" name="[31] /home/travis/build/icyphy/ptII/ptolemy/domains/continuous/test/auto/ContinuousInDEInContinuous3.xml (RunModel)" time="0.065" />
  <testcase classname="ptolemy.util.test.junit.AutoTests" name="[32] /home/travis/build/icyphy/ptII/ptolemy/domains/continuous/test/auto/ContinuousInDEInput.xml (RunModel)" time="0.042" />
  <testcase classname="ptolemy.util.test.junit.AutoTests" name="[33] /home/travis/build/icyphy/ptII/ptolemy/domains/continuous/test/auto/ContinuousInDEInput2.xml (RunModel)" time="0.033" />
  <testcase classname="ptolemy.util.test.junit.AutoTests" name="[34] /home/travis/build/icyphy/ptII/ptolemy/domains/continuous/test/auto/ContinuousInDEInput3.xml (RunModel)" time="0.034" />
  <testcase classname="ptolemy.util.test.junit.AutoTests" name="[35] /home/travis/build/icyphy/ptII/ptolemy/domains/continuous/test/auto/ContinuousInDESharingRefinement.xml (RunModel)" time="0.255" />
  <testcase classname="ptolemy.util.test.junit.AutoTests" name="[36] /home/travis/build/icyphy/ptII/ptolemy/domains/continuous/test/auto/ContinuousInDEwithNoPorts.xml (RunModel)" time="0.02" />
  <testcase classname="ptolemy.util.test.junit.AutoTests" name="[37] /home/travis/build/icyphy/ptII/ptolemy/domains/continuous/test/auto/ContinuousInsideDE.xml (RunModel)" time="0.095" />
  <testcase classname="ptolemy.util.test.junit.AutoTests" name="[38] /home/travis/build/icyphy/ptII/ptolemy/domains/continuous/test/auto/ContinuousMerge1.xml (RunModel)" time="0.02" />
  <testcase classname="ptolemy.util.test.junit.AutoTests" name="[39] /home/travis/build/icyphy/ptII/ptolemy/domains/continuous/test/auto/ContinuousMerge2.xml (RunModel)" time="0.056" />
  <testcase classname="ptolemy.util.test.junit.AutoTests" name="[40] /home/travis/build/icyphy/ptII/ptolemy/domains/continuous/test/auto/ContinuousMerge3.xml (RunModel)" time="0.067" />
  <testcase classname="ptolemy.util.test.junit.AutoTests" name="[41] /home/travis/build/icyphy/ptII/ptolemy/domains/continuous/test/auto/ContinuousWithinContinuous.xml (RunModel)" time="0.06" />
  <testcase classname="ptolemy.util.test.junit.AutoTests" name="[42] /home/travis/build/icyphy/ptII/ptolemy/domains/continuous/test/auto/ContinuousWithinContinuous2.xml (RunModel)" time="0.083" />
  <testcase classname="ptolemy.util.test.junit.AutoTests" name="[43] /home/travis/build/icyphy/ptII/ptolemy/domains/continuous/test/auto/ContinuousWithinContinuous3.xml (RunModel)" time="0.034" />
  <testcase classname="ptolemy.util.test.junit.AutoTests" name="[44] /home/travis/build/icyphy/ptII/ptolemy/domains/continuous/test/auto/ContinuousWithinContinuous4.xml (RunModel)" time="0.08" />
  <testcase classname="ptolemy.util.test.junit.AutoTests" name="[45] /home/travis/build/icyphy/ptII/ptolemy/domains/continuous/test/auto/ContinuousWithinContinuous5.xml (RunModel)" time="0.037" />
  <testcase classname="ptolemy.util.test.junit.AutoTests" name="[46] /home/travis/build/icyphy/ptII/ptolemy/domains/continuous/test/auto/ContinuousWithinContinuous6.xml (RunModel)" time="0.034" />
  <testcase classname="ptolemy.util.test.junit.AutoTests" name="[47] /home/travis/build/icyphy/ptII/ptolemy/domains/continuous/test/auto/ContinuousWithinContinuous7.xml (RunModel)" time="0.071" />
  <testcase classname="ptolemy.util.test.junit.AutoTests" name="[48] /home/travis/build/icyphy/ptII/ptolemy/domains/continuous/test/auto/DCMotor.xml (RunModel)" time="14.592" />
  <testcase classname="ptolemy.util.test.junit.AutoTests" name="[49] /home/travis/build/icyphy/ptII/ptolemy/domains/continuous/test/auto/DEInContinuous.xml (RunModel)" time="0.019" />
  <testcase classname="ptolemy.util.test.junit.AutoTests" name="[50] /home/travis/build/icyphy/ptII/ptolemy/domains/continuous/test/auto/DEinContinuous2.xml (RunModel)" time="0.025" />
  <testcase classname="ptolemy.util.test.junit.AutoTests" name="[51] /home/travis/build/icyphy/ptII/ptolemy/domains/continuous/test/auto/Derivative.xml (RunModel)" time="0.188" />
  <testcase classname="ptolemy.util.test.junit.AutoTests" name="[52] /home/travis/build/icyphy/ptII/ptolemy/domains/continuous/test/auto/Derivative1.xml (RunModel)" time="0.044" />
  <testcase classname="ptolemy.util.test.junit.AutoTests" name="[53] /home/travis/build/icyphy/ptII/ptolemy/domains/continuous/test/auto/DiscreteClock.xml (RunModel)" time="0.038" />
  <testcase classname="ptolemy.util.test.junit.AutoTests" name="[54] /home/travis/build/icyphy/ptII/ptolemy/domains/continuous/test/auto/EfficiencyCurve.xml (RunModel)" time="0.08" />
  <testcase classname="ptolemy.util.test.junit.AutoTests" name="[55] /home/travis/build/icyphy/ptII/ptolemy/domains/continuous/test/auto/ExponentialResponse.xml (RunModel)" time="0.125" />
  <testcase classname="ptolemy.util.test.junit.AutoTests" name="[56] /home/travis/build/icyphy/ptII/ptolemy/domains/continuous/test/auto/ExponentialResponseRK45.xml (RunModel)" time="0.041" />
  <testcase classname="ptolemy.util.test.junit.AutoTests" name="[57] /home/travis/build/icyphy/ptII/ptolemy/domains/continuous/test/auto/Friction.xml (RunModel)" time="1.491" />
  <testcase classname="ptolemy.util.test.junit.AutoTests" name="[58] /home/travis/build/icyphy/ptII/ptolemy/domains/continuous/test/auto/FurutaPendulum.xml (RunModel)" time="3.717" />
  <testcase classname="ptolemy.util.test.junit.AutoTests" name="[59] /home/travis/build/icyphy/ptII/ptolemy/domains/continuous/test/auto/HierarchicalExecution.xml (RunModel)" time="2.369" />
  <testcase classname="ptolemy.util.test.junit.AutoTests" name="[60] /home/travis/build/icyphy/ptII/ptolemy/domains/continuous/test/auto/HybridPlant.xml (RunModel)" time="0.594" />
  <testcase classname="ptolemy.util.test.junit.AutoTests" name="[61] /home/travis/build/icyphy/ptII/ptolemy/domains/continuous/test/auto/Hysteresis.xml (RunModel)" time="0.18" />
  <testcase classname="ptolemy.util.test.junit.AutoTests" name="[62] /home/travis/build/icyphy/ptII/ptolemy/domains/continuous/test/auto/HysteresisWithRandomDelay.xml (RunModel)" time="0.245" />
  <testcase classname="ptolemy.util.test.junit.AutoTests" name="[63] /home/travis/build/icyphy/ptII/ptolemy/domains/continuous/test/auto/HysteresisWithRandomLosses.xml (RunModel)" time="2.406" />
  <testcase classname="ptolemy.util.test.junit.AutoTests" name="[64] /home/travis/build/icyphy/ptII/ptolemy/domains/continuous/test/auto/ImmediateTransitions.xml (RunModel)" time="0.03" />
  <testcase classname="ptolemy.util.test.junit.AutoTests" name="[65] /home/travis/build/icyphy/ptII/ptolemy/domains/continuous/test/auto/ImpulseFeedback.xml (RunModel)" time="0.03" />
  <testcase classname="ptolemy.util.test.junit.AutoTests" name="[66] /home/travis/build/icyphy/ptII/ptolemy/domains/continuous/test/auto/ImpulseFeedback2.xml (RunModel)" time="0.018" />
  <testcase classname="ptolemy.util.test.junit.AutoTests" name="[67] /home/travis/build/icyphy/ptII/ptolemy/domains/continuous/test/auto/IncreasingRatePoisson.xml (RunModel)" time="0.733" />
  <testcase classname="ptolemy.util.test.junit.AutoTests" name="[68] /home/travis/build/icyphy/ptII/ptolemy/domains/continuous/test/auto/InitialStateFeedback.xml (RunModel)" time="0.025" />
  <testcase classname="ptolemy.util.test.junit.AutoTests" name="[69] /home/travis/build/icyphy/ptII/ptolemy/domains/continuous/test/auto/Integration.xml (RunModel)" time="0.009" />
  <testcase classname="ptolemy.util.test.junit.AutoTests" name="[70] /home/travis/build/icyphy/ptII/ptolemy/domains/continuous/test/auto/Integration2.xml (RunModel)" time="0.086" />
  <testcase classname="ptolemy.util.test.junit.AutoTests" name="[71] /home/travis/build/icyphy/ptII/ptolemy/domains/continuous/test/auto/Integration3.xml (RunModel)" time="0.014" />
  <testcase classname="ptolemy.util.test.junit.AutoTests" name="[72] /home/travis/build/icyphy/ptII/ptolemy/domains/continuous/test/auto/Integration5.xml (RunModel)" time="0.011" />
  <testcase classname="ptolemy.util.test.junit.AutoTests" name="[73] /home/travis/build/icyphy/ptII/ptolemy/domains/continuous/test/auto/IntegratorImpulse.xml (RunModel)" time="0.019" />
  <testcase classname="ptolemy.util.test.junit.AutoTests" name="[74] /home/travis/build/icyphy/ptII/ptolemy/domains/continuous/test/auto/IntegratorImpulse2.xml (RunModel)" time="0.02" />
  <testcase classname="ptolemy.util.test.junit.AutoTests" name="[75] /home/travis/build/icyphy/ptII/ptolemy/domains/continuous/test/auto/LevelCrossing1.xml (RunModel)" time="0.013" />
  <testcase classname="ptolemy.util.test.junit.AutoTests" name="[76] /home/travis/build/icyphy/ptII/ptolemy/domains/continuous/test/auto/LevelCrossing2.xml (RunModel)" time="0.012" />
  <testcase classname="ptolemy.util.test.junit.AutoTests" name="[77] /home/travis/build/icyphy/ptII/ptolemy/domains/continuous/test/auto/LevelCrossing3.xml (RunModel)" time="0.013" />
  <testcase classname="ptolemy.util.test.junit.AutoTests" name="[78] /home/travis/build/icyphy/ptII/ptolemy/domains/continuous/test/auto/LevelCrossing4.xml (RunModel)" time="0.013" />
  <testcase classname="ptolemy.util.test.junit.AutoTests" name="[79] /home/travis/build/icyphy/ptII/ptolemy/domains/continuous/test/auto/LevelCrossing5.xml (RunModel)" time="0.014" />
  <testcase classname="ptolemy.util.test.junit.AutoTests" name="[80] /home/travis/build/icyphy/ptII/ptolemy/domains/continuous/test/auto/LevelCrossing6.xml (RunModel)" time="0.013" />
  <testcase classname="ptolemy.util.test.junit.AutoTests" name="[81] /home/travis/build/icyphy/ptII/ptolemy/domains/continuous/test/auto/LevelCrossingDetector.xml (RunModel)" time="0.035" />
  <testcase classname="ptolemy.util.test.junit.AutoTests" name="[82] /home/travis/build/icyphy/ptII/ptolemy/domains/continuous/test/auto/LevelCrossingDetectorDetectingDirections.xml (RunModel)" time="0.09" />
  <testcase classname="ptolemy.util.test.junit.AutoTests" name="[83] /home/travis/build/icyphy/ptII/ptolemy/domains/continuous/test/auto/LevelCrossingDetectorDetectsGlitches.xml (RunModel)" time="0.071" />
  <testcase classname="ptolemy.util.test.junit.AutoTests" name="[84] /home/travis/build/icyphy/ptII/ptolemy/domains/continuous/test/auto/LevelCrossingNoInitialOuput.xml (RunModel)" time="0.015" />
  <testcase classname="ptolemy.util.test.junit.AutoTests" name="[85] /home/travis/build/icyphy/ptII/ptolemy/domains/continuous/test/auto/LinearStateSpaceExample.xml (RunModel)" time="0.042" />
  <testcase classname="ptolemy.util.test.junit.AutoTests" name="[86] /home/travis/build/icyphy/ptII/ptolemy/domains/continuous/test/auto/Lorenz.xml (RunModel)" time="4.166" />
  <testcase classname="ptolemy.util.test.junit.AutoTests" name="[87] /home/travis/build/icyphy/ptII/ptolemy/domains/continuous/test/auto/LorenzDifferentialSystem.xml (RunModel)" time="1.135" />
  <testcase classname="ptolemy.util.test.junit.AutoTests" name="[88] /home/travis/build/icyphy/ptII/ptolemy/domains/continuous/test/auto/LorenzDifferentialSystemWithInput.xml (RunModel)" time="1.534" />
  <testcase classname="ptolemy.util.test.junit.AutoTests" name="[89] /home/travis/build/icyphy/ptII/ptolemy/domains/continuous/test/auto/LorenzDifferentialSystemWithTime.xml (RunModel)" time="0.824" />
  <testcase classname="ptolemy.util.test.junit.AutoTests" name="[90] /home/travis/build/icyphy/ptII/ptolemy/domains/continuous/test/auto/Microsteps.xml (RunModel)" time="0.021" />
  <testcase classname="ptolemy.util.test.junit.AutoTests" name="[91] /home/travis/build/icyphy/ptII/ptolemy/domains/continuous/test/auto/Modal1.xml (RunModel)" time="0.041" />
  <testcase classname="ptolemy.util.test.junit.AutoTests" name="[92] /home/travis/build/icyphy/ptII/ptolemy/domains/continuous/test/auto/Modal2.xml (RunModel)" time="0.035" />
  <testcase classname="ptolemy.util.test.junit.AutoTests" name="[93] /home/travis/build/icyphy/ptII/ptolemy/domains/continuous/test/auto/ModalTransitionGuardWithReset.xml (RunModel)" time="0.022" />
  <testcase classname="ptolemy.util.test.junit.AutoTests" name="[94] /home/travis/build/icyphy/ptII/ptolemy/domains/continuous/test/auto/ModalTransitionGuardWithResetUsingPreemptiveTransition.xml (RunModel)" time="0.028" />
  <testcase classname="ptolemy.util.test.junit.AutoTests" name="[95] /home/travis/build/icyphy/ptII/ptolemy/domains/continuous/test/auto/ModalTransitionGuardWithResetUsingPreemptiveTransition2.xml (RunModel)" time="0.022" />
  <testcase classname="ptolemy.util.test.junit.AutoTests" name="[96] /home/travis/build/icyphy/ptII/ptolemy/domains/continuous/test/auto/ModalTransitionGuardWithResetUsingPreemptiveTransition3.xml (RunModel)" time="0.036" />
  <testcase classname="ptolemy.util.test.junit.AutoTests" name="[97] /home/travis/build/icyphy/ptII/ptolemy/domains/continuous/test/auto/NewtonsCradle.xml (RunModel)" time="0.825" />
  <testcase classname="ptolemy.util.test.junit.AutoTests" name="[98] /home/travis/build/icyphy/ptII/ptolemy/domains/continuous/test/auto/NewtonsCradleAnimated.xml (RunModel)" time="1.27" />
  <testcase classname="ptolemy.util.test.junit.AutoTests" name="[99] /home/travis/build/icyphy/ptII/ptolemy/domains/continuous/test/auto/NewtonsCradleComplicated.xml (RunModel)" time="0.992" />
  <testcase classname="ptolemy.util.test.junit.AutoTests" name="[100] /home/travis/build/icyphy/ptII/ptolemy/domains/continuous/test/auto/NewtonsCradleNondeterministic.xml (RunModel)" time="0.736" />
  <testcase classname="ptolemy.util.test.junit.AutoTests" name="[101] /home/travis/build/icyphy/ptII/ptolemy/domains/continuous/test/auto/NewtonsCradlePerfectlyInelastic1.xml (RunModel)" time="1.195" />
  <testcase classname="ptolemy.util.test.junit.AutoTests" name="[102] /home/travis/build/icyphy/ptII/ptolemy/domains/continuous/test/auto/Noise.xml (RunModel)" time="0.16" />
  <testcase classname="ptolemy.util.test.junit.AutoTests" name="[103] /home/travis/build/icyphy/ptII/ptolemy/domains/continuous/test/auto/NoiseSpectrum.xml (RunModel)" time="0.79" />
  <testcase classname="ptolemy.util.test.junit.AutoTests" name="[104] /home/travis/build/icyphy/ptII/ptolemy/domains/continuous/test/auto/ParameterizedNewtonsCradleAnimated.xml (RunModel)" time="0.313" />
  <testcase classname="ptolemy.util.test.junit.AutoTests" name="[105] /home/travis/build/icyphy/ptII/ptolemy/domains/continuous/test/auto/ParameterizedNewtonsCradleAnimatedNondeterministic.xml (RunModel)" time="1.176" />
  <testcase classname="ptolemy.util.test.junit.AutoTests" name="[106] /home/travis/build/icyphy/ptII/ptolemy/domains/continuous/test/auto/Pendulum3D.xml (RunModel)" time="0.167" />
  <testcase classname="ptolemy.util.test.junit.AutoTests" name="[107] /home/travis/build/icyphy/ptII/ptolemy/domains/continuous/test/auto/PeriodicSampler.xml (RunModel)" time="0.011" />
  <testcase classname="ptolemy.util.test.junit.AutoTests" name="[108] /home/travis/build/icyphy/ptII/ptolemy/domains/continuous/test/auto/PeriodicSampler1.xml (RunModel)" time="0.039" />
  <testcase classname="ptolemy.util.test.junit.AutoTests" name="[109] /home/travis/build/icyphy/ptII/ptolemy/domains/continuous/test/auto/PeriodicSampler2.xml (RunModel)" time="0.072" />
  <testcase classname="ptolemy.util.test.junit.AutoTests" name="[110] /home/travis/build/icyphy/ptII/ptolemy/domains/continuous/test/auto/Poisson.xml (RunModel)" time="0.436" />
  <testcase classname="ptolemy.util.test.junit.AutoTests" name="[111] /home/travis/build/icyphy/ptII/ptolemy/domains/continuous/test/auto/PoissonClock.xml (RunModel)" time="0.013" />
  <testcase classname="ptolemy.util.test.junit.AutoTests" name="[112] /home/travis/build/icyphy/ptII/ptolemy/domains/continuous/test/auto/PoissonClock2.xml (RunModel)" time="0.017" />
  <testcase classname="ptolemy.util.test.junit.AutoTests" name="[113] /home/travis/build/icyphy/ptII/ptolemy/domains/continuous/test/auto/PortParameterHierarchy.xml (RunModel)" time="0.025" />
  <testcase classname="ptolemy.util.test.junit.AutoTests" name="[114] /home/travis/build/icyphy/ptII/ptolemy/domains/continuous/test/auto/RandomHybridPlant.xml (RunModel)" time="0.5" />
  <testcase classname="ptolemy.util.test.junit.AutoTests" name="[115] /home/travis/build/icyphy/ptII/ptolemy/domains/continuous/test/auto/ResetTransitionWithStartTime1.xml (RunModel)" time="0.037" />
  <testcase classname="ptolemy.util.test.junit.AutoTests" name="[116] /home/travis/build/icyphy/ptII/ptolemy/domains/continuous/test/auto/ResetTransitionWithStartTime2.xml (RunModel)" time="0.036" />
  <testcase classname="ptolemy.util.test.junit.AutoTests" name="[117] /home/travis/build/icyphy/ptII/ptolemy/domains/continuous/test/auto/ResetTransitionWithStartTime3.xml (RunModel)" time="0.042" />
  <testcase classname="ptolemy.util.test.junit.AutoTests" name="[118] /home/travis/build/icyphy/ptII/ptolemy/domains/continuous/test/auto/ResetTransitionWithStartTime4.xml (RunModel)" time="0.026" />
  <testcase classname="ptolemy.util.test.junit.AutoTests" name="[119] /home/travis/build/icyphy/ptII/ptolemy/domains/continuous/test/auto/ResetTransitionWithStartTime5.xml (RunModel)" time="0.03" />
  <testcase classname="ptolemy.util.test.junit.AutoTests" name="[120] /home/travis/build/icyphy/ptII/ptolemy/domains/continuous/test/auto/ResetTransitionWithStartTime6.xml (RunModel)" time="0.026" />
  <testcase classname="ptolemy.util.test.junit.AutoTests" name="[121] /home/travis/build/icyphy/ptII/ptolemy/domains/continuous/test/auto/SRinContinuous.xml (RunModel)" time="0.031" />
  <testcase classname="ptolemy.util.test.junit.AutoTests" name="[122] /home/travis/build/icyphy/ptII/ptolemy/domains/continuous/test/auto/SampledClocks.xml (RunModel)" time="0.029" />
  <testcase classname="ptolemy.util.test.junit.AutoTests" name="[123] /home/travis/build/icyphy/ptII/ptolemy/domains/continuous/test/auto/Satellite.xml (RunModel)" time="0.823" />
  <testcase classname="ptolemy.util.test.junit.AutoTests" name="[124] /home/travis/build/icyphy/ptII/ptolemy/domains/continuous/test/auto/SigmaDelta.xml (RunModel)" time="2.483" />
  <testcase classname="ptolemy.util.test.junit.AutoTests" name="[125] /home/travis/build/icyphy/ptII/ptolemy/domains/continuous/test/auto/SingleRefinement.xml (RunModel)" time="0.518" />
  <testcase classname="ptolemy.util.test.junit.AutoTests" name="[126] /home/travis/build/icyphy/ptII/ptolemy/domains/continuous/test/auto/SinuBouncingBall.xml (RunModel)" time="0.804" />
  <testcase classname="ptolemy.util.test.junit.AutoTests" name="[127] /home/travis/build/icyphy/ptII/ptolemy/domains/continuous/test/auto/Sinusoid.xml (RunModel)" time="0.017" />
  <testcase classname="ptolemy.util.test.junit.AutoTests" name="[128] /home/travis/build/icyphy/ptII/ptolemy/domains/continuous/test/auto/SinusoidInNoise.xml (RunModel)" time="0.878" />
  <testcase classname="ptolemy.util.test.junit.AutoTests" name="[129] /home/travis/build/icyphy/ptII/ptolemy/domains/continuous/test/auto/SinusoidRK45.xml (RunModel)" time="0.012" />
  <testcase classname="ptolemy.util.test.junit.AutoTests" name="[130] /home/travis/build/icyphy/ptII/ptolemy/domains/continuous/test/auto/SinusoidWithMultipleImpulses.xml (RunModel)" time="0.013" />
  <testcase classname="ptolemy.util.test.junit.AutoTests" name="[131] /home/travis/build/icyphy/ptII/ptolemy/domains/continuous/test/auto/SquareWave.xml (RunModel)" time="0.172" />
  <testcase classname="ptolemy.util.test.junit.AutoTests" name="[132] /home/travis/build/icyphy/ptII/ptolemy/domains/continuous/test/auto/Starmac.xml (RunModel)" time="3.349" />
  <testcase classname="ptolemy.util.test.junit.AutoTests" name="[133] /home/travis/build/icyphy/ptII/ptolemy/domains/continuous/test/auto/StaticUnits.xml (RunModel)" time="2.48" />
  <testcase classname="ptolemy.util.test.junit.AutoTests" name="[134] /home/travis/build/icyphy/ptII/ptolemy/domains/continuous/test/auto/StickyMasses.xml (RunModel)" time="0.177" />
  <testcase classname="ptolemy.util.test.junit.AutoTests" name="[135] /home/travis/build/icyphy/ptII/ptolemy/domains/continuous/test/auto/StopTime.xml (RunModel)" time="0.06" />
  <testcase classname="ptolemy.util.test.junit.AutoTests" name="[136] /home/travis/build/icyphy/ptII/ptolemy/domains/continuous/test/auto/StopTime2.xml (RunModel)" time="0.06" />
  <testcase classname="ptolemy.util.test.junit.AutoTests" name="[137] /home/travis/build/icyphy/ptII/ptolemy/domains/continuous/test/auto/Switch.xml (RunModel)" time="0.056" />
  <testcase classname="ptolemy.util.test.junit.AutoTests" name="[138] /home/travis/build/icyphy/ptII/ptolemy/domains/continuous/test/auto/Thermostat.xml (RunModel)" time="0.211" />
  <testcase classname="ptolemy.util.test.junit.AutoTests" name="[139] /home/travis/build/icyphy/ptII/ptolemy/domains/continuous/test/auto/TimeDelay.xml (RunModel)" time="0.019" />
  <testcase classname="ptolemy.util.test.junit.AutoTests" name="[140] /home/travis/build/icyphy/ptII/ptolemy/domains/continuous/test/auto/TimeDelay2.xml (RunModel)" time="0.017" />
  <testcase classname="ptolemy.util.test.junit.AutoTests" name="[141] /home/travis/build/icyphy/ptII/ptolemy/domains/continuous/test/auto/TimeDelay3.xml (RunModel)" time="0.016" />
  <testcase classname="ptolemy.util.test.junit.AutoTests" name="[142] /home/travis/build/icyphy/ptII/ptolemy/domains/continuous/test/auto/TransferAbsentToInside.xml (RunModel)" time="0.107" />
  <testcase classname="ptolemy.util.test.junit.AutoTests" name="[143] /home/travis/build/icyphy/ptII/ptolemy/domains/continuous/test/auto/Transmission.xml (RunModel)" time="0.806" />
  <testcase classname="ptolemy.util.test.junit.AutoTests" name="[144] /home/travis/build/icyphy/ptII/ptolemy/domains/continuous/test/auto/TriggeredContinuousClock.xml (RunModel)" time="0.061" />
  <testcase classname="ptolemy.util.test.junit.AutoTests" name="[145] /home/travis/build/icyphy/ptII/ptolemy/domains/continuous/test/auto/TwoMachineInfiniteBusControl.xml (RunModel)" time="2.892" />
  <testcase classname="ptolemy.util.test.junit.AutoTests" name="[146] /home/travis/build/icyphy/ptII/ptolemy/domains/continuous/test/auto/V2V.xml (RunModel)" time="0.767" />
  <testcase classname="ptolemy.util.test.junit.AutoTests" name="[147] /home/travis/build/icyphy/ptII/ptolemy/domains/continuous/test/auto/hierarchicalModalModel.xml (RunModel)" time="0.032" />
  <testcase classname="ptolemy.util.test.junit.AutoTests" name="[148] /home/travis/build/icyphy/ptII/ptolemy/domains/continuous/test/auto/hierarchicalModalModel1.xml (RunModel)" time="0.029" />
  <testcase classname="ptolemy.util.test.junit.AutoTests" name="[149] /home/travis/build/icyphy/ptII/ptolemy/domains/continuous/test/auto/hierarchicalModalModel2.xml (RunModel)" time="0.026" />
  <testcase classname="ptolemy.util.test.junit.AutoTests" name="[150] /home/travis/build/icyphy/ptII/ptolemy/domains/continuous/test/auto/hierarchicalModalModel3.xml (RunModel)" time="0.022" />
  <testcase classname="ptolemy.util.test.junit.AutoTests" name="[151] /home/travis/build/icyphy/ptII/ptolemy/domains/continuous/test/auto/hierarchicalModalModel4.xml (RunModel)" time="0.027" />
  <testcase classname="ptolemy.util.test.junit.AutoTests" name="[152] /home/travis/build/icyphy/ptII/ptolemy/domains/continuous/test/auto/junk.xml (RunModel)" time="0.162" />
  <system-out><![CDATA[No tcl tests in /home/travis/build/icyphy/ptII/ptolemy/domains/continuous/test
No auto/knownFailedTests/*.xml tests in /home/travis/build/icyphy/ptII/ptolemy/domains/continuous/test
No auto/linux-amd64/*.xml tests in /home/travis/build/icyphy/ptII/ptolemy/domains/continuous/test
AutoTests.java: About to close Vertx.
AutoTests.java: Vertx closed.

===========================================================================================
----------------- testing Tue Mar 19 03:47:05 UTC 2019 /home/travis/build/icyphy/ptII/ptolemy/domains/continuous/test/auto/BouncingBall.xml
----------------- Instantiating /home/travis/build/icyphy/ptII/ptolemy/domains/continuous/test/auto/BouncingBall.xml
2488 ms. Memory: 331264K Free: 266396K (80%)
----------------- Invoking toplevel() on ptolemy.moml.MoMLSimpleApplication@21305715
----------------- Done invoking toplevel() on ptolemy.moml.MoMLSimpleApplication@21305715
reloadAllAccessors: .BouncingBall

===========================================================================================
----------------- testing Tue Mar 19 03:47:08 UTC 2019 /home/travis/build/icyphy/ptII/ptolemy/domains/continuous/test/auto/BouncingBallWithoutGR.xml
----------------- Instantiating /home/travis/build/icyphy/ptII/ptolemy/domains/continuous/test/auto/BouncingBallWithoutGR.xml
852 ms. Memory: 331264K Free: 80338K (24%)
----------------- Invoking toplevel() on ptolemy.moml.MoMLSimpleApplication@715c6774
----------------- Done invoking toplevel() on ptolemy.moml.MoMLSimpleApplication@715c6774
reloadAllAccessors: .BouncingBallWithoutGR

===========================================================================================
----------------- testing Tue Mar 19 03:47:09 UTC 2019 /home/travis/build/icyphy/ptII/ptolemy/domains/continuous/test/auto/Brownian.xml
----------------- Instantiating /home/travis/build/icyphy/ptII/ptolemy/domains/continuous/test/auto/Brownian.xml
24 ms. Memory: 331776K Free: 314020K (95%)
----------------- Invoking toplevel() on ptolemy.moml.MoMLSimpleApplication@665f3f49
----------------- Done invoking toplevel() on ptolemy.moml.MoMLSimpleApplication@665f3f49
reloadAllAccessors: .Brownian

===========================================================================================
----------------- testing Tue Mar 19 03:47:09 UTC 2019 /home/travis/build/icyphy/ptII/ptolemy/domains/continuous/test/auto/CarTracking.xml
----------------- Instantiating /home/travis/build/icyphy/ptII/ptolemy/domains/continuous/test/auto/CarTracking.xml
3343 ms. Memory: 578560K Free: 470393K (81%)
----------------- Invoking toplevel() on ptolemy.moml.MoMLSimpleApplication@7edde94c
----------------- Done invoking toplevel() on ptolemy.moml.MoMLSimpleApplication@7edde94c
reloadAllAccessors: .CarTracking

===========================================================================================
----------------- testing Tue Mar 19 03:47:13 UTC 2019 /home/travis/build/icyphy/ptII/ptolemy/domains/continuous/test/auto/CartPendulum.xml
----------------- Instantiating /home/travis/build/icyphy/ptII/ptolemy/domains/continuous/test/auto/CartPendulum.xml
400 ms. Memory: 578560K Free: 365216K (63%)
----------------- Invoking toplevel() on ptolemy.moml.MoMLSimpleApplication@4caf74c5
----------------- Done invoking toplevel() on ptolemy.moml.MoMLSimpleApplication@4caf74c5
reloadAllAccessors: .CartPendulum

===========================================================================================
----------------- testing Tue Mar 19 03:47:13 UTC 2019 /home/travis/build/icyphy/ptII/ptolemy/domains/continuous/test/auto/CausalityInterface10.xml
----------------- Instantiating /home/travis/build/icyphy/ptII/ptolemy/domains/continuous/test/auto/CausalityInterface10.xml
7 ms. Memory: 578560K Free: 352092K (61%)
----------------- Invoking toplevel() on ptolemy.moml.MoMLSimpleApplication@8ae3c62
----------------- Done invoking toplevel() on ptolemy.moml.MoMLSimpleApplication@8ae3c62
reloadAllAccessors: .CausalityInterface10

===========================================================================================
----------------- testing Tue Mar 19 03:47:13 UTC 2019 /home/travis/build/icyphy/ptII/ptolemy/domains/continuous/test/auto/CausalityInterface11.xml
----------------- Instantiating /home/travis/build/icyphy/ptII/ptolemy/domains/continuous/test/auto/CausalityInterface11.xml
5 ms. Memory: 578560K Free: 342260K (59%)
----------------- Invoking toplevel() on ptolemy.moml.MoMLSimpleApplication@32a13bef
----------------- Done invoking toplevel() on ptolemy.moml.MoMLSimpleApplication@32a13bef
reloadAllAccessors: .CausalityInterface11

===========================================================================================
----------------- testing Tue Mar 19 03:47:13 UTC 2019 /home/travis/build/icyphy/ptII/ptolemy/domains/continuous/test/auto/CausalityInterface12.xml
----------------- Instantiating /home/travis/build/icyphy/ptII/ptolemy/domains/continuous/test/auto/CausalityInterface12.xml
5 ms. Memory: 578560K Free: 329520K (57%)
----------------- Invoking toplevel() on ptolemy.moml.MoMLSimpleApplication@5d4fe699
----------------- Done invoking toplevel() on ptolemy.moml.MoMLSimpleApplication@5d4fe699
reloadAllAccessors: .CausalityInterface12

===========================================================================================
----------------- testing Tue Mar 19 03:47:13 UTC 2019 /home/travis/build/icyphy/ptII/ptolemy/domains/continuous/test/auto/CausalityInterface13.xml
----------------- Instantiating /home/travis/build/icyphy/ptII/ptolemy/domains/continuous/test/auto/CausalityInterface13.xml
4 ms. Memory: 578560K Free: 314758K (54%)
----------------- Invoking toplevel() on ptolemy.moml.MoMLSimpleApplication@6182d8e5
----------------- Done invoking toplevel() on ptolemy.moml.MoMLSimpleApplication@6182d8e5
reloadAllAccessors: .CausalityInterface13

===========================================================================================
----------------- testing Tue Mar 19 03:47:13 UTC 2019 /home/travis/build/icyphy/ptII/ptolemy/domains/continuous/test/auto/CausalityInterface14.xml
----------------- Instantiating /home/travis/build/icyphy/ptII/ptolemy/domains/continuous/test/auto/CausalityInterface14.xml
6 ms. Memory: 578560K Free: 304927K (53%)
----------------- Invoking toplevel() on ptolemy.moml.MoMLSimpleApplication@6baf9bae
----------------- Done invoking toplevel() on ptolemy.moml.MoMLSimpleApplication@6baf9bae
reloadAllAccessors: .CausalityInterface14

===========================================================================================
----------------- testing Tue Mar 19 03:47:13 UTC 2019 /home/travis/build/icyphy/ptII/ptolemy/domains/continuous/test/auto/CausalityInterface4.xml
----------------- Instantiating /home/travis/build/icyphy/ptII/ptolemy/domains/continuous/test/auto/CausalityInterface4.xml
8 ms. Memory: 578560K Free: 295081K (51%)
----------------- Invoking toplevel() on ptolemy.moml.MoMLSimpleApplication@25d14de6
----------------- Done invoking toplevel() on ptolemy.moml.MoMLSimpleApplication@25d14de6
reloadAllAccessors: .CausalityInterface4

===========================================================================================
----------------- testing Tue Mar 19 03:47:13 UTC 2019 /home/travis/build/icyphy/ptII/ptolemy/domains/continuous/test/auto/CausalityInterface5.xml
----------------- Instantiating /home/travis/build/icyphy/ptII/ptolemy/domains/continuous/test/auto/CausalityInterface5.xml
15 ms. Memory: 578560K Free: 279072K (48%)
----------------- Invoking toplevel() on ptolemy.moml.MoMLSimpleApplication@4cb528ef
----------------- Done invoking toplevel() on ptolemy.moml.MoMLSimpleApplication@4cb528ef
reloadAllAccessors: .CausalityInterface5

===========================================================================================
----------------- testing Tue Mar 19 03:47:13 UTC 2019 /home/travis/build/icyphy/ptII/ptolemy/domains/continuous/test/auto/CausalityInterface6.xml
----------------- Instantiating /home/travis/build/icyphy/ptII/ptolemy/domains/continuous/test/auto/CausalityInterface6.xml
3 ms. Memory: 578560K Free: 269225K (47%)
----------------- Invoking toplevel() on ptolemy.moml.MoMLSimpleApplication@20605188
----------------- Done invoking toplevel() on ptolemy.moml.MoMLSimpleApplication@20605188
reloadAllAccessors: .CausalityInterface6

===========================================================================================
----------------- testing Tue Mar 19 03:47:13 UTC 2019 /home/travis/build/icyphy/ptII/ptolemy/domains/continuous/test/auto/CausalityInterface7.xml
----------------- Instantiating /home/travis/build/icyphy/ptII/ptolemy/domains/continuous/test/auto/CausalityInterface7.xml
9 ms. Memory: 578560K Free: 256110K (44%)
----------------- Invoking toplevel() on ptolemy.moml.MoMLSimpleApplication@280908b8
----------------- Done invoking toplevel() on ptolemy.moml.MoMLSimpleApplication@280908b8
reloadAllAccessors: .CausalityInterface7

===========================================================================================
----------------- testing Tue Mar 19 03:47:14 UTC 2019 /home/travis/build/icyphy/ptII/ptolemy/domains/continuous/test/auto/CausalityInterface8.xml
----------------- Instantiating /home/travis/build/icyphy/ptII/ptolemy/domains/continuous/test/auto/CausalityInterface8.xml
5 ms. Memory: 578560K Free: 242978K (42%)
----------------- Invoking toplevel() on ptolemy.moml.MoMLSimpleApplication@455653f2
----------------- Done invoking toplevel() on ptolemy.moml.MoMLSimpleApplication@455653f2
reloadAllAccessors: .CausalityInterface8

===========================================================================================
----------------- testing Tue Mar 19 03:47:14 UTC 2019 /home/travis/build/icyphy/ptII/ptolemy/domains/continuous/test/auto/CausalityInterface9.xml
----------------- Instantiating /home/travis/build/icyphy/ptII/ptolemy/domains/continuous/test/auto/CausalityInterface9.xml
5 ms. Memory: 578560K Free: 223676K (39%)
----------------- Invoking toplevel() on ptolemy.moml.MoMLSimpleApplication@38bbafd1
----------------- Done invoking toplevel() on ptolemy.moml.MoMLSimpleApplication@38bbafd1
reloadAllAccessors: .CausalityInterface9

===========================================================================================
----------------- testing Tue Mar 19 03:47:14 UTC 2019 /home/travis/build/icyphy/ptII/ptolemy/domains/continuous/test/auto/CausalityInterfaceFeedback1.xml
----------------- Instantiating /home/travis/build/icyphy/ptII/ptolemy/domains/continuous/test/auto/CausalityInterfaceFeedback1.xml
3 ms. Memory: 578560K Free: 213830K (37%)
----------------- Invoking toplevel() on ptolemy.moml.MoMLSimpleApplication@42c10ab9
----------------- Done invoking toplevel() on ptolemy.moml.MoMLSimpleApplication@42c10ab9
reloadAllAccessors: .CausalityInterfaceFeedback1

===========================================================================================
----------------- testing Tue Mar 19 03:47:14 UTC 2019 /home/travis/build/icyphy/ptII/ptolemy/domains/continuous/test/auto/CausalityInterfaceFeedback2.xml
----------------- Instantiating /home/travis/build/icyphy/ptII/ptolemy/domains/continuous/test/auto/CausalityInterfaceFeedback2.xml
3 ms. Memory: 578560K Free: 203999K (35%)
----------------- Invoking toplevel() on ptolemy.moml.MoMLSimpleApplication@4bd0c174
----------------- Done invoking toplevel() on ptolemy.moml.MoMLSimpleApplication@4bd0c174
reloadAllAccessors: .CausalityInterfaceFeedback2

===========================================================================================
----------------- testing Tue Mar 19 03:47:14 UTC 2019 /home/travis/build/icyphy/ptII/ptolemy/domains/continuous/test/auto/CompareWithCurrentTime.xml
----------------- Instantiating /home/travis/build/icyphy/ptII/ptolemy/domains/continuous/test/auto/CompareWithCurrentTime.xml
2 ms. Memory: 578560K Free: 194551K (34%)
----------------- Invoking toplevel() on ptolemy.moml.MoMLSimpleApplication@7ef4e59e
----------------- Done invoking toplevel() on ptolemy.moml.MoMLSimpleApplication@7ef4e59e
reloadAllAccessors: .CompareWithCurrentTime

===========================================================================================
----------------- testing Tue Mar 19 03:47:14 UTC 2019 /home/travis/build/icyphy/ptII/ptolemy/domains/continuous/test/auto/ComparedClocks.xml
----------------- Instantiating /home/travis/build/icyphy/ptII/ptolemy/domains/continuous/test/auto/ComparedClocks.xml
7 ms. Memory: 578560K Free: 174858K (30%)
----------------- Invoking toplevel() on ptolemy.moml.MoMLSimpleApplication@1d006ce4
----------------- Done invoking toplevel() on ptolemy.moml.MoMLSimpleApplication@1d006ce4
reloadAllAccessors: .ComparedClocks

===========================================================================================
----------------- testing Tue Mar 19 03:47:14 UTC 2019 /home/travis/build/icyphy/ptII/ptolemy/domains/continuous/test/auto/ContinuousAOCClone.xml
----------------- Instantiating /home/travis/build/icyphy/ptII/ptolemy/domains/continuous/test/auto/ContinuousAOCClone.xml
2607 ms. Memory: 872960K Free: 425566K (49%)
----------------- Invoking toplevel() on ptolemy.moml.MoMLSimpleApplication@31b97a05
----------------- Done invoking toplevel() on ptolemy.moml.MoMLSimpleApplication@31b97a05
reloadAllAccessors: .ContinuousAOCClone

===========================================================================================
----------------- testing Tue Mar 19 03:47:17 UTC 2019 /home/travis/build/icyphy/ptII/ptolemy/domains/continuous/test/auto/ContinuousClock.xml
----------------- Instantiating /home/travis/build/icyphy/ptII/ptolemy/domains/continuous/test/auto/ContinuousClock.xml
33 ms. Memory: 872960K Free: 392652K (45%)
----------------- Invoking toplevel() on ptolemy.moml.MoMLSimpleApplication@15ede3c6
----------------- Done invoking toplevel() on ptolemy.moml.MoMLSimpleApplication@15ede3c6
reloadAllAccessors: .ContinuousClock

===========================================================================================
----------------- testing Tue Mar 19 03:47:17 UTC 2019 /home/travis/build/icyphy/ptII/ptolemy/domains/continuous/test/auto/ContinuousInContinuous.xml
----------------- Instantiating /home/travis/build/icyphy/ptII/ptolemy/domains/continuous/test/auto/ContinuousInContinuous.xml
44 ms. Memory: 872960K Free: 361178K (41%)
----------------- Invoking toplevel() on ptolemy.moml.MoMLSimpleApplication@7d67247b
----------------- Done invoking toplevel() on ptolemy.moml.MoMLSimpleApplication@7d67247b
reloadAllAccessors: .ContinuousInContinuous

===========================================================================================
----------------- testing Tue Mar 19 03:47:17 UTC 2019 /home/travis/build/icyphy/ptII/ptolemy/domains/continuous/test/auto/ContinuousInContinuousInContinuous.xml
----------------- Instantiating /home/travis/build/icyphy/ptII/ptolemy/domains/continuous/test/auto/ContinuousInContinuousInContinuous.xml
13 ms. Memory: 872960K Free: 345452K (40%)
----------------- Invoking toplevel() on ptolemy.moml.MoMLSimpleApplication@71232c90
----------------- Done invoking toplevel() on ptolemy.moml.MoMLSimpleApplication@71232c90
reloadAllAccessors: .ContinuousInContinuousInContinuous

===========================================================================================
----------------- testing Tue Mar 19 03:47:17 UTC 2019 /home/travis/build/icyphy/ptII/ptolemy/domains/continuous/test/auto/ContinuousInDE.xml
----------------- Instantiating /home/travis/build/icyphy/ptII/ptolemy/domains/continuous/test/auto/ContinuousInDE.xml
114 ms. Memory: 872960K Free: 326596K (37%)
----------------- Invoking toplevel() on ptolemy.moml.MoMLSimpleApplication@60aa0b63
----------------- Done invoking toplevel() on ptolemy.moml.MoMLSimpleApplication@60aa0b63
reloadAllAccessors: .ContinuousInDE

===========================================================================================
----------------- testing Tue Mar 19 03:47:17 UTC 2019 /home/travis/build/icyphy/ptII/ptolemy/domains/continuous/test/auto/ContinuousInDE2.xml
----------------- Instantiating /home/travis/build/icyphy/ptII/ptolemy/domains/continuous/test/auto/ContinuousInDE2.xml
41 ms. Memory: 872960K Free: 310878K (36%)
----------------- Invoking toplevel() on ptolemy.moml.MoMLSimpleApplication@6b941e43
----------------- Done invoking toplevel() on ptolemy.moml.MoMLSimpleApplication@6b941e43
reloadAllAccessors: .ContinuousInDE2

===========================================================================================
----------------- testing Tue Mar 19 03:47:17 UTC 2019 /home/travis/build/icyphy/ptII/ptolemy/domains/continuous/test/auto/ContinuousInDE3.xml
----------------- Instantiating /home/travis/build/icyphy/ptII/ptolemy/domains/continuous/test/auto/ContinuousInDE3.xml
50 ms. Memory: 872960K Free: 295159K (34%)
----------------- Invoking toplevel() on ptolemy.moml.MoMLSimpleApplication@47a3b6d7
----------------- Done invoking toplevel() on ptolemy.moml.MoMLSimpleApplication@47a3b6d7
reloadAllAccessors: .ContinuousInDE3

===========================================================================================
----------------- testing Tue Mar 19 03:47:17 UTC 2019 /home/travis/build/icyphy/ptII/ptolemy/domains/continuous/test/auto/ContinuousInDE4.xml
----------------- Instantiating /home/travis/build/icyphy/ptII/ptolemy/domains/continuous/test/auto/ContinuousInDE4.xml
17 ms. Memory: 872960K Free: 284680K (33%)
----------------- Invoking toplevel() on ptolemy.moml.MoMLSimpleApplication@1bc43789
----------------- Done invoking toplevel() on ptolemy.moml.MoMLSimpleApplication@1bc43789
reloadAllAccessors: .ContinuousInDE4

===========================================================================================
----------------- testing Tue Mar 19 03:47:17 UTC 2019 /home/travis/build/icyphy/ptII/ptolemy/domains/continuous/test/auto/ContinuousInDEDifferentRefinements.xml
----------------- Instantiating /home/travis/build/icyphy/ptII/ptolemy/domains/continuous/test/auto/ContinuousInDEDifferentRefinements.xml
70 ms. Memory: 872960K Free: 244826K (28%)
----------------- Invoking toplevel() on ptolemy.moml.MoMLSimpleApplication@fed94ef
----------------- Done invoking toplevel() on ptolemy.moml.MoMLSimpleApplication@fed94ef
reloadAllAccessors: .ContinuousInDEDifferentRefinements

===========================================================================================
----------------- testing Tue Mar 19 03:47:17 UTC 2019 /home/travis/build/icyphy/ptII/ptolemy/domains/continuous/test/auto/ContinuousInDEDifferentRefinementsPreemptive.xml
----------------- Instantiating /home/travis/build/icyphy/ptII/ptolemy/domains/continuous/test/auto/ContinuousInDEDifferentRefinementsPreemptive.xml
46 ms. Memory: 872960K Free: 208101K (24%)
----------------- Invoking toplevel() on ptolemy.moml.MoMLSimpleApplication@75b547f9
----------------- Done invoking toplevel() on ptolemy.moml.MoMLSimpleApplication@75b547f9
reloadAllAccessors: .ContinuousInDEDifferentRefinementsPreemptive

===========================================================================================
----------------- testing Tue Mar 19 03:47:17 UTC 2019 /home/travis/build/icyphy/ptII/ptolemy/domains/continuous/test/auto/ContinuousInDEInContinuous2.xml
----------------- Instantiating /home/travis/build/icyphy/ptII/ptolemy/domains/continuous/test/auto/ContinuousInDEInContinuous2.xml
34 ms. Memory: 872960K Free: 192375K (22%)
----------------- Invoking toplevel() on ptolemy.moml.MoMLSimpleApplication@fc81b7e
----------------- Done invoking toplevel() on ptolemy.moml.MoMLSimpleApplication@fc81b7e
reloadAllAccessors: .ContinuousInDEInContinuous2

===========================================================================================
----------------- testing Tue Mar 19 03:47:17 UTC 2019 /home/travis/build/icyphy/ptII/ptolemy/domains/continuous/test/auto/ContinuousInDEInContinuous3.xml
----------------- Instantiating /home/travis/build/icyphy/ptII/ptolemy/domains/continuous/test/auto/ContinuousInDEInContinuous3.xml
38 ms. Memory: 872960K Free: 171417K (20%)
----------------- Invoking toplevel() on ptolemy.moml.MoMLSimpleApplication@4e28480b
----------------- Done invoking toplevel() on ptolemy.moml.MoMLSimpleApplication@4e28480b
reloadAllAccessors: .ContinuousInDEInContinuous3

===========================================================================================
----------------- testing Tue Mar 19 03:47:18 UTC 2019 /home/travis/build/icyphy/ptII/ptolemy/domains/continuous/test/auto/ContinuousInDEInput.xml
----------------- Instantiating /home/travis/build/icyphy/ptII/ptolemy/domains/continuous/test/auto/ContinuousInDEInput.xml
16 ms. Memory: 872960K Free: 157801K (18%)
----------------- Invoking toplevel() on ptolemy.moml.MoMLSimpleApplication@57499e8b
----------------- Done invoking toplevel() on ptolemy.moml.MoMLSimpleApplication@57499e8b
reloadAllAccessors: .ContinuousInDEInput

===========================================================================================
----------------- testing Tue Mar 19 03:47:18 UTC 2019 /home/travis/build/icyphy/ptII/ptolemy/domains/continuous/test/auto/ContinuousInDEInput2.xml
----------------- Instantiating /home/travis/build/icyphy/ptII/ptolemy/domains/continuous/test/auto/ContinuousInDEInput2.xml
11 ms. Memory: 872960K Free: 147322K (17%)
----------------- Invoking toplevel() on ptolemy.moml.MoMLSimpleApplication@53ea8c14
----------------- Done invoking toplevel() on ptolemy.moml.MoMLSimpleApplication@53ea8c14
reloadAllAccessors: .ContinuousInDEInput2

===========================================================================================
----------------- testing Tue Mar 19 03:47:18 UTC 2019 /home/travis/build/icyphy/ptII/ptolemy/domains/continuous/test/auto/ContinuousInDEInput3.xml
----------------- Instantiating /home/travis/build/icyphy/ptII/ptolemy/domains/continuous/test/auto/ContinuousInDEInput3.xml
15 ms. Memory: 872960K Free: 136843K (16%)
----------------- Invoking toplevel() on ptolemy.moml.MoMLSimpleApplication@b9f5fdb
----------------- Done invoking toplevel() on ptolemy.moml.MoMLSimpleApplication@b9f5fdb
reloadAllAccessors: .ContinuousInDEInput3

===========================================================================================
----------------- testing Tue Mar 19 03:47:18 UTC 2019 /home/travis/build/icyphy/ptII/ptolemy/domains/continuous/test/auto/ContinuousInDESharingRefinement.xml
----------------- Instantiating /home/travis/build/icyphy/ptII/ptolemy/domains/continuous/test/auto/ContinuousInDESharingRefinement.xml
212 ms. Memory: 873472K Free: 825689K (95%)
----------------- Invoking toplevel() on ptolemy.moml.MoMLSimpleApplication@79f6a9b5
----------------- Done invoking toplevel() on ptolemy.moml.MoMLSimpleApplication@79f6a9b5
reloadAllAccessors: .ContinuousInDESharingRefinement

===========================================================================================
----------------- testing Tue Mar 19 03:47:18 UTC 2019 /home/travis/build/icyphy/ptII/ptolemy/domains/continuous/test/auto/ContinuousInDEwithNoPorts.xml
----------------- Instantiating /home/travis/build/icyphy/ptII/ptolemy/domains/continuous/test/auto/ContinuousInDEwithNoPorts.xml
5 ms. Memory: 873472K Free: 813041K (93%)
----------------- Invoking toplevel() on ptolemy.moml.MoMLSimpleApplication@1c5bb95c
----------------- Done invoking toplevel() on ptolemy.moml.MoMLSimpleApplication@1c5bb95c
reloadAllAccessors: .ContinuousInDEwithNoPorts

===========================================================================================
----------------- testing Tue Mar 19 03:47:18 UTC 2019 /home/travis/build/icyphy/ptII/ptolemy/domains/continuous/test/auto/ContinuousInsideDE.xml
----------------- Instantiating /home/travis/build/icyphy/ptII/ptolemy/domains/continuous/test/auto/ContinuousInsideDE.xml
55 ms. Memory: 873472K Free: 793361K (91%)
----------------- Invoking toplevel() on ptolemy.moml.MoMLSimpleApplication@323f4f22
----------------- Done invoking toplevel() on ptolemy.moml.MoMLSimpleApplication@323f4f22
reloadAllAccessors: .ContinuousInsideDE

===========================================================================================
----------------- testing Tue Mar 19 03:47:18 UTC 2019 /home/travis/build/icyphy/ptII/ptolemy/domains/continuous/test/auto/ContinuousMerge1.xml
----------------- Instantiating /home/travis/build/icyphy/ptII/ptolemy/domains/continuous/test/auto/ContinuousMerge1.xml
3 ms. Memory: 873472K Free: 783385K (90%)
----------------- Invoking toplevel() on ptolemy.moml.MoMLSimpleApplication@d38e3b0
----------------- Done invoking toplevel() on ptolemy.moml.MoMLSimpleApplication@d38e3b0
reloadAllAccessors: .ContinuousMerge1

===========================================================================================
----------------- testing Tue Mar 19 03:47:18 UTC 2019 /home/travis/build/icyphy/ptII/ptolemy/domains/continuous/test/auto/ContinuousMerge2.xml
----------------- Instantiating /home/travis/build/icyphy/ptII/ptolemy/domains/continuous/test/auto/ContinuousMerge2.xml
16 ms. Memory: 873472K Free: 767471K (88%)
----------------- Invoking toplevel() on ptolemy.moml.MoMLSimpleApplication@76b2988a
----------------- Done invoking toplevel() on ptolemy.moml.MoMLSimpleApplication@76b2988a
reloadAllAccessors: .ContinuousMerge2

===========================================================================================
----------------- testing Tue Mar 19 03:47:18 UTC 2019 /home/travis/build/icyphy/ptII/ptolemy/domains/continuous/test/auto/ContinuousMerge3.xml
----------------- Instantiating /home/travis/build/icyphy/ptII/ptolemy/domains/continuous/test/auto/ContinuousMerge3.xml
43 ms. Memory: 873472K Free: 751753K (86%)
----------------- Invoking toplevel() on ptolemy.moml.MoMLSimpleApplication@28d02ea8
----------------- Done invoking toplevel() on ptolemy.moml.MoMLSimpleApplication@28d02ea8
reloadAllAccessors: .ContinuousMerge3

===========================================================================================
----------------- testing Tue Mar 19 03:47:18 UTC 2019 /home/travis/build/icyphy/ptII/ptolemy/domains/continuous/test/auto/ContinuousWithinContinuous.xml
----------------- Instantiating /home/travis/build/icyphy/ptII/ptolemy/domains/continuous/test/auto/ContinuousWithinContinuous.xml
37 ms. Memory: 873472K Free: 733902K (84%)
----------------- Invoking toplevel() on ptolemy.moml.MoMLSimpleApplication@3f2cc3ac
----------------- Done invoking toplevel() on ptolemy.moml.MoMLSimpleApplication@3f2cc3ac
reloadAllAccessors: .ContinuousWithinContinuous

===========================================================================================
----------------- testing Tue Mar 19 03:47:18 UTC 2019 /home/travis/build/icyphy/ptII/ptolemy/domains/continuous/test/auto/ContinuousWithinContinuous2.xml
----------------- Instantiating /home/travis/build/icyphy/ptII/ptolemy/domains/continuous/test/auto/ContinuousWithinContinuous2.xml
66 ms. Memory: 873472K Free: 722113K (83%)
----------------- Invoking toplevel() on ptolemy.moml.MoMLSimpleApplication@4866b692
----------------- Done invoking toplevel() on ptolemy.moml.MoMLSimpleApplication@4866b692
reloadAllAccessors: .ContinuousWithinContinuous2

===========================================================================================
----------------- testing Tue Mar 19 03:47:18 UTC 2019 /home/travis/build/icyphy/ptII/ptolemy/domains/continuous/test/auto/ContinuousWithinContinuous3.xml
----------------- Instantiating /home/travis/build/icyphy/ptII/ptolemy/domains/continuous/test/auto/ContinuousWithinContinuous3.xml
16 ms. Memory: 873472K Free: 708192K (81%)
----------------- Invoking toplevel() on ptolemy.moml.MoMLSimpleApplication@a11a643
----------------- Done invoking toplevel() on ptolemy.moml.MoMLSimpleApplication@a11a643
reloadAllAccessors: .ContinuousWithinContinuous3

===========================================================================================
----------------- testing Tue Mar 19 03:47:18 UTC 2019 /home/travis/build/icyphy/ptII/ptolemy/domains/continuous/test/auto/ContinuousWithinContinuous4.xml
----------------- Instantiating /home/travis/build/icyphy/ptII/ptolemy/domains/continuous/test/auto/ContinuousWithinContinuous4.xml
65 ms. Memory: 873472K Free: 692473K (79%)
----------------- Invoking toplevel() on ptolemy.moml.MoMLSimpleApplication@641f2a3
----------------- Done invoking toplevel() on ptolemy.moml.MoMLSimpleApplication@641f2a3
reloadAllAccessors: .ContinuousWithinContinuous4

===========================================================================================
----------------- testing Tue Mar 19 03:47:18 UTC 2019 /home/travis/build/icyphy/ptII/ptolemy/domains/continuous/test/auto/ContinuousWithinContinuous5.xml
----------------- Instantiating /home/travis/build/icyphy/ptII/ptolemy/domains/continuous/test/auto/ContinuousWithinContinuous5.xml
12 ms. Memory: 873472K Free: 680676K (78%)
----------------- Invoking toplevel() on ptolemy.moml.MoMLSimpleApplication@3c4708c6
----------------- Done invoking toplevel() on ptolemy.moml.MoMLSimpleApplication@3c4708c6
reloadAllAccessors: .ContinuousWithinContinuous5

===========================================================================================
----------------- testing Tue Mar 19 03:47:18 UTC 2019 /home/travis/build/icyphy/ptII/ptolemy/domains/continuous/test/auto/ContinuousWithinContinuous6.xml
----------------- Instantiating /home/travis/build/icyphy/ptII/ptolemy/domains/continuous/test/auto/ContinuousWithinContinuous6.xml
13 ms. Memory: 873472K Free: 666755K (76%)
----------------- Invoking toplevel() on ptolemy.moml.MoMLSimpleApplication@6989415c
----------------- Done invoking toplevel() on ptolemy.moml.MoMLSimpleApplication@6989415c
reloadAllAccessors: .ContinuousWithinContinuous6

===========================================================================================
----------------- testing Tue Mar 19 03:47:19 UTC 2019 /home/travis/build/icyphy/ptII/ptolemy/domains/continuous/test/auto/ContinuousWithinContinuous7.xml
----------------- Instantiating /home/travis/build/icyphy/ptII/ptolemy/domains/continuous/test/auto/ContinuousWithinContinuous7.xml
56 ms. Memory: 873472K Free: 654966K (75%)
----------------- Invoking toplevel() on ptolemy.moml.MoMLSimpleApplication@3e72a201
----------------- Done invoking toplevel() on ptolemy.moml.MoMLSimpleApplication@3e72a201
reloadAllAccessors: .ContinuousWithinContinuous7

===========================================================================================
----------------- testing Tue Mar 19 03:47:19 UTC 2019 /home/travis/build/icyphy/ptII/ptolemy/domains/continuous/test/auto/DCMotor.xml
----------------- Instantiating /home/travis/build/icyphy/ptII/ptolemy/domains/continuous/test/auto/DCMotor.xml
14505 ms. Memory: 735232K Free: 123938K (17%)
----------------- Invoking toplevel() on ptolemy.moml.MoMLSimpleApplication@1f864ba5
----------------- Done invoking toplevel() on ptolemy.moml.MoMLSimpleApplication@1f864ba5
reloadAllAccessors: .DCMotor

===========================================================================================
----------------- testing Tue Mar 19 03:47:33 UTC 2019 /home/travis/build/icyphy/ptII/ptolemy/domains/continuous/test/auto/DEInContinuous.xml
----------------- Instantiating /home/travis/build/icyphy/ptII/ptolemy/domains/continuous/test/auto/DEInContinuous.xml
6 ms. Memory: 735232K Free: 107954K (15%)
----------------- Invoking toplevel() on ptolemy.moml.MoMLSimpleApplication@76ca88aa
----------------- Done invoking toplevel() on ptolemy.moml.MoMLSimpleApplication@76ca88aa
reloadAllAccessors: .DEInContinuous

===========================================================================================
----------------- testing Tue Mar 19 03:47:33 UTC 2019 /home/travis/build/icyphy/ptII/ptolemy/domains/continuous/test/auto/DEinContinuous2.xml
----------------- Instantiating /home/travis/build/icyphy/ptII/ptolemy/domains/continuous/test/auto/DEinContinuous2.xml
6 ms. Memory: 735232K Free: 93813K (13%)
----------------- Invoking toplevel() on ptolemy.moml.MoMLSimpleApplication@44fa4ce1
----------------- Done invoking toplevel() on ptolemy.moml.MoMLSimpleApplication@44fa4ce1
reloadAllAccessors: .DEinContinuous2

===========================================================================================
----------------- testing Tue Mar 19 03:47:33 UTC 2019 /home/travis/build/icyphy/ptII/ptolemy/domains/continuous/test/auto/Derivative.xml
----------------- Instantiating /home/travis/build/icyphy/ptII/ptolemy/domains/continuous/test/auto/Derivative.xml
141 ms. Memory: 697856K Free: 664948K (95%)
----------------- Invoking toplevel() on ptolemy.moml.MoMLSimpleApplication@4262fc8f
----------------- Done invoking toplevel() on ptolemy.moml.MoMLSimpleApplication@4262fc8f
reloadAllAccessors: .Derivative2

===========================================================================================
----------------- testing Tue Mar 19 03:47:33 UTC 2019 /home/travis/build/icyphy/ptII/ptolemy/domains/continuous/test/auto/Derivative1.xml
----------------- Instantiating /home/travis/build/icyphy/ptII/ptolemy/domains/continuous/test/auto/Derivative1.xml
18 ms. Memory: 697856K Free: 641724K (92%)
----------------- Invoking toplevel() on ptolemy.moml.MoMLSimpleApplication@56fc037a
----------------- Done invoking toplevel() on ptolemy.moml.MoMLSimpleApplication@56fc037a
reloadAllAccessors: .Derivative1

===========================================================================================
----------------- testing Tue Mar 19 03:47:33 UTC 2019 /home/travis/build/icyphy/ptII/ptolemy/domains/continuous/test/auto/DiscreteClock.xml
----------------- Instantiating /home/travis/build/icyphy/ptII/ptolemy/domains/continuous/test/auto/DiscreteClock.xml
3 ms. Memory: 697856K Free: 628641K (90%)
----------------- Invoking toplevel() on ptolemy.moml.MoMLSimpleApplication@3f0a35dd
----------------- Done invoking toplevel() on ptolemy.moml.MoMLSimpleApplication@3f0a35dd
reloadAllAccessors: .DiscreteClock

===========================================================================================
----------------- testing Tue Mar 19 03:47:34 UTC 2019 /home/travis/build/icyphy/ptII/ptolemy/domains/continuous/test/auto/EfficiencyCurve.xml
----------------- Instantiating /home/travis/build/icyphy/ptII/ptolemy/domains/continuous/test/auto/EfficiencyCurve.xml
48 ms. Memory: 697856K Free: 615558K (88%)
----------------- Invoking toplevel() on ptolemy.moml.MoMLSimpleApplication@6986d063
----------------- Done invoking toplevel() on ptolemy.moml.MoMLSimpleApplication@6986d063
reloadAllAccessors: .EfficiencyCurve

===========================================================================================
----------------- testing Tue Mar 19 03:47:34 UTC 2019 /home/travis/build/icyphy/ptII/ptolemy/domains/continuous/test/auto/ExponentialResponse.xml
----------------- Instantiating /home/travis/build/icyphy/ptII/ptolemy/domains/continuous/test/auto/ExponentialResponse.xml
104 ms. Memory: 697856K Free: 590156K (85%)
----------------- Invoking toplevel() on ptolemy.moml.MoMLSimpleApplication@2a51a13a
----------------- Done invoking toplevel() on ptolemy.moml.MoMLSimpleApplication@2a51a13a
reloadAllAccessors: .ExponentialResponse

===========================================================================================
----------------- testing Tue Mar 19 03:47:34 UTC 2019 /home/travis/build/icyphy/ptII/ptolemy/domains/continuous/test/auto/ExponentialResponseRK45.xml
----------------- Instantiating /home/travis/build/icyphy/ptII/ptolemy/domains/continuous/test/auto/ExponentialResponseRK45.xml
29 ms. Memory: 697856K Free: 577074K (83%)
----------------- Invoking toplevel() on ptolemy.moml.MoMLSimpleApplication@e8ca176
----------------- Done invoking toplevel() on ptolemy.moml.MoMLSimpleApplication@e8ca176
reloadAllAccessors: .ExponentialResponseRK45

===========================================================================================
----------------- testing Tue Mar 19 03:47:34 UTC 2019 /home/travis/build/icyphy/ptII/ptolemy/domains/continuous/test/auto/Friction.xml
----------------- Instantiating /home/travis/build/icyphy/ptII/ptolemy/domains/continuous/test/auto/Friction.xml
1389 ms. Memory: 697856K Free: 140691K (20%)
----------------- Invoking toplevel() on ptolemy.moml.MoMLSimpleApplication@4aafd2e1
----------------- Done invoking toplevel() on ptolemy.moml.MoMLSimpleApplication@4aafd2e1
reloadAllAccessors: .Friction

===========================================================================================
----------------- testing Tue Mar 19 03:47:35 UTC 2019 /home/travis/build/icyphy/ptII/ptolemy/domains/continuous/test/auto/FurutaPendulum.xml
----------------- Instantiating /home/travis/build/icyphy/ptII/ptolemy/domains/continuous/test/auto/FurutaPendulum.xml
3553 ms. Memory: 671232K Free: 231600K (35%)
----------------- Invoking toplevel() on ptolemy.moml.MoMLSimpleApplication@d4995cd
----------------- Done invoking toplevel() on ptolemy.moml.MoMLSimpleApplication@d4995cd
reloadAllAccessors: .FurutaPendulum

===========================================================================================
----------------- testing Tue Mar 19 03:47:39 UTC 2019 /home/travis/build/icyphy/ptII/ptolemy/domains/continuous/test/auto/HierarchicalExecution.xml
----------------- Instantiating /home/travis/build/icyphy/ptII/ptolemy/domains/continuous/test/auto/HierarchicalExecution.xml
2012 ms. Memory: 647168K Free: 474705K (73%)
----------------- Invoking toplevel() on ptolemy.moml.MoMLSimpleApplication@4d3e82ba
----------------- Done invoking toplevel() on ptolemy.moml.MoMLSimpleApplication@4d3e82ba
reloadAllAccessors: .HierarchicalExecution

===========================================================================================
----------------- testing Tue Mar 19 03:47:41 UTC 2019 /home/travis/build/icyphy/ptII/ptolemy/domains/continuous/test/auto/HybridPlant.xml
----------------- Instantiating /home/travis/build/icyphy/ptII/ptolemy/domains/continuous/test/auto/HybridPlant.xml
531 ms. Memory: 647168K Free: 198969K (31%)
----------------- Invoking toplevel() on ptolemy.moml.MoMLSimpleApplication@11e38e4c
----------------- Done invoking toplevel() on ptolemy.moml.MoMLSimpleApplication@11e38e4c
reloadAllAccessors: .HybridPlant

===========================================================================================
----------------- testing Tue Mar 19 03:47:42 UTC 2019 /home/travis/build/icyphy/ptII/ptolemy/domains/continuous/test/auto/Hysteresis.xml
----------------- Instantiating /home/travis/build/icyphy/ptII/ptolemy/domains/continuous/test/auto/Hysteresis.xml
143 ms. Memory: 647168K Free: 136341K (21%)
----------------- Invoking toplevel() on ptolemy.moml.MoMLSimpleApplication@507ec2a4
----------------- Done invoking toplevel() on ptolemy.moml.MoMLSimpleApplication@507ec2a4
reloadAllAccessors: .Hysteresis

===========================================================================================
----------------- testing Tue Mar 19 03:47:42 UTC 2019 /home/travis/build/icyphy/ptII/ptolemy/domains/continuous/test/auto/HysteresisWithRandomDelay.xml
----------------- Instantiating /home/travis/build/icyphy/ptII/ptolemy/domains/continuous/test/auto/HysteresisWithRandomDelay.xml
190 ms. Memory: 614912K Free: 583763K (95%)
----------------- Invoking toplevel() on ptolemy.moml.MoMLSimpleApplication@29b91952
----------------- Done invoking toplevel() on ptolemy.moml.MoMLSimpleApplication@29b91952
reloadAllAccessors: .HysteresisWithRandomDelay

===========================================================================================
----------------- testing Tue Mar 19 03:47:42 UTC 2019 /home/travis/build/icyphy/ptII/ptolemy/domains/continuous/test/auto/HysteresisWithRandomLosses.xml
----------------- Instantiating /home/travis/build/icyphy/ptII/ptolemy/domains/continuous/test/auto/HysteresisWithRandomLosses.xml
2320 ms. Memory: 591872K Free: 322809K (55%)
----------------- Invoking toplevel() on ptolemy.moml.MoMLSimpleApplication@519c1751
----------------- Done invoking toplevel() on ptolemy.moml.MoMLSimpleApplication@519c1751
reloadAllAccessors: .HysteresisWithRandomLosses

===========================================================================================
----------------- testing Tue Mar 19 03:47:45 UTC 2019 /home/travis/build/icyphy/ptII/ptolemy/domains/continuous/test/auto/ImmediateTransitions.xml
----------------- Instantiating /home/travis/build/icyphy/ptII/ptolemy/domains/continuous/test/auto/ImmediateTransitions.xml
10 ms. Memory: 591872K Free: 307721K (52%)
----------------- Invoking toplevel() on ptolemy.moml.MoMLSimpleApplication@650b76be
----------------- Done invoking toplevel() on ptolemy.moml.MoMLSimpleApplication@650b76be
reloadAllAccessors: .ImmediateTransitions

===========================================================================================
----------------- testing Tue Mar 19 03:47:45 UTC 2019 /home/travis/build/icyphy/ptII/ptolemy/domains/continuous/test/auto/ImpulseFeedback.xml
----------------- Instantiating /home/travis/build/icyphy/ptII/ptolemy/domains/continuous/test/auto/ImpulseFeedback.xml
8 ms. Memory: 591872K Free: 299091K (51%)
----------------- Invoking toplevel() on ptolemy.moml.MoMLSimpleApplication@72a815cb
----------------- Done invoking toplevel() on ptolemy.moml.MoMLSimpleApplication@72a815cb
reloadAllAccessors: .ImpulseFeedback

===========================================================================================
----------------- testing Tue Mar 19 03:47:45 UTC 2019 /home/travis/build/icyphy/ptII/ptolemy/domains/continuous/test/auto/ImpulseFeedback2.xml
----------------- Instantiating /home/travis/build/icyphy/ptII/ptolemy/domains/continuous/test/auto/ImpulseFeedback2.xml
6 ms. Memory: 591872K Free: 290745K (49%)
----------------- Invoking toplevel() on ptolemy.moml.MoMLSimpleApplication@26a9b2c9
----------------- Done invoking toplevel() on ptolemy.moml.MoMLSimpleApplication@26a9b2c9
reloadAllAccessors: .ImpulseFeedback2

===========================================================================================
----------------- testing Tue Mar 19 03:47:45 UTC 2019 /home/travis/build/icyphy/ptII/ptolemy/domains/continuous/test/auto/IncreasingRatePoisson.xml
----------------- Instantiating /home/travis/build/icyphy/ptII/ptolemy/domains/continuous/test/auto/IncreasingRatePoisson.xml
707 ms. Memory: 565760K Free: 453394K (80%)
----------------- Invoking toplevel() on ptolemy.moml.MoMLSimpleApplication@2c06cd57
----------------- Done invoking toplevel() on ptolemy.moml.MoMLSimpleApplication@2c06cd57
reloadAllAccessors: .IncreasingRatePoisson

===========================================================================================
----------------- testing Tue Mar 19 03:47:46 UTC 2019 /home/travis/build/icyphy/ptII/ptolemy/domains/continuous/test/auto/InitialStateFeedback.xml
----------------- Instantiating /home/travis/build/icyphy/ptII/ptolemy/domains/continuous/test/auto/InitialStateFeedback.xml
9 ms. Memory: 565760K Free: 443932K (78%)
----------------- Invoking toplevel() on ptolemy.moml.MoMLSimpleApplication@2e4052e0
----------------- Done invoking toplevel() on ptolemy.moml.MoMLSimpleApplication@2e4052e0
reloadAllAccessors: .InitialStateFeedback

===========================================================================================
----------------- testing Tue Mar 19 03:47:46 UTC 2019 /home/travis/build/icyphy/ptII/ptolemy/domains/continuous/test/auto/Integration.xml
----------------- Instantiating /home/travis/build/icyphy/ptII/ptolemy/domains/continuous/test/auto/Integration.xml
2 ms. Memory: 565760K Free: 435761K (77%)
----------------- Invoking toplevel() on ptolemy.moml.MoMLSimpleApplication@74714aaf
----------------- Done invoking toplevel() on ptolemy.moml.MoMLSimpleApplication@74714aaf
reloadAllAccessors: .Integration

===========================================================================================
----------------- testing Tue Mar 19 03:47:46 UTC 2019 /home/travis/build/icyphy/ptII/ptolemy/domains/continuous/test/auto/Integration2.xml
----------------- Instantiating /home/travis/build/icyphy/ptII/ptolemy/domains/continuous/test/auto/Integration2.xml
77 ms. Memory: 565760K Free: 418022K (74%)
----------------- Invoking toplevel() on ptolemy.moml.MoMLSimpleApplication@7ed3ac8
----------------- Done invoking toplevel() on ptolemy.moml.MoMLSimpleApplication@7ed3ac8
reloadAllAccessors: .Integration2

===========================================================================================
----------------- testing Tue Mar 19 03:47:46 UTC 2019 /home/travis/build/icyphy/ptII/ptolemy/domains/continuous/test/auto/Integration3.xml
----------------- Instantiating /home/travis/build/icyphy/ptII/ptolemy/domains/continuous/test/auto/Integration3.xml
2 ms. Memory: 565760K Free: 409851K (72%)
----------------- Invoking toplevel() on ptolemy.moml.MoMLSimpleApplication@3c7d91fd
----------------- Done invoking toplevel() on ptolemy.moml.MoMLSimpleApplication@3c7d91fd
reloadAllAccessors: .Integration3

===========================================================================================
----------------- testing Tue Mar 19 03:47:46 UTC 2019 /home/travis/build/icyphy/ptII/ptolemy/domains/continuous/test/auto/Integration5.xml
----------------- Instantiating /home/travis/build/icyphy/ptII/ptolemy/domains/continuous/test/auto/Integration5.xml
2 ms. Memory: 565760K Free: 401680K (71%)
----------------- Invoking toplevel() on ptolemy.moml.MoMLSimpleApplication@526f9417
----------------- Done invoking toplevel() on ptolemy.moml.MoMLSimpleApplication@526f9417
reloadAllAccessors: .Integration5

===========================================================================================
----------------- testing Tue Mar 19 03:47:46 UTC 2019 /home/travis/build/icyphy/ptII/ptolemy/domains/continuous/test/auto/IntegratorImpulse.xml
----------------- Instantiating /home/travis/build/icyphy/ptII/ptolemy/domains/continuous/test/auto/IntegratorImpulse.xml
2 ms. Memory: 565760K Free: 393510K (70%)
----------------- Invoking toplevel() on ptolemy.moml.MoMLSimpleApplication@19ed107
----------------- Done invoking toplevel() on ptolemy.moml.MoMLSimpleApplication@19ed107
reloadAllAccessors: .IntegratorImpulse

===========================================================================================
----------------- testing Tue Mar 19 03:47:46 UTC 2019 /home/travis/build/icyphy/ptII/ptolemy/domains/continuous/test/auto/IntegratorImpulse2.xml
----------------- Instantiating /home/travis/build/icyphy/ptII/ptolemy/domains/continuous/test/auto/IntegratorImpulse2.xml
10 ms. Memory: 565760K Free: 385466K (68%)
----------------- Invoking toplevel() on ptolemy.moml.MoMLSimpleApplication@7d076e6b
----------------- Done invoking toplevel() on ptolemy.moml.MoMLSimpleApplication@7d076e6b
reloadAllAccessors: .IntegratorImpulse2

===========================================================================================
----------------- testing Tue Mar 19 03:47:46 UTC 2019 /home/travis/build/icyphy/ptII/ptolemy/domains/continuous/test/auto/LevelCrossing1.xml
----------------- Instantiating /home/travis/build/icyphy/ptII/ptolemy/domains/continuous/test/auto/LevelCrossing1.xml
2 ms. Memory: 565760K Free: 377295K (67%)
----------------- Invoking toplevel() on ptolemy.moml.MoMLSimpleApplication@3da93031
----------------- Done invoking toplevel() on ptolemy.moml.MoMLSimpleApplication@3da93031
reloadAllAccessors: .LevelCrossing1

===========================================================================================
----------------- testing Tue Mar 19 03:47:46 UTC 2019 /home/travis/build/icyphy/ptII/ptolemy/domains/continuous/test/auto/LevelCrossing2.xml
----------------- Instantiating /home/travis/build/icyphy/ptII/ptolemy/domains/continuous/test/auto/LevelCrossing2.xml
3 ms. Memory: 565760K Free: 369124K (65%)
----------------- Invoking toplevel() on ptolemy.moml.MoMLSimpleApplication@3f98716c
----------------- Done invoking toplevel() on ptolemy.moml.MoMLSimpleApplication@3f98716c
reloadAllAccessors: .LevelCrossing2

===========================================================================================
----------------- testing Tue Mar 19 03:47:46 UTC 2019 /home/travis/build/icyphy/ptII/ptolemy/domains/continuous/test/auto/LevelCrossing3.xml
----------------- Instantiating /home/travis/build/icyphy/ptII/ptolemy/domains/continuous/test/auto/LevelCrossing3.xml
2 ms. Memory: 565760K Free: 360953K (64%)
----------------- Invoking toplevel() on ptolemy.moml.MoMLSimpleApplication@692f3398
----------------- Done invoking toplevel() on ptolemy.moml.MoMLSimpleApplication@692f3398
reloadAllAccessors: .LevelCrossing3

===========================================================================================
----------------- testing Tue Mar 19 03:47:46 UTC 2019 /home/travis/build/icyphy/ptII/ptolemy/domains/continuous/test/auto/LevelCrossing4.xml
----------------- Instantiating /home/travis/build/icyphy/ptII/ptolemy/domains/continuous/test/auto/LevelCrossing4.xml
3 ms. Memory: 565760K Free: 352894K (62%)
----------------- Invoking toplevel() on ptolemy.moml.MoMLSimpleApplication@1b03148e
----------------- Done invoking toplevel() on ptolemy.moml.MoMLSimpleApplication@1b03148e
reloadAllAccessors: .LevelCrossing4

===========================================================================================
----------------- testing Tue Mar 19 03:47:46 UTC 2019 /home/travis/build/icyphy/ptII/ptolemy/domains/continuous/test/auto/LevelCrossing5.xml
----------------- Instantiating /home/travis/build/icyphy/ptII/ptolemy/domains/continuous/test/auto/LevelCrossing5.xml
3 ms. Memory: 565760K Free: 344722K (61%)
----------------- Invoking toplevel() on ptolemy.moml.MoMLSimpleApplication@7b8c679b
----------------- Done invoking toplevel() on ptolemy.moml.MoMLSimpleApplication@7b8c679b
reloadAllAccessors: .LevelCrossing5

===========================================================================================
[...]
12 ms. Memory: 392704K Free: 81587K (21%)
----------------- Invoking toplevel() on ptolemy.moml.MoMLSimpleApplication@ce4c528
----------------- Done invoking toplevel() on ptolemy.moml.MoMLSimpleApplication@ce4c528
reloadAllAccessors: .SRinContinuous

===========================================================================================
----------------- testing Tue Mar 19 03:48:03 UTC 2019 /home/travis/build/icyphy/ptII/ptolemy/domains/continuous/test/auto/SampledClocks.xml
----------------- Instantiating /home/travis/build/icyphy/ptII/ptolemy/domains/continuous/test/auto/SampledClocks.xml
8 ms. Memory: 392704K Free: 71509K (18%)
----------------- Invoking toplevel() on ptolemy.moml.MoMLSimpleApplication@2004129e
----------------- Done invoking toplevel() on ptolemy.moml.MoMLSimpleApplication@2004129e
reloadAllAccessors: .SampledClocks

===========================================================================================
----------------- testing Tue Mar 19 03:48:03 UTC 2019 /home/travis/build/icyphy/ptII/ptolemy/domains/continuous/test/auto/Satellite.xml
----------------- Instantiating /home/travis/build/icyphy/ptII/ptolemy/domains/continuous/test/auto/Satellite.xml
798 ms. Memory: 371712K Free: 169234K (46%)
----------------- Invoking toplevel() on ptolemy.moml.MoMLSimpleApplication@84f77f1
----------------- Done invoking toplevel() on ptolemy.moml.MoMLSimpleApplication@84f77f1
reloadAllAccessors: .Satellite

===========================================================================================
----------------- testing Tue Mar 19 03:48:04 UTC 2019 /home/travis/build/icyphy/ptII/ptolemy/domains/continuous/test/auto/SigmaDelta.xml
----------------- Instantiating /home/travis/build/icyphy/ptII/ptolemy/domains/continuous/test/auto/SigmaDelta.xml
2355 ms. Memory: 451584K Free: 158989K (35%)
----------------- Invoking toplevel() on ptolemy.moml.MoMLSimpleApplication@14f656c6
----------------- Done invoking toplevel() on ptolemy.moml.MoMLSimpleApplication@14f656c6
reloadAllAccessors: .SigmaDelta

===========================================================================================
----------------- testing Tue Mar 19 03:48:06 UTC 2019 /home/travis/build/icyphy/ptII/ptolemy/domains/continuous/test/auto/SingleRefinement.xml
----------------- Instantiating /home/travis/build/icyphy/ptII/ptolemy/domains/continuous/test/auto/SingleRefinement.xml
410 ms. Memory: 535552K Free: 416285K (78%)
----------------- Invoking toplevel() on ptolemy.moml.MoMLSimpleApplication@1bcabc80
----------------- Done invoking toplevel() on ptolemy.moml.MoMLSimpleApplication@1bcabc80
reloadAllAccessors: .SingleRefinement

===========================================================================================
----------------- testing Tue Mar 19 03:48:07 UTC 2019 /home/travis/build/icyphy/ptII/ptolemy/domains/continuous/test/auto/SinuBouncingBall.xml
----------------- Instantiating /home/travis/build/icyphy/ptII/ptolemy/domains/continuous/test/auto/SinuBouncingBall.xml
723 ms. Memory: 535552K Free: 195482K (37%)
----------------- Invoking toplevel() on ptolemy.moml.MoMLSimpleApplication@7bf9e206
----------------- Done invoking toplevel() on ptolemy.moml.MoMLSimpleApplication@7bf9e206
reloadAllAccessors: .SinuBouncingBall

===========================================================================================
----------------- testing Tue Mar 19 03:48:08 UTC 2019 /home/travis/build/icyphy/ptII/ptolemy/domains/continuous/test/auto/Sinusoid.xml
----------------- Instantiating /home/travis/build/icyphy/ptII/ptolemy/domains/continuous/test/auto/Sinusoid.xml
4 ms. Memory: 535552K Free: 187781K (35%)
----------------- Invoking toplevel() on ptolemy.moml.MoMLSimpleApplication@583125a5
----------------- Done invoking toplevel() on ptolemy.moml.MoMLSimpleApplication@583125a5
reloadAllAccessors: .Sinusoid

===========================================================================================
----------------- testing Tue Mar 19 03:48:08 UTC 2019 /home/travis/build/icyphy/ptII/ptolemy/domains/continuous/test/auto/SinusoidInNoise.xml
----------------- Instantiating /home/travis/build/icyphy/ptII/ptolemy/domains/continuous/test/auto/SinusoidInNoise.xml
835 ms. Memory: 515072K Free: 418324K (81%)
----------------- Invoking toplevel() on ptolemy.moml.MoMLSimpleApplication@129e2507
----------------- Done invoking toplevel() on ptolemy.moml.MoMLSimpleApplication@129e2507
reloadAllAccessors: .SinusoidInNoise

===========================================================================================
----------------- testing Tue Mar 19 03:48:09 UTC 2019 /home/travis/build/icyphy/ptII/ptolemy/domains/continuous/test/auto/SinusoidRK45.xml
----------------- Instantiating /home/travis/build/icyphy/ptII/ptolemy/domains/continuous/test/auto/SinusoidRK45.xml
2 ms. Memory: 515072K Free: 409672K (80%)
----------------- Invoking toplevel() on ptolemy.moml.MoMLSimpleApplication@286a8cfb
----------------- Done invoking toplevel() on ptolemy.moml.MoMLSimpleApplication@286a8cfb
reloadAllAccessors: .SinusoidRK45

===========================================================================================
----------------- testing Tue Mar 19 03:48:09 UTC 2019 /home/travis/build/icyphy/ptII/ptolemy/domains/continuous/test/auto/SinusoidWithMultipleImpulses.xml
----------------- Instantiating /home/travis/build/icyphy/ptII/ptolemy/domains/continuous/test/auto/SinusoidWithMultipleImpulses.xml
3 ms. Memory: 515072K Free: 402257K (78%)
----------------- Invoking toplevel() on ptolemy.moml.MoMLSimpleApplication@6a827184
----------------- Done invoking toplevel() on ptolemy.moml.MoMLSimpleApplication@6a827184
reloadAllAccessors: .SinusoidWithMultipleImpulses

===========================================================================================
----------------- testing Tue Mar 19 03:48:09 UTC 2019 /home/travis/build/icyphy/ptII/ptolemy/domains/continuous/test/auto/SquareWave.xml
----------------- Instantiating /home/travis/build/icyphy/ptII/ptolemy/domains/continuous/test/auto/SquareWave.xml
146 ms. Memory: 515072K Free: 375386K (73%)
----------------- Invoking toplevel() on ptolemy.moml.MoMLSimpleApplication@6adfe767
----------------- Done invoking toplevel() on ptolemy.moml.MoMLSimpleApplication@6adfe767
reloadAllAccessors: .SquareWave

===========================================================================================
----------------- testing Tue Mar 19 03:48:09 UTC 2019 /home/travis/build/icyphy/ptII/ptolemy/domains/continuous/test/auto/Starmac.xml
----------------- Instantiating /home/travis/build/icyphy/ptII/ptolemy/domains/continuous/test/auto/Starmac.xml
3045 ms. Memory: 498176K Free: 419027K (84%)
----------------- Invoking toplevel() on ptolemy.moml.MoMLSimpleApplication@241fb5d7
----------------- Done invoking toplevel() on ptolemy.moml.MoMLSimpleApplication@241fb5d7
reloadAllAccessors: .Starmac

===========================================================================================
----------------- testing Tue Mar 19 03:48:12 UTC 2019 /home/travis/build/icyphy/ptII/ptolemy/domains/continuous/test/auto/StaticUnits.xml
----------------- Instantiating /home/travis/build/icyphy/ptII/ptolemy/domains/continuous/test/auto/StaticUnits.xml
2095 ms. Memory: 479232K Free: 332504K (69%)
----------------- Invoking toplevel() on ptolemy.moml.MoMLSimpleApplication@148ed2ed
----------------- Done invoking toplevel() on ptolemy.moml.MoMLSimpleApplication@148ed2ed
reloadAllAccessors: .StaticUnits

===========================================================================================
----------------- testing Tue Mar 19 03:48:15 UTC 2019 /home/travis/build/icyphy/ptII/ptolemy/domains/continuous/test/auto/StickyMasses.xml
----------------- Instantiating /home/travis/build/icyphy/ptII/ptolemy/domains/continuous/test/auto/StickyMasses.xml
123 ms. Memory: 479232K Free: 276541K (58%)
----------------- Invoking toplevel() on ptolemy.moml.MoMLSimpleApplication@76adb93
----------------- Done invoking toplevel() on ptolemy.moml.MoMLSimpleApplication@76adb93
reloadAllAccessors: .StickyMasses

===========================================================================================
----------------- testing Tue Mar 19 03:48:15 UTC 2019 /home/travis/build/icyphy/ptII/ptolemy/domains/continuous/test/auto/StopTime.xml
----------------- Instantiating /home/travis/build/icyphy/ptII/ptolemy/domains/continuous/test/auto/StopTime.xml
38 ms. Memory: 479232K Free: 249978K (52%)
----------------- Invoking toplevel() on ptolemy.moml.MoMLSimpleApplication@492e5574
----------------- Done invoking toplevel() on ptolemy.moml.MoMLSimpleApplication@492e5574
reloadAllAccessors: .StopTime

===========================================================================================
----------------- testing Tue Mar 19 03:48:15 UTC 2019 /home/travis/build/icyphy/ptII/ptolemy/domains/continuous/test/auto/StopTime2.xml
----------------- Instantiating /home/travis/build/icyphy/ptII/ptolemy/domains/continuous/test/auto/StopTime2.xml
36 ms. Memory: 479232K Free: 225322K (47%)
----------------- Invoking toplevel() on ptolemy.moml.MoMLSimpleApplication@7cca252b
----------------- Done invoking toplevel() on ptolemy.moml.MoMLSimpleApplication@7cca252b
reloadAllAccessors: .StopTime2

===========================================================================================
----------------- testing Tue Mar 19 03:48:15 UTC 2019 /home/travis/build/icyphy/ptII/ptolemy/domains/continuous/test/auto/Switch.xml
----------------- Instantiating /home/travis/build/icyphy/ptII/ptolemy/domains/continuous/test/auto/Switch.xml
35 ms. Memory: 479232K Free: 196801K (41%)
----------------- Invoking toplevel() on ptolemy.moml.MoMLSimpleApplication@275901c3
----------------- Done invoking toplevel() on ptolemy.moml.MoMLSimpleApplication@275901c3
reloadAllAccessors: .Switch

===========================================================================================
----------------- testing Tue Mar 19 03:48:15 UTC 2019 /home/travis/build/icyphy/ptII/ptolemy/domains/continuous/test/auto/Thermostat.xml
----------------- Instantiating /home/travis/build/icyphy/ptII/ptolemy/domains/continuous/test/auto/Thermostat.xml
185 ms. Memory: 479232K Free: 120927K (25%)
----------------- Invoking toplevel() on ptolemy.moml.MoMLSimpleApplication@99622c1
----------------- Done invoking toplevel() on ptolemy.moml.MoMLSimpleApplication@99622c1
reloadAllAccessors: .Thermostat

===========================================================================================
----------------- testing Tue Mar 19 03:48:15 UTC 2019 /home/travis/build/icyphy/ptII/ptolemy/domains/continuous/test/auto/TimeDelay.xml
----------------- Instantiating /home/travis/build/icyphy/ptII/ptolemy/domains/continuous/test/auto/TimeDelay.xml
5 ms. Memory: 479232K Free: 114028K (24%)
----------------- Invoking toplevel() on ptolemy.moml.MoMLSimpleApplication@374b7326
----------------- Done invoking toplevel() on ptolemy.moml.MoMLSimpleApplication@374b7326
reloadAllAccessors: .TimeDelay

===========================================================================================
----------------- testing Tue Mar 19 03:48:15 UTC 2019 /home/travis/build/icyphy/ptII/ptolemy/domains/continuous/test/auto/TimeDelay2.xml
----------------- Instantiating /home/travis/build/icyphy/ptII/ptolemy/domains/continuous/test/auto/TimeDelay2.xml
8 ms. Memory: 479232K Free: 105210K (22%)
----------------- Invoking toplevel() on ptolemy.moml.MoMLSimpleApplication@3edcc929
----------------- Done invoking toplevel() on ptolemy.moml.MoMLSimpleApplication@3edcc929
reloadAllAccessors: .TimeDelay2

===========================================================================================
----------------- testing Tue Mar 19 03:48:15 UTC 2019 /home/travis/build/icyphy/ptII/ptolemy/domains/continuous/test/auto/TimeDelay3.xml
----------------- Instantiating /home/travis/build/icyphy/ptII/ptolemy/domains/continuous/test/auto/TimeDelay3.xml
7 ms. Memory: 479232K Free: 98367K (21%)
----------------- Invoking toplevel() on ptolemy.moml.MoMLSimpleApplication@65fdd932
----------------- Done invoking toplevel() on ptolemy.moml.MoMLSimpleApplication@65fdd932
reloadAllAccessors: .TimeDelay3

===========================================================================================
----------------- testing Tue Mar 19 03:48:15 UTC 2019 /home/travis/build/icyphy/ptII/ptolemy/domains/continuous/test/auto/TransferAbsentToInside.xml
----------------- Instantiating /home/travis/build/icyphy/ptII/ptolemy/domains/continuous/test/auto/TransferAbsentToInside.xml
27 ms. Memory: 479232K Free: 42155K (9%)
----------------- Invoking toplevel() on ptolemy.moml.MoMLSimpleApplication@5ca570e9
----------------- Done invoking toplevel() on ptolemy.moml.MoMLSimpleApplication@5ca570e9
reloadAllAccessors: .TransferAbsentToInside

===========================================================================================
----------------- testing Tue Mar 19 03:48:15 UTC 2019 /home/travis/build/icyphy/ptII/ptolemy/domains/continuous/test/auto/Transmission.xml
----------------- Instantiating /home/travis/build/icyphy/ptII/ptolemy/domains/continuous/test/auto/Transmission.xml
775 ms. Memory: 427008K Free: 211339K (49%)
----------------- Invoking toplevel() on ptolemy.moml.MoMLSimpleApplication@2eacf3e0
----------------- Done invoking toplevel() on ptolemy.moml.MoMLSimpleApplication@2eacf3e0
reloadAllAccessors: .Transmission

===========================================================================================
----------------- testing Tue Mar 19 03:48:16 UTC 2019 /home/travis/build/icyphy/ptII/ptolemy/domains/continuous/test/auto/TriggeredContinuousClock.xml
----------------- Instantiating /home/travis/build/icyphy/ptII/ptolemy/domains/continuous/test/auto/TriggeredContinuousClock.xml
33 ms. Memory: 427008K Free: 177288K (42%)
----------------- Invoking toplevel() on ptolemy.moml.MoMLSimpleApplication@57959b10
----------------- Done invoking toplevel() on ptolemy.moml.MoMLSimpleApplication@57959b10
reloadAllAccessors: .TriggeredContinuousClock

===========================================================================================
----------------- testing Tue Mar 19 03:48:16 UTC 2019 /home/travis/build/icyphy/ptII/ptolemy/domains/continuous/test/auto/TwoMachineInfiniteBusControl.xml
----------------- Instantiating /home/travis/build/icyphy/ptII/ptolemy/domains/continuous/test/auto/TwoMachineInfiniteBusControl.xml
2770 ms. Memory: 393216K Free: 317641K (81%)
----------------- Invoking toplevel() on ptolemy.moml.MoMLSimpleApplication@6d4423b0
----------------- Done invoking toplevel() on ptolemy.moml.MoMLSimpleApplication@6d4423b0
reloadAllAccessors: .TwoMachineInfiniteBusControl

===========================================================================================
----------------- testing Tue Mar 19 03:48:19 UTC 2019 /home/travis/build/icyphy/ptII/ptolemy/domains/continuous/test/auto/V2V.xml
----------------- Instantiating /home/travis/build/icyphy/ptII/ptolemy/domains/continuous/test/auto/V2V.xml
665 ms. Memory: 393216K Free: 123056K (31%)
----------------- Invoking toplevel() on ptolemy.moml.MoMLSimpleApplication@7b2d209d
----------------- Done invoking toplevel() on ptolemy.moml.MoMLSimpleApplication@7b2d209d
reloadAllAccessors: .V2V

===========================================================================================
----------------- testing Tue Mar 19 03:48:20 UTC 2019 /home/travis/build/icyphy/ptII/ptolemy/domains/continuous/test/auto/hierarchicalModalModel.xml
----------------- Instantiating /home/travis/build/icyphy/ptII/ptolemy/domains/continuous/test/auto/hierarchicalModalModel.xml
7 ms. Memory: 393216K Free: 106681K (27%)
----------------- Invoking toplevel() on ptolemy.moml.MoMLSimpleApplication@3a17f19b
----------------- Done invoking toplevel() on ptolemy.moml.MoMLSimpleApplication@3a17f19b
reloadAllAccessors: .hierarchicalModalModel

===========================================================================================
----------------- testing Tue Mar 19 03:48:20 UTC 2019 /home/travis/build/icyphy/ptII/ptolemy/domains/continuous/test/auto/hierarchicalModalModel1.xml
----------------- Instantiating /home/travis/build/icyphy/ptII/ptolemy/domains/continuous/test/auto/hierarchicalModalModel1.xml
7 ms. Memory: 393216K Free: 90208K (23%)
----------------- Invoking toplevel() on ptolemy.moml.MoMLSimpleApplication@3cb12b39
----------------- Done invoking toplevel() on ptolemy.moml.MoMLSimpleApplication@3cb12b39
reloadAllAccessors: .hierarchicalModalModel1

===========================================================================================
----------------- testing Tue Mar 19 03:48:20 UTC 2019 /home/travis/build/icyphy/ptII/ptolemy/domains/continuous/test/auto/hierarchicalModalModel2.xml
----------------- Instantiating /home/travis/build/icyphy/ptII/ptolemy/domains/continuous/test/auto/hierarchicalModalModel2.xml
5 ms. Memory: 393216K Free: 75552K (19%)
----------------- Invoking toplevel() on ptolemy.moml.MoMLSimpleApplication@429cdd86
----------------- Done invoking toplevel() on ptolemy.moml.MoMLSimpleApplication@429cdd86
reloadAllAccessors: .hierarchicalModalModel2

===========================================================================================
----------------- testing Tue Mar 19 03:48:20 UTC 2019 /home/travis/build/icyphy/ptII/ptolemy/domains/continuous/test/auto/hierarchicalModalModel3.xml
----------------- Instantiating /home/travis/build/icyphy/ptII/ptolemy/domains/continuous/test/auto/hierarchicalModalModel3.xml
5 ms. Memory: 393216K Free: 62555K (16%)
----------------- Invoking toplevel() on ptolemy.moml.MoMLSimpleApplication@22ae34cc
----------------- Done invoking toplevel() on ptolemy.moml.MoMLSimpleApplication@22ae34cc
reloadAllAccessors: .hierarchicalModalModel3

===========================================================================================
----------------- testing Tue Mar 19 03:48:20 UTC 2019 /home/travis/build/icyphy/ptII/ptolemy/domains/continuous/test/auto/hierarchicalModalModel4.xml
----------------- Instantiating /home/travis/build/icyphy/ptII/ptolemy/domains/continuous/test/auto/hierarchicalModalModel4.xml
5 ms. Memory: 393216K Free: 47907K (12%)
----------------- Invoking toplevel() on ptolemy.moml.MoMLSimpleApplication@713226d9
----------------- Done invoking toplevel() on ptolemy.moml.MoMLSimpleApplication@713226d9
reloadAllAccessors: .hierarchicalModalModel4

===========================================================================================
----------------- testing Tue Mar 19 03:48:20 UTC 2019 /home/travis/build/icyphy/ptII/ptolemy/domains/continuous/test/auto/junk.xml
----------------- Instantiating /home/travis/build/icyphy/ptII/ptolemy/domains/continuous/test/auto/junk.xml
145 ms. Memory: 385536K Free: 348827K (90%)
----------------- Invoking toplevel() on ptolemy.moml.MoMLSimpleApplication@1014cbe9
----------------- Done invoking toplevel() on ptolemy.moml.MoMLSimpleApplication@1014cbe9
reloadAllAccessors: .junk
AutoTests.java: About to close Vertx.
AutoTests.java: Vertx closed.
]]></system-out>
  <system-err><![CDATA[Warning: '.HysteresisWithRandomDelay.NonStrictTest' The test produced only 221 tokens, yet the correctValues parameter was expecting 222 tokens.
Warning: '.HysteresisWithRandomDelay.NonStrictTest2' The test produced only 220 tokens, yet the correctValues parameter was expecting 221 tokens.
Warning: '.HysteresisWithRandomDelay.NonStrictTest3' The test produced only 22 tokens, yet the correctValues parameter was expecting 30 tokens.
Warning: '.IncreasingRatePoisson.NonStrictTest' The test produced only 398 tokens, yet the correctValues parameter was expecting 402 tokens.
Warning: '.Poisson.NonStrictTest' The test produced only 371 tokens, yet the correctValues parameter was expecting 430 tokens.
]]></system-err>
</testsuite>
