<?xml version="1.0" encoding="UTF-8" ?>
<testsuite errors="0" failures="0" hostname="travis-job-c727331f-6e2e-48ca-ac0b-c5ea09846fa5" name="ptolemy.domains.de.test.junit.JUnitTclTest" skipped="0" tests="101" time="127.02" timestamp="2020-02-17T07:02:21">
  <properties>
[...]
</properties>
  <testcase classname="ptolemy.util.test.junit.TclTests" name="[0] /home/travis/build/icyphy/ptII/ptolemy/domains/de/test/DependencyLoop.tcl (RunTclFile)" time="1.164" />
  <testcase classname="ptolemy.util.test.junit.TclTests" name="[1] /home/travis/build/icyphy/ptII/ptolemy/domains/de/test/RunDETestsAsQSS.tcl (RunTclFile)" time="85.62" />
  <testcase classname="ptolemy.util.test.junit.AutoKnownFailedTests" name="[0] /home/travis/build/icyphy/ptII/ptolemy/domains/de/test/auto/knownFailedTests/DESDFClockTest.xml (RunModel)" time="2.056" />
  <testcase classname="ptolemy.util.test.junit.AutoKnownFailedTests" name="[1] /home/travis/build/icyphy/ptII/ptolemy/domains/de/test/auto/knownFailedTests/DirectFeedback.xml (RunModel)" time="0.025" />
  <testcase classname="ptolemy.util.test.junit.AutoKnownFailedTests" name="[2] /home/travis/build/icyphy/ptII/ptolemy/domains/de/test/auto/knownFailedTests/FSMSource.xml (RunModel)" time="0.028" />
  <testcase classname="ptolemy.util.test.junit.AutoKnownFailedTests" name="[3] /home/travis/build/icyphy/ptII/ptolemy/domains/de/test/auto/knownFailedTests/HierarchicalModel.xml (RunModel)" time="0.054" />
  <testcase classname="ptolemy.util.test.junit.AutoKnownFailedTests" name="[4] /home/travis/build/icyphy/ptII/ptolemy/domains/de/test/auto/knownFailedTests/dependencyLoop.xml (RunModel)" time="0.037" />
  <testcase classname="ptolemy.util.test.junit.AutoKnownFailedTests" name="[5] /home/travis/build/icyphy/ptII/ptolemy/domains/de/test/auto/knownFailedTests/dependencyLoop2.xml (RunModel)" time="0.057" />
  <testcase classname="ptolemy.util.test.junit.AutoNameArchTests" name="[0] ThereAreNoAutoArchTests (RunModel)" time="0.002" />
  <testcase classname="ptolemy.util.test.junit.AutoTests" name="[0] /home/travis/build/icyphy/ptII/ptolemy/domains/de/test/auto/ActorDepthCalculation_actorWithoutPorts.xml (RunModel)" time="0.025" />
  <testcase classname="ptolemy.util.test.junit.AutoTests" name="[1] /home/travis/build/icyphy/ptII/ptolemy/domains/de/test/auto/AssemblyLine.xml (RunModel)" time="0.024" />
  <testcase classname="ptolemy.util.test.junit.AutoTests" name="[2] /home/travis/build/icyphy/ptII/ptolemy/domains/de/test/auto/CQBug1.xml (RunModel)" time="0.012" />
  <testcase classname="ptolemy.util.test.junit.AutoTests" name="[3] /home/travis/build/icyphy/ptII/ptolemy/domains/de/test/auto/CancelFireAt.xml (RunModel)" time="0.015" />
  <testcase classname="ptolemy.util.test.junit.AutoTests" name="[4] /home/travis/build/icyphy/ptII/ptolemy/domains/de/test/auto/CausalityAndComposabilityAnalysis.xml (RunModel)" time="0.014" />
  <testcase classname="ptolemy.util.test.junit.AutoTests" name="[5] /home/travis/build/icyphy/ptII/ptolemy/domains/de/test/auto/CausalityInterface1.xml (RunModel)" time="0.02" />
  <testcase classname="ptolemy.util.test.junit.AutoTests" name="[6] /home/travis/build/icyphy/ptII/ptolemy/domains/de/test/auto/CausalityInterface15.xml (RunModel)" time="0.019" />
  <testcase classname="ptolemy.util.test.junit.AutoTests" name="[7] /home/travis/build/icyphy/ptII/ptolemy/domains/de/test/auto/CausalityInterface2.xml (RunModel)" time="0.016" />
  <testcase classname="ptolemy.util.test.junit.AutoTests" name="[8] /home/travis/build/icyphy/ptII/ptolemy/domains/de/test/auto/CausalityInterface3.xml (RunModel)" time="0.014" />
  <testcase classname="ptolemy.util.test.junit.AutoTests" name="[9] /home/travis/build/icyphy/ptII/ptolemy/domains/de/test/auto/ClockDrift.xml (RunModel)" time="0.033" />
  <testcase classname="ptolemy.util.test.junit.AutoTests" name="[10] /home/travis/build/icyphy/ptII/ptolemy/domains/de/test/auto/ClockDriftAndValueChange.xml (RunModel)" time="0.038" />
  <testcase classname="ptolemy.util.test.junit.AutoTests" name="[11] /home/travis/build/icyphy/ptII/ptolemy/domains/de/test/auto/ClockDriftChange.xml (RunModel)" time="0.033" />
  <testcase classname="ptolemy.util.test.junit.AutoTests" name="[12] /home/travis/build/icyphy/ptII/ptolemy/domains/de/test/auto/ComposableCausalityAnalysis.xml (RunModel)" time="0.014" />
  <testcase classname="ptolemy.util.test.junit.AutoTests" name="[13] /home/travis/build/icyphy/ptII/ptolemy/domains/de/test/auto/DEFixedPointLimitation.xml (RunModel)" time="0.011" />
  <testcase classname="ptolemy.util.test.junit.AutoTests" name="[14] /home/travis/build/icyphy/ptII/ptolemy/domains/de/test/auto/DEScheduleTest.xml (RunModel)" time="0.018" />
  <testcase classname="ptolemy.util.test.junit.AutoTests" name="[15] /home/travis/build/icyphy/ptII/ptolemy/domains/de/test/auto/DEinDEwithStartTimes.xml (RunModel)" time="0.027" />
  <testcase classname="ptolemy.util.test.junit.AutoTests" name="[16] /home/travis/build/icyphy/ptII/ptolemy/domains/de/test/auto/DEinDEwithStartTimes2.xml (RunModel)" time="0.02" />
  <testcase classname="ptolemy.util.test.junit.AutoTests" name="[17] /home/travis/build/icyphy/ptII/ptolemy/domains/de/test/auto/DateDemo.xml (RunModel)" time="0.03" />
  <testcase classname="ptolemy.util.test.junit.AutoTests" name="[18] /home/travis/build/icyphy/ptII/ptolemy/domains/de/test/auto/DateToEvent.xml (RunModel)" time="2.041" />
  <testcase classname="ptolemy.util.test.junit.AutoTests" name="[19] /home/travis/build/icyphy/ptII/ptolemy/domains/de/test/auto/DepthTest1.xml (RunModel)" time="0.008" />
  <testcase classname="ptolemy.util.test.junit.AutoTests" name="[20] /home/travis/build/icyphy/ptII/ptolemy/domains/de/test/auto/DepthTest2.xml (RunModel)" time="0.026" />
  <testcase classname="ptolemy.util.test.junit.AutoTests" name="[21] /home/travis/build/icyphy/ptII/ptolemy/domains/de/test/auto/DepthTest3.xml (RunModel)" time="0.009" />
  <testcase classname="ptolemy.util.test.junit.AutoTests" name="[22] /home/travis/build/icyphy/ptII/ptolemy/domains/de/test/auto/DepthTest4.xml (RunModel)" time="0.012" />
  <testcase classname="ptolemy.util.test.junit.AutoTests" name="[23] /home/travis/build/icyphy/ptII/ptolemy/domains/de/test/auto/DepthTest5.xml (RunModel)" time="0.017" />
  <testcase classname="ptolemy.util.test.junit.AutoTests" name="[24] /home/travis/build/icyphy/ptII/ptolemy/domains/de/test/auto/DepthTest6.xml (RunModel)" time="0.023" />
  <testcase classname="ptolemy.util.test.junit.AutoTests" name="[25] /home/travis/build/icyphy/ptII/ptolemy/domains/de/test/auto/DepthTest7.xml (RunModel)" time="0.012" />
  <testcase classname="ptolemy.util.test.junit.AutoTests" name="[26] /home/travis/build/icyphy/ptII/ptolemy/domains/de/test/auto/EventToDate.xml (RunModel)" time="3.032" />
  <testcase classname="ptolemy.util.test.junit.AutoTests" name="[27] /home/travis/build/icyphy/ptII/ptolemy/domains/de/test/auto/FSM1.xml (RunModel)" time="0.043" />
  <testcase classname="ptolemy.util.test.junit.AutoTests" name="[28] /home/travis/build/icyphy/ptII/ptolemy/domains/de/test/auto/FSM7.xml (RunModel)" time="0.037" />
  <testcase classname="ptolemy.util.test.junit.AutoTests" name="[29] /home/travis/build/icyphy/ptII/ptolemy/domains/de/test/auto/Inspection.xml (RunModel)" time="0.043" />
  <testcase classname="ptolemy.util.test.junit.AutoTests" name="[30] /home/travis/build/icyphy/ptII/ptolemy/domains/de/test/auto/Iteration.xml (RunModel)" time="0.027" />
  <testcase classname="ptolemy.util.test.junit.AutoTests" name="[31] /home/travis/build/icyphy/ptII/ptolemy/domains/de/test/auto/LineFault.xml (RunModel)" time="0.548" />
  <testcase classname="ptolemy.util.test.junit.AutoTests" name="[32] /home/travis/build/icyphy/ptII/ptolemy/domains/de/test/auto/MergeModel1Add.xml (RunModel)" time="0.057" />
  <testcase classname="ptolemy.util.test.junit.AutoTests" name="[33] /home/travis/build/icyphy/ptII/ptolemy/domains/de/test/auto/MergeModel2Add.xml (RunModel)" time="0.038" />
  <testcase classname="ptolemy.util.test.junit.AutoTests" name="[34] /home/travis/build/icyphy/ptII/ptolemy/domains/de/test/auto/MergeModel3Add.xml (RunModel)" time="0.046" />
  <testcase classname="ptolemy.util.test.junit.AutoTests" name="[35] /home/travis/build/icyphy/ptII/ptolemy/domains/de/test/auto/MergeWithoutDiscard.xml (RunModel)" time="0.016" />
  <testcase classname="ptolemy.util.test.junit.AutoTests" name="[36] /home/travis/build/icyphy/ptII/ptolemy/domains/de/test/auto/Modal1.xml (RunModel)" time="0.028" />
  <testcase classname="ptolemy.util.test.junit.AutoTests" name="[37] /home/travis/build/icyphy/ptII/ptolemy/domains/de/test/auto/Modal2.xml (RunModel)" time="0.029" />
  <testcase classname="ptolemy.util.test.junit.AutoTests" name="[38] /home/travis/build/icyphy/ptII/ptolemy/domains/de/test/auto/Modal3.xml (RunModel)" time="0.031" />
  <testcase classname="ptolemy.util.test.junit.AutoTests" name="[39] /home/travis/build/icyphy/ptII/ptolemy/domains/de/test/auto/Modal4.xml (RunModel)" time="0.031" />
  <testcase classname="ptolemy.util.test.junit.AutoTests" name="[40] /home/travis/build/icyphy/ptII/ptolemy/domains/de/test/auto/Modal5.xml (RunModel)" time="0.042" />
  <testcase classname="ptolemy.util.test.junit.AutoTests" name="[41] /home/travis/build/icyphy/ptII/ptolemy/domains/de/test/auto/Modal6.xml (RunModel)" time="0.029" />
  <testcase classname="ptolemy.util.test.junit.AutoTests" name="[42] /home/travis/build/icyphy/ptII/ptolemy/domains/de/test/auto/Modal7.xml (RunModel)" time="0.036" />
  <testcase classname="ptolemy.util.test.junit.AutoTests" name="[43] /home/travis/build/icyphy/ptII/ptolemy/domains/de/test/auto/ModalModel.xml (RunModel)" time="0.163" />
  <testcase classname="ptolemy.util.test.junit.AutoTests" name="[44] /home/travis/build/icyphy/ptII/ptolemy/domains/de/test/auto/ModalSource.xml (RunModel)" time="0.018" />
  <testcase classname="ptolemy.util.test.junit.AutoTests" name="[45] /home/travis/build/icyphy/ptII/ptolemy/domains/de/test/auto/NonInterruptibleTimerZeroDelay.xml (RunModel)" time="0.009" />
  <testcase classname="ptolemy.util.test.junit.AutoTests" name="[46] /home/travis/build/icyphy/ptII/ptolemy/domains/de/test/auto/OpenQueueingNetwork.xml (RunModel)" time="2.445" />
  <testcase classname="ptolemy.util.test.junit.AutoTests" name="[47] /home/travis/build/icyphy/ptII/ptolemy/domains/de/test/auto/OpenQueuingNetwork.xml (RunModel)" time="0.293" />
  <testcase classname="ptolemy.util.test.junit.AutoTests" name="[48] /home/travis/build/icyphy/ptII/ptolemy/domains/de/test/auto/PeriodicSampler.xml (RunModel)" time="0.015" />
  <testcase classname="ptolemy.util.test.junit.AutoTests" name="[49] /home/travis/build/icyphy/ptII/ptolemy/domains/de/test/auto/PersistentIO.xml (RunModel)" time="0.025" />
  <testcase classname="ptolemy.util.test.junit.AutoTests" name="[50] /home/travis/build/icyphy/ptII/ptolemy/domains/de/test/auto/PortParameterResetOnInitialize.xml (RunModel)" time="0.01" />
  <testcase classname="ptolemy.util.test.junit.AutoTests" name="[51] /home/travis/build/icyphy/ptII/ptolemy/domains/de/test/auto/PortParameterUpdates.xml (RunModel)" time="0.016" />
  <testcase classname="ptolemy.util.test.junit.AutoTests" name="[52] /home/travis/build/icyphy/ptII/ptolemy/domains/de/test/auto/QueueAndServer.xml (RunModel)" time="0.022" />
  <testcase classname="ptolemy.util.test.junit.AutoTests" name="[53] /home/travis/build/icyphy/ptII/ptolemy/domains/de/test/auto/Records.xml (RunModel)" time="0.014" />
  <testcase classname="ptolemy.util.test.junit.AutoTests" name="[54] /home/travis/build/icyphy/ptII/ptolemy/domains/de/test/auto/ResetTransitionWithStartTime1.xml (RunModel)" time="0.024" />
  <testcase classname="ptolemy.util.test.junit.AutoTests" name="[55] /home/travis/build/icyphy/ptII/ptolemy/domains/de/test/auto/ResetTransitionWithStartTime2.xml (RunModel)" time="0.023" />
  <testcase classname="ptolemy.util.test.junit.AutoTests" name="[56] /home/travis/build/icyphy/ptII/ptolemy/domains/de/test/auto/ResetTransitionWithStartTime3.xml (RunModel)" time="0.024" />
  <testcase classname="ptolemy.util.test.junit.AutoTests" name="[57] /home/travis/build/icyphy/ptII/ptolemy/domains/de/test/auto/ResetTransitionWithStartTime4.xml (RunModel)" time="0.018" />
  <testcase classname="ptolemy.util.test.junit.AutoTests" name="[58] /home/travis/build/icyphy/ptII/ptolemy/domains/de/test/auto/ResettableTimer1.xml (RunModel)" time="0.011" />
  <testcase classname="ptolemy.util.test.junit.AutoTests" name="[59] /home/travis/build/icyphy/ptII/ptolemy/domains/de/test/auto/ResettableTimer2.xml (RunModel)" time="0.01" />
  <testcase classname="ptolemy.util.test.junit.AutoTests" name="[60] /home/travis/build/icyphy/ptII/ptolemy/domains/de/test/auto/ResettableTimer3.xml (RunModel)" time="0.01" />
  <testcase classname="ptolemy.util.test.junit.AutoTests" name="[61] /home/travis/build/icyphy/ptII/ptolemy/domains/de/test/auto/ResettableTimer4.xml (RunModel)" time="0.009" />
  <testcase classname="ptolemy.util.test.junit.AutoTests" name="[62] /home/travis/build/icyphy/ptII/ptolemy/domains/de/test/auto/ResettableTimer5.xml (RunModel)" time="0.014" />
  <testcase classname="ptolemy.util.test.junit.AutoTests" name="[63] /home/travis/build/icyphy/ptII/ptolemy/domains/de/test/auto/ResettableTimer6.xml (RunModel)" time="0.018" />
  <testcase classname="ptolemy.util.test.junit.AutoTests" name="[64] /home/travis/build/icyphy/ptII/ptolemy/domains/de/test/auto/ServerZeroDelay.xml (RunModel)" time="0.009" />
  <testcase classname="ptolemy.util.test.junit.AutoTests" name="[65] /home/travis/build/icyphy/ptII/ptolemy/domains/de/test/auto/SmartSender.xml (RunModel)" time="3.008" />
  <testcase classname="ptolemy.util.test.junit.AutoTests" name="[66] /home/travis/build/icyphy/ptII/ptolemy/domains/de/test/auto/ThreadedComposite.xml (RunModel)" time="0.173" />
  <testcase classname="ptolemy.util.test.junit.AutoTests" name="[67] /home/travis/build/icyphy/ptII/ptolemy/domains/de/test/auto/Time.xml (RunModel)" time="0.403" />
  <testcase classname="ptolemy.util.test.junit.AutoTests" name="[68] /home/travis/build/icyphy/ptII/ptolemy/domains/de/test/auto/TimeDelayZeroDelay.xml (RunModel)" time="0.015" />
  <testcase classname="ptolemy.util.test.junit.AutoTests" name="[69] /home/travis/build/icyphy/ptII/ptolemy/domains/de/test/auto/TimerZeroDelay.xml (RunModel)" time="0.011" />
  <testcase classname="ptolemy.util.test.junit.AutoTests" name="[70] /home/travis/build/icyphy/ptII/ptolemy/domains/de/test/auto/TimingParadox.xml (RunModel)" time="0.311" />
  <testcase classname="ptolemy.util.test.junit.AutoTests" name="[71] /home/travis/build/icyphy/ptII/ptolemy/domains/de/test/auto/TransferInputs.xml (RunModel)" time="0.014" />
  <testcase classname="ptolemy.util.test.junit.AutoTests" name="[72] /home/travis/build/icyphy/ptII/ptolemy/domains/de/test/auto/TransferOutputs2.xml (RunModel)" time="0.015" />
  <testcase classname="ptolemy.util.test.junit.AutoTests" name="[73] /home/travis/build/icyphy/ptII/ptolemy/domains/de/test/auto/Trilateration.xml (RunModel)" time="11.635" />
  <testcase classname="ptolemy.util.test.junit.AutoTests" name="[74] /home/travis/build/icyphy/ptII/ptolemy/domains/de/test/auto/TwoSigmaDelta.xml (RunModel)" time="1.887" />
  <testcase classname="ptolemy.util.test.junit.AutoTests" name="[75] /home/travis/build/icyphy/ptII/ptolemy/domains/de/test/auto/VariableDelay.xml (RunModel)" time="0.017" />
  <testcase classname="ptolemy.util.test.junit.AutoTests" name="[76] /home/travis/build/icyphy/ptII/ptolemy/domains/de/test/auto/VariableDelay2.xml (RunModel)" time="0.012" />
  <testcase classname="ptolemy.util.test.junit.AutoTests" name="[77] /home/travis/build/icyphy/ptII/ptolemy/domains/de/test/auto/VariableDelayZeroDelay.xml (RunModel)" time="0.018" />
  <testcase classname="ptolemy.util.test.junit.AutoTests" name="[78] /home/travis/build/icyphy/ptII/ptolemy/domains/de/test/auto/VariableDelayZeroDelay2.xml (RunModel)" time="0.028" />
  <testcase classname="ptolemy.util.test.junit.AutoTests" name="[79] /home/travis/build/icyphy/ptII/ptolemy/domains/de/test/auto/deInCt.xml (RunModel)" time="0.012" />
  <testcase classname="ptolemy.util.test.junit.AutoTests" name="[80] /home/travis/build/icyphy/ptII/ptolemy/domains/de/test/auto/deInCt2.xml (RunModel)" time="0.008" />
  <testcase classname="ptolemy.util.test.junit.AutoTests" name="[81] /home/travis/build/icyphy/ptII/ptolemy/domains/de/test/auto/dynamicCausalityInterface1.xml (RunModel)" time="0.019" />
  <testcase classname="ptolemy.util.test.junit.AutoTests" name="[82] /home/travis/build/icyphy/ptII/ptolemy/domains/de/test/auto/fsm_de_test.xml (RunModel)" time="0.021" />
  <testcase classname="ptolemy.util.test.junit.AutoTests" name="[83] /home/travis/build/icyphy/ptII/ptolemy/domains/de/test/auto/functionDependencyReconstruction.xml (RunModel)" time="0.035" />
  <testcase classname="ptolemy.util.test.junit.AutoTests" name="[84] /home/travis/build/icyphy/ptII/ptolemy/domains/de/test/auto/multirate.xml (RunModel)" time="0.029" />
  <testcase classname="ptolemy.util.test.junit.AutoTests" name="[85] /home/travis/build/icyphy/ptII/ptolemy/domains/de/test/auto/multirate2.xml (RunModel)" time="0.016" />
  <testcase classname="ptolemy.util.test.junit.AutoTests" name="[86] /home/travis/build/icyphy/ptII/ptolemy/domains/de/test/auto/realtime.xml (RunModel)" time="10.02" />
  <testcase classname="ptolemy.util.test.junit.AutoTests" name="[87] /home/travis/build/icyphy/ptII/ptolemy/domains/de/test/auto/relationGroup.xml (RunModel)" time="0.012" />
  <testcase classname="ptolemy.util.test.junit.AutoTests" name="[88] /home/travis/build/icyphy/ptII/ptolemy/domains/de/test/auto/relationGroup2.xml (RunModel)" time="0.013" />
  <testcase classname="ptolemy.util.test.junit.AutoTests" name="[89] /home/travis/build/icyphy/ptII/ptolemy/domains/de/test/auto/sortWithOpaquePorts.xml (RunModel)" time="0.013" />
  <testcase classname="ptolemy.util.test.junit.AutoTests" name="[90] /home/travis/build/icyphy/ptII/ptolemy/domains/de/test/auto/transferInputsandOutputs.xml (RunModel)" time="0.019" />
  <testcase classname="ptolemy.util.test.junit.AutoTests" name="[91] /home/travis/build/icyphy/ptII/ptolemy/domains/de/test/auto/triggerType.xml (RunModel)" time="0.01" />
  <system-out><![CDATA[/home/travis/build/icyphy/ptII/ptolemy/domains/de/test/DependencyLoop.tcl
testDefs.tcl: setting time out to 9000 seconds at Mon Feb 17 07:02:22 UTC 2020
99 ms. Memory: 129024K Free: 78791K (61%)
30 ms. Memory: 129024K Free: 61383K (48%)
/home/travis/build/icyphy/ptII/ptolemy/domains/de/test/RunDETestsAsQSS.tcl
Run the DE tests using ptolemy.domains.qss.test.QSSDirectorTest, which extends QSSDirector and prints a message in the constructors.
------------------ testing $PTII/ptolemy/domains/de/test/auto/knownFailedTests/DirectFeedback.xml (Known Failure) 
42 ms. Memory: 129024K Free: 56263K (44%)


==== $PTIIhome/travis/build/icyphy/ptII/ptolemy/domains/de/test/../../../../: Auto Automatic test in file $PTII/ptolemy/domains/de/test/auto/knownFailedTests/DirectFeedback.xml
==== Contents of test case:

	    # FIXME: we should use $relativeFilename here, but it
	    # might have backslashes under Windows, which causes no end
	    # of trouble.
	    createAndExecute $file
	    list {}
	
.... Test generated KNOWN error:
    while executing
ptolemy.kernel.util.IllegalActionException: Test fails in iteration 1.
Value was: 1.0. Should have been: 2.0
  in .DirectFeedback.Test
	at ptolemy.actor.lib.Test.fire(Test.java:268)
	at ptolemy.domains.de.kernel.DEDirector._fire(DEDirector.java:1949)
	at ptolemy.domains.de.kernel.DEDirector.fire(DEDirector.java:502)
	at ptolemy.actor.CompositeActor.fire(CompositeActor.java:455)
	at ptolemy.actor.Manager.iterate(Manager.java:851)
	at ptolemy.actor.Manager.execute(Manager.java:369)
	at ptolemy.actor.Manager.run(Manager.java:1263)
	at ptolemy.actor.Manager$PtolemyRunThread.run(Manager.java:1933)

    while executing
ptolemy.kernel.util.IllegalActionException: Test fails in iteration 1.
Value was: 1.0. Should have been: 2.0
  in .DirectFeedback.Test
    while executing
"java::new ptolemy.moml.MoMLSimpleApplication $file
"
    (procedure "createAndExecute" line 2)
    invoked from within
"createAndExecute $file"
    ("uplevel" body line 5)
    invoked from within
"uplevel $contents_of_test"
------------------ testing $PTII/ptolemy/domains/de/test/auto/knownFailedTests/dependencyLoop.xml (Known Failure) 
14 ms. Memory: 129024K Free: 53191K (41%)


==== $PTIIhome/travis/build/icyphy/ptII/ptolemy/domains/de/test/../../../../: Auto Automatic test in file $PTII/ptolemy/domains/de/test/auto/knownFailedTests/dependencyLoop.xml
==== Contents of test case:

	    # FIXME: we should use $relativeFilename here, but it
	    # might have backslashes under Windows, which causes no end
	    # of trouble.
	    createAndExecute $file
	    list {}
	
.... Test generated KNOWN error:
    while executing
ptolemy.kernel.util.IllegalActionException: Found a zero delay loop containing .dependencyLoop.original
  in .dependencyLoop and .dependencyLoop.original
	at ptolemy.actor.util.CausalityInterfaceForComposites._computeOutputPortDepth(CausalityInterfaceForComposites.java:759)
	at ptolemy.actor.util.CausalityInterfaceForComposites._computeInputDepth(CausalityInterfaceForComposites.java:696)
	at ptolemy.actor.util.CausalityInterfaceForComposites._computeOutputPortDepth(CausalityInterfaceForComposites.java:765)
	at ptolemy.actor.util.CausalityInterfaceForComposites._computeInputDepth(CausalityInterfaceForComposites.java:696)
	at ptolemy.actor.util.CausalityInterfaceForComposites._computeOutputPortDepth(CausalityInterfaceForComposites.java:765)
	at ptolemy.actor.util.CausalityInterfaceForComposites._computeInputDepth(CausalityInterfaceForComposites.java:696)
	at ptolemy.actor.util.CausalityInterfaceForComposites._computeActorDepth(CausalityInterfaceForComposites.java:532)
	at ptolemy.actor.util.CausalityInterfaceForComposites.checkForCycles(CausalityInterfaceForComposites.java:96)
	at ptolemy.domains.de.kernel.DEDirector.preinitialize(DEDirector.java:1338)
	at ptolemy.actor.CompositeActor.preinitialize(CompositeActor.java:1828)
	at ptolemy.actor.Manager.preinitializeAndResolveTypes(Manager.java:1040)
	at ptolemy.actor.Manager.initialize(Manager.java:710)
	at ptolemy.actor.Manager.execute(Manager.java:356)
	at ptolemy.actor.Manager.run(Manager.java:1263)
	at ptolemy.actor.Manager$PtolemyRunThread.run(Manager.java:1933)

    while executing
ptolemy.kernel.util.IllegalActionException: Found a zero delay loop containing .dependencyLoop.original
  in .dependencyLoop and .dependencyLoop.original
    while executing
"java::new ptolemy.moml.MoMLSimpleApplication $file
"
    (procedure "createAndExecute" line 2)
    invoked from within
"createAndExecute $file"
    ("uplevel" body line 5)
    invoked from within
"uplevel $contents_of_test"
------------------ testing $PTII/ptolemy/domains/de/test/auto/knownFailedTests/FSMSource.xml (Known Failure) 
74 ms. Memory: 129024K Free: 112141K (87%)
!!!! Auto was marked as failing, but now passes
------------------ testing $PTII/ptolemy/domains/de/test/auto/knownFailedTests/HierarchicalModel.xml (Known Failure) 
7 ms. Memory: 129024K Free: 94441K (73%)


==== $PTIIhome/travis/build/icyphy/ptII/ptolemy/domains/de/test/../../../../: Auto Automatic test in file $PTII/ptolemy/domains/de/test/auto/knownFailedTests/HierarchicalModel.xml
==== Contents of test case:

	    # FIXME: we should use $relativeFilename here, but it
	    # might have backslashes under Windows, which causes no end
	    # of trouble.
	    createAndExecute $file
	    list {}
	
.... Test generated KNOWN error:
    while executing
ptolemy.kernel.util.IllegalActionException: Found a zero delay loop containing .HierarchicalModel.A
  in .HierarchicalModel and .HierarchicalModel.A
	at ptolemy.actor.util.CausalityInterfaceForComposites._computeOutputPortDepth(CausalityInterfaceForComposites.java:759)
	at ptolemy.actor.util.CausalityInterfaceForComposites._computeInputDepth(CausalityInterfaceForComposites.java:696)
	at ptolemy.actor.util.CausalityInterfaceForComposites._computeOutputPortDepth(CausalityInterfaceForComposites.java:765)
	at ptolemy.actor.util.CausalityInterfaceForComposites._computeInputDepth(CausalityInterfaceForComposites.java:696)
	at ptolemy.actor.util.CausalityInterfaceForComposites._computeOutputPortDepth(CausalityInterfaceForComposites.java:765)
	at ptolemy.actor.util.CausalityInterfaceForComposites._computeInputDepth(CausalityInterfaceForComposites.java:696)
	at ptolemy.actor.util.CausalityInterfaceForComposites._computeActorDepth(CausalityInterfaceForComposites.java:532)
	at ptolemy.actor.util.CausalityInterfaceForComposites.checkForCycles(CausalityInterfaceForComposites.java:96)
	at ptolemy.domains.de.kernel.DEDirector.preinitialize(DEDirector.java:1338)
	at ptolemy.actor.CompositeActor.preinitialize(CompositeActor.java:1828)
	at ptolemy.actor.Manager.preinitializeAndResolveTypes(Manager.java:1040)
	at ptolemy.actor.Manager.initialize(Manager.java:710)
	at ptolemy.actor.Manager.execute(Manager.java:356)
	at ptolemy.actor.Manager.run(Manager.java:1263)
	at ptolemy.actor.Manager$PtolemyRunThread.run(Manager.java:1933)

    while executing
ptolemy.kernel.util.IllegalActionException: Found a zero delay loop containing .HierarchicalModel.A
  in .HierarchicalModel and .HierarchicalModel.A
    while executing
"java::new ptolemy.moml.MoMLSimpleApplication $file
"
    (procedure "createAndExecute" line 2)
    invoked from within
"createAndExecute $file"
    ("uplevel" body line 5)
    invoked from within
"uplevel $contents_of_test"
------------------ testing $PTII/ptolemy/domains/de/test/auto/knownFailedTests/dependencyLoop2.xml (Known Failure) 
14 ms. Memory: 129024K Free: 78826K (61%)


==== $PTIIhome/travis/build/icyphy/ptII/ptolemy/domains/de/test/../../../../: Auto Automatic test in file $PTII/ptolemy/domains/de/test/auto/knownFailedTests/dependencyLoop2.xml
==== Contents of test case:

	    # FIXME: we should use $relativeFilename here, but it
	    # might have backslashes under Windows, which causes no end
	    # of trouble.
	    createAndExecute $file
	    list {}
	
.... Test generated KNOWN error:
    while executing
ptolemy.kernel.util.IllegalActionException: Found a zero delay loop containing .dependencyLoop2.original
  in .dependencyLoop2 and .dependencyLoop2.original
	at ptolemy.actor.util.CausalityInterfaceForComposites._computeOutputPortDepth(CausalityInterfaceForComposites.java:759)
	at ptolemy.actor.util.CausalityInterfaceForComposites._computeInputDepth(CausalityInterfaceForComposites.java:696)
	at ptolemy.actor.util.CausalityInterfaceForComposites._computeOutputPortDepth(CausalityInterfaceForComposites.java:765)
	at ptolemy.actor.util.CausalityInterfaceForComposites._computeInputDepth(CausalityInterfaceForComposites.java:696)
	at ptolemy.actor.util.CausalityInterfaceForComposites._computeOutputPortDepth(CausalityInterfaceForComposites.java:765)
	at ptolemy.actor.util.CausalityInterfaceForComposites._computeInputDepth(CausalityInterfaceForComposites.java:696)
	at ptolemy.actor.util.CausalityInterfaceForComposites._computeActorDepth(CausalityInterfaceForComposites.java:532)
	at ptolemy.actor.util.CausalityInterfaceForComposites.checkForCycles(CausalityInterfaceForComposites.java:96)
	at ptolemy.domains.de.kernel.DEDirector.preinitialize(DEDirector.java:1338)
	at ptolemy.actor.CompositeActor.preinitialize(CompositeActor.java:1828)
	at ptolemy.actor.Manager.preinitializeAndResolveTypes(Manager.java:1040)
	at ptolemy.actor.Manager.initialize(Manager.java:710)
	at ptolemy.actor.Manager.execute(Manager.java:356)
	at ptolemy.actor.Manager.run(Manager.java:1263)
	at ptolemy.actor.Manager$PtolemyRunThread.run(Manager.java:1933)

    while executing
ptolemy.kernel.util.IllegalActionException: Found a zero delay loop containing .dependencyLoop2.original
  in .dependencyLoop2 and .dependencyLoop2.original
    while executing
"java::new ptolemy.moml.MoMLSimpleApplication $file
"
    (procedure "createAndExecute" line 2)
    invoked from within
"createAndExecute $file"
    ("uplevel" body line 5)
    invoked from within
"uplevel $contents_of_test"
------------------ testing $PTII/ptolemy/domains/de/test/auto/knownFailedTests/DESDFClockTest.xml (Known Failure) 
2063 ms. Memory: 129024K Free: 108845K (84%)


==== $PTIIhome/travis/build/icyphy/ptII/ptolemy/domains/de/test/../../../../: Auto Automatic test in file $PTII/ptolemy/domains/de/test/auto/knownFailedTests/DESDFClockTest.xml
==== Contents of test case:

	    # FIXME: we should use $relativeFilename here, but it
	    # might have backslashes under Windows, which causes no end
	    # of trouble.
	    createAndExecute $file
	    list {}
	
.... Test generated KNOWN error:
    while executing
ptolemy.kernel.util.IllegalActionException: Actor is not ready to fire.  Perhaps UpSample.prefire() returned false? Try debugging the actor by selecting "Listen to Actor".  Also, for SDF check moml for tokenConsumptionRate on input.
  in .DESDFClockTest.Play Bell.Copy1:SDF Director and .DESDFClockTest.Play Bell.UpSample
	at ptolemy.actor.sched.StaticSchedulingDirector.fire(StaticSchedulingDirector.java:227)
	at ptolemy.domains.sdf.kernel.SDFDirector.fire(SDFDirector.java:500)
	at ptolemy.actor.CompositeActor.fire(CompositeActor.java:455)
	at ptolemy.domains.de.kernel.DEDirector._fire(DEDirector.java:1949)
	at ptolemy.domains.de.kernel.DEDirector.fire(DEDirector.java:502)
	at ptolemy.actor.CompositeActor.fire(CompositeActor.java:455)
	at ptolemy.actor.Manager.iterate(Manager.java:851)
	at ptolemy.actor.Manager.execute(Manager.java:369)
	at ptolemy.actor.Manager.run(Manager.java:1263)
	at ptolemy.actor.Manager$PtolemyRunThread.run(Manager.java:1933)

    while executing
ptolemy.kernel.util.IllegalActionException: Actor is not ready to fire.  Perhaps UpSample.prefire() returned false? Try debugging the actor by selecting "Listen to Actor".  Also, for SDF check moml for tokenConsumptionRate on input.
  in .DESDFClockTest.Play Bell.Copy1:SDF Director and .DESDFClockTest.Play Bell.UpSample
    while executing
"java::new ptolemy.moml.MoMLSimpleApplication $file
"
    (procedure "createAndExecute" line 2)
    invoked from within
"createAndExecute $file"
    ("uplevel" body line 5)
    invoked from within
"uplevel $contents_of_test"
------------------ testing $PTII/ptolemy/domains/de/test/auto/ActorDepthCalculation_actorWithoutPorts.xml
auto.tcl: Setting watchdog for 200 seconds at Mon Feb 17 07:02:25 UTC 2020
11 ms. Memory: 129024K Free: 101677K (79%)
ptolemy.util.test.WatchDog.cancel(): canceling Mon Feb 17 07:02:25 UTC 2020
auto.tcl: Setting watchdog for 200 seconds at Mon Feb 17 07:02:25 UTC 2020
5 ms. Memory: 129024K Free: 100125K (78%)
ptolemy.util.test.WatchDog.cancel(): canceling Mon Feb 17 07:02:25 UTC 2020
------------------ testing $PTII/ptolemy/domains/de/test/auto/AssemblyLine.xml
auto.tcl: Setting watchdog for 200 seconds at Mon Feb 17 07:02:26 UTC 2020
19 ms. Memory: 51200K Free: 27479K (54%)
ptolemy.util.test.WatchDog.cancel(): canceling Mon Feb 17 07:02:26 UTC 2020
auto.tcl: Setting watchdog for 200 seconds at Mon Feb 17 07:02:26 UTC 2020
6 ms. Memory: 51200K Free: 26723K (52%)
ptolemy.util.test.WatchDog.cancel(): canceling Mon Feb 17 07:02:26 UTC 2020
------------------ testing $PTII/ptolemy/domains/de/test/auto/CQBug1.xml
auto.tcl: Setting watchdog for 200 seconds at Mon Feb 17 07:02:26 UTC 2020
3 ms. Memory: 51200K Free: 33236K (65%)
ptolemy.util.test.WatchDog.cancel(): canceling Mon Feb 17 07:02:26 UTC 2020
auto.tcl: Setting watchdog for 200 seconds at Mon Feb 17 07:02:26 UTC 2020
2 ms. Memory: 51200K Free: 33236K (65%)
ptolemy.util.test.WatchDog.cancel(): canceling Mon Feb 17 07:02:26 UTC 2020
------------------ testing $PTII/ptolemy/domains/de/test/auto/CancelFireAt.xml
auto.tcl: Setting watchdog for 200 seconds at Mon Feb 17 07:02:26 UTC 2020
3 ms. Memory: 48128K Free: 31628K (66%)
ptolemy.util.test.WatchDog.cancel(): canceling Mon Feb 17 07:02:26 UTC 2020
auto.tcl: Setting watchdog for 200 seconds at Mon Feb 17 07:02:26 UTC 2020
2 ms. Memory: 48128K Free: 31087K (65%)
ptolemy.util.test.WatchDog.cancel(): canceling Mon Feb 17 07:02:26 UTC 2020
------------------ testing $PTII/ptolemy/domains/de/test/auto/CausalityAndComposabilityAnalysis.xml
auto.tcl: Setting watchdog for 200 seconds at Mon Feb 17 07:02:26 UTC 2020
5 ms. Memory: 48128K Free: 29381K (61%)
ptolemy.util.test.WatchDog.cancel(): canceling Mon Feb 17 07:02:26 UTC 2020
auto.tcl: Setting watchdog for 200 seconds at Mon Feb 17 07:02:26 UTC 2020
7 ms. Memory: 48128K Free: 28929K (60%)
ptolemy.util.test.WatchDog.cancel(): canceling Mon Feb 17 07:02:26 UTC 2020
------------------ testing $PTII/ptolemy/domains/de/test/auto/CausalityInterface1.xml
auto.tcl: Setting watchdog for 200 seconds at Mon Feb 17 07:02:26 UTC 2020
37 ms. Memory: 48128K Free: 28324K (59%)
ptolemy.util.test.WatchDog.cancel(): canceling Mon Feb 17 07:02:26 UTC 2020
auto.tcl: Setting watchdog for 200 seconds at Mon Feb 17 07:02:26 UTC 2020
4 ms. Memory: 48128K Free: 27341K (57%)
ptolemy.util.test.WatchDog.cancel(): canceling Mon Feb 17 07:02:26 UTC 2020
------------------ testing $PTII/ptolemy/domains/de/test/auto/CausalityInterface15.xml
auto.tcl: Setting watchdog for 200 seconds at Mon Feb 17 07:02:26 UTC 2020
11 ms. Memory: 48128K Free: 28476K (59%)
ptolemy.util.test.WatchDog.cancel(): canceling Mon Feb 17 07:02:27 UTC 2020
auto.tcl: Setting watchdog for 200 seconds at Mon Feb 17 07:02:27 UTC 2020
6 ms. Memory: 48128K Free: 27323K (57%)
ptolemy.util.test.WatchDog.cancel(): canceling Mon Feb 17 07:02:27 UTC 2020
------------------ testing $PTII/ptolemy/domains/de/test/auto/CausalityInterface2.xml
auto.tcl: Setting watchdog for 200 seconds at Mon Feb 17 07:02:27 UTC 2020
5 ms. Memory: 48128K Free: 29186K (61%)
ptolemy.util.test.WatchDog.cancel(): canceling Mon Feb 17 07:02:27 UTC 2020
auto.tcl: Setting watchdog for 200 seconds at Mon Feb 17 07:02:27 UTC 2020
3 ms. Memory: 48128K Free: 28303K (59%)
ptolemy.util.test.WatchDog.cancel(): canceling Mon Feb 17 07:02:27 UTC 2020
------------------ testing $PTII/ptolemy/domains/de/test/auto/CausalityInterface3.xml
auto.tcl: Setting watchdog for 200 seconds at Mon Feb 17 07:02:27 UTC 2020
5 ms. Memory: 48128K Free: 28527K (59%)
ptolemy.util.test.WatchDog.cancel(): canceling Mon Feb 17 07:02:27 UTC 2020
auto.tcl: Setting watchdog for 200 seconds at Mon Feb 17 07:02:27 UTC 2020
3 ms. Memory: 48128K Free: 27741K (58%)
ptolemy.util.test.WatchDog.cancel(): canceling Mon Feb 17 07:02:27 UTC 2020
------------------ testing $PTII/ptolemy/domains/de/test/auto/ClockDrift.xml
auto.tcl: Setting watchdog for 200 seconds at Mon Feb 17 07:02:27 UTC 2020
90 ms. Memory: 48128K Free: 21132K (44%)
ptolemy.util.test.WatchDog.cancel(): canceling Mon Feb 17 07:02:27 UTC 2020
auto.tcl: Setting watchdog for 200 seconds at Mon Feb 17 07:02:27 UTC 2020
50 ms. Memory: 48128K Free: 18110K (38%)
ptolemy.util.test.WatchDog.cancel(): canceling Mon Feb 17 07:02:27 UTC 2020
------------------ testing $PTII/ptolemy/domains/de/test/auto/ClockDriftAndValueChange.xml
auto.tcl: Setting watchdog for 200 seconds at Mon Feb 17 07:02:27 UTC 2020
37 ms. Memory: 48128K Free: 21193K (44%)
ptolemy.util.test.WatchDog.cancel(): canceling Mon Feb 17 07:02:27 UTC 2020
auto.tcl: Setting watchdog for 200 seconds at Mon Feb 17 07:02:27 UTC 2020
26 ms. Memory: 48128K Free: 18359K (38%)
ptolemy.util.test.WatchDog.cancel(): canceling Mon Feb 17 07:02:27 UTC 2020
------------------ testing $PTII/ptolemy/domains/de/test/auto/ClockDriftChange.xml
auto.tcl: Setting watchdog for 200 seconds at Mon Feb 17 07:02:27 UTC 2020
18 ms. Memory: 48128K Free: 23242K (48%)
ptolemy.util.test.WatchDog.cancel(): canceling Mon Feb 17 07:02:27 UTC 2020
auto.tcl: Setting watchdog for 200 seconds at Mon Feb 17 07:02:27 UTC 2020
16 ms. Memory: 48128K Free: 20658K (43%)
ptolemy.util.test.WatchDog.cancel(): canceling Mon Feb 17 07:02:27 UTC 2020
------------------ testing $PTII/ptolemy/domains/de/test/auto/ComposableCausalityAnalysis.xml
auto.tcl: Setting watchdog for 200 seconds at Mon Feb 17 07:02:27 UTC 2020
4 ms. Memory: 48128K Free: 27859K (58%)
ptolemy.util.test.WatchDog.cancel(): canceling Mon Feb 17 07:02:27 UTC 2020
auto.tcl: Setting watchdog for 200 seconds at Mon Feb 17 07:02:27 UTC 2020
2 ms. Memory: 48128K Free: 26821K (56%)
ptolemy.util.test.WatchDog.cancel(): canceling Mon Feb 17 07:02:27 UTC 2020
------------------ testing $PTII/ptolemy/domains/de/test/auto/DEFixedPointLimitation.xml
auto.tcl: Setting watchdog for 200 seconds at Mon Feb 17 07:02:27 UTC 2020
3 ms. Memory: 48128K Free: 29187K (61%)
ptolemy.util.test.WatchDog.cancel(): canceling Mon Feb 17 07:02:27 UTC 2020
auto.tcl: Setting watchdog for 200 seconds at Mon Feb 17 07:02:27 UTC 2020
1 ms. Memory: 48128K Free: 28351K (59%)
ptolemy.util.test.WatchDog.cancel(): canceling Mon Feb 17 07:02:27 UTC 2020
------------------ testing $PTII/ptolemy/domains/de/test/auto/DEScheduleTest.xml
auto.tcl: Setting watchdog for 200 seconds at Mon Feb 17 07:02:27 UTC 2020
10 ms. Memory: 48128K Free: 29517K (61%)
ptolemy.util.test.WatchDog.cancel(): canceling Mon Feb 17 07:02:27 UTC 2020
auto.tcl: Setting watchdog for 200 seconds at Mon Feb 17 07:02:27 UTC 2020
2 ms. Memory: 48128K Free: 28753K (60%)
ptolemy.util.test.WatchDog.cancel(): canceling Mon Feb 17 07:02:27 UTC 2020
------------------ testing $PTII/ptolemy/domains/de/test/auto/DEinDEwithStartTimes.xml
auto.tcl: Setting watchdog for 200 seconds at Mon Feb 17 07:02:28 UTC 2020
3 ms. Memory: 48128K Free: 27714K (58%)
ptolemy.util.test.WatchDog.cancel(): canceling Mon Feb 17 07:02:28 UTC 2020
auto.tcl: Setting watchdog for 200 seconds at Mon Feb 17 07:02:28 UTC 2020
3 ms. Memory: 48128K Free: 26655K (55%)
ptolemy.util.test.WatchDog.cancel(): canceling Mon Feb 17 07:02:28 UTC 2020
------------------ testing $PTII/ptolemy/domains/de/test/auto/DEinDEwithStartTimes2.xml
auto.tcl: Setting watchdog for 200 seconds at Mon Feb 17 07:02:28 UTC 2020
5 ms. Memory: 48128K Free: 26878K (56%)
ptolemy.util.test.WatchDog.cancel(): canceling Mon Feb 17 07:02:28 UTC 2020
auto.tcl: Setting watchdog for 200 seconds at Mon Feb 17 07:02:28 UTC 2020
4 ms. Memory: 48128K Free: 25611K (53%)
ptolemy.util.test.WatchDog.cancel(): canceling Mon Feb 17 07:02:28 UTC 2020
------------------ testing $PTII/ptolemy/domains/de/test/auto/DateDemo.xml
auto.tcl: Setting watchdog for 200 seconds at Mon Feb 17 07:02:28 UTC 2020
12 ms. Memory: 48128K Free: 21262K (44%)
ptolemy.util.test.WatchDog.cancel(): canceling Mon Feb 17 07:02:28 UTC 2020
auto.tcl: Setting watchdog for 200 seconds at Mon Feb 17 07:02:28 UTC 2020
7 ms. Memory: 48128K Free: 19680K (41%)
ptolemy.util.test.WatchDog.cancel(): canceling Mon Feb 17 07:02:28 UTC 2020
------------------ testing $PTII/ptolemy/domains/de/test/auto/DateToEvent.xml
auto.tcl: Setting watchdog for 200 seconds at Mon Feb 17 07:02:28 UTC 2020
2014 ms. Memory: 48128K Free: 17172K (36%)
ptolemy.util.test.WatchDog.cancel(): canceling Mon Feb 17 07:02:30 UTC 2020
auto.tcl: Setting watchdog for 200 seconds at Mon Feb 17 07:02:30 UTC 2020
2004 ms. Memory: 48128K Free: 16429K (34%)
ptolemy.util.test.WatchDog.cancel(): canceling Mon Feb 17 07:02:32 UTC 2020
------------------ testing $PTII/ptolemy/domains/de/test/auto/DepthTest1.xml
auto.tcl: Setting watchdog for 200 seconds at Mon Feb 17 07:02:32 UTC 2020
3 ms. Memory: 48128K Free: 30319K (63%)
ptolemy.util.test.WatchDog.cancel(): canceling Mon Feb 17 07:02:32 UTC 2020
auto.tcl: Setting watchdog for 200 seconds at Mon Feb 17 07:02:32 UTC 2020
2 ms. Memory: 48128K Free: 29914K (62%)
ptolemy.util.test.WatchDog.cancel(): canceling Mon Feb 17 07:02:32 UTC 2020
------------------ testing $PTII/ptolemy/domains/de/test/auto/DepthTest2.xml
auto.tcl: Setting watchdog for 200 seconds at Mon Feb 17 07:02:32 UTC 2020
3 ms. Memory: 48128K Free: 27164K (56%)
ptolemy.util.test.WatchDog.cancel(): canceling Mon Feb 17 07:02:32 UTC 2020
auto.tcl: Setting watchdog for 200 seconds at Mon Feb 17 07:02:32 UTC 2020
2 ms. Memory: 48128K Free: 26647K (55%)
ptolemy.util.test.WatchDog.cancel(): canceling Mon Feb 17 07:02:32 UTC 2020
------------------ testing $PTII/ptolemy/domains/de/test/auto/DepthTest3.xml
auto.tcl: Setting watchdog for 200 seconds at Mon Feb 17 07:02:32 UTC 2020
4 ms. Memory: 48128K Free: 30650K (64%)
ptolemy.util.test.WatchDog.cancel(): canceling Mon Feb 17 07:02:32 UTC 2020
auto.tcl: Setting watchdog for 200 seconds at Mon Feb 17 07:02:32 UTC 2020
2 ms. Memory: 48128K Free: 30211K (63%)
ptolemy.util.test.WatchDog.cancel(): canceling Mon Feb 17 07:02:32 UTC 2020
------------------ testing $PTII/ptolemy/domains/de/test/auto/DepthTest4.xml
auto.tcl: Setting watchdog for 200 seconds at Mon Feb 17 07:02:32 UTC 2020
7 ms. Memory: 48128K Free: 29000K (60%)
ptolemy.util.test.WatchDog.cancel(): canceling Mon Feb 17 07:02:32 UTC 2020
auto.tcl: Setting watchdog for 200 seconds at Mon Feb 17 07:02:32 UTC 2020
2 ms. Memory: 48128K Free: 28262K (59%)
ptolemy.util.test.WatchDog.cancel(): canceling Mon Feb 17 07:02:32 UTC 2020
------------------ testing $PTII/ptolemy/domains/de/test/auto/DepthTest5.xml
auto.tcl: Setting watchdog for 200 seconds at Mon Feb 17 07:02:32 UTC 2020
2 ms. Memory: 48128K Free: 28383K (59%)
ptolemy.util.test.WatchDog.cancel(): canceling Mon Feb 17 07:02:32 UTC 2020
auto.tcl: Setting watchdog for 200 seconds at Mon Feb 17 07:02:32 UTC 2020
2 ms. Memory: 48128K Free: 27611K (57%)
ptolemy.util.test.WatchDog.cancel(): canceling Mon Feb 17 07:02:32 UTC 2020
------------------ testing $PTII/ptolemy/domains/de/test/auto/DepthTest6.xml
auto.tcl: Setting watchdog for 200 seconds at Mon Feb 17 07:02:32 UTC 2020
5 ms. Memory: 48128K Free: 28138K (58%)
ptolemy.util.test.WatchDog.cancel(): canceling Mon Feb 17 07:02:32 UTC 2020
auto.tcl: Setting watchdog for 200 seconds at Mon Feb 17 07:02:32 UTC 2020
3 ms. Memory: 48128K Free: 27589K (57%)
ptolemy.util.test.WatchDog.cancel(): canceling Mon Feb 17 07:02:32 UTC 2020
------------------ testing $PTII/ptolemy/domains/de/test/auto/DepthTest7.xml
auto.tcl: Setting watchdog for 200 seconds at Mon Feb 17 07:02:32 UTC 2020
3 ms. Memory: 48128K Free: 28731K (60%)
ptolemy.util.test.WatchDog.cancel(): canceling Mon Feb 17 07:02:32 UTC 2020
auto.tcl: Setting watchdog for 200 seconds at Mon Feb 17 07:02:32 UTC 2020
2 ms. Memory: 48128K Free: 27808K (58%)
ptolemy.util.test.WatchDog.cancel(): canceling Mon Feb 17 07:02:32 UTC 2020
------------------ testing $PTII/ptolemy/domains/de/test/auto/EventToDate.xml
auto.tcl: Setting watchdog for 200 seconds at Mon Feb 17 07:02:32 UTC 2020
3006 ms. Memory: 48128K Free: 19739K (41%)
ptolemy.util.test.WatchDog.cancel(): canceling Mon Feb 17 07:02:35 UTC 2020
auto.tcl: Setting watchdog for 200 seconds at Mon Feb 17 07:02:35 UTC 2020
3004 ms. Memory: 48128K Free: 19032K (40%)
ptolemy.util.test.WatchDog.cancel(): canceling Mon Feb 17 07:02:38 UTC 2020
------------------ testing $PTII/ptolemy/domains/de/test/auto/FSM1.xml
auto.tcl: Setting watchdog for 200 seconds at Mon Feb 17 07:02:38 UTC 2020
31 ms. Memory: 48128K Free: 20927K (43%)
ptolemy.util.test.WatchDog.cancel(): canceling Mon Feb 17 07:02:39 UTC 2020
auto.tcl: Setting watchdog for 200 seconds at Mon Feb 17 07:02:39 UTC 2020
36 ms. Memory: 48128K Free: 17660K (37%)
ptolemy.util.test.WatchDog.cancel(): canceling Mon Feb 17 07:02:39 UTC 2020
------------------ testing $PTII/ptolemy/domains/de/test/auto/FSM7.xml
auto.tcl: Setting watchdog for 200 seconds at Mon Feb 17 07:02:39 UTC 2020
18 ms. Memory: 48128K Free: 20646K (43%)
ptolemy.util.test.WatchDog.cancel(): canceling Mon Feb 17 07:02:39 UTC 2020
auto.tcl: Setting watchdog for 200 seconds at Mon Feb 17 07:02:39 UTC 2020
15 ms. Memory: 48128K Free: 17501K (36%)
ptolemy.util.test.WatchDog.cancel(): canceling Mon Feb 17 07:02:39 UTC 2020
------------------ testing $PTII/ptolemy/domains/de/test/auto/Inspection.xml
auto.tcl: Setting watchdog for 200 seconds at Mon Feb 17 07:02:39 UTC 2020
21 ms. Memory: 48128K Free: 20634K (43%)
ptolemy.util.test.WatchDog.cancel(): canceling Mon Feb 17 07:02:39 UTC 2020
auto.tcl: Setting watchdog for 200 seconds at Mon Feb 17 07:02:39 UTC 2020
17 ms. Memory: 48128K Free: 18909K (39%)
ptolemy.util.test.WatchDog.cancel(): canceling Mon Feb 17 07:02:39 UTC 2020
------------------ testing $PTII/ptolemy/domains/de/test/auto/Iteration.xml
auto.tcl: Setting watchdog for 200 seconds at Mon Feb 17 07:02:39 UTC 2020
8 ms. Memory: 48128K Free: 26378K (55%)
ptolemy.util.test.WatchDog.cancel(): canceling Mon Feb 17 07:02:39 UTC 2020
auto.tcl: Setting watchdog for 200 seconds at Mon Feb 17 07:02:39 UTC 2020
7 ms. Memory: 48128K Free: 25354K (53%)
ptolemy.util.test.WatchDog.cancel(): canceling Mon Feb 17 07:02:39 UTC 2020
------------------ testing $PTII/ptolemy/domains/de/test/auto/LineFault.xml
auto.tcl: Setting watchdog for 200 seconds at Mon Feb 17 07:02:39 UTC 2020
568 ms. Memory: 48128K Free: 18469K (38%)
ptolemy.util.test.WatchDog.cancel(): canceling Mon Feb 17 07:02:40 UTC 2020
auto.tcl: Setting watchdog for 200 seconds at Mon Feb 17 07:02:40 UTC 2020
510 ms. Memory: 58368K Free: 37005K (63%)
ptolemy.util.test.WatchDog.cancel(): canceling Mon Feb 17 07:02:40 UTC 2020
------------------ testing $PTII/ptolemy/domains/de/test/auto/MergeModel1Add.xml
auto.tcl: Setting watchdog for 200 seconds at Mon Feb 17 07:02:40 UTC 2020
26 ms. Memory: 55296K Free: 19540K (35%)
ptolemy.util.test.WatchDog.cancel(): canceling Mon Feb 17 07:02:40 UTC 2020
auto.tcl: Setting watchdog for 200 seconds at Mon Feb 17 07:02:40 UTC 2020
15 ms. Memory: 55296K Free: 17904K (32%)
ptolemy.util.test.WatchDog.cancel(): canceling Mon Feb 17 07:02:40 UTC 2020
------------------ testing $PTII/ptolemy/domains/de/test/auto/MergeModel2Add.xml
auto.tcl: Setting watchdog for 200 seconds at Mon Feb 17 07:02:40 UTC 2020
14 ms. Memory: 55296K Free: 21351K (39%)
ptolemy.util.test.WatchDog.cancel(): canceling Mon Feb 17 07:02:41 UTC 2020
auto.tcl: Setting watchdog for 200 seconds at Mon Feb 17 07:02:41 UTC 2020
8 ms. Memory: 55296K Free: 19622K (35%)
ptolemy.util.test.WatchDog.cancel(): canceling Mon Feb 17 07:02:41 UTC 2020
------------------ testing $PTII/ptolemy/domains/de/test/auto/MergeModel3Add.xml
auto.tcl: Setting watchdog for 200 seconds at Mon Feb 17 07:02:41 UTC 2020
7 ms. Memory: 55296K Free: 21599K (39%)
ptolemy.util.test.WatchDog.cancel(): canceling Mon Feb 17 07:02:41 UTC 2020
auto.tcl: Setting watchdog for 200 seconds at Mon Feb 17 07:02:41 UTC 2020
6 ms. Memory: 55296K Free: 20067K (36%)
ptolemy.util.test.WatchDog.cancel(): canceling Mon Feb 17 07:02:41 UTC 2020
------------------ testing $PTII/ptolemy/domains/de/test/auto/MergeWithoutDiscard.xml
auto.tcl: Setting watchdog for 200 seconds at Mon Feb 17 07:02:41 UTC 2020
2 ms. Memory: 55296K Free: 35942K (65%)
ptolemy.util.test.WatchDog.cancel(): canceling Mon Feb 17 07:02:41 UTC 2020
auto.tcl: Setting watchdog for 200 seconds at Mon Feb 17 07:02:41 UTC 2020
2 ms. Memory: 55296K Free: 35509K (64%)
ptolemy.util.test.WatchDog.cancel(): canceling Mon Feb 17 07:02:41 UTC 2020
------------------ testing $PTII/ptolemy/domains/de/test/auto/Modal1.xml
auto.tcl: Setting watchdog for 200 seconds at Mon Feb 17 07:02:41 UTC 2020
19 ms. Memory: 51200K Free: 23984K (47%)
ptolemy.util.test.WatchDog.cancel(): canceling Mon Feb 17 07:02:41 UTC 2020
auto.tcl: Setting watchdog for 200 seconds at Mon Feb 17 07:02:41 UTC 2020
23 ms. Memory: 51200K Free: 20537K (40%)
ptolemy.util.test.WatchDog.cancel(): canceling Mon Feb 17 07:02:41 UTC 2020
------------------ testing $PTII/ptolemy/domains/de/test/auto/Modal2.xml
auto.tcl: Setting watchdog for 200 seconds at Mon Feb 17 07:02:41 UTC 2020
15 ms. Memory: 51200K Free: 24110K (47%)
ptolemy.util.test.WatchDog.cancel(): canceling Mon Feb 17 07:02:41 UTC 2020
auto.tcl: Setting watchdog for 200 seconds at Mon Feb 17 07:02:41 UTC 2020
18 ms. Memory: 51200K Free: 20881K (41%)
ptolemy.util.test.WatchDog.cancel(): canceling Mon Feb 17 07:02:41 UTC 2020
------------------ testing $PTII/ptolemy/domains/de/test/auto/Modal3.xml
auto.tcl: Setting watchdog for 200 seconds at Mon Feb 17 07:02:41 UTC 2020
10 ms. Memory: 51200K Free: 24071K (47%)
ptolemy.util.test.WatchDog.cancel(): canceling Mon Feb 17 07:02:41 UTC 2020
auto.tcl: Setting watchdog for 200 seconds at Mon Feb 17 07:02:41 UTC 2020
12 ms. Memory: 51200K Free: 20474K (40%)
ptolemy.util.test.WatchDog.cancel(): canceling Mon Feb 17 07:02:41 UTC 2020
------------------ testing $PTII/ptolemy/domains/de/test/auto/Modal4.xml
auto.tcl: Setting watchdog for 200 seconds at Mon Feb 17 07:02:41 UTC 2020
14 ms. Memory: 51200K Free: 23043K (45%)
ptolemy.util.test.WatchDog.cancel(): canceling Mon Feb 17 07:02:41 UTC 2020
auto.tcl: Setting watchdog for 200 seconds at Mon Feb 17 07:02:41 UTC 2020
12 ms. Memory: 51200K Free: 19223K (38%)
ptolemy.util.test.WatchDog.cancel(): canceling Mon Feb 17 07:02:41 UTC 2020
------------------ testing $PTII/ptolemy/domains/de/test/auto/Modal5.xml
auto.tcl: Setting watchdog for 200 seconds at Mon Feb 17 07:02:41 UTC 2020
13 ms. Memory: 51200K Free: 23039K (45%)
ptolemy.util.test.WatchDog.cancel(): canceling Mon Feb 17 07:02:41 UTC 2020
auto.tcl: Setting watchdog for 200 seconds at Mon Feb 17 07:02:41 UTC 2020
16 ms. Memory: 51200K Free: 19211K (38%)
ptolemy.util.test.WatchDog.cancel(): canceling Mon Feb 17 07:02:41 UTC 2020
------------------ testing $PTII/ptolemy/domains/de/test/auto/Modal6.xml
auto.tcl: Setting watchdog for 200 seconds at Mon Feb 17 07:02:41 UTC 2020
12 ms. Memory: 51200K Free: 23842K (47%)
ptolemy.util.test.WatchDog.cancel(): canceling Mon Feb 17 07:02:41 UTC 2020
auto.tcl: Setting watchdog for 200 seconds at Mon Feb 17 07:02:41 UTC 2020
14 ms. Memory: 51200K Free: 19852K (39%)
ptolemy.util.test.WatchDog.cancel(): canceling Mon Feb 17 07:02:41 UTC 2020
------------------ testing $PTII/ptolemy/domains/de/test/auto/Modal7.xml
auto.tcl: Setting watchdog for 200 seconds at Mon Feb 17 07:02:41 UTC 2020
10 ms. Memory: 51200K Free: 23013K (45%)
ptolemy.util.test.WatchDog.cancel(): canceling Mon Feb 17 07:02:41 UTC 2020
auto.tcl: Setting watchdog for 200 seconds at Mon Feb 17 07:02:41 UTC 2020
12 ms. Memory: 51200K Free: 19484K (38%)
ptolemy.util.test.WatchDog.cancel(): canceling Mon Feb 17 07:02:41 UTC 2020
------------------ testing $PTII/ptolemy/domains/de/test/auto/ModalModel.xml
auto.tcl: Setting watchdog for 200 seconds at Mon Feb 17 07:02:41 UTC 2020
194 ms. Memory: 51200K Free: 13225K (26%)
ptolemy.util.test.WatchDog.cancel(): canceling Mon Feb 17 07:02:42 UTC 2020
auto.tcl: Setting watchdog for 200 seconds at Mon Feb 17 07:02:42 UTC 2020
212 ms. Memory: 61440K Free: 45438K (74%)
ptolemy.util.test.WatchDog.cancel(): canceling Mon Feb 17 07:02:42 UTC 2020
------------------ testing $PTII/ptolemy/domains/de/test/auto/ModalSource.xml
auto.tcl: Setting watchdog for 200 seconds at Mon Feb 17 07:02:42 UTC 2020
6 ms. Memory: 55296K Free: 31979K (58%)
ptolemy.util.test.WatchDog.cancel(): canceling Mon Feb 17 07:02:42 UTC 2020
auto.tcl: Setting watchdog for 200 seconds at Mon Feb 17 07:02:42 UTC 2020
7 ms. Memory: 55296K Free: 29931K (54%)
ptolemy.util.test.WatchDog.cancel(): canceling Mon Feb 17 07:02:42 UTC 2020
------------------ testing $PTII/ptolemy/domains/de/test/auto/NonInterruptibleTimerZeroDelay.xml
auto.tcl: Setting watchdog for 200 seconds at Mon Feb 17 07:02:42 UTC 2020
3 ms. Memory: 51200K Free: 33027K (65%)
ptolemy.util.test.WatchDog.cancel(): canceling Mon Feb 17 07:02:42 UTC 2020
auto.tcl: Setting watchdog for 200 seconds at Mon Feb 17 07:02:42 UTC 2020
2 ms. Memory: 51200K Free: 32146K (63%)
ptolemy.util.test.WatchDog.cancel(): canceling Mon Feb 17 07:02:42 UTC 2020
------------------ testing $PTII/ptolemy/domains/de/test/auto/OpenQueueingNetwork.xml
auto.tcl: Setting watchdog for 200 seconds at Mon Feb 17 07:02:42 UTC 2020
3003 ms. Memory: 107520K Free: 39446K (37%)
ptolemy.util.test.WatchDog.cancel(): canceling Mon Feb 17 07:02:45 UTC 2020
auto.tcl: Setting watchdog for 200 seconds at Mon Feb 17 07:02:45 UTC 2020
2513 ms. Memory: 155648K Free: 123518K (79%)
ptolemy.util.test.WatchDog.cancel(): canceling Mon Feb 17 07:02:48 UTC 2020
------------------ testing $PTII/ptolemy/domains/de/test/auto/OpenQueuingNetwork.xml
auto.tcl: Setting watchdog for 200 seconds at Mon Feb 17 07:02:48 UTC 2020
246 ms. Memory: 58368K Free: 32625K (56%)
ptolemy.util.test.WatchDog.cancel(): canceling Mon Feb 17 07:02:48 UTC 2020
auto.tcl: Setting watchdog for 200 seconds at Mon Feb 17 07:02:48 UTC 2020
218 ms. Memory: 58368K Free: 14536K (25%)
ptolemy.util.test.WatchDog.cancel(): canceling Mon Feb 17 07:02:49 UTC 2020
------------------ testing $PTII/ptolemy/domains/de/test/auto/PeriodicSampler.xml
auto.tcl: Setting watchdog for 200 seconds at Mon Feb 17 07:02:49 UTC 2020
3 ms. Memory: 55296K Free: 36112K (65%)
ptolemy.util.test.WatchDog.cancel(): canceling Mon Feb 17 07:02:49 UTC 2020
auto.tcl: Setting watchdog for 200 seconds at Mon Feb 17 07:02:49 UTC 2020
2 ms. Memory: 55296K Free: 35592K (64%)
ptolemy.util.test.WatchDog.cancel(): canceling Mon Feb 17 07:02:49 UTC 2020
------------------ testing $PTII/ptolemy/domains/de/test/auto/PersistentIO.xml
auto.tcl: Setting watchdog for 200 seconds at Mon Feb 17 07:02:49 UTC 2020
10 ms. Memory: 55296K Free: 31036K (56%)
ptolemy.util.test.WatchDog.cancel(): canceling Mon Feb 17 07:02:49 UTC 2020
auto.tcl: Setting watchdog for 200 seconds at Mon Feb 17 07:02:49 UTC 2020
4 ms. Memory: 55296K Free: 29516K (53%)
ptolemy.util.test.WatchDog.cancel(): canceling Mon Feb 17 07:02:49 UTC 2020
------------------ testing $PTII/ptolemy/domains/de/test/auto/PortParameterResetOnInitialize.xml
auto.tcl: Setting watchdog for 200 seconds at Mon Feb 17 07:02:49 UTC 2020
3 ms. Memory: 51200K Free: 31938K (62%)
ptolemy.util.test.WatchDog.cancel(): canceling Mon Feb 17 07:02:49 UTC 2020
auto.tcl: Setting watchdog for 200 seconds at Mon Feb 17 07:02:49 UTC 2020
2 ms. Memory: 51200K Free: 31428K (61%)
ptolemy.util.test.WatchDog.cancel(): canceling Mon Feb 17 07:02:49 UTC 2020
------------------ testing $PTII/ptolemy/domains/de/test/auto/PortParameterUpdates.xml
auto.tcl: Setting watchdog for 200 seconds at Mon Feb 17 07:02:49 UTC 2020
3 ms. Memory: 51200K Free: 30009K (59%)
ptolemy.util.test.WatchDog.cancel(): canceling Mon Feb 17 07:02:49 UTC 2020
auto.tcl: Setting watchdog for 200 seconds at Mon Feb 17 07:02:49 UTC 2020
4 ms. Memory: 51200K Free: 28999K (57%)
ptolemy.util.test.WatchDog.cancel(): canceling Mon Feb 17 07:02:49 UTC 2020
------------------ testing $PTII/ptolemy/domains/de/test/auto/QueueAndServer.xml
auto.tcl: Setting watchdog for 200 seconds at Mon Feb 17 07:02:49 UTC 2020
12 ms. Memory: 51200K Free: 28902K (56%)
ptolemy.util.test.WatchDog.cancel(): canceling Mon Feb 17 07:02:49 UTC 2020
auto.tcl: Setting watchdog for 200 seconds at Mon Feb 17 07:02:49 UTC 2020
5 ms. Memory: 51200K Free: 27429K (54%)
ptolemy.util.test.WatchDog.cancel(): canceling Mon Feb 17 07:02:49 UTC 2020
------------------ testing $PTII/ptolemy/domains/de/test/auto/Records.xml
auto.tcl: Setting watchdog for 200 seconds at Mon Feb 17 07:02:49 UTC 2020
5 ms. Memory: 51200K Free: 31177K (61%)
ptolemy.util.test.WatchDog.cancel(): canceling Mon Feb 17 07:02:49 UTC 2020
auto.tcl: Setting watchdog for 200 seconds at Mon Feb 17 07:02:49 UTC 2020
1 ms. Memory: 51200K Free: 30640K (60%)
ptolemy.util.test.WatchDog.cancel(): canceling Mon Feb 17 07:02:49 UTC 2020
------------------ testing $PTII/ptolemy/domains/de/test/auto/ResetTransitionWithStartTime1.xml
auto.tcl: Setting watchdog for 200 seconds at Mon Feb 17 07:02:49 UTC 2020
8 ms. Memory: 51200K Free: 28461K (56%)
ptolemy.util.test.WatchDog.cancel(): canceling Mon Feb 17 07:02:49 UTC 2020
auto.tcl: Setting watchdog for 200 seconds at Mon Feb 17 07:02:49 UTC 2020
6 ms. Memory: 51200K Free: 26376K (52%)
ptolemy.util.test.WatchDog.cancel(): canceling Mon Feb 17 07:02:49 UTC 2020
------------------ testing $PTII/ptolemy/domains/de/test/auto/ResetTransitionWithStartTime2.xml
auto.tcl: Setting watchdog for 200 seconds at Mon Feb 17 07:02:49 UTC 2020
5 ms. Memory: 51200K Free: 28379K (55%)
ptolemy.util.test.WatchDog.cancel(): canceling Mon Feb 17 07:02:49 UTC 2020
auto.tcl: Setting watchdog for 200 seconds at Mon Feb 17 07:02:49 UTC 2020
7 ms. Memory: 51200K Free: 25825K (50%)
ptolemy.util.test.WatchDog.cancel(): canceling Mon Feb 17 07:02:49 UTC 2020
------------------ testing $PTII/ptolemy/domains/de/test/auto/ResetTransitionWithStartTime3.xml
auto.tcl: Setting watchdog for 200 seconds at Mon Feb 17 07:02:49 UTC 2020
6 ms. Memory: 51200K Free: 28378K (55%)
ptolemy.util.test.WatchDog.cancel(): canceling Mon Feb 17 07:02:49 UTC 2020
auto.tcl: Setting watchdog for 200 seconds at Mon Feb 17 07:02:49 UTC 2020
5 ms. Memory: 51200K Free: 26330K (51%)
ptolemy.util.test.WatchDog.cancel(): canceling Mon Feb 17 07:02:49 UTC 2020
------------------ testing $PTII/ptolemy/domains/de/test/auto/ResetTransitionWithStartTime4.xml
auto.tcl: Setting watchdog for 200 seconds at Mon Feb 17 07:02:49 UTC 2020
10 ms. Memory: 51200K Free: 28825K (56%)
ptolemy.util.test.WatchDog.cancel(): canceling Mon Feb 17 07:02:49 UTC 2020
auto.tcl: Setting watchdog for 200 seconds at Mon Feb 17 07:02:49 UTC 2020
4 ms. Memory: 51200K Free: 27353K (53%)
ptolemy.util.test.WatchDog.cancel(): canceling Mon Feb 17 07:02:49 UTC 2020
------------------ testing $PTII/ptolemy/domains/de/test/auto/ResettableTimer1.xml
auto.tcl: Setting watchdog for 200 seconds at Mon Feb 17 07:02:49 UTC 2020
2 ms. Memory: 51200K Free: 32554K (64%)
ptolemy.util.test.WatchDog.cancel(): canceling Mon Feb 17 07:02:49 UTC 2020
auto.tcl: Setting watchdog for 200 seconds at Mon Feb 17 07:02:49 UTC 2020
3 ms. Memory: 51200K Free: 31927K (62%)
ptolemy.util.test.WatchDog.cancel(): canceling Mon Feb 17 07:02:49 UTC 2020
------------------ testing $PTII/ptolemy/domains/de/test/auto/ResettableTimer2.xml
auto.tcl: Setting watchdog for 200 seconds at Mon Feb 17 07:02:49 UTC 2020
3 ms. Memory: 51200K Free: 32511K (63%)
ptolemy.util.test.WatchDog.cancel(): canceling Mon Feb 17 07:02:49 UTC 2020
auto.tcl: Setting watchdog for 200 seconds at Mon Feb 17 07:02:49 UTC 2020
2 ms. Memory: 51200K Free: 31487K (61%)
ptolemy.util.test.WatchDog.cancel(): canceling Mon Feb 17 07:02:49 UTC 2020
------------------ testing $PTII/ptolemy/domains/de/test/auto/ResettableTimer3.xml
auto.tcl: Setting watchdog for 200 seconds at Mon Feb 17 07:02:49 UTC 2020
2 ms. Memory: 51200K Free: 32511K (63%)
ptolemy.util.test.WatchDog.cancel(): canceling Mon Feb 17 07:02:49 UTC 2020
auto.tcl: Setting watchdog for 200 seconds at Mon Feb 17 07:02:49 UTC 2020
1 ms. Memory: 51200K Free: 32511K (63%)
ptolemy.util.test.WatchDog.cancel(): canceling Mon Feb 17 07:02:49 UTC 2020
------------------ testing $PTII/ptolemy/domains/de/test/auto/ResettableTimer4.xml
auto.tcl: Setting watchdog for 200 seconds at Mon Feb 17 07:02:49 UTC 2020
1 ms. Memory: 51200K Free: 32525K (64%)
ptolemy.util.test.WatchDog.cancel(): canceling Mon Feb 17 07:02:49 UTC 2020
auto.tcl: Setting watchdog for 200 seconds at Mon Feb 17 07:02:49 UTC 2020
1 ms. Memory: 51200K Free: 32018K (63%)
ptolemy.util.test.WatchDog.cancel(): canceling Mon Feb 17 07:02:49 UTC 2020
------------------ testing $PTII/ptolemy/domains/de/test/auto/ResettableTimer5.xml
auto.tcl: Setting watchdog for 200 seconds at Mon Feb 17 07:02:50 UTC 2020
1 ms. Memory: 51200K Free: 32008K (63%)
ptolemy.util.test.WatchDog.cancel(): canceling Mon Feb 17 07:02:50 UTC 2020
auto.tcl: Setting watchdog for 200 seconds at Mon Feb 17 07:02:50 UTC 2020
1 ms. Memory: 51200K Free: 31504K (62%)
ptolemy.util.test.WatchDog.cancel(): canceling Mon Feb 17 07:02:50 UTC 2020
------------------ testing $PTII/ptolemy/domains/de/test/auto/ResettableTimer6.xml
auto.tcl: Setting watchdog for 200 seconds at Mon Feb 17 07:02:50 UTC 2020
2 ms. Memory: 51200K Free: 31999K (62%)
ptolemy.util.test.WatchDog.cancel(): canceling Mon Feb 17 07:02:50 UTC 2020
auto.tcl: Setting watchdog for 200 seconds at Mon Feb 17 07:02:50 UTC 2020
2 ms. Memory: 51200K Free: 31489K (62%)
ptolemy.util.test.WatchDog.cancel(): canceling Mon Feb 17 07:02:50 UTC 2020
------------------ testing $PTII/ptolemy/domains/de/test/auto/ServerZeroDelay.xml
auto.tcl: Setting watchdog for 200 seconds at Mon Feb 17 07:02:50 UTC 2020
4 ms. Memory: 51200K Free: 32504K (63%)
ptolemy.util.test.WatchDog.cancel(): canceling Mon Feb 17 07:02:50 UTC 2020
auto.tcl: Setting watchdog for 200 seconds at Mon Feb 17 07:02:50 UTC 2020
3 ms. Memory: 51200K Free: 31480K (61%)
ptolemy.util.test.WatchDog.cancel(): canceling Mon Feb 17 07:02:50 UTC 2020
------------------ testing $PTII/ptolemy/domains/de/test/auto/SmartSender.xml
auto.tcl: Setting watchdog for 200 seconds at Mon Feb 17 07:02:50 UTC 2020
3001 ms. Memory: 51200K Free: 32499K (63%)
ptolemy.util.test.WatchDog.cancel(): canceling Mon Feb 17 07:02:53 UTC 2020
auto.tcl: Setting watchdog for 200 seconds at Mon Feb 17 07:02:53 UTC 2020
3002 ms. Memory: 51200K Free: 31992K (62%)
ptolemy.util.test.WatchDog.cancel(): canceling Mon Feb 17 07:02:56 UTC 2020
------------------ testing $PTII/ptolemy/domains/de/test/auto/ThreadedComposite.xml
auto.tcl: Setting watchdog for 200 seconds at Mon Feb 17 07:02:56 UTC 2020
166 ms. Memory: 51200K Free: 13566K (26%)
ptolemy.util.test.WatchDog.cancel(): canceling Mon Feb 17 07:02:56 UTC 2020
auto.tcl: Setting watchdog for 200 seconds at Mon Feb 17 07:02:56 UTC 2020
196 ms. Memory: 51200K Free: 27676K (54%)
ptolemy.util.test.WatchDog.cancel(): canceling Mon Feb 17 07:02:56 UTC 2020
------------------ testing $PTII/ptolemy/domains/de/test/auto/Time.xml
auto.tcl: Setting watchdog for 200 seconds at Mon Feb 17 07:02:56 UTC 2020
511 ms. Memory: 51200K Free: 34700K (68%)
ptolemy.util.test.WatchDog.cancel(): canceling Mon Feb 17 07:02:57 UTC 2020
auto.tcl: Setting watchdog for 200 seconds at Mon Feb 17 07:02:57 UTC 2020
513 ms. Memory: 51200K Free: 8801K (17%)
ptolemy.util.test.WatchDog.cancel(): canceling Mon Feb 17 07:02:57 UTC 2020
------------------ testing $PTII/ptolemy/domains/de/test/auto/TimeDelayZeroDelay.xml
auto.tcl: Setting watchdog for 200 seconds at Mon Feb 17 07:02:57 UTC 2020
4 ms. Memory: 51200K Free: 32429K (63%)
ptolemy.util.test.WatchDog.cancel(): canceling Mon Feb 17 07:02:57 UTC 2020
auto.tcl: Setting watchdog for 200 seconds at Mon Feb 17 07:02:57 UTC 2020
2 ms. Memory: 51200K Free: 31943K (62%)
ptolemy.util.test.WatchDog.cancel(): canceling Mon Feb 17 07:02:57 UTC 2020
------------------ testing $PTII/ptolemy/domains/de/test/auto/TimerZeroDelay.xml
auto.tcl: Setting watchdog for 200 seconds at Mon Feb 17 07:02:57 UTC 2020
2 ms. Memory: 51200K Free: 32882K (64%)
ptolemy.util.test.WatchDog.cancel(): canceling Mon Feb 17 07:02:57 UTC 2020
auto.tcl: Setting watchdog for 200 seconds at Mon Feb 17 07:02:57 UTC 2020
2 ms. Memory: 51200K Free: 32472K (63%)
ptolemy.util.test.WatchDog.cancel(): canceling Mon Feb 17 07:02:57 UTC 2020
------------------ testing $PTII/ptolemy/domains/de/test/auto/TimingParadox.xml
auto.tcl: Setting watchdog for 200 seconds at Mon Feb 17 07:02:57 UTC 2020
318 ms. Memory: 51200K Free: 22151K (43%)
ptolemy.util.test.WatchDog.cancel(): canceling Mon Feb 17 07:02:58 UTC 2020
auto.tcl: Setting watchdog for 200 seconds at Mon Feb 17 07:02:58 UTC 2020
295 ms. Memory: 51200K Free: 13531K (26%)
ptolemy.util.test.WatchDog.cancel(): canceling Mon Feb 17 07:02:58 UTC 2020
------------------ testing $PTII/ptolemy/domains/de/test/auto/TransferInputs.xml
auto.tcl: Setting watchdog for 200 seconds at Mon Feb 17 07:02:58 UTC 2020
2 ms. Memory: 51200K Free: 30940K (60%)
ptolemy.util.test.WatchDog.cancel(): canceling Mon Feb 17 07:02:58 UTC 2020
auto.tcl: Setting watchdog for 200 seconds at Mon Feb 17 07:02:58 UTC 2020
2 ms. Memory: 51200K Free: 30035K (59%)
ptolemy.util.test.WatchDog.cancel(): canceling Mon Feb 17 07:02:58 UTC 2020
------------------ testing $PTII/ptolemy/domains/de/test/auto/TransferOutputs2.xml
auto.tcl: Setting watchdog for 200 seconds at Mon Feb 17 07:02:58 UTC 2020
3 ms. Memory: 51200K Free: 28382K (55%)
ptolemy.util.test.WatchDog.cancel(): canceling Mon Feb 17 07:02:58 UTC 2020
auto.tcl: Setting watchdog for 200 seconds at Mon Feb 17 07:02:58 UTC 2020
2 ms. Memory: 51200K Free: 26948K (53%)
ptolemy.util.test.WatchDog.cancel(): canceling Mon Feb 17 07:02:58 UTC 2020
------------------ testing $PTII/ptolemy/domains/de/test/auto/Trilateration.xml
auto.tcl: Setting watchdog for 200 seconds at Mon Feb 17 07:02:58 UTC 2020
13516 ms. Memory: 413696K Free: 239110K (58%)
ptolemy.util.test.WatchDog.cancel(): canceling Mon Feb 17 07:03:13 UTC 2020
auto.tcl: Setting watchdog for 200 seconds at Mon Feb 17 07:03:13 UTC 2020
9955 ms. Memory: 413696K Free: 282466K (68%)
ptolemy.util.test.WatchDog.cancel(): canceling Mon Feb 17 07:03:23 UTC 2020
------------------ testing $PTII/ptolemy/domains/de/test/auto/TwoSigmaDelta.xml
auto.tcl: Setting watchdog for 200 seconds at Mon Feb 17 07:03:23 UTC 2020
2367 ms. Memory: 92160K Free: 28038K (30%)
ptolemy.util.test.WatchDog.cancel(): canceling Mon Feb 17 07:03:25 UTC 2020
auto.tcl: Setting watchdog for 200 seconds at Mon Feb 17 07:03:25 UTC 2020
1846 ms. Memory: 92160K Free: 29087K (32%)
ptolemy.util.test.WatchDog.cancel(): canceling Mon Feb 17 07:03:27 UTC 2020
------------------ testing $PTII/ptolemy/domains/de/test/auto/VariableDelay.xml
auto.tcl: Setting watchdog for 200 seconds at Mon Feb 17 07:03:27 UTC 2020
3 ms. Memory: 51200K Free: 31435K (61%)
ptolemy.util.test.WatchDog.cancel(): canceling Mon Feb 17 07:03:27 UTC 2020
auto.tcl: Setting watchdog for 200 seconds at Mon Feb 17 07:03:27 UTC 2020
1 ms. Memory: 51200K Free: 30419K (59%)
ptolemy.util.test.WatchDog.cancel(): canceling Mon Feb 17 07:03:27 UTC 2020
------------------ testing $PTII/ptolemy/domains/de/test/auto/VariableDelay2.xml
auto.tcl: Setting watchdog for 200 seconds at Mon Feb 17 07:03:27 UTC 2020
7 ms. Memory: 51200K Free: 31756K (62%)
ptolemy.util.test.WatchDog.cancel(): canceling Mon Feb 17 07:03:27 UTC 2020
auto.tcl: Setting watchdog for 200 seconds at Mon Feb 17 07:03:27 UTC 2020
2 ms. Memory: 51200K Free: 30818K (60%)
ptolemy.util.test.WatchDog.cancel(): canceling Mon Feb 17 07:03:27 UTC 2020
------------------ testing $PTII/ptolemy/domains/de/test/auto/VariableDelayZeroDelay.xml
auto.tcl: Setting watchdog for 200 seconds at Mon Feb 17 07:03:27 UTC 2020
2 ms. Memory: 51200K Free: 32361K (63%)
ptolemy.util.test.WatchDog.cancel(): canceling Mon Feb 17 07:03:27 UTC 2020
auto.tcl: Setting watchdog for 200 seconds at Mon Feb 17 07:03:27 UTC 2020
2 ms. Memory: 51200K Free: 31833K (62%)
ptolemy.util.test.WatchDog.cancel(): canceling Mon Feb 17 07:03:27 UTC 2020
------------------ testing $PTII/ptolemy/domains/de/test/auto/VariableDelayZeroDelay2.xml
auto.tcl: Setting watchdog for 200 seconds at Mon Feb 17 07:03:27 UTC 2020
4 ms. Memory: 51200K Free: 32359K (63%)
ptolemy.util.test.WatchDog.cancel(): canceling Mon Feb 17 07:03:27 UTC 2020
auto.tcl: Setting watchdog for 200 seconds at Mon Feb 17 07:03:27 UTC 2020
1 ms. Memory: 51200K Free: 31335K (61%)
ptolemy.util.test.WatchDog.cancel(): canceling Mon Feb 17 07:03:27 UTC 2020
------------------ testing $PTII/ptolemy/domains/de/test/auto/deInCt.xml
auto.tcl: Setting watchdog for 200 seconds at Mon Feb 17 07:03:27 UTC 2020
0
1
1
1
0
0
0
0
1
1
1
1
0
0
0
1
1
1
1
1
1
0
0
1
1
1
0
0
1
1
1
1
0
0
0
0
17 ms. Memory: 51200K Free: 31334K (61%)
ptolemy.util.test.WatchDog.cancel(): canceling Mon Feb 17 07:03:27 UTC 2020
auto.tcl: Setting watchdog for 200 seconds at Mon Feb 17 07:03:27 UTC 2020
0
1
1
1
1
0
0
0
1
1
1
1
0
0
0
1
1
1
1
1
0
0
0
0
1
1
1
0
0
0
1
1
0
0
0
1
1
1
1
5 ms. Memory: 51200K Free: 29803K (58%)
ptolemy.util.test.WatchDog.cancel(): canceling Mon Feb 17 07:03:27 UTC 2020
------------------ testing $PTII/ptolemy/domains/de/test/auto/deInCt2.xml
auto.tcl: Setting watchdog for 200 seconds at Mon Feb 17 07:03:28 UTC 2020
0
1
1
1
0
0
1
1
1
0
0
1
1
1
0
0
1
1
1
0
0
1
1
1
0
0
1
1
1
0
0
1
1
1
0
0
1
1
1
0
0
0
7 ms. Memory: 51200K Free: 31335K (61%)
ptolemy.util.test.WatchDog.cancel(): canceling Mon Feb 17 07:03:28 UTC 2020
auto.tcl: Setting watchdog for 200 seconds at Mon Feb 17 07:03:28 UTC 2020
0
1
1
1
0
0
1
1
1
0
0
1
1
1
0
0
1
1
1
0
0
1
1
1
0
0
1
1
1
0
0
1
1
1
0
0
1
1
1
0
0
0
7 ms. Memory: 51200K Free: 29797K (58%)
ptolemy.util.test.WatchDog.cancel(): canceling Mon Feb 17 07:03:28 UTC 2020
------------------ testing $PTII/ptolemy/domains/de/test/auto/dynamicCausalityInterface1.xml
auto.tcl: Setting watchdog for 200 seconds at Mon Feb 17 07:03:28 UTC 2020
4 ms. Memory: 51200K Free: 27234K (53%)
ptolemy.util.test.WatchDog.cancel(): canceling Mon Feb 17 07:03:28 UTC 2020
auto.tcl: Setting watchdog for 200 seconds at Mon Feb 17 07:03:28 UTC 2020
1 ms. Memory: 51200K Free: 26728K (52%)
ptolemy.util.test.WatchDog.cancel(): canceling Mon Feb 17 07:03:28 UTC 2020
------------------ testing $PTII/ptolemy/domains/de/test/auto/fsm_de_test.xml
auto.tcl: Setting watchdog for 200 seconds at Mon Feb 17 07:03:28 UTC 2020
7 ms. Memory: 51200K Free: 27132K (53%)
ptolemy.util.test.WatchDog.cancel(): canceling Mon Feb 17 07:03:28 UTC 2020
auto.tcl: Setting watchdog for 200 seconds at Mon Feb 17 07:03:28 UTC 2020
6 ms. Memory: 51200K Free: 25084K (49%)
ptolemy.util.test.WatchDog.cancel(): canceling Mon Feb 17 07:03:28 UTC 2020
------------------ testing $PTII/ptolemy/domains/de/test/auto/functionDependencyReconstruction.xml
auto.tcl: Setting watchdog for 200 seconds at Mon Feb 17 07:03:28 UTC 2020
3 ms. Memory: 51200K Free: 20978K (41%)
ptolemy.util.test.WatchDog.cancel(): canceling Mon Feb 17 07:03:28 UTC 2020
auto.tcl: Setting watchdog for 200 seconds at Mon Feb 17 07:03:28 UTC 2020
4 ms. Memory: 51200K Free: 18930K (37%)
ptolemy.util.test.WatchDog.cancel(): canceling Mon Feb 17 07:03:28 UTC 2020
------------------ testing $PTII/ptolemy/domains/de/test/auto/multirate.xml
auto.tcl: Setting watchdog for 200 seconds at Mon Feb 17 07:03:28 UTC 2020
3 ms. Memory: 51200K Free: 29773K (58%)
ptolemy.util.test.WatchDog.cancel(): canceling Mon Feb 17 07:03:28 UTC 2020
auto.tcl: Setting watchdog for 200 seconds at Mon Feb 17 07:03:28 UTC 2020
4 ms. Memory: 51200K Free: 28039K (55%)
ptolemy.util.test.WatchDog.cancel(): canceling Mon Feb 17 07:03:28 UTC 2020
------------------ testing $PTII/ptolemy/domains/de/test/auto/multirate2.xml
auto.tcl: Setting watchdog for 200 seconds at Mon Feb 17 07:03:28 UTC 2020
2 ms. Memory: 51200K Free: 29729K (58%)
ptolemy.util.test.WatchDog.cancel(): canceling Mon Feb 17 07:03:28 UTC 2020
auto.tcl: Setting watchdog for 200 seconds at Mon Feb 17 07:03:28 UTC 2020
2 ms. Memory: 51200K Free: 28220K (55%)
ptolemy.util.test.WatchDog.cancel(): canceling Mon Feb 17 07:03:28 UTC 2020
------------------ testing $PTII/ptolemy/domains/de/test/auto/realtime.xml
auto.tcl: Setting watchdog for 200 seconds at Mon Feb 17 07:03:28 UTC 2020
10002 ms. Memory: 51200K Free: 32014K (63%)
ptolemy.util.test.WatchDog.cancel(): canceling Mon Feb 17 07:03:38 UTC 2020
auto.tcl: Setting watchdog for 200 seconds at Mon Feb 17 07:03:38 UTC 2020
10001 ms. Memory: 51200K Free: 31279K (61%)
ptolemy.util.test.WatchDog.cancel(): canceling Mon Feb 17 07:03:48 UTC 2020
------------------ testing $PTII/ptolemy/domains/de/test/auto/relationGroup.xml
auto.tcl: Setting watchdog for 200 seconds at Mon Feb 17 07:03:48 UTC 2020
2 ms. Memory: 51200K Free: 33094K (65%)
ptolemy.util.test.WatchDog.cancel(): canceling Mon Feb 17 07:03:48 UTC 2020
auto.tcl: Setting watchdog for 200 seconds at Mon Feb 17 07:03:48 UTC 2020
2 ms. Memory: 51200K Free: 32359K (63%)
ptolemy.util.test.WatchDog.cancel(): canceling Mon Feb 17 07:03:48 UTC 2020
------------------ testing $PTII/ptolemy/domains/de/test/auto/relationGroup2.xml
auto.tcl: Setting watchdog for 200 seconds at Mon Feb 17 07:03:48 UTC 2020
1 ms. Memory: 51200K Free: 32895K (64%)
ptolemy.util.test.WatchDog.cancel(): canceling Mon Feb 17 07:03:48 UTC 2020
auto.tcl: Setting watchdog for 200 seconds at Mon Feb 17 07:03:48 UTC 2020
2 ms. Memory: 51200K Free: 32385K (63%)
ptolemy.util.test.WatchDog.cancel(): canceling Mon Feb 17 07:03:48 UTC 2020
------------------ testing $PTII/ptolemy/domains/de/test/auto/sortWithOpaquePorts.xml
auto.tcl: Setting watchdog for 200 seconds at Mon Feb 17 07:03:48 UTC 2020
1 ms. Memory: 51200K Free: 31858K (62%)
ptolemy.util.test.WatchDog.cancel(): canceling Mon Feb 17 07:03:48 UTC 2020
auto.tcl: Setting watchdog for 200 seconds at Mon Feb 17 07:03:48 UTC 2020
2 ms. Memory: 51200K Free: 30832K (60%)
ptolemy.util.test.WatchDog.cancel(): canceling Mon Feb 17 07:03:48 UTC 2020
------------------ testing $PTII/ptolemy/domains/de/test/auto/transferInputsandOutputs.xml
auto.tcl: Setting watchdog for 200 seconds at Mon Feb 17 07:03:48 UTC 2020
2 ms. Memory: 51200K Free: 29301K (57%)
ptolemy.util.test.WatchDog.cancel(): canceling Mon Feb 17 07:03:48 UTC 2020
auto.tcl: Setting watchdog for 200 seconds at Mon Feb 17 07:03:48 UTC 2020
3 ms. Memory: 51200K Free: 28277K (55%)
ptolemy.util.test.WatchDog.cancel(): canceling Mon Feb 17 07:03:48 UTC 2020
------------------ testing $PTII/ptolemy/domains/de/test/auto/triggerType.xml
auto.tcl: Setting watchdog for 200 seconds at Mon Feb 17 07:03:48 UTC 2020
1 ms. Memory: 51200K Free: 32326K (63%)
ptolemy.util.test.WatchDog.cancel(): canceling Mon Feb 17 07:03:48 UTC 2020
auto.tcl: Setting watchdog for 200 seconds at Mon Feb 17 07:03:48 UTC 2020
2 ms. Memory: 51200K Free: 31302K (61%)
ptolemy.util.test.WatchDog.cancel(): canceling Mon Feb 17 07:03:48 UTC 2020
02/17/20 07:03:48
Failed: 0  Total Tests: 192  ((Passed: 187, Newly Passed: 1)  Known Failed: 5) /home/travis/build/icyphy/ptII/ptolemy/domains/de/test
02/17/20 07:03:48
Failed: 0  Total Tests: 192  ((Passed: 187, Newly Passed: 1)  Known Failed: 5) /home/travis/build/icyphy/ptII/ptolemy/domains/de/test
----------------- testing (KnownFailure) /home/travis/build/icyphy/ptII/ptolemy/domains/de/test/auto/knownFailedTests/DESDFClockTest.xml
2012 ms. Memory: 51200K Free: 25721K (50%)
Known Failure: java.lang.reflect.InvocationTargetException
----------------- testing (KnownFailure) /home/travis/build/icyphy/ptII/ptolemy/domains/de/test/auto/knownFailedTests/DirectFeedback.xml
2 ms. Memory: 51200K Free: 22139K (43%)
Known Failure: java.lang.reflect.InvocationTargetException
----------------- testing (KnownFailure) /home/travis/build/icyphy/ptII/ptolemy/domains/de/test/auto/knownFailedTests/FSMSource.xml
14 ms. Memory: 51200K Free: 14971K (29%)
----------------- testing (KnownFailure) /home/travis/build/icyphy/ptII/ptolemy/domains/de/test/auto/knownFailedTests/HierarchicalModel.xml
4 ms. Memory: 51200K Free: 27178K (53%)
Known Failure: java.lang.reflect.InvocationTargetException
----------------- testing (KnownFailure) /home/travis/build/icyphy/ptII/ptolemy/domains/de/test/auto/knownFailedTests/dependencyLoop.xml
2 ms. Memory: 51200K Free: 11572K (23%)
Known Failure: java.lang.reflect.InvocationTargetException
----------------- testing (KnownFailure) /home/travis/build/icyphy/ptII/ptolemy/domains/de/test/auto/knownFailedTests/dependencyLoop2.xml
11 ms. Memory: 51200K Free: 24435K (48%)
Known Failure: java.lang.reflect.InvocationTargetException
No auto/linux-amd64/*.xml tests in /home/travis/build/icyphy/ptII/ptolemy/domains/de/test
AutoTests.java: About to close Vertx.
AutoTests.java: Vertx closed.

===========================================================================================
----------------- testing Mon Feb 17 07:03:51 UTC 2020 /home/travis/build/icyphy/ptII/ptolemy/domains/de/test/auto/ActorDepthCalculation_actorWithoutPorts.xml
----------------- Instantiating /home/travis/build/icyphy/ptII/ptolemy/domains/de/test/auto/ActorDepthCalculation_actorWithoutPorts.xml
2 ms. Memory: 51200K Free: 17281K (34%)
----------------- Invoking toplevel() on ptolemy.moml.MoMLSimpleApplication@32f05709
----------------- Done invoking toplevel() on ptolemy.moml.MoMLSimpleApplication@32f05709
reloadAllAccessors: .ActorDepthCalculation_actorWithoutPorts

===========================================================================================
----------------- testing Mon Feb 17 07:03:51 UTC 2020 /home/travis/build/icyphy/ptII/ptolemy/domains/de/test/auto/AssemblyLine.xml
----------------- Instantiating /home/travis/build/icyphy/ptII/ptolemy/domains/de/test/auto/AssemblyLine.xml
3 ms. Memory: 51200K Free: 10391K (20%)
----------------- Invoking toplevel() on ptolemy.moml.MoMLSimpleApplication@40dceb48
----------------- Done invoking toplevel() on ptolemy.moml.MoMLSimpleApplication@40dceb48
reloadAllAccessors: .AssemblyLine

===========================================================================================
----------------- testing Mon Feb 17 07:03:51 UTC 2020 /home/travis/build/icyphy/ptII/ptolemy/domains/de/test/auto/CQBug1.xml
----------------- Instantiating /home/travis/build/icyphy/ptII/ptolemy/domains/de/test/auto/CQBug1.xml
1 ms. Memory: 51200K Free: 35196K (69%)
----------------- Invoking toplevel() on ptolemy.moml.MoMLSimpleApplication@b38aac7
----------------- Done invoking toplevel() on ptolemy.moml.MoMLSimpleApplication@b38aac7
reloadAllAccessors: .CQBug1

===========================================================================================
----------------- testing Mon Feb 17 07:03:51 UTC 2020 /home/travis/build/icyphy/ptII/ptolemy/domains/de/test/auto/CancelFireAt.xml
----------------- Instantiating /home/travis/build/icyphy/ptII/ptolemy/domains/de/test/auto/CancelFireAt.xml
2 ms. Memory: 51200K Free: 32724K (64%)
----------------- Invoking toplevel() on ptolemy.moml.MoMLSimpleApplication@236c5345
----------------- Done invoking toplevel() on ptolemy.moml.MoMLSimpleApplication@236c5345
reloadAllAccessors: .CancelFireAt

===========================================================================================
----------------- testing Mon Feb 17 07:03:51 UTC 2020 /home/travis/build/icyphy/ptII/ptolemy/domains/de/test/auto/CausalityAndComposabilityAnalysis.xml
----------------- Instantiating /home/travis/build/icyphy/ptII/ptolemy/domains/de/test/auto/CausalityAndComposabilityAnalysis.xml
3 ms. Memory: 51200K Free: 28343K (55%)
----------------- Invoking toplevel() on ptolemy.moml.MoMLSimpleApplication@878ee79
----------------- Done invoking toplevel() on ptolemy.moml.MoMLSimpleApplication@878ee79
reloadAllAccessors: .CausalityAndComposabilityAnalysis

===========================================================================================
----------------- testing Mon Feb 17 07:03:51 UTC 2020 /home/travis/build/icyphy/ptII/ptolemy/domains/de/test/auto/CausalityInterface1.xml
----------------- Instantiating /home/travis/build/icyphy/ptII/ptolemy/domains/de/test/auto/CausalityInterface1.xml
6 ms. Memory: 51200K Free: 23261K (45%)
----------------- Invoking toplevel() on ptolemy.moml.MoMLSimpleApplication@43e08f8
----------------- Done invoking toplevel() on ptolemy.moml.MoMLSimpleApplication@43e08f8
reloadAllAccessors: .CausalityInterface1

===========================================================================================
----------------- testing Mon Feb 17 07:03:51 UTC 2020 /home/travis/build/icyphy/ptII/ptolemy/domains/de/test/auto/CausalityInterface15.xml
----------------- Instantiating /home/travis/build/icyphy/ptII/ptolemy/domains/de/test/auto/CausalityInterface15.xml
2 ms. Memory: 51200K Free: 17835K (35%)
----------------- Invoking toplevel() on ptolemy.moml.MoMLSimpleApplication@68648717
----------------- Done invoking toplevel() on ptolemy.moml.MoMLSimpleApplication@68648717
reloadAllAccessors: .CausalityInterface15

===========================================================================================
----------------- testing Mon Feb 17 07:03:51 UTC 2020 /home/travis/build/icyphy/ptII/ptolemy/domains/de/test/auto/CausalityInterface2.xml
----------------- Instantiating /home/travis/build/icyphy/ptII/ptolemy/domains/de/test/auto/CausalityInterface2.xml
2 ms. Memory: 51200K Free: 13300K (26%)
[...]
	at ptolemy.actor.Manager.run(Manager.java:1263)
	at ptolemy.actor.Manager$PtolemyRunThread.run(Manager.java:1933)
java.lang.RuntimeException: Execution failed
	at ptolemy.moml.MoMLSimpleApplication$UnloadThread.run(MoMLSimpleApplication.java:402)
Caused by: ptolemy.kernel.util.IllegalActionException: Actor is not ready to fire.  Perhaps UpSample.prefire() returned false? Try debugging the actor by selecting "Listen to Actor".  Also, for SDF check moml for tokenConsumptionRate on input.
  in .DESDFClockTest.Play Bell.Copy1:SDF Director and .DESDFClockTest.Play Bell.UpSample
	at ptolemy.actor.sched.StaticSchedulingDirector.fire(StaticSchedulingDirector.java:227)
	at ptolemy.domains.sdf.kernel.SDFDirector.fire(SDFDirector.java:500)
	at ptolemy.actor.CompositeActor.fire(CompositeActor.java:455)
	at ptolemy.domains.de.kernel.DEDirector._fire(DEDirector.java:1949)
	at ptolemy.domains.de.kernel.DEDirector.fire(DEDirector.java:502)
	at ptolemy.actor.CompositeActor.fire(CompositeActor.java:455)
	at ptolemy.actor.Manager.iterate(Manager.java:851)
	at ptolemy.actor.Manager.execute(Manager.java:369)
	at ptolemy.actor.Manager.run(Manager.java:1263)
	at ptolemy.actor.Manager$PtolemyRunThread.run(Manager.java:1933)
java.lang.reflect.InvocationTargetException
	at java.base/jdk.internal.reflect.NativeConstructorAccessorImpl.newInstance0(Native Method)
	at java.base/jdk.internal.reflect.NativeConstructorAccessorImpl.newInstance(NativeConstructorAccessorImpl.java:62)
	at java.base/jdk.internal.reflect.DelegatingConstructorAccessorImpl.newInstance(DelegatingConstructorAccessorImpl.java:45)
	at java.base/java.lang.reflect.Constructor.newInstance(Constructor.java:490)
	at ptolemy.util.test.junit.AutoKnownFailedTests.RunModel(AutoKnownFailedTests.java:105)
	at java.base/jdk.internal.reflect.NativeMethodAccessorImpl.invoke0(Native Method)
	at java.base/jdk.internal.reflect.NativeMethodAccessorImpl.invoke(NativeMethodAccessorImpl.java:62)
	at java.base/jdk.internal.reflect.DelegatingMethodAccessorImpl.invoke(DelegatingMethodAccessorImpl.java:43)
	at java.base/java.lang.reflect.Method.invoke(Method.java:566)
	at org.junit.runners.model.FrameworkMethod$1.runReflectiveCall(FrameworkMethod.java:44)
	at org.junit.internal.runners.model.ReflectiveCallable.run(ReflectiveCallable.java:15)
	at org.junit.runners.model.FrameworkMethod.invokeExplosively(FrameworkMethod.java:41)
	at junitparams.internal.InvokeParameterisedMethod.evaluate(InvokeParameterisedMethod.java:102)
	at org.junit.internal.runners.statements.FailOnTimeout$1.run(FailOnTimeout.java:28)
Caused by: ptolemy.kernel.util.IllegalActionException: Actor is not ready to fire.  Perhaps UpSample.prefire() returned false? Try debugging the actor by selecting "Listen to Actor".  Also, for SDF check moml for tokenConsumptionRate on input.
  in .DESDFClockTest.Play Bell.Copy1:SDF Director and .DESDFClockTest.Play Bell.UpSample
	at ptolemy.actor.sched.StaticSchedulingDirector.fire(StaticSchedulingDirector.java:227)
	at ptolemy.domains.sdf.kernel.SDFDirector.fire(SDFDirector.java:500)
	at ptolemy.actor.CompositeActor.fire(CompositeActor.java:455)
	at ptolemy.domains.de.kernel.DEDirector._fire(DEDirector.java:1949)
	at ptolemy.domains.de.kernel.DEDirector.fire(DEDirector.java:502)
	at ptolemy.actor.CompositeActor.fire(CompositeActor.java:455)
	at ptolemy.actor.Manager.iterate(Manager.java:851)
	at ptolemy.actor.Manager.execute(Manager.java:369)
	at ptolemy.actor.Manager.run(Manager.java:1263)
	at ptolemy.actor.Manager$PtolemyRunThread.run(Manager.java:1933)
java.lang.RuntimeException: Execution failed
	at ptolemy.moml.MoMLSimpleApplication$UnloadThread.run(MoMLSimpleApplication.java:402)
Caused by: ptolemy.kernel.util.IllegalActionException: Test fails in iteration 1.
Value was: 1.0. Should have been: 2.0
  in .DirectFeedback.Test
	at ptolemy.actor.lib.Test.fire(Test.java:268)
	at ptolemy.domains.de.kernel.DEDirector._fire(DEDirector.java:1949)
	at ptolemy.domains.de.kernel.DEDirector.fire(DEDirector.java:502)
	at ptolemy.actor.CompositeActor.fire(CompositeActor.java:455)
	at ptolemy.actor.Manager.iterate(Manager.java:851)
	at ptolemy.actor.Manager.execute(Manager.java:369)
	at ptolemy.actor.Manager.run(Manager.java:1263)
	at ptolemy.actor.Manager$PtolemyRunThread.run(Manager.java:1933)
java.lang.reflect.InvocationTargetException
	at java.base/jdk.internal.reflect.NativeConstructorAccessorImpl.newInstance0(Native Method)
	at java.base/jdk.internal.reflect.NativeConstructorAccessorImpl.newInstance(NativeConstructorAccessorImpl.java:62)
	at java.base/jdk.internal.reflect.DelegatingConstructorAccessorImpl.newInstance(DelegatingConstructorAccessorImpl.java:45)
	at java.base/java.lang.reflect.Constructor.newInstance(Constructor.java:490)
	at ptolemy.util.test.junit.AutoKnownFailedTests.RunModel(AutoKnownFailedTests.java:105)
	at java.base/jdk.internal.reflect.NativeMethodAccessorImpl.invoke0(Native Method)
	at java.base/jdk.internal.reflect.NativeMethodAccessorImpl.invoke(NativeMethodAccessorImpl.java:62)
	at java.base/jdk.internal.reflect.DelegatingMethodAccessorImpl.invoke(DelegatingMethodAccessorImpl.java:43)
	at java.base/java.lang.reflect.Method.invoke(Method.java:566)
	at org.junit.runners.model.FrameworkMethod$1.runReflectiveCall(FrameworkMethod.java:44)
	at org.junit.internal.runners.model.ReflectiveCallable.run(ReflectiveCallable.java:15)
	at org.junit.runners.model.FrameworkMethod.invokeExplosively(FrameworkMethod.java:41)
	at junitparams.internal.InvokeParameterisedMethod.evaluate(InvokeParameterisedMethod.java:102)
	at org.junit.internal.runners.statements.FailOnTimeout$1.run(FailOnTimeout.java:28)
Caused by: ptolemy.kernel.util.IllegalActionException: Test fails in iteration 1.
Value was: 1.0. Should have been: 2.0
  in .DirectFeedback.Test
	at ptolemy.actor.lib.Test.fire(Test.java:268)
	at ptolemy.domains.de.kernel.DEDirector._fire(DEDirector.java:1949)
	at ptolemy.domains.de.kernel.DEDirector.fire(DEDirector.java:502)
	at ptolemy.actor.CompositeActor.fire(CompositeActor.java:455)
	at ptolemy.actor.Manager.iterate(Manager.java:851)
	at ptolemy.actor.Manager.execute(Manager.java:369)
	at ptolemy.actor.Manager.run(Manager.java:1263)
	at ptolemy.actor.Manager$PtolemyRunThread.run(Manager.java:1933)
java.lang.RuntimeException: Execution failed
	at ptolemy.moml.MoMLSimpleApplication$UnloadThread.run(MoMLSimpleApplication.java:402)
Caused by: ptolemy.kernel.util.IllegalActionException: Found a zero delay loop containing .HierarchicalModel.A
  in .HierarchicalModel and .HierarchicalModel.A
	at ptolemy.actor.util.CausalityInterfaceForComposites._computeOutputPortDepth(CausalityInterfaceForComposites.java:759)
	at ptolemy.actor.util.CausalityInterfaceForComposites._computeInputDepth(CausalityInterfaceForComposites.java:696)
	at ptolemy.actor.util.CausalityInterfaceForComposites._computeOutputPortDepth(CausalityInterfaceForComposites.java:765)
	at ptolemy.actor.util.CausalityInterfaceForComposites._computeInputDepth(CausalityInterfaceForComposites.java:696)
	at ptolemy.actor.util.CausalityInterfaceForComposites._computeOutputPortDepth(CausalityInterfaceForComposites.java:765)
	at ptolemy.actor.util.CausalityInterfaceForComposites._computeInputDepth(CausalityInterfaceForComposites.java:696)
	at ptolemy.actor.util.CausalityInterfaceForComposites._computeActorDepth(CausalityInterfaceForComposites.java:532)
	at ptolemy.actor.util.CausalityInterfaceForComposites.checkForCycles(CausalityInterfaceForComposites.java:96)
	at ptolemy.domains.de.kernel.DEDirector.preinitialize(DEDirector.java:1338)
	at ptolemy.actor.CompositeActor.preinitialize(CompositeActor.java:1828)
	at ptolemy.actor.Manager.preinitializeAndResolveTypes(Manager.java:1040)
	at ptolemy.actor.Manager.initialize(Manager.java:710)
	at ptolemy.actor.Manager.execute(Manager.java:356)
	at ptolemy.actor.Manager.run(Manager.java:1263)
	at ptolemy.actor.Manager$PtolemyRunThread.run(Manager.java:1933)
java.lang.reflect.InvocationTargetException
	at java.base/jdk.internal.reflect.NativeConstructorAccessorImpl.newInstance0(Native Method)
	at java.base/jdk.internal.reflect.NativeConstructorAccessorImpl.newInstance(NativeConstructorAccessorImpl.java:62)
	at java.base/jdk.internal.reflect.DelegatingConstructorAccessorImpl.newInstance(DelegatingConstructorAccessorImpl.java:45)
	at java.base/java.lang.reflect.Constructor.newInstance(Constructor.java:490)
	at ptolemy.util.test.junit.AutoKnownFailedTests.RunModel(AutoKnownFailedTests.java:105)
	at java.base/jdk.internal.reflect.NativeMethodAccessorImpl.invoke0(Native Method)
	at java.base/jdk.internal.reflect.NativeMethodAccessorImpl.invoke(NativeMethodAccessorImpl.java:62)
	at java.base/jdk.internal.reflect.DelegatingMethodAccessorImpl.invoke(DelegatingMethodAccessorImpl.java:43)
	at java.base/java.lang.reflect.Method.invoke(Method.java:566)
	at org.junit.runners.model.FrameworkMethod$1.runReflectiveCall(FrameworkMethod.java:44)
	at org.junit.internal.runners.model.ReflectiveCallable.run(ReflectiveCallable.java:15)
	at org.junit.runners.model.FrameworkMethod.invokeExplosively(FrameworkMethod.java:41)
	at junitparams.internal.InvokeParameterisedMethod.evaluate(InvokeParameterisedMethod.java:102)
	at org.junit.internal.runners.statements.FailOnTimeout$1.run(FailOnTimeout.java:28)
Caused by: ptolemy.kernel.util.IllegalActionException: Found a zero delay loop containing .HierarchicalModel.A
  in .HierarchicalModel and .HierarchicalModel.A
	at ptolemy.actor.util.CausalityInterfaceForComposites._computeOutputPortDepth(CausalityInterfaceForComposites.java:759)
	at ptolemy.actor.util.CausalityInterfaceForComposites._computeInputDepth(CausalityInterfaceForComposites.java:696)
	at ptolemy.actor.util.CausalityInterfaceForComposites._computeOutputPortDepth(CausalityInterfaceForComposites.java:765)
	at ptolemy.actor.util.CausalityInterfaceForComposites._computeInputDepth(CausalityInterfaceForComposites.java:696)
	at ptolemy.actor.util.CausalityInterfaceForComposites._computeOutputPortDepth(CausalityInterfaceForComposites.java:765)
	at ptolemy.actor.util.CausalityInterfaceForComposites._computeInputDepth(CausalityInterfaceForComposites.java:696)
	at ptolemy.actor.util.CausalityInterfaceForComposites._computeActorDepth(CausalityInterfaceForComposites.java:532)
	at ptolemy.actor.util.CausalityInterfaceForComposites.checkForCycles(CausalityInterfaceForComposites.java:96)
	at ptolemy.domains.de.kernel.DEDirector.preinitialize(DEDirector.java:1338)
	at ptolemy.actor.CompositeActor.preinitialize(CompositeActor.java:1828)
	at ptolemy.actor.Manager.preinitializeAndResolveTypes(Manager.java:1040)
	at ptolemy.actor.Manager.initialize(Manager.java:710)
	at ptolemy.actor.Manager.execute(Manager.java:356)
	at ptolemy.actor.Manager.run(Manager.java:1263)
	at ptolemy.actor.Manager$PtolemyRunThread.run(Manager.java:1933)
java.lang.RuntimeException: Execution failed
	at ptolemy.moml.MoMLSimpleApplication$UnloadThread.run(MoMLSimpleApplication.java:402)
Caused by: ptolemy.kernel.util.IllegalActionException: Found a zero delay loop containing .dependencyLoop.original
  in .dependencyLoop and .dependencyLoop.original
	at ptolemy.actor.util.CausalityInterfaceForComposites._computeOutputPortDepth(CausalityInterfaceForComposites.java:759)
	at ptolemy.actor.util.CausalityInterfaceForComposites._computeInputDepth(CausalityInterfaceForComposites.java:696)
	at ptolemy.actor.util.CausalityInterfaceForComposites._computeOutputPortDepth(CausalityInterfaceForComposites.java:765)
	at ptolemy.actor.util.CausalityInterfaceForComposites._computeInputDepth(CausalityInterfaceForComposites.java:696)
	at ptolemy.actor.util.CausalityInterfaceForComposites._computeOutputPortDepth(CausalityInterfaceForComposites.java:765)
	at ptolemy.actor.util.CausalityInterfaceForComposites._computeInputDepth(CausalityInterfaceForComposites.java:696)
	at ptolemy.actor.util.CausalityInterfaceForComposites._computeActorDepth(CausalityInterfaceForComposites.java:532)
	at ptolemy.actor.util.CausalityInterfaceForComposites.checkForCycles(CausalityInterfaceForComposites.java:96)
	at ptolemy.domains.de.kernel.DEDirector.preinitialize(DEDirector.java:1338)
	at ptolemy.actor.CompositeActor.preinitialize(CompositeActor.java:1828)
	at ptolemy.actor.Manager.preinitializeAndResolveTypes(Manager.java:1040)
	at ptolemy.actor.Manager.initialize(Manager.java:710)
	at ptolemy.actor.Manager.execute(Manager.java:356)
	at ptolemy.actor.Manager.run(Manager.java:1263)
	at ptolemy.actor.Manager$PtolemyRunThread.run(Manager.java:1933)
java.lang.reflect.InvocationTargetException
	at java.base/jdk.internal.reflect.NativeConstructorAccessorImpl.newInstance0(Native Method)
	at java.base/jdk.internal.reflect.NativeConstructorAccessorImpl.newInstance(NativeConstructorAccessorImpl.java:62)
	at java.base/jdk.internal.reflect.DelegatingConstructorAccessorImpl.newInstance(DelegatingConstructorAccessorImpl.java:45)
	at java.base/java.lang.reflect.Constructor.newInstance(Constructor.java:490)
	at ptolemy.util.test.junit.AutoKnownFailedTests.RunModel(AutoKnownFailedTests.java:105)
	at java.base/jdk.internal.reflect.NativeMethodAccessorImpl.invoke0(Native Method)
	at java.base/jdk.internal.reflect.NativeMethodAccessorImpl.invoke(NativeMethodAccessorImpl.java:62)
	at java.base/jdk.internal.reflect.DelegatingMethodAccessorImpl.invoke(DelegatingMethodAccessorImpl.java:43)
	at java.base/java.lang.reflect.Method.invoke(Method.java:566)
	at org.junit.runners.model.FrameworkMethod$1.runReflectiveCall(FrameworkMethod.java:44)
	at org.junit.internal.runners.model.ReflectiveCallable.run(ReflectiveCallable.java:15)
	at org.junit.runners.model.FrameworkMethod.invokeExplosively(FrameworkMethod.java:41)
	at junitparams.internal.InvokeParameterisedMethod.evaluate(InvokeParameterisedMethod.java:102)
	at org.junit.internal.runners.statements.FailOnTimeout$1.run(FailOnTimeout.java:28)
Caused by: ptolemy.kernel.util.IllegalActionException: Found a zero delay loop containing .dependencyLoop.original
  in .dependencyLoop and .dependencyLoop.original
	at ptolemy.actor.util.CausalityInterfaceForComposites._computeOutputPortDepth(CausalityInterfaceForComposites.java:759)
	at ptolemy.actor.util.CausalityInterfaceForComposites._computeInputDepth(CausalityInterfaceForComposites.java:696)
	at ptolemy.actor.util.CausalityInterfaceForComposites._computeOutputPortDepth(CausalityInterfaceForComposites.java:765)
	at ptolemy.actor.util.CausalityInterfaceForComposites._computeInputDepth(CausalityInterfaceForComposites.java:696)
	at ptolemy.actor.util.CausalityInterfaceForComposites._computeOutputPortDepth(CausalityInterfaceForComposites.java:765)
	at ptolemy.actor.util.CausalityInterfaceForComposites._computeInputDepth(CausalityInterfaceForComposites.java:696)
	at ptolemy.actor.util.CausalityInterfaceForComposites._computeActorDepth(CausalityInterfaceForComposites.java:532)
	at ptolemy.actor.util.CausalityInterfaceForComposites.checkForCycles(CausalityInterfaceForComposites.java:96)
	at ptolemy.domains.de.kernel.DEDirector.preinitialize(DEDirector.java:1338)
	at ptolemy.actor.CompositeActor.preinitialize(CompositeActor.java:1828)
	at ptolemy.actor.Manager.preinitializeAndResolveTypes(Manager.java:1040)
	at ptolemy.actor.Manager.initialize(Manager.java:710)
	at ptolemy.actor.Manager.execute(Manager.java:356)
	at ptolemy.actor.Manager.run(Manager.java:1263)
	at ptolemy.actor.Manager$PtolemyRunThread.run(Manager.java:1933)
java.lang.RuntimeException: Execution failed
	at ptolemy.moml.MoMLSimpleApplication$UnloadThread.run(MoMLSimpleApplication.java:402)
Caused by: ptolemy.kernel.util.IllegalActionException: Found a zero delay loop containing .dependencyLoop2.original
  in .dependencyLoop2 and .dependencyLoop2.original
	at ptolemy.actor.util.CausalityInterfaceForComposites._computeOutputPortDepth(CausalityInterfaceForComposites.java:759)
	at ptolemy.actor.util.CausalityInterfaceForComposites._computeInputDepth(CausalityInterfaceForComposites.java:696)
	at ptolemy.actor.util.CausalityInterfaceForComposites._computeOutputPortDepth(CausalityInterfaceForComposites.java:765)
	at ptolemy.actor.util.CausalityInterfaceForComposites._computeInputDepth(CausalityInterfaceForComposites.java:696)
	at ptolemy.actor.util.CausalityInterfaceForComposites._computeOutputPortDepth(CausalityInterfaceForComposites.java:765)
	at ptolemy.actor.util.CausalityInterfaceForComposites._computeInputDepth(CausalityInterfaceForComposites.java:696)
	at ptolemy.actor.util.CausalityInterfaceForComposites._computeActorDepth(CausalityInterfaceForComposites.java:532)
	at ptolemy.actor.util.CausalityInterfaceForComposites.checkForCycles(CausalityInterfaceForComposites.java:96)
	at ptolemy.domains.de.kernel.DEDirector.preinitialize(DEDirector.java:1338)
	at ptolemy.actor.CompositeActor.preinitialize(CompositeActor.java:1828)
	at ptolemy.actor.Manager.preinitializeAndResolveTypes(Manager.java:1040)
	at ptolemy.actor.Manager.initialize(Manager.java:710)
	at ptolemy.actor.Manager.execute(Manager.java:356)
	at ptolemy.actor.Manager.run(Manager.java:1263)
	at ptolemy.actor.Manager$PtolemyRunThread.run(Manager.java:1933)
java.lang.reflect.InvocationTargetException
	at java.base/jdk.internal.reflect.NativeConstructorAccessorImpl.newInstance0(Native Method)
	at java.base/jdk.internal.reflect.NativeConstructorAccessorImpl.newInstance(NativeConstructorAccessorImpl.java:62)
	at java.base/jdk.internal.reflect.DelegatingConstructorAccessorImpl.newInstance(DelegatingConstructorAccessorImpl.java:45)
	at java.base/java.lang.reflect.Constructor.newInstance(Constructor.java:490)
	at ptolemy.util.test.junit.AutoKnownFailedTests.RunModel(AutoKnownFailedTests.java:105)
	at java.base/jdk.internal.reflect.NativeMethodAccessorImpl.invoke0(Native Method)
	at java.base/jdk.internal.reflect.NativeMethodAccessorImpl.invoke(NativeMethodAccessorImpl.java:62)
	at java.base/jdk.internal.reflect.DelegatingMethodAccessorImpl.invoke(DelegatingMethodAccessorImpl.java:43)
	at java.base/java.lang.reflect.Method.invoke(Method.java:566)
	at org.junit.runners.model.FrameworkMethod$1.runReflectiveCall(FrameworkMethod.java:44)
	at org.junit.internal.runners.model.ReflectiveCallable.run(ReflectiveCallable.java:15)
	at org.junit.runners.model.FrameworkMethod.invokeExplosively(FrameworkMethod.java:41)
	at junitparams.internal.InvokeParameterisedMethod.evaluate(InvokeParameterisedMethod.java:102)
	at org.junit.internal.runners.statements.FailOnTimeout$1.run(FailOnTimeout.java:28)
Caused by: ptolemy.kernel.util.IllegalActionException: Found a zero delay loop containing .dependencyLoop2.original
  in .dependencyLoop2 and .dependencyLoop2.original
	at ptolemy.actor.util.CausalityInterfaceForComposites._computeOutputPortDepth(CausalityInterfaceForComposites.java:759)
	at ptolemy.actor.util.CausalityInterfaceForComposites._computeInputDepth(CausalityInterfaceForComposites.java:696)
	at ptolemy.actor.util.CausalityInterfaceForComposites._computeOutputPortDepth(CausalityInterfaceForComposites.java:765)
	at ptolemy.actor.util.CausalityInterfaceForComposites._computeInputDepth(CausalityInterfaceForComposites.java:696)
	at ptolemy.actor.util.CausalityInterfaceForComposites._computeOutputPortDepth(CausalityInterfaceForComposites.java:765)
	at ptolemy.actor.util.CausalityInterfaceForComposites._computeInputDepth(CausalityInterfaceForComposites.java:696)
	at ptolemy.actor.util.CausalityInterfaceForComposites._computeActorDepth(CausalityInterfaceForComposites.java:532)
	at ptolemy.actor.util.CausalityInterfaceForComposites.checkForCycles(CausalityInterfaceForComposites.java:96)
	at ptolemy.domains.de.kernel.DEDirector.preinitialize(DEDirector.java:1338)
	at ptolemy.actor.CompositeActor.preinitialize(CompositeActor.java:1828)
	at ptolemy.actor.Manager.preinitializeAndResolveTypes(Manager.java:1040)
	at ptolemy.actor.Manager.initialize(Manager.java:710)
	at ptolemy.actor.Manager.execute(Manager.java:356)
	at ptolemy.actor.Manager.run(Manager.java:1263)
	at ptolemy.actor.Manager$PtolemyRunThread.run(Manager.java:1933)
]]></system-err>
</testsuite>
