<?xml version="1.0" encoding="UTF-8" ?>
<testsuite errors="0" failures="0" hostname="travis-job-530fccc0-545c-4ff7-b73d-7a48b3f680c9" name="ptolemy.domains.de.test.junit.JUnitTclTest" skipped="0" tests="101" time="118.09" timestamp="2020-03-27T13:36:26">
  <properties>
[...]
</properties>
  <testcase classname="ptolemy.util.test.junit.TclTests" name="[0] /home/travis/build/icyphy/ptII/ptolemy/domains/de/test/DependencyLoop.tcl (RunTclFile)" time="0.985" />
  <testcase classname="ptolemy.util.test.junit.TclTests" name="[1] /home/travis/build/icyphy/ptII/ptolemy/domains/de/test/RunDETestsAsQSS.tcl (RunTclFile)" time="79.773" />
  <testcase classname="ptolemy.util.test.junit.AutoKnownFailedTests" name="[0] /home/travis/build/icyphy/ptII/ptolemy/domains/de/test/auto/knownFailedTests/DESDFClockTest.xml (RunModel)" time="2.055" />
  <testcase classname="ptolemy.util.test.junit.AutoKnownFailedTests" name="[1] /home/travis/build/icyphy/ptII/ptolemy/domains/de/test/auto/knownFailedTests/DirectFeedback.xml (RunModel)" time="0.008" />
  <testcase classname="ptolemy.util.test.junit.AutoKnownFailedTests" name="[2] /home/travis/build/icyphy/ptII/ptolemy/domains/de/test/auto/knownFailedTests/FSMSource.xml (RunModel)" time="0.023" />
  <testcase classname="ptolemy.util.test.junit.AutoKnownFailedTests" name="[3] /home/travis/build/icyphy/ptII/ptolemy/domains/de/test/auto/knownFailedTests/HierarchicalModel.xml (RunModel)" time="0.045" />
  <testcase classname="ptolemy.util.test.junit.AutoKnownFailedTests" name="[4] /home/travis/build/icyphy/ptII/ptolemy/domains/de/test/auto/knownFailedTests/dependencyLoop.xml (RunModel)" time="0.037" />
  <testcase classname="ptolemy.util.test.junit.AutoKnownFailedTests" name="[5] /home/travis/build/icyphy/ptII/ptolemy/domains/de/test/auto/knownFailedTests/dependencyLoop2.xml (RunModel)" time="0.045" />
  <testcase classname="ptolemy.util.test.junit.AutoNameArchTests" name="[0] ThereAreNoAutoArchTests (RunModel)" time="0.002" />
  <testcase classname="ptolemy.util.test.junit.AutoTests" name="[0] /home/travis/build/icyphy/ptII/ptolemy/domains/de/test/auto/ActorDepthCalculation_actorWithoutPorts.xml (RunModel)" time="0.027" />
  <testcase classname="ptolemy.util.test.junit.AutoTests" name="[1] /home/travis/build/icyphy/ptII/ptolemy/domains/de/test/auto/AssemblyLine.xml (RunModel)" time="0.023" />
  <testcase classname="ptolemy.util.test.junit.AutoTests" name="[2] /home/travis/build/icyphy/ptII/ptolemy/domains/de/test/auto/CQBug1.xml (RunModel)" time="0.012" />
  <testcase classname="ptolemy.util.test.junit.AutoTests" name="[3] /home/travis/build/icyphy/ptII/ptolemy/domains/de/test/auto/CancelFireAt.xml (RunModel)" time="0.012" />
  <testcase classname="ptolemy.util.test.junit.AutoTests" name="[4] /home/travis/build/icyphy/ptII/ptolemy/domains/de/test/auto/CausalityAndComposabilityAnalysis.xml (RunModel)" time="0.01" />
  <testcase classname="ptolemy.util.test.junit.AutoTests" name="[5] /home/travis/build/icyphy/ptII/ptolemy/domains/de/test/auto/CausalityInterface1.xml (RunModel)" time="0.013" />
  <testcase classname="ptolemy.util.test.junit.AutoTests" name="[6] /home/travis/build/icyphy/ptII/ptolemy/domains/de/test/auto/CausalityInterface15.xml (RunModel)" time="0.014" />
  <testcase classname="ptolemy.util.test.junit.AutoTests" name="[7] /home/travis/build/icyphy/ptII/ptolemy/domains/de/test/auto/CausalityInterface2.xml (RunModel)" time="0.013" />
  <testcase classname="ptolemy.util.test.junit.AutoTests" name="[8] /home/travis/build/icyphy/ptII/ptolemy/domains/de/test/auto/CausalityInterface3.xml (RunModel)" time="0.011" />
  <testcase classname="ptolemy.util.test.junit.AutoTests" name="[9] /home/travis/build/icyphy/ptII/ptolemy/domains/de/test/auto/ClockDrift.xml (RunModel)" time="0.033" />
  <testcase classname="ptolemy.util.test.junit.AutoTests" name="[10] /home/travis/build/icyphy/ptII/ptolemy/domains/de/test/auto/ClockDriftAndValueChange.xml (RunModel)" time="0.028" />
  <testcase classname="ptolemy.util.test.junit.AutoTests" name="[11] /home/travis/build/icyphy/ptII/ptolemy/domains/de/test/auto/ClockDriftChange.xml (RunModel)" time="0.038" />
  <testcase classname="ptolemy.util.test.junit.AutoTests" name="[12] /home/travis/build/icyphy/ptII/ptolemy/domains/de/test/auto/ComposableCausalityAnalysis.xml (RunModel)" time="0.014" />
  <testcase classname="ptolemy.util.test.junit.AutoTests" name="[13] /home/travis/build/icyphy/ptII/ptolemy/domains/de/test/auto/DEFixedPointLimitation.xml (RunModel)" time="0.008" />
  <testcase classname="ptolemy.util.test.junit.AutoTests" name="[14] /home/travis/build/icyphy/ptII/ptolemy/domains/de/test/auto/DEScheduleTest.xml (RunModel)" time="0.012" />
  <testcase classname="ptolemy.util.test.junit.AutoTests" name="[15] /home/travis/build/icyphy/ptII/ptolemy/domains/de/test/auto/DEinDEwithStartTimes.xml (RunModel)" time="0.013" />
  <testcase classname="ptolemy.util.test.junit.AutoTests" name="[16] /home/travis/build/icyphy/ptII/ptolemy/domains/de/test/auto/DEinDEwithStartTimes2.xml (RunModel)" time="0.019" />
  <testcase classname="ptolemy.util.test.junit.AutoTests" name="[17] /home/travis/build/icyphy/ptII/ptolemy/domains/de/test/auto/DateDemo.xml (RunModel)" time="0.03" />
  <testcase classname="ptolemy.util.test.junit.AutoTests" name="[18] /home/travis/build/icyphy/ptII/ptolemy/domains/de/test/auto/DateToEvent.xml (RunModel)" time="2.04" />
  <testcase classname="ptolemy.util.test.junit.AutoTests" name="[19] /home/travis/build/icyphy/ptII/ptolemy/domains/de/test/auto/DepthTest1.xml (RunModel)" time="0.011" />
  <testcase classname="ptolemy.util.test.junit.AutoTests" name="[20] /home/travis/build/icyphy/ptII/ptolemy/domains/de/test/auto/DepthTest2.xml (RunModel)" time="0.018" />
  <testcase classname="ptolemy.util.test.junit.AutoTests" name="[21] /home/travis/build/icyphy/ptII/ptolemy/domains/de/test/auto/DepthTest3.xml (RunModel)" time="0.007" />
  <testcase classname="ptolemy.util.test.junit.AutoTests" name="[22] /home/travis/build/icyphy/ptII/ptolemy/domains/de/test/auto/DepthTest4.xml (RunModel)" time="0.011" />
  <testcase classname="ptolemy.util.test.junit.AutoTests" name="[23] /home/travis/build/icyphy/ptII/ptolemy/domains/de/test/auto/DepthTest5.xml (RunModel)" time="0.011" />
  <testcase classname="ptolemy.util.test.junit.AutoTests" name="[24] /home/travis/build/icyphy/ptII/ptolemy/domains/de/test/auto/DepthTest6.xml (RunModel)" time="0.011" />
  <testcase classname="ptolemy.util.test.junit.AutoTests" name="[25] /home/travis/build/icyphy/ptII/ptolemy/domains/de/test/auto/DepthTest7.xml (RunModel)" time="0.012" />
  <testcase classname="ptolemy.util.test.junit.AutoTests" name="[26] /home/travis/build/icyphy/ptII/ptolemy/domains/de/test/auto/EventToDate.xml (RunModel)" time="3.035" />
  <testcase classname="ptolemy.util.test.junit.AutoTests" name="[27] /home/travis/build/icyphy/ptII/ptolemy/domains/de/test/auto/FSM1.xml (RunModel)" time="0.042" />
  <testcase classname="ptolemy.util.test.junit.AutoTests" name="[28] /home/travis/build/icyphy/ptII/ptolemy/domains/de/test/auto/FSM7.xml (RunModel)" time="0.034" />
  <testcase classname="ptolemy.util.test.junit.AutoTests" name="[29] /home/travis/build/icyphy/ptII/ptolemy/domains/de/test/auto/Inspection.xml (RunModel)" time="0.035" />
  <testcase classname="ptolemy.util.test.junit.AutoTests" name="[30] /home/travis/build/icyphy/ptII/ptolemy/domains/de/test/auto/Iteration.xml (RunModel)" time="0.022" />
  <testcase classname="ptolemy.util.test.junit.AutoTests" name="[31] /home/travis/build/icyphy/ptII/ptolemy/domains/de/test/auto/LineFault.xml (RunModel)" time="0.521" />
  <testcase classname="ptolemy.util.test.junit.AutoTests" name="[32] /home/travis/build/icyphy/ptII/ptolemy/domains/de/test/auto/MergeModel1Add.xml (RunModel)" time="0.045" />
  <testcase classname="ptolemy.util.test.junit.AutoTests" name="[33] /home/travis/build/icyphy/ptII/ptolemy/domains/de/test/auto/MergeModel2Add.xml (RunModel)" time="0.029" />
  <testcase classname="ptolemy.util.test.junit.AutoTests" name="[34] /home/travis/build/icyphy/ptII/ptolemy/domains/de/test/auto/MergeModel3Add.xml (RunModel)" time="0.042" />
  <testcase classname="ptolemy.util.test.junit.AutoTests" name="[35] /home/travis/build/icyphy/ptII/ptolemy/domains/de/test/auto/MergeWithoutDiscard.xml (RunModel)" time="0.009" />
  <testcase classname="ptolemy.util.test.junit.AutoTests" name="[36] /home/travis/build/icyphy/ptII/ptolemy/domains/de/test/auto/Modal1.xml (RunModel)" time="0.029" />
  <testcase classname="ptolemy.util.test.junit.AutoTests" name="[37] /home/travis/build/icyphy/ptII/ptolemy/domains/de/test/auto/Modal2.xml (RunModel)" time="0.034" />
  <testcase classname="ptolemy.util.test.junit.AutoTests" name="[38] /home/travis/build/icyphy/ptII/ptolemy/domains/de/test/auto/Modal3.xml (RunModel)" time="0.026" />
  <testcase classname="ptolemy.util.test.junit.AutoTests" name="[39] /home/travis/build/icyphy/ptII/ptolemy/domains/de/test/auto/Modal4.xml (RunModel)" time="0.025" />
  <testcase classname="ptolemy.util.test.junit.AutoTests" name="[40] /home/travis/build/icyphy/ptII/ptolemy/domains/de/test/auto/Modal5.xml (RunModel)" time="0.027" />
  <testcase classname="ptolemy.util.test.junit.AutoTests" name="[41] /home/travis/build/icyphy/ptII/ptolemy/domains/de/test/auto/Modal6.xml (RunModel)" time="0.022" />
  <testcase classname="ptolemy.util.test.junit.AutoTests" name="[42] /home/travis/build/icyphy/ptII/ptolemy/domains/de/test/auto/Modal7.xml (RunModel)" time="0.026" />
  <testcase classname="ptolemy.util.test.junit.AutoTests" name="[43] /home/travis/build/icyphy/ptII/ptolemy/domains/de/test/auto/ModalModel.xml (RunModel)" time="0.149" />
  <testcase classname="ptolemy.util.test.junit.AutoTests" name="[44] /home/travis/build/icyphy/ptII/ptolemy/domains/de/test/auto/ModalSource.xml (RunModel)" time="0.02" />
  <testcase classname="ptolemy.util.test.junit.AutoTests" name="[45] /home/travis/build/icyphy/ptII/ptolemy/domains/de/test/auto/NonInterruptibleTimerZeroDelay.xml (RunModel)" time="0.008" />
  <testcase classname="ptolemy.util.test.junit.AutoTests" name="[46] /home/travis/build/icyphy/ptII/ptolemy/domains/de/test/auto/OpenQueueingNetwork.xml (RunModel)" time="2.077" />
  <testcase classname="ptolemy.util.test.junit.AutoTests" name="[47] /home/travis/build/icyphy/ptII/ptolemy/domains/de/test/auto/OpenQueuingNetwork.xml (RunModel)" time="0.25" />
  <testcase classname="ptolemy.util.test.junit.AutoTests" name="[48] /home/travis/build/icyphy/ptII/ptolemy/domains/de/test/auto/PeriodicSampler.xml (RunModel)" time="0.009" />
  <testcase classname="ptolemy.util.test.junit.AutoTests" name="[49] /home/travis/build/icyphy/ptII/ptolemy/domains/de/test/auto/PersistentIO.xml (RunModel)" time="0.015" />
  <testcase classname="ptolemy.util.test.junit.AutoTests" name="[50] /home/travis/build/icyphy/ptII/ptolemy/domains/de/test/auto/PortParameterResetOnInitialize.xml (RunModel)" time="0.007" />
  <testcase classname="ptolemy.util.test.junit.AutoTests" name="[51] /home/travis/build/icyphy/ptII/ptolemy/domains/de/test/auto/PortParameterUpdates.xml (RunModel)" time="0.011" />
  <testcase classname="ptolemy.util.test.junit.AutoTests" name="[52] /home/travis/build/icyphy/ptII/ptolemy/domains/de/test/auto/QueueAndServer.xml (RunModel)" time="0.02" />
  <testcase classname="ptolemy.util.test.junit.AutoTests" name="[53] /home/travis/build/icyphy/ptII/ptolemy/domains/de/test/auto/Records.xml (RunModel)" time="0.012" />
  <testcase classname="ptolemy.util.test.junit.AutoTests" name="[54] /home/travis/build/icyphy/ptII/ptolemy/domains/de/test/auto/ResetTransitionWithStartTime1.xml (RunModel)" time="0.015" />
  <testcase classname="ptolemy.util.test.junit.AutoTests" name="[55] /home/travis/build/icyphy/ptII/ptolemy/domains/de/test/auto/ResetTransitionWithStartTime2.xml (RunModel)" time="0.015" />
  <testcase classname="ptolemy.util.test.junit.AutoTests" name="[56] /home/travis/build/icyphy/ptII/ptolemy/domains/de/test/auto/ResetTransitionWithStartTime3.xml (RunModel)" time="0.015" />
  <testcase classname="ptolemy.util.test.junit.AutoTests" name="[57] /home/travis/build/icyphy/ptII/ptolemy/domains/de/test/auto/ResetTransitionWithStartTime4.xml (RunModel)" time="0.013" />
  <testcase classname="ptolemy.util.test.junit.AutoTests" name="[58] /home/travis/build/icyphy/ptII/ptolemy/domains/de/test/auto/ResettableTimer1.xml (RunModel)" time="0.007" />
  <testcase classname="ptolemy.util.test.junit.AutoTests" name="[59] /home/travis/build/icyphy/ptII/ptolemy/domains/de/test/auto/ResettableTimer2.xml (RunModel)" time="0.008" />
  <testcase classname="ptolemy.util.test.junit.AutoTests" name="[60] /home/travis/build/icyphy/ptII/ptolemy/domains/de/test/auto/ResettableTimer3.xml (RunModel)" time="0.007" />
  <testcase classname="ptolemy.util.test.junit.AutoTests" name="[61] /home/travis/build/icyphy/ptII/ptolemy/domains/de/test/auto/ResettableTimer4.xml (RunModel)" time="0.007" />
  <testcase classname="ptolemy.util.test.junit.AutoTests" name="[62] /home/travis/build/icyphy/ptII/ptolemy/domains/de/test/auto/ResettableTimer5.xml (RunModel)" time="0.007" />
  <testcase classname="ptolemy.util.test.junit.AutoTests" name="[63] /home/travis/build/icyphy/ptII/ptolemy/domains/de/test/auto/ResettableTimer6.xml (RunModel)" time="0.015" />
  <testcase classname="ptolemy.util.test.junit.AutoTests" name="[64] /home/travis/build/icyphy/ptII/ptolemy/domains/de/test/auto/ServerZeroDelay.xml (RunModel)" time="0.009" />
  <testcase classname="ptolemy.util.test.junit.AutoTests" name="[65] /home/travis/build/icyphy/ptII/ptolemy/domains/de/test/auto/SmartSender.xml (RunModel)" time="3.007" />
  <testcase classname="ptolemy.util.test.junit.AutoTests" name="[66] /home/travis/build/icyphy/ptII/ptolemy/domains/de/test/auto/ThreadedComposite.xml (RunModel)" time="0.111" />
  <testcase classname="ptolemy.util.test.junit.AutoTests" name="[67] /home/travis/build/icyphy/ptII/ptolemy/domains/de/test/auto/Time.xml (RunModel)" time="0.35" />
  <testcase classname="ptolemy.util.test.junit.AutoTests" name="[68] /home/travis/build/icyphy/ptII/ptolemy/domains/de/test/auto/TimeDelayZeroDelay.xml (RunModel)" time="0.014" />
  <testcase classname="ptolemy.util.test.junit.AutoTests" name="[69] /home/travis/build/icyphy/ptII/ptolemy/domains/de/test/auto/TimerZeroDelay.xml (RunModel)" time="0.008" />
  <testcase classname="ptolemy.util.test.junit.AutoTests" name="[70] /home/travis/build/icyphy/ptII/ptolemy/domains/de/test/auto/TimingParadox.xml (RunModel)" time="0.294" />
  <testcase classname="ptolemy.util.test.junit.AutoTests" name="[71] /home/travis/build/icyphy/ptII/ptolemy/domains/de/test/auto/TransferInputs.xml (RunModel)" time="0.014" />
  <testcase classname="ptolemy.util.test.junit.AutoTests" name="[72] /home/travis/build/icyphy/ptII/ptolemy/domains/de/test/auto/TransferOutputs2.xml (RunModel)" time="0.019" />
  <testcase classname="ptolemy.util.test.junit.AutoTests" name="[73] /home/travis/build/icyphy/ptII/ptolemy/domains/de/test/auto/Trilateration.xml (RunModel)" time="9.867" />
  <testcase classname="ptolemy.util.test.junit.AutoTests" name="[74] /home/travis/build/icyphy/ptII/ptolemy/domains/de/test/auto/TwoSigmaDelta.xml (RunModel)" time="1.766" />
  <testcase classname="ptolemy.util.test.junit.AutoTests" name="[75] /home/travis/build/icyphy/ptII/ptolemy/domains/de/test/auto/VariableDelay.xml (RunModel)" time="0.01" />
  <testcase classname="ptolemy.util.test.junit.AutoTests" name="[76] /home/travis/build/icyphy/ptII/ptolemy/domains/de/test/auto/VariableDelay2.xml (RunModel)" time="0.007" />
  <testcase classname="ptolemy.util.test.junit.AutoTests" name="[77] /home/travis/build/icyphy/ptII/ptolemy/domains/de/test/auto/VariableDelayZeroDelay.xml (RunModel)" time="0.01" />
  <testcase classname="ptolemy.util.test.junit.AutoTests" name="[78] /home/travis/build/icyphy/ptII/ptolemy/domains/de/test/auto/VariableDelayZeroDelay2.xml (RunModel)" time="0.007" />
  <testcase classname="ptolemy.util.test.junit.AutoTests" name="[79] /home/travis/build/icyphy/ptII/ptolemy/domains/de/test/auto/deInCt.xml (RunModel)" time="0.013" />
  <testcase classname="ptolemy.util.test.junit.AutoTests" name="[80] /home/travis/build/icyphy/ptII/ptolemy/domains/de/test/auto/deInCt2.xml (RunModel)" time="0.012" />
  <testcase classname="ptolemy.util.test.junit.AutoTests" name="[81] /home/travis/build/icyphy/ptII/ptolemy/domains/de/test/auto/dynamicCausalityInterface1.xml (RunModel)" time="0.015" />
  <testcase classname="ptolemy.util.test.junit.AutoTests" name="[82] /home/travis/build/icyphy/ptII/ptolemy/domains/de/test/auto/fsm_de_test.xml (RunModel)" time="0.02" />
  <testcase classname="ptolemy.util.test.junit.AutoTests" name="[83] /home/travis/build/icyphy/ptII/ptolemy/domains/de/test/auto/functionDependencyReconstruction.xml (RunModel)" time="0.027" />
  <testcase classname="ptolemy.util.test.junit.AutoTests" name="[84] /home/travis/build/icyphy/ptII/ptolemy/domains/de/test/auto/multirate.xml (RunModel)" time="0.013" />
  <testcase classname="ptolemy.util.test.junit.AutoTests" name="[85] /home/travis/build/icyphy/ptII/ptolemy/domains/de/test/auto/multirate2.xml (RunModel)" time="0.017" />
  <testcase classname="ptolemy.util.test.junit.AutoTests" name="[86] /home/travis/build/icyphy/ptII/ptolemy/domains/de/test/auto/realtime.xml (RunModel)" time="10.009" />
  <testcase classname="ptolemy.util.test.junit.AutoTests" name="[87] /home/travis/build/icyphy/ptII/ptolemy/domains/de/test/auto/relationGroup.xml (RunModel)" time="0.008" />
  <testcase classname="ptolemy.util.test.junit.AutoTests" name="[88] /home/travis/build/icyphy/ptII/ptolemy/domains/de/test/auto/relationGroup2.xml (RunModel)" time="0.014" />
  <testcase classname="ptolemy.util.test.junit.AutoTests" name="[89] /home/travis/build/icyphy/ptII/ptolemy/domains/de/test/auto/sortWithOpaquePorts.xml (RunModel)" time="0.013" />
  <testcase classname="ptolemy.util.test.junit.AutoTests" name="[90] /home/travis/build/icyphy/ptII/ptolemy/domains/de/test/auto/transferInputsandOutputs.xml (RunModel)" time="0.015" />
  <testcase classname="ptolemy.util.test.junit.AutoTests" name="[91] /home/travis/build/icyphy/ptII/ptolemy/domains/de/test/auto/triggerType.xml (RunModel)" time="0.008" />
  <system-out><![CDATA[/home/travis/build/icyphy/ptII/ptolemy/domains/de/test/DependencyLoop.tcl
testDefs.tcl: setting time out to 9000 seconds at Fri Mar 27 13:36:26 UTC 2020
62 ms. Memory: 129024K Free: 78278K (61%)
29 ms. Memory: 129024K Free: 60863K (47%)
/home/travis/build/icyphy/ptII/ptolemy/domains/de/test/RunDETestsAsQSS.tcl
Run the DE tests using ptolemy.domains.qss.test.QSSDirectorTest, which extends QSSDirector and prints a message in the constructors.
------------------ testing $PTII/ptolemy/domains/de/test/auto/knownFailedTests/DirectFeedback.xml (Known Failure) 
51 ms. Memory: 129024K Free: 55240K (43%)


==== $PTIIhome/travis/build/icyphy/ptII/ptolemy/domains/de/test/../../../../: Auto Automatic test in file $PTII/ptolemy/domains/de/test/auto/knownFailedTests/DirectFeedback.xml
==== Contents of test case:

	    # FIXME: we should use $relativeFilename here, but it
	    # might have backslashes under Windows, which causes no end
	    # of trouble.
	    createAndExecute $file
	    list {}
	
.... Test generated KNOWN error:
    while executing
ptolemy.kernel.util.IllegalActionException: Test fails in iteration 1.
Value was: 1.0. Should have been: 2.0
  in .DirectFeedback.Test
	at ptolemy.actor.lib.Test.fire(Test.java:268)
	at ptolemy.domains.de.kernel.DEDirector._fire(DEDirector.java:1949)
	at ptolemy.domains.de.kernel.DEDirector.fire(DEDirector.java:502)
	at ptolemy.actor.CompositeActor.fire(CompositeActor.java:455)
	at ptolemy.actor.Manager.iterate(Manager.java:851)
	at ptolemy.actor.Manager.execute(Manager.java:369)
	at ptolemy.actor.Manager.run(Manager.java:1263)
	at ptolemy.actor.Manager$PtolemyRunThread.run(Manager.java:1933)

    while executing
ptolemy.kernel.util.IllegalActionException: Test fails in iteration 1.
Value was: 1.0. Should have been: 2.0
  in .DirectFeedback.Test
    while executing
"java::new ptolemy.moml.MoMLSimpleApplication $file
"
    (procedure "createAndExecute" line 2)
    invoked from within
"createAndExecute $file"
    ("uplevel" body line 5)
    invoked from within
"uplevel $contents_of_test"
------------------ testing $PTII/ptolemy/domains/de/test/auto/knownFailedTests/dependencyLoop.xml (Known Failure) 
14 ms. Memory: 129024K Free: 52168K (40%)


==== $PTIIhome/travis/build/icyphy/ptII/ptolemy/domains/de/test/../../../../: Auto Automatic test in file $PTII/ptolemy/domains/de/test/auto/knownFailedTests/dependencyLoop.xml
==== Contents of test case:

	    # FIXME: we should use $relativeFilename here, but it
	    # might have backslashes under Windows, which causes no end
	    # of trouble.
	    createAndExecute $file
	    list {}
	
.... Test generated KNOWN error:
    while executing
ptolemy.kernel.util.IllegalActionException: Found a zero delay loop containing .dependencyLoop.original
  in .dependencyLoop and .dependencyLoop.original
	at ptolemy.actor.util.CausalityInterfaceForComposites._computeOutputPortDepth(CausalityInterfaceForComposites.java:759)
	at ptolemy.actor.util.CausalityInterfaceForComposites._computeInputDepth(CausalityInterfaceForComposites.java:696)
	at ptolemy.actor.util.CausalityInterfaceForComposites._computeOutputPortDepth(CausalityInterfaceForComposites.java:765)
	at ptolemy.actor.util.CausalityInterfaceForComposites._computeInputDepth(CausalityInterfaceForComposites.java:696)
	at ptolemy.actor.util.CausalityInterfaceForComposites._computeOutputPortDepth(CausalityInterfaceForComposites.java:765)
	at ptolemy.actor.util.CausalityInterfaceForComposites._computeInputDepth(CausalityInterfaceForComposites.java:696)
	at ptolemy.actor.util.CausalityInterfaceForComposites._computeActorDepth(CausalityInterfaceForComposites.java:532)
	at ptolemy.actor.util.CausalityInterfaceForComposites.checkForCycles(CausalityInterfaceForComposites.java:96)
	at ptolemy.domains.de.kernel.DEDirector.preinitialize(DEDirector.java:1338)
	at ptolemy.actor.CompositeActor.preinitialize(CompositeActor.java:1828)
	at ptolemy.actor.Manager.preinitializeAndResolveTypes(Manager.java:1040)
	at ptolemy.actor.Manager.initialize(Manager.java:710)
	at ptolemy.actor.Manager.execute(Manager.java:356)
	at ptolemy.actor.Manager.run(Manager.java:1263)
	at ptolemy.actor.Manager$PtolemyRunThread.run(Manager.java:1933)

    while executing
ptolemy.kernel.util.IllegalActionException: Found a zero delay loop containing .dependencyLoop.original
  in .dependencyLoop and .dependencyLoop.original
    while executing
"java::new ptolemy.moml.MoMLSimpleApplication $file
"
    (procedure "createAndExecute" line 2)
    invoked from within
"createAndExecute $file"
    ("uplevel" body line 5)
    invoked from within
"uplevel $contents_of_test"
------------------ testing $PTII/ptolemy/domains/de/test/auto/knownFailedTests/FSMSource.xml (Known Failure) 
70 ms. Memory: 129024K Free: 111203K (86%)
!!!! Auto was marked as failing, but now passes
------------------ testing $PTII/ptolemy/domains/de/test/auto/knownFailedTests/HierarchicalModel.xml (Known Failure) 
7 ms. Memory: 129024K Free: 93819K (73%)


==== $PTIIhome/travis/build/icyphy/ptII/ptolemy/domains/de/test/../../../../: Auto Automatic test in file $PTII/ptolemy/domains/de/test/auto/knownFailedTests/HierarchicalModel.xml
==== Contents of test case:

	    # FIXME: we should use $relativeFilename here, but it
	    # might have backslashes under Windows, which causes no end
	    # of trouble.
	    createAndExecute $file
	    list {}
	
.... Test generated KNOWN error:
    while executing
ptolemy.kernel.util.IllegalActionException: Found a zero delay loop containing .HierarchicalModel.A
  in .HierarchicalModel and .HierarchicalModel.A
	at ptolemy.actor.util.CausalityInterfaceForComposites._computeOutputPortDepth(CausalityInterfaceForComposites.java:759)
	at ptolemy.actor.util.CausalityInterfaceForComposites._computeInputDepth(CausalityInterfaceForComposites.java:696)
	at ptolemy.actor.util.CausalityInterfaceForComposites._computeOutputPortDepth(CausalityInterfaceForComposites.java:765)
	at ptolemy.actor.util.CausalityInterfaceForComposites._computeInputDepth(CausalityInterfaceForComposites.java:696)
	at ptolemy.actor.util.CausalityInterfaceForComposites._computeOutputPortDepth(CausalityInterfaceForComposites.java:765)
	at ptolemy.actor.util.CausalityInterfaceForComposites._computeInputDepth(CausalityInterfaceForComposites.java:696)
	at ptolemy.actor.util.CausalityInterfaceForComposites._computeActorDepth(CausalityInterfaceForComposites.java:532)
	at ptolemy.actor.util.CausalityInterfaceForComposites.checkForCycles(CausalityInterfaceForComposites.java:96)
	at ptolemy.domains.de.kernel.DEDirector.preinitialize(DEDirector.java:1338)
	at ptolemy.actor.CompositeActor.preinitialize(CompositeActor.java:1828)
	at ptolemy.actor.Manager.preinitializeAndResolveTypes(Manager.java:1040)
	at ptolemy.actor.Manager.initialize(Manager.java:710)
	at ptolemy.actor.Manager.execute(Manager.java:356)
	at ptolemy.actor.Manager.run(Manager.java:1263)
	at ptolemy.actor.Manager$PtolemyRunThread.run(Manager.java:1933)

    while executing
ptolemy.kernel.util.IllegalActionException: Found a zero delay loop containing .HierarchicalModel.A
  in .HierarchicalModel and .HierarchicalModel.A
    while executing
"java::new ptolemy.moml.MoMLSimpleApplication $file
"
    (procedure "createAndExecute" line 2)
    invoked from within
"createAndExecute $file"
    ("uplevel" body line 5)
    invoked from within
"uplevel $contents_of_test"
------------------ testing $PTII/ptolemy/domains/de/test/auto/knownFailedTests/dependencyLoop2.xml (Known Failure) 
4 ms. Memory: 129024K Free: 77427K (60%)


==== $PTIIhome/travis/build/icyphy/ptII/ptolemy/domains/de/test/../../../../: Auto Automatic test in file $PTII/ptolemy/domains/de/test/auto/knownFailedTests/dependencyLoop2.xml
==== Contents of test case:

	    # FIXME: we should use $relativeFilename here, but it
	    # might have backslashes under Windows, which causes no end
	    # of trouble.
	    createAndExecute $file
	    list {}
	
.... Test generated KNOWN error:
    while executing
ptolemy.kernel.util.IllegalActionException: Found a zero delay loop containing .dependencyLoop2.original
  in .dependencyLoop2 and .dependencyLoop2.original
	at ptolemy.actor.util.CausalityInterfaceForComposites._computeOutputPortDepth(CausalityInterfaceForComposites.java:759)
	at ptolemy.actor.util.CausalityInterfaceForComposites._computeInputDepth(CausalityInterfaceForComposites.java:696)
	at ptolemy.actor.util.CausalityInterfaceForComposites._computeOutputPortDepth(CausalityInterfaceForComposites.java:765)
	at ptolemy.actor.util.CausalityInterfaceForComposites._computeInputDepth(CausalityInterfaceForComposites.java:696)
	at ptolemy.actor.util.CausalityInterfaceForComposites._computeOutputPortDepth(CausalityInterfaceForComposites.java:765)
	at ptolemy.actor.util.CausalityInterfaceForComposites._computeInputDepth(CausalityInterfaceForComposites.java:696)
	at ptolemy.actor.util.CausalityInterfaceForComposites._computeActorDepth(CausalityInterfaceForComposites.java:532)
	at ptolemy.actor.util.CausalityInterfaceForComposites.checkForCycles(CausalityInterfaceForComposites.java:96)
	at ptolemy.domains.de.kernel.DEDirector.preinitialize(DEDirector.java:1338)
	at ptolemy.actor.CompositeActor.preinitialize(CompositeActor.java:1828)
	at ptolemy.actor.Manager.preinitializeAndResolveTypes(Manager.java:1040)
	at ptolemy.actor.Manager.initialize(Manager.java:710)
	at ptolemy.actor.Manager.execute(Manager.java:356)
	at ptolemy.actor.Manager.run(Manager.java:1263)
	at ptolemy.actor.Manager$PtolemyRunThread.run(Manager.java:1933)

    while executing
ptolemy.kernel.util.IllegalActionException: Found a zero delay loop containing .dependencyLoop2.original
  in .dependencyLoop2 and .dependencyLoop2.original
    while executing
"java::new ptolemy.moml.MoMLSimpleApplication $file
"
    (procedure "createAndExecute" line 2)
    invoked from within
"createAndExecute $file"
    ("uplevel" body line 5)
    invoked from within
"uplevel $contents_of_test"
------------------ testing $PTII/ptolemy/domains/de/test/auto/knownFailedTests/DESDFClockTest.xml (Known Failure) 
2057 ms. Memory: 129024K Free: 108273K (84%)


==== $PTIIhome/travis/build/icyphy/ptII/ptolemy/domains/de/test/../../../../: Auto Automatic test in file $PTII/ptolemy/domains/de/test/auto/knownFailedTests/DESDFClockTest.xml
==== Contents of test case:

	    # FIXME: we should use $relativeFilename here, but it
	    # might have backslashes under Windows, which causes no end
	    # of trouble.
	    createAndExecute $file
	    list {}
	
.... Test generated KNOWN error:
    while executing
ptolemy.kernel.util.IllegalActionException: Actor is not ready to fire.  Perhaps UpSample.prefire() returned false? Try debugging the actor by selecting "Listen to Actor".  Also, for SDF check moml for tokenConsumptionRate on input.
  in .DESDFClockTest.Play Bell.Copy1:SDF Director and .DESDFClockTest.Play Bell.UpSample
	at ptolemy.actor.sched.StaticSchedulingDirector.fire(StaticSchedulingDirector.java:227)
	at ptolemy.domains.sdf.kernel.SDFDirector.fire(SDFDirector.java:500)
	at ptolemy.actor.CompositeActor.fire(CompositeActor.java:455)
	at ptolemy.domains.de.kernel.DEDirector._fire(DEDirector.java:1949)
	at ptolemy.domains.de.kernel.DEDirector.fire(DEDirector.java:502)
	at ptolemy.actor.CompositeActor.fire(CompositeActor.java:455)
	at ptolemy.actor.Manager.iterate(Manager.java:851)
	at ptolemy.actor.Manager.execute(Manager.java:369)
	at ptolemy.actor.Manager.run(Manager.java:1263)
	at ptolemy.actor.Manager$PtolemyRunThread.run(Manager.java:1933)

    while executing
ptolemy.kernel.util.IllegalActionException: Actor is not ready to fire.  Perhaps UpSample.prefire() returned false? Try debugging the actor by selecting "Listen to Actor".  Also, for SDF check moml for tokenConsumptionRate on input.
  in .DESDFClockTest.Play Bell.Copy1:SDF Director and .DESDFClockTest.Play Bell.UpSample
    while executing
"java::new ptolemy.moml.MoMLSimpleApplication $file
"
    (procedure "createAndExecute" line 2)
    invoked from within
"createAndExecute $file"
    ("uplevel" body line 5)
    invoked from within
"uplevel $contents_of_test"
------------------ testing $PTII/ptolemy/domains/de/test/auto/ActorDepthCalculation_actorWithoutPorts.xml
auto.tcl: Setting watchdog for 200 seconds at Fri Mar 27 13:36:30 UTC 2020
3 ms. Memory: 129024K Free: 100577K (78%)
ptolemy.util.test.WatchDog.cancel(): canceling Fri Mar 27 13:36:30 UTC 2020
auto.tcl: Setting watchdog for 200 seconds at Fri Mar 27 13:36:30 UTC 2020
7 ms. Memory: 129024K Free: 99057K (77%)
ptolemy.util.test.WatchDog.cancel(): canceling Fri Mar 27 13:36:30 UTC 2020
------------------ testing $PTII/ptolemy/domains/de/test/auto/AssemblyLine.xml
auto.tcl: Setting watchdog for 200 seconds at Fri Mar 27 13:36:30 UTC 2020
7 ms. Memory: 51200K Free: 27756K (54%)
ptolemy.util.test.WatchDog.cancel(): canceling Fri Mar 27 13:36:30 UTC 2020
auto.tcl: Setting watchdog for 200 seconds at Fri Mar 27 13:36:30 UTC 2020
5 ms. Memory: 51200K Free: 27264K (53%)
ptolemy.util.test.WatchDog.cancel(): canceling Fri Mar 27 13:36:30 UTC 2020
------------------ testing $PTII/ptolemy/domains/de/test/auto/CQBug1.xml
auto.tcl: Setting watchdog for 200 seconds at Fri Mar 27 13:36:30 UTC 2020
2 ms. Memory: 51200K Free: 33253K (65%)
ptolemy.util.test.WatchDog.cancel(): canceling Fri Mar 27 13:36:31 UTC 2020
auto.tcl: Setting watchdog for 200 seconds at Fri Mar 27 13:36:31 UTC 2020
2 ms. Memory: 51200K Free: 33253K (65%)
ptolemy.util.test.WatchDog.cancel(): canceling Fri Mar 27 13:36:31 UTC 2020
------------------ testing $PTII/ptolemy/domains/de/test/auto/CancelFireAt.xml
auto.tcl: Setting watchdog for 200 seconds at Fri Mar 27 13:36:31 UTC 2020
3 ms. Memory: 48128K Free: 31685K (66%)
ptolemy.util.test.WatchDog.cancel(): canceling Fri Mar 27 13:36:31 UTC 2020
auto.tcl: Setting watchdog for 200 seconds at Fri Mar 27 13:36:31 UTC 2020
2 ms. Memory: 48128K Free: 31219K (65%)
ptolemy.util.test.WatchDog.cancel(): canceling Fri Mar 27 13:36:31 UTC 2020
------------------ testing $PTII/ptolemy/domains/de/test/auto/CausalityAndComposabilityAnalysis.xml
auto.tcl: Setting watchdog for 200 seconds at Fri Mar 27 13:36:31 UTC 2020
15 ms. Memory: 48128K Free: 29382K (61%)
ptolemy.util.test.WatchDog.cancel(): canceling Fri Mar 27 13:36:31 UTC 2020
auto.tcl: Setting watchdog for 200 seconds at Fri Mar 27 13:36:31 UTC 2020
4 ms. Memory: 48128K Free: 28933K (60%)
ptolemy.util.test.WatchDog.cancel(): canceling Fri Mar 27 13:36:31 UTC 2020
------------------ testing $PTII/ptolemy/domains/de/test/auto/CausalityInterface1.xml
auto.tcl: Setting watchdog for 200 seconds at Fri Mar 27 13:36:31 UTC 2020
20 ms. Memory: 48128K Free: 28356K (59%)
ptolemy.util.test.WatchDog.cancel(): canceling Fri Mar 27 13:36:31 UTC 2020
auto.tcl: Setting watchdog for 200 seconds at Fri Mar 27 13:36:31 UTC 2020
3 ms. Memory: 48128K Free: 27358K (57%)
ptolemy.util.test.WatchDog.cancel(): canceling Fri Mar 27 13:36:31 UTC 2020
------------------ testing $PTII/ptolemy/domains/de/test/auto/CausalityInterface15.xml
auto.tcl: Setting watchdog for 200 seconds at Fri Mar 27 13:36:31 UTC 2020
9 ms. Memory: 48128K Free: 28284K (59%)
ptolemy.util.test.WatchDog.cancel(): canceling Fri Mar 27 13:36:31 UTC 2020
auto.tcl: Setting watchdog for 200 seconds at Fri Mar 27 13:36:31 UTC 2020
3 ms. Memory: 48128K Free: 27338K (57%)
ptolemy.util.test.WatchDog.cancel(): canceling Fri Mar 27 13:36:31 UTC 2020
------------------ testing $PTII/ptolemy/domains/de/test/auto/CausalityInterface2.xml
auto.tcl: Setting watchdog for 200 seconds at Fri Mar 27 13:36:31 UTC 2020
8 ms. Memory: 48128K Free: 29009K (60%)
ptolemy.util.test.WatchDog.cancel(): canceling Fri Mar 27 13:36:31 UTC 2020
auto.tcl: Setting watchdog for 200 seconds at Fri Mar 27 13:36:31 UTC 2020
5 ms. Memory: 48128K Free: 27867K (58%)
ptolemy.util.test.WatchDog.cancel(): canceling Fri Mar 27 13:36:31 UTC 2020
------------------ testing $PTII/ptolemy/domains/de/test/auto/CausalityInterface3.xml
auto.tcl: Setting watchdog for 200 seconds at Fri Mar 27 13:36:31 UTC 2020
6 ms. Memory: 48128K Free: 28538K (59%)
ptolemy.util.test.WatchDog.cancel(): canceling Fri Mar 27 13:36:31 UTC 2020
auto.tcl: Setting watchdog for 200 seconds at Fri Mar 27 13:36:31 UTC 2020
1 ms. Memory: 48128K Free: 28107K (58%)
ptolemy.util.test.WatchDog.cancel(): canceling Fri Mar 27 13:36:31 UTC 2020
------------------ testing $PTII/ptolemy/domains/de/test/auto/ClockDrift.xml
auto.tcl: Setting watchdog for 200 seconds at Fri Mar 27 13:36:31 UTC 2020
73 ms. Memory: 48128K Free: 21122K (44%)
ptolemy.util.test.WatchDog.cancel(): canceling Fri Mar 27 13:36:31 UTC 2020
auto.tcl: Setting watchdog for 200 seconds at Fri Mar 27 13:36:31 UTC 2020
42 ms. Memory: 48128K Free: 17691K (37%)
ptolemy.util.test.WatchDog.cancel(): canceling Fri Mar 27 13:36:31 UTC 2020
------------------ testing $PTII/ptolemy/domains/de/test/auto/ClockDriftAndValueChange.xml
auto.tcl: Setting watchdog for 200 seconds at Fri Mar 27 13:36:31 UTC 2020
38 ms. Memory: 48128K Free: 21202K (44%)
ptolemy.util.test.WatchDog.cancel(): canceling Fri Mar 27 13:36:31 UTC 2020
auto.tcl: Setting watchdog for 200 seconds at Fri Mar 27 13:36:31 UTC 2020
24 ms. Memory: 48128K Free: 18367K (38%)
ptolemy.util.test.WatchDog.cancel(): canceling Fri Mar 27 13:36:31 UTC 2020
------------------ testing $PTII/ptolemy/domains/de/test/auto/ClockDriftChange.xml
auto.tcl: Setting watchdog for 200 seconds at Fri Mar 27 13:36:31 UTC 2020
24 ms. Memory: 48128K Free: 23242K (48%)
ptolemy.util.test.WatchDog.cancel(): canceling Fri Mar 27 13:36:31 UTC 2020
auto.tcl: Setting watchdog for 200 seconds at Fri Mar 27 13:36:31 UTC 2020
20 ms. Memory: 48128K Free: 20662K (43%)
ptolemy.util.test.WatchDog.cancel(): canceling Fri Mar 27 13:36:32 UTC 2020
------------------ testing $PTII/ptolemy/domains/de/test/auto/ComposableCausalityAnalysis.xml
auto.tcl: Setting watchdog for 200 seconds at Fri Mar 27 13:36:32 UTC 2020
1 ms. Memory: 48128K Free: 27890K (58%)
ptolemy.util.test.WatchDog.cancel(): canceling Fri Mar 27 13:36:32 UTC 2020
auto.tcl: Setting watchdog for 200 seconds at Fri Mar 27 13:36:32 UTC 2020
4 ms. Memory: 48128K Free: 26844K (56%)
ptolemy.util.test.WatchDog.cancel(): canceling Fri Mar 27 13:36:32 UTC 2020
------------------ testing $PTII/ptolemy/domains/de/test/auto/DEFixedPointLimitation.xml
auto.tcl: Setting watchdog for 200 seconds at Fri Mar 27 13:36:32 UTC 2020
2 ms. Memory: 48128K Free: 29194K (61%)
ptolemy.util.test.WatchDog.cancel(): canceling Fri Mar 27 13:36:32 UTC 2020
auto.tcl: Setting watchdog for 200 seconds at Fri Mar 27 13:36:32 UTC 2020
1 ms. Memory: 48128K Free: 28304K (59%)
ptolemy.util.test.WatchDog.cancel(): canceling Fri Mar 27 13:36:32 UTC 2020
------------------ testing $PTII/ptolemy/domains/de/test/auto/DEScheduleTest.xml
auto.tcl: Setting watchdog for 200 seconds at Fri Mar 27 13:36:32 UTC 2020
6 ms. Memory: 48128K Free: 29517K (61%)
ptolemy.util.test.WatchDog.cancel(): canceling Fri Mar 27 13:36:32 UTC 2020
auto.tcl: Setting watchdog for 200 seconds at Fri Mar 27 13:36:32 UTC 2020
2 ms. Memory: 48128K Free: 28753K (60%)
ptolemy.util.test.WatchDog.cancel(): canceling Fri Mar 27 13:36:32 UTC 2020
------------------ testing $PTII/ptolemy/domains/de/test/auto/DEinDEwithStartTimes.xml
auto.tcl: Setting watchdog for 200 seconds at Fri Mar 27 13:36:32 UTC 2020
4 ms. Memory: 48128K Free: 27697K (58%)
ptolemy.util.test.WatchDog.cancel(): canceling Fri Mar 27 13:36:32 UTC 2020
auto.tcl: Setting watchdog for 200 seconds at Fri Mar 27 13:36:32 UTC 2020
5 ms. Memory: 48128K Free: 26656K (55%)
ptolemy.util.test.WatchDog.cancel(): canceling Fri Mar 27 13:36:32 UTC 2020
------------------ testing $PTII/ptolemy/domains/de/test/auto/DEinDEwithStartTimes2.xml
auto.tcl: Setting watchdog for 200 seconds at Fri Mar 27 13:36:32 UTC 2020
6 ms. Memory: 48128K Free: 26888K (56%)
ptolemy.util.test.WatchDog.cancel(): canceling Fri Mar 27 13:36:32 UTC 2020
auto.tcl: Setting watchdog for 200 seconds at Fri Mar 27 13:36:32 UTC 2020
3 ms. Memory: 48128K Free: 25611K (53%)
ptolemy.util.test.WatchDog.cancel(): canceling Fri Mar 27 13:36:32 UTC 2020
------------------ testing $PTII/ptolemy/domains/de/test/auto/DateDemo.xml
auto.tcl: Setting watchdog for 200 seconds at Fri Mar 27 13:36:32 UTC 2020
24 ms. Memory: 48128K Free: 21018K (44%)
ptolemy.util.test.WatchDog.cancel(): canceling Fri Mar 27 13:36:32 UTC 2020
auto.tcl: Setting watchdog for 200 seconds at Fri Mar 27 13:36:32 UTC 2020
17 ms. Memory: 48128K Free: 19696K (41%)
ptolemy.util.test.WatchDog.cancel(): canceling Fri Mar 27 13:36:32 UTC 2020
------------------ testing $PTII/ptolemy/domains/de/test/auto/DateToEvent.xml
auto.tcl: Setting watchdog for 200 seconds at Fri Mar 27 13:36:32 UTC 2020
2011 ms. Memory: 48128K Free: 17175K (36%)
ptolemy.util.test.WatchDog.cancel(): canceling Fri Mar 27 13:36:34 UTC 2020
auto.tcl: Setting watchdog for 200 seconds at Fri Mar 27 13:36:34 UTC 2020
2004 ms. Memory: 48128K Free: 16401K (34%)
ptolemy.util.test.WatchDog.cancel(): canceling Fri Mar 27 13:36:36 UTC 2020
------------------ testing $PTII/ptolemy/domains/de/test/auto/DepthTest1.xml
auto.tcl: Setting watchdog for 200 seconds at Fri Mar 27 13:36:36 UTC 2020
2 ms. Memory: 48128K Free: 30320K (63%)
ptolemy.util.test.WatchDog.cancel(): canceling Fri Mar 27 13:36:36 UTC 2020
auto.tcl: Setting watchdog for 200 seconds at Fri Mar 27 13:36:36 UTC 2020
1 ms. Memory: 48128K Free: 29903K (62%)
ptolemy.util.test.WatchDog.cancel(): canceling Fri Mar 27 13:36:36 UTC 2020
------------------ testing $PTII/ptolemy/domains/de/test/auto/DepthTest2.xml
auto.tcl: Setting watchdog for 200 seconds at Fri Mar 27 13:36:36 UTC 2020
3 ms. Memory: 48128K Free: 27159K (56%)
ptolemy.util.test.WatchDog.cancel(): canceling Fri Mar 27 13:36:36 UTC 2020
auto.tcl: Setting watchdog for 200 seconds at Fri Mar 27 13:36:36 UTC 2020
3 ms. Memory: 48128K Free: 26728K (56%)
ptolemy.util.test.WatchDog.cancel(): canceling Fri Mar 27 13:36:36 UTC 2020
------------------ testing $PTII/ptolemy/domains/de/test/auto/DepthTest3.xml
auto.tcl: Setting watchdog for 200 seconds at Fri Mar 27 13:36:36 UTC 2020
4 ms. Memory: 48128K Free: 30651K (64%)
ptolemy.util.test.WatchDog.cancel(): canceling Fri Mar 27 13:36:36 UTC 2020
auto.tcl: Setting watchdog for 200 seconds at Fri Mar 27 13:36:36 UTC 2020
1 ms. Memory: 48128K Free: 30221K (63%)
ptolemy.util.test.WatchDog.cancel(): canceling Fri Mar 27 13:36:36 UTC 2020
------------------ testing $PTII/ptolemy/domains/de/test/auto/DepthTest4.xml
auto.tcl: Setting watchdog for 200 seconds at Fri Mar 27 13:36:36 UTC 2020
3 ms. Memory: 48128K Free: 29001K (60%)
ptolemy.util.test.WatchDog.cancel(): canceling Fri Mar 27 13:36:36 UTC 2020
auto.tcl: Setting watchdog for 200 seconds at Fri Mar 27 13:36:36 UTC 2020
2 ms. Memory: 48128K Free: 28285K (59%)
ptolemy.util.test.WatchDog.cancel(): canceling Fri Mar 27 13:36:36 UTC 2020
------------------ testing $PTII/ptolemy/domains/de/test/auto/DepthTest5.xml
auto.tcl: Setting watchdog for 200 seconds at Fri Mar 27 13:36:36 UTC 2020
3 ms. Memory: 48128K Free: 28385K (59%)
ptolemy.util.test.WatchDog.cancel(): canceling Fri Mar 27 13:36:36 UTC 2020
auto.tcl: Setting watchdog for 200 seconds at Fri Mar 27 13:36:36 UTC 2020
5 ms. Memory: 48128K Free: 27612K (57%)
ptolemy.util.test.WatchDog.cancel(): canceling Fri Mar 27 13:36:36 UTC 2020
------------------ testing $PTII/ptolemy/domains/de/test/auto/DepthTest6.xml
auto.tcl: Setting watchdog for 200 seconds at Fri Mar 27 13:36:36 UTC 2020
3 ms. Memory: 48128K Free: 27891K (58%)
ptolemy.util.test.WatchDog.cancel(): canceling Fri Mar 27 13:36:37 UTC 2020
auto.tcl: Setting watchdog for 200 seconds at Fri Mar 27 13:36:37 UTC 2020
2 ms. Memory: 48128K Free: 27175K (56%)
ptolemy.util.test.WatchDog.cancel(): canceling Fri Mar 27 13:36:37 UTC 2020
------------------ testing $PTII/ptolemy/domains/de/test/auto/DepthTest7.xml
auto.tcl: Setting watchdog for 200 seconds at Fri Mar 27 13:36:37 UTC 2020
2 ms. Memory: 48128K Free: 28926K (60%)
ptolemy.util.test.WatchDog.cancel(): canceling Fri Mar 27 13:36:37 UTC 2020
auto.tcl: Setting watchdog for 200 seconds at Fri Mar 27 13:36:37 UTC 2020
2 ms. Memory: 48128K Free: 28210K (59%)
ptolemy.util.test.WatchDog.cancel(): canceling Fri Mar 27 13:36:37 UTC 2020
------------------ testing $PTII/ptolemy/domains/de/test/auto/EventToDate.xml
auto.tcl: Setting watchdog for 200 seconds at Fri Mar 27 13:36:37 UTC 2020
3007 ms. Memory: 48128K Free: 19495K (41%)
ptolemy.util.test.WatchDog.cancel(): canceling Fri Mar 27 13:36:40 UTC 2020
auto.tcl: Setting watchdog for 200 seconds at Fri Mar 27 13:36:40 UTC 2020
3005 ms. Memory: 48128K Free: 19000K (39%)
ptolemy.util.test.WatchDog.cancel(): canceling Fri Mar 27 13:36:43 UTC 2020
------------------ testing $PTII/ptolemy/domains/de/test/auto/FSM1.xml
auto.tcl: Setting watchdog for 200 seconds at Fri Mar 27 13:36:43 UTC 2020
30 ms. Memory: 48128K Free: 20914K (43%)
ptolemy.util.test.WatchDog.cancel(): canceling Fri Mar 27 13:36:43 UTC 2020
auto.tcl: Setting watchdog for 200 seconds at Fri Mar 27 13:36:43 UTC 2020
31 ms. Memory: 48128K Free: 17694K (37%)
ptolemy.util.test.WatchDog.cancel(): canceling Fri Mar 27 13:36:43 UTC 2020
------------------ testing $PTII/ptolemy/domains/de/test/auto/FSM7.xml
auto.tcl: Setting watchdog for 200 seconds at Fri Mar 27 13:36:43 UTC 2020
16 ms. Memory: 48128K Free: 20604K (43%)
ptolemy.util.test.WatchDog.cancel(): canceling Fri Mar 27 13:36:43 UTC 2020
auto.tcl: Setting watchdog for 200 seconds at Fri Mar 27 13:36:43 UTC 2020
24 ms. Memory: 48128K Free: 17488K (36%)
ptolemy.util.test.WatchDog.cancel(): canceling Fri Mar 27 13:36:43 UTC 2020
------------------ testing $PTII/ptolemy/domains/de/test/auto/Inspection.xml
auto.tcl: Setting watchdog for 200 seconds at Fri Mar 27 13:36:43 UTC 2020
26 ms. Memory: 48128K Free: 20635K (43%)
ptolemy.util.test.WatchDog.cancel(): canceling Fri Mar 27 13:36:43 UTC 2020
auto.tcl: Setting watchdog for 200 seconds at Fri Mar 27 13:36:43 UTC 2020
24 ms. Memory: 48128K Free: 18911K (39%)
ptolemy.util.test.WatchDog.cancel(): canceling Fri Mar 27 13:36:43 UTC 2020
------------------ testing $PTII/ptolemy/domains/de/test/auto/Iteration.xml
auto.tcl: Setting watchdog for 200 seconds at Fri Mar 27 13:36:43 UTC 2020
5 ms. Memory: 48128K Free: 26389K (55%)
ptolemy.util.test.WatchDog.cancel(): canceling Fri Mar 27 13:36:43 UTC 2020
auto.tcl: Setting watchdog for 200 seconds at Fri Mar 27 13:36:43 UTC 2020
6 ms. Memory: 48128K Free: 24986K (52%)
ptolemy.util.test.WatchDog.cancel(): canceling Fri Mar 27 13:36:43 UTC 2020
------------------ testing $PTII/ptolemy/domains/de/test/auto/LineFault.xml
auto.tcl: Setting watchdog for 200 seconds at Fri Mar 27 13:36:43 UTC 2020
508 ms. Memory: 48128K Free: 23646K (49%)
ptolemy.util.test.WatchDog.cancel(): canceling Fri Mar 27 13:36:44 UTC 2020
auto.tcl: Setting watchdog for 200 seconds at Fri Mar 27 13:36:44 UTC 2020
462 ms. Memory: 59392K Free: 20730K (35%)
ptolemy.util.test.WatchDog.cancel(): canceling Fri Mar 27 13:36:44 UTC 2020
------------------ testing $PTII/ptolemy/domains/de/test/auto/MergeModel1Add.xml
auto.tcl: Setting watchdog for 200 seconds at Fri Mar 27 13:36:44 UTC 2020
16 ms. Memory: 55296K Free: 19539K (35%)
ptolemy.util.test.WatchDog.cancel(): canceling Fri Mar 27 13:36:44 UTC 2020
auto.tcl: Setting watchdog for 200 seconds at Fri Mar 27 13:36:44 UTC 2020
9 ms. Memory: 55296K Free: 17893K (32%)
ptolemy.util.test.WatchDog.cancel(): canceling Fri Mar 27 13:36:44 UTC 2020
------------------ testing $PTII/ptolemy/domains/de/test/auto/MergeModel2Add.xml
auto.tcl: Setting watchdog for 200 seconds at Fri Mar 27 13:36:45 UTC 2020
9 ms. Memory: 51200K Free: 17285K (34%)
ptolemy.util.test.WatchDog.cancel(): canceling Fri Mar 27 13:36:45 UTC 2020
auto.tcl: Setting watchdog for 200 seconds at Fri Mar 27 13:36:45 UTC 2020
7 ms. Memory: 51200K Free: 15538K (30%)
ptolemy.util.test.WatchDog.cancel(): canceling Fri Mar 27 13:36:45 UTC 2020
------------------ testing $PTII/ptolemy/domains/de/test/auto/MergeModel3Add.xml
auto.tcl: Setting watchdog for 200 seconds at Fri Mar 27 13:36:45 UTC 2020
8 ms. Memory: 51200K Free: 17523K (34%)
ptolemy.util.test.WatchDog.cancel(): canceling Fri Mar 27 13:36:45 UTC 2020
auto.tcl: Setting watchdog for 200 seconds at Fri Mar 27 13:36:45 UTC 2020
8 ms. Memory: 51200K Free: 15970K (31%)
ptolemy.util.test.WatchDog.cancel(): canceling Fri Mar 27 13:36:45 UTC 2020
------------------ testing $PTII/ptolemy/domains/de/test/auto/MergeWithoutDiscard.xml
auto.tcl: Setting watchdog for 200 seconds at Fri Mar 27 13:36:45 UTC 2020
2 ms. Memory: 51200K Free: 31879K (62%)
ptolemy.util.test.WatchDog.cancel(): canceling Fri Mar 27 13:36:45 UTC 2020
auto.tcl: Setting watchdog for 200 seconds at Fri Mar 27 13:36:45 UTC 2020
1 ms. Memory: 51200K Free: 31446K (61%)
ptolemy.util.test.WatchDog.cancel(): canceling Fri Mar 27 13:36:45 UTC 2020
------------------ testing $PTII/ptolemy/domains/de/test/auto/Modal1.xml
auto.tcl: Setting watchdog for 200 seconds at Fri Mar 27 13:36:45 UTC 2020
21 ms. Memory: 51200K Free: 24233K (47%)
ptolemy.util.test.WatchDog.cancel(): canceling Fri Mar 27 13:36:45 UTC 2020
auto.tcl: Setting watchdog for 200 seconds at Fri Mar 27 13:36:45 UTC 2020
21 ms. Memory: 51200K Free: 20949K (41%)
ptolemy.util.test.WatchDog.cancel(): canceling Fri Mar 27 13:36:45 UTC 2020
------------------ testing $PTII/ptolemy/domains/de/test/auto/Modal2.xml
auto.tcl: Setting watchdog for 200 seconds at Fri Mar 27 13:36:45 UTC 2020
15 ms. Memory: 51200K Free: 24110K (47%)
ptolemy.util.test.WatchDog.cancel(): canceling Fri Mar 27 13:36:45 UTC 2020
auto.tcl: Setting watchdog for 200 seconds at Fri Mar 27 13:36:45 UTC 2020
17 ms. Memory: 51200K Free: 20845K (41%)
ptolemy.util.test.WatchDog.cancel(): canceling Fri Mar 27 13:36:45 UTC 2020
------------------ testing $PTII/ptolemy/domains/de/test/auto/Modal3.xml
auto.tcl: Setting watchdog for 200 seconds at Fri Mar 27 13:36:45 UTC 2020
10 ms. Memory: 51200K Free: 23827K (47%)
ptolemy.util.test.WatchDog.cancel(): canceling Fri Mar 27 13:36:45 UTC 2020
auto.tcl: Setting watchdog for 200 seconds at Fri Mar 27 13:36:45 UTC 2020
11 ms. Memory: 51200K Free: 20876K (41%)
ptolemy.util.test.WatchDog.cancel(): canceling Fri Mar 27 13:36:45 UTC 2020
------------------ testing $PTII/ptolemy/domains/de/test/auto/Modal4.xml
auto.tcl: Setting watchdog for 200 seconds at Fri Mar 27 13:36:45 UTC 2020
12 ms. Memory: 51200K Free: 23081K (45%)
ptolemy.util.test.WatchDog.cancel(): canceling Fri Mar 27 13:36:45 UTC 2020
auto.tcl: Setting watchdog for 200 seconds at Fri Mar 27 13:36:45 UTC 2020
13 ms. Memory: 51200K Free: 19223K (38%)
ptolemy.util.test.WatchDog.cancel(): canceling Fri Mar 27 13:36:45 UTC 2020
------------------ testing $PTII/ptolemy/domains/de/test/auto/Modal5.xml
auto.tcl: Setting watchdog for 200 seconds at Fri Mar 27 13:36:45 UTC 2020
13 ms. Memory: 51200K Free: 23068K (45%)
ptolemy.util.test.WatchDog.cancel(): canceling Fri Mar 27 13:36:45 UTC 2020
auto.tcl: Setting watchdog for 200 seconds at Fri Mar 27 13:36:45 UTC 2020
13 ms. Memory: 51200K Free: 19209K (38%)
ptolemy.util.test.WatchDog.cancel(): canceling Fri Mar 27 13:36:45 UTC 2020
------------------ testing $PTII/ptolemy/domains/de/test/auto/Modal6.xml
auto.tcl: Setting watchdog for 200 seconds at Fri Mar 27 13:36:45 UTC 2020
15 ms. Memory: 51200K Free: 23854K (47%)
ptolemy.util.test.WatchDog.cancel(): canceling Fri Mar 27 13:36:45 UTC 2020
auto.tcl: Setting watchdog for 200 seconds at Fri Mar 27 13:36:45 UTC 2020
15 ms. Memory: 51200K Free: 19853K (39%)
ptolemy.util.test.WatchDog.cancel(): canceling Fri Mar 27 13:36:45 UTC 2020
------------------ testing $PTII/ptolemy/domains/de/test/auto/Modal7.xml
auto.tcl: Setting watchdog for 200 seconds at Fri Mar 27 13:36:45 UTC 2020
8 ms. Memory: 51200K Free: 22802K (45%)
ptolemy.util.test.WatchDog.cancel(): canceling Fri Mar 27 13:36:45 UTC 2020
auto.tcl: Setting watchdog for 200 seconds at Fri Mar 27 13:36:45 UTC 2020
10 ms. Memory: 51200K Free: 19209K (38%)
ptolemy.util.test.WatchDog.cancel(): canceling Fri Mar 27 13:36:45 UTC 2020
------------------ testing $PTII/ptolemy/domains/de/test/auto/ModalModel.xml
auto.tcl: Setting watchdog for 200 seconds at Fri Mar 27 13:36:45 UTC 2020
183 ms. Memory: 51200K Free: 13358K (26%)
ptolemy.util.test.WatchDog.cancel(): canceling Fri Mar 27 13:36:46 UTC 2020
auto.tcl: Setting watchdog for 200 seconds at Fri Mar 27 13:36:46 UTC 2020
193 ms. Memory: 65536K Free: 47014K (72%)
ptolemy.util.test.WatchDog.cancel(): canceling Fri Mar 27 13:36:46 UTC 2020
------------------ testing $PTII/ptolemy/domains/de/test/auto/ModalSource.xml
auto.tcl: Setting watchdog for 200 seconds at Fri Mar 27 13:36:46 UTC 2020
10 ms. Memory: 55296K Free: 31978K (58%)
ptolemy.util.test.WatchDog.cancel(): canceling Fri Mar 27 13:36:46 UTC 2020
auto.tcl: Setting watchdog for 200 seconds at Fri Mar 27 13:36:46 UTC 2020
6 ms. Memory: 55296K Free: 29930K (54%)
ptolemy.util.test.WatchDog.cancel(): canceling Fri Mar 27 13:36:46 UTC 2020
------------------ testing $PTII/ptolemy/domains/de/test/auto/NonInterruptibleTimerZeroDelay.xml
auto.tcl: Setting watchdog for 200 seconds at Fri Mar 27 13:36:46 UTC 2020
2 ms. Memory: 51200K Free: 32827K (64%)
ptolemy.util.test.WatchDog.cancel(): canceling Fri Mar 27 13:36:46 UTC 2020
auto.tcl: Setting watchdog for 200 seconds at Fri Mar 27 13:36:46 UTC 2020
2 ms. Memory: 51200K Free: 32168K (63%)
ptolemy.util.test.WatchDog.cancel(): canceling Fri Mar 27 13:36:46 UTC 2020
------------------ testing $PTII/ptolemy/domains/de/test/auto/OpenQueueingNetwork.xml
auto.tcl: Setting watchdog for 200 seconds at Fri Mar 27 13:36:46 UTC 2020
2697 ms. Memory: 113664K Free: 58544K (52%)
ptolemy.util.test.WatchDog.cancel(): canceling Fri Mar 27 13:36:49 UTC 2020
auto.tcl: Setting watchdog for 200 seconds at Fri Mar 27 13:36:49 UTC 2020
2223 ms. Memory: 137216K Free: 42632K (31%)
ptolemy.util.test.WatchDog.cancel(): canceling Fri Mar 27 13:36:51 UTC 2020
------------------ testing $PTII/ptolemy/domains/de/test/auto/OpenQueuingNetwork.xml
auto.tcl: Setting watchdog for 200 seconds at Fri Mar 27 13:36:51 UTC 2020
213 ms. Memory: 58368K Free: 32042K (55%)
ptolemy.util.test.WatchDog.cancel(): canceling Fri Mar 27 13:36:51 UTC 2020
auto.tcl: Setting watchdog for 200 seconds at Fri Mar 27 13:36:51 UTC 2020
201 ms. Memory: 58368K Free: 12951K (22%)
ptolemy.util.test.WatchDog.cancel(): canceling Fri Mar 27 13:36:52 UTC 2020
------------------ testing $PTII/ptolemy/domains/de/test/auto/PeriodicSampler.xml
auto.tcl: Setting watchdog for 200 seconds at Fri Mar 27 13:36:52 UTC 2020
3 ms. Memory: 55296K Free: 36114K (65%)
ptolemy.util.test.WatchDog.cancel(): canceling Fri Mar 27 13:36:52 UTC 2020
auto.tcl: Setting watchdog for 200 seconds at Fri Mar 27 13:36:52 UTC 2020
2 ms. Memory: 55296K Free: 35600K (64%)
ptolemy.util.test.WatchDog.cancel(): canceling Fri Mar 27 13:36:52 UTC 2020
------------------ testing $PTII/ptolemy/domains/de/test/auto/PersistentIO.xml
auto.tcl: Setting watchdog for 200 seconds at Fri Mar 27 13:36:52 UTC 2020
4 ms. Memory: 51200K Free: 26942K (53%)
ptolemy.util.test.WatchDog.cancel(): canceling Fri Mar 27 13:36:52 UTC 2020
auto.tcl: Setting watchdog for 200 seconds at Fri Mar 27 13:36:52 UTC 2020
4 ms. Memory: 51200K Free: 25422K (50%)
ptolemy.util.test.WatchDog.cancel(): canceling Fri Mar 27 13:36:52 UTC 2020
------------------ testing $PTII/ptolemy/domains/de/test/auto/PortParameterResetOnInitialize.xml
auto.tcl: Setting watchdog for 200 seconds at Fri Mar 27 13:36:52 UTC 2020
2 ms. Memory: 51200K Free: 31941K (62%)
ptolemy.util.test.WatchDog.cancel(): canceling Fri Mar 27 13:36:52 UTC 2020
auto.tcl: Setting watchdog for 200 seconds at Fri Mar 27 13:36:52 UTC 2020
1 ms. Memory: 51200K Free: 31431K (61%)
ptolemy.util.test.WatchDog.cancel(): canceling Fri Mar 27 13:36:52 UTC 2020
------------------ testing $PTII/ptolemy/domains/de/test/auto/PortParameterUpdates.xml
auto.tcl: Setting watchdog for 200 seconds at Fri Mar 27 13:36:52 UTC 2020
4 ms. Memory: 51200K Free: 30226K (59%)
ptolemy.util.test.WatchDog.cancel(): canceling Fri Mar 27 13:36:52 UTC 2020
auto.tcl: Setting watchdog for 200 seconds at Fri Mar 27 13:36:52 UTC 2020
4 ms. Memory: 51200K Free: 28998K (57%)
ptolemy.util.test.WatchDog.cancel(): canceling Fri Mar 27 13:36:52 UTC 2020
------------------ testing $PTII/ptolemy/domains/de/test/auto/QueueAndServer.xml
auto.tcl: Setting watchdog for 200 seconds at Fri Mar 27 13:36:52 UTC 2020
4 ms. Memory: 51200K Free: 29179K (57%)
ptolemy.util.test.WatchDog.cancel(): canceling Fri Mar 27 13:36:52 UTC 2020
auto.tcl: Setting watchdog for 200 seconds at Fri Mar 27 13:36:52 UTC 2020
5 ms. Memory: 51200K Free: 27430K (54%)
ptolemy.util.test.WatchDog.cancel(): canceling Fri Mar 27 13:36:52 UTC 2020
------------------ testing $PTII/ptolemy/domains/de/test/auto/Records.xml
auto.tcl: Setting watchdog for 200 seconds at Fri Mar 27 13:36:52 UTC 2020
2 ms. Memory: 51200K Free: 31172K (61%)
ptolemy.util.test.WatchDog.cancel(): canceling Fri Mar 27 13:36:52 UTC 2020
auto.tcl: Setting watchdog for 200 seconds at Fri Mar 27 13:36:52 UTC 2020
2 ms. Memory: 51200K Free: 30660K (60%)
ptolemy.util.test.WatchDog.cancel(): canceling Fri Mar 27 13:36:52 UTC 2020
------------------ testing $PTII/ptolemy/domains/de/test/auto/ResetTransitionWithStartTime1.xml
auto.tcl: Setting watchdog for 200 seconds at Fri Mar 27 13:36:52 UTC 2020
7 ms. Memory: 51200K Free: 28426K (56%)
ptolemy.util.test.WatchDog.cancel(): canceling Fri Mar 27 13:36:52 UTC 2020
auto.tcl: Setting watchdog for 200 seconds at Fri Mar 27 13:36:52 UTC 2020
5 ms. Memory: 51200K Free: 26378K (52%)
ptolemy.util.test.WatchDog.cancel(): canceling Fri Mar 27 13:36:52 UTC 2020
------------------ testing $PTII/ptolemy/domains/de/test/auto/ResetTransitionWithStartTime2.xml
auto.tcl: Setting watchdog for 200 seconds at Fri Mar 27 13:36:52 UTC 2020
5 ms. Memory: 51200K Free: 28382K (55%)
ptolemy.util.test.WatchDog.cancel(): canceling Fri Mar 27 13:36:52 UTC 2020
auto.tcl: Setting watchdog for 200 seconds at Fri Mar 27 13:36:52 UTC 2020
5 ms. Memory: 51200K Free: 26334K (51%)
ptolemy.util.test.WatchDog.cancel(): canceling Fri Mar 27 13:36:52 UTC 2020
------------------ testing $PTII/ptolemy/domains/de/test/auto/ResetTransitionWithStartTime3.xml
auto.tcl: Setting watchdog for 200 seconds at Fri Mar 27 13:36:52 UTC 2020
5 ms. Memory: 51200K Free: 28418K (56%)
ptolemy.util.test.WatchDog.cancel(): canceling Fri Mar 27 13:36:52 UTC 2020
auto.tcl: Setting watchdog for 200 seconds at Fri Mar 27 13:36:52 UTC 2020
5 ms. Memory: 51200K Free: 26333K (51%)
ptolemy.util.test.WatchDog.cancel(): canceling Fri Mar 27 13:36:52 UTC 2020
------------------ testing $PTII/ptolemy/domains/de/test/auto/ResetTransitionWithStartTime4.xml
auto.tcl: Setting watchdog for 200 seconds at Fri Mar 27 13:36:52 UTC 2020
6 ms. Memory: 51200K Free: 28806K (56%)
ptolemy.util.test.WatchDog.cancel(): canceling Fri Mar 27 13:36:52 UTC 2020
auto.tcl: Setting watchdog for 200 seconds at Fri Mar 27 13:36:52 UTC 2020
3 ms. Memory: 51200K Free: 27355K (53%)
ptolemy.util.test.WatchDog.cancel(): canceling Fri Mar 27 13:36:52 UTC 2020
------------------ testing $PTII/ptolemy/domains/de/test/auto/ResettableTimer1.xml
auto.tcl: Setting watchdog for 200 seconds at Fri Mar 27 13:36:52 UTC 2020
6 ms. Memory: 51200K Free: 32557K (64%)
ptolemy.util.test.WatchDog.cancel(): canceling Fri Mar 27 13:36:52 UTC 2020
auto.tcl: Setting watchdog for 200 seconds at Fri Mar 27 13:36:52 UTC 2020
1 ms. Memory: 51200K Free: 31930K (62%)
ptolemy.util.test.WatchDog.cancel(): canceling Fri Mar 27 13:36:52 UTC 2020
------------------ testing $PTII/ptolemy/domains/de/test/auto/ResettableTimer2.xml
auto.tcl: Setting watchdog for 200 seconds at Fri Mar 27 13:36:52 UTC 2020
1 ms. Memory: 51200K Free: 32514K (64%)
ptolemy.util.test.WatchDog.cancel(): canceling Fri Mar 27 13:36:52 UTC 2020
auto.tcl: Setting watchdog for 200 seconds at Fri Mar 27 13:36:52 UTC 2020
2 ms. Memory: 51200K Free: 31490K (62%)
ptolemy.util.test.WatchDog.cancel(): canceling Fri Mar 27 13:36:52 UTC 2020
------------------ testing $PTII/ptolemy/domains/de/test/auto/ResettableTimer3.xml
auto.tcl: Setting watchdog for 200 seconds at Fri Mar 27 13:36:52 UTC 2020
1 ms. Memory: 51200K Free: 32513K (64%)
ptolemy.util.test.WatchDog.cancel(): canceling Fri Mar 27 13:36:52 UTC 2020
auto.tcl: Setting watchdog for 200 seconds at Fri Mar 27 13:36:52 UTC 2020
1 ms. Memory: 51200K Free: 32513K (64%)
ptolemy.util.test.WatchDog.cancel(): canceling Fri Mar 27 13:36:52 UTC 2020
------------------ testing $PTII/ptolemy/domains/de/test/auto/ResettableTimer4.xml
auto.tcl: Setting watchdog for 200 seconds at Fri Mar 27 13:36:52 UTC 2020
2 ms. Memory: 51200K Free: 32527K (64%)
ptolemy.util.test.WatchDog.cancel(): canceling Fri Mar 27 13:36:52 UTC 2020
auto.tcl: Setting watchdog for 200 seconds at Fri Mar 27 13:36:52 UTC 2020
1 ms. Memory: 51200K Free: 32013K (63%)
ptolemy.util.test.WatchDog.cancel(): canceling Fri Mar 27 13:36:52 UTC 2020
------------------ testing $PTII/ptolemy/domains/de/test/auto/ResettableTimer5.xml
auto.tcl: Setting watchdog for 200 seconds at Fri Mar 27 13:36:53 UTC 2020
1 ms. Memory: 51200K Free: 32011K (63%)
ptolemy.util.test.WatchDog.cancel(): canceling Fri Mar 27 13:36:53 UTC 2020
auto.tcl: Setting watchdog for 200 seconds at Fri Mar 27 13:36:53 UTC 2020
1 ms. Memory: 51200K Free: 31501K (62%)
ptolemy.util.test.WatchDog.cancel(): canceling Fri Mar 27 13:36:53 UTC 2020
------------------ testing $PTII/ptolemy/domains/de/test/auto/ResettableTimer6.xml
auto.tcl: Setting watchdog for 200 seconds at Fri Mar 27 13:36:53 UTC 2020
1 ms. Memory: 51200K Free: 32001K (63%)
ptolemy.util.test.WatchDog.cancel(): canceling Fri Mar 27 13:36:53 UTC 2020
auto.tcl: Setting watchdog for 200 seconds at Fri Mar 27 13:36:53 UTC 2020
1 ms. Memory: 51200K Free: 31491K (62%)
ptolemy.util.test.WatchDog.cancel(): canceling Fri Mar 27 13:36:53 UTC 2020
------------------ testing $PTII/ptolemy/domains/de/test/auto/ServerZeroDelay.xml
auto.tcl: Setting watchdog for 200 seconds at Fri Mar 27 13:36:53 UTC 2020
3 ms. Memory: 51200K Free: 32507K (63%)
ptolemy.util.test.WatchDog.cancel(): canceling Fri Mar 27 13:36:53 UTC 2020
auto.tcl: Setting watchdog for 200 seconds at Fri Mar 27 13:36:53 UTC 2020
2 ms. Memory: 51200K Free: 31483K (61%)
ptolemy.util.test.WatchDog.cancel(): canceling Fri Mar 27 13:36:53 UTC 2020
------------------ testing $PTII/ptolemy/domains/de/test/auto/SmartSender.xml
auto.tcl: Setting watchdog for 200 seconds at Fri Mar 27 13:36:53 UTC 2020
3002 ms. Memory: 51200K Free: 31987K (62%)
ptolemy.util.test.WatchDog.cancel(): canceling Fri Mar 27 13:36:56 UTC 2020
auto.tcl: Setting watchdog for 200 seconds at Fri Mar 27 13:36:56 UTC 2020
3001 ms. Memory: 51200K Free: 31477K (61%)
ptolemy.util.test.WatchDog.cancel(): canceling Fri Mar 27 13:36:59 UTC 2020
------------------ testing $PTII/ptolemy/domains/de/test/auto/ThreadedComposite.xml
auto.tcl: Setting watchdog for 200 seconds at Fri Mar 27 13:36:59 UTC 2020
241 ms. Memory: 51200K Free: 11439K (22%)
ptolemy.util.test.WatchDog.cancel(): canceling Fri Mar 27 13:36:59 UTC 2020
auto.tcl: Setting watchdog for 200 seconds at Fri Mar 27 13:36:59 UTC 2020
119 ms. Memory: 51200K Free: 28302K (55%)
ptolemy.util.test.WatchDog.cancel(): canceling Fri Mar 27 13:36:59 UTC 2020
------------------ testing $PTII/ptolemy/domains/de/test/auto/Time.xml
auto.tcl: Setting watchdog for 200 seconds at Fri Mar 27 13:36:59 UTC 2020
417 ms. Memory: 51200K Free: 10806K (21%)
ptolemy.util.test.WatchDog.cancel(): canceling Fri Mar 27 13:37:00 UTC 2020
auto.tcl: Setting watchdog for 200 seconds at Fri Mar 27 13:37:00 UTC 2020
408 ms. Memory: 65536K Free: 31199K (48%)
ptolemy.util.test.WatchDog.cancel(): canceling Fri Mar 27 13:37:00 UTC 2020
------------------ testing $PTII/ptolemy/domains/de/test/auto/TimeDelayZeroDelay.xml
auto.tcl: Setting watchdog for 200 seconds at Fri Mar 27 13:37:00 UTC 2020
3 ms. Memory: 51200K Free: 32430K (63%)
ptolemy.util.test.WatchDog.cancel(): canceling Fri Mar 27 13:37:00 UTC 2020
auto.tcl: Setting watchdog for 200 seconds at Fri Mar 27 13:37:00 UTC 2020
1 ms. Memory: 51200K Free: 31555K (62%)
ptolemy.util.test.WatchDog.cancel(): canceling Fri Mar 27 13:37:00 UTC 2020
------------------ testing $PTII/ptolemy/domains/de/test/auto/TimerZeroDelay.xml
auto.tcl: Setting watchdog for 200 seconds at Fri Mar 27 13:37:00 UTC 2020
3 ms. Memory: 51200K Free: 32831K (64%)
ptolemy.util.test.WatchDog.cancel(): canceling Fri Mar 27 13:37:00 UTC 2020
auto.tcl: Setting watchdog for 200 seconds at Fri Mar 27 13:37:00 UTC 2020
2 ms. Memory: 51200K Free: 32035K (63%)
ptolemy.util.test.WatchDog.cancel(): canceling Fri Mar 27 13:37:00 UTC 2020
------------------ testing $PTII/ptolemy/domains/de/test/auto/TimingParadox.xml
auto.tcl: Setting watchdog for 200 seconds at Fri Mar 27 13:37:00 UTC 2020
279 ms. Memory: 51200K Free: 22079K (43%)
ptolemy.util.test.WatchDog.cancel(): canceling Fri Mar 27 13:37:01 UTC 2020
auto.tcl: Setting watchdog for 200 seconds at Fri Mar 27 13:37:01 UTC 2020
269 ms. Memory: 51200K Free: 13639K (27%)
ptolemy.util.test.WatchDog.cancel(): canceling Fri Mar 27 13:37:01 UTC 2020
------------------ testing $PTII/ptolemy/domains/de/test/auto/TransferInputs.xml
auto.tcl: Setting watchdog for 200 seconds at Fri Mar 27 13:37:01 UTC 2020
1 ms. Memory: 51200K Free: 30941K (60%)
ptolemy.util.test.WatchDog.cancel(): canceling Fri Mar 27 13:37:01 UTC 2020
auto.tcl: Setting watchdog for 200 seconds at Fri Mar 27 13:37:01 UTC 2020
2 ms. Memory: 51200K Free: 30024K (59%)
ptolemy.util.test.WatchDog.cancel(): canceling Fri Mar 27 13:37:01 UTC 2020
------------------ testing $PTII/ptolemy/domains/de/test/auto/TransferOutputs2.xml
auto.tcl: Setting watchdog for 200 seconds at Fri Mar 27 13:37:01 UTC 2020
2 ms. Memory: 51200K Free: 28383K (55%)
ptolemy.util.test.WatchDog.cancel(): canceling Fri Mar 27 13:37:01 UTC 2020
auto.tcl: Setting watchdog for 200 seconds at Fri Mar 27 13:37:01 UTC 2020
3 ms. Memory: 51200K Free: 26954K (53%)
ptolemy.util.test.WatchDog.cancel(): canceling Fri Mar 27 13:37:01 UTC 2020
------------------ testing $PTII/ptolemy/domains/de/test/auto/Trilateration.xml
auto.tcl: Setting watchdog for 200 seconds at Fri Mar 27 13:37:01 UTC 2020
11367 ms. Memory: 379904K Free: 222386K (59%)
ptolemy.util.test.WatchDog.cancel(): canceling Fri Mar 27 13:37:13 UTC 2020
auto.tcl: Setting watchdog for 200 seconds at Fri Mar 27 13:37:13 UTC 2020
8551 ms. Memory: 379904K Free: 304279K (80%)
ptolemy.util.test.WatchDog.cancel(): canceling Fri Mar 27 13:37:22 UTC 2020
------------------ testing $PTII/ptolemy/domains/de/test/auto/TwoSigmaDelta.xml
auto.tcl: Setting watchdog for 200 seconds at Fri Mar 27 13:37:22 UTC 2020
2107 ms. Memory: 92160K Free: 34231K (37%)
ptolemy.util.test.WatchDog.cancel(): canceling Fri Mar 27 13:37:24 UTC 2020
auto.tcl: Setting watchdog for 200 seconds at Fri Mar 27 13:37:24 UTC 2020
1627 ms. Memory: 92160K Free: 36768K (40%)
ptolemy.util.test.WatchDog.cancel(): canceling Fri Mar 27 13:37:26 UTC 2020
------------------ testing $PTII/ptolemy/domains/de/test/auto/VariableDelay.xml
auto.tcl: Setting watchdog for 200 seconds at Fri Mar 27 13:37:26 UTC 2020
2 ms. Memory: 51200K Free: 31416K (61%)
ptolemy.util.test.WatchDog.cancel(): canceling Fri Mar 27 13:37:26 UTC 2020
auto.tcl: Setting watchdog for 200 seconds at Fri Mar 27 13:37:26 UTC 2020
2 ms. Memory: 51200K Free: 30422K (59%)
ptolemy.util.test.WatchDog.cancel(): canceling Fri Mar 27 13:37:26 UTC 2020
------------------ testing $PTII/ptolemy/domains/de/test/auto/VariableDelay2.xml
auto.tcl: Setting watchdog for 200 seconds at Fri Mar 27 13:37:26 UTC 2020
6 ms. Memory: 51200K Free: 32046K (63%)
ptolemy.util.test.WatchDog.cancel(): canceling Fri Mar 27 13:37:26 UTC 2020
auto.tcl: Setting watchdog for 200 seconds at Fri Mar 27 13:37:26 UTC 2020
1 ms. Memory: 51200K Free: 31518K (62%)
ptolemy.util.test.WatchDog.cancel(): canceling Fri Mar 27 13:37:26 UTC 2020
------------------ testing $PTII/ptolemy/domains/de/test/auto/VariableDelayZeroDelay.xml
auto.tcl: Setting watchdog for 200 seconds at Fri Mar 27 13:37:26 UTC 2020
2 ms. Memory: 51200K Free: 32358K (63%)
ptolemy.util.test.WatchDog.cancel(): canceling Fri Mar 27 13:37:26 UTC 2020
auto.tcl: Setting watchdog for 200 seconds at Fri Mar 27 13:37:26 UTC 2020
2 ms. Memory: 51200K Free: 31814K (62%)
ptolemy.util.test.WatchDog.cancel(): canceling Fri Mar 27 13:37:26 UTC 2020
------------------ testing $PTII/ptolemy/domains/de/test/auto/VariableDelayZeroDelay2.xml
auto.tcl: Setting watchdog for 200 seconds at Fri Mar 27 13:37:26 UTC 2020
3 ms. Memory: 51200K Free: 32356K (63%)
ptolemy.util.test.WatchDog.cancel(): canceling Fri Mar 27 13:37:26 UTC 2020
auto.tcl: Setting watchdog for 200 seconds at Fri Mar 27 13:37:26 UTC 2020
2 ms. Memory: 51200K Free: 31332K (61%)
ptolemy.util.test.WatchDog.cancel(): canceling Fri Mar 27 13:37:26 UTC 2020
------------------ testing $PTII/ptolemy/domains/de/test/auto/deInCt.xml
auto.tcl: Setting watchdog for 200 seconds at Fri Mar 27 13:37:26 UTC 2020
0
1
1
1
0
0
0
1
1
1
0
0
0
1
1
1
0
0
1
1
1
0
0
0
0
1
1
1
0
0
0
1
1
1
0
0
0
0
1
1
1
1
0
0
0
0
0
14 ms. Memory: 51200K Free: 31330K (61%)
ptolemy.util.test.WatchDog.cancel(): canceling Fri Mar 27 13:37:26 UTC 2020
auto.tcl: Setting watchdog for 200 seconds at Fri Mar 27 13:37:26 UTC 2020
0
1
1
1
1
0
0
0
1
1
1
1
0
0
0
1
1
1
1
1
0
0
1
1
1
0
0
0
1
1
1
0
0
0
0
0
8 ms. Memory: 51200K Free: 29792K (58%)
ptolemy.util.test.WatchDog.cancel(): canceling Fri Mar 27 13:37:26 UTC 2020
------------------ testing $PTII/ptolemy/domains/de/test/auto/deInCt2.xml
auto.tcl: Setting watchdog for 200 seconds at Fri Mar 27 13:37:26 UTC 2020
0
1
1
1
0
0
1
1
1
0
0
1
1
1
0
0
1
1
1
0
0
1
1
1
0
0
1
1
1
0
0
1
1
1
0
0
1
1
1
0
0
0
12 ms. Memory: 51200K Free: 31376K (61%)
ptolemy.util.test.WatchDog.cancel(): canceling Fri Mar 27 13:37:26 UTC 2020
auto.tcl: Setting watchdog for 200 seconds at Fri Mar 27 13:37:26 UTC 2020
0
1
1
1
0
0
1
1
1
0
0
1
1
1
0
0
1
1
1
0
0
1
1
1
0
0
1
1
1
0
0
1
1
1
0
0
1
1
1
0
0
0
7 ms. Memory: 51200K Free: 29779K (58%)
ptolemy.util.test.WatchDog.cancel(): canceling Fri Mar 27 13:37:26 UTC 2020
------------------ testing $PTII/ptolemy/domains/de/test/auto/dynamicCausalityInterface1.xml
auto.tcl: Setting watchdog for 200 seconds at Fri Mar 27 13:37:26 UTC 2020
2 ms. Memory: 51200K Free: 27230K (53%)
ptolemy.util.test.WatchDog.cancel(): canceling Fri Mar 27 13:37:26 UTC 2020
auto.tcl: Setting watchdog for 200 seconds at Fri Mar 27 13:37:26 UTC 2020
1 ms. Memory: 51200K Free: 26616K (52%)
ptolemy.util.test.WatchDog.cancel(): canceling Fri Mar 27 13:37:26 UTC 2020
------------------ testing $PTII/ptolemy/domains/de/test/auto/fsm_de_test.xml
auto.tcl: Setting watchdog for 200 seconds at Fri Mar 27 13:37:26 UTC 2020
6 ms. Memory: 51200K Free: 27212K (53%)
ptolemy.util.test.WatchDog.cancel(): canceling Fri Mar 27 13:37:26 UTC 2020
auto.tcl: Setting watchdog for 200 seconds at Fri Mar 27 13:37:26 UTC 2020
4 ms. Memory: 51200K Free: 25081K (49%)
ptolemy.util.test.WatchDog.cancel(): canceling Fri Mar 27 13:37:26 UTC 2020
------------------ testing $PTII/ptolemy/domains/de/test/auto/functionDependencyReconstruction.xml
auto.tcl: Setting watchdog for 200 seconds at Fri Mar 27 13:37:26 UTC 2020
2 ms. Memory: 51200K Free: 20975K (41%)
ptolemy.util.test.WatchDog.cancel(): canceling Fri Mar 27 13:37:26 UTC 2020
auto.tcl: Setting watchdog for 200 seconds at Fri Mar 27 13:37:26 UTC 2020
3 ms. Memory: 51200K Free: 18927K (37%)
ptolemy.util.test.WatchDog.cancel(): canceling Fri Mar 27 13:37:26 UTC 2020
------------------ testing $PTII/ptolemy/domains/de/test/auto/multirate.xml
auto.tcl: Setting watchdog for 200 seconds at Fri Mar 27 13:37:26 UTC 2020
4 ms. Memory: 51200K Free: 29770K (58%)
ptolemy.util.test.WatchDog.cancel(): canceling Fri Mar 27 13:37:27 UTC 2020
auto.tcl: Setting watchdog for 200 seconds at Fri Mar 27 13:37:27 UTC 2020
5 ms. Memory: 51200K Free: 28025K (55%)
ptolemy.util.test.WatchDog.cancel(): canceling Fri Mar 27 13:37:27 UTC 2020
------------------ testing $PTII/ptolemy/domains/de/test/auto/multirate2.xml
auto.tcl: Setting watchdog for 200 seconds at Fri Mar 27 13:37:27 UTC 2020
5 ms. Memory: 51200K Free: 29726K (58%)
ptolemy.util.test.WatchDog.cancel(): canceling Fri Mar 27 13:37:27 UTC 2020
auto.tcl: Setting watchdog for 200 seconds at Fri Mar 27 13:37:27 UTC 2020
3 ms. Memory: 51200K Free: 28206K (55%)
ptolemy.util.test.WatchDog.cancel(): canceling Fri Mar 27 13:37:27 UTC 2020
------------------ testing $PTII/ptolemy/domains/de/test/auto/realtime.xml
auto.tcl: Setting watchdog for 200 seconds at Fri Mar 27 13:37:27 UTC 2020
10001 ms. Memory: 51200K Free: 32001K (63%)
ptolemy.util.test.WatchDog.cancel(): canceling Fri Mar 27 13:37:37 UTC 2020
auto.tcl: Setting watchdog for 200 seconds at Fri Mar 27 13:37:37 UTC 2020
10003 ms. Memory: 51200K Free: 31276K (61%)
ptolemy.util.test.WatchDog.cancel(): canceling Fri Mar 27 13:37:47 UTC 2020
------------------ testing $PTII/ptolemy/domains/de/test/auto/relationGroup.xml
auto.tcl: Setting watchdog for 200 seconds at Fri Mar 27 13:37:47 UTC 2020
1 ms. Memory: 51200K Free: 33051K (65%)
ptolemy.util.test.WatchDog.cancel(): canceling Fri Mar 27 13:37:47 UTC 2020
auto.tcl: Setting watchdog for 200 seconds at Fri Mar 27 13:37:47 UTC 2020
2 ms. Memory: 51200K Free: 32539K (64%)
ptolemy.util.test.WatchDog.cancel(): canceling Fri Mar 27 13:37:47 UTC 2020
------------------ testing $PTII/ptolemy/domains/de/test/auto/relationGroup2.xml
auto.tcl: Setting watchdog for 200 seconds at Fri Mar 27 13:37:47 UTC 2020
1 ms. Memory: 51200K Free: 32894K (64%)
ptolemy.util.test.WatchDog.cancel(): canceling Fri Mar 27 13:37:47 UTC 2020
auto.tcl: Setting watchdog for 200 seconds at Fri Mar 27 13:37:47 UTC 2020
1 ms. Memory: 51200K Free: 32384K (63%)
ptolemy.util.test.WatchDog.cancel(): canceling Fri Mar 27 13:37:47 UTC 2020
------------------ testing $PTII/ptolemy/domains/de/test/auto/sortWithOpaquePorts.xml
auto.tcl: Setting watchdog for 200 seconds at Fri Mar 27 13:37:47 UTC 2020
2 ms. Memory: 51200K Free: 31856K (62%)
ptolemy.util.test.WatchDog.cancel(): canceling Fri Mar 27 13:37:47 UTC 2020
auto.tcl: Setting watchdog for 200 seconds at Fri Mar 27 13:37:47 UTC 2020
2 ms. Memory: 51200K Free: 30832K (60%)
ptolemy.util.test.WatchDog.cancel(): canceling Fri Mar 27 13:37:47 UTC 2020
------------------ testing $PTII/ptolemy/domains/de/test/auto/transferInputsandOutputs.xml
auto.tcl: Setting watchdog for 200 seconds at Fri Mar 27 13:37:47 UTC 2020
4 ms. Memory: 51200K Free: 29299K (57%)
ptolemy.util.test.WatchDog.cancel(): canceling Fri Mar 27 13:37:47 UTC 2020
auto.tcl: Setting watchdog for 200 seconds at Fri Mar 27 13:37:47 UTC 2020
2 ms. Memory: 51200K Free: 28275K (55%)
ptolemy.util.test.WatchDog.cancel(): canceling Fri Mar 27 13:37:47 UTC 2020
------------------ testing $PTII/ptolemy/domains/de/test/auto/triggerType.xml
auto.tcl: Setting watchdog for 200 seconds at Fri Mar 27 13:37:47 UTC 2020
1 ms. Memory: 51200K Free: 32325K (63%)
ptolemy.util.test.WatchDog.cancel(): canceling Fri Mar 27 13:37:47 UTC 2020
auto.tcl: Setting watchdog for 200 seconds at Fri Mar 27 13:37:47 UTC 2020
1 ms. Memory: 51200K Free: 31301K (61%)
ptolemy.util.test.WatchDog.cancel(): canceling Fri Mar 27 13:37:47 UTC 2020
03/27/20 01:37:47
Failed: 0  Total Tests: 192  ((Passed: 187, Newly Passed: 1)  Known Failed: 5) /home/travis/build/icyphy/ptII/ptolemy/domains/de/test
03/27/20 01:37:47
Failed: 0  Total Tests: 192  ((Passed: 187, Newly Passed: 1)  Known Failed: 5) /home/travis/build/icyphy/ptII/ptolemy/domains/de/test
----------------- testing (KnownFailure) /home/travis/build/icyphy/ptII/ptolemy/domains/de/test/auto/knownFailedTests/DESDFClockTest.xml
2015 ms. Memory: 51200K Free: 25209K (49%)
Known Failure: java.lang.reflect.InvocationTargetException
----------------- testing (KnownFailure) /home/travis/build/icyphy/ptII/ptolemy/domains/de/test/auto/knownFailedTests/DirectFeedback.xml
2 ms. Memory: 51200K Free: 21623K (42%)
Known Failure: java.lang.reflect.InvocationTargetException
----------------- testing (KnownFailure) /home/travis/build/icyphy/ptII/ptolemy/domains/de/test/auto/knownFailedTests/FSMSource.xml
9 ms. Memory: 51200K Free: 13401K (26%)
----------------- testing (KnownFailure) /home/travis/build/icyphy/ptII/ptolemy/domains/de/test/auto/knownFailedTests/HierarchicalModel.xml
3 ms. Memory: 51200K Free: 26768K (52%)
Known Failure: java.lang.reflect.InvocationTargetException
----------------- testing (KnownFailure) /home/travis/build/icyphy/ptII/ptolemy/domains/de/test/auto/knownFailedTests/dependencyLoop.xml
2 ms. Memory: 51200K Free: 11498K (22%)
Known Failure: java.lang.reflect.InvocationTargetException
----------------- testing (KnownFailure) /home/travis/build/icyphy/ptII/ptolemy/domains/de/test/auto/knownFailedTests/dependencyLoop2.xml
4 ms. Memory: 51200K Free: 24978K (49%)
Known Failure: java.lang.reflect.InvocationTargetException
No auto/linux-amd64/*.xml tests in /home/travis/build/icyphy/ptII/ptolemy/domains/de/test
AutoTests.java: About to close Vertx.
AutoTests.java: Vertx closed.

===========================================================================================
----------------- testing Fri Mar 27 13:37:49 UTC 2020 /home/travis/build/icyphy/ptII/ptolemy/domains/de/test/auto/ActorDepthCalculation_actorWithoutPorts.xml
----------------- Instantiating /home/travis/build/icyphy/ptII/ptolemy/domains/de/test/auto/ActorDepthCalculation_actorWithoutPorts.xml
2 ms. Memory: 51200K Free: 18145K (35%)
----------------- Invoking toplevel() on ptolemy.moml.MoMLSimpleApplication@209bb545
----------------- Done invoking toplevel() on ptolemy.moml.MoMLSimpleApplication@209bb545
reloadAllAccessors: .ActorDepthCalculation_actorWithoutPorts

===========================================================================================
----------------- testing Fri Mar 27 13:37:49 UTC 2020 /home/travis/build/icyphy/ptII/ptolemy/domains/de/test/auto/AssemblyLine.xml
----------------- Instantiating /home/travis/build/icyphy/ptII/ptolemy/domains/de/test/auto/AssemblyLine.xml
3 ms. Memory: 51200K Free: 11007K (21%)
----------------- Invoking toplevel() on ptolemy.moml.MoMLSimpleApplication@39e64b1b
----------------- Done invoking toplevel() on ptolemy.moml.MoMLSimpleApplication@39e64b1b
reloadAllAccessors: .AssemblyLine

===========================================================================================
----------------- testing Fri Mar 27 13:37:49 UTC 2020 /home/travis/build/icyphy/ptII/ptolemy/domains/de/test/auto/CQBug1.xml
----------------- Instantiating /home/travis/build/icyphy/ptII/ptolemy/domains/de/test/auto/CQBug1.xml
1 ms. Memory: 51200K Free: 8224K (16%)
----------------- Invoking toplevel() on ptolemy.moml.MoMLSimpleApplication@58326ba2
----------------- Done invoking toplevel() on ptolemy.moml.MoMLSimpleApplication@58326ba2
reloadAllAccessors: .CQBug1

===========================================================================================
----------------- testing Fri Mar 27 13:37:49 UTC 2020 /home/travis/build/icyphy/ptII/ptolemy/domains/de/test/auto/CancelFireAt.xml
----------------- Instantiating /home/travis/build/icyphy/ptII/ptolemy/domains/de/test/auto/CancelFireAt.xml
0 ms. Memory: 51200K Free: 34557K (67%)
----------------- Invoking toplevel() on ptolemy.moml.MoMLSimpleApplication@75ee2e12
----------------- Done invoking toplevel() on ptolemy.moml.MoMLSimpleApplication@75ee2e12
reloadAllAccessors: .CancelFireAt

===========================================================================================
----------------- testing Fri Mar 27 13:37:49 UTC 2020 /home/travis/build/icyphy/ptII/ptolemy/domains/de/test/auto/CausalityAndComposabilityAnalysis.xml
----------------- Instantiating /home/travis/build/icyphy/ptII/ptolemy/domains/de/test/auto/CausalityAndComposabilityAnalysis.xml
1 ms. Memory: 51200K Free: 30461K (59%)
----------------- Invoking toplevel() on ptolemy.moml.MoMLSimpleApplication@5b3ef720
----------------- Done invoking toplevel() on ptolemy.moml.MoMLSimpleApplication@5b3ef720
reloadAllAccessors: .CausalityAndComposabilityAnalysis

===========================================================================================
----------------- testing Fri Mar 27 13:37:49 UTC 2020 /home/travis/build/icyphy/ptII/ptolemy/domains/de/test/auto/CausalityInterface1.xml
----------------- Instantiating /home/travis/build/icyphy/ptII/ptolemy/domains/de/test/auto/CausalityInterface1.xml
5 ms. Memory: 51200K Free: 25325K (49%)
----------------- Invoking toplevel() on ptolemy.moml.MoMLSimpleApplication@6dd6182f
----------------- Done invoking toplevel() on ptolemy.moml.MoMLSimpleApplication@6dd6182f
reloadAllAccessors: .CausalityInterface1

===========================================================================================
----------------- testing Fri Mar 27 13:37:49 UTC 2020 /home/travis/build/icyphy/ptII/ptolemy/domains/de/test/auto/CausalityInterface15.xml
----------------- Instantiating /home/travis/build/icyphy/ptII/ptolemy/domains/de/test/auto/CausalityInterface15.xml
3 ms. Memory: 51200K Free: 19822K (39%)
----------------- Invoking toplevel() on ptolemy.moml.MoMLSimpleApplication@4fdd2eb0
----------------- Done invoking toplevel() on ptolemy.moml.MoMLSimpleApplication@4fdd2eb0
reloadAllAccessors: .CausalityInterface15

===========================================================================================
----------------- testing Fri Mar 27 13:37:49 UTC 2020 /home/travis/build/icyphy/ptII/ptolemy/domains/de/test/auto/CausalityInterface2.xml
----------------- Instantiating /home/travis/build/icyphy/ptII/ptolemy/domains/de/test/auto/CausalityInterface2.xml
1 ms. Memory: 51200K Free: 15364K (30%)
[...]
	at ptolemy.actor.Manager.run(Manager.java:1263)
	at ptolemy.actor.Manager$PtolemyRunThread.run(Manager.java:1933)
java.lang.RuntimeException: Execution failed
	at ptolemy.moml.MoMLSimpleApplication$UnloadThread.run(MoMLSimpleApplication.java:402)
Caused by: ptolemy.kernel.util.IllegalActionException: Actor is not ready to fire.  Perhaps UpSample.prefire() returned false? Try debugging the actor by selecting "Listen to Actor".  Also, for SDF check moml for tokenConsumptionRate on input.
  in .DESDFClockTest.Play Bell.Copy1:SDF Director and .DESDFClockTest.Play Bell.UpSample
	at ptolemy.actor.sched.StaticSchedulingDirector.fire(StaticSchedulingDirector.java:227)
	at ptolemy.domains.sdf.kernel.SDFDirector.fire(SDFDirector.java:500)
	at ptolemy.actor.CompositeActor.fire(CompositeActor.java:455)
	at ptolemy.domains.de.kernel.DEDirector._fire(DEDirector.java:1949)
	at ptolemy.domains.de.kernel.DEDirector.fire(DEDirector.java:502)
	at ptolemy.actor.CompositeActor.fire(CompositeActor.java:455)
	at ptolemy.actor.Manager.iterate(Manager.java:851)
	at ptolemy.actor.Manager.execute(Manager.java:369)
	at ptolemy.actor.Manager.run(Manager.java:1263)
	at ptolemy.actor.Manager$PtolemyRunThread.run(Manager.java:1933)
java.lang.reflect.InvocationTargetException
	at java.base/jdk.internal.reflect.NativeConstructorAccessorImpl.newInstance0(Native Method)
	at java.base/jdk.internal.reflect.NativeConstructorAccessorImpl.newInstance(NativeConstructorAccessorImpl.java:62)
	at java.base/jdk.internal.reflect.DelegatingConstructorAccessorImpl.newInstance(DelegatingConstructorAccessorImpl.java:45)
	at java.base/java.lang.reflect.Constructor.newInstance(Constructor.java:490)
	at ptolemy.util.test.junit.AutoKnownFailedTests.RunModel(AutoKnownFailedTests.java:105)
	at java.base/jdk.internal.reflect.NativeMethodAccessorImpl.invoke0(Native Method)
	at java.base/jdk.internal.reflect.NativeMethodAccessorImpl.invoke(NativeMethodAccessorImpl.java:62)
	at java.base/jdk.internal.reflect.DelegatingMethodAccessorImpl.invoke(DelegatingMethodAccessorImpl.java:43)
	at java.base/java.lang.reflect.Method.invoke(Method.java:566)
	at org.junit.runners.model.FrameworkMethod$1.runReflectiveCall(FrameworkMethod.java:44)
	at org.junit.internal.runners.model.ReflectiveCallable.run(ReflectiveCallable.java:15)
	at org.junit.runners.model.FrameworkMethod.invokeExplosively(FrameworkMethod.java:41)
	at junitparams.internal.InvokeParameterisedMethod.evaluate(InvokeParameterisedMethod.java:102)
	at org.junit.internal.runners.statements.FailOnTimeout$1.run(FailOnTimeout.java:28)
Caused by: ptolemy.kernel.util.IllegalActionException: Actor is not ready to fire.  Perhaps UpSample.prefire() returned false? Try debugging the actor by selecting "Listen to Actor".  Also, for SDF check moml for tokenConsumptionRate on input.
  in .DESDFClockTest.Play Bell.Copy1:SDF Director and .DESDFClockTest.Play Bell.UpSample
	at ptolemy.actor.sched.StaticSchedulingDirector.fire(StaticSchedulingDirector.java:227)
	at ptolemy.domains.sdf.kernel.SDFDirector.fire(SDFDirector.java:500)
	at ptolemy.actor.CompositeActor.fire(CompositeActor.java:455)
	at ptolemy.domains.de.kernel.DEDirector._fire(DEDirector.java:1949)
	at ptolemy.domains.de.kernel.DEDirector.fire(DEDirector.java:502)
	at ptolemy.actor.CompositeActor.fire(CompositeActor.java:455)
	at ptolemy.actor.Manager.iterate(Manager.java:851)
	at ptolemy.actor.Manager.execute(Manager.java:369)
	at ptolemy.actor.Manager.run(Manager.java:1263)
	at ptolemy.actor.Manager$PtolemyRunThread.run(Manager.java:1933)
java.lang.RuntimeException: Execution failed
	at ptolemy.moml.MoMLSimpleApplication$UnloadThread.run(MoMLSimpleApplication.java:402)
Caused by: ptolemy.kernel.util.IllegalActionException: Test fails in iteration 1.
Value was: 1.0. Should have been: 2.0
  in .DirectFeedback.Test
	at ptolemy.actor.lib.Test.fire(Test.java:268)
	at ptolemy.domains.de.kernel.DEDirector._fire(DEDirector.java:1949)
	at ptolemy.domains.de.kernel.DEDirector.fire(DEDirector.java:502)
	at ptolemy.actor.CompositeActor.fire(CompositeActor.java:455)
	at ptolemy.actor.Manager.iterate(Manager.java:851)
	at ptolemy.actor.Manager.execute(Manager.java:369)
	at ptolemy.actor.Manager.run(Manager.java:1263)
	at ptolemy.actor.Manager$PtolemyRunThread.run(Manager.java:1933)
java.lang.reflect.InvocationTargetException
	at java.base/jdk.internal.reflect.NativeConstructorAccessorImpl.newInstance0(Native Method)
	at java.base/jdk.internal.reflect.NativeConstructorAccessorImpl.newInstance(NativeConstructorAccessorImpl.java:62)
	at java.base/jdk.internal.reflect.DelegatingConstructorAccessorImpl.newInstance(DelegatingConstructorAccessorImpl.java:45)
	at java.base/java.lang.reflect.Constructor.newInstance(Constructor.java:490)
	at ptolemy.util.test.junit.AutoKnownFailedTests.RunModel(AutoKnownFailedTests.java:105)
	at java.base/jdk.internal.reflect.NativeMethodAccessorImpl.invoke0(Native Method)
	at java.base/jdk.internal.reflect.NativeMethodAccessorImpl.invoke(NativeMethodAccessorImpl.java:62)
	at java.base/jdk.internal.reflect.DelegatingMethodAccessorImpl.invoke(DelegatingMethodAccessorImpl.java:43)
	at java.base/java.lang.reflect.Method.invoke(Method.java:566)
	at org.junit.runners.model.FrameworkMethod$1.runReflectiveCall(FrameworkMethod.java:44)
	at org.junit.internal.runners.model.ReflectiveCallable.run(ReflectiveCallable.java:15)
	at org.junit.runners.model.FrameworkMethod.invokeExplosively(FrameworkMethod.java:41)
	at junitparams.internal.InvokeParameterisedMethod.evaluate(InvokeParameterisedMethod.java:102)
	at org.junit.internal.runners.statements.FailOnTimeout$1.run(FailOnTimeout.java:28)
Caused by: ptolemy.kernel.util.IllegalActionException: Test fails in iteration 1.
Value was: 1.0. Should have been: 2.0
  in .DirectFeedback.Test
	at ptolemy.actor.lib.Test.fire(Test.java:268)
	at ptolemy.domains.de.kernel.DEDirector._fire(DEDirector.java:1949)
	at ptolemy.domains.de.kernel.DEDirector.fire(DEDirector.java:502)
	at ptolemy.actor.CompositeActor.fire(CompositeActor.java:455)
	at ptolemy.actor.Manager.iterate(Manager.java:851)
	at ptolemy.actor.Manager.execute(Manager.java:369)
	at ptolemy.actor.Manager.run(Manager.java:1263)
	at ptolemy.actor.Manager$PtolemyRunThread.run(Manager.java:1933)
java.lang.RuntimeException: Execution failed
	at ptolemy.moml.MoMLSimpleApplication$UnloadThread.run(MoMLSimpleApplication.java:402)
Caused by: ptolemy.kernel.util.IllegalActionException: Found a zero delay loop containing .HierarchicalModel.A
  in .HierarchicalModel and .HierarchicalModel.A
	at ptolemy.actor.util.CausalityInterfaceForComposites._computeOutputPortDepth(CausalityInterfaceForComposites.java:759)
	at ptolemy.actor.util.CausalityInterfaceForComposites._computeInputDepth(CausalityInterfaceForComposites.java:696)
	at ptolemy.actor.util.CausalityInterfaceForComposites._computeOutputPortDepth(CausalityInterfaceForComposites.java:765)
	at ptolemy.actor.util.CausalityInterfaceForComposites._computeInputDepth(CausalityInterfaceForComposites.java:696)
	at ptolemy.actor.util.CausalityInterfaceForComposites._computeOutputPortDepth(CausalityInterfaceForComposites.java:765)
	at ptolemy.actor.util.CausalityInterfaceForComposites._computeInputDepth(CausalityInterfaceForComposites.java:696)
	at ptolemy.actor.util.CausalityInterfaceForComposites._computeActorDepth(CausalityInterfaceForComposites.java:532)
	at ptolemy.actor.util.CausalityInterfaceForComposites.checkForCycles(CausalityInterfaceForComposites.java:96)
	at ptolemy.domains.de.kernel.DEDirector.preinitialize(DEDirector.java:1338)
	at ptolemy.actor.CompositeActor.preinitialize(CompositeActor.java:1828)
	at ptolemy.actor.Manager.preinitializeAndResolveTypes(Manager.java:1040)
	at ptolemy.actor.Manager.initialize(Manager.java:710)
	at ptolemy.actor.Manager.execute(Manager.java:356)
	at ptolemy.actor.Manager.run(Manager.java:1263)
	at ptolemy.actor.Manager$PtolemyRunThread.run(Manager.java:1933)
java.lang.reflect.InvocationTargetException
	at java.base/jdk.internal.reflect.NativeConstructorAccessorImpl.newInstance0(Native Method)
	at java.base/jdk.internal.reflect.NativeConstructorAccessorImpl.newInstance(NativeConstructorAccessorImpl.java:62)
	at java.base/jdk.internal.reflect.DelegatingConstructorAccessorImpl.newInstance(DelegatingConstructorAccessorImpl.java:45)
	at java.base/java.lang.reflect.Constructor.newInstance(Constructor.java:490)
	at ptolemy.util.test.junit.AutoKnownFailedTests.RunModel(AutoKnownFailedTests.java:105)
	at java.base/jdk.internal.reflect.NativeMethodAccessorImpl.invoke0(Native Method)
	at java.base/jdk.internal.reflect.NativeMethodAccessorImpl.invoke(NativeMethodAccessorImpl.java:62)
	at java.base/jdk.internal.reflect.DelegatingMethodAccessorImpl.invoke(DelegatingMethodAccessorImpl.java:43)
	at java.base/java.lang.reflect.Method.invoke(Method.java:566)
	at org.junit.runners.model.FrameworkMethod$1.runReflectiveCall(FrameworkMethod.java:44)
	at org.junit.internal.runners.model.ReflectiveCallable.run(ReflectiveCallable.java:15)
	at org.junit.runners.model.FrameworkMethod.invokeExplosively(FrameworkMethod.java:41)
	at junitparams.internal.InvokeParameterisedMethod.evaluate(InvokeParameterisedMethod.java:102)
	at org.junit.internal.runners.statements.FailOnTimeout$1.run(FailOnTimeout.java:28)
Caused by: ptolemy.kernel.util.IllegalActionException: Found a zero delay loop containing .HierarchicalModel.A
  in .HierarchicalModel and .HierarchicalModel.A
	at ptolemy.actor.util.CausalityInterfaceForComposites._computeOutputPortDepth(CausalityInterfaceForComposites.java:759)
	at ptolemy.actor.util.CausalityInterfaceForComposites._computeInputDepth(CausalityInterfaceForComposites.java:696)
	at ptolemy.actor.util.CausalityInterfaceForComposites._computeOutputPortDepth(CausalityInterfaceForComposites.java:765)
	at ptolemy.actor.util.CausalityInterfaceForComposites._computeInputDepth(CausalityInterfaceForComposites.java:696)
	at ptolemy.actor.util.CausalityInterfaceForComposites._computeOutputPortDepth(CausalityInterfaceForComposites.java:765)
	at ptolemy.actor.util.CausalityInterfaceForComposites._computeInputDepth(CausalityInterfaceForComposites.java:696)
	at ptolemy.actor.util.CausalityInterfaceForComposites._computeActorDepth(CausalityInterfaceForComposites.java:532)
	at ptolemy.actor.util.CausalityInterfaceForComposites.checkForCycles(CausalityInterfaceForComposites.java:96)
	at ptolemy.domains.de.kernel.DEDirector.preinitialize(DEDirector.java:1338)
	at ptolemy.actor.CompositeActor.preinitialize(CompositeActor.java:1828)
	at ptolemy.actor.Manager.preinitializeAndResolveTypes(Manager.java:1040)
	at ptolemy.actor.Manager.initialize(Manager.java:710)
	at ptolemy.actor.Manager.execute(Manager.java:356)
	at ptolemy.actor.Manager.run(Manager.java:1263)
	at ptolemy.actor.Manager$PtolemyRunThread.run(Manager.java:1933)
java.lang.RuntimeException: Execution failed
	at ptolemy.moml.MoMLSimpleApplication$UnloadThread.run(MoMLSimpleApplication.java:402)
Caused by: ptolemy.kernel.util.IllegalActionException: Found a zero delay loop containing .dependencyLoop.original
  in .dependencyLoop and .dependencyLoop.original
	at ptolemy.actor.util.CausalityInterfaceForComposites._computeOutputPortDepth(CausalityInterfaceForComposites.java:759)
	at ptolemy.actor.util.CausalityInterfaceForComposites._computeInputDepth(CausalityInterfaceForComposites.java:696)
	at ptolemy.actor.util.CausalityInterfaceForComposites._computeOutputPortDepth(CausalityInterfaceForComposites.java:765)
	at ptolemy.actor.util.CausalityInterfaceForComposites._computeInputDepth(CausalityInterfaceForComposites.java:696)
	at ptolemy.actor.util.CausalityInterfaceForComposites._computeOutputPortDepth(CausalityInterfaceForComposites.java:765)
	at ptolemy.actor.util.CausalityInterfaceForComposites._computeInputDepth(CausalityInterfaceForComposites.java:696)
	at ptolemy.actor.util.CausalityInterfaceForComposites._computeActorDepth(CausalityInterfaceForComposites.java:532)
	at ptolemy.actor.util.CausalityInterfaceForComposites.checkForCycles(CausalityInterfaceForComposites.java:96)
	at ptolemy.domains.de.kernel.DEDirector.preinitialize(DEDirector.java:1338)
	at ptolemy.actor.CompositeActor.preinitialize(CompositeActor.java:1828)
	at ptolemy.actor.Manager.preinitializeAndResolveTypes(Manager.java:1040)
	at ptolemy.actor.Manager.initialize(Manager.java:710)
	at ptolemy.actor.Manager.execute(Manager.java:356)
	at ptolemy.actor.Manager.run(Manager.java:1263)
	at ptolemy.actor.Manager$PtolemyRunThread.run(Manager.java:1933)
java.lang.reflect.InvocationTargetException
	at java.base/jdk.internal.reflect.NativeConstructorAccessorImpl.newInstance0(Native Method)
	at java.base/jdk.internal.reflect.NativeConstructorAccessorImpl.newInstance(NativeConstructorAccessorImpl.java:62)
	at java.base/jdk.internal.reflect.DelegatingConstructorAccessorImpl.newInstance(DelegatingConstructorAccessorImpl.java:45)
	at java.base/java.lang.reflect.Constructor.newInstance(Constructor.java:490)
	at ptolemy.util.test.junit.AutoKnownFailedTests.RunModel(AutoKnownFailedTests.java:105)
	at java.base/jdk.internal.reflect.NativeMethodAccessorImpl.invoke0(Native Method)
	at java.base/jdk.internal.reflect.NativeMethodAccessorImpl.invoke(NativeMethodAccessorImpl.java:62)
	at java.base/jdk.internal.reflect.DelegatingMethodAccessorImpl.invoke(DelegatingMethodAccessorImpl.java:43)
	at java.base/java.lang.reflect.Method.invoke(Method.java:566)
	at org.junit.runners.model.FrameworkMethod$1.runReflectiveCall(FrameworkMethod.java:44)
	at org.junit.internal.runners.model.ReflectiveCallable.run(ReflectiveCallable.java:15)
	at org.junit.runners.model.FrameworkMethod.invokeExplosively(FrameworkMethod.java:41)
	at junitparams.internal.InvokeParameterisedMethod.evaluate(InvokeParameterisedMethod.java:102)
	at org.junit.internal.runners.statements.FailOnTimeout$1.run(FailOnTimeout.java:28)
Caused by: ptolemy.kernel.util.IllegalActionException: Found a zero delay loop containing .dependencyLoop.original
  in .dependencyLoop and .dependencyLoop.original
	at ptolemy.actor.util.CausalityInterfaceForComposites._computeOutputPortDepth(CausalityInterfaceForComposites.java:759)
	at ptolemy.actor.util.CausalityInterfaceForComposites._computeInputDepth(CausalityInterfaceForComposites.java:696)
	at ptolemy.actor.util.CausalityInterfaceForComposites._computeOutputPortDepth(CausalityInterfaceForComposites.java:765)
	at ptolemy.actor.util.CausalityInterfaceForComposites._computeInputDepth(CausalityInterfaceForComposites.java:696)
	at ptolemy.actor.util.CausalityInterfaceForComposites._computeOutputPortDepth(CausalityInterfaceForComposites.java:765)
	at ptolemy.actor.util.CausalityInterfaceForComposites._computeInputDepth(CausalityInterfaceForComposites.java:696)
	at ptolemy.actor.util.CausalityInterfaceForComposites._computeActorDepth(CausalityInterfaceForComposites.java:532)
	at ptolemy.actor.util.CausalityInterfaceForComposites.checkForCycles(CausalityInterfaceForComposites.java:96)
	at ptolemy.domains.de.kernel.DEDirector.preinitialize(DEDirector.java:1338)
	at ptolemy.actor.CompositeActor.preinitialize(CompositeActor.java:1828)
	at ptolemy.actor.Manager.preinitializeAndResolveTypes(Manager.java:1040)
	at ptolemy.actor.Manager.initialize(Manager.java:710)
	at ptolemy.actor.Manager.execute(Manager.java:356)
	at ptolemy.actor.Manager.run(Manager.java:1263)
	at ptolemy.actor.Manager$PtolemyRunThread.run(Manager.java:1933)
java.lang.RuntimeException: Execution failed
	at ptolemy.moml.MoMLSimpleApplication$UnloadThread.run(MoMLSimpleApplication.java:402)
Caused by: ptolemy.kernel.util.IllegalActionException: Found a zero delay loop containing .dependencyLoop2.original
  in .dependencyLoop2 and .dependencyLoop2.original
	at ptolemy.actor.util.CausalityInterfaceForComposites._computeOutputPortDepth(CausalityInterfaceForComposites.java:759)
	at ptolemy.actor.util.CausalityInterfaceForComposites._computeInputDepth(CausalityInterfaceForComposites.java:696)
	at ptolemy.actor.util.CausalityInterfaceForComposites._computeOutputPortDepth(CausalityInterfaceForComposites.java:765)
	at ptolemy.actor.util.CausalityInterfaceForComposites._computeInputDepth(CausalityInterfaceForComposites.java:696)
	at ptolemy.actor.util.CausalityInterfaceForComposites._computeOutputPortDepth(CausalityInterfaceForComposites.java:765)
	at ptolemy.actor.util.CausalityInterfaceForComposites._computeInputDepth(CausalityInterfaceForComposites.java:696)
	at ptolemy.actor.util.CausalityInterfaceForComposites._computeActorDepth(CausalityInterfaceForComposites.java:532)
	at ptolemy.actor.util.CausalityInterfaceForComposites.checkForCycles(CausalityInterfaceForComposites.java:96)
	at ptolemy.domains.de.kernel.DEDirector.preinitialize(DEDirector.java:1338)
	at ptolemy.actor.CompositeActor.preinitialize(CompositeActor.java:1828)
	at ptolemy.actor.Manager.preinitializeAndResolveTypes(Manager.java:1040)
	at ptolemy.actor.Manager.initialize(Manager.java:710)
	at ptolemy.actor.Manager.execute(Manager.java:356)
	at ptolemy.actor.Manager.run(Manager.java:1263)
	at ptolemy.actor.Manager$PtolemyRunThread.run(Manager.java:1933)
java.lang.reflect.InvocationTargetException
	at java.base/jdk.internal.reflect.NativeConstructorAccessorImpl.newInstance0(Native Method)
	at java.base/jdk.internal.reflect.NativeConstructorAccessorImpl.newInstance(NativeConstructorAccessorImpl.java:62)
	at java.base/jdk.internal.reflect.DelegatingConstructorAccessorImpl.newInstance(DelegatingConstructorAccessorImpl.java:45)
	at java.base/java.lang.reflect.Constructor.newInstance(Constructor.java:490)
	at ptolemy.util.test.junit.AutoKnownFailedTests.RunModel(AutoKnownFailedTests.java:105)
	at java.base/jdk.internal.reflect.NativeMethodAccessorImpl.invoke0(Native Method)
	at java.base/jdk.internal.reflect.NativeMethodAccessorImpl.invoke(NativeMethodAccessorImpl.java:62)
	at java.base/jdk.internal.reflect.DelegatingMethodAccessorImpl.invoke(DelegatingMethodAccessorImpl.java:43)
	at java.base/java.lang.reflect.Method.invoke(Method.java:566)
	at org.junit.runners.model.FrameworkMethod$1.runReflectiveCall(FrameworkMethod.java:44)
	at org.junit.internal.runners.model.ReflectiveCallable.run(ReflectiveCallable.java:15)
	at org.junit.runners.model.FrameworkMethod.invokeExplosively(FrameworkMethod.java:41)
	at junitparams.internal.InvokeParameterisedMethod.evaluate(InvokeParameterisedMethod.java:102)
	at org.junit.internal.runners.statements.FailOnTimeout$1.run(FailOnTimeout.java:28)
Caused by: ptolemy.kernel.util.IllegalActionException: Found a zero delay loop containing .dependencyLoop2.original
  in .dependencyLoop2 and .dependencyLoop2.original
	at ptolemy.actor.util.CausalityInterfaceForComposites._computeOutputPortDepth(CausalityInterfaceForComposites.java:759)
	at ptolemy.actor.util.CausalityInterfaceForComposites._computeInputDepth(CausalityInterfaceForComposites.java:696)
	at ptolemy.actor.util.CausalityInterfaceForComposites._computeOutputPortDepth(CausalityInterfaceForComposites.java:765)
	at ptolemy.actor.util.CausalityInterfaceForComposites._computeInputDepth(CausalityInterfaceForComposites.java:696)
	at ptolemy.actor.util.CausalityInterfaceForComposites._computeOutputPortDepth(CausalityInterfaceForComposites.java:765)
	at ptolemy.actor.util.CausalityInterfaceForComposites._computeInputDepth(CausalityInterfaceForComposites.java:696)
	at ptolemy.actor.util.CausalityInterfaceForComposites._computeActorDepth(CausalityInterfaceForComposites.java:532)
	at ptolemy.actor.util.CausalityInterfaceForComposites.checkForCycles(CausalityInterfaceForComposites.java:96)
	at ptolemy.domains.de.kernel.DEDirector.preinitialize(DEDirector.java:1338)
	at ptolemy.actor.CompositeActor.preinitialize(CompositeActor.java:1828)
	at ptolemy.actor.Manager.preinitializeAndResolveTypes(Manager.java:1040)
	at ptolemy.actor.Manager.initialize(Manager.java:710)
	at ptolemy.actor.Manager.execute(Manager.java:356)
	at ptolemy.actor.Manager.run(Manager.java:1263)
	at ptolemy.actor.Manager$PtolemyRunThread.run(Manager.java:1933)
]]></system-err>
</testsuite>
