<?xml version="1.0" encoding="UTF-8" ?>
<testsuite errors="0" failures="0" hostname="travis-job-effafbef-174c-476c-8861-9b1c21361f66" name="ptolemy.domains.modal.test.junit.JUnitTclTest" skipped="0" tests="148" time="10.621" timestamp="2020-05-12T14:20:32">
  <properties>
[...]
</properties>
  <testcase classname="ptolemy.util.test.junit.TclTests" name="[0] /home/travis/build/icyphy/ptII/ptolemy/domains/modal/test/SystemLevelType.tcl (RunTclFile)" time="1.874" />
  <testcase classname="ptolemy.util.test.junit.AutoKnownFailedTests" name="[0] /home/travis/build/icyphy/ptII/ptolemy/domains/modal/test/auto/knownFailedTests/CannotAnalysisWithPreemption.xml (RunModel)" time="0.347" />
  <testcase classname="ptolemy.util.test.junit.AutoNameArchTests" name="[0] ThereAreNoAutoArchTests (RunModel)" time="0.013" />
  <testcase classname="ptolemy.util.test.junit.AutoTests" name="[0] /home/travis/build/icyphy/ptII/ptolemy/domains/modal/test/auto/ABPTest.xml (RunModel)" time="0.74" />
  <testcase classname="ptolemy.util.test.junit.AutoTests" name="[1] /home/travis/build/icyphy/ptII/ptolemy/domains/modal/test/auto/ABROFlat.xml (RunModel)" time="0.088" />
  <testcase classname="ptolemy.util.test.junit.AutoTests" name="[2] /home/travis/build/icyphy/ptII/ptolemy/domains/modal/test/auto/ABROFlat2.xml (RunModel)" time="0.078" />
  <testcase classname="ptolemy.util.test.junit.AutoTests" name="[3] /home/travis/build/icyphy/ptII/ptolemy/domains/modal/test/auto/ABRO_present_hmm.xml (RunModel)" time="0.153" />
  <testcase classname="ptolemy.util.test.junit.AutoTests" name="[4] /home/travis/build/icyphy/ptII/ptolemy/domains/modal/test/auto/AMICoderExample.xml (RunModel)" time="0.09" />
  <testcase classname="ptolemy.util.test.junit.AutoTests" name="[5] /home/travis/build/icyphy/ptII/ptolemy/domains/modal/test/auto/AbsentToPresent.xml (RunModel)" time="0.029" />
  <testcase classname="ptolemy.util.test.junit.AutoTests" name="[6] /home/travis/build/icyphy/ptII/ptolemy/domains/modal/test/auto/Blending.xml (RunModel)" time="0.269" />
  <testcase classname="ptolemy.util.test.junit.AutoTests" name="[7] /home/travis/build/icyphy/ptII/ptolemy/domains/modal/test/auto/Broadcast.xml (RunModel)" time="0.036" />
  <testcase classname="ptolemy.util.test.junit.AutoTests" name="[8] /home/travis/build/icyphy/ptII/ptolemy/domains/modal/test/auto/BroadcastHierarchy.xml (RunModel)" time="0.045" />
  <testcase classname="ptolemy.util.test.junit.AutoTests" name="[9] /home/travis/build/icyphy/ptII/ptolemy/domains/modal/test/auto/BroadcastHierarchy2.xml (RunModel)" time="0.103" />
  <testcase classname="ptolemy.util.test.junit.AutoTests" name="[10] /home/travis/build/icyphy/ptII/ptolemy/domains/modal/test/auto/BroadcastHierarchy3.xml (RunModel)" time="0.075" />
  <testcase classname="ptolemy.util.test.junit.AutoTests" name="[11] /home/travis/build/icyphy/ptII/ptolemy/domains/modal/test/auto/BroadcastHierarchy4.xml (RunModel)" time="0.105" />
  <testcase classname="ptolemy.util.test.junit.AutoTests" name="[12] /home/travis/build/icyphy/ptII/ptolemy/domains/modal/test/auto/CannotAnalysisWithPreemption2.xml (RunModel)" time="0.034" />
  <testcase classname="ptolemy.util.test.junit.AutoTests" name="[13] /home/travis/build/icyphy/ptII/ptolemy/domains/modal/test/auto/CannotAnalysisWithPreemption3.xml (RunModel)" time="0.046" />
  <testcase classname="ptolemy.util.test.junit.AutoTests" name="[14] /home/travis/build/icyphy/ptII/ptolemy/domains/modal/test/auto/CannotProduce.xml (RunModel)" time="0.031" />
  <testcase classname="ptolemy.util.test.junit.AutoTests" name="[15] /home/travis/build/icyphy/ptII/ptolemy/domains/modal/test/auto/CannotProduceModal.xml (RunModel)" time="0.023" />
  <testcase classname="ptolemy.util.test.junit.AutoTests" name="[16] /home/travis/build/icyphy/ptII/ptolemy/domains/modal/test/auto/Case.xml (RunModel)" time="0.09" />
  <testcase classname="ptolemy.util.test.junit.AutoTests" name="[17] /home/travis/build/icyphy/ptII/ptolemy/domains/modal/test/auto/Case1.xml (RunModel)" time="0.042" />
  <testcase classname="ptolemy.util.test.junit.AutoTests" name="[18] /home/travis/build/icyphy/ptII/ptolemy/domains/modal/test/auto/Case2.xml (RunModel)" time="0.062" />
  <testcase classname="ptolemy.util.test.junit.AutoTests" name="[19] /home/travis/build/icyphy/ptII/ptolemy/domains/modal/test/auto/CausalityInterface1.xml (RunModel)" time="0.05" />
  <testcase classname="ptolemy.util.test.junit.AutoTests" name="[20] /home/travis/build/icyphy/ptII/ptolemy/domains/modal/test/auto/CausalityInterface10.xml (RunModel)" time="0.073" />
  <testcase classname="ptolemy.util.test.junit.AutoTests" name="[21] /home/travis/build/icyphy/ptII/ptolemy/domains/modal/test/auto/CausalityInterface11.xml (RunModel)" time="0.056" />
  <testcase classname="ptolemy.util.test.junit.AutoTests" name="[22] /home/travis/build/icyphy/ptII/ptolemy/domains/modal/test/auto/CausalityInterface12.xml (RunModel)" time="0.048" />
  <testcase classname="ptolemy.util.test.junit.AutoTests" name="[23] /home/travis/build/icyphy/ptII/ptolemy/domains/modal/test/auto/CausalityInterface13.xml (RunModel)" time="0.058" />
  <testcase classname="ptolemy.util.test.junit.AutoTests" name="[24] /home/travis/build/icyphy/ptII/ptolemy/domains/modal/test/auto/CausalityInterface14.xml (RunModel)" time="0.056" />
  <testcase classname="ptolemy.util.test.junit.AutoTests" name="[25] /home/travis/build/icyphy/ptII/ptolemy/domains/modal/test/auto/CausalityInterface2.xml (RunModel)" time="0.03" />
  <testcase classname="ptolemy.util.test.junit.AutoTests" name="[26] /home/travis/build/icyphy/ptII/ptolemy/domains/modal/test/auto/CausalityInterface3.xml (RunModel)" time="0.03" />
  <testcase classname="ptolemy.util.test.junit.AutoTests" name="[27] /home/travis/build/icyphy/ptII/ptolemy/domains/modal/test/auto/CausalityInterface4.xml (RunModel)" time="0.048" />
  <testcase classname="ptolemy.util.test.junit.AutoTests" name="[28] /home/travis/build/icyphy/ptII/ptolemy/domains/modal/test/auto/CausalityInterface5.xml (RunModel)" time="0.033" />
  <testcase classname="ptolemy.util.test.junit.AutoTests" name="[29] /home/travis/build/icyphy/ptII/ptolemy/domains/modal/test/auto/CausalityInterface6.xml (RunModel)" time="0.033" />
  <testcase classname="ptolemy.util.test.junit.AutoTests" name="[30] /home/travis/build/icyphy/ptII/ptolemy/domains/modal/test/auto/CausalityInterface7.xml (RunModel)" time="0.054" />
  <testcase classname="ptolemy.util.test.junit.AutoTests" name="[31] /home/travis/build/icyphy/ptII/ptolemy/domains/modal/test/auto/CausalityInterface8.xml (RunModel)" time="0.043" />
  <testcase classname="ptolemy.util.test.junit.AutoTests" name="[32] /home/travis/build/icyphy/ptII/ptolemy/domains/modal/test/auto/CausalityInterface9.xml (RunModel)" time="0.035" />
  <testcase classname="ptolemy.util.test.junit.AutoTests" name="[33] /home/travis/build/icyphy/ptII/ptolemy/domains/modal/test/auto/ChainedTransitions.xml (RunModel)" time="0.169" />
  <testcase classname="ptolemy.util.test.junit.AutoTests" name="[34] /home/travis/build/icyphy/ptII/ptolemy/domains/modal/test/auto/CycleOfImmediateTransitionsFSM.xml (RunModel)" time="0.025" />
  <testcase classname="ptolemy.util.test.junit.AutoTests" name="[35] /home/travis/build/icyphy/ptII/ptolemy/domains/modal/test/auto/CycleOfImmediateTransitionsModal.xml (RunModel)" time="0.025" />
  <testcase classname="ptolemy.util.test.junit.AutoTests" name="[36] /home/travis/build/icyphy/ptII/ptolemy/domains/modal/test/auto/CycleOfImmediateTransitionsModal2.xml (RunModel)" time="0.04" />
  <testcase classname="ptolemy.util.test.junit.AutoTests" name="[37] /home/travis/build/icyphy/ptII/ptolemy/domains/modal/test/auto/CycleOfImmediateTransitionsModal3.xml (RunModel)" time="0.067" />
  <testcase classname="ptolemy.util.test.junit.AutoTests" name="[38] /home/travis/build/icyphy/ptII/ptolemy/domains/modal/test/auto/DeepModal1.xml (RunModel)" time="0.05" />
  <testcase classname="ptolemy.util.test.junit.AutoTests" name="[39] /home/travis/build/icyphy/ptII/ptolemy/domains/modal/test/auto/DeepModal2.xml (RunModel)" time="0.081" />
  <testcase classname="ptolemy.util.test.junit.AutoTests" name="[40] /home/travis/build/icyphy/ptII/ptolemy/domains/modal/test/auto/DeepModal3.xml (RunModel)" time="0.07" />
  <testcase classname="ptolemy.util.test.junit.AutoTests" name="[41] /home/travis/build/icyphy/ptII/ptolemy/domains/modal/test/auto/DeepModal4.xml (RunModel)" time="0.063" />
  <testcase classname="ptolemy.util.test.junit.AutoTests" name="[42] /home/travis/build/icyphy/ptII/ptolemy/domains/modal/test/auto/Default1.xml (RunModel)" time="0.016" />
  <testcase classname="ptolemy.util.test.junit.AutoTests" name="[43] /home/travis/build/icyphy/ptII/ptolemy/domains/modal/test/auto/Default2.xml (RunModel)" time="0.021" />
  <testcase classname="ptolemy.util.test.junit.AutoTests" name="[44] /home/travis/build/icyphy/ptII/ptolemy/domains/modal/test/auto/Default3.xml (RunModel)" time="0.026" />
  <testcase classname="ptolemy.util.test.junit.AutoTests" name="[45] /home/travis/build/icyphy/ptII/ptolemy/domains/modal/test/auto/Default4.xml (RunModel)" time="0.028" />
  <testcase classname="ptolemy.util.test.junit.AutoTests" name="[46] /home/travis/build/icyphy/ptII/ptolemy/domains/modal/test/auto/Default5.xml (RunModel)" time="0.024" />
  <testcase classname="ptolemy.util.test.junit.AutoTests" name="[47] /home/travis/build/icyphy/ptII/ptolemy/domains/modal/test/auto/EmptyGuard.xml (RunModel)" time="0.027" />
  <testcase classname="ptolemy.util.test.junit.AutoTests" name="[48] /home/travis/build/icyphy/ptII/ptolemy/domains/modal/test/auto/ErrorTransition1.xml (RunModel)" time="0.038" />
  <testcase classname="ptolemy.util.test.junit.AutoTests" name="[49] /home/travis/build/icyphy/ptII/ptolemy/domains/modal/test/auto/ErrorTransition10.xml (RunModel)" time="0.037" />
  <testcase classname="ptolemy.util.test.junit.AutoTests" name="[50] /home/travis/build/icyphy/ptII/ptolemy/domains/modal/test/auto/ErrorTransition11.xml (RunModel)" time="0.056" />
  <testcase classname="ptolemy.util.test.junit.AutoTests" name="[51] /home/travis/build/icyphy/ptII/ptolemy/domains/modal/test/auto/ErrorTransition2.xml (RunModel)" time="0.029" />
  <testcase classname="ptolemy.util.test.junit.AutoTests" name="[52] /home/travis/build/icyphy/ptII/ptolemy/domains/modal/test/auto/ErrorTransition3.xml (RunModel)" time="0.044" />
  <testcase classname="ptolemy.util.test.junit.AutoTests" name="[53] /home/travis/build/icyphy/ptII/ptolemy/domains/modal/test/auto/ErrorTransition4.xml (RunModel)" time="0.038" />
  <testcase classname="ptolemy.util.test.junit.AutoTests" name="[54] /home/travis/build/icyphy/ptII/ptolemy/domains/modal/test/auto/ErrorTransition5.xml (RunModel)" time="0.028" />
  <testcase classname="ptolemy.util.test.junit.AutoTests" name="[55] /home/travis/build/icyphy/ptII/ptolemy/domains/modal/test/auto/ErrorTransition6.xml (RunModel)" time="0.032" />
  <testcase classname="ptolemy.util.test.junit.AutoTests" name="[56] /home/travis/build/icyphy/ptII/ptolemy/domains/modal/test/auto/ErrorTransition7.xml (RunModel)" time="0.042" />
  <testcase classname="ptolemy.util.test.junit.AutoTests" name="[57] /home/travis/build/icyphy/ptII/ptolemy/domains/modal/test/auto/ErrorTransition8.xml (RunModel)" time="0.046" />
  <testcase classname="ptolemy.util.test.junit.AutoTests" name="[58] /home/travis/build/icyphy/ptII/ptolemy/domains/modal/test/auto/ErrorTransition9.xml (RunModel)" time="0.035" />
  <testcase classname="ptolemy.util.test.junit.AutoTests" name="[59] /home/travis/build/icyphy/ptII/ptolemy/domains/modal/test/auto/ExtendedFSM.xml (RunModel)" time="0.022" />
  <testcase classname="ptolemy.util.test.junit.AutoTests" name="[60] /home/travis/build/icyphy/ptII/ptolemy/domains/modal/test/auto/FinalStates.xml (RunModel)" time="0.02" />
  <testcase classname="ptolemy.util.test.junit.AutoTests" name="[61] /home/travis/build/icyphy/ptII/ptolemy/domains/modal/test/auto/FixedPointFSM.xml (RunModel)" time="0.044" />
  <testcase classname="ptolemy.util.test.junit.AutoTests" name="[62] /home/travis/build/icyphy/ptII/ptolemy/domains/modal/test/auto/FixedPointIterationFSMActor.xml (RunModel)" time="0.028" />
  <testcase classname="ptolemy.util.test.junit.AutoTests" name="[63] /home/travis/build/icyphy/ptII/ptolemy/domains/modal/test/auto/FixedPointIterationFSMActor2.xml (RunModel)" time="0.053" />
  <testcase classname="ptolemy.util.test.junit.AutoTests" name="[64] /home/travis/build/icyphy/ptII/ptolemy/domains/modal/test/auto/ForbiddenInstantanousLoop.xml (RunModel)" time="0.038" />
  <testcase classname="ptolemy.util.test.junit.AutoTests" name="[65] /home/travis/build/icyphy/ptII/ptolemy/domains/modal/test/auto/FunctionDependencyOfFSMActorTest.xml (RunModel)" time="0.029" />
  <testcase classname="ptolemy.util.test.junit.AutoTests" name="[66] /home/travis/build/icyphy/ptII/ptolemy/domains/modal/test/auto/GuardExpression.xml (RunModel)" time="0.016" />
  <testcase classname="ptolemy.util.test.junit.AutoTests" name="[67] /home/travis/build/icyphy/ptII/ptolemy/domains/modal/test/auto/GuardNotEvaluated.xml (RunModel)" time="0.032" />
  <testcase classname="ptolemy.util.test.junit.AutoTests" name="[68] /home/travis/build/icyphy/ptII/ptolemy/domains/modal/test/auto/GuardNotEvaluated2.xml (RunModel)" time="0.023" />
  <testcase classname="ptolemy.util.test.junit.AutoTests" name="[69] /home/travis/build/icyphy/ptII/ptolemy/domains/modal/test/auto/GuardOnAbsent.xml (RunModel)" time="0.024" />
  <testcase classname="ptolemy.util.test.junit.AutoTests" name="[70] /home/travis/build/icyphy/ptII/ptolemy/domains/modal/test/auto/HierarchicalFSMTypeInference.xml (RunModel)" time="0.032" />
  <testcase classname="ptolemy.util.test.junit.AutoTests" name="[71] /home/travis/build/icyphy/ptII/ptolemy/domains/modal/test/auto/Hysteresis.xml (RunModel)" time="0.051" />
  <testcase classname="ptolemy.util.test.junit.AutoTests" name="[72] /home/travis/build/icyphy/ptII/ptolemy/domains/modal/test/auto/HysteresisWithDefault.xml (RunModel)" time="0.076" />
  <testcase classname="ptolemy.util.test.junit.AutoTests" name="[73] /home/travis/build/icyphy/ptII/ptolemy/domains/modal/test/auto/HysteresisWithDefault2.xml (RunModel)" time="0.07" />
  <testcase classname="ptolemy.util.test.junit.AutoTests" name="[74] /home/travis/build/icyphy/ptII/ptolemy/domains/modal/test/auto/ImmediateNonConstructiveness.xml (RunModel)" time="0.032" />
  <testcase classname="ptolemy.util.test.junit.AutoTests" name="[75] /home/travis/build/icyphy/ptII/ptolemy/domains/modal/test/auto/ImmediateNonConstructiveness2.xml (RunModel)" time="0.017" />
  <testcase classname="ptolemy.util.test.junit.AutoTests" name="[76] /home/travis/build/icyphy/ptII/ptolemy/domains/modal/test/auto/ImmediateTransitionReset.xml (RunModel)" time="0.03" />
  <testcase classname="ptolemy.util.test.junit.AutoTests" name="[77] /home/travis/build/icyphy/ptII/ptolemy/domains/modal/test/auto/ImmediateTransitions1.xml (RunModel)" time="0.012" />
  <testcase classname="ptolemy.util.test.junit.AutoTests" name="[78] /home/travis/build/icyphy/ptII/ptolemy/domains/modal/test/auto/ImmediateTransitionsInstantaneousCommunication.xml (RunModel)" time="0.033" />
  <testcase classname="ptolemy.util.test.junit.AutoTests" name="[79] /home/travis/build/icyphy/ptII/ptolemy/domains/modal/test/auto/InitialImmediateTransition.xml (RunModel)" time="0.018" />
  <testcase classname="ptolemy.util.test.junit.AutoTests" name="[80] /home/travis/build/icyphy/ptII/ptolemy/domains/modal/test/auto/InitialOutputs.xml (RunModel)" time="0.016" />
  <testcase classname="ptolemy.util.test.junit.AutoTests" name="[81] /home/travis/build/icyphy/ptII/ptolemy/domains/modal/test/auto/InitialStateTransition1.xml (RunModel)" time="0.019" />
  <testcase classname="ptolemy.util.test.junit.AutoTests" name="[82] /home/travis/build/icyphy/ptII/ptolemy/domains/modal/test/auto/InitialStateTransition2.xml (RunModel)" time="0.022" />
  <testcase classname="ptolemy.util.test.junit.AutoTests" name="[83] /home/travis/build/icyphy/ptII/ptolemy/domains/modal/test/auto/InitialStateTransition3.xml (RunModel)" time="0.023" />
  <testcase classname="ptolemy.util.test.junit.AutoTests" name="[84] /home/travis/build/icyphy/ptII/ptolemy/domains/modal/test/auto/InitialStateTransition4.xml (RunModel)" time="0.025" />
  <testcase classname="ptolemy.util.test.junit.AutoTests" name="[85] /home/travis/build/icyphy/ptII/ptolemy/domains/modal/test/auto/MalformedGuardExpressionNotCaught.xml (RunModel)" time="0.025" />
  <testcase classname="ptolemy.util.test.junit.AutoTests" name="[86] /home/travis/build/icyphy/ptII/ptolemy/domains/modal/test/auto/ModalBSC.xml (RunModel)" time="0.101" />
  <testcase classname="ptolemy.util.test.junit.AutoTests" name="[87] /home/travis/build/icyphy/ptII/ptolemy/domains/modal/test/auto/ModalClocks.xml (RunModel)" time="0.086" />
  <testcase classname="ptolemy.util.test.junit.AutoTests" name="[88] /home/travis/build/icyphy/ptII/ptolemy/domains/modal/test/auto/ModalDelay.xml (RunModel)" time="0.041" />
  <testcase classname="ptolemy.util.test.junit.AutoTests" name="[89] /home/travis/build/icyphy/ptII/ptolemy/domains/modal/test/auto/ModalDelay2.xml (RunModel)" time="0.045" />
  <testcase classname="ptolemy.util.test.junit.AutoTests" name="[90] /home/travis/build/icyphy/ptII/ptolemy/domains/modal/test/auto/ModalModelFromMemo.xml (RunModel)" time="0.057" />
  <testcase classname="ptolemy.util.test.junit.AutoTests" name="[91] /home/travis/build/icyphy/ptII/ptolemy/domains/modal/test/auto/ModalModelWithMultirateTransient.xml (RunModel)" time="0.047" />
  <testcase classname="ptolemy.util.test.junit.AutoTests" name="[92] /home/travis/build/icyphy/ptII/ptolemy/domains/modal/test/auto/ModalModelWithReset.xml (RunModel)" time="0.052" />
  <testcase classname="ptolemy.util.test.junit.AutoTests" name="[93] /home/travis/build/icyphy/ptII/ptolemy/domains/modal/test/auto/MouseClickFSM.xml (RunModel)" time="0.039" />
  <testcase classname="ptolemy.util.test.junit.AutoTests" name="[94] /home/travis/build/icyphy/ptII/ptolemy/domains/modal/test/auto/MouseClickFSMModal.xml (RunModel)" time="0.029" />
  <testcase classname="ptolemy.util.test.junit.AutoTests" name="[95] /home/travis/build/icyphy/ptII/ptolemy/domains/modal/test/auto/NonStrictFSM_FeedbackLoop.xml (RunModel)" time="0.044" />
  <testcase classname="ptolemy.util.test.junit.AutoTests" name="[96] /home/travis/build/icyphy/ptII/ptolemy/domains/modal/test/auto/NonStrictFSM_FeedbackLoop_Refinement.xml (RunModel)" time="0.099" />
  <testcase classname="ptolemy.util.test.junit.AutoTests" name="[97] /home/travis/build/icyphy/ptII/ptolemy/domains/modal/test/auto/NonStrictFSM_FeedbackLoop_preemptive.xml (RunModel)" time="0.055" />
  <testcase classname="ptolemy.util.test.junit.AutoTests" name="[98] /home/travis/build/icyphy/ptII/ptolemy/domains/modal/test/auto/NormalTermination.xml (RunModel)" time="0.05" />
  <testcase classname="ptolemy.util.test.junit.AutoTests" name="[99] /home/travis/build/icyphy/ptII/ptolemy/domains/modal/test/auto/Pong.xml (RunModel)" time="0.06" />
  <testcase classname="ptolemy.util.test.junit.AutoTests" name="[100] /home/travis/build/icyphy/ptII/ptolemy/domains/modal/test/auto/Pong_test.xml (RunModel)" time="0.078" />
  <testcase classname="ptolemy.util.test.junit.AutoTests" name="[101] /home/travis/build/icyphy/ptII/ptolemy/domains/modal/test/auto/PreemptionHierarchy.xml (RunModel)" time="0.023" />
  <testcase classname="ptolemy.util.test.junit.AutoTests" name="[102] /home/travis/build/icyphy/ptII/ptolemy/domains/modal/test/auto/PreemptionHierarchy2.xml (RunModel)" time="0.032" />
  <testcase classname="ptolemy.util.test.junit.AutoTests" name="[103] /home/travis/build/icyphy/ptII/ptolemy/domains/modal/test/auto/PreemptiveTransition.xml (RunModel)" time="0.022" />
  <testcase classname="ptolemy.util.test.junit.AutoTests" name="[104] /home/travis/build/icyphy/ptII/ptolemy/domains/modal/test/auto/Priorities.xml (RunModel)" time="0.072" />
  <testcase classname="ptolemy.util.test.junit.AutoTests" name="[105] /home/travis/build/icyphy/ptII/ptolemy/domains/modal/test/auto/ResetFinal.xml (RunModel)" time="0.047" />
  <testcase classname="ptolemy.util.test.junit.AutoTests" name="[106] /home/travis/build/icyphy/ptII/ptolemy/domains/modal/test/auto/ResetFinal2.xml (RunModel)" time="0.051" />
  <testcase classname="ptolemy.util.test.junit.AutoTests" name="[107] /home/travis/build/icyphy/ptII/ptolemy/domains/modal/test/auto/ResetTransitionWithStartTime.xml (RunModel)" time="0.029" />
  <testcase classname="ptolemy.util.test.junit.AutoTests" name="[108] /home/travis/build/icyphy/ptII/ptolemy/domains/modal/test/auto/SDF-FSMComposite.xml (RunModel)" time="0.021" />
  <testcase classname="ptolemy.util.test.junit.AutoTests" name="[109] /home/travis/build/icyphy/ptII/ptolemy/domains/modal/test/auto/SeeminglyNondeterminate.xml (RunModel)" time="0.063" />
  <testcase classname="ptolemy.util.test.junit.AutoTests" name="[110] /home/travis/build/icyphy/ptII/ptolemy/domains/modal/test/auto/SeeminglyNondeterminate2.xml (RunModel)" time="0.066" />
  <testcase classname="ptolemy.util.test.junit.AutoTests" name="[111] /home/travis/build/icyphy/ptII/ptolemy/domains/modal/test/auto/SpontaneousFSM.xml (RunModel)" time="0.043" />
  <testcase classname="ptolemy.util.test.junit.AutoTests" name="[112] /home/travis/build/icyphy/ptII/ptolemy/domains/modal/test/auto/SpontaneousFSM2.xml (RunModel)" time="0.026" />
  <testcase classname="ptolemy.util.test.junit.AutoTests" name="[113] /home/travis/build/icyphy/ptII/ptolemy/domains/modal/test/auto/SpontaneousFSM3.xml (RunModel)" time="0.04" />
  <testcase classname="ptolemy.util.test.junit.AutoTests" name="[114] /home/travis/build/icyphy/ptII/ptolemy/domains/modal/test/auto/SpontaneousFSM4.xml (RunModel)" time="0.038" />
  <testcase classname="ptolemy.util.test.junit.AutoTests" name="[115] /home/travis/build/icyphy/ptII/ptolemy/domains/modal/test/auto/StateTrackerTest.xml (RunModel)" time="0.062" />
  <testcase classname="ptolemy.util.test.junit.AutoTests" name="[116] /home/travis/build/icyphy/ptII/ptolemy/domains/modal/test/auto/StrongImmediateTransition.xml (RunModel)" time="0.039" />
  <testcase classname="ptolemy.util.test.junit.AutoTests" name="[117] /home/travis/build/icyphy/ptII/ptolemy/domains/modal/test/auto/SustainHierarchy.xml (RunModel)" time="0.028" />
  <testcase classname="ptolemy.util.test.junit.AutoTests" name="[118] /home/travis/build/icyphy/ptII/ptolemy/domains/modal/test/auto/TerminationTransition1.xml (RunModel)" time="0.017" />
  <testcase classname="ptolemy.util.test.junit.AutoTests" name="[119] /home/travis/build/icyphy/ptII/ptolemy/domains/modal/test/auto/TerminationTransition2.xml (RunModel)" time="0.023" />
  <testcase classname="ptolemy.util.test.junit.AutoTests" name="[120] /home/travis/build/icyphy/ptII/ptolemy/domains/modal/test/auto/TerminationTransition3.xml (RunModel)" time="0.02" />
  <testcase classname="ptolemy.util.test.junit.AutoTests" name="[121] /home/travis/build/icyphy/ptII/ptolemy/domains/modal/test/auto/TerminationTransition4.xml (RunModel)" time="0.033" />
  <testcase classname="ptolemy.util.test.junit.AutoTests" name="[122] /home/travis/build/icyphy/ptII/ptolemy/domains/modal/test/auto/TerminationTransition5.xml (RunModel)" time="0.031" />
  <testcase classname="ptolemy.util.test.junit.AutoTests" name="[123] /home/travis/build/icyphy/ptII/ptolemy/domains/modal/test/auto/TerminationTransition6.xml (RunModel)" time="0.021" />
  <testcase classname="ptolemy.util.test.junit.AutoTests" name="[124] /home/travis/build/icyphy/ptII/ptolemy/domains/modal/test/auto/TerminationTransition7.xml (RunModel)" time="0.022" />
  <testcase classname="ptolemy.util.test.junit.AutoTests" name="[125] /home/travis/build/icyphy/ptII/ptolemy/domains/modal/test/auto/TerminationTransition8.xml (RunModel)" time="0.026" />
  <testcase classname="ptolemy.util.test.junit.AutoTests" name="[126] /home/travis/build/icyphy/ptII/ptolemy/domains/modal/test/auto/Thermostat_NoHysteresis.xml (RunModel)" time="0.074" />
  <testcase classname="ptolemy.util.test.junit.AutoTests" name="[127] /home/travis/build/icyphy/ptII/ptolemy/domains/modal/test/auto/TimedFSM.xml (RunModel)" time="0.03" />
  <testcase classname="ptolemy.util.test.junit.AutoTests" name="[128] /home/travis/build/icyphy/ptII/ptolemy/domains/modal/test/auto/Timeout1.xml (RunModel)" time="0.013" />
  <testcase classname="ptolemy.util.test.junit.AutoTests" name="[129] /home/travis/build/icyphy/ptII/ptolemy/domains/modal/test/auto/Timeout2.xml (RunModel)" time="0.02" />
  <testcase classname="ptolemy.util.test.junit.AutoTests" name="[130] /home/travis/build/icyphy/ptII/ptolemy/domains/modal/test/auto/Timeout3.xml (RunModel)" time="0.011" />
  <testcase classname="ptolemy.util.test.junit.AutoTests" name="[131] /home/travis/build/icyphy/ptII/ptolemy/domains/modal/test/auto/Timeout4.xml (RunModel)" time="0.012" />
  <testcase classname="ptolemy.util.test.junit.AutoTests" name="[132] /home/travis/build/icyphy/ptII/ptolemy/domains/modal/test/auto/TransientstateModelAdvanced.xml (RunModel)" time="0.046" />
  <testcase classname="ptolemy.util.test.junit.AutoTests" name="[133] /home/travis/build/icyphy/ptII/ptolemy/domains/modal/test/auto/TransientstateModelAdvanced2.xml (RunModel)" time="0.027" />
  <testcase classname="ptolemy.util.test.junit.AutoTests" name="[134] /home/travis/build/icyphy/ptII/ptolemy/domains/modal/test/auto/TransitionRefinements.xml (RunModel)" time="0.023" />
  <testcase classname="ptolemy.util.test.junit.AutoTests" name="[135] /home/travis/build/icyphy/ptII/ptolemy/domains/modal/test/auto/TwoRefinements1.xml (RunModel)" time="0.023" />
  <testcase classname="ptolemy.util.test.junit.AutoTests" name="[136] /home/travis/build/icyphy/ptII/ptolemy/domains/modal/test/auto/TwoRefinements2.xml (RunModel)" time="0.023" />
  <testcase classname="ptolemy.util.test.junit.AutoTests" name="[137] /home/travis/build/icyphy/ptII/ptolemy/domains/modal/test/auto/WeakImmediateTransition.xml (RunModel)" time="0.026" />
  <testcase classname="ptolemy.util.test.junit.AutoTests" name="[138] /home/travis/build/icyphy/ptII/ptolemy/domains/modal/test/auto/booleanSelect.xml (RunModel)" time="0.069" />
  <testcase classname="ptolemy.util.test.junit.AutoTests" name="[139] /home/travis/build/icyphy/ptII/ptolemy/domains/modal/test/auto/modalChangingParams.xml (RunModel)" time="0.326" />
  <testcase classname="ptolemy.util.test.junit.AutoTests" name="[140] /home/travis/build/icyphy/ptII/ptolemy/domains/modal/test/auto/modalModel.xml (RunModel)" time="0.026" />
  <testcase classname="ptolemy.util.test.junit.AutoTests" name="[141] /home/travis/build/icyphy/ptII/ptolemy/domains/modal/test/auto/modalModel2.xml (RunModel)" time="0.034" />
  <testcase classname="ptolemy.util.test.junit.AutoTests" name="[142] /home/travis/build/icyphy/ptII/ptolemy/domains/modal/test/auto/modalModel3.xml (RunModel)" time="0.046" />
  <testcase classname="ptolemy.util.test.junit.AutoTests" name="[143] /home/travis/build/icyphy/ptII/ptolemy/domains/modal/test/auto/model1.xml (RunModel)" time="0.024" />
  <testcase classname="ptolemy.util.test.junit.AutoTests" name="[144] /home/travis/build/icyphy/ptII/ptolemy/domains/modal/test/auto/test-direct-in-out.xml (RunModel)" time="0.029" />
  <system-out><![CDATA[/home/travis/build/icyphy/ptII/ptolemy/domains/modal/test/SystemLevelType.tcl
testDefs.tcl: setting time out to 9000 seconds at Tue May 12 14:20:32 UTC 2020
05/12/20 02:20:34
Failed: 0  Total Tests: 1  ((Passed: 1, Newly Passed: 0)  Known Failed: 0) /home/travis/build/icyphy/ptII/ptolemy/domains/modal/test
----------------- testing (KnownFailure) /home/travis/build/icyphy/ptII/ptolemy/domains/modal/test/auto/knownFailedTests/CannotAnalysisWithPreemption.xml
188 ms. Memory: 168960K Free: 126948K (75%)
Known Failure: java.lang.reflect.InvocationTargetException
No auto/linux-amd64/*.xml tests in /home/travis/build/icyphy/ptII/ptolemy/domains/modal/test
AutoTests.java: About to close Vertx.
AutoTests.java: Vertx closed.

===========================================================================================
----------------- testing Tue May 12 14:20:35 UTC 2020 /home/travis/build/icyphy/ptII/ptolemy/domains/modal/test/auto/ABPTest.xml
----------------- Instantiating /home/travis/build/icyphy/ptII/ptolemy/domains/modal/test/auto/ABPTest.xml
365 ms. Memory: 168960K Free: 126481K (75%)
----------------- Invoking toplevel() on ptolemy.moml.MoMLSimpleApplication@385b88b
----------------- Done invoking toplevel() on ptolemy.moml.MoMLSimpleApplication@385b88b
reloadAllAccessors: .ABPTest

===========================================================================================
----------------- testing Tue May 12 14:20:36 UTC 2020 /home/travis/build/icyphy/ptII/ptolemy/domains/modal/test/auto/ABROFlat.xml
----------------- Instantiating /home/travis/build/icyphy/ptII/ptolemy/domains/modal/test/auto/ABROFlat.xml
29 ms. Memory: 168960K Free: 110498K (65%)
----------------- Invoking toplevel() on ptolemy.moml.MoMLSimpleApplication@328edd43
----------------- Done invoking toplevel() on ptolemy.moml.MoMLSimpleApplication@328edd43
reloadAllAccessors: .ABROFlat

===========================================================================================
----------------- testing Tue May 12 14:20:36 UTC 2020 /home/travis/build/icyphy/ptII/ptolemy/domains/modal/test/auto/ABROFlat2.xml
----------------- Instantiating /home/travis/build/icyphy/ptII/ptolemy/domains/modal/test/auto/ABROFlat2.xml
29 ms. Memory: 168960K Free: 93604K (55%)
----------------- Invoking toplevel() on ptolemy.moml.MoMLSimpleApplication@7d581c78
----------------- Done invoking toplevel() on ptolemy.moml.MoMLSimpleApplication@7d581c78
reloadAllAccessors: .ABROFlat2

===========================================================================================
----------------- testing Tue May 12 14:20:36 UTC 2020 /home/travis/build/icyphy/ptII/ptolemy/domains/modal/test/auto/ABRO_present_hmm.xml
----------------- Instantiating /home/travis/build/icyphy/ptII/ptolemy/domains/modal/test/auto/ABRO_present_hmm.xml
37 ms. Memory: 168960K Free: 66980K (40%)
----------------- Invoking toplevel() on ptolemy.moml.MoMLSimpleApplication@6bd1f6a5
----------------- Done invoking toplevel() on ptolemy.moml.MoMLSimpleApplication@6bd1f6a5
reloadAllAccessors: .ABRO_present_hmm

===========================================================================================
----------------- testing Tue May 12 14:20:36 UTC 2020 /home/travis/build/icyphy/ptII/ptolemy/domains/modal/test/auto/AMICoderExample.xml
----------------- Instantiating /home/travis/build/icyphy/ptII/ptolemy/domains/modal/test/auto/AMICoderExample.xml
45 ms. Memory: 168960K Free: 146227K (87%)
----------------- Invoking toplevel() on ptolemy.moml.MoMLSimpleApplication@53e4e4c1
----------------- Done invoking toplevel() on ptolemy.moml.MoMLSimpleApplication@53e4e4c1
reloadAllAccessors: .AMICoderExample

===========================================================================================
----------------- testing Tue May 12 14:20:36 UTC 2020 /home/travis/build/icyphy/ptII/ptolemy/domains/modal/test/auto/AbsentToPresent.xml
----------------- Instantiating /home/travis/build/icyphy/ptII/ptolemy/domains/modal/test/auto/AbsentToPresent.xml
7 ms. Memory: 168960K Free: 141635K (84%)
----------------- Invoking toplevel() on ptolemy.moml.MoMLSimpleApplication@2e5e996a
----------------- Done invoking toplevel() on ptolemy.moml.MoMLSimpleApplication@2e5e996a
reloadAllAccessors: .AbsentToPresent

===========================================================================================
----------------- testing Tue May 12 14:20:36 UTC 2020 /home/travis/build/icyphy/ptII/ptolemy/domains/modal/test/auto/Blending.xml
----------------- Instantiating /home/travis/build/icyphy/ptII/ptolemy/domains/modal/test/auto/Blending.xml
161 ms. Memory: 168960K Free: 97089K (57%)
----------------- Invoking toplevel() on ptolemy.moml.MoMLSimpleApplication@69d1c9a
----------------- Done invoking toplevel() on ptolemy.moml.MoMLSimpleApplication@69d1c9a
reloadAllAccessors: .Blending

===========================================================================================
----------------- testing Tue May 12 14:20:36 UTC 2020 /home/travis/build/icyphy/ptII/ptolemy/domains/modal/test/auto/Broadcast.xml
----------------- Instantiating /home/travis/build/icyphy/ptII/ptolemy/domains/modal/test/auto/Broadcast.xml
7 ms. Memory: 168960K Free: 86835K (51%)
----------------- Invoking toplevel() on ptolemy.moml.MoMLSimpleApplication@49e74578
----------------- Done invoking toplevel() on ptolemy.moml.MoMLSimpleApplication@49e74578
reloadAllAccessors: .Broadcast

===========================================================================================
----------------- testing Tue May 12 14:20:36 UTC 2020 /home/travis/build/icyphy/ptII/ptolemy/domains/modal/test/auto/BroadcastHierarchy.xml
----------------- Instantiating /home/travis/build/icyphy/ptII/ptolemy/domains/modal/test/auto/BroadcastHierarchy.xml
7 ms. Memory: 168960K Free: 73027K (43%)
----------------- Invoking toplevel() on ptolemy.moml.MoMLSimpleApplication@6df62721
----------------- Done invoking toplevel() on ptolemy.moml.MoMLSimpleApplication@6df62721
reloadAllAccessors: .BroadcastHierarchy

===========================================================================================
----------------- testing Tue May 12 14:20:37 UTC 2020 /home/travis/build/icyphy/ptII/ptolemy/domains/modal/test/auto/BroadcastHierarchy2.xml
----------------- Instantiating /home/travis/build/icyphy/ptII/ptolemy/domains/modal/test/auto/BroadcastHierarchy2.xml
17 ms. Memory: 202752K Free: 174284K (86%)
----------------- Invoking toplevel() on ptolemy.moml.MoMLSimpleApplication@5821e8df
----------------- Done invoking toplevel() on ptolemy.moml.MoMLSimpleApplication@5821e8df
reloadAllAccessors: .BroadcastHierarchy2

===========================================================================================
----------------- testing Tue May 12 14:20:37 UTC 2020 /home/travis/build/icyphy/ptII/ptolemy/domains/modal/test/auto/BroadcastHierarchy3.xml
----------------- Instantiating /home/travis/build/icyphy/ptII/ptolemy/domains/modal/test/auto/BroadcastHierarchy3.xml
14 ms. Memory: 202752K Free: 153411K (76%)
----------------- Invoking toplevel() on ptolemy.moml.MoMLSimpleApplication@53a6b2b2
----------------- Done invoking toplevel() on ptolemy.moml.MoMLSimpleApplication@53a6b2b2
reloadAllAccessors: .BroadcastHierarchy3

===========================================================================================
----------------- testing Tue May 12 14:20:37 UTC 2020 /home/travis/build/icyphy/ptII/ptolemy/domains/modal/test/auto/BroadcastHierarchy4.xml
----------------- Instantiating /home/travis/build/icyphy/ptII/ptolemy/domains/modal/test/auto/BroadcastHierarchy4.xml
22 ms. Memory: 202752K Free: 129339K (64%)
----------------- Invoking toplevel() on ptolemy.moml.MoMLSimpleApplication@2a320e0c
----------------- Done invoking toplevel() on ptolemy.moml.MoMLSimpleApplication@2a320e0c
reloadAllAccessors: .BroadcastHierarchy4

===========================================================================================
----------------- testing Tue May 12 14:20:37 UTC 2020 /home/travis/build/icyphy/ptII/ptolemy/domains/modal/test/auto/CannotAnalysisWithPreemption2.xml
----------------- Instantiating /home/travis/build/icyphy/ptII/ptolemy/domains/modal/test/auto/CannotAnalysisWithPreemption2.xml
4 ms. Memory: 202752K Free: 121667K (60%)
----------------- Invoking toplevel() on ptolemy.moml.MoMLSimpleApplication@44d6d647
----------------- Done invoking toplevel() on ptolemy.moml.MoMLSimpleApplication@44d6d647
reloadAllAccessors: .CannotAnalysisWithPreemption2

===========================================================================================
----------------- testing Tue May 12 14:20:37 UTC 2020 /home/travis/build/icyphy/ptII/ptolemy/domains/modal/test/auto/CannotAnalysisWithPreemption3.xml
----------------- Instantiating /home/travis/build/icyphy/ptII/ptolemy/domains/modal/test/auto/CannotAnalysisWithPreemption3.xml
4 ms. Memory: 202752K Free: 111427K (55%)
----------------- Invoking toplevel() on ptolemy.moml.MoMLSimpleApplication@66d08f6b
----------------- Done invoking toplevel() on ptolemy.moml.MoMLSimpleApplication@66d08f6b
reloadAllAccessors: .CannotAnalysisWithPreemption3

===========================================================================================
----------------- testing Tue May 12 14:20:37 UTC 2020 /home/travis/build/icyphy/ptII/ptolemy/domains/modal/test/auto/CannotProduce.xml
----------------- Instantiating /home/travis/build/icyphy/ptII/ptolemy/domains/modal/test/auto/CannotProduce.xml
9 ms. Memory: 202752K Free: 104755K (52%)
----------------- Invoking toplevel() on ptolemy.moml.MoMLSimpleApplication@261c9c68
----------------- Done invoking toplevel() on ptolemy.moml.MoMLSimpleApplication@261c9c68
reloadAllAccessors: .CannotProduce

===========================================================================================
----------------- testing Tue May 12 14:20:37 UTC 2020 /home/travis/build/icyphy/ptII/ptolemy/domains/modal/test/auto/CannotProduceModal.xml
----------------- Instantiating /home/travis/build/icyphy/ptII/ptolemy/domains/modal/test/auto/CannotProduceModal.xml
7 ms. Memory: 202752K Free: 97595K (48%)
----------------- Invoking toplevel() on ptolemy.moml.MoMLSimpleApplication@492db592
----------------- Done invoking toplevel() on ptolemy.moml.MoMLSimpleApplication@492db592
reloadAllAccessors: .CannotProduceModal

===========================================================================================
----------------- testing Tue May 12 14:20:37 UTC 2020 /home/travis/build/icyphy/ptII/ptolemy/domains/modal/test/auto/Case.xml
----------------- Instantiating /home/travis/build/icyphy/ptII/ptolemy/domains/modal/test/auto/Case.xml
33 ms. Memory: 202752K Free: 86851K (43%)
----------------- Invoking toplevel() on ptolemy.moml.MoMLSimpleApplication@551b7392
----------------- Done invoking toplevel() on ptolemy.moml.MoMLSimpleApplication@551b7392
reloadAllAccessors: .Case

===========================================================================================
----------------- testing Tue May 12 14:20:37 UTC 2020 /home/travis/build/icyphy/ptII/ptolemy/domains/modal/test/auto/Case1.xml
----------------- Instantiating /home/travis/build/icyphy/ptII/ptolemy/domains/modal/test/auto/Case1.xml
15 ms. Memory: 202752K Free: 79683K (39%)
----------------- Invoking toplevel() on ptolemy.moml.MoMLSimpleApplication@3cba4cd2
----------------- Done invoking toplevel() on ptolemy.moml.MoMLSimpleApplication@3cba4cd2
reloadAllAccessors: .Case1

===========================================================================================
----------------- testing Tue May 12 14:20:37 UTC 2020 /home/travis/build/icyphy/ptII/ptolemy/domains/modal/test/auto/Case2.xml
----------------- Instantiating /home/travis/build/icyphy/ptII/ptolemy/domains/modal/test/auto/Case2.xml
26 ms. Memory: 202752K Free: 68929K (34%)
----------------- Invoking toplevel() on ptolemy.moml.MoMLSimpleApplication@10886be5
----------------- Done invoking toplevel() on ptolemy.moml.MoMLSimpleApplication@10886be5
reloadAllAccessors: .Case2

===========================================================================================
----------------- testing Tue May 12 14:20:37 UTC 2020 /home/travis/build/icyphy/ptII/ptolemy/domains/modal/test/auto/CausalityInterface1.xml
----------------- Instantiating /home/travis/build/icyphy/ptII/ptolemy/domains/modal/test/auto/CausalityInterface1.xml
5 ms. Memory: 202752K Free: 179009K (88%)
----------------- Invoking toplevel() on ptolemy.moml.MoMLSimpleApplication@76e1ad1
----------------- Done invoking toplevel() on ptolemy.moml.MoMLSimpleApplication@76e1ad1
reloadAllAccessors: .CausalityInterface1

===========================================================================================
----------------- testing Tue May 12 14:20:37 UTC 2020 /home/travis/build/icyphy/ptII/ptolemy/domains/modal/test/auto/CausalityInterface10.xml
----------------- Instantiating /home/travis/build/icyphy/ptII/ptolemy/domains/modal/test/auto/CausalityInterface10.xml
18 ms. Memory: 202752K Free: 165683K (82%)
----------------- Invoking toplevel() on ptolemy.moml.MoMLSimpleApplication@5451f6a5
----------------- Done invoking toplevel() on ptolemy.moml.MoMLSimpleApplication@5451f6a5
reloadAllAccessors: .CausalityInterface10

===========================================================================================
----------------- testing Tue May 12 14:20:37 UTC 2020 /home/travis/build/icyphy/ptII/ptolemy/domains/modal/test/auto/CausalityInterface11.xml
----------------- Instantiating /home/travis/build/icyphy/ptII/ptolemy/domains/modal/test/auto/CausalityInterface11.xml
9 ms. Memory: 202752K Free: 152355K (75%)
----------------- Invoking toplevel() on ptolemy.moml.MoMLSimpleApplication@61909a46
----------------- Done invoking toplevel() on ptolemy.moml.MoMLSimpleApplication@61909a46
reloadAllAccessors: .CausalityInterface11

===========================================================================================
----------------- testing Tue May 12 14:20:37 UTC 2020 /home/travis/build/icyphy/ptII/ptolemy/domains/modal/test/auto/CausalityInterface12.xml
----------------- Instantiating /home/travis/build/icyphy/ptII/ptolemy/domains/modal/test/auto/CausalityInterface12.xml
6 ms. Memory: 202752K Free: 139043K (69%)
----------------- Invoking toplevel() on ptolemy.moml.MoMLSimpleApplication@76c1325c
----------------- Done invoking toplevel() on ptolemy.moml.MoMLSimpleApplication@76c1325c
reloadAllAccessors: .CausalityInterface12

===========================================================================================
----------------- testing Tue May 12 14:20:37 UTC 2020 /home/travis/build/icyphy/ptII/ptolemy/domains/modal/test/auto/CausalityInterface13.xml
----------------- Instantiating /home/travis/build/icyphy/ptII/ptolemy/domains/modal/test/auto/CausalityInterface13.xml
12 ms. Memory: 202752K Free: 125251K (62%)
----------------- Invoking toplevel() on ptolemy.moml.MoMLSimpleApplication@36e952f
----------------- Done invoking toplevel() on ptolemy.moml.MoMLSimpleApplication@36e952f
reloadAllAccessors: .CausalityInterface13

===========================================================================================
----------------- testing Tue May 12 14:20:37 UTC 2020 /home/travis/build/icyphy/ptII/ptolemy/domains/modal/test/auto/CausalityInterface14.xml
----------------- Instantiating /home/travis/build/icyphy/ptII/ptolemy/domains/modal/test/auto/CausalityInterface14.xml
10 ms. Memory: 202752K Free: 111395K (55%)
----------------- Invoking toplevel() on ptolemy.moml.MoMLSimpleApplication@72c73005
----------------- Done invoking toplevel() on ptolemy.moml.MoMLSimpleApplication@72c73005
reloadAllAccessors: .CausalityInterface14

===========================================================================================
----------------- testing Tue May 12 14:20:37 UTC 2020 /home/travis/build/icyphy/ptII/ptolemy/domains/modal/test/auto/CausalityInterface2.xml
----------------- Instantiating /home/travis/build/icyphy/ptII/ptolemy/domains/modal/test/auto/CausalityInterface2.xml
5 ms. Memory: 202752K Free: 104771K (52%)
----------------- Invoking toplevel() on ptolemy.moml.MoMLSimpleApplication@6e852cf7
----------------- Done invoking toplevel() on ptolemy.moml.MoMLSimpleApplication@6e852cf7
reloadAllAccessors: .CausalityInterface2

===========================================================================================
----------------- testing Tue May 12 14:20:38 UTC 2020 /home/travis/build/icyphy/ptII/ptolemy/domains/modal/test/auto/CausalityInterface3.xml
----------------- Instantiating /home/travis/build/icyphy/ptII/ptolemy/domains/modal/test/auto/CausalityInterface3.xml
9 ms. Memory: 202752K Free: 98627K (49%)
----------------- Invoking toplevel() on ptolemy.moml.MoMLSimpleApplication@670fde8b
----------------- Done invoking toplevel() on ptolemy.moml.MoMLSimpleApplication@670fde8b
reloadAllAccessors: .CausalityInterface3

===========================================================================================
----------------- testing Tue May 12 14:20:38 UTC 2020 /home/travis/build/icyphy/ptII/ptolemy/domains/modal/test/auto/CausalityInterface4.xml
----------------- Instantiating /home/travis/build/icyphy/ptII/ptolemy/domains/modal/test/auto/CausalityInterface4.xml
9 ms. Memory: 202752K Free: 92483K (46%)
----------------- Invoking toplevel() on ptolemy.moml.MoMLSimpleApplication@64f4013a
----------------- Done invoking toplevel() on ptolemy.moml.MoMLSimpleApplication@64f4013a
reloadAllAccessors: .CausalityInterface4

===========================================================================================
----------------- testing Tue May 12 14:20:38 UTC 2020 /home/travis/build/icyphy/ptII/ptolemy/domains/modal/test/auto/CausalityInterface5.xml
----------------- Instantiating /home/travis/build/icyphy/ptII/ptolemy/domains/modal/test/auto/CausalityInterface5.xml
5 ms. Memory: 202752K Free: 83763K (41%)
----------------- Invoking toplevel() on ptolemy.moml.MoMLSimpleApplication@bc6b632
----------------- Done invoking toplevel() on ptolemy.moml.MoMLSimpleApplication@bc6b632
reloadAllAccessors: .CausalityInterface5

===========================================================================================
----------------- testing Tue May 12 14:20:38 UTC 2020 /home/travis/build/icyphy/ptII/ptolemy/domains/modal/test/auto/CausalityInterface6.xml
----------------- Instantiating /home/travis/build/icyphy/ptII/ptolemy/domains/modal/test/auto/CausalityInterface6.xml
4 ms. Memory: 202752K Free: 75571K (37%)
----------------- Invoking toplevel() on ptolemy.moml.MoMLSimpleApplication@3df4b2df
----------------- Done invoking toplevel() on ptolemy.moml.MoMLSimpleApplication@3df4b2df
reloadAllAccessors: .CausalityInterface6

===========================================================================================
----------------- testing Tue May 12 14:20:38 UTC 2020 /home/travis/build/icyphy/ptII/ptolemy/domains/modal/test/auto/CausalityInterface7.xml
----------------- Instantiating /home/travis/build/icyphy/ptII/ptolemy/domains/modal/test/auto/CausalityInterface7.xml
6 ms. Memory: 202752K Free: 181569K (90%)
----------------- Invoking toplevel() on ptolemy.moml.MoMLSimpleApplication@66b6e7fa
----------------- Done invoking toplevel() on ptolemy.moml.MoMLSimpleApplication@66b6e7fa
reloadAllAccessors: .CausalityInterface7

===========================================================================================
----------------- testing Tue May 12 14:20:38 UTC 2020 /home/travis/build/icyphy/ptII/ptolemy/domains/modal/test/auto/CausalityInterface8.xml
----------------- Instantiating /home/travis/build/icyphy/ptII/ptolemy/domains/modal/test/auto/CausalityInterface8.xml
4 ms. Memory: 202752K Free: 172867K (85%)
----------------- Invoking toplevel() on ptolemy.moml.MoMLSimpleApplication@6958c46
----------------- Done invoking toplevel() on ptolemy.moml.MoMLSimpleApplication@6958c46
reloadAllAccessors: .CausalityInterface8

===========================================================================================
----------------- testing Tue May 12 14:20:38 UTC 2020 /home/travis/build/icyphy/ptII/ptolemy/domains/modal/test/auto/CausalityInterface9.xml
----------------- Instantiating /home/travis/build/icyphy/ptII/ptolemy/domains/modal/test/auto/CausalityInterface9.xml
3 ms. Memory: 202752K Free: 163137K (80%)
----------------- Invoking toplevel() on ptolemy.moml.MoMLSimpleApplication@11731b91
----------------- Done invoking toplevel() on ptolemy.moml.MoMLSimpleApplication@11731b91
reloadAllAccessors: .CausalityInterface9

===========================================================================================
----------------- testing Tue May 12 14:20:38 UTC 2020 /home/travis/build/icyphy/ptII/ptolemy/domains/modal/test/auto/ChainedTransitions.xml
----------------- Instantiating /home/travis/build/icyphy/ptII/ptolemy/domains/modal/test/auto/ChainedTransitions.xml
106 ms. Memory: 202752K Free: 138547K (68%)
----------------- Invoking toplevel() on ptolemy.moml.MoMLSimpleApplication@2d08f477
----------------- Done invoking toplevel() on ptolemy.moml.MoMLSimpleApplication@2d08f477
reloadAllAccessors: .ChainedTransitions

===========================================================================================
----------------- testing Tue May 12 14:20:38 UTC 2020 /home/travis/build/icyphy/ptII/ptolemy/domains/modal/test/auto/CycleOfImmediateTransitionsFSM.xml
----------------- Instantiating /home/travis/build/icyphy/ptII/ptolemy/domains/modal/test/auto/CycleOfImmediateTransitionsFSM.xml
5 ms. Memory: 202752K Free: 132931K (66%)
----------------- Invoking toplevel() on ptolemy.moml.MoMLSimpleApplication@76729c8c
----------------- Done invoking toplevel() on ptolemy.moml.MoMLSimpleApplication@76729c8c
reloadAllAccessors: .CycleOfImmediateTransitionsFSM

===========================================================================================
----------------- testing Tue May 12 14:20:38 UTC 2020 /home/travis/build/icyphy/ptII/ptolemy/domains/modal/test/auto/CycleOfImmediateTransitionsModal.xml
----------------- Instantiating /home/travis/build/icyphy/ptII/ptolemy/domains/modal/test/auto/CycleOfImmediateTransitionsModal.xml
4 ms. Memory: 202752K Free: 126273K (62%)
----------------- Invoking toplevel() on ptolemy.moml.MoMLSimpleApplication@72912269
----------------- Done invoking toplevel() on ptolemy.moml.MoMLSimpleApplication@72912269
reloadAllAccessors: .CycleOfImmediateTransitionsModal

===========================================================================================
----------------- testing Tue May 12 14:20:38 UTC 2020 /home/travis/build/icyphy/ptII/ptolemy/domains/modal/test/auto/CycleOfImmediateTransitionsModal2.xml
----------------- Instantiating /home/travis/build/icyphy/ptII/ptolemy/domains/modal/test/auto/CycleOfImmediateTransitionsModal2.xml
8 ms. Memory: 202752K Free: 120129K (59%)
----------------- Invoking toplevel() on ptolemy.moml.MoMLSimpleApplication@4a5050c3
----------------- Done invoking toplevel() on ptolemy.moml.MoMLSimpleApplication@4a5050c3
reloadAllAccessors: .CycleOfImmediateTransitionsModal2

===========================================================================================
----------------- testing Tue May 12 14:20:38 UTC 2020 /home/travis/build/icyphy/ptII/ptolemy/domains/modal/test/auto/CycleOfImmediateTransitionsModal3.xml
----------------- Instantiating /home/travis/build/icyphy/ptII/ptolemy/domains/modal/test/auto/CycleOfImmediateTransitionsModal3.xml
11 ms. Memory: 202752K Free: 97587K (48%)
----------------- Invoking toplevel() on ptolemy.moml.MoMLSimpleApplication@5dcf51a
----------------- Done invoking toplevel() on ptolemy.moml.MoMLSimpleApplication@5dcf51a
reloadAllAccessors: .CycleOfImmediateTransitionsModal3

===========================================================================================
----------------- testing Tue May 12 14:20:38 UTC 2020 /home/travis/build/icyphy/ptII/ptolemy/domains/modal/test/auto/DeepModal1.xml
----------------- Instantiating /home/travis/build/icyphy/ptII/ptolemy/domains/modal/test/auto/DeepModal1.xml
26 ms. Memory: 202752K Free: 83235K (41%)
----------------- Invoking toplevel() on ptolemy.moml.MoMLSimpleApplication@69cce605
----------------- Done invoking toplevel() on ptolemy.moml.MoMLSimpleApplication@69cce605
reloadAllAccessors: .DeepModal1

===========================================================================================
----------------- testing Tue May 12 14:20:38 UTC 2020 /home/travis/build/icyphy/ptII/ptolemy/domains/modal/test/auto/DeepModal2.xml
----------------- Instantiating /home/travis/build/icyphy/ptII/ptolemy/domains/modal/test/auto/DeepModal2.xml
40 ms. Memory: 202752K Free: 179731K (89%)
----------------- Invoking toplevel() on ptolemy.moml.MoMLSimpleApplication@113c4699
----------------- Done invoking toplevel() on ptolemy.moml.MoMLSimpleApplication@113c4699
reloadAllAccessors: .DeepModal2

===========================================================================================
----------------- testing Tue May 12 14:20:38 UTC 2020 /home/travis/build/icyphy/ptII/ptolemy/domains/modal/test/auto/DeepModal3.xml
----------------- Instantiating /home/travis/build/icyphy/ptII/ptolemy/domains/modal/test/auto/DeepModal3.xml
29 ms. Memory: 202752K Free: 160051K (79%)
----------------- Invoking toplevel() on ptolemy.moml.MoMLSimpleApplication@7ca04c36
----------------- Done invoking toplevel() on ptolemy.moml.MoMLSimpleApplication@7ca04c36
reloadAllAccessors: .DeepModal3

===========================================================================================
----------------- testing Tue May 12 14:20:38 UTC 2020 /home/travis/build/icyphy/ptII/ptolemy/domains/modal/test/auto/DeepModal4.xml
----------------- Instantiating /home/travis/build/icyphy/ptII/ptolemy/domains/modal/test/auto/DeepModal4.xml
23 ms. Memory: 202752K Free: 140609K (69%)
----------------- Invoking toplevel() on ptolemy.moml.MoMLSimpleApplication@53c94002
----------------- Done invoking toplevel() on ptolemy.moml.MoMLSimpleApplication@53c94002
reloadAllAccessors: .DeepModal4

===========================================================================================
----------------- testing Tue May 12 14:20:38 UTC 2020 /home/travis/build/icyphy/ptII/ptolemy/domains/modal/test/auto/Default1.xml
----------------- Instantiating /home/travis/build/icyphy/ptII/ptolemy/domains/modal/test/auto/Default1.xml
2 ms. Memory: 202752K Free: 134465K (66%)
----------------- Invoking toplevel() on ptolemy.moml.MoMLSimpleApplication@6f04a72a
----------------- Done invoking toplevel() on ptolemy.moml.MoMLSimpleApplication@6f04a72a
reloadAllAccessors: .Default1

===========================================================================================
----------------- testing Tue May 12 14:20:38 UTC 2020 /home/travis/build/icyphy/ptII/ptolemy/domains/modal/test/auto/Default2.xml
----------------- Instantiating /home/travis/build/icyphy/ptII/ptolemy/domains/modal/test/auto/Default2.xml
9 ms. Memory: 202752K Free: 129331K (64%)
----------------- Invoking toplevel() on ptolemy.moml.MoMLSimpleApplication@29ea5d21
----------------- Done invoking toplevel() on ptolemy.moml.MoMLSimpleApplication@29ea5d21
reloadAllAccessors: .Default2

===========================================================================================
----------------- testing Tue May 12 14:20:38 UTC 2020 /home/travis/build/icyphy/ptII/ptolemy/domains/modal/test/auto/Default3.xml
----------------- Instantiating /home/travis/build/icyphy/ptII/ptolemy/domains/modal/test/auto/Default3.xml
5 ms. Memory: 202752K Free: 122177K (60%)
----------------- Invoking toplevel() on ptolemy.moml.MoMLSimpleApplication@64652dd0
----------------- Done invoking toplevel() on ptolemy.moml.MoMLSimpleApplication@64652dd0
reloadAllAccessors: .Default3

===========================================================================================
----------------- testing Tue May 12 14:20:39 UTC 2020 /home/travis/build/icyphy/ptII/ptolemy/domains/modal/test/auto/Default4.xml
----------------- Instantiating /home/travis/build/icyphy/ptII/ptolemy/domains/modal/test/auto/Default4.xml
7 ms. Memory: 202752K Free: 116033K (57%)
----------------- Invoking toplevel() on ptolemy.moml.MoMLSimpleApplication@7db5a582
----------------- Done invoking toplevel() on ptolemy.moml.MoMLSimpleApplication@7db5a582
reloadAllAccessors: .Default4

===========================================================================================
----------------- testing Tue May 12 14:20:39 UTC 2020 /home/travis/build/icyphy/ptII/ptolemy/domains/modal/test/auto/Default5.xml
----------------- Instantiating /home/travis/build/icyphy/ptII/ptolemy/domains/modal/test/auto/Default5.xml
7 ms. Memory: 202752K Free: 107835K (53%)
----------------- Invoking toplevel() on ptolemy.moml.MoMLSimpleApplication@1b42df32
----------------- Done invoking toplevel() on ptolemy.moml.MoMLSimpleApplication@1b42df32
reloadAllAccessors: .Default5

===========================================================================================
----------------- testing Tue May 12 14:20:39 UTC 2020 /home/travis/build/icyphy/ptII/ptolemy/domains/modal/test/auto/EmptyGuard.xml
----------------- Instantiating /home/travis/build/icyphy/ptII/ptolemy/domains/modal/test/auto/EmptyGuard.xml
11 ms. Memory: 202752K Free: 100163K (49%)
----------------- Invoking toplevel() on ptolemy.moml.MoMLSimpleApplication@77068ee4
----------------- Done invoking toplevel() on ptolemy.moml.MoMLSimpleApplication@77068ee4
reloadAllAccessors: .EmptyGuard

===========================================================================================
----------------- testing Tue May 12 14:20:39 UTC 2020 /home/travis/build/icyphy/ptII/ptolemy/domains/modal/test/auto/ErrorTransition1.xml
----------------- Instantiating /home/travis/build/icyphy/ptII/ptolemy/domains/modal/test/auto/ErrorTransition1.xml
13 ms. Memory: 202752K Free: 91457K (45%)
----------------- Invoking toplevel() on ptolemy.moml.MoMLSimpleApplication@7401e431
----------------- Done invoking toplevel() on ptolemy.moml.MoMLSimpleApplication@7401e431
reloadAllAccessors: .ErrorTransition1

===========================================================================================
----------------- testing Tue May 12 14:20:39 UTC 2020 /home/travis/build/icyphy/ptII/ptolemy/domains/modal/test/auto/ErrorTransition10.xml
----------------- Instantiating /home/travis/build/icyphy/ptII/ptolemy/domains/modal/test/auto/ErrorTransition10.xml
11 ms. Memory: 202752K Free: 77635K (38%)
----------------- Invoking toplevel() on ptolemy.moml.MoMLSimpleApplication@4216ef6b
----------------- Done invoking toplevel() on ptolemy.moml.MoMLSimpleApplication@4216ef6b
reloadAllAccessors: .ErrorTransition10

===========================================================================================
----------------- testing Tue May 12 14:20:39 UTC 2020 /home/travis/build/icyphy/ptII/ptolemy/domains/modal/test/auto/ErrorTransition11.xml
----------------- Instantiating /home/travis/build/icyphy/ptII/ptolemy/domains/modal/test/auto/ErrorTransition11.xml
4 ms. Memory: 243712K Free: 222019K (91%)
----------------- Invoking toplevel() on ptolemy.moml.MoMLSimpleApplication@66f488a5
----------------- Done invoking toplevel() on ptolemy.moml.MoMLSimpleApplication@66f488a5
reloadAllAccessors: .ErrorTransition11

===========================================================================================
----------------- testing Tue May 12 14:20:39 UTC 2020 /home/travis/build/icyphy/ptII/ptolemy/domains/modal/test/auto/ErrorTransition2.xml
----------------- Instantiating /home/travis/build/icyphy/ptII/ptolemy/domains/modal/test/auto/ErrorTransition2.xml
7 ms. Memory: 243712K Free: 213313K (88%)
----------------- Invoking toplevel() on ptolemy.moml.MoMLSimpleApplication@7617362e
----------------- Done invoking toplevel() on ptolemy.moml.MoMLSimpleApplication@7617362e
reloadAllAccessors: .ErrorTransition2

===========================================================================================
----------------- testing Tue May 12 14:20:39 UTC 2020 /home/travis/build/icyphy/ptII/ptolemy/domains/modal/test/auto/ErrorTransition3.xml
----------------- Instantiating /home/travis/build/icyphy/ptII/ptolemy/domains/modal/test/auto/ErrorTransition3.xml
17 ms. Memory: 243712K Free: 203587K (84%)
----------------- Invoking toplevel() on ptolemy.moml.MoMLSimpleApplication@38fe335c
----------------- Done invoking toplevel() on ptolemy.moml.MoMLSimpleApplication@38fe335c
reloadAllAccessors: .ErrorTransition3

===========================================================================================
----------------- testing Tue May 12 14:20:39 UTC 2020 /home/travis/build/icyphy/ptII/ptolemy/domains/modal/test/auto/ErrorTransition4.xml
----------------- Instantiating /home/travis/build/icyphy/ptII/ptolemy/domains/modal/test/auto/ErrorTransition4.xml
12 ms. Memory: 243712K Free: 192323K (79%)
----------------- Invoking toplevel() on ptolemy.moml.MoMLSimpleApplication@3063fab2
----------------- Done invoking toplevel() on ptolemy.moml.MoMLSimpleApplication@3063fab2
reloadAllAccessors: .ErrorTransition4

===========================================================================================
----------------- testing Tue May 12 14:20:39 UTC 2020 /home/travis/build/icyphy/ptII/ptolemy/domains/modal/test/auto/ErrorTransition5.xml
----------------- Instantiating /home/travis/build/icyphy/ptII/ptolemy/domains/modal/test/auto/ErrorTransition5.xml
6 ms. Memory: 243712K Free: 182083K (75%)
----------------- Invoking toplevel() on ptolemy.moml.MoMLSimpleApplication@3cd121fc
----------------- Done invoking toplevel() on ptolemy.moml.MoMLSimpleApplication@3cd121fc
reloadAllAccessors: .ErrorTransition5

===========================================================================================
----------------- testing Tue May 12 14:20:39 UTC 2020 /home/travis/build/icyphy/ptII/ptolemy/domains/modal/test/auto/ErrorTransition6.xml
----------------- Instantiating /home/travis/build/icyphy/ptII/ptolemy/domains/modal/test/auto/ErrorTransition6.xml
13 ms. Memory: 243712K Free: 171329K (70%)
----------------- Invoking toplevel() on ptolemy.moml.MoMLSimpleApplication@4d7224
----------------- Done invoking toplevel() on ptolemy.moml.MoMLSimpleApplication@4d7224
reloadAllAccessors: .ErrorTransition6

===========================================================================================
----------------- testing Tue May 12 14:20:39 UTC 2020 /home/travis/build/icyphy/ptII/ptolemy/domains/modal/test/auto/ErrorTransition7.xml
----------------- Instantiating /home/travis/build/icyphy/ptII/ptolemy/domains/modal/test/auto/ErrorTransition7.xml
15 ms. Memory: 243712K Free: 158531K (65%)
----------------- Invoking toplevel() on ptolemy.moml.MoMLSimpleApplication@70edff2e
----------------- Done invoking toplevel() on ptolemy.moml.MoMLSimpleApplication@70edff2e
reloadAllAccessors: .ErrorTransition7

===========================================================================================
----------------- testing Tue May 12 14:20:39 UTC 2020 /home/travis/build/icyphy/ptII/ptolemy/domains/modal/test/auto/ErrorTransition8.xml
----------------- Instantiating /home/travis/build/icyphy/ptII/ptolemy/domains/modal/test/auto/ErrorTransition8.xml
23 ms. Memory: 243712K Free: 145219K (60%)
----------------- Invoking toplevel() on ptolemy.moml.MoMLSimpleApplication@44ac671c
----------------- Done invoking toplevel() on ptolemy.moml.MoMLSimpleApplication@44ac671c
reloadAllAccessors: .ErrorTransition8

===========================================================================================
----------------- testing Tue May 12 14:20:39 UTC 2020 /home/travis/build/icyphy/ptII/ptolemy/domains/modal/test/auto/ErrorTransition9.xml
----------------- Instantiating /home/travis/build/icyphy/ptII/ptolemy/domains/modal/test/auto/ErrorTransition9.xml
8 ms. Memory: 243712K Free: 131907K (54%)
----------------- Invoking toplevel() on ptolemy.moml.MoMLSimpleApplication@142de1c0
----------------- Done invoking toplevel() on ptolemy.moml.MoMLSimpleApplication@142de1c0
reloadAllAccessors: .ErrorTransition9

===========================================================================================
----------------- testing Tue May 12 14:20:39 UTC 2020 /home/travis/build/icyphy/ptII/ptolemy/domains/modal/test/auto/ExtendedFSM.xml
----------------- Instantiating /home/travis/build/icyphy/ptII/ptolemy/domains/modal/test/auto/ExtendedFSM.xml
7 ms. Memory: 243712K Free: 123187K (51%)
----------------- Invoking toplevel() on ptolemy.moml.MoMLSimpleApplication@7f9bf85a
----------------- Done invoking toplevel() on ptolemy.moml.MoMLSimpleApplication@7f9bf85a
reloadAllAccessors: .ExtendedFSM

===========================================================================================
----------------- testing Tue May 12 14:20:39 UTC 2020 /home/travis/build/icyphy/ptII/ptolemy/domains/modal/test/auto/FinalStates.xml
----------------- Instantiating /home/travis/build/icyphy/ptII/ptolemy/domains/modal/test/auto/FinalStates.xml
8 ms. Memory: 243712K Free: 114979K (47%)
----------------- Invoking toplevel() on ptolemy.moml.MoMLSimpleApplication@4381c851
----------------- Done invoking toplevel() on ptolemy.moml.MoMLSimpleApplication@4381c851
reloadAllAccessors: .FinalStates

===========================================================================================
----------------- testing Tue May 12 14:20:39 UTC 2020 /home/travis/build/icyphy/ptII/ptolemy/domains/modal/test/auto/FixedPointFSM.xml
----------------- Instantiating /home/travis/build/icyphy/ptII/ptolemy/domains/modal/test/auto/FixedPointFSM.xml
19 ms. Memory: 243712K Free: 100163K (41%)
----------------- Invoking toplevel() on ptolemy.moml.MoMLSimpleApplication@2054f6ec
----------------- Done invoking toplevel() on ptolemy.moml.MoMLSimpleApplication@2054f6ec
reloadAllAccessors: .FixedPointFSM

===========================================================================================
----------------- testing Tue May 12 14:20:39 UTC 2020 /home/travis/build/icyphy/ptII/ptolemy/domains/modal/test/auto/FixedPointIterationFSMActor.xml
----------------- Instantiating /home/travis/build/icyphy/ptII/ptolemy/domains/modal/test/auto/FixedPointIterationFSMActor.xml
6 ms. Memory: 243712K Free: 89403K (37%)
----------------- Invoking toplevel() on ptolemy.moml.MoMLSimpleApplication@67a20cf4
----------------- Done invoking toplevel() on ptolemy.moml.MoMLSimpleApplication@67a20cf4
reloadAllAccessors: .FixedPointIterationFSMActor

===========================================================================================
----------------- testing Tue May 12 14:20:39 UTC 2020 /home/travis/build/icyphy/ptII/ptolemy/domains/modal/test/auto/FixedPointIterationFSMActor2.xml
----------------- Instantiating /home/travis/build/icyphy/ptII/ptolemy/domains/modal/test/auto/FixedPointIterationFSMActor2.xml
12 ms. Memory: 243712K Free: 215859K (89%)
----------------- Invoking toplevel() on ptolemy.moml.MoMLSimpleApplication@698bdeb
----------------- Done invoking toplevel() on ptolemy.moml.MoMLSimpleApplication@698bdeb
reloadAllAccessors: .FixedPointIterationFSMActor2

===========================================================================================
----------------- testing Tue May 12 14:20:39 UTC 2020 /home/travis/build/icyphy/ptII/ptolemy/domains/modal/test/auto/ForbiddenInstantanousLoop.xml
----------------- Instantiating /home/travis/build/icyphy/ptII/ptolemy/domains/modal/test/auto/ForbiddenInstantanousLoop.xml
6 ms. Memory: 243712K Free: 204067K (84%)
----------------- Invoking toplevel() on ptolemy.moml.MoMLSimpleApplication@dd36fde
----------------- Done invoking toplevel() on ptolemy.moml.MoMLSimpleApplication@dd36fde
reloadAllAccessors: .ForbiddenInstantanousLoop

===========================================================================================
----------------- testing Tue May 12 14:20:39 UTC 2020 /home/travis/build/icyphy/ptII/ptolemy/domains/modal/test/auto/FunctionDependencyOfFSMActorTest.xml
----------------- Instantiating /home/travis/build/icyphy/ptII/ptolemy/domains/modal/test/auto/FunctionDependencyOfFSMActorTest.xml
11 ms. Memory: 243712K Free: 196931K (81%)
----------------- Invoking toplevel() on ptolemy.moml.MoMLSimpleApplication@34f20350
----------------- Done invoking toplevel() on ptolemy.moml.MoMLSimpleApplication@34f20350
reloadAllAccessors: .FunctionDependencyOfFSMActorTest

===========================================================================================
----------------- testing Tue May 12 14:20:39 UTC 2020 /home/travis/build/icyphy/ptII/ptolemy/domains/modal/test/auto/GuardExpression.xml
----------------- Instantiating /home/travis/build/icyphy/ptII/ptolemy/domains/modal/test/auto/GuardExpression.xml
2 ms. Memory: 243712K Free: 191811K (79%)
----------------- Invoking toplevel() on ptolemy.moml.MoMLSimpleApplication@5d99f577
----------------- Done invoking toplevel() on ptolemy.moml.MoMLSimpleApplication@5d99f577
reloadAllAccessors: .GuardExpression

===========================================================================================
----------------- testing Tue May 12 14:20:39 UTC 2020 /home/travis/build/icyphy/ptII/ptolemy/domains/modal/test/auto/GuardNotEvaluated.xml
----------------- Instantiating /home/travis/build/icyphy/ptII/ptolemy/domains/modal/test/auto/GuardNotEvaluated.xml
8 ms. Memory: 243712K Free: 183091K (75%)
----------------- Invoking toplevel() on ptolemy.moml.MoMLSimpleApplication@73795f80
----------------- Done invoking toplevel() on ptolemy.moml.MoMLSimpleApplication@73795f80
reloadAllAccessors: .GuardNotEvaluated

===========================================================================================
----------------- testing Tue May 12 14:20:39 UTC 2020 /home/travis/build/icyphy/ptII/ptolemy/domains/modal/test/auto/GuardNotEvaluated2.xml
----------------- Instantiating /home/travis/build/icyphy/ptII/ptolemy/domains/modal/test/auto/GuardNotEvaluated2.xml
7 ms. Memory: 243712K Free: 173379K (71%)
----------------- Invoking toplevel() on ptolemy.moml.MoMLSimpleApplication@1eeea0c7
----------------- Done invoking toplevel() on ptolemy.moml.MoMLSimpleApplication@1eeea0c7
reloadAllAccessors: .GuardNotEvaluated2

===========================================================================================
----------------- testing Tue May 12 14:20:39 UTC 2020 /home/travis/build/icyphy/ptII/ptolemy/domains/modal/test/auto/GuardOnAbsent.xml
----------------- Instantiating /home/travis/build/icyphy/ptII/ptolemy/domains/modal/test/auto/GuardOnAbsent.xml
9 ms. Memory: 243712K Free: 165667K (68%)
----------------- Invoking toplevel() on ptolemy.moml.MoMLSimpleApplication@26bcbcac
----------------- Done invoking toplevel() on ptolemy.moml.MoMLSimpleApplication@26bcbcac
reloadAllAccessors: .GuardOnAbsent

===========================================================================================
----------------- testing Tue May 12 14:20:39 UTC 2020 /home/travis/build/icyphy/ptII/ptolemy/domains/modal/test/auto/HierarchicalFSMTypeInference.xml
----------------- Instantiating /home/travis/build/icyphy/ptII/ptolemy/domains/modal/test/auto/HierarchicalFSMTypeInference.xml
5 ms. Memory: 243712K Free: 155457K (64%)
----------------- Invoking toplevel() on ptolemy.moml.MoMLSimpleApplication@4ff438f7
----------------- Done invoking toplevel() on ptolemy.moml.MoMLSimpleApplication@4ff438f7
reloadAllAccessors: .HierarchicalFSMTypeInference

===========================================================================================
----------------- testing Tue May 12 14:20:39 UTC 2020 /home/travis/build/icyphy/ptII/ptolemy/domains/modal/test/auto/Hysteresis.xml
----------------- Instantiating /home/travis/build/icyphy/ptII/ptolemy/domains/modal/test/auto/Hysteresis.xml
18 ms. Memory: 243712K Free: 142131K (58%)
----------------- Invoking toplevel() on ptolemy.moml.MoMLSimpleApplication@243c1d32
----------------- Done invoking toplevel() on ptolemy.moml.MoMLSimpleApplication@243c1d32
reloadAllAccessors: .Hysteresis

===========================================================================================
----------------- testing Tue May 12 14:20:39 UTC 2020 /home/travis/build/icyphy/ptII/ptolemy/domains/modal/test/auto/HysteresisWithDefault.xml
----------------- Instantiating /home/travis/build/icyphy/ptII/ptolemy/domains/modal/test/auto/HysteresisWithDefault.xml
43 ms. Memory: 243712K Free: 119107K (49%)
----------------- Invoking toplevel() on ptolemy.moml.MoMLSimpleApplication@1f2c345a
----------------- Done invoking toplevel() on ptolemy.moml.MoMLSimpleApplication@1f2c345a
reloadAllAccessors: .HysteresisWithDefault

===========================================================================================
----------------- testing Tue May 12 14:20:40 UTC 2020 /home/travis/build/icyphy/ptII/ptolemy/domains/modal/test/auto/HysteresisWithDefault2.xml
----------------- Instantiating /home/travis/build/icyphy/ptII/ptolemy/domains/modal/test/auto/HysteresisWithDefault2.xml
43 ms. Memory: 243712K Free: 89411K (37%)
----------------- Invoking toplevel() on ptolemy.moml.MoMLSimpleApplication@5439cf1b
----------------- Done invoking toplevel() on ptolemy.moml.MoMLSimpleApplication@5439cf1b
reloadAllAccessors: .HysteresisWithDefault2

===========================================================================================
----------------- testing Tue May 12 14:20:40 UTC 2020 /home/travis/build/icyphy/ptII/ptolemy/domains/modal/test/auto/ImmediateNonConstructiveness.xml
----------------- Instantiating /home/travis/build/icyphy/ptII/ptolemy/domains/modal/test/auto/ImmediateNonConstructiveness.xml
2 ms. Memory: 243712K Free: 220995K (91%)
----------------- Invoking toplevel() on ptolemy.moml.MoMLSimpleApplication@38ebec1d
----------------- Done invoking toplevel() on ptolemy.moml.MoMLSimpleApplication@38ebec1d
reloadAllAccessors: .ImmediateNonConstructiveness

===========================================================================================
----------------- testing Tue May 12 14:20:40 UTC 2020 /home/travis/build/icyphy/ptII/ptolemy/domains/modal/test/auto/ImmediateNonConstructiveness2.xml
----------------- Instantiating /home/travis/build/icyphy/ptII/ptolemy/domains/modal/test/auto/ImmediateNonConstructiveness2.xml
2 ms. Memory: 243712K Free: 214337K (88%)
----------------- Invoking toplevel() on ptolemy.moml.MoMLSimpleApplication@3480e6fb
----------------- Done invoking toplevel() on ptolemy.moml.MoMLSimpleApplication@3480e6fb
reloadAllAccessors: .ImmediateNonConstructiveness2

===========================================================================================
----------------- testing Tue May 12 14:20:40 UTC 2020 /home/travis/build/icyphy/ptII/ptolemy/domains/modal/test/auto/ImmediateTransitionReset.xml
----------------- Instantiating /home/travis/build/icyphy/ptII/ptolemy/domains/modal/test/auto/ImmediateTransitionReset.xml
5 ms. Memory: 243712K Free: 202563K (83%)
----------------- Invoking toplevel() on ptolemy.moml.MoMLSimpleApplication@5512a0af
----------------- Done invoking toplevel() on ptolemy.moml.MoMLSimpleApplication@5512a0af
reloadAllAccessors: .ImmediateTransitionReset

===========================================================================================
----------------- testing Tue May 12 14:20:40 UTC 2020 /home/travis/build/icyphy/ptII/ptolemy/domains/modal/test/auto/ImmediateTransitions1.xml
----------------- Instantiating /home/travis/build/icyphy/ptII/ptolemy/domains/modal/test/auto/ImmediateTransitions1.xml
2 ms. Memory: 243712K Free: 197443K (81%)
----------------- Invoking toplevel() on ptolemy.moml.MoMLSimpleApplication@1e3d434c
----------------- Done invoking toplevel() on ptolemy.moml.MoMLSimpleApplication@1e3d434c
reloadAllAccessors: .ImmediateTransitions1

===========================================================================================
----------------- testing Tue May 12 14:20:40 UTC 2020 /home/travis/build/icyphy/ptII/ptolemy/domains/modal/test/auto/ImmediateTransitionsInstantaneousCommunication.xml
----------------- Instantiating /home/travis/build/icyphy/ptII/ptolemy/domains/modal/test/auto/ImmediateTransitionsInstantaneousCommunication.xml
4 ms. Memory: 243712K Free: 185155K (76%)
----------------- Invoking toplevel() on ptolemy.moml.MoMLSimpleApplication@6e2d69e0
----------------- Done invoking toplevel() on ptolemy.moml.MoMLSimpleApplication@6e2d69e0
reloadAllAccessors: .ImmediateTransitionsInstantaneousCommunication

===========================================================================================
----------------- testing Tue May 12 14:20:40 UTC 2020 /home/travis/build/icyphy/ptII/ptolemy/domains/modal/test/auto/InitialImmediateTransition.xml
----------------- Instantiating /home/travis/build/icyphy/ptII/ptolemy/domains/modal/test/auto/InitialImmediateTransition.xml
5 ms. Memory: 243712K Free: 177987K (73%)
----------------- Invoking toplevel() on ptolemy.moml.MoMLSimpleApplication@7d494416
----------------- Done invoking toplevel() on ptolemy.moml.MoMLSimpleApplication@7d494416
reloadAllAccessors: .InitialImmediateTransition

===========================================================================================
----------------- testing Tue May 12 14:20:40 UTC 2020 /home/travis/build/icyphy/ptII/ptolemy/domains/modal/test/auto/InitialOutputs.xml
----------------- Instantiating /home/travis/build/icyphy/ptII/ptolemy/domains/modal/test/auto/InitialOutputs.xml
3 ms. Memory: 243712K Free: 171843K (71%)
----------------- Invoking toplevel() on ptolemy.moml.MoMLSimpleApplication@764e7850
----------------- Done invoking toplevel() on ptolemy.moml.MoMLSimpleApplication@764e7850
reloadAllAccessors: .InitialOutputs

===========================================================================================
----------------- testing Tue May 12 14:20:40 UTC 2020 /home/travis/build/icyphy/ptII/ptolemy/domains/modal/test/auto/InitialStateTransition1.xml
----------------- Instantiating /home/travis/build/icyphy/ptII/ptolemy/domains/modal/test/auto/InitialStateTransition1.xml
3 ms. Memory: 243712K Free: 164673K (68%)
----------------- Invoking toplevel() on ptolemy.moml.MoMLSimpleApplication@3dd2ff70
----------------- Done invoking toplevel() on ptolemy.moml.MoMLSimpleApplication@3dd2ff70
reloadAllAccessors: .InitialStateTransition1

===========================================================================================
----------------- testing Tue May 12 14:20:40 UTC 2020 /home/travis/build/icyphy/ptII/ptolemy/domains/modal/test/auto/InitialStateTransition2.xml
----------------- Instantiating /home/travis/build/icyphy/ptII/ptolemy/domains/modal/test/auto/InitialStateTransition2.xml
.InitialStateTransition2.TestExceptionAttributeNonConstructive: initialize() was not invoked, but wrapup() was.  This is unusual, but not always a problem.  For example, exporting JNLP will do this.
2 ms. Memory: 243712K Free: 157507K (65%)
----------------- Invoking toplevel() on ptolemy.moml.MoMLSimpleApplication@5d9ae67b
----------------- Done invoking toplevel() on ptolemy.moml.MoMLSimpleApplication@5d9ae67b
reloadAllAccessors: .InitialStateTransition2

===========================================================================================
----------------- testing Tue May 12 14:20:40 UTC 2020 /home/travis/build/icyphy/ptII/ptolemy/domains/modal/test/auto/InitialStateTransition3.xml
----------------- Instantiating /home/travis/build/icyphy/ptII/ptolemy/domains/modal/test/auto/InitialStateTransition3.xml
4 ms. Memory: 243712K Free: 148801K (61%)
----------------- Invoking toplevel() on ptolemy.moml.MoMLSimpleApplication@50a217dc
----------------- Done invoking toplevel() on ptolemy.moml.MoMLSimpleApplication@50a217dc
reloadAllAccessors: .InitialStateTransition3

===========================================================================================
----------------- testing Tue May 12 14:20:40 UTC 2020 /home/travis/build/icyphy/ptII/ptolemy/domains/modal/test/auto/InitialStateTransition4.xml
----------------- Instantiating /home/travis/build/icyphy/ptII/ptolemy/domains/modal/test/auto/InitialStateTransition4.xml
4 ms. Memory: 243712K Free: 139075K (57%)
----------------- Invoking toplevel() on ptolemy.moml.MoMLSimpleApplication@4ea344d3
----------------- Done invoking toplevel() on ptolemy.moml.MoMLSimpleApplication@4ea344d3
[...]
reloadAllAccessors: .TerminationTransition3

===========================================================================================
----------------- testing Tue May 12 14:20:42 UTC 2020 /home/travis/build/icyphy/ptII/ptolemy/domains/modal/test/auto/TerminationTransition4.xml
----------------- Instantiating /home/travis/build/icyphy/ptII/ptolemy/domains/modal/test/auto/TerminationTransition4.xml
6 ms. Memory: 292864K Free: 214687K (73%)
----------------- Invoking toplevel() on ptolemy.moml.MoMLSimpleApplication@6fce07e7
----------------- Done invoking toplevel() on ptolemy.moml.MoMLSimpleApplication@6fce07e7
reloadAllAccessors: .TerminationTransition4

===========================================================================================
----------------- testing Tue May 12 14:20:42 UTC 2020 /home/travis/build/icyphy/ptII/ptolemy/domains/modal/test/auto/TerminationTransition5.xml
----------------- Instantiating /home/travis/build/icyphy/ptII/ptolemy/domains/modal/test/auto/TerminationTransition5.xml
2 ms. Memory: 292864K Free: 200861K (69%)
----------------- Invoking toplevel() on ptolemy.moml.MoMLSimpleApplication@6e06cb6f
----------------- Done invoking toplevel() on ptolemy.moml.MoMLSimpleApplication@6e06cb6f
reloadAllAccessors: .TerminationTransition5

===========================================================================================
----------------- testing Tue May 12 14:20:42 UTC 2020 /home/travis/build/icyphy/ptII/ptolemy/domains/modal/test/auto/TerminationTransition6.xml
----------------- Instantiating /home/travis/build/icyphy/ptII/ptolemy/domains/modal/test/auto/TerminationTransition6.xml
1 ms. Memory: 292864K Free: 192159K (66%)
----------------- Invoking toplevel() on ptolemy.moml.MoMLSimpleApplication@52fc9986
----------------- Done invoking toplevel() on ptolemy.moml.MoMLSimpleApplication@52fc9986
reloadAllAccessors: .TerminationTransition6

===========================================================================================
----------------- testing Tue May 12 14:20:42 UTC 2020 /home/travis/build/icyphy/ptII/ptolemy/domains/modal/test/auto/TerminationTransition7.xml
----------------- Instantiating /home/travis/build/icyphy/ptII/ptolemy/domains/modal/test/auto/TerminationTransition7.xml
2 ms. Memory: 292864K Free: 182943K (62%)
----------------- Invoking toplevel() on ptolemy.moml.MoMLSimpleApplication@554bb9ba
----------------- Done invoking toplevel() on ptolemy.moml.MoMLSimpleApplication@554bb9ba
reloadAllAccessors: .TerminationTransition7

===========================================================================================
----------------- testing Tue May 12 14:20:42 UTC 2020 /home/travis/build/icyphy/ptII/ptolemy/domains/modal/test/auto/TerminationTransition8.xml
----------------- Instantiating /home/travis/build/icyphy/ptII/ptolemy/domains/modal/test/auto/TerminationTransition8.xml
2 ms. Memory: 292864K Free: 173213K (59%)
----------------- Invoking toplevel() on ptolemy.moml.MoMLSimpleApplication@3941f5c9
----------------- Done invoking toplevel() on ptolemy.moml.MoMLSimpleApplication@3941f5c9
reloadAllAccessors: .TerminationTransition8

===========================================================================================
----------------- testing Tue May 12 14:20:42 UTC 2020 /home/travis/build/icyphy/ptII/ptolemy/domains/modal/test/auto/Thermostat_NoHysteresis.xml
----------------- Instantiating /home/travis/build/icyphy/ptII/ptolemy/domains/modal/test/auto/Thermostat_NoHysteresis.xml
37 ms. Memory: 292864K Free: 148637K (51%)
----------------- Invoking toplevel() on ptolemy.moml.MoMLSimpleApplication@79b76fc3
----------------- Done invoking toplevel() on ptolemy.moml.MoMLSimpleApplication@79b76fc3
reloadAllAccessors: .Thermostat_NoHysteresis

===========================================================================================
----------------- testing Tue May 12 14:20:42 UTC 2020 /home/travis/build/icyphy/ptII/ptolemy/domains/modal/test/auto/TimedFSM.xml
----------------- Instantiating /home/travis/build/icyphy/ptII/ptolemy/domains/modal/test/auto/TimedFSM.xml
8 ms. Memory: 292864K Free: 136863K (47%)
----------------- Invoking toplevel() on ptolemy.moml.MoMLSimpleApplication@19e5853e
----------------- Done invoking toplevel() on ptolemy.moml.MoMLSimpleApplication@19e5853e
reloadAllAccessors: .TimedFSM

===========================================================================================
----------------- testing Tue May 12 14:20:42 UTC 2020 /home/travis/build/icyphy/ptII/ptolemy/domains/modal/test/auto/Timeout1.xml
----------------- Instantiating /home/travis/build/icyphy/ptII/ptolemy/domains/modal/test/auto/Timeout1.xml
2 ms. Memory: 292864K Free: 131214K (45%)
----------------- Invoking toplevel() on ptolemy.moml.MoMLSimpleApplication@2fc54084
----------------- Done invoking toplevel() on ptolemy.moml.MoMLSimpleApplication@2fc54084
reloadAllAccessors: .Timeout1

===========================================================================================
----------------- testing Tue May 12 14:20:42 UTC 2020 /home/travis/build/icyphy/ptII/ptolemy/domains/modal/test/auto/Timeout2.xml
----------------- Instantiating /home/travis/build/icyphy/ptII/ptolemy/domains/modal/test/auto/Timeout2.xml
7 ms. Memory: 292864K Free: 122527K (42%)
----------------- Invoking toplevel() on ptolemy.moml.MoMLSimpleApplication@1d35178f
----------------- Done invoking toplevel() on ptolemy.moml.MoMLSimpleApplication@1d35178f
reloadAllAccessors: .Timeout2

===========================================================================================
----------------- testing Tue May 12 14:20:42 UTC 2020 /home/travis/build/icyphy/ptII/ptolemy/domains/modal/test/auto/Timeout3.xml
----------------- Instantiating /home/travis/build/icyphy/ptII/ptolemy/domains/modal/test/auto/Timeout3.xml
1 ms. Memory: 292864K Free: 117407K (40%)
----------------- Invoking toplevel() on ptolemy.moml.MoMLSimpleApplication@7a308354
----------------- Done invoking toplevel() on ptolemy.moml.MoMLSimpleApplication@7a308354
reloadAllAccessors: .Timeout3

===========================================================================================
----------------- testing Tue May 12 14:20:42 UTC 2020 /home/travis/build/icyphy/ptII/ptolemy/domains/modal/test/auto/Timeout4.xml
----------------- Instantiating /home/travis/build/icyphy/ptII/ptolemy/domains/modal/test/auto/Timeout4.xml
2 ms. Memory: 292864K Free: 112287K (38%)
----------------- Invoking toplevel() on ptolemy.moml.MoMLSimpleApplication@8ec35e4
----------------- Done invoking toplevel() on ptolemy.moml.MoMLSimpleApplication@8ec35e4
reloadAllAccessors: .Timeout4

===========================================================================================
----------------- testing Tue May 12 14:20:42 UTC 2020 /home/travis/build/icyphy/ptII/ptolemy/domains/modal/test/auto/TransientstateModelAdvanced.xml
----------------- Instantiating /home/travis/build/icyphy/ptII/ptolemy/domains/modal/test/auto/TransientstateModelAdvanced.xml
3 ms. Memory: 292864K Free: 270007K (92%)
----------------- Invoking toplevel() on ptolemy.moml.MoMLSimpleApplication@4cfb3cd5
----------------- Done invoking toplevel() on ptolemy.moml.MoMLSimpleApplication@4cfb3cd5
reloadAllAccessors: .TransientstateModelAdvanced

===========================================================================================
----------------- testing Tue May 12 14:20:42 UTC 2020 /home/travis/build/icyphy/ptII/ptolemy/domains/modal/test/auto/TransientstateModelAdvanced2.xml
----------------- Instantiating /home/travis/build/icyphy/ptII/ptolemy/domains/modal/test/auto/TransientstateModelAdvanced2.xml
3 ms. Memory: 292864K Free: 255671K (87%)
----------------- Invoking toplevel() on ptolemy.moml.MoMLSimpleApplication@354f7818
----------------- Done invoking toplevel() on ptolemy.moml.MoMLSimpleApplication@354f7818
reloadAllAccessors: .transientstatemodelAdvanced

===========================================================================================
----------------- testing Tue May 12 14:20:42 UTC 2020 /home/travis/build/icyphy/ptII/ptolemy/domains/modal/test/auto/TransitionRefinements.xml
----------------- Instantiating /home/travis/build/icyphy/ptII/ptolemy/domains/modal/test/auto/TransitionRefinements.xml
7 ms. Memory: 292864K Free: 245927K (84%)
----------------- Invoking toplevel() on ptolemy.moml.MoMLSimpleApplication@1050fe0e
----------------- Done invoking toplevel() on ptolemy.moml.MoMLSimpleApplication@1050fe0e
reloadAllAccessors: .TransitionRefinements

===========================================================================================
----------------- testing Tue May 12 14:20:42 UTC 2020 /home/travis/build/icyphy/ptII/ptolemy/domains/modal/test/auto/TwoRefinements1.xml
----------------- Instantiating /home/travis/build/icyphy/ptII/ptolemy/domains/modal/test/auto/TwoRefinements1.xml
2 ms. Memory: 292864K Free: 235701K (80%)
----------------- Invoking toplevel() on ptolemy.moml.MoMLSimpleApplication@fd79455
----------------- Done invoking toplevel() on ptolemy.moml.MoMLSimpleApplication@fd79455
reloadAllAccessors: .TwoRefinements1

===========================================================================================
----------------- testing Tue May 12 14:20:42 UTC 2020 /home/travis/build/icyphy/ptII/ptolemy/domains/modal/test/auto/TwoRefinements2.xml
----------------- Instantiating /home/travis/build/icyphy/ptII/ptolemy/domains/modal/test/auto/TwoRefinements2.xml
3 ms. Memory: 292864K Free: 225975K (77%)
----------------- Invoking toplevel() on ptolemy.moml.MoMLSimpleApplication@55921d3c
----------------- Done invoking toplevel() on ptolemy.moml.MoMLSimpleApplication@55921d3c
reloadAllAccessors: .TwoRefinements2

===========================================================================================
----------------- testing Tue May 12 14:20:42 UTC 2020 /home/travis/build/icyphy/ptII/ptolemy/domains/modal/test/auto/WeakImmediateTransition.xml
----------------- Instantiating /home/travis/build/icyphy/ptII/ptolemy/domains/modal/test/auto/WeakImmediateTransition.xml
6 ms. Memory: 292864K Free: 217269K (74%)
----------------- Invoking toplevel() on ptolemy.moml.MoMLSimpleApplication@68425078
----------------- Done invoking toplevel() on ptolemy.moml.MoMLSimpleApplication@68425078
reloadAllAccessors: .WeakImmediateTransition

===========================================================================================
----------------- testing Tue May 12 14:20:42 UTC 2020 /home/travis/build/icyphy/ptII/ptolemy/domains/modal/test/auto/booleanSelect.xml
----------------- Instantiating /home/travis/build/icyphy/ptII/ptolemy/domains/modal/test/auto/booleanSelect.xml
24 ms. Memory: 292864K Free: 199351K (68%)
----------------- Invoking toplevel() on ptolemy.moml.MoMLSimpleApplication@241c8df4
----------------- Done invoking toplevel() on ptolemy.moml.MoMLSimpleApplication@241c8df4
reloadAllAccessors: .booleanSelect

===========================================================================================
----------------- testing Tue May 12 14:20:42 UTC 2020 /home/travis/build/icyphy/ptII/ptolemy/domains/modal/test/auto/modalChangingParams.xml
----------------- Instantiating /home/travis/build/icyphy/ptII/ptolemy/domains/modal/test/auto/modalChangingParams.xml
0
1
0
2
4
6
8
7
0
2
4
6
8
13
0
2
4
6
8
19
0
2
4
6
8
25
0
2
4
6
8
31
0
2
4
6
8
37
0
2
4
6
8
43
0
2
4
6
8
49
0
2
4
6
8
55
0
2
4
6
8
61
0
2
4
6
8
67
0
2
4
6
8
73
0
2
4
6
8
79
0
2
4
6
8
85
0
2
4
6
8
91
0
2
4
6
8
97
0
2
4
6
8
103
0
2
4
6
8
109
0
2
4
6
8
115
0
2
4
6
8
121
0
2
4
6
8
127
0
2
4
6
8
133
0
2
4
6
8
139
0
2
4
6
8
145
0
2
4
6
8
151
0
2
4
6
8
157
0
2
4
6
8
163
0
2
4
6
8
169
0
2
4
6
8
175
0
2
4
6
8
181
0
2
4
6
8
187
0
2
4
6
8
193
0
2
4
6
8
199
0
2
4
6
8
205
0
2
4
6
8
211
0
2
4
6
8
217
0
2
4
6
8
223
0
2
4
6
8
229
0
2
4
6
8
235
0
2
4
6
8
241
0
2
4
6
8
247
0
2
4
6
8
253
0
2
4
6
8
259
0
2
4
6
8
265
0
2
4
6
8
271
0
2
4
6
8
277
0
2
4
6
8
283
0
2
4
6
8
289
0
2
4
6
8
295
0
2
4
6
8
301
0
2
4
6
8
307
0
2
4
6
8
313
0
2
4
6
8
319
0
2
4
6
8
325
0
2
4
6
8
331
0
2
4
6
8
337
0
2
4
6
8
343
0
2
4
6
8
349
0
2
4
6
8
355
0
2
4
6
8
361
0
2
4
6
8
367
0
2
4
6
8
373
0
2
4
6
8
379
0
2
4
6
8
385
0
2
4
6
8
391
0
2
4
6
8
397
0
2
4
6
8
403
0
2
4
6
8
409
0
2
4
6
8
415
0
2
4
6
8
421
0
2
4
6
8
427
0
2
4
6
8
433
0
2
4
6
8
439
0
2
4
6
8
445
0
2
4
6
8
451
0
2
4
6
8
457
0
2
4
6
8
463
0
2
4
6
8
469
0
2
4
6
8
475
0
2
4
6
8
481
0
2
4
6
8
487
0
2
4
6
8
493
0
2
4
6
8
499
0
2
4
6
8
505
0
2
4
6
8
511
0
2
4
6
8
517
0
2
4
6
8
523
0
2
4
6
8
529
0
2
4
6
8
535
0
2
4
6
8
541
0
2
4
6
8
547
0
2
4
6
8
553
0
2
4
6
8
559
0
2
4
6
8
565
0
2
4
6
8
571
0
2
4
6
8
577
0
2
4
6
8
583
0
2
4
6
8
589
0
2
4
6
8
595
0
2
4
6
8
601
0
2
4
6
8
607
0
2
4
6
8
613
0
2
4
6
8
619
0
2
4
6
8
625
0
2
4
6
8
631
0
2
4
6
8
637
0
2
4
6
8
643
0
2
4
6
8
649
0
2
4
6
8
655
0
2
4
6
8
661
0
2
4
6
8
667
0
2
4
6
8
673
0
2
4
6
8
679
0
2
4
6
8
685
0
2
4
6
8
691
0
2
4
6
8
697
0
2
4
6
8
703
0
2
4
6
8
709
0
2
4
6
8
715
0
2
4
6
8
721
0
2
4
6
8
727
0
2
4
6
8
733
0
2
4
6
8
739
0
2
4
6
8
745
0
2
4
6
8
751
0
2
4
6
8
757
0
2
4
6
8
763
0
2
4
6
8
769
0
2
4
6
8
775
0
2
4
6
8
781
0
2
4
6
8
787
0
2
4
6
8
793
0
2
4
6
8
799
0
2
4
6
8
805
0
2
4
6
8
811
0
2
4
6
8
817
0
2
4
6
8
823
0
2
4
6
8
829
0
2
4
6
8
835
0
2
4
6
8
841
0
2
4
6
8
847
0
2
4
6
8
853
0
2
4
6
8
859
0
2
4
6
8
865
0
2
4
6
8
871
0
2
4
6
8
877
0
2
4
6
8
883
0
2
4
6
8
889
0
2
4
6
8
895
0
2
4
6
8
901
0
2
4
6
8
907
0
2
4
6
8
913
0
2
4
6
8
919
0
2
4
6
8
925
0
2
4
6
8
931
0
2
4
6
8
937
0
2
4
6
8
943
0
2
4
6
8
949
0
2
4
6
8
955
0
2
4
6
8
961
0
2
4
6
8
967
0
2
4
6
8
973
0
2
4
6
8
979
0
2
4
6
8
985
0
2
4
6
8
991
0
2
4
6
8
997
0
2
299 ms. Memory: 371712K Free: 334745K (90%)
----------------- Invoking toplevel() on ptolemy.moml.MoMLSimpleApplication@710d1a25
----------------- Done invoking toplevel() on ptolemy.moml.MoMLSimpleApplication@710d1a25
reloadAllAccessors: .modalChangingParams

===========================================================================================
----------------- testing Tue May 12 14:20:43 UTC 2020 /home/travis/build/icyphy/ptII/ptolemy/domains/modal/test/auto/modalModel.xml
----------------- Instantiating /home/travis/build/icyphy/ptII/ptolemy/domains/modal/test/auto/modalModel.xml
7 ms. Memory: 371712K Free: 325529K (88%)
----------------- Invoking toplevel() on ptolemy.moml.MoMLSimpleApplication@329d08b8
----------------- Done invoking toplevel() on ptolemy.moml.MoMLSimpleApplication@329d08b8
reloadAllAccessors: .modalModel

===========================================================================================
----------------- testing Tue May 12 14:20:43 UTC 2020 /home/travis/build/icyphy/ptII/ptolemy/domains/modal/test/auto/modalModel2.xml
----------------- Instantiating /home/travis/build/icyphy/ptII/ptolemy/domains/modal/test/auto/modalModel2.xml
12 ms. Memory: 371712K Free: 314761K (85%)
----------------- Invoking toplevel() on ptolemy.moml.MoMLSimpleApplication@44b8c93f
----------------- Done invoking toplevel() on ptolemy.moml.MoMLSimpleApplication@44b8c93f
reloadAllAccessors: .modalModel2

===========================================================================================
----------------- testing Tue May 12 14:20:43 UTC 2020 /home/travis/build/icyphy/ptII/ptolemy/domains/modal/test/auto/modalModel3.xml
----------------- Instantiating /home/travis/build/icyphy/ptII/ptolemy/domains/modal/test/auto/modalModel3.xml
0	0	0
1	0	1
4	2	2
7	4	3
10	6	4
5	0	5
8	2	6
11	4	7
14	6	8
9	0	9
12	2	10
15	4	11
18	6	12
13	0	13
16	2	14
20 ms. Memory: 371712K Free: 299929K (81%)
----------------- Invoking toplevel() on ptolemy.moml.MoMLSimpleApplication@62f88ba
----------------- Done invoking toplevel() on ptolemy.moml.MoMLSimpleApplication@62f88ba
reloadAllAccessors: .modalModel3

===========================================================================================
----------------- testing Tue May 12 14:20:43 UTC 2020 /home/travis/build/icyphy/ptII/ptolemy/domains/modal/test/auto/model1.xml
----------------- Instantiating /home/travis/build/icyphy/ptII/ptolemy/domains/modal/test/auto/model1.xml
12 ms. Memory: 371712K Free: 294265K (79%)
----------------- Invoking toplevel() on ptolemy.moml.MoMLSimpleApplication@666760e2
----------------- Done invoking toplevel() on ptolemy.moml.MoMLSimpleApplication@666760e2
reloadAllAccessors: .model1

===========================================================================================
----------------- testing Tue May 12 14:20:43 UTC 2020 /home/travis/build/icyphy/ptII/ptolemy/domains/modal/test/auto/test-direct-in-out.xml
----------------- Instantiating /home/travis/build/icyphy/ptII/ptolemy/domains/modal/test/auto/test-direct-in-out.xml
6 ms. Memory: 371712K Free: 286617K (77%)
----------------- Invoking toplevel() on ptolemy.moml.MoMLSimpleApplication@7c811568
----------------- Done invoking toplevel() on ptolemy.moml.MoMLSimpleApplication@7c811568
reloadAllAccessors: .test-direct-in-out
AutoTests.java: About to close Vertx.
AutoTests.java: Vertx closed.
]]></system-out>
  <system-err><![CDATA[java.lang.RuntimeException: Execution failed
	at ptolemy.moml.MoMLSimpleApplication$UnloadThread.run(MoMLSimpleApplication.java:402)
Caused by: ptolemy.kernel.util.IllegalActionException: Unknown inputs remain. Possible causality loop:
L_model_1893289564i

  in .CannotAnalysisWithPreemption.model_1893289564_region_1 and .CannotAnalysisWithPreemption.model_1893289564_region_1.L_model_1893289564i
	at ptolemy.actor.sched.FixedPointDirector.postfire(FixedPointDirector.java:515)
	at ptolemy.domains.sr.kernel.SRDirector.postfire(SRDirector.java:417)
	at ptolemy.actor.CompositeActor.postfire(CompositeActor.java:1668)
	at ptolemy.actor.Manager.iterate(Manager.java:852)
	at ptolemy.actor.Manager.execute(Manager.java:369)
	at ptolemy.actor.Manager.run(Manager.java:1263)
	at ptolemy.actor.Manager$PtolemyRunThread.run(Manager.java:1933)
java.lang.reflect.InvocationTargetException
	at java.base/jdk.internal.reflect.NativeConstructorAccessorImpl.newInstance0(Native Method)
	at java.base/jdk.internal.reflect.NativeConstructorAccessorImpl.newInstance(NativeConstructorAccessorImpl.java:62)
	at java.base/jdk.internal.reflect.DelegatingConstructorAccessorImpl.newInstance(DelegatingConstructorAccessorImpl.java:45)
	at java.base/java.lang.reflect.Constructor.newInstance(Constructor.java:490)
	at ptolemy.util.test.junit.AutoKnownFailedTests.RunModel(AutoKnownFailedTests.java:105)
	at java.base/jdk.internal.reflect.NativeMethodAccessorImpl.invoke0(Native Method)
	at java.base/jdk.internal.reflect.NativeMethodAccessorImpl.invoke(NativeMethodAccessorImpl.java:62)
	at java.base/jdk.internal.reflect.DelegatingMethodAccessorImpl.invoke(DelegatingMethodAccessorImpl.java:43)
	at java.base/java.lang.reflect.Method.invoke(Method.java:566)
	at org.junit.runners.model.FrameworkMethod$1.runReflectiveCall(FrameworkMethod.java:44)
	at org.junit.internal.runners.model.ReflectiveCallable.run(ReflectiveCallable.java:15)
	at org.junit.runners.model.FrameworkMethod.invokeExplosively(FrameworkMethod.java:41)
	at junitparams.internal.InvokeParameterisedMethod.evaluate(InvokeParameterisedMethod.java:102)
	at org.junit.internal.runners.statements.FailOnTimeout$1.run(FailOnTimeout.java:28)
Caused by: ptolemy.kernel.util.IllegalActionException: Unknown inputs remain. Possible causality loop:
L_model_1893289564i

  in .CannotAnalysisWithPreemption.model_1893289564_region_1 and .CannotAnalysisWithPreemption.model_1893289564_region_1.L_model_1893289564i
	at ptolemy.actor.sched.FixedPointDirector.postfire(FixedPointDirector.java:515)
	at ptolemy.domains.sr.kernel.SRDirector.postfire(SRDirector.java:417)
	at ptolemy.actor.CompositeActor.postfire(CompositeActor.java:1668)
	at ptolemy.actor.Manager.iterate(Manager.java:852)
	at ptolemy.actor.Manager.execute(Manager.java:369)
	at ptolemy.actor.Manager.run(Manager.java:1263)
	at ptolemy.actor.Manager$PtolemyRunThread.run(Manager.java:1933)
]]></system-err>
</testsuite>
