<?xml version="1.0" encoding="UTF-8" ?>
<testsuite errors="0" failures="0" hostname="travis-job-bc43feee-9e67-4559-857a-890239aabe4b" name="ptolemy.domains.continuous.test.junit.JUnitTclTest" skipped="0" tests="156" time="75.349" timestamp="2018-11-08T02:41:08">
  <properties>
[...]
</properties>
  <testcase classname="ptolemy.util.test.junit.TclTests" name="[0] ThereAreNoTclTests (RunTclFile)" time="0.001" />
  <testcase classname="ptolemy.util.test.junit.AutoKnownFailedTests" name="[0] ThereAreNoKnowFailedTests (RunModel)" time="0.001" />
  <testcase classname="ptolemy.util.test.junit.AutoNameArchTests" name="[0] ThereAreNoAutoArchTests (RunModel)" time="0.002" />
  <testcase classname="ptolemy.util.test.junit.AutoTests" name="[0] /home/travis/build/icyphy/ptII/ptolemy/domains/continuous/test/auto/BouncingBall.xml (RunModel)" time="2.859" />
  <testcase classname="ptolemy.util.test.junit.AutoTests" name="[1] /home/travis/build/icyphy/ptII/ptolemy/domains/continuous/test/auto/BouncingBallWithoutGR.xml (RunModel)" time="0.8" />
  <testcase classname="ptolemy.util.test.junit.AutoTests" name="[2] /home/travis/build/icyphy/ptII/ptolemy/domains/continuous/test/auto/Brownian.xml (RunModel)" time="0.124" />
  <testcase classname="ptolemy.util.test.junit.AutoTests" name="[3] /home/travis/build/icyphy/ptII/ptolemy/domains/continuous/test/auto/CarTracking.xml (RunModel)" time="3.797" />
  <testcase classname="ptolemy.util.test.junit.AutoTests" name="[4] /home/travis/build/icyphy/ptII/ptolemy/domains/continuous/test/auto/CartPendulum.xml (RunModel)" time="0.713" />
  <testcase classname="ptolemy.util.test.junit.AutoTests" name="[5] /home/travis/build/icyphy/ptII/ptolemy/domains/continuous/test/auto/CausalityInterface10.xml (RunModel)" time="0.064" />
  <testcase classname="ptolemy.util.test.junit.AutoTests" name="[6] /home/travis/build/icyphy/ptII/ptolemy/domains/continuous/test/auto/CausalityInterface11.xml (RunModel)" time="0.039" />
  <testcase classname="ptolemy.util.test.junit.AutoTests" name="[7] /home/travis/build/icyphy/ptII/ptolemy/domains/continuous/test/auto/CausalityInterface12.xml (RunModel)" time="0.041" />
  <testcase classname="ptolemy.util.test.junit.AutoTests" name="[8] /home/travis/build/icyphy/ptII/ptolemy/domains/continuous/test/auto/CausalityInterface13.xml (RunModel)" time="0.037" />
  <testcase classname="ptolemy.util.test.junit.AutoTests" name="[9] /home/travis/build/icyphy/ptII/ptolemy/domains/continuous/test/auto/CausalityInterface14.xml (RunModel)" time="0.032" />
  <testcase classname="ptolemy.util.test.junit.AutoTests" name="[10] /home/travis/build/icyphy/ptII/ptolemy/domains/continuous/test/auto/CausalityInterface4.xml (RunModel)" time="0.041" />
  <testcase classname="ptolemy.util.test.junit.AutoTests" name="[11] /home/travis/build/icyphy/ptII/ptolemy/domains/continuous/test/auto/CausalityInterface5.xml (RunModel)" time="0.05" />
  <testcase classname="ptolemy.util.test.junit.AutoTests" name="[12] /home/travis/build/icyphy/ptII/ptolemy/domains/continuous/test/auto/CausalityInterface6.xml (RunModel)" time="0.029" />
  <testcase classname="ptolemy.util.test.junit.AutoTests" name="[13] /home/travis/build/icyphy/ptII/ptolemy/domains/continuous/test/auto/CausalityInterface7.xml (RunModel)" time="0.043" />
  <testcase classname="ptolemy.util.test.junit.AutoTests" name="[14] /home/travis/build/icyphy/ptII/ptolemy/domains/continuous/test/auto/CausalityInterface8.xml (RunModel)" time="0.044" />
  <testcase classname="ptolemy.util.test.junit.AutoTests" name="[15] /home/travis/build/icyphy/ptII/ptolemy/domains/continuous/test/auto/CausalityInterface9.xml (RunModel)" time="0.046" />
  <testcase classname="ptolemy.util.test.junit.AutoTests" name="[16] /home/travis/build/icyphy/ptII/ptolemy/domains/continuous/test/auto/CausalityInterfaceFeedback1.xml (RunModel)" time="0.031" />
  <testcase classname="ptolemy.util.test.junit.AutoTests" name="[17] /home/travis/build/icyphy/ptII/ptolemy/domains/continuous/test/auto/CausalityInterfaceFeedback2.xml (RunModel)" time="0.041" />
  <testcase classname="ptolemy.util.test.junit.AutoTests" name="[18] /home/travis/build/icyphy/ptII/ptolemy/domains/continuous/test/auto/CompareWithCurrentTime.xml (RunModel)" time="0.032" />
  <testcase classname="ptolemy.util.test.junit.AutoTests" name="[19] /home/travis/build/icyphy/ptII/ptolemy/domains/continuous/test/auto/ComparedClocks.xml (RunModel)" time="0.081" />
  <testcase classname="ptolemy.util.test.junit.AutoTests" name="[20] /home/travis/build/icyphy/ptII/ptolemy/domains/continuous/test/auto/ContinuousAOCClone.xml (RunModel)" time="2.735" />
  <testcase classname="ptolemy.util.test.junit.AutoTests" name="[21] /home/travis/build/icyphy/ptII/ptolemy/domains/continuous/test/auto/ContinuousClock.xml (RunModel)" time="0.105" />
  <testcase classname="ptolemy.util.test.junit.AutoTests" name="[22] /home/travis/build/icyphy/ptII/ptolemy/domains/continuous/test/auto/ContinuousInContinuous.xml (RunModel)" time="0.093" />
  <testcase classname="ptolemy.util.test.junit.AutoTests" name="[23] /home/travis/build/icyphy/ptII/ptolemy/domains/continuous/test/auto/ContinuousInContinuousInContinuous.xml (RunModel)" time="0.031" />
  <testcase classname="ptolemy.util.test.junit.AutoTests" name="[24] /home/travis/build/icyphy/ptII/ptolemy/domains/continuous/test/auto/ContinuousInDE.xml (RunModel)" time="0.159" />
  <testcase classname="ptolemy.util.test.junit.AutoTests" name="[25] /home/travis/build/icyphy/ptII/ptolemy/domains/continuous/test/auto/ContinuousInDE2.xml (RunModel)" time="0.064" />
  <testcase classname="ptolemy.util.test.junit.AutoTests" name="[26] /home/travis/build/icyphy/ptII/ptolemy/domains/continuous/test/auto/ContinuousInDE3.xml (RunModel)" time="0.071" />
  <testcase classname="ptolemy.util.test.junit.AutoTests" name="[27] /home/travis/build/icyphy/ptII/ptolemy/domains/continuous/test/auto/ContinuousInDE4.xml (RunModel)" time="0.031" />
  <testcase classname="ptolemy.util.test.junit.AutoTests" name="[28] /home/travis/build/icyphy/ptII/ptolemy/domains/continuous/test/auto/ContinuousInDEDifferentRefinements.xml (RunModel)" time="0.114" />
  <testcase classname="ptolemy.util.test.junit.AutoTests" name="[29] /home/travis/build/icyphy/ptII/ptolemy/domains/continuous/test/auto/ContinuousInDEDifferentRefinementsPreemptive.xml (RunModel)" time="0.097" />
  <testcase classname="ptolemy.util.test.junit.AutoTests" name="[30] /home/travis/build/icyphy/ptII/ptolemy/domains/continuous/test/auto/ContinuousInDEInContinuous2.xml (RunModel)" time="0.068" />
  <testcase classname="ptolemy.util.test.junit.AutoTests" name="[31] /home/travis/build/icyphy/ptII/ptolemy/domains/continuous/test/auto/ContinuousInDEInContinuous3.xml (RunModel)" time="0.099" />
  <testcase classname="ptolemy.util.test.junit.AutoTests" name="[32] /home/travis/build/icyphy/ptII/ptolemy/domains/continuous/test/auto/ContinuousInDEInput.xml (RunModel)" time="0.037" />
  <testcase classname="ptolemy.util.test.junit.AutoTests" name="[33] /home/travis/build/icyphy/ptII/ptolemy/domains/continuous/test/auto/ContinuousInDEInput2.xml (RunModel)" time="0.033" />
  <testcase classname="ptolemy.util.test.junit.AutoTests" name="[34] /home/travis/build/icyphy/ptII/ptolemy/domains/continuous/test/auto/ContinuousInDEInput3.xml (RunModel)" time="0.037" />
  <testcase classname="ptolemy.util.test.junit.AutoTests" name="[35] /home/travis/build/icyphy/ptII/ptolemy/domains/continuous/test/auto/ContinuousInDESharingRefinement.xml (RunModel)" time="0.172" />
  <testcase classname="ptolemy.util.test.junit.AutoTests" name="[36] /home/travis/build/icyphy/ptII/ptolemy/domains/continuous/test/auto/ContinuousInDEwithNoPorts.xml (RunModel)" time="0.024" />
  <testcase classname="ptolemy.util.test.junit.AutoTests" name="[37] /home/travis/build/icyphy/ptII/ptolemy/domains/continuous/test/auto/ContinuousInsideDE.xml (RunModel)" time="0.088" />
  <testcase classname="ptolemy.util.test.junit.AutoTests" name="[38] /home/travis/build/icyphy/ptII/ptolemy/domains/continuous/test/auto/ContinuousMerge1.xml (RunModel)" time="0.023" />
  <testcase classname="ptolemy.util.test.junit.AutoTests" name="[39] /home/travis/build/icyphy/ptII/ptolemy/domains/continuous/test/auto/ContinuousMerge2.xml (RunModel)" time="0.046" />
  <testcase classname="ptolemy.util.test.junit.AutoTests" name="[40] /home/travis/build/icyphy/ptII/ptolemy/domains/continuous/test/auto/ContinuousMerge3.xml (RunModel)" time="0.078" />
  <testcase classname="ptolemy.util.test.junit.AutoTests" name="[41] /home/travis/build/icyphy/ptII/ptolemy/domains/continuous/test/auto/ContinuousWithinContinuous.xml (RunModel)" time="0.057" />
  <testcase classname="ptolemy.util.test.junit.AutoTests" name="[42] /home/travis/build/icyphy/ptII/ptolemy/domains/continuous/test/auto/ContinuousWithinContinuous2.xml (RunModel)" time="0.076" />
  <testcase classname="ptolemy.util.test.junit.AutoTests" name="[43] /home/travis/build/icyphy/ptII/ptolemy/domains/continuous/test/auto/ContinuousWithinContinuous3.xml (RunModel)" time="0.032" />
  <testcase classname="ptolemy.util.test.junit.AutoTests" name="[44] /home/travis/build/icyphy/ptII/ptolemy/domains/continuous/test/auto/ContinuousWithinContinuous4.xml (RunModel)" time="0.09" />
  <testcase classname="ptolemy.util.test.junit.AutoTests" name="[45] /home/travis/build/icyphy/ptII/ptolemy/domains/continuous/test/auto/ContinuousWithinContinuous5.xml (RunModel)" time="0.035" />
  <testcase classname="ptolemy.util.test.junit.AutoTests" name="[46] /home/travis/build/icyphy/ptII/ptolemy/domains/continuous/test/auto/ContinuousWithinContinuous6.xml (RunModel)" time="0.029" />
  <testcase classname="ptolemy.util.test.junit.AutoTests" name="[47] /home/travis/build/icyphy/ptII/ptolemy/domains/continuous/test/auto/ContinuousWithinContinuous7.xml (RunModel)" time="0.077" />
  <testcase classname="ptolemy.util.test.junit.AutoTests" name="[48] /home/travis/build/icyphy/ptII/ptolemy/domains/continuous/test/auto/DCMotor.xml (RunModel)" time="14.046" />
  <testcase classname="ptolemy.util.test.junit.AutoTests" name="[49] /home/travis/build/icyphy/ptII/ptolemy/domains/continuous/test/auto/DEInContinuous.xml (RunModel)" time="0.028" />
  <testcase classname="ptolemy.util.test.junit.AutoTests" name="[50] /home/travis/build/icyphy/ptII/ptolemy/domains/continuous/test/auto/DEinContinuous2.xml (RunModel)" time="0.029" />
  <testcase classname="ptolemy.util.test.junit.AutoTests" name="[51] /home/travis/build/icyphy/ptII/ptolemy/domains/continuous/test/auto/Derivative.xml (RunModel)" time="0.217" />
  <testcase classname="ptolemy.util.test.junit.AutoTests" name="[52] /home/travis/build/icyphy/ptII/ptolemy/domains/continuous/test/auto/Derivative1.xml (RunModel)" time="0.057" />
  <testcase classname="ptolemy.util.test.junit.AutoTests" name="[53] /home/travis/build/icyphy/ptII/ptolemy/domains/continuous/test/auto/DiscreteClock.xml (RunModel)" time="0.015" />
  <testcase classname="ptolemy.util.test.junit.AutoTests" name="[54] /home/travis/build/icyphy/ptII/ptolemy/domains/continuous/test/auto/EfficiencyCurve.xml (RunModel)" time="0.119" />
  <testcase classname="ptolemy.util.test.junit.AutoTests" name="[55] /home/travis/build/icyphy/ptII/ptolemy/domains/continuous/test/auto/ExponentialResponse.xml (RunModel)" time="0.107" />
  <testcase classname="ptolemy.util.test.junit.AutoTests" name="[56] /home/travis/build/icyphy/ptII/ptolemy/domains/continuous/test/auto/ExponentialResponseRK45.xml (RunModel)" time="0.034" />
  <testcase classname="ptolemy.util.test.junit.AutoTests" name="[57] /home/travis/build/icyphy/ptII/ptolemy/domains/continuous/test/auto/Friction.xml (RunModel)" time="1.437" />
  <testcase classname="ptolemy.util.test.junit.AutoTests" name="[58] /home/travis/build/icyphy/ptII/ptolemy/domains/continuous/test/auto/FurutaPendulum.xml (RunModel)" time="3.282" />
  <testcase classname="ptolemy.util.test.junit.AutoTests" name="[59] /home/travis/build/icyphy/ptII/ptolemy/domains/continuous/test/auto/HierarchicalExecution.xml (RunModel)" time="1.839" />
  <testcase classname="ptolemy.util.test.junit.AutoTests" name="[60] /home/travis/build/icyphy/ptII/ptolemy/domains/continuous/test/auto/HybridPlant.xml (RunModel)" time="0.512" />
  <testcase classname="ptolemy.util.test.junit.AutoTests" name="[61] /home/travis/build/icyphy/ptII/ptolemy/domains/continuous/test/auto/Hysteresis.xml (RunModel)" time="0.184" />
  <testcase classname="ptolemy.util.test.junit.AutoTests" name="[62] /home/travis/build/icyphy/ptII/ptolemy/domains/continuous/test/auto/HysteresisWithRandomDelay.xml (RunModel)" time="0.219" />
  <testcase classname="ptolemy.util.test.junit.AutoTests" name="[63] /home/travis/build/icyphy/ptII/ptolemy/domains/continuous/test/auto/HysteresisWithRandomLosses.xml (RunModel)" time="2.105" />
  <testcase classname="ptolemy.util.test.junit.AutoTests" name="[64] /home/travis/build/icyphy/ptII/ptolemy/domains/continuous/test/auto/ImmediateTransitions.xml (RunModel)" time="0.024" />
  <testcase classname="ptolemy.util.test.junit.AutoTests" name="[65] /home/travis/build/icyphy/ptII/ptolemy/domains/continuous/test/auto/ImpulseFeedback.xml (RunModel)" time="0.038" />
  <testcase classname="ptolemy.util.test.junit.AutoTests" name="[66] /home/travis/build/icyphy/ptII/ptolemy/domains/continuous/test/auto/ImpulseFeedback2.xml (RunModel)" time="0.049" />
  <testcase classname="ptolemy.util.test.junit.AutoTests" name="[67] /home/travis/build/icyphy/ptII/ptolemy/domains/continuous/test/auto/IncreasingRatePoisson.xml (RunModel)" time="0.776" />
  <testcase classname="ptolemy.util.test.junit.AutoTests" name="[68] /home/travis/build/icyphy/ptII/ptolemy/domains/continuous/test/auto/InitialStateFeedback.xml (RunModel)" time="0.021" />
  <testcase classname="ptolemy.util.test.junit.AutoTests" name="[69] /home/travis/build/icyphy/ptII/ptolemy/domains/continuous/test/auto/Integration.xml (RunModel)" time="0.009" />
  <testcase classname="ptolemy.util.test.junit.AutoTests" name="[70] /home/travis/build/icyphy/ptII/ptolemy/domains/continuous/test/auto/Integration2.xml (RunModel)" time="0.09" />
  <testcase classname="ptolemy.util.test.junit.AutoTests" name="[71] /home/travis/build/icyphy/ptII/ptolemy/domains/continuous/test/auto/Integration3.xml (RunModel)" time="0.017" />
  <testcase classname="ptolemy.util.test.junit.AutoTests" name="[72] /home/travis/build/icyphy/ptII/ptolemy/domains/continuous/test/auto/Integration5.xml (RunModel)" time="0.018" />
  <testcase classname="ptolemy.util.test.junit.AutoTests" name="[73] /home/travis/build/icyphy/ptII/ptolemy/domains/continuous/test/auto/IntegratorImpulse.xml (RunModel)" time="0.012" />
  <testcase classname="ptolemy.util.test.junit.AutoTests" name="[74] /home/travis/build/icyphy/ptII/ptolemy/domains/continuous/test/auto/IntegratorImpulse2.xml (RunModel)" time="0.011" />
  <testcase classname="ptolemy.util.test.junit.AutoTests" name="[75] /home/travis/build/icyphy/ptII/ptolemy/domains/continuous/test/auto/LevelCrossing1.xml (RunModel)" time="0.013" />
  <testcase classname="ptolemy.util.test.junit.AutoTests" name="[76] /home/travis/build/icyphy/ptII/ptolemy/domains/continuous/test/auto/LevelCrossing2.xml (RunModel)" time="0.013" />
  <testcase classname="ptolemy.util.test.junit.AutoTests" name="[77] /home/travis/build/icyphy/ptII/ptolemy/domains/continuous/test/auto/LevelCrossing3.xml (RunModel)" time="0.012" />
  <testcase classname="ptolemy.util.test.junit.AutoTests" name="[78] /home/travis/build/icyphy/ptII/ptolemy/domains/continuous/test/auto/LevelCrossing4.xml (RunModel)" time="0.031" />
  <testcase classname="ptolemy.util.test.junit.AutoTests" name="[79] /home/travis/build/icyphy/ptII/ptolemy/domains/continuous/test/auto/LevelCrossing5.xml (RunModel)" time="0.013" />
  <testcase classname="ptolemy.util.test.junit.AutoTests" name="[80] /home/travis/build/icyphy/ptII/ptolemy/domains/continuous/test/auto/LevelCrossing6.xml (RunModel)" time="0.014" />
  <testcase classname="ptolemy.util.test.junit.AutoTests" name="[81] /home/travis/build/icyphy/ptII/ptolemy/domains/continuous/test/auto/LevelCrossingDetector.xml (RunModel)" time="0.046" />
  <testcase classname="ptolemy.util.test.junit.AutoTests" name="[82] /home/travis/build/icyphy/ptII/ptolemy/domains/continuous/test/auto/LevelCrossingDetectorDetectingDirections.xml (RunModel)" time="0.086" />
  <testcase classname="ptolemy.util.test.junit.AutoTests" name="[83] /home/travis/build/icyphy/ptII/ptolemy/domains/continuous/test/auto/LevelCrossingDetectorDetectsGlitches.xml (RunModel)" time="0.062" />
  <testcase classname="ptolemy.util.test.junit.AutoTests" name="[84] /home/travis/build/icyphy/ptII/ptolemy/domains/continuous/test/auto/LevelCrossingNoInitialOuput.xml (RunModel)" time="0.013" />
  <testcase classname="ptolemy.util.test.junit.AutoTests" name="[85] /home/travis/build/icyphy/ptII/ptolemy/domains/continuous/test/auto/LinearStateSpaceExample.xml (RunModel)" time="0.053" />
  <testcase classname="ptolemy.util.test.junit.AutoTests" name="[86] /home/travis/build/icyphy/ptII/ptolemy/domains/continuous/test/auto/Lorenz.xml (RunModel)" time="4.8" />
  <testcase classname="ptolemy.util.test.junit.AutoTests" name="[87] /home/travis/build/icyphy/ptII/ptolemy/domains/continuous/test/auto/LorenzDifferentialSystem.xml (RunModel)" time="1.071" />
  <testcase classname="ptolemy.util.test.junit.AutoTests" name="[88] /home/travis/build/icyphy/ptII/ptolemy/domains/continuous/test/auto/LorenzDifferentialSystemWithInput.xml (RunModel)" time="1.351" />
  <testcase classname="ptolemy.util.test.junit.AutoTests" name="[89] /home/travis/build/icyphy/ptII/ptolemy/domains/continuous/test/auto/LorenzDifferentialSystemWithTime.xml (RunModel)" time="0.878" />
  <testcase classname="ptolemy.util.test.junit.AutoTests" name="[90] /home/travis/build/icyphy/ptII/ptolemy/domains/continuous/test/auto/Microsteps.xml (RunModel)" time="0.02" />
  <testcase classname="ptolemy.util.test.junit.AutoTests" name="[91] /home/travis/build/icyphy/ptII/ptolemy/domains/continuous/test/auto/Modal1.xml (RunModel)" time="0.045" />
  <testcase classname="ptolemy.util.test.junit.AutoTests" name="[92] /home/travis/build/icyphy/ptII/ptolemy/domains/continuous/test/auto/Modal2.xml (RunModel)" time="0.052" />
  <testcase classname="ptolemy.util.test.junit.AutoTests" name="[93] /home/travis/build/icyphy/ptII/ptolemy/domains/continuous/test/auto/ModalTransitionGuardWithReset.xml (RunModel)" time="0.024" />
  <testcase classname="ptolemy.util.test.junit.AutoTests" name="[94] /home/travis/build/icyphy/ptII/ptolemy/domains/continuous/test/auto/ModalTransitionGuardWithResetUsingPreemptiveTransition.xml (RunModel)" time="0.025" />
  <testcase classname="ptolemy.util.test.junit.AutoTests" name="[95] /home/travis/build/icyphy/ptII/ptolemy/domains/continuous/test/auto/ModalTransitionGuardWithResetUsingPreemptiveTransition2.xml (RunModel)" time="0.028" />
  <testcase classname="ptolemy.util.test.junit.AutoTests" name="[96] /home/travis/build/icyphy/ptII/ptolemy/domains/continuous/test/auto/ModalTransitionGuardWithResetUsingPreemptiveTransition3.xml (RunModel)" time="0.028" />
  <testcase classname="ptolemy.util.test.junit.AutoTests" name="[97] /home/travis/build/icyphy/ptII/ptolemy/domains/continuous/test/auto/NewtonsCradle.xml (RunModel)" time="0.795" />
  <testcase classname="ptolemy.util.test.junit.AutoTests" name="[98] /home/travis/build/icyphy/ptII/ptolemy/domains/continuous/test/auto/NewtonsCradleAnimated.xml (RunModel)" time="1.141" />
  <testcase classname="ptolemy.util.test.junit.AutoTests" name="[99] /home/travis/build/icyphy/ptII/ptolemy/domains/continuous/test/auto/NewtonsCradleComplicated.xml (RunModel)" time="0.896" />
  <testcase classname="ptolemy.util.test.junit.AutoTests" name="[100] /home/travis/build/icyphy/ptII/ptolemy/domains/continuous/test/auto/NewtonsCradleNondeterministic.xml (RunModel)" time="0.643" />
  <testcase classname="ptolemy.util.test.junit.AutoTests" name="[101] /home/travis/build/icyphy/ptII/ptolemy/domains/continuous/test/auto/NewtonsCradlePerfectlyInelastic1.xml (RunModel)" time="1.258" />
  <testcase classname="ptolemy.util.test.junit.AutoTests" name="[102] /home/travis/build/icyphy/ptII/ptolemy/domains/continuous/test/auto/Noise.xml (RunModel)" time="0.209" />
  <testcase classname="ptolemy.util.test.junit.AutoTests" name="[103] /home/travis/build/icyphy/ptII/ptolemy/domains/continuous/test/auto/NoiseSpectrum.xml (RunModel)" time="0.872" />
  <testcase classname="ptolemy.util.test.junit.AutoTests" name="[104] /home/travis/build/icyphy/ptII/ptolemy/domains/continuous/test/auto/ParameterizedNewtonsCradleAnimated.xml (RunModel)" time="0.412" />
  <testcase classname="ptolemy.util.test.junit.AutoTests" name="[105] /home/travis/build/icyphy/ptII/ptolemy/domains/continuous/test/auto/ParameterizedNewtonsCradleAnimatedNondeterministic.xml (RunModel)" time="1.191" />
  <testcase classname="ptolemy.util.test.junit.AutoTests" name="[106] /home/travis/build/icyphy/ptII/ptolemy/domains/continuous/test/auto/Pendulum3D.xml (RunModel)" time="0.179" />
  <testcase classname="ptolemy.util.test.junit.AutoTests" name="[107] /home/travis/build/icyphy/ptII/ptolemy/domains/continuous/test/auto/PeriodicSampler.xml (RunModel)" time="0.01" />
  <testcase classname="ptolemy.util.test.junit.AutoTests" name="[108] /home/travis/build/icyphy/ptII/ptolemy/domains/continuous/test/auto/PeriodicSampler1.xml (RunModel)" time="0.046" />
  <testcase classname="ptolemy.util.test.junit.AutoTests" name="[109] /home/travis/build/icyphy/ptII/ptolemy/domains/continuous/test/auto/PeriodicSampler2.xml (RunModel)" time="0.067" />
  <testcase classname="ptolemy.util.test.junit.AutoTests" name="[110] /home/travis/build/icyphy/ptII/ptolemy/domains/continuous/test/auto/Poisson.xml (RunModel)" time="0.485" />
  <testcase classname="ptolemy.util.test.junit.AutoTests" name="[111] /home/travis/build/icyphy/ptII/ptolemy/domains/continuous/test/auto/PoissonClock.xml (RunModel)" time="0.01" />
  <testcase classname="ptolemy.util.test.junit.AutoTests" name="[112] /home/travis/build/icyphy/ptII/ptolemy/domains/continuous/test/auto/PoissonClock2.xml (RunModel)" time="0.011" />
  <testcase classname="ptolemy.util.test.junit.AutoTests" name="[113] /home/travis/build/icyphy/ptII/ptolemy/domains/continuous/test/auto/PortParameterHierarchy.xml (RunModel)" time="0.015" />
  <testcase classname="ptolemy.util.test.junit.AutoTests" name="[114] /home/travis/build/icyphy/ptII/ptolemy/domains/continuous/test/auto/RandomHybridPlant.xml (RunModel)" time="0.544" />
  <testcase classname="ptolemy.util.test.junit.AutoTests" name="[115] /home/travis/build/icyphy/ptII/ptolemy/domains/continuous/test/auto/ResetTransitionWithStartTime1.xml (RunModel)" time="0.032" />
  <testcase classname="ptolemy.util.test.junit.AutoTests" name="[116] /home/travis/build/icyphy/ptII/ptolemy/domains/continuous/test/auto/ResetTransitionWithStartTime2.xml (RunModel)" time="0.04" />
  <testcase classname="ptolemy.util.test.junit.AutoTests" name="[117] /home/travis/build/icyphy/ptII/ptolemy/domains/continuous/test/auto/ResetTransitionWithStartTime3.xml (RunModel)" time="0.038" />
  <testcase classname="ptolemy.util.test.junit.AutoTests" name="[118] /home/travis/build/icyphy/ptII/ptolemy/domains/continuous/test/auto/ResetTransitionWithStartTime4.xml (RunModel)" time="0.036" />
  <testcase classname="ptolemy.util.test.junit.AutoTests" name="[119] /home/travis/build/icyphy/ptII/ptolemy/domains/continuous/test/auto/ResetTransitionWithStartTime5.xml (RunModel)" time="0.035" />
  <testcase classname="ptolemy.util.test.junit.AutoTests" name="[120] /home/travis/build/icyphy/ptII/ptolemy/domains/continuous/test/auto/ResetTransitionWithStartTime6.xml (RunModel)" time="0.032" />
  <testcase classname="ptolemy.util.test.junit.AutoTests" name="[121] /home/travis/build/icyphy/ptII/ptolemy/domains/continuous/test/auto/SRinContinuous.xml (RunModel)" time="0.025" />
  <testcase classname="ptolemy.util.test.junit.AutoTests" name="[122] /home/travis/build/icyphy/ptII/ptolemy/domains/continuous/test/auto/SampledClocks.xml (RunModel)" time="0.026" />
  <testcase classname="ptolemy.util.test.junit.AutoTests" name="[123] /home/travis/build/icyphy/ptII/ptolemy/domains/continuous/test/auto/Satellite.xml (RunModel)" time="0.984" />
  <testcase classname="ptolemy.util.test.junit.AutoTests" name="[124] /home/travis/build/icyphy/ptII/ptolemy/domains/continuous/test/auto/SigmaDelta.xml (RunModel)" time="2.515" />
  <testcase classname="ptolemy.util.test.junit.AutoTests" name="[125] /home/travis/build/icyphy/ptII/ptolemy/domains/continuous/test/auto/SingleRefinement.xml (RunModel)" time="0.581" />
  <testcase classname="ptolemy.util.test.junit.AutoTests" name="[126] /home/travis/build/icyphy/ptII/ptolemy/domains/continuous/test/auto/SinuBouncingBall.xml (RunModel)" time="0.905" />
  <testcase classname="ptolemy.util.test.junit.AutoTests" name="[127] /home/travis/build/icyphy/ptII/ptolemy/domains/continuous/test/auto/Sinusoid.xml (RunModel)" time="0.017" />
  <testcase classname="ptolemy.util.test.junit.AutoTests" name="[128] /home/travis/build/icyphy/ptII/ptolemy/domains/continuous/test/auto/SinusoidInNoise.xml (RunModel)" time="1.056" />
  <testcase classname="ptolemy.util.test.junit.AutoTests" name="[129] /home/travis/build/icyphy/ptII/ptolemy/domains/continuous/test/auto/SinusoidRK45.xml (RunModel)" time="0.01" />
  <testcase classname="ptolemy.util.test.junit.AutoTests" name="[130] /home/travis/build/icyphy/ptII/ptolemy/domains/continuous/test/auto/SinusoidWithMultipleImpulses.xml (RunModel)" time="0.017" />
  <testcase classname="ptolemy.util.test.junit.AutoTests" name="[131] /home/travis/build/icyphy/ptII/ptolemy/domains/continuous/test/auto/SquareWave.xml (RunModel)" time="0.174" />
  <testcase classname="ptolemy.util.test.junit.AutoTests" name="[132] /home/travis/build/icyphy/ptII/ptolemy/domains/continuous/test/auto/Starmac.xml (RunModel)" time="3.428" />
  <testcase classname="ptolemy.util.test.junit.AutoTests" name="[133] /home/travis/build/icyphy/ptII/ptolemy/domains/continuous/test/auto/StaticUnits.xml (RunModel)" time="2.514" />
  <testcase classname="ptolemy.util.test.junit.AutoTests" name="[134] /home/travis/build/icyphy/ptII/ptolemy/domains/continuous/test/auto/StickyMasses.xml (RunModel)" time="0.216" />
  <testcase classname="ptolemy.util.test.junit.AutoTests" name="[135] /home/travis/build/icyphy/ptII/ptolemy/domains/continuous/test/auto/StopTime.xml (RunModel)" time="0.066" />
  <testcase classname="ptolemy.util.test.junit.AutoTests" name="[136] /home/travis/build/icyphy/ptII/ptolemy/domains/continuous/test/auto/StopTime2.xml (RunModel)" time="0.061" />
  <testcase classname="ptolemy.util.test.junit.AutoTests" name="[137] /home/travis/build/icyphy/ptII/ptolemy/domains/continuous/test/auto/Switch.xml (RunModel)" time="0.068" />
  <testcase classname="ptolemy.util.test.junit.AutoTests" name="[138] /home/travis/build/icyphy/ptII/ptolemy/domains/continuous/test/auto/Thermostat.xml (RunModel)" time="0.207" />
  <testcase classname="ptolemy.util.test.junit.AutoTests" name="[139] /home/travis/build/icyphy/ptII/ptolemy/domains/continuous/test/auto/TimeDelay.xml (RunModel)" time="0.015" />
  <testcase classname="ptolemy.util.test.junit.AutoTests" name="[140] /home/travis/build/icyphy/ptII/ptolemy/domains/continuous/test/auto/TimeDelay2.xml (RunModel)" time="0.017" />
  <testcase classname="ptolemy.util.test.junit.AutoTests" name="[141] /home/travis/build/icyphy/ptII/ptolemy/domains/continuous/test/auto/TimeDelay3.xml (RunModel)" time="0.01" />
  <testcase classname="ptolemy.util.test.junit.AutoTests" name="[142] /home/travis/build/icyphy/ptII/ptolemy/domains/continuous/test/auto/TransferAbsentToInside.xml (RunModel)" time="0.117" />
  <testcase classname="ptolemy.util.test.junit.AutoTests" name="[143] /home/travis/build/icyphy/ptII/ptolemy/domains/continuous/test/auto/Transmission.xml (RunModel)" time="0.775" />
  <testcase classname="ptolemy.util.test.junit.AutoTests" name="[144] /home/travis/build/icyphy/ptII/ptolemy/domains/continuous/test/auto/TriggeredContinuousClock.xml (RunModel)" time="0.062" />
  <testcase classname="ptolemy.util.test.junit.AutoTests" name="[145] /home/travis/build/icyphy/ptII/ptolemy/domains/continuous/test/auto/TwoMachineInfiniteBusControl.xml (RunModel)" time="2.943" />
  <testcase classname="ptolemy.util.test.junit.AutoTests" name="[146] /home/travis/build/icyphy/ptII/ptolemy/domains/continuous/test/auto/V2V.xml (RunModel)" time="0.829" />
  <testcase classname="ptolemy.util.test.junit.AutoTests" name="[147] /home/travis/build/icyphy/ptII/ptolemy/domains/continuous/test/auto/hierarchicalModalModel.xml (RunModel)" time="0.036" />
  <testcase classname="ptolemy.util.test.junit.AutoTests" name="[148] /home/travis/build/icyphy/ptII/ptolemy/domains/continuous/test/auto/hierarchicalModalModel1.xml (RunModel)" time="0.031" />
  <testcase classname="ptolemy.util.test.junit.AutoTests" name="[149] /home/travis/build/icyphy/ptII/ptolemy/domains/continuous/test/auto/hierarchicalModalModel2.xml (RunModel)" time="0.029" />
  <testcase classname="ptolemy.util.test.junit.AutoTests" name="[150] /home/travis/build/icyphy/ptII/ptolemy/domains/continuous/test/auto/hierarchicalModalModel3.xml (RunModel)" time="0.024" />
  <testcase classname="ptolemy.util.test.junit.AutoTests" name="[151] /home/travis/build/icyphy/ptII/ptolemy/domains/continuous/test/auto/hierarchicalModalModel4.xml (RunModel)" time="0.026" />
  <testcase classname="ptolemy.util.test.junit.AutoTests" name="[152] /home/travis/build/icyphy/ptII/ptolemy/domains/continuous/test/auto/junk.xml (RunModel)" time="0.155" />
  <system-out><![CDATA[No tcl tests in /home/travis/build/icyphy/ptII/ptolemy/domains/continuous/test
No auto/knownFailedTests/*.xml tests in /home/travis/build/icyphy/ptII/ptolemy/domains/continuous/test
No auto/linux-amd64/*.xml tests in /home/travis/build/icyphy/ptII/ptolemy/domains/continuous/test
AutoTests.java: About to close Vertx.
AutoTests.java: Vertx closed.

===========================================================================================
----------------- testing Thu Nov 08 02:41:08 UTC 2018 /home/travis/build/icyphy/ptII/ptolemy/domains/continuous/test/auto/BouncingBall.xml
----------------- Instantiating /home/travis/build/icyphy/ptII/ptolemy/domains/continuous/test/auto/BouncingBall.xml
2382 ms. Memory: 331776K Free: 250979K (76%)
----------------- Invoking toplevel() on ptolemy.moml.MoMLSimpleApplication@898ec40
----------------- Done invoking toplevel() on ptolemy.moml.MoMLSimpleApplication@898ec40
reloadAllAccessors: .BouncingBall

===========================================================================================
----------------- testing Thu Nov 08 02:41:11 UTC 2018 /home/travis/build/icyphy/ptII/ptolemy/domains/continuous/test/auto/BouncingBallWithoutGR.xml
----------------- Instantiating /home/travis/build/icyphy/ptII/ptolemy/domains/continuous/test/auto/BouncingBallWithoutGR.xml
727 ms. Memory: 331776K Free: 304861K (92%)
----------------- Invoking toplevel() on ptolemy.moml.MoMLSimpleApplication@56430dd1
----------------- Done invoking toplevel() on ptolemy.moml.MoMLSimpleApplication@56430dd1
reloadAllAccessors: .BouncingBallWithoutGR

===========================================================================================
----------------- testing Thu Nov 08 02:41:12 UTC 2018 /home/travis/build/icyphy/ptII/ptolemy/domains/continuous/test/auto/Brownian.xml
----------------- Instantiating /home/travis/build/icyphy/ptII/ptolemy/domains/continuous/test/auto/Brownian.xml
32 ms. Memory: 331776K Free: 290922K (88%)
----------------- Invoking toplevel() on ptolemy.moml.MoMLSimpleApplication@33e3b80a
----------------- Done invoking toplevel() on ptolemy.moml.MoMLSimpleApplication@33e3b80a
reloadAllAccessors: .Brownian

===========================================================================================
----------------- testing Thu Nov 08 02:41:12 UTC 2018 /home/travis/build/icyphy/ptII/ptolemy/domains/continuous/test/auto/CarTracking.xml
----------------- Instantiating /home/travis/build/icyphy/ptII/ptolemy/domains/continuous/test/auto/CarTracking.xml
3377 ms. Memory: 578048K Free: 448745K (78%)
----------------- Invoking toplevel() on ptolemy.moml.MoMLSimpleApplication@40b6e7fc
----------------- Done invoking toplevel() on ptolemy.moml.MoMLSimpleApplication@40b6e7fc
reloadAllAccessors: .CarTracking

===========================================================================================
----------------- testing Thu Nov 08 02:41:16 UTC 2018 /home/travis/build/icyphy/ptII/ptolemy/domains/continuous/test/auto/CartPendulum.xml
----------------- Instantiating /home/travis/build/icyphy/ptII/ptolemy/domains/continuous/test/auto/CartPendulum.xml
524 ms. Memory: 578048K Free: 340933K (59%)
----------------- Invoking toplevel() on ptolemy.moml.MoMLSimpleApplication@7e4b3c2c
----------------- Done invoking toplevel() on ptolemy.moml.MoMLSimpleApplication@7e4b3c2c
reloadAllAccessors: .CartPendulum

===========================================================================================
----------------- testing Thu Nov 08 02:41:16 UTC 2018 /home/travis/build/icyphy/ptII/ptolemy/domains/continuous/test/auto/CausalityInterface10.xml
----------------- Instantiating /home/travis/build/icyphy/ptII/ptolemy/domains/continuous/test/auto/CausalityInterface10.xml
16 ms. Memory: 578048K Free: 322914K (56%)
----------------- Invoking toplevel() on ptolemy.moml.MoMLSimpleApplication@24e7976a
----------------- Done invoking toplevel() on ptolemy.moml.MoMLSimpleApplication@24e7976a
reloadAllAccessors: .CausalityInterface10

===========================================================================================
----------------- testing Thu Nov 08 02:41:17 UTC 2018 /home/travis/build/icyphy/ptII/ptolemy/domains/continuous/test/auto/CausalityInterface11.xml
----------------- Instantiating /home/travis/build/icyphy/ptII/ptolemy/domains/continuous/test/auto/CausalityInterface11.xml
9 ms. Memory: 578048K Free: 313077K (54%)
----------------- Invoking toplevel() on ptolemy.moml.MoMLSimpleApplication@3e436041
----------------- Done invoking toplevel() on ptolemy.moml.MoMLSimpleApplication@3e436041
reloadAllAccessors: .CausalityInterface11

===========================================================================================
----------------- testing Thu Nov 08 02:41:17 UTC 2018 /home/travis/build/icyphy/ptII/ptolemy/domains/continuous/test/auto/CausalityInterface12.xml
----------------- Instantiating /home/travis/build/icyphy/ptII/ptolemy/domains/continuous/test/auto/CausalityInterface12.xml
11 ms. Memory: 578048K Free: 303257K (52%)
----------------- Invoking toplevel() on ptolemy.moml.MoMLSimpleApplication@1b586cd5
----------------- Done invoking toplevel() on ptolemy.moml.MoMLSimpleApplication@1b586cd5
reloadAllAccessors: .CausalityInterface12

===========================================================================================
----------------- testing Thu Nov 08 02:41:17 UTC 2018 /home/travis/build/icyphy/ptII/ptolemy/domains/continuous/test/auto/CausalityInterface13.xml
----------------- Instantiating /home/travis/build/icyphy/ptII/ptolemy/domains/continuous/test/auto/CausalityInterface13.xml
4 ms. Memory: 578048K Free: 290236K (50%)
----------------- Invoking toplevel() on ptolemy.moml.MoMLSimpleApplication@7195efaf
----------------- Done invoking toplevel() on ptolemy.moml.MoMLSimpleApplication@7195efaf
reloadAllAccessors: .CausalityInterface13

===========================================================================================
----------------- testing Thu Nov 08 02:41:17 UTC 2018 /home/travis/build/icyphy/ptII/ptolemy/domains/continuous/test/auto/CausalityInterface14.xml
----------------- Instantiating /home/travis/build/icyphy/ptII/ptolemy/domains/continuous/test/auto/CausalityInterface14.xml
2 ms. Memory: 578048K Free: 280408K (49%)
----------------- Invoking toplevel() on ptolemy.moml.MoMLSimpleApplication@13d14bbe
----------------- Done invoking toplevel() on ptolemy.moml.MoMLSimpleApplication@13d14bbe
reloadAllAccessors: .CausalityInterface14

===========================================================================================
----------------- testing Thu Nov 08 02:41:17 UTC 2018 /home/travis/build/icyphy/ptII/ptolemy/domains/continuous/test/auto/CausalityInterface4.xml
----------------- Instantiating /home/travis/build/icyphy/ptII/ptolemy/domains/continuous/test/auto/CausalityInterface4.xml
3 ms. Memory: 578048K Free: 270572K (47%)
----------------- Invoking toplevel() on ptolemy.moml.MoMLSimpleApplication@88426de
----------------- Done invoking toplevel() on ptolemy.moml.MoMLSimpleApplication@88426de
reloadAllAccessors: .CausalityInterface4

===========================================================================================
----------------- testing Thu Nov 08 02:41:17 UTC 2018 /home/travis/build/icyphy/ptII/ptolemy/domains/continuous/test/auto/CausalityInterface5.xml
----------------- Instantiating /home/travis/build/icyphy/ptII/ptolemy/domains/continuous/test/auto/CausalityInterface5.xml
9 ms. Memory: 578048K Free: 257462K (45%)
----------------- Invoking toplevel() on ptolemy.moml.MoMLSimpleApplication@41f37793
----------------- Done invoking toplevel() on ptolemy.moml.MoMLSimpleApplication@41f37793
reloadAllAccessors: .CausalityInterface5

===========================================================================================
----------------- testing Thu Nov 08 02:41:17 UTC 2018 /home/travis/build/icyphy/ptII/ptolemy/domains/continuous/test/auto/CausalityInterface6.xml
----------------- Instantiating /home/travis/build/icyphy/ptII/ptolemy/domains/continuous/test/auto/CausalityInterface6.xml
6 ms. Memory: 578048K Free: 244433K (42%)
----------------- Invoking toplevel() on ptolemy.moml.MoMLSimpleApplication@23122a5
----------------- Done invoking toplevel() on ptolemy.moml.MoMLSimpleApplication@23122a5
reloadAllAccessors: .CausalityInterface6

===========================================================================================
----------------- testing Thu Nov 08 02:41:17 UTC 2018 /home/travis/build/icyphy/ptII/ptolemy/domains/continuous/test/auto/CausalityInterface7.xml
----------------- Instantiating /home/travis/build/icyphy/ptII/ptolemy/domains/continuous/test/auto/CausalityInterface7.xml
9 ms. Memory: 578048K Free: 231323K (40%)
----------------- Invoking toplevel() on ptolemy.moml.MoMLSimpleApplication@6a31cd79
----------------- Done invoking toplevel() on ptolemy.moml.MoMLSimpleApplication@6a31cd79
reloadAllAccessors: .CausalityInterface7

===========================================================================================
----------------- testing Thu Nov 08 02:41:17 UTC 2018 /home/travis/build/icyphy/ptII/ptolemy/domains/continuous/test/auto/CausalityInterface8.xml
----------------- Instantiating /home/travis/build/icyphy/ptII/ptolemy/domains/continuous/test/auto/CausalityInterface8.xml
4 ms. Memory: 578048K Free: 218221K (38%)
----------------- Invoking toplevel() on ptolemy.moml.MoMLSimpleApplication@6da9f144
----------------- Done invoking toplevel() on ptolemy.moml.MoMLSimpleApplication@6da9f144
reloadAllAccessors: .CausalityInterface8

===========================================================================================
----------------- testing Thu Nov 08 02:41:17 UTC 2018 /home/travis/build/icyphy/ptII/ptolemy/domains/continuous/test/auto/CausalityInterface9.xml
----------------- Instantiating /home/travis/build/icyphy/ptII/ptolemy/domains/continuous/test/auto/CausalityInterface9.xml
9 ms. Memory: 578048K Free: 201822K (35%)
----------------- Invoking toplevel() on ptolemy.moml.MoMLSimpleApplication@2d48c83c
----------------- Done invoking toplevel() on ptolemy.moml.MoMLSimpleApplication@2d48c83c
reloadAllAccessors: .CausalityInterface9

===========================================================================================
----------------- testing Thu Nov 08 02:41:17 UTC 2018 /home/travis/build/icyphy/ptII/ptolemy/domains/continuous/test/auto/CausalityInterfaceFeedback1.xml
----------------- Instantiating /home/travis/build/icyphy/ptII/ptolemy/domains/continuous/test/auto/CausalityInterfaceFeedback1.xml
4 ms. Memory: 578048K Free: 188809K (33%)
----------------- Invoking toplevel() on ptolemy.moml.MoMLSimpleApplication@77a0131c
----------------- Done invoking toplevel() on ptolemy.moml.MoMLSimpleApplication@77a0131c
reloadAllAccessors: .CausalityInterfaceFeedback1

===========================================================================================
----------------- testing Thu Nov 08 02:41:17 UTC 2018 /home/travis/build/icyphy/ptII/ptolemy/domains/continuous/test/auto/CausalityInterfaceFeedback2.xml
----------------- Instantiating /home/travis/build/icyphy/ptII/ptolemy/domains/continuous/test/auto/CausalityInterfaceFeedback2.xml
7 ms. Memory: 578048K Free: 178972K (31%)
----------------- Invoking toplevel() on ptolemy.moml.MoMLSimpleApplication@54cd9eeb
----------------- Done invoking toplevel() on ptolemy.moml.MoMLSimpleApplication@54cd9eeb
reloadAllAccessors: .CausalityInterfaceFeedback2

===========================================================================================
----------------- testing Thu Nov 08 02:41:17 UTC 2018 /home/travis/build/icyphy/ptII/ptolemy/domains/continuous/test/auto/CompareWithCurrentTime.xml
----------------- Instantiating /home/travis/build/icyphy/ptII/ptolemy/domains/continuous/test/auto/CompareWithCurrentTime.xml
6 ms. Memory: 578048K Free: 172426K (30%)
----------------- Invoking toplevel() on ptolemy.moml.MoMLSimpleApplication@21daa360
----------------- Done invoking toplevel() on ptolemy.moml.MoMLSimpleApplication@21daa360
reloadAllAccessors: .CompareWithCurrentTime

===========================================================================================
----------------- testing Thu Nov 08 02:41:17 UTC 2018 /home/travis/build/icyphy/ptII/ptolemy/domains/continuous/test/auto/ComparedClocks.xml
----------------- Instantiating /home/travis/build/icyphy/ptII/ptolemy/domains/continuous/test/auto/ComparedClocks.xml
10 ms. Memory: 578048K Free: 152753K (26%)
----------------- Invoking toplevel() on ptolemy.moml.MoMLSimpleApplication@2199dbcf
----------------- Done invoking toplevel() on ptolemy.moml.MoMLSimpleApplication@2199dbcf
reloadAllAccessors: .ComparedClocks

===========================================================================================
----------------- testing Thu Nov 08 02:41:17 UTC 2018 /home/travis/build/icyphy/ptII/ptolemy/domains/continuous/test/auto/ContinuousAOCClone.xml
----------------- Instantiating /home/travis/build/icyphy/ptII/ptolemy/domains/continuous/test/auto/ContinuousAOCClone.xml
2485 ms. Memory: 872448K Free: 397399K (46%)
----------------- Invoking toplevel() on ptolemy.moml.MoMLSimpleApplication@4c093e3e
----------------- Done invoking toplevel() on ptolemy.moml.MoMLSimpleApplication@4c093e3e
reloadAllAccessors: .ContinuousAOCClone

===========================================================================================
----------------- testing Thu Nov 08 02:41:20 UTC 2018 /home/travis/build/icyphy/ptII/ptolemy/domains/continuous/test/auto/ContinuousClock.xml
----------------- Instantiating /home/travis/build/icyphy/ptII/ptolemy/domains/continuous/test/auto/ContinuousClock.xml
28 ms. Memory: 872448K Free: 362821K (42%)
----------------- Invoking toplevel() on ptolemy.moml.MoMLSimpleApplication@500ed29e
----------------- Done invoking toplevel() on ptolemy.moml.MoMLSimpleApplication@500ed29e
reloadAllAccessors: .ContinuousClock

===========================================================================================
----------------- testing Thu Nov 08 02:41:20 UTC 2018 /home/travis/build/icyphy/ptII/ptolemy/domains/continuous/test/auto/ContinuousInContinuous.xml
----------------- Instantiating /home/travis/build/icyphy/ptII/ptolemy/domains/continuous/test/auto/ContinuousInContinuous.xml
48 ms. Memory: 872448K Free: 335275K (38%)
----------------- Invoking toplevel() on ptolemy.moml.MoMLSimpleApplication@54a30f82
----------------- Done invoking toplevel() on ptolemy.moml.MoMLSimpleApplication@54a30f82
reloadAllAccessors: .ContinuousInContinuous

===========================================================================================
----------------- testing Thu Nov 08 02:41:20 UTC 2018 /home/travis/build/icyphy/ptII/ptolemy/domains/continuous/test/auto/ContinuousInContinuousInContinuous.xml
----------------- Instantiating /home/travis/build/icyphy/ptII/ptolemy/domains/continuous/test/auto/ContinuousInContinuousInContinuous.xml
9 ms. Memory: 872448K Free: 323478K (37%)
----------------- Invoking toplevel() on ptolemy.moml.MoMLSimpleApplication@15a9b55a
----------------- Done invoking toplevel() on ptolemy.moml.MoMLSimpleApplication@15a9b55a
reloadAllAccessors: .ContinuousInContinuousInContinuous

===========================================================================================
----------------- testing Thu Nov 08 02:41:20 UTC 2018 /home/travis/build/icyphy/ptII/ptolemy/domains/continuous/test/auto/ContinuousInDE.xml
----------------- Instantiating /home/travis/build/icyphy/ptII/ptolemy/domains/continuous/test/auto/ContinuousInDE.xml
128 ms. Memory: 872448K Free: 307754K (35%)
----------------- Invoking toplevel() on ptolemy.moml.MoMLSimpleApplication@3626f774
----------------- Done invoking toplevel() on ptolemy.moml.MoMLSimpleApplication@3626f774
reloadAllAccessors: .ContinuousInDE

===========================================================================================
----------------- testing Thu Nov 08 02:41:20 UTC 2018 /home/travis/build/icyphy/ptII/ptolemy/domains/continuous/test/auto/ContinuousInDE2.xml
----------------- Instantiating /home/travis/build/icyphy/ptII/ptolemy/domains/continuous/test/auto/ContinuousInDE2.xml
46 ms. Memory: 872448K Free: 288567K (33%)
----------------- Invoking toplevel() on ptolemy.moml.MoMLSimpleApplication@62276a4a
----------------- Done invoking toplevel() on ptolemy.moml.MoMLSimpleApplication@62276a4a
reloadAllAccessors: .ContinuousInDE2

===========================================================================================
----------------- testing Thu Nov 08 02:41:20 UTC 2018 /home/travis/build/icyphy/ptII/ptolemy/domains/continuous/test/auto/ContinuousInDE3.xml
----------------- Instantiating /home/travis/build/icyphy/ptII/ptolemy/domains/continuous/test/auto/ContinuousInDE3.xml
46 ms. Memory: 872448K Free: 272843K (31%)
----------------- Invoking toplevel() on ptolemy.moml.MoMLSimpleApplication@2839e722
----------------- Done invoking toplevel() on ptolemy.moml.MoMLSimpleApplication@2839e722
reloadAllAccessors: .ContinuousInDE3

===========================================================================================
----------------- testing Thu Nov 08 02:41:20 UTC 2018 /home/travis/build/icyphy/ptII/ptolemy/domains/continuous/test/auto/ContinuousInDE4.xml
----------------- Instantiating /home/travis/build/icyphy/ptII/ptolemy/domains/continuous/test/auto/ContinuousInDE4.xml
14 ms. Memory: 872448K Free: 261046K (30%)
----------------- Invoking toplevel() on ptolemy.moml.MoMLSimpleApplication@77399311
----------------- Done invoking toplevel() on ptolemy.moml.MoMLSimpleApplication@77399311
reloadAllAccessors: .ContinuousInDE4

===========================================================================================
----------------- testing Thu Nov 08 02:41:20 UTC 2018 /home/travis/build/icyphy/ptII/ptolemy/domains/continuous/test/auto/ContinuousInDEDifferentRefinements.xml
----------------- Instantiating /home/travis/build/icyphy/ptII/ptolemy/domains/continuous/test/auto/ContinuousInDEDifferentRefinements.xml
58 ms. Memory: 872448K Free: 225622K (26%)
----------------- Invoking toplevel() on ptolemy.moml.MoMLSimpleApplication@27b2e07b
----------------- Done invoking toplevel() on ptolemy.moml.MoMLSimpleApplication@27b2e07b
reloadAllAccessors: .ContinuousInDEDifferentRefinements

===========================================================================================
----------------- testing Thu Nov 08 02:41:21 UTC 2018 /home/travis/build/icyphy/ptII/ptolemy/domains/continuous/test/auto/ContinuousInDEDifferentRefinementsPreemptive.xml
----------------- Instantiating /home/travis/build/icyphy/ptII/ptolemy/domains/continuous/test/auto/ContinuousInDEDifferentRefinementsPreemptive.xml
52 ms. Memory: 872448K Free: 186703K (21%)
----------------- Invoking toplevel() on ptolemy.moml.MoMLSimpleApplication@1af7c67a
----------------- Done invoking toplevel() on ptolemy.moml.MoMLSimpleApplication@1af7c67a
reloadAllAccessors: .ContinuousInDEDifferentRefinementsPreemptive

===========================================================================================
----------------- testing Thu Nov 08 02:41:21 UTC 2018 /home/travis/build/icyphy/ptII/ptolemy/domains/continuous/test/auto/ContinuousInDEInContinuous2.xml
----------------- Instantiating /home/travis/build/icyphy/ptII/ptolemy/domains/continuous/test/auto/ContinuousInDEInContinuous2.xml
41 ms. Memory: 872448K Free: 167036K (19%)
----------------- Invoking toplevel() on ptolemy.moml.MoMLSimpleApplication@318a230b
----------------- Done invoking toplevel() on ptolemy.moml.MoMLSimpleApplication@318a230b
reloadAllAccessors: .ContinuousInDEInContinuous2

===========================================================================================
----------------- testing Thu Nov 08 02:41:21 UTC 2018 /home/travis/build/icyphy/ptII/ptolemy/domains/continuous/test/auto/ContinuousInDEInContinuous3.xml
----------------- Instantiating /home/travis/build/icyphy/ptII/ptolemy/domains/continuous/test/auto/ContinuousInDEInContinuous3.xml
43 ms. Memory: 872448K Free: 147376K (17%)
----------------- Invoking toplevel() on ptolemy.moml.MoMLSimpleApplication@3ea7c3c9
----------------- Done invoking toplevel() on ptolemy.moml.MoMLSimpleApplication@3ea7c3c9
reloadAllAccessors: .ContinuousInDEInContinuous3

===========================================================================================
----------------- testing Thu Nov 08 02:41:21 UTC 2018 /home/travis/build/icyphy/ptII/ptolemy/domains/continuous/test/auto/ContinuousInDEInput.xml
----------------- Instantiating /home/travis/build/icyphy/ptII/ptolemy/domains/continuous/test/auto/ContinuousInDEInput.xml
17 ms. Memory: 872448K Free: 135595K (16%)
----------------- Invoking toplevel() on ptolemy.moml.MoMLSimpleApplication@77f7c500
----------------- Done invoking toplevel() on ptolemy.moml.MoMLSimpleApplication@77f7c500
reloadAllAccessors: .ContinuousInDEInput

===========================================================================================
----------------- testing Thu Nov 08 02:41:21 UTC 2018 /home/travis/build/icyphy/ptII/ptolemy/domains/continuous/test/auto/ContinuousInDEInput2.xml
----------------- Instantiating /home/travis/build/icyphy/ptII/ptolemy/domains/continuous/test/auto/ContinuousInDEInput2.xml
18 ms. Memory: 872448K Free: 123814K (14%)
----------------- Invoking toplevel() on ptolemy.moml.MoMLSimpleApplication@213f7d61
----------------- Done invoking toplevel() on ptolemy.moml.MoMLSimpleApplication@213f7d61
reloadAllAccessors: .ContinuousInDEInput2

===========================================================================================
----------------- testing Thu Nov 08 02:41:21 UTC 2018 /home/travis/build/icyphy/ptII/ptolemy/domains/continuous/test/auto/ContinuousInDEInput3.xml
----------------- Instantiating /home/travis/build/icyphy/ptII/ptolemy/domains/continuous/test/auto/ContinuousInDEInput3.xml
18 ms. Memory: 872448K Free: 108554K (12%)
----------------- Invoking toplevel() on ptolemy.moml.MoMLSimpleApplication@15d45591
----------------- Done invoking toplevel() on ptolemy.moml.MoMLSimpleApplication@15d45591
reloadAllAccessors: .ContinuousInDEInput3

===========================================================================================
----------------- testing Thu Nov 08 02:41:21 UTC 2018 /home/travis/build/icyphy/ptII/ptolemy/domains/continuous/test/auto/ContinuousInDESharingRefinement.xml
----------------- Instantiating /home/travis/build/icyphy/ptII/ptolemy/domains/continuous/test/auto/ContinuousInDESharingRefinement.xml
145 ms. Memory: 872960K Free: 794727K (91%)
----------------- Invoking toplevel() on ptolemy.moml.MoMLSimpleApplication@7bfe2978
----------------- Done invoking toplevel() on ptolemy.moml.MoMLSimpleApplication@7bfe2978
reloadAllAccessors: .ContinuousInDESharingRefinement

===========================================================================================
----------------- testing Thu Nov 08 02:41:21 UTC 2018 /home/travis/build/icyphy/ptII/ptolemy/domains/continuous/test/auto/ContinuousInDEwithNoPorts.xml
----------------- Instantiating /home/travis/build/icyphy/ptII/ptolemy/domains/continuous/test/auto/ContinuousInDEwithNoPorts.xml
7 ms. Memory: 872960K Free: 782504K (90%)
----------------- Invoking toplevel() on ptolemy.moml.MoMLSimpleApplication@6330c29d
----------------- Done invoking toplevel() on ptolemy.moml.MoMLSimpleApplication@6330c29d
reloadAllAccessors: .ContinuousInDEwithNoPorts

===========================================================================================
----------------- testing Thu Nov 08 02:41:21 UTC 2018 /home/travis/build/icyphy/ptII/ptolemy/domains/continuous/test/auto/ContinuousInsideDE.xml
----------------- Instantiating /home/travis/build/icyphy/ptII/ptolemy/domains/continuous/test/auto/ContinuousInsideDE.xml
49 ms. Memory: 872960K Free: 762869K (87%)
----------------- Invoking toplevel() on ptolemy.moml.MoMLSimpleApplication@2edbfb9d
----------------- Done invoking toplevel() on ptolemy.moml.MoMLSimpleApplication@2edbfb9d
reloadAllAccessors: .ContinuousInsideDE

===========================================================================================
----------------- testing Thu Nov 08 02:41:21 UTC 2018 /home/travis/build/icyphy/ptII/ptolemy/domains/continuous/test/auto/ContinuousMerge1.xml
----------------- Instantiating /home/travis/build/icyphy/ptII/ptolemy/domains/continuous/test/auto/ContinuousMerge1.xml
3 ms. Memory: 872960K Free: 752688K (86%)
----------------- Invoking toplevel() on ptolemy.moml.MoMLSimpleApplication@1c30197a
----------------- Done invoking toplevel() on ptolemy.moml.MoMLSimpleApplication@1c30197a
reloadAllAccessors: .ContinuousMerge1

===========================================================================================
----------------- testing Thu Nov 08 02:41:21 UTC 2018 /home/travis/build/icyphy/ptII/ptolemy/domains/continuous/test/auto/ContinuousMerge2.xml
----------------- Instantiating /home/travis/build/icyphy/ptII/ptolemy/domains/continuous/test/auto/ContinuousMerge2.xml
13 ms. Memory: 872960K Free: 736793K (84%)
----------------- Invoking toplevel() on ptolemy.moml.MoMLSimpleApplication@758a1161
----------------- Done invoking toplevel() on ptolemy.moml.MoMLSimpleApplication@758a1161
reloadAllAccessors: .ContinuousMerge2

===========================================================================================
----------------- testing Thu Nov 08 02:41:21 UTC 2018 /home/travis/build/icyphy/ptII/ptolemy/domains/continuous/test/auto/ContinuousMerge3.xml
----------------- Instantiating /home/travis/build/icyphy/ptII/ptolemy/domains/continuous/test/auto/ContinuousMerge3.xml
48 ms. Memory: 872960K Free: 721084K (83%)
----------------- Invoking toplevel() on ptolemy.moml.MoMLSimpleApplication@4a64faba
----------------- Done invoking toplevel() on ptolemy.moml.MoMLSimpleApplication@4a64faba
reloadAllAccessors: .ContinuousMerge3

===========================================================================================
----------------- testing Thu Nov 08 02:41:21 UTC 2018 /home/travis/build/icyphy/ptII/ptolemy/domains/continuous/test/auto/ContinuousWithinContinuous.xml
----------------- Instantiating /home/travis/build/icyphy/ptII/ptolemy/domains/continuous/test/auto/ContinuousWithinContinuous.xml
39 ms. Memory: 872960K Free: 703041K (81%)
----------------- Invoking toplevel() on ptolemy.moml.MoMLSimpleApplication@2db306a2
----------------- Done invoking toplevel() on ptolemy.moml.MoMLSimpleApplication@2db306a2
reloadAllAccessors: .ContinuousWithinContinuous

===========================================================================================
----------------- testing Thu Nov 08 02:41:21 UTC 2018 /home/travis/build/icyphy/ptII/ptolemy/domains/continuous/test/auto/ContinuousWithinContinuous2.xml
----------------- Instantiating /home/travis/build/icyphy/ptII/ptolemy/domains/continuous/test/auto/ContinuousWithinContinuous2.xml
66 ms. Memory: 872960K Free: 691260K (79%)
----------------- Invoking toplevel() on ptolemy.moml.MoMLSimpleApplication@700aa6ac
----------------- Done invoking toplevel() on ptolemy.moml.MoMLSimpleApplication@700aa6ac
reloadAllAccessors: .ContinuousWithinContinuous2

===========================================================================================
----------------- testing Thu Nov 08 02:41:22 UTC 2018 /home/travis/build/icyphy/ptII/ptolemy/domains/continuous/test/auto/ContinuousWithinContinuous3.xml
----------------- Instantiating /home/travis/build/icyphy/ptII/ptolemy/domains/continuous/test/auto/ContinuousWithinContinuous3.xml
17 ms. Memory: 872960K Free: 679463K (78%)
----------------- Invoking toplevel() on ptolemy.moml.MoMLSimpleApplication@20f47c91
----------------- Done invoking toplevel() on ptolemy.moml.MoMLSimpleApplication@20f47c91
reloadAllAccessors: .ContinuousWithinContinuous3

===========================================================================================
----------------- testing Thu Nov 08 02:41:22 UTC 2018 /home/travis/build/icyphy/ptII/ptolemy/domains/continuous/test/auto/ContinuousWithinContinuous4.xml
----------------- Instantiating /home/travis/build/icyphy/ptII/ptolemy/domains/continuous/test/auto/ContinuousWithinContinuous4.xml
72 ms. Memory: 872960K Free: 657500K (75%)
----------------- Invoking toplevel() on ptolemy.moml.MoMLSimpleApplication@436ea51d
----------------- Done invoking toplevel() on ptolemy.moml.MoMLSimpleApplication@436ea51d
reloadAllAccessors: .ContinuousWithinContinuous4

===========================================================================================
----------------- testing Thu Nov 08 02:41:22 UTC 2018 /home/travis/build/icyphy/ptII/ptolemy/domains/continuous/test/auto/ContinuousWithinContinuous5.xml
----------------- Instantiating /home/travis/build/icyphy/ptII/ptolemy/domains/continuous/test/auto/ContinuousWithinContinuous5.xml
19 ms. Memory: 872960K Free: 645703K (74%)
----------------- Invoking toplevel() on ptolemy.moml.MoMLSimpleApplication@f09364
----------------- Done invoking toplevel() on ptolemy.moml.MoMLSimpleApplication@f09364
reloadAllAccessors: .ContinuousWithinContinuous5

===========================================================================================
----------------- testing Thu Nov 08 02:41:22 UTC 2018 /home/travis/build/icyphy/ptII/ptolemy/domains/continuous/test/auto/ContinuousWithinContinuous6.xml
----------------- Instantiating /home/travis/build/icyphy/ptII/ptolemy/domains/continuous/test/auto/ContinuousWithinContinuous6.xml
14 ms. Memory: 872960K Free: 633906K (73%)
----------------- Invoking toplevel() on ptolemy.moml.MoMLSimpleApplication@367f9ec3
----------------- Done invoking toplevel() on ptolemy.moml.MoMLSimpleApplication@367f9ec3
reloadAllAccessors: .ContinuousWithinContinuous6

===========================================================================================
----------------- testing Thu Nov 08 02:41:22 UTC 2018 /home/travis/build/icyphy/ptII/ptolemy/domains/continuous/test/auto/ContinuousWithinContinuous7.xml
----------------- Instantiating /home/travis/build/icyphy/ptII/ptolemy/domains/continuous/test/auto/ContinuousWithinContinuous7.xml
64 ms. Memory: 872960K Free: 619799K (71%)
----------------- Invoking toplevel() on ptolemy.moml.MoMLSimpleApplication@6ef1c48f
----------------- Done invoking toplevel() on ptolemy.moml.MoMLSimpleApplication@6ef1c48f
reloadAllAccessors: .ContinuousWithinContinuous7

===========================================================================================
----------------- testing Thu Nov 08 02:41:22 UTC 2018 /home/travis/build/icyphy/ptII/ptolemy/domains/continuous/test/auto/DCMotor.xml
----------------- Instantiating /home/travis/build/icyphy/ptII/ptolemy/domains/continuous/test/auto/DCMotor.xml
13962 ms. Memory: 696832K Free: 672188K (96%)
----------------- Invoking toplevel() on ptolemy.moml.MoMLSimpleApplication@7a803fbb
----------------- Done invoking toplevel() on ptolemy.moml.MoMLSimpleApplication@7a803fbb
reloadAllAccessors: .DCMotor

===========================================================================================
----------------- testing Thu Nov 08 02:41:36 UTC 2018 /home/travis/build/icyphy/ptII/ptolemy/domains/continuous/test/auto/DEInContinuous.xml
----------------- Instantiating /home/travis/build/icyphy/ptII/ptolemy/domains/continuous/test/auto/DEInContinuous.xml
15 ms. Memory: 696832K Free: 656881K (94%)
----------------- Invoking toplevel() on ptolemy.moml.MoMLSimpleApplication@2d53d7f2
----------------- Done invoking toplevel() on ptolemy.moml.MoMLSimpleApplication@2d53d7f2
reloadAllAccessors: .DEInContinuous

===========================================================================================
----------------- testing Thu Nov 08 02:41:36 UTC 2018 /home/travis/build/icyphy/ptII/ptolemy/domains/continuous/test/auto/DEinContinuous2.xml
----------------- Instantiating /home/travis/build/icyphy/ptII/ptolemy/domains/continuous/test/auto/DEinContinuous2.xml
8 ms. Memory: 696832K Free: 637173K (91%)
----------------- Invoking toplevel() on ptolemy.moml.MoMLSimpleApplication@7cedf5f3
----------------- Done invoking toplevel() on ptolemy.moml.MoMLSimpleApplication@7cedf5f3
reloadAllAccessors: .DEinContinuous2

===========================================================================================
----------------- testing Thu Nov 08 02:41:36 UTC 2018 /home/travis/build/icyphy/ptII/ptolemy/domains/continuous/test/auto/Derivative.xml
----------------- Instantiating /home/travis/build/icyphy/ptII/ptolemy/domains/continuous/test/auto/Derivative.xml
162 ms. Memory: 696832K Free: 600177K (86%)
----------------- Invoking toplevel() on ptolemy.moml.MoMLSimpleApplication@10f4746c
----------------- Done invoking toplevel() on ptolemy.moml.MoMLSimpleApplication@10f4746c
reloadAllAccessors: .Derivative2

===========================================================================================
----------------- testing Thu Nov 08 02:41:36 UTC 2018 /home/travis/build/icyphy/ptII/ptolemy/domains/continuous/test/auto/Derivative1.xml
----------------- Instantiating /home/travis/build/icyphy/ptII/ptolemy/domains/continuous/test/auto/Derivative1.xml
25 ms. Memory: 696832K Free: 580454K (83%)
----------------- Invoking toplevel() on ptolemy.moml.MoMLSimpleApplication@20687587
----------------- Done invoking toplevel() on ptolemy.moml.MoMLSimpleApplication@20687587
reloadAllAccessors: .Derivative1

===========================================================================================
----------------- testing Thu Nov 08 02:41:36 UTC 2018 /home/travis/build/icyphy/ptII/ptolemy/domains/continuous/test/auto/DiscreteClock.xml
----------------- Instantiating /home/travis/build/icyphy/ptII/ptolemy/domains/continuous/test/auto/DiscreteClock.xml
4 ms. Memory: 696832K Free: 566900K (81%)
----------------- Invoking toplevel() on ptolemy.moml.MoMLSimpleApplication@4e2775bf
----------------- Done invoking toplevel() on ptolemy.moml.MoMLSimpleApplication@4e2775bf
reloadAllAccessors: .DiscreteClock

===========================================================================================
----------------- testing Thu Nov 08 02:41:36 UTC 2018 /home/travis/build/icyphy/ptII/ptolemy/domains/continuous/test/auto/EfficiencyCurve.xml
----------------- Instantiating /home/travis/build/icyphy/ptII/ptolemy/domains/continuous/test/auto/EfficiencyCurve.xml
74 ms. Memory: 696832K Free: 554592K (80%)
----------------- Invoking toplevel() on ptolemy.moml.MoMLSimpleApplication@4c8745a9
----------------- Done invoking toplevel() on ptolemy.moml.MoMLSimpleApplication@4c8745a9
reloadAllAccessors: .EfficiencyCurve

===========================================================================================
----------------- testing Thu Nov 08 02:41:36 UTC 2018 /home/travis/build/icyphy/ptII/ptolemy/domains/continuous/test/auto/ExponentialResponse.xml
----------------- Instantiating /home/travis/build/icyphy/ptII/ptolemy/domains/continuous/test/auto/ExponentialResponse.xml
92 ms. Memory: 696832K Free: 528730K (76%)
----------------- Invoking toplevel() on ptolemy.moml.MoMLSimpleApplication@e8ca176
----------------- Done invoking toplevel() on ptolemy.moml.MoMLSimpleApplication@e8ca176
reloadAllAccessors: .ExponentialResponse

===========================================================================================
----------------- testing Thu Nov 08 02:41:36 UTC 2018 /home/travis/build/icyphy/ptII/ptolemy/domains/continuous/test/auto/ExponentialResponseRK45.xml
----------------- Instantiating /home/travis/build/icyphy/ptII/ptolemy/domains/continuous/test/auto/ExponentialResponseRK45.xml
24 ms. Memory: 696832K Free: 515177K (74%)
----------------- Invoking toplevel() on ptolemy.moml.MoMLSimpleApplication@5a2afed8
----------------- Done invoking toplevel() on ptolemy.moml.MoMLSimpleApplication@5a2afed8
reloadAllAccessors: .ExponentialResponseRK45

===========================================================================================
----------------- testing Thu Nov 08 02:41:36 UTC 2018 /home/travis/build/icyphy/ptII/ptolemy/domains/continuous/test/auto/Friction.xml
----------------- Instantiating /home/travis/build/icyphy/ptII/ptolemy/domains/continuous/test/auto/Friction.xml
1341 ms. Memory: 674304K Free: 646475K (96%)
----------------- Invoking toplevel() on ptolemy.moml.MoMLSimpleApplication@132c2ad9
----------------- Done invoking toplevel() on ptolemy.moml.MoMLSimpleApplication@132c2ad9
reloadAllAccessors: .Friction

===========================================================================================
----------------- testing Thu Nov 08 02:41:38 UTC 2018 /home/travis/build/icyphy/ptII/ptolemy/domains/continuous/test/auto/FurutaPendulum.xml
----------------- Instantiating /home/travis/build/icyphy/ptII/ptolemy/domains/continuous/test/auto/FurutaPendulum.xml
3115 ms. Memory: 674304K Free: 115887K (17%)
----------------- Invoking toplevel() on ptolemy.moml.MoMLSimpleApplication@43281c18
----------------- Done invoking toplevel() on ptolemy.moml.MoMLSimpleApplication@43281c18
reloadAllAccessors: .FurutaPendulum

===========================================================================================
----------------- testing Thu Nov 08 02:41:41 UTC 2018 /home/travis/build/icyphy/ptII/ptolemy/domains/continuous/test/auto/HierarchicalExecution.xml
----------------- Instantiating /home/travis/build/icyphy/ptII/ptolemy/domains/continuous/test/auto/HierarchicalExecution.xml
1583 ms. Memory: 646144K Free: 363477K (56%)
----------------- Invoking toplevel() on ptolemy.moml.MoMLSimpleApplication@590bde83
----------------- Done invoking toplevel() on ptolemy.moml.MoMLSimpleApplication@590bde83
reloadAllAccessors: .HierarchicalExecution

===========================================================================================
----------------- testing Thu Nov 08 02:41:43 UTC 2018 /home/travis/build/icyphy/ptII/ptolemy/domains/continuous/test/auto/HybridPlant.xml
----------------- Instantiating /home/travis/build/icyphy/ptII/ptolemy/domains/continuous/test/auto/HybridPlant.xml
452 ms. Memory: 646144K Free: 89900K (14%)
----------------- Invoking toplevel() on ptolemy.moml.MoMLSimpleApplication@310dcba3
----------------- Done invoking toplevel() on ptolemy.moml.MoMLSimpleApplication@310dcba3
reloadAllAccessors: .HybridPlant

===========================================================================================
----------------- testing Thu Nov 08 02:41:44 UTC 2018 /home/travis/build/icyphy/ptII/ptolemy/domains/continuous/test/auto/Hysteresis.xml
----------------- Instantiating /home/travis/build/icyphy/ptII/ptolemy/domains/continuous/test/auto/Hysteresis.xml
152 ms. Memory: 617472K Free: 555394K (90%)
----------------- Invoking toplevel() on ptolemy.moml.MoMLSimpleApplication@35abb586
----------------- Done invoking toplevel() on ptolemy.moml.MoMLSimpleApplication@35abb586
reloadAllAccessors: .Hysteresis

===========================================================================================
----------------- testing Thu Nov 08 02:41:44 UTC 2018 /home/travis/build/icyphy/ptII/ptolemy/domains/continuous/test/auto/HysteresisWithRandomDelay.xml
----------------- Instantiating /home/travis/build/icyphy/ptII/ptolemy/domains/continuous/test/auto/HysteresisWithRandomDelay.xml
165 ms. Memory: 617472K Free: 475115K (77%)
----------------- Invoking toplevel() on ptolemy.moml.MoMLSimpleApplication@1a916f83
----------------- Done invoking toplevel() on ptolemy.moml.MoMLSimpleApplication@1a916f83
reloadAllAccessors: .HysteresisWithRandomDelay

===========================================================================================
----------------- testing Thu Nov 08 02:41:44 UTC 2018 /home/travis/build/icyphy/ptII/ptolemy/domains/continuous/test/auto/HysteresisWithRandomLosses.xml
----------------- Instantiating /home/travis/build/icyphy/ptII/ptolemy/domains/continuous/test/auto/HysteresisWithRandomLosses.xml
2017 ms. Memory: 591360K Free: 209966K (36%)
----------------- Invoking toplevel() on ptolemy.moml.MoMLSimpleApplication@5be28668
----------------- Done invoking toplevel() on ptolemy.moml.MoMLSimpleApplication@5be28668
reloadAllAccessors: .HysteresisWithRandomLosses

===========================================================================================
----------------- testing Thu Nov 08 02:41:46 UTC 2018 /home/travis/build/icyphy/ptII/ptolemy/domains/continuous/test/auto/ImmediateTransitions.xml
----------------- Instantiating /home/travis/build/icyphy/ptII/ptolemy/domains/continuous/test/auto/ImmediateTransitions.xml
8 ms. Memory: 591360K Free: 194881K (33%)
----------------- Invoking toplevel() on ptolemy.moml.MoMLSimpleApplication@678a5edb
----------------- Done invoking toplevel() on ptolemy.moml.MoMLSimpleApplication@678a5edb
reloadAllAccessors: .ImmediateTransitions

===========================================================================================
----------------- testing Thu Nov 08 02:41:46 UTC 2018 /home/travis/build/icyphy/ptII/ptolemy/domains/continuous/test/auto/ImpulseFeedback.xml
----------------- Instantiating /home/travis/build/icyphy/ptII/ptolemy/domains/continuous/test/auto/ImpulseFeedback.xml
12 ms. Memory: 591360K Free: 186382K (32%)
----------------- Invoking toplevel() on ptolemy.moml.MoMLSimpleApplication@5c3be369
----------------- Done invoking toplevel() on ptolemy.moml.MoMLSimpleApplication@5c3be369
reloadAllAccessors: .ImpulseFeedback

===========================================================================================
----------------- testing Thu Nov 08 02:41:46 UTC 2018 /home/travis/build/icyphy/ptII/ptolemy/domains/continuous/test/auto/ImpulseFeedback2.xml
----------------- Instantiating /home/travis/build/icyphy/ptII/ptolemy/domains/continuous/test/auto/ImpulseFeedback2.xml
12 ms. Memory: 591360K Free: 177891K (30%)
----------------- Invoking toplevel() on ptolemy.moml.MoMLSimpleApplication@7f7624e
----------------- Done invoking toplevel() on ptolemy.moml.MoMLSimpleApplication@7f7624e
reloadAllAccessors: .ImpulseFeedback2

===========================================================================================
----------------- testing Thu Nov 08 02:41:46 UTC 2018 /home/travis/build/icyphy/ptII/ptolemy/domains/continuous/test/auto/IncreasingRatePoisson.xml
----------------- Instantiating /home/travis/build/icyphy/ptII/ptolemy/domains/continuous/test/auto/IncreasingRatePoisson.xml
722 ms. Memory: 565248K Free: 323443K (57%)
----------------- Invoking toplevel() on ptolemy.moml.MoMLSimpleApplication@fc95090
----------------- Done invoking toplevel() on ptolemy.moml.MoMLSimpleApplication@fc95090
reloadAllAccessors: .IncreasingRatePoisson

===========================================================================================
----------------- testing Thu Nov 08 02:41:47 UTC 2018 /home/travis/build/icyphy/ptII/ptolemy/domains/continuous/test/auto/InitialStateFeedback.xml
----------------- Instantiating /home/travis/build/icyphy/ptII/ptolemy/domains/continuous/test/auto/InitialStateFeedback.xml
9 ms. Memory: 565248K Free: 314767K (56%)
----------------- Invoking toplevel() on ptolemy.moml.MoMLSimpleApplication@5f7af459
----------------- Done invoking toplevel() on ptolemy.moml.MoMLSimpleApplication@5f7af459
reloadAllAccessors: .InitialStateFeedback

===========================================================================================
----------------- testing Thu Nov 08 02:41:47 UTC 2018 /home/travis/build/icyphy/ptII/ptolemy/domains/continuous/test/auto/Integration.xml
----------------- Instantiating /home/travis/build/icyphy/ptII/ptolemy/domains/continuous/test/auto/Integration.xml
1 ms. Memory: 565248K Free: 307530K (54%)
----------------- Invoking toplevel() on ptolemy.moml.MoMLSimpleApplication@2633d9e8
----------------- Done invoking toplevel() on ptolemy.moml.MoMLSimpleApplication@2633d9e8
reloadAllAccessors: .Integration

===========================================================================================
----------------- testing Thu Nov 08 02:41:47 UTC 2018 /home/travis/build/icyphy/ptII/ptolemy/domains/continuous/test/auto/Integration2.xml
----------------- Instantiating /home/travis/build/icyphy/ptII/ptolemy/domains/continuous/test/auto/Integration2.xml
81 ms. Memory: 565248K Free: 287234K (51%)
----------------- Invoking toplevel() on ptolemy.moml.MoMLSimpleApplication@44adf0cc
----------------- Done invoking toplevel() on ptolemy.moml.MoMLSimpleApplication@44adf0cc
reloadAllAccessors: .Integration2

===========================================================================================
----------------- testing Thu Nov 08 02:41:47 UTC 2018 /home/travis/build/icyphy/ptII/ptolemy/domains/continuous/test/auto/Integration3.xml
----------------- Instantiating /home/travis/build/icyphy/ptII/ptolemy/domains/continuous/test/auto/Integration3.xml
2 ms. Memory: 565248K Free: 279989K (50%)
----------------- Invoking toplevel() on ptolemy.moml.MoMLSimpleApplication@7908873d
----------------- Done invoking toplevel() on ptolemy.moml.MoMLSimpleApplication@7908873d
reloadAllAccessors: .Integration3

===========================================================================================
----------------- testing Thu Nov 08 02:41:47 UTC 2018 /home/travis/build/icyphy/ptII/ptolemy/domains/continuous/test/auto/Integration5.xml
----------------- Instantiating /home/travis/build/icyphy/ptII/ptolemy/domains/continuous/test/auto/Integration5.xml
2 ms. Memory: 565248K Free: 272595K (48%)
----------------- Invoking toplevel() on ptolemy.moml.MoMLSimpleApplication@d964d6f
----------------- Done invoking toplevel() on ptolemy.moml.MoMLSimpleApplication@d964d6f
reloadAllAccessors: .Integration5

===========================================================================================
----------------- testing Thu Nov 08 02:41:47 UTC 2018 /home/travis/build/icyphy/ptII/ptolemy/domains/continuous/test/auto/IntegratorImpulse.xml
----------------- Instantiating /home/travis/build/icyphy/ptII/ptolemy/domains/continuous/test/auto/IntegratorImpulse.xml
1 ms. Memory: 565248K Free: 265358K (47%)
----------------- Invoking toplevel() on ptolemy.moml.MoMLSimpleApplication@6a289edf
----------------- Done invoking toplevel() on ptolemy.moml.MoMLSimpleApplication@6a289edf
reloadAllAccessors: .IntegratorImpulse

===========================================================================================
----------------- testing Thu Nov 08 02:41:47 UTC 2018 /home/travis/build/icyphy/ptII/ptolemy/domains/continuous/test/auto/IntegratorImpulse2.xml
----------------- Instantiating /home/travis/build/icyphy/ptII/ptolemy/domains/continuous/test/auto/IntegratorImpulse2.xml
4 ms. Memory: 565248K Free: 257965K (46%)
----------------- Invoking toplevel() on ptolemy.moml.MoMLSimpleApplication@1e1b487b
----------------- Done invoking toplevel() on ptolemy.moml.MoMLSimpleApplication@1e1b487b
reloadAllAccessors: .IntegratorImpulse2

===========================================================================================
----------------- testing Thu Nov 08 02:41:47 UTC 2018 /home/travis/build/icyphy/ptII/ptolemy/domains/continuous/test/auto/LevelCrossing1.xml
----------------- Instantiating /home/travis/build/icyphy/ptII/ptolemy/domains/continuous/test/auto/LevelCrossing1.xml
2 ms. Memory: 565248K Free: 247502K (44%)
----------------- Invoking toplevel() on ptolemy.moml.MoMLSimpleApplication@2f29b216
----------------- Done invoking toplevel() on ptolemy.moml.MoMLSimpleApplication@2f29b216
reloadAllAccessors: .LevelCrossing1

===========================================================================================
----------------- testing Thu Nov 08 02:41:47 UTC 2018 /home/travis/build/icyphy/ptII/ptolemy/domains/continuous/test/auto/LevelCrossing2.xml
----------------- Instantiating /home/travis/build/icyphy/ptII/ptolemy/domains/continuous/test/auto/LevelCrossing2.xml
3 ms. Memory: 565248K Free: 236883K (42%)
----------------- Invoking toplevel() on ptolemy.moml.MoMLSimpleApplication@78768549
----------------- Done invoking toplevel() on ptolemy.moml.MoMLSimpleApplication@78768549
reloadAllAccessors: .LevelCrossing2

===========================================================================================
----------------- testing Thu Nov 08 02:41:47 UTC 2018 /home/travis/build/icyphy/ptII/ptolemy/domains/continuous/test/auto/LevelCrossing3.xml
----------------- Instantiating /home/travis/build/icyphy/ptII/ptolemy/domains/continuous/test/auto/LevelCrossing3.xml
2 ms. Memory: 565248K Free: 226420K (40%)
----------------- Invoking toplevel() on ptolemy.moml.MoMLSimpleApplication@76eaebe1
----------------- Done invoking toplevel() on ptolemy.moml.MoMLSimpleApplication@76eaebe1
reloadAllAccessors: .LevelCrossing3

===========================================================================================
----------------- testing Thu Nov 08 02:41:47 UTC 2018 /home/travis/build/icyphy/ptII/ptolemy/domains/continuous/test/auto/LevelCrossing4.xml
----------------- Instantiating /home/travis/build/icyphy/ptII/ptolemy/domains/continuous/test/auto/LevelCrossing4.xml
6 ms. Memory: 565248K Free: 215784K (38%)
----------------- Invoking toplevel() on ptolemy.moml.MoMLSimpleApplication@5212130e
----------------- Done invoking toplevel() on ptolemy.moml.MoMLSimpleApplication@5212130e
reloadAllAccessors: .LevelCrossing4

===========================================================================================
----------------- testing Thu Nov 08 02:41:47 UTC 2018 /home/travis/build/icyphy/ptII/ptolemy/domains/continuous/test/auto/LevelCrossing5.xml
----------------- Instantiating /home/travis/build/icyphy/ptII/ptolemy/domains/continuous/test/auto/LevelCrossing5.xml
3 ms. Memory: 565248K Free: 205321K (36%)
----------------- Invoking toplevel() on ptolemy.moml.MoMLSimpleApplication@7f06e0
----------------- Done invoking toplevel() on ptolemy.moml.MoMLSimpleApplication@7f06e0
reloadAllAccessors: .LevelCrossing5

===========================================================================================
[...]
----------------- Done invoking toplevel() on ptolemy.moml.MoMLSimpleApplication@7145c9ef
reloadAllAccessors: .ResetTransitionWithStartTime6

===========================================================================================
----------------- testing Thu Nov 08 02:42:05 UTC 2018 /home/travis/build/icyphy/ptII/ptolemy/domains/continuous/test/auto/SRinContinuous.xml
----------------- Instantiating /home/travis/build/icyphy/ptII/ptolemy/domains/continuous/test/auto/SRinContinuous.xml
6 ms. Memory: 371200K Free: 61470K (17%)
----------------- Invoking toplevel() on ptolemy.moml.MoMLSimpleApplication@436be7e3
----------------- Done invoking toplevel() on ptolemy.moml.MoMLSimpleApplication@436be7e3
reloadAllAccessors: .SRinContinuous

===========================================================================================
----------------- testing Thu Nov 08 02:42:05 UTC 2018 /home/travis/build/icyphy/ptII/ptolemy/domains/continuous/test/auto/SampledClocks.xml
----------------- Instantiating /home/travis/build/icyphy/ptII/ptolemy/domains/continuous/test/auto/SampledClocks.xml
4 ms. Memory: 371200K Free: 50489K (14%)
----------------- Invoking toplevel() on ptolemy.moml.MoMLSimpleApplication@42a69e0c
----------------- Done invoking toplevel() on ptolemy.moml.MoMLSimpleApplication@42a69e0c
reloadAllAccessors: .SampledClocks

===========================================================================================
----------------- testing Thu Nov 08 02:42:05 UTC 2018 /home/travis/build/icyphy/ptII/ptolemy/domains/continuous/test/auto/Satellite.xml
----------------- Instantiating /home/travis/build/icyphy/ptII/ptolemy/domains/continuous/test/auto/Satellite.xml
961 ms. Memory: 358400K Free: 136535K (38%)
----------------- Invoking toplevel() on ptolemy.moml.MoMLSimpleApplication@6938c300
----------------- Done invoking toplevel() on ptolemy.moml.MoMLSimpleApplication@6938c300
reloadAllAccessors: .Satellite

===========================================================================================
----------------- testing Thu Nov 08 02:42:06 UTC 2018 /home/travis/build/icyphy/ptII/ptolemy/domains/continuous/test/auto/SigmaDelta.xml
----------------- Instantiating /home/travis/build/icyphy/ptII/ptolemy/domains/continuous/test/auto/SigmaDelta.xml
2371 ms. Memory: 433664K Free: 108284K (25%)
----------------- Invoking toplevel() on ptolemy.moml.MoMLSimpleApplication@37023a62
----------------- Done invoking toplevel() on ptolemy.moml.MoMLSimpleApplication@37023a62
reloadAllAccessors: .SigmaDelta

===========================================================================================
----------------- testing Thu Nov 08 02:42:09 UTC 2018 /home/travis/build/icyphy/ptII/ptolemy/domains/continuous/test/auto/SingleRefinement.xml
----------------- Instantiating /home/travis/build/icyphy/ptII/ptolemy/domains/continuous/test/auto/SingleRefinement.xml
418 ms. Memory: 412672K Free: 244771K (59%)
----------------- Invoking toplevel() on ptolemy.moml.MoMLSimpleApplication@125db900
----------------- Done invoking toplevel() on ptolemy.moml.MoMLSimpleApplication@125db900
reloadAllAccessors: .SingleRefinement

===========================================================================================
----------------- testing Thu Nov 08 02:42:09 UTC 2018 /home/travis/build/icyphy/ptII/ptolemy/domains/continuous/test/auto/SinuBouncingBall.xml
----------------- Instantiating /home/travis/build/icyphy/ptII/ptolemy/domains/continuous/test/auto/SinuBouncingBall.xml
823 ms. Memory: 496128K Free: 425370K (86%)
----------------- Invoking toplevel() on ptolemy.moml.MoMLSimpleApplication@1af0c431
----------------- Done invoking toplevel() on ptolemy.moml.MoMLSimpleApplication@1af0c431
reloadAllAccessors: .SinuBouncingBall

===========================================================================================
----------------- testing Thu Nov 08 02:42:10 UTC 2018 /home/travis/build/icyphy/ptII/ptolemy/domains/continuous/test/auto/Sinusoid.xml
----------------- Instantiating /home/travis/build/icyphy/ptII/ptolemy/domains/continuous/test/auto/Sinusoid.xml
5 ms. Memory: 496128K Free: 417493K (84%)
----------------- Invoking toplevel() on ptolemy.moml.MoMLSimpleApplication@583125a5
----------------- Done invoking toplevel() on ptolemy.moml.MoMLSimpleApplication@583125a5
reloadAllAccessors: .Sinusoid

===========================================================================================
----------------- testing Thu Nov 08 02:42:10 UTC 2018 /home/travis/build/icyphy/ptII/ptolemy/domains/continuous/test/auto/SinusoidInNoise.xml
----------------- Instantiating /home/travis/build/icyphy/ptII/ptolemy/domains/continuous/test/auto/SinusoidInNoise.xml
1019 ms. Memory: 496128K Free: 215505K (43%)
----------------- Invoking toplevel() on ptolemy.moml.MoMLSimpleApplication@129e2507
----------------- Done invoking toplevel() on ptolemy.moml.MoMLSimpleApplication@129e2507
reloadAllAccessors: .SinusoidInNoise

===========================================================================================
----------------- testing Thu Nov 08 02:42:11 UTC 2018 /home/travis/build/icyphy/ptII/ptolemy/domains/continuous/test/auto/SinusoidRK45.xml
----------------- Instantiating /home/travis/build/icyphy/ptII/ptolemy/domains/continuous/test/auto/SinusoidRK45.xml
3 ms. Memory: 496128K Free: 209115K (42%)
----------------- Invoking toplevel() on ptolemy.moml.MoMLSimpleApplication@286a8cfb
----------------- Done invoking toplevel() on ptolemy.moml.MoMLSimpleApplication@286a8cfb
reloadAllAccessors: .SinusoidRK45

===========================================================================================
----------------- testing Thu Nov 08 02:42:11 UTC 2018 /home/travis/build/icyphy/ptII/ptolemy/domains/continuous/test/auto/SinusoidWithMultipleImpulses.xml
----------------- Instantiating /home/travis/build/icyphy/ptII/ptolemy/domains/continuous/test/auto/SinusoidWithMultipleImpulses.xml
2 ms. Memory: 496128K Free: 199952K (40%)
----------------- Invoking toplevel() on ptolemy.moml.MoMLSimpleApplication@6a844031
----------------- Done invoking toplevel() on ptolemy.moml.MoMLSimpleApplication@6a844031
reloadAllAccessors: .SinusoidWithMultipleImpulses

===========================================================================================
----------------- testing Thu Nov 08 02:42:11 UTC 2018 /home/travis/build/icyphy/ptII/ptolemy/domains/continuous/test/auto/SquareWave.xml
----------------- Instantiating /home/travis/build/icyphy/ptII/ptolemy/domains/continuous/test/auto/SquareWave.xml
151 ms. Memory: 496128K Free: 168731K (34%)
----------------- Invoking toplevel() on ptolemy.moml.MoMLSimpleApplication@2e2c8130
----------------- Done invoking toplevel() on ptolemy.moml.MoMLSimpleApplication@2e2c8130
reloadAllAccessors: .SquareWave

===========================================================================================
----------------- testing Thu Nov 08 02:42:11 UTC 2018 /home/travis/build/icyphy/ptII/ptolemy/domains/continuous/test/auto/Starmac.xml
----------------- Instantiating /home/travis/build/icyphy/ptII/ptolemy/domains/continuous/test/auto/Starmac.xml
3060 ms. Memory: 601600K Free: 308920K (51%)
----------------- Invoking toplevel() on ptolemy.moml.MoMLSimpleApplication@1789fbfc
----------------- Done invoking toplevel() on ptolemy.moml.MoMLSimpleApplication@1789fbfc
reloadAllAccessors: .Starmac

===========================================================================================
----------------- testing Thu Nov 08 02:42:15 UTC 2018 /home/travis/build/icyphy/ptII/ptolemy/domains/continuous/test/auto/StaticUnits.xml
----------------- Instantiating /home/travis/build/icyphy/ptII/ptolemy/domains/continuous/test/auto/StaticUnits.xml
2115 ms. Memory: 579584K Free: 334684K (58%)
----------------- Invoking toplevel() on ptolemy.moml.MoMLSimpleApplication@6f6dbc51
----------------- Done invoking toplevel() on ptolemy.moml.MoMLSimpleApplication@6f6dbc51
reloadAllAccessors: .StaticUnits

===========================================================================================
----------------- testing Thu Nov 08 02:42:17 UTC 2018 /home/travis/build/icyphy/ptII/ptolemy/domains/continuous/test/auto/StickyMasses.xml
----------------- Instantiating /home/travis/build/icyphy/ptII/ptolemy/domains/continuous/test/auto/StickyMasses.xml
146 ms. Memory: 579584K Free: 277011K (48%)
----------------- Invoking toplevel() on ptolemy.moml.MoMLSimpleApplication@51294e4
----------------- Done invoking toplevel() on ptolemy.moml.MoMLSimpleApplication@51294e4
reloadAllAccessors: .StickyMasses

===========================================================================================
----------------- testing Thu Nov 08 02:42:17 UTC 2018 /home/travis/build/icyphy/ptII/ptolemy/domains/continuous/test/auto/StopTime.xml
----------------- Instantiating /home/travis/build/icyphy/ptII/ptolemy/domains/continuous/test/auto/StopTime.xml
44 ms. Memory: 579584K Free: 246501K (43%)
----------------- Invoking toplevel() on ptolemy.moml.MoMLSimpleApplication@4fd97331
----------------- Done invoking toplevel() on ptolemy.moml.MoMLSimpleApplication@4fd97331
reloadAllAccessors: .StopTime

===========================================================================================
----------------- testing Thu Nov 08 02:42:18 UTC 2018 /home/travis/build/icyphy/ptII/ptolemy/domains/continuous/test/auto/StopTime2.xml
----------------- Instantiating /home/travis/build/icyphy/ptII/ptolemy/domains/continuous/test/auto/StopTime2.xml
36 ms. Memory: 579584K Free: 218487K (38%)
----------------- Invoking toplevel() on ptolemy.moml.MoMLSimpleApplication@4493f054
----------------- Done invoking toplevel() on ptolemy.moml.MoMLSimpleApplication@4493f054
reloadAllAccessors: .StopTime2

===========================================================================================
----------------- testing Thu Nov 08 02:42:18 UTC 2018 /home/travis/build/icyphy/ptII/ptolemy/domains/continuous/test/auto/Switch.xml
----------------- Instantiating /home/travis/build/icyphy/ptII/ptolemy/domains/continuous/test/auto/Switch.xml
44 ms. Memory: 579584K Free: 187993K (32%)
----------------- Invoking toplevel() on ptolemy.moml.MoMLSimpleApplication@42451b9c
----------------- Done invoking toplevel() on ptolemy.moml.MoMLSimpleApplication@42451b9c
reloadAllAccessors: .Switch

===========================================================================================
----------------- testing Thu Nov 08 02:42:18 UTC 2018 /home/travis/build/icyphy/ptII/ptolemy/domains/continuous/test/auto/Thermostat.xml
----------------- Instantiating /home/travis/build/icyphy/ptII/ptolemy/domains/continuous/test/auto/Thermostat.xml
183 ms. Memory: 579584K Free: 110622K (19%)
----------------- Invoking toplevel() on ptolemy.moml.MoMLSimpleApplication@66ccdbea
----------------- Done invoking toplevel() on ptolemy.moml.MoMLSimpleApplication@66ccdbea
reloadAllAccessors: .Thermostat

===========================================================================================
----------------- testing Thu Nov 08 02:42:18 UTC 2018 /home/travis/build/icyphy/ptII/ptolemy/domains/continuous/test/auto/TimeDelay.xml
----------------- Instantiating /home/travis/build/icyphy/ptII/ptolemy/domains/continuous/test/auto/TimeDelay.xml
5 ms. Memory: 579584K Free: 102330K (18%)
----------------- Invoking toplevel() on ptolemy.moml.MoMLSimpleApplication@19c655f5
----------------- Done invoking toplevel() on ptolemy.moml.MoMLSimpleApplication@19c655f5
reloadAllAccessors: .TimeDelay

===========================================================================================
----------------- testing Thu Nov 08 02:42:18 UTC 2018 /home/travis/build/icyphy/ptII/ptolemy/domains/continuous/test/auto/TimeDelay2.xml
----------------- Instantiating /home/travis/build/icyphy/ptII/ptolemy/domains/continuous/test/auto/TimeDelay2.xml
7 ms. Memory: 579584K Free: 94041K (16%)
----------------- Invoking toplevel() on ptolemy.moml.MoMLSimpleApplication@71a3ce15
----------------- Done invoking toplevel() on ptolemy.moml.MoMLSimpleApplication@71a3ce15
reloadAllAccessors: .TimeDelay2

===========================================================================================
----------------- testing Thu Nov 08 02:42:18 UTC 2018 /home/travis/build/icyphy/ptII/ptolemy/domains/continuous/test/auto/TimeDelay3.xml
----------------- Instantiating /home/travis/build/icyphy/ptII/ptolemy/domains/continuous/test/auto/TimeDelay3.xml
2 ms. Memory: 579584K Free: 85736K (15%)
----------------- Invoking toplevel() on ptolemy.moml.MoMLSimpleApplication@f645821
----------------- Done invoking toplevel() on ptolemy.moml.MoMLSimpleApplication@f645821
reloadAllAccessors: .TimeDelay3

===========================================================================================
----------------- testing Thu Nov 08 02:42:18 UTC 2018 /home/travis/build/icyphy/ptII/ptolemy/domains/continuous/test/auto/TransferAbsentToInside.xml
----------------- Instantiating /home/travis/build/icyphy/ptII/ptolemy/domains/continuous/test/auto/TransferAbsentToInside.xml
27 ms. Memory: 579584K Free: 25512K (4%)
----------------- Invoking toplevel() on ptolemy.moml.MoMLSimpleApplication@2fcca7f7
----------------- Done invoking toplevel() on ptolemy.moml.MoMLSimpleApplication@2fcca7f7
reloadAllAccessors: .TransferAbsentToInside

===========================================================================================
----------------- testing Thu Nov 08 02:42:18 UTC 2018 /home/travis/build/icyphy/ptII/ptolemy/domains/continuous/test/auto/Transmission.xml
----------------- Instantiating /home/travis/build/icyphy/ptII/ptolemy/domains/continuous/test/auto/Transmission.xml
725 ms. Memory: 551424K Free: 251198K (46%)
----------------- Invoking toplevel() on ptolemy.moml.MoMLSimpleApplication@dd1c0d
----------------- Done invoking toplevel() on ptolemy.moml.MoMLSimpleApplication@dd1c0d
reloadAllAccessors: .Transmission

===========================================================================================
----------------- testing Thu Nov 08 02:42:19 UTC 2018 /home/travis/build/icyphy/ptII/ptolemy/domains/continuous/test/auto/TriggeredContinuousClock.xml
----------------- Instantiating /home/travis/build/icyphy/ptII/ptolemy/domains/continuous/test/auto/TriggeredContinuousClock.xml
31 ms. Memory: 551424K Free: 215716K (39%)
----------------- Invoking toplevel() on ptolemy.moml.MoMLSimpleApplication@660b910d
----------------- Done invoking toplevel() on ptolemy.moml.MoMLSimpleApplication@660b910d
reloadAllAccessors: .TriggeredContinuousClock

===========================================================================================
----------------- testing Thu Nov 08 02:42:19 UTC 2018 /home/travis/build/icyphy/ptII/ptolemy/domains/continuous/test/auto/TwoMachineInfiniteBusControl.xml
----------------- Instantiating /home/travis/build/icyphy/ptII/ptolemy/domains/continuous/test/auto/TwoMachineInfiniteBusControl.xml
2809 ms. Memory: 530432K Free: 65761K (12%)
----------------- Invoking toplevel() on ptolemy.moml.MoMLSimpleApplication@32a4d7f7
----------------- Done invoking toplevel() on ptolemy.moml.MoMLSimpleApplication@32a4d7f7
reloadAllAccessors: .TwoMachineInfiniteBusControl

===========================================================================================
----------------- testing Thu Nov 08 02:42:22 UTC 2018 /home/travis/build/icyphy/ptII/ptolemy/domains/continuous/test/auto/V2V.xml
----------------- Instantiating /home/travis/build/icyphy/ptII/ptolemy/domains/continuous/test/auto/V2V.xml
733 ms. Memory: 508928K Free: 290730K (57%)
----------------- Invoking toplevel() on ptolemy.moml.MoMLSimpleApplication@14926b72
----------------- Done invoking toplevel() on ptolemy.moml.MoMLSimpleApplication@14926b72
reloadAllAccessors: .V2V

===========================================================================================
----------------- testing Thu Nov 08 02:42:23 UTC 2018 /home/travis/build/icyphy/ptII/ptolemy/domains/continuous/test/auto/hierarchicalModalModel.xml
----------------- Instantiating /home/travis/build/icyphy/ptII/ptolemy/domains/continuous/test/auto/hierarchicalModalModel.xml
8 ms. Memory: 508928K Free: 271293K (53%)
----------------- Invoking toplevel() on ptolemy.moml.MoMLSimpleApplication@282e197
----------------- Done invoking toplevel() on ptolemy.moml.MoMLSimpleApplication@282e197
reloadAllAccessors: .hierarchicalModalModel

===========================================================================================
----------------- testing Thu Nov 08 02:42:23 UTC 2018 /home/travis/build/icyphy/ptII/ptolemy/domains/continuous/test/auto/hierarchicalModalModel1.xml
----------------- Instantiating /home/travis/build/icyphy/ptII/ptolemy/domains/continuous/test/auto/hierarchicalModalModel1.xml
8 ms. Memory: 508928K Free: 253253K (50%)
----------------- Invoking toplevel() on ptolemy.moml.MoMLSimpleApplication@3cb12b39
----------------- Done invoking toplevel() on ptolemy.moml.MoMLSimpleApplication@3cb12b39
reloadAllAccessors: .hierarchicalModalModel1

===========================================================================================
----------------- testing Thu Nov 08 02:42:23 UTC 2018 /home/travis/build/icyphy/ptII/ptolemy/domains/continuous/test/auto/hierarchicalModalModel2.xml
----------------- Instantiating /home/travis/build/icyphy/ptII/ptolemy/domains/continuous/test/auto/hierarchicalModalModel2.xml
7 ms. Memory: 508928K Free: 237363K (47%)
----------------- Invoking toplevel() on ptolemy.moml.MoMLSimpleApplication@2077f5b3
----------------- Done invoking toplevel() on ptolemy.moml.MoMLSimpleApplication@2077f5b3
reloadAllAccessors: .hierarchicalModalModel2

===========================================================================================
----------------- testing Thu Nov 08 02:42:23 UTC 2018 /home/travis/build/icyphy/ptII/ptolemy/domains/continuous/test/auto/hierarchicalModalModel3.xml
----------------- Instantiating /home/travis/build/icyphy/ptII/ptolemy/domains/continuous/test/auto/hierarchicalModalModel3.xml
5 ms. Memory: 508928K Free: 221499K (44%)
----------------- Invoking toplevel() on ptolemy.moml.MoMLSimpleApplication@7b222293
----------------- Done invoking toplevel() on ptolemy.moml.MoMLSimpleApplication@7b222293
reloadAllAccessors: .hierarchicalModalModel3

===========================================================================================
----------------- testing Thu Nov 08 02:42:23 UTC 2018 /home/travis/build/icyphy/ptII/ptolemy/domains/continuous/test/auto/hierarchicalModalModel4.xml
----------------- Instantiating /home/travis/build/icyphy/ptII/ptolemy/domains/continuous/test/auto/hierarchicalModalModel4.xml
4 ms. Memory: 508928K Free: 207753K (41%)
----------------- Invoking toplevel() on ptolemy.moml.MoMLSimpleApplication@988a0ec
----------------- Done invoking toplevel() on ptolemy.moml.MoMLSimpleApplication@988a0ec
reloadAllAccessors: .hierarchicalModalModel4

===========================================================================================
----------------- testing Thu Nov 08 02:42:23 UTC 2018 /home/travis/build/icyphy/ptII/ptolemy/domains/continuous/test/auto/junk.xml
----------------- Instantiating /home/travis/build/icyphy/ptII/ptolemy/domains/continuous/test/auto/junk.xml
138 ms. Memory: 508928K Free: 174791K (34%)
----------------- Invoking toplevel() on ptolemy.moml.MoMLSimpleApplication@30358503
----------------- Done invoking toplevel() on ptolemy.moml.MoMLSimpleApplication@30358503
reloadAllAccessors: .junk
AutoTests.java: About to close Vertx.
AutoTests.java: Vertx closed.
]]></system-out>
  <system-err><![CDATA[Warning: '.HysteresisWithRandomDelay.NonStrictTest3' The test produced only 27 tokens, yet the correctValues parameter was expecting 30 tokens.
Warning: '.Poisson.NonStrictTest' The test produced only 391 tokens, yet the correctValues parameter was expecting 430 tokens.
]]></system-err>
</testsuite>
