<?xml version="1.0" encoding="UTF-8" ?>
<testsuite errors="0" failures="0" hostname="travis-job-64b679a1-518f-444d-bb2e-2de578a48466" name="ptolemy.domains.continuous.test.junit.JUnitTclTest" skipped="0" tests="156" time="74.61" timestamp="2018-11-27T02:51:17">
  <properties>
[...]
</properties>
  <testcase classname="ptolemy.util.test.junit.TclTests" name="[0] ThereAreNoTclTests (RunTclFile)" time="0.001" />
  <testcase classname="ptolemy.util.test.junit.AutoKnownFailedTests" name="[0] ThereAreNoKnowFailedTests (RunModel)" time="0.005" />
  <testcase classname="ptolemy.util.test.junit.AutoNameArchTests" name="[0] ThereAreNoAutoArchTests (RunModel)" time="0.0" />
  <testcase classname="ptolemy.util.test.junit.AutoTests" name="[0] /home/travis/build/icyphy/ptII/ptolemy/domains/continuous/test/auto/BouncingBall.xml (RunModel)" time="2.878" />
  <testcase classname="ptolemy.util.test.junit.AutoTests" name="[1] /home/travis/build/icyphy/ptII/ptolemy/domains/continuous/test/auto/BouncingBallWithoutGR.xml (RunModel)" time="0.988" />
  <testcase classname="ptolemy.util.test.junit.AutoTests" name="[2] /home/travis/build/icyphy/ptII/ptolemy/domains/continuous/test/auto/Brownian.xml (RunModel)" time="0.069" />
  <testcase classname="ptolemy.util.test.junit.AutoTests" name="[3] /home/travis/build/icyphy/ptII/ptolemy/domains/continuous/test/auto/CarTracking.xml (RunModel)" time="3.78" />
  <testcase classname="ptolemy.util.test.junit.AutoTests" name="[4] /home/travis/build/icyphy/ptII/ptolemy/domains/continuous/test/auto/CartPendulum.xml (RunModel)" time="0.553" />
  <testcase classname="ptolemy.util.test.junit.AutoTests" name="[5] /home/travis/build/icyphy/ptII/ptolemy/domains/continuous/test/auto/CausalityInterface10.xml (RunModel)" time="0.054" />
  <testcase classname="ptolemy.util.test.junit.AutoTests" name="[6] /home/travis/build/icyphy/ptII/ptolemy/domains/continuous/test/auto/CausalityInterface11.xml (RunModel)" time="0.049" />
  <testcase classname="ptolemy.util.test.junit.AutoTests" name="[7] /home/travis/build/icyphy/ptII/ptolemy/domains/continuous/test/auto/CausalityInterface12.xml (RunModel)" time="0.045" />
  <testcase classname="ptolemy.util.test.junit.AutoTests" name="[8] /home/travis/build/icyphy/ptII/ptolemy/domains/continuous/test/auto/CausalityInterface13.xml (RunModel)" time="0.042" />
  <testcase classname="ptolemy.util.test.junit.AutoTests" name="[9] /home/travis/build/icyphy/ptII/ptolemy/domains/continuous/test/auto/CausalityInterface14.xml (RunModel)" time="0.028" />
  <testcase classname="ptolemy.util.test.junit.AutoTests" name="[10] /home/travis/build/icyphy/ptII/ptolemy/domains/continuous/test/auto/CausalityInterface4.xml (RunModel)" time="0.033" />
  <testcase classname="ptolemy.util.test.junit.AutoTests" name="[11] /home/travis/build/icyphy/ptII/ptolemy/domains/continuous/test/auto/CausalityInterface5.xml (RunModel)" time="0.03" />
  <testcase classname="ptolemy.util.test.junit.AutoTests" name="[12] /home/travis/build/icyphy/ptII/ptolemy/domains/continuous/test/auto/CausalityInterface6.xml (RunModel)" time="0.021" />
  <testcase classname="ptolemy.util.test.junit.AutoTests" name="[13] /home/travis/build/icyphy/ptII/ptolemy/domains/continuous/test/auto/CausalityInterface7.xml (RunModel)" time="0.033" />
  <testcase classname="ptolemy.util.test.junit.AutoTests" name="[14] /home/travis/build/icyphy/ptII/ptolemy/domains/continuous/test/auto/CausalityInterface8.xml (RunModel)" time="0.036" />
  <testcase classname="ptolemy.util.test.junit.AutoTests" name="[15] /home/travis/build/icyphy/ptII/ptolemy/domains/continuous/test/auto/CausalityInterface9.xml (RunModel)" time="0.054" />
  <testcase classname="ptolemy.util.test.junit.AutoTests" name="[16] /home/travis/build/icyphy/ptII/ptolemy/domains/continuous/test/auto/CausalityInterfaceFeedback1.xml (RunModel)" time="0.024" />
  <testcase classname="ptolemy.util.test.junit.AutoTests" name="[17] /home/travis/build/icyphy/ptII/ptolemy/domains/continuous/test/auto/CausalityInterfaceFeedback2.xml (RunModel)" time="0.043" />
  <testcase classname="ptolemy.util.test.junit.AutoTests" name="[18] /home/travis/build/icyphy/ptII/ptolemy/domains/continuous/test/auto/CompareWithCurrentTime.xml (RunModel)" time="0.023" />
  <testcase classname="ptolemy.util.test.junit.AutoTests" name="[19] /home/travis/build/icyphy/ptII/ptolemy/domains/continuous/test/auto/ComparedClocks.xml (RunModel)" time="0.083" />
  <testcase classname="ptolemy.util.test.junit.AutoTests" name="[20] /home/travis/build/icyphy/ptII/ptolemy/domains/continuous/test/auto/ContinuousAOCClone.xml (RunModel)" time="2.736" />
  <testcase classname="ptolemy.util.test.junit.AutoTests" name="[21] /home/travis/build/icyphy/ptII/ptolemy/domains/continuous/test/auto/ContinuousClock.xml (RunModel)" time="0.104" />
  <testcase classname="ptolemy.util.test.junit.AutoTests" name="[22] /home/travis/build/icyphy/ptII/ptolemy/domains/continuous/test/auto/ContinuousInContinuous.xml (RunModel)" time="0.082" />
  <testcase classname="ptolemy.util.test.junit.AutoTests" name="[23] /home/travis/build/icyphy/ptII/ptolemy/domains/continuous/test/auto/ContinuousInContinuousInContinuous.xml (RunModel)" time="0.033" />
  <testcase classname="ptolemy.util.test.junit.AutoTests" name="[24] /home/travis/build/icyphy/ptII/ptolemy/domains/continuous/test/auto/ContinuousInDE.xml (RunModel)" time="0.09" />
  <testcase classname="ptolemy.util.test.junit.AutoTests" name="[25] /home/travis/build/icyphy/ptII/ptolemy/domains/continuous/test/auto/ContinuousInDE2.xml (RunModel)" time="0.067" />
  <testcase classname="ptolemy.util.test.junit.AutoTests" name="[26] /home/travis/build/icyphy/ptII/ptolemy/domains/continuous/test/auto/ContinuousInDE3.xml (RunModel)" time="0.072" />
  <testcase classname="ptolemy.util.test.junit.AutoTests" name="[27] /home/travis/build/icyphy/ptII/ptolemy/domains/continuous/test/auto/ContinuousInDE4.xml (RunModel)" time="0.034" />
  <testcase classname="ptolemy.util.test.junit.AutoTests" name="[28] /home/travis/build/icyphy/ptII/ptolemy/domains/continuous/test/auto/ContinuousInDEDifferentRefinements.xml (RunModel)" time="0.124" />
  <testcase classname="ptolemy.util.test.junit.AutoTests" name="[29] /home/travis/build/icyphy/ptII/ptolemy/domains/continuous/test/auto/ContinuousInDEDifferentRefinementsPreemptive.xml (RunModel)" time="0.116" />
  <testcase classname="ptolemy.util.test.junit.AutoTests" name="[30] /home/travis/build/icyphy/ptII/ptolemy/domains/continuous/test/auto/ContinuousInDEInContinuous2.xml (RunModel)" time="0.064" />
  <testcase classname="ptolemy.util.test.junit.AutoTests" name="[31] /home/travis/build/icyphy/ptII/ptolemy/domains/continuous/test/auto/ContinuousInDEInContinuous3.xml (RunModel)" time="0.062" />
  <testcase classname="ptolemy.util.test.junit.AutoTests" name="[32] /home/travis/build/icyphy/ptII/ptolemy/domains/continuous/test/auto/ContinuousInDEInput.xml (RunModel)" time="0.042" />
  <testcase classname="ptolemy.util.test.junit.AutoTests" name="[33] /home/travis/build/icyphy/ptII/ptolemy/domains/continuous/test/auto/ContinuousInDEInput2.xml (RunModel)" time="0.042" />
  <testcase classname="ptolemy.util.test.junit.AutoTests" name="[34] /home/travis/build/icyphy/ptII/ptolemy/domains/continuous/test/auto/ContinuousInDEInput3.xml (RunModel)" time="0.04" />
  <testcase classname="ptolemy.util.test.junit.AutoTests" name="[35] /home/travis/build/icyphy/ptII/ptolemy/domains/continuous/test/auto/ContinuousInDESharingRefinement.xml (RunModel)" time="0.189" />
  <testcase classname="ptolemy.util.test.junit.AutoTests" name="[36] /home/travis/build/icyphy/ptII/ptolemy/domains/continuous/test/auto/ContinuousInDEwithNoPorts.xml (RunModel)" time="0.018" />
  <testcase classname="ptolemy.util.test.junit.AutoTests" name="[37] /home/travis/build/icyphy/ptII/ptolemy/domains/continuous/test/auto/ContinuousInsideDE.xml (RunModel)" time="0.098" />
  <testcase classname="ptolemy.util.test.junit.AutoTests" name="[38] /home/travis/build/icyphy/ptII/ptolemy/domains/continuous/test/auto/ContinuousMerge1.xml (RunModel)" time="0.013" />
  <testcase classname="ptolemy.util.test.junit.AutoTests" name="[39] /home/travis/build/icyphy/ptII/ptolemy/domains/continuous/test/auto/ContinuousMerge2.xml (RunModel)" time="0.062" />
  <testcase classname="ptolemy.util.test.junit.AutoTests" name="[40] /home/travis/build/icyphy/ptII/ptolemy/domains/continuous/test/auto/ContinuousMerge3.xml (RunModel)" time="0.079" />
  <testcase classname="ptolemy.util.test.junit.AutoTests" name="[41] /home/travis/build/icyphy/ptII/ptolemy/domains/continuous/test/auto/ContinuousWithinContinuous.xml (RunModel)" time="0.062" />
  <testcase classname="ptolemy.util.test.junit.AutoTests" name="[42] /home/travis/build/icyphy/ptII/ptolemy/domains/continuous/test/auto/ContinuousWithinContinuous2.xml (RunModel)" time="0.084" />
  <testcase classname="ptolemy.util.test.junit.AutoTests" name="[43] /home/travis/build/icyphy/ptII/ptolemy/domains/continuous/test/auto/ContinuousWithinContinuous3.xml (RunModel)" time="0.026" />
  <testcase classname="ptolemy.util.test.junit.AutoTests" name="[44] /home/travis/build/icyphy/ptII/ptolemy/domains/continuous/test/auto/ContinuousWithinContinuous4.xml (RunModel)" time="0.118" />
  <testcase classname="ptolemy.util.test.junit.AutoTests" name="[45] /home/travis/build/icyphy/ptII/ptolemy/domains/continuous/test/auto/ContinuousWithinContinuous5.xml (RunModel)" time="0.029" />
  <testcase classname="ptolemy.util.test.junit.AutoTests" name="[46] /home/travis/build/icyphy/ptII/ptolemy/domains/continuous/test/auto/ContinuousWithinContinuous6.xml (RunModel)" time="0.044" />
  <testcase classname="ptolemy.util.test.junit.AutoTests" name="[47] /home/travis/build/icyphy/ptII/ptolemy/domains/continuous/test/auto/ContinuousWithinContinuous7.xml (RunModel)" time="0.067" />
  <testcase classname="ptolemy.util.test.junit.AutoTests" name="[48] /home/travis/build/icyphy/ptII/ptolemy/domains/continuous/test/auto/DCMotor.xml (RunModel)" time="12.025" />
  <testcase classname="ptolemy.util.test.junit.AutoTests" name="[49] /home/travis/build/icyphy/ptII/ptolemy/domains/continuous/test/auto/DEInContinuous.xml (RunModel)" time="0.043" />
  <testcase classname="ptolemy.util.test.junit.AutoTests" name="[50] /home/travis/build/icyphy/ptII/ptolemy/domains/continuous/test/auto/DEinContinuous2.xml (RunModel)" time="0.035" />
  <testcase classname="ptolemy.util.test.junit.AutoTests" name="[51] /home/travis/build/icyphy/ptII/ptolemy/domains/continuous/test/auto/Derivative.xml (RunModel)" time="0.227" />
  <testcase classname="ptolemy.util.test.junit.AutoTests" name="[52] /home/travis/build/icyphy/ptII/ptolemy/domains/continuous/test/auto/Derivative1.xml (RunModel)" time="0.038" />
  <testcase classname="ptolemy.util.test.junit.AutoTests" name="[53] /home/travis/build/icyphy/ptII/ptolemy/domains/continuous/test/auto/DiscreteClock.xml (RunModel)" time="0.016" />
  <testcase classname="ptolemy.util.test.junit.AutoTests" name="[54] /home/travis/build/icyphy/ptII/ptolemy/domains/continuous/test/auto/EfficiencyCurve.xml (RunModel)" time="0.105" />
  <testcase classname="ptolemy.util.test.junit.AutoTests" name="[55] /home/travis/build/icyphy/ptII/ptolemy/domains/continuous/test/auto/ExponentialResponse.xml (RunModel)" time="0.115" />
  <testcase classname="ptolemy.util.test.junit.AutoTests" name="[56] /home/travis/build/icyphy/ptII/ptolemy/domains/continuous/test/auto/ExponentialResponseRK45.xml (RunModel)" time="0.033" />
  <testcase classname="ptolemy.util.test.junit.AutoTests" name="[57] /home/travis/build/icyphy/ptII/ptolemy/domains/continuous/test/auto/Friction.xml (RunModel)" time="1.433" />
  <testcase classname="ptolemy.util.test.junit.AutoTests" name="[58] /home/travis/build/icyphy/ptII/ptolemy/domains/continuous/test/auto/FurutaPendulum.xml (RunModel)" time="3.335" />
  <testcase classname="ptolemy.util.test.junit.AutoTests" name="[59] /home/travis/build/icyphy/ptII/ptolemy/domains/continuous/test/auto/HierarchicalExecution.xml (RunModel)" time="2.053" />
  <testcase classname="ptolemy.util.test.junit.AutoTests" name="[60] /home/travis/build/icyphy/ptII/ptolemy/domains/continuous/test/auto/HybridPlant.xml (RunModel)" time="0.699" />
  <testcase classname="ptolemy.util.test.junit.AutoTests" name="[61] /home/travis/build/icyphy/ptII/ptolemy/domains/continuous/test/auto/Hysteresis.xml (RunModel)" time="0.236" />
  <testcase classname="ptolemy.util.test.junit.AutoTests" name="[62] /home/travis/build/icyphy/ptII/ptolemy/domains/continuous/test/auto/HysteresisWithRandomDelay.xml (RunModel)" time="0.286" />
  <testcase classname="ptolemy.util.test.junit.AutoTests" name="[63] /home/travis/build/icyphy/ptII/ptolemy/domains/continuous/test/auto/HysteresisWithRandomLosses.xml (RunModel)" time="2.448" />
  <testcase classname="ptolemy.util.test.junit.AutoTests" name="[64] /home/travis/build/icyphy/ptII/ptolemy/domains/continuous/test/auto/ImmediateTransitions.xml (RunModel)" time="0.029" />
  <testcase classname="ptolemy.util.test.junit.AutoTests" name="[65] /home/travis/build/icyphy/ptII/ptolemy/domains/continuous/test/auto/ImpulseFeedback.xml (RunModel)" time="0.024" />
  <testcase classname="ptolemy.util.test.junit.AutoTests" name="[66] /home/travis/build/icyphy/ptII/ptolemy/domains/continuous/test/auto/ImpulseFeedback2.xml (RunModel)" time="0.018" />
  <testcase classname="ptolemy.util.test.junit.AutoTests" name="[67] /home/travis/build/icyphy/ptII/ptolemy/domains/continuous/test/auto/IncreasingRatePoisson.xml (RunModel)" time="0.797" />
  <testcase classname="ptolemy.util.test.junit.AutoTests" name="[68] /home/travis/build/icyphy/ptII/ptolemy/domains/continuous/test/auto/InitialStateFeedback.xml (RunModel)" time="0.014" />
  <testcase classname="ptolemy.util.test.junit.AutoTests" name="[69] /home/travis/build/icyphy/ptII/ptolemy/domains/continuous/test/auto/Integration.xml (RunModel)" time="0.01" />
  <testcase classname="ptolemy.util.test.junit.AutoTests" name="[70] /home/travis/build/icyphy/ptII/ptolemy/domains/continuous/test/auto/Integration2.xml (RunModel)" time="0.086" />
  <testcase classname="ptolemy.util.test.junit.AutoTests" name="[71] /home/travis/build/icyphy/ptII/ptolemy/domains/continuous/test/auto/Integration3.xml (RunModel)" time="0.013" />
  <testcase classname="ptolemy.util.test.junit.AutoTests" name="[72] /home/travis/build/icyphy/ptII/ptolemy/domains/continuous/test/auto/Integration5.xml (RunModel)" time="0.031" />
  <testcase classname="ptolemy.util.test.junit.AutoTests" name="[73] /home/travis/build/icyphy/ptII/ptolemy/domains/continuous/test/auto/IntegratorImpulse.xml (RunModel)" time="0.012" />
  <testcase classname="ptolemy.util.test.junit.AutoTests" name="[74] /home/travis/build/icyphy/ptII/ptolemy/domains/continuous/test/auto/IntegratorImpulse2.xml (RunModel)" time="0.013" />
  <testcase classname="ptolemy.util.test.junit.AutoTests" name="[75] /home/travis/build/icyphy/ptII/ptolemy/domains/continuous/test/auto/LevelCrossing1.xml (RunModel)" time="0.017" />
  <testcase classname="ptolemy.util.test.junit.AutoTests" name="[76] /home/travis/build/icyphy/ptII/ptolemy/domains/continuous/test/auto/LevelCrossing2.xml (RunModel)" time="0.017" />
  <testcase classname="ptolemy.util.test.junit.AutoTests" name="[77] /home/travis/build/icyphy/ptII/ptolemy/domains/continuous/test/auto/LevelCrossing3.xml (RunModel)" time="0.014" />
  <testcase classname="ptolemy.util.test.junit.AutoTests" name="[78] /home/travis/build/icyphy/ptII/ptolemy/domains/continuous/test/auto/LevelCrossing4.xml (RunModel)" time="0.015" />
  <testcase classname="ptolemy.util.test.junit.AutoTests" name="[79] /home/travis/build/icyphy/ptII/ptolemy/domains/continuous/test/auto/LevelCrossing5.xml (RunModel)" time="0.014" />
  <testcase classname="ptolemy.util.test.junit.AutoTests" name="[80] /home/travis/build/icyphy/ptII/ptolemy/domains/continuous/test/auto/LevelCrossing6.xml (RunModel)" time="0.017" />
  <testcase classname="ptolemy.util.test.junit.AutoTests" name="[81] /home/travis/build/icyphy/ptII/ptolemy/domains/continuous/test/auto/LevelCrossingDetector.xml (RunModel)" time="0.049" />
  <testcase classname="ptolemy.util.test.junit.AutoTests" name="[82] /home/travis/build/icyphy/ptII/ptolemy/domains/continuous/test/auto/LevelCrossingDetectorDetectingDirections.xml (RunModel)" time="0.085" />
  <testcase classname="ptolemy.util.test.junit.AutoTests" name="[83] /home/travis/build/icyphy/ptII/ptolemy/domains/continuous/test/auto/LevelCrossingDetectorDetectsGlitches.xml (RunModel)" time="0.099" />
  <testcase classname="ptolemy.util.test.junit.AutoTests" name="[84] /home/travis/build/icyphy/ptII/ptolemy/domains/continuous/test/auto/LevelCrossingNoInitialOuput.xml (RunModel)" time="0.015" />
  <testcase classname="ptolemy.util.test.junit.AutoTests" name="[85] /home/travis/build/icyphy/ptII/ptolemy/domains/continuous/test/auto/LinearStateSpaceExample.xml (RunModel)" time="0.044" />
  <testcase classname="ptolemy.util.test.junit.AutoTests" name="[86] /home/travis/build/icyphy/ptII/ptolemy/domains/continuous/test/auto/Lorenz.xml (RunModel)" time="3.964" />
  <testcase classname="ptolemy.util.test.junit.AutoTests" name="[87] /home/travis/build/icyphy/ptII/ptolemy/domains/continuous/test/auto/LorenzDifferentialSystem.xml (RunModel)" time="1.214" />
  <testcase classname="ptolemy.util.test.junit.AutoTests" name="[88] /home/travis/build/icyphy/ptII/ptolemy/domains/continuous/test/auto/LorenzDifferentialSystemWithInput.xml (RunModel)" time="1.586" />
  <testcase classname="ptolemy.util.test.junit.AutoTests" name="[89] /home/travis/build/icyphy/ptII/ptolemy/domains/continuous/test/auto/LorenzDifferentialSystemWithTime.xml (RunModel)" time="0.864" />
  <testcase classname="ptolemy.util.test.junit.AutoTests" name="[90] /home/travis/build/icyphy/ptII/ptolemy/domains/continuous/test/auto/Microsteps.xml (RunModel)" time="0.029" />
  <testcase classname="ptolemy.util.test.junit.AutoTests" name="[91] /home/travis/build/icyphy/ptII/ptolemy/domains/continuous/test/auto/Modal1.xml (RunModel)" time="0.054" />
  <testcase classname="ptolemy.util.test.junit.AutoTests" name="[92] /home/travis/build/icyphy/ptII/ptolemy/domains/continuous/test/auto/Modal2.xml (RunModel)" time="0.037" />
  <testcase classname="ptolemy.util.test.junit.AutoTests" name="[93] /home/travis/build/icyphy/ptII/ptolemy/domains/continuous/test/auto/ModalTransitionGuardWithReset.xml (RunModel)" time="0.022" />
  <testcase classname="ptolemy.util.test.junit.AutoTests" name="[94] /home/travis/build/icyphy/ptII/ptolemy/domains/continuous/test/auto/ModalTransitionGuardWithResetUsingPreemptiveTransition.xml (RunModel)" time="0.033" />
  <testcase classname="ptolemy.util.test.junit.AutoTests" name="[95] /home/travis/build/icyphy/ptII/ptolemy/domains/continuous/test/auto/ModalTransitionGuardWithResetUsingPreemptiveTransition2.xml (RunModel)" time="0.045" />
  <testcase classname="ptolemy.util.test.junit.AutoTests" name="[96] /home/travis/build/icyphy/ptII/ptolemy/domains/continuous/test/auto/ModalTransitionGuardWithResetUsingPreemptiveTransition3.xml (RunModel)" time="0.024" />
  <testcase classname="ptolemy.util.test.junit.AutoTests" name="[97] /home/travis/build/icyphy/ptII/ptolemy/domains/continuous/test/auto/NewtonsCradle.xml (RunModel)" time="0.889" />
  <testcase classname="ptolemy.util.test.junit.AutoTests" name="[98] /home/travis/build/icyphy/ptII/ptolemy/domains/continuous/test/auto/NewtonsCradleAnimated.xml (RunModel)" time="1.258" />
  <testcase classname="ptolemy.util.test.junit.AutoTests" name="[99] /home/travis/build/icyphy/ptII/ptolemy/domains/continuous/test/auto/NewtonsCradleComplicated.xml (RunModel)" time="0.996" />
  <testcase classname="ptolemy.util.test.junit.AutoTests" name="[100] /home/travis/build/icyphy/ptII/ptolemy/domains/continuous/test/auto/NewtonsCradleNondeterministic.xml (RunModel)" time="0.772" />
  <testcase classname="ptolemy.util.test.junit.AutoTests" name="[101] /home/travis/build/icyphy/ptII/ptolemy/domains/continuous/test/auto/NewtonsCradlePerfectlyInelastic1.xml (RunModel)" time="1.394" />
  <testcase classname="ptolemy.util.test.junit.AutoTests" name="[102] /home/travis/build/icyphy/ptII/ptolemy/domains/continuous/test/auto/Noise.xml (RunModel)" time="0.213" />
  <testcase classname="ptolemy.util.test.junit.AutoTests" name="[103] /home/travis/build/icyphy/ptII/ptolemy/domains/continuous/test/auto/NoiseSpectrum.xml (RunModel)" time="0.794" />
  <testcase classname="ptolemy.util.test.junit.AutoTests" name="[104] /home/travis/build/icyphy/ptII/ptolemy/domains/continuous/test/auto/ParameterizedNewtonsCradleAnimated.xml (RunModel)" time="0.364" />
  <testcase classname="ptolemy.util.test.junit.AutoTests" name="[105] /home/travis/build/icyphy/ptII/ptolemy/domains/continuous/test/auto/ParameterizedNewtonsCradleAnimatedNondeterministic.xml (RunModel)" time="1.255" />
  <testcase classname="ptolemy.util.test.junit.AutoTests" name="[106] /home/travis/build/icyphy/ptII/ptolemy/domains/continuous/test/auto/Pendulum3D.xml (RunModel)" time="0.171" />
  <testcase classname="ptolemy.util.test.junit.AutoTests" name="[107] /home/travis/build/icyphy/ptII/ptolemy/domains/continuous/test/auto/PeriodicSampler.xml (RunModel)" time="0.013" />
  <testcase classname="ptolemy.util.test.junit.AutoTests" name="[108] /home/travis/build/icyphy/ptII/ptolemy/domains/continuous/test/auto/PeriodicSampler1.xml (RunModel)" time="0.056" />
  <testcase classname="ptolemy.util.test.junit.AutoTests" name="[109] /home/travis/build/icyphy/ptII/ptolemy/domains/continuous/test/auto/PeriodicSampler2.xml (RunModel)" time="0.077" />
  <testcase classname="ptolemy.util.test.junit.AutoTests" name="[110] /home/travis/build/icyphy/ptII/ptolemy/domains/continuous/test/auto/Poisson.xml (RunModel)" time="0.498" />
  <testcase classname="ptolemy.util.test.junit.AutoTests" name="[111] /home/travis/build/icyphy/ptII/ptolemy/domains/continuous/test/auto/PoissonClock.xml (RunModel)" time="0.011" />
  <testcase classname="ptolemy.util.test.junit.AutoTests" name="[112] /home/travis/build/icyphy/ptII/ptolemy/domains/continuous/test/auto/PoissonClock2.xml (RunModel)" time="0.011" />
  <testcase classname="ptolemy.util.test.junit.AutoTests" name="[113] /home/travis/build/icyphy/ptII/ptolemy/domains/continuous/test/auto/PortParameterHierarchy.xml (RunModel)" time="0.017" />
  <testcase classname="ptolemy.util.test.junit.AutoTests" name="[114] /home/travis/build/icyphy/ptII/ptolemy/domains/continuous/test/auto/RandomHybridPlant.xml (RunModel)" time="0.749" />
  <testcase classname="ptolemy.util.test.junit.AutoTests" name="[115] /home/travis/build/icyphy/ptII/ptolemy/domains/continuous/test/auto/ResetTransitionWithStartTime1.xml (RunModel)" time="0.051" />
  <testcase classname="ptolemy.util.test.junit.AutoTests" name="[116] /home/travis/build/icyphy/ptII/ptolemy/domains/continuous/test/auto/ResetTransitionWithStartTime2.xml (RunModel)" time="0.046" />
  <testcase classname="ptolemy.util.test.junit.AutoTests" name="[117] /home/travis/build/icyphy/ptII/ptolemy/domains/continuous/test/auto/ResetTransitionWithStartTime3.xml (RunModel)" time="0.042" />
  <testcase classname="ptolemy.util.test.junit.AutoTests" name="[118] /home/travis/build/icyphy/ptII/ptolemy/domains/continuous/test/auto/ResetTransitionWithStartTime4.xml (RunModel)" time="0.029" />
  <testcase classname="ptolemy.util.test.junit.AutoTests" name="[119] /home/travis/build/icyphy/ptII/ptolemy/domains/continuous/test/auto/ResetTransitionWithStartTime5.xml (RunModel)" time="0.058" />
  <testcase classname="ptolemy.util.test.junit.AutoTests" name="[120] /home/travis/build/icyphy/ptII/ptolemy/domains/continuous/test/auto/ResetTransitionWithStartTime6.xml (RunModel)" time="0.034" />
  <testcase classname="ptolemy.util.test.junit.AutoTests" name="[121] /home/travis/build/icyphy/ptII/ptolemy/domains/continuous/test/auto/SRinContinuous.xml (RunModel)" time="0.02" />
  <testcase classname="ptolemy.util.test.junit.AutoTests" name="[122] /home/travis/build/icyphy/ptII/ptolemy/domains/continuous/test/auto/SampledClocks.xml (RunModel)" time="0.024" />
  <testcase classname="ptolemy.util.test.junit.AutoTests" name="[123] /home/travis/build/icyphy/ptII/ptolemy/domains/continuous/test/auto/Satellite.xml (RunModel)" time="0.933" />
  <testcase classname="ptolemy.util.test.junit.AutoTests" name="[124] /home/travis/build/icyphy/ptII/ptolemy/domains/continuous/test/auto/SigmaDelta.xml (RunModel)" time="2.439" />
  <testcase classname="ptolemy.util.test.junit.AutoTests" name="[125] /home/travis/build/icyphy/ptII/ptolemy/domains/continuous/test/auto/SingleRefinement.xml (RunModel)" time="0.403" />
  <testcase classname="ptolemy.util.test.junit.AutoTests" name="[126] /home/travis/build/icyphy/ptII/ptolemy/domains/continuous/test/auto/SinuBouncingBall.xml (RunModel)" time="0.938" />
  <testcase classname="ptolemy.util.test.junit.AutoTests" name="[127] /home/travis/build/icyphy/ptII/ptolemy/domains/continuous/test/auto/Sinusoid.xml (RunModel)" time="0.02" />
  <testcase classname="ptolemy.util.test.junit.AutoTests" name="[128] /home/travis/build/icyphy/ptII/ptolemy/domains/continuous/test/auto/SinusoidInNoise.xml (RunModel)" time="1.077" />
  <testcase classname="ptolemy.util.test.junit.AutoTests" name="[129] /home/travis/build/icyphy/ptII/ptolemy/domains/continuous/test/auto/SinusoidRK45.xml (RunModel)" time="0.012" />
  <testcase classname="ptolemy.util.test.junit.AutoTests" name="[130] /home/travis/build/icyphy/ptII/ptolemy/domains/continuous/test/auto/SinusoidWithMultipleImpulses.xml (RunModel)" time="0.015" />
  <testcase classname="ptolemy.util.test.junit.AutoTests" name="[131] /home/travis/build/icyphy/ptII/ptolemy/domains/continuous/test/auto/SquareWave.xml (RunModel)" time="0.2" />
  <testcase classname="ptolemy.util.test.junit.AutoTests" name="[132] /home/travis/build/icyphy/ptII/ptolemy/domains/continuous/test/auto/Starmac.xml (RunModel)" time="3.546" />
  <testcase classname="ptolemy.util.test.junit.AutoTests" name="[133] /home/travis/build/icyphy/ptII/ptolemy/domains/continuous/test/auto/StaticUnits.xml (RunModel)" time="2.585" />
  <testcase classname="ptolemy.util.test.junit.AutoTests" name="[134] /home/travis/build/icyphy/ptII/ptolemy/domains/continuous/test/auto/StickyMasses.xml (RunModel)" time="0.205" />
  <testcase classname="ptolemy.util.test.junit.AutoTests" name="[135] /home/travis/build/icyphy/ptII/ptolemy/domains/continuous/test/auto/StopTime.xml (RunModel)" time="0.081" />
  <testcase classname="ptolemy.util.test.junit.AutoTests" name="[136] /home/travis/build/icyphy/ptII/ptolemy/domains/continuous/test/auto/StopTime2.xml (RunModel)" time="0.06" />
  <testcase classname="ptolemy.util.test.junit.AutoTests" name="[137] /home/travis/build/icyphy/ptII/ptolemy/domains/continuous/test/auto/Switch.xml (RunModel)" time="0.064" />
  <testcase classname="ptolemy.util.test.junit.AutoTests" name="[138] /home/travis/build/icyphy/ptII/ptolemy/domains/continuous/test/auto/Thermostat.xml (RunModel)" time="0.234" />
  <testcase classname="ptolemy.util.test.junit.AutoTests" name="[139] /home/travis/build/icyphy/ptII/ptolemy/domains/continuous/test/auto/TimeDelay.xml (RunModel)" time="0.016" />
  <testcase classname="ptolemy.util.test.junit.AutoTests" name="[140] /home/travis/build/icyphy/ptII/ptolemy/domains/continuous/test/auto/TimeDelay2.xml (RunModel)" time="0.02" />
  <testcase classname="ptolemy.util.test.junit.AutoTests" name="[141] /home/travis/build/icyphy/ptII/ptolemy/domains/continuous/test/auto/TimeDelay3.xml (RunModel)" time="0.015" />
  <testcase classname="ptolemy.util.test.junit.AutoTests" name="[142] /home/travis/build/icyphy/ptII/ptolemy/domains/continuous/test/auto/TransferAbsentToInside.xml (RunModel)" time="0.118" />
  <testcase classname="ptolemy.util.test.junit.AutoTests" name="[143] /home/travis/build/icyphy/ptII/ptolemy/domains/continuous/test/auto/Transmission.xml (RunModel)" time="0.778" />
  <testcase classname="ptolemy.util.test.junit.AutoTests" name="[144] /home/travis/build/icyphy/ptII/ptolemy/domains/continuous/test/auto/TriggeredContinuousClock.xml (RunModel)" time="0.062" />
  <testcase classname="ptolemy.util.test.junit.AutoTests" name="[145] /home/travis/build/icyphy/ptII/ptolemy/domains/continuous/test/auto/TwoMachineInfiniteBusControl.xml (RunModel)" time="2.944" />
  <testcase classname="ptolemy.util.test.junit.AutoTests" name="[146] /home/travis/build/icyphy/ptII/ptolemy/domains/continuous/test/auto/V2V.xml (RunModel)" time="0.847" />
  <testcase classname="ptolemy.util.test.junit.AutoTests" name="[147] /home/travis/build/icyphy/ptII/ptolemy/domains/continuous/test/auto/hierarchicalModalModel.xml (RunModel)" time="0.032" />
  <testcase classname="ptolemy.util.test.junit.AutoTests" name="[148] /home/travis/build/icyphy/ptII/ptolemy/domains/continuous/test/auto/hierarchicalModalModel1.xml (RunModel)" time="0.045" />
  <testcase classname="ptolemy.util.test.junit.AutoTests" name="[149] /home/travis/build/icyphy/ptII/ptolemy/domains/continuous/test/auto/hierarchicalModalModel2.xml (RunModel)" time="0.035" />
  <testcase classname="ptolemy.util.test.junit.AutoTests" name="[150] /home/travis/build/icyphy/ptII/ptolemy/domains/continuous/test/auto/hierarchicalModalModel3.xml (RunModel)" time="0.023" />
  <testcase classname="ptolemy.util.test.junit.AutoTests" name="[151] /home/travis/build/icyphy/ptII/ptolemy/domains/continuous/test/auto/hierarchicalModalModel4.xml (RunModel)" time="0.023" />
  <testcase classname="ptolemy.util.test.junit.AutoTests" name="[152] /home/travis/build/icyphy/ptII/ptolemy/domains/continuous/test/auto/junk.xml (RunModel)" time="0.164" />
  <system-out><![CDATA[No tcl tests in /home/travis/build/icyphy/ptII/ptolemy/domains/continuous/test
No auto/knownFailedTests/*.xml tests in /home/travis/build/icyphy/ptII/ptolemy/domains/continuous/test
No auto/linux-amd64/*.xml tests in /home/travis/build/icyphy/ptII/ptolemy/domains/continuous/test
AutoTests.java: About to close Vertx.
AutoTests.java: Vertx closed.

===========================================================================================
----------------- testing Tue Nov 27 02:51:18 UTC 2018 /home/travis/build/icyphy/ptII/ptolemy/domains/continuous/test/auto/BouncingBall.xml
----------------- Instantiating /home/travis/build/icyphy/ptII/ptolemy/domains/continuous/test/auto/BouncingBall.xml
2351 ms. Memory: 331776K Free: 254967K (77%)
----------------- Invoking toplevel() on ptolemy.moml.MoMLSimpleApplication@64190929
----------------- Done invoking toplevel() on ptolemy.moml.MoMLSimpleApplication@64190929
reloadAllAccessors: .BouncingBall

===========================================================================================
----------------- testing Tue Nov 27 02:51:21 UTC 2018 /home/travis/build/icyphy/ptII/ptolemy/domains/continuous/test/auto/BouncingBallWithoutGR.xml
----------------- Instantiating /home/travis/build/icyphy/ptII/ptolemy/domains/continuous/test/auto/BouncingBallWithoutGR.xml
852 ms. Memory: 331776K Free: 309967K (93%)
----------------- Invoking toplevel() on ptolemy.moml.MoMLSimpleApplication@7df11ca3
----------------- Done invoking toplevel() on ptolemy.moml.MoMLSimpleApplication@7df11ca3
reloadAllAccessors: .BouncingBallWithoutGR

===========================================================================================
----------------- testing Tue Nov 27 02:51:22 UTC 2018 /home/travis/build/icyphy/ptII/ptolemy/domains/continuous/test/auto/Brownian.xml
----------------- Instantiating /home/travis/build/icyphy/ptII/ptolemy/domains/continuous/test/auto/Brownian.xml
26 ms. Memory: 331776K Free: 296045K (89%)
----------------- Invoking toplevel() on ptolemy.moml.MoMLSimpleApplication@3143e7d5
----------------- Done invoking toplevel() on ptolemy.moml.MoMLSimpleApplication@3143e7d5
reloadAllAccessors: .Brownian

===========================================================================================
----------------- testing Tue Nov 27 02:51:22 UTC 2018 /home/travis/build/icyphy/ptII/ptolemy/domains/continuous/test/auto/CarTracking.xml
----------------- Instantiating /home/travis/build/icyphy/ptII/ptolemy/domains/continuous/test/auto/CarTracking.xml
3363 ms. Memory: 578048K Free: 435912K (75%)
----------------- Invoking toplevel() on ptolemy.moml.MoMLSimpleApplication@45cf792d
----------------- Done invoking toplevel() on ptolemy.moml.MoMLSimpleApplication@45cf792d
reloadAllAccessors: .CarTracking

===========================================================================================
----------------- testing Tue Nov 27 02:51:26 UTC 2018 /home/travis/build/icyphy/ptII/ptolemy/domains/continuous/test/auto/CartPendulum.xml
----------------- Instantiating /home/travis/build/icyphy/ptII/ptolemy/domains/continuous/test/auto/CartPendulum.xml
409 ms. Memory: 578048K Free: 323038K (56%)
----------------- Invoking toplevel() on ptolemy.moml.MoMLSimpleApplication@3d479dc0
----------------- Done invoking toplevel() on ptolemy.moml.MoMLSimpleApplication@3d479dc0
reloadAllAccessors: .CartPendulum

===========================================================================================
----------------- testing Tue Nov 27 02:51:26 UTC 2018 /home/travis/build/icyphy/ptII/ptolemy/domains/continuous/test/auto/CausalityInterface10.xml
----------------- Instantiating /home/travis/build/icyphy/ptII/ptolemy/domains/continuous/test/auto/CausalityInterface10.xml
14 ms. Memory: 578048K Free: 309930K (54%)
----------------- Invoking toplevel() on ptolemy.moml.MoMLSimpleApplication@7589950b
----------------- Done invoking toplevel() on ptolemy.moml.MoMLSimpleApplication@7589950b
reloadAllAccessors: .CausalityInterface10

===========================================================================================
----------------- testing Tue Nov 27 02:51:26 UTC 2018 /home/travis/build/icyphy/ptII/ptolemy/domains/continuous/test/auto/CausalityInterface11.xml
----------------- Instantiating /home/travis/build/icyphy/ptII/ptolemy/domains/continuous/test/auto/CausalityInterface11.xml
14 ms. Memory: 578048K Free: 300083K (52%)
----------------- Invoking toplevel() on ptolemy.moml.MoMLSimpleApplication@32448dda
----------------- Done invoking toplevel() on ptolemy.moml.MoMLSimpleApplication@32448dda
reloadAllAccessors: .CausalityInterface11

===========================================================================================
----------------- testing Tue Nov 27 02:51:26 UTC 2018 /home/travis/build/icyphy/ptII/ptolemy/domains/continuous/test/auto/CausalityInterface12.xml
----------------- Instantiating /home/travis/build/icyphy/ptII/ptolemy/domains/continuous/test/auto/CausalityInterface12.xml
11 ms. Memory: 578048K Free: 290237K (50%)
----------------- Invoking toplevel() on ptolemy.moml.MoMLSimpleApplication@41a867a7
----------------- Done invoking toplevel() on ptolemy.moml.MoMLSimpleApplication@41a867a7
reloadAllAccessors: .CausalityInterface12

===========================================================================================
----------------- testing Tue Nov 27 02:51:26 UTC 2018 /home/travis/build/icyphy/ptII/ptolemy/domains/continuous/test/auto/CausalityInterface13.xml
----------------- Instantiating /home/travis/build/icyphy/ptII/ptolemy/domains/continuous/test/auto/CausalityInterface13.xml
7 ms. Memory: 578048K Free: 277195K (48%)
----------------- Invoking toplevel() on ptolemy.moml.MoMLSimpleApplication@68e473b2
----------------- Done invoking toplevel() on ptolemy.moml.MoMLSimpleApplication@68e473b2
reloadAllAccessors: .CausalityInterface13

===========================================================================================
----------------- testing Tue Nov 27 02:51:26 UTC 2018 /home/travis/build/icyphy/ptII/ptolemy/domains/continuous/test/auto/CausalityInterface14.xml
----------------- Instantiating /home/travis/build/icyphy/ptII/ptolemy/domains/continuous/test/auto/CausalityInterface14.xml
3 ms. Memory: 578048K Free: 267349K (46%)
----------------- Invoking toplevel() on ptolemy.moml.MoMLSimpleApplication@1745fb0
----------------- Done invoking toplevel() on ptolemy.moml.MoMLSimpleApplication@1745fb0
reloadAllAccessors: .CausalityInterface14

===========================================================================================
----------------- testing Tue Nov 27 02:51:26 UTC 2018 /home/travis/build/icyphy/ptII/ptolemy/domains/continuous/test/auto/CausalityInterface4.xml
----------------- Instantiating /home/travis/build/icyphy/ptII/ptolemy/domains/continuous/test/auto/CausalityInterface4.xml
3 ms. Memory: 578048K Free: 257502K (45%)
----------------- Invoking toplevel() on ptolemy.moml.MoMLSimpleApplication@16e44b6c
----------------- Done invoking toplevel() on ptolemy.moml.MoMLSimpleApplication@16e44b6c
reloadAllAccessors: .CausalityInterface4

===========================================================================================
----------------- testing Tue Nov 27 02:51:27 UTC 2018 /home/travis/build/icyphy/ptII/ptolemy/domains/continuous/test/auto/CausalityInterface5.xml
----------------- Instantiating /home/travis/build/icyphy/ptII/ptolemy/domains/continuous/test/auto/CausalityInterface5.xml
6 ms. Memory: 578048K Free: 244379K (42%)
----------------- Invoking toplevel() on ptolemy.moml.MoMLSimpleApplication@6b687abe
----------------- Done invoking toplevel() on ptolemy.moml.MoMLSimpleApplication@6b687abe
reloadAllAccessors: .CausalityInterface5

===========================================================================================
----------------- testing Tue Nov 27 02:51:27 UTC 2018 /home/travis/build/icyphy/ptII/ptolemy/domains/continuous/test/auto/CausalityInterface6.xml
----------------- Instantiating /home/travis/build/icyphy/ptII/ptolemy/domains/continuous/test/auto/CausalityInterface6.xml
3 ms. Memory: 578048K Free: 231337K (40%)
----------------- Invoking toplevel() on ptolemy.moml.MoMLSimpleApplication@2d92adb2
----------------- Done invoking toplevel() on ptolemy.moml.MoMLSimpleApplication@2d92adb2
reloadAllAccessors: .CausalityInterface6

===========================================================================================
----------------- testing Tue Nov 27 02:51:27 UTC 2018 /home/travis/build/icyphy/ptII/ptolemy/domains/continuous/test/auto/CausalityInterface7.xml
----------------- Instantiating /home/travis/build/icyphy/ptII/ptolemy/domains/continuous/test/auto/CausalityInterface7.xml
10 ms. Memory: 578048K Free: 218213K (38%)
----------------- Invoking toplevel() on ptolemy.moml.MoMLSimpleApplication@1cfd9ee9
----------------- Done invoking toplevel() on ptolemy.moml.MoMLSimpleApplication@1cfd9ee9
reloadAllAccessors: .CausalityInterface7

===========================================================================================
----------------- testing Tue Nov 27 02:51:27 UTC 2018 /home/travis/build/icyphy/ptII/ptolemy/domains/continuous/test/auto/CausalityInterface8.xml
----------------- Instantiating /home/travis/build/icyphy/ptII/ptolemy/domains/continuous/test/auto/CausalityInterface8.xml
4 ms. Memory: 578048K Free: 205090K (35%)
----------------- Invoking toplevel() on ptolemy.moml.MoMLSimpleApplication@455653f2
----------------- Done invoking toplevel() on ptolemy.moml.MoMLSimpleApplication@455653f2
reloadAllAccessors: .CausalityInterface8

===========================================================================================
----------------- testing Tue Nov 27 02:51:27 UTC 2018 /home/travis/build/icyphy/ptII/ptolemy/domains/continuous/test/auto/CausalityInterface9.xml
----------------- Instantiating /home/travis/build/icyphy/ptII/ptolemy/domains/continuous/test/auto/CausalityInterface9.xml
4 ms. Memory: 578048K Free: 188682K (33%)
----------------- Invoking toplevel() on ptolemy.moml.MoMLSimpleApplication@2258820d
----------------- Done invoking toplevel() on ptolemy.moml.MoMLSimpleApplication@2258820d
reloadAllAccessors: .CausalityInterface9

===========================================================================================
----------------- testing Tue Nov 27 02:51:27 UTC 2018 /home/travis/build/icyphy/ptII/ptolemy/domains/continuous/test/auto/CausalityInterfaceFeedback1.xml
----------------- Instantiating /home/travis/build/icyphy/ptII/ptolemy/domains/continuous/test/auto/CausalityInterfaceFeedback1.xml
3 ms. Memory: 578048K Free: 175656K (30%)
----------------- Invoking toplevel() on ptolemy.moml.MoMLSimpleApplication@74635d9b
----------------- Done invoking toplevel() on ptolemy.moml.MoMLSimpleApplication@74635d9b
reloadAllAccessors: .CausalityInterfaceFeedback1

===========================================================================================
----------------- testing Tue Nov 27 02:51:27 UTC 2018 /home/travis/build/icyphy/ptII/ptolemy/domains/continuous/test/auto/CausalityInterfaceFeedback2.xml
----------------- Instantiating /home/travis/build/icyphy/ptII/ptolemy/domains/continuous/test/auto/CausalityInterfaceFeedback2.xml
7 ms. Memory: 578048K Free: 165809K (29%)
----------------- Invoking toplevel() on ptolemy.moml.MoMLSimpleApplication@2cb76e6
----------------- Done invoking toplevel() on ptolemy.moml.MoMLSimpleApplication@2cb76e6
reloadAllAccessors: .CausalityInterfaceFeedback2

===========================================================================================
----------------- testing Tue Nov 27 02:51:27 UTC 2018 /home/travis/build/icyphy/ptII/ptolemy/domains/continuous/test/auto/CompareWithCurrentTime.xml
----------------- Instantiating /home/travis/build/icyphy/ptII/ptolemy/domains/continuous/test/auto/CompareWithCurrentTime.xml
2 ms. Memory: 578048K Free: 159256K (28%)
----------------- Invoking toplevel() on ptolemy.moml.MoMLSimpleApplication@52a16074
----------------- Done invoking toplevel() on ptolemy.moml.MoMLSimpleApplication@52a16074
reloadAllAccessors: .CompareWithCurrentTime

===========================================================================================
----------------- testing Tue Nov 27 02:51:27 UTC 2018 /home/travis/build/icyphy/ptII/ptolemy/domains/continuous/test/auto/ComparedClocks.xml
----------------- Instantiating /home/travis/build/icyphy/ptII/ptolemy/domains/continuous/test/auto/ComparedClocks.xml
7 ms. Memory: 578048K Free: 139562K (24%)
----------------- Invoking toplevel() on ptolemy.moml.MoMLSimpleApplication@41aed3a4
----------------- Done invoking toplevel() on ptolemy.moml.MoMLSimpleApplication@41aed3a4
reloadAllAccessors: .ComparedClocks

===========================================================================================
----------------- testing Tue Nov 27 02:51:27 UTC 2018 /home/travis/build/icyphy/ptII/ptolemy/domains/continuous/test/auto/ContinuousAOCClone.xml
----------------- Instantiating /home/travis/build/icyphy/ptII/ptolemy/domains/continuous/test/auto/ContinuousAOCClone.xml
2492 ms. Memory: 871424K Free: 385280K (44%)
----------------- Invoking toplevel() on ptolemy.moml.MoMLSimpleApplication@3b9bb48c
----------------- Done invoking toplevel() on ptolemy.moml.MoMLSimpleApplication@3b9bb48c
reloadAllAccessors: .ContinuousAOCClone

===========================================================================================
----------------- testing Tue Nov 27 02:51:30 UTC 2018 /home/travis/build/icyphy/ptII/ptolemy/domains/continuous/test/auto/ContinuousClock.xml
----------------- Instantiating /home/travis/build/icyphy/ptII/ptolemy/domains/continuous/test/auto/ContinuousClock.xml
29 ms. Memory: 871424K Free: 355641K (41%)
----------------- Invoking toplevel() on ptolemy.moml.MoMLSimpleApplication@7c7aaab8
----------------- Done invoking toplevel() on ptolemy.moml.MoMLSimpleApplication@7c7aaab8
reloadAllAccessors: .ContinuousClock

===========================================================================================
----------------- testing Tue Nov 27 02:51:30 UTC 2018 /home/travis/build/icyphy/ptII/ptolemy/domains/continuous/test/auto/ContinuousInContinuous.xml
----------------- Instantiating /home/travis/build/icyphy/ptII/ptolemy/domains/continuous/test/auto/ContinuousInContinuous.xml
37 ms. Memory: 871424K Free: 324205K (37%)
----------------- Invoking toplevel() on ptolemy.moml.MoMLSimpleApplication@509b1695
----------------- Done invoking toplevel() on ptolemy.moml.MoMLSimpleApplication@509b1695
reloadAllAccessors: .ContinuousInContinuous

===========================================================================================
----------------- testing Tue Nov 27 02:51:30 UTC 2018 /home/travis/build/icyphy/ptII/ptolemy/domains/continuous/test/auto/ContinuousInContinuousInContinuous.xml
----------------- Instantiating /home/travis/build/icyphy/ptII/ptolemy/domains/continuous/test/auto/ContinuousInContinuousInContinuous.xml
11 ms. Memory: 871424K Free: 308499K (35%)
----------------- Invoking toplevel() on ptolemy.moml.MoMLSimpleApplication@749661e1
----------------- Done invoking toplevel() on ptolemy.moml.MoMLSimpleApplication@749661e1
reloadAllAccessors: .ContinuousInContinuousInContinuous

===========================================================================================
----------------- testing Tue Nov 27 02:51:30 UTC 2018 /home/travis/build/icyphy/ptII/ptolemy/domains/continuous/test/auto/ContinuousInDE.xml
----------------- Instantiating /home/travis/build/icyphy/ptII/ptolemy/domains/continuous/test/auto/ContinuousInDE.xml
64 ms. Memory: 871424K Free: 292801K (34%)
----------------- Invoking toplevel() on ptolemy.moml.MoMLSimpleApplication@6b34d6ab
----------------- Done invoking toplevel() on ptolemy.moml.MoMLSimpleApplication@6b34d6ab
reloadAllAccessors: .ContinuousInDE

===========================================================================================
----------------- testing Tue Nov 27 02:51:30 UTC 2018 /home/travis/build/icyphy/ptII/ptolemy/domains/continuous/test/auto/ContinuousInDE2.xml
----------------- Instantiating /home/travis/build/icyphy/ptII/ptolemy/domains/continuous/test/auto/ContinuousInDE2.xml
39 ms. Memory: 871424K Free: 273643K (31%)
----------------- Invoking toplevel() on ptolemy.moml.MoMLSimpleApplication@352e35d6
----------------- Done invoking toplevel() on ptolemy.moml.MoMLSimpleApplication@352e35d6
reloadAllAccessors: .ContinuousInDE2

===========================================================================================
----------------- testing Tue Nov 27 02:51:30 UTC 2018 /home/travis/build/icyphy/ptII/ptolemy/domains/continuous/test/auto/ContinuousInDE3.xml
----------------- Instantiating /home/travis/build/icyphy/ptII/ptolemy/domains/continuous/test/auto/ContinuousInDE3.xml
41 ms. Memory: 871424K Free: 257945K (30%)
----------------- Invoking toplevel() on ptolemy.moml.MoMLSimpleApplication@7204584b
----------------- Done invoking toplevel() on ptolemy.moml.MoMLSimpleApplication@7204584b
reloadAllAccessors: .ContinuousInDE3

===========================================================================================
----------------- testing Tue Nov 27 02:51:30 UTC 2018 /home/travis/build/icyphy/ptII/ptolemy/domains/continuous/test/auto/ContinuousInDE4.xml
----------------- Instantiating /home/travis/build/icyphy/ptII/ptolemy/domains/continuous/test/auto/ContinuousInDE4.xml
17 ms. Memory: 871424K Free: 247480K (28%)
----------------- Invoking toplevel() on ptolemy.moml.MoMLSimpleApplication@bccb8fb
----------------- Done invoking toplevel() on ptolemy.moml.MoMLSimpleApplication@bccb8fb
reloadAllAccessors: .ContinuousInDE4

===========================================================================================
----------------- testing Tue Nov 27 02:51:30 UTC 2018 /home/travis/build/icyphy/ptII/ptolemy/domains/continuous/test/auto/ContinuousInDEDifferentRefinements.xml
----------------- Instantiating /home/travis/build/icyphy/ptII/ptolemy/domains/continuous/test/auto/ContinuousInDEDifferentRefinements.xml
59 ms. Memory: 871424K Free: 210819K (24%)
----------------- Invoking toplevel() on ptolemy.moml.MoMLSimpleApplication@485372d5
----------------- Done invoking toplevel() on ptolemy.moml.MoMLSimpleApplication@485372d5
reloadAllAccessors: .ContinuousInDEDifferentRefinements

===========================================================================================
----------------- testing Tue Nov 27 02:51:30 UTC 2018 /home/travis/build/icyphy/ptII/ptolemy/domains/continuous/test/auto/ContinuousInDEDifferentRefinementsPreemptive.xml
----------------- Instantiating /home/travis/build/icyphy/ptII/ptolemy/domains/continuous/test/auto/ContinuousInDEDifferentRefinementsPreemptive.xml
56 ms. Memory: 871424K Free: 170682K (20%)
----------------- Invoking toplevel() on ptolemy.moml.MoMLSimpleApplication@65db4336
----------------- Done invoking toplevel() on ptolemy.moml.MoMLSimpleApplication@65db4336
reloadAllAccessors: .ContinuousInDEDifferentRefinementsPreemptive

===========================================================================================
----------------- testing Tue Nov 27 02:51:30 UTC 2018 /home/travis/build/icyphy/ptII/ptolemy/domains/continuous/test/auto/ContinuousInDEInContinuous2.xml
----------------- Instantiating /home/travis/build/icyphy/ptII/ptolemy/domains/continuous/test/auto/ContinuousInDEInContinuous2.xml
37 ms. Memory: 871424K Free: 154968K (18%)
----------------- Invoking toplevel() on ptolemy.moml.MoMLSimpleApplication@40a3f1f9
----------------- Done invoking toplevel() on ptolemy.moml.MoMLSimpleApplication@40a3f1f9
reloadAllAccessors: .ContinuousInDEInContinuous2

===========================================================================================
----------------- testing Tue Nov 27 02:51:30 UTC 2018 /home/travis/build/icyphy/ptII/ptolemy/domains/continuous/test/auto/ContinuousInDEInContinuous3.xml
----------------- Instantiating /home/travis/build/icyphy/ptII/ptolemy/domains/continuous/test/auto/ContinuousInDEInContinuous3.xml
37 ms. Memory: 871424K Free: 134022K (15%)
----------------- Invoking toplevel() on ptolemy.moml.MoMLSimpleApplication@40b12b34
----------------- Done invoking toplevel() on ptolemy.moml.MoMLSimpleApplication@40b12b34
reloadAllAccessors: .ContinuousInDEInContinuous3

===========================================================================================
----------------- testing Tue Nov 27 02:51:30 UTC 2018 /home/travis/build/icyphy/ptII/ptolemy/domains/continuous/test/auto/ContinuousInDEInput.xml
----------------- Instantiating /home/travis/build/icyphy/ptII/ptolemy/domains/continuous/test/auto/ContinuousInDEInput.xml
20 ms. Memory: 871424K Free: 123556K (14%)
----------------- Invoking toplevel() on ptolemy.moml.MoMLSimpleApplication@46b283b4
----------------- Done invoking toplevel() on ptolemy.moml.MoMLSimpleApplication@46b283b4
reloadAllAccessors: .ContinuousInDEInput

===========================================================================================
----------------- testing Tue Nov 27 02:51:31 UTC 2018 /home/travis/build/icyphy/ptII/ptolemy/domains/continuous/test/auto/ContinuousInDEInput2.xml
----------------- Instantiating /home/travis/build/icyphy/ptII/ptolemy/domains/continuous/test/auto/ContinuousInDEInput2.xml
17 ms. Memory: 871424K Free: 113091K (13%)
----------------- Invoking toplevel() on ptolemy.moml.MoMLSimpleApplication@3df04dfe
----------------- Done invoking toplevel() on ptolemy.moml.MoMLSimpleApplication@3df04dfe
reloadAllAccessors: .ContinuousInDEInput2

===========================================================================================
----------------- testing Tue Nov 27 02:51:31 UTC 2018 /home/travis/build/icyphy/ptII/ptolemy/domains/continuous/test/auto/ContinuousInDEInput3.xml
----------------- Instantiating /home/travis/build/icyphy/ptII/ptolemy/domains/continuous/test/auto/ContinuousInDEInput3.xml
21 ms. Memory: 871424K Free: 99166K (11%)
----------------- Invoking toplevel() on ptolemy.moml.MoMLSimpleApplication@664843e3
----------------- Done invoking toplevel() on ptolemy.moml.MoMLSimpleApplication@664843e3
reloadAllAccessors: .ContinuousInDEInput3

===========================================================================================
----------------- testing Tue Nov 27 02:51:31 UTC 2018 /home/travis/build/icyphy/ptII/ptolemy/domains/continuous/test/auto/ContinuousInDESharingRefinement.xml
----------------- Instantiating /home/travis/build/icyphy/ptII/ptolemy/domains/continuous/test/auto/ContinuousInDESharingRefinement.xml
155 ms. Memory: 872960K Free: 787990K (90%)
----------------- Invoking toplevel() on ptolemy.moml.MoMLSimpleApplication@3c551cef
----------------- Done invoking toplevel() on ptolemy.moml.MoMLSimpleApplication@3c551cef
reloadAllAccessors: .ContinuousInDESharingRefinement

===========================================================================================
----------------- testing Tue Nov 27 02:51:31 UTC 2018 /home/travis/build/icyphy/ptII/ptolemy/domains/continuous/test/auto/ContinuousInDEwithNoPorts.xml
----------------- Instantiating /home/travis/build/icyphy/ptII/ptolemy/domains/continuous/test/auto/ContinuousInDEwithNoPorts.xml
5 ms. Memory: 872960K Free: 775148K (89%)
----------------- Invoking toplevel() on ptolemy.moml.MoMLSimpleApplication@35d1617e
----------------- Done invoking toplevel() on ptolemy.moml.MoMLSimpleApplication@35d1617e
reloadAllAccessors: .ContinuousInDEwithNoPorts

===========================================================================================
----------------- testing Tue Nov 27 02:51:31 UTC 2018 /home/travis/build/icyphy/ptII/ptolemy/domains/continuous/test/auto/ContinuousInsideDE.xml
----------------- Instantiating /home/travis/build/icyphy/ptII/ptolemy/domains/continuous/test/auto/ContinuousInsideDE.xml
47 ms. Memory: 872960K Free: 755525K (87%)
----------------- Invoking toplevel() on ptolemy.moml.MoMLSimpleApplication@147e5cd
----------------- Done invoking toplevel() on ptolemy.moml.MoMLSimpleApplication@147e5cd
reloadAllAccessors: .ContinuousInsideDE

===========================================================================================
----------------- testing Tue Nov 27 02:51:31 UTC 2018 /home/travis/build/icyphy/ptII/ptolemy/domains/continuous/test/auto/ContinuousMerge1.xml
----------------- Instantiating /home/travis/build/icyphy/ptII/ptolemy/domains/continuous/test/auto/ContinuousMerge1.xml
2 ms. Memory: 872960K Free: 745352K (85%)
----------------- Invoking toplevel() on ptolemy.moml.MoMLSimpleApplication@7330a753
----------------- Done invoking toplevel() on ptolemy.moml.MoMLSimpleApplication@7330a753
reloadAllAccessors: .ContinuousMerge1

===========================================================================================
----------------- testing Tue Nov 27 02:51:31 UTC 2018 /home/travis/build/icyphy/ptII/ptolemy/domains/continuous/test/auto/ContinuousMerge2.xml
----------------- Instantiating /home/travis/build/icyphy/ptII/ptolemy/domains/continuous/test/auto/ContinuousMerge2.xml
12 ms. Memory: 872960K Free: 729475K (84%)
----------------- Invoking toplevel() on ptolemy.moml.MoMLSimpleApplication@5b899774
----------------- Done invoking toplevel() on ptolemy.moml.MoMLSimpleApplication@5b899774
reloadAllAccessors: .ContinuousMerge2

===========================================================================================
----------------- testing Tue Nov 27 02:51:31 UTC 2018 /home/travis/build/icyphy/ptII/ptolemy/domains/continuous/test/auto/ContinuousMerge3.xml
----------------- Instantiating /home/travis/build/icyphy/ptII/ptolemy/domains/continuous/test/auto/ContinuousMerge3.xml
49 ms. Memory: 872960K Free: 713761K (82%)
----------------- Invoking toplevel() on ptolemy.moml.MoMLSimpleApplication@1fef04ba
----------------- Done invoking toplevel() on ptolemy.moml.MoMLSimpleApplication@1fef04ba
reloadAllAccessors: .ContinuousMerge3

===========================================================================================
----------------- testing Tue Nov 27 02:51:31 UTC 2018 /home/travis/build/icyphy/ptII/ptolemy/domains/continuous/test/auto/ContinuousWithinContinuous.xml
----------------- Instantiating /home/travis/build/icyphy/ptII/ptolemy/domains/continuous/test/auto/ContinuousWithinContinuous.xml
36 ms. Memory: 872960K Free: 695722K (80%)
----------------- Invoking toplevel() on ptolemy.moml.MoMLSimpleApplication@24d42cc3
----------------- Done invoking toplevel() on ptolemy.moml.MoMLSimpleApplication@24d42cc3
reloadAllAccessors: .ContinuousWithinContinuous

===========================================================================================
----------------- testing Tue Nov 27 02:51:31 UTC 2018 /home/travis/build/icyphy/ptII/ptolemy/domains/continuous/test/auto/ContinuousWithinContinuous2.xml
----------------- Instantiating /home/travis/build/icyphy/ptII/ptolemy/domains/continuous/test/auto/ContinuousWithinContinuous2.xml
66 ms. Memory: 872960K Free: 683948K (78%)
----------------- Invoking toplevel() on ptolemy.moml.MoMLSimpleApplication@46807d58
----------------- Done invoking toplevel() on ptolemy.moml.MoMLSimpleApplication@46807d58
reloadAllAccessors: .ContinuousWithinContinuous2

===========================================================================================
----------------- testing Tue Nov 27 02:51:31 UTC 2018 /home/travis/build/icyphy/ptII/ptolemy/domains/continuous/test/auto/ContinuousWithinContinuous3.xml
----------------- Instantiating /home/travis/build/icyphy/ptII/ptolemy/domains/continuous/test/auto/ContinuousWithinContinuous3.xml
12 ms. Memory: 872960K Free: 672159K (77%)
----------------- Invoking toplevel() on ptolemy.moml.MoMLSimpleApplication@7ec322e3
----------------- Done invoking toplevel() on ptolemy.moml.MoMLSimpleApplication@7ec322e3
reloadAllAccessors: .ContinuousWithinContinuous3

===========================================================================================
----------------- testing Tue Nov 27 02:51:31 UTC 2018 /home/travis/build/icyphy/ptII/ptolemy/domains/continuous/test/auto/ContinuousWithinContinuous4.xml
----------------- Instantiating /home/travis/build/icyphy/ptII/ptolemy/domains/continuous/test/auto/ContinuousWithinContinuous4.xml
98 ms. Memory: 872960K Free: 650212K (74%)
----------------- Invoking toplevel() on ptolemy.moml.MoMLSimpleApplication@4b0f82ba
----------------- Done invoking toplevel() on ptolemy.moml.MoMLSimpleApplication@4b0f82ba
reloadAllAccessors: .ContinuousWithinContinuous4

===========================================================================================
----------------- testing Tue Nov 27 02:51:31 UTC 2018 /home/travis/build/icyphy/ptII/ptolemy/domains/continuous/test/auto/ContinuousWithinContinuous5.xml
----------------- Instantiating /home/travis/build/icyphy/ptII/ptolemy/domains/continuous/test/auto/ContinuousWithinContinuous5.xml
10 ms. Memory: 872960K Free: 638423K (73%)
----------------- Invoking toplevel() on ptolemy.moml.MoMLSimpleApplication@162e6905
----------------- Done invoking toplevel() on ptolemy.moml.MoMLSimpleApplication@162e6905
reloadAllAccessors: .ContinuousWithinContinuous5

===========================================================================================
----------------- testing Tue Nov 27 02:51:31 UTC 2018 /home/travis/build/icyphy/ptII/ptolemy/domains/continuous/test/auto/ContinuousWithinContinuous6.xml
----------------- Instantiating /home/travis/build/icyphy/ptII/ptolemy/domains/continuous/test/auto/ContinuousWithinContinuous6.xml
14 ms. Memory: 872960K Free: 626649K (72%)
----------------- Invoking toplevel() on ptolemy.moml.MoMLSimpleApplication@49c516c9
----------------- Done invoking toplevel() on ptolemy.moml.MoMLSimpleApplication@49c516c9
reloadAllAccessors: .ContinuousWithinContinuous6

===========================================================================================
----------------- testing Tue Nov 27 02:51:31 UTC 2018 /home/travis/build/icyphy/ptII/ptolemy/domains/continuous/test/auto/ContinuousWithinContinuous7.xml
----------------- Instantiating /home/travis/build/icyphy/ptII/ptolemy/domains/continuous/test/auto/ContinuousWithinContinuous7.xml
51 ms. Memory: 872960K Free: 612551K (70%)
----------------- Invoking toplevel() on ptolemy.moml.MoMLSimpleApplication@3cac4771
----------------- Done invoking toplevel() on ptolemy.moml.MoMLSimpleApplication@3cac4771
reloadAllAccessors: .ContinuousWithinContinuous7

===========================================================================================
----------------- testing Tue Nov 27 02:51:32 UTC 2018 /home/travis/build/icyphy/ptII/ptolemy/domains/continuous/test/auto/DCMotor.xml
----------------- Instantiating /home/travis/build/icyphy/ptII/ptolemy/domains/continuous/test/auto/DCMotor.xml
11938 ms. Memory: 734720K Free: 130105K (18%)
----------------- Invoking toplevel() on ptolemy.moml.MoMLSimpleApplication@775f5ec7
----------------- Done invoking toplevel() on ptolemy.moml.MoMLSimpleApplication@775f5ec7
reloadAllAccessors: .DCMotor

===========================================================================================
----------------- testing Tue Nov 27 02:51:44 UTC 2018 /home/travis/build/icyphy/ptII/ptolemy/domains/continuous/test/auto/DEInContinuous.xml
----------------- Instantiating /home/travis/build/icyphy/ptII/ptolemy/domains/continuous/test/auto/DEInContinuous.xml
17 ms. Memory: 734720K Free: 114014K (16%)
----------------- Invoking toplevel() on ptolemy.moml.MoMLSimpleApplication@5b10e8d8
----------------- Done invoking toplevel() on ptolemy.moml.MoMLSimpleApplication@5b10e8d8
reloadAllAccessors: .DEInContinuous

===========================================================================================
----------------- testing Tue Nov 27 02:51:44 UTC 2018 /home/travis/build/icyphy/ptII/ptolemy/domains/continuous/test/auto/DEinContinuous2.xml
----------------- Instantiating /home/travis/build/icyphy/ptII/ptolemy/domains/continuous/test/auto/DEinContinuous2.xml
10 ms. Memory: 734720K Free: 99796K (14%)
----------------- Invoking toplevel() on ptolemy.moml.MoMLSimpleApplication@3c344dae
----------------- Done invoking toplevel() on ptolemy.moml.MoMLSimpleApplication@3c344dae
reloadAllAccessors: .DEinContinuous2

===========================================================================================
----------------- testing Tue Nov 27 02:51:44 UTC 2018 /home/travis/build/icyphy/ptII/ptolemy/domains/continuous/test/auto/Derivative.xml
----------------- Instantiating /home/travis/build/icyphy/ptII/ptolemy/domains/continuous/test/auto/Derivative.xml
170 ms. Memory: 696832K Free: 670282K (96%)
----------------- Invoking toplevel() on ptolemy.moml.MoMLSimpleApplication@732da0fc
----------------- Done invoking toplevel() on ptolemy.moml.MoMLSimpleApplication@732da0fc
reloadAllAccessors: .Derivative2

===========================================================================================
----------------- testing Tue Nov 27 02:51:44 UTC 2018 /home/travis/build/icyphy/ptII/ptolemy/domains/continuous/test/auto/Derivative1.xml
----------------- Instantiating /home/travis/build/icyphy/ptII/ptolemy/domains/continuous/test/auto/Derivative1.xml
15 ms. Memory: 696832K Free: 644953K (93%)
----------------- Invoking toplevel() on ptolemy.moml.MoMLSimpleApplication@5c328184
----------------- Done invoking toplevel() on ptolemy.moml.MoMLSimpleApplication@5c328184
reloadAllAccessors: .Derivative1

===========================================================================================
----------------- testing Tue Nov 27 02:51:44 UTC 2018 /home/travis/build/icyphy/ptII/ptolemy/domains/continuous/test/auto/DiscreteClock.xml
----------------- Instantiating /home/travis/build/icyphy/ptII/ptolemy/domains/continuous/test/auto/DiscreteClock.xml
3 ms. Memory: 696832K Free: 635937K (91%)
----------------- Invoking toplevel() on ptolemy.moml.MoMLSimpleApplication@67a1ad08
----------------- Done invoking toplevel() on ptolemy.moml.MoMLSimpleApplication@67a1ad08
reloadAllAccessors: .DiscreteClock

===========================================================================================
----------------- testing Tue Nov 27 02:51:44 UTC 2018 /home/travis/build/icyphy/ptII/ptolemy/domains/continuous/test/auto/EfficiencyCurve.xml
----------------- Instantiating /home/travis/build/icyphy/ptII/ptolemy/domains/continuous/test/auto/EfficiencyCurve.xml
76 ms. Memory: 696832K Free: 618706K (89%)
----------------- Invoking toplevel() on ptolemy.moml.MoMLSimpleApplication@688f858b
----------------- Done invoking toplevel() on ptolemy.moml.MoMLSimpleApplication@688f858b
reloadAllAccessors: .EfficiencyCurve

===========================================================================================
----------------- testing Tue Nov 27 02:51:44 UTC 2018 /home/travis/build/icyphy/ptII/ptolemy/domains/continuous/test/auto/ExponentialResponse.xml
----------------- Instantiating /home/travis/build/icyphy/ptII/ptolemy/domains/continuous/test/auto/ExponentialResponse.xml
97 ms. Memory: 696832K Free: 597392K (86%)
----------------- Invoking toplevel() on ptolemy.moml.MoMLSimpleApplication@640a52f2
----------------- Done invoking toplevel() on ptolemy.moml.MoMLSimpleApplication@640a52f2
reloadAllAccessors: .ExponentialResponse

===========================================================================================
----------------- testing Tue Nov 27 02:51:44 UTC 2018 /home/travis/build/icyphy/ptII/ptolemy/domains/continuous/test/auto/ExponentialResponseRK45.xml
----------------- Instantiating /home/travis/build/icyphy/ptII/ptolemy/domains/continuous/test/auto/ExponentialResponseRK45.xml
24 ms. Memory: 696832K Free: 588376K (84%)
----------------- Invoking toplevel() on ptolemy.moml.MoMLSimpleApplication@f13c1ea
----------------- Done invoking toplevel() on ptolemy.moml.MoMLSimpleApplication@f13c1ea
reloadAllAccessors: .ExponentialResponseRK45

===========================================================================================
----------------- testing Tue Nov 27 02:51:44 UTC 2018 /home/travis/build/icyphy/ptII/ptolemy/domains/continuous/test/auto/Friction.xml
----------------- Instantiating /home/travis/build/icyphy/ptII/ptolemy/domains/continuous/test/auto/Friction.xml
1334 ms. Memory: 696832K Free: 156285K (22%)
----------------- Invoking toplevel() on ptolemy.moml.MoMLSimpleApplication@5898fd32
----------------- Done invoking toplevel() on ptolemy.moml.MoMLSimpleApplication@5898fd32
reloadAllAccessors: .Friction

===========================================================================================
----------------- testing Tue Nov 27 02:51:46 UTC 2018 /home/travis/build/icyphy/ptII/ptolemy/domains/continuous/test/auto/FurutaPendulum.xml
----------------- Instantiating /home/travis/build/icyphy/ptII/ptolemy/domains/continuous/test/auto/FurutaPendulum.xml
3154 ms. Memory: 670208K Free: 236555K (35%)
----------------- Invoking toplevel() on ptolemy.moml.MoMLSimpleApplication@4b75108c
----------------- Done invoking toplevel() on ptolemy.moml.MoMLSimpleApplication@4b75108c
reloadAllAccessors: .FurutaPendulum

===========================================================================================
----------------- testing Tue Nov 27 02:51:49 UTC 2018 /home/travis/build/icyphy/ptII/ptolemy/domains/continuous/test/auto/HierarchicalExecution.xml
----------------- Instantiating /home/travis/build/icyphy/ptII/ptolemy/domains/continuous/test/auto/HierarchicalExecution.xml
1821 ms. Memory: 646656K Free: 496626K (77%)
----------------- Invoking toplevel() on ptolemy.moml.MoMLSimpleApplication@1eda5647
----------------- Done invoking toplevel() on ptolemy.moml.MoMLSimpleApplication@1eda5647
reloadAllAccessors: .HierarchicalExecution

===========================================================================================
----------------- testing Tue Nov 27 02:51:51 UTC 2018 /home/travis/build/icyphy/ptII/ptolemy/domains/continuous/test/auto/HybridPlant.xml
----------------- Instantiating /home/travis/build/icyphy/ptII/ptolemy/domains/continuous/test/auto/HybridPlant.xml
627 ms. Memory: 646656K Free: 221288K (34%)
----------------- Invoking toplevel() on ptolemy.moml.MoMLSimpleApplication@741a262f
----------------- Done invoking toplevel() on ptolemy.moml.MoMLSimpleApplication@741a262f
reloadAllAccessors: .HybridPlant

===========================================================================================
----------------- testing Tue Nov 27 02:51:52 UTC 2018 /home/travis/build/icyphy/ptII/ptolemy/domains/continuous/test/auto/Hysteresis.xml
----------------- Instantiating /home/travis/build/icyphy/ptII/ptolemy/domains/continuous/test/auto/Hysteresis.xml
193 ms. Memory: 646656K Free: 156254K (24%)
----------------- Invoking toplevel() on ptolemy.moml.MoMLSimpleApplication@74605d4a
----------------- Done invoking toplevel() on ptolemy.moml.MoMLSimpleApplication@74605d4a
reloadAllAccessors: .Hysteresis

===========================================================================================
----------------- testing Tue Nov 27 02:51:52 UTC 2018 /home/travis/build/icyphy/ptII/ptolemy/domains/continuous/test/auto/HysteresisWithRandomDelay.xml
----------------- Instantiating /home/travis/build/icyphy/ptII/ptolemy/domains/continuous/test/auto/HysteresisWithRandomDelay.xml
220 ms. Memory: 646656K Free: 76875K (12%)
----------------- Invoking toplevel() on ptolemy.moml.MoMLSimpleApplication@12f4ff75
----------------- Done invoking toplevel() on ptolemy.moml.MoMLSimpleApplication@12f4ff75
reloadAllAccessors: .HysteresisWithRandomDelay

===========================================================================================
----------------- testing Tue Nov 27 02:51:52 UTC 2018 /home/travis/build/icyphy/ptII/ptolemy/domains/continuous/test/auto/HysteresisWithRandomLosses.xml
----------------- Instantiating /home/travis/build/icyphy/ptII/ptolemy/domains/continuous/test/auto/HysteresisWithRandomLosses.xml
2345 ms. Memory: 589824K Free: 345713K (59%)
----------------- Invoking toplevel() on ptolemy.moml.MoMLSimpleApplication@3fe0b4ad
----------------- Done invoking toplevel() on ptolemy.moml.MoMLSimpleApplication@3fe0b4ad
reloadAllAccessors: .HysteresisWithRandomLosses

===========================================================================================
----------------- testing Tue Nov 27 02:51:55 UTC 2018 /home/travis/build/icyphy/ptII/ptolemy/domains/continuous/test/auto/ImmediateTransitions.xml
----------------- Instantiating /home/travis/build/icyphy/ptII/ptolemy/domains/continuous/test/auto/ImmediateTransitions.xml
10 ms. Memory: 589824K Free: 330300K (56%)
----------------- Invoking toplevel() on ptolemy.moml.MoMLSimpleApplication@14603a72
----------------- Done invoking toplevel() on ptolemy.moml.MoMLSimpleApplication@14603a72
reloadAllAccessors: .ImmediateTransitions

===========================================================================================
----------------- testing Tue Nov 27 02:51:55 UTC 2018 /home/travis/build/icyphy/ptII/ptolemy/domains/continuous/test/auto/ImpulseFeedback.xml
----------------- Instantiating /home/travis/build/icyphy/ptII/ptolemy/domains/continuous/test/auto/ImpulseFeedback.xml
7 ms. Memory: 589824K Free: 319234K (54%)
----------------- Invoking toplevel() on ptolemy.moml.MoMLSimpleApplication@24057802
----------------- Done invoking toplevel() on ptolemy.moml.MoMLSimpleApplication@24057802
reloadAllAccessors: .ImpulseFeedback

===========================================================================================
----------------- testing Tue Nov 27 02:51:55 UTC 2018 /home/travis/build/icyphy/ptII/ptolemy/domains/continuous/test/auto/ImpulseFeedback2.xml
----------------- Instantiating /home/travis/build/icyphy/ptII/ptolemy/domains/continuous/test/auto/ImpulseFeedback2.xml
8 ms. Memory: 589824K Free: 308175K (52%)
----------------- Invoking toplevel() on ptolemy.moml.MoMLSimpleApplication@88d38c3
----------------- Done invoking toplevel() on ptolemy.moml.MoMLSimpleApplication@88d38c3
reloadAllAccessors: .ImpulseFeedback2

===========================================================================================
----------------- testing Tue Nov 27 02:51:55 UTC 2018 /home/travis/build/icyphy/ptII/ptolemy/domains/continuous/test/auto/IncreasingRatePoisson.xml
----------------- Instantiating /home/travis/build/icyphy/ptII/ptolemy/domains/continuous/test/auto/IncreasingRatePoisson.xml
771 ms. Memory: 564736K Free: 458729K (81%)
----------------- Invoking toplevel() on ptolemy.moml.MoMLSimpleApplication@7698259c
----------------- Done invoking toplevel() on ptolemy.moml.MoMLSimpleApplication@7698259c
reloadAllAccessors: .IncreasingRatePoisson

===========================================================================================
----------------- testing Tue Nov 27 02:51:56 UTC 2018 /home/travis/build/icyphy/ptII/ptolemy/domains/continuous/test/auto/InitialStateFeedback.xml
----------------- Instantiating /home/travis/build/icyphy/ptII/ptolemy/domains/continuous/test/auto/InitialStateFeedback.xml
3 ms. Memory: 564736K Free: 449641K (80%)
----------------- Invoking toplevel() on ptolemy.moml.MoMLSimpleApplication@1b24478b
----------------- Done invoking toplevel() on ptolemy.moml.MoMLSimpleApplication@1b24478b
reloadAllAccessors: .InitialStateFeedback

===========================================================================================
----------------- testing Tue Nov 27 02:51:56 UTC 2018 /home/travis/build/icyphy/ptII/ptolemy/domains/continuous/test/auto/Integration.xml
----------------- Instantiating /home/travis/build/icyphy/ptII/ptolemy/domains/continuous/test/auto/Integration.xml
2 ms. Memory: 564736K Free: 442389K (78%)
----------------- Invoking toplevel() on ptolemy.moml.MoMLSimpleApplication@52520949
----------------- Done invoking toplevel() on ptolemy.moml.MoMLSimpleApplication@52520949
reloadAllAccessors: .Integration

===========================================================================================
----------------- testing Tue Nov 27 02:51:56 UTC 2018 /home/travis/build/icyphy/ptII/ptolemy/domains/continuous/test/auto/Integration2.xml
----------------- Instantiating /home/travis/build/icyphy/ptII/ptolemy/domains/continuous/test/auto/Integration2.xml
77 ms. Memory: 564736K Free: 422249K (75%)
----------------- Invoking toplevel() on ptolemy.moml.MoMLSimpleApplication@4455d166
----------------- Done invoking toplevel() on ptolemy.moml.MoMLSimpleApplication@4455d166
reloadAllAccessors: .Integration2

===========================================================================================
----------------- testing Tue Nov 27 02:51:56 UTC 2018 /home/travis/build/icyphy/ptII/ptolemy/domains/continuous/test/auto/Integration3.xml
----------------- Instantiating /home/travis/build/icyphy/ptII/ptolemy/domains/continuous/test/auto/Integration3.xml
2 ms. Memory: 564736K Free: 414836K (73%)
----------------- Invoking toplevel() on ptolemy.moml.MoMLSimpleApplication@6e47ef00
----------------- Done invoking toplevel() on ptolemy.moml.MoMLSimpleApplication@6e47ef00
reloadAllAccessors: .Integration3

===========================================================================================
----------------- testing Tue Nov 27 02:51:56 UTC 2018 /home/travis/build/icyphy/ptII/ptolemy/domains/continuous/test/auto/Integration5.xml
----------------- Instantiating /home/travis/build/icyphy/ptII/ptolemy/domains/continuous/test/auto/Integration5.xml
2 ms. Memory: 564736K Free: 407584K (72%)
----------------- Invoking toplevel() on ptolemy.moml.MoMLSimpleApplication@f1ecc36
----------------- Done invoking toplevel() on ptolemy.moml.MoMLSimpleApplication@f1ecc36
reloadAllAccessors: .Integration5

===========================================================================================
----------------- testing Tue Nov 27 02:51:56 UTC 2018 /home/travis/build/icyphy/ptII/ptolemy/domains/continuous/test/auto/IntegratorImpulse.xml
----------------- Instantiating /home/travis/build/icyphy/ptII/ptolemy/domains/continuous/test/auto/IntegratorImpulse.xml
2 ms. Memory: 564736K Free: 400333K (71%)
----------------- Invoking toplevel() on ptolemy.moml.MoMLSimpleApplication@7d60bd46
----------------- Done invoking toplevel() on ptolemy.moml.MoMLSimpleApplication@7d60bd46
reloadAllAccessors: .IntegratorImpulse

===========================================================================================
----------------- testing Tue Nov 27 02:51:56 UTC 2018 /home/travis/build/icyphy/ptII/ptolemy/domains/continuous/test/auto/IntegratorImpulse2.xml
----------------- Instantiating /home/travis/build/icyphy/ptII/ptolemy/domains/continuous/test/auto/IntegratorImpulse2.xml
4 ms. Memory: 564736K Free: 392920K (70%)
----------------- Invoking toplevel() on ptolemy.moml.MoMLSimpleApplication@2bbce01d
----------------- Done invoking toplevel() on ptolemy.moml.MoMLSimpleApplication@2bbce01d
reloadAllAccessors: .IntegratorImpulse2

===========================================================================================
----------------- testing Tue Nov 27 02:51:56 UTC 2018 /home/travis/build/icyphy/ptII/ptolemy/domains/continuous/test/auto/LevelCrossing1.xml
----------------- Instantiating /home/travis/build/icyphy/ptII/ptolemy/domains/continuous/test/auto/LevelCrossing1.xml
5 ms. Memory: 564736K Free: 382431K (68%)
----------------- Invoking toplevel() on ptolemy.moml.MoMLSimpleApplication@4241079b
----------------- Done invoking toplevel() on ptolemy.moml.MoMLSimpleApplication@4241079b
reloadAllAccessors: .LevelCrossing1

===========================================================================================
----------------- testing Tue Nov 27 02:51:56 UTC 2018 /home/travis/build/icyphy/ptII/ptolemy/domains/continuous/test/auto/LevelCrossing2.xml
----------------- Instantiating /home/travis/build/icyphy/ptII/ptolemy/domains/continuous/test/auto/LevelCrossing2.xml
3 ms. Memory: 564736K Free: 371941K (66%)
----------------- Invoking toplevel() on ptolemy.moml.MoMLSimpleApplication@73df70af
----------------- Done invoking toplevel() on ptolemy.moml.MoMLSimpleApplication@73df70af
reloadAllAccessors: .LevelCrossing2

===========================================================================================
----------------- testing Tue Nov 27 02:51:56 UTC 2018 /home/travis/build/icyphy/ptII/ptolemy/domains/continuous/test/auto/LevelCrossing3.xml
----------------- Instantiating /home/travis/build/icyphy/ptII/ptolemy/domains/continuous/test/auto/LevelCrossing3.xml
2 ms. Memory: 564736K Free: 361290K (64%)
----------------- Invoking toplevel() on ptolemy.moml.MoMLSimpleApplication@2c6e85d0
----------------- Done invoking toplevel() on ptolemy.moml.MoMLSimpleApplication@2c6e85d0
reloadAllAccessors: .LevelCrossing3

===========================================================================================
----------------- testing Tue Nov 27 02:51:56 UTC 2018 /home/travis/build/icyphy/ptII/ptolemy/domains/continuous/test/auto/LevelCrossing4.xml
----------------- Instantiating /home/travis/build/icyphy/ptII/ptolemy/domains/continuous/test/auto/LevelCrossing4.xml
3 ms. Memory: 564736K Free: 350800K (62%)
----------------- Invoking toplevel() on ptolemy.moml.MoMLSimpleApplication@45c1c09e
----------------- Done invoking toplevel() on ptolemy.moml.MoMLSimpleApplication@45c1c09e
reloadAllAccessors: .LevelCrossing4

===========================================================================================
----------------- testing Tue Nov 27 02:51:56 UTC 2018 /home/travis/build/icyphy/ptII/ptolemy/domains/continuous/test/auto/LevelCrossing5.xml
----------------- Instantiating /home/travis/build/icyphy/ptII/ptolemy/domains/continuous/test/auto/LevelCrossing5.xml
4 ms. Memory: 564736K Free: 340320K (60%)
----------------- Invoking toplevel() on ptolemy.moml.MoMLSimpleApplication@6db7ac7a
----------------- Done invoking toplevel() on ptolemy.moml.MoMLSimpleApplication@6db7ac7a
reloadAllAccessors: .LevelCrossing5

===========================================================================================
[...]
11 ms. Memory: 500224K Free: 86847K (17%)
----------------- Invoking toplevel() on ptolemy.moml.MoMLSimpleApplication@2334dac1
----------------- Done invoking toplevel() on ptolemy.moml.MoMLSimpleApplication@2334dac1
reloadAllAccessors: .ResetTransitionWithStartTime6

===========================================================================================
----------------- testing Tue Nov 27 02:52:14 UTC 2018 /home/travis/build/icyphy/ptII/ptolemy/domains/continuous/test/auto/SRinContinuous.xml
----------------- Instantiating /home/travis/build/icyphy/ptII/ptolemy/domains/continuous/test/auto/SRinContinuous.xml
5 ms. Memory: 500224K Free: 75636K (15%)
----------------- Invoking toplevel() on ptolemy.moml.MoMLSimpleApplication@5e763923
----------------- Done invoking toplevel() on ptolemy.moml.MoMLSimpleApplication@5e763923
reloadAllAccessors: .SRinContinuous

===========================================================================================
----------------- testing Tue Nov 27 02:52:14 UTC 2018 /home/travis/build/icyphy/ptII/ptolemy/domains/continuous/test/auto/SampledClocks.xml
----------------- Instantiating /home/travis/build/icyphy/ptII/ptolemy/domains/continuous/test/auto/SampledClocks.xml
7 ms. Memory: 500224K Free: 64335K (13%)
----------------- Invoking toplevel() on ptolemy.moml.MoMLSimpleApplication@5832b2a1
----------------- Done invoking toplevel() on ptolemy.moml.MoMLSimpleApplication@5832b2a1
reloadAllAccessors: .SampledClocks

===========================================================================================
----------------- testing Tue Nov 27 02:52:14 UTC 2018 /home/travis/build/icyphy/ptII/ptolemy/domains/continuous/test/auto/Satellite.xml
----------------- Instantiating /home/travis/build/icyphy/ptII/ptolemy/domains/continuous/test/auto/Satellite.xml
911 ms. Memory: 474624K Free: 269995K (57%)
----------------- Invoking toplevel() on ptolemy.moml.MoMLSimpleApplication@437448bb
----------------- Done invoking toplevel() on ptolemy.moml.MoMLSimpleApplication@437448bb
reloadAllAccessors: .Satellite

===========================================================================================
----------------- testing Tue Nov 27 02:52:15 UTC 2018 /home/travis/build/icyphy/ptII/ptolemy/domains/continuous/test/auto/SigmaDelta.xml
----------------- Instantiating /home/travis/build/icyphy/ptII/ptolemy/domains/continuous/test/auto/SigmaDelta.xml
2323 ms. Memory: 462848K Free: 270049K (58%)
----------------- Invoking toplevel() on ptolemy.moml.MoMLSimpleApplication@59634268
----------------- Done invoking toplevel() on ptolemy.moml.MoMLSimpleApplication@59634268
reloadAllAccessors: .SigmaDelta

===========================================================================================
----------------- testing Tue Nov 27 02:52:17 UTC 2018 /home/travis/build/icyphy/ptII/ptolemy/domains/continuous/test/auto/SingleRefinement.xml
----------------- Instantiating /home/travis/build/icyphy/ptII/ptolemy/domains/continuous/test/auto/SingleRefinement.xml
295 ms. Memory: 462848K Free: 83101K (18%)
----------------- Invoking toplevel() on ptolemy.moml.MoMLSimpleApplication@5767c7f8
----------------- Done invoking toplevel() on ptolemy.moml.MoMLSimpleApplication@5767c7f8
reloadAllAccessors: .SingleRefinement

===========================================================================================
----------------- testing Tue Nov 27 02:52:18 UTC 2018 /home/travis/build/icyphy/ptII/ptolemy/domains/continuous/test/auto/SinuBouncingBall.xml
----------------- Instantiating /home/travis/build/icyphy/ptII/ptolemy/domains/continuous/test/auto/SinuBouncingBall.xml
855 ms. Memory: 551424K Free: 321296K (58%)
----------------- Invoking toplevel() on ptolemy.moml.MoMLSimpleApplication@55f9f3d9
----------------- Done invoking toplevel() on ptolemy.moml.MoMLSimpleApplication@55f9f3d9
reloadAllAccessors: .SinuBouncingBall

===========================================================================================
----------------- testing Tue Nov 27 02:52:19 UTC 2018 /home/travis/build/icyphy/ptII/ptolemy/domains/continuous/test/auto/Sinusoid.xml
----------------- Instantiating /home/travis/build/icyphy/ptII/ptolemy/domains/continuous/test/auto/Sinusoid.xml
5 ms. Memory: 551424K Free: 311653K (57%)
----------------- Invoking toplevel() on ptolemy.moml.MoMLSimpleApplication@7b1257b
----------------- Done invoking toplevel() on ptolemy.moml.MoMLSimpleApplication@7b1257b
reloadAllAccessors: .Sinusoid

===========================================================================================
----------------- testing Tue Nov 27 02:52:19 UTC 2018 /home/travis/build/icyphy/ptII/ptolemy/domains/continuous/test/auto/SinusoidInNoise.xml
----------------- Instantiating /home/travis/build/icyphy/ptII/ptolemy/domains/continuous/test/auto/SinusoidInNoise.xml
1037 ms. Memory: 551424K Free: 111607K (20%)
----------------- Invoking toplevel() on ptolemy.moml.MoMLSimpleApplication@4b330f2a
----------------- Done invoking toplevel() on ptolemy.moml.MoMLSimpleApplication@4b330f2a
reloadAllAccessors: .SinusoidInNoise

===========================================================================================
----------------- testing Tue Nov 27 02:52:20 UTC 2018 /home/travis/build/icyphy/ptII/ptolemy/domains/continuous/test/auto/SinusoidRK45.xml
----------------- Instantiating /home/travis/build/icyphy/ptII/ptolemy/domains/continuous/test/auto/SinusoidRK45.xml
2 ms. Memory: 551424K Free: 103647K (19%)
----------------- Invoking toplevel() on ptolemy.moml.MoMLSimpleApplication@2641a900
----------------- Done invoking toplevel() on ptolemy.moml.MoMLSimpleApplication@2641a900
reloadAllAccessors: .SinusoidRK45

===========================================================================================
----------------- testing Tue Nov 27 02:52:20 UTC 2018 /home/travis/build/icyphy/ptII/ptolemy/domains/continuous/test/auto/SinusoidWithMultipleImpulses.xml
----------------- Instantiating /home/travis/build/icyphy/ptII/ptolemy/domains/continuous/test/auto/SinusoidWithMultipleImpulses.xml
3 ms. Memory: 551424K Free: 95698K (17%)
----------------- Invoking toplevel() on ptolemy.moml.MoMLSimpleApplication@dc99406
----------------- Done invoking toplevel() on ptolemy.moml.MoMLSimpleApplication@dc99406
reloadAllAccessors: .SinusoidWithMultipleImpulses

===========================================================================================
----------------- testing Tue Nov 27 02:52:20 UTC 2018 /home/travis/build/icyphy/ptII/ptolemy/domains/continuous/test/auto/SquareWave.xml
----------------- Instantiating /home/travis/build/icyphy/ptII/ptolemy/domains/continuous/test/auto/SquareWave.xml
175 ms. Memory: 551424K Free: 66650K (12%)
----------------- Invoking toplevel() on ptolemy.moml.MoMLSimpleApplication@490bc098
----------------- Done invoking toplevel() on ptolemy.moml.MoMLSimpleApplication@490bc098
reloadAllAccessors: .SquareWave

===========================================================================================
----------------- testing Tue Nov 27 02:52:20 UTC 2018 /home/travis/build/icyphy/ptII/ptolemy/domains/continuous/test/auto/Starmac.xml
----------------- Instantiating /home/travis/build/icyphy/ptII/ptolemy/domains/continuous/test/auto/Starmac.xml
3070 ms. Memory: 669184K Free: 279650K (42%)
----------------- Invoking toplevel() on ptolemy.moml.MoMLSimpleApplication@530cf60b
----------------- Done invoking toplevel() on ptolemy.moml.MoMLSimpleApplication@530cf60b
reloadAllAccessors: .Starmac

===========================================================================================
----------------- testing Tue Nov 27 02:52:24 UTC 2018 /home/travis/build/icyphy/ptII/ptolemy/domains/continuous/test/auto/StaticUnits.xml
----------------- Instantiating /home/travis/build/icyphy/ptII/ptolemy/domains/continuous/test/auto/StaticUnits.xml
2176 ms. Memory: 646656K Free: 385620K (60%)
----------------- Invoking toplevel() on ptolemy.moml.MoMLSimpleApplication@6b855e1f
----------------- Done invoking toplevel() on ptolemy.moml.MoMLSimpleApplication@6b855e1f
reloadAllAccessors: .StaticUnits

===========================================================================================
----------------- testing Tue Nov 27 02:52:26 UTC 2018 /home/travis/build/icyphy/ptII/ptolemy/domains/continuous/test/auto/StickyMasses.xml
----------------- Instantiating /home/travis/build/icyphy/ptII/ptolemy/domains/continuous/test/auto/StickyMasses.xml
145 ms. Memory: 646656K Free: 326098K (50%)
----------------- Invoking toplevel() on ptolemy.moml.MoMLSimpleApplication@205ca05f
----------------- Done invoking toplevel() on ptolemy.moml.MoMLSimpleApplication@205ca05f
reloadAllAccessors: .StickyMasses

===========================================================================================
----------------- testing Tue Nov 27 02:52:26 UTC 2018 /home/travis/build/icyphy/ptII/ptolemy/domains/continuous/test/auto/StopTime.xml
----------------- Instantiating /home/travis/build/icyphy/ptII/ptolemy/domains/continuous/test/auto/StopTime.xml
55 ms. Memory: 646656K Free: 297230K (46%)
----------------- Invoking toplevel() on ptolemy.moml.MoMLSimpleApplication@ab9eadc
----------------- Done invoking toplevel() on ptolemy.moml.MoMLSimpleApplication@ab9eadc
reloadAllAccessors: .StopTime

===========================================================================================
----------------- testing Tue Nov 27 02:52:27 UTC 2018 /home/travis/build/icyphy/ptII/ptolemy/domains/continuous/test/auto/StopTime2.xml
----------------- Instantiating /home/travis/build/icyphy/ptII/ptolemy/domains/continuous/test/auto/StopTime2.xml
33 ms. Memory: 646656K Free: 271069K (42%)
----------------- Invoking toplevel() on ptolemy.moml.MoMLSimpleApplication@357546ec
----------------- Done invoking toplevel() on ptolemy.moml.MoMLSimpleApplication@357546ec
reloadAllAccessors: .StopTime2

===========================================================================================
----------------- testing Tue Nov 27 02:52:27 UTC 2018 /home/travis/build/icyphy/ptII/ptolemy/domains/continuous/test/auto/Switch.xml
----------------- Instantiating /home/travis/build/icyphy/ptII/ptolemy/domains/continuous/test/auto/Switch.xml
40 ms. Memory: 646656K Free: 242161K (37%)
----------------- Invoking toplevel() on ptolemy.moml.MoMLSimpleApplication@12c6a6f4
----------------- Done invoking toplevel() on ptolemy.moml.MoMLSimpleApplication@12c6a6f4
reloadAllAccessors: .Switch

===========================================================================================
----------------- testing Tue Nov 27 02:52:27 UTC 2018 /home/travis/build/icyphy/ptII/ptolemy/domains/continuous/test/auto/Thermostat.xml
----------------- Instantiating /home/travis/build/icyphy/ptII/ptolemy/domains/continuous/test/auto/Thermostat.xml
204 ms. Memory: 646656K Free: 162854K (25%)
----------------- Invoking toplevel() on ptolemy.moml.MoMLSimpleApplication@6a453081
----------------- Done invoking toplevel() on ptolemy.moml.MoMLSimpleApplication@6a453081
reloadAllAccessors: .Thermostat

===========================================================================================
----------------- testing Tue Nov 27 02:52:27 UTC 2018 /home/travis/build/icyphy/ptII/ptolemy/domains/continuous/test/auto/TimeDelay.xml
----------------- Instantiating /home/travis/build/icyphy/ptII/ptolemy/domains/continuous/test/auto/TimeDelay.xml
6 ms. Memory: 646656K Free: 153560K (24%)
----------------- Invoking toplevel() on ptolemy.moml.MoMLSimpleApplication@2b7005e1
----------------- Done invoking toplevel() on ptolemy.moml.MoMLSimpleApplication@2b7005e1
reloadAllAccessors: .TimeDelay

===========================================================================================
----------------- testing Tue Nov 27 02:52:27 UTC 2018 /home/travis/build/icyphy/ptII/ptolemy/domains/continuous/test/auto/TimeDelay2.xml
----------------- Instantiating /home/travis/build/icyphy/ptII/ptolemy/domains/continuous/test/auto/TimeDelay2.xml
9 ms. Memory: 646656K Free: 144189K (22%)
----------------- Invoking toplevel() on ptolemy.moml.MoMLSimpleApplication@4abfa807
----------------- Done invoking toplevel() on ptolemy.moml.MoMLSimpleApplication@4abfa807
reloadAllAccessors: .TimeDelay2

===========================================================================================
----------------- testing Tue Nov 27 02:52:27 UTC 2018 /home/travis/build/icyphy/ptII/ptolemy/domains/continuous/test/auto/TimeDelay3.xml
----------------- Instantiating /home/travis/build/icyphy/ptII/ptolemy/domains/continuous/test/auto/TimeDelay3.xml
6 ms. Memory: 646656K Free: 134892K (21%)
----------------- Invoking toplevel() on ptolemy.moml.MoMLSimpleApplication@220ee276
----------------- Done invoking toplevel() on ptolemy.moml.MoMLSimpleApplication@220ee276
reloadAllAccessors: .TimeDelay3

===========================================================================================
----------------- testing Tue Nov 27 02:52:27 UTC 2018 /home/travis/build/icyphy/ptII/ptolemy/domains/continuous/test/auto/TransferAbsentToInside.xml
----------------- Instantiating /home/travis/build/icyphy/ptII/ptolemy/domains/continuous/test/auto/TransferAbsentToInside.xml
27 ms. Memory: 646656K Free: 75079K (12%)
----------------- Invoking toplevel() on ptolemy.moml.MoMLSimpleApplication@39efa22f
----------------- Done invoking toplevel() on ptolemy.moml.MoMLSimpleApplication@39efa22f
reloadAllAccessors: .TransferAbsentToInside

===========================================================================================
----------------- testing Tue Nov 27 02:52:27 UTC 2018 /home/travis/build/icyphy/ptII/ptolemy/domains/continuous/test/auto/Transmission.xml
----------------- Instantiating /home/travis/build/icyphy/ptII/ptolemy/domains/continuous/test/auto/Transmission.xml
745 ms. Memory: 613888K Free: 362892K (59%)
----------------- Invoking toplevel() on ptolemy.moml.MoMLSimpleApplication@45946b2f
----------------- Done invoking toplevel() on ptolemy.moml.MoMLSimpleApplication@45946b2f
reloadAllAccessors: .Transmission

===========================================================================================
----------------- testing Tue Nov 27 02:52:28 UTC 2018 /home/travis/build/icyphy/ptII/ptolemy/domains/continuous/test/auto/TriggeredContinuousClock.xml
----------------- Instantiating /home/travis/build/icyphy/ptII/ptolemy/domains/continuous/test/auto/TriggeredContinuousClock.xml
34 ms. Memory: 613888K Free: 325786K (53%)
----------------- Invoking toplevel() on ptolemy.moml.MoMLSimpleApplication@555a4a75
----------------- Done invoking toplevel() on ptolemy.moml.MoMLSimpleApplication@555a4a75
reloadAllAccessors: .TriggeredContinuousClock

===========================================================================================
----------------- testing Tue Nov 27 02:52:28 UTC 2018 /home/travis/build/icyphy/ptII/ptolemy/domains/continuous/test/auto/TwoMachineInfiniteBusControl.xml
----------------- Instantiating /home/travis/build/icyphy/ptII/ptolemy/domains/continuous/test/auto/TwoMachineInfiniteBusControl.xml
2805 ms. Memory: 589824K Free: 247649K (42%)
----------------- Invoking toplevel() on ptolemy.moml.MoMLSimpleApplication@7bbfee12
----------------- Done invoking toplevel() on ptolemy.moml.MoMLSimpleApplication@7bbfee12
reloadAllAccessors: .TwoMachineInfiniteBusControl

===========================================================================================
----------------- testing Tue Nov 27 02:52:31 UTC 2018 /home/travis/build/icyphy/ptII/ptolemy/domains/continuous/test/auto/V2V.xml
----------------- Instantiating /home/travis/build/icyphy/ptII/ptolemy/domains/continuous/test/auto/V2V.xml
755 ms. Memory: 589824K Free: 51771K (9%)
----------------- Invoking toplevel() on ptolemy.moml.MoMLSimpleApplication@7992a750
----------------- Done invoking toplevel() on ptolemy.moml.MoMLSimpleApplication@7992a750
reloadAllAccessors: .V2V

===========================================================================================
----------------- testing Tue Nov 27 02:52:32 UTC 2018 /home/travis/build/icyphy/ptII/ptolemy/domains/continuous/test/auto/hierarchicalModalModel.xml
----------------- Instantiating /home/travis/build/icyphy/ptII/ptolemy/domains/continuous/test/auto/hierarchicalModalModel.xml
7 ms. Memory: 589824K Free: 33020K (6%)
----------------- Invoking toplevel() on ptolemy.moml.MoMLSimpleApplication@6f2821ba
----------------- Done invoking toplevel() on ptolemy.moml.MoMLSimpleApplication@6f2821ba
reloadAllAccessors: .hierarchicalModalModel

===========================================================================================
----------------- testing Tue Nov 27 02:52:32 UTC 2018 /home/travis/build/icyphy/ptII/ptolemy/domains/continuous/test/auto/hierarchicalModalModel1.xml
----------------- Instantiating /home/travis/build/icyphy/ptII/ptolemy/domains/continuous/test/auto/hierarchicalModalModel1.xml
19 ms. Memory: 589824K Free: 14278K (2%)
----------------- Invoking toplevel() on ptolemy.moml.MoMLSimpleApplication@47eacbd9
----------------- Done invoking toplevel() on ptolemy.moml.MoMLSimpleApplication@47eacbd9
reloadAllAccessors: .hierarchicalModalModel1

===========================================================================================
----------------- testing Tue Nov 27 02:52:32 UTC 2018 /home/travis/build/icyphy/ptII/ptolemy/domains/continuous/test/auto/hierarchicalModalModel2.xml
----------------- Instantiating /home/travis/build/icyphy/ptII/ptolemy/domains/continuous/test/auto/hierarchicalModalModel2.xml
5 ms. Memory: 564736K Free: 477352K (85%)
----------------- Invoking toplevel() on ptolemy.moml.MoMLSimpleApplication@59e0e285
----------------- Done invoking toplevel() on ptolemy.moml.MoMLSimpleApplication@59e0e285
reloadAllAccessors: .hierarchicalModalModel2

===========================================================================================
----------------- testing Tue Nov 27 02:52:32 UTC 2018 /home/travis/build/icyphy/ptII/ptolemy/domains/continuous/test/auto/hierarchicalModalModel3.xml
----------------- Instantiating /home/travis/build/icyphy/ptII/ptolemy/domains/continuous/test/auto/hierarchicalModalModel3.xml
5 ms. Memory: 564736K Free: 464275K (82%)
----------------- Invoking toplevel() on ptolemy.moml.MoMLSimpleApplication@28db685d
----------------- Done invoking toplevel() on ptolemy.moml.MoMLSimpleApplication@28db685d
reloadAllAccessors: .hierarchicalModalModel3

===========================================================================================
----------------- testing Tue Nov 27 02:52:32 UTC 2018 /home/travis/build/icyphy/ptII/ptolemy/domains/continuous/test/auto/hierarchicalModalModel4.xml
----------------- Instantiating /home/travis/build/icyphy/ptII/ptolemy/domains/continuous/test/auto/hierarchicalModalModel4.xml
4 ms. Memory: 564736K Free: 448766K (79%)
----------------- Invoking toplevel() on ptolemy.moml.MoMLSimpleApplication@15c39633
----------------- Done invoking toplevel() on ptolemy.moml.MoMLSimpleApplication@15c39633
reloadAllAccessors: .hierarchicalModalModel4

===========================================================================================
----------------- testing Tue Nov 27 02:52:32 UTC 2018 /home/travis/build/icyphy/ptII/ptolemy/domains/continuous/test/auto/junk.xml
----------------- Instantiating /home/travis/build/icyphy/ptII/ptolemy/domains/continuous/test/auto/junk.xml
148 ms. Memory: 564736K Free: 416416K (74%)
----------------- Invoking toplevel() on ptolemy.moml.MoMLSimpleApplication@210f9dc0
----------------- Done invoking toplevel() on ptolemy.moml.MoMLSimpleApplication@210f9dc0
reloadAllAccessors: .junk
AutoTests.java: About to close Vertx.
AutoTests.java: Vertx closed.
]]></system-out>
  <system-err><![CDATA[Warning: '.Poisson.NonStrictTest' The test produced only 402 tokens, yet the correctValues parameter was expecting 430 tokens.
]]></system-err>
</testsuite>
