<?xml version="1.0" encoding="UTF-8" ?>
<testsuite errors="0" failures="0" hostname="travis-job-2b07e5f4-62e3-46c2-a6d9-6ea9f864f747" name="ptolemy.domains.de.test.junit.JUnitTclTest" skipped="0" tests="101" time="126.867" timestamp="2019-01-17T03:21:12">
  <properties>
[...]
</properties>
  <testcase classname="ptolemy.util.test.junit.TclTests" name="[0] /home/travis/build/icyphy/ptII/ptolemy/domains/de/test/DependencyLoop.tcl (RunTclFile)" time="0.715" />
  <testcase classname="ptolemy.util.test.junit.TclTests" name="[1] /home/travis/build/icyphy/ptII/ptolemy/domains/de/test/RunDETestsAsQSS.tcl (RunTclFile)" time="87.248" />
  <testcase classname="ptolemy.util.test.junit.AutoKnownFailedTests" name="[0] /home/travis/build/icyphy/ptII/ptolemy/domains/de/test/auto/knownFailedTests/DESDFClockTest.xml (RunModel)" time="2.032" />
  <testcase classname="ptolemy.util.test.junit.AutoKnownFailedTests" name="[1] /home/travis/build/icyphy/ptII/ptolemy/domains/de/test/auto/knownFailedTests/DirectFeedback.xml (RunModel)" time="0.012" />
  <testcase classname="ptolemy.util.test.junit.AutoKnownFailedTests" name="[2] /home/travis/build/icyphy/ptII/ptolemy/domains/de/test/auto/knownFailedTests/FSMSource.xml (RunModel)" time="0.023" />
  <testcase classname="ptolemy.util.test.junit.AutoKnownFailedTests" name="[3] /home/travis/build/icyphy/ptII/ptolemy/domains/de/test/auto/knownFailedTests/HierarchicalModel.xml (RunModel)" time="0.047" />
  <testcase classname="ptolemy.util.test.junit.AutoKnownFailedTests" name="[4] /home/travis/build/icyphy/ptII/ptolemy/domains/de/test/auto/knownFailedTests/dependencyLoop.xml (RunModel)" time="0.036" />
  <testcase classname="ptolemy.util.test.junit.AutoKnownFailedTests" name="[5] /home/travis/build/icyphy/ptII/ptolemy/domains/de/test/auto/knownFailedTests/dependencyLoop2.xml (RunModel)" time="0.036" />
  <testcase classname="ptolemy.util.test.junit.AutoNameArchTests" name="[0] ThereAreNoAutoArchTests (RunModel)" time="0.0" />
  <testcase classname="ptolemy.util.test.junit.AutoTests" name="[0] /home/travis/build/icyphy/ptII/ptolemy/domains/de/test/auto/ActorDepthCalculation_actorWithoutPorts.xml (RunModel)" time="0.019" />
  <testcase classname="ptolemy.util.test.junit.AutoTests" name="[1] /home/travis/build/icyphy/ptII/ptolemy/domains/de/test/auto/AssemblyLine.xml (RunModel)" time="0.025" />
  <testcase classname="ptolemy.util.test.junit.AutoTests" name="[2] /home/travis/build/icyphy/ptII/ptolemy/domains/de/test/auto/CQBug1.xml (RunModel)" time="0.01" />
  <testcase classname="ptolemy.util.test.junit.AutoTests" name="[3] /home/travis/build/icyphy/ptII/ptolemy/domains/de/test/auto/CancelFireAt.xml (RunModel)" time="0.01" />
  <testcase classname="ptolemy.util.test.junit.AutoTests" name="[4] /home/travis/build/icyphy/ptII/ptolemy/domains/de/test/auto/CausalityAndComposabilityAnalysis.xml (RunModel)" time="0.011" />
  <testcase classname="ptolemy.util.test.junit.AutoTests" name="[5] /home/travis/build/icyphy/ptII/ptolemy/domains/de/test/auto/CausalityInterface1.xml (RunModel)" time="0.013" />
  <testcase classname="ptolemy.util.test.junit.AutoTests" name="[6] /home/travis/build/icyphy/ptII/ptolemy/domains/de/test/auto/CausalityInterface15.xml (RunModel)" time="0.013" />
  <testcase classname="ptolemy.util.test.junit.AutoTests" name="[7] /home/travis/build/icyphy/ptII/ptolemy/domains/de/test/auto/CausalityInterface2.xml (RunModel)" time="0.011" />
  <testcase classname="ptolemy.util.test.junit.AutoTests" name="[8] /home/travis/build/icyphy/ptII/ptolemy/domains/de/test/auto/CausalityInterface3.xml (RunModel)" time="0.014" />
  <testcase classname="ptolemy.util.test.junit.AutoTests" name="[9] /home/travis/build/icyphy/ptII/ptolemy/domains/de/test/auto/ClockDrift.xml (RunModel)" time="0.033" />
  <testcase classname="ptolemy.util.test.junit.AutoTests" name="[10] /home/travis/build/icyphy/ptII/ptolemy/domains/de/test/auto/ClockDriftAndValueChange.xml (RunModel)" time="0.029" />
  <testcase classname="ptolemy.util.test.junit.AutoTests" name="[11] /home/travis/build/icyphy/ptII/ptolemy/domains/de/test/auto/ClockDriftChange.xml (RunModel)" time="0.033" />
  <testcase classname="ptolemy.util.test.junit.AutoTests" name="[12] /home/travis/build/icyphy/ptII/ptolemy/domains/de/test/auto/ComposableCausalityAnalysis.xml (RunModel)" time="0.012" />
  <testcase classname="ptolemy.util.test.junit.AutoTests" name="[13] /home/travis/build/icyphy/ptII/ptolemy/domains/de/test/auto/DEFixedPointLimitation.xml (RunModel)" time="0.009" />
  <testcase classname="ptolemy.util.test.junit.AutoTests" name="[14] /home/travis/build/icyphy/ptII/ptolemy/domains/de/test/auto/DEScheduleTest.xml (RunModel)" time="0.011" />
  <testcase classname="ptolemy.util.test.junit.AutoTests" name="[15] /home/travis/build/icyphy/ptII/ptolemy/domains/de/test/auto/DEinDEwithStartTimes.xml (RunModel)" time="0.016" />
  <testcase classname="ptolemy.util.test.junit.AutoTests" name="[16] /home/travis/build/icyphy/ptII/ptolemy/domains/de/test/auto/DEinDEwithStartTimes2.xml (RunModel)" time="0.015" />
  <testcase classname="ptolemy.util.test.junit.AutoTests" name="[17] /home/travis/build/icyphy/ptII/ptolemy/domains/de/test/auto/DateDemo.xml (RunModel)" time="0.027" />
  <testcase classname="ptolemy.util.test.junit.AutoTests" name="[18] /home/travis/build/icyphy/ptII/ptolemy/domains/de/test/auto/DateToEvent.xml (RunModel)" time="2.028" />
  <testcase classname="ptolemy.util.test.junit.AutoTests" name="[19] /home/travis/build/icyphy/ptII/ptolemy/domains/de/test/auto/DepthTest1.xml (RunModel)" time="0.012" />
  <testcase classname="ptolemy.util.test.junit.AutoTests" name="[20] /home/travis/build/icyphy/ptII/ptolemy/domains/de/test/auto/DepthTest2.xml (RunModel)" time="0.02" />
  <testcase classname="ptolemy.util.test.junit.AutoTests" name="[21] /home/travis/build/icyphy/ptII/ptolemy/domains/de/test/auto/DepthTest3.xml (RunModel)" time="0.008" />
  <testcase classname="ptolemy.util.test.junit.AutoTests" name="[22] /home/travis/build/icyphy/ptII/ptolemy/domains/de/test/auto/DepthTest4.xml (RunModel)" time="0.013" />
  <testcase classname="ptolemy.util.test.junit.AutoTests" name="[23] /home/travis/build/icyphy/ptII/ptolemy/domains/de/test/auto/DepthTest5.xml (RunModel)" time="0.013" />
  <testcase classname="ptolemy.util.test.junit.AutoTests" name="[24] /home/travis/build/icyphy/ptII/ptolemy/domains/de/test/auto/DepthTest6.xml (RunModel)" time="0.014" />
  <testcase classname="ptolemy.util.test.junit.AutoTests" name="[25] /home/travis/build/icyphy/ptII/ptolemy/domains/de/test/auto/DepthTest7.xml (RunModel)" time="0.009" />
  <testcase classname="ptolemy.util.test.junit.AutoTests" name="[26] /home/travis/build/icyphy/ptII/ptolemy/domains/de/test/auto/EventToDate.xml (RunModel)" time="3.022" />
  <testcase classname="ptolemy.util.test.junit.AutoTests" name="[27] /home/travis/build/icyphy/ptII/ptolemy/domains/de/test/auto/FSM1.xml (RunModel)" time="0.029" />
  <testcase classname="ptolemy.util.test.junit.AutoTests" name="[28] /home/travis/build/icyphy/ptII/ptolemy/domains/de/test/auto/FSM7.xml (RunModel)" time="0.044" />
  <testcase classname="ptolemy.util.test.junit.AutoTests" name="[29] /home/travis/build/icyphy/ptII/ptolemy/domains/de/test/auto/Inspection.xml (RunModel)" time="0.047" />
  <testcase classname="ptolemy.util.test.junit.AutoTests" name="[30] /home/travis/build/icyphy/ptII/ptolemy/domains/de/test/auto/Iteration.xml (RunModel)" time="0.022" />
  <testcase classname="ptolemy.util.test.junit.AutoTests" name="[31] /home/travis/build/icyphy/ptII/ptolemy/domains/de/test/auto/LineFault.xml (RunModel)" time="0.47" />
  <testcase classname="ptolemy.util.test.junit.AutoTests" name="[32] /home/travis/build/icyphy/ptII/ptolemy/domains/de/test/auto/MergeModel1Add.xml (RunModel)" time="0.045" />
  <testcase classname="ptolemy.util.test.junit.AutoTests" name="[33] /home/travis/build/icyphy/ptII/ptolemy/domains/de/test/auto/MergeModel2Add.xml (RunModel)" time="0.037" />
  <testcase classname="ptolemy.util.test.junit.AutoTests" name="[34] /home/travis/build/icyphy/ptII/ptolemy/domains/de/test/auto/MergeModel3Add.xml (RunModel)" time="0.037" />
  <testcase classname="ptolemy.util.test.junit.AutoTests" name="[35] /home/travis/build/icyphy/ptII/ptolemy/domains/de/test/auto/MergeWithoutDiscard.xml (RunModel)" time="0.014" />
  <testcase classname="ptolemy.util.test.junit.AutoTests" name="[36] /home/travis/build/icyphy/ptII/ptolemy/domains/de/test/auto/Modal1.xml (RunModel)" time="0.029" />
  <testcase classname="ptolemy.util.test.junit.AutoTests" name="[37] /home/travis/build/icyphy/ptII/ptolemy/domains/de/test/auto/Modal2.xml (RunModel)" time="0.034" />
  <testcase classname="ptolemy.util.test.junit.AutoTests" name="[38] /home/travis/build/icyphy/ptII/ptolemy/domains/de/test/auto/Modal3.xml (RunModel)" time="0.029" />
  <testcase classname="ptolemy.util.test.junit.AutoTests" name="[39] /home/travis/build/icyphy/ptII/ptolemy/domains/de/test/auto/Modal4.xml (RunModel)" time="0.036" />
  <testcase classname="ptolemy.util.test.junit.AutoTests" name="[40] /home/travis/build/icyphy/ptII/ptolemy/domains/de/test/auto/Modal5.xml (RunModel)" time="0.033" />
  <testcase classname="ptolemy.util.test.junit.AutoTests" name="[41] /home/travis/build/icyphy/ptII/ptolemy/domains/de/test/auto/Modal6.xml (RunModel)" time="0.026" />
  <testcase classname="ptolemy.util.test.junit.AutoTests" name="[42] /home/travis/build/icyphy/ptII/ptolemy/domains/de/test/auto/Modal7.xml (RunModel)" time="0.024" />
  <testcase classname="ptolemy.util.test.junit.AutoTests" name="[43] /home/travis/build/icyphy/ptII/ptolemy/domains/de/test/auto/ModalModel.xml (RunModel)" time="0.149" />
  <testcase classname="ptolemy.util.test.junit.AutoTests" name="[44] /home/travis/build/icyphy/ptII/ptolemy/domains/de/test/auto/ModalSource.xml (RunModel)" time="0.016" />
  <testcase classname="ptolemy.util.test.junit.AutoTests" name="[45] /home/travis/build/icyphy/ptII/ptolemy/domains/de/test/auto/NonInterruptibleTimerZeroDelay.xml (RunModel)" time="0.012" />
  <testcase classname="ptolemy.util.test.junit.AutoTests" name="[46] /home/travis/build/icyphy/ptII/ptolemy/domains/de/test/auto/OpenQueueingNetwork.xml (RunModel)" time="2.188" />
  <testcase classname="ptolemy.util.test.junit.AutoTests" name="[47] /home/travis/build/icyphy/ptII/ptolemy/domains/de/test/auto/OpenQueuingNetwork.xml (RunModel)" time="0.252" />
  <testcase classname="ptolemy.util.test.junit.AutoTests" name="[48] /home/travis/build/icyphy/ptII/ptolemy/domains/de/test/auto/PeriodicSampler.xml (RunModel)" time="0.007" />
  <testcase classname="ptolemy.util.test.junit.AutoTests" name="[49] /home/travis/build/icyphy/ptII/ptolemy/domains/de/test/auto/PersistentIO.xml (RunModel)" time="0.016" />
  <testcase classname="ptolemy.util.test.junit.AutoTests" name="[50] /home/travis/build/icyphy/ptII/ptolemy/domains/de/test/auto/PortParameterResetOnInitialize.xml (RunModel)" time="0.008" />
  <testcase classname="ptolemy.util.test.junit.AutoTests" name="[51] /home/travis/build/icyphy/ptII/ptolemy/domains/de/test/auto/PortParameterUpdates.xml (RunModel)" time="0.013" />
  <testcase classname="ptolemy.util.test.junit.AutoTests" name="[52] /home/travis/build/icyphy/ptII/ptolemy/domains/de/test/auto/QueueAndServer.xml (RunModel)" time="0.017" />
  <testcase classname="ptolemy.util.test.junit.AutoTests" name="[53] /home/travis/build/icyphy/ptII/ptolemy/domains/de/test/auto/Records.xml (RunModel)" time="0.011" />
  <testcase classname="ptolemy.util.test.junit.AutoTests" name="[54] /home/travis/build/icyphy/ptII/ptolemy/domains/de/test/auto/ResetTransitionWithStartTime1.xml (RunModel)" time="0.015" />
  <testcase classname="ptolemy.util.test.junit.AutoTests" name="[55] /home/travis/build/icyphy/ptII/ptolemy/domains/de/test/auto/ResetTransitionWithStartTime2.xml (RunModel)" time="0.014" />
  <testcase classname="ptolemy.util.test.junit.AutoTests" name="[56] /home/travis/build/icyphy/ptII/ptolemy/domains/de/test/auto/ResetTransitionWithStartTime3.xml (RunModel)" time="0.018" />
  <testcase classname="ptolemy.util.test.junit.AutoTests" name="[57] /home/travis/build/icyphy/ptII/ptolemy/domains/de/test/auto/ResetTransitionWithStartTime4.xml (RunModel)" time="0.023" />
  <testcase classname="ptolemy.util.test.junit.AutoTests" name="[58] /home/travis/build/icyphy/ptII/ptolemy/domains/de/test/auto/ResettableTimer1.xml (RunModel)" time="0.009" />
  <testcase classname="ptolemy.util.test.junit.AutoTests" name="[59] /home/travis/build/icyphy/ptII/ptolemy/domains/de/test/auto/ResettableTimer2.xml (RunModel)" time="0.01" />
  <testcase classname="ptolemy.util.test.junit.AutoTests" name="[60] /home/travis/build/icyphy/ptII/ptolemy/domains/de/test/auto/ResettableTimer3.xml (RunModel)" time="0.007" />
  <testcase classname="ptolemy.util.test.junit.AutoTests" name="[61] /home/travis/build/icyphy/ptII/ptolemy/domains/de/test/auto/ResettableTimer4.xml (RunModel)" time="0.009" />
  <testcase classname="ptolemy.util.test.junit.AutoTests" name="[62] /home/travis/build/icyphy/ptII/ptolemy/domains/de/test/auto/ResettableTimer5.xml (RunModel)" time="0.008" />
  <testcase classname="ptolemy.util.test.junit.AutoTests" name="[63] /home/travis/build/icyphy/ptII/ptolemy/domains/de/test/auto/ResettableTimer6.xml (RunModel)" time="0.018" />
  <testcase classname="ptolemy.util.test.junit.AutoTests" name="[64] /home/travis/build/icyphy/ptII/ptolemy/domains/de/test/auto/ServerZeroDelay.xml (RunModel)" time="0.015" />
  <testcase classname="ptolemy.util.test.junit.AutoTests" name="[65] /home/travis/build/icyphy/ptII/ptolemy/domains/de/test/auto/SmartSender.xml (RunModel)" time="3.009" />
  <testcase classname="ptolemy.util.test.junit.AutoTests" name="[66] /home/travis/build/icyphy/ptII/ptolemy/domains/de/test/auto/ThreadedComposite.xml (RunModel)" time="0.128" />
  <testcase classname="ptolemy.util.test.junit.AutoTests" name="[67] /home/travis/build/icyphy/ptII/ptolemy/domains/de/test/auto/Time.xml (RunModel)" time="0.435" />
  <testcase classname="ptolemy.util.test.junit.AutoTests" name="[68] /home/travis/build/icyphy/ptII/ptolemy/domains/de/test/auto/TimeDelayZeroDelay.xml (RunModel)" time="0.016" />
  <testcase classname="ptolemy.util.test.junit.AutoTests" name="[69] /home/travis/build/icyphy/ptII/ptolemy/domains/de/test/auto/TimerZeroDelay.xml (RunModel)" time="0.009" />
  <testcase classname="ptolemy.util.test.junit.AutoTests" name="[70] /home/travis/build/icyphy/ptII/ptolemy/domains/de/test/auto/TimingParadox.xml (RunModel)" time="0.34" />
  <testcase classname="ptolemy.util.test.junit.AutoTests" name="[71] /home/travis/build/icyphy/ptII/ptolemy/domains/de/test/auto/TransferInputs.xml (RunModel)" time="0.008" />
  <testcase classname="ptolemy.util.test.junit.AutoTests" name="[72] /home/travis/build/icyphy/ptII/ptolemy/domains/de/test/auto/TransferOutputs2.xml (RunModel)" time="0.013" />
  <testcase classname="ptolemy.util.test.junit.AutoTests" name="[73] /home/travis/build/icyphy/ptII/ptolemy/domains/de/test/auto/Trilateration.xml (RunModel)" time="11.003" />
  <testcase classname="ptolemy.util.test.junit.AutoTests" name="[74] /home/travis/build/icyphy/ptII/ptolemy/domains/de/test/auto/TwoSigmaDelta.xml (RunModel)" time="2.014" />
  <testcase classname="ptolemy.util.test.junit.AutoTests" name="[75] /home/travis/build/icyphy/ptII/ptolemy/domains/de/test/auto/VariableDelay.xml (RunModel)" time="0.014" />
  <testcase classname="ptolemy.util.test.junit.AutoTests" name="[76] /home/travis/build/icyphy/ptII/ptolemy/domains/de/test/auto/VariableDelay2.xml (RunModel)" time="0.009" />
  <testcase classname="ptolemy.util.test.junit.AutoTests" name="[77] /home/travis/build/icyphy/ptII/ptolemy/domains/de/test/auto/VariableDelayZeroDelay.xml (RunModel)" time="0.01" />
  <testcase classname="ptolemy.util.test.junit.AutoTests" name="[78] /home/travis/build/icyphy/ptII/ptolemy/domains/de/test/auto/VariableDelayZeroDelay2.xml (RunModel)" time="0.009" />
  <testcase classname="ptolemy.util.test.junit.AutoTests" name="[79] /home/travis/build/icyphy/ptII/ptolemy/domains/de/test/auto/deInCt.xml (RunModel)" time="0.012" />
  <testcase classname="ptolemy.util.test.junit.AutoTests" name="[80] /home/travis/build/icyphy/ptII/ptolemy/domains/de/test/auto/deInCt2.xml (RunModel)" time="0.013" />
  <testcase classname="ptolemy.util.test.junit.AutoTests" name="[81] /home/travis/build/icyphy/ptII/ptolemy/domains/de/test/auto/dynamicCausalityInterface1.xml (RunModel)" time="0.022" />
  <testcase classname="ptolemy.util.test.junit.AutoTests" name="[82] /home/travis/build/icyphy/ptII/ptolemy/domains/de/test/auto/fsm_de_test.xml (RunModel)" time="0.02" />
  <testcase classname="ptolemy.util.test.junit.AutoTests" name="[83] /home/travis/build/icyphy/ptII/ptolemy/domains/de/test/auto/functionDependencyReconstruction.xml (RunModel)" time="0.029" />
  <testcase classname="ptolemy.util.test.junit.AutoTests" name="[84] /home/travis/build/icyphy/ptII/ptolemy/domains/de/test/auto/multirate.xml (RunModel)" time="0.015" />
  <testcase classname="ptolemy.util.test.junit.AutoTests" name="[85] /home/travis/build/icyphy/ptII/ptolemy/domains/de/test/auto/multirate2.xml (RunModel)" time="0.013" />
  <testcase classname="ptolemy.util.test.junit.AutoTests" name="[86] /home/travis/build/icyphy/ptII/ptolemy/domains/de/test/auto/realtime.xml (RunModel)" time="10.009" />
  <testcase classname="ptolemy.util.test.junit.AutoTests" name="[87] /home/travis/build/icyphy/ptII/ptolemy/domains/de/test/auto/relationGroup.xml (RunModel)" time="0.007" />
  <testcase classname="ptolemy.util.test.junit.AutoTests" name="[88] /home/travis/build/icyphy/ptII/ptolemy/domains/de/test/auto/relationGroup2.xml (RunModel)" time="0.006" />
  <testcase classname="ptolemy.util.test.junit.AutoTests" name="[89] /home/travis/build/icyphy/ptII/ptolemy/domains/de/test/auto/sortWithOpaquePorts.xml (RunModel)" time="0.008" />
  <testcase classname="ptolemy.util.test.junit.AutoTests" name="[90] /home/travis/build/icyphy/ptII/ptolemy/domains/de/test/auto/transferInputsandOutputs.xml (RunModel)" time="0.013" />
  <testcase classname="ptolemy.util.test.junit.AutoTests" name="[91] /home/travis/build/icyphy/ptII/ptolemy/domains/de/test/auto/triggerType.xml (RunModel)" time="0.008" />
  <system-out><![CDATA[/home/travis/build/icyphy/ptII/ptolemy/domains/de/test/DependencyLoop.tcl
testDefs.tcl: setting time out to 9000 seconds at Thu Jan 17 03:21:12 UTC 2019
12 ms. Memory: 116224K Free: 93380K (80%)
10 ms. Memory: 146944K Free: 135455K (92%)
/home/travis/build/icyphy/ptII/ptolemy/domains/de/test/RunDETestsAsQSS.tcl
Run the DE tests using ptolemy.domains.qss.test.QSSDirectorTest, which extends QSSDirector and prints a message in the constructors.
------------------ testing $PTII/ptolemy/domains/de/test/auto/knownFailedTests/dependencyLoop.xml (Known Failure) 
11 ms. Memory: 146944K Free: 132343K (90%)


==== $PTIIhome/travis/build/icyphy/ptII/ptolemy/domains/de/test/../../../../: Auto Automatic test in file $PTII/ptolemy/domains/de/test/auto/knownFailedTests/dependencyLoop.xml
==== Contents of test case:

	    # FIXME: we should use $relativeFilename here, but it
	    # might have backslashes under Windows, which causes no end
	    # of trouble.
	    createAndExecute $file
	    list {}
	
.... Test generated KNOWN error:
    while executing
ptolemy.kernel.util.IllegalActionException: Found a zero delay loop containing .dependencyLoop.original
  in .dependencyLoop and .dependencyLoop.original
	at ptolemy.actor.util.CausalityInterfaceForComposites._computeOutputPortDepth(CausalityInterfaceForComposites.java:759)
	at ptolemy.actor.util.CausalityInterfaceForComposites._computeInputDepth(CausalityInterfaceForComposites.java:696)
	at ptolemy.actor.util.CausalityInterfaceForComposites._computeOutputPortDepth(CausalityInterfaceForComposites.java:765)
	at ptolemy.actor.util.CausalityInterfaceForComposites._computeInputDepth(CausalityInterfaceForComposites.java:696)
	at ptolemy.actor.util.CausalityInterfaceForComposites._computeOutputPortDepth(CausalityInterfaceForComposites.java:765)
	at ptolemy.actor.util.CausalityInterfaceForComposites._computeInputDepth(CausalityInterfaceForComposites.java:696)
	at ptolemy.actor.util.CausalityInterfaceForComposites._computeActorDepth(CausalityInterfaceForComposites.java:532)
	at ptolemy.actor.util.CausalityInterfaceForComposites.checkForCycles(CausalityInterfaceForComposites.java:96)
	at ptolemy.domains.de.kernel.DEDirector.preinitialize(DEDirector.java:1338)
	at ptolemy.actor.CompositeActor.preinitialize(CompositeActor.java:1828)
	at ptolemy.actor.Manager.preinitializeAndResolveTypes(Manager.java:1040)
	at ptolemy.actor.Manager.initialize(Manager.java:710)
	at ptolemy.actor.Manager.execute(Manager.java:356)
	at ptolemy.actor.Manager.run(Manager.java:1263)
	at ptolemy.actor.Manager$PtolemyRunThread.run(Manager.java:1915)

    while executing
ptolemy.kernel.util.IllegalActionException: Found a zero delay loop containing .dependencyLoop.original
  in .dependencyLoop and .dependencyLoop.original
    while executing
"java::new ptolemy.moml.MoMLSimpleApplication $file
"
    (procedure "createAndExecute" line 2)
    invoked from within
"createAndExecute $file"
    ("uplevel" body line 5)
    invoked from within
"uplevel $contents_of_test"
------------------ testing $PTII/ptolemy/domains/de/test/auto/knownFailedTests/DESDFClockTest.xml (Known Failure) 
2049 ms. Memory: 146944K Free: 116570K (79%)


==== $PTIIhome/travis/build/icyphy/ptII/ptolemy/domains/de/test/../../../../: Auto Automatic test in file $PTII/ptolemy/domains/de/test/auto/knownFailedTests/DESDFClockTest.xml
==== Contents of test case:

	    # FIXME: we should use $relativeFilename here, but it
	    # might have backslashes under Windows, which causes no end
	    # of trouble.
	    createAndExecute $file
	    list {}
	
.... Test generated KNOWN error:
    while executing
ptolemy.kernel.util.IllegalActionException: Actor is not ready to fire.  Perhaps UpSample.prefire() returned false? Try debugging the actor by selecting "Listen to Actor".  Also, for SDF check moml for tokenConsumptionRate on input.
  in .DESDFClockTest.Play Bell.Copy1:SDF Director and .DESDFClockTest.Play Bell.UpSample
	at ptolemy.actor.sched.StaticSchedulingDirector.fire(StaticSchedulingDirector.java:227)
	at ptolemy.domains.sdf.kernel.SDFDirector.fire(SDFDirector.java:500)
	at ptolemy.actor.CompositeActor.fire(CompositeActor.java:455)
	at ptolemy.domains.de.kernel.DEDirector._fire(DEDirector.java:1949)
	at ptolemy.domains.de.kernel.DEDirector.fire(DEDirector.java:502)
	at ptolemy.actor.CompositeActor.fire(CompositeActor.java:455)
	at ptolemy.actor.Manager.iterate(Manager.java:851)
	at ptolemy.actor.Manager.execute(Manager.java:369)
	at ptolemy.actor.Manager.run(Manager.java:1263)
	at ptolemy.actor.Manager$PtolemyRunThread.run(Manager.java:1915)

    while executing
ptolemy.kernel.util.IllegalActionException: Actor is not ready to fire.  Perhaps UpSample.prefire() returned false? Try debugging the actor by selecting "Listen to Actor".  Also, for SDF check moml for tokenConsumptionRate on input.
  in .DESDFClockTest.Play Bell.Copy1:SDF Director and .DESDFClockTest.Play Bell.UpSample
    while executing
"java::new ptolemy.moml.MoMLSimpleApplication $file
"
    (procedure "createAndExecute" line 2)
    invoked from within
"createAndExecute $file"
    ("uplevel" body line 5)
    invoked from within
"uplevel $contents_of_test"
------------------ testing $PTII/ptolemy/domains/de/test/auto/knownFailedTests/FSMSource.xml (Known Failure) 
50 ms. Memory: 146944K Free: 107036K (73%)
!!!! Auto was marked as failing, but now passes
------------------ testing $PTII/ptolemy/domains/de/test/auto/knownFailedTests/dependencyLoop2.xml (Known Failure) 
13 ms. Memory: 146944K Free: 105176K (72%)


==== $PTIIhome/travis/build/icyphy/ptII/ptolemy/domains/de/test/../../../../: Auto Automatic test in file $PTII/ptolemy/domains/de/test/auto/knownFailedTests/dependencyLoop2.xml
==== Contents of test case:

	    # FIXME: we should use $relativeFilename here, but it
	    # might have backslashes under Windows, which causes no end
	    # of trouble.
	    createAndExecute $file
	    list {}
	
.... Test generated KNOWN error:
    while executing
ptolemy.kernel.util.IllegalActionException: Found a zero delay loop containing .dependencyLoop2.original
  in .dependencyLoop2 and .dependencyLoop2.original
	at ptolemy.actor.util.CausalityInterfaceForComposites._computeOutputPortDepth(CausalityInterfaceForComposites.java:759)
	at ptolemy.actor.util.CausalityInterfaceForComposites._computeInputDepth(CausalityInterfaceForComposites.java:696)
	at ptolemy.actor.util.CausalityInterfaceForComposites._computeOutputPortDepth(CausalityInterfaceForComposites.java:765)
	at ptolemy.actor.util.CausalityInterfaceForComposites._computeInputDepth(CausalityInterfaceForComposites.java:696)
	at ptolemy.actor.util.CausalityInterfaceForComposites._computeOutputPortDepth(CausalityInterfaceForComposites.java:765)
	at ptolemy.actor.util.CausalityInterfaceForComposites._computeInputDepth(CausalityInterfaceForComposites.java:696)
	at ptolemy.actor.util.CausalityInterfaceForComposites._computeActorDepth(CausalityInterfaceForComposites.java:532)
	at ptolemy.actor.util.CausalityInterfaceForComposites.checkForCycles(CausalityInterfaceForComposites.java:96)
	at ptolemy.domains.de.kernel.DEDirector.preinitialize(DEDirector.java:1338)
	at ptolemy.actor.CompositeActor.preinitialize(CompositeActor.java:1828)
	at ptolemy.actor.Manager.preinitializeAndResolveTypes(Manager.java:1040)
	at ptolemy.actor.Manager.initialize(Manager.java:710)
	at ptolemy.actor.Manager.execute(Manager.java:356)
	at ptolemy.actor.Manager.run(Manager.java:1263)
	at ptolemy.actor.Manager$PtolemyRunThread.run(Manager.java:1915)

    while executing
ptolemy.kernel.util.IllegalActionException: Found a zero delay loop containing .dependencyLoop2.original
  in .dependencyLoop2 and .dependencyLoop2.original
    while executing
"java::new ptolemy.moml.MoMLSimpleApplication $file
"
    (procedure "createAndExecute" line 2)
    invoked from within
"createAndExecute $file"
    ("uplevel" body line 5)
    invoked from within
"uplevel $contents_of_test"
------------------ testing $PTII/ptolemy/domains/de/test/auto/knownFailedTests/HierarchicalModel.xml (Known Failure) 
9 ms. Memory: 146944K Free: 83517K (57%)


==== $PTIIhome/travis/build/icyphy/ptII/ptolemy/domains/de/test/../../../../: Auto Automatic test in file $PTII/ptolemy/domains/de/test/auto/knownFailedTests/HierarchicalModel.xml
==== Contents of test case:

	    # FIXME: we should use $relativeFilename here, but it
	    # might have backslashes under Windows, which causes no end
	    # of trouble.
	    createAndExecute $file
	    list {}
	
.... Test generated KNOWN error:
    while executing
ptolemy.kernel.util.IllegalActionException: Found a zero delay loop containing .HierarchicalModel.A
  in .HierarchicalModel and .HierarchicalModel.A
	at ptolemy.actor.util.CausalityInterfaceForComposites._computeOutputPortDepth(CausalityInterfaceForComposites.java:759)
	at ptolemy.actor.util.CausalityInterfaceForComposites._computeInputDepth(CausalityInterfaceForComposites.java:696)
	at ptolemy.actor.util.CausalityInterfaceForComposites._computeOutputPortDepth(CausalityInterfaceForComposites.java:765)
	at ptolemy.actor.util.CausalityInterfaceForComposites._computeInputDepth(CausalityInterfaceForComposites.java:696)
	at ptolemy.actor.util.CausalityInterfaceForComposites._computeOutputPortDepth(CausalityInterfaceForComposites.java:765)
	at ptolemy.actor.util.CausalityInterfaceForComposites._computeInputDepth(CausalityInterfaceForComposites.java:696)
	at ptolemy.actor.util.CausalityInterfaceForComposites._computeActorDepth(CausalityInterfaceForComposites.java:532)
	at ptolemy.actor.util.CausalityInterfaceForComposites.checkForCycles(CausalityInterfaceForComposites.java:96)
	at ptolemy.domains.de.kernel.DEDirector.preinitialize(DEDirector.java:1338)
	at ptolemy.actor.CompositeActor.preinitialize(CompositeActor.java:1828)
	at ptolemy.actor.Manager.preinitializeAndResolveTypes(Manager.java:1040)
	at ptolemy.actor.Manager.initialize(Manager.java:710)
	at ptolemy.actor.Manager.execute(Manager.java:356)
	at ptolemy.actor.Manager.run(Manager.java:1263)
	at ptolemy.actor.Manager$PtolemyRunThread.run(Manager.java:1915)

    while executing
ptolemy.kernel.util.IllegalActionException: Found a zero delay loop containing .HierarchicalModel.A
  in .HierarchicalModel and .HierarchicalModel.A
    while executing
"java::new ptolemy.moml.MoMLSimpleApplication $file
"
    (procedure "createAndExecute" line 2)
    invoked from within
"createAndExecute $file"
    ("uplevel" body line 5)
    invoked from within
"uplevel $contents_of_test"
------------------ testing $PTII/ptolemy/domains/de/test/auto/knownFailedTests/DirectFeedback.xml (Known Failure) 
4 ms. Memory: 146944K Free: 140320K (95%)


==== $PTIIhome/travis/build/icyphy/ptII/ptolemy/domains/de/test/../../../../: Auto Automatic test in file $PTII/ptolemy/domains/de/test/auto/knownFailedTests/DirectFeedback.xml
==== Contents of test case:

	    # FIXME: we should use $relativeFilename here, but it
	    # might have backslashes under Windows, which causes no end
	    # of trouble.
	    createAndExecute $file
	    list {}
	
.... Test generated KNOWN error:
    while executing
ptolemy.kernel.util.IllegalActionException: Test fails in iteration 1.
Value was: 1.0. Should have been: 2.0
  in .DirectFeedback.Test
	at ptolemy.actor.lib.Test.fire(Test.java:268)
	at ptolemy.domains.de.kernel.DEDirector._fire(DEDirector.java:1949)
	at ptolemy.domains.de.kernel.DEDirector.fire(DEDirector.java:502)
	at ptolemy.actor.CompositeActor.fire(CompositeActor.java:455)
	at ptolemy.actor.Manager.iterate(Manager.java:851)
	at ptolemy.actor.Manager.execute(Manager.java:369)
	at ptolemy.actor.Manager.run(Manager.java:1263)
	at ptolemy.actor.Manager$PtolemyRunThread.run(Manager.java:1915)

    while executing
ptolemy.kernel.util.IllegalActionException: Test fails in iteration 1.
Value was: 1.0. Should have been: 2.0
  in .DirectFeedback.Test
    while executing
"java::new ptolemy.moml.MoMLSimpleApplication $file
"
    (procedure "createAndExecute" line 2)
    invoked from within
"createAndExecute $file"
    ("uplevel" body line 5)
    invoked from within
"uplevel $contents_of_test"
------------------ testing $PTII/ptolemy/domains/de/test/auto/ActorDepthCalculation_actorWithoutPorts.xml
auto.tcl: Setting watchdog for 200 seconds at Thu Jan 17 03:21:15 UTC 2019
3 ms. Memory: 146944K Free: 132419K (90%)
ptolemy.util.test.WatchDog.cancel(): canceling Thu Jan 17 03:21:15 UTC 2019
auto.tcl: Setting watchdog for 200 seconds at Thu Jan 17 03:21:15 UTC 2019
5 ms. Memory: 146944K Free: 130346K (89%)
ptolemy.util.test.WatchDog.cancel(): canceling Thu Jan 17 03:21:15 UTC 2019
------------------ testing $PTII/ptolemy/domains/de/test/auto/AssemblyLine.xml
auto.tcl: Setting watchdog for 200 seconds at Thu Jan 17 03:21:15 UTC 2019
11 ms. Memory: 208384K Free: 182837K (88%)
ptolemy.util.test.WatchDog.cancel(): canceling Thu Jan 17 03:21:15 UTC 2019
auto.tcl: Setting watchdog for 200 seconds at Thu Jan 17 03:21:15 UTC 2019
9 ms. Memory: 208384K Free: 182837K (88%)
ptolemy.util.test.WatchDog.cancel(): canceling Thu Jan 17 03:21:15 UTC 2019
------------------ testing $PTII/ptolemy/domains/de/test/auto/CQBug1.xml
auto.tcl: Setting watchdog for 200 seconds at Thu Jan 17 03:21:16 UTC 2019
4 ms. Memory: 208384K Free: 197708K (95%)
ptolemy.util.test.WatchDog.cancel(): canceling Thu Jan 17 03:21:16 UTC 2019
auto.tcl: Setting watchdog for 200 seconds at Thu Jan 17 03:21:16 UTC 2019
2 ms. Memory: 208384K Free: 197708K (95%)
ptolemy.util.test.WatchDog.cancel(): canceling Thu Jan 17 03:21:16 UTC 2019
------------------ testing $PTII/ptolemy/domains/de/test/auto/CancelFireAt.xml
auto.tcl: Setting watchdog for 200 seconds at Thu Jan 17 03:21:16 UTC 2019
4 ms. Memory: 208384K Free: 201426K (97%)
ptolemy.util.test.WatchDog.cancel(): canceling Thu Jan 17 03:21:16 UTC 2019
auto.tcl: Setting watchdog for 200 seconds at Thu Jan 17 03:21:16 UTC 2019
3 ms. Memory: 208384K Free: 199327K (96%)
ptolemy.util.test.WatchDog.cancel(): canceling Thu Jan 17 03:21:16 UTC 2019
------------------ testing $PTII/ptolemy/domains/de/test/auto/CausalityAndComposabilityAnalysis.xml
auto.tcl: Setting watchdog for 200 seconds at Thu Jan 17 03:21:16 UTC 2019
9 ms. Memory: 208384K Free: 196828K (94%)
ptolemy.util.test.WatchDog.cancel(): canceling Thu Jan 17 03:21:16 UTC 2019
auto.tcl: Setting watchdog for 200 seconds at Thu Jan 17 03:21:16 UTC 2019
9 ms. Memory: 208384K Free: 196828K (94%)
ptolemy.util.test.WatchDog.cancel(): canceling Thu Jan 17 03:21:16 UTC 2019
------------------ testing $PTII/ptolemy/domains/de/test/auto/CausalityInterface1.xml
auto.tcl: Setting watchdog for 200 seconds at Thu Jan 17 03:21:16 UTC 2019
17 ms. Memory: 208384K Free: 196429K (94%)
ptolemy.util.test.WatchDog.cancel(): canceling Thu Jan 17 03:21:16 UTC 2019
auto.tcl: Setting watchdog for 200 seconds at Thu Jan 17 03:21:16 UTC 2019
4 ms. Memory: 208384K Free: 196429K (94%)
ptolemy.util.test.WatchDog.cancel(): canceling Thu Jan 17 03:21:16 UTC 2019
------------------ testing $PTII/ptolemy/domains/de/test/auto/CausalityInterface15.xml
auto.tcl: Setting watchdog for 200 seconds at Thu Jan 17 03:21:16 UTC 2019
24 ms. Memory: 208384K Free: 196420K (94%)
ptolemy.util.test.WatchDog.cancel(): canceling Thu Jan 17 03:21:16 UTC 2019
auto.tcl: Setting watchdog for 200 seconds at Thu Jan 17 03:21:16 UTC 2019
5 ms. Memory: 208384K Free: 196420K (94%)
ptolemy.util.test.WatchDog.cancel(): canceling Thu Jan 17 03:21:16 UTC 2019
------------------ testing $PTII/ptolemy/domains/de/test/auto/CausalityInterface2.xml
auto.tcl: Setting watchdog for 200 seconds at Thu Jan 17 03:21:16 UTC 2019
7 ms. Memory: 208384K Free: 196404K (94%)
ptolemy.util.test.WatchDog.cancel(): canceling Thu Jan 17 03:21:16 UTC 2019
auto.tcl: Setting watchdog for 200 seconds at Thu Jan 17 03:21:16 UTC 2019
3 ms. Memory: 208384K Free: 196404K (94%)
ptolemy.util.test.WatchDog.cancel(): canceling Thu Jan 17 03:21:16 UTC 2019
------------------ testing $PTII/ptolemy/domains/de/test/auto/CausalityInterface3.xml
auto.tcl: Setting watchdog for 200 seconds at Thu Jan 17 03:21:16 UTC 2019
8 ms. Memory: 208384K Free: 196416K (94%)
ptolemy.util.test.WatchDog.cancel(): canceling Thu Jan 17 03:21:16 UTC 2019
auto.tcl: Setting watchdog for 200 seconds at Thu Jan 17 03:21:16 UTC 2019
9 ms. Memory: 208384K Free: 196416K (94%)
ptolemy.util.test.WatchDog.cancel(): canceling Thu Jan 17 03:21:16 UTC 2019
------------------ testing $PTII/ptolemy/domains/de/test/auto/ClockDrift.xml
auto.tcl: Setting watchdog for 200 seconds at Thu Jan 17 03:21:16 UTC 2019
90 ms. Memory: 208384K Free: 187654K (90%)
ptolemy.util.test.WatchDog.cancel(): canceling Thu Jan 17 03:21:16 UTC 2019
auto.tcl: Setting watchdog for 200 seconds at Thu Jan 17 03:21:16 UTC 2019
55 ms. Memory: 208384K Free: 185556K (89%)
ptolemy.util.test.WatchDog.cancel(): canceling Thu Jan 17 03:21:16 UTC 2019
------------------ testing $PTII/ptolemy/domains/de/test/auto/ClockDriftAndValueChange.xml
auto.tcl: Setting watchdog for 200 seconds at Thu Jan 17 03:21:17 UTC 2019
37 ms. Memory: 208384K Free: 187487K (90%)
ptolemy.util.test.WatchDog.cancel(): canceling Thu Jan 17 03:21:17 UTC 2019
auto.tcl: Setting watchdog for 200 seconds at Thu Jan 17 03:21:17 UTC 2019
40 ms. Memory: 208384K Free: 185389K (89%)
ptolemy.util.test.WatchDog.cancel(): canceling Thu Jan 17 03:21:17 UTC 2019
------------------ testing $PTII/ptolemy/domains/de/test/auto/ClockDriftChange.xml
auto.tcl: Setting watchdog for 200 seconds at Thu Jan 17 03:21:17 UTC 2019
36 ms. Memory: 208384K Free: 190808K (92%)
ptolemy.util.test.WatchDog.cancel(): canceling Thu Jan 17 03:21:17 UTC 2019
auto.tcl: Setting watchdog for 200 seconds at Thu Jan 17 03:21:17 UTC 2019
22 ms. Memory: 208384K Free: 188710K (91%)
ptolemy.util.test.WatchDog.cancel(): canceling Thu Jan 17 03:21:17 UTC 2019
------------------ testing $PTII/ptolemy/domains/de/test/auto/ComposableCausalityAnalysis.xml
auto.tcl: Setting watchdog for 200 seconds at Thu Jan 17 03:21:17 UTC 2019
1 ms. Memory: 208384K Free: 196607K (94%)
ptolemy.util.test.WatchDog.cancel(): canceling Thu Jan 17 03:21:17 UTC 2019
auto.tcl: Setting watchdog for 200 seconds at Thu Jan 17 03:21:17 UTC 2019
3 ms. Memory: 208384K Free: 194171K (93%)
ptolemy.util.test.WatchDog.cancel(): canceling Thu Jan 17 03:21:17 UTC 2019
------------------ testing $PTII/ptolemy/domains/de/test/auto/DEFixedPointLimitation.xml
auto.tcl: Setting watchdog for 200 seconds at Thu Jan 17 03:21:17 UTC 2019
1 ms. Memory: 208384K Free: 196147K (94%)
ptolemy.util.test.WatchDog.cancel(): canceling Thu Jan 17 03:21:17 UTC 2019
auto.tcl: Setting watchdog for 200 seconds at Thu Jan 17 03:21:17 UTC 2019
1 ms. Memory: 208384K Free: 196147K (94%)
ptolemy.util.test.WatchDog.cancel(): canceling Thu Jan 17 03:21:17 UTC 2019
------------------ testing $PTII/ptolemy/domains/de/test/auto/DEScheduleTest.xml
auto.tcl: Setting watchdog for 200 seconds at Thu Jan 17 03:21:17 UTC 2019
5 ms. Memory: 208384K Free: 198280K (95%)
ptolemy.util.test.WatchDog.cancel(): canceling Thu Jan 17 03:21:17 UTC 2019
auto.tcl: Setting watchdog for 200 seconds at Thu Jan 17 03:21:17 UTC 2019
2 ms. Memory: 208384K Free: 196182K (94%)
ptolemy.util.test.WatchDog.cancel(): canceling Thu Jan 17 03:21:17 UTC 2019
------------------ testing $PTII/ptolemy/domains/de/test/auto/DEinDEwithStartTimes.xml
auto.tcl: Setting watchdog for 200 seconds at Thu Jan 17 03:21:17 UTC 2019
4 ms. Memory: 208384K Free: 196152K (94%)
ptolemy.util.test.WatchDog.cancel(): canceling Thu Jan 17 03:21:17 UTC 2019
auto.tcl: Setting watchdog for 200 seconds at Thu Jan 17 03:21:17 UTC 2019
3 ms. Memory: 208384K Free: 194054K (93%)
ptolemy.util.test.WatchDog.cancel(): canceling Thu Jan 17 03:21:17 UTC 2019
------------------ testing $PTII/ptolemy/domains/de/test/auto/DEinDEwithStartTimes2.xml
auto.tcl: Setting watchdog for 200 seconds at Thu Jan 17 03:21:17 UTC 2019
4 ms. Memory: 208384K Free: 196131K (94%)
ptolemy.util.test.WatchDog.cancel(): canceling Thu Jan 17 03:21:17 UTC 2019
auto.tcl: Setting watchdog for 200 seconds at Thu Jan 17 03:21:17 UTC 2019
4 ms. Memory: 208384K Free: 194033K (93%)
ptolemy.util.test.WatchDog.cancel(): canceling Thu Jan 17 03:21:17 UTC 2019
------------------ testing $PTII/ptolemy/domains/de/test/auto/DateDemo.xml
auto.tcl: Setting watchdog for 200 seconds at Thu Jan 17 03:21:17 UTC 2019
16 ms. Memory: 208384K Free: 188574K (90%)
ptolemy.util.test.WatchDog.cancel(): canceling Thu Jan 17 03:21:17 UTC 2019
auto.tcl: Setting watchdog for 200 seconds at Thu Jan 17 03:21:17 UTC 2019
6 ms. Memory: 208384K Free: 186476K (89%)
ptolemy.util.test.WatchDog.cancel(): canceling Thu Jan 17 03:21:17 UTC 2019
------------------ testing $PTII/ptolemy/domains/de/test/auto/DateToEvent.xml
auto.tcl: Setting watchdog for 200 seconds at Thu Jan 17 03:21:17 UTC 2019
2013 ms. Memory: 208384K Free: 183308K (88%)
ptolemy.util.test.WatchDog.cancel(): canceling Thu Jan 17 03:21:19 UTC 2019
auto.tcl: Setting watchdog for 200 seconds at Thu Jan 17 03:21:19 UTC 2019
2005 ms. Memory: 208384K Free: 183308K (88%)
ptolemy.util.test.WatchDog.cancel(): canceling Thu Jan 17 03:21:21 UTC 2019
------------------ testing $PTII/ptolemy/domains/de/test/auto/DepthTest1.xml
auto.tcl: Setting watchdog for 200 seconds at Thu Jan 17 03:21:22 UTC 2019
2 ms. Memory: 208384K Free: 197821K (95%)
ptolemy.util.test.WatchDog.cancel(): canceling Thu Jan 17 03:21:22 UTC 2019
auto.tcl: Setting watchdog for 200 seconds at Thu Jan 17 03:21:22 UTC 2019
2 ms. Memory: 208384K Free: 197821K (95%)
ptolemy.util.test.WatchDog.cancel(): canceling Thu Jan 17 03:21:22 UTC 2019
------------------ testing $PTII/ptolemy/domains/de/test/auto/DepthTest2.xml
auto.tcl: Setting watchdog for 200 seconds at Thu Jan 17 03:21:22 UTC 2019
6 ms. Memory: 208384K Free: 193687K (93%)
ptolemy.util.test.WatchDog.cancel(): canceling Thu Jan 17 03:21:22 UTC 2019
auto.tcl: Setting watchdog for 200 seconds at Thu Jan 17 03:21:22 UTC 2019
3 ms. Memory: 208384K Free: 193687K (93%)
ptolemy.util.test.WatchDog.cancel(): canceling Thu Jan 17 03:21:22 UTC 2019
------------------ testing $PTII/ptolemy/domains/de/test/auto/DepthTest3.xml
auto.tcl: Setting watchdog for 200 seconds at Thu Jan 17 03:21:22 UTC 2019
2 ms. Memory: 208384K Free: 197816K (95%)
ptolemy.util.test.WatchDog.cancel(): canceling Thu Jan 17 03:21:22 UTC 2019
auto.tcl: Setting watchdog for 200 seconds at Thu Jan 17 03:21:22 UTC 2019
1 ms. Memory: 208384K Free: 197816K (95%)
ptolemy.util.test.WatchDog.cancel(): canceling Thu Jan 17 03:21:22 UTC 2019
------------------ testing $PTII/ptolemy/domains/de/test/auto/DepthTest4.xml
auto.tcl: Setting watchdog for 200 seconds at Thu Jan 17 03:21:22 UTC 2019
3 ms. Memory: 208384K Free: 195805K (94%)
ptolemy.util.test.WatchDog.cancel(): canceling Thu Jan 17 03:21:22 UTC 2019
auto.tcl: Setting watchdog for 200 seconds at Thu Jan 17 03:21:22 UTC 2019
3 ms. Memory: 208384K Free: 195805K (94%)
ptolemy.util.test.WatchDog.cancel(): canceling Thu Jan 17 03:21:22 UTC 2019
------------------ testing $PTII/ptolemy/domains/de/test/auto/DepthTest5.xml
auto.tcl: Setting watchdog for 200 seconds at Thu Jan 17 03:21:22 UTC 2019
3 ms. Memory: 208384K Free: 195753K (94%)
ptolemy.util.test.WatchDog.cancel(): canceling Thu Jan 17 03:21:22 UTC 2019
auto.tcl: Setting watchdog for 200 seconds at Thu Jan 17 03:21:22 UTC 2019
2 ms. Memory: 208384K Free: 195753K (94%)
ptolemy.util.test.WatchDog.cancel(): canceling Thu Jan 17 03:21:22 UTC 2019
------------------ testing $PTII/ptolemy/domains/de/test/auto/DepthTest6.xml
auto.tcl: Setting watchdog for 200 seconds at Thu Jan 17 03:21:22 UTC 2019
6 ms. Memory: 208384K Free: 195720K (94%)
ptolemy.util.test.WatchDog.cancel(): canceling Thu Jan 17 03:21:22 UTC 2019
auto.tcl: Setting watchdog for 200 seconds at Thu Jan 17 03:21:22 UTC 2019
2 ms. Memory: 208384K Free: 195720K (94%)
ptolemy.util.test.WatchDog.cancel(): canceling Thu Jan 17 03:21:22 UTC 2019
------------------ testing $PTII/ptolemy/domains/de/test/auto/DepthTest7.xml
auto.tcl: Setting watchdog for 200 seconds at Thu Jan 17 03:21:22 UTC 2019
2 ms. Memory: 208384K Free: 195710K (94%)
ptolemy.util.test.WatchDog.cancel(): canceling Thu Jan 17 03:21:22 UTC 2019
auto.tcl: Setting watchdog for 200 seconds at Thu Jan 17 03:21:22 UTC 2019
2 ms. Memory: 208384K Free: 195710K (94%)
ptolemy.util.test.WatchDog.cancel(): canceling Thu Jan 17 03:21:22 UTC 2019
------------------ testing $PTII/ptolemy/domains/de/test/auto/EventToDate.xml
auto.tcl: Setting watchdog for 200 seconds at Thu Jan 17 03:21:22 UTC 2019
3009 ms. Memory: 208384K Free: 185239K (89%)
ptolemy.util.test.WatchDog.cancel(): canceling Thu Jan 17 03:21:25 UTC 2019
auto.tcl: Setting watchdog for 200 seconds at Thu Jan 17 03:21:25 UTC 2019
3003 ms. Memory: 208384K Free: 185239K (89%)
ptolemy.util.test.WatchDog.cancel(): canceling Thu Jan 17 03:21:28 UTC 2019
------------------ testing $PTII/ptolemy/domains/de/test/auto/FSM1.xml
auto.tcl: Setting watchdog for 200 seconds at Thu Jan 17 03:21:28 UTC 2019
32 ms. Memory: 208384K Free: 188765K (91%)
ptolemy.util.test.WatchDog.cancel(): canceling Thu Jan 17 03:21:28 UTC 2019
auto.tcl: Setting watchdog for 200 seconds at Thu Jan 17 03:21:28 UTC 2019
22 ms. Memory: 208384K Free: 184568K (89%)
ptolemy.util.test.WatchDog.cancel(): canceling Thu Jan 17 03:21:28 UTC 2019
------------------ testing $PTII/ptolemy/domains/de/test/auto/FSM7.xml
auto.tcl: Setting watchdog for 200 seconds at Thu Jan 17 03:21:28 UTC 2019
21 ms. Memory: 208384K Free: 186869K (90%)
ptolemy.util.test.WatchDog.cancel(): canceling Thu Jan 17 03:21:28 UTC 2019
auto.tcl: Setting watchdog for 200 seconds at Thu Jan 17 03:21:28 UTC 2019
16 ms. Memory: 208384K Free: 184771K (89%)
ptolemy.util.test.WatchDog.cancel(): canceling Thu Jan 17 03:21:28 UTC 2019
------------------ testing $PTII/ptolemy/domains/de/test/auto/Inspection.xml
auto.tcl: Setting watchdog for 200 seconds at Thu Jan 17 03:21:28 UTC 2019
50 ms. Memory: 208384K Free: 188421K (90%)
ptolemy.util.test.WatchDog.cancel(): canceling Thu Jan 17 03:21:29 UTC 2019
auto.tcl: Setting watchdog for 200 seconds at Thu Jan 17 03:21:29 UTC 2019
22 ms. Memory: 208384K Free: 186323K (89%)
ptolemy.util.test.WatchDog.cancel(): canceling Thu Jan 17 03:21:29 UTC 2019
------------------ testing $PTII/ptolemy/domains/de/test/auto/Iteration.xml
auto.tcl: Setting watchdog for 200 seconds at Thu Jan 17 03:21:29 UTC 2019
8 ms. Memory: 208384K Free: 195515K (94%)
ptolemy.util.test.WatchDog.cancel(): canceling Thu Jan 17 03:21:29 UTC 2019
auto.tcl: Setting watchdog for 200 seconds at Thu Jan 17 03:21:29 UTC 2019
8 ms. Memory: 208384K Free: 193417K (93%)
ptolemy.util.test.WatchDog.cancel(): canceling Thu Jan 17 03:21:29 UTC 2019
------------------ testing $PTII/ptolemy/domains/de/test/auto/LineFault.xml
auto.tcl: Setting watchdog for 200 seconds at Thu Jan 17 03:21:29 UTC 2019
699 ms. Memory: 208384K Free: 193582K (93%)
ptolemy.util.test.WatchDog.cancel(): canceling Thu Jan 17 03:21:30 UTC 2019
auto.tcl: Setting watchdog for 200 seconds at Thu Jan 17 03:21:30 UTC 2019
578 ms. Memory: 208384K Free: 136303K (65%)
ptolemy.util.test.WatchDog.cancel(): canceling Thu Jan 17 03:21:30 UTC 2019
------------------ testing $PTII/ptolemy/domains/de/test/auto/MergeModel1Add.xml
auto.tcl: Setting watchdog for 200 seconds at Thu Jan 17 03:21:30 UTC 2019
19 ms. Memory: 331264K Free: 298592K (90%)
ptolemy.util.test.WatchDog.cancel(): canceling Thu Jan 17 03:21:30 UTC 2019
auto.tcl: Setting watchdog for 200 seconds at Thu Jan 17 03:21:30 UTC 2019
7 ms. Memory: 331264K Free: 298592K (90%)
ptolemy.util.test.WatchDog.cancel(): canceling Thu Jan 17 03:21:30 UTC 2019
------------------ testing $PTII/ptolemy/domains/de/test/auto/MergeModel2Add.xml
auto.tcl: Setting watchdog for 200 seconds at Thu Jan 17 03:21:30 UTC 2019
9 ms. Memory: 331264K Free: 303828K (92%)
ptolemy.util.test.WatchDog.cancel(): canceling Thu Jan 17 03:21:30 UTC 2019
auto.tcl: Setting watchdog for 200 seconds at Thu Jan 17 03:21:30 UTC 2019
6 ms. Memory: 331264K Free: 299930K (91%)
ptolemy.util.test.WatchDog.cancel(): canceling Thu Jan 17 03:21:30 UTC 2019
------------------ testing $PTII/ptolemy/domains/de/test/auto/MergeModel3Add.xml
auto.tcl: Setting watchdog for 200 seconds at Thu Jan 17 03:21:30 UTC 2019
9 ms. Memory: 331264K Free: 303838K (92%)
ptolemy.util.test.WatchDog.cancel(): canceling Thu Jan 17 03:21:31 UTC 2019
auto.tcl: Setting watchdog for 200 seconds at Thu Jan 17 03:21:31 UTC 2019
9 ms. Memory: 331264K Free: 299941K (91%)
ptolemy.util.test.WatchDog.cancel(): canceling Thu Jan 17 03:21:31 UTC 2019
------------------ testing $PTII/ptolemy/domains/de/test/auto/MergeWithoutDiscard.xml
auto.tcl: Setting watchdog for 200 seconds at Thu Jan 17 03:21:31 UTC 2019
1 ms. Memory: 331264K Free: 315543K (95%)
ptolemy.util.test.WatchDog.cancel(): canceling Thu Jan 17 03:21:31 UTC 2019
auto.tcl: Setting watchdog for 200 seconds at Thu Jan 17 03:21:31 UTC 2019
2 ms. Memory: 331264K Free: 315543K (95%)
ptolemy.util.test.WatchDog.cancel(): canceling Thu Jan 17 03:21:31 UTC 2019
------------------ testing $PTII/ptolemy/domains/de/test/auto/Modal1.xml
auto.tcl: Setting watchdog for 200 seconds at Thu Jan 17 03:21:31 UTC 2019
17 ms. Memory: 331264K Free: 309502K (93%)
ptolemy.util.test.WatchDog.cancel(): canceling Thu Jan 17 03:21:31 UTC 2019
auto.tcl: Setting watchdog for 200 seconds at Thu Jan 17 03:21:31 UTC 2019
23 ms. Memory: 331264K Free: 305597K (92%)
ptolemy.util.test.WatchDog.cancel(): canceling Thu Jan 17 03:21:31 UTC 2019
------------------ testing $PTII/ptolemy/domains/de/test/auto/Modal2.xml
auto.tcl: Setting watchdog for 200 seconds at Thu Jan 17 03:21:31 UTC 2019
17 ms. Memory: 331264K Free: 306917K (93%)
ptolemy.util.test.WatchDog.cancel(): canceling Thu Jan 17 03:21:31 UTC 2019
auto.tcl: Setting watchdog for 200 seconds at Thu Jan 17 03:21:31 UTC 2019
16 ms. Memory: 331264K Free: 303004K (91%)
ptolemy.util.test.WatchDog.cancel(): canceling Thu Jan 17 03:21:31 UTC 2019
------------------ testing $PTII/ptolemy/domains/de/test/auto/Modal3.xml
auto.tcl: Setting watchdog for 200 seconds at Thu Jan 17 03:21:31 UTC 2019
14 ms. Memory: 331264K Free: 309658K (93%)
ptolemy.util.test.WatchDog.cancel(): canceling Thu Jan 17 03:21:31 UTC 2019
auto.tcl: Setting watchdog for 200 seconds at Thu Jan 17 03:21:31 UTC 2019
13 ms. Memory: 331264K Free: 305460K (92%)
ptolemy.util.test.WatchDog.cancel(): canceling Thu Jan 17 03:21:31 UTC 2019
------------------ testing $PTII/ptolemy/domains/de/test/auto/Modal4.xml
auto.tcl: Setting watchdog for 200 seconds at Thu Jan 17 03:21:31 UTC 2019
11 ms. Memory: 331264K Free: 309656K (93%)
ptolemy.util.test.WatchDog.cancel(): canceling Thu Jan 17 03:21:31 UTC 2019
auto.tcl: Setting watchdog for 200 seconds at Thu Jan 17 03:21:31 UTC 2019
12 ms. Memory: 331264K Free: 305457K (92%)
ptolemy.util.test.WatchDog.cancel(): canceling Thu Jan 17 03:21:31 UTC 2019
------------------ testing $PTII/ptolemy/domains/de/test/auto/Modal5.xml
auto.tcl: Setting watchdog for 200 seconds at Thu Jan 17 03:21:31 UTC 2019
12 ms. Memory: 331264K Free: 309359K (93%)
ptolemy.util.test.WatchDog.cancel(): canceling Thu Jan 17 03:21:31 UTC 2019
auto.tcl: Setting watchdog for 200 seconds at Thu Jan 17 03:21:31 UTC 2019
21 ms. Memory: 331264K Free: 305446K (92%)
ptolemy.util.test.WatchDog.cancel(): canceling Thu Jan 17 03:21:31 UTC 2019
------------------ testing $PTII/ptolemy/domains/de/test/auto/Modal6.xml
auto.tcl: Setting watchdog for 200 seconds at Thu Jan 17 03:21:31 UTC 2019
16 ms. Memory: 331264K Free: 309356K (93%)
ptolemy.util.test.WatchDog.cancel(): canceling Thu Jan 17 03:21:31 UTC 2019
auto.tcl: Setting watchdog for 200 seconds at Thu Jan 17 03:21:31 UTC 2019
15 ms. Memory: 331264K Free: 305459K (92%)
ptolemy.util.test.WatchDog.cancel(): canceling Thu Jan 17 03:21:31 UTC 2019
------------------ testing $PTII/ptolemy/domains/de/test/auto/Modal7.xml
auto.tcl: Setting watchdog for 200 seconds at Thu Jan 17 03:21:31 UTC 2019
17 ms. Memory: 331264K Free: 305442K (92%)
ptolemy.util.test.WatchDog.cancel(): canceling Thu Jan 17 03:21:31 UTC 2019
auto.tcl: Setting watchdog for 200 seconds at Thu Jan 17 03:21:31 UTC 2019
9 ms. Memory: 331264K Free: 305442K (92%)
ptolemy.util.test.WatchDog.cancel(): canceling Thu Jan 17 03:21:31 UTC 2019
------------------ testing $PTII/ptolemy/domains/de/test/auto/ModalModel.xml
auto.tcl: Setting watchdog for 200 seconds at Thu Jan 17 03:21:31 UTC 2019
202 ms. Memory: 331264K Free: 248255K (75%)
ptolemy.util.test.WatchDog.cancel(): canceling Thu Jan 17 03:21:32 UTC 2019
auto.tcl: Setting watchdog for 200 seconds at Thu Jan 17 03:21:32 UTC 2019
156 ms. Memory: 331264K Free: 193579K (58%)
ptolemy.util.test.WatchDog.cancel(): canceling Thu Jan 17 03:21:32 UTC 2019
------------------ testing $PTII/ptolemy/domains/de/test/auto/ModalSource.xml
auto.tcl: Setting watchdog for 200 seconds at Thu Jan 17 03:21:32 UTC 2019
8 ms. Memory: 331264K Free: 315989K (95%)
ptolemy.util.test.WatchDog.cancel(): canceling Thu Jan 17 03:21:32 UTC 2019
auto.tcl: Setting watchdog for 200 seconds at Thu Jan 17 03:21:32 UTC 2019
4 ms. Memory: 331264K Free: 312456K (94%)
ptolemy.util.test.WatchDog.cancel(): canceling Thu Jan 17 03:21:32 UTC 2019
------------------ testing $PTII/ptolemy/domains/de/test/auto/NonInterruptibleTimerZeroDelay.xml
auto.tcl: Setting watchdog for 200 seconds at Thu Jan 17 03:21:32 UTC 2019
3 ms. Memory: 331264K Free: 319580K (96%)
ptolemy.util.test.WatchDog.cancel(): canceling Thu Jan 17 03:21:32 UTC 2019
auto.tcl: Setting watchdog for 200 seconds at Thu Jan 17 03:21:32 UTC 2019
2 ms. Memory: 331264K Free: 316048K (95%)
ptolemy.util.test.WatchDog.cancel(): canceling Thu Jan 17 03:21:32 UTC 2019
------------------ testing $PTII/ptolemy/domains/de/test/auto/OpenQueueingNetwork.xml
auto.tcl: Setting watchdog for 200 seconds at Thu Jan 17 03:21:32 UTC 2019
2614 ms. Memory: 317952K Free: 155748K (49%)
ptolemy.util.test.WatchDog.cancel(): canceling Thu Jan 17 03:21:35 UTC 2019
auto.tcl: Setting watchdog for 200 seconds at Thu Jan 17 03:21:35 UTC 2019
2289 ms. Memory: 287232K Free: 232041K (81%)
ptolemy.util.test.WatchDog.cancel(): canceling Thu Jan 17 03:21:37 UTC 2019
------------------ testing $PTII/ptolemy/domains/de/test/auto/OpenQueuingNetwork.xml
auto.tcl: Setting watchdog for 200 seconds at Thu Jan 17 03:21:37 UTC 2019
224 ms. Memory: 287232K Free: 186266K (65%)
ptolemy.util.test.WatchDog.cancel(): canceling Thu Jan 17 03:21:38 UTC 2019
auto.tcl: Setting watchdog for 200 seconds at Thu Jan 17 03:21:38 UTC 2019
221 ms. Memory: 287232K Free: 129138K (45%)
ptolemy.util.test.WatchDog.cancel(): canceling Thu Jan 17 03:21:38 UTC 2019
------------------ testing $PTII/ptolemy/domains/de/test/auto/PeriodicSampler.xml
auto.tcl: Setting watchdog for 200 seconds at Thu Jan 17 03:21:38 UTC 2019
2 ms. Memory: 289792K Free: 273545K (94%)
ptolemy.util.test.WatchDog.cancel(): canceling Thu Jan 17 03:21:38 UTC 2019
auto.tcl: Setting watchdog for 200 seconds at Thu Jan 17 03:21:38 UTC 2019
2 ms. Memory: 289792K Free: 273545K (94%)
ptolemy.util.test.WatchDog.cancel(): canceling Thu Jan 17 03:21:38 UTC 2019
------------------ testing $PTII/ptolemy/domains/de/test/auto/PersistentIO.xml
auto.tcl: Setting watchdog for 200 seconds at Thu Jan 17 03:21:38 UTC 2019
4 ms. Memory: 287232K Free: 265793K (93%)
ptolemy.util.test.WatchDog.cancel(): canceling Thu Jan 17 03:21:38 UTC 2019
auto.tcl: Setting watchdog for 200 seconds at Thu Jan 17 03:21:38 UTC 2019
4 ms. Memory: 287232K Free: 265793K (93%)
ptolemy.util.test.WatchDog.cancel(): canceling Thu Jan 17 03:21:38 UTC 2019
------------------ testing $PTII/ptolemy/domains/de/test/auto/PortParameterResetOnInitialize.xml
auto.tcl: Setting watchdog for 200 seconds at Thu Jan 17 03:21:38 UTC 2019
2 ms. Memory: 289280K Free: 273393K (95%)
ptolemy.util.test.WatchDog.cancel(): canceling Thu Jan 17 03:21:38 UTC 2019
auto.tcl: Setting watchdog for 200 seconds at Thu Jan 17 03:21:38 UTC 2019
1 ms. Memory: 289280K Free: 273393K (95%)
ptolemy.util.test.WatchDog.cancel(): canceling Thu Jan 17 03:21:38 UTC 2019
------------------ testing $PTII/ptolemy/domains/de/test/auto/PortParameterUpdates.xml
auto.tcl: Setting watchdog for 200 seconds at Thu Jan 17 03:21:38 UTC 2019
5 ms. Memory: 287232K Free: 271478K (95%)
ptolemy.util.test.WatchDog.cancel(): canceling Thu Jan 17 03:21:38 UTC 2019
auto.tcl: Setting watchdog for 200 seconds at Thu Jan 17 03:21:38 UTC 2019
3 ms. Memory: 287232K Free: 268575K (94%)
ptolemy.util.test.WatchDog.cancel(): canceling Thu Jan 17 03:21:38 UTC 2019
------------------ testing $PTII/ptolemy/domains/de/test/auto/QueueAndServer.xml
auto.tcl: Setting watchdog for 200 seconds at Thu Jan 17 03:21:38 UTC 2019
15 ms. Memory: 289280K Free: 272652K (94%)
ptolemy.util.test.WatchDog.cancel(): canceling Thu Jan 17 03:21:38 UTC 2019
auto.tcl: Setting watchdog for 200 seconds at Thu Jan 17 03:21:38 UTC 2019
6 ms. Memory: 289280K Free: 272652K (94%)
ptolemy.util.test.WatchDog.cancel(): canceling Thu Jan 17 03:21:38 UTC 2019
------------------ testing $PTII/ptolemy/domains/de/test/auto/Records.xml
auto.tcl: Setting watchdog for 200 seconds at Thu Jan 17 03:21:38 UTC 2019
8 ms. Memory: 287232K Free: 273441K (95%)
ptolemy.util.test.WatchDog.cancel(): canceling Thu Jan 17 03:21:38 UTC 2019
auto.tcl: Setting watchdog for 200 seconds at Thu Jan 17 03:21:38 UTC 2019
2 ms. Memory: 287232K Free: 273441K (95%)
ptolemy.util.test.WatchDog.cancel(): canceling Thu Jan 17 03:21:38 UTC 2019
------------------ testing $PTII/ptolemy/domains/de/test/auto/ResetTransitionWithStartTime1.xml
auto.tcl: Setting watchdog for 200 seconds at Thu Jan 17 03:21:38 UTC 2019
12 ms. Memory: 288768K Free: 272108K (94%)
ptolemy.util.test.WatchDog.cancel(): canceling Thu Jan 17 03:21:38 UTC 2019
auto.tcl: Setting watchdog for 200 seconds at Thu Jan 17 03:21:38 UTC 2019
9 ms. Memory: 288768K Free: 269213K (93%)
ptolemy.util.test.WatchDog.cancel(): canceling Thu Jan 17 03:21:38 UTC 2019
------------------ testing $PTII/ptolemy/domains/de/test/auto/ResetTransitionWithStartTime2.xml
auto.tcl: Setting watchdog for 200 seconds at Thu Jan 17 03:21:38 UTC 2019
5 ms. Memory: 287232K Free: 270656K (94%)
ptolemy.util.test.WatchDog.cancel(): canceling Thu Jan 17 03:21:38 UTC 2019
auto.tcl: Setting watchdog for 200 seconds at Thu Jan 17 03:21:38 UTC 2019
6 ms. Memory: 287232K Free: 267753K (93%)
ptolemy.util.test.WatchDog.cancel(): canceling Thu Jan 17 03:21:38 UTC 2019
------------------ testing $PTII/ptolemy/domains/de/test/auto/ResetTransitionWithStartTime3.xml
auto.tcl: Setting watchdog for 200 seconds at Thu Jan 17 03:21:38 UTC 2019
7 ms. Memory: 288768K Free: 272097K (94%)
ptolemy.util.test.WatchDog.cancel(): canceling Thu Jan 17 03:21:38 UTC 2019
auto.tcl: Setting watchdog for 200 seconds at Thu Jan 17 03:21:38 UTC 2019
5 ms. Memory: 288768K Free: 269202K (93%)
ptolemy.util.test.WatchDog.cancel(): canceling Thu Jan 17 03:21:38 UTC 2019
------------------ testing $PTII/ptolemy/domains/de/test/auto/ResetTransitionWithStartTime4.xml
auto.tcl: Setting watchdog for 200 seconds at Thu Jan 17 03:21:39 UTC 2019
5 ms. Memory: 287232K Free: 270576K (94%)
ptolemy.util.test.WatchDog.cancel(): canceling Thu Jan 17 03:21:39 UTC 2019
auto.tcl: Setting watchdog for 200 seconds at Thu Jan 17 03:21:39 UTC 2019
3 ms. Memory: 287232K Free: 270576K (94%)
ptolemy.util.test.WatchDog.cancel(): canceling Thu Jan 17 03:21:39 UTC 2019
------------------ testing $PTII/ptolemy/domains/de/test/auto/ResettableTimer1.xml
auto.tcl: Setting watchdog for 200 seconds at Thu Jan 17 03:21:39 UTC 2019
2 ms. Memory: 288768K Free: 275003K (95%)
ptolemy.util.test.WatchDog.cancel(): canceling Thu Jan 17 03:21:39 UTC 2019
auto.tcl: Setting watchdog for 200 seconds at Thu Jan 17 03:21:39 UTC 2019
2 ms. Memory: 288768K Free: 275003K (95%)
ptolemy.util.test.WatchDog.cancel(): canceling Thu Jan 17 03:21:39 UTC 2019
------------------ testing $PTII/ptolemy/domains/de/test/auto/ResettableTimer2.xml
auto.tcl: Setting watchdog for 200 seconds at Thu Jan 17 03:21:39 UTC 2019
4 ms. Memory: 287232K Free: 273610K (95%)
ptolemy.util.test.WatchDog.cancel(): canceling Thu Jan 17 03:21:39 UTC 2019
auto.tcl: Setting watchdog for 200 seconds at Thu Jan 17 03:21:39 UTC 2019
2 ms. Memory: 287232K Free: 273610K (95%)
ptolemy.util.test.WatchDog.cancel(): canceling Thu Jan 17 03:21:39 UTC 2019
------------------ testing $PTII/ptolemy/domains/de/test/auto/ResettableTimer3.xml
auto.tcl: Setting watchdog for 200 seconds at Thu Jan 17 03:21:39 UTC 2019
1 ms. Memory: 288256K Free: 274532K (95%)
ptolemy.util.test.WatchDog.cancel(): canceling Thu Jan 17 03:21:39 UTC 2019
auto.tcl: Setting watchdog for 200 seconds at Thu Jan 17 03:21:39 UTC 2019
1 ms. Memory: 288256K Free: 274532K (95%)
ptolemy.util.test.WatchDog.cancel(): canceling Thu Jan 17 03:21:39 UTC 2019
------------------ testing $PTII/ptolemy/domains/de/test/auto/ResettableTimer4.xml
auto.tcl: Setting watchdog for 200 seconds at Thu Jan 17 03:21:39 UTC 2019
1 ms. Memory: 287232K Free: 273623K (95%)
ptolemy.util.test.WatchDog.cancel(): canceling Thu Jan 17 03:21:39 UTC 2019
auto.tcl: Setting watchdog for 200 seconds at Thu Jan 17 03:21:39 UTC 2019
1 ms. Memory: 287232K Free: 273623K (95%)
ptolemy.util.test.WatchDog.cancel(): canceling Thu Jan 17 03:21:39 UTC 2019
------------------ testing $PTII/ptolemy/domains/de/test/auto/ResettableTimer5.xml
auto.tcl: Setting watchdog for 200 seconds at Thu Jan 17 03:21:39 UTC 2019
1 ms. Memory: 288256K Free: 272485K (95%)
ptolemy.util.test.WatchDog.cancel(): canceling Thu Jan 17 03:21:39 UTC 2019
auto.tcl: Setting watchdog for 200 seconds at Thu Jan 17 03:21:39 UTC 2019
1 ms. Memory: 288256K Free: 272485K (95%)
ptolemy.util.test.WatchDog.cancel(): canceling Thu Jan 17 03:21:39 UTC 2019
------------------ testing $PTII/ptolemy/domains/de/test/auto/ResettableTimer6.xml
auto.tcl: Setting watchdog for 200 seconds at Thu Jan 17 03:21:39 UTC 2019
1 ms. Memory: 287232K Free: 273469K (95%)
ptolemy.util.test.WatchDog.cancel(): canceling Thu Jan 17 03:21:39 UTC 2019
auto.tcl: Setting watchdog for 200 seconds at Thu Jan 17 03:21:39 UTC 2019
1 ms. Memory: 287232K Free: 273469K (95%)
ptolemy.util.test.WatchDog.cancel(): canceling Thu Jan 17 03:21:39 UTC 2019
------------------ testing $PTII/ptolemy/domains/de/test/auto/ServerZeroDelay.xml
auto.tcl: Setting watchdog for 200 seconds at Thu Jan 17 03:21:39 UTC 2019
3 ms. Memory: 288256K Free: 274585K (95%)
ptolemy.util.test.WatchDog.cancel(): canceling Thu Jan 17 03:21:39 UTC 2019
auto.tcl: Setting watchdog for 200 seconds at Thu Jan 17 03:21:39 UTC 2019
2 ms. Memory: 288256K Free: 274585K (95%)
ptolemy.util.test.WatchDog.cancel(): canceling Thu Jan 17 03:21:39 UTC 2019
------------------ testing $PTII/ptolemy/domains/de/test/auto/SmartSender.xml
auto.tcl: Setting watchdog for 200 seconds at Thu Jan 17 03:21:39 UTC 2019
3001 ms. Memory: 287232K Free: 273556K (95%)
ptolemy.util.test.WatchDog.cancel(): canceling Thu Jan 17 03:21:42 UTC 2019
auto.tcl: Setting watchdog for 200 seconds at Thu Jan 17 03:21:42 UTC 2019
3001 ms. Memory: 287232K Free: 273556K (95%)
ptolemy.util.test.WatchDog.cancel(): canceling Thu Jan 17 03:21:45 UTC 2019
------------------ testing $PTII/ptolemy/domains/de/test/auto/ThreadedComposite.xml
auto.tcl: Setting watchdog for 200 seconds at Thu Jan 17 03:21:45 UTC 2019
181 ms. Memory: 288256K Free: 251367K (87%)
ptolemy.util.test.WatchDog.cancel(): canceling Thu Jan 17 03:21:45 UTC 2019
auto.tcl: Setting watchdog for 200 seconds at Thu Jan 17 03:21:45 UTC 2019
139 ms. Memory: 288256K Free: 233227K (81%)
ptolemy.util.test.WatchDog.cancel(): canceling Thu Jan 17 03:21:45 UTC 2019
------------------ testing $PTII/ptolemy/domains/de/test/auto/Time.xml
auto.tcl: Setting watchdog for 200 seconds at Thu Jan 17 03:21:45 UTC 2019
490 ms. Memory: 287232K Free: 217604K (76%)
ptolemy.util.test.WatchDog.cancel(): canceling Thu Jan 17 03:21:46 UTC 2019
auto.tcl: Setting watchdog for 200 seconds at Thu Jan 17 03:21:46 UTC 2019
468 ms. Memory: 287232K Free: 162597K (57%)
ptolemy.util.test.WatchDog.cancel(): canceling Thu Jan 17 03:21:46 UTC 2019
------------------ testing $PTII/ptolemy/domains/de/test/auto/TimeDelayZeroDelay.xml
auto.tcl: Setting watchdog for 200 seconds at Thu Jan 17 03:21:46 UTC 2019
2 ms. Memory: 287744K Free: 274541K (95%)
ptolemy.util.test.WatchDog.cancel(): canceling Thu Jan 17 03:21:46 UTC 2019
auto.tcl: Setting watchdog for 200 seconds at Thu Jan 17 03:21:46 UTC 2019
2 ms. Memory: 287744K Free: 274541K (95%)
ptolemy.util.test.WatchDog.cancel(): canceling Thu Jan 17 03:21:46 UTC 2019
------------------ testing $PTII/ptolemy/domains/de/test/auto/TimerZeroDelay.xml
auto.tcl: Setting watchdog for 200 seconds at Thu Jan 17 03:21:47 UTC 2019
2 ms. Memory: 287232K Free: 274138K (95%)
ptolemy.util.test.WatchDog.cancel(): canceling Thu Jan 17 03:21:47 UTC 2019
auto.tcl: Setting watchdog for 200 seconds at Thu Jan 17 03:21:47 UTC 2019
1 ms. Memory: 287232K Free: 274138K (95%)
ptolemy.util.test.WatchDog.cancel(): canceling Thu Jan 17 03:21:47 UTC 2019
------------------ testing $PTII/ptolemy/domains/de/test/auto/TimingParadox.xml
auto.tcl: Setting watchdog for 200 seconds at Thu Jan 17 03:21:47 UTC 2019
320 ms. Memory: 287744K Free: 208479K (72%)
ptolemy.util.test.WatchDog.cancel(): canceling Thu Jan 17 03:21:47 UTC 2019
auto.tcl: Setting watchdog for 200 seconds at Thu Jan 17 03:21:47 UTC 2019
291 ms. Memory: 287744K Free: 172272K (60%)
ptolemy.util.test.WatchDog.cancel(): canceling Thu Jan 17 03:21:47 UTC 2019
------------------ testing $PTII/ptolemy/domains/de/test/auto/TransferInputs.xml
auto.tcl: Setting watchdog for 200 seconds at Thu Jan 17 03:21:47 UTC 2019
2 ms. Memory: 287744K Free: 273504K (95%)
ptolemy.util.test.WatchDog.cancel(): canceling Thu Jan 17 03:21:47 UTC 2019
auto.tcl: Setting watchdog for 200 seconds at Thu Jan 17 03:21:47 UTC 2019
5 ms. Memory: 287744K Free: 273504K (95%)
ptolemy.util.test.WatchDog.cancel(): canceling Thu Jan 17 03:21:47 UTC 2019
------------------ testing $PTII/ptolemy/domains/de/test/auto/TransferOutputs2.xml
auto.tcl: Setting watchdog for 200 seconds at Thu Jan 17 03:21:47 UTC 2019
3 ms. Memory: 287232K Free: 269425K (94%)
ptolemy.util.test.WatchDog.cancel(): canceling Thu Jan 17 03:21:48 UTC 2019
auto.tcl: Setting watchdog for 200 seconds at Thu Jan 17 03:21:48 UTC 2019
2 ms. Memory: 287232K Free: 266798K (93%)
ptolemy.util.test.WatchDog.cancel(): canceling Thu Jan 17 03:21:48 UTC 2019
------------------ testing $PTII/ptolemy/domains/de/test/auto/Trilateration.xml
auto.tcl: Setting watchdog for 200 seconds at Thu Jan 17 03:21:48 UTC 2019
14002 ms. Memory: 473088K Free: 214856K (45%)
ptolemy.util.test.WatchDog.cancel(): canceling Thu Jan 17 03:22:03 UTC 2019
auto.tcl: Setting watchdog for 200 seconds at Thu Jan 17 03:22:03 UTC 2019
10919 ms. Memory: 352256K Free: 107583K (31%)
ptolemy.util.test.WatchDog.cancel(): canceling Thu Jan 17 03:22:13 UTC 2019
------------------ testing $PTII/ptolemy/domains/de/test/auto/TwoSigmaDelta.xml
auto.tcl: Setting watchdog for 200 seconds at Thu Jan 17 03:22:14 UTC 2019
2626 ms. Memory: 339968K Free: 306724K (90%)
ptolemy.util.test.WatchDog.cancel(): canceling Thu Jan 17 03:22:16 UTC 2019
auto.tcl: Setting watchdog for 200 seconds at Thu Jan 17 03:22:16 UTC 2019
1897 ms. Memory: 339968K Free: 75789K (22%)
ptolemy.util.test.WatchDog.cancel(): canceling Thu Jan 17 03:22:18 UTC 2019
------------------ testing $PTII/ptolemy/domains/de/test/auto/VariableDelay.xml
auto.tcl: Setting watchdog for 200 seconds at Thu Jan 17 03:22:18 UTC 2019
2 ms. Memory: 337408K Free: 324588K (96%)
ptolemy.util.test.WatchDog.cancel(): canceling Thu Jan 17 03:22:18 UTC 2019
auto.tcl: Setting watchdog for 200 seconds at Thu Jan 17 03:22:18 UTC 2019
2 ms. Memory: 337408K Free: 320719K (95%)
ptolemy.util.test.WatchDog.cancel(): canceling Thu Jan 17 03:22:18 UTC 2019
------------------ testing $PTII/ptolemy/domains/de/test/auto/VariableDelay2.xml
auto.tcl: Setting watchdog for 200 seconds at Thu Jan 17 03:22:18 UTC 2019
2 ms. Memory: 339456K Free: 327044K (96%)
ptolemy.util.test.WatchDog.cancel(): canceling Thu Jan 17 03:22:18 UTC 2019
auto.tcl: Setting watchdog for 200 seconds at Thu Jan 17 03:22:18 UTC 2019
2 ms. Memory: 339456K Free: 323168K (95%)
ptolemy.util.test.WatchDog.cancel(): canceling Thu Jan 17 03:22:18 UTC 2019
------------------ testing $PTII/ptolemy/domains/de/test/auto/VariableDelayZeroDelay.xml
auto.tcl: Setting watchdog for 200 seconds at Thu Jan 17 03:22:18 UTC 2019
3 ms. Memory: 337408K Free: 322436K (96%)
ptolemy.util.test.WatchDog.cancel(): canceling Thu Jan 17 03:22:18 UTC 2019
auto.tcl: Setting watchdog for 200 seconds at Thu Jan 17 03:22:18 UTC 2019
2 ms. Memory: 337408K Free: 318567K (94%)
ptolemy.util.test.WatchDog.cancel(): canceling Thu Jan 17 03:22:18 UTC 2019
------------------ testing $PTII/ptolemy/domains/de/test/auto/VariableDelayZeroDelay2.xml
auto.tcl: Setting watchdog for 200 seconds at Thu Jan 17 03:22:19 UTC 2019
2 ms. Memory: 339456K Free: 324481K (96%)
ptolemy.util.test.WatchDog.cancel(): canceling Thu Jan 17 03:22:19 UTC 2019
auto.tcl: Setting watchdog for 200 seconds at Thu Jan 17 03:22:19 UTC 2019
2 ms. Memory: 339456K Free: 320597K (94%)
ptolemy.util.test.WatchDog.cancel(): canceling Thu Jan 17 03:22:19 UTC 2019
------------------ testing $PTII/ptolemy/domains/de/test/auto/deInCt.xml
auto.tcl: Setting watchdog for 200 seconds at Thu Jan 17 03:22:19 UTC 2019
0
1
1
0
0
0
1
1
1
0
0
0
1
1
1
0
0
0
1
1
1
0
0
0
0
0
1
1
0
0
0
1
1
1
1
1
0
0
0
1
1
1
1
0
0
0
0
20 ms. Memory: 337408K Free: 318557K (94%)
ptolemy.util.test.WatchDog.cancel(): canceling Thu Jan 17 03:22:19 UTC 2019
auto.tcl: Setting watchdog for 200 seconds at Thu Jan 17 03:22:19 UTC 2019
0
1
1
1
0
0
0
1
1
1
1
0
0
0
1
1
1
1
1
1
0
0
0
1
1
1
1
1
0
0
0
1
1
1
1
9 ms. Memory: 337408K Free: 318557K (94%)
ptolemy.util.test.WatchDog.cancel(): canceling Thu Jan 17 03:22:19 UTC 2019
------------------ testing $PTII/ptolemy/domains/de/test/auto/deInCt2.xml
auto.tcl: Setting watchdog for 200 seconds at Thu Jan 17 03:22:19 UTC 2019
0
1
1
1
0
0
1
1
1
0
0
1
1
1
0
0
1
1
1
0
0
1
1
1
0
0
1
1
1
0
0
1
1
1
0
0
1
1
1
0
0
0
10 ms. Memory: 338944K Free: 322657K (95%)
ptolemy.util.test.WatchDog.cancel(): canceling Thu Jan 17 03:22:19 UTC 2019
auto.tcl: Setting watchdog for 200 seconds at Thu Jan 17 03:22:19 UTC 2019
0
1
1
1
0
0
1
1
1
0
0
1
1
1
0
0
1
1
1
0
0
1
1
1
0
0
1
1
1
0
0
1
1
1
0
0
1
1
1
0
0
0
10 ms. Memory: 338944K Free: 322657K (95%)
ptolemy.util.test.WatchDog.cancel(): canceling Thu Jan 17 03:22:19 UTC 2019
------------------ testing $PTII/ptolemy/domains/de/test/auto/dynamicCausalityInterface1.xml
auto.tcl: Setting watchdog for 200 seconds at Thu Jan 17 03:22:19 UTC 2019
2 ms. Memory: 337408K Free: 317233K (94%)
ptolemy.util.test.WatchDog.cancel(): canceling Thu Jan 17 03:22:19 UTC 2019
auto.tcl: Setting watchdog for 200 seconds at Thu Jan 17 03:22:19 UTC 2019
1 ms. Memory: 337408K Free: 317233K (94%)
ptolemy.util.test.WatchDog.cancel(): canceling Thu Jan 17 03:22:19 UTC 2019
------------------ testing $PTII/ptolemy/domains/de/test/auto/fsm_de_test.xml
auto.tcl: Setting watchdog for 200 seconds at Thu Jan 17 03:22:19 UTC 2019
10 ms. Memory: 338944K Free: 316088K (93%)
ptolemy.util.test.WatchDog.cancel(): canceling Thu Jan 17 03:22:19 UTC 2019
auto.tcl: Setting watchdog for 200 seconds at Thu Jan 17 03:22:19 UTC 2019
7 ms. Memory: 338944K Free: 316088K (93%)
ptolemy.util.test.WatchDog.cancel(): canceling Thu Jan 17 03:22:19 UTC 2019
------------------ testing $PTII/ptolemy/domains/de/test/auto/functionDependencyReconstruction.xml
auto.tcl: Setting watchdog for 200 seconds at Thu Jan 17 03:22:19 UTC 2019
3 ms. Memory: 337408K Free: 310690K (92%)
ptolemy.util.test.WatchDog.cancel(): canceling Thu Jan 17 03:22:19 UTC 2019
auto.tcl: Setting watchdog for 200 seconds at Thu Jan 17 03:22:19 UTC 2019
2 ms. Memory: 337408K Free: 306805K (91%)
ptolemy.util.test.WatchDog.cancel(): canceling Thu Jan 17 03:22:19 UTC 2019
------------------ testing $PTII/ptolemy/domains/de/test/auto/multirate.xml
auto.tcl: Setting watchdog for 200 seconds at Thu Jan 17 03:22:19 UTC 2019
2 ms. Memory: 338432K Free: 319324K (94%)
ptolemy.util.test.WatchDog.cancel(): canceling Thu Jan 17 03:22:19 UTC 2019
auto.tcl: Setting watchdog for 200 seconds at Thu Jan 17 03:22:19 UTC 2019
2 ms. Memory: 338432K Free: 319324K (94%)
ptolemy.util.test.WatchDog.cancel(): canceling Thu Jan 17 03:22:19 UTC 2019
------------------ testing $PTII/ptolemy/domains/de/test/auto/multirate2.xml
auto.tcl: Setting watchdog for 200 seconds at Thu Jan 17 03:22:19 UTC 2019
2 ms. Memory: 337408K Free: 321051K (95%)
ptolemy.util.test.WatchDog.cancel(): canceling Thu Jan 17 03:22:19 UTC 2019
auto.tcl: Setting watchdog for 200 seconds at Thu Jan 17 03:22:19 UTC 2019
3 ms. Memory: 337408K Free: 321051K (95%)
ptolemy.util.test.WatchDog.cancel(): canceling Thu Jan 17 03:22:19 UTC 2019
------------------ testing $PTII/ptolemy/domains/de/test/auto/realtime.xml
auto.tcl: Setting watchdog for 200 seconds at Thu Jan 17 03:22:19 UTC 2019
10001 ms. Memory: 338432K Free: 319509K (94%)
ptolemy.util.test.WatchDog.cancel(): canceling Thu Jan 17 03:22:29 UTC 2019
auto.tcl: Setting watchdog for 200 seconds at Thu Jan 17 03:22:29 UTC 2019
10002 ms. Memory: 338432K Free: 319509K (94%)
ptolemy.util.test.WatchDog.cancel(): canceling Thu Jan 17 03:22:39 UTC 2019
------------------ testing $PTII/ptolemy/domains/de/test/auto/relationGroup.xml
auto.tcl: Setting watchdog for 200 seconds at Thu Jan 17 03:22:39 UTC 2019
2 ms. Memory: 337408K Free: 324960K (96%)
ptolemy.util.test.WatchDog.cancel(): canceling Thu Jan 17 03:22:39 UTC 2019
auto.tcl: Setting watchdog for 200 seconds at Thu Jan 17 03:22:39 UTC 2019
1 ms. Memory: 337408K Free: 324960K (96%)
ptolemy.util.test.WatchDog.cancel(): canceling Thu Jan 17 03:22:39 UTC 2019
------------------ testing $PTII/ptolemy/domains/de/test/auto/relationGroup2.xml
auto.tcl: Setting watchdog for 200 seconds at Thu Jan 17 03:22:39 UTC 2019
1 ms. Memory: 338432K Free: 323450K (96%)
ptolemy.util.test.WatchDog.cancel(): canceling Thu Jan 17 03:22:39 UTC 2019
auto.tcl: Setting watchdog for 200 seconds at Thu Jan 17 03:22:39 UTC 2019
1 ms. Memory: 338432K Free: 323450K (96%)
ptolemy.util.test.WatchDog.cancel(): canceling Thu Jan 17 03:22:39 UTC 2019
------------------ testing $PTII/ptolemy/domains/de/test/auto/sortWithOpaquePorts.xml
auto.tcl: Setting watchdog for 200 seconds at Thu Jan 17 03:22:39 UTC 2019
1 ms. Memory: 337408K Free: 322428K (96%)
ptolemy.util.test.WatchDog.cancel(): canceling Thu Jan 17 03:22:39 UTC 2019
auto.tcl: Setting watchdog for 200 seconds at Thu Jan 17 03:22:39 UTC 2019
3 ms. Memory: 337408K Free: 318543K (94%)
ptolemy.util.test.WatchDog.cancel(): canceling Thu Jan 17 03:22:39 UTC 2019
------------------ testing $PTII/ptolemy/domains/de/test/auto/transferInputsandOutputs.xml
auto.tcl: Setting watchdog for 200 seconds at Thu Jan 17 03:22:39 UTC 2019
2 ms. Memory: 337920K Free: 319057K (94%)
ptolemy.util.test.WatchDog.cancel(): canceling Thu Jan 17 03:22:39 UTC 2019
auto.tcl: Setting watchdog for 200 seconds at Thu Jan 17 03:22:39 UTC 2019
2 ms. Memory: 337920K Free: 319057K (94%)
ptolemy.util.test.WatchDog.cancel(): canceling Thu Jan 17 03:22:39 UTC 2019
------------------ testing $PTII/ptolemy/domains/de/test/auto/triggerType.xml
auto.tcl: Setting watchdog for 200 seconds at Thu Jan 17 03:22:40 UTC 2019
2 ms. Memory: 337408K Free: 322366K (96%)
ptolemy.util.test.WatchDog.cancel(): canceling Thu Jan 17 03:22:40 UTC 2019
auto.tcl: Setting watchdog for 200 seconds at Thu Jan 17 03:22:40 UTC 2019
1 ms. Memory: 337408K Free: 318497K (94%)
ptolemy.util.test.WatchDog.cancel(): canceling Thu Jan 17 03:22:40 UTC 2019
01/17/19 03:22:40
Failed: 0  Total Tests: 192  ((Passed: 187, Newly Passed: 1)  Known Failed: 5) /home/travis/build/icyphy/ptII/ptolemy/domains/de/test
01/17/19 03:22:40
Failed: 0  Total Tests: 192  ((Passed: 187, Newly Passed: 1)  Known Failed: 5) /home/travis/build/icyphy/ptII/ptolemy/domains/de/test
----------------- testing (KnownFailure) /home/travis/build/icyphy/ptII/ptolemy/domains/de/test/auto/knownFailedTests/DESDFClockTest.xml
2009 ms. Memory: 337920K Free: 312671K (93%)
Known Failure: java.lang.reflect.InvocationTargetException
----------------- testing (KnownFailure) /home/travis/build/icyphy/ptII/ptolemy/domains/de/test/auto/knownFailedTests/DirectFeedback.xml
2 ms. Memory: 337920K Free: 292191K (86%)
Known Failure: java.lang.reflect.InvocationTargetException
----------------- testing (KnownFailure) /home/travis/build/icyphy/ptII/ptolemy/domains/de/test/auto/knownFailedTests/FSMSource.xml
8 ms. Memory: 337920K Free: 266574K (79%)
----------------- testing (KnownFailure) /home/travis/build/icyphy/ptII/ptolemy/domains/de/test/auto/knownFailedTests/HierarchicalModel.xml
2 ms. Memory: 337920K Free: 240958K (71%)
Known Failure: java.lang.reflect.InvocationTargetException
----------------- testing (KnownFailure) /home/travis/build/icyphy/ptII/ptolemy/domains/de/test/auto/knownFailedTests/dependencyLoop.xml
2 ms. Memory: 337920K Free: 210221K (62%)
Known Failure: java.lang.reflect.InvocationTargetException
----------------- testing (KnownFailure) /home/travis/build/icyphy/ptII/ptolemy/domains/de/test/auto/knownFailedTests/dependencyLoop2.xml
3 ms. Memory: 337920K Free: 179485K (53%)
Known Failure: java.lang.reflect.InvocationTargetException
No auto/linux-amd64/*.xml tests in /home/travis/build/icyphy/ptII/ptolemy/domains/de/test
AutoTests.java: About to close Vertx.
AutoTests.java: Vertx closed.

===========================================================================================
----------------- testing Thu Jan 17 03:22:42 UTC 2019 /home/travis/build/icyphy/ptII/ptolemy/domains/de/test/auto/ActorDepthCalculation_actorWithoutPorts.xml
----------------- Instantiating /home/travis/build/icyphy/ptII/ptolemy/domains/de/test/auto/ActorDepthCalculation_actorWithoutPorts.xml
2 ms. Memory: 337920K Free: 153885K (46%)
----------------- Invoking toplevel() on ptolemy.moml.MoMLSimpleApplication@44fe6473
----------------- Done invoking toplevel() on ptolemy.moml.MoMLSimpleApplication@44fe6473
reloadAllAccessors: .ActorDepthCalculation_actorWithoutPorts

===========================================================================================
----------------- testing Thu Jan 17 03:22:42 UTC 2019 /home/travis/build/icyphy/ptII/ptolemy/domains/de/test/auto/AssemblyLine.xml
----------------- Instantiating /home/travis/build/icyphy/ptII/ptolemy/domains/de/test/auto/AssemblyLine.xml
2 ms. Memory: 337920K Free: 138524K (41%)
----------------- Invoking toplevel() on ptolemy.moml.MoMLSimpleApplication@4a4424e6
----------------- Done invoking toplevel() on ptolemy.moml.MoMLSimpleApplication@4a4424e6
reloadAllAccessors: .AssemblyLine

===========================================================================================
----------------- testing Thu Jan 17 03:22:42 UTC 2019 /home/travis/build/icyphy/ptII/ptolemy/domains/de/test/auto/CQBug1.xml
----------------- Instantiating /home/travis/build/icyphy/ptII/ptolemy/domains/de/test/auto/CQBug1.xml
1 ms. Memory: 337920K Free: 128284K (38%)
----------------- Invoking toplevel() on ptolemy.moml.MoMLSimpleApplication@4a175b61
----------------- Done invoking toplevel() on ptolemy.moml.MoMLSimpleApplication@4a175b61
reloadAllAccessors: .CQBug1

===========================================================================================
----------------- testing Thu Jan 17 03:22:42 UTC 2019 /home/travis/build/icyphy/ptII/ptolemy/domains/de/test/auto/CancelFireAt.xml
----------------- Instantiating /home/travis/build/icyphy/ptII/ptolemy/domains/de/test/auto/CancelFireAt.xml
1 ms. Memory: 337920K Free: 118044K (35%)
----------------- Invoking toplevel() on ptolemy.moml.MoMLSimpleApplication@613b7af7
----------------- Done invoking toplevel() on ptolemy.moml.MoMLSimpleApplication@613b7af7
reloadAllAccessors: .CancelFireAt

===========================================================================================
----------------- testing Thu Jan 17 03:22:42 UTC 2019 /home/travis/build/icyphy/ptII/ptolemy/domains/de/test/auto/CausalityAndComposabilityAnalysis.xml
----------------- Instantiating /home/travis/build/icyphy/ptII/ptolemy/domains/de/test/auto/CausalityAndComposabilityAnalysis.xml
1 ms. Memory: 337920K Free: 107804K (32%)
----------------- Invoking toplevel() on ptolemy.moml.MoMLSimpleApplication@16bc04f4
----------------- Done invoking toplevel() on ptolemy.moml.MoMLSimpleApplication@16bc04f4
reloadAllAccessors: .CausalityAndComposabilityAnalysis

===========================================================================================
----------------- testing Thu Jan 17 03:22:42 UTC 2019 /home/travis/build/icyphy/ptII/ptolemy/domains/de/test/auto/CausalityInterface1.xml
----------------- Instantiating /home/travis/build/icyphy/ptII/ptolemy/domains/de/test/auto/CausalityInterface1.xml
5 ms. Memory: 337920K Free: 97564K (29%)
----------------- Invoking toplevel() on ptolemy.moml.MoMLSimpleApplication@11150b12
----------------- Done invoking toplevel() on ptolemy.moml.MoMLSimpleApplication@11150b12
reloadAllAccessors: .CausalityInterface1

===========================================================================================
----------------- testing Thu Jan 17 03:22:42 UTC 2019 /home/travis/build/icyphy/ptII/ptolemy/domains/de/test/auto/CausalityInterface15.xml
----------------- Instantiating /home/travis/build/icyphy/ptII/ptolemy/domains/de/test/auto/CausalityInterface15.xml
1 ms. Memory: 337920K Free: 83455K (25%)
----------------- Invoking toplevel() on ptolemy.moml.MoMLSimpleApplication@2ebb5751
----------------- Done invoking toplevel() on ptolemy.moml.MoMLSimpleApplication@2ebb5751
reloadAllAccessors: .CausalityInterface15

[...]
java.lang.RuntimeException: Execution failed
	at ptolemy.moml.MoMLSimpleApplication$UnloadThread.run(MoMLSimpleApplication.java:402)
Caused by: ptolemy.kernel.util.IllegalActionException: Test fails in iteration 1.
Value was: 1.0. Should have been: 2.0
  in .DirectFeedback.Test
	at ptolemy.actor.lib.Test.fire(Test.java:268)
	at ptolemy.domains.de.kernel.DEDirector._fire(DEDirector.java:1949)
	at ptolemy.domains.de.kernel.DEDirector.fire(DEDirector.java:502)
	at ptolemy.actor.CompositeActor.fire(CompositeActor.java:455)
	at ptolemy.actor.Manager.iterate(Manager.java:851)
	at ptolemy.actor.Manager.execute(Manager.java:369)
	at ptolemy.actor.Manager.run(Manager.java:1263)
	at ptolemy.actor.Manager$PtolemyRunThread.run(Manager.java:1915)
java.lang.RuntimeException: Execution failed
	at ptolemy.moml.MoMLSimpleApplication$UnloadThread.run(MoMLSimpleApplication.java:402)
Caused by: ptolemy.kernel.util.IllegalActionException: Actor is not ready to fire.  Perhaps UpSample.prefire() returned false? Try debugging the actor by selecting "Listen to Actor".  Also, for SDF check moml for tokenConsumptionRate on input.
  in .DESDFClockTest.Play Bell.Copy1:SDF Director and .DESDFClockTest.Play Bell.UpSample
	at ptolemy.actor.sched.StaticSchedulingDirector.fire(StaticSchedulingDirector.java:227)
	at ptolemy.domains.sdf.kernel.SDFDirector.fire(SDFDirector.java:500)
	at ptolemy.actor.CompositeActor.fire(CompositeActor.java:455)
	at ptolemy.domains.de.kernel.DEDirector._fire(DEDirector.java:1949)
	at ptolemy.domains.de.kernel.DEDirector.fire(DEDirector.java:502)
	at ptolemy.actor.CompositeActor.fire(CompositeActor.java:455)
	at ptolemy.actor.Manager.iterate(Manager.java:851)
	at ptolemy.actor.Manager.execute(Manager.java:369)
	at ptolemy.actor.Manager.run(Manager.java:1263)
	at ptolemy.actor.Manager$PtolemyRunThread.run(Manager.java:1915)
java.lang.reflect.InvocationTargetException
	at sun.reflect.NativeConstructorAccessorImpl.newInstance0(Native Method)
	at sun.reflect.NativeConstructorAccessorImpl.newInstance(NativeConstructorAccessorImpl.java:62)
	at sun.reflect.DelegatingConstructorAccessorImpl.newInstance(DelegatingConstructorAccessorImpl.java:45)
	at java.lang.reflect.Constructor.newInstance(Constructor.java:423)
	at ptolemy.util.test.junit.AutoKnownFailedTests.RunModel(AutoKnownFailedTests.java:105)
	at sun.reflect.NativeMethodAccessorImpl.invoke0(Native Method)
	at sun.reflect.NativeMethodAccessorImpl.invoke(NativeMethodAccessorImpl.java:62)
	at sun.reflect.DelegatingMethodAccessorImpl.invoke(DelegatingMethodAccessorImpl.java:43)
	at java.lang.reflect.Method.invoke(Method.java:498)
	at org.junit.runners.model.FrameworkMethod$1.runReflectiveCall(FrameworkMethod.java:44)
	at org.junit.internal.runners.model.ReflectiveCallable.run(ReflectiveCallable.java:15)
	at org.junit.runners.model.FrameworkMethod.invokeExplosively(FrameworkMethod.java:41)
	at junitparams.internal.InvokeParameterisedMethod.evaluate(InvokeParameterisedMethod.java:102)
	at org.junit.internal.runners.statements.FailOnTimeout$1.run(FailOnTimeout.java:28)
Caused by: ptolemy.kernel.util.IllegalActionException: Actor is not ready to fire.  Perhaps UpSample.prefire() returned false? Try debugging the actor by selecting "Listen to Actor".  Also, for SDF check moml for tokenConsumptionRate on input.
  in .DESDFClockTest.Play Bell.Copy1:SDF Director and .DESDFClockTest.Play Bell.UpSample
	at ptolemy.actor.sched.StaticSchedulingDirector.fire(StaticSchedulingDirector.java:227)
	at ptolemy.domains.sdf.kernel.SDFDirector.fire(SDFDirector.java:500)
	at ptolemy.actor.CompositeActor.fire(CompositeActor.java:455)
	at ptolemy.domains.de.kernel.DEDirector._fire(DEDirector.java:1949)
	at ptolemy.domains.de.kernel.DEDirector.fire(DEDirector.java:502)
	at ptolemy.actor.CompositeActor.fire(CompositeActor.java:455)
	at ptolemy.actor.Manager.iterate(Manager.java:851)
	at ptolemy.actor.Manager.execute(Manager.java:369)
	at ptolemy.actor.Manager.run(Manager.java:1263)
	at ptolemy.actor.Manager$PtolemyRunThread.run(Manager.java:1915)
java.lang.RuntimeException: Execution failed
	at ptolemy.moml.MoMLSimpleApplication$UnloadThread.run(MoMLSimpleApplication.java:402)
Caused by: ptolemy.kernel.util.IllegalActionException: Test fails in iteration 1.
Value was: 1.0. Should have been: 2.0
  in .DirectFeedback.Test
	at ptolemy.actor.lib.Test.fire(Test.java:268)
	at ptolemy.domains.de.kernel.DEDirector._fire(DEDirector.java:1949)
	at ptolemy.domains.de.kernel.DEDirector.fire(DEDirector.java:502)
	at ptolemy.actor.CompositeActor.fire(CompositeActor.java:455)
	at ptolemy.actor.Manager.iterate(Manager.java:851)
	at ptolemy.actor.Manager.execute(Manager.java:369)
	at ptolemy.actor.Manager.run(Manager.java:1263)
	at ptolemy.actor.Manager$PtolemyRunThread.run(Manager.java:1915)
java.lang.reflect.InvocationTargetException
	at sun.reflect.NativeConstructorAccessorImpl.newInstance0(Native Method)
	at sun.reflect.NativeConstructorAccessorImpl.newInstance(NativeConstructorAccessorImpl.java:62)
	at sun.reflect.DelegatingConstructorAccessorImpl.newInstance(DelegatingConstructorAccessorImpl.java:45)
	at java.lang.reflect.Constructor.newInstance(Constructor.java:423)
	at ptolemy.util.test.junit.AutoKnownFailedTests.RunModel(AutoKnownFailedTests.java:105)
	at sun.reflect.NativeMethodAccessorImpl.invoke0(Native Method)
	at sun.reflect.NativeMethodAccessorImpl.invoke(NativeMethodAccessorImpl.java:62)
	at sun.reflect.DelegatingMethodAccessorImpl.invoke(DelegatingMethodAccessorImpl.java:43)
	at java.lang.reflect.Method.invoke(Method.java:498)
	at org.junit.runners.model.FrameworkMethod$1.runReflectiveCall(FrameworkMethod.java:44)
	at org.junit.internal.runners.model.ReflectiveCallable.run(ReflectiveCallable.java:15)
	at org.junit.runners.model.FrameworkMethod.invokeExplosively(FrameworkMethod.java:41)
	at junitparams.internal.InvokeParameterisedMethod.evaluate(InvokeParameterisedMethod.java:102)
	at org.junit.internal.runners.statements.FailOnTimeout$1.run(FailOnTimeout.java:28)
Caused by: ptolemy.kernel.util.IllegalActionException: Test fails in iteration 1.
Value was: 1.0. Should have been: 2.0
  in .DirectFeedback.Test
	at ptolemy.actor.lib.Test.fire(Test.java:268)
	at ptolemy.domains.de.kernel.DEDirector._fire(DEDirector.java:1949)
	at ptolemy.domains.de.kernel.DEDirector.fire(DEDirector.java:502)
	at ptolemy.actor.CompositeActor.fire(CompositeActor.java:455)
	at ptolemy.actor.Manager.iterate(Manager.java:851)
	at ptolemy.actor.Manager.execute(Manager.java:369)
	at ptolemy.actor.Manager.run(Manager.java:1263)
	at ptolemy.actor.Manager$PtolemyRunThread.run(Manager.java:1915)
java.lang.RuntimeException: Execution failed
	at ptolemy.moml.MoMLSimpleApplication$UnloadThread.run(MoMLSimpleApplication.java:402)
Caused by: ptolemy.kernel.util.IllegalActionException: Found a zero delay loop containing .HierarchicalModel.A
  in .HierarchicalModel and .HierarchicalModel.A
	at ptolemy.actor.util.CausalityInterfaceForComposites._computeOutputPortDepth(CausalityInterfaceForComposites.java:759)
	at ptolemy.actor.util.CausalityInterfaceForComposites._computeInputDepth(CausalityInterfaceForComposites.java:696)
	at ptolemy.actor.util.CausalityInterfaceForComposites._computeOutputPortDepth(CausalityInterfaceForComposites.java:765)
	at ptolemy.actor.util.CausalityInterfaceForComposites._computeInputDepth(CausalityInterfaceForComposites.java:696)
	at ptolemy.actor.util.CausalityInterfaceForComposites._computeOutputPortDepth(CausalityInterfaceForComposites.java:765)
	at ptolemy.actor.util.CausalityInterfaceForComposites._computeInputDepth(CausalityInterfaceForComposites.java:696)
	at ptolemy.actor.util.CausalityInterfaceForComposites._computeActorDepth(CausalityInterfaceForComposites.java:532)
	at ptolemy.actor.util.CausalityInterfaceForComposites.checkForCycles(CausalityInterfaceForComposites.java:96)
	at ptolemy.domains.de.kernel.DEDirector.preinitialize(DEDirector.java:1338)
	at ptolemy.actor.CompositeActor.preinitialize(CompositeActor.java:1828)
	at ptolemy.actor.Manager.preinitializeAndResolveTypes(Manager.java:1040)
	at ptolemy.actor.Manager.initialize(Manager.java:710)
	at ptolemy.actor.Manager.execute(Manager.java:356)
	at ptolemy.actor.Manager.run(Manager.java:1263)
	at ptolemy.actor.Manager$PtolemyRunThread.run(Manager.java:1915)
java.lang.reflect.InvocationTargetException
	at sun.reflect.NativeConstructorAccessorImpl.newInstance0(Native Method)
	at sun.reflect.NativeConstructorAccessorImpl.newInstance(NativeConstructorAccessorImpl.java:62)
	at sun.reflect.DelegatingConstructorAccessorImpl.newInstance(DelegatingConstructorAccessorImpl.java:45)
	at java.lang.reflect.Constructor.newInstance(Constructor.java:423)
	at ptolemy.util.test.junit.AutoKnownFailedTests.RunModel(AutoKnownFailedTests.java:105)
	at sun.reflect.NativeMethodAccessorImpl.invoke0(Native Method)
	at sun.reflect.NativeMethodAccessorImpl.invoke(NativeMethodAccessorImpl.java:62)
	at sun.reflect.DelegatingMethodAccessorImpl.invoke(DelegatingMethodAccessorImpl.java:43)
	at java.lang.reflect.Method.invoke(Method.java:498)
	at org.junit.runners.model.FrameworkMethod$1.runReflectiveCall(FrameworkMethod.java:44)
	at org.junit.internal.runners.model.ReflectiveCallable.run(ReflectiveCallable.java:15)
	at org.junit.runners.model.FrameworkMethod.invokeExplosively(FrameworkMethod.java:41)
	at junitparams.internal.InvokeParameterisedMethod.evaluate(InvokeParameterisedMethod.java:102)
	at org.junit.internal.runners.statements.FailOnTimeout$1.run(FailOnTimeout.java:28)
Caused by: ptolemy.kernel.util.IllegalActionException: Found a zero delay loop containing .HierarchicalModel.A
  in .HierarchicalModel and .HierarchicalModel.A
	at ptolemy.actor.util.CausalityInterfaceForComposites._computeOutputPortDepth(CausalityInterfaceForComposites.java:759)
	at ptolemy.actor.util.CausalityInterfaceForComposites._computeInputDepth(CausalityInterfaceForComposites.java:696)
	at ptolemy.actor.util.CausalityInterfaceForComposites._computeOutputPortDepth(CausalityInterfaceForComposites.java:765)
	at ptolemy.actor.util.CausalityInterfaceForComposites._computeInputDepth(CausalityInterfaceForComposites.java:696)
	at ptolemy.actor.util.CausalityInterfaceForComposites._computeOutputPortDepth(CausalityInterfaceForComposites.java:765)
	at ptolemy.actor.util.CausalityInterfaceForComposites._computeInputDepth(CausalityInterfaceForComposites.java:696)
	at ptolemy.actor.util.CausalityInterfaceForComposites._computeActorDepth(CausalityInterfaceForComposites.java:532)
	at ptolemy.actor.util.CausalityInterfaceForComposites.checkForCycles(CausalityInterfaceForComposites.java:96)
	at ptolemy.domains.de.kernel.DEDirector.preinitialize(DEDirector.java:1338)
	at ptolemy.actor.CompositeActor.preinitialize(CompositeActor.java:1828)
	at ptolemy.actor.Manager.preinitializeAndResolveTypes(Manager.java:1040)
	at ptolemy.actor.Manager.initialize(Manager.java:710)
	at ptolemy.actor.Manager.execute(Manager.java:356)
	at ptolemy.actor.Manager.run(Manager.java:1263)
	at ptolemy.actor.Manager$PtolemyRunThread.run(Manager.java:1915)
java.lang.RuntimeException: Execution failed
	at ptolemy.moml.MoMLSimpleApplication$UnloadThread.run(MoMLSimpleApplication.java:402)
Caused by: ptolemy.kernel.util.IllegalActionException: Found a zero delay loop containing .dependencyLoop.original
  in .dependencyLoop and .dependencyLoop.original
	at ptolemy.actor.util.CausalityInterfaceForComposites._computeOutputPortDepth(CausalityInterfaceForComposites.java:759)
	at ptolemy.actor.util.CausalityInterfaceForComposites._computeInputDepth(CausalityInterfaceForComposites.java:696)
	at ptolemy.actor.util.CausalityInterfaceForComposites._computeOutputPortDepth(CausalityInterfaceForComposites.java:765)
	at ptolemy.actor.util.CausalityInterfaceForComposites._computeInputDepth(CausalityInterfaceForComposites.java:696)
	at ptolemy.actor.util.CausalityInterfaceForComposites._computeOutputPortDepth(CausalityInterfaceForComposites.java:765)
	at ptolemy.actor.util.CausalityInterfaceForComposites._computeInputDepth(CausalityInterfaceForComposites.java:696)
	at ptolemy.actor.util.CausalityInterfaceForComposites._computeActorDepth(CausalityInterfaceForComposites.java:532)
	at ptolemy.actor.util.CausalityInterfaceForComposites.checkForCycles(CausalityInterfaceForComposites.java:96)
	at ptolemy.domains.de.kernel.DEDirector.preinitialize(DEDirector.java:1338)
	at ptolemy.actor.CompositeActor.preinitialize(CompositeActor.java:1828)
	at ptolemy.actor.Manager.preinitializeAndResolveTypes(Manager.java:1040)
	at ptolemy.actor.Manager.initialize(Manager.java:710)
	at ptolemy.actor.Manager.execute(Manager.java:356)
	at ptolemy.actor.Manager.run(Manager.java:1263)
	at ptolemy.actor.Manager$PtolemyRunThread.run(Manager.java:1915)
java.lang.reflect.InvocationTargetException
	at sun.reflect.NativeConstructorAccessorImpl.newInstance0(Native Method)
	at sun.reflect.NativeConstructorAccessorImpl.newInstance(NativeConstructorAccessorImpl.java:62)
	at sun.reflect.DelegatingConstructorAccessorImpl.newInstance(DelegatingConstructorAccessorImpl.java:45)
	at java.lang.reflect.Constructor.newInstance(Constructor.java:423)
	at ptolemy.util.test.junit.AutoKnownFailedTests.RunModel(AutoKnownFailedTests.java:105)
	at sun.reflect.NativeMethodAccessorImpl.invoke0(Native Method)
	at sun.reflect.NativeMethodAccessorImpl.invoke(NativeMethodAccessorImpl.java:62)
	at sun.reflect.DelegatingMethodAccessorImpl.invoke(DelegatingMethodAccessorImpl.java:43)
	at java.lang.reflect.Method.invoke(Method.java:498)
	at org.junit.runners.model.FrameworkMethod$1.runReflectiveCall(FrameworkMethod.java:44)
	at org.junit.internal.runners.model.ReflectiveCallable.run(ReflectiveCallable.java:15)
	at org.junit.runners.model.FrameworkMethod.invokeExplosively(FrameworkMethod.java:41)
	at junitparams.internal.InvokeParameterisedMethod.evaluate(InvokeParameterisedMethod.java:102)
	at org.junit.internal.runners.statements.FailOnTimeout$1.run(FailOnTimeout.java:28)
Caused by: ptolemy.kernel.util.IllegalActionException: Found a zero delay loop containing .dependencyLoop.original
  in .dependencyLoop and .dependencyLoop.original
	at ptolemy.actor.util.CausalityInterfaceForComposites._computeOutputPortDepth(CausalityInterfaceForComposites.java:759)
	at ptolemy.actor.util.CausalityInterfaceForComposites._computeInputDepth(CausalityInterfaceForComposites.java:696)
	at ptolemy.actor.util.CausalityInterfaceForComposites._computeOutputPortDepth(CausalityInterfaceForComposites.java:765)
	at ptolemy.actor.util.CausalityInterfaceForComposites._computeInputDepth(CausalityInterfaceForComposites.java:696)
	at ptolemy.actor.util.CausalityInterfaceForComposites._computeOutputPortDepth(CausalityInterfaceForComposites.java:765)
	at ptolemy.actor.util.CausalityInterfaceForComposites._computeInputDepth(CausalityInterfaceForComposites.java:696)
	at ptolemy.actor.util.CausalityInterfaceForComposites._computeActorDepth(CausalityInterfaceForComposites.java:532)
	at ptolemy.actor.util.CausalityInterfaceForComposites.checkForCycles(CausalityInterfaceForComposites.java:96)
	at ptolemy.domains.de.kernel.DEDirector.preinitialize(DEDirector.java:1338)
	at ptolemy.actor.CompositeActor.preinitialize(CompositeActor.java:1828)
	at ptolemy.actor.Manager.preinitializeAndResolveTypes(Manager.java:1040)
	at ptolemy.actor.Manager.initialize(Manager.java:710)
	at ptolemy.actor.Manager.execute(Manager.java:356)
	at ptolemy.actor.Manager.run(Manager.java:1263)
	at ptolemy.actor.Manager$PtolemyRunThread.run(Manager.java:1915)
java.lang.RuntimeException: Execution failed
	at ptolemy.moml.MoMLSimpleApplication$UnloadThread.run(MoMLSimpleApplication.java:402)
Caused by: ptolemy.kernel.util.IllegalActionException: Found a zero delay loop containing .dependencyLoop2.original
  in .dependencyLoop2 and .dependencyLoop2.original
	at ptolemy.actor.util.CausalityInterfaceForComposites._computeOutputPortDepth(CausalityInterfaceForComposites.java:759)
	at ptolemy.actor.util.CausalityInterfaceForComposites._computeInputDepth(CausalityInterfaceForComposites.java:696)
	at ptolemy.actor.util.CausalityInterfaceForComposites._computeOutputPortDepth(CausalityInterfaceForComposites.java:765)
	at ptolemy.actor.util.CausalityInterfaceForComposites._computeInputDepth(CausalityInterfaceForComposites.java:696)
	at ptolemy.actor.util.CausalityInterfaceForComposites._computeOutputPortDepth(CausalityInterfaceForComposites.java:765)
	at ptolemy.actor.util.CausalityInterfaceForComposites._computeInputDepth(CausalityInterfaceForComposites.java:696)
	at ptolemy.actor.util.CausalityInterfaceForComposites._computeActorDepth(CausalityInterfaceForComposites.java:532)
	at ptolemy.actor.util.CausalityInterfaceForComposites.checkForCycles(CausalityInterfaceForComposites.java:96)
	at ptolemy.domains.de.kernel.DEDirector.preinitialize(DEDirector.java:1338)
	at ptolemy.actor.CompositeActor.preinitialize(CompositeActor.java:1828)
	at ptolemy.actor.Manager.preinitializeAndResolveTypes(Manager.java:1040)
	at ptolemy.actor.Manager.initialize(Manager.java:710)
	at ptolemy.actor.Manager.execute(Manager.java:356)
	at ptolemy.actor.Manager.run(Manager.java:1263)
	at ptolemy.actor.Manager$PtolemyRunThread.run(Manager.java:1915)
java.lang.reflect.InvocationTargetException
	at sun.reflect.NativeConstructorAccessorImpl.newInstance0(Native Method)
	at sun.reflect.NativeConstructorAccessorImpl.newInstance(NativeConstructorAccessorImpl.java:62)
	at sun.reflect.DelegatingConstructorAccessorImpl.newInstance(DelegatingConstructorAccessorImpl.java:45)
	at java.lang.reflect.Constructor.newInstance(Constructor.java:423)
	at ptolemy.util.test.junit.AutoKnownFailedTests.RunModel(AutoKnownFailedTests.java:105)
	at sun.reflect.NativeMethodAccessorImpl.invoke0(Native Method)
	at sun.reflect.NativeMethodAccessorImpl.invoke(NativeMethodAccessorImpl.java:62)
	at sun.reflect.DelegatingMethodAccessorImpl.invoke(DelegatingMethodAccessorImpl.java:43)
	at java.lang.reflect.Method.invoke(Method.java:498)
	at org.junit.runners.model.FrameworkMethod$1.runReflectiveCall(FrameworkMethod.java:44)
	at org.junit.internal.runners.model.ReflectiveCallable.run(ReflectiveCallable.java:15)
	at org.junit.runners.model.FrameworkMethod.invokeExplosively(FrameworkMethod.java:41)
	at junitparams.internal.InvokeParameterisedMethod.evaluate(InvokeParameterisedMethod.java:102)
	at org.junit.internal.runners.statements.FailOnTimeout$1.run(FailOnTimeout.java:28)
Caused by: ptolemy.kernel.util.IllegalActionException: Found a zero delay loop containing .dependencyLoop2.original
  in .dependencyLoop2 and .dependencyLoop2.original
	at ptolemy.actor.util.CausalityInterfaceForComposites._computeOutputPortDepth(CausalityInterfaceForComposites.java:759)
	at ptolemy.actor.util.CausalityInterfaceForComposites._computeInputDepth(CausalityInterfaceForComposites.java:696)
	at ptolemy.actor.util.CausalityInterfaceForComposites._computeOutputPortDepth(CausalityInterfaceForComposites.java:765)
	at ptolemy.actor.util.CausalityInterfaceForComposites._computeInputDepth(CausalityInterfaceForComposites.java:696)
	at ptolemy.actor.util.CausalityInterfaceForComposites._computeOutputPortDepth(CausalityInterfaceForComposites.java:765)
	at ptolemy.actor.util.CausalityInterfaceForComposites._computeInputDepth(CausalityInterfaceForComposites.java:696)
	at ptolemy.actor.util.CausalityInterfaceForComposites._computeActorDepth(CausalityInterfaceForComposites.java:532)
	at ptolemy.actor.util.CausalityInterfaceForComposites.checkForCycles(CausalityInterfaceForComposites.java:96)
	at ptolemy.domains.de.kernel.DEDirector.preinitialize(DEDirector.java:1338)
	at ptolemy.actor.CompositeActor.preinitialize(CompositeActor.java:1828)
	at ptolemy.actor.Manager.preinitializeAndResolveTypes(Manager.java:1040)
	at ptolemy.actor.Manager.initialize(Manager.java:710)
	at ptolemy.actor.Manager.execute(Manager.java:356)
	at ptolemy.actor.Manager.run(Manager.java:1263)
	at ptolemy.actor.Manager$PtolemyRunThread.run(Manager.java:1915)
]]></system-err>
</testsuite>
