<?xml version="1.0" encoding="UTF-8" ?>
<testsuite errors="0" failures="0" hostname="travis-job-98ef16b2-6c5a-4ae2-98ee-c50fb6b76ab1" name="ptolemy.actor.lib.hoc.test.junit.JUnitTclTest" skipped="0" tests="58" time="24.611" timestamp="2018-07-22T01:37:12">
  <properties>
[...]
</properties>
  <testcase classname="ptolemy.util.test.junit.TclTests" name="[0] /home/travis/build/icyphy/ptII/ptolemy/actor/lib/hoc/test/IterateOverArray.tcl (RunTclFile)" time="0.267" />
  <testcase classname="ptolemy.util.test.junit.AutoKnownFailedTests" name="[0] /home/travis/build/icyphy/ptII/ptolemy/actor/lib/hoc/test/auto/knownFailedTests/PreinitializeMustBeInvokedRunComposite.xml (RunModel)" time="0.247" />
  <testcase classname="ptolemy.util.test.junit.AutoNameArchTests" name="[0] ThereAreNoAutoArchTests (RunModel)" time="0.002" />
  <testcase classname="ptolemy.util.test.junit.AutoTests" name="[0] /home/travis/build/icyphy/ptII/ptolemy/actor/lib/hoc/test/auto/AllToAllMultiInstanceComposite.xml (RunModel)" time="0.277" />
  <testcase classname="ptolemy.util.test.junit.AutoTests" name="[1] /home/travis/build/icyphy/ptII/ptolemy/actor/lib/hoc/test/auto/ApplyFFTTest.xml (RunModel)" time="0.248" />
  <testcase classname="ptolemy.util.test.junit.AutoTests" name="[2] /home/travis/build/icyphy/ptII/ptolemy/actor/lib/hoc/test/auto/ApplyFunction.xml (RunModel)" time="0.024" />
  <testcase classname="ptolemy.util.test.junit.AutoTests" name="[3] /home/travis/build/icyphy/ptII/ptolemy/actor/lib/hoc/test/auto/BackgroundExecution.xml (RunModel)" time="0.737" />
  <testcase classname="ptolemy.util.test.junit.AutoTests" name="[4] /home/travis/build/icyphy/ptII/ptolemy/actor/lib/hoc/test/auto/Case.xml (RunModel)" time="0.059" />
  <testcase classname="ptolemy.util.test.junit.AutoTests" name="[5] /home/travis/build/icyphy/ptII/ptolemy/actor/lib/hoc/test/auto/Case1.xml (RunModel)" time="0.039" />
  <testcase classname="ptolemy.util.test.junit.AutoTests" name="[6] /home/travis/build/icyphy/ptII/ptolemy/actor/lib/hoc/test/auto/Case2.xml (RunModel)" time="0.123" />
  <testcase classname="ptolemy.util.test.junit.AutoTests" name="[7] /home/travis/build/icyphy/ptII/ptolemy/actor/lib/hoc/test/auto/Case3.xml (RunModel)" time="0.084" />
  <testcase classname="ptolemy.util.test.junit.AutoTests" name="[8] /home/travis/build/icyphy/ptII/ptolemy/actor/lib/hoc/test/auto/Case4.xml (RunModel)" time="0.04" />
  <testcase classname="ptolemy.util.test.junit.AutoTests" name="[9] /home/travis/build/icyphy/ptII/ptolemy/actor/lib/hoc/test/auto/Case5.xml (RunModel)" time="0.085" />
  <testcase classname="ptolemy.util.test.junit.AutoTests" name="[10] /home/travis/build/icyphy/ptII/ptolemy/actor/lib/hoc/test/auto/Case6.xml (RunModel)" time="0.15" />
  <testcase classname="ptolemy.util.test.junit.AutoTests" name="[11] /home/travis/build/icyphy/ptII/ptolemy/actor/lib/hoc/test/auto/CaseString2.xml (RunModel)" time="0.073" />
  <testcase classname="ptolemy.util.test.junit.AutoTests" name="[12] /home/travis/build/icyphy/ptII/ptolemy/actor/lib/hoc/test/auto/CatchUpComposite1.xml (RunModel)" time="0.083" />
  <testcase classname="ptolemy.util.test.junit.AutoTests" name="[13] /home/travis/build/icyphy/ptII/ptolemy/actor/lib/hoc/test/auto/CatchUpComposite2.xml (RunModel)" time="0.074" />
  <testcase classname="ptolemy.util.test.junit.AutoTests" name="[14] /home/travis/build/icyphy/ptII/ptolemy/actor/lib/hoc/test/auto/CatchUpComposite3.xml (RunModel)" time="0.061" />
  <testcase classname="ptolemy.util.test.junit.AutoTests" name="[15] /home/travis/build/icyphy/ptII/ptolemy/actor/lib/hoc/test/auto/CatchUpComposite4.xml (RunModel)" time="0.06" />
  <testcase classname="ptolemy.util.test.junit.AutoTests" name="[16] /home/travis/build/icyphy/ptII/ptolemy/actor/lib/hoc/test/auto/CatchUpComposite5.xml (RunModel)" time="0.042" />
  <testcase classname="ptolemy.util.test.junit.AutoTests" name="[17] /home/travis/build/icyphy/ptII/ptolemy/actor/lib/hoc/test/auto/CatchUpComposite6.xml (RunModel)" time="0.156" />
  <testcase classname="ptolemy.util.test.junit.AutoTests" name="[18] /home/travis/build/icyphy/ptII/ptolemy/actor/lib/hoc/test/auto/CatchUpComposite7.xml (RunModel)" time="0.093" />
  <testcase classname="ptolemy.util.test.junit.AutoTests" name="[19] /home/travis/build/icyphy/ptII/ptolemy/actor/lib/hoc/test/auto/ConcurrentExecutionTimeSDF.xml (RunModel)" time="1.098" />
  <testcase classname="ptolemy.util.test.junit.AutoTests" name="[20] /home/travis/build/icyphy/ptII/ptolemy/actor/lib/hoc/test/auto/ConcurrentSleep.xml (RunModel)" time="0.78" />
  <testcase classname="ptolemy.util.test.junit.AutoTests" name="[21] /home/travis/build/icyphy/ptII/ptolemy/actor/lib/hoc/test/auto/DEInPNInRunCompositeActor.xml (RunModel)" time="0.072" />
  <testcase classname="ptolemy.util.test.junit.AutoTests" name="[22] /home/travis/build/icyphy/ptII/ptolemy/actor/lib/hoc/test/auto/DFTSubSetTest.xml (RunModel)" time="0.303" />
  <testcase classname="ptolemy.util.test.junit.AutoTests" name="[23] /home/travis/build/icyphy/ptII/ptolemy/actor/lib/hoc/test/auto/HocDE.xml (RunModel)" time="0.233" />
  <testcase classname="ptolemy.util.test.junit.AutoTests" name="[24] /home/travis/build/icyphy/ptII/ptolemy/actor/lib/hoc/test/auto/IterateOverArray.xml (RunModel)" time="0.028" />
  <testcase classname="ptolemy.util.test.junit.AutoTests" name="[25] /home/travis/build/icyphy/ptII/ptolemy/actor/lib/hoc/test/auto/IterateOverArray10.xml (RunModel)" time="0.023" />
  <testcase classname="ptolemy.util.test.junit.AutoTests" name="[26] /home/travis/build/icyphy/ptII/ptolemy/actor/lib/hoc/test/auto/IterateOverArray11.xml (RunModel)" time="0.042" />
  <testcase classname="ptolemy.util.test.junit.AutoTests" name="[27] /home/travis/build/icyphy/ptII/ptolemy/actor/lib/hoc/test/auto/IterateOverArray12.xml (RunModel)" time="0.042" />
  <testcase classname="ptolemy.util.test.junit.AutoTests" name="[28] /home/travis/build/icyphy/ptII/ptolemy/actor/lib/hoc/test/auto/IterateOverArray13.xml (RunModel)" time="0.162" />
  <testcase classname="ptolemy.util.test.junit.AutoTests" name="[29] /home/travis/build/icyphy/ptII/ptolemy/actor/lib/hoc/test/auto/IterateOverArray14.xml (RunModel)" time="0.159" />
  <testcase classname="ptolemy.util.test.junit.AutoTests" name="[30] /home/travis/build/icyphy/ptII/ptolemy/actor/lib/hoc/test/auto/IterateOverArray2.xml (RunModel)" time="0.039" />
  <testcase classname="ptolemy.util.test.junit.AutoTests" name="[31] /home/travis/build/icyphy/ptII/ptolemy/actor/lib/hoc/test/auto/IterateOverArray3.xml (RunModel)" time="0.049" />
  <testcase classname="ptolemy.util.test.junit.AutoTests" name="[32] /home/travis/build/icyphy/ptII/ptolemy/actor/lib/hoc/test/auto/IterateOverArray4.xml (RunModel)" time="0.036" />
  <testcase classname="ptolemy.util.test.junit.AutoTests" name="[33] /home/travis/build/icyphy/ptII/ptolemy/actor/lib/hoc/test/auto/IterateOverArray5.xml (RunModel)" time="0.026" />
  <testcase classname="ptolemy.util.test.junit.AutoTests" name="[34] /home/travis/build/icyphy/ptII/ptolemy/actor/lib/hoc/test/auto/IterateOverArray6.xml (RunModel)" time="0.016" />
  <testcase classname="ptolemy.util.test.junit.AutoTests" name="[35] /home/travis/build/icyphy/ptII/ptolemy/actor/lib/hoc/test/auto/IterateOverArray7.xml (RunModel)" time="0.017" />
  <testcase classname="ptolemy.util.test.junit.AutoTests" name="[36] /home/travis/build/icyphy/ptII/ptolemy/actor/lib/hoc/test/auto/IterateOverArray8.xml (RunModel)" time="0.018" />
  <testcase classname="ptolemy.util.test.junit.AutoTests" name="[37] /home/travis/build/icyphy/ptII/ptolemy/actor/lib/hoc/test/auto/IterateOverArray9.xml (RunModel)" time="0.024" />
  <testcase classname="ptolemy.util.test.junit.AutoTests" name="[38] /home/travis/build/icyphy/ptII/ptolemy/actor/lib/hoc/test/auto/IterateOverArrayCoercedOutputType.xml (RunModel)" time="0.045" />
  <testcase classname="ptolemy.util.test.junit.AutoTests" name="[39] /home/travis/build/icyphy/ptII/ptolemy/actor/lib/hoc/test/auto/IterateOverArrayInferredOutputType.xml (RunModel)" time="0.031" />
  <testcase classname="ptolemy.util.test.junit.AutoTests" name="[40] /home/travis/build/icyphy/ptII/ptolemy/actor/lib/hoc/test/auto/MobileFunctionTest.xml (RunModel)" time="0.022" />
  <testcase classname="ptolemy.util.test.junit.AutoTests" name="[41] /home/travis/build/icyphy/ptII/ptolemy/actor/lib/hoc/test/auto/MobileModelTest.xml (RunModel)" time="0.125" />
  <testcase classname="ptolemy.util.test.junit.AutoTests" name="[42] /home/travis/build/icyphy/ptII/ptolemy/actor/lib/hoc/test/auto/ModelReference.xml (RunModel)" time="0.077" />
  <testcase classname="ptolemy.util.test.junit.AutoTests" name="[43] /home/travis/build/icyphy/ptII/ptolemy/actor/lib/hoc/test/auto/ModelReference3.xml (RunModel)" time="0.065" />
  <testcase classname="ptolemy.util.test.junit.AutoTests" name="[44] /home/travis/build/icyphy/ptII/ptolemy/actor/lib/hoc/test/auto/ModelReference4.xml (RunModel)" time="10.042" />
  <testcase classname="ptolemy.util.test.junit.AutoTests" name="[45] /home/travis/build/icyphy/ptII/ptolemy/actor/lib/hoc/test/auto/MultiInstanceComposite.xml (RunModel)" time="0.061" />
  <testcase classname="ptolemy.util.test.junit.AutoTests" name="[46] /home/travis/build/icyphy/ptII/ptolemy/actor/lib/hoc/test/auto/MultiInstanceComposite2.xml (RunModel)" time="0.035" />
  <testcase classname="ptolemy.util.test.junit.AutoTests" name="[47] /home/travis/build/icyphy/ptII/ptolemy/actor/lib/hoc/test/auto/MulticoreExecution.xml (RunModel)" time="1.157" />
  <testcase classname="ptolemy.util.test.junit.AutoTests" name="[48] /home/travis/build/icyphy/ptII/ptolemy/actor/lib/hoc/test/auto/ParallelExecution.xml (RunModel)" time="0.96" />
  <testcase classname="ptolemy.util.test.junit.AutoTests" name="[49] /home/travis/build/icyphy/ptII/ptolemy/actor/lib/hoc/test/auto/RunCompositeActor.xml (RunModel)" time="0.017" />
  <testcase classname="ptolemy.util.test.junit.AutoTests" name="[50] /home/travis/build/icyphy/ptII/ptolemy/actor/lib/hoc/test/auto/RunCompositeActor2.xml (RunModel)" time="0.016" />
  <testcase classname="ptolemy.util.test.junit.AutoTests" name="[51] /home/travis/build/icyphy/ptII/ptolemy/actor/lib/hoc/test/auto/RunCompositeActor3.xml (RunModel)" time="0.021" />
  <testcase classname="ptolemy.util.test.junit.AutoTests" name="[52] /home/travis/build/icyphy/ptII/ptolemy/actor/lib/hoc/test/auto/RunCompositeActor4.xml (RunModel)" time="0.035" />
  <testcase classname="ptolemy.util.test.junit.AutoTests" name="[53] /home/travis/build/icyphy/ptII/ptolemy/actor/lib/hoc/test/auto/RunCompositeIterateOverArray.xml (RunModel)" time="0.035" />
  <testcase classname="ptolemy.util.test.junit.AutoTests" name="[54] /home/travis/build/icyphy/ptII/ptolemy/actor/lib/hoc/test/auto/ThreadedJS.xml (RunModel)" time="5.151" />
  <system-out><![CDATA[/home/travis/build/icyphy/ptII/ptolemy/actor/lib/hoc/test/IterateOverArray.tcl
testDefs.tcl: setting time out to 9000 seconds at Sun Jul 22 01:37:12 UTC 2018
07/22/18 01:37:13
Failed: 0  Total Tests: 2  ((Passed: 2, Newly Passed: 0)  Known Failed: 0) /home/travis/build/icyphy/ptII/ptolemy/actor/lib/hoc/test
----------------- testing (KnownFailure) /home/travis/build/icyphy/ptII/ptolemy/actor/lib/hoc/test/auto/knownFailedTests/PreinitializeMustBeInvokedRunComposite.xml
41 ms. Memory: 116224K Free: 103852K (89%)
Known Failure: java.lang.reflect.InvocationTargetException
No auto/linux-amd64/*.xml tests in /home/travis/build/icyphy/ptII/ptolemy/actor/lib/hoc/test
AutoTests.java: About to close Vertx.
AutoTests.java: Vertx closed.

===========================================================================================
----------------- testing Sun Jul 22 01:37:13 UTC 2018 /home/travis/build/icyphy/ptII/ptolemy/actor/lib/hoc/test/auto/AllToAllMultiInstanceComposite.xml
----------------- Instantiating /home/travis/build/icyphy/ptII/ptolemy/actor/lib/hoc/test/auto/AllToAllMultiInstanceComposite.xml
123 ms. Memory: 146944K Free: 108210K (74%)
----------------- Invoking toplevel() on ptolemy.moml.MoMLSimpleApplication@689113dc
----------------- Done invoking toplevel() on ptolemy.moml.MoMLSimpleApplication@689113dc
reloadAllAccessors: .AllToAllMultiInstanceComposite

===========================================================================================
----------------- testing Sun Jul 22 01:37:14 UTC 2018 /home/travis/build/icyphy/ptII/ptolemy/actor/lib/hoc/test/auto/ApplyFFTTest.xml
----------------- Instantiating /home/travis/build/icyphy/ptII/ptolemy/actor/lib/hoc/test/auto/ApplyFFTTest.xml
100 ms. Memory: 146944K Free: 88331K (60%)
----------------- Invoking toplevel() on ptolemy.moml.MoMLSimpleApplication@797d2f1c
----------------- Done invoking toplevel() on ptolemy.moml.MoMLSimpleApplication@797d2f1c
reloadAllAccessors: .ApplyFFTTest

===========================================================================================
----------------- testing Sun Jul 22 01:37:14 UTC 2018 /home/travis/build/icyphy/ptII/ptolemy/actor/lib/hoc/test/auto/ApplyFunction.xml
----------------- Instantiating /home/travis/build/icyphy/ptII/ptolemy/actor/lib/hoc/test/auto/ApplyFunction.xml
4 ms. Memory: 146944K Free: 84628K (58%)
----------------- Invoking toplevel() on ptolemy.moml.MoMLSimpleApplication@326efdeb
----------------- Done invoking toplevel() on ptolemy.moml.MoMLSimpleApplication@326efdeb
reloadAllAccessors: .ApplyFunction

===========================================================================================
----------------- testing Sun Jul 22 01:37:14 UTC 2018 /home/travis/build/icyphy/ptII/ptolemy/actor/lib/hoc/test/auto/BackgroundExecution.xml
----------------- Instantiating /home/travis/build/icyphy/ptII/ptolemy/actor/lib/hoc/test/auto/BackgroundExecution.xml
642 ms. Memory: 146944K Free: 137296K (93%)
----------------- Invoking toplevel() on ptolemy.moml.MoMLSimpleApplication@57742167
----------------- Done invoking toplevel() on ptolemy.moml.MoMLSimpleApplication@57742167
reloadAllAccessors: .BackgroundExecution

===========================================================================================
----------------- testing Sun Jul 22 01:37:15 UTC 2018 /home/travis/build/icyphy/ptII/ptolemy/actor/lib/hoc/test/auto/Case.xml
----------------- Instantiating /home/travis/build/icyphy/ptII/ptolemy/actor/lib/hoc/test/auto/Case.xml
18 ms. Memory: 146944K Free: 128954K (88%)
----------------- Invoking toplevel() on ptolemy.moml.MoMLSimpleApplication@17de9116
----------------- Done invoking toplevel() on ptolemy.moml.MoMLSimpleApplication@17de9116
reloadAllAccessors: .Case

===========================================================================================
----------------- testing Sun Jul 22 01:37:15 UTC 2018 /home/travis/build/icyphy/ptII/ptolemy/actor/lib/hoc/test/auto/Case1.xml
----------------- Instantiating /home/travis/build/icyphy/ptII/ptolemy/actor/lib/hoc/test/auto/Case1.xml
11 ms. Memory: 146944K Free: 122216K (83%)
----------------- Invoking toplevel() on ptolemy.moml.MoMLSimpleApplication@29c1e754
----------------- Done invoking toplevel() on ptolemy.moml.MoMLSimpleApplication@29c1e754
reloadAllAccessors: .Case1

===========================================================================================
----------------- testing Sun Jul 22 01:37:15 UTC 2018 /home/travis/build/icyphy/ptII/ptolemy/actor/lib/hoc/test/auto/Case2.xml
----------------- Instantiating /home/travis/build/icyphy/ptII/ptolemy/actor/lib/hoc/test/auto/Case2.xml
76 ms. Memory: 146944K Free: 110603K (75%)
----------------- Invoking toplevel() on ptolemy.moml.MoMLSimpleApplication@5482cdbd
----------------- Done invoking toplevel() on ptolemy.moml.MoMLSimpleApplication@5482cdbd
reloadAllAccessors: .Case2

===========================================================================================
----------------- testing Sun Jul 22 01:37:15 UTC 2018 /home/travis/build/icyphy/ptII/ptolemy/actor/lib/hoc/test/auto/Case3.xml
----------------- Instantiating /home/travis/build/icyphy/ptII/ptolemy/actor/lib/hoc/test/auto/Case3.xml
22 ms. Memory: 146944K Free: 104274K (71%)
----------------- Invoking toplevel() on ptolemy.moml.MoMLSimpleApplication@1a7b1bb6
----------------- Done invoking toplevel() on ptolemy.moml.MoMLSimpleApplication@1a7b1bb6
reloadAllAccessors: .Case3

===========================================================================================
----------------- testing Sun Jul 22 01:37:15 UTC 2018 /home/travis/build/icyphy/ptII/ptolemy/actor/lib/hoc/test/auto/Case4.xml
----------------- Instantiating /home/travis/build/icyphy/ptII/ptolemy/actor/lib/hoc/test/auto/Case4.xml
14 ms. Memory: 146944K Free: 95137K (65%)
----------------- Invoking toplevel() on ptolemy.moml.MoMLSimpleApplication@30e49d55
----------------- Done invoking toplevel() on ptolemy.moml.MoMLSimpleApplication@30e49d55
reloadAllAccessors: .Case4

===========================================================================================
----------------- testing Sun Jul 22 01:37:15 UTC 2018 /home/travis/build/icyphy/ptII/ptolemy/actor/lib/hoc/test/auto/Case5.xml
----------------- Instantiating /home/travis/build/icyphy/ptII/ptolemy/actor/lib/hoc/test/auto/Case5.xml
45 ms. Memory: 146944K Free: 87981K (60%)
----------------- Invoking toplevel() on ptolemy.moml.MoMLSimpleApplication@76cf3742
----------------- Done invoking toplevel() on ptolemy.moml.MoMLSimpleApplication@76cf3742
reloadAllAccessors: .junk

===========================================================================================
----------------- testing Sun Jul 22 01:37:15 UTC 2018 /home/travis/build/icyphy/ptII/ptolemy/actor/lib/hoc/test/auto/Case6.xml
----------------- Instantiating /home/travis/build/icyphy/ptII/ptolemy/actor/lib/hoc/test/auto/Case6.xml
61 ms. Memory: 208384K Free: 197624K (95%)
----------------- Invoking toplevel() on ptolemy.moml.MoMLSimpleApplication@21f24b45
----------------- Done invoking toplevel() on ptolemy.moml.MoMLSimpleApplication@21f24b45
reloadAllAccessors: .Case6

===========================================================================================
----------------- testing Sun Jul 22 01:37:15 UTC 2018 /home/travis/build/icyphy/ptII/ptolemy/actor/lib/hoc/test/auto/CaseString2.xml
----------------- Instantiating /home/travis/build/icyphy/ptII/ptolemy/actor/lib/hoc/test/auto/CaseString2.xml
23 ms. Memory: 208384K Free: 188077K (90%)
----------------- Invoking toplevel() on ptolemy.moml.MoMLSimpleApplication@3db219d1
----------------- Done invoking toplevel() on ptolemy.moml.MoMLSimpleApplication@3db219d1
reloadAllAccessors: .CaseString2

===========================================================================================
----------------- testing Sun Jul 22 01:37:15 UTC 2018 /home/travis/build/icyphy/ptII/ptolemy/actor/lib/hoc/test/auto/CatchUpComposite1.xml
----------------- Instantiating /home/travis/build/icyphy/ptII/ptolemy/actor/lib/hoc/test/auto/CatchUpComposite1.xml
21 ms. Memory: 208384K Free: 178150K (85%)
----------------- Invoking toplevel() on ptolemy.moml.MoMLSimpleApplication@95d9264
----------------- Done invoking toplevel() on ptolemy.moml.MoMLSimpleApplication@95d9264
reloadAllAccessors: .CatchUpComposite1

===========================================================================================
----------------- testing Sun Jul 22 01:37:15 UTC 2018 /home/travis/build/icyphy/ptII/ptolemy/actor/lib/hoc/test/auto/CatchUpComposite2.xml
----------------- Instantiating /home/travis/build/icyphy/ptII/ptolemy/actor/lib/hoc/test/auto/CatchUpComposite2.xml
19 ms. Memory: 208384K Free: 168255K (81%)
----------------- Invoking toplevel() on ptolemy.moml.MoMLSimpleApplication@3b60bfed
----------------- Done invoking toplevel() on ptolemy.moml.MoMLSimpleApplication@3b60bfed
reloadAllAccessors: .CatchUpComposite2

===========================================================================================
----------------- testing Sun Jul 22 01:37:15 UTC 2018 /home/travis/build/icyphy/ptII/ptolemy/actor/lib/hoc/test/auto/CatchUpComposite3.xml
----------------- Instantiating /home/travis/build/icyphy/ptII/ptolemy/actor/lib/hoc/test/auto/CatchUpComposite3.xml
10 ms. Memory: 208384K Free: 158062K (76%)
----------------- Invoking toplevel() on ptolemy.moml.MoMLSimpleApplication@e7f7c1b
----------------- Done invoking toplevel() on ptolemy.moml.MoMLSimpleApplication@e7f7c1b
reloadAllAccessors: .CatchUpComposite3

===========================================================================================
----------------- testing Sun Jul 22 01:37:15 UTC 2018 /home/travis/build/icyphy/ptII/ptolemy/actor/lib/hoc/test/auto/CatchUpComposite4.xml
----------------- Instantiating /home/travis/build/icyphy/ptII/ptolemy/actor/lib/hoc/test/auto/CatchUpComposite4.xml
20 ms. Memory: 208384K Free: 148829K (71%)
----------------- Invoking toplevel() on ptolemy.moml.MoMLSimpleApplication@13a7a264
----------------- Done invoking toplevel() on ptolemy.moml.MoMLSimpleApplication@13a7a264
reloadAllAccessors: .CatchUpComposite4

===========================================================================================
----------------- testing Sun Jul 22 01:37:16 UTC 2018 /home/travis/build/icyphy/ptII/ptolemy/actor/lib/hoc/test/auto/CatchUpComposite5.xml
----------------- Instantiating /home/travis/build/icyphy/ptII/ptolemy/actor/lib/hoc/test/auto/CatchUpComposite5.xml
13 ms. Memory: 208384K Free: 140195K (67%)
----------------- Invoking toplevel() on ptolemy.moml.MoMLSimpleApplication@2c8ecd20
----------------- Done invoking toplevel() on ptolemy.moml.MoMLSimpleApplication@2c8ecd20
reloadAllAccessors: .CatchUpComposite5

===========================================================================================
----------------- testing Sun Jul 22 01:37:16 UTC 2018 /home/travis/build/icyphy/ptII/ptolemy/actor/lib/hoc/test/auto/CatchUpComposite6.xml
----------------- Instantiating /home/travis/build/icyphy/ptII/ptolemy/actor/lib/hoc/test/auto/CatchUpComposite6.xml
WARNING: The execution aspects in this model can influence the timing of actors by delaying the 
execution, potentially changing the behavior. There is no guarantee that actors fire at the 
time they request to be fired. 
Use Ptides for deterministic DE behavior that is not influenced by execution aspects. 

82 ms. Memory: 208384K Free: 121320K (58%)
----------------- Invoking toplevel() on ptolemy.moml.MoMLSimpleApplication@13b25c13
----------------- Done invoking toplevel() on ptolemy.moml.MoMLSimpleApplication@13b25c13
reloadAllAccessors: .CatchUpComposite6

===========================================================================================
----------------- testing Sun Jul 22 01:37:16 UTC 2018 /home/travis/build/icyphy/ptII/ptolemy/actor/lib/hoc/test/auto/CatchUpComposite7.xml
----------------- Instantiating /home/travis/build/icyphy/ptII/ptolemy/actor/lib/hoc/test/auto/CatchUpComposite7.xml
WARNING: The execution aspects in this model can influence the timing of actors by delaying the 
execution, potentially changing the behavior. There is no guarantee that actors fire at the 
time they request to be fired. 
Use Ptides for deterministic DE behavior that is not influenced by execution aspects. 

28 ms. Memory: 208384K Free: 104602K (50%)
----------------- Invoking toplevel() on ptolemy.moml.MoMLSimpleApplication@556a299a
----------------- Done invoking toplevel() on ptolemy.moml.MoMLSimpleApplication@556a299a
reloadAllAccessors: .CatchUpComposite7

===========================================================================================
----------------- testing Sun Jul 22 01:37:16 UTC 2018 /home/travis/build/icyphy/ptII/ptolemy/actor/lib/hoc/test/auto/ConcurrentExecutionTimeSDF.xml
----------------- Instantiating /home/travis/build/icyphy/ptII/ptolemy/actor/lib/hoc/test/auto/ConcurrentExecutionTimeSDF.xml
Fired ExecutionTime: 40400000
Fired ExecutionTime: 40400000
Fired ExecutionTime: 40400000
Fired ExecutionTime: 40400000
Fired ExecutionTime: 40400000
Fired ExecutionTime: 40400000
Fired ExecutionTime: 40400000
Fired ExecutionTime: 40400000
Fired ExecutionTime: 40400000
Fired ExecutionTime: 40400000
Fired ExecutionTime: 40400000
Fired ExecutionTime: 40400000
Fired ExecutionTime: 40400000
Fired ExecutionTime: 40400000
Fired ExecutionTime: 40400000
Fired ExecutionTime: 40400000
Fired ExecutionTime: 40400000
Fired ExecutionTime: 40400000
Fired ExecutionTime: 40400000
Fired ExecutionTime: 40400000
1062 ms. Memory: 208384K Free: 95952K (46%)
----------------- Invoking toplevel() on ptolemy.moml.MoMLSimpleApplication@18907ea5
----------------- Done invoking toplevel() on ptolemy.moml.MoMLSimpleApplication@18907ea5
reloadAllAccessors: .ConcurrentExecutionTimeSDF

===========================================================================================
----------------- testing Sun Jul 22 01:37:17 UTC 2018 /home/travis/build/icyphy/ptII/ptolemy/actor/lib/hoc/test/auto/ConcurrentSleep.xml
----------------- Instantiating /home/travis/build/icyphy/ptII/ptolemy/actor/lib/hoc/test/auto/ConcurrentSleep.xml
742 ms. Memory: 208384K Free: 81443K (39%)
----------------- Invoking toplevel() on ptolemy.moml.MoMLSimpleApplication@1194403
----------------- Done invoking toplevel() on ptolemy.moml.MoMLSimpleApplication@1194403
reloadAllAccessors: .ConcurrentSleep

===========================================================================================
----------------- testing Sun Jul 22 01:37:18 UTC 2018 /home/travis/build/icyphy/ptII/ptolemy/actor/lib/hoc/test/auto/DEInPNInRunCompositeActor.xml
----------------- Instantiating /home/travis/build/icyphy/ptII/ptolemy/actor/lib/hoc/test/auto/DEInPNInRunCompositeActor.xml
12 ms. Memory: 208384K Free: 196782K (94%)
----------------- Invoking toplevel() on ptolemy.moml.MoMLSimpleApplication@2de86881
----------------- Done invoking toplevel() on ptolemy.moml.MoMLSimpleApplication@2de86881
reloadAllAccessors: .DEInPNInRunCompositeActor

===========================================================================================
----------------- testing Sun Jul 22 01:37:18 UTC 2018 /home/travis/build/icyphy/ptII/ptolemy/actor/lib/hoc/test/auto/DFTSubSetTest.xml
----------------- Instantiating /home/travis/build/icyphy/ptII/ptolemy/actor/lib/hoc/test/auto/DFTSubSetTest.xml
189 ms. Memory: 208384K Free: 148244K (71%)
----------------- Invoking toplevel() on ptolemy.moml.MoMLSimpleApplication@12cad80b
----------------- Done invoking toplevel() on ptolemy.moml.MoMLSimpleApplication@12cad80b
reloadAllAccessors: .DFTSubSetTest

===========================================================================================
----------------- testing Sun Jul 22 01:37:18 UTC 2018 /home/travis/build/icyphy/ptII/ptolemy/actor/lib/hoc/test/auto/HocDE.xml
----------------- Instantiating /home/travis/build/icyphy/ptII/ptolemy/actor/lib/hoc/test/auto/HocDE.xml
177 ms. Memory: 208384K Free: 121210K (58%)
----------------- Invoking toplevel() on ptolemy.moml.MoMLSimpleApplication@292c93db
----------------- Done invoking toplevel() on ptolemy.moml.MoMLSimpleApplication@292c93db
reloadAllAccessors: .HocDE

===========================================================================================
----------------- testing Sun Jul 22 01:37:18 UTC 2018 /home/travis/build/icyphy/ptII/ptolemy/actor/lib/hoc/test/auto/IterateOverArray.xml
----------------- Instantiating /home/travis/build/icyphy/ptII/ptolemy/actor/lib/hoc/test/auto/IterateOverArray.xml
7 ms. Memory: 208384K Free: 114840K (55%)
----------------- Invoking toplevel() on ptolemy.moml.MoMLSimpleApplication@558b61a8
----------------- Done invoking toplevel() on ptolemy.moml.MoMLSimpleApplication@558b61a8
reloadAllAccessors: .IterateOverArray

===========================================================================================
----------------- testing Sun Jul 22 01:37:18 UTC 2018 /home/travis/build/icyphy/ptII/ptolemy/actor/lib/hoc/test/auto/IterateOverArray10.xml
----------------- Instantiating /home/travis/build/icyphy/ptII/ptolemy/actor/lib/hoc/test/auto/IterateOverArray10.xml
3 ms. Memory: 208384K Free: 110744K (53%)
----------------- Invoking toplevel() on ptolemy.moml.MoMLSimpleApplication@69c0c0c
----------------- Done invoking toplevel() on ptolemy.moml.MoMLSimpleApplication@69c0c0c
reloadAllAccessors: .IterateOverArray10

===========================================================================================
----------------- testing Sun Jul 22 01:37:18 UTC 2018 /home/travis/build/icyphy/ptII/ptolemy/actor/lib/hoc/test/auto/IterateOverArray11.xml
----------------- Instantiating /home/travis/build/icyphy/ptII/ptolemy/actor/lib/hoc/test/auto/IterateOverArray11.xml
4 ms. Memory: 208384K Free: 105194K (50%)
----------------- Invoking toplevel() on ptolemy.moml.MoMLSimpleApplication@4ccc9f69
----------------- Done invoking toplevel() on ptolemy.moml.MoMLSimpleApplication@4ccc9f69
reloadAllAccessors: .IterateOverArray11

===========================================================================================
----------------- testing Sun Jul 22 01:37:18 UTC 2018 /home/travis/build/icyphy/ptII/ptolemy/actor/lib/hoc/test/auto/IterateOverArray12.xml
----------------- Instantiating /home/travis/build/icyphy/ptII/ptolemy/actor/lib/hoc/test/auto/IterateOverArray12.xml
20 ms. Memory: 208384K Free: 97820K (47%)
----------------- Invoking toplevel() on ptolemy.moml.MoMLSimpleApplication@3c53e9f7
----------------- Done invoking toplevel() on ptolemy.moml.MoMLSimpleApplication@3c53e9f7
reloadAllAccessors: .IterateOverArray12

===========================================================================================
----------------- testing Sun Jul 22 01:37:18 UTC 2018 /home/travis/build/icyphy/ptII/ptolemy/actor/lib/hoc/test/auto/IterateOverArray13.xml
----------------- Instantiating /home/travis/build/icyphy/ptII/ptolemy/actor/lib/hoc/test/auto/IterateOverArray13.xml
60 ms. Memory: 331776K Free: 312316K (94%)
----------------- Invoking toplevel() on ptolemy.moml.MoMLSimpleApplication@65ee8f45
----------------- Done invoking toplevel() on ptolemy.moml.MoMLSimpleApplication@65ee8f45
reloadAllAccessors: .IterateOverArray13

===========================================================================================
----------------- testing Sun Jul 22 01:37:19 UTC 2018 /home/travis/build/icyphy/ptII/ptolemy/actor/lib/hoc/test/auto/IterateOverArray14.xml
----------------- Instantiating /home/travis/build/icyphy/ptII/ptolemy/actor/lib/hoc/test/auto/IterateOverArray14.xml
77 ms. Memory: 331776K Free: 275499K (83%)
----------------- Invoking toplevel() on ptolemy.moml.MoMLSimpleApplication@2babf28e
----------------- Done invoking toplevel() on ptolemy.moml.MoMLSimpleApplication@2babf28e
reloadAllAccessors: .IterateOverArray14

===========================================================================================
----------------- testing Sun Jul 22 01:37:19 UTC 2018 /home/travis/build/icyphy/ptII/ptolemy/actor/lib/hoc/test/auto/IterateOverArray2.xml
----------------- Instantiating /home/travis/build/icyphy/ptII/ptolemy/actor/lib/hoc/test/auto/IterateOverArray2.xml
14 ms. Memory: 331776K Free: 268959K (81%)
----------------- Invoking toplevel() on ptolemy.moml.MoMLSimpleApplication@4338f51a
----------------- Done invoking toplevel() on ptolemy.moml.MoMLSimpleApplication@4338f51a
reloadAllAccessors: .IterateOverArray2

===========================================================================================
----------------- testing Sun Jul 22 01:37:19 UTC 2018 /home/travis/build/icyphy/ptII/ptolemy/actor/lib/hoc/test/auto/IterateOverArray3.xml
----------------- Instantiating /home/travis/build/icyphy/ptII/ptolemy/actor/lib/hoc/test/auto/IterateOverArray3.xml
18 ms. Memory: 331776K Free: 261572K (79%)
----------------- Invoking toplevel() on ptolemy.moml.MoMLSimpleApplication@4b93fdd1
----------------- Done invoking toplevel() on ptolemy.moml.MoMLSimpleApplication@4b93fdd1
reloadAllAccessors: .IterateOverArray3

===========================================================================================
----------------- testing Sun Jul 22 01:37:19 UTC 2018 /home/travis/build/icyphy/ptII/ptolemy/actor/lib/hoc/test/auto/IterateOverArray4.xml
----------------- Instantiating /home/travis/build/icyphy/ptII/ptolemy/actor/lib/hoc/test/auto/IterateOverArray4.xml
8 ms. Memory: 331776K Free: 256667K (77%)
----------------- Invoking toplevel() on ptolemy.moml.MoMLSimpleApplication@73389dc7
----------------- Done invoking toplevel() on ptolemy.moml.MoMLSimpleApplication@73389dc7
reloadAllAccessors: .IterateOverArray4

===========================================================================================
----------------- testing Sun Jul 22 01:37:19 UTC 2018 /home/travis/build/icyphy/ptII/ptolemy/actor/lib/hoc/test/auto/IterateOverArray5.xml
----------------- Instantiating /home/travis/build/icyphy/ptII/ptolemy/actor/lib/hoc/test/auto/IterateOverArray5.xml
4 ms. Memory: 331776K Free: 251762K (76%)
----------------- Invoking toplevel() on ptolemy.moml.MoMLSimpleApplication@6b268a03
----------------- Done invoking toplevel() on ptolemy.moml.MoMLSimpleApplication@6b268a03
reloadAllAccessors: .IterateOverArray5

===========================================================================================
----------------- testing Sun Jul 22 01:37:19 UTC 2018 /home/travis/build/icyphy/ptII/ptolemy/actor/lib/hoc/test/auto/IterateOverArray6.xml
----------------- Instantiating /home/travis/build/icyphy/ptII/ptolemy/actor/lib/hoc/test/auto/IterateOverArray6.xml
2 ms. Memory: 331776K Free: 246010K (74%)
----------------- Invoking toplevel() on ptolemy.moml.MoMLSimpleApplication@bea57e6
----------------- Done invoking toplevel() on ptolemy.moml.MoMLSimpleApplication@bea57e6
reloadAllAccessors: .IterateOverArray6

===========================================================================================
----------------- testing Sun Jul 22 01:37:19 UTC 2018 /home/travis/build/icyphy/ptII/ptolemy/actor/lib/hoc/test/auto/IterateOverArray7.xml
----------------- Instantiating /home/travis/build/icyphy/ptII/ptolemy/actor/lib/hoc/test/auto/IterateOverArray7.xml
4 ms. Memory: 331776K Free: 241105K (73%)
----------------- Invoking toplevel() on ptolemy.moml.MoMLSimpleApplication@49cc766b
----------------- Done invoking toplevel() on ptolemy.moml.MoMLSimpleApplication@49cc766b
reloadAllAccessors: .IterateOverArray7

===========================================================================================
----------------- testing Sun Jul 22 01:37:19 UTC 2018 /home/travis/build/icyphy/ptII/ptolemy/actor/lib/hoc/test/auto/IterateOverArray8.xml
----------------- Instantiating /home/travis/build/icyphy/ptII/ptolemy/actor/lib/hoc/test/auto/IterateOverArray8.xml
4 ms. Memory: 331776K Free: 235352K (71%)
----------------- Invoking toplevel() on ptolemy.moml.MoMLSimpleApplication@23484005
----------------- Done invoking toplevel() on ptolemy.moml.MoMLSimpleApplication@23484005
reloadAllAccessors: .IterateOverArray8

===========================================================================================
----------------- testing Sun Jul 22 01:37:19 UTC 2018 /home/travis/build/icyphy/ptII/ptolemy/actor/lib/hoc/test/auto/IterateOverArray9.xml
----------------- Instantiating /home/travis/build/icyphy/ptII/ptolemy/actor/lib/hoc/test/auto/IterateOverArray9.xml
9 ms. Memory: 331776K Free: 230447K (69%)
----------------- Invoking toplevel() on ptolemy.moml.MoMLSimpleApplication@2a94ea44
----------------- Done invoking toplevel() on ptolemy.moml.MoMLSimpleApplication@2a94ea44
reloadAllAccessors: .IterateOverArray9

===========================================================================================
----------------- testing Sun Jul 22 01:37:19 UTC 2018 /home/travis/build/icyphy/ptII/ptolemy/actor/lib/hoc/test/auto/IterateOverArrayCoercedOutputType.xml
----------------- Instantiating /home/travis/build/icyphy/ptII/ptolemy/actor/lib/hoc/test/auto/IterateOverArrayCoercedOutputType.xml
12 ms. Memory: 331776K Free: 223907K (67%)
----------------- Invoking toplevel() on ptolemy.moml.MoMLSimpleApplication@35ea89dc
----------------- Done invoking toplevel() on ptolemy.moml.MoMLSimpleApplication@35ea89dc
reloadAllAccessors: .IterateOverArrayCoercedOutputType

===========================================================================================
----------------- testing Sun Jul 22 01:37:19 UTC 2018 /home/travis/build/icyphy/ptII/ptolemy/actor/lib/hoc/test/auto/IterateOverArrayInferredOutputType.xml
----------------- Instantiating /home/travis/build/icyphy/ptII/ptolemy/actor/lib/hoc/test/auto/IterateOverArrayInferredOutputType.xml
12 ms. Memory: 331776K Free: 216520K (65%)
----------------- Invoking toplevel() on ptolemy.moml.MoMLSimpleApplication@4276fd60
----------------- Done invoking toplevel() on ptolemy.moml.MoMLSimpleApplication@4276fd60
reloadAllAccessors: .IterateOverArrayInferredOutputType

===========================================================================================
----------------- testing Sun Jul 22 01:37:19 UTC 2018 /home/travis/build/icyphy/ptII/ptolemy/actor/lib/hoc/test/auto/MobileFunctionTest.xml
----------------- Instantiating /home/travis/build/icyphy/ptII/ptolemy/actor/lib/hoc/test/auto/MobileFunctionTest.xml
4 ms. Memory: 331776K Free: 209948K (63%)
----------------- Invoking toplevel() on ptolemy.moml.MoMLSimpleApplication@24291678
----------------- Done invoking toplevel() on ptolemy.moml.MoMLSimpleApplication@24291678
reloadAllAccessors: .MobileFunctionTest

===========================================================================================
----------------- testing Sun Jul 22 01:37:19 UTC 2018 /home/travis/build/icyphy/ptII/ptolemy/actor/lib/hoc/test/auto/MobileModelTest.xml
----------------- Instantiating /home/travis/build/icyphy/ptII/ptolemy/actor/lib/hoc/test/auto/MobileModelTest.xml
75 ms. Memory: 331776K Free: 188691K (57%)
----------------- Invoking toplevel() on ptolemy.moml.MoMLSimpleApplication@7f59f657
----------------- Done invoking toplevel() on ptolemy.moml.MoMLSimpleApplication@7f59f657
reloadAllAccessors: .MobileModelTest

===========================================================================================
----------------- testing Sun Jul 22 01:37:19 UTC 2018 /home/travis/build/icyphy/ptII/ptolemy/actor/lib/hoc/test/auto/ModelReference.xml
----------------- Instantiating /home/travis/build/icyphy/ptII/ptolemy/actor/lib/hoc/test/auto/ModelReference.xml
5 ms. Memory: 331776K Free: 178034K (54%)
7 ms. Memory: 331776K Free: 178034K (54%)
2 ms. Memory: 331776K Free: 176399K (53%)
2 ms. Memory: 331776K Free: 176399K (53%)
3 ms. Memory: 331776K Free: 174764K (53%)
2 ms. Memory: 331776K Free: 174764K (53%)
2 ms. Memory: 331776K Free: 173129K (52%)
7 ms. Memory: 331776K Free: 173129K (52%)
1 ms. Memory: 331776K Free: 171494K (52%)
2 ms. Memory: 331776K Free: 171494K (52%)
46 ms. Memory: 331776K Free: 171494K (52%)
----------------- Invoking toplevel() on ptolemy.moml.MoMLSimpleApplication@327edb89
----------------- Done invoking toplevel() on ptolemy.moml.MoMLSimpleApplication@327edb89
reloadAllAccessors: .ModelReference

===========================================================================================
----------------- testing Sun Jul 22 01:37:19 UTC 2018 /home/travis/build/icyphy/ptII/ptolemy/actor/lib/hoc/test/auto/ModelReference3.xml
----------------- Instantiating /home/travis/build/icyphy/ptII/ptolemy/actor/lib/hoc/test/auto/ModelReference3.xml
2 ms. Memory: 331776K Free: 166589K (50%)
5 ms. Memory: 331776K Free: 164954K (50%)
1 ms. Memory: 331776K Free: 164954K (50%)
4 ms. Memory: 331776K Free: 163319K (49%)
1 ms. Memory: 331776K Free: 163319K (49%)
3 ms. Memory: 331776K Free: 161684K (49%)
2 ms. Memory: 331776K Free: 161684K (49%)
4 ms. Memory: 331776K Free: 160049K (48%)
2 ms. Memory: 331776K Free: 160049K (48%)
2 ms. Memory: 331776K Free: 158414K (48%)
38 ms. Memory: 331776K Free: 158414K (48%)
----------------- Invoking toplevel() on ptolemy.moml.MoMLSimpleApplication@1a8106d5
----------------- Done invoking toplevel() on ptolemy.moml.MoMLSimpleApplication@1a8106d5
reloadAllAccessors: .ModelReference3

===========================================================================================
----------------- testing Sun Jul 22 01:37:19 UTC 2018 /home/travis/build/icyphy/ptII/ptolemy/actor/lib/hoc/test/auto/ModelReference4.xml
----------------- Instantiating /home/travis/build/icyphy/ptII/ptolemy/actor/lib/hoc/test/auto/ModelReference4.xml
5 ms. Memory: 331776K Free: 151027K (46%)
3 ms. Memory: 331776K Free: 144487K (44%)
11 ms. Memory: 331776K Free: 142852K (43%)
1 ms. Memory: 331776K Free: 141217K (43%)
4 ms. Memory: 331776K Free: 137947K (42%)
3 ms. Memory: 331776K Free: 136312K (41%)
4 ms. Memory: 331776K Free: 134677K (41%)
3 ms. Memory: 331776K Free: 133042K (40%)
2 ms. Memory: 331776K Free: 131407K (40%)
3 ms. Memory: 331776K Free: 129772K (39%)
10024 ms. Memory: 331776K Free: 129772K (39%)
----------------- Invoking toplevel() on ptolemy.moml.MoMLSimpleApplication@183612b8
----------------- Done invoking toplevel() on ptolemy.moml.MoMLSimpleApplication@183612b8
reloadAllAccessors: .ModelReference4

===========================================================================================
----------------- testing Sun Jul 22 01:37:29 UTC 2018 /home/travis/build/icyphy/ptII/ptolemy/actor/lib/hoc/test/auto/MultiInstanceComposite.xml
----------------- Instantiating /home/travis/build/icyphy/ptII/ptolemy/actor/lib/hoc/test/auto/MultiInstanceComposite.xml
37 ms. Memory: 331776K Free: 111787K (34%)
----------------- Invoking toplevel() on ptolemy.moml.MoMLSimpleApplication@4f901f8b
----------------- Done invoking toplevel() on ptolemy.moml.MoMLSimpleApplication@4f901f8b
reloadAllAccessors: .MultiInstanceComposite

===========================================================================================
----------------- testing Sun Jul 22 01:37:30 UTC 2018 /home/travis/build/icyphy/ptII/ptolemy/actor/lib/hoc/test/auto/MultiInstanceComposite2.xml
----------------- Instantiating /home/travis/build/icyphy/ptII/ptolemy/actor/lib/hoc/test/auto/MultiInstanceComposite2.xml
13 ms. Memory: 331776K Free: 98707K (30%)
----------------- Invoking toplevel() on ptolemy.moml.MoMLSimpleApplication@470fd454
----------------- Done invoking toplevel() on ptolemy.moml.MoMLSimpleApplication@470fd454
reloadAllAccessors: .MultiInstanceComposite2

===========================================================================================
----------------- testing Sun Jul 22 01:37:30 UTC 2018 /home/travis/build/icyphy/ptII/ptolemy/actor/lib/hoc/test/auto/MulticoreExecution.xml
----------------- Instantiating /home/travis/build/icyphy/ptII/ptolemy/actor/lib/hoc/test/auto/MulticoreExecution.xml
Fired ExecutionTime: 2800000
Fired ExecutionTime: 2800000
Fired ExecutionTime: 2400000
Fired ExecutionTime: 3600000
Fired ExecutionTime: 4400000
Fired ExecutionTime: 2400000
Fired ExecutionTime: 2400000
Fired ExecutionTime: 2800000
Fired ExecutionTime: 2800000
Fired ExecutionTime: 2800000
Fired ExecutionTime: 4000000
Fired ExecutionTime: 2400000
Fired ExecutionTime: 41600000
Fired ExecutionTime: 46000000
Fired ExecutionTime: 34400000
Fired ExecutionTime: 78400000
Fired ExecutionTime: 73200000
Fired ExecutionTime: 71600000
Fired ExecutionTime: 73200000
Fired ExecutionTime: 71600000
1130 ms. Memory: 331776K Free: 84780K (26%)
----------------- Invoking toplevel() on ptolemy.moml.MoMLSimpleApplication@739473f
----------------- Done invoking toplevel() on ptolemy.moml.MoMLSimpleApplication@739473f
reloadAllAccessors: .MulticoreExecution

===========================================================================================
----------------- testing Sun Jul 22 01:37:31 UTC 2018 /home/travis/build/icyphy/ptII/ptolemy/actor/lib/hoc/test/auto/ParallelExecution.xml
----------------- Instantiating /home/travis/build/icyphy/ptII/ptolemy/actor/lib/hoc/test/auto/ParallelExecution.xml
917 ms. Memory: 332288K Free: 317319K (95%)
----------------- Invoking toplevel() on ptolemy.moml.MoMLSimpleApplication@2d64e6ed
----------------- Done invoking toplevel() on ptolemy.moml.MoMLSimpleApplication@2d64e6ed
reloadAllAccessors: .ParallelExecution

===========================================================================================
----------------- testing Sun Jul 22 01:37:32 UTC 2018 /home/travis/build/icyphy/ptII/ptolemy/actor/lib/hoc/test/auto/RunCompositeActor.xml
----------------- Instantiating /home/travis/build/icyphy/ptII/ptolemy/actor/lib/hoc/test/auto/RunCompositeActor.xml
5 ms. Memory: 332288K Free: 308550K (93%)
----------------- Invoking toplevel() on ptolemy.moml.MoMLSimpleApplication@4064739d
----------------- Done invoking toplevel() on ptolemy.moml.MoMLSimpleApplication@4064739d
reloadAllAccessors: .RunCompositeActor

===========================================================================================
----------------- testing Sun Jul 22 01:37:32 UTC 2018 /home/travis/build/icyphy/ptII/ptolemy/actor/lib/hoc/test/auto/RunCompositeActor2.xml
----------------- Instantiating /home/travis/build/icyphy/ptII/ptolemy/actor/lib/hoc/test/auto/RunCompositeActor2.xml
3 ms. Memory: 332288K Free: 301230K (91%)
----------------- Invoking toplevel() on ptolemy.moml.MoMLSimpleApplication@4bb0a81d
----------------- Done invoking toplevel() on ptolemy.moml.MoMLSimpleApplication@4bb0a81d
reloadAllAccessors: .RunCompositeActor2

===========================================================================================
----------------- testing Sun Jul 22 01:37:32 UTC 2018 /home/travis/build/icyphy/ptII/ptolemy/actor/lib/hoc/test/auto/RunCompositeActor3.xml
----------------- Instantiating /home/travis/build/icyphy/ptII/ptolemy/actor/lib/hoc/test/auto/RunCompositeActor3.xml
6 ms. Memory: 332288K Free: 294690K (89%)
----------------- Invoking toplevel() on ptolemy.moml.MoMLSimpleApplication@5db0826d
----------------- Done invoking toplevel() on ptolemy.moml.MoMLSimpleApplication@5db0826d
reloadAllAccessors: .RunCompositeActor3

===========================================================================================
----------------- testing Sun Jul 22 01:37:32 UTC 2018 /home/travis/build/icyphy/ptII/ptolemy/actor/lib/hoc/test/auto/RunCompositeActor4.xml
----------------- Instantiating /home/travis/build/icyphy/ptII/ptolemy/actor/lib/hoc/test/auto/RunCompositeActor4.xml
18 ms. Memory: 332288K Free: 285920K (86%)
----------------- Invoking toplevel() on ptolemy.moml.MoMLSimpleApplication@4f3b8bc2
----------------- Done invoking toplevel() on ptolemy.moml.MoMLSimpleApplication@4f3b8bc2
reloadAllAccessors: .RunCompositeActor4

===========================================================================================
----------------- testing Sun Jul 22 01:37:32 UTC 2018 /home/travis/build/icyphy/ptII/ptolemy/actor/lib/hoc/test/auto/RunCompositeIterateOverArray.xml
----------------- Instantiating /home/travis/build/icyphy/ptII/ptolemy/actor/lib/hoc/test/auto/RunCompositeIterateOverArray.xml
13 ms. Memory: 332288K Free: 277745K (84%)
----------------- Invoking toplevel() on ptolemy.moml.MoMLSimpleApplication@3d9446fd
----------------- Done invoking toplevel() on ptolemy.moml.MoMLSimpleApplication@3d9446fd
reloadAllAccessors: .RunCompositeIterateOverArray

===========================================================================================
----------------- testing Sun Jul 22 01:37:32 UTC 2018 /home/travis/build/icyphy/ptII/ptolemy/actor/lib/hoc/test/auto/ThreadedJS.xml
----------------- Instantiating /home/travis/build/icyphy/ptII/ptolemy/actor/lib/hoc/test/auto/ThreadedJS.xml
1885 ms. Memory: 540672K Free: 164875K (30%)
----------------- Invoking toplevel() on ptolemy.moml.MoMLSimpleApplication@eb4dfed
----------------- Done invoking toplevel() on ptolemy.moml.MoMLSimpleApplication@eb4dfed
reloadAllAccessors: .ThreadedJS
AutoTests.java: About to close Vertx.
AutoTests.java: Vertx closed.
]]></system-out>
  <system-err><![CDATA[java.lang.RuntimeException: Execution failed
	at ptolemy.moml.MoMLSimpleApplication$UnloadThread.run(MoMLSimpleApplication.java:402)
Caused by: ptolemy.kernel.util.IllegalActionException: initialize() was called after wrapup() was called but preinitialize() was not called after wrapup().
	at ptolemy.actor.lib.hoc.test.PreinitializeMustBeInvoked.initialize(PreinitializeMustBeInvoked.java:78)
	at ptolemy.actor.Director.initialize(Director.java:938)
	at ptolemy.actor.Director.initialize(Director.java:907)
	at ptolemy.actor.sched.StaticSchedulingDirector.initialize(StaticSchedulingDirector.java:159)
	at ptolemy.domains.sdf.kernel.SDFDirector.initialize(SDFDirector.java:544)
	at ptolemy.actor.CompositeActor.initialize(CompositeActor.java:935)
	at ptolemy.actor.lib.hoc.LifeCycleManager._executeInsideModel(LifeCycleManager.java:339)
	at ptolemy.actor.lib.hoc.RunCompositeActor.fire(RunCompositeActor.java:205)
	at ptolemy.actor.CompositeActor.iterate(CompositeActor.java:1146)
	at ptolemy.actor.sched.StaticSchedulingDirector.fire(StaticSchedulingDirector.java:216)
	at ptolemy.domains.sdf.kernel.SDFDirector.fire(SDFDirector.java:500)
	at ptolemy.actor.CompositeActor.fire(CompositeActor.java:455)
	at ptolemy.actor.Manager.iterate(Manager.java:851)
	at ptolemy.actor.Manager.execute(Manager.java:369)
	at ptolemy.actor.Manager.run(Manager.java:1263)
	at ptolemy.actor.Manager$PtolemyRunThread.run(Manager.java:1915)
java.lang.reflect.InvocationTargetException
	at sun.reflect.NativeConstructorAccessorImpl.newInstance0(Native Method)
	at sun.reflect.NativeConstructorAccessorImpl.newInstance(NativeConstructorAccessorImpl.java:62)
	at sun.reflect.DelegatingConstructorAccessorImpl.newInstance(DelegatingConstructorAccessorImpl.java:45)
	at java.lang.reflect.Constructor.newInstance(Constructor.java:423)
	at ptolemy.util.test.junit.AutoKnownFailedTests.RunModel(AutoKnownFailedTests.java:107)
	at sun.reflect.NativeMethodAccessorImpl.invoke0(Native Method)
	at sun.reflect.NativeMethodAccessorImpl.invoke(NativeMethodAccessorImpl.java:62)
	at sun.reflect.DelegatingMethodAccessorImpl.invoke(DelegatingMethodAccessorImpl.java:43)
	at java.lang.reflect.Method.invoke(Method.java:498)
	at org.junit.runners.model.FrameworkMethod$1.runReflectiveCall(FrameworkMethod.java:44)
	at org.junit.internal.runners.model.ReflectiveCallable.run(ReflectiveCallable.java:15)
	at org.junit.runners.model.FrameworkMethod.invokeExplosively(FrameworkMethod.java:41)
	at junitparams.internal.InvokeParameterisedMethod.evaluate(InvokeParameterisedMethod.java:102)
	at org.junit.internal.runners.statements.FailOnTimeout$1.run(FailOnTimeout.java:28)
Caused by: ptolemy.kernel.util.IllegalActionException: initialize() was called after wrapup() was called but preinitialize() was not called after wrapup().
	at ptolemy.actor.lib.hoc.test.PreinitializeMustBeInvoked.initialize(PreinitializeMustBeInvoked.java:78)
	at ptolemy.actor.Director.initialize(Director.java:938)
	at ptolemy.actor.Director.initialize(Director.java:907)
	at ptolemy.actor.sched.StaticSchedulingDirector.initialize(StaticSchedulingDirector.java:159)
	at ptolemy.domains.sdf.kernel.SDFDirector.initialize(SDFDirector.java:544)
	at ptolemy.actor.CompositeActor.initialize(CompositeActor.java:935)
	at ptolemy.actor.lib.hoc.LifeCycleManager._executeInsideModel(LifeCycleManager.java:339)
	at ptolemy.actor.lib.hoc.RunCompositeActor.fire(RunCompositeActor.java:205)
	at ptolemy.actor.CompositeActor.iterate(CompositeActor.java:1146)
	at ptolemy.actor.sched.StaticSchedulingDirector.fire(StaticSchedulingDirector.java:216)
	at ptolemy.domains.sdf.kernel.SDFDirector.fire(SDFDirector.java:500)
	at ptolemy.actor.CompositeActor.fire(CompositeActor.java:455)
	at ptolemy.actor.Manager.iterate(Manager.java:851)
	at ptolemy.actor.Manager.execute(Manager.java:369)
	at ptolemy.actor.Manager.run(Manager.java:1263)
	at ptolemy.actor.Manager$PtolemyRunThread.run(Manager.java:1915)
]]></system-err>
</testsuite>
