<?xml version="1.0" encoding="UTF-8" ?>
<testsuite errors="0" failures="2" hostname="travis-job-8cffab8e-8aa6-4583-872a-e8378106b097" name="ptolemy.actor.gui.test.junit.JUnitTclTest" skipped="0" tests="16" time="295.627" timestamp="2019-07-12T04:52:51">
  <properties>
[...]
</properties>
  <testcase classname="ptolemy.util.test.junit.TclTests" name="[0] /home/travis/build/icyphy/ptII/ptolemy/actor/gui/test/AAAConfiguration.tcl (RunTclFile)" time="0.92" />
  <testcase classname="ptolemy.util.test.junit.TclTests" name="[1] /home/travis/build/icyphy/ptII/ptolemy/actor/gui/test/CheckModelSize.tcl (RunTclFile)" time="0.183" />
  <testcase classname="ptolemy.util.test.junit.TclTests" name="[2] /home/travis/build/icyphy/ptII/ptolemy/actor/gui/test/CompositeActorApplication.tcl (RunTclFile)" time="5.508" />
  <testcase classname="ptolemy.util.test.junit.TclTests" name="[3] /home/travis/build/icyphy/ptII/ptolemy/actor/gui/test/CompositeActorSimpleApplication.tcl (RunTclFile)" time="2.023" />
  <testcase classname="ptolemy.util.test.junit.TclTests" name="[4] /home/travis/build/icyphy/ptII/ptolemy/actor/gui/test/ConfigurationApplication.tcl (RunTclFile)" time="0.055" />
  <testcase classname="ptolemy.util.test.junit.TclTests" name="[5] /home/travis/build/icyphy/ptII/ptolemy/actor/gui/test/EffigyFactory.tcl (RunTclFile)" time="0.005" />
  <testcase classname="ptolemy.util.test.junit.TclTests" name="[6] /home/travis/build/icyphy/ptII/ptolemy/actor/gui/test/HTMLAbout.tcl (RunTclFile)" time="5.62" />
  <testcase classname="ptolemy.util.test.junit.TclTests" name="[7] /home/travis/build/icyphy/ptII/ptolemy/actor/gui/test/HTMLViewer.tcl (RunTclFile)" time="3.267" />
  <testcase classname="ptolemy.util.test.junit.TclTests" name="[8] /home/travis/build/icyphy/ptII/ptolemy/actor/gui/test/MoMLApplication.tcl (RunTclFile)" time="0.016" />
  <testcase classname="ptolemy.util.test.junit.TclTests" name="[9] /home/travis/build/icyphy/ptII/ptolemy/actor/gui/test/PtExecuteApplication.tcl (RunTclFile)" time="4.003" />
  <testcase classname="ptolemy.util.test.junit.TclTests" name="[10] /home/travis/build/icyphy/ptII/ptolemy/actor/gui/test/PtolemyApplication.tcl (RunTclFile)" time="0.503" />
  <testcase classname="ptolemy.util.test.junit.TclTests" name="[11] /home/travis/build/icyphy/ptII/ptolemy/actor/gui/test/UserActorLibrary.tcl (RunTclFile)" time="273.179">
    <failure message="Number of failed tests is has increased. expected:&lt;0&gt; but was:&lt;7&gt;" type="junit.framework.AssertionFailedError">junit.framework.AssertionFailedError: Number of failed tests is has increased. expected:&lt;0&gt; but was:&lt;7&gt;
	at ptolemy.util.test.junit.TclTests.RunTclFile(TclTests.java:286)
	at java.base/jdk.internal.reflect.NativeMethodAccessorImpl.invoke0(Native Method)
	at java.base/jdk.internal.reflect.NativeMethodAccessorImpl.invoke(NativeMethodAccessorImpl.java:62)
	at java.base/jdk.internal.reflect.DelegatingMethodAccessorImpl.invoke(DelegatingMethodAccessorImpl.java:43)
	at junitparams.internal.InvokeParameterisedMethod.evaluate(InvokeParameterisedMethod.java:102)
	at junitparams.internal.ParameterisedTestMethodRunner.runMethodInvoker(ParameterisedTestMethodRunner.java:47)
	at junitparams.internal.ParameterisedTestMethodRunner.runTestMethod(ParameterisedTestMethodRunner.java:41)
	at junitparams.internal.ParameterisedTestClassRunner.runParameterisedTest(ParameterisedTestClassRunner.java:143)
	at junitparams.JUnitParamsRunner.runChild(JUnitParamsRunner.java:237)
	at junitparams.JUnitParamsRunner.runChild(JUnitParamsRunner.java:215)
</failure>
  </testcase>
  <testcase classname="ptolemy.util.test.junit.TclTests" name="[12] /home/travis/build/icyphy/ptII/ptolemy/actor/gui/test/ZZZConfiguration.tcl (RunTclFile)" time="0.027">
    <failure message="Number of failed tests is has increased. expected:&lt;7&gt; but was:&lt;8&gt;" type="junit.framework.AssertionFailedError">junit.framework.AssertionFailedError: Number of failed tests is has increased. expected:&lt;7&gt; but was:&lt;8&gt;
	at ptolemy.util.test.junit.TclTests.RunTclFile(TclTests.java:286)
	at java.base/jdk.internal.reflect.NativeMethodAccessorImpl.invoke0(Native Method)
	at java.base/jdk.internal.reflect.NativeMethodAccessorImpl.invoke(NativeMethodAccessorImpl.java:62)
	at java.base/jdk.internal.reflect.DelegatingMethodAccessorImpl.invoke(DelegatingMethodAccessorImpl.java:43)
	at junitparams.internal.InvokeParameterisedMethod.evaluate(InvokeParameterisedMethod.java:102)
	at junitparams.internal.ParameterisedTestMethodRunner.runMethodInvoker(ParameterisedTestMethodRunner.java:47)
	at junitparams.internal.ParameterisedTestMethodRunner.runTestMethod(ParameterisedTestMethodRunner.java:41)
	at junitparams.internal.ParameterisedTestClassRunner.runParameterisedTest(ParameterisedTestClassRunner.java:143)
	at junitparams.JUnitParamsRunner.runChild(JUnitParamsRunner.java:237)
	at junitparams.JUnitParamsRunner.runChild(JUnitParamsRunner.java:215)
</failure>
  </testcase>
  <testcase classname="ptolemy.util.test.junit.AutoKnownFailedTests" name="[0] ThereAreNoKnowFailedTests (RunModel)" time="0.012" />
  <testcase classname="ptolemy.util.test.junit.AutoNameArchTests" name="[0] ThereAreNoAutoArchTests (RunModel)" time="0.008" />
  <testcase classname="ptolemy.util.test.junit.AutoTests" name="[0] ThereAreNoAutoTests (RunModel)" time="0.014" />
  <system-out><![CDATA[/home/travis/build/icyphy/ptII/ptolemy/actor/gui/test/AAAConfiguration.tcl
testDefs.tcl: setting time out to 9000 seconds at Fri Jul 12 04:52:51 UTC 2019
/home/travis/build/icyphy/ptII/ptolemy/actor/gui/test/CheckModelSize.tcl
/home/travis/build/icyphy/ptII/ptolemy/actor/gui/test/CompositeActorApplication.tcl
31 ms. Memory: 120832K Free: 96035K (79%)
sleeping 2 seconds: 69 ms. Memory: 150528K Free: 132864K (88%)
66 ms. Memory: 150528K Free: 132864K (88%)
/home/travis/build/icyphy/ptII/ptolemy/actor/gui/test/CompositeActorSimpleApplication.tcl
7 ms. Memory: 150528K Free: 76936K (51%)
/home/travis/build/icyphy/ptII/ptolemy/actor/gui/test/ConfigurationApplication.tcl
test 1.0: filterSize: 13, newFilterSize: 15
/home/travis/build/icyphy/ptII/ptolemy/actor/gui/test/EffigyFactory.tcl
/home/travis/build/icyphy/ptII/ptolemy/actor/gui/test/HTMLAbout.tcl
Could not find body or head in file:/home/travis/build/icyphy/ptII/org/terraswarm/accessor/accessors/web/accessors-license.htm <!DOCTYPE html PUBLIC "-//W3C//DTD XHTML 1.0 Transitional//EN" "http://www.w3.org/TR/xhtml1/DTD/xhtml1-transitional.dtd">
<!-- $Id$ -->
<html xmlns="http://www.w3.org/1999/xhtml" xml:lang="en-US" lang
Reading /home/travis/build/icyphy/ptII/ptolemy/configs/full/configuration.xml
Checking complete demos of ptolemy/configs/doc/completeDemos.htm
Warning: ptolemy/configs/kepler/doc-index.htm not found: java.io.IOException: File not found: 'ptolemy/configs/kepler/doc-index.htm'
 caused by:
java.net.MalformedURLException: no protocol: ptolemy/configs/kepler/doc-index.htm
 AND:
java.io.IOException: File '/home/travis/build/icyphy/ptII/ptolemy/actor/gui/test/ptolemy/configs/kepler/doc-index.htm' does not exist.
 AND:
java.net.MalformedURLException: no protocol: ptolemy/configs/kepler/doc-index.htm
/home/travis/build/icyphy/ptII/ptolemy/actor/gui/test/HTMLViewer.tcl
sleeping 3 seconds: /home/travis/build/icyphy/ptII/ptolemy/actor/gui/test/MoMLApplication.tcl
/home/travis/build/icyphy/ptII/ptolemy/actor/gui/test/PtExecuteApplication.tcl
12 ms. Memory: 356352K Free: 208432K (58%)
sleeping 2 seconds: 16 ms. Memory: 545792K Free: 507428K (93%)
.test
sleeping 2 seconds: 5 ms. Memory: 545792K Free: 505395K (93%)
<?xml version="1.0" standalone="no"?>
<!DOCTYPE entity PUBLIC "-//UC Berkeley//DTD MoML 1//EN"
    "http://ptolemy.eecs.berkeley.edu/xml/dtd/MoML_1.dtd">
<entity name="test" class="ptolemy.actor.TypedCompositeActor">
    <property name="_createdBy" class="ptolemy.kernel.attributes.VersionAttribute" value="11.1.devel">
    </property>
    <doc>This test has no placeable elements, but writes to standard out.</doc>
    <property name="step" class="ptolemy.data.expr.Parameter" value="1">
    </property>
    <property name="director" class="ptolemy.domains.sdf.kernel.SDFDirector">
        <property name="iterations" class="ptolemy.data.expr.Parameter" value="5">
        </property>
        <property name="vectorizationFactor" class="ptolemy.data.expr.Parameter" value="1">
        </property>
    </property>
    <entity name="ramp" class="ptolemy.actor.lib.Ramp">
        <property name="init" class="ptolemy.actor.parameters.PortParameter" value="0">
        </property>
        <property name="step" class="ptolemy.actor.parameters.PortParameter" value="step">
        </property>
        <property name="firingCountLimit" class="ptolemy.data.expr.Parameter" value="0">
        </property>
    </entity>
    <entity name="rec" class="ptolemy.actor.lib.Recorder">
        <property name="capacity" class="ptolemy.data.expr.Parameter" value="-1">
        </property>
    </entity>
    <relation name="r1" class="ptolemy.actor.TypedIORelation">
        <property name="width" class="ptolemy.data.expr.Parameter" value="1">
        </property>
    </relation>
    <link port="ramp.output" relation="r1"/>
    <link port="rec.input" relation="r1"/>
</entity>

/home/travis/build/icyphy/ptII/ptolemy/actor/gui/test/PtolemyApplication.tcl
/home/travis/build/icyphy/ptII/ptolemy/actor/gui/test/UserActorLibrary.tcl
JSAccessor: PT_NO_NET environment variable is set, so git pull and ptdoc are not being run.
No physical cameras found, using WebcamDummyDriver.
CharacterRecognition: The tesseract module was not present.  The CharacterRecognition accessor is not supported on this accessor host. (Thread[main,5,main])
CharacterRecognition: The tesseract module was not present.  The CharacterRecognition accessor is not supported on this accessor host. (Thread[main,5,main])
The Mutable accessor original file has no documentation, so we are not running jsdoc on https://accessors.org/utilities/Mutable.js


==== $PTII/ptolemy/actor/gui/test/UserActorLibrary.tcl: UserActorLibrary-0.1 Read in the configuration
==== Contents of test case:
 
    set configurationURL [java::call ptolemy.util.FileUtilities nameToURL  {$CLASSPATH/ptolemy/actor/gui/test/testConfiguration.xml}  [java::null]  [java::null]]

    
    if {[info vars configuration] != ""} {
	# StringUtilities.exit() checks to see if this property is has a length > 0
	java::call System setProperty ptolemy.ptII.doNotExit {}
	#java::call System clearProperty ptolemy.ptII.doNotExit

	# The Manager uses this property to help us test the Exit actor.
	java::call System setProperty ptolemy.ptII.exitAfterWrapup true

	$configuration setContainer [java::null]

	# Reset the property
	java::call System setProperty ptolemy.ptII.doNotExit true

    }
    set configuration [java::call ptolemy.actor.gui.MoMLApplication readConfiguration $configurationURL]
    # Open one model so that we don't exit.
    $parser purgeModelRecord test.xml
    set entity [java::cast ptolemy.kernel.CompositeEntity  [$parser parseFile test.xml]]
    set tableau [$configuration openModel $entity]

    $configuration getFullName

==== Test generated error:
Failed to populate Library
  in .configuration.actor library.MoreLibraries.Accessors.audio
Because:
Loading accessor failed: AudioCapture.js
  in .configuration.actor library.MoreLibraries.Accessors.audio
Because:
Error evaluating expression:
// Copyright (c) 2015-2017 The Regents of the University of California.
...
  in .configuration.actor library.MoreLibraries.Accessors.audio.AudioCapture.script
Because:
Failed to evaluate script.
  in .configuration.actor library.MoreLibraries.Accessors.audio.AudioCapture
Because:
Error: Error executing module audio line #undefined : ptolemy.actor.lib.jjs.modules.audio.AudioHelper
In file: /home/travis/build/icyphy/ptII/ptolemy/actor/lib/jjs/modules/audio/audio.js

java.lang.ClassNotFoundException: ptolemy.actor.lib.jjs.modules.audio.AudioHelper
	at java.base/jdk.internal.loader.BuiltinClassLoader.loadClass(BuiltinClassLoader.java:583)
	at java.base/jdk.internal.loader.ClassLoaders$AppClassLoader.loadClass(ClassLoaders.java:178)
	at java.base/java.lang.ClassLoader.loadClass(ClassLoader.java:521)
	at java.base/java.lang.Class.forName0(Native Method)
	at java.base/java.lang.Class.forName(Class.java:398)
	at jdk.scripting.nashorn/jdk.nashorn.internal.runtime.Context.findClass(Context.java:1180)
	at jdk.scripting.nashorn/jdk.nashorn.internal.objects.NativeJava.simpleType(NativeJava.java:546)
	at jdk.scripting.nashorn/jdk.nashorn.internal.objects.NativeJava.type(NativeJava.java:326)
	at jdk.scripting.nashorn/jdk.nashorn.internal.objects.NativeJava.type(NativeJava.java:318)
	at jdk.scripting.nashorn/jdk.nashorn.internal.objects.NativeJava.type(NativeJava.java:314)
	at jdk.scripting.nashorn.scripts/jdk.nashorn.internal.scripts.Script$Recompilation$2279$require.L:1(/home/travis/build/icyphy/ptII/ptolemy/actor/lib/jjs/external/require.js#409:30<eval>:48)
	at jdk.scripting.nashorn.scripts/jdk.nashorn.internal.scripts.Script$Recompilation$2189$require.L:45#_require(/home/travis/build/icyphy/ptII/ptolemy/actor/lib/jjs/external/require.js:429)
	at jdk.scripting.nashorn.scripts/jdk.nashorn.internal.scripts.Script$Recompilation$2193$21065A$require.L:45#_requireClosure#L:466(/home/travis/build/icyphy/ptII/ptolemy/actor/lib/jjs/external/require.js:467)
	at jdk.scripting.nashorn.scripts/jdk.nashorn.internal.scripts.Script$Recompilation$2267$1AAAAAAAAAAAAAA$\^function\_.L:1(<function>:97)
	at jdk.scripting.nashorn.scripts/jdk.nashorn.internal.scripts.Script$Recompilation$2266$17933AAAAAA$require$cu1$restOf.L:1#Accessor(/home/travis/build/icyphy/ptII/ptolemy/actor/lib/jjs/external/require.js#409:30<eval>:545)
	at jdk.scripting.nashorn.scripts/jdk.nashorn.internal.scripts.Script$Recompilation$2252$2801AAA$\^eval\_.evaluateCode(<eval>:96)
	at jdk.scripting.nashorn/jdk.nashorn.internal.runtime.ScriptFunctionData.invoke(ScriptFunctionData.java:661)
	at jdk.scripting.nashorn/jdk.nashorn.internal.runtime.ScriptFunction.invoke(ScriptFunction.java:513)
	at jdk.scripting.nashorn/jdk.nashorn.internal.runtime.ScriptRuntime.apply(ScriptRuntime.java:527)
	at jdk.scripting.nashorn/jdk.nashorn.api.scripting.ScriptObjectMirror.callMember(ScriptObjectMirror.java:202)
	at jdk.scripting.nashorn/jdk.nashorn.api.scripting.NashornScriptEngine.invokeImpl(NashornScriptEngine.java:393)
	at jdk.scripting.nashorn/jdk.nashorn.api.scripting.NashornScriptEngine.invokeFunction(NashornScriptEngine.java:197)
	at ptolemy.actor.lib.jjs.JavaScript._createEngineAndEvaluateSetup(JavaScript.java:2493)
	at ptolemy.actor.lib.jjs.JavaScript.attributeChanged(JavaScript.java:548)
	at org.terraswarm.accessor.JSAccessor.attributeChanged(JSAccessor.java:312)
	at ptolemy.data.expr.Variable._setTokenAndNotify(Variable.java:2271)
	at ptolemy.data.expr.Variable._evaluate(Variable.java:1873)
	at ptolemy.data.expr.Variable._propagate(Variable.java:1984)
	at ptolemy.data.expr.Variable.validate(Variable.java:1596)
	at ptolemy.moml.MoMLParser.endDocument(MoMLParser.java:867)
	at com.microstar.xml.XmlParser.doParse(XmlParser.java:162)
	at com.microstar.xml.XmlParser.parse(XmlParser.java:132)
	at ptolemy.moml.MoMLParser.parse(MoMLParser.java:1676)
	at ptolemy.moml.MoMLParser.parse(MoMLParser.java:1617)
	at ptolemy.moml.MoMLParser.parse(MoMLParser.java:1792)
	at org.terraswarm.accessor.AccessorLibrary.populate(AccessorLibrary.java:194)
	at ptolemy.moml.EntityLibrary.entityList(EntityLibrary.java:366)
	at ptolemy.kernel.CompositeEntity._unlinkLevelCrossingLinksToOutside(CompositeEntity.java:2769)
	at ptolemy.kernel.CompositeEntity._unlinkLevelCrossingLinksToOutside(CompositeEntity.java:2775)
	at ptolemy.kernel.CompositeEntity._unlinkLevelCrossingLinksToOutside(CompositeEntity.java:2775)
	at ptolemy.kernel.CompositeEntity._unlinkLevelCrossingLinksToOutside(CompositeEntity.java:2775)
	at ptolemy.kernel.CompositeEntity._unlinkLevelCrossingLinksToOutside(CompositeEntity.java:2775)
	at ptolemy.kernel.CompositeEntity.setContainer(CompositeEntity.java:1878)
	at ptolemy.actor.gui.Configuration.setContainer(Configuration.java:1266)
	at java.base/jdk.internal.reflect.NativeMethodAccessorImpl.invoke0(Native Method)
	at java.base/jdk.internal.reflect.NativeMethodAccessorImpl.invoke(NativeMethodAccessorImpl.java:62)
	at java.base/jdk.internal.reflect.DelegatingMethodAccessorImpl.invoke(DelegatingMethodAccessorImpl.java:43)
	at java.base/java.lang.reflect.Method.invoke(Method.java:566)
	at tcl.lang.reflect.PkgInvoker.invokeMethod(PkgInvoker.java:129)
	at tcl.lang.JavaInvoke.call(JavaInvoke.java:253)
	at tcl.lang.JavaInvoke.callMethod(JavaInvoke.java:116)
	at tcl.lang.ReflectObject.cmdProc(ReflectObject.java:727)
	at tcl.lang.Parser.evalObjv(Parser.java:740)
	at tcl.lang.Parser.eval2(Parser.java:1138)
	at tcl.lang.Interp.eval(Interp.java:1782)
	at tcl.lang.Interp.eval(Interp.java:1841)
	at tcl.lang.IfCmd.cmdProc(IfCmd.java:57)
	at tcl.lang.Parser.evalObjv(Parser.java:740)
	at tcl.lang.Parser.eval2(Parser.java:1138)
	at tcl.lang.Interp.eval(Interp.java:1782)
	at tcl.lang.Interp.eval(Interp.java:1841)
	at tcl.lang.UplevelCmd.cmdProc(UplevelCmd.java:93)
	at tcl.lang.Parser.evalObjv(Parser.java:740)
	at tcl.lang.Parser.eval2(Parser.java:1138)
	at tcl.lang.Interp.eval(Interp.java:1782)
	at tcl.lang.Interp.eval(Interp.java:1841)
	at tcl.lang.CatchCmd.cmdProc(CatchCmd.java:42)
	at tcl.lang.Parser.evalObjv(Parser.java:740)
	at tcl.lang.Parser.eval2(Parser.java:1138)
	at tcl.lang.Parser.evalTokens(Parser.java:930)
	at tcl.lang.Parser.eval2(Parser.java:1125)
	at tcl.lang.Procedure.cmdProc(Procedure.java:175)
	at tcl.lang.Parser.evalObjv(Parser.java:740)
	at tcl.lang.Parser.eval2(Parser.java:1138)
	at tcl.lang.Interp.eval(Interp.java:1782)
	at tcl.lang.Interp.evalFile(Interp.java:1880)
	at java.base/jdk.internal.reflect.NativeMethodAccessorImpl.invoke0(Native Method)
	at java.base/jdk.internal.reflect.NativeMethodAccessorImpl.invoke(NativeMethodAccessorImpl.java:62)
	at java.base/jdk.internal.reflect.DelegatingMethodAccessorImpl.invoke(DelegatingMethodAccessorImpl.java:43)
	at java.base/java.lang.reflect.Method.invoke(Method.java:566)
	at ptolemy.util.test.junit.TclTests.RunTclFile(TclTests.java:233)
	at java.base/jdk.internal.reflect.NativeMethodAccessorImpl.invoke0(Native Method)
	at java.base/jdk.internal.reflect.NativeMethodAccessorImpl.invoke(NativeMethodAccessorImpl.java:62)
	at java.base/jdk.internal.reflect.DelegatingMethodAccessorImpl.invoke(DelegatingMethodAccessorImpl.java:43)
	at java.base/java.lang.reflect.Method.invoke(Method.java:566)
	at org.junit.runners.model.FrameworkMethod$1.runReflectiveCall(FrameworkMethod.java:44)
	at org.junit.internal.runners.model.ReflectiveCallable.run(ReflectiveCallable.java:15)
	at org.junit.runners.model.FrameworkMethod.invokeExplosively(FrameworkMethod.java:41)
	at junitparams.internal.InvokeParameterisedMethod.evaluate(InvokeParameterisedMethod.java:102)
	at junitparams.internal.ParameterisedTestMethodRunner.runMethodInvoker(ParameterisedTestMethodRunner.java:47)
	at junitparams.internal.ParameterisedTestMethodRunner.runTestMethod(ParameterisedTestMethodRunner.java:41)
	at junitparams.internal.ParameterisedTestClassRunner.runParameterisedTest(ParameterisedTestClassRunner.java:143)
	at junitparams.JUnitParamsRunner.runChild(JUnitParamsRunner.java:237)
	at junitparams.JUnitParamsRunner.runChild(JUnitParamsRunner.java:215)
	at org.junit.runners.ParentRunner$3.run(ParentRunner.java:193)
	at org.junit.runners.ParentRunner$1.schedule(ParentRunner.java:52)
	at org.junit.runners.ParentRunner.runChildren(ParentRunner.java:191)
	at org.junit.runners.ParentRunner.access$000(ParentRunner.java:42)
	at org.junit.runners.ParentRunner$2.evaluate(ParentRunner.java:184)
	at org.junit.internal.runners.statements.RunAfters.evaluate(RunAfters.java:31)
	at org.junit.runners.ParentRunner.run(ParentRunner.java:236)
	at org.junit.runners.Suite.runChild(Suite.java:128)
	at org.junit.runners.Suite.runChild(Suite.java:24)
	at org.junit.runners.ParentRunner$3.run(ParentRunner.java:193)
	at org.junit.runners.ParentRunner$1.schedule(ParentRunner.java:52)
	at org.junit.runners.ParentRunner.runChildren(ParentRunner.java:191)
	at org.junit.runners.ParentRunner.access$000(ParentRunner.java:42)
	at org.junit.runners.ParentRunner$2.evaluate(ParentRunner.java:184)
	at org.junit.runners.ParentRunner.run(ParentRunner.java:236)
	at junit.framework.JUnit4TestAdapter.run(JUnit4TestAdapter.java:39)
	at org.apache.tools.ant.taskdefs.optional.junit.JUnitTestRunner.run(JUnitTestRunner.java:535)
	at org.apache.tools.ant.taskdefs.optional.junit.JUnitTestRunner.launch(JUnitTestRunner.java:1182)
	at org.apache.tools.ant.taskdefs.optional.junit.JUnitTestRunner.main(JUnitTestRunner.java:1033)
 in /home/travis/build/icyphy/ptII/ptolemy/actor/lib/jjs/external/require.js at line number 454 at column number 12
  in .configuration.actor library.MoreLibraries.Accessors.audio.AudioCapture.script
Because:
Error evaluating expression:
// Copyright (c) 2015-2017 The Regents of the University of California.
...
  in .configuration.actor library.MoreLibraries.Accessors.audio.AudioCapture.script
Because:
Failed to evaluate script.
  in .configuration.actor library.MoreLibraries.Accessors.audio.AudioCapture
Because:
Error: Error executing module audio line #undefined : ptolemy.actor.lib.jjs.modules.audio.AudioHelper
In file: /home/travis/build/icyphy/ptII/ptolemy/actor/lib/jjs/modules/audio/audio.js

java.lang.ClassNotFoundException: ptolemy.actor.lib.jjs.modules.audio.AudioHelper
	at java.base/jdk.internal.loader.BuiltinClassLoader.loadClass(BuiltinClassLoader.java:583)
	at java.base/jdk.internal.loader.ClassLoaders$AppClassLoader.loadClass(ClassLoaders.java:178)
	at java.base/java.lang.ClassLoader.loadClass(ClassLoader.java:521)
	at java.base/java.lang.Class.forName0(Native Method)
	at java.base/java.lang.Class.forName(Class.java:398)
	at jdk.scripting.nashorn/jdk.nashorn.internal.runtime.Context.findClass(Context.java:1180)
	at jdk.scripting.nashorn/jdk.nashorn.internal.objects.NativeJava.simpleType(NativeJava.java:546)
	at jdk.scripting.nashorn/jdk.nashorn.internal.objects.NativeJava.type(NativeJava.java:326)
	at jdk.scripting.nashorn/jdk.nashorn.internal.objects.NativeJava.type(NativeJava.java:318)
	at jdk.scripting.nashorn/jdk.nashorn.internal.objects.NativeJava.type(NativeJava.java:314)
	at jdk.scripting.nashorn.scripts/jdk.nashorn.internal.scripts.Script$Recompilation$2279$require.L:1(/home/travis/build/icyphy/ptII/ptolemy/actor/lib/jjs/external/require.js#409:30<eval>:48)
	at jdk.scripting.nashorn.scripts/jdk.nashorn.internal.scripts.Script$Recompilation$2189$require.L:45#_require(/home/travis/build/icyphy/ptII/ptolemy/actor/lib/jjs/external/require.js:429)
	at jdk.scripting.nashorn.scripts/jdk.nashorn.internal.scripts.Script$Recompilation$2193$21065A$require.L:45#_requireClosure#L:466(/home/travis/build/icyphy/ptII/ptolemy/actor/lib/jjs/external/require.js:467)
	at jdk.scripting.nashorn.scripts/jdk.nashorn.internal.scripts.Script$Recompilation$2267$1AAAAAAAAAAAAAA$\^function\_.L:1(<function>:97)
	at jdk.scripting.nashorn.scripts/jdk.nashorn.internal.scripts.Script$Recompilation$2266$17933AAAAAA$require$cu1$restOf.L:1#Accessor(/home/travis/build/icyphy/ptII/ptolemy/actor/lib/jjs/external/require.js#409:30<eval>:545)
	at jdk.scripting.nashorn.scripts/jdk.nashorn.internal.scripts.Script$Recompilation$2252$2801AAA$\^eval\_.evaluateCode(<eval>:96)
	at jdk.scripting.nashorn/jdk.nashorn.internal.runtime.ScriptFunctionData.invoke(ScriptFunctionData.java:661)
	at jdk.scripting.nashorn/jdk.nashorn.internal.runtime.ScriptFunction.invoke(ScriptFunction.java:513)
	at jdk.scripting.nashorn/jdk.nashorn.internal.runtime.ScriptRuntime.apply(ScriptRuntime.java:527)
	at jdk.scripting.nashorn/jdk.nashorn.api.scripting.ScriptObjectMirror.callMember(ScriptObjectMirror.java:202)
	at jdk.scripting.nashorn/jdk.nashorn.api.scripting.NashornScriptEngine.invokeImpl(NashornScriptEngine.java:393)
	at jdk.scripting.nashorn/jdk.nashorn.api.scripting.NashornScriptEngine.invokeFunction(NashornScriptEngine.java:197)
	at ptolemy.actor.lib.jjs.JavaScript._createEngineAndEvaluateSetup(JavaScript.java:2493)
	at ptolemy.actor.lib.jjs.JavaScript.attributeChanged(JavaScript.java:548)
	at org.terraswarm.accessor.JSAccessor.attributeChanged(JSAccessor.java:312)
	at ptolemy.data.expr.Variable._setTokenAndNotify(Variable.java:2271)
	at ptolemy.data.expr.Variable._evaluate(Variable.java:1873)
	at ptolemy.data.expr.Variable._propagate(Variable.java:1984)
	at ptolemy.data.expr.Variable.validate(Variable.java:1596)
	at ptolemy.moml.MoMLParser.endDocument(MoMLParser.java:867)
	at com.microstar.xml.XmlParser.doParse(XmlParser.java:162)
	at com.microstar.xml.XmlParser.parse(XmlParser.java:132)
	at ptolemy.moml.MoMLParser.parse(MoMLParser.java:1676)
	at ptolemy.moml.MoMLParser.parse(MoMLParser.java:1617)
	at ptolemy.moml.MoMLParser.parse(MoMLParser.java:1792)
	at org.terraswarm.accessor.AccessorLibrary.populate(AccessorLibrary.java:194)
	at ptolemy.moml.EntityLibrary.entityList(EntityLibrary.java:366)
	at ptolemy.kernel.CompositeEntity._unlinkLevelCrossingLinksToOutside(CompositeEntity.java:2769)
	at ptolemy.kernel.CompositeEntity._unlinkLevelCrossingLinksToOutside(CompositeEntity.java:2775)
	at ptolemy.kernel.CompositeEntity._unlinkLevelCrossingLinksToOutside(CompositeEntity.java:2775)
	at ptolemy.kernel.CompositeEntity._unlinkLevelCrossingLinksToOutside(CompositeEntity.java:2775)
	at ptolemy.kernel.CompositeEntity._unlinkLevelCrossingLinksToOutside(CompositeEntity.java:2775)
	at ptolemy.kernel.CompositeEntity.setContainer(CompositeEntity.java:1878)
	at ptolemy.actor.gui.Configuration.setContainer(Configuration.java:1266)
	at java.base/jdk.internal.reflect.NativeMethodAccessorImpl.invoke0(Native Method)
	at java.base/jdk.internal.reflect.NativeMethodAccessorImpl.invoke(NativeMethodAccessorImpl.java:62)
	at java.base/jdk.internal.reflect.DelegatingMethodAccessorImpl.invoke(DelegatingMethodAccessorImpl.java:43)
	at java.base/java.lang.reflect.Method.invoke(Method.java:566)
	at tcl.lang.reflect.PkgInvoker.invokeMethod(PkgInvoker.java:129)
	at tcl.lang.JavaInvoke.call(JavaInvoke.java:253)
	at tcl.lang.JavaInvoke.callMethod(JavaInvoke.java:116)
	at tcl.lang.ReflectObject.cmdProc(ReflectObject.java:727)
	at tcl.lang.Parser.evalObjv(Parser.java:740)
	at tcl.lang.Parser.eval2(Parser.java:1138)
	at tcl.lang.Interp.eval(Interp.java:1782)
	at tcl.lang.Interp.eval(Interp.java:1841)
	at tcl.lang.IfCmd.cmdProc(IfCmd.java:57)
	at tcl.lang.Parser.evalObjv(Parser.java:740)
	at tcl.lang.Parser.eval2(Parser.java:1138)
	at tcl.lang.Interp.eval(Interp.java:1782)
	at tcl.lang.Interp.eval(Interp.java:1841)
	at tcl.lang.UplevelCmd.cmdProc(UplevelCmd.java:93)
	at tcl.lang.Parser.evalObjv(Parser.java:740)
	at tcl.lang.Parser.eval2(Parser.java:1138)
	at tcl.lang.Interp.eval(Interp.java:1782)
	at tcl.lang.Interp.eval(Interp.java:1841)
	at tcl.lang.CatchCmd.cmdProc(CatchCmd.java:42)
	at tcl.lang.Parser.evalObjv(Parser.java:740)
	at tcl.lang.Parser.eval2(Parser.java:1138)
	at tcl.lang.Parser.evalTokens(Parser.java:930)
	at tcl.lang.Parser.eval2(Parser.java:1125)
	at tcl.lang.Procedure.cmdProc(Procedure.java:175)
	at tcl.lang.Parser.evalObjv(Parser.java:740)
	at tcl.lang.Parser.eval2(Parser.java:1138)
	at tcl.lang.Interp.eval(Interp.java:1782)
	at tcl.lang.Interp.evalFile(Interp.java:1880)
	at java.base/jdk.internal.reflect.NativeMethodAccessorImpl.invoke0(Native Method)
	at java.base/jdk.internal.reflect.NativeMethodAccessorImpl.invoke(NativeMethodAccessorImpl.java:62)
	at java.base/jdk.internal.reflect.DelegatingMethodAccessorImpl.invoke(DelegatingMethodAccessorImpl.java:43)
	at java.base/java.lang.reflect.Method.invoke(Method.java:566)
	at ptolemy.util.test.junit.TclTests.RunTclFile(TclTests.java:233)
	at java.base/jdk.internal.reflect.NativeMethodAccessorImpl.invoke0(Native Method)
	at java.base/jdk.internal.reflect.NativeMethodAccessorImpl.invoke(NativeMethodAccessorImpl.java:62)
	at java.base/jdk.internal.reflect.DelegatingMethodAccessorImpl.invoke(DelegatingMethodAccessorImpl.java:43)
	at java.base/java.lang.reflect.Method.invoke(Method.java:566)
	at org.junit.runners.model.FrameworkMethod$1.runReflectiveCall(FrameworkMethod.java:44)
	at org.junit.internal.runners.model.ReflectiveCallable.run(ReflectiveCallable.java:15)
	at org.junit.runners.model.FrameworkMethod.invokeExplosively(FrameworkMethod.java:41)
	at junitparams.internal.InvokeParameterisedMethod.evaluate(InvokeParameterisedMethod.java:102)
	at junitparams.internal.ParameterisedTestMethodRunner.runMethodInvoker(ParameterisedTestMethodRunner.java:47)
	at junitparams.internal.ParameterisedTestMethodRunner.runTestMethod(ParameterisedTestMethodRunner.java:41)
	at junitparams.internal.ParameterisedTestClassRunner.runParameterisedTest(ParameterisedTestClassRunner.java:143)
	at junitparams.JUnitParamsRunner.runChild(JUnitParamsRunner.java:237)
	at junitparams.JUnitParamsRunner.runChild(JUnitParamsRunner.java:215)
	at org.junit.runners.ParentRunner$3.run(ParentRunner.java:193)
	at org.junit.runners.ParentRunner$1.schedule(ParentRunner.java:52)
	at org.junit.runners.ParentRunner.runChildren(ParentRunner.java:191)
	at org.junit.runners.ParentRunner.access$000(ParentRunner.java:42)
	at org.junit.runners.ParentRunner$2.evaluate(ParentRunner.java:184)
	at org.junit.internal.runners.statements.RunAfters.evaluate(RunAfters.java:31)
	at org.junit.runners.ParentRunner.run(ParentRunner.java:236)
	at org.junit.runners.Suite.runChild(Suite.java:128)
	at org.junit.runners.Suite.runChild(Suite.java:24)
	at org.junit.runners.ParentRunner$3.run(ParentRunner.java:193)
	at org.junit.runners.ParentRunner$1.schedule(ParentRunner.java:52)
	at org.junit.runners.ParentRunner.runChildren(ParentRunner.java:191)
	at org.junit.runners.ParentRunner.access$000(ParentRunner.java:42)
	at org.junit.runners.ParentRunner$2.evaluate(ParentRunner.java:184)
	at org.junit.runners.ParentRunner.run(ParentRunner.java:236)
	at junit.framework.JUnit4TestAdapter.run(JUnit4TestAdapter.java:39)
	at org.apache.tools.ant.taskdefs.optional.junit.JUnitTestRunner.run(JUnitTestRunner.java:535)
	at org.apache.tools.ant.taskdefs.optional.junit.JUnitTestRunner.launch(JUnitTestRunner.java:1182)
	at org.apache.tools.ant.taskdefs.optional.junit.JUnitTestRunner.main(JUnitTestRunner.java:1033)
 in /home/travis/build/icyphy/ptII/ptolemy/actor/lib/jjs/external/require.js at line number 454 at column number 12
    while executing
ptolemy.kernel.util.InvalidStateException: Failed to populate Library
  in .configuration.actor library.MoreLibraries.Accessors.audio
Because:
Loading accessor failed: AudioCapture.js
  in .configuration.actor library.MoreLibraries.Accessors.audio
Because:
Error evaluating expression:
// Copyright (c) 2015-2017 The Regents of the University of California.
...
  in .configuration.actor library.MoreLibraries.Accessors.audio.AudioCapture.script
Because:
Failed to evaluate script.
  in .configuration.actor library.MoreLibraries.Accessors.audio.AudioCapture
Because:
Error: Error executing module audio line #undefined : ptolemy.actor.lib.jjs.modules.audio.AudioHelper
In file: /home/travis/build/icyphy/ptII/ptolemy/actor/lib/jjs/modules/audio/audio.js

java.lang.ClassNotFoundException: ptolemy.actor.lib.jjs.modules.audio.AudioHelper
	at java.base/jdk.internal.loader.BuiltinClassLoader.loadClass(BuiltinClassLoader.java:583)
	at java.base/jdk.internal.loader.ClassLoaders$AppClassLoader.loadClass(ClassLoaders.java:178)
	at java.base/java.lang.ClassLoader.loadClass(ClassLoader.java:521)
	at java.base/java.lang.Class.forName0(Native Method)
	at java.base/java.lang.Class.forName(Class.java:398)
	at jdk.scripting.nashorn/jdk.nashorn.internal.runtime.Context.findClass(Context.java:1180)
	at jdk.scripting.nashorn/jdk.nashorn.internal.objects.NativeJava.simpleType(NativeJava.java:546)
	at jdk.scripting.nashorn/jdk.nashorn.internal.objects.NativeJava.type(NativeJava.java:326)
	at jdk.scripting.nashorn/jdk.nashorn.internal.objects.NativeJava.type(NativeJava.java:318)
	at jdk.scripting.nashorn/jdk.nashorn.internal.objects.NativeJava.type(NativeJava.java:314)
	at jdk.scripting.nashorn.scripts/jdk.nashorn.internal.scripts.Script$Recompilation$2279$require.L:1(/home/travis/build/icyphy/ptII/ptolemy/actor/lib/jjs/external/require.js#409:30<eval>:48)
	at jdk.scripting.nashorn.scripts/jdk.nashorn.internal.scripts.Script$Recompilation$2189$require.L:45#_require(/home/travis/build/icyphy/ptII/ptolemy/actor/lib/jjs/external/require.js:429)
	at jdk.scripting.nashorn.scripts/jdk.nashorn.internal.scripts.Script$Recompilation$2193$21065A$require.L:45#_requireClosure#L:466(/home/travis/build/icyphy/ptII/ptolemy/actor/lib/jjs/external/require.js:467)
	at jdk.scripting.nashorn.scripts/jdk.nashorn.internal.scripts.Script$Recompilation$2267$1AAAAAAAAAAAAAA$\^function\_.L:1(<function>:97)
	at jdk.scripting.nashorn.scripts/jdk.nashorn.internal.scripts.Script$Recompilation$2266$17933AAAAAA$require$cu1$restOf.L:1#Accessor(/home/travis/build/icyphy/ptII/ptolemy/actor/lib/jjs/external/require.js#409:30<eval>:545)
	at jdk.scripting.nashorn.scripts/jdk.nashorn.internal.scripts.Script$Recompilation$2252$2801AAA$\^eval\_.evaluateCode(<eval>:96)
	at jdk.scripting.nashorn/jdk.nashorn.internal.runtime.ScriptFunctionData.invoke(ScriptFunctionData.java:661)
	at jdk.scripting.nashorn/jdk.nashorn.internal.runtime.ScriptFunction.invoke(ScriptFunction.java:513)
	at jdk.scripting.nashorn/jdk.nashorn.internal.runtime.ScriptRuntime.apply(ScriptRuntime.java:527)
	at jdk.scripting.nashorn/jdk.nashorn.api.scripting.ScriptObjectMirror.callMember(ScriptObjectMirror.java:202)
	at jdk.scripting.nashorn/jdk.nashorn.api.scripting.NashornScriptEngine.invokeImpl(NashornScriptEngine.java:393)
	at jdk.scripting.nashorn/jdk.nashorn.api.scripting.NashornScriptEngine.invokeFunction(NashornScriptEngine.java:197)
	at ptolemy.actor.lib.jjs.JavaScript._createEngineAndEvaluateSetup(JavaScript.java:2493)
	at ptolemy.actor.lib.jjs.JavaScript.attributeChanged(JavaScript.java:548)
	at org.terraswarm.accessor.JSAccessor.attributeChanged(JSAccessor.java:312)
	at ptolemy.data.expr.Variable._setTokenAndNotify(Variable.java:2271)
	at ptolemy.data.expr.Variable._evaluate(Variable.java:1873)
	at ptolemy.data.expr.Variable._propagate(Variable.java:1984)
	at ptolemy.data.expr.Variable.validate(Variable.java:1596)
	at ptolemy.moml.MoMLParser.endDocument(MoMLParser.java:867)
	at com.microstar.xml.XmlParser.doParse(XmlParser.java:162)
	at com.microstar.xml.XmlParser.parse(XmlParser.java:132)
	at ptolemy.moml.MoMLParser.parse(MoMLParser.java:1676)
	at ptolemy.moml.MoMLParser.parse(MoMLParser.java:1617)
	at ptolemy.moml.MoMLParser.parse(MoMLParser.java:1792)
	at org.terraswarm.accessor.AccessorLibrary.populate(AccessorLibrary.java:194)
	at ptolemy.moml.EntityLibrary.entityList(EntityLibrary.java:366)
	at ptolemy.kernel.CompositeEntity._unlinkLevelCrossingLinksToOutside(CompositeEntity.java:2769)
	at ptolemy.kernel.CompositeEntity._unlinkLevelCrossingLinksToOutside(CompositeEntity.java:2775)
	at ptolemy.kernel.CompositeEntity._unlinkLevelCrossingLinksToOutside(CompositeEntity.java:2775)
	at ptolemy.kernel.CompositeEntity._unlinkLevelCrossingLinksToOutside(CompositeEntity.java:2775)
	at ptolemy.kernel.CompositeEntity._unlinkLevelCrossingLinksToOutside(CompositeEntity.java:2775)
	at ptolemy.kernel.CompositeEntity.setContainer(CompositeEntity.java:1878)
	at ptolemy.actor.gui.Configuration.setContainer(Configuration.java:1266)
	at java.base/jdk.internal.reflect.NativeMethodAccessorImpl.invoke0(Native Method)
	at java.base/jdk.internal.reflect.NativeMethodAccessorImpl.invoke(NativeMethodAccessorImpl.java:62)
	at java.base/jdk.internal.reflect.DelegatingMethodAccessorImpl.invoke(DelegatingMethodAccessorImpl.java:43)
	at java.base/java.lang.reflect.Method.invoke(Method.java:566)
	at tcl.lang.reflect.PkgInvoker.invokeMethod(PkgInvoker.java:129)
	at tcl.lang.JavaInvoke.call(JavaInvoke.java:253)
	at tcl.lang.JavaInvoke.callMethod(JavaInvoke.java:116)
	at tcl.lang.ReflectObject.cmdProc(ReflectObject.java:727)
	at tcl.lang.Parser.evalObjv(Parser.java:740)
	at tcl.lang.Parser.eval2(Parser.java:1138)
	at tcl.lang.Interp.eval(Interp.java:1782)
	at tcl.lang.Interp.eval(Interp.java:1841)
	at tcl.lang.IfCmd.cmdProc(IfCmd.java:57)
	at tcl.lang.Parser.evalObjv(Parser.java:740)
	at tcl.lang.Parser.eval2(Parser.java:1138)
	at tcl.lang.Interp.eval(Interp.java:1782)
	at tcl.lang.Interp.eval(Interp.java:1841)
	at tcl.lang.UplevelCmd.cmdProc(UplevelCmd.java:93)
	at tcl.lang.Parser.evalObjv(Parser.java:740)
	at tcl.lang.Parser.eval2(Parser.java:1138)
	at tcl.lang.Interp.eval(Interp.java:1782)
	at tcl.lang.Interp.eval(Interp.java:1841)
	at tcl.lang.CatchCmd.cmdProc(CatchCmd.java:42)
	at tcl.lang.Parser.evalObjv(Parser.java:740)
	at tcl.lang.Parser.eval2(Parser.java:1138)
	at tcl.lang.Parser.evalTokens(Parser.java:930)
	at tcl.lang.Parser.eval2(Parser.java:1125)
	at tcl.lang.Procedure.cmdProc(Procedure.java:175)
	at tcl.lang.Parser.evalObjv(Parser.java:740)
	at tcl.lang.Parser.eval2(Parser.java:1138)
	at tcl.lang.Interp.eval(Interp.java:1782)
	at tcl.lang.Interp.evalFile(Interp.java:1880)
	at java.base/jdk.internal.reflect.NativeMethodAccessorImpl.invoke0(Native Method)
	at java.base/jdk.internal.reflect.NativeMethodAccessorImpl.invoke(NativeMethodAccessorImpl.java:62)
	at java.base/jdk.internal.reflect.DelegatingMethodAccessorImpl.invoke(DelegatingMethodAccessorImpl.java:43)
	at java.base/java.lang.reflect.Method.invoke(Method.java:566)
	at ptolemy.util.test.junit.TclTests.RunTclFile(TclTests.java:233)
	at java.base/jdk.internal.reflect.NativeMethodAccessorImpl.invoke0(Native Method)
	at java.base/jdk.internal.reflect.NativeMethodAccessorImpl.invoke(NativeMethodAccessorImpl.java:62)
	at java.base/jdk.internal.reflect.DelegatingMethodAccessorImpl.invoke(DelegatingMethodAccessorImpl.java:43)
	at java.base/java.lang.reflect.Method.invoke(Method.java:566)
	at org.junit.runners.model.FrameworkMethod$1.runReflectiveCall(FrameworkMethod.java:44)
	at org.junit.internal.runners.model.ReflectiveCallable.run(ReflectiveCallable.java:15)
	at org.junit.runners.model.FrameworkMethod.invokeExplosively(FrameworkMethod.java:41)
	at junitparams.internal.InvokeParameterisedMethod.evaluate(InvokeParameterisedMethod.java:102)
	at junitparams.internal.ParameterisedTestMethodRunner.runMethodInvoker(ParameterisedTestMethodRunner.java:47)
	at junitparams.internal.ParameterisedTestMethodRunner.runTestMethod(ParameterisedTestMethodRunner.java:41)
	at junitparams.internal.ParameterisedTestClassRunner.runParameterisedTest(ParameterisedTestClassRunner.java:143)
	at junitparams.JUnitParamsRunner.runChild(JUnitParamsRunner.java:237)
	at junitparams.JUnitParamsRunner.runChild(JUnitParamsRunner.java:215)
	at org.junit.runners.ParentRunner$3.run(ParentRunner.java:193)
	at org.junit.runners.ParentRunner$1.schedule(ParentRunner.java:52)
	at org.junit.runners.ParentRunner.runChildren(ParentRunner.java:191)
	at org.junit.runners.ParentRunner.access$000(ParentRunner.java:42)
	at org.junit.runners.ParentRunner$2.evaluate(ParentRunner.java:184)
	at org.junit.internal.runners.statements.RunAfters.evaluate(RunAfters.java:31)
	at org.junit.runners.ParentRunner.run(ParentRunner.java:236)
	at org.junit.runners.Suite.runChild(Suite.java:128)
	at org.junit.runners.Suite.runChild(Suite.java:24)
	at org.junit.runners.ParentRunner$3.run(ParentRunner.java:193)
	at org.junit.runners.ParentRunner$1.schedule(ParentRunner.java:52)
	at org.junit.runners.ParentRunner.runChildren(ParentRunner.java:191)
	at org.junit.runners.ParentRunner.access$000(ParentRunner.java:42)
	at org.junit.runners.ParentRunner$2.evaluate(ParentRunner.java:184)
	at org.junit.runners.ParentRunner.run(ParentRunner.java:236)
	at junit.framework.JUnit4TestAdapter.run(JUnit4TestAdapter.java:39)
	at org.apache.tools.ant.taskdefs.optional.junit.JUnitTestRunner.run(JUnitTestRunner.java:535)
	at org.apache.tools.ant.taskdefs.optional.junit.JUnitTestRunner.launch(JUnitTestRunner.java:1182)
	at org.apache.tools.ant.taskdefs.optional.junit.JUnitTestRunner.main(JUnitTestRunner.java:1033)
 in /home/travis/build/icyphy/ptII/ptolemy/actor/lib/jjs/external/require.js at line number 454 at column number 12
  in .configuration.actor library.MoreLibraries.Accessors.audio.AudioCapture.script
Because:
Error evaluating expression:
// Copyright (c) 2015-2017 The Regents of the University of California.
...
  in .configuration.actor library.MoreLibraries.Accessors.audio.AudioCapture.script
Because:
Failed to evaluate script.
  in .configuration.actor library.MoreLibraries.Accessors.audio.AudioCapture
Because:
Error: Error executing module audio line #undefined : ptolemy.actor.lib.jjs.modules.audio.AudioHelper
In file: /home/travis/build/icyphy/ptII/ptolemy/actor/lib/jjs/modules/audio/audio.js

java.lang.ClassNotFoundException: ptolemy.actor.lib.jjs.modules.audio.AudioHelper
	at java.base/jdk.internal.loader.BuiltinClassLoader.loadClass(BuiltinClassLoader.java:583)
	at java.base/jdk.internal.loader.ClassLoaders$AppClassLoader.loadClass(ClassLoaders.java:178)
	at java.base/java.lang.ClassLoader.loadClass(ClassLoader.java:521)
	at java.base/java.lang.Class.forName0(Native Method)
	at java.base/java.lang.Class.forName(Class.java:398)
	at jdk.scripting.nashorn/jdk.nashorn.internal.runtime.Context.findClass(Context.java:1180)
	at jdk.scripting.nashorn/jdk.nashorn.internal.objects.NativeJava.simpleType(NativeJava.java:546)
	at jdk.scripting.nashorn/jdk.nashorn.internal.objects.NativeJava.type(NativeJava.java:326)
	at jdk.scripting.nashorn/jdk.nashorn.internal.objects.NativeJava.type(NativeJava.java:318)
	at jdk.scripting.nashorn/jdk.nashorn.internal.objects.NativeJava.type(NativeJava.java:314)
	at jdk.scripting.nashorn.scripts/jdk.nashorn.internal.scripts.Script$Recompilation$2279$require.L:1(/home/travis/build/icyphy/ptII/ptolemy/actor/lib/jjs/external/require.js#409:30<eval>:48)
	at jdk.scripting.nashorn.scripts/jdk.nashorn.internal.scripts.Script$Recompilation$2189$require.L:45#_require(/home/travis/build/icyphy/ptII/ptolemy/actor/lib/jjs/external/require.js:429)
	at jdk.scripting.nashorn.scripts/jdk.nashorn.internal.scripts.Script$Recompilation$2193$21065A$require.L:45#_requireClosure#L:466(/home/travis/build/icyphy/ptII/ptolemy/actor/lib/jjs/external/require.js:467)
	at jdk.scripting.nashorn.scripts/jdk.nashorn.internal.scripts.Script$Recompilation$2267$1AAAAAAAAAAAAAA$\^function\_.L:1(<function>:97)
	at jdk.scripting.nashorn.scripts/jdk.nashorn.internal.scripts.Script$Recompilation$2266$17933AAAAAA$require$cu1$restOf.L:1#Accessor(/home/travis/build/icyphy/ptII/ptolemy/actor/lib/jjs/external/require.js#409:30<eval>:545)
	at jdk.scripting.nashorn.scripts/jdk.nashorn.internal.scripts.Script$Recompilation$2252$2801AAA$\^eval\_.evaluateCode(<eval>:96)
	at jdk.scripting.nashorn/jdk.nashorn.internal.runtime.ScriptFunctionData.invoke(ScriptFunctionData.java:661)
	at jdk.scripting.nashorn/jdk.nashorn.inte . . .
    while executing
ptolemy.kernel.util.InvalidStateException: Failed to populate Library
  in .configuration.actor library.MoreLibraries.Accessors.audio
Because:
Loading accessor failed: AudioCapture.js
  in .configuration.actor library.MoreLibraries.Accessors.audio
Because:
Error evaluating expression:
// Copyright (c) 2015-2017 The Regents of the University of California.
...
  in .configuration.actor library.MoreLibraries.Accessors.audio.AudioCapture.script
Because:
Failed to evaluate script.
  in .configuration.actor library.MoreLibraries.Accessors.audio.AudioCapture
Because:
Error: Error executing module audio line #undefined : ptolemy.actor.lib.jjs.modules.audio.AudioHelper
In file: /home/travis/build/icyphy/ptII/ptolemy/actor/lib/jjs/modules/audio/audio.js

java.lang.ClassNotFoundException: ptolemy.actor.lib.jjs.modules.audio.AudioHelper
	at java.base/jdk.internal.loader.BuiltinClassLoader.loadClass(BuiltinClassLoader.java:583)
	at java.base/jdk.internal.loader.ClassLoaders$AppClassLoader.loadClass(ClassLoaders.java:178)
	at java.base/java.lang.ClassLoader.loadClass(ClassLoader.java:521)
	at java.base/java.lang.Class.forName0(Native Method)
	at java.base/java.lang.Class.forName(Class.java:398)
	at jdk.scripting.nashorn/jdk.nashorn.internal.runtime.Context.findClass(Context.java:1180)
	at jdk.scripting.nashorn/jdk.nashorn.internal.objects.NativeJava.simpleType(NativeJava.java:546)
	at jdk.scripting.nashorn/jdk.nashorn.internal.objects.NativeJava.type(NativeJava.java:326)
	at jdk.scripting.nashorn/jdk.nashorn.internal.objects.NativeJava.type(NativeJava.java:318)
	at jdk.scripting.nashorn/jdk.nashorn.internal.objects.NativeJava.type(NativeJava.java:314)
	at jdk.scripting.nashorn.scripts/jdk.nashorn.internal.scripts.Script$Recompilation$2279$require.L:1(/home/travis/build/icyphy/ptII/ptolemy/actor/lib/jjs/external/require.js#409:30<eval>:48)
	at jdk.scripting.nashorn.scripts/jdk.nashorn.internal.scripts.Script$Recompilation$2189$require.L:45#_require(/home/travis/build/icyphy/ptII/ptolemy/actor/lib/jjs/external/require.js:429)
	at jdk.scripting.nashorn.scripts/jdk.nashorn.internal.scripts.Script$Recompilation$2193$21065A$require.L:45#_requireClosure#L:466(/home/travis/build/icyphy/ptII/ptolemy/actor/lib/jjs/external/require.js:467)
	at jdk.scripting.nashorn.scripts/jdk.nashorn.internal.scripts.Script$Recompilation$2267$1AAAAAAAAAAAAAA$\^function\_.L:1(<function>:97)
	at jdk.scripting.nashorn.scripts/jdk.nashorn.internal.scripts.Script$Recompilation$2266$17933AAAAAA$require$cu1$restOf.L:1#Accessor(/home/travis/build/icyphy/ptII/ptolemy/actor/lib/jjs/external/require.js#409:30<eval>:545)
	at jdk.scripting.nashorn.scripts/jdk.nashorn.internal.scripts.Script$Recompilation$2252$2801AAA$\^eval\_.evaluateCode(<eval>:96)
	at jdk.scripting.nashorn/jdk.nashorn.internal.runtime.ScriptFunctionData.invoke(ScriptFunctionData.java:661)
	at jdk.scripting.nashorn/jdk.nashorn.internal.runtime.ScriptFunction.invoke(ScriptFunction.java:513)
	at jdk.scripting.nashorn/jdk.nashorn.internal.runtime.ScriptRuntime.apply(ScriptRuntime.java:527)
	at jdk.scripting.nashorn/jdk.nashorn.api.scripting.ScriptObjectMirror.callMember(ScriptObjectMirror.java:202)
	at jdk.scripting.nashorn/jdk.nashorn.api.scripting.NashornScriptEngine.invokeImpl(NashornScriptEngine.java:393)
	at jdk.scripting.nashorn/jdk.nashorn.api.scripting.NashornScriptEngine.invokeFunction(NashornScriptEngine.java:197)
	at ptolemy.actor.lib.jjs.JavaScript._createEngineAndEvaluateSetup(JavaScript.java:2493)
	at ptolemy.actor.lib.jjs.JavaScript.attributeChanged(JavaScript.java:548)
	at org.terraswarm.accessor.JSAccessor.attributeChanged(JSAccessor.java:312)
	at ptolemy.data.expr.Variable._setTokenAndNotify(Variable.java:2271)
	at ptolemy.data.expr.Variable._evaluate(Variable.java:1873)
	at ptolemy.data.expr.Variable._propagate(Variable.java:1984)
	at ptolemy.data.expr.Variable.validate(Variable.java:1596)
	at ptolemy.moml.MoMLParser.endDocument(MoMLParser.java:867)
	at com.microstar.xml.XmlParser.doParse(XmlParser.java:162)
	at com.microstar.xml.XmlParser.parse(XmlParser.java:132)
	at ptolemy.moml.MoMLParser.parse(MoMLParser.java:1676)
	at ptolemy.moml.MoMLParser.parse(MoMLParser.java:1617)
	at ptolemy.moml.MoMLParser.parse(MoMLParser.java:1792)
	at org.terraswarm.accessor.AccessorLibrary.populate(AccessorLibrary.java:194)
	at ptolemy.moml.EntityLibrary.entityList(EntityLibrary.java:366)
	at ptolemy.kernel.CompositeEntity._unlinkLevelCrossingLinksToOutside(CompositeEntity.java:2769)
	at ptolemy.kernel.CompositeEntity._unlinkLevelCrossingLinksToOutside(CompositeEntity.java:2775)
	at ptolemy.kernel.CompositeEntity._unlinkLevelCrossingLinksToOutside(CompositeEntity.java:2775)
	at ptolemy.kernel.CompositeEntity._unlinkLevelCrossingLinksToOutside(CompositeEntity.java:2775)
	at ptolemy.kernel.CompositeEntity._unlinkLevelCrossingLinksToOutside(CompositeEntity.java:2775)
	at ptolemy.kernel.CompositeEntity.setContainer(CompositeEntity.java:1878)
	at ptolemy.actor.gui.Configuration.setContainer(Configuration.java:1266)
	at java.base/jdk.internal.reflect.NativeMethodAccessorImpl.invoke0(Native Method)
	at java.base/jdk.internal.reflect.NativeMethodAccessorImpl.invoke(NativeMethodAccessorImpl.java:62)
	at java.base/jdk.internal.reflect.DelegatingMethodAccessorImpl.invoke(DelegatingMethodAccessorImpl.java:43)
	at java.base/java.lang.reflect.Method.invoke(Method.java:566)
	at tcl.lang.reflect.PkgInvoker.invokeMethod(PkgInvoker.java:129)
	at tcl.lang.JavaInvoke.call(JavaInvoke.java:253)
	at tcl.lang.JavaInvoke.callMethod(JavaInvoke.java:116)
	at tcl.lang.ReflectObject.cmdProc(ReflectObject.java:727)
	at tcl.lang.Parser.evalObjv(Parser.java:740)
	at tcl.lang.Parser.eval2(Parser.java:1138)
	at tcl.lang.Interp.eval(Interp.java:1782)
	at tcl.lang.Interp.eval(Interp.java:1841)
	at tcl.lang.IfCmd.cmdProc(IfCmd.java:57)
	at tcl.lang.Parser.evalObjv(Parser.java:740)
	at tcl.lang.Parser.eval2(Parser.java:1138)
	at tcl.lang.Interp.eval(Interp.java:1782)
	at tcl.lang.Interp.eval(Interp.java:1841)
	at tcl.lang.UplevelCmd.cmdProc(UplevelCmd.java:93)
	at tcl.lang.Parser.evalObjv(Parser.java:740)
	at tcl.lang.Parser.eval2(Parser.java:1138)
	at tcl.lang.Interp.eval(Interp.java:1782)
	at tcl.lang.Interp.eval(Interp.java:1841)
	at tcl.lang.CatchCmd.cmdProc(CatchCmd.java:42)
	at tcl.lang.Parser.evalObjv(Parser.java:740)
	at tcl.lang.Parser.eval2(Parser.java:1138)
	at tcl.lang.Parser.evalTokens(Parser.java:930)
	at tcl.lang.Parser.eval2(Parser.java:1125)
	at tcl.lang.Procedure.cmdProc(Procedure.java:175)
	at tcl.lang.Parser.evalObjv(Parser.java:740)
	at tcl.lang.Parser.eval2(Parser.java:1138)
	at tcl.lang.Interp.eval(Interp.java:1782)
	at tcl.lang.Interp.evalFile(Interp.java:1880)
	at java.base/jdk.internal.reflect.NativeMethodAccessorImpl.invoke0(Native Method)
	at java.base/jdk.internal.reflect.NativeMethodAccessorImpl.invoke(NativeMethodAccessorImpl.java:62)
	at java.base/jdk.internal.reflect.DelegatingMethodAccessorImpl.invoke(DelegatingMethodAccessorImpl.java:43)
	at java.base/java.lang.reflect.Method.invoke(Method.java:566)
	at ptolemy.util.test.junit.TclTests.RunTclFile(TclTests.java:233)
	at java.base/jdk.internal.reflect.NativeMethodAccessorImpl.invoke0(Native Method)
	at java.base/jdk.internal.reflect.NativeMethodAccessorImpl.invoke(NativeMethodAccessorImpl.java:62)
	at java.base/jdk.internal.reflect.DelegatingMethodAccessorImpl.invoke(DelegatingMethodAccessorImpl.java:43)
	at java.base/java.lang.reflect.Method.invoke(Method.java:566)
	at org.junit.runners.model.FrameworkMethod$1.runReflectiveCall(FrameworkMethod.java:44)
	at org.junit.internal.runners.model.ReflectiveCallable.run(ReflectiveCallable.java:15)
	at org.junit.runners.model.FrameworkMethod.invokeExplosively(FrameworkMethod.java:41)
	at junitparams.internal.InvokeParameterisedMethod.evaluate(InvokeParameterisedMethod.java:102)
	at junitparams.internal.ParameterisedTestMethodRunner.runMethodInvoker(ParameterisedTestMethodRunner.java:47)
	at junitparams.internal.ParameterisedTestMethodRunner.runTestMethod(ParameterisedTestMethodRunner.java:41)
	at junitparams.internal.ParameterisedTestClassRunner.runParameterisedTest(ParameterisedTestClassRunner.java:143)
	at junitparams.JUnitParamsRunner.runChild(JUnitParamsRunner.java:237)
	at junitparams.JUnitParamsRunner.runChild(JUnitParamsRunner.java:215)
	at org.junit.runners.ParentRunner$3.run(ParentRunner.java:193)
	at org.junit.runners.ParentRunner$1.schedule(ParentRunner.java:52)
	at org.junit.runners.ParentRunner.runChildren(ParentRunner.java:191)
	at org.junit.runners.ParentRunner.access$000(ParentRunner.java:42)
	at org.junit.runners.ParentRunner$2.evaluate(ParentRunner.java:184)
	at org.junit.internal.runners.statements.RunAfters.evaluate(RunAfters.java:31)
	at org.junit.runners.ParentRunner.run(ParentRunner.java:236)
	at org.junit.runners.Suite.runChild(Suite.java:128)
	at org.junit.runners.Suite.runChild(Suite.java:24)
	at org.junit.runners.ParentRunner$3.run(ParentRunner.java:193)
	at org.junit.runners.ParentRunner$1.schedule(ParentRunner.java:52)
	at org.junit.runners.ParentRunner.runChildren(ParentRunner.java:191)
	at org.junit.runners.ParentRunner.access$000(ParentRunner.java:42)
	at org.junit.runners.ParentRunner$2.evaluate(ParentRunner.java:184)
	at org.junit.runners.ParentRunner.run(ParentRunner.java:236)
	at junit.framework.JUnit4TestAdapter.run(JUnit4TestAdapter.java:39)
	at org.apache.tools.ant.taskdefs.optional.junit.JUnitTestRunner.run(JUnitTestRunner.java:535)
	at org.apache.tools.ant.taskdefs.optional.junit.JUnitTestRunner.launch(JUnitTestRunner.java:1182)
	at org.apache.tools.ant.taskdefs.optional.junit.JUnitTestRunner.main(JUnitTestRunner.java:1033)
 in /home/travis/build/icyphy/ptII/ptolemy/actor/lib/jjs/external/require.js at line number 454 at column number 12
  in .configuration.actor library.MoreLibraries.Accessors.audio.AudioCapture.script
Because:
Error evaluating expression:
// Copyright (c) 2015-2017 The Regents of the University of California.
...
  in .configuration.actor library.MoreLibraries.Accessors.audio.AudioCapture.script
Because:
Failed to evaluate script.
  in .configuration.actor library.MoreLibraries.Accessors.audio.AudioCapture
Because:
Error: Error executing module audio line #undefined : ptolemy.actor.lib.jjs.modules.audio.AudioHelper
In file: /home/travis/build/icyphy/ptII/ptolemy/actor/lib/jjs/modules/audio/audio.js

java.lang.ClassNotFoundException: ptolemy.actor.lib.jjs.modules.audio.AudioHelper
	at java.base/jdk.internal.loader.BuiltinClassLoader.loadClass(BuiltinClassLoader.java:583)
	at java.base/jdk.internal.loader.ClassLoaders$AppClassLoader.loadClass(ClassLoaders.java:178)
	at java.base/java.lang.ClassLoader.loadClass(ClassLoader.java:521)
	at java.base/java.lang.Class.forName0(Native Method)
	at java.base/java.lang.Class.forName(Class.java:398)
	at jdk.scripting.nashorn/jdk.nashorn.internal.runtime.Context.findClass(Context.java:1180)
	at jdk.scripting.nashorn/jdk.nashorn.internal.objects.NativeJava.simpleType(NativeJava.java:546)
	at jdk.scripting.nashorn/jdk.nashorn.internal.objects.NativeJava.type(NativeJava.java:326)
	at jdk.scripting.nashorn/jdk.nashorn.internal.objects.NativeJava.type(NativeJava.java:318)
	at jdk.scripting.nashorn/jdk.nashorn.internal.objects.NativeJava.type(NativeJava.java:314)
	at jdk.scripting.nashorn.scripts/jdk.nashorn.internal.scripts.Script$Recompilation$2279$require.L:1(/home/travis/build/icyphy/ptII/ptolemy/actor/lib/jjs/external/require.js#409:30<eval>:48)
	at jdk.scripting.nashorn.scripts/jdk.nashorn.internal.scripts.Script$Recompilation$2189$require.L:45#_require(/home/travis/build/icyphy/ptII/ptolemy/actor/lib/jjs/external/require.js:429)
	at jdk.scripting.nashorn.scripts/jdk.nashorn.internal.scripts.Script$Recompilation$2193$21065A$require.L:45#_requireClosure#L:466(/home/travis/build/icyphy/ptII/ptolemy/actor/lib/jjs/external/require.js:467)
	at jdk.scripting.nashorn.scripts/jdk.nashorn.internal.scripts.Script$Recompilation$2267$1AAAAAAAAAAAAAA$\^function\_.L:1(<function>:97)
	at jdk.scripting.nashorn.scripts/jdk.nashorn.internal.scripts.Script$Recompilation$2266$17933AAAAAA$require$cu1$restOf.L:1#Accessor(/home/travis/build/icyphy/ptII/ptolemy/actor/lib/jjs/external/require.js#409:30<eval>:545)
	at jdk.scripting.nashorn.scripts/jdk.nashorn.internal.scripts.Script$Recompilation$2252$2801AAA$\^eval\_.evaluateCode(<eval>:96)
	at jdk.scripting.nashorn/jdk.nashorn.internal.runtime.ScriptFunctionData.invoke(ScriptFunctionData.java:661)
	at jdk.scripting.nashorn/jdk.nashorn.internal.runtime.ScriptFunction.invoke(ScriptFunction.java:513)
	at jdk.scripting.nashorn/jdk.nashorn.internal.runtime.ScriptRuntime.apply(ScriptRuntime.java:527)
	at jdk.scripting.nashorn/jdk.nashorn.api.scripting.ScriptObjectMirror.callMember(ScriptObjectMirror.java:202)
	at jdk.scripting.nashorn/jdk.nashorn.api.scripting.NashornScriptEngine.invokeImpl(NashornScriptEngine.java:393)
	at jdk.scripting.nashorn/jdk.nashorn.api.scripting.NashornScriptEngine.invokeFunction(NashornScriptEngine.java:197)
	at ptolemy.actor.lib.jjs.JavaScript._createEngineAndEvaluateSetup(JavaScript.java:2493)
	at ptolemy.actor.lib.jjs.JavaScript.attributeChanged(JavaScript.java:548)
	at org.terraswarm.accessor.JSAccessor.attributeChanged(JSAccessor.java:312)
	at ptolemy.data.expr.Variable._setTokenAndNotify(Variable.java:2271)
	at ptolemy.data.expr.Variable._evaluate(Variable.java:1873)
	at ptolemy.data.expr.Variable._propagate(Variable.java:1984)
	at ptolemy.data.expr.Variable.validate(Variable.java:1596)
	at ptolemy.moml.MoMLParser.endDocument(MoMLParser.java:867)
	at com.microstar.xml.XmlParser.doParse(XmlParser.java:162)
	at com.microstar.xml.XmlParser.parse(XmlParser.java:132)
	at ptolemy.moml.MoMLParser.parse(MoMLParser.java:1676)
	at ptolemy.moml.MoMLParser.parse(MoMLParser.java:1617)
	at ptolemy.moml.MoMLParser.parse(MoMLParser.java:1792)
	at org.terraswarm.accessor.AccessorLibrary.populate(AccessorLibrary.java:194)
	at ptolemy.moml.EntityLibrary.entityList(EntityLibrary.java:366)
	at ptolemy.kernel.CompositeEntity._unlinkLevelCrossingLinksToOutside(CompositeEntity.java:2769)
	at ptolemy.kernel.CompositeEntity._unlinkLevelCrossingLinksToOutside(CompositeEntity.java:2775)
	at ptolemy.kernel.CompositeEntity._unlinkLevelCrossingLinksToOutside(CompositeEntity.java:2775)
	at ptolemy.kernel.CompositeEntity._unlinkLevelCrossingLinksToOutside(CompositeEntity.java:2775)
	at ptolemy.kernel.CompositeEntity._unlinkLevelCrossingLinksToOutside(CompositeEntity.java:2775)
	at ptolemy.kernel.CompositeEntity.setContainer(CompositeEntity.java:1878)
	at ptolemy.actor.gui.Configuration.setContainer(Configuration.java:1266)
	at java.base/jdk.internal.reflect.NativeMethodAccessorImpl.invoke0(Native Method)
	at java.base/jdk.internal.reflect.NativeMethodAccessorImpl.invoke(NativeMethodAccessorImpl.java:62)
	at java.base/jdk.internal.reflect.DelegatingMethodAccessorImpl.invoke(DelegatingMethodAccessorImpl.java:43)
	at java.base/java.lang.reflect.Method.invoke(Method.java:566)
	at tcl.lang.reflect.PkgInvoker.invokeMethod(PkgInvoker.java:129)
	at tcl.lang.JavaInvoke.call(JavaInvoke.java:253)
	at tcl.lang.JavaInvoke.callMethod(JavaInvoke.java:116)
	at tcl.lang.ReflectObject.cmdProc(ReflectObject.java:727)
	at tcl.lang.Parser.evalObjv(Parser.java:740)
	at tcl.lang.Parser.eval2(Parser.java:1138)
	at tcl.lang.Interp.eval(Interp.java:1782)
	at tcl.lang.Interp.eval(Interp.java:1841)
	at tcl.lang.IfCmd.cmdProc(IfCmd.java:57)
	at tcl.lang.Parser.evalObjv(Parser.java:740)
	at tcl.lang.Parser.eval2(Parser.java:1138)
	at tcl.lang.Interp.eval(Interp.java:1782)
	at tcl.lang.Interp.eval(Interp.java:1841)
	at tcl.lang.UplevelCmd.cmdProc(UplevelCmd.java:93)
	at tcl.lang.Parser.evalObjv(Parser.java:740)
	at tcl.lang.Parser.eval2(Parser.java:1138)
	at tcl.lang.Interp.eval(Interp.java:1782)
	at tcl.lang.Interp.eval(Interp.java:1841)
	at tcl.lang.CatchCmd.cmdProc(CatchCmd.java:42)
	at tcl.lang.Parser.evalObjv(Parser.java:740)
	at tcl.lang.Parser.eval2(Parser.java:1138)
	at tcl.lang.Parser.evalTokens(Parser.java:930)
	at tcl.lang.Parser.eval2(Parser.java:1125)
	at tcl.lang.Procedure.cmdProc(Procedure.java:175)
	at tcl.lang.Parser.evalObjv(Parser.java:740)
	at tcl.lang.Parser.eval2(Parser.java:1138)
	at tcl.lang.Interp.eval(Interp.java:1782)
	at tcl.lang.Interp.evalFile(Interp.java:1880)
	at java.base/jdk.internal.reflect.NativeMethodAccessorImpl.invoke0(Native Method)
	at java.base/jdk.internal.reflect.NativeMethodAccessorImpl.invoke(NativeMethodAccessorImpl.java:62)
	at java.base/jdk.internal.reflect.DelegatingMethodAccessorImpl.invoke(DelegatingMethodAccessorImpl.java:43)
	at java.base/java.lang.reflect.Method.invoke(Method.java:566)
	at ptolemy.util.test.junit.TclTests.RunTclFile(TclTests.java:233)
	at java.base/jdk.internal.reflect.NativeMethodAccessorImpl.invoke0(Native Method)
	at java.base/jdk.internal.reflect.NativeMethodAccessorImpl.invoke(NativeMethodAccessorImpl.java:62)
	at java.base/jdk.internal.reflect.DelegatingMethodAccessorImpl.invoke(DelegatingMethodAccessorImpl.java:43)
	at java.base/java.lang.reflect.Method.invoke(Method.java:566)
	at org.junit.runners.model.FrameworkMethod$1.runReflectiveCall(FrameworkMethod.java:44)
	at org.junit.internal.runners.model.ReflectiveCallable.run(ReflectiveCallable.java:15)
	at org.junit.runners.model.FrameworkMethod.invokeExplosively(FrameworkMethod.java:41)
	at junitparams.internal.InvokeParameterisedMethod.evaluate(InvokeParameterisedMethod.java:102)
	at junitparams.internal.ParameterisedTestMethodRunner.runMethodInvoker(ParameterisedTestMethodRunner.java:47)
	at junitparams.internal.ParameterisedTestMethodRunner.runTestMethod(ParameterisedTestMethodRunner.java:41)
	at junitparams.internal.ParameterisedTestClassRunner.runParameterisedTest(ParameterisedTestClassRunner.java:143)
	at junitparams.JUnitParamsRunner.runChild(JUnitParamsRunner.java:237)
	at junitparams.JUnitParamsRunner.runChild(JUnitParamsRunner.java:215)
	at org.junit.runners.ParentRunner$3.run(ParentRunner.java:193)
	at org.junit.runners.ParentRunner$1.schedule(ParentRunner.java:52)
	at org.junit.runners.ParentRunner.runChildren(ParentRunner.java:191)
	at org.junit.runners.ParentRunner.access$000(ParentRunner.java:42)
	at org.junit.runners.ParentRunner$2.evaluate(ParentRunner.java:184)
	at org.junit.internal.runners.statements.RunAfters.evaluate(RunAfters.java:31)
	at org.junit.runners.ParentRunner.run(ParentRunner.java:236)
	at org.junit.runners.Suite.runChild(Suite.java:128)
	at org.junit.runners.Suite.runChild(Suite.java:24)
	at org.junit.runners.ParentRunner$3.run(ParentRunner.java:193)
	at org.junit.runners.ParentRunner$1.schedule(ParentRunner.java:52)
	at org.junit.runners.ParentRunner.runChildren(ParentRunner.java:191)
	at org.junit.runners.ParentRunner.access$000(ParentRunner.java:42)
	at org.junit.runners.ParentRunner$2.evaluate(ParentRunner.java:184)
	at org.junit.runners.ParentRunner.run(ParentRunner.java:236)
	at junit.framework.JUnit4TestAdapter.run(JUnit4TestAdapter.java:39)
	at org.apache.tools.ant.taskdefs.optional.junit.JUnitTestRunner.run(JUnitTestRunner.java:535)
	at org.apache.tools.ant.taskdefs.optional.junit.JUnitTestRunner.launch(JUnitTestRunner.java:1182)
	at org.apache.tools.ant.taskdefs.optional.junit.JUnitTestRunner.main(JUnitTestRunner.java:1033)
 in /home/travis/build/icyphy/ptII/ptolemy/actor/lib/jjs/external/require.js at line number 454 at column number 12
    while executing
"$configuration setContainer [java::null]"
    invoked from within
"if {[info vars configuration] != ""} {
	# StringUtilities.exit() checks to see if this property is has a length > 0
	java::call System setProperty pto..."
    ("uplevel" body line 5)
    invoked from within
"uplevel $contents_of_test"


==== $PTII/ptolemy/actor/gui/test/UserActorLibrary.tcl: UserActorLibrary-1.0 Test saving test.xml in the User Actor Library
==== Contents of test case:

    resetUserLibrary $configuration $userLibraryName

    [testSaveFileInLibrary test.xml $configuration] exportMoML

==== Test generated error:
StringUtilities.exit() was called. Normally, we would exit here because Manager.exitAfterWrapup() was called.  However, because the ptolemy.ptII.exitAfterWrapup property is set, we throw this exception instead.
    while executing
java.lang.RuntimeException: StringUtilities.exit() was called. Normally, we would exit here because Manager.exitAfterWrapup() was called.  However, because the ptolemy.ptII.exitAfterWrapup property is set, we throw this exception instead.
	at ptolemy.util.StringUtilities.exit(StringUtilities.java:363)
	at ptolemy.actor.gui.Configuration._removeEntity(Configuration.java:1320)
	at ptolemy.kernel.ComponentEntity.setContainer(ComponentEntity.java:542)
	at ptolemy.kernel.CompositeEntity.setContainer(CompositeEntity.java:1880)
	at ptolemy.actor.gui.ModelDirectory._removeEntity(ModelDirectory.java:150)
	at ptolemy.kernel.ComponentEntity.setContainer(ComponentEntity.java:542)
	at ptolemy.kernel.CompositeEntity.setContainer(CompositeEntity.java:1880)
	at ptolemy.actor.gui.Effigy.setContainer(Effigy.java:435)
	at ptolemy.actor.gui.Tableau.setContainer(Tableau.java:263)
	at ptolemy.actor.gui.Effigy.setContainer(Effigy.java:412)
	at java.base/jdk.internal.reflect.NativeMethodAccessorImpl.invoke0(Native Method)
	at java.base/jdk.internal.reflect.NativeMethodAccessorImpl.invoke(NativeMethodAccessorImpl.java:62)
	at java.base/jdk.internal.reflect.DelegatingMethodAccessorImpl.invoke(DelegatingMethodAccessorImpl.java:43)
	at java.base/java.lang.reflect.Method.invoke(Method.java:566)
	at tcl.lang.reflect.PkgInvoker.invokeMethod(PkgInvoker.java:129)
	at tcl.lang.JavaInvoke.call(JavaInvoke.java:253)
	at tcl.lang.JavaInvoke.callMethod(JavaInvoke.java:116)
	at tcl.lang.ReflectObject.cmdProc(ReflectObject.java:727)
	at tcl.lang.Parser.evalObjv(Parser.java:740)
	at tcl.lang.Parser.eval2(Parser.java:1138)
	at tcl.lang.Interp.eval(Interp.java:1782)
	at tcl.lang.Interp.eval(Interp.java:1841)
	at tcl.lang.IfCmd.cmdProc(IfCmd.java:57)
	at tcl.lang.Parser.evalObjv(Parser.java:740)
	at tcl.lang.Parser.eval2(Parser.java:1138)
	at tcl.lang.Procedure.cmdProc(Procedure.java:175)
	at tcl.lang.Parser.evalObjv(Parser.java:740)
	at tcl.lang.Parser.eval2(Parser.java:1138)
	at tcl.lang.Procedure.cmdProc(Procedure.java:175)
	at tcl.lang.Parser.evalObjv(Parser.java:740)
	at tcl.lang.Parser.eval2(Parser.java:1138)
	at tcl.lang.Parser.evalTokens(Parser.java:930)
	at tcl.lang.Parser.eval2(Parser.java:1125)
	at tcl.lang.Interp.eval(Interp.java:1782)
	at tcl.lang.Interp.eval(Interp.java:1841)
	at tcl.lang.UplevelCmd.cmdProc(UplevelCmd.java:93)
	at tcl.lang.Parser.evalObjv(Parser.java:740)
	at tcl.lang.Parser.eval2(Parser.java:1138)
	at tcl.lang.Interp.eval(Interp.java:1782)
	at tcl.lang.Interp.eval(Interp.java:1841)
	at tcl.lang.CatchCmd.cmdProc(CatchCmd.java:42)
	at tcl.lang.Parser.evalObjv(Parser.java:740)
	at tcl.lang.Parser.eval2(Parser.java:1138)
	at tcl.lang.Parser.evalTokens(Parser.java:930)
	at tcl.lang.Parser.eval2(Parser.java:1125)
	at tcl.lang.Procedure.cmdProc(Procedure.java:175)
	at tcl.lang.Parser.evalObjv(Parser.java:740)
	at tcl.lang.Parser.eval2(Parser.java:1138)
	at tcl.lang.Interp.eval(Interp.java:1782)
	at tcl.lang.Interp.evalFile(Interp.java:1880)
	at java.base/jdk.internal.reflect.NativeMethodAccessorImpl.invoke0(Native Method)
	at java.base/jdk.internal.reflect.NativeMethodAccessorImpl.invoke(NativeMethodAccessorImpl.java:62)
	at java.base/jdk.internal.reflect.DelegatingMethodAccessorImpl.invoke(DelegatingMethodAccessorImpl.java:43)
	at java.base/java.lang.reflect.Method.invoke(Method.java:566)
	at ptolemy.util.test.junit.TclTests.RunTclFile(TclTests.java:233)
	at java.base/jdk.internal.reflect.NativeMethodAccessorImpl.invoke0(Native Method)
	at java.base/jdk.internal.reflect.NativeMethodAccessorImpl.invoke(NativeMethodAccessorImpl.java:62)
	at java.base/jdk.internal.reflect.DelegatingMethodAccessorImpl.invoke(DelegatingMethodAccessorImpl.java:43)
	at java.base/java.lang.reflect.Method.invoke(Method.java:566)
	at org.junit.runners.model.FrameworkMethod$1.runReflectiveCall(FrameworkMethod.java:44)
	at org.junit.internal.runners.model.ReflectiveCallable.run(ReflectiveCallable.java:15)
	at org.junit.runners.model.FrameworkMethod.invokeExplosively(FrameworkMethod.java:41)
	at junitparams.internal.InvokeParameterisedMethod.evaluate(InvokeParameterisedMethod.java:102)
	at junitparams.internal.ParameterisedTestMethodRunner.runMethodInvoker(ParameterisedTestMethodRunner.java:47)
	at junitparams.internal.ParameterisedTestMethodRunner.runTestMethod(ParameterisedTestMethodRunner.java:41)
	at junitparams.internal.ParameterisedTestClassRunner.runParameterisedTest(ParameterisedTestClassRunner.java:143)
	at junitparams.JUnitParamsRunner.runChild(JUnitParamsRunner.java:237)
	at junitparams.JUnitParamsRunner.runChild(JUnitParamsRunner.java:215)
	at org.junit.runners.ParentRunner$3.run(ParentRunner.java:193)
	at org.junit.runners.ParentRunner$1.schedule(ParentRunner.java:52)
	at org.junit.runners.ParentRunner.runChildren(ParentRunner.java:191)
	at org.junit.runners.ParentRunner.access$000(ParentRunner.java:42)
	at org.junit.runners.ParentRunner$2.evaluate(ParentRunner.java:184)
	at org.junit.internal.runners.statements.RunAfters.evaluate(RunAfters.java:31)
	at org.junit.runners.ParentRunner.run(ParentRunner.java:236)
	at org.junit.runners.Suite.runChild(Suite.java:128)
	at org.junit.runners.Suite.runChild(Suite.java:24)
	at org.junit.runners.ParentRunner$3.run(ParentRunner.java:193)
	at org.junit.runners.ParentRunner$1.schedule(ParentRunner.java:52)
	at org.junit.runners.ParentRunner.runChildren(ParentRunner.java:191)
	at org.junit.runners.ParentRunner.access$000(ParentRunner.java:42)
	at org.junit.runners.ParentRunner$2.evaluate(ParentRunner.java:184)
	at org.junit.runners.ParentRunner.run(ParentRunner.java:236)
	at junit.framework.JUnit4TestAdapter.run(JUnit4TestAdapter.java:39)
	at org.apache.tools.ant.taskdefs.optional.junit.JUnitTestRunner.run(JUnitTestRunner.java:535)
	at org.apache.tools.ant.taskdefs.optional.junit.JUnitTestRunner.launch(JUnitTestRunner.java:1182)
	at org.apache.tools.ant.taskdefs.optional.junit.JUnitTestRunner.main(JUnitTestRunner.java:1033)

    while executing
java.lang.RuntimeException: StringUtilities.exit() was called. Normally, we would exit here because Manager.exitAfterWrapup() was called.  However, because the ptolemy.ptII.exitAfterWrapup property is set, we throw this exception instead.
    while executing
"$libraryEffigy2 setContainer [java::null]"
    invoked from within
"if {![java::isnull $libraryTableau]} {
	set libraryEffigy [java::cast ptolemy.actor.gui.PtolemyEffigy  [$libraryTableau getContainer]]
	set file [$lib..."
    (procedure "resetUserLibrary" line 18)
    invoked from within
"resetUserLibrary $configuration $userLibraryName"
    (procedure "testSaveFileInLibrary" line 4)
    invoked from within
"testSaveFileInLibrary test.xml $configuration"
    invoked from within
"[testSaveFileInLibrary test.xml $configuration] exportMoML
"
    ("uplevel" body line 4)
    invoked from within
"uplevel $contents_of_test"


==== $PTII/ptolemy/actor/gui/test/UserActorLibrary.tcl: UserActorLibrary-1.2 Sinewave, which is a class
==== Contents of test case:


    set parser [java::new ptolemy.moml.MoMLParser]

    set entityLibrary [java::cast ptolemy.moml.EntityLibrary  [testSaveFileInLibrary  ../../lib/Sinewave.xml $configuration]]
    set restoredEntity [$entityLibrary getEntity Sinewave]
    

    set entity [$parser parseFile ../../lib/Sinewave.xml]
    set entityMoML [$entity exportMoML]

    # Get rid of the header
    # The nightly build changes the version number, so we use
    # ptFilterOutVersion
    set results [ptFilterOutVersion [string range $entityMoML 153  [string length $entityMoML]]  [$restoredEntity exportMoML]]
    list $results	

==== Test generated error:
While trying to open ptolemy.moml.EntityLibrary {.testUserActorLibrary_OK_2_DELETE} in null, getDirectory() returned null?  Perhaps an entity of name "directory" was not created?
    while executing
java.lang.NullPointerException: While trying to open ptolemy.moml.EntityLibrary {.testUserActorLibrary_OK_2_DELETE} in null, getDirectory() returned null?  Perhaps an entity of name "directory" was not created?
	at ptolemy.actor.gui.Configuration._openModel(Configuration.java:1566)
	at ptolemy.actor.gui.Configuration.openModel(Configuration.java:1246)
	at ptolemy.actor.gui.Configuration.openModel(Configuration.java:1204)
	at ptolemy.actor.gui.UserActorLibrary.saveComponentInLibrary(UserActorLibrary.java:323)
	at java.base/jdk.internal.reflect.NativeMethodAccessorImpl.invoke0(Native Method)
	at java.base/jdk.internal.reflect.NativeMethodAccessorImpl.invoke(NativeMethodAccessorImpl.java:62)
	at java.base/jdk.internal.reflect.DelegatingMethodAccessorImpl.invoke(DelegatingMethodAccessorImpl.java:43)
	at java.base/java.lang.reflect.Method.invoke(Method.java:566)
	at tcl.lang.reflect.PkgInvoker.invokeMethod(PkgInvoker.java:129)
	at tcl.lang.JavaInvoke.call(JavaInvoke.java:253)
	at tcl.lang.JavaInvoke.callStaticMethod(JavaInvoke.java:169)
	at tcl.lang.JavaCallCmd.cmdProc(JavaCallCmd.java:74)
	at tcl.lang.Parser.evalObjv(Parser.java:740)
	at tcl.lang.Parser.eval2(Parser.java:1138)
	at tcl.lang.Procedure.cmdProc(Procedure.java:175)
	at tcl.lang.Parser.evalObjv(Parser.java:740)
	at tcl.lang.Parser.eval2(Parser.java:1138)
	at tcl.lang.Parser.evalTokens(Parser.java:930)
	at tcl.lang.Parser.eval2(Parser.java:1125)
	at tcl.lang.Procedure.cmdProc(Procedure.java:175)
	at tcl.lang.Parser.evalObjv(Parser.java:740)
	at tcl.lang.Parser.eval2(Parser.java:1138)
	at tcl.lang.Parser.evalTokens(Parser.java:930)
	at tcl.lang.Parser.eval2(Parser.java:1125)
	at tcl.lang.Parser.evalTokens(Parser.java:930)
	at tcl.lang.Parser.eval2(Parser.java:1125)
	at tcl.lang.Interp.eval(Interp.java:1782)
	at tcl.lang.Interp.eval(Interp.java:1841)
	at tcl.lang.UplevelCmd.cmdProc(UplevelCmd.java:93)
	at tcl.lang.Parser.evalObjv(Parser.java:740)
	at tcl.lang.Parser.eval2(Parser.java:1138)
	at tcl.lang.Interp.eval(Interp.java:1782)
	at tcl.lang.Interp.eval(Interp.java:1841)
	at tcl.lang.CatchCmd.cmdProc(CatchCmd.java:42)
	at tcl.lang.Parser.evalObjv(Parser.java:740)
	at tcl.lang.Parser.eval2(Parser.java:1138)
	at tcl.lang.Parser.evalTokens(Parser.java:930)
	at tcl.lang.Parser.eval2(Parser.java:1125)
	at tcl.lang.Procedure.cmdProc(Procedure.java:175)
	at tcl.lang.Parser.evalObjv(Parser.java:740)
	at tcl.lang.Parser.eval2(Parser.java:1138)
	at tcl.lang.Interp.eval(Interp.java:1782)
	at tcl.lang.Interp.evalFile(Interp.java:1880)
	at java.base/jdk.internal.reflect.NativeMethodAccessorImpl.invoke0(Native Method)
	at java.base/jdk.internal.reflect.NativeMethodAccessorImpl.invoke(NativeMethodAccessorImpl.java:62)
	at java.base/jdk.internal.reflect.DelegatingMethodAccessorImpl.invoke(DelegatingMethodAccessorImpl.java:43)
	at java.base/java.lang.reflect.Method.invoke(Method.java:566)
	at ptolemy.util.test.junit.TclTests.RunTclFile(TclTests.java:233)
	at java.base/jdk.internal.reflect.NativeMethodAccessorImpl.invoke0(Native Method)
	at java.base/jdk.internal.reflect.NativeMethodAccessorImpl.invoke(NativeMethodAccessorImpl.java:62)
	at java.base/jdk.internal.reflect.DelegatingMethodAccessorImpl.invoke(DelegatingMethodAccessorImpl.java:43)
	at java.base/java.lang.reflect.Method.invoke(Method.java:566)
	at org.junit.runners.model.FrameworkMethod$1.runReflectiveCall(FrameworkMethod.java:44)
	at org.junit.internal.runners.model.ReflectiveCallable.run(ReflectiveCallable.java:15)
	at org.junit.runners.model.FrameworkMethod.invokeExplosively(FrameworkMethod.java:41)
	at junitparams.internal.InvokeParameterisedMethod.evaluate(InvokeParameterisedMethod.java:102)
	at junitparams.internal.ParameterisedTestMethodRunner.runMethodInvoker(ParameterisedTestMethodRunner.java:47)
	at junitparams.internal.ParameterisedTestMethodRunner.runTestMethod(ParameterisedTestMethodRunner.java:41)
	at junitparams.internal.ParameterisedTestClassRunner.runParameterisedTest(ParameterisedTestClassRunner.java:143)
	at junitparams.JUnitParamsRunner.runChild(JUnitParamsRunner.java:237)
	at junitparams.JUnitParamsRunner.runChild(JUnitParamsRunner.java:215)
	at org.junit.runners.ParentRunner$3.run(ParentRunner.java:193)
	at org.junit.runners.ParentRunner$1.schedule(ParentRunner.java:52)
	at org.junit.runners.ParentRunner.runChildren(ParentRunner.java:191)
	at org.junit.runners.ParentRunner.access$000(ParentRunner.java:42)
	at org.junit.runners.ParentRunner$2.evaluate(ParentRunner.java:184)
	at org.junit.internal.runners.statements.RunAfters.evaluate(RunAfters.java:31)
	at org.junit.runners.ParentRunner.run(ParentRunner.java:236)
	at org.junit.runners.Suite.runChild(Suite.java:128)
	at org.junit.runners.Suite.runChild(Suite.java:24)
	at org.junit.runners.ParentRunner$3.run(ParentRunner.java:193)
	at org.junit.runners.ParentRunner$1.schedule(ParentRunner.java:52)
	at org.junit.runners.ParentRunner.runChildren(ParentRunner.java:191)
	at org.junit.runners.ParentRunner.access$000(ParentRunner.java:42)
	at org.junit.runners.ParentRunner$2.evaluate(ParentRunner.java:184)
	at org.junit.runners.ParentRunner.run(ParentRunner.java:236)
	at junit.framework.JUnit4TestAdapter.run(JUnit4TestAdapter.java:39)
	at org.apache.tools.ant.taskdefs.optional.junit.JUnitTestRunner.run(JUnitTestRunner.java:535)
	at org.apache.tools.ant.taskdefs.optional.junit.JUnitTestRunner.launch(JUnitTestRunner.java:1182)
	at org.apache.tools.ant.taskdefs.optional.junit.JUnitTestRunner.main(JUnitTestRunner.java:1033)

    while executing
java.lang.NullPointerException: While trying to open ptolemy.moml.EntityLibrary {.testUserActorLibrary_OK_2_DELETE} in null, getDirectory() returned null?  Perhaps an entity of name "directory" was not created?
    while executing
"java::call ptolemy.actor.gui.UserActorLibrary  saveComponentInLibrary  $configuration $entity"
    (procedure "testSaveComponentInLibrary" line 4)
    invoked from within
"testSaveComponentInLibrary $entity $configuration $userLibraryName"
    invoked from within
"return [testSaveComponentInLibrary $entity $configuration $userLibraryName]
"
    (procedure "testSaveFileInLibrary" line 11)
    invoked from within
"testSaveFileInLibrary  ../../lib/Sinewave.xml $configuration"
    invoked from within
"java::cast ptolemy.moml.EntityLibrary  [testSaveFileInLibrary  ../../lib/Sinewave.xml $configuration]"
    invoked from within
"set entityLibrary [java::cast ptolemy.moml.EntityLibrary  [testSaveFileInLibrary  ../../lib/Sinewave.xml $configuration]]"
    ("uplevel" body line 5)
    invoked from within
"uplevel $contents_of_test"


==== $PTII/ptolemy/actor/gui/test/UserActorLibrary.tcl: UserActorLibrary-1.3 model.xml, which has problems with hideName
==== Contents of test case:


    set parser [java::new ptolemy.moml.MoMLParser]
    $parser reset
    set entity [java::cast ptolemy.kernel.CompositeEntity  [$parser parseFile hideNameTestModel.xml]]
    set entity2 [$entity getEntity CompositeActor]
    java::call ptolemy.actor.gui.UserActorLibrary  saveComponentInLibrary  $configuration $entity2


==== Test generated error:
While trying to open ptolemy.moml.EntityLibrary {.testUserActorLibrary_OK_2_DELETE} in null, getDirectory() returned null?  Perhaps an entity of name "directory" was not created?
    while executing
java.lang.NullPointerException: While trying to open ptolemy.moml.EntityLibrary {.testUserActorLibrary_OK_2_DELETE} in null, getDirectory() returned null?  Perhaps an entity of name "directory" was not created?
	at ptolemy.actor.gui.Configuration._openModel(Configuration.java:1566)
	at ptolemy.actor.gui.Configuration.openModel(Configuration.java:1246)
	at ptolemy.actor.gui.Configuration.openModel(Configuration.java:1204)
	at ptolemy.actor.gui.UserActorLibrary.saveComponentInLibrary(UserActorLibrary.java:323)
	at java.base/jdk.internal.reflect.NativeMethodAccessorImpl.invoke0(Native Method)
	at java.base/jdk.internal.reflect.NativeMethodAccessorImpl.invoke(NativeMethodAccessorImpl.java:62)
	at java.base/jdk.internal.reflect.DelegatingMethodAccessorImpl.invoke(DelegatingMethodAccessorImpl.java:43)
	at java.base/java.lang.reflect.Method.invoke(Method.java:566)
	at tcl.lang.reflect.PkgInvoker.invokeMethod(PkgInvoker.java:129)
	at tcl.lang.JavaInvoke.call(JavaInvoke.java:253)
	at tcl.lang.JavaInvoke.callStaticMethod(JavaInvoke.java:169)
	at tcl.lang.JavaCallCmd.cmdProc(JavaCallCmd.java:74)
	at tcl.lang.Parser.evalObjv(Parser.java:740)
	at tcl.lang.Parser.eval2(Parser.java:1138)
	at tcl.lang.Interp.eval(Interp.java:1782)
	at tcl.lang.Interp.eval(Interp.java:1841)
	at tcl.lang.UplevelCmd.cmdProc(UplevelCmd.java:93)
	at tcl.lang.Parser.evalObjv(Parser.java:740)
	at tcl.lang.Parser.eval2(Parser.java:1138)
	at tcl.lang.Interp.eval(Interp.java:1782)
	at tcl.lang.Interp.eval(Interp.java:1841)
	at tcl.lang.CatchCmd.cmdProc(CatchCmd.java:42)
	at tcl.lang.Parser.evalObjv(Parser.java:740)
	at tcl.lang.Parser.eval2(Parser.java:1138)
[...]
	at org.junit.runners.ParentRunner$2.evaluate(ParentRunner.java:184)
	at org.junit.runners.ParentRunner.run(ParentRunner.java:236)
	at junit.framework.JUnit4TestAdapter.run(JUnit4TestAdapter.java:39)
	at org.apache.tools.ant.taskdefs.optional.junit.JUnitTestRunner.run(JUnitTestRunner.java:535)
	at org.apache.tools.ant.taskdefs.optional.junit.JUnitTestRunner.launch(JUnitTestRunner.java:1182)
	at org.apache.tools.ant.taskdefs.optional.junit.JUnitTestRunner.main(JUnitTestRunner.java:1033)
 in /home/travis/build/icyphy/ptII/ptolemy/actor/lib/jjs/external/require.js at line number 454 at column number 12
RecorderMessageHandler: Failed to populate library. ptolemy.kernel.util.InternalErrorException: Loading accessor failed: AudioCapture.js
  in .configuration.actor library.MoreLibraries.Accessors.audio
Because:
Error evaluating expression:
// Copyright (c) 2015-2017 The Regents of the University of California.
...
  in .configuration.actor library.MoreLibraries.Accessors.audio.AudioCapture.script
Because:
Failed to evaluate script.
  in .configuration.actor library.MoreLibraries.Accessors.audio.AudioCapture
Because:
Error: Error executing module audio line #undefined : ptolemy.actor.lib.jjs.modules.audio.AudioHelper
In file: /home/travis/build/icyphy/ptII/ptolemy/actor/lib/jjs/modules/audio/audio.js

java.lang.ClassNotFoundException: ptolemy.actor.lib.jjs.modules.audio.AudioHelper
	at java.base/jdk.internal.loader.BuiltinClassLoader.loadClass(BuiltinClassLoader.java:583)
	at java.base/jdk.internal.loader.ClassLoaders$AppClassLoader.loadClass(ClassLoaders.java:178)
	at java.base/java.lang.ClassLoader.loadClass(ClassLoader.java:521)
	at java.base/java.lang.Class.forName0(Native Method)
	at java.base/java.lang.Class.forName(Class.java:398)
	at jdk.scripting.nashorn/jdk.nashorn.internal.runtime.Context.findClass(Context.java:1180)
	at jdk.scripting.nashorn/jdk.nashorn.internal.objects.NativeJava.simpleType(NativeJava.java:546)
	at jdk.scripting.nashorn/jdk.nashorn.internal.objects.NativeJava.type(NativeJava.java:326)
	at jdk.scripting.nashorn/jdk.nashorn.internal.objects.NativeJava.type(NativeJava.java:318)
	at jdk.scripting.nashorn/jdk.nashorn.internal.objects.NativeJava.type(NativeJava.java:314)
	at jdk.scripting.nashorn.scripts/jdk.nashorn.internal.scripts.Script$Recompilation$2279$require.L:1(/home/travis/build/icyphy/ptII/ptolemy/actor/lib/jjs/external/require.js#409:30<eval>:48)
	at jdk.scripting.nashorn.scripts/jdk.nashorn.internal.scripts.Script$Recompilation$2189$require.L:45#_require(/home/travis/build/icyphy/ptII/ptolemy/actor/lib/jjs/external/require.js:429)
	at jdk.scripting.nashorn.scripts/jdk.nashorn.internal.scripts.Script$Recompilation$2193$21065A$require.L:45#_requireClosure#L:466(/home/travis/build/icyphy/ptII/ptolemy/actor/lib/jjs/external/require.js:467)
	at jdk.scripting.nashorn.scripts/jdk.nashorn.internal.scripts.Script$Recompilation$2267$1AAAAAAAAAAAAAA$\^function\_.L:1(<function>:97)
	at jdk.scripting.nashorn.scripts/jdk.nashorn.internal.scripts.Script$Recompilation$2266$17933AAAAAA$require$cu1$restOf.L:1#Accessor(/home/travis/build/icyphy/ptII/ptolemy/actor/lib/jjs/external/require.js#409:30<eval>:545)
	at jdk.scripting.nashorn.scripts/jdk.nashorn.internal.scripts.Script$Recompilation$2252$2801AAA$\^eval\_.evaluateCode(<eval>:96)
	at jdk.scripting.nashorn/jdk.nashorn.internal.runtime.ScriptFunctionData.invoke(ScriptFunctionData.java:661)
	at jdk.scripting.nashorn/jdk.nashorn.internal.runtime.ScriptFunction.invoke(ScriptFunction.java:513)
	at jdk.scripting.nashorn/jdk.nashorn.internal.runtime.ScriptRuntime.apply(ScriptRuntime.java:527)
	at jdk.scripting.nashorn/jdk.nashorn.api.scripting.ScriptObjectMirror.callMember(ScriptObjectMirror.java:202)
	at jdk.scripting.nashorn/jdk.nashorn.api.scripting.NashornScriptEngine.invokeImpl(NashornScriptEngine.java:393)
	at jdk.scripting.nashorn/jdk.nashorn.api.scripting.NashornScriptEngine.invokeFunction(NashornScriptEngine.java:197)
	at ptolemy.actor.lib.jjs.JavaScript._createEngineAndEvaluateSetup(JavaScript.java:2493)
	at ptolemy.actor.lib.jjs.JavaScript.attributeChanged(JavaScript.java:548)
	at org.terraswarm.accessor.JSAccessor.attributeChanged(JSAccessor.java:312)
	at ptolemy.data.expr.Variable._setTokenAndNotify(Variable.java:2271)
	at ptolemy.data.expr.Variable._evaluate(Variable.java:1873)
	at ptolemy.data.expr.Variable._propagate(Variable.java:1984)
	at ptolemy.data.expr.Variable.validate(Variable.java:1596)
	at ptolemy.moml.MoMLParser.endDocument(MoMLParser.java:867)
	at com.microstar.xml.XmlParser.doParse(XmlParser.java:162)
	at com.microstar.xml.XmlParser.parse(XmlParser.java:132)
	at ptolemy.moml.MoMLParser.parse(MoMLParser.java:1676)
	at ptolemy.moml.MoMLParser.parse(MoMLParser.java:1617)
	at ptolemy.moml.MoMLParser.parse(MoMLParser.java:1792)
	at org.terraswarm.accessor.AccessorLibrary.populate(AccessorLibrary.java:194)
	at ptolemy.moml.EntityLibrary.entityList(EntityLibrary.java:366)
	at ptolemy.kernel.CompositeEntity._unlinkLevelCrossingLinksToOutside(CompositeEntity.java:2769)
	at ptolemy.kernel.CompositeEntity._unlinkLevelCrossingLinksToOutside(CompositeEntity.java:2775)
	at ptolemy.kernel.CompositeEntity._unlinkLevelCrossingLinksToOutside(CompositeEntity.java:2775)
	at ptolemy.kernel.CompositeEntity._unlinkLevelCrossingLinksToOutside(CompositeEntity.java:2775)
	at ptolemy.kernel.CompositeEntity._unlinkLevelCrossingLinksToOutside(CompositeEntity.java:2775)
	at ptolemy.kernel.CompositeEntity.setContainer(CompositeEntity.java:1878)
	at ptolemy.actor.gui.Configuration.setContainer(Configuration.java:1266)
	at java.base/jdk.internal.reflect.NativeMethodAccessorImpl.invoke0(Native Method)
	at java.base/jdk.internal.reflect.NativeMethodAccessorImpl.invoke(NativeMethodAccessorImpl.java:62)
	at java.base/jdk.internal.reflect.DelegatingMethodAccessorImpl.invoke(DelegatingMethodAccessorImpl.java:43)
	at java.base/java.lang.reflect.Method.invoke(Method.java:566)
	at tcl.lang.reflect.PkgInvoker.invokeMethod(PkgInvoker.java:129)
	at tcl.lang.JavaInvoke.call(JavaInvoke.java:253)
	at tcl.lang.JavaInvoke.callMethod(JavaInvoke.java:116)
	at tcl.lang.ReflectObject.cmdProc(ReflectObject.java:727)
	at tcl.lang.Parser.evalObjv(Parser.java:740)
	at tcl.lang.Parser.eval2(Parser.java:1138)
	at tcl.lang.Interp.eval(Interp.java:1782)
	at tcl.lang.Interp.eval(Interp.java:1841)
	at tcl.lang.IfCmd.cmdProc(IfCmd.java:57)
	at tcl.lang.Parser.evalObjv(Parser.java:740)
	at tcl.lang.Parser.eval2(Parser.java:1138)
	at tcl.lang.Interp.eval(Interp.java:1782)
	at tcl.lang.Interp.eval(Interp.java:1841)
	at tcl.lang.UplevelCmd.cmdProc(UplevelCmd.java:93)
	at tcl.lang.Parser.evalObjv(Parser.java:740)
	at tcl.lang.Parser.eval2(Parser.java:1138)
	at tcl.lang.Interp.eval(Interp.java:1782)
	at tcl.lang.Interp.eval(Interp.java:1841)
	at tcl.lang.CatchCmd.cmdProc(CatchCmd.java:42)
	at tcl.lang.Parser.evalObjv(Parser.java:740)
	at tcl.lang.Parser.eval2(Parser.java:1138)
	at tcl.lang.Parser.evalTokens(Parser.java:930)
	at tcl.lang.Parser.eval2(Parser.java:1125)
	at tcl.lang.Procedure.cmdProc(Procedure.java:175)
	at tcl.lang.Parser.evalObjv(Parser.java:740)
	at tcl.lang.Parser.eval2(Parser.java:1138)
	at tcl.lang.Interp.eval(Interp.java:1782)
	at tcl.lang.Interp.evalFile(Interp.java:1880)
	at java.base/jdk.internal.reflect.NativeMethodAccessorImpl.invoke0(Native Method)
	at java.base/jdk.internal.reflect.NativeMethodAccessorImpl.invoke(NativeMethodAccessorImpl.java:62)
	at java.base/jdk.internal.reflect.DelegatingMethodAccessorImpl.invoke(DelegatingMethodAccessorImpl.java:43)
	at java.base/java.lang.reflect.Method.invoke(Method.java:566)
	at ptolemy.util.test.junit.TclTests.RunTclFile(TclTests.java:233)
	at java.base/jdk.internal.reflect.NativeMethodAccessorImpl.invoke0(Native Method)
	at java.base/jdk.internal.reflect.NativeMethodAccessorImpl.invoke(NativeMethodAccessorImpl.java:62)
	at java.base/jdk.internal.reflect.DelegatingMethodAccessorImpl.invoke(DelegatingMethodAccessorImpl.java:43)
	at java.base/java.lang.reflect.Method.invoke(Method.java:566)
	at org.junit.runners.model.FrameworkMethod$1.runReflectiveCall(FrameworkMethod.java:44)
	at org.junit.internal.runners.model.ReflectiveCallable.run(ReflectiveCallable.java:15)
	at org.junit.runners.model.FrameworkMethod.invokeExplosively(FrameworkMethod.java:41)
	at junitparams.internal.InvokeParameterisedMethod.evaluate(InvokeParameterisedMethod.java:102)
	at junitparams.internal.ParameterisedTestMethodRunner.runMethodInvoker(ParameterisedTestMethodRunner.java:47)
	at junitparams.internal.ParameterisedTestMethodRunner.runTestMethod(ParameterisedTestMethodRunner.java:41)
	at junitparams.internal.ParameterisedTestClassRunner.runParameterisedTest(ParameterisedTestClassRunner.java:143)
	at junitparams.JUnitParamsRunner.runChild(JUnitParamsRunner.java:237)
	at junitparams.JUnitParamsRunner.runChild(JUnitParamsRunner.java:215)
	at org.junit.runners.ParentRunner$3.run(ParentRunner.java:193)
	at org.junit.runners.ParentRunner$1.schedule(ParentRunner.java:52)
	at org.junit.runners.ParentRunner.runChildren(ParentRunner.java:191)
	at org.junit.runners.ParentRunner.access$000(ParentRunner.java:42)
	at org.junit.runners.ParentRunner$2.evaluate(ParentRunner.java:184)
	at org.junit.internal.runners.statements.RunAfters.evaluate(RunAfters.java:31)
	at org.junit.runners.ParentRunner.run(ParentRunner.java:236)
	at org.junit.runners.Suite.runChild(Suite.java:128)
	at org.junit.runners.Suite.runChild(Suite.java:24)
	at org.junit.runners.ParentRunner$3.run(ParentRunner.java:193)
	at org.junit.runners.ParentRunner$1.schedule(ParentRunner.java:52)
	at org.junit.runners.ParentRunner.runChildren(ParentRunner.java:191)
	at org.junit.runners.ParentRunner.access$000(ParentRunner.java:42)
	at org.junit.runners.ParentRunner$2.evaluate(ParentRunner.java:184)
	at org.junit.runners.ParentRunner.run(ParentRunner.java:236)
	at junit.framework.JUnit4TestAdapter.run(JUnit4TestAdapter.java:39)
	at org.apache.tools.ant.taskdefs.optional.junit.JUnitTestRunner.run(JUnitTestRunner.java:535)
	at org.apache.tools.ant.taskdefs.optional.junit.JUnitTestRunner.launch(JUnitTestRunner.java:1182)
	at org.apache.tools.ant.taskdefs.optional.junit.JUnitTestRunner.main(JUnitTestRunner.java:1033)
 in /home/travis/build/icyphy/ptII/ptolemy/actor/lib/jjs/external/require.js at line number 454 at column number 12
  in .configuration.actor library.MoreLibraries.Accessors.audio.AudioCapture.script
Because:
Error evaluating expression:
// Copyright (c) 2015-2017 The Regents of the University of California.
...
  in .configuration.actor library.MoreLibraries.Accessors.audio.AudioCapture.script
Because:
Failed to evaluate script.
  in .configuration.actor library.MoreLibraries.Accessors.audio.AudioCapture
Because:
Error: Error executing module audio line #undefined : ptolemy.actor.lib.jjs.modules.audio.AudioHelper
In file: /home/travis/build/icyphy/ptII/ptolemy/actor/lib/jjs/modules/audio/audio.js

java.lang.ClassNotFoundException: ptolemy.actor.lib.jjs.modules.audio.AudioHelper
	at java.base/jdk.internal.loader.BuiltinClassLoader.loadClass(BuiltinClassLoader.java:583)
	at java.base/jdk.internal.loader.ClassLoaders$AppClassLoader.loadClass(ClassLoaders.java:178)
	at java.base/java.lang.ClassLoader.loadClass(ClassLoader.java:521)
	at java.base/java.lang.Class.forName0(Native Method)
	at java.base/java.lang.Class.forName(Class.java:398)
	at jdk.scripting.nashorn/jdk.nashorn.internal.runtime.Context.findClass(Context.java:1180)
	at jdk.scripting.nashorn/jdk.nashorn.internal.objects.NativeJava.simpleType(NativeJava.java:546)
	at jdk.scripting.nashorn/jdk.nashorn.internal.objects.NativeJava.type(NativeJava.java:326)
	at jdk.scripting.nashorn/jdk.nashorn.internal.objects.NativeJava.type(NativeJava.java:318)
	at jdk.scripting.nashorn/jdk.nashorn.internal.objects.NativeJava.type(NativeJava.java:314)
	at jdk.scripting.nashorn.scripts/jdk.nashorn.internal.scripts.Script$Recompilation$2279$require.L:1(/home/travis/build/icyphy/ptII/ptolemy/actor/lib/jjs/external/require.js#409:30<eval>:48)
	at jdk.scripting.nashorn.scripts/jdk.nashorn.internal.scripts.Script$Recompilation$2189$require.L:45#_require(/home/travis/build/icyphy/ptII/ptolemy/actor/lib/jjs/external/require.js:429)
	at jdk.scripting.nashorn.scripts/jdk.nashorn.internal.scripts.Script$Recompilation$2193$21065A$require.L:45#_requireClosure#L:466(/home/travis/build/icyphy/ptII/ptolemy/actor/lib/jjs/external/require.js:467)
	at jdk.scripting.nashorn.scripts/jdk.nashorn.internal.scripts.Script$Recompilation$2267$1AAAAAAAAAAAAAA$\^function\_.L:1(<function>:97)
	at jdk.scripting.nashorn.scripts/jdk.nashorn.internal.scripts.Script$Recompilation$2266$17933AAAAAA$require$cu1$restOf.L:1#Accessor(/home/travis/build/icyphy/ptII/ptolemy/actor/lib/jjs/external/require.js#409:30<eval>:545)
	at jdk.scripting.nashorn.scripts/jdk.nashorn.internal.scripts.Script$Recompilation$2252$2801AAA$\^eval\_.evaluateCode(<eval>:96)
	at jdk.scripting.nashorn/jdk.nashorn.internal.runtime.ScriptFunctionData.invoke(ScriptFunctionData.java:661)
	at jdk.scripting.nashorn/jdk.nashorn.internal.runtime.ScriptFunction.invoke(ScriptFunction.java:513)
	at jdk.scripting.nashorn/jdk.nashorn.internal.runtime.ScriptRuntime.apply(ScriptRuntime.java:527)
	at jdk.scripting.nashorn/jdk.nashorn.api.scripting.ScriptObjectMirror.callMember(ScriptObjectMirror.java:202)
	at jdk.scripting.nashorn/jdk.nashorn.api.scripting.NashornScriptEngine.invokeImpl(NashornScriptEngine.java:393)
	at jdk.scripting.nashorn/jdk.nashorn.api.scripting.NashornScriptEngine.invokeFunction(NashornScriptEngine.java:197)
	at ptolemy.actor.lib.jjs.JavaScript._createEngineAndEvaluateSetup(JavaScript.java:2493)
	at ptolemy.actor.lib.jjs.JavaScript.attributeChanged(JavaScript.java:548)
	at org.terraswarm.accessor.JSAccessor.attributeChanged(JSAccessor.java:312)
	at ptolemy.data.expr.Variable._setTokenAndNotify(Variable.java:2271)
	at ptolemy.data.expr.Variable._evaluate(Variable.java:1873)
	at ptolemy.data.expr.Variable._propagate(Variable.java:1984)
	at ptolemy.data.expr.Variable.validate(Variable.java:1596)
	at ptolemy.moml.MoMLParser.endDocument(MoMLParser.java:867)
	at com.microstar.xml.XmlParser.doParse(XmlParser.java:162)
	at com.microstar.xml.XmlParser.parse(XmlParser.java:132)
	at ptolemy.moml.MoMLParser.parse(MoMLParser.java:1676)
	at ptolemy.moml.MoMLParser.parse(MoMLParser.java:1617)
	at ptolemy.moml.MoMLParser.parse(MoMLParser.java:1792)
	at org.terraswarm.accessor.AccessorLibrary.populate(AccessorLibrary.java:194)
	at ptolemy.moml.EntityLibrary.entityList(EntityLibrary.java:366)
	at ptolemy.kernel.CompositeEntity._unlinkLevelCrossingLinksToOutside(CompositeEntity.java:2769)
	at ptolemy.kernel.CompositeEntity._unlinkLevelCrossingLinksToOutside(CompositeEntity.java:2775)
	at ptolemy.kernel.CompositeEntity._unlinkLevelCrossingLinksToOutside(CompositeEntity.java:2775)
	at ptolemy.kernel.CompositeEntity._unlinkLevelCrossingLinksToOutside(CompositeEntity.java:2775)
	at ptolemy.kernel.CompositeEntity._unlinkLevelCrossingLinksToOutside(CompositeEntity.java:2775)
	at ptolemy.kernel.CompositeEntity.setContainer(CompositeEntity.java:1878)
	at ptolemy.actor.gui.Configuration.setContainer(Configuration.java:1266)
	at java.base/jdk.internal.reflect.NativeMethodAccessorImpl.invoke0(Native Method)
	at java.base/jdk.internal.reflect.NativeMethodAccessorImpl.invoke(NativeMethodAccessorImpl.java:62)
	at java.base/jdk.internal.reflect.DelegatingMethodAccessorImpl.invoke(DelegatingMethodAccessorImpl.java:43)
	at java.base/java.lang.reflect.Method.invoke(Method.java:566)
	at tcl.lang.reflect.PkgInvoker.invokeMethod(PkgInvoker.java:129)
	at tcl.lang.JavaInvoke.call(JavaInvoke.java:253)
	at tcl.lang.JavaInvoke.callMethod(JavaInvoke.java:116)
	at tcl.lang.ReflectObject.cmdProc(ReflectObject.java:727)
	at tcl.lang.Parser.evalObjv(Parser.java:740)
	at tcl.lang.Parser.eval2(Parser.java:1138)
	at tcl.lang.Interp.eval(Interp.java:1782)
	at tcl.lang.Interp.eval(Interp.java:1841)
	at tcl.lang.IfCmd.cmdProc(IfCmd.java:57)
	at tcl.lang.Parser.evalObjv(Parser.java:740)
	at tcl.lang.Parser.eval2(Parser.java:1138)
	at tcl.lang.Interp.eval(Interp.java:1782)
	at tcl.lang.Interp.eval(Interp.java:1841)
	at tcl.lang.UplevelCmd.cmdProc(UplevelCmd.java:93)
	at tcl.lang.Parser.evalObjv(Parser.java:740)
	at tcl.lang.Parser.eval2(Parser.java:1138)
	at tcl.lang.Interp.eval(Interp.java:1782)
	at tcl.lang.Interp.eval(Interp.java:1841)
	at tcl.lang.CatchCmd.cmdProc(CatchCmd.java:42)
	at tcl.lang.Parser.evalObjv(Parser.java:740)
	at tcl.lang.Parser.eval2(Parser.java:1138)
	at tcl.lang.Parser.evalTokens(Parser.java:930)
	at tcl.lang.Parser.eval2(Parser.java:1125)
	at tcl.lang.Procedure.cmdProc(Procedure.java:175)
	at tcl.lang.Parser.evalObjv(Parser.java:740)
	at tcl.lang.Parser.eval2(Parser.java:1138)
	at tcl.lang.Interp.eval(Interp.java:1782)
	at tcl.lang.Interp.evalFile(Interp.java:1880)
	at java.base/jdk.internal.reflect.NativeMethodAccessorImpl.invoke0(Native Method)
	at java.base/jdk.internal.reflect.NativeMethodAccessorImpl.invoke(NativeMethodAccessorImpl.java:62)
	at java.base/jdk.internal.reflect.DelegatingMethodAccessorImpl.invoke(DelegatingMethodAccessorImpl.java:43)
	at java.base/java.lang.reflect.Method.invoke(Method.java:566)
	at ptolemy.util.test.junit.TclTests.RunTclFile(TclTests.java:233)
	at java.base/jdk.internal.reflect.NativeMethodAccessorImpl.invoke0(Native Method)
	at java.base/jdk.internal.reflect.NativeMethodAccessorImpl.invoke(NativeMethodAccessorImpl.java:62)
	at java.base/jdk.internal.reflect.DelegatingMethodAccessorImpl.invoke(DelegatingMethodAccessorImpl.java:43)
	at java.base/java.lang.reflect.Method.invoke(Method.java:566)
	at org.junit.runners.model.FrameworkMethod$1.runReflectiveCall(FrameworkMethod.java:44)
	at org.junit.internal.runners.model.ReflectiveCallable.run(ReflectiveCallable.java:15)
	at org.junit.runners.model.FrameworkMethod.invokeExplosively(FrameworkMethod.java:41)
	at junitparams.internal.InvokeParameterisedMethod.evaluate(InvokeParameterisedMethod.java:102)
	at junitparams.internal.ParameterisedTestMethodRunner.runMethodInvoker(ParameterisedTestMethodRunner.java:47)
	at junitparams.internal.ParameterisedTestMethodRunner.runTestMethod(ParameterisedTestMethodRunner.java:41)
	at junitparams.internal.ParameterisedTestClassRunner.runParameterisedTest(ParameterisedTestClassRunner.java:143)
	at junitparams.JUnitParamsRunner.runChild(JUnitParamsRunner.java:237)
	at junitparams.JUnitParamsRunner.runChild(JUnitParamsRunner.java:215)
	at org.junit.runners.ParentRunner$3.run(ParentRunner.java:193)
	at org.junit.runners.ParentRunner$1.schedule(ParentRunner.java:52)
	at org.junit.runners.ParentRunner.runChildren(ParentRunner.java:191)
	at org.junit.runners.ParentRunner.access$000(ParentRunner.java:42)
	at org.junit.runners.ParentRunner$2.evaluate(ParentRunner.java:184)
	at org.junit.internal.runners.statements.RunAfters.evaluate(RunAfters.java:31)
	at org.junit.runners.ParentRunner.run(ParentRunner.java:236)
	at org.junit.runners.Suite.runChild(Suite.java:128)
	at org.junit.runners.Suite.runChild(Suite.java:24)
	at org.junit.runners.ParentRunner$3.run(ParentRunner.java:193)
	at org.junit.runners.ParentRunner$1.schedule(ParentRunner.java:52)
	at org.junit.runners.ParentRunner.runChildren(ParentRunner.java:191)
	at org.junit.runners.ParentRunner.access$000(ParentRunner.java:42)
	at org.junit.runners.ParentRunner$2.evaluate(ParentRunner.java:184)
	at org.junit.runners.ParentRunner.run(ParentRunner.java:236)
	at junit.framework.JUnit4TestAdapter.run(JUnit4TestAdapter.java:39)
	at org.apache.tools.ant.taskdefs.optional.junit.JUnitTestRunner.run(JUnitTestRunner.java:535)
	at org.apache.tools.ant.taskdefs.optional.junit.JUnitTestRunner.launch(JUnitTestRunner.java:1182)
	at org.apache.tools.ant.taskdefs.optional.junit.JUnitTestRunner.main(JUnitTestRunner.java:1033)
 in /home/travis/build/icyphy/ptII/ptolemy/actor/lib/jjs/external/require.js at line number 454 at column number 12
]]></system-err>
</testsuite>
