<?xml version="1.0" encoding="UTF-8" ?>
<testsuite errors="0" failures="0" hostname="travis-job-7228b6e9-7916-4d28-9df8-787d2e1f9b6b" name="ptolemy.domains.sdf.test.junit.JUnitTclTest" skipped="0" tests="66" time="18.21" timestamp="2018-07-25T01:50:01">
  <properties>
[...]
</properties>
  <testcase classname="ptolemy.util.test.junit.TclTests" name="[0] /home/travis/build/icyphy/ptII/ptolemy/domains/sdf/test/SDFSchedulerErrors.tcl (RunTclFile)" time="0.523" />
  <testcase classname="ptolemy.util.test.junit.TclTests" name="[1] /home/travis/build/icyphy/ptII/ptolemy/domains/sdf/test/composition.tcl (RunTclFile)" time="0.141" />
  <testcase classname="ptolemy.util.test.junit.TclTests" name="[2] /home/travis/build/icyphy/ptII/ptolemy/domains/sdf/test/cycle.tcl (RunTclFile)" time="0.052" />
  <testcase classname="ptolemy.util.test.junit.AutoKnownFailedTests" name="[0] ThereAreNoKnowFailedTests (RunModel)" time="0.005" />
  <testcase classname="ptolemy.util.test.junit.AutoNameArchTests" name="[0] ThereAreNoAutoArchTests (RunModel)" time="0.001" />
  <testcase classname="ptolemy.util.test.junit.AutoTests" name="[0] /home/travis/build/icyphy/ptII/ptolemy/domains/sdf/test/auto/Array.xml (RunModel)" time="0.178" />
  <testcase classname="ptolemy.util.test.junit.AutoTests" name="[1] /home/travis/build/icyphy/ptII/ptolemy/domains/sdf/test/auto/Butterfly.xml (RunModel)" time="0.093" />
  <testcase classname="ptolemy.util.test.junit.AutoTests" name="[2] /home/travis/build/icyphy/ptII/ptolemy/domains/sdf/test/auto/Expression.xml (RunModel)" time="0.066" />
  <testcase classname="ptolemy.util.test.junit.AutoTests" name="[3] /home/travis/build/icyphy/ptII/ptolemy/domains/sdf/test/auto/Eye.xml (RunModel)" time="0.264" />
  <testcase classname="ptolemy.util.test.junit.AutoTests" name="[4] /home/travis/build/icyphy/ptII/ptolemy/domains/sdf/test/auto/FixFIR.xml (RunModel)" time="0.342" />
  <testcase classname="ptolemy.util.test.junit.AutoTests" name="[5] /home/travis/build/icyphy/ptII/ptolemy/domains/sdf/test/auto/FixPoint.xml (RunModel)" time="0.024" />
  <testcase classname="ptolemy.util.test.junit.AutoTests" name="[6] /home/travis/build/icyphy/ptII/ptolemy/domains/sdf/test/auto/Gravitation.xml (RunModel)" time="3.204" />
  <testcase classname="ptolemy.util.test.junit.AutoTests" name="[7] /home/travis/build/icyphy/ptII/ptolemy/domains/sdf/test/auto/GravitationWithCollisionDetection.xml (RunModel)" time="5.427" />
  <testcase classname="ptolemy.util.test.junit.AutoTests" name="[8] /home/travis/build/icyphy/ptII/ptolemy/domains/sdf/test/auto/HDF.xml (RunModel)" time="0.112" />
  <testcase classname="ptolemy.util.test.junit.AutoTests" name="[9] /home/travis/build/icyphy/ptII/ptolemy/domains/sdf/test/auto/HDFwithTransientStates.xml (RunModel)" time="0.086" />
  <testcase classname="ptolemy.util.test.junit.AutoTests" name="[10] /home/travis/build/icyphy/ptII/ptolemy/domains/sdf/test/auto/HTVQ.xml (RunModel)" time="0.767" />
  <testcase classname="ptolemy.util.test.junit.AutoTests" name="[11] /home/travis/build/icyphy/ptII/ptolemy/domains/sdf/test/auto/InferInitProduction.xml (RunModel)" time="0.025" />
  <testcase classname="ptolemy.util.test.junit.AutoTests" name="[12] /home/travis/build/icyphy/ptII/ptolemy/domains/sdf/test/auto/InferInitProductionDeeper.xml (RunModel)" time="0.022" />
  <testcase classname="ptolemy.util.test.junit.AutoTests" name="[13] /home/travis/build/icyphy/ptII/ptolemy/domains/sdf/test/auto/LMSAdaptive.xml (RunModel)" time="0.085" />
  <testcase classname="ptolemy.util.test.junit.AutoTests" name="[14] /home/travis/build/icyphy/ptII/ptolemy/domains/sdf/test/auto/LogisticMap.xml (RunModel)" time="0.468" />
  <testcase classname="ptolemy.util.test.junit.AutoTests" name="[15] /home/travis/build/icyphy/ptII/ptolemy/domains/sdf/test/auto/MaximumEntropySpectrum.xml (RunModel)" time="0.242" />
  <testcase classname="ptolemy.util.test.junit.AutoTests" name="[16] /home/travis/build/icyphy/ptII/ptolemy/domains/sdf/test/auto/MultirateSDF.xml (RunModel)" time="0.049" />
  <testcase classname="ptolemy.util.test.junit.AutoTests" name="[17] /home/travis/build/icyphy/ptII/ptolemy/domains/sdf/test/auto/MultirateSDFwithTransientStates.xml (RunModel)" time="0.07" />
  <testcase classname="ptolemy.util.test.junit.AutoTests" name="[18] /home/travis/build/icyphy/ptII/ptolemy/domains/sdf/test/auto/NoisySinewave.xml (RunModel)" time="0.054" />
  <testcase classname="ptolemy.util.test.junit.AutoTests" name="[19] /home/travis/build/icyphy/ptII/ptolemy/domains/sdf/test/auto/Objects.xml (RunModel)" time="0.068" />
  <testcase classname="ptolemy.util.test.junit.AutoTests" name="[20] /home/travis/build/icyphy/ptII/ptolemy/domains/sdf/test/auto/OrthogonalCom.xml (RunModel)" time="0.037" />
  <testcase classname="ptolemy.util.test.junit.AutoTests" name="[21] /home/travis/build/icyphy/ptII/ptolemy/domains/sdf/test/auto/RijndaelEncryption.xml (RunModel)" time="0.525" />
  <testcase classname="ptolemy.util.test.junit.AutoTests" name="[22] /home/travis/build/icyphy/ptII/ptolemy/domains/sdf/test/auto/SDFEmptyIterations.xml (RunModel)" time="0.012" />
  <testcase classname="ptolemy.util.test.junit.AutoTests" name="[23] /home/travis/build/icyphy/ptII/ptolemy/domains/sdf/test/auto/Spectrum.xml (RunModel)" time="0.074" />
  <testcase classname="ptolemy.util.test.junit.AutoTests" name="[24] /home/travis/build/icyphy/ptII/ptolemy/domains/sdf/test/auto/de_inside_sdf.xml (RunModel)" time="0.02" />
  <testcase classname="ptolemy.util.test.junit.AutoTests" name="[25] /home/travis/build/icyphy/ptII/ptolemy/domains/sdf/test/auto/disconnectedHierarchicalSDF.xml (RunModel)" time="0.022" />
  <testcase classname="ptolemy.util.test.junit.AutoTests" name="[26] /home/travis/build/icyphy/ptII/ptolemy/domains/sdf/test/auto/disconnectedSDF.xml (RunModel)" time="0.024" />
  <testcase classname="ptolemy.util.test.junit.AutoTests" name="[27] /home/travis/build/icyphy/ptII/ptolemy/domains/sdf/test/auto/emptyRefinement.xml (RunModel)" time="0.025" />
  <testcase classname="ptolemy.util.test.junit.AutoTests" name="[28] /home/travis/build/icyphy/ptII/ptolemy/domains/sdf/test/auto/filePortParameter.xml (RunModel)" time="0.042" />
  <testcase classname="ptolemy.util.test.junit.AutoTests" name="[29] /home/travis/build/icyphy/ptII/ptolemy/domains/sdf/test/auto/inferRelationWidth1.xml (RunModel)" time="0.015" />
  <testcase classname="ptolemy.util.test.junit.AutoTests" name="[30] /home/travis/build/icyphy/ptII/ptolemy/domains/sdf/test/auto/initProductionInference.xml (RunModel)" time="0.024" />
  <testcase classname="ptolemy.util.test.junit.AutoTests" name="[31] /home/travis/build/icyphy/ptII/ptolemy/domains/sdf/test/auto/relationGroup.xml (RunModel)" time="0.015" />
  <testcase classname="ptolemy.util.test.junit.AutoTests" name="[32] /home/travis/build/icyphy/ptII/ptolemy/domains/sdf/test/auto/relationGroup10.xml (RunModel)" time="0.016" />
  <testcase classname="ptolemy.util.test.junit.AutoTests" name="[33] /home/travis/build/icyphy/ptII/ptolemy/domains/sdf/test/auto/relationGroup11.xml (RunModel)" time="0.017" />
  <testcase classname="ptolemy.util.test.junit.AutoTests" name="[34] /home/travis/build/icyphy/ptII/ptolemy/domains/sdf/test/auto/relationGroup12.xml (RunModel)" time="0.02" />
  <testcase classname="ptolemy.util.test.junit.AutoTests" name="[35] /home/travis/build/icyphy/ptII/ptolemy/domains/sdf/test/auto/relationGroup13.xml (RunModel)" time="0.02" />
  <testcase classname="ptolemy.util.test.junit.AutoTests" name="[36] /home/travis/build/icyphy/ptII/ptolemy/domains/sdf/test/auto/relationGroup14.xml (RunModel)" time="0.02" />
  <testcase classname="ptolemy.util.test.junit.AutoTests" name="[37] /home/travis/build/icyphy/ptII/ptolemy/domains/sdf/test/auto/relationGroup15.xml (RunModel)" time="0.013" />
  <testcase classname="ptolemy.util.test.junit.AutoTests" name="[38] /home/travis/build/icyphy/ptII/ptolemy/domains/sdf/test/auto/relationGroup2.xml (RunModel)" time="0.012" />
  <testcase classname="ptolemy.util.test.junit.AutoTests" name="[39] /home/travis/build/icyphy/ptII/ptolemy/domains/sdf/test/auto/relationGroup3.xml (RunModel)" time="0.011" />
  <testcase classname="ptolemy.util.test.junit.AutoTests" name="[40] /home/travis/build/icyphy/ptII/ptolemy/domains/sdf/test/auto/relationGroup4.xml (RunModel)" time="0.017" />
  <testcase classname="ptolemy.util.test.junit.AutoTests" name="[41] /home/travis/build/icyphy/ptII/ptolemy/domains/sdf/test/auto/relationGroup5.xml (RunModel)" time="0.014" />
  <testcase classname="ptolemy.util.test.junit.AutoTests" name="[42] /home/travis/build/icyphy/ptII/ptolemy/domains/sdf/test/auto/relationGroup6.xml (RunModel)" time="0.018" />
  <testcase classname="ptolemy.util.test.junit.AutoTests" name="[43] /home/travis/build/icyphy/ptII/ptolemy/domains/sdf/test/auto/relationGroup7.xml (RunModel)" time="0.012" />
  <testcase classname="ptolemy.util.test.junit.AutoTests" name="[44] /home/travis/build/icyphy/ptII/ptolemy/domains/sdf/test/auto/relationGroup8.xml (RunModel)" time="0.016" />
  <testcase classname="ptolemy.util.test.junit.AutoTests" name="[45] /home/travis/build/icyphy/ptII/ptolemy/domains/sdf/test/auto/relationGroup9.xml (RunModel)" time="0.013" />
  <testcase classname="ptolemy.util.test.junit.AutoTests" name="[46] /home/travis/build/icyphy/ptII/ptolemy/domains/sdf/test/auto/sdf_inside_de.xml (RunModel)" time="0.042" />
  <testcase classname="ptolemy.util.test.junit.AutoTests" name="[47] /home/travis/build/icyphy/ptII/ptolemy/domains/sdf/test/auto/sdf_inside_pn.xml (RunModel)" time="0.053" />
  <testcase classname="ptolemy.util.test.junit.AutoTests" name="[48] /home/travis/build/icyphy/ptII/ptolemy/domains/sdf/test/auto/sdf_sdf1.xml (RunModel)" time="0.016" />
  <testcase classname="ptolemy.util.test.junit.AutoTests" name="[49] /home/travis/build/icyphy/ptII/ptolemy/domains/sdf/test/auto/test1.xml (RunModel)" time="0.015" />
  <testcase classname="ptolemy.util.test.junit.AutoTests" name="[50] /home/travis/build/icyphy/ptII/ptolemy/domains/sdf/test/auto/time1.xml (RunModel)" time="0.008" />
  <testcase classname="ptolemy.util.test.junit.AutoTests" name="[51] /home/travis/build/icyphy/ptII/ptolemy/domains/sdf/test/auto/time2.xml (RunModel)" time="0.016" />
  <testcase classname="ptolemy.util.test.junit.AutoTests" name="[52] /home/travis/build/icyphy/ptII/ptolemy/domains/sdf/test/auto/time3.xml (RunModel)" time="0.032" />
  <testcase classname="ptolemy.util.test.junit.AutoTests" name="[53] /home/travis/build/icyphy/ptII/ptolemy/domains/sdf/test/auto/time4.xml (RunModel)" time="0.023" />
  <testcase classname="ptolemy.util.test.junit.AutoTests" name="[54] /home/travis/build/icyphy/ptII/ptolemy/domains/sdf/test/auto/time5.xml (RunModel)" time="4.009" />
  <testcase classname="ptolemy.util.test.junit.AutoTests" name="[55] /home/travis/build/icyphy/ptII/ptolemy/domains/sdf/test/auto/typeSystem_Const_Integer_smallest_Type.xml (RunModel)" time="0.028" />
  <testcase classname="ptolemy.util.test.junit.AutoTests" name="[56] /home/travis/build/icyphy/ptII/ptolemy/domains/sdf/test/auto/typeSystem_declared_Inports_OutportTypeException.xml (RunModel)" time="0.017" />
  <testcase classname="ptolemy.util.test.junit.AutoTests" name="[57] /home/travis/build/icyphy/ptII/ptolemy/domains/sdf/test/auto/typeSystem_oneDeclaredInportType_wrongTypeOutport.xml (RunModel)" time="0.018" />
  <testcase classname="ptolemy.util.test.junit.AutoTests" name="[58] /home/travis/build/icyphy/ptII/ptolemy/domains/sdf/test/auto/width.xml (RunModel)" time="0.014" />
  <testcase classname="ptolemy.util.test.junit.AutoTests" name="[59] /home/travis/build/icyphy/ptII/ptolemy/domains/sdf/test/auto/width2.xml (RunModel)" time="0.029" />
  <testcase classname="ptolemy.util.test.junit.AutoTests" name="[60] /home/travis/build/icyphy/ptII/ptolemy/domains/sdf/test/auto/width3.xml (RunModel)" time="0.03" />
  <system-out><![CDATA[/home/travis/build/icyphy/ptII/ptolemy/domains/sdf/test/SDFSchedulerErrors.tcl
testDefs.tcl: setting time out to 9000 seconds at Wed Jul 25 01:50:01 UTC 2018
20 ms. Memory: 116224K Free: 105517K (91%)
5 ms. Memory: 116224K Free: 98498K (85%)
4 ms. Memory: 116224K Free: 91503K (79%)
2 ms. Memory: 116224K Free: 88414K (76%)
/home/travis/build/icyphy/ptII/ptolemy/domains/sdf/test/composition.tcl
39 ms. Memory: 116224K Free: 84802K (73%)
6 ms. Memory: 116224K Free: 83006K (71%)
/home/travis/build/icyphy/ptII/ptolemy/domains/sdf/test/cycle.tcl
.Toplevel.Director Preinitializing ...
Invoking preinitialize():  .Toplevel.Actor1
Invoking preinitialize():  .Toplevel.Actor2
Invoking preinitialize():  .Toplevel.Delay
.Toplevel.Director Finished preinitialize().
### Schedule:
Execute Schedule{
Fire Actor ptolemy.domains.sdf.kernel.test.SDFTestDelay {.Toplevel.Actor1}
Fire Actor ptolemy.domains.sdf.kernel.test.SDFTestDelay {.Toplevel.Actor2}
Fire Actor ptolemy.domains.sdf.lib.SampleDelay {.Toplevel.Delay}
}
### End schedule
Called initialize().
Invoking initialize():  .Toplevel.Actor1
Initializing actor: .Toplevel.Actor1.
Invoking initialize():  .Toplevel.Actor2
Initializing actor: .Toplevel.Actor2.
Invoking initialize():  .Toplevel.Delay
Initializing actor: .Toplevel.Delay.
Director: Called prefire().
-- Setting current time to 0.0
Director prefire returns true.
The actor .Toplevel.Actor1 will be iterated.
The actor .Toplevel.Actor1 was iterated.
The actor .Toplevel.Actor2 will be iterated.
The actor .Toplevel.Actor2 was iterated.
The actor .Toplevel.Delay will be iterated.
The actor .Toplevel.Delay was iterated.
Director: Called postfire().
Postfire returns: true
Director: Called prefire().
-- Setting current time to 0.0
Director prefire returns true.
The actor .Toplevel.Actor1 will be iterated.
The actor .Toplevel.Actor1 was iterated.
The actor .Toplevel.Actor2 will be iterated.
The actor .Toplevel.Actor2 was iterated.
The actor .Toplevel.Delay will be iterated.
The actor .Toplevel.Delay was iterated.
Director: Called postfire().
Postfire returns: true
Director: Called prefire().
-- Setting current time to 0.0
Director prefire returns true.
The actor .Toplevel.Actor1 will be iterated.
The actor .Toplevel.Actor1 was iterated.
The actor .Toplevel.Actor2 will be iterated.
The actor .Toplevel.Actor2 was iterated.
The actor .Toplevel.Delay will be iterated.
The actor .Toplevel.Delay was iterated.
Director: Called postfire().
Postfire returns: true
Director: Called prefire().
-- Setting current time to 0.0
Director prefire returns true.
The actor .Toplevel.Actor1 will be iterated.
The actor .Toplevel.Actor1 was iterated.
The actor .Toplevel.Actor2 will be iterated.
The actor .Toplevel.Actor2 was iterated.
The actor .Toplevel.Delay will be iterated.
The actor .Toplevel.Delay was iterated.
Director: Called postfire().
Postfire returns: true
Director: Called prefire().
-- Setting current time to 0.0
Director prefire returns true.
The actor .Toplevel.Actor1 will be iterated.
The actor .Toplevel.Actor1 was iterated.
The actor .Toplevel.Actor2 will be iterated.
The actor .Toplevel.Actor2 was iterated.
The actor .Toplevel.Delay will be iterated.
The actor .Toplevel.Delay was iterated.
Director: Called postfire().
Postfire returns: true
Director: Called prefire().
-- Setting current time to 0.0
Director prefire returns true.
The actor .Toplevel.Actor1 will be iterated.
The actor .Toplevel.Actor1 was iterated.
The actor .Toplevel.Actor2 will be iterated.
The actor .Toplevel.Actor2 was iterated.
The actor .Toplevel.Delay will be iterated.
The actor .Toplevel.Delay was iterated.
Reached specified number of iterations: 6
Director: Called wrapup().
16 ms. Memory: 146944K Free: 141100K (96%)
07/25/18 01:50:02
Failed: 0  Total Tests: 8  ((Passed: 8, Newly Passed: 0)  Known Failed: 0) /home/travis/build/icyphy/ptII/ptolemy/domains/sdf/test
No auto/knownFailedTests/*.xml tests in /home/travis/build/icyphy/ptII/ptolemy/domains/sdf/test
No auto/linux-amd64/*.xml tests in /home/travis/build/icyphy/ptII/ptolemy/domains/sdf/test
AutoTests.java: About to close Vertx.
AutoTests.java: Vertx closed.

===========================================================================================
----------------- testing Wed Jul 25 01:50:02 UTC 2018 /home/travis/build/icyphy/ptII/ptolemy/domains/sdf/test/auto/Array.xml
----------------- Instantiating /home/travis/build/icyphy/ptII/ptolemy/domains/sdf/test/auto/Array.xml
25 ms. Memory: 146944K Free: 101227K (69%)
----------------- Invoking toplevel() on ptolemy.moml.MoMLSimpleApplication@7715a0f7
----------------- Done invoking toplevel() on ptolemy.moml.MoMLSimpleApplication@7715a0f7
reloadAllAccessors: .Array

===========================================================================================
----------------- testing Wed Jul 25 01:50:02 UTC 2018 /home/travis/build/icyphy/ptII/ptolemy/domains/sdf/test/auto/Butterfly.xml
----------------- Instantiating /home/travis/build/icyphy/ptII/ptolemy/domains/sdf/test/auto/Butterfly.xml
53 ms. Memory: 146944K Free: 95042K (65%)
----------------- Invoking toplevel() on ptolemy.moml.MoMLSimpleApplication@2d89d84b
----------------- Done invoking toplevel() on ptolemy.moml.MoMLSimpleApplication@2d89d84b
reloadAllAccessors: .Butterfly

===========================================================================================
----------------- testing Wed Jul 25 01:50:02 UTC 2018 /home/travis/build/icyphy/ptII/ptolemy/domains/sdf/test/auto/Expression.xml
----------------- Instantiating /home/travis/build/icyphy/ptII/ptolemy/domains/sdf/test/auto/Expression.xml
45 ms. Memory: 146944K Free: 88378K (60%)
----------------- Invoking toplevel() on ptolemy.moml.MoMLSimpleApplication@3b03d6bd
----------------- Done invoking toplevel() on ptolemy.moml.MoMLSimpleApplication@3b03d6bd
reloadAllAccessors: .Expression

===========================================================================================
----------------- testing Wed Jul 25 01:50:02 UTC 2018 /home/travis/build/icyphy/ptII/ptolemy/domains/sdf/test/auto/Eye.xml
----------------- Instantiating /home/travis/build/icyphy/ptII/ptolemy/domains/sdf/test/auto/Eye.xml
131 ms. Memory: 146944K Free: 120064K (82%)
----------------- Invoking toplevel() on ptolemy.moml.MoMLSimpleApplication@77502c2c
----------------- Done invoking toplevel() on ptolemy.moml.MoMLSimpleApplication@77502c2c
reloadAllAccessors: .Eye

===========================================================================================
----------------- testing Wed Jul 25 01:50:03 UTC 2018 /home/travis/build/icyphy/ptII/ptolemy/domains/sdf/test/auto/FixFIR.xml
----------------- Instantiating /home/travis/build/icyphy/ptII/ptolemy/domains/sdf/test/auto/FixFIR.xml
132 ms. Memory: 146944K Free: 83614K (57%)
----------------- Invoking toplevel() on ptolemy.moml.MoMLSimpleApplication@65ed3890
----------------- Done invoking toplevel() on ptolemy.moml.MoMLSimpleApplication@65ed3890
reloadAllAccessors: .FixFIR

===========================================================================================
----------------- testing Wed Jul 25 01:50:03 UTC 2018 /home/travis/build/icyphy/ptII/ptolemy/domains/sdf/test/auto/FixPoint.xml
----------------- Instantiating /home/travis/build/icyphy/ptII/ptolemy/domains/sdf/test/auto/FixPoint.xml
8 ms. Memory: 146944K Free: 79060K (54%)
----------------- Invoking toplevel() on ptolemy.moml.MoMLSimpleApplication@7744ceab
----------------- Done invoking toplevel() on ptolemy.moml.MoMLSimpleApplication@7744ceab
reloadAllAccessors: .FixPoint

===========================================================================================
----------------- testing Wed Jul 25 01:50:03 UTC 2018 /home/travis/build/icyphy/ptII/ptolemy/domains/sdf/test/auto/Gravitation.xml
----------------- Instantiating /home/travis/build/icyphy/ptII/ptolemy/domains/sdf/test/auto/Gravitation.xml
3136 ms. Memory: 208384K Free: 111309K (53%)
----------------- Invoking toplevel() on ptolemy.moml.MoMLSimpleApplication@666d83b6
----------------- Done invoking toplevel() on ptolemy.moml.MoMLSimpleApplication@666d83b6
reloadAllAccessors: .Gravitation

===========================================================================================
----------------- testing Wed Jul 25 01:50:06 UTC 2018 /home/travis/build/icyphy/ptII/ptolemy/domains/sdf/test/auto/GravitationWithCollisionDetection.xml
----------------- Instantiating /home/travis/build/icyphy/ptII/ptolemy/domains/sdf/test/auto/GravitationWithCollisionDetection.xml
5219 ms. Memory: 874496K Free: 354050K (40%)
----------------- Invoking toplevel() on ptolemy.moml.MoMLSimpleApplication@23249607
----------------- Done invoking toplevel() on ptolemy.moml.MoMLSimpleApplication@23249607
reloadAllAccessors: .GravitationWithCollisionDetection

===========================================================================================
----------------- testing Wed Jul 25 01:50:12 UTC 2018 /home/travis/build/icyphy/ptII/ptolemy/domains/sdf/test/auto/HDF.xml
----------------- Instantiating /home/travis/build/icyphy/ptII/ptolemy/domains/sdf/test/auto/HDF.xml
39 ms. Memory: 874496K Free: 321053K (37%)
----------------- Invoking toplevel() on ptolemy.moml.MoMLSimpleApplication@2cc56f24
----------------- Done invoking toplevel() on ptolemy.moml.MoMLSimpleApplication@2cc56f24
reloadAllAccessors: .HDF

===========================================================================================
----------------- testing Wed Jul 25 01:50:12 UTC 2018 /home/travis/build/icyphy/ptII/ptolemy/domains/sdf/test/auto/HDFwithTransientStates.xml
----------------- Instantiating /home/travis/build/icyphy/ptII/ptolemy/domains/sdf/test/auto/HDFwithTransientStates.xml
30 ms. Memory: 874496K Free: 297475K (34%)
----------------- Invoking toplevel() on ptolemy.moml.MoMLSimpleApplication@39d9e9ca
----------------- Done invoking toplevel() on ptolemy.moml.MoMLSimpleApplication@39d9e9ca
reloadAllAccessors: .HDFwithTransientStates

===========================================================================================
----------------- testing Wed Jul 25 01:50:12 UTC 2018 /home/travis/build/icyphy/ptII/ptolemy/domains/sdf/test/auto/HTVQ.xml
----------------- Instantiating /home/travis/build/icyphy/ptII/ptolemy/domains/sdf/test/auto/HTVQ.xml
736 ms. Memory: 874496K Free: 124571K (14%)
----------------- Invoking toplevel() on ptolemy.moml.MoMLSimpleApplication@2f7482be
----------------- Done invoking toplevel() on ptolemy.moml.MoMLSimpleApplication@2f7482be
reloadAllAccessors: .HTVQ

===========================================================================================
----------------- testing Wed Jul 25 01:50:13 UTC 2018 /home/travis/build/icyphy/ptII/ptolemy/domains/sdf/test/auto/InferInitProduction.xml
----------------- Instantiating /home/travis/build/icyphy/ptII/ptolemy/domains/sdf/test/auto/InferInitProduction.xml
3 ms. Memory: 874496K Free: 108852K (12%)
----------------- Invoking toplevel() on ptolemy.moml.MoMLSimpleApplication@6f65fbf3
----------------- Done invoking toplevel() on ptolemy.moml.MoMLSimpleApplication@6f65fbf3
reloadAllAccessors: .InferInitProduction

===========================================================================================
----------------- testing Wed Jul 25 01:50:13 UTC 2018 /home/travis/build/icyphy/ptII/ptolemy/domains/sdf/test/auto/InferInitProductionDeeper.xml
----------------- Instantiating /home/travis/build/icyphy/ptII/ptolemy/domains/sdf/test/auto/InferInitProductionDeeper.xml
4 ms. Memory: 874496K Free: 93134K (11%)
----------------- Invoking toplevel() on ptolemy.moml.MoMLSimpleApplication@22d2617d
----------------- Done invoking toplevel() on ptolemy.moml.MoMLSimpleApplication@22d2617d
reloadAllAccessors: .InferInitProductionDeeper

===========================================================================================
----------------- testing Wed Jul 25 01:50:13 UTC 2018 /home/travis/build/icyphy/ptII/ptolemy/domains/sdf/test/auto/LMSAdaptive.xml
----------------- Instantiating /home/travis/build/icyphy/ptII/ptolemy/domains/sdf/test/auto/LMSAdaptive.xml
12 ms. Memory: 874496K Free: 77416K (9%)
----------------- Invoking toplevel() on ptolemy.moml.MoMLSimpleApplication@7e52a9db
----------------- Done invoking toplevel() on ptolemy.moml.MoMLSimpleApplication@7e52a9db
reloadAllAccessors: .LMSAdaptive

===========================================================================================
----------------- testing Wed Jul 25 01:50:13 UTC 2018 /home/travis/build/icyphy/ptII/ptolemy/domains/sdf/test/auto/LogisticMap.xml
----------------- Instantiating /home/travis/build/icyphy/ptII/ptolemy/domains/sdf/test/auto/LogisticMap.xml
430 ms. Memory: 875008K Free: 853397K (98%)
----------------- Invoking toplevel() on ptolemy.moml.MoMLSimpleApplication@222860b7
----------------- Done invoking toplevel() on ptolemy.moml.MoMLSimpleApplication@222860b7
reloadAllAccessors: .LogisticMap

===========================================================================================
----------------- testing Wed Jul 25 01:50:13 UTC 2018 /home/travis/build/icyphy/ptII/ptolemy/domains/sdf/test/auto/MaximumEntropySpectrum.xml
----------------- Instantiating /home/travis/build/icyphy/ptII/ptolemy/domains/sdf/test/auto/MaximumEntropySpectrum.xml
65 ms. Memory: 875008K Free: 782023K (89%)
----------------- Invoking toplevel() on ptolemy.moml.MoMLSimpleApplication@69f2abc9
----------------- Done invoking toplevel() on ptolemy.moml.MoMLSimpleApplication@69f2abc9
reloadAllAccessors: .MaximumEntropySpectrum

===========================================================================================
----------------- testing Wed Jul 25 01:50:13 UTC 2018 /home/travis/build/icyphy/ptII/ptolemy/domains/sdf/test/auto/MultirateSDF.xml
----------------- Instantiating /home/travis/build/icyphy/ptII/ptolemy/domains/sdf/test/auto/MultirateSDF.xml
18 ms. Memory: 875008K Free: 761033K (87%)
----------------- Invoking toplevel() on ptolemy.moml.MoMLSimpleApplication@3b317a68
----------------- Done invoking toplevel() on ptolemy.moml.MoMLSimpleApplication@3b317a68
reloadAllAccessors: .MultirateSDF

===========================================================================================
----------------- testing Wed Jul 25 01:50:14 UTC 2018 /home/travis/build/icyphy/ptII/ptolemy/domains/sdf/test/auto/MultirateSDFwithTransientStates.xml
----------------- Instantiating /home/travis/build/icyphy/ptII/ptolemy/domains/sdf/test/auto/MultirateSDFwithTransientStates.xml
15 ms. Memory: 875008K Free: 734811K (84%)
----------------- Invoking toplevel() on ptolemy.moml.MoMLSimpleApplication@428b120d
----------------- Done invoking toplevel() on ptolemy.moml.MoMLSimpleApplication@428b120d
reloadAllAccessors: .MultirateSDFwithTransientStates

===========================================================================================
----------------- testing Wed Jul 25 01:50:14 UTC 2018 /home/travis/build/icyphy/ptII/ptolemy/domains/sdf/test/auto/NoisySinewave.xml
----------------- Instantiating /home/travis/build/icyphy/ptII/ptolemy/domains/sdf/test/auto/NoisySinewave.xml
12 ms. Memory: 875008K Free: 713853K (82%)
----------------- Invoking toplevel() on ptolemy.moml.MoMLSimpleApplication@62b49921
----------------- Done invoking toplevel() on ptolemy.moml.MoMLSimpleApplication@62b49921
reloadAllAccessors: .NoisySinewave

===========================================================================================
----------------- testing Wed Jul 25 01:50:14 UTC 2018 /home/travis/build/icyphy/ptII/ptolemy/domains/sdf/test/auto/Objects.xml
----------------- Instantiating /home/travis/build/icyphy/ptII/ptolemy/domains/sdf/test/auto/Objects.xml
3 ms. Memory: 875008K Free: 698119K (80%)
----------------- Invoking toplevel() on ptolemy.moml.MoMLSimpleApplication@24f57c34
----------------- Done invoking toplevel() on ptolemy.moml.MoMLSimpleApplication@24f57c34
reloadAllAccessors: .Objects

===========================================================================================
----------------- testing Wed Jul 25 01:50:14 UTC 2018 /home/travis/build/icyphy/ptII/ptolemy/domains/sdf/test/auto/OrthogonalCom.xml
----------------- Instantiating /home/travis/build/icyphy/ptII/ptolemy/domains/sdf/test/auto/OrthogonalCom.xml
5 ms. Memory: 875008K Free: 682384K (78%)
----------------- Invoking toplevel() on ptolemy.moml.MoMLSimpleApplication@2805f9e2
----------------- Done invoking toplevel() on ptolemy.moml.MoMLSimpleApplication@2805f9e2
reloadAllAccessors: .OrthogonalCom

===========================================================================================
----------------- testing Wed Jul 25 01:50:14 UTC 2018 /home/travis/build/icyphy/ptII/ptolemy/domains/sdf/test/auto/RijndaelEncryption.xml
----------------- Instantiating /home/travis/build/icyphy/ptII/ptolemy/domains/sdf/test/auto/RijndaelEncryption.xml
271 ms. Memory: 875008K Free: 519768K (59%)
----------------- Invoking toplevel() on ptolemy.moml.MoMLSimpleApplication@62aa63f5
----------------- Done invoking toplevel() on ptolemy.moml.MoMLSimpleApplication@62aa63f5
reloadAllAccessors: .RijndaelEncryption

===========================================================================================
----------------- testing Wed Jul 25 01:50:14 UTC 2018 /home/travis/build/icyphy/ptII/ptolemy/domains/sdf/test/auto/SDFEmptyIterations.xml
----------------- Instantiating /home/travis/build/icyphy/ptII/ptolemy/domains/sdf/test/auto/SDFEmptyIterations.xml
5 ms. Memory: 875008K Free: 509289K (58%)
----------------- Invoking toplevel() on ptolemy.moml.MoMLSimpleApplication@2a1aa5ec
----------------- Done invoking toplevel() on ptolemy.moml.MoMLSimpleApplication@2a1aa5ec
reloadAllAccessors: .SDFEmptyIterations

===========================================================================================
----------------- testing Wed Jul 25 01:50:14 UTC 2018 /home/travis/build/icyphy/ptII/ptolemy/domains/sdf/test/auto/Spectrum.xml
----------------- Instantiating /home/travis/build/icyphy/ptII/ptolemy/domains/sdf/test/auto/Spectrum.xml
36 ms. Memory: 875008K Free: 488331K (56%)
----------------- Invoking toplevel() on ptolemy.moml.MoMLSimpleApplication@31e35e84
----------------- Done invoking toplevel() on ptolemy.moml.MoMLSimpleApplication@31e35e84
reloadAllAccessors: .Spectrum

===========================================================================================
----------------- testing Wed Jul 25 01:50:14 UTC 2018 /home/travis/build/icyphy/ptII/ptolemy/domains/sdf/test/auto/de_inside_sdf.xml
----------------- Instantiating /home/travis/build/icyphy/ptII/ptolemy/domains/sdf/test/auto/de_inside_sdf.xml
6 ms. Memory: 875008K Free: 474711K (54%)
----------------- Invoking toplevel() on ptolemy.moml.MoMLSimpleApplication@2b32bb98
----------------- Done invoking toplevel() on ptolemy.moml.MoMLSimpleApplication@2b32bb98
reloadAllAccessors: .de_inside_sdf

===========================================================================================
----------------- testing Wed Jul 25 01:50:14 UTC 2018 /home/travis/build/icyphy/ptII/ptolemy/domains/sdf/test/auto/disconnectedHierarchicalSDF.xml
----------------- Instantiating /home/travis/build/icyphy/ptII/ptolemy/domains/sdf/test/auto/disconnectedHierarchicalSDF.xml
5 ms. Memory: 875008K Free: 464232K (53%)
----------------- Invoking toplevel() on ptolemy.moml.MoMLSimpleApplication@6a61ee75
----------------- Done invoking toplevel() on ptolemy.moml.MoMLSimpleApplication@6a61ee75
reloadAllAccessors: .disconnectedHierarchicalSDF

===========================================================================================
----------------- testing Wed Jul 25 01:50:14 UTC 2018 /home/travis/build/icyphy/ptII/ptolemy/domains/sdf/test/auto/disconnectedSDF.xml
----------------- Instantiating /home/travis/build/icyphy/ptII/ptolemy/domains/sdf/test/auto/disconnectedSDF.xml
4 ms. Memory: 875008K Free: 453753K (52%)
----------------- Invoking toplevel() on ptolemy.moml.MoMLSimpleApplication@6eaf65ea
----------------- Done invoking toplevel() on ptolemy.moml.MoMLSimpleApplication@6eaf65ea
reloadAllAccessors: .disconnectedSDF

===========================================================================================
----------------- testing Wed Jul 25 01:50:14 UTC 2018 /home/travis/build/icyphy/ptII/ptolemy/domains/sdf/test/auto/emptyRefinement.xml
----------------- Instantiating /home/travis/build/icyphy/ptII/ptolemy/domains/sdf/test/auto/emptyRefinement.xml
6 ms. Memory: 875008K Free: 443274K (51%)
----------------- Invoking toplevel() on ptolemy.moml.MoMLSimpleApplication@49374e53
----------------- Done invoking toplevel() on ptolemy.moml.MoMLSimpleApplication@49374e53
reloadAllAccessors: .emptyRefinement

===========================================================================================
----------------- testing Wed Jul 25 01:50:14 UTC 2018 /home/travis/build/icyphy/ptII/ptolemy/domains/sdf/test/auto/filePortParameter.xml
----------------- Instantiating /home/travis/build/icyphy/ptII/ptolemy/domains/sdf/test/auto/filePortParameter.xml
10 ms. Memory: 875008K Free: 427539K (49%)
----------------- Invoking toplevel() on ptolemy.moml.MoMLSimpleApplication@19c2be93
----------------- Done invoking toplevel() on ptolemy.moml.MoMLSimpleApplication@19c2be93
reloadAllAccessors: .filePortParameter

===========================================================================================
----------------- testing Wed Jul 25 01:50:15 UTC 2018 /home/travis/build/icyphy/ptII/ptolemy/domains/sdf/test/auto/inferRelationWidth1.xml
----------------- Instantiating /home/travis/build/icyphy/ptII/ptolemy/domains/sdf/test/auto/inferRelationWidth1.xml
3 ms. Memory: 875008K Free: 417060K (48%)
----------------- Invoking toplevel() on ptolemy.moml.MoMLSimpleApplication@2d50649f
----------------- Done invoking toplevel() on ptolemy.moml.MoMLSimpleApplication@2d50649f
reloadAllAccessors: .inferRelationWidth1

===========================================================================================
----------------- testing Wed Jul 25 01:50:15 UTC 2018 /home/travis/build/icyphy/ptII/ptolemy/domains/sdf/test/auto/initProductionInference.xml
----------------- Instantiating /home/travis/build/icyphy/ptII/ptolemy/domains/sdf/test/auto/initProductionInference.xml
7 ms. Memory: 875008K Free: 406581K (46%)
----------------- Invoking toplevel() on ptolemy.moml.MoMLSimpleApplication@3aa9ed95
----------------- Done invoking toplevel() on ptolemy.moml.MoMLSimpleApplication@3aa9ed95
reloadAllAccessors: .initProductionInference

===========================================================================================
----------------- testing Wed Jul 25 01:50:15 UTC 2018 /home/travis/build/icyphy/ptII/ptolemy/domains/sdf/test/auto/relationGroup.xml
----------------- Instantiating /home/travis/build/icyphy/ptII/ptolemy/domains/sdf/test/auto/relationGroup.xml
3 ms. Memory: 875008K Free: 396102K (45%)
----------------- Invoking toplevel() on ptolemy.moml.MoMLSimpleApplication@5f36ed2
----------------- Done invoking toplevel() on ptolemy.moml.MoMLSimpleApplication@5f36ed2
reloadAllAccessors: .relationGroup

===========================================================================================
----------------- testing Wed Jul 25 01:50:15 UTC 2018 /home/travis/build/icyphy/ptII/ptolemy/domains/sdf/test/auto/relationGroup10.xml
----------------- Instantiating /home/travis/build/icyphy/ptII/ptolemy/domains/sdf/test/auto/relationGroup10.xml
3 ms. Memory: 875008K Free: 385623K (44%)
----------------- Invoking toplevel() on ptolemy.moml.MoMLSimpleApplication@6c188de0
----------------- Done invoking toplevel() on ptolemy.moml.MoMLSimpleApplication@6c188de0
reloadAllAccessors: .relationGroup10

===========================================================================================
----------------- testing Wed Jul 25 01:50:15 UTC 2018 /home/travis/build/icyphy/ptII/ptolemy/domains/sdf/test/auto/relationGroup11.xml
----------------- Instantiating /home/travis/build/icyphy/ptII/ptolemy/domains/sdf/test/auto/relationGroup11.xml
3 ms. Memory: 875008K Free: 372003K (43%)
----------------- Invoking toplevel() on ptolemy.moml.MoMLSimpleApplication@487b507b
----------------- Done invoking toplevel() on ptolemy.moml.MoMLSimpleApplication@487b507b
reloadAllAccessors: .relationGroup11

===========================================================================================
----------------- testing Wed Jul 25 01:50:15 UTC 2018 /home/travis/build/icyphy/ptII/ptolemy/domains/sdf/test/auto/relationGroup12.xml
----------------- Instantiating /home/travis/build/icyphy/ptII/ptolemy/domains/sdf/test/auto/relationGroup12.xml
3 ms. Memory: 875008K Free: 361524K (41%)
----------------- Invoking toplevel() on ptolemy.moml.MoMLSimpleApplication@47344b5
----------------- Done invoking toplevel() on ptolemy.moml.MoMLSimpleApplication@47344b5
reloadAllAccessors: .relationGroup12

===========================================================================================
----------------- testing Wed Jul 25 01:50:15 UTC 2018 /home/travis/build/icyphy/ptII/ptolemy/domains/sdf/test/auto/relationGroup13.xml
----------------- Instantiating /home/travis/build/icyphy/ptII/ptolemy/domains/sdf/test/auto/relationGroup13.xml
6 ms. Memory: 875008K Free: 351045K (40%)
----------------- Invoking toplevel() on ptolemy.moml.MoMLSimpleApplication@16315f6
----------------- Done invoking toplevel() on ptolemy.moml.MoMLSimpleApplication@16315f6
reloadAllAccessors: .relationGroup13

===========================================================================================
----------------- testing Wed Jul 25 01:50:15 UTC 2018 /home/travis/build/icyphy/ptII/ptolemy/domains/sdf/test/auto/relationGroup14.xml
----------------- Instantiating /home/travis/build/icyphy/ptII/ptolemy/domains/sdf/test/auto/relationGroup14.xml
4 ms. Memory: 875008K Free: 340566K (39%)
----------------- Invoking toplevel() on ptolemy.moml.MoMLSimpleApplication@7dcb1595
----------------- Done invoking toplevel() on ptolemy.moml.MoMLSimpleApplication@7dcb1595
reloadAllAccessors: .relationGroup14

===========================================================================================
----------------- testing Wed Jul 25 01:50:15 UTC 2018 /home/travis/build/icyphy/ptII/ptolemy/domains/sdf/test/auto/relationGroup15.xml
----------------- Instantiating /home/travis/build/icyphy/ptII/ptolemy/domains/sdf/test/auto/relationGroup15.xml
2 ms. Memory: 875008K Free: 330087K (38%)
----------------- Invoking toplevel() on ptolemy.moml.MoMLSimpleApplication@5128e9f9
----------------- Done invoking toplevel() on ptolemy.moml.MoMLSimpleApplication@5128e9f9
reloadAllAccessors: .relationGroup15

===========================================================================================
----------------- testing Wed Jul 25 01:50:15 UTC 2018 /home/travis/build/icyphy/ptII/ptolemy/domains/sdf/test/auto/relationGroup2.xml
----------------- Instantiating /home/travis/build/icyphy/ptII/ptolemy/domains/sdf/test/auto/relationGroup2.xml
1 ms. Memory: 875008K Free: 319608K (37%)
----------------- Invoking toplevel() on ptolemy.moml.MoMLSimpleApplication@4dad79fb
----------------- Done invoking toplevel() on ptolemy.moml.MoMLSimpleApplication@4dad79fb
reloadAllAccessors: .relationGroup2

===========================================================================================
----------------- testing Wed Jul 25 01:50:15 UTC 2018 /home/travis/build/icyphy/ptII/ptolemy/domains/sdf/test/auto/relationGroup3.xml
----------------- Instantiating /home/travis/build/icyphy/ptII/ptolemy/domains/sdf/test/auto/relationGroup3.xml
1 ms. Memory: 875008K Free: 309129K (35%)
----------------- Invoking toplevel() on ptolemy.moml.MoMLSimpleApplication@f85dd66
----------------- Done invoking toplevel() on ptolemy.moml.MoMLSimpleApplication@f85dd66
reloadAllAccessors: .relationGroup3

===========================================================================================
----------------- testing Wed Jul 25 01:50:15 UTC 2018 /home/travis/build/icyphy/ptII/ptolemy/domains/sdf/test/auto/relationGroup4.xml
----------------- Instantiating /home/travis/build/icyphy/ptII/ptolemy/domains/sdf/test/auto/relationGroup4.xml
3 ms. Memory: 875008K Free: 298650K (34%)
----------------- Invoking toplevel() on ptolemy.moml.MoMLSimpleApplication@285c1ffe
----------------- Done invoking toplevel() on ptolemy.moml.MoMLSimpleApplication@285c1ffe
reloadAllAccessors: .relationGroup4

===========================================================================================
----------------- testing Wed Jul 25 01:50:15 UTC 2018 /home/travis/build/icyphy/ptII/ptolemy/domains/sdf/test/auto/relationGroup5.xml
----------------- Instantiating /home/travis/build/icyphy/ptII/ptolemy/domains/sdf/test/auto/relationGroup5.xml
2 ms. Memory: 875008K Free: 288172K (33%)
----------------- Invoking toplevel() on ptolemy.moml.MoMLSimpleApplication@67327a3f
----------------- Done invoking toplevel() on ptolemy.moml.MoMLSimpleApplication@67327a3f
reloadAllAccessors: .relationGroup5

===========================================================================================
----------------- testing Wed Jul 25 01:50:15 UTC 2018 /home/travis/build/icyphy/ptII/ptolemy/domains/sdf/test/auto/relationGroup6.xml
----------------- Instantiating /home/travis/build/icyphy/ptII/ptolemy/domains/sdf/test/auto/relationGroup6.xml
4 ms. Memory: 875008K Free: 274551K (31%)
----------------- Invoking toplevel() on ptolemy.moml.MoMLSimpleApplication@4eeb9476
----------------- Done invoking toplevel() on ptolemy.moml.MoMLSimpleApplication@4eeb9476
reloadAllAccessors: .relationGroup6

===========================================================================================
----------------- testing Wed Jul 25 01:50:15 UTC 2018 /home/travis/build/icyphy/ptII/ptolemy/domains/sdf/test/auto/relationGroup7.xml
----------------- Instantiating /home/travis/build/icyphy/ptII/ptolemy/domains/sdf/test/auto/relationGroup7.xml
4 ms. Memory: 875008K Free: 264072K (30%)
----------------- Invoking toplevel() on ptolemy.moml.MoMLSimpleApplication@49766e2a
----------------- Done invoking toplevel() on ptolemy.moml.MoMLSimpleApplication@49766e2a
reloadAllAccessors: .relationGroup7

===========================================================================================
----------------- testing Wed Jul 25 01:50:15 UTC 2018 /home/travis/build/icyphy/ptII/ptolemy/domains/sdf/test/auto/relationGroup8.xml
----------------- Instantiating /home/travis/build/icyphy/ptII/ptolemy/domains/sdf/test/auto/relationGroup8.xml
2 ms. Memory: 875008K Free: 253593K (29%)
----------------- Invoking toplevel() on ptolemy.moml.MoMLSimpleApplication@8c96800
----------------- Done invoking toplevel() on ptolemy.moml.MoMLSimpleApplication@8c96800
reloadAllAccessors: .relationGroup8

===========================================================================================
----------------- testing Wed Jul 25 01:50:15 UTC 2018 /home/travis/build/icyphy/ptII/ptolemy/domains/sdf/test/auto/relationGroup9.xml
----------------- Instantiating /home/travis/build/icyphy/ptII/ptolemy/domains/sdf/test/auto/relationGroup9.xml
2 ms. Memory: 875008K Free: 243114K (28%)
----------------- Invoking toplevel() on ptolemy.moml.MoMLSimpleApplication@7866066
----------------- Done invoking toplevel() on ptolemy.moml.MoMLSimpleApplication@7866066
reloadAllAccessors: .relationGroup9

===========================================================================================
----------------- testing Wed Jul 25 01:50:15 UTC 2018 /home/travis/build/icyphy/ptII/ptolemy/domains/sdf/test/auto/sdf_inside_de.xml
----------------- Instantiating /home/travis/build/icyphy/ptII/ptolemy/domains/sdf/test/auto/sdf_inside_de.xml
7 ms. Memory: 875008K Free: 227380K (26%)
----------------- Invoking toplevel() on ptolemy.moml.MoMLSimpleApplication@76cb5a05
----------------- Done invoking toplevel() on ptolemy.moml.MoMLSimpleApplication@76cb5a05
reloadAllAccessors: .sdf_inside_de

===========================================================================================
----------------- testing Wed Jul 25 01:50:15 UTC 2018 /home/travis/build/icyphy/ptII/ptolemy/domains/sdf/test/auto/sdf_inside_pn.xml
----------------- Instantiating /home/travis/build/icyphy/ptII/ptolemy/domains/sdf/test/auto/sdf_inside_pn.xml
33 ms. Memory: 875008K Free: 185448K (21%)
----------------- Invoking toplevel() on ptolemy.moml.MoMLSimpleApplication@18fcf751
----------------- Done invoking toplevel() on ptolemy.moml.MoMLSimpleApplication@18fcf751
reloadAllAccessors: .sdf_inside_pn

===========================================================================================
----------------- testing Wed Jul 25 01:50:15 UTC 2018 /home/travis/build/icyphy/ptII/ptolemy/domains/sdf/test/auto/sdf_sdf1.xml
----------------- Instantiating /home/travis/build/icyphy/ptII/ptolemy/domains/sdf/test/auto/sdf_sdf1.xml
3 ms. Memory: 875008K Free: 174969K (20%)
----------------- Invoking toplevel() on ptolemy.moml.MoMLSimpleApplication@2d71d86
----------------- Done invoking toplevel() on ptolemy.moml.MoMLSimpleApplication@2d71d86
reloadAllAccessors: .sdf_sdf1

===========================================================================================
----------------- testing Wed Jul 25 01:50:15 UTC 2018 /home/travis/build/icyphy/ptII/ptolemy/domains/sdf/test/auto/test1.xml
----------------- Instantiating /home/travis/build/icyphy/ptII/ptolemy/domains/sdf/test/auto/test1.xml
2 ms. Memory: 875008K Free: 164490K (19%)
----------------- Invoking toplevel() on ptolemy.moml.MoMLSimpleApplication@23b4f46c
----------------- Done invoking toplevel() on ptolemy.moml.MoMLSimpleApplication@23b4f46c
reloadAllAccessors: .test1

===========================================================================================
----------------- testing Wed Jul 25 01:50:15 UTC 2018 /home/travis/build/icyphy/ptII/ptolemy/domains/sdf/test/auto/time1.xml
----------------- Instantiating /home/travis/build/icyphy/ptII/ptolemy/domains/sdf/test/auto/time1.xml
1 ms. Memory: 875008K Free: 154011K (18%)
----------------- Invoking toplevel() on ptolemy.moml.MoMLSimpleApplication@202d5aed
----------------- Done invoking toplevel() on ptolemy.moml.MoMLSimpleApplication@202d5aed
reloadAllAccessors: .time1

===========================================================================================
----------------- testing Wed Jul 25 01:50:15 UTC 2018 /home/travis/build/icyphy/ptII/ptolemy/domains/sdf/test/auto/time2.xml
----------------- Instantiating /home/travis/build/icyphy/ptII/ptolemy/domains/sdf/test/auto/time2.xml
6 ms. Memory: 875008K Free: 140391K (16%)
----------------- Invoking toplevel() on ptolemy.moml.MoMLSimpleApplication@70223f15
----------------- Done invoking toplevel() on ptolemy.moml.MoMLSimpleApplication@70223f15
reloadAllAccessors: .time2

===========================================================================================
----------------- testing Wed Jul 25 01:50:15 UTC 2018 /home/travis/build/icyphy/ptII/ptolemy/domains/sdf/test/auto/time3.xml
----------------- Instantiating /home/travis/build/icyphy/ptII/ptolemy/domains/sdf/test/auto/time3.xml
8 ms. Memory: 875008K Free: 129912K (15%)
----------------- Invoking toplevel() on ptolemy.moml.MoMLSimpleApplication@2fcd8f7
----------------- Done invoking toplevel() on ptolemy.moml.MoMLSimpleApplication@2fcd8f7
reloadAllAccessors: .time3

===========================================================================================
----------------- testing Wed Jul 25 01:50:15 UTC 2018 /home/travis/build/icyphy/ptII/ptolemy/domains/sdf/test/auto/time4.xml
----------------- Instantiating /home/travis/build/icyphy/ptII/ptolemy/domains/sdf/test/auto/time4.xml
6 ms. Memory: 875008K Free: 119433K (14%)
----------------- Invoking toplevel() on ptolemy.moml.MoMLSimpleApplication@4438a47a
----------------- Done invoking toplevel() on ptolemy.moml.MoMLSimpleApplication@4438a47a
reloadAllAccessors: .time4

===========================================================================================
----------------- testing Wed Jul 25 01:50:15 UTC 2018 /home/travis/build/icyphy/ptII/ptolemy/domains/sdf/test/auto/time5.xml
----------------- Instantiating /home/travis/build/icyphy/ptII/ptolemy/domains/sdf/test/auto/time5.xml
4001 ms. Memory: 875008K Free: 108954K (12%)
----------------- Invoking toplevel() on ptolemy.moml.MoMLSimpleApplication@31f3466a
----------------- Done invoking toplevel() on ptolemy.moml.MoMLSimpleApplication@31f3466a
reloadAllAccessors: .time5

===========================================================================================
----------------- testing Wed Jul 25 01:50:19 UTC 2018 /home/travis/build/icyphy/ptII/ptolemy/domains/sdf/test/auto/typeSystem_Const_Integer_smallest_Type.xml
----------------- Instantiating /home/travis/build/icyphy/ptII/ptolemy/domains/sdf/test/auto/typeSystem_Const_Integer_smallest_Type.xml
5 ms. Memory: 875008K Free: 98475K (11%)
----------------- Invoking toplevel() on ptolemy.moml.MoMLSimpleApplication@57998b6d
----------------- Done invoking toplevel() on ptolemy.moml.MoMLSimpleApplication@57998b6d
reloadAllAccessors: .typeSystem_Const_Integer_smallest_Type

===========================================================================================
----------------- testing Wed Jul 25 01:50:19 UTC 2018 /home/travis/build/icyphy/ptII/ptolemy/domains/sdf/test/auto/typeSystem_declared_Inports_OutportTypeException.xml
----------------- Instantiating /home/travis/build/icyphy/ptII/ptolemy/domains/sdf/test/auto/typeSystem_declared_Inports_OutportTypeException.xml
.typeSystem_declared_Inports_OutportTypeException.TestExceptionAttribute: initialize() was not invoked, but wrapup() was.  This is unusual, but not always a problem.  For example, exporting JNLP will do this.
2 ms. Memory: 875008K Free: 87996K (10%)
----------------- Invoking toplevel() on ptolemy.moml.MoMLSimpleApplication@59a73d83
----------------- Done invoking toplevel() on ptolemy.moml.MoMLSimpleApplication@59a73d83
reloadAllAccessors: .typeSystem_declared_Inports_OutportTypeException

===========================================================================================
----------------- testing Wed Jul 25 01:50:19 UTC 2018 /home/travis/build/icyphy/ptII/ptolemy/domains/sdf/test/auto/typeSystem_oneDeclaredInportType_wrongTypeOutport.xml
----------------- Instantiating /home/travis/build/icyphy/ptII/ptolemy/domains/sdf/test/auto/typeSystem_oneDeclaredInportType_wrongTypeOutport.xml
7 ms. Memory: 875008K Free: 77517K (9%)
----------------- Invoking toplevel() on ptolemy.moml.MoMLSimpleApplication@6ac67f83
----------------- Done invoking toplevel() on ptolemy.moml.MoMLSimpleApplication@6ac67f83
reloadAllAccessors: .typeSystem_oneDeclaredInportType_wrongTypeOutport

===========================================================================================
----------------- testing Wed Jul 25 01:50:19 UTC 2018 /home/travis/build/icyphy/ptII/ptolemy/domains/sdf/test/auto/width.xml
----------------- Instantiating /home/travis/build/icyphy/ptII/ptolemy/domains/sdf/test/auto/width.xml
2 ms. Memory: 830976K Free: 810446K (98%)
----------------- Invoking toplevel() on ptolemy.moml.MoMLSimpleApplication@15ab3585
----------------- Done invoking toplevel() on ptolemy.moml.MoMLSimpleApplication@15ab3585
reloadAllAccessors: .width

===========================================================================================
----------------- testing Wed Jul 25 01:50:19 UTC 2018 /home/travis/build/icyphy/ptII/ptolemy/domains/sdf/test/auto/width2.xml
----------------- Instantiating /home/travis/build/icyphy/ptII/ptolemy/domains/sdf/test/auto/width2.xml
23 ms. Memory: 830976K Free: 798422K (96%)
----------------- Invoking toplevel() on ptolemy.moml.MoMLSimpleApplication@67121296
----------------- Done invoking toplevel() on ptolemy.moml.MoMLSimpleApplication@67121296
reloadAllAccessors: .width2

===========================================================================================
----------------- testing Wed Jul 25 01:50:19 UTC 2018 /home/travis/build/icyphy/ptII/ptolemy/domains/sdf/test/auto/width3.xml
----------------- Instantiating /home/travis/build/icyphy/ptII/ptolemy/domains/sdf/test/auto/width3.xml
21 ms. Memory: 830976K Free: 788286K (95%)
----------------- Invoking toplevel() on ptolemy.moml.MoMLSimpleApplication@20856cb5
----------------- Done invoking toplevel() on ptolemy.moml.MoMLSimpleApplication@20856cb5
reloadAllAccessors: .width3
AutoTests.java: About to close Vertx.
AutoTests.java: Vertx closed.
]]></system-out>
  <system-err><![CDATA[java.lang.RuntimeException: Execution failed
	at ptolemy.moml.MoMLSimpleApplication$UnloadThread.run(MoMLSimpleApplication.java:402)
Caused by: ptolemy.actor.sched.NotSchedulableException: No solution exists for the balance equations.
Graph is not consistent under the SDF domain detected on external port .rateConsistency.actor.port2
  in .rateConsistency.SDF Director.Scheduler
	at ptolemy.domains.sdf.kernel.SDFScheduler._propagatePort(SDFScheduler.java:1425)
	at ptolemy.domains.sdf.kernel.SDFScheduler._solveBalanceEquations(SDFScheduler.java:710)
	at ptolemy.domains.sdf.kernel.SDFScheduler._getSchedule(SDFScheduler.java:566)
	at ptolemy.actor.sched.Scheduler.getSchedule(Scheduler.java:189)
	at ptolemy.domains.sdf.kernel.SDFDirector.createSchedule(SDFDirector.java:408)
	at ptolemy.domains.sdf.kernel.SDFDirector.preinitialize(SDFDirector.java:764)
	at ptolemy.actor.CompositeActor.preinitialize(CompositeActor.java:1828)
	at ptolemy.actor.Manager.preinitializeAndResolveTypes(Manager.java:1040)
	at ptolemy.actor.Manager.initialize(Manager.java:710)
	at ptolemy.actor.Manager.execute(Manager.java:356)
	at ptolemy.actor.Manager.run(Manager.java:1263)
	at ptolemy.actor.Manager$PtolemyRunThread.run(Manager.java:1915)
java.lang.RuntimeException: Execution failed
	at ptolemy.moml.MoMLSimpleApplication$UnloadThread.run(MoMLSimpleApplication.java:402)
Caused by: ptolemy.kernel.util.IllegalActionException: Failed to compute schedule:
  in .badRateChanges.typed composite actor.SDF Director
Because:
The SDF rate parameter may change. This is not allowed in SDF models that will be run through the code generator.  If you don't care about code generation, then you might consider setting the allowRateChanges parameter of the SDF director to false.
  in .badRateChanges.typed composite actor.Repeat.output.tokenProductionRate
	at ptolemy.domains.sdf.kernel.SDFDirector.createSchedule(SDFDirector.java:418)
	at ptolemy.domains.sdf.kernel.SDFDirector.preinitialize(SDFDirector.java:764)
	at ptolemy.actor.CompositeActor.preinitialize(CompositeActor.java:1828)
	at ptolemy.actor.Director.preinitialize(Director.java:1302)
	at ptolemy.actor.Director.preinitialize(Director.java:1257)
	at ptolemy.domains.sdf.kernel.SDFDirector.preinitialize(SDFDirector.java:763)
	at ptolemy.actor.CompositeActor.preinitialize(CompositeActor.java:1828)
	at ptolemy.actor.Manager.preinitializeAndResolveTypes(Manager.java:1040)
	at ptolemy.actor.Manager.initialize(Manager.java:710)
	at ptolemy.actor.Manager.execute(Manager.java:356)
	at ptolemy.actor.Manager.run(Manager.java:1263)
	at ptolemy.actor.Manager$PtolemyRunThread.run(Manager.java:1915)
Caused by: ptolemy.kernel.util.IllegalActionException: The SDF rate parameter may change. This is not allowed in SDF models that will be run through the code generator.  If you don't care about code generation, then you might consider setting the allowRateChanges parameter of the SDF director to false.
  in .badRateChanges.typed composite actor.Repeat.output.tokenProductionRate
	at ptolemy.domains.sdf.kernel.SDFScheduler._assertDynamicRateVariable(SDFScheduler.java:931)
	at ptolemy.domains.sdf.kernel.SDFScheduler._checkDynamicRateVariables(SDFScheduler.java:339)
	at ptolemy.domains.sdf.kernel.SDFScheduler._getSchedule(SDFScheduler.java:527)
	at ptolemy.actor.sched.Scheduler.getSchedule(Scheduler.java:189)
	at ptolemy.domains.sdf.kernel.SDFDirector.createSchedule(SDFDirector.java:408)
	... 11 more
java.lang.RuntimeException: Execution failed
	at ptolemy.moml.MoMLSimpleApplication$UnloadThread.run(MoMLSimpleApplication.java:402)
Caused by: ptolemy.kernel.util.IllegalActionException: Failed to compute schedule:
  in .badRateChanges2.typed composite actor.SDF Director
Because:
The SDF rate parameter may change. This is not allowed in SDF models that will be run through the code generator.  If you don't care about code generation, then you might consider setting the allowRateChanges parameter of the SDF director to false.
  in .badRateChanges2.typed composite actor.Repeat.output.tokenProductionRate
	at ptolemy.domains.sdf.kernel.SDFDirector.createSchedule(SDFDirector.java:418)
	at ptolemy.domains.sdf.kernel.SDFDirector.preinitialize(SDFDirector.java:764)
	at ptolemy.actor.CompositeActor.preinitialize(CompositeActor.java:1828)
	at ptolemy.actor.Director.preinitialize(Director.java:1302)
	at ptolemy.actor.Director.preinitialize(Director.java:1257)
	at ptolemy.domains.sdf.kernel.SDFDirector.preinitialize(SDFDirector.java:763)
	at ptolemy.actor.CompositeActor.preinitialize(CompositeActor.java:1828)
	at ptolemy.actor.Manager.preinitializeAndResolveTypes(Manager.java:1040)
	at ptolemy.actor.Manager.initialize(Manager.java:710)
	at ptolemy.actor.Manager.execute(Manager.java:356)
	at ptolemy.actor.Manager.run(Manager.java:1263)
	at ptolemy.actor.Manager$PtolemyRunThread.run(Manager.java:1915)
Caused by: ptolemy.kernel.util.IllegalActionException: The SDF rate parameter may change. This is not allowed in SDF models that will be run through the code generator.  If you don't care about code generation, then you might consider setting the allowRateChanges parameter of the SDF director to false.
  in .badRateChanges2.typed composite actor.Repeat.output.tokenProductionRate
	at ptolemy.domains.sdf.kernel.SDFScheduler._assertDynamicRateVariable(SDFScheduler.java:931)
	at ptolemy.domains.sdf.kernel.SDFScheduler._checkDynamicRateVariables(SDFScheduler.java:339)
	at ptolemy.domains.sdf.kernel.SDFScheduler._getSchedule(SDFScheduler.java:527)
	at ptolemy.actor.sched.Scheduler.getSchedule(Scheduler.java:189)
	at ptolemy.domains.sdf.kernel.SDFDirector.createSchedule(SDFDirector.java:408)
	... 11 more
java.lang.RuntimeException: Execution failed
	at ptolemy.moml.MoMLSimpleApplication$UnloadThread.run(MoMLSimpleApplication.java:402)
Caused by: ptolemy.actor.sched.NotSchedulableException: Actors remain that cannot be scheduled!

There are several possible reasons:
* SDF Graphs with feedback loops should have an actor with a delay in the loop, such as a SampleDelay.
* The SDF director has an "allowDisconnectedGraphs"parameter, which, when true, permits disconnected SDF graphs.
* The token consumption rate and production rates might be mismatched.
Usually, actors produce one token or consume one token on a port.  To produce or consume multiple tokens per firing, add a "tokenConsumptionRate" or "tokenProductionRate" parameter to the appropriate port.
Unscheduled actors:
.partiallyConnected.Const2 
Scheduled actors:
.partiallyConnected.Const 
  in .partiallyConnected.SDF Director.Scheduler
	at ptolemy.domains.sdf.kernel.SDFScheduler._scheduleConnectedActors(SDFScheduler.java:1828)
	at ptolemy.domains.sdf.kernel.SDFScheduler._getSchedule(SDFScheduler.java:587)
	at ptolemy.actor.sched.Scheduler.getSchedule(Scheduler.java:189)
	at ptolemy.domains.sdf.kernel.SDFDirector.createSchedule(SDFDirector.java:408)
	at ptolemy.domains.sdf.kernel.SDFDirector.preinitialize(SDFDirector.java:764)
	at ptolemy.actor.CompositeActor.preinitialize(CompositeActor.java:1828)
	at ptolemy.actor.Manager.preinitializeAndResolveTypes(Manager.java:1040)
	at ptolemy.actor.Manager.initialize(Manager.java:710)
	at ptolemy.actor.Manager.execute(Manager.java:356)
	at ptolemy.actor.Manager.run(Manager.java:1263)
	at ptolemy.actor.Manager$PtolemyRunThread.run(Manager.java:1915)
]]></system-err>
</testsuite>
