<?xml version="1.0" encoding="UTF-8" ?>
<testsuite errors="0" failures="0" hostname="travis-job-2b4687bb-e023-4039-b5a8-591d578756bc" name="ptolemy.domains.de.test.junit.JUnitTclTest" skipped="0" tests="101" time="126.839" timestamp="2018-08-29T02:01:30">
  <properties>
[...]
</properties>
  <testcase classname="ptolemy.util.test.junit.TclTests" name="[0] /home/travis/build/icyphy/ptII/ptolemy/domains/de/test/DependencyLoop.tcl (RunTclFile)" time="0.676" />
  <testcase classname="ptolemy.util.test.junit.TclTests" name="[1] /home/travis/build/icyphy/ptII/ptolemy/domains/de/test/RunDETestsAsQSS.tcl (RunTclFile)" time="86.791" />
  <testcase classname="ptolemy.util.test.junit.AutoKnownFailedTests" name="[0] /home/travis/build/icyphy/ptII/ptolemy/domains/de/test/auto/knownFailedTests/DESDFClockTest.xml (RunModel)" time="2.033" />
  <testcase classname="ptolemy.util.test.junit.AutoKnownFailedTests" name="[1] /home/travis/build/icyphy/ptII/ptolemy/domains/de/test/auto/knownFailedTests/DirectFeedback.xml (RunModel)" time="0.015" />
  <testcase classname="ptolemy.util.test.junit.AutoKnownFailedTests" name="[2] /home/travis/build/icyphy/ptII/ptolemy/domains/de/test/auto/knownFailedTests/FSMSource.xml (RunModel)" time="0.019" />
  <testcase classname="ptolemy.util.test.junit.AutoKnownFailedTests" name="[3] /home/travis/build/icyphy/ptII/ptolemy/domains/de/test/auto/knownFailedTests/HierarchicalModel.xml (RunModel)" time="0.047" />
  <testcase classname="ptolemy.util.test.junit.AutoKnownFailedTests" name="[4] /home/travis/build/icyphy/ptII/ptolemy/domains/de/test/auto/knownFailedTests/dependencyLoop.xml (RunModel)" time="0.042" />
  <testcase classname="ptolemy.util.test.junit.AutoKnownFailedTests" name="[5] /home/travis/build/icyphy/ptII/ptolemy/domains/de/test/auto/knownFailedTests/dependencyLoop2.xml (RunModel)" time="0.048" />
  <testcase classname="ptolemy.util.test.junit.AutoNameArchTests" name="[0] ThereAreNoAutoArchTests (RunModel)" time="0.0" />
  <testcase classname="ptolemy.util.test.junit.AutoTests" name="[0] /home/travis/build/icyphy/ptII/ptolemy/domains/de/test/auto/ActorDepthCalculation_actorWithoutPorts.xml (RunModel)" time="0.016" />
  <testcase classname="ptolemy.util.test.junit.AutoTests" name="[1] /home/travis/build/icyphy/ptII/ptolemy/domains/de/test/auto/AssemblyLine.xml (RunModel)" time="0.018" />
  <testcase classname="ptolemy.util.test.junit.AutoTests" name="[2] /home/travis/build/icyphy/ptII/ptolemy/domains/de/test/auto/CQBug1.xml (RunModel)" time="0.009" />
  <testcase classname="ptolemy.util.test.junit.AutoTests" name="[3] /home/travis/build/icyphy/ptII/ptolemy/domains/de/test/auto/CancelFireAt.xml (RunModel)" time="0.012" />
  <testcase classname="ptolemy.util.test.junit.AutoTests" name="[4] /home/travis/build/icyphy/ptII/ptolemy/domains/de/test/auto/CausalityAndComposabilityAnalysis.xml (RunModel)" time="0.014" />
  <testcase classname="ptolemy.util.test.junit.AutoTests" name="[5] /home/travis/build/icyphy/ptII/ptolemy/domains/de/test/auto/CausalityInterface1.xml (RunModel)" time="0.013" />
  <testcase classname="ptolemy.util.test.junit.AutoTests" name="[6] /home/travis/build/icyphy/ptII/ptolemy/domains/de/test/auto/CausalityInterface15.xml (RunModel)" time="0.013" />
  <testcase classname="ptolemy.util.test.junit.AutoTests" name="[7] /home/travis/build/icyphy/ptII/ptolemy/domains/de/test/auto/CausalityInterface2.xml (RunModel)" time="0.01" />
  <testcase classname="ptolemy.util.test.junit.AutoTests" name="[8] /home/travis/build/icyphy/ptII/ptolemy/domains/de/test/auto/CausalityInterface3.xml (RunModel)" time="0.018" />
  <testcase classname="ptolemy.util.test.junit.AutoTests" name="[9] /home/travis/build/icyphy/ptII/ptolemy/domains/de/test/auto/ClockDrift.xml (RunModel)" time="0.033" />
  <testcase classname="ptolemy.util.test.junit.AutoTests" name="[10] /home/travis/build/icyphy/ptII/ptolemy/domains/de/test/auto/ClockDriftAndValueChange.xml (RunModel)" time="0.029" />
  <testcase classname="ptolemy.util.test.junit.AutoTests" name="[11] /home/travis/build/icyphy/ptII/ptolemy/domains/de/test/auto/ClockDriftChange.xml (RunModel)" time="0.026" />
  <testcase classname="ptolemy.util.test.junit.AutoTests" name="[12] /home/travis/build/icyphy/ptII/ptolemy/domains/de/test/auto/ComposableCausalityAnalysis.xml (RunModel)" time="0.016" />
  <testcase classname="ptolemy.util.test.junit.AutoTests" name="[13] /home/travis/build/icyphy/ptII/ptolemy/domains/de/test/auto/DEFixedPointLimitation.xml (RunModel)" time="0.008" />
  <testcase classname="ptolemy.util.test.junit.AutoTests" name="[14] /home/travis/build/icyphy/ptII/ptolemy/domains/de/test/auto/DEScheduleTest.xml (RunModel)" time="0.011" />
  <testcase classname="ptolemy.util.test.junit.AutoTests" name="[15] /home/travis/build/icyphy/ptII/ptolemy/domains/de/test/auto/DEinDEwithStartTimes.xml (RunModel)" time="0.013" />
  <testcase classname="ptolemy.util.test.junit.AutoTests" name="[16] /home/travis/build/icyphy/ptII/ptolemy/domains/de/test/auto/DEinDEwithStartTimes2.xml (RunModel)" time="0.013" />
  <testcase classname="ptolemy.util.test.junit.AutoTests" name="[17] /home/travis/build/icyphy/ptII/ptolemy/domains/de/test/auto/DateDemo.xml (RunModel)" time="0.028" />
  <testcase classname="ptolemy.util.test.junit.AutoTests" name="[18] /home/travis/build/icyphy/ptII/ptolemy/domains/de/test/auto/DateToEvent.xml (RunModel)" time="2.038" />
  <testcase classname="ptolemy.util.test.junit.AutoTests" name="[19] /home/travis/build/icyphy/ptII/ptolemy/domains/de/test/auto/DepthTest1.xml (RunModel)" time="0.01" />
  <testcase classname="ptolemy.util.test.junit.AutoTests" name="[20] /home/travis/build/icyphy/ptII/ptolemy/domains/de/test/auto/DepthTest2.xml (RunModel)" time="0.018" />
  <testcase classname="ptolemy.util.test.junit.AutoTests" name="[21] /home/travis/build/icyphy/ptII/ptolemy/domains/de/test/auto/DepthTest3.xml (RunModel)" time="0.009" />
  <testcase classname="ptolemy.util.test.junit.AutoTests" name="[22] /home/travis/build/icyphy/ptII/ptolemy/domains/de/test/auto/DepthTest4.xml (RunModel)" time="0.016" />
  <testcase classname="ptolemy.util.test.junit.AutoTests" name="[23] /home/travis/build/icyphy/ptII/ptolemy/domains/de/test/auto/DepthTest5.xml (RunModel)" time="0.015" />
  <testcase classname="ptolemy.util.test.junit.AutoTests" name="[24] /home/travis/build/icyphy/ptII/ptolemy/domains/de/test/auto/DepthTest6.xml (RunModel)" time="0.016" />
  <testcase classname="ptolemy.util.test.junit.AutoTests" name="[25] /home/travis/build/icyphy/ptII/ptolemy/domains/de/test/auto/DepthTest7.xml (RunModel)" time="0.016" />
  <testcase classname="ptolemy.util.test.junit.AutoTests" name="[26] /home/travis/build/icyphy/ptII/ptolemy/domains/de/test/auto/EventToDate.xml (RunModel)" time="3.036" />
  <testcase classname="ptolemy.util.test.junit.AutoTests" name="[27] /home/travis/build/icyphy/ptII/ptolemy/domains/de/test/auto/FSM1.xml (RunModel)" time="0.031" />
  <testcase classname="ptolemy.util.test.junit.AutoTests" name="[28] /home/travis/build/icyphy/ptII/ptolemy/domains/de/test/auto/FSM7.xml (RunModel)" time="0.055" />
  <testcase classname="ptolemy.util.test.junit.AutoTests" name="[29] /home/travis/build/icyphy/ptII/ptolemy/domains/de/test/auto/Inspection.xml (RunModel)" time="0.036" />
  <testcase classname="ptolemy.util.test.junit.AutoTests" name="[30] /home/travis/build/icyphy/ptII/ptolemy/domains/de/test/auto/Iteration.xml (RunModel)" time="0.018" />
  <testcase classname="ptolemy.util.test.junit.AutoTests" name="[31] /home/travis/build/icyphy/ptII/ptolemy/domains/de/test/auto/LineFault.xml (RunModel)" time="0.538" />
  <testcase classname="ptolemy.util.test.junit.AutoTests" name="[32] /home/travis/build/icyphy/ptII/ptolemy/domains/de/test/auto/MergeModel1Add.xml (RunModel)" time="0.041" />
  <testcase classname="ptolemy.util.test.junit.AutoTests" name="[33] /home/travis/build/icyphy/ptII/ptolemy/domains/de/test/auto/MergeModel2Add.xml (RunModel)" time="0.039" />
  <testcase classname="ptolemy.util.test.junit.AutoTests" name="[34] /home/travis/build/icyphy/ptII/ptolemy/domains/de/test/auto/MergeModel3Add.xml (RunModel)" time="0.041" />
  <testcase classname="ptolemy.util.test.junit.AutoTests" name="[35] /home/travis/build/icyphy/ptII/ptolemy/domains/de/test/auto/MergeWithoutDiscard.xml (RunModel)" time="0.01" />
  <testcase classname="ptolemy.util.test.junit.AutoTests" name="[36] /home/travis/build/icyphy/ptII/ptolemy/domains/de/test/auto/Modal1.xml (RunModel)" time="0.028" />
  <testcase classname="ptolemy.util.test.junit.AutoTests" name="[37] /home/travis/build/icyphy/ptII/ptolemy/domains/de/test/auto/Modal2.xml (RunModel)" time="0.035" />
  <testcase classname="ptolemy.util.test.junit.AutoTests" name="[38] /home/travis/build/icyphy/ptII/ptolemy/domains/de/test/auto/Modal3.xml (RunModel)" time="0.033" />
  <testcase classname="ptolemy.util.test.junit.AutoTests" name="[39] /home/travis/build/icyphy/ptII/ptolemy/domains/de/test/auto/Modal4.xml (RunModel)" time="0.032" />
  <testcase classname="ptolemy.util.test.junit.AutoTests" name="[40] /home/travis/build/icyphy/ptII/ptolemy/domains/de/test/auto/Modal5.xml (RunModel)" time="0.029" />
  <testcase classname="ptolemy.util.test.junit.AutoTests" name="[41] /home/travis/build/icyphy/ptII/ptolemy/domains/de/test/auto/Modal6.xml (RunModel)" time="0.03" />
  <testcase classname="ptolemy.util.test.junit.AutoTests" name="[42] /home/travis/build/icyphy/ptII/ptolemy/domains/de/test/auto/Modal7.xml (RunModel)" time="0.029" />
  <testcase classname="ptolemy.util.test.junit.AutoTests" name="[43] /home/travis/build/icyphy/ptII/ptolemy/domains/de/test/auto/ModalModel.xml (RunModel)" time="0.167" />
  <testcase classname="ptolemy.util.test.junit.AutoTests" name="[44] /home/travis/build/icyphy/ptII/ptolemy/domains/de/test/auto/ModalSource.xml (RunModel)" time="0.018" />
  <testcase classname="ptolemy.util.test.junit.AutoTests" name="[45] /home/travis/build/icyphy/ptII/ptolemy/domains/de/test/auto/NonInterruptibleTimerZeroDelay.xml (RunModel)" time="0.012" />
  <testcase classname="ptolemy.util.test.junit.AutoTests" name="[46] /home/travis/build/icyphy/ptII/ptolemy/domains/de/test/auto/OpenQueueingNetwork.xml (RunModel)" time="2.1" />
  <testcase classname="ptolemy.util.test.junit.AutoTests" name="[47] /home/travis/build/icyphy/ptII/ptolemy/domains/de/test/auto/OpenQueuingNetwork.xml (RunModel)" time="0.261" />
  <testcase classname="ptolemy.util.test.junit.AutoTests" name="[48] /home/travis/build/icyphy/ptII/ptolemy/domains/de/test/auto/PeriodicSampler.xml (RunModel)" time="0.011" />
  <testcase classname="ptolemy.util.test.junit.AutoTests" name="[49] /home/travis/build/icyphy/ptII/ptolemy/domains/de/test/auto/PersistentIO.xml (RunModel)" time="0.019" />
  <testcase classname="ptolemy.util.test.junit.AutoTests" name="[50] /home/travis/build/icyphy/ptII/ptolemy/domains/de/test/auto/PortParameterResetOnInitialize.xml (RunModel)" time="0.008" />
  <testcase classname="ptolemy.util.test.junit.AutoTests" name="[51] /home/travis/build/icyphy/ptII/ptolemy/domains/de/test/auto/PortParameterUpdates.xml (RunModel)" time="0.013" />
  <testcase classname="ptolemy.util.test.junit.AutoTests" name="[52] /home/travis/build/icyphy/ptII/ptolemy/domains/de/test/auto/QueueAndServer.xml (RunModel)" time="0.02" />
  <testcase classname="ptolemy.util.test.junit.AutoTests" name="[53] /home/travis/build/icyphy/ptII/ptolemy/domains/de/test/auto/Records.xml (RunModel)" time="0.017" />
  <testcase classname="ptolemy.util.test.junit.AutoTests" name="[54] /home/travis/build/icyphy/ptII/ptolemy/domains/de/test/auto/ResetTransitionWithStartTime1.xml (RunModel)" time="0.016" />
  <testcase classname="ptolemy.util.test.junit.AutoTests" name="[55] /home/travis/build/icyphy/ptII/ptolemy/domains/de/test/auto/ResetTransitionWithStartTime2.xml (RunModel)" time="0.019" />
  <testcase classname="ptolemy.util.test.junit.AutoTests" name="[56] /home/travis/build/icyphy/ptII/ptolemy/domains/de/test/auto/ResetTransitionWithStartTime3.xml (RunModel)" time="0.024" />
  <testcase classname="ptolemy.util.test.junit.AutoTests" name="[57] /home/travis/build/icyphy/ptII/ptolemy/domains/de/test/auto/ResetTransitionWithStartTime4.xml (RunModel)" time="0.017" />
  <testcase classname="ptolemy.util.test.junit.AutoTests" name="[58] /home/travis/build/icyphy/ptII/ptolemy/domains/de/test/auto/ResettableTimer1.xml (RunModel)" time="0.013" />
  <testcase classname="ptolemy.util.test.junit.AutoTests" name="[59] /home/travis/build/icyphy/ptII/ptolemy/domains/de/test/auto/ResettableTimer2.xml (RunModel)" time="0.009" />
  <testcase classname="ptolemy.util.test.junit.AutoTests" name="[60] /home/travis/build/icyphy/ptII/ptolemy/domains/de/test/auto/ResettableTimer3.xml (RunModel)" time="0.008" />
  <testcase classname="ptolemy.util.test.junit.AutoTests" name="[61] /home/travis/build/icyphy/ptII/ptolemy/domains/de/test/auto/ResettableTimer4.xml (RunModel)" time="0.008" />
  <testcase classname="ptolemy.util.test.junit.AutoTests" name="[62] /home/travis/build/icyphy/ptII/ptolemy/domains/de/test/auto/ResettableTimer5.xml (RunModel)" time="0.009" />
  <testcase classname="ptolemy.util.test.junit.AutoTests" name="[63] /home/travis/build/icyphy/ptII/ptolemy/domains/de/test/auto/ResettableTimer6.xml (RunModel)" time="0.009" />
  <testcase classname="ptolemy.util.test.junit.AutoTests" name="[64] /home/travis/build/icyphy/ptII/ptolemy/domains/de/test/auto/ServerZeroDelay.xml (RunModel)" time="0.009" />
  <testcase classname="ptolemy.util.test.junit.AutoTests" name="[65] /home/travis/build/icyphy/ptII/ptolemy/domains/de/test/auto/SmartSender.xml (RunModel)" time="3.008" />
  <testcase classname="ptolemy.util.test.junit.AutoTests" name="[66] /home/travis/build/icyphy/ptII/ptolemy/domains/de/test/auto/ThreadedComposite.xml (RunModel)" time="0.112" />
  <testcase classname="ptolemy.util.test.junit.AutoTests" name="[67] /home/travis/build/icyphy/ptII/ptolemy/domains/de/test/auto/Time.xml (RunModel)" time="0.44" />
  <testcase classname="ptolemy.util.test.junit.AutoTests" name="[68] /home/travis/build/icyphy/ptII/ptolemy/domains/de/test/auto/TimeDelayZeroDelay.xml (RunModel)" time="0.012" />
  <testcase classname="ptolemy.util.test.junit.AutoTests" name="[69] /home/travis/build/icyphy/ptII/ptolemy/domains/de/test/auto/TimerZeroDelay.xml (RunModel)" time="0.009" />
  <testcase classname="ptolemy.util.test.junit.AutoTests" name="[70] /home/travis/build/icyphy/ptII/ptolemy/domains/de/test/auto/TimingParadox.xml (RunModel)" time="0.347" />
  <testcase classname="ptolemy.util.test.junit.AutoTests" name="[71] /home/travis/build/icyphy/ptII/ptolemy/domains/de/test/auto/TransferInputs.xml (RunModel)" time="0.016" />
  <testcase classname="ptolemy.util.test.junit.AutoTests" name="[72] /home/travis/build/icyphy/ptII/ptolemy/domains/de/test/auto/TransferOutputs2.xml (RunModel)" time="0.015" />
  <testcase classname="ptolemy.util.test.junit.AutoTests" name="[73] /home/travis/build/icyphy/ptII/ptolemy/domains/de/test/auto/Trilateration.xml (RunModel)" time="11.3" />
  <testcase classname="ptolemy.util.test.junit.AutoTests" name="[74] /home/travis/build/icyphy/ptII/ptolemy/domains/de/test/auto/TwoSigmaDelta.xml (RunModel)" time="2.141" />
  <testcase classname="ptolemy.util.test.junit.AutoTests" name="[75] /home/travis/build/icyphy/ptII/ptolemy/domains/de/test/auto/VariableDelay.xml (RunModel)" time="0.009" />
  <testcase classname="ptolemy.util.test.junit.AutoTests" name="[76] /home/travis/build/icyphy/ptII/ptolemy/domains/de/test/auto/VariableDelay2.xml (RunModel)" time="0.008" />
  <testcase classname="ptolemy.util.test.junit.AutoTests" name="[77] /home/travis/build/icyphy/ptII/ptolemy/domains/de/test/auto/VariableDelayZeroDelay.xml (RunModel)" time="0.011" />
  <testcase classname="ptolemy.util.test.junit.AutoTests" name="[78] /home/travis/build/icyphy/ptII/ptolemy/domains/de/test/auto/VariableDelayZeroDelay2.xml (RunModel)" time="0.01" />
  <testcase classname="ptolemy.util.test.junit.AutoTests" name="[79] /home/travis/build/icyphy/ptII/ptolemy/domains/de/test/auto/deInCt.xml (RunModel)" time="0.013" />
  <testcase classname="ptolemy.util.test.junit.AutoTests" name="[80] /home/travis/build/icyphy/ptII/ptolemy/domains/de/test/auto/deInCt2.xml (RunModel)" time="0.015" />
  <testcase classname="ptolemy.util.test.junit.AutoTests" name="[81] /home/travis/build/icyphy/ptII/ptolemy/domains/de/test/auto/dynamicCausalityInterface1.xml (RunModel)" time="0.017" />
  <testcase classname="ptolemy.util.test.junit.AutoTests" name="[82] /home/travis/build/icyphy/ptII/ptolemy/domains/de/test/auto/fsm_de_test.xml (RunModel)" time="0.027" />
  <testcase classname="ptolemy.util.test.junit.AutoTests" name="[83] /home/travis/build/icyphy/ptII/ptolemy/domains/de/test/auto/functionDependencyReconstruction.xml (RunModel)" time="0.034" />
  <testcase classname="ptolemy.util.test.junit.AutoTests" name="[84] /home/travis/build/icyphy/ptII/ptolemy/domains/de/test/auto/multirate.xml (RunModel)" time="0.015" />
  <testcase classname="ptolemy.util.test.junit.AutoTests" name="[85] /home/travis/build/icyphy/ptII/ptolemy/domains/de/test/auto/multirate2.xml (RunModel)" time="0.017" />
  <testcase classname="ptolemy.util.test.junit.AutoTests" name="[86] /home/travis/build/icyphy/ptII/ptolemy/domains/de/test/auto/realtime.xml (RunModel)" time="10.01" />
  <testcase classname="ptolemy.util.test.junit.AutoTests" name="[87] /home/travis/build/icyphy/ptII/ptolemy/domains/de/test/auto/relationGroup.xml (RunModel)" time="0.007" />
  <testcase classname="ptolemy.util.test.junit.AutoTests" name="[88] /home/travis/build/icyphy/ptII/ptolemy/domains/de/test/auto/relationGroup2.xml (RunModel)" time="0.01" />
  <testcase classname="ptolemy.util.test.junit.AutoTests" name="[89] /home/travis/build/icyphy/ptII/ptolemy/domains/de/test/auto/sortWithOpaquePorts.xml (RunModel)" time="0.008" />
  <testcase classname="ptolemy.util.test.junit.AutoTests" name="[90] /home/travis/build/icyphy/ptII/ptolemy/domains/de/test/auto/transferInputsandOutputs.xml (RunModel)" time="0.013" />
  <testcase classname="ptolemy.util.test.junit.AutoTests" name="[91] /home/travis/build/icyphy/ptII/ptolemy/domains/de/test/auto/triggerType.xml (RunModel)" time="0.012" />
  <system-out><![CDATA[/home/travis/build/icyphy/ptII/ptolemy/domains/de/test/DependencyLoop.tcl
testDefs.tcl: setting time out to 9000 seconds at Wed Aug 29 02:01:30 UTC 2018
13 ms. Memory: 116224K Free: 93826K (81%)
10 ms. Memory: 146944K Free: 135032K (92%)
/home/travis/build/icyphy/ptII/ptolemy/domains/de/test/RunDETestsAsQSS.tcl
Run the DE tests using ptolemy.domains.qss.test.QSSDirectorTest, which extends QSSDirector and prints a message in the constructors.
------------------ testing $PTII/ptolemy/domains/de/test/auto/knownFailedTests/dependencyLoop.xml (Known Failure) 
6 ms. Memory: 146944K Free: 131920K (90%)


==== $PTIIhome/travis/build/icyphy/ptII/ptolemy/domains/de/test/../../../../: Auto Automatic test in file $PTII/ptolemy/domains/de/test/auto/knownFailedTests/dependencyLoop.xml
==== Contents of test case:

	    # FIXME: we should use $relativeFilename here, but it
	    # might have backslashes under Windows, which causes no end
	    # of trouble.
	    createAndExecute $file
	    list {}
	
.... Test generated KNOWN error:
    while executing
ptolemy.kernel.util.IllegalActionException: Found a zero delay loop containing .dependencyLoop.original
  in .dependencyLoop and .dependencyLoop.original
	at ptolemy.actor.util.CausalityInterfaceForComposites._computeOutputPortDepth(CausalityInterfaceForComposites.java:759)
	at ptolemy.actor.util.CausalityInterfaceForComposites._computeInputDepth(CausalityInterfaceForComposites.java:696)
	at ptolemy.actor.util.CausalityInterfaceForComposites._computeOutputPortDepth(CausalityInterfaceForComposites.java:765)
	at ptolemy.actor.util.CausalityInterfaceForComposites._computeInputDepth(CausalityInterfaceForComposites.java:696)
	at ptolemy.actor.util.CausalityInterfaceForComposites._computeOutputPortDepth(CausalityInterfaceForComposites.java:765)
	at ptolemy.actor.util.CausalityInterfaceForComposites._computeInputDepth(CausalityInterfaceForComposites.java:696)
	at ptolemy.actor.util.CausalityInterfaceForComposites._computeActorDepth(CausalityInterfaceForComposites.java:532)
	at ptolemy.actor.util.CausalityInterfaceForComposites.checkForCycles(CausalityInterfaceForComposites.java:96)
	at ptolemy.domains.de.kernel.DEDirector.preinitialize(DEDirector.java:1338)
	at ptolemy.actor.CompositeActor.preinitialize(CompositeActor.java:1828)
	at ptolemy.actor.Manager.preinitializeAndResolveTypes(Manager.java:1040)
	at ptolemy.actor.Manager.initialize(Manager.java:710)
	at ptolemy.actor.Manager.execute(Manager.java:356)
	at ptolemy.actor.Manager.run(Manager.java:1263)
	at ptolemy.actor.Manager$PtolemyRunThread.run(Manager.java:1915)

    while executing
ptolemy.kernel.util.IllegalActionException: Found a zero delay loop containing .dependencyLoop.original
  in .dependencyLoop and .dependencyLoop.original
    while executing
"java::new ptolemy.moml.MoMLSimpleApplication $file
"
    (procedure "createAndExecute" line 2)
    invoked from within
"createAndExecute $file"
    ("uplevel" body line 5)
    invoked from within
"uplevel $contents_of_test"
------------------ testing $PTII/ptolemy/domains/de/test/auto/knownFailedTests/DESDFClockTest.xml (Known Failure) 
2047 ms. Memory: 146944K Free: 116404K (79%)


==== $PTIIhome/travis/build/icyphy/ptII/ptolemy/domains/de/test/../../../../: Auto Automatic test in file $PTII/ptolemy/domains/de/test/auto/knownFailedTests/DESDFClockTest.xml
==== Contents of test case:

	    # FIXME: we should use $relativeFilename here, but it
	    # might have backslashes under Windows, which causes no end
	    # of trouble.
	    createAndExecute $file
	    list {}
	
.... Test generated KNOWN error:
    while executing
ptolemy.kernel.util.IllegalActionException: Actor is not ready to fire.  Perhaps UpSample.prefire() returned false? Try debugging the actor by selecting "Listen to Actor".  Also, for SDF check moml for tokenConsumptionRate on input.
  in .DESDFClockTest.Play Bell.Copy1:SDF Director and .DESDFClockTest.Play Bell.UpSample
	at ptolemy.actor.sched.StaticSchedulingDirector.fire(StaticSchedulingDirector.java:227)
	at ptolemy.domains.sdf.kernel.SDFDirector.fire(SDFDirector.java:500)
	at ptolemy.actor.CompositeActor.fire(CompositeActor.java:455)
	at ptolemy.domains.de.kernel.DEDirector._fire(DEDirector.java:1949)
	at ptolemy.domains.de.kernel.DEDirector.fire(DEDirector.java:502)
	at ptolemy.actor.CompositeActor.fire(CompositeActor.java:455)
	at ptolemy.actor.Manager.iterate(Manager.java:851)
	at ptolemy.actor.Manager.execute(Manager.java:369)
	at ptolemy.actor.Manager.run(Manager.java:1263)
	at ptolemy.actor.Manager$PtolemyRunThread.run(Manager.java:1915)

    while executing
ptolemy.kernel.util.IllegalActionException: Actor is not ready to fire.  Perhaps UpSample.prefire() returned false? Try debugging the actor by selecting "Listen to Actor".  Also, for SDF check moml for tokenConsumptionRate on input.
  in .DESDFClockTest.Play Bell.Copy1:SDF Director and .DESDFClockTest.Play Bell.UpSample
    while executing
"java::new ptolemy.moml.MoMLSimpleApplication $file
"
    (procedure "createAndExecute" line 2)
    invoked from within
"createAndExecute $file"
    ("uplevel" body line 5)
    invoked from within
"uplevel $contents_of_test"
------------------ testing $PTII/ptolemy/domains/de/test/auto/knownFailedTests/FSMSource.xml (Known Failure) 
24 ms. Memory: 146944K Free: 106771K (73%)
!!!! Auto was marked as failing, but now passes
------------------ testing $PTII/ptolemy/domains/de/test/auto/knownFailedTests/dependencyLoop2.xml (Known Failure) 
5 ms. Memory: 146944K Free: 104888K (71%)


==== $PTIIhome/travis/build/icyphy/ptII/ptolemy/domains/de/test/../../../../: Auto Automatic test in file $PTII/ptolemy/domains/de/test/auto/knownFailedTests/dependencyLoop2.xml
==== Contents of test case:

	    # FIXME: we should use $relativeFilename here, but it
	    # might have backslashes under Windows, which causes no end
	    # of trouble.
	    createAndExecute $file
	    list {}
	
.... Test generated KNOWN error:
    while executing
ptolemy.kernel.util.IllegalActionException: Found a zero delay loop containing .dependencyLoop2.original
  in .dependencyLoop2 and .dependencyLoop2.original
	at ptolemy.actor.util.CausalityInterfaceForComposites._computeOutputPortDepth(CausalityInterfaceForComposites.java:759)
	at ptolemy.actor.util.CausalityInterfaceForComposites._computeInputDepth(CausalityInterfaceForComposites.java:696)
	at ptolemy.actor.util.CausalityInterfaceForComposites._computeOutputPortDepth(CausalityInterfaceForComposites.java:765)
	at ptolemy.actor.util.CausalityInterfaceForComposites._computeInputDepth(CausalityInterfaceForComposites.java:696)
	at ptolemy.actor.util.CausalityInterfaceForComposites._computeOutputPortDepth(CausalityInterfaceForComposites.java:765)
	at ptolemy.actor.util.CausalityInterfaceForComposites._computeInputDepth(CausalityInterfaceForComposites.java:696)
	at ptolemy.actor.util.CausalityInterfaceForComposites._computeActorDepth(CausalityInterfaceForComposites.java:532)
	at ptolemy.actor.util.CausalityInterfaceForComposites.checkForCycles(CausalityInterfaceForComposites.java:96)
	at ptolemy.domains.de.kernel.DEDirector.preinitialize(DEDirector.java:1338)
	at ptolemy.actor.CompositeActor.preinitialize(CompositeActor.java:1828)
	at ptolemy.actor.Manager.preinitializeAndResolveTypes(Manager.java:1040)
	at ptolemy.actor.Manager.initialize(Manager.java:710)
	at ptolemy.actor.Manager.execute(Manager.java:356)
	at ptolemy.actor.Manager.run(Manager.java:1263)
	at ptolemy.actor.Manager$PtolemyRunThread.run(Manager.java:1915)

    while executing
ptolemy.kernel.util.IllegalActionException: Found a zero delay loop containing .dependencyLoop2.original
  in .dependencyLoop2 and .dependencyLoop2.original
    while executing
"java::new ptolemy.moml.MoMLSimpleApplication $file
"
    (procedure "createAndExecute" line 2)
    invoked from within
"createAndExecute $file"
    ("uplevel" body line 5)
    invoked from within
"uplevel $contents_of_test"
------------------ testing $PTII/ptolemy/domains/de/test/auto/knownFailedTests/HierarchicalModel.xml (Known Failure) 
5 ms. Memory: 146944K Free: 84252K (57%)


==== $PTIIhome/travis/build/icyphy/ptII/ptolemy/domains/de/test/../../../../: Auto Automatic test in file $PTII/ptolemy/domains/de/test/auto/knownFailedTests/HierarchicalModel.xml
==== Contents of test case:

	    # FIXME: we should use $relativeFilename here, but it
	    # might have backslashes under Windows, which causes no end
	    # of trouble.
	    createAndExecute $file
	    list {}
	
.... Test generated KNOWN error:
    while executing
ptolemy.kernel.util.IllegalActionException: Found a zero delay loop containing .HierarchicalModel.A
  in .HierarchicalModel and .HierarchicalModel.A
	at ptolemy.actor.util.CausalityInterfaceForComposites._computeOutputPortDepth(CausalityInterfaceForComposites.java:759)
	at ptolemy.actor.util.CausalityInterfaceForComposites._computeInputDepth(CausalityInterfaceForComposites.java:696)
	at ptolemy.actor.util.CausalityInterfaceForComposites._computeOutputPortDepth(CausalityInterfaceForComposites.java:765)
	at ptolemy.actor.util.CausalityInterfaceForComposites._computeInputDepth(CausalityInterfaceForComposites.java:696)
	at ptolemy.actor.util.CausalityInterfaceForComposites._computeOutputPortDepth(CausalityInterfaceForComposites.java:765)
	at ptolemy.actor.util.CausalityInterfaceForComposites._computeInputDepth(CausalityInterfaceForComposites.java:696)
	at ptolemy.actor.util.CausalityInterfaceForComposites._computeActorDepth(CausalityInterfaceForComposites.java:532)
	at ptolemy.actor.util.CausalityInterfaceForComposites.checkForCycles(CausalityInterfaceForComposites.java:96)
	at ptolemy.domains.de.kernel.DEDirector.preinitialize(DEDirector.java:1338)
	at ptolemy.actor.CompositeActor.preinitialize(CompositeActor.java:1828)
	at ptolemy.actor.Manager.preinitializeAndResolveTypes(Manager.java:1040)
	at ptolemy.actor.Manager.initialize(Manager.java:710)
	at ptolemy.actor.Manager.execute(Manager.java:356)
	at ptolemy.actor.Manager.run(Manager.java:1263)
	at ptolemy.actor.Manager$PtolemyRunThread.run(Manager.java:1915)

    while executing
ptolemy.kernel.util.IllegalActionException: Found a zero delay loop containing .HierarchicalModel.A
  in .HierarchicalModel and .HierarchicalModel.A
    while executing
"java::new ptolemy.moml.MoMLSimpleApplication $file
"
    (procedure "createAndExecute" line 2)
    invoked from within
"createAndExecute $file"
    ("uplevel" body line 5)
    invoked from within
"uplevel $contents_of_test"
------------------ testing $PTII/ptolemy/domains/de/test/auto/knownFailedTests/DirectFeedback.xml (Known Failure) 
6 ms. Memory: 146944K Free: 140075K (95%)


==== $PTIIhome/travis/build/icyphy/ptII/ptolemy/domains/de/test/../../../../: Auto Automatic test in file $PTII/ptolemy/domains/de/test/auto/knownFailedTests/DirectFeedback.xml
==== Contents of test case:

	    # FIXME: we should use $relativeFilename here, but it
	    # might have backslashes under Windows, which causes no end
	    # of trouble.
	    createAndExecute $file
	    list {}
	
.... Test generated KNOWN error:
    while executing
ptolemy.kernel.util.IllegalActionException: Test fails in iteration 1.
Value was: 1.0. Should have been: 2.0
  in .DirectFeedback.Test
	at ptolemy.actor.lib.Test.fire(Test.java:268)
	at ptolemy.domains.de.kernel.DEDirector._fire(DEDirector.java:1949)
	at ptolemy.domains.de.kernel.DEDirector.fire(DEDirector.java:502)
	at ptolemy.actor.CompositeActor.fire(CompositeActor.java:455)
	at ptolemy.actor.Manager.iterate(Manager.java:851)
	at ptolemy.actor.Manager.execute(Manager.java:369)
	at ptolemy.actor.Manager.run(Manager.java:1263)
	at ptolemy.actor.Manager$PtolemyRunThread.run(Manager.java:1915)

    while executing
ptolemy.kernel.util.IllegalActionException: Test fails in iteration 1.
Value was: 1.0. Should have been: 2.0
  in .DirectFeedback.Test
    while executing
"java::new ptolemy.moml.MoMLSimpleApplication $file
"
    (procedure "createAndExecute" line 2)
    invoked from within
"createAndExecute $file"
    ("uplevel" body line 5)
    invoked from within
"uplevel $contents_of_test"
------------------ testing $PTII/ptolemy/domains/de/test/auto/ActorDepthCalculation_actorWithoutPorts.xml
auto.tcl: Setting watchdog for 200 seconds at Wed Aug 29 02:01:33 UTC 2018
4 ms. Memory: 146944K Free: 132379K (90%)
ptolemy.util.test.WatchDog.cancel(): canceling Wed Aug 29 02:01:33 UTC 2018
auto.tcl: Setting watchdog for 200 seconds at Wed Aug 29 02:01:33 UTC 2018
4 ms. Memory: 146944K Free: 131332K (89%)
ptolemy.util.test.WatchDog.cancel(): canceling Wed Aug 29 02:01:33 UTC 2018
------------------ testing $PTII/ptolemy/domains/de/test/auto/AssemblyLine.xml
auto.tcl: Setting watchdog for 200 seconds at Wed Aug 29 02:01:34 UTC 2018
6 ms. Memory: 208384K Free: 182797K (88%)
ptolemy.util.test.WatchDog.cancel(): canceling Wed Aug 29 02:01:34 UTC 2018
auto.tcl: Setting watchdog for 200 seconds at Wed Aug 29 02:01:34 UTC 2018
6 ms. Memory: 208384K Free: 182797K (88%)
ptolemy.util.test.WatchDog.cancel(): canceling Wed Aug 29 02:01:34 UTC 2018
------------------ testing $PTII/ptolemy/domains/de/test/auto/CQBug1.xml
auto.tcl: Setting watchdog for 200 seconds at Wed Aug 29 02:01:34 UTC 2018
3 ms. Memory: 208384K Free: 197695K (95%)
ptolemy.util.test.WatchDog.cancel(): canceling Wed Aug 29 02:01:34 UTC 2018
auto.tcl: Setting watchdog for 200 seconds at Wed Aug 29 02:01:34 UTC 2018
2 ms. Memory: 208384K Free: 197695K (95%)
ptolemy.util.test.WatchDog.cancel(): canceling Wed Aug 29 02:01:34 UTC 2018
------------------ testing $PTII/ptolemy/domains/de/test/auto/CancelFireAt.xml
auto.tcl: Setting watchdog for 200 seconds at Wed Aug 29 02:01:34 UTC 2018
3 ms. Memory: 208384K Free: 201428K (97%)
ptolemy.util.test.WatchDog.cancel(): canceling Wed Aug 29 02:01:34 UTC 2018
auto.tcl: Setting watchdog for 200 seconds at Wed Aug 29 02:01:34 UTC 2018
2 ms. Memory: 208384K Free: 198978K (95%)
ptolemy.util.test.WatchDog.cancel(): canceling Wed Aug 29 02:01:34 UTC 2018
------------------ testing $PTII/ptolemy/domains/de/test/auto/CausalityAndComposabilityAnalysis.xml
auto.tcl: Setting watchdog for 200 seconds at Wed Aug 29 02:01:34 UTC 2018
9 ms. Memory: 208384K Free: 196464K (94%)
ptolemy.util.test.WatchDog.cancel(): canceling Wed Aug 29 02:01:34 UTC 2018
auto.tcl: Setting watchdog for 200 seconds at Wed Aug 29 02:01:34 UTC 2018
9 ms. Memory: 208384K Free: 196464K (94%)
ptolemy.util.test.WatchDog.cancel(): canceling Wed Aug 29 02:01:34 UTC 2018
------------------ testing $PTII/ptolemy/domains/de/test/auto/CausalityInterface1.xml
auto.tcl: Setting watchdog for 200 seconds at Wed Aug 29 02:01:34 UTC 2018
22 ms. Memory: 208384K Free: 196400K (94%)
ptolemy.util.test.WatchDog.cancel(): canceling Wed Aug 29 02:01:34 UTC 2018
auto.tcl: Setting watchdog for 200 seconds at Wed Aug 29 02:01:34 UTC 2018
4 ms. Memory: 208384K Free: 196400K (94%)
ptolemy.util.test.WatchDog.cancel(): canceling Wed Aug 29 02:01:34 UTC 2018
------------------ testing $PTII/ptolemy/domains/de/test/auto/CausalityInterface15.xml
auto.tcl: Setting watchdog for 200 seconds at Wed Aug 29 02:01:34 UTC 2018
10 ms. Memory: 208384K Free: 196391K (94%)
ptolemy.util.test.WatchDog.cancel(): canceling Wed Aug 29 02:01:34 UTC 2018
auto.tcl: Setting watchdog for 200 seconds at Wed Aug 29 02:01:34 UTC 2018
5 ms. Memory: 208384K Free: 196391K (94%)
ptolemy.util.test.WatchDog.cancel(): canceling Wed Aug 29 02:01:35 UTC 2018
------------------ testing $PTII/ptolemy/domains/de/test/auto/CausalityInterface2.xml
auto.tcl: Setting watchdog for 200 seconds at Wed Aug 29 02:01:35 UTC 2018
3 ms. Memory: 208384K Free: 196375K (94%)
ptolemy.util.test.WatchDog.cancel(): canceling Wed Aug 29 02:01:35 UTC 2018
auto.tcl: Setting watchdog for 200 seconds at Wed Aug 29 02:01:35 UTC 2018
10 ms. Memory: 208384K Free: 196375K (94%)
ptolemy.util.test.WatchDog.cancel(): canceling Wed Aug 29 02:01:35 UTC 2018
------------------ testing $PTII/ptolemy/domains/de/test/auto/CausalityInterface3.xml
auto.tcl: Setting watchdog for 200 seconds at Wed Aug 29 02:01:35 UTC 2018
4 ms. Memory: 208384K Free: 196388K (94%)
ptolemy.util.test.WatchDog.cancel(): canceling Wed Aug 29 02:01:35 UTC 2018
auto.tcl: Setting watchdog for 200 seconds at Wed Aug 29 02:01:35 UTC 2018
6 ms. Memory: 208384K Free: 196388K (94%)
ptolemy.util.test.WatchDog.cancel(): canceling Wed Aug 29 02:01:35 UTC 2018
------------------ testing $PTII/ptolemy/domains/de/test/auto/ClockDrift.xml
auto.tcl: Setting watchdog for 200 seconds at Wed Aug 29 02:01:35 UTC 2018
62 ms. Memory: 208384K Free: 187583K (90%)
ptolemy.util.test.WatchDog.cancel(): canceling Wed Aug 29 02:01:35 UTC 2018
auto.tcl: Setting watchdog for 200 seconds at Wed Aug 29 02:01:35 UTC 2018
62 ms. Memory: 208384K Free: 185471K (89%)
ptolemy.util.test.WatchDog.cancel(): canceling Wed Aug 29 02:01:35 UTC 2018
------------------ testing $PTII/ptolemy/domains/de/test/auto/ClockDriftAndValueChange.xml
auto.tcl: Setting watchdog for 200 seconds at Wed Aug 29 02:01:35 UTC 2018
38 ms. Memory: 208384K Free: 187416K (90%)
ptolemy.util.test.WatchDog.cancel(): canceling Wed Aug 29 02:01:35 UTC 2018
auto.tcl: Setting watchdog for 200 seconds at Wed Aug 29 02:01:35 UTC 2018
45 ms. Memory: 208384K Free: 185304K (89%)
ptolemy.util.test.WatchDog.cancel(): canceling Wed Aug 29 02:01:35 UTC 2018
------------------ testing $PTII/ptolemy/domains/de/test/auto/ClockDriftChange.xml
auto.tcl: Setting watchdog for 200 seconds at Wed Aug 29 02:01:35 UTC 2018
35 ms. Memory: 208384K Free: 190752K (92%)
ptolemy.util.test.WatchDog.cancel(): canceling Wed Aug 29 02:01:35 UTC 2018
auto.tcl: Setting watchdog for 200 seconds at Wed Aug 29 02:01:35 UTC 2018
28 ms. Memory: 208384K Free: 188639K (91%)
ptolemy.util.test.WatchDog.cancel(): canceling Wed Aug 29 02:01:35 UTC 2018
------------------ testing $PTII/ptolemy/domains/de/test/auto/ComposableCausalityAnalysis.xml
auto.tcl: Setting watchdog for 200 seconds at Wed Aug 29 02:01:35 UTC 2018
2 ms. Memory: 208384K Free: 196240K (94%)
ptolemy.util.test.WatchDog.cancel(): canceling Wed Aug 29 02:01:35 UTC 2018
auto.tcl: Setting watchdog for 200 seconds at Wed Aug 29 02:01:35 UTC 2018
2 ms. Memory: 208384K Free: 194128K (93%)
ptolemy.util.test.WatchDog.cancel(): canceling Wed Aug 29 02:01:35 UTC 2018
------------------ testing $PTII/ptolemy/domains/de/test/auto/DEFixedPointLimitation.xml
auto.tcl: Setting watchdog for 200 seconds at Wed Aug 29 02:01:35 UTC 2018
2 ms. Memory: 208384K Free: 196321K (94%)
ptolemy.util.test.WatchDog.cancel(): canceling Wed Aug 29 02:01:35 UTC 2018
auto.tcl: Setting watchdog for 200 seconds at Wed Aug 29 02:01:35 UTC 2018
1 ms. Memory: 208384K Free: 196321K (94%)
ptolemy.util.test.WatchDog.cancel(): canceling Wed Aug 29 02:01:35 UTC 2018
------------------ testing $PTII/ptolemy/domains/de/test/auto/DEScheduleTest.xml
auto.tcl: Setting watchdog for 200 seconds at Wed Aug 29 02:01:36 UTC 2018
4 ms. Memory: 208384K Free: 198469K (95%)
ptolemy.util.test.WatchDog.cancel(): canceling Wed Aug 29 02:01:36 UTC 2018
auto.tcl: Setting watchdog for 200 seconds at Wed Aug 29 02:01:36 UTC 2018
6 ms. Memory: 208384K Free: 196357K (94%)
ptolemy.util.test.WatchDog.cancel(): canceling Wed Aug 29 02:01:36 UTC 2018
------------------ testing $PTII/ptolemy/domains/de/test/auto/DEinDEwithStartTimes.xml
auto.tcl: Setting watchdog for 200 seconds at Wed Aug 29 02:01:36 UTC 2018
3 ms. Memory: 208384K Free: 196326K (94%)
ptolemy.util.test.WatchDog.cancel(): canceling Wed Aug 29 02:01:36 UTC 2018
auto.tcl: Setting watchdog for 200 seconds at Wed Aug 29 02:01:36 UTC 2018
4 ms. Memory: 208384K Free: 194214K (93%)
ptolemy.util.test.WatchDog.cancel(): canceling Wed Aug 29 02:01:36 UTC 2018
------------------ testing $PTII/ptolemy/domains/de/test/auto/DEinDEwithStartTimes2.xml
auto.tcl: Setting watchdog for 200 seconds at Wed Aug 29 02:01:36 UTC 2018
4 ms. Memory: 208384K Free: 196306K (94%)
ptolemy.util.test.WatchDog.cancel(): canceling Wed Aug 29 02:01:36 UTC 2018
auto.tcl: Setting watchdog for 200 seconds at Wed Aug 29 02:01:36 UTC 2018
7 ms. Memory: 208384K Free: 194194K (93%)
ptolemy.util.test.WatchDog.cancel(): canceling Wed Aug 29 02:01:36 UTC 2018
------------------ testing $PTII/ptolemy/domains/de/test/auto/DateDemo.xml
auto.tcl: Setting watchdog for 200 seconds at Wed Aug 29 02:01:36 UTC 2018
18 ms. Memory: 208384K Free: 188699K (91%)
ptolemy.util.test.WatchDog.cancel(): canceling Wed Aug 29 02:01:36 UTC 2018
auto.tcl: Setting watchdog for 200 seconds at Wed Aug 29 02:01:36 UTC 2018
10 ms. Memory: 208384K Free: 186586K (90%)
ptolemy.util.test.WatchDog.cancel(): canceling Wed Aug 29 02:01:36 UTC 2018
------------------ testing $PTII/ptolemy/domains/de/test/auto/DateToEvent.xml
auto.tcl: Setting watchdog for 200 seconds at Wed Aug 29 02:01:36 UTC 2018
2017 ms. Memory: 208384K Free: 183369K (88%)
ptolemy.util.test.WatchDog.cancel(): canceling Wed Aug 29 02:01:38 UTC 2018
auto.tcl: Setting watchdog for 200 seconds at Wed Aug 29 02:01:38 UTC 2018
2004 ms. Memory: 208384K Free: 180911K (87%)
ptolemy.util.test.WatchDog.cancel(): canceling Wed Aug 29 02:01:40 UTC 2018
------------------ testing $PTII/ptolemy/domains/de/test/auto/DepthTest1.xml
auto.tcl: Setting watchdog for 200 seconds at Wed Aug 29 02:01:40 UTC 2018
3 ms. Memory: 208384K Free: 197997K (95%)
ptolemy.util.test.WatchDog.cancel(): canceling Wed Aug 29 02:01:40 UTC 2018
auto.tcl: Setting watchdog for 200 seconds at Wed Aug 29 02:01:40 UTC 2018
1 ms. Memory: 208384K Free: 197997K (95%)
ptolemy.util.test.WatchDog.cancel(): canceling Wed Aug 29 02:01:40 UTC 2018
------------------ testing $PTII/ptolemy/domains/de/test/auto/DepthTest2.xml
auto.tcl: Setting watchdog for 200 seconds at Wed Aug 29 02:01:40 UTC 2018
11 ms. Memory: 208384K Free: 194174K (93%)
ptolemy.util.test.WatchDog.cancel(): canceling Wed Aug 29 02:01:40 UTC 2018
auto.tcl: Setting watchdog for 200 seconds at Wed Aug 29 02:01:40 UTC 2018
5 ms. Memory: 208384K Free: 194174K (93%)
ptolemy.util.test.WatchDog.cancel(): canceling Wed Aug 29 02:01:40 UTC 2018
------------------ testing $PTII/ptolemy/domains/de/test/auto/DepthTest3.xml
auto.tcl: Setting watchdog for 200 seconds at Wed Aug 29 02:01:40 UTC 2018
3 ms. Memory: 208384K Free: 198669K (95%)
ptolemy.util.test.WatchDog.cancel(): canceling Wed Aug 29 02:01:40 UTC 2018
auto.tcl: Setting watchdog for 200 seconds at Wed Aug 29 02:01:40 UTC 2018
2 ms. Memory: 208384K Free: 198332K (95%)
ptolemy.util.test.WatchDog.cancel(): canceling Wed Aug 29 02:01:40 UTC 2018
------------------ testing $PTII/ptolemy/domains/de/test/auto/DepthTest4.xml
auto.tcl: Setting watchdog for 200 seconds at Wed Aug 29 02:01:40 UTC 2018
10 ms. Memory: 208384K Free: 196307K (94%)
ptolemy.util.test.WatchDog.cancel(): canceling Wed Aug 29 02:01:40 UTC 2018
auto.tcl: Setting watchdog for 200 seconds at Wed Aug 29 02:01:40 UTC 2018
3 ms. Memory: 208384K Free: 196307K (94%)
ptolemy.util.test.WatchDog.cancel(): canceling Wed Aug 29 02:01:40 UTC 2018
------------------ testing $PTII/ptolemy/domains/de/test/auto/DepthTest5.xml
auto.tcl: Setting watchdog for 200 seconds at Wed Aug 29 02:01:40 UTC 2018
3 ms. Memory: 208384K Free: 196254K (94%)
ptolemy.util.test.WatchDog.cancel(): canceling Wed Aug 29 02:01:40 UTC 2018
auto.tcl: Setting watchdog for 200 seconds at Wed Aug 29 02:01:40 UTC 2018
2 ms. Memory: 208384K Free: 196254K (94%)
ptolemy.util.test.WatchDog.cancel(): canceling Wed Aug 29 02:01:40 UTC 2018
------------------ testing $PTII/ptolemy/domains/de/test/auto/DepthTest6.xml
auto.tcl: Setting watchdog for 200 seconds at Wed Aug 29 02:01:40 UTC 2018
9 ms. Memory: 208384K Free: 196552K (94%)
ptolemy.util.test.WatchDog.cancel(): canceling Wed Aug 29 02:01:40 UTC 2018
auto.tcl: Setting watchdog for 200 seconds at Wed Aug 29 02:01:40 UTC 2018
2 ms. Memory: 208384K Free: 196552K (94%)
ptolemy.util.test.WatchDog.cancel(): canceling Wed Aug 29 02:01:40 UTC 2018
------------------ testing $PTII/ptolemy/domains/de/test/auto/DepthTest7.xml
auto.tcl: Setting watchdog for 200 seconds at Wed Aug 29 02:01:40 UTC 2018
2 ms. Memory: 208384K Free: 196211K (94%)
ptolemy.util.test.WatchDog.cancel(): canceling Wed Aug 29 02:01:40 UTC 2018
auto.tcl: Setting watchdog for 200 seconds at Wed Aug 29 02:01:40 UTC 2018
1 ms. Memory: 208384K Free: 196211K (94%)
ptolemy.util.test.WatchDog.cancel(): canceling Wed Aug 29 02:01:40 UTC 2018
------------------ testing $PTII/ptolemy/domains/de/test/auto/EventToDate.xml
auto.tcl: Setting watchdog for 200 seconds at Wed Aug 29 02:01:40 UTC 2018
3012 ms. Memory: 208384K Free: 185672K (89%)
ptolemy.util.test.WatchDog.cancel(): canceling Wed Aug 29 02:01:44 UTC 2018
auto.tcl: Setting watchdog for 200 seconds at Wed Aug 29 02:01:44 UTC 2018
3004 ms. Memory: 208384K Free: 185672K (89%)
ptolemy.util.test.WatchDog.cancel(): canceling Wed Aug 29 02:01:47 UTC 2018
------------------ testing $PTII/ptolemy/domains/de/test/auto/FSM1.xml
auto.tcl: Setting watchdog for 200 seconds at Wed Aug 29 02:01:47 UTC 2018
19 ms. Memory: 208384K Free: 189238K (91%)
ptolemy.util.test.WatchDog.cancel(): canceling Wed Aug 29 02:01:47 UTC 2018
auto.tcl: Setting watchdog for 200 seconds at Wed Aug 29 02:01:47 UTC 2018
14 ms. Memory: 208384K Free: 185013K (89%)
ptolemy.util.test.WatchDog.cancel(): canceling Wed Aug 29 02:01:47 UTC 2018
------------------ testing $PTII/ptolemy/domains/de/test/auto/FSM7.xml
auto.tcl: Setting watchdog for 200 seconds at Wed Aug 29 02:01:47 UTC 2018
13 ms. Memory: 208384K Free: 187329K (90%)
ptolemy.util.test.WatchDog.cancel(): canceling Wed Aug 29 02:01:47 UTC 2018
auto.tcl: Setting watchdog for 200 seconds at Wed Aug 29 02:01:47 UTC 2018
17 ms. Memory: 208384K Free: 185217K (89%)
ptolemy.util.test.WatchDog.cancel(): canceling Wed Aug 29 02:01:47 UTC 2018
------------------ testing $PTII/ptolemy/domains/de/test/auto/Inspection.xml
auto.tcl: Setting watchdog for 200 seconds at Wed Aug 29 02:01:47 UTC 2018
44 ms. Memory: 208384K Free: 188880K (91%)
ptolemy.util.test.WatchDog.cancel(): canceling Wed Aug 29 02:01:47 UTC 2018
auto.tcl: Setting watchdog for 200 seconds at Wed Aug 29 02:01:47 UTC 2018
25 ms. Memory: 208384K Free: 186430K (89%)
ptolemy.util.test.WatchDog.cancel(): canceling Wed Aug 29 02:01:47 UTC 2018
------------------ testing $PTII/ptolemy/domains/de/test/auto/Iteration.xml
auto.tcl: Setting watchdog for 200 seconds at Wed Aug 29 02:01:47 UTC 2018
9 ms. Memory: 208384K Free: 196017K (94%)
ptolemy.util.test.WatchDog.cancel(): canceling Wed Aug 29 02:01:47 UTC 2018
auto.tcl: Setting watchdog for 200 seconds at Wed Aug 29 02:01:47 UTC 2018
6 ms. Memory: 208384K Free: 193905K (93%)
ptolemy.util.test.WatchDog.cancel(): canceling Wed Aug 29 02:01:47 UTC 2018
------------------ testing $PTII/ptolemy/domains/de/test/auto/LineFault.xml
auto.tcl: Setting watchdog for 200 seconds at Wed Aug 29 02:01:47 UTC 2018
693 ms. Memory: 208384K Free: 196254K (94%)
ptolemy.util.test.WatchDog.cancel(): canceling Wed Aug 29 02:01:48 UTC 2018
auto.tcl: Setting watchdog for 200 seconds at Wed Aug 29 02:01:48 UTC 2018
566 ms. Memory: 208384K Free: 140454K (67%)
ptolemy.util.test.WatchDog.cancel(): canceling Wed Aug 29 02:01:49 UTC 2018
------------------ testing $PTII/ptolemy/domains/de/test/auto/MergeModel1Add.xml
auto.tcl: Setting watchdog for 200 seconds at Wed Aug 29 02:01:49 UTC 2018
19 ms. Memory: 331264K Free: 298840K (90%)
ptolemy.util.test.WatchDog.cancel(): canceling Wed Aug 29 02:01:49 UTC 2018
auto.tcl: Setting watchdog for 200 seconds at Wed Aug 29 02:01:49 UTC 2018
8 ms. Memory: 331264K Free: 298840K (90%)
ptolemy.util.test.WatchDog.cancel(): canceling Wed Aug 29 02:01:49 UTC 2018
------------------ testing $PTII/ptolemy/domains/de/test/auto/MergeModel2Add.xml
auto.tcl: Setting watchdog for 200 seconds at Wed Aug 29 02:01:49 UTC 2018
12 ms. Memory: 331264K Free: 304131K (92%)
ptolemy.util.test.WatchDog.cancel(): canceling Wed Aug 29 02:01:49 UTC 2018
auto.tcl: Setting watchdog for 200 seconds at Wed Aug 29 02:01:49 UTC 2018
7 ms. Memory: 331264K Free: 300179K (91%)
ptolemy.util.test.WatchDog.cancel(): canceling Wed Aug 29 02:01:49 UTC 2018
------------------ testing $PTII/ptolemy/domains/de/test/auto/MergeModel3Add.xml
auto.tcl: Setting watchdog for 200 seconds at Wed Aug 29 02:01:49 UTC 2018
11 ms. Memory: 331264K Free: 304142K (92%)
ptolemy.util.test.WatchDog.cancel(): canceling Wed Aug 29 02:01:49 UTC 2018
auto.tcl: Setting watchdog for 200 seconds at Wed Aug 29 02:01:49 UTC 2018
9 ms. Memory: 331264K Free: 300190K (91%)
ptolemy.util.test.WatchDog.cancel(): canceling Wed Aug 29 02:01:49 UTC 2018
------------------ testing $PTII/ptolemy/domains/de/test/auto/MergeWithoutDiscard.xml
auto.tcl: Setting watchdog for 200 seconds at Wed Aug 29 02:01:49 UTC 2018
9 ms. Memory: 331264K Free: 319946K (97%)
ptolemy.util.test.WatchDog.cancel(): canceling Wed Aug 29 02:01:49 UTC 2018
auto.tcl: Setting watchdog for 200 seconds at Wed Aug 29 02:01:49 UTC 2018
1 ms. Memory: 331264K Free: 315994K (95%)
ptolemy.util.test.WatchDog.cancel(): canceling Wed Aug 29 02:01:49 UTC 2018
------------------ testing $PTII/ptolemy/domains/de/test/auto/Modal1.xml
auto.tcl: Setting watchdog for 200 seconds at Wed Aug 29 02:01:49 UTC 2018
19 ms. Memory: 331264K Free: 309899K (94%)
ptolemy.util.test.WatchDog.cancel(): canceling Wed Aug 29 02:01:49 UTC 2018
auto.tcl: Setting watchdog for 200 seconds at Wed Aug 29 02:01:49 UTC 2018
21 ms. Memory: 331264K Free: 305947K (92%)
ptolemy.util.test.WatchDog.cancel(): canceling Wed Aug 29 02:01:49 UTC 2018
------------------ testing $PTII/ptolemy/domains/de/test/auto/Modal2.xml
auto.tcl: Setting watchdog for 200 seconds at Wed Aug 29 02:01:49 UTC 2018
10 ms. Memory: 331264K Free: 309770K (94%)
ptolemy.util.test.WatchDog.cancel(): canceling Wed Aug 29 02:01:49 UTC 2018
auto.tcl: Setting watchdog for 200 seconds at Wed Aug 29 02:01:49 UTC 2018
10 ms. Memory: 331264K Free: 305818K (92%)
ptolemy.util.test.WatchDog.cancel(): canceling Wed Aug 29 02:01:49 UTC 2018
------------------ testing $PTII/ptolemy/domains/de/test/auto/Modal3.xml
auto.tcl: Setting watchdog for 200 seconds at Wed Aug 29 02:01:49 UTC 2018
15 ms. Memory: 331264K Free: 310040K (94%)
ptolemy.util.test.WatchDog.cancel(): canceling Wed Aug 29 02:01:49 UTC 2018
auto.tcl: Setting watchdog for 200 seconds at Wed Aug 29 02:01:49 UTC 2018
11 ms. Memory: 331264K Free: 305802K (92%)
ptolemy.util.test.WatchDog.cancel(): canceling Wed Aug 29 02:01:49 UTC 2018
------------------ testing $PTII/ptolemy/domains/de/test/auto/Modal4.xml
auto.tcl: Setting watchdog for 200 seconds at Wed Aug 29 02:01:49 UTC 2018
12 ms. Memory: 331264K Free: 309768K (94%)
ptolemy.util.test.WatchDog.cancel(): canceling Wed Aug 29 02:01:50 UTC 2018
auto.tcl: Setting watchdog for 200 seconds at Wed Aug 29 02:01:50 UTC 2018
13 ms. Memory: 331264K Free: 305816K (92%)
ptolemy.util.test.WatchDog.cancel(): canceling Wed Aug 29 02:01:50 UTC 2018
------------------ testing $PTII/ptolemy/domains/de/test/auto/Modal5.xml
auto.tcl: Setting watchdog for 200 seconds at Wed Aug 29 02:01:50 UTC 2018
17 ms. Memory: 331264K Free: 309755K (94%)
ptolemy.util.test.WatchDog.cancel(): canceling Wed Aug 29 02:01:50 UTC 2018
auto.tcl: Setting watchdog for 200 seconds at Wed Aug 29 02:01:50 UTC 2018
12 ms. Memory: 331264K Free: 305803K (92%)
ptolemy.util.test.WatchDog.cancel(): canceling Wed Aug 29 02:01:50 UTC 2018
------------------ testing $PTII/ptolemy/domains/de/test/auto/Modal6.xml
auto.tcl: Setting watchdog for 200 seconds at Wed Aug 29 02:01:50 UTC 2018
11 ms. Memory: 331264K Free: 309753K (94%)
ptolemy.util.test.WatchDog.cancel(): canceling Wed Aug 29 02:01:50 UTC 2018
auto.tcl: Setting watchdog for 200 seconds at Wed Aug 29 02:01:50 UTC 2018
13 ms. Memory: 331264K Free: 305801K (92%)
ptolemy.util.test.WatchDog.cancel(): canceling Wed Aug 29 02:01:50 UTC 2018
------------------ testing $PTII/ptolemy/domains/de/test/auto/Modal7.xml
auto.tcl: Setting watchdog for 200 seconds at Wed Aug 29 02:01:50 UTC 2018
9 ms. Memory: 331264K Free: 309753K (94%)
ptolemy.util.test.WatchDog.cancel(): canceling Wed Aug 29 02:01:50 UTC 2018
auto.tcl: Setting watchdog for 200 seconds at Wed Aug 29 02:01:50 UTC 2018
10 ms. Memory: 331264K Free: 305801K (92%)
ptolemy.util.test.WatchDog.cancel(): canceling Wed Aug 29 02:01:50 UTC 2018
------------------ testing $PTII/ptolemy/domains/de/test/auto/ModalModel.xml
auto.tcl: Setting watchdog for 200 seconds at Wed Aug 29 02:01:50 UTC 2018
204 ms. Memory: 331264K Free: 246255K (74%)
ptolemy.util.test.WatchDog.cancel(): canceling Wed Aug 29 02:01:50 UTC 2018
auto.tcl: Setting watchdog for 200 seconds at Wed Aug 29 02:01:50 UTC 2018
177 ms. Memory: 331264K Free: 190886K (58%)
ptolemy.util.test.WatchDog.cancel(): canceling Wed Aug 29 02:01:50 UTC 2018
------------------ testing $PTII/ptolemy/domains/de/test/auto/ModalSource.xml
auto.tcl: Setting watchdog for 200 seconds at Wed Aug 29 02:01:50 UTC 2018
12 ms. Memory: 331264K Free: 316530K (96%)
ptolemy.util.test.WatchDog.cancel(): canceling Wed Aug 29 02:01:50 UTC 2018
auto.tcl: Setting watchdog for 200 seconds at Wed Aug 29 02:01:50 UTC 2018
6 ms. Memory: 331264K Free: 312995K (94%)
ptolemy.util.test.WatchDog.cancel(): canceling Wed Aug 29 02:01:50 UTC 2018
------------------ testing $PTII/ptolemy/domains/de/test/auto/NonInterruptibleTimerZeroDelay.xml
auto.tcl: Setting watchdog for 200 seconds at Wed Aug 29 02:01:50 UTC 2018
4 ms. Memory: 331264K Free: 320903K (97%)
ptolemy.util.test.WatchDog.cancel(): canceling Wed Aug 29 02:01:50 UTC 2018
auto.tcl: Setting watchdog for 200 seconds at Wed Aug 29 02:01:50 UTC 2018
2 ms. Memory: 331264K Free: 317368K (96%)
ptolemy.util.test.WatchDog.cancel(): canceling Wed Aug 29 02:01:50 UTC 2018
------------------ testing $PTII/ptolemy/domains/de/test/auto/OpenQueueingNetwork.xml
auto.tcl: Setting watchdog for 200 seconds at Wed Aug 29 02:01:50 UTC 2018
2716 ms. Memory: 317952K Free: 142380K (45%)
ptolemy.util.test.WatchDog.cancel(): canceling Wed Aug 29 02:01:53 UTC 2018
auto.tcl: Setting watchdog for 200 seconds at Wed Aug 29 02:01:53 UTC 2018
2361 ms. Memory: 287232K Free: 211993K (74%)
ptolemy.util.test.WatchDog.cancel(): canceling Wed Aug 29 02:01:56 UTC 2018
------------------ testing $PTII/ptolemy/domains/de/test/auto/OpenQueuingNetwork.xml
auto.tcl: Setting watchdog for 200 seconds at Wed Aug 29 02:01:56 UTC 2018
207 ms. Memory: 287232K Free: 188007K (65%)
ptolemy.util.test.WatchDog.cancel(): canceling Wed Aug 29 02:01:56 UTC 2018
auto.tcl: Setting watchdog for 200 seconds at Wed Aug 29 02:01:56 UTC 2018
211 ms. Memory: 287232K Free: 128422K (45%)
ptolemy.util.test.WatchDog.cancel(): canceling Wed Aug 29 02:01:56 UTC 2018
------------------ testing $PTII/ptolemy/domains/de/test/auto/PeriodicSampler.xml
auto.tcl: Setting watchdog for 200 seconds at Wed Aug 29 02:01:56 UTC 2018
3 ms. Memory: 289792K Free: 274931K (95%)
ptolemy.util.test.WatchDog.cancel(): canceling Wed Aug 29 02:01:56 UTC 2018
auto.tcl: Setting watchdog for 200 seconds at Wed Aug 29 02:01:56 UTC 2018
2 ms. Memory: 289792K Free: 274931K (95%)
ptolemy.util.test.WatchDog.cancel(): canceling Wed Aug 29 02:01:56 UTC 2018
------------------ testing $PTII/ptolemy/domains/de/test/auto/PersistentIO.xml
auto.tcl: Setting watchdog for 200 seconds at Wed Aug 29 02:01:56 UTC 2018
4 ms. Memory: 287232K Free: 267219K (93%)
ptolemy.util.test.WatchDog.cancel(): canceling Wed Aug 29 02:01:56 UTC 2018
auto.tcl: Setting watchdog for 200 seconds at Wed Aug 29 02:01:56 UTC 2018
4 ms. Memory: 287232K Free: 267219K (93%)
ptolemy.util.test.WatchDog.cancel(): canceling Wed Aug 29 02:01:56 UTC 2018
------------------ testing $PTII/ptolemy/domains/de/test/auto/PortParameterResetOnInitialize.xml
auto.tcl: Setting watchdog for 200 seconds at Wed Aug 29 02:01:56 UTC 2018
5 ms. Memory: 289280K Free: 274895K (95%)
ptolemy.util.test.WatchDog.cancel(): canceling Wed Aug 29 02:01:56 UTC 2018
auto.tcl: Setting watchdog for 200 seconds at Wed Aug 29 02:01:56 UTC 2018
2 ms. Memory: 289280K Free: 274895K (95%)
ptolemy.util.test.WatchDog.cancel(): canceling Wed Aug 29 02:01:56 UTC 2018
------------------ testing $PTII/ptolemy/domains/de/test/auto/PortParameterUpdates.xml
auto.tcl: Setting watchdog for 200 seconds at Wed Aug 29 02:01:56 UTC 2018
4 ms. Memory: 287232K Free: 272872K (95%)
ptolemy.util.test.WatchDog.cancel(): canceling Wed Aug 29 02:01:57 UTC 2018
auto.tcl: Setting watchdog for 200 seconds at Wed Aug 29 02:01:57 UTC 2018
3 ms. Memory: 287232K Free: 270004K (94%)
ptolemy.util.test.WatchDog.cancel(): canceling Wed Aug 29 02:01:57 UTC 2018
------------------ testing $PTII/ptolemy/domains/de/test/auto/QueueAndServer.xml
auto.tcl: Setting watchdog for 200 seconds at Wed Aug 29 02:01:57 UTC 2018
21 ms. Memory: 289280K Free: 272016K (94%)
ptolemy.util.test.WatchDog.cancel(): canceling Wed Aug 29 02:01:57 UTC 2018
auto.tcl: Setting watchdog for 200 seconds at Wed Aug 29 02:01:57 UTC 2018
6 ms. Memory: 289280K Free: 272016K (94%)
ptolemy.util.test.WatchDog.cancel(): canceling Wed Aug 29 02:01:57 UTC 2018
------------------ testing $PTII/ptolemy/domains/de/test/auto/Records.xml
auto.tcl: Setting watchdog for 200 seconds at Wed Aug 29 02:01:57 UTC 2018
7 ms. Memory: 287232K Free: 274842K (96%)
ptolemy.util.test.WatchDog.cancel(): canceling Wed Aug 29 02:01:57 UTC 2018
auto.tcl: Setting watchdog for 200 seconds at Wed Aug 29 02:01:57 UTC 2018
2 ms. Memory: 287232K Free: 274842K (96%)
ptolemy.util.test.WatchDog.cancel(): canceling Wed Aug 29 02:01:57 UTC 2018
------------------ testing $PTII/ptolemy/domains/de/test/auto/ResetTransitionWithStartTime1.xml
auto.tcl: Setting watchdog for 200 seconds at Wed Aug 29 02:01:57 UTC 2018
9 ms. Memory: 288768K Free: 273521K (95%)
ptolemy.util.test.WatchDog.cancel(): canceling Wed Aug 29 02:01:57 UTC 2018
auto.tcl: Setting watchdog for 200 seconds at Wed Aug 29 02:01:57 UTC 2018
5 ms. Memory: 288768K Free: 270638K (94%)
ptolemy.util.test.WatchDog.cancel(): canceling Wed Aug 29 02:01:57 UTC 2018
------------------ testing $PTII/ptolemy/domains/de/test/auto/ResetTransitionWithStartTime2.xml
auto.tcl: Setting watchdog for 200 seconds at Wed Aug 29 02:01:57 UTC 2018
5 ms. Memory: 287232K Free: 272076K (95%)
ptolemy.util.test.WatchDog.cancel(): canceling Wed Aug 29 02:01:57 UTC 2018
auto.tcl: Setting watchdog for 200 seconds at Wed Aug 29 02:01:57 UTC 2018
5 ms. Memory: 287232K Free: 269193K (94%)
ptolemy.util.test.WatchDog.cancel(): canceling Wed Aug 29 02:01:57 UTC 2018
------------------ testing $PTII/ptolemy/domains/de/test/auto/ResetTransitionWithStartTime3.xml
auto.tcl: Setting watchdog for 200 seconds at Wed Aug 29 02:01:57 UTC 2018
5 ms. Memory: 288768K Free: 273510K (95%)
ptolemy.util.test.WatchDog.cancel(): canceling Wed Aug 29 02:01:57 UTC 2018
auto.tcl: Setting watchdog for 200 seconds at Wed Aug 29 02:01:57 UTC 2018
6 ms. Memory: 288768K Free: 270627K (94%)
ptolemy.util.test.WatchDog.cancel(): canceling Wed Aug 29 02:01:57 UTC 2018
------------------ testing $PTII/ptolemy/domains/de/test/auto/ResetTransitionWithStartTime4.xml
auto.tcl: Setting watchdog for 200 seconds at Wed Aug 29 02:01:57 UTC 2018
4 ms. Memory: 287232K Free: 271989K (95%)
ptolemy.util.test.WatchDog.cancel(): canceling Wed Aug 29 02:01:57 UTC 2018
auto.tcl: Setting watchdog for 200 seconds at Wed Aug 29 02:01:57 UTC 2018
3 ms. Memory: 287232K Free: 271989K (95%)
ptolemy.util.test.WatchDog.cancel(): canceling Wed Aug 29 02:01:57 UTC 2018
------------------ testing $PTII/ptolemy/domains/de/test/auto/ResettableTimer1.xml
auto.tcl: Setting watchdog for 200 seconds at Wed Aug 29 02:01:57 UTC 2018
3 ms. Memory: 288768K Free: 276371K (96%)
ptolemy.util.test.WatchDog.cancel(): canceling Wed Aug 29 02:01:57 UTC 2018
auto.tcl: Setting watchdog for 200 seconds at Wed Aug 29 02:01:57 UTC 2018
2 ms. Memory: 288768K Free: 276371K (96%)
ptolemy.util.test.WatchDog.cancel(): canceling Wed Aug 29 02:01:57 UTC 2018
------------------ testing $PTII/ptolemy/domains/de/test/auto/ResettableTimer2.xml
auto.tcl: Setting watchdog for 200 seconds at Wed Aug 29 02:01:57 UTC 2018
3 ms. Memory: 287232K Free: 275003K (96%)
ptolemy.util.test.WatchDog.cancel(): canceling Wed Aug 29 02:01:57 UTC 2018
auto.tcl: Setting watchdog for 200 seconds at Wed Aug 29 02:01:57 UTC 2018
4 ms. Memory: 287232K Free: 275003K (96%)
ptolemy.util.test.WatchDog.cancel(): canceling Wed Aug 29 02:01:57 UTC 2018
------------------ testing $PTII/ptolemy/domains/de/test/auto/ResettableTimer3.xml
auto.tcl: Setting watchdog for 200 seconds at Wed Aug 29 02:01:57 UTC 2018
1 ms. Memory: 288256K Free: 275917K (96%)
ptolemy.util.test.WatchDog.cancel(): canceling Wed Aug 29 02:01:57 UTC 2018
auto.tcl: Setting watchdog for 200 seconds at Wed Aug 29 02:01:57 UTC 2018
1 ms. Memory: 288256K Free: 275917K (96%)
ptolemy.util.test.WatchDog.cancel(): canceling Wed Aug 29 02:01:57 UTC 2018
------------------ testing $PTII/ptolemy/domains/de/test/auto/ResettableTimer4.xml
auto.tcl: Setting watchdog for 200 seconds at Wed Aug 29 02:01:57 UTC 2018
1 ms. Memory: 287232K Free: 275007K (96%)
ptolemy.util.test.WatchDog.cancel(): canceling Wed Aug 29 02:01:57 UTC 2018
auto.tcl: Setting watchdog for 200 seconds at Wed Aug 29 02:01:57 UTC 2018
1 ms. Memory: 287232K Free: 275007K (96%)
ptolemy.util.test.WatchDog.cancel(): canceling Wed Aug 29 02:01:57 UTC 2018
------------------ testing $PTII/ptolemy/domains/de/test/auto/ResettableTimer5.xml
auto.tcl: Setting watchdog for 200 seconds at Wed Aug 29 02:01:57 UTC 2018
1 ms. Memory: 288256K Free: 273987K (95%)
ptolemy.util.test.WatchDog.cancel(): canceling Wed Aug 29 02:01:57 UTC 2018
auto.tcl: Setting watchdog for 200 seconds at Wed Aug 29 02:01:57 UTC 2018
1 ms. Memory: 288256K Free: 273987K (95%)
ptolemy.util.test.WatchDog.cancel(): canceling Wed Aug 29 02:01:57 UTC 2018
------------------ testing $PTII/ptolemy/domains/de/test/auto/ResettableTimer6.xml
auto.tcl: Setting watchdog for 200 seconds at Wed Aug 29 02:01:57 UTC 2018
1 ms. Memory: 287232K Free: 272795K (95%)
ptolemy.util.test.WatchDog.cancel(): canceling Wed Aug 29 02:01:57 UTC 2018
auto.tcl: Setting watchdog for 200 seconds at Wed Aug 29 02:01:57 UTC 2018
1 ms. Memory: 287232K Free: 272795K (95%)
ptolemy.util.test.WatchDog.cancel(): canceling Wed Aug 29 02:01:57 UTC 2018
------------------ testing $PTII/ptolemy/domains/de/test/auto/ServerZeroDelay.xml
auto.tcl: Setting watchdog for 200 seconds at Wed Aug 29 02:01:57 UTC 2018
7 ms. Memory: 288256K Free: 275977K (96%)
ptolemy.util.test.WatchDog.cancel(): canceling Wed Aug 29 02:01:57 UTC 2018
auto.tcl: Setting watchdog for 200 seconds at Wed Aug 29 02:01:57 UTC 2018
2 ms. Memory: 288256K Free: 275977K (96%)
ptolemy.util.test.WatchDog.cancel(): canceling Wed Aug 29 02:01:57 UTC 2018
------------------ testing $PTII/ptolemy/domains/de/test/auto/SmartSender.xml
auto.tcl: Setting watchdog for 200 seconds at Wed Aug 29 02:01:57 UTC 2018
3001 ms. Memory: 287232K Free: 272898K (95%)
ptolemy.util.test.WatchDog.cancel(): canceling Wed Aug 29 02:02:00 UTC 2018
auto.tcl: Setting watchdog for 200 seconds at Wed Aug 29 02:02:00 UTC 2018
3002 ms. Memory: 287232K Free: 272898K (95%)
ptolemy.util.test.WatchDog.cancel(): canceling Wed Aug 29 02:02:03 UTC 2018
------------------ testing $PTII/ptolemy/domains/de/test/auto/ThreadedComposite.xml
auto.tcl: Setting watchdog for 200 seconds at Wed Aug 29 02:02:03 UTC 2018
209 ms. Memory: 288256K Free: 252868K (88%)
ptolemy.util.test.WatchDog.cancel(): canceling Wed Aug 29 02:02:04 UTC 2018
auto.tcl: Setting watchdog for 200 seconds at Wed Aug 29 02:02:04 UTC 2018
104 ms. Memory: 288256K Free: 234785K (81%)
ptolemy.util.test.WatchDog.cancel(): canceling Wed Aug 29 02:02:04 UTC 2018
------------------ testing $PTII/ptolemy/domains/de/test/auto/Time.xml
auto.tcl: Setting watchdog for 200 seconds at Wed Aug 29 02:02:04 UTC 2018
508 ms. Memory: 287232K Free: 216941K (76%)
ptolemy.util.test.WatchDog.cancel(): canceling Wed Aug 29 02:02:04 UTC 2018
auto.tcl: Setting watchdog for 200 seconds at Wed Aug 29 02:02:04 UTC 2018
465 ms. Memory: 287232K Free: 162469K (57%)
ptolemy.util.test.WatchDog.cancel(): canceling Wed Aug 29 02:02:05 UTC 2018
------------------ testing $PTII/ptolemy/domains/de/test/auto/TimeDelayZeroDelay.xml
auto.tcl: Setting watchdog for 200 seconds at Wed Aug 29 02:02:05 UTC 2018
3 ms. Memory: 287744K Free: 275937K (96%)
ptolemy.util.test.WatchDog.cancel(): canceling Wed Aug 29 02:02:05 UTC 2018
auto.tcl: Setting watchdog for 200 seconds at Wed Aug 29 02:02:05 UTC 2018
2 ms. Memory: 287744K Free: 275937K (96%)
ptolemy.util.test.WatchDog.cancel(): canceling Wed Aug 29 02:02:05 UTC 2018
------------------ testing $PTII/ptolemy/domains/de/test/auto/TimerZeroDelay.xml
auto.tcl: Setting watchdog for 200 seconds at Wed Aug 29 02:02:05 UTC 2018
2 ms. Memory: 287232K Free: 275550K (96%)
ptolemy.util.test.WatchDog.cancel(): canceling Wed Aug 29 02:02:05 UTC 2018
auto.tcl: Setting watchdog for 200 seconds at Wed Aug 29 02:02:05 UTC 2018
2 ms. Memory: 287232K Free: 275550K (96%)
ptolemy.util.test.WatchDog.cancel(): canceling Wed Aug 29 02:02:05 UTC 2018
------------------ testing $PTII/ptolemy/domains/de/test/auto/TimingParadox.xml
auto.tcl: Setting watchdog for 200 seconds at Wed Aug 29 02:02:05 UTC 2018
327 ms. Memory: 287744K Free: 210270K (73%)
ptolemy.util.test.WatchDog.cancel(): canceling Wed Aug 29 02:02:06 UTC 2018
auto.tcl: Setting watchdog for 200 seconds at Wed Aug 29 02:02:06 UTC 2018
317 ms. Memory: 287744K Free: 171975K (60%)
ptolemy.util.test.WatchDog.cancel(): canceling Wed Aug 29 02:02:06 UTC 2018
------------------ testing $PTII/ptolemy/domains/de/test/auto/TransferInputs.xml
auto.tcl: Setting watchdog for 200 seconds at Wed Aug 29 02:02:06 UTC 2018
2 ms. Memory: 287744K Free: 274884K (96%)
ptolemy.util.test.WatchDog.cancel(): canceling Wed Aug 29 02:02:06 UTC 2018
auto.tcl: Setting watchdog for 200 seconds at Wed Aug 29 02:02:06 UTC 2018
2 ms. Memory: 287744K Free: 274884K (96%)
ptolemy.util.test.WatchDog.cancel(): canceling Wed Aug 29 02:02:06 UTC 2018
------------------ testing $PTII/ptolemy/domains/de/test/auto/TransferOutputs2.xml
auto.tcl: Setting watchdog for 200 seconds at Wed Aug 29 02:02:06 UTC 2018
3 ms. Memory: 287232K Free: 272897K (95%)
ptolemy.util.test.WatchDog.cancel(): canceling Wed Aug 29 02:02:06 UTC 2018
auto.tcl: Setting watchdog for 200 seconds at Wed Aug 29 02:02:06 UTC 2018
2 ms. Memory: 287232K Free: 270297K (94%)
ptolemy.util.test.WatchDog.cancel(): canceling Wed Aug 29 02:02:06 UTC 2018
------------------ testing $PTII/ptolemy/domains/de/test/auto/Trilateration.xml
auto.tcl: Setting watchdog for 200 seconds at Wed Aug 29 02:02:06 UTC 2018
13545 ms. Memory: 473088K Free: 230736K (49%)
ptolemy.util.test.WatchDog.cancel(): canceling Wed Aug 29 02:02:21 UTC 2018
auto.tcl: Setting watchdog for 200 seconds at Wed Aug 29 02:02:21 UTC 2018
10637 ms. Memory: 352256K Free: 176987K (50%)
ptolemy.util.test.WatchDog.cancel(): canceling Wed Aug 29 02:02:31 UTC 2018
------------------ testing $PTII/ptolemy/domains/de/test/auto/TwoSigmaDelta.xml
auto.tcl: Setting watchdog for 200 seconds at Wed Aug 29 02:02:31 UTC 2018
2922 ms. Memory: 339968K Free: 298465K (88%)
ptolemy.util.test.WatchDog.cancel(): canceling Wed Aug 29 02:02:34 UTC 2018
auto.tcl: Setting watchdog for 200 seconds at Wed Aug 29 02:02:34 UTC 2018
2025 ms. Memory: 339968K Free: 66815K (20%)
ptolemy.util.test.WatchDog.cancel(): canceling Wed Aug 29 02:02:36 UTC 2018
------------------ testing $PTII/ptolemy/domains/de/test/auto/VariableDelay.xml
auto.tcl: Setting watchdog for 200 seconds at Wed Aug 29 02:02:36 UTC 2018
2 ms. Memory: 337408K Free: 325975K (97%)
ptolemy.util.test.WatchDog.cancel(): canceling Wed Aug 29 02:02:36 UTC 2018
auto.tcl: Setting watchdog for 200 seconds at Wed Aug 29 02:02:36 UTC 2018
2 ms. Memory: 337408K Free: 322144K (95%)
ptolemy.util.test.WatchDog.cancel(): canceling Wed Aug 29 02:02:36 UTC 2018
------------------ testing $PTII/ptolemy/domains/de/test/auto/VariableDelay2.xml
auto.tcl: Setting watchdog for 200 seconds at Wed Aug 29 02:02:37 UTC 2018
1 ms. Memory: 339456K Free: 328433K (97%)
ptolemy.util.test.WatchDog.cancel(): canceling Wed Aug 29 02:02:37 UTC 2018
auto.tcl: Setting watchdog for 200 seconds at Wed Aug 29 02:02:37 UTC 2018
2 ms. Memory: 339456K Free: 324610K (96%)
ptolemy.util.test.WatchDog.cancel(): canceling Wed Aug 29 02:02:37 UTC 2018
------------------ testing $PTII/ptolemy/domains/de/test/auto/VariableDelayZeroDelay.xml
auto.tcl: Setting watchdog for 200 seconds at Wed Aug 29 02:02:37 UTC 2018
2 ms. Memory: 337408K Free: 323824K (96%)
ptolemy.util.test.WatchDog.cancel(): canceling Wed Aug 29 02:02:37 UTC 2018
auto.tcl: Setting watchdog for 200 seconds at Wed Aug 29 02:02:37 UTC 2018
2 ms. Memory: 337408K Free: 319993K (95%)
ptolemy.util.test.WatchDog.cancel(): canceling Wed Aug 29 02:02:37 UTC 2018
------------------ testing $PTII/ptolemy/domains/de/test/auto/VariableDelayZeroDelay2.xml
auto.tcl: Setting watchdog for 200 seconds at Wed Aug 29 02:02:37 UTC 2018
2 ms. Memory: 339456K Free: 325870K (96%)
ptolemy.util.test.WatchDog.cancel(): canceling Wed Aug 29 02:02:37 UTC 2018
auto.tcl: Setting watchdog for 200 seconds at Wed Aug 29 02:02:37 UTC 2018
5 ms. Memory: 339456K Free: 322039K (95%)
ptolemy.util.test.WatchDog.cancel(): canceling Wed Aug 29 02:02:37 UTC 2018
------------------ testing $PTII/ptolemy/domains/de/test/auto/deInCt.xml
auto.tcl: Setting watchdog for 200 seconds at Wed Aug 29 02:02:37 UTC 2018
0
1
1
1
0
0
0
1
1
1
0
0
0
1
1
1
0
0
0
1
1
1
0
0
0
0
0
1
1
1
1
0
0
0
1
1
0
0
0
0
0
0
1
1
1
1
19 ms. Memory: 337408K Free: 320000K (95%)
ptolemy.util.test.WatchDog.cancel(): canceling Wed Aug 29 02:02:37 UTC 2018
auto.tcl: Setting watchdog for 200 seconds at Wed Aug 29 02:02:37 UTC 2018
0
1
1
1
0
0
0
0
0
1
1
1
0
0
0
1
1
1
1
1
0
0
0
1
1
1
1
0
0
0
1
1
0
0
0
1
1
1
0
0
0
0
9 ms. Memory: 337408K Free: 320000K (95%)
ptolemy.util.test.WatchDog.cancel(): canceling Wed Aug 29 02:02:37 UTC 2018
------------------ testing $PTII/ptolemy/domains/de/test/auto/deInCt2.xml
auto.tcl: Setting watchdog for 200 seconds at Wed Aug 29 02:02:37 UTC 2018
0
1
1
1
0
0
1
1
1
0
0
1
1
1
0
0
1
1
1
0
0
1
1
1
0
0
1
1
1
0
0
1
1
1
0
0
1
1
1
0
0
0
9 ms. Memory: 338944K Free: 321540K (95%)
ptolemy.util.test.WatchDog.cancel(): canceling Wed Aug 29 02:02:37 UTC 2018
auto.tcl: Setting watchdog for 200 seconds at Wed Aug 29 02:02:37 UTC 2018
0
1
1
1
0
0
1
1
1
0
0
1
1
1
0
0
1
1
1
0
0
1
1
1
0
0
1
1
1
0
0
1
1
1
0
0
1
1
1
0
0
0
8 ms. Memory: 338944K Free: 321540K (95%)
ptolemy.util.test.WatchDog.cancel(): canceling Wed Aug 29 02:02:37 UTC 2018
------------------ testing $PTII/ptolemy/domains/de/test/auto/dynamicCausalityInterface1.xml
auto.tcl: Setting watchdog for 200 seconds at Wed Aug 29 02:02:37 UTC 2018
2 ms. Memory: 337408K Free: 316169K (94%)
ptolemy.util.test.WatchDog.cancel(): canceling Wed Aug 29 02:02:37 UTC 2018
auto.tcl: Setting watchdog for 200 seconds at Wed Aug 29 02:02:37 UTC 2018
1 ms. Memory: 337408K Free: 316169K (94%)
ptolemy.util.test.WatchDog.cancel(): canceling Wed Aug 29 02:02:37 UTC 2018
------------------ testing $PTII/ptolemy/domains/de/test/auto/fsm_de_test.xml
auto.tcl: Setting watchdog for 200 seconds at Wed Aug 29 02:02:37 UTC 2018
10 ms. Memory: 338944K Free: 317600K (94%)
ptolemy.util.test.WatchDog.cancel(): canceling Wed Aug 29 02:02:37 UTC 2018
auto.tcl: Setting watchdog for 200 seconds at Wed Aug 29 02:02:37 UTC 2018
3 ms. Memory: 338944K Free: 317600K (94%)
ptolemy.util.test.WatchDog.cancel(): canceling Wed Aug 29 02:02:37 UTC 2018
------------------ testing $PTII/ptolemy/domains/de/test/auto/functionDependencyReconstruction.xml
auto.tcl: Setting watchdog for 200 seconds at Wed Aug 29 02:02:37 UTC 2018
2 ms. Memory: 337408K Free: 308400K (91%)
ptolemy.util.test.WatchDog.cancel(): canceling Wed Aug 29 02:02:37 UTC 2018
auto.tcl: Setting watchdog for 200 seconds at Wed Aug 29 02:02:37 UTC 2018
2 ms. Memory: 337408K Free: 308400K (91%)
ptolemy.util.test.WatchDog.cancel(): canceling Wed Aug 29 02:02:37 UTC 2018
------------------ testing $PTII/ptolemy/domains/de/test/auto/multirate.xml
auto.tcl: Setting watchdog for 200 seconds at Wed Aug 29 02:02:37 UTC 2018
6 ms. Memory: 338432K Free: 320770K (95%)
ptolemy.util.test.WatchDog.cancel(): canceling Wed Aug 29 02:02:37 UTC 2018
auto.tcl: Setting watchdog for 200 seconds at Wed Aug 29 02:02:37 UTC 2018
3 ms. Memory: 338432K Free: 320770K (95%)
ptolemy.util.test.WatchDog.cancel(): canceling Wed Aug 29 02:02:37 UTC 2018
------------------ testing $PTII/ptolemy/domains/de/test/auto/multirate2.xml
auto.tcl: Setting watchdog for 200 seconds at Wed Aug 29 02:02:37 UTC 2018
4 ms. Memory: 337408K Free: 319934K (95%)
ptolemy.util.test.WatchDog.cancel(): canceling Wed Aug 29 02:02:37 UTC 2018
auto.tcl: Setting watchdog for 200 seconds at Wed Aug 29 02:02:37 UTC 2018
3 ms. Memory: 337408K Free: 319934K (95%)
ptolemy.util.test.WatchDog.cancel(): canceling Wed Aug 29 02:02:37 UTC 2018
------------------ testing $PTII/ptolemy/domains/de/test/auto/realtime.xml
auto.tcl: Setting watchdog for 200 seconds at Wed Aug 29 02:02:37 UTC 2018
10001 ms. Memory: 338432K Free: 320953K (95%)
ptolemy.util.test.WatchDog.cancel(): canceling Wed Aug 29 02:02:47 UTC 2018
auto.tcl: Setting watchdog for 200 seconds at Wed Aug 29 02:02:47 UTC 2018
10002 ms. Memory: 338432K Free: 320953K (95%)
ptolemy.util.test.WatchDog.cancel(): canceling Wed Aug 29 02:02:57 UTC 2018
------------------ testing $PTII/ptolemy/domains/de/test/auto/relationGroup.xml
auto.tcl: Setting watchdog for 200 seconds at Wed Aug 29 02:02:57 UTC 2018
2 ms. Memory: 337408K Free: 323789K (96%)
ptolemy.util.test.WatchDog.cancel(): canceling Wed Aug 29 02:02:57 UTC 2018
auto.tcl: Setting watchdog for 200 seconds at Wed Aug 29 02:02:57 UTC 2018
1 ms. Memory: 337408K Free: 323789K (96%)
ptolemy.util.test.WatchDog.cancel(): canceling Wed Aug 29 02:02:57 UTC 2018
------------------ testing $PTII/ptolemy/domains/de/test/auto/relationGroup2.xml
auto.tcl: Setting watchdog for 200 seconds at Wed Aug 29 02:02:57 UTC 2018
3 ms. Memory: 338432K Free: 324839K (96%)
ptolemy.util.test.WatchDog.cancel(): canceling Wed Aug 29 02:02:57 UTC 2018
auto.tcl: Setting watchdog for 200 seconds at Wed Aug 29 02:02:57 UTC 2018
1 ms. Memory: 338432K Free: 324839K (96%)
ptolemy.util.test.WatchDog.cancel(): canceling Wed Aug 29 02:02:57 UTC 2018
------------------ testing $PTII/ptolemy/domains/de/test/auto/sortWithOpaquePorts.xml
auto.tcl: Setting watchdog for 200 seconds at Wed Aug 29 02:02:58 UTC 2018
1 ms. Memory: 337408K Free: 323816K (96%)
ptolemy.util.test.WatchDog.cancel(): canceling Wed Aug 29 02:02:58 UTC 2018
auto.tcl: Setting watchdog for 200 seconds at Wed Aug 29 02:02:58 UTC 2018
2 ms. Memory: 337408K Free: 319985K (95%)
ptolemy.util.test.WatchDog.cancel(): canceling Wed Aug 29 02:02:58 UTC 2018
------------------ testing $PTII/ptolemy/domains/de/test/auto/transferInputsandOutputs.xml
auto.tcl: Setting watchdog for 200 seconds at Wed Aug 29 02:02:58 UTC 2018
2 ms. Memory: 337920K Free: 320501K (95%)
ptolemy.util.test.WatchDog.cancel(): canceling Wed Aug 29 02:02:58 UTC 2018
auto.tcl: Setting watchdog for 200 seconds at Wed Aug 29 02:02:58 UTC 2018
2 ms. Memory: 337920K Free: 320501K (95%)
ptolemy.util.test.WatchDog.cancel(): canceling Wed Aug 29 02:02:58 UTC 2018
------------------ testing $PTII/ptolemy/domains/de/test/auto/triggerType.xml
auto.tcl: Setting watchdog for 200 seconds at Wed Aug 29 02:02:58 UTC 2018
2 ms. Memory: 337408K Free: 323755K (96%)
ptolemy.util.test.WatchDog.cancel(): canceling Wed Aug 29 02:02:58 UTC 2018
auto.tcl: Setting watchdog for 200 seconds at Wed Aug 29 02:02:58 UTC 2018
1 ms. Memory: 337408K Free: 319940K (95%)
ptolemy.util.test.WatchDog.cancel(): canceling Wed Aug 29 02:02:58 UTC 2018
08/29/18 02:02:58
Failed: 0  Total Tests: 192  ((Passed: 187, Newly Passed: 1)  Known Failed: 5) /home/travis/build/icyphy/ptII/ptolemy/domains/de/test
08/29/18 02:02:58
Failed: 0  Total Tests: 192  ((Passed: 187, Newly Passed: 1)  Known Failed: 5) /home/travis/build/icyphy/ptII/ptolemy/domains/de/test
----------------- testing (KnownFailure) /home/travis/build/icyphy/ptII/ptolemy/domains/de/test/auto/knownFailedTests/DESDFClockTest.xml
2011 ms. Memory: 337920K Free: 314060K (93%)
Known Failure: java.lang.reflect.InvocationTargetException
----------------- testing (KnownFailure) /home/travis/build/icyphy/ptII/ptolemy/domains/de/test/auto/knownFailedTests/DirectFeedback.xml
1 ms. Memory: 337920K Free: 293580K (87%)
Known Failure: java.lang.reflect.InvocationTargetException
----------------- testing (KnownFailure) /home/travis/build/icyphy/ptII/ptolemy/domains/de/test/auto/knownFailedTests/FSMSource.xml
5 ms. Memory: 337920K Free: 267963K (79%)
----------------- testing (KnownFailure) /home/travis/build/icyphy/ptII/ptolemy/domains/de/test/auto/knownFailedTests/HierarchicalModel.xml
2 ms. Memory: 337920K Free: 242347K (72%)
Known Failure: java.lang.reflect.InvocationTargetException
----------------- testing (KnownFailure) /home/travis/build/icyphy/ptII/ptolemy/domains/de/test/auto/knownFailedTests/dependencyLoop.xml
2 ms. Memory: 337920K Free: 211611K (63%)
Known Failure: java.lang.reflect.InvocationTargetException
----------------- testing (KnownFailure) /home/travis/build/icyphy/ptII/ptolemy/domains/de/test/auto/knownFailedTests/dependencyLoop2.xml
3 ms. Memory: 337920K Free: 180874K (54%)
Known Failure: java.lang.reflect.InvocationTargetException
No auto/linux-amd64/*.xml tests in /home/travis/build/icyphy/ptII/ptolemy/domains/de/test
AutoTests.java: About to close Vertx.
AutoTests.java: Vertx closed.

===========================================================================================
----------------- testing Wed Aug 29 02:03:00 UTC 2018 /home/travis/build/icyphy/ptII/ptolemy/domains/de/test/auto/ActorDepthCalculation_actorWithoutPorts.xml
----------------- Instantiating /home/travis/build/icyphy/ptII/ptolemy/domains/de/test/auto/ActorDepthCalculation_actorWithoutPorts.xml
1 ms. Memory: 337920K Free: 155274K (46%)
----------------- Invoking toplevel() on ptolemy.moml.MoMLSimpleApplication@38a822b0
----------------- Done invoking toplevel() on ptolemy.moml.MoMLSimpleApplication@38a822b0
reloadAllAccessors: .ActorDepthCalculation_actorWithoutPorts

===========================================================================================
----------------- testing Wed Aug 29 02:03:00 UTC 2018 /home/travis/build/icyphy/ptII/ptolemy/domains/de/test/auto/AssemblyLine.xml
----------------- Instantiating /home/travis/build/icyphy/ptII/ptolemy/domains/de/test/auto/AssemblyLine.xml
2 ms. Memory: 337920K Free: 139898K (41%)
----------------- Invoking toplevel() on ptolemy.moml.MoMLSimpleApplication@6371ab63
----------------- Done invoking toplevel() on ptolemy.moml.MoMLSimpleApplication@6371ab63
reloadAllAccessors: .AssemblyLine

===========================================================================================
----------------- testing Wed Aug 29 02:03:00 UTC 2018 /home/travis/build/icyphy/ptII/ptolemy/domains/de/test/auto/CQBug1.xml
----------------- Instantiating /home/travis/build/icyphy/ptII/ptolemy/domains/de/test/auto/CQBug1.xml
1 ms. Memory: 337920K Free: 129658K (38%)
----------------- Invoking toplevel() on ptolemy.moml.MoMLSimpleApplication@6aadf0a2
----------------- Done invoking toplevel() on ptolemy.moml.MoMLSimpleApplication@6aadf0a2
reloadAllAccessors: .CQBug1

===========================================================================================
----------------- testing Wed Aug 29 02:03:00 UTC 2018 /home/travis/build/icyphy/ptII/ptolemy/domains/de/test/auto/CancelFireAt.xml
----------------- Instantiating /home/travis/build/icyphy/ptII/ptolemy/domains/de/test/auto/CancelFireAt.xml
1 ms. Memory: 337920K Free: 119418K (35%)
----------------- Invoking toplevel() on ptolemy.moml.MoMLSimpleApplication@7f0cc578
----------------- Done invoking toplevel() on ptolemy.moml.MoMLSimpleApplication@7f0cc578
reloadAllAccessors: .CancelFireAt

===========================================================================================
----------------- testing Wed Aug 29 02:03:00 UTC 2018 /home/travis/build/icyphy/ptII/ptolemy/domains/de/test/auto/CausalityAndComposabilityAnalysis.xml
----------------- Instantiating /home/travis/build/icyphy/ptII/ptolemy/domains/de/test/auto/CausalityAndComposabilityAnalysis.xml
1 ms. Memory: 337920K Free: 109178K (32%)
----------------- Invoking toplevel() on ptolemy.moml.MoMLSimpleApplication@3661ff1f
----------------- Done invoking toplevel() on ptolemy.moml.MoMLSimpleApplication@3661ff1f
reloadAllAccessors: .CausalityAndComposabilityAnalysis

===========================================================================================
----------------- testing Wed Aug 29 02:03:00 UTC 2018 /home/travis/build/icyphy/ptII/ptolemy/domains/de/test/auto/CausalityInterface1.xml
----------------- Instantiating /home/travis/build/icyphy/ptII/ptolemy/domains/de/test/auto/CausalityInterface1.xml
3 ms. Memory: 337920K Free: 98938K (29%)
----------------- Invoking toplevel() on ptolemy.moml.MoMLSimpleApplication@ee27072
----------------- Done invoking toplevel() on ptolemy.moml.MoMLSimpleApplication@ee27072
reloadAllAccessors: .CausalityInterface1

===========================================================================================
----------------- testing Wed Aug 29 02:03:00 UTC 2018 /home/travis/build/icyphy/ptII/ptolemy/domains/de/test/auto/CausalityInterface15.xml
----------------- Instantiating /home/travis/build/icyphy/ptII/ptolemy/domains/de/test/auto/CausalityInterface15.xml
1 ms. Memory: 337920K Free: 84883K (25%)
----------------- Invoking toplevel() on ptolemy.moml.MoMLSimpleApplication@1546e9e8
----------------- Done invoking toplevel() on ptolemy.moml.MoMLSimpleApplication@1546e9e8
reloadAllAccessors: .CausalityInterface15

[...]
java.lang.RuntimeException: Execution failed
	at ptolemy.moml.MoMLSimpleApplication$UnloadThread.run(MoMLSimpleApplication.java:402)
Caused by: ptolemy.kernel.util.IllegalActionException: Test fails in iteration 1.
Value was: 1.0. Should have been: 2.0
  in .DirectFeedback.Test
	at ptolemy.actor.lib.Test.fire(Test.java:268)
	at ptolemy.domains.de.kernel.DEDirector._fire(DEDirector.java:1949)
	at ptolemy.domains.de.kernel.DEDirector.fire(DEDirector.java:502)
	at ptolemy.actor.CompositeActor.fire(CompositeActor.java:455)
	at ptolemy.actor.Manager.iterate(Manager.java:851)
	at ptolemy.actor.Manager.execute(Manager.java:369)
	at ptolemy.actor.Manager.run(Manager.java:1263)
	at ptolemy.actor.Manager$PtolemyRunThread.run(Manager.java:1915)
java.lang.RuntimeException: Execution failed
	at ptolemy.moml.MoMLSimpleApplication$UnloadThread.run(MoMLSimpleApplication.java:402)
Caused by: ptolemy.kernel.util.IllegalActionException: Actor is not ready to fire.  Perhaps UpSample.prefire() returned false? Try debugging the actor by selecting "Listen to Actor".  Also, for SDF check moml for tokenConsumptionRate on input.
  in .DESDFClockTest.Play Bell.Copy1:SDF Director and .DESDFClockTest.Play Bell.UpSample
	at ptolemy.actor.sched.StaticSchedulingDirector.fire(StaticSchedulingDirector.java:227)
	at ptolemy.domains.sdf.kernel.SDFDirector.fire(SDFDirector.java:500)
	at ptolemy.actor.CompositeActor.fire(CompositeActor.java:455)
	at ptolemy.domains.de.kernel.DEDirector._fire(DEDirector.java:1949)
	at ptolemy.domains.de.kernel.DEDirector.fire(DEDirector.java:502)
	at ptolemy.actor.CompositeActor.fire(CompositeActor.java:455)
	at ptolemy.actor.Manager.iterate(Manager.java:851)
	at ptolemy.actor.Manager.execute(Manager.java:369)
	at ptolemy.actor.Manager.run(Manager.java:1263)
	at ptolemy.actor.Manager$PtolemyRunThread.run(Manager.java:1915)
java.lang.reflect.InvocationTargetException
	at sun.reflect.NativeConstructorAccessorImpl.newInstance0(Native Method)
	at sun.reflect.NativeConstructorAccessorImpl.newInstance(NativeConstructorAccessorImpl.java:62)
	at sun.reflect.DelegatingConstructorAccessorImpl.newInstance(DelegatingConstructorAccessorImpl.java:45)
	at java.lang.reflect.Constructor.newInstance(Constructor.java:423)
	at ptolemy.util.test.junit.AutoKnownFailedTests.RunModel(AutoKnownFailedTests.java:107)
	at sun.reflect.NativeMethodAccessorImpl.invoke0(Native Method)
	at sun.reflect.NativeMethodAccessorImpl.invoke(NativeMethodAccessorImpl.java:62)
	at sun.reflect.DelegatingMethodAccessorImpl.invoke(DelegatingMethodAccessorImpl.java:43)
	at java.lang.reflect.Method.invoke(Method.java:498)
	at org.junit.runners.model.FrameworkMethod$1.runReflectiveCall(FrameworkMethod.java:44)
	at org.junit.internal.runners.model.ReflectiveCallable.run(ReflectiveCallable.java:15)
	at org.junit.runners.model.FrameworkMethod.invokeExplosively(FrameworkMethod.java:41)
	at junitparams.internal.InvokeParameterisedMethod.evaluate(InvokeParameterisedMethod.java:102)
	at org.junit.internal.runners.statements.FailOnTimeout$1.run(FailOnTimeout.java:28)
Caused by: ptolemy.kernel.util.IllegalActionException: Actor is not ready to fire.  Perhaps UpSample.prefire() returned false? Try debugging the actor by selecting "Listen to Actor".  Also, for SDF check moml for tokenConsumptionRate on input.
  in .DESDFClockTest.Play Bell.Copy1:SDF Director and .DESDFClockTest.Play Bell.UpSample
	at ptolemy.actor.sched.StaticSchedulingDirector.fire(StaticSchedulingDirector.java:227)
	at ptolemy.domains.sdf.kernel.SDFDirector.fire(SDFDirector.java:500)
	at ptolemy.actor.CompositeActor.fire(CompositeActor.java:455)
	at ptolemy.domains.de.kernel.DEDirector._fire(DEDirector.java:1949)
	at ptolemy.domains.de.kernel.DEDirector.fire(DEDirector.java:502)
	at ptolemy.actor.CompositeActor.fire(CompositeActor.java:455)
	at ptolemy.actor.Manager.iterate(Manager.java:851)
	at ptolemy.actor.Manager.execute(Manager.java:369)
	at ptolemy.actor.Manager.run(Manager.java:1263)
	at ptolemy.actor.Manager$PtolemyRunThread.run(Manager.java:1915)
java.lang.RuntimeException: Execution failed
	at ptolemy.moml.MoMLSimpleApplication$UnloadThread.run(MoMLSimpleApplication.java:402)
Caused by: ptolemy.kernel.util.IllegalActionException: Test fails in iteration 1.
Value was: 1.0. Should have been: 2.0
  in .DirectFeedback.Test
	at ptolemy.actor.lib.Test.fire(Test.java:268)
	at ptolemy.domains.de.kernel.DEDirector._fire(DEDirector.java:1949)
	at ptolemy.domains.de.kernel.DEDirector.fire(DEDirector.java:502)
	at ptolemy.actor.CompositeActor.fire(CompositeActor.java:455)
	at ptolemy.actor.Manager.iterate(Manager.java:851)
	at ptolemy.actor.Manager.execute(Manager.java:369)
	at ptolemy.actor.Manager.run(Manager.java:1263)
	at ptolemy.actor.Manager$PtolemyRunThread.run(Manager.java:1915)
java.lang.reflect.InvocationTargetException
	at sun.reflect.NativeConstructorAccessorImpl.newInstance0(Native Method)
	at sun.reflect.NativeConstructorAccessorImpl.newInstance(NativeConstructorAccessorImpl.java:62)
	at sun.reflect.DelegatingConstructorAccessorImpl.newInstance(DelegatingConstructorAccessorImpl.java:45)
	at java.lang.reflect.Constructor.newInstance(Constructor.java:423)
	at ptolemy.util.test.junit.AutoKnownFailedTests.RunModel(AutoKnownFailedTests.java:107)
	at sun.reflect.NativeMethodAccessorImpl.invoke0(Native Method)
	at sun.reflect.NativeMethodAccessorImpl.invoke(NativeMethodAccessorImpl.java:62)
	at sun.reflect.DelegatingMethodAccessorImpl.invoke(DelegatingMethodAccessorImpl.java:43)
	at java.lang.reflect.Method.invoke(Method.java:498)
	at org.junit.runners.model.FrameworkMethod$1.runReflectiveCall(FrameworkMethod.java:44)
	at org.junit.internal.runners.model.ReflectiveCallable.run(ReflectiveCallable.java:15)
	at org.junit.runners.model.FrameworkMethod.invokeExplosively(FrameworkMethod.java:41)
	at junitparams.internal.InvokeParameterisedMethod.evaluate(InvokeParameterisedMethod.java:102)
	at org.junit.internal.runners.statements.FailOnTimeout$1.run(FailOnTimeout.java:28)
Caused by: ptolemy.kernel.util.IllegalActionException: Test fails in iteration 1.
Value was: 1.0. Should have been: 2.0
  in .DirectFeedback.Test
	at ptolemy.actor.lib.Test.fire(Test.java:268)
	at ptolemy.domains.de.kernel.DEDirector._fire(DEDirector.java:1949)
	at ptolemy.domains.de.kernel.DEDirector.fire(DEDirector.java:502)
	at ptolemy.actor.CompositeActor.fire(CompositeActor.java:455)
	at ptolemy.actor.Manager.iterate(Manager.java:851)
	at ptolemy.actor.Manager.execute(Manager.java:369)
	at ptolemy.actor.Manager.run(Manager.java:1263)
	at ptolemy.actor.Manager$PtolemyRunThread.run(Manager.java:1915)
java.lang.RuntimeException: Execution failed
	at ptolemy.moml.MoMLSimpleApplication$UnloadThread.run(MoMLSimpleApplication.java:402)
Caused by: ptolemy.kernel.util.IllegalActionException: Found a zero delay loop containing .HierarchicalModel.A
  in .HierarchicalModel and .HierarchicalModel.A
	at ptolemy.actor.util.CausalityInterfaceForComposites._computeOutputPortDepth(CausalityInterfaceForComposites.java:759)
	at ptolemy.actor.util.CausalityInterfaceForComposites._computeInputDepth(CausalityInterfaceForComposites.java:696)
	at ptolemy.actor.util.CausalityInterfaceForComposites._computeOutputPortDepth(CausalityInterfaceForComposites.java:765)
	at ptolemy.actor.util.CausalityInterfaceForComposites._computeInputDepth(CausalityInterfaceForComposites.java:696)
	at ptolemy.actor.util.CausalityInterfaceForComposites._computeOutputPortDepth(CausalityInterfaceForComposites.java:765)
	at ptolemy.actor.util.CausalityInterfaceForComposites._computeInputDepth(CausalityInterfaceForComposites.java:696)
	at ptolemy.actor.util.CausalityInterfaceForComposites._computeActorDepth(CausalityInterfaceForComposites.java:532)
	at ptolemy.actor.util.CausalityInterfaceForComposites.checkForCycles(CausalityInterfaceForComposites.java:96)
	at ptolemy.domains.de.kernel.DEDirector.preinitialize(DEDirector.java:1338)
	at ptolemy.actor.CompositeActor.preinitialize(CompositeActor.java:1828)
	at ptolemy.actor.Manager.preinitializeAndResolveTypes(Manager.java:1040)
	at ptolemy.actor.Manager.initialize(Manager.java:710)
	at ptolemy.actor.Manager.execute(Manager.java:356)
	at ptolemy.actor.Manager.run(Manager.java:1263)
	at ptolemy.actor.Manager$PtolemyRunThread.run(Manager.java:1915)
java.lang.reflect.InvocationTargetException
	at sun.reflect.NativeConstructorAccessorImpl.newInstance0(Native Method)
	at sun.reflect.NativeConstructorAccessorImpl.newInstance(NativeConstructorAccessorImpl.java:62)
	at sun.reflect.DelegatingConstructorAccessorImpl.newInstance(DelegatingConstructorAccessorImpl.java:45)
	at java.lang.reflect.Constructor.newInstance(Constructor.java:423)
	at ptolemy.util.test.junit.AutoKnownFailedTests.RunModel(AutoKnownFailedTests.java:107)
	at sun.reflect.NativeMethodAccessorImpl.invoke0(Native Method)
	at sun.reflect.NativeMethodAccessorImpl.invoke(NativeMethodAccessorImpl.java:62)
	at sun.reflect.DelegatingMethodAccessorImpl.invoke(DelegatingMethodAccessorImpl.java:43)
	at java.lang.reflect.Method.invoke(Method.java:498)
	at org.junit.runners.model.FrameworkMethod$1.runReflectiveCall(FrameworkMethod.java:44)
	at org.junit.internal.runners.model.ReflectiveCallable.run(ReflectiveCallable.java:15)
	at org.junit.runners.model.FrameworkMethod.invokeExplosively(FrameworkMethod.java:41)
	at junitparams.internal.InvokeParameterisedMethod.evaluate(InvokeParameterisedMethod.java:102)
	at org.junit.internal.runners.statements.FailOnTimeout$1.run(FailOnTimeout.java:28)
Caused by: ptolemy.kernel.util.IllegalActionException: Found a zero delay loop containing .HierarchicalModel.A
  in .HierarchicalModel and .HierarchicalModel.A
	at ptolemy.actor.util.CausalityInterfaceForComposites._computeOutputPortDepth(CausalityInterfaceForComposites.java:759)
	at ptolemy.actor.util.CausalityInterfaceForComposites._computeInputDepth(CausalityInterfaceForComposites.java:696)
	at ptolemy.actor.util.CausalityInterfaceForComposites._computeOutputPortDepth(CausalityInterfaceForComposites.java:765)
	at ptolemy.actor.util.CausalityInterfaceForComposites._computeInputDepth(CausalityInterfaceForComposites.java:696)
	at ptolemy.actor.util.CausalityInterfaceForComposites._computeOutputPortDepth(CausalityInterfaceForComposites.java:765)
	at ptolemy.actor.util.CausalityInterfaceForComposites._computeInputDepth(CausalityInterfaceForComposites.java:696)
	at ptolemy.actor.util.CausalityInterfaceForComposites._computeActorDepth(CausalityInterfaceForComposites.java:532)
	at ptolemy.actor.util.CausalityInterfaceForComposites.checkForCycles(CausalityInterfaceForComposites.java:96)
	at ptolemy.domains.de.kernel.DEDirector.preinitialize(DEDirector.java:1338)
	at ptolemy.actor.CompositeActor.preinitialize(CompositeActor.java:1828)
	at ptolemy.actor.Manager.preinitializeAndResolveTypes(Manager.java:1040)
	at ptolemy.actor.Manager.initialize(Manager.java:710)
	at ptolemy.actor.Manager.execute(Manager.java:356)
	at ptolemy.actor.Manager.run(Manager.java:1263)
	at ptolemy.actor.Manager$PtolemyRunThread.run(Manager.java:1915)
java.lang.RuntimeException: Execution failed
	at ptolemy.moml.MoMLSimpleApplication$UnloadThread.run(MoMLSimpleApplication.java:402)
Caused by: ptolemy.kernel.util.IllegalActionException: Found a zero delay loop containing .dependencyLoop.original
  in .dependencyLoop and .dependencyLoop.original
	at ptolemy.actor.util.CausalityInterfaceForComposites._computeOutputPortDepth(CausalityInterfaceForComposites.java:759)
	at ptolemy.actor.util.CausalityInterfaceForComposites._computeInputDepth(CausalityInterfaceForComposites.java:696)
	at ptolemy.actor.util.CausalityInterfaceForComposites._computeOutputPortDepth(CausalityInterfaceForComposites.java:765)
	at ptolemy.actor.util.CausalityInterfaceForComposites._computeInputDepth(CausalityInterfaceForComposites.java:696)
	at ptolemy.actor.util.CausalityInterfaceForComposites._computeOutputPortDepth(CausalityInterfaceForComposites.java:765)
	at ptolemy.actor.util.CausalityInterfaceForComposites._computeInputDepth(CausalityInterfaceForComposites.java:696)
	at ptolemy.actor.util.CausalityInterfaceForComposites._computeActorDepth(CausalityInterfaceForComposites.java:532)
	at ptolemy.actor.util.CausalityInterfaceForComposites.checkForCycles(CausalityInterfaceForComposites.java:96)
	at ptolemy.domains.de.kernel.DEDirector.preinitialize(DEDirector.java:1338)
	at ptolemy.actor.CompositeActor.preinitialize(CompositeActor.java:1828)
	at ptolemy.actor.Manager.preinitializeAndResolveTypes(Manager.java:1040)
	at ptolemy.actor.Manager.initialize(Manager.java:710)
	at ptolemy.actor.Manager.execute(Manager.java:356)
	at ptolemy.actor.Manager.run(Manager.java:1263)
	at ptolemy.actor.Manager$PtolemyRunThread.run(Manager.java:1915)
java.lang.reflect.InvocationTargetException
	at sun.reflect.NativeConstructorAccessorImpl.newInstance0(Native Method)
	at sun.reflect.NativeConstructorAccessorImpl.newInstance(NativeConstructorAccessorImpl.java:62)
	at sun.reflect.DelegatingConstructorAccessorImpl.newInstance(DelegatingConstructorAccessorImpl.java:45)
	at java.lang.reflect.Constructor.newInstance(Constructor.java:423)
	at ptolemy.util.test.junit.AutoKnownFailedTests.RunModel(AutoKnownFailedTests.java:107)
	at sun.reflect.NativeMethodAccessorImpl.invoke0(Native Method)
	at sun.reflect.NativeMethodAccessorImpl.invoke(NativeMethodAccessorImpl.java:62)
	at sun.reflect.DelegatingMethodAccessorImpl.invoke(DelegatingMethodAccessorImpl.java:43)
	at java.lang.reflect.Method.invoke(Method.java:498)
	at org.junit.runners.model.FrameworkMethod$1.runReflectiveCall(FrameworkMethod.java:44)
	at org.junit.internal.runners.model.ReflectiveCallable.run(ReflectiveCallable.java:15)
	at org.junit.runners.model.FrameworkMethod.invokeExplosively(FrameworkMethod.java:41)
	at junitparams.internal.InvokeParameterisedMethod.evaluate(InvokeParameterisedMethod.java:102)
	at org.junit.internal.runners.statements.FailOnTimeout$1.run(FailOnTimeout.java:28)
Caused by: ptolemy.kernel.util.IllegalActionException: Found a zero delay loop containing .dependencyLoop.original
  in .dependencyLoop and .dependencyLoop.original
	at ptolemy.actor.util.CausalityInterfaceForComposites._computeOutputPortDepth(CausalityInterfaceForComposites.java:759)
	at ptolemy.actor.util.CausalityInterfaceForComposites._computeInputDepth(CausalityInterfaceForComposites.java:696)
	at ptolemy.actor.util.CausalityInterfaceForComposites._computeOutputPortDepth(CausalityInterfaceForComposites.java:765)
	at ptolemy.actor.util.CausalityInterfaceForComposites._computeInputDepth(CausalityInterfaceForComposites.java:696)
	at ptolemy.actor.util.CausalityInterfaceForComposites._computeOutputPortDepth(CausalityInterfaceForComposites.java:765)
	at ptolemy.actor.util.CausalityInterfaceForComposites._computeInputDepth(CausalityInterfaceForComposites.java:696)
	at ptolemy.actor.util.CausalityInterfaceForComposites._computeActorDepth(CausalityInterfaceForComposites.java:532)
	at ptolemy.actor.util.CausalityInterfaceForComposites.checkForCycles(CausalityInterfaceForComposites.java:96)
	at ptolemy.domains.de.kernel.DEDirector.preinitialize(DEDirector.java:1338)
	at ptolemy.actor.CompositeActor.preinitialize(CompositeActor.java:1828)
	at ptolemy.actor.Manager.preinitializeAndResolveTypes(Manager.java:1040)
	at ptolemy.actor.Manager.initialize(Manager.java:710)
	at ptolemy.actor.Manager.execute(Manager.java:356)
	at ptolemy.actor.Manager.run(Manager.java:1263)
	at ptolemy.actor.Manager$PtolemyRunThread.run(Manager.java:1915)
java.lang.RuntimeException: Execution failed
	at ptolemy.moml.MoMLSimpleApplication$UnloadThread.run(MoMLSimpleApplication.java:402)
Caused by: ptolemy.kernel.util.IllegalActionException: Found a zero delay loop containing .dependencyLoop2.original
  in .dependencyLoop2 and .dependencyLoop2.original
	at ptolemy.actor.util.CausalityInterfaceForComposites._computeOutputPortDepth(CausalityInterfaceForComposites.java:759)
	at ptolemy.actor.util.CausalityInterfaceForComposites._computeInputDepth(CausalityInterfaceForComposites.java:696)
	at ptolemy.actor.util.CausalityInterfaceForComposites._computeOutputPortDepth(CausalityInterfaceForComposites.java:765)
	at ptolemy.actor.util.CausalityInterfaceForComposites._computeInputDepth(CausalityInterfaceForComposites.java:696)
	at ptolemy.actor.util.CausalityInterfaceForComposites._computeOutputPortDepth(CausalityInterfaceForComposites.java:765)
	at ptolemy.actor.util.CausalityInterfaceForComposites._computeInputDepth(CausalityInterfaceForComposites.java:696)
	at ptolemy.actor.util.CausalityInterfaceForComposites._computeActorDepth(CausalityInterfaceForComposites.java:532)
	at ptolemy.actor.util.CausalityInterfaceForComposites.checkForCycles(CausalityInterfaceForComposites.java:96)
	at ptolemy.domains.de.kernel.DEDirector.preinitialize(DEDirector.java:1338)
	at ptolemy.actor.CompositeActor.preinitialize(CompositeActor.java:1828)
	at ptolemy.actor.Manager.preinitializeAndResolveTypes(Manager.java:1040)
	at ptolemy.actor.Manager.initialize(Manager.java:710)
	at ptolemy.actor.Manager.execute(Manager.java:356)
	at ptolemy.actor.Manager.run(Manager.java:1263)
	at ptolemy.actor.Manager$PtolemyRunThread.run(Manager.java:1915)
java.lang.reflect.InvocationTargetException
	at sun.reflect.NativeConstructorAccessorImpl.newInstance0(Native Method)
	at sun.reflect.NativeConstructorAccessorImpl.newInstance(NativeConstructorAccessorImpl.java:62)
	at sun.reflect.DelegatingConstructorAccessorImpl.newInstance(DelegatingConstructorAccessorImpl.java:45)
	at java.lang.reflect.Constructor.newInstance(Constructor.java:423)
	at ptolemy.util.test.junit.AutoKnownFailedTests.RunModel(AutoKnownFailedTests.java:107)
	at sun.reflect.NativeMethodAccessorImpl.invoke0(Native Method)
	at sun.reflect.NativeMethodAccessorImpl.invoke(NativeMethodAccessorImpl.java:62)
	at sun.reflect.DelegatingMethodAccessorImpl.invoke(DelegatingMethodAccessorImpl.java:43)
	at java.lang.reflect.Method.invoke(Method.java:498)
	at org.junit.runners.model.FrameworkMethod$1.runReflectiveCall(FrameworkMethod.java:44)
	at org.junit.internal.runners.model.ReflectiveCallable.run(ReflectiveCallable.java:15)
	at org.junit.runners.model.FrameworkMethod.invokeExplosively(FrameworkMethod.java:41)
	at junitparams.internal.InvokeParameterisedMethod.evaluate(InvokeParameterisedMethod.java:102)
	at org.junit.internal.runners.statements.FailOnTimeout$1.run(FailOnTimeout.java:28)
Caused by: ptolemy.kernel.util.IllegalActionException: Found a zero delay loop containing .dependencyLoop2.original
  in .dependencyLoop2 and .dependencyLoop2.original
	at ptolemy.actor.util.CausalityInterfaceForComposites._computeOutputPortDepth(CausalityInterfaceForComposites.java:759)
	at ptolemy.actor.util.CausalityInterfaceForComposites._computeInputDepth(CausalityInterfaceForComposites.java:696)
	at ptolemy.actor.util.CausalityInterfaceForComposites._computeOutputPortDepth(CausalityInterfaceForComposites.java:765)
	at ptolemy.actor.util.CausalityInterfaceForComposites._computeInputDepth(CausalityInterfaceForComposites.java:696)
	at ptolemy.actor.util.CausalityInterfaceForComposites._computeOutputPortDepth(CausalityInterfaceForComposites.java:765)
	at ptolemy.actor.util.CausalityInterfaceForComposites._computeInputDepth(CausalityInterfaceForComposites.java:696)
	at ptolemy.actor.util.CausalityInterfaceForComposites._computeActorDepth(CausalityInterfaceForComposites.java:532)
	at ptolemy.actor.util.CausalityInterfaceForComposites.checkForCycles(CausalityInterfaceForComposites.java:96)
	at ptolemy.domains.de.kernel.DEDirector.preinitialize(DEDirector.java:1338)
	at ptolemy.actor.CompositeActor.preinitialize(CompositeActor.java:1828)
	at ptolemy.actor.Manager.preinitializeAndResolveTypes(Manager.java:1040)
	at ptolemy.actor.Manager.initialize(Manager.java:710)
	at ptolemy.actor.Manager.execute(Manager.java:356)
	at ptolemy.actor.Manager.run(Manager.java:1263)
	at ptolemy.actor.Manager$PtolemyRunThread.run(Manager.java:1915)
]]></system-err>
</testsuite>
