<?xml version="1.0" encoding="UTF-8" ?>
<testsuite errors="0" failures="0" hostname="travis-job-518f23fb-b39e-49e5-974e-0fb5f4471e97" name="ptolemy.domains.de.test.junit.JUnitTclTest" skipped="0" tests="101" time="126.448" timestamp="2018-11-18T02:48:22">
  <properties>
[...]
</properties>
  <testcase classname="ptolemy.util.test.junit.TclTests" name="[0] /home/travis/build/icyphy/ptII/ptolemy/domains/de/test/DependencyLoop.tcl (RunTclFile)" time="0.768" />
  <testcase classname="ptolemy.util.test.junit.TclTests" name="[1] /home/travis/build/icyphy/ptII/ptolemy/domains/de/test/RunDETestsAsQSS.tcl (RunTclFile)" time="86.476" />
  <testcase classname="ptolemy.util.test.junit.AutoKnownFailedTests" name="[0] /home/travis/build/icyphy/ptII/ptolemy/domains/de/test/auto/knownFailedTests/DESDFClockTest.xml (RunModel)" time="2.04" />
  <testcase classname="ptolemy.util.test.junit.AutoKnownFailedTests" name="[1] /home/travis/build/icyphy/ptII/ptolemy/domains/de/test/auto/knownFailedTests/DirectFeedback.xml (RunModel)" time="0.023" />
  <testcase classname="ptolemy.util.test.junit.AutoKnownFailedTests" name="[2] /home/travis/build/icyphy/ptII/ptolemy/domains/de/test/auto/knownFailedTests/FSMSource.xml (RunModel)" time="0.028" />
  <testcase classname="ptolemy.util.test.junit.AutoKnownFailedTests" name="[3] /home/travis/build/icyphy/ptII/ptolemy/domains/de/test/auto/knownFailedTests/HierarchicalModel.xml (RunModel)" time="0.047" />
  <testcase classname="ptolemy.util.test.junit.AutoKnownFailedTests" name="[4] /home/travis/build/icyphy/ptII/ptolemy/domains/de/test/auto/knownFailedTests/dependencyLoop.xml (RunModel)" time="0.037" />
  <testcase classname="ptolemy.util.test.junit.AutoKnownFailedTests" name="[5] /home/travis/build/icyphy/ptII/ptolemy/domains/de/test/auto/knownFailedTests/dependencyLoop2.xml (RunModel)" time="0.039" />
  <testcase classname="ptolemy.util.test.junit.AutoNameArchTests" name="[0] ThereAreNoAutoArchTests (RunModel)" time="0.0" />
  <testcase classname="ptolemy.util.test.junit.AutoTests" name="[0] /home/travis/build/icyphy/ptII/ptolemy/domains/de/test/auto/ActorDepthCalculation_actorWithoutPorts.xml (RunModel)" time="0.019" />
  <testcase classname="ptolemy.util.test.junit.AutoTests" name="[1] /home/travis/build/icyphy/ptII/ptolemy/domains/de/test/auto/AssemblyLine.xml (RunModel)" time="0.013" />
  <testcase classname="ptolemy.util.test.junit.AutoTests" name="[2] /home/travis/build/icyphy/ptII/ptolemy/domains/de/test/auto/CQBug1.xml (RunModel)" time="0.005" />
  <testcase classname="ptolemy.util.test.junit.AutoTests" name="[3] /home/travis/build/icyphy/ptII/ptolemy/domains/de/test/auto/CancelFireAt.xml (RunModel)" time="0.004" />
  <testcase classname="ptolemy.util.test.junit.AutoTests" name="[4] /home/travis/build/icyphy/ptII/ptolemy/domains/de/test/auto/CausalityAndComposabilityAnalysis.xml (RunModel)" time="0.008" />
  <testcase classname="ptolemy.util.test.junit.AutoTests" name="[5] /home/travis/build/icyphy/ptII/ptolemy/domains/de/test/auto/CausalityInterface1.xml (RunModel)" time="0.008" />
  <testcase classname="ptolemy.util.test.junit.AutoTests" name="[6] /home/travis/build/icyphy/ptII/ptolemy/domains/de/test/auto/CausalityInterface15.xml (RunModel)" time="0.008" />
  <testcase classname="ptolemy.util.test.junit.AutoTests" name="[7] /home/travis/build/icyphy/ptII/ptolemy/domains/de/test/auto/CausalityInterface2.xml (RunModel)" time="0.007" />
  <testcase classname="ptolemy.util.test.junit.AutoTests" name="[8] /home/travis/build/icyphy/ptII/ptolemy/domains/de/test/auto/CausalityInterface3.xml (RunModel)" time="0.008" />
  <testcase classname="ptolemy.util.test.junit.AutoTests" name="[9] /home/travis/build/icyphy/ptII/ptolemy/domains/de/test/auto/ClockDrift.xml (RunModel)" time="0.022" />
  <testcase classname="ptolemy.util.test.junit.AutoTests" name="[10] /home/travis/build/icyphy/ptII/ptolemy/domains/de/test/auto/ClockDriftAndValueChange.xml (RunModel)" time="0.021" />
  <testcase classname="ptolemy.util.test.junit.AutoTests" name="[11] /home/travis/build/icyphy/ptII/ptolemy/domains/de/test/auto/ClockDriftChange.xml (RunModel)" time="0.018" />
  <testcase classname="ptolemy.util.test.junit.AutoTests" name="[12] /home/travis/build/icyphy/ptII/ptolemy/domains/de/test/auto/ComposableCausalityAnalysis.xml (RunModel)" time="0.019" />
  <testcase classname="ptolemy.util.test.junit.AutoTests" name="[13] /home/travis/build/icyphy/ptII/ptolemy/domains/de/test/auto/DEFixedPointLimitation.xml (RunModel)" time="0.008" />
  <testcase classname="ptolemy.util.test.junit.AutoTests" name="[14] /home/travis/build/icyphy/ptII/ptolemy/domains/de/test/auto/DEScheduleTest.xml (RunModel)" time="0.011" />
  <testcase classname="ptolemy.util.test.junit.AutoTests" name="[15] /home/travis/build/icyphy/ptII/ptolemy/domains/de/test/auto/DEinDEwithStartTimes.xml (RunModel)" time="0.012" />
  <testcase classname="ptolemy.util.test.junit.AutoTests" name="[16] /home/travis/build/icyphy/ptII/ptolemy/domains/de/test/auto/DEinDEwithStartTimes2.xml (RunModel)" time="0.012" />
  <testcase classname="ptolemy.util.test.junit.AutoTests" name="[17] /home/travis/build/icyphy/ptII/ptolemy/domains/de/test/auto/DateDemo.xml (RunModel)" time="0.034" />
  <testcase classname="ptolemy.util.test.junit.AutoTests" name="[18] /home/travis/build/icyphy/ptII/ptolemy/domains/de/test/auto/DateToEvent.xml (RunModel)" time="2.039" />
  <testcase classname="ptolemy.util.test.junit.AutoTests" name="[19] /home/travis/build/icyphy/ptII/ptolemy/domains/de/test/auto/DepthTest1.xml (RunModel)" time="0.012" />
  <testcase classname="ptolemy.util.test.junit.AutoTests" name="[20] /home/travis/build/icyphy/ptII/ptolemy/domains/de/test/auto/DepthTest2.xml (RunModel)" time="0.02" />
  <testcase classname="ptolemy.util.test.junit.AutoTests" name="[21] /home/travis/build/icyphy/ptII/ptolemy/domains/de/test/auto/DepthTest3.xml (RunModel)" time="0.01" />
  <testcase classname="ptolemy.util.test.junit.AutoTests" name="[22] /home/travis/build/icyphy/ptII/ptolemy/domains/de/test/auto/DepthTest4.xml (RunModel)" time="0.015" />
  <testcase classname="ptolemy.util.test.junit.AutoTests" name="[23] /home/travis/build/icyphy/ptII/ptolemy/domains/de/test/auto/DepthTest5.xml (RunModel)" time="0.018" />
  <testcase classname="ptolemy.util.test.junit.AutoTests" name="[24] /home/travis/build/icyphy/ptII/ptolemy/domains/de/test/auto/DepthTest6.xml (RunModel)" time="0.013" />
  <testcase classname="ptolemy.util.test.junit.AutoTests" name="[25] /home/travis/build/icyphy/ptII/ptolemy/domains/de/test/auto/DepthTest7.xml (RunModel)" time="0.018" />
  <testcase classname="ptolemy.util.test.junit.AutoTests" name="[26] /home/travis/build/icyphy/ptII/ptolemy/domains/de/test/auto/EventToDate.xml (RunModel)" time="3.038" />
  <testcase classname="ptolemy.util.test.junit.AutoTests" name="[27] /home/travis/build/icyphy/ptII/ptolemy/domains/de/test/auto/FSM1.xml (RunModel)" time="0.026" />
  <testcase classname="ptolemy.util.test.junit.AutoTests" name="[28] /home/travis/build/icyphy/ptII/ptolemy/domains/de/test/auto/FSM7.xml (RunModel)" time="0.036" />
  <testcase classname="ptolemy.util.test.junit.AutoTests" name="[29] /home/travis/build/icyphy/ptII/ptolemy/domains/de/test/auto/Inspection.xml (RunModel)" time="0.044" />
  <testcase classname="ptolemy.util.test.junit.AutoTests" name="[30] /home/travis/build/icyphy/ptII/ptolemy/domains/de/test/auto/Iteration.xml (RunModel)" time="0.024" />
  <testcase classname="ptolemy.util.test.junit.AutoTests" name="[31] /home/travis/build/icyphy/ptII/ptolemy/domains/de/test/auto/LineFault.xml (RunModel)" time="0.42" />
  <testcase classname="ptolemy.util.test.junit.AutoTests" name="[32] /home/travis/build/icyphy/ptII/ptolemy/domains/de/test/auto/MergeModel1Add.xml (RunModel)" time="0.037" />
  <testcase classname="ptolemy.util.test.junit.AutoTests" name="[33] /home/travis/build/icyphy/ptII/ptolemy/domains/de/test/auto/MergeModel2Add.xml (RunModel)" time="0.031" />
  <testcase classname="ptolemy.util.test.junit.AutoTests" name="[34] /home/travis/build/icyphy/ptII/ptolemy/domains/de/test/auto/MergeModel3Add.xml (RunModel)" time="0.037" />
  <testcase classname="ptolemy.util.test.junit.AutoTests" name="[35] /home/travis/build/icyphy/ptII/ptolemy/domains/de/test/auto/MergeWithoutDiscard.xml (RunModel)" time="0.013" />
  <testcase classname="ptolemy.util.test.junit.AutoTests" name="[36] /home/travis/build/icyphy/ptII/ptolemy/domains/de/test/auto/Modal1.xml (RunModel)" time="0.027" />
  <testcase classname="ptolemy.util.test.junit.AutoTests" name="[37] /home/travis/build/icyphy/ptII/ptolemy/domains/de/test/auto/Modal2.xml (RunModel)" time="0.028" />
  <testcase classname="ptolemy.util.test.junit.AutoTests" name="[38] /home/travis/build/icyphy/ptII/ptolemy/domains/de/test/auto/Modal3.xml (RunModel)" time="0.029" />
  <testcase classname="ptolemy.util.test.junit.AutoTests" name="[39] /home/travis/build/icyphy/ptII/ptolemy/domains/de/test/auto/Modal4.xml (RunModel)" time="0.029" />
  <testcase classname="ptolemy.util.test.junit.AutoTests" name="[40] /home/travis/build/icyphy/ptII/ptolemy/domains/de/test/auto/Modal5.xml (RunModel)" time="0.024" />
  <testcase classname="ptolemy.util.test.junit.AutoTests" name="[41] /home/travis/build/icyphy/ptII/ptolemy/domains/de/test/auto/Modal6.xml (RunModel)" time="0.022" />
  <testcase classname="ptolemy.util.test.junit.AutoTests" name="[42] /home/travis/build/icyphy/ptII/ptolemy/domains/de/test/auto/Modal7.xml (RunModel)" time="0.019" />
  <testcase classname="ptolemy.util.test.junit.AutoTests" name="[43] /home/travis/build/icyphy/ptII/ptolemy/domains/de/test/auto/ModalModel.xml (RunModel)" time="0.104" />
  <testcase classname="ptolemy.util.test.junit.AutoTests" name="[44] /home/travis/build/icyphy/ptII/ptolemy/domains/de/test/auto/ModalSource.xml (RunModel)" time="0.012" />
  <testcase classname="ptolemy.util.test.junit.AutoTests" name="[45] /home/travis/build/icyphy/ptII/ptolemy/domains/de/test/auto/NonInterruptibleTimerZeroDelay.xml (RunModel)" time="0.007" />
  <testcase classname="ptolemy.util.test.junit.AutoTests" name="[46] /home/travis/build/icyphy/ptII/ptolemy/domains/de/test/auto/OpenQueueingNetwork.xml (RunModel)" time="2.041" />
  <testcase classname="ptolemy.util.test.junit.AutoTests" name="[47] /home/travis/build/icyphy/ptII/ptolemy/domains/de/test/auto/OpenQueuingNetwork.xml (RunModel)" time="0.269" />
  <testcase classname="ptolemy.util.test.junit.AutoTests" name="[48] /home/travis/build/icyphy/ptII/ptolemy/domains/de/test/auto/PeriodicSampler.xml (RunModel)" time="0.008" />
  <testcase classname="ptolemy.util.test.junit.AutoTests" name="[49] /home/travis/build/icyphy/ptII/ptolemy/domains/de/test/auto/PersistentIO.xml (RunModel)" time="0.018" />
  <testcase classname="ptolemy.util.test.junit.AutoTests" name="[50] /home/travis/build/icyphy/ptII/ptolemy/domains/de/test/auto/PortParameterResetOnInitialize.xml (RunModel)" time="0.008" />
  <testcase classname="ptolemy.util.test.junit.AutoTests" name="[51] /home/travis/build/icyphy/ptII/ptolemy/domains/de/test/auto/PortParameterUpdates.xml (RunModel)" time="0.017" />
  <testcase classname="ptolemy.util.test.junit.AutoTests" name="[52] /home/travis/build/icyphy/ptII/ptolemy/domains/de/test/auto/QueueAndServer.xml (RunModel)" time="0.021" />
  <testcase classname="ptolemy.util.test.junit.AutoTests" name="[53] /home/travis/build/icyphy/ptII/ptolemy/domains/de/test/auto/Records.xml (RunModel)" time="0.018" />
  <testcase classname="ptolemy.util.test.junit.AutoTests" name="[54] /home/travis/build/icyphy/ptII/ptolemy/domains/de/test/auto/ResetTransitionWithStartTime1.xml (RunModel)" time="0.017" />
  <testcase classname="ptolemy.util.test.junit.AutoTests" name="[55] /home/travis/build/icyphy/ptII/ptolemy/domains/de/test/auto/ResetTransitionWithStartTime2.xml (RunModel)" time="0.022" />
  <testcase classname="ptolemy.util.test.junit.AutoTests" name="[56] /home/travis/build/icyphy/ptII/ptolemy/domains/de/test/auto/ResetTransitionWithStartTime3.xml (RunModel)" time="0.02" />
  <testcase classname="ptolemy.util.test.junit.AutoTests" name="[57] /home/travis/build/icyphy/ptII/ptolemy/domains/de/test/auto/ResetTransitionWithStartTime4.xml (RunModel)" time="0.021" />
  <testcase classname="ptolemy.util.test.junit.AutoTests" name="[58] /home/travis/build/icyphy/ptII/ptolemy/domains/de/test/auto/ResettableTimer1.xml (RunModel)" time="0.01" />
  <testcase classname="ptolemy.util.test.junit.AutoTests" name="[59] /home/travis/build/icyphy/ptII/ptolemy/domains/de/test/auto/ResettableTimer2.xml (RunModel)" time="0.009" />
  <testcase classname="ptolemy.util.test.junit.AutoTests" name="[60] /home/travis/build/icyphy/ptII/ptolemy/domains/de/test/auto/ResettableTimer3.xml (RunModel)" time="0.008" />
  <testcase classname="ptolemy.util.test.junit.AutoTests" name="[61] /home/travis/build/icyphy/ptII/ptolemy/domains/de/test/auto/ResettableTimer4.xml (RunModel)" time="0.01" />
  <testcase classname="ptolemy.util.test.junit.AutoTests" name="[62] /home/travis/build/icyphy/ptII/ptolemy/domains/de/test/auto/ResettableTimer5.xml (RunModel)" time="0.009" />
  <testcase classname="ptolemy.util.test.junit.AutoTests" name="[63] /home/travis/build/icyphy/ptII/ptolemy/domains/de/test/auto/ResettableTimer6.xml (RunModel)" time="0.02" />
  <testcase classname="ptolemy.util.test.junit.AutoTests" name="[64] /home/travis/build/icyphy/ptII/ptolemy/domains/de/test/auto/ServerZeroDelay.xml (RunModel)" time="0.01" />
  <testcase classname="ptolemy.util.test.junit.AutoTests" name="[65] /home/travis/build/icyphy/ptII/ptolemy/domains/de/test/auto/SmartSender.xml (RunModel)" time="3.008" />
  <testcase classname="ptolemy.util.test.junit.AutoTests" name="[66] /home/travis/build/icyphy/ptII/ptolemy/domains/de/test/auto/ThreadedComposite.xml (RunModel)" time="0.556" />
  <testcase classname="ptolemy.util.test.junit.AutoTests" name="[67] /home/travis/build/icyphy/ptII/ptolemy/domains/de/test/auto/Time.xml (RunModel)" time="0.468" />
  <testcase classname="ptolemy.util.test.junit.AutoTests" name="[68] /home/travis/build/icyphy/ptII/ptolemy/domains/de/test/auto/TimeDelayZeroDelay.xml (RunModel)" time="0.011" />
  <testcase classname="ptolemy.util.test.junit.AutoTests" name="[69] /home/travis/build/icyphy/ptII/ptolemy/domains/de/test/auto/TimerZeroDelay.xml (RunModel)" time="0.009" />
  <testcase classname="ptolemy.util.test.junit.AutoTests" name="[70] /home/travis/build/icyphy/ptII/ptolemy/domains/de/test/auto/TimingParadox.xml (RunModel)" time="0.324" />
  <testcase classname="ptolemy.util.test.junit.AutoTests" name="[71] /home/travis/build/icyphy/ptII/ptolemy/domains/de/test/auto/TransferInputs.xml (RunModel)" time="0.008" />
  <testcase classname="ptolemy.util.test.junit.AutoTests" name="[72] /home/travis/build/icyphy/ptII/ptolemy/domains/de/test/auto/TransferOutputs2.xml (RunModel)" time="0.014" />
  <testcase classname="ptolemy.util.test.junit.AutoTests" name="[73] /home/travis/build/icyphy/ptII/ptolemy/domains/de/test/auto/Trilateration.xml (RunModel)" time="11.272" />
  <testcase classname="ptolemy.util.test.junit.AutoTests" name="[74] /home/travis/build/icyphy/ptII/ptolemy/domains/de/test/auto/TwoSigmaDelta.xml (RunModel)" time="1.901" />
  <testcase classname="ptolemy.util.test.junit.AutoTests" name="[75] /home/travis/build/icyphy/ptII/ptolemy/domains/de/test/auto/VariableDelay.xml (RunModel)" time="0.01" />
  <testcase classname="ptolemy.util.test.junit.AutoTests" name="[76] /home/travis/build/icyphy/ptII/ptolemy/domains/de/test/auto/VariableDelay2.xml (RunModel)" time="0.009" />
  <testcase classname="ptolemy.util.test.junit.AutoTests" name="[77] /home/travis/build/icyphy/ptII/ptolemy/domains/de/test/auto/VariableDelayZeroDelay.xml (RunModel)" time="0.009" />
  <testcase classname="ptolemy.util.test.junit.AutoTests" name="[78] /home/travis/build/icyphy/ptII/ptolemy/domains/de/test/auto/VariableDelayZeroDelay2.xml (RunModel)" time="0.022" />
  <testcase classname="ptolemy.util.test.junit.AutoTests" name="[79] /home/travis/build/icyphy/ptII/ptolemy/domains/de/test/auto/deInCt.xml (RunModel)" time="0.012" />
  <testcase classname="ptolemy.util.test.junit.AutoTests" name="[80] /home/travis/build/icyphy/ptII/ptolemy/domains/de/test/auto/deInCt2.xml (RunModel)" time="0.013" />
  <testcase classname="ptolemy.util.test.junit.AutoTests" name="[81] /home/travis/build/icyphy/ptII/ptolemy/domains/de/test/auto/dynamicCausalityInterface1.xml (RunModel)" time="0.017" />
  <testcase classname="ptolemy.util.test.junit.AutoTests" name="[82] /home/travis/build/icyphy/ptII/ptolemy/domains/de/test/auto/fsm_de_test.xml (RunModel)" time="0.02" />
  <testcase classname="ptolemy.util.test.junit.AutoTests" name="[83] /home/travis/build/icyphy/ptII/ptolemy/domains/de/test/auto/functionDependencyReconstruction.xml (RunModel)" time="0.031" />
  <testcase classname="ptolemy.util.test.junit.AutoTests" name="[84] /home/travis/build/icyphy/ptII/ptolemy/domains/de/test/auto/multirate.xml (RunModel)" time="0.014" />
  <testcase classname="ptolemy.util.test.junit.AutoTests" name="[85] /home/travis/build/icyphy/ptII/ptolemy/domains/de/test/auto/multirate2.xml (RunModel)" time="0.014" />
  <testcase classname="ptolemy.util.test.junit.AutoTests" name="[86] /home/travis/build/icyphy/ptII/ptolemy/domains/de/test/auto/realtime.xml (RunModel)" time="10.011" />
  <testcase classname="ptolemy.util.test.junit.AutoTests" name="[87] /home/travis/build/icyphy/ptII/ptolemy/domains/de/test/auto/relationGroup.xml (RunModel)" time="0.007" />
  <testcase classname="ptolemy.util.test.junit.AutoTests" name="[88] /home/travis/build/icyphy/ptII/ptolemy/domains/de/test/auto/relationGroup2.xml (RunModel)" time="0.007" />
  <testcase classname="ptolemy.util.test.junit.AutoTests" name="[89] /home/travis/build/icyphy/ptII/ptolemy/domains/de/test/auto/sortWithOpaquePorts.xml (RunModel)" time="0.008" />
  <testcase classname="ptolemy.util.test.junit.AutoTests" name="[90] /home/travis/build/icyphy/ptII/ptolemy/domains/de/test/auto/transferInputsandOutputs.xml (RunModel)" time="0.014" />
  <testcase classname="ptolemy.util.test.junit.AutoTests" name="[91] /home/travis/build/icyphy/ptII/ptolemy/domains/de/test/auto/triggerType.xml (RunModel)" time="0.009" />
  <system-out><![CDATA[/home/travis/build/icyphy/ptII/ptolemy/domains/de/test/DependencyLoop.tcl
testDefs.tcl: setting time out to 9000 seconds at Sun Nov 18 02:48:22 UTC 2018
14 ms. Memory: 116224K Free: 93408K (80%)
11 ms. Memory: 146944K Free: 135414K (92%)
/home/travis/build/icyphy/ptII/ptolemy/domains/de/test/RunDETestsAsQSS.tcl
Run the DE tests using ptolemy.domains.qss.test.QSSDirectorTest, which extends QSSDirector and prints a message in the constructors.
------------------ testing $PTII/ptolemy/domains/de/test/auto/knownFailedTests/dependencyLoop.xml (Known Failure) 
14 ms. Memory: 146944K Free: 132301K (90%)


==== $PTIIhome/travis/build/icyphy/ptII/ptolemy/domains/de/test/../../../../: Auto Automatic test in file $PTII/ptolemy/domains/de/test/auto/knownFailedTests/dependencyLoop.xml
==== Contents of test case:

	    # FIXME: we should use $relativeFilename here, but it
	    # might have backslashes under Windows, which causes no end
	    # of trouble.
	    createAndExecute $file
	    list {}
	
.... Test generated KNOWN error:
    while executing
ptolemy.kernel.util.IllegalActionException: Found a zero delay loop containing .dependencyLoop.original
  in .dependencyLoop and .dependencyLoop.original
	at ptolemy.actor.util.CausalityInterfaceForComposites._computeOutputPortDepth(CausalityInterfaceForComposites.java:759)
	at ptolemy.actor.util.CausalityInterfaceForComposites._computeInputDepth(CausalityInterfaceForComposites.java:696)
	at ptolemy.actor.util.CausalityInterfaceForComposites._computeOutputPortDepth(CausalityInterfaceForComposites.java:765)
	at ptolemy.actor.util.CausalityInterfaceForComposites._computeInputDepth(CausalityInterfaceForComposites.java:696)
	at ptolemy.actor.util.CausalityInterfaceForComposites._computeOutputPortDepth(CausalityInterfaceForComposites.java:765)
	at ptolemy.actor.util.CausalityInterfaceForComposites._computeInputDepth(CausalityInterfaceForComposites.java:696)
	at ptolemy.actor.util.CausalityInterfaceForComposites._computeActorDepth(CausalityInterfaceForComposites.java:532)
	at ptolemy.actor.util.CausalityInterfaceForComposites.checkForCycles(CausalityInterfaceForComposites.java:96)
	at ptolemy.domains.de.kernel.DEDirector.preinitialize(DEDirector.java:1338)
	at ptolemy.actor.CompositeActor.preinitialize(CompositeActor.java:1828)
	at ptolemy.actor.Manager.preinitializeAndResolveTypes(Manager.java:1040)
	at ptolemy.actor.Manager.initialize(Manager.java:710)
	at ptolemy.actor.Manager.execute(Manager.java:356)
	at ptolemy.actor.Manager.run(Manager.java:1263)
	at ptolemy.actor.Manager$PtolemyRunThread.run(Manager.java:1915)

    while executing
ptolemy.kernel.util.IllegalActionException: Found a zero delay loop containing .dependencyLoop.original
  in .dependencyLoop and .dependencyLoop.original
    while executing
"java::new ptolemy.moml.MoMLSimpleApplication $file
"
    (procedure "createAndExecute" line 2)
    invoked from within
"createAndExecute $file"
    ("uplevel" body line 5)
    invoked from within
"uplevel $contents_of_test"
------------------ testing $PTII/ptolemy/domains/de/test/auto/knownFailedTests/DESDFClockTest.xml (Known Failure) 
2054 ms. Memory: 146944K Free: 116430K (79%)


==== $PTIIhome/travis/build/icyphy/ptII/ptolemy/domains/de/test/../../../../: Auto Automatic test in file $PTII/ptolemy/domains/de/test/auto/knownFailedTests/DESDFClockTest.xml
==== Contents of test case:

	    # FIXME: we should use $relativeFilename here, but it
	    # might have backslashes under Windows, which causes no end
	    # of trouble.
	    createAndExecute $file
	    list {}
	
.... Test generated KNOWN error:
    while executing
ptolemy.kernel.util.IllegalActionException: Actor is not ready to fire.  Perhaps UpSample.prefire() returned false? Try debugging the actor by selecting "Listen to Actor".  Also, for SDF check moml for tokenConsumptionRate on input.
  in .DESDFClockTest.Play Bell.Copy1:SDF Director and .DESDFClockTest.Play Bell.UpSample
	at ptolemy.actor.sched.StaticSchedulingDirector.fire(StaticSchedulingDirector.java:227)
	at ptolemy.domains.sdf.kernel.SDFDirector.fire(SDFDirector.java:500)
	at ptolemy.actor.CompositeActor.fire(CompositeActor.java:455)
	at ptolemy.domains.de.kernel.DEDirector._fire(DEDirector.java:1949)
	at ptolemy.domains.de.kernel.DEDirector.fire(DEDirector.java:502)
	at ptolemy.actor.CompositeActor.fire(CompositeActor.java:455)
	at ptolemy.actor.Manager.iterate(Manager.java:851)
	at ptolemy.actor.Manager.execute(Manager.java:369)
	at ptolemy.actor.Manager.run(Manager.java:1263)
	at ptolemy.actor.Manager$PtolemyRunThread.run(Manager.java:1915)

    while executing
ptolemy.kernel.util.IllegalActionException: Actor is not ready to fire.  Perhaps UpSample.prefire() returned false? Try debugging the actor by selecting "Listen to Actor".  Also, for SDF check moml for tokenConsumptionRate on input.
  in .DESDFClockTest.Play Bell.Copy1:SDF Director and .DESDFClockTest.Play Bell.UpSample
    while executing
"java::new ptolemy.moml.MoMLSimpleApplication $file
"
    (procedure "createAndExecute" line 2)
    invoked from within
"createAndExecute $file"
    ("uplevel" body line 5)
    invoked from within
"uplevel $contents_of_test"
------------------ testing $PTII/ptolemy/domains/de/test/auto/knownFailedTests/FSMSource.xml (Known Failure) 
21 ms. Memory: 146944K Free: 107355K (73%)
!!!! Auto was marked as failing, but now passes
------------------ testing $PTII/ptolemy/domains/de/test/auto/knownFailedTests/dependencyLoop2.xml (Known Failure) 
6 ms. Memory: 146944K Free: 105472K (72%)


==== $PTIIhome/travis/build/icyphy/ptII/ptolemy/domains/de/test/../../../../: Auto Automatic test in file $PTII/ptolemy/domains/de/test/auto/knownFailedTests/dependencyLoop2.xml
==== Contents of test case:

	    # FIXME: we should use $relativeFilename here, but it
	    # might have backslashes under Windows, which causes no end
	    # of trouble.
	    createAndExecute $file
	    list {}
	
.... Test generated KNOWN error:
    while executing
ptolemy.kernel.util.IllegalActionException: Found a zero delay loop containing .dependencyLoop2.original
  in .dependencyLoop2 and .dependencyLoop2.original
	at ptolemy.actor.util.CausalityInterfaceForComposites._computeOutputPortDepth(CausalityInterfaceForComposites.java:759)
	at ptolemy.actor.util.CausalityInterfaceForComposites._computeInputDepth(CausalityInterfaceForComposites.java:696)
	at ptolemy.actor.util.CausalityInterfaceForComposites._computeOutputPortDepth(CausalityInterfaceForComposites.java:765)
	at ptolemy.actor.util.CausalityInterfaceForComposites._computeInputDepth(CausalityInterfaceForComposites.java:696)
	at ptolemy.actor.util.CausalityInterfaceForComposites._computeOutputPortDepth(CausalityInterfaceForComposites.java:765)
	at ptolemy.actor.util.CausalityInterfaceForComposites._computeInputDepth(CausalityInterfaceForComposites.java:696)
	at ptolemy.actor.util.CausalityInterfaceForComposites._computeActorDepth(CausalityInterfaceForComposites.java:532)
	at ptolemy.actor.util.CausalityInterfaceForComposites.checkForCycles(CausalityInterfaceForComposites.java:96)
	at ptolemy.domains.de.kernel.DEDirector.preinitialize(DEDirector.java:1338)
	at ptolemy.actor.CompositeActor.preinitialize(CompositeActor.java:1828)
	at ptolemy.actor.Manager.preinitializeAndResolveTypes(Manager.java:1040)
	at ptolemy.actor.Manager.initialize(Manager.java:710)
	at ptolemy.actor.Manager.execute(Manager.java:356)
	at ptolemy.actor.Manager.run(Manager.java:1263)
	at ptolemy.actor.Manager$PtolemyRunThread.run(Manager.java:1915)

    while executing
ptolemy.kernel.util.IllegalActionException: Found a zero delay loop containing .dependencyLoop2.original
  in .dependencyLoop2 and .dependencyLoop2.original
    while executing
"java::new ptolemy.moml.MoMLSimpleApplication $file
"
    (procedure "createAndExecute" line 2)
    invoked from within
"createAndExecute $file"
    ("uplevel" body line 5)
    invoked from within
"uplevel $contents_of_test"
------------------ testing $PTII/ptolemy/domains/de/test/auto/knownFailedTests/HierarchicalModel.xml (Known Failure) 
5 ms. Memory: 146944K Free: 84841K (58%)


==== $PTIIhome/travis/build/icyphy/ptII/ptolemy/domains/de/test/../../../../: Auto Automatic test in file $PTII/ptolemy/domains/de/test/auto/knownFailedTests/HierarchicalModel.xml
==== Contents of test case:

	    # FIXME: we should use $relativeFilename here, but it
	    # might have backslashes under Windows, which causes no end
	    # of trouble.
	    createAndExecute $file
	    list {}
	
.... Test generated KNOWN error:
    while executing
ptolemy.kernel.util.IllegalActionException: Found a zero delay loop containing .HierarchicalModel.A
  in .HierarchicalModel and .HierarchicalModel.A
	at ptolemy.actor.util.CausalityInterfaceForComposites._computeOutputPortDepth(CausalityInterfaceForComposites.java:759)
	at ptolemy.actor.util.CausalityInterfaceForComposites._computeInputDepth(CausalityInterfaceForComposites.java:696)
	at ptolemy.actor.util.CausalityInterfaceForComposites._computeOutputPortDepth(CausalityInterfaceForComposites.java:765)
	at ptolemy.actor.util.CausalityInterfaceForComposites._computeInputDepth(CausalityInterfaceForComposites.java:696)
	at ptolemy.actor.util.CausalityInterfaceForComposites._computeOutputPortDepth(CausalityInterfaceForComposites.java:765)
	at ptolemy.actor.util.CausalityInterfaceForComposites._computeInputDepth(CausalityInterfaceForComposites.java:696)
	at ptolemy.actor.util.CausalityInterfaceForComposites._computeActorDepth(CausalityInterfaceForComposites.java:532)
	at ptolemy.actor.util.CausalityInterfaceForComposites.checkForCycles(CausalityInterfaceForComposites.java:96)
	at ptolemy.domains.de.kernel.DEDirector.preinitialize(DEDirector.java:1338)
	at ptolemy.actor.CompositeActor.preinitialize(CompositeActor.java:1828)
	at ptolemy.actor.Manager.preinitializeAndResolveTypes(Manager.java:1040)
	at ptolemy.actor.Manager.initialize(Manager.java:710)
	at ptolemy.actor.Manager.execute(Manager.java:356)
	at ptolemy.actor.Manager.run(Manager.java:1263)
	at ptolemy.actor.Manager$PtolemyRunThread.run(Manager.java:1915)

    while executing
ptolemy.kernel.util.IllegalActionException: Found a zero delay loop containing .HierarchicalModel.A
  in .HierarchicalModel and .HierarchicalModel.A
    while executing
"java::new ptolemy.moml.MoMLSimpleApplication $file
"
    (procedure "createAndExecute" line 2)
    invoked from within
"createAndExecute $file"
    ("uplevel" body line 5)
    invoked from within
"uplevel $contents_of_test"
------------------ testing $PTII/ptolemy/domains/de/test/auto/knownFailedTests/DirectFeedback.xml (Known Failure) 
9 ms. Memory: 146944K Free: 141100K (96%)


==== $PTIIhome/travis/build/icyphy/ptII/ptolemy/domains/de/test/../../../../: Auto Automatic test in file $PTII/ptolemy/domains/de/test/auto/knownFailedTests/DirectFeedback.xml
==== Contents of test case:

	    # FIXME: we should use $relativeFilename here, but it
	    # might have backslashes under Windows, which causes no end
	    # of trouble.
	    createAndExecute $file
	    list {}
	
.... Test generated KNOWN error:
    while executing
ptolemy.kernel.util.IllegalActionException: Test fails in iteration 1.
Value was: 1.0. Should have been: 2.0
  in .DirectFeedback.Test
	at ptolemy.actor.lib.Test.fire(Test.java:268)
	at ptolemy.domains.de.kernel.DEDirector._fire(DEDirector.java:1949)
	at ptolemy.domains.de.kernel.DEDirector.fire(DEDirector.java:502)
	at ptolemy.actor.CompositeActor.fire(CompositeActor.java:455)
	at ptolemy.actor.Manager.iterate(Manager.java:851)
	at ptolemy.actor.Manager.execute(Manager.java:369)
	at ptolemy.actor.Manager.run(Manager.java:1263)
	at ptolemy.actor.Manager$PtolemyRunThread.run(Manager.java:1915)

    while executing
ptolemy.kernel.util.IllegalActionException: Test fails in iteration 1.
Value was: 1.0. Should have been: 2.0
  in .DirectFeedback.Test
    while executing
"java::new ptolemy.moml.MoMLSimpleApplication $file
"
    (procedure "createAndExecute" line 2)
    invoked from within
"createAndExecute $file"
    ("uplevel" body line 5)
    invoked from within
"uplevel $contents_of_test"
------------------ testing $PTII/ptolemy/domains/de/test/auto/ActorDepthCalculation_actorWithoutPorts.xml
auto.tcl: Setting watchdog for 200 seconds at Sun Nov 18 02:48:25 UTC 2018
3 ms. Memory: 146944K Free: 132317K (90%)
ptolemy.util.test.WatchDog.cancel(): canceling Sun Nov 18 02:48:25 UTC 2018
auto.tcl: Setting watchdog for 200 seconds at Sun Nov 18 02:48:25 UTC 2018
4 ms. Memory: 146944K Free: 131263K (89%)
ptolemy.util.test.WatchDog.cancel(): canceling Sun Nov 18 02:48:25 UTC 2018
------------------ testing $PTII/ptolemy/domains/de/test/auto/AssemblyLine.xml
auto.tcl: Setting watchdog for 200 seconds at Sun Nov 18 02:48:26 UTC 2018
28 ms. Memory: 208384K Free: 186288K (89%)
ptolemy.util.test.WatchDog.cancel(): canceling Sun Nov 18 02:48:26 UTC 2018
auto.tcl: Setting watchdog for 200 seconds at Sun Nov 18 02:48:26 UTC 2018
6 ms. Memory: 208384K Free: 186288K (89%)
ptolemy.util.test.WatchDog.cancel(): canceling Sun Nov 18 02:48:26 UTC 2018
------------------ testing $PTII/ptolemy/domains/de/test/auto/CQBug1.xml
auto.tcl: Setting watchdog for 200 seconds at Sun Nov 18 02:48:26 UTC 2018
7 ms. Memory: 208384K Free: 197697K (95%)
ptolemy.util.test.WatchDog.cancel(): canceling Sun Nov 18 02:48:26 UTC 2018
auto.tcl: Setting watchdog for 200 seconds at Sun Nov 18 02:48:26 UTC 2018
1 ms. Memory: 208384K Free: 197697K (95%)
ptolemy.util.test.WatchDog.cancel(): canceling Sun Nov 18 02:48:26 UTC 2018
------------------ testing $PTII/ptolemy/domains/de/test/auto/CancelFireAt.xml
auto.tcl: Setting watchdog for 200 seconds at Sun Nov 18 02:48:26 UTC 2018
13 ms. Memory: 208384K Free: 198977K (95%)
ptolemy.util.test.WatchDog.cancel(): canceling Sun Nov 18 02:48:26 UTC 2018
auto.tcl: Setting watchdog for 200 seconds at Sun Nov 18 02:48:26 UTC 2018
6 ms. Memory: 208384K Free: 198977K (95%)
ptolemy.util.test.WatchDog.cancel(): canceling Sun Nov 18 02:48:26 UTC 2018
------------------ testing $PTII/ptolemy/domains/de/test/auto/CausalityAndComposabilityAnalysis.xml
auto.tcl: Setting watchdog for 200 seconds at Sun Nov 18 02:48:26 UTC 2018
21 ms. Memory: 208384K Free: 198575K (95%)
ptolemy.util.test.WatchDog.cancel(): canceling Sun Nov 18 02:48:26 UTC 2018
auto.tcl: Setting watchdog for 200 seconds at Sun Nov 18 02:48:26 UTC 2018
5 ms. Memory: 208384K Free: 196469K (94%)
ptolemy.util.test.WatchDog.cancel(): canceling Sun Nov 18 02:48:26 UTC 2018
------------------ testing $PTII/ptolemy/domains/de/test/auto/CausalityInterface1.xml
auto.tcl: Setting watchdog for 200 seconds at Sun Nov 18 02:48:26 UTC 2018
11 ms. Memory: 208384K Free: 196406K (94%)
ptolemy.util.test.WatchDog.cancel(): canceling Sun Nov 18 02:48:26 UTC 2018
auto.tcl: Setting watchdog for 200 seconds at Sun Nov 18 02:48:26 UTC 2018
4 ms. Memory: 208384K Free: 196406K (94%)
ptolemy.util.test.WatchDog.cancel(): canceling Sun Nov 18 02:48:26 UTC 2018
------------------ testing $PTII/ptolemy/domains/de/test/auto/CausalityInterface15.xml
auto.tcl: Setting watchdog for 200 seconds at Sun Nov 18 02:48:26 UTC 2018
9 ms. Memory: 208384K Free: 196397K (94%)
ptolemy.util.test.WatchDog.cancel(): canceling Sun Nov 18 02:48:27 UTC 2018
auto.tcl: Setting watchdog for 200 seconds at Sun Nov 18 02:48:27 UTC 2018
6 ms. Memory: 208384K Free: 196397K (94%)
ptolemy.util.test.WatchDog.cancel(): canceling Sun Nov 18 02:48:27 UTC 2018
------------------ testing $PTII/ptolemy/domains/de/test/auto/CausalityInterface2.xml
auto.tcl: Setting watchdog for 200 seconds at Sun Nov 18 02:48:27 UTC 2018
3 ms. Memory: 208384K Free: 196382K (94%)
ptolemy.util.test.WatchDog.cancel(): canceling Sun Nov 18 02:48:27 UTC 2018
auto.tcl: Setting watchdog for 200 seconds at Sun Nov 18 02:48:27 UTC 2018
2 ms. Memory: 208384K Free: 196382K (94%)
ptolemy.util.test.WatchDog.cancel(): canceling Sun Nov 18 02:48:27 UTC 2018
------------------ testing $PTII/ptolemy/domains/de/test/auto/CausalityInterface3.xml
auto.tcl: Setting watchdog for 200 seconds at Sun Nov 18 02:48:27 UTC 2018
7 ms. Memory: 208384K Free: 196732K (94%)
ptolemy.util.test.WatchDog.cancel(): canceling Sun Nov 18 02:48:27 UTC 2018
auto.tcl: Setting watchdog for 200 seconds at Sun Nov 18 02:48:27 UTC 2018
5 ms. Memory: 208384K Free: 196394K (94%)
ptolemy.util.test.WatchDog.cancel(): canceling Sun Nov 18 02:48:27 UTC 2018
------------------ testing $PTII/ptolemy/domains/de/test/auto/ClockDrift.xml
auto.tcl: Setting watchdog for 200 seconds at Sun Nov 18 02:48:27 UTC 2018
80 ms. Memory: 208384K Free: 187612K (90%)
ptolemy.util.test.WatchDog.cancel(): canceling Sun Nov 18 02:48:27 UTC 2018
auto.tcl: Setting watchdog for 200 seconds at Sun Nov 18 02:48:27 UTC 2018
34 ms. Memory: 208384K Free: 185507K (89%)
ptolemy.util.test.WatchDog.cancel(): canceling Sun Nov 18 02:48:27 UTC 2018
------------------ testing $PTII/ptolemy/domains/de/test/auto/ClockDriftAndValueChange.xml
auto.tcl: Setting watchdog for 200 seconds at Sun Nov 18 02:48:27 UTC 2018
45 ms. Memory: 208384K Free: 187449K (90%)
ptolemy.util.test.WatchDog.cancel(): canceling Sun Nov 18 02:48:27 UTC 2018
auto.tcl: Setting watchdog for 200 seconds at Sun Nov 18 02:48:27 UTC 2018
21 ms. Memory: 208384K Free: 185344K (89%)
ptolemy.util.test.WatchDog.cancel(): canceling Sun Nov 18 02:48:27 UTC 2018
------------------ testing $PTII/ptolemy/domains/de/test/auto/ClockDriftChange.xml
auto.tcl: Setting watchdog for 200 seconds at Sun Nov 18 02:48:27 UTC 2018
33 ms. Memory: 208384K Free: 190775K (92%)
ptolemy.util.test.WatchDog.cancel(): canceling Sun Nov 18 02:48:27 UTC 2018
auto.tcl: Setting watchdog for 200 seconds at Sun Nov 18 02:48:27 UTC 2018
26 ms. Memory: 208384K Free: 188670K (91%)
ptolemy.util.test.WatchDog.cancel(): canceling Sun Nov 18 02:48:27 UTC 2018
------------------ testing $PTII/ptolemy/domains/de/test/auto/ComposableCausalityAnalysis.xml
auto.tcl: Setting watchdog for 200 seconds at Sun Nov 18 02:48:27 UTC 2018
2 ms. Memory: 208384K Free: 196249K (94%)
ptolemy.util.test.WatchDog.cancel(): canceling Sun Nov 18 02:48:27 UTC 2018
auto.tcl: Setting watchdog for 200 seconds at Sun Nov 18 02:48:27 UTC 2018
3 ms. Memory: 208384K Free: 194145K (93%)
ptolemy.util.test.WatchDog.cancel(): canceling Sun Nov 18 02:48:27 UTC 2018
------------------ testing $PTII/ptolemy/domains/de/test/auto/DEFixedPointLimitation.xml
auto.tcl: Setting watchdog for 200 seconds at Sun Nov 18 02:48:27 UTC 2018
1 ms. Memory: 208384K Free: 198232K (95%)
ptolemy.util.test.WatchDog.cancel(): canceling Sun Nov 18 02:48:27 UTC 2018
auto.tcl: Setting watchdog for 200 seconds at Sun Nov 18 02:48:27 UTC 2018
2 ms. Memory: 208384K Free: 196128K (94%)
ptolemy.util.test.WatchDog.cancel(): canceling Sun Nov 18 02:48:27 UTC 2018
------------------ testing $PTII/ptolemy/domains/de/test/auto/DEScheduleTest.xml
auto.tcl: Setting watchdog for 200 seconds at Sun Nov 18 02:48:27 UTC 2018
5 ms. Memory: 208384K Free: 198267K (95%)
ptolemy.util.test.WatchDog.cancel(): canceling Sun Nov 18 02:48:27 UTC 2018
auto.tcl: Setting watchdog for 200 seconds at Sun Nov 18 02:48:27 UTC 2018
5 ms. Memory: 208384K Free: 196163K (94%)
ptolemy.util.test.WatchDog.cancel(): canceling Sun Nov 18 02:48:27 UTC 2018
------------------ testing $PTII/ptolemy/domains/de/test/auto/DEinDEwithStartTimes.xml
auto.tcl: Setting watchdog for 200 seconds at Sun Nov 18 02:48:28 UTC 2018
5 ms. Memory: 208384K Free: 196132K (94%)
ptolemy.util.test.WatchDog.cancel(): canceling Sun Nov 18 02:48:28 UTC 2018
auto.tcl: Setting watchdog for 200 seconds at Sun Nov 18 02:48:28 UTC 2018
3 ms. Memory: 208384K Free: 194027K (93%)
ptolemy.util.test.WatchDog.cancel(): canceling Sun Nov 18 02:48:28 UTC 2018
------------------ testing $PTII/ptolemy/domains/de/test/auto/DEinDEwithStartTimes2.xml
auto.tcl: Setting watchdog for 200 seconds at Sun Nov 18 02:48:28 UTC 2018
4 ms. Memory: 208384K Free: 196449K (94%)
ptolemy.util.test.WatchDog.cancel(): canceling Sun Nov 18 02:48:28 UTC 2018
auto.tcl: Setting watchdog for 200 seconds at Sun Nov 18 02:48:28 UTC 2018
4 ms. Memory: 208384K Free: 194007K (93%)
ptolemy.util.test.WatchDog.cancel(): canceling Sun Nov 18 02:48:28 UTC 2018
------------------ testing $PTII/ptolemy/domains/de/test/auto/DateDemo.xml
auto.tcl: Setting watchdog for 200 seconds at Sun Nov 18 02:48:28 UTC 2018
8 ms. Memory: 208384K Free: 188528K (90%)
ptolemy.util.test.WatchDog.cancel(): canceling Sun Nov 18 02:48:28 UTC 2018
auto.tcl: Setting watchdog for 200 seconds at Sun Nov 18 02:48:28 UTC 2018
10 ms. Memory: 208384K Free: 186423K (89%)
ptolemy.util.test.WatchDog.cancel(): canceling Sun Nov 18 02:48:28 UTC 2018
------------------ testing $PTII/ptolemy/domains/de/test/auto/DateToEvent.xml
auto.tcl: Setting watchdog for 200 seconds at Sun Nov 18 02:48:28 UTC 2018
2011 ms. Memory: 208384K Free: 183248K (88%)
ptolemy.util.test.WatchDog.cancel(): canceling Sun Nov 18 02:48:30 UTC 2018
auto.tcl: Setting watchdog for 200 seconds at Sun Nov 18 02:48:30 UTC 2018
2006 ms. Memory: 208384K Free: 180791K (87%)
ptolemy.util.test.WatchDog.cancel(): canceling Sun Nov 18 02:48:32 UTC 2018
------------------ testing $PTII/ptolemy/domains/de/test/auto/DepthTest1.xml
auto.tcl: Setting watchdog for 200 seconds at Sun Nov 18 02:48:32 UTC 2018
2 ms. Memory: 208384K Free: 197795K (95%)
ptolemy.util.test.WatchDog.cancel(): canceling Sun Nov 18 02:48:32 UTC 2018
auto.tcl: Setting watchdog for 200 seconds at Sun Nov 18 02:48:32 UTC 2018
1 ms. Memory: 208384K Free: 197795K (95%)
ptolemy.util.test.WatchDog.cancel(): canceling Sun Nov 18 02:48:32 UTC 2018
------------------ testing $PTII/ptolemy/domains/de/test/auto/DepthTest2.xml
auto.tcl: Setting watchdog for 200 seconds at Sun Nov 18 02:48:32 UTC 2018
6 ms. Memory: 208384K Free: 194325K (93%)
ptolemy.util.test.WatchDog.cancel(): canceling Sun Nov 18 02:48:32 UTC 2018
auto.tcl: Setting watchdog for 200 seconds at Sun Nov 18 02:48:32 UTC 2018
3 ms. Memory: 208384K Free: 194325K (93%)
ptolemy.util.test.WatchDog.cancel(): canceling Sun Nov 18 02:48:32 UTC 2018
------------------ testing $PTII/ptolemy/domains/de/test/auto/DepthTest3.xml
auto.tcl: Setting watchdog for 200 seconds at Sun Nov 18 02:48:32 UTC 2018
2 ms. Memory: 208384K Free: 198467K (95%)
ptolemy.util.test.WatchDog.cancel(): canceling Sun Nov 18 02:48:32 UTC 2018
auto.tcl: Setting watchdog for 200 seconds at Sun Nov 18 02:48:32 UTC 2018
2 ms. Memory: 208384K Free: 198467K (95%)
ptolemy.util.test.WatchDog.cancel(): canceling Sun Nov 18 02:48:32 UTC 2018
------------------ testing $PTII/ptolemy/domains/de/test/auto/DepthTest4.xml
auto.tcl: Setting watchdog for 200 seconds at Sun Nov 18 02:48:32 UTC 2018
10 ms. Memory: 208384K Free: 196112K (94%)
ptolemy.util.test.WatchDog.cancel(): canceling Sun Nov 18 02:48:32 UTC 2018
auto.tcl: Setting watchdog for 200 seconds at Sun Nov 18 02:48:32 UTC 2018
2 ms. Memory: 208384K Free: 196112K (94%)
ptolemy.util.test.WatchDog.cancel(): canceling Sun Nov 18 02:48:32 UTC 2018
------------------ testing $PTII/ptolemy/domains/de/test/auto/DepthTest5.xml
auto.tcl: Setting watchdog for 200 seconds at Sun Nov 18 02:48:32 UTC 2018
4 ms. Memory: 208384K Free: 196058K (94%)
ptolemy.util.test.WatchDog.cancel(): canceling Sun Nov 18 02:48:32 UTC 2018
auto.tcl: Setting watchdog for 200 seconds at Sun Nov 18 02:48:32 UTC 2018
3 ms. Memory: 208384K Free: 196058K (94%)
ptolemy.util.test.WatchDog.cancel(): canceling Sun Nov 18 02:48:32 UTC 2018
------------------ testing $PTII/ptolemy/domains/de/test/auto/DepthTest6.xml
auto.tcl: Setting watchdog for 200 seconds at Sun Nov 18 02:48:32 UTC 2018
6 ms. Memory: 208384K Free: 196027K (94%)
ptolemy.util.test.WatchDog.cancel(): canceling Sun Nov 18 02:48:32 UTC 2018
auto.tcl: Setting watchdog for 200 seconds at Sun Nov 18 02:48:32 UTC 2018
2 ms. Memory: 208384K Free: 196027K (94%)
ptolemy.util.test.WatchDog.cancel(): canceling Sun Nov 18 02:48:32 UTC 2018
------------------ testing $PTII/ptolemy/domains/de/test/auto/DepthTest7.xml
auto.tcl: Setting watchdog for 200 seconds at Sun Nov 18 02:48:32 UTC 2018
2 ms. Memory: 208384K Free: 196015K (94%)
ptolemy.util.test.WatchDog.cancel(): canceling Sun Nov 18 02:48:33 UTC 2018
auto.tcl: Setting watchdog for 200 seconds at Sun Nov 18 02:48:33 UTC 2018
3 ms. Memory: 208384K Free: 196015K (94%)
ptolemy.util.test.WatchDog.cancel(): canceling Sun Nov 18 02:48:33 UTC 2018
------------------ testing $PTII/ptolemy/domains/de/test/auto/EventToDate.xml
auto.tcl: Setting watchdog for 200 seconds at Sun Nov 18 02:48:33 UTC 2018
3005 ms. Memory: 208384K Free: 185514K (89%)
ptolemy.util.test.WatchDog.cancel(): canceling Sun Nov 18 02:48:36 UTC 2018
auto.tcl: Setting watchdog for 200 seconds at Sun Nov 18 02:48:36 UTC 2018
3003 ms. Memory: 208384K Free: 185514K (89%)
ptolemy.util.test.WatchDog.cancel(): canceling Sun Nov 18 02:48:39 UTC 2018
------------------ testing $PTII/ptolemy/domains/de/test/auto/FSM1.xml
auto.tcl: Setting watchdog for 200 seconds at Sun Nov 18 02:48:39 UTC 2018
36 ms. Memory: 208384K Free: 189058K (91%)
ptolemy.util.test.WatchDog.cancel(): canceling Sun Nov 18 02:48:39 UTC 2018
auto.tcl: Setting watchdog for 200 seconds at Sun Nov 18 02:48:39 UTC 2018
20 ms. Memory: 208384K Free: 184849K (89%)
ptolemy.util.test.WatchDog.cancel(): canceling Sun Nov 18 02:48:39 UTC 2018
------------------ testing $PTII/ptolemy/domains/de/test/auto/FSM7.xml
auto.tcl: Setting watchdog for 200 seconds at Sun Nov 18 02:48:39 UTC 2018
25 ms. Memory: 208384K Free: 187158K (90%)
ptolemy.util.test.WatchDog.cancel(): canceling Sun Nov 18 02:48:39 UTC 2018
auto.tcl: Setting watchdog for 200 seconds at Sun Nov 18 02:48:39 UTC 2018
22 ms. Memory: 208384K Free: 185054K (89%)
ptolemy.util.test.WatchDog.cancel(): canceling Sun Nov 18 02:48:39 UTC 2018
------------------ testing $PTII/ptolemy/domains/de/test/auto/Inspection.xml
auto.tcl: Setting watchdog for 200 seconds at Sun Nov 18 02:48:39 UTC 2018
29 ms. Memory: 208384K Free: 188371K (90%)
ptolemy.util.test.WatchDog.cancel(): canceling Sun Nov 18 02:48:39 UTC 2018
auto.tcl: Setting watchdog for 200 seconds at Sun Nov 18 02:48:39 UTC 2018
26 ms. Memory: 208384K Free: 186266K (89%)
ptolemy.util.test.WatchDog.cancel(): canceling Sun Nov 18 02:48:39 UTC 2018
------------------ testing $PTII/ptolemy/domains/de/test/auto/Iteration.xml
auto.tcl: Setting watchdog for 200 seconds at Sun Nov 18 02:48:39 UTC 2018
17 ms. Memory: 208384K Free: 193717K (93%)
ptolemy.util.test.WatchDog.cancel(): canceling Sun Nov 18 02:48:39 UTC 2018
auto.tcl: Setting watchdog for 200 seconds at Sun Nov 18 02:48:39 UTC 2018
8 ms. Memory: 208384K Free: 193717K (93%)
ptolemy.util.test.WatchDog.cancel(): canceling Sun Nov 18 02:48:39 UTC 2018
------------------ testing $PTII/ptolemy/domains/de/test/auto/LineFault.xml
auto.tcl: Setting watchdog for 200 seconds at Sun Nov 18 02:48:39 UTC 2018
616 ms. Memory: 208384K Free: 195961K (94%)
ptolemy.util.test.WatchDog.cancel(): canceling Sun Nov 18 02:48:40 UTC 2018
auto.tcl: Setting watchdog for 200 seconds at Sun Nov 18 02:48:40 UTC 2018
518 ms. Memory: 208384K Free: 138505K (66%)
ptolemy.util.test.WatchDog.cancel(): canceling Sun Nov 18 02:48:41 UTC 2018
------------------ testing $PTII/ptolemy/domains/de/test/auto/MergeModel1Add.xml
auto.tcl: Setting watchdog for 200 seconds at Sun Nov 18 02:48:41 UTC 2018
26 ms. Memory: 331264K Free: 302586K (91%)
ptolemy.util.test.WatchDog.cancel(): canceling Sun Nov 18 02:48:41 UTC 2018
auto.tcl: Setting watchdog for 200 seconds at Sun Nov 18 02:48:41 UTC 2018
15 ms. Memory: 331264K Free: 298637K (90%)
ptolemy.util.test.WatchDog.cancel(): canceling Sun Nov 18 02:48:41 UTC 2018
------------------ testing $PTII/ptolemy/domains/de/test/auto/MergeModel2Add.xml
auto.tcl: Setting watchdog for 200 seconds at Sun Nov 18 02:48:41 UTC 2018
7 ms. Memory: 331264K Free: 303925K (92%)
ptolemy.util.test.WatchDog.cancel(): canceling Sun Nov 18 02:48:41 UTC 2018
auto.tcl: Setting watchdog for 200 seconds at Sun Nov 18 02:48:41 UTC 2018
7 ms. Memory: 331264K Free: 299976K (91%)
ptolemy.util.test.WatchDog.cancel(): canceling Sun Nov 18 02:48:41 UTC 2018
------------------ testing $PTII/ptolemy/domains/de/test/auto/MergeModel3Add.xml
auto.tcl: Setting watchdog for 200 seconds at Sun Nov 18 02:48:41 UTC 2018
10 ms. Memory: 331264K Free: 303935K (92%)
ptolemy.util.test.WatchDog.cancel(): canceling Sun Nov 18 02:48:41 UTC 2018
auto.tcl: Setting watchdog for 200 seconds at Sun Nov 18 02:48:41 UTC 2018
8 ms. Memory: 331264K Free: 299986K (91%)
ptolemy.util.test.WatchDog.cancel(): canceling Sun Nov 18 02:48:41 UTC 2018
------------------ testing $PTII/ptolemy/domains/de/test/auto/MergeWithoutDiscard.xml
auto.tcl: Setting watchdog for 200 seconds at Sun Nov 18 02:48:41 UTC 2018
4 ms. Memory: 331264K Free: 315781K (95%)
ptolemy.util.test.WatchDog.cancel(): canceling Sun Nov 18 02:48:41 UTC 2018
auto.tcl: Setting watchdog for 200 seconds at Sun Nov 18 02:48:41 UTC 2018
2 ms. Memory: 331264K Free: 315781K (95%)
ptolemy.util.test.WatchDog.cancel(): canceling Sun Nov 18 02:48:41 UTC 2018
------------------ testing $PTII/ptolemy/domains/de/test/auto/Modal1.xml
auto.tcl: Setting watchdog for 200 seconds at Sun Nov 18 02:48:41 UTC 2018
19 ms. Memory: 331264K Free: 309672K (93%)
ptolemy.util.test.WatchDog.cancel(): canceling Sun Nov 18 02:48:41 UTC 2018
auto.tcl: Setting watchdog for 200 seconds at Sun Nov 18 02:48:41 UTC 2018
17 ms. Memory: 331264K Free: 305722K (92%)
ptolemy.util.test.WatchDog.cancel(): canceling Sun Nov 18 02:48:41 UTC 2018
------------------ testing $PTII/ptolemy/domains/de/test/auto/Modal2.xml
auto.tcl: Setting watchdog for 200 seconds at Sun Nov 18 02:48:41 UTC 2018
10 ms. Memory: 331264K Free: 309553K (93%)
ptolemy.util.test.WatchDog.cancel(): canceling Sun Nov 18 02:48:41 UTC 2018
auto.tcl: Setting watchdog for 200 seconds at Sun Nov 18 02:48:41 UTC 2018
11 ms. Memory: 331264K Free: 305604K (92%)
ptolemy.util.test.WatchDog.cancel(): canceling Sun Nov 18 02:48:41 UTC 2018
------------------ testing $PTII/ptolemy/domains/de/test/auto/Modal3.xml
auto.tcl: Setting watchdog for 200 seconds at Sun Nov 18 02:48:41 UTC 2018
16 ms. Memory: 331264K Free: 304629K (92%)
ptolemy.util.test.WatchDog.cancel(): canceling Sun Nov 18 02:48:41 UTC 2018
auto.tcl: Setting watchdog for 200 seconds at Sun Nov 18 02:48:41 UTC 2018
16 ms. Memory: 331264K Free: 300679K (91%)
ptolemy.util.test.WatchDog.cancel(): canceling Sun Nov 18 02:48:41 UTC 2018
------------------ testing $PTII/ptolemy/domains/de/test/auto/Modal4.xml
auto.tcl: Setting watchdog for 200 seconds at Sun Nov 18 02:48:41 UTC 2018
12 ms. Memory: 331264K Free: 309557K (93%)
ptolemy.util.test.WatchDog.cancel(): canceling Sun Nov 18 02:48:41 UTC 2018
auto.tcl: Setting watchdog for 200 seconds at Sun Nov 18 02:48:41 UTC 2018
13 ms. Memory: 331264K Free: 305607K (92%)
ptolemy.util.test.WatchDog.cancel(): canceling Sun Nov 18 02:48:41 UTC 2018
------------------ testing $PTII/ptolemy/domains/de/test/auto/Modal5.xml
auto.tcl: Setting watchdog for 200 seconds at Sun Nov 18 02:48:42 UTC 2018
18 ms. Memory: 331264K Free: 309546K (93%)
ptolemy.util.test.WatchDog.cancel(): canceling Sun Nov 18 02:48:42 UTC 2018
auto.tcl: Setting watchdog for 200 seconds at Sun Nov 18 02:48:42 UTC 2018
13 ms. Memory: 331264K Free: 305596K (92%)
ptolemy.util.test.WatchDog.cancel(): canceling Sun Nov 18 02:48:42 UTC 2018
------------------ testing $PTII/ptolemy/domains/de/test/auto/Modal6.xml
auto.tcl: Setting watchdog for 200 seconds at Sun Nov 18 02:48:42 UTC 2018
12 ms. Memory: 331264K Free: 309541K (93%)
ptolemy.util.test.WatchDog.cancel(): canceling Sun Nov 18 02:48:42 UTC 2018
auto.tcl: Setting watchdog for 200 seconds at Sun Nov 18 02:48:42 UTC 2018
16 ms. Memory: 331264K Free: 305592K (92%)
ptolemy.util.test.WatchDog.cancel(): canceling Sun Nov 18 02:48:42 UTC 2018
------------------ testing $PTII/ptolemy/domains/de/test/auto/Modal7.xml
auto.tcl: Setting watchdog for 200 seconds at Sun Nov 18 02:48:42 UTC 2018
17 ms. Memory: 331264K Free: 309542K (93%)
ptolemy.util.test.WatchDog.cancel(): canceling Sun Nov 18 02:48:42 UTC 2018
auto.tcl: Setting watchdog for 200 seconds at Sun Nov 18 02:48:42 UTC 2018
11 ms. Memory: 331264K Free: 305592K (92%)
ptolemy.util.test.WatchDog.cancel(): canceling Sun Nov 18 02:48:42 UTC 2018
------------------ testing $PTII/ptolemy/domains/de/test/auto/ModalModel.xml
auto.tcl: Setting watchdog for 200 seconds at Sun Nov 18 02:48:42 UTC 2018
200 ms. Memory: 331264K Free: 248444K (75%)
ptolemy.util.test.WatchDog.cancel(): canceling Sun Nov 18 02:48:42 UTC 2018
auto.tcl: Setting watchdog for 200 seconds at Sun Nov 18 02:48:42 UTC 2018
161 ms. Memory: 331264K Free: 192982K (58%)
ptolemy.util.test.WatchDog.cancel(): canceling Sun Nov 18 02:48:42 UTC 2018
------------------ testing $PTII/ptolemy/domains/de/test/auto/ModalSource.xml
auto.tcl: Setting watchdog for 200 seconds at Sun Nov 18 02:48:42 UTC 2018
9 ms. Memory: 331264K Free: 316478K (96%)
ptolemy.util.test.WatchDog.cancel(): canceling Sun Nov 18 02:48:42 UTC 2018
auto.tcl: Setting watchdog for 200 seconds at Sun Nov 18 02:48:42 UTC 2018
4 ms. Memory: 331264K Free: 312944K (94%)
ptolemy.util.test.WatchDog.cancel(): canceling Sun Nov 18 02:48:42 UTC 2018
------------------ testing $PTII/ptolemy/domains/de/test/auto/NonInterruptibleTimerZeroDelay.xml
auto.tcl: Setting watchdog for 200 seconds at Sun Nov 18 02:48:42 UTC 2018
3 ms. Memory: 331264K Free: 320665K (97%)
ptolemy.util.test.WatchDog.cancel(): canceling Sun Nov 18 02:48:42 UTC 2018
auto.tcl: Setting watchdog for 200 seconds at Sun Nov 18 02:48:42 UTC 2018
2 ms. Memory: 331264K Free: 317130K (96%)
ptolemy.util.test.WatchDog.cancel(): canceling Sun Nov 18 02:48:42 UTC 2018
------------------ testing $PTII/ptolemy/domains/de/test/auto/OpenQueueingNetwork.xml
auto.tcl: Setting watchdog for 200 seconds at Sun Nov 18 02:48:42 UTC 2018
2743 ms. Memory: 573952K Free: 390244K (68%)
ptolemy.util.test.WatchDog.cancel(): canceling Sun Nov 18 02:48:45 UTC 2018
auto.tcl: Setting watchdog for 200 seconds at Sun Nov 18 02:48:45 UTC 2018
2436 ms. Memory: 550912K Free: 275430K (50%)
ptolemy.util.test.WatchDog.cancel(): canceling Sun Nov 18 02:48:48 UTC 2018
------------------ testing $PTII/ptolemy/domains/de/test/auto/OpenQueuingNetwork.xml
auto.tcl: Setting watchdog for 200 seconds at Sun Nov 18 02:48:48 UTC 2018
223 ms. Memory: 549888K Free: 444874K (81%)
ptolemy.util.test.WatchDog.cancel(): canceling Sun Nov 18 02:48:48 UTC 2018
auto.tcl: Setting watchdog for 200 seconds at Sun Nov 18 02:48:48 UTC 2018
213 ms. Memory: 549888K Free: 385113K (70%)
ptolemy.util.test.WatchDog.cancel(): canceling Sun Nov 18 02:48:48 UTC 2018
------------------ testing $PTII/ptolemy/domains/de/test/auto/PeriodicSampler.xml
auto.tcl: Setting watchdog for 200 seconds at Sun Nov 18 02:48:48 UTC 2018
3 ms. Memory: 551936K Free: 530722K (96%)
ptolemy.util.test.WatchDog.cancel(): canceling Sun Nov 18 02:48:48 UTC 2018
auto.tcl: Setting watchdog for 200 seconds at Sun Nov 18 02:48:48 UTC 2018
2 ms. Memory: 551936K Free: 530722K (96%)
ptolemy.util.test.WatchDog.cancel(): canceling Sun Nov 18 02:48:48 UTC 2018
------------------ testing $PTII/ptolemy/domains/de/test/auto/PersistentIO.xml
auto.tcl: Setting watchdog for 200 seconds at Sun Nov 18 02:48:48 UTC 2018
15 ms. Memory: 549376K Free: 522105K (95%)
ptolemy.util.test.WatchDog.cancel(): canceling Sun Nov 18 02:48:49 UTC 2018
auto.tcl: Setting watchdog for 200 seconds at Sun Nov 18 02:48:49 UTC 2018
4 ms. Memory: 549376K Free: 522105K (95%)
ptolemy.util.test.WatchDog.cancel(): canceling Sun Nov 18 02:48:49 UTC 2018
------------------ testing $PTII/ptolemy/domains/de/test/auto/PortParameterResetOnInitialize.xml
auto.tcl: Setting watchdog for 200 seconds at Sun Nov 18 02:48:49 UTC 2018
2 ms. Memory: 551424K Free: 530441K (96%)
ptolemy.util.test.WatchDog.cancel(): canceling Sun Nov 18 02:48:49 UTC 2018
auto.tcl: Setting watchdog for 200 seconds at Sun Nov 18 02:48:49 UTC 2018
2 ms. Memory: 551424K Free: 530441K (96%)
ptolemy.util.test.WatchDog.cancel(): canceling Sun Nov 18 02:48:49 UTC 2018
------------------ testing $PTII/ptolemy/domains/de/test/auto/PortParameterUpdates.xml
auto.tcl: Setting watchdog for 200 seconds at Sun Nov 18 02:48:49 UTC 2018
3 ms. Memory: 549376K Free: 528526K (96%)
ptolemy.util.test.WatchDog.cancel(): canceling Sun Nov 18 02:48:49 UTC 2018
auto.tcl: Setting watchdog for 200 seconds at Sun Nov 18 02:48:49 UTC 2018
3 ms. Memory: 549376K Free: 521886K (95%)
ptolemy.util.test.WatchDog.cancel(): canceling Sun Nov 18 02:48:49 UTC 2018
------------------ testing $PTII/ptolemy/domains/de/test/auto/QueueAndServer.xml
auto.tcl: Setting watchdog for 200 seconds at Sun Nov 18 02:48:49 UTC 2018
7 ms. Memory: 551424K Free: 535217K (97%)
ptolemy.util.test.WatchDog.cancel(): canceling Sun Nov 18 02:48:49 UTC 2018
auto.tcl: Setting watchdog for 200 seconds at Sun Nov 18 02:48:49 UTC 2018
5 ms. Memory: 551424K Free: 528569K (96%)
ptolemy.util.test.WatchDog.cancel(): canceling Sun Nov 18 02:48:49 UTC 2018
------------------ testing $PTII/ptolemy/domains/de/test/auto/Records.xml
auto.tcl: Setting watchdog for 200 seconds at Sun Nov 18 02:48:49 UTC 2018
7 ms. Memory: 549376K Free: 533111K (97%)
ptolemy.util.test.WatchDog.cancel(): canceling Sun Nov 18 02:48:49 UTC 2018
auto.tcl: Setting watchdog for 200 seconds at Sun Nov 18 02:48:49 UTC 2018
2 ms. Memory: 549376K Free: 533111K (97%)
ptolemy.util.test.WatchDog.cancel(): canceling Sun Nov 18 02:48:49 UTC 2018
------------------ testing $PTII/ptolemy/domains/de/test/auto/ResetTransitionWithStartTime1.xml
auto.tcl: Setting watchdog for 200 seconds at Sun Nov 18 02:48:49 UTC 2018
6 ms. Memory: 551424K Free: 528544K (96%)
ptolemy.util.test.WatchDog.cancel(): canceling Sun Nov 18 02:48:49 UTC 2018
auto.tcl: Setting watchdog for 200 seconds at Sun Nov 18 02:48:49 UTC 2018
6 ms. Memory: 551424K Free: 528544K (96%)
ptolemy.util.test.WatchDog.cancel(): canceling Sun Nov 18 02:48:49 UTC 2018
------------------ testing $PTII/ptolemy/domains/de/test/auto/ResetTransitionWithStartTime2.xml
auto.tcl: Setting watchdog for 200 seconds at Sun Nov 18 02:48:49 UTC 2018
5 ms. Memory: 549376K Free: 526717K (96%)
ptolemy.util.test.WatchDog.cancel(): canceling Sun Nov 18 02:48:49 UTC 2018
auto.tcl: Setting watchdog for 200 seconds at Sun Nov 18 02:48:49 UTC 2018
5 ms. Memory: 549376K Free: 526717K (96%)
ptolemy.util.test.WatchDog.cancel(): canceling Sun Nov 18 02:48:49 UTC 2018
------------------ testing $PTII/ptolemy/domains/de/test/auto/ResetTransitionWithStartTime3.xml
auto.tcl: Setting watchdog for 200 seconds at Sun Nov 18 02:48:49 UTC 2018
6 ms. Memory: 550912K Free: 528006K (96%)
ptolemy.util.test.WatchDog.cancel(): canceling Sun Nov 18 02:48:49 UTC 2018
auto.tcl: Setting watchdog for 200 seconds at Sun Nov 18 02:48:49 UTC 2018
9 ms. Memory: 550912K Free: 528006K (96%)
ptolemy.util.test.WatchDog.cancel(): canceling Sun Nov 18 02:48:49 UTC 2018
------------------ testing $PTII/ptolemy/domains/de/test/auto/ResetTransitionWithStartTime4.xml
auto.tcl: Setting watchdog for 200 seconds at Sun Nov 18 02:48:49 UTC 2018
5 ms. Memory: 549376K Free: 526481K (96%)
ptolemy.util.test.WatchDog.cancel(): canceling Sun Nov 18 02:48:49 UTC 2018
auto.tcl: Setting watchdog for 200 seconds at Sun Nov 18 02:48:49 UTC 2018
3 ms. Memory: 549376K Free: 526481K (96%)
ptolemy.util.test.WatchDog.cancel(): canceling Sun Nov 18 02:48:49 UTC 2018
------------------ testing $PTII/ptolemy/domains/de/test/auto/ResettableTimer1.xml
auto.tcl: Setting watchdog for 200 seconds at Sun Nov 18 02:48:49 UTC 2018
3 ms. Memory: 550912K Free: 534882K (97%)
ptolemy.util.test.WatchDog.cancel(): canceling Sun Nov 18 02:48:49 UTC 2018
auto.tcl: Setting watchdog for 200 seconds at Sun Nov 18 02:48:49 UTC 2018
2 ms. Memory: 550912K Free: 534882K (97%)
ptolemy.util.test.WatchDog.cancel(): canceling Sun Nov 18 02:48:49 UTC 2018
------------------ testing $PTII/ptolemy/domains/de/test/auto/ResettableTimer2.xml
auto.tcl: Setting watchdog for 200 seconds at Sun Nov 18 02:48:49 UTC 2018
2 ms. Memory: 549376K Free: 533405K (97%)
ptolemy.util.test.WatchDog.cancel(): canceling Sun Nov 18 02:48:49 UTC 2018
auto.tcl: Setting watchdog for 200 seconds at Sun Nov 18 02:48:49 UTC 2018
2 ms. Memory: 549376K Free: 533405K (97%)
ptolemy.util.test.WatchDog.cancel(): canceling Sun Nov 18 02:48:49 UTC 2018
------------------ testing $PTII/ptolemy/domains/de/test/auto/ResettableTimer3.xml
auto.tcl: Setting watchdog for 200 seconds at Sun Nov 18 02:48:49 UTC 2018
2 ms. Memory: 550912K Free: 530031K (96%)
ptolemy.util.test.WatchDog.cancel(): canceling Sun Nov 18 02:48:49 UTC 2018
auto.tcl: Setting watchdog for 200 seconds at Sun Nov 18 02:48:49 UTC 2018
1 ms. Memory: 550912K Free: 530031K (96%)
ptolemy.util.test.WatchDog.cancel(): canceling Sun Nov 18 02:48:49 UTC 2018
------------------ testing $PTII/ptolemy/domains/de/test/auto/ResettableTimer4.xml
auto.tcl: Setting watchdog for 200 seconds at Sun Nov 18 02:48:49 UTC 2018
2 ms. Memory: 549376K Free: 533417K (97%)
ptolemy.util.test.WatchDog.cancel(): canceling Sun Nov 18 02:48:49 UTC 2018
auto.tcl: Setting watchdog for 200 seconds at Sun Nov 18 02:48:49 UTC 2018
1 ms. Memory: 549376K Free: 533417K (97%)
ptolemy.util.test.WatchDog.cancel(): canceling Sun Nov 18 02:48:49 UTC 2018
------------------ testing $PTII/ptolemy/domains/de/test/auto/ResettableTimer5.xml
auto.tcl: Setting watchdog for 200 seconds at Sun Nov 18 02:48:49 UTC 2018
1 ms. Memory: 550400K Free: 529760K (96%)
ptolemy.util.test.WatchDog.cancel(): canceling Sun Nov 18 02:48:49 UTC 2018
auto.tcl: Setting watchdog for 200 seconds at Sun Nov 18 02:48:49 UTC 2018
2 ms. Memory: 550400K Free: 529760K (96%)
ptolemy.util.test.WatchDog.cancel(): canceling Sun Nov 18 02:48:49 UTC 2018
------------------ testing $PTII/ptolemy/domains/de/test/auto/ResettableTimer6.xml
auto.tcl: Setting watchdog for 200 seconds at Sun Nov 18 02:48:49 UTC 2018
2 ms. Memory: 549376K Free: 528455K (96%)
ptolemy.util.test.WatchDog.cancel(): canceling Sun Nov 18 02:48:49 UTC 2018
auto.tcl: Setting watchdog for 200 seconds at Sun Nov 18 02:48:49 UTC 2018
1 ms. Memory: 549376K Free: 528455K (96%)
ptolemy.util.test.WatchDog.cancel(): canceling Sun Nov 18 02:48:49 UTC 2018
------------------ testing $PTII/ptolemy/domains/de/test/auto/ServerZeroDelay.xml
auto.tcl: Setting watchdog for 200 seconds at Sun Nov 18 02:48:49 UTC 2018
2 ms. Memory: 550400K Free: 534379K (97%)
ptolemy.util.test.WatchDog.cancel(): canceling Sun Nov 18 02:48:49 UTC 2018
auto.tcl: Setting watchdog for 200 seconds at Sun Nov 18 02:48:49 UTC 2018
2 ms. Memory: 550400K Free: 534379K (97%)
ptolemy.util.test.WatchDog.cancel(): canceling Sun Nov 18 02:48:49 UTC 2018
------------------ testing $PTII/ptolemy/domains/de/test/auto/SmartSender.xml
auto.tcl: Setting watchdog for 200 seconds at Sun Nov 18 02:48:50 UTC 2018
3001 ms. Memory: 549376K Free: 519312K (95%)
ptolemy.util.test.WatchDog.cancel(): canceling Sun Nov 18 02:48:53 UTC 2018
auto.tcl: Setting watchdog for 200 seconds at Sun Nov 18 02:48:53 UTC 2018
3001 ms. Memory: 549376K Free: 519312K (95%)
ptolemy.util.test.WatchDog.cancel(): canceling Sun Nov 18 02:48:56 UTC 2018
------------------ testing $PTII/ptolemy/domains/de/test/auto/ThreadedComposite.xml
auto.tcl: Setting watchdog for 200 seconds at Sun Nov 18 02:48:56 UTC 2018
284 ms. Memory: 550400K Free: 508799K (92%)
ptolemy.util.test.WatchDog.cancel(): canceling Sun Nov 18 02:48:56 UTC 2018
auto.tcl: Setting watchdog for 200 seconds at Sun Nov 18 02:48:56 UTC 2018
133 ms. Memory: 550400K Free: 492784K (90%)
ptolemy.util.test.WatchDog.cancel(): canceling Sun Nov 18 02:48:56 UTC 2018
------------------ testing $PTII/ptolemy/domains/de/test/auto/Time.xml
auto.tcl: Setting watchdog for 200 seconds at Sun Nov 18 02:48:56 UTC 2018
466 ms. Memory: 549376K Free: 481369K (88%)
ptolemy.util.test.WatchDog.cancel(): canceling Sun Nov 18 02:48:57 UTC 2018
auto.tcl: Setting watchdog for 200 seconds at Sun Nov 18 02:48:57 UTC 2018
432 ms. Memory: 549376K Free: 428248K (78%)
ptolemy.util.test.WatchDog.cancel(): canceling Sun Nov 18 02:48:57 UTC 2018
------------------ testing $PTII/ptolemy/domains/de/test/auto/TimeDelayZeroDelay.xml
auto.tcl: Setting watchdog for 200 seconds at Sun Nov 18 02:48:57 UTC 2018
2 ms. Memory: 550400K Free: 534067K (97%)
ptolemy.util.test.WatchDog.cancel(): canceling Sun Nov 18 02:48:57 UTC 2018
auto.tcl: Setting watchdog for 200 seconds at Sun Nov 18 02:48:57 UTC 2018
2 ms. Memory: 550400K Free: 534067K (97%)
ptolemy.util.test.WatchDog.cancel(): canceling Sun Nov 18 02:48:57 UTC 2018
------------------ testing $PTII/ptolemy/domains/de/test/auto/TimerZeroDelay.xml
auto.tcl: Setting watchdog for 200 seconds at Sun Nov 18 02:48:57 UTC 2018
2 ms. Memory: 549376K Free: 533317K (97%)
ptolemy.util.test.WatchDog.cancel(): canceling Sun Nov 18 02:48:57 UTC 2018
auto.tcl: Setting watchdog for 200 seconds at Sun Nov 18 02:48:57 UTC 2018
2 ms. Memory: 549376K Free: 533317K (97%)
ptolemy.util.test.WatchDog.cancel(): canceling Sun Nov 18 02:48:57 UTC 2018
------------------ testing $PTII/ptolemy/domains/de/test/auto/TimingParadox.xml
auto.tcl: Setting watchdog for 200 seconds at Sun Nov 18 02:48:57 UTC 2018
320 ms. Memory: 549888K Free: 462936K (84%)
ptolemy.util.test.WatchDog.cancel(): canceling Sun Nov 18 02:48:58 UTC 2018
auto.tcl: Setting watchdog for 200 seconds at Sun Nov 18 02:48:58 UTC 2018
287 ms. Memory: 549888K Free: 429736K (78%)
ptolemy.util.test.WatchDog.cancel(): canceling Sun Nov 18 02:48:58 UTC 2018
------------------ testing $PTII/ptolemy/domains/de/test/auto/TransferInputs.xml
auto.tcl: Setting watchdog for 200 seconds at Sun Nov 18 02:48:58 UTC 2018
1 ms. Memory: 549888K Free: 532733K (97%)
ptolemy.util.test.WatchDog.cancel(): canceling Sun Nov 18 02:48:58 UTC 2018
auto.tcl: Setting watchdog for 200 seconds at Sun Nov 18 02:48:58 UTC 2018
2 ms. Memory: 549888K Free: 532733K (97%)
ptolemy.util.test.WatchDog.cancel(): canceling Sun Nov 18 02:48:58 UTC 2018
------------------ testing $PTII/ptolemy/domains/de/test/auto/TransferOutputs2.xml
auto.tcl: Setting watchdog for 200 seconds at Sun Nov 18 02:48:58 UTC 2018
3 ms. Memory: 549376K Free: 526666K (96%)
ptolemy.util.test.WatchDog.cancel(): canceling Sun Nov 18 02:48:58 UTC 2018
auto.tcl: Setting watchdog for 200 seconds at Sun Nov 18 02:48:58 UTC 2018
3 ms. Memory: 549376K Free: 526666K (96%)
ptolemy.util.test.WatchDog.cancel(): canceling Sun Nov 18 02:48:58 UTC 2018
------------------ testing $PTII/ptolemy/domains/de/test/auto/Trilateration.xml
auto.tcl: Setting watchdog for 200 seconds at Sun Nov 18 02:48:58 UTC 2018
13175 ms. Memory: 766976K Free: 169775K (22%)
ptolemy.util.test.WatchDog.cancel(): canceling Sun Nov 18 02:49:12 UTC 2018
auto.tcl: Setting watchdog for 200 seconds at Sun Nov 18 02:49:12 UTC 2018
10556 ms. Memory: 623104K Free: 556176K (89%)
ptolemy.util.test.WatchDog.cancel(): canceling Sun Nov 18 02:49:23 UTC 2018
------------------ testing $PTII/ptolemy/domains/de/test/auto/TwoSigmaDelta.xml
auto.tcl: Setting watchdog for 200 seconds at Sun Nov 18 02:49:23 UTC 2018
2614 ms. Memory: 619520K Free: 303951K (49%)
ptolemy.util.test.WatchDog.cancel(): canceling Sun Nov 18 02:49:26 UTC 2018
auto.tcl: Setting watchdog for 200 seconds at Sun Nov 18 02:49:26 UTC 2018
2168 ms. Memory: 619520K Free: 66603K (11%)
ptolemy.util.test.WatchDog.cancel(): canceling Sun Nov 18 02:49:28 UTC 2018
------------------ testing $PTII/ptolemy/domains/de/test/auto/VariableDelay.xml
auto.tcl: Setting watchdog for 200 seconds at Sun Nov 18 02:49:28 UTC 2018
3 ms. Memory: 623104K Free: 598800K (96%)
ptolemy.util.test.WatchDog.cancel(): canceling Sun Nov 18 02:49:28 UTC 2018
auto.tcl: Setting watchdog for 200 seconds at Sun Nov 18 02:49:28 UTC 2018
2 ms. Memory: 623104K Free: 598800K (96%)
ptolemy.util.test.WatchDog.cancel(): canceling Sun Nov 18 02:49:28 UTC 2018
------------------ testing $PTII/ptolemy/domains/de/test/auto/VariableDelay2.xml
auto.tcl: Setting watchdog for 200 seconds at Sun Nov 18 02:49:28 UTC 2018
2 ms. Memory: 619520K Free: 601041K (97%)
ptolemy.util.test.WatchDog.cancel(): canceling Sun Nov 18 02:49:28 UTC 2018
auto.tcl: Setting watchdog for 200 seconds at Sun Nov 18 02:49:28 UTC 2018
2 ms. Memory: 619520K Free: 601041K (97%)
ptolemy.util.test.WatchDog.cancel(): canceling Sun Nov 18 02:49:28 UTC 2018
------------------ testing $PTII/ptolemy/domains/de/test/auto/VariableDelayZeroDelay.xml
auto.tcl: Setting watchdog for 200 seconds at Sun Nov 18 02:49:28 UTC 2018
2 ms. Memory: 622592K Free: 598731K (96%)
ptolemy.util.test.WatchDog.cancel(): canceling Sun Nov 18 02:49:28 UTC 2018
auto.tcl: Setting watchdog for 200 seconds at Sun Nov 18 02:49:28 UTC 2018
1 ms. Memory: 622592K Free: 598731K (96%)
ptolemy.util.test.WatchDog.cancel(): canceling Sun Nov 18 02:49:28 UTC 2018
------------------ testing $PTII/ptolemy/domains/de/test/auto/VariableDelayZeroDelay2.xml
auto.tcl: Setting watchdog for 200 seconds at Sun Nov 18 02:49:28 UTC 2018
1 ms. Memory: 619520K Free: 595657K (96%)
ptolemy.util.test.WatchDog.cancel(): canceling Sun Nov 18 02:49:28 UTC 2018
auto.tcl: Setting watchdog for 200 seconds at Sun Nov 18 02:49:28 UTC 2018
2 ms. Memory: 619520K Free: 595657K (96%)
ptolemy.util.test.WatchDog.cancel(): canceling Sun Nov 18 02:49:28 UTC 2018
------------------ testing $PTII/ptolemy/domains/de/test/auto/deInCt.xml
auto.tcl: Setting watchdog for 200 seconds at Sun Nov 18 02:49:28 UTC 2018
0
1
1
1
1
1
1
0
0
0
1
1
0
0
0
0
1
1
1
0
0
0
0
1
1
1
1
0
0
1
1
1
0
0
0
9 ms. Memory: 622080K Free: 598183K (96%)
ptolemy.util.test.WatchDog.cancel(): canceling Sun Nov 18 02:49:28 UTC 2018
auto.tcl: Setting watchdog for 200 seconds at Sun Nov 18 02:49:28 UTC 2018
0
1
1
1
0
0
0
0
1
1
1
1
0
0
0
1
1
1
0
0
0
0
0
0
0
1
1
1
0
0
0
0
9 ms. Memory: 622080K Free: 598183K (96%)
ptolemy.util.test.WatchDog.cancel(): canceling Sun Nov 18 02:49:28 UTC 2018
------------------ testing $PTII/ptolemy/domains/de/test/auto/deInCt2.xml
auto.tcl: Setting watchdog for 200 seconds at Sun Nov 18 02:49:28 UTC 2018
0
1
1
1
0
0
1
1
1
0
0
1
1
1
0
0
1
1
1
0
0
1
1
1
0
0
1
1
1
0
0
1
1
1
0
0
1
1
1
0
0
0
13 ms. Memory: 619520K Free: 595624K (96%)
ptolemy.util.test.WatchDog.cancel(): canceling Sun Nov 18 02:49:28 UTC 2018
auto.tcl: Setting watchdog for 200 seconds at Sun Nov 18 02:49:28 UTC 2018
0
1
1
1
0
0
1
1
1
0
0
1
1
1
0
0
1
1
1
0
0
1
1
1
0
0
1
1
1
0
0
1
1
1
0
0
1
1
1
0
0
0
8 ms. Memory: 619520K Free: 595624K (96%)
ptolemy.util.test.WatchDog.cancel(): canceling Sun Nov 18 02:49:28 UTC 2018
------------------ testing $PTII/ptolemy/domains/de/test/auto/dynamicCausalityInterface1.xml
auto.tcl: Setting watchdog for 200 seconds at Sun Nov 18 02:49:28 UTC 2018
1 ms. Memory: 621568K Free: 594843K (96%)
ptolemy.util.test.WatchDog.cancel(): canceling Sun Nov 18 02:49:28 UTC 2018
auto.tcl: Setting watchdog for 200 seconds at Sun Nov 18 02:49:28 UTC 2018
0 ms. Memory: 621568K Free: 594843K (96%)
ptolemy.util.test.WatchDog.cancel(): canceling Sun Nov 18 02:49:28 UTC 2018
------------------ testing $PTII/ptolemy/domains/de/test/auto/fsm_de_test.xml
auto.tcl: Setting watchdog for 200 seconds at Sun Nov 18 02:49:28 UTC 2018
9 ms. Memory: 619520K Free: 595543K (96%)
ptolemy.util.test.WatchDog.cancel(): canceling Sun Nov 18 02:49:28 UTC 2018
auto.tcl: Setting watchdog for 200 seconds at Sun Nov 18 02:49:28 UTC 2018
4 ms. Memory: 619520K Free: 587292K (95%)
ptolemy.util.test.WatchDog.cancel(): canceling Sun Nov 18 02:49:28 UTC 2018
------------------ testing $PTII/ptolemy/domains/de/test/auto/functionDependencyReconstruction.xml
auto.tcl: Setting watchdog for 200 seconds at Sun Nov 18 02:49:29 UTC 2018
2 ms. Memory: 621568K Free: 589331K (95%)
ptolemy.util.test.WatchDog.cancel(): canceling Sun Nov 18 02:49:29 UTC 2018
auto.tcl: Setting watchdog for 200 seconds at Sun Nov 18 02:49:29 UTC 2018
3 ms. Memory: 621568K Free: 581089K (93%)
ptolemy.util.test.WatchDog.cancel(): canceling Sun Nov 18 02:49:29 UTC 2018
------------------ testing $PTII/ptolemy/domains/de/test/auto/multirate.xml
auto.tcl: Setting watchdog for 200 seconds at Sun Nov 18 02:49:29 UTC 2018
4 ms. Memory: 619520K Free: 595409K (96%)
ptolemy.util.test.WatchDog.cancel(): canceling Sun Nov 18 02:49:29 UTC 2018
auto.tcl: Setting watchdog for 200 seconds at Sun Nov 18 02:49:29 UTC 2018
3 ms. Memory: 619520K Free: 595409K (96%)
ptolemy.util.test.WatchDog.cancel(): canceling Sun Nov 18 02:49:29 UTC 2018
------------------ testing $PTII/ptolemy/domains/de/test/auto/multirate2.xml
auto.tcl: Setting watchdog for 200 seconds at Sun Nov 18 02:49:29 UTC 2018
4 ms. Memory: 621056K Free: 597134K (96%)
ptolemy.util.test.WatchDog.cancel(): canceling Sun Nov 18 02:49:29 UTC 2018
auto.tcl: Setting watchdog for 200 seconds at Sun Nov 18 02:49:29 UTC 2018
3 ms. Memory: 621056K Free: 597134K (96%)
ptolemy.util.test.WatchDog.cancel(): canceling Sun Nov 18 02:49:29 UTC 2018
------------------ testing $PTII/ptolemy/domains/de/test/auto/realtime.xml
auto.tcl: Setting watchdog for 200 seconds at Sun Nov 18 02:49:29 UTC 2018
10001 ms. Memory: 619520K Free: 595566K (96%)
ptolemy.util.test.WatchDog.cancel(): canceling Sun Nov 18 02:49:39 UTC 2018
auto.tcl: Setting watchdog for 200 seconds at Sun Nov 18 02:49:39 UTC 2018
10001 ms. Memory: 619520K Free: 595566K (96%)
ptolemy.util.test.WatchDog.cancel(): canceling Sun Nov 18 02:49:49 UTC 2018
------------------ testing $PTII/ptolemy/domains/de/test/auto/relationGroup.xml
auto.tcl: Setting watchdog for 200 seconds at Sun Nov 18 02:49:49 UTC 2018
2 ms. Memory: 621056K Free: 597158K (96%)
ptolemy.util.test.WatchDog.cancel(): canceling Sun Nov 18 02:49:49 UTC 2018
auto.tcl: Setting watchdog for 200 seconds at Sun Nov 18 02:49:49 UTC 2018
2 ms. Memory: 621056K Free: 597158K (96%)
ptolemy.util.test.WatchDog.cancel(): canceling Sun Nov 18 02:49:49 UTC 2018
------------------ testing $PTII/ptolemy/domains/de/test/auto/relationGroup2.xml
auto.tcl: Setting watchdog for 200 seconds at Sun Nov 18 02:49:49 UTC 2018
2 ms. Memory: 619520K Free: 595648K (96%)
ptolemy.util.test.WatchDog.cancel(): canceling Sun Nov 18 02:49:49 UTC 2018
auto.tcl: Setting watchdog for 200 seconds at Sun Nov 18 02:49:49 UTC 2018
1 ms. Memory: 619520K Free: 595648K (96%)
ptolemy.util.test.WatchDog.cancel(): canceling Sun Nov 18 02:49:49 UTC 2018
------------------ testing $PTII/ptolemy/domains/de/test/auto/sortWithOpaquePorts.xml
auto.tcl: Setting watchdog for 200 seconds at Sun Nov 18 02:49:49 UTC 2018
2 ms. Memory: 620544K Free: 596673K (96%)
ptolemy.util.test.WatchDog.cancel(): canceling Sun Nov 18 02:49:49 UTC 2018
auto.tcl: Setting watchdog for 200 seconds at Sun Nov 18 02:49:49 UTC 2018
1 ms. Memory: 620544K Free: 596673K (96%)
ptolemy.util.test.WatchDog.cancel(): canceling Sun Nov 18 02:49:49 UTC 2018
------------------ testing $PTII/ptolemy/domains/de/test/auto/transferInputsandOutputs.xml
auto.tcl: Setting watchdog for 200 seconds at Sun Nov 18 02:49:49 UTC 2018
4 ms. Memory: 619520K Free: 595606K (96%)
ptolemy.util.test.WatchDog.cancel(): canceling Sun Nov 18 02:49:49 UTC 2018
auto.tcl: Setting watchdog for 200 seconds at Sun Nov 18 02:49:49 UTC 2018
2 ms. Memory: 619520K Free: 595606K (96%)
ptolemy.util.test.WatchDog.cancel(): canceling Sun Nov 18 02:49:49 UTC 2018
------------------ testing $PTII/ptolemy/domains/de/test/auto/triggerType.xml
auto.tcl: Setting watchdog for 200 seconds at Sun Nov 18 02:49:49 UTC 2018
1 ms. Memory: 620544K Free: 596610K (96%)
ptolemy.util.test.WatchDog.cancel(): canceling Sun Nov 18 02:49:49 UTC 2018
auto.tcl: Setting watchdog for 200 seconds at Sun Nov 18 02:49:49 UTC 2018
2 ms. Memory: 620544K Free: 596610K (96%)
ptolemy.util.test.WatchDog.cancel(): canceling Sun Nov 18 02:49:49 UTC 2018
11/18/18 02:49:49
Failed: 0  Total Tests: 192  ((Passed: 187, Newly Passed: 1)  Known Failed: 5) /home/travis/build/icyphy/ptII/ptolemy/domains/de/test
11/18/18 02:49:49
Failed: 0  Total Tests: 192  ((Passed: 187, Newly Passed: 1)  Known Failed: 5) /home/travis/build/icyphy/ptII/ptolemy/domains/de/test
----------------- testing (KnownFailure) /home/travis/build/icyphy/ptII/ptolemy/domains/de/test/auto/knownFailedTests/DESDFClockTest.xml
2009 ms. Memory: 619520K Free: 584878K (94%)
Known Failure: java.lang.reflect.InvocationTargetException
----------------- testing (KnownFailure) /home/travis/build/icyphy/ptII/ptolemy/domains/de/test/auto/knownFailedTests/DirectFeedback.xml
1 ms. Memory: 619520K Free: 541798K (87%)
Known Failure: java.lang.reflect.InvocationTargetException
----------------- testing (KnownFailure) /home/travis/build/icyphy/ptII/ptolemy/domains/de/test/auto/knownFailedTests/FSMSource.xml
13 ms. Memory: 619520K Free: 498749K (81%)
----------------- testing (KnownFailure) /home/travis/build/icyphy/ptII/ptolemy/domains/de/test/auto/knownFailedTests/HierarchicalModel.xml
2 ms. Memory: 619520K Free: 466454K (75%)
Known Failure: java.lang.reflect.InvocationTargetException
----------------- testing (KnownFailure) /home/travis/build/icyphy/ptII/ptolemy/domains/de/test/auto/knownFailedTests/dependencyLoop.xml
2 ms. Memory: 619520K Free: 412627K (67%)
Known Failure: java.lang.reflect.InvocationTargetException
----------------- testing (KnownFailure) /home/travis/build/icyphy/ptII/ptolemy/domains/de/test/auto/knownFailedTests/dependencyLoop2.xml
3 ms. Memory: 619520K Free: 358799K (58%)
Known Failure: java.lang.reflect.InvocationTargetException
No auto/linux-amd64/*.xml tests in /home/travis/build/icyphy/ptII/ptolemy/domains/de/test
AutoTests.java: About to close Vertx.
AutoTests.java: Vertx closed.

===========================================================================================
----------------- testing Sun Nov 18 02:49:51 UTC 2018 /home/travis/build/icyphy/ptII/ptolemy/domains/de/test/auto/ActorDepthCalculation_actorWithoutPorts.xml
----------------- Instantiating /home/travis/build/icyphy/ptII/ptolemy/domains/de/test/auto/ActorDepthCalculation_actorWithoutPorts.xml
3 ms. Memory: 619520K Free: 304988K (49%)
----------------- Invoking toplevel() on ptolemy.moml.MoMLSimpleApplication@5974878a
----------------- Done invoking toplevel() on ptolemy.moml.MoMLSimpleApplication@5974878a
reloadAllAccessors: .ActorDepthCalculation_actorWithoutPorts

===========================================================================================
----------------- testing Sun Nov 18 02:49:51 UTC 2018 /home/travis/build/icyphy/ptII/ptolemy/domains/de/test/auto/AssemblyLine.xml
----------------- Instantiating /home/travis/build/icyphy/ptII/ptolemy/domains/de/test/auto/AssemblyLine.xml
1 ms. Memory: 619520K Free: 283463K (46%)
----------------- Invoking toplevel() on ptolemy.moml.MoMLSimpleApplication@2d00fcb3
----------------- Done invoking toplevel() on ptolemy.moml.MoMLSimpleApplication@2d00fcb3
reloadAllAccessors: .AssemblyLine

===========================================================================================
----------------- testing Sun Nov 18 02:49:51 UTC 2018 /home/travis/build/icyphy/ptII/ptolemy/domains/de/test/auto/CQBug1.xml
----------------- Instantiating /home/travis/build/icyphy/ptII/ptolemy/domains/de/test/auto/CQBug1.xml
1 ms. Memory: 619520K Free: 261939K (42%)
----------------- Invoking toplevel() on ptolemy.moml.MoMLSimpleApplication@35e12537
----------------- Done invoking toplevel() on ptolemy.moml.MoMLSimpleApplication@35e12537
reloadAllAccessors: .CQBug1

===========================================================================================
----------------- testing Sun Nov 18 02:49:51 UTC 2018 /home/travis/build/icyphy/ptII/ptolemy/domains/de/test/auto/CancelFireAt.xml
----------------- Instantiating /home/travis/build/icyphy/ptII/ptolemy/domains/de/test/auto/CancelFireAt.xml
1 ms. Memory: 619520K Free: 240414K (39%)
----------------- Invoking toplevel() on ptolemy.moml.MoMLSimpleApplication@1ce00e49
----------------- Done invoking toplevel() on ptolemy.moml.MoMLSimpleApplication@1ce00e49
reloadAllAccessors: .CancelFireAt

===========================================================================================
----------------- testing Sun Nov 18 02:49:51 UTC 2018 /home/travis/build/icyphy/ptII/ptolemy/domains/de/test/auto/CausalityAndComposabilityAnalysis.xml
----------------- Instantiating /home/travis/build/icyphy/ptII/ptolemy/domains/de/test/auto/CausalityAndComposabilityAnalysis.xml
1 ms. Memory: 619520K Free: 218890K (35%)
----------------- Invoking toplevel() on ptolemy.moml.MoMLSimpleApplication@1ca00837
----------------- Done invoking toplevel() on ptolemy.moml.MoMLSimpleApplication@1ca00837
reloadAllAccessors: .CausalityAndComposabilityAnalysis

===========================================================================================
----------------- testing Sun Nov 18 02:49:51 UTC 2018 /home/travis/build/icyphy/ptII/ptolemy/domains/de/test/auto/CausalityInterface1.xml
----------------- Instantiating /home/travis/build/icyphy/ptII/ptolemy/domains/de/test/auto/CausalityInterface1.xml
2 ms. Memory: 619520K Free: 197365K (32%)
----------------- Invoking toplevel() on ptolemy.moml.MoMLSimpleApplication@49e96e8f
----------------- Done invoking toplevel() on ptolemy.moml.MoMLSimpleApplication@49e96e8f
reloadAllAccessors: .CausalityInterface1

===========================================================================================
----------------- testing Sun Nov 18 02:49:51 UTC 2018 /home/travis/build/icyphy/ptII/ptolemy/domains/de/test/auto/CausalityInterface15.xml
----------------- Instantiating /home/travis/build/icyphy/ptII/ptolemy/domains/de/test/auto/CausalityInterface15.xml
1 ms. Memory: 619520K Free: 175841K (28%)
----------------- Invoking toplevel() on ptolemy.moml.MoMLSimpleApplication@144ebcb3
----------------- Done invoking toplevel() on ptolemy.moml.MoMLSimpleApplication@144ebcb3
reloadAllAccessors: .CausalityInterface15

[...]
java.lang.RuntimeException: Execution failed
	at ptolemy.moml.MoMLSimpleApplication$UnloadThread.run(MoMLSimpleApplication.java:402)
Caused by: ptolemy.kernel.util.IllegalActionException: Test fails in iteration 1.
Value was: 1.0. Should have been: 2.0
  in .DirectFeedback.Test
	at ptolemy.actor.lib.Test.fire(Test.java:268)
	at ptolemy.domains.de.kernel.DEDirector._fire(DEDirector.java:1949)
	at ptolemy.domains.de.kernel.DEDirector.fire(DEDirector.java:502)
	at ptolemy.actor.CompositeActor.fire(CompositeActor.java:455)
	at ptolemy.actor.Manager.iterate(Manager.java:851)
	at ptolemy.actor.Manager.execute(Manager.java:369)
	at ptolemy.actor.Manager.run(Manager.java:1263)
	at ptolemy.actor.Manager$PtolemyRunThread.run(Manager.java:1915)
java.lang.RuntimeException: Execution failed
	at ptolemy.moml.MoMLSimpleApplication$UnloadThread.run(MoMLSimpleApplication.java:402)
Caused by: ptolemy.kernel.util.IllegalActionException: Actor is not ready to fire.  Perhaps UpSample.prefire() returned false? Try debugging the actor by selecting "Listen to Actor".  Also, for SDF check moml for tokenConsumptionRate on input.
  in .DESDFClockTest.Play Bell.Copy1:SDF Director and .DESDFClockTest.Play Bell.UpSample
	at ptolemy.actor.sched.StaticSchedulingDirector.fire(StaticSchedulingDirector.java:227)
	at ptolemy.domains.sdf.kernel.SDFDirector.fire(SDFDirector.java:500)
	at ptolemy.actor.CompositeActor.fire(CompositeActor.java:455)
	at ptolemy.domains.de.kernel.DEDirector._fire(DEDirector.java:1949)
	at ptolemy.domains.de.kernel.DEDirector.fire(DEDirector.java:502)
	at ptolemy.actor.CompositeActor.fire(CompositeActor.java:455)
	at ptolemy.actor.Manager.iterate(Manager.java:851)
	at ptolemy.actor.Manager.execute(Manager.java:369)
	at ptolemy.actor.Manager.run(Manager.java:1263)
	at ptolemy.actor.Manager$PtolemyRunThread.run(Manager.java:1915)
java.lang.reflect.InvocationTargetException
	at sun.reflect.NativeConstructorAccessorImpl.newInstance0(Native Method)
	at sun.reflect.NativeConstructorAccessorImpl.newInstance(NativeConstructorAccessorImpl.java:62)
	at sun.reflect.DelegatingConstructorAccessorImpl.newInstance(DelegatingConstructorAccessorImpl.java:45)
	at java.lang.reflect.Constructor.newInstance(Constructor.java:423)
	at ptolemy.util.test.junit.AutoKnownFailedTests.RunModel(AutoKnownFailedTests.java:105)
	at sun.reflect.NativeMethodAccessorImpl.invoke0(Native Method)
	at sun.reflect.NativeMethodAccessorImpl.invoke(NativeMethodAccessorImpl.java:62)
	at sun.reflect.DelegatingMethodAccessorImpl.invoke(DelegatingMethodAccessorImpl.java:43)
	at java.lang.reflect.Method.invoke(Method.java:498)
	at org.junit.runners.model.FrameworkMethod$1.runReflectiveCall(FrameworkMethod.java:44)
	at org.junit.internal.runners.model.ReflectiveCallable.run(ReflectiveCallable.java:15)
	at org.junit.runners.model.FrameworkMethod.invokeExplosively(FrameworkMethod.java:41)
	at junitparams.internal.InvokeParameterisedMethod.evaluate(InvokeParameterisedMethod.java:102)
	at org.junit.internal.runners.statements.FailOnTimeout$1.run(FailOnTimeout.java:28)
Caused by: ptolemy.kernel.util.IllegalActionException: Actor is not ready to fire.  Perhaps UpSample.prefire() returned false? Try debugging the actor by selecting "Listen to Actor".  Also, for SDF check moml for tokenConsumptionRate on input.
  in .DESDFClockTest.Play Bell.Copy1:SDF Director and .DESDFClockTest.Play Bell.UpSample
	at ptolemy.actor.sched.StaticSchedulingDirector.fire(StaticSchedulingDirector.java:227)
	at ptolemy.domains.sdf.kernel.SDFDirector.fire(SDFDirector.java:500)
	at ptolemy.actor.CompositeActor.fire(CompositeActor.java:455)
	at ptolemy.domains.de.kernel.DEDirector._fire(DEDirector.java:1949)
	at ptolemy.domains.de.kernel.DEDirector.fire(DEDirector.java:502)
	at ptolemy.actor.CompositeActor.fire(CompositeActor.java:455)
	at ptolemy.actor.Manager.iterate(Manager.java:851)
	at ptolemy.actor.Manager.execute(Manager.java:369)
	at ptolemy.actor.Manager.run(Manager.java:1263)
	at ptolemy.actor.Manager$PtolemyRunThread.run(Manager.java:1915)
java.lang.RuntimeException: Execution failed
	at ptolemy.moml.MoMLSimpleApplication$UnloadThread.run(MoMLSimpleApplication.java:402)
Caused by: ptolemy.kernel.util.IllegalActionException: Test fails in iteration 1.
Value was: 1.0. Should have been: 2.0
  in .DirectFeedback.Test
	at ptolemy.actor.lib.Test.fire(Test.java:268)
	at ptolemy.domains.de.kernel.DEDirector._fire(DEDirector.java:1949)
	at ptolemy.domains.de.kernel.DEDirector.fire(DEDirector.java:502)
	at ptolemy.actor.CompositeActor.fire(CompositeActor.java:455)
	at ptolemy.actor.Manager.iterate(Manager.java:851)
	at ptolemy.actor.Manager.execute(Manager.java:369)
	at ptolemy.actor.Manager.run(Manager.java:1263)
	at ptolemy.actor.Manager$PtolemyRunThread.run(Manager.java:1915)
java.lang.reflect.InvocationTargetException
	at sun.reflect.NativeConstructorAccessorImpl.newInstance0(Native Method)
	at sun.reflect.NativeConstructorAccessorImpl.newInstance(NativeConstructorAccessorImpl.java:62)
	at sun.reflect.DelegatingConstructorAccessorImpl.newInstance(DelegatingConstructorAccessorImpl.java:45)
	at java.lang.reflect.Constructor.newInstance(Constructor.java:423)
	at ptolemy.util.test.junit.AutoKnownFailedTests.RunModel(AutoKnownFailedTests.java:105)
	at sun.reflect.NativeMethodAccessorImpl.invoke0(Native Method)
	at sun.reflect.NativeMethodAccessorImpl.invoke(NativeMethodAccessorImpl.java:62)
	at sun.reflect.DelegatingMethodAccessorImpl.invoke(DelegatingMethodAccessorImpl.java:43)
	at java.lang.reflect.Method.invoke(Method.java:498)
	at org.junit.runners.model.FrameworkMethod$1.runReflectiveCall(FrameworkMethod.java:44)
	at org.junit.internal.runners.model.ReflectiveCallable.run(ReflectiveCallable.java:15)
	at org.junit.runners.model.FrameworkMethod.invokeExplosively(FrameworkMethod.java:41)
	at junitparams.internal.InvokeParameterisedMethod.evaluate(InvokeParameterisedMethod.java:102)
	at org.junit.internal.runners.statements.FailOnTimeout$1.run(FailOnTimeout.java:28)
Caused by: ptolemy.kernel.util.IllegalActionException: Test fails in iteration 1.
Value was: 1.0. Should have been: 2.0
  in .DirectFeedback.Test
	at ptolemy.actor.lib.Test.fire(Test.java:268)
	at ptolemy.domains.de.kernel.DEDirector._fire(DEDirector.java:1949)
	at ptolemy.domains.de.kernel.DEDirector.fire(DEDirector.java:502)
	at ptolemy.actor.CompositeActor.fire(CompositeActor.java:455)
	at ptolemy.actor.Manager.iterate(Manager.java:851)
	at ptolemy.actor.Manager.execute(Manager.java:369)
	at ptolemy.actor.Manager.run(Manager.java:1263)
	at ptolemy.actor.Manager$PtolemyRunThread.run(Manager.java:1915)
java.lang.RuntimeException: Execution failed
	at ptolemy.moml.MoMLSimpleApplication$UnloadThread.run(MoMLSimpleApplication.java:402)
Caused by: ptolemy.kernel.util.IllegalActionException: Found a zero delay loop containing .HierarchicalModel.A
  in .HierarchicalModel and .HierarchicalModel.A
	at ptolemy.actor.util.CausalityInterfaceForComposites._computeOutputPortDepth(CausalityInterfaceForComposites.java:759)
	at ptolemy.actor.util.CausalityInterfaceForComposites._computeInputDepth(CausalityInterfaceForComposites.java:696)
	at ptolemy.actor.util.CausalityInterfaceForComposites._computeOutputPortDepth(CausalityInterfaceForComposites.java:765)
	at ptolemy.actor.util.CausalityInterfaceForComposites._computeInputDepth(CausalityInterfaceForComposites.java:696)
	at ptolemy.actor.util.CausalityInterfaceForComposites._computeOutputPortDepth(CausalityInterfaceForComposites.java:765)
	at ptolemy.actor.util.CausalityInterfaceForComposites._computeInputDepth(CausalityInterfaceForComposites.java:696)
	at ptolemy.actor.util.CausalityInterfaceForComposites._computeActorDepth(CausalityInterfaceForComposites.java:532)
	at ptolemy.actor.util.CausalityInterfaceForComposites.checkForCycles(CausalityInterfaceForComposites.java:96)
	at ptolemy.domains.de.kernel.DEDirector.preinitialize(DEDirector.java:1338)
	at ptolemy.actor.CompositeActor.preinitialize(CompositeActor.java:1828)
	at ptolemy.actor.Manager.preinitializeAndResolveTypes(Manager.java:1040)
	at ptolemy.actor.Manager.initialize(Manager.java:710)
	at ptolemy.actor.Manager.execute(Manager.java:356)
	at ptolemy.actor.Manager.run(Manager.java:1263)
	at ptolemy.actor.Manager$PtolemyRunThread.run(Manager.java:1915)
java.lang.reflect.InvocationTargetException
	at sun.reflect.NativeConstructorAccessorImpl.newInstance0(Native Method)
	at sun.reflect.NativeConstructorAccessorImpl.newInstance(NativeConstructorAccessorImpl.java:62)
	at sun.reflect.DelegatingConstructorAccessorImpl.newInstance(DelegatingConstructorAccessorImpl.java:45)
	at java.lang.reflect.Constructor.newInstance(Constructor.java:423)
	at ptolemy.util.test.junit.AutoKnownFailedTests.RunModel(AutoKnownFailedTests.java:105)
	at sun.reflect.NativeMethodAccessorImpl.invoke0(Native Method)
	at sun.reflect.NativeMethodAccessorImpl.invoke(NativeMethodAccessorImpl.java:62)
	at sun.reflect.DelegatingMethodAccessorImpl.invoke(DelegatingMethodAccessorImpl.java:43)
	at java.lang.reflect.Method.invoke(Method.java:498)
	at org.junit.runners.model.FrameworkMethod$1.runReflectiveCall(FrameworkMethod.java:44)
	at org.junit.internal.runners.model.ReflectiveCallable.run(ReflectiveCallable.java:15)
	at org.junit.runners.model.FrameworkMethod.invokeExplosively(FrameworkMethod.java:41)
	at junitparams.internal.InvokeParameterisedMethod.evaluate(InvokeParameterisedMethod.java:102)
	at org.junit.internal.runners.statements.FailOnTimeout$1.run(FailOnTimeout.java:28)
Caused by: ptolemy.kernel.util.IllegalActionException: Found a zero delay loop containing .HierarchicalModel.A
  in .HierarchicalModel and .HierarchicalModel.A
	at ptolemy.actor.util.CausalityInterfaceForComposites._computeOutputPortDepth(CausalityInterfaceForComposites.java:759)
	at ptolemy.actor.util.CausalityInterfaceForComposites._computeInputDepth(CausalityInterfaceForComposites.java:696)
	at ptolemy.actor.util.CausalityInterfaceForComposites._computeOutputPortDepth(CausalityInterfaceForComposites.java:765)
	at ptolemy.actor.util.CausalityInterfaceForComposites._computeInputDepth(CausalityInterfaceForComposites.java:696)
	at ptolemy.actor.util.CausalityInterfaceForComposites._computeOutputPortDepth(CausalityInterfaceForComposites.java:765)
	at ptolemy.actor.util.CausalityInterfaceForComposites._computeInputDepth(CausalityInterfaceForComposites.java:696)
	at ptolemy.actor.util.CausalityInterfaceForComposites._computeActorDepth(CausalityInterfaceForComposites.java:532)
	at ptolemy.actor.util.CausalityInterfaceForComposites.checkForCycles(CausalityInterfaceForComposites.java:96)
	at ptolemy.domains.de.kernel.DEDirector.preinitialize(DEDirector.java:1338)
	at ptolemy.actor.CompositeActor.preinitialize(CompositeActor.java:1828)
	at ptolemy.actor.Manager.preinitializeAndResolveTypes(Manager.java:1040)
	at ptolemy.actor.Manager.initialize(Manager.java:710)
	at ptolemy.actor.Manager.execute(Manager.java:356)
	at ptolemy.actor.Manager.run(Manager.java:1263)
	at ptolemy.actor.Manager$PtolemyRunThread.run(Manager.java:1915)
java.lang.RuntimeException: Execution failed
	at ptolemy.moml.MoMLSimpleApplication$UnloadThread.run(MoMLSimpleApplication.java:402)
Caused by: ptolemy.kernel.util.IllegalActionException: Found a zero delay loop containing .dependencyLoop.original
  in .dependencyLoop and .dependencyLoop.original
	at ptolemy.actor.util.CausalityInterfaceForComposites._computeOutputPortDepth(CausalityInterfaceForComposites.java:759)
	at ptolemy.actor.util.CausalityInterfaceForComposites._computeInputDepth(CausalityInterfaceForComposites.java:696)
	at ptolemy.actor.util.CausalityInterfaceForComposites._computeOutputPortDepth(CausalityInterfaceForComposites.java:765)
	at ptolemy.actor.util.CausalityInterfaceForComposites._computeInputDepth(CausalityInterfaceForComposites.java:696)
	at ptolemy.actor.util.CausalityInterfaceForComposites._computeOutputPortDepth(CausalityInterfaceForComposites.java:765)
	at ptolemy.actor.util.CausalityInterfaceForComposites._computeInputDepth(CausalityInterfaceForComposites.java:696)
	at ptolemy.actor.util.CausalityInterfaceForComposites._computeActorDepth(CausalityInterfaceForComposites.java:532)
	at ptolemy.actor.util.CausalityInterfaceForComposites.checkForCycles(CausalityInterfaceForComposites.java:96)
	at ptolemy.domains.de.kernel.DEDirector.preinitialize(DEDirector.java:1338)
	at ptolemy.actor.CompositeActor.preinitialize(CompositeActor.java:1828)
	at ptolemy.actor.Manager.preinitializeAndResolveTypes(Manager.java:1040)
	at ptolemy.actor.Manager.initialize(Manager.java:710)
	at ptolemy.actor.Manager.execute(Manager.java:356)
	at ptolemy.actor.Manager.run(Manager.java:1263)
	at ptolemy.actor.Manager$PtolemyRunThread.run(Manager.java:1915)
java.lang.reflect.InvocationTargetException
	at sun.reflect.NativeConstructorAccessorImpl.newInstance0(Native Method)
	at sun.reflect.NativeConstructorAccessorImpl.newInstance(NativeConstructorAccessorImpl.java:62)
	at sun.reflect.DelegatingConstructorAccessorImpl.newInstance(DelegatingConstructorAccessorImpl.java:45)
	at java.lang.reflect.Constructor.newInstance(Constructor.java:423)
	at ptolemy.util.test.junit.AutoKnownFailedTests.RunModel(AutoKnownFailedTests.java:105)
	at sun.reflect.NativeMethodAccessorImpl.invoke0(Native Method)
	at sun.reflect.NativeMethodAccessorImpl.invoke(NativeMethodAccessorImpl.java:62)
	at sun.reflect.DelegatingMethodAccessorImpl.invoke(DelegatingMethodAccessorImpl.java:43)
	at java.lang.reflect.Method.invoke(Method.java:498)
	at org.junit.runners.model.FrameworkMethod$1.runReflectiveCall(FrameworkMethod.java:44)
	at org.junit.internal.runners.model.ReflectiveCallable.run(ReflectiveCallable.java:15)
	at org.junit.runners.model.FrameworkMethod.invokeExplosively(FrameworkMethod.java:41)
	at junitparams.internal.InvokeParameterisedMethod.evaluate(InvokeParameterisedMethod.java:102)
	at org.junit.internal.runners.statements.FailOnTimeout$1.run(FailOnTimeout.java:28)
Caused by: ptolemy.kernel.util.IllegalActionException: Found a zero delay loop containing .dependencyLoop.original
  in .dependencyLoop and .dependencyLoop.original
	at ptolemy.actor.util.CausalityInterfaceForComposites._computeOutputPortDepth(CausalityInterfaceForComposites.java:759)
	at ptolemy.actor.util.CausalityInterfaceForComposites._computeInputDepth(CausalityInterfaceForComposites.java:696)
	at ptolemy.actor.util.CausalityInterfaceForComposites._computeOutputPortDepth(CausalityInterfaceForComposites.java:765)
	at ptolemy.actor.util.CausalityInterfaceForComposites._computeInputDepth(CausalityInterfaceForComposites.java:696)
	at ptolemy.actor.util.CausalityInterfaceForComposites._computeOutputPortDepth(CausalityInterfaceForComposites.java:765)
	at ptolemy.actor.util.CausalityInterfaceForComposites._computeInputDepth(CausalityInterfaceForComposites.java:696)
	at ptolemy.actor.util.CausalityInterfaceForComposites._computeActorDepth(CausalityInterfaceForComposites.java:532)
	at ptolemy.actor.util.CausalityInterfaceForComposites.checkForCycles(CausalityInterfaceForComposites.java:96)
	at ptolemy.domains.de.kernel.DEDirector.preinitialize(DEDirector.java:1338)
	at ptolemy.actor.CompositeActor.preinitialize(CompositeActor.java:1828)
	at ptolemy.actor.Manager.preinitializeAndResolveTypes(Manager.java:1040)
	at ptolemy.actor.Manager.initialize(Manager.java:710)
	at ptolemy.actor.Manager.execute(Manager.java:356)
	at ptolemy.actor.Manager.run(Manager.java:1263)
	at ptolemy.actor.Manager$PtolemyRunThread.run(Manager.java:1915)
java.lang.RuntimeException: Execution failed
	at ptolemy.moml.MoMLSimpleApplication$UnloadThread.run(MoMLSimpleApplication.java:402)
Caused by: ptolemy.kernel.util.IllegalActionException: Found a zero delay loop containing .dependencyLoop2.original
  in .dependencyLoop2 and .dependencyLoop2.original
	at ptolemy.actor.util.CausalityInterfaceForComposites._computeOutputPortDepth(CausalityInterfaceForComposites.java:759)
	at ptolemy.actor.util.CausalityInterfaceForComposites._computeInputDepth(CausalityInterfaceForComposites.java:696)
	at ptolemy.actor.util.CausalityInterfaceForComposites._computeOutputPortDepth(CausalityInterfaceForComposites.java:765)
	at ptolemy.actor.util.CausalityInterfaceForComposites._computeInputDepth(CausalityInterfaceForComposites.java:696)
	at ptolemy.actor.util.CausalityInterfaceForComposites._computeOutputPortDepth(CausalityInterfaceForComposites.java:765)
	at ptolemy.actor.util.CausalityInterfaceForComposites._computeInputDepth(CausalityInterfaceForComposites.java:696)
	at ptolemy.actor.util.CausalityInterfaceForComposites._computeActorDepth(CausalityInterfaceForComposites.java:532)
	at ptolemy.actor.util.CausalityInterfaceForComposites.checkForCycles(CausalityInterfaceForComposites.java:96)
	at ptolemy.domains.de.kernel.DEDirector.preinitialize(DEDirector.java:1338)
	at ptolemy.actor.CompositeActor.preinitialize(CompositeActor.java:1828)
	at ptolemy.actor.Manager.preinitializeAndResolveTypes(Manager.java:1040)
	at ptolemy.actor.Manager.initialize(Manager.java:710)
	at ptolemy.actor.Manager.execute(Manager.java:356)
	at ptolemy.actor.Manager.run(Manager.java:1263)
	at ptolemy.actor.Manager$PtolemyRunThread.run(Manager.java:1915)
java.lang.reflect.InvocationTargetException
	at sun.reflect.NativeConstructorAccessorImpl.newInstance0(Native Method)
	at sun.reflect.NativeConstructorAccessorImpl.newInstance(NativeConstructorAccessorImpl.java:62)
	at sun.reflect.DelegatingConstructorAccessorImpl.newInstance(DelegatingConstructorAccessorImpl.java:45)
	at java.lang.reflect.Constructor.newInstance(Constructor.java:423)
	at ptolemy.util.test.junit.AutoKnownFailedTests.RunModel(AutoKnownFailedTests.java:105)
	at sun.reflect.NativeMethodAccessorImpl.invoke0(Native Method)
	at sun.reflect.NativeMethodAccessorImpl.invoke(NativeMethodAccessorImpl.java:62)
	at sun.reflect.DelegatingMethodAccessorImpl.invoke(DelegatingMethodAccessorImpl.java:43)
	at java.lang.reflect.Method.invoke(Method.java:498)
	at org.junit.runners.model.FrameworkMethod$1.runReflectiveCall(FrameworkMethod.java:44)
	at org.junit.internal.runners.model.ReflectiveCallable.run(ReflectiveCallable.java:15)
	at org.junit.runners.model.FrameworkMethod.invokeExplosively(FrameworkMethod.java:41)
	at junitparams.internal.InvokeParameterisedMethod.evaluate(InvokeParameterisedMethod.java:102)
	at org.junit.internal.runners.statements.FailOnTimeout$1.run(FailOnTimeout.java:28)
Caused by: ptolemy.kernel.util.IllegalActionException: Found a zero delay loop containing .dependencyLoop2.original
  in .dependencyLoop2 and .dependencyLoop2.original
	at ptolemy.actor.util.CausalityInterfaceForComposites._computeOutputPortDepth(CausalityInterfaceForComposites.java:759)
	at ptolemy.actor.util.CausalityInterfaceForComposites._computeInputDepth(CausalityInterfaceForComposites.java:696)
	at ptolemy.actor.util.CausalityInterfaceForComposites._computeOutputPortDepth(CausalityInterfaceForComposites.java:765)
	at ptolemy.actor.util.CausalityInterfaceForComposites._computeInputDepth(CausalityInterfaceForComposites.java:696)
	at ptolemy.actor.util.CausalityInterfaceForComposites._computeOutputPortDepth(CausalityInterfaceForComposites.java:765)
	at ptolemy.actor.util.CausalityInterfaceForComposites._computeInputDepth(CausalityInterfaceForComposites.java:696)
	at ptolemy.actor.util.CausalityInterfaceForComposites._computeActorDepth(CausalityInterfaceForComposites.java:532)
	at ptolemy.actor.util.CausalityInterfaceForComposites.checkForCycles(CausalityInterfaceForComposites.java:96)
	at ptolemy.domains.de.kernel.DEDirector.preinitialize(DEDirector.java:1338)
	at ptolemy.actor.CompositeActor.preinitialize(CompositeActor.java:1828)
	at ptolemy.actor.Manager.preinitializeAndResolveTypes(Manager.java:1040)
	at ptolemy.actor.Manager.initialize(Manager.java:710)
	at ptolemy.actor.Manager.execute(Manager.java:356)
	at ptolemy.actor.Manager.run(Manager.java:1263)
	at ptolemy.actor.Manager$PtolemyRunThread.run(Manager.java:1915)
]]></system-err>
</testsuite>
