<?xml version="1.0" encoding="UTF-8" ?>
<testsuite errors="0" failures="0" hostname="travis-job-56dca8fc-7f74-4ca1-b8a3-c7ab18df033e" name="ptolemy.domains.continuous.test.junit.JUnitTclTest" skipped="0" tests="156" time="71.342" timestamp="2020-08-04T15:16:48">
  <properties>
[...]
</properties>
  <testcase classname="ptolemy.util.test.junit.TclTests" name="[0] ThereAreNoTclTests (RunTclFile)" time="0.008" />
  <testcase classname="ptolemy.util.test.junit.AutoKnownFailedTests" name="[0] ThereAreNoKnowFailedTests (RunModel)" time="0.01" />
  <testcase classname="ptolemy.util.test.junit.AutoNameArchTests" name="[0] ThereAreNoAutoArchTests (RunModel)" time="0.012" />
  <testcase classname="ptolemy.util.test.junit.AutoTests" name="[0] /home/travis/build/icyphy/ptII/ptolemy/domains/continuous/test/auto/BouncingBall.xml (RunModel)" time="2.969" />
  <testcase classname="ptolemy.util.test.junit.AutoTests" name="[1] /home/travis/build/icyphy/ptII/ptolemy/domains/continuous/test/auto/BouncingBallWithoutGR.xml (RunModel)" time="0.823" />
  <testcase classname="ptolemy.util.test.junit.AutoTests" name="[2] /home/travis/build/icyphy/ptII/ptolemy/domains/continuous/test/auto/Brownian.xml (RunModel)" time="0.07" />
  <testcase classname="ptolemy.util.test.junit.AutoTests" name="[3] /home/travis/build/icyphy/ptII/ptolemy/domains/continuous/test/auto/CarTracking.xml (RunModel)" time="4.062" />
  <testcase classname="ptolemy.util.test.junit.AutoTests" name="[4] /home/travis/build/icyphy/ptII/ptolemy/domains/continuous/test/auto/CartPendulum.xml (RunModel)" time="0.512" />
  <testcase classname="ptolemy.util.test.junit.AutoTests" name="[5] /home/travis/build/icyphy/ptII/ptolemy/domains/continuous/test/auto/CausalityInterface10.xml (RunModel)" time="0.056" />
  <testcase classname="ptolemy.util.test.junit.AutoTests" name="[6] /home/travis/build/icyphy/ptII/ptolemy/domains/continuous/test/auto/CausalityInterface11.xml (RunModel)" time="0.039" />
  <testcase classname="ptolemy.util.test.junit.AutoTests" name="[7] /home/travis/build/icyphy/ptII/ptolemy/domains/continuous/test/auto/CausalityInterface12.xml (RunModel)" time="0.041" />
  <testcase classname="ptolemy.util.test.junit.AutoTests" name="[8] /home/travis/build/icyphy/ptII/ptolemy/domains/continuous/test/auto/CausalityInterface13.xml (RunModel)" time="0.042" />
  <testcase classname="ptolemy.util.test.junit.AutoTests" name="[9] /home/travis/build/icyphy/ptII/ptolemy/domains/continuous/test/auto/CausalityInterface14.xml (RunModel)" time="0.03" />
  <testcase classname="ptolemy.util.test.junit.AutoTests" name="[10] /home/travis/build/icyphy/ptII/ptolemy/domains/continuous/test/auto/CausalityInterface4.xml (RunModel)" time="0.037" />
  <testcase classname="ptolemy.util.test.junit.AutoTests" name="[11] /home/travis/build/icyphy/ptII/ptolemy/domains/continuous/test/auto/CausalityInterface5.xml (RunModel)" time="0.046" />
  <testcase classname="ptolemy.util.test.junit.AutoTests" name="[12] /home/travis/build/icyphy/ptII/ptolemy/domains/continuous/test/auto/CausalityInterface6.xml (RunModel)" time="0.027" />
  <testcase classname="ptolemy.util.test.junit.AutoTests" name="[13] /home/travis/build/icyphy/ptII/ptolemy/domains/continuous/test/auto/CausalityInterface7.xml (RunModel)" time="0.056" />
  <testcase classname="ptolemy.util.test.junit.AutoTests" name="[14] /home/travis/build/icyphy/ptII/ptolemy/domains/continuous/test/auto/CausalityInterface8.xml (RunModel)" time="0.049" />
  <testcase classname="ptolemy.util.test.junit.AutoTests" name="[15] /home/travis/build/icyphy/ptII/ptolemy/domains/continuous/test/auto/CausalityInterface9.xml (RunModel)" time="0.055" />
  <testcase classname="ptolemy.util.test.junit.AutoTests" name="[16] /home/travis/build/icyphy/ptII/ptolemy/domains/continuous/test/auto/CausalityInterfaceFeedback1.xml (RunModel)" time="0.036" />
  <testcase classname="ptolemy.util.test.junit.AutoTests" name="[17] /home/travis/build/icyphy/ptII/ptolemy/domains/continuous/test/auto/CausalityInterfaceFeedback2.xml (RunModel)" time="0.045" />
  <testcase classname="ptolemy.util.test.junit.AutoTests" name="[18] /home/travis/build/icyphy/ptII/ptolemy/domains/continuous/test/auto/CompareWithCurrentTime.xml (RunModel)" time="0.021" />
  <testcase classname="ptolemy.util.test.junit.AutoTests" name="[19] /home/travis/build/icyphy/ptII/ptolemy/domains/continuous/test/auto/ComparedClocks.xml (RunModel)" time="0.082" />
  <testcase classname="ptolemy.util.test.junit.AutoTests" name="[20] /home/travis/build/icyphy/ptII/ptolemy/domains/continuous/test/auto/ContinuousAOCClone.xml (RunModel)" time="2.822" />
  <testcase classname="ptolemy.util.test.junit.AutoTests" name="[21] /home/travis/build/icyphy/ptII/ptolemy/domains/continuous/test/auto/ContinuousClock.xml (RunModel)" time="0.108" />
  <testcase classname="ptolemy.util.test.junit.AutoTests" name="[22] /home/travis/build/icyphy/ptII/ptolemy/domains/continuous/test/auto/ContinuousInContinuous.xml (RunModel)" time="0.107" />
  <testcase classname="ptolemy.util.test.junit.AutoTests" name="[23] /home/travis/build/icyphy/ptII/ptolemy/domains/continuous/test/auto/ContinuousInContinuousInContinuous.xml (RunModel)" time="0.038" />
  <testcase classname="ptolemy.util.test.junit.AutoTests" name="[24] /home/travis/build/icyphy/ptII/ptolemy/domains/continuous/test/auto/ContinuousInDE.xml (RunModel)" time="0.134" />
  <testcase classname="ptolemy.util.test.junit.AutoTests" name="[25] /home/travis/build/icyphy/ptII/ptolemy/domains/continuous/test/auto/ContinuousInDE2.xml (RunModel)" time="0.063" />
  <testcase classname="ptolemy.util.test.junit.AutoTests" name="[26] /home/travis/build/icyphy/ptII/ptolemy/domains/continuous/test/auto/ContinuousInDE3.xml (RunModel)" time="0.056" />
  <testcase classname="ptolemy.util.test.junit.AutoTests" name="[27] /home/travis/build/icyphy/ptII/ptolemy/domains/continuous/test/auto/ContinuousInDE4.xml (RunModel)" time="0.037" />
  <testcase classname="ptolemy.util.test.junit.AutoTests" name="[28] /home/travis/build/icyphy/ptII/ptolemy/domains/continuous/test/auto/ContinuousInDEDifferentRefinements.xml (RunModel)" time="0.109" />
  <testcase classname="ptolemy.util.test.junit.AutoTests" name="[29] /home/travis/build/icyphy/ptII/ptolemy/domains/continuous/test/auto/ContinuousInDEDifferentRefinementsPreemptive.xml (RunModel)" time="0.1" />
  <testcase classname="ptolemy.util.test.junit.AutoTests" name="[30] /home/travis/build/icyphy/ptII/ptolemy/domains/continuous/test/auto/ContinuousInDEInContinuous2.xml (RunModel)" time="0.055" />
  <testcase classname="ptolemy.util.test.junit.AutoTests" name="[31] /home/travis/build/icyphy/ptII/ptolemy/domains/continuous/test/auto/ContinuousInDEInContinuous3.xml (RunModel)" time="0.064" />
  <testcase classname="ptolemy.util.test.junit.AutoTests" name="[32] /home/travis/build/icyphy/ptII/ptolemy/domains/continuous/test/auto/ContinuousInDEInput.xml (RunModel)" time="0.042" />
  <testcase classname="ptolemy.util.test.junit.AutoTests" name="[33] /home/travis/build/icyphy/ptII/ptolemy/domains/continuous/test/auto/ContinuousInDEInput2.xml (RunModel)" time="0.046" />
  <testcase classname="ptolemy.util.test.junit.AutoTests" name="[34] /home/travis/build/icyphy/ptII/ptolemy/domains/continuous/test/auto/ContinuousInDEInput3.xml (RunModel)" time="0.036" />
  <testcase classname="ptolemy.util.test.junit.AutoTests" name="[35] /home/travis/build/icyphy/ptII/ptolemy/domains/continuous/test/auto/ContinuousInDESharingRefinement.xml (RunModel)" time="0.192" />
  <testcase classname="ptolemy.util.test.junit.AutoTests" name="[36] /home/travis/build/icyphy/ptII/ptolemy/domains/continuous/test/auto/ContinuousInDEwithNoPorts.xml (RunModel)" time="0.021" />
  <testcase classname="ptolemy.util.test.junit.AutoTests" name="[37] /home/travis/build/icyphy/ptII/ptolemy/domains/continuous/test/auto/ContinuousInsideDE.xml (RunModel)" time="0.083" />
  <testcase classname="ptolemy.util.test.junit.AutoTests" name="[38] /home/travis/build/icyphy/ptII/ptolemy/domains/continuous/test/auto/ContinuousMerge1.xml (RunModel)" time="0.018" />
  <testcase classname="ptolemy.util.test.junit.AutoTests" name="[39] /home/travis/build/icyphy/ptII/ptolemy/domains/continuous/test/auto/ContinuousMerge2.xml (RunModel)" time="0.046" />
  <testcase classname="ptolemy.util.test.junit.AutoTests" name="[40] /home/travis/build/icyphy/ptII/ptolemy/domains/continuous/test/auto/ContinuousMerge3.xml (RunModel)" time="0.059" />
  <testcase classname="ptolemy.util.test.junit.AutoTests" name="[41] /home/travis/build/icyphy/ptII/ptolemy/domains/continuous/test/auto/ContinuousWithinContinuous.xml (RunModel)" time="0.049" />
  <testcase classname="ptolemy.util.test.junit.AutoTests" name="[42] /home/travis/build/icyphy/ptII/ptolemy/domains/continuous/test/auto/ContinuousWithinContinuous2.xml (RunModel)" time="0.063" />
  <testcase classname="ptolemy.util.test.junit.AutoTests" name="[43] /home/travis/build/icyphy/ptII/ptolemy/domains/continuous/test/auto/ContinuousWithinContinuous3.xml (RunModel)" time="0.028" />
  <testcase classname="ptolemy.util.test.junit.AutoTests" name="[44] /home/travis/build/icyphy/ptII/ptolemy/domains/continuous/test/auto/ContinuousWithinContinuous4.xml (RunModel)" time="0.079" />
  <testcase classname="ptolemy.util.test.junit.AutoTests" name="[45] /home/travis/build/icyphy/ptII/ptolemy/domains/continuous/test/auto/ContinuousWithinContinuous5.xml (RunModel)" time="0.03" />
  <testcase classname="ptolemy.util.test.junit.AutoTests" name="[46] /home/travis/build/icyphy/ptII/ptolemy/domains/continuous/test/auto/ContinuousWithinContinuous6.xml (RunModel)" time="0.039" />
  <testcase classname="ptolemy.util.test.junit.AutoTests" name="[47] /home/travis/build/icyphy/ptII/ptolemy/domains/continuous/test/auto/ContinuousWithinContinuous7.xml (RunModel)" time="0.074" />
  <testcase classname="ptolemy.util.test.junit.AutoTests" name="[48] /home/travis/build/icyphy/ptII/ptolemy/domains/continuous/test/auto/DCMotor.xml (RunModel)" time="13.18" />
  <testcase classname="ptolemy.util.test.junit.AutoTests" name="[49] /home/travis/build/icyphy/ptII/ptolemy/domains/continuous/test/auto/DEInContinuous.xml (RunModel)" time="0.035" />
  <testcase classname="ptolemy.util.test.junit.AutoTests" name="[50] /home/travis/build/icyphy/ptII/ptolemy/domains/continuous/test/auto/DEinContinuous2.xml (RunModel)" time="0.028" />
  <testcase classname="ptolemy.util.test.junit.AutoTests" name="[51] /home/travis/build/icyphy/ptII/ptolemy/domains/continuous/test/auto/Derivative.xml (RunModel)" time="0.174" />
  <testcase classname="ptolemy.util.test.junit.AutoTests" name="[52] /home/travis/build/icyphy/ptII/ptolemy/domains/continuous/test/auto/Derivative1.xml (RunModel)" time="0.043" />
  <testcase classname="ptolemy.util.test.junit.AutoTests" name="[53] /home/travis/build/icyphy/ptII/ptolemy/domains/continuous/test/auto/DiscreteClock.xml (RunModel)" time="0.012" />
  <testcase classname="ptolemy.util.test.junit.AutoTests" name="[54] /home/travis/build/icyphy/ptII/ptolemy/domains/continuous/test/auto/EfficiencyCurve.xml (RunModel)" time="0.09" />
  <testcase classname="ptolemy.util.test.junit.AutoTests" name="[55] /home/travis/build/icyphy/ptII/ptolemy/domains/continuous/test/auto/ExponentialResponse.xml (RunModel)" time="0.109" />
  <testcase classname="ptolemy.util.test.junit.AutoTests" name="[56] /home/travis/build/icyphy/ptII/ptolemy/domains/continuous/test/auto/ExponentialResponseRK45.xml (RunModel)" time="0.032" />
  <testcase classname="ptolemy.util.test.junit.AutoTests" name="[57] /home/travis/build/icyphy/ptII/ptolemy/domains/continuous/test/auto/Friction.xml (RunModel)" time="1.59" />
  <testcase classname="ptolemy.util.test.junit.AutoTests" name="[58] /home/travis/build/icyphy/ptII/ptolemy/domains/continuous/test/auto/FurutaPendulum.xml (RunModel)" time="2.944" />
  <testcase classname="ptolemy.util.test.junit.AutoTests" name="[59] /home/travis/build/icyphy/ptII/ptolemy/domains/continuous/test/auto/HierarchicalExecution.xml (RunModel)" time="1.886" />
  <testcase classname="ptolemy.util.test.junit.AutoTests" name="[60] /home/travis/build/icyphy/ptII/ptolemy/domains/continuous/test/auto/HybridPlant.xml (RunModel)" time="0.545" />
  <testcase classname="ptolemy.util.test.junit.AutoTests" name="[61] /home/travis/build/icyphy/ptII/ptolemy/domains/continuous/test/auto/Hysteresis.xml (RunModel)" time="0.226" />
  <testcase classname="ptolemy.util.test.junit.AutoTests" name="[62] /home/travis/build/icyphy/ptII/ptolemy/domains/continuous/test/auto/HysteresisWithRandomDelay.xml (RunModel)" time="0.225" />
  <testcase classname="ptolemy.util.test.junit.AutoTests" name="[63] /home/travis/build/icyphy/ptII/ptolemy/domains/continuous/test/auto/HysteresisWithRandomLosses.xml (RunModel)" time="2.443" />
  <testcase classname="ptolemy.util.test.junit.AutoTests" name="[64] /home/travis/build/icyphy/ptII/ptolemy/domains/continuous/test/auto/ImmediateTransitions.xml (RunModel)" time="0.04" />
  <testcase classname="ptolemy.util.test.junit.AutoTests" name="[65] /home/travis/build/icyphy/ptII/ptolemy/domains/continuous/test/auto/ImpulseFeedback.xml (RunModel)" time="0.022" />
  <testcase classname="ptolemy.util.test.junit.AutoTests" name="[66] /home/travis/build/icyphy/ptII/ptolemy/domains/continuous/test/auto/ImpulseFeedback2.xml (RunModel)" time="0.02" />
  <testcase classname="ptolemy.util.test.junit.AutoTests" name="[67] /home/travis/build/icyphy/ptII/ptolemy/domains/continuous/test/auto/IncreasingRatePoisson.xml (RunModel)" time="0.737" />
  <testcase classname="ptolemy.util.test.junit.AutoTests" name="[68] /home/travis/build/icyphy/ptII/ptolemy/domains/continuous/test/auto/InitialStateFeedback.xml (RunModel)" time="0.011" />
  <testcase classname="ptolemy.util.test.junit.AutoTests" name="[69] /home/travis/build/icyphy/ptII/ptolemy/domains/continuous/test/auto/Integration.xml (RunModel)" time="0.014" />
  <testcase classname="ptolemy.util.test.junit.AutoTests" name="[70] /home/travis/build/icyphy/ptII/ptolemy/domains/continuous/test/auto/Integration2.xml (RunModel)" time="0.092" />
  <testcase classname="ptolemy.util.test.junit.AutoTests" name="[71] /home/travis/build/icyphy/ptII/ptolemy/domains/continuous/test/auto/Integration3.xml (RunModel)" time="0.013" />
  <testcase classname="ptolemy.util.test.junit.AutoTests" name="[72] /home/travis/build/icyphy/ptII/ptolemy/domains/continuous/test/auto/Integration5.xml (RunModel)" time="0.021" />
  <testcase classname="ptolemy.util.test.junit.AutoTests" name="[73] /home/travis/build/icyphy/ptII/ptolemy/domains/continuous/test/auto/IntegratorImpulse.xml (RunModel)" time="0.012" />
  <testcase classname="ptolemy.util.test.junit.AutoTests" name="[74] /home/travis/build/icyphy/ptII/ptolemy/domains/continuous/test/auto/IntegratorImpulse2.xml (RunModel)" time="0.012" />
  <testcase classname="ptolemy.util.test.junit.AutoTests" name="[75] /home/travis/build/icyphy/ptII/ptolemy/domains/continuous/test/auto/LevelCrossing1.xml (RunModel)" time="0.02" />
  <testcase classname="ptolemy.util.test.junit.AutoTests" name="[76] /home/travis/build/icyphy/ptII/ptolemy/domains/continuous/test/auto/LevelCrossing2.xml (RunModel)" time="0.015" />
  <testcase classname="ptolemy.util.test.junit.AutoTests" name="[77] /home/travis/build/icyphy/ptII/ptolemy/domains/continuous/test/auto/LevelCrossing3.xml (RunModel)" time="0.013" />
  <testcase classname="ptolemy.util.test.junit.AutoTests" name="[78] /home/travis/build/icyphy/ptII/ptolemy/domains/continuous/test/auto/LevelCrossing4.xml (RunModel)" time="0.017" />
  <testcase classname="ptolemy.util.test.junit.AutoTests" name="[79] /home/travis/build/icyphy/ptII/ptolemy/domains/continuous/test/auto/LevelCrossing5.xml (RunModel)" time="0.018" />
  <testcase classname="ptolemy.util.test.junit.AutoTests" name="[80] /home/travis/build/icyphy/ptII/ptolemy/domains/continuous/test/auto/LevelCrossing6.xml (RunModel)" time="0.018" />
  <testcase classname="ptolemy.util.test.junit.AutoTests" name="[81] /home/travis/build/icyphy/ptII/ptolemy/domains/continuous/test/auto/LevelCrossingDetector.xml (RunModel)" time="0.044" />
  <testcase classname="ptolemy.util.test.junit.AutoTests" name="[82] /home/travis/build/icyphy/ptII/ptolemy/domains/continuous/test/auto/LevelCrossingDetectorDetectingDirections.xml (RunModel)" time="0.095" />
  <testcase classname="ptolemy.util.test.junit.AutoTests" name="[83] /home/travis/build/icyphy/ptII/ptolemy/domains/continuous/test/auto/LevelCrossingDetectorDetectsGlitches.xml (RunModel)" time="0.072" />
  <testcase classname="ptolemy.util.test.junit.AutoTests" name="[84] /home/travis/build/icyphy/ptII/ptolemy/domains/continuous/test/auto/LevelCrossingNoInitialOuput.xml (RunModel)" time="0.013" />
  <testcase classname="ptolemy.util.test.junit.AutoTests" name="[85] /home/travis/build/icyphy/ptII/ptolemy/domains/continuous/test/auto/LinearStateSpaceExample.xml (RunModel)" time="0.054" />
  <testcase classname="ptolemy.util.test.junit.AutoTests" name="[86] /home/travis/build/icyphy/ptII/ptolemy/domains/continuous/test/auto/Lorenz.xml (RunModel)" time="3.265" />
  <testcase classname="ptolemy.util.test.junit.AutoTests" name="[87] /home/travis/build/icyphy/ptII/ptolemy/domains/continuous/test/auto/LorenzDifferentialSystem.xml (RunModel)" time="0.95" />
  <testcase classname="ptolemy.util.test.junit.AutoTests" name="[88] /home/travis/build/icyphy/ptII/ptolemy/domains/continuous/test/auto/LorenzDifferentialSystemWithInput.xml (RunModel)" time="1.281" />
  <testcase classname="ptolemy.util.test.junit.AutoTests" name="[89] /home/travis/build/icyphy/ptII/ptolemy/domains/continuous/test/auto/LorenzDifferentialSystemWithTime.xml (RunModel)" time="0.638" />
  <testcase classname="ptolemy.util.test.junit.AutoTests" name="[90] /home/travis/build/icyphy/ptII/ptolemy/domains/continuous/test/auto/Microsteps.xml (RunModel)" time="0.035" />
  <testcase classname="ptolemy.util.test.junit.AutoTests" name="[91] /home/travis/build/icyphy/ptII/ptolemy/domains/continuous/test/auto/Modal1.xml (RunModel)" time="0.045" />
  <testcase classname="ptolemy.util.test.junit.AutoTests" name="[92] /home/travis/build/icyphy/ptII/ptolemy/domains/continuous/test/auto/Modal2.xml (RunModel)" time="0.05" />
  <testcase classname="ptolemy.util.test.junit.AutoTests" name="[93] /home/travis/build/icyphy/ptII/ptolemy/domains/continuous/test/auto/ModalTransitionGuardWithReset.xml (RunModel)" time="0.03" />
  <testcase classname="ptolemy.util.test.junit.AutoTests" name="[94] /home/travis/build/icyphy/ptII/ptolemy/domains/continuous/test/auto/ModalTransitionGuardWithResetUsingPreemptiveTransition.xml (RunModel)" time="0.029" />
  <testcase classname="ptolemy.util.test.junit.AutoTests" name="[95] /home/travis/build/icyphy/ptII/ptolemy/domains/continuous/test/auto/ModalTransitionGuardWithResetUsingPreemptiveTransition2.xml (RunModel)" time="0.028" />
  <testcase classname="ptolemy.util.test.junit.AutoTests" name="[96] /home/travis/build/icyphy/ptII/ptolemy/domains/continuous/test/auto/ModalTransitionGuardWithResetUsingPreemptiveTransition3.xml (RunModel)" time="0.025" />
  <testcase classname="ptolemy.util.test.junit.AutoTests" name="[97] /home/travis/build/icyphy/ptII/ptolemy/domains/continuous/test/auto/NewtonsCradle.xml (RunModel)" time="0.703" />
  <testcase classname="ptolemy.util.test.junit.AutoTests" name="[98] /home/travis/build/icyphy/ptII/ptolemy/domains/continuous/test/auto/NewtonsCradleAnimated.xml (RunModel)" time="1.234" />
  <testcase classname="ptolemy.util.test.junit.AutoTests" name="[99] /home/travis/build/icyphy/ptII/ptolemy/domains/continuous/test/auto/NewtonsCradleComplicated.xml (RunModel)" time="0.877" />
  <testcase classname="ptolemy.util.test.junit.AutoTests" name="[100] /home/travis/build/icyphy/ptII/ptolemy/domains/continuous/test/auto/NewtonsCradleNondeterministic.xml (RunModel)" time="0.635" />
  <testcase classname="ptolemy.util.test.junit.AutoTests" name="[101] /home/travis/build/icyphy/ptII/ptolemy/domains/continuous/test/auto/NewtonsCradlePerfectlyInelastic1.xml (RunModel)" time="1.322" />
  <testcase classname="ptolemy.util.test.junit.AutoTests" name="[102] /home/travis/build/icyphy/ptII/ptolemy/domains/continuous/test/auto/Noise.xml (RunModel)" time="0.194" />
  <testcase classname="ptolemy.util.test.junit.AutoTests" name="[103] /home/travis/build/icyphy/ptII/ptolemy/domains/continuous/test/auto/NoiseSpectrum.xml (RunModel)" time="0.781" />
  <testcase classname="ptolemy.util.test.junit.AutoTests" name="[104] /home/travis/build/icyphy/ptII/ptolemy/domains/continuous/test/auto/ParameterizedNewtonsCradleAnimated.xml (RunModel)" time="0.331" />
  <testcase classname="ptolemy.util.test.junit.AutoTests" name="[105] /home/travis/build/icyphy/ptII/ptolemy/domains/continuous/test/auto/ParameterizedNewtonsCradleAnimatedNondeterministic.xml (RunModel)" time="1.099" />
  <testcase classname="ptolemy.util.test.junit.AutoTests" name="[106] /home/travis/build/icyphy/ptII/ptolemy/domains/continuous/test/auto/Pendulum3D.xml (RunModel)" time="0.18" />
  <testcase classname="ptolemy.util.test.junit.AutoTests" name="[107] /home/travis/build/icyphy/ptII/ptolemy/domains/continuous/test/auto/PeriodicSampler.xml (RunModel)" time="0.009" />
  <testcase classname="ptolemy.util.test.junit.AutoTests" name="[108] /home/travis/build/icyphy/ptII/ptolemy/domains/continuous/test/auto/PeriodicSampler1.xml (RunModel)" time="0.039" />
  <testcase classname="ptolemy.util.test.junit.AutoTests" name="[109] /home/travis/build/icyphy/ptII/ptolemy/domains/continuous/test/auto/PeriodicSampler2.xml (RunModel)" time="0.094" />
  <testcase classname="ptolemy.util.test.junit.AutoTests" name="[110] /home/travis/build/icyphy/ptII/ptolemy/domains/continuous/test/auto/Poisson.xml (RunModel)" time="0.411" />
  <testcase classname="ptolemy.util.test.junit.AutoTests" name="[111] /home/travis/build/icyphy/ptII/ptolemy/domains/continuous/test/auto/PoissonClock.xml (RunModel)" time="0.015" />
  <testcase classname="ptolemy.util.test.junit.AutoTests" name="[112] /home/travis/build/icyphy/ptII/ptolemy/domains/continuous/test/auto/PoissonClock2.xml (RunModel)" time="0.015" />
  <testcase classname="ptolemy.util.test.junit.AutoTests" name="[113] /home/travis/build/icyphy/ptII/ptolemy/domains/continuous/test/auto/PortParameterHierarchy.xml (RunModel)" time="0.02" />
  <testcase classname="ptolemy.util.test.junit.AutoTests" name="[114] /home/travis/build/icyphy/ptII/ptolemy/domains/continuous/test/auto/RandomHybridPlant.xml (RunModel)" time="0.567" />
  <testcase classname="ptolemy.util.test.junit.AutoTests" name="[115] /home/travis/build/icyphy/ptII/ptolemy/domains/continuous/test/auto/ResetTransitionWithStartTime1.xml (RunModel)" time="0.041" />
  <testcase classname="ptolemy.util.test.junit.AutoTests" name="[116] /home/travis/build/icyphy/ptII/ptolemy/domains/continuous/test/auto/ResetTransitionWithStartTime2.xml (RunModel)" time="0.038" />
  <testcase classname="ptolemy.util.test.junit.AutoTests" name="[117] /home/travis/build/icyphy/ptII/ptolemy/domains/continuous/test/auto/ResetTransitionWithStartTime3.xml (RunModel)" time="0.038" />
  <testcase classname="ptolemy.util.test.junit.AutoTests" name="[118] /home/travis/build/icyphy/ptII/ptolemy/domains/continuous/test/auto/ResetTransitionWithStartTime4.xml (RunModel)" time="0.03" />
  <testcase classname="ptolemy.util.test.junit.AutoTests" name="[119] /home/travis/build/icyphy/ptII/ptolemy/domains/continuous/test/auto/ResetTransitionWithStartTime5.xml (RunModel)" time="0.038" />
  <testcase classname="ptolemy.util.test.junit.AutoTests" name="[120] /home/travis/build/icyphy/ptII/ptolemy/domains/continuous/test/auto/ResetTransitionWithStartTime6.xml (RunModel)" time="0.029" />
  <testcase classname="ptolemy.util.test.junit.AutoTests" name="[121] /home/travis/build/icyphy/ptII/ptolemy/domains/continuous/test/auto/SRinContinuous.xml (RunModel)" time="0.024" />
  <testcase classname="ptolemy.util.test.junit.AutoTests" name="[122] /home/travis/build/icyphy/ptII/ptolemy/domains/continuous/test/auto/SampledClocks.xml (RunModel)" time="0.038" />
  <testcase classname="ptolemy.util.test.junit.AutoTests" name="[123] /home/travis/build/icyphy/ptII/ptolemy/domains/continuous/test/auto/Satellite.xml (RunModel)" time="0.712" />
  <testcase classname="ptolemy.util.test.junit.AutoTests" name="[124] /home/travis/build/icyphy/ptII/ptolemy/domains/continuous/test/auto/SigmaDelta.xml (RunModel)" time="2.007" />
  <testcase classname="ptolemy.util.test.junit.AutoTests" name="[125] /home/travis/build/icyphy/ptII/ptolemy/domains/continuous/test/auto/SingleRefinement.xml (RunModel)" time="0.419" />
  <testcase classname="ptolemy.util.test.junit.AutoTests" name="[126] /home/travis/build/icyphy/ptII/ptolemy/domains/continuous/test/auto/SinuBouncingBall.xml (RunModel)" time="0.892" />
  <testcase classname="ptolemy.util.test.junit.AutoTests" name="[127] /home/travis/build/icyphy/ptII/ptolemy/domains/continuous/test/auto/Sinusoid.xml (RunModel)" time="0.016" />
  <testcase classname="ptolemy.util.test.junit.AutoTests" name="[128] /home/travis/build/icyphy/ptII/ptolemy/domains/continuous/test/auto/SinusoidInNoise.xml (RunModel)" time="0.896" />
  <testcase classname="ptolemy.util.test.junit.AutoTests" name="[129] /home/travis/build/icyphy/ptII/ptolemy/domains/continuous/test/auto/SinusoidRK45.xml (RunModel)" time="0.019" />
  <testcase classname="ptolemy.util.test.junit.AutoTests" name="[130] /home/travis/build/icyphy/ptII/ptolemy/domains/continuous/test/auto/SinusoidWithMultipleImpulses.xml (RunModel)" time="0.011" />
  <testcase classname="ptolemy.util.test.junit.AutoTests" name="[131] /home/travis/build/icyphy/ptII/ptolemy/domains/continuous/test/auto/SquareWave.xml (RunModel)" time="0.171" />
  <testcase classname="ptolemy.util.test.junit.AutoTests" name="[132] /home/travis/build/icyphy/ptII/ptolemy/domains/continuous/test/auto/Starmac.xml (RunModel)" time="3.392" />
  <testcase classname="ptolemy.util.test.junit.AutoTests" name="[133] /home/travis/build/icyphy/ptII/ptolemy/domains/continuous/test/auto/StaticUnits.xml (RunModel)" time="2.215" />
  <testcase classname="ptolemy.util.test.junit.AutoTests" name="[134] /home/travis/build/icyphy/ptII/ptolemy/domains/continuous/test/auto/StickyMasses.xml (RunModel)" time="0.206" />
  <testcase classname="ptolemy.util.test.junit.AutoTests" name="[135] /home/travis/build/icyphy/ptII/ptolemy/domains/continuous/test/auto/StopTime.xml (RunModel)" time="0.069" />
  <testcase classname="ptolemy.util.test.junit.AutoTests" name="[136] /home/travis/build/icyphy/ptII/ptolemy/domains/continuous/test/auto/StopTime2.xml (RunModel)" time="0.056" />
  <testcase classname="ptolemy.util.test.junit.AutoTests" name="[137] /home/travis/build/icyphy/ptII/ptolemy/domains/continuous/test/auto/Switch.xml (RunModel)" time="0.086" />
  <testcase classname="ptolemy.util.test.junit.AutoTests" name="[138] /home/travis/build/icyphy/ptII/ptolemy/domains/continuous/test/auto/Thermostat.xml (RunModel)" time="0.221" />
  <testcase classname="ptolemy.util.test.junit.AutoTests" name="[139] /home/travis/build/icyphy/ptII/ptolemy/domains/continuous/test/auto/TimeDelay.xml (RunModel)" time="0.013" />
  <testcase classname="ptolemy.util.test.junit.AutoTests" name="[140] /home/travis/build/icyphy/ptII/ptolemy/domains/continuous/test/auto/TimeDelay2.xml (RunModel)" time="0.022" />
  <testcase classname="ptolemy.util.test.junit.AutoTests" name="[141] /home/travis/build/icyphy/ptII/ptolemy/domains/continuous/test/auto/TimeDelay3.xml (RunModel)" time="0.012" />
  <testcase classname="ptolemy.util.test.junit.AutoTests" name="[142] /home/travis/build/icyphy/ptII/ptolemy/domains/continuous/test/auto/TransferAbsentToInside.xml (RunModel)" time="0.123" />
  <testcase classname="ptolemy.util.test.junit.AutoTests" name="[143] /home/travis/build/icyphy/ptII/ptolemy/domains/continuous/test/auto/Transmission.xml (RunModel)" time="0.791" />
  <testcase classname="ptolemy.util.test.junit.AutoTests" name="[144] /home/travis/build/icyphy/ptII/ptolemy/domains/continuous/test/auto/TriggeredContinuousClock.xml (RunModel)" time="0.082" />
  <testcase classname="ptolemy.util.test.junit.AutoTests" name="[145] /home/travis/build/icyphy/ptII/ptolemy/domains/continuous/test/auto/TwoMachineInfiniteBusControl.xml (RunModel)" time="2.595" />
  <testcase classname="ptolemy.util.test.junit.AutoTests" name="[146] /home/travis/build/icyphy/ptII/ptolemy/domains/continuous/test/auto/V2V.xml (RunModel)" time="0.89" />
  <testcase classname="ptolemy.util.test.junit.AutoTests" name="[147] /home/travis/build/icyphy/ptII/ptolemy/domains/continuous/test/auto/hierarchicalModalModel.xml (RunModel)" time="0.03" />
  <testcase classname="ptolemy.util.test.junit.AutoTests" name="[148] /home/travis/build/icyphy/ptII/ptolemy/domains/continuous/test/auto/hierarchicalModalModel1.xml (RunModel)" time="0.033" />
  <testcase classname="ptolemy.util.test.junit.AutoTests" name="[149] /home/travis/build/icyphy/ptII/ptolemy/domains/continuous/test/auto/hierarchicalModalModel2.xml (RunModel)" time="0.046" />
  <testcase classname="ptolemy.util.test.junit.AutoTests" name="[150] /home/travis/build/icyphy/ptII/ptolemy/domains/continuous/test/auto/hierarchicalModalModel3.xml (RunModel)" time="0.025" />
  <testcase classname="ptolemy.util.test.junit.AutoTests" name="[151] /home/travis/build/icyphy/ptII/ptolemy/domains/continuous/test/auto/hierarchicalModalModel4.xml (RunModel)" time="0.024" />
  <testcase classname="ptolemy.util.test.junit.AutoTests" name="[152] /home/travis/build/icyphy/ptII/ptolemy/domains/continuous/test/auto/junk.xml (RunModel)" time="0.138" />
  <system-out><![CDATA[No tcl tests in /home/travis/build/icyphy/ptII/ptolemy/domains/continuous/test
No auto/knownFailedTests/*.xml tests in /home/travis/build/icyphy/ptII/ptolemy/domains/continuous/test
No auto/linux-amd64/*.xml tests in /home/travis/build/icyphy/ptII/ptolemy/domains/continuous/test
AutoTests.java: About to close Vertx.
AutoTests.java: Vertx closed.

===========================================================================================
----------------- testing Tue Aug 04 15:16:49 UTC 2020 /home/travis/build/icyphy/ptII/ptolemy/domains/continuous/test/auto/BouncingBall.xml
----------------- Instantiating /home/travis/build/icyphy/ptII/ptolemy/domains/continuous/test/auto/BouncingBall.xml
2322 ms. Memory: 166912K Free: 107036K (64%)
----------------- Invoking toplevel() on ptolemy.moml.MoMLSimpleApplication@1b7691a3
----------------- Done invoking toplevel() on ptolemy.moml.MoMLSimpleApplication@1b7691a3
reloadAllAccessors: .BouncingBall

===========================================================================================
----------------- testing Tue Aug 04 15:16:52 UTC 2020 /home/travis/build/icyphy/ptII/ptolemy/domains/continuous/test/auto/BouncingBallWithoutGR.xml
----------------- Instantiating /home/travis/build/icyphy/ptII/ptolemy/domains/continuous/test/auto/BouncingBallWithoutGR.xml
705 ms. Memory: 166912K Free: 120840K (72%)
----------------- Invoking toplevel() on ptolemy.moml.MoMLSimpleApplication@2103f7f
----------------- Done invoking toplevel() on ptolemy.moml.MoMLSimpleApplication@2103f7f
reloadAllAccessors: .BouncingBallWithoutGR

===========================================================================================
----------------- testing Tue Aug 04 15:16:52 UTC 2020 /home/travis/build/icyphy/ptII/ptolemy/domains/continuous/test/auto/Brownian.xml
----------------- Instantiating /home/travis/build/icyphy/ptII/ptolemy/domains/continuous/test/auto/Brownian.xml
20 ms. Memory: 166912K Free: 111624K (67%)
----------------- Invoking toplevel() on ptolemy.moml.MoMLSimpleApplication@2582b06d
----------------- Done invoking toplevel() on ptolemy.moml.MoMLSimpleApplication@2582b06d
reloadAllAccessors: .Brownian

===========================================================================================
----------------- testing Tue Aug 04 15:16:53 UTC 2020 /home/travis/build/icyphy/ptII/ptolemy/domains/continuous/test/auto/CarTracking.xml
----------------- Instantiating /home/travis/build/icyphy/ptII/ptolemy/domains/continuous/test/auto/CarTracking.xml
3649 ms. Memory: 241664K Free: 118875K (49%)
----------------- Invoking toplevel() on ptolemy.moml.MoMLSimpleApplication@16820e92
----------------- Done invoking toplevel() on ptolemy.moml.MoMLSimpleApplication@16820e92
reloadAllAccessors: .CarTracking

===========================================================================================
----------------- testing Tue Aug 04 15:16:57 UTC 2020 /home/travis/build/icyphy/ptII/ptolemy/domains/continuous/test/auto/CartPendulum.xml
----------------- Instantiating /home/travis/build/icyphy/ptII/ptolemy/domains/continuous/test/auto/CartPendulum.xml
361 ms. Memory: 241664K Free: 169192K (70%)
----------------- Invoking toplevel() on ptolemy.moml.MoMLSimpleApplication@2ee8a481
----------------- Done invoking toplevel() on ptolemy.moml.MoMLSimpleApplication@2ee8a481
reloadAllAccessors: .CartPendulum

===========================================================================================
----------------- testing Tue Aug 04 15:16:57 UTC 2020 /home/travis/build/icyphy/ptII/ptolemy/domains/continuous/test/auto/CausalityInterface10.xml
----------------- Instantiating /home/travis/build/icyphy/ptII/ptolemy/domains/continuous/test/auto/CausalityInterface10.xml
16 ms. Memory: 241664K Free: 158662K (66%)
----------------- Invoking toplevel() on ptolemy.moml.MoMLSimpleApplication@4ea74871
----------------- Done invoking toplevel() on ptolemy.moml.MoMLSimpleApplication@4ea74871
reloadAllAccessors: .CausalityInterface10

===========================================================================================
----------------- testing Tue Aug 04 15:16:57 UTC 2020 /home/travis/build/icyphy/ptII/ptolemy/domains/continuous/test/auto/CausalityInterface11.xml
----------------- Instantiating /home/travis/build/icyphy/ptII/ptolemy/domains/continuous/test/auto/CausalityInterface11.xml
10 ms. Memory: 241664K Free: 152518K (63%)
----------------- Invoking toplevel() on ptolemy.moml.MoMLSimpleApplication@23dade05
----------------- Done invoking toplevel() on ptolemy.moml.MoMLSimpleApplication@23dade05
reloadAllAccessors: .CausalityInterface11

===========================================================================================
----------------- testing Tue Aug 04 15:16:57 UTC 2020 /home/travis/build/icyphy/ptII/ptolemy/domains/continuous/test/auto/CausalityInterface12.xml
----------------- Instantiating /home/travis/build/icyphy/ptII/ptolemy/domains/continuous/test/auto/CausalityInterface12.xml
13 ms. Memory: 241664K Free: 146374K (61%)
----------------- Invoking toplevel() on ptolemy.moml.MoMLSimpleApplication@6aa8b43b
----------------- Done invoking toplevel() on ptolemy.moml.MoMLSimpleApplication@6aa8b43b
reloadAllAccessors: .CausalityInterface12

===========================================================================================
----------------- testing Tue Aug 04 15:16:57 UTC 2020 /home/travis/build/icyphy/ptII/ptolemy/domains/continuous/test/auto/CausalityInterface13.xml
----------------- Instantiating /home/travis/build/icyphy/ptII/ptolemy/domains/continuous/test/auto/CausalityInterface13.xml
13 ms. Memory: 241664K Free: 140230K (58%)
----------------- Invoking toplevel() on ptolemy.moml.MoMLSimpleApplication@799cbb1
----------------- Done invoking toplevel() on ptolemy.moml.MoMLSimpleApplication@799cbb1
reloadAllAccessors: .CausalityInterface13

===========================================================================================
----------------- testing Tue Aug 04 15:16:57 UTC 2020 /home/travis/build/icyphy/ptII/ptolemy/domains/continuous/test/auto/CausalityInterface14.xml
----------------- Instantiating /home/travis/build/icyphy/ptII/ptolemy/domains/continuous/test/auto/CausalityInterface14.xml
4 ms. Memory: 241664K Free: 134582K (56%)
----------------- Invoking toplevel() on ptolemy.moml.MoMLSimpleApplication@65e2cd0a
----------------- Done invoking toplevel() on ptolemy.moml.MoMLSimpleApplication@65e2cd0a
reloadAllAccessors: .CausalityInterface14

===========================================================================================
----------------- testing Tue Aug 04 15:16:57 UTC 2020 /home/travis/build/icyphy/ptII/ptolemy/domains/continuous/test/auto/CausalityInterface4.xml
----------------- Instantiating /home/travis/build/icyphy/ptII/ptolemy/domains/continuous/test/auto/CausalityInterface4.xml
6 ms. Memory: 241664K Free: 127942K (53%)
----------------- Invoking toplevel() on ptolemy.moml.MoMLSimpleApplication@7e0243f2
----------------- Done invoking toplevel() on ptolemy.moml.MoMLSimpleApplication@7e0243f2
reloadAllAccessors: .CausalityInterface4

===========================================================================================
----------------- testing Tue Aug 04 15:16:58 UTC 2020 /home/travis/build/icyphy/ptII/ptolemy/domains/continuous/test/auto/CausalityInterface5.xml
----------------- Instantiating /home/travis/build/icyphy/ptII/ptolemy/domains/continuous/test/auto/CausalityInterface5.xml
11 ms. Memory: 241664K Free: 119750K (50%)
----------------- Invoking toplevel() on ptolemy.moml.MoMLSimpleApplication@6bb8b8d5
----------------- Done invoking toplevel() on ptolemy.moml.MoMLSimpleApplication@6bb8b8d5
reloadAllAccessors: .CausalityInterface5

===========================================================================================
----------------- testing Tue Aug 04 15:16:58 UTC 2020 /home/travis/build/icyphy/ptII/ptolemy/domains/continuous/test/auto/CausalityInterface6.xml
----------------- Instantiating /home/travis/build/icyphy/ptII/ptolemy/domains/continuous/test/auto/CausalityInterface6.xml
6 ms. Memory: 241664K Free: 114630K (47%)
----------------- Invoking toplevel() on ptolemy.moml.MoMLSimpleApplication@54578cc3
----------------- Done invoking toplevel() on ptolemy.moml.MoMLSimpleApplication@54578cc3
reloadAllAccessors: .CausalityInterface6

===========================================================================================
----------------- testing Tue Aug 04 15:16:58 UTC 2020 /home/travis/build/icyphy/ptII/ptolemy/domains/continuous/test/auto/CausalityInterface7.xml
----------------- Instantiating /home/travis/build/icyphy/ptII/ptolemy/domains/continuous/test/auto/CausalityInterface7.xml
12 ms. Memory: 241664K Free: 105924K (44%)
----------------- Invoking toplevel() on ptolemy.moml.MoMLSimpleApplication@734fd881
----------------- Done invoking toplevel() on ptolemy.moml.MoMLSimpleApplication@734fd881
reloadAllAccessors: .CausalityInterface7

===========================================================================================
----------------- testing Tue Aug 04 15:16:58 UTC 2020 /home/travis/build/icyphy/ptII/ptolemy/domains/continuous/test/auto/CausalityInterface8.xml
----------------- Instantiating /home/travis/build/icyphy/ptII/ptolemy/domains/continuous/test/auto/CausalityInterface8.xml
9 ms. Memory: 241664K Free: 97222K (40%)
----------------- Invoking toplevel() on ptolemy.moml.MoMLSimpleApplication@687243fa
----------------- Done invoking toplevel() on ptolemy.moml.MoMLSimpleApplication@687243fa
reloadAllAccessors: .CausalityInterface8

===========================================================================================
----------------- testing Tue Aug 04 15:16:58 UTC 2020 /home/travis/build/icyphy/ptII/ptolemy/domains/continuous/test/auto/CausalityInterface9.xml
----------------- Instantiating /home/travis/build/icyphy/ptII/ptolemy/domains/continuous/test/auto/CausalityInterface9.xml
11 ms. Memory: 241664K Free: 86454K (36%)
----------------- Invoking toplevel() on ptolemy.moml.MoMLSimpleApplication@bcf4824
----------------- Done invoking toplevel() on ptolemy.moml.MoMLSimpleApplication@bcf4824
reloadAllAccessors: .CausalityInterface9

===========================================================================================
----------------- testing Tue Aug 04 15:16:58 UTC 2020 /home/travis/build/icyphy/ptII/ptolemy/domains/continuous/test/auto/CausalityInterfaceFeedback1.xml
----------------- Instantiating /home/travis/build/icyphy/ptII/ptolemy/domains/continuous/test/auto/CausalityInterfaceFeedback1.xml
7 ms. Memory: 241664K Free: 222446K (92%)
----------------- Invoking toplevel() on ptolemy.moml.MoMLSimpleApplication@1a5969
----------------- Done invoking toplevel() on ptolemy.moml.MoMLSimpleApplication@1a5969
reloadAllAccessors: .CausalityInterfaceFeedback1

===========================================================================================
----------------- testing Tue Aug 04 15:16:58 UTC 2020 /home/travis/build/icyphy/ptII/ptolemy/domains/continuous/test/auto/CausalityInterfaceFeedback2.xml
----------------- Instantiating /home/travis/build/icyphy/ptII/ptolemy/domains/continuous/test/auto/CausalityInterfaceFeedback2.xml
6 ms. Memory: 241664K Free: 215774K (89%)
----------------- Invoking toplevel() on ptolemy.moml.MoMLSimpleApplication@1e2c90fb
----------------- Done invoking toplevel() on ptolemy.moml.MoMLSimpleApplication@1e2c90fb
reloadAllAccessors: .CausalityInterfaceFeedback2

===========================================================================================
----------------- testing Tue Aug 04 15:16:58 UTC 2020 /home/travis/build/icyphy/ptII/ptolemy/domains/continuous/test/auto/CompareWithCurrentTime.xml
----------------- Instantiating /home/travis/build/icyphy/ptII/ptolemy/domains/continuous/test/auto/CompareWithCurrentTime.xml
4 ms. Memory: 241664K Free: 211692K (88%)
----------------- Invoking toplevel() on ptolemy.moml.MoMLSimpleApplication@56f99144
----------------- Done invoking toplevel() on ptolemy.moml.MoMLSimpleApplication@56f99144
reloadAllAccessors: .CompareWithCurrentTime

===========================================================================================
----------------- testing Tue Aug 04 15:16:58 UTC 2020 /home/travis/build/icyphy/ptII/ptolemy/domains/continuous/test/auto/ComparedClocks.xml
----------------- Instantiating /home/travis/build/icyphy/ptII/ptolemy/domains/continuous/test/auto/ComparedClocks.xml
7 ms. Memory: 241664K Free: 196846K (81%)
----------------- Invoking toplevel() on ptolemy.moml.MoMLSimpleApplication@3cf8669a
----------------- Done invoking toplevel() on ptolemy.moml.MoMLSimpleApplication@3cf8669a
reloadAllAccessors: .ComparedClocks

===========================================================================================
----------------- testing Tue Aug 04 15:16:58 UTC 2020 /home/travis/build/icyphy/ptII/ptolemy/domains/continuous/test/auto/ContinuousAOCClone.xml
----------------- Instantiating /home/travis/build/icyphy/ptII/ptolemy/domains/continuous/test/auto/ContinuousAOCClone.xml
2549 ms. Memory: 241664K Free: 106034K (44%)
----------------- Invoking toplevel() on ptolemy.moml.MoMLSimpleApplication@3cf3d6b6
----------------- Done invoking toplevel() on ptolemy.moml.MoMLSimpleApplication@3cf3d6b6
reloadAllAccessors: .ContinuousAOCClone

===========================================================================================
----------------- testing Tue Aug 04 15:17:01 UTC 2020 /home/travis/build/icyphy/ptII/ptolemy/domains/continuous/test/auto/ContinuousClock.xml
----------------- Instantiating /home/travis/build/icyphy/ptII/ptolemy/domains/continuous/test/auto/ContinuousClock.xml
34 ms. Memory: 241664K Free: 84020K (35%)
----------------- Invoking toplevel() on ptolemy.moml.MoMLSimpleApplication@1812c6b8
----------------- Done invoking toplevel() on ptolemy.moml.MoMLSimpleApplication@1812c6b8
reloadAllAccessors: .ContinuousClock

===========================================================================================
----------------- testing Tue Aug 04 15:17:01 UTC 2020 /home/travis/build/icyphy/ptII/ptolemy/domains/continuous/test/auto/ContinuousInContinuous.xml
----------------- Instantiating /home/travis/build/icyphy/ptII/ptolemy/domains/continuous/test/auto/ContinuousInContinuous.xml
53 ms. Memory: 290816K Free: 253467K (87%)
----------------- Invoking toplevel() on ptolemy.moml.MoMLSimpleApplication@2cbb15f6
----------------- Done invoking toplevel() on ptolemy.moml.MoMLSimpleApplication@2cbb15f6
reloadAllAccessors: .ContinuousInContinuous

===========================================================================================
----------------- testing Tue Aug 04 15:17:01 UTC 2020 /home/travis/build/icyphy/ptII/ptolemy/domains/continuous/test/auto/ContinuousInContinuousInContinuous.xml
----------------- Instantiating /home/travis/build/icyphy/ptII/ptolemy/domains/continuous/test/auto/ContinuousInContinuousInContinuous.xml
16 ms. Memory: 290816K Free: 245275K (84%)
----------------- Invoking toplevel() on ptolemy.moml.MoMLSimpleApplication@4e9ce817
----------------- Done invoking toplevel() on ptolemy.moml.MoMLSimpleApplication@4e9ce817
reloadAllAccessors: .ContinuousInContinuousInContinuous

===========================================================================================
----------------- testing Tue Aug 04 15:17:01 UTC 2020 /home/travis/build/icyphy/ptII/ptolemy/domains/continuous/test/auto/ContinuousInDE.xml
----------------- Instantiating /home/travis/build/icyphy/ptII/ptolemy/domains/continuous/test/auto/ContinuousInDE.xml
106 ms. Memory: 290816K Free: 235035K (81%)
----------------- Invoking toplevel() on ptolemy.moml.MoMLSimpleApplication@5b80742b
----------------- Done invoking toplevel() on ptolemy.moml.MoMLSimpleApplication@5b80742b
reloadAllAccessors: .ContinuousInDE

===========================================================================================
----------------- testing Tue Aug 04 15:17:01 UTC 2020 /home/travis/build/icyphy/ptII/ptolemy/domains/continuous/test/auto/ContinuousInDE2.xml
----------------- Instantiating /home/travis/build/icyphy/ptII/ptolemy/domains/continuous/test/auto/ContinuousInDE2.xml
35 ms. Memory: 290816K Free: 224795K (77%)
----------------- Invoking toplevel() on ptolemy.moml.MoMLSimpleApplication@705b5e3d
----------------- Done invoking toplevel() on ptolemy.moml.MoMLSimpleApplication@705b5e3d
reloadAllAccessors: .ContinuousInDE2

===========================================================================================
----------------- testing Tue Aug 04 15:17:01 UTC 2020 /home/travis/build/icyphy/ptII/ptolemy/domains/continuous/test/auto/ContinuousInDE3.xml
----------------- Instantiating /home/travis/build/icyphy/ptII/ptolemy/domains/continuous/test/auto/ContinuousInDE3.xml
34 ms. Memory: 290816K Free: 215069K (74%)
----------------- Invoking toplevel() on ptolemy.moml.MoMLSimpleApplication@2ed57b34
----------------- Done invoking toplevel() on ptolemy.moml.MoMLSimpleApplication@2ed57b34
reloadAllAccessors: .ContinuousInDE3

===========================================================================================
----------------- testing Tue Aug 04 15:17:01 UTC 2020 /home/travis/build/icyphy/ptII/ptolemy/domains/continuous/test/auto/ContinuousInDE4.xml
----------------- Instantiating /home/travis/build/icyphy/ptII/ptolemy/domains/continuous/test/auto/ContinuousInDE4.xml
13 ms. Memory: 290816K Free: 208925K (72%)
----------------- Invoking toplevel() on ptolemy.moml.MoMLSimpleApplication@44874d98
----------------- Done invoking toplevel() on ptolemy.moml.MoMLSimpleApplication@44874d98
reloadAllAccessors: .ContinuousInDE4

===========================================================================================
----------------- testing Tue Aug 04 15:17:02 UTC 2020 /home/travis/build/icyphy/ptII/ptolemy/domains/continuous/test/auto/ContinuousInDEDifferentRefinements.xml
----------------- Instantiating /home/travis/build/icyphy/ptII/ptolemy/domains/continuous/test/auto/ContinuousInDEDifferentRefinements.xml
63 ms. Memory: 290816K Free: 177685K (61%)
----------------- Invoking toplevel() on ptolemy.moml.MoMLSimpleApplication@68e82106
----------------- Done invoking toplevel() on ptolemy.moml.MoMLSimpleApplication@68e82106
reloadAllAccessors: .ContinuousInDEDifferentRefinements

===========================================================================================
----------------- testing Tue Aug 04 15:17:02 UTC 2020 /home/travis/build/icyphy/ptII/ptolemy/domains/continuous/test/auto/ContinuousInDEDifferentRefinementsPreemptive.xml
----------------- Instantiating /home/travis/build/icyphy/ptII/ptolemy/domains/continuous/test/auto/ContinuousInDEDifferentRefinementsPreemptive.xml
49 ms. Memory: 290816K Free: 146941K (51%)
----------------- Invoking toplevel() on ptolemy.moml.MoMLSimpleApplication@534a18e8
----------------- Done invoking toplevel() on ptolemy.moml.MoMLSimpleApplication@534a18e8
reloadAllAccessors: .ContinuousInDEDifferentRefinementsPreemptive

===========================================================================================
----------------- testing Tue Aug 04 15:17:02 UTC 2020 /home/travis/build/icyphy/ptII/ptolemy/domains/continuous/test/auto/ContinuousInDEInContinuous2.xml
----------------- Instantiating /home/travis/build/icyphy/ptII/ptolemy/domains/continuous/test/auto/ContinuousInDEInContinuous2.xml
34 ms. Memory: 290816K Free: 135707K (47%)
----------------- Invoking toplevel() on ptolemy.moml.MoMLSimpleApplication@2ce41f88
----------------- Done invoking toplevel() on ptolemy.moml.MoMLSimpleApplication@2ce41f88
reloadAllAccessors: .ContinuousInDEInContinuous2

===========================================================================================
----------------- testing Tue Aug 04 15:17:02 UTC 2020 /home/travis/build/icyphy/ptII/ptolemy/domains/continuous/test/auto/ContinuousInDEInContinuous3.xml
----------------- Instantiating /home/travis/build/icyphy/ptII/ptolemy/domains/continuous/test/auto/ContinuousInDEInContinuous3.xml
41 ms. Memory: 290816K Free: 123933K (43%)
----------------- Invoking toplevel() on ptolemy.moml.MoMLSimpleApplication@641eefb3
----------------- Done invoking toplevel() on ptolemy.moml.MoMLSimpleApplication@641eefb3
reloadAllAccessors: .ContinuousInDEInContinuous3

===========================================================================================
----------------- testing Tue Aug 04 15:17:02 UTC 2020 /home/travis/build/icyphy/ptII/ptolemy/domains/continuous/test/auto/ContinuousInDEInput.xml
----------------- Instantiating /home/travis/build/icyphy/ptII/ptolemy/domains/continuous/test/auto/ContinuousInDEInput.xml
20 ms. Memory: 290816K Free: 116251K (40%)
----------------- Invoking toplevel() on ptolemy.moml.MoMLSimpleApplication@612e4abf
----------------- Done invoking toplevel() on ptolemy.moml.MoMLSimpleApplication@612e4abf
reloadAllAccessors: .ContinuousInDEInput

===========================================================================================
----------------- testing Tue Aug 04 15:17:02 UTC 2020 /home/travis/build/icyphy/ptII/ptolemy/domains/continuous/test/auto/ContinuousInDEInput2.xml
----------------- Instantiating /home/travis/build/icyphy/ptII/ptolemy/domains/continuous/test/auto/ContinuousInDEInput2.xml
15 ms. Memory: 290816K Free: 109083K (38%)
----------------- Invoking toplevel() on ptolemy.moml.MoMLSimpleApplication@1d1ba922
----------------- Done invoking toplevel() on ptolemy.moml.MoMLSimpleApplication@1d1ba922
reloadAllAccessors: .ContinuousInDEInput2

===========================================================================================
----------------- testing Tue Aug 04 15:17:02 UTC 2020 /home/travis/build/icyphy/ptII/ptolemy/domains/continuous/test/auto/ContinuousInDEInput3.xml
----------------- Instantiating /home/travis/build/icyphy/ptII/ptolemy/domains/continuous/test/auto/ContinuousInDEInput3.xml
17 ms. Memory: 290816K Free: 275320K (95%)
----------------- Invoking toplevel() on ptolemy.moml.MoMLSimpleApplication@1e0d279a
----------------- Done invoking toplevel() on ptolemy.moml.MoMLSimpleApplication@1e0d279a
reloadAllAccessors: .ContinuousInDEInput3

===========================================================================================
----------------- testing Tue Aug 04 15:17:02 UTC 2020 /home/travis/build/icyphy/ptII/ptolemy/domains/continuous/test/auto/ContinuousInDESharingRefinement.xml
----------------- Instantiating /home/travis/build/icyphy/ptII/ptolemy/domains/continuous/test/auto/ContinuousInDESharingRefinement.xml
167 ms. Memory: 290816K Free: 180841K (62%)
----------------- Invoking toplevel() on ptolemy.moml.MoMLSimpleApplication@2c012f23
----------------- Done invoking toplevel() on ptolemy.moml.MoMLSimpleApplication@2c012f23
reloadAllAccessors: .ContinuousInDESharingRefinement

===========================================================================================
----------------- testing Tue Aug 04 15:17:02 UTC 2020 /home/travis/build/icyphy/ptII/ptolemy/domains/continuous/test/auto/ContinuousInDEwithNoPorts.xml
----------------- Instantiating /home/travis/build/icyphy/ptII/ptolemy/domains/continuous/test/auto/ContinuousInDEwithNoPorts.xml
6 ms. Memory: 290816K Free: 176761K (61%)
----------------- Invoking toplevel() on ptolemy.moml.MoMLSimpleApplication@2a42b7ac
----------------- Done invoking toplevel() on ptolemy.moml.MoMLSimpleApplication@2a42b7ac
reloadAllAccessors: .ContinuousInDEwithNoPorts

===========================================================================================
----------------- testing Tue Aug 04 15:17:02 UTC 2020 /home/travis/build/icyphy/ptII/ptolemy/domains/continuous/test/auto/ContinuousInsideDE.xml
----------------- Instantiating /home/travis/build/icyphy/ptII/ptolemy/domains/continuous/test/auto/ContinuousInsideDE.xml
29 ms. Memory: 290816K Free: 165511K (57%)
----------------- Invoking toplevel() on ptolemy.moml.MoMLSimpleApplication@19f21dc6
----------------- Done invoking toplevel() on ptolemy.moml.MoMLSimpleApplication@19f21dc6
reloadAllAccessors: .ContinuousInsideDE

===========================================================================================
----------------- testing Tue Aug 04 15:17:02 UTC 2020 /home/travis/build/icyphy/ptII/ptolemy/domains/continuous/test/auto/ContinuousMerge1.xml
----------------- Instantiating /home/travis/build/icyphy/ptII/ptolemy/domains/continuous/test/auto/ContinuousMerge1.xml
2 ms. Memory: 290816K Free: 160905K (55%)
----------------- Invoking toplevel() on ptolemy.moml.MoMLSimpleApplication@47f020
----------------- Done invoking toplevel() on ptolemy.moml.MoMLSimpleApplication@47f020
reloadAllAccessors: .ContinuousMerge1

===========================================================================================
----------------- testing Tue Aug 04 15:17:02 UTC 2020 /home/travis/build/icyphy/ptII/ptolemy/domains/continuous/test/auto/ContinuousMerge2.xml
----------------- Instantiating /home/travis/build/icyphy/ptII/ptolemy/domains/continuous/test/auto/ContinuousMerge2.xml
16 ms. Memory: 290816K Free: 150665K (52%)
----------------- Invoking toplevel() on ptolemy.moml.MoMLSimpleApplication@7f9e8c56
----------------- Done invoking toplevel() on ptolemy.moml.MoMLSimpleApplication@7f9e8c56
reloadAllAccessors: .ContinuousMerge2

===========================================================================================
----------------- testing Tue Aug 04 15:17:02 UTC 2020 /home/travis/build/icyphy/ptII/ptolemy/domains/continuous/test/auto/ContinuousMerge3.xml
----------------- Instantiating /home/travis/build/icyphy/ptII/ptolemy/domains/continuous/test/auto/ContinuousMerge3.xml
34 ms. Memory: 290816K Free: 139911K (48%)
----------------- Invoking toplevel() on ptolemy.moml.MoMLSimpleApplication@2de8ae2d
----------------- Done invoking toplevel() on ptolemy.moml.MoMLSimpleApplication@2de8ae2d
reloadAllAccessors: .ContinuousMerge3

===========================================================================================
----------------- testing Tue Aug 04 15:17:02 UTC 2020 /home/travis/build/icyphy/ptII/ptolemy/domains/continuous/test/auto/ContinuousWithinContinuous.xml
----------------- Instantiating /home/travis/build/icyphy/ptII/ptolemy/domains/continuous/test/auto/ContinuousWithinContinuous.xml
29 ms. Memory: 290816K Free: 131209K (45%)
----------------- Invoking toplevel() on ptolemy.moml.MoMLSimpleApplication@4b8ff523
----------------- Done invoking toplevel() on ptolemy.moml.MoMLSimpleApplication@4b8ff523
reloadAllAccessors: .ContinuousWithinContinuous

===========================================================================================
----------------- testing Tue Aug 04 15:17:02 UTC 2020 /home/travis/build/icyphy/ptII/ptolemy/domains/continuous/test/auto/ContinuousWithinContinuous2.xml
----------------- Instantiating /home/travis/build/icyphy/ptII/ptolemy/domains/continuous/test/auto/ContinuousWithinContinuous2.xml
49 ms. Memory: 290816K Free: 120969K (42%)
----------------- Invoking toplevel() on ptolemy.moml.MoMLSimpleApplication@69958016
----------------- Done invoking toplevel() on ptolemy.moml.MoMLSimpleApplication@69958016
reloadAllAccessors: .ContinuousWithinContinuous2

===========================================================================================
----------------- testing Tue Aug 04 15:17:03 UTC 2020 /home/travis/build/icyphy/ptII/ptolemy/domains/continuous/test/auto/ContinuousWithinContinuous3.xml
----------------- Instantiating /home/travis/build/icyphy/ptII/ptolemy/domains/continuous/test/auto/ContinuousWithinContinuous3.xml
11 ms. Memory: 290816K Free: 114311K (39%)
----------------- Invoking toplevel() on ptolemy.moml.MoMLSimpleApplication@23d51dff
----------------- Done invoking toplevel() on ptolemy.moml.MoMLSimpleApplication@23d51dff
reloadAllAccessors: .ContinuousWithinContinuous3

===========================================================================================
----------------- testing Tue Aug 04 15:17:03 UTC 2020 /home/travis/build/icyphy/ptII/ptolemy/domains/continuous/test/auto/ContinuousWithinContinuous4.xml
----------------- Instantiating /home/travis/build/icyphy/ptII/ptolemy/domains/continuous/test/auto/ContinuousWithinContinuous4.xml
62 ms. Memory: 290816K Free: 275432K (95%)
----------------- Invoking toplevel() on ptolemy.moml.MoMLSimpleApplication@759efda5
----------------- Done invoking toplevel() on ptolemy.moml.MoMLSimpleApplication@759efda5
reloadAllAccessors: .ContinuousWithinContinuous4

===========================================================================================
----------------- testing Tue Aug 04 15:17:03 UTC 2020 /home/travis/build/icyphy/ptII/ptolemy/domains/continuous/test/auto/ContinuousWithinContinuous5.xml
----------------- Instantiating /home/travis/build/icyphy/ptII/ptolemy/domains/continuous/test/auto/ContinuousWithinContinuous5.xml
10 ms. Memory: 290816K Free: 267574K (92%)
----------------- Invoking toplevel() on ptolemy.moml.MoMLSimpleApplication@287e6f6e
----------------- Done invoking toplevel() on ptolemy.moml.MoMLSimpleApplication@287e6f6e
reloadAllAccessors: .ContinuousWithinContinuous5

===========================================================================================
----------------- testing Tue Aug 04 15:17:03 UTC 2020 /home/travis/build/icyphy/ptII/ptolemy/domains/continuous/test/auto/ContinuousWithinContinuous6.xml
----------------- Instantiating /home/travis/build/icyphy/ptII/ptolemy/domains/continuous/test/auto/ContinuousWithinContinuous6.xml
11 ms. Memory: 290816K Free: 260406K (90%)
----------------- Invoking toplevel() on ptolemy.moml.MoMLSimpleApplication@539facb
----------------- Done invoking toplevel() on ptolemy.moml.MoMLSimpleApplication@539facb
reloadAllAccessors: .ContinuousWithinContinuous6

===========================================================================================
----------------- testing Tue Aug 04 15:17:03 UTC 2020 /home/travis/build/icyphy/ptII/ptolemy/domains/continuous/test/auto/ContinuousWithinContinuous7.xml
----------------- Instantiating /home/travis/build/icyphy/ptII/ptolemy/domains/continuous/test/auto/ContinuousWithinContinuous7.xml
58 ms. Memory: 290816K Free: 249652K (86%)
----------------- Invoking toplevel() on ptolemy.moml.MoMLSimpleApplication@27c605fe
----------------- Done invoking toplevel() on ptolemy.moml.MoMLSimpleApplication@27c605fe
reloadAllAccessors: .ContinuousWithinContinuous7

===========================================================================================
----------------- testing Tue Aug 04 15:17:03 UTC 2020 /home/travis/build/icyphy/ptII/ptolemy/domains/continuous/test/auto/DCMotor.xml
----------------- Instantiating /home/travis/build/icyphy/ptII/ptolemy/domains/continuous/test/auto/DCMotor.xml
13081 ms. Memory: 290816K Free: 154771K (53%)
----------------- Invoking toplevel() on ptolemy.moml.MoMLSimpleApplication@2541c3a9
----------------- Done invoking toplevel() on ptolemy.moml.MoMLSimpleApplication@2541c3a9
reloadAllAccessors: .DCMotor

===========================================================================================
----------------- testing Tue Aug 04 15:17:16 UTC 2020 /home/travis/build/icyphy/ptII/ptolemy/domains/continuous/test/auto/DEInContinuous.xml
----------------- Instantiating /home/travis/build/icyphy/ptII/ptolemy/domains/continuous/test/auto/DEInContinuous.xml
18 ms. Memory: 290816K Free: 148627K (51%)
----------------- Invoking toplevel() on ptolemy.moml.MoMLSimpleApplication@3d6a8747
----------------- Done invoking toplevel() on ptolemy.moml.MoMLSimpleApplication@3d6a8747
reloadAllAccessors: .DEInContinuous

===========================================================================================
----------------- testing Tue Aug 04 15:17:16 UTC 2020 /home/travis/build/icyphy/ptII/ptolemy/domains/continuous/test/auto/DEinContinuous2.xml
----------------- Instantiating /home/travis/build/icyphy/ptII/ptolemy/domains/continuous/test/auto/DEinContinuous2.xml
8 ms. Memory: 290816K Free: 140949K (48%)
----------------- Invoking toplevel() on ptolemy.moml.MoMLSimpleApplication@226a7261
----------------- Done invoking toplevel() on ptolemy.moml.MoMLSimpleApplication@226a7261
reloadAllAccessors: .DEinContinuous2

===========================================================================================
----------------- testing Tue Aug 04 15:17:16 UTC 2020 /home/travis/build/icyphy/ptII/ptolemy/domains/continuous/test/auto/Derivative.xml
----------------- Instantiating /home/travis/build/icyphy/ptII/ptolemy/domains/continuous/test/auto/Derivative.xml
125 ms. Memory: 290816K Free: 111763K (38%)
----------------- Invoking toplevel() on ptolemy.moml.MoMLSimpleApplication@73b730c3
----------------- Done invoking toplevel() on ptolemy.moml.MoMLSimpleApplication@73b730c3
reloadAllAccessors: .Derivative2

===========================================================================================
----------------- testing Tue Aug 04 15:17:16 UTC 2020 /home/travis/build/icyphy/ptII/ptolemy/domains/continuous/test/auto/Derivative1.xml
----------------- Instantiating /home/travis/build/icyphy/ptII/ptolemy/domains/continuous/test/auto/Derivative1.xml
20 ms. Memory: 290816K Free: 270236K (93%)
----------------- Invoking toplevel() on ptolemy.moml.MoMLSimpleApplication@59bc4f23
----------------- Done invoking toplevel() on ptolemy.moml.MoMLSimpleApplication@59bc4f23
reloadAllAccessors: .Derivative1

===========================================================================================
----------------- testing Tue Aug 04 15:17:16 UTC 2020 /home/travis/build/icyphy/ptII/ptolemy/domains/continuous/test/auto/DiscreteClock.xml
----------------- Instantiating /home/travis/build/icyphy/ptII/ptolemy/domains/continuous/test/auto/DiscreteClock.xml
3 ms. Memory: 290816K Free: 264606K (91%)
----------------- Invoking toplevel() on ptolemy.moml.MoMLSimpleApplication@277642c1
----------------- Done invoking toplevel() on ptolemy.moml.MoMLSimpleApplication@277642c1
reloadAllAccessors: .DiscreteClock

===========================================================================================
----------------- testing Tue Aug 04 15:17:16 UTC 2020 /home/travis/build/icyphy/ptII/ptolemy/domains/continuous/test/auto/EfficiencyCurve.xml
----------------- Instantiating /home/travis/build/icyphy/ptII/ptolemy/domains/continuous/test/auto/EfficiencyCurve.xml
61 ms. Memory: 290816K Free: 255390K (88%)
----------------- Invoking toplevel() on ptolemy.moml.MoMLSimpleApplication@596e1488
----------------- Done invoking toplevel() on ptolemy.moml.MoMLSimpleApplication@596e1488
reloadAllAccessors: .EfficiencyCurve

===========================================================================================
----------------- testing Tue Aug 04 15:17:16 UTC 2020 /home/travis/build/icyphy/ptII/ptolemy/domains/continuous/test/auto/ExponentialResponse.xml
----------------- Instantiating /home/travis/build/icyphy/ptII/ptolemy/domains/continuous/test/auto/ExponentialResponse.xml
91 ms. Memory: 290816K Free: 239516K (82%)
----------------- Invoking toplevel() on ptolemy.moml.MoMLSimpleApplication@591d87f9
----------------- Done invoking toplevel() on ptolemy.moml.MoMLSimpleApplication@591d87f9
reloadAllAccessors: .ExponentialResponse

===========================================================================================
----------------- testing Tue Aug 04 15:17:16 UTC 2020 /home/travis/build/icyphy/ptII/ptolemy/domains/continuous/test/auto/ExponentialResponseRK45.xml
----------------- Instantiating /home/travis/build/icyphy/ptII/ptolemy/domains/continuous/test/auto/ExponentialResponseRK45.xml
21 ms. Memory: 290816K Free: 232862K (80%)
----------------- Invoking toplevel() on ptolemy.moml.MoMLSimpleApplication@10305f74
----------------- Done invoking toplevel() on ptolemy.moml.MoMLSimpleApplication@10305f74
reloadAllAccessors: .ExponentialResponseRK45

===========================================================================================
----------------- testing Tue Aug 04 15:17:17 UTC 2020 /home/travis/build/icyphy/ptII/ptolemy/domains/continuous/test/auto/Friction.xml
----------------- Instantiating /home/travis/build/icyphy/ptII/ptolemy/domains/continuous/test/auto/Friction.xml
1465 ms. Memory: 290816K Free: 154521K (53%)
----------------- Invoking toplevel() on ptolemy.moml.MoMLSimpleApplication@775928d6
----------------- Done invoking toplevel() on ptolemy.moml.MoMLSimpleApplication@775928d6
reloadAllAccessors: .Friction

===========================================================================================
----------------- testing Tue Aug 04 15:17:18 UTC 2020 /home/travis/build/icyphy/ptII/ptolemy/domains/continuous/test/auto/FurutaPendulum.xml
----------------- Instantiating /home/travis/build/icyphy/ptII/ptolemy/domains/continuous/test/auto/FurutaPendulum.xml
2765 ms. Memory: 290816K Free: 172624K (59%)
----------------- Invoking toplevel() on ptolemy.moml.MoMLSimpleApplication@52291328
----------------- Done invoking toplevel() on ptolemy.moml.MoMLSimpleApplication@52291328
reloadAllAccessors: .FurutaPendulum

===========================================================================================
----------------- testing Tue Aug 04 15:17:21 UTC 2020 /home/travis/build/icyphy/ptII/ptolemy/domains/continuous/test/auto/HierarchicalExecution.xml
----------------- Instantiating /home/travis/build/icyphy/ptII/ptolemy/domains/continuous/test/auto/HierarchicalExecution.xml
1597 ms. Memory: 290816K Free: 230063K (79%)
----------------- Invoking toplevel() on ptolemy.moml.MoMLSimpleApplication@337c7e3b
----------------- Done invoking toplevel() on ptolemy.moml.MoMLSimpleApplication@337c7e3b
reloadAllAccessors: .HierarchicalExecution

===========================================================================================
----------------- testing Tue Aug 04 15:17:23 UTC 2020 /home/travis/build/icyphy/ptII/ptolemy/domains/continuous/test/auto/HybridPlant.xml
----------------- Instantiating /home/travis/build/icyphy/ptII/ptolemy/domains/continuous/test/auto/HybridPlant.xml
483 ms. Memory: 290816K Free: 139948K (48%)
----------------- Invoking toplevel() on ptolemy.moml.MoMLSimpleApplication@36fe3649
----------------- Done invoking toplevel() on ptolemy.moml.MoMLSimpleApplication@36fe3649
reloadAllAccessors: .HybridPlant

===========================================================================================
----------------- testing Tue Aug 04 15:17:24 UTC 2020 /home/travis/build/icyphy/ptII/ptolemy/domains/continuous/test/auto/Hysteresis.xml
----------------- Instantiating /home/travis/build/icyphy/ptII/ptolemy/domains/continuous/test/auto/Hysteresis.xml
178 ms. Memory: 290816K Free: 250607K (86%)
----------------- Invoking toplevel() on ptolemy.moml.MoMLSimpleApplication@5d4c3e52
----------------- Done invoking toplevel() on ptolemy.moml.MoMLSimpleApplication@5d4c3e52
reloadAllAccessors: .Hysteresis

===========================================================================================
----------------- testing Tue Aug 04 15:17:24 UTC 2020 /home/travis/build/icyphy/ptII/ptolemy/domains/continuous/test/auto/HysteresisWithRandomDelay.xml
----------------- Instantiating /home/travis/build/icyphy/ptII/ptolemy/domains/continuous/test/auto/HysteresisWithRandomDelay.xml
173 ms. Memory: 290816K Free: 179366K (62%)
----------------- Invoking toplevel() on ptolemy.moml.MoMLSimpleApplication@336d10d
----------------- Done invoking toplevel() on ptolemy.moml.MoMLSimpleApplication@336d10d
reloadAllAccessors: .HysteresisWithRandomDelay

===========================================================================================
----------------- testing Tue Aug 04 15:17:24 UTC 2020 /home/travis/build/icyphy/ptII/ptolemy/domains/continuous/test/auto/HysteresisWithRandomLosses.xml
----------------- Instantiating /home/travis/build/icyphy/ptII/ptolemy/domains/continuous/test/auto/HysteresisWithRandomLosses.xml
2364 ms. Memory: 290816K Free: 133166K (46%)
----------------- Invoking toplevel() on ptolemy.moml.MoMLSimpleApplication@7011556b
----------------- Done invoking toplevel() on ptolemy.moml.MoMLSimpleApplication@7011556b
reloadAllAccessors: .HysteresisWithRandomLosses

===========================================================================================
----------------- testing Tue Aug 04 15:17:26 UTC 2020 /home/travis/build/icyphy/ptII/ptolemy/domains/continuous/test/auto/ImmediateTransitions.xml
----------------- Instantiating /home/travis/build/icyphy/ptII/ptolemy/domains/continuous/test/auto/ImmediateTransitions.xml
11 ms. Memory: 290816K Free: 122398K (42%)
----------------- Invoking toplevel() on ptolemy.moml.MoMLSimpleApplication@2744f80e
----------------- Done invoking toplevel() on ptolemy.moml.MoMLSimpleApplication@2744f80e
reloadAllAccessors: .ImmediateTransitions

===========================================================================================
----------------- testing Tue Aug 04 15:17:26 UTC 2020 /home/travis/build/icyphy/ptII/ptolemy/domains/continuous/test/auto/ImpulseFeedback.xml
----------------- Instantiating /home/travis/build/icyphy/ptII/ptolemy/domains/continuous/test/auto/ImpulseFeedback.xml
7 ms. Memory: 290816K Free: 116268K (40%)
----------------- Invoking toplevel() on ptolemy.moml.MoMLSimpleApplication@926fdf8
----------------- Done invoking toplevel() on ptolemy.moml.MoMLSimpleApplication@926fdf8
reloadAllAccessors: .ImpulseFeedback

===========================================================================================
----------------- testing Tue Aug 04 15:17:26 UTC 2020 /home/travis/build/icyphy/ptII/ptolemy/domains/continuous/test/auto/ImpulseFeedback2.xml
----------------- Instantiating /home/travis/build/icyphy/ptII/ptolemy/domains/continuous/test/auto/ImpulseFeedback2.xml
6 ms. Memory: 290816K Free: 110638K (38%)
----------------- Invoking toplevel() on ptolemy.moml.MoMLSimpleApplication@15a29885
----------------- Done invoking toplevel() on ptolemy.moml.MoMLSimpleApplication@15a29885
reloadAllAccessors: .ImpulseFeedback2

===========================================================================================
----------------- testing Tue Aug 04 15:17:26 UTC 2020 /home/travis/build/icyphy/ptII/ptolemy/domains/continuous/test/auto/IncreasingRatePoisson.xml
----------------- Instantiating /home/travis/build/icyphy/ptII/ptolemy/domains/continuous/test/auto/IncreasingRatePoisson.xml
711 ms. Memory: 290816K Free: 146395K (50%)
----------------- Invoking toplevel() on ptolemy.moml.MoMLSimpleApplication@f51c3ba
----------------- Done invoking toplevel() on ptolemy.moml.MoMLSimpleApplication@f51c3ba
reloadAllAccessors: .IncreasingRatePoisson

===========================================================================================
----------------- testing Tue Aug 04 15:17:27 UTC 2020 /home/travis/build/icyphy/ptII/ptolemy/domains/continuous/test/auto/InitialStateFeedback.xml
----------------- Instantiating /home/travis/build/icyphy/ptII/ptolemy/domains/continuous/test/auto/InitialStateFeedback.xml
3 ms. Memory: 290816K Free: 141785K (49%)
----------------- Invoking toplevel() on ptolemy.moml.MoMLSimpleApplication@7bb8f8af
----------------- Done invoking toplevel() on ptolemy.moml.MoMLSimpleApplication@7bb8f8af
reloadAllAccessors: .InitialStateFeedback

===========================================================================================
----------------- testing Tue Aug 04 15:17:27 UTC 2020 /home/travis/build/icyphy/ptII/ptolemy/domains/continuous/test/auto/Integration.xml
----------------- Instantiating /home/travis/build/icyphy/ptII/ptolemy/domains/continuous/test/auto/Integration.xml
2 ms. Memory: 290816K Free: 137689K (47%)
----------------- Invoking toplevel() on ptolemy.moml.MoMLSimpleApplication@f60a408
----------------- Done invoking toplevel() on ptolemy.moml.MoMLSimpleApplication@f60a408
reloadAllAccessors: .Integration

===========================================================================================
----------------- testing Tue Aug 04 15:17:27 UTC 2020 /home/travis/build/icyphy/ptII/ptolemy/domains/continuous/test/auto/Integration2.xml
----------------- Instantiating /home/travis/build/icyphy/ptII/ptolemy/domains/continuous/test/auto/Integration2.xml
82 ms. Memory: 290816K Free: 123353K (42%)
----------------- Invoking toplevel() on ptolemy.moml.MoMLSimpleApplication@489f931e
----------------- Done invoking toplevel() on ptolemy.moml.MoMLSimpleApplication@489f931e
reloadAllAccessors: .Integration2

===========================================================================================
----------------- testing Tue Aug 04 15:17:27 UTC 2020 /home/travis/build/icyphy/ptII/ptolemy/domains/continuous/test/auto/Integration3.xml
----------------- Instantiating /home/travis/build/icyphy/ptII/ptolemy/domains/continuous/test/auto/Integration3.xml
2 ms. Memory: 290816K Free: 119251K (41%)
----------------- Invoking toplevel() on ptolemy.moml.MoMLSimpleApplication@7b43fa04
----------------- Done invoking toplevel() on ptolemy.moml.MoMLSimpleApplication@7b43fa04
reloadAllAccessors: .Integration3

===========================================================================================
----------------- testing Tue Aug 04 15:17:27 UTC 2020 /home/travis/build/icyphy/ptII/ptolemy/domains/continuous/test/auto/Integration5.xml
----------------- Instantiating /home/travis/build/icyphy/ptII/ptolemy/domains/continuous/test/auto/Integration5.xml
2 ms. Memory: 290816K Free: 114651K (39%)
----------------- Invoking toplevel() on ptolemy.moml.MoMLSimpleApplication@730395a2
----------------- Done invoking toplevel() on ptolemy.moml.MoMLSimpleApplication@730395a2
reloadAllAccessors: .Integration5

===========================================================================================
----------------- testing Tue Aug 04 15:17:27 UTC 2020 /home/travis/build/icyphy/ptII/ptolemy/domains/continuous/test/auto/IntegratorImpulse.xml
----------------- Instantiating /home/travis/build/icyphy/ptII/ptolemy/domains/continuous/test/auto/IntegratorImpulse.xml
3 ms. Memory: 290816K Free: 110555K (38%)
----------------- Invoking toplevel() on ptolemy.moml.MoMLSimpleApplication@191d1e5b
----------------- Done invoking toplevel() on ptolemy.moml.MoMLSimpleApplication@191d1e5b
reloadAllAccessors: .IntegratorImpulse

===========================================================================================
----------------- testing Tue Aug 04 15:17:27 UTC 2020 /home/travis/build/icyphy/ptII/ptolemy/domains/continuous/test/auto/IntegratorImpulse2.xml
----------------- Instantiating /home/travis/build/icyphy/ptII/ptolemy/domains/continuous/test/auto/IntegratorImpulse2.xml
3 ms. Memory: 290816K Free: 105931K (36%)
----------------- Invoking toplevel() on ptolemy.moml.MoMLSimpleApplication@42d56b34
----------------- Done invoking toplevel() on ptolemy.moml.MoMLSimpleApplication@42d56b34
reloadAllAccessors: .IntegratorImpulse2

===========================================================================================
----------------- testing Tue Aug 04 15:17:27 UTC 2020 /home/travis/build/icyphy/ptII/ptolemy/domains/continuous/test/auto/LevelCrossing1.xml
----------------- Instantiating /home/travis/build/icyphy/ptII/ptolemy/domains/continuous/test/auto/LevelCrossing1.xml
10 ms. Memory: 290816K Free: 274311K (94%)
----------------- Invoking toplevel() on ptolemy.moml.MoMLSimpleApplication@7c866cd0
----------------- Done invoking toplevel() on ptolemy.moml.MoMLSimpleApplication@7c866cd0
reloadAllAccessors: .LevelCrossing1

===========================================================================================
----------------- testing Tue Aug 04 15:17:27 UTC 2020 /home/travis/build/icyphy/ptII/ptolemy/domains/continuous/test/auto/LevelCrossing2.xml
----------------- Instantiating /home/travis/build/icyphy/ptII/ptolemy/domains/continuous/test/auto/LevelCrossing2.xml
4 ms. Memory: 290816K Free: 268962K (92%)
----------------- Invoking toplevel() on ptolemy.moml.MoMLSimpleApplication@6dfd8a42
----------------- Done invoking toplevel() on ptolemy.moml.MoMLSimpleApplication@6dfd8a42
reloadAllAccessors: .LevelCrossing2

===========================================================================================
----------------- testing Tue Aug 04 15:17:27 UTC 2020 /home/travis/build/icyphy/ptII/ptolemy/domains/continuous/test/auto/LevelCrossing3.xml
----------------- Instantiating /home/travis/build/icyphy/ptII/ptolemy/domains/continuous/test/auto/LevelCrossing3.xml
3 ms. Memory: 290816K Free: 263842K (91%)
----------------- Invoking toplevel() on ptolemy.moml.MoMLSimpleApplication@7c9662a9
----------------- Done invoking toplevel() on ptolemy.moml.MoMLSimpleApplication@7c9662a9
reloadAllAccessors: .LevelCrossing3

===========================================================================================
----------------- testing Tue Aug 04 15:17:27 UTC 2020 /home/travis/build/icyphy/ptII/ptolemy/domains/continuous/test/auto/LevelCrossing4.xml
----------------- Instantiating /home/travis/build/icyphy/ptII/ptolemy/domains/continuous/test/auto/LevelCrossing4.xml
4 ms. Memory: 290816K Free: 258722K (89%)
----------------- Invoking toplevel() on ptolemy.moml.MoMLSimpleApplication@3613e93c
----------------- Done invoking toplevel() on ptolemy.moml.MoMLSimpleApplication@3613e93c
reloadAllAccessors: .LevelCrossing4

===========================================================================================
----------------- testing Tue Aug 04 15:17:27 UTC 2020 /home/travis/build/icyphy/ptII/ptolemy/domains/continuous/test/auto/LevelCrossing5.xml
----------------- Instantiating /home/travis/build/icyphy/ptII/ptolemy/domains/continuous/test/auto/LevelCrossing5.xml
3 ms. Memory: 290816K Free: 253596K (87%)
----------------- Invoking toplevel() on ptolemy.moml.MoMLSimpleApplication@31e3798a
----------------- Done invoking toplevel() on ptolemy.moml.MoMLSimpleApplication@31e3798a
reloadAllAccessors: .LevelCrossing5

===========================================================================================
[...]
----------------- testing Tue Aug 04 15:17:43 UTC 2020 /home/travis/build/icyphy/ptII/ptolemy/domains/continuous/test/auto/SRinContinuous.xml
----------------- Instantiating /home/travis/build/icyphy/ptII/ptolemy/domains/continuous/test/auto/SRinContinuous.xml
4 ms. Memory: 290816K Free: 108758K (37%)
----------------- Invoking toplevel() on ptolemy.moml.MoMLSimpleApplication@2079de5a
----------------- Done invoking toplevel() on ptolemy.moml.MoMLSimpleApplication@2079de5a
reloadAllAccessors: .SRinContinuous

===========================================================================================
----------------- testing Tue Aug 04 15:17:43 UTC 2020 /home/travis/build/icyphy/ptII/ptolemy/domains/continuous/test/auto/SampledClocks.xml
----------------- Instantiating /home/travis/build/icyphy/ptII/ptolemy/domains/continuous/test/auto/SampledClocks.xml
8 ms. Memory: 290816K Free: 269738K (93%)
----------------- Invoking toplevel() on ptolemy.moml.MoMLSimpleApplication@39090e28
----------------- Done invoking toplevel() on ptolemy.moml.MoMLSimpleApplication@39090e28
reloadAllAccessors: .SampledClocks

===========================================================================================
----------------- testing Tue Aug 04 15:17:43 UTC 2020 /home/travis/build/icyphy/ptII/ptolemy/domains/continuous/test/auto/Satellite.xml
----------------- Instantiating /home/travis/build/icyphy/ptII/ptolemy/domains/continuous/test/auto/Satellite.xml
688 ms. Memory: 290816K Free: 247171K (85%)
----------------- Invoking toplevel() on ptolemy.moml.MoMLSimpleApplication@2504b0f
----------------- Done invoking toplevel() on ptolemy.moml.MoMLSimpleApplication@2504b0f
reloadAllAccessors: .Satellite

===========================================================================================
----------------- testing Tue Aug 04 15:17:44 UTC 2020 /home/travis/build/icyphy/ptII/ptolemy/domains/continuous/test/auto/SigmaDelta.xml
----------------- Instantiating /home/travis/build/icyphy/ptII/ptolemy/domains/continuous/test/auto/SigmaDelta.xml
1868 ms. Memory: 290816K Free: 159185K (55%)
----------------- Invoking toplevel() on ptolemy.moml.MoMLSimpleApplication@77c1b568
----------------- Done invoking toplevel() on ptolemy.moml.MoMLSimpleApplication@77c1b568
reloadAllAccessors: .SigmaDelta

===========================================================================================
----------------- testing Tue Aug 04 15:17:46 UTC 2020 /home/travis/build/icyphy/ptII/ptolemy/domains/continuous/test/auto/SingleRefinement.xml
----------------- Instantiating /home/travis/build/icyphy/ptII/ptolemy/domains/continuous/test/auto/SingleRefinement.xml
281 ms. Memory: 290816K Free: 147991K (51%)
----------------- Invoking toplevel() on ptolemy.moml.MoMLSimpleApplication@27448525
----------------- Done invoking toplevel() on ptolemy.moml.MoMLSimpleApplication@27448525
reloadAllAccessors: .SingleRefinement

===========================================================================================
----------------- testing Tue Aug 04 15:17:46 UTC 2020 /home/travis/build/icyphy/ptII/ptolemy/domains/continuous/test/auto/SinuBouncingBall.xml
----------------- Instantiating /home/travis/build/icyphy/ptII/ptolemy/domains/continuous/test/auto/SinuBouncingBall.xml
821 ms. Memory: 290816K Free: 104146K (36%)
----------------- Invoking toplevel() on ptolemy.moml.MoMLSimpleApplication@5ac43444
----------------- Done invoking toplevel() on ptolemy.moml.MoMLSimpleApplication@5ac43444
reloadAllAccessors: .SinuBouncingBall

===========================================================================================
----------------- testing Tue Aug 04 15:17:47 UTC 2020 /home/travis/build/icyphy/ptII/ptolemy/domains/continuous/test/auto/Sinusoid.xml
----------------- Instantiating /home/travis/build/icyphy/ptII/ptolemy/domains/continuous/test/auto/Sinusoid.xml
6 ms. Memory: 290816K Free: 272702K (94%)
----------------- Invoking toplevel() on ptolemy.moml.MoMLSimpleApplication@1dab8e4
----------------- Done invoking toplevel() on ptolemy.moml.MoMLSimpleApplication@1dab8e4
reloadAllAccessors: .Sinusoid

===========================================================================================
----------------- testing Tue Aug 04 15:17:47 UTC 2020 /home/travis/build/icyphy/ptII/ptolemy/domains/continuous/test/auto/SinusoidInNoise.xml
----------------- Instantiating /home/travis/build/icyphy/ptII/ptolemy/domains/continuous/test/auto/SinusoidInNoise.xml
858 ms. Memory: 290816K Free: 138044K (47%)
----------------- Invoking toplevel() on ptolemy.moml.MoMLSimpleApplication@4c8f087d
----------------- Done invoking toplevel() on ptolemy.moml.MoMLSimpleApplication@4c8f087d
reloadAllAccessors: .SinusoidInNoise

===========================================================================================
----------------- testing Tue Aug 04 15:17:48 UTC 2020 /home/travis/build/icyphy/ptII/ptolemy/domains/continuous/test/auto/SinusoidRK45.xml
----------------- Instantiating /home/travis/build/icyphy/ptII/ptolemy/domains/continuous/test/auto/SinusoidRK45.xml
3 ms. Memory: 290816K Free: 133918K (46%)
----------------- Invoking toplevel() on ptolemy.moml.MoMLSimpleApplication@5f96c20a
----------------- Done invoking toplevel() on ptolemy.moml.MoMLSimpleApplication@5f96c20a
reloadAllAccessors: .SinusoidRK45

===========================================================================================
----------------- testing Tue Aug 04 15:17:48 UTC 2020 /home/travis/build/icyphy/ptII/ptolemy/domains/continuous/test/auto/SinusoidWithMultipleImpulses.xml
----------------- Instantiating /home/travis/build/icyphy/ptII/ptolemy/domains/continuous/test/auto/SinusoidWithMultipleImpulses.xml
3 ms. Memory: 290816K Free: 129342K (44%)
----------------- Invoking toplevel() on ptolemy.moml.MoMLSimpleApplication@542e895b
----------------- Done invoking toplevel() on ptolemy.moml.MoMLSimpleApplication@542e895b
reloadAllAccessors: .SinusoidWithMultipleImpulses

===========================================================================================
----------------- testing Tue Aug 04 15:17:48 UTC 2020 /home/travis/build/icyphy/ptII/ptolemy/domains/continuous/test/auto/SquareWave.xml
----------------- Instantiating /home/travis/build/icyphy/ptII/ptolemy/domains/continuous/test/auto/SquareWave.xml
139 ms. Memory: 290816K Free: 102204K (35%)
----------------- Invoking toplevel() on ptolemy.moml.MoMLSimpleApplication@7b3e6bb4
----------------- Done invoking toplevel() on ptolemy.moml.MoMLSimpleApplication@7b3e6bb4
reloadAllAccessors: .SquareWave

===========================================================================================
----------------- testing Tue Aug 04 15:17:48 UTC 2020 /home/travis/build/icyphy/ptII/ptolemy/domains/continuous/test/auto/Starmac.xml
----------------- Instantiating /home/travis/build/icyphy/ptII/ptolemy/domains/continuous/test/auto/Starmac.xml
3076 ms. Memory: 290816K Free: 130734K (45%)
----------------- Invoking toplevel() on ptolemy.moml.MoMLSimpleApplication@9652205
----------------- Done invoking toplevel() on ptolemy.moml.MoMLSimpleApplication@9652205
reloadAllAccessors: .Starmac

===========================================================================================
----------------- testing Tue Aug 04 15:17:52 UTC 2020 /home/travis/build/icyphy/ptII/ptolemy/domains/continuous/test/auto/StaticUnits.xml
----------------- Instantiating /home/travis/build/icyphy/ptII/ptolemy/domains/continuous/test/auto/StaticUnits.xml
1750 ms. Memory: 349184K Free: 228771K (66%)
----------------- Invoking toplevel() on ptolemy.moml.MoMLSimpleApplication@da857ad
----------------- Done invoking toplevel() on ptolemy.moml.MoMLSimpleApplication@da857ad
reloadAllAccessors: .StaticUnits

===========================================================================================
----------------- testing Tue Aug 04 15:17:54 UTC 2020 /home/travis/build/icyphy/ptII/ptolemy/domains/continuous/test/auto/StickyMasses.xml
----------------- Instantiating /home/travis/build/icyphy/ptII/ptolemy/domains/continuous/test/auto/StickyMasses.xml
159 ms. Memory: 349184K Free: 179619K (51%)
----------------- Invoking toplevel() on ptolemy.moml.MoMLSimpleApplication@4c179bfd
----------------- Done invoking toplevel() on ptolemy.moml.MoMLSimpleApplication@4c179bfd
reloadAllAccessors: .StickyMasses

===========================================================================================
----------------- testing Tue Aug 04 15:17:54 UTC 2020 /home/travis/build/icyphy/ptII/ptolemy/domains/continuous/test/auto/StopTime.xml
----------------- Instantiating /home/travis/build/icyphy/ptII/ptolemy/domains/continuous/test/auto/StopTime.xml
44 ms. Memory: 349184K Free: 155043K (44%)
----------------- Invoking toplevel() on ptolemy.moml.MoMLSimpleApplication@570081b7
----------------- Done invoking toplevel() on ptolemy.moml.MoMLSimpleApplication@570081b7
reloadAllAccessors: .StopTime

===========================================================================================
----------------- testing Tue Aug 04 15:17:54 UTC 2020 /home/travis/build/icyphy/ptII/ptolemy/domains/continuous/test/auto/StopTime2.xml
----------------- Instantiating /home/travis/build/icyphy/ptII/ptolemy/domains/continuous/test/auto/StopTime2.xml
34 ms. Memory: 349184K Free: 133025K (38%)
----------------- Invoking toplevel() on ptolemy.moml.MoMLSimpleApplication@1aac9f5a
----------------- Done invoking toplevel() on ptolemy.moml.MoMLSimpleApplication@1aac9f5a
reloadAllAccessors: .StopTime2

===========================================================================================
----------------- testing Tue Aug 04 15:17:54 UTC 2020 /home/travis/build/icyphy/ptII/ptolemy/domains/continuous/test/auto/Switch.xml
----------------- Instantiating /home/travis/build/icyphy/ptII/ptolemy/domains/continuous/test/auto/Switch.xml
63 ms. Memory: 349184K Free: 312056K (89%)
----------------- Invoking toplevel() on ptolemy.moml.MoMLSimpleApplication@18b44ad
----------------- Done invoking toplevel() on ptolemy.moml.MoMLSimpleApplication@18b44ad
reloadAllAccessors: .Switch

===========================================================================================
----------------- testing Tue Aug 04 15:17:54 UTC 2020 /home/travis/build/icyphy/ptII/ptolemy/domains/continuous/test/auto/Thermostat.xml
----------------- Instantiating /home/travis/build/icyphy/ptII/ptolemy/domains/continuous/test/auto/Thermostat.xml
192 ms. Memory: 349184K Free: 239874K (69%)
----------------- Invoking toplevel() on ptolemy.moml.MoMLSimpleApplication@24c5e992
----------------- Done invoking toplevel() on ptolemy.moml.MoMLSimpleApplication@24c5e992
reloadAllAccessors: .Thermostat

===========================================================================================
----------------- testing Tue Aug 04 15:17:54 UTC 2020 /home/travis/build/icyphy/ptII/ptolemy/domains/continuous/test/auto/TimeDelay.xml
----------------- Instantiating /home/travis/build/icyphy/ptII/ptolemy/domains/continuous/test/auto/TimeDelay.xml
4 ms. Memory: 349184K Free: 235258K (67%)
----------------- Invoking toplevel() on ptolemy.moml.MoMLSimpleApplication@1a15b0e4
----------------- Done invoking toplevel() on ptolemy.moml.MoMLSimpleApplication@1a15b0e4
reloadAllAccessors: .TimeDelay

===========================================================================================
----------------- testing Tue Aug 04 15:17:55 UTC 2020 /home/travis/build/icyphy/ptII/ptolemy/domains/continuous/test/auto/TimeDelay2.xml
----------------- Instantiating /home/travis/build/icyphy/ptII/ptolemy/domains/continuous/test/auto/TimeDelay2.xml
6 ms. Memory: 349184K Free: 225024K (64%)
----------------- Invoking toplevel() on ptolemy.moml.MoMLSimpleApplication@23a8a2e5
----------------- Done invoking toplevel() on ptolemy.moml.MoMLSimpleApplication@23a8a2e5
reloadAllAccessors: .TimeDelay2

===========================================================================================
----------------- testing Tue Aug 04 15:17:55 UTC 2020 /home/travis/build/icyphy/ptII/ptolemy/domains/continuous/test/auto/TimeDelay3.xml
----------------- Instantiating /home/travis/build/icyphy/ptII/ptolemy/domains/continuous/test/auto/TimeDelay3.xml
4 ms. Memory: 349184K Free: 220416K (63%)
----------------- Invoking toplevel() on ptolemy.moml.MoMLSimpleApplication@593a7560
----------------- Done invoking toplevel() on ptolemy.moml.MoMLSimpleApplication@593a7560
reloadAllAccessors: .TimeDelay3

===========================================================================================
----------------- testing Tue Aug 04 15:17:55 UTC 2020 /home/travis/build/icyphy/ptII/ptolemy/domains/continuous/test/auto/TransferAbsentToInside.xml
----------------- Instantiating /home/travis/build/icyphy/ptII/ptolemy/domains/continuous/test/auto/TransferAbsentToInside.xml
33 ms. Memory: 349184K Free: 167674K (48%)
----------------- Invoking toplevel() on ptolemy.moml.MoMLSimpleApplication@4dd4eccf
----------------- Done invoking toplevel() on ptolemy.moml.MoMLSimpleApplication@4dd4eccf
reloadAllAccessors: .TransferAbsentToInside

===========================================================================================
----------------- testing Tue Aug 04 15:17:55 UTC 2020 /home/travis/build/icyphy/ptII/ptolemy/domains/continuous/test/auto/Transmission.xml
----------------- Instantiating /home/travis/build/icyphy/ptII/ptolemy/domains/continuous/test/auto/Transmission.xml
763 ms. Memory: 349184K Free: 139666K (40%)
----------------- Invoking toplevel() on ptolemy.moml.MoMLSimpleApplication@74f42ef4
----------------- Done invoking toplevel() on ptolemy.moml.MoMLSimpleApplication@74f42ef4
reloadAllAccessors: .Transmission

===========================================================================================
----------------- testing Tue Aug 04 15:17:55 UTC 2020 /home/travis/build/icyphy/ptII/ptolemy/domains/continuous/test/auto/TriggeredContinuousClock.xml
----------------- Instantiating /home/travis/build/icyphy/ptII/ptolemy/domains/continuous/test/auto/TriggeredContinuousClock.xml
50 ms. Memory: 349184K Free: 313465K (90%)
----------------- Invoking toplevel() on ptolemy.moml.MoMLSimpleApplication@2cee4102
----------------- Done invoking toplevel() on ptolemy.moml.MoMLSimpleApplication@2cee4102
reloadAllAccessors: .TriggeredContinuousClock

===========================================================================================
----------------- testing Tue Aug 04 15:17:56 UTC 2020 /home/travis/build/icyphy/ptII/ptolemy/domains/continuous/test/auto/TwoMachineInfiniteBusControl.xml
----------------- Instantiating /home/travis/build/icyphy/ptII/ptolemy/domains/continuous/test/auto/TwoMachineInfiniteBusControl.xml
2463 ms. Memory: 349184K Free: 138922K (40%)
----------------- Invoking toplevel() on ptolemy.moml.MoMLSimpleApplication@6f8310f9
----------------- Done invoking toplevel() on ptolemy.moml.MoMLSimpleApplication@6f8310f9
reloadAllAccessors: .TwoMachineInfiniteBusControl

===========================================================================================
----------------- testing Tue Aug 04 15:17:58 UTC 2020 /home/travis/build/icyphy/ptII/ptolemy/domains/continuous/test/auto/V2V.xml
----------------- Instantiating /home/travis/build/icyphy/ptII/ptolemy/domains/continuous/test/auto/V2V.xml
803 ms. Memory: 349184K Free: 154466K (44%)
----------------- Invoking toplevel() on ptolemy.moml.MoMLSimpleApplication@19373046
----------------- Done invoking toplevel() on ptolemy.moml.MoMLSimpleApplication@19373046
reloadAllAccessors: .V2V

===========================================================================================
----------------- testing Tue Aug 04 15:17:59 UTC 2020 /home/travis/build/icyphy/ptII/ptolemy/domains/continuous/test/auto/hierarchicalModalModel.xml
----------------- Instantiating /home/travis/build/icyphy/ptII/ptolemy/domains/continuous/test/auto/hierarchicalModalModel.xml
9 ms. Memory: 349184K Free: 140626K (40%)
----------------- Invoking toplevel() on ptolemy.moml.MoMLSimpleApplication@292cc3db
----------------- Done invoking toplevel() on ptolemy.moml.MoMLSimpleApplication@292cc3db
reloadAllAccessors: .hierarchicalModalModel

===========================================================================================
----------------- testing Tue Aug 04 15:17:59 UTC 2020 /home/travis/build/icyphy/ptII/ptolemy/domains/continuous/test/auto/hierarchicalModalModel1.xml
----------------- Instantiating /home/travis/build/icyphy/ptII/ptolemy/domains/continuous/test/auto/hierarchicalModalModel1.xml
12 ms. Memory: 349184K Free: 126304K (36%)
----------------- Invoking toplevel() on ptolemy.moml.MoMLSimpleApplication@2c6b3bd3
----------------- Done invoking toplevel() on ptolemy.moml.MoMLSimpleApplication@2c6b3bd3
reloadAllAccessors: .hierarchicalModalModel1

===========================================================================================
----------------- testing Tue Aug 04 15:17:59 UTC 2020 /home/travis/build/icyphy/ptII/ptolemy/domains/continuous/test/auto/hierarchicalModalModel2.xml
----------------- Instantiating /home/travis/build/icyphy/ptII/ptolemy/domains/continuous/test/auto/hierarchicalModalModel2.xml
8 ms. Memory: 349184K Free: 317241K (91%)
----------------- Invoking toplevel() on ptolemy.moml.MoMLSimpleApplication@1cc17f1e
----------------- Done invoking toplevel() on ptolemy.moml.MoMLSimpleApplication@1cc17f1e
reloadAllAccessors: .hierarchicalModalModel2

===========================================================================================
----------------- testing Tue Aug 04 15:17:59 UTC 2020 /home/travis/build/icyphy/ptII/ptolemy/domains/continuous/test/auto/hierarchicalModalModel3.xml
----------------- Instantiating /home/travis/build/icyphy/ptII/ptolemy/domains/continuous/test/auto/hierarchicalModalModel3.xml
6 ms. Memory: 349184K Free: 306522K (88%)
----------------- Invoking toplevel() on ptolemy.moml.MoMLSimpleApplication@480db92
----------------- Done invoking toplevel() on ptolemy.moml.MoMLSimpleApplication@480db92
reloadAllAccessors: .hierarchicalModalModel3

===========================================================================================
----------------- testing Tue Aug 04 15:17:59 UTC 2020 /home/travis/build/icyphy/ptII/ptolemy/domains/continuous/test/auto/hierarchicalModalModel4.xml
----------------- Instantiating /home/travis/build/icyphy/ptII/ptolemy/domains/continuous/test/auto/hierarchicalModalModel4.xml
5 ms. Memory: 349184K Free: 294744K (84%)
----------------- Invoking toplevel() on ptolemy.moml.MoMLSimpleApplication@201ac3cb
----------------- Done invoking toplevel() on ptolemy.moml.MoMLSimpleApplication@201ac3cb
reloadAllAccessors: .hierarchicalModalModel4

===========================================================================================
----------------- testing Tue Aug 04 15:17:59 UTC 2020 /home/travis/build/icyphy/ptII/ptolemy/domains/continuous/test/auto/junk.xml
----------------- Instantiating /home/travis/build/icyphy/ptII/ptolemy/domains/continuous/test/auto/junk.xml
117 ms. Memory: 349184K Free: 266586K (76%)
----------------- Invoking toplevel() on ptolemy.moml.MoMLSimpleApplication@273bcd05
----------------- Done invoking toplevel() on ptolemy.moml.MoMLSimpleApplication@273bcd05
reloadAllAccessors: .junk
AutoTests.java: About to close Vertx.
AutoTests.java: Vertx closed.
]]></system-out>
  <system-err><![CDATA[Warning: '.HysteresisWithRandomDelay.NonStrictTest' The test produced only 221 tokens, yet the correctValues parameter was expecting 222 tokens.
Warning: '.HysteresisWithRandomDelay.NonStrictTest2' The test produced only 220 tokens, yet the correctValues parameter was expecting 221 tokens.
Warning: '.Poisson.NonStrictTest' The test produced only 407 tokens, yet the correctValues parameter was expecting 430 tokens.
]]></system-err>
</testsuite>
