<?xml version="1.0" encoding="UTF-8" ?>
<testsuite errors="0" failures="0" hostname="travis-job-6789cf44-a0c3-4c2b-ae72-2e43d9a33aef" name="ptolemy.domains.de.test.junit.JUnitTclTest" skipped="0" tests="101" time="125.149" timestamp="2018-10-16T02:33:12">
  <properties>
[...]
</properties>
  <testcase classname="ptolemy.util.test.junit.TclTests" name="[0] /home/travis/build/icyphy/ptII/ptolemy/domains/de/test/DependencyLoop.tcl (RunTclFile)" time="0.701" />
  <testcase classname="ptolemy.util.test.junit.TclTests" name="[1] /home/travis/build/icyphy/ptII/ptolemy/domains/de/test/RunDETestsAsQSS.tcl (RunTclFile)" time="85.227" />
  <testcase classname="ptolemy.util.test.junit.AutoKnownFailedTests" name="[0] /home/travis/build/icyphy/ptII/ptolemy/domains/de/test/auto/knownFailedTests/DESDFClockTest.xml (RunModel)" time="2.033" />
  <testcase classname="ptolemy.util.test.junit.AutoKnownFailedTests" name="[1] /home/travis/build/icyphy/ptII/ptolemy/domains/de/test/auto/knownFailedTests/DirectFeedback.xml (RunModel)" time="0.013" />
  <testcase classname="ptolemy.util.test.junit.AutoKnownFailedTests" name="[2] /home/travis/build/icyphy/ptII/ptolemy/domains/de/test/auto/knownFailedTests/FSMSource.xml (RunModel)" time="0.02" />
  <testcase classname="ptolemy.util.test.junit.AutoKnownFailedTests" name="[3] /home/travis/build/icyphy/ptII/ptolemy/domains/de/test/auto/knownFailedTests/HierarchicalModel.xml (RunModel)" time="0.03" />
  <testcase classname="ptolemy.util.test.junit.AutoKnownFailedTests" name="[4] /home/travis/build/icyphy/ptII/ptolemy/domains/de/test/auto/knownFailedTests/dependencyLoop.xml (RunModel)" time="0.023" />
  <testcase classname="ptolemy.util.test.junit.AutoKnownFailedTests" name="[5] /home/travis/build/icyphy/ptII/ptolemy/domains/de/test/auto/knownFailedTests/dependencyLoop2.xml (RunModel)" time="0.029" />
  <testcase classname="ptolemy.util.test.junit.AutoNameArchTests" name="[0] ThereAreNoAutoArchTests (RunModel)" time="0.0" />
  <testcase classname="ptolemy.util.test.junit.AutoTests" name="[0] /home/travis/build/icyphy/ptII/ptolemy/domains/de/test/auto/ActorDepthCalculation_actorWithoutPorts.xml (RunModel)" time="0.013" />
  <testcase classname="ptolemy.util.test.junit.AutoTests" name="[1] /home/travis/build/icyphy/ptII/ptolemy/domains/de/test/auto/AssemblyLine.xml (RunModel)" time="0.014" />
  <testcase classname="ptolemy.util.test.junit.AutoTests" name="[2] /home/travis/build/icyphy/ptII/ptolemy/domains/de/test/auto/CQBug1.xml (RunModel)" time="0.007" />
  <testcase classname="ptolemy.util.test.junit.AutoTests" name="[3] /home/travis/build/icyphy/ptII/ptolemy/domains/de/test/auto/CancelFireAt.xml (RunModel)" time="0.011" />
  <testcase classname="ptolemy.util.test.junit.AutoTests" name="[4] /home/travis/build/icyphy/ptII/ptolemy/domains/de/test/auto/CausalityAndComposabilityAnalysis.xml (RunModel)" time="0.008" />
  <testcase classname="ptolemy.util.test.junit.AutoTests" name="[5] /home/travis/build/icyphy/ptII/ptolemy/domains/de/test/auto/CausalityInterface1.xml (RunModel)" time="0.011" />
  <testcase classname="ptolemy.util.test.junit.AutoTests" name="[6] /home/travis/build/icyphy/ptII/ptolemy/domains/de/test/auto/CausalityInterface15.xml (RunModel)" time="0.011" />
  <testcase classname="ptolemy.util.test.junit.AutoTests" name="[7] /home/travis/build/icyphy/ptII/ptolemy/domains/de/test/auto/CausalityInterface2.xml (RunModel)" time="0.008" />
  <testcase classname="ptolemy.util.test.junit.AutoTests" name="[8] /home/travis/build/icyphy/ptII/ptolemy/domains/de/test/auto/CausalityInterface3.xml (RunModel)" time="0.009" />
  <testcase classname="ptolemy.util.test.junit.AutoTests" name="[9] /home/travis/build/icyphy/ptII/ptolemy/domains/de/test/auto/ClockDrift.xml (RunModel)" time="0.026" />
  <testcase classname="ptolemy.util.test.junit.AutoTests" name="[10] /home/travis/build/icyphy/ptII/ptolemy/domains/de/test/auto/ClockDriftAndValueChange.xml (RunModel)" time="0.024" />
  <testcase classname="ptolemy.util.test.junit.AutoTests" name="[11] /home/travis/build/icyphy/ptII/ptolemy/domains/de/test/auto/ClockDriftChange.xml (RunModel)" time="0.02" />
  <testcase classname="ptolemy.util.test.junit.AutoTests" name="[12] /home/travis/build/icyphy/ptII/ptolemy/domains/de/test/auto/ComposableCausalityAnalysis.xml (RunModel)" time="0.021" />
  <testcase classname="ptolemy.util.test.junit.AutoTests" name="[13] /home/travis/build/icyphy/ptII/ptolemy/domains/de/test/auto/DEFixedPointLimitation.xml (RunModel)" time="0.008" />
  <testcase classname="ptolemy.util.test.junit.AutoTests" name="[14] /home/travis/build/icyphy/ptII/ptolemy/domains/de/test/auto/DEScheduleTest.xml (RunModel)" time="0.008" />
  <testcase classname="ptolemy.util.test.junit.AutoTests" name="[15] /home/travis/build/icyphy/ptII/ptolemy/domains/de/test/auto/DEinDEwithStartTimes.xml (RunModel)" time="0.01" />
  <testcase classname="ptolemy.util.test.junit.AutoTests" name="[16] /home/travis/build/icyphy/ptII/ptolemy/domains/de/test/auto/DEinDEwithStartTimes2.xml (RunModel)" time="0.01" />
  <testcase classname="ptolemy.util.test.junit.AutoTests" name="[17] /home/travis/build/icyphy/ptII/ptolemy/domains/de/test/auto/DateDemo.xml (RunModel)" time="0.022" />
  <testcase classname="ptolemy.util.test.junit.AutoTests" name="[18] /home/travis/build/icyphy/ptII/ptolemy/domains/de/test/auto/DateToEvent.xml (RunModel)" time="2.03" />
  <testcase classname="ptolemy.util.test.junit.AutoTests" name="[19] /home/travis/build/icyphy/ptII/ptolemy/domains/de/test/auto/DepthTest1.xml (RunModel)" time="0.012" />
  <testcase classname="ptolemy.util.test.junit.AutoTests" name="[20] /home/travis/build/icyphy/ptII/ptolemy/domains/de/test/auto/DepthTest2.xml (RunModel)" time="0.02" />
  <testcase classname="ptolemy.util.test.junit.AutoTests" name="[21] /home/travis/build/icyphy/ptII/ptolemy/domains/de/test/auto/DepthTest3.xml (RunModel)" time="0.005" />
  <testcase classname="ptolemy.util.test.junit.AutoTests" name="[22] /home/travis/build/icyphy/ptII/ptolemy/domains/de/test/auto/DepthTest4.xml (RunModel)" time="0.007" />
  <testcase classname="ptolemy.util.test.junit.AutoTests" name="[23] /home/travis/build/icyphy/ptII/ptolemy/domains/de/test/auto/DepthTest5.xml (RunModel)" time="0.009" />
  <testcase classname="ptolemy.util.test.junit.AutoTests" name="[24] /home/travis/build/icyphy/ptII/ptolemy/domains/de/test/auto/DepthTest6.xml (RunModel)" time="0.008" />
  <testcase classname="ptolemy.util.test.junit.AutoTests" name="[25] /home/travis/build/icyphy/ptII/ptolemy/domains/de/test/auto/DepthTest7.xml (RunModel)" time="0.008" />
  <testcase classname="ptolemy.util.test.junit.AutoTests" name="[26] /home/travis/build/icyphy/ptII/ptolemy/domains/de/test/auto/EventToDate.xml (RunModel)" time="3.022" />
  <testcase classname="ptolemy.util.test.junit.AutoTests" name="[27] /home/travis/build/icyphy/ptII/ptolemy/domains/de/test/auto/FSM1.xml (RunModel)" time="0.023" />
  <testcase classname="ptolemy.util.test.junit.AutoTests" name="[28] /home/travis/build/icyphy/ptII/ptolemy/domains/de/test/auto/FSM7.xml (RunModel)" time="0.023" />
  <testcase classname="ptolemy.util.test.junit.AutoTests" name="[29] /home/travis/build/icyphy/ptII/ptolemy/domains/de/test/auto/Inspection.xml (RunModel)" time="0.029" />
  <testcase classname="ptolemy.util.test.junit.AutoTests" name="[30] /home/travis/build/icyphy/ptII/ptolemy/domains/de/test/auto/Iteration.xml (RunModel)" time="0.02" />
  <testcase classname="ptolemy.util.test.junit.AutoTests" name="[31] /home/travis/build/icyphy/ptII/ptolemy/domains/de/test/auto/LineFault.xml (RunModel)" time="0.424" />
  <testcase classname="ptolemy.util.test.junit.AutoTests" name="[32] /home/travis/build/icyphy/ptII/ptolemy/domains/de/test/auto/MergeModel1Add.xml (RunModel)" time="0.03" />
  <testcase classname="ptolemy.util.test.junit.AutoTests" name="[33] /home/travis/build/icyphy/ptII/ptolemy/domains/de/test/auto/MergeModel2Add.xml (RunModel)" time="0.023" />
  <testcase classname="ptolemy.util.test.junit.AutoTests" name="[34] /home/travis/build/icyphy/ptII/ptolemy/domains/de/test/auto/MergeModel3Add.xml (RunModel)" time="0.038" />
  <testcase classname="ptolemy.util.test.junit.AutoTests" name="[35] /home/travis/build/icyphy/ptII/ptolemy/domains/de/test/auto/MergeWithoutDiscard.xml (RunModel)" time="0.012" />
  <testcase classname="ptolemy.util.test.junit.AutoTests" name="[36] /home/travis/build/icyphy/ptII/ptolemy/domains/de/test/auto/Modal1.xml (RunModel)" time="0.028" />
  <testcase classname="ptolemy.util.test.junit.AutoTests" name="[37] /home/travis/build/icyphy/ptII/ptolemy/domains/de/test/auto/Modal2.xml (RunModel)" time="0.027" />
  <testcase classname="ptolemy.util.test.junit.AutoTests" name="[38] /home/travis/build/icyphy/ptII/ptolemy/domains/de/test/auto/Modal3.xml (RunModel)" time="0.022" />
  <testcase classname="ptolemy.util.test.junit.AutoTests" name="[39] /home/travis/build/icyphy/ptII/ptolemy/domains/de/test/auto/Modal4.xml (RunModel)" time="0.027" />
  <testcase classname="ptolemy.util.test.junit.AutoTests" name="[40] /home/travis/build/icyphy/ptII/ptolemy/domains/de/test/auto/Modal5.xml (RunModel)" time="0.027" />
  <testcase classname="ptolemy.util.test.junit.AutoTests" name="[41] /home/travis/build/icyphy/ptII/ptolemy/domains/de/test/auto/Modal6.xml (RunModel)" time="0.027" />
  <testcase classname="ptolemy.util.test.junit.AutoTests" name="[42] /home/travis/build/icyphy/ptII/ptolemy/domains/de/test/auto/Modal7.xml (RunModel)" time="0.029" />
  <testcase classname="ptolemy.util.test.junit.AutoTests" name="[43] /home/travis/build/icyphy/ptII/ptolemy/domains/de/test/auto/ModalModel.xml (RunModel)" time="0.143" />
  <testcase classname="ptolemy.util.test.junit.AutoTests" name="[44] /home/travis/build/icyphy/ptII/ptolemy/domains/de/test/auto/ModalSource.xml (RunModel)" time="0.018" />
  <testcase classname="ptolemy.util.test.junit.AutoTests" name="[45] /home/travis/build/icyphy/ptII/ptolemy/domains/de/test/auto/NonInterruptibleTimerZeroDelay.xml (RunModel)" time="0.01" />
  <testcase classname="ptolemy.util.test.junit.AutoTests" name="[46] /home/travis/build/icyphy/ptII/ptolemy/domains/de/test/auto/OpenQueueingNetwork.xml (RunModel)" time="2.204" />
  <testcase classname="ptolemy.util.test.junit.AutoTests" name="[47] /home/travis/build/icyphy/ptII/ptolemy/domains/de/test/auto/OpenQueuingNetwork.xml (RunModel)" time="0.266" />
  <testcase classname="ptolemy.util.test.junit.AutoTests" name="[48] /home/travis/build/icyphy/ptII/ptolemy/domains/de/test/auto/PeriodicSampler.xml (RunModel)" time="0.008" />
  <testcase classname="ptolemy.util.test.junit.AutoTests" name="[49] /home/travis/build/icyphy/ptII/ptolemy/domains/de/test/auto/PersistentIO.xml (RunModel)" time="0.017" />
  <testcase classname="ptolemy.util.test.junit.AutoTests" name="[50] /home/travis/build/icyphy/ptII/ptolemy/domains/de/test/auto/PortParameterResetOnInitialize.xml (RunModel)" time="0.008" />
  <testcase classname="ptolemy.util.test.junit.AutoTests" name="[51] /home/travis/build/icyphy/ptII/ptolemy/domains/de/test/auto/PortParameterUpdates.xml (RunModel)" time="0.017" />
  <testcase classname="ptolemy.util.test.junit.AutoTests" name="[52] /home/travis/build/icyphy/ptII/ptolemy/domains/de/test/auto/QueueAndServer.xml (RunModel)" time="0.019" />
  <testcase classname="ptolemy.util.test.junit.AutoTests" name="[53] /home/travis/build/icyphy/ptII/ptolemy/domains/de/test/auto/Records.xml (RunModel)" time="0.016" />
  <testcase classname="ptolemy.util.test.junit.AutoTests" name="[54] /home/travis/build/icyphy/ptII/ptolemy/domains/de/test/auto/ResetTransitionWithStartTime1.xml (RunModel)" time="0.021" />
  <testcase classname="ptolemy.util.test.junit.AutoTests" name="[55] /home/travis/build/icyphy/ptII/ptolemy/domains/de/test/auto/ResetTransitionWithStartTime2.xml (RunModel)" time="0.018" />
  <testcase classname="ptolemy.util.test.junit.AutoTests" name="[56] /home/travis/build/icyphy/ptII/ptolemy/domains/de/test/auto/ResetTransitionWithStartTime3.xml (RunModel)" time="0.019" />
  <testcase classname="ptolemy.util.test.junit.AutoTests" name="[57] /home/travis/build/icyphy/ptII/ptolemy/domains/de/test/auto/ResetTransitionWithStartTime4.xml (RunModel)" time="0.021" />
  <testcase classname="ptolemy.util.test.junit.AutoTests" name="[58] /home/travis/build/icyphy/ptII/ptolemy/domains/de/test/auto/ResettableTimer1.xml (RunModel)" time="0.01" />
  <testcase classname="ptolemy.util.test.junit.AutoTests" name="[59] /home/travis/build/icyphy/ptII/ptolemy/domains/de/test/auto/ResettableTimer2.xml (RunModel)" time="0.01" />
  <testcase classname="ptolemy.util.test.junit.AutoTests" name="[60] /home/travis/build/icyphy/ptII/ptolemy/domains/de/test/auto/ResettableTimer3.xml (RunModel)" time="0.008" />
  <testcase classname="ptolemy.util.test.junit.AutoTests" name="[61] /home/travis/build/icyphy/ptII/ptolemy/domains/de/test/auto/ResettableTimer4.xml (RunModel)" time="0.01" />
  <testcase classname="ptolemy.util.test.junit.AutoTests" name="[62] /home/travis/build/icyphy/ptII/ptolemy/domains/de/test/auto/ResettableTimer5.xml (RunModel)" time="0.011" />
  <testcase classname="ptolemy.util.test.junit.AutoTests" name="[63] /home/travis/build/icyphy/ptII/ptolemy/domains/de/test/auto/ResettableTimer6.xml (RunModel)" time="0.019" />
  <testcase classname="ptolemy.util.test.junit.AutoTests" name="[64] /home/travis/build/icyphy/ptII/ptolemy/domains/de/test/auto/ServerZeroDelay.xml (RunModel)" time="0.013" />
  <testcase classname="ptolemy.util.test.junit.AutoTests" name="[65] /home/travis/build/icyphy/ptII/ptolemy/domains/de/test/auto/SmartSender.xml (RunModel)" time="3.008" />
  <testcase classname="ptolemy.util.test.junit.AutoTests" name="[66] /home/travis/build/icyphy/ptII/ptolemy/domains/de/test/auto/ThreadedComposite.xml (RunModel)" time="0.182" />
  <testcase classname="ptolemy.util.test.junit.AutoTests" name="[67] /home/travis/build/icyphy/ptII/ptolemy/domains/de/test/auto/Time.xml (RunModel)" time="0.414" />
  <testcase classname="ptolemy.util.test.junit.AutoTests" name="[68] /home/travis/build/icyphy/ptII/ptolemy/domains/de/test/auto/TimeDelayZeroDelay.xml (RunModel)" time="0.01" />
  <testcase classname="ptolemy.util.test.junit.AutoTests" name="[69] /home/travis/build/icyphy/ptII/ptolemy/domains/de/test/auto/TimerZeroDelay.xml (RunModel)" time="0.009" />
  <testcase classname="ptolemy.util.test.junit.AutoTests" name="[70] /home/travis/build/icyphy/ptII/ptolemy/domains/de/test/auto/TimingParadox.xml (RunModel)" time="0.334" />
  <testcase classname="ptolemy.util.test.junit.AutoTests" name="[71] /home/travis/build/icyphy/ptII/ptolemy/domains/de/test/auto/TransferInputs.xml (RunModel)" time="0.009" />
  <testcase classname="ptolemy.util.test.junit.AutoTests" name="[72] /home/travis/build/icyphy/ptII/ptolemy/domains/de/test/auto/TransferOutputs2.xml (RunModel)" time="0.015" />
  <testcase classname="ptolemy.util.test.junit.AutoTests" name="[73] /home/travis/build/icyphy/ptII/ptolemy/domains/de/test/auto/Trilateration.xml (RunModel)" time="11.356" />
  <testcase classname="ptolemy.util.test.junit.AutoTests" name="[74] /home/travis/build/icyphy/ptII/ptolemy/domains/de/test/auto/TwoSigmaDelta.xml (RunModel)" time="2.218" />
  <testcase classname="ptolemy.util.test.junit.AutoTests" name="[75] /home/travis/build/icyphy/ptII/ptolemy/domains/de/test/auto/VariableDelay.xml (RunModel)" time="0.01" />
  <testcase classname="ptolemy.util.test.junit.AutoTests" name="[76] /home/travis/build/icyphy/ptII/ptolemy/domains/de/test/auto/VariableDelay2.xml (RunModel)" time="0.009" />
  <testcase classname="ptolemy.util.test.junit.AutoTests" name="[77] /home/travis/build/icyphy/ptII/ptolemy/domains/de/test/auto/VariableDelayZeroDelay.xml (RunModel)" time="0.011" />
  <testcase classname="ptolemy.util.test.junit.AutoTests" name="[78] /home/travis/build/icyphy/ptII/ptolemy/domains/de/test/auto/VariableDelayZeroDelay2.xml (RunModel)" time="0.009" />
  <testcase classname="ptolemy.util.test.junit.AutoTests" name="[79] /home/travis/build/icyphy/ptII/ptolemy/domains/de/test/auto/deInCt.xml (RunModel)" time="0.014" />
  <testcase classname="ptolemy.util.test.junit.AutoTests" name="[80] /home/travis/build/icyphy/ptII/ptolemy/domains/de/test/auto/deInCt2.xml (RunModel)" time="0.015" />
  <testcase classname="ptolemy.util.test.junit.AutoTests" name="[81] /home/travis/build/icyphy/ptII/ptolemy/domains/de/test/auto/dynamicCausalityInterface1.xml (RunModel)" time="0.018" />
  <testcase classname="ptolemy.util.test.junit.AutoTests" name="[82] /home/travis/build/icyphy/ptII/ptolemy/domains/de/test/auto/fsm_de_test.xml (RunModel)" time="0.024" />
  <testcase classname="ptolemy.util.test.junit.AutoTests" name="[83] /home/travis/build/icyphy/ptII/ptolemy/domains/de/test/auto/functionDependencyReconstruction.xml (RunModel)" time="0.03" />
  <testcase classname="ptolemy.util.test.junit.AutoTests" name="[84] /home/travis/build/icyphy/ptII/ptolemy/domains/de/test/auto/multirate.xml (RunModel)" time="0.015" />
  <testcase classname="ptolemy.util.test.junit.AutoTests" name="[85] /home/travis/build/icyphy/ptII/ptolemy/domains/de/test/auto/multirate2.xml (RunModel)" time="0.014" />
  <testcase classname="ptolemy.util.test.junit.AutoTests" name="[86] /home/travis/build/icyphy/ptII/ptolemy/domains/de/test/auto/realtime.xml (RunModel)" time="10.014" />
  <testcase classname="ptolemy.util.test.junit.AutoTests" name="[87] /home/travis/build/icyphy/ptII/ptolemy/domains/de/test/auto/relationGroup.xml (RunModel)" time="0.006" />
  <testcase classname="ptolemy.util.test.junit.AutoTests" name="[88] /home/travis/build/icyphy/ptII/ptolemy/domains/de/test/auto/relationGroup2.xml (RunModel)" time="0.006" />
  <testcase classname="ptolemy.util.test.junit.AutoTests" name="[89] /home/travis/build/icyphy/ptII/ptolemy/domains/de/test/auto/sortWithOpaquePorts.xml (RunModel)" time="0.008" />
  <testcase classname="ptolemy.util.test.junit.AutoTests" name="[90] /home/travis/build/icyphy/ptII/ptolemy/domains/de/test/auto/transferInputsandOutputs.xml (RunModel)" time="0.024" />
  <testcase classname="ptolemy.util.test.junit.AutoTests" name="[91] /home/travis/build/icyphy/ptII/ptolemy/domains/de/test/auto/triggerType.xml (RunModel)" time="0.009" />
  <system-out><![CDATA[/home/travis/build/icyphy/ptII/ptolemy/domains/de/test/DependencyLoop.tcl
testDefs.tcl: setting time out to 9000 seconds at Tue Oct 16 02:33:12 UTC 2018
13 ms. Memory: 116224K Free: 93926K (81%)
6 ms. Memory: 146944K Free: 135496K (92%)
/home/travis/build/icyphy/ptII/ptolemy/domains/de/test/RunDETestsAsQSS.tcl
Run the DE tests using ptolemy.domains.qss.test.QSSDirectorTest, which extends QSSDirector and prints a message in the constructors.
------------------ testing $PTII/ptolemy/domains/de/test/auto/knownFailedTests/dependencyLoop.xml (Known Failure) 
16 ms. Memory: 146944K Free: 132383K (90%)


==== $PTIIhome/travis/build/icyphy/ptII/ptolemy/domains/de/test/../../../../: Auto Automatic test in file $PTII/ptolemy/domains/de/test/auto/knownFailedTests/dependencyLoop.xml
==== Contents of test case:

	    # FIXME: we should use $relativeFilename here, but it
	    # might have backslashes under Windows, which causes no end
	    # of trouble.
	    createAndExecute $file
	    list {}
	
.... Test generated KNOWN error:
    while executing
ptolemy.kernel.util.IllegalActionException: Found a zero delay loop containing .dependencyLoop.original
  in .dependencyLoop and .dependencyLoop.original
	at ptolemy.actor.util.CausalityInterfaceForComposites._computeOutputPortDepth(CausalityInterfaceForComposites.java:759)
	at ptolemy.actor.util.CausalityInterfaceForComposites._computeInputDepth(CausalityInterfaceForComposites.java:696)
	at ptolemy.actor.util.CausalityInterfaceForComposites._computeOutputPortDepth(CausalityInterfaceForComposites.java:765)
	at ptolemy.actor.util.CausalityInterfaceForComposites._computeInputDepth(CausalityInterfaceForComposites.java:696)
	at ptolemy.actor.util.CausalityInterfaceForComposites._computeOutputPortDepth(CausalityInterfaceForComposites.java:765)
	at ptolemy.actor.util.CausalityInterfaceForComposites._computeInputDepth(CausalityInterfaceForComposites.java:696)
	at ptolemy.actor.util.CausalityInterfaceForComposites._computeActorDepth(CausalityInterfaceForComposites.java:532)
	at ptolemy.actor.util.CausalityInterfaceForComposites.checkForCycles(CausalityInterfaceForComposites.java:96)
	at ptolemy.domains.de.kernel.DEDirector.preinitialize(DEDirector.java:1338)
	at ptolemy.actor.CompositeActor.preinitialize(CompositeActor.java:1828)
	at ptolemy.actor.Manager.preinitializeAndResolveTypes(Manager.java:1040)
	at ptolemy.actor.Manager.initialize(Manager.java:710)
	at ptolemy.actor.Manager.execute(Manager.java:356)
	at ptolemy.actor.Manager.run(Manager.java:1263)
	at ptolemy.actor.Manager$PtolemyRunThread.run(Manager.java:1915)

    while executing
ptolemy.kernel.util.IllegalActionException: Found a zero delay loop containing .dependencyLoop.original
  in .dependencyLoop and .dependencyLoop.original
    while executing
"java::new ptolemy.moml.MoMLSimpleApplication $file
"
    (procedure "createAndExecute" line 2)
    invoked from within
"createAndExecute $file"
    ("uplevel" body line 5)
    invoked from within
"uplevel $contents_of_test"
------------------ testing $PTII/ptolemy/domains/de/test/auto/knownFailedTests/DESDFClockTest.xml (Known Failure) 
2095 ms. Memory: 146944K Free: 116552K (79%)


==== $PTIIhome/travis/build/icyphy/ptII/ptolemy/domains/de/test/../../../../: Auto Automatic test in file $PTII/ptolemy/domains/de/test/auto/knownFailedTests/DESDFClockTest.xml
==== Contents of test case:

	    # FIXME: we should use $relativeFilename here, but it
	    # might have backslashes under Windows, which causes no end
	    # of trouble.
	    createAndExecute $file
	    list {}
	
.... Test generated KNOWN error:
    while executing
ptolemy.kernel.util.IllegalActionException: Actor is not ready to fire.  Perhaps UpSample.prefire() returned false? Try debugging the actor by selecting "Listen to Actor".  Also, for SDF check moml for tokenConsumptionRate on input.
  in .DESDFClockTest.Play Bell.Copy1:SDF Director and .DESDFClockTest.Play Bell.UpSample
	at ptolemy.actor.sched.StaticSchedulingDirector.fire(StaticSchedulingDirector.java:227)
	at ptolemy.domains.sdf.kernel.SDFDirector.fire(SDFDirector.java:500)
	at ptolemy.actor.CompositeActor.fire(CompositeActor.java:455)
	at ptolemy.domains.de.kernel.DEDirector._fire(DEDirector.java:1949)
	at ptolemy.domains.de.kernel.DEDirector.fire(DEDirector.java:502)
	at ptolemy.actor.CompositeActor.fire(CompositeActor.java:455)
	at ptolemy.actor.Manager.iterate(Manager.java:851)
	at ptolemy.actor.Manager.execute(Manager.java:369)
	at ptolemy.actor.Manager.run(Manager.java:1263)
	at ptolemy.actor.Manager$PtolemyRunThread.run(Manager.java:1915)

    while executing
ptolemy.kernel.util.IllegalActionException: Actor is not ready to fire.  Perhaps UpSample.prefire() returned false? Try debugging the actor by selecting "Listen to Actor".  Also, for SDF check moml for tokenConsumptionRate on input.
  in .DESDFClockTest.Play Bell.Copy1:SDF Director and .DESDFClockTest.Play Bell.UpSample
    while executing
"java::new ptolemy.moml.MoMLSimpleApplication $file
"
    (procedure "createAndExecute" line 2)
    invoked from within
"createAndExecute $file"
    ("uplevel" body line 5)
    invoked from within
"uplevel $contents_of_test"
------------------ testing $PTII/ptolemy/domains/de/test/auto/knownFailedTests/FSMSource.xml (Known Failure) 
41 ms. Memory: 146944K Free: 106978K (73%)
!!!! Auto was marked as failing, but now passes
------------------ testing $PTII/ptolemy/domains/de/test/auto/knownFailedTests/dependencyLoop2.xml (Known Failure) 
14 ms. Memory: 146944K Free: 105095K (72%)


==== $PTIIhome/travis/build/icyphy/ptII/ptolemy/domains/de/test/../../../../: Auto Automatic test in file $PTII/ptolemy/domains/de/test/auto/knownFailedTests/dependencyLoop2.xml
==== Contents of test case:

	    # FIXME: we should use $relativeFilename here, but it
	    # might have backslashes under Windows, which causes no end
	    # of trouble.
	    createAndExecute $file
	    list {}
	
.... Test generated KNOWN error:
    while executing
ptolemy.kernel.util.IllegalActionException: Found a zero delay loop containing .dependencyLoop2.original
  in .dependencyLoop2 and .dependencyLoop2.original
	at ptolemy.actor.util.CausalityInterfaceForComposites._computeOutputPortDepth(CausalityInterfaceForComposites.java:759)
	at ptolemy.actor.util.CausalityInterfaceForComposites._computeInputDepth(CausalityInterfaceForComposites.java:696)
	at ptolemy.actor.util.CausalityInterfaceForComposites._computeOutputPortDepth(CausalityInterfaceForComposites.java:765)
	at ptolemy.actor.util.CausalityInterfaceForComposites._computeInputDepth(CausalityInterfaceForComposites.java:696)
	at ptolemy.actor.util.CausalityInterfaceForComposites._computeOutputPortDepth(CausalityInterfaceForComposites.java:765)
	at ptolemy.actor.util.CausalityInterfaceForComposites._computeInputDepth(CausalityInterfaceForComposites.java:696)
	at ptolemy.actor.util.CausalityInterfaceForComposites._computeActorDepth(CausalityInterfaceForComposites.java:532)
	at ptolemy.actor.util.CausalityInterfaceForComposites.checkForCycles(CausalityInterfaceForComposites.java:96)
	at ptolemy.domains.de.kernel.DEDirector.preinitialize(DEDirector.java:1338)
	at ptolemy.actor.CompositeActor.preinitialize(CompositeActor.java:1828)
	at ptolemy.actor.Manager.preinitializeAndResolveTypes(Manager.java:1040)
	at ptolemy.actor.Manager.initialize(Manager.java:710)
	at ptolemy.actor.Manager.execute(Manager.java:356)
	at ptolemy.actor.Manager.run(Manager.java:1263)
	at ptolemy.actor.Manager$PtolemyRunThread.run(Manager.java:1915)

    while executing
ptolemy.kernel.util.IllegalActionException: Found a zero delay loop containing .dependencyLoop2.original
  in .dependencyLoop2 and .dependencyLoop2.original
    while executing
"java::new ptolemy.moml.MoMLSimpleApplication $file
"
    (procedure "createAndExecute" line 2)
    invoked from within
"createAndExecute $file"
    ("uplevel" body line 5)
    invoked from within
"uplevel $contents_of_test"
------------------ testing $PTII/ptolemy/domains/de/test/auto/knownFailedTests/HierarchicalModel.xml (Known Failure) 
4 ms. Memory: 146944K Free: 84600K (58%)


==== $PTIIhome/travis/build/icyphy/ptII/ptolemy/domains/de/test/../../../../: Auto Automatic test in file $PTII/ptolemy/domains/de/test/auto/knownFailedTests/HierarchicalModel.xml
==== Contents of test case:

	    # FIXME: we should use $relativeFilename here, but it
	    # might have backslashes under Windows, which causes no end
	    # of trouble.
	    createAndExecute $file
	    list {}
	
.... Test generated KNOWN error:
    while executing
ptolemy.kernel.util.IllegalActionException: Found a zero delay loop containing .HierarchicalModel.A
  in .HierarchicalModel and .HierarchicalModel.A
	at ptolemy.actor.util.CausalityInterfaceForComposites._computeOutputPortDepth(CausalityInterfaceForComposites.java:759)
	at ptolemy.actor.util.CausalityInterfaceForComposites._computeInputDepth(CausalityInterfaceForComposites.java:696)
	at ptolemy.actor.util.CausalityInterfaceForComposites._computeOutputPortDepth(CausalityInterfaceForComposites.java:765)
	at ptolemy.actor.util.CausalityInterfaceForComposites._computeInputDepth(CausalityInterfaceForComposites.java:696)
	at ptolemy.actor.util.CausalityInterfaceForComposites._computeOutputPortDepth(CausalityInterfaceForComposites.java:765)
	at ptolemy.actor.util.CausalityInterfaceForComposites._computeInputDepth(CausalityInterfaceForComposites.java:696)
	at ptolemy.actor.util.CausalityInterfaceForComposites._computeActorDepth(CausalityInterfaceForComposites.java:532)
	at ptolemy.actor.util.CausalityInterfaceForComposites.checkForCycles(CausalityInterfaceForComposites.java:96)
	at ptolemy.domains.de.kernel.DEDirector.preinitialize(DEDirector.java:1338)
	at ptolemy.actor.CompositeActor.preinitialize(CompositeActor.java:1828)
	at ptolemy.actor.Manager.preinitializeAndResolveTypes(Manager.java:1040)
	at ptolemy.actor.Manager.initialize(Manager.java:710)
	at ptolemy.actor.Manager.execute(Manager.java:356)
	at ptolemy.actor.Manager.run(Manager.java:1263)
	at ptolemy.actor.Manager$PtolemyRunThread.run(Manager.java:1915)

    while executing
ptolemy.kernel.util.IllegalActionException: Found a zero delay loop containing .HierarchicalModel.A
  in .HierarchicalModel and .HierarchicalModel.A
    while executing
"java::new ptolemy.moml.MoMLSimpleApplication $file
"
    (procedure "createAndExecute" line 2)
    invoked from within
"createAndExecute $file"
    ("uplevel" body line 5)
    invoked from within
"uplevel $contents_of_test"
------------------ testing $PTII/ptolemy/domains/de/test/auto/knownFailedTests/DirectFeedback.xml (Known Failure) 
7 ms. Memory: 146944K Free: 140372K (96%)


==== $PTIIhome/travis/build/icyphy/ptII/ptolemy/domains/de/test/../../../../: Auto Automatic test in file $PTII/ptolemy/domains/de/test/auto/knownFailedTests/DirectFeedback.xml
==== Contents of test case:

	    # FIXME: we should use $relativeFilename here, but it
	    # might have backslashes under Windows, which causes no end
	    # of trouble.
	    createAndExecute $file
	    list {}
	
.... Test generated KNOWN error:
    while executing
ptolemy.kernel.util.IllegalActionException: Test fails in iteration 1.
Value was: 1.0. Should have been: 2.0
  in .DirectFeedback.Test
	at ptolemy.actor.lib.Test.fire(Test.java:268)
	at ptolemy.domains.de.kernel.DEDirector._fire(DEDirector.java:1949)
	at ptolemy.domains.de.kernel.DEDirector.fire(DEDirector.java:502)
	at ptolemy.actor.CompositeActor.fire(CompositeActor.java:455)
	at ptolemy.actor.Manager.iterate(Manager.java:851)
	at ptolemy.actor.Manager.execute(Manager.java:369)
	at ptolemy.actor.Manager.run(Manager.java:1263)
	at ptolemy.actor.Manager$PtolemyRunThread.run(Manager.java:1915)

    while executing
ptolemy.kernel.util.IllegalActionException: Test fails in iteration 1.
Value was: 1.0. Should have been: 2.0
  in .DirectFeedback.Test
    while executing
"java::new ptolemy.moml.MoMLSimpleApplication $file
"
    (procedure "createAndExecute" line 2)
    invoked from within
"createAndExecute $file"
    ("uplevel" body line 5)
    invoked from within
"uplevel $contents_of_test"
------------------ testing $PTII/ptolemy/domains/de/test/auto/ActorDepthCalculation_actorWithoutPorts.xml
auto.tcl: Setting watchdog for 200 seconds at Tue Oct 16 02:33:15 UTC 2018
4 ms. Memory: 146944K Free: 132477K (90%)
ptolemy.util.test.WatchDog.cancel(): canceling Tue Oct 16 02:33:15 UTC 2018
auto.tcl: Setting watchdog for 200 seconds at Tue Oct 16 02:33:15 UTC 2018
4 ms. Memory: 146944K Free: 131441K (89%)
ptolemy.util.test.WatchDog.cancel(): canceling Tue Oct 16 02:33:15 UTC 2018
------------------ testing $PTII/ptolemy/domains/de/test/auto/AssemblyLine.xml
auto.tcl: Setting watchdog for 200 seconds at Tue Oct 16 02:33:16 UTC 2018
16 ms. Memory: 208384K Free: 185948K (89%)
ptolemy.util.test.WatchDog.cancel(): canceling Tue Oct 16 02:33:16 UTC 2018
auto.tcl: Setting watchdog for 200 seconds at Tue Oct 16 02:33:16 UTC 2018
7 ms. Memory: 208384K Free: 185948K (89%)
ptolemy.util.test.WatchDog.cancel(): canceling Tue Oct 16 02:33:16 UTC 2018
------------------ testing $PTII/ptolemy/domains/de/test/auto/CQBug1.xml
auto.tcl: Setting watchdog for 200 seconds at Tue Oct 16 02:33:16 UTC 2018
9 ms. Memory: 208384K Free: 197746K (95%)
ptolemy.util.test.WatchDog.cancel(): canceling Tue Oct 16 02:33:16 UTC 2018
auto.tcl: Setting watchdog for 200 seconds at Tue Oct 16 02:33:16 UTC 2018
3 ms. Memory: 208384K Free: 197746K (95%)
ptolemy.util.test.WatchDog.cancel(): canceling Tue Oct 16 02:33:16 UTC 2018
------------------ testing $PTII/ptolemy/domains/de/test/auto/CancelFireAt.xml
auto.tcl: Setting watchdog for 200 seconds at Tue Oct 16 02:33:16 UTC 2018
3 ms. Memory: 208384K Free: 199362K (96%)
ptolemy.util.test.WatchDog.cancel(): canceling Tue Oct 16 02:33:16 UTC 2018
auto.tcl: Setting watchdog for 200 seconds at Tue Oct 16 02:33:16 UTC 2018
3 ms. Memory: 208384K Free: 199362K (96%)
ptolemy.util.test.WatchDog.cancel(): canceling Tue Oct 16 02:33:16 UTC 2018
------------------ testing $PTII/ptolemy/domains/de/test/auto/CausalityAndComposabilityAnalysis.xml
auto.tcl: Setting watchdog for 200 seconds at Tue Oct 16 02:33:16 UTC 2018
7 ms. Memory: 208384K Free: 196538K (94%)
ptolemy.util.test.WatchDog.cancel(): canceling Tue Oct 16 02:33:16 UTC 2018
auto.tcl: Setting watchdog for 200 seconds at Tue Oct 16 02:33:16 UTC 2018
4 ms. Memory: 208384K Free: 196538K (94%)
ptolemy.util.test.WatchDog.cancel(): canceling Tue Oct 16 02:33:16 UTC 2018
------------------ testing $PTII/ptolemy/domains/de/test/auto/CausalityInterface1.xml
auto.tcl: Setting watchdog for 200 seconds at Tue Oct 16 02:33:16 UTC 2018
15 ms. Memory: 208384K Free: 196476K (94%)
ptolemy.util.test.WatchDog.cancel(): canceling Tue Oct 16 02:33:17 UTC 2018
auto.tcl: Setting watchdog for 200 seconds at Tue Oct 16 02:33:17 UTC 2018
3 ms. Memory: 208384K Free: 196476K (94%)
ptolemy.util.test.WatchDog.cancel(): canceling Tue Oct 16 02:33:17 UTC 2018
------------------ testing $PTII/ptolemy/domains/de/test/auto/CausalityInterface15.xml
auto.tcl: Setting watchdog for 200 seconds at Tue Oct 16 02:33:17 UTC 2018
3 ms. Memory: 208384K Free: 196467K (94%)
ptolemy.util.test.WatchDog.cancel(): canceling Tue Oct 16 02:33:17 UTC 2018
auto.tcl: Setting watchdog for 200 seconds at Tue Oct 16 02:33:17 UTC 2018
4 ms. Memory: 208384K Free: 194384K (93%)
ptolemy.util.test.WatchDog.cancel(): canceling Tue Oct 16 02:33:17 UTC 2018
------------------ testing $PTII/ptolemy/domains/de/test/auto/CausalityInterface2.xml
auto.tcl: Setting watchdog for 200 seconds at Tue Oct 16 02:33:17 UTC 2018
3 ms. Memory: 208384K Free: 196789K (94%)
ptolemy.util.test.WatchDog.cancel(): canceling Tue Oct 16 02:33:17 UTC 2018
auto.tcl: Setting watchdog for 200 seconds at Tue Oct 16 02:33:17 UTC 2018
3 ms. Memory: 208384K Free: 196451K (94%)
ptolemy.util.test.WatchDog.cancel(): canceling Tue Oct 16 02:33:17 UTC 2018
------------------ testing $PTII/ptolemy/domains/de/test/auto/CausalityInterface3.xml
auto.tcl: Setting watchdog for 200 seconds at Tue Oct 16 02:33:17 UTC 2018
11 ms. Memory: 208384K Free: 196459K (94%)
ptolemy.util.test.WatchDog.cancel(): canceling Tue Oct 16 02:33:17 UTC 2018
auto.tcl: Setting watchdog for 200 seconds at Tue Oct 16 02:33:17 UTC 2018
7 ms. Memory: 208384K Free: 196459K (94%)
ptolemy.util.test.WatchDog.cancel(): canceling Tue Oct 16 02:33:17 UTC 2018
------------------ testing $PTII/ptolemy/domains/de/test/auto/ClockDrift.xml
auto.tcl: Setting watchdog for 200 seconds at Tue Oct 16 02:33:17 UTC 2018
97 ms. Memory: 208384K Free: 187740K (90%)
ptolemy.util.test.WatchDog.cancel(): canceling Tue Oct 16 02:33:17 UTC 2018
auto.tcl: Setting watchdog for 200 seconds at Tue Oct 16 02:33:17 UTC 2018
52 ms. Memory: 208384K Free: 185657K (89%)
ptolemy.util.test.WatchDog.cancel(): canceling Tue Oct 16 02:33:17 UTC 2018
------------------ testing $PTII/ptolemy/domains/de/test/auto/ClockDriftAndValueChange.xml
auto.tcl: Setting watchdog for 200 seconds at Tue Oct 16 02:33:17 UTC 2018
45 ms. Memory: 208384K Free: 187575K (90%)
ptolemy.util.test.WatchDog.cancel(): canceling Tue Oct 16 02:33:17 UTC 2018
auto.tcl: Setting watchdog for 200 seconds at Tue Oct 16 02:33:17 UTC 2018
32 ms. Memory: 208384K Free: 185491K (89%)
ptolemy.util.test.WatchDog.cancel(): canceling Tue Oct 16 02:33:17 UTC 2018
------------------ testing $PTII/ptolemy/domains/de/test/auto/ClockDriftChange.xml
auto.tcl: Setting watchdog for 200 seconds at Tue Oct 16 02:33:17 UTC 2018
30 ms. Memory: 208384K Free: 190885K (92%)
ptolemy.util.test.WatchDog.cancel(): canceling Tue Oct 16 02:33:17 UTC 2018
auto.tcl: Setting watchdog for 200 seconds at Tue Oct 16 02:33:17 UTC 2018
22 ms. Memory: 208384K Free: 188802K (91%)
ptolemy.util.test.WatchDog.cancel(): canceling Tue Oct 16 02:33:17 UTC 2018
------------------ testing $PTII/ptolemy/domains/de/test/auto/ComposableCausalityAnalysis.xml
auto.tcl: Setting watchdog for 200 seconds at Tue Oct 16 02:33:17 UTC 2018
2 ms. Memory: 208384K Free: 196318K (94%)
ptolemy.util.test.WatchDog.cancel(): canceling Tue Oct 16 02:33:17 UTC 2018
auto.tcl: Setting watchdog for 200 seconds at Tue Oct 16 02:33:17 UTC 2018
1 ms. Memory: 208384K Free: 194235K (93%)
ptolemy.util.test.WatchDog.cancel(): canceling Tue Oct 16 02:33:17 UTC 2018
------------------ testing $PTII/ptolemy/domains/de/test/auto/DEFixedPointLimitation.xml
auto.tcl: Setting watchdog for 200 seconds at Tue Oct 16 02:33:17 UTC 2018
1 ms. Memory: 208384K Free: 198482K (95%)
ptolemy.util.test.WatchDog.cancel(): canceling Tue Oct 16 02:33:18 UTC 2018
auto.tcl: Setting watchdog for 200 seconds at Tue Oct 16 02:33:18 UTC 2018
1 ms. Memory: 208384K Free: 196399K (94%)
ptolemy.util.test.WatchDog.cancel(): canceling Tue Oct 16 02:33:18 UTC 2018
------------------ testing $PTII/ptolemy/domains/de/test/auto/DEScheduleTest.xml
auto.tcl: Setting watchdog for 200 seconds at Tue Oct 16 02:33:18 UTC 2018
7 ms. Memory: 208384K Free: 198518K (95%)
ptolemy.util.test.WatchDog.cancel(): canceling Tue Oct 16 02:33:18 UTC 2018
auto.tcl: Setting watchdog for 200 seconds at Tue Oct 16 02:33:18 UTC 2018
6 ms. Memory: 208384K Free: 196435K (94%)
ptolemy.util.test.WatchDog.cancel(): canceling Tue Oct 16 02:33:18 UTC 2018
------------------ testing $PTII/ptolemy/domains/de/test/auto/DEinDEwithStartTimes.xml
auto.tcl: Setting watchdog for 200 seconds at Tue Oct 16 02:33:18 UTC 2018
6 ms. Memory: 208384K Free: 196404K (94%)
ptolemy.util.test.WatchDog.cancel(): canceling Tue Oct 16 02:33:18 UTC 2018
auto.tcl: Setting watchdog for 200 seconds at Tue Oct 16 02:33:18 UTC 2018
3 ms. Memory: 208384K Free: 194320K (93%)
ptolemy.util.test.WatchDog.cancel(): canceling Tue Oct 16 02:33:18 UTC 2018
------------------ testing $PTII/ptolemy/domains/de/test/auto/DEinDEwithStartTimes2.xml
auto.tcl: Setting watchdog for 200 seconds at Tue Oct 16 02:33:18 UTC 2018
5 ms. Memory: 208384K Free: 196721K (94%)
ptolemy.util.test.WatchDog.cancel(): canceling Tue Oct 16 02:33:18 UTC 2018
auto.tcl: Setting watchdog for 200 seconds at Tue Oct 16 02:33:18 UTC 2018
4 ms. Memory: 208384K Free: 194300K (93%)
ptolemy.util.test.WatchDog.cancel(): canceling Tue Oct 16 02:33:18 UTC 2018
------------------ testing $PTII/ptolemy/domains/de/test/auto/DateDemo.xml
auto.tcl: Setting watchdog for 200 seconds at Tue Oct 16 02:33:18 UTC 2018
10 ms. Memory: 208384K Free: 188880K (91%)
ptolemy.util.test.WatchDog.cancel(): canceling Tue Oct 16 02:33:18 UTC 2018
auto.tcl: Setting watchdog for 200 seconds at Tue Oct 16 02:33:18 UTC 2018
8 ms. Memory: 208384K Free: 186796K (90%)
ptolemy.util.test.WatchDog.cancel(): canceling Tue Oct 16 02:33:18 UTC 2018
------------------ testing $PTII/ptolemy/domains/de/test/auto/DateToEvent.xml
auto.tcl: Setting watchdog for 200 seconds at Tue Oct 16 02:33:18 UTC 2018
2015 ms. Memory: 208384K Free: 183643K (88%)
ptolemy.util.test.WatchDog.cancel(): canceling Tue Oct 16 02:33:20 UTC 2018
auto.tcl: Setting watchdog for 200 seconds at Tue Oct 16 02:33:20 UTC 2018
2004 ms. Memory: 208384K Free: 183643K (88%)
ptolemy.util.test.WatchDog.cancel(): canceling Tue Oct 16 02:33:22 UTC 2018
------------------ testing $PTII/ptolemy/domains/de/test/auto/DepthTest1.xml
auto.tcl: Setting watchdog for 200 seconds at Tue Oct 16 02:33:22 UTC 2018
2 ms. Memory: 208384K Free: 198046K (95%)
ptolemy.util.test.WatchDog.cancel(): canceling Tue Oct 16 02:33:22 UTC 2018
auto.tcl: Setting watchdog for 200 seconds at Tue Oct 16 02:33:22 UTC 2018
9 ms. Memory: 208384K Free: 198046K (95%)
ptolemy.util.test.WatchDog.cancel(): canceling Tue Oct 16 02:33:22 UTC 2018
------------------ testing $PTII/ptolemy/domains/de/test/auto/DepthTest2.xml
auto.tcl: Setting watchdog for 200 seconds at Tue Oct 16 02:33:22 UTC 2018
8 ms. Memory: 208384K Free: 191823K (92%)
ptolemy.util.test.WatchDog.cancel(): canceling Tue Oct 16 02:33:22 UTC 2018
auto.tcl: Setting watchdog for 200 seconds at Tue Oct 16 02:33:22 UTC 2018
5 ms. Memory: 208384K Free: 191823K (92%)
ptolemy.util.test.WatchDog.cancel(): canceling Tue Oct 16 02:33:22 UTC 2018
------------------ testing $PTII/ptolemy/domains/de/test/auto/DepthTest3.xml
auto.tcl: Setting watchdog for 200 seconds at Tue Oct 16 02:33:22 UTC 2018
3 ms. Memory: 208384K Free: 198718K (95%)
ptolemy.util.test.WatchDog.cancel(): canceling Tue Oct 16 02:33:22 UTC 2018
auto.tcl: Setting watchdog for 200 seconds at Tue Oct 16 02:33:22 UTC 2018
2 ms. Memory: 208384K Free: 198718K (95%)
ptolemy.util.test.WatchDog.cancel(): canceling Tue Oct 16 02:33:22 UTC 2018
------------------ testing $PTII/ptolemy/domains/de/test/auto/DepthTest4.xml
auto.tcl: Setting watchdog for 200 seconds at Tue Oct 16 02:33:22 UTC 2018
5 ms. Memory: 208384K Free: 196384K (94%)
ptolemy.util.test.WatchDog.cancel(): canceling Tue Oct 16 02:33:22 UTC 2018
auto.tcl: Setting watchdog for 200 seconds at Tue Oct 16 02:33:22 UTC 2018
2 ms. Memory: 208384K Free: 196384K (94%)
ptolemy.util.test.WatchDog.cancel(): canceling Tue Oct 16 02:33:22 UTC 2018
------------------ testing $PTII/ptolemy/domains/de/test/auto/DepthTest5.xml
auto.tcl: Setting watchdog for 200 seconds at Tue Oct 16 02:33:22 UTC 2018
5 ms. Memory: 208384K Free: 196669K (94%)
ptolemy.util.test.WatchDog.cancel(): canceling Tue Oct 16 02:33:22 UTC 2018
auto.tcl: Setting watchdog for 200 seconds at Tue Oct 16 02:33:22 UTC 2018
2 ms. Memory: 208384K Free: 196332K (94%)
ptolemy.util.test.WatchDog.cancel(): canceling Tue Oct 16 02:33:22 UTC 2018
------------------ testing $PTII/ptolemy/domains/de/test/auto/DepthTest6.xml
auto.tcl: Setting watchdog for 200 seconds at Tue Oct 16 02:33:22 UTC 2018
7 ms. Memory: 208384K Free: 196646K (94%)
ptolemy.util.test.WatchDog.cancel(): canceling Tue Oct 16 02:33:22 UTC 2018
auto.tcl: Setting watchdog for 200 seconds at Tue Oct 16 02:33:22 UTC 2018
2 ms. Memory: 208384K Free: 196646K (94%)
ptolemy.util.test.WatchDog.cancel(): canceling Tue Oct 16 02:33:22 UTC 2018
------------------ testing $PTII/ptolemy/domains/de/test/auto/DepthTest7.xml
auto.tcl: Setting watchdog for 200 seconds at Tue Oct 16 02:33:23 UTC 2018
5 ms. Memory: 208384K Free: 196289K (94%)
ptolemy.util.test.WatchDog.cancel(): canceling Tue Oct 16 02:33:23 UTC 2018
auto.tcl: Setting watchdog for 200 seconds at Tue Oct 16 02:33:23 UTC 2018
1 ms. Memory: 208384K Free: 196289K (94%)
ptolemy.util.test.WatchDog.cancel(): canceling Tue Oct 16 02:33:23 UTC 2018
------------------ testing $PTII/ptolemy/domains/de/test/auto/EventToDate.xml
auto.tcl: Setting watchdog for 200 seconds at Tue Oct 16 02:33:23 UTC 2018
3009 ms. Memory: 208384K Free: 185893K (89%)
ptolemy.util.test.WatchDog.cancel(): canceling Tue Oct 16 02:33:26 UTC 2018
auto.tcl: Setting watchdog for 200 seconds at Tue Oct 16 02:33:26 UTC 2018
3003 ms. Memory: 208384K Free: 185893K (89%)
ptolemy.util.test.WatchDog.cancel(): canceling Tue Oct 16 02:33:29 UTC 2018
------------------ testing $PTII/ptolemy/domains/de/test/auto/FSM1.xml
auto.tcl: Setting watchdog for 200 seconds at Tue Oct 16 02:33:29 UTC 2018
32 ms. Memory: 208384K Free: 189373K (91%)
ptolemy.util.test.WatchDog.cancel(): canceling Tue Oct 16 02:33:29 UTC 2018
auto.tcl: Setting watchdog for 200 seconds at Tue Oct 16 02:33:29 UTC 2018
21 ms. Memory: 208384K Free: 185203K (89%)
ptolemy.util.test.WatchDog.cancel(): canceling Tue Oct 16 02:33:29 UTC 2018
------------------ testing $PTII/ptolemy/domains/de/test/auto/FSM7.xml
auto.tcl: Setting watchdog for 200 seconds at Tue Oct 16 02:33:29 UTC 2018
25 ms. Memory: 208384K Free: 187491K (90%)
ptolemy.util.test.WatchDog.cancel(): canceling Tue Oct 16 02:33:29 UTC 2018
auto.tcl: Setting watchdog for 200 seconds at Tue Oct 16 02:33:29 UTC 2018
20 ms. Memory: 208384K Free: 185407K (89%)
ptolemy.util.test.WatchDog.cancel(): canceling Tue Oct 16 02:33:29 UTC 2018
------------------ testing $PTII/ptolemy/domains/de/test/auto/Inspection.xml
auto.tcl: Setting watchdog for 200 seconds at Tue Oct 16 02:33:29 UTC 2018
41 ms. Memory: 208384K Free: 188834K (91%)
ptolemy.util.test.WatchDog.cancel(): canceling Tue Oct 16 02:33:29 UTC 2018
auto.tcl: Setting watchdog for 200 seconds at Tue Oct 16 02:33:29 UTC 2018
19 ms. Memory: 208384K Free: 186413K (89%)
ptolemy.util.test.WatchDog.cancel(): canceling Tue Oct 16 02:33:29 UTC 2018
------------------ testing $PTII/ptolemy/domains/de/test/auto/Iteration.xml
auto.tcl: Setting watchdog for 200 seconds at Tue Oct 16 02:33:29 UTC 2018
7 ms. Memory: 208384K Free: 194121K (93%)
ptolemy.util.test.WatchDog.cancel(): canceling Tue Oct 16 02:33:29 UTC 2018
auto.tcl: Setting watchdog for 200 seconds at Tue Oct 16 02:33:29 UTC 2018
6 ms. Memory: 208384K Free: 194121K (93%)
ptolemy.util.test.WatchDog.cancel(): canceling Tue Oct 16 02:33:29 UTC 2018
------------------ testing $PTII/ptolemy/domains/de/test/auto/LineFault.xml
auto.tcl: Setting watchdog for 200 seconds at Tue Oct 16 02:33:29 UTC 2018
540 ms. Memory: 208384K Free: 196073K (94%)
ptolemy.util.test.WatchDog.cancel(): canceling Tue Oct 16 02:33:30 UTC 2018
auto.tcl: Setting watchdog for 200 seconds at Tue Oct 16 02:33:30 UTC 2018
421 ms. Memory: 208384K Free: 139097K (67%)
ptolemy.util.test.WatchDog.cancel(): canceling Tue Oct 16 02:33:30 UTC 2018
------------------ testing $PTII/ptolemy/domains/de/test/auto/MergeModel1Add.xml
auto.tcl: Setting watchdog for 200 seconds at Tue Oct 16 02:33:30 UTC 2018
13 ms. Memory: 331264K Free: 302609K (91%)
ptolemy.util.test.WatchDog.cancel(): canceling Tue Oct 16 02:33:31 UTC 2018
auto.tcl: Setting watchdog for 200 seconds at Tue Oct 16 02:33:31 UTC 2018
12 ms. Memory: 331264K Free: 298669K (90%)
ptolemy.util.test.WatchDog.cancel(): canceling Tue Oct 16 02:33:31 UTC 2018
------------------ testing $PTII/ptolemy/domains/de/test/auto/MergeModel2Add.xml
auto.tcl: Setting watchdog for 200 seconds at Tue Oct 16 02:33:31 UTC 2018
6 ms. Memory: 331264K Free: 303949K (92%)
ptolemy.util.test.WatchDog.cancel(): canceling Tue Oct 16 02:33:31 UTC 2018
auto.tcl: Setting watchdog for 200 seconds at Tue Oct 16 02:33:31 UTC 2018
10 ms. Memory: 331264K Free: 299992K (91%)
ptolemy.util.test.WatchDog.cancel(): canceling Tue Oct 16 02:33:31 UTC 2018
------------------ testing $PTII/ptolemy/domains/de/test/auto/MergeModel3Add.xml
auto.tcl: Setting watchdog for 200 seconds at Tue Oct 16 02:33:31 UTC 2018
10 ms. Memory: 331264K Free: 303967K (92%)
ptolemy.util.test.WatchDog.cancel(): canceling Tue Oct 16 02:33:31 UTC 2018
auto.tcl: Setting watchdog for 200 seconds at Tue Oct 16 02:33:31 UTC 2018
11 ms. Memory: 331264K Free: 300010K (91%)
ptolemy.util.test.WatchDog.cancel(): canceling Tue Oct 16 02:33:31 UTC 2018
------------------ testing $PTII/ptolemy/domains/de/test/auto/MergeWithoutDiscard.xml
auto.tcl: Setting watchdog for 200 seconds at Tue Oct 16 02:33:31 UTC 2018
2 ms. Memory: 331264K Free: 316079K (95%)
ptolemy.util.test.WatchDog.cancel(): canceling Tue Oct 16 02:33:31 UTC 2018
auto.tcl: Setting watchdog for 200 seconds at Tue Oct 16 02:33:31 UTC 2018
1 ms. Memory: 331264K Free: 315794K (95%)
ptolemy.util.test.WatchDog.cancel(): canceling Tue Oct 16 02:33:31 UTC 2018
------------------ testing $PTII/ptolemy/domains/de/test/auto/Modal1.xml
auto.tcl: Setting watchdog for 200 seconds at Tue Oct 16 02:33:31 UTC 2018
21 ms. Memory: 331264K Free: 309678K (93%)
ptolemy.util.test.WatchDog.cancel(): canceling Tue Oct 16 02:33:31 UTC 2018
auto.tcl: Setting watchdog for 200 seconds at Tue Oct 16 02:33:31 UTC 2018
19 ms. Memory: 331264K Free: 300822K (91%)
ptolemy.util.test.WatchDog.cancel(): canceling Tue Oct 16 02:33:31 UTC 2018
------------------ testing $PTII/ptolemy/domains/de/test/auto/Modal2.xml
auto.tcl: Setting watchdog for 200 seconds at Tue Oct 16 02:33:31 UTC 2018
15 ms. Memory: 331264K Free: 309583K (93%)
ptolemy.util.test.WatchDog.cancel(): canceling Tue Oct 16 02:33:31 UTC 2018
auto.tcl: Setting watchdog for 200 seconds at Tue Oct 16 02:33:31 UTC 2018
16 ms. Memory: 331264K Free: 305642K (92%)
ptolemy.util.test.WatchDog.cancel(): canceling Tue Oct 16 02:33:31 UTC 2018
------------------ testing $PTII/ptolemy/domains/de/test/auto/Modal3.xml
auto.tcl: Setting watchdog for 200 seconds at Tue Oct 16 02:33:31 UTC 2018
14 ms. Memory: 331264K Free: 309834K (94%)
ptolemy.util.test.WatchDog.cancel(): canceling Tue Oct 16 02:33:31 UTC 2018
auto.tcl: Setting watchdog for 200 seconds at Tue Oct 16 02:33:31 UTC 2018
12 ms. Memory: 331264K Free: 305600K (92%)
ptolemy.util.test.WatchDog.cancel(): canceling Tue Oct 16 02:33:31 UTC 2018
------------------ testing $PTII/ptolemy/domains/de/test/auto/Modal4.xml
auto.tcl: Setting watchdog for 200 seconds at Tue Oct 16 02:33:31 UTC 2018
30 ms. Memory: 331264K Free: 309570K (93%)
ptolemy.util.test.WatchDog.cancel(): canceling Tue Oct 16 02:33:31 UTC 2018
auto.tcl: Setting watchdog for 200 seconds at Tue Oct 16 02:33:31 UTC 2018
15 ms. Memory: 331264K Free: 305629K (92%)
ptolemy.util.test.WatchDog.cancel(): canceling Tue Oct 16 02:33:31 UTC 2018
------------------ testing $PTII/ptolemy/domains/de/test/auto/Modal5.xml
auto.tcl: Setting watchdog for 200 seconds at Tue Oct 16 02:33:31 UTC 2018
10 ms. Memory: 331264K Free: 309557K (93%)
ptolemy.util.test.WatchDog.cancel(): canceling Tue Oct 16 02:33:31 UTC 2018
auto.tcl: Setting watchdog for 200 seconds at Tue Oct 16 02:33:31 UTC 2018
11 ms. Memory: 331264K Free: 305600K (92%)
ptolemy.util.test.WatchDog.cancel(): canceling Tue Oct 16 02:33:31 UTC 2018
------------------ testing $PTII/ptolemy/domains/de/test/auto/Modal6.xml
auto.tcl: Setting watchdog for 200 seconds at Tue Oct 16 02:33:31 UTC 2018
10 ms. Memory: 331264K Free: 309561K (93%)
ptolemy.util.test.WatchDog.cancel(): canceling Tue Oct 16 02:33:32 UTC 2018
auto.tcl: Setting watchdog for 200 seconds at Tue Oct 16 02:33:32 UTC 2018
12 ms. Memory: 331264K Free: 305621K (92%)
ptolemy.util.test.WatchDog.cancel(): canceling Tue Oct 16 02:33:32 UTC 2018
------------------ testing $PTII/ptolemy/domains/de/test/auto/Modal7.xml
auto.tcl: Setting watchdog for 200 seconds at Tue Oct 16 02:33:32 UTC 2018
8 ms. Memory: 331264K Free: 309530K (93%)
ptolemy.util.test.WatchDog.cancel(): canceling Tue Oct 16 02:33:32 UTC 2018
auto.tcl: Setting watchdog for 200 seconds at Tue Oct 16 02:33:32 UTC 2018
8 ms. Memory: 331264K Free: 305581K (92%)
ptolemy.util.test.WatchDog.cancel(): canceling Tue Oct 16 02:33:32 UTC 2018
------------------ testing $PTII/ptolemy/domains/de/test/auto/ModalModel.xml
auto.tcl: Setting watchdog for 200 seconds at Tue Oct 16 02:33:32 UTC 2018
195 ms. Memory: 331264K Free: 248339K (75%)
ptolemy.util.test.WatchDog.cancel(): canceling Tue Oct 16 02:33:32 UTC 2018
auto.tcl: Setting watchdog for 200 seconds at Tue Oct 16 02:33:32 UTC 2018
165 ms. Memory: 331264K Free: 192986K (58%)
ptolemy.util.test.WatchDog.cancel(): canceling Tue Oct 16 02:33:32 UTC 2018
------------------ testing $PTII/ptolemy/domains/de/test/auto/ModalSource.xml
auto.tcl: Setting watchdog for 200 seconds at Tue Oct 16 02:33:32 UTC 2018
6 ms. Memory: 331264K Free: 316295K (95%)
ptolemy.util.test.WatchDog.cancel(): canceling Tue Oct 16 02:33:32 UTC 2018
auto.tcl: Setting watchdog for 200 seconds at Tue Oct 16 02:33:32 UTC 2018
5 ms. Memory: 331264K Free: 312767K (94%)
ptolemy.util.test.WatchDog.cancel(): canceling Tue Oct 16 02:33:32 UTC 2018
------------------ testing $PTII/ptolemy/domains/de/test/auto/NonInterruptibleTimerZeroDelay.xml
auto.tcl: Setting watchdog for 200 seconds at Tue Oct 16 02:33:32 UTC 2018
4 ms. Memory: 331264K Free: 320668K (97%)
ptolemy.util.test.WatchDog.cancel(): canceling Tue Oct 16 02:33:32 UTC 2018
auto.tcl: Setting watchdog for 200 seconds at Tue Oct 16 02:33:32 UTC 2018
3 ms. Memory: 331264K Free: 317140K (96%)
ptolemy.util.test.WatchDog.cancel(): canceling Tue Oct 16 02:33:32 UTC 2018
------------------ testing $PTII/ptolemy/domains/de/test/auto/OpenQueueingNetwork.xml
auto.tcl: Setting watchdog for 200 seconds at Tue Oct 16 02:33:32 UTC 2018
2609 ms. Memory: 573952K Free: 414164K (72%)
ptolemy.util.test.WatchDog.cancel(): canceling Tue Oct 16 02:33:35 UTC 2018
auto.tcl: Setting watchdog for 200 seconds at Tue Oct 16 02:33:35 UTC 2018
2115 ms. Memory: 550912K Free: 327242K (59%)
ptolemy.util.test.WatchDog.cancel(): canceling Tue Oct 16 02:33:37 UTC 2018
------------------ testing $PTII/ptolemy/domains/de/test/auto/OpenQueuingNetwork.xml
auto.tcl: Setting watchdog for 200 seconds at Tue Oct 16 02:33:37 UTC 2018
218 ms. Memory: 549888K Free: 445495K (81%)
ptolemy.util.test.WatchDog.cancel(): canceling Tue Oct 16 02:33:37 UTC 2018
auto.tcl: Setting watchdog for 200 seconds at Tue Oct 16 02:33:37 UTC 2018
204 ms. Memory: 549888K Free: 385765K (70%)
ptolemy.util.test.WatchDog.cancel(): canceling Tue Oct 16 02:33:38 UTC 2018
------------------ testing $PTII/ptolemy/domains/de/test/auto/PeriodicSampler.xml
auto.tcl: Setting watchdog for 200 seconds at Tue Oct 16 02:33:38 UTC 2018
2 ms. Memory: 551936K Free: 531924K (96%)
ptolemy.util.test.WatchDog.cancel(): canceling Tue Oct 16 02:33:38 UTC 2018
auto.tcl: Setting watchdog for 200 seconds at Tue Oct 16 02:33:38 UTC 2018
2 ms. Memory: 551936K Free: 531924K (96%)
ptolemy.util.test.WatchDog.cancel(): canceling Tue Oct 16 02:33:38 UTC 2018
------------------ testing $PTII/ptolemy/domains/de/test/auto/PersistentIO.xml
auto.tcl: Setting watchdog for 200 seconds at Tue Oct 16 02:33:38 UTC 2018
9 ms. Memory: 549376K Free: 524517K (95%)
ptolemy.util.test.WatchDog.cancel(): canceling Tue Oct 16 02:33:38 UTC 2018
auto.tcl: Setting watchdog for 200 seconds at Tue Oct 16 02:33:38 UTC 2018
4 ms. Memory: 549376K Free: 524517K (95%)
ptolemy.util.test.WatchDog.cancel(): canceling Tue Oct 16 02:33:38 UTC 2018
------------------ testing $PTII/ptolemy/domains/de/test/auto/PortParameterResetOnInitialize.xml
auto.tcl: Setting watchdog for 200 seconds at Tue Oct 16 02:33:38 UTC 2018
2 ms. Memory: 551424K Free: 531643K (96%)
ptolemy.util.test.WatchDog.cancel(): canceling Tue Oct 16 02:33:38 UTC 2018
auto.tcl: Setting watchdog for 200 seconds at Tue Oct 16 02:33:38 UTC 2018
1 ms. Memory: 551424K Free: 522284K (95%)
ptolemy.util.test.WatchDog.cancel(): canceling Tue Oct 16 02:33:38 UTC 2018
------------------ testing $PTII/ptolemy/domains/de/test/auto/PortParameterUpdates.xml
auto.tcl: Setting watchdog for 200 seconds at Tue Oct 16 02:33:38 UTC 2018
5 ms. Memory: 549376K Free: 534637K (97%)
ptolemy.util.test.WatchDog.cancel(): canceling Tue Oct 16 02:33:38 UTC 2018
auto.tcl: Setting watchdog for 200 seconds at Tue Oct 16 02:33:38 UTC 2018
5 ms. Memory: 549376K Free: 529207K (96%)
ptolemy.util.test.WatchDog.cancel(): canceling Tue Oct 16 02:33:38 UTC 2018
------------------ testing $PTII/ptolemy/domains/de/test/auto/QueueAndServer.xml
auto.tcl: Setting watchdog for 200 seconds at Tue Oct 16 02:33:38 UTC 2018
5 ms. Memory: 551424K Free: 530972K (96%)
ptolemy.util.test.WatchDog.cancel(): canceling Tue Oct 16 02:33:38 UTC 2018
auto.tcl: Setting watchdog for 200 seconds at Tue Oct 16 02:33:38 UTC 2018
5 ms. Memory: 551424K Free: 530972K (96%)
ptolemy.util.test.WatchDog.cancel(): canceling Tue Oct 16 02:33:38 UTC 2018
------------------ testing $PTII/ptolemy/domains/de/test/auto/Records.xml
auto.tcl: Setting watchdog for 200 seconds at Tue Oct 16 02:33:38 UTC 2018
7 ms. Memory: 549376K Free: 534312K (97%)
ptolemy.util.test.WatchDog.cancel(): canceling Tue Oct 16 02:33:38 UTC 2018
auto.tcl: Setting watchdog for 200 seconds at Tue Oct 16 02:33:38 UTC 2018
2 ms. Memory: 549376K Free: 528882K (96%)
ptolemy.util.test.WatchDog.cancel(): canceling Tue Oct 16 02:33:38 UTC 2018
------------------ testing $PTII/ptolemy/domains/de/test/auto/ResetTransitionWithStartTime1.xml
auto.tcl: Setting watchdog for 200 seconds at Tue Oct 16 02:33:38 UTC 2018
12 ms. Memory: 551424K Free: 531169K (96%)
ptolemy.util.test.WatchDog.cancel(): canceling Tue Oct 16 02:33:38 UTC 2018
auto.tcl: Setting watchdog for 200 seconds at Tue Oct 16 02:33:38 UTC 2018
5 ms. Memory: 551424K Free: 531169K (96%)
ptolemy.util.test.WatchDog.cancel(): canceling Tue Oct 16 02:33:38 UTC 2018
------------------ testing $PTII/ptolemy/domains/de/test/auto/ResetTransitionWithStartTime2.xml
auto.tcl: Setting watchdog for 200 seconds at Tue Oct 16 02:33:38 UTC 2018
10 ms. Memory: 549376K Free: 529112K (96%)
ptolemy.util.test.WatchDog.cancel(): canceling Tue Oct 16 02:33:38 UTC 2018
auto.tcl: Setting watchdog for 200 seconds at Tue Oct 16 02:33:38 UTC 2018
4 ms. Memory: 549376K Free: 529112K (96%)
ptolemy.util.test.WatchDog.cancel(): canceling Tue Oct 16 02:33:38 UTC 2018
------------------ testing $PTII/ptolemy/domains/de/test/auto/ResetTransitionWithStartTime3.xml
auto.tcl: Setting watchdog for 200 seconds at Tue Oct 16 02:33:38 UTC 2018
5 ms. Memory: 550912K Free: 525738K (95%)
ptolemy.util.test.WatchDog.cancel(): canceling Tue Oct 16 02:33:38 UTC 2018
auto.tcl: Setting watchdog for 200 seconds at Tue Oct 16 02:33:38 UTC 2018
5 ms. Memory: 550912K Free: 525738K (95%)
ptolemy.util.test.WatchDog.cancel(): canceling Tue Oct 16 02:33:38 UTC 2018
------------------ testing $PTII/ptolemy/domains/de/test/auto/ResetTransitionWithStartTime4.xml
auto.tcl: Setting watchdog for 200 seconds at Tue Oct 16 02:33:38 UTC 2018
4 ms. Memory: 549376K Free: 528880K (96%)
ptolemy.util.test.WatchDog.cancel(): canceling Tue Oct 16 02:33:38 UTC 2018
auto.tcl: Setting watchdog for 200 seconds at Tue Oct 16 02:33:38 UTC 2018
3 ms. Memory: 549376K Free: 528880K (96%)
ptolemy.util.test.WatchDog.cancel(): canceling Tue Oct 16 02:33:38 UTC 2018
------------------ testing $PTII/ptolemy/domains/de/test/auto/ResettableTimer1.xml
auto.tcl: Setting watchdog for 200 seconds at Tue Oct 16 02:33:38 UTC 2018
5 ms. Memory: 550912K Free: 536087K (97%)
ptolemy.util.test.WatchDog.cancel(): canceling Tue Oct 16 02:33:38 UTC 2018
auto.tcl: Setting watchdog for 200 seconds at Tue Oct 16 02:33:38 UTC 2018
1 ms. Memory: 550912K Free: 536087K (97%)
ptolemy.util.test.WatchDog.cancel(): canceling Tue Oct 16 02:33:38 UTC 2018
------------------ testing $PTII/ptolemy/domains/de/test/auto/ResettableTimer2.xml
auto.tcl: Setting watchdog for 200 seconds at Tue Oct 16 02:33:39 UTC 2018
3 ms. Memory: 549376K Free: 529930K (96%)
ptolemy.util.test.WatchDog.cancel(): canceling Tue Oct 16 02:33:39 UTC 2018
auto.tcl: Setting watchdog for 200 seconds at Tue Oct 16 02:33:39 UTC 2018
2 ms. Memory: 549376K Free: 529930K (96%)
ptolemy.util.test.WatchDog.cancel(): canceling Tue Oct 16 02:33:39 UTC 2018
------------------ testing $PTII/ptolemy/domains/de/test/auto/ResettableTimer3.xml
auto.tcl: Setting watchdog for 200 seconds at Tue Oct 16 02:33:39 UTC 2018
1 ms. Memory: 550912K Free: 531236K (96%)
ptolemy.util.test.WatchDog.cancel(): canceling Tue Oct 16 02:33:39 UTC 2018
auto.tcl: Setting watchdog for 200 seconds at Tue Oct 16 02:33:39 UTC 2018
1 ms. Memory: 550912K Free: 531236K (96%)
ptolemy.util.test.WatchDog.cancel(): canceling Tue Oct 16 02:33:39 UTC 2018
------------------ testing $PTII/ptolemy/domains/de/test/auto/ResettableTimer4.xml
auto.tcl: Setting watchdog for 200 seconds at Tue Oct 16 02:33:39 UTC 2018
1 ms. Memory: 549376K Free: 534622K (97%)
ptolemy.util.test.WatchDog.cancel(): canceling Tue Oct 16 02:33:39 UTC 2018
auto.tcl: Setting watchdog for 200 seconds at Tue Oct 16 02:33:39 UTC 2018
1 ms. Memory: 549376K Free: 534622K (97%)
ptolemy.util.test.WatchDog.cancel(): canceling Tue Oct 16 02:33:39 UTC 2018
------------------ testing $PTII/ptolemy/domains/de/test/auto/ResettableTimer5.xml
auto.tcl: Setting watchdog for 200 seconds at Tue Oct 16 02:33:39 UTC 2018
2 ms. Memory: 550400K Free: 530965K (96%)
ptolemy.util.test.WatchDog.cancel(): canceling Tue Oct 16 02:33:39 UTC 2018
auto.tcl: Setting watchdog for 200 seconds at Tue Oct 16 02:33:39 UTC 2018
1 ms. Memory: 550400K Free: 530965K (96%)
ptolemy.util.test.WatchDog.cancel(): canceling Tue Oct 16 02:33:39 UTC 2018
------------------ testing $PTII/ptolemy/domains/de/test/auto/ResettableTimer6.xml
auto.tcl: Setting watchdog for 200 seconds at Tue Oct 16 02:33:39 UTC 2018
3 ms. Memory: 549376K Free: 529660K (96%)
ptolemy.util.test.WatchDog.cancel(): canceling Tue Oct 16 02:33:39 UTC 2018
auto.tcl: Setting watchdog for 200 seconds at Tue Oct 16 02:33:39 UTC 2018
2 ms. Memory: 549376K Free: 529660K (96%)
ptolemy.util.test.WatchDog.cancel(): canceling Tue Oct 16 02:33:39 UTC 2018
------------------ testing $PTII/ptolemy/domains/de/test/auto/ServerZeroDelay.xml
auto.tcl: Setting watchdog for 200 seconds at Tue Oct 16 02:33:39 UTC 2018
3 ms. Memory: 550400K Free: 535584K (97%)
ptolemy.util.test.WatchDog.cancel(): canceling Tue Oct 16 02:33:39 UTC 2018
auto.tcl: Setting watchdog for 200 seconds at Tue Oct 16 02:33:39 UTC 2018
2 ms. Memory: 550400K Free: 535584K (97%)
ptolemy.util.test.WatchDog.cancel(): canceling Tue Oct 16 02:33:39 UTC 2018
------------------ testing $PTII/ptolemy/domains/de/test/auto/SmartSender.xml
auto.tcl: Setting watchdog for 200 seconds at Tue Oct 16 02:33:39 UTC 2018
3001 ms. Memory: 549376K Free: 529876K (96%)
ptolemy.util.test.WatchDog.cancel(): canceling Tue Oct 16 02:33:42 UTC 2018
auto.tcl: Setting watchdog for 200 seconds at Tue Oct 16 02:33:42 UTC 2018
3001 ms. Memory: 549376K Free: 529876K (96%)
ptolemy.util.test.WatchDog.cancel(): canceling Tue Oct 16 02:33:45 UTC 2018
------------------ testing $PTII/ptolemy/domains/de/test/auto/ThreadedComposite.xml
auto.tcl: Setting watchdog for 200 seconds at Tue Oct 16 02:33:45 UTC 2018
186 ms. Memory: 550400K Free: 510449K (93%)
ptolemy.util.test.WatchDog.cancel(): canceling Tue Oct 16 02:33:45 UTC 2018
auto.tcl: Setting watchdog for 200 seconds at Tue Oct 16 02:33:45 UTC 2018
110 ms. Memory: 550400K Free: 495659K (90%)
ptolemy.util.test.WatchDog.cancel(): canceling Tue Oct 16 02:33:45 UTC 2018
------------------ testing $PTII/ptolemy/domains/de/test/auto/Time.xml
auto.tcl: Setting watchdog for 200 seconds at Tue Oct 16 02:33:45 UTC 2018
482 ms. Memory: 549376K Free: 482574K (88%)
ptolemy.util.test.WatchDog.cancel(): canceling Tue Oct 16 02:33:46 UTC 2018
auto.tcl: Setting watchdog for 200 seconds at Tue Oct 16 02:33:46 UTC 2018
469 ms. Memory: 549376K Free: 422845K (77%)
ptolemy.util.test.WatchDog.cancel(): canceling Tue Oct 16 02:33:46 UTC 2018
------------------ testing $PTII/ptolemy/domains/de/test/auto/TimeDelayZeroDelay.xml
auto.tcl: Setting watchdog for 200 seconds at Tue Oct 16 02:33:46 UTC 2018
2 ms. Memory: 550400K Free: 535273K (97%)
ptolemy.util.test.WatchDog.cancel(): canceling Tue Oct 16 02:33:46 UTC 2018
auto.tcl: Setting watchdog for 200 seconds at Tue Oct 16 02:33:46 UTC 2018
2 ms. Memory: 550400K Free: 535273K (97%)
ptolemy.util.test.WatchDog.cancel(): canceling Tue Oct 16 02:33:46 UTC 2018
------------------ testing $PTII/ptolemy/domains/de/test/auto/TimerZeroDelay.xml
auto.tcl: Setting watchdog for 200 seconds at Tue Oct 16 02:33:46 UTC 2018
2 ms. Memory: 549376K Free: 534522K (97%)
ptolemy.util.test.WatchDog.cancel(): canceling Tue Oct 16 02:33:46 UTC 2018
auto.tcl: Setting watchdog for 200 seconds at Tue Oct 16 02:33:46 UTC 2018
2 ms. Memory: 549376K Free: 534522K (97%)
ptolemy.util.test.WatchDog.cancel(): canceling Tue Oct 16 02:33:46 UTC 2018
------------------ testing $PTII/ptolemy/domains/de/test/auto/TimingParadox.xml
auto.tcl: Setting watchdog for 200 seconds at Tue Oct 16 02:33:46 UTC 2018
339 ms. Memory: 549888K Free: 469442K (85%)
ptolemy.util.test.WatchDog.cancel(): canceling Tue Oct 16 02:33:47 UTC 2018
auto.tcl: Setting watchdog for 200 seconds at Tue Oct 16 02:33:47 UTC 2018
337 ms. Memory: 549888K Free: 431433K (78%)
ptolemy.util.test.WatchDog.cancel(): canceling Tue Oct 16 02:33:47 UTC 2018
------------------ testing $PTII/ptolemy/domains/de/test/auto/TransferInputs.xml
auto.tcl: Setting watchdog for 200 seconds at Tue Oct 16 02:33:47 UTC 2018
1 ms. Memory: 549888K Free: 533938K (97%)
ptolemy.util.test.WatchDog.cancel(): canceling Tue Oct 16 02:33:47 UTC 2018
auto.tcl: Setting watchdog for 200 seconds at Tue Oct 16 02:33:47 UTC 2018
2 ms. Memory: 549888K Free: 533938K (97%)
ptolemy.util.test.WatchDog.cancel(): canceling Tue Oct 16 02:33:47 UTC 2018
------------------ testing $PTII/ptolemy/domains/de/test/auto/TransferOutputs2.xml
auto.tcl: Setting watchdog for 200 seconds at Tue Oct 16 02:33:47 UTC 2018
4 ms. Memory: 549376K Free: 524411K (95%)
ptolemy.util.test.WatchDog.cancel(): canceling Tue Oct 16 02:33:47 UTC 2018
auto.tcl: Setting watchdog for 200 seconds at Tue Oct 16 02:33:47 UTC 2018
3 ms. Memory: 549376K Free: 524411K (95%)
ptolemy.util.test.WatchDog.cancel(): canceling Tue Oct 16 02:33:47 UTC 2018
------------------ testing $PTII/ptolemy/domains/de/test/auto/Trilateration.xml
auto.tcl: Setting watchdog for 200 seconds at Tue Oct 16 02:33:47 UTC 2018
13158 ms. Memory: 766976K Free: 239963K (31%)
ptolemy.util.test.WatchDog.cancel(): canceling Tue Oct 16 02:34:01 UTC 2018
auto.tcl: Setting watchdog for 200 seconds at Tue Oct 16 02:34:01 UTC 2018
10478 ms. Memory: 646144K Free: 98759K (15%)
ptolemy.util.test.WatchDog.cancel(): canceling Tue Oct 16 02:34:12 UTC 2018
------------------ testing $PTII/ptolemy/domains/de/test/auto/TwoSigmaDelta.xml
auto.tcl: Setting watchdog for 200 seconds at Tue Oct 16 02:34:12 UTC 2018
2607 ms. Memory: 649728K Free: 342334K (53%)
ptolemy.util.test.WatchDog.cancel(): canceling Tue Oct 16 02:34:15 UTC 2018
auto.tcl: Setting watchdog for 200 seconds at Tue Oct 16 02:34:15 UTC 2018
1947 ms. Memory: 649728K Free: 116681K (18%)
ptolemy.util.test.WatchDog.cancel(): canceling Tue Oct 16 02:34:17 UTC 2018
------------------ testing $PTII/ptolemy/domains/de/test/auto/VariableDelay.xml
auto.tcl: Setting watchdog for 200 seconds at Tue Oct 16 02:34:17 UTC 2018
5 ms. Memory: 646656K Free: 627139K (97%)
ptolemy.util.test.WatchDog.cancel(): canceling Tue Oct 16 02:34:17 UTC 2018
auto.tcl: Setting watchdog for 200 seconds at Tue Oct 16 02:34:17 UTC 2018
2 ms. Memory: 646656K Free: 627139K (97%)
ptolemy.util.test.WatchDog.cancel(): canceling Tue Oct 16 02:34:17 UTC 2018
------------------ testing $PTII/ptolemy/domains/de/test/auto/VariableDelay2.xml
auto.tcl: Setting watchdog for 200 seconds at Tue Oct 16 02:34:17 UTC 2018
2 ms. Memory: 646144K Free: 627073K (97%)
ptolemy.util.test.WatchDog.cancel(): canceling Tue Oct 16 02:34:17 UTC 2018
auto.tcl: Setting watchdog for 200 seconds at Tue Oct 16 02:34:17 UTC 2018
2 ms. Memory: 646144K Free: 627073K (97%)
ptolemy.util.test.WatchDog.cancel(): canceling Tue Oct 16 02:34:17 UTC 2018
------------------ testing $PTII/ptolemy/domains/de/test/auto/VariableDelayZeroDelay.xml
auto.tcl: Setting watchdog for 200 seconds at Tue Oct 16 02:34:17 UTC 2018
2 ms. Memory: 646144K Free: 621424K (96%)
ptolemy.util.test.WatchDog.cancel(): canceling Tue Oct 16 02:34:17 UTC 2018
auto.tcl: Setting watchdog for 200 seconds at Tue Oct 16 02:34:17 UTC 2018
1 ms. Memory: 646144K Free: 621424K (96%)
ptolemy.util.test.WatchDog.cancel(): canceling Tue Oct 16 02:34:17 UTC 2018
------------------ testing $PTII/ptolemy/domains/de/test/auto/VariableDelayZeroDelay2.xml
auto.tcl: Setting watchdog for 200 seconds at Tue Oct 16 02:34:17 UTC 2018
2 ms. Memory: 649216K Free: 624494K (96%)
ptolemy.util.test.WatchDog.cancel(): canceling Tue Oct 16 02:34:17 UTC 2018
auto.tcl: Setting watchdog for 200 seconds at Tue Oct 16 02:34:17 UTC 2018
1 ms. Memory: 649216K Free: 624494K (96%)
ptolemy.util.test.WatchDog.cancel(): canceling Tue Oct 16 02:34:17 UTC 2018
------------------ testing $PTII/ptolemy/domains/de/test/auto/deInCt.xml
auto.tcl: Setting watchdog for 200 seconds at Tue Oct 16 02:34:17 UTC 2018
0
1
1
1
0
0
1
1
1
0
0
0
1
1
1
0
0
1
1
1
1
0
0
0
1
1
1
0
0
0
1
1
1
0
0
0
1
1
1
1
0
0
0
1
1
1
1
0
0
0
0
20 ms. Memory: 646144K Free: 621388K (96%)
ptolemy.util.test.WatchDog.cancel(): canceling Tue Oct 16 02:34:17 UTC 2018
auto.tcl: Setting watchdog for 200 seconds at Tue Oct 16 02:34:17 UTC 2018
0
1
1
1
0
0
0
1
1
1
0
0
0
0
1
1
0
0
0
0
0
0
1
1
1
0
0
0
1
1
1
0
0
0
1
1
1
0
0
0
0
1
1
1
1
6 ms. Memory: 646144K Free: 621388K (96%)
ptolemy.util.test.WatchDog.cancel(): canceling Tue Oct 16 02:34:17 UTC 2018
------------------ testing $PTII/ptolemy/domains/de/test/auto/deInCt2.xml
auto.tcl: Setting watchdog for 200 seconds at Tue Oct 16 02:34:17 UTC 2018
0
1
1
1
0
0
1
1
1
0
0
1
1
1
0
0
1
1
1
0
0
1
1
1
0
0
1
1
1
0
0
1
1
1
0
0
1
1
1
0
0
0
14 ms. Memory: 648704K Free: 623948K (96%)
ptolemy.util.test.WatchDog.cancel(): canceling Tue Oct 16 02:34:17 UTC 2018
auto.tcl: Setting watchdog for 200 seconds at Tue Oct 16 02:34:17 UTC 2018
0
1
1
1
0
0
1
1
1
0
0
1
1
1
0
0
1
1
1
0
0
1
1
1
0
0
1
1
1
0
0
1
1
1
0
0
1
1
1
0
0
0
10 ms. Memory: 648704K Free: 623948K (96%)
ptolemy.util.test.WatchDog.cancel(): canceling Tue Oct 16 02:34:17 UTC 2018
------------------ testing $PTII/ptolemy/domains/de/test/auto/dynamicCausalityInterface1.xml
auto.tcl: Setting watchdog for 200 seconds at Tue Oct 16 02:34:17 UTC 2018
2 ms. Memory: 646144K Free: 618511K (96%)
ptolemy.util.test.WatchDog.cancel(): canceling Tue Oct 16 02:34:17 UTC 2018
auto.tcl: Setting watchdog for 200 seconds at Tue Oct 16 02:34:17 UTC 2018
0 ms. Memory: 646144K Free: 618511K (96%)
ptolemy.util.test.WatchDog.cancel(): canceling Tue Oct 16 02:34:17 UTC 2018
------------------ testing $PTII/ptolemy/domains/de/test/auto/fsm_de_test.xml
auto.tcl: Setting watchdog for 200 seconds at Tue Oct 16 02:34:17 UTC 2018
19 ms. Memory: 648192K Free: 623358K (96%)
ptolemy.util.test.WatchDog.cancel(): canceling Tue Oct 16 02:34:17 UTC 2018
auto.tcl: Setting watchdog for 200 seconds at Tue Oct 16 02:34:17 UTC 2018
4 ms. Memory: 648192K Free: 614790K (95%)
ptolemy.util.test.WatchDog.cancel(): canceling Tue Oct 16 02:34:17 UTC 2018
------------------ testing $PTII/ptolemy/domains/de/test/auto/functionDependencyReconstruction.xml
auto.tcl: Setting watchdog for 200 seconds at Tue Oct 16 02:34:17 UTC 2018
2 ms. Memory: 646144K Free: 612733K (95%)
ptolemy.util.test.WatchDog.cancel(): canceling Tue Oct 16 02:34:17 UTC 2018
auto.tcl: Setting watchdog for 200 seconds at Tue Oct 16 02:34:17 UTC 2018
3 ms. Memory: 646144K Free: 604181K (94%)
ptolemy.util.test.WatchDog.cancel(): canceling Tue Oct 16 02:34:17 UTC 2018
------------------ testing $PTII/ptolemy/domains/de/test/auto/multirate.xml
auto.tcl: Setting watchdog for 200 seconds at Tue Oct 16 02:34:17 UTC 2018
5 ms. Memory: 648192K Free: 623225K (96%)
ptolemy.util.test.WatchDog.cancel(): canceling Tue Oct 16 02:34:18 UTC 2018
auto.tcl: Setting watchdog for 200 seconds at Tue Oct 16 02:34:18 UTC 2018
3 ms. Memory: 648192K Free: 623192K (96%)
ptolemy.util.test.WatchDog.cancel(): canceling Tue Oct 16 02:34:18 UTC 2018
------------------ testing $PTII/ptolemy/domains/de/test/auto/multirate2.xml
auto.tcl: Setting watchdog for 200 seconds at Tue Oct 16 02:34:18 UTC 2018
2 ms. Memory: 646144K Free: 621365K (96%)
ptolemy.util.test.WatchDog.cancel(): canceling Tue Oct 16 02:34:18 UTC 2018
auto.tcl: Setting watchdog for 200 seconds at Tue Oct 16 02:34:18 UTC 2018
3 ms. Memory: 646144K Free: 621365K (96%)
ptolemy.util.test.WatchDog.cancel(): canceling Tue Oct 16 02:34:18 UTC 2018
------------------ testing $PTII/ptolemy/domains/de/test/auto/realtime.xml
auto.tcl: Setting watchdog for 200 seconds at Tue Oct 16 02:34:18 UTC 2018
10002 ms. Memory: 647680K Free: 622868K (96%)
ptolemy.util.test.WatchDog.cancel(): canceling Tue Oct 16 02:34:28 UTC 2018
auto.tcl: Setting watchdog for 200 seconds at Tue Oct 16 02:34:28 UTC 2018
10002 ms. Memory: 647680K Free: 622868K (96%)
ptolemy.util.test.WatchDog.cancel(): canceling Tue Oct 16 02:34:38 UTC 2018
------------------ testing $PTII/ptolemy/domains/de/test/auto/relationGroup.xml
auto.tcl: Setting watchdog for 200 seconds at Tue Oct 16 02:34:38 UTC 2018
4 ms. Memory: 646144K Free: 627037K (97%)
ptolemy.util.test.WatchDog.cancel(): canceling Tue Oct 16 02:34:38 UTC 2018
auto.tcl: Setting watchdog for 200 seconds at Tue Oct 16 02:34:38 UTC 2018
2 ms. Memory: 646144K Free: 627037K (97%)
ptolemy.util.test.WatchDog.cancel(): canceling Tue Oct 16 02:34:38 UTC 2018
------------------ testing $PTII/ptolemy/domains/de/test/auto/relationGroup2.xml
auto.tcl: Setting watchdog for 200 seconds at Tue Oct 16 02:34:38 UTC 2018
6 ms. Memory: 647680K Free: 622953K (96%)
ptolemy.util.test.WatchDog.cancel(): canceling Tue Oct 16 02:34:38 UTC 2018
auto.tcl: Setting watchdog for 200 seconds at Tue Oct 16 02:34:38 UTC 2018
1 ms. Memory: 647680K Free: 622953K (96%)
ptolemy.util.test.WatchDog.cancel(): canceling Tue Oct 16 02:34:38 UTC 2018
------------------ testing $PTII/ptolemy/domains/de/test/auto/sortWithOpaquePorts.xml
auto.tcl: Setting watchdog for 200 seconds at Tue Oct 16 02:34:38 UTC 2018
1 ms. Memory: 646144K Free: 621418K (96%)
ptolemy.util.test.WatchDog.cancel(): canceling Tue Oct 16 02:34:38 UTC 2018
auto.tcl: Setting watchdog for 200 seconds at Tue Oct 16 02:34:38 UTC 2018
2 ms. Memory: 646144K Free: 621386K (96%)
ptolemy.util.test.WatchDog.cancel(): canceling Tue Oct 16 02:34:38 UTC 2018
------------------ testing $PTII/ptolemy/domains/de/test/auto/transferInputsandOutputs.xml
auto.tcl: Setting watchdog for 200 seconds at Tue Oct 16 02:34:38 UTC 2018
2 ms. Memory: 647168K Free: 628075K (97%)
ptolemy.util.test.WatchDog.cancel(): canceling Tue Oct 16 02:34:38 UTC 2018
auto.tcl: Setting watchdog for 200 seconds at Tue Oct 16 02:34:38 UTC 2018
2 ms. Memory: 647168K Free: 628075K (97%)
ptolemy.util.test.WatchDog.cancel(): canceling Tue Oct 16 02:34:38 UTC 2018
------------------ testing $PTII/ptolemy/domains/de/test/auto/triggerType.xml
auto.tcl: Setting watchdog for 200 seconds at Tue Oct 16 02:34:38 UTC 2018
1 ms. Memory: 646144K Free: 621355K (96%)
ptolemy.util.test.WatchDog.cancel(): canceling Tue Oct 16 02:34:38 UTC 2018
auto.tcl: Setting watchdog for 200 seconds at Tue Oct 16 02:34:38 UTC 2018
2 ms. Memory: 646144K Free: 621355K (96%)
ptolemy.util.test.WatchDog.cancel(): canceling Tue Oct 16 02:34:38 UTC 2018
10/16/18 02:34:38
Failed: 0  Total Tests: 192  ((Passed: 187, Newly Passed: 1)  Known Failed: 5) /home/travis/build/icyphy/ptII/ptolemy/domains/de/test
10/16/18 02:34:38
Failed: 0  Total Tests: 192  ((Passed: 187, Newly Passed: 1)  Known Failed: 5) /home/travis/build/icyphy/ptII/ptolemy/domains/de/test
----------------- testing (KnownFailure) /home/travis/build/icyphy/ptII/ptolemy/domains/de/test/auto/knownFailedTests/DESDFClockTest.xml
2009 ms. Memory: 647168K Free: 611137K (94%)
Known Failure: java.lang.reflect.InvocationTargetException
----------------- testing (KnownFailure) /home/travis/build/icyphy/ptII/ptolemy/domains/de/test/auto/knownFailedTests/DirectFeedback.xml
1 ms. Memory: 647168K Free: 565958K (87%)
Known Failure: java.lang.reflect.InvocationTargetException
----------------- testing (KnownFailure) /home/travis/build/icyphy/ptII/ptolemy/domains/de/test/auto/knownFailedTests/FSMSource.xml
11 ms. Memory: 647168K Free: 520779K (80%)
----------------- testing (KnownFailure) /home/travis/build/icyphy/ptII/ptolemy/domains/de/test/auto/knownFailedTests/HierarchicalModel.xml
2 ms. Memory: 647168K Free: 486846K (75%)
Known Failure: java.lang.reflect.InvocationTargetException
----------------- testing (KnownFailure) /home/travis/build/icyphy/ptII/ptolemy/domains/de/test/auto/knownFailedTests/dependencyLoop.xml
1 ms. Memory: 647168K Free: 430357K (66%)
Known Failure: java.lang.reflect.InvocationTargetException
----------------- testing (KnownFailure) /home/travis/build/icyphy/ptII/ptolemy/domains/de/test/auto/knownFailedTests/dependencyLoop2.xml
2 ms. Memory: 647168K Free: 373867K (58%)
Known Failure: java.lang.reflect.InvocationTargetException
No auto/linux-amd64/*.xml tests in /home/travis/build/icyphy/ptII/ptolemy/domains/de/test
AutoTests.java: About to close Vertx.
AutoTests.java: Vertx closed.

===========================================================================================
----------------- testing Tue Oct 16 02:34:40 UTC 2018 /home/travis/build/icyphy/ptII/ptolemy/domains/de/test/auto/ActorDepthCalculation_actorWithoutPorts.xml
----------------- Instantiating /home/travis/build/icyphy/ptII/ptolemy/domains/de/test/auto/ActorDepthCalculation_actorWithoutPorts.xml
2 ms. Memory: 647168K Free: 317393K (49%)
----------------- Invoking toplevel() on ptolemy.moml.MoMLSimpleApplication@371d42b2
----------------- Done invoking toplevel() on ptolemy.moml.MoMLSimpleApplication@371d42b2
reloadAllAccessors: .ActorDepthCalculation_actorWithoutPorts

===========================================================================================
----------------- testing Tue Oct 16 02:34:40 UTC 2018 /home/travis/build/icyphy/ptII/ptolemy/domains/de/test/auto/AssemblyLine.xml
----------------- Instantiating /home/travis/build/icyphy/ptII/ptolemy/domains/de/test/auto/AssemblyLine.xml
2 ms. Memory: 647168K Free: 294803K (46%)
----------------- Invoking toplevel() on ptolemy.moml.MoMLSimpleApplication@3b57619
----------------- Done invoking toplevel() on ptolemy.moml.MoMLSimpleApplication@3b57619
reloadAllAccessors: .AssemblyLine

===========================================================================================
----------------- testing Tue Oct 16 02:34:40 UTC 2018 /home/travis/build/icyphy/ptII/ptolemy/domains/de/test/auto/CQBug1.xml
----------------- Instantiating /home/travis/build/icyphy/ptII/ptolemy/domains/de/test/auto/CQBug1.xml
0 ms. Memory: 647168K Free: 272214K (42%)
----------------- Invoking toplevel() on ptolemy.moml.MoMLSimpleApplication@3b403f0e
----------------- Done invoking toplevel() on ptolemy.moml.MoMLSimpleApplication@3b403f0e
reloadAllAccessors: .CQBug1

===========================================================================================
----------------- testing Tue Oct 16 02:34:40 UTC 2018 /home/travis/build/icyphy/ptII/ptolemy/domains/de/test/auto/CancelFireAt.xml
----------------- Instantiating /home/travis/build/icyphy/ptII/ptolemy/domains/de/test/auto/CancelFireAt.xml
1 ms. Memory: 647168K Free: 249624K (39%)
----------------- Invoking toplevel() on ptolemy.moml.MoMLSimpleApplication@fd949cf
----------------- Done invoking toplevel() on ptolemy.moml.MoMLSimpleApplication@fd949cf
reloadAllAccessors: .CancelFireAt

===========================================================================================
----------------- testing Tue Oct 16 02:34:40 UTC 2018 /home/travis/build/icyphy/ptII/ptolemy/domains/de/test/auto/CausalityAndComposabilityAnalysis.xml
----------------- Instantiating /home/travis/build/icyphy/ptII/ptolemy/domains/de/test/auto/CausalityAndComposabilityAnalysis.xml
1 ms. Memory: 647168K Free: 227035K (35%)
----------------- Invoking toplevel() on ptolemy.moml.MoMLSimpleApplication@479ce5d5
----------------- Done invoking toplevel() on ptolemy.moml.MoMLSimpleApplication@479ce5d5
reloadAllAccessors: .CausalityAndComposabilityAnalysis

===========================================================================================
----------------- testing Tue Oct 16 02:34:40 UTC 2018 /home/travis/build/icyphy/ptII/ptolemy/domains/de/test/auto/CausalityInterface1.xml
----------------- Instantiating /home/travis/build/icyphy/ptII/ptolemy/domains/de/test/auto/CausalityInterface1.xml
3 ms. Memory: 647168K Free: 204445K (32%)
----------------- Invoking toplevel() on ptolemy.moml.MoMLSimpleApplication@3ee4f0fe
----------------- Done invoking toplevel() on ptolemy.moml.MoMLSimpleApplication@3ee4f0fe
reloadAllAccessors: .CausalityInterface1

===========================================================================================
----------------- testing Tue Oct 16 02:34:40 UTC 2018 /home/travis/build/icyphy/ptII/ptolemy/domains/de/test/auto/CausalityInterface15.xml
----------------- Instantiating /home/travis/build/icyphy/ptII/ptolemy/domains/de/test/auto/CausalityInterface15.xml
2 ms. Memory: 647168K Free: 181856K (28%)
----------------- Invoking toplevel() on ptolemy.moml.MoMLSimpleApplication@5a66c95
----------------- Done invoking toplevel() on ptolemy.moml.MoMLSimpleApplication@5a66c95
reloadAllAccessors: .CausalityInterface15

[...]
java.lang.RuntimeException: Execution failed
	at ptolemy.moml.MoMLSimpleApplication$UnloadThread.run(MoMLSimpleApplication.java:402)
Caused by: ptolemy.kernel.util.IllegalActionException: Test fails in iteration 1.
Value was: 1.0. Should have been: 2.0
  in .DirectFeedback.Test
	at ptolemy.actor.lib.Test.fire(Test.java:268)
	at ptolemy.domains.de.kernel.DEDirector._fire(DEDirector.java:1949)
	at ptolemy.domains.de.kernel.DEDirector.fire(DEDirector.java:502)
	at ptolemy.actor.CompositeActor.fire(CompositeActor.java:455)
	at ptolemy.actor.Manager.iterate(Manager.java:851)
	at ptolemy.actor.Manager.execute(Manager.java:369)
	at ptolemy.actor.Manager.run(Manager.java:1263)
	at ptolemy.actor.Manager$PtolemyRunThread.run(Manager.java:1915)
java.lang.RuntimeException: Execution failed
	at ptolemy.moml.MoMLSimpleApplication$UnloadThread.run(MoMLSimpleApplication.java:402)
Caused by: ptolemy.kernel.util.IllegalActionException: Actor is not ready to fire.  Perhaps UpSample.prefire() returned false? Try debugging the actor by selecting "Listen to Actor".  Also, for SDF check moml for tokenConsumptionRate on input.
  in .DESDFClockTest.Play Bell.Copy1:SDF Director and .DESDFClockTest.Play Bell.UpSample
	at ptolemy.actor.sched.StaticSchedulingDirector.fire(StaticSchedulingDirector.java:227)
	at ptolemy.domains.sdf.kernel.SDFDirector.fire(SDFDirector.java:500)
	at ptolemy.actor.CompositeActor.fire(CompositeActor.java:455)
	at ptolemy.domains.de.kernel.DEDirector._fire(DEDirector.java:1949)
	at ptolemy.domains.de.kernel.DEDirector.fire(DEDirector.java:502)
	at ptolemy.actor.CompositeActor.fire(CompositeActor.java:455)
	at ptolemy.actor.Manager.iterate(Manager.java:851)
	at ptolemy.actor.Manager.execute(Manager.java:369)
	at ptolemy.actor.Manager.run(Manager.java:1263)
	at ptolemy.actor.Manager$PtolemyRunThread.run(Manager.java:1915)
java.lang.reflect.InvocationTargetException
	at sun.reflect.NativeConstructorAccessorImpl.newInstance0(Native Method)
	at sun.reflect.NativeConstructorAccessorImpl.newInstance(NativeConstructorAccessorImpl.java:62)
	at sun.reflect.DelegatingConstructorAccessorImpl.newInstance(DelegatingConstructorAccessorImpl.java:45)
	at java.lang.reflect.Constructor.newInstance(Constructor.java:423)
	at ptolemy.util.test.junit.AutoKnownFailedTests.RunModel(AutoKnownFailedTests.java:107)
	at sun.reflect.NativeMethodAccessorImpl.invoke0(Native Method)
	at sun.reflect.NativeMethodAccessorImpl.invoke(NativeMethodAccessorImpl.java:62)
	at sun.reflect.DelegatingMethodAccessorImpl.invoke(DelegatingMethodAccessorImpl.java:43)
	at java.lang.reflect.Method.invoke(Method.java:498)
	at org.junit.runners.model.FrameworkMethod$1.runReflectiveCall(FrameworkMethod.java:44)
	at org.junit.internal.runners.model.ReflectiveCallable.run(ReflectiveCallable.java:15)
	at org.junit.runners.model.FrameworkMethod.invokeExplosively(FrameworkMethod.java:41)
	at junitparams.internal.InvokeParameterisedMethod.evaluate(InvokeParameterisedMethod.java:102)
	at org.junit.internal.runners.statements.FailOnTimeout$1.run(FailOnTimeout.java:28)
Caused by: ptolemy.kernel.util.IllegalActionException: Actor is not ready to fire.  Perhaps UpSample.prefire() returned false? Try debugging the actor by selecting "Listen to Actor".  Also, for SDF check moml for tokenConsumptionRate on input.
  in .DESDFClockTest.Play Bell.Copy1:SDF Director and .DESDFClockTest.Play Bell.UpSample
	at ptolemy.actor.sched.StaticSchedulingDirector.fire(StaticSchedulingDirector.java:227)
	at ptolemy.domains.sdf.kernel.SDFDirector.fire(SDFDirector.java:500)
	at ptolemy.actor.CompositeActor.fire(CompositeActor.java:455)
	at ptolemy.domains.de.kernel.DEDirector._fire(DEDirector.java:1949)
	at ptolemy.domains.de.kernel.DEDirector.fire(DEDirector.java:502)
	at ptolemy.actor.CompositeActor.fire(CompositeActor.java:455)
	at ptolemy.actor.Manager.iterate(Manager.java:851)
	at ptolemy.actor.Manager.execute(Manager.java:369)
	at ptolemy.actor.Manager.run(Manager.java:1263)
	at ptolemy.actor.Manager$PtolemyRunThread.run(Manager.java:1915)
java.lang.RuntimeException: Execution failed
	at ptolemy.moml.MoMLSimpleApplication$UnloadThread.run(MoMLSimpleApplication.java:402)
Caused by: ptolemy.kernel.util.IllegalActionException: Test fails in iteration 1.
Value was: 1.0. Should have been: 2.0
  in .DirectFeedback.Test
	at ptolemy.actor.lib.Test.fire(Test.java:268)
	at ptolemy.domains.de.kernel.DEDirector._fire(DEDirector.java:1949)
	at ptolemy.domains.de.kernel.DEDirector.fire(DEDirector.java:502)
	at ptolemy.actor.CompositeActor.fire(CompositeActor.java:455)
	at ptolemy.actor.Manager.iterate(Manager.java:851)
	at ptolemy.actor.Manager.execute(Manager.java:369)
	at ptolemy.actor.Manager.run(Manager.java:1263)
	at ptolemy.actor.Manager$PtolemyRunThread.run(Manager.java:1915)
java.lang.reflect.InvocationTargetException
	at sun.reflect.NativeConstructorAccessorImpl.newInstance0(Native Method)
	at sun.reflect.NativeConstructorAccessorImpl.newInstance(NativeConstructorAccessorImpl.java:62)
	at sun.reflect.DelegatingConstructorAccessorImpl.newInstance(DelegatingConstructorAccessorImpl.java:45)
	at java.lang.reflect.Constructor.newInstance(Constructor.java:423)
	at ptolemy.util.test.junit.AutoKnownFailedTests.RunModel(AutoKnownFailedTests.java:107)
	at sun.reflect.NativeMethodAccessorImpl.invoke0(Native Method)
	at sun.reflect.NativeMethodAccessorImpl.invoke(NativeMethodAccessorImpl.java:62)
	at sun.reflect.DelegatingMethodAccessorImpl.invoke(DelegatingMethodAccessorImpl.java:43)
	at java.lang.reflect.Method.invoke(Method.java:498)
	at org.junit.runners.model.FrameworkMethod$1.runReflectiveCall(FrameworkMethod.java:44)
	at org.junit.internal.runners.model.ReflectiveCallable.run(ReflectiveCallable.java:15)
	at org.junit.runners.model.FrameworkMethod.invokeExplosively(FrameworkMethod.java:41)
	at junitparams.internal.InvokeParameterisedMethod.evaluate(InvokeParameterisedMethod.java:102)
	at org.junit.internal.runners.statements.FailOnTimeout$1.run(FailOnTimeout.java:28)
Caused by: ptolemy.kernel.util.IllegalActionException: Test fails in iteration 1.
Value was: 1.0. Should have been: 2.0
  in .DirectFeedback.Test
	at ptolemy.actor.lib.Test.fire(Test.java:268)
	at ptolemy.domains.de.kernel.DEDirector._fire(DEDirector.java:1949)
	at ptolemy.domains.de.kernel.DEDirector.fire(DEDirector.java:502)
	at ptolemy.actor.CompositeActor.fire(CompositeActor.java:455)
	at ptolemy.actor.Manager.iterate(Manager.java:851)
	at ptolemy.actor.Manager.execute(Manager.java:369)
	at ptolemy.actor.Manager.run(Manager.java:1263)
	at ptolemy.actor.Manager$PtolemyRunThread.run(Manager.java:1915)
java.lang.RuntimeException: Execution failed
	at ptolemy.moml.MoMLSimpleApplication$UnloadThread.run(MoMLSimpleApplication.java:402)
Caused by: ptolemy.kernel.util.IllegalActionException: Found a zero delay loop containing .HierarchicalModel.A
  in .HierarchicalModel and .HierarchicalModel.A
	at ptolemy.actor.util.CausalityInterfaceForComposites._computeOutputPortDepth(CausalityInterfaceForComposites.java:759)
	at ptolemy.actor.util.CausalityInterfaceForComposites._computeInputDepth(CausalityInterfaceForComposites.java:696)
	at ptolemy.actor.util.CausalityInterfaceForComposites._computeOutputPortDepth(CausalityInterfaceForComposites.java:765)
	at ptolemy.actor.util.CausalityInterfaceForComposites._computeInputDepth(CausalityInterfaceForComposites.java:696)
	at ptolemy.actor.util.CausalityInterfaceForComposites._computeOutputPortDepth(CausalityInterfaceForComposites.java:765)
	at ptolemy.actor.util.CausalityInterfaceForComposites._computeInputDepth(CausalityInterfaceForComposites.java:696)
	at ptolemy.actor.util.CausalityInterfaceForComposites._computeActorDepth(CausalityInterfaceForComposites.java:532)
	at ptolemy.actor.util.CausalityInterfaceForComposites.checkForCycles(CausalityInterfaceForComposites.java:96)
	at ptolemy.domains.de.kernel.DEDirector.preinitialize(DEDirector.java:1338)
	at ptolemy.actor.CompositeActor.preinitialize(CompositeActor.java:1828)
	at ptolemy.actor.Manager.preinitializeAndResolveTypes(Manager.java:1040)
	at ptolemy.actor.Manager.initialize(Manager.java:710)
	at ptolemy.actor.Manager.execute(Manager.java:356)
	at ptolemy.actor.Manager.run(Manager.java:1263)
	at ptolemy.actor.Manager$PtolemyRunThread.run(Manager.java:1915)
java.lang.reflect.InvocationTargetException
	at sun.reflect.NativeConstructorAccessorImpl.newInstance0(Native Method)
	at sun.reflect.NativeConstructorAccessorImpl.newInstance(NativeConstructorAccessorImpl.java:62)
	at sun.reflect.DelegatingConstructorAccessorImpl.newInstance(DelegatingConstructorAccessorImpl.java:45)
	at java.lang.reflect.Constructor.newInstance(Constructor.java:423)
	at ptolemy.util.test.junit.AutoKnownFailedTests.RunModel(AutoKnownFailedTests.java:107)
	at sun.reflect.NativeMethodAccessorImpl.invoke0(Native Method)
	at sun.reflect.NativeMethodAccessorImpl.invoke(NativeMethodAccessorImpl.java:62)
	at sun.reflect.DelegatingMethodAccessorImpl.invoke(DelegatingMethodAccessorImpl.java:43)
	at java.lang.reflect.Method.invoke(Method.java:498)
	at org.junit.runners.model.FrameworkMethod$1.runReflectiveCall(FrameworkMethod.java:44)
	at org.junit.internal.runners.model.ReflectiveCallable.run(ReflectiveCallable.java:15)
	at org.junit.runners.model.FrameworkMethod.invokeExplosively(FrameworkMethod.java:41)
	at junitparams.internal.InvokeParameterisedMethod.evaluate(InvokeParameterisedMethod.java:102)
	at org.junit.internal.runners.statements.FailOnTimeout$1.run(FailOnTimeout.java:28)
Caused by: ptolemy.kernel.util.IllegalActionException: Found a zero delay loop containing .HierarchicalModel.A
  in .HierarchicalModel and .HierarchicalModel.A
	at ptolemy.actor.util.CausalityInterfaceForComposites._computeOutputPortDepth(CausalityInterfaceForComposites.java:759)
	at ptolemy.actor.util.CausalityInterfaceForComposites._computeInputDepth(CausalityInterfaceForComposites.java:696)
	at ptolemy.actor.util.CausalityInterfaceForComposites._computeOutputPortDepth(CausalityInterfaceForComposites.java:765)
	at ptolemy.actor.util.CausalityInterfaceForComposites._computeInputDepth(CausalityInterfaceForComposites.java:696)
	at ptolemy.actor.util.CausalityInterfaceForComposites._computeOutputPortDepth(CausalityInterfaceForComposites.java:765)
	at ptolemy.actor.util.CausalityInterfaceForComposites._computeInputDepth(CausalityInterfaceForComposites.java:696)
	at ptolemy.actor.util.CausalityInterfaceForComposites._computeActorDepth(CausalityInterfaceForComposites.java:532)
	at ptolemy.actor.util.CausalityInterfaceForComposites.checkForCycles(CausalityInterfaceForComposites.java:96)
	at ptolemy.domains.de.kernel.DEDirector.preinitialize(DEDirector.java:1338)
	at ptolemy.actor.CompositeActor.preinitialize(CompositeActor.java:1828)
	at ptolemy.actor.Manager.preinitializeAndResolveTypes(Manager.java:1040)
	at ptolemy.actor.Manager.initialize(Manager.java:710)
	at ptolemy.actor.Manager.execute(Manager.java:356)
	at ptolemy.actor.Manager.run(Manager.java:1263)
	at ptolemy.actor.Manager$PtolemyRunThread.run(Manager.java:1915)
java.lang.RuntimeException: Execution failed
	at ptolemy.moml.MoMLSimpleApplication$UnloadThread.run(MoMLSimpleApplication.java:402)
Caused by: ptolemy.kernel.util.IllegalActionException: Found a zero delay loop containing .dependencyLoop.original
  in .dependencyLoop and .dependencyLoop.original
	at ptolemy.actor.util.CausalityInterfaceForComposites._computeOutputPortDepth(CausalityInterfaceForComposites.java:759)
	at ptolemy.actor.util.CausalityInterfaceForComposites._computeInputDepth(CausalityInterfaceForComposites.java:696)
	at ptolemy.actor.util.CausalityInterfaceForComposites._computeOutputPortDepth(CausalityInterfaceForComposites.java:765)
	at ptolemy.actor.util.CausalityInterfaceForComposites._computeInputDepth(CausalityInterfaceForComposites.java:696)
	at ptolemy.actor.util.CausalityInterfaceForComposites._computeOutputPortDepth(CausalityInterfaceForComposites.java:765)
	at ptolemy.actor.util.CausalityInterfaceForComposites._computeInputDepth(CausalityInterfaceForComposites.java:696)
	at ptolemy.actor.util.CausalityInterfaceForComposites._computeActorDepth(CausalityInterfaceForComposites.java:532)
	at ptolemy.actor.util.CausalityInterfaceForComposites.checkForCycles(CausalityInterfaceForComposites.java:96)
	at ptolemy.domains.de.kernel.DEDirector.preinitialize(DEDirector.java:1338)
	at ptolemy.actor.CompositeActor.preinitialize(CompositeActor.java:1828)
	at ptolemy.actor.Manager.preinitializeAndResolveTypes(Manager.java:1040)
	at ptolemy.actor.Manager.initialize(Manager.java:710)
	at ptolemy.actor.Manager.execute(Manager.java:356)
	at ptolemy.actor.Manager.run(Manager.java:1263)
	at ptolemy.actor.Manager$PtolemyRunThread.run(Manager.java:1915)
java.lang.reflect.InvocationTargetException
	at sun.reflect.NativeConstructorAccessorImpl.newInstance0(Native Method)
	at sun.reflect.NativeConstructorAccessorImpl.newInstance(NativeConstructorAccessorImpl.java:62)
	at sun.reflect.DelegatingConstructorAccessorImpl.newInstance(DelegatingConstructorAccessorImpl.java:45)
	at java.lang.reflect.Constructor.newInstance(Constructor.java:423)
	at ptolemy.util.test.junit.AutoKnownFailedTests.RunModel(AutoKnownFailedTests.java:107)
	at sun.reflect.NativeMethodAccessorImpl.invoke0(Native Method)
	at sun.reflect.NativeMethodAccessorImpl.invoke(NativeMethodAccessorImpl.java:62)
	at sun.reflect.DelegatingMethodAccessorImpl.invoke(DelegatingMethodAccessorImpl.java:43)
	at java.lang.reflect.Method.invoke(Method.java:498)
	at org.junit.runners.model.FrameworkMethod$1.runReflectiveCall(FrameworkMethod.java:44)
	at org.junit.internal.runners.model.ReflectiveCallable.run(ReflectiveCallable.java:15)
	at org.junit.runners.model.FrameworkMethod.invokeExplosively(FrameworkMethod.java:41)
	at junitparams.internal.InvokeParameterisedMethod.evaluate(InvokeParameterisedMethod.java:102)
	at org.junit.internal.runners.statements.FailOnTimeout$1.run(FailOnTimeout.java:28)
Caused by: ptolemy.kernel.util.IllegalActionException: Found a zero delay loop containing .dependencyLoop.original
  in .dependencyLoop and .dependencyLoop.original
	at ptolemy.actor.util.CausalityInterfaceForComposites._computeOutputPortDepth(CausalityInterfaceForComposites.java:759)
	at ptolemy.actor.util.CausalityInterfaceForComposites._computeInputDepth(CausalityInterfaceForComposites.java:696)
	at ptolemy.actor.util.CausalityInterfaceForComposites._computeOutputPortDepth(CausalityInterfaceForComposites.java:765)
	at ptolemy.actor.util.CausalityInterfaceForComposites._computeInputDepth(CausalityInterfaceForComposites.java:696)
	at ptolemy.actor.util.CausalityInterfaceForComposites._computeOutputPortDepth(CausalityInterfaceForComposites.java:765)
	at ptolemy.actor.util.CausalityInterfaceForComposites._computeInputDepth(CausalityInterfaceForComposites.java:696)
	at ptolemy.actor.util.CausalityInterfaceForComposites._computeActorDepth(CausalityInterfaceForComposites.java:532)
	at ptolemy.actor.util.CausalityInterfaceForComposites.checkForCycles(CausalityInterfaceForComposites.java:96)
	at ptolemy.domains.de.kernel.DEDirector.preinitialize(DEDirector.java:1338)
	at ptolemy.actor.CompositeActor.preinitialize(CompositeActor.java:1828)
	at ptolemy.actor.Manager.preinitializeAndResolveTypes(Manager.java:1040)
	at ptolemy.actor.Manager.initialize(Manager.java:710)
	at ptolemy.actor.Manager.execute(Manager.java:356)
	at ptolemy.actor.Manager.run(Manager.java:1263)
	at ptolemy.actor.Manager$PtolemyRunThread.run(Manager.java:1915)
java.lang.RuntimeException: Execution failed
	at ptolemy.moml.MoMLSimpleApplication$UnloadThread.run(MoMLSimpleApplication.java:402)
Caused by: ptolemy.kernel.util.IllegalActionException: Found a zero delay loop containing .dependencyLoop2.original
  in .dependencyLoop2 and .dependencyLoop2.original
	at ptolemy.actor.util.CausalityInterfaceForComposites._computeOutputPortDepth(CausalityInterfaceForComposites.java:759)
	at ptolemy.actor.util.CausalityInterfaceForComposites._computeInputDepth(CausalityInterfaceForComposites.java:696)
	at ptolemy.actor.util.CausalityInterfaceForComposites._computeOutputPortDepth(CausalityInterfaceForComposites.java:765)
	at ptolemy.actor.util.CausalityInterfaceForComposites._computeInputDepth(CausalityInterfaceForComposites.java:696)
	at ptolemy.actor.util.CausalityInterfaceForComposites._computeOutputPortDepth(CausalityInterfaceForComposites.java:765)
	at ptolemy.actor.util.CausalityInterfaceForComposites._computeInputDepth(CausalityInterfaceForComposites.java:696)
	at ptolemy.actor.util.CausalityInterfaceForComposites._computeActorDepth(CausalityInterfaceForComposites.java:532)
	at ptolemy.actor.util.CausalityInterfaceForComposites.checkForCycles(CausalityInterfaceForComposites.java:96)
	at ptolemy.domains.de.kernel.DEDirector.preinitialize(DEDirector.java:1338)
	at ptolemy.actor.CompositeActor.preinitialize(CompositeActor.java:1828)
	at ptolemy.actor.Manager.preinitializeAndResolveTypes(Manager.java:1040)
	at ptolemy.actor.Manager.initialize(Manager.java:710)
	at ptolemy.actor.Manager.execute(Manager.java:356)
	at ptolemy.actor.Manager.run(Manager.java:1263)
	at ptolemy.actor.Manager$PtolemyRunThread.run(Manager.java:1915)
java.lang.reflect.InvocationTargetException
	at sun.reflect.NativeConstructorAccessorImpl.newInstance0(Native Method)
	at sun.reflect.NativeConstructorAccessorImpl.newInstance(NativeConstructorAccessorImpl.java:62)
	at sun.reflect.DelegatingConstructorAccessorImpl.newInstance(DelegatingConstructorAccessorImpl.java:45)
	at java.lang.reflect.Constructor.newInstance(Constructor.java:423)
	at ptolemy.util.test.junit.AutoKnownFailedTests.RunModel(AutoKnownFailedTests.java:107)
	at sun.reflect.NativeMethodAccessorImpl.invoke0(Native Method)
	at sun.reflect.NativeMethodAccessorImpl.invoke(NativeMethodAccessorImpl.java:62)
	at sun.reflect.DelegatingMethodAccessorImpl.invoke(DelegatingMethodAccessorImpl.java:43)
	at java.lang.reflect.Method.invoke(Method.java:498)
	at org.junit.runners.model.FrameworkMethod$1.runReflectiveCall(FrameworkMethod.java:44)
	at org.junit.internal.runners.model.ReflectiveCallable.run(ReflectiveCallable.java:15)
	at org.junit.runners.model.FrameworkMethod.invokeExplosively(FrameworkMethod.java:41)
	at junitparams.internal.InvokeParameterisedMethod.evaluate(InvokeParameterisedMethod.java:102)
	at org.junit.internal.runners.statements.FailOnTimeout$1.run(FailOnTimeout.java:28)
Caused by: ptolemy.kernel.util.IllegalActionException: Found a zero delay loop containing .dependencyLoop2.original
  in .dependencyLoop2 and .dependencyLoop2.original
	at ptolemy.actor.util.CausalityInterfaceForComposites._computeOutputPortDepth(CausalityInterfaceForComposites.java:759)
	at ptolemy.actor.util.CausalityInterfaceForComposites._computeInputDepth(CausalityInterfaceForComposites.java:696)
	at ptolemy.actor.util.CausalityInterfaceForComposites._computeOutputPortDepth(CausalityInterfaceForComposites.java:765)
	at ptolemy.actor.util.CausalityInterfaceForComposites._computeInputDepth(CausalityInterfaceForComposites.java:696)
	at ptolemy.actor.util.CausalityInterfaceForComposites._computeOutputPortDepth(CausalityInterfaceForComposites.java:765)
	at ptolemy.actor.util.CausalityInterfaceForComposites._computeInputDepth(CausalityInterfaceForComposites.java:696)
	at ptolemy.actor.util.CausalityInterfaceForComposites._computeActorDepth(CausalityInterfaceForComposites.java:532)
	at ptolemy.actor.util.CausalityInterfaceForComposites.checkForCycles(CausalityInterfaceForComposites.java:96)
	at ptolemy.domains.de.kernel.DEDirector.preinitialize(DEDirector.java:1338)
	at ptolemy.actor.CompositeActor.preinitialize(CompositeActor.java:1828)
	at ptolemy.actor.Manager.preinitializeAndResolveTypes(Manager.java:1040)
	at ptolemy.actor.Manager.initialize(Manager.java:710)
	at ptolemy.actor.Manager.execute(Manager.java:356)
	at ptolemy.actor.Manager.run(Manager.java:1263)
	at ptolemy.actor.Manager$PtolemyRunThread.run(Manager.java:1915)
]]></system-err>
</testsuite>
