<?xml version="1.0" encoding="UTF-8" ?>
<testsuite errors="0" failures="0" hostname="travis-job-072f4476-14fd-430e-a47e-6c30a45edd9b" name="ptolemy.domains.de.test.junit.JUnitTclTest" skipped="0" tests="101" time="134.403" timestamp="2019-06-29T04:41:27">
  <properties>
[...]
</properties>
  <testcase classname="ptolemy.util.test.junit.TclTests" name="[0] /home/travis/build/icyphy/ptII/ptolemy/domains/de/test/DependencyLoop.tcl (RunTclFile)" time="0.957" />
  <testcase classname="ptolemy.util.test.junit.TclTests" name="[1] /home/travis/build/icyphy/ptII/ptolemy/domains/de/test/RunDETestsAsQSS.tcl (RunTclFile)" time="91.571" />
  <testcase classname="ptolemy.util.test.junit.AutoKnownFailedTests" name="[0] /home/travis/build/icyphy/ptII/ptolemy/domains/de/test/auto/knownFailedTests/DESDFClockTest.xml (RunModel)" time="2.046" />
  <testcase classname="ptolemy.util.test.junit.AutoKnownFailedTests" name="[1] /home/travis/build/icyphy/ptII/ptolemy/domains/de/test/auto/knownFailedTests/DirectFeedback.xml (RunModel)" time="0.018" />
  <testcase classname="ptolemy.util.test.junit.AutoKnownFailedTests" name="[2] /home/travis/build/icyphy/ptII/ptolemy/domains/de/test/auto/knownFailedTests/FSMSource.xml (RunModel)" time="0.048" />
  <testcase classname="ptolemy.util.test.junit.AutoKnownFailedTests" name="[3] /home/travis/build/icyphy/ptII/ptolemy/domains/de/test/auto/knownFailedTests/HierarchicalModel.xml (RunModel)" time="0.048" />
  <testcase classname="ptolemy.util.test.junit.AutoKnownFailedTests" name="[4] /home/travis/build/icyphy/ptII/ptolemy/domains/de/test/auto/knownFailedTests/dependencyLoop.xml (RunModel)" time="0.053" />
  <testcase classname="ptolemy.util.test.junit.AutoKnownFailedTests" name="[5] /home/travis/build/icyphy/ptII/ptolemy/domains/de/test/auto/knownFailedTests/dependencyLoop2.xml (RunModel)" time="0.038" />
  <testcase classname="ptolemy.util.test.junit.AutoNameArchTests" name="[0] ThereAreNoAutoArchTests (RunModel)" time="0.001" />
  <testcase classname="ptolemy.util.test.junit.AutoTests" name="[0] /home/travis/build/icyphy/ptII/ptolemy/domains/de/test/auto/ActorDepthCalculation_actorWithoutPorts.xml (RunModel)" time="0.03" />
  <testcase classname="ptolemy.util.test.junit.AutoTests" name="[1] /home/travis/build/icyphy/ptII/ptolemy/domains/de/test/auto/AssemblyLine.xml (RunModel)" time="0.028" />
  <testcase classname="ptolemy.util.test.junit.AutoTests" name="[2] /home/travis/build/icyphy/ptII/ptolemy/domains/de/test/auto/CQBug1.xml (RunModel)" time="0.013" />
  <testcase classname="ptolemy.util.test.junit.AutoTests" name="[3] /home/travis/build/icyphy/ptII/ptolemy/domains/de/test/auto/CancelFireAt.xml (RunModel)" time="0.012" />
  <testcase classname="ptolemy.util.test.junit.AutoTests" name="[4] /home/travis/build/icyphy/ptII/ptolemy/domains/de/test/auto/CausalityAndComposabilityAnalysis.xml (RunModel)" time="0.014" />
  <testcase classname="ptolemy.util.test.junit.AutoTests" name="[5] /home/travis/build/icyphy/ptII/ptolemy/domains/de/test/auto/CausalityInterface1.xml (RunModel)" time="0.027" />
  <testcase classname="ptolemy.util.test.junit.AutoTests" name="[6] /home/travis/build/icyphy/ptII/ptolemy/domains/de/test/auto/CausalityInterface15.xml (RunModel)" time="0.016" />
  <testcase classname="ptolemy.util.test.junit.AutoTests" name="[7] /home/travis/build/icyphy/ptII/ptolemy/domains/de/test/auto/CausalityInterface2.xml (RunModel)" time="0.03" />
  <testcase classname="ptolemy.util.test.junit.AutoTests" name="[8] /home/travis/build/icyphy/ptII/ptolemy/domains/de/test/auto/CausalityInterface3.xml (RunModel)" time="0.013" />
  <testcase classname="ptolemy.util.test.junit.AutoTests" name="[9] /home/travis/build/icyphy/ptII/ptolemy/domains/de/test/auto/ClockDrift.xml (RunModel)" time="0.04" />
  <testcase classname="ptolemy.util.test.junit.AutoTests" name="[10] /home/travis/build/icyphy/ptII/ptolemy/domains/de/test/auto/ClockDriftAndValueChange.xml (RunModel)" time="0.032" />
  <testcase classname="ptolemy.util.test.junit.AutoTests" name="[11] /home/travis/build/icyphy/ptII/ptolemy/domains/de/test/auto/ClockDriftChange.xml (RunModel)" time="0.042" />
  <testcase classname="ptolemy.util.test.junit.AutoTests" name="[12] /home/travis/build/icyphy/ptII/ptolemy/domains/de/test/auto/ComposableCausalityAnalysis.xml (RunModel)" time="0.015" />
  <testcase classname="ptolemy.util.test.junit.AutoTests" name="[13] /home/travis/build/icyphy/ptII/ptolemy/domains/de/test/auto/DEFixedPointLimitation.xml (RunModel)" time="0.011" />
  <testcase classname="ptolemy.util.test.junit.AutoTests" name="[14] /home/travis/build/icyphy/ptII/ptolemy/domains/de/test/auto/DEScheduleTest.xml (RunModel)" time="0.011" />
  <testcase classname="ptolemy.util.test.junit.AutoTests" name="[15] /home/travis/build/icyphy/ptII/ptolemy/domains/de/test/auto/DEinDEwithStartTimes.xml (RunModel)" time="0.017" />
  <testcase classname="ptolemy.util.test.junit.AutoTests" name="[16] /home/travis/build/icyphy/ptII/ptolemy/domains/de/test/auto/DEinDEwithStartTimes2.xml (RunModel)" time="0.015" />
  <testcase classname="ptolemy.util.test.junit.AutoTests" name="[17] /home/travis/build/icyphy/ptII/ptolemy/domains/de/test/auto/DateDemo.xml (RunModel)" time="0.033" />
  <testcase classname="ptolemy.util.test.junit.AutoTests" name="[18] /home/travis/build/icyphy/ptII/ptolemy/domains/de/test/auto/DateToEvent.xml (RunModel)" time="2.044" />
  <testcase classname="ptolemy.util.test.junit.AutoTests" name="[19] /home/travis/build/icyphy/ptII/ptolemy/domains/de/test/auto/DepthTest1.xml (RunModel)" time="0.007" />
  <testcase classname="ptolemy.util.test.junit.AutoTests" name="[20] /home/travis/build/icyphy/ptII/ptolemy/domains/de/test/auto/DepthTest2.xml (RunModel)" time="0.02" />
  <testcase classname="ptolemy.util.test.junit.AutoTests" name="[21] /home/travis/build/icyphy/ptII/ptolemy/domains/de/test/auto/DepthTest3.xml (RunModel)" time="0.013" />
  <testcase classname="ptolemy.util.test.junit.AutoTests" name="[22] /home/travis/build/icyphy/ptII/ptolemy/domains/de/test/auto/DepthTest4.xml (RunModel)" time="0.025" />
  <testcase classname="ptolemy.util.test.junit.AutoTests" name="[23] /home/travis/build/icyphy/ptII/ptolemy/domains/de/test/auto/DepthTest5.xml (RunModel)" time="0.014" />
  <testcase classname="ptolemy.util.test.junit.AutoTests" name="[24] /home/travis/build/icyphy/ptII/ptolemy/domains/de/test/auto/DepthTest6.xml (RunModel)" time="0.015" />
  <testcase classname="ptolemy.util.test.junit.AutoTests" name="[25] /home/travis/build/icyphy/ptII/ptolemy/domains/de/test/auto/DepthTest7.xml (RunModel)" time="0.011" />
  <testcase classname="ptolemy.util.test.junit.AutoTests" name="[26] /home/travis/build/icyphy/ptII/ptolemy/domains/de/test/auto/EventToDate.xml (RunModel)" time="3.038" />
  <testcase classname="ptolemy.util.test.junit.AutoTests" name="[27] /home/travis/build/icyphy/ptII/ptolemy/domains/de/test/auto/FSM1.xml (RunModel)" time="0.041" />
  <testcase classname="ptolemy.util.test.junit.AutoTests" name="[28] /home/travis/build/icyphy/ptII/ptolemy/domains/de/test/auto/FSM7.xml (RunModel)" time="0.048" />
  <testcase classname="ptolemy.util.test.junit.AutoTests" name="[29] /home/travis/build/icyphy/ptII/ptolemy/domains/de/test/auto/Inspection.xml (RunModel)" time="0.046" />
  <testcase classname="ptolemy.util.test.junit.AutoTests" name="[30] /home/travis/build/icyphy/ptII/ptolemy/domains/de/test/auto/Iteration.xml (RunModel)" time="0.032" />
  <testcase classname="ptolemy.util.test.junit.AutoTests" name="[31] /home/travis/build/icyphy/ptII/ptolemy/domains/de/test/auto/LineFault.xml (RunModel)" time="0.596" />
  <testcase classname="ptolemy.util.test.junit.AutoTests" name="[32] /home/travis/build/icyphy/ptII/ptolemy/domains/de/test/auto/MergeModel1Add.xml (RunModel)" time="0.06" />
  <testcase classname="ptolemy.util.test.junit.AutoTests" name="[33] /home/travis/build/icyphy/ptII/ptolemy/domains/de/test/auto/MergeModel2Add.xml (RunModel)" time="0.047" />
  <testcase classname="ptolemy.util.test.junit.AutoTests" name="[34] /home/travis/build/icyphy/ptII/ptolemy/domains/de/test/auto/MergeModel3Add.xml (RunModel)" time="0.049" />
  <testcase classname="ptolemy.util.test.junit.AutoTests" name="[35] /home/travis/build/icyphy/ptII/ptolemy/domains/de/test/auto/MergeWithoutDiscard.xml (RunModel)" time="0.013" />
  <testcase classname="ptolemy.util.test.junit.AutoTests" name="[36] /home/travis/build/icyphy/ptII/ptolemy/domains/de/test/auto/Modal1.xml (RunModel)" time="0.049" />
  <testcase classname="ptolemy.util.test.junit.AutoTests" name="[37] /home/travis/build/icyphy/ptII/ptolemy/domains/de/test/auto/Modal2.xml (RunModel)" time="0.037" />
  <testcase classname="ptolemy.util.test.junit.AutoTests" name="[38] /home/travis/build/icyphy/ptII/ptolemy/domains/de/test/auto/Modal3.xml (RunModel)" time="0.028" />
  <testcase classname="ptolemy.util.test.junit.AutoTests" name="[39] /home/travis/build/icyphy/ptII/ptolemy/domains/de/test/auto/Modal4.xml (RunModel)" time="0.037" />
  <testcase classname="ptolemy.util.test.junit.AutoTests" name="[40] /home/travis/build/icyphy/ptII/ptolemy/domains/de/test/auto/Modal5.xml (RunModel)" time="0.047" />
  <testcase classname="ptolemy.util.test.junit.AutoTests" name="[41] /home/travis/build/icyphy/ptII/ptolemy/domains/de/test/auto/Modal6.xml (RunModel)" time="0.031" />
  <testcase classname="ptolemy.util.test.junit.AutoTests" name="[42] /home/travis/build/icyphy/ptII/ptolemy/domains/de/test/auto/Modal7.xml (RunModel)" time="0.029" />
  <testcase classname="ptolemy.util.test.junit.AutoTests" name="[43] /home/travis/build/icyphy/ptII/ptolemy/domains/de/test/auto/ModalModel.xml (RunModel)" time="0.219" />
  <testcase classname="ptolemy.util.test.junit.AutoTests" name="[44] /home/travis/build/icyphy/ptII/ptolemy/domains/de/test/auto/ModalSource.xml (RunModel)" time="0.024" />
  <testcase classname="ptolemy.util.test.junit.AutoTests" name="[45] /home/travis/build/icyphy/ptII/ptolemy/domains/de/test/auto/NonInterruptibleTimerZeroDelay.xml (RunModel)" time="0.016" />
  <testcase classname="ptolemy.util.test.junit.AutoTests" name="[46] /home/travis/build/icyphy/ptII/ptolemy/domains/de/test/auto/OpenQueueingNetwork.xml (RunModel)" time="2.8" />
  <testcase classname="ptolemy.util.test.junit.AutoTests" name="[47] /home/travis/build/icyphy/ptII/ptolemy/domains/de/test/auto/OpenQueuingNetwork.xml (RunModel)" time="0.307" />
  <testcase classname="ptolemy.util.test.junit.AutoTests" name="[48] /home/travis/build/icyphy/ptII/ptolemy/domains/de/test/auto/PeriodicSampler.xml (RunModel)" time="0.012" />
  <testcase classname="ptolemy.util.test.junit.AutoTests" name="[49] /home/travis/build/icyphy/ptII/ptolemy/domains/de/test/auto/PersistentIO.xml (RunModel)" time="0.031" />
  <testcase classname="ptolemy.util.test.junit.AutoTests" name="[50] /home/travis/build/icyphy/ptII/ptolemy/domains/de/test/auto/PortParameterResetOnInitialize.xml (RunModel)" time="0.012" />
  <testcase classname="ptolemy.util.test.junit.AutoTests" name="[51] /home/travis/build/icyphy/ptII/ptolemy/domains/de/test/auto/PortParameterUpdates.xml (RunModel)" time="0.014" />
  <testcase classname="ptolemy.util.test.junit.AutoTests" name="[52] /home/travis/build/icyphy/ptII/ptolemy/domains/de/test/auto/QueueAndServer.xml (RunModel)" time="0.024" />
  <testcase classname="ptolemy.util.test.junit.AutoTests" name="[53] /home/travis/build/icyphy/ptII/ptolemy/domains/de/test/auto/Records.xml (RunModel)" time="0.02" />
  <testcase classname="ptolemy.util.test.junit.AutoTests" name="[54] /home/travis/build/icyphy/ptII/ptolemy/domains/de/test/auto/ResetTransitionWithStartTime1.xml (RunModel)" time="0.018" />
  <testcase classname="ptolemy.util.test.junit.AutoTests" name="[55] /home/travis/build/icyphy/ptII/ptolemy/domains/de/test/auto/ResetTransitionWithStartTime2.xml (RunModel)" time="0.017" />
  <testcase classname="ptolemy.util.test.junit.AutoTests" name="[56] /home/travis/build/icyphy/ptII/ptolemy/domains/de/test/auto/ResetTransitionWithStartTime3.xml (RunModel)" time="0.022" />
  <testcase classname="ptolemy.util.test.junit.AutoTests" name="[57] /home/travis/build/icyphy/ptII/ptolemy/domains/de/test/auto/ResetTransitionWithStartTime4.xml (RunModel)" time="0.017" />
  <testcase classname="ptolemy.util.test.junit.AutoTests" name="[58] /home/travis/build/icyphy/ptII/ptolemy/domains/de/test/auto/ResettableTimer1.xml (RunModel)" time="0.01" />
  <testcase classname="ptolemy.util.test.junit.AutoTests" name="[59] /home/travis/build/icyphy/ptII/ptolemy/domains/de/test/auto/ResettableTimer2.xml (RunModel)" time="0.009" />
  <testcase classname="ptolemy.util.test.junit.AutoTests" name="[60] /home/travis/build/icyphy/ptII/ptolemy/domains/de/test/auto/ResettableTimer3.xml (RunModel)" time="0.013" />
  <testcase classname="ptolemy.util.test.junit.AutoTests" name="[61] /home/travis/build/icyphy/ptII/ptolemy/domains/de/test/auto/ResettableTimer4.xml (RunModel)" time="0.014" />
  <testcase classname="ptolemy.util.test.junit.AutoTests" name="[62] /home/travis/build/icyphy/ptII/ptolemy/domains/de/test/auto/ResettableTimer5.xml (RunModel)" time="0.011" />
  <testcase classname="ptolemy.util.test.junit.AutoTests" name="[63] /home/travis/build/icyphy/ptII/ptolemy/domains/de/test/auto/ResettableTimer6.xml (RunModel)" time="0.019" />
  <testcase classname="ptolemy.util.test.junit.AutoTests" name="[64] /home/travis/build/icyphy/ptII/ptolemy/domains/de/test/auto/ServerZeroDelay.xml (RunModel)" time="0.013" />
  <testcase classname="ptolemy.util.test.junit.AutoTests" name="[65] /home/travis/build/icyphy/ptII/ptolemy/domains/de/test/auto/SmartSender.xml (RunModel)" time="3.012" />
  <testcase classname="ptolemy.util.test.junit.AutoTests" name="[66] /home/travis/build/icyphy/ptII/ptolemy/domains/de/test/auto/ThreadedComposite.xml (RunModel)" time="0.136" />
  <testcase classname="ptolemy.util.test.junit.AutoTests" name="[67] /home/travis/build/icyphy/ptII/ptolemy/domains/de/test/auto/Time.xml (RunModel)" time="0.468" />
  <testcase classname="ptolemy.util.test.junit.AutoTests" name="[68] /home/travis/build/icyphy/ptII/ptolemy/domains/de/test/auto/TimeDelayZeroDelay.xml (RunModel)" time="0.014" />
  <testcase classname="ptolemy.util.test.junit.AutoTests" name="[69] /home/travis/build/icyphy/ptII/ptolemy/domains/de/test/auto/TimerZeroDelay.xml (RunModel)" time="0.009" />
  <testcase classname="ptolemy.util.test.junit.AutoTests" name="[70] /home/travis/build/icyphy/ptII/ptolemy/domains/de/test/auto/TimingParadox.xml (RunModel)" time="0.376" />
  <testcase classname="ptolemy.util.test.junit.AutoTests" name="[71] /home/travis/build/icyphy/ptII/ptolemy/domains/de/test/auto/TransferInputs.xml (RunModel)" time="0.013" />
  <testcase classname="ptolemy.util.test.junit.AutoTests" name="[72] /home/travis/build/icyphy/ptII/ptolemy/domains/de/test/auto/TransferOutputs2.xml (RunModel)" time="0.016" />
  <testcase classname="ptolemy.util.test.junit.AutoTests" name="[73] /home/travis/build/icyphy/ptII/ptolemy/domains/de/test/auto/Trilateration.xml (RunModel)" time="12.321" />
  <testcase classname="ptolemy.util.test.junit.AutoTests" name="[74] /home/travis/build/icyphy/ptII/ptolemy/domains/de/test/auto/TwoSigmaDelta.xml (RunModel)" time="2.152" />
  <testcase classname="ptolemy.util.test.junit.AutoTests" name="[75] /home/travis/build/icyphy/ptII/ptolemy/domains/de/test/auto/VariableDelay.xml (RunModel)" time="0.012" />
  <testcase classname="ptolemy.util.test.junit.AutoTests" name="[76] /home/travis/build/icyphy/ptII/ptolemy/domains/de/test/auto/VariableDelay2.xml (RunModel)" time="0.008" />
  <testcase classname="ptolemy.util.test.junit.AutoTests" name="[77] /home/travis/build/icyphy/ptII/ptolemy/domains/de/test/auto/VariableDelayZeroDelay.xml (RunModel)" time="0.011" />
  <testcase classname="ptolemy.util.test.junit.AutoTests" name="[78] /home/travis/build/icyphy/ptII/ptolemy/domains/de/test/auto/VariableDelayZeroDelay2.xml (RunModel)" time="0.013" />
  <testcase classname="ptolemy.util.test.junit.AutoTests" name="[79] /home/travis/build/icyphy/ptII/ptolemy/domains/de/test/auto/deInCt.xml (RunModel)" time="0.016" />
  <testcase classname="ptolemy.util.test.junit.AutoTests" name="[80] /home/travis/build/icyphy/ptII/ptolemy/domains/de/test/auto/deInCt2.xml (RunModel)" time="0.023" />
  <testcase classname="ptolemy.util.test.junit.AutoTests" name="[81] /home/travis/build/icyphy/ptII/ptolemy/domains/de/test/auto/dynamicCausalityInterface1.xml (RunModel)" time="0.027" />
  <testcase classname="ptolemy.util.test.junit.AutoTests" name="[82] /home/travis/build/icyphy/ptII/ptolemy/domains/de/test/auto/fsm_de_test.xml (RunModel)" time="0.033" />
  <testcase classname="ptolemy.util.test.junit.AutoTests" name="[83] /home/travis/build/icyphy/ptII/ptolemy/domains/de/test/auto/functionDependencyReconstruction.xml (RunModel)" time="0.031" />
  <testcase classname="ptolemy.util.test.junit.AutoTests" name="[84] /home/travis/build/icyphy/ptII/ptolemy/domains/de/test/auto/multirate.xml (RunModel)" time="0.016" />
  <testcase classname="ptolemy.util.test.junit.AutoTests" name="[85] /home/travis/build/icyphy/ptII/ptolemy/domains/de/test/auto/multirate2.xml (RunModel)" time="0.032" />
  <testcase classname="ptolemy.util.test.junit.AutoTests" name="[86] /home/travis/build/icyphy/ptII/ptolemy/domains/de/test/auto/realtime.xml (RunModel)" time="10.011" />
  <testcase classname="ptolemy.util.test.junit.AutoTests" name="[87] /home/travis/build/icyphy/ptII/ptolemy/domains/de/test/auto/relationGroup.xml (RunModel)" time="0.014" />
  <testcase classname="ptolemy.util.test.junit.AutoTests" name="[88] /home/travis/build/icyphy/ptII/ptolemy/domains/de/test/auto/relationGroup2.xml (RunModel)" time="0.009" />
  <testcase classname="ptolemy.util.test.junit.AutoTests" name="[89] /home/travis/build/icyphy/ptII/ptolemy/domains/de/test/auto/sortWithOpaquePorts.xml (RunModel)" time="0.015" />
  <testcase classname="ptolemy.util.test.junit.AutoTests" name="[90] /home/travis/build/icyphy/ptII/ptolemy/domains/de/test/auto/transferInputsandOutputs.xml (RunModel)" time="0.017" />
  <testcase classname="ptolemy.util.test.junit.AutoTests" name="[91] /home/travis/build/icyphy/ptII/ptolemy/domains/de/test/auto/triggerType.xml (RunModel)" time="0.01" />
  <system-out><![CDATA[/home/travis/build/icyphy/ptII/ptolemy/domains/de/test/DependencyLoop.tcl
testDefs.tcl: setting time out to 9000 seconds at Sat Jun 29 04:41:27 UTC 2019
78 ms. Memory: 120832K Free: 99496K (82%)
25 ms. Memory: 160768K Free: 143376K (89%)
/home/travis/build/icyphy/ptII/ptolemy/domains/de/test/RunDETestsAsQSS.tcl
Run the DE tests using ptolemy.domains.qss.test.QSSDirectorTest, which extends QSSDirector and prints a message in the constructors.
------------------ testing $PTII/ptolemy/domains/de/test/auto/knownFailedTests/DirectFeedback.xml (Known Failure) 
33 ms. Memory: 160768K Free: 138278K (86%)


==== $PTIIhome/travis/build/icyphy/ptII/ptolemy/domains/de/test/../../../../: Auto Automatic test in file $PTII/ptolemy/domains/de/test/auto/knownFailedTests/DirectFeedback.xml
==== Contents of test case:

	    # FIXME: we should use $relativeFilename here, but it
	    # might have backslashes under Windows, which causes no end
	    # of trouble.
	    createAndExecute $file
	    list {}
	
.... Test generated KNOWN error:
    while executing
ptolemy.kernel.util.IllegalActionException: Test fails in iteration 1.
Value was: 1.0. Should have been: 2.0
  in .DirectFeedback.Test
	at ptolemy.actor.lib.Test.fire(Test.java:268)
	at ptolemy.domains.de.kernel.DEDirector._fire(DEDirector.java:1949)
	at ptolemy.domains.de.kernel.DEDirector.fire(DEDirector.java:502)
	at ptolemy.actor.CompositeActor.fire(CompositeActor.java:455)
	at ptolemy.actor.Manager.iterate(Manager.java:851)
	at ptolemy.actor.Manager.execute(Manager.java:369)
	at ptolemy.actor.Manager.run(Manager.java:1263)
	at ptolemy.actor.Manager$PtolemyRunThread.run(Manager.java:1915)

    while executing
ptolemy.kernel.util.IllegalActionException: Test fails in iteration 1.
Value was: 1.0. Should have been: 2.0
  in .DirectFeedback.Test
    while executing
"java::new ptolemy.moml.MoMLSimpleApplication $file
"
    (procedure "createAndExecute" line 2)
    invoked from within
"createAndExecute $file"
    ("uplevel" body line 5)
    invoked from within
"uplevel $contents_of_test"
------------------ testing $PTII/ptolemy/domains/de/test/auto/knownFailedTests/dependencyLoop.xml (Known Failure) 
9 ms. Memory: 160768K Free: 135198K (84%)


==== $PTIIhome/travis/build/icyphy/ptII/ptolemy/domains/de/test/../../../../: Auto Automatic test in file $PTII/ptolemy/domains/de/test/auto/knownFailedTests/dependencyLoop.xml
==== Contents of test case:

	    # FIXME: we should use $relativeFilename here, but it
	    # might have backslashes under Windows, which causes no end
	    # of trouble.
	    createAndExecute $file
	    list {}
	
.... Test generated KNOWN error:
    while executing
ptolemy.kernel.util.IllegalActionException: Found a zero delay loop containing .dependencyLoop.original
  in .dependencyLoop and .dependencyLoop.original
	at ptolemy.actor.util.CausalityInterfaceForComposites._computeOutputPortDepth(CausalityInterfaceForComposites.java:759)
	at ptolemy.actor.util.CausalityInterfaceForComposites._computeInputDepth(CausalityInterfaceForComposites.java:696)
	at ptolemy.actor.util.CausalityInterfaceForComposites._computeOutputPortDepth(CausalityInterfaceForComposites.java:765)
	at ptolemy.actor.util.CausalityInterfaceForComposites._computeInputDepth(CausalityInterfaceForComposites.java:696)
	at ptolemy.actor.util.CausalityInterfaceForComposites._computeOutputPortDepth(CausalityInterfaceForComposites.java:765)
	at ptolemy.actor.util.CausalityInterfaceForComposites._computeInputDepth(CausalityInterfaceForComposites.java:696)
	at ptolemy.actor.util.CausalityInterfaceForComposites._computeActorDepth(CausalityInterfaceForComposites.java:532)
	at ptolemy.actor.util.CausalityInterfaceForComposites.checkForCycles(CausalityInterfaceForComposites.java:96)
	at ptolemy.domains.de.kernel.DEDirector.preinitialize(DEDirector.java:1338)
	at ptolemy.actor.CompositeActor.preinitialize(CompositeActor.java:1828)
	at ptolemy.actor.Manager.preinitializeAndResolveTypes(Manager.java:1040)
	at ptolemy.actor.Manager.initialize(Manager.java:710)
	at ptolemy.actor.Manager.execute(Manager.java:356)
	at ptolemy.actor.Manager.run(Manager.java:1263)
	at ptolemy.actor.Manager$PtolemyRunThread.run(Manager.java:1915)

    while executing
ptolemy.kernel.util.IllegalActionException: Found a zero delay loop containing .dependencyLoop.original
  in .dependencyLoop and .dependencyLoop.original
    while executing
"java::new ptolemy.moml.MoMLSimpleApplication $file
"
    (procedure "createAndExecute" line 2)
    invoked from within
"createAndExecute $file"
    ("uplevel" body line 5)
    invoked from within
"uplevel $contents_of_test"
------------------ testing $PTII/ptolemy/domains/de/test/auto/knownFailedTests/FSMSource.xml (Known Failure) 
82 ms. Memory: 160768K Free: 126319K (79%)
!!!! Auto was marked as failing, but now passes
------------------ testing $PTII/ptolemy/domains/de/test/auto/knownFailedTests/HierarchicalModel.xml (Known Failure) 
11 ms. Memory: 160768K Free: 141212K (88%)


==== $PTIIhome/travis/build/icyphy/ptII/ptolemy/domains/de/test/../../../../: Auto Automatic test in file $PTII/ptolemy/domains/de/test/auto/knownFailedTests/HierarchicalModel.xml
==== Contents of test case:

	    # FIXME: we should use $relativeFilename here, but it
	    # might have backslashes under Windows, which causes no end
	    # of trouble.
	    createAndExecute $file
	    list {}
	
.... Test generated KNOWN error:
    while executing
ptolemy.kernel.util.IllegalActionException: Found a zero delay loop containing .HierarchicalModel.A
  in .HierarchicalModel and .HierarchicalModel.A
	at ptolemy.actor.util.CausalityInterfaceForComposites._computeOutputPortDepth(CausalityInterfaceForComposites.java:759)
	at ptolemy.actor.util.CausalityInterfaceForComposites._computeInputDepth(CausalityInterfaceForComposites.java:696)
	at ptolemy.actor.util.CausalityInterfaceForComposites._computeOutputPortDepth(CausalityInterfaceForComposites.java:765)
	at ptolemy.actor.util.CausalityInterfaceForComposites._computeInputDepth(CausalityInterfaceForComposites.java:696)
	at ptolemy.actor.util.CausalityInterfaceForComposites._computeOutputPortDepth(CausalityInterfaceForComposites.java:765)
	at ptolemy.actor.util.CausalityInterfaceForComposites._computeInputDepth(CausalityInterfaceForComposites.java:696)
	at ptolemy.actor.util.CausalityInterfaceForComposites._computeActorDepth(CausalityInterfaceForComposites.java:532)
	at ptolemy.actor.util.CausalityInterfaceForComposites.checkForCycles(CausalityInterfaceForComposites.java:96)
	at ptolemy.domains.de.kernel.DEDirector.preinitialize(DEDirector.java:1338)
	at ptolemy.actor.CompositeActor.preinitialize(CompositeActor.java:1828)
	at ptolemy.actor.Manager.preinitializeAndResolveTypes(Manager.java:1040)
	at ptolemy.actor.Manager.initialize(Manager.java:710)
	at ptolemy.actor.Manager.execute(Manager.java:356)
	at ptolemy.actor.Manager.run(Manager.java:1263)
	at ptolemy.actor.Manager$PtolemyRunThread.run(Manager.java:1915)

    while executing
ptolemy.kernel.util.IllegalActionException: Found a zero delay loop containing .HierarchicalModel.A
  in .HierarchicalModel and .HierarchicalModel.A
    while executing
"java::new ptolemy.moml.MoMLSimpleApplication $file
"
    (procedure "createAndExecute" line 2)
    invoked from within
"createAndExecute $file"
    ("uplevel" body line 5)
    invoked from within
"uplevel $contents_of_test"
------------------ testing $PTII/ptolemy/domains/de/test/auto/knownFailedTests/dependencyLoop2.xml (Known Failure) 
5 ms. Memory: 160768K Free: 125312K (78%)


==== $PTIIhome/travis/build/icyphy/ptII/ptolemy/domains/de/test/../../../../: Auto Automatic test in file $PTII/ptolemy/domains/de/test/auto/knownFailedTests/dependencyLoop2.xml
==== Contents of test case:

	    # FIXME: we should use $relativeFilename here, but it
	    # might have backslashes under Windows, which causes no end
	    # of trouble.
	    createAndExecute $file
	    list {}
	
.... Test generated KNOWN error:
    while executing
ptolemy.kernel.util.IllegalActionException: Found a zero delay loop containing .dependencyLoop2.original
  in .dependencyLoop2 and .dependencyLoop2.original
	at ptolemy.actor.util.CausalityInterfaceForComposites._computeOutputPortDepth(CausalityInterfaceForComposites.java:759)
	at ptolemy.actor.util.CausalityInterfaceForComposites._computeInputDepth(CausalityInterfaceForComposites.java:696)
	at ptolemy.actor.util.CausalityInterfaceForComposites._computeOutputPortDepth(CausalityInterfaceForComposites.java:765)
	at ptolemy.actor.util.CausalityInterfaceForComposites._computeInputDepth(CausalityInterfaceForComposites.java:696)
	at ptolemy.actor.util.CausalityInterfaceForComposites._computeOutputPortDepth(CausalityInterfaceForComposites.java:765)
	at ptolemy.actor.util.CausalityInterfaceForComposites._computeInputDepth(CausalityInterfaceForComposites.java:696)
	at ptolemy.actor.util.CausalityInterfaceForComposites._computeActorDepth(CausalityInterfaceForComposites.java:532)
	at ptolemy.actor.util.CausalityInterfaceForComposites.checkForCycles(CausalityInterfaceForComposites.java:96)
	at ptolemy.domains.de.kernel.DEDirector.preinitialize(DEDirector.java:1338)
	at ptolemy.actor.CompositeActor.preinitialize(CompositeActor.java:1828)
	at ptolemy.actor.Manager.preinitializeAndResolveTypes(Manager.java:1040)
	at ptolemy.actor.Manager.initialize(Manager.java:710)
	at ptolemy.actor.Manager.execute(Manager.java:356)
	at ptolemy.actor.Manager.run(Manager.java:1263)
	at ptolemy.actor.Manager$PtolemyRunThread.run(Manager.java:1915)

    while executing
ptolemy.kernel.util.IllegalActionException: Found a zero delay loop containing .dependencyLoop2.original
  in .dependencyLoop2 and .dependencyLoop2.original
    while executing
"java::new ptolemy.moml.MoMLSimpleApplication $file
"
    (procedure "createAndExecute" line 2)
    invoked from within
"createAndExecute $file"
    ("uplevel" body line 5)
    invoked from within
"uplevel $contents_of_test"
------------------ testing $PTII/ptolemy/domains/de/test/auto/knownFailedTests/DESDFClockTest.xml (Known Failure) 
2064 ms. Memory: 160768K Free: 112564K (70%)


==== $PTIIhome/travis/build/icyphy/ptII/ptolemy/domains/de/test/../../../../: Auto Automatic test in file $PTII/ptolemy/domains/de/test/auto/knownFailedTests/DESDFClockTest.xml
==== Contents of test case:

	    # FIXME: we should use $relativeFilename here, but it
	    # might have backslashes under Windows, which causes no end
	    # of trouble.
	    createAndExecute $file
	    list {}
	
.... Test generated KNOWN error:
    while executing
ptolemy.kernel.util.IllegalActionException: Actor is not ready to fire.  Perhaps UpSample.prefire() returned false? Try debugging the actor by selecting "Listen to Actor".  Also, for SDF check moml for tokenConsumptionRate on input.
  in .DESDFClockTest.Play Bell.Copy1:SDF Director and .DESDFClockTest.Play Bell.UpSample
	at ptolemy.actor.sched.StaticSchedulingDirector.fire(StaticSchedulingDirector.java:227)
	at ptolemy.domains.sdf.kernel.SDFDirector.fire(SDFDirector.java:500)
	at ptolemy.actor.CompositeActor.fire(CompositeActor.java:455)
	at ptolemy.domains.de.kernel.DEDirector._fire(DEDirector.java:1949)
	at ptolemy.domains.de.kernel.DEDirector.fire(DEDirector.java:502)
	at ptolemy.actor.CompositeActor.fire(CompositeActor.java:455)
	at ptolemy.actor.Manager.iterate(Manager.java:851)
	at ptolemy.actor.Manager.execute(Manager.java:369)
	at ptolemy.actor.Manager.run(Manager.java:1263)
	at ptolemy.actor.Manager$PtolemyRunThread.run(Manager.java:1915)

    while executing
ptolemy.kernel.util.IllegalActionException: Actor is not ready to fire.  Perhaps UpSample.prefire() returned false? Try debugging the actor by selecting "Listen to Actor".  Also, for SDF check moml for tokenConsumptionRate on input.
  in .DESDFClockTest.Play Bell.Copy1:SDF Director and .DESDFClockTest.Play Bell.UpSample
    while executing
"java::new ptolemy.moml.MoMLSimpleApplication $file
"
    (procedure "createAndExecute" line 2)
    invoked from within
"createAndExecute $file"
    ("uplevel" body line 5)
    invoked from within
"uplevel $contents_of_test"
------------------ testing $PTII/ptolemy/domains/de/test/auto/ActorDepthCalculation_actorWithoutPorts.xml
auto.tcl: Setting watchdog for 200 seconds at Sat Jun 29 04:41:31 UTC 2019
4 ms. Memory: 160768K Free: 105342K (66%)
ptolemy.util.test.WatchDog.cancel(): canceling Sat Jun 29 04:41:31 UTC 2019
auto.tcl: Setting watchdog for 200 seconds at Sat Jun 29 04:41:31 UTC 2019
4 ms. Memory: 160768K Free: 104313K (65%)
ptolemy.util.test.WatchDog.cancel(): canceling Sat Jun 29 04:41:31 UTC 2019
------------------ testing $PTII/ptolemy/domains/de/test/auto/AssemblyLine.xml
auto.tcl: Setting watchdog for 200 seconds at Sat Jun 29 04:41:32 UTC 2019
9 ms. Memory: 48128K Free: 26638K (55%)
ptolemy.util.test.WatchDog.cancel(): canceling Sat Jun 29 04:41:32 UTC 2019
auto.tcl: Setting watchdog for 200 seconds at Sat Jun 29 04:41:32 UTC 2019
7 ms. Memory: 48128K Free: 25929K (54%)
ptolemy.util.test.WatchDog.cancel(): canceling Sat Jun 29 04:41:32 UTC 2019
------------------ testing $PTII/ptolemy/domains/de/test/auto/CQBug1.xml
auto.tcl: Setting watchdog for 200 seconds at Sat Jun 29 04:41:32 UTC 2019
3 ms. Memory: 48128K Free: 32120K (67%)
ptolemy.util.test.WatchDog.cancel(): canceling Sat Jun 29 04:41:32 UTC 2019
auto.tcl: Setting watchdog for 200 seconds at Sat Jun 29 04:41:32 UTC 2019
2 ms. Memory: 48128K Free: 31774K (66%)
ptolemy.util.test.WatchDog.cancel(): canceling Sat Jun 29 04:41:32 UTC 2019
------------------ testing $PTII/ptolemy/domains/de/test/auto/CancelFireAt.xml
auto.tcl: Setting watchdog for 200 seconds at Sat Jun 29 04:41:32 UTC 2019
3 ms. Memory: 48128K Free: 33083K (69%)
ptolemy.util.test.WatchDog.cancel(): canceling Sat Jun 29 04:41:32 UTC 2019
auto.tcl: Setting watchdog for 200 seconds at Sat Jun 29 04:41:32 UTC 2019
2 ms. Memory: 48128K Free: 32721K (68%)
ptolemy.util.test.WatchDog.cancel(): canceling Sat Jun 29 04:41:32 UTC 2019
------------------ testing $PTII/ptolemy/domains/de/test/auto/CausalityAndComposabilityAnalysis.xml
auto.tcl: Setting watchdog for 200 seconds at Sat Jun 29 04:41:32 UTC 2019
6 ms. Memory: 45056K Free: 28203K (63%)
ptolemy.util.test.WatchDog.cancel(): canceling Sat Jun 29 04:41:32 UTC 2019
auto.tcl: Setting watchdog for 200 seconds at Sat Jun 29 04:41:32 UTC 2019
5 ms. Memory: 45056K Free: 27560K (61%)
ptolemy.util.test.WatchDog.cancel(): canceling Sat Jun 29 04:41:32 UTC 2019
------------------ testing $PTII/ptolemy/domains/de/test/auto/CausalityInterface1.xml
auto.tcl: Setting watchdog for 200 seconds at Sat Jun 29 04:41:32 UTC 2019
34 ms. Memory: 45056K Free: 26773K (59%)
ptolemy.util.test.WatchDog.cancel(): canceling Sat Jun 29 04:41:32 UTC 2019
auto.tcl: Setting watchdog for 200 seconds at Sat Jun 29 04:41:32 UTC 2019
4 ms. Memory: 45056K Free: 25968K (58%)
ptolemy.util.test.WatchDog.cancel(): canceling Sat Jun 29 04:41:32 UTC 2019
------------------ testing $PTII/ptolemy/domains/de/test/auto/CausalityInterface15.xml
auto.tcl: Setting watchdog for 200 seconds at Sat Jun 29 04:41:32 UTC 2019
9 ms. Memory: 45056K Free: 27092K (60%)
ptolemy.util.test.WatchDog.cancel(): canceling Sat Jun 29 04:41:32 UTC 2019
auto.tcl: Setting watchdog for 200 seconds at Sat Jun 29 04:41:32 UTC 2019
4 ms. Memory: 45056K Free: 25926K (58%)
ptolemy.util.test.WatchDog.cancel(): canceling Sat Jun 29 04:41:32 UTC 2019
------------------ testing $PTII/ptolemy/domains/de/test/auto/CausalityInterface2.xml
auto.tcl: Setting watchdog for 200 seconds at Sat Jun 29 04:41:32 UTC 2019
6 ms. Memory: 45056K Free: 27445K (61%)
ptolemy.util.test.WatchDog.cancel(): canceling Sat Jun 29 04:41:32 UTC 2019
auto.tcl: Setting watchdog for 200 seconds at Sat Jun 29 04:41:32 UTC 2019
3 ms. Memory: 45056K Free: 26919K (60%)
ptolemy.util.test.WatchDog.cancel(): canceling Sat Jun 29 04:41:32 UTC 2019
------------------ testing $PTII/ptolemy/domains/de/test/auto/CausalityInterface3.xml
auto.tcl: Setting watchdog for 200 seconds at Sat Jun 29 04:41:32 UTC 2019
3 ms. Memory: 45056K Free: 27276K (61%)
ptolemy.util.test.WatchDog.cancel(): canceling Sat Jun 29 04:41:32 UTC 2019
auto.tcl: Setting watchdog for 200 seconds at Sat Jun 29 04:41:32 UTC 2019
6 ms. Memory: 45056K Free: 26450K (59%)
ptolemy.util.test.WatchDog.cancel(): canceling Sat Jun 29 04:41:32 UTC 2019
------------------ testing $PTII/ptolemy/domains/de/test/auto/ClockDrift.xml
auto.tcl: Setting watchdog for 200 seconds at Sat Jun 29 04:41:32 UTC 2019
75 ms. Memory: 45056K Free: 19725K (44%)
ptolemy.util.test.WatchDog.cancel(): canceling Sat Jun 29 04:41:33 UTC 2019
auto.tcl: Setting watchdog for 200 seconds at Sat Jun 29 04:41:33 UTC 2019
61 ms. Memory: 45056K Free: 16725K (37%)
ptolemy.util.test.WatchDog.cancel(): canceling Sat Jun 29 04:41:33 UTC 2019
------------------ testing $PTII/ptolemy/domains/de/test/auto/ClockDriftAndValueChange.xml
auto.tcl: Setting watchdog for 200 seconds at Sat Jun 29 04:41:33 UTC 2019
38 ms. Memory: 45056K Free: 20227K (45%)
ptolemy.util.test.WatchDog.cancel(): canceling Sat Jun 29 04:41:33 UTC 2019
auto.tcl: Setting watchdog for 200 seconds at Sat Jun 29 04:41:33 UTC 2019
20 ms. Memory: 45056K Free: 17305K (38%)
ptolemy.util.test.WatchDog.cancel(): canceling Sat Jun 29 04:41:33 UTC 2019
------------------ testing $PTII/ptolemy/domains/de/test/auto/ClockDriftChange.xml
auto.tcl: Setting watchdog for 200 seconds at Sat Jun 29 04:41:33 UTC 2019
18 ms. Memory: 45056K Free: 21791K (48%)
ptolemy.util.test.WatchDog.cancel(): canceling Sat Jun 29 04:41:33 UTC 2019
auto.tcl: Setting watchdog for 200 seconds at Sat Jun 29 04:41:33 UTC 2019
25 ms. Memory: 45056K Free: 19015K (42%)
ptolemy.util.test.WatchDog.cancel(): canceling Sat Jun 29 04:41:33 UTC 2019
------------------ testing $PTII/ptolemy/domains/de/test/auto/ComposableCausalityAnalysis.xml
auto.tcl: Setting watchdog for 200 seconds at Sat Jun 29 04:41:33 UTC 2019
2 ms. Memory: 45056K Free: 26273K (58%)
ptolemy.util.test.WatchDog.cancel(): canceling Sat Jun 29 04:41:33 UTC 2019
auto.tcl: Setting watchdog for 200 seconds at Sat Jun 29 04:41:33 UTC 2019
4 ms. Memory: 45056K Free: 25470K (57%)
ptolemy.util.test.WatchDog.cancel(): canceling Sat Jun 29 04:41:33 UTC 2019
------------------ testing $PTII/ptolemy/domains/de/test/auto/DEFixedPointLimitation.xml
auto.tcl: Setting watchdog for 200 seconds at Sat Jun 29 04:41:33 UTC 2019
3 ms. Memory: 45056K Free: 27761K (62%)
ptolemy.util.test.WatchDog.cancel(): canceling Sat Jun 29 04:41:33 UTC 2019
auto.tcl: Setting watchdog for 200 seconds at Sat Jun 29 04:41:33 UTC 2019
2 ms. Memory: 45056K Free: 26904K (60%)
ptolemy.util.test.WatchDog.cancel(): canceling Sat Jun 29 04:41:33 UTC 2019
------------------ testing $PTII/ptolemy/domains/de/test/auto/DEScheduleTest.xml
auto.tcl: Setting watchdog for 200 seconds at Sat Jun 29 04:41:33 UTC 2019
5 ms. Memory: 45056K Free: 28084K (62%)
ptolemy.util.test.WatchDog.cancel(): canceling Sat Jun 29 04:41:33 UTC 2019
auto.tcl: Setting watchdog for 200 seconds at Sat Jun 29 04:41:33 UTC 2019
3 ms. Memory: 45056K Free: 27260K (61%)
ptolemy.util.test.WatchDog.cancel(): canceling Sat Jun 29 04:41:33 UTC 2019
------------------ testing $PTII/ptolemy/domains/de/test/auto/DEinDEwithStartTimes.xml
auto.tcl: Setting watchdog for 200 seconds at Sat Jun 29 04:41:33 UTC 2019
3 ms. Memory: 45056K Free: 26337K (58%)
ptolemy.util.test.WatchDog.cancel(): canceling Sat Jun 29 04:41:33 UTC 2019
auto.tcl: Setting watchdog for 200 seconds at Sat Jun 29 04:41:33 UTC 2019
3 ms. Memory: 45056K Free: 25213K (56%)
ptolemy.util.test.WatchDog.cancel(): canceling Sat Jun 29 04:41:33 UTC 2019
------------------ testing $PTII/ptolemy/domains/de/test/auto/DEinDEwithStartTimes2.xml
auto.tcl: Setting watchdog for 200 seconds at Sat Jun 29 04:41:33 UTC 2019
5 ms. Memory: 45056K Free: 25482K (57%)
ptolemy.util.test.WatchDog.cancel(): canceling Sat Jun 29 04:41:33 UTC 2019
auto.tcl: Setting watchdog for 200 seconds at Sat Jun 29 04:41:33 UTC 2019
4 ms. Memory: 45056K Free: 24182K (54%)
ptolemy.util.test.WatchDog.cancel(): canceling Sat Jun 29 04:41:33 UTC 2019
------------------ testing $PTII/ptolemy/domains/de/test/auto/DateDemo.xml
auto.tcl: Setting watchdog for 200 seconds at Sat Jun 29 04:41:33 UTC 2019
14 ms. Memory: 45056K Free: 20228K (45%)
ptolemy.util.test.WatchDog.cancel(): canceling Sat Jun 29 04:41:33 UTC 2019
auto.tcl: Setting watchdog for 200 seconds at Sat Jun 29 04:41:33 UTC 2019
8 ms. Memory: 45056K Free: 18652K (41%)
ptolemy.util.test.WatchDog.cancel(): canceling Sat Jun 29 04:41:33 UTC 2019
------------------ testing $PTII/ptolemy/domains/de/test/auto/DateToEvent.xml
auto.tcl: Setting watchdog for 200 seconds at Sat Jun 29 04:41:34 UTC 2019
2021 ms. Memory: 45056K Free: 15742K (35%)
ptolemy.util.test.WatchDog.cancel(): canceling Sat Jun 29 04:41:36 UTC 2019
auto.tcl: Setting watchdog for 200 seconds at Sat Jun 29 04:41:36 UTC 2019
2013 ms. Memory: 45056K Free: 15068K (33%)
ptolemy.util.test.WatchDog.cancel(): canceling Sat Jun 29 04:41:38 UTC 2019
------------------ testing $PTII/ptolemy/domains/de/test/auto/DepthTest1.xml
auto.tcl: Setting watchdog for 200 seconds at Sat Jun 29 04:41:38 UTC 2019
4 ms. Memory: 45056K Free: 28829K (64%)
ptolemy.util.test.WatchDog.cancel(): canceling Sat Jun 29 04:41:38 UTC 2019
auto.tcl: Setting watchdog for 200 seconds at Sat Jun 29 04:41:38 UTC 2019
2 ms. Memory: 45056K Free: 28502K (63%)
ptolemy.util.test.WatchDog.cancel(): canceling Sat Jun 29 04:41:38 UTC 2019
------------------ testing $PTII/ptolemy/domains/de/test/auto/DepthTest2.xml
auto.tcl: Setting watchdog for 200 seconds at Sat Jun 29 04:41:38 UTC 2019
4 ms. Memory: 45056K Free: 25762K (57%)
ptolemy.util.test.WatchDog.cancel(): canceling Sat Jun 29 04:41:38 UTC 2019
auto.tcl: Setting watchdog for 200 seconds at Sat Jun 29 04:41:38 UTC 2019
3 ms. Memory: 45056K Free: 25155K (56%)
ptolemy.util.test.WatchDog.cancel(): canceling Sat Jun 29 04:41:38 UTC 2019
------------------ testing $PTII/ptolemy/domains/de/test/auto/DepthTest3.xml
auto.tcl: Setting watchdog for 200 seconds at Sat Jun 29 04:41:38 UTC 2019
2 ms. Memory: 45056K Free: 29257K (65%)
ptolemy.util.test.WatchDog.cancel(): canceling Sat Jun 29 04:41:38 UTC 2019
auto.tcl: Setting watchdog for 200 seconds at Sat Jun 29 04:41:38 UTC 2019
3 ms. Memory: 45056K Free: 28825K (64%)
ptolemy.util.test.WatchDog.cancel(): canceling Sat Jun 29 04:41:38 UTC 2019
------------------ testing $PTII/ptolemy/domains/de/test/auto/DepthTest4.xml
auto.tcl: Setting watchdog for 200 seconds at Sat Jun 29 04:41:38 UTC 2019
6 ms. Memory: 45056K Free: 27427K (61%)
ptolemy.util.test.WatchDog.cancel(): canceling Sat Jun 29 04:41:38 UTC 2019
auto.tcl: Setting watchdog for 200 seconds at Sat Jun 29 04:41:38 UTC 2019
2 ms. Memory: 45056K Free: 26504K (59%)
ptolemy.util.test.WatchDog.cancel(): canceling Sat Jun 29 04:41:38 UTC 2019
------------------ testing $PTII/ptolemy/domains/de/test/auto/DepthTest5.xml
auto.tcl: Setting watchdog for 200 seconds at Sat Jun 29 04:41:38 UTC 2019
4 ms. Memory: 45056K Free: 26754K (59%)
ptolemy.util.test.WatchDog.cancel(): canceling Sat Jun 29 04:41:38 UTC 2019
auto.tcl: Setting watchdog for 200 seconds at Sat Jun 29 04:41:38 UTC 2019
3 ms. Memory: 45056K Free: 26117K (58%)
ptolemy.util.test.WatchDog.cancel(): canceling Sat Jun 29 04:41:38 UTC 2019
------------------ testing $PTII/ptolemy/domains/de/test/auto/DepthTest6.xml
auto.tcl: Setting watchdog for 200 seconds at Sat Jun 29 04:41:38 UTC 2019
4 ms. Memory: 45056K Free: 26678K (59%)
ptolemy.util.test.WatchDog.cancel(): canceling Sat Jun 29 04:41:38 UTC 2019
auto.tcl: Setting watchdog for 200 seconds at Sat Jun 29 04:41:38 UTC 2019
3 ms. Memory: 45056K Free: 26095K (58%)
ptolemy.util.test.WatchDog.cancel(): canceling Sat Jun 29 04:41:38 UTC 2019
------------------ testing $PTII/ptolemy/domains/de/test/auto/DepthTest7.xml
auto.tcl: Setting watchdog for 200 seconds at Sat Jun 29 04:41:38 UTC 2019
3 ms. Memory: 45056K Free: 27329K (61%)
ptolemy.util.test.WatchDog.cancel(): canceling Sat Jun 29 04:41:38 UTC 2019
auto.tcl: Setting watchdog for 200 seconds at Sat Jun 29 04:41:38 UTC 2019
2 ms. Memory: 45056K Free: 26436K (59%)
ptolemy.util.test.WatchDog.cancel(): canceling Sat Jun 29 04:41:38 UTC 2019
------------------ testing $PTII/ptolemy/domains/de/test/auto/EventToDate.xml
auto.tcl: Setting watchdog for 200 seconds at Sat Jun 29 04:41:38 UTC 2019
3011 ms. Memory: 45056K Free: 18020K (40%)
ptolemy.util.test.WatchDog.cancel(): canceling Sat Jun 29 04:41:41 UTC 2019
auto.tcl: Setting watchdog for 200 seconds at Sat Jun 29 04:41:41 UTC 2019
3004 ms. Memory: 45056K Free: 17265K (38%)
ptolemy.util.test.WatchDog.cancel(): canceling Sat Jun 29 04:41:44 UTC 2019
------------------ testing $PTII/ptolemy/domains/de/test/auto/FSM1.xml
auto.tcl: Setting watchdog for 200 seconds at Sat Jun 29 04:41:44 UTC 2019
29 ms. Memory: 45056K Free: 19443K (43%)
ptolemy.util.test.WatchDog.cancel(): canceling Sat Jun 29 04:41:44 UTC 2019
auto.tcl: Setting watchdog for 200 seconds at Sat Jun 29 04:41:44 UTC 2019
24 ms. Memory: 45056K Free: 15917K (35%)
ptolemy.util.test.WatchDog.cancel(): canceling Sat Jun 29 04:41:44 UTC 2019
------------------ testing $PTII/ptolemy/domains/de/test/auto/FSM7.xml
auto.tcl: Setting watchdog for 200 seconds at Sat Jun 29 04:41:44 UTC 2019
26 ms. Memory: 45056K Free: 19222K (43%)
ptolemy.util.test.WatchDog.cancel(): canceling Sat Jun 29 04:41:44 UTC 2019
auto.tcl: Setting watchdog for 200 seconds at Sat Jun 29 04:41:44 UTC 2019
24 ms. Memory: 45056K Free: 16129K (36%)
ptolemy.util.test.WatchDog.cancel(): canceling Sat Jun 29 04:41:45 UTC 2019
------------------ testing $PTII/ptolemy/domains/de/test/auto/Inspection.xml
auto.tcl: Setting watchdog for 200 seconds at Sat Jun 29 04:41:45 UTC 2019
38 ms. Memory: 45056K Free: 19293K (43%)
ptolemy.util.test.WatchDog.cancel(): canceling Sat Jun 29 04:41:45 UTC 2019
auto.tcl: Setting watchdog for 200 seconds at Sat Jun 29 04:41:45 UTC 2019
31 ms. Memory: 45056K Free: 17502K (39%)
ptolemy.util.test.WatchDog.cancel(): canceling Sat Jun 29 04:41:45 UTC 2019
------------------ testing $PTII/ptolemy/domains/de/test/auto/Iteration.xml
auto.tcl: Setting watchdog for 200 seconds at Sat Jun 29 04:41:45 UTC 2019
9 ms. Memory: 45056K Free: 25064K (56%)
ptolemy.util.test.WatchDog.cancel(): canceling Sat Jun 29 04:41:45 UTC 2019
auto.tcl: Setting watchdog for 200 seconds at Sat Jun 29 04:41:45 UTC 2019
7 ms. Memory: 45056K Free: 23977K (53%)
ptolemy.util.test.WatchDog.cancel(): canceling Sat Jun 29 04:41:45 UTC 2019
------------------ testing $PTII/ptolemy/domains/de/test/auto/LineFault.xml
auto.tcl: Setting watchdog for 200 seconds at Sat Jun 29 04:41:45 UTC 2019
662 ms. Memory: 45056K Free: 23540K (52%)
ptolemy.util.test.WatchDog.cancel(): canceling Sat Jun 29 04:41:46 UTC 2019
auto.tcl: Setting watchdog for 200 seconds at Sat Jun 29 04:41:46 UTC 2019
715 ms. Memory: 57344K Free: 20747K (36%)
ptolemy.util.test.WatchDog.cancel(): canceling Sat Jun 29 04:41:46 UTC 2019
------------------ testing $PTII/ptolemy/domains/de/test/auto/MergeModel1Add.xml
auto.tcl: Setting watchdog for 200 seconds at Sat Jun 29 04:41:46 UTC 2019
30 ms. Memory: 51200K Free: 17560K (34%)
ptolemy.util.test.WatchDog.cancel(): canceling Sat Jun 29 04:41:47 UTC 2019
auto.tcl: Setting watchdog for 200 seconds at Sat Jun 29 04:41:47 UTC 2019
15 ms. Memory: 51200K Free: 15864K (31%)
ptolemy.util.test.WatchDog.cancel(): canceling Sat Jun 29 04:41:47 UTC 2019
------------------ testing $PTII/ptolemy/domains/de/test/auto/MergeModel2Add.xml
auto.tcl: Setting watchdog for 200 seconds at Sat Jun 29 04:41:47 UTC 2019
8 ms. Memory: 45056K Free: 13445K (30%)
ptolemy.util.test.WatchDog.cancel(): canceling Sat Jun 29 04:41:47 UTC 2019
auto.tcl: Setting watchdog for 200 seconds at Sat Jun 29 04:41:47 UTC 2019
8 ms. Memory: 45056K Free: 12067K (27%)
ptolemy.util.test.WatchDog.cancel(): canceling Sat Jun 29 04:41:47 UTC 2019
------------------ testing $PTII/ptolemy/domains/de/test/auto/MergeModel3Add.xml
auto.tcl: Setting watchdog for 200 seconds at Sat Jun 29 04:41:47 UTC 2019
9 ms. Memory: 45056K Free: 13028K (29%)
ptolemy.util.test.WatchDog.cancel(): canceling Sat Jun 29 04:41:47 UTC 2019
auto.tcl: Setting watchdog for 200 seconds at Sat Jun 29 04:41:47 UTC 2019
10 ms. Memory: 45056K Free: 11716K (26%)
ptolemy.util.test.WatchDog.cancel(): canceling Sat Jun 29 04:41:47 UTC 2019
------------------ testing $PTII/ptolemy/domains/de/test/auto/MergeWithoutDiscard.xml
auto.tcl: Setting watchdog for 200 seconds at Sat Jun 29 04:41:47 UTC 2019
2 ms. Memory: 45056K Free: 27581K (61%)
ptolemy.util.test.WatchDog.cancel(): canceling Sat Jun 29 04:41:47 UTC 2019
auto.tcl: Setting watchdog for 200 seconds at Sat Jun 29 04:41:47 UTC 2019
2 ms. Memory: 45056K Free: 27203K (60%)
ptolemy.util.test.WatchDog.cancel(): canceling Sat Jun 29 04:41:47 UTC 2019
------------------ testing $PTII/ptolemy/domains/de/test/auto/Modal1.xml
auto.tcl: Setting watchdog for 200 seconds at Sat Jun 29 04:41:47 UTC 2019
12 ms. Memory: 45056K Free: 19494K (43%)
ptolemy.util.test.WatchDog.cancel(): canceling Sat Jun 29 04:41:47 UTC 2019
auto.tcl: Setting watchdog for 200 seconds at Sat Jun 29 04:41:47 UTC 2019
18 ms. Memory: 45056K Free: 16062K (36%)
ptolemy.util.test.WatchDog.cancel(): canceling Sat Jun 29 04:41:47 UTC 2019
------------------ testing $PTII/ptolemy/domains/de/test/auto/Modal2.xml
auto.tcl: Setting watchdog for 200 seconds at Sat Jun 29 04:41:47 UTC 2019
16 ms. Memory: 45056K Free: 19562K (43%)
ptolemy.util.test.WatchDog.cancel(): canceling Sat Jun 29 04:41:47 UTC 2019
auto.tcl: Setting watchdog for 200 seconds at Sat Jun 29 04:41:47 UTC 2019
22 ms. Memory: 45056K Free: 16364K (36%)
ptolemy.util.test.WatchDog.cancel(): canceling Sat Jun 29 04:41:47 UTC 2019
------------------ testing $PTII/ptolemy/domains/de/test/auto/Modal3.xml
auto.tcl: Setting watchdog for 200 seconds at Sat Jun 29 04:41:47 UTC 2019
14 ms. Memory: 45056K Free: 19561K (43%)
ptolemy.util.test.WatchDog.cancel(): canceling Sat Jun 29 04:41:47 UTC 2019
auto.tcl: Setting watchdog for 200 seconds at Sat Jun 29 04:41:47 UTC 2019
16 ms. Memory: 45056K Free: 16011K (36%)
ptolemy.util.test.WatchDog.cancel(): canceling Sat Jun 29 04:41:47 UTC 2019
------------------ testing $PTII/ptolemy/domains/de/test/auto/Modal4.xml
auto.tcl: Setting watchdog for 200 seconds at Sat Jun 29 04:41:47 UTC 2019
23 ms. Memory: 45056K Free: 18329K (41%)
ptolemy.util.test.WatchDog.cancel(): canceling Sat Jun 29 04:41:47 UTC 2019
auto.tcl: Setting watchdog for 200 seconds at Sat Jun 29 04:41:47 UTC 2019
17 ms. Memory: 45056K Free: 14330K (32%)
ptolemy.util.test.WatchDog.cancel(): canceling Sat Jun 29 04:41:47 UTC 2019
------------------ testing $PTII/ptolemy/domains/de/test/auto/Modal5.xml
auto.tcl: Setting watchdog for 200 seconds at Sat Jun 29 04:41:47 UTC 2019
13 ms. Memory: 45056K Free: 18520K (41%)
ptolemy.util.test.WatchDog.cancel(): canceling Sat Jun 29 04:41:47 UTC 2019
auto.tcl: Setting watchdog for 200 seconds at Sat Jun 29 04:41:47 UTC 2019
13 ms. Memory: 45056K Free: 14645K (33%)
ptolemy.util.test.WatchDog.cancel(): canceling Sat Jun 29 04:41:47 UTC 2019
------------------ testing $PTII/ptolemy/domains/de/test/auto/Modal6.xml
auto.tcl: Setting watchdog for 200 seconds at Sat Jun 29 04:41:48 UTC 2019
18 ms. Memory: 45056K Free: 19329K (43%)
ptolemy.util.test.WatchDog.cancel(): canceling Sat Jun 29 04:41:48 UTC 2019
auto.tcl: Setting watchdog for 200 seconds at Sat Jun 29 04:41:48 UTC 2019
15 ms. Memory: 45056K Free: 15667K (35%)
ptolemy.util.test.WatchDog.cancel(): canceling Sat Jun 29 04:41:48 UTC 2019
------------------ testing $PTII/ptolemy/domains/de/test/auto/Modal7.xml
auto.tcl: Setting watchdog for 200 seconds at Sat Jun 29 04:41:48 UTC 2019
11 ms. Memory: 45056K Free: 18329K (41%)
ptolemy.util.test.WatchDog.cancel(): canceling Sat Jun 29 04:41:48 UTC 2019
auto.tcl: Setting watchdog for 200 seconds at Sat Jun 29 04:41:48 UTC 2019
10 ms. Memory: 45056K Free: 14716K (33%)
ptolemy.util.test.WatchDog.cancel(): canceling Sat Jun 29 04:41:48 UTC 2019
------------------ testing $PTII/ptolemy/domains/de/test/auto/ModalModel.xml
auto.tcl: Setting watchdog for 200 seconds at Sat Jun 29 04:41:48 UTC 2019
217 ms. Memory: 58368K Free: 35898K (62%)
ptolemy.util.test.WatchDog.cancel(): canceling Sat Jun 29 04:41:48 UTC 2019
auto.tcl: Setting watchdog for 200 seconds at Sat Jun 29 04:41:48 UTC 2019
212 ms. Memory: 58368K Free: 29285K (50%)
ptolemy.util.test.WatchDog.cancel(): canceling Sat Jun 29 04:41:48 UTC 2019
------------------ testing $PTII/ptolemy/domains/de/test/auto/ModalSource.xml
auto.tcl: Setting watchdog for 200 seconds at Sat Jun 29 04:41:48 UTC 2019
6 ms. Memory: 48128K Free: 26432K (55%)
ptolemy.util.test.WatchDog.cancel(): canceling Sat Jun 29 04:41:48 UTC 2019
auto.tcl: Setting watchdog for 200 seconds at Sat Jun 29 04:41:48 UTC 2019
6 ms. Memory: 48128K Free: 24342K (51%)
ptolemy.util.test.WatchDog.cancel(): canceling Sat Jun 29 04:41:48 UTC 2019
------------------ testing $PTII/ptolemy/domains/de/test/auto/NonInterruptibleTimerZeroDelay.xml
auto.tcl: Setting watchdog for 200 seconds at Sat Jun 29 04:41:48 UTC 2019
4 ms. Memory: 48128K Free: 31364K (65%)
ptolemy.util.test.WatchDog.cancel(): canceling Sat Jun 29 04:41:48 UTC 2019
auto.tcl: Setting watchdog for 200 seconds at Sat Jun 29 04:41:48 UTC 2019
2 ms. Memory: 48128K Free: 30657K (64%)
ptolemy.util.test.WatchDog.cancel(): canceling Sat Jun 29 04:41:48 UTC 2019
------------------ testing $PTII/ptolemy/domains/de/test/auto/OpenQueueingNetwork.xml
auto.tcl: Setting watchdog for 200 seconds at Sat Jun 29 04:41:48 UTC 2019
3374 ms. Memory: 120832K Free: 88345K (73%)
ptolemy.util.test.WatchDog.cancel(): canceling Sat Jun 29 04:41:52 UTC 2019
auto.tcl: Setting watchdog for 200 seconds at Sat Jun 29 04:41:52 UTC 2019
3058 ms. Memory: 145408K Free: 97502K (67%)
ptolemy.util.test.WatchDog.cancel(): canceling Sat Jun 29 04:41:55 UTC 2019
------------------ testing $PTII/ptolemy/domains/de/test/auto/OpenQueuingNetwork.xml
auto.tcl: Setting watchdog for 200 seconds at Sat Jun 29 04:41:55 UTC 2019
297 ms. Memory: 51200K Free: 15560K (30%)
ptolemy.util.test.WatchDog.cancel(): canceling Sat Jun 29 04:41:55 UTC 2019
auto.tcl: Setting watchdog for 200 seconds at Sat Jun 29 04:41:55 UTC 2019
285 ms. Memory: 51200K Free: 19230K (38%)
ptolemy.util.test.WatchDog.cancel(): canceling Sat Jun 29 04:41:56 UTC 2019
------------------ testing $PTII/ptolemy/domains/de/test/auto/PeriodicSampler.xml
auto.tcl: Setting watchdog for 200 seconds at Sat Jun 29 04:41:56 UTC 2019
3 ms. Memory: 48128K Free: 30531K (63%)
ptolemy.util.test.WatchDog.cancel(): canceling Sat Jun 29 04:41:56 UTC 2019
auto.tcl: Setting watchdog for 200 seconds at Sat Jun 29 04:41:56 UTC 2019
2 ms. Memory: 48128K Free: 30057K (62%)
ptolemy.util.test.WatchDog.cancel(): canceling Sat Jun 29 04:41:56 UTC 2019
------------------ testing $PTII/ptolemy/domains/de/test/auto/PersistentIO.xml
auto.tcl: Setting watchdog for 200 seconds at Sat Jun 29 04:41:56 UTC 2019
7 ms. Memory: 48128K Free: 25456K (53%)
ptolemy.util.test.WatchDog.cancel(): canceling Sat Jun 29 04:41:56 UTC 2019
auto.tcl: Setting watchdog for 200 seconds at Sat Jun 29 04:41:56 UTC 2019
8 ms. Memory: 48128K Free: 23994K (50%)
ptolemy.util.test.WatchDog.cancel(): canceling Sat Jun 29 04:41:56 UTC 2019
------------------ testing $PTII/ptolemy/domains/de/test/auto/PortParameterResetOnInitialize.xml
auto.tcl: Setting watchdog for 200 seconds at Sat Jun 29 04:41:56 UTC 2019
2 ms. Memory: 48128K Free: 30424K (63%)
ptolemy.util.test.WatchDog.cancel(): canceling Sat Jun 29 04:41:56 UTC 2019
auto.tcl: Setting watchdog for 200 seconds at Sat Jun 29 04:41:56 UTC 2019
1 ms. Memory: 48128K Free: 29944K (62%)
ptolemy.util.test.WatchDog.cancel(): canceling Sat Jun 29 04:41:56 UTC 2019
------------------ testing $PTII/ptolemy/domains/de/test/auto/PortParameterUpdates.xml
auto.tcl: Setting watchdog for 200 seconds at Sat Jun 29 04:41:56 UTC 2019
11 ms. Memory: 48128K Free: 28784K (60%)
ptolemy.util.test.WatchDog.cancel(): canceling Sat Jun 29 04:41:56 UTC 2019
auto.tcl: Setting watchdog for 200 seconds at Sat Jun 29 04:41:56 UTC 2019
4 ms. Memory: 48128K Free: 27568K (57%)
ptolemy.util.test.WatchDog.cancel(): canceling Sat Jun 29 04:41:56 UTC 2019
------------------ testing $PTII/ptolemy/domains/de/test/auto/QueueAndServer.xml
auto.tcl: Setting watchdog for 200 seconds at Sat Jun 29 04:41:56 UTC 2019
6 ms. Memory: 45056K Free: 24663K (55%)
ptolemy.util.test.WatchDog.cancel(): canceling Sat Jun 29 04:41:56 UTC 2019
auto.tcl: Setting watchdog for 200 seconds at Sat Jun 29 04:41:56 UTC 2019
6 ms. Memory: 45056K Free: 22991K (51%)
ptolemy.util.test.WatchDog.cancel(): canceling Sat Jun 29 04:41:56 UTC 2019
------------------ testing $PTII/ptolemy/domains/de/test/auto/Records.xml
auto.tcl: Setting watchdog for 200 seconds at Sat Jun 29 04:41:56 UTC 2019
3 ms. Memory: 45056K Free: 26913K (60%)
ptolemy.util.test.WatchDog.cancel(): canceling Sat Jun 29 04:41:56 UTC 2019
auto.tcl: Setting watchdog for 200 seconds at Sat Jun 29 04:41:56 UTC 2019
2 ms. Memory: 45056K Free: 26462K (59%)
ptolemy.util.test.WatchDog.cancel(): canceling Sat Jun 29 04:41:56 UTC 2019
------------------ testing $PTII/ptolemy/domains/de/test/auto/ResetTransitionWithStartTime1.xml
auto.tcl: Setting watchdog for 200 seconds at Sat Jun 29 04:41:56 UTC 2019
11 ms. Memory: 45056K Free: 23867K (53%)
ptolemy.util.test.WatchDog.cancel(): canceling Sat Jun 29 04:41:56 UTC 2019
auto.tcl: Setting watchdog for 200 seconds at Sat Jun 29 04:41:56 UTC 2019
6 ms. Memory: 45056K Free: 21394K (47%)
ptolemy.util.test.WatchDog.cancel(): canceling Sat Jun 29 04:41:56 UTC 2019
------------------ testing $PTII/ptolemy/domains/de/test/auto/ResetTransitionWithStartTime2.xml
auto.tcl: Setting watchdog for 200 seconds at Sat Jun 29 04:41:56 UTC 2019
5 ms. Memory: 45056K Free: 23824K (53%)
ptolemy.util.test.WatchDog.cancel(): canceling Sat Jun 29 04:41:56 UTC 2019
auto.tcl: Setting watchdog for 200 seconds at Sat Jun 29 04:41:56 UTC 2019
6 ms. Memory: 45056K Free: 21328K (47%)
ptolemy.util.test.WatchDog.cancel(): canceling Sat Jun 29 04:41:56 UTC 2019
------------------ testing $PTII/ptolemy/domains/de/test/auto/ResetTransitionWithStartTime3.xml
auto.tcl: Setting watchdog for 200 seconds at Sat Jun 29 04:41:56 UTC 2019
5 ms. Memory: 45056K Free: 23822K (53%)
ptolemy.util.test.WatchDog.cancel(): canceling Sat Jun 29 04:41:56 UTC 2019
auto.tcl: Setting watchdog for 200 seconds at Sat Jun 29 04:41:56 UTC 2019
6 ms. Memory: 45056K Free: 21317K (47%)
ptolemy.util.test.WatchDog.cancel(): canceling Sat Jun 29 04:41:56 UTC 2019
------------------ testing $PTII/ptolemy/domains/de/test/auto/ResetTransitionWithStartTime4.xml
auto.tcl: Setting watchdog for 200 seconds at Sat Jun 29 04:41:56 UTC 2019
7 ms. Memory: 45056K Free: 24331K (54%)
ptolemy.util.test.WatchDog.cancel(): canceling Sat Jun 29 04:41:56 UTC 2019
auto.tcl: Setting watchdog for 200 seconds at Sat Jun 29 04:41:56 UTC 2019
4 ms. Memory: 45056K Free: 22899K (51%)
ptolemy.util.test.WatchDog.cancel(): canceling Sat Jun 29 04:41:56 UTC 2019
------------------ testing $PTII/ptolemy/domains/de/test/auto/ResettableTimer1.xml
auto.tcl: Setting watchdog for 200 seconds at Sat Jun 29 04:41:57 UTC 2019
2 ms. Memory: 45056K Free: 28099K (62%)
ptolemy.util.test.WatchDog.cancel(): canceling Sat Jun 29 04:41:57 UTC 2019
auto.tcl: Setting watchdog for 200 seconds at Sat Jun 29 04:41:57 UTC 2019
2 ms. Memory: 45056K Free: 27418K (61%)
ptolemy.util.test.WatchDog.cancel(): canceling Sat Jun 29 04:41:57 UTC 2019
------------------ testing $PTII/ptolemy/domains/de/test/auto/ResettableTimer2.xml
auto.tcl: Setting watchdog for 200 seconds at Sat Jun 29 04:41:57 UTC 2019
2 ms. Memory: 45056K Free: 28171K (63%)
ptolemy.util.test.WatchDog.cancel(): canceling Sat Jun 29 04:41:57 UTC 2019
auto.tcl: Setting watchdog for 200 seconds at Sat Jun 29 04:41:57 UTC 2019
1 ms. Memory: 45056K Free: 27063K (60%)
ptolemy.util.test.WatchDog.cancel(): canceling Sat Jun 29 04:41:57 UTC 2019
------------------ testing $PTII/ptolemy/domains/de/test/auto/ResettableTimer3.xml
auto.tcl: Setting watchdog for 200 seconds at Sat Jun 29 04:41:57 UTC 2019
2 ms. Memory: 45056K Free: 28485K (63%)
ptolemy.util.test.WatchDog.cancel(): canceling Sat Jun 29 04:41:57 UTC 2019
auto.tcl: Setting watchdog for 200 seconds at Sat Jun 29 04:41:57 UTC 2019
1 ms. Memory: 45056K Free: 28062K (62%)
ptolemy.util.test.WatchDog.cancel(): canceling Sat Jun 29 04:41:57 UTC 2019
------------------ testing $PTII/ptolemy/domains/de/test/auto/ResettableTimer4.xml
auto.tcl: Setting watchdog for 200 seconds at Sat Jun 29 04:41:57 UTC 2019
1 ms. Memory: 45056K Free: 28478K (63%)
ptolemy.util.test.WatchDog.cancel(): canceling Sat Jun 29 04:41:57 UTC 2019
auto.tcl: Setting watchdog for 200 seconds at Sat Jun 29 04:41:57 UTC 2019
1 ms. Memory: 45056K Free: 28037K (62%)
ptolemy.util.test.WatchDog.cancel(): canceling Sat Jun 29 04:41:57 UTC 2019
------------------ testing $PTII/ptolemy/domains/de/test/auto/ResettableTimer5.xml
auto.tcl: Setting watchdog for 200 seconds at Sat Jun 29 04:41:57 UTC 2019
2 ms. Memory: 45056K Free: 28027K (62%)
ptolemy.util.test.WatchDog.cancel(): canceling Sat Jun 29 04:41:57 UTC 2019
auto.tcl: Setting watchdog for 200 seconds at Sat Jun 29 04:41:57 UTC 2019
1 ms. Memory: 45056K Free: 27519K (61%)
ptolemy.util.test.WatchDog.cancel(): canceling Sat Jun 29 04:41:57 UTC 2019
------------------ testing $PTII/ptolemy/domains/de/test/auto/ResettableTimer6.xml
auto.tcl: Setting watchdog for 200 seconds at Sat Jun 29 04:41:57 UTC 2019
2 ms. Memory: 45056K Free: 27463K (61%)
ptolemy.util.test.WatchDog.cancel(): canceling Sat Jun 29 04:41:57 UTC 2019
auto.tcl: Setting watchdog for 200 seconds at Sat Jun 29 04:41:57 UTC 2019
2 ms. Memory: 45056K Free: 27024K (60%)
ptolemy.util.test.WatchDog.cancel(): canceling Sat Jun 29 04:41:57 UTC 2019
------------------ testing $PTII/ptolemy/domains/de/test/auto/ServerZeroDelay.xml
auto.tcl: Setting watchdog for 200 seconds at Sat Jun 29 04:41:57 UTC 2019
4 ms. Memory: 45056K Free: 27973K (62%)
ptolemy.util.test.WatchDog.cancel(): canceling Sat Jun 29 04:41:57 UTC 2019
auto.tcl: Setting watchdog for 200 seconds at Sat Jun 29 04:41:57 UTC 2019
2 ms. Memory: 45056K Free: 27061K (60%)
ptolemy.util.test.WatchDog.cancel(): canceling Sat Jun 29 04:41:57 UTC 2019
------------------ testing $PTII/ptolemy/domains/de/test/auto/SmartSender.xml
auto.tcl: Setting watchdog for 200 seconds at Sat Jun 29 04:41:57 UTC 2019
3002 ms. Memory: 45056K Free: 27942K (62%)
ptolemy.util.test.WatchDog.cancel(): canceling Sat Jun 29 04:42:00 UTC 2019
auto.tcl: Setting watchdog for 200 seconds at Sat Jun 29 04:42:00 UTC 2019
3002 ms. Memory: 45056K Free: 27517K (61%)
ptolemy.util.test.WatchDog.cancel(): canceling Sat Jun 29 04:42:03 UTC 2019
------------------ testing $PTII/ptolemy/domains/de/test/auto/ThreadedComposite.xml
auto.tcl: Setting watchdog for 200 seconds at Sat Jun 29 04:42:03 UTC 2019
204 ms. Memory: 45056K Free: 8539K (19%)
ptolemy.util.test.WatchDog.cancel(): canceling Sat Jun 29 04:42:03 UTC 2019
auto.tcl: Setting watchdog for 200 seconds at Sat Jun 29 04:42:03 UTC 2019
120 ms. Memory: 45056K Free: 19496K (43%)
ptolemy.util.test.WatchDog.cancel(): canceling Sat Jun 29 04:42:03 UTC 2019
------------------ testing $PTII/ptolemy/domains/de/test/auto/Time.xml
auto.tcl: Setting watchdog for 200 seconds at Sat Jun 29 04:42:03 UTC 2019
588 ms. Memory: 45056K Free: 17946K (40%)
ptolemy.util.test.WatchDog.cancel(): canceling Sat Jun 29 04:42:04 UTC 2019
auto.tcl: Setting watchdog for 200 seconds at Sat Jun 29 04:42:04 UTC 2019
492 ms. Memory: 60416K Free: 33839K (56%)
ptolemy.util.test.WatchDog.cancel(): canceling Sat Jun 29 04:42:05 UTC 2019
------------------ testing $PTII/ptolemy/domains/de/test/auto/TimeDelayZeroDelay.xml
auto.tcl: Setting watchdog for 200 seconds at Sat Jun 29 04:42:05 UTC 2019
2 ms. Memory: 45056K Free: 28366K (63%)
ptolemy.util.test.WatchDog.cancel(): canceling Sat Jun 29 04:42:05 UTC 2019
auto.tcl: Setting watchdog for 200 seconds at Sat Jun 29 04:42:05 UTC 2019
2 ms. Memory: 45056K Free: 27545K (61%)
ptolemy.util.test.WatchDog.cancel(): canceling Sat Jun 29 04:42:05 UTC 2019
------------------ testing $PTII/ptolemy/domains/de/test/auto/TimerZeroDelay.xml
auto.tcl: Setting watchdog for 200 seconds at Sat Jun 29 04:42:05 UTC 2019
3 ms. Memory: 45056K Free: 28422K (63%)
ptolemy.util.test.WatchDog.cancel(): canceling Sat Jun 29 04:42:05 UTC 2019
auto.tcl: Setting watchdog for 200 seconds at Sat Jun 29 04:42:05 UTC 2019
2 ms. Memory: 45056K Free: 27571K (61%)
ptolemy.util.test.WatchDog.cancel(): canceling Sat Jun 29 04:42:05 UTC 2019
------------------ testing $PTII/ptolemy/domains/de/test/auto/TimingParadox.xml
auto.tcl: Setting watchdog for 200 seconds at Sat Jun 29 04:42:05 UTC 2019
375 ms. Memory: 45056K Free: 26986K (60%)
ptolemy.util.test.WatchDog.cancel(): canceling Sat Jun 29 04:42:05 UTC 2019
auto.tcl: Setting watchdog for 200 seconds at Sat Jun 29 04:42:05 UTC 2019
384 ms. Memory: 45056K Free: 11728K (26%)
ptolemy.util.test.WatchDog.cancel(): canceling Sat Jun 29 04:42:06 UTC 2019
------------------ testing $PTII/ptolemy/domains/de/test/auto/TransferInputs.xml
auto.tcl: Setting watchdog for 200 seconds at Sat Jun 29 04:42:06 UTC 2019
2 ms. Memory: 45056K Free: 26422K (59%)
ptolemy.util.test.WatchDog.cancel(): canceling Sat Jun 29 04:42:06 UTC 2019
auto.tcl: Setting watchdog for 200 seconds at Sat Jun 29 04:42:06 UTC 2019
2 ms. Memory: 45056K Free: 25475K (57%)
ptolemy.util.test.WatchDog.cancel(): canceling Sat Jun 29 04:42:06 UTC 2019
------------------ testing $PTII/ptolemy/domains/de/test/auto/TransferOutputs2.xml
auto.tcl: Setting watchdog for 200 seconds at Sat Jun 29 04:42:06 UTC 2019
3 ms. Memory: 45056K Free: 23832K (53%)
ptolemy.util.test.WatchDog.cancel(): canceling Sat Jun 29 04:42:06 UTC 2019
auto.tcl: Setting watchdog for 200 seconds at Sat Jun 29 04:42:06 UTC 2019
3 ms. Memory: 45056K Free: 22373K (50%)
ptolemy.util.test.WatchDog.cancel(): canceling Sat Jun 29 04:42:06 UTC 2019
------------------ testing $PTII/ptolemy/domains/de/test/auto/Trilateration.xml
auto.tcl: Setting watchdog for 200 seconds at Sat Jun 29 04:42:06 UTC 2019
15413 ms. Memory: 496640K Free: 406839K (82%)
ptolemy.util.test.WatchDog.cancel(): canceling Sat Jun 29 04:42:22 UTC 2019
auto.tcl: Setting watchdog for 200 seconds at Sat Jun 29 04:42:22 UTC 2019
11049 ms. Memory: 496640K Free: 426154K (86%)
ptolemy.util.test.WatchDog.cancel(): canceling Sat Jun 29 04:42:33 UTC 2019
------------------ testing $PTII/ptolemy/domains/de/test/auto/TwoSigmaDelta.xml
auto.tcl: Setting watchdog for 200 seconds at Sat Jun 29 04:42:34 UTC 2019
2705 ms. Memory: 86016K Free: 55781K (65%)
ptolemy.util.test.WatchDog.cancel(): canceling Sat Jun 29 04:42:36 UTC 2019
auto.tcl: Setting watchdog for 200 seconds at Sat Jun 29 04:42:36 UTC 2019
2293 ms. Memory: 86016K Free: 44506K (52%)
ptolemy.util.test.WatchDog.cancel(): canceling Sat Jun 29 04:42:39 UTC 2019
------------------ testing $PTII/ptolemy/domains/de/test/auto/VariableDelay.xml
auto.tcl: Setting watchdog for 200 seconds at Sat Jun 29 04:42:39 UTC 2019
12 ms. Memory: 48128K Free: 29935K (62%)
ptolemy.util.test.WatchDog.cancel(): canceling Sat Jun 29 04:42:39 UTC 2019
auto.tcl: Setting watchdog for 200 seconds at Sat Jun 29 04:42:39 UTC 2019
3 ms. Memory: 48128K Free: 28913K (60%)
ptolemy.util.test.WatchDog.cancel(): canceling Sat Jun 29 04:42:39 UTC 2019
------------------ testing $PTII/ptolemy/domains/de/test/auto/VariableDelay2.xml
auto.tcl: Setting watchdog for 200 seconds at Sat Jun 29 04:42:39 UTC 2019
2 ms. Memory: 48128K Free: 30569K (64%)
ptolemy.util.test.WatchDog.cancel(): canceling Sat Jun 29 04:42:39 UTC 2019
auto.tcl: Setting watchdog for 200 seconds at Sat Jun 29 04:42:39 UTC 2019
2 ms. Memory: 48128K Free: 30025K (62%)
ptolemy.util.test.WatchDog.cancel(): canceling Sat Jun 29 04:42:39 UTC 2019
------------------ testing $PTII/ptolemy/domains/de/test/auto/VariableDelayZeroDelay.xml
auto.tcl: Setting watchdog for 200 seconds at Sat Jun 29 04:42:39 UTC 2019
3 ms. Memory: 48128K Free: 30981K (64%)
ptolemy.util.test.WatchDog.cancel(): canceling Sat Jun 29 04:42:39 UTC 2019
auto.tcl: Setting watchdog for 200 seconds at Sat Jun 29 04:42:39 UTC 2019
2 ms. Memory: 48128K Free: 30363K (63%)
ptolemy.util.test.WatchDog.cancel(): canceling Sat Jun 29 04:42:39 UTC 2019
------------------ testing $PTII/ptolemy/domains/de/test/auto/VariableDelayZeroDelay2.xml
auto.tcl: Setting watchdog for 200 seconds at Sat Jun 29 04:42:39 UTC 2019
2 ms. Memory: 48128K Free: 30876K (64%)
ptolemy.util.test.WatchDog.cancel(): canceling Sat Jun 29 04:42:39 UTC 2019
auto.tcl: Setting watchdog for 200 seconds at Sat Jun 29 04:42:39 UTC 2019
2 ms. Memory: 48128K Free: 29852K (62%)
ptolemy.util.test.WatchDog.cancel(): canceling Sat Jun 29 04:42:39 UTC 2019
------------------ testing $PTII/ptolemy/domains/de/test/auto/deInCt.xml
auto.tcl: Setting watchdog for 200 seconds at Sat Jun 29 04:42:39 UTC 2019
0
1
1
1
0
0
0
0
0
1
1
0
0
0
1
1
1
0
0
0
1
1
0
0
0
1
1
1
0
0
0
1
1
1
1
0
0
0
1
1
1
0
0
0
1
1
1
1
0
0
0
0
11 ms. Memory: 48128K Free: 29850K (62%)
ptolemy.util.test.WatchDog.cancel(): canceling Sat Jun 29 04:42:39 UTC 2019
auto.tcl: Setting watchdog for 200 seconds at Sat Jun 29 04:42:39 UTC 2019
0
1
1
0
0
0
1
1
1
0
0
0
0
1
1
1
0
0
0
1
1
1
1
0
0
0
1
1
1
1
0
0
1
1
1
0
0
1
1
1
0
0
1
1
0
0
0
1
1
1
1
8 ms. Memory: 48128K Free: 28313K (59%)
ptolemy.util.test.WatchDog.cancel(): canceling Sat Jun 29 04:42:39 UTC 2019
------------------ testing $PTII/ptolemy/domains/de/test/auto/deInCt2.xml
auto.tcl: Setting watchdog for 200 seconds at Sat Jun 29 04:42:39 UTC 2019
0
1
1
1
0
0
1
1
1
0
0
1
1
1
0
0
1
1
1
0
0
1
1
1
0
0
1
1
1
0
0
1
1
1
0
0
1
1
1
0
0
0
10 ms. Memory: 45056K Free: 26779K (59%)
ptolemy.util.test.WatchDog.cancel(): canceling Sat Jun 29 04:42:39 UTC 2019
auto.tcl: Setting watchdog for 200 seconds at Sat Jun 29 04:42:39 UTC 2019
0
1
1
1
0
0
1
1
1
0
0
1
1
1
0
0
1
1
1
0
0
1
1
1
0
0
1
1
1
0
0
1
1
1
0
0
1
1
1
0
0
0
7 ms. Memory: 45056K Free: 25251K (56%)
ptolemy.util.test.WatchDog.cancel(): canceling Sat Jun 29 04:42:39 UTC 2019
------------------ testing $PTII/ptolemy/domains/de/test/auto/dynamicCausalityInterface1.xml
auto.tcl: Setting watchdog for 200 seconds at Sat Jun 29 04:42:39 UTC 2019
2 ms. Memory: 45056K Free: 22678K (50%)
ptolemy.util.test.WatchDog.cancel(): canceling Sat Jun 29 04:42:39 UTC 2019
auto.tcl: Setting watchdog for 200 seconds at Sat Jun 29 04:42:39 UTC 2019
1 ms. Memory: 45056K Free: 22204K (49%)
ptolemy.util.test.WatchDog.cancel(): canceling Sat Jun 29 04:42:39 UTC 2019
------------------ testing $PTII/ptolemy/domains/de/test/auto/fsm_de_test.xml
auto.tcl: Setting watchdog for 200 seconds at Sat Jun 29 04:42:39 UTC 2019
8 ms. Memory: 45056K Free: 22616K (50%)
ptolemy.util.test.WatchDog.cancel(): canceling Sat Jun 29 04:42:39 UTC 2019
auto.tcl: Setting watchdog for 200 seconds at Sat Jun 29 04:42:39 UTC 2019
7 ms. Memory: 45056K Free: 20598K (46%)
ptolemy.util.test.WatchDog.cancel(): canceling Sat Jun 29 04:42:39 UTC 2019
------------------ testing $PTII/ptolemy/domains/de/test/auto/functionDependencyReconstruction.xml
auto.tcl: Setting watchdog for 200 seconds at Sat Jun 29 04:42:39 UTC 2019
2 ms. Memory: 45056K Free: 16440K (36%)
ptolemy.util.test.WatchDog.cancel(): canceling Sat Jun 29 04:42:39 UTC 2019
auto.tcl: Setting watchdog for 200 seconds at Sat Jun 29 04:42:39 UTC 2019
2 ms. Memory: 45056K Free: 14443K (32%)
ptolemy.util.test.WatchDog.cancel(): canceling Sat Jun 29 04:42:39 UTC 2019
------------------ testing $PTII/ptolemy/domains/de/test/auto/multirate.xml
auto.tcl: Setting watchdog for 200 seconds at Sat Jun 29 04:42:39 UTC 2019
5 ms. Memory: 45056K Free: 25268K (56%)
ptolemy.util.test.WatchDog.cancel(): canceling Sat Jun 29 04:42:39 UTC 2019
auto.tcl: Setting watchdog for 200 seconds at Sat Jun 29 04:42:39 UTC 2019
3 ms. Memory: 45056K Free: 23621K (52%)
ptolemy.util.test.WatchDog.cancel(): canceling Sat Jun 29 04:42:39 UTC 2019
------------------ testing $PTII/ptolemy/domains/de/test/auto/multirate2.xml
auto.tcl: Setting watchdog for 200 seconds at Sat Jun 29 04:42:40 UTC 2019
3 ms. Memory: 45056K Free: 25454K (56%)
ptolemy.util.test.WatchDog.cancel(): canceling Sat Jun 29 04:42:40 UTC 2019
auto.tcl: Setting watchdog for 200 seconds at Sat Jun 29 04:42:40 UTC 2019
3 ms. Memory: 45056K Free: 23767K (53%)
ptolemy.util.test.WatchDog.cancel(): canceling Sat Jun 29 04:42:40 UTC 2019
------------------ testing $PTII/ptolemy/domains/de/test/auto/realtime.xml
auto.tcl: Setting watchdog for 200 seconds at Sat Jun 29 04:42:40 UTC 2019
10001 ms. Memory: 45056K Free: 27486K (61%)
ptolemy.util.test.WatchDog.cancel(): canceling Sat Jun 29 04:42:50 UTC 2019
auto.tcl: Setting watchdog for 200 seconds at Sat Jun 29 04:42:50 UTC 2019
10002 ms. Memory: 45056K Free: 26724K (59%)
ptolemy.util.test.WatchDog.cancel(): canceling Sat Jun 29 04:43:00 UTC 2019
------------------ testing $PTII/ptolemy/domains/de/test/auto/relationGroup.xml
auto.tcl: Setting watchdog for 200 seconds at Sat Jun 29 04:43:00 UTC 2019
2 ms. Memory: 45056K Free: 28519K (63%)
ptolemy.util.test.WatchDog.cancel(): canceling Sat Jun 29 04:43:00 UTC 2019
auto.tcl: Setting watchdog for 200 seconds at Sat Jun 29 04:43:00 UTC 2019
2 ms. Memory: 45056K Free: 27773K (62%)
ptolemy.util.test.WatchDog.cancel(): canceling Sat Jun 29 04:43:00 UTC 2019
------------------ testing $PTII/ptolemy/domains/de/test/auto/relationGroup2.xml
auto.tcl: Setting watchdog for 200 seconds at Sat Jun 29 04:43:00 UTC 2019
1 ms. Memory: 45056K Free: 28575K (63%)
ptolemy.util.test.WatchDog.cancel(): canceling Sat Jun 29 04:43:00 UTC 2019
auto.tcl: Setting watchdog for 200 seconds at Sat Jun 29 04:43:00 UTC 2019
2 ms. Memory: 45056K Free: 27799K (62%)
ptolemy.util.test.WatchDog.cancel(): canceling Sat Jun 29 04:43:00 UTC 2019
------------------ testing $PTII/ptolemy/domains/de/test/auto/sortWithOpaquePorts.xml
auto.tcl: Setting watchdog for 200 seconds at Sat Jun 29 04:43:00 UTC 2019
2 ms. Memory: 45056K Free: 27314K (61%)
ptolemy.util.test.WatchDog.cancel(): canceling Sat Jun 29 04:43:00 UTC 2019
auto.tcl: Setting watchdog for 200 seconds at Sat Jun 29 04:43:00 UTC 2019
2 ms. Memory: 45056K Free: 26350K (58%)
ptolemy.util.test.WatchDog.cancel(): canceling Sat Jun 29 04:43:00 UTC 2019
------------------ testing $PTII/ptolemy/domains/de/test/auto/transferInputsandOutputs.xml
auto.tcl: Setting watchdog for 200 seconds at Sat Jun 29 04:43:00 UTC 2019
2 ms. Memory: 45056K Free: 24746K (55%)
ptolemy.util.test.WatchDog.cancel(): canceling Sat Jun 29 04:43:00 UTC 2019
auto.tcl: Setting watchdog for 200 seconds at Sat Jun 29 04:43:00 UTC 2019
2 ms. Memory: 45056K Free: 23721K (53%)
ptolemy.util.test.WatchDog.cancel(): canceling Sat Jun 29 04:43:00 UTC 2019
------------------ testing $PTII/ptolemy/domains/de/test/auto/triggerType.xml
auto.tcl: Setting watchdog for 200 seconds at Sat Jun 29 04:43:00 UTC 2019
1 ms. Memory: 45056K Free: 27771K (62%)
ptolemy.util.test.WatchDog.cancel(): canceling Sat Jun 29 04:43:00 UTC 2019
auto.tcl: Setting watchdog for 200 seconds at Sat Jun 29 04:43:00 UTC 2019
2 ms. Memory: 45056K Free: 26843K (60%)
ptolemy.util.test.WatchDog.cancel(): canceling Sat Jun 29 04:43:00 UTC 2019
06/29/19 04:43:00
Failed: 0  Total Tests: 192  ((Passed: 187, Newly Passed: 1)  Known Failed: 5) /home/travis/build/icyphy/ptII/ptolemy/domains/de/test
06/29/19 04:43:00
Failed: 0  Total Tests: 192  ((Passed: 187, Newly Passed: 1)  Known Failed: 5) /home/travis/build/icyphy/ptII/ptolemy/domains/de/test
----------------- testing (KnownFailure) /home/travis/build/icyphy/ptII/ptolemy/domains/de/test/auto/knownFailedTests/DESDFClockTest.xml
2011 ms. Memory: 45056K Free: 21186K (47%)
Known Failure: java.lang.reflect.InvocationTargetException
----------------- testing (KnownFailure) /home/travis/build/icyphy/ptII/ptolemy/domains/de/test/auto/knownFailedTests/DirectFeedback.xml
2 ms. Memory: 45056K Free: 18084K (40%)
Known Failure: java.lang.reflect.InvocationTargetException
----------------- testing (KnownFailure) /home/travis/build/icyphy/ptII/ptolemy/domains/de/test/auto/knownFailedTests/FSMSource.xml
13 ms. Memory: 45056K Free: 10416K (23%)
----------------- testing (KnownFailure) /home/travis/build/icyphy/ptII/ptolemy/domains/de/test/auto/knownFailedTests/HierarchicalModel.xml
4 ms. Memory: 45056K Free: 18560K (41%)
Known Failure: java.lang.reflect.InvocationTargetException
----------------- testing (KnownFailure) /home/travis/build/icyphy/ptII/ptolemy/domains/de/test/auto/knownFailedTests/dependencyLoop.xml
2 ms. Memory: 45056K Free: 27317K (61%)
Known Failure: java.lang.reflect.InvocationTargetException
----------------- testing (KnownFailure) /home/travis/build/icyphy/ptII/ptolemy/domains/de/test/auto/knownFailedTests/dependencyLoop2.xml
3 ms. Memory: 45056K Free: 12470K (28%)
Known Failure: java.lang.reflect.InvocationTargetException
No auto/linux-amd64/*.xml tests in /home/travis/build/icyphy/ptII/ptolemy/domains/de/test
AutoTests.java: About to close Vertx.
AutoTests.java: Vertx closed.

===========================================================================================
----------------- testing Sat Jun 29 04:43:02 UTC 2019 /home/travis/build/icyphy/ptII/ptolemy/domains/de/test/auto/ActorDepthCalculation_actorWithoutPorts.xml
----------------- Instantiating /home/travis/build/icyphy/ptII/ptolemy/domains/de/test/auto/ActorDepthCalculation_actorWithoutPorts.xml
2 ms. Memory: 45056K Free: 29979K (67%)
----------------- Invoking toplevel() on ptolemy.moml.MoMLSimpleApplication@2466135a
----------------- Done invoking toplevel() on ptolemy.moml.MoMLSimpleApplication@2466135a
reloadAllAccessors: .ActorDepthCalculation_actorWithoutPorts

===========================================================================================
----------------- testing Sat Jun 29 04:43:02 UTC 2019 /home/travis/build/icyphy/ptII/ptolemy/domains/de/test/auto/AssemblyLine.xml
----------------- Instantiating /home/travis/build/icyphy/ptII/ptolemy/domains/de/test/auto/AssemblyLine.xml
4 ms. Memory: 45056K Free: 22663K (50%)
----------------- Invoking toplevel() on ptolemy.moml.MoMLSimpleApplication@1971dfd2
----------------- Done invoking toplevel() on ptolemy.moml.MoMLSimpleApplication@1971dfd2
reloadAllAccessors: .AssemblyLine

===========================================================================================
----------------- testing Sat Jun 29 04:43:02 UTC 2019 /home/travis/build/icyphy/ptII/ptolemy/domains/de/test/auto/CQBug1.xml
----------------- Instantiating /home/travis/build/icyphy/ptII/ptolemy/domains/de/test/auto/CQBug1.xml
1 ms. Memory: 45056K Free: 19841K (44%)
----------------- Invoking toplevel() on ptolemy.moml.MoMLSimpleApplication@cfead81
----------------- Done invoking toplevel() on ptolemy.moml.MoMLSimpleApplication@cfead81
reloadAllAccessors: .CQBug1

===========================================================================================
----------------- testing Sat Jun 29 04:43:02 UTC 2019 /home/travis/build/icyphy/ptII/ptolemy/domains/de/test/auto/CancelFireAt.xml
----------------- Instantiating /home/travis/build/icyphy/ptII/ptolemy/domains/de/test/auto/CancelFireAt.xml
2 ms. Memory: 45056K Free: 17306K (38%)
----------------- Invoking toplevel() on ptolemy.moml.MoMLSimpleApplication@73b80dbd
----------------- Done invoking toplevel() on ptolemy.moml.MoMLSimpleApplication@73b80dbd
reloadAllAccessors: .CancelFireAt

===========================================================================================
----------------- testing Sat Jun 29 04:43:02 UTC 2019 /home/travis/build/icyphy/ptII/ptolemy/domains/de/test/auto/CausalityAndComposabilityAnalysis.xml
----------------- Instantiating /home/travis/build/icyphy/ptII/ptolemy/domains/de/test/auto/CausalityAndComposabilityAnalysis.xml
2 ms. Memory: 45056K Free: 12908K (29%)
----------------- Invoking toplevel() on ptolemy.moml.MoMLSimpleApplication@2b6d5aef
----------------- Done invoking toplevel() on ptolemy.moml.MoMLSimpleApplication@2b6d5aef
reloadAllAccessors: .CausalityAndComposabilityAnalysis

===========================================================================================
----------------- testing Sat Jun 29 04:43:02 UTC 2019 /home/travis/build/icyphy/ptII/ptolemy/domains/de/test/auto/CausalityInterface1.xml
----------------- Instantiating /home/travis/build/icyphy/ptII/ptolemy/domains/de/test/auto/CausalityInterface1.xml
16 ms. Memory: 45056K Free: 31525K (70%)
----------------- Invoking toplevel() on ptolemy.moml.MoMLSimpleApplication@2c19cbb9
----------------- Done invoking toplevel() on ptolemy.moml.MoMLSimpleApplication@2c19cbb9
reloadAllAccessors: .CausalityInterface1

===========================================================================================
----------------- testing Sat Jun 29 04:43:02 UTC 2019 /home/travis/build/icyphy/ptII/ptolemy/domains/de/test/auto/CausalityInterface15.xml
----------------- Instantiating /home/travis/build/icyphy/ptII/ptolemy/domains/de/test/auto/CausalityInterface15.xml
2 ms. Memory: 45056K Free: 26141K (58%)
----------------- Invoking toplevel() on ptolemy.moml.MoMLSimpleApplication@5ef2b1e4
----------------- Done invoking toplevel() on ptolemy.moml.MoMLSimpleApplication@5ef2b1e4
reloadAllAccessors: .CausalityInterface15

===========================================================================================
----------------- testing Sat Jun 29 04:43:02 UTC 2019 /home/travis/build/icyphy/ptII/ptolemy/domains/de/test/auto/CausalityInterface2.xml
----------------- Instantiating /home/travis/build/icyphy/ptII/ptolemy/domains/de/test/auto/CausalityInterface2.xml
[...]
	at ptolemy.actor.Manager.run(Manager.java:1263)
	at ptolemy.actor.Manager$PtolemyRunThread.run(Manager.java:1915)
java.lang.RuntimeException: Execution failed
	at ptolemy.moml.MoMLSimpleApplication$UnloadThread.run(MoMLSimpleApplication.java:402)
Caused by: ptolemy.kernel.util.IllegalActionException: Actor is not ready to fire.  Perhaps UpSample.prefire() returned false? Try debugging the actor by selecting "Listen to Actor".  Also, for SDF check moml for tokenConsumptionRate on input.
  in .DESDFClockTest.Play Bell.Copy1:SDF Director and .DESDFClockTest.Play Bell.UpSample
	at ptolemy.actor.sched.StaticSchedulingDirector.fire(StaticSchedulingDirector.java:227)
	at ptolemy.domains.sdf.kernel.SDFDirector.fire(SDFDirector.java:500)
	at ptolemy.actor.CompositeActor.fire(CompositeActor.java:455)
	at ptolemy.domains.de.kernel.DEDirector._fire(DEDirector.java:1949)
	at ptolemy.domains.de.kernel.DEDirector.fire(DEDirector.java:502)
	at ptolemy.actor.CompositeActor.fire(CompositeActor.java:455)
	at ptolemy.actor.Manager.iterate(Manager.java:851)
	at ptolemy.actor.Manager.execute(Manager.java:369)
	at ptolemy.actor.Manager.run(Manager.java:1263)
	at ptolemy.actor.Manager$PtolemyRunThread.run(Manager.java:1915)
java.lang.reflect.InvocationTargetException
	at java.base/jdk.internal.reflect.NativeConstructorAccessorImpl.newInstance0(Native Method)
	at java.base/jdk.internal.reflect.NativeConstructorAccessorImpl.newInstance(NativeConstructorAccessorImpl.java:62)
	at java.base/jdk.internal.reflect.DelegatingConstructorAccessorImpl.newInstance(DelegatingConstructorAccessorImpl.java:45)
	at java.base/java.lang.reflect.Constructor.newInstance(Constructor.java:490)
	at ptolemy.util.test.junit.AutoKnownFailedTests.RunModel(AutoKnownFailedTests.java:105)
	at java.base/jdk.internal.reflect.NativeMethodAccessorImpl.invoke0(Native Method)
	at java.base/jdk.internal.reflect.NativeMethodAccessorImpl.invoke(NativeMethodAccessorImpl.java:62)
	at java.base/jdk.internal.reflect.DelegatingMethodAccessorImpl.invoke(DelegatingMethodAccessorImpl.java:43)
	at java.base/java.lang.reflect.Method.invoke(Method.java:566)
	at org.junit.runners.model.FrameworkMethod$1.runReflectiveCall(FrameworkMethod.java:44)
	at org.junit.internal.runners.model.ReflectiveCallable.run(ReflectiveCallable.java:15)
	at org.junit.runners.model.FrameworkMethod.invokeExplosively(FrameworkMethod.java:41)
	at junitparams.internal.InvokeParameterisedMethod.evaluate(InvokeParameterisedMethod.java:102)
	at org.junit.internal.runners.statements.FailOnTimeout$1.run(FailOnTimeout.java:28)
Caused by: ptolemy.kernel.util.IllegalActionException: Actor is not ready to fire.  Perhaps UpSample.prefire() returned false? Try debugging the actor by selecting "Listen to Actor".  Also, for SDF check moml for tokenConsumptionRate on input.
  in .DESDFClockTest.Play Bell.Copy1:SDF Director and .DESDFClockTest.Play Bell.UpSample
	at ptolemy.actor.sched.StaticSchedulingDirector.fire(StaticSchedulingDirector.java:227)
	at ptolemy.domains.sdf.kernel.SDFDirector.fire(SDFDirector.java:500)
	at ptolemy.actor.CompositeActor.fire(CompositeActor.java:455)
	at ptolemy.domains.de.kernel.DEDirector._fire(DEDirector.java:1949)
	at ptolemy.domains.de.kernel.DEDirector.fire(DEDirector.java:502)
	at ptolemy.actor.CompositeActor.fire(CompositeActor.java:455)
	at ptolemy.actor.Manager.iterate(Manager.java:851)
	at ptolemy.actor.Manager.execute(Manager.java:369)
	at ptolemy.actor.Manager.run(Manager.java:1263)
	at ptolemy.actor.Manager$PtolemyRunThread.run(Manager.java:1915)
java.lang.RuntimeException: Execution failed
	at ptolemy.moml.MoMLSimpleApplication$UnloadThread.run(MoMLSimpleApplication.java:402)
Caused by: ptolemy.kernel.util.IllegalActionException: Test fails in iteration 1.
Value was: 1.0. Should have been: 2.0
  in .DirectFeedback.Test
	at ptolemy.actor.lib.Test.fire(Test.java:268)
	at ptolemy.domains.de.kernel.DEDirector._fire(DEDirector.java:1949)
	at ptolemy.domains.de.kernel.DEDirector.fire(DEDirector.java:502)
	at ptolemy.actor.CompositeActor.fire(CompositeActor.java:455)
	at ptolemy.actor.Manager.iterate(Manager.java:851)
	at ptolemy.actor.Manager.execute(Manager.java:369)
	at ptolemy.actor.Manager.run(Manager.java:1263)
	at ptolemy.actor.Manager$PtolemyRunThread.run(Manager.java:1915)
java.lang.reflect.InvocationTargetException
	at java.base/jdk.internal.reflect.NativeConstructorAccessorImpl.newInstance0(Native Method)
	at java.base/jdk.internal.reflect.NativeConstructorAccessorImpl.newInstance(NativeConstructorAccessorImpl.java:62)
	at java.base/jdk.internal.reflect.DelegatingConstructorAccessorImpl.newInstance(DelegatingConstructorAccessorImpl.java:45)
	at java.base/java.lang.reflect.Constructor.newInstance(Constructor.java:490)
	at ptolemy.util.test.junit.AutoKnownFailedTests.RunModel(AutoKnownFailedTests.java:105)
	at java.base/jdk.internal.reflect.NativeMethodAccessorImpl.invoke0(Native Method)
	at java.base/jdk.internal.reflect.NativeMethodAccessorImpl.invoke(NativeMethodAccessorImpl.java:62)
	at java.base/jdk.internal.reflect.DelegatingMethodAccessorImpl.invoke(DelegatingMethodAccessorImpl.java:43)
	at java.base/java.lang.reflect.Method.invoke(Method.java:566)
	at org.junit.runners.model.FrameworkMethod$1.runReflectiveCall(FrameworkMethod.java:44)
	at org.junit.internal.runners.model.ReflectiveCallable.run(ReflectiveCallable.java:15)
	at org.junit.runners.model.FrameworkMethod.invokeExplosively(FrameworkMethod.java:41)
	at junitparams.internal.InvokeParameterisedMethod.evaluate(InvokeParameterisedMethod.java:102)
	at org.junit.internal.runners.statements.FailOnTimeout$1.run(FailOnTimeout.java:28)
Caused by: ptolemy.kernel.util.IllegalActionException: Test fails in iteration 1.
Value was: 1.0. Should have been: 2.0
  in .DirectFeedback.Test
	at ptolemy.actor.lib.Test.fire(Test.java:268)
	at ptolemy.domains.de.kernel.DEDirector._fire(DEDirector.java:1949)
	at ptolemy.domains.de.kernel.DEDirector.fire(DEDirector.java:502)
	at ptolemy.actor.CompositeActor.fire(CompositeActor.java:455)
	at ptolemy.actor.Manager.iterate(Manager.java:851)
	at ptolemy.actor.Manager.execute(Manager.java:369)
	at ptolemy.actor.Manager.run(Manager.java:1263)
	at ptolemy.actor.Manager$PtolemyRunThread.run(Manager.java:1915)
java.lang.RuntimeException: Execution failed
	at ptolemy.moml.MoMLSimpleApplication$UnloadThread.run(MoMLSimpleApplication.java:402)
Caused by: ptolemy.kernel.util.IllegalActionException: Found a zero delay loop containing .HierarchicalModel.A
  in .HierarchicalModel and .HierarchicalModel.A
	at ptolemy.actor.util.CausalityInterfaceForComposites._computeOutputPortDepth(CausalityInterfaceForComposites.java:759)
	at ptolemy.actor.util.CausalityInterfaceForComposites._computeInputDepth(CausalityInterfaceForComposites.java:696)
	at ptolemy.actor.util.CausalityInterfaceForComposites._computeOutputPortDepth(CausalityInterfaceForComposites.java:765)
	at ptolemy.actor.util.CausalityInterfaceForComposites._computeInputDepth(CausalityInterfaceForComposites.java:696)
	at ptolemy.actor.util.CausalityInterfaceForComposites._computeOutputPortDepth(CausalityInterfaceForComposites.java:765)
	at ptolemy.actor.util.CausalityInterfaceForComposites._computeInputDepth(CausalityInterfaceForComposites.java:696)
	at ptolemy.actor.util.CausalityInterfaceForComposites._computeActorDepth(CausalityInterfaceForComposites.java:532)
	at ptolemy.actor.util.CausalityInterfaceForComposites.checkForCycles(CausalityInterfaceForComposites.java:96)
	at ptolemy.domains.de.kernel.DEDirector.preinitialize(DEDirector.java:1338)
	at ptolemy.actor.CompositeActor.preinitialize(CompositeActor.java:1828)
	at ptolemy.actor.Manager.preinitializeAndResolveTypes(Manager.java:1040)
	at ptolemy.actor.Manager.initialize(Manager.java:710)
	at ptolemy.actor.Manager.execute(Manager.java:356)
	at ptolemy.actor.Manager.run(Manager.java:1263)
	at ptolemy.actor.Manager$PtolemyRunThread.run(Manager.java:1915)
java.lang.reflect.InvocationTargetException
	at java.base/jdk.internal.reflect.NativeConstructorAccessorImpl.newInstance0(Native Method)
	at java.base/jdk.internal.reflect.NativeConstructorAccessorImpl.newInstance(NativeConstructorAccessorImpl.java:62)
	at java.base/jdk.internal.reflect.DelegatingConstructorAccessorImpl.newInstance(DelegatingConstructorAccessorImpl.java:45)
	at java.base/java.lang.reflect.Constructor.newInstance(Constructor.java:490)
	at ptolemy.util.test.junit.AutoKnownFailedTests.RunModel(AutoKnownFailedTests.java:105)
	at java.base/jdk.internal.reflect.NativeMethodAccessorImpl.invoke0(Native Method)
	at java.base/jdk.internal.reflect.NativeMethodAccessorImpl.invoke(NativeMethodAccessorImpl.java:62)
	at java.base/jdk.internal.reflect.DelegatingMethodAccessorImpl.invoke(DelegatingMethodAccessorImpl.java:43)
	at java.base/java.lang.reflect.Method.invoke(Method.java:566)
	at org.junit.runners.model.FrameworkMethod$1.runReflectiveCall(FrameworkMethod.java:44)
	at org.junit.internal.runners.model.ReflectiveCallable.run(ReflectiveCallable.java:15)
	at org.junit.runners.model.FrameworkMethod.invokeExplosively(FrameworkMethod.java:41)
	at junitparams.internal.InvokeParameterisedMethod.evaluate(InvokeParameterisedMethod.java:102)
	at org.junit.internal.runners.statements.FailOnTimeout$1.run(FailOnTimeout.java:28)
Caused by: ptolemy.kernel.util.IllegalActionException: Found a zero delay loop containing .HierarchicalModel.A
  in .HierarchicalModel and .HierarchicalModel.A
	at ptolemy.actor.util.CausalityInterfaceForComposites._computeOutputPortDepth(CausalityInterfaceForComposites.java:759)
	at ptolemy.actor.util.CausalityInterfaceForComposites._computeInputDepth(CausalityInterfaceForComposites.java:696)
	at ptolemy.actor.util.CausalityInterfaceForComposites._computeOutputPortDepth(CausalityInterfaceForComposites.java:765)
	at ptolemy.actor.util.CausalityInterfaceForComposites._computeInputDepth(CausalityInterfaceForComposites.java:696)
	at ptolemy.actor.util.CausalityInterfaceForComposites._computeOutputPortDepth(CausalityInterfaceForComposites.java:765)
	at ptolemy.actor.util.CausalityInterfaceForComposites._computeInputDepth(CausalityInterfaceForComposites.java:696)
	at ptolemy.actor.util.CausalityInterfaceForComposites._computeActorDepth(CausalityInterfaceForComposites.java:532)
	at ptolemy.actor.util.CausalityInterfaceForComposites.checkForCycles(CausalityInterfaceForComposites.java:96)
	at ptolemy.domains.de.kernel.DEDirector.preinitialize(DEDirector.java:1338)
	at ptolemy.actor.CompositeActor.preinitialize(CompositeActor.java:1828)
	at ptolemy.actor.Manager.preinitializeAndResolveTypes(Manager.java:1040)
	at ptolemy.actor.Manager.initialize(Manager.java:710)
	at ptolemy.actor.Manager.execute(Manager.java:356)
	at ptolemy.actor.Manager.run(Manager.java:1263)
	at ptolemy.actor.Manager$PtolemyRunThread.run(Manager.java:1915)
java.lang.RuntimeException: Execution failed
	at ptolemy.moml.MoMLSimpleApplication$UnloadThread.run(MoMLSimpleApplication.java:402)
Caused by: ptolemy.kernel.util.IllegalActionException: Found a zero delay loop containing .dependencyLoop.original
  in .dependencyLoop and .dependencyLoop.original
	at ptolemy.actor.util.CausalityInterfaceForComposites._computeOutputPortDepth(CausalityInterfaceForComposites.java:759)
	at ptolemy.actor.util.CausalityInterfaceForComposites._computeInputDepth(CausalityInterfaceForComposites.java:696)
	at ptolemy.actor.util.CausalityInterfaceForComposites._computeOutputPortDepth(CausalityInterfaceForComposites.java:765)
	at ptolemy.actor.util.CausalityInterfaceForComposites._computeInputDepth(CausalityInterfaceForComposites.java:696)
	at ptolemy.actor.util.CausalityInterfaceForComposites._computeOutputPortDepth(CausalityInterfaceForComposites.java:765)
	at ptolemy.actor.util.CausalityInterfaceForComposites._computeInputDepth(CausalityInterfaceForComposites.java:696)
	at ptolemy.actor.util.CausalityInterfaceForComposites._computeActorDepth(CausalityInterfaceForComposites.java:532)
	at ptolemy.actor.util.CausalityInterfaceForComposites.checkForCycles(CausalityInterfaceForComposites.java:96)
	at ptolemy.domains.de.kernel.DEDirector.preinitialize(DEDirector.java:1338)
	at ptolemy.actor.CompositeActor.preinitialize(CompositeActor.java:1828)
	at ptolemy.actor.Manager.preinitializeAndResolveTypes(Manager.java:1040)
	at ptolemy.actor.Manager.initialize(Manager.java:710)
	at ptolemy.actor.Manager.execute(Manager.java:356)
	at ptolemy.actor.Manager.run(Manager.java:1263)
	at ptolemy.actor.Manager$PtolemyRunThread.run(Manager.java:1915)
java.lang.reflect.InvocationTargetException
	at java.base/jdk.internal.reflect.NativeConstructorAccessorImpl.newInstance0(Native Method)
	at java.base/jdk.internal.reflect.NativeConstructorAccessorImpl.newInstance(NativeConstructorAccessorImpl.java:62)
	at java.base/jdk.internal.reflect.DelegatingConstructorAccessorImpl.newInstance(DelegatingConstructorAccessorImpl.java:45)
	at java.base/java.lang.reflect.Constructor.newInstance(Constructor.java:490)
	at ptolemy.util.test.junit.AutoKnownFailedTests.RunModel(AutoKnownFailedTests.java:105)
	at java.base/jdk.internal.reflect.NativeMethodAccessorImpl.invoke0(Native Method)
	at java.base/jdk.internal.reflect.NativeMethodAccessorImpl.invoke(NativeMethodAccessorImpl.java:62)
	at java.base/jdk.internal.reflect.DelegatingMethodAccessorImpl.invoke(DelegatingMethodAccessorImpl.java:43)
	at java.base/java.lang.reflect.Method.invoke(Method.java:566)
	at org.junit.runners.model.FrameworkMethod$1.runReflectiveCall(FrameworkMethod.java:44)
	at org.junit.internal.runners.model.ReflectiveCallable.run(ReflectiveCallable.java:15)
	at org.junit.runners.model.FrameworkMethod.invokeExplosively(FrameworkMethod.java:41)
	at junitparams.internal.InvokeParameterisedMethod.evaluate(InvokeParameterisedMethod.java:102)
	at org.junit.internal.runners.statements.FailOnTimeout$1.run(FailOnTimeout.java:28)
Caused by: ptolemy.kernel.util.IllegalActionException: Found a zero delay loop containing .dependencyLoop.original
  in .dependencyLoop and .dependencyLoop.original
	at ptolemy.actor.util.CausalityInterfaceForComposites._computeOutputPortDepth(CausalityInterfaceForComposites.java:759)
	at ptolemy.actor.util.CausalityInterfaceForComposites._computeInputDepth(CausalityInterfaceForComposites.java:696)
	at ptolemy.actor.util.CausalityInterfaceForComposites._computeOutputPortDepth(CausalityInterfaceForComposites.java:765)
	at ptolemy.actor.util.CausalityInterfaceForComposites._computeInputDepth(CausalityInterfaceForComposites.java:696)
	at ptolemy.actor.util.CausalityInterfaceForComposites._computeOutputPortDepth(CausalityInterfaceForComposites.java:765)
	at ptolemy.actor.util.CausalityInterfaceForComposites._computeInputDepth(CausalityInterfaceForComposites.java:696)
	at ptolemy.actor.util.CausalityInterfaceForComposites._computeActorDepth(CausalityInterfaceForComposites.java:532)
	at ptolemy.actor.util.CausalityInterfaceForComposites.checkForCycles(CausalityInterfaceForComposites.java:96)
	at ptolemy.domains.de.kernel.DEDirector.preinitialize(DEDirector.java:1338)
	at ptolemy.actor.CompositeActor.preinitialize(CompositeActor.java:1828)
	at ptolemy.actor.Manager.preinitializeAndResolveTypes(Manager.java:1040)
	at ptolemy.actor.Manager.initialize(Manager.java:710)
	at ptolemy.actor.Manager.execute(Manager.java:356)
	at ptolemy.actor.Manager.run(Manager.java:1263)
	at ptolemy.actor.Manager$PtolemyRunThread.run(Manager.java:1915)
java.lang.RuntimeException: Execution failed
	at ptolemy.moml.MoMLSimpleApplication$UnloadThread.run(MoMLSimpleApplication.java:402)
Caused by: ptolemy.kernel.util.IllegalActionException: Found a zero delay loop containing .dependencyLoop2.original
  in .dependencyLoop2 and .dependencyLoop2.original
	at ptolemy.actor.util.CausalityInterfaceForComposites._computeOutputPortDepth(CausalityInterfaceForComposites.java:759)
	at ptolemy.actor.util.CausalityInterfaceForComposites._computeInputDepth(CausalityInterfaceForComposites.java:696)
	at ptolemy.actor.util.CausalityInterfaceForComposites._computeOutputPortDepth(CausalityInterfaceForComposites.java:765)
	at ptolemy.actor.util.CausalityInterfaceForComposites._computeInputDepth(CausalityInterfaceForComposites.java:696)
	at ptolemy.actor.util.CausalityInterfaceForComposites._computeOutputPortDepth(CausalityInterfaceForComposites.java:765)
	at ptolemy.actor.util.CausalityInterfaceForComposites._computeInputDepth(CausalityInterfaceForComposites.java:696)
	at ptolemy.actor.util.CausalityInterfaceForComposites._computeActorDepth(CausalityInterfaceForComposites.java:532)
	at ptolemy.actor.util.CausalityInterfaceForComposites.checkForCycles(CausalityInterfaceForComposites.java:96)
	at ptolemy.domains.de.kernel.DEDirector.preinitialize(DEDirector.java:1338)
	at ptolemy.actor.CompositeActor.preinitialize(CompositeActor.java:1828)
	at ptolemy.actor.Manager.preinitializeAndResolveTypes(Manager.java:1040)
	at ptolemy.actor.Manager.initialize(Manager.java:710)
	at ptolemy.actor.Manager.execute(Manager.java:356)
	at ptolemy.actor.Manager.run(Manager.java:1263)
	at ptolemy.actor.Manager$PtolemyRunThread.run(Manager.java:1915)
java.lang.reflect.InvocationTargetException
	at java.base/jdk.internal.reflect.NativeConstructorAccessorImpl.newInstance0(Native Method)
	at java.base/jdk.internal.reflect.NativeConstructorAccessorImpl.newInstance(NativeConstructorAccessorImpl.java:62)
	at java.base/jdk.internal.reflect.DelegatingConstructorAccessorImpl.newInstance(DelegatingConstructorAccessorImpl.java:45)
	at java.base/java.lang.reflect.Constructor.newInstance(Constructor.java:490)
	at ptolemy.util.test.junit.AutoKnownFailedTests.RunModel(AutoKnownFailedTests.java:105)
	at java.base/jdk.internal.reflect.NativeMethodAccessorImpl.invoke0(Native Method)
	at java.base/jdk.internal.reflect.NativeMethodAccessorImpl.invoke(NativeMethodAccessorImpl.java:62)
	at java.base/jdk.internal.reflect.DelegatingMethodAccessorImpl.invoke(DelegatingMethodAccessorImpl.java:43)
	at java.base/java.lang.reflect.Method.invoke(Method.java:566)
	at org.junit.runners.model.FrameworkMethod$1.runReflectiveCall(FrameworkMethod.java:44)
	at org.junit.internal.runners.model.ReflectiveCallable.run(ReflectiveCallable.java:15)
	at org.junit.runners.model.FrameworkMethod.invokeExplosively(FrameworkMethod.java:41)
	at junitparams.internal.InvokeParameterisedMethod.evaluate(InvokeParameterisedMethod.java:102)
	at org.junit.internal.runners.statements.FailOnTimeout$1.run(FailOnTimeout.java:28)
Caused by: ptolemy.kernel.util.IllegalActionException: Found a zero delay loop containing .dependencyLoop2.original
  in .dependencyLoop2 and .dependencyLoop2.original
	at ptolemy.actor.util.CausalityInterfaceForComposites._computeOutputPortDepth(CausalityInterfaceForComposites.java:759)
	at ptolemy.actor.util.CausalityInterfaceForComposites._computeInputDepth(CausalityInterfaceForComposites.java:696)
	at ptolemy.actor.util.CausalityInterfaceForComposites._computeOutputPortDepth(CausalityInterfaceForComposites.java:765)
	at ptolemy.actor.util.CausalityInterfaceForComposites._computeInputDepth(CausalityInterfaceForComposites.java:696)
	at ptolemy.actor.util.CausalityInterfaceForComposites._computeOutputPortDepth(CausalityInterfaceForComposites.java:765)
	at ptolemy.actor.util.CausalityInterfaceForComposites._computeInputDepth(CausalityInterfaceForComposites.java:696)
	at ptolemy.actor.util.CausalityInterfaceForComposites._computeActorDepth(CausalityInterfaceForComposites.java:532)
	at ptolemy.actor.util.CausalityInterfaceForComposites.checkForCycles(CausalityInterfaceForComposites.java:96)
	at ptolemy.domains.de.kernel.DEDirector.preinitialize(DEDirector.java:1338)
	at ptolemy.actor.CompositeActor.preinitialize(CompositeActor.java:1828)
	at ptolemy.actor.Manager.preinitializeAndResolveTypes(Manager.java:1040)
	at ptolemy.actor.Manager.initialize(Manager.java:710)
	at ptolemy.actor.Manager.execute(Manager.java:356)
	at ptolemy.actor.Manager.run(Manager.java:1263)
	at ptolemy.actor.Manager$PtolemyRunThread.run(Manager.java:1915)
]]></system-err>
</testsuite>
