<?xml version="1.0" encoding="UTF-8" ?>
<testsuite errors="0" failures="0" hostname="travis-job-658df85a-ae00-4acc-b784-68a8bf2e8379" name="ptolemy.domains.modal.test.junit.JUnitTclTest" skipped="0" tests="148" time="9.544" timestamp="2019-02-06T03:33:44">
  <properties>
[...]
</properties>
  <testcase classname="ptolemy.util.test.junit.TclTests" name="[0] /home/travis/build/icyphy/ptII/ptolemy/domains/modal/test/SystemLevelType.tcl (RunTclFile)" time="1.809" />
  <testcase classname="ptolemy.util.test.junit.AutoKnownFailedTests" name="[0] /home/travis/build/icyphy/ptII/ptolemy/domains/modal/test/auto/knownFailedTests/CannotAnalysisWithPreemption.xml (RunModel)" time="0.14" />
  <testcase classname="ptolemy.util.test.junit.AutoNameArchTests" name="[0] ThereAreNoAutoArchTests (RunModel)" time="0.007" />
  <testcase classname="ptolemy.util.test.junit.AutoTests" name="[0] /home/travis/build/icyphy/ptII/ptolemy/domains/modal/test/auto/ABPTest.xml (RunModel)" time="0.679" />
  <testcase classname="ptolemy.util.test.junit.AutoTests" name="[1] /home/travis/build/icyphy/ptII/ptolemy/domains/modal/test/auto/ABROFlat.xml (RunModel)" time="0.075" />
  <testcase classname="ptolemy.util.test.junit.AutoTests" name="[2] /home/travis/build/icyphy/ptII/ptolemy/domains/modal/test/auto/ABROFlat2.xml (RunModel)" time="0.075" />
  <testcase classname="ptolemy.util.test.junit.AutoTests" name="[3] /home/travis/build/icyphy/ptII/ptolemy/domains/modal/test/auto/ABRO_present_hmm.xml (RunModel)" time="0.144" />
  <testcase classname="ptolemy.util.test.junit.AutoTests" name="[4] /home/travis/build/icyphy/ptII/ptolemy/domains/modal/test/auto/AMICoderExample.xml (RunModel)" time="0.047" />
  <testcase classname="ptolemy.util.test.junit.AutoTests" name="[5] /home/travis/build/icyphy/ptII/ptolemy/domains/modal/test/auto/AbsentToPresent.xml (RunModel)" time="0.024" />
  <testcase classname="ptolemy.util.test.junit.AutoTests" name="[6] /home/travis/build/icyphy/ptII/ptolemy/domains/modal/test/auto/Blending.xml (RunModel)" time="0.265" />
  <testcase classname="ptolemy.util.test.junit.AutoTests" name="[7] /home/travis/build/icyphy/ptII/ptolemy/domains/modal/test/auto/Broadcast.xml (RunModel)" time="0.053" />
  <testcase classname="ptolemy.util.test.junit.AutoTests" name="[8] /home/travis/build/icyphy/ptII/ptolemy/domains/modal/test/auto/BroadcastHierarchy.xml (RunModel)" time="0.072" />
  <testcase classname="ptolemy.util.test.junit.AutoTests" name="[9] /home/travis/build/icyphy/ptII/ptolemy/domains/modal/test/auto/BroadcastHierarchy2.xml (RunModel)" time="0.113" />
  <testcase classname="ptolemy.util.test.junit.AutoTests" name="[10] /home/travis/build/icyphy/ptII/ptolemy/domains/modal/test/auto/BroadcastHierarchy3.xml (RunModel)" time="0.081" />
  <testcase classname="ptolemy.util.test.junit.AutoTests" name="[11] /home/travis/build/icyphy/ptII/ptolemy/domains/modal/test/auto/BroadcastHierarchy4.xml (RunModel)" time="0.108" />
  <testcase classname="ptolemy.util.test.junit.AutoTests" name="[12] /home/travis/build/icyphy/ptII/ptolemy/domains/modal/test/auto/CannotAnalysisWithPreemption2.xml (RunModel)" time="0.037" />
  <testcase classname="ptolemy.util.test.junit.AutoTests" name="[13] /home/travis/build/icyphy/ptII/ptolemy/domains/modal/test/auto/CannotAnalysisWithPreemption3.xml (RunModel)" time="0.038" />
  <testcase classname="ptolemy.util.test.junit.AutoTests" name="[14] /home/travis/build/icyphy/ptII/ptolemy/domains/modal/test/auto/CannotProduce.xml (RunModel)" time="0.023" />
  <testcase classname="ptolemy.util.test.junit.AutoTests" name="[15] /home/travis/build/icyphy/ptII/ptolemy/domains/modal/test/auto/CannotProduceModal.xml (RunModel)" time="0.031" />
  <testcase classname="ptolemy.util.test.junit.AutoTests" name="[16] /home/travis/build/icyphy/ptII/ptolemy/domains/modal/test/auto/Case.xml (RunModel)" time="0.081" />
  <testcase classname="ptolemy.util.test.junit.AutoTests" name="[17] /home/travis/build/icyphy/ptII/ptolemy/domains/modal/test/auto/Case1.xml (RunModel)" time="0.034" />
  <testcase classname="ptolemy.util.test.junit.AutoTests" name="[18] /home/travis/build/icyphy/ptII/ptolemy/domains/modal/test/auto/Case2.xml (RunModel)" time="0.063" />
  <testcase classname="ptolemy.util.test.junit.AutoTests" name="[19] /home/travis/build/icyphy/ptII/ptolemy/domains/modal/test/auto/CausalityInterface1.xml (RunModel)" time="0.033" />
  <testcase classname="ptolemy.util.test.junit.AutoTests" name="[20] /home/travis/build/icyphy/ptII/ptolemy/domains/modal/test/auto/CausalityInterface10.xml (RunModel)" time="0.073" />
  <testcase classname="ptolemy.util.test.junit.AutoTests" name="[21] /home/travis/build/icyphy/ptII/ptolemy/domains/modal/test/auto/CausalityInterface11.xml (RunModel)" time="0.057" />
  <testcase classname="ptolemy.util.test.junit.AutoTests" name="[22] /home/travis/build/icyphy/ptII/ptolemy/domains/modal/test/auto/CausalityInterface12.xml (RunModel)" time="0.051" />
  <testcase classname="ptolemy.util.test.junit.AutoTests" name="[23] /home/travis/build/icyphy/ptII/ptolemy/domains/modal/test/auto/CausalityInterface13.xml (RunModel)" time="0.045" />
  <testcase classname="ptolemy.util.test.junit.AutoTests" name="[24] /home/travis/build/icyphy/ptII/ptolemy/domains/modal/test/auto/CausalityInterface14.xml (RunModel)" time="0.048" />
  <testcase classname="ptolemy.util.test.junit.AutoTests" name="[25] /home/travis/build/icyphy/ptII/ptolemy/domains/modal/test/auto/CausalityInterface2.xml (RunModel)" time="0.032" />
  <testcase classname="ptolemy.util.test.junit.AutoTests" name="[26] /home/travis/build/icyphy/ptII/ptolemy/domains/modal/test/auto/CausalityInterface3.xml (RunModel)" time="0.035" />
  <testcase classname="ptolemy.util.test.junit.AutoTests" name="[27] /home/travis/build/icyphy/ptII/ptolemy/domains/modal/test/auto/CausalityInterface4.xml (RunModel)" time="0.032" />
  <testcase classname="ptolemy.util.test.junit.AutoTests" name="[28] /home/travis/build/icyphy/ptII/ptolemy/domains/modal/test/auto/CausalityInterface5.xml (RunModel)" time="0.032" />
  <testcase classname="ptolemy.util.test.junit.AutoTests" name="[29] /home/travis/build/icyphy/ptII/ptolemy/domains/modal/test/auto/CausalityInterface6.xml (RunModel)" time="0.034" />
  <testcase classname="ptolemy.util.test.junit.AutoTests" name="[30] /home/travis/build/icyphy/ptII/ptolemy/domains/modal/test/auto/CausalityInterface7.xml (RunModel)" time="0.066" />
  <testcase classname="ptolemy.util.test.junit.AutoTests" name="[31] /home/travis/build/icyphy/ptII/ptolemy/domains/modal/test/auto/CausalityInterface8.xml (RunModel)" time="0.037" />
  <testcase classname="ptolemy.util.test.junit.AutoTests" name="[32] /home/travis/build/icyphy/ptII/ptolemy/domains/modal/test/auto/CausalityInterface9.xml (RunModel)" time="0.03" />
  <testcase classname="ptolemy.util.test.junit.AutoTests" name="[33] /home/travis/build/icyphy/ptII/ptolemy/domains/modal/test/auto/ChainedTransitions.xml (RunModel)" time="0.15" />
  <testcase classname="ptolemy.util.test.junit.AutoTests" name="[34] /home/travis/build/icyphy/ptII/ptolemy/domains/modal/test/auto/CycleOfImmediateTransitionsFSM.xml (RunModel)" time="0.029" />
  <testcase classname="ptolemy.util.test.junit.AutoTests" name="[35] /home/travis/build/icyphy/ptII/ptolemy/domains/modal/test/auto/CycleOfImmediateTransitionsModal.xml (RunModel)" time="0.024" />
  <testcase classname="ptolemy.util.test.junit.AutoTests" name="[36] /home/travis/build/icyphy/ptII/ptolemy/domains/modal/test/auto/CycleOfImmediateTransitionsModal2.xml (RunModel)" time="0.031" />
  <testcase classname="ptolemy.util.test.junit.AutoTests" name="[37] /home/travis/build/icyphy/ptII/ptolemy/domains/modal/test/auto/CycleOfImmediateTransitionsModal3.xml (RunModel)" time="0.066" />
  <testcase classname="ptolemy.util.test.junit.AutoTests" name="[38] /home/travis/build/icyphy/ptII/ptolemy/domains/modal/test/auto/DeepModal1.xml (RunModel)" time="0.055" />
  <testcase classname="ptolemy.util.test.junit.AutoTests" name="[39] /home/travis/build/icyphy/ptII/ptolemy/domains/modal/test/auto/DeepModal2.xml (RunModel)" time="0.055" />
  <testcase classname="ptolemy.util.test.junit.AutoTests" name="[40] /home/travis/build/icyphy/ptII/ptolemy/domains/modal/test/auto/DeepModal3.xml (RunModel)" time="0.05" />
  <testcase classname="ptolemy.util.test.junit.AutoTests" name="[41] /home/travis/build/icyphy/ptII/ptolemy/domains/modal/test/auto/DeepModal4.xml (RunModel)" time="0.054" />
  <testcase classname="ptolemy.util.test.junit.AutoTests" name="[42] /home/travis/build/icyphy/ptII/ptolemy/domains/modal/test/auto/Default1.xml (RunModel)" time="0.018" />
  <testcase classname="ptolemy.util.test.junit.AutoTests" name="[43] /home/travis/build/icyphy/ptII/ptolemy/domains/modal/test/auto/Default2.xml (RunModel)" time="0.017" />
  <testcase classname="ptolemy.util.test.junit.AutoTests" name="[44] /home/travis/build/icyphy/ptII/ptolemy/domains/modal/test/auto/Default3.xml (RunModel)" time="0.019" />
  <testcase classname="ptolemy.util.test.junit.AutoTests" name="[45] /home/travis/build/icyphy/ptII/ptolemy/domains/modal/test/auto/Default4.xml (RunModel)" time="0.018" />
  <testcase classname="ptolemy.util.test.junit.AutoTests" name="[46] /home/travis/build/icyphy/ptII/ptolemy/domains/modal/test/auto/Default5.xml (RunModel)" time="0.03" />
  <testcase classname="ptolemy.util.test.junit.AutoTests" name="[47] /home/travis/build/icyphy/ptII/ptolemy/domains/modal/test/auto/EmptyGuard.xml (RunModel)" time="0.022" />
  <testcase classname="ptolemy.util.test.junit.AutoTests" name="[48] /home/travis/build/icyphy/ptII/ptolemy/domains/modal/test/auto/ErrorTransition1.xml (RunModel)" time="0.034" />
  <testcase classname="ptolemy.util.test.junit.AutoTests" name="[49] /home/travis/build/icyphy/ptII/ptolemy/domains/modal/test/auto/ErrorTransition10.xml (RunModel)" time="0.049" />
  <testcase classname="ptolemy.util.test.junit.AutoTests" name="[50] /home/travis/build/icyphy/ptII/ptolemy/domains/modal/test/auto/ErrorTransition11.xml (RunModel)" time="0.036" />
  <testcase classname="ptolemy.util.test.junit.AutoTests" name="[51] /home/travis/build/icyphy/ptII/ptolemy/domains/modal/test/auto/ErrorTransition2.xml (RunModel)" time="0.024" />
  <testcase classname="ptolemy.util.test.junit.AutoTests" name="[52] /home/travis/build/icyphy/ptII/ptolemy/domains/modal/test/auto/ErrorTransition3.xml (RunModel)" time="0.034" />
  <testcase classname="ptolemy.util.test.junit.AutoTests" name="[53] /home/travis/build/icyphy/ptII/ptolemy/domains/modal/test/auto/ErrorTransition4.xml (RunModel)" time="0.036" />
  <testcase classname="ptolemy.util.test.junit.AutoTests" name="[54] /home/travis/build/icyphy/ptII/ptolemy/domains/modal/test/auto/ErrorTransition5.xml (RunModel)" time="0.03" />
  <testcase classname="ptolemy.util.test.junit.AutoTests" name="[55] /home/travis/build/icyphy/ptII/ptolemy/domains/modal/test/auto/ErrorTransition6.xml (RunModel)" time="0.031" />
  <testcase classname="ptolemy.util.test.junit.AutoTests" name="[56] /home/travis/build/icyphy/ptII/ptolemy/domains/modal/test/auto/ErrorTransition7.xml (RunModel)" time="0.04" />
  <testcase classname="ptolemy.util.test.junit.AutoTests" name="[57] /home/travis/build/icyphy/ptII/ptolemy/domains/modal/test/auto/ErrorTransition8.xml (RunModel)" time="0.056" />
  <testcase classname="ptolemy.util.test.junit.AutoTests" name="[58] /home/travis/build/icyphy/ptII/ptolemy/domains/modal/test/auto/ErrorTransition9.xml (RunModel)" time="0.032" />
  <testcase classname="ptolemy.util.test.junit.AutoTests" name="[59] /home/travis/build/icyphy/ptII/ptolemy/domains/modal/test/auto/ExtendedFSM.xml (RunModel)" time="0.024" />
  <testcase classname="ptolemy.util.test.junit.AutoTests" name="[60] /home/travis/build/icyphy/ptII/ptolemy/domains/modal/test/auto/FinalStates.xml (RunModel)" time="0.019" />
  <testcase classname="ptolemy.util.test.junit.AutoTests" name="[61] /home/travis/build/icyphy/ptII/ptolemy/domains/modal/test/auto/FixedPointFSM.xml (RunModel)" time="0.048" />
  <testcase classname="ptolemy.util.test.junit.AutoTests" name="[62] /home/travis/build/icyphy/ptII/ptolemy/domains/modal/test/auto/FixedPointIterationFSMActor.xml (RunModel)" time="0.028" />
  <testcase classname="ptolemy.util.test.junit.AutoTests" name="[63] /home/travis/build/icyphy/ptII/ptolemy/domains/modal/test/auto/FixedPointIterationFSMActor2.xml (RunModel)" time="0.032" />
  <testcase classname="ptolemy.util.test.junit.AutoTests" name="[64] /home/travis/build/icyphy/ptII/ptolemy/domains/modal/test/auto/ForbiddenInstantanousLoop.xml (RunModel)" time="0.031" />
  <testcase classname="ptolemy.util.test.junit.AutoTests" name="[65] /home/travis/build/icyphy/ptII/ptolemy/domains/modal/test/auto/FunctionDependencyOfFSMActorTest.xml (RunModel)" time="0.027" />
  <testcase classname="ptolemy.util.test.junit.AutoTests" name="[66] /home/travis/build/icyphy/ptII/ptolemy/domains/modal/test/auto/GuardExpression.xml (RunModel)" time="0.016" />
  <testcase classname="ptolemy.util.test.junit.AutoTests" name="[67] /home/travis/build/icyphy/ptII/ptolemy/domains/modal/test/auto/GuardNotEvaluated.xml (RunModel)" time="0.029" />
  <testcase classname="ptolemy.util.test.junit.AutoTests" name="[68] /home/travis/build/icyphy/ptII/ptolemy/domains/modal/test/auto/GuardNotEvaluated2.xml (RunModel)" time="0.024" />
  <testcase classname="ptolemy.util.test.junit.AutoTests" name="[69] /home/travis/build/icyphy/ptII/ptolemy/domains/modal/test/auto/GuardOnAbsent.xml (RunModel)" time="0.021" />
  <testcase classname="ptolemy.util.test.junit.AutoTests" name="[70] /home/travis/build/icyphy/ptII/ptolemy/domains/modal/test/auto/HierarchicalFSMTypeInference.xml (RunModel)" time="0.027" />
  <testcase classname="ptolemy.util.test.junit.AutoTests" name="[71] /home/travis/build/icyphy/ptII/ptolemy/domains/modal/test/auto/Hysteresis.xml (RunModel)" time="0.04" />
  <testcase classname="ptolemy.util.test.junit.AutoTests" name="[72] /home/travis/build/icyphy/ptII/ptolemy/domains/modal/test/auto/HysteresisWithDefault.xml (RunModel)" time="0.065" />
  <testcase classname="ptolemy.util.test.junit.AutoTests" name="[73] /home/travis/build/icyphy/ptII/ptolemy/domains/modal/test/auto/HysteresisWithDefault2.xml (RunModel)" time="0.065" />
  <testcase classname="ptolemy.util.test.junit.AutoTests" name="[74] /home/travis/build/icyphy/ptII/ptolemy/domains/modal/test/auto/ImmediateNonConstructiveness.xml (RunModel)" time="0.017" />
  <testcase classname="ptolemy.util.test.junit.AutoTests" name="[75] /home/travis/build/icyphy/ptII/ptolemy/domains/modal/test/auto/ImmediateNonConstructiveness2.xml (RunModel)" time="0.015" />
  <testcase classname="ptolemy.util.test.junit.AutoTests" name="[76] /home/travis/build/icyphy/ptII/ptolemy/domains/modal/test/auto/ImmediateTransitionReset.xml (RunModel)" time="0.039" />
  <testcase classname="ptolemy.util.test.junit.AutoTests" name="[77] /home/travis/build/icyphy/ptII/ptolemy/domains/modal/test/auto/ImmediateTransitions1.xml (RunModel)" time="0.01" />
  <testcase classname="ptolemy.util.test.junit.AutoTests" name="[78] /home/travis/build/icyphy/ptII/ptolemy/domains/modal/test/auto/ImmediateTransitionsInstantaneousCommunication.xml (RunModel)" time="0.026" />
  <testcase classname="ptolemy.util.test.junit.AutoTests" name="[79] /home/travis/build/icyphy/ptII/ptolemy/domains/modal/test/auto/InitialImmediateTransition.xml (RunModel)" time="0.015" />
  <testcase classname="ptolemy.util.test.junit.AutoTests" name="[80] /home/travis/build/icyphy/ptII/ptolemy/domains/modal/test/auto/InitialOutputs.xml (RunModel)" time="0.013" />
  <testcase classname="ptolemy.util.test.junit.AutoTests" name="[81] /home/travis/build/icyphy/ptII/ptolemy/domains/modal/test/auto/InitialStateTransition1.xml (RunModel)" time="0.018" />
  <testcase classname="ptolemy.util.test.junit.AutoTests" name="[82] /home/travis/build/icyphy/ptII/ptolemy/domains/modal/test/auto/InitialStateTransition2.xml (RunModel)" time="0.019" />
  <testcase classname="ptolemy.util.test.junit.AutoTests" name="[83] /home/travis/build/icyphy/ptII/ptolemy/domains/modal/test/auto/InitialStateTransition3.xml (RunModel)" time="0.021" />
  <testcase classname="ptolemy.util.test.junit.AutoTests" name="[84] /home/travis/build/icyphy/ptII/ptolemy/domains/modal/test/auto/InitialStateTransition4.xml (RunModel)" time="0.026" />
  <testcase classname="ptolemy.util.test.junit.AutoTests" name="[85] /home/travis/build/icyphy/ptII/ptolemy/domains/modal/test/auto/MalformedGuardExpressionNotCaught.xml (RunModel)" time="0.016" />
  <testcase classname="ptolemy.util.test.junit.AutoTests" name="[86] /home/travis/build/icyphy/ptII/ptolemy/domains/modal/test/auto/ModalBSC.xml (RunModel)" time="0.074" />
  <testcase classname="ptolemy.util.test.junit.AutoTests" name="[87] /home/travis/build/icyphy/ptII/ptolemy/domains/modal/test/auto/ModalClocks.xml (RunModel)" time="0.063" />
  <testcase classname="ptolemy.util.test.junit.AutoTests" name="[88] /home/travis/build/icyphy/ptII/ptolemy/domains/modal/test/auto/ModalDelay.xml (RunModel)" time="0.036" />
  <testcase classname="ptolemy.util.test.junit.AutoTests" name="[89] /home/travis/build/icyphy/ptII/ptolemy/domains/modal/test/auto/ModalDelay2.xml (RunModel)" time="0.045" />
  <testcase classname="ptolemy.util.test.junit.AutoTests" name="[90] /home/travis/build/icyphy/ptII/ptolemy/domains/modal/test/auto/ModalModelFromMemo.xml (RunModel)" time="0.051" />
  <testcase classname="ptolemy.util.test.junit.AutoTests" name="[91] /home/travis/build/icyphy/ptII/ptolemy/domains/modal/test/auto/ModalModelWithMultirateTransient.xml (RunModel)" time="0.039" />
  <testcase classname="ptolemy.util.test.junit.AutoTests" name="[92] /home/travis/build/icyphy/ptII/ptolemy/domains/modal/test/auto/ModalModelWithReset.xml (RunModel)" time="0.034" />
  <testcase classname="ptolemy.util.test.junit.AutoTests" name="[93] /home/travis/build/icyphy/ptII/ptolemy/domains/modal/test/auto/MouseClickFSM.xml (RunModel)" time="0.047" />
  <testcase classname="ptolemy.util.test.junit.AutoTests" name="[94] /home/travis/build/icyphy/ptII/ptolemy/domains/modal/test/auto/MouseClickFSMModal.xml (RunModel)" time="0.029" />
  <testcase classname="ptolemy.util.test.junit.AutoTests" name="[95] /home/travis/build/icyphy/ptII/ptolemy/domains/modal/test/auto/NonStrictFSM_FeedbackLoop.xml (RunModel)" time="0.046" />
  <testcase classname="ptolemy.util.test.junit.AutoTests" name="[96] /home/travis/build/icyphy/ptII/ptolemy/domains/modal/test/auto/NonStrictFSM_FeedbackLoop_Refinement.xml (RunModel)" time="0.054" />
  <testcase classname="ptolemy.util.test.junit.AutoTests" name="[97] /home/travis/build/icyphy/ptII/ptolemy/domains/modal/test/auto/NonStrictFSM_FeedbackLoop_preemptive.xml (RunModel)" time="0.039" />
  <testcase classname="ptolemy.util.test.junit.AutoTests" name="[98] /home/travis/build/icyphy/ptII/ptolemy/domains/modal/test/auto/NormalTermination.xml (RunModel)" time="0.043" />
  <testcase classname="ptolemy.util.test.junit.AutoTests" name="[99] /home/travis/build/icyphy/ptII/ptolemy/domains/modal/test/auto/Pong.xml (RunModel)" time="0.055" />
  <testcase classname="ptolemy.util.test.junit.AutoTests" name="[100] /home/travis/build/icyphy/ptII/ptolemy/domains/modal/test/auto/Pong_test.xml (RunModel)" time="0.085" />
  <testcase classname="ptolemy.util.test.junit.AutoTests" name="[101] /home/travis/build/icyphy/ptII/ptolemy/domains/modal/test/auto/PreemptionHierarchy.xml (RunModel)" time="0.022" />
  <testcase classname="ptolemy.util.test.junit.AutoTests" name="[102] /home/travis/build/icyphy/ptII/ptolemy/domains/modal/test/auto/PreemptionHierarchy2.xml (RunModel)" time="0.028" />
  <testcase classname="ptolemy.util.test.junit.AutoTests" name="[103] /home/travis/build/icyphy/ptII/ptolemy/domains/modal/test/auto/PreemptiveTransition.xml (RunModel)" time="0.017" />
  <testcase classname="ptolemy.util.test.junit.AutoTests" name="[104] /home/travis/build/icyphy/ptII/ptolemy/domains/modal/test/auto/Priorities.xml (RunModel)" time="0.062" />
  <testcase classname="ptolemy.util.test.junit.AutoTests" name="[105] /home/travis/build/icyphy/ptII/ptolemy/domains/modal/test/auto/ResetFinal.xml (RunModel)" time="0.033" />
  <testcase classname="ptolemy.util.test.junit.AutoTests" name="[106] /home/travis/build/icyphy/ptII/ptolemy/domains/modal/test/auto/ResetFinal2.xml (RunModel)" time="0.026" />
  <testcase classname="ptolemy.util.test.junit.AutoTests" name="[107] /home/travis/build/icyphy/ptII/ptolemy/domains/modal/test/auto/ResetTransitionWithStartTime.xml (RunModel)" time="0.023" />
  <testcase classname="ptolemy.util.test.junit.AutoTests" name="[108] /home/travis/build/icyphy/ptII/ptolemy/domains/modal/test/auto/SDF-FSMComposite.xml (RunModel)" time="0.018" />
  <testcase classname="ptolemy.util.test.junit.AutoTests" name="[109] /home/travis/build/icyphy/ptII/ptolemy/domains/modal/test/auto/SeeminglyNondeterminate.xml (RunModel)" time="0.057" />
  <testcase classname="ptolemy.util.test.junit.AutoTests" name="[110] /home/travis/build/icyphy/ptII/ptolemy/domains/modal/test/auto/SeeminglyNondeterminate2.xml (RunModel)" time="0.058" />
  <testcase classname="ptolemy.util.test.junit.AutoTests" name="[111] /home/travis/build/icyphy/ptII/ptolemy/domains/modal/test/auto/SpontaneousFSM.xml (RunModel)" time="0.037" />
  <testcase classname="ptolemy.util.test.junit.AutoTests" name="[112] /home/travis/build/icyphy/ptII/ptolemy/domains/modal/test/auto/SpontaneousFSM2.xml (RunModel)" time="0.029" />
  <testcase classname="ptolemy.util.test.junit.AutoTests" name="[113] /home/travis/build/icyphy/ptII/ptolemy/domains/modal/test/auto/SpontaneousFSM3.xml (RunModel)" time="0.04" />
  <testcase classname="ptolemy.util.test.junit.AutoTests" name="[114] /home/travis/build/icyphy/ptII/ptolemy/domains/modal/test/auto/SpontaneousFSM4.xml (RunModel)" time="0.037" />
  <testcase classname="ptolemy.util.test.junit.AutoTests" name="[115] /home/travis/build/icyphy/ptII/ptolemy/domains/modal/test/auto/StateTrackerTest.xml (RunModel)" time="0.05" />
  <testcase classname="ptolemy.util.test.junit.AutoTests" name="[116] /home/travis/build/icyphy/ptII/ptolemy/domains/modal/test/auto/StrongImmediateTransition.xml (RunModel)" time="0.022" />
  <testcase classname="ptolemy.util.test.junit.AutoTests" name="[117] /home/travis/build/icyphy/ptII/ptolemy/domains/modal/test/auto/SustainHierarchy.xml (RunModel)" time="0.035" />
  <testcase classname="ptolemy.util.test.junit.AutoTests" name="[118] /home/travis/build/icyphy/ptII/ptolemy/domains/modal/test/auto/TerminationTransition1.xml (RunModel)" time="0.022" />
  <testcase classname="ptolemy.util.test.junit.AutoTests" name="[119] /home/travis/build/icyphy/ptII/ptolemy/domains/modal/test/auto/TerminationTransition2.xml (RunModel)" time="0.027" />
  <testcase classname="ptolemy.util.test.junit.AutoTests" name="[120] /home/travis/build/icyphy/ptII/ptolemy/domains/modal/test/auto/TerminationTransition3.xml (RunModel)" time="0.027" />
  <testcase classname="ptolemy.util.test.junit.AutoTests" name="[121] /home/travis/build/icyphy/ptII/ptolemy/domains/modal/test/auto/TerminationTransition4.xml (RunModel)" time="0.042" />
  <testcase classname="ptolemy.util.test.junit.AutoTests" name="[122] /home/travis/build/icyphy/ptII/ptolemy/domains/modal/test/auto/TerminationTransition5.xml (RunModel)" time="0.047" />
  <testcase classname="ptolemy.util.test.junit.AutoTests" name="[123] /home/travis/build/icyphy/ptII/ptolemy/domains/modal/test/auto/TerminationTransition6.xml (RunModel)" time="0.024" />
  <testcase classname="ptolemy.util.test.junit.AutoTests" name="[124] /home/travis/build/icyphy/ptII/ptolemy/domains/modal/test/auto/TerminationTransition7.xml (RunModel)" time="0.024" />
  <testcase classname="ptolemy.util.test.junit.AutoTests" name="[125] /home/travis/build/icyphy/ptII/ptolemy/domains/modal/test/auto/TerminationTransition8.xml (RunModel)" time="0.026" />
  <testcase classname="ptolemy.util.test.junit.AutoTests" name="[126] /home/travis/build/icyphy/ptII/ptolemy/domains/modal/test/auto/Thermostat_NoHysteresis.xml (RunModel)" time="0.086" />
  <testcase classname="ptolemy.util.test.junit.AutoTests" name="[127] /home/travis/build/icyphy/ptII/ptolemy/domains/modal/test/auto/TimedFSM.xml (RunModel)" time="0.035" />
  <testcase classname="ptolemy.util.test.junit.AutoTests" name="[128] /home/travis/build/icyphy/ptII/ptolemy/domains/modal/test/auto/Timeout1.xml (RunModel)" time="0.012" />
  <testcase classname="ptolemy.util.test.junit.AutoTests" name="[129] /home/travis/build/icyphy/ptII/ptolemy/domains/modal/test/auto/Timeout2.xml (RunModel)" time="0.019" />
  <testcase classname="ptolemy.util.test.junit.AutoTests" name="[130] /home/travis/build/icyphy/ptII/ptolemy/domains/modal/test/auto/Timeout3.xml (RunModel)" time="0.01" />
  <testcase classname="ptolemy.util.test.junit.AutoTests" name="[131] /home/travis/build/icyphy/ptII/ptolemy/domains/modal/test/auto/Timeout4.xml (RunModel)" time="0.009" />
  <testcase classname="ptolemy.util.test.junit.AutoTests" name="[132] /home/travis/build/icyphy/ptII/ptolemy/domains/modal/test/auto/TransientstateModelAdvanced.xml (RunModel)" time="0.027" />
  <testcase classname="ptolemy.util.test.junit.AutoTests" name="[133] /home/travis/build/icyphy/ptII/ptolemy/domains/modal/test/auto/TransientstateModelAdvanced2.xml (RunModel)" time="0.03" />
  <testcase classname="ptolemy.util.test.junit.AutoTests" name="[134] /home/travis/build/icyphy/ptII/ptolemy/domains/modal/test/auto/TransitionRefinements.xml (RunModel)" time="0.026" />
  <testcase classname="ptolemy.util.test.junit.AutoTests" name="[135] /home/travis/build/icyphy/ptII/ptolemy/domains/modal/test/auto/TwoRefinements1.xml (RunModel)" time="0.024" />
  <testcase classname="ptolemy.util.test.junit.AutoTests" name="[136] /home/travis/build/icyphy/ptII/ptolemy/domains/modal/test/auto/TwoRefinements2.xml (RunModel)" time="0.025" />
  <testcase classname="ptolemy.util.test.junit.AutoTests" name="[137] /home/travis/build/icyphy/ptII/ptolemy/domains/modal/test/auto/WeakImmediateTransition.xml (RunModel)" time="0.02" />
  <testcase classname="ptolemy.util.test.junit.AutoTests" name="[138] /home/travis/build/icyphy/ptII/ptolemy/domains/modal/test/auto/booleanSelect.xml (RunModel)" time="0.06" />
  <testcase classname="ptolemy.util.test.junit.AutoTests" name="[139] /home/travis/build/icyphy/ptII/ptolemy/domains/modal/test/auto/modalChangingParams.xml (RunModel)" time="0.241" />
  <testcase classname="ptolemy.util.test.junit.AutoTests" name="[140] /home/travis/build/icyphy/ptII/ptolemy/domains/modal/test/auto/modalModel.xml (RunModel)" time="0.019" />
  <testcase classname="ptolemy.util.test.junit.AutoTests" name="[141] /home/travis/build/icyphy/ptII/ptolemy/domains/modal/test/auto/modalModel2.xml (RunModel)" time="0.023" />
  <testcase classname="ptolemy.util.test.junit.AutoTests" name="[142] /home/travis/build/icyphy/ptII/ptolemy/domains/modal/test/auto/modalModel3.xml (RunModel)" time="0.034" />
  <testcase classname="ptolemy.util.test.junit.AutoTests" name="[143] /home/travis/build/icyphy/ptII/ptolemy/domains/modal/test/auto/model1.xml (RunModel)" time="0.017" />
  <testcase classname="ptolemy.util.test.junit.AutoTests" name="[144] /home/travis/build/icyphy/ptII/ptolemy/domains/modal/test/auto/test-direct-in-out.xml (RunModel)" time="0.016" />
  <system-out><![CDATA[/home/travis/build/icyphy/ptII/ptolemy/domains/modal/test/SystemLevelType.tcl
testDefs.tcl: setting time out to 9000 seconds at Wed Feb 06 03:33:44 UTC 2019
02/06/19 03:33:46
Failed: 0  Total Tests: 1  ((Passed: 1, Newly Passed: 0)  Known Failed: 0) /home/travis/build/icyphy/ptII/ptolemy/domains/modal/test
----------------- testing (KnownFailure) /home/travis/build/icyphy/ptII/ptolemy/domains/modal/test/auto/knownFailedTests/CannotAnalysisWithPreemption.xml
40 ms. Memory: 208384K Free: 80456K (39%)
Known Failure: java.lang.reflect.InvocationTargetException
No auto/linux-amd64/*.xml tests in /home/travis/build/icyphy/ptII/ptolemy/domains/modal/test
AutoTests.java: About to close Vertx.
AutoTests.java: Vertx closed.

===========================================================================================
----------------- testing Wed Feb 06 03:33:46 UTC 2019 /home/travis/build/icyphy/ptII/ptolemy/domains/modal/test/auto/ABPTest.xml
----------------- Instantiating /home/travis/build/icyphy/ptII/ptolemy/domains/modal/test/auto/ABPTest.xml
277 ms. Memory: 332288K Free: 310779K (94%)
----------------- Invoking toplevel() on ptolemy.moml.MoMLSimpleApplication@73d14925
----------------- Done invoking toplevel() on ptolemy.moml.MoMLSimpleApplication@73d14925
reloadAllAccessors: .ABPTest

===========================================================================================
----------------- testing Wed Feb 06 03:33:47 UTC 2019 /home/travis/build/icyphy/ptII/ptolemy/domains/modal/test/auto/ABROFlat.xml
----------------- Instantiating /home/travis/build/icyphy/ptII/ptolemy/domains/modal/test/auto/ABROFlat.xml
18 ms. Memory: 332288K Free: 288782K (87%)
----------------- Invoking toplevel() on ptolemy.moml.MoMLSimpleApplication@50f0b178
----------------- Done invoking toplevel() on ptolemy.moml.MoMLSimpleApplication@50f0b178
reloadAllAccessors: .ABROFlat

===========================================================================================
----------------- testing Wed Feb 06 03:33:47 UTC 2019 /home/travis/build/icyphy/ptII/ptolemy/domains/modal/test/auto/ABROFlat2.xml
----------------- Instantiating /home/travis/build/icyphy/ptII/ptolemy/domains/modal/test/auto/ABROFlat2.xml
23 ms. Memory: 332288K Free: 270768K (81%)
----------------- Invoking toplevel() on ptolemy.moml.MoMLSimpleApplication@6de99602
----------------- Done invoking toplevel() on ptolemy.moml.MoMLSimpleApplication@6de99602
reloadAllAccessors: .ABROFlat2

===========================================================================================
----------------- testing Wed Feb 06 03:33:47 UTC 2019 /home/travis/build/icyphy/ptII/ptolemy/domains/modal/test/auto/ABRO_present_hmm.xml
----------------- Instantiating /home/travis/build/icyphy/ptII/ptolemy/domains/modal/test/auto/ABRO_present_hmm.xml
28 ms. Memory: 332288K Free: 239720K (72%)
----------------- Invoking toplevel() on ptolemy.moml.MoMLSimpleApplication@397e7fb7
----------------- Done invoking toplevel() on ptolemy.moml.MoMLSimpleApplication@397e7fb7
reloadAllAccessors: .ABRO_present_hmm

===========================================================================================
----------------- testing Wed Feb 06 03:33:47 UTC 2019 /home/travis/build/icyphy/ptII/ptolemy/domains/modal/test/auto/AMICoderExample.xml
----------------- Instantiating /home/travis/build/icyphy/ptII/ptolemy/domains/modal/test/auto/AMICoderExample.xml
19 ms. Memory: 332288K Free: 228275K (69%)
----------------- Invoking toplevel() on ptolemy.moml.MoMLSimpleApplication@3bb9f469
----------------- Done invoking toplevel() on ptolemy.moml.MoMLSimpleApplication@3bb9f469
reloadAllAccessors: .AMICoderExample

===========================================================================================
----------------- testing Wed Feb 06 03:33:47 UTC 2019 /home/travis/build/icyphy/ptII/ptolemy/domains/modal/test/auto/AbsentToPresent.xml
----------------- Instantiating /home/travis/build/icyphy/ptII/ptolemy/domains/modal/test/auto/AbsentToPresent.xml
7 ms. Memory: 332288K Free: 220111K (66%)
----------------- Invoking toplevel() on ptolemy.moml.MoMLSimpleApplication@112cac5c
----------------- Done invoking toplevel() on ptolemy.moml.MoMLSimpleApplication@112cac5c
reloadAllAccessors: .AbsentToPresent

===========================================================================================
----------------- testing Wed Feb 06 03:33:47 UTC 2019 /home/travis/build/icyphy/ptII/ptolemy/domains/modal/test/auto/Blending.xml
----------------- Instantiating /home/travis/build/icyphy/ptII/ptolemy/domains/modal/test/auto/Blending.xml
163 ms. Memory: 332288K Free: 171050K (51%)
----------------- Invoking toplevel() on ptolemy.moml.MoMLSimpleApplication@44393414
----------------- Done invoking toplevel() on ptolemy.moml.MoMLSimpleApplication@44393414
reloadAllAccessors: .Blending

===========================================================================================
----------------- testing Wed Feb 06 03:33:47 UTC 2019 /home/travis/build/icyphy/ptII/ptolemy/domains/modal/test/auto/Broadcast.xml
----------------- Instantiating /home/travis/build/icyphy/ptII/ptolemy/domains/modal/test/auto/Broadcast.xml
12 ms. Memory: 332288K Free: 157968K (48%)
----------------- Invoking toplevel() on ptolemy.moml.MoMLSimpleApplication@398bae1e
----------------- Done invoking toplevel() on ptolemy.moml.MoMLSimpleApplication@398bae1e
reloadAllAccessors: .Broadcast

===========================================================================================
----------------- testing Wed Feb 06 03:33:48 UTC 2019 /home/travis/build/icyphy/ptII/ptolemy/domains/modal/test/auto/BroadcastHierarchy.xml
----------------- Instantiating /home/travis/build/icyphy/ptII/ptolemy/domains/modal/test/auto/BroadcastHierarchy.xml
18 ms. Memory: 332288K Free: 141630K (43%)
----------------- Invoking toplevel() on ptolemy.moml.MoMLSimpleApplication@54db8d8c
----------------- Done invoking toplevel() on ptolemy.moml.MoMLSimpleApplication@54db8d8c
reloadAllAccessors: .BroadcastHierarchy

===========================================================================================
----------------- testing Wed Feb 06 03:33:48 UTC 2019 /home/travis/build/icyphy/ptII/ptolemy/domains/modal/test/auto/BroadcastHierarchy2.xml
----------------- Instantiating /home/travis/build/icyphy/ptII/ptolemy/domains/modal/test/auto/BroadcastHierarchy2.xml
25 ms. Memory: 332288K Free: 107318K (32%)
----------------- Invoking toplevel() on ptolemy.moml.MoMLSimpleApplication@6c13f638
----------------- Done invoking toplevel() on ptolemy.moml.MoMLSimpleApplication@6c13f638
reloadAllAccessors: .BroadcastHierarchy2

===========================================================================================
----------------- testing Wed Feb 06 03:33:48 UTC 2019 /home/travis/build/icyphy/ptII/ptolemy/domains/modal/test/auto/BroadcastHierarchy3.xml
----------------- Instantiating /home/travis/build/icyphy/ptII/ptolemy/domains/modal/test/auto/BroadcastHierarchy3.xml
16 ms. Memory: 332288K Free: 79519K (24%)
----------------- Invoking toplevel() on ptolemy.moml.MoMLSimpleApplication@1c2b6be7
----------------- Done invoking toplevel() on ptolemy.moml.MoMLSimpleApplication@1c2b6be7
reloadAllAccessors: .BroadcastHierarchy3

===========================================================================================
----------------- testing Wed Feb 06 03:33:48 UTC 2019 /home/travis/build/icyphy/ptII/ptolemy/domains/modal/test/auto/BroadcastHierarchy4.xml
----------------- Instantiating /home/travis/build/icyphy/ptII/ptolemy/domains/modal/test/auto/BroadcastHierarchy4.xml
10 ms. Memory: 333824K Free: 296611K (89%)
----------------- Invoking toplevel() on ptolemy.moml.MoMLSimpleApplication@744099be
----------------- Done invoking toplevel() on ptolemy.moml.MoMLSimpleApplication@744099be
reloadAllAccessors: .BroadcastHierarchy4

===========================================================================================
----------------- testing Wed Feb 06 03:33:48 UTC 2019 /home/travis/build/icyphy/ptII/ptolemy/domains/modal/test/auto/CannotAnalysisWithPreemption2.xml
----------------- Instantiating /home/travis/build/icyphy/ptII/ptolemy/domains/modal/test/auto/CannotAnalysisWithPreemption2.xml
5 ms. Memory: 333824K Free: 285769K (86%)
----------------- Invoking toplevel() on ptolemy.moml.MoMLSimpleApplication@6c3e7efc
----------------- Done invoking toplevel() on ptolemy.moml.MoMLSimpleApplication@6c3e7efc
reloadAllAccessors: .CannotAnalysisWithPreemption2

===========================================================================================
----------------- testing Wed Feb 06 03:33:48 UTC 2019 /home/travis/build/icyphy/ptII/ptolemy/domains/modal/test/auto/CannotAnalysisWithPreemption3.xml
----------------- Instantiating /home/travis/build/icyphy/ptII/ptolemy/domains/modal/test/auto/CannotAnalysisWithPreemption3.xml
6 ms. Memory: 333824K Free: 273510K (82%)
----------------- Invoking toplevel() on ptolemy.moml.MoMLSimpleApplication@1c38df69
----------------- Done invoking toplevel() on ptolemy.moml.MoMLSimpleApplication@1c38df69
reloadAllAccessors: .CannotAnalysisWithPreemption3

===========================================================================================
----------------- testing Wed Feb 06 03:33:48 UTC 2019 /home/travis/build/icyphy/ptII/ptolemy/domains/modal/test/auto/CannotProduce.xml
----------------- Instantiating /home/travis/build/icyphy/ptII/ptolemy/domains/modal/test/auto/CannotProduce.xml
6 ms. Memory: 333824K Free: 266150K (80%)
----------------- Invoking toplevel() on ptolemy.moml.MoMLSimpleApplication@520b54ed
----------------- Done invoking toplevel() on ptolemy.moml.MoMLSimpleApplication@520b54ed
reloadAllAccessors: .CannotProduce

===========================================================================================
----------------- testing Wed Feb 06 03:33:48 UTC 2019 /home/travis/build/icyphy/ptII/ptolemy/domains/modal/test/auto/CannotProduceModal.xml
----------------- Instantiating /home/travis/build/icyphy/ptII/ptolemy/domains/modal/test/auto/CannotProduceModal.xml
7 ms. Memory: 333824K Free: 255380K (77%)
----------------- Invoking toplevel() on ptolemy.moml.MoMLSimpleApplication@77adae49
----------------- Done invoking toplevel() on ptolemy.moml.MoMLSimpleApplication@77adae49
reloadAllAccessors: .CannotProduceModal

===========================================================================================
----------------- testing Wed Feb 06 03:33:48 UTC 2019 /home/travis/build/icyphy/ptII/ptolemy/domains/modal/test/auto/Case.xml
----------------- Instantiating /home/travis/build/icyphy/ptII/ptolemy/domains/modal/test/auto/Case.xml
30 ms. Memory: 333824K Free: 243113K (73%)
----------------- Invoking toplevel() on ptolemy.moml.MoMLSimpleApplication@3d7df988
----------------- Done invoking toplevel() on ptolemy.moml.MoMLSimpleApplication@3d7df988
reloadAllAccessors: .Case

===========================================================================================
----------------- testing Wed Feb 06 03:33:48 UTC 2019 /home/travis/build/icyphy/ptII/ptolemy/domains/modal/test/auto/Case1.xml
----------------- Instantiating /home/travis/build/icyphy/ptII/ptolemy/domains/modal/test/auto/Case1.xml
8 ms. Memory: 333824K Free: 234525K (70%)
----------------- Invoking toplevel() on ptolemy.moml.MoMLSimpleApplication@3073989e
----------------- Done invoking toplevel() on ptolemy.moml.MoMLSimpleApplication@3073989e
reloadAllAccessors: .Case1

===========================================================================================
----------------- testing Wed Feb 06 03:33:48 UTC 2019 /home/travis/build/icyphy/ptII/ptolemy/domains/modal/test/auto/Case2.xml
----------------- Instantiating /home/travis/build/icyphy/ptII/ptolemy/domains/modal/test/auto/Case2.xml
29 ms. Memory: 333824K Free: 220075K (66%)
----------------- Invoking toplevel() on ptolemy.moml.MoMLSimpleApplication@4948e3e0
----------------- Done invoking toplevel() on ptolemy.moml.MoMLSimpleApplication@4948e3e0
reloadAllAccessors: .Case2

===========================================================================================
----------------- testing Wed Feb 06 03:33:48 UTC 2019 /home/travis/build/icyphy/ptII/ptolemy/domains/modal/test/auto/CausalityInterface1.xml
----------------- Instantiating /home/travis/build/icyphy/ptII/ptolemy/domains/modal/test/auto/CausalityInterface1.xml
4 ms. Memory: 333824K Free: 213937K (64%)
----------------- Invoking toplevel() on ptolemy.moml.MoMLSimpleApplication@46b69eb2
----------------- Done invoking toplevel() on ptolemy.moml.MoMLSimpleApplication@46b69eb2
reloadAllAccessors: .CausalityInterface1

===========================================================================================
----------------- testing Wed Feb 06 03:33:48 UTC 2019 /home/travis/build/icyphy/ptII/ptolemy/domains/modal/test/auto/CausalityInterface10.xml
----------------- Instantiating /home/travis/build/icyphy/ptII/ptolemy/domains/modal/test/auto/CausalityInterface10.xml
14 ms. Memory: 333824K Free: 197918K (59%)
----------------- Invoking toplevel() on ptolemy.moml.MoMLSimpleApplication@676d8eac
----------------- Done invoking toplevel() on ptolemy.moml.MoMLSimpleApplication@676d8eac
reloadAllAccessors: .CausalityInterface10

===========================================================================================
----------------- testing Wed Feb 06 03:33:48 UTC 2019 /home/travis/build/icyphy/ptII/ptolemy/domains/modal/test/auto/CausalityInterface11.xml
----------------- Instantiating /home/travis/build/icyphy/ptII/ptolemy/domains/modal/test/auto/CausalityInterface11.xml
7 ms. Memory: 333824K Free: 181018K (54%)
----------------- Invoking toplevel() on ptolemy.moml.MoMLSimpleApplication@433626f4
----------------- Done invoking toplevel() on ptolemy.moml.MoMLSimpleApplication@433626f4
reloadAllAccessors: .CausalityInterface11

===========================================================================================
----------------- testing Wed Feb 06 03:33:48 UTC 2019 /home/travis/build/icyphy/ptII/ptolemy/domains/modal/test/auto/CausalityInterface12.xml
----------------- Instantiating /home/travis/build/icyphy/ptII/ptolemy/domains/modal/test/auto/CausalityInterface12.xml
10 ms. Memory: 333824K Free: 166284K (50%)
----------------- Invoking toplevel() on ptolemy.moml.MoMLSimpleApplication@60e780b2
----------------- Done invoking toplevel() on ptolemy.moml.MoMLSimpleApplication@60e780b2
reloadAllAccessors: .CausalityInterface12

===========================================================================================
----------------- testing Wed Feb 06 03:33:48 UTC 2019 /home/travis/build/icyphy/ptII/ptolemy/domains/modal/test/auto/CausalityInterface13.xml
----------------- Instantiating /home/travis/build/icyphy/ptII/ptolemy/domains/modal/test/auto/CausalityInterface13.xml
6 ms. Memory: 333824K Free: 150321K (45%)
----------------- Invoking toplevel() on ptolemy.moml.MoMLSimpleApplication@68ef7450
----------------- Done invoking toplevel() on ptolemy.moml.MoMLSimpleApplication@68ef7450
reloadAllAccessors: .CausalityInterface13

===========================================================================================
----------------- testing Wed Feb 06 03:33:49 UTC 2019 /home/travis/build/icyphy/ptII/ptolemy/domains/modal/test/auto/CausalityInterface14.xml
----------------- Instantiating /home/travis/build/icyphy/ptII/ptolemy/domains/modal/test/auto/CausalityInterface14.xml
8 ms. Memory: 333824K Free: 132184K (40%)
----------------- Invoking toplevel() on ptolemy.moml.MoMLSimpleApplication@7799430d
----------------- Done invoking toplevel() on ptolemy.moml.MoMLSimpleApplication@7799430d
reloadAllAccessors: .CausalityInterface14

===========================================================================================
----------------- testing Wed Feb 06 03:33:49 UTC 2019 /home/travis/build/icyphy/ptII/ptolemy/domains/modal/test/auto/CausalityInterface2.xml
----------------- Instantiating /home/travis/build/icyphy/ptII/ptolemy/domains/modal/test/auto/CausalityInterface2.xml
9 ms. Memory: 333824K Free: 124809K (37%)
----------------- Invoking toplevel() on ptolemy.moml.MoMLSimpleApplication@102490e6
----------------- Done invoking toplevel() on ptolemy.moml.MoMLSimpleApplication@102490e6
reloadAllAccessors: .CausalityInterface2

===========================================================================================
----------------- testing Wed Feb 06 03:33:49 UTC 2019 /home/travis/build/icyphy/ptII/ptolemy/domains/modal/test/auto/CausalityInterface3.xml
----------------- Instantiating /home/travis/build/icyphy/ptII/ptolemy/domains/modal/test/auto/CausalityInterface3.xml
9 ms. Memory: 333824K Free: 115276K (35%)
----------------- Invoking toplevel() on ptolemy.moml.MoMLSimpleApplication@455a26fc
----------------- Done invoking toplevel() on ptolemy.moml.MoMLSimpleApplication@455a26fc
reloadAllAccessors: .CausalityInterface3

===========================================================================================
----------------- testing Wed Feb 06 03:33:49 UTC 2019 /home/travis/build/icyphy/ptII/ptolemy/domains/modal/test/auto/CausalityInterface4.xml
----------------- Instantiating /home/travis/build/icyphy/ptII/ptolemy/domains/modal/test/auto/CausalityInterface4.xml
3 ms. Memory: 333824K Free: 107901K (32%)
----------------- Invoking toplevel() on ptolemy.moml.MoMLSimpleApplication@eb464c2
----------------- Done invoking toplevel() on ptolemy.moml.MoMLSimpleApplication@eb464c2
reloadAllAccessors: .CausalityInterface4

===========================================================================================
----------------- testing Wed Feb 06 03:33:49 UTC 2019 /home/travis/build/icyphy/ptII/ptolemy/domains/modal/test/auto/CausalityInterface5.xml
----------------- Instantiating /home/travis/build/icyphy/ptII/ptolemy/domains/modal/test/auto/CausalityInterface5.xml
5 ms. Memory: 333824K Free: 98076K (29%)
----------------- Invoking toplevel() on ptolemy.moml.MoMLSimpleApplication@44cc56b1
----------------- Done invoking toplevel() on ptolemy.moml.MoMLSimpleApplication@44cc56b1
reloadAllAccessors: .CausalityInterface5

===========================================================================================
----------------- testing Wed Feb 06 03:33:49 UTC 2019 /home/travis/build/icyphy/ptII/ptolemy/domains/modal/test/auto/CausalityInterface6.xml
----------------- Instantiating /home/travis/build/icyphy/ptII/ptolemy/domains/modal/test/auto/CausalityInterface6.xml
5 ms. Memory: 333824K Free: 86093K (26%)
----------------- Invoking toplevel() on ptolemy.moml.MoMLSimpleApplication@6bd1daa6
----------------- Done invoking toplevel() on ptolemy.moml.MoMLSimpleApplication@6bd1daa6
reloadAllAccessors: .CausalityInterface6

===========================================================================================
----------------- testing Wed Feb 06 03:33:49 UTC 2019 /home/travis/build/icyphy/ptII/ptolemy/domains/modal/test/auto/CausalityInterface7.xml
----------------- Instantiating /home/travis/build/icyphy/ptII/ptolemy/domains/modal/test/auto/CausalityInterface7.xml
7 ms. Memory: 578048K Free: 563388K (97%)
----------------- Invoking toplevel() on ptolemy.moml.MoMLSimpleApplication@76f5277
----------------- Done invoking toplevel() on ptolemy.moml.MoMLSimpleApplication@76f5277
reloadAllAccessors: .CausalityInterface7

===========================================================================================
----------------- testing Wed Feb 06 03:33:49 UTC 2019 /home/travis/build/icyphy/ptII/ptolemy/domains/modal/test/auto/CausalityInterface8.xml
----------------- Instantiating /home/travis/build/icyphy/ptII/ptolemy/domains/modal/test/auto/CausalityInterface8.xml
4 ms. Memory: 578048K Free: 547337K (95%)
----------------- Invoking toplevel() on ptolemy.moml.MoMLSimpleApplication@598dfc24
----------------- Done invoking toplevel() on ptolemy.moml.MoMLSimpleApplication@598dfc24
reloadAllAccessors: .CausalityInterface8

===========================================================================================
----------------- testing Wed Feb 06 03:33:49 UTC 2019 /home/travis/build/icyphy/ptII/ptolemy/domains/modal/test/auto/CausalityInterface9.xml
----------------- Instantiating /home/travis/build/icyphy/ptII/ptolemy/domains/modal/test/auto/CausalityInterface9.xml
6 ms. Memory: 578048K Free: 534063K (92%)
----------------- Invoking toplevel() on ptolemy.moml.MoMLSimpleApplication@443029a8
----------------- Done invoking toplevel() on ptolemy.moml.MoMLSimpleApplication@443029a8
reloadAllAccessors: .CausalityInterface9

===========================================================================================
----------------- testing Wed Feb 06 03:33:49 UTC 2019 /home/travis/build/icyphy/ptII/ptolemy/domains/modal/test/auto/ChainedTransitions.xml
----------------- Instantiating /home/travis/build/icyphy/ptII/ptolemy/domains/modal/test/auto/ChainedTransitions.xml
96 ms. Memory: 578048K Free: 504692K (87%)
----------------- Invoking toplevel() on ptolemy.moml.MoMLSimpleApplication@187f928e
----------------- Done invoking toplevel() on ptolemy.moml.MoMLSimpleApplication@187f928e
reloadAllAccessors: .ChainedTransitions

===========================================================================================
----------------- testing Wed Feb 06 03:33:49 UTC 2019 /home/travis/build/icyphy/ptII/ptolemy/domains/modal/test/auto/CycleOfImmediateTransitionsFSM.xml
----------------- Instantiating /home/travis/build/icyphy/ptII/ptolemy/domains/modal/test/auto/CycleOfImmediateTransitionsFSM.xml
6 ms. Memory: 578048K Free: 485138K (84%)
----------------- Invoking toplevel() on ptolemy.moml.MoMLSimpleApplication@62aafbc8
----------------- Done invoking toplevel() on ptolemy.moml.MoMLSimpleApplication@62aafbc8
reloadAllAccessors: .CycleOfImmediateTransitionsFSM

===========================================================================================
----------------- testing Wed Feb 06 03:33:49 UTC 2019 /home/travis/build/icyphy/ptII/ptolemy/domains/modal/test/auto/CycleOfImmediateTransitionsModal.xml
----------------- Instantiating /home/travis/build/icyphy/ptII/ptolemy/domains/modal/test/auto/CycleOfImmediateTransitionsModal.xml
1 ms. Memory: 578048K Free: 472328K (82%)
----------------- Invoking toplevel() on ptolemy.moml.MoMLSimpleApplication@431a66a3
----------------- Done invoking toplevel() on ptolemy.moml.MoMLSimpleApplication@431a66a3
reloadAllAccessors: .CycleOfImmediateTransitionsModal

===========================================================================================
----------------- testing Wed Feb 06 03:33:49 UTC 2019 /home/travis/build/icyphy/ptII/ptolemy/domains/modal/test/auto/CycleOfImmediateTransitionsModal2.xml
----------------- Instantiating /home/travis/build/icyphy/ptII/ptolemy/domains/modal/test/auto/CycleOfImmediateTransitionsModal2.xml
5 ms. Memory: 578048K Free: 462551K (80%)
----------------- Invoking toplevel() on ptolemy.moml.MoMLSimpleApplication@23bfbd4b
----------------- Done invoking toplevel() on ptolemy.moml.MoMLSimpleApplication@23bfbd4b
reloadAllAccessors: .CycleOfImmediateTransitionsModal2

===========================================================================================
----------------- testing Wed Feb 06 03:33:49 UTC 2019 /home/travis/build/icyphy/ptII/ptolemy/domains/modal/test/auto/CycleOfImmediateTransitionsModal3.xml
----------------- Instantiating /home/travis/build/icyphy/ptII/ptolemy/domains/modal/test/auto/CycleOfImmediateTransitionsModal3.xml
10 ms. Memory: 578048K Free: 433172K (75%)
----------------- Invoking toplevel() on ptolemy.moml.MoMLSimpleApplication@6df3b3eb
----------------- Done invoking toplevel() on ptolemy.moml.MoMLSimpleApplication@6df3b3eb
reloadAllAccessors: .CycleOfImmediateTransitionsModal3

===========================================================================================
----------------- testing Wed Feb 06 03:33:49 UTC 2019 /home/travis/build/icyphy/ptII/ptolemy/domains/modal/test/auto/DeepModal1.xml
----------------- Instantiating /home/travis/build/icyphy/ptII/ptolemy/domains/modal/test/auto/DeepModal1.xml
27 ms. Memory: 578048K Free: 416858K (72%)
----------------- Invoking toplevel() on ptolemy.moml.MoMLSimpleApplication@dae2f5
----------------- Done invoking toplevel() on ptolemy.moml.MoMLSimpleApplication@dae2f5
reloadAllAccessors: .DeepModal1

===========================================================================================
----------------- testing Wed Feb 06 03:33:49 UTC 2019 /home/travis/build/icyphy/ptII/ptolemy/domains/modal/test/auto/DeepModal2.xml
----------------- Instantiating /home/travis/build/icyphy/ptII/ptolemy/domains/modal/test/auto/DeepModal2.xml
24 ms. Memory: 578048K Free: 390990K (68%)
----------------- Invoking toplevel() on ptolemy.moml.MoMLSimpleApplication@5f1bc70e
----------------- Done invoking toplevel() on ptolemy.moml.MoMLSimpleApplication@5f1bc70e
reloadAllAccessors: .DeepModal2

===========================================================================================
----------------- testing Wed Feb 06 03:33:49 UTC 2019 /home/travis/build/icyphy/ptII/ptolemy/domains/modal/test/auto/DeepModal3.xml
----------------- Instantiating /home/travis/build/icyphy/ptII/ptolemy/domains/modal/test/auto/DeepModal3.xml
17 ms. Memory: 578048K Free: 368131K (64%)
----------------- Invoking toplevel() on ptolemy.moml.MoMLSimpleApplication@5acb59d3
----------------- Done invoking toplevel() on ptolemy.moml.MoMLSimpleApplication@5acb59d3
reloadAllAccessors: .DeepModal3

===========================================================================================
----------------- testing Wed Feb 06 03:33:49 UTC 2019 /home/travis/build/icyphy/ptII/ptolemy/domains/modal/test/auto/DeepModal4.xml
----------------- Instantiating /home/travis/build/icyphy/ptII/ptolemy/domains/modal/test/auto/DeepModal4.xml
15 ms. Memory: 578048K Free: 345273K (60%)
----------------- Invoking toplevel() on ptolemy.moml.MoMLSimpleApplication@133c4ef5
----------------- Done invoking toplevel() on ptolemy.moml.MoMLSimpleApplication@133c4ef5
reloadAllAccessors: .DeepModal4

===========================================================================================
----------------- testing Wed Feb 06 03:33:49 UTC 2019 /home/travis/build/icyphy/ptII/ptolemy/domains/modal/test/auto/Default1.xml
----------------- Instantiating /home/travis/build/icyphy/ptII/ptolemy/domains/modal/test/auto/Default1.xml
2 ms. Memory: 578048K Free: 335488K (58%)
----------------- Invoking toplevel() on ptolemy.moml.MoMLSimpleApplication@6c31ab07
----------------- Done invoking toplevel() on ptolemy.moml.MoMLSimpleApplication@6c31ab07
reloadAllAccessors: .Default1

===========================================================================================
----------------- testing Wed Feb 06 03:33:49 UTC 2019 /home/travis/build/icyphy/ptII/ptolemy/domains/modal/test/auto/Default2.xml
----------------- Instantiating /home/travis/build/icyphy/ptII/ptolemy/domains/modal/test/auto/Default2.xml
2 ms. Memory: 578048K Free: 322677K (56%)
----------------- Invoking toplevel() on ptolemy.moml.MoMLSimpleApplication@12fb214f
----------------- Done invoking toplevel() on ptolemy.moml.MoMLSimpleApplication@12fb214f
reloadAllAccessors: .Default2

===========================================================================================
----------------- testing Wed Feb 06 03:33:49 UTC 2019 /home/travis/build/icyphy/ptII/ptolemy/domains/modal/test/auto/Default3.xml
----------------- Instantiating /home/travis/build/icyphy/ptII/ptolemy/domains/modal/test/auto/Default3.xml
2 ms. Memory: 578048K Free: 312900K (54%)
----------------- Invoking toplevel() on ptolemy.moml.MoMLSimpleApplication@1352d328
----------------- Done invoking toplevel() on ptolemy.moml.MoMLSimpleApplication@1352d328
reloadAllAccessors: .Default3

===========================================================================================
----------------- testing Wed Feb 06 03:33:49 UTC 2019 /home/travis/build/icyphy/ptII/ptolemy/domains/modal/test/auto/Default4.xml
----------------- Instantiating /home/travis/build/icyphy/ptII/ptolemy/domains/modal/test/auto/Default4.xml
3 ms. Memory: 578048K Free: 303115K (52%)
----------------- Invoking toplevel() on ptolemy.moml.MoMLSimpleApplication@1c5d5603
----------------- Done invoking toplevel() on ptolemy.moml.MoMLSimpleApplication@1c5d5603
reloadAllAccessors: .Default4

===========================================================================================
----------------- testing Wed Feb 06 03:33:50 UTC 2019 /home/travis/build/icyphy/ptII/ptolemy/domains/modal/test/auto/Default5.xml
----------------- Instantiating /home/travis/build/icyphy/ptII/ptolemy/domains/modal/test/auto/Default5.xml
8 ms. Memory: 578048K Free: 290074K (50%)
----------------- Invoking toplevel() on ptolemy.moml.MoMLSimpleApplication@736f06df
----------------- Done invoking toplevel() on ptolemy.moml.MoMLSimpleApplication@736f06df
reloadAllAccessors: .Default5

===========================================================================================
----------------- testing Wed Feb 06 03:33:50 UTC 2019 /home/travis/build/icyphy/ptII/ptolemy/domains/modal/test/auto/EmptyGuard.xml
----------------- Instantiating /home/travis/build/icyphy/ptII/ptolemy/domains/modal/test/auto/EmptyGuard.xml
5 ms. Memory: 578048K Free: 277263K (48%)
----------------- Invoking toplevel() on ptolemy.moml.MoMLSimpleApplication@52db0fa4
----------------- Done invoking toplevel() on ptolemy.moml.MoMLSimpleApplication@52db0fa4
reloadAllAccessors: .EmptyGuard

===========================================================================================
----------------- testing Wed Feb 06 03:33:50 UTC 2019 /home/travis/build/icyphy/ptII/ptolemy/domains/modal/test/auto/ErrorTransition1.xml
----------------- Instantiating /home/travis/build/icyphy/ptII/ptolemy/domains/modal/test/auto/ErrorTransition1.xml
8 ms. Memory: 578048K Free: 264205K (46%)
----------------- Invoking toplevel() on ptolemy.moml.MoMLSimpleApplication@2c75136a
----------------- Done invoking toplevel() on ptolemy.moml.MoMLSimpleApplication@2c75136a
reloadAllAccessors: .ErrorTransition1

===========================================================================================
----------------- testing Wed Feb 06 03:33:50 UTC 2019 /home/travis/build/icyphy/ptII/ptolemy/domains/modal/test/auto/ErrorTransition10.xml
----------------- Instantiating /home/travis/build/icyphy/ptII/ptolemy/domains/modal/test/auto/ErrorTransition10.xml
10 ms. Memory: 578048K Free: 247916K (43%)
----------------- Invoking toplevel() on ptolemy.moml.MoMLSimpleApplication@1777cee1
----------------- Done invoking toplevel() on ptolemy.moml.MoMLSimpleApplication@1777cee1
reloadAllAccessors: .ErrorTransition10

===========================================================================================
----------------- testing Wed Feb 06 03:33:50 UTC 2019 /home/travis/build/icyphy/ptII/ptolemy/domains/modal/test/auto/ErrorTransition11.xml
----------------- Instantiating /home/travis/build/icyphy/ptII/ptolemy/domains/modal/test/auto/ErrorTransition11.xml
7 ms. Memory: 578048K Free: 231618K (40%)
----------------- Invoking toplevel() on ptolemy.moml.MoMLSimpleApplication@435490a6
----------------- Done invoking toplevel() on ptolemy.moml.MoMLSimpleApplication@435490a6
reloadAllAccessors: .ErrorTransition11

===========================================================================================
----------------- testing Wed Feb 06 03:33:50 UTC 2019 /home/travis/build/icyphy/ptII/ptolemy/domains/modal/test/auto/ErrorTransition2.xml
----------------- Instantiating /home/travis/build/icyphy/ptII/ptolemy/domains/modal/test/auto/ErrorTransition2.xml
6 ms. Memory: 578048K Free: 215535K (37%)
----------------- Invoking toplevel() on ptolemy.moml.MoMLSimpleApplication@2b5aa397
----------------- Done invoking toplevel() on ptolemy.moml.MoMLSimpleApplication@2b5aa397
reloadAllAccessors: .ErrorTransition2

===========================================================================================
----------------- testing Wed Feb 06 03:33:50 UTC 2019 /home/travis/build/icyphy/ptII/ptolemy/domains/modal/test/auto/ErrorTransition3.xml
----------------- Instantiating /home/travis/build/icyphy/ptII/ptolemy/domains/modal/test/auto/ErrorTransition3.xml
11 ms. Memory: 578048K Free: 202486K (35%)
----------------- Invoking toplevel() on ptolemy.moml.MoMLSimpleApplication@366cce34
----------------- Done invoking toplevel() on ptolemy.moml.MoMLSimpleApplication@366cce34
reloadAllAccessors: .ErrorTransition3

===========================================================================================
----------------- testing Wed Feb 06 03:33:50 UTC 2019 /home/travis/build/icyphy/ptII/ptolemy/domains/modal/test/auto/ErrorTransition4.xml
----------------- Instantiating /home/travis/build/icyphy/ptII/ptolemy/domains/modal/test/auto/ErrorTransition4.xml
8 ms. Memory: 578048K Free: 189444K (33%)
----------------- Invoking toplevel() on ptolemy.moml.MoMLSimpleApplication@41285396
----------------- Done invoking toplevel() on ptolemy.moml.MoMLSimpleApplication@41285396
reloadAllAccessors: .ErrorTransition4

===========================================================================================
----------------- testing Wed Feb 06 03:33:50 UTC 2019 /home/travis/build/icyphy/ptII/ptolemy/domains/modal/test/auto/ErrorTransition5.xml
----------------- Instantiating /home/travis/build/icyphy/ptII/ptolemy/domains/modal/test/auto/ErrorTransition5.xml
9 ms. Memory: 578048K Free: 176403K (31%)
----------------- Invoking toplevel() on ptolemy.moml.MoMLSimpleApplication@26676bd2
----------------- Done invoking toplevel() on ptolemy.moml.MoMLSimpleApplication@26676bd2
reloadAllAccessors: .ErrorTransition5

===========================================================================================
----------------- testing Wed Feb 06 03:33:50 UTC 2019 /home/travis/build/icyphy/ptII/ptolemy/domains/modal/test/auto/ErrorTransition6.xml
----------------- Instantiating /home/travis/build/icyphy/ptII/ptolemy/domains/modal/test/auto/ErrorTransition6.xml
8 ms. Memory: 578048K Free: 160335K (28%)
----------------- Invoking toplevel() on ptolemy.moml.MoMLSimpleApplication@40bf5c1c
----------------- Done invoking toplevel() on ptolemy.moml.MoMLSimpleApplication@40bf5c1c
reloadAllAccessors: .ErrorTransition6

===========================================================================================
----------------- testing Wed Feb 06 03:33:50 UTC 2019 /home/travis/build/icyphy/ptII/ptolemy/domains/modal/test/auto/ErrorTransition7.xml
----------------- Instantiating /home/travis/build/icyphy/ptII/ptolemy/domains/modal/test/auto/ErrorTransition7.xml
10 ms. Memory: 578048K Free: 144022K (25%)
----------------- Invoking toplevel() on ptolemy.moml.MoMLSimpleApplication@592833dd
----------------- Done invoking toplevel() on ptolemy.moml.MoMLSimpleApplication@592833dd
reloadAllAccessors: .ErrorTransition7

===========================================================================================
----------------- testing Wed Feb 06 03:33:50 UTC 2019 /home/travis/build/icyphy/ptII/ptolemy/domains/modal/test/auto/ErrorTransition8.xml
----------------- Instantiating /home/travis/build/icyphy/ptII/ptolemy/domains/modal/test/auto/ErrorTransition8.xml
28 ms. Memory: 578048K Free: 127716K (22%)
----------------- Invoking toplevel() on ptolemy.moml.MoMLSimpleApplication@53166281
----------------- Done invoking toplevel() on ptolemy.moml.MoMLSimpleApplication@53166281
reloadAllAccessors: .ErrorTransition8

===========================================================================================
----------------- testing Wed Feb 06 03:33:50 UTC 2019 /home/travis/build/icyphy/ptII/ptolemy/domains/modal/test/auto/ErrorTransition9.xml
----------------- Instantiating /home/travis/build/icyphy/ptII/ptolemy/domains/modal/test/auto/ErrorTransition9.xml
8 ms. Memory: 578048K Free: 108376K (19%)
----------------- Invoking toplevel() on ptolemy.moml.MoMLSimpleApplication@1de0daa0
----------------- Done invoking toplevel() on ptolemy.moml.MoMLSimpleApplication@1de0daa0
reloadAllAccessors: .ErrorTransition9

===========================================================================================
----------------- testing Wed Feb 06 03:33:50 UTC 2019 /home/travis/build/icyphy/ptII/ptolemy/domains/modal/test/auto/ExtendedFSM.xml
----------------- Instantiating /home/travis/build/icyphy/ptII/ptolemy/domains/modal/test/auto/ExtendedFSM.xml
9 ms. Memory: 578048K Free: 98592K (17%)
----------------- Invoking toplevel() on ptolemy.moml.MoMLSimpleApplication@299cffa8
----------------- Done invoking toplevel() on ptolemy.moml.MoMLSimpleApplication@299cffa8
reloadAllAccessors: .ExtendedFSM

===========================================================================================
----------------- testing Wed Feb 06 03:33:50 UTC 2019 /home/travis/build/icyphy/ptII/ptolemy/domains/modal/test/auto/FinalStates.xml
----------------- Instantiating /home/travis/build/icyphy/ptII/ptolemy/domains/modal/test/auto/FinalStates.xml
4 ms. Memory: 578048K Free: 88807K (15%)
----------------- Invoking toplevel() on ptolemy.moml.MoMLSimpleApplication@3378de32
----------------- Done invoking toplevel() on ptolemy.moml.MoMLSimpleApplication@3378de32
reloadAllAccessors: .FinalStates

===========================================================================================
----------------- testing Wed Feb 06 03:33:50 UTC 2019 /home/travis/build/icyphy/ptII/ptolemy/domains/modal/test/auto/FixedPointFSM.xml
----------------- Instantiating /home/travis/build/icyphy/ptII/ptolemy/domains/modal/test/auto/FixedPointFSM.xml
16 ms. Memory: 578048K Free: 560603K (97%)
----------------- Invoking toplevel() on ptolemy.moml.MoMLSimpleApplication@23474440
----------------- Done invoking toplevel() on ptolemy.moml.MoMLSimpleApplication@23474440
reloadAllAccessors: .FixedPointFSM

===========================================================================================
----------------- testing Wed Feb 06 03:33:50 UTC 2019 /home/travis/build/icyphy/ptII/ptolemy/domains/modal/test/auto/FixedPointIterationFSMActor.xml
----------------- Instantiating /home/travis/build/icyphy/ptII/ptolemy/domains/modal/test/auto/FixedPointIterationFSMActor.xml
5 ms. Memory: 578048K Free: 546254K (94%)
----------------- Invoking toplevel() on ptolemy.moml.MoMLSimpleApplication@2db2d1dd
----------------- Done invoking toplevel() on ptolemy.moml.MoMLSimpleApplication@2db2d1dd
reloadAllAccessors: .FixedPointIterationFSMActor

===========================================================================================
----------------- testing Wed Feb 06 03:33:50 UTC 2019 /home/travis/build/icyphy/ptII/ptolemy/domains/modal/test/auto/FixedPointIterationFSMActor2.xml
----------------- Instantiating /home/travis/build/icyphy/ptII/ptolemy/domains/modal/test/auto/FixedPointIterationFSMActor2.xml
12 ms. Memory: 578048K Free: 531569K (92%)
----------------- Invoking toplevel() on ptolemy.moml.MoMLSimpleApplication@4eb468b7
----------------- Done invoking toplevel() on ptolemy.moml.MoMLSimpleApplication@4eb468b7
reloadAllAccessors: .FixedPointIterationFSMActor2

===========================================================================================
----------------- testing Wed Feb 06 03:33:50 UTC 2019 /home/travis/build/icyphy/ptII/ptolemy/domains/modal/test/auto/ForbiddenInstantanousLoop.xml
----------------- Instantiating /home/travis/build/icyphy/ptII/ptolemy/domains/modal/test/auto/ForbiddenInstantanousLoop.xml
5 ms. Memory: 578048K Free: 514762K (89%)
----------------- Invoking toplevel() on ptolemy.moml.MoMLSimpleApplication@53ec2589
----------------- Done invoking toplevel() on ptolemy.moml.MoMLSimpleApplication@53ec2589
reloadAllAccessors: .ForbiddenInstantanousLoop

===========================================================================================
----------------- testing Wed Feb 06 03:33:50 UTC 2019 /home/travis/build/icyphy/ptII/ptolemy/domains/modal/test/auto/FunctionDependencyOfFSMActorTest.xml
----------------- Instantiating /home/travis/build/icyphy/ptII/ptolemy/domains/modal/test/auto/FunctionDependencyOfFSMActorTest.xml
12 ms. Memory: 578048K Free: 507428K (88%)
----------------- Invoking toplevel() on ptolemy.moml.MoMLSimpleApplication@30692625
----------------- Done invoking toplevel() on ptolemy.moml.MoMLSimpleApplication@30692625
reloadAllAccessors: .FunctionDependencyOfFSMActorTest

===========================================================================================
----------------- testing Wed Feb 06 03:33:50 UTC 2019 /home/travis/build/icyphy/ptII/ptolemy/domains/modal/test/auto/GuardExpression.xml
----------------- Instantiating /home/travis/build/icyphy/ptII/ptolemy/domains/modal/test/auto/GuardExpression.xml
2 ms. Memory: 578048K Free: 500085K (87%)
----------------- Invoking toplevel() on ptolemy.moml.MoMLSimpleApplication@5422dd39
----------------- Done invoking toplevel() on ptolemy.moml.MoMLSimpleApplication@5422dd39
reloadAllAccessors: .GuardExpression

===========================================================================================
----------------- testing Wed Feb 06 03:33:50 UTC 2019 /home/travis/build/icyphy/ptII/ptolemy/domains/modal/test/auto/GuardNotEvaluated.xml
----------------- Instantiating /home/travis/build/icyphy/ptII/ptolemy/domains/modal/test/auto/GuardNotEvaluated.xml
11 ms. Memory: 578048K Free: 488195K (84%)
----------------- Invoking toplevel() on ptolemy.moml.MoMLSimpleApplication@6528918c
----------------- Done invoking toplevel() on ptolemy.moml.MoMLSimpleApplication@6528918c
reloadAllAccessors: .GuardNotEvaluated

===========================================================================================
----------------- testing Wed Feb 06 03:33:50 UTC 2019 /home/travis/build/icyphy/ptII/ptolemy/domains/modal/test/auto/GuardNotEvaluated2.xml
----------------- Instantiating /home/travis/build/icyphy/ptII/ptolemy/domains/modal/test/auto/GuardNotEvaluated2.xml
8 ms. Memory: 578048K Free: 478410K (83%)
----------------- Invoking toplevel() on ptolemy.moml.MoMLSimpleApplication@5c2c6237
----------------- Done invoking toplevel() on ptolemy.moml.MoMLSimpleApplication@5c2c6237
reloadAllAccessors: .GuardNotEvaluated2

===========================================================================================
----------------- testing Wed Feb 06 03:33:50 UTC 2019 /home/travis/build/icyphy/ptII/ptolemy/domains/modal/test/auto/GuardOnAbsent.xml
----------------- Instantiating /home/travis/build/icyphy/ptII/ptolemy/domains/modal/test/auto/GuardOnAbsent.xml
7 ms. Memory: 578048K Free: 468617K (81%)
----------------- Invoking toplevel() on ptolemy.moml.MoMLSimpleApplication@5a9eee60
----------------- Done invoking toplevel() on ptolemy.moml.MoMLSimpleApplication@5a9eee60
reloadAllAccessors: .GuardOnAbsent

===========================================================================================
----------------- testing Wed Feb 06 03:33:50 UTC 2019 /home/travis/build/icyphy/ptII/ptolemy/domains/modal/test/auto/HierarchicalFSMTypeInference.xml
----------------- Instantiating /home/travis/build/icyphy/ptII/ptolemy/domains/modal/test/auto/HierarchicalFSMTypeInference.xml
5 ms. Memory: 578048K Free: 451835K (78%)
----------------- Invoking toplevel() on ptolemy.moml.MoMLSimpleApplication@247677e6
----------------- Done invoking toplevel() on ptolemy.moml.MoMLSimpleApplication@247677e6
reloadAllAccessors: .HierarchicalFSMTypeInference

===========================================================================================
----------------- testing Wed Feb 06 03:33:50 UTC 2019 /home/travis/build/icyphy/ptII/ptolemy/domains/modal/test/auto/Hysteresis.xml
----------------- Instantiating /home/travis/build/icyphy/ptII/ptolemy/domains/modal/test/auto/Hysteresis.xml
14 ms. Memory: 578048K Free: 434699K (75%)
----------------- Invoking toplevel() on ptolemy.moml.MoMLSimpleApplication@39c8bc29
----------------- Done invoking toplevel() on ptolemy.moml.MoMLSimpleApplication@39c8bc29
reloadAllAccessors: .Hysteresis

===========================================================================================
----------------- testing Wed Feb 06 03:33:50 UTC 2019 /home/travis/build/icyphy/ptII/ptolemy/domains/modal/test/auto/HysteresisWithDefault.xml
----------------- Instantiating /home/travis/build/icyphy/ptII/ptolemy/domains/modal/test/auto/HysteresisWithDefault.xml
37 ms. Memory: 578048K Free: 405634K (70%)
----------------- Invoking toplevel() on ptolemy.moml.MoMLSimpleApplication@bbb7cc0
----------------- Done invoking toplevel() on ptolemy.moml.MoMLSimpleApplication@bbb7cc0
reloadAllAccessors: .HysteresisWithDefault

===========================================================================================
----------------- testing Wed Feb 06 03:33:50 UTC 2019 /home/travis/build/icyphy/ptII/ptolemy/domains/modal/test/auto/HysteresisWithDefault2.xml
----------------- Instantiating /home/travis/build/icyphy/ptII/ptolemy/domains/modal/test/auto/HysteresisWithDefault2.xml
39 ms. Memory: 578048K Free: 373756K (65%)
----------------- Invoking toplevel() on ptolemy.moml.MoMLSimpleApplication@382ccd6e
----------------- Done invoking toplevel() on ptolemy.moml.MoMLSimpleApplication@382ccd6e
reloadAllAccessors: .HysteresisWithDefault2

===========================================================================================
----------------- testing Wed Feb 06 03:33:51 UTC 2019 /home/travis/build/icyphy/ptII/ptolemy/domains/modal/test/auto/ImmediateNonConstructiveness.xml
----------------- Instantiating /home/travis/build/icyphy/ptII/ptolemy/domains/modal/test/auto/ImmediateNonConstructiveness.xml
3 ms. Memory: 578048K Free: 363971K (63%)
----------------- Invoking toplevel() on ptolemy.moml.MoMLSimpleApplication@11e803a1
----------------- Done invoking toplevel() on ptolemy.moml.MoMLSimpleApplication@11e803a1
reloadAllAccessors: .ImmediateNonConstructiveness

===========================================================================================
----------------- testing Wed Feb 06 03:33:51 UTC 2019 /home/travis/build/icyphy/ptII/ptolemy/domains/modal/test/auto/ImmediateNonConstructiveness2.xml
----------------- Instantiating /home/travis/build/icyphy/ptII/ptolemy/domains/modal/test/auto/ImmediateNonConstructiveness2.xml
3 ms. Memory: 578048K Free: 352058K (61%)
----------------- Invoking toplevel() on ptolemy.moml.MoMLSimpleApplication@ca46bff
----------------- Done invoking toplevel() on ptolemy.moml.MoMLSimpleApplication@ca46bff
reloadAllAccessors: .ImmediateNonConstructiveness2

===========================================================================================
----------------- testing Wed Feb 06 03:33:51 UTC 2019 /home/travis/build/icyphy/ptII/ptolemy/domains/modal/test/auto/ImmediateTransitionReset.xml
----------------- Instantiating /home/travis/build/icyphy/ptII/ptolemy/domains/modal/test/auto/ImmediateTransitionReset.xml
5 ms. Memory: 578048K Free: 337364K (58%)
----------------- Invoking toplevel() on ptolemy.moml.MoMLSimpleApplication@63561615
----------------- Done invoking toplevel() on ptolemy.moml.MoMLSimpleApplication@63561615
reloadAllAccessors: .ImmediateTransitionReset

===========================================================================================
----------------- testing Wed Feb 06 03:33:51 UTC 2019 /home/travis/build/icyphy/ptII/ptolemy/domains/modal/test/auto/ImmediateTransitions1.xml
----------------- Instantiating /home/travis/build/icyphy/ptII/ptolemy/domains/modal/test/auto/ImmediateTransitions1.xml
1 ms. Memory: 578048K Free: 330021K (57%)
----------------- Invoking toplevel() on ptolemy.moml.MoMLSimpleApplication@1ad0375a
----------------- Done invoking toplevel() on ptolemy.moml.MoMLSimpleApplication@1ad0375a
reloadAllAccessors: .ImmediateTransitions1

===========================================================================================
----------------- testing Wed Feb 06 03:33:51 UTC 2019 /home/travis/build/icyphy/ptII/ptolemy/domains/modal/test/auto/ImmediateTransitionsInstantaneousCommunication.xml
----------------- Instantiating /home/travis/build/icyphy/ptII/ptolemy/domains/modal/test/auto/ImmediateTransitionsInstantaneousCommunication.xml
4 ms. Memory: 578048K Free: 313215K (54%)
----------------- Invoking toplevel() on ptolemy.moml.MoMLSimpleApplication@80132da
----------------- Done invoking toplevel() on ptolemy.moml.MoMLSimpleApplication@80132da
reloadAllAccessors: .ImmediateTransitionsInstantaneousCommunication

===========================================================================================
----------------- testing Wed Feb 06 03:33:51 UTC 2019 /home/travis/build/icyphy/ptII/ptolemy/domains/modal/test/auto/InitialImmediateTransition.xml
----------------- Instantiating /home/travis/build/icyphy/ptII/ptolemy/domains/modal/test/auto/InitialImmediateTransition.xml
3 ms. Memory: 578048K Free: 303414K (52%)
----------------- Invoking toplevel() on ptolemy.moml.MoMLSimpleApplication@2c3ace53
----------------- Done invoking toplevel() on ptolemy.moml.MoMLSimpleApplication@2c3ace53
reloadAllAccessors: .InitialImmediateTransition

===========================================================================================
----------------- testing Wed Feb 06 03:33:51 UTC 2019 /home/travis/build/icyphy/ptII/ptolemy/domains/modal/test/auto/InitialOutputs.xml
----------------- Instantiating /home/travis/build/icyphy/ptII/ptolemy/domains/modal/test/auto/InitialOutputs.xml
3 ms. Memory: 578048K Free: 291492K (50%)
----------------- Invoking toplevel() on ptolemy.moml.MoMLSimpleApplication@33e5b003
----------------- Done invoking toplevel() on ptolemy.moml.MoMLSimpleApplication@33e5b003
reloadAllAccessors: .InitialOutputs

===========================================================================================
----------------- testing Wed Feb 06 03:33:51 UTC 2019 /home/travis/build/icyphy/ptII/ptolemy/domains/modal/test/auto/InitialStateTransition1.xml
----------------- Instantiating /home/travis/build/icyphy/ptII/ptolemy/domains/modal/test/auto/InitialStateTransition1.xml
2 ms. Memory: 578048K Free: 281707K (49%)
----------------- Invoking toplevel() on ptolemy.moml.MoMLSimpleApplication@66f63c60
----------------- Done invoking toplevel() on ptolemy.moml.MoMLSimpleApplication@66f63c60
reloadAllAccessors: .InitialStateTransition1

===========================================================================================
----------------- testing Wed Feb 06 03:33:51 UTC 2019 /home/travis/build/icyphy/ptII/ptolemy/domains/modal/test/auto/InitialStateTransition2.xml
----------------- Instantiating /home/travis/build/icyphy/ptII/ptolemy/domains/modal/test/auto/InitialStateTransition2.xml
.InitialStateTransition2.TestExceptionAttributeNonConstructive: initialize() was not invoked, but wrapup() was.  This is unusual, but not always a problem.  For example, exporting JNLP will do this.
1 ms. Memory: 578048K Free: 271922K (47%)
----------------- Invoking toplevel() on ptolemy.moml.MoMLSimpleApplication@3cce4817
----------------- Done invoking toplevel() on ptolemy.moml.MoMLSimpleApplication@3cce4817
reloadAllAccessors: .InitialStateTransition2

===========================================================================================
----------------- testing Wed Feb 06 03:33:51 UTC 2019 /home/travis/build/icyphy/ptII/ptolemy/domains/modal/test/auto/InitialStateTransition3.xml
----------------- Instantiating /home/travis/build/icyphy/ptII/ptolemy/domains/modal/test/auto/InitialStateTransition3.xml
3 ms. Memory: 578048K Free: 257574K (45%)
----------------- Invoking toplevel() on ptolemy.moml.MoMLSimpleApplication@3f0dcb4e
----------------- Done invoking toplevel() on ptolemy.moml.MoMLSimpleApplication@3f0dcb4e
reloadAllAccessors: .InitialStateTransition3

===========================================================================================
----------------- testing Wed Feb 06 03:33:51 UTC 2019 /home/travis/build/icyphy/ptII/ptolemy/domains/modal/test/auto/InitialStateTransition4.xml
----------------- Instantiating /home/travis/build/icyphy/ptII/ptolemy/domains/modal/test/auto/InitialStateTransition4.xml
3 ms. Memory: 578048K Free: 245331K (42%)
----------------- Invoking toplevel() on ptolemy.moml.MoMLSimpleApplication@32bfbeba
----------------- Done invoking toplevel() on ptolemy.moml.MoMLSimpleApplication@32bfbeba
[...]
----------------- Done invoking toplevel() on ptolemy.moml.MoMLSimpleApplication@71875fdb
reloadAllAccessors: .TerminationTransition3

===========================================================================================
----------------- testing Wed Feb 06 03:33:52 UTC 2019 /home/travis/build/icyphy/ptII/ptolemy/domains/modal/test/auto/TerminationTransition4.xml
----------------- Instantiating /home/travis/build/icyphy/ptII/ptolemy/domains/modal/test/auto/TerminationTransition4.xml
9 ms. Memory: 871936K Free: 175539K (20%)
----------------- Invoking toplevel() on ptolemy.moml.MoMLSimpleApplication@64dab4a9
----------------- Done invoking toplevel() on ptolemy.moml.MoMLSimpleApplication@64dab4a9
reloadAllAccessors: .TerminationTransition4

===========================================================================================
----------------- testing Wed Feb 06 03:33:52 UTC 2019 /home/travis/build/icyphy/ptII/ptolemy/domains/modal/test/auto/TerminationTransition5.xml
----------------- Instantiating /home/travis/build/icyphy/ptII/ptolemy/domains/modal/test/auto/TerminationTransition5.xml
4 ms. Memory: 871936K Free: 154690K (18%)
----------------- Invoking toplevel() on ptolemy.moml.MoMLSimpleApplication@43369b95
----------------- Done invoking toplevel() on ptolemy.moml.MoMLSimpleApplication@43369b95
reloadAllAccessors: .TerminationTransition5

===========================================================================================
----------------- testing Wed Feb 06 03:33:52 UTC 2019 /home/travis/build/icyphy/ptII/ptolemy/domains/modal/test/auto/TerminationTransition6.xml
----------------- Instantiating /home/travis/build/icyphy/ptII/ptolemy/domains/modal/test/auto/TerminationTransition6.xml
2 ms. Memory: 871936K Free: 136519K (16%)
----------------- Invoking toplevel() on ptolemy.moml.MoMLSimpleApplication@5b7b2aa7
----------------- Done invoking toplevel() on ptolemy.moml.MoMLSimpleApplication@5b7b2aa7
reloadAllAccessors: .TerminationTransition6

===========================================================================================
----------------- testing Wed Feb 06 03:33:52 UTC 2019 /home/travis/build/icyphy/ptII/ptolemy/domains/modal/test/auto/TerminationTransition7.xml
----------------- Instantiating /home/travis/build/icyphy/ptII/ptolemy/domains/modal/test/auto/TerminationTransition7.xml
2 ms. Memory: 871936K Free: 120867K (14%)
----------------- Invoking toplevel() on ptolemy.moml.MoMLSimpleApplication@44bf3de8
----------------- Done invoking toplevel() on ptolemy.moml.MoMLSimpleApplication@44bf3de8
reloadAllAccessors: .TerminationTransition7

===========================================================================================
----------------- testing Wed Feb 06 03:33:52 UTC 2019 /home/travis/build/icyphy/ptII/ptolemy/domains/modal/test/auto/TerminationTransition8.xml
----------------- Instantiating /home/travis/build/icyphy/ptII/ptolemy/domains/modal/test/auto/TerminationTransition8.xml
2 ms. Memory: 871936K Free: 105214K (12%)
----------------- Invoking toplevel() on ptolemy.moml.MoMLSimpleApplication@1921f6c4
----------------- Done invoking toplevel() on ptolemy.moml.MoMLSimpleApplication@1921f6c4
reloadAllAccessors: .TerminationTransition8

===========================================================================================
----------------- testing Wed Feb 06 03:33:53 UTC 2019 /home/travis/build/icyphy/ptII/ptolemy/domains/modal/test/auto/Thermostat_NoHysteresis.xml
----------------- Instantiating /home/travis/build/icyphy/ptII/ptolemy/domains/modal/test/auto/Thermostat_NoHysteresis.xml
35 ms. Memory: 871936K Free: 855172K (98%)
----------------- Invoking toplevel() on ptolemy.moml.MoMLSimpleApplication@50394e89
----------------- Done invoking toplevel() on ptolemy.moml.MoMLSimpleApplication@50394e89
reloadAllAccessors: .Thermostat_NoHysteresis

===========================================================================================
----------------- testing Wed Feb 06 03:33:53 UTC 2019 /home/travis/build/icyphy/ptII/ptolemy/domains/modal/test/auto/TimedFSM.xml
----------------- Instantiating /home/travis/build/icyphy/ptII/ptolemy/domains/modal/test/auto/TimedFSM.xml
7 ms. Memory: 871936K Free: 834984K (96%)
----------------- Invoking toplevel() on ptolemy.moml.MoMLSimpleApplication@13b1d5ac
----------------- Done invoking toplevel() on ptolemy.moml.MoMLSimpleApplication@13b1d5ac
reloadAllAccessors: .TimedFSM

===========================================================================================
----------------- testing Wed Feb 06 03:33:53 UTC 2019 /home/travis/build/icyphy/ptII/ptolemy/domains/modal/test/auto/Timeout1.xml
----------------- Instantiating /home/travis/build/icyphy/ptII/ptolemy/domains/modal/test/auto/Timeout1.xml
3 ms. Memory: 871936K Free: 827166K (95%)
----------------- Invoking toplevel() on ptolemy.moml.MoMLSimpleApplication@b998240
----------------- Done invoking toplevel() on ptolemy.moml.MoMLSimpleApplication@b998240
reloadAllAccessors: .Timeout1

===========================================================================================
----------------- testing Wed Feb 06 03:33:53 UTC 2019 /home/travis/build/icyphy/ptII/ptolemy/domains/modal/test/auto/Timeout2.xml
----------------- Instantiating /home/travis/build/icyphy/ptII/ptolemy/domains/modal/test/auto/Timeout2.xml
4 ms. Memory: 871936K Free: 813598K (93%)
----------------- Invoking toplevel() on ptolemy.moml.MoMLSimpleApplication@17cec80
----------------- Done invoking toplevel() on ptolemy.moml.MoMLSimpleApplication@17cec80
reloadAllAccessors: .Timeout2

===========================================================================================
----------------- testing Wed Feb 06 03:33:53 UTC 2019 /home/travis/build/icyphy/ptII/ptolemy/domains/modal/test/auto/Timeout3.xml
----------------- Instantiating /home/travis/build/icyphy/ptII/ptolemy/domains/modal/test/auto/Timeout3.xml
2 ms. Memory: 871936K Free: 805780K (92%)
----------------- Invoking toplevel() on ptolemy.moml.MoMLSimpleApplication@cc6b538
----------------- Done invoking toplevel() on ptolemy.moml.MoMLSimpleApplication@cc6b538
reloadAllAccessors: .Timeout3

===========================================================================================
----------------- testing Wed Feb 06 03:33:53 UTC 2019 /home/travis/build/icyphy/ptII/ptolemy/domains/modal/test/auto/Timeout4.xml
----------------- Instantiating /home/travis/build/icyphy/ptII/ptolemy/domains/modal/test/auto/Timeout4.xml
2 ms. Memory: 871936K Free: 796023K (91%)
----------------- Invoking toplevel() on ptolemy.moml.MoMLSimpleApplication@533cb6e3
----------------- Done invoking toplevel() on ptolemy.moml.MoMLSimpleApplication@533cb6e3
reloadAllAccessors: .Timeout4

===========================================================================================
----------------- testing Wed Feb 06 03:33:53 UTC 2019 /home/travis/build/icyphy/ptII/ptolemy/domains/modal/test/auto/TransientstateModelAdvanced.xml
----------------- Instantiating /home/travis/build/icyphy/ptII/ptolemy/domains/modal/test/auto/TransientstateModelAdvanced.xml
4 ms. Memory: 871936K Free: 780370K (89%)
----------------- Invoking toplevel() on ptolemy.moml.MoMLSimpleApplication@4dfd58f8
----------------- Done invoking toplevel() on ptolemy.moml.MoMLSimpleApplication@4dfd58f8
reloadAllAccessors: .TransientstateModelAdvanced

===========================================================================================
----------------- testing Wed Feb 06 03:33:53 UTC 2019 /home/travis/build/icyphy/ptII/ptolemy/domains/modal/test/auto/TransientstateModelAdvanced2.xml
----------------- Instantiating /home/travis/build/icyphy/ptII/ptolemy/domains/modal/test/auto/TransientstateModelAdvanced2.xml
3 ms. Memory: 871936K Free: 758976K (87%)
----------------- Invoking toplevel() on ptolemy.moml.MoMLSimpleApplication@5f81afae
----------------- Done invoking toplevel() on ptolemy.moml.MoMLSimpleApplication@5f81afae
reloadAllAccessors: .transientstatemodelAdvanced

===========================================================================================
----------------- testing Wed Feb 06 03:33:53 UTC 2019 /home/travis/build/icyphy/ptII/ptolemy/domains/modal/test/auto/TransitionRefinements.xml
----------------- Instantiating /home/travis/build/icyphy/ptII/ptolemy/domains/modal/test/auto/TransitionRefinements.xml
6 ms. Memory: 871936K Free: 747232K (86%)
----------------- Invoking toplevel() on ptolemy.moml.MoMLSimpleApplication@4d79dde7
----------------- Done invoking toplevel() on ptolemy.moml.MoMLSimpleApplication@4d79dde7
reloadAllAccessors: .TransitionRefinements

===========================================================================================
----------------- testing Wed Feb 06 03:33:53 UTC 2019 /home/travis/build/icyphy/ptII/ptolemy/domains/modal/test/auto/TwoRefinements1.xml
----------------- Instantiating /home/travis/build/icyphy/ptII/ptolemy/domains/modal/test/auto/TwoRefinements1.xml
3 ms. Memory: 871936K Free: 729755K (84%)
----------------- Invoking toplevel() on ptolemy.moml.MoMLSimpleApplication@1223c123
----------------- Done invoking toplevel() on ptolemy.moml.MoMLSimpleApplication@1223c123
reloadAllAccessors: .TwoRefinements1

===========================================================================================
----------------- testing Wed Feb 06 03:33:53 UTC 2019 /home/travis/build/icyphy/ptII/ptolemy/domains/modal/test/auto/TwoRefinements2.xml
----------------- Instantiating /home/travis/build/icyphy/ptII/ptolemy/domains/modal/test/auto/TwoRefinements2.xml
3 ms. Memory: 871936K Free: 714110K (82%)
----------------- Invoking toplevel() on ptolemy.moml.MoMLSimpleApplication@6434a16e
----------------- Done invoking toplevel() on ptolemy.moml.MoMLSimpleApplication@6434a16e
reloadAllAccessors: .TwoRefinements2

===========================================================================================
----------------- testing Wed Feb 06 03:33:53 UTC 2019 /home/travis/build/icyphy/ptII/ptolemy/domains/modal/test/auto/WeakImmediateTransition.xml
----------------- Instantiating /home/travis/build/icyphy/ptII/ptolemy/domains/modal/test/auto/WeakImmediateTransition.xml
2 ms. Memory: 871936K Free: 700542K (80%)
----------------- Invoking toplevel() on ptolemy.moml.MoMLSimpleApplication@784e8b60
----------------- Done invoking toplevel() on ptolemy.moml.MoMLSimpleApplication@784e8b60
reloadAllAccessors: .WeakImmediateTransition

===========================================================================================
----------------- testing Wed Feb 06 03:33:53 UTC 2019 /home/travis/build/icyphy/ptII/ptolemy/domains/modal/test/auto/booleanSelect.xml
----------------- Instantiating /home/travis/build/icyphy/ptII/ptolemy/domains/modal/test/auto/booleanSelect.xml
37 ms. Memory: 871936K Free: 680948K (78%)
----------------- Invoking toplevel() on ptolemy.moml.MoMLSimpleApplication@2b2da3a3
----------------- Done invoking toplevel() on ptolemy.moml.MoMLSimpleApplication@2b2da3a3
reloadAllAccessors: .booleanSelect

===========================================================================================
----------------- testing Wed Feb 06 03:33:53 UTC 2019 /home/travis/build/icyphy/ptII/ptolemy/domains/modal/test/auto/modalChangingParams.xml
----------------- Instantiating /home/travis/build/icyphy/ptII/ptolemy/domains/modal/test/auto/modalChangingParams.xml
0
1
0
2
4
6
8
7
0
2
4
6
8
13
0
2
4
6
8
19
0
2
4
6
8
25
0
2
4
6
8
31
0
2
4
6
8
37
0
2
4
6
8
43
0
2
4
6
8
49
0
2
4
6
8
55
0
2
4
6
8
61
0
2
4
6
8
67
0
2
4
6
8
73
0
2
4
6
8
79
0
2
4
6
8
85
0
2
4
6
8
91
0
2
4
6
8
97
0
2
4
6
8
103
0
2
4
6
8
109
0
2
4
6
8
115
0
2
4
6
8
121
0
2
4
6
8
127
0
2
4
6
8
133
0
2
4
6
8
139
0
2
4
6
8
145
0
2
4
6
8
151
0
2
4
6
8
157
0
2
4
6
8
163
0
2
4
6
8
169
0
2
4
6
8
175
0
2
4
6
8
181
0
2
4
6
8
187
0
2
4
6
8
193
0
2
4
6
8
199
0
2
4
6
8
205
0
2
4
6
8
211
0
2
4
6
8
217
0
2
4
6
8
223
0
2
4
6
8
229
0
2
4
6
8
235
0
2
4
6
8
241
0
2
4
6
8
247
0
2
4
6
8
253
0
2
4
6
8
259
0
2
4
6
8
265
0
2
4
6
8
271
0
2
4
6
8
277
0
2
4
6
8
283
0
2
4
6
8
289
0
2
4
6
8
295
0
2
4
6
8
301
0
2
4
6
8
307
0
2
4
6
8
313
0
2
4
6
8
319
0
2
4
6
8
325
0
2
4
6
8
331
0
2
4
6
8
337
0
2
4
6
8
343
0
2
4
6
8
349
0
2
4
6
8
355
0
2
4
6
8
361
0
2
4
6
8
367
0
2
4
6
8
373
0
2
4
6
8
379
0
2
4
6
8
385
0
2
4
6
8
391
0
2
4
6
8
397
0
2
4
6
8
403
0
2
4
6
8
409
0
2
4
6
8
415
0
2
4
6
8
421
0
2
4
6
8
427
0
2
4
6
8
433
0
2
4
6
8
439
0
2
4
6
8
445
0
2
4
6
8
451
0
2
4
6
8
457
0
2
4
6
8
463
0
2
4
6
8
469
0
2
4
6
8
475
0
2
4
6
8
481
0
2
4
6
8
487
0
2
4
6
8
493
0
2
4
6
8
499
0
2
4
6
8
505
0
2
4
6
8
511
0
2
4
6
8
517
0
2
4
6
8
523
0
2
4
6
8
529
0
2
4
6
8
535
0
2
4
6
8
541
0
2
4
6
8
547
0
2
4
6
8
553
0
2
4
6
8
559
0
2
4
6
8
565
0
2
4
6
8
571
0
2
4
6
8
577
0
2
4
6
8
583
0
2
4
6
8
589
0
2
4
6
8
595
0
2
4
6
8
601
0
2
4
6
8
607
0
2
4
6
8
613
0
2
4
6
8
619
0
2
4
6
8
625
0
2
4
6
8
631
0
2
4
6
8
637
0
2
4
6
8
643
0
2
4
6
8
649
0
2
4
6
8
655
0
2
4
6
8
661
0
2
4
6
8
667
0
2
4
6
8
673
0
2
4
6
8
679
0
2
4
6
8
685
0
2
4
6
8
691
0
2
4
6
8
697
0
2
4
6
8
703
0
2
4
6
8
709
0
2
4
6
8
715
0
2
4
6
8
721
0
2
4
6
8
727
0
2
4
6
8
733
0
2
4
6
8
739
0
2
4
6
8
745
0
2
4
6
8
751
0
2
4
6
8
757
0
2
4
6
8
763
0
2
4
6
8
769
0
2
4
6
8
775
0
2
4
6
8
781
0
2
4
6
8
787
0
2
4
6
8
793
0
2
4
6
8
799
0
2
4
6
8
805
0
2
4
6
8
811
0
2
4
6
8
817
0
2
4
6
8
823
0
2
4
6
8
829
0
2
4
6
8
835
0
2
4
6
8
841
0
2
4
6
8
847
0
2
4
6
8
853
0
2
4
6
8
859
0
2
4
6
8
865
0
2
4
6
8
871
0
2
4
6
8
877
0
2
4
6
8
883
0
2
4
6
8
889
0
2
4
6
8
895
0
2
4
6
8
901
0
2
4
6
8
907
0
2
4
6
8
913
0
2
4
6
8
919
0
2
4
6
8
925
0
2
4
6
8
931
0
2
4
6
8
937
0
2
4
6
8
943
0
2
4
6
8
949
0
2
4
6
8
955
0
2
4
6
8
961
0
2
4
6
8
967
0
2
4
6
8
973
0
2
4
6
8
979
0
2
4
6
8
985
0
2
4
6
8
991
0
2
4
6
8
997
0
2
214 ms. Memory: 871936K Free: 561481K (64%)
----------------- Invoking toplevel() on ptolemy.moml.MoMLSimpleApplication@5cb9a8fb
----------------- Done invoking toplevel() on ptolemy.moml.MoMLSimpleApplication@5cb9a8fb
reloadAllAccessors: .modalChangingParams

===========================================================================================
----------------- testing Wed Feb 06 03:33:53 UTC 2019 /home/travis/build/icyphy/ptII/ptolemy/domains/modal/test/auto/modalModel.xml
----------------- Instantiating /home/travis/build/icyphy/ptII/ptolemy/domains/modal/test/auto/modalModel.xml
4 ms. Memory: 871936K Free: 549737K (63%)
----------------- Invoking toplevel() on ptolemy.moml.MoMLSimpleApplication@30a69ca
----------------- Done invoking toplevel() on ptolemy.moml.MoMLSimpleApplication@30a69ca
reloadAllAccessors: .modalModel

===========================================================================================
----------------- testing Wed Feb 06 03:33:53 UTC 2019 /home/travis/build/icyphy/ptII/ptolemy/domains/modal/test/auto/modalModel2.xml
----------------- Instantiating /home/travis/build/icyphy/ptII/ptolemy/domains/modal/test/auto/modalModel2.xml
6 ms. Memory: 871936K Free: 536161K (61%)
----------------- Invoking toplevel() on ptolemy.moml.MoMLSimpleApplication@520ffc2
----------------- Done invoking toplevel() on ptolemy.moml.MoMLSimpleApplication@520ffc2
reloadAllAccessors: .modalModel2

===========================================================================================
----------------- testing Wed Feb 06 03:33:53 UTC 2019 /home/travis/build/icyphy/ptII/ptolemy/domains/modal/test/auto/modalModel3.xml
----------------- Instantiating /home/travis/build/icyphy/ptII/ptolemy/domains/modal/test/auto/modalModel3.xml
0	0	0
1	0	1
4	2	2
7	4	3
10	6	4
5	0	5
8	2	6
11	4	7
14	6	8
9	0	9
12	2	10
15	4	11
18	6	12
13	0	13
16	2	14
12 ms. Memory: 871936K Free: 516592K (59%)
----------------- Invoking toplevel() on ptolemy.moml.MoMLSimpleApplication@71585823
----------------- Done invoking toplevel() on ptolemy.moml.MoMLSimpleApplication@71585823
reloadAllAccessors: .modalModel3

===========================================================================================
----------------- testing Wed Feb 06 03:33:53 UTC 2019 /home/travis/build/icyphy/ptII/ptolemy/domains/modal/test/auto/model1.xml
----------------- Instantiating /home/travis/build/icyphy/ptII/ptolemy/domains/modal/test/auto/model1.xml
9 ms. Memory: 871936K Free: 506941K (58%)
----------------- Invoking toplevel() on ptolemy.moml.MoMLSimpleApplication@698db6a1
----------------- Done invoking toplevel() on ptolemy.moml.MoMLSimpleApplication@698db6a1
reloadAllAccessors: .model1

===========================================================================================
----------------- testing Wed Feb 06 03:33:53 UTC 2019 /home/travis/build/icyphy/ptII/ptolemy/domains/modal/test/auto/test-direct-in-out.xml
----------------- Instantiating /home/travis/build/icyphy/ptII/ptolemy/domains/modal/test/auto/test-direct-in-out.xml
4 ms. Memory: 871936K Free: 495213K (57%)
----------------- Invoking toplevel() on ptolemy.moml.MoMLSimpleApplication@2dbc58d7
----------------- Done invoking toplevel() on ptolemy.moml.MoMLSimpleApplication@2dbc58d7
reloadAllAccessors: .test-direct-in-out
AutoTests.java: About to close Vertx.
AutoTests.java: Vertx closed.
]]></system-out>
  <system-err><![CDATA[java.lang.RuntimeException: Execution failed
	at ptolemy.moml.MoMLSimpleApplication$UnloadThread.run(MoMLSimpleApplication.java:402)
Caused by: ptolemy.kernel.util.IllegalActionException: Unknown inputs remain. Possible causality loop:
L_model_1893289564i

  in .CannotAnalysisWithPreemption.model_1893289564_region_1 and .CannotAnalysisWithPreemption.model_1893289564_region_1.L_model_1893289564i
	at ptolemy.actor.sched.FixedPointDirector.postfire(FixedPointDirector.java:515)
	at ptolemy.domains.sr.kernel.SRDirector.postfire(SRDirector.java:417)
	at ptolemy.actor.CompositeActor.postfire(CompositeActor.java:1668)
	at ptolemy.actor.Manager.iterate(Manager.java:852)
	at ptolemy.actor.Manager.execute(Manager.java:369)
	at ptolemy.actor.Manager.run(Manager.java:1263)
	at ptolemy.actor.Manager$PtolemyRunThread.run(Manager.java:1915)
java.lang.reflect.InvocationTargetException
	at sun.reflect.NativeConstructorAccessorImpl.newInstance0(Native Method)
	at sun.reflect.NativeConstructorAccessorImpl.newInstance(NativeConstructorAccessorImpl.java:62)
	at sun.reflect.DelegatingConstructorAccessorImpl.newInstance(DelegatingConstructorAccessorImpl.java:45)
	at java.lang.reflect.Constructor.newInstance(Constructor.java:423)
	at ptolemy.util.test.junit.AutoKnownFailedTests.RunModel(AutoKnownFailedTests.java:105)
	at sun.reflect.NativeMethodAccessorImpl.invoke0(Native Method)
	at sun.reflect.NativeMethodAccessorImpl.invoke(NativeMethodAccessorImpl.java:62)
	at sun.reflect.DelegatingMethodAccessorImpl.invoke(DelegatingMethodAccessorImpl.java:43)
	at java.lang.reflect.Method.invoke(Method.java:498)
	at org.junit.runners.model.FrameworkMethod$1.runReflectiveCall(FrameworkMethod.java:44)
	at org.junit.internal.runners.model.ReflectiveCallable.run(ReflectiveCallable.java:15)
	at org.junit.runners.model.FrameworkMethod.invokeExplosively(FrameworkMethod.java:41)
	at junitparams.internal.InvokeParameterisedMethod.evaluate(InvokeParameterisedMethod.java:102)
	at org.junit.internal.runners.statements.FailOnTimeout$1.run(FailOnTimeout.java:28)
Caused by: ptolemy.kernel.util.IllegalActionException: Unknown inputs remain. Possible causality loop:
L_model_1893289564i

  in .CannotAnalysisWithPreemption.model_1893289564_region_1 and .CannotAnalysisWithPreemption.model_1893289564_region_1.L_model_1893289564i
	at ptolemy.actor.sched.FixedPointDirector.postfire(FixedPointDirector.java:515)
	at ptolemy.domains.sr.kernel.SRDirector.postfire(SRDirector.java:417)
	at ptolemy.actor.CompositeActor.postfire(CompositeActor.java:1668)
	at ptolemy.actor.Manager.iterate(Manager.java:852)
	at ptolemy.actor.Manager.execute(Manager.java:369)
	at ptolemy.actor.Manager.run(Manager.java:1263)
	at ptolemy.actor.Manager$PtolemyRunThread.run(Manager.java:1915)
]]></system-err>
</testsuite>
