<?xml version="1.0" encoding="UTF-8" ?>
<testsuite errors="0" failures="0" hostname="travis-job-7c0b57ec-c326-4db0-baf6-c22682825790" name="ptolemy.domains.sdf.lib.test.junit.JUnitTclTest" skipped="0" tests="82" time="10.183" timestamp="2019-12-06T06:47:32">
  <properties>
[...]
</properties>
  <testcase classname="ptolemy.util.test.junit.TclTests" name="[0] /home/travis/build/icyphy/ptII/ptolemy/domains/sdf/lib/test/ArrayToSequence.tcl (RunTclFile)" time="0.609" />
  <testcase classname="ptolemy.util.test.junit.TclTests" name="[1] /home/travis/build/icyphy/ptII/ptolemy/domains/sdf/lib/test/BitsToInt.tcl (RunTclFile)" time="0.048" />
  <testcase classname="ptolemy.util.test.junit.TclTests" name="[2] /home/travis/build/icyphy/ptII/ptolemy/domains/sdf/lib/test/DelayLine.tcl (RunTclFile)" time="0.055" />
  <testcase classname="ptolemy.util.test.junit.TclTests" name="[3] /home/travis/build/icyphy/ptII/ptolemy/domains/sdf/lib/test/FFT.tcl (RunTclFile)" time="0.031" />
  <testcase classname="ptolemy.util.test.junit.TclTests" name="[4] /home/travis/build/icyphy/ptII/ptolemy/domains/sdf/lib/test/FIR.tcl (RunTclFile)" time="0.215" />
  <testcase classname="ptolemy.util.test.junit.TclTests" name="[5] /home/travis/build/icyphy/ptII/ptolemy/domains/sdf/lib/test/IntToBits.tcl (RunTclFile)" time="0.063" />
  <testcase classname="ptolemy.util.test.junit.TclTests" name="[6] /home/travis/build/icyphy/ptII/ptolemy/domains/sdf/lib/test/MaximumEntropySpectrum.tcl (RunTclFile)" time="0.343" />
  <testcase classname="ptolemy.util.test.junit.TclTests" name="[7] /home/travis/build/icyphy/ptII/ptolemy/domains/sdf/lib/test/Repeat.tcl (RunTclFile)" time="0.028" />
  <testcase classname="ptolemy.util.test.junit.TclTests" name="[8] /home/travis/build/icyphy/ptII/ptolemy/domains/sdf/lib/test/SampleDelay.tcl (RunTclFile)" time="0.095" />
  <testcase classname="ptolemy.util.test.junit.TclTests" name="[9] /home/travis/build/icyphy/ptII/ptolemy/domains/sdf/lib/test/SequenceToArray.tcl (RunTclFile)" time="0.04" />
  <testcase classname="ptolemy.util.test.junit.AutoKnownFailedTests" name="[0] ThereAreNoKnowFailedTests (RunModel)" time="0.016" />
  <testcase classname="ptolemy.util.test.junit.AutoNameArchTests" name="[0] ThereAreNoAutoArchTests (RunModel)" time="0.009" />
  <testcase classname="ptolemy.util.test.junit.AutoTests" name="[0] /home/travis/build/icyphy/ptII/ptolemy/domains/sdf/lib/test/auto/ArrayToSequence.xml (RunModel)" time="0.245" />
  <testcase classname="ptolemy.util.test.junit.AutoTests" name="[1] /home/travis/build/icyphy/ptII/ptolemy/domains/sdf/lib/test/auto/ArrayToSequenceTest.xml (RunModel)" time="0.107" />
  <testcase classname="ptolemy.util.test.junit.AutoTests" name="[2] /home/travis/build/icyphy/ptII/ptolemy/domains/sdf/lib/test/auto/Autocorrelation.xml (RunModel)" time="0.061" />
  <testcase classname="ptolemy.util.test.junit.AutoTests" name="[3] /home/travis/build/icyphy/ptII/ptolemy/domains/sdf/lib/test/auto/Autocorrelation2.xml (RunModel)" time="0.083" />
  <testcase classname="ptolemy.util.test.junit.AutoTests" name="[4] /home/travis/build/icyphy/ptII/ptolemy/domains/sdf/lib/test/auto/Autocorrelation3.xml (RunModel)" time="0.05" />
  <testcase classname="ptolemy.util.test.junit.AutoTests" name="[5] /home/travis/build/icyphy/ptII/ptolemy/domains/sdf/lib/test/auto/Autocorrelation4.xml (RunModel)" time="0.071" />
  <testcase classname="ptolemy.util.test.junit.AutoTests" name="[6] /home/travis/build/icyphy/ptII/ptolemy/domains/sdf/lib/test/auto/Autocorrelation5.xml (RunModel)" time="0.081" />
  <testcase classname="ptolemy.util.test.junit.AutoTests" name="[7] /home/travis/build/icyphy/ptII/ptolemy/domains/sdf/lib/test/auto/BitsToInt.xml (RunModel)" time="0.021" />
  <testcase classname="ptolemy.util.test.junit.AutoTests" name="[8] /home/travis/build/icyphy/ptII/ptolemy/domains/sdf/lib/test/auto/BooleanJoin.xml (RunModel)" time="0.057" />
  <testcase classname="ptolemy.util.test.junit.AutoTests" name="[9] /home/travis/build/icyphy/ptII/ptolemy/domains/sdf/lib/test/auto/BootstrapSampleDelay.xml (RunModel)" time="0.06" />
  <testcase classname="ptolemy.util.test.junit.AutoTests" name="[10] /home/travis/build/icyphy/ptII/ptolemy/domains/sdf/lib/test/auto/Chop.xml (RunModel)" time="0.045" />
  <testcase classname="ptolemy.util.test.junit.AutoTests" name="[11] /home/travis/build/icyphy/ptII/ptolemy/domains/sdf/lib/test/auto/Chop2.xml (RunModel)" time="0.057" />
  <testcase classname="ptolemy.util.test.junit.AutoTests" name="[12] /home/travis/build/icyphy/ptII/ptolemy/domains/sdf/lib/test/auto/ComplexJoin.xml (RunModel)" time="0.053" />
  <testcase classname="ptolemy.util.test.junit.AutoTests" name="[13] /home/travis/build/icyphy/ptII/ptolemy/domains/sdf/lib/test/auto/CountTrues.xml (RunModel)" time="0.043" />
  <testcase classname="ptolemy.util.test.junit.AutoTests" name="[14] /home/travis/build/icyphy/ptII/ptolemy/domains/sdf/lib/test/auto/DelayLine.xml (RunModel)" time="0.053" />
  <testcase classname="ptolemy.util.test.junit.AutoTests" name="[15] /home/travis/build/icyphy/ptII/ptolemy/domains/sdf/lib/test/auto/DotProduct.xml (RunModel)" time="0.048" />
  <testcase classname="ptolemy.util.test.junit.AutoTests" name="[16] /home/travis/build/icyphy/ptII/ptolemy/domains/sdf/lib/test/auto/DotProductMatrix.xml (RunModel)" time="0.026" />
  <testcase classname="ptolemy.util.test.junit.AutoTests" name="[17] /home/travis/build/icyphy/ptII/ptolemy/domains/sdf/lib/test/auto/DownSample1.xml (RunModel)" time="0.033" />
  <testcase classname="ptolemy.util.test.junit.AutoTests" name="[18] /home/travis/build/icyphy/ptII/ptolemy/domains/sdf/lib/test/auto/DynamicRateChange.xml (RunModel)" time="0.046" />
  <testcase classname="ptolemy.util.test.junit.AutoTests" name="[19] /home/travis/build/icyphy/ptII/ptolemy/domains/sdf/lib/test/auto/DynamicRates.xml (RunModel)" time="0.027" />
  <testcase classname="ptolemy.util.test.junit.AutoTests" name="[20] /home/travis/build/icyphy/ptII/ptolemy/domains/sdf/lib/test/auto/FFT1.xml (RunModel)" time="0.044" />
  <testcase classname="ptolemy.util.test.junit.AutoTests" name="[21] /home/travis/build/icyphy/ptII/ptolemy/domains/sdf/lib/test/auto/FIR1.xml (RunModel)" time="0.058" />
  <testcase classname="ptolemy.util.test.junit.AutoTests" name="[22] /home/travis/build/icyphy/ptII/ptolemy/domains/sdf/lib/test/auto/FIR2.xml (RunModel)" time="0.052" />
  <testcase classname="ptolemy.util.test.junit.AutoTests" name="[23] /home/travis/build/icyphy/ptII/ptolemy/domains/sdf/lib/test/auto/FIR4.xml (RunModel)" time="0.053" />
  <testcase classname="ptolemy.util.test.junit.AutoTests" name="[24] /home/travis/build/icyphy/ptII/ptolemy/domains/sdf/lib/test/auto/FixJoin.xml (RunModel)" time="0.068" />
  <testcase classname="ptolemy.util.test.junit.AutoTests" name="[25] /home/travis/build/icyphy/ptII/ptolemy/domains/sdf/lib/test/auto/IntJoin1.xml (RunModel)" time="0.029" />
  <testcase classname="ptolemy.util.test.junit.AutoTests" name="[26] /home/travis/build/icyphy/ptII/ptolemy/domains/sdf/lib/test/auto/IntJoin2.xml (RunModel)" time="0.028" />
  <testcase classname="ptolemy.util.test.junit.AutoTests" name="[27] /home/travis/build/icyphy/ptII/ptolemy/domains/sdf/lib/test/auto/IntJoin3.xml (RunModel)" time="0.018" />
  <testcase classname="ptolemy.util.test.junit.AutoTests" name="[28] /home/travis/build/icyphy/ptII/ptolemy/domains/sdf/lib/test/auto/IntJoin4.xml (RunModel)" time="0.017" />
  <testcase classname="ptolemy.util.test.junit.AutoTests" name="[29] /home/travis/build/icyphy/ptII/ptolemy/domains/sdf/lib/test/auto/IntJoin5.xml (RunModel)" time="0.037" />
  <testcase classname="ptolemy.util.test.junit.AutoTests" name="[30] /home/travis/build/icyphy/ptII/ptolemy/domains/sdf/lib/test/auto/IntToBits.xml (RunModel)" time="0.028" />
  <testcase classname="ptolemy.util.test.junit.AutoTests" name="[31] /home/travis/build/icyphy/ptII/ptolemy/domains/sdf/lib/test/auto/LMSAdaptive.xml (RunModel)" time="0.084" />
  <testcase classname="ptolemy.util.test.junit.AutoTests" name="[32] /home/travis/build/icyphy/ptII/ptolemy/domains/sdf/lib/test/auto/LMSAdaptiveFIR.xml (RunModel)" time="0.348" />
  <testcase classname="ptolemy.util.test.junit.AutoTests" name="[33] /home/travis/build/icyphy/ptII/ptolemy/domains/sdf/lib/test/auto/LMSAdaptiveFIR2.xml (RunModel)" time="0.488" />
  <testcase classname="ptolemy.util.test.junit.AutoTests" name="[34] /home/travis/build/icyphy/ptII/ptolemy/domains/sdf/lib/test/auto/LongJoin.xml (RunModel)" time="0.055" />
  <testcase classname="ptolemy.util.test.junit.AutoTests" name="[35] /home/travis/build/icyphy/ptII/ptolemy/domains/sdf/lib/test/auto/Matrix1.xml (RunModel)" time="0.041" />
  <testcase classname="ptolemy.util.test.junit.AutoTests" name="[36] /home/travis/build/icyphy/ptII/ptolemy/domains/sdf/lib/test/auto/Matrix2.xml (RunModel)" time="0.03" />
  <testcase classname="ptolemy.util.test.junit.AutoTests" name="[37] /home/travis/build/icyphy/ptII/ptolemy/domains/sdf/lib/test/auto/MatrixJoin1.xml (RunModel)" time="0.054" />
  <testcase classname="ptolemy.util.test.junit.AutoTests" name="[38] /home/travis/build/icyphy/ptII/ptolemy/domains/sdf/lib/test/auto/MatrixJoin2.xml (RunModel)" time="0.023" />
  <testcase classname="ptolemy.util.test.junit.AutoTests" name="[39] /home/travis/build/icyphy/ptII/ptolemy/domains/sdf/lib/test/auto/MatrixJoin3.xml (RunModel)" time="0.026" />
  <testcase classname="ptolemy.util.test.junit.AutoTests" name="[40] /home/travis/build/icyphy/ptII/ptolemy/domains/sdf/lib/test/auto/MatrixJoin4.xml (RunModel)" time="0.02" />
  <testcase classname="ptolemy.util.test.junit.AutoTests" name="[41] /home/travis/build/icyphy/ptII/ptolemy/domains/sdf/lib/test/auto/MatrixJoin5.xml (RunModel)" time="0.018" />
  <testcase classname="ptolemy.util.test.junit.AutoTests" name="[42] /home/travis/build/icyphy/ptII/ptolemy/domains/sdf/lib/test/auto/MatrixSplit1.xml (RunModel)" time="0.024" />
  <testcase classname="ptolemy.util.test.junit.AutoTests" name="[43] /home/travis/build/icyphy/ptII/ptolemy/domains/sdf/lib/test/auto/MatrixSplit10.xml (RunModel)" time="0.018" />
  <testcase classname="ptolemy.util.test.junit.AutoTests" name="[44] /home/travis/build/icyphy/ptII/ptolemy/domains/sdf/lib/test/auto/MatrixSplit11.xml (RunModel)" time="0.015" />
  <testcase classname="ptolemy.util.test.junit.AutoTests" name="[45] /home/travis/build/icyphy/ptII/ptolemy/domains/sdf/lib/test/auto/MatrixSplit12.xml (RunModel)" time="0.021" />
  <testcase classname="ptolemy.util.test.junit.AutoTests" name="[46] /home/travis/build/icyphy/ptII/ptolemy/domains/sdf/lib/test/auto/MatrixSplit13.xml (RunModel)" time="0.031" />
  <testcase classname="ptolemy.util.test.junit.AutoTests" name="[47] /home/travis/build/icyphy/ptII/ptolemy/domains/sdf/lib/test/auto/MatrixSplit14.xml (RunModel)" time="0.018" />
  <testcase classname="ptolemy.util.test.junit.AutoTests" name="[48] /home/travis/build/icyphy/ptII/ptolemy/domains/sdf/lib/test/auto/MatrixSplit2.xml (RunModel)" time="0.014" />
  <testcase classname="ptolemy.util.test.junit.AutoTests" name="[49] /home/travis/build/icyphy/ptII/ptolemy/domains/sdf/lib/test/auto/MatrixSplit3.xml (RunModel)" time="0.016" />
  <testcase classname="ptolemy.util.test.junit.AutoTests" name="[50] /home/travis/build/icyphy/ptII/ptolemy/domains/sdf/lib/test/auto/MatrixSplit4.xml (RunModel)" time="0.015" />
  <testcase classname="ptolemy.util.test.junit.AutoTests" name="[51] /home/travis/build/icyphy/ptII/ptolemy/domains/sdf/lib/test/auto/MatrixSplit5.xml (RunModel)" time="0.022" />
  <testcase classname="ptolemy.util.test.junit.AutoTests" name="[52] /home/travis/build/icyphy/ptII/ptolemy/domains/sdf/lib/test/auto/MatrixSplit6.xml (RunModel)" time="0.02" />
  <testcase classname="ptolemy.util.test.junit.AutoTests" name="[53] /home/travis/build/icyphy/ptII/ptolemy/domains/sdf/lib/test/auto/MatrixSplit7.xml (RunModel)" time="0.016" />
  <testcase classname="ptolemy.util.test.junit.AutoTests" name="[54] /home/travis/build/icyphy/ptII/ptolemy/domains/sdf/lib/test/auto/MatrixSplit8.xml (RunModel)" time="0.015" />
  <testcase classname="ptolemy.util.test.junit.AutoTests" name="[55] /home/travis/build/icyphy/ptII/ptolemy/domains/sdf/lib/test/auto/MatrixSplit9.xml (RunModel)" time="0.036" />
  <testcase classname="ptolemy.util.test.junit.AutoTests" name="[56] /home/travis/build/icyphy/ptII/ptolemy/domains/sdf/lib/test/auto/MatrixToSequence.xml (RunModel)" time="0.045" />
  <testcase classname="ptolemy.util.test.junit.AutoTests" name="[57] /home/travis/build/icyphy/ptII/ptolemy/domains/sdf/lib/test/auto/MaximumEntropySpectrum.xml (RunModel)" time="0.081" />
  <testcase classname="ptolemy.util.test.junit.AutoTests" name="[58] /home/travis/build/icyphy/ptII/ptolemy/domains/sdf/lib/test/auto/SampleDelayConversion.xml (RunModel)" time="0.017" />
  <testcase classname="ptolemy.util.test.junit.AutoTests" name="[59] /home/travis/build/icyphy/ptII/ptolemy/domains/sdf/lib/test/auto/SequenceToArray.xml (RunModel)" time="0.046" />
  <testcase classname="ptolemy.util.test.junit.AutoTests" name="[60] /home/travis/build/icyphy/ptII/ptolemy/domains/sdf/lib/test/auto/SequenceToMatrix.xml (RunModel)" time="4.298" />
  <testcase classname="ptolemy.util.test.junit.AutoTests" name="[61] /home/travis/build/icyphy/ptII/ptolemy/domains/sdf/lib/test/auto/SmoothedPeriodogram.xml (RunModel)" time="0.073" />
  <testcase classname="ptolemy.util.test.junit.AutoTests" name="[62] /home/travis/build/icyphy/ptII/ptolemy/domains/sdf/lib/test/auto/UpDownSample1.xml (RunModel)" time="0.019" />
  <testcase classname="ptolemy.util.test.junit.AutoTests" name="[63] /home/travis/build/icyphy/ptII/ptolemy/domains/sdf/lib/test/auto/UpSample1.xml (RunModel)" time="0.015" />
  <testcase classname="ptolemy.util.test.junit.AutoTests" name="[64] /home/travis/build/icyphy/ptII/ptolemy/domains/sdf/lib/test/auto/VariableFIR.xml (RunModel)" time="0.026" />
  <testcase classname="ptolemy.util.test.junit.AutoTests" name="[65] /home/travis/build/icyphy/ptII/ptolemy/domains/sdf/lib/test/auto/VariableFIR2.xml (RunModel)" time="0.021" />
  <testcase classname="ptolemy.util.test.junit.AutoTests" name="[66] /home/travis/build/icyphy/ptII/ptolemy/domains/sdf/lib/test/auto/VariableLattice.xml (RunModel)" time="0.027" />
  <testcase classname="ptolemy.util.test.junit.AutoTests" name="[67] /home/travis/build/icyphy/ptII/ptolemy/domains/sdf/lib/test/auto/VariableLattice2.xml (RunModel)" time="0.021" />
  <testcase classname="ptolemy.util.test.junit.AutoTests" name="[68] /home/travis/build/icyphy/ptII/ptolemy/domains/sdf/lib/test/auto/VariableRecursiveLattice.xml (RunModel)" time="0.019" />
  <testcase classname="ptolemy.util.test.junit.AutoTests" name="[69] /home/travis/build/icyphy/ptII/ptolemy/domains/sdf/lib/test/auto/VariableRecursiveLattice2.xml (RunModel)" time="0.014" />
  <system-out><![CDATA[/home/travis/build/icyphy/ptII/ptolemy/domains/sdf/lib/test/ArrayToSequence.tcl
testDefs.tcl: setting time out to 9000 seconds at Fri Dec 06 06:47:32 UTC 2019
105 ms. Memory: 120832K Free: 87483K (72%)
12 ms. Memory: 120832K Free: 85441K (71%)
20 ms. Memory: 120832K Free: 83387K (69%)
14 ms. Memory: 120832K Free: 81859K (68%)
/home/travis/build/icyphy/ptII/ptolemy/domains/sdf/lib/test/BitsToInt.tcl
14 ms. Memory: 120832K Free: 80321K (66%)
10 ms. Memory: 120832K Free: 78273K (65%)
/home/travis/build/icyphy/ptII/ptolemy/domains/sdf/lib/test/DelayLine.tcl
23 ms. Memory: 120832K Free: 76739K (64%)
/home/travis/build/icyphy/ptII/ptolemy/domains/sdf/lib/test/FFT.tcl
7 ms. Memory: 120832K Free: 74691K (62%)
/home/travis/build/icyphy/ptII/ptolemy/domains/sdf/lib/test/FIR.tcl
9 ms. Memory: 120832K Free: 73139K (61%)
108 ms. Memory: 120832K Free: 69057K (57%)
ptolemy.kernel.util.IllegalActionException: multiplyReverse method not supported between ptolemy.data.FixToken 'fix(-0.0625,6,2)' and ptolemy.data.IntToken '1' because the types are incomparable.
  in .top.FIRclone
Because:
multiplyReverse method not supported between ptolemy.data.FixToken 'fix(-0.0625,6,2)' and ptolemy.data.IntToken '1' because the types are incomparable.
41 ms. Memory: 120832K Free: 66499K (55%)
/home/travis/build/icyphy/ptII/ptolemy/domains/sdf/lib/test/IntToBits.tcl
7 ms. Memory: 120832K Free: 64947K (54%)
19 ms. Memory: 120832K Free: 63427K (52%)
/home/travis/build/icyphy/ptII/ptolemy/domains/sdf/lib/test/MaximumEntropySpectrum.tcl
/home/travis/build/icyphy/ptII/ptolemy/domains/sdf/lib/test/Repeat.tcl
8 ms. Memory: 120832K Free: 103669K (86%)
/home/travis/build/icyphy/ptII/ptolemy/domains/sdf/lib/test/SampleDelay.tcl
12 ms. Memory: 120832K Free: 101621K (84%)
8 ms. Memory: 120832K Free: 105776K (88%)
4 ms. Memory: 120832K Free: 104822K (87%)
5 ms. Memory: 120832K Free: 104233K (86%)
3 ms. Memory: 120832K Free: 103653K (86%)
3 ms. Memory: 120832K Free: 103217K (85%)
/home/travis/build/icyphy/ptII/ptolemy/domains/sdf/lib/test/SequenceToArray.tcl
6 ms. Memory: 120832K Free: 101605K (84%)
5 ms. Memory: 120832K Free: 100581K (83%)
7 ms. Memory: 120832K Free: 99135K (82%)
7 ms. Memory: 120832K Free: 98089K (81%)
12/06/19 06:47:33
Failed: 0  Total Tests: 41  ((Passed: 41, Newly Passed: 0)  Known Failed: 0) /home/travis/build/icyphy/ptII/ptolemy/domains/sdf/lib/test
No auto/knownFailedTests/*.xml tests in /home/travis/build/icyphy/ptII/ptolemy/domains/sdf/lib/test
No auto/linux-amd64/*.xml tests in /home/travis/build/icyphy/ptII/ptolemy/domains/sdf/lib/test
AutoTests.java: About to close Vertx.
AutoTests.java: Vertx closed.

===========================================================================================
----------------- testing Fri Dec 06 06:47:34 UTC 2019 /home/travis/build/icyphy/ptII/ptolemy/domains/sdf/lib/test/auto/ArrayToSequence.xml
----------------- Instantiating /home/travis/build/icyphy/ptII/ptolemy/domains/sdf/lib/test/auto/ArrayToSequence.xml
37 ms. Memory: 120832K Free: 86130K (71%)
----------------- Invoking toplevel() on ptolemy.moml.MoMLSimpleApplication@73e3ba0b
----------------- Done invoking toplevel() on ptolemy.moml.MoMLSimpleApplication@73e3ba0b
reloadAllAccessors: .ArrayToSequence

===========================================================================================
----------------- testing Fri Dec 06 06:47:34 UTC 2019 /home/travis/build/icyphy/ptII/ptolemy/domains/sdf/lib/test/auto/ArrayToSequenceTest.xml
----------------- Instantiating /home/travis/build/icyphy/ptII/ptolemy/domains/sdf/lib/test/auto/ArrayToSequenceTest.xml
20 ms. Memory: 120832K Free: 80336K (66%)
----------------- Invoking toplevel() on ptolemy.moml.MoMLSimpleApplication@58f13e03
----------------- Done invoking toplevel() on ptolemy.moml.MoMLSimpleApplication@58f13e03
reloadAllAccessors: .ArrayToSequenceTest

===========================================================================================
----------------- testing Fri Dec 06 06:47:34 UTC 2019 /home/travis/build/icyphy/ptII/ptolemy/domains/sdf/lib/test/auto/Autocorrelation.xml
----------------- Instantiating /home/travis/build/icyphy/ptII/ptolemy/domains/sdf/lib/test/auto/Autocorrelation.xml
7 ms. Memory: 120832K Free: 75862K (63%)
----------------- Invoking toplevel() on ptolemy.moml.MoMLSimpleApplication@27e04d3
----------------- Done invoking toplevel() on ptolemy.moml.MoMLSimpleApplication@27e04d3
reloadAllAccessors: .Autocorrelation

===========================================================================================
----------------- testing Fri Dec 06 06:47:34 UTC 2019 /home/travis/build/icyphy/ptII/ptolemy/domains/sdf/lib/test/auto/Autocorrelation2.xml
----------------- Instantiating /home/travis/build/icyphy/ptII/ptolemy/domains/sdf/lib/test/auto/Autocorrelation2.xml
4 ms. Memory: 145408K Free: 129286K (89%)
----------------- Invoking toplevel() on ptolemy.moml.MoMLSimpleApplication@48908eb
----------------- Done invoking toplevel() on ptolemy.moml.MoMLSimpleApplication@48908eb
reloadAllAccessors: .Autocorrelation2

===========================================================================================
----------------- testing Fri Dec 06 06:47:34 UTC 2019 /home/travis/build/icyphy/ptII/ptolemy/domains/sdf/lib/test/auto/Autocorrelation3.xml
----------------- Instantiating /home/travis/build/icyphy/ptII/ptolemy/domains/sdf/lib/test/auto/Autocorrelation3.xml
13 ms. Memory: 145408K Free: 125221K (86%)
----------------- Invoking toplevel() on ptolemy.moml.MoMLSimpleApplication@99e4ed1
----------------- Done invoking toplevel() on ptolemy.moml.MoMLSimpleApplication@99e4ed1
reloadAllAccessors: .Autocorrelation3

===========================================================================================
----------------- testing Fri Dec 06 06:47:34 UTC 2019 /home/travis/build/icyphy/ptII/ptolemy/domains/sdf/lib/test/auto/Autocorrelation4.xml
----------------- Instantiating /home/travis/build/icyphy/ptII/ptolemy/domains/sdf/lib/test/auto/Autocorrelation4.xml
9 ms. Memory: 145408K Free: 121125K (83%)
----------------- Invoking toplevel() on ptolemy.moml.MoMLSimpleApplication@d31df0b
----------------- Done invoking toplevel() on ptolemy.moml.MoMLSimpleApplication@d31df0b
reloadAllAccessors: .Autocorrelation4

===========================================================================================
----------------- testing Fri Dec 06 06:47:34 UTC 2019 /home/travis/build/icyphy/ptII/ptolemy/domains/sdf/lib/test/auto/Autocorrelation5.xml
----------------- Instantiating /home/travis/build/icyphy/ptII/ptolemy/domains/sdf/lib/test/auto/Autocorrelation5.xml
39 ms. Memory: 145408K Free: 113957K (78%)
----------------- Invoking toplevel() on ptolemy.moml.MoMLSimpleApplication@bc54b40
----------------- Done invoking toplevel() on ptolemy.moml.MoMLSimpleApplication@bc54b40
reloadAllAccessors: .Autocorrelation5

===========================================================================================
----------------- testing Fri Dec 06 06:47:34 UTC 2019 /home/travis/build/icyphy/ptII/ptolemy/domains/sdf/lib/test/auto/BitsToInt.xml
----------------- Instantiating /home/travis/build/icyphy/ptII/ptolemy/domains/sdf/lib/test/auto/BitsToInt.xml
3 ms. Memory: 145408K Free: 111208K (76%)
----------------- Invoking toplevel() on ptolemy.moml.MoMLSimpleApplication@1ddcd5c6
----------------- Done invoking toplevel() on ptolemy.moml.MoMLSimpleApplication@1ddcd5c6
reloadAllAccessors: .BitsToInt

===========================================================================================
----------------- testing Fri Dec 06 06:47:35 UTC 2019 /home/travis/build/icyphy/ptII/ptolemy/domains/sdf/lib/test/auto/BooleanJoin.xml
----------------- Instantiating /home/travis/build/icyphy/ptII/ptolemy/domains/sdf/lib/test/auto/BooleanJoin.xml
14 ms. Memory: 145408K Free: 107166K (74%)
----------------- Invoking toplevel() on ptolemy.moml.MoMLSimpleApplication@13628997
----------------- Done invoking toplevel() on ptolemy.moml.MoMLSimpleApplication@13628997
reloadAllAccessors: .BooleanJoin

===========================================================================================
----------------- testing Fri Dec 06 06:47:35 UTC 2019 /home/travis/build/icyphy/ptII/ptolemy/domains/sdf/lib/test/auto/BootstrapSampleDelay.xml
----------------- Instantiating /home/travis/build/icyphy/ptII/ptolemy/domains/sdf/lib/test/auto/BootstrapSampleDelay.xml
17 ms. Memory: 145408K Free: 102693K (71%)
----------------- Invoking toplevel() on ptolemy.moml.MoMLSimpleApplication@399aadc7
----------------- Done invoking toplevel() on ptolemy.moml.MoMLSimpleApplication@399aadc7
reloadAllAccessors: .BootstrapSampleDelay

===========================================================================================
----------------- testing Fri Dec 06 06:47:35 UTC 2019 /home/travis/build/icyphy/ptII/ptolemy/domains/sdf/lib/test/auto/Chop.xml
----------------- Instantiating /home/travis/build/icyphy/ptII/ptolemy/domains/sdf/lib/test/auto/Chop.xml
5 ms. Memory: 145408K Free: 95912K (66%)
----------------- Invoking toplevel() on ptolemy.moml.MoMLSimpleApplication@63e6f8dd
----------------- Done invoking toplevel() on ptolemy.moml.MoMLSimpleApplication@63e6f8dd
reloadAllAccessors: .Chop

===========================================================================================
----------------- testing Fri Dec 06 06:47:35 UTC 2019 /home/travis/build/icyphy/ptII/ptolemy/domains/sdf/lib/test/auto/Chop2.xml
----------------- Instantiating /home/travis/build/icyphy/ptII/ptolemy/domains/sdf/lib/test/auto/Chop2.xml
9 ms. Memory: 145408K Free: 89750K (62%)
----------------- Invoking toplevel() on ptolemy.moml.MoMLSimpleApplication@daae47d
----------------- Done invoking toplevel() on ptolemy.moml.MoMLSimpleApplication@daae47d
reloadAllAccessors: .Chop2

===========================================================================================
----------------- testing Fri Dec 06 06:47:35 UTC 2019 /home/travis/build/icyphy/ptII/ptolemy/domains/sdf/lib/test/auto/ComplexJoin.xml
----------------- Instantiating /home/travis/build/icyphy/ptII/ptolemy/domains/sdf/lib/test/auto/ComplexJoin.xml
16 ms. Memory: 145408K Free: 130030K (89%)
----------------- Invoking toplevel() on ptolemy.moml.MoMLSimpleApplication@666e39d6
----------------- Done invoking toplevel() on ptolemy.moml.MoMLSimpleApplication@666e39d6
reloadAllAccessors: .ComplexJoin

===========================================================================================
----------------- testing Fri Dec 06 06:47:35 UTC 2019 /home/travis/build/icyphy/ptII/ptolemy/domains/sdf/lib/test/auto/CountTrues.xml
----------------- Instantiating /home/travis/build/icyphy/ptII/ptolemy/domains/sdf/lib/test/auto/CountTrues.xml
3 ms. Memory: 145408K Free: 126459K (87%)
----------------- Invoking toplevel() on ptolemy.moml.MoMLSimpleApplication@3b410c7c
----------------- Done invoking toplevel() on ptolemy.moml.MoMLSimpleApplication@3b410c7c
reloadAllAccessors: .CountTrues

===========================================================================================
----------------- testing Fri Dec 06 06:47:35 UTC 2019 /home/travis/build/icyphy/ptII/ptolemy/domains/sdf/lib/test/auto/DelayLine.xml
----------------- Instantiating /home/travis/build/icyphy/ptII/ptolemy/domains/sdf/lib/test/auto/DelayLine.xml
12 ms. Memory: 145408K Free: 120921K (83%)
----------------- Invoking toplevel() on ptolemy.moml.MoMLSimpleApplication@2be1a88e
----------------- Done invoking toplevel() on ptolemy.moml.MoMLSimpleApplication@2be1a88e
reloadAllAccessors: .DelayLine

===========================================================================================
----------------- testing Fri Dec 06 06:47:35 UTC 2019 /home/travis/build/icyphy/ptII/ptolemy/domains/sdf/lib/test/auto/DotProduct.xml
----------------- Instantiating /home/travis/build/icyphy/ptII/ptolemy/domains/sdf/lib/test/auto/DotProduct.xml
8 ms. Memory: 145408K Free: 117827K (81%)
----------------- Invoking toplevel() on ptolemy.moml.MoMLSimpleApplication@2700f982
----------------- Done invoking toplevel() on ptolemy.moml.MoMLSimpleApplication@2700f982
reloadAllAccessors: .DotProduct

===========================================================================================
----------------- testing Fri Dec 06 06:47:35 UTC 2019 /home/travis/build/icyphy/ptII/ptolemy/domains/sdf/lib/test/auto/DotProductMatrix.xml
----------------- Instantiating /home/travis/build/icyphy/ptII/ptolemy/domains/sdf/lib/test/auto/DotProductMatrix.xml
4 ms. Memory: 145408K Free: 114777K (79%)
----------------- Invoking toplevel() on ptolemy.moml.MoMLSimpleApplication@69452672
----------------- Done invoking toplevel() on ptolemy.moml.MoMLSimpleApplication@69452672
reloadAllAccessors: .DotProductMatrix

===========================================================================================
----------------- testing Fri Dec 06 06:47:35 UTC 2019 /home/travis/build/icyphy/ptII/ptolemy/domains/sdf/lib/test/auto/DownSample1.xml
----------------- Instantiating /home/travis/build/icyphy/ptII/ptolemy/domains/sdf/lib/test/auto/DownSample1.xml
8 ms. Memory: 145408K Free: 111675K (77%)
----------------- Invoking toplevel() on ptolemy.moml.MoMLSimpleApplication@18ed8e75
----------------- Done invoking toplevel() on ptolemy.moml.MoMLSimpleApplication@18ed8e75
reloadAllAccessors: .DownSample1

===========================================================================================
----------------- testing Fri Dec 06 06:47:35 UTC 2019 /home/travis/build/icyphy/ptII/ptolemy/domains/sdf/lib/test/auto/DynamicRateChange.xml
----------------- Instantiating /home/travis/build/icyphy/ptII/ptolemy/domains/sdf/lib/test/auto/DynamicRateChange.xml
18 ms. Memory: 145408K Free: 105561K (73%)
----------------- Invoking toplevel() on ptolemy.moml.MoMLSimpleApplication@70f8006f
----------------- Done invoking toplevel() on ptolemy.moml.MoMLSimpleApplication@70f8006f
reloadAllAccessors: .DynamicRateChange

===========================================================================================
----------------- testing Fri Dec 06 06:47:35 UTC 2019 /home/travis/build/icyphy/ptII/ptolemy/domains/sdf/lib/test/auto/DynamicRates.xml
----------------- Instantiating /home/travis/build/icyphy/ptII/ptolemy/domains/sdf/lib/test/auto/DynamicRates.xml
7 ms. Memory: 145408K Free: 101048K (69%)
----------------- Invoking toplevel() on ptolemy.moml.MoMLSimpleApplication@45bc6abe
----------------- Done invoking toplevel() on ptolemy.moml.MoMLSimpleApplication@45bc6abe
reloadAllAccessors: .DynamicRates

===========================================================================================
----------------- testing Fri Dec 06 06:47:35 UTC 2019 /home/travis/build/icyphy/ptII/ptolemy/domains/sdf/lib/test/auto/FFT1.xml
----------------- Instantiating /home/travis/build/icyphy/ptII/ptolemy/domains/sdf/lib/test/auto/FFT1.xml
13 ms. Memory: 145408K Free: 96763K (67%)
----------------- Invoking toplevel() on ptolemy.moml.MoMLSimpleApplication@7864dcdf
----------------- Done invoking toplevel() on ptolemy.moml.MoMLSimpleApplication@7864dcdf
reloadAllAccessors: .FFT1

===========================================================================================
----------------- testing Fri Dec 06 06:47:35 UTC 2019 /home/travis/build/icyphy/ptII/ptolemy/domains/sdf/lib/test/auto/FIR1.xml
----------------- Instantiating /home/travis/build/icyphy/ptII/ptolemy/domains/sdf/lib/test/auto/FIR1.xml
23 ms. Memory: 145408K Free: 89784K (62%)
----------------- Invoking toplevel() on ptolemy.moml.MoMLSimpleApplication@3c786acf
----------------- Done invoking toplevel() on ptolemy.moml.MoMLSimpleApplication@3c786acf
reloadAllAccessors: .FIR1

===========================================================================================
----------------- testing Fri Dec 06 06:47:35 UTC 2019 /home/travis/build/icyphy/ptII/ptolemy/domains/sdf/lib/test/auto/FIR2.xml
----------------- Instantiating /home/travis/build/icyphy/ptII/ptolemy/domains/sdf/lib/test/auto/FIR2.xml
2 ms. Memory: 145408K Free: 86523K (60%)
----------------- Invoking toplevel() on ptolemy.moml.MoMLSimpleApplication@4d97d252
----------------- Done invoking toplevel() on ptolemy.moml.MoMLSimpleApplication@4d97d252
reloadAllAccessors: .FIR2

===========================================================================================
----------------- testing Fri Dec 06 06:47:35 UTC 2019 /home/travis/build/icyphy/ptII/ptolemy/domains/sdf/lib/test/auto/FIR4.xml
----------------- Instantiating /home/travis/build/icyphy/ptII/ptolemy/domains/sdf/lib/test/auto/FIR4.xml
8 ms. Memory: 145408K Free: 78937K (54%)
----------------- Invoking toplevel() on ptolemy.moml.MoMLSimpleApplication@18ea8993
----------------- Done invoking toplevel() on ptolemy.moml.MoMLSimpleApplication@18ea8993
reloadAllAccessors: .FIR4

===========================================================================================
----------------- testing Fri Dec 06 06:47:35 UTC 2019 /home/travis/build/icyphy/ptII/ptolemy/domains/sdf/lib/test/auto/FixJoin.xml
----------------- Instantiating /home/travis/build/icyphy/ptII/ptolemy/domains/sdf/lib/test/auto/FixJoin.xml
3 ms. Memory: 145408K Free: 74424K (51%)
----------------- Invoking toplevel() on ptolemy.moml.MoMLSimpleApplication@604d4e0a
----------------- Done invoking toplevel() on ptolemy.moml.MoMLSimpleApplication@604d4e0a
reloadAllAccessors: .FixJoin

===========================================================================================
----------------- testing Fri Dec 06 06:47:35 UTC 2019 /home/travis/build/icyphy/ptII/ptolemy/domains/sdf/lib/test/auto/IntJoin1.xml
----------------- Instantiating /home/travis/build/icyphy/ptII/ptolemy/domains/sdf/lib/test/auto/IntJoin1.xml
6 ms. Memory: 145408K Free: 69318K (48%)
----------------- Invoking toplevel() on ptolemy.moml.MoMLSimpleApplication@6bd632bd
----------------- Done invoking toplevel() on ptolemy.moml.MoMLSimpleApplication@6bd632bd
reloadAllAccessors: .IntJoin1

===========================================================================================
----------------- testing Fri Dec 06 06:47:35 UTC 2019 /home/travis/build/icyphy/ptII/ptolemy/domains/sdf/lib/test/auto/IntJoin2.xml
----------------- Instantiating /home/travis/build/icyphy/ptII/ptolemy/domains/sdf/lib/test/auto/IntJoin2.xml
3 ms. Memory: 145408K Free: 126425K (87%)
----------------- Invoking toplevel() on ptolemy.moml.MoMLSimpleApplication@3c6e6e11
----------------- Done invoking toplevel() on ptolemy.moml.MoMLSimpleApplication@3c6e6e11
reloadAllAccessors: .IntJoin2

===========================================================================================
----------------- testing Fri Dec 06 06:47:35 UTC 2019 /home/travis/build/icyphy/ptII/ptolemy/domains/sdf/lib/test/auto/IntJoin3.xml
----------------- Instantiating /home/travis/build/icyphy/ptII/ptolemy/domains/sdf/lib/test/auto/IntJoin3.xml
2 ms. Memory: 145408K Free: 122107K (84%)
----------------- Invoking toplevel() on ptolemy.moml.MoMLSimpleApplication@ae03d59
----------------- Done invoking toplevel() on ptolemy.moml.MoMLSimpleApplication@ae03d59
reloadAllAccessors: .IntJoin3

===========================================================================================
----------------- testing Fri Dec 06 06:47:35 UTC 2019 /home/travis/build/icyphy/ptII/ptolemy/domains/sdf/lib/test/auto/IntJoin4.xml
----------------- Instantiating /home/travis/build/icyphy/ptII/ptolemy/domains/sdf/lib/test/auto/IntJoin4.xml
2 ms. Memory: 145408K Free: 117459K (81%)
----------------- Invoking toplevel() on ptolemy.moml.MoMLSimpleApplication@69c264ab
----------------- Done invoking toplevel() on ptolemy.moml.MoMLSimpleApplication@69c264ab
reloadAllAccessors: .IntJoin4

===========================================================================================
----------------- testing Fri Dec 06 06:47:35 UTC 2019 /home/travis/build/icyphy/ptII/ptolemy/domains/sdf/lib/test/auto/IntJoin5.xml
----------------- Instantiating /home/travis/build/icyphy/ptII/ptolemy/domains/sdf/lib/test/auto/IntJoin5.xml
4 ms. Memory: 145408K Free: 113347K (78%)
----------------- Invoking toplevel() on ptolemy.moml.MoMLSimpleApplication@49ac9a60
----------------- Done invoking toplevel() on ptolemy.moml.MoMLSimpleApplication@49ac9a60
reloadAllAccessors: .IntJoin5

===========================================================================================
----------------- testing Fri Dec 06 06:47:36 UTC 2019 /home/travis/build/icyphy/ptII/ptolemy/domains/sdf/lib/test/auto/IntToBits.xml
----------------- Instantiating /home/travis/build/icyphy/ptII/ptolemy/domains/sdf/lib/test/auto/IntToBits.xml
9 ms. Memory: 145408K Free: 109835K (76%)
----------------- Invoking toplevel() on ptolemy.moml.MoMLSimpleApplication@7af9482
----------------- Done invoking toplevel() on ptolemy.moml.MoMLSimpleApplication@7af9482
reloadAllAccessors: .IntToBits

===========================================================================================
----------------- testing Fri Dec 06 06:47:36 UTC 2019 /home/travis/build/icyphy/ptII/ptolemy/domains/sdf/lib/test/auto/LMSAdaptive.xml
----------------- Instantiating /home/travis/build/icyphy/ptII/ptolemy/domains/sdf/lib/test/auto/LMSAdaptive.xml
16 ms. Memory: 145408K Free: 101656K (70%)
----------------- Invoking toplevel() on ptolemy.moml.MoMLSimpleApplication@7c5afa5e
----------------- Done invoking toplevel() on ptolemy.moml.MoMLSimpleApplication@7c5afa5e
reloadAllAccessors: .LMSAdaptive

===========================================================================================
----------------- testing Fri Dec 06 06:47:36 UTC 2019 /home/travis/build/icyphy/ptII/ptolemy/domains/sdf/lib/test/auto/LMSAdaptiveFIR.xml
----------------- Instantiating /home/travis/build/icyphy/ptII/ptolemy/domains/sdf/lib/test/auto/LMSAdaptiveFIR.xml
266 ms. Memory: 145408K Free: 66841K (46%)
----------------- Invoking toplevel() on ptolemy.moml.MoMLSimpleApplication@7fb8746b
----------------- Done invoking toplevel() on ptolemy.moml.MoMLSimpleApplication@7fb8746b
reloadAllAccessors: .LMSAdaptiveFIR

===========================================================================================
----------------- testing Fri Dec 06 06:47:36 UTC 2019 /home/travis/build/icyphy/ptII/ptolemy/domains/sdf/lib/test/auto/LMSAdaptiveFIR2.xml
----------------- Instantiating /home/travis/build/icyphy/ptII/ptolemy/domains/sdf/lib/test/auto/LMSAdaptiveFIR2.xml
367 ms. Memory: 145408K Free: 78235K (54%)
----------------- Invoking toplevel() on ptolemy.moml.MoMLSimpleApplication@2552c95d
----------------- Done invoking toplevel() on ptolemy.moml.MoMLSimpleApplication@2552c95d
reloadAllAccessors: .LMSAdaptiveFIR2

===========================================================================================
----------------- testing Fri Dec 06 06:47:36 UTC 2019 /home/travis/build/icyphy/ptII/ptolemy/domains/sdf/lib/test/auto/LongJoin.xml
----------------- Instantiating /home/travis/build/icyphy/ptII/ptolemy/domains/sdf/lib/test/auto/LongJoin.xml
3 ms. Memory: 145408K Free: 74101K (51%)
----------------- Invoking toplevel() on ptolemy.moml.MoMLSimpleApplication@33d27768
----------------- Done invoking toplevel() on ptolemy.moml.MoMLSimpleApplication@33d27768
reloadAllAccessors: .LongJoin

===========================================================================================
----------------- testing Fri Dec 06 06:47:37 UTC 2019 /home/travis/build/icyphy/ptII/ptolemy/domains/sdf/lib/test/auto/Matrix1.xml
----------------- Instantiating /home/travis/build/icyphy/ptII/ptolemy/domains/sdf/lib/test/auto/Matrix1.xml
3 ms. Memory: 145408K Free: 70043K (48%)
----------------- Invoking toplevel() on ptolemy.moml.MoMLSimpleApplication@a0b4b71
----------------- Done invoking toplevel() on ptolemy.moml.MoMLSimpleApplication@a0b4b71
reloadAllAccessors: .Matrix1

===========================================================================================
----------------- testing Fri Dec 06 06:47:37 UTC 2019 /home/travis/build/icyphy/ptII/ptolemy/domains/sdf/lib/test/auto/Matrix2.xml
----------------- Instantiating /home/travis/build/icyphy/ptII/ptolemy/domains/sdf/lib/test/auto/Matrix2.xml
7 ms. Memory: 145408K Free: 65947K (45%)
----------------- Invoking toplevel() on ptolemy.moml.MoMLSimpleApplication@1192cb37
----------------- Done invoking toplevel() on ptolemy.moml.MoMLSimpleApplication@1192cb37
reloadAllAccessors: .Matrix2

===========================================================================================
----------------- testing Fri Dec 06 06:47:37 UTC 2019 /home/travis/build/icyphy/ptII/ptolemy/domains/sdf/lib/test/auto/MatrixJoin1.xml
----------------- Instantiating /home/travis/build/icyphy/ptII/ptolemy/domains/sdf/lib/test/auto/MatrixJoin1.xml
10 ms. Memory: 145408K Free: 61321K (42%)
----------------- Invoking toplevel() on ptolemy.moml.MoMLSimpleApplication@791148c7
----------------- Done invoking toplevel() on ptolemy.moml.MoMLSimpleApplication@791148c7
reloadAllAccessors: .MatrixJoin1

===========================================================================================
----------------- testing Fri Dec 06 06:47:37 UTC 2019 /home/travis/build/icyphy/ptII/ptolemy/domains/sdf/lib/test/auto/MatrixJoin2.xml
----------------- Instantiating /home/travis/build/icyphy/ptII/ptolemy/domains/sdf/lib/test/auto/MatrixJoin2.xml
3 ms. Memory: 145408K Free: 57257K (39%)
----------------- Invoking toplevel() on ptolemy.moml.MoMLSimpleApplication@5e8a984f
----------------- Done invoking toplevel() on ptolemy.moml.MoMLSimpleApplication@5e8a984f
reloadAllAccessors: .MatrixJoin2

===========================================================================================
----------------- testing Fri Dec 06 06:47:37 UTC 2019 /home/travis/build/icyphy/ptII/ptolemy/domains/sdf/lib/test/auto/MatrixJoin3.xml
----------------- Instantiating /home/travis/build/icyphy/ptII/ptolemy/domains/sdf/lib/test/auto/MatrixJoin3.xml
6 ms. Memory: 145408K Free: 126120K (87%)
----------------- Invoking toplevel() on ptolemy.moml.MoMLSimpleApplication@1138764a
----------------- Done invoking toplevel() on ptolemy.moml.MoMLSimpleApplication@1138764a
reloadAllAccessors: .MatrixJoin3

===========================================================================================
----------------- testing Fri Dec 06 06:47:37 UTC 2019 /home/travis/build/icyphy/ptII/ptolemy/domains/sdf/lib/test/auto/MatrixJoin4.xml
----------------- Instantiating /home/travis/build/icyphy/ptII/ptolemy/domains/sdf/lib/test/auto/MatrixJoin4.xml
3 ms. Memory: 145408K Free: 122024K (84%)
----------------- Invoking toplevel() on ptolemy.moml.MoMLSimpleApplication@4ec2c6fc
----------------- Done invoking toplevel() on ptolemy.moml.MoMLSimpleApplication@4ec2c6fc
reloadAllAccessors: .MatrixJoin4

===========================================================================================
----------------- testing Fri Dec 06 06:47:37 UTC 2019 /home/travis/build/icyphy/ptII/ptolemy/domains/sdf/lib/test/auto/MatrixJoin5.xml
----------------- Instantiating /home/travis/build/icyphy/ptII/ptolemy/domains/sdf/lib/test/auto/MatrixJoin5.xml
2 ms. Memory: 145408K Free: 117928K (81%)
----------------- Invoking toplevel() on ptolemy.moml.MoMLSimpleApplication@1968fe63
----------------- Done invoking toplevel() on ptolemy.moml.MoMLSimpleApplication@1968fe63
reloadAllAccessors: .MatrixJoin5

===========================================================================================
----------------- testing Fri Dec 06 06:47:37 UTC 2019 /home/travis/build/icyphy/ptII/ptolemy/domains/sdf/lib/test/auto/MatrixSplit1.xml
----------------- Instantiating /home/travis/build/icyphy/ptII/ptolemy/domains/sdf/lib/test/auto/MatrixSplit1.xml
3 ms. Memory: 145408K Free: 112294K (77%)
----------------- Invoking toplevel() on ptolemy.moml.MoMLSimpleApplication@2277c6ba
----------------- Done invoking toplevel() on ptolemy.moml.MoMLSimpleApplication@2277c6ba
reloadAllAccessors: .MatrixSplit1

===========================================================================================
----------------- testing Fri Dec 06 06:47:37 UTC 2019 /home/travis/build/icyphy/ptII/ptolemy/domains/sdf/lib/test/auto/MatrixSplit10.xml
----------------- Instantiating /home/travis/build/icyphy/ptII/ptolemy/domains/sdf/lib/test/auto/MatrixSplit10.xml
3 ms. Memory: 145408K Free: 108712K (75%)
----------------- Invoking toplevel() on ptolemy.moml.MoMLSimpleApplication@6cb61add
----------------- Done invoking toplevel() on ptolemy.moml.MoMLSimpleApplication@6cb61add
reloadAllAccessors: .MatrixSplit10

===========================================================================================
----------------- testing Fri Dec 06 06:47:37 UTC 2019 /home/travis/build/icyphy/ptII/ptolemy/domains/sdf/lib/test/auto/MatrixSplit11.xml
----------------- Instantiating /home/travis/build/icyphy/ptII/ptolemy/domains/sdf/lib/test/auto/MatrixSplit11.xml
2 ms. Memory: 145408K Free: 105126K (72%)
----------------- Invoking toplevel() on ptolemy.moml.MoMLSimpleApplication@24b0bf36
----------------- Done invoking toplevel() on ptolemy.moml.MoMLSimpleApplication@24b0bf36
reloadAllAccessors: .MatrixSplit11

===========================================================================================
----------------- testing Fri Dec 06 06:47:37 UTC 2019 /home/travis/build/icyphy/ptII/ptolemy/domains/sdf/lib/test/auto/MatrixSplit12.xml
----------------- Instantiating /home/travis/build/icyphy/ptII/ptolemy/domains/sdf/lib/test/auto/MatrixSplit12.xml
2 ms. Memory: 145408K Free: 101544K (70%)
----------------- Invoking toplevel() on ptolemy.moml.MoMLSimpleApplication@64132451
----------------- Done invoking toplevel() on ptolemy.moml.MoMLSimpleApplication@64132451
reloadAllAccessors: .MatrixSplit12

===========================================================================================
----------------- testing Fri Dec 06 06:47:37 UTC 2019 /home/travis/build/icyphy/ptII/ptolemy/domains/sdf/lib/test/auto/MatrixSplit13.xml
----------------- Instantiating /home/travis/build/icyphy/ptII/ptolemy/domains/sdf/lib/test/auto/MatrixSplit13.xml
6 ms. Memory: 145408K Free: 97958K (67%)
----------------- Invoking toplevel() on ptolemy.moml.MoMLSimpleApplication@3bc8948c
----------------- Done invoking toplevel() on ptolemy.moml.MoMLSimpleApplication@3bc8948c
reloadAllAccessors: .MatrixSplit13

===========================================================================================
----------------- testing Fri Dec 06 06:47:37 UTC 2019 /home/travis/build/icyphy/ptII/ptolemy/domains/sdf/lib/test/auto/MatrixSplit14.xml
----------------- Instantiating /home/travis/build/icyphy/ptII/ptolemy/domains/sdf/lib/test/auto/MatrixSplit14.xml
2 ms. Memory: 145408K Free: 94376K (65%)
----------------- Invoking toplevel() on ptolemy.moml.MoMLSimpleApplication@3fc3cfaa
----------------- Done invoking toplevel() on ptolemy.moml.MoMLSimpleApplication@3fc3cfaa
reloadAllAccessors: .MatrixSplit14

===========================================================================================
----------------- testing Fri Dec 06 06:47:37 UTC 2019 /home/travis/build/icyphy/ptII/ptolemy/domains/sdf/lib/test/auto/MatrixSplit2.xml
----------------- Instantiating /home/travis/build/icyphy/ptII/ptolemy/domains/sdf/lib/test/auto/MatrixSplit2.xml
2 ms. Memory: 145408K Free: 90790K (62%)
----------------- Invoking toplevel() on ptolemy.moml.MoMLSimpleApplication@609f1e90
----------------- Done invoking toplevel() on ptolemy.moml.MoMLSimpleApplication@609f1e90
reloadAllAccessors: .MatrixSplit2

===========================================================================================
----------------- testing Fri Dec 06 06:47:37 UTC 2019 /home/travis/build/icyphy/ptII/ptolemy/domains/sdf/lib/test/auto/MatrixSplit3.xml
----------------- Instantiating /home/travis/build/icyphy/ptII/ptolemy/domains/sdf/lib/test/auto/MatrixSplit3.xml
1 ms. Memory: 145408K Free: 87208K (60%)
----------------- Invoking toplevel() on ptolemy.moml.MoMLSimpleApplication@5cb6b575
----------------- Done invoking toplevel() on ptolemy.moml.MoMLSimpleApplication@5cb6b575
reloadAllAccessors: .MatrixSplit3

===========================================================================================
----------------- testing Fri Dec 06 06:47:37 UTC 2019 /home/travis/build/icyphy/ptII/ptolemy/domains/sdf/lib/test/auto/MatrixSplit4.xml
----------------- Instantiating /home/travis/build/icyphy/ptII/ptolemy/domains/sdf/lib/test/auto/MatrixSplit4.xml
2 ms. Memory: 145408K Free: 83622K (58%)
----------------- Invoking toplevel() on ptolemy.moml.MoMLSimpleApplication@1a913238
----------------- Done invoking toplevel() on ptolemy.moml.MoMLSimpleApplication@1a913238
reloadAllAccessors: .MatrixSplit4

===========================================================================================
----------------- testing Fri Dec 06 06:47:37 UTC 2019 /home/travis/build/icyphy/ptII/ptolemy/domains/sdf/lib/test/auto/MatrixSplit5.xml
----------------- Instantiating /home/travis/build/icyphy/ptII/ptolemy/domains/sdf/lib/test/auto/MatrixSplit5.xml
7 ms. Memory: 145408K Free: 80040K (55%)
----------------- Invoking toplevel() on ptolemy.moml.MoMLSimpleApplication@6834806b
----------------- Done invoking toplevel() on ptolemy.moml.MoMLSimpleApplication@6834806b
reloadAllAccessors: .MatrixSplit5

===========================================================================================
----------------- testing Fri Dec 06 06:47:37 UTC 2019 /home/travis/build/icyphy/ptII/ptolemy/domains/sdf/lib/test/auto/MatrixSplit6.xml
----------------- Instantiating /home/travis/build/icyphy/ptII/ptolemy/domains/sdf/lib/test/auto/MatrixSplit6.xml
2 ms. Memory: 145408K Free: 76454K (53%)
----------------- Invoking toplevel() on ptolemy.moml.MoMLSimpleApplication@37441ada
----------------- Done invoking toplevel() on ptolemy.moml.MoMLSimpleApplication@37441ada
reloadAllAccessors: .MatrixSplit6

===========================================================================================
----------------- testing Fri Dec 06 06:47:37 UTC 2019 /home/travis/build/icyphy/ptII/ptolemy/domains/sdf/lib/test/auto/MatrixSplit7.xml
----------------- Instantiating /home/travis/build/icyphy/ptII/ptolemy/domains/sdf/lib/test/auto/MatrixSplit7.xml
2 ms. Memory: 145408K Free: 72872K (50%)
----------------- Invoking toplevel() on ptolemy.moml.MoMLSimpleApplication@5cde204d
----------------- Done invoking toplevel() on ptolemy.moml.MoMLSimpleApplication@5cde204d
reloadAllAccessors: .MatrixSplit7

===========================================================================================
----------------- testing Fri Dec 06 06:47:37 UTC 2019 /home/travis/build/icyphy/ptII/ptolemy/domains/sdf/lib/test/auto/MatrixSplit8.xml
----------------- Instantiating /home/travis/build/icyphy/ptII/ptolemy/domains/sdf/lib/test/auto/MatrixSplit8.xml
2 ms. Memory: 145408K Free: 69286K (48%)
----------------- Invoking toplevel() on ptolemy.moml.MoMLSimpleApplication@74765bd0
----------------- Done invoking toplevel() on ptolemy.moml.MoMLSimpleApplication@74765bd0
reloadAllAccessors: .MatrixSplit8

===========================================================================================
----------------- testing Fri Dec 06 06:47:37 UTC 2019 /home/travis/build/icyphy/ptII/ptolemy/domains/sdf/lib/test/auto/MatrixSplit9.xml
----------------- Instantiating /home/travis/build/icyphy/ptII/ptolemy/domains/sdf/lib/test/auto/MatrixSplit9.xml
7 ms. Memory: 145408K Free: 65704K (45%)
----------------- Invoking toplevel() on ptolemy.moml.MoMLSimpleApplication@32a54393
----------------- Done invoking toplevel() on ptolemy.moml.MoMLSimpleApplication@32a54393
reloadAllAccessors: .MatrixSplit9

===========================================================================================
----------------- testing Fri Dec 06 06:47:37 UTC 2019 /home/travis/build/icyphy/ptII/ptolemy/domains/sdf/lib/test/auto/MatrixToSequence.xml
----------------- Instantiating /home/travis/build/icyphy/ptII/ptolemy/domains/sdf/lib/test/auto/MatrixToSequence.xml
13 ms. Memory: 145408K Free: 56488K (39%)
----------------- Invoking toplevel() on ptolemy.moml.MoMLSimpleApplication@2f9f6ca0
----------------- Done invoking toplevel() on ptolemy.moml.MoMLSimpleApplication@2f9f6ca0
reloadAllAccessors: .MatrixToSequence

===========================================================================================
----------------- testing Fri Dec 06 06:47:37 UTC 2019 /home/travis/build/icyphy/ptII/ptolemy/domains/sdf/lib/test/auto/MaximumEntropySpectrum.xml
----------------- Instantiating /home/travis/build/icyphy/ptII/ptolemy/domains/sdf/lib/test/auto/MaximumEntropySpectrum.xml
12 ms. Memory: 145408K Free: 120754K (83%)
----------------- Invoking toplevel() on ptolemy.moml.MoMLSimpleApplication@2eeb785e
----------------- Done invoking toplevel() on ptolemy.moml.MoMLSimpleApplication@2eeb785e
reloadAllAccessors: .MaximumEntropySpectrum

===========================================================================================
----------------- testing Fri Dec 06 06:47:37 UTC 2019 /home/travis/build/icyphy/ptII/ptolemy/domains/sdf/lib/test/auto/SampleDelayConversion.xml
----------------- Instantiating /home/travis/build/icyphy/ptII/ptolemy/domains/sdf/lib/test/auto/SampleDelayConversion.xml
2 ms. Memory: 145408K Free: 116658K (80%)
----------------- Invoking toplevel() on ptolemy.moml.MoMLSimpleApplication@67fc0d07
----------------- Done invoking toplevel() on ptolemy.moml.MoMLSimpleApplication@67fc0d07
reloadAllAccessors: .SampleDelayConversion

===========================================================================================
----------------- testing Fri Dec 06 06:47:37 UTC 2019 /home/travis/build/icyphy/ptII/ptolemy/domains/sdf/lib/test/auto/SequenceToArray.xml
----------------- Instantiating /home/travis/build/icyphy/ptII/ptolemy/domains/sdf/lib/test/auto/SequenceToArray.xml
11 ms. Memory: 145408K Free: 105874K (73%)
----------------- Invoking toplevel() on ptolemy.moml.MoMLSimpleApplication@546a87c0
----------------- Done invoking toplevel() on ptolemy.moml.MoMLSimpleApplication@546a87c0
reloadAllAccessors: .SequenceToArray

===========================================================================================
----------------- testing Fri Dec 06 06:47:37 UTC 2019 /home/travis/build/icyphy/ptII/ptolemy/domains/sdf/lib/test/auto/SequenceToMatrix.xml
----------------- Instantiating /home/travis/build/icyphy/ptII/ptolemy/domains/sdf/lib/test/auto/SequenceToMatrix.xml
4275 ms. Memory: 175104K Free: 148382K (85%)
----------------- Invoking toplevel() on ptolemy.moml.MoMLSimpleApplication@49eeae78
----------------- Done invoking toplevel() on ptolemy.moml.MoMLSimpleApplication@49eeae78
reloadAllAccessors: .SequenceToMatrix

===========================================================================================
----------------- testing Fri Dec 06 06:47:42 UTC 2019 /home/travis/build/icyphy/ptII/ptolemy/domains/sdf/lib/test/auto/SmoothedPeriodogram.xml
----------------- Instantiating /home/travis/build/icyphy/ptII/ptolemy/domains/sdf/lib/test/auto/SmoothedPeriodogram.xml
11 ms. Memory: 175104K Free: 133022K (76%)
----------------- Invoking toplevel() on ptolemy.moml.MoMLSimpleApplication@1214f9ed
----------------- Done invoking toplevel() on ptolemy.moml.MoMLSimpleApplication@1214f9ed
reloadAllAccessors: .SmoothedPeriodogram

===========================================================================================
----------------- testing Fri Dec 06 06:47:42 UTC 2019 /home/travis/build/icyphy/ptII/ptolemy/domains/sdf/lib/test/auto/UpDownSample1.xml
----------------- Instantiating /home/travis/build/icyphy/ptII/ptolemy/domains/sdf/lib/test/auto/UpDownSample1.xml
9 ms. Memory: 175104K Free: 128926K (74%)
----------------- Invoking toplevel() on ptolemy.moml.MoMLSimpleApplication@258ec2c8
----------------- Done invoking toplevel() on ptolemy.moml.MoMLSimpleApplication@258ec2c8
reloadAllAccessors: .UpDownSample1

===========================================================================================
----------------- testing Fri Dec 06 06:47:42 UTC 2019 /home/travis/build/icyphy/ptII/ptolemy/domains/sdf/lib/test/auto/UpSample1.xml
----------------- Instantiating /home/travis/build/icyphy/ptII/ptolemy/domains/sdf/lib/test/auto/UpSample1.xml
2 ms. Memory: 175104K Free: 125340K (72%)
----------------- Invoking toplevel() on ptolemy.moml.MoMLSimpleApplication@57409933
----------------- Done invoking toplevel() on ptolemy.moml.MoMLSimpleApplication@57409933
reloadAllAccessors: .UpSample1

===========================================================================================
----------------- testing Fri Dec 06 06:47:42 UTC 2019 /home/travis/build/icyphy/ptII/ptolemy/domains/sdf/lib/test/auto/VariableFIR.xml
----------------- Instantiating /home/travis/build/icyphy/ptII/ptolemy/domains/sdf/lib/test/auto/VariableFIR.xml
4 ms. Memory: 175104K Free: 120220K (69%)
----------------- Invoking toplevel() on ptolemy.moml.MoMLSimpleApplication@3f3cb654
----------------- Done invoking toplevel() on ptolemy.moml.MoMLSimpleApplication@3f3cb654
reloadAllAccessors: .VariableFIR

===========================================================================================
----------------- testing Fri Dec 06 06:47:42 UTC 2019 /home/travis/build/icyphy/ptII/ptolemy/domains/sdf/lib/test/auto/VariableFIR2.xml
----------------- Instantiating /home/travis/build/icyphy/ptII/ptolemy/domains/sdf/lib/test/auto/VariableFIR2.xml
5 ms. Memory: 175104K Free: 115094K (66%)
----------------- Invoking toplevel() on ptolemy.moml.MoMLSimpleApplication@72d843e6
----------------- Done invoking toplevel() on ptolemy.moml.MoMLSimpleApplication@72d843e6
reloadAllAccessors: .VariableFIR2

===========================================================================================
----------------- testing Fri Dec 06 06:47:42 UTC 2019 /home/travis/build/icyphy/ptII/ptolemy/domains/sdf/lib/test/auto/VariableLattice.xml
----------------- Instantiating /home/travis/build/icyphy/ptII/ptolemy/domains/sdf/lib/test/auto/VariableLattice.xml
5 ms. Memory: 175104K Free: 108956K (62%)
----------------- Invoking toplevel() on ptolemy.moml.MoMLSimpleApplication@533a5532
----------------- Done invoking toplevel() on ptolemy.moml.MoMLSimpleApplication@533a5532
reloadAllAccessors: .VariableLattice

===========================================================================================
----------------- testing Fri Dec 06 06:47:42 UTC 2019 /home/travis/build/icyphy/ptII/ptolemy/domains/sdf/lib/test/auto/VariableLattice2.xml
----------------- Instantiating /home/travis/build/icyphy/ptII/ptolemy/domains/sdf/lib/test/auto/VariableLattice2.xml
1.0
-1.999999602036
1.9099998677481
-0.9099996420674
0.205
0.0
0.0
1.0
-0.25
-0.5
0.0
0.0
0.0
0.0
3 ms. Memory: 175104K Free: 104350K (60%)
----------------- Invoking toplevel() on ptolemy.moml.MoMLSimpleApplication@67a199d6
----------------- Done invoking toplevel() on ptolemy.moml.MoMLSimpleApplication@67a199d6
reloadAllAccessors: .VariableLattice2

===========================================================================================
----------------- testing Fri Dec 06 06:47:42 UTC 2019 /home/travis/build/icyphy/ptII/ptolemy/domains/sdf/lib/test/auto/VariableRecursiveLattice.xml
----------------- Instantiating /home/travis/build/icyphy/ptII/ptolemy/domains/sdf/lib/test/auto/VariableRecursiveLattice.xml
5 ms. Memory: 175104K Free: 99740K (57%)
----------------- Invoking toplevel() on ptolemy.moml.MoMLSimpleApplication@579b0f8f
----------------- Done invoking toplevel() on ptolemy.moml.MoMLSimpleApplication@579b0f8f
reloadAllAccessors: .VariableRecursiveLattice

===========================================================================================
----------------- testing Fri Dec 06 06:47:42 UTC 2019 /home/travis/build/icyphy/ptII/ptolemy/domains/sdf/lib/test/auto/VariableRecursiveLattice2.xml
----------------- Instantiating /home/travis/build/icyphy/ptII/ptolemy/domains/sdf/lib/test/auto/VariableRecursiveLattice2.xml
3 ms. Memory: 175104K Free: 95644K (55%)
----------------- Invoking toplevel() on ptolemy.moml.MoMLSimpleApplication@4f75b725
----------------- Done invoking toplevel() on ptolemy.moml.MoMLSimpleApplication@4f75b725
reloadAllAccessors: .VariableRecursiveLattice2
AutoTests.java: About to close Vertx.
AutoTests.java: Vertx closed.
]]></system-out>
  <system-err><![CDATA[]]></system-err>
</testsuite>
