<?xml version="1.0" encoding="UTF-8" ?>
<testsuite errors="0" failures="0" hostname="travis-job-75e2da14-d73c-44a7-8208-a48ab4ff6a13" name="ptolemy.domains.continuous.test.junit.JUnitTclTest" skipped="0" tests="156" time="76.629" timestamp="2019-05-03T04:11:19">
  <properties>
[...]
</properties>
  <testcase classname="ptolemy.util.test.junit.TclTests" name="[0] ThereAreNoTclTests (RunTclFile)" time="0.001" />
  <testcase classname="ptolemy.util.test.junit.AutoKnownFailedTests" name="[0] ThereAreNoKnowFailedTests (RunModel)" time="0.005" />
  <testcase classname="ptolemy.util.test.junit.AutoNameArchTests" name="[0] ThereAreNoAutoArchTests (RunModel)" time="0.008" />
  <testcase classname="ptolemy.util.test.junit.AutoTests" name="[0] /home/travis/build/icyphy/ptII/ptolemy/domains/continuous/test/auto/BouncingBall.xml (RunModel)" time="2.899" />
  <testcase classname="ptolemy.util.test.junit.AutoTests" name="[1] /home/travis/build/icyphy/ptII/ptolemy/domains/continuous/test/auto/BouncingBallWithoutGR.xml (RunModel)" time="0.928" />
  <testcase classname="ptolemy.util.test.junit.AutoTests" name="[2] /home/travis/build/icyphy/ptII/ptolemy/domains/continuous/test/auto/Brownian.xml (RunModel)" time="0.112" />
  <testcase classname="ptolemy.util.test.junit.AutoTests" name="[3] /home/travis/build/icyphy/ptII/ptolemy/domains/continuous/test/auto/CarTracking.xml (RunModel)" time="3.984" />
  <testcase classname="ptolemy.util.test.junit.AutoTests" name="[4] /home/travis/build/icyphy/ptII/ptolemy/domains/continuous/test/auto/CartPendulum.xml (RunModel)" time="0.577" />
  <testcase classname="ptolemy.util.test.junit.AutoTests" name="[5] /home/travis/build/icyphy/ptII/ptolemy/domains/continuous/test/auto/CausalityInterface10.xml (RunModel)" time="0.059" />
  <testcase classname="ptolemy.util.test.junit.AutoTests" name="[6] /home/travis/build/icyphy/ptII/ptolemy/domains/continuous/test/auto/CausalityInterface11.xml (RunModel)" time="0.043" />
  <testcase classname="ptolemy.util.test.junit.AutoTests" name="[7] /home/travis/build/icyphy/ptII/ptolemy/domains/continuous/test/auto/CausalityInterface12.xml (RunModel)" time="0.041" />
  <testcase classname="ptolemy.util.test.junit.AutoTests" name="[8] /home/travis/build/icyphy/ptII/ptolemy/domains/continuous/test/auto/CausalityInterface13.xml (RunModel)" time="0.052" />
  <testcase classname="ptolemy.util.test.junit.AutoTests" name="[9] /home/travis/build/icyphy/ptII/ptolemy/domains/continuous/test/auto/CausalityInterface14.xml (RunModel)" time="0.04" />
  <testcase classname="ptolemy.util.test.junit.AutoTests" name="[10] /home/travis/build/icyphy/ptII/ptolemy/domains/continuous/test/auto/CausalityInterface4.xml (RunModel)" time="0.048" />
  <testcase classname="ptolemy.util.test.junit.AutoTests" name="[11] /home/travis/build/icyphy/ptII/ptolemy/domains/continuous/test/auto/CausalityInterface5.xml (RunModel)" time="0.055" />
  <testcase classname="ptolemy.util.test.junit.AutoTests" name="[12] /home/travis/build/icyphy/ptII/ptolemy/domains/continuous/test/auto/CausalityInterface6.xml (RunModel)" time="0.031" />
  <testcase classname="ptolemy.util.test.junit.AutoTests" name="[13] /home/travis/build/icyphy/ptII/ptolemy/domains/continuous/test/auto/CausalityInterface7.xml (RunModel)" time="0.052" />
  <testcase classname="ptolemy.util.test.junit.AutoTests" name="[14] /home/travis/build/icyphy/ptII/ptolemy/domains/continuous/test/auto/CausalityInterface8.xml (RunModel)" time="0.038" />
  <testcase classname="ptolemy.util.test.junit.AutoTests" name="[15] /home/travis/build/icyphy/ptII/ptolemy/domains/continuous/test/auto/CausalityInterface9.xml (RunModel)" time="0.055" />
  <testcase classname="ptolemy.util.test.junit.AutoTests" name="[16] /home/travis/build/icyphy/ptII/ptolemy/domains/continuous/test/auto/CausalityInterfaceFeedback1.xml (RunModel)" time="0.032" />
  <testcase classname="ptolemy.util.test.junit.AutoTests" name="[17] /home/travis/build/icyphy/ptII/ptolemy/domains/continuous/test/auto/CausalityInterfaceFeedback2.xml (RunModel)" time="0.033" />
  <testcase classname="ptolemy.util.test.junit.AutoTests" name="[18] /home/travis/build/icyphy/ptII/ptolemy/domains/continuous/test/auto/CompareWithCurrentTime.xml (RunModel)" time="0.028" />
  <testcase classname="ptolemy.util.test.junit.AutoTests" name="[19] /home/travis/build/icyphy/ptII/ptolemy/domains/continuous/test/auto/ComparedClocks.xml (RunModel)" time="0.089" />
  <testcase classname="ptolemy.util.test.junit.AutoTests" name="[20] /home/travis/build/icyphy/ptII/ptolemy/domains/continuous/test/auto/ContinuousAOCClone.xml (RunModel)" time="3.102" />
  <testcase classname="ptolemy.util.test.junit.AutoTests" name="[21] /home/travis/build/icyphy/ptII/ptolemy/domains/continuous/test/auto/ContinuousClock.xml (RunModel)" time="0.114" />
  <testcase classname="ptolemy.util.test.junit.AutoTests" name="[22] /home/travis/build/icyphy/ptII/ptolemy/domains/continuous/test/auto/ContinuousInContinuous.xml (RunModel)" time="0.111" />
  <testcase classname="ptolemy.util.test.junit.AutoTests" name="[23] /home/travis/build/icyphy/ptII/ptolemy/domains/continuous/test/auto/ContinuousInContinuousInContinuous.xml (RunModel)" time="0.031" />
  <testcase classname="ptolemy.util.test.junit.AutoTests" name="[24] /home/travis/build/icyphy/ptII/ptolemy/domains/continuous/test/auto/ContinuousInDE.xml (RunModel)" time="0.162" />
  <testcase classname="ptolemy.util.test.junit.AutoTests" name="[25] /home/travis/build/icyphy/ptII/ptolemy/domains/continuous/test/auto/ContinuousInDE2.xml (RunModel)" time="0.09" />
  <testcase classname="ptolemy.util.test.junit.AutoTests" name="[26] /home/travis/build/icyphy/ptII/ptolemy/domains/continuous/test/auto/ContinuousInDE3.xml (RunModel)" time="0.077" />
  <testcase classname="ptolemy.util.test.junit.AutoTests" name="[27] /home/travis/build/icyphy/ptII/ptolemy/domains/continuous/test/auto/ContinuousInDE4.xml (RunModel)" time="0.048" />
  <testcase classname="ptolemy.util.test.junit.AutoTests" name="[28] /home/travis/build/icyphy/ptII/ptolemy/domains/continuous/test/auto/ContinuousInDEDifferentRefinements.xml (RunModel)" time="0.146" />
  <testcase classname="ptolemy.util.test.junit.AutoTests" name="[29] /home/travis/build/icyphy/ptII/ptolemy/domains/continuous/test/auto/ContinuousInDEDifferentRefinementsPreemptive.xml (RunModel)" time="0.115" />
  <testcase classname="ptolemy.util.test.junit.AutoTests" name="[30] /home/travis/build/icyphy/ptII/ptolemy/domains/continuous/test/auto/ContinuousInDEInContinuous2.xml (RunModel)" time="0.069" />
  <testcase classname="ptolemy.util.test.junit.AutoTests" name="[31] /home/travis/build/icyphy/ptII/ptolemy/domains/continuous/test/auto/ContinuousInDEInContinuous3.xml (RunModel)" time="0.07" />
  <testcase classname="ptolemy.util.test.junit.AutoTests" name="[32] /home/travis/build/icyphy/ptII/ptolemy/domains/continuous/test/auto/ContinuousInDEInput.xml (RunModel)" time="0.045" />
  <testcase classname="ptolemy.util.test.junit.AutoTests" name="[33] /home/travis/build/icyphy/ptII/ptolemy/domains/continuous/test/auto/ContinuousInDEInput2.xml (RunModel)" time="0.049" />
  <testcase classname="ptolemy.util.test.junit.AutoTests" name="[34] /home/travis/build/icyphy/ptII/ptolemy/domains/continuous/test/auto/ContinuousInDEInput3.xml (RunModel)" time="0.042" />
  <testcase classname="ptolemy.util.test.junit.AutoTests" name="[35] /home/travis/build/icyphy/ptII/ptolemy/domains/continuous/test/auto/ContinuousInDESharingRefinement.xml (RunModel)" time="0.219" />
  <testcase classname="ptolemy.util.test.junit.AutoTests" name="[36] /home/travis/build/icyphy/ptII/ptolemy/domains/continuous/test/auto/ContinuousInDEwithNoPorts.xml (RunModel)" time="0.023" />
  <testcase classname="ptolemy.util.test.junit.AutoTests" name="[37] /home/travis/build/icyphy/ptII/ptolemy/domains/continuous/test/auto/ContinuousInsideDE.xml (RunModel)" time="0.089" />
  <testcase classname="ptolemy.util.test.junit.AutoTests" name="[38] /home/travis/build/icyphy/ptII/ptolemy/domains/continuous/test/auto/ContinuousMerge1.xml (RunModel)" time="0.021" />
  <testcase classname="ptolemy.util.test.junit.AutoTests" name="[39] /home/travis/build/icyphy/ptII/ptolemy/domains/continuous/test/auto/ContinuousMerge2.xml (RunModel)" time="0.057" />
  <testcase classname="ptolemy.util.test.junit.AutoTests" name="[40] /home/travis/build/icyphy/ptII/ptolemy/domains/continuous/test/auto/ContinuousMerge3.xml (RunModel)" time="0.077" />
  <testcase classname="ptolemy.util.test.junit.AutoTests" name="[41] /home/travis/build/icyphy/ptII/ptolemy/domains/continuous/test/auto/ContinuousWithinContinuous.xml (RunModel)" time="0.067" />
  <testcase classname="ptolemy.util.test.junit.AutoTests" name="[42] /home/travis/build/icyphy/ptII/ptolemy/domains/continuous/test/auto/ContinuousWithinContinuous2.xml (RunModel)" time="0.097" />
  <testcase classname="ptolemy.util.test.junit.AutoTests" name="[43] /home/travis/build/icyphy/ptII/ptolemy/domains/continuous/test/auto/ContinuousWithinContinuous3.xml (RunModel)" time="0.037" />
  <testcase classname="ptolemy.util.test.junit.AutoTests" name="[44] /home/travis/build/icyphy/ptII/ptolemy/domains/continuous/test/auto/ContinuousWithinContinuous4.xml (RunModel)" time="0.093" />
  <testcase classname="ptolemy.util.test.junit.AutoTests" name="[45] /home/travis/build/icyphy/ptII/ptolemy/domains/continuous/test/auto/ContinuousWithinContinuous5.xml (RunModel)" time="0.033" />
  <testcase classname="ptolemy.util.test.junit.AutoTests" name="[46] /home/travis/build/icyphy/ptII/ptolemy/domains/continuous/test/auto/ContinuousWithinContinuous6.xml (RunModel)" time="0.029" />
  <testcase classname="ptolemy.util.test.junit.AutoTests" name="[47] /home/travis/build/icyphy/ptII/ptolemy/domains/continuous/test/auto/ContinuousWithinContinuous7.xml (RunModel)" time="0.107" />
  <testcase classname="ptolemy.util.test.junit.AutoTests" name="[48] /home/travis/build/icyphy/ptII/ptolemy/domains/continuous/test/auto/DCMotor.xml (RunModel)" time="14.364" />
  <testcase classname="ptolemy.util.test.junit.AutoTests" name="[49] /home/travis/build/icyphy/ptII/ptolemy/domains/continuous/test/auto/DEInContinuous.xml (RunModel)" time="0.027" />
  <testcase classname="ptolemy.util.test.junit.AutoTests" name="[50] /home/travis/build/icyphy/ptII/ptolemy/domains/continuous/test/auto/DEinContinuous2.xml (RunModel)" time="0.024" />
  <testcase classname="ptolemy.util.test.junit.AutoTests" name="[51] /home/travis/build/icyphy/ptII/ptolemy/domains/continuous/test/auto/Derivative.xml (RunModel)" time="0.182" />
  <testcase classname="ptolemy.util.test.junit.AutoTests" name="[52] /home/travis/build/icyphy/ptII/ptolemy/domains/continuous/test/auto/Derivative1.xml (RunModel)" time="0.056" />
  <testcase classname="ptolemy.util.test.junit.AutoTests" name="[53] /home/travis/build/icyphy/ptII/ptolemy/domains/continuous/test/auto/DiscreteClock.xml (RunModel)" time="0.016" />
  <testcase classname="ptolemy.util.test.junit.AutoTests" name="[54] /home/travis/build/icyphy/ptII/ptolemy/domains/continuous/test/auto/EfficiencyCurve.xml (RunModel)" time="0.101" />
  <testcase classname="ptolemy.util.test.junit.AutoTests" name="[55] /home/travis/build/icyphy/ptII/ptolemy/domains/continuous/test/auto/ExponentialResponse.xml (RunModel)" time="0.114" />
  <testcase classname="ptolemy.util.test.junit.AutoTests" name="[56] /home/travis/build/icyphy/ptII/ptolemy/domains/continuous/test/auto/ExponentialResponseRK45.xml (RunModel)" time="0.038" />
  <testcase classname="ptolemy.util.test.junit.AutoTests" name="[57] /home/travis/build/icyphy/ptII/ptolemy/domains/continuous/test/auto/Friction.xml (RunModel)" time="1.516" />
  <testcase classname="ptolemy.util.test.junit.AutoTests" name="[58] /home/travis/build/icyphy/ptII/ptolemy/domains/continuous/test/auto/FurutaPendulum.xml (RunModel)" time="3.486" />
  <testcase classname="ptolemy.util.test.junit.AutoTests" name="[59] /home/travis/build/icyphy/ptII/ptolemy/domains/continuous/test/auto/HierarchicalExecution.xml (RunModel)" time="2.11" />
  <testcase classname="ptolemy.util.test.junit.AutoTests" name="[60] /home/travis/build/icyphy/ptII/ptolemy/domains/continuous/test/auto/HybridPlant.xml (RunModel)" time="0.586" />
  <testcase classname="ptolemy.util.test.junit.AutoTests" name="[61] /home/travis/build/icyphy/ptII/ptolemy/domains/continuous/test/auto/Hysteresis.xml (RunModel)" time="0.198" />
  <testcase classname="ptolemy.util.test.junit.AutoTests" name="[62] /home/travis/build/icyphy/ptII/ptolemy/domains/continuous/test/auto/HysteresisWithRandomDelay.xml (RunModel)" time="0.212" />
  <testcase classname="ptolemy.util.test.junit.AutoTests" name="[63] /home/travis/build/icyphy/ptII/ptolemy/domains/continuous/test/auto/HysteresisWithRandomLosses.xml (RunModel)" time="2.375" />
  <testcase classname="ptolemy.util.test.junit.AutoTests" name="[64] /home/travis/build/icyphy/ptII/ptolemy/domains/continuous/test/auto/ImmediateTransitions.xml (RunModel)" time="0.037" />
  <testcase classname="ptolemy.util.test.junit.AutoTests" name="[65] /home/travis/build/icyphy/ptII/ptolemy/domains/continuous/test/auto/ImpulseFeedback.xml (RunModel)" time="0.029" />
  <testcase classname="ptolemy.util.test.junit.AutoTests" name="[66] /home/travis/build/icyphy/ptII/ptolemy/domains/continuous/test/auto/ImpulseFeedback2.xml (RunModel)" time="0.017" />
  <testcase classname="ptolemy.util.test.junit.AutoTests" name="[67] /home/travis/build/icyphy/ptII/ptolemy/domains/continuous/test/auto/IncreasingRatePoisson.xml (RunModel)" time="0.708" />
  <testcase classname="ptolemy.util.test.junit.AutoTests" name="[68] /home/travis/build/icyphy/ptII/ptolemy/domains/continuous/test/auto/InitialStateFeedback.xml (RunModel)" time="0.014" />
  <testcase classname="ptolemy.util.test.junit.AutoTests" name="[69] /home/travis/build/icyphy/ptII/ptolemy/domains/continuous/test/auto/Integration.xml (RunModel)" time="0.014" />
  <testcase classname="ptolemy.util.test.junit.AutoTests" name="[70] /home/travis/build/icyphy/ptII/ptolemy/domains/continuous/test/auto/Integration2.xml (RunModel)" time="0.1" />
  <testcase classname="ptolemy.util.test.junit.AutoTests" name="[71] /home/travis/build/icyphy/ptII/ptolemy/domains/continuous/test/auto/Integration3.xml (RunModel)" time="0.015" />
  <testcase classname="ptolemy.util.test.junit.AutoTests" name="[72] /home/travis/build/icyphy/ptII/ptolemy/domains/continuous/test/auto/Integration5.xml (RunModel)" time="0.013" />
  <testcase classname="ptolemy.util.test.junit.AutoTests" name="[73] /home/travis/build/icyphy/ptII/ptolemy/domains/continuous/test/auto/IntegratorImpulse.xml (RunModel)" time="0.015" />
  <testcase classname="ptolemy.util.test.junit.AutoTests" name="[74] /home/travis/build/icyphy/ptII/ptolemy/domains/continuous/test/auto/IntegratorImpulse2.xml (RunModel)" time="0.013" />
  <testcase classname="ptolemy.util.test.junit.AutoTests" name="[75] /home/travis/build/icyphy/ptII/ptolemy/domains/continuous/test/auto/LevelCrossing1.xml (RunModel)" time="0.012" />
  <testcase classname="ptolemy.util.test.junit.AutoTests" name="[76] /home/travis/build/icyphy/ptII/ptolemy/domains/continuous/test/auto/LevelCrossing2.xml (RunModel)" time="0.025" />
  <testcase classname="ptolemy.util.test.junit.AutoTests" name="[77] /home/travis/build/icyphy/ptII/ptolemy/domains/continuous/test/auto/LevelCrossing3.xml (RunModel)" time="0.012" />
  <testcase classname="ptolemy.util.test.junit.AutoTests" name="[78] /home/travis/build/icyphy/ptII/ptolemy/domains/continuous/test/auto/LevelCrossing4.xml (RunModel)" time="0.013" />
  <testcase classname="ptolemy.util.test.junit.AutoTests" name="[79] /home/travis/build/icyphy/ptII/ptolemy/domains/continuous/test/auto/LevelCrossing5.xml (RunModel)" time="0.014" />
  <testcase classname="ptolemy.util.test.junit.AutoTests" name="[80] /home/travis/build/icyphy/ptII/ptolemy/domains/continuous/test/auto/LevelCrossing6.xml (RunModel)" time="0.013" />
  <testcase classname="ptolemy.util.test.junit.AutoTests" name="[81] /home/travis/build/icyphy/ptII/ptolemy/domains/continuous/test/auto/LevelCrossingDetector.xml (RunModel)" time="0.034" />
  <testcase classname="ptolemy.util.test.junit.AutoTests" name="[82] /home/travis/build/icyphy/ptII/ptolemy/domains/continuous/test/auto/LevelCrossingDetectorDetectingDirections.xml (RunModel)" time="0.085" />
  <testcase classname="ptolemy.util.test.junit.AutoTests" name="[83] /home/travis/build/icyphy/ptII/ptolemy/domains/continuous/test/auto/LevelCrossingDetectorDetectsGlitches.xml (RunModel)" time="0.061" />
  <testcase classname="ptolemy.util.test.junit.AutoTests" name="[84] /home/travis/build/icyphy/ptII/ptolemy/domains/continuous/test/auto/LevelCrossingNoInitialOuput.xml (RunModel)" time="0.016" />
  <testcase classname="ptolemy.util.test.junit.AutoTests" name="[85] /home/travis/build/icyphy/ptII/ptolemy/domains/continuous/test/auto/LinearStateSpaceExample.xml (RunModel)" time="0.071" />
  <testcase classname="ptolemy.util.test.junit.AutoTests" name="[86] /home/travis/build/icyphy/ptII/ptolemy/domains/continuous/test/auto/Lorenz.xml (RunModel)" time="4.128" />
  <testcase classname="ptolemy.util.test.junit.AutoTests" name="[87] /home/travis/build/icyphy/ptII/ptolemy/domains/continuous/test/auto/LorenzDifferentialSystem.xml (RunModel)" time="0.969" />
  <testcase classname="ptolemy.util.test.junit.AutoTests" name="[88] /home/travis/build/icyphy/ptII/ptolemy/domains/continuous/test/auto/LorenzDifferentialSystemWithInput.xml (RunModel)" time="1.352" />
  <testcase classname="ptolemy.util.test.junit.AutoTests" name="[89] /home/travis/build/icyphy/ptII/ptolemy/domains/continuous/test/auto/LorenzDifferentialSystemWithTime.xml (RunModel)" time="0.715" />
  <testcase classname="ptolemy.util.test.junit.AutoTests" name="[90] /home/travis/build/icyphy/ptII/ptolemy/domains/continuous/test/auto/Microsteps.xml (RunModel)" time="0.031" />
  <testcase classname="ptolemy.util.test.junit.AutoTests" name="[91] /home/travis/build/icyphy/ptII/ptolemy/domains/continuous/test/auto/Modal1.xml (RunModel)" time="0.041" />
  <testcase classname="ptolemy.util.test.junit.AutoTests" name="[92] /home/travis/build/icyphy/ptII/ptolemy/domains/continuous/test/auto/Modal2.xml (RunModel)" time="0.05" />
  <testcase classname="ptolemy.util.test.junit.AutoTests" name="[93] /home/travis/build/icyphy/ptII/ptolemy/domains/continuous/test/auto/ModalTransitionGuardWithReset.xml (RunModel)" time="0.03" />
  <testcase classname="ptolemy.util.test.junit.AutoTests" name="[94] /home/travis/build/icyphy/ptII/ptolemy/domains/continuous/test/auto/ModalTransitionGuardWithResetUsingPreemptiveTransition.xml (RunModel)" time="0.039" />
  <testcase classname="ptolemy.util.test.junit.AutoTests" name="[95] /home/travis/build/icyphy/ptII/ptolemy/domains/continuous/test/auto/ModalTransitionGuardWithResetUsingPreemptiveTransition2.xml (RunModel)" time="0.031" />
  <testcase classname="ptolemy.util.test.junit.AutoTests" name="[96] /home/travis/build/icyphy/ptII/ptolemy/domains/continuous/test/auto/ModalTransitionGuardWithResetUsingPreemptiveTransition3.xml (RunModel)" time="0.035" />
  <testcase classname="ptolemy.util.test.junit.AutoTests" name="[97] /home/travis/build/icyphy/ptII/ptolemy/domains/continuous/test/auto/NewtonsCradle.xml (RunModel)" time="0.758" />
  <testcase classname="ptolemy.util.test.junit.AutoTests" name="[98] /home/travis/build/icyphy/ptII/ptolemy/domains/continuous/test/auto/NewtonsCradleAnimated.xml (RunModel)" time="1.194" />
  <testcase classname="ptolemy.util.test.junit.AutoTests" name="[99] /home/travis/build/icyphy/ptII/ptolemy/domains/continuous/test/auto/NewtonsCradleComplicated.xml (RunModel)" time="0.857" />
  <testcase classname="ptolemy.util.test.junit.AutoTests" name="[100] /home/travis/build/icyphy/ptII/ptolemy/domains/continuous/test/auto/NewtonsCradleNondeterministic.xml (RunModel)" time="0.709" />
  <testcase classname="ptolemy.util.test.junit.AutoTests" name="[101] /home/travis/build/icyphy/ptII/ptolemy/domains/continuous/test/auto/NewtonsCradlePerfectlyInelastic1.xml (RunModel)" time="1.286" />
  <testcase classname="ptolemy.util.test.junit.AutoTests" name="[102] /home/travis/build/icyphy/ptII/ptolemy/domains/continuous/test/auto/Noise.xml (RunModel)" time="0.167" />
  <testcase classname="ptolemy.util.test.junit.AutoTests" name="[103] /home/travis/build/icyphy/ptII/ptolemy/domains/continuous/test/auto/NoiseSpectrum.xml (RunModel)" time="0.76" />
  <testcase classname="ptolemy.util.test.junit.AutoTests" name="[104] /home/travis/build/icyphy/ptII/ptolemy/domains/continuous/test/auto/ParameterizedNewtonsCradleAnimated.xml (RunModel)" time="0.347" />
  <testcase classname="ptolemy.util.test.junit.AutoTests" name="[105] /home/travis/build/icyphy/ptII/ptolemy/domains/continuous/test/auto/ParameterizedNewtonsCradleAnimatedNondeterministic.xml (RunModel)" time="1.3" />
  <testcase classname="ptolemy.util.test.junit.AutoTests" name="[106] /home/travis/build/icyphy/ptII/ptolemy/domains/continuous/test/auto/Pendulum3D.xml (RunModel)" time="0.188" />
  <testcase classname="ptolemy.util.test.junit.AutoTests" name="[107] /home/travis/build/icyphy/ptII/ptolemy/domains/continuous/test/auto/PeriodicSampler.xml (RunModel)" time="0.012" />
  <testcase classname="ptolemy.util.test.junit.AutoTests" name="[108] /home/travis/build/icyphy/ptII/ptolemy/domains/continuous/test/auto/PeriodicSampler1.xml (RunModel)" time="0.045" />
  <testcase classname="ptolemy.util.test.junit.AutoTests" name="[109] /home/travis/build/icyphy/ptII/ptolemy/domains/continuous/test/auto/PeriodicSampler2.xml (RunModel)" time="0.076" />
  <testcase classname="ptolemy.util.test.junit.AutoTests" name="[110] /home/travis/build/icyphy/ptII/ptolemy/domains/continuous/test/auto/Poisson.xml (RunModel)" time="0.477" />
  <testcase classname="ptolemy.util.test.junit.AutoTests" name="[111] /home/travis/build/icyphy/ptII/ptolemy/domains/continuous/test/auto/PoissonClock.xml (RunModel)" time="0.012" />
  <testcase classname="ptolemy.util.test.junit.AutoTests" name="[112] /home/travis/build/icyphy/ptII/ptolemy/domains/continuous/test/auto/PoissonClock2.xml (RunModel)" time="0.013" />
  <testcase classname="ptolemy.util.test.junit.AutoTests" name="[113] /home/travis/build/icyphy/ptII/ptolemy/domains/continuous/test/auto/PortParameterHierarchy.xml (RunModel)" time="0.016" />
  <testcase classname="ptolemy.util.test.junit.AutoTests" name="[114] /home/travis/build/icyphy/ptII/ptolemy/domains/continuous/test/auto/RandomHybridPlant.xml (RunModel)" time="0.596" />
  <testcase classname="ptolemy.util.test.junit.AutoTests" name="[115] /home/travis/build/icyphy/ptII/ptolemy/domains/continuous/test/auto/ResetTransitionWithStartTime1.xml (RunModel)" time="0.034" />
  <testcase classname="ptolemy.util.test.junit.AutoTests" name="[116] /home/travis/build/icyphy/ptII/ptolemy/domains/continuous/test/auto/ResetTransitionWithStartTime2.xml (RunModel)" time="0.041" />
  <testcase classname="ptolemy.util.test.junit.AutoTests" name="[117] /home/travis/build/icyphy/ptII/ptolemy/domains/continuous/test/auto/ResetTransitionWithStartTime3.xml (RunModel)" time="0.047" />
  <testcase classname="ptolemy.util.test.junit.AutoTests" name="[118] /home/travis/build/icyphy/ptII/ptolemy/domains/continuous/test/auto/ResetTransitionWithStartTime4.xml (RunModel)" time="0.025" />
  <testcase classname="ptolemy.util.test.junit.AutoTests" name="[119] /home/travis/build/icyphy/ptII/ptolemy/domains/continuous/test/auto/ResetTransitionWithStartTime5.xml (RunModel)" time="0.053" />
  <testcase classname="ptolemy.util.test.junit.AutoTests" name="[120] /home/travis/build/icyphy/ptII/ptolemy/domains/continuous/test/auto/ResetTransitionWithStartTime6.xml (RunModel)" time="0.031" />
  <testcase classname="ptolemy.util.test.junit.AutoTests" name="[121] /home/travis/build/icyphy/ptII/ptolemy/domains/continuous/test/auto/SRinContinuous.xml (RunModel)" time="0.032" />
  <testcase classname="ptolemy.util.test.junit.AutoTests" name="[122] /home/travis/build/icyphy/ptII/ptolemy/domains/continuous/test/auto/SampledClocks.xml (RunModel)" time="0.042" />
  <testcase classname="ptolemy.util.test.junit.AutoTests" name="[123] /home/travis/build/icyphy/ptII/ptolemy/domains/continuous/test/auto/Satellite.xml (RunModel)" time="0.81" />
  <testcase classname="ptolemy.util.test.junit.AutoTests" name="[124] /home/travis/build/icyphy/ptII/ptolemy/domains/continuous/test/auto/SigmaDelta.xml (RunModel)" time="2.518" />
  <testcase classname="ptolemy.util.test.junit.AutoTests" name="[125] /home/travis/build/icyphy/ptII/ptolemy/domains/continuous/test/auto/SingleRefinement.xml (RunModel)" time="0.427" />
  <testcase classname="ptolemy.util.test.junit.AutoTests" name="[126] /home/travis/build/icyphy/ptII/ptolemy/domains/continuous/test/auto/SinuBouncingBall.xml (RunModel)" time="0.913" />
  <testcase classname="ptolemy.util.test.junit.AutoTests" name="[127] /home/travis/build/icyphy/ptII/ptolemy/domains/continuous/test/auto/Sinusoid.xml (RunModel)" time="0.018" />
  <testcase classname="ptolemy.util.test.junit.AutoTests" name="[128] /home/travis/build/icyphy/ptII/ptolemy/domains/continuous/test/auto/SinusoidInNoise.xml (RunModel)" time="0.952" />
  <testcase classname="ptolemy.util.test.junit.AutoTests" name="[129] /home/travis/build/icyphy/ptII/ptolemy/domains/continuous/test/auto/SinusoidRK45.xml (RunModel)" time="0.01" />
  <testcase classname="ptolemy.util.test.junit.AutoTests" name="[130] /home/travis/build/icyphy/ptII/ptolemy/domains/continuous/test/auto/SinusoidWithMultipleImpulses.xml (RunModel)" time="0.012" />
  <testcase classname="ptolemy.util.test.junit.AutoTests" name="[131] /home/travis/build/icyphy/ptII/ptolemy/domains/continuous/test/auto/SquareWave.xml (RunModel)" time="0.209" />
  <testcase classname="ptolemy.util.test.junit.AutoTests" name="[132] /home/travis/build/icyphy/ptII/ptolemy/domains/continuous/test/auto/Starmac.xml (RunModel)" time="3.464" />
  <testcase classname="ptolemy.util.test.junit.AutoTests" name="[133] /home/travis/build/icyphy/ptII/ptolemy/domains/continuous/test/auto/StaticUnits.xml (RunModel)" time="2.605" />
  <testcase classname="ptolemy.util.test.junit.AutoTests" name="[134] /home/travis/build/icyphy/ptII/ptolemy/domains/continuous/test/auto/StickyMasses.xml (RunModel)" time="0.187" />
  <testcase classname="ptolemy.util.test.junit.AutoTests" name="[135] /home/travis/build/icyphy/ptII/ptolemy/domains/continuous/test/auto/StopTime.xml (RunModel)" time="0.065" />
  <testcase classname="ptolemy.util.test.junit.AutoTests" name="[136] /home/travis/build/icyphy/ptII/ptolemy/domains/continuous/test/auto/StopTime2.xml (RunModel)" time="0.056" />
  <testcase classname="ptolemy.util.test.junit.AutoTests" name="[137] /home/travis/build/icyphy/ptII/ptolemy/domains/continuous/test/auto/Switch.xml (RunModel)" time="0.076" />
  <testcase classname="ptolemy.util.test.junit.AutoTests" name="[138] /home/travis/build/icyphy/ptII/ptolemy/domains/continuous/test/auto/Thermostat.xml (RunModel)" time="0.21" />
  <testcase classname="ptolemy.util.test.junit.AutoTests" name="[139] /home/travis/build/icyphy/ptII/ptolemy/domains/continuous/test/auto/TimeDelay.xml (RunModel)" time="0.015" />
  <testcase classname="ptolemy.util.test.junit.AutoTests" name="[140] /home/travis/build/icyphy/ptII/ptolemy/domains/continuous/test/auto/TimeDelay2.xml (RunModel)" time="0.029" />
  <testcase classname="ptolemy.util.test.junit.AutoTests" name="[141] /home/travis/build/icyphy/ptII/ptolemy/domains/continuous/test/auto/TimeDelay3.xml (RunModel)" time="0.015" />
  <testcase classname="ptolemy.util.test.junit.AutoTests" name="[142] /home/travis/build/icyphy/ptII/ptolemy/domains/continuous/test/auto/TransferAbsentToInside.xml (RunModel)" time="0.11" />
  <testcase classname="ptolemy.util.test.junit.AutoTests" name="[143] /home/travis/build/icyphy/ptII/ptolemy/domains/continuous/test/auto/Transmission.xml (RunModel)" time="0.768" />
  <testcase classname="ptolemy.util.test.junit.AutoTests" name="[144] /home/travis/build/icyphy/ptII/ptolemy/domains/continuous/test/auto/TriggeredContinuousClock.xml (RunModel)" time="0.066" />
  <testcase classname="ptolemy.util.test.junit.AutoTests" name="[145] /home/travis/build/icyphy/ptII/ptolemy/domains/continuous/test/auto/TwoMachineInfiniteBusControl.xml (RunModel)" time="3.38" />
  <testcase classname="ptolemy.util.test.junit.AutoTests" name="[146] /home/travis/build/icyphy/ptII/ptolemy/domains/continuous/test/auto/V2V.xml (RunModel)" time="0.814" />
  <testcase classname="ptolemy.util.test.junit.AutoTests" name="[147] /home/travis/build/icyphy/ptII/ptolemy/domains/continuous/test/auto/hierarchicalModalModel.xml (RunModel)" time="0.033" />
  <testcase classname="ptolemy.util.test.junit.AutoTests" name="[148] /home/travis/build/icyphy/ptII/ptolemy/domains/continuous/test/auto/hierarchicalModalModel1.xml (RunModel)" time="0.031" />
  <testcase classname="ptolemy.util.test.junit.AutoTests" name="[149] /home/travis/build/icyphy/ptII/ptolemy/domains/continuous/test/auto/hierarchicalModalModel2.xml (RunModel)" time="0.028" />
  <testcase classname="ptolemy.util.test.junit.AutoTests" name="[150] /home/travis/build/icyphy/ptII/ptolemy/domains/continuous/test/auto/hierarchicalModalModel3.xml (RunModel)" time="0.027" />
  <testcase classname="ptolemy.util.test.junit.AutoTests" name="[151] /home/travis/build/icyphy/ptII/ptolemy/domains/continuous/test/auto/hierarchicalModalModel4.xml (RunModel)" time="0.03" />
  <testcase classname="ptolemy.util.test.junit.AutoTests" name="[152] /home/travis/build/icyphy/ptII/ptolemy/domains/continuous/test/auto/junk.xml (RunModel)" time="0.138" />
  <system-out><![CDATA[No tcl tests in /home/travis/build/icyphy/ptII/ptolemy/domains/continuous/test
No auto/knownFailedTests/*.xml tests in /home/travis/build/icyphy/ptII/ptolemy/domains/continuous/test
No auto/linux-amd64/*.xml tests in /home/travis/build/icyphy/ptII/ptolemy/domains/continuous/test
AutoTests.java: About to close Vertx.
AutoTests.java: Vertx closed.

===========================================================================================
----------------- testing Fri May 03 04:11:20 UTC 2019 /home/travis/build/icyphy/ptII/ptolemy/domains/continuous/test/auto/BouncingBall.xml
----------------- Instantiating /home/travis/build/icyphy/ptII/ptolemy/domains/continuous/test/auto/BouncingBall.xml
2349 ms. Memory: 332288K Free: 267663K (81%)
----------------- Invoking toplevel() on ptolemy.moml.MoMLSimpleApplication@feb73ea
----------------- Done invoking toplevel() on ptolemy.moml.MoMLSimpleApplication@feb73ea
reloadAllAccessors: .BouncingBall

===========================================================================================
----------------- testing Fri May 03 04:11:23 UTC 2019 /home/travis/build/icyphy/ptII/ptolemy/domains/continuous/test/auto/BouncingBallWithoutGR.xml
----------------- Instantiating /home/travis/build/icyphy/ptII/ptolemy/domains/continuous/test/auto/BouncingBallWithoutGR.xml
823 ms. Memory: 332288K Free: 82391K (25%)
----------------- Invoking toplevel() on ptolemy.moml.MoMLSimpleApplication@715c6774
----------------- Done invoking toplevel() on ptolemy.moml.MoMLSimpleApplication@715c6774
reloadAllAccessors: .BouncingBallWithoutGR

===========================================================================================
----------------- testing Fri May 03 04:11:24 UTC 2019 /home/travis/build/icyphy/ptII/ptolemy/domains/continuous/test/auto/Brownian.xml
----------------- Instantiating /home/travis/build/icyphy/ptII/ptolemy/domains/continuous/test/auto/Brownian.xml
21 ms. Memory: 332288K Free: 316940K (95%)
----------------- Invoking toplevel() on ptolemy.moml.MoMLSimpleApplication@55e57175
----------------- Done invoking toplevel() on ptolemy.moml.MoMLSimpleApplication@55e57175
reloadAllAccessors: .Brownian

===========================================================================================
----------------- testing Fri May 03 04:11:24 UTC 2019 /home/travis/build/icyphy/ptII/ptolemy/domains/continuous/test/auto/CarTracking.xml
----------------- Instantiating /home/travis/build/icyphy/ptII/ptolemy/domains/continuous/test/auto/CarTracking.xml
3576 ms. Memory: 578560K Free: 477340K (83%)
----------------- Invoking toplevel() on ptolemy.moml.MoMLSimpleApplication@277ab3f0
----------------- Done invoking toplevel() on ptolemy.moml.MoMLSimpleApplication@277ab3f0
reloadAllAccessors: .CarTracking

===========================================================================================
----------------- testing Fri May 03 04:11:28 UTC 2019 /home/travis/build/icyphy/ptII/ptolemy/domains/continuous/test/auto/CartPendulum.xml
----------------- Instantiating /home/travis/build/icyphy/ptII/ptolemy/domains/continuous/test/auto/CartPendulum.xml
460 ms. Memory: 578560K Free: 370810K (64%)
----------------- Invoking toplevel() on ptolemy.moml.MoMLSimpleApplication@49bd5d5b
----------------- Done invoking toplevel() on ptolemy.moml.MoMLSimpleApplication@49bd5d5b
reloadAllAccessors: .CartPendulum

===========================================================================================
----------------- testing Fri May 03 04:11:28 UTC 2019 /home/travis/build/icyphy/ptII/ptolemy/domains/continuous/test/auto/CausalityInterface10.xml
----------------- Instantiating /home/travis/build/icyphy/ptII/ptolemy/domains/continuous/test/auto/CausalityInterface10.xml
20 ms. Memory: 578560K Free: 357461K (62%)
----------------- Invoking toplevel() on ptolemy.moml.MoMLSimpleApplication@8ae3c62
----------------- Done invoking toplevel() on ptolemy.moml.MoMLSimpleApplication@8ae3c62
reloadAllAccessors: .CausalityInterface10

===========================================================================================
----------------- testing Fri May 03 04:11:28 UTC 2019 /home/travis/build/icyphy/ptII/ptolemy/domains/continuous/test/auto/CausalityInterface11.xml
----------------- Instantiating /home/travis/build/icyphy/ptII/ptolemy/domains/continuous/test/auto/CausalityInterface11.xml
10 ms. Memory: 578560K Free: 347614K (60%)
----------------- Invoking toplevel() on ptolemy.moml.MoMLSimpleApplication@726d7142
----------------- Done invoking toplevel() on ptolemy.moml.MoMLSimpleApplication@726d7142
reloadAllAccessors: .CausalityInterface11

===========================================================================================
----------------- testing Fri May 03 04:11:28 UTC 2019 /home/travis/build/icyphy/ptII/ptolemy/domains/continuous/test/auto/CausalityInterface12.xml
----------------- Instantiating /home/travis/build/icyphy/ptII/ptolemy/domains/continuous/test/auto/CausalityInterface12.xml
8 ms. Memory: 578560K Free: 334912K (58%)
----------------- Invoking toplevel() on ptolemy.moml.MoMLSimpleApplication@52578d15
----------------- Done invoking toplevel() on ptolemy.moml.MoMLSimpleApplication@52578d15
reloadAllAccessors: .CausalityInterface12

===========================================================================================
----------------- testing Fri May 03 04:11:28 UTC 2019 /home/travis/build/icyphy/ptII/ptolemy/domains/continuous/test/auto/CausalityInterface13.xml
----------------- Instantiating /home/travis/build/icyphy/ptII/ptolemy/domains/continuous/test/auto/CausalityInterface13.xml
8 ms. Memory: 578560K Free: 325073K (56%)
----------------- Invoking toplevel() on ptolemy.moml.MoMLSimpleApplication@2027135c
----------------- Done invoking toplevel() on ptolemy.moml.MoMLSimpleApplication@2027135c
reloadAllAccessors: .CausalityInterface13

===========================================================================================
----------------- testing Fri May 03 04:11:28 UTC 2019 /home/travis/build/icyphy/ptII/ptolemy/domains/continuous/test/auto/CausalityInterface14.xml
----------------- Instantiating /home/travis/build/icyphy/ptII/ptolemy/domains/continuous/test/auto/CausalityInterface14.xml
11 ms. Memory: 578560K Free: 315227K (54%)
----------------- Invoking toplevel() on ptolemy.moml.MoMLSimpleApplication@38cf240c
----------------- Done invoking toplevel() on ptolemy.moml.MoMLSimpleApplication@38cf240c
reloadAllAccessors: .CausalityInterface14

===========================================================================================
----------------- testing Fri May 03 04:11:28 UTC 2019 /home/travis/build/icyphy/ptII/ptolemy/domains/continuous/test/auto/CausalityInterface4.xml
----------------- Instantiating /home/travis/build/icyphy/ptII/ptolemy/domains/continuous/test/auto/CausalityInterface4.xml
6 ms. Memory: 578560K Free: 305388K (53%)
----------------- Invoking toplevel() on ptolemy.moml.MoMLSimpleApplication@e130386
----------------- Done invoking toplevel() on ptolemy.moml.MoMLSimpleApplication@e130386
reloadAllAccessors: .CausalityInterface4

===========================================================================================
----------------- testing Fri May 03 04:11:28 UTC 2019 /home/travis/build/icyphy/ptII/ptolemy/domains/continuous/test/auto/CausalityInterface5.xml
----------------- Instantiating /home/travis/build/icyphy/ptII/ptolemy/domains/continuous/test/auto/CausalityInterface5.xml
9 ms. Memory: 578560K Free: 289385K (50%)
----------------- Invoking toplevel() on ptolemy.moml.MoMLSimpleApplication@7885911e
----------------- Done invoking toplevel() on ptolemy.moml.MoMLSimpleApplication@7885911e
reloadAllAccessors: .CausalityInterface5

===========================================================================================
----------------- testing Fri May 03 04:11:29 UTC 2019 /home/travis/build/icyphy/ptII/ptolemy/domains/continuous/test/auto/CausalityInterface6.xml
----------------- Instantiating /home/travis/build/icyphy/ptII/ptolemy/domains/continuous/test/auto/CausalityInterface6.xml
8 ms. Memory: 578560K Free: 279539K (48%)
----------------- Invoking toplevel() on ptolemy.moml.MoMLSimpleApplication@1ecdfd9b
----------------- Done invoking toplevel() on ptolemy.moml.MoMLSimpleApplication@1ecdfd9b
reloadAllAccessors: .CausalityInterface6

===========================================================================================
----------------- testing Fri May 03 04:11:29 UTC 2019 /home/travis/build/icyphy/ptII/ptolemy/domains/continuous/test/auto/CausalityInterface7.xml
----------------- Instantiating /home/travis/build/icyphy/ptII/ptolemy/domains/continuous/test/auto/CausalityInterface7.xml
16 ms. Memory: 578560K Free: 266415K (46%)
----------------- Invoking toplevel() on ptolemy.moml.MoMLSimpleApplication@61052216
----------------- Done invoking toplevel() on ptolemy.moml.MoMLSimpleApplication@61052216
reloadAllAccessors: .CausalityInterface7

===========================================================================================
----------------- testing Fri May 03 04:11:29 UTC 2019 /home/travis/build/icyphy/ptII/ptolemy/domains/continuous/test/auto/CausalityInterface8.xml
----------------- Instantiating /home/travis/build/icyphy/ptII/ptolemy/domains/continuous/test/auto/CausalityInterface8.xml
8 ms. Memory: 578560K Free: 253292K (44%)
----------------- Invoking toplevel() on ptolemy.moml.MoMLSimpleApplication@1bf0f2a8
----------------- Done invoking toplevel() on ptolemy.moml.MoMLSimpleApplication@1bf0f2a8
reloadAllAccessors: .CausalityInterface8

===========================================================================================
----------------- testing Fri May 03 04:11:29 UTC 2019 /home/travis/build/icyphy/ptII/ptolemy/domains/continuous/test/auto/CausalityInterface9.xml
----------------- Instantiating /home/travis/build/icyphy/ptII/ptolemy/domains/continuous/test/auto/CausalityInterface9.xml
5 ms. Memory: 578560K Free: 234011K (40%)
----------------- Invoking toplevel() on ptolemy.moml.MoMLSimpleApplication@3c93757b
----------------- Done invoking toplevel() on ptolemy.moml.MoMLSimpleApplication@3c93757b
reloadAllAccessors: .CausalityInterface9

===========================================================================================
----------------- testing Fri May 03 04:11:29 UTC 2019 /home/travis/build/icyphy/ptII/ptolemy/domains/continuous/test/auto/CausalityInterfaceFeedback1.xml
----------------- Instantiating /home/travis/build/icyphy/ptII/ptolemy/domains/continuous/test/auto/CausalityInterfaceFeedback1.xml
7 ms. Memory: 578560K Free: 224173K (39%)
----------------- Invoking toplevel() on ptolemy.moml.MoMLSimpleApplication@77a0131c
----------------- Done invoking toplevel() on ptolemy.moml.MoMLSimpleApplication@77a0131c
reloadAllAccessors: .CausalityInterfaceFeedback1

===========================================================================================
----------------- testing Fri May 03 04:11:29 UTC 2019 /home/travis/build/icyphy/ptII/ptolemy/domains/continuous/test/auto/CausalityInterfaceFeedback2.xml
----------------- Instantiating /home/travis/build/icyphy/ptII/ptolemy/domains/continuous/test/auto/CausalityInterfaceFeedback2.xml
4 ms. Memory: 578560K Free: 214334K (37%)
----------------- Invoking toplevel() on ptolemy.moml.MoMLSimpleApplication@2dc24314
----------------- Done invoking toplevel() on ptolemy.moml.MoMLSimpleApplication@2dc24314
reloadAllAccessors: .CausalityInterfaceFeedback2

===========================================================================================
----------------- testing Fri May 03 04:11:29 UTC 2019 /home/travis/build/icyphy/ptII/ptolemy/domains/continuous/test/auto/CompareWithCurrentTime.xml
----------------- Instantiating /home/travis/build/icyphy/ptII/ptolemy/domains/continuous/test/auto/CompareWithCurrentTime.xml
4 ms. Memory: 578560K Free: 204916K (35%)
----------------- Invoking toplevel() on ptolemy.moml.MoMLSimpleApplication@21daa360
----------------- Done invoking toplevel() on ptolemy.moml.MoMLSimpleApplication@21daa360
reloadAllAccessors: .CompareWithCurrentTime

===========================================================================================
----------------- testing Fri May 03 04:11:29 UTC 2019 /home/travis/build/icyphy/ptII/ptolemy/domains/continuous/test/auto/ComparedClocks.xml
----------------- Instantiating /home/travis/build/icyphy/ptII/ptolemy/domains/continuous/test/auto/ComparedClocks.xml
10 ms. Memory: 578560K Free: 185231K (32%)
----------------- Invoking toplevel() on ptolemy.moml.MoMLSimpleApplication@75039b3e
----------------- Done invoking toplevel() on ptolemy.moml.MoMLSimpleApplication@75039b3e
reloadAllAccessors: .ComparedClocks

===========================================================================================
----------------- testing Fri May 03 04:11:29 UTC 2019 /home/travis/build/icyphy/ptII/ptolemy/domains/continuous/test/auto/ContinuousAOCClone.xml
----------------- Instantiating /home/travis/build/icyphy/ptII/ptolemy/domains/continuous/test/auto/ContinuousAOCClone.xml
2843 ms. Memory: 872960K Free: 455738K (52%)
----------------- Invoking toplevel() on ptolemy.moml.MoMLSimpleApplication@30af43e1
----------------- Done invoking toplevel() on ptolemy.moml.MoMLSimpleApplication@30af43e1
reloadAllAccessors: .ContinuousAOCClone

===========================================================================================
----------------- testing Fri May 03 04:11:32 UTC 2019 /home/travis/build/icyphy/ptII/ptolemy/domains/continuous/test/auto/ContinuousClock.xml
----------------- Instantiating /home/travis/build/icyphy/ptII/ptolemy/domains/continuous/test/auto/ContinuousClock.xml
41 ms. Memory: 872960K Free: 421529K (48%)
----------------- Invoking toplevel() on ptolemy.moml.MoMLSimpleApplication@66d77533
----------------- Done invoking toplevel() on ptolemy.moml.MoMLSimpleApplication@66d77533
reloadAllAccessors: .ContinuousClock

===========================================================================================
----------------- testing Fri May 03 04:11:32 UTC 2019 /home/travis/build/icyphy/ptII/ptolemy/domains/continuous/test/auto/ContinuousInContinuous.xml
----------------- Instantiating /home/travis/build/icyphy/ptII/ptolemy/domains/continuous/test/auto/ContinuousInContinuous.xml
47 ms. Memory: 872960K Free: 393974K (45%)
----------------- Invoking toplevel() on ptolemy.moml.MoMLSimpleApplication@50fdf8bc
----------------- Done invoking toplevel() on ptolemy.moml.MoMLSimpleApplication@50fdf8bc
reloadAllAccessors: .ContinuousInContinuous

===========================================================================================
----------------- testing Fri May 03 04:11:32 UTC 2019 /home/travis/build/icyphy/ptII/ptolemy/domains/continuous/test/auto/ContinuousInContinuousInContinuous.xml
----------------- Instantiating /home/travis/build/icyphy/ptII/ptolemy/domains/continuous/test/auto/ContinuousInContinuousInContinuous.xml
9 ms. Memory: 872960K Free: 382169K (44%)
----------------- Invoking toplevel() on ptolemy.moml.MoMLSimpleApplication@211def1a
----------------- Done invoking toplevel() on ptolemy.moml.MoMLSimpleApplication@211def1a
reloadAllAccessors: .ContinuousInContinuousInContinuous

===========================================================================================
----------------- testing Fri May 03 04:11:32 UTC 2019 /home/travis/build/icyphy/ptII/ptolemy/domains/continuous/test/auto/ContinuousInDE.xml
----------------- Instantiating /home/travis/build/icyphy/ptII/ptolemy/domains/continuous/test/auto/ContinuousInDE.xml
122 ms. Memory: 872960K Free: 363329K (42%)
----------------- Invoking toplevel() on ptolemy.moml.MoMLSimpleApplication@776114e8
----------------- Done invoking toplevel() on ptolemy.moml.MoMLSimpleApplication@776114e8
reloadAllAccessors: .ContinuousInDE

===========================================================================================
----------------- testing Fri May 03 04:11:32 UTC 2019 /home/travis/build/icyphy/ptII/ptolemy/domains/continuous/test/auto/ContinuousInDE2.xml
----------------- Instantiating /home/travis/build/icyphy/ptII/ptolemy/domains/continuous/test/auto/ContinuousInDE2.xml
71 ms. Memory: 872960K Free: 351541K (40%)
----------------- Invoking toplevel() on ptolemy.moml.MoMLSimpleApplication@4b717f5f
----------------- Done invoking toplevel() on ptolemy.moml.MoMLSimpleApplication@4b717f5f
reloadAllAccessors: .ContinuousInDE2

===========================================================================================
----------------- testing Fri May 03 04:11:33 UTC 2019 /home/travis/build/icyphy/ptII/ptolemy/domains/continuous/test/auto/ContinuousInDE3.xml
----------------- Instantiating /home/travis/build/icyphy/ptII/ptolemy/domains/continuous/test/auto/ContinuousInDE3.xml
50 ms. Memory: 872960K Free: 339752K (39%)
----------------- Invoking toplevel() on ptolemy.moml.MoMLSimpleApplication@5f6037e7
----------------- Done invoking toplevel() on ptolemy.moml.MoMLSimpleApplication@5f6037e7
reloadAllAccessors: .ContinuousInDE3

===========================================================================================
----------------- testing Fri May 03 04:11:33 UTC 2019 /home/travis/build/icyphy/ptII/ptolemy/domains/continuous/test/auto/ContinuousInDE4.xml
----------------- Instantiating /home/travis/build/icyphy/ptII/ptolemy/domains/continuous/test/auto/ContinuousInDE4.xml
25 ms. Memory: 872960K Free: 331892K (38%)
----------------- Invoking toplevel() on ptolemy.moml.MoMLSimpleApplication@3fe5deca
----------------- Done invoking toplevel() on ptolemy.moml.MoMLSimpleApplication@3fe5deca
reloadAllAccessors: .ContinuousInDE4

===========================================================================================
----------------- testing Fri May 03 04:11:33 UTC 2019 /home/travis/build/icyphy/ptII/ptolemy/domains/continuous/test/auto/ContinuousInDEDifferentRefinements.xml
----------------- Instantiating /home/travis/build/icyphy/ptII/ptolemy/domains/continuous/test/auto/ContinuousInDEDifferentRefinements.xml
76 ms. Memory: 872960K Free: 293348K (34%)
----------------- Invoking toplevel() on ptolemy.moml.MoMLSimpleApplication@615bf652
----------------- Done invoking toplevel() on ptolemy.moml.MoMLSimpleApplication@615bf652
reloadAllAccessors: .ContinuousInDEDifferentRefinements

===========================================================================================
----------------- testing Fri May 03 04:11:33 UTC 2019 /home/travis/build/icyphy/ptII/ptolemy/domains/continuous/test/auto/ContinuousInDEDifferentRefinementsPreemptive.xml
----------------- Instantiating /home/travis/build/icyphy/ptII/ptolemy/domains/continuous/test/auto/ContinuousInDEDifferentRefinementsPreemptive.xml
60 ms. Memory: 872960K Free: 257910K (30%)
----------------- Invoking toplevel() on ptolemy.moml.MoMLSimpleApplication@491db42
----------------- Done invoking toplevel() on ptolemy.moml.MoMLSimpleApplication@491db42
reloadAllAccessors: .ContinuousInDEDifferentRefinementsPreemptive

===========================================================================================
----------------- testing Fri May 03 04:11:33 UTC 2019 /home/travis/build/icyphy/ptII/ptolemy/domains/continuous/test/auto/ContinuousInDEInContinuous2.xml
----------------- Instantiating /home/travis/build/icyphy/ptII/ptolemy/domains/continuous/test/auto/ContinuousInDEInContinuous2.xml
40 ms. Memory: 872960K Free: 242175K (28%)
----------------- Invoking toplevel() on ptolemy.moml.MoMLSimpleApplication@76b0dbbf
----------------- Done invoking toplevel() on ptolemy.moml.MoMLSimpleApplication@76b0dbbf
reloadAllAccessors: .ContinuousInDEInContinuous2

===========================================================================================
----------------- testing Fri May 03 04:11:33 UTC 2019 /home/travis/build/icyphy/ptII/ptolemy/domains/continuous/test/auto/ContinuousInDEInContinuous3.xml
----------------- Instantiating /home/travis/build/icyphy/ptII/ptolemy/domains/continuous/test/auto/ContinuousInDEInContinuous3.xml
40 ms. Memory: 872960K Free: 226440K (26%)
----------------- Invoking toplevel() on ptolemy.moml.MoMLSimpleApplication@637245e5
----------------- Done invoking toplevel() on ptolemy.moml.MoMLSimpleApplication@637245e5
reloadAllAccessors: .ContinuousInDEInContinuous3

===========================================================================================
----------------- testing Fri May 03 04:11:33 UTC 2019 /home/travis/build/icyphy/ptII/ptolemy/domains/continuous/test/auto/ContinuousInDEInput.xml
----------------- Instantiating /home/travis/build/icyphy/ptII/ptolemy/domains/continuous/test/auto/ContinuousInDEInput.xml
18 ms. Memory: 872960K Free: 211530K (24%)
----------------- Invoking toplevel() on ptolemy.moml.MoMLSimpleApplication@79ea1dc3
----------------- Done invoking toplevel() on ptolemy.moml.MoMLSimpleApplication@79ea1dc3
reloadAllAccessors: .ContinuousInDEInput

===========================================================================================
----------------- testing Fri May 03 04:11:33 UTC 2019 /home/travis/build/icyphy/ptII/ptolemy/domains/continuous/test/auto/ContinuousInDEInput2.xml
----------------- Instantiating /home/travis/build/icyphy/ptII/ptolemy/domains/continuous/test/auto/ContinuousInDEInput2.xml
18 ms. Memory: 872960K Free: 199726K (23%)
----------------- Invoking toplevel() on ptolemy.moml.MoMLSimpleApplication@53ea8c14
----------------- Done invoking toplevel() on ptolemy.moml.MoMLSimpleApplication@53ea8c14
reloadAllAccessors: .ContinuousInDEInput2

===========================================================================================
----------------- testing Fri May 03 04:11:33 UTC 2019 /home/travis/build/icyphy/ptII/ptolemy/domains/continuous/test/auto/ContinuousInDEInput3.xml
----------------- Instantiating /home/travis/build/icyphy/ptII/ptolemy/domains/continuous/test/auto/ContinuousInDEInput3.xml
19 ms. Memory: 872960K Free: 187937K (22%)
----------------- Invoking toplevel() on ptolemy.moml.MoMLSimpleApplication@3786dd04
----------------- Done invoking toplevel() on ptolemy.moml.MoMLSimpleApplication@3786dd04
reloadAllAccessors: .ContinuousInDEInput3

===========================================================================================
----------------- testing Fri May 03 04:11:33 UTC 2019 /home/travis/build/icyphy/ptII/ptolemy/domains/continuous/test/auto/ContinuousInDESharingRefinement.xml
----------------- Instantiating /home/travis/build/icyphy/ptII/ptolemy/domains/continuous/test/auto/ContinuousInDESharingRefinement.xml
177 ms. Memory: 872960K Free: 89520K (10%)
----------------- Invoking toplevel() on ptolemy.moml.MoMLSimpleApplication@5669ca2b
----------------- Done invoking toplevel() on ptolemy.moml.MoMLSimpleApplication@5669ca2b
reloadAllAccessors: .ContinuousInDESharingRefinement

===========================================================================================
----------------- testing Fri May 03 04:11:33 UTC 2019 /home/travis/build/icyphy/ptII/ptolemy/domains/continuous/test/auto/ContinuousInDEwithNoPorts.xml
----------------- Instantiating /home/travis/build/icyphy/ptII/ptolemy/domains/continuous/test/auto/ContinuousInDEwithNoPorts.xml
6 ms. Memory: 872960K Free: 78556K (9%)
----------------- Invoking toplevel() on ptolemy.moml.MoMLSimpleApplication@1c5bb95c
----------------- Done invoking toplevel() on ptolemy.moml.MoMLSimpleApplication@1c5bb95c
reloadAllAccessors: .ContinuousInDEwithNoPorts

===========================================================================================
----------------- testing Fri May 03 04:11:33 UTC 2019 /home/travis/build/icyphy/ptII/ptolemy/domains/continuous/test/auto/ContinuousInsideDE.xml
----------------- Instantiating /home/travis/build/icyphy/ptII/ptolemy/domains/continuous/test/auto/ContinuousInsideDE.xml
35 ms. Memory: 873472K Free: 851131K (97%)
----------------- Invoking toplevel() on ptolemy.moml.MoMLSimpleApplication@323f4f22
----------------- Done invoking toplevel() on ptolemy.moml.MoMLSimpleApplication@323f4f22
reloadAllAccessors: .ContinuousInsideDE

===========================================================================================
----------------- testing Fri May 03 04:11:34 UTC 2019 /home/travis/build/icyphy/ptII/ptolemy/domains/continuous/test/auto/ContinuousMerge1.xml
----------------- Instantiating /home/travis/build/icyphy/ptII/ptolemy/domains/continuous/test/auto/ContinuousMerge1.xml
8 ms. Memory: 873472K Free: 838535K (96%)
----------------- Invoking toplevel() on ptolemy.moml.MoMLSimpleApplication@d38e3b0
----------------- Done invoking toplevel() on ptolemy.moml.MoMLSimpleApplication@d38e3b0
reloadAllAccessors: .ContinuousMerge1

===========================================================================================
----------------- testing Fri May 03 04:11:34 UTC 2019 /home/travis/build/icyphy/ptII/ptolemy/domains/continuous/test/auto/ContinuousMerge2.xml
----------------- Instantiating /home/travis/build/icyphy/ptII/ptolemy/domains/continuous/test/auto/ContinuousMerge2.xml
22 ms. Memory: 873472K Free: 822653K (94%)
----------------- Invoking toplevel() on ptolemy.moml.MoMLSimpleApplication@76b2988a
----------------- Done invoking toplevel() on ptolemy.moml.MoMLSimpleApplication@76b2988a
reloadAllAccessors: .ContinuousMerge2

===========================================================================================
----------------- testing Fri May 03 04:11:34 UTC 2019 /home/travis/build/icyphy/ptII/ptolemy/domains/continuous/test/auto/ContinuousMerge3.xml
----------------- Instantiating /home/travis/build/icyphy/ptII/ptolemy/domains/continuous/test/auto/ContinuousMerge3.xml
50 ms. Memory: 873472K Free: 804801K (92%)
----------------- Invoking toplevel() on ptolemy.moml.MoMLSimpleApplication@797eb613
----------------- Done invoking toplevel() on ptolemy.moml.MoMLSimpleApplication@797eb613
reloadAllAccessors: .ContinuousMerge3

===========================================================================================
----------------- testing Fri May 03 04:11:34 UTC 2019 /home/travis/build/icyphy/ptII/ptolemy/domains/continuous/test/auto/ContinuousWithinContinuous.xml
----------------- Instantiating /home/travis/build/icyphy/ptII/ptolemy/domains/continuous/test/auto/ContinuousWithinContinuous.xml
43 ms. Memory: 873472K Free: 794322K (91%)
----------------- Invoking toplevel() on ptolemy.moml.MoMLSimpleApplication@7303a4e3
----------------- Done invoking toplevel() on ptolemy.moml.MoMLSimpleApplication@7303a4e3
reloadAllAccessors: .ContinuousWithinContinuous

===========================================================================================
----------------- testing Fri May 03 04:11:34 UTC 2019 /home/travis/build/icyphy/ptII/ptolemy/domains/continuous/test/auto/ContinuousWithinContinuous2.xml
----------------- Instantiating /home/travis/build/icyphy/ptII/ptolemy/domains/continuous/test/auto/ContinuousWithinContinuous2.xml
79 ms. Memory: 873472K Free: 778604K (89%)
----------------- Invoking toplevel() on ptolemy.moml.MoMLSimpleApplication@8919fca
----------------- Done invoking toplevel() on ptolemy.moml.MoMLSimpleApplication@8919fca
reloadAllAccessors: .ContinuousWithinContinuous2

===========================================================================================
----------------- testing Fri May 03 04:11:34 UTC 2019 /home/travis/build/icyphy/ptII/ptolemy/domains/continuous/test/auto/ContinuousWithinContinuous3.xml
----------------- Instantiating /home/travis/build/icyphy/ptII/ptolemy/domains/continuous/test/auto/ContinuousWithinContinuous3.xml
17 ms. Memory: 873472K Free: 766007K (88%)
----------------- Invoking toplevel() on ptolemy.moml.MoMLSimpleApplication@61674e53
----------------- Done invoking toplevel() on ptolemy.moml.MoMLSimpleApplication@61674e53
reloadAllAccessors: .ContinuousWithinContinuous3

===========================================================================================
----------------- testing Fri May 03 04:11:34 UTC 2019 /home/travis/build/icyphy/ptII/ptolemy/domains/continuous/test/auto/ContinuousWithinContinuous4.xml
----------------- Instantiating /home/travis/build/icyphy/ptII/ptolemy/domains/continuous/test/auto/ContinuousWithinContinuous4.xml
74 ms. Memory: 873472K Free: 750288K (86%)
----------------- Invoking toplevel() on ptolemy.moml.MoMLSimpleApplication@436ea51d
----------------- Done invoking toplevel() on ptolemy.moml.MoMLSimpleApplication@436ea51d
reloadAllAccessors: .ContinuousWithinContinuous4

===========================================================================================
----------------- testing Fri May 03 04:11:34 UTC 2019 /home/travis/build/icyphy/ptII/ptolemy/domains/continuous/test/auto/ContinuousWithinContinuous5.xml
----------------- Instantiating /home/travis/build/icyphy/ptII/ptolemy/domains/continuous/test/auto/ContinuousWithinContinuous5.xml
14 ms. Memory: 873472K Free: 737692K (84%)
----------------- Invoking toplevel() on ptolemy.moml.MoMLSimpleApplication@aa45ac3
----------------- Done invoking toplevel() on ptolemy.moml.MoMLSimpleApplication@aa45ac3
reloadAllAccessors: .ContinuousWithinContinuous5

===========================================================================================
----------------- testing Fri May 03 04:11:34 UTC 2019 /home/travis/build/icyphy/ptII/ptolemy/domains/continuous/test/auto/ContinuousWithinContinuous6.xml
----------------- Instantiating /home/travis/build/icyphy/ptII/ptolemy/domains/continuous/test/auto/ContinuousWithinContinuous6.xml
13 ms. Memory: 873472K Free: 727213K (83%)
----------------- Invoking toplevel() on ptolemy.moml.MoMLSimpleApplication@13fb38e5
----------------- Done invoking toplevel() on ptolemy.moml.MoMLSimpleApplication@13fb38e5
reloadAllAccessors: .ContinuousWithinContinuous6

===========================================================================================
----------------- testing Fri May 03 04:11:34 UTC 2019 /home/travis/build/icyphy/ptII/ptolemy/domains/continuous/test/auto/ContinuousWithinContinuous7.xml
----------------- Instantiating /home/travis/build/icyphy/ptII/ptolemy/domains/continuous/test/auto/ContinuousWithinContinuous7.xml
82 ms. Memory: 873472K Free: 711495K (81%)
----------------- Invoking toplevel() on ptolemy.moml.MoMLSimpleApplication@5d72e9b3
----------------- Done invoking toplevel() on ptolemy.moml.MoMLSimpleApplication@5d72e9b3
reloadAllAccessors: .ContinuousWithinContinuous7

===========================================================================================
----------------- testing Fri May 03 04:11:34 UTC 2019 /home/travis/build/icyphy/ptII/ptolemy/domains/continuous/test/auto/DCMotor.xml
----------------- Instantiating /home/travis/build/icyphy/ptII/ptolemy/domains/continuous/test/auto/DCMotor.xml
14264 ms. Memory: 734720K Free: 187882K (26%)
----------------- Invoking toplevel() on ptolemy.moml.MoMLSimpleApplication@7a803fbb
----------------- Done invoking toplevel() on ptolemy.moml.MoMLSimpleApplication@7a803fbb
reloadAllAccessors: .DCMotor

===========================================================================================
----------------- testing Fri May 03 04:11:49 UTC 2019 /home/travis/build/icyphy/ptII/ptolemy/domains/continuous/test/auto/DEInContinuous.xml
----------------- Instantiating /home/travis/build/icyphy/ptII/ptolemy/domains/continuous/test/auto/DEInContinuous.xml
9 ms. Memory: 734720K Free: 171389K (23%)
----------------- Invoking toplevel() on ptolemy.moml.MoMLSimpleApplication@5ed5fdd1
----------------- Done invoking toplevel() on ptolemy.moml.MoMLSimpleApplication@5ed5fdd1
reloadAllAccessors: .DEInContinuous

===========================================================================================
----------------- testing Fri May 03 04:11:49 UTC 2019 /home/travis/build/icyphy/ptII/ptolemy/domains/continuous/test/auto/DEinContinuous2.xml
----------------- Instantiating /home/travis/build/icyphy/ptII/ptolemy/domains/continuous/test/auto/DEinContinuous2.xml
6 ms. Memory: 734720K Free: 157268K (21%)
----------------- Invoking toplevel() on ptolemy.moml.MoMLSimpleApplication@3a6fb58f
----------------- Done invoking toplevel() on ptolemy.moml.MoMLSimpleApplication@3a6fb58f
reloadAllAccessors: .DEinContinuous2

===========================================================================================
----------------- testing Fri May 03 04:11:49 UTC 2019 /home/travis/build/icyphy/ptII/ptolemy/domains/continuous/test/auto/Derivative.xml
----------------- Instantiating /home/travis/build/icyphy/ptII/ptolemy/domains/continuous/test/auto/Derivative.xml
135 ms. Memory: 734720K Free: 117208K (16%)
----------------- Invoking toplevel() on ptolemy.moml.MoMLSimpleApplication@789f407b
----------------- Done invoking toplevel() on ptolemy.moml.MoMLSimpleApplication@789f407b
reloadAllAccessors: .Derivative2

===========================================================================================
----------------- testing Fri May 03 04:11:49 UTC 2019 /home/travis/build/icyphy/ptII/ptolemy/domains/continuous/test/auto/Derivative1.xml
----------------- Instantiating /home/travis/build/icyphy/ptII/ptolemy/domains/continuous/test/auto/Derivative1.xml
22 ms. Memory: 734720K Free: 97808K (13%)
----------------- Invoking toplevel() on ptolemy.moml.MoMLSimpleApplication@385e3c63
----------------- Done invoking toplevel() on ptolemy.moml.MoMLSimpleApplication@385e3c63
reloadAllAccessors: .Derivative1

===========================================================================================
----------------- testing Fri May 03 04:11:49 UTC 2019 /home/travis/build/icyphy/ptII/ptolemy/domains/continuous/test/auto/DiscreteClock.xml
----------------- Instantiating /home/travis/build/icyphy/ptII/ptolemy/domains/continuous/test/auto/DiscreteClock.xml
5 ms. Memory: 734720K Free: 83687K (11%)
----------------- Invoking toplevel() on ptolemy.moml.MoMLSimpleApplication@635a7827
----------------- Done invoking toplevel() on ptolemy.moml.MoMLSimpleApplication@635a7827
reloadAllAccessors: .DiscreteClock

===========================================================================================
----------------- testing Fri May 03 04:11:49 UTC 2019 /home/travis/build/icyphy/ptII/ptolemy/domains/continuous/test/auto/EfficiencyCurve.xml
----------------- Instantiating /home/travis/build/icyphy/ptII/ptolemy/domains/continuous/test/auto/EfficiencyCurve.xml
65 ms. Memory: 697344K Free: 680193K (98%)
----------------- Invoking toplevel() on ptolemy.moml.MoMLSimpleApplication@3e3c4eee
----------------- Done invoking toplevel() on ptolemy.moml.MoMLSimpleApplication@3e3c4eee
reloadAllAccessors: .EfficiencyCurve

===========================================================================================
----------------- testing Fri May 03 04:11:49 UTC 2019 /home/travis/build/icyphy/ptII/ptolemy/domains/continuous/test/auto/ExponentialResponse.xml
----------------- Instantiating /home/travis/build/icyphy/ptII/ptolemy/domains/continuous/test/auto/ExponentialResponse.xml
101 ms. Memory: 697344K Free: 655048K (94%)
----------------- Invoking toplevel() on ptolemy.moml.MoMLSimpleApplication@40d73466
----------------- Done invoking toplevel() on ptolemy.moml.MoMLSimpleApplication@40d73466
reloadAllAccessors: .ExponentialResponse

===========================================================================================
----------------- testing Fri May 03 04:11:49 UTC 2019 /home/travis/build/icyphy/ptII/ptolemy/domains/continuous/test/auto/ExponentialResponseRK45.xml
----------------- Instantiating /home/travis/build/icyphy/ptII/ptolemy/domains/continuous/test/auto/ExponentialResponseRK45.xml
28 ms. Memory: 697344K Free: 646068K (93%)
----------------- Invoking toplevel() on ptolemy.moml.MoMLSimpleApplication@389e9716
----------------- Done invoking toplevel() on ptolemy.moml.MoMLSimpleApplication@389e9716
reloadAllAccessors: .ExponentialResponseRK45

===========================================================================================
----------------- testing Fri May 03 04:11:49 UTC 2019 /home/travis/build/icyphy/ptII/ptolemy/domains/continuous/test/auto/Friction.xml
----------------- Instantiating /home/travis/build/icyphy/ptII/ptolemy/domains/continuous/test/auto/Friction.xml
1392 ms. Memory: 697344K Free: 192928K (28%)
----------------- Invoking toplevel() on ptolemy.moml.MoMLSimpleApplication@693a8fc3
----------------- Done invoking toplevel() on ptolemy.moml.MoMLSimpleApplication@693a8fc3
reloadAllAccessors: .Friction

===========================================================================================
----------------- testing Fri May 03 04:11:51 UTC 2019 /home/travis/build/icyphy/ptII/ptolemy/domains/continuous/test/auto/FurutaPendulum.xml
----------------- Instantiating /home/travis/build/icyphy/ptII/ptolemy/domains/continuous/test/auto/FurutaPendulum.xml
3325 ms. Memory: 674816K Free: 298680K (44%)
----------------- Invoking toplevel() on ptolemy.moml.MoMLSimpleApplication@2f0bec09
----------------- Done invoking toplevel() on ptolemy.moml.MoMLSimpleApplication@2f0bec09
reloadAllAccessors: .FurutaPendulum

===========================================================================================
----------------- testing Fri May 03 04:11:54 UTC 2019 /home/travis/build/icyphy/ptII/ptolemy/domains/continuous/test/auto/HierarchicalExecution.xml
----------------- Instantiating /home/travis/build/icyphy/ptII/ptolemy/domains/continuous/test/auto/HierarchicalExecution.xml
1814 ms. Memory: 647168K Free: 549577K (85%)
----------------- Invoking toplevel() on ptolemy.moml.MoMLSimpleApplication@1d96a423
----------------- Done invoking toplevel() on ptolemy.moml.MoMLSimpleApplication@1d96a423
reloadAllAccessors: .HierarchicalExecution

===========================================================================================
----------------- testing Fri May 03 04:11:56 UTC 2019 /home/travis/build/icyphy/ptII/ptolemy/domains/continuous/test/auto/HybridPlant.xml
----------------- Instantiating /home/travis/build/icyphy/ptII/ptolemy/domains/continuous/test/auto/HybridPlant.xml
528 ms. Memory: 647168K Free: 273892K (42%)
----------------- Invoking toplevel() on ptolemy.moml.MoMLSimpleApplication@45dd4340
----------------- Done invoking toplevel() on ptolemy.moml.MoMLSimpleApplication@45dd4340
reloadAllAccessors: .HybridPlant

===========================================================================================
----------------- testing Fri May 03 04:11:57 UTC 2019 /home/travis/build/icyphy/ptII/ptolemy/domains/continuous/test/auto/Hysteresis.xml
----------------- Instantiating /home/travis/build/icyphy/ptII/ptolemy/domains/continuous/test/auto/Hysteresis.xml
143 ms. Memory: 647168K Free: 205699K (32%)
----------------- Invoking toplevel() on ptolemy.moml.MoMLSimpleApplication@18fc6b14
----------------- Done invoking toplevel() on ptolemy.moml.MoMLSimpleApplication@18fc6b14
reloadAllAccessors: .Hysteresis

===========================================================================================
----------------- testing Fri May 03 04:11:57 UTC 2019 /home/travis/build/icyphy/ptII/ptolemy/domains/continuous/test/auto/HysteresisWithRandomDelay.xml
----------------- Instantiating /home/travis/build/icyphy/ptII/ptolemy/domains/continuous/test/auto/HysteresisWithRandomDelay.xml
163 ms. Memory: 647168K Free: 129003K (20%)
----------------- Invoking toplevel() on ptolemy.moml.MoMLSimpleApplication@494d8ab1
----------------- Done invoking toplevel() on ptolemy.moml.MoMLSimpleApplication@494d8ab1
reloadAllAccessors: .HysteresisWithRandomDelay

===========================================================================================
----------------- testing Fri May 03 04:11:57 UTC 2019 /home/travis/build/icyphy/ptII/ptolemy/domains/continuous/test/auto/HysteresisWithRandomLosses.xml
----------------- Instantiating /home/travis/build/icyphy/ptII/ptolemy/domains/continuous/test/auto/HysteresisWithRandomLosses.xml
2296 ms. Memory: 589312K Free: 391375K (66%)
----------------- Invoking toplevel() on ptolemy.moml.MoMLSimpleApplication@6fb9da33
----------------- Done invoking toplevel() on ptolemy.moml.MoMLSimpleApplication@6fb9da33
reloadAllAccessors: .HysteresisWithRandomLosses

===========================================================================================
----------------- testing Fri May 03 04:12:00 UTC 2019 /home/travis/build/icyphy/ptII/ptolemy/domains/continuous/test/auto/ImmediateTransitions.xml
----------------- Instantiating /home/travis/build/icyphy/ptII/ptolemy/domains/continuous/test/auto/ImmediateTransitions.xml
10 ms. Memory: 589312K Free: 378667K (64%)
----------------- Invoking toplevel() on ptolemy.moml.MoMLSimpleApplication@6a5757ec
----------------- Done invoking toplevel() on ptolemy.moml.MoMLSimpleApplication@6a5757ec
reloadAllAccessors: .ImmediateTransitions

===========================================================================================
----------------- testing Fri May 03 04:12:00 UTC 2019 /home/travis/build/icyphy/ptII/ptolemy/domains/continuous/test/auto/ImpulseFeedback.xml
----------------- Instantiating /home/travis/build/icyphy/ptII/ptolemy/domains/continuous/test/auto/ImpulseFeedback.xml
14 ms. Memory: 589312K Free: 367656K (62%)
----------------- Invoking toplevel() on ptolemy.moml.MoMLSimpleApplication@23ab9995
----------------- Done invoking toplevel() on ptolemy.moml.MoMLSimpleApplication@23ab9995
reloadAllAccessors: .ImpulseFeedback

===========================================================================================
----------------- testing Fri May 03 04:12:00 UTC 2019 /home/travis/build/icyphy/ptII/ptolemy/domains/continuous/test/auto/ImpulseFeedback2.xml
----------------- Instantiating /home/travis/build/icyphy/ptII/ptolemy/domains/continuous/test/auto/ImpulseFeedback2.xml
6 ms. Memory: 589312K Free: 356662K (61%)
----------------- Invoking toplevel() on ptolemy.moml.MoMLSimpleApplication@23afe322
----------------- Done invoking toplevel() on ptolemy.moml.MoMLSimpleApplication@23afe322
reloadAllAccessors: .ImpulseFeedback2

===========================================================================================
----------------- testing Fri May 03 04:12:00 UTC 2019 /home/travis/build/icyphy/ptII/ptolemy/domains/continuous/test/auto/IncreasingRatePoisson.xml
----------------- Instantiating /home/travis/build/icyphy/ptII/ptolemy/domains/continuous/test/auto/IncreasingRatePoisson.xml
678 ms. Memory: 574464K Free: 524210K (91%)
----------------- Invoking toplevel() on ptolemy.moml.MoMLSimpleApplication@3941afcd
----------------- Done invoking toplevel() on ptolemy.moml.MoMLSimpleApplication@3941afcd
reloadAllAccessors: .IncreasingRatePoisson

===========================================================================================
----------------- testing Fri May 03 04:12:00 UTC 2019 /home/travis/build/icyphy/ptII/ptolemy/domains/continuous/test/auto/InitialStateFeedback.xml
----------------- Instantiating /home/travis/build/icyphy/ptII/ptolemy/domains/continuous/test/auto/InitialStateFeedback.xml
4 ms. Memory: 574464K Free: 515170K (90%)
----------------- Invoking toplevel() on ptolemy.moml.MoMLSimpleApplication@728dbf45
----------------- Done invoking toplevel() on ptolemy.moml.MoMLSimpleApplication@728dbf45
reloadAllAccessors: .InitialStateFeedback

===========================================================================================
----------------- testing Fri May 03 04:12:00 UTC 2019 /home/travis/build/icyphy/ptII/ptolemy/domains/continuous/test/auto/Integration.xml
----------------- Instantiating /home/travis/build/icyphy/ptII/ptolemy/domains/continuous/test/auto/Integration.xml
6 ms. Memory: 574464K Free: 507809K (88%)
----------------- Invoking toplevel() on ptolemy.moml.MoMLSimpleApplication@4a031c68
----------------- Done invoking toplevel() on ptolemy.moml.MoMLSimpleApplication@4a031c68
reloadAllAccessors: .Integration

===========================================================================================
----------------- testing Fri May 03 04:12:01 UTC 2019 /home/travis/build/icyphy/ptII/ptolemy/domains/continuous/test/auto/Integration2.xml
----------------- Instantiating /home/travis/build/icyphy/ptII/ptolemy/domains/continuous/test/auto/Integration2.xml
79 ms. Memory: 574464K Free: 487658K (85%)
----------------- Invoking toplevel() on ptolemy.moml.MoMLSimpleApplication@1d384322
----------------- Done invoking toplevel() on ptolemy.moml.MoMLSimpleApplication@1d384322
reloadAllAccessors: .Integration2

===========================================================================================
----------------- testing Fri May 03 04:12:01 UTC 2019 /home/travis/build/icyphy/ptII/ptolemy/domains/continuous/test/auto/Integration3.xml
----------------- Instantiating /home/travis/build/icyphy/ptII/ptolemy/domains/continuous/test/auto/Integration3.xml
4 ms. Memory: 574464K Free: 480297K (84%)
----------------- Invoking toplevel() on ptolemy.moml.MoMLSimpleApplication@4509dad8
----------------- Done invoking toplevel() on ptolemy.moml.MoMLSimpleApplication@4509dad8
reloadAllAccessors: .Integration3

===========================================================================================
----------------- testing Fri May 03 04:12:01 UTC 2019 /home/travis/build/icyphy/ptII/ptolemy/domains/continuous/test/auto/Integration5.xml
----------------- Instantiating /home/travis/build/icyphy/ptII/ptolemy/domains/continuous/test/auto/Integration5.xml
2 ms. Memory: 574464K Free: 472936K (82%)
----------------- Invoking toplevel() on ptolemy.moml.MoMLSimpleApplication@1be05884
----------------- Done invoking toplevel() on ptolemy.moml.MoMLSimpleApplication@1be05884
reloadAllAccessors: .Integration5

===========================================================================================
----------------- testing Fri May 03 04:12:01 UTC 2019 /home/travis/build/icyphy/ptII/ptolemy/domains/continuous/test/auto/IntegratorImpulse.xml
----------------- Instantiating /home/travis/build/icyphy/ptII/ptolemy/domains/continuous/test/auto/IntegratorImpulse.xml
3 ms. Memory: 574464K Free: 465570K (81%)
----------------- Invoking toplevel() on ptolemy.moml.MoMLSimpleApplication@20d9d2ed
----------------- Done invoking toplevel() on ptolemy.moml.MoMLSimpleApplication@20d9d2ed
reloadAllAccessors: .IntegratorImpulse

===========================================================================================
----------------- testing Fri May 03 04:12:01 UTC 2019 /home/travis/build/icyphy/ptII/ptolemy/domains/continuous/test/auto/IntegratorImpulse2.xml
----------------- Instantiating /home/travis/build/icyphy/ptII/ptolemy/domains/continuous/test/auto/IntegratorImpulse2.xml
4 ms. Memory: 574464K Free: 458360K (80%)
----------------- Invoking toplevel() on ptolemy.moml.MoMLSimpleApplication@32768cfc
----------------- Done invoking toplevel() on ptolemy.moml.MoMLSimpleApplication@32768cfc
reloadAllAccessors: .IntegratorImpulse2

===========================================================================================
----------------- testing Fri May 03 04:12:01 UTC 2019 /home/travis/build/icyphy/ptII/ptolemy/domains/continuous/test/auto/LevelCrossing1.xml
----------------- Instantiating /home/travis/build/icyphy/ptII/ptolemy/domains/continuous/test/auto/LevelCrossing1.xml
3 ms. Memory: 574464K Free: 447770K (78%)
----------------- Invoking toplevel() on ptolemy.moml.MoMLSimpleApplication@41ccec5
----------------- Done invoking toplevel() on ptolemy.moml.MoMLSimpleApplication@41ccec5
reloadAllAccessors: .LevelCrossing1

===========================================================================================
----------------- testing Fri May 03 04:12:01 UTC 2019 /home/travis/build/icyphy/ptII/ptolemy/domains/continuous/test/auto/LevelCrossing2.xml
----------------- Instantiating /home/travis/build/icyphy/ptII/ptolemy/domains/continuous/test/auto/LevelCrossing2.xml
4 ms. Memory: 574464K Free: 437164K (76%)
----------------- Invoking toplevel() on ptolemy.moml.MoMLSimpleApplication@3da93031
----------------- Done invoking toplevel() on ptolemy.moml.MoMLSimpleApplication@3da93031
reloadAllAccessors: .LevelCrossing2

===========================================================================================
----------------- testing Fri May 03 04:12:01 UTC 2019 /home/travis/build/icyphy/ptII/ptolemy/domains/continuous/test/auto/LevelCrossing3.xml
----------------- Instantiating /home/travis/build/icyphy/ptII/ptolemy/domains/continuous/test/auto/LevelCrossing3.xml
3 ms. Memory: 574464K Free: 426566K (74%)
----------------- Invoking toplevel() on ptolemy.moml.MoMLSimpleApplication@3c0d9b1f
----------------- Done invoking toplevel() on ptolemy.moml.MoMLSimpleApplication@3c0d9b1f
reloadAllAccessors: .LevelCrossing3

===========================================================================================
----------------- testing Fri May 03 04:12:01 UTC 2019 /home/travis/build/icyphy/ptII/ptolemy/domains/continuous/test/auto/LevelCrossing4.xml
----------------- Instantiating /home/travis/build/icyphy/ptII/ptolemy/domains/continuous/test/auto/LevelCrossing4.xml
2 ms. Memory: 574464K Free: 416111K (72%)
----------------- Invoking toplevel() on ptolemy.moml.MoMLSimpleApplication@7f6f4a8d
----------------- Done invoking toplevel() on ptolemy.moml.MoMLSimpleApplication@7f6f4a8d
reloadAllAccessors: .LevelCrossing4

===========================================================================================
----------------- testing Fri May 03 04:12:01 UTC 2019 /home/travis/build/icyphy/ptII/ptolemy/domains/continuous/test/auto/LevelCrossing5.xml
----------------- Instantiating /home/travis/build/icyphy/ptII/ptolemy/domains/continuous/test/auto/LevelCrossing5.xml
3 ms. Memory: 574464K Free: 405520K (71%)
----------------- Invoking toplevel() on ptolemy.moml.MoMLSimpleApplication@7152fceb
----------------- Done invoking toplevel() on ptolemy.moml.MoMLSimpleApplication@7152fceb
reloadAllAccessors: .LevelCrossing5

===========================================================================================
[...]
----------------- Done invoking toplevel() on ptolemy.moml.MoMLSimpleApplication@79bae270
reloadAllAccessors: .ResetTransitionWithStartTime6

===========================================================================================
----------------- testing Fri May 03 04:12:18 UTC 2019 /home/travis/build/icyphy/ptII/ptolemy/domains/continuous/test/auto/SRinContinuous.xml
----------------- Instantiating /home/travis/build/icyphy/ptII/ptolemy/domains/continuous/test/auto/SRinContinuous.xml
8 ms. Memory: 392192K Free: 106665K (27%)
----------------- Invoking toplevel() on ptolemy.moml.MoMLSimpleApplication@5f8f931e
----------------- Done invoking toplevel() on ptolemy.moml.MoMLSimpleApplication@5f8f931e
reloadAllAccessors: .SRinContinuous

===========================================================================================
----------------- testing Fri May 03 04:12:18 UTC 2019 /home/travis/build/icyphy/ptII/ptolemy/domains/continuous/test/auto/SampledClocks.xml
----------------- Instantiating /home/travis/build/icyphy/ptII/ptolemy/domains/continuous/test/auto/SampledClocks.xml
8 ms. Memory: 392192K Free: 92029K (23%)
----------------- Invoking toplevel() on ptolemy.moml.MoMLSimpleApplication@2edcae8a
----------------- Done invoking toplevel() on ptolemy.moml.MoMLSimpleApplication@2edcae8a
reloadAllAccessors: .SampledClocks

===========================================================================================
----------------- testing Fri May 03 04:12:18 UTC 2019 /home/travis/build/icyphy/ptII/ptolemy/domains/continuous/test/auto/Satellite.xml
----------------- Instantiating /home/travis/build/icyphy/ptII/ptolemy/domains/continuous/test/auto/Satellite.xml
786 ms. Memory: 371712K Free: 194810K (52%)
----------------- Invoking toplevel() on ptolemy.moml.MoMLSimpleApplication@30c6cd57
----------------- Done invoking toplevel() on ptolemy.moml.MoMLSimpleApplication@30c6cd57
reloadAllAccessors: .Satellite

===========================================================================================
----------------- testing Fri May 03 04:12:19 UTC 2019 /home/travis/build/icyphy/ptII/ptolemy/domains/continuous/test/auto/SigmaDelta.xml
----------------- Instantiating /home/travis/build/icyphy/ptII/ptolemy/domains/continuous/test/auto/SigmaDelta.xml
2387 ms. Memory: 365568K Free: 98536K (27%)
----------------- Invoking toplevel() on ptolemy.moml.MoMLSimpleApplication@586a4954
----------------- Done invoking toplevel() on ptolemy.moml.MoMLSimpleApplication@586a4954
reloadAllAccessors: .SigmaDelta

===========================================================================================
----------------- testing Fri May 03 04:12:21 UTC 2019 /home/travis/build/icyphy/ptII/ptolemy/domains/continuous/test/auto/SingleRefinement.xml
----------------- Instantiating /home/travis/build/icyphy/ptII/ptolemy/domains/continuous/test/auto/SingleRefinement.xml
325 ms. Memory: 347136K Free: 172628K (50%)
----------------- Invoking toplevel() on ptolemy.moml.MoMLSimpleApplication@631712c3
----------------- Done invoking toplevel() on ptolemy.moml.MoMLSimpleApplication@631712c3
reloadAllAccessors: .SingleRefinement

===========================================================================================
----------------- testing Fri May 03 04:12:21 UTC 2019 /home/travis/build/icyphy/ptII/ptolemy/domains/continuous/test/auto/SinuBouncingBall.xml
----------------- Instantiating /home/travis/build/icyphy/ptII/ptolemy/domains/continuous/test/auto/SinuBouncingBall.xml
837 ms. Memory: 414208K Free: 283488K (68%)
----------------- Invoking toplevel() on ptolemy.moml.MoMLSimpleApplication@254e42aa
----------------- Done invoking toplevel() on ptolemy.moml.MoMLSimpleApplication@254e42aa
reloadAllAccessors: .SinuBouncingBall

===========================================================================================
----------------- testing Fri May 03 04:12:22 UTC 2019 /home/travis/build/icyphy/ptII/ptolemy/domains/continuous/test/auto/Sinusoid.xml
----------------- Instantiating /home/travis/build/icyphy/ptII/ptolemy/domains/continuous/test/auto/Sinusoid.xml
4 ms. Memory: 414208K Free: 274670K (66%)
----------------- Invoking toplevel() on ptolemy.moml.MoMLSimpleApplication@465ee465
----------------- Done invoking toplevel() on ptolemy.moml.MoMLSimpleApplication@465ee465
reloadAllAccessors: .Sinusoid

===========================================================================================
----------------- testing Fri May 03 04:12:22 UTC 2019 /home/travis/build/icyphy/ptII/ptolemy/domains/continuous/test/auto/SinusoidInNoise.xml
----------------- Instantiating /home/travis/build/icyphy/ptII/ptolemy/domains/continuous/test/auto/SinusoidInNoise.xml
912 ms. Memory: 414208K Free: 74987K (18%)
----------------- Invoking toplevel() on ptolemy.moml.MoMLSimpleApplication@63537a9c
----------------- Done invoking toplevel() on ptolemy.moml.MoMLSimpleApplication@63537a9c
reloadAllAccessors: .SinusoidInNoise

===========================================================================================
----------------- testing Fri May 03 04:12:23 UTC 2019 /home/travis/build/icyphy/ptII/ptolemy/domains/continuous/test/auto/SinusoidRK45.xml
----------------- Instantiating /home/travis/build/icyphy/ptII/ptolemy/domains/continuous/test/auto/SinusoidRK45.xml
2 ms. Memory: 414208K Free: 67411K (16%)
----------------- Invoking toplevel() on ptolemy.moml.MoMLSimpleApplication@3c9cc10c
----------------- Done invoking toplevel() on ptolemy.moml.MoMLSimpleApplication@3c9cc10c
reloadAllAccessors: .SinusoidRK45

===========================================================================================
----------------- testing Fri May 03 04:12:23 UTC 2019 /home/travis/build/icyphy/ptII/ptolemy/domains/continuous/test/auto/SinusoidWithMultipleImpulses.xml
----------------- Instantiating /home/travis/build/icyphy/ptII/ptolemy/domains/continuous/test/auto/SinusoidWithMultipleImpulses.xml
3 ms. Memory: 414208K Free: 59880K (14%)
----------------- Invoking toplevel() on ptolemy.moml.MoMLSimpleApplication@a4d6dd6
----------------- Done invoking toplevel() on ptolemy.moml.MoMLSimpleApplication@a4d6dd6
reloadAllAccessors: .SinusoidWithMultipleImpulses

===========================================================================================
----------------- testing Fri May 03 04:12:23 UTC 2019 /home/travis/build/icyphy/ptII/ptolemy/domains/continuous/test/auto/SquareWave.xml
----------------- Instantiating /home/travis/build/icyphy/ptII/ptolemy/domains/continuous/test/auto/SquareWave.xml
166 ms. Memory: 414208K Free: 27979K (7%)
----------------- Invoking toplevel() on ptolemy.moml.MoMLSimpleApplication@8bab6f9
----------------- Done invoking toplevel() on ptolemy.moml.MoMLSimpleApplication@8bab6f9
reloadAllAccessors: .SquareWave

===========================================================================================
----------------- testing Fri May 03 04:12:24 UTC 2019 /home/travis/build/icyphy/ptII/ptolemy/domains/continuous/test/auto/Starmac.xml
----------------- Instantiating /home/travis/build/icyphy/ptII/ptolemy/domains/continuous/test/auto/Starmac.xml
3101 ms. Memory: 496640K Free: 83048K (17%)
----------------- Invoking toplevel() on ptolemy.moml.MoMLSimpleApplication@b5e963
----------------- Done invoking toplevel() on ptolemy.moml.MoMLSimpleApplication@b5e963
reloadAllAccessors: .Starmac

===========================================================================================
----------------- testing Fri May 03 04:12:27 UTC 2019 /home/travis/build/icyphy/ptII/ptolemy/domains/continuous/test/auto/StaticUnits.xml
----------------- Instantiating /home/travis/build/icyphy/ptII/ptolemy/domains/continuous/test/auto/StaticUnits.xml
2104 ms. Memory: 591872K Free: 187446K (32%)
----------------- Invoking toplevel() on ptolemy.moml.MoMLSimpleApplication@6d2d7540
----------------- Done invoking toplevel() on ptolemy.moml.MoMLSimpleApplication@6d2d7540
reloadAllAccessors: .StaticUnits

===========================================================================================
----------------- testing Fri May 03 04:12:30 UTC 2019 /home/travis/build/icyphy/ptII/ptolemy/domains/continuous/test/auto/StickyMasses.xml
----------------- Instantiating /home/travis/build/icyphy/ptII/ptolemy/domains/continuous/test/auto/StickyMasses.xml
132 ms. Memory: 591872K Free: 131164K (22%)
----------------- Invoking toplevel() on ptolemy.moml.MoMLSimpleApplication@6ffec747
----------------- Done invoking toplevel() on ptolemy.moml.MoMLSimpleApplication@6ffec747
reloadAllAccessors: .StickyMasses

===========================================================================================
----------------- testing Fri May 03 04:12:30 UTC 2019 /home/travis/build/icyphy/ptII/ptolemy/domains/continuous/test/auto/StopTime.xml
----------------- Instantiating /home/travis/build/icyphy/ptII/ptolemy/domains/continuous/test/auto/StopTime.xml
41 ms. Memory: 591872K Free: 102578K (17%)
----------------- Invoking toplevel() on ptolemy.moml.MoMLSimpleApplication@706d001a
----------------- Done invoking toplevel() on ptolemy.moml.MoMLSimpleApplication@706d001a
reloadAllAccessors: .StopTime

===========================================================================================
----------------- testing Fri May 03 04:12:30 UTC 2019 /home/travis/build/icyphy/ptII/ptolemy/domains/continuous/test/auto/StopTime2.xml
----------------- Instantiating /home/travis/build/icyphy/ptII/ptolemy/domains/continuous/test/auto/StopTime2.xml
34 ms. Memory: 591872K Free: 77381K (13%)
----------------- Invoking toplevel() on ptolemy.moml.MoMLSimpleApplication@52d3b2c8
----------------- Done invoking toplevel() on ptolemy.moml.MoMLSimpleApplication@52d3b2c8
reloadAllAccessors: .StopTime2

===========================================================================================
----------------- testing Fri May 03 04:12:30 UTC 2019 /home/travis/build/icyphy/ptII/ptolemy/domains/continuous/test/auto/Switch.xml
----------------- Instantiating /home/travis/build/icyphy/ptII/ptolemy/domains/continuous/test/auto/Switch.xml
54 ms. Memory: 697344K Free: 670456K (96%)
----------------- Invoking toplevel() on ptolemy.moml.MoMLSimpleApplication@ad2826b
----------------- Done invoking toplevel() on ptolemy.moml.MoMLSimpleApplication@ad2826b
reloadAllAccessors: .Switch

===========================================================================================
----------------- testing Fri May 03 04:12:30 UTC 2019 /home/travis/build/icyphy/ptII/ptolemy/domains/continuous/test/auto/Thermostat.xml
----------------- Instantiating /home/travis/build/icyphy/ptII/ptolemy/domains/continuous/test/auto/Thermostat.xml
179 ms. Memory: 697344K Free: 591700K (85%)
----------------- Invoking toplevel() on ptolemy.moml.MoMLSimpleApplication@4571e9a3
----------------- Done invoking toplevel() on ptolemy.moml.MoMLSimpleApplication@4571e9a3
reloadAllAccessors: .Thermostat

===========================================================================================
----------------- testing Fri May 03 04:12:30 UTC 2019 /home/travis/build/icyphy/ptII/ptolemy/domains/continuous/test/auto/TimeDelay.xml
----------------- Instantiating /home/travis/build/icyphy/ptII/ptolemy/domains/continuous/test/auto/TimeDelay.xml
5 ms. Memory: 697344K Free: 582408K (84%)
----------------- Invoking toplevel() on ptolemy.moml.MoMLSimpleApplication@374b7326
----------------- Done invoking toplevel() on ptolemy.moml.MoMLSimpleApplication@374b7326
reloadAllAccessors: .TimeDelay

===========================================================================================
----------------- testing Fri May 03 04:12:30 UTC 2019 /home/travis/build/icyphy/ptII/ptolemy/domains/continuous/test/auto/TimeDelay2.xml
----------------- Instantiating /home/travis/build/icyphy/ptII/ptolemy/domains/continuous/test/auto/TimeDelay2.xml
7 ms. Memory: 697344K Free: 568923K (82%)
----------------- Invoking toplevel() on ptolemy.moml.MoMLSimpleApplication@696e596
----------------- Done invoking toplevel() on ptolemy.moml.MoMLSimpleApplication@696e596
reloadAllAccessors: .TimeDelay2

===========================================================================================
----------------- testing Fri May 03 04:12:30 UTC 2019 /home/travis/build/icyphy/ptII/ptolemy/domains/continuous/test/auto/TimeDelay3.xml
----------------- Instantiating /home/travis/build/icyphy/ptII/ptolemy/domains/continuous/test/auto/TimeDelay3.xml
5 ms. Memory: 697344K Free: 559629K (80%)
----------------- Invoking toplevel() on ptolemy.moml.MoMLSimpleApplication@65fdd932
----------------- Done invoking toplevel() on ptolemy.moml.MoMLSimpleApplication@65fdd932
reloadAllAccessors: .TimeDelay3

===========================================================================================
----------------- testing Fri May 03 04:12:30 UTC 2019 /home/travis/build/icyphy/ptII/ptolemy/domains/continuous/test/auto/TransferAbsentToInside.xml
----------------- Instantiating /home/travis/build/icyphy/ptII/ptolemy/domains/continuous/test/auto/TransferAbsentToInside.xml
27 ms. Memory: 697344K Free: 499981K (72%)
----------------- Invoking toplevel() on ptolemy.moml.MoMLSimpleApplication@5ca570e9
----------------- Done invoking toplevel() on ptolemy.moml.MoMLSimpleApplication@5ca570e9
reloadAllAccessors: .TransferAbsentToInside

===========================================================================================
----------------- testing Fri May 03 04:12:30 UTC 2019 /home/travis/build/icyphy/ptII/ptolemy/domains/continuous/test/auto/Transmission.xml
----------------- Instantiating /home/travis/build/icyphy/ptII/ptolemy/domains/continuous/test/auto/Transmission.xml
734 ms. Memory: 697344K Free: 259539K (37%)
----------------- Invoking toplevel() on ptolemy.moml.MoMLSimpleApplication@2eacf3e0
----------------- Done invoking toplevel() on ptolemy.moml.MoMLSimpleApplication@2eacf3e0
reloadAllAccessors: .Transmission

===========================================================================================
----------------- testing Fri May 03 04:12:31 UTC 2019 /home/travis/build/icyphy/ptII/ptolemy/domains/continuous/test/auto/TriggeredContinuousClock.xml
----------------- Instantiating /home/travis/build/icyphy/ptII/ptolemy/domains/continuous/test/auto/TriggeredContinuousClock.xml
34 ms. Memory: 697344K Free: 225033K (32%)
----------------- Invoking toplevel() on ptolemy.moml.MoMLSimpleApplication@39fc7d04
----------------- Done invoking toplevel() on ptolemy.moml.MoMLSimpleApplication@39fc7d04
reloadAllAccessors: .TriggeredContinuousClock

===========================================================================================
----------------- testing Fri May 03 04:12:31 UTC 2019 /home/travis/build/icyphy/ptII/ptolemy/domains/continuous/test/auto/TwoMachineInfiniteBusControl.xml
----------------- Instantiating /home/travis/build/icyphy/ptII/ptolemy/domains/continuous/test/auto/TwoMachineInfiniteBusControl.xml
3248 ms. Memory: 830976K Free: 401972K (48%)
----------------- Invoking toplevel() on ptolemy.moml.MoMLSimpleApplication@6d4423b0
----------------- Done invoking toplevel() on ptolemy.moml.MoMLSimpleApplication@6d4423b0
reloadAllAccessors: .TwoMachineInfiniteBusControl

===========================================================================================
----------------- testing Fri May 03 04:12:35 UTC 2019 /home/travis/build/icyphy/ptII/ptolemy/domains/continuous/test/auto/V2V.xml
----------------- Instantiating /home/travis/build/icyphy/ptII/ptolemy/domains/continuous/test/auto/V2V.xml
717 ms. Memory: 830976K Free: 202831K (24%)
----------------- Invoking toplevel() on ptolemy.moml.MoMLSimpleApplication@7cbbb763
----------------- Done invoking toplevel() on ptolemy.moml.MoMLSimpleApplication@7cbbb763
reloadAllAccessors: .V2V

===========================================================================================
----------------- testing Fri May 03 04:12:35 UTC 2019 /home/travis/build/icyphy/ptII/ptolemy/domains/continuous/test/auto/hierarchicalModalModel.xml
----------------- Instantiating /home/travis/build/icyphy/ptII/ptolemy/domains/continuous/test/auto/hierarchicalModalModel.xml
8 ms. Memory: 830976K Free: 186607K (22%)
----------------- Invoking toplevel() on ptolemy.moml.MoMLSimpleApplication@217b64ec
----------------- Done invoking toplevel() on ptolemy.moml.MoMLSimpleApplication@217b64ec
reloadAllAccessors: .hierarchicalModalModel

===========================================================================================
----------------- testing Fri May 03 04:12:36 UTC 2019 /home/travis/build/icyphy/ptII/ptolemy/domains/continuous/test/auto/hierarchicalModalModel1.xml
----------------- Instantiating /home/travis/build/icyphy/ptII/ptolemy/domains/continuous/test/auto/hierarchicalModalModel1.xml
7 ms. Memory: 830976K Free: 170398K (21%)
----------------- Invoking toplevel() on ptolemy.moml.MoMLSimpleApplication@5daf9c7a
----------------- Done invoking toplevel() on ptolemy.moml.MoMLSimpleApplication@5daf9c7a
reloadAllAccessors: .hierarchicalModalModel1

===========================================================================================
----------------- testing Fri May 03 04:12:36 UTC 2019 /home/travis/build/icyphy/ptII/ptolemy/domains/continuous/test/auto/hierarchicalModalModel2.xml
----------------- Instantiating /home/travis/build/icyphy/ptII/ptolemy/domains/continuous/test/auto/hierarchicalModalModel2.xml
5 ms. Memory: 830976K Free: 154182K (19%)
----------------- Invoking toplevel() on ptolemy.moml.MoMLSimpleApplication@244e05d
----------------- Done invoking toplevel() on ptolemy.moml.MoMLSimpleApplication@244e05d
reloadAllAccessors: .hierarchicalModalModel2

===========================================================================================
----------------- testing Fri May 03 04:12:36 UTC 2019 /home/travis/build/icyphy/ptII/ptolemy/domains/continuous/test/auto/hierarchicalModalModel3.xml
----------------- Instantiating /home/travis/build/icyphy/ptII/ptolemy/domains/continuous/test/auto/hierarchicalModalModel3.xml
6 ms. Memory: 830976K Free: 137940K (17%)
----------------- Invoking toplevel() on ptolemy.moml.MoMLSimpleApplication@6465c031
----------------- Done invoking toplevel() on ptolemy.moml.MoMLSimpleApplication@6465c031
reloadAllAccessors: .hierarchicalModalModel3

===========================================================================================
----------------- testing Fri May 03 04:12:36 UTC 2019 /home/travis/build/icyphy/ptII/ptolemy/domains/continuous/test/auto/hierarchicalModalModel4.xml
----------------- Instantiating /home/travis/build/icyphy/ptII/ptolemy/domains/continuous/test/auto/hierarchicalModalModel4.xml
5 ms. Memory: 830976K Free: 121732K (15%)
----------------- Invoking toplevel() on ptolemy.moml.MoMLSimpleApplication@20b003a0
----------------- Done invoking toplevel() on ptolemy.moml.MoMLSimpleApplication@20b003a0
reloadAllAccessors: .hierarchicalModalModel4

===========================================================================================
----------------- testing Fri May 03 04:12:36 UTC 2019 /home/travis/build/icyphy/ptII/ptolemy/domains/continuous/test/auto/junk.xml
----------------- Instantiating /home/travis/build/icyphy/ptII/ptolemy/domains/continuous/test/auto/junk.xml
120 ms. Memory: 830976K Free: 90255K (11%)
----------------- Invoking toplevel() on ptolemy.moml.MoMLSimpleApplication@19f763d6
----------------- Done invoking toplevel() on ptolemy.moml.MoMLSimpleApplication@19f763d6
reloadAllAccessors: .junk
AutoTests.java: About to close Vertx.
AutoTests.java: Vertx closed.
]]></system-out>
  <system-err><![CDATA[Warning: '.HysteresisWithRandomDelay.NonStrictTest3' The test produced only 27 tokens, yet the correctValues parameter was expecting 30 tokens.
Warning: '.Poisson.NonStrictTest' The test produced only 421 tokens, yet the correctValues parameter was expecting 430 tokens.
]]></system-err>
</testsuite>
