<?xml version="1.0" encoding="UTF-8" ?>
<testsuite errors="0" failures="0" hostname="travis-job-f5aa3e36-f0d0-4dc1-bc89-c40e1713487c" name="ptolemy.domains.de.test.junit.JUnitTclTest" skipped="0" tests="101" time="126.809" timestamp="2018-06-18T16:09:14">
  <properties>
[...]
</properties>
  <testcase classname="ptolemy.util.test.junit.TclTests" name="[0] /home/travis/build/icyphy/ptII/ptolemy/domains/de/test/DependencyLoop.tcl (RunTclFile)" time="0.757" />
  <testcase classname="ptolemy.util.test.junit.TclTests" name="[1] /home/travis/build/icyphy/ptII/ptolemy/domains/de/test/RunDETestsAsQSS.tcl (RunTclFile)" time="87.022" />
  <testcase classname="ptolemy.util.test.junit.AutoKnownFailedTests" name="[0] /home/travis/build/icyphy/ptII/ptolemy/domains/de/test/auto/knownFailedTests/DESDFClockTest.xml (RunModel)" time="2.036" />
  <testcase classname="ptolemy.util.test.junit.AutoKnownFailedTests" name="[1] /home/travis/build/icyphy/ptII/ptolemy/domains/de/test/auto/knownFailedTests/DirectFeedback.xml (RunModel)" time="0.007" />
  <testcase classname="ptolemy.util.test.junit.AutoKnownFailedTests" name="[2] /home/travis/build/icyphy/ptII/ptolemy/domains/de/test/auto/knownFailedTests/FSMSource.xml (RunModel)" time="0.017" />
  <testcase classname="ptolemy.util.test.junit.AutoKnownFailedTests" name="[3] /home/travis/build/icyphy/ptII/ptolemy/domains/de/test/auto/knownFailedTests/HierarchicalModel.xml (RunModel)" time="0.034" />
  <testcase classname="ptolemy.util.test.junit.AutoKnownFailedTests" name="[4] /home/travis/build/icyphy/ptII/ptolemy/domains/de/test/auto/knownFailedTests/dependencyLoop.xml (RunModel)" time="0.026" />
  <testcase classname="ptolemy.util.test.junit.AutoKnownFailedTests" name="[5] /home/travis/build/icyphy/ptII/ptolemy/domains/de/test/auto/knownFailedTests/dependencyLoop2.xml (RunModel)" time="0.03" />
  <testcase classname="ptolemy.util.test.junit.AutoNameArchTests" name="[0] ThereAreNoAutoArchTests (RunModel)" time="0.004" />
  <testcase classname="ptolemy.util.test.junit.AutoTests" name="[0] /home/travis/build/icyphy/ptII/ptolemy/domains/de/test/auto/ActorDepthCalculation_actorWithoutPorts.xml (RunModel)" time="0.011" />
  <testcase classname="ptolemy.util.test.junit.AutoTests" name="[1] /home/travis/build/icyphy/ptII/ptolemy/domains/de/test/auto/AssemblyLine.xml (RunModel)" time="0.015" />
  <testcase classname="ptolemy.util.test.junit.AutoTests" name="[2] /home/travis/build/icyphy/ptII/ptolemy/domains/de/test/auto/CQBug1.xml (RunModel)" time="0.007" />
  <testcase classname="ptolemy.util.test.junit.AutoTests" name="[3] /home/travis/build/icyphy/ptII/ptolemy/domains/de/test/auto/CancelFireAt.xml (RunModel)" time="0.005" />
  <testcase classname="ptolemy.util.test.junit.AutoTests" name="[4] /home/travis/build/icyphy/ptII/ptolemy/domains/de/test/auto/CausalityAndComposabilityAnalysis.xml (RunModel)" time="0.009" />
  <testcase classname="ptolemy.util.test.junit.AutoTests" name="[5] /home/travis/build/icyphy/ptII/ptolemy/domains/de/test/auto/CausalityInterface1.xml (RunModel)" time="0.011" />
  <testcase classname="ptolemy.util.test.junit.AutoTests" name="[6] /home/travis/build/icyphy/ptII/ptolemy/domains/de/test/auto/CausalityInterface15.xml (RunModel)" time="0.011" />
  <testcase classname="ptolemy.util.test.junit.AutoTests" name="[7] /home/travis/build/icyphy/ptII/ptolemy/domains/de/test/auto/CausalityInterface2.xml (RunModel)" time="0.012" />
  <testcase classname="ptolemy.util.test.junit.AutoTests" name="[8] /home/travis/build/icyphy/ptII/ptolemy/domains/de/test/auto/CausalityInterface3.xml (RunModel)" time="0.009" />
  <testcase classname="ptolemy.util.test.junit.AutoTests" name="[9] /home/travis/build/icyphy/ptII/ptolemy/domains/de/test/auto/ClockDrift.xml (RunModel)" time="0.026" />
  <testcase classname="ptolemy.util.test.junit.AutoTests" name="[10] /home/travis/build/icyphy/ptII/ptolemy/domains/de/test/auto/ClockDriftAndValueChange.xml (RunModel)" time="0.025" />
  <testcase classname="ptolemy.util.test.junit.AutoTests" name="[11] /home/travis/build/icyphy/ptII/ptolemy/domains/de/test/auto/ClockDriftChange.xml (RunModel)" time="0.021" />
  <testcase classname="ptolemy.util.test.junit.AutoTests" name="[12] /home/travis/build/icyphy/ptII/ptolemy/domains/de/test/auto/ComposableCausalityAnalysis.xml (RunModel)" time="0.015" />
  <testcase classname="ptolemy.util.test.junit.AutoTests" name="[13] /home/travis/build/icyphy/ptII/ptolemy/domains/de/test/auto/DEFixedPointLimitation.xml (RunModel)" time="0.008" />
  <testcase classname="ptolemy.util.test.junit.AutoTests" name="[14] /home/travis/build/icyphy/ptII/ptolemy/domains/de/test/auto/DEScheduleTest.xml (RunModel)" time="0.016" />
  <testcase classname="ptolemy.util.test.junit.AutoTests" name="[15] /home/travis/build/icyphy/ptII/ptolemy/domains/de/test/auto/DEinDEwithStartTimes.xml (RunModel)" time="0.014" />
  <testcase classname="ptolemy.util.test.junit.AutoTests" name="[16] /home/travis/build/icyphy/ptII/ptolemy/domains/de/test/auto/DEinDEwithStartTimes2.xml (RunModel)" time="0.018" />
  <testcase classname="ptolemy.util.test.junit.AutoTests" name="[17] /home/travis/build/icyphy/ptII/ptolemy/domains/de/test/auto/DateDemo.xml (RunModel)" time="0.027" />
  <testcase classname="ptolemy.util.test.junit.AutoTests" name="[18] /home/travis/build/icyphy/ptII/ptolemy/domains/de/test/auto/DateToEvent.xml (RunModel)" time="2.039" />
  <testcase classname="ptolemy.util.test.junit.AutoTests" name="[19] /home/travis/build/icyphy/ptII/ptolemy/domains/de/test/auto/DepthTest1.xml (RunModel)" time="0.005" />
  <testcase classname="ptolemy.util.test.junit.AutoTests" name="[20] /home/travis/build/icyphy/ptII/ptolemy/domains/de/test/auto/DepthTest2.xml (RunModel)" time="0.012" />
  <testcase classname="ptolemy.util.test.junit.AutoTests" name="[21] /home/travis/build/icyphy/ptII/ptolemy/domains/de/test/auto/DepthTest3.xml (RunModel)" time="0.015" />
  <testcase classname="ptolemy.util.test.junit.AutoTests" name="[22] /home/travis/build/icyphy/ptII/ptolemy/domains/de/test/auto/DepthTest4.xml (RunModel)" time="0.009" />
  <testcase classname="ptolemy.util.test.junit.AutoTests" name="[23] /home/travis/build/icyphy/ptII/ptolemy/domains/de/test/auto/DepthTest5.xml (RunModel)" time="0.013" />
  <testcase classname="ptolemy.util.test.junit.AutoTests" name="[24] /home/travis/build/icyphy/ptII/ptolemy/domains/de/test/auto/DepthTest6.xml (RunModel)" time="0.01" />
  <testcase classname="ptolemy.util.test.junit.AutoTests" name="[25] /home/travis/build/icyphy/ptII/ptolemy/domains/de/test/auto/DepthTest7.xml (RunModel)" time="0.008" />
  <testcase classname="ptolemy.util.test.junit.AutoTests" name="[26] /home/travis/build/icyphy/ptII/ptolemy/domains/de/test/auto/EventToDate.xml (RunModel)" time="3.028" />
  <testcase classname="ptolemy.util.test.junit.AutoTests" name="[27] /home/travis/build/icyphy/ptII/ptolemy/domains/de/test/auto/FSM1.xml (RunModel)" time="0.02" />
  <testcase classname="ptolemy.util.test.junit.AutoTests" name="[28] /home/travis/build/icyphy/ptII/ptolemy/domains/de/test/auto/FSM7.xml (RunModel)" time="0.026" />
  <testcase classname="ptolemy.util.test.junit.AutoTests" name="[29] /home/travis/build/icyphy/ptII/ptolemy/domains/de/test/auto/Inspection.xml (RunModel)" time="0.034" />
  <testcase classname="ptolemy.util.test.junit.AutoTests" name="[30] /home/travis/build/icyphy/ptII/ptolemy/domains/de/test/auto/Iteration.xml (RunModel)" time="0.013" />
  <testcase classname="ptolemy.util.test.junit.AutoTests" name="[31] /home/travis/build/icyphy/ptII/ptolemy/domains/de/test/auto/LineFault.xml (RunModel)" time="0.432" />
  <testcase classname="ptolemy.util.test.junit.AutoTests" name="[32] /home/travis/build/icyphy/ptII/ptolemy/domains/de/test/auto/MergeModel1Add.xml (RunModel)" time="0.038" />
  <testcase classname="ptolemy.util.test.junit.AutoTests" name="[33] /home/travis/build/icyphy/ptII/ptolemy/domains/de/test/auto/MergeModel2Add.xml (RunModel)" time="0.024" />
  <testcase classname="ptolemy.util.test.junit.AutoTests" name="[34] /home/travis/build/icyphy/ptII/ptolemy/domains/de/test/auto/MergeModel3Add.xml (RunModel)" time="0.029" />
  <testcase classname="ptolemy.util.test.junit.AutoTests" name="[35] /home/travis/build/icyphy/ptII/ptolemy/domains/de/test/auto/MergeWithoutDiscard.xml (RunModel)" time="0.008" />
  <testcase classname="ptolemy.util.test.junit.AutoTests" name="[36] /home/travis/build/icyphy/ptII/ptolemy/domains/de/test/auto/Modal1.xml (RunModel)" time="0.018" />
  <testcase classname="ptolemy.util.test.junit.AutoTests" name="[37] /home/travis/build/icyphy/ptII/ptolemy/domains/de/test/auto/Modal2.xml (RunModel)" time="0.021" />
  <testcase classname="ptolemy.util.test.junit.AutoTests" name="[38] /home/travis/build/icyphy/ptII/ptolemy/domains/de/test/auto/Modal3.xml (RunModel)" time="0.019" />
  <testcase classname="ptolemy.util.test.junit.AutoTests" name="[39] /home/travis/build/icyphy/ptII/ptolemy/domains/de/test/auto/Modal4.xml (RunModel)" time="0.024" />
  <testcase classname="ptolemy.util.test.junit.AutoTests" name="[40] /home/travis/build/icyphy/ptII/ptolemy/domains/de/test/auto/Modal5.xml (RunModel)" time="0.02" />
  <testcase classname="ptolemy.util.test.junit.AutoTests" name="[41] /home/travis/build/icyphy/ptII/ptolemy/domains/de/test/auto/Modal6.xml (RunModel)" time="0.02" />
  <testcase classname="ptolemy.util.test.junit.AutoTests" name="[42] /home/travis/build/icyphy/ptII/ptolemy/domains/de/test/auto/Modal7.xml (RunModel)" time="0.018" />
  <testcase classname="ptolemy.util.test.junit.AutoTests" name="[43] /home/travis/build/icyphy/ptII/ptolemy/domains/de/test/auto/ModalModel.xml (RunModel)" time="0.112" />
  <testcase classname="ptolemy.util.test.junit.AutoTests" name="[44] /home/travis/build/icyphy/ptII/ptolemy/domains/de/test/auto/ModalSource.xml (RunModel)" time="0.012" />
  <testcase classname="ptolemy.util.test.junit.AutoTests" name="[45] /home/travis/build/icyphy/ptII/ptolemy/domains/de/test/auto/NonInterruptibleTimerZeroDelay.xml (RunModel)" time="0.009" />
  <testcase classname="ptolemy.util.test.junit.AutoTests" name="[46] /home/travis/build/icyphy/ptII/ptolemy/domains/de/test/auto/OpenQueueingNetwork.xml (RunModel)" time="1.814" />
  <testcase classname="ptolemy.util.test.junit.AutoTests" name="[47] /home/travis/build/icyphy/ptII/ptolemy/domains/de/test/auto/OpenQueuingNetwork.xml (RunModel)" time="0.259" />
  <testcase classname="ptolemy.util.test.junit.AutoTests" name="[48] /home/travis/build/icyphy/ptII/ptolemy/domains/de/test/auto/PeriodicSampler.xml (RunModel)" time="0.007" />
  <testcase classname="ptolemy.util.test.junit.AutoTests" name="[49] /home/travis/build/icyphy/ptII/ptolemy/domains/de/test/auto/PersistentIO.xml (RunModel)" time="0.017" />
  <testcase classname="ptolemy.util.test.junit.AutoTests" name="[50] /home/travis/build/icyphy/ptII/ptolemy/domains/de/test/auto/PortParameterResetOnInitialize.xml (RunModel)" time="0.008" />
  <testcase classname="ptolemy.util.test.junit.AutoTests" name="[51] /home/travis/build/icyphy/ptII/ptolemy/domains/de/test/auto/PortParameterUpdates.xml (RunModel)" time="0.018" />
  <testcase classname="ptolemy.util.test.junit.AutoTests" name="[52] /home/travis/build/icyphy/ptII/ptolemy/domains/de/test/auto/QueueAndServer.xml (RunModel)" time="0.023" />
  <testcase classname="ptolemy.util.test.junit.AutoTests" name="[53] /home/travis/build/icyphy/ptII/ptolemy/domains/de/test/auto/Records.xml (RunModel)" time="0.021" />
  <testcase classname="ptolemy.util.test.junit.AutoTests" name="[54] /home/travis/build/icyphy/ptII/ptolemy/domains/de/test/auto/ResetTransitionWithStartTime1.xml (RunModel)" time="0.029" />
  <testcase classname="ptolemy.util.test.junit.AutoTests" name="[55] /home/travis/build/icyphy/ptII/ptolemy/domains/de/test/auto/ResetTransitionWithStartTime2.xml (RunModel)" time="0.02" />
  <testcase classname="ptolemy.util.test.junit.AutoTests" name="[56] /home/travis/build/icyphy/ptII/ptolemy/domains/de/test/auto/ResetTransitionWithStartTime3.xml (RunModel)" time="0.019" />
  <testcase classname="ptolemy.util.test.junit.AutoTests" name="[57] /home/travis/build/icyphy/ptII/ptolemy/domains/de/test/auto/ResetTransitionWithStartTime4.xml (RunModel)" time="0.021" />
  <testcase classname="ptolemy.util.test.junit.AutoTests" name="[58] /home/travis/build/icyphy/ptII/ptolemy/domains/de/test/auto/ResettableTimer1.xml (RunModel)" time="0.009" />
  <testcase classname="ptolemy.util.test.junit.AutoTests" name="[59] /home/travis/build/icyphy/ptII/ptolemy/domains/de/test/auto/ResettableTimer2.xml (RunModel)" time="0.01" />
  <testcase classname="ptolemy.util.test.junit.AutoTests" name="[60] /home/travis/build/icyphy/ptII/ptolemy/domains/de/test/auto/ResettableTimer3.xml (RunModel)" time="0.01" />
  <testcase classname="ptolemy.util.test.junit.AutoTests" name="[61] /home/travis/build/icyphy/ptII/ptolemy/domains/de/test/auto/ResettableTimer4.xml (RunModel)" time="0.01" />
  <testcase classname="ptolemy.util.test.junit.AutoTests" name="[62] /home/travis/build/icyphy/ptII/ptolemy/domains/de/test/auto/ResettableTimer5.xml (RunModel)" time="0.009" />
  <testcase classname="ptolemy.util.test.junit.AutoTests" name="[63] /home/travis/build/icyphy/ptII/ptolemy/domains/de/test/auto/ResettableTimer6.xml (RunModel)" time="0.016" />
  <testcase classname="ptolemy.util.test.junit.AutoTests" name="[64] /home/travis/build/icyphy/ptII/ptolemy/domains/de/test/auto/ServerZeroDelay.xml (RunModel)" time="0.012" />
  <testcase classname="ptolemy.util.test.junit.AutoTests" name="[65] /home/travis/build/icyphy/ptII/ptolemy/domains/de/test/auto/SmartSender.xml (RunModel)" time="3.01" />
  <testcase classname="ptolemy.util.test.junit.AutoTests" name="[66] /home/travis/build/icyphy/ptII/ptolemy/domains/de/test/auto/ThreadedComposite.xml (RunModel)" time="0.105" />
  <testcase classname="ptolemy.util.test.junit.AutoTests" name="[67] /home/travis/build/icyphy/ptII/ptolemy/domains/de/test/auto/Time.xml (RunModel)" time="0.415" />
  <testcase classname="ptolemy.util.test.junit.AutoTests" name="[68] /home/travis/build/icyphy/ptII/ptolemy/domains/de/test/auto/TimeDelayZeroDelay.xml (RunModel)" time="0.013" />
  <testcase classname="ptolemy.util.test.junit.AutoTests" name="[69] /home/travis/build/icyphy/ptII/ptolemy/domains/de/test/auto/TimerZeroDelay.xml (RunModel)" time="0.01" />
  <testcase classname="ptolemy.util.test.junit.AutoTests" name="[70] /home/travis/build/icyphy/ptII/ptolemy/domains/de/test/auto/TimingParadox.xml (RunModel)" time="0.338" />
  <testcase classname="ptolemy.util.test.junit.AutoTests" name="[71] /home/travis/build/icyphy/ptII/ptolemy/domains/de/test/auto/TransferInputs.xml (RunModel)" time="0.009" />
  <testcase classname="ptolemy.util.test.junit.AutoTests" name="[72] /home/travis/build/icyphy/ptII/ptolemy/domains/de/test/auto/TransferOutputs2.xml (RunModel)" time="0.015" />
  <testcase classname="ptolemy.util.test.junit.AutoTests" name="[73] /home/travis/build/icyphy/ptII/ptolemy/domains/de/test/auto/Trilateration.xml (RunModel)" time="11.943" />
  <testcase classname="ptolemy.util.test.junit.AutoTests" name="[74] /home/travis/build/icyphy/ptII/ptolemy/domains/de/test/auto/TwoSigmaDelta.xml (RunModel)" time="1.917" />
  <testcase classname="ptolemy.util.test.junit.AutoTests" name="[75] /home/travis/build/icyphy/ptII/ptolemy/domains/de/test/auto/VariableDelay.xml (RunModel)" time="0.019" />
  <testcase classname="ptolemy.util.test.junit.AutoTests" name="[76] /home/travis/build/icyphy/ptII/ptolemy/domains/de/test/auto/VariableDelay2.xml (RunModel)" time="0.008" />
  <testcase classname="ptolemy.util.test.junit.AutoTests" name="[77] /home/travis/build/icyphy/ptII/ptolemy/domains/de/test/auto/VariableDelayZeroDelay.xml (RunModel)" time="0.01" />
  <testcase classname="ptolemy.util.test.junit.AutoTests" name="[78] /home/travis/build/icyphy/ptII/ptolemy/domains/de/test/auto/VariableDelayZeroDelay2.xml (RunModel)" time="0.009" />
  <testcase classname="ptolemy.util.test.junit.AutoTests" name="[79] /home/travis/build/icyphy/ptII/ptolemy/domains/de/test/auto/deInCt.xml (RunModel)" time="0.018" />
  <testcase classname="ptolemy.util.test.junit.AutoTests" name="[80] /home/travis/build/icyphy/ptII/ptolemy/domains/de/test/auto/deInCt2.xml (RunModel)" time="0.015" />
  <testcase classname="ptolemy.util.test.junit.AutoTests" name="[81] /home/travis/build/icyphy/ptII/ptolemy/domains/de/test/auto/dynamicCausalityInterface1.xml (RunModel)" time="0.017" />
  <testcase classname="ptolemy.util.test.junit.AutoTests" name="[82] /home/travis/build/icyphy/ptII/ptolemy/domains/de/test/auto/fsm_de_test.xml (RunModel)" time="0.028" />
  <testcase classname="ptolemy.util.test.junit.AutoTests" name="[83] /home/travis/build/icyphy/ptII/ptolemy/domains/de/test/auto/functionDependencyReconstruction.xml (RunModel)" time="0.032" />
  <testcase classname="ptolemy.util.test.junit.AutoTests" name="[84] /home/travis/build/icyphy/ptII/ptolemy/domains/de/test/auto/multirate.xml (RunModel)" time="0.015" />
  <testcase classname="ptolemy.util.test.junit.AutoTests" name="[85] /home/travis/build/icyphy/ptII/ptolemy/domains/de/test/auto/multirate2.xml (RunModel)" time="0.015" />
  <testcase classname="ptolemy.util.test.junit.AutoTests" name="[86] /home/travis/build/icyphy/ptII/ptolemy/domains/de/test/auto/realtime.xml (RunModel)" time="10.011" />
  <testcase classname="ptolemy.util.test.junit.AutoTests" name="[87] /home/travis/build/icyphy/ptII/ptolemy/domains/de/test/auto/relationGroup.xml (RunModel)" time="0.007" />
  <testcase classname="ptolemy.util.test.junit.AutoTests" name="[88] /home/travis/build/icyphy/ptII/ptolemy/domains/de/test/auto/relationGroup2.xml (RunModel)" time="0.006" />
  <testcase classname="ptolemy.util.test.junit.AutoTests" name="[89] /home/travis/build/icyphy/ptII/ptolemy/domains/de/test/auto/sortWithOpaquePorts.xml (RunModel)" time="0.007" />
  <testcase classname="ptolemy.util.test.junit.AutoTests" name="[90] /home/travis/build/icyphy/ptII/ptolemy/domains/de/test/auto/transferInputsandOutputs.xml (RunModel)" time="0.015" />
  <testcase classname="ptolemy.util.test.junit.AutoTests" name="[91] /home/travis/build/icyphy/ptII/ptolemy/domains/de/test/auto/triggerType.xml (RunModel)" time="0.008" />
  <system-out><![CDATA[/home/travis/build/icyphy/ptII/ptolemy/domains/de/test/DependencyLoop.tcl
testDefs.tcl: setting time out to 9000 seconds at Mon Jun 18 16:09:14 UTC 2018
13 ms. Memory: 116224K Free: 93843K (81%)
15 ms. Memory: 146944K Free: 136713K (93%)
/home/travis/build/icyphy/ptII/ptolemy/domains/de/test/RunDETestsAsQSS.tcl
Run the DE tests using ptolemy.domains.qss.test.QSSDirectorTest, which extends QSSDirector and prints a message in the constructors.
------------------ testing $PTII/ptolemy/domains/de/test/auto/knownFailedTests/dependencyLoop.xml (Known Failure) 
9 ms. Memory: 146944K Free: 133601K (91%)


==== $PTIIhome/travis/build/icyphy/ptII/ptolemy/domains/de/test/../../../../: Auto Automatic test in file $PTII/ptolemy/domains/de/test/auto/knownFailedTests/dependencyLoop.xml
==== Contents of test case:

	    # FIXME: we should use $relativeFilename here, but it
	    # might have backslashes under Windows, which causes no end
	    # of trouble.
	    createAndExecute $file
	    list {}
	
.... Test generated KNOWN error:
    while executing
ptolemy.kernel.util.IllegalActionException: Found a zero delay loop containing .dependencyLoop.original
  in .dependencyLoop and .dependencyLoop.original
	at ptolemy.actor.util.CausalityInterfaceForComposites._computeOutputPortDepth(CausalityInterfaceForComposites.java:759)
	at ptolemy.actor.util.CausalityInterfaceForComposites._computeInputDepth(CausalityInterfaceForComposites.java:696)
	at ptolemy.actor.util.CausalityInterfaceForComposites._computeOutputPortDepth(CausalityInterfaceForComposites.java:765)
	at ptolemy.actor.util.CausalityInterfaceForComposites._computeInputDepth(CausalityInterfaceForComposites.java:696)
	at ptolemy.actor.util.CausalityInterfaceForComposites._computeOutputPortDepth(CausalityInterfaceForComposites.java:765)
	at ptolemy.actor.util.CausalityInterfaceForComposites._computeInputDepth(CausalityInterfaceForComposites.java:696)
	at ptolemy.actor.util.CausalityInterfaceForComposites._computeActorDepth(CausalityInterfaceForComposites.java:532)
	at ptolemy.actor.util.CausalityInterfaceForComposites.checkForCycles(CausalityInterfaceForComposites.java:96)
	at ptolemy.domains.de.kernel.DEDirector.preinitialize(DEDirector.java:1338)
	at ptolemy.actor.CompositeActor.preinitialize(CompositeActor.java:1828)
	at ptolemy.actor.Manager.preinitializeAndResolveTypes(Manager.java:1040)
	at ptolemy.actor.Manager.initialize(Manager.java:710)
	at ptolemy.actor.Manager.execute(Manager.java:356)
	at ptolemy.actor.Manager.run(Manager.java:1263)
	at ptolemy.actor.Manager$PtolemyRunThread.run(Manager.java:1915)

    while executing
ptolemy.kernel.util.IllegalActionException: Found a zero delay loop containing .dependencyLoop.original
  in .dependencyLoop and .dependencyLoop.original
    while executing
"java::new ptolemy.moml.MoMLSimpleApplication $file
"
    (procedure "createAndExecute" line 2)
    invoked from within
"createAndExecute $file"
    ("uplevel" body line 5)
    invoked from within
"uplevel $contents_of_test"
------------------ testing $PTII/ptolemy/domains/de/test/auto/knownFailedTests/DESDFClockTest.xml (Known Failure) 
2080 ms. Memory: 146944K Free: 117878K (80%)


==== $PTIIhome/travis/build/icyphy/ptII/ptolemy/domains/de/test/../../../../: Auto Automatic test in file $PTII/ptolemy/domains/de/test/auto/knownFailedTests/DESDFClockTest.xml
==== Contents of test case:

	    # FIXME: we should use $relativeFilename here, but it
	    # might have backslashes under Windows, which causes no end
	    # of trouble.
	    createAndExecute $file
	    list {}
	
.... Test generated KNOWN error:
    while executing
ptolemy.kernel.util.IllegalActionException: Actor is not ready to fire.  Perhaps UpSample.prefire() returned false? Try debugging the actor by selecting "Listen to Actor".  Also, for SDF check moml for tokenConsumptionRate on input.
  in .DESDFClockTest.Play Bell.Copy1:SDF Director and .DESDFClockTest.Play Bell.UpSample
	at ptolemy.actor.sched.StaticSchedulingDirector.fire(StaticSchedulingDirector.java:227)
	at ptolemy.domains.sdf.kernel.SDFDirector.fire(SDFDirector.java:500)
	at ptolemy.actor.CompositeActor.fire(CompositeActor.java:455)
	at ptolemy.domains.de.kernel.DEDirector._fire(DEDirector.java:1949)
	at ptolemy.domains.de.kernel.DEDirector.fire(DEDirector.java:502)
	at ptolemy.actor.CompositeActor.fire(CompositeActor.java:455)
	at ptolemy.actor.Manager.iterate(Manager.java:851)
	at ptolemy.actor.Manager.execute(Manager.java:369)
	at ptolemy.actor.Manager.run(Manager.java:1263)
	at ptolemy.actor.Manager$PtolemyRunThread.run(Manager.java:1915)

    while executing
ptolemy.kernel.util.IllegalActionException: Actor is not ready to fire.  Perhaps UpSample.prefire() returned false? Try debugging the actor by selecting "Listen to Actor".  Also, for SDF check moml for tokenConsumptionRate on input.
  in .DESDFClockTest.Play Bell.Copy1:SDF Director and .DESDFClockTest.Play Bell.UpSample
    while executing
"java::new ptolemy.moml.MoMLSimpleApplication $file
"
    (procedure "createAndExecute" line 2)
    invoked from within
"createAndExecute $file"
    ("uplevel" body line 5)
    invoked from within
"uplevel $contents_of_test"
------------------ testing $PTII/ptolemy/domains/de/test/auto/knownFailedTests/FSMSource.xml (Known Failure) 
20 ms. Memory: 146944K Free: 108393K (74%)
!!!! Auto was marked as failing, but now passes
------------------ testing $PTII/ptolemy/domains/de/test/auto/knownFailedTests/dependencyLoop2.xml (Known Failure) 
7 ms. Memory: 146944K Free: 106534K (72%)


==== $PTIIhome/travis/build/icyphy/ptII/ptolemy/domains/de/test/../../../../: Auto Automatic test in file $PTII/ptolemy/domains/de/test/auto/knownFailedTests/dependencyLoop2.xml
==== Contents of test case:

	    # FIXME: we should use $relativeFilename here, but it
	    # might have backslashes under Windows, which causes no end
	    # of trouble.
	    createAndExecute $file
	    list {}
	
.... Test generated KNOWN error:
    while executing
ptolemy.kernel.util.IllegalActionException: Found a zero delay loop containing .dependencyLoop2.original
  in .dependencyLoop2 and .dependencyLoop2.original
	at ptolemy.actor.util.CausalityInterfaceForComposites._computeOutputPortDepth(CausalityInterfaceForComposites.java:759)
	at ptolemy.actor.util.CausalityInterfaceForComposites._computeInputDepth(CausalityInterfaceForComposites.java:696)
	at ptolemy.actor.util.CausalityInterfaceForComposites._computeOutputPortDepth(CausalityInterfaceForComposites.java:765)
	at ptolemy.actor.util.CausalityInterfaceForComposites._computeInputDepth(CausalityInterfaceForComposites.java:696)
	at ptolemy.actor.util.CausalityInterfaceForComposites._computeOutputPortDepth(CausalityInterfaceForComposites.java:765)
	at ptolemy.actor.util.CausalityInterfaceForComposites._computeInputDepth(CausalityInterfaceForComposites.java:696)
	at ptolemy.actor.util.CausalityInterfaceForComposites._computeActorDepth(CausalityInterfaceForComposites.java:532)
	at ptolemy.actor.util.CausalityInterfaceForComposites.checkForCycles(CausalityInterfaceForComposites.java:96)
	at ptolemy.domains.de.kernel.DEDirector.preinitialize(DEDirector.java:1338)
	at ptolemy.actor.CompositeActor.preinitialize(CompositeActor.java:1828)
	at ptolemy.actor.Manager.preinitializeAndResolveTypes(Manager.java:1040)
	at ptolemy.actor.Manager.initialize(Manager.java:710)
	at ptolemy.actor.Manager.execute(Manager.java:356)
	at ptolemy.actor.Manager.run(Manager.java:1263)
	at ptolemy.actor.Manager$PtolemyRunThread.run(Manager.java:1915)

    while executing
ptolemy.kernel.util.IllegalActionException: Found a zero delay loop containing .dependencyLoop2.original
  in .dependencyLoop2 and .dependencyLoop2.original
    while executing
"java::new ptolemy.moml.MoMLSimpleApplication $file
"
    (procedure "createAndExecute" line 2)
    invoked from within
"createAndExecute $file"
    ("uplevel" body line 5)
    invoked from within
"uplevel $contents_of_test"
------------------ testing $PTII/ptolemy/domains/de/test/auto/knownFailedTests/HierarchicalModel.xml (Known Failure) 
5 ms. Memory: 146944K Free: 84976K (58%)


==== $PTIIhome/travis/build/icyphy/ptII/ptolemy/domains/de/test/../../../../: Auto Automatic test in file $PTII/ptolemy/domains/de/test/auto/knownFailedTests/HierarchicalModel.xml
==== Contents of test case:

	    # FIXME: we should use $relativeFilename here, but it
	    # might have backslashes under Windows, which causes no end
	    # of trouble.
	    createAndExecute $file
	    list {}
	
.... Test generated KNOWN error:
    while executing
ptolemy.kernel.util.IllegalActionException: Found a zero delay loop containing .HierarchicalModel.A
  in .HierarchicalModel and .HierarchicalModel.A
	at ptolemy.actor.util.CausalityInterfaceForComposites._computeOutputPortDepth(CausalityInterfaceForComposites.java:759)
	at ptolemy.actor.util.CausalityInterfaceForComposites._computeInputDepth(CausalityInterfaceForComposites.java:696)
	at ptolemy.actor.util.CausalityInterfaceForComposites._computeOutputPortDepth(CausalityInterfaceForComposites.java:765)
	at ptolemy.actor.util.CausalityInterfaceForComposites._computeInputDepth(CausalityInterfaceForComposites.java:696)
	at ptolemy.actor.util.CausalityInterfaceForComposites._computeOutputPortDepth(CausalityInterfaceForComposites.java:765)
	at ptolemy.actor.util.CausalityInterfaceForComposites._computeInputDepth(CausalityInterfaceForComposites.java:696)
	at ptolemy.actor.util.CausalityInterfaceForComposites._computeActorDepth(CausalityInterfaceForComposites.java:532)
	at ptolemy.actor.util.CausalityInterfaceForComposites.checkForCycles(CausalityInterfaceForComposites.java:96)
	at ptolemy.domains.de.kernel.DEDirector.preinitialize(DEDirector.java:1338)
	at ptolemy.actor.CompositeActor.preinitialize(CompositeActor.java:1828)
	at ptolemy.actor.Manager.preinitializeAndResolveTypes(Manager.java:1040)
	at ptolemy.actor.Manager.initialize(Manager.java:710)
	at ptolemy.actor.Manager.execute(Manager.java:356)
	at ptolemy.actor.Manager.run(Manager.java:1263)
	at ptolemy.actor.Manager$PtolemyRunThread.run(Manager.java:1915)

    while executing
ptolemy.kernel.util.IllegalActionException: Found a zero delay loop containing .HierarchicalModel.A
  in .HierarchicalModel and .HierarchicalModel.A
    while executing
"java::new ptolemy.moml.MoMLSimpleApplication $file
"
    (procedure "createAndExecute" line 2)
    invoked from within
"createAndExecute $file"
    ("uplevel" body line 5)
    invoked from within
"uplevel $contents_of_test"
------------------ testing $PTII/ptolemy/domains/de/test/auto/knownFailedTests/DirectFeedback.xml (Known Failure) 
15 ms. Memory: 146944K Free: 142579K (97%)


==== $PTIIhome/travis/build/icyphy/ptII/ptolemy/domains/de/test/../../../../: Auto Automatic test in file $PTII/ptolemy/domains/de/test/auto/knownFailedTests/DirectFeedback.xml
==== Contents of test case:

	    # FIXME: we should use $relativeFilename here, but it
	    # might have backslashes under Windows, which causes no end
	    # of trouble.
	    createAndExecute $file
	    list {}
	
.... Test generated KNOWN error:
    while executing
ptolemy.kernel.util.IllegalActionException: Test fails in iteration 1.
Value was: 1.0. Should have been: 2.0
  in .DirectFeedback.Test
	at ptolemy.actor.lib.Test.fire(Test.java:268)
	at ptolemy.domains.de.kernel.DEDirector._fire(DEDirector.java:1949)
	at ptolemy.domains.de.kernel.DEDirector.fire(DEDirector.java:502)
	at ptolemy.actor.CompositeActor.fire(CompositeActor.java:455)
	at ptolemy.actor.Manager.iterate(Manager.java:851)
	at ptolemy.actor.Manager.execute(Manager.java:369)
	at ptolemy.actor.Manager.run(Manager.java:1263)
	at ptolemy.actor.Manager$PtolemyRunThread.run(Manager.java:1915)

    while executing
ptolemy.kernel.util.IllegalActionException: Test fails in iteration 1.
Value was: 1.0. Should have been: 2.0
  in .DirectFeedback.Test
    while executing
"java::new ptolemy.moml.MoMLSimpleApplication $file
"
    (procedure "createAndExecute" line 2)
    invoked from within
"createAndExecute $file"
    ("uplevel" body line 5)
    invoked from within
"uplevel $contents_of_test"
------------------ testing $PTII/ptolemy/domains/de/test/auto/ActorDepthCalculation_actorWithoutPorts.xml
auto.tcl: Setting watchdog for 200 seconds at Mon Jun 18 16:09:17 UTC 2018
12 ms. Memory: 146944K Free: 133581K (91%)
ptolemy.util.test.WatchDog.cancel(): canceling Mon Jun 18 16:09:17 UTC 2018
auto.tcl: Setting watchdog for 200 seconds at Mon Jun 18 16:09:17 UTC 2018
4 ms. Memory: 146944K Free: 132538K (90%)
ptolemy.util.test.WatchDog.cancel(): canceling Mon Jun 18 16:09:17 UTC 2018
------------------ testing $PTII/ptolemy/domains/de/test/auto/AssemblyLine.xml
auto.tcl: Setting watchdog for 200 seconds at Mon Jun 18 16:09:17 UTC 2018
11 ms. Memory: 208384K Free: 181507K (87%)
ptolemy.util.test.WatchDog.cancel(): canceling Mon Jun 18 16:09:17 UTC 2018
auto.tcl: Setting watchdog for 200 seconds at Mon Jun 18 16:09:17 UTC 2018
11 ms. Memory: 208384K Free: 181507K (87%)
ptolemy.util.test.WatchDog.cancel(): canceling Mon Jun 18 16:09:18 UTC 2018
------------------ testing $PTII/ptolemy/domains/de/test/auto/CQBug1.xml
auto.tcl: Setting watchdog for 200 seconds at Mon Jun 18 16:09:18 UTC 2018
4 ms. Memory: 208384K Free: 196430K (94%)
ptolemy.util.test.WatchDog.cancel(): canceling Mon Jun 18 16:09:18 UTC 2018
auto.tcl: Setting watchdog for 200 seconds at Mon Jun 18 16:09:18 UTC 2018
2 ms. Memory: 208384K Free: 196430K (94%)
ptolemy.util.test.WatchDog.cancel(): canceling Mon Jun 18 16:09:18 UTC 2018
------------------ testing $PTII/ptolemy/domains/de/test/auto/CancelFireAt.xml
auto.tcl: Setting watchdog for 200 seconds at Mon Jun 18 16:09:18 UTC 2018
7 ms. Memory: 208384K Free: 200994K (96%)
ptolemy.util.test.WatchDog.cancel(): canceling Mon Jun 18 16:09:18 UTC 2018
auto.tcl: Setting watchdog for 200 seconds at Mon Jun 18 16:09:18 UTC 2018
4 ms. Memory: 208384K Free: 198870K (95%)
ptolemy.util.test.WatchDog.cancel(): canceling Mon Jun 18 16:09:18 UTC 2018
------------------ testing $PTII/ptolemy/domains/de/test/auto/CausalityAndComposabilityAnalysis.xml
auto.tcl: Setting watchdog for 200 seconds at Mon Jun 18 16:09:18 UTC 2018
12 ms. Memory: 208384K Free: 198540K (95%)
ptolemy.util.test.WatchDog.cancel(): canceling Mon Jun 18 16:09:18 UTC 2018
auto.tcl: Setting watchdog for 200 seconds at Mon Jun 18 16:09:18 UTC 2018
5 ms. Memory: 208384K Free: 196416K (94%)
ptolemy.util.test.WatchDog.cancel(): canceling Mon Jun 18 16:09:18 UTC 2018
------------------ testing $PTII/ptolemy/domains/de/test/auto/CausalityInterface1.xml
auto.tcl: Setting watchdog for 200 seconds at Mon Jun 18 16:09:18 UTC 2018
24 ms. Memory: 208384K Free: 196354K (94%)
ptolemy.util.test.WatchDog.cancel(): canceling Mon Jun 18 16:09:18 UTC 2018
auto.tcl: Setting watchdog for 200 seconds at Mon Jun 18 16:09:18 UTC 2018
4 ms. Memory: 208384K Free: 196354K (94%)
ptolemy.util.test.WatchDog.cancel(): canceling Mon Jun 18 16:09:18 UTC 2018
------------------ testing $PTII/ptolemy/domains/de/test/auto/CausalityInterface15.xml
auto.tcl: Setting watchdog for 200 seconds at Mon Jun 18 16:09:18 UTC 2018
12 ms. Memory: 208384K Free: 196344K (94%)
ptolemy.util.test.WatchDog.cancel(): canceling Mon Jun 18 16:09:18 UTC 2018
auto.tcl: Setting watchdog for 200 seconds at Mon Jun 18 16:09:18 UTC 2018
3 ms. Memory: 208384K Free: 196344K (94%)
ptolemy.util.test.WatchDog.cancel(): canceling Mon Jun 18 16:09:18 UTC 2018
------------------ testing $PTII/ptolemy/domains/de/test/auto/CausalityInterface2.xml
auto.tcl: Setting watchdog for 200 seconds at Mon Jun 18 16:09:18 UTC 2018
6 ms. Memory: 208384K Free: 196328K (94%)
ptolemy.util.test.WatchDog.cancel(): canceling Mon Jun 18 16:09:18 UTC 2018
auto.tcl: Setting watchdog for 200 seconds at Mon Jun 18 16:09:18 UTC 2018
3 ms. Memory: 208384K Free: 196328K (94%)
ptolemy.util.test.WatchDog.cancel(): canceling Mon Jun 18 16:09:18 UTC 2018
------------------ testing $PTII/ptolemy/domains/de/test/auto/CausalityInterface3.xml
auto.tcl: Setting watchdog for 200 seconds at Mon Jun 18 16:09:18 UTC 2018
3 ms. Memory: 208384K Free: 196341K (94%)
ptolemy.util.test.WatchDog.cancel(): canceling Mon Jun 18 16:09:18 UTC 2018
auto.tcl: Setting watchdog for 200 seconds at Mon Jun 18 16:09:18 UTC 2018
7 ms. Memory: 208384K Free: 196341K (94%)
ptolemy.util.test.WatchDog.cancel(): canceling Mon Jun 18 16:09:18 UTC 2018
------------------ testing $PTII/ptolemy/domains/de/test/auto/ClockDrift.xml
auto.tcl: Setting watchdog for 200 seconds at Mon Jun 18 16:09:18 UTC 2018
52 ms. Memory: 208384K Free: 187500K (90%)
ptolemy.util.test.WatchDog.cancel(): canceling Mon Jun 18 16:09:18 UTC 2018
auto.tcl: Setting watchdog for 200 seconds at Mon Jun 18 16:09:18 UTC 2018
43 ms. Memory: 208384K Free: 185376K (89%)
ptolemy.util.test.WatchDog.cancel(): canceling Mon Jun 18 16:09:18 UTC 2018
------------------ testing $PTII/ptolemy/domains/de/test/auto/ClockDriftAndValueChange.xml
auto.tcl: Setting watchdog for 200 seconds at Mon Jun 18 16:09:18 UTC 2018
64 ms. Memory: 208384K Free: 187337K (90%)
ptolemy.util.test.WatchDog.cancel(): canceling Mon Jun 18 16:09:19 UTC 2018
auto.tcl: Setting watchdog for 200 seconds at Mon Jun 18 16:09:19 UTC 2018
25 ms. Memory: 208384K Free: 185213K (89%)
ptolemy.util.test.WatchDog.cancel(): canceling Mon Jun 18 16:09:19 UTC 2018
------------------ testing $PTII/ptolemy/domains/de/test/auto/ClockDriftChange.xml
auto.tcl: Setting watchdog for 200 seconds at Mon Jun 18 16:09:19 UTC 2018
34 ms. Memory: 208384K Free: 190688K (92%)
ptolemy.util.test.WatchDog.cancel(): canceling Mon Jun 18 16:09:19 UTC 2018
auto.tcl: Setting watchdog for 200 seconds at Mon Jun 18 16:09:19 UTC 2018
26 ms. Memory: 208384K Free: 188564K (90%)
ptolemy.util.test.WatchDog.cancel(): canceling Mon Jun 18 16:09:19 UTC 2018
------------------ testing $PTII/ptolemy/domains/de/test/auto/ComposableCausalityAnalysis.xml
auto.tcl: Setting watchdog for 200 seconds at Mon Jun 18 16:09:19 UTC 2018
2 ms. Memory: 208384K Free: 196200K (94%)
ptolemy.util.test.WatchDog.cancel(): canceling Mon Jun 18 16:09:19 UTC 2018
auto.tcl: Setting watchdog for 200 seconds at Mon Jun 18 16:09:19 UTC 2018
2 ms. Memory: 208384K Free: 194077K (93%)
ptolemy.util.test.WatchDog.cancel(): canceling Mon Jun 18 16:09:19 UTC 2018
------------------ testing $PTII/ptolemy/domains/de/test/auto/DEFixedPointLimitation.xml
auto.tcl: Setting watchdog for 200 seconds at Mon Jun 18 16:09:19 UTC 2018
2 ms. Memory: 208384K Free: 198405K (95%)
ptolemy.util.test.WatchDog.cancel(): canceling Mon Jun 18 16:09:19 UTC 2018
auto.tcl: Setting watchdog for 200 seconds at Mon Jun 18 16:09:19 UTC 2018
1 ms. Memory: 208384K Free: 196280K (94%)
ptolemy.util.test.WatchDog.cancel(): canceling Mon Jun 18 16:09:19 UTC 2018
------------------ testing $PTII/ptolemy/domains/de/test/auto/DEScheduleTest.xml
auto.tcl: Setting watchdog for 200 seconds at Mon Jun 18 16:09:19 UTC 2018
4 ms. Memory: 208384K Free: 198441K (95%)
ptolemy.util.test.WatchDog.cancel(): canceling Mon Jun 18 16:09:19 UTC 2018
auto.tcl: Setting watchdog for 200 seconds at Mon Jun 18 16:09:19 UTC 2018
6 ms. Memory: 208384K Free: 196317K (94%)
ptolemy.util.test.WatchDog.cancel(): canceling Mon Jun 18 16:09:19 UTC 2018
------------------ testing $PTII/ptolemy/domains/de/test/auto/DEinDEwithStartTimes.xml
auto.tcl: Setting watchdog for 200 seconds at Mon Jun 18 16:09:19 UTC 2018
4 ms. Memory: 208384K Free: 196287K (94%)
ptolemy.util.test.WatchDog.cancel(): canceling Mon Jun 18 16:09:19 UTC 2018
auto.tcl: Setting watchdog for 200 seconds at Mon Jun 18 16:09:19 UTC 2018
4 ms. Memory: 208384K Free: 194163K (93%)
ptolemy.util.test.WatchDog.cancel(): canceling Mon Jun 18 16:09:19 UTC 2018
------------------ testing $PTII/ptolemy/domains/de/test/auto/DEinDEwithStartTimes2.xml
auto.tcl: Setting watchdog for 200 seconds at Mon Jun 18 16:09:19 UTC 2018
4 ms. Memory: 208384K Free: 196266K (94%)
ptolemy.util.test.WatchDog.cancel(): canceling Mon Jun 18 16:09:19 UTC 2018
auto.tcl: Setting watchdog for 200 seconds at Mon Jun 18 16:09:19 UTC 2018
9 ms. Memory: 208384K Free: 194142K (93%)
ptolemy.util.test.WatchDog.cancel(): canceling Mon Jun 18 16:09:19 UTC 2018
------------------ testing $PTII/ptolemy/domains/de/test/auto/DateDemo.xml
auto.tcl: Setting watchdog for 200 seconds at Mon Jun 18 16:09:19 UTC 2018
11 ms. Memory: 208384K Free: 188631K (91%)
ptolemy.util.test.WatchDog.cancel(): canceling Mon Jun 18 16:09:19 UTC 2018
auto.tcl: Setting watchdog for 200 seconds at Mon Jun 18 16:09:19 UTC 2018
9 ms. Memory: 208384K Free: 186507K (90%)
ptolemy.util.test.WatchDog.cancel(): canceling Mon Jun 18 16:09:19 UTC 2018
------------------ testing $PTII/ptolemy/domains/de/test/auto/DateToEvent.xml
auto.tcl: Setting watchdog for 200 seconds at Mon Jun 18 16:09:19 UTC 2018
2025 ms. Memory: 208384K Free: 183258K (88%)
ptolemy.util.test.WatchDog.cancel(): canceling Mon Jun 18 16:09:22 UTC 2018
auto.tcl: Setting watchdog for 200 seconds at Mon Jun 18 16:09:22 UTC 2018
2007 ms. Memory: 208384K Free: 183258K (88%)
ptolemy.util.test.WatchDog.cancel(): canceling Mon Jun 18 16:09:24 UTC 2018
------------------ testing $PTII/ptolemy/domains/de/test/auto/DepthTest1.xml
auto.tcl: Setting watchdog for 200 seconds at Mon Jun 18 16:09:24 UTC 2018
6 ms. Memory: 208384K Free: 197968K (95%)
ptolemy.util.test.WatchDog.cancel(): canceling Mon Jun 18 16:09:24 UTC 2018
auto.tcl: Setting watchdog for 200 seconds at Mon Jun 18 16:09:24 UTC 2018
5 ms. Memory: 208384K Free: 197968K (95%)
ptolemy.util.test.WatchDog.cancel(): canceling Mon Jun 18 16:09:24 UTC 2018
------------------ testing $PTII/ptolemy/domains/de/test/auto/DepthTest2.xml
auto.tcl: Setting watchdog for 200 seconds at Mon Jun 18 16:09:24 UTC 2018
8 ms. Memory: 208384K Free: 194153K (93%)
ptolemy.util.test.WatchDog.cancel(): canceling Mon Jun 18 16:09:24 UTC 2018
auto.tcl: Setting watchdog for 200 seconds at Mon Jun 18 16:09:24 UTC 2018
2 ms. Memory: 208384K Free: 194153K (93%)
ptolemy.util.test.WatchDog.cancel(): canceling Mon Jun 18 16:09:24 UTC 2018
------------------ testing $PTII/ptolemy/domains/de/test/auto/DepthTest3.xml
auto.tcl: Setting watchdog for 200 seconds at Mon Jun 18 16:09:24 UTC 2018
2 ms. Memory: 208384K Free: 198302K (95%)
ptolemy.util.test.WatchDog.cancel(): canceling Mon Jun 18 16:09:24 UTC 2018
auto.tcl: Setting watchdog for 200 seconds at Mon Jun 18 16:09:24 UTC 2018
2 ms. Memory: 208384K Free: 198302K (95%)
ptolemy.util.test.WatchDog.cancel(): canceling Mon Jun 18 16:09:24 UTC 2018
------------------ testing $PTII/ptolemy/domains/de/test/auto/DepthTest4.xml
auto.tcl: Setting watchdog for 200 seconds at Mon Jun 18 16:09:24 UTC 2018
5 ms. Memory: 208384K Free: 196266K (94%)
ptolemy.util.test.WatchDog.cancel(): canceling Mon Jun 18 16:09:24 UTC 2018
auto.tcl: Setting watchdog for 200 seconds at Mon Jun 18 16:09:24 UTC 2018
2 ms. Memory: 208384K Free: 196266K (94%)
ptolemy.util.test.WatchDog.cancel(): canceling Mon Jun 18 16:09:24 UTC 2018
------------------ testing $PTII/ptolemy/domains/de/test/auto/DepthTest5.xml
auto.tcl: Setting watchdog for 200 seconds at Mon Jun 18 16:09:24 UTC 2018
6 ms. Memory: 208384K Free: 194093K (93%)
ptolemy.util.test.WatchDog.cancel(): canceling Mon Jun 18 16:09:24 UTC 2018
auto.tcl: Setting watchdog for 200 seconds at Mon Jun 18 16:09:24 UTC 2018
3 ms. Memory: 208384K Free: 194093K (93%)
ptolemy.util.test.WatchDog.cancel(): canceling Mon Jun 18 16:09:24 UTC 2018
------------------ testing $PTII/ptolemy/domains/de/test/auto/DepthTest6.xml
auto.tcl: Setting watchdog for 200 seconds at Mon Jun 18 16:09:24 UTC 2018
6 ms. Memory: 208384K Free: 196510K (94%)
ptolemy.util.test.WatchDog.cancel(): canceling Mon Jun 18 16:09:24 UTC 2018
auto.tcl: Setting watchdog for 200 seconds at Mon Jun 18 16:09:24 UTC 2018
2 ms. Memory: 208384K Free: 196510K (94%)
ptolemy.util.test.WatchDog.cancel(): canceling Mon Jun 18 16:09:24 UTC 2018
------------------ testing $PTII/ptolemy/domains/de/test/auto/DepthTest7.xml
auto.tcl: Setting watchdog for 200 seconds at Mon Jun 18 16:09:24 UTC 2018
6 ms. Memory: 208384K Free: 196170K (94%)
ptolemy.util.test.WatchDog.cancel(): canceling Mon Jun 18 16:09:24 UTC 2018
auto.tcl: Setting watchdog for 200 seconds at Mon Jun 18 16:09:24 UTC 2018
2 ms. Memory: 208384K Free: 196170K (94%)
ptolemy.util.test.WatchDog.cancel(): canceling Mon Jun 18 16:09:24 UTC 2018
------------------ testing $PTII/ptolemy/domains/de/test/auto/EventToDate.xml
auto.tcl: Setting watchdog for 200 seconds at Mon Jun 18 16:09:24 UTC 2018
3006 ms. Memory: 208384K Free: 185572K (89%)
ptolemy.util.test.WatchDog.cancel(): canceling Mon Jun 18 16:09:27 UTC 2018
auto.tcl: Setting watchdog for 200 seconds at Mon Jun 18 16:09:27 UTC 2018
3003 ms. Memory: 208384K Free: 185572K (89%)
ptolemy.util.test.WatchDog.cancel(): canceling Mon Jun 18 16:09:30 UTC 2018
------------------ testing $PTII/ptolemy/domains/de/test/auto/FSM1.xml
auto.tcl: Setting watchdog for 200 seconds at Mon Jun 18 16:09:30 UTC 2018
41 ms. Memory: 208384K Free: 189175K (91%)
ptolemy.util.test.WatchDog.cancel(): canceling Mon Jun 18 16:09:30 UTC 2018
auto.tcl: Setting watchdog for 200 seconds at Mon Jun 18 16:09:30 UTC 2018
22 ms. Memory: 208384K Free: 184927K (89%)
ptolemy.util.test.WatchDog.cancel(): canceling Mon Jun 18 16:09:30 UTC 2018
------------------ testing $PTII/ptolemy/domains/de/test/auto/FSM7.xml
auto.tcl: Setting watchdog for 200 seconds at Mon Jun 18 16:09:30 UTC 2018
13 ms. Memory: 208384K Free: 187253K (90%)
ptolemy.util.test.WatchDog.cancel(): canceling Mon Jun 18 16:09:30 UTC 2018
auto.tcl: Setting watchdog for 200 seconds at Mon Jun 18 16:09:30 UTC 2018
14 ms. Memory: 208384K Free: 185129K (89%)
ptolemy.util.test.WatchDog.cancel(): canceling Mon Jun 18 16:09:30 UTC 2018
------------------ testing $PTII/ptolemy/domains/de/test/auto/Inspection.xml
auto.tcl: Setting watchdog for 200 seconds at Mon Jun 18 16:09:31 UTC 2018
42 ms. Memory: 208384K Free: 188805K (91%)
ptolemy.util.test.WatchDog.cancel(): canceling Mon Jun 18 16:09:31 UTC 2018
auto.tcl: Setting watchdog for 200 seconds at Mon Jun 18 16:09:31 UTC 2018
22 ms. Memory: 208384K Free: 186681K (90%)
ptolemy.util.test.WatchDog.cancel(): canceling Mon Jun 18 16:09:31 UTC 2018
------------------ testing $PTII/ptolemy/domains/de/test/auto/Iteration.xml
auto.tcl: Setting watchdog for 200 seconds at Mon Jun 18 16:09:31 UTC 2018
8 ms. Memory: 208384K Free: 196314K (94%)
ptolemy.util.test.WatchDog.cancel(): canceling Mon Jun 18 16:09:31 UTC 2018
auto.tcl: Setting watchdog for 200 seconds at Mon Jun 18 16:09:31 UTC 2018
14 ms. Memory: 208384K Free: 194190K (93%)
ptolemy.util.test.WatchDog.cancel(): canceling Mon Jun 18 16:09:31 UTC 2018
------------------ testing $PTII/ptolemy/domains/de/test/auto/LineFault.xml
auto.tcl: Setting watchdog for 200 seconds at Mon Jun 18 16:09:31 UTC 2018
642 ms. Memory: 208384K Free: 195058K (94%)
ptolemy.util.test.WatchDog.cancel(): canceling Mon Jun 18 16:09:32 UTC 2018
auto.tcl: Setting watchdog for 200 seconds at Mon Jun 18 16:09:32 UTC 2018
510 ms. Memory: 208384K Free: 138938K (67%)
ptolemy.util.test.WatchDog.cancel(): canceling Mon Jun 18 16:09:32 UTC 2018
------------------ testing $PTII/ptolemy/domains/de/test/auto/MergeModel1Add.xml
auto.tcl: Setting watchdog for 200 seconds at Mon Jun 18 16:09:32 UTC 2018
20 ms. Memory: 331264K Free: 298991K (90%)
ptolemy.util.test.WatchDog.cancel(): canceling Mon Jun 18 16:09:32 UTC 2018
auto.tcl: Setting watchdog for 200 seconds at Mon Jun 18 16:09:32 UTC 2018
9 ms. Memory: 331264K Free: 298991K (90%)
ptolemy.util.test.WatchDog.cancel(): canceling Mon Jun 18 16:09:32 UTC 2018
------------------ testing $PTII/ptolemy/domains/de/test/auto/MergeModel2Add.xml
auto.tcl: Setting watchdog for 200 seconds at Mon Jun 18 16:09:32 UTC 2018
11 ms. Memory: 331264K Free: 304255K (92%)
ptolemy.util.test.WatchDog.cancel(): canceling Mon Jun 18 16:09:33 UTC 2018
auto.tcl: Setting watchdog for 200 seconds at Mon Jun 18 16:09:33 UTC 2018
11 ms. Memory: 331264K Free: 300329K (91%)
ptolemy.util.test.WatchDog.cancel(): canceling Mon Jun 18 16:09:33 UTC 2018
------------------ testing $PTII/ptolemy/domains/de/test/auto/MergeModel3Add.xml
auto.tcl: Setting watchdog for 200 seconds at Mon Jun 18 16:09:33 UTC 2018
13 ms. Memory: 331264K Free: 304266K (92%)
ptolemy.util.test.WatchDog.cancel(): canceling Mon Jun 18 16:09:33 UTC 2018
auto.tcl: Setting watchdog for 200 seconds at Mon Jun 18 16:09:33 UTC 2018
9 ms. Memory: 331264K Free: 300340K (91%)
ptolemy.util.test.WatchDog.cancel(): canceling Mon Jun 18 16:09:33 UTC 2018
------------------ testing $PTII/ptolemy/domains/de/test/auto/MergeWithoutDiscard.xml
auto.tcl: Setting watchdog for 200 seconds at Mon Jun 18 16:09:33 UTC 2018
6 ms. Memory: 331264K Free: 319966K (97%)
ptolemy.util.test.WatchDog.cancel(): canceling Mon Jun 18 16:09:33 UTC 2018
auto.tcl: Setting watchdog for 200 seconds at Mon Jun 18 16:09:33 UTC 2018
1 ms. Memory: 331264K Free: 316039K (95%)
ptolemy.util.test.WatchDog.cancel(): canceling Mon Jun 18 16:09:33 UTC 2018
------------------ testing $PTII/ptolemy/domains/de/test/auto/Modal1.xml
auto.tcl: Setting watchdog for 200 seconds at Mon Jun 18 16:09:33 UTC 2018
11 ms. Memory: 331264K Free: 309963K (94%)
ptolemy.util.test.WatchDog.cancel(): canceling Mon Jun 18 16:09:33 UTC 2018
auto.tcl: Setting watchdog for 200 seconds at Mon Jun 18 16:09:33 UTC 2018
10 ms. Memory: 331264K Free: 306038K (92%)
ptolemy.util.test.WatchDog.cancel(): canceling Mon Jun 18 16:09:33 UTC 2018
------------------ testing $PTII/ptolemy/domains/de/test/auto/Modal2.xml
auto.tcl: Setting watchdog for 200 seconds at Mon Jun 18 16:09:33 UTC 2018
17 ms. Memory: 331264K Free: 309829K (94%)
ptolemy.util.test.WatchDog.cancel(): canceling Mon Jun 18 16:09:33 UTC 2018
auto.tcl: Setting watchdog for 200 seconds at Mon Jun 18 16:09:33 UTC 2018
9 ms. Memory: 331264K Free: 305903K (92%)
ptolemy.util.test.WatchDog.cancel(): canceling Mon Jun 18 16:09:33 UTC 2018
------------------ testing $PTII/ptolemy/domains/de/test/auto/Modal3.xml
auto.tcl: Setting watchdog for 200 seconds at Mon Jun 18 16:09:33 UTC 2018
10 ms. Memory: 331264K Free: 310121K (94%)
ptolemy.util.test.WatchDog.cancel(): canceling Mon Jun 18 16:09:33 UTC 2018
auto.tcl: Setting watchdog for 200 seconds at Mon Jun 18 16:09:33 UTC 2018
10 ms. Memory: 331264K Free: 305910K (92%)
ptolemy.util.test.WatchDog.cancel(): canceling Mon Jun 18 16:09:33 UTC 2018
------------------ testing $PTII/ptolemy/domains/de/test/auto/Modal4.xml
auto.tcl: Setting watchdog for 200 seconds at Mon Jun 18 16:09:33 UTC 2018
27 ms. Memory: 331264K Free: 309841K (94%)
ptolemy.util.test.WatchDog.cancel(): canceling Mon Jun 18 16:09:33 UTC 2018
auto.tcl: Setting watchdog for 200 seconds at Mon Jun 18 16:09:33 UTC 2018
20 ms. Memory: 331264K Free: 305915K (92%)
ptolemy.util.test.WatchDog.cancel(): canceling Mon Jun 18 16:09:33 UTC 2018
------------------ testing $PTII/ptolemy/domains/de/test/auto/Modal5.xml
auto.tcl: Setting watchdog for 200 seconds at Mon Jun 18 16:09:33 UTC 2018
22 ms. Memory: 331264K Free: 309828K (94%)
ptolemy.util.test.WatchDog.cancel(): canceling Mon Jun 18 16:09:33 UTC 2018
auto.tcl: Setting watchdog for 200 seconds at Mon Jun 18 16:09:33 UTC 2018
14 ms. Memory: 331264K Free: 305902K (92%)
ptolemy.util.test.WatchDog.cancel(): canceling Mon Jun 18 16:09:33 UTC 2018
------------------ testing $PTII/ptolemy/domains/de/test/auto/Modal6.xml
auto.tcl: Setting watchdog for 200 seconds at Mon Jun 18 16:09:33 UTC 2018
13 ms. Memory: 331264K Free: 309825K (94%)
ptolemy.util.test.WatchDog.cancel(): canceling Mon Jun 18 16:09:33 UTC 2018
auto.tcl: Setting watchdog for 200 seconds at Mon Jun 18 16:09:33 UTC 2018
14 ms. Memory: 331264K Free: 305899K (92%)
ptolemy.util.test.WatchDog.cancel(): canceling Mon Jun 18 16:09:33 UTC 2018
------------------ testing $PTII/ptolemy/domains/de/test/auto/Modal7.xml
auto.tcl: Setting watchdog for 200 seconds at Mon Jun 18 16:09:33 UTC 2018
9 ms. Memory: 331264K Free: 305899K (92%)
ptolemy.util.test.WatchDog.cancel(): canceling Mon Jun 18 16:09:33 UTC 2018
auto.tcl: Setting watchdog for 200 seconds at Mon Jun 18 16:09:33 UTC 2018
9 ms. Memory: 331264K Free: 305899K (92%)
ptolemy.util.test.WatchDog.cancel(): canceling Mon Jun 18 16:09:33 UTC 2018
------------------ testing $PTII/ptolemy/domains/de/test/auto/ModalModel.xml
auto.tcl: Setting watchdog for 200 seconds at Mon Jun 18 16:09:34 UTC 2018
156 ms. Memory: 331264K Free: 246405K (74%)
ptolemy.util.test.WatchDog.cancel(): canceling Mon Jun 18 16:09:34 UTC 2018
auto.tcl: Setting watchdog for 200 seconds at Mon Jun 18 16:09:34 UTC 2018
158 ms. Memory: 331264K Free: 191444K (58%)
ptolemy.util.test.WatchDog.cancel(): canceling Mon Jun 18 16:09:34 UTC 2018
------------------ testing $PTII/ptolemy/domains/de/test/auto/ModalSource.xml
auto.tcl: Setting watchdog for 200 seconds at Mon Jun 18 16:09:34 UTC 2018
5 ms. Memory: 331264K Free: 316580K (96%)
ptolemy.util.test.WatchDog.cancel(): canceling Mon Jun 18 16:09:34 UTC 2018
auto.tcl: Setting watchdog for 200 seconds at Mon Jun 18 16:09:34 UTC 2018
5 ms. Memory: 331264K Free: 313082K (95%)
ptolemy.util.test.WatchDog.cancel(): canceling Mon Jun 18 16:09:34 UTC 2018
------------------ testing $PTII/ptolemy/domains/de/test/auto/NonInterruptibleTimerZeroDelay.xml
auto.tcl: Setting watchdog for 200 seconds at Mon Jun 18 16:09:34 UTC 2018
3 ms. Memory: 331264K Free: 320917K (97%)
ptolemy.util.test.WatchDog.cancel(): canceling Mon Jun 18 16:09:34 UTC 2018
auto.tcl: Setting watchdog for 200 seconds at Mon Jun 18 16:09:34 UTC 2018
2 ms. Memory: 331264K Free: 317418K (96%)
ptolemy.util.test.WatchDog.cancel(): canceling Mon Jun 18 16:09:34 UTC 2018
------------------ testing $PTII/ptolemy/domains/de/test/auto/OpenQueueingNetwork.xml
auto.tcl: Setting watchdog for 200 seconds at Mon Jun 18 16:09:34 UTC 2018
2633 ms. Memory: 317952K Free: 142728K (45%)
ptolemy.util.test.WatchDog.cancel(): canceling Mon Jun 18 16:09:37 UTC 2018
auto.tcl: Setting watchdog for 200 seconds at Mon Jun 18 16:09:37 UTC 2018
2225 ms. Memory: 287232K Free: 218314K (76%)
ptolemy.util.test.WatchDog.cancel(): canceling Mon Jun 18 16:09:39 UTC 2018
------------------ testing $PTII/ptolemy/domains/de/test/auto/OpenQueuingNetwork.xml
auto.tcl: Setting watchdog for 200 seconds at Mon Jun 18 16:09:39 UTC 2018
234 ms. Memory: 287232K Free: 188028K (65%)
ptolemy.util.test.WatchDog.cancel(): canceling Mon Jun 18 16:09:39 UTC 2018
auto.tcl: Setting watchdog for 200 seconds at Mon Jun 18 16:09:39 UTC 2018
220 ms. Memory: 287232K Free: 128492K (45%)
ptolemy.util.test.WatchDog.cancel(): canceling Mon Jun 18 16:09:40 UTC 2018
------------------ testing $PTII/ptolemy/domains/de/test/auto/PeriodicSampler.xml
auto.tcl: Setting watchdog for 200 seconds at Mon Jun 18 16:09:40 UTC 2018
3 ms. Memory: 289792K Free: 274828K (95%)
ptolemy.util.test.WatchDog.cancel(): canceling Mon Jun 18 16:09:40 UTC 2018
auto.tcl: Setting watchdog for 200 seconds at Mon Jun 18 16:09:40 UTC 2018
2 ms. Memory: 289792K Free: 274828K (95%)
ptolemy.util.test.WatchDog.cancel(): canceling Mon Jun 18 16:09:40 UTC 2018
------------------ testing $PTII/ptolemy/domains/de/test/auto/PersistentIO.xml
auto.tcl: Setting watchdog for 200 seconds at Mon Jun 18 16:09:40 UTC 2018
12 ms. Memory: 287232K Free: 267221K (93%)
ptolemy.util.test.WatchDog.cancel(): canceling Mon Jun 18 16:09:40 UTC 2018
auto.tcl: Setting watchdog for 200 seconds at Mon Jun 18 16:09:40 UTC 2018
4 ms. Memory: 287232K Free: 267221K (93%)
ptolemy.util.test.WatchDog.cancel(): canceling Mon Jun 18 16:09:40 UTC 2018
------------------ testing $PTII/ptolemy/domains/de/test/auto/PortParameterResetOnInitialize.xml
auto.tcl: Setting watchdog for 200 seconds at Mon Jun 18 16:09:40 UTC 2018
3 ms. Memory: 289280K Free: 274892K (95%)
ptolemy.util.test.WatchDog.cancel(): canceling Mon Jun 18 16:09:40 UTC 2018
auto.tcl: Setting watchdog for 200 seconds at Mon Jun 18 16:09:40 UTC 2018
2 ms. Memory: 289280K Free: 274892K (95%)
ptolemy.util.test.WatchDog.cancel(): canceling Mon Jun 18 16:09:40 UTC 2018
------------------ testing $PTII/ptolemy/domains/de/test/auto/PortParameterUpdates.xml
auto.tcl: Setting watchdog for 200 seconds at Mon Jun 18 16:09:40 UTC 2018
3 ms. Memory: 287232K Free: 272860K (95%)
ptolemy.util.test.WatchDog.cancel(): canceling Mon Jun 18 16:09:40 UTC 2018
auto.tcl: Setting watchdog for 200 seconds at Mon Jun 18 16:09:40 UTC 2018
3 ms. Memory: 287232K Free: 269987K (94%)
ptolemy.util.test.WatchDog.cancel(): canceling Mon Jun 18 16:09:40 UTC 2018
------------------ testing $PTII/ptolemy/domains/de/test/auto/QueueAndServer.xml
auto.tcl: Setting watchdog for 200 seconds at Mon Jun 18 16:09:40 UTC 2018
11 ms. Memory: 289280K Free: 272007K (94%)
ptolemy.util.test.WatchDog.cancel(): canceling Mon Jun 18 16:09:40 UTC 2018
auto.tcl: Setting watchdog for 200 seconds at Mon Jun 18 16:09:40 UTC 2018
6 ms. Memory: 289280K Free: 272007K (94%)
ptolemy.util.test.WatchDog.cancel(): canceling Mon Jun 18 16:09:40 UTC 2018
------------------ testing $PTII/ptolemy/domains/de/test/auto/Records.xml
auto.tcl: Setting watchdog for 200 seconds at Mon Jun 18 16:09:40 UTC 2018
5 ms. Memory: 287232K Free: 274839K (96%)
ptolemy.util.test.WatchDog.cancel(): canceling Mon Jun 18 16:09:40 UTC 2018
auto.tcl: Setting watchdog for 200 seconds at Mon Jun 18 16:09:40 UTC 2018
2 ms. Memory: 287232K Free: 274839K (96%)
ptolemy.util.test.WatchDog.cancel(): canceling Mon Jun 18 16:09:40 UTC 2018
------------------ testing $PTII/ptolemy/domains/de/test/auto/ResetTransitionWithStartTime1.xml
auto.tcl: Setting watchdog for 200 seconds at Mon Jun 18 16:09:40 UTC 2018
12 ms. Memory: 288768K Free: 273637K (95%)
ptolemy.util.test.WatchDog.cancel(): canceling Mon Jun 18 16:09:40 UTC 2018
auto.tcl: Setting watchdog for 200 seconds at Mon Jun 18 16:09:40 UTC 2018
6 ms. Memory: 288768K Free: 270655K (94%)
ptolemy.util.test.WatchDog.cancel(): canceling Mon Jun 18 16:09:40 UTC 2018
------------------ testing $PTII/ptolemy/domains/de/test/auto/ResetTransitionWithStartTime2.xml
auto.tcl: Setting watchdog for 200 seconds at Mon Jun 18 16:09:40 UTC 2018
7 ms. Memory: 287232K Free: 272089K (95%)
ptolemy.util.test.WatchDog.cancel(): canceling Mon Jun 18 16:09:40 UTC 2018
auto.tcl: Setting watchdog for 200 seconds at Mon Jun 18 16:09:40 UTC 2018
5 ms. Memory: 287232K Free: 269208K (94%)
ptolemy.util.test.WatchDog.cancel(): canceling Mon Jun 18 16:09:40 UTC 2018
------------------ testing $PTII/ptolemy/domains/de/test/auto/ResetTransitionWithStartTime3.xml
auto.tcl: Setting watchdog for 200 seconds at Mon Jun 18 16:09:40 UTC 2018
4 ms. Memory: 288768K Free: 269391K (93%)
ptolemy.util.test.WatchDog.cancel(): canceling Mon Jun 18 16:09:40 UTC 2018
auto.tcl: Setting watchdog for 200 seconds at Mon Jun 18 16:09:40 UTC 2018
5 ms. Memory: 288768K Free: 266510K (92%)
ptolemy.util.test.WatchDog.cancel(): canceling Mon Jun 18 16:09:40 UTC 2018
------------------ testing $PTII/ptolemy/domains/de/test/auto/ResetTransitionWithStartTime4.xml
auto.tcl: Setting watchdog for 200 seconds at Mon Jun 18 16:09:40 UTC 2018
3 ms. Memory: 287232K Free: 271985K (95%)
ptolemy.util.test.WatchDog.cancel(): canceling Mon Jun 18 16:09:40 UTC 2018
auto.tcl: Setting watchdog for 200 seconds at Mon Jun 18 16:09:40 UTC 2018
4 ms. Memory: 287232K Free: 271985K (95%)
ptolemy.util.test.WatchDog.cancel(): canceling Mon Jun 18 16:09:40 UTC 2018
------------------ testing $PTII/ptolemy/domains/de/test/auto/ResettableTimer1.xml
auto.tcl: Setting watchdog for 200 seconds at Mon Jun 18 16:09:40 UTC 2018
3 ms. Memory: 288768K Free: 276365K (96%)
ptolemy.util.test.WatchDog.cancel(): canceling Mon Jun 18 16:09:41 UTC 2018
auto.tcl: Setting watchdog for 200 seconds at Mon Jun 18 16:09:41 UTC 2018
2 ms. Memory: 288768K Free: 276365K (96%)
ptolemy.util.test.WatchDog.cancel(): canceling Mon Jun 18 16:09:41 UTC 2018
------------------ testing $PTII/ptolemy/domains/de/test/auto/ResettableTimer2.xml
auto.tcl: Setting watchdog for 200 seconds at Mon Jun 18 16:09:41 UTC 2018
2 ms. Memory: 287232K Free: 274996K (96%)
ptolemy.util.test.WatchDog.cancel(): canceling Mon Jun 18 16:09:41 UTC 2018
auto.tcl: Setting watchdog for 200 seconds at Mon Jun 18 16:09:41 UTC 2018
2 ms. Memory: 287232K Free: 274996K (96%)
ptolemy.util.test.WatchDog.cancel(): canceling Mon Jun 18 16:09:41 UTC 2018
------------------ testing $PTII/ptolemy/domains/de/test/auto/ResettableTimer3.xml
auto.tcl: Setting watchdog for 200 seconds at Mon Jun 18 16:09:41 UTC 2018
2 ms. Memory: 288256K Free: 275911K (96%)
ptolemy.util.test.WatchDog.cancel(): canceling Mon Jun 18 16:09:41 UTC 2018
auto.tcl: Setting watchdog for 200 seconds at Mon Jun 18 16:09:41 UTC 2018
1 ms. Memory: 288256K Free: 275911K (96%)
ptolemy.util.test.WatchDog.cancel(): canceling Mon Jun 18 16:09:41 UTC 2018
------------------ testing $PTII/ptolemy/domains/de/test/auto/ResettableTimer4.xml
auto.tcl: Setting watchdog for 200 seconds at Mon Jun 18 16:09:41 UTC 2018
1 ms. Memory: 287232K Free: 275001K (96%)
ptolemy.util.test.WatchDog.cancel(): canceling Mon Jun 18 16:09:41 UTC 2018
auto.tcl: Setting watchdog for 200 seconds at Mon Jun 18 16:09:41 UTC 2018
1 ms. Memory: 287232K Free: 275001K (96%)
ptolemy.util.test.WatchDog.cancel(): canceling Mon Jun 18 16:09:41 UTC 2018
------------------ testing $PTII/ptolemy/domains/de/test/auto/ResettableTimer5.xml
auto.tcl: Setting watchdog for 200 seconds at Mon Jun 18 16:09:41 UTC 2018
2 ms. Memory: 288256K Free: 276039K (96%)
ptolemy.util.test.WatchDog.cancel(): canceling Mon Jun 18 16:09:41 UTC 2018
auto.tcl: Setting watchdog for 200 seconds at Mon Jun 18 16:09:41 UTC 2018
1 ms. Memory: 288256K Free: 276039K (96%)
ptolemy.util.test.WatchDog.cancel(): canceling Mon Jun 18 16:09:41 UTC 2018
------------------ testing $PTII/ptolemy/domains/de/test/auto/ResettableTimer6.xml
auto.tcl: Setting watchdog for 200 seconds at Mon Jun 18 16:09:41 UTC 2018
2 ms. Memory: 287232K Free: 272789K (95%)
ptolemy.util.test.WatchDog.cancel(): canceling Mon Jun 18 16:09:41 UTC 2018
auto.tcl: Setting watchdog for 200 seconds at Mon Jun 18 16:09:41 UTC 2018
1 ms. Memory: 287232K Free: 272789K (95%)
ptolemy.util.test.WatchDog.cancel(): canceling Mon Jun 18 16:09:41 UTC 2018
------------------ testing $PTII/ptolemy/domains/de/test/auto/ServerZeroDelay.xml
auto.tcl: Setting watchdog for 200 seconds at Mon Jun 18 16:09:41 UTC 2018
7 ms. Memory: 288256K Free: 275862K (96%)
ptolemy.util.test.WatchDog.cancel(): canceling Mon Jun 18 16:09:41 UTC 2018
auto.tcl: Setting watchdog for 200 seconds at Mon Jun 18 16:09:41 UTC 2018
2 ms. Memory: 288256K Free: 275862K (96%)
ptolemy.util.test.WatchDog.cancel(): canceling Mon Jun 18 16:09:41 UTC 2018
------------------ testing $PTII/ptolemy/domains/de/test/auto/SmartSender.xml
auto.tcl: Setting watchdog for 200 seconds at Mon Jun 18 16:09:41 UTC 2018
3001 ms. Memory: 287232K Free: 274950K (96%)
ptolemy.util.test.WatchDog.cancel(): canceling Mon Jun 18 16:09:44 UTC 2018
auto.tcl: Setting watchdog for 200 seconds at Mon Jun 18 16:09:44 UTC 2018
3001 ms. Memory: 287232K Free: 274950K (96%)
ptolemy.util.test.WatchDog.cancel(): canceling Mon Jun 18 16:09:47 UTC 2018
------------------ testing $PTII/ptolemy/domains/de/test/auto/ThreadedComposite.xml
auto.tcl: Setting watchdog for 200 seconds at Mon Jun 18 16:09:47 UTC 2018
193 ms. Memory: 288256K Free: 254894K (88%)
ptolemy.util.test.WatchDog.cancel(): canceling Mon Jun 18 16:09:47 UTC 2018
auto.tcl: Setting watchdog for 200 seconds at Mon Jun 18 16:09:47 UTC 2018
129 ms. Memory: 288256K Free: 238873K (83%)
ptolemy.util.test.WatchDog.cancel(): canceling Mon Jun 18 16:09:47 UTC 2018
------------------ testing $PTII/ptolemy/domains/de/test/auto/Time.xml
auto.tcl: Setting watchdog for 200 seconds at Mon Jun 18 16:09:47 UTC 2018
462 ms. Memory: 287232K Free: 221044K (77%)
ptolemy.util.test.WatchDog.cancel(): canceling Mon Jun 18 16:09:48 UTC 2018
auto.tcl: Setting watchdog for 200 seconds at Mon Jun 18 16:09:48 UTC 2018
415 ms. Memory: 287232K Free: 169474K (59%)
ptolemy.util.test.WatchDog.cancel(): canceling Mon Jun 18 16:09:48 UTC 2018
------------------ testing $PTII/ptolemy/domains/de/test/auto/TimeDelayZeroDelay.xml
auto.tcl: Setting watchdog for 200 seconds at Mon Jun 18 16:09:48 UTC 2018
2 ms. Memory: 287744K Free: 275937K (96%)
ptolemy.util.test.WatchDog.cancel(): canceling Mon Jun 18 16:09:48 UTC 2018
auto.tcl: Setting watchdog for 200 seconds at Mon Jun 18 16:09:48 UTC 2018
2 ms. Memory: 287744K Free: 275937K (96%)
ptolemy.util.test.WatchDog.cancel(): canceling Mon Jun 18 16:09:48 UTC 2018
------------------ testing $PTII/ptolemy/domains/de/test/auto/TimerZeroDelay.xml
auto.tcl: Setting watchdog for 200 seconds at Mon Jun 18 16:09:48 UTC 2018
2 ms. Memory: 287232K Free: 275527K (96%)
ptolemy.util.test.WatchDog.cancel(): canceling Mon Jun 18 16:09:48 UTC 2018
auto.tcl: Setting watchdog for 200 seconds at Mon Jun 18 16:09:48 UTC 2018
1 ms. Memory: 287232K Free: 275527K (96%)
ptolemy.util.test.WatchDog.cancel(): canceling Mon Jun 18 16:09:48 UTC 2018
------------------ testing $PTII/ptolemy/domains/de/test/auto/TimingParadox.xml
auto.tcl: Setting watchdog for 200 seconds at Mon Jun 18 16:09:48 UTC 2018
303 ms. Memory: 287744K Free: 210202K (73%)
ptolemy.util.test.WatchDog.cancel(): canceling Mon Jun 18 16:09:49 UTC 2018
auto.tcl: Setting watchdog for 200 seconds at Mon Jun 18 16:09:49 UTC 2018
307 ms. Memory: 287744K Free: 174395K (61%)
ptolemy.util.test.WatchDog.cancel(): canceling Mon Jun 18 16:09:49 UTC 2018
------------------ testing $PTII/ptolemy/domains/de/test/auto/TransferInputs.xml
auto.tcl: Setting watchdog for 200 seconds at Mon Jun 18 16:09:49 UTC 2018
2 ms. Memory: 287744K Free: 274894K (96%)
ptolemy.util.test.WatchDog.cancel(): canceling Mon Jun 18 16:09:49 UTC 2018
auto.tcl: Setting watchdog for 200 seconds at Mon Jun 18 16:09:49 UTC 2018
2 ms. Memory: 287744K Free: 274894K (96%)
ptolemy.util.test.WatchDog.cancel(): canceling Mon Jun 18 16:09:49 UTC 2018
------------------ testing $PTII/ptolemy/domains/de/test/auto/TransferOutputs2.xml
auto.tcl: Setting watchdog for 200 seconds at Mon Jun 18 16:09:49 UTC 2018
7 ms. Memory: 287232K Free: 272915K (95%)
ptolemy.util.test.WatchDog.cancel(): canceling Mon Jun 18 16:09:49 UTC 2018
auto.tcl: Setting watchdog for 200 seconds at Mon Jun 18 16:09:49 UTC 2018
3 ms. Memory: 287232K Free: 270323K (94%)
ptolemy.util.test.WatchDog.cancel(): canceling Mon Jun 18 16:09:49 UTC 2018
------------------ testing $PTII/ptolemy/domains/de/test/auto/Trilateration.xml
auto.tcl: Setting watchdog for 200 seconds at Mon Jun 18 16:09:49 UTC 2018
13874 ms. Memory: 759296K Free: 717348K (94%)
ptolemy.util.test.WatchDog.cancel(): canceling Mon Jun 18 16:10:04 UTC 2018
auto.tcl: Setting watchdog for 200 seconds at Mon Jun 18 16:10:04 UTC 2018
10635 ms. Memory: 639488K Free: 548267K (86%)
ptolemy.util.test.WatchDog.cancel(): canceling Mon Jun 18 16:10:15 UTC 2018
------------------ testing $PTII/ptolemy/domains/de/test/auto/TwoSigmaDelta.xml
auto.tcl: Setting watchdog for 200 seconds at Mon Jun 18 16:10:15 UTC 2018
2836 ms. Memory: 643072K Free: 327084K (51%)
ptolemy.util.test.WatchDog.cancel(): canceling Mon Jun 18 16:10:18 UTC 2018
auto.tcl: Setting watchdog for 200 seconds at Mon Jun 18 16:10:18 UTC 2018
2226 ms. Memory: 643072K Free: 96123K (15%)
ptolemy.util.test.WatchDog.cancel(): canceling Mon Jun 18 16:10:20 UTC 2018
------------------ testing $PTII/ptolemy/domains/de/test/auto/VariableDelay.xml
auto.tcl: Setting watchdog for 200 seconds at Mon Jun 18 16:10:20 UTC 2018
2 ms. Memory: 640000K Free: 620657K (97%)
ptolemy.util.test.WatchDog.cancel(): canceling Mon Jun 18 16:10:20 UTC 2018
auto.tcl: Setting watchdog for 200 seconds at Mon Jun 18 16:10:20 UTC 2018
4 ms. Memory: 640000K Free: 620657K (97%)
ptolemy.util.test.WatchDog.cancel(): canceling Mon Jun 18 16:10:20 UTC 2018
------------------ testing $PTII/ptolemy/domains/de/test/auto/VariableDelay2.xml
auto.tcl: Setting watchdog for 200 seconds at Mon Jun 18 16:10:20 UTC 2018
4 ms. Memory: 639488K Free: 620567K (97%)
ptolemy.util.test.WatchDog.cancel(): canceling Mon Jun 18 16:10:20 UTC 2018
auto.tcl: Setting watchdog for 200 seconds at Mon Jun 18 16:10:20 UTC 2018
2 ms. Memory: 639488K Free: 620567K (97%)
ptolemy.util.test.WatchDog.cancel(): canceling Mon Jun 18 16:10:20 UTC 2018
------------------ testing $PTII/ptolemy/domains/de/test/auto/VariableDelayZeroDelay.xml
auto.tcl: Setting watchdog for 200 seconds at Mon Jun 18 16:10:20 UTC 2018
2 ms. Memory: 639488K Free: 614985K (96%)
ptolemy.util.test.WatchDog.cancel(): canceling Mon Jun 18 16:10:20 UTC 2018
auto.tcl: Setting watchdog for 200 seconds at Mon Jun 18 16:10:20 UTC 2018
1 ms. Memory: 639488K Free: 614985K (96%)
ptolemy.util.test.WatchDog.cancel(): canceling Mon Jun 18 16:10:20 UTC 2018
------------------ testing $PTII/ptolemy/domains/de/test/auto/VariableDelayZeroDelay2.xml
auto.tcl: Setting watchdog for 200 seconds at Mon Jun 18 16:10:20 UTC 2018
2 ms. Memory: 642048K Free: 617544K (96%)
ptolemy.util.test.WatchDog.cancel(): canceling Mon Jun 18 16:10:20 UTC 2018
auto.tcl: Setting watchdog for 200 seconds at Mon Jun 18 16:10:20 UTC 2018
2 ms. Memory: 642048K Free: 617544K (96%)
ptolemy.util.test.WatchDog.cancel(): canceling Mon Jun 18 16:10:20 UTC 2018
------------------ testing $PTII/ptolemy/domains/de/test/auto/deInCt.xml
auto.tcl: Setting watchdog for 200 seconds at Mon Jun 18 16:10:21 UTC 2018
0
1
1
1
1
1
0
0
1
1
1
0
0
0
0
1
1
1
0
0
0
0
1
1
1
0
0
0
0
1
1
1
0
0
0
0
11 ms. Memory: 639488K Free: 614972K (96%)
ptolemy.util.test.WatchDog.cancel(): canceling Mon Jun 18 16:10:21 UTC 2018
auto.tcl: Setting watchdog for 200 seconds at Mon Jun 18 16:10:21 UTC 2018
0
1
1
1
1
0
0
0
0
1
1
1
0
0
0
0
1
1
1
1
1
0
0
0
0
1
1
1
0
0
0
0
8 ms. Memory: 639488K Free: 614972K (96%)
ptolemy.util.test.WatchDog.cancel(): canceling Mon Jun 18 16:10:21 UTC 2018
------------------ testing $PTII/ptolemy/domains/de/test/auto/deInCt2.xml
auto.tcl: Setting watchdog for 200 seconds at Mon Jun 18 16:10:21 UTC 2018
0
1
1
1
0
0
1
1
1
0
0
1
1
1
0
0
1
1
1
0
0
1
1
1
0
0
1
1
1
0
0
1
1
1
0
0
1
1
1
0
0
0
5 ms. Memory: 642048K Free: 617532K (96%)
ptolemy.util.test.WatchDog.cancel(): canceling Mon Jun 18 16:10:21 UTC 2018
auto.tcl: Setting watchdog for 200 seconds at Mon Jun 18 16:10:21 UTC 2018
0
1
1
1
0
0
1
1
1
0
0
1
1
1
0
0
1
1
1
0
0
1
1
1
0
0
1
1
1
0
0
1
1
1
0
0
1
1
1
0
0
0
5 ms. Memory: 642048K Free: 617532K (96%)
ptolemy.util.test.WatchDog.cancel(): canceling Mon Jun 18 16:10:21 UTC 2018
------------------ testing $PTII/ptolemy/domains/de/test/auto/dynamicCausalityInterface1.xml
auto.tcl: Setting watchdog for 200 seconds at Mon Jun 18 16:10:21 UTC 2018
1 ms. Memory: 639488K Free: 611861K (96%)
ptolemy.util.test.WatchDog.cancel(): canceling Mon Jun 18 16:10:21 UTC 2018
auto.tcl: Setting watchdog for 200 seconds at Mon Jun 18 16:10:21 UTC 2018
1 ms. Memory: 639488K Free: 611861K (96%)
ptolemy.util.test.WatchDog.cancel(): canceling Mon Jun 18 16:10:21 UTC 2018
------------------ testing $PTII/ptolemy/domains/de/test/auto/fsm_de_test.xml
auto.tcl: Setting watchdog for 200 seconds at Mon Jun 18 16:10:21 UTC 2018
7 ms. Memory: 641536K Free: 616919K (96%)
ptolemy.util.test.WatchDog.cancel(): canceling Mon Jun 18 16:10:21 UTC 2018
auto.tcl: Setting watchdog for 200 seconds at Mon Jun 18 16:10:21 UTC 2018
4 ms. Memory: 641536K Free: 608240K (95%)
ptolemy.util.test.WatchDog.cancel(): canceling Mon Jun 18 16:10:21 UTC 2018
------------------ testing $PTII/ptolemy/domains/de/test/auto/functionDependencyReconstruction.xml
auto.tcl: Setting watchdog for 200 seconds at Mon Jun 18 16:10:21 UTC 2018
2 ms. Memory: 639488K Free: 606166K (95%)
ptolemy.util.test.WatchDog.cancel(): canceling Mon Jun 18 16:10:21 UTC 2018
auto.tcl: Setting watchdog for 200 seconds at Mon Jun 18 16:10:21 UTC 2018
2 ms. Memory: 639488K Free: 606166K (95%)
ptolemy.util.test.WatchDog.cancel(): canceling Mon Jun 18 16:10:21 UTC 2018
------------------ testing $PTII/ptolemy/domains/de/test/auto/multirate.xml
auto.tcl: Setting watchdog for 200 seconds at Mon Jun 18 16:10:21 UTC 2018
3 ms. Memory: 641536K Free: 616786K (96%)
ptolemy.util.test.WatchDog.cancel(): canceling Mon Jun 18 16:10:21 UTC 2018
auto.tcl: Setting watchdog for 200 seconds at Mon Jun 18 16:10:21 UTC 2018
3 ms. Memory: 641536K Free: 616786K (96%)
ptolemy.util.test.WatchDog.cancel(): canceling Mon Jun 18 16:10:21 UTC 2018
------------------ testing $PTII/ptolemy/domains/de/test/auto/multirate2.xml
auto.tcl: Setting watchdog for 200 seconds at Mon Jun 18 16:10:21 UTC 2018
3 ms. Memory: 639488K Free: 614927K (96%)
ptolemy.util.test.WatchDog.cancel(): canceling Mon Jun 18 16:10:21 UTC 2018
auto.tcl: Setting watchdog for 200 seconds at Mon Jun 18 16:10:21 UTC 2018
2 ms. Memory: 639488K Free: 614927K (96%)
ptolemy.util.test.WatchDog.cancel(): canceling Mon Jun 18 16:10:21 UTC 2018
------------------ testing $PTII/ptolemy/domains/de/test/auto/realtime.xml
auto.tcl: Setting watchdog for 200 seconds at Mon Jun 18 16:10:21 UTC 2018
10002 ms. Memory: 641024K Free: 616452K (96%)
ptolemy.util.test.WatchDog.cancel(): canceling Mon Jun 18 16:10:31 UTC 2018
auto.tcl: Setting watchdog for 200 seconds at Mon Jun 18 16:10:31 UTC 2018
10001 ms. Memory: 641024K Free: 616452K (96%)
ptolemy.util.test.WatchDog.cancel(): canceling Mon Jun 18 16:10:41 UTC 2018
------------------ testing $PTII/ptolemy/domains/de/test/auto/relationGroup.xml
auto.tcl: Setting watchdog for 200 seconds at Mon Jun 18 16:10:41 UTC 2018
2 ms. Memory: 639488K Free: 614951K (96%)
ptolemy.util.test.WatchDog.cancel(): canceling Mon Jun 18 16:10:41 UTC 2018
auto.tcl: Setting watchdog for 200 seconds at Mon Jun 18 16:10:41 UTC 2018
3 ms. Memory: 639488K Free: 614951K (96%)
ptolemy.util.test.WatchDog.cancel(): canceling Mon Jun 18 16:10:41 UTC 2018
------------------ testing $PTII/ptolemy/domains/de/test/auto/relationGroup2.xml
auto.tcl: Setting watchdog for 200 seconds at Mon Jun 18 16:10:41 UTC 2018
1 ms. Memory: 641024K Free: 616513K (96%)
ptolemy.util.test.WatchDog.cancel(): canceling Mon Jun 18 16:10:41 UTC 2018
auto.tcl: Setting watchdog for 200 seconds at Mon Jun 18 16:10:41 UTC 2018
1 ms. Memory: 641024K Free: 616513K (96%)
ptolemy.util.test.WatchDog.cancel(): canceling Mon Jun 18 16:10:41 UTC 2018
------------------ testing $PTII/ptolemy/domains/de/test/auto/sortWithOpaquePorts.xml
auto.tcl: Setting watchdog for 200 seconds at Mon Jun 18 16:10:41 UTC 2018
7 ms. Memory: 639488K Free: 614979K (96%)
ptolemy.util.test.WatchDog.cancel(): canceling Mon Jun 18 16:10:41 UTC 2018
auto.tcl: Setting watchdog for 200 seconds at Mon Jun 18 16:10:41 UTC 2018
2 ms. Memory: 639488K Free: 614979K (96%)
ptolemy.util.test.WatchDog.cancel(): canceling Mon Jun 18 16:10:41 UTC 2018
------------------ testing $PTII/ptolemy/domains/de/test/auto/transferInputsandOutputs.xml
auto.tcl: Setting watchdog for 200 seconds at Mon Jun 18 16:10:41 UTC 2018
2 ms. Memory: 640512K Free: 615990K (96%)
ptolemy.util.test.WatchDog.cancel(): canceling Mon Jun 18 16:10:41 UTC 2018
auto.tcl: Setting watchdog for 200 seconds at Mon Jun 18 16:10:41 UTC 2018
2 ms. Memory: 640512K Free: 615990K (96%)
ptolemy.util.test.WatchDog.cancel(): canceling Mon Jun 18 16:10:41 UTC 2018
------------------ testing $PTII/ptolemy/domains/de/test/auto/triggerType.xml
auto.tcl: Setting watchdog for 200 seconds at Mon Jun 18 16:10:41 UTC 2018
1 ms. Memory: 639488K Free: 614917K (96%)
ptolemy.util.test.WatchDog.cancel(): canceling Mon Jun 18 16:10:41 UTC 2018
auto.tcl: Setting watchdog for 200 seconds at Mon Jun 18 16:10:41 UTC 2018
1 ms. Memory: 639488K Free: 614917K (96%)
ptolemy.util.test.WatchDog.cancel(): canceling Mon Jun 18 16:10:41 UTC 2018
06/18/18 04:10:41
Failed: 0  Total Tests: 192  ((Passed: 187, Newly Passed: 1)  Known Failed: 5) /home/travis/build/icyphy/ptII/ptolemy/domains/de/test
06/18/18 04:10:41
Failed: 0  Total Tests: 192  ((Passed: 187, Newly Passed: 1)  Known Failed: 5) /home/travis/build/icyphy/ptII/ptolemy/domains/de/test
----------------- testing (KnownFailure) /home/travis/build/icyphy/ptII/ptolemy/domains/de/test/auto/knownFailedTests/DESDFClockTest.xml
2014 ms. Memory: 640512K Free: 604823K (94%)
Known Failure: java.lang.reflect.InvocationTargetException
----------------- testing (KnownFailure) /home/travis/build/icyphy/ptII/ptolemy/domains/de/test/auto/knownFailedTests/DirectFeedback.xml
0 ms. Memory: 640512K Free: 560176K (87%)
Known Failure: java.lang.reflect.InvocationTargetException
----------------- testing (KnownFailure) /home/travis/build/icyphy/ptII/ptolemy/domains/de/test/auto/knownFailedTests/FSMSource.xml
5 ms. Memory: 640512K Free: 515529K (80%)
----------------- testing (KnownFailure) /home/travis/build/icyphy/ptII/ptolemy/domains/de/test/auto/knownFailedTests/HierarchicalModel.xml
2 ms. Memory: 640512K Free: 482029K (75%)
Known Failure: java.lang.reflect.InvocationTargetException
----------------- testing (KnownFailure) /home/travis/build/icyphy/ptII/ptolemy/domains/de/test/auto/knownFailedTests/dependencyLoop.xml
2 ms. Memory: 640512K Free: 426204K (67%)
Known Failure: java.lang.reflect.InvocationTargetException
----------------- testing (KnownFailure) /home/travis/build/icyphy/ptII/ptolemy/domains/de/test/auto/knownFailedTests/dependencyLoop2.xml
2 ms. Memory: 640512K Free: 370388K (58%)
Known Failure: java.lang.reflect.InvocationTargetException
No auto/linux-amd64/*.xml tests in /home/travis/build/icyphy/ptII/ptolemy/domains/de/test
AutoTests.java: About to close Vertx.
AutoTests.java: Vertx closed.

===========================================================================================
----------------- testing Mon Jun 18 16:10:44 UTC 2018 /home/travis/build/icyphy/ptII/ptolemy/domains/de/test/auto/ActorDepthCalculation_actorWithoutPorts.xml
----------------- Instantiating /home/travis/build/icyphy/ptII/ptolemy/domains/de/test/auto/ActorDepthCalculation_actorWithoutPorts.xml
1 ms. Memory: 640512K Free: 314580K (49%)
----------------- Invoking toplevel() on ptolemy.moml.MoMLSimpleApplication@fbb3ea4
----------------- Done invoking toplevel() on ptolemy.moml.MoMLSimpleApplication@fbb3ea4
reloadAllAccessors: .ActorDepthCalculation_actorWithoutPorts

===========================================================================================
----------------- testing Mon Jun 18 16:10:44 UTC 2018 /home/travis/build/icyphy/ptII/ptolemy/domains/de/test/auto/AssemblyLine.xml
----------------- Instantiating /home/travis/build/icyphy/ptII/ptolemy/domains/de/test/auto/AssemblyLine.xml
2 ms. Memory: 640512K Free: 292257K (46%)
----------------- Invoking toplevel() on ptolemy.moml.MoMLSimpleApplication@76a74948
----------------- Done invoking toplevel() on ptolemy.moml.MoMLSimpleApplication@76a74948
reloadAllAccessors: .AssemblyLine

===========================================================================================
----------------- testing Mon Jun 18 16:10:44 UTC 2018 /home/travis/build/icyphy/ptII/ptolemy/domains/de/test/auto/CQBug1.xml
----------------- Instantiating /home/travis/build/icyphy/ptII/ptolemy/domains/de/test/auto/CQBug1.xml
1 ms. Memory: 640512K Free: 269933K (42%)
----------------- Invoking toplevel() on ptolemy.moml.MoMLSimpleApplication@39eb5e10
----------------- Done invoking toplevel() on ptolemy.moml.MoMLSimpleApplication@39eb5e10
reloadAllAccessors: .CQBug1

===========================================================================================
----------------- testing Mon Jun 18 16:10:44 UTC 2018 /home/travis/build/icyphy/ptII/ptolemy/domains/de/test/auto/CancelFireAt.xml
----------------- Instantiating /home/travis/build/icyphy/ptII/ptolemy/domains/de/test/auto/CancelFireAt.xml
1 ms. Memory: 640512K Free: 247610K (39%)
----------------- Invoking toplevel() on ptolemy.moml.MoMLSimpleApplication@3f3ea42b
----------------- Done invoking toplevel() on ptolemy.moml.MoMLSimpleApplication@3f3ea42b
reloadAllAccessors: .CancelFireAt

===========================================================================================
----------------- testing Mon Jun 18 16:10:44 UTC 2018 /home/travis/build/icyphy/ptII/ptolemy/domains/de/test/auto/CausalityAndComposabilityAnalysis.xml
----------------- Instantiating /home/travis/build/icyphy/ptII/ptolemy/domains/de/test/auto/CausalityAndComposabilityAnalysis.xml
1 ms. Memory: 640512K Free: 225287K (35%)
----------------- Invoking toplevel() on ptolemy.moml.MoMLSimpleApplication@742e7b0d
----------------- Done invoking toplevel() on ptolemy.moml.MoMLSimpleApplication@742e7b0d
reloadAllAccessors: .CausalityAndComposabilityAnalysis

===========================================================================================
----------------- testing Mon Jun 18 16:10:44 UTC 2018 /home/travis/build/icyphy/ptII/ptolemy/domains/de/test/auto/CausalityInterface1.xml
----------------- Instantiating /home/travis/build/icyphy/ptII/ptolemy/domains/de/test/auto/CausalityInterface1.xml
3 ms. Memory: 640512K Free: 202964K (32%)
----------------- Invoking toplevel() on ptolemy.moml.MoMLSimpleApplication@dc26206
----------------- Done invoking toplevel() on ptolemy.moml.MoMLSimpleApplication@dc26206
reloadAllAccessors: .CausalityInterface1

===========================================================================================
----------------- testing Mon Jun 18 16:10:44 UTC 2018 /home/travis/build/icyphy/ptII/ptolemy/domains/de/test/auto/CausalityInterface15.xml
----------------- Instantiating /home/travis/build/icyphy/ptII/ptolemy/domains/de/test/auto/CausalityInterface15.xml
1 ms. Memory: 640512K Free: 180640K (28%)
----------------- Invoking toplevel() on ptolemy.moml.MoMLSimpleApplication@286c5af2
----------------- Done invoking toplevel() on ptolemy.moml.MoMLSimpleApplication@286c5af2
reloadAllAccessors: .CausalityInterface15

[...]
java.lang.RuntimeException: Execution failed
	at ptolemy.moml.MoMLSimpleApplication$UnloadThread.run(MoMLSimpleApplication.java:402)
Caused by: ptolemy.kernel.util.IllegalActionException: Test fails in iteration 1.
Value was: 1.0. Should have been: 2.0
  in .DirectFeedback.Test
	at ptolemy.actor.lib.Test.fire(Test.java:268)
	at ptolemy.domains.de.kernel.DEDirector._fire(DEDirector.java:1949)
	at ptolemy.domains.de.kernel.DEDirector.fire(DEDirector.java:502)
	at ptolemy.actor.CompositeActor.fire(CompositeActor.java:455)
	at ptolemy.actor.Manager.iterate(Manager.java:851)
	at ptolemy.actor.Manager.execute(Manager.java:369)
	at ptolemy.actor.Manager.run(Manager.java:1263)
	at ptolemy.actor.Manager$PtolemyRunThread.run(Manager.java:1915)
java.lang.RuntimeException: Execution failed
	at ptolemy.moml.MoMLSimpleApplication$UnloadThread.run(MoMLSimpleApplication.java:402)
Caused by: ptolemy.kernel.util.IllegalActionException: Actor is not ready to fire.  Perhaps UpSample.prefire() returned false? Try debugging the actor by selecting "Listen to Actor".  Also, for SDF check moml for tokenConsumptionRate on input.
  in .DESDFClockTest.Play Bell.Copy1:SDF Director and .DESDFClockTest.Play Bell.UpSample
	at ptolemy.actor.sched.StaticSchedulingDirector.fire(StaticSchedulingDirector.java:227)
	at ptolemy.domains.sdf.kernel.SDFDirector.fire(SDFDirector.java:500)
	at ptolemy.actor.CompositeActor.fire(CompositeActor.java:455)
	at ptolemy.domains.de.kernel.DEDirector._fire(DEDirector.java:1949)
	at ptolemy.domains.de.kernel.DEDirector.fire(DEDirector.java:502)
	at ptolemy.actor.CompositeActor.fire(CompositeActor.java:455)
	at ptolemy.actor.Manager.iterate(Manager.java:851)
	at ptolemy.actor.Manager.execute(Manager.java:369)
	at ptolemy.actor.Manager.run(Manager.java:1263)
	at ptolemy.actor.Manager$PtolemyRunThread.run(Manager.java:1915)
java.lang.reflect.InvocationTargetException
	at sun.reflect.NativeConstructorAccessorImpl.newInstance0(Native Method)
	at sun.reflect.NativeConstructorAccessorImpl.newInstance(NativeConstructorAccessorImpl.java:62)
	at sun.reflect.DelegatingConstructorAccessorImpl.newInstance(DelegatingConstructorAccessorImpl.java:45)
	at java.lang.reflect.Constructor.newInstance(Constructor.java:423)
	at ptolemy.util.test.junit.AutoKnownFailedTests.RunModel(AutoKnownFailedTests.java:107)
	at sun.reflect.NativeMethodAccessorImpl.invoke0(Native Method)
	at sun.reflect.NativeMethodAccessorImpl.invoke(NativeMethodAccessorImpl.java:62)
	at sun.reflect.DelegatingMethodAccessorImpl.invoke(DelegatingMethodAccessorImpl.java:43)
	at java.lang.reflect.Method.invoke(Method.java:498)
	at org.junit.runners.model.FrameworkMethod$1.runReflectiveCall(FrameworkMethod.java:44)
	at org.junit.internal.runners.model.ReflectiveCallable.run(ReflectiveCallable.java:15)
	at org.junit.runners.model.FrameworkMethod.invokeExplosively(FrameworkMethod.java:41)
	at junitparams.internal.InvokeParameterisedMethod.evaluate(InvokeParameterisedMethod.java:102)
	at org.junit.internal.runners.statements.FailOnTimeout$1.run(FailOnTimeout.java:28)
Caused by: ptolemy.kernel.util.IllegalActionException: Actor is not ready to fire.  Perhaps UpSample.prefire() returned false? Try debugging the actor by selecting "Listen to Actor".  Also, for SDF check moml for tokenConsumptionRate on input.
  in .DESDFClockTest.Play Bell.Copy1:SDF Director and .DESDFClockTest.Play Bell.UpSample
	at ptolemy.actor.sched.StaticSchedulingDirector.fire(StaticSchedulingDirector.java:227)
	at ptolemy.domains.sdf.kernel.SDFDirector.fire(SDFDirector.java:500)
	at ptolemy.actor.CompositeActor.fire(CompositeActor.java:455)
	at ptolemy.domains.de.kernel.DEDirector._fire(DEDirector.java:1949)
	at ptolemy.domains.de.kernel.DEDirector.fire(DEDirector.java:502)
	at ptolemy.actor.CompositeActor.fire(CompositeActor.java:455)
	at ptolemy.actor.Manager.iterate(Manager.java:851)
	at ptolemy.actor.Manager.execute(Manager.java:369)
	at ptolemy.actor.Manager.run(Manager.java:1263)
	at ptolemy.actor.Manager$PtolemyRunThread.run(Manager.java:1915)
java.lang.RuntimeException: Execution failed
	at ptolemy.moml.MoMLSimpleApplication$UnloadThread.run(MoMLSimpleApplication.java:402)
Caused by: ptolemy.kernel.util.IllegalActionException: Test fails in iteration 1.
Value was: 1.0. Should have been: 2.0
  in .DirectFeedback.Test
	at ptolemy.actor.lib.Test.fire(Test.java:268)
	at ptolemy.domains.de.kernel.DEDirector._fire(DEDirector.java:1949)
	at ptolemy.domains.de.kernel.DEDirector.fire(DEDirector.java:502)
	at ptolemy.actor.CompositeActor.fire(CompositeActor.java:455)
	at ptolemy.actor.Manager.iterate(Manager.java:851)
	at ptolemy.actor.Manager.execute(Manager.java:369)
	at ptolemy.actor.Manager.run(Manager.java:1263)
	at ptolemy.actor.Manager$PtolemyRunThread.run(Manager.java:1915)
java.lang.reflect.InvocationTargetException
	at sun.reflect.NativeConstructorAccessorImpl.newInstance0(Native Method)
	at sun.reflect.NativeConstructorAccessorImpl.newInstance(NativeConstructorAccessorImpl.java:62)
	at sun.reflect.DelegatingConstructorAccessorImpl.newInstance(DelegatingConstructorAccessorImpl.java:45)
	at java.lang.reflect.Constructor.newInstance(Constructor.java:423)
	at ptolemy.util.test.junit.AutoKnownFailedTests.RunModel(AutoKnownFailedTests.java:107)
	at sun.reflect.NativeMethodAccessorImpl.invoke0(Native Method)
	at sun.reflect.NativeMethodAccessorImpl.invoke(NativeMethodAccessorImpl.java:62)
	at sun.reflect.DelegatingMethodAccessorImpl.invoke(DelegatingMethodAccessorImpl.java:43)
	at java.lang.reflect.Method.invoke(Method.java:498)
	at org.junit.runners.model.FrameworkMethod$1.runReflectiveCall(FrameworkMethod.java:44)
	at org.junit.internal.runners.model.ReflectiveCallable.run(ReflectiveCallable.java:15)
	at org.junit.runners.model.FrameworkMethod.invokeExplosively(FrameworkMethod.java:41)
	at junitparams.internal.InvokeParameterisedMethod.evaluate(InvokeParameterisedMethod.java:102)
	at org.junit.internal.runners.statements.FailOnTimeout$1.run(FailOnTimeout.java:28)
Caused by: ptolemy.kernel.util.IllegalActionException: Test fails in iteration 1.
Value was: 1.0. Should have been: 2.0
  in .DirectFeedback.Test
	at ptolemy.actor.lib.Test.fire(Test.java:268)
	at ptolemy.domains.de.kernel.DEDirector._fire(DEDirector.java:1949)
	at ptolemy.domains.de.kernel.DEDirector.fire(DEDirector.java:502)
	at ptolemy.actor.CompositeActor.fire(CompositeActor.java:455)
	at ptolemy.actor.Manager.iterate(Manager.java:851)
	at ptolemy.actor.Manager.execute(Manager.java:369)
	at ptolemy.actor.Manager.run(Manager.java:1263)
	at ptolemy.actor.Manager$PtolemyRunThread.run(Manager.java:1915)
java.lang.RuntimeException: Execution failed
	at ptolemy.moml.MoMLSimpleApplication$UnloadThread.run(MoMLSimpleApplication.java:402)
Caused by: ptolemy.kernel.util.IllegalActionException: Found a zero delay loop containing .HierarchicalModel.A
  in .HierarchicalModel and .HierarchicalModel.A
	at ptolemy.actor.util.CausalityInterfaceForComposites._computeOutputPortDepth(CausalityInterfaceForComposites.java:759)
	at ptolemy.actor.util.CausalityInterfaceForComposites._computeInputDepth(CausalityInterfaceForComposites.java:696)
	at ptolemy.actor.util.CausalityInterfaceForComposites._computeOutputPortDepth(CausalityInterfaceForComposites.java:765)
	at ptolemy.actor.util.CausalityInterfaceForComposites._computeInputDepth(CausalityInterfaceForComposites.java:696)
	at ptolemy.actor.util.CausalityInterfaceForComposites._computeOutputPortDepth(CausalityInterfaceForComposites.java:765)
	at ptolemy.actor.util.CausalityInterfaceForComposites._computeInputDepth(CausalityInterfaceForComposites.java:696)
	at ptolemy.actor.util.CausalityInterfaceForComposites._computeActorDepth(CausalityInterfaceForComposites.java:532)
	at ptolemy.actor.util.CausalityInterfaceForComposites.checkForCycles(CausalityInterfaceForComposites.java:96)
	at ptolemy.domains.de.kernel.DEDirector.preinitialize(DEDirector.java:1338)
	at ptolemy.actor.CompositeActor.preinitialize(CompositeActor.java:1828)
	at ptolemy.actor.Manager.preinitializeAndResolveTypes(Manager.java:1040)
	at ptolemy.actor.Manager.initialize(Manager.java:710)
	at ptolemy.actor.Manager.execute(Manager.java:356)
	at ptolemy.actor.Manager.run(Manager.java:1263)
	at ptolemy.actor.Manager$PtolemyRunThread.run(Manager.java:1915)
java.lang.reflect.InvocationTargetException
	at sun.reflect.NativeConstructorAccessorImpl.newInstance0(Native Method)
	at sun.reflect.NativeConstructorAccessorImpl.newInstance(NativeConstructorAccessorImpl.java:62)
	at sun.reflect.DelegatingConstructorAccessorImpl.newInstance(DelegatingConstructorAccessorImpl.java:45)
	at java.lang.reflect.Constructor.newInstance(Constructor.java:423)
	at ptolemy.util.test.junit.AutoKnownFailedTests.RunModel(AutoKnownFailedTests.java:107)
	at sun.reflect.NativeMethodAccessorImpl.invoke0(Native Method)
	at sun.reflect.NativeMethodAccessorImpl.invoke(NativeMethodAccessorImpl.java:62)
	at sun.reflect.DelegatingMethodAccessorImpl.invoke(DelegatingMethodAccessorImpl.java:43)
	at java.lang.reflect.Method.invoke(Method.java:498)
	at org.junit.runners.model.FrameworkMethod$1.runReflectiveCall(FrameworkMethod.java:44)
	at org.junit.internal.runners.model.ReflectiveCallable.run(ReflectiveCallable.java:15)
	at org.junit.runners.model.FrameworkMethod.invokeExplosively(FrameworkMethod.java:41)
	at junitparams.internal.InvokeParameterisedMethod.evaluate(InvokeParameterisedMethod.java:102)
	at org.junit.internal.runners.statements.FailOnTimeout$1.run(FailOnTimeout.java:28)
Caused by: ptolemy.kernel.util.IllegalActionException: Found a zero delay loop containing .HierarchicalModel.A
  in .HierarchicalModel and .HierarchicalModel.A
	at ptolemy.actor.util.CausalityInterfaceForComposites._computeOutputPortDepth(CausalityInterfaceForComposites.java:759)
	at ptolemy.actor.util.CausalityInterfaceForComposites._computeInputDepth(CausalityInterfaceForComposites.java:696)
	at ptolemy.actor.util.CausalityInterfaceForComposites._computeOutputPortDepth(CausalityInterfaceForComposites.java:765)
	at ptolemy.actor.util.CausalityInterfaceForComposites._computeInputDepth(CausalityInterfaceForComposites.java:696)
	at ptolemy.actor.util.CausalityInterfaceForComposites._computeOutputPortDepth(CausalityInterfaceForComposites.java:765)
	at ptolemy.actor.util.CausalityInterfaceForComposites._computeInputDepth(CausalityInterfaceForComposites.java:696)
	at ptolemy.actor.util.CausalityInterfaceForComposites._computeActorDepth(CausalityInterfaceForComposites.java:532)
	at ptolemy.actor.util.CausalityInterfaceForComposites.checkForCycles(CausalityInterfaceForComposites.java:96)
	at ptolemy.domains.de.kernel.DEDirector.preinitialize(DEDirector.java:1338)
	at ptolemy.actor.CompositeActor.preinitialize(CompositeActor.java:1828)
	at ptolemy.actor.Manager.preinitializeAndResolveTypes(Manager.java:1040)
	at ptolemy.actor.Manager.initialize(Manager.java:710)
	at ptolemy.actor.Manager.execute(Manager.java:356)
	at ptolemy.actor.Manager.run(Manager.java:1263)
	at ptolemy.actor.Manager$PtolemyRunThread.run(Manager.java:1915)
java.lang.RuntimeException: Execution failed
	at ptolemy.moml.MoMLSimpleApplication$UnloadThread.run(MoMLSimpleApplication.java:402)
Caused by: ptolemy.kernel.util.IllegalActionException: Found a zero delay loop containing .dependencyLoop.original
  in .dependencyLoop and .dependencyLoop.original
	at ptolemy.actor.util.CausalityInterfaceForComposites._computeOutputPortDepth(CausalityInterfaceForComposites.java:759)
	at ptolemy.actor.util.CausalityInterfaceForComposites._computeInputDepth(CausalityInterfaceForComposites.java:696)
	at ptolemy.actor.util.CausalityInterfaceForComposites._computeOutputPortDepth(CausalityInterfaceForComposites.java:765)
	at ptolemy.actor.util.CausalityInterfaceForComposites._computeInputDepth(CausalityInterfaceForComposites.java:696)
	at ptolemy.actor.util.CausalityInterfaceForComposites._computeOutputPortDepth(CausalityInterfaceForComposites.java:765)
	at ptolemy.actor.util.CausalityInterfaceForComposites._computeInputDepth(CausalityInterfaceForComposites.java:696)
	at ptolemy.actor.util.CausalityInterfaceForComposites._computeActorDepth(CausalityInterfaceForComposites.java:532)
	at ptolemy.actor.util.CausalityInterfaceForComposites.checkForCycles(CausalityInterfaceForComposites.java:96)
	at ptolemy.domains.de.kernel.DEDirector.preinitialize(DEDirector.java:1338)
	at ptolemy.actor.CompositeActor.preinitialize(CompositeActor.java:1828)
	at ptolemy.actor.Manager.preinitializeAndResolveTypes(Manager.java:1040)
	at ptolemy.actor.Manager.initialize(Manager.java:710)
	at ptolemy.actor.Manager.execute(Manager.java:356)
	at ptolemy.actor.Manager.run(Manager.java:1263)
	at ptolemy.actor.Manager$PtolemyRunThread.run(Manager.java:1915)
java.lang.reflect.InvocationTargetException
	at sun.reflect.NativeConstructorAccessorImpl.newInstance0(Native Method)
	at sun.reflect.NativeConstructorAccessorImpl.newInstance(NativeConstructorAccessorImpl.java:62)
	at sun.reflect.DelegatingConstructorAccessorImpl.newInstance(DelegatingConstructorAccessorImpl.java:45)
	at java.lang.reflect.Constructor.newInstance(Constructor.java:423)
	at ptolemy.util.test.junit.AutoKnownFailedTests.RunModel(AutoKnownFailedTests.java:107)
	at sun.reflect.NativeMethodAccessorImpl.invoke0(Native Method)
	at sun.reflect.NativeMethodAccessorImpl.invoke(NativeMethodAccessorImpl.java:62)
	at sun.reflect.DelegatingMethodAccessorImpl.invoke(DelegatingMethodAccessorImpl.java:43)
	at java.lang.reflect.Method.invoke(Method.java:498)
	at org.junit.runners.model.FrameworkMethod$1.runReflectiveCall(FrameworkMethod.java:44)
	at org.junit.internal.runners.model.ReflectiveCallable.run(ReflectiveCallable.java:15)
	at org.junit.runners.model.FrameworkMethod.invokeExplosively(FrameworkMethod.java:41)
	at junitparams.internal.InvokeParameterisedMethod.evaluate(InvokeParameterisedMethod.java:102)
	at org.junit.internal.runners.statements.FailOnTimeout$1.run(FailOnTimeout.java:28)
Caused by: ptolemy.kernel.util.IllegalActionException: Found a zero delay loop containing .dependencyLoop.original
  in .dependencyLoop and .dependencyLoop.original
	at ptolemy.actor.util.CausalityInterfaceForComposites._computeOutputPortDepth(CausalityInterfaceForComposites.java:759)
	at ptolemy.actor.util.CausalityInterfaceForComposites._computeInputDepth(CausalityInterfaceForComposites.java:696)
	at ptolemy.actor.util.CausalityInterfaceForComposites._computeOutputPortDepth(CausalityInterfaceForComposites.java:765)
	at ptolemy.actor.util.CausalityInterfaceForComposites._computeInputDepth(CausalityInterfaceForComposites.java:696)
	at ptolemy.actor.util.CausalityInterfaceForComposites._computeOutputPortDepth(CausalityInterfaceForComposites.java:765)
	at ptolemy.actor.util.CausalityInterfaceForComposites._computeInputDepth(CausalityInterfaceForComposites.java:696)
	at ptolemy.actor.util.CausalityInterfaceForComposites._computeActorDepth(CausalityInterfaceForComposites.java:532)
	at ptolemy.actor.util.CausalityInterfaceForComposites.checkForCycles(CausalityInterfaceForComposites.java:96)
	at ptolemy.domains.de.kernel.DEDirector.preinitialize(DEDirector.java:1338)
	at ptolemy.actor.CompositeActor.preinitialize(CompositeActor.java:1828)
	at ptolemy.actor.Manager.preinitializeAndResolveTypes(Manager.java:1040)
	at ptolemy.actor.Manager.initialize(Manager.java:710)
	at ptolemy.actor.Manager.execute(Manager.java:356)
	at ptolemy.actor.Manager.run(Manager.java:1263)
	at ptolemy.actor.Manager$PtolemyRunThread.run(Manager.java:1915)
java.lang.RuntimeException: Execution failed
	at ptolemy.moml.MoMLSimpleApplication$UnloadThread.run(MoMLSimpleApplication.java:402)
Caused by: ptolemy.kernel.util.IllegalActionException: Found a zero delay loop containing .dependencyLoop2.original
  in .dependencyLoop2 and .dependencyLoop2.original
	at ptolemy.actor.util.CausalityInterfaceForComposites._computeOutputPortDepth(CausalityInterfaceForComposites.java:759)
	at ptolemy.actor.util.CausalityInterfaceForComposites._computeInputDepth(CausalityInterfaceForComposites.java:696)
	at ptolemy.actor.util.CausalityInterfaceForComposites._computeOutputPortDepth(CausalityInterfaceForComposites.java:765)
	at ptolemy.actor.util.CausalityInterfaceForComposites._computeInputDepth(CausalityInterfaceForComposites.java:696)
	at ptolemy.actor.util.CausalityInterfaceForComposites._computeOutputPortDepth(CausalityInterfaceForComposites.java:765)
	at ptolemy.actor.util.CausalityInterfaceForComposites._computeInputDepth(CausalityInterfaceForComposites.java:696)
	at ptolemy.actor.util.CausalityInterfaceForComposites._computeActorDepth(CausalityInterfaceForComposites.java:532)
	at ptolemy.actor.util.CausalityInterfaceForComposites.checkForCycles(CausalityInterfaceForComposites.java:96)
	at ptolemy.domains.de.kernel.DEDirector.preinitialize(DEDirector.java:1338)
	at ptolemy.actor.CompositeActor.preinitialize(CompositeActor.java:1828)
	at ptolemy.actor.Manager.preinitializeAndResolveTypes(Manager.java:1040)
	at ptolemy.actor.Manager.initialize(Manager.java:710)
	at ptolemy.actor.Manager.execute(Manager.java:356)
	at ptolemy.actor.Manager.run(Manager.java:1263)
	at ptolemy.actor.Manager$PtolemyRunThread.run(Manager.java:1915)
java.lang.reflect.InvocationTargetException
	at sun.reflect.NativeConstructorAccessorImpl.newInstance0(Native Method)
	at sun.reflect.NativeConstructorAccessorImpl.newInstance(NativeConstructorAccessorImpl.java:62)
	at sun.reflect.DelegatingConstructorAccessorImpl.newInstance(DelegatingConstructorAccessorImpl.java:45)
	at java.lang.reflect.Constructor.newInstance(Constructor.java:423)
	at ptolemy.util.test.junit.AutoKnownFailedTests.RunModel(AutoKnownFailedTests.java:107)
	at sun.reflect.NativeMethodAccessorImpl.invoke0(Native Method)
	at sun.reflect.NativeMethodAccessorImpl.invoke(NativeMethodAccessorImpl.java:62)
	at sun.reflect.DelegatingMethodAccessorImpl.invoke(DelegatingMethodAccessorImpl.java:43)
	at java.lang.reflect.Method.invoke(Method.java:498)
	at org.junit.runners.model.FrameworkMethod$1.runReflectiveCall(FrameworkMethod.java:44)
	at org.junit.internal.runners.model.ReflectiveCallable.run(ReflectiveCallable.java:15)
	at org.junit.runners.model.FrameworkMethod.invokeExplosively(FrameworkMethod.java:41)
	at junitparams.internal.InvokeParameterisedMethod.evaluate(InvokeParameterisedMethod.java:102)
	at org.junit.internal.runners.statements.FailOnTimeout$1.run(FailOnTimeout.java:28)
Caused by: ptolemy.kernel.util.IllegalActionException: Found a zero delay loop containing .dependencyLoop2.original
  in .dependencyLoop2 and .dependencyLoop2.original
	at ptolemy.actor.util.CausalityInterfaceForComposites._computeOutputPortDepth(CausalityInterfaceForComposites.java:759)
	at ptolemy.actor.util.CausalityInterfaceForComposites._computeInputDepth(CausalityInterfaceForComposites.java:696)
	at ptolemy.actor.util.CausalityInterfaceForComposites._computeOutputPortDepth(CausalityInterfaceForComposites.java:765)
	at ptolemy.actor.util.CausalityInterfaceForComposites._computeInputDepth(CausalityInterfaceForComposites.java:696)
	at ptolemy.actor.util.CausalityInterfaceForComposites._computeOutputPortDepth(CausalityInterfaceForComposites.java:765)
	at ptolemy.actor.util.CausalityInterfaceForComposites._computeInputDepth(CausalityInterfaceForComposites.java:696)
	at ptolemy.actor.util.CausalityInterfaceForComposites._computeActorDepth(CausalityInterfaceForComposites.java:532)
	at ptolemy.actor.util.CausalityInterfaceForComposites.checkForCycles(CausalityInterfaceForComposites.java:96)
	at ptolemy.domains.de.kernel.DEDirector.preinitialize(DEDirector.java:1338)
	at ptolemy.actor.CompositeActor.preinitialize(CompositeActor.java:1828)
	at ptolemy.actor.Manager.preinitializeAndResolveTypes(Manager.java:1040)
	at ptolemy.actor.Manager.initialize(Manager.java:710)
	at ptolemy.actor.Manager.execute(Manager.java:356)
	at ptolemy.actor.Manager.run(Manager.java:1263)
	at ptolemy.actor.Manager$PtolemyRunThread.run(Manager.java:1915)
]]></system-err>
</testsuite>
