<?xml version="1.0" encoding="UTF-8" ?>
<testsuite errors="0" failures="0" hostname="travis-job-a7453e6f-ea44-44f9-969f-0b68b832a124" name="ptolemy.domains.de.test.junit.JUnitTclTest" skipped="0" tests="101" time="140.24" timestamp="2019-09-04T05:32:44">
  <properties>
[...]
</properties>
  <testcase classname="ptolemy.util.test.junit.TclTests" name="[0] /home/travis/build/icyphy/ptII/ptolemy/domains/de/test/DependencyLoop.tcl (RunTclFile)" time="1.194" />
  <testcase classname="ptolemy.util.test.junit.TclTests" name="[1] /home/travis/build/icyphy/ptII/ptolemy/domains/de/test/RunDETestsAsQSS.tcl (RunTclFile)" time="94.629" />
  <testcase classname="ptolemy.util.test.junit.AutoKnownFailedTests" name="[0] /home/travis/build/icyphy/ptII/ptolemy/domains/de/test/auto/knownFailedTests/DESDFClockTest.xml (RunModel)" time="2.076" />
  <testcase classname="ptolemy.util.test.junit.AutoKnownFailedTests" name="[1] /home/travis/build/icyphy/ptII/ptolemy/domains/de/test/auto/knownFailedTests/DirectFeedback.xml (RunModel)" time="0.017" />
  <testcase classname="ptolemy.util.test.junit.AutoKnownFailedTests" name="[2] /home/travis/build/icyphy/ptII/ptolemy/domains/de/test/auto/knownFailedTests/FSMSource.xml (RunModel)" time="0.033" />
  <testcase classname="ptolemy.util.test.junit.AutoKnownFailedTests" name="[3] /home/travis/build/icyphy/ptII/ptolemy/domains/de/test/auto/knownFailedTests/HierarchicalModel.xml (RunModel)" time="0.081" />
  <testcase classname="ptolemy.util.test.junit.AutoKnownFailedTests" name="[4] /home/travis/build/icyphy/ptII/ptolemy/domains/de/test/auto/knownFailedTests/dependencyLoop.xml (RunModel)" time="0.064" />
  <testcase classname="ptolemy.util.test.junit.AutoKnownFailedTests" name="[5] /home/travis/build/icyphy/ptII/ptolemy/domains/de/test/auto/knownFailedTests/dependencyLoop2.xml (RunModel)" time="0.052" />
  <testcase classname="ptolemy.util.test.junit.AutoNameArchTests" name="[0] ThereAreNoAutoArchTests (RunModel)" time="0.001" />
  <testcase classname="ptolemy.util.test.junit.AutoTests" name="[0] /home/travis/build/icyphy/ptII/ptolemy/domains/de/test/auto/ActorDepthCalculation_actorWithoutPorts.xml (RunModel)" time="0.027" />
  <testcase classname="ptolemy.util.test.junit.AutoTests" name="[1] /home/travis/build/icyphy/ptII/ptolemy/domains/de/test/auto/AssemblyLine.xml (RunModel)" time="0.027" />
  <testcase classname="ptolemy.util.test.junit.AutoTests" name="[2] /home/travis/build/icyphy/ptII/ptolemy/domains/de/test/auto/CQBug1.xml (RunModel)" time="0.021" />
  <testcase classname="ptolemy.util.test.junit.AutoTests" name="[3] /home/travis/build/icyphy/ptII/ptolemy/domains/de/test/auto/CancelFireAt.xml (RunModel)" time="0.025" />
  <testcase classname="ptolemy.util.test.junit.AutoTests" name="[4] /home/travis/build/icyphy/ptII/ptolemy/domains/de/test/auto/CausalityAndComposabilityAnalysis.xml (RunModel)" time="0.02" />
  <testcase classname="ptolemy.util.test.junit.AutoTests" name="[5] /home/travis/build/icyphy/ptII/ptolemy/domains/de/test/auto/CausalityInterface1.xml (RunModel)" time="0.022" />
  <testcase classname="ptolemy.util.test.junit.AutoTests" name="[6] /home/travis/build/icyphy/ptII/ptolemy/domains/de/test/auto/CausalityInterface15.xml (RunModel)" time="0.02" />
  <testcase classname="ptolemy.util.test.junit.AutoTests" name="[7] /home/travis/build/icyphy/ptII/ptolemy/domains/de/test/auto/CausalityInterface2.xml (RunModel)" time="0.015" />
  <testcase classname="ptolemy.util.test.junit.AutoTests" name="[8] /home/travis/build/icyphy/ptII/ptolemy/domains/de/test/auto/CausalityInterface3.xml (RunModel)" time="0.018" />
  <testcase classname="ptolemy.util.test.junit.AutoTests" name="[9] /home/travis/build/icyphy/ptII/ptolemy/domains/de/test/auto/ClockDrift.xml (RunModel)" time="0.048" />
  <testcase classname="ptolemy.util.test.junit.AutoTests" name="[10] /home/travis/build/icyphy/ptII/ptolemy/domains/de/test/auto/ClockDriftAndValueChange.xml (RunModel)" time="0.043" />
  <testcase classname="ptolemy.util.test.junit.AutoTests" name="[11] /home/travis/build/icyphy/ptII/ptolemy/domains/de/test/auto/ClockDriftChange.xml (RunModel)" time="0.033" />
  <testcase classname="ptolemy.util.test.junit.AutoTests" name="[12] /home/travis/build/icyphy/ptII/ptolemy/domains/de/test/auto/ComposableCausalityAnalysis.xml (RunModel)" time="0.018" />
  <testcase classname="ptolemy.util.test.junit.AutoTests" name="[13] /home/travis/build/icyphy/ptII/ptolemy/domains/de/test/auto/DEFixedPointLimitation.xml (RunModel)" time="0.015" />
  <testcase classname="ptolemy.util.test.junit.AutoTests" name="[14] /home/travis/build/icyphy/ptII/ptolemy/domains/de/test/auto/DEScheduleTest.xml (RunModel)" time="0.017" />
  <testcase classname="ptolemy.util.test.junit.AutoTests" name="[15] /home/travis/build/icyphy/ptII/ptolemy/domains/de/test/auto/DEinDEwithStartTimes.xml (RunModel)" time="0.023" />
  <testcase classname="ptolemy.util.test.junit.AutoTests" name="[16] /home/travis/build/icyphy/ptII/ptolemy/domains/de/test/auto/DEinDEwithStartTimes2.xml (RunModel)" time="0.023" />
  <testcase classname="ptolemy.util.test.junit.AutoTests" name="[17] /home/travis/build/icyphy/ptII/ptolemy/domains/de/test/auto/DateDemo.xml (RunModel)" time="0.045" />
  <testcase classname="ptolemy.util.test.junit.AutoTests" name="[18] /home/travis/build/icyphy/ptII/ptolemy/domains/de/test/auto/DateToEvent.xml (RunModel)" time="2.049" />
  <testcase classname="ptolemy.util.test.junit.AutoTests" name="[19] /home/travis/build/icyphy/ptII/ptolemy/domains/de/test/auto/DepthTest1.xml (RunModel)" time="0.01" />
  <testcase classname="ptolemy.util.test.junit.AutoTests" name="[20] /home/travis/build/icyphy/ptII/ptolemy/domains/de/test/auto/DepthTest2.xml (RunModel)" time="0.024" />
  <testcase classname="ptolemy.util.test.junit.AutoTests" name="[21] /home/travis/build/icyphy/ptII/ptolemy/domains/de/test/auto/DepthTest3.xml (RunModel)" time="0.011" />
  <testcase classname="ptolemy.util.test.junit.AutoTests" name="[22] /home/travis/build/icyphy/ptII/ptolemy/domains/de/test/auto/DepthTest4.xml (RunModel)" time="0.031" />
  <testcase classname="ptolemy.util.test.junit.AutoTests" name="[23] /home/travis/build/icyphy/ptII/ptolemy/domains/de/test/auto/DepthTest5.xml (RunModel)" time="0.018" />
  <testcase classname="ptolemy.util.test.junit.AutoTests" name="[24] /home/travis/build/icyphy/ptII/ptolemy/domains/de/test/auto/DepthTest6.xml (RunModel)" time="0.014" />
  <testcase classname="ptolemy.util.test.junit.AutoTests" name="[25] /home/travis/build/icyphy/ptII/ptolemy/domains/de/test/auto/DepthTest7.xml (RunModel)" time="0.014" />
  <testcase classname="ptolemy.util.test.junit.AutoTests" name="[26] /home/travis/build/icyphy/ptII/ptolemy/domains/de/test/auto/EventToDate.xml (RunModel)" time="3.046" />
  <testcase classname="ptolemy.util.test.junit.AutoTests" name="[27] /home/travis/build/icyphy/ptII/ptolemy/domains/de/test/auto/FSM1.xml (RunModel)" time="0.042" />
  <testcase classname="ptolemy.util.test.junit.AutoTests" name="[28] /home/travis/build/icyphy/ptII/ptolemy/domains/de/test/auto/FSM7.xml (RunModel)" time="0.048" />
  <testcase classname="ptolemy.util.test.junit.AutoTests" name="[29] /home/travis/build/icyphy/ptII/ptolemy/domains/de/test/auto/Inspection.xml (RunModel)" time="0.052" />
  <testcase classname="ptolemy.util.test.junit.AutoTests" name="[30] /home/travis/build/icyphy/ptII/ptolemy/domains/de/test/auto/Iteration.xml (RunModel)" time="0.027" />
  <testcase classname="ptolemy.util.test.junit.AutoTests" name="[31] /home/travis/build/icyphy/ptII/ptolemy/domains/de/test/auto/LineFault.xml (RunModel)" time="0.731" />
  <testcase classname="ptolemy.util.test.junit.AutoTests" name="[32] /home/travis/build/icyphy/ptII/ptolemy/domains/de/test/auto/MergeModel1Add.xml (RunModel)" time="0.064" />
  <testcase classname="ptolemy.util.test.junit.AutoTests" name="[33] /home/travis/build/icyphy/ptII/ptolemy/domains/de/test/auto/MergeModel2Add.xml (RunModel)" time="0.048" />
  <testcase classname="ptolemy.util.test.junit.AutoTests" name="[34] /home/travis/build/icyphy/ptII/ptolemy/domains/de/test/auto/MergeModel3Add.xml (RunModel)" time="0.049" />
  <testcase classname="ptolemy.util.test.junit.AutoTests" name="[35] /home/travis/build/icyphy/ptII/ptolemy/domains/de/test/auto/MergeWithoutDiscard.xml (RunModel)" time="0.021" />
  <testcase classname="ptolemy.util.test.junit.AutoTests" name="[36] /home/travis/build/icyphy/ptII/ptolemy/domains/de/test/auto/Modal1.xml (RunModel)" time="0.037" />
  <testcase classname="ptolemy.util.test.junit.AutoTests" name="[37] /home/travis/build/icyphy/ptII/ptolemy/domains/de/test/auto/Modal2.xml (RunModel)" time="0.036" />
  <testcase classname="ptolemy.util.test.junit.AutoTests" name="[38] /home/travis/build/icyphy/ptII/ptolemy/domains/de/test/auto/Modal3.xml (RunModel)" time="0.031" />
  <testcase classname="ptolemy.util.test.junit.AutoTests" name="[39] /home/travis/build/icyphy/ptII/ptolemy/domains/de/test/auto/Modal4.xml (RunModel)" time="0.042" />
  <testcase classname="ptolemy.util.test.junit.AutoTests" name="[40] /home/travis/build/icyphy/ptII/ptolemy/domains/de/test/auto/Modal5.xml (RunModel)" time="0.035" />
  <testcase classname="ptolemy.util.test.junit.AutoTests" name="[41] /home/travis/build/icyphy/ptII/ptolemy/domains/de/test/auto/Modal6.xml (RunModel)" time="0.038" />
  <testcase classname="ptolemy.util.test.junit.AutoTests" name="[42] /home/travis/build/icyphy/ptII/ptolemy/domains/de/test/auto/Modal7.xml (RunModel)" time="0.036" />
  <testcase classname="ptolemy.util.test.junit.AutoTests" name="[43] /home/travis/build/icyphy/ptII/ptolemy/domains/de/test/auto/ModalModel.xml (RunModel)" time="0.254" />
  <testcase classname="ptolemy.util.test.junit.AutoTests" name="[44] /home/travis/build/icyphy/ptII/ptolemy/domains/de/test/auto/ModalSource.xml (RunModel)" time="0.023" />
  <testcase classname="ptolemy.util.test.junit.AutoTests" name="[45] /home/travis/build/icyphy/ptII/ptolemy/domains/de/test/auto/NonInterruptibleTimerZeroDelay.xml (RunModel)" time="0.022" />
  <testcase classname="ptolemy.util.test.junit.AutoTests" name="[46] /home/travis/build/icyphy/ptII/ptolemy/domains/de/test/auto/OpenQueueingNetwork.xml (RunModel)" time="2.949" />
  <testcase classname="ptolemy.util.test.junit.AutoTests" name="[47] /home/travis/build/icyphy/ptII/ptolemy/domains/de/test/auto/OpenQueuingNetwork.xml (RunModel)" time="0.284" />
  <testcase classname="ptolemy.util.test.junit.AutoTests" name="[48] /home/travis/build/icyphy/ptII/ptolemy/domains/de/test/auto/PeriodicSampler.xml (RunModel)" time="0.01" />
  <testcase classname="ptolemy.util.test.junit.AutoTests" name="[49] /home/travis/build/icyphy/ptII/ptolemy/domains/de/test/auto/PersistentIO.xml (RunModel)" time="0.025" />
  <testcase classname="ptolemy.util.test.junit.AutoTests" name="[50] /home/travis/build/icyphy/ptII/ptolemy/domains/de/test/auto/PortParameterResetOnInitialize.xml (RunModel)" time="0.012" />
  <testcase classname="ptolemy.util.test.junit.AutoTests" name="[51] /home/travis/build/icyphy/ptII/ptolemy/domains/de/test/auto/PortParameterUpdates.xml (RunModel)" time="0.018" />
  <testcase classname="ptolemy.util.test.junit.AutoTests" name="[52] /home/travis/build/icyphy/ptII/ptolemy/domains/de/test/auto/QueueAndServer.xml (RunModel)" time="0.029" />
  <testcase classname="ptolemy.util.test.junit.AutoTests" name="[53] /home/travis/build/icyphy/ptII/ptolemy/domains/de/test/auto/Records.xml (RunModel)" time="0.023" />
  <testcase classname="ptolemy.util.test.junit.AutoTests" name="[54] /home/travis/build/icyphy/ptII/ptolemy/domains/de/test/auto/ResetTransitionWithStartTime1.xml (RunModel)" time="0.02" />
  <testcase classname="ptolemy.util.test.junit.AutoTests" name="[55] /home/travis/build/icyphy/ptII/ptolemy/domains/de/test/auto/ResetTransitionWithStartTime2.xml (RunModel)" time="0.024" />
  <testcase classname="ptolemy.util.test.junit.AutoTests" name="[56] /home/travis/build/icyphy/ptII/ptolemy/domains/de/test/auto/ResetTransitionWithStartTime3.xml (RunModel)" time="0.021" />
  <testcase classname="ptolemy.util.test.junit.AutoTests" name="[57] /home/travis/build/icyphy/ptII/ptolemy/domains/de/test/auto/ResetTransitionWithStartTime4.xml (RunModel)" time="0.021" />
  <testcase classname="ptolemy.util.test.junit.AutoTests" name="[58] /home/travis/build/icyphy/ptII/ptolemy/domains/de/test/auto/ResettableTimer1.xml (RunModel)" time="0.011" />
  <testcase classname="ptolemy.util.test.junit.AutoTests" name="[59] /home/travis/build/icyphy/ptII/ptolemy/domains/de/test/auto/ResettableTimer2.xml (RunModel)" time="0.01" />
  <testcase classname="ptolemy.util.test.junit.AutoTests" name="[60] /home/travis/build/icyphy/ptII/ptolemy/domains/de/test/auto/ResettableTimer3.xml (RunModel)" time="0.009" />
  <testcase classname="ptolemy.util.test.junit.AutoTests" name="[61] /home/travis/build/icyphy/ptII/ptolemy/domains/de/test/auto/ResettableTimer4.xml (RunModel)" time="0.012" />
  <testcase classname="ptolemy.util.test.junit.AutoTests" name="[62] /home/travis/build/icyphy/ptII/ptolemy/domains/de/test/auto/ResettableTimer5.xml (RunModel)" time="0.011" />
  <testcase classname="ptolemy.util.test.junit.AutoTests" name="[63] /home/travis/build/icyphy/ptII/ptolemy/domains/de/test/auto/ResettableTimer6.xml (RunModel)" time="0.017" />
  <testcase classname="ptolemy.util.test.junit.AutoTests" name="[64] /home/travis/build/icyphy/ptII/ptolemy/domains/de/test/auto/ServerZeroDelay.xml (RunModel)" time="0.011" />
  <testcase classname="ptolemy.util.test.junit.AutoTests" name="[65] /home/travis/build/icyphy/ptII/ptolemy/domains/de/test/auto/SmartSender.xml (RunModel)" time="3.01" />
  <testcase classname="ptolemy.util.test.junit.AutoTests" name="[66] /home/travis/build/icyphy/ptII/ptolemy/domains/de/test/auto/ThreadedComposite.xml (RunModel)" time="0.226" />
  <testcase classname="ptolemy.util.test.junit.AutoTests" name="[67] /home/travis/build/icyphy/ptII/ptolemy/domains/de/test/auto/Time.xml (RunModel)" time="0.512" />
  <testcase classname="ptolemy.util.test.junit.AutoTests" name="[68] /home/travis/build/icyphy/ptII/ptolemy/domains/de/test/auto/TimeDelayZeroDelay.xml (RunModel)" time="0.013" />
  <testcase classname="ptolemy.util.test.junit.AutoTests" name="[69] /home/travis/build/icyphy/ptII/ptolemy/domains/de/test/auto/TimerZeroDelay.xml (RunModel)" time="0.013" />
  <testcase classname="ptolemy.util.test.junit.AutoTests" name="[70] /home/travis/build/icyphy/ptII/ptolemy/domains/de/test/auto/TimingParadox.xml (RunModel)" time="0.42" />
  <testcase classname="ptolemy.util.test.junit.AutoTests" name="[71] /home/travis/build/icyphy/ptII/ptolemy/domains/de/test/auto/TransferInputs.xml (RunModel)" time="0.013" />
  <testcase classname="ptolemy.util.test.junit.AutoTests" name="[72] /home/travis/build/icyphy/ptII/ptolemy/domains/de/test/auto/TransferOutputs2.xml (RunModel)" time="0.055" />
  <testcase classname="ptolemy.util.test.junit.AutoTests" name="[73] /home/travis/build/icyphy/ptII/ptolemy/domains/de/test/auto/Trilateration.xml (RunModel)" time="13.716" />
  <testcase classname="ptolemy.util.test.junit.AutoTests" name="[74] /home/travis/build/icyphy/ptII/ptolemy/domains/de/test/auto/TwoSigmaDelta.xml (RunModel)" time="2.515" />
  <testcase classname="ptolemy.util.test.junit.AutoTests" name="[75] /home/travis/build/icyphy/ptII/ptolemy/domains/de/test/auto/VariableDelay.xml (RunModel)" time="0.01" />
  <testcase classname="ptolemy.util.test.junit.AutoTests" name="[76] /home/travis/build/icyphy/ptII/ptolemy/domains/de/test/auto/VariableDelay2.xml (RunModel)" time="0.012" />
  <testcase classname="ptolemy.util.test.junit.AutoTests" name="[77] /home/travis/build/icyphy/ptII/ptolemy/domains/de/test/auto/VariableDelayZeroDelay.xml (RunModel)" time="0.013" />
  <testcase classname="ptolemy.util.test.junit.AutoTests" name="[78] /home/travis/build/icyphy/ptII/ptolemy/domains/de/test/auto/VariableDelayZeroDelay2.xml (RunModel)" time="0.024" />
  <testcase classname="ptolemy.util.test.junit.AutoTests" name="[79] /home/travis/build/icyphy/ptII/ptolemy/domains/de/test/auto/deInCt.xml (RunModel)" time="0.022" />
  <testcase classname="ptolemy.util.test.junit.AutoTests" name="[80] /home/travis/build/icyphy/ptII/ptolemy/domains/de/test/auto/deInCt2.xml (RunModel)" time="0.014" />
  <testcase classname="ptolemy.util.test.junit.AutoTests" name="[81] /home/travis/build/icyphy/ptII/ptolemy/domains/de/test/auto/dynamicCausalityInterface1.xml (RunModel)" time="0.039" />
  <testcase classname="ptolemy.util.test.junit.AutoTests" name="[82] /home/travis/build/icyphy/ptII/ptolemy/domains/de/test/auto/fsm_de_test.xml (RunModel)" time="0.025" />
  <testcase classname="ptolemy.util.test.junit.AutoTests" name="[83] /home/travis/build/icyphy/ptII/ptolemy/domains/de/test/auto/functionDependencyReconstruction.xml (RunModel)" time="0.027" />
  <testcase classname="ptolemy.util.test.junit.AutoTests" name="[84] /home/travis/build/icyphy/ptII/ptolemy/domains/de/test/auto/multirate.xml (RunModel)" time="0.022" />
  <testcase classname="ptolemy.util.test.junit.AutoTests" name="[85] /home/travis/build/icyphy/ptII/ptolemy/domains/de/test/auto/multirate2.xml (RunModel)" time="0.021" />
  <testcase classname="ptolemy.util.test.junit.AutoTests" name="[86] /home/travis/build/icyphy/ptII/ptolemy/domains/de/test/auto/realtime.xml (RunModel)" time="10.022" />
  <testcase classname="ptolemy.util.test.junit.AutoTests" name="[87] /home/travis/build/icyphy/ptII/ptolemy/domains/de/test/auto/relationGroup.xml (RunModel)" time="0.008" />
  <testcase classname="ptolemy.util.test.junit.AutoTests" name="[88] /home/travis/build/icyphy/ptII/ptolemy/domains/de/test/auto/relationGroup2.xml (RunModel)" time="0.013" />
  <testcase classname="ptolemy.util.test.junit.AutoTests" name="[89] /home/travis/build/icyphy/ptII/ptolemy/domains/de/test/auto/sortWithOpaquePorts.xml (RunModel)" time="0.02" />
  <testcase classname="ptolemy.util.test.junit.AutoTests" name="[90] /home/travis/build/icyphy/ptII/ptolemy/domains/de/test/auto/transferInputsandOutputs.xml (RunModel)" time="0.02" />
  <testcase classname="ptolemy.util.test.junit.AutoTests" name="[91] /home/travis/build/icyphy/ptII/ptolemy/domains/de/test/auto/triggerType.xml (RunModel)" time="0.012" />
  <system-out><![CDATA[/home/travis/build/icyphy/ptII/ptolemy/domains/de/test/DependencyLoop.tcl
testDefs.tcl: setting time out to 9000 seconds at Wed Sep 04 05:32:44 UTC 2019
113 ms. Memory: 120832K Free: 72138K (60%)
22 ms. Memory: 120832K Free: 54699K (45%)
/home/travis/build/icyphy/ptII/ptolemy/domains/de/test/RunDETestsAsQSS.tcl
Run the DE tests using ptolemy.domains.qss.test.QSSDirectorTest, which extends QSSDirector and prints a message in the constructors.
------------------ testing $PTII/ptolemy/domains/de/test/auto/knownFailedTests/DirectFeedback.xml (Known Failure) 
43 ms. Memory: 120832K Free: 49100K (41%)


==== $PTIIhome/travis/build/icyphy/ptII/ptolemy/domains/de/test/../../../../: Auto Automatic test in file $PTII/ptolemy/domains/de/test/auto/knownFailedTests/DirectFeedback.xml
==== Contents of test case:

	    # FIXME: we should use $relativeFilename here, but it
	    # might have backslashes under Windows, which causes no end
	    # of trouble.
	    createAndExecute $file
	    list {}
	
.... Test generated KNOWN error:
    while executing
ptolemy.kernel.util.IllegalActionException: Test fails in iteration 1.
Value was: 1.0. Should have been: 2.0
  in .DirectFeedback.Test
	at ptolemy.actor.lib.Test.fire(Test.java:268)
	at ptolemy.domains.de.kernel.DEDirector._fire(DEDirector.java:1949)
	at ptolemy.domains.de.kernel.DEDirector.fire(DEDirector.java:502)
	at ptolemy.actor.CompositeActor.fire(CompositeActor.java:455)
	at ptolemy.actor.Manager.iterate(Manager.java:851)
	at ptolemy.actor.Manager.execute(Manager.java:369)
	at ptolemy.actor.Manager.run(Manager.java:1263)
	at ptolemy.actor.Manager$PtolemyRunThread.run(Manager.java:1933)

    while executing
ptolemy.kernel.util.IllegalActionException: Test fails in iteration 1.
Value was: 1.0. Should have been: 2.0
  in .DirectFeedback.Test
    while executing
"java::new ptolemy.moml.MoMLSimpleApplication $file
"
    (procedure "createAndExecute" line 2)
    invoked from within
"createAndExecute $file"
    ("uplevel" body line 5)
    invoked from within
"uplevel $contents_of_test"
------------------ testing $PTII/ptolemy/domains/de/test/auto/knownFailedTests/dependencyLoop.xml (Known Failure) 
11 ms. Memory: 120832K Free: 46028K (38%)


==== $PTIIhome/travis/build/icyphy/ptII/ptolemy/domains/de/test/../../../../: Auto Automatic test in file $PTII/ptolemy/domains/de/test/auto/knownFailedTests/dependencyLoop.xml
==== Contents of test case:

	    # FIXME: we should use $relativeFilename here, but it
	    # might have backslashes under Windows, which causes no end
	    # of trouble.
	    createAndExecute $file
	    list {}
	
.... Test generated KNOWN error:
    while executing
ptolemy.kernel.util.IllegalActionException: Found a zero delay loop containing .dependencyLoop.original
  in .dependencyLoop and .dependencyLoop.original
	at ptolemy.actor.util.CausalityInterfaceForComposites._computeOutputPortDepth(CausalityInterfaceForComposites.java:759)
	at ptolemy.actor.util.CausalityInterfaceForComposites._computeInputDepth(CausalityInterfaceForComposites.java:696)
	at ptolemy.actor.util.CausalityInterfaceForComposites._computeOutputPortDepth(CausalityInterfaceForComposites.java:765)
	at ptolemy.actor.util.CausalityInterfaceForComposites._computeInputDepth(CausalityInterfaceForComposites.java:696)
	at ptolemy.actor.util.CausalityInterfaceForComposites._computeOutputPortDepth(CausalityInterfaceForComposites.java:765)
	at ptolemy.actor.util.CausalityInterfaceForComposites._computeInputDepth(CausalityInterfaceForComposites.java:696)
	at ptolemy.actor.util.CausalityInterfaceForComposites._computeActorDepth(CausalityInterfaceForComposites.java:532)
	at ptolemy.actor.util.CausalityInterfaceForComposites.checkForCycles(CausalityInterfaceForComposites.java:96)
	at ptolemy.domains.de.kernel.DEDirector.preinitialize(DEDirector.java:1338)
	at ptolemy.actor.CompositeActor.preinitialize(CompositeActor.java:1828)
	at ptolemy.actor.Manager.preinitializeAndResolveTypes(Manager.java:1040)
	at ptolemy.actor.Manager.initialize(Manager.java:710)
	at ptolemy.actor.Manager.execute(Manager.java:356)
	at ptolemy.actor.Manager.run(Manager.java:1263)
	at ptolemy.actor.Manager$PtolemyRunThread.run(Manager.java:1933)

    while executing
ptolemy.kernel.util.IllegalActionException: Found a zero delay loop containing .dependencyLoop.original
  in .dependencyLoop and .dependencyLoop.original
    while executing
"java::new ptolemy.moml.MoMLSimpleApplication $file
"
    (procedure "createAndExecute" line 2)
    invoked from within
"createAndExecute $file"
    ("uplevel" body line 5)
    invoked from within
"uplevel $contents_of_test"
------------------ testing $PTII/ptolemy/domains/de/test/auto/knownFailedTests/FSMSource.xml (Known Failure) 
84 ms. Memory: 120832K Free: 99674K (82%)
!!!! Auto was marked as failing, but now passes
------------------ testing $PTII/ptolemy/domains/de/test/auto/knownFailedTests/HierarchicalModel.xml (Known Failure) 
10 ms. Memory: 120832K Free: 82242K (68%)


==== $PTIIhome/travis/build/icyphy/ptII/ptolemy/domains/de/test/../../../../: Auto Automatic test in file $PTII/ptolemy/domains/de/test/auto/knownFailedTests/HierarchicalModel.xml
==== Contents of test case:

	    # FIXME: we should use $relativeFilename here, but it
	    # might have backslashes under Windows, which causes no end
	    # of trouble.
	    createAndExecute $file
	    list {}
	
.... Test generated KNOWN error:
    while executing
ptolemy.kernel.util.IllegalActionException: Found a zero delay loop containing .HierarchicalModel.A
  in .HierarchicalModel and .HierarchicalModel.A
	at ptolemy.actor.util.CausalityInterfaceForComposites._computeOutputPortDepth(CausalityInterfaceForComposites.java:759)
	at ptolemy.actor.util.CausalityInterfaceForComposites._computeInputDepth(CausalityInterfaceForComposites.java:696)
	at ptolemy.actor.util.CausalityInterfaceForComposites._computeOutputPortDepth(CausalityInterfaceForComposites.java:765)
	at ptolemy.actor.util.CausalityInterfaceForComposites._computeInputDepth(CausalityInterfaceForComposites.java:696)
	at ptolemy.actor.util.CausalityInterfaceForComposites._computeOutputPortDepth(CausalityInterfaceForComposites.java:765)
	at ptolemy.actor.util.CausalityInterfaceForComposites._computeInputDepth(CausalityInterfaceForComposites.java:696)
	at ptolemy.actor.util.CausalityInterfaceForComposites._computeActorDepth(CausalityInterfaceForComposites.java:532)
	at ptolemy.actor.util.CausalityInterfaceForComposites.checkForCycles(CausalityInterfaceForComposites.java:96)
	at ptolemy.domains.de.kernel.DEDirector.preinitialize(DEDirector.java:1338)
	at ptolemy.actor.CompositeActor.preinitialize(CompositeActor.java:1828)
	at ptolemy.actor.Manager.preinitializeAndResolveTypes(Manager.java:1040)
	at ptolemy.actor.Manager.initialize(Manager.java:710)
	at ptolemy.actor.Manager.execute(Manager.java:356)
	at ptolemy.actor.Manager.run(Manager.java:1263)
	at ptolemy.actor.Manager$PtolemyRunThread.run(Manager.java:1933)

    while executing
ptolemy.kernel.util.IllegalActionException: Found a zero delay loop containing .HierarchicalModel.A
  in .HierarchicalModel and .HierarchicalModel.A
    while executing
"java::new ptolemy.moml.MoMLSimpleApplication $file
"
    (procedure "createAndExecute" line 2)
    invoked from within
"createAndExecute $file"
    ("uplevel" body line 5)
    invoked from within
"uplevel $contents_of_test"
------------------ testing $PTII/ptolemy/domains/de/test/auto/knownFailedTests/dependencyLoop2.xml (Known Failure) 
13 ms. Memory: 120832K Free: 66312K (55%)


==== $PTIIhome/travis/build/icyphy/ptII/ptolemy/domains/de/test/../../../../: Auto Automatic test in file $PTII/ptolemy/domains/de/test/auto/knownFailedTests/dependencyLoop2.xml
==== Contents of test case:

	    # FIXME: we should use $relativeFilename here, but it
	    # might have backslashes under Windows, which causes no end
	    # of trouble.
	    createAndExecute $file
	    list {}
	
.... Test generated KNOWN error:
    while executing
ptolemy.kernel.util.IllegalActionException: Found a zero delay loop containing .dependencyLoop2.original
  in .dependencyLoop2 and .dependencyLoop2.original
	at ptolemy.actor.util.CausalityInterfaceForComposites._computeOutputPortDepth(CausalityInterfaceForComposites.java:759)
	at ptolemy.actor.util.CausalityInterfaceForComposites._computeInputDepth(CausalityInterfaceForComposites.java:696)
	at ptolemy.actor.util.CausalityInterfaceForComposites._computeOutputPortDepth(CausalityInterfaceForComposites.java:765)
	at ptolemy.actor.util.CausalityInterfaceForComposites._computeInputDepth(CausalityInterfaceForComposites.java:696)
	at ptolemy.actor.util.CausalityInterfaceForComposites._computeOutputPortDepth(CausalityInterfaceForComposites.java:765)
	at ptolemy.actor.util.CausalityInterfaceForComposites._computeInputDepth(CausalityInterfaceForComposites.java:696)
	at ptolemy.actor.util.CausalityInterfaceForComposites._computeActorDepth(CausalityInterfaceForComposites.java:532)
	at ptolemy.actor.util.CausalityInterfaceForComposites.checkForCycles(CausalityInterfaceForComposites.java:96)
	at ptolemy.domains.de.kernel.DEDirector.preinitialize(DEDirector.java:1338)
	at ptolemy.actor.CompositeActor.preinitialize(CompositeActor.java:1828)
	at ptolemy.actor.Manager.preinitializeAndResolveTypes(Manager.java:1040)
	at ptolemy.actor.Manager.initialize(Manager.java:710)
	at ptolemy.actor.Manager.execute(Manager.java:356)
	at ptolemy.actor.Manager.run(Manager.java:1263)
	at ptolemy.actor.Manager$PtolemyRunThread.run(Manager.java:1933)

    while executing
ptolemy.kernel.util.IllegalActionException: Found a zero delay loop containing .dependencyLoop2.original
  in .dependencyLoop2 and .dependencyLoop2.original
    while executing
"java::new ptolemy.moml.MoMLSimpleApplication $file
"
    (procedure "createAndExecute" line 2)
    invoked from within
"createAndExecute $file"
    ("uplevel" body line 5)
    invoked from within
"uplevel $contents_of_test"
------------------ testing $PTII/ptolemy/domains/de/test/auto/knownFailedTests/DESDFClockTest.xml (Known Failure) 
2078 ms. Memory: 120832K Free: 95168K (79%)


==== $PTIIhome/travis/build/icyphy/ptII/ptolemy/domains/de/test/../../../../: Auto Automatic test in file $PTII/ptolemy/domains/de/test/auto/knownFailedTests/DESDFClockTest.xml
==== Contents of test case:

	    # FIXME: we should use $relativeFilename here, but it
	    # might have backslashes under Windows, which causes no end
	    # of trouble.
	    createAndExecute $file
	    list {}
	
.... Test generated KNOWN error:
    while executing
ptolemy.kernel.util.IllegalActionException: Actor is not ready to fire.  Perhaps UpSample.prefire() returned false? Try debugging the actor by selecting "Listen to Actor".  Also, for SDF check moml for tokenConsumptionRate on input.
  in .DESDFClockTest.Play Bell.Copy1:SDF Director and .DESDFClockTest.Play Bell.UpSample
	at ptolemy.actor.sched.StaticSchedulingDirector.fire(StaticSchedulingDirector.java:227)
	at ptolemy.domains.sdf.kernel.SDFDirector.fire(SDFDirector.java:500)
	at ptolemy.actor.CompositeActor.fire(CompositeActor.java:455)
	at ptolemy.domains.de.kernel.DEDirector._fire(DEDirector.java:1949)
	at ptolemy.domains.de.kernel.DEDirector.fire(DEDirector.java:502)
	at ptolemy.actor.CompositeActor.fire(CompositeActor.java:455)
	at ptolemy.actor.Manager.iterate(Manager.java:851)
	at ptolemy.actor.Manager.execute(Manager.java:369)
	at ptolemy.actor.Manager.run(Manager.java:1263)
	at ptolemy.actor.Manager$PtolemyRunThread.run(Manager.java:1933)

    while executing
ptolemy.kernel.util.IllegalActionException: Actor is not ready to fire.  Perhaps UpSample.prefire() returned false? Try debugging the actor by selecting "Listen to Actor".  Also, for SDF check moml for tokenConsumptionRate on input.
  in .DESDFClockTest.Play Bell.Copy1:SDF Director and .DESDFClockTest.Play Bell.UpSample
    while executing
"java::new ptolemy.moml.MoMLSimpleApplication $file
"
    (procedure "createAndExecute" line 2)
    invoked from within
"createAndExecute $file"
    ("uplevel" body line 5)
    invoked from within
"uplevel $contents_of_test"
------------------ testing $PTII/ptolemy/domains/de/test/auto/ActorDepthCalculation_actorWithoutPorts.xml
auto.tcl: Setting watchdog for 200 seconds at Wed Sep 04 05:32:48 UTC 2019
5 ms. Memory: 120832K Free: 88611K (73%)
ptolemy.util.test.WatchDog.cancel(): canceling Wed Sep 04 05:32:48 UTC 2019
auto.tcl: Setting watchdog for 200 seconds at Wed Sep 04 05:32:48 UTC 2019
13 ms. Memory: 120832K Free: 86848K (72%)
ptolemy.util.test.WatchDog.cancel(): canceling Wed Sep 04 05:32:48 UTC 2019
------------------ testing $PTII/ptolemy/domains/de/test/auto/AssemblyLine.xml
auto.tcl: Setting watchdog for 200 seconds at Wed Sep 04 05:32:48 UTC 2019
11 ms. Memory: 45056K Free: 23249K (52%)
ptolemy.util.test.WatchDog.cancel(): canceling Wed Sep 04 05:32:48 UTC 2019
auto.tcl: Setting watchdog for 200 seconds at Wed Sep 04 05:32:48 UTC 2019
10 ms. Memory: 45056K Free: 22296K (49%)
ptolemy.util.test.WatchDog.cancel(): canceling Wed Sep 04 05:32:48 UTC 2019
------------------ testing $PTII/ptolemy/domains/de/test/auto/CQBug1.xml
auto.tcl: Setting watchdog for 200 seconds at Wed Sep 04 05:32:49 UTC 2019
3 ms. Memory: 45056K Free: 28489K (63%)
ptolemy.util.test.WatchDog.cancel(): canceling Wed Sep 04 05:32:49 UTC 2019
auto.tcl: Setting watchdog for 200 seconds at Wed Sep 04 05:32:49 UTC 2019
2 ms. Memory: 45056K Free: 28022K (62%)
ptolemy.util.test.WatchDog.cancel(): canceling Wed Sep 04 05:32:49 UTC 2019
------------------ testing $PTII/ptolemy/domains/de/test/auto/CancelFireAt.xml
auto.tcl: Setting watchdog for 200 seconds at Wed Sep 04 05:32:49 UTC 2019
6 ms. Memory: 45056K Free: 29721K (66%)
ptolemy.util.test.WatchDog.cancel(): canceling Wed Sep 04 05:32:49 UTC 2019
auto.tcl: Setting watchdog for 200 seconds at Wed Sep 04 05:32:49 UTC 2019
10 ms. Memory: 45056K Free: 29345K (65%)
ptolemy.util.test.WatchDog.cancel(): canceling Wed Sep 04 05:32:49 UTC 2019
------------------ testing $PTII/ptolemy/domains/de/test/auto/CausalityAndComposabilityAnalysis.xml
auto.tcl: Setting watchdog for 200 seconds at Wed Sep 04 05:32:49 UTC 2019
7 ms. Memory: 45056K Free: 27434K (61%)
ptolemy.util.test.WatchDog.cancel(): canceling Wed Sep 04 05:32:49 UTC 2019
auto.tcl: Setting watchdog for 200 seconds at Wed Sep 04 05:32:49 UTC 2019
9 ms. Memory: 45056K Free: 27034K (60%)
ptolemy.util.test.WatchDog.cancel(): canceling Wed Sep 04 05:32:49 UTC 2019
------------------ testing $PTII/ptolemy/domains/de/test/auto/CausalityInterface1.xml
auto.tcl: Setting watchdog for 200 seconds at Wed Sep 04 05:32:49 UTC 2019
18 ms. Memory: 45056K Free: 26320K (58%)
ptolemy.util.test.WatchDog.cancel(): canceling Wed Sep 04 05:32:49 UTC 2019
auto.tcl: Setting watchdog for 200 seconds at Wed Sep 04 05:32:49 UTC 2019
10 ms. Memory: 45056K Free: 25419K (56%)
ptolemy.util.test.WatchDog.cancel(): canceling Wed Sep 04 05:32:49 UTC 2019
------------------ testing $PTII/ptolemy/domains/de/test/auto/CausalityInterface15.xml
auto.tcl: Setting watchdog for 200 seconds at Wed Sep 04 05:32:49 UTC 2019
6 ms. Memory: 45056K Free: 26347K (58%)
ptolemy.util.test.WatchDog.cancel(): canceling Wed Sep 04 05:32:49 UTC 2019
auto.tcl: Setting watchdog for 200 seconds at Wed Sep 04 05:32:49 UTC 2019
4 ms. Memory: 45056K Free: 25361K (56%)
ptolemy.util.test.WatchDog.cancel(): canceling Wed Sep 04 05:32:49 UTC 2019
------------------ testing $PTII/ptolemy/domains/de/test/auto/CausalityInterface2.xml
auto.tcl: Setting watchdog for 200 seconds at Wed Sep 04 05:32:49 UTC 2019
5 ms. Memory: 45056K Free: 27107K (60%)
ptolemy.util.test.WatchDog.cancel(): canceling Wed Sep 04 05:32:49 UTC 2019
auto.tcl: Setting watchdog for 200 seconds at Wed Sep 04 05:32:49 UTC 2019
8 ms. Memory: 45056K Free: 26370K (59%)
ptolemy.util.test.WatchDog.cancel(): canceling Wed Sep 04 05:32:49 UTC 2019
------------------ testing $PTII/ptolemy/domains/de/test/auto/CausalityInterface3.xml
auto.tcl: Setting watchdog for 200 seconds at Wed Sep 04 05:32:49 UTC 2019
7 ms. Memory: 45056K Free: 26572K (59%)
ptolemy.util.test.WatchDog.cancel(): canceling Wed Sep 04 05:32:49 UTC 2019
auto.tcl: Setting watchdog for 200 seconds at Wed Sep 04 05:32:49 UTC 2019
3 ms. Memory: 45056K Free: 25796K (57%)
ptolemy.util.test.WatchDog.cancel(): canceling Wed Sep 04 05:32:49 UTC 2019
------------------ testing $PTII/ptolemy/domains/de/test/auto/ClockDrift.xml
auto.tcl: Setting watchdog for 200 seconds at Wed Sep 04 05:32:49 UTC 2019
123 ms. Memory: 45056K Free: 19156K (43%)
ptolemy.util.test.WatchDog.cancel(): canceling Wed Sep 04 05:32:49 UTC 2019
auto.tcl: Setting watchdog for 200 seconds at Wed Sep 04 05:32:49 UTC 2019
69 ms. Memory: 45056K Free: 16141K (36%)
ptolemy.util.test.WatchDog.cancel(): canceling Wed Sep 04 05:32:49 UTC 2019
------------------ testing $PTII/ptolemy/domains/de/test/auto/ClockDriftAndValueChange.xml
auto.tcl: Setting watchdog for 200 seconds at Wed Sep 04 05:32:50 UTC 2019
45 ms. Memory: 45056K Free: 19615K (44%)
ptolemy.util.test.WatchDog.cancel(): canceling Wed Sep 04 05:32:50 UTC 2019
auto.tcl: Setting watchdog for 200 seconds at Wed Sep 04 05:32:50 UTC 2019
27 ms. Memory: 45056K Free: 16382K (36%)
ptolemy.util.test.WatchDog.cancel(): canceling Wed Sep 04 05:32:50 UTC 2019
------------------ testing $PTII/ptolemy/domains/de/test/auto/ClockDriftChange.xml
auto.tcl: Setting watchdog for 200 seconds at Wed Sep 04 05:32:50 UTC 2019
27 ms. Memory: 45056K Free: 21277K (47%)
ptolemy.util.test.WatchDog.cancel(): canceling Wed Sep 04 05:32:50 UTC 2019
auto.tcl: Setting watchdog for 200 seconds at Wed Sep 04 05:32:50 UTC 2019
24 ms. Memory: 45056K Free: 18740K (42%)
ptolemy.util.test.WatchDog.cancel(): canceling Wed Sep 04 05:32:50 UTC 2019
------------------ testing $PTII/ptolemy/domains/de/test/auto/ComposableCausalityAnalysis.xml
auto.tcl: Setting watchdog for 200 seconds at Wed Sep 04 05:32:50 UTC 2019
2 ms. Memory: 45056K Free: 25897K (57%)
ptolemy.util.test.WatchDog.cancel(): canceling Wed Sep 04 05:32:50 UTC 2019
auto.tcl: Setting watchdog for 200 seconds at Wed Sep 04 05:32:50 UTC 2019
5 ms. Memory: 45056K Free: 24865K (55%)
ptolemy.util.test.WatchDog.cancel(): canceling Wed Sep 04 05:32:50 UTC 2019
------------------ testing $PTII/ptolemy/domains/de/test/auto/DEFixedPointLimitation.xml
auto.tcl: Setting watchdog for 200 seconds at Wed Sep 04 05:32:50 UTC 2019
4 ms. Memory: 45056K Free: 27266K (61%)
ptolemy.util.test.WatchDog.cancel(): canceling Wed Sep 04 05:32:50 UTC 2019
auto.tcl: Setting watchdog for 200 seconds at Wed Sep 04 05:32:50 UTC 2019
2 ms. Memory: 45056K Free: 26350K (58%)
ptolemy.util.test.WatchDog.cancel(): canceling Wed Sep 04 05:32:50 UTC 2019
------------------ testing $PTII/ptolemy/domains/de/test/auto/DEScheduleTest.xml
auto.tcl: Setting watchdog for 200 seconds at Wed Sep 04 05:32:50 UTC 2019
10 ms. Memory: 45056K Free: 27518K (61%)
ptolemy.util.test.WatchDog.cancel(): canceling Wed Sep 04 05:32:50 UTC 2019
auto.tcl: Setting watchdog for 200 seconds at Wed Sep 04 05:32:50 UTC 2019
3 ms. Memory: 45056K Free: 26786K (59%)
ptolemy.util.test.WatchDog.cancel(): canceling Wed Sep 04 05:32:50 UTC 2019
------------------ testing $PTII/ptolemy/domains/de/test/auto/DEinDEwithStartTimes.xml
auto.tcl: Setting watchdog for 200 seconds at Wed Sep 04 05:32:50 UTC 2019
5 ms. Memory: 45056K Free: 25754K (57%)
ptolemy.util.test.WatchDog.cancel(): canceling Wed Sep 04 05:32:50 UTC 2019
auto.tcl: Setting watchdog for 200 seconds at Wed Sep 04 05:32:50 UTC 2019
5 ms. Memory: 45056K Free: 24670K (55%)
ptolemy.util.test.WatchDog.cancel(): canceling Wed Sep 04 05:32:50 UTC 2019
------------------ testing $PTII/ptolemy/domains/de/test/auto/DEinDEwithStartTimes2.xml
auto.tcl: Setting watchdog for 200 seconds at Wed Sep 04 05:32:50 UTC 2019
8 ms. Memory: 45056K Free: 24980K (55%)
ptolemy.util.test.WatchDog.cancel(): canceling Wed Sep 04 05:32:50 UTC 2019
auto.tcl: Setting watchdog for 200 seconds at Wed Sep 04 05:32:50 UTC 2019
6 ms. Memory: 45056K Free: 23879K (53%)
ptolemy.util.test.WatchDog.cancel(): canceling Wed Sep 04 05:32:50 UTC 2019
------------------ testing $PTII/ptolemy/domains/de/test/auto/DateDemo.xml
auto.tcl: Setting watchdog for 200 seconds at Wed Sep 04 05:32:50 UTC 2019
14 ms. Memory: 45056K Free: 19278K (43%)
ptolemy.util.test.WatchDog.cancel(): canceling Wed Sep 04 05:32:50 UTC 2019
auto.tcl: Setting watchdog for 200 seconds at Wed Sep 04 05:32:50 UTC 2019
8 ms. Memory: 45056K Free: 17701K (39%)
ptolemy.util.test.WatchDog.cancel(): canceling Wed Sep 04 05:32:50 UTC 2019
------------------ testing $PTII/ptolemy/domains/de/test/auto/DateToEvent.xml
auto.tcl: Setting watchdog for 200 seconds at Wed Sep 04 05:32:50 UTC 2019
2024 ms. Memory: 45056K Free: 15190K (34%)
ptolemy.util.test.WatchDog.cancel(): canceling Wed Sep 04 05:32:53 UTC 2019
auto.tcl: Setting watchdog for 200 seconds at Wed Sep 04 05:32:53 UTC 2019
2005 ms. Memory: 45056K Free: 14470K (32%)
ptolemy.util.test.WatchDog.cancel(): canceling Wed Sep 04 05:32:55 UTC 2019
------------------ testing $PTII/ptolemy/domains/de/test/auto/DepthTest1.xml
auto.tcl: Setting watchdog for 200 seconds at Wed Sep 04 05:32:55 UTC 2019
6 ms. Memory: 45056K Free: 28472K (63%)
ptolemy.util.test.WatchDog.cancel(): canceling Wed Sep 04 05:32:55 UTC 2019
auto.tcl: Setting watchdog for 200 seconds at Wed Sep 04 05:32:55 UTC 2019
2 ms. Memory: 45056K Free: 27964K (62%)
ptolemy.util.test.WatchDog.cancel(): canceling Wed Sep 04 05:32:55 UTC 2019
------------------ testing $PTII/ptolemy/domains/de/test/auto/DepthTest2.xml
auto.tcl: Setting watchdog for 200 seconds at Wed Sep 04 05:32:55 UTC 2019
6 ms. Memory: 45056K Free: 24517K (54%)
ptolemy.util.test.WatchDog.cancel(): canceling Wed Sep 04 05:32:55 UTC 2019
auto.tcl: Setting watchdog for 200 seconds at Wed Sep 04 05:32:55 UTC 2019
2 ms. Memory: 45056K Free: 23787K (53%)
ptolemy.util.test.WatchDog.cancel(): canceling Wed Sep 04 05:32:55 UTC 2019
------------------ testing $PTII/ptolemy/domains/de/test/auto/DepthTest3.xml
auto.tcl: Setting watchdog for 200 seconds at Wed Sep 04 05:32:55 UTC 2019
3 ms. Memory: 45056K Free: 28317K (63%)
ptolemy.util.test.WatchDog.cancel(): canceling Wed Sep 04 05:32:55 UTC 2019
auto.tcl: Setting watchdog for 200 seconds at Wed Sep 04 05:32:55 UTC 2019
2 ms. Memory: 45056K Free: 27795K (62%)
ptolemy.util.test.WatchDog.cancel(): canceling Wed Sep 04 05:32:55 UTC 2019
------------------ testing $PTII/ptolemy/domains/de/test/auto/DepthTest4.xml
auto.tcl: Setting watchdog for 200 seconds at Wed Sep 04 05:32:55 UTC 2019
15 ms. Memory: 45056K Free: 26553K (59%)
ptolemy.util.test.WatchDog.cancel(): canceling Wed Sep 04 05:32:55 UTC 2019
auto.tcl: Setting watchdog for 200 seconds at Wed Sep 04 05:32:55 UTC 2019
2 ms. Memory: 45056K Free: 25830K (57%)
ptolemy.util.test.WatchDog.cancel(): canceling Wed Sep 04 05:32:55 UTC 2019
------------------ testing $PTII/ptolemy/domains/de/test/auto/DepthTest5.xml
auto.tcl: Setting watchdog for 200 seconds at Wed Sep 04 05:32:55 UTC 2019
5 ms. Memory: 45056K Free: 25957K (58%)
ptolemy.util.test.WatchDog.cancel(): canceling Wed Sep 04 05:32:55 UTC 2019
auto.tcl: Setting watchdog for 200 seconds at Wed Sep 04 05:32:55 UTC 2019
3 ms. Memory: 45056K Free: 25192K (56%)
ptolemy.util.test.WatchDog.cancel(): canceling Wed Sep 04 05:32:55 UTC 2019
------------------ testing $PTII/ptolemy/domains/de/test/auto/DepthTest6.xml
auto.tcl: Setting watchdog for 200 seconds at Wed Sep 04 05:32:55 UTC 2019
4 ms. Memory: 45056K Free: 25626K (57%)
ptolemy.util.test.WatchDog.cancel(): canceling Wed Sep 04 05:32:55 UTC 2019
auto.tcl: Setting watchdog for 200 seconds at Wed Sep 04 05:32:55 UTC 2019
3 ms. Memory: 45056K Free: 25129K (56%)
ptolemy.util.test.WatchDog.cancel(): canceling Wed Sep 04 05:32:55 UTC 2019
------------------ testing $PTII/ptolemy/domains/de/test/auto/DepthTest7.xml
auto.tcl: Setting watchdog for 200 seconds at Wed Sep 04 05:32:55 UTC 2019
3 ms. Memory: 45056K Free: 26477K (59%)
ptolemy.util.test.WatchDog.cancel(): canceling Wed Sep 04 05:32:55 UTC 2019
auto.tcl: Setting watchdog for 200 seconds at Wed Sep 04 05:32:55 UTC 2019
3 ms. Memory: 45056K Free: 25776K (57%)
ptolemy.util.test.WatchDog.cancel(): canceling Wed Sep 04 05:32:55 UTC 2019
------------------ testing $PTII/ptolemy/domains/de/test/auto/EventToDate.xml
auto.tcl: Setting watchdog for 200 seconds at Wed Sep 04 05:32:55 UTC 2019
3006 ms. Memory: 45056K Free: 17285K (38%)
ptolemy.util.test.WatchDog.cancel(): canceling Wed Sep 04 05:32:58 UTC 2019
auto.tcl: Setting watchdog for 200 seconds at Wed Sep 04 05:32:58 UTC 2019
3006 ms. Memory: 45056K Free: 16582K (37%)
ptolemy.util.test.WatchDog.cancel(): canceling Wed Sep 04 05:33:01 UTC 2019
------------------ testing $PTII/ptolemy/domains/de/test/auto/FSM1.xml
auto.tcl: Setting watchdog for 200 seconds at Wed Sep 04 05:33:01 UTC 2019
47 ms. Memory: 45056K Free: 18477K (41%)
ptolemy.util.test.WatchDog.cancel(): canceling Wed Sep 04 05:33:01 UTC 2019
auto.tcl: Setting watchdog for 200 seconds at Wed Sep 04 05:33:01 UTC 2019
28 ms. Memory: 45056K Free: 15215K (34%)
ptolemy.util.test.WatchDog.cancel(): canceling Wed Sep 04 05:33:01 UTC 2019
------------------ testing $PTII/ptolemy/domains/de/test/auto/FSM7.xml
auto.tcl: Setting watchdog for 200 seconds at Wed Sep 04 05:33:01 UTC 2019
26 ms. Memory: 45056K Free: 18418K (41%)
ptolemy.util.test.WatchDog.cancel(): canceling Wed Sep 04 05:33:02 UTC 2019
auto.tcl: Setting watchdog for 200 seconds at Wed Sep 04 05:33:02 UTC 2019
26 ms. Memory: 45056K Free: 15073K (33%)
ptolemy.util.test.WatchDog.cancel(): canceling Wed Sep 04 05:33:02 UTC 2019
------------------ testing $PTII/ptolemy/domains/de/test/auto/Inspection.xml
auto.tcl: Setting watchdog for 200 seconds at Wed Sep 04 05:33:02 UTC 2019
27 ms. Memory: 45056K Free: 18235K (40%)
ptolemy.util.test.WatchDog.cancel(): canceling Wed Sep 04 05:33:02 UTC 2019
auto.tcl: Setting watchdog for 200 seconds at Wed Sep 04 05:33:02 UTC 2019
38 ms. Memory: 45056K Free: 16484K (37%)
ptolemy.util.test.WatchDog.cancel(): canceling Wed Sep 04 05:33:02 UTC 2019
------------------ testing $PTII/ptolemy/domains/de/test/auto/Iteration.xml
auto.tcl: Setting watchdog for 200 seconds at Wed Sep 04 05:33:02 UTC 2019
18 ms. Memory: 45056K Free: 23929K (53%)
ptolemy.util.test.WatchDog.cancel(): canceling Wed Sep 04 05:33:02 UTC 2019
auto.tcl: Setting watchdog for 200 seconds at Wed Sep 04 05:33:02 UTC 2019
11 ms. Memory: 45056K Free: 22539K (50%)
ptolemy.util.test.WatchDog.cancel(): canceling Wed Sep 04 05:33:02 UTC 2019
------------------ testing $PTII/ptolemy/domains/de/test/auto/LineFault.xml
auto.tcl: Setting watchdog for 200 seconds at Wed Sep 04 05:33:02 UTC 2019
919 ms. Memory: 54272K Free: 20493K (38%)
ptolemy.util.test.WatchDog.cancel(): canceling Wed Sep 04 05:33:03 UTC 2019
auto.tcl: Setting watchdog for 200 seconds at Wed Sep 04 05:33:03 UTC 2019
782 ms. Memory: 54272K Free: 34012K (63%)
ptolemy.util.test.WatchDog.cancel(): canceling Wed Sep 04 05:33:04 UTC 2019
------------------ testing $PTII/ptolemy/domains/de/test/auto/MergeModel1Add.xml
auto.tcl: Setting watchdog for 200 seconds at Wed Sep 04 05:33:04 UTC 2019
20 ms. Memory: 54272K Free: 19127K (35%)
ptolemy.util.test.WatchDog.cancel(): canceling Wed Sep 04 05:33:04 UTC 2019
auto.tcl: Setting watchdog for 200 seconds at Wed Sep 04 05:33:04 UTC 2019
12 ms. Memory: 54272K Free: 17498K (32%)
ptolemy.util.test.WatchDog.cancel(): canceling Wed Sep 04 05:33:04 UTC 2019
------------------ testing $PTII/ptolemy/domains/de/test/auto/MergeModel2Add.xml
auto.tcl: Setting watchdog for 200 seconds at Wed Sep 04 05:33:04 UTC 2019
14 ms. Memory: 48128K Free: 15076K (31%)
ptolemy.util.test.WatchDog.cancel(): canceling Wed Sep 04 05:33:04 UTC 2019
auto.tcl: Setting watchdog for 200 seconds at Wed Sep 04 05:33:04 UTC 2019
12 ms. Memory: 48128K Free: 13502K (28%)
ptolemy.util.test.WatchDog.cancel(): canceling Wed Sep 04 05:33:04 UTC 2019
------------------ testing $PTII/ptolemy/domains/de/test/auto/MergeModel3Add.xml
auto.tcl: Setting watchdog for 200 seconds at Wed Sep 04 05:33:04 UTC 2019
10 ms. Memory: 48128K Free: 15036K (31%)
ptolemy.util.test.WatchDog.cancel(): canceling Wed Sep 04 05:33:04 UTC 2019
auto.tcl: Setting watchdog for 200 seconds at Wed Sep 04 05:33:04 UTC 2019
11 ms. Memory: 48128K Free: 13511K (28%)
ptolemy.util.test.WatchDog.cancel(): canceling Wed Sep 04 05:33:04 UTC 2019
------------------ testing $PTII/ptolemy/domains/de/test/auto/MergeWithoutDiscard.xml
auto.tcl: Setting watchdog for 200 seconds at Wed Sep 04 05:33:04 UTC 2019
4 ms. Memory: 48128K Free: 29440K (61%)
ptolemy.util.test.WatchDog.cancel(): canceling Wed Sep 04 05:33:04 UTC 2019
auto.tcl: Setting watchdog for 200 seconds at Wed Sep 04 05:33:05 UTC 2019
1 ms. Memory: 48128K Free: 29029K (60%)
ptolemy.util.test.WatchDog.cancel(): canceling Wed Sep 04 05:33:05 UTC 2019
------------------ testing $PTII/ptolemy/domains/de/test/auto/Modal1.xml
auto.tcl: Setting watchdog for 200 seconds at Wed Sep 04 05:33:05 UTC 2019
14 ms. Memory: 48128K Free: 21538K (45%)
ptolemy.util.test.WatchDog.cancel(): canceling Wed Sep 04 05:33:05 UTC 2019
auto.tcl: Setting watchdog for 200 seconds at Wed Sep 04 05:33:05 UTC 2019
16 ms. Memory: 48128K Free: 17915K (37%)
ptolemy.util.test.WatchDog.cancel(): canceling Wed Sep 04 05:33:05 UTC 2019
------------------ testing $PTII/ptolemy/domains/de/test/auto/Modal2.xml
auto.tcl: Setting watchdog for 200 seconds at Wed Sep 04 05:33:05 UTC 2019
20 ms. Memory: 48128K Free: 21647K (45%)
ptolemy.util.test.WatchDog.cancel(): canceling Wed Sep 04 05:33:05 UTC 2019
auto.tcl: Setting watchdog for 200 seconds at Wed Sep 04 05:33:05 UTC 2019
22 ms. Memory: 48128K Free: 18413K (38%)
ptolemy.util.test.WatchDog.cancel(): canceling Wed Sep 04 05:33:05 UTC 2019
------------------ testing $PTII/ptolemy/domains/de/test/auto/Modal3.xml
auto.tcl: Setting watchdog for 200 seconds at Wed Sep 04 05:33:05 UTC 2019
16 ms. Memory: 48128K Free: 21635K (45%)
ptolemy.util.test.WatchDog.cancel(): canceling Wed Sep 04 05:33:05 UTC 2019
auto.tcl: Setting watchdog for 200 seconds at Wed Sep 04 05:33:05 UTC 2019
21 ms. Memory: 48128K Free: 18439K (38%)
ptolemy.util.test.WatchDog.cancel(): canceling Wed Sep 04 05:33:05 UTC 2019
------------------ testing $PTII/ptolemy/domains/de/test/auto/Modal4.xml
auto.tcl: Setting watchdog for 200 seconds at Wed Sep 04 05:33:05 UTC 2019
29 ms. Memory: 48128K Free: 20618K (43%)
ptolemy.util.test.WatchDog.cancel(): canceling Wed Sep 04 05:33:05 UTC 2019
auto.tcl: Setting watchdog for 200 seconds at Wed Sep 04 05:33:05 UTC 2019
23 ms. Memory: 48128K Free: 16763K (35%)
ptolemy.util.test.WatchDog.cancel(): canceling Wed Sep 04 05:33:05 UTC 2019
------------------ testing $PTII/ptolemy/domains/de/test/auto/Modal5.xml
auto.tcl: Setting watchdog for 200 seconds at Wed Sep 04 05:33:05 UTC 2019
14 ms. Memory: 48128K Free: 20604K (43%)
ptolemy.util.test.WatchDog.cancel(): canceling Wed Sep 04 05:33:05 UTC 2019
auto.tcl: Setting watchdog for 200 seconds at Wed Sep 04 05:33:05 UTC 2019
18 ms. Memory: 48128K Free: 16750K (35%)
ptolemy.util.test.WatchDog.cancel(): canceling Wed Sep 04 05:33:05 UTC 2019
------------------ testing $PTII/ptolemy/domains/de/test/auto/Modal6.xml
auto.tcl: Setting watchdog for 200 seconds at Wed Sep 04 05:33:05 UTC 2019
14 ms. Memory: 48128K Free: 21385K (44%)
ptolemy.util.test.WatchDog.cancel(): canceling Wed Sep 04 05:33:05 UTC 2019
auto.tcl: Setting watchdog for 200 seconds at Wed Sep 04 05:33:05 UTC 2019
17 ms. Memory: 48128K Free: 17770K (37%)
ptolemy.util.test.WatchDog.cancel(): canceling Wed Sep 04 05:33:05 UTC 2019
------------------ testing $PTII/ptolemy/domains/de/test/auto/Modal7.xml
auto.tcl: Setting watchdog for 200 seconds at Wed Sep 04 05:33:05 UTC 2019
11 ms. Memory: 48128K Free: 20384K (42%)
ptolemy.util.test.WatchDog.cancel(): canceling Wed Sep 04 05:33:05 UTC 2019
auto.tcl: Setting watchdog for 200 seconds at Wed Sep 04 05:33:05 UTC 2019
13 ms. Memory: 48128K Free: 17078K (35%)
ptolemy.util.test.WatchDog.cancel(): canceling Wed Sep 04 05:33:05 UTC 2019
------------------ testing $PTII/ptolemy/domains/de/test/auto/ModalModel.xml
auto.tcl: Setting watchdog for 200 seconds at Wed Sep 04 05:33:05 UTC 2019
241 ms. Memory: 58368K Free: 18986K (33%)
ptolemy.util.test.WatchDog.cancel(): canceling Wed Sep 04 05:33:06 UTC 2019
auto.tcl: Setting watchdog for 200 seconds at Wed Sep 04 05:33:06 UTC 2019
272 ms. Memory: 58368K Free: 42558K (73%)
ptolemy.util.test.WatchDog.cancel(): canceling Wed Sep 04 05:33:06 UTC 2019
------------------ testing $PTII/ptolemy/domains/de/test/auto/ModalSource.xml
auto.tcl: Setting watchdog for 200 seconds at Wed Sep 04 05:33:06 UTC 2019
9 ms. Memory: 51200K Free: 28496K (56%)
ptolemy.util.test.WatchDog.cancel(): canceling Wed Sep 04 05:33:06 UTC 2019
auto.tcl: Setting watchdog for 200 seconds at Wed Sep 04 05:33:06 UTC 2019
8 ms. Memory: 51200K Free: 26448K (52%)
ptolemy.util.test.WatchDog.cancel(): canceling Wed Sep 04 05:33:06 UTC 2019
------------------ testing $PTII/ptolemy/domains/de/test/auto/NonInterruptibleTimerZeroDelay.xml
auto.tcl: Setting watchdog for 200 seconds at Wed Sep 04 05:33:06 UTC 2019
4 ms. Memory: 51200K Free: 33208K (65%)
ptolemy.util.test.WatchDog.cancel(): canceling Wed Sep 04 05:33:06 UTC 2019
auto.tcl: Setting watchdog for 200 seconds at Wed Sep 04 05:33:06 UTC 2019
3 ms. Memory: 51200K Free: 32363K (63%)
ptolemy.util.test.WatchDog.cancel(): canceling Wed Sep 04 05:33:06 UTC 2019
------------------ testing $PTII/ptolemy/domains/de/test/auto/OpenQueueingNetwork.xml
auto.tcl: Setting watchdog for 200 seconds at Wed Sep 04 05:33:06 UTC 2019
4015 ms. Memory: 102400K Free: 34046K (33%)
ptolemy.util.test.WatchDog.cancel(): canceling Wed Sep 04 05:33:10 UTC 2019
auto.tcl: Setting watchdog for 200 seconds at Wed Sep 04 05:33:10 UTC 2019
2583 ms. Memory: 122880K Free: 35523K (29%)
ptolemy.util.test.WatchDog.cancel(): canceling Wed Sep 04 05:33:13 UTC 2019
------------------ testing $PTII/ptolemy/domains/de/test/auto/OpenQueuingNetwork.xml
auto.tcl: Setting watchdog for 200 seconds at Wed Sep 04 05:33:13 UTC 2019
312 ms. Memory: 55296K Free: 25912K (47%)
ptolemy.util.test.WatchDog.cancel(): canceling Wed Sep 04 05:33:13 UTC 2019
auto.tcl: Setting watchdog for 200 seconds at Wed Sep 04 05:33:13 UTC 2019
309 ms. Memory: 55296K Free: 35084K (63%)
ptolemy.util.test.WatchDog.cancel(): canceling Wed Sep 04 05:33:14 UTC 2019
------------------ testing $PTII/ptolemy/domains/de/test/auto/PeriodicSampler.xml
auto.tcl: Setting watchdog for 200 seconds at Wed Sep 04 05:33:14 UTC 2019
3 ms. Memory: 51200K Free: 32626K (64%)
ptolemy.util.test.WatchDog.cancel(): canceling Wed Sep 04 05:33:14 UTC 2019
auto.tcl: Setting watchdog for 200 seconds at Wed Sep 04 05:33:14 UTC 2019
2 ms. Memory: 51200K Free: 32111K (63%)
ptolemy.util.test.WatchDog.cancel(): canceling Wed Sep 04 05:33:14 UTC 2019
------------------ testing $PTII/ptolemy/domains/de/test/auto/PersistentIO.xml
auto.tcl: Setting watchdog for 200 seconds at Wed Sep 04 05:33:14 UTC 2019
7 ms. Memory: 48128K Free: 24479K (51%)
ptolemy.util.test.WatchDog.cancel(): canceling Wed Sep 04 05:33:14 UTC 2019
auto.tcl: Setting watchdog for 200 seconds at Wed Sep 04 05:33:14 UTC 2019
6 ms. Memory: 48128K Free: 23033K (48%)
ptolemy.util.test.WatchDog.cancel(): canceling Wed Sep 04 05:33:14 UTC 2019
------------------ testing $PTII/ptolemy/domains/de/test/auto/PortParameterResetOnInitialize.xml
auto.tcl: Setting watchdog for 200 seconds at Wed Sep 04 05:33:14 UTC 2019
3 ms. Memory: 48128K Free: 29466K (61%)
ptolemy.util.test.WatchDog.cancel(): canceling Wed Sep 04 05:33:14 UTC 2019
auto.tcl: Setting watchdog for 200 seconds at Wed Sep 04 05:33:14 UTC 2019
2 ms. Memory: 48128K Free: 28989K (60%)
ptolemy.util.test.WatchDog.cancel(): canceling Wed Sep 04 05:33:14 UTC 2019
------------------ testing $PTII/ptolemy/domains/de/test/auto/PortParameterUpdates.xml
auto.tcl: Setting watchdog for 200 seconds at Wed Sep 04 05:33:14 UTC 2019
4 ms. Memory: 48128K Free: 27561K (57%)
ptolemy.util.test.WatchDog.cancel(): canceling Wed Sep 04 05:33:14 UTC 2019
auto.tcl: Setting watchdog for 200 seconds at Wed Sep 04 05:33:14 UTC 2019
4 ms. Memory: 48128K Free: 26554K (55%)
ptolemy.util.test.WatchDog.cancel(): canceling Wed Sep 04 05:33:14 UTC 2019
------------------ testing $PTII/ptolemy/domains/de/test/auto/QueueAndServer.xml
auto.tcl: Setting watchdog for 200 seconds at Wed Sep 04 05:33:14 UTC 2019
23 ms. Memory: 48128K Free: 26480K (55%)
ptolemy.util.test.WatchDog.cancel(): canceling Wed Sep 04 05:33:14 UTC 2019
auto.tcl: Setting watchdog for 200 seconds at Wed Sep 04 05:33:14 UTC 2019
7 ms. Memory: 48128K Free: 25047K (52%)
ptolemy.util.test.WatchDog.cancel(): canceling Wed Sep 04 05:33:14 UTC 2019
------------------ testing $PTII/ptolemy/domains/de/test/auto/Records.xml
auto.tcl: Setting watchdog for 200 seconds at Wed Sep 04 05:33:14 UTC 2019
5 ms. Memory: 48128K Free: 29004K (60%)
ptolemy.util.test.WatchDog.cancel(): canceling Wed Sep 04 05:33:14 UTC 2019
auto.tcl: Setting watchdog for 200 seconds at Wed Sep 04 05:33:14 UTC 2019
3 ms. Memory: 48128K Free: 28514K (59%)
ptolemy.util.test.WatchDog.cancel(): canceling Wed Sep 04 05:33:14 UTC 2019
------------------ testing $PTII/ptolemy/domains/de/test/auto/ResetTransitionWithStartTime1.xml
auto.tcl: Setting watchdog for 200 seconds at Wed Sep 04 05:33:14 UTC 2019
13 ms. Memory: 48128K Free: 25962K (54%)
ptolemy.util.test.WatchDog.cancel(): canceling Wed Sep 04 05:33:14 UTC 2019
auto.tcl: Setting watchdog for 200 seconds at Wed Sep 04 05:33:14 UTC 2019
10 ms. Memory: 48128K Free: 23914K (50%)
ptolemy.util.test.WatchDog.cancel(): canceling Wed Sep 04 05:33:14 UTC 2019
------------------ testing $PTII/ptolemy/domains/de/test/auto/ResetTransitionWithStartTime2.xml
auto.tcl: Setting watchdog for 200 seconds at Wed Sep 04 05:33:14 UTC 2019
9 ms. Memory: 48128K Free: 25917K (54%)
ptolemy.util.test.WatchDog.cancel(): canceling Wed Sep 04 05:33:14 UTC 2019
auto.tcl: Setting watchdog for 200 seconds at Wed Sep 04 05:33:14 UTC 2019
8 ms. Memory: 48128K Free: 23397K (49%)
ptolemy.util.test.WatchDog.cancel(): canceling Wed Sep 04 05:33:14 UTC 2019
------------------ testing $PTII/ptolemy/domains/de/test/auto/ResetTransitionWithStartTime3.xml
auto.tcl: Setting watchdog for 200 seconds at Wed Sep 04 05:33:15 UTC 2019
15 ms. Memory: 48128K Free: 25915K (54%)
ptolemy.util.test.WatchDog.cancel(): canceling Wed Sep 04 05:33:15 UTC 2019
auto.tcl: Setting watchdog for 200 seconds at Wed Sep 04 05:33:15 UTC 2019
6 ms. Memory: 48128K Free: 23904K (50%)
ptolemy.util.test.WatchDog.cancel(): canceling Wed Sep 04 05:33:15 UTC 2019
------------------ testing $PTII/ptolemy/domains/de/test/auto/ResetTransitionWithStartTime4.xml
auto.tcl: Setting watchdog for 200 seconds at Wed Sep 04 05:33:15 UTC 2019
8 ms. Memory: 48128K Free: 26358K (55%)
ptolemy.util.test.WatchDog.cancel(): canceling Wed Sep 04 05:33:15 UTC 2019
auto.tcl: Setting watchdog for 200 seconds at Wed Sep 04 05:33:15 UTC 2019
5 ms. Memory: 48128K Free: 24950K (52%)
ptolemy.util.test.WatchDog.cancel(): canceling Wed Sep 04 05:33:15 UTC 2019
------------------ testing $PTII/ptolemy/domains/de/test/auto/ResettableTimer1.xml
auto.tcl: Setting watchdog for 200 seconds at Wed Sep 04 05:33:15 UTC 2019
3 ms. Memory: 48128K Free: 30379K (63%)
ptolemy.util.test.WatchDog.cancel(): canceling Wed Sep 04 05:33:15 UTC 2019
auto.tcl: Setting watchdog for 200 seconds at Wed Sep 04 05:33:15 UTC 2019
3 ms. Memory: 48128K Free: 29512K (61%)
ptolemy.util.test.WatchDog.cancel(): canceling Wed Sep 04 05:33:15 UTC 2019
------------------ testing $PTII/ptolemy/domains/de/test/auto/ResettableTimer2.xml
auto.tcl: Setting watchdog for 200 seconds at Wed Sep 04 05:33:15 UTC 2019
3 ms. Memory: 48128K Free: 30169K (63%)
ptolemy.util.test.WatchDog.cancel(): canceling Wed Sep 04 05:33:15 UTC 2019
auto.tcl: Setting watchdog for 200 seconds at Wed Sep 04 05:33:15 UTC 2019
3 ms. Memory: 48128K Free: 29098K (60%)
ptolemy.util.test.WatchDog.cancel(): canceling Wed Sep 04 05:33:15 UTC 2019
------------------ testing $PTII/ptolemy/domains/de/test/auto/ResettableTimer3.xml
auto.tcl: Setting watchdog for 200 seconds at Wed Sep 04 05:33:15 UTC 2019
1 ms. Memory: 48128K Free: 30046K (62%)
ptolemy.util.test.WatchDog.cancel(): canceling Wed Sep 04 05:33:15 UTC 2019
auto.tcl: Setting watchdog for 200 seconds at Wed Sep 04 05:33:15 UTC 2019
2 ms. Memory: 48128K Free: 29571K (61%)
ptolemy.util.test.WatchDog.cancel(): canceling Wed Sep 04 05:33:15 UTC 2019
------------------ testing $PTII/ptolemy/domains/de/test/auto/ResettableTimer4.xml
auto.tcl: Setting watchdog for 200 seconds at Wed Sep 04 05:33:15 UTC 2019
2 ms. Memory: 48128K Free: 30096K (63%)
ptolemy.util.test.WatchDog.cancel(): canceling Wed Sep 04 05:33:15 UTC 2019
auto.tcl: Setting watchdog for 200 seconds at Wed Sep 04 05:33:15 UTC 2019
1 ms. Memory: 48128K Free: 29584K (61%)
ptolemy.util.test.WatchDog.cancel(): canceling Wed Sep 04 05:33:15 UTC 2019
------------------ testing $PTII/ptolemy/domains/de/test/auto/ResettableTimer5.xml
auto.tcl: Setting watchdog for 200 seconds at Wed Sep 04 05:33:15 UTC 2019
2 ms. Memory: 48128K Free: 29530K (61%)
ptolemy.util.test.WatchDog.cancel(): canceling Wed Sep 04 05:33:15 UTC 2019
auto.tcl: Setting watchdog for 200 seconds at Wed Sep 04 05:33:15 UTC 2019
2 ms. Memory: 48128K Free: 29056K (60%)
ptolemy.util.test.WatchDog.cancel(): canceling Wed Sep 04 05:33:15 UTC 2019
------------------ testing $PTII/ptolemy/domains/de/test/auto/ResettableTimer6.xml
auto.tcl: Setting watchdog for 200 seconds at Wed Sep 04 05:33:15 UTC 2019
1 ms. Memory: 48128K Free: 29504K (61%)
ptolemy.util.test.WatchDog.cancel(): canceling Wed Sep 04 05:33:15 UTC 2019
auto.tcl: Setting watchdog for 200 seconds at Wed Sep 04 05:33:15 UTC 2019
2 ms. Memory: 48128K Free: 29032K (60%)
ptolemy.util.test.WatchDog.cancel(): canceling Wed Sep 04 05:33:15 UTC 2019
------------------ testing $PTII/ptolemy/domains/de/test/auto/ServerZeroDelay.xml
auto.tcl: Setting watchdog for 200 seconds at Wed Sep 04 05:33:15 UTC 2019
3 ms. Memory: 48128K Free: 30039K (62%)
ptolemy.util.test.WatchDog.cancel(): canceling Wed Sep 04 05:33:15 UTC 2019
auto.tcl: Setting watchdog for 200 seconds at Wed Sep 04 05:33:15 UTC 2019
3 ms. Memory: 48128K Free: 29082K (60%)
ptolemy.util.test.WatchDog.cancel(): canceling Wed Sep 04 05:33:15 UTC 2019
------------------ testing $PTII/ptolemy/domains/de/test/auto/SmartSender.xml
auto.tcl: Setting watchdog for 200 seconds at Wed Sep 04 05:33:15 UTC 2019
3002 ms. Memory: 48128K Free: 30056K (62%)
ptolemy.util.test.WatchDog.cancel(): canceling Wed Sep 04 05:33:18 UTC 2019
auto.tcl: Setting watchdog for 200 seconds at Wed Sep 04 05:33:18 UTC 2019
3002 ms. Memory: 48128K Free: 29542K (61%)
ptolemy.util.test.WatchDog.cancel(): canceling Wed Sep 04 05:33:21 UTC 2019
------------------ testing $PTII/ptolemy/domains/de/test/auto/ThreadedComposite.xml
auto.tcl: Setting watchdog for 200 seconds at Wed Sep 04 05:33:21 UTC 2019
404 ms. Memory: 48128K Free: 8544K (18%)
ptolemy.util.test.WatchDog.cancel(): canceling Wed Sep 04 05:33:22 UTC 2019
auto.tcl: Setting watchdog for 200 seconds at Wed Sep 04 05:33:22 UTC 2019
202 ms. Memory: 58368K Free: 32719K (56%)
ptolemy.util.test.WatchDog.cancel(): canceling Wed Sep 04 05:33:22 UTC 2019
------------------ testing $PTII/ptolemy/domains/de/test/auto/Time.xml
auto.tcl: Setting watchdog for 200 seconds at Wed Sep 04 05:33:22 UTC 2019
766 ms. Memory: 48128K Free: 28577K (59%)
ptolemy.util.test.WatchDog.cancel(): canceling Wed Sep 04 05:33:23 UTC 2019
auto.tcl: Setting watchdog for 200 seconds at Wed Sep 04 05:33:23 UTC 2019
712 ms. Memory: 48128K Free: 26766K (56%)
ptolemy.util.test.WatchDog.cancel(): canceling Wed Sep 04 05:33:23 UTC 2019
------------------ testing $PTII/ptolemy/domains/de/test/auto/TimeDelayZeroDelay.xml
auto.tcl: Setting watchdog for 200 seconds at Wed Sep 04 05:33:23 UTC 2019
3 ms. Memory: 48128K Free: 30460K (63%)
ptolemy.util.test.WatchDog.cancel(): canceling Wed Sep 04 05:33:23 UTC 2019
auto.tcl: Setting watchdog for 200 seconds at Wed Sep 04 05:33:23 UTC 2019
3 ms. Memory: 48128K Free: 29964K (62%)
ptolemy.util.test.WatchDog.cancel(): canceling Wed Sep 04 05:33:24 UTC 2019
------------------ testing $PTII/ptolemy/domains/de/test/auto/TimerZeroDelay.xml
auto.tcl: Setting watchdog for 200 seconds at Wed Sep 04 05:33:24 UTC 2019
3 ms. Memory: 48128K Free: 30487K (63%)
ptolemy.util.test.WatchDog.cancel(): canceling Wed Sep 04 05:33:24 UTC 2019
auto.tcl: Setting watchdog for 200 seconds at Wed Sep 04 05:33:24 UTC 2019
3 ms. Memory: 48128K Free: 30057K (62%)
ptolemy.util.test.WatchDog.cancel(): canceling Wed Sep 04 05:33:24 UTC 2019
------------------ testing $PTII/ptolemy/domains/de/test/auto/TimingParadox.xml
auto.tcl: Setting watchdog for 200 seconds at Wed Sep 04 05:33:24 UTC 2019
452 ms. Memory: 48128K Free: 15089K (31%)
ptolemy.util.test.WatchDog.cancel(): canceling Wed Sep 04 05:33:24 UTC 2019
auto.tcl: Setting watchdog for 200 seconds at Wed Sep 04 05:33:24 UTC 2019
440 ms. Memory: 48128K Free: 28787K (60%)
ptolemy.util.test.WatchDog.cancel(): canceling Wed Sep 04 05:33:25 UTC 2019
------------------ testing $PTII/ptolemy/domains/de/test/auto/TransferInputs.xml
auto.tcl: Setting watchdog for 200 seconds at Wed Sep 04 05:33:25 UTC 2019
2 ms. Memory: 48128K Free: 28459K (59%)
ptolemy.util.test.WatchDog.cancel(): canceling Wed Sep 04 05:33:25 UTC 2019
auto.tcl: Setting watchdog for 200 seconds at Wed Sep 04 05:33:25 UTC 2019
2 ms. Memory: 48128K Free: 27629K (57%)
ptolemy.util.test.WatchDog.cancel(): canceling Wed Sep 04 05:33:25 UTC 2019
------------------ testing $PTII/ptolemy/domains/de/test/auto/TransferOutputs2.xml
auto.tcl: Setting watchdog for 200 seconds at Wed Sep 04 05:33:25 UTC 2019
3 ms. Memory: 48128K Free: 25917K (54%)
ptolemy.util.test.WatchDog.cancel(): canceling Wed Sep 04 05:33:25 UTC 2019
auto.tcl: Setting watchdog for 200 seconds at Wed Sep 04 05:33:25 UTC 2019
3 ms. Memory: 48128K Free: 24530K (51%)
ptolemy.util.test.WatchDog.cancel(): canceling Wed Sep 04 05:33:25 UTC 2019
------------------ testing $PTII/ptolemy/domains/de/test/auto/Trilateration.xml
auto.tcl: Setting watchdog for 200 seconds at Wed Sep 04 05:33:25 UTC 2019
15059 ms. Memory: 312320K Free: 119278K (38%)
ptolemy.util.test.WatchDog.cancel(): canceling Wed Sep 04 05:33:41 UTC 2019
auto.tcl: Setting watchdog for 200 seconds at Wed Sep 04 05:33:41 UTC 2019
11378 ms. Memory: 312320K Free: 263825K (84%)
ptolemy.util.test.WatchDog.cancel(): canceling Wed Sep 04 05:33:53 UTC 2019
------------------ testing $PTII/ptolemy/domains/de/test/auto/TwoSigmaDelta.xml
auto.tcl: Setting watchdog for 200 seconds at Wed Sep 04 05:33:53 UTC 2019
3093 ms. Memory: 89088K Free: 27619K (31%)
ptolemy.util.test.WatchDog.cancel(): canceling Wed Sep 04 05:33:56 UTC 2019
auto.tcl: Setting watchdog for 200 seconds at Wed Sep 04 05:33:56 UTC 2019
2093 ms. Memory: 89088K Free: 27137K (30%)
ptolemy.util.test.WatchDog.cancel(): canceling Wed Sep 04 05:33:58 UTC 2019
------------------ testing $PTII/ptolemy/domains/de/test/auto/VariableDelay.xml
auto.tcl: Setting watchdog for 200 seconds at Wed Sep 04 05:33:58 UTC 2019
7 ms. Memory: 55296K Free: 36139K (65%)
ptolemy.util.test.WatchDog.cancel(): canceling Wed Sep 04 05:33:58 UTC 2019
auto.tcl: Setting watchdog for 200 seconds at Wed Sep 04 05:33:58 UTC 2019
1 ms. Memory: 55296K Free: 35099K (63%)
ptolemy.util.test.WatchDog.cancel(): canceling Wed Sep 04 05:33:58 UTC 2019
------------------ testing $PTII/ptolemy/domains/de/test/auto/VariableDelay2.xml
auto.tcl: Setting watchdog for 200 seconds at Wed Sep 04 05:33:58 UTC 2019
3 ms. Memory: 51200K Free: 32352K (63%)
ptolemy.util.test.WatchDog.cancel(): canceling Wed Sep 04 05:33:58 UTC 2019
auto.tcl: Setting watchdog for 200 seconds at Wed Sep 04 05:33:58 UTC 2019
2 ms. Memory: 51200K Free: 31402K (61%)
ptolemy.util.test.WatchDog.cancel(): canceling Wed Sep 04 05:33:58 UTC 2019
------------------ testing $PTII/ptolemy/domains/de/test/auto/VariableDelayZeroDelay.xml
auto.tcl: Setting watchdog for 200 seconds at Wed Sep 04 05:33:58 UTC 2019
3 ms. Memory: 51200K Free: 32969K (64%)
ptolemy.util.test.WatchDog.cancel(): canceling Wed Sep 04 05:33:58 UTC 2019
auto.tcl: Setting watchdog for 200 seconds at Wed Sep 04 05:33:58 UTC 2019
3 ms. Memory: 51200K Free: 32455K (63%)
ptolemy.util.test.WatchDog.cancel(): canceling Wed Sep 04 05:33:58 UTC 2019
------------------ testing $PTII/ptolemy/domains/de/test/auto/VariableDelayZeroDelay2.xml
auto.tcl: Setting watchdog for 200 seconds at Wed Sep 04 05:33:58 UTC 2019
2 ms. Memory: 48128K Free: 29896K (62%)
ptolemy.util.test.WatchDog.cancel(): canceling Wed Sep 04 05:33:58 UTC 2019
auto.tcl: Setting watchdog for 200 seconds at Wed Sep 04 05:33:58 UTC 2019
4 ms. Memory: 48128K Free: 28905K (60%)
ptolemy.util.test.WatchDog.cancel(): canceling Wed Sep 04 05:33:58 UTC 2019
------------------ testing $PTII/ptolemy/domains/de/test/auto/deInCt.xml
auto.tcl: Setting watchdog for 200 seconds at Wed Sep 04 05:33:58 UTC 2019
0
1
1
1
1
0
0
0
1
1
1
0
0
0
0
0
1
1
1
0
0
0
1
1
1
1
1
1
24 ms. Memory: 48128K Free: 28878K (60%)
ptolemy.util.test.WatchDog.cancel(): canceling Wed Sep 04 05:33:59 UTC 2019
auto.tcl: Setting watchdog for 200 seconds at Wed Sep 04 05:33:59 UTC 2019
0
1
1
1
0
0
0
1
1
1
0
0
0
1
1
1
0
0
0
1
1
1
1
0
0
0
1
1
1
0
0
0
1
1
1
0
0
0
1
1
1
1
1
0
0
0
0
12 ms. Memory: 48128K Free: 27344K (57%)
ptolemy.util.test.WatchDog.cancel(): canceling Wed Sep 04 05:33:59 UTC 2019
------------------ testing $PTII/ptolemy/domains/de/test/auto/deInCt2.xml
auto.tcl: Setting watchdog for 200 seconds at Wed Sep 04 05:33:59 UTC 2019
0
1
1
1
0
0
1
1
1
0
0
1
1
1
0
0
1
1
1
0
0
1
1
1
0
0
1
1
1
0
0
1
1
1
0
0
1
1
1
0
0
0
9 ms. Memory: 48128K Free: 28872K (60%)
ptolemy.util.test.WatchDog.cancel(): canceling Wed Sep 04 05:33:59 UTC 2019
auto.tcl: Setting watchdog for 200 seconds at Wed Sep 04 05:33:59 UTC 2019
0
1
1
1
0
0
1
1
1
0
0
1
1
1
0
0
1
1
1
0
0
1
1
1
0
0
1
1
1
0
0
1
1
1
0
0
1
1
1
0
0
0
7 ms. Memory: 48128K Free: 27376K (57%)
ptolemy.util.test.WatchDog.cancel(): canceling Wed Sep 04 05:33:59 UTC 2019
------------------ testing $PTII/ptolemy/domains/de/test/auto/dynamicCausalityInterface1.xml
auto.tcl: Setting watchdog for 200 seconds at Wed Sep 04 05:33:59 UTC 2019
1 ms. Memory: 48128K Free: 24804K (52%)
ptolemy.util.test.WatchDog.cancel(): canceling Wed Sep 04 05:33:59 UTC 2019
auto.tcl: Setting watchdog for 200 seconds at Wed Sep 04 05:33:59 UTC 2019
1 ms. Memory: 48128K Free: 24315K (51%)
ptolemy.util.test.WatchDog.cancel(): canceling Wed Sep 04 05:33:59 UTC 2019
------------------ testing $PTII/ptolemy/domains/de/test/auto/fsm_de_test.xml
auto.tcl: Setting watchdog for 200 seconds at Wed Sep 04 05:33:59 UTC 2019
11 ms. Memory: 48128K Free: 24703K (51%)
ptolemy.util.test.WatchDog.cancel(): canceling Wed Sep 04 05:33:59 UTC 2019
auto.tcl: Setting watchdog for 200 seconds at Wed Sep 04 05:33:59 UTC 2019
10 ms. Memory: 48128K Free: 22663K (47%)
ptolemy.util.test.WatchDog.cancel(): canceling Wed Sep 04 05:33:59 UTC 2019
------------------ testing $PTII/ptolemy/domains/de/test/auto/functionDependencyReconstruction.xml
auto.tcl: Setting watchdog for 200 seconds at Wed Sep 04 05:33:59 UTC 2019
3 ms. Memory: 48128K Free: 18548K (39%)
ptolemy.util.test.WatchDog.cancel(): canceling Wed Sep 04 05:33:59 UTC 2019
auto.tcl: Setting watchdog for 200 seconds at Wed Sep 04 05:33:59 UTC 2019
3 ms. Memory: 48128K Free: 16545K (34%)
ptolemy.util.test.WatchDog.cancel(): canceling Wed Sep 04 05:33:59 UTC 2019
------------------ testing $PTII/ptolemy/domains/de/test/auto/multirate.xml
auto.tcl: Setting watchdog for 200 seconds at Wed Sep 04 05:33:59 UTC 2019
4 ms. Memory: 48128K Free: 27364K (57%)
ptolemy.util.test.WatchDog.cancel(): canceling Wed Sep 04 05:33:59 UTC 2019
auto.tcl: Setting watchdog for 200 seconds at Wed Sep 04 05:33:59 UTC 2019
3 ms. Memory: 48128K Free: 25654K (53%)
ptolemy.util.test.WatchDog.cancel(): canceling Wed Sep 04 05:33:59 UTC 2019
------------------ testing $PTII/ptolemy/domains/de/test/auto/multirate2.xml
auto.tcl: Setting watchdog for 200 seconds at Wed Sep 04 05:33:59 UTC 2019
3 ms. Memory: 48128K Free: 27299K (57%)
ptolemy.util.test.WatchDog.cancel(): canceling Wed Sep 04 05:33:59 UTC 2019
auto.tcl: Setting watchdog for 200 seconds at Wed Sep 04 05:33:59 UTC 2019
4 ms. Memory: 48128K Free: 25857K (54%)
ptolemy.util.test.WatchDog.cancel(): canceling Wed Sep 04 05:33:59 UTC 2019
------------------ testing $PTII/ptolemy/domains/de/test/auto/realtime.xml
auto.tcl: Setting watchdog for 200 seconds at Wed Sep 04 05:33:59 UTC 2019
10002 ms. Memory: 48128K Free: 29594K (61%)
ptolemy.util.test.WatchDog.cancel(): canceling Wed Sep 04 05:34:09 UTC 2019
auto.tcl: Setting watchdog for 200 seconds at Wed Sep 04 05:34:09 UTC 2019
10001 ms. Memory: 48128K Free: 28849K (60%)
ptolemy.util.test.WatchDog.cancel(): canceling Wed Sep 04 05:34:19 UTC 2019
------------------ testing $PTII/ptolemy/domains/de/test/auto/relationGroup.xml
auto.tcl: Setting watchdog for 200 seconds at Wed Sep 04 05:34:19 UTC 2019
2 ms. Memory: 48128K Free: 30633K (64%)
ptolemy.util.test.WatchDog.cancel(): canceling Wed Sep 04 05:34:19 UTC 2019
auto.tcl: Setting watchdog for 200 seconds at Wed Sep 04 05:34:19 UTC 2019
2 ms. Memory: 48128K Free: 29899K (62%)
ptolemy.util.test.WatchDog.cancel(): canceling Wed Sep 04 05:34:19 UTC 2019
------------------ testing $PTII/ptolemy/domains/de/test/auto/relationGroup2.xml
auto.tcl: Setting watchdog for 200 seconds at Wed Sep 04 05:34:19 UTC 2019
2 ms. Memory: 48128K Free: 30404K (63%)
ptolemy.util.test.WatchDog.cancel(): canceling Wed Sep 04 05:34:19 UTC 2019
auto.tcl: Setting watchdog for 200 seconds at Wed Sep 04 05:34:19 UTC 2019
2 ms. Memory: 48128K Free: 29455K (61%)
ptolemy.util.test.WatchDog.cancel(): canceling Wed Sep 04 05:34:19 UTC 2019
------------------ testing $PTII/ptolemy/domains/de/test/auto/sortWithOpaquePorts.xml
auto.tcl: Setting watchdog for 200 seconds at Wed Sep 04 05:34:19 UTC 2019
2 ms. Memory: 48128K Free: 29925K (62%)
ptolemy.util.test.WatchDog.cancel(): canceling Wed Sep 04 05:34:19 UTC 2019
auto.tcl: Setting watchdog for 200 seconds at Wed Sep 04 05:34:19 UTC 2019
2 ms. Memory: 48128K Free: 28414K (59%)
ptolemy.util.test.WatchDog.cancel(): canceling Wed Sep 04 05:34:19 UTC 2019
------------------ testing $PTII/ptolemy/domains/de/test/auto/transferInputsandOutputs.xml
auto.tcl: Setting watchdog for 200 seconds at Wed Sep 04 05:34:19 UTC 2019
7 ms. Memory: 48128K Free: 26840K (56%)
ptolemy.util.test.WatchDog.cancel(): canceling Wed Sep 04 05:34:19 UTC 2019
auto.tcl: Setting watchdog for 200 seconds at Wed Sep 04 05:34:19 UTC 2019
3 ms. Memory: 48128K Free: 25887K (54%)
ptolemy.util.test.WatchDog.cancel(): canceling Wed Sep 04 05:34:19 UTC 2019
------------------ testing $PTII/ptolemy/domains/de/test/auto/triggerType.xml
auto.tcl: Setting watchdog for 200 seconds at Wed Sep 04 05:34:19 UTC 2019
2 ms. Memory: 48128K Free: 29866K (62%)
ptolemy.util.test.WatchDog.cancel(): canceling Wed Sep 04 05:34:19 UTC 2019
auto.tcl: Setting watchdog for 200 seconds at Wed Sep 04 05:34:19 UTC 2019
2 ms. Memory: 48128K Free: 28898K (60%)
ptolemy.util.test.WatchDog.cancel(): canceling Wed Sep 04 05:34:19 UTC 2019
09/04/19 05:34:19
Failed: 0  Total Tests: 192  ((Passed: 187, Newly Passed: 1)  Known Failed: 5) /home/travis/build/icyphy/ptII/ptolemy/domains/de/test
09/04/19 05:34:20
Failed: 0  Total Tests: 192  ((Passed: 187, Newly Passed: 1)  Known Failed: 5) /home/travis/build/icyphy/ptII/ptolemy/domains/de/test
----------------- testing (KnownFailure) /home/travis/build/icyphy/ptII/ptolemy/domains/de/test/auto/knownFailedTests/DESDFClockTest.xml
2023 ms. Memory: 48128K Free: 23260K (48%)
Known Failure: java.lang.reflect.InvocationTargetException
----------------- testing (KnownFailure) /home/travis/build/icyphy/ptII/ptolemy/domains/de/test/auto/knownFailedTests/DirectFeedback.xml
2 ms. Memory: 48128K Free: 19678K (41%)
Known Failure: java.lang.reflect.InvocationTargetException
----------------- testing (KnownFailure) /home/travis/build/icyphy/ptII/ptolemy/domains/de/test/auto/knownFailedTests/FSMSource.xml
11 ms. Memory: 48128K Free: 12510K (26%)
----------------- testing (KnownFailure) /home/travis/build/icyphy/ptII/ptolemy/domains/de/test/auto/knownFailedTests/HierarchicalModel.xml
18 ms. Memory: 48128K Free: 23705K (49%)
Known Failure: java.lang.reflect.InvocationTargetException
----------------- testing (KnownFailure) /home/travis/build/icyphy/ptII/ptolemy/domains/de/test/auto/knownFailedTests/dependencyLoop.xml
3 ms. Memory: 48128K Free: 8699K (18%)
Known Failure: java.lang.reflect.InvocationTargetException
----------------- testing (KnownFailure) /home/travis/build/icyphy/ptII/ptolemy/domains/de/test/auto/knownFailedTests/dependencyLoop2.xml
6 ms. Memory: 48128K Free: 20758K (43%)
Known Failure: java.lang.reflect.InvocationTargetException
No auto/linux-amd64/*.xml tests in /home/travis/build/icyphy/ptII/ptolemy/domains/de/test
AutoTests.java: About to close Vertx.
AutoTests.java: Vertx closed.

===========================================================================================
----------------- testing Wed Sep 04 05:34:22 UTC 2019 /home/travis/build/icyphy/ptII/ptolemy/domains/de/test/auto/ActorDepthCalculation_actorWithoutPorts.xml
----------------- Instantiating /home/travis/build/icyphy/ptII/ptolemy/domains/de/test/auto/ActorDepthCalculation_actorWithoutPorts.xml
2 ms. Memory: 48128K Free: 13896K (29%)
----------------- Invoking toplevel() on ptolemy.moml.MoMLSimpleApplication@4d36587c
----------------- Done invoking toplevel() on ptolemy.moml.MoMLSimpleApplication@4d36587c
reloadAllAccessors: .ActorDepthCalculation_actorWithoutPorts

===========================================================================================
----------------- testing Wed Sep 04 05:34:22 UTC 2019 /home/travis/build/icyphy/ptII/ptolemy/domains/de/test/auto/AssemblyLine.xml
----------------- Instantiating /home/travis/build/icyphy/ptII/ptolemy/domains/de/test/auto/AssemblyLine.xml
3 ms. Memory: 48128K Free: 7010K (15%)
----------------- Invoking toplevel() on ptolemy.moml.MoMLSimpleApplication@774d2417
----------------- Done invoking toplevel() on ptolemy.moml.MoMLSimpleApplication@774d2417
reloadAllAccessors: .AssemblyLine

===========================================================================================
----------------- testing Wed Sep 04 05:34:22 UTC 2019 /home/travis/build/icyphy/ptII/ptolemy/domains/de/test/auto/CQBug1.xml
----------------- Instantiating /home/travis/build/icyphy/ptII/ptolemy/domains/de/test/auto/CQBug1.xml
1 ms. Memory: 48128K Free: 30871K (64%)
----------------- Invoking toplevel() on ptolemy.moml.MoMLSimpleApplication@25951dbb
----------------- Done invoking toplevel() on ptolemy.moml.MoMLSimpleApplication@25951dbb
reloadAllAccessors: .CQBug1

===========================================================================================
----------------- testing Wed Sep 04 05:34:22 UTC 2019 /home/travis/build/icyphy/ptII/ptolemy/domains/de/test/auto/CancelFireAt.xml
----------------- Instantiating /home/travis/build/icyphy/ptII/ptolemy/domains/de/test/auto/CancelFireAt.xml
11 ms. Memory: 48128K Free: 28098K (58%)
----------------- Invoking toplevel() on ptolemy.moml.MoMLSimpleApplication@753b8cf5
----------------- Done invoking toplevel() on ptolemy.moml.MoMLSimpleApplication@753b8cf5
reloadAllAccessors: .CancelFireAt

===========================================================================================
----------------- testing Wed Sep 04 05:34:22 UTC 2019 /home/travis/build/icyphy/ptII/ptolemy/domains/de/test/auto/CausalityAndComposabilityAnalysis.xml
----------------- Instantiating /home/travis/build/icyphy/ptII/ptolemy/domains/de/test/auto/CausalityAndComposabilityAnalysis.xml
2 ms. Memory: 48128K Free: 24003K (50%)
----------------- Invoking toplevel() on ptolemy.moml.MoMLSimpleApplication@207e1cc2
----------------- Done invoking toplevel() on ptolemy.moml.MoMLSimpleApplication@207e1cc2
reloadAllAccessors: .CausalityAndComposabilityAnalysis

===========================================================================================
----------------- testing Wed Sep 04 05:34:22 UTC 2019 /home/travis/build/icyphy/ptII/ptolemy/domains/de/test/auto/CausalityInterface1.xml
----------------- Instantiating /home/travis/build/icyphy/ptII/ptolemy/domains/de/test/auto/CausalityInterface1.xml
6 ms. Memory: 48128K Free: 18898K (39%)
----------------- Invoking toplevel() on ptolemy.moml.MoMLSimpleApplication@326de32c
----------------- Done invoking toplevel() on ptolemy.moml.MoMLSimpleApplication@326de32c
reloadAllAccessors: .CausalityInterface1

===========================================================================================
----------------- testing Wed Sep 04 05:34:22 UTC 2019 /home/travis/build/icyphy/ptII/ptolemy/domains/de/test/auto/CausalityInterface15.xml
----------------- Instantiating /home/travis/build/icyphy/ptII/ptolemy/domains/de/test/auto/CausalityInterface15.xml
2 ms. Memory: 48128K Free: 13481K (28%)
----------------- Invoking toplevel() on ptolemy.moml.MoMLSimpleApplication@7ed13b54
----------------- Done invoking toplevel() on ptolemy.moml.MoMLSimpleApplication@7ed13b54
reloadAllAccessors: .CausalityInterface15

===========================================================================================
----------------- testing Wed Sep 04 05:34:22 UTC 2019 /home/travis/build/icyphy/ptII/ptolemy/domains/de/test/auto/CausalityInterface2.xml
----------------- Instantiating /home/travis/build/icyphy/ptII/ptolemy/domains/de/test/auto/CausalityInterface2.xml
2 ms. Memory: 48128K Free: 8902K (18%)
[...]
	at ptolemy.actor.Manager.run(Manager.java:1263)
	at ptolemy.actor.Manager$PtolemyRunThread.run(Manager.java:1933)
java.lang.RuntimeException: Execution failed
	at ptolemy.moml.MoMLSimpleApplication$UnloadThread.run(MoMLSimpleApplication.java:402)
Caused by: ptolemy.kernel.util.IllegalActionException: Actor is not ready to fire.  Perhaps UpSample.prefire() returned false? Try debugging the actor by selecting "Listen to Actor".  Also, for SDF check moml for tokenConsumptionRate on input.
  in .DESDFClockTest.Play Bell.Copy1:SDF Director and .DESDFClockTest.Play Bell.UpSample
	at ptolemy.actor.sched.StaticSchedulingDirector.fire(StaticSchedulingDirector.java:227)
	at ptolemy.domains.sdf.kernel.SDFDirector.fire(SDFDirector.java:500)
	at ptolemy.actor.CompositeActor.fire(CompositeActor.java:455)
	at ptolemy.domains.de.kernel.DEDirector._fire(DEDirector.java:1949)
	at ptolemy.domains.de.kernel.DEDirector.fire(DEDirector.java:502)
	at ptolemy.actor.CompositeActor.fire(CompositeActor.java:455)
	at ptolemy.actor.Manager.iterate(Manager.java:851)
	at ptolemy.actor.Manager.execute(Manager.java:369)
	at ptolemy.actor.Manager.run(Manager.java:1263)
	at ptolemy.actor.Manager$PtolemyRunThread.run(Manager.java:1933)
java.lang.reflect.InvocationTargetException
	at java.base/jdk.internal.reflect.NativeConstructorAccessorImpl.newInstance0(Native Method)
	at java.base/jdk.internal.reflect.NativeConstructorAccessorImpl.newInstance(NativeConstructorAccessorImpl.java:62)
	at java.base/jdk.internal.reflect.DelegatingConstructorAccessorImpl.newInstance(DelegatingConstructorAccessorImpl.java:45)
	at java.base/java.lang.reflect.Constructor.newInstance(Constructor.java:490)
	at ptolemy.util.test.junit.AutoKnownFailedTests.RunModel(AutoKnownFailedTests.java:105)
	at java.base/jdk.internal.reflect.NativeMethodAccessorImpl.invoke0(Native Method)
	at java.base/jdk.internal.reflect.NativeMethodAccessorImpl.invoke(NativeMethodAccessorImpl.java:62)
	at java.base/jdk.internal.reflect.DelegatingMethodAccessorImpl.invoke(DelegatingMethodAccessorImpl.java:43)
	at java.base/java.lang.reflect.Method.invoke(Method.java:566)
	at org.junit.runners.model.FrameworkMethod$1.runReflectiveCall(FrameworkMethod.java:44)
	at org.junit.internal.runners.model.ReflectiveCallable.run(ReflectiveCallable.java:15)
	at org.junit.runners.model.FrameworkMethod.invokeExplosively(FrameworkMethod.java:41)
	at junitparams.internal.InvokeParameterisedMethod.evaluate(InvokeParameterisedMethod.java:102)
	at org.junit.internal.runners.statements.FailOnTimeout$1.run(FailOnTimeout.java:28)
Caused by: ptolemy.kernel.util.IllegalActionException: Actor is not ready to fire.  Perhaps UpSample.prefire() returned false? Try debugging the actor by selecting "Listen to Actor".  Also, for SDF check moml for tokenConsumptionRate on input.
  in .DESDFClockTest.Play Bell.Copy1:SDF Director and .DESDFClockTest.Play Bell.UpSample
	at ptolemy.actor.sched.StaticSchedulingDirector.fire(StaticSchedulingDirector.java:227)
	at ptolemy.domains.sdf.kernel.SDFDirector.fire(SDFDirector.java:500)
	at ptolemy.actor.CompositeActor.fire(CompositeActor.java:455)
	at ptolemy.domains.de.kernel.DEDirector._fire(DEDirector.java:1949)
	at ptolemy.domains.de.kernel.DEDirector.fire(DEDirector.java:502)
	at ptolemy.actor.CompositeActor.fire(CompositeActor.java:455)
	at ptolemy.actor.Manager.iterate(Manager.java:851)
	at ptolemy.actor.Manager.execute(Manager.java:369)
	at ptolemy.actor.Manager.run(Manager.java:1263)
	at ptolemy.actor.Manager$PtolemyRunThread.run(Manager.java:1933)
java.lang.RuntimeException: Execution failed
	at ptolemy.moml.MoMLSimpleApplication$UnloadThread.run(MoMLSimpleApplication.java:402)
Caused by: ptolemy.kernel.util.IllegalActionException: Test fails in iteration 1.
Value was: 1.0. Should have been: 2.0
  in .DirectFeedback.Test
	at ptolemy.actor.lib.Test.fire(Test.java:268)
	at ptolemy.domains.de.kernel.DEDirector._fire(DEDirector.java:1949)
	at ptolemy.domains.de.kernel.DEDirector.fire(DEDirector.java:502)
	at ptolemy.actor.CompositeActor.fire(CompositeActor.java:455)
	at ptolemy.actor.Manager.iterate(Manager.java:851)
	at ptolemy.actor.Manager.execute(Manager.java:369)
	at ptolemy.actor.Manager.run(Manager.java:1263)
	at ptolemy.actor.Manager$PtolemyRunThread.run(Manager.java:1933)
java.lang.reflect.InvocationTargetException
	at java.base/jdk.internal.reflect.NativeConstructorAccessorImpl.newInstance0(Native Method)
	at java.base/jdk.internal.reflect.NativeConstructorAccessorImpl.newInstance(NativeConstructorAccessorImpl.java:62)
	at java.base/jdk.internal.reflect.DelegatingConstructorAccessorImpl.newInstance(DelegatingConstructorAccessorImpl.java:45)
	at java.base/java.lang.reflect.Constructor.newInstance(Constructor.java:490)
	at ptolemy.util.test.junit.AutoKnownFailedTests.RunModel(AutoKnownFailedTests.java:105)
	at java.base/jdk.internal.reflect.NativeMethodAccessorImpl.invoke0(Native Method)
	at java.base/jdk.internal.reflect.NativeMethodAccessorImpl.invoke(NativeMethodAccessorImpl.java:62)
	at java.base/jdk.internal.reflect.DelegatingMethodAccessorImpl.invoke(DelegatingMethodAccessorImpl.java:43)
	at java.base/java.lang.reflect.Method.invoke(Method.java:566)
	at org.junit.runners.model.FrameworkMethod$1.runReflectiveCall(FrameworkMethod.java:44)
	at org.junit.internal.runners.model.ReflectiveCallable.run(ReflectiveCallable.java:15)
	at org.junit.runners.model.FrameworkMethod.invokeExplosively(FrameworkMethod.java:41)
	at junitparams.internal.InvokeParameterisedMethod.evaluate(InvokeParameterisedMethod.java:102)
	at org.junit.internal.runners.statements.FailOnTimeout$1.run(FailOnTimeout.java:28)
Caused by: ptolemy.kernel.util.IllegalActionException: Test fails in iteration 1.
Value was: 1.0. Should have been: 2.0
  in .DirectFeedback.Test
	at ptolemy.actor.lib.Test.fire(Test.java:268)
	at ptolemy.domains.de.kernel.DEDirector._fire(DEDirector.java:1949)
	at ptolemy.domains.de.kernel.DEDirector.fire(DEDirector.java:502)
	at ptolemy.actor.CompositeActor.fire(CompositeActor.java:455)
	at ptolemy.actor.Manager.iterate(Manager.java:851)
	at ptolemy.actor.Manager.execute(Manager.java:369)
	at ptolemy.actor.Manager.run(Manager.java:1263)
	at ptolemy.actor.Manager$PtolemyRunThread.run(Manager.java:1933)
java.lang.RuntimeException: Execution failed
	at ptolemy.moml.MoMLSimpleApplication$UnloadThread.run(MoMLSimpleApplication.java:402)
Caused by: ptolemy.kernel.util.IllegalActionException: Found a zero delay loop containing .HierarchicalModel.A
  in .HierarchicalModel and .HierarchicalModel.A
	at ptolemy.actor.util.CausalityInterfaceForComposites._computeOutputPortDepth(CausalityInterfaceForComposites.java:759)
	at ptolemy.actor.util.CausalityInterfaceForComposites._computeInputDepth(CausalityInterfaceForComposites.java:696)
	at ptolemy.actor.util.CausalityInterfaceForComposites._computeOutputPortDepth(CausalityInterfaceForComposites.java:765)
	at ptolemy.actor.util.CausalityInterfaceForComposites._computeInputDepth(CausalityInterfaceForComposites.java:696)
	at ptolemy.actor.util.CausalityInterfaceForComposites._computeOutputPortDepth(CausalityInterfaceForComposites.java:765)
	at ptolemy.actor.util.CausalityInterfaceForComposites._computeInputDepth(CausalityInterfaceForComposites.java:696)
	at ptolemy.actor.util.CausalityInterfaceForComposites._computeActorDepth(CausalityInterfaceForComposites.java:532)
	at ptolemy.actor.util.CausalityInterfaceForComposites.checkForCycles(CausalityInterfaceForComposites.java:96)
	at ptolemy.domains.de.kernel.DEDirector.preinitialize(DEDirector.java:1338)
	at ptolemy.actor.CompositeActor.preinitialize(CompositeActor.java:1828)
	at ptolemy.actor.Manager.preinitializeAndResolveTypes(Manager.java:1040)
	at ptolemy.actor.Manager.initialize(Manager.java:710)
	at ptolemy.actor.Manager.execute(Manager.java:356)
	at ptolemy.actor.Manager.run(Manager.java:1263)
	at ptolemy.actor.Manager$PtolemyRunThread.run(Manager.java:1933)
java.lang.reflect.InvocationTargetException
	at java.base/jdk.internal.reflect.NativeConstructorAccessorImpl.newInstance0(Native Method)
	at java.base/jdk.internal.reflect.NativeConstructorAccessorImpl.newInstance(NativeConstructorAccessorImpl.java:62)
	at java.base/jdk.internal.reflect.DelegatingConstructorAccessorImpl.newInstance(DelegatingConstructorAccessorImpl.java:45)
	at java.base/java.lang.reflect.Constructor.newInstance(Constructor.java:490)
	at ptolemy.util.test.junit.AutoKnownFailedTests.RunModel(AutoKnownFailedTests.java:105)
	at java.base/jdk.internal.reflect.NativeMethodAccessorImpl.invoke0(Native Method)
	at java.base/jdk.internal.reflect.NativeMethodAccessorImpl.invoke(NativeMethodAccessorImpl.java:62)
	at java.base/jdk.internal.reflect.DelegatingMethodAccessorImpl.invoke(DelegatingMethodAccessorImpl.java:43)
	at java.base/java.lang.reflect.Method.invoke(Method.java:566)
	at org.junit.runners.model.FrameworkMethod$1.runReflectiveCall(FrameworkMethod.java:44)
	at org.junit.internal.runners.model.ReflectiveCallable.run(ReflectiveCallable.java:15)
	at org.junit.runners.model.FrameworkMethod.invokeExplosively(FrameworkMethod.java:41)
	at junitparams.internal.InvokeParameterisedMethod.evaluate(InvokeParameterisedMethod.java:102)
	at org.junit.internal.runners.statements.FailOnTimeout$1.run(FailOnTimeout.java:28)
Caused by: ptolemy.kernel.util.IllegalActionException: Found a zero delay loop containing .HierarchicalModel.A
  in .HierarchicalModel and .HierarchicalModel.A
	at ptolemy.actor.util.CausalityInterfaceForComposites._computeOutputPortDepth(CausalityInterfaceForComposites.java:759)
	at ptolemy.actor.util.CausalityInterfaceForComposites._computeInputDepth(CausalityInterfaceForComposites.java:696)
	at ptolemy.actor.util.CausalityInterfaceForComposites._computeOutputPortDepth(CausalityInterfaceForComposites.java:765)
	at ptolemy.actor.util.CausalityInterfaceForComposites._computeInputDepth(CausalityInterfaceForComposites.java:696)
	at ptolemy.actor.util.CausalityInterfaceForComposites._computeOutputPortDepth(CausalityInterfaceForComposites.java:765)
	at ptolemy.actor.util.CausalityInterfaceForComposites._computeInputDepth(CausalityInterfaceForComposites.java:696)
	at ptolemy.actor.util.CausalityInterfaceForComposites._computeActorDepth(CausalityInterfaceForComposites.java:532)
	at ptolemy.actor.util.CausalityInterfaceForComposites.checkForCycles(CausalityInterfaceForComposites.java:96)
	at ptolemy.domains.de.kernel.DEDirector.preinitialize(DEDirector.java:1338)
	at ptolemy.actor.CompositeActor.preinitialize(CompositeActor.java:1828)
	at ptolemy.actor.Manager.preinitializeAndResolveTypes(Manager.java:1040)
	at ptolemy.actor.Manager.initialize(Manager.java:710)
	at ptolemy.actor.Manager.execute(Manager.java:356)
	at ptolemy.actor.Manager.run(Manager.java:1263)
	at ptolemy.actor.Manager$PtolemyRunThread.run(Manager.java:1933)
java.lang.RuntimeException: Execution failed
	at ptolemy.moml.MoMLSimpleApplication$UnloadThread.run(MoMLSimpleApplication.java:402)
Caused by: ptolemy.kernel.util.IllegalActionException: Found a zero delay loop containing .dependencyLoop.original
  in .dependencyLoop and .dependencyLoop.original
	at ptolemy.actor.util.CausalityInterfaceForComposites._computeOutputPortDepth(CausalityInterfaceForComposites.java:759)
	at ptolemy.actor.util.CausalityInterfaceForComposites._computeInputDepth(CausalityInterfaceForComposites.java:696)
	at ptolemy.actor.util.CausalityInterfaceForComposites._computeOutputPortDepth(CausalityInterfaceForComposites.java:765)
	at ptolemy.actor.util.CausalityInterfaceForComposites._computeInputDepth(CausalityInterfaceForComposites.java:696)
	at ptolemy.actor.util.CausalityInterfaceForComposites._computeOutputPortDepth(CausalityInterfaceForComposites.java:765)
	at ptolemy.actor.util.CausalityInterfaceForComposites._computeInputDepth(CausalityInterfaceForComposites.java:696)
	at ptolemy.actor.util.CausalityInterfaceForComposites._computeActorDepth(CausalityInterfaceForComposites.java:532)
	at ptolemy.actor.util.CausalityInterfaceForComposites.checkForCycles(CausalityInterfaceForComposites.java:96)
	at ptolemy.domains.de.kernel.DEDirector.preinitialize(DEDirector.java:1338)
	at ptolemy.actor.CompositeActor.preinitialize(CompositeActor.java:1828)
	at ptolemy.actor.Manager.preinitializeAndResolveTypes(Manager.java:1040)
	at ptolemy.actor.Manager.initialize(Manager.java:710)
	at ptolemy.actor.Manager.execute(Manager.java:356)
	at ptolemy.actor.Manager.run(Manager.java:1263)
	at ptolemy.actor.Manager$PtolemyRunThread.run(Manager.java:1933)
java.lang.reflect.InvocationTargetException
	at java.base/jdk.internal.reflect.NativeConstructorAccessorImpl.newInstance0(Native Method)
	at java.base/jdk.internal.reflect.NativeConstructorAccessorImpl.newInstance(NativeConstructorAccessorImpl.java:62)
	at java.base/jdk.internal.reflect.DelegatingConstructorAccessorImpl.newInstance(DelegatingConstructorAccessorImpl.java:45)
	at java.base/java.lang.reflect.Constructor.newInstance(Constructor.java:490)
	at ptolemy.util.test.junit.AutoKnownFailedTests.RunModel(AutoKnownFailedTests.java:105)
	at java.base/jdk.internal.reflect.NativeMethodAccessorImpl.invoke0(Native Method)
	at java.base/jdk.internal.reflect.NativeMethodAccessorImpl.invoke(NativeMethodAccessorImpl.java:62)
	at java.base/jdk.internal.reflect.DelegatingMethodAccessorImpl.invoke(DelegatingMethodAccessorImpl.java:43)
	at java.base/java.lang.reflect.Method.invoke(Method.java:566)
	at org.junit.runners.model.FrameworkMethod$1.runReflectiveCall(FrameworkMethod.java:44)
	at org.junit.internal.runners.model.ReflectiveCallable.run(ReflectiveCallable.java:15)
	at org.junit.runners.model.FrameworkMethod.invokeExplosively(FrameworkMethod.java:41)
	at junitparams.internal.InvokeParameterisedMethod.evaluate(InvokeParameterisedMethod.java:102)
	at org.junit.internal.runners.statements.FailOnTimeout$1.run(FailOnTimeout.java:28)
Caused by: ptolemy.kernel.util.IllegalActionException: Found a zero delay loop containing .dependencyLoop.original
  in .dependencyLoop and .dependencyLoop.original
	at ptolemy.actor.util.CausalityInterfaceForComposites._computeOutputPortDepth(CausalityInterfaceForComposites.java:759)
	at ptolemy.actor.util.CausalityInterfaceForComposites._computeInputDepth(CausalityInterfaceForComposites.java:696)
	at ptolemy.actor.util.CausalityInterfaceForComposites._computeOutputPortDepth(CausalityInterfaceForComposites.java:765)
	at ptolemy.actor.util.CausalityInterfaceForComposites._computeInputDepth(CausalityInterfaceForComposites.java:696)
	at ptolemy.actor.util.CausalityInterfaceForComposites._computeOutputPortDepth(CausalityInterfaceForComposites.java:765)
	at ptolemy.actor.util.CausalityInterfaceForComposites._computeInputDepth(CausalityInterfaceForComposites.java:696)
	at ptolemy.actor.util.CausalityInterfaceForComposites._computeActorDepth(CausalityInterfaceForComposites.java:532)
	at ptolemy.actor.util.CausalityInterfaceForComposites.checkForCycles(CausalityInterfaceForComposites.java:96)
	at ptolemy.domains.de.kernel.DEDirector.preinitialize(DEDirector.java:1338)
	at ptolemy.actor.CompositeActor.preinitialize(CompositeActor.java:1828)
	at ptolemy.actor.Manager.preinitializeAndResolveTypes(Manager.java:1040)
	at ptolemy.actor.Manager.initialize(Manager.java:710)
	at ptolemy.actor.Manager.execute(Manager.java:356)
	at ptolemy.actor.Manager.run(Manager.java:1263)
	at ptolemy.actor.Manager$PtolemyRunThread.run(Manager.java:1933)
java.lang.RuntimeException: Execution failed
	at ptolemy.moml.MoMLSimpleApplication$UnloadThread.run(MoMLSimpleApplication.java:402)
Caused by: ptolemy.kernel.util.IllegalActionException: Found a zero delay loop containing .dependencyLoop2.original
  in .dependencyLoop2 and .dependencyLoop2.original
	at ptolemy.actor.util.CausalityInterfaceForComposites._computeOutputPortDepth(CausalityInterfaceForComposites.java:759)
	at ptolemy.actor.util.CausalityInterfaceForComposites._computeInputDepth(CausalityInterfaceForComposites.java:696)
	at ptolemy.actor.util.CausalityInterfaceForComposites._computeOutputPortDepth(CausalityInterfaceForComposites.java:765)
	at ptolemy.actor.util.CausalityInterfaceForComposites._computeInputDepth(CausalityInterfaceForComposites.java:696)
	at ptolemy.actor.util.CausalityInterfaceForComposites._computeOutputPortDepth(CausalityInterfaceForComposites.java:765)
	at ptolemy.actor.util.CausalityInterfaceForComposites._computeInputDepth(CausalityInterfaceForComposites.java:696)
	at ptolemy.actor.util.CausalityInterfaceForComposites._computeActorDepth(CausalityInterfaceForComposites.java:532)
	at ptolemy.actor.util.CausalityInterfaceForComposites.checkForCycles(CausalityInterfaceForComposites.java:96)
	at ptolemy.domains.de.kernel.DEDirector.preinitialize(DEDirector.java:1338)
	at ptolemy.actor.CompositeActor.preinitialize(CompositeActor.java:1828)
	at ptolemy.actor.Manager.preinitializeAndResolveTypes(Manager.java:1040)
	at ptolemy.actor.Manager.initialize(Manager.java:710)
	at ptolemy.actor.Manager.execute(Manager.java:356)
	at ptolemy.actor.Manager.run(Manager.java:1263)
	at ptolemy.actor.Manager$PtolemyRunThread.run(Manager.java:1933)
java.lang.reflect.InvocationTargetException
	at java.base/jdk.internal.reflect.NativeConstructorAccessorImpl.newInstance0(Native Method)
	at java.base/jdk.internal.reflect.NativeConstructorAccessorImpl.newInstance(NativeConstructorAccessorImpl.java:62)
	at java.base/jdk.internal.reflect.DelegatingConstructorAccessorImpl.newInstance(DelegatingConstructorAccessorImpl.java:45)
	at java.base/java.lang.reflect.Constructor.newInstance(Constructor.java:490)
	at ptolemy.util.test.junit.AutoKnownFailedTests.RunModel(AutoKnownFailedTests.java:105)
	at java.base/jdk.internal.reflect.NativeMethodAccessorImpl.invoke0(Native Method)
	at java.base/jdk.internal.reflect.NativeMethodAccessorImpl.invoke(NativeMethodAccessorImpl.java:62)
	at java.base/jdk.internal.reflect.DelegatingMethodAccessorImpl.invoke(DelegatingMethodAccessorImpl.java:43)
	at java.base/java.lang.reflect.Method.invoke(Method.java:566)
	at org.junit.runners.model.FrameworkMethod$1.runReflectiveCall(FrameworkMethod.java:44)
	at org.junit.internal.runners.model.ReflectiveCallable.run(ReflectiveCallable.java:15)
	at org.junit.runners.model.FrameworkMethod.invokeExplosively(FrameworkMethod.java:41)
	at junitparams.internal.InvokeParameterisedMethod.evaluate(InvokeParameterisedMethod.java:102)
	at org.junit.internal.runners.statements.FailOnTimeout$1.run(FailOnTimeout.java:28)
Caused by: ptolemy.kernel.util.IllegalActionException: Found a zero delay loop containing .dependencyLoop2.original
  in .dependencyLoop2 and .dependencyLoop2.original
	at ptolemy.actor.util.CausalityInterfaceForComposites._computeOutputPortDepth(CausalityInterfaceForComposites.java:759)
	at ptolemy.actor.util.CausalityInterfaceForComposites._computeInputDepth(CausalityInterfaceForComposites.java:696)
	at ptolemy.actor.util.CausalityInterfaceForComposites._computeOutputPortDepth(CausalityInterfaceForComposites.java:765)
	at ptolemy.actor.util.CausalityInterfaceForComposites._computeInputDepth(CausalityInterfaceForComposites.java:696)
	at ptolemy.actor.util.CausalityInterfaceForComposites._computeOutputPortDepth(CausalityInterfaceForComposites.java:765)
	at ptolemy.actor.util.CausalityInterfaceForComposites._computeInputDepth(CausalityInterfaceForComposites.java:696)
	at ptolemy.actor.util.CausalityInterfaceForComposites._computeActorDepth(CausalityInterfaceForComposites.java:532)
	at ptolemy.actor.util.CausalityInterfaceForComposites.checkForCycles(CausalityInterfaceForComposites.java:96)
	at ptolemy.domains.de.kernel.DEDirector.preinitialize(DEDirector.java:1338)
	at ptolemy.actor.CompositeActor.preinitialize(CompositeActor.java:1828)
	at ptolemy.actor.Manager.preinitializeAndResolveTypes(Manager.java:1040)
	at ptolemy.actor.Manager.initialize(Manager.java:710)
	at ptolemy.actor.Manager.execute(Manager.java:356)
	at ptolemy.actor.Manager.run(Manager.java:1263)
	at ptolemy.actor.Manager$PtolemyRunThread.run(Manager.java:1933)
]]></system-err>
</testsuite>
