<?xml version="1.0" encoding="UTF-8" ?>
<testsuite errors="0" failures="0" hostname="travis-job-719bd372-ca45-4141-9b93-9080f3666dcd" name="ptolemy.domains.de.test.junit.JUnitTclTest" skipped="0" tests="101" time="127.44" timestamp="2018-06-09T20:05:25">
  <properties>
[...]
</properties>
  <testcase classname="ptolemy.util.test.junit.TclTests" name="[0] /home/travis/build/icyphy/ptII/ptolemy/domains/de/test/DependencyLoop.tcl (RunTclFile)" time="0.791" />
  <testcase classname="ptolemy.util.test.junit.TclTests" name="[1] /home/travis/build/icyphy/ptII/ptolemy/domains/de/test/RunDETestsAsQSS.tcl (RunTclFile)" time="88.234" />
  <testcase classname="ptolemy.util.test.junit.AutoKnownFailedTests" name="[0] /home/travis/build/icyphy/ptII/ptolemy/domains/de/test/auto/knownFailedTests/DESDFClockTest.xml (RunModel)" time="2.026" />
  <testcase classname="ptolemy.util.test.junit.AutoKnownFailedTests" name="[1] /home/travis/build/icyphy/ptII/ptolemy/domains/de/test/auto/knownFailedTests/DirectFeedback.xml (RunModel)" time="0.012" />
  <testcase classname="ptolemy.util.test.junit.AutoKnownFailedTests" name="[2] /home/travis/build/icyphy/ptII/ptolemy/domains/de/test/auto/knownFailedTests/FSMSource.xml (RunModel)" time="0.015" />
  <testcase classname="ptolemy.util.test.junit.AutoKnownFailedTests" name="[3] /home/travis/build/icyphy/ptII/ptolemy/domains/de/test/auto/knownFailedTests/HierarchicalModel.xml (RunModel)" time="0.03" />
  <testcase classname="ptolemy.util.test.junit.AutoKnownFailedTests" name="[4] /home/travis/build/icyphy/ptII/ptolemy/domains/de/test/auto/knownFailedTests/dependencyLoop.xml (RunModel)" time="0.025" />
  <testcase classname="ptolemy.util.test.junit.AutoKnownFailedTests" name="[5] /home/travis/build/icyphy/ptII/ptolemy/domains/de/test/auto/knownFailedTests/dependencyLoop2.xml (RunModel)" time="0.032" />
  <testcase classname="ptolemy.util.test.junit.AutoNameArchTests" name="[0] ThereAreNoAutoArchTests (RunModel)" time="0.0" />
  <testcase classname="ptolemy.util.test.junit.AutoTests" name="[0] /home/travis/build/icyphy/ptII/ptolemy/domains/de/test/auto/ActorDepthCalculation_actorWithoutPorts.xml (RunModel)" time="0.013" />
  <testcase classname="ptolemy.util.test.junit.AutoTests" name="[1] /home/travis/build/icyphy/ptII/ptolemy/domains/de/test/auto/AssemblyLine.xml (RunModel)" time="0.012" />
  <testcase classname="ptolemy.util.test.junit.AutoTests" name="[2] /home/travis/build/icyphy/ptII/ptolemy/domains/de/test/auto/CQBug1.xml (RunModel)" time="0.005" />
  <testcase classname="ptolemy.util.test.junit.AutoTests" name="[3] /home/travis/build/icyphy/ptII/ptolemy/domains/de/test/auto/CancelFireAt.xml (RunModel)" time="0.006" />
  <testcase classname="ptolemy.util.test.junit.AutoTests" name="[4] /home/travis/build/icyphy/ptII/ptolemy/domains/de/test/auto/CausalityAndComposabilityAnalysis.xml (RunModel)" time="0.009" />
  <testcase classname="ptolemy.util.test.junit.AutoTests" name="[5] /home/travis/build/icyphy/ptII/ptolemy/domains/de/test/auto/CausalityInterface1.xml (RunModel)" time="0.008" />
  <testcase classname="ptolemy.util.test.junit.AutoTests" name="[6] /home/travis/build/icyphy/ptII/ptolemy/domains/de/test/auto/CausalityInterface15.xml (RunModel)" time="0.009" />
  <testcase classname="ptolemy.util.test.junit.AutoTests" name="[7] /home/travis/build/icyphy/ptII/ptolemy/domains/de/test/auto/CausalityInterface2.xml (RunModel)" time="0.007" />
  <testcase classname="ptolemy.util.test.junit.AutoTests" name="[8] /home/travis/build/icyphy/ptII/ptolemy/domains/de/test/auto/CausalityInterface3.xml (RunModel)" time="0.007" />
  <testcase classname="ptolemy.util.test.junit.AutoTests" name="[9] /home/travis/build/icyphy/ptII/ptolemy/domains/de/test/auto/ClockDrift.xml (RunModel)" time="0.022" />
  <testcase classname="ptolemy.util.test.junit.AutoTests" name="[10] /home/travis/build/icyphy/ptII/ptolemy/domains/de/test/auto/ClockDriftAndValueChange.xml (RunModel)" time="0.021" />
  <testcase classname="ptolemy.util.test.junit.AutoTests" name="[11] /home/travis/build/icyphy/ptII/ptolemy/domains/de/test/auto/ClockDriftChange.xml (RunModel)" time="0.017" />
  <testcase classname="ptolemy.util.test.junit.AutoTests" name="[12] /home/travis/build/icyphy/ptII/ptolemy/domains/de/test/auto/ComposableCausalityAnalysis.xml (RunModel)" time="0.013" />
  <testcase classname="ptolemy.util.test.junit.AutoTests" name="[13] /home/travis/build/icyphy/ptII/ptolemy/domains/de/test/auto/DEFixedPointLimitation.xml (RunModel)" time="0.006" />
  <testcase classname="ptolemy.util.test.junit.AutoTests" name="[14] /home/travis/build/icyphy/ptII/ptolemy/domains/de/test/auto/DEScheduleTest.xml (RunModel)" time="0.007" />
  <testcase classname="ptolemy.util.test.junit.AutoTests" name="[15] /home/travis/build/icyphy/ptII/ptolemy/domains/de/test/auto/DEinDEwithStartTimes.xml (RunModel)" time="0.009" />
  <testcase classname="ptolemy.util.test.junit.AutoTests" name="[16] /home/travis/build/icyphy/ptII/ptolemy/domains/de/test/auto/DEinDEwithStartTimes2.xml (RunModel)" time="0.009" />
  <testcase classname="ptolemy.util.test.junit.AutoTests" name="[17] /home/travis/build/icyphy/ptII/ptolemy/domains/de/test/auto/DateDemo.xml (RunModel)" time="0.018" />
  <testcase classname="ptolemy.util.test.junit.AutoTests" name="[18] /home/travis/build/icyphy/ptII/ptolemy/domains/de/test/auto/DateToEvent.xml (RunModel)" time="2.029" />
  <testcase classname="ptolemy.util.test.junit.AutoTests" name="[19] /home/travis/build/icyphy/ptII/ptolemy/domains/de/test/auto/DepthTest1.xml (RunModel)" time="0.005" />
  <testcase classname="ptolemy.util.test.junit.AutoTests" name="[20] /home/travis/build/icyphy/ptII/ptolemy/domains/de/test/auto/DepthTest2.xml (RunModel)" time="0.01" />
  <testcase classname="ptolemy.util.test.junit.AutoTests" name="[21] /home/travis/build/icyphy/ptII/ptolemy/domains/de/test/auto/DepthTest3.xml (RunModel)" time="0.005" />
  <testcase classname="ptolemy.util.test.junit.AutoTests" name="[22] /home/travis/build/icyphy/ptII/ptolemy/domains/de/test/auto/DepthTest4.xml (RunModel)" time="0.007" />
  <testcase classname="ptolemy.util.test.junit.AutoTests" name="[23] /home/travis/build/icyphy/ptII/ptolemy/domains/de/test/auto/DepthTest5.xml (RunModel)" time="0.008" />
  <testcase classname="ptolemy.util.test.junit.AutoTests" name="[24] /home/travis/build/icyphy/ptII/ptolemy/domains/de/test/auto/DepthTest6.xml (RunModel)" time="0.007" />
  <testcase classname="ptolemy.util.test.junit.AutoTests" name="[25] /home/travis/build/icyphy/ptII/ptolemy/domains/de/test/auto/DepthTest7.xml (RunModel)" time="0.007" />
  <testcase classname="ptolemy.util.test.junit.AutoTests" name="[26] /home/travis/build/icyphy/ptII/ptolemy/domains/de/test/auto/EventToDate.xml (RunModel)" time="3.02" />
  <testcase classname="ptolemy.util.test.junit.AutoTests" name="[27] /home/travis/build/icyphy/ptII/ptolemy/domains/de/test/auto/FSM1.xml (RunModel)" time="0.026" />
  <testcase classname="ptolemy.util.test.junit.AutoTests" name="[28] /home/travis/build/icyphy/ptII/ptolemy/domains/de/test/auto/FSM7.xml (RunModel)" time="0.028" />
  <testcase classname="ptolemy.util.test.junit.AutoTests" name="[29] /home/travis/build/icyphy/ptII/ptolemy/domains/de/test/auto/Inspection.xml (RunModel)" time="0.03" />
  <testcase classname="ptolemy.util.test.junit.AutoTests" name="[30] /home/travis/build/icyphy/ptII/ptolemy/domains/de/test/auto/Iteration.xml (RunModel)" time="0.018" />
  <testcase classname="ptolemy.util.test.junit.AutoTests" name="[31] /home/travis/build/icyphy/ptII/ptolemy/domains/de/test/auto/LineFault.xml (RunModel)" time="0.409" />
  <testcase classname="ptolemy.util.test.junit.AutoTests" name="[32] /home/travis/build/icyphy/ptII/ptolemy/domains/de/test/auto/MergeModel1Add.xml (RunModel)" time="0.028" />
  <testcase classname="ptolemy.util.test.junit.AutoTests" name="[33] /home/travis/build/icyphy/ptII/ptolemy/domains/de/test/auto/MergeModel2Add.xml (RunModel)" time="0.032" />
  <testcase classname="ptolemy.util.test.junit.AutoTests" name="[34] /home/travis/build/icyphy/ptII/ptolemy/domains/de/test/auto/MergeModel3Add.xml (RunModel)" time="0.031" />
  <testcase classname="ptolemy.util.test.junit.AutoTests" name="[35] /home/travis/build/icyphy/ptII/ptolemy/domains/de/test/auto/MergeWithoutDiscard.xml (RunModel)" time="0.008" />
  <testcase classname="ptolemy.util.test.junit.AutoTests" name="[36] /home/travis/build/icyphy/ptII/ptolemy/domains/de/test/auto/Modal1.xml (RunModel)" time="0.025" />
  <testcase classname="ptolemy.util.test.junit.AutoTests" name="[37] /home/travis/build/icyphy/ptII/ptolemy/domains/de/test/auto/Modal2.xml (RunModel)" time="0.021" />
  <testcase classname="ptolemy.util.test.junit.AutoTests" name="[38] /home/travis/build/icyphy/ptII/ptolemy/domains/de/test/auto/Modal3.xml (RunModel)" time="0.02" />
  <testcase classname="ptolemy.util.test.junit.AutoTests" name="[39] /home/travis/build/icyphy/ptII/ptolemy/domains/de/test/auto/Modal4.xml (RunModel)" time="0.022" />
  <testcase classname="ptolemy.util.test.junit.AutoTests" name="[40] /home/travis/build/icyphy/ptII/ptolemy/domains/de/test/auto/Modal5.xml (RunModel)" time="0.022" />
  <testcase classname="ptolemy.util.test.junit.AutoTests" name="[41] /home/travis/build/icyphy/ptII/ptolemy/domains/de/test/auto/Modal6.xml (RunModel)" time="0.027" />
  <testcase classname="ptolemy.util.test.junit.AutoTests" name="[42] /home/travis/build/icyphy/ptII/ptolemy/domains/de/test/auto/Modal7.xml (RunModel)" time="0.024" />
  <testcase classname="ptolemy.util.test.junit.AutoTests" name="[43] /home/travis/build/icyphy/ptII/ptolemy/domains/de/test/auto/ModalModel.xml (RunModel)" time="0.129" />
  <testcase classname="ptolemy.util.test.junit.AutoTests" name="[44] /home/travis/build/icyphy/ptII/ptolemy/domains/de/test/auto/ModalSource.xml (RunModel)" time="0.013" />
  <testcase classname="ptolemy.util.test.junit.AutoTests" name="[45] /home/travis/build/icyphy/ptII/ptolemy/domains/de/test/auto/NonInterruptibleTimerZeroDelay.xml (RunModel)" time="0.008" />
  <testcase classname="ptolemy.util.test.junit.AutoTests" name="[46] /home/travis/build/icyphy/ptII/ptolemy/domains/de/test/auto/OpenQueueingNetwork.xml (RunModel)" time="1.702" />
  <testcase classname="ptolemy.util.test.junit.AutoTests" name="[47] /home/travis/build/icyphy/ptII/ptolemy/domains/de/test/auto/OpenQueuingNetwork.xml (RunModel)" time="0.249" />
  <testcase classname="ptolemy.util.test.junit.AutoTests" name="[48] /home/travis/build/icyphy/ptII/ptolemy/domains/de/test/auto/PeriodicSampler.xml (RunModel)" time="0.008" />
  <testcase classname="ptolemy.util.test.junit.AutoTests" name="[49] /home/travis/build/icyphy/ptII/ptolemy/domains/de/test/auto/PersistentIO.xml (RunModel)" time="0.024" />
  <testcase classname="ptolemy.util.test.junit.AutoTests" name="[50] /home/travis/build/icyphy/ptII/ptolemy/domains/de/test/auto/PortParameterResetOnInitialize.xml (RunModel)" time="0.009" />
  <testcase classname="ptolemy.util.test.junit.AutoTests" name="[51] /home/travis/build/icyphy/ptII/ptolemy/domains/de/test/auto/PortParameterUpdates.xml (RunModel)" time="0.014" />
  <testcase classname="ptolemy.util.test.junit.AutoTests" name="[52] /home/travis/build/icyphy/ptII/ptolemy/domains/de/test/auto/QueueAndServer.xml (RunModel)" time="0.018" />
  <testcase classname="ptolemy.util.test.junit.AutoTests" name="[53] /home/travis/build/icyphy/ptII/ptolemy/domains/de/test/auto/Records.xml (RunModel)" time="0.012" />
  <testcase classname="ptolemy.util.test.junit.AutoTests" name="[54] /home/travis/build/icyphy/ptII/ptolemy/domains/de/test/auto/ResetTransitionWithStartTime1.xml (RunModel)" time="0.018" />
  <testcase classname="ptolemy.util.test.junit.AutoTests" name="[55] /home/travis/build/icyphy/ptII/ptolemy/domains/de/test/auto/ResetTransitionWithStartTime2.xml (RunModel)" time="0.018" />
  <testcase classname="ptolemy.util.test.junit.AutoTests" name="[56] /home/travis/build/icyphy/ptII/ptolemy/domains/de/test/auto/ResetTransitionWithStartTime3.xml (RunModel)" time="0.025" />
  <testcase classname="ptolemy.util.test.junit.AutoTests" name="[57] /home/travis/build/icyphy/ptII/ptolemy/domains/de/test/auto/ResetTransitionWithStartTime4.xml (RunModel)" time="0.019" />
  <testcase classname="ptolemy.util.test.junit.AutoTests" name="[58] /home/travis/build/icyphy/ptII/ptolemy/domains/de/test/auto/ResettableTimer1.xml (RunModel)" time="0.011" />
  <testcase classname="ptolemy.util.test.junit.AutoTests" name="[59] /home/travis/build/icyphy/ptII/ptolemy/domains/de/test/auto/ResettableTimer2.xml (RunModel)" time="0.01" />
  <testcase classname="ptolemy.util.test.junit.AutoTests" name="[60] /home/travis/build/icyphy/ptII/ptolemy/domains/de/test/auto/ResettableTimer3.xml (RunModel)" time="0.01" />
  <testcase classname="ptolemy.util.test.junit.AutoTests" name="[61] /home/travis/build/icyphy/ptII/ptolemy/domains/de/test/auto/ResettableTimer4.xml (RunModel)" time="0.014" />
  <testcase classname="ptolemy.util.test.junit.AutoTests" name="[62] /home/travis/build/icyphy/ptII/ptolemy/domains/de/test/auto/ResettableTimer5.xml (RunModel)" time="0.009" />
  <testcase classname="ptolemy.util.test.junit.AutoTests" name="[63] /home/travis/build/icyphy/ptII/ptolemy/domains/de/test/auto/ResettableTimer6.xml (RunModel)" time="0.02" />
  <testcase classname="ptolemy.util.test.junit.AutoTests" name="[64] /home/travis/build/icyphy/ptII/ptolemy/domains/de/test/auto/ServerZeroDelay.xml (RunModel)" time="0.012" />
  <testcase classname="ptolemy.util.test.junit.AutoTests" name="[65] /home/travis/build/icyphy/ptII/ptolemy/domains/de/test/auto/SmartSender.xml (RunModel)" time="3.008" />
  <testcase classname="ptolemy.util.test.junit.AutoTests" name="[66] /home/travis/build/icyphy/ptII/ptolemy/domains/de/test/auto/ThreadedComposite.xml (RunModel)" time="0.139" />
  <testcase classname="ptolemy.util.test.junit.AutoTests" name="[67] /home/travis/build/icyphy/ptII/ptolemy/domains/de/test/auto/Time.xml (RunModel)" time="0.444" />
  <testcase classname="ptolemy.util.test.junit.AutoTests" name="[68] /home/travis/build/icyphy/ptII/ptolemy/domains/de/test/auto/TimeDelayZeroDelay.xml (RunModel)" time="0.013" />
  <testcase classname="ptolemy.util.test.junit.AutoTests" name="[69] /home/travis/build/icyphy/ptII/ptolemy/domains/de/test/auto/TimerZeroDelay.xml (RunModel)" time="0.009" />
  <testcase classname="ptolemy.util.test.junit.AutoTests" name="[70] /home/travis/build/icyphy/ptII/ptolemy/domains/de/test/auto/TimingParadox.xml (RunModel)" time="0.374" />
  <testcase classname="ptolemy.util.test.junit.AutoTests" name="[71] /home/travis/build/icyphy/ptII/ptolemy/domains/de/test/auto/TransferInputs.xml (RunModel)" time="0.014" />
  <testcase classname="ptolemy.util.test.junit.AutoTests" name="[72] /home/travis/build/icyphy/ptII/ptolemy/domains/de/test/auto/TransferOutputs2.xml (RunModel)" time="0.015" />
  <testcase classname="ptolemy.util.test.junit.AutoTests" name="[73] /home/travis/build/icyphy/ptII/ptolemy/domains/de/test/auto/Trilateration.xml (RunModel)" time="11.194" />
  <testcase classname="ptolemy.util.test.junit.AutoTests" name="[74] /home/travis/build/icyphy/ptII/ptolemy/domains/de/test/auto/TwoSigmaDelta.xml (RunModel)" time="2.2" />
  <testcase classname="ptolemy.util.test.junit.AutoTests" name="[75] /home/travis/build/icyphy/ptII/ptolemy/domains/de/test/auto/VariableDelay.xml (RunModel)" time="0.009" />
  <testcase classname="ptolemy.util.test.junit.AutoTests" name="[76] /home/travis/build/icyphy/ptII/ptolemy/domains/de/test/auto/VariableDelay2.xml (RunModel)" time="0.007" />
  <testcase classname="ptolemy.util.test.junit.AutoTests" name="[77] /home/travis/build/icyphy/ptII/ptolemy/domains/de/test/auto/VariableDelayZeroDelay.xml (RunModel)" time="0.009" />
  <testcase classname="ptolemy.util.test.junit.AutoTests" name="[78] /home/travis/build/icyphy/ptII/ptolemy/domains/de/test/auto/VariableDelayZeroDelay2.xml (RunModel)" time="0.01" />
  <testcase classname="ptolemy.util.test.junit.AutoTests" name="[79] /home/travis/build/icyphy/ptII/ptolemy/domains/de/test/auto/deInCt.xml (RunModel)" time="0.014" />
  <testcase classname="ptolemy.util.test.junit.AutoTests" name="[80] /home/travis/build/icyphy/ptII/ptolemy/domains/de/test/auto/deInCt2.xml (RunModel)" time="0.013" />
  <testcase classname="ptolemy.util.test.junit.AutoTests" name="[81] /home/travis/build/icyphy/ptII/ptolemy/domains/de/test/auto/dynamicCausalityInterface1.xml (RunModel)" time="0.017" />
  <testcase classname="ptolemy.util.test.junit.AutoTests" name="[82] /home/travis/build/icyphy/ptII/ptolemy/domains/de/test/auto/fsm_de_test.xml (RunModel)" time="0.021" />
  <testcase classname="ptolemy.util.test.junit.AutoTests" name="[83] /home/travis/build/icyphy/ptII/ptolemy/domains/de/test/auto/functionDependencyReconstruction.xml (RunModel)" time="0.039" />
  <testcase classname="ptolemy.util.test.junit.AutoTests" name="[84] /home/travis/build/icyphy/ptII/ptolemy/domains/de/test/auto/multirate.xml (RunModel)" time="0.016" />
  <testcase classname="ptolemy.util.test.junit.AutoTests" name="[85] /home/travis/build/icyphy/ptII/ptolemy/domains/de/test/auto/multirate2.xml (RunModel)" time="0.014" />
  <testcase classname="ptolemy.util.test.junit.AutoTests" name="[86] /home/travis/build/icyphy/ptII/ptolemy/domains/de/test/auto/realtime.xml (RunModel)" time="10.01" />
  <testcase classname="ptolemy.util.test.junit.AutoTests" name="[87] /home/travis/build/icyphy/ptII/ptolemy/domains/de/test/auto/relationGroup.xml (RunModel)" time="0.008" />
  <testcase classname="ptolemy.util.test.junit.AutoTests" name="[88] /home/travis/build/icyphy/ptII/ptolemy/domains/de/test/auto/relationGroup2.xml (RunModel)" time="0.007" />
  <testcase classname="ptolemy.util.test.junit.AutoTests" name="[89] /home/travis/build/icyphy/ptII/ptolemy/domains/de/test/auto/sortWithOpaquePorts.xml (RunModel)" time="0.008" />
  <testcase classname="ptolemy.util.test.junit.AutoTests" name="[90] /home/travis/build/icyphy/ptII/ptolemy/domains/de/test/auto/transferInputsandOutputs.xml (RunModel)" time="0.009" />
  <testcase classname="ptolemy.util.test.junit.AutoTests" name="[91] /home/travis/build/icyphy/ptII/ptolemy/domains/de/test/auto/triggerType.xml (RunModel)" time="0.009" />
  <system-out><![CDATA[/home/travis/build/icyphy/ptII/ptolemy/domains/de/test/DependencyLoop.tcl
testDefs.tcl: setting time out to 9000 seconds at Sat Jun 09 20:05:25 UTC 2018
14 ms. Memory: 116224K Free: 95036K (82%)
9 ms. Memory: 146944K Free: 137442K (94%)
/home/travis/build/icyphy/ptII/ptolemy/domains/de/test/RunDETestsAsQSS.tcl
Run the DE tests using ptolemy.domains.qss.test.QSSDirectorTest, which extends QSSDirector and prints a message in the constructors.
------------------ testing $PTII/ptolemy/domains/de/test/auto/knownFailedTests/dependencyLoop.xml (Known Failure) 
12 ms. Memory: 146944K Free: 133165K (91%)


==== $PTIIhome/travis/build/icyphy/ptII/ptolemy/domains/de/test/../../../../: Auto Automatic test in file $PTII/ptolemy/domains/de/test/auto/knownFailedTests/dependencyLoop.xml
==== Contents of test case:

	    # FIXME: we should use $relativeFilename here, but it
	    # might have backslashes under Windows, which causes no end
	    # of trouble.
	    createAndExecute $file
	    list {}
	
.... Test generated KNOWN error:
    while executing
ptolemy.kernel.util.IllegalActionException: Found a zero delay loop containing .dependencyLoop.original
  in .dependencyLoop and .dependencyLoop.original
	at ptolemy.actor.util.CausalityInterfaceForComposites._computeOutputPortDepth(CausalityInterfaceForComposites.java:759)
	at ptolemy.actor.util.CausalityInterfaceForComposites._computeInputDepth(CausalityInterfaceForComposites.java:696)
	at ptolemy.actor.util.CausalityInterfaceForComposites._computeOutputPortDepth(CausalityInterfaceForComposites.java:765)
	at ptolemy.actor.util.CausalityInterfaceForComposites._computeInputDepth(CausalityInterfaceForComposites.java:696)
	at ptolemy.actor.util.CausalityInterfaceForComposites._computeOutputPortDepth(CausalityInterfaceForComposites.java:765)
	at ptolemy.actor.util.CausalityInterfaceForComposites._computeInputDepth(CausalityInterfaceForComposites.java:696)
	at ptolemy.actor.util.CausalityInterfaceForComposites._computeActorDepth(CausalityInterfaceForComposites.java:532)
	at ptolemy.actor.util.CausalityInterfaceForComposites.checkForCycles(CausalityInterfaceForComposites.java:96)
	at ptolemy.domains.de.kernel.DEDirector.preinitialize(DEDirector.java:1338)
	at ptolemy.actor.CompositeActor.preinitialize(CompositeActor.java:1828)
	at ptolemy.actor.Manager.preinitializeAndResolveTypes(Manager.java:1040)
	at ptolemy.actor.Manager.initialize(Manager.java:710)
	at ptolemy.actor.Manager.execute(Manager.java:356)
	at ptolemy.actor.Manager.run(Manager.java:1263)
	at ptolemy.actor.Manager$PtolemyRunThread.run(Manager.java:1915)

    while executing
ptolemy.kernel.util.IllegalActionException: Found a zero delay loop containing .dependencyLoop.original
  in .dependencyLoop and .dependencyLoop.original
    while executing
"java::new ptolemy.moml.MoMLSimpleApplication $file
"
    (procedure "createAndExecute" line 2)
    invoked from within
"createAndExecute $file"
    ("uplevel" body line 5)
    invoked from within
"uplevel $contents_of_test"
------------------ testing $PTII/ptolemy/domains/de/test/auto/knownFailedTests/DESDFClockTest.xml (Known Failure) 
2083 ms. Memory: 146944K Free: 117689K (80%)


==== $PTIIhome/travis/build/icyphy/ptII/ptolemy/domains/de/test/../../../../: Auto Automatic test in file $PTII/ptolemy/domains/de/test/auto/knownFailedTests/DESDFClockTest.xml
==== Contents of test case:

	    # FIXME: we should use $relativeFilename here, but it
	    # might have backslashes under Windows, which causes no end
	    # of trouble.
	    createAndExecute $file
	    list {}
	
.... Test generated KNOWN error:
    while executing
ptolemy.kernel.util.IllegalActionException: Actor is not ready to fire.  Perhaps UpSample.prefire() returned false? Try debugging the actor by selecting "Listen to Actor".  Also, for SDF check moml for tokenConsumptionRate on input.
  in .DESDFClockTest.Play Bell.Copy1:SDF Director and .DESDFClockTest.Play Bell.UpSample
	at ptolemy.actor.sched.StaticSchedulingDirector.fire(StaticSchedulingDirector.java:227)
	at ptolemy.domains.sdf.kernel.SDFDirector.fire(SDFDirector.java:500)
	at ptolemy.actor.CompositeActor.fire(CompositeActor.java:455)
	at ptolemy.domains.de.kernel.DEDirector._fire(DEDirector.java:1949)
	at ptolemy.domains.de.kernel.DEDirector.fire(DEDirector.java:502)
	at ptolemy.actor.CompositeActor.fire(CompositeActor.java:455)
	at ptolemy.actor.Manager.iterate(Manager.java:851)
	at ptolemy.actor.Manager.execute(Manager.java:369)
	at ptolemy.actor.Manager.run(Manager.java:1263)
	at ptolemy.actor.Manager$PtolemyRunThread.run(Manager.java:1915)

    while executing
ptolemy.kernel.util.IllegalActionException: Actor is not ready to fire.  Perhaps UpSample.prefire() returned false? Try debugging the actor by selecting "Listen to Actor".  Also, for SDF check moml for tokenConsumptionRate on input.
  in .DESDFClockTest.Play Bell.Copy1:SDF Director and .DESDFClockTest.Play Bell.UpSample
    while executing
"java::new ptolemy.moml.MoMLSimpleApplication $file
"
    (procedure "createAndExecute" line 2)
    invoked from within
"createAndExecute $file"
    ("uplevel" body line 5)
    invoked from within
"uplevel $contents_of_test"
------------------ testing $PTII/ptolemy/domains/de/test/auto/knownFailedTests/FSMSource.xml (Known Failure) 
57 ms. Memory: 146944K Free: 108173K (74%)
!!!! Auto was marked as failing, but now passes
------------------ testing $PTII/ptolemy/domains/de/test/auto/knownFailedTests/dependencyLoop2.xml (Known Failure) 
13 ms. Memory: 146944K Free: 106314K (72%)


==== $PTIIhome/travis/build/icyphy/ptII/ptolemy/domains/de/test/../../../../: Auto Automatic test in file $PTII/ptolemy/domains/de/test/auto/knownFailedTests/dependencyLoop2.xml
==== Contents of test case:

	    # FIXME: we should use $relativeFilename here, but it
	    # might have backslashes under Windows, which causes no end
	    # of trouble.
	    createAndExecute $file
	    list {}
	
.... Test generated KNOWN error:
    while executing
ptolemy.kernel.util.IllegalActionException: Found a zero delay loop containing .dependencyLoop2.original
  in .dependencyLoop2 and .dependencyLoop2.original
	at ptolemy.actor.util.CausalityInterfaceForComposites._computeOutputPortDepth(CausalityInterfaceForComposites.java:759)
	at ptolemy.actor.util.CausalityInterfaceForComposites._computeInputDepth(CausalityInterfaceForComposites.java:696)
	at ptolemy.actor.util.CausalityInterfaceForComposites._computeOutputPortDepth(CausalityInterfaceForComposites.java:765)
	at ptolemy.actor.util.CausalityInterfaceForComposites._computeInputDepth(CausalityInterfaceForComposites.java:696)
	at ptolemy.actor.util.CausalityInterfaceForComposites._computeOutputPortDepth(CausalityInterfaceForComposites.java:765)
	at ptolemy.actor.util.CausalityInterfaceForComposites._computeInputDepth(CausalityInterfaceForComposites.java:696)
	at ptolemy.actor.util.CausalityInterfaceForComposites._computeActorDepth(CausalityInterfaceForComposites.java:532)
	at ptolemy.actor.util.CausalityInterfaceForComposites.checkForCycles(CausalityInterfaceForComposites.java:96)
	at ptolemy.domains.de.kernel.DEDirector.preinitialize(DEDirector.java:1338)
	at ptolemy.actor.CompositeActor.preinitialize(CompositeActor.java:1828)
	at ptolemy.actor.Manager.preinitializeAndResolveTypes(Manager.java:1040)
	at ptolemy.actor.Manager.initialize(Manager.java:710)
	at ptolemy.actor.Manager.execute(Manager.java:356)
	at ptolemy.actor.Manager.run(Manager.java:1263)
	at ptolemy.actor.Manager$PtolemyRunThread.run(Manager.java:1915)

    while executing
ptolemy.kernel.util.IllegalActionException: Found a zero delay loop containing .dependencyLoop2.original
  in .dependencyLoop2 and .dependencyLoop2.original
    while executing
"java::new ptolemy.moml.MoMLSimpleApplication $file
"
    (procedure "createAndExecute" line 2)
    invoked from within
"createAndExecute $file"
    ("uplevel" body line 5)
    invoked from within
"uplevel $contents_of_test"
------------------ testing $PTII/ptolemy/domains/de/test/auto/knownFailedTests/HierarchicalModel.xml (Known Failure) 
4 ms. Memory: 146944K Free: 85785K (58%)


==== $PTIIhome/travis/build/icyphy/ptII/ptolemy/domains/de/test/../../../../: Auto Automatic test in file $PTII/ptolemy/domains/de/test/auto/knownFailedTests/HierarchicalModel.xml
==== Contents of test case:

	    # FIXME: we should use $relativeFilename here, but it
	    # might have backslashes under Windows, which causes no end
	    # of trouble.
	    createAndExecute $file
	    list {}
	
.... Test generated KNOWN error:
    while executing
ptolemy.kernel.util.IllegalActionException: Found a zero delay loop containing .HierarchicalModel.A
  in .HierarchicalModel and .HierarchicalModel.A
	at ptolemy.actor.util.CausalityInterfaceForComposites._computeOutputPortDepth(CausalityInterfaceForComposites.java:759)
	at ptolemy.actor.util.CausalityInterfaceForComposites._computeInputDepth(CausalityInterfaceForComposites.java:696)
	at ptolemy.actor.util.CausalityInterfaceForComposites._computeOutputPortDepth(CausalityInterfaceForComposites.java:765)
	at ptolemy.actor.util.CausalityInterfaceForComposites._computeInputDepth(CausalityInterfaceForComposites.java:696)
	at ptolemy.actor.util.CausalityInterfaceForComposites._computeOutputPortDepth(CausalityInterfaceForComposites.java:765)
	at ptolemy.actor.util.CausalityInterfaceForComposites._computeInputDepth(CausalityInterfaceForComposites.java:696)
	at ptolemy.actor.util.CausalityInterfaceForComposites._computeActorDepth(CausalityInterfaceForComposites.java:532)
	at ptolemy.actor.util.CausalityInterfaceForComposites.checkForCycles(CausalityInterfaceForComposites.java:96)
	at ptolemy.domains.de.kernel.DEDirector.preinitialize(DEDirector.java:1338)
	at ptolemy.actor.CompositeActor.preinitialize(CompositeActor.java:1828)
	at ptolemy.actor.Manager.preinitializeAndResolveTypes(Manager.java:1040)
	at ptolemy.actor.Manager.initialize(Manager.java:710)
	at ptolemy.actor.Manager.execute(Manager.java:356)
	at ptolemy.actor.Manager.run(Manager.java:1263)
	at ptolemy.actor.Manager$PtolemyRunThread.run(Manager.java:1915)

    while executing
ptolemy.kernel.util.IllegalActionException: Found a zero delay loop containing .HierarchicalModel.A
  in .HierarchicalModel and .HierarchicalModel.A
    while executing
"java::new ptolemy.moml.MoMLSimpleApplication $file
"
    (procedure "createAndExecute" line 2)
    invoked from within
"createAndExecute $file"
    ("uplevel" body line 5)
    invoked from within
"uplevel $contents_of_test"
------------------ testing $PTII/ptolemy/domains/de/test/auto/knownFailedTests/DirectFeedback.xml (Known Failure) 
16 ms. Memory: 146944K Free: 142553K (97%)


==== $PTIIhome/travis/build/icyphy/ptII/ptolemy/domains/de/test/../../../../: Auto Automatic test in file $PTII/ptolemy/domains/de/test/auto/knownFailedTests/DirectFeedback.xml
==== Contents of test case:

	    # FIXME: we should use $relativeFilename here, but it
	    # might have backslashes under Windows, which causes no end
	    # of trouble.
	    createAndExecute $file
	    list {}
	
.... Test generated KNOWN error:
    while executing
ptolemy.kernel.util.IllegalActionException: Test fails in iteration 1.
Value was: 1.0. Should have been: 2.0
  in .DirectFeedback.Test
	at ptolemy.actor.lib.Test.fire(Test.java:268)
	at ptolemy.domains.de.kernel.DEDirector._fire(DEDirector.java:1949)
	at ptolemy.domains.de.kernel.DEDirector.fire(DEDirector.java:502)
	at ptolemy.actor.CompositeActor.fire(CompositeActor.java:455)
	at ptolemy.actor.Manager.iterate(Manager.java:851)
	at ptolemy.actor.Manager.execute(Manager.java:369)
	at ptolemy.actor.Manager.run(Manager.java:1263)
	at ptolemy.actor.Manager$PtolemyRunThread.run(Manager.java:1915)

    while executing
ptolemy.kernel.util.IllegalActionException: Test fails in iteration 1.
Value was: 1.0. Should have been: 2.0
  in .DirectFeedback.Test
    while executing
"java::new ptolemy.moml.MoMLSimpleApplication $file
"
    (procedure "createAndExecute" line 2)
    invoked from within
"createAndExecute $file"
    ("uplevel" body line 5)
    invoked from within
"uplevel $contents_of_test"
------------------ testing $PTII/ptolemy/domains/de/test/auto/ActorDepthCalculation_actorWithoutPorts.xml
auto.tcl: Setting watchdog for 200 seconds at Sat Jun 09 20:05:28 UTC 2018
5 ms. Memory: 146944K Free: 133576K (91%)
ptolemy.util.test.WatchDog.cancel(): canceling Sat Jun 09 20:05:28 UTC 2018
auto.tcl: Setting watchdog for 200 seconds at Sat Jun 09 20:05:28 UTC 2018
6 ms. Memory: 146944K Free: 132536K (90%)
ptolemy.util.test.WatchDog.cancel(): canceling Sat Jun 09 20:05:28 UTC 2018
------------------ testing $PTII/ptolemy/domains/de/test/auto/AssemblyLine.xml
auto.tcl: Setting watchdog for 200 seconds at Sat Jun 09 20:05:29 UTC 2018
23 ms. Memory: 208384K Free: 182837K (88%)
ptolemy.util.test.WatchDog.cancel(): canceling Sat Jun 09 20:05:29 UTC 2018
auto.tcl: Setting watchdog for 200 seconds at Sat Jun 09 20:05:29 UTC 2018
10 ms. Memory: 208384K Free: 182837K (88%)
ptolemy.util.test.WatchDog.cancel(): canceling Sat Jun 09 20:05:29 UTC 2018
------------------ testing $PTII/ptolemy/domains/de/test/auto/CQBug1.xml
auto.tcl: Setting watchdog for 200 seconds at Sat Jun 09 20:05:29 UTC 2018
4 ms. Memory: 208384K Free: 197713K (95%)
ptolemy.util.test.WatchDog.cancel(): canceling Sat Jun 09 20:05:29 UTC 2018
auto.tcl: Setting watchdog for 200 seconds at Sat Jun 09 20:05:29 UTC 2018
2 ms. Memory: 208384K Free: 197713K (95%)
ptolemy.util.test.WatchDog.cancel(): canceling Sat Jun 09 20:05:29 UTC 2018
------------------ testing $PTII/ptolemy/domains/de/test/auto/CancelFireAt.xml
auto.tcl: Setting watchdog for 200 seconds at Sat Jun 09 20:05:29 UTC 2018
3 ms. Memory: 208384K Free: 201435K (97%)
ptolemy.util.test.WatchDog.cancel(): canceling Sat Jun 09 20:05:29 UTC 2018
auto.tcl: Setting watchdog for 200 seconds at Sat Jun 09 20:05:29 UTC 2018
3 ms. Memory: 208384K Free: 199333K (96%)
ptolemy.util.test.WatchDog.cancel(): canceling Sat Jun 09 20:05:29 UTC 2018
------------------ testing $PTII/ptolemy/domains/de/test/auto/CausalityAndComposabilityAnalysis.xml
auto.tcl: Setting watchdog for 200 seconds at Sat Jun 09 20:05:29 UTC 2018
10 ms. Memory: 208384K Free: 196493K (94%)
ptolemy.util.test.WatchDog.cancel(): canceling Sat Jun 09 20:05:29 UTC 2018
auto.tcl: Setting watchdog for 200 seconds at Sat Jun 09 20:05:29 UTC 2018
6 ms. Memory: 208384K Free: 196493K (94%)
ptolemy.util.test.WatchDog.cancel(): canceling Sat Jun 09 20:05:29 UTC 2018
------------------ testing $PTII/ptolemy/domains/de/test/auto/CausalityInterface1.xml
auto.tcl: Setting watchdog for 200 seconds at Sat Jun 09 20:05:29 UTC 2018
22 ms. Memory: 208384K Free: 196430K (94%)
ptolemy.util.test.WatchDog.cancel(): canceling Sat Jun 09 20:05:30 UTC 2018
auto.tcl: Setting watchdog for 200 seconds at Sat Jun 09 20:05:30 UTC 2018
4 ms. Memory: 208384K Free: 196430K (94%)
ptolemy.util.test.WatchDog.cancel(): canceling Sat Jun 09 20:05:30 UTC 2018
------------------ testing $PTII/ptolemy/domains/de/test/auto/CausalityInterface15.xml
auto.tcl: Setting watchdog for 200 seconds at Sat Jun 09 20:05:30 UTC 2018
8 ms. Memory: 208384K Free: 196421K (94%)
ptolemy.util.test.WatchDog.cancel(): canceling Sat Jun 09 20:05:30 UTC 2018
auto.tcl: Setting watchdog for 200 seconds at Sat Jun 09 20:05:30 UTC 2018
4 ms. Memory: 208384K Free: 196421K (94%)
ptolemy.util.test.WatchDog.cancel(): canceling Sat Jun 09 20:05:30 UTC 2018
------------------ testing $PTII/ptolemy/domains/de/test/auto/CausalityInterface2.xml
auto.tcl: Setting watchdog for 200 seconds at Sat Jun 09 20:05:30 UTC 2018
7 ms. Memory: 208384K Free: 196404K (94%)
ptolemy.util.test.WatchDog.cancel(): canceling Sat Jun 09 20:05:30 UTC 2018
auto.tcl: Setting watchdog for 200 seconds at Sat Jun 09 20:05:30 UTC 2018
3 ms. Memory: 208384K Free: 196404K (94%)
ptolemy.util.test.WatchDog.cancel(): canceling Sat Jun 09 20:05:30 UTC 2018
------------------ testing $PTII/ptolemy/domains/de/test/auto/CausalityInterface3.xml
auto.tcl: Setting watchdog for 200 seconds at Sat Jun 09 20:05:30 UTC 2018
7 ms. Memory: 208384K Free: 196412K (94%)
ptolemy.util.test.WatchDog.cancel(): canceling Sat Jun 09 20:05:30 UTC 2018
auto.tcl: Setting watchdog for 200 seconds at Sat Jun 09 20:05:30 UTC 2018
8 ms. Memory: 208384K Free: 196412K (94%)
ptolemy.util.test.WatchDog.cancel(): canceling Sat Jun 09 20:05:30 UTC 2018
------------------ testing $PTII/ptolemy/domains/de/test/auto/ClockDrift.xml
auto.tcl: Setting watchdog for 200 seconds at Sat Jun 09 20:05:30 UTC 2018
101 ms. Memory: 208384K Free: 187640K (90%)
ptolemy.util.test.WatchDog.cancel(): canceling Sat Jun 09 20:05:30 UTC 2018
auto.tcl: Setting watchdog for 200 seconds at Sat Jun 09 20:05:30 UTC 2018
49 ms. Memory: 208384K Free: 185538K (89%)
ptolemy.util.test.WatchDog.cancel(): canceling Sat Jun 09 20:05:30 UTC 2018
------------------ testing $PTII/ptolemy/domains/de/test/auto/ClockDriftAndValueChange.xml
auto.tcl: Setting watchdog for 200 seconds at Sat Jun 09 20:05:30 UTC 2018
54 ms. Memory: 208384K Free: 187475K (90%)
ptolemy.util.test.WatchDog.cancel(): canceling Sat Jun 09 20:05:30 UTC 2018
auto.tcl: Setting watchdog for 200 seconds at Sat Jun 09 20:05:30 UTC 2018
42 ms. Memory: 208384K Free: 185374K (89%)
ptolemy.util.test.WatchDog.cancel(): canceling Sat Jun 09 20:05:30 UTC 2018
------------------ testing $PTII/ptolemy/domains/de/test/auto/ClockDriftChange.xml
auto.tcl: Setting watchdog for 200 seconds at Sat Jun 09 20:05:30 UTC 2018
31 ms. Memory: 208384K Free: 190803K (92%)
ptolemy.util.test.WatchDog.cancel(): canceling Sat Jun 09 20:05:30 UTC 2018
auto.tcl: Setting watchdog for 200 seconds at Sat Jun 09 20:05:30 UTC 2018
25 ms. Memory: 208384K Free: 188702K (91%)
ptolemy.util.test.WatchDog.cancel(): canceling Sat Jun 09 20:05:30 UTC 2018
------------------ testing $PTII/ptolemy/domains/de/test/auto/ComposableCausalityAnalysis.xml
auto.tcl: Setting watchdog for 200 seconds at Sat Jun 09 20:05:31 UTC 2018
2 ms. Memory: 208384K Free: 196272K (94%)
ptolemy.util.test.WatchDog.cancel(): canceling Sat Jun 09 20:05:31 UTC 2018
auto.tcl: Setting watchdog for 200 seconds at Sat Jun 09 20:05:31 UTC 2018
2 ms. Memory: 208384K Free: 194171K (93%)
ptolemy.util.test.WatchDog.cancel(): canceling Sat Jun 09 20:05:31 UTC 2018
------------------ testing $PTII/ptolemy/domains/de/test/auto/DEFixedPointLimitation.xml
auto.tcl: Setting watchdog for 200 seconds at Sat Jun 09 20:05:31 UTC 2018
2 ms. Memory: 208384K Free: 196150K (94%)
ptolemy.util.test.WatchDog.cancel(): canceling Sat Jun 09 20:05:31 UTC 2018
auto.tcl: Setting watchdog for 200 seconds at Sat Jun 09 20:05:31 UTC 2018
2 ms. Memory: 208384K Free: 196150K (94%)
ptolemy.util.test.WatchDog.cancel(): canceling Sat Jun 09 20:05:31 UTC 2018
------------------ testing $PTII/ptolemy/domains/de/test/auto/DEScheduleTest.xml
auto.tcl: Setting watchdog for 200 seconds at Sat Jun 09 20:05:31 UTC 2018
3 ms. Memory: 208384K Free: 198286K (95%)
ptolemy.util.test.WatchDog.cancel(): canceling Sat Jun 09 20:05:31 UTC 2018
auto.tcl: Setting watchdog for 200 seconds at Sat Jun 09 20:05:31 UTC 2018
4 ms. Memory: 208384K Free: 196185K (94%)
ptolemy.util.test.WatchDog.cancel(): canceling Sat Jun 09 20:05:31 UTC 2018
------------------ testing $PTII/ptolemy/domains/de/test/auto/DEinDEwithStartTimes.xml
auto.tcl: Setting watchdog for 200 seconds at Sat Jun 09 20:05:31 UTC 2018
4 ms. Memory: 208384K Free: 196154K (94%)
ptolemy.util.test.WatchDog.cancel(): canceling Sat Jun 09 20:05:31 UTC 2018
auto.tcl: Setting watchdog for 200 seconds at Sat Jun 09 20:05:31 UTC 2018
6 ms. Memory: 208384K Free: 194053K (93%)
ptolemy.util.test.WatchDog.cancel(): canceling Sat Jun 09 20:05:31 UTC 2018
------------------ testing $PTII/ptolemy/domains/de/test/auto/DEinDEwithStartTimes2.xml
auto.tcl: Setting watchdog for 200 seconds at Sat Jun 09 20:05:31 UTC 2018
8 ms. Memory: 208384K Free: 196132K (94%)
ptolemy.util.test.WatchDog.cancel(): canceling Sat Jun 09 20:05:31 UTC 2018
auto.tcl: Setting watchdog for 200 seconds at Sat Jun 09 20:05:31 UTC 2018
5 ms. Memory: 208384K Free: 194031K (93%)
ptolemy.util.test.WatchDog.cancel(): canceling Sat Jun 09 20:05:31 UTC 2018
------------------ testing $PTII/ptolemy/domains/de/test/auto/DateDemo.xml
auto.tcl: Setting watchdog for 200 seconds at Sat Jun 09 20:05:31 UTC 2018
14 ms. Memory: 208384K Free: 188566K (90%)
ptolemy.util.test.WatchDog.cancel(): canceling Sat Jun 09 20:05:31 UTC 2018
auto.tcl: Setting watchdog for 200 seconds at Sat Jun 09 20:05:31 UTC 2018
13 ms. Memory: 208384K Free: 186465K (89%)
ptolemy.util.test.WatchDog.cancel(): canceling Sat Jun 09 20:05:31 UTC 2018
------------------ testing $PTII/ptolemy/domains/de/test/auto/DateToEvent.xml
auto.tcl: Setting watchdog for 200 seconds at Sat Jun 09 20:05:31 UTC 2018
2015 ms. Memory: 208384K Free: 183277K (88%)
ptolemy.util.test.WatchDog.cancel(): canceling Sat Jun 09 20:05:33 UTC 2018
auto.tcl: Setting watchdog for 200 seconds at Sat Jun 09 20:05:33 UTC 2018
2006 ms. Memory: 208384K Free: 183277K (88%)
ptolemy.util.test.WatchDog.cancel(): canceling Sat Jun 09 20:05:35 UTC 2018
------------------ testing $PTII/ptolemy/domains/de/test/auto/DepthTest1.xml
auto.tcl: Setting watchdog for 200 seconds at Sat Jun 09 20:05:35 UTC 2018
3 ms. Memory: 208384K Free: 198151K (95%)
ptolemy.util.test.WatchDog.cancel(): canceling Sat Jun 09 20:05:35 UTC 2018
auto.tcl: Setting watchdog for 200 seconds at Sat Jun 09 20:05:35 UTC 2018
2 ms. Memory: 208384K Free: 197813K (95%)
ptolemy.util.test.WatchDog.cancel(): canceling Sat Jun 09 20:05:35 UTC 2018
------------------ testing $PTII/ptolemy/domains/de/test/auto/DepthTest2.xml
auto.tcl: Setting watchdog for 200 seconds at Sat Jun 09 20:05:35 UTC 2018
8 ms. Memory: 208384K Free: 194013K (93%)
ptolemy.util.test.WatchDog.cancel(): canceling Sat Jun 09 20:05:35 UTC 2018
auto.tcl: Setting watchdog for 200 seconds at Sat Jun 09 20:05:35 UTC 2018
4 ms. Memory: 208384K Free: 194013K (93%)
ptolemy.util.test.WatchDog.cancel(): canceling Sat Jun 09 20:05:35 UTC 2018
------------------ testing $PTII/ptolemy/domains/de/test/auto/DepthTest3.xml
auto.tcl: Setting watchdog for 200 seconds at Sat Jun 09 20:05:35 UTC 2018
4 ms. Memory: 208384K Free: 198148K (95%)
ptolemy.util.test.WatchDog.cancel(): canceling Sat Jun 09 20:05:35 UTC 2018
auto.tcl: Setting watchdog for 200 seconds at Sat Jun 09 20:05:35 UTC 2018
2 ms. Memory: 208384K Free: 198148K (95%)
ptolemy.util.test.WatchDog.cancel(): canceling Sat Jun 09 20:05:35 UTC 2018
------------------ testing $PTII/ptolemy/domains/de/test/auto/DepthTest4.xml
auto.tcl: Setting watchdog for 200 seconds at Sat Jun 09 20:05:35 UTC 2018
5 ms. Memory: 208384K Free: 196133K (94%)
ptolemy.util.test.WatchDog.cancel(): canceling Sat Jun 09 20:05:35 UTC 2018
auto.tcl: Setting watchdog for 200 seconds at Sat Jun 09 20:05:35 UTC 2018
3 ms. Memory: 208384K Free: 196133K (94%)
ptolemy.util.test.WatchDog.cancel(): canceling Sat Jun 09 20:05:35 UTC 2018
------------------ testing $PTII/ptolemy/domains/de/test/auto/DepthTest5.xml
auto.tcl: Setting watchdog for 200 seconds at Sat Jun 09 20:05:36 UTC 2018
4 ms. Memory: 208384K Free: 196081K (94%)
ptolemy.util.test.WatchDog.cancel(): canceling Sat Jun 09 20:05:36 UTC 2018
auto.tcl: Setting watchdog for 200 seconds at Sat Jun 09 20:05:36 UTC 2018
3 ms. Memory: 208384K Free: 196081K (94%)
ptolemy.util.test.WatchDog.cancel(): canceling Sat Jun 09 20:05:36 UTC 2018
------------------ testing $PTII/ptolemy/domains/de/test/auto/DepthTest6.xml
auto.tcl: Setting watchdog for 200 seconds at Sat Jun 09 20:05:36 UTC 2018
8 ms. Memory: 208384K Free: 196388K (94%)
ptolemy.util.test.WatchDog.cancel(): canceling Sat Jun 09 20:05:36 UTC 2018
auto.tcl: Setting watchdog for 200 seconds at Sat Jun 09 20:05:36 UTC 2018
2 ms. Memory: 208384K Free: 196388K (94%)
ptolemy.util.test.WatchDog.cancel(): canceling Sat Jun 09 20:05:36 UTC 2018
------------------ testing $PTII/ptolemy/domains/de/test/auto/DepthTest7.xml
auto.tcl: Setting watchdog for 200 seconds at Sat Jun 09 20:05:36 UTC 2018
2 ms. Memory: 208384K Free: 196039K (94%)
ptolemy.util.test.WatchDog.cancel(): canceling Sat Jun 09 20:05:36 UTC 2018
auto.tcl: Setting watchdog for 200 seconds at Sat Jun 09 20:05:36 UTC 2018
3 ms. Memory: 208384K Free: 196039K (94%)
ptolemy.util.test.WatchDog.cancel(): canceling Sat Jun 09 20:05:36 UTC 2018
------------------ testing $PTII/ptolemy/domains/de/test/auto/EventToDate.xml
auto.tcl: Setting watchdog for 200 seconds at Sat Jun 09 20:05:36 UTC 2018
3012 ms. Memory: 208384K Free: 185554K (89%)
ptolemy.util.test.WatchDog.cancel(): canceling Sat Jun 09 20:05:39 UTC 2018
auto.tcl: Setting watchdog for 200 seconds at Sat Jun 09 20:05:39 UTC 2018
3004 ms. Memory: 208384K Free: 185554K (89%)
ptolemy.util.test.WatchDog.cancel(): canceling Sat Jun 09 20:05:42 UTC 2018
------------------ testing $PTII/ptolemy/domains/de/test/auto/FSM1.xml
auto.tcl: Setting watchdog for 200 seconds at Sat Jun 09 20:05:42 UTC 2018
32 ms. Memory: 208384K Free: 186986K (90%)
ptolemy.util.test.WatchDog.cancel(): canceling Sat Jun 09 20:05:42 UTC 2018
auto.tcl: Setting watchdog for 200 seconds at Sat Jun 09 20:05:42 UTC 2018
17 ms. Memory: 208384K Free: 184885K (89%)
ptolemy.util.test.WatchDog.cancel(): canceling Sat Jun 09 20:05:42 UTC 2018
------------------ testing $PTII/ptolemy/domains/de/test/auto/FSM7.xml
auto.tcl: Setting watchdog for 200 seconds at Sat Jun 09 20:05:42 UTC 2018
25 ms. Memory: 208384K Free: 187190K (90%)
ptolemy.util.test.WatchDog.cancel(): canceling Sat Jun 09 20:05:42 UTC 2018
auto.tcl: Setting watchdog for 200 seconds at Sat Jun 09 20:05:42 UTC 2018
16 ms. Memory: 208384K Free: 185089K (89%)
ptolemy.util.test.WatchDog.cancel(): canceling Sat Jun 09 20:05:42 UTC 2018
------------------ testing $PTII/ptolemy/domains/de/test/auto/Inspection.xml
auto.tcl: Setting watchdog for 200 seconds at Sat Jun 09 20:05:42 UTC 2018
25 ms. Memory: 208384K Free: 188740K (91%)
ptolemy.util.test.WatchDog.cancel(): canceling Sat Jun 09 20:05:42 UTC 2018
auto.tcl: Setting watchdog for 200 seconds at Sat Jun 09 20:05:42 UTC 2018
27 ms. Memory: 208384K Free: 186639K (90%)
ptolemy.util.test.WatchDog.cancel(): canceling Sat Jun 09 20:05:42 UTC 2018
------------------ testing $PTII/ptolemy/domains/de/test/auto/Iteration.xml
auto.tcl: Setting watchdog for 200 seconds at Sat Jun 09 20:05:42 UTC 2018
16 ms. Memory: 208384K Free: 193742K (93%)
ptolemy.util.test.WatchDog.cancel(): canceling Sat Jun 09 20:05:42 UTC 2018
auto.tcl: Setting watchdog for 200 seconds at Sat Jun 09 20:05:42 UTC 2018
8 ms. Memory: 208384K Free: 193742K (93%)
ptolemy.util.test.WatchDog.cancel(): canceling Sat Jun 09 20:05:42 UTC 2018
------------------ testing $PTII/ptolemy/domains/de/test/auto/LineFault.xml
auto.tcl: Setting watchdog for 200 seconds at Sat Jun 09 20:05:42 UTC 2018
776 ms. Memory: 208384K Free: 196096K (94%)
ptolemy.util.test.WatchDog.cancel(): canceling Sat Jun 09 20:05:44 UTC 2018
auto.tcl: Setting watchdog for 200 seconds at Sat Jun 09 20:05:44 UTC 2018
628 ms. Memory: 208384K Free: 138687K (67%)
ptolemy.util.test.WatchDog.cancel(): canceling Sat Jun 09 20:05:44 UTC 2018
------------------ testing $PTII/ptolemy/domains/de/test/auto/MergeModel1Add.xml
auto.tcl: Setting watchdog for 200 seconds at Sat Jun 09 20:05:44 UTC 2018
31 ms. Memory: 331264K Free: 302524K (91%)
ptolemy.util.test.WatchDog.cancel(): canceling Sat Jun 09 20:05:44 UTC 2018
auto.tcl: Setting watchdog for 200 seconds at Sat Jun 09 20:05:44 UTC 2018
12 ms. Memory: 331264K Free: 298554K (90%)
ptolemy.util.test.WatchDog.cancel(): canceling Sat Jun 09 20:05:44 UTC 2018
------------------ testing $PTII/ptolemy/domains/de/test/auto/MergeModel2Add.xml
auto.tcl: Setting watchdog for 200 seconds at Sat Jun 09 20:05:44 UTC 2018
13 ms. Memory: 331264K Free: 303870K (92%)
ptolemy.util.test.WatchDog.cancel(): canceling Sat Jun 09 20:05:45 UTC 2018
auto.tcl: Setting watchdog for 200 seconds at Sat Jun 09 20:05:45 UTC 2018
11 ms. Memory: 331264K Free: 299908K (91%)
ptolemy.util.test.WatchDog.cancel(): canceling Sat Jun 09 20:05:45 UTC 2018
------------------ testing $PTII/ptolemy/domains/de/test/auto/MergeModel3Add.xml
auto.tcl: Setting watchdog for 200 seconds at Sat Jun 09 20:05:45 UTC 2018
15 ms. Memory: 331264K Free: 303864K (92%)
ptolemy.util.test.WatchDog.cancel(): canceling Sat Jun 09 20:05:45 UTC 2018
auto.tcl: Setting watchdog for 200 seconds at Sat Jun 09 20:05:45 UTC 2018
10 ms. Memory: 331264K Free: 299886K (91%)
ptolemy.util.test.WatchDog.cancel(): canceling Sat Jun 09 20:05:45 UTC 2018
------------------ testing $PTII/ptolemy/domains/de/test/auto/MergeWithoutDiscard.xml
auto.tcl: Setting watchdog for 200 seconds at Sat Jun 09 20:05:45 UTC 2018
2 ms. Memory: 331264K Free: 320011K (97%)
ptolemy.util.test.WatchDog.cancel(): canceling Sat Jun 09 20:05:45 UTC 2018
auto.tcl: Setting watchdog for 200 seconds at Sat Jun 09 20:05:45 UTC 2018
2 ms. Memory: 331264K Free: 316049K (95%)
ptolemy.util.test.WatchDog.cancel(): canceling Sat Jun 09 20:05:45 UTC 2018
------------------ testing $PTII/ptolemy/domains/de/test/auto/Modal1.xml
auto.tcl: Setting watchdog for 200 seconds at Sat Jun 09 20:05:45 UTC 2018
18 ms. Memory: 331264K Free: 309640K (93%)
ptolemy.util.test.WatchDog.cancel(): canceling Sat Jun 09 20:05:45 UTC 2018
auto.tcl: Setting watchdog for 200 seconds at Sat Jun 09 20:05:45 UTC 2018
29 ms. Memory: 331264K Free: 305678K (92%)
ptolemy.util.test.WatchDog.cancel(): canceling Sat Jun 09 20:05:45 UTC 2018
------------------ testing $PTII/ptolemy/domains/de/test/auto/Modal2.xml
auto.tcl: Setting watchdog for 200 seconds at Sat Jun 09 20:05:45 UTC 2018
14 ms. Memory: 331264K Free: 304599K (92%)
ptolemy.util.test.WatchDog.cancel(): canceling Sat Jun 09 20:05:45 UTC 2018
auto.tcl: Setting watchdog for 200 seconds at Sat Jun 09 20:05:45 UTC 2018
13 ms. Memory: 331264K Free: 300637K (91%)
ptolemy.util.test.WatchDog.cancel(): canceling Sat Jun 09 20:05:45 UTC 2018
------------------ testing $PTII/ptolemy/domains/de/test/auto/Modal3.xml
auto.tcl: Setting watchdog for 200 seconds at Sat Jun 09 20:05:45 UTC 2018
11 ms. Memory: 331264K Free: 309791K (94%)
ptolemy.util.test.WatchDog.cancel(): canceling Sat Jun 09 20:05:45 UTC 2018
auto.tcl: Setting watchdog for 200 seconds at Sat Jun 09 20:05:45 UTC 2018
12 ms. Memory: 331264K Free: 305813K (92%)
ptolemy.util.test.WatchDog.cancel(): canceling Sat Jun 09 20:05:45 UTC 2018
------------------ testing $PTII/ptolemy/domains/de/test/auto/Modal4.xml
auto.tcl: Setting watchdog for 200 seconds at Sat Jun 09 20:05:45 UTC 2018
13 ms. Memory: 331264K Free: 309511K (93%)
ptolemy.util.test.WatchDog.cancel(): canceling Sat Jun 09 20:05:45 UTC 2018
auto.tcl: Setting watchdog for 200 seconds at Sat Jun 09 20:05:45 UTC 2018
21 ms. Memory: 331264K Free: 305541K (92%)
ptolemy.util.test.WatchDog.cancel(): canceling Sat Jun 09 20:05:45 UTC 2018
------------------ testing $PTII/ptolemy/domains/de/test/auto/Modal5.xml
auto.tcl: Setting watchdog for 200 seconds at Sat Jun 09 20:05:45 UTC 2018
13 ms. Memory: 331264K Free: 309498K (93%)
ptolemy.util.test.WatchDog.cancel(): canceling Sat Jun 09 20:05:45 UTC 2018
auto.tcl: Setting watchdog for 200 seconds at Sat Jun 09 20:05:45 UTC 2018
14 ms. Memory: 331264K Free: 305536K (92%)
ptolemy.util.test.WatchDog.cancel(): canceling Sat Jun 09 20:05:45 UTC 2018
------------------ testing $PTII/ptolemy/domains/de/test/auto/Modal6.xml
auto.tcl: Setting watchdog for 200 seconds at Sat Jun 09 20:05:45 UTC 2018
12 ms. Memory: 331264K Free: 309495K (93%)
ptolemy.util.test.WatchDog.cancel(): canceling Sat Jun 09 20:05:45 UTC 2018
auto.tcl: Setting watchdog for 200 seconds at Sat Jun 09 20:05:45 UTC 2018
14 ms. Memory: 331264K Free: 305525K (92%)
ptolemy.util.test.WatchDog.cancel(): canceling Sat Jun 09 20:05:45 UTC 2018
------------------ testing $PTII/ptolemy/domains/de/test/auto/Modal7.xml
auto.tcl: Setting watchdog for 200 seconds at Sat Jun 09 20:05:45 UTC 2018
10 ms. Memory: 331264K Free: 309479K (93%)
ptolemy.util.test.WatchDog.cancel(): canceling Sat Jun 09 20:05:46 UTC 2018
auto.tcl: Setting watchdog for 200 seconds at Sat Jun 09 20:05:46 UTC 2018
12 ms. Memory: 331264K Free: 305517K (92%)
ptolemy.util.test.WatchDog.cancel(): canceling Sat Jun 09 20:05:46 UTC 2018
------------------ testing $PTII/ptolemy/domains/de/test/auto/ModalModel.xml
auto.tcl: Setting watchdog for 200 seconds at Sat Jun 09 20:05:46 UTC 2018
202 ms. Memory: 331264K Free: 248209K (75%)
ptolemy.util.test.WatchDog.cancel(): canceling Sat Jun 09 20:05:46 UTC 2018
auto.tcl: Setting watchdog for 200 seconds at Sat Jun 09 20:05:46 UTC 2018
215 ms. Memory: 331264K Free: 192588K (58%)
ptolemy.util.test.WatchDog.cancel(): canceling Sat Jun 09 20:05:46 UTC 2018
------------------ testing $PTII/ptolemy/domains/de/test/auto/ModalSource.xml
auto.tcl: Setting watchdog for 200 seconds at Sat Jun 09 20:05:46 UTC 2018
7 ms. Memory: 331264K Free: 316456K (96%)
ptolemy.util.test.WatchDog.cancel(): canceling Sat Jun 09 20:05:46 UTC 2018
auto.tcl: Setting watchdog for 200 seconds at Sat Jun 09 20:05:46 UTC 2018
7 ms. Memory: 331264K Free: 312913K (94%)
ptolemy.util.test.WatchDog.cancel(): canceling Sat Jun 09 20:05:46 UTC 2018
------------------ testing $PTII/ptolemy/domains/de/test/auto/NonInterruptibleTimerZeroDelay.xml
auto.tcl: Setting watchdog for 200 seconds at Sat Jun 09 20:05:46 UTC 2018
5 ms. Memory: 331264K Free: 320667K (97%)
ptolemy.util.test.WatchDog.cancel(): canceling Sat Jun 09 20:05:46 UTC 2018
auto.tcl: Setting watchdog for 200 seconds at Sat Jun 09 20:05:46 UTC 2018
3 ms. Memory: 331264K Free: 317108K (96%)
ptolemy.util.test.WatchDog.cancel(): canceling Sat Jun 09 20:05:46 UTC 2018
------------------ testing $PTII/ptolemy/domains/de/test/auto/OpenQueueingNetwork.xml
auto.tcl: Setting watchdog for 200 seconds at Sat Jun 09 20:05:46 UTC 2018
3234 ms. Memory: 307712K Free: 148664K (48%)
ptolemy.util.test.WatchDog.cancel(): canceling Sat Jun 09 20:05:50 UTC 2018
auto.tcl: Setting watchdog for 200 seconds at Sat Jun 09 20:05:50 UTC 2018
2741 ms. Memory: 278528K Free: 208319K (75%)
ptolemy.util.test.WatchDog.cancel(): canceling Sat Jun 09 20:05:52 UTC 2018
------------------ testing $PTII/ptolemy/domains/de/test/auto/OpenQueuingNetwork.xml
auto.tcl: Setting watchdog for 200 seconds at Sat Jun 09 20:05:53 UTC 2018
293 ms. Memory: 278528K Free: 178745K (64%)
ptolemy.util.test.WatchDog.cancel(): canceling Sat Jun 09 20:05:53 UTC 2018
auto.tcl: Setting watchdog for 200 seconds at Sat Jun 09 20:05:53 UTC 2018
255 ms. Memory: 278528K Free: 118026K (42%)
ptolemy.util.test.WatchDog.cancel(): canceling Sat Jun 09 20:05:53 UTC 2018
------------------ testing $PTII/ptolemy/domains/de/test/auto/PeriodicSampler.xml
auto.tcl: Setting watchdog for 200 seconds at Sat Jun 09 20:05:53 UTC 2018
3 ms. Memory: 281088K Free: 262463K (93%)
ptolemy.util.test.WatchDog.cancel(): canceling Sat Jun 09 20:05:53 UTC 2018
auto.tcl: Setting watchdog for 200 seconds at Sat Jun 09 20:05:53 UTC 2018
2 ms. Memory: 281088K Free: 262463K (93%)
ptolemy.util.test.WatchDog.cancel(): canceling Sat Jun 09 20:05:53 UTC 2018
------------------ testing $PTII/ptolemy/domains/de/test/auto/PersistentIO.xml
auto.tcl: Setting watchdog for 200 seconds at Sat Jun 09 20:05:53 UTC 2018
15 ms. Memory: 278528K Free: 258899K (93%)
ptolemy.util.test.WatchDog.cancel(): canceling Sat Jun 09 20:05:53 UTC 2018
auto.tcl: Setting watchdog for 200 seconds at Sat Jun 09 20:05:53 UTC 2018
4 ms. Memory: 278528K Free: 258899K (93%)
ptolemy.util.test.WatchDog.cancel(): canceling Sat Jun 09 20:05:53 UTC 2018
------------------ testing $PTII/ptolemy/domains/de/test/auto/PortParameterResetOnInitialize.xml
auto.tcl: Setting watchdog for 200 seconds at Sat Jun 09 20:05:53 UTC 2018
2 ms. Memory: 280576K Free: 266250K (95%)
ptolemy.util.test.WatchDog.cancel(): canceling Sat Jun 09 20:05:53 UTC 2018
auto.tcl: Setting watchdog for 200 seconds at Sat Jun 09 20:05:53 UTC 2018
2 ms. Memory: 280576K Free: 266250K (95%)
ptolemy.util.test.WatchDog.cancel(): canceling Sat Jun 09 20:05:53 UTC 2018
------------------ testing $PTII/ptolemy/domains/de/test/auto/PortParameterUpdates.xml
auto.tcl: Setting watchdog for 200 seconds at Sat Jun 09 20:05:53 UTC 2018
3 ms. Memory: 278528K Free: 266411K (96%)
ptolemy.util.test.WatchDog.cancel(): canceling Sat Jun 09 20:05:53 UTC 2018
auto.tcl: Setting watchdog for 200 seconds at Sat Jun 09 20:05:53 UTC 2018
4 ms. Memory: 278528K Free: 263634K (95%)
ptolemy.util.test.WatchDog.cancel(): canceling Sat Jun 09 20:05:53 UTC 2018
------------------ testing $PTII/ptolemy/domains/de/test/auto/QueueAndServer.xml
auto.tcl: Setting watchdog for 200 seconds at Sat Jun 09 20:05:53 UTC 2018
8 ms. Memory: 280576K Free: 263601K (94%)
ptolemy.util.test.WatchDog.cancel(): canceling Sat Jun 09 20:05:54 UTC 2018
auto.tcl: Setting watchdog for 200 seconds at Sat Jun 09 20:05:54 UTC 2018
7 ms. Memory: 280576K Free: 263601K (94%)
ptolemy.util.test.WatchDog.cancel(): canceling Sat Jun 09 20:05:54 UTC 2018
------------------ testing $PTII/ptolemy/domains/de/test/auto/Records.xml
auto.tcl: Setting watchdog for 200 seconds at Sat Jun 09 20:05:54 UTC 2018
2 ms. Memory: 278528K Free: 266227K (96%)
ptolemy.util.test.WatchDog.cancel(): canceling Sat Jun 09 20:05:54 UTC 2018
auto.tcl: Setting watchdog for 200 seconds at Sat Jun 09 20:05:54 UTC 2018
3 ms. Memory: 278528K Free: 266227K (96%)
ptolemy.util.test.WatchDog.cancel(): canceling Sat Jun 09 20:05:54 UTC 2018
------------------ testing $PTII/ptolemy/domains/de/test/auto/ResetTransitionWithStartTime1.xml
auto.tcl: Setting watchdog for 200 seconds at Sat Jun 09 20:05:54 UTC 2018
13 ms. Memory: 280064K Free: 263025K (94%)
ptolemy.util.test.WatchDog.cancel(): canceling Sat Jun 09 20:05:54 UTC 2018
auto.tcl: Setting watchdog for 200 seconds at Sat Jun 09 20:05:54 UTC 2018
6 ms. Memory: 280064K Free: 260264K (93%)
ptolemy.util.test.WatchDog.cancel(): canceling Sat Jun 09 20:05:54 UTC 2018
------------------ testing $PTII/ptolemy/domains/de/test/auto/ResetTransitionWithStartTime2.xml
auto.tcl: Setting watchdog for 200 seconds at Sat Jun 09 20:05:54 UTC 2018
6 ms. Memory: 278528K Free: 261575K (94%)
ptolemy.util.test.WatchDog.cancel(): canceling Sat Jun 09 20:05:54 UTC 2018
auto.tcl: Setting watchdog for 200 seconds at Sat Jun 09 20:05:54 UTC 2018
7 ms. Memory: 278528K Free: 258798K (93%)
ptolemy.util.test.WatchDog.cancel(): canceling Sat Jun 09 20:05:54 UTC 2018
------------------ testing $PTII/ptolemy/domains/de/test/auto/ResetTransitionWithStartTime3.xml
auto.tcl: Setting watchdog for 200 seconds at Sat Jun 09 20:05:54 UTC 2018
5 ms. Memory: 280064K Free: 263014K (94%)
ptolemy.util.test.WatchDog.cancel(): canceling Sat Jun 09 20:05:54 UTC 2018
auto.tcl: Setting watchdog for 200 seconds at Sat Jun 09 20:05:54 UTC 2018
7 ms. Memory: 280064K Free: 260253K (93%)
ptolemy.util.test.WatchDog.cancel(): canceling Sat Jun 09 20:05:54 UTC 2018
------------------ testing $PTII/ptolemy/domains/de/test/auto/ResetTransitionWithStartTime4.xml
auto.tcl: Setting watchdog for 200 seconds at Sat Jun 09 20:05:54 UTC 2018
4 ms. Memory: 278528K Free: 263463K (95%)
ptolemy.util.test.WatchDog.cancel(): canceling Sat Jun 09 20:05:54 UTC 2018
auto.tcl: Setting watchdog for 200 seconds at Sat Jun 09 20:05:54 UTC 2018
4 ms. Memory: 278528K Free: 263463K (95%)
ptolemy.util.test.WatchDog.cancel(): canceling Sat Jun 09 20:05:54 UTC 2018
------------------ testing $PTII/ptolemy/domains/de/test/auto/ResettableTimer1.xml
auto.tcl: Setting watchdog for 200 seconds at Sat Jun 09 20:05:54 UTC 2018
3 ms. Memory: 280064K Free: 267756K (96%)
ptolemy.util.test.WatchDog.cancel(): canceling Sat Jun 09 20:05:54 UTC 2018
auto.tcl: Setting watchdog for 200 seconds at Sat Jun 09 20:05:54 UTC 2018
2 ms. Memory: 280064K Free: 267756K (96%)
ptolemy.util.test.WatchDog.cancel(): canceling Sat Jun 09 20:05:54 UTC 2018
------------------ testing $PTII/ptolemy/domains/de/test/auto/ResettableTimer2.xml
auto.tcl: Setting watchdog for 200 seconds at Sat Jun 09 20:05:54 UTC 2018
6 ms. Memory: 278528K Free: 266390K (96%)
ptolemy.util.test.WatchDog.cancel(): canceling Sat Jun 09 20:05:54 UTC 2018
auto.tcl: Setting watchdog for 200 seconds at Sat Jun 09 20:05:54 UTC 2018
3 ms. Memory: 278528K Free: 266390K (96%)
ptolemy.util.test.WatchDog.cancel(): canceling Sat Jun 09 20:05:54 UTC 2018
------------------ testing $PTII/ptolemy/domains/de/test/auto/ResettableTimer3.xml
auto.tcl: Setting watchdog for 200 seconds at Sat Jun 09 20:05:54 UTC 2018
3 ms. Memory: 279552K Free: 267301K (96%)
ptolemy.util.test.WatchDog.cancel(): canceling Sat Jun 09 20:05:54 UTC 2018
auto.tcl: Setting watchdog for 200 seconds at Sat Jun 09 20:05:54 UTC 2018
1 ms. Memory: 279552K Free: 267301K (96%)
ptolemy.util.test.WatchDog.cancel(): canceling Sat Jun 09 20:05:54 UTC 2018
------------------ testing $PTII/ptolemy/domains/de/test/auto/ResettableTimer4.xml
auto.tcl: Setting watchdog for 200 seconds at Sat Jun 09 20:05:54 UTC 2018
1 ms. Memory: 278528K Free: 266387K (96%)
ptolemy.util.test.WatchDog.cancel(): canceling Sat Jun 09 20:05:54 UTC 2018
auto.tcl: Setting watchdog for 200 seconds at Sat Jun 09 20:05:54 UTC 2018
1 ms. Memory: 278528K Free: 266387K (96%)
ptolemy.util.test.WatchDog.cancel(): canceling Sat Jun 09 20:05:54 UTC 2018
------------------ testing $PTII/ptolemy/domains/de/test/auto/ResettableTimer5.xml
auto.tcl: Setting watchdog for 200 seconds at Sat Jun 09 20:05:54 UTC 2018
1 ms. Memory: 279552K Free: 265454K (95%)
ptolemy.util.test.WatchDog.cancel(): canceling Sat Jun 09 20:05:54 UTC 2018
auto.tcl: Setting watchdog for 200 seconds at Sat Jun 09 20:05:54 UTC 2018
2 ms. Memory: 279552K Free: 265454K (95%)
ptolemy.util.test.WatchDog.cancel(): canceling Sat Jun 09 20:05:54 UTC 2018
------------------ testing $PTII/ptolemy/domains/de/test/auto/ResettableTimer6.xml
auto.tcl: Setting watchdog for 200 seconds at Sat Jun 09 20:05:54 UTC 2018
2 ms. Memory: 278528K Free: 264266K (95%)
ptolemy.util.test.WatchDog.cancel(): canceling Sat Jun 09 20:05:54 UTC 2018
auto.tcl: Setting watchdog for 200 seconds at Sat Jun 09 20:05:54 UTC 2018
1 ms. Memory: 278528K Free: 264266K (95%)
ptolemy.util.test.WatchDog.cancel(): canceling Sat Jun 09 20:05:54 UTC 2018
------------------ testing $PTII/ptolemy/domains/de/test/auto/ServerZeroDelay.xml
auto.tcl: Setting watchdog for 200 seconds at Sat Jun 09 20:05:54 UTC 2018
4 ms. Memory: 279552K Free: 267357K (96%)
ptolemy.util.test.WatchDog.cancel(): canceling Sat Jun 09 20:05:54 UTC 2018
auto.tcl: Setting watchdog for 200 seconds at Sat Jun 09 20:05:54 UTC 2018
2 ms. Memory: 279552K Free: 267357K (96%)
ptolemy.util.test.WatchDog.cancel(): canceling Sat Jun 09 20:05:54 UTC 2018
------------------ testing $PTII/ptolemy/domains/de/test/auto/SmartSender.xml
auto.tcl: Setting watchdog for 200 seconds at Sat Jun 09 20:05:54 UTC 2018
3002 ms. Memory: 278528K Free: 264349K (95%)
ptolemy.util.test.WatchDog.cancel(): canceling Sat Jun 09 20:05:57 UTC 2018
auto.tcl: Setting watchdog for 200 seconds at Sat Jun 09 20:05:57 UTC 2018
3001 ms. Memory: 278528K Free: 264349K (95%)
ptolemy.util.test.WatchDog.cancel(): canceling Sat Jun 09 20:06:00 UTC 2018
------------------ testing $PTII/ptolemy/domains/de/test/auto/ThreadedComposite.xml
auto.tcl: Setting watchdog for 200 seconds at Sat Jun 09 20:06:00 UTC 2018
231 ms. Memory: 279552K Free: 245171K (88%)
ptolemy.util.test.WatchDog.cancel(): canceling Sat Jun 09 20:06:01 UTC 2018
auto.tcl: Setting watchdog for 200 seconds at Sat Jun 09 20:06:01 UTC 2018
167 ms. Memory: 279552K Free: 227821K (81%)
ptolemy.util.test.WatchDog.cancel(): canceling Sat Jun 09 20:06:01 UTC 2018
------------------ testing $PTII/ptolemy/domains/de/test/auto/Time.xml
auto.tcl: Setting watchdog for 200 seconds at Sat Jun 09 20:06:01 UTC 2018
610 ms. Memory: 278528K Free: 214696K (77%)
ptolemy.util.test.WatchDog.cancel(): canceling Sat Jun 09 20:06:02 UTC 2018
auto.tcl: Setting watchdog for 200 seconds at Sat Jun 09 20:06:02 UTC 2018
587 ms. Memory: 278528K Free: 162235K (58%)
ptolemy.util.test.WatchDog.cancel(): canceling Sat Jun 09 20:06:02 UTC 2018
------------------ testing $PTII/ptolemy/domains/de/test/auto/TimeDelayZeroDelay.xml
auto.tcl: Setting watchdog for 200 seconds at Sat Jun 09 20:06:02 UTC 2018
1 ms. Memory: 279040K Free: 267255K (96%)
ptolemy.util.test.WatchDog.cancel(): canceling Sat Jun 09 20:06:02 UTC 2018
auto.tcl: Setting watchdog for 200 seconds at Sat Jun 09 20:06:02 UTC 2018
3 ms. Memory: 279040K Free: 267255K (96%)
ptolemy.util.test.WatchDog.cancel(): canceling Sat Jun 09 20:06:02 UTC 2018
------------------ testing $PTII/ptolemy/domains/de/test/auto/TimerZeroDelay.xml
auto.tcl: Setting watchdog for 200 seconds at Sat Jun 09 20:06:02 UTC 2018
2 ms. Memory: 278528K Free: 266850K (96%)
ptolemy.util.test.WatchDog.cancel(): canceling Sat Jun 09 20:06:02 UTC 2018
auto.tcl: Setting watchdog for 200 seconds at Sat Jun 09 20:06:02 UTC 2018
2 ms. Memory: 278528K Free: 266850K (96%)
ptolemy.util.test.WatchDog.cancel(): canceling Sat Jun 09 20:06:02 UTC 2018
------------------ testing $PTII/ptolemy/domains/de/test/auto/TimingParadox.xml
auto.tcl: Setting watchdog for 200 seconds at Sat Jun 09 20:06:02 UTC 2018
385 ms. Memory: 279040K Free: 199536K (72%)
ptolemy.util.test.WatchDog.cancel(): canceling Sat Jun 09 20:06:03 UTC 2018
auto.tcl: Setting watchdog for 200 seconds at Sat Jun 09 20:06:03 UTC 2018
356 ms. Memory: 279040K Free: 164824K (59%)
ptolemy.util.test.WatchDog.cancel(): canceling Sat Jun 09 20:06:03 UTC 2018
------------------ testing $PTII/ptolemy/domains/de/test/auto/TransferInputs.xml
auto.tcl: Setting watchdog for 200 seconds at Sat Jun 09 20:06:03 UTC 2018
8 ms. Memory: 279040K Free: 266251K (95%)
ptolemy.util.test.WatchDog.cancel(): canceling Sat Jun 09 20:06:03 UTC 2018
auto.tcl: Setting watchdog for 200 seconds at Sat Jun 09 20:06:03 UTC 2018
2 ms. Memory: 279040K Free: 266251K (95%)
ptolemy.util.test.WatchDog.cancel(): canceling Sat Jun 09 20:06:03 UTC 2018
------------------ testing $PTII/ptolemy/domains/de/test/auto/TransferOutputs2.xml
auto.tcl: Setting watchdog for 200 seconds at Sat Jun 09 20:06:03 UTC 2018
5 ms. Memory: 278528K Free: 262383K (94%)
ptolemy.util.test.WatchDog.cancel(): canceling Sat Jun 09 20:06:03 UTC 2018
auto.tcl: Setting watchdog for 200 seconds at Sat Jun 09 20:06:03 UTC 2018
3 ms. Memory: 278528K Free: 259880K (93%)
ptolemy.util.test.WatchDog.cancel(): canceling Sat Jun 09 20:06:03 UTC 2018
------------------ testing $PTII/ptolemy/domains/de/test/auto/Trilateration.xml
auto.tcl: Setting watchdog for 200 seconds at Sat Jun 09 20:06:03 UTC 2018
12604 ms. Memory: 364544K Free: 228050K (63%)
ptolemy.util.test.WatchDog.cancel(): canceling Sat Jun 09 20:06:17 UTC 2018
auto.tcl: Setting watchdog for 200 seconds at Sat Jun 09 20:06:17 UTC 2018
10243 ms. Memory: 249344K Free: 214640K (86%)
ptolemy.util.test.WatchDog.cancel(): canceling Sat Jun 09 20:06:27 UTC 2018
------------------ testing $PTII/ptolemy/domains/de/test/auto/TwoSigmaDelta.xml
auto.tcl: Setting watchdog for 200 seconds at Sat Jun 09 20:06:28 UTC 2018
2862 ms. Memory: 243200K Free: 117773K (48%)
ptolemy.util.test.WatchDog.cancel(): canceling Sat Jun 09 20:06:31 UTC 2018
auto.tcl: Setting watchdog for 200 seconds at Sat Jun 09 20:06:31 UTC 2018
2152 ms. Memory: 229888K Free: 186914K (81%)
ptolemy.util.test.WatchDog.cancel(): canceling Sat Jun 09 20:06:33 UTC 2018
------------------ testing $PTII/ptolemy/domains/de/test/auto/VariableDelay.xml
auto.tcl: Setting watchdog for 200 seconds at Sat Jun 09 20:06:33 UTC 2018
3 ms. Memory: 230912K Free: 218388K (95%)
ptolemy.util.test.WatchDog.cancel(): canceling Sat Jun 09 20:06:33 UTC 2018
auto.tcl: Setting watchdog for 200 seconds at Sat Jun 09 20:06:33 UTC 2018
2 ms. Memory: 230912K Free: 216249K (94%)
ptolemy.util.test.WatchDog.cancel(): canceling Sat Jun 09 20:06:33 UTC 2018
------------------ testing $PTII/ptolemy/domains/de/test/auto/VariableDelay2.xml
auto.tcl: Setting watchdog for 200 seconds at Sat Jun 09 20:06:33 UTC 2018
5 ms. Memory: 229888K Free: 217772K (95%)
ptolemy.util.test.WatchDog.cancel(): canceling Sat Jun 09 20:06:33 UTC 2018
auto.tcl: Setting watchdog for 200 seconds at Sat Jun 09 20:06:33 UTC 2018
2 ms. Memory: 229888K Free: 215633K (94%)
ptolemy.util.test.WatchDog.cancel(): canceling Sat Jun 09 20:06:33 UTC 2018
------------------ testing $PTII/ptolemy/domains/de/test/auto/VariableDelayZeroDelay.xml
auto.tcl: Setting watchdog for 200 seconds at Sat Jun 09 20:06:33 UTC 2018
3 ms. Memory: 230912K Free: 218810K (95%)
ptolemy.util.test.WatchDog.cancel(): canceling Sat Jun 09 20:06:33 UTC 2018
auto.tcl: Setting watchdog for 200 seconds at Sat Jun 09 20:06:33 UTC 2018
1 ms. Memory: 230912K Free: 218810K (95%)
ptolemy.util.test.WatchDog.cancel(): canceling Sat Jun 09 20:06:33 UTC 2018
------------------ testing $PTII/ptolemy/domains/de/test/auto/VariableDelayZeroDelay2.xml
auto.tcl: Setting watchdog for 200 seconds at Sat Jun 09 20:06:33 UTC 2018
4 ms. Memory: 229888K Free: 217777K (95%)
ptolemy.util.test.WatchDog.cancel(): canceling Sat Jun 09 20:06:33 UTC 2018
auto.tcl: Setting watchdog for 200 seconds at Sat Jun 09 20:06:33 UTC 2018
2 ms. Memory: 229888K Free: 217777K (95%)
ptolemy.util.test.WatchDog.cancel(): canceling Sat Jun 09 20:06:33 UTC 2018
------------------ testing $PTII/ptolemy/domains/de/test/auto/deInCt.xml
auto.tcl: Setting watchdog for 200 seconds at Sat Jun 09 20:06:33 UTC 2018
0
1
1
1
0
0
0
0
1
1
1
1
1
0
0
0
1
1
1
0
0
0
1
1
1
1
0
0
0
1
1
1
1
1
6 ms. Memory: 230912K Free: 218791K (95%)
ptolemy.util.test.WatchDog.cancel(): canceling Sat Jun 09 20:06:33 UTC 2018
auto.tcl: Setting watchdog for 200 seconds at Sat Jun 09 20:06:33 UTC 2018
0
1
1
0
0
0
1
1
1
0
0
0
1
1
0
0
0
1
1
1
0
0
0
1
1
1
0
0
0
1
1
1
1
1
0
0
0
0
1
1
1
0
0
0
0
7 ms. Memory: 230912K Free: 216643K (94%)
ptolemy.util.test.WatchDog.cancel(): canceling Sat Jun 09 20:06:33 UTC 2018
------------------ testing $PTII/ptolemy/domains/de/test/auto/deInCt2.xml
auto.tcl: Setting watchdog for 200 seconds at Sat Jun 09 20:06:33 UTC 2018
0
1
1
1
0
0
1
1
1
0
0
1
1
1
0
0
1
1
1
0
0
1
1
1
0
0
1
1
1
0
0
1
1
1
0
0
1
1
1
0
0
0
14 ms. Memory: 229888K Free: 217765K (95%)
ptolemy.util.test.WatchDog.cancel(): canceling Sat Jun 09 20:06:33 UTC 2018
auto.tcl: Setting watchdog for 200 seconds at Sat Jun 09 20:06:33 UTC 2018
0
1
1
1
0
0
1
1
1
0
0
1
1
1
0
0
1
1
1
0
0
1
1
1
0
0
1
1
1
0
0
1
1
1
0
0
1
1
1
0
0
0
7 ms. Memory: 229888K Free: 215617K (94%)
ptolemy.util.test.WatchDog.cancel(): canceling Sat Jun 09 20:06:33 UTC 2018
------------------ testing $PTII/ptolemy/domains/de/test/auto/dynamicCausalityInterface1.xml
auto.tcl: Setting watchdog for 200 seconds at Sat Jun 09 20:06:33 UTC 2018
3 ms. Memory: 230400K Free: 211863K (92%)
ptolemy.util.test.WatchDog.cancel(): canceling Sat Jun 09 20:06:33 UTC 2018
auto.tcl: Setting watchdog for 200 seconds at Sat Jun 09 20:06:33 UTC 2018
1 ms. Memory: 230400K Free: 211863K (92%)
ptolemy.util.test.WatchDog.cancel(): canceling Sat Jun 09 20:06:33 UTC 2018
------------------ testing $PTII/ptolemy/domains/de/test/auto/fsm_de_test.xml
auto.tcl: Setting watchdog for 200 seconds at Sat Jun 09 20:06:33 UTC 2018
6 ms. Memory: 229888K Free: 213394K (93%)
ptolemy.util.test.WatchDog.cancel(): canceling Sat Jun 09 20:06:33 UTC 2018
auto.tcl: Setting watchdog for 200 seconds at Sat Jun 09 20:06:33 UTC 2018
8 ms. Memory: 229888K Free: 211262K (92%)
ptolemy.util.test.WatchDog.cancel(): canceling Sat Jun 09 20:06:33 UTC 2018
------------------ testing $PTII/ptolemy/domains/de/test/auto/functionDependencyReconstruction.xml
auto.tcl: Setting watchdog for 200 seconds at Sat Jun 09 20:06:33 UTC 2018
2 ms. Memory: 230400K Free: 205346K (89%)
ptolemy.util.test.WatchDog.cancel(): canceling Sat Jun 09 20:06:33 UTC 2018
auto.tcl: Setting watchdog for 200 seconds at Sat Jun 09 20:06:33 UTC 2018
3 ms. Memory: 230400K Free: 203199K (88%)
ptolemy.util.test.WatchDog.cancel(): canceling Sat Jun 09 20:06:33 UTC 2018
------------------ testing $PTII/ptolemy/domains/de/test/auto/multirate.xml
auto.tcl: Setting watchdog for 200 seconds at Sat Jun 09 20:06:34 UTC 2018
8 ms. Memory: 229888K Free: 215408K (94%)
ptolemy.util.test.WatchDog.cancel(): canceling Sat Jun 09 20:06:34 UTC 2018
auto.tcl: Setting watchdog for 200 seconds at Sat Jun 09 20:06:34 UTC 2018
3 ms. Memory: 229888K Free: 213275K (93%)
ptolemy.util.test.WatchDog.cancel(): canceling Sat Jun 09 20:06:34 UTC 2018
------------------ testing $PTII/ptolemy/domains/de/test/auto/multirate2.xml
auto.tcl: Setting watchdog for 200 seconds at Sat Jun 09 20:06:34 UTC 2018
3 ms. Memory: 230400K Free: 216100K (94%)
ptolemy.util.test.WatchDog.cancel(): canceling Sat Jun 09 20:06:34 UTC 2018
auto.tcl: Setting watchdog for 200 seconds at Sat Jun 09 20:06:34 UTC 2018
3 ms. Memory: 230400K Free: 213969K (93%)
ptolemy.util.test.WatchDog.cancel(): canceling Sat Jun 09 20:06:34 UTC 2018
------------------ testing $PTII/ptolemy/domains/de/test/auto/realtime.xml
auto.tcl: Setting watchdog for 200 seconds at Sat Jun 09 20:06:34 UTC 2018
10001 ms. Memory: 229888K Free: 217709K (95%)
ptolemy.util.test.WatchDog.cancel(): canceling Sat Jun 09 20:06:44 UTC 2018
auto.tcl: Setting watchdog for 200 seconds at Sat Jun 09 20:06:44 UTC 2018
10003 ms. Memory: 229888K Free: 215562K (94%)
ptolemy.util.test.WatchDog.cancel(): canceling Sat Jun 09 20:06:54 UTC 2018
------------------ testing $PTII/ptolemy/domains/de/test/auto/relationGroup.xml
auto.tcl: Setting watchdog for 200 seconds at Sat Jun 09 20:06:54 UTC 2018
1 ms. Memory: 230400K Free: 219750K (95%)
ptolemy.util.test.WatchDog.cancel(): canceling Sat Jun 09 20:06:54 UTC 2018
auto.tcl: Setting watchdog for 200 seconds at Sat Jun 09 20:06:54 UTC 2018
1 ms. Memory: 230400K Free: 219750K (95%)
ptolemy.util.test.WatchDog.cancel(): canceling Sat Jun 09 20:06:54 UTC 2018
------------------ testing $PTII/ptolemy/domains/de/test/auto/relationGroup2.xml
auto.tcl: Setting watchdog for 200 seconds at Sat Jun 09 20:06:54 UTC 2018
1 ms. Memory: 229888K Free: 217764K (95%)
ptolemy.util.test.WatchDog.cancel(): canceling Sat Jun 09 20:06:54 UTC 2018
auto.tcl: Setting watchdog for 200 seconds at Sat Jun 09 20:06:54 UTC 2018
1 ms. Memory: 229888K Free: 217764K (95%)
ptolemy.util.test.WatchDog.cancel(): canceling Sat Jun 09 20:06:54 UTC 2018
------------------ testing $PTII/ptolemy/domains/de/test/auto/sortWithOpaquePorts.xml
auto.tcl: Setting watchdog for 200 seconds at Sat Jun 09 20:06:54 UTC 2018
1 ms. Memory: 230400K Free: 218277K (95%)
ptolemy.util.test.WatchDog.cancel(): canceling Sat Jun 09 20:06:54 UTC 2018
auto.tcl: Setting watchdog for 200 seconds at Sat Jun 09 20:06:54 UTC 2018
2 ms. Memory: 230400K Free: 216129K (94%)
ptolemy.util.test.WatchDog.cancel(): canceling Sat Jun 09 20:06:54 UTC 2018
------------------ testing $PTII/ptolemy/domains/de/test/auto/transferInputsandOutputs.xml
auto.tcl: Setting watchdog for 200 seconds at Sat Jun 09 20:06:54 UTC 2018
2 ms. Memory: 229888K Free: 215621K (94%)
ptolemy.util.test.WatchDog.cancel(): canceling Sat Jun 09 20:06:54 UTC 2018
auto.tcl: Setting watchdog for 200 seconds at Sat Jun 09 20:06:54 UTC 2018
1 ms. Memory: 229888K Free: 213473K (93%)
ptolemy.util.test.WatchDog.cancel(): canceling Sat Jun 09 20:06:54 UTC 2018
------------------ testing $PTII/ptolemy/domains/de/test/auto/triggerType.xml
auto.tcl: Setting watchdog for 200 seconds at Sat Jun 09 20:06:54 UTC 2018
1 ms. Memory: 230400K Free: 218215K (95%)
ptolemy.util.test.WatchDog.cancel(): canceling Sat Jun 09 20:06:54 UTC 2018
auto.tcl: Setting watchdog for 200 seconds at Sat Jun 09 20:06:54 UTC 2018
1 ms. Memory: 230400K Free: 216084K (94%)
ptolemy.util.test.WatchDog.cancel(): canceling Sat Jun 09 20:06:54 UTC 2018
06/09/18 08:06:54
Failed: 0  Total Tests: 192  ((Passed: 187, Newly Passed: 1)  Known Failed: 5) /home/travis/build/icyphy/ptII/ptolemy/domains/de/test
06/09/18 08:06:54
Failed: 0  Total Tests: 192  ((Passed: 187, Newly Passed: 1)  Known Failed: 5) /home/travis/build/icyphy/ptII/ptolemy/domains/de/test
----------------- testing (KnownFailure) /home/travis/build/icyphy/ptII/ptolemy/domains/de/test/auto/knownFailedTests/DESDFClockTest.xml
2008 ms. Memory: 229888K Free: 210975K (92%)
Known Failure: java.lang.reflect.InvocationTargetException
----------------- testing (KnownFailure) /home/travis/build/icyphy/ptII/ptolemy/domains/de/test/auto/knownFailedTests/DirectFeedback.xml
1 ms. Memory: 229888K Free: 199097K (87%)
Known Failure: java.lang.reflect.InvocationTargetException
----------------- testing (KnownFailure) /home/travis/build/icyphy/ptII/ptolemy/domains/de/test/auto/knownFailedTests/FSMSource.xml
5 ms. Memory: 229888K Free: 184232K (80%)
----------------- testing (KnownFailure) /home/travis/build/icyphy/ptII/ptolemy/domains/de/test/auto/knownFailedTests/HierarchicalModel.xml
2 ms. Memory: 229888K Free: 163405K (71%)
Known Failure: java.lang.reflect.InvocationTargetException
----------------- testing (KnownFailure) /home/travis/build/icyphy/ptII/ptolemy/domains/de/test/auto/knownFailedTests/dependencyLoop.xml
2 ms. Memory: 229888K Free: 139616K (61%)
Known Failure: java.lang.reflect.InvocationTargetException
----------------- testing (KnownFailure) /home/travis/build/icyphy/ptII/ptolemy/domains/de/test/auto/knownFailedTests/dependencyLoop2.xml
2 ms. Memory: 229888K Free: 115826K (50%)
Known Failure: java.lang.reflect.InvocationTargetException
No auto/linux-amd64/*.xml tests in /home/travis/build/icyphy/ptII/ptolemy/domains/de/test
AutoTests.java: About to close Vertx.
AutoTests.java: Vertx closed.

===========================================================================================
----------------- testing Sat Jun 09 20:06:56 UTC 2018 /home/travis/build/icyphy/ptII/ptolemy/domains/de/test/auto/ActorDepthCalculation_actorWithoutPorts.xml
----------------- Instantiating /home/travis/build/icyphy/ptII/ptolemy/domains/de/test/auto/ActorDepthCalculation_actorWithoutPorts.xml
2 ms. Memory: 229888K Free: 97992K (43%)
----------------- Invoking toplevel() on ptolemy.moml.MoMLSimpleApplication@e30d88a
----------------- Done invoking toplevel() on ptolemy.moml.MoMLSimpleApplication@e30d88a
reloadAllAccessors: .ActorDepthCalculation_actorWithoutPorts

===========================================================================================
----------------- testing Sat Jun 09 20:06:56 UTC 2018 /home/travis/build/icyphy/ptII/ptolemy/domains/de/test/auto/AssemblyLine.xml
----------------- Instantiating /home/travis/build/icyphy/ptII/ptolemy/domains/de/test/auto/AssemblyLine.xml
1 ms. Memory: 229888K Free: 86098K (37%)
----------------- Invoking toplevel() on ptolemy.moml.MoMLSimpleApplication@74881388
----------------- Done invoking toplevel() on ptolemy.moml.MoMLSimpleApplication@74881388
reloadAllAccessors: .AssemblyLine

===========================================================================================
----------------- testing Sat Jun 09 20:06:56 UTC 2018 /home/travis/build/icyphy/ptII/ptolemy/domains/de/test/auto/CQBug1.xml
----------------- Instantiating /home/travis/build/icyphy/ptII/ptolemy/domains/de/test/auto/CQBug1.xml
1 ms. Memory: 229888K Free: 78027K (34%)
----------------- Invoking toplevel() on ptolemy.moml.MoMLSimpleApplication@35738a2b
----------------- Done invoking toplevel() on ptolemy.moml.MoMLSimpleApplication@35738a2b
reloadAllAccessors: .CQBug1

===========================================================================================
----------------- testing Sat Jun 09 20:06:56 UTC 2018 /home/travis/build/icyphy/ptII/ptolemy/domains/de/test/auto/CancelFireAt.xml
----------------- Instantiating /home/travis/build/icyphy/ptII/ptolemy/domains/de/test/auto/CancelFireAt.xml
0 ms. Memory: 223744K Free: 215623K (96%)
----------------- Invoking toplevel() on ptolemy.moml.MoMLSimpleApplication@10fada34
----------------- Done invoking toplevel() on ptolemy.moml.MoMLSimpleApplication@10fada34
reloadAllAccessors: .CancelFireAt

===========================================================================================
----------------- testing Sat Jun 09 20:06:56 UTC 2018 /home/travis/build/icyphy/ptII/ptolemy/domains/de/test/auto/CausalityAndComposabilityAnalysis.xml
----------------- Instantiating /home/travis/build/icyphy/ptII/ptolemy/domains/de/test/auto/CausalityAndComposabilityAnalysis.xml
1 ms. Memory: 223744K Free: 208579K (93%)
----------------- Invoking toplevel() on ptolemy.moml.MoMLSimpleApplication@3f3583e3
----------------- Done invoking toplevel() on ptolemy.moml.MoMLSimpleApplication@3f3583e3
reloadAllAccessors: .CausalityAndComposabilityAnalysis

===========================================================================================
----------------- testing Sat Jun 09 20:06:56 UTC 2018 /home/travis/build/icyphy/ptII/ptolemy/domains/de/test/auto/CausalityInterface1.xml
----------------- Instantiating /home/travis/build/icyphy/ptII/ptolemy/domains/de/test/auto/CausalityInterface1.xml
3 ms. Memory: 223744K Free: 202870K (91%)
----------------- Invoking toplevel() on ptolemy.moml.MoMLSimpleApplication@64538e25
----------------- Done invoking toplevel() on ptolemy.moml.MoMLSimpleApplication@64538e25
reloadAllAccessors: .CausalityInterface1

===========================================================================================
----------------- testing Sat Jun 09 20:06:56 UTC 2018 /home/travis/build/icyphy/ptII/ptolemy/domains/de/test/auto/CausalityInterface15.xml
----------------- Instantiating /home/travis/build/icyphy/ptII/ptolemy/domains/de/test/auto/CausalityInterface15.xml
2 ms. Memory: 223744K Free: 195721K (87%)
----------------- Invoking toplevel() on ptolemy.moml.MoMLSimpleApplication@36bd431d
----------------- Done invoking toplevel() on ptolemy.moml.MoMLSimpleApplication@36bd431d
reloadAllAccessors: .CausalityInterface15

[...]
java.lang.RuntimeException: Execution failed
	at ptolemy.moml.MoMLSimpleApplication$UnloadThread.run(MoMLSimpleApplication.java:402)
Caused by: ptolemy.kernel.util.IllegalActionException: Test fails in iteration 1.
Value was: 1.0. Should have been: 2.0
  in .DirectFeedback.Test
	at ptolemy.actor.lib.Test.fire(Test.java:268)
	at ptolemy.domains.de.kernel.DEDirector._fire(DEDirector.java:1949)
	at ptolemy.domains.de.kernel.DEDirector.fire(DEDirector.java:502)
	at ptolemy.actor.CompositeActor.fire(CompositeActor.java:455)
	at ptolemy.actor.Manager.iterate(Manager.java:851)
	at ptolemy.actor.Manager.execute(Manager.java:369)
	at ptolemy.actor.Manager.run(Manager.java:1263)
	at ptolemy.actor.Manager$PtolemyRunThread.run(Manager.java:1915)
java.lang.RuntimeException: Execution failed
	at ptolemy.moml.MoMLSimpleApplication$UnloadThread.run(MoMLSimpleApplication.java:402)
Caused by: ptolemy.kernel.util.IllegalActionException: Actor is not ready to fire.  Perhaps UpSample.prefire() returned false? Try debugging the actor by selecting "Listen to Actor".  Also, for SDF check moml for tokenConsumptionRate on input.
  in .DESDFClockTest.Play Bell.Copy1:SDF Director and .DESDFClockTest.Play Bell.UpSample
	at ptolemy.actor.sched.StaticSchedulingDirector.fire(StaticSchedulingDirector.java:227)
	at ptolemy.domains.sdf.kernel.SDFDirector.fire(SDFDirector.java:500)
	at ptolemy.actor.CompositeActor.fire(CompositeActor.java:455)
	at ptolemy.domains.de.kernel.DEDirector._fire(DEDirector.java:1949)
	at ptolemy.domains.de.kernel.DEDirector.fire(DEDirector.java:502)
	at ptolemy.actor.CompositeActor.fire(CompositeActor.java:455)
	at ptolemy.actor.Manager.iterate(Manager.java:851)
	at ptolemy.actor.Manager.execute(Manager.java:369)
	at ptolemy.actor.Manager.run(Manager.java:1263)
	at ptolemy.actor.Manager$PtolemyRunThread.run(Manager.java:1915)
java.lang.reflect.InvocationTargetException
	at sun.reflect.NativeConstructorAccessorImpl.newInstance0(Native Method)
	at sun.reflect.NativeConstructorAccessorImpl.newInstance(NativeConstructorAccessorImpl.java:62)
	at sun.reflect.DelegatingConstructorAccessorImpl.newInstance(DelegatingConstructorAccessorImpl.java:45)
	at java.lang.reflect.Constructor.newInstance(Constructor.java:423)
	at ptolemy.util.test.junit.AutoKnownFailedTests.RunModel(AutoKnownFailedTests.java:107)
	at sun.reflect.NativeMethodAccessorImpl.invoke0(Native Method)
	at sun.reflect.NativeMethodAccessorImpl.invoke(NativeMethodAccessorImpl.java:62)
	at sun.reflect.DelegatingMethodAccessorImpl.invoke(DelegatingMethodAccessorImpl.java:43)
	at java.lang.reflect.Method.invoke(Method.java:498)
	at org.junit.runners.model.FrameworkMethod$1.runReflectiveCall(FrameworkMethod.java:44)
	at org.junit.internal.runners.model.ReflectiveCallable.run(ReflectiveCallable.java:15)
	at org.junit.runners.model.FrameworkMethod.invokeExplosively(FrameworkMethod.java:41)
	at junitparams.internal.InvokeParameterisedMethod.evaluate(InvokeParameterisedMethod.java:102)
	at org.junit.internal.runners.statements.FailOnTimeout$1.run(FailOnTimeout.java:28)
Caused by: ptolemy.kernel.util.IllegalActionException: Actor is not ready to fire.  Perhaps UpSample.prefire() returned false? Try debugging the actor by selecting "Listen to Actor".  Also, for SDF check moml for tokenConsumptionRate on input.
  in .DESDFClockTest.Play Bell.Copy1:SDF Director and .DESDFClockTest.Play Bell.UpSample
	at ptolemy.actor.sched.StaticSchedulingDirector.fire(StaticSchedulingDirector.java:227)
	at ptolemy.domains.sdf.kernel.SDFDirector.fire(SDFDirector.java:500)
	at ptolemy.actor.CompositeActor.fire(CompositeActor.java:455)
	at ptolemy.domains.de.kernel.DEDirector._fire(DEDirector.java:1949)
	at ptolemy.domains.de.kernel.DEDirector.fire(DEDirector.java:502)
	at ptolemy.actor.CompositeActor.fire(CompositeActor.java:455)
	at ptolemy.actor.Manager.iterate(Manager.java:851)
	at ptolemy.actor.Manager.execute(Manager.java:369)
	at ptolemy.actor.Manager.run(Manager.java:1263)
	at ptolemy.actor.Manager$PtolemyRunThread.run(Manager.java:1915)
java.lang.RuntimeException: Execution failed
	at ptolemy.moml.MoMLSimpleApplication$UnloadThread.run(MoMLSimpleApplication.java:402)
Caused by: ptolemy.kernel.util.IllegalActionException: Test fails in iteration 1.
Value was: 1.0. Should have been: 2.0
  in .DirectFeedback.Test
	at ptolemy.actor.lib.Test.fire(Test.java:268)
	at ptolemy.domains.de.kernel.DEDirector._fire(DEDirector.java:1949)
	at ptolemy.domains.de.kernel.DEDirector.fire(DEDirector.java:502)
	at ptolemy.actor.CompositeActor.fire(CompositeActor.java:455)
	at ptolemy.actor.Manager.iterate(Manager.java:851)
	at ptolemy.actor.Manager.execute(Manager.java:369)
	at ptolemy.actor.Manager.run(Manager.java:1263)
	at ptolemy.actor.Manager$PtolemyRunThread.run(Manager.java:1915)
java.lang.reflect.InvocationTargetException
	at sun.reflect.NativeConstructorAccessorImpl.newInstance0(Native Method)
	at sun.reflect.NativeConstructorAccessorImpl.newInstance(NativeConstructorAccessorImpl.java:62)
	at sun.reflect.DelegatingConstructorAccessorImpl.newInstance(DelegatingConstructorAccessorImpl.java:45)
	at java.lang.reflect.Constructor.newInstance(Constructor.java:423)
	at ptolemy.util.test.junit.AutoKnownFailedTests.RunModel(AutoKnownFailedTests.java:107)
	at sun.reflect.NativeMethodAccessorImpl.invoke0(Native Method)
	at sun.reflect.NativeMethodAccessorImpl.invoke(NativeMethodAccessorImpl.java:62)
	at sun.reflect.DelegatingMethodAccessorImpl.invoke(DelegatingMethodAccessorImpl.java:43)
	at java.lang.reflect.Method.invoke(Method.java:498)
	at org.junit.runners.model.FrameworkMethod$1.runReflectiveCall(FrameworkMethod.java:44)
	at org.junit.internal.runners.model.ReflectiveCallable.run(ReflectiveCallable.java:15)
	at org.junit.runners.model.FrameworkMethod.invokeExplosively(FrameworkMethod.java:41)
	at junitparams.internal.InvokeParameterisedMethod.evaluate(InvokeParameterisedMethod.java:102)
	at org.junit.internal.runners.statements.FailOnTimeout$1.run(FailOnTimeout.java:28)
Caused by: ptolemy.kernel.util.IllegalActionException: Test fails in iteration 1.
Value was: 1.0. Should have been: 2.0
  in .DirectFeedback.Test
	at ptolemy.actor.lib.Test.fire(Test.java:268)
	at ptolemy.domains.de.kernel.DEDirector._fire(DEDirector.java:1949)
	at ptolemy.domains.de.kernel.DEDirector.fire(DEDirector.java:502)
	at ptolemy.actor.CompositeActor.fire(CompositeActor.java:455)
	at ptolemy.actor.Manager.iterate(Manager.java:851)
	at ptolemy.actor.Manager.execute(Manager.java:369)
	at ptolemy.actor.Manager.run(Manager.java:1263)
	at ptolemy.actor.Manager$PtolemyRunThread.run(Manager.java:1915)
java.lang.RuntimeException: Execution failed
	at ptolemy.moml.MoMLSimpleApplication$UnloadThread.run(MoMLSimpleApplication.java:402)
Caused by: ptolemy.kernel.util.IllegalActionException: Found a zero delay loop containing .HierarchicalModel.A
  in .HierarchicalModel and .HierarchicalModel.A
	at ptolemy.actor.util.CausalityInterfaceForComposites._computeOutputPortDepth(CausalityInterfaceForComposites.java:759)
	at ptolemy.actor.util.CausalityInterfaceForComposites._computeInputDepth(CausalityInterfaceForComposites.java:696)
	at ptolemy.actor.util.CausalityInterfaceForComposites._computeOutputPortDepth(CausalityInterfaceForComposites.java:765)
	at ptolemy.actor.util.CausalityInterfaceForComposites._computeInputDepth(CausalityInterfaceForComposites.java:696)
	at ptolemy.actor.util.CausalityInterfaceForComposites._computeOutputPortDepth(CausalityInterfaceForComposites.java:765)
	at ptolemy.actor.util.CausalityInterfaceForComposites._computeInputDepth(CausalityInterfaceForComposites.java:696)
	at ptolemy.actor.util.CausalityInterfaceForComposites._computeActorDepth(CausalityInterfaceForComposites.java:532)
	at ptolemy.actor.util.CausalityInterfaceForComposites.checkForCycles(CausalityInterfaceForComposites.java:96)
	at ptolemy.domains.de.kernel.DEDirector.preinitialize(DEDirector.java:1338)
	at ptolemy.actor.CompositeActor.preinitialize(CompositeActor.java:1828)
	at ptolemy.actor.Manager.preinitializeAndResolveTypes(Manager.java:1040)
	at ptolemy.actor.Manager.initialize(Manager.java:710)
	at ptolemy.actor.Manager.execute(Manager.java:356)
	at ptolemy.actor.Manager.run(Manager.java:1263)
	at ptolemy.actor.Manager$PtolemyRunThread.run(Manager.java:1915)
java.lang.reflect.InvocationTargetException
	at sun.reflect.NativeConstructorAccessorImpl.newInstance0(Native Method)
	at sun.reflect.NativeConstructorAccessorImpl.newInstance(NativeConstructorAccessorImpl.java:62)
	at sun.reflect.DelegatingConstructorAccessorImpl.newInstance(DelegatingConstructorAccessorImpl.java:45)
	at java.lang.reflect.Constructor.newInstance(Constructor.java:423)
	at ptolemy.util.test.junit.AutoKnownFailedTests.RunModel(AutoKnownFailedTests.java:107)
	at sun.reflect.NativeMethodAccessorImpl.invoke0(Native Method)
	at sun.reflect.NativeMethodAccessorImpl.invoke(NativeMethodAccessorImpl.java:62)
	at sun.reflect.DelegatingMethodAccessorImpl.invoke(DelegatingMethodAccessorImpl.java:43)
	at java.lang.reflect.Method.invoke(Method.java:498)
	at org.junit.runners.model.FrameworkMethod$1.runReflectiveCall(FrameworkMethod.java:44)
	at org.junit.internal.runners.model.ReflectiveCallable.run(ReflectiveCallable.java:15)
	at org.junit.runners.model.FrameworkMethod.invokeExplosively(FrameworkMethod.java:41)
	at junitparams.internal.InvokeParameterisedMethod.evaluate(InvokeParameterisedMethod.java:102)
	at org.junit.internal.runners.statements.FailOnTimeout$1.run(FailOnTimeout.java:28)
Caused by: ptolemy.kernel.util.IllegalActionException: Found a zero delay loop containing .HierarchicalModel.A
  in .HierarchicalModel and .HierarchicalModel.A
	at ptolemy.actor.util.CausalityInterfaceForComposites._computeOutputPortDepth(CausalityInterfaceForComposites.java:759)
	at ptolemy.actor.util.CausalityInterfaceForComposites._computeInputDepth(CausalityInterfaceForComposites.java:696)
	at ptolemy.actor.util.CausalityInterfaceForComposites._computeOutputPortDepth(CausalityInterfaceForComposites.java:765)
	at ptolemy.actor.util.CausalityInterfaceForComposites._computeInputDepth(CausalityInterfaceForComposites.java:696)
	at ptolemy.actor.util.CausalityInterfaceForComposites._computeOutputPortDepth(CausalityInterfaceForComposites.java:765)
	at ptolemy.actor.util.CausalityInterfaceForComposites._computeInputDepth(CausalityInterfaceForComposites.java:696)
	at ptolemy.actor.util.CausalityInterfaceForComposites._computeActorDepth(CausalityInterfaceForComposites.java:532)
	at ptolemy.actor.util.CausalityInterfaceForComposites.checkForCycles(CausalityInterfaceForComposites.java:96)
	at ptolemy.domains.de.kernel.DEDirector.preinitialize(DEDirector.java:1338)
	at ptolemy.actor.CompositeActor.preinitialize(CompositeActor.java:1828)
	at ptolemy.actor.Manager.preinitializeAndResolveTypes(Manager.java:1040)
	at ptolemy.actor.Manager.initialize(Manager.java:710)
	at ptolemy.actor.Manager.execute(Manager.java:356)
	at ptolemy.actor.Manager.run(Manager.java:1263)
	at ptolemy.actor.Manager$PtolemyRunThread.run(Manager.java:1915)
java.lang.RuntimeException: Execution failed
	at ptolemy.moml.MoMLSimpleApplication$UnloadThread.run(MoMLSimpleApplication.java:402)
Caused by: ptolemy.kernel.util.IllegalActionException: Found a zero delay loop containing .dependencyLoop.original
  in .dependencyLoop and .dependencyLoop.original
	at ptolemy.actor.util.CausalityInterfaceForComposites._computeOutputPortDepth(CausalityInterfaceForComposites.java:759)
	at ptolemy.actor.util.CausalityInterfaceForComposites._computeInputDepth(CausalityInterfaceForComposites.java:696)
	at ptolemy.actor.util.CausalityInterfaceForComposites._computeOutputPortDepth(CausalityInterfaceForComposites.java:765)
	at ptolemy.actor.util.CausalityInterfaceForComposites._computeInputDepth(CausalityInterfaceForComposites.java:696)
	at ptolemy.actor.util.CausalityInterfaceForComposites._computeOutputPortDepth(CausalityInterfaceForComposites.java:765)
	at ptolemy.actor.util.CausalityInterfaceForComposites._computeInputDepth(CausalityInterfaceForComposites.java:696)
	at ptolemy.actor.util.CausalityInterfaceForComposites._computeActorDepth(CausalityInterfaceForComposites.java:532)
	at ptolemy.actor.util.CausalityInterfaceForComposites.checkForCycles(CausalityInterfaceForComposites.java:96)
	at ptolemy.domains.de.kernel.DEDirector.preinitialize(DEDirector.java:1338)
	at ptolemy.actor.CompositeActor.preinitialize(CompositeActor.java:1828)
	at ptolemy.actor.Manager.preinitializeAndResolveTypes(Manager.java:1040)
	at ptolemy.actor.Manager.initialize(Manager.java:710)
	at ptolemy.actor.Manager.execute(Manager.java:356)
	at ptolemy.actor.Manager.run(Manager.java:1263)
	at ptolemy.actor.Manager$PtolemyRunThread.run(Manager.java:1915)
java.lang.reflect.InvocationTargetException
	at sun.reflect.NativeConstructorAccessorImpl.newInstance0(Native Method)
	at sun.reflect.NativeConstructorAccessorImpl.newInstance(NativeConstructorAccessorImpl.java:62)
	at sun.reflect.DelegatingConstructorAccessorImpl.newInstance(DelegatingConstructorAccessorImpl.java:45)
	at java.lang.reflect.Constructor.newInstance(Constructor.java:423)
	at ptolemy.util.test.junit.AutoKnownFailedTests.RunModel(AutoKnownFailedTests.java:107)
	at sun.reflect.NativeMethodAccessorImpl.invoke0(Native Method)
	at sun.reflect.NativeMethodAccessorImpl.invoke(NativeMethodAccessorImpl.java:62)
	at sun.reflect.DelegatingMethodAccessorImpl.invoke(DelegatingMethodAccessorImpl.java:43)
	at java.lang.reflect.Method.invoke(Method.java:498)
	at org.junit.runners.model.FrameworkMethod$1.runReflectiveCall(FrameworkMethod.java:44)
	at org.junit.internal.runners.model.ReflectiveCallable.run(ReflectiveCallable.java:15)
	at org.junit.runners.model.FrameworkMethod.invokeExplosively(FrameworkMethod.java:41)
	at junitparams.internal.InvokeParameterisedMethod.evaluate(InvokeParameterisedMethod.java:102)
	at org.junit.internal.runners.statements.FailOnTimeout$1.run(FailOnTimeout.java:28)
Caused by: ptolemy.kernel.util.IllegalActionException: Found a zero delay loop containing .dependencyLoop.original
  in .dependencyLoop and .dependencyLoop.original
	at ptolemy.actor.util.CausalityInterfaceForComposites._computeOutputPortDepth(CausalityInterfaceForComposites.java:759)
	at ptolemy.actor.util.CausalityInterfaceForComposites._computeInputDepth(CausalityInterfaceForComposites.java:696)
	at ptolemy.actor.util.CausalityInterfaceForComposites._computeOutputPortDepth(CausalityInterfaceForComposites.java:765)
	at ptolemy.actor.util.CausalityInterfaceForComposites._computeInputDepth(CausalityInterfaceForComposites.java:696)
	at ptolemy.actor.util.CausalityInterfaceForComposites._computeOutputPortDepth(CausalityInterfaceForComposites.java:765)
	at ptolemy.actor.util.CausalityInterfaceForComposites._computeInputDepth(CausalityInterfaceForComposites.java:696)
	at ptolemy.actor.util.CausalityInterfaceForComposites._computeActorDepth(CausalityInterfaceForComposites.java:532)
	at ptolemy.actor.util.CausalityInterfaceForComposites.checkForCycles(CausalityInterfaceForComposites.java:96)
	at ptolemy.domains.de.kernel.DEDirector.preinitialize(DEDirector.java:1338)
	at ptolemy.actor.CompositeActor.preinitialize(CompositeActor.java:1828)
	at ptolemy.actor.Manager.preinitializeAndResolveTypes(Manager.java:1040)
	at ptolemy.actor.Manager.initialize(Manager.java:710)
	at ptolemy.actor.Manager.execute(Manager.java:356)
	at ptolemy.actor.Manager.run(Manager.java:1263)
	at ptolemy.actor.Manager$PtolemyRunThread.run(Manager.java:1915)
java.lang.RuntimeException: Execution failed
	at ptolemy.moml.MoMLSimpleApplication$UnloadThread.run(MoMLSimpleApplication.java:402)
Caused by: ptolemy.kernel.util.IllegalActionException: Found a zero delay loop containing .dependencyLoop2.original
  in .dependencyLoop2 and .dependencyLoop2.original
	at ptolemy.actor.util.CausalityInterfaceForComposites._computeOutputPortDepth(CausalityInterfaceForComposites.java:759)
	at ptolemy.actor.util.CausalityInterfaceForComposites._computeInputDepth(CausalityInterfaceForComposites.java:696)
	at ptolemy.actor.util.CausalityInterfaceForComposites._computeOutputPortDepth(CausalityInterfaceForComposites.java:765)
	at ptolemy.actor.util.CausalityInterfaceForComposites._computeInputDepth(CausalityInterfaceForComposites.java:696)
	at ptolemy.actor.util.CausalityInterfaceForComposites._computeOutputPortDepth(CausalityInterfaceForComposites.java:765)
	at ptolemy.actor.util.CausalityInterfaceForComposites._computeInputDepth(CausalityInterfaceForComposites.java:696)
	at ptolemy.actor.util.CausalityInterfaceForComposites._computeActorDepth(CausalityInterfaceForComposites.java:532)
	at ptolemy.actor.util.CausalityInterfaceForComposites.checkForCycles(CausalityInterfaceForComposites.java:96)
	at ptolemy.domains.de.kernel.DEDirector.preinitialize(DEDirector.java:1338)
	at ptolemy.actor.CompositeActor.preinitialize(CompositeActor.java:1828)
	at ptolemy.actor.Manager.preinitializeAndResolveTypes(Manager.java:1040)
	at ptolemy.actor.Manager.initialize(Manager.java:710)
	at ptolemy.actor.Manager.execute(Manager.java:356)
	at ptolemy.actor.Manager.run(Manager.java:1263)
	at ptolemy.actor.Manager$PtolemyRunThread.run(Manager.java:1915)
java.lang.reflect.InvocationTargetException
	at sun.reflect.NativeConstructorAccessorImpl.newInstance0(Native Method)
	at sun.reflect.NativeConstructorAccessorImpl.newInstance(NativeConstructorAccessorImpl.java:62)
	at sun.reflect.DelegatingConstructorAccessorImpl.newInstance(DelegatingConstructorAccessorImpl.java:45)
	at java.lang.reflect.Constructor.newInstance(Constructor.java:423)
	at ptolemy.util.test.junit.AutoKnownFailedTests.RunModel(AutoKnownFailedTests.java:107)
	at sun.reflect.NativeMethodAccessorImpl.invoke0(Native Method)
	at sun.reflect.NativeMethodAccessorImpl.invoke(NativeMethodAccessorImpl.java:62)
	at sun.reflect.DelegatingMethodAccessorImpl.invoke(DelegatingMethodAccessorImpl.java:43)
	at java.lang.reflect.Method.invoke(Method.java:498)
	at org.junit.runners.model.FrameworkMethod$1.runReflectiveCall(FrameworkMethod.java:44)
	at org.junit.internal.runners.model.ReflectiveCallable.run(ReflectiveCallable.java:15)
	at org.junit.runners.model.FrameworkMethod.invokeExplosively(FrameworkMethod.java:41)
	at junitparams.internal.InvokeParameterisedMethod.evaluate(InvokeParameterisedMethod.java:102)
	at org.junit.internal.runners.statements.FailOnTimeout$1.run(FailOnTimeout.java:28)
Caused by: ptolemy.kernel.util.IllegalActionException: Found a zero delay loop containing .dependencyLoop2.original
  in .dependencyLoop2 and .dependencyLoop2.original
	at ptolemy.actor.util.CausalityInterfaceForComposites._computeOutputPortDepth(CausalityInterfaceForComposites.java:759)
	at ptolemy.actor.util.CausalityInterfaceForComposites._computeInputDepth(CausalityInterfaceForComposites.java:696)
	at ptolemy.actor.util.CausalityInterfaceForComposites._computeOutputPortDepth(CausalityInterfaceForComposites.java:765)
	at ptolemy.actor.util.CausalityInterfaceForComposites._computeInputDepth(CausalityInterfaceForComposites.java:696)
	at ptolemy.actor.util.CausalityInterfaceForComposites._computeOutputPortDepth(CausalityInterfaceForComposites.java:765)
	at ptolemy.actor.util.CausalityInterfaceForComposites._computeInputDepth(CausalityInterfaceForComposites.java:696)
	at ptolemy.actor.util.CausalityInterfaceForComposites._computeActorDepth(CausalityInterfaceForComposites.java:532)
	at ptolemy.actor.util.CausalityInterfaceForComposites.checkForCycles(CausalityInterfaceForComposites.java:96)
	at ptolemy.domains.de.kernel.DEDirector.preinitialize(DEDirector.java:1338)
	at ptolemy.actor.CompositeActor.preinitialize(CompositeActor.java:1828)
	at ptolemy.actor.Manager.preinitializeAndResolveTypes(Manager.java:1040)
	at ptolemy.actor.Manager.initialize(Manager.java:710)
	at ptolemy.actor.Manager.execute(Manager.java:356)
	at ptolemy.actor.Manager.run(Manager.java:1263)
	at ptolemy.actor.Manager$PtolemyRunThread.run(Manager.java:1915)
]]></system-err>
</testsuite>
