<?xml version="1.0" encoding="UTF-8" ?>
<testsuite errors="0" failures="0" hostname="travis-job-8c3e081a-0a87-48a3-a37b-351097655d57" name="ptolemy.actor.lib.hoc.test.junit.JUnitTclTest" skipped="0" tests="58" time="25.034" timestamp="2018-06-20T03:50:48">
  <properties>
[...]
</properties>
  <testcase classname="ptolemy.util.test.junit.TclTests" name="[0] /home/travis/build/icyphy/ptII/ptolemy/actor/lib/hoc/test/IterateOverArray.tcl (RunTclFile)" time="0.332" />
  <testcase classname="ptolemy.util.test.junit.AutoKnownFailedTests" name="[0] /home/travis/build/icyphy/ptII/ptolemy/actor/lib/hoc/test/auto/knownFailedTests/PreinitializeMustBeInvokedRunComposite.xml (RunModel)" time="0.259" />
  <testcase classname="ptolemy.util.test.junit.AutoNameArchTests" name="[0] ThereAreNoAutoArchTests (RunModel)" time="0.001" />
  <testcase classname="ptolemy.util.test.junit.AutoTests" name="[0] /home/travis/build/icyphy/ptII/ptolemy/actor/lib/hoc/test/auto/AllToAllMultiInstanceComposite.xml (RunModel)" time="0.227" />
  <testcase classname="ptolemy.util.test.junit.AutoTests" name="[1] /home/travis/build/icyphy/ptII/ptolemy/actor/lib/hoc/test/auto/ApplyFFTTest.xml (RunModel)" time="0.258" />
  <testcase classname="ptolemy.util.test.junit.AutoTests" name="[2] /home/travis/build/icyphy/ptII/ptolemy/actor/lib/hoc/test/auto/ApplyFunction.xml (RunModel)" time="0.024" />
  <testcase classname="ptolemy.util.test.junit.AutoTests" name="[3] /home/travis/build/icyphy/ptII/ptolemy/actor/lib/hoc/test/auto/BackgroundExecution.xml (RunModel)" time="0.732" />
  <testcase classname="ptolemy.util.test.junit.AutoTests" name="[4] /home/travis/build/icyphy/ptII/ptolemy/actor/lib/hoc/test/auto/Case.xml (RunModel)" time="0.072" />
  <testcase classname="ptolemy.util.test.junit.AutoTests" name="[5] /home/travis/build/icyphy/ptII/ptolemy/actor/lib/hoc/test/auto/Case1.xml (RunModel)" time="0.038" />
  <testcase classname="ptolemy.util.test.junit.AutoTests" name="[6] /home/travis/build/icyphy/ptII/ptolemy/actor/lib/hoc/test/auto/Case2.xml (RunModel)" time="0.089" />
  <testcase classname="ptolemy.util.test.junit.AutoTests" name="[7] /home/travis/build/icyphy/ptII/ptolemy/actor/lib/hoc/test/auto/Case3.xml (RunModel)" time="0.075" />
  <testcase classname="ptolemy.util.test.junit.AutoTests" name="[8] /home/travis/build/icyphy/ptII/ptolemy/actor/lib/hoc/test/auto/Case4.xml (RunModel)" time="0.067" />
  <testcase classname="ptolemy.util.test.junit.AutoTests" name="[9] /home/travis/build/icyphy/ptII/ptolemy/actor/lib/hoc/test/auto/Case5.xml (RunModel)" time="0.058" />
  <testcase classname="ptolemy.util.test.junit.AutoTests" name="[10] /home/travis/build/icyphy/ptII/ptolemy/actor/lib/hoc/test/auto/Case6.xml (RunModel)" time="0.087" />
  <testcase classname="ptolemy.util.test.junit.AutoTests" name="[11] /home/travis/build/icyphy/ptII/ptolemy/actor/lib/hoc/test/auto/CaseString2.xml (RunModel)" time="0.048" />
  <testcase classname="ptolemy.util.test.junit.AutoTests" name="[12] /home/travis/build/icyphy/ptII/ptolemy/actor/lib/hoc/test/auto/CatchUpComposite1.xml (RunModel)" time="0.07" />
  <testcase classname="ptolemy.util.test.junit.AutoTests" name="[13] /home/travis/build/icyphy/ptII/ptolemy/actor/lib/hoc/test/auto/CatchUpComposite2.xml (RunModel)" time="0.086" />
  <testcase classname="ptolemy.util.test.junit.AutoTests" name="[14] /home/travis/build/icyphy/ptII/ptolemy/actor/lib/hoc/test/auto/CatchUpComposite3.xml (RunModel)" time="0.067" />
  <testcase classname="ptolemy.util.test.junit.AutoTests" name="[15] /home/travis/build/icyphy/ptII/ptolemy/actor/lib/hoc/test/auto/CatchUpComposite4.xml (RunModel)" time="0.062" />
  <testcase classname="ptolemy.util.test.junit.AutoTests" name="[16] /home/travis/build/icyphy/ptII/ptolemy/actor/lib/hoc/test/auto/CatchUpComposite5.xml (RunModel)" time="0.059" />
  <testcase classname="ptolemy.util.test.junit.AutoTests" name="[17] /home/travis/build/icyphy/ptII/ptolemy/actor/lib/hoc/test/auto/CatchUpComposite6.xml (RunModel)" time="0.179" />
  <testcase classname="ptolemy.util.test.junit.AutoTests" name="[18] /home/travis/build/icyphy/ptII/ptolemy/actor/lib/hoc/test/auto/CatchUpComposite7.xml (RunModel)" time="0.095" />
  <testcase classname="ptolemy.util.test.junit.AutoTests" name="[19] /home/travis/build/icyphy/ptII/ptolemy/actor/lib/hoc/test/auto/ConcurrentExecutionTimeSDF.xml (RunModel)" time="1.582" />
  <testcase classname="ptolemy.util.test.junit.AutoTests" name="[20] /home/travis/build/icyphy/ptII/ptolemy/actor/lib/hoc/test/auto/ConcurrentSleep.xml (RunModel)" time="0.792" />
  <testcase classname="ptolemy.util.test.junit.AutoTests" name="[21] /home/travis/build/icyphy/ptII/ptolemy/actor/lib/hoc/test/auto/DEInPNInRunCompositeActor.xml (RunModel)" time="0.054" />
  <testcase classname="ptolemy.util.test.junit.AutoTests" name="[22] /home/travis/build/icyphy/ptII/ptolemy/actor/lib/hoc/test/auto/DFTSubSetTest.xml (RunModel)" time="0.307" />
  <testcase classname="ptolemy.util.test.junit.AutoTests" name="[23] /home/travis/build/icyphy/ptII/ptolemy/actor/lib/hoc/test/auto/HocDE.xml (RunModel)" time="0.207" />
  <testcase classname="ptolemy.util.test.junit.AutoTests" name="[24] /home/travis/build/icyphy/ptII/ptolemy/actor/lib/hoc/test/auto/IterateOverArray.xml (RunModel)" time="0.023" />
  <testcase classname="ptolemy.util.test.junit.AutoTests" name="[25] /home/travis/build/icyphy/ptII/ptolemy/actor/lib/hoc/test/auto/IterateOverArray10.xml (RunModel)" time="0.024" />
  <testcase classname="ptolemy.util.test.junit.AutoTests" name="[26] /home/travis/build/icyphy/ptII/ptolemy/actor/lib/hoc/test/auto/IterateOverArray11.xml (RunModel)" time="0.027" />
  <testcase classname="ptolemy.util.test.junit.AutoTests" name="[27] /home/travis/build/icyphy/ptII/ptolemy/actor/lib/hoc/test/auto/IterateOverArray12.xml (RunModel)" time="0.066" />
  <testcase classname="ptolemy.util.test.junit.AutoTests" name="[28] /home/travis/build/icyphy/ptII/ptolemy/actor/lib/hoc/test/auto/IterateOverArray13.xml (RunModel)" time="0.181" />
  <testcase classname="ptolemy.util.test.junit.AutoTests" name="[29] /home/travis/build/icyphy/ptII/ptolemy/actor/lib/hoc/test/auto/IterateOverArray14.xml (RunModel)" time="0.159" />
  <testcase classname="ptolemy.util.test.junit.AutoTests" name="[30] /home/travis/build/icyphy/ptII/ptolemy/actor/lib/hoc/test/auto/IterateOverArray2.xml (RunModel)" time="0.031" />
  <testcase classname="ptolemy.util.test.junit.AutoTests" name="[31] /home/travis/build/icyphy/ptII/ptolemy/actor/lib/hoc/test/auto/IterateOverArray3.xml (RunModel)" time="0.039" />
  <testcase classname="ptolemy.util.test.junit.AutoTests" name="[32] /home/travis/build/icyphy/ptII/ptolemy/actor/lib/hoc/test/auto/IterateOverArray4.xml (RunModel)" time="0.021" />
  <testcase classname="ptolemy.util.test.junit.AutoTests" name="[33] /home/travis/build/icyphy/ptII/ptolemy/actor/lib/hoc/test/auto/IterateOverArray5.xml (RunModel)" time="0.02" />
  <testcase classname="ptolemy.util.test.junit.AutoTests" name="[34] /home/travis/build/icyphy/ptII/ptolemy/actor/lib/hoc/test/auto/IterateOverArray6.xml (RunModel)" time="0.02" />
  <testcase classname="ptolemy.util.test.junit.AutoTests" name="[35] /home/travis/build/icyphy/ptII/ptolemy/actor/lib/hoc/test/auto/IterateOverArray7.xml (RunModel)" time="0.019" />
  <testcase classname="ptolemy.util.test.junit.AutoTests" name="[36] /home/travis/build/icyphy/ptII/ptolemy/actor/lib/hoc/test/auto/IterateOverArray8.xml (RunModel)" time="0.021" />
  <testcase classname="ptolemy.util.test.junit.AutoTests" name="[37] /home/travis/build/icyphy/ptII/ptolemy/actor/lib/hoc/test/auto/IterateOverArray9.xml (RunModel)" time="0.025" />
  <testcase classname="ptolemy.util.test.junit.AutoTests" name="[38] /home/travis/build/icyphy/ptII/ptolemy/actor/lib/hoc/test/auto/IterateOverArrayCoercedOutputType.xml (RunModel)" time="0.038" />
  <testcase classname="ptolemy.util.test.junit.AutoTests" name="[39] /home/travis/build/icyphy/ptII/ptolemy/actor/lib/hoc/test/auto/IterateOverArrayInferredOutputType.xml (RunModel)" time="0.05" />
  <testcase classname="ptolemy.util.test.junit.AutoTests" name="[40] /home/travis/build/icyphy/ptII/ptolemy/actor/lib/hoc/test/auto/MobileFunctionTest.xml (RunModel)" time="0.023" />
  <testcase classname="ptolemy.util.test.junit.AutoTests" name="[41] /home/travis/build/icyphy/ptII/ptolemy/actor/lib/hoc/test/auto/MobileModelTest.xml (RunModel)" time="0.133" />
  <testcase classname="ptolemy.util.test.junit.AutoTests" name="[42] /home/travis/build/icyphy/ptII/ptolemy/actor/lib/hoc/test/auto/ModelReference.xml (RunModel)" time="0.1" />
  <testcase classname="ptolemy.util.test.junit.AutoTests" name="[43] /home/travis/build/icyphy/ptII/ptolemy/actor/lib/hoc/test/auto/ModelReference3.xml (RunModel)" time="0.069" />
  <testcase classname="ptolemy.util.test.junit.AutoTests" name="[44] /home/travis/build/icyphy/ptII/ptolemy/actor/lib/hoc/test/auto/ModelReference4.xml (RunModel)" time="10.044" />
  <testcase classname="ptolemy.util.test.junit.AutoTests" name="[45] /home/travis/build/icyphy/ptII/ptolemy/actor/lib/hoc/test/auto/MultiInstanceComposite.xml (RunModel)" time="0.053" />
  <testcase classname="ptolemy.util.test.junit.AutoTests" name="[46] /home/travis/build/icyphy/ptII/ptolemy/actor/lib/hoc/test/auto/MultiInstanceComposite2.xml (RunModel)" time="0.049" />
  <testcase classname="ptolemy.util.test.junit.AutoTests" name="[47] /home/travis/build/icyphy/ptII/ptolemy/actor/lib/hoc/test/auto/MulticoreExecution.xml (RunModel)" time="1.169" />
  <testcase classname="ptolemy.util.test.junit.AutoTests" name="[48] /home/travis/build/icyphy/ptII/ptolemy/actor/lib/hoc/test/auto/ParallelExecution.xml (RunModel)" time="0.931" />
  <testcase classname="ptolemy.util.test.junit.AutoTests" name="[49] /home/travis/build/icyphy/ptII/ptolemy/actor/lib/hoc/test/auto/RunCompositeActor.xml (RunModel)" time="0.027" />
  <testcase classname="ptolemy.util.test.junit.AutoTests" name="[50] /home/travis/build/icyphy/ptII/ptolemy/actor/lib/hoc/test/auto/RunCompositeActor2.xml (RunModel)" time="0.023" />
  <testcase classname="ptolemy.util.test.junit.AutoTests" name="[51] /home/travis/build/icyphy/ptII/ptolemy/actor/lib/hoc/test/auto/RunCompositeActor3.xml (RunModel)" time="0.032" />
  <testcase classname="ptolemy.util.test.junit.AutoTests" name="[52] /home/travis/build/icyphy/ptII/ptolemy/actor/lib/hoc/test/auto/RunCompositeActor4.xml (RunModel)" time="0.039" />
  <testcase classname="ptolemy.util.test.junit.AutoTests" name="[53] /home/travis/build/icyphy/ptII/ptolemy/actor/lib/hoc/test/auto/RunCompositeIterateOverArray.xml (RunModel)" time="0.029" />
  <testcase classname="ptolemy.util.test.junit.AutoTests" name="[54] /home/travis/build/icyphy/ptII/ptolemy/actor/lib/hoc/test/auto/ThreadedJS.xml (RunModel)" time="5.015" />
  <system-out><![CDATA[/home/travis/build/icyphy/ptII/ptolemy/actor/lib/hoc/test/IterateOverArray.tcl
testDefs.tcl: setting time out to 9000 seconds at Wed Jun 20 03:50:48 UTC 2018
06/20/18 03:50:48
Failed: 0  Total Tests: 2  ((Passed: 2, Newly Passed: 0)  Known Failed: 0) /home/travis/build/icyphy/ptII/ptolemy/actor/lib/hoc/test
----------------- testing (KnownFailure) /home/travis/build/icyphy/ptII/ptolemy/actor/lib/hoc/test/auto/knownFailedTests/PreinitializeMustBeInvokedRunComposite.xml
39 ms. Memory: 116224K Free: 103730K (89%)
Known Failure: java.lang.reflect.InvocationTargetException
No auto/linux-amd64/*.xml tests in /home/travis/build/icyphy/ptII/ptolemy/actor/lib/hoc/test
AutoTests.java: About to close Vertx.
AutoTests.java: Vertx closed.

===========================================================================================
----------------- testing Wed Jun 20 03:50:49 UTC 2018 /home/travis/build/icyphy/ptII/ptolemy/actor/lib/hoc/test/auto/AllToAllMultiInstanceComposite.xml
----------------- Instantiating /home/travis/build/icyphy/ptII/ptolemy/actor/lib/hoc/test/auto/AllToAllMultiInstanceComposite.xml
96 ms. Memory: 146944K Free: 108190K (74%)
----------------- Invoking toplevel() on ptolemy.moml.MoMLSimpleApplication@44c4b1f8
----------------- Done invoking toplevel() on ptolemy.moml.MoMLSimpleApplication@44c4b1f8
reloadAllAccessors: .AllToAllMultiInstanceComposite

===========================================================================================
----------------- testing Wed Jun 20 03:50:49 UTC 2018 /home/travis/build/icyphy/ptII/ptolemy/actor/lib/hoc/test/auto/ApplyFFTTest.xml
----------------- Instantiating /home/travis/build/icyphy/ptII/ptolemy/actor/lib/hoc/test/auto/ApplyFFTTest.xml
94 ms. Memory: 146944K Free: 88327K (60%)
----------------- Invoking toplevel() on ptolemy.moml.MoMLSimpleApplication@2fa35588
----------------- Done invoking toplevel() on ptolemy.moml.MoMLSimpleApplication@2fa35588
reloadAllAccessors: .ApplyFFTTest

===========================================================================================
----------------- testing Wed Jun 20 03:50:49 UTC 2018 /home/travis/build/icyphy/ptII/ptolemy/actor/lib/hoc/test/auto/ApplyFunction.xml
----------------- Instantiating /home/travis/build/icyphy/ptII/ptolemy/actor/lib/hoc/test/auto/ApplyFunction.xml
5 ms. Memory: 146944K Free: 84616K (58%)
----------------- Invoking toplevel() on ptolemy.moml.MoMLSimpleApplication@1da5223e
----------------- Done invoking toplevel() on ptolemy.moml.MoMLSimpleApplication@1da5223e
reloadAllAccessors: .ApplyFunction

===========================================================================================
----------------- testing Wed Jun 20 03:50:49 UTC 2018 /home/travis/build/icyphy/ptII/ptolemy/actor/lib/hoc/test/auto/BackgroundExecution.xml
----------------- Instantiating /home/travis/build/icyphy/ptII/ptolemy/actor/lib/hoc/test/auto/BackgroundExecution.xml
635 ms. Memory: 146944K Free: 136294K (93%)
----------------- Invoking toplevel() on ptolemy.moml.MoMLSimpleApplication@4b81499b
----------------- Done invoking toplevel() on ptolemy.moml.MoMLSimpleApplication@4b81499b
reloadAllAccessors: .BackgroundExecution

===========================================================================================
----------------- testing Wed Jun 20 03:50:50 UTC 2018 /home/travis/build/icyphy/ptII/ptolemy/actor/lib/hoc/test/auto/Case.xml
----------------- Instantiating /home/travis/build/icyphy/ptII/ptolemy/actor/lib/hoc/test/auto/Case.xml
18 ms. Memory: 146944K Free: 128027K (87%)
----------------- Invoking toplevel() on ptolemy.moml.MoMLSimpleApplication@3042a3c4
----------------- Done invoking toplevel() on ptolemy.moml.MoMLSimpleApplication@3042a3c4
reloadAllAccessors: .Case

===========================================================================================
----------------- testing Wed Jun 20 03:50:50 UTC 2018 /home/travis/build/icyphy/ptII/ptolemy/actor/lib/hoc/test/auto/Case1.xml
----------------- Instantiating /home/travis/build/icyphy/ptII/ptolemy/actor/lib/hoc/test/auto/Case1.xml
11 ms. Memory: 146944K Free: 121281K (83%)
----------------- Invoking toplevel() on ptolemy.moml.MoMLSimpleApplication@53f67504
----------------- Done invoking toplevel() on ptolemy.moml.MoMLSimpleApplication@53f67504
reloadAllAccessors: .Case1

===========================================================================================
----------------- testing Wed Jun 20 03:50:50 UTC 2018 /home/travis/build/icyphy/ptII/ptolemy/actor/lib/hoc/test/auto/Case2.xml
----------------- Instantiating /home/travis/build/icyphy/ptII/ptolemy/actor/lib/hoc/test/auto/Case2.xml
50 ms. Memory: 146944K Free: 109647K (75%)
----------------- Invoking toplevel() on ptolemy.moml.MoMLSimpleApplication@7621d398
----------------- Done invoking toplevel() on ptolemy.moml.MoMLSimpleApplication@7621d398
reloadAllAccessors: .Case2

===========================================================================================
----------------- testing Wed Jun 20 03:50:50 UTC 2018 /home/travis/build/icyphy/ptII/ptolemy/actor/lib/hoc/test/auto/Case3.xml
----------------- Instantiating /home/travis/build/icyphy/ptII/ptolemy/actor/lib/hoc/test/auto/Case3.xml
16 ms. Memory: 146944K Free: 103302K (70%)
----------------- Invoking toplevel() on ptolemy.moml.MoMLSimpleApplication@8c6ae9c
----------------- Done invoking toplevel() on ptolemy.moml.MoMLSimpleApplication@8c6ae9c
reloadAllAccessors: .Case3

===========================================================================================
----------------- testing Wed Jun 20 03:50:50 UTC 2018 /home/travis/build/icyphy/ptII/ptolemy/actor/lib/hoc/test/auto/Case4.xml
----------------- Instantiating /home/travis/build/icyphy/ptII/ptolemy/actor/lib/hoc/test/auto/Case4.xml
11 ms. Memory: 146944K Free: 94296K (64%)
----------------- Invoking toplevel() on ptolemy.moml.MoMLSimpleApplication@733e6dd8
----------------- Done invoking toplevel() on ptolemy.moml.MoMLSimpleApplication@733e6dd8
reloadAllAccessors: .Case4

===========================================================================================
----------------- testing Wed Jun 20 03:50:50 UTC 2018 /home/travis/build/icyphy/ptII/ptolemy/actor/lib/hoc/test/auto/Case5.xml
----------------- Instantiating /home/travis/build/icyphy/ptII/ptolemy/actor/lib/hoc/test/auto/Case5.xml
37 ms. Memory: 146944K Free: 87140K (59%)
----------------- Invoking toplevel() on ptolemy.moml.MoMLSimpleApplication@2b6babef
----------------- Done invoking toplevel() on ptolemy.moml.MoMLSimpleApplication@2b6babef
reloadAllAccessors: .junk

===========================================================================================
----------------- testing Wed Jun 20 03:50:51 UTC 2018 /home/travis/build/icyphy/ptII/ptolemy/actor/lib/hoc/test/auto/Case6.xml
----------------- Instantiating /home/travis/build/icyphy/ptII/ptolemy/actor/lib/hoc/test/auto/Case6.xml
33 ms. Memory: 208384K Free: 196841K (94%)
----------------- Invoking toplevel() on ptolemy.moml.MoMLSimpleApplication@8ec7e1a
----------------- Done invoking toplevel() on ptolemy.moml.MoMLSimpleApplication@8ec7e1a
reloadAllAccessors: .Case6

===========================================================================================
----------------- testing Wed Jun 20 03:50:51 UTC 2018 /home/travis/build/icyphy/ptII/ptolemy/actor/lib/hoc/test/auto/CaseString2.xml
----------------- Instantiating /home/travis/build/icyphy/ptII/ptolemy/actor/lib/hoc/test/auto/CaseString2.xml
17 ms. Memory: 208384K Free: 186948K (90%)
----------------- Invoking toplevel() on ptolemy.moml.MoMLSimpleApplication@43c8c1fa
----------------- Done invoking toplevel() on ptolemy.moml.MoMLSimpleApplication@43c8c1fa
reloadAllAccessors: .CaseString2

===========================================================================================
----------------- testing Wed Jun 20 03:50:51 UTC 2018 /home/travis/build/icyphy/ptII/ptolemy/actor/lib/hoc/test/auto/CatchUpComposite1.xml
----------------- Instantiating /home/travis/build/icyphy/ptII/ptolemy/actor/lib/hoc/test/auto/CatchUpComposite1.xml
23 ms. Memory: 208384K Free: 177021K (85%)
----------------- Invoking toplevel() on ptolemy.moml.MoMLSimpleApplication@2f1a5cb5
----------------- Done invoking toplevel() on ptolemy.moml.MoMLSimpleApplication@2f1a5cb5
reloadAllAccessors: .CatchUpComposite1

===========================================================================================
----------------- testing Wed Jun 20 03:50:51 UTC 2018 /home/travis/build/icyphy/ptII/ptolemy/actor/lib/hoc/test/auto/CatchUpComposite2.xml
----------------- Instantiating /home/travis/build/icyphy/ptII/ptolemy/actor/lib/hoc/test/auto/CatchUpComposite2.xml
20 ms. Memory: 208384K Free: 167173K (80%)
----------------- Invoking toplevel() on ptolemy.moml.MoMLSimpleApplication@6209707
----------------- Done invoking toplevel() on ptolemy.moml.MoMLSimpleApplication@6209707
reloadAllAccessors: .CatchUpComposite2

===========================================================================================
----------------- testing Wed Jun 20 03:50:51 UTC 2018 /home/travis/build/icyphy/ptII/ptolemy/actor/lib/hoc/test/auto/CatchUpComposite3.xml
----------------- Instantiating /home/travis/build/icyphy/ptII/ptolemy/actor/lib/hoc/test/auto/CatchUpComposite3.xml
13 ms. Memory: 208384K Free: 157035K (75%)
----------------- Invoking toplevel() on ptolemy.moml.MoMLSimpleApplication@1ef19c35
----------------- Done invoking toplevel() on ptolemy.moml.MoMLSimpleApplication@1ef19c35
reloadAllAccessors: .CatchUpComposite3

===========================================================================================
----------------- testing Wed Jun 20 03:50:51 UTC 2018 /home/travis/build/icyphy/ptII/ptolemy/actor/lib/hoc/test/auto/CatchUpComposite4.xml
----------------- Instantiating /home/travis/build/icyphy/ptII/ptolemy/actor/lib/hoc/test/auto/CatchUpComposite4.xml
26 ms. Memory: 208384K Free: 147818K (71%)
----------------- Invoking toplevel() on ptolemy.moml.MoMLSimpleApplication@57e2b698
----------------- Done invoking toplevel() on ptolemy.moml.MoMLSimpleApplication@57e2b698
reloadAllAccessors: .CatchUpComposite4

===========================================================================================
----------------- testing Wed Jun 20 03:50:51 UTC 2018 /home/travis/build/icyphy/ptII/ptolemy/actor/lib/hoc/test/auto/CatchUpComposite5.xml
----------------- Instantiating /home/travis/build/icyphy/ptII/ptolemy/actor/lib/hoc/test/auto/CatchUpComposite5.xml
16 ms. Memory: 208384K Free: 139216K (67%)
----------------- Invoking toplevel() on ptolemy.moml.MoMLSimpleApplication@4e735500
----------------- Done invoking toplevel() on ptolemy.moml.MoMLSimpleApplication@4e735500
reloadAllAccessors: .CatchUpComposite5

===========================================================================================
----------------- testing Wed Jun 20 03:50:51 UTC 2018 /home/travis/build/icyphy/ptII/ptolemy/actor/lib/hoc/test/auto/CatchUpComposite6.xml
----------------- Instantiating /home/travis/build/icyphy/ptII/ptolemy/actor/lib/hoc/test/auto/CatchUpComposite6.xml
WARNING: The execution aspects in this model can influence the timing of actors by delaying the 
execution, potentially changing the behavior. There is no guarantee that actors fire at the 
time they request to be fired. 
Use Ptides for deterministic DE behavior that is not influenced by execution aspects. 

83 ms. Memory: 208384K Free: 120380K (58%)
----------------- Invoking toplevel() on ptolemy.moml.MoMLSimpleApplication@6a88185c
----------------- Done invoking toplevel() on ptolemy.moml.MoMLSimpleApplication@6a88185c
reloadAllAccessors: .CatchUpComposite6

===========================================================================================
----------------- testing Wed Jun 20 03:50:51 UTC 2018 /home/travis/build/icyphy/ptII/ptolemy/actor/lib/hoc/test/auto/CatchUpComposite7.xml
----------------- Instantiating /home/travis/build/icyphy/ptII/ptolemy/actor/lib/hoc/test/auto/CatchUpComposite7.xml
WARNING: The execution aspects in this model can influence the timing of actors by delaying the 
execution, potentially changing the behavior. There is no guarantee that actors fire at the 
time they request to be fired. 
Use Ptides for deterministic DE behavior that is not influenced by execution aspects. 

37 ms. Memory: 208384K Free: 103015K (49%)
----------------- Invoking toplevel() on ptolemy.moml.MoMLSimpleApplication@1bea59a9
----------------- Done invoking toplevel() on ptolemy.moml.MoMLSimpleApplication@1bea59a9
reloadAllAccessors: .CatchUpComposite7

===========================================================================================
----------------- testing Wed Jun 20 03:50:51 UTC 2018 /home/travis/build/icyphy/ptII/ptolemy/actor/lib/hoc/test/auto/ConcurrentExecutionTimeSDF.xml
----------------- Instantiating /home/travis/build/icyphy/ptII/ptolemy/actor/lib/hoc/test/auto/ConcurrentExecutionTimeSDF.xml
Fired ExecutionTime: 40400000
Fired ExecutionTime: 40400000
Fired ExecutionTime: 40400000
Fired ExecutionTime: 40400000
Fired ExecutionTime: 40400000
Fired ExecutionTime: 40400000
Fired ExecutionTime: 40400000
Fired ExecutionTime: 40400000
Fired ExecutionTime: 40400000
Fired ExecutionTime: 40400000
Fired ExecutionTime: 40400000
Fired ExecutionTime: 40400000
Fired ExecutionTime: 40400000
Fired ExecutionTime: 40400000
Fired ExecutionTime: 40400000
Fired ExecutionTime: 40400000
Fired ExecutionTime: 40400000
Fired ExecutionTime: 40400000
Fired ExecutionTime: 40400000
Fired ExecutionTime: 40400000
1554 ms. Memory: 208384K Free: 94900K (46%)
----------------- Invoking toplevel() on ptolemy.moml.MoMLSimpleApplication@2e9ab0ea
----------------- Done invoking toplevel() on ptolemy.moml.MoMLSimpleApplication@2e9ab0ea
reloadAllAccessors: .ConcurrentExecutionTimeSDF

===========================================================================================
----------------- testing Wed Jun 20 03:50:53 UTC 2018 /home/travis/build/icyphy/ptII/ptolemy/actor/lib/hoc/test/auto/ConcurrentSleep.xml
----------------- Instantiating /home/travis/build/icyphy/ptII/ptolemy/actor/lib/hoc/test/auto/ConcurrentSleep.xml
744 ms. Memory: 208384K Free: 80468K (39%)
----------------- Invoking toplevel() on ptolemy.moml.MoMLSimpleApplication@24fa43f8
----------------- Done invoking toplevel() on ptolemy.moml.MoMLSimpleApplication@24fa43f8
reloadAllAccessors: .ConcurrentSleep

===========================================================================================
----------------- testing Wed Jun 20 03:50:54 UTC 2018 /home/travis/build/icyphy/ptII/ptolemy/actor/lib/hoc/test/auto/DEInPNInRunCompositeActor.xml
----------------- Instantiating /home/travis/build/icyphy/ptII/ptolemy/actor/lib/hoc/test/auto/DEInPNInRunCompositeActor.xml
14 ms. Memory: 208384K Free: 195934K (94%)
----------------- Invoking toplevel() on ptolemy.moml.MoMLSimpleApplication@4ecfc3a1
----------------- Done invoking toplevel() on ptolemy.moml.MoMLSimpleApplication@4ecfc3a1
reloadAllAccessors: .DEInPNInRunCompositeActor

===========================================================================================
----------------- testing Wed Jun 20 03:50:54 UTC 2018 /home/travis/build/icyphy/ptII/ptolemy/actor/lib/hoc/test/auto/DFTSubSetTest.xml
----------------- Instantiating /home/travis/build/icyphy/ptII/ptolemy/actor/lib/hoc/test/auto/DFTSubSetTest.xml
215 ms. Memory: 208384K Free: 148300K (71%)
----------------- Invoking toplevel() on ptolemy.moml.MoMLSimpleApplication@5b246e50
----------------- Done invoking toplevel() on ptolemy.moml.MoMLSimpleApplication@5b246e50
reloadAllAccessors: .DFTSubSetTest

===========================================================================================
----------------- testing Wed Jun 20 03:50:54 UTC 2018 /home/travis/build/icyphy/ptII/ptolemy/actor/lib/hoc/test/auto/HocDE.xml
----------------- Instantiating /home/travis/build/icyphy/ptII/ptolemy/actor/lib/hoc/test/auto/HocDE.xml
156 ms. Memory: 208384K Free: 121250K (58%)
----------------- Invoking toplevel() on ptolemy.moml.MoMLSimpleApplication@4aa73452
----------------- Done invoking toplevel() on ptolemy.moml.MoMLSimpleApplication@4aa73452
reloadAllAccessors: .HocDE

===========================================================================================
----------------- testing Wed Jun 20 03:50:54 UTC 2018 /home/travis/build/icyphy/ptII/ptolemy/actor/lib/hoc/test/auto/IterateOverArray.xml
----------------- Instantiating /home/travis/build/icyphy/ptII/ptolemy/actor/lib/hoc/test/auto/IterateOverArray.xml
7 ms. Memory: 208384K Free: 114869K (55%)
----------------- Invoking toplevel() on ptolemy.moml.MoMLSimpleApplication@39d7379
----------------- Done invoking toplevel() on ptolemy.moml.MoMLSimpleApplication@39d7379
reloadAllAccessors: .IterateOverArray

===========================================================================================
----------------- testing Wed Jun 20 03:50:54 UTC 2018 /home/travis/build/icyphy/ptII/ptolemy/actor/lib/hoc/test/auto/IterateOverArray10.xml
----------------- Instantiating /home/travis/build/icyphy/ptII/ptolemy/actor/lib/hoc/test/auto/IterateOverArray10.xml
3 ms. Memory: 208384K Free: 110773K (53%)
----------------- Invoking toplevel() on ptolemy.moml.MoMLSimpleApplication@10c459f8
----------------- Done invoking toplevel() on ptolemy.moml.MoMLSimpleApplication@10c459f8
reloadAllAccessors: .IterateOverArray10

===========================================================================================
----------------- testing Wed Jun 20 03:50:54 UTC 2018 /home/travis/build/icyphy/ptII/ptolemy/actor/lib/hoc/test/auto/IterateOverArray11.xml
----------------- Instantiating /home/travis/build/icyphy/ptII/ptolemy/actor/lib/hoc/test/auto/IterateOverArray11.xml
3 ms. Memory: 208384K Free: 105227K (50%)
----------------- Invoking toplevel() on ptolemy.moml.MoMLSimpleApplication@783bc7e2
----------------- Done invoking toplevel() on ptolemy.moml.MoMLSimpleApplication@783bc7e2
reloadAllAccessors: .IterateOverArray11

===========================================================================================
----------------- testing Wed Jun 20 03:50:54 UTC 2018 /home/travis/build/icyphy/ptII/ptolemy/actor/lib/hoc/test/auto/IterateOverArray12.xml
----------------- Instantiating /home/travis/build/icyphy/ptII/ptolemy/actor/lib/hoc/test/auto/IterateOverArray12.xml
18 ms. Memory: 208384K Free: 98657K (47%)
----------------- Invoking toplevel() on ptolemy.moml.MoMLSimpleApplication@4f141535
----------------- Done invoking toplevel() on ptolemy.moml.MoMLSimpleApplication@4f141535
reloadAllAccessors: .IterateOverArray12

===========================================================================================
----------------- testing Wed Jun 20 03:50:54 UTC 2018 /home/travis/build/icyphy/ptII/ptolemy/actor/lib/hoc/test/auto/IterateOverArray13.xml
----------------- Instantiating /home/travis/build/icyphy/ptII/ptolemy/actor/lib/hoc/test/auto/IterateOverArray13.xml
77 ms. Memory: 331264K Free: 312961K (94%)
----------------- Invoking toplevel() on ptolemy.moml.MoMLSimpleApplication@652d12f6
----------------- Done invoking toplevel() on ptolemy.moml.MoMLSimpleApplication@652d12f6
reloadAllAccessors: .IterateOverArray13

===========================================================================================
----------------- testing Wed Jun 20 03:50:55 UTC 2018 /home/travis/build/icyphy/ptII/ptolemy/actor/lib/hoc/test/auto/IterateOverArray14.xml
----------------- Instantiating /home/travis/build/icyphy/ptII/ptolemy/actor/lib/hoc/test/auto/IterateOverArray14.xml
70 ms. Memory: 331264K Free: 276226K (83%)
----------------- Invoking toplevel() on ptolemy.moml.MoMLSimpleApplication@4d3a0bea
----------------- Done invoking toplevel() on ptolemy.moml.MoMLSimpleApplication@4d3a0bea
reloadAllAccessors: .IterateOverArray14

===========================================================================================
----------------- testing Wed Jun 20 03:50:55 UTC 2018 /home/travis/build/icyphy/ptII/ptolemy/actor/lib/hoc/test/auto/IterateOverArray2.xml
----------------- Instantiating /home/travis/build/icyphy/ptII/ptolemy/actor/lib/hoc/test/auto/IterateOverArray2.xml
5 ms. Memory: 331264K Free: 269700K (81%)
----------------- Invoking toplevel() on ptolemy.moml.MoMLSimpleApplication@4365248a
----------------- Done invoking toplevel() on ptolemy.moml.MoMLSimpleApplication@4365248a
reloadAllAccessors: .IterateOverArray2

===========================================================================================
----------------- testing Wed Jun 20 03:50:55 UTC 2018 /home/travis/build/icyphy/ptII/ptolemy/actor/lib/hoc/test/auto/IterateOverArray3.xml
----------------- Instantiating /home/travis/build/icyphy/ptII/ptolemy/actor/lib/hoc/test/auto/IterateOverArray3.xml
11 ms. Memory: 331264K Free: 262334K (79%)
----------------- Invoking toplevel() on ptolemy.moml.MoMLSimpleApplication@14e30ade
----------------- Done invoking toplevel() on ptolemy.moml.MoMLSimpleApplication@14e30ade
reloadAllAccessors: .IterateOverArray3

===========================================================================================
----------------- testing Wed Jun 20 03:50:55 UTC 2018 /home/travis/build/icyphy/ptII/ptolemy/actor/lib/hoc/test/auto/IterateOverArray4.xml
----------------- Instantiating /home/travis/build/icyphy/ptII/ptolemy/actor/lib/hoc/test/auto/IterateOverArray4.xml
4 ms. Memory: 331264K Free: 257439K (78%)
----------------- Invoking toplevel() on ptolemy.moml.MoMLSimpleApplication@7336b1fa
----------------- Done invoking toplevel() on ptolemy.moml.MoMLSimpleApplication@7336b1fa
reloadAllAccessors: .IterateOverArray4

===========================================================================================
----------------- testing Wed Jun 20 03:50:55 UTC 2018 /home/travis/build/icyphy/ptII/ptolemy/actor/lib/hoc/test/auto/IterateOverArray5.xml
----------------- Instantiating /home/travis/build/icyphy/ptII/ptolemy/actor/lib/hoc/test/auto/IterateOverArray5.xml
3 ms. Memory: 331264K Free: 252544K (76%)
----------------- Invoking toplevel() on ptolemy.moml.MoMLSimpleApplication@7a11114d
----------------- Done invoking toplevel() on ptolemy.moml.MoMLSimpleApplication@7a11114d
reloadAllAccessors: .IterateOverArray5

===========================================================================================
----------------- testing Wed Jun 20 03:50:55 UTC 2018 /home/travis/build/icyphy/ptII/ptolemy/actor/lib/hoc/test/auto/IterateOverArray6.xml
----------------- Instantiating /home/travis/build/icyphy/ptII/ptolemy/actor/lib/hoc/test/auto/IterateOverArray6.xml
2 ms. Memory: 331264K Free: 246810K (75%)
----------------- Invoking toplevel() on ptolemy.moml.MoMLSimpleApplication@bea57e6
----------------- Done invoking toplevel() on ptolemy.moml.MoMLSimpleApplication@bea57e6
reloadAllAccessors: .IterateOverArray6

===========================================================================================
----------------- testing Wed Jun 20 03:50:55 UTC 2018 /home/travis/build/icyphy/ptII/ptolemy/actor/lib/hoc/test/auto/IterateOverArray7.xml
----------------- Instantiating /home/travis/build/icyphy/ptII/ptolemy/actor/lib/hoc/test/auto/IterateOverArray7.xml
4 ms. Memory: 331264K Free: 241916K (73%)
----------------- Invoking toplevel() on ptolemy.moml.MoMLSimpleApplication@49cc766b
----------------- Done invoking toplevel() on ptolemy.moml.MoMLSimpleApplication@49cc766b
reloadAllAccessors: .IterateOverArray7

===========================================================================================
----------------- testing Wed Jun 20 03:50:55 UTC 2018 /home/travis/build/icyphy/ptII/ptolemy/actor/lib/hoc/test/auto/IterateOverArray8.xml
----------------- Instantiating /home/travis/build/icyphy/ptII/ptolemy/actor/lib/hoc/test/auto/IterateOverArray8.xml
5 ms. Memory: 331264K Free: 236181K (71%)
----------------- Invoking toplevel() on ptolemy.moml.MoMLSimpleApplication@1e034b58
----------------- Done invoking toplevel() on ptolemy.moml.MoMLSimpleApplication@1e034b58
reloadAllAccessors: .IterateOverArray8

===========================================================================================
----------------- testing Wed Jun 20 03:50:55 UTC 2018 /home/travis/build/icyphy/ptII/ptolemy/actor/lib/hoc/test/auto/IterateOverArray9.xml
----------------- Instantiating /home/travis/build/icyphy/ptII/ptolemy/actor/lib/hoc/test/auto/IterateOverArray9.xml
9 ms. Memory: 331264K Free: 231286K (70%)
----------------- Invoking toplevel() on ptolemy.moml.MoMLSimpleApplication@610c1c4b
----------------- Done invoking toplevel() on ptolemy.moml.MoMLSimpleApplication@610c1c4b
reloadAllAccessors: .IterateOverArray9

===========================================================================================
----------------- testing Wed Jun 20 03:50:55 UTC 2018 /home/travis/build/icyphy/ptII/ptolemy/actor/lib/hoc/test/auto/IterateOverArrayCoercedOutputType.xml
----------------- Instantiating /home/travis/build/icyphy/ptII/ptolemy/actor/lib/hoc/test/auto/IterateOverArrayCoercedOutputType.xml
3 ms. Memory: 331264K Free: 224760K (68%)
----------------- Invoking toplevel() on ptolemy.moml.MoMLSimpleApplication@7969396
----------------- Done invoking toplevel() on ptolemy.moml.MoMLSimpleApplication@7969396
reloadAllAccessors: .IterateOverArrayCoercedOutputType

===========================================================================================
----------------- testing Wed Jun 20 03:50:55 UTC 2018 /home/travis/build/icyphy/ptII/ptolemy/actor/lib/hoc/test/auto/IterateOverArrayInferredOutputType.xml
----------------- Instantiating /home/travis/build/icyphy/ptII/ptolemy/actor/lib/hoc/test/auto/IterateOverArrayInferredOutputType.xml
16 ms. Memory: 331264K Free: 217394K (66%)
----------------- Invoking toplevel() on ptolemy.moml.MoMLSimpleApplication@11f2a88e
----------------- Done invoking toplevel() on ptolemy.moml.MoMLSimpleApplication@11f2a88e
reloadAllAccessors: .IterateOverArrayInferredOutputType

===========================================================================================
----------------- testing Wed Jun 20 03:50:55 UTC 2018 /home/travis/build/icyphy/ptII/ptolemy/actor/lib/hoc/test/auto/MobileFunctionTest.xml
----------------- Instantiating /home/travis/build/icyphy/ptII/ptolemy/actor/lib/hoc/test/auto/MobileFunctionTest.xml
5 ms. Memory: 331264K Free: 210836K (64%)
----------------- Invoking toplevel() on ptolemy.moml.MoMLSimpleApplication@f8fddc7
----------------- Done invoking toplevel() on ptolemy.moml.MoMLSimpleApplication@f8fddc7
reloadAllAccessors: .MobileFunctionTest

===========================================================================================
----------------- testing Wed Jun 20 03:50:55 UTC 2018 /home/travis/build/icyphy/ptII/ptolemy/actor/lib/hoc/test/auto/MobileModelTest.xml
----------------- Instantiating /home/travis/build/icyphy/ptII/ptolemy/actor/lib/hoc/test/auto/MobileModelTest.xml
83 ms. Memory: 331264K Free: 188769K (57%)
----------------- Invoking toplevel() on ptolemy.moml.MoMLSimpleApplication@780f9612
----------------- Done invoking toplevel() on ptolemy.moml.MoMLSimpleApplication@780f9612
reloadAllAccessors: .MobileModelTest

===========================================================================================
----------------- testing Wed Jun 20 03:50:55 UTC 2018 /home/travis/build/icyphy/ptII/ptolemy/actor/lib/hoc/test/auto/ModelReference.xml
----------------- Instantiating /home/travis/build/icyphy/ptII/ptolemy/actor/lib/hoc/test/auto/ModelReference.xml
2 ms. Memory: 331264K Free: 178980K (54%)
7 ms. Memory: 331264K Free: 178980K (54%)
3 ms. Memory: 331264K Free: 177348K (54%)
3 ms. Memory: 331264K Free: 177348K (54%)
3 ms. Memory: 331264K Free: 175717K (53%)
5 ms. Memory: 331264K Free: 175717K (53%)
2 ms. Memory: 331264K Free: 174085K (53%)
2 ms. Memory: 331264K Free: 174085K (53%)
2 ms. Memory: 331264K Free: 172453K (52%)
5 ms. Memory: 331264K Free: 172453K (52%)
49 ms. Memory: 331264K Free: 172453K (52%)
----------------- Invoking toplevel() on ptolemy.moml.MoMLSimpleApplication@50a96bbd
----------------- Done invoking toplevel() on ptolemy.moml.MoMLSimpleApplication@50a96bbd
reloadAllAccessors: .ModelReference

===========================================================================================
----------------- testing Wed Jun 20 03:50:55 UTC 2018 /home/travis/build/icyphy/ptII/ptolemy/actor/lib/hoc/test/auto/ModelReference3.xml
----------------- Instantiating /home/travis/build/icyphy/ptII/ptolemy/actor/lib/hoc/test/auto/ModelReference3.xml
3 ms. Memory: 331264K Free: 167559K (51%)
2 ms. Memory: 331264K Free: 165927K (50%)
2 ms. Memory: 331264K Free: 165927K (50%)
2 ms. Memory: 331264K Free: 164296K (50%)
2 ms. Memory: 331264K Free: 164296K (50%)
5 ms. Memory: 331264K Free: 162664K (49%)
2 ms. Memory: 331264K Free: 162664K (49%)
2 ms. Memory: 331264K Free: 161032K (49%)
1 ms. Memory: 331264K Free: 161032K (49%)
1 ms. Memory: 331264K Free: 159401K (48%)
30 ms. Memory: 331264K Free: 159401K (48%)
----------------- Invoking toplevel() on ptolemy.moml.MoMLSimpleApplication@30b7ce9a
----------------- Done invoking toplevel() on ptolemy.moml.MoMLSimpleApplication@30b7ce9a
reloadAllAccessors: .ModelReference3

===========================================================================================
----------------- testing Wed Jun 20 03:50:55 UTC 2018 /home/travis/build/icyphy/ptII/ptolemy/actor/lib/hoc/test/auto/ModelReference4.xml
----------------- Instantiating /home/travis/build/icyphy/ptII/ptolemy/actor/lib/hoc/test/auto/ModelReference4.xml
3 ms. Memory: 331264K Free: 152035K (46%)
2 ms. Memory: 331264K Free: 150403K (45%)
2 ms. Memory: 331264K Free: 148772K (45%)
3 ms. Memory: 331264K Free: 147140K (44%)
3 ms. Memory: 331264K Free: 143877K (43%)
4 ms. Memory: 331264K Free: 142246K (43%)
3 ms. Memory: 331264K Free: 140614K (42%)
3 ms. Memory: 331264K Free: 138982K (42%)
2 ms. Memory: 331264K Free: 137351K (41%)
2 ms. Memory: 331264K Free: 135719K (41%)
10023 ms. Memory: 331264K Free: 135719K (41%)
----------------- Invoking toplevel() on ptolemy.moml.MoMLSimpleApplication@6a699630
----------------- Done invoking toplevel() on ptolemy.moml.MoMLSimpleApplication@6a699630
reloadAllAccessors: .ModelReference4

===========================================================================================
----------------- testing Wed Jun 20 03:51:05 UTC 2018 /home/travis/build/icyphy/ptII/ptolemy/actor/lib/hoc/test/auto/MultiInstanceComposite.xml
----------------- Instantiating /home/travis/build/icyphy/ptII/ptolemy/actor/lib/hoc/test/auto/MultiInstanceComposite.xml
31 ms. Memory: 331264K Free: 117708K (36%)
----------------- Invoking toplevel() on ptolemy.moml.MoMLSimpleApplication@e29f54a
----------------- Done invoking toplevel() on ptolemy.moml.MoMLSimpleApplication@e29f54a
reloadAllAccessors: .MultiInstanceComposite

===========================================================================================
----------------- testing Wed Jun 20 03:51:05 UTC 2018 /home/travis/build/icyphy/ptII/ptolemy/actor/lib/hoc/test/auto/MultiInstanceComposite2.xml
----------------- Instantiating /home/travis/build/icyphy/ptII/ptolemy/actor/lib/hoc/test/auto/MultiInstanceComposite2.xml
24 ms. Memory: 331264K Free: 103735K (31%)
----------------- Invoking toplevel() on ptolemy.moml.MoMLSimpleApplication@424eb20b
----------------- Done invoking toplevel() on ptolemy.moml.MoMLSimpleApplication@424eb20b
reloadAllAccessors: .MultiInstanceComposite2

===========================================================================================
----------------- testing Wed Jun 20 03:51:06 UTC 2018 /home/travis/build/icyphy/ptII/ptolemy/actor/lib/hoc/test/auto/MulticoreExecution.xml
----------------- Instantiating /home/travis/build/icyphy/ptII/ptolemy/actor/lib/hoc/test/auto/MulticoreExecution.xml
Fired ExecutionTime: 2400000
Fired ExecutionTime: 3600000
Fired ExecutionTime: 2400000
Fired ExecutionTime: 2800000
Fired ExecutionTime: 3200000
Fired ExecutionTime: 2400000
Fired ExecutionTime: 2400000
Fired ExecutionTime: 2400000
Fired ExecutionTime: 2400000
Fired ExecutionTime: 4000000
Fired ExecutionTime: 2400000
Fired ExecutionTime: 2800000
Fired ExecutionTime: 4400000
Fired ExecutionTime: 2400000
Fired ExecutionTime: 2800000
Fired ExecutionTime: 2800000
Fired ExecutionTime: 7600000
Fired ExecutionTime: 12400000
Fired ExecutionTime: 90800000
Fired ExecutionTime: 88800000
1134 ms. Memory: 331264K Free: 90659K (27%)
----------------- Invoking toplevel() on ptolemy.moml.MoMLSimpleApplication@e0a5a46
----------------- Done invoking toplevel() on ptolemy.moml.MoMLSimpleApplication@e0a5a46
reloadAllAccessors: .MulticoreExecution

===========================================================================================
----------------- testing Wed Jun 20 03:51:07 UTC 2018 /home/travis/build/icyphy/ptII/ptolemy/actor/lib/hoc/test/auto/ParallelExecution.xml
----------------- Instantiating /home/travis/build/icyphy/ptII/ptolemy/actor/lib/hoc/test/auto/ParallelExecution.xml
912 ms. Memory: 331264K Free: 79463K (24%)
----------------- Invoking toplevel() on ptolemy.moml.MoMLSimpleApplication@1b1fd8fc
----------------- Done invoking toplevel() on ptolemy.moml.MoMLSimpleApplication@1b1fd8fc
reloadAllAccessors: .ParallelExecution

===========================================================================================
----------------- testing Wed Jun 20 03:51:08 UTC 2018 /home/travis/build/icyphy/ptII/ptolemy/actor/lib/hoc/test/auto/RunCompositeActor.xml
----------------- Instantiating /home/travis/build/icyphy/ptII/ptolemy/actor/lib/hoc/test/auto/RunCompositeActor.xml
7 ms. Memory: 332288K Free: 314583K (95%)
----------------- Invoking toplevel() on ptolemy.moml.MoMLSimpleApplication@24f7708c
----------------- Done invoking toplevel() on ptolemy.moml.MoMLSimpleApplication@24f7708c
reloadAllAccessors: .RunCompositeActor

===========================================================================================
----------------- testing Wed Jun 20 03:51:08 UTC 2018 /home/travis/build/icyphy/ptII/ptolemy/actor/lib/hoc/test/auto/RunCompositeActor2.xml
----------------- Instantiating /home/travis/build/icyphy/ptII/ptolemy/actor/lib/hoc/test/auto/RunCompositeActor2.xml
4 ms. Memory: 332288K Free: 308040K (93%)
----------------- Invoking toplevel() on ptolemy.moml.MoMLSimpleApplication@515b8269
----------------- Done invoking toplevel() on ptolemy.moml.MoMLSimpleApplication@515b8269
reloadAllAccessors: .RunCompositeActor2

===========================================================================================
----------------- testing Wed Jun 20 03:51:08 UTC 2018 /home/travis/build/icyphy/ptII/ptolemy/actor/lib/hoc/test/auto/RunCompositeActor3.xml
----------------- Instantiating /home/travis/build/icyphy/ptII/ptolemy/actor/lib/hoc/test/auto/RunCompositeActor3.xml
8 ms. Memory: 332288K Free: 299279K (90%)
----------------- Invoking toplevel() on ptolemy.moml.MoMLSimpleApplication@778aaa7d
----------------- Done invoking toplevel() on ptolemy.moml.MoMLSimpleApplication@778aaa7d
reloadAllAccessors: .RunCompositeActor3

===========================================================================================
----------------- testing Wed Jun 20 03:51:08 UTC 2018 /home/travis/build/icyphy/ptII/ptolemy/actor/lib/hoc/test/auto/RunCompositeActor4.xml
----------------- Instantiating /home/travis/build/icyphy/ptII/ptolemy/actor/lib/hoc/test/auto/RunCompositeActor4.xml
17 ms. Memory: 332288K Free: 288670K (87%)
----------------- Invoking toplevel() on ptolemy.moml.MoMLSimpleApplication@37d6f714
----------------- Done invoking toplevel() on ptolemy.moml.MoMLSimpleApplication@37d6f714
reloadAllAccessors: .RunCompositeActor4

===========================================================================================
----------------- testing Wed Jun 20 03:51:08 UTC 2018 /home/travis/build/icyphy/ptII/ptolemy/actor/lib/hoc/test/auto/RunCompositeIterateOverArray.xml
----------------- Instantiating /home/travis/build/icyphy/ptII/ptolemy/actor/lib/hoc/test/auto/RunCompositeIterateOverArray.xml
5 ms. Memory: 332288K Free: 282128K (85%)
----------------- Invoking toplevel() on ptolemy.moml.MoMLSimpleApplication@18bdf021
----------------- Done invoking toplevel() on ptolemy.moml.MoMLSimpleApplication@18bdf021
reloadAllAccessors: .RunCompositeIterateOverArray

===========================================================================================
----------------- testing Wed Jun 20 03:51:08 UTC 2018 /home/travis/build/icyphy/ptII/ptolemy/actor/lib/hoc/test/auto/ThreadedJS.xml
----------------- Instantiating /home/travis/build/icyphy/ptII/ptolemy/actor/lib/hoc/test/auto/ThreadedJS.xml
1934 ms. Memory: 539136K Free: 159396K (30%)
----------------- Invoking toplevel() on ptolemy.moml.MoMLSimpleApplication@5a357802
----------------- Done invoking toplevel() on ptolemy.moml.MoMLSimpleApplication@5a357802
reloadAllAccessors: .ThreadedJS
AutoTests.java: About to close Vertx.
AutoTests.java: Vertx closed.
]]></system-out>
  <system-err><![CDATA[java.lang.RuntimeException: Execution failed
	at ptolemy.moml.MoMLSimpleApplication$UnloadThread.run(MoMLSimpleApplication.java:402)
Caused by: ptolemy.kernel.util.IllegalActionException: initialize() was called after wrapup() was called but preinitialize() was not called after wrapup().
	at ptolemy.actor.lib.hoc.test.PreinitializeMustBeInvoked.initialize(PreinitializeMustBeInvoked.java:78)
	at ptolemy.actor.Director.initialize(Director.java:938)
	at ptolemy.actor.Director.initialize(Director.java:907)
	at ptolemy.actor.sched.StaticSchedulingDirector.initialize(StaticSchedulingDirector.java:159)
	at ptolemy.domains.sdf.kernel.SDFDirector.initialize(SDFDirector.java:544)
	at ptolemy.actor.CompositeActor.initialize(CompositeActor.java:935)
	at ptolemy.actor.lib.hoc.LifeCycleManager._executeInsideModel(LifeCycleManager.java:339)
	at ptolemy.actor.lib.hoc.RunCompositeActor.fire(RunCompositeActor.java:205)
	at ptolemy.actor.CompositeActor.iterate(CompositeActor.java:1146)
	at ptolemy.actor.sched.StaticSchedulingDirector.fire(StaticSchedulingDirector.java:216)
	at ptolemy.domains.sdf.kernel.SDFDirector.fire(SDFDirector.java:500)
	at ptolemy.actor.CompositeActor.fire(CompositeActor.java:455)
	at ptolemy.actor.Manager.iterate(Manager.java:851)
	at ptolemy.actor.Manager.execute(Manager.java:369)
	at ptolemy.actor.Manager.run(Manager.java:1263)
	at ptolemy.actor.Manager$PtolemyRunThread.run(Manager.java:1915)
java.lang.reflect.InvocationTargetException
	at sun.reflect.NativeConstructorAccessorImpl.newInstance0(Native Method)
	at sun.reflect.NativeConstructorAccessorImpl.newInstance(NativeConstructorAccessorImpl.java:62)
	at sun.reflect.DelegatingConstructorAccessorImpl.newInstance(DelegatingConstructorAccessorImpl.java:45)
	at java.lang.reflect.Constructor.newInstance(Constructor.java:423)
	at ptolemy.util.test.junit.AutoKnownFailedTests.RunModel(AutoKnownFailedTests.java:107)
	at sun.reflect.NativeMethodAccessorImpl.invoke0(Native Method)
	at sun.reflect.NativeMethodAccessorImpl.invoke(NativeMethodAccessorImpl.java:62)
	at sun.reflect.DelegatingMethodAccessorImpl.invoke(DelegatingMethodAccessorImpl.java:43)
	at java.lang.reflect.Method.invoke(Method.java:498)
	at org.junit.runners.model.FrameworkMethod$1.runReflectiveCall(FrameworkMethod.java:44)
	at org.junit.internal.runners.model.ReflectiveCallable.run(ReflectiveCallable.java:15)
	at org.junit.runners.model.FrameworkMethod.invokeExplosively(FrameworkMethod.java:41)
	at junitparams.internal.InvokeParameterisedMethod.evaluate(InvokeParameterisedMethod.java:102)
	at org.junit.internal.runners.statements.FailOnTimeout$1.run(FailOnTimeout.java:28)
Caused by: ptolemy.kernel.util.IllegalActionException: initialize() was called after wrapup() was called but preinitialize() was not called after wrapup().
	at ptolemy.actor.lib.hoc.test.PreinitializeMustBeInvoked.initialize(PreinitializeMustBeInvoked.java:78)
	at ptolemy.actor.Director.initialize(Director.java:938)
	at ptolemy.actor.Director.initialize(Director.java:907)
	at ptolemy.actor.sched.StaticSchedulingDirector.initialize(StaticSchedulingDirector.java:159)
	at ptolemy.domains.sdf.kernel.SDFDirector.initialize(SDFDirector.java:544)
	at ptolemy.actor.CompositeActor.initialize(CompositeActor.java:935)
	at ptolemy.actor.lib.hoc.LifeCycleManager._executeInsideModel(LifeCycleManager.java:339)
	at ptolemy.actor.lib.hoc.RunCompositeActor.fire(RunCompositeActor.java:205)
	at ptolemy.actor.CompositeActor.iterate(CompositeActor.java:1146)
	at ptolemy.actor.sched.StaticSchedulingDirector.fire(StaticSchedulingDirector.java:216)
	at ptolemy.domains.sdf.kernel.SDFDirector.fire(SDFDirector.java:500)
	at ptolemy.actor.CompositeActor.fire(CompositeActor.java:455)
	at ptolemy.actor.Manager.iterate(Manager.java:851)
	at ptolemy.actor.Manager.execute(Manager.java:369)
	at ptolemy.actor.Manager.run(Manager.java:1263)
	at ptolemy.actor.Manager$PtolemyRunThread.run(Manager.java:1915)
]]></system-err>
</testsuite>
