<?xml version="1.0" encoding="UTF-8" ?>
<testsuite errors="0" failures="0" hostname="travis-job-c8a7fbaf-6e6e-4cc4-bf2d-97297d1aeb21" name="ptolemy.vergil.basic.export.test.junit.ExportModelJUnitTestBatch2" skipped="0" tests="60" time="1458.778" timestamp="2021-11-17T06:04:30">
  <properties>
[...]
</properties>
  <testcase classname="ptolemy.vergil.basic.export.test.junit.ExportModelJUnitTestBatch2" name="[0] ptolemy/actor/lib/io/demo/FilePortParameter/FilePortParameter.xml (RunExportModel)" time="6.01" />
  <testcase classname="ptolemy.vergil.basic.export.test.junit.ExportModelJUnitTestBatch2" name="[1] ptolemy/actor/lib/io/demo/ReadExpressionsCommandLine/ReadExpressionsCommandLine.xml (RunExportModel)" time="3.624" />
  <testcase classname="ptolemy.vergil.basic.export.test.junit.ExportModelJUnitTestBatch2" name="[2] ptolemy/actor/lib/io/demo/ReadStdIn/ReadStdIn.xml (RunExportModel)" time="3.275" />
  <testcase classname="ptolemy.vergil.basic.export.test.junit.ExportModelJUnitTestBatch2" name="[3] ptolemy/actor/lib/javasound/demo/KarplusStrong/KarplusStrong.xml (RunExportModel)" time="3.417" />
  <testcase classname="ptolemy.vergil.basic.export.test.junit.ExportModelJUnitTestBatch2" name="[4] ptolemy/actor/lib/jjs/demo/Factorial/Factorial.xml (RunExportModel)" time="14.661" />
  <testcase classname="ptolemy.vergil.basic.export.test.junit.ExportModelJUnitTestBatch2" name="[5] ptolemy/actor/lib/jjs/demo/JavaScriptShell/JavaScriptShell.xml (RunExportModel)" time="9.183" />
  <testcase classname="ptolemy.vergil.basic.export.test.junit.ExportModelJUnitTestBatch2" name="[6] ptolemy/actor/lib/jjs/demo/ModelBuilder/ModelBuilder.xml (RunExportModel)" time="13.556" />
  <testcase classname="ptolemy.vergil.basic.export.test.junit.ExportModelJUnitTestBatch2" name="[7] ptolemy/actor/lib/jjs/modules/aprilTags/demo/AprilTags/AprilTags.xml (RunExportModel)" time="43.935" />
  <testcase classname="ptolemy.vergil.basic.export.test.junit.ExportModelJUnitTestBatch2" name="[8] ptolemy/actor/lib/jjs/modules/aprilTags/demo/Kubi/Kubi.xml (RunExportModel)" time="43.938" />
  <testcase classname="ptolemy.vergil.basic.export.test.junit.ExportModelJUnitTestBatch2" name="[9] ptolemy/actor/lib/jjs/modules/audio/demo/Audio/Audio.xml (RunExportModel)" time="8.241" />
  <testcase classname="ptolemy.vergil.basic.export.test.junit.ExportModelJUnitTestBatch2" name="[10] ptolemy/actor/lib/jjs/modules/audio/demo/Audio/AudioCapture.xml (RunExportModel)" time="9.408" />
  <testcase classname="ptolemy.vergil.basic.export.test.junit.ExportModelJUnitTestBatch2" name="[11] ptolemy/actor/lib/jjs/modules/audio/demo/Audio/AudioClipPlayer.xml (RunExportModel)" time="8.913" />
  <testcase classname="ptolemy.vergil.basic.export.test.junit.ExportModelJUnitTestBatch2" name="[12] ptolemy/actor/lib/jjs/modules/audio/demo/Audio/AudioRecorder.xml (RunExportModel)" time="9.992" />
  <testcase classname="ptolemy.vergil.basic.export.test.junit.ExportModelJUnitTestBatch2" name="[13] ptolemy/actor/lib/jjs/modules/audio/demo/Audio/AudioSynthesis.xml (RunExportModel)" time="9.172" />
  <testcase classname="ptolemy.vergil.basic.export.test.junit.ExportModelJUnitTestBatch2" name="[14] ptolemy/actor/lib/jjs/modules/audio/demo/Audio/SpeechSynthesis.xml (RunExportModel)" time="42.177" />
  <testcase classname="ptolemy.vergil.basic.export.test.junit.ExportModelJUnitTestBatch2" name="[15] ptolemy/actor/lib/jjs/modules/cameras/demo/Camera/Camera.xml (RunExportModel)" time="33.811" />
  <testcase classname="ptolemy.vergil.basic.export.test.junit.ExportModelJUnitTestBatch2" name="[16] ptolemy/actor/lib/jjs/modules/cameras/demo/Camera/CaptureOpenLoop.xml (RunExportModel)" time="32.157" />
  <testcase classname="ptolemy.vergil.basic.export.test.junit.ExportModelJUnitTestBatch2" name="[17] ptolemy/actor/lib/jjs/modules/cameras/demo/CameraWebSocket/CameraWebSocket.xml (RunExportModel)" time="36.16" />
  <testcase classname="ptolemy.vergil.basic.export.test.junit.ExportModelJUnitTestBatch2" name="[18] ptolemy/actor/lib/jjs/modules/cameras/demo/Foscam/Foscam.xml (RunExportModel)" time="39.836" />
  <testcase classname="ptolemy.vergil.basic.export.test.junit.ExportModelJUnitTestBatch2" name="[19] ptolemy/actor/lib/jjs/modules/computerVision/demo/ComputerVision/ComputerVision.xml (RunExportModel)" time="27.308" />
  <testcase classname="ptolemy.vergil.basic.export.test.junit.ExportModelJUnitTestBatch2" name="[20] ptolemy/actor/lib/jjs/modules/contextAware/demo/ContextAware/ContextAware.xml (RunExportModel)" time="8.703" />
  <testcase classname="ptolemy.vergil.basic.export.test.junit.ExportModelJUnitTestBatch2" name="[21] ptolemy/actor/lib/jjs/modules/crypto/demo/AsymmetricEncrypt/AsymmetricEncrypt.xml (RunExportModel)" time="23.433" />
  <testcase classname="ptolemy.vergil.basic.export.test.junit.ExportModelJUnitTestBatch2" name="[22] ptolemy/actor/lib/jjs/modules/crypto/demo/MessageDigest/MessageDigest.xml (RunExportModel)" time="18.473" />
  <testcase classname="ptolemy.vergil.basic.export.test.junit.ExportModelJUnitTestBatch2" name="[23] ptolemy/actor/lib/jjs/modules/crypto/demo/RandomBytes/RandomBytes.xml (RunExportModel)" time="13.204" />
  <testcase classname="ptolemy.vergil.basic.export.test.junit.ExportModelJUnitTestBatch2" name="[24] ptolemy/actor/lib/jjs/modules/crypto/demo/SymmetricEncrypt/SymmetricEncrypt.xml (RunExportModel)" time="15.709" />
  <testcase classname="ptolemy.vergil.basic.export.test.junit.ExportModelJUnitTestBatch2" name="[25] ptolemy/actor/lib/jjs/modules/discovery/demo/Discovery/Discovery.xml (RunExportModel)" time="8.222" />
  <testcase classname="ptolemy.vergil.basic.export.test.junit.ExportModelJUnitTestBatch2" name="[26] ptolemy/actor/lib/jjs/modules/discovery/demo/Discovery/DiscoveryJS.xml (RunExportModel)" time="16.235" />
  <testcase classname="ptolemy.vergil.basic.export.test.junit.ExportModelJUnitTestBatch2" name="[27] ptolemy/actor/lib/jjs/modules/discovery/demo/Discovery/PopulateSwarmboxMap.xml (RunExportModel)" time="30.697" />
  <testcase classname="ptolemy.vergil.basic.export.test.junit.ExportModelJUnitTestBatch2" name="[28] ptolemy/actor/lib/jjs/modules/discovery/demo/Discovery/PostSwarmboxDevices.xml (RunExportModel)" time="40.3" />
  <testcase classname="ptolemy.vergil.basic.export.test.junit.ExportModelJUnitTestBatch2" name="[29] ptolemy/actor/lib/jjs/modules/discovery/demo/Heartbeat/Heartbeat.xml (RunExportModel)" time="22.588" />
  <testcase classname="ptolemy.vergil.basic.export.test.junit.ExportModelJUnitTestBatch2" name="[30] ptolemy/actor/lib/jjs/modules/dsp/demo/AudioFFT/AudioFFT.xml (RunExportModel)" time="9.268" />
  <testcase classname="ptolemy.vergil.basic.export.test.junit.ExportModelJUnitTestBatch2" name="[31] ptolemy/actor/lib/jjs/modules/dsp/demo/AudioFFT/SinusoidFFT.xml (RunExportModel)" time="11.602" />
  <testcase classname="ptolemy.vergil.basic.export.test.junit.ExportModelJUnitTestBatch2" name="[32] ptolemy/actor/lib/jjs/modules/eventbus/demo/VertxBus/VertxBus.xml (RunExportModel)" time="21.703" />
  <testcase classname="ptolemy.vergil.basic.export.test.junit.ExportModelJUnitTestBatch2" name="[33] ptolemy/actor/lib/jjs/modules/eventbus/demo/VertxChat/VertxChat.xml (RunExportModel)" time="9.659" />
  <testcase classname="ptolemy.vergil.basic.export.test.junit.ExportModelJUnitTestBatch2" name="[34] ptolemy/actor/lib/jjs/modules/faceDetector/demo/FaceDetector/FaceDetector.xml (RunExportModel)" time="10.782" />
  <testcase classname="ptolemy.vergil.basic.export.test.junit.ExportModelJUnitTestBatch2" name="[35] ptolemy/actor/lib/jjs/modules/faceDetector/demo/FaceDetectorCamera/FaceDetectorCamera.xml (RunExportModel)" time="40.16" />
  <testcase classname="ptolemy.vergil.basic.export.test.junit.ExportModelJUnitTestBatch2" name="[36] ptolemy/actor/lib/jjs/modules/faceDetector/demo/OccupancyCount/OccupancyCount.xml (RunExportModel)" time="40.25" />
  <testcase classname="ptolemy.vergil.basic.export.test.junit.ExportModelJUnitTestBatch2" name="[37] ptolemy/actor/lib/jjs/modules/httpClient/demo/REST/REST.xml (RunExportModel)" time="8.142" />
  <testcase classname="ptolemy.vergil.basic.export.test.junit.ExportModelJUnitTestBatch2" name="[38] ptolemy/actor/lib/jjs/modules/httpClient/demo/REST/RESTSimple.xml (RunExportModel)" time="11.368" />
  <testcase classname="ptolemy.vergil.basic.export.test.junit.ExportModelJUnitTestBatch2" name="[39] ptolemy/actor/lib/jjs/modules/httpClient/demo/REST/Weather.xml (RunExportModel)" time="9.17" />
  <testcase classname="ptolemy.vergil.basic.export.test.junit.ExportModelJUnitTestBatch2" name="[40] ptolemy/actor/lib/jjs/modules/httpServer/demo/HttpServer/HttpServer.xml (RunExportModel)" time="39.51" />
  <testcase classname="ptolemy.vergil.basic.export.test.junit.ExportModelJUnitTestBatch2" name="[41] ptolemy/actor/lib/jjs/modules/httpServer/demo/KeyValueStoreClient/KeyValueStoreClient.xml (RunExportModel)" time="40.736" />
  <testcase classname="ptolemy.vergil.basic.export.test.junit.ExportModelJUnitTestBatch2" name="[42] ptolemy/actor/lib/jjs/modules/httpServer/demo/KeyValueStoreClient/KeyValueStoreServer.xml (RunExportModel)" time="42.354" />
  <testcase classname="ptolemy.vergil.basic.export.test.junit.ExportModelJUnitTestBatch2" name="[43] ptolemy/actor/lib/jjs/modules/httpServer/demo/KeyValueStoreClient/KeyValueStoreServerTerra.xml (RunExportModel)" time="42.864" />
  <testcase classname="ptolemy.vergil.basic.export.test.junit.ExportModelJUnitTestBatch2" name="[44] ptolemy/actor/lib/jjs/modules/httpServer/demo/WebServer/WebServer.xml (RunExportModel)" time="34.418" />
  <testcase classname="ptolemy.vergil.basic.export.test.junit.ExportModelJUnitTestBatch2" name="[45] ptolemy/actor/lib/jjs/modules/imageFilters/demo/ImageAnnotate/ImageAnnotate.xml (RunExportModel)" time="40.837" />
  <testcase classname="ptolemy.vergil.basic.export.test.junit.ExportModelJUnitTestBatch2" name="[46] ptolemy/actor/lib/jjs/modules/imageFilters/demo/ImageFilters/Annotate.xml (RunExportModel)" time="31.825" />
  <testcase classname="ptolemy.vergil.basic.export.test.junit.ExportModelJUnitTestBatch2" name="[47] ptolemy/actor/lib/jjs/modules/imageFilters/demo/ImageFilters/Average.xml (RunExportModel)" time="32.053" />
  <testcase classname="ptolemy.vergil.basic.export.test.junit.ExportModelJUnitTestBatch2" name="[48] ptolemy/actor/lib/jjs/modules/imageFilters/demo/ImageFilters/BicubicScale.xml (RunExportModel)" time="31.925" />
  <testcase classname="ptolemy.vergil.basic.export.test.junit.ExportModelJUnitTestBatch2" name="[49] ptolemy/actor/lib/jjs/modules/imageFilters/demo/ImageFilters/Block.xml (RunExportModel)" time="31.466" />
  <testcase classname="ptolemy.vergil.basic.export.test.junit.ExportModelJUnitTestBatch2" name="[50] ptolemy/actor/lib/jjs/modules/imageFilters/demo/ImageFilters/Border.xml (RunExportModel)" time="32.053" />
  <testcase classname="ptolemy.vergil.basic.export.test.junit.ExportModelJUnitTestBatch2" name="[51] ptolemy/actor/lib/jjs/modules/imageFilters/demo/ImageFilters/BoxBlur.xml (RunExportModel)" time="31.94" />
  <testcase classname="ptolemy.vergil.basic.export.test.junit.ExportModelJUnitTestBatch2" name="[52] ptolemy/actor/lib/jjs/modules/imageFilters/demo/ImageFilters/Bump.xml (RunExportModel)" time="32.16" />
  <testcase classname="ptolemy.vergil.basic.export.test.junit.ExportModelJUnitTestBatch2" name="[53] ptolemy/actor/lib/jjs/modules/imageFilters/demo/ImageFilters/ChannelMix.xml (RunExportModel)" time="32.946" />
  <testcase classname="ptolemy.vergil.basic.export.test.junit.ExportModelJUnitTestBatch2" name="[54] ptolemy/actor/lib/jjs/modules/imageFilters/demo/ImageFilters/Chrome.xml (RunExportModel)" time="33.255" />
  <testcase classname="ptolemy.vergil.basic.export.test.junit.ExportModelJUnitTestBatch2" name="[55] ptolemy/actor/lib/jjs/modules/imageFilters/demo/ImageFilters/Circle.xml (RunExportModel)" time="32.184" />
  <testcase classname="ptolemy.vergil.basic.export.test.junit.ExportModelJUnitTestBatch2" name="[56] ptolemy/actor/lib/jjs/modules/imageFilters/demo/ImageFilters/ColorHalftone.xml (RunExportModel)" time="31.999" />
  <testcase classname="ptolemy.vergil.basic.export.test.junit.ExportModelJUnitTestBatch2" name="[57] ptolemy/actor/lib/jjs/modules/imageFilters/demo/ImageFilters/Contour.xml (RunExportModel)" time="31.979" />
  <testcase classname="ptolemy.vergil.basic.export.test.junit.ExportModelJUnitTestBatch2" name="[58] ptolemy/actor/lib/jjs/modules/imageFilters/demo/ImageFilters/Contrast.xml (RunExportModel)" time="31.489" />
  <testcase classname="ptolemy.vergil.basic.export.test.junit.ExportModelJUnitTestBatch2" name="[59] ptolemy/actor/lib/jjs/modules/imageFilters/demo/ImageFilters/Crop.xml (RunExportModel)" time="32.1" />
  <system-out><![CDATA[ExportModeJUnitTestBatch: There are 744 demos. Exporting demos: 141 to 200.
####### 1 Wed Nov 17 06:04:30 UTC 2021 $PTII/bin/ptinvoke ptolemy.vergil.basic.export.ExportModel -force htm  -openComposites -timeOut 30000 -whiteBackground ptolemy/actor/lib/io/demo/FilePortParameter/FilePortParameter.xml $PTII/ptolemy/actor/lib/io/demo/FilePortParameter/FilePortParameter
Warning: not running ptolemy/actor/lib/io/demo/FilePortParameter/FilePortParameter.xml. See ptolemy/vergil/basic/export/test/junit/ExportModelJUnitTest.java
Exported /home/travis/build/icyphy/ptII/ptolemy/actor/lib/io/demo/FilePortParameter/FilePortParameter/index.html
5949 ms. Memory: 155648K Free: 110974K (71%)
####### 2 Wed Nov 17 06:04:36 UTC 2021 $PTII/bin/ptinvoke ptolemy.vergil.basic.export.ExportModel -force htm  -openComposites -timeOut 30000 -whiteBackground ptolemy/actor/lib/io/demo/ReadExpressionsCommandLine/ReadExpressionsCommandLine.xml $PTII/ptolemy/actor/lib/io/demo/ReadExpressionsCommandLine/ReadExpressionsCommandLine
Warning: not running ptolemy/actor/lib/io/demo/ReadExpressionsCommandLine/ReadExpressionsCommandLine.xml. See ptolemy/vergil/basic/export/test/junit/ExportModelJUnitTest.java
Exported /home/travis/build/icyphy/ptII/ptolemy/actor/lib/io/demo/ReadExpressionsCommandLine/ReadExpressionsCommandLine/index.html
3612 ms. Memory: 155648K Free: 56651K (36%)
####### 3 Wed Nov 17 06:04:39 UTC 2021 $PTII/bin/ptinvoke ptolemy.vergil.basic.export.ExportModel -force htm  -openComposites -timeOut 30000 -whiteBackground ptolemy/actor/lib/io/demo/ReadStdIn/ReadStdIn.xml $PTII/ptolemy/actor/lib/io/demo/ReadStdIn/ReadStdIn
Warning: not running ptolemy/actor/lib/io/demo/ReadStdIn/ReadStdIn.xml. See ptolemy/vergil/basic/export/test/junit/ExportModelJUnitTest.java
Exported /home/travis/build/icyphy/ptII/ptolemy/actor/lib/io/demo/ReadStdIn/ReadStdIn/index.html
3275 ms. Memory: 155648K Free: 101469K (65%)
####### 4 Wed Nov 17 06:04:43 UTC 2021 $PTII/bin/ptinvoke ptolemy.vergil.basic.export.ExportModel -force htm  -openComposites -timeOut 30000 -whiteBackground ptolemy/actor/lib/javasound/demo/KarplusStrong/KarplusStrong.xml $PTII/ptolemy/actor/lib/javasound/demo/KarplusStrong/KarplusStrong
Warning: not running ptolemy/actor/lib/javasound/demo/KarplusStrong/KarplusStrong.xml. See ptolemy/vergil/basic/export/test/junit/ExportModelJUnitTest.java
Exported /home/travis/build/icyphy/ptII/ptolemy/actor/lib/javasound/demo/KarplusStrong/KarplusStrong/index.html
3417 ms. Memory: 155648K Free: 49130K (32%)
####### 5 Wed Nov 17 06:04:46 UTC 2021 $PTII/bin/ptinvoke ptolemy.vergil.basic.export.ExportModel -force htm -run -openComposites -timeOut 30000 -whiteBackground ptolemy/actor/lib/jjs/demo/Factorial/Factorial.xml $PTII/ptolemy/actor/lib/jjs/demo/Factorial/Factorial
----------------- Wed Nov 17 06:04:46 UTC 2021 About to sleep for 5.0 seconds before running or rerunning.  Test is: /home/travis/build/icyphy/ptII/ptolemy/actor/lib/jjs/demo/Factorial/Factorial.xml
Done sleeping
Running .Factorial
2008 ms. Memory: 187392K Free: 91170K (49%)
Exported /home/travis/build/icyphy/ptII/ptolemy/actor/lib/jjs/demo/Factorial/Factorial/index.html
9641 ms. Memory: 187392K Free: 44557K (24%)
####### 6 Wed Nov 17 06:05:01 UTC 2021 $PTII/bin/ptinvoke ptolemy.vergil.basic.export.ExportModel -force htm -run -openComposites -timeOut 30000 -whiteBackground ptolemy/actor/lib/jjs/demo/JavaScriptShell/JavaScriptShell.xml $PTII/ptolemy/actor/lib/jjs/demo/JavaScriptShell/JavaScriptShell
----------------- Wed Nov 17 06:05:01 UTC 2021 About to sleep for 5.0 seconds before running or rerunning.  Test is: /home/travis/build/icyphy/ptII/ptolemy/actor/lib/jjs/demo/JavaScriptShell/JavaScriptShell.xml
Done sleeping
.JavaScriptShell.InteractiveShell invoked SwingUtilities.invokeAndWait()
Model ".JavaScriptShell" contains actors such cannot be run  as part of the export process from ExportModel or it has a WebExportParameters value that runBeforeExport set to false. To export run this model and export it, use vergil.
Exported /home/travis/build/icyphy/ptII/ptolemy/actor/lib/jjs/demo/JavaScriptShell/JavaScriptShell/index.html
4182 ms. Memory: 187392K Free: 78938K (42%)
####### 7 Wed Nov 17 06:05:10 UTC 2021 $PTII/bin/ptinvoke ptolemy.vergil.basic.export.ExportModel -force htm -run -openComposites -timeOut 30000 -whiteBackground ptolemy/actor/lib/jjs/demo/ModelBuilder/ModelBuilder.xml $PTII/ptolemy/actor/lib/jjs/demo/ModelBuilder/ModelBuilder
----------------- Wed Nov 17 06:05:10 UTC 2021 About to sleep for 5.0 seconds before running or rerunning.  Test is: /home/travis/build/icyphy/ptII/ptolemy/actor/lib/jjs/demo/ModelBuilder/ModelBuilder.xml
Done sleeping
Running .ModelBuilder
0
1
2
3
4
5
6
7
8
9
10
11
12
13
14
15
16
17
18
19
20
21
22
23
24
25
26
27
28
29
30
31
32
33
34
35
36
37
38
39
40
41
42
43
44
45
46
47
48
49
50
51
52
53
54
55
56
57
58
59
60
61
62
63
64
65
66
67
68
69
70
71
72
73
74
75
76
77
78
79
80
81
82
83
84
85
86
87
88
89
90
91
92
93
94
95
96
97
98
99
52 ms. Memory: 187392K Free: 64510K (34%)
2535 ms. Memory: 187392K Free: 57856K (31%)
Exported /home/travis/build/icyphy/ptII/ptolemy/actor/lib/jjs/demo/ModelBuilder/ModelBuilder/index.html
8554 ms. Memory: 225280K Free: 90741K (40%)
####### 8 Wed Nov 17 06:05:23 UTC 2021 $PTII/bin/ptinvoke ptolemy.vergil.basic.export.ExportModel -force htm -run -openComposites -timeOut 30000 -whiteBackground ptolemy/actor/lib/jjs/modules/aprilTags/demo/AprilTags/AprilTags.xml $PTII/ptolemy/actor/lib/jjs/modules/aprilTags/demo/AprilTags/AprilTags
----------------- Wed Nov 17 06:05:23 UTC 2021 About to sleep for 5.0 seconds before running or rerunning.  Test is: /home/travis/build/icyphy/ptII/ptolemy/actor/lib/jjs/modules/aprilTags/demo/AprilTags/AprilTags.xml
Done sleeping
JSAccessor: PT_NO_NET environment variable is set, so git pull and ptdoc are not being run.
No physical cameras found, using WebcamDummyDriver.
Running .AprilTags
ExportHTMLTimer went off after 30000 ms., calling getDirector().finish and getDirector().stopFire()
30071 ms. Memory: 1747968K Free: 1081298K (62%)
Exported /home/travis/build/icyphy/ptII/ptolemy/actor/lib/jjs/modules/aprilTags/demo/AprilTags/AprilTags/index.html
38934 ms. Memory: 1747968K Free: 1548385K (89%)
####### 9 Wed Nov 17 06:06:07 UTC 2021 $PTII/bin/ptinvoke ptolemy.vergil.basic.export.ExportModel -force htm -run -openComposites -timeOut 30000 -whiteBackground ptolemy/actor/lib/jjs/modules/aprilTags/demo/Kubi/Kubi.xml $PTII/ptolemy/actor/lib/jjs/modules/aprilTags/demo/Kubi/Kubi
----------------- Wed Nov 17 06:06:07 UTC 2021 About to sleep for 5.0 seconds before running or rerunning.  Test is: /home/travis/build/icyphy/ptII/ptolemy/actor/lib/jjs/modules/aprilTags/demo/Kubi/Kubi.xml
Done sleeping
Running .Kubi
Kubi: Kubi.js: Initializing... (Thread[AWT-EventQueue-0,6,main])
Kubi: Kubi.js: Handler added (Thread[AWT-EventQueue-0,6,main])
Kubi: Kubi.js: Connecting... (Thread[AWT-EventQueue-0,6,main])
Kubi2: Kubi.js: Initializing... (Thread[AWT-EventQueue-0,6,main])
Kubi2: Kubi.js: Handler added (Thread[AWT-EventQueue-0,6,main])
Kubi2: Kubi.js: Connecting... (Thread[AWT-EventQueue-0,6,main])
JavaScript: April is right by 96px (Thread[AWT-EventQueue-0,6,main])
JavaScript: Movement sent6.866933284461882 (Thread[AWT-EventQueue-0,6,main])
Kubi2: Kubi.js: issueCommand(): { face: [ { height: 84, width: 84, x: 42, y: 22 } ],
  pan: 6.866933284461882,
  panSpeed: '100',
  tilt: 7.473069088032197,
  tiltSpeed: '100' } (Thread[AWT-EventQueue-0,6,main])
Kubi2: Proccessing command (Thread[AWT-EventQueue-0,6,main])
Kubi2: Got command object  (Thread[AWT-EventQueue-0,6,main])
Kubi2: Building URL... (Thread[AWT-EventQueue-0,6,main])
Kubi2: Making an HTTP request. (Thread[AWT-EventQueue-0,6,main])
ExportHTMLTimer went off after 30000 ms., calling getDirector().finish and getDirector().stopFire()
30071 ms. Memory: 1747968K Free: 1513885K (87%)
Exported /home/travis/build/icyphy/ptII/ptolemy/actor/lib/jjs/modules/aprilTags/demo/Kubi/Kubi/index.html
38936 ms. Memory: 1747968K Free: 1470262K (84%)
####### 10 Wed Nov 17 06:06:51 UTC 2021 $PTII/bin/ptinvoke ptolemy.vergil.basic.export.ExportModel -force htm  -openComposites -timeOut 30000 -whiteBackground ptolemy/actor/lib/jjs/modules/audio/demo/Audio/Audio.xml $PTII/ptolemy/actor/lib/jjs/modules/audio/demo/Audio/Audio
Warning: not running ptolemy/actor/lib/jjs/modules/audio/demo/Audio/Audio.xml. See ptolemy/vergil/basic/export/test/junit/ExportModelJUnitTest.java
----------------- Wed Nov 17 06:06:51 UTC 2021 About to sleep for 5.0 seconds before running or rerunning.  Test is: /home/travis/build/icyphy/ptII/ptolemy/actor/lib/jjs/modules/audio/demo/Audio/Audio.xml
Done sleeping
Exported /home/travis/build/icyphy/ptII/ptolemy/actor/lib/jjs/modules/audio/demo/Audio/Audio/index.html
3240 ms. Memory: 1747968K Free: 1343783K (77%)
####### 11 Wed Nov 17 06:07:00 UTC 2021 $PTII/bin/ptinvoke ptolemy.vergil.basic.export.ExportModel -force htm  -openComposites -timeOut 30000 -whiteBackground ptolemy/actor/lib/jjs/modules/audio/demo/Audio/AudioCapture.xml $PTII/ptolemy/actor/lib/jjs/modules/audio/demo/Audio/AudioCapture
Warning: not running ptolemy/actor/lib/jjs/modules/audio/demo/Audio/AudioCapture.xml. See ptolemy/vergil/basic/export/test/junit/ExportModelJUnitTest.java
----------------- Wed Nov 17 06:07:00 UTC 2021 About to sleep for 5.0 seconds before running or rerunning.  Test is: /home/travis/build/icyphy/ptII/ptolemy/actor/lib/jjs/modules/audio/demo/Audio/AudioCapture.xml
Done sleeping
Prism pipeline init order: es2 sw 
Using Double Precision Marlin Rasterizer
Using dirty region optimizations
Not using texture mask for primitives
Not forcing power of 2 sizes for textures
Using hardware CLAMP_TO_ZERO mode
Opting in for HiDPI pixel scaling
Prism pipeline name = com.sun.prism.es2.ES2Pipeline
Loading ES2 native library ... prism_es2
	succeeded.
GLFactory using com.sun.prism.es2.X11GLFactory
(X) Got class = class com.sun.prism.es2.ES2Pipeline
Prism pipeline name = com.sun.prism.sw.SWPipeline
(X) Got class = class com.sun.prism.sw.SWPipeline
Initialized prism pipeline: com.sun.prism.sw.SWPipeline
Exported /home/travis/build/icyphy/ptII/ptolemy/actor/lib/jjs/modules/audio/demo/Audio/AudioCapture/index.html
4406 ms. Memory: 1747968K Free: 1494725K (86%)
####### 12 Wed Nov 17 06:07:09 UTC 2021 $PTII/bin/ptinvoke ptolemy.vergil.basic.export.ExportModel -force htm  -openComposites -timeOut 30000 -whiteBackground ptolemy/actor/lib/jjs/modules/audio/demo/Audio/AudioClipPlayer.xml $PTII/ptolemy/actor/lib/jjs/modules/audio/demo/Audio/AudioClipPlayer
Warning: not running ptolemy/actor/lib/jjs/modules/audio/demo/Audio/AudioClipPlayer.xml. See ptolemy/vergil/basic/export/test/junit/ExportModelJUnitTest.java
----------------- Wed Nov 17 06:07:09 UTC 2021 About to sleep for 5.0 seconds before running or rerunning.  Test is: /home/travis/build/icyphy/ptII/ptolemy/actor/lib/jjs/modules/audio/demo/Audio/AudioClipPlayer.xml
Done sleeping
Exported /home/travis/build/icyphy/ptII/ptolemy/actor/lib/jjs/modules/audio/demo/Audio/AudioClipPlayer/index.html
3912 ms. Memory: 1747968K Free: 1472466K (84%)
####### 13 Wed Nov 17 06:07:18 UTC 2021 $PTII/bin/ptinvoke ptolemy.vergil.basic.export.ExportModel -force htm  -openComposites -timeOut 30000 -whiteBackground ptolemy/actor/lib/jjs/modules/audio/demo/Audio/AudioRecorder.xml $PTII/ptolemy/actor/lib/jjs/modules/audio/demo/Audio/AudioRecorder
Warning: not running ptolemy/actor/lib/jjs/modules/audio/demo/Audio/AudioRecorder.xml. See ptolemy/vergil/basic/export/test/junit/ExportModelJUnitTest.java
----------------- Wed Nov 17 06:07:18 UTC 2021 About to sleep for 5.0 seconds before running or rerunning.  Test is: /home/travis/build/icyphy/ptII/ptolemy/actor/lib/jjs/modules/audio/demo/Audio/AudioRecorder.xml
Done sleeping
Exported /home/travis/build/icyphy/ptII/ptolemy/actor/lib/jjs/modules/audio/demo/Audio/AudioRecorder/index.html
4990 ms. Memory: 1747968K Free: 1458057K (83%)
####### 14 Wed Nov 17 06:07:28 UTC 2021 $PTII/bin/ptinvoke ptolemy.vergil.basic.export.ExportModel -force htm  -openComposites -timeOut 30000 -whiteBackground ptolemy/actor/lib/jjs/modules/audio/demo/Audio/AudioSynthesis.xml $PTII/ptolemy/actor/lib/jjs/modules/audio/demo/Audio/AudioSynthesis
Warning: not running ptolemy/actor/lib/jjs/modules/audio/demo/Audio/AudioSynthesis.xml. See ptolemy/vergil/basic/export/test/junit/ExportModelJUnitTest.java
----------------- Wed Nov 17 06:07:28 UTC 2021 About to sleep for 5.0 seconds before running or rerunning.  Test is: /home/travis/build/icyphy/ptII/ptolemy/actor/lib/jjs/modules/audio/demo/Audio/AudioSynthesis.xml
Done sleeping
Exported /home/travis/build/icyphy/ptII/ptolemy/actor/lib/jjs/modules/audio/demo/Audio/AudioSynthesis/index.html
4170 ms. Memory: 1747968K Free: 1457564K (83%)
####### 15 Wed Nov 17 06:07:37 UTC 2021 $PTII/bin/ptinvoke ptolemy.vergil.basic.export.ExportModel -force htm -run -openComposites -timeOut 30000 -whiteBackground ptolemy/actor/lib/jjs/modules/audio/demo/Audio/SpeechSynthesis.xml $PTII/ptolemy/actor/lib/jjs/modules/audio/demo/Audio/SpeechSynthesis
----------------- Wed Nov 17 06:07:37 UTC 2021 About to sleep for 5.0 seconds before running or rerunning.  Test is: /home/travis/build/icyphy/ptII/ptolemy/actor/lib/jjs/modules/audio/demo/Audio/SpeechSynthesis.xml
Done sleeping
Running .SpeechSynthesis
ExportHTMLTimer went off after 30000 ms., calling getDirector().finish and getDirector().stopFire()
30030 ms. Memory: 1747968K Free: 1368574K (78%)
Exported /home/travis/build/icyphy/ptII/ptolemy/actor/lib/jjs/modules/audio/demo/Audio/SpeechSynthesis/index.html
37176 ms. Memory: 1747968K Free: 1323497K (76%)
####### 16 Wed Nov 17 06:08:19 UTC 2021 $PTII/bin/ptinvoke ptolemy.vergil.basic.export.ExportModel -force htm -run -openComposites -timeOut 30000 -whiteBackground ptolemy/actor/lib/jjs/modules/cameras/demo/Camera/Camera.xml $PTII/ptolemy/actor/lib/jjs/modules/cameras/demo/Camera/Camera
----------------- Wed Nov 17 06:08:19 UTC 2021 About to sleep for 5.0 seconds before running or rerunning.  Test is: /home/travis/build/icyphy/ptII/ptolemy/actor/lib/jjs/modules/cameras/demo/Camera/Camera.xml
Done sleeping
Running .Camera
22939 ms. Memory: 1770496K Free: 28672K (2%)
Exported /home/travis/build/icyphy/ptII/ptolemy/actor/lib/jjs/modules/cameras/demo/Camera/Camera/index.html
28810 ms. Memory: 1824768K Free: 230379K (13%)
####### 17 Wed Nov 17 06:08:53 UTC 2021 $PTII/bin/ptinvoke ptolemy.vergil.basic.export.ExportModel -force htm -run -openComposites -timeOut 30000 -whiteBackground ptolemy/actor/lib/jjs/modules/cameras/demo/Camera/CaptureOpenLoop.xml $PTII/ptolemy/actor/lib/jjs/modules/cameras/demo/Camera/CaptureOpenLoop
----------------- Wed Nov 17 06:08:53 UTC 2021 About to sleep for 5.0 seconds before running or rerunning.  Test is: /home/travis/build/icyphy/ptII/ptolemy/actor/lib/jjs/modules/cameras/demo/Camera/CaptureOpenLoop.xml
Done sleeping
Running .CaptureOpenLoop
21959 ms. Memory: 1824768K Free: 152576K (8%)
Exported /home/travis/build/icyphy/ptII/ptolemy/actor/lib/jjs/modules/cameras/demo/Camera/CaptureOpenLoop/index.html
27156 ms. Memory: 1824768K Free: 103926K (6%)
####### 18 Wed Nov 17 06:09:25 UTC 2021 $PTII/bin/ptinvoke ptolemy.vergil.basic.export.ExportModel -force htm -run -openComposites -timeOut 30000 -whiteBackground ptolemy/actor/lib/jjs/modules/cameras/demo/CameraWebSocket/CameraWebSocket.xml $PTII/ptolemy/actor/lib/jjs/modules/cameras/demo/CameraWebSocket/CameraWebSocket
----------------- Wed Nov 17 06:09:25 UTC 2021 About to sleep for 5.0 seconds before running or rerunning.  Test is: /home/travis/build/icyphy/ptII/ptolemy/actor/lib/jjs/modules/cameras/demo/CameraWebSocket/CameraWebSocket.xml
Done sleeping
Running .CameraWebSocket
WebSocketClient: Connection failed. Will try again: Connection refused: localhost/127.0.1.1:8071
Connection refused (Thread[vert.x-eventloop-thread-2,6,main])
WebSocketClient: Connection failed. Will try again: Connection refused: localhost/127.0.1.1:8071
Connection refused (Thread[vert.x-eventloop-thread-2,6,main])
WebSocketClient: Connection failed. Will try again: Connection refused: localhost/127.0.1.1:8071
Connection refused (Thread[vert.x-eventloop-thread-2,6,main])
WebSocketClient: Connection failed. Will try again: Connection refused: localhost/127.0.1.1:8071
Connection refused (Thread[vert.x-eventloop-thread-2,6,main])
WebSocketClient: Connection failed. Will try again: Connection refused: localhost/127.0.1.1:8071
Connection refused (Thread[vert.x-eventloop-thread-2,6,main])
WebSocketClient: undefined: WebSocketClient.js: Error: Connection failed after 6 tries: Connection refused: localhost/127.0.1.1:8071
Connection refused (Thread[vert.x-eventloop-thread-2,6,main])
WebSocketClient: Connection closed because model is no longer running. (Thread[AWT-EventQueue-0,6,main])
24925 ms. Memory: 1878016K Free: 1466878K (78%)
WebSocketClient: undefined: WebSocketClient.js: Error: Unsent messages remain that were queued before the socket opened: [����JFIF��C		
 $.' ",#(7),01444'9=82<.342��C			2!!22222222222222222222222222222222222222222222222222����"��	
���}!1AQa"q2���#B��R��$3br�	
%&'()*456789:CDEFGHIJSTUVWXYZcdefghijstuvwxyz���������������������������������������������������������������������������	
���w!1AQaq"2�B����	#3R�br�
$4�%�&'()*56789:CDEFGHIJSTUVWXYZcdefghijstuvwxyz��������������������������������������������������������������������������?�h���9B�(��(��(��(��(��(��(��(��(��(��(��(��(��(��(����:��w�$T�E5�����F���������}ȡ�İ��$�¥�2�aU(�i��XQE�(��(��(��d\\�J��!8��Uk�T��aU��5�kE�t��s%Z.���+��E��QEQEQES_��4�k��ƺ�Ǐ��Q_PP���KQ'�-x����aEW� ��(��(GE�����g���w����F�u����O[�NαM�b�3�����ռS���Z�U�GU{������B���z��&�S�����I�gS��<�՛�z�:���Z��f��Ƞ$�����@�w�º�I��,��UY��L�O���\u�ۣ��Ƣ�i~�����g+���YX�8�q�Ӿj���}kG�����x'� B���9���w�4]��Ez���T_�lh�~�n�JbN6�=��i]x��Dnt���Bӷ'��q�����1��譖 ]؟�6�btۻ;�������Av�̓�Hc�F�S������t]
�t����z߀��<}m�������sܳ���>yێ�;tj����w�%^#����4���y���e(��%q�Kv�Za�X�["�Y�Vƃ�MĶi�4�%�����8�b#ڶ<#�����M\K�F�wT!\�uc��ybiF-�m_�vg �xT����rj:��5��c�fRW=r?*�x'ď��Mt�����J����wc��2�	�R�����i����K?��PӢ���̶Ҧ�q4ya�ݟҩi�ֵy� ���Y���ǹU���	������Y�WN~��\G�,��K�6�z�p�9���6�[;�Z��׍��֚i��^��4/���kP�.�qu�g"�#�U2�#.�:��}�Q���v��/,.%�N�����\c*��?0�})s+�|��$�}q��l�.f�c�<�0UQ�I�WI���{������|��k��}�g,���?L�	������3��T������:㌛��I���[:v���M֬<I��j���u�j+}ۥ؊�Dp��p�sZ��Z^#�y���\ç�\-��p�F6�|��7c�yU����s�-|Ia��>��V�%������A��j��s�|�@��Qj��t_�֑j�{9O��K��r�����QB���~"��o�'Y�6q�A7��K�)گ�}�x�ZȂ�O��o�?���y%�w'�y�6.����'ް|	�/����f��Q��e��q���｟��4��iw�����]��r�ɴx�~b�F�P	c�[Ҽ��$JI
1��޴�]oV��-OR�����=�*���m
�'d��j�wF6�2��z~��m��q��j<@t�Ғ��_8��$d����Ϧi� �.�>ܽ��hu�V���{Q:��+f)��u��zW�S_��5�:�UE����N��A�]|<Ӵ�����R�I��-	b@����N���mn~*6��k�+���5ݪ������4�w�� t��+���eQu%5-�����zZ���붣�V:��2���v$�� <�����G&����^&�c�~+���;1�O#,��H�1�' dzu"��>�k��a}�D�};[�����߃��ừ�'hDi��5���|� �9�Ҩ���K��>$^Ŭ�F���)��+�b<����ӽy����Ü��{�q�*=J�\C���[-���U�s����g�D�l�?j7}�ݹHG�o*ȥ�FA#<W3E5;����o�_i����K�׺���p�Q�Aqv�"8d$�����U<q�i��xB�o#��H�e�����F
6��z���ɭÛK:/�~?�s?�UK������7�z/�~?�s?�UK������7�*��G�O��~���(��)ȡ�"��l�@i�SZWGa�����g������{��WG+��r��L2J�p}s�����g��W]4K<Bą�J�:��W�V�#���Ѯ��U(�����O���?1~M������?1~M���4W�ο�~?�e�����M���?1~M���^��Q~O���t����t`佼t���`�����?ȏ�~������ȏ�~������(��+�_���,,��P�O���Ȋ��*>��]>�k��Z��[�������� ��+�((��(���������b�]�����ѿ�[������b�]�����ѿ�pS�}��8)�����E�w�Q@��?����������O����5v5�⿌�������(���0����i��ӃiW�}ƈ���4`��oi�O�*Z�A�85%xY�����~��QEy�
(��
(��-��Iip�H���~���ėH3�bF}�GEf��Tu�C5F*���aEV��EPa�O����5v5�x�_����]�x���?롤v<z�(�`�(��(��(��(��(��(��(��(��(���<	�/����f�Ƹ������٫���g�t4�ǏQE��Q@Q@Q@Q@Q@Q@��, ����JFIF��C		
 $.' ",#(7),01444'9=82<.342��C			2!!22222222222222222222222222222222222222222222222222����"��	
���}!1AQa"q2���#B��R��$3br�	
%&'()*456789:CDEFGHIJSTUVWXYZcdefghijstuvwxyz���������������������������������������������������������������������������	
���w!1AQaq"2�B����	#3R�br�
$4�%�&'()*56789:CDEFGHIJSTUVWXYZcdefghijstuvwxyz��������������������������������������������������������������������������?��(���(��(��(��(��(��(��(��(��(��(��(��(��(��(��(��(��*�Z}��	#�r�p֑P�9�A_ЭE\�ʽ��?�����W����_�������̧E\�ʽ��?�����W����_��>�_���tU������������{�<���.�����̧E\�ʽ��?�����W����_��>�_���tQE3��(��(��(��(��(��J��d?�/�k���J��d?�/�je�����~��.�E��EPEPEPEn�3E���4�"��K{���hH	��GoJ��y�]K�w���}j�[��F���+�����:���G�X�+~��z����}%��&�rmo%�Sɸ.'q� w����F�*��miY������'��^���N�,s�Wc7��eܕyXFG;�������9�+3X�W��J�O�4�-�o-���@�`J�#���,`�^�c�o�d��S�o"��X����A��;�����j?
��V�����F�,x'Мq��Պ!�-��tW���'�/|Q�ho$���":��é9�6��/�0����YcW*��ӆ����;�l�A�RV���}�m��hG����W��|�b�ؿ��c���n�wd(C����Em�oE�[�	��/���F��!]�"��~Rz(�WG֩^��m�����cK���ҿ������o�ږ��Aw�/��/���	\��kS�a��}V{���H�F��Ã�c���(�қo���ڱ��5����E��GEm�>���&��i3[Z�s2������R���K&�uE�'�O3y*�g;I݌sҶ��'.eg�s�WMe���:���i�mfM�<��n��T4�kz���Xi�K5���{�Y9#b	9��������2(���9�p���M�E,�ہ���>�����2�[+��N׍��ցƬ&�&W����zt��|M�\]E��Ȱ���L���@�����lT~/�Ͷ��e�q,�n��nfH��U��~a��Qs?�������Ë�k�z%���V���n�Y�" ����MxgG��}�G�:$�k,����\��gb�@*����ڼ*��F����d�|I����^8���[�W������ٽ)oP#�ǯJڹ�<;e�|.����u����%��q�['���د�����a�$O�r��l�]�n��&Q�s�q��՝�kZd��i��$����>Х�]���r���y%rϦ4�����5�����Y$]���H��l������Q5�A���?�PI����%�i99,r}��t�d�<e�wH_w����}+C�_����o�Ʊt�}���V=�[Z|?��n��:@%y�p߻`{����O�x�����:�8,l<�P"�V$�������k���&��K5���olB�G��Q���NO_ZɮœЯ����1�I��Ѫ��L��Hڔ��Q��]2M;�I:�H�EBvd�w�M3�>6����w�#^���.,Ruߐ����6��1^5P^ǫ�ε�[Nm=�L��'ǚ�|eh����f&koD~�F[�����N*�������}wDh��>��V��������Q��Ҿy��J��d?�/�k�R�"�=���7��ztz���kֿ�X�z����[�]ؓ�$��'?���ǲh~(�b�>-���+1��FY�a��c�N@�ө�TR�=x��|���i��=s@��v������V��>�&���Y0�r6��}*���4�]O�M�Z͔kq�b�\���#�9��On��TQ�'�k'Ͽ�����ޱb�|�ǩۋ�u/6{e�b"��Y�9�:VwčB�S���s��[�۔�y��X d3�r�SHޖ	S����w�#������|<��+{���/uս��l�ᐐ[��?�׵T�޻��[x{A�o#��H�e�����F
6��z��(�ڍ�׵��������E��AEPEPEP�?�#�t*����D��RW����z����zdд�Ԁ��SY�NM�eB.RQ��Ʈ�J��d?�/�k'�&�����Z(�b.z}Mx>��,���%j5��F�ߪ,�E�QEQEQE��E���EPEPEP�;�?������ӿ��/��ޯ7�C�/�y��H(���=����V*
�?�b�0��3���(����(��(��(�6�(���
(��
(��
(��-i������oV���~?���y�ύzU����O�AEW)�O��PT���ц�ߡ�M��E�`QEQEQEq�QEl|0QEQEQE$34,�e�����r?���P���8I�H襋�F<��d_�֟���G�h�֟���G�j���>Ɵ�8��e��i���ƴmuk��� Y9�
}k����ꑥ<�w+��/��������(�ղ������sTUr�_�����gK��e�=����
?�l���8��\�r��د�~?�t�ڶ_���o��V��{���QG*�����gK��e�=����
?�l���8��\�r��د�~?���, ����JFIF��C		
 $.' ",#(7),01444'9=82<.342��C			2!!22222222222222222222222222222222222222222222222222����"��	
���}!1AQa"q2���#B��R��$3br�	
%&'()*456789:CDEFGHIJSTUVWXYZcdefghijstuvwxyz���������������������������������������������������������������������������	
���w!1AQaq"2�B����	#3R�br�
$4�%�&'()*56789:CDEFGHIJSTUVWXYZcdefghijstuvwxyz��������������������������������������������������������������������������?�*(��Π��(��(��(��(��(��(��(��(��(��(��(��(��(��(��(��φ�ҵ��?�;_?���2�����=w��+�@��������UEْ��W��»����b_�*��W~��_�LK��R��:<"���W~��_�LK��Q�
�¿��ɉ��=�C�E{��+�
��/�&%����w�_���Ŀ�U�!Ώ����߅�����T»����b_�*�m�G�Q[�3ӭ4�^�YE�[���Mű�ԞI'�5�Z�ur��(�0��(��(��(��(�>��g���J���������R�>���l�[�QY�(��(��(�������=�_���E%r��|D���R��_�)+���|(�lVǅ4�5���e�Ȑ\˱�"�� �һA�j^'�����2#ެO��$�==qӽZ�z��#�譙�-�[��w�Z�k�\k�|�$�''�9�8xG]/�������b<��0~���q֎V;���&�s�"2>�rW���FF9�:'�ӾqYگ���P��Դ�-�.�X��!$��w�4r���FE�����6��#�7a���3�ķᚡ��G_У��T�$����D�鴱�	
~��}(�}���V��O]�ĩ��Ӝj���19wgv��=�zD�qYL`G+G"���U��dA�dTM�+�CZT�U��Wg��c?���jW��-��L���/t�e�{��R�R�j/��q{t�oǪ�O^���h��!3�(`U�`pA�۱��JNZz~������O��"ӣ���/�QL�L{��feݏ��*���[�^ �G�����4.�*���>���m.���r��>�u���j:���Z$������?0#Ӑ*��W/�Dh���By����g;K���ŧkj
�G+i�*������w��5����`�䏧������ڒ�Cg�j�k��6Ƭ�F0\x<iY����Mt�}V��-%�Vϣ�BdR�G�P=J�����J;#p�p���q��J.:3��"����/���׫x��mƩ�?��7P�VRA��T�,�8�wY>خK�^��K�Ӯe��5H<�v�@�p*��?0�}+�|���� �%ս��4���������UF$�w��t���0��~�=��I��l.>�3�]�^�{f��������vz^����)����/�;-�T�V��K�	����q�ֵֵ���5���u�t7q:�(X�H�/��A��W�Ts}���U�4=F���1�|U���e���.n���*�G?7˴��OR�4�<3���5G����H�N��M���r���y�\�v=���zJ�g�6�������Xm��<��Dv�gi;��;渆լ��U��&��GT���b�[i;��y���9�ǶC�;T�v�;r��,F����܀K�zW�h��H�\��y=�cY�ǉu�~���Tԥ���ATDL��@��9<���?���B5Ø;�^�����?O���x�Go��/�����6����s$�$d����Ϧi�"���
��`�m�5kK[	�D��V(�S;��~q�\%α�Ii���ЖQ����n����[�.|a�}��6�V���?��2�2�n�~�x�V�&��]{G�t�][F����1�i�?62
�h�t�Z�߀�EԔԷ���:���~���׬���^ex!����ɒ@yS�I?�����x�T_���vkYN�'���Dq�Il�����QM㮹yt���r�W�ϯ�����="��:t�����F�k�Q�u�|���,xJ�k�M2�o���k6q��L,�[�W��ym���=��E5��+�b^Q��?���~�w��iw�&���i$��I���Q'dfL���O�t������=��70,Ѝ��C��0����^y������W�U,K�O��߁��8eB���_��;�2��O�<5{�Zi�Muս����X�ݾ����r5��լ|=����tkb����<�mF�,m$�E]���7���k����	7�_��q�QEy&�Q��֤�����BܙlCEV�!EP]F�� ��_��^��#�Ap����#\X��_�=|����~��EW�}8QEQEQE���,<Akss'�
o��'B����������5�����e�p���i�����3�ׯYJ�[V�Y��;�/����i<�_n��x<��I�Q�W���aa5��������l�袊�`�����RTs}���nL�!��+C��(��H��\?�/��/]F�� ��_��,w�ׯ���K���?T^��+�>�(��(��(��Zu �N���=
�#xE�䍩�h�\�&��i	E.5��k�#���װ���?z9
(���£���IQ��օ�2؆�(�B�(���#�Ap����#\�uG������F����^��z�/����Qz�(�(�p��(��(��(W�
��_�*J�܇��_��>g9�:��XQE�I�QE���Q��֤�����BܙlCEV�!EP]F�� ��_��^�M*��bW�5a������j��[&��v����J���V���/��Q������+��c�}�;�j*�[��x��Gڭ��_�أ�]��ú&���˟-���i�)�>��R��Qp��?�_x�R��0}?cS�_�֟�/��
�����O����(�䤭�~����JU�N�~�(���O(��, ����JFIF��C		
 $.' ",#(7),01444'9=82<.342��C			2!!22222222222222222222222222222222222222222222222222����"��	
���}!1AQa"q2���#B��R��$3br�	
%&'()*456789:CDEFGHIJSTUVWXYZcdefghijstuvwxyz���������������������������������������������������������������������������	
���w!1AQaq"2�B����	#3R�br�
$4�%�&'()*56789:CDEFGHIJSTUVWXYZcdefghijstuvwxyz��������������������������������������������������������������������������?ˢ�+��
(��
(��
(��
(��
�<?�O����o��S�+vp�r=k��G�� ������i]ت��>h�Q��u�Q_������u�Q_���쫹����<߭��o���]�W�%��*?�]�W�%��*�h��H>�[��#���u�Q_������u�Q_���쫹��i ��o���"����~��h���$ݳn2H�2}+*�������W�Bj�+x����	9SR{�QTjQEQEQEQEQE����?�}7��������?�}7����O�����袊�<`��(��(�> �z��_�	����������U�К�J�w�(�QVnQEP����XQ%��`1�>�~�m#�B�����]M{�A����ƕ�S����sI=�(����(��(��(��(��(��(��(��(���>-W]����b�M�P��c�A���/�^ ��,n5[{�wh�[�����d�����5��.IK��R���k���jֲ�_Kl�i�ܵ�ԦU$��0NNY���̺t_g_3QV{E�S2��׌nq־���B�2.���[z�Z�M�fQ[�x/�QG�����g�U�s����*����i��Z�Z4S\D����q�~u�VfwFm�/�|G
J�ˈ���V=3���5SP�步,}f�,�6f\�Nx�qG+�.��>�Z9�?o#>Hu��s�����I���r-���FGPE+0��̗Q�&t
�V d�C��5�L��],�׸g]�0��n8*;t5�����o�m��M3I�7>ln��W^J���ڽ��u)�J�Hq�z����ݏ�?�G���ݏ�?�Vt��#�Zv�$��nm�3�X�H���	�<j�.�C֒�ѣ���WcA澎xL�1r�Z+��q��G=��7�c������7�c������	��V�����Mml��IBz�~ T����u1�M�@�f�T��v���5��\T�cg��gi����#�4i����#�5�g�/jtW��a��Tގ&�,>���U7�:ί5�66K5����*�u� ��x���[��7�o]C�+i����#�4i����#�5�~��\G�4��K�6�z�p�9���6�[;�Z��׍��N���#�4��%�ӛ���G�h�ӛ���G�kkC���'��k�Q閒,";ES,�1P��/���<9o��2���Y��N:��u�2��3��ҲX|���<�����~���5�-q���..f�c�s�#U<�x�o������U�\��\Am��}�g,0U���ָ�+�#++�ݚ�'�4��g�V���g��jZ�j�B A"8]޸���E.����O�U��,.!�����Y��!�>NPg+�t��
C���Mu5�g�X`�J�=S���9�I�tPk�|Z�{��d�P�u���*�ʨ#9��P���Vn�5 �5���u��:�KD�Lnʎ;�W)WS�Z�x��T�]�v:������e���-�[�v�I�$Gb�q���z湈��a�S�X}���|�y02�d%�i99,r}�.�}�+jvz�����h��e-?����f6��ŏ�>�����ii�r��\��޴����Y�_Q�n.b�?���c���@U8��y5N�ϙ+J2w;=�:A�v���j���kiq�y��2K"F[fwpv}3Px��z"�9��>�i���Z[��Z���*�Q��w}���ҹ:������?ν��
�sqnַ�Q���^���|?���s�/,�f�/BZ2�2������Ŗ�?Sյ��M5ݲ5�����4�w�� t��2���yD%RU�+�??зE]���z���떋�n�W�Z�yK�rd�T㓟�MI�мK�G�$�]��1و��yOĈ��rG�R+���r�W�Ϫ�V��~���[�����?M��n��	�}�ME3~$�!�+�rǁ��6~$���#�Ŭ�F��/ئ[�W��yg?1��޼ꊗ�&���//4���o��������ZLz����Q�f�Yǘ��R�˜�O*��F�S���q��[�۔�y��X d3�stWM�4k{X���ߧȸҳ���w�n���R��k��=�wPOv�";Y	�}���UO�u�:���G}�l�qw1<�mC�I����T����^m/{y�����tTQE~zfs�]��z�L�J�3��@�k�����L�y�eVq����o�*R�w
�����)���In�ɒs�O�Y�x���q�M��C�|C��RP�et���+QV|����G����k/�C��Ӄ�Y}�����֫V�[���SL���Miu4�f58�	'u}��̺������?λ/��������;h2I����k��3�6r�H��tK�У�xU�e�/�9
+��������o��O���}�ƽ��������$_�̈́�Y}���F�뿱t�������h�������o��q��$�����̈́�Y}���F���,����"=��g�'8ǯֲ+�p8�x�<q�JW�}^}�g	��*�����;Q]gHQE�QE�i�QEjY�Ǫ~?Χ�,���?�S����$�Y��;�����(��P��(��(��(��(Ŀ������[�%��_����g��WK���ҙ�E�"�?�)�Q^��Q@Q_���EP���z����z���=S��u=|�o�K՟�c�ު��l(����
(��
(��
(��
(��0<K�.��?�X5��_�u���J���xg�Et����)���_�/���ҘQEQE�QE�i�QEjY�Ǫ~?Χ�,���?�S����$�Y��;�����(��P��(��(��(��(Ŀ������[�%��_����g��WK���ҙ�E�"�?�)�Q^��Q@��, ����JFIF��C		
 $.' ",#(7),01444'9=82<.342��C			2!!22222222222222222222222222222222222222222222222222����"��	
���}!1AQa"q2���#B��R��$3br�	
%&'()*456789:CDEFGHIJSTUVWXYZcdefghijstuvwxyz���������������������������������������������������������������������������	
���w!1AQaq"2�B����	#3R�br�
$4�%�&'()*56789:CDEFGHIJSTUVWXYZcdefghijstuvwxyz��������������������������������������������������������������������������?�袊�9B�(��(��5۹��RKw��@��0}~��X�'��l��#S?���������8��G���??����gQ\���#G�wR����q��K�~���
΢�iwG�wR����q��K�~���
΢�iwG�wR����q��K�~���
΢�iwG�wR����q��K�~���
΢�iwG�wR����qº
�{�������8�O�q���c�A��c��]97-X#j�(���Q@Q@Q@b���A���a��mV/����v����`r�QErQEQEQEQE��c�A��c��r���c�A��c��iK�6����QEQEQEV/����v���b���A���a��L�)EW!!EPEPEPEP]_�?�'�v?�W)]_�?�'�v?�V��!�j�(������6_�6Z}�H�O&�1�v�5�G��^"���ޭm�[�F�]�m��$�7OP)9%�J-�-�.��Cez�maq�k��I�.0NO$z�xkWi4�Ũߩ�=����B�I��7��EЬ̚+����'�=�͍�>VV9�:�{��Z���}*����ɡ��
�R�8�G~�]��X�'��l��#]��D)+��)}�O��~�o�Z���5f�I�[�R`�~o���*d�V@�<�ᆰ����Hȇ�n��ߎ����%`��%� �X�n;NFr��p֫
	:����fym���b�ٝ^�-&+E���!���π
t�j+�z,z��$��oF���8X�	
�k"��~V?�9���Er3��U��	_j�m��jL�X��>�B@%r\g�m�]���Z�ڽ�F�IH!X�7��+5���I����\��J+���[��dz���ֶ��'�l6G�J�	|@�YԄ}�'��Ơ��s��q�j��a����;O��#�����#-������?�SӾj���P��[O���
��c�'���F��+�����d����
�?<P'H~�.�R��M����PA��xu�Ӯ���%՗NO�>��8� �[�Q]����×�#�纏M��a�(2�#.�:��}�L�N�o�f�X�,��t`�1�lq��_Jۙ^�r�\���0Y��M���8 �]�$�T`�I�WI׆t����Ś=��K�-����L�^�L�E)F��dvZ~�e�x��Q�l�{�OQ[���&�U��-���֛[�ľK]wO�����\L�����_'��J�z*}��\�eo�+��w_�6�%��-��jPg�Z�"9��P�m����������S5���B�)xS+��9Q�J㪇���oι�cB�������|��ܲ�-����V&�⯊5f��~�,R.��<����V�3���k�]J�~iV�QY����%�i9 �r}�������?���e��c�|9[���z�������1�ۆ��g��f6��ŏ�oJ��XE���0���5���u>�y6��j�صMKR��O����T��np�d�#''�I�����N������:ke3\7^KޚG�x�U����-�\���̆��Q+��$e�g'���|]��+ᫍ:�a��1�Y=��|����3���+���_�	�����?��_�	�����q�M$���Ϲ���[���{F�y����;I�|=m�˹��m|�q�
|�d��3Pxs�PO�MCU�u�6kH�c����k[U!���H��� ����W��w����ƺo���h��ڮ��e����[W�3���"j��o���d�0�iI4��ط��xk��͜z���{�̯6�v%�d�T�O�G&����"���?�X�vb5��F��q"8�$�@����诠�g��zF�w�5�9sg7�-�>�&���&A^s�<�Q��&�mq��-f�4�)���r�J��,��;�n���G��s����������q<:��5��<�E2�f\�prx�*���-Oǚ�ƟyownV�[ʲ.���q�1XSP�����u�ExP���m�N�Q�C=�l��dbv���~1�4�@h:6�w�E�,�p���@T=�G��(�ɭÛKQT@QEVuh�uyy�����������P��+�>�(��(��+������A�^��A��*�|#� o׸��d�}=W�y9���O����:(�����(��(��(��(��(��*��'�QWh�+�Z��G����{$�5��K���/"O����"O�����\��Ի���z?�./�c�?�)yw�r�D�t�/��W���:�q��'�R�_������O���烄q�&�+��ve��#��)�6w�>��8/%������Z�Ew�d����>��2kj��5�����|����WQ�h��N��}�+ͷ�>ul�_=	������_���mj�����y?�_9�~��-�G����i��V�-�寧��(����Т�(��(��(��(��(��(��(����v�_a�=�Sm�7ynw�+���j��)ׅK�7�Q�d�����LmQ]����o������'3�I�m^p~���j�|�M�%��;@�UfRI�xי'�?AO�
�W
��W'�ρ�U��=B�(�H�(��(��(��(��(��(��(��ݩ���W��2o��|�&6�(���O�~��LA�4����,����QE#�
(��
(��
(��?��, ����JFIF��C		
 $.' ",#(7),01444'9=82<.342��C			2!!22222222222222222222222222222222222222222222222222����"��	
���}!1AQa"q2���#B��R��$3br�	
%&'()*456789:CDEFGHIJSTUVWXYZcdefghijstuvwxyz���������������������������������������������������������������������������	
���w!1AQaq"2�B����	#3R�br�
$4�%�&'()*56789:CDEFGHIJSTUVWXYZcdefghijstuvwxyz��������������������������������������������������������������������������?�(��P��(��(��(��(��(��(�������k��;|��*�9��#�֗�+���3�#���V3�ф�g4��C�9�+������x���?�_������/�*�������Q]/�+���3�#���Q�
��������T}s�?#���9�+������x���?�_������/�*��a���~�g5EW@��(��(��(��(��(��(�J�K�1��c��ץך|%������������o����$m��(�8aEPEP�TQE~�`QEQEQEQEQEQEzW�_������.���/��?���^�_��O��#h�QEy�
(��
(��>j�������źn�v�Slv���`�$�Wx|��K�7��5]j�Y��F���+�����:w�����E��(�ˏ떶:���c�Uɵ���@M�q�rya�������~[YVk����$�>�:�t+3���]�X"2���J�<�##�'�.���ռ�Q����׷��!mԺ�!$��w�4]��Ev�,�S�'��+��"9<g�
ķ_��v�?�,�f�MF1!ڄ�'���ZS�;�hڎu]���5E{'�)�;�@�	�����.8�]��Uc�e��	)}{*+�-��8 �pA��'�_y���=���KE{|��5�^��uD���n�s4y�w��Y�)���?��K�w�Wz�ZiH�3����Yϗ��ߥauk�\�����x���7�+McM��4Ԕ��'��	\��kCK�3��j�ews�DUI!d�x�`�֮�I��^
�M駙�|%�����������>	���a�6��}�#2Gs"���p���z��?����n��B�,Hz�|VkJr�O�_m������tU��]Bxx��F�*C�#隆�O��iVK�_|d??�y�Ʈ���m�Eha�bEO�6Xdr1��JX�	�)l�p�{S�R
�_ EN�d��.u�D�h]"X��4��0UU���~4�F�&��̛/ 3D$pn�q�F����O���~��Z���n��|�\��Eoo��W�0y$�+�?��/�m�x�E��f�{{[��L��
��l�����Q������ZW�t�xKƺm�e�^jڂ����|�	�)oP#�ǯJٹ�|=i�|2���:m�d3���\(X�w�~@H8݊��*}�\��x��8>,L���x�,�(3L����.�6�UOY�%��kuԭ������^ܿ|g*0;�W��B��Xx�I_��%�_��R�op�i�#�[;I�~|ӭn�->xZ�.�[���iG�&�ػ����9>��u�uap�N��ǥ����Ok4h�z�Ӽ37�-��k���-���؍��;��l�V&�c���YC���8O��Kym>������WIjK[[>Ŋ۷p
���FX�2j�va�:nR}#���tܤ��D�.����6�j6�]YfEm�(��i2�3��	�֙��OH_\XAl5�b+k)-��߱�fwca~}�6���b�ׯ�-�z��sS����՝��>�h%,��־l8�>e��jx�	�S��:��5�V���P[�����xy$`���@�ECE9`�����G,\��������h~�M�ukM[U��G�-���9`�iU��$���{Ň�zܺ֩�Y���6w�ё���R[ eGn�*��W�fطG:]+m��3��ǒ��k~C��j��o�9h&mB���(C�Tu��T��z|:�/��-)��N�*ܡ*#l������³M"�>?+v0�R�������ۃߞ�BQ�"��]�9���2*k�F�Q�v�%��P	!��:���#���T�VqΥ?f�E׷_�\�u%�׆d��/���w��pv�6H�C7A��+7P֬��wL�I�n�t�Ykȹ�I_`�Ѱ�##�V��X��}������>j��+�p��(��(��k���F��k�{YG��~�EWq�Q@Q@^��Ͽ��/�m������_����_�e�kcgR-Yۿe�|�aZ1��?/��V�������G�Q��u�=����dW��8��r���к������
?�.���:?�����A����W����Ε�/�^y^o���H���u��+�������5�r<D�ԗ��EƢj�5EW�QEQE�|�_H�v�|�k(�/�(���=���(��(;U��_���������+:�o�������?�����QE�y�EP��a����d�"�������%q�K�GM?�QVXQEQEW�5�ut��x����?�&�p��N��z\0����m�g��^%�	����'��#��h����������5���vg���G��?���+Ŀ�>�7����M�x����?�&��C��Z=���g��^%�	����'��#��h����������4}r�j����=sU��_���ꯧ�\��Vs]I�H�#������b�:��^n�v����1p��u���ﾚ~�EVf!EP��a����d�"�������%q�K�GM?�QVXQEQEQEQEQEQE�����?��?�V�ex~�	�{D�x�x��*8%އ:ʵkˠ������'��g��l(����
(��8������%q��C��o����+���_
:i�(��, ����JFIF��C		
 $.' ",#(7),01444'9=82<.342��C			2!!22222222222222222222222222222222222222222222222222����"��	
���}!1AQa"q2���#B��R��$3br�	
%&'()*456789:CDEFGHIJSTUVWXYZcdefghijstuvwxyz���������������������������������������������������������������������������	
���w!1AQaq"2�B����	#3R�br�
$4�%�&'()*56789:CDEFGHIJSTUVWXYZcdefghijstuvwxyz��������������������������������������������������������������������������?��(��Π��(���z��hh[��W���e�wg�����/�����?�=qf�0�]���<��r��������� ���w�G������;�#���WCE|�֫�;���]����}��������<��U���s����O�*�(���{�����s����s����O�*��A�9�@���'�]}j��q?��_{>{��+�O��(��(��(��(��(��(��������^{^���b����g����_/�^s��?��B��+�O�
(��
(��>{��+�ӂ�(��(��(��(��(��(��������^{V-o�,w���{}���HSv:g����T]jN�v�����;���I;^ߚg�Q^�����Z��_�h����-��/�5��c�������_�G�Q^�����Z��_�h����-��/�4c�������Es�U��h�.�����frI;G&�����G���y�+h�\%Y��E�3�?��?���"��YC%��C*�6(�9�����Y����_2�F������SKN��b(F�M����P��(��(��(���!����,�t��� ��c�D� �һ��@��x��ºf���k6��_,O��$�==qӽ5�D�$yU�q�n��T���}�K�6�r��I�.0NO,9�=|�}�-�+5�����~���{h�сEu�|0�_@�+�yxFF9�:N3�];���x?_��KKM{{��.�HI�#���atM�xW�r��~��m�Ƿ�ݜs��ZĽ���Ŷ��L��c88�+��'�o�E�W�T�:NX������߆k��g��A��os�i�oo{t�	Y�kb@$��~lw��Zn��%��C��h��>'��+Eo?��C��Í�0՝w-�������;q�{�<�K緺�)�Q�r����Ȯ�3���������?�U�݋Úu��-���*-9.������B���۽:�u}~;��,t���Dq��b�q��On��˱���o��=8⩨�z�Z���5����B5��&���|Wv��Ef����8�+���#��'j:����|鈌��
���zW^QF�g&֏�2�N.*���+����]L����mf�1�N����� T��>�\�)��D�����J�ٌ�N�1�J�yY�tsTWYa�������e��֓'���Ye�t�J��|!����v�$�؏���*<|���A' ��,��Ģ���Ƣ�;s�O�H�ԉn�n�<�$�:�H�&���{{�[l�?U=�4�kp�*�]���%�]�_S�O�n���,dXBY������}>ب|o�_ǥj:eԷ:N��lӨ&%[g?_J|��2������|}�\��Eoo��Y\"�����BD�Ώ�.�Ʒ�0�g�I=�����&rWhW�^��X�W��;��y�wK-�n���*	=j��!�����'�Udc*��4�i�-�4��R�F��u�����@�т��<z����g�ֺ��8m�C�����:\Η
?��l��7b�������i?��?������i?���v.x�Yx��;��6�l�^4���҃0��s�|�@��Tu=cL�����R�{�;��F'R�&���9Q��ҭ���������T���������Ts�����!ѿ�?�N�u�h��o�C8�Ul������S��-�.:MF����n�1S���wc�ϽuV:U��l��C�FX�ٹ��A^G���wP���?�#XF���e�ur�t���G���$�_�	��'�z���hهߔ��r,~��^��@�8�{�Ƴ�s������-ŭ�v�"`m
N8����Ek)^��1��w���
������:i��y��2���[fwN~�o�Ύ<qm�m�������j&_4�}��3���+�ѿ���״����O8�en]�[���,Z���tr�l������v��JY�_��!#�!��Q���ֹ���w?�u]{Dxa�͹��SmnN�@̎w7=A�Aڙ^E���sP���?�#]yf>Uc���R���c��(�d�=-5�$���^��fmoo)w$���T��M/�4__A�k/i���Y���F�q!#�r�Ԋ�j+���NC�<3{�2��ZuǄmq}�]Is~��}Ñ�����a�M&��?o"�lb6��)��3�lyg?1ϧz�(��A�zmֽf>x'N�V�]é���p<�EyJ��r�NO+�Σc�|D��ӯ-���(G�o*Ȅ���\U��5;���=KKվj���-4��n������B�(J���?�������.�K�߆������]��o!
0���I��{�E.},>]n{N�� 7��b��_���4�����@~���QE
(�����W�k?��?��O�״��?J�mg�C���|���������?��B�QZ���@z�{G����^+_A�4��}���_���G$������	����{�1�>O�_�R������3l�&v����Z�Z+���+''.k�[�.��+4y?�)_��?�O��Q�
W�������W��a���ñ����`��?��G�)_��?�O��W�QG��`�0�y?�)_��?�O��W�x�E��w�ZW�>��l��͛� n�8뎵��|��/�J��l��RVU��1�FU��1�G'EW1�{N�� 7��b��_���4�����@~��{�Q@��(�o�~������u����B5�-�Ҽ[Y����_2�F���~�u�?_УEV�
�����/����ׯ�+�?���O���k��^���F���(���;�(��(��|���%T��_�)+�:���_��S��褬1	�#�9:(���3�4}cK�D��MJ�m�VV�A(�#5w�sI�����'�׋QN�.��{O���AK/�O��sI�����'�׋QE��s��4��
Y�B�ۚO�,��!?ƼZ�.�w=��k�Y�!�T�ngӊ��g�C���|������ )�����#Y����_2�F���s�$����-?�ܣEWY���O�'�_���ѯ_>W�?�i���F�o������QE�vQ@Q@|��/�J��l��RW�u��Ŀ�(:�����IXb>G�rtQEq�aEPEPEP���@S����+\F��!�C��d�Ѝv��������
����wP���?�#\?�*�'�֙F�(���
�����/����ׯ�+��<q�=O���Q�m����#ld�y*ORkJSP�٥)�J��:����_���/����4���w���Z/�&�>���>���|��������_�M��]�A��������D�����_���/����4���w���Z/�&��D>��:���_��S��褣�_���/����5�jz�汨K7�s.7�й�p��Ռ�deV�g"�QX��, ����JFIF��C		
 $.' ",#(7),01444'9=82<.342��C			2!!22222222222222222222222222222222222222222222222222����"��	
���}!1AQa"q2���#B��R��$3br�	
%&'()*456789:CDEFGHIJSTUVWXYZcdefghijstuvwxyz���������������������������������������������������������������������������	
���w!1AQaq"2�B����	#3R�br�
$4�%�&'()*56789:CDEFGHIJSTUVWXYZcdefghijstuvwxyz��������������������������������������������������������������������������?�袊�:��(��(��(��;Q@��QE(��(�M�[���j׭�ʽ�%S�����5�.e{����]؟�����W��9j+��Z�1����׽�[c9Ô(��� (��(��(���?�5���F��h����������N�����7���?��_����:��M�����?�5���F��k����G�~�������3������������_����o�ƹ:(���7��?��_����:��M������.��M������Ϸ9�NqQQX��լ���ч�Pö�F���������Z�ѿ���֭}>Y�����V��(��@�Z����������0��(���L�(��(��(��(��(��(��(�M�[���j�V��-��?ֵk�r��X|�6uR�PQE�h�WS\�x9�������Q^	�QZ�ӡ��Ce��3�Sɵ�d�t��o����|=au�[j6�Ѥ�kC+��o���
j-�K�GEiK��0�_޼
-�'�5ĆE$�''��<xoV2i��Q�SV{E�S2��׌nq֋1�TWC'�|M{�H��|��s�t8��T�j�U��C=�,�9�qԎ���.�����I]�q�����?7ᚧ��cY����Z�`��:��Nx?\Q���ɩ!�ΕS8�|V�xkW]th���h����1�9�:{�KE�b9
��##�nerdA��6�a�Ռ^ͯ̓�7�����z�q� ]۲3�b���V0��4�4���^��0����Gn���K�oA}-�i�=�����]���>�=�V#�s��ۡۋx%J���^��p�V����o�6Kua���T;�(8�ld�����4m].mZ8��P�`F1��k���eѕ�����ZK?�zf�ou6[X���	Rs��׸�<9��}��]���g8�+���X�;o�����ȵ2譋kWv�u�xd]��D�}3��g�j����4�[��L�W�'���}�=}姙|��P�Z��K]�_��na�|ˌ{��~5��Y�i���]��O���A�9�g����cVI�̂��t�O>���=�zu����A�Y�wq՗��o��}�:��ye��`�3q��c�����W���s��^�~���Śu����r�y%`���O�.�3������~,�.`7\Am��}�g,����f�:)�VV����k-��&�Ե=�R�V�?�ɱD��z�>�f���7���]��!���,�cl ����qҼꊯhO!�����-�]��ͲI$�g/ڔ��TDs�|�@��E���;�VP�ڙ���Ve/
eq�g*8��\�{A��a�m!~*x�Vmn��B� �鮓��X��l�;�p;�$ԬW��`��A���i���RY���	c��X�P������m�|b�m�ft���s3}F��ط�yƕ�5��v��<u��=OS֚�jZ��0ZǼc��np�2q���ɦ����~?ʱ������у����~g�x�_����Q�]z]8�q�y��2K"F[fwp��j/k�4��B��oV�����N�iP��gv6��W5Y���|/����.)�F�/鞖?.�*r����Z�v�Zޙs�M?L�O�m�%-$~!�|$e�d;����h�����>$˩���$��������'�s���A�^Ez�K/&�_g��w�z����e�������H]ًd� <�1'���Z2ojڹ�n�Ad���vw|���XG���k�ѿ���֭{�"��O]|�����J�Kes�]>���6��Z̈́h._Q�u�l���� U(|G���x��-b�8�YŔ�r�dr��gw1ޱ讗�k'Ϳ�����}^���zl~�^���:K10�D�Y�9���3���e���T�O����+�-�Yp@�8����W��QTRK�o�"�%u�u�U杨���w����3]Gu�M�#���-�������\���-I���&Ֆ{�y��m�*��I#�Es�W�ϥ��u�QE%�Q@Q@Q@Og�i��*��������e[�r�f�_���~f�b�_dd�f����=kj�����?�j��iƮ6��g����4gmӿ�?�֣�k�������eQ_��d`����|�*:?}��������?
��	��8�o�ƹZ+���((AY"�iYW�&������?�3�������+E_$G�Ϋ�?�p�����fū��$~F70\��±�[_�����/�\^�h78���re�nt�QE|1�QEQEQEQET֌�<��CEL���ӟ�����l���T���s�&ux�*��G �֧��c�=���kL�	X�rO��_1�"�61(����
(��
(��
���>������*���>������*�×�:j(��>1
(��
(��
(��
(��
(��
��?��?��F�+?X��D�����˿ޡ�8�bQE�&�EPEPR����?���ER����?���e[�r�bgMEW��!EPEPEPEPEPEPEPEPEPEPEP��, ����JFIF��C		
 $.' ",#(7),01444'9=82<.342��C			2!!22222222222222222222222222222222222222222222222222����"��	
���}!1AQa"q2���#B��R��$3br�	
%&'()*456789:CDEFGHIJSTUVWXYZcdefghijstuvwxyz���������������������������������������������������������������������������	
���w!1AQaq"2�B����	#3R�br�
$4�%�&'()*56789:CDEFGHIJSTUVWXYZcdefghijstuvwxyz��������������������������������������������������������������������������?Ǣ�+��
(��
(��
(��
(��
(��
(��
(��
(��
(��
(��
(��
(�V�l�H7�ߟ��?Ңs�"�-��B.rQ��Eo��5�O���G�#_���������k࿟��we����_�`Q[������C������=��?����/����^/�?�f����=��?�������C����������e����_�`Q[������C������=��?����/����^/�?�f����=��?�������C����������e����_�`Q[������C������=��?����/����^/�?�f�?���ye�V�[^3��ZĮ�>*�!7I�޿��_V�J��(����(��(��'������&�U��B����\���j���ф�x���ξ�(��>�(��(��(��(��(���}� �������]������#\M}O�~��gć�QE��QEV�����]z��vu�y6�B����j^ ����ƫo�[�F��,m��$�7OP*\�)E����'������&�M�+�ǅV����HdPM�v�����ǭOo��]i�Ϩ+=��2�x�\u����e�i��P�����O�:z+>MƑG������*��9�A�=�U;�|K�^[�^#E5��JDd9��R?:��,G�G��}���ܿ�ܢ������r�g�U��;�2A�+��-�O�,}@��Hلx'Оߎ*a�b$�̿�%gT�,���f��`�*�cF(�ϓ����קOz��پI�7�V�Q���ʜ0:�U����h�����١���_�u�T�:i���io�[Y׸`��a���pTv�j;{�!�����i�D5<�̻��n>�=�T�bb?�?���^��������W�,R����J�� 
H�ld���Ս���i4�Zk�f�&vTTVcT�sU����h������C�_��e�+���vdZ��������'�`d~ T˧x��ӨiE�M�ʠ;q��<��ab?�?{� �١���������s�\���k��C�v����6�[Y� ��nS��5���]N[����Im�&B��� ���W���焄�Q�w��sT12��zw3h���#Ăt��*]Υ�ܻq�s��5�wiqaw-��M�����L��h��3H�_�x�Y��4�WX�v����@�:��}�M�&�o�:��id��`3A�q��c����E.e{���<)q��4��������H�UF$�m[�xgG��K��0�ė[i�h��.*�����E)F��du������jz���s�jK��b"�Q���}�jK��#��[]sO��������c�NPg+����+��`����"��b�$�%�m&�J�>��3���
�j}���-��,`�����Ve-
eq�g*8��\�{0�=O�V��|U�6�a�x�Pk������l��ָ���h����o!�fIg�NNK�zˢ�����A����Kx�X�mEft�s�s3}F��؟J�[u����2V5�����J�Q�d�:��qs��{۰E�3��¨��F['�PUF6�%+���� �9Y?�mW_�Mm*;o=|�IdH�l���Ϧi<G������pj��z����֢u�J�(�S;���8�+��P����N�O�(�'�?Ƴj̾�Mis�-��2���i��սͤ��<A�H��w(���h���m�>"Ϫj���%�:z��Vѵ��`�pG;�͌����J�����J����ܽ�/�R��u�j:'�<��A��kW����Co!wv-�,��|ğ�MO�w����?�lb�;5�,��c�[ dzu�q_�P�vO���P�vO���p��.�iw^Ӧ��ͤ��a}�MF-���r
��}*�����f��{�gM��u�@$}�@���Ƿz����쟐�?���쟐�^�q�r�s���4��G��x��������,�z���Y�9�89<g[�:����V{�{�|B<�yVE�23�+��҇��~C�iSP��P+�@����/�Sz\���?P�5���um:cu�3�6؎�F!���=}ER�^���RhzN�t���M���p���@To��RIr+��Mnmͥ��(� (��(��(��*���i�4o���n��z�Z�[���������KWM)M&'�����R��v�.gL��"�U�g�C���|����^tդ�_
(�����(��(�:|?hԭ`ݷ̙8�2@��{F����_1��B�����"������*��xs�2\��~�|�^3�\��aY�!�����B�N�5�=�'s���+��(��(��(��+w������	k
�|)�!I��Ж���D)lr���u����B5F�k?��?��O����3���(�$(��(��*���!�?��c�ЅQ��7��t�����Bp��Q�����������!Zu�������!_ES�~���8Z(���`��(��(��(��
�R_���%�*����%��'�BZҏ����k?��?��O������wP���?�#TkΟ��_
(�����(��(��7��t�����BF�h������?�U��EG�G��g��s��Ѕi�g��s��Ѕ}O�����h��(��(��(��|)�!I��Ж��w������	kJ?�B��!���wP���?�#Tj���!�C��d�ЍQ�:<	|L(���B�(��(��h������?�U���wO�����!W���Y�!�����B�Y�!�����B�U>�{Ks��, ����JFIF��C		
 $.' ",#(7),01444'9=82<.342��C			2!!22222222222222222222222222222222222222222222222222����"��	
���}!1AQa"q2���#B��R��$3br�	
%&'()*456789:CDEFGHIJSTUVWXYZcdefghijstuvwxyz���������������������������������������������������������������������������	
���w!1AQaq"2�B����	#3R�br�
$4�%�&'()*56789:CDEFGHIJSTUVWXYZcdefghijstuvwxyz��������������������������������������������������������������������������?��(��P��(��(��(��(������լ7	5�IQ]C3gg�������@�����+��1�p���ug>"����q���j�����o�&��A�?��i�}��^�Ex�����9~�P�(����(��(��(��(��(��(��(��(���?}�����?�ǻ��p1�m�J����(�RU����:q��v��3�#��4�}�P������Eq�b����Gթv
(��C`��(��(��(��(��(��(��(��(�P�q�i��������Av�hU���ӓ^_^���E����o�+�ڣ�3���wD��6������;��O��T�
Ң�^yw����@m?�S�(��wD��6������E��o�#�'����O���*���<�M�]��AQ^�(������;K�y�v;D@`0zd�Wj<��K����u-b�W�fD{Չ��d����:w���(�y��?�5�kN�K@-t˃mu/��$�����G w�����}%�ݫ�=����~�����EЬ�:+��ᯌ`����_3���8�	8�~����|%�蚅�����d,
]HrH	H��h�3��&�e�+x��)����:9<g��o�5CV�o�4(���׶���D�鴱�	
~��}(�AfaQ[���y<H�m=���`���vwgn0zɒ�^����Lr��7*p�0�=<�wAb�����,�����	Y��t�>"Y��ww��5��{�uި睸�ۣWg�m��Qx��If6d�:�Xnh���q����\x�~�,wc�f��T7���oy�W�$v�x�+��8�Z��ު�WQ�"�A��޼e	]+na*����m�Z�Xm�����/,^ѥEf���O��*��uض7"�� `z���{X�̫_6����W�B���a�CG�_=�~�u��m��:I���Ut�a�$�MzYrq�oM�Q��Z+�?�d.c�:��R�w��V݀y�Nk��4��*�k��[l��U=�zi�;2���o��mφ5/x���&�E�Gf�f�BT`n�/���<+m�����ۙn4�V:ݦP$\J�8��?_J\��+�������֑sw<PA��Y\*������?�Ft���2��~�=��I��l.>�3�]�^�{f���R���J���/^ӼU�i�ڝ��w��+}ۥ؁��Kz�8����g��� �m��4�4�.�t�P���_'���د������z����c���9��Kבl\�(3��U�~o�h}������χVɨ�5Ŝ��	Լ	�~��T`w������m����I�Ĥ���"�?�t����ߕ�
�j���Tpqz;}�vѵa�%~3x�R}z�Xf,6�-v�Q`";U��w�w�q-�Y?��M>MF�N�%�;��Im���I�޷?�t����ߕ�
?�t����ߕ�
�gT���ٯ��������oZX6�#��Xyo�@%�ս+�#Aj�������z�O�Km��y5ݵ��{�H�!��nB���2l�&�����k�~W�+O�1zE�I\��x�E��]�J�x�i/�����qY#'fwtM���_��:>���X5+Vֵ�{M>��gS.yr9L�&�t���t����ߕ�
�<7o��"Aq!����Q�x��k
��1w&���]����KY�<;o�˽���|�q�
��r;��S�߈��V���:��5�6q��P[�����xy$`���@�EOu���:�e����K�MZ6�y��5�B���>�]��5-E�c�^�k��ڜ��ilŤ�ك�W����=*������&�5}V̑j��gpI�2��Kd��ִh�x��[OS���f��V:΅p��)h%mB�u�x
#9@�,r�\���4�]o�]�Z͔Kqo'ئ(������>�븯+��e�s$6v��6�%|øP�(�4����ס5޷d�|�G�@.������y���g\��:V_�F�T��s�^[�۴p�6�U�K��\}�Y�NWV=�:����7�|#{�Z�R]%ս��셰�J���?�����u�2��Þ�ob��G�+qw1��(���NG����|��9��QEDQ@���-?��V�c�_�E�O���ձ_	��x��'��-��(�`
(��
�t/������z��<_���+�	�Bg�v��=���u^��q�v�]ǳ�Ϋ��?�ס/�'������z�(�=p�3�G�����k�+��Q�"����CZ���R��Ѥ6g��E���Q@Q@Q@���-?��V�c�_�E�O���ձ_	��x��'��-��(�`
(��
�t/������z��<_���+�	�Bg�v��=���u^��q�v�]ǳ�Ϋ��?�ס/�'������z�(�=p�3�G�����k�+��Q�"����CZ���R��Ѥ6g��E���Q@Q@Q@���-?��V�c�_�E�O���ձ_	��x��'��-��(�`
(��
�t/������z���h�lrȃ9±�����������=���u^��q�v�>�u�?3�f��]����ٮ���w��W�^5���c���/�]����٣�_��7��j���g!�י���E˿������˯�����5���.���ӥYU�R��K�CQ�g��E�dQ@Q@Q@���-?��V�yTZ���Ἰ�1�RV~����/�]������-J�e5%�o�-H�*+���/�]���?��/�]��������Eyo����A�����G����A�����G�O�A�z���ڗ�.�����ڗ�.�����5?�9�TW��kj_������4kj_������4`��t�Q^[����B���7������B���7����S��s��X�(��r�����p��ڗ�.����2]B�x�s^\I�+kZ-Juc7%�O��Z�(�� (����, ����JFIF��C		
 $.' ",#(7),01444'9=82<.342��C			2!!22222222222222222222222222222222222222222222222222����"��	
���}!1AQa"q2���#B��R��$3br�	
%&'()*456789:CDEFGHIJSTUVWXYZcdefghijstuvwxyz���������������������������������������������������������������������������	
���w!1AQaq"2�B����	#3R�br�
$4�%�&'()*56789:CDEFGHIJSTUVWXYZcdefghijstuvwxyz��������������������������������������������������������������������������?��(���
(��
(��
(��
(��
(��
�ᯇt;���]�捧\N�n�f�GfĮI<+���W�W��m'����<��������1�c�н����M���k���'����kf��_mS���Q������^��
?�&��D|5�B����Q��5�Eڧ�?�o�D|5�B����Q��4�#����������(��?���c�#����������н����Ml�G������(��C (��(��(��(��(��+�_�_�M���m����j��~�6����z�3��h��~Lh�h���"��(��(��(��h��� ���(��(��(���:���������.��[X��+�讟���~�N�����O<��~�6����z�����U�$�I����9��s��h��~L���E�EQ@Q@Q@�[��m�E�3H�yR��o-�"��x$�ҽ��R�]�_Z���,���D���2@(�뎇�~�f�G�Q[�>׭l5k�,��4��ky/��I7��<�����7���e];-�+6�<��|���{h�����x��+�v䨓��29�q�18��t�9�fk���Y����%����Vu"BH	^�w�#4уEvS�'�ʹS�'��
���7'���X���9��g��%��v���T���8�'yic�����Ҁ�9��:���#��)��j��NF��ݻn0~��]; ��┆��)'��S����ץ�}���z�[^���H����:t;�҅������rλ�a���uQۣS-�����Gk{5�i�E���Q�{)Eu�>�nݫ��4�{���^�kߥ�C�+�_�_�M���m����/���7����F�%���!uEϠf ������V���N�[k�<�$M�)�\��~�W�g4�V�!ܗ�ϞM�S-ܚ]����I4j��LlFv�����&�u��ё��|��VRppw^E]�V��HĉT���Q�o,ńi����K�����h���:*��.��NH�QU�J;#p�pG��:i��-z��bQQ�]�i:<ڥ������n���݂��$��T��W�a���f�d��������x*ʏ�����۰���|��������uyq��w�Y�" ����K�cG��}�C�:$�k,����\��gb�@*����ڼ2����sش��~1����V�F�յ{o��|��oF
[��q�Ҷ�u�Y����u����%��q�['���د������Y$�mv�d�.,�(3L�����h}�;Tִɼ����=ŕ�71��^޿|g*0;�W�QEÐ����J�q�%����i�HX���<��Dv�gi9/���Mb�o����V�j_��o��pf�rKm'v9<�כ�EÐ��?Zµ����o��0��]��@;�ս+���m��rB(=��ּ]������UԤ���A�EL��@��9=k��K/���_)��ߧ�z.��M����V�_m1�����I"FN���.��f��>#��Z\y����gka5��|��3��_�zW��[<[z�����ȶ�6��.�c�i�?��%�Ͷ�a3`�,'�`Y�:���������~#[�KQ�5]wK��;x�{�X^��Y�VI�?0�W����?�E����z�<��R��y��|�7���jZ���h�����jRF��ZI�fg�uQ�������o�EN�q�k�����H`��ɖ<-�GԖ��Fx�]��8�\����w����܆-���״K����F�Ρm��<����@�֪7��"�����V��l��B��%Dm�X�c�t�U,��{?��ɮ�a���z�="$�g�#��n|�b$�$R�v\���2=j垣k����ew�4#t2P�%2;��V��_2�j>�K�V���ơgr���I�!��6k�"y��Ǘ"��B��܊�mf��^)��Ȕ]i�]��5�|�$��6�$dr+r�K1k�u���~�˭ώh���`
(��
)���J�F2��Tz�Z?��j������je8�vmKZ��89z&�v�WWҘ�-���.��\��ۑV�������+��t~[��]���Z2rYOvpk���������WlT�+A&�OF�URp��$�����?�Gu��j�
��]��m���\�ߦ�
��1���z��A��7�%������_�;���.m��>�׽��sٷ���s�~��(�Ϳ��+�����]?�%������_�����s�|���o����t�>��@������^��(e��V�Ѽr/��u ��7c\��%v���y�'�]�.��A��DtW݅|da��H�_�֝J)I[_ў#-��y��hբ�+�9�(��(��(��h��� ���(֛�!KO����C�<��)i�]��B�u��>$}��
�����(�3邪ժ�_C���ϗ�yY�����EWОIj�o��)X��O������t�oY�=��R����*���M~]���+w�3��a)�b���/ɝUC�sH�����'������R���k��s�|w�����e�+/�M��Zw�'���	&��A�;���i������R�����B��֝��I�4�I��kN����=�O�p]�VY�.�����I7q��E�	w���a��6?�*��������*(��C$(������R���'��+���4��
Z�d�Ѕzy�ωc�?©� ��+��`��j����?�����Vg�>�QE�'�Z��+���(�n�(�T�l(�����=&�q��su�\�Ǥ��7�n����QEf�EP�7�B����?�!^�^y���R���'��+����|H��OU�Q\g�G䯩�(���*ѿ���gR�*|j�~J��<��5%���+�ٟ�(�(QE�tQ@o�����/��h�M������5�X��ȗ�7��_��������/��j*(�Y��f����GE���] (Thread[vert.x-eventloop-thread-2,6,main])
Exported /home/travis/build/icyphy/ptII/ptolemy/actor/lib/jjs/modules/cameras/demo/CameraWebSocket/CameraWebSocket/index.html
31160 ms. Memory: 1878016K Free: 1448406K (77%)
####### 19 Wed Nov 17 06:10:01 UTC 2021 $PTII/bin/ptinvoke ptolemy.vergil.basic.export.ExportModel -force htm -run -openComposites -timeOut 30000 -whiteBackground ptolemy/actor/lib/jjs/modules/cameras/demo/Foscam/Foscam.xml $PTII/ptolemy/actor/lib/jjs/modules/cameras/demo/Foscam/Foscam
----------------- Wed Nov 17 06:10:01 UTC 2021 About to sleep for 5.0 seconds before running or rerunning.  Test is: /home/travis/build/icyphy/ptII/ptolemy/actor/lib/jjs/modules/cameras/demo/Foscam/Foscam.xml
Done sleeping
Running .Foscam
Foscam2: snapshot.cgi?user=admin&pwd=&undefined= (Thread[AWT-EventQueue-0,6,main])
Foscam2: Making an HTTP request. (Thread[AWT-EventQueue-0,6,main])
ExportHTMLTimer went off after 30000 ms., calling getDirector().finish and getDirector().stopFire()
Foscam2: undefined.cgi?user=admin&pwd=&undefined= (Thread[AWT-EventQueue-0,6,main])
Foscam2: Making an HTTP request. (Thread[AWT-EventQueue-0,6,main])
30011 ms. Memory: 1878016K Free: 995328K (53%)
Exported /home/travis/build/icyphy/ptII/ptolemy/actor/lib/jjs/modules/cameras/demo/Foscam/Foscam/index.html
34834 ms. Memory: 1878016K Free: 948698K (51%)
####### 20 Wed Nov 17 06:10:41 UTC 2021 $PTII/bin/ptinvoke ptolemy.vergil.basic.export.ExportModel -force htm -run -openComposites -timeOut 30000 -whiteBackground ptolemy/actor/lib/jjs/modules/computerVision/demo/ComputerVision/ComputerVision.xml $PTII/ptolemy/actor/lib/jjs/modules/computerVision/demo/ComputerVision/ComputerVision
----------------- Wed Nov 17 06:10:41 UTC 2021 About to sleep for 5.0 seconds before running or rerunning.  Test is: /home/travis/build/icyphy/ptII/ptolemy/actor/lib/jjs/modules/computerVision/demo/ComputerVision/ComputerVision.xml
Done sleeping
Running .ComputerVision
Manager.initialize() finished: 10040 ms. Memory: 1878016K Free: 691710K (37%)
11645 ms. Memory: 1878016K Free: 1266305K (67%)
Exported /home/travis/build/icyphy/ptII/ptolemy/actor/lib/jjs/modules/computerVision/demo/ComputerVision/ComputerVision/index.html
22306 ms. Memory: 1878016K Free: 1326997K (71%)
####### 21 Wed Nov 17 06:11:09 UTC 2021 $PTII/bin/ptinvoke ptolemy.vergil.basic.export.ExportModel -force htm  -openComposites -timeOut 30000 -whiteBackground ptolemy/actor/lib/jjs/modules/contextAware/demo/ContextAware/ContextAware.xml $PTII/ptolemy/actor/lib/jjs/modules/contextAware/demo/ContextAware/ContextAware
Warning: not running ptolemy/actor/lib/jjs/modules/contextAware/demo/ContextAware/ContextAware.xml. See ptolemy/vergil/basic/export/test/junit/ExportModelJUnitTest.java
----------------- Wed Nov 17 06:11:09 UTC 2021 About to sleep for 5.0 seconds before running or rerunning.  Test is: /home/travis/build/icyphy/ptII/ptolemy/actor/lib/jjs/modules/contextAware/demo/ContextAware/ContextAware.xml
Done sleeping
Exported /home/travis/build/icyphy/ptII/ptolemy/actor/lib/jjs/modules/contextAware/demo/ContextAware/ContextAware/index.html
3702 ms. Memory: 1878016K Free: 1021424K (54%)
####### 22 Wed Nov 17 06:11:17 UTC 2021 $PTII/bin/ptinvoke ptolemy.vergil.basic.export.ExportModel -force htm -run -openComposites -timeOut 30000 -whiteBackground ptolemy/actor/lib/jjs/modules/crypto/demo/AsymmetricEncrypt/AsymmetricEncrypt.xml $PTII/ptolemy/actor/lib/jjs/modules/crypto/demo/AsymmetricEncrypt/AsymmetricEncrypt
----------------- Wed Nov 17 06:11:17 UTC 2021 About to sleep for 5.0 seconds before running or rerunning.  Test is: /home/travis/build/icyphy/ptII/ptolemy/actor/lib/jjs/modules/crypto/demo/AsymmetricEncrypt/AsymmetricEncrypt.xml
Done sleeping
Running .AsymmetricEncrypt
RandomBytes: [ -102 ] (Thread[AWT-EventQueue-0,6,main])
EncryptWithHash: ### it is a string: hello world! (Thread[AWT-EventQueue-0,6,main])
RandomBytes: [ 52, -46 ] (Thread[AWT-EventQueue-0,6,main])
EncryptWithHash: ### it is a string: bye world! (Thread[AWT-EventQueue-0,6,main])
RandomBytes: [ 116, -100, 89 ] (Thread[AWT-EventQueue-0,6,main])
RandomBytes: [ -98, -12, -121, -108 ] (Thread[AWT-EventQueue-0,6,main])
10063 ms. Memory: 1878016K Free: 1246206K (66%)
Exported /home/travis/build/icyphy/ptII/ptolemy/actor/lib/jjs/modules/crypto/demo/AsymmetricEncrypt/AsymmetricEncrypt/index.html
18433 ms. Memory: 1878016K Free: 1038214K (55%)
####### 23 Wed Nov 17 06:11:41 UTC 2021 $PTII/bin/ptinvoke ptolemy.vergil.basic.export.ExportModel -force htm -run -openComposites -timeOut 30000 -whiteBackground ptolemy/actor/lib/jjs/modules/crypto/demo/MessageDigest/MessageDigest.xml $PTII/ptolemy/actor/lib/jjs/modules/crypto/demo/MessageDigest/MessageDigest
----------------- Wed Nov 17 06:11:41 UTC 2021 About to sleep for 5.0 seconds before running or rerunning.  Test is: /home/travis/build/icyphy/ptII/ptolemy/actor/lib/jjs/modules/crypto/demo/MessageDigest/MessageDigest.xml
Done sleeping
Running .MessageDigest
RandomBytes: [ -14 ] (Thread[AWT-EventQueue-0,6,main])
EncryptWithHash: ### it is a string: hello world! (Thread[AWT-EventQueue-0,6,main])
EncryptWithHash: [ 104,
  101,
  108,
  108,
  111,
  32,
  119,
  111,
  114,
  108,
  100,
  33,
  117,
  9,
  -27,
  -67,
  -96,
  -57,
  98,
  -46,
  -70,
  -57,
  -7,
  13,
  117,
  -117,
  91,
  34,
  99,
  -6,
  1,
  -52,
  -68,
  84,
  42,
  -75,
  -29,
  -33,
  22,
  59,
  -32,
  -114,
  108,
  -87 ] (Thread[AWT-EventQueue-0,6,main])
DecryptWithHash: [ 104, 101, 108, 108, 111, 32, 119, 111, 114, 108, 100, 33 ] (Thread[AWT-EventQueue-0,6,main])
DecryptWithHash: [ 117,
  9,
  -27,
  -67,
  -96,
  -57,
  98,
  -46,
  -70,
  -57,
  -7,
  13,
  117,
  -117,
  91,
  34,
  99,
  -6,
  1,
  -52,
  -68,
  84,
  42,
  -75,
  -29,
  -33,
  22,
  59,
  -32,
  -114,
  108,
  -87 ] (Thread[AWT-EventQueue-0,6,main])
DecryptWithHash: [ 117,
  9,
  -27,
  -67,
  -96,
  -57,
  98,
  -46,
  -70,
  -57,
  -7,
  13,
  117,
  -117,
  91,
  34,
  99,
  -6,
  1,
  -52,
  -68,
  84,
  42,
  -75,
  -29,
  -33,
  22,
  59,
  -32,
  -114,
  108,
  -87 ] (Thread[AWT-EventQueue-0,6,main])
RandomBytes: [ 21, -126 ] (Thread[AWT-EventQueue-0,6,main])
EncryptWithHash: ### it is a string: bye world! (Thread[AWT-EventQueue-0,6,main])
EncryptWithHash: [ 98,
  121,
  101,
  32,
  119,
  111,
  114,
  108,
  100,
  33,
  87,
  -40,
  61,
  -97,
  47,
  -93,
  111,
  -126,
  41,
  -41,
  5,
  71,
  -116,
  -126,
  88,
  -110,
  -25,
  18,
  9,
  123,
  68,
  24,
  11,
  -64,
  -67,
  36,
  -65,
  21,
  -14,
  -69,
  -122,
  53 ] (Thread[AWT-EventQueue-0,6,main])
DecryptWithHash: [ 98, 121, 101, 32, 119, 111, 114, 108, 100, 33 ] (Thread[AWT-EventQueue-0,6,main])
DecryptWithHash: [ 87,
  -40,
  61,
  -97,
  47,
  -93,
  111,
  -126,
  41,
  -41,
  5,
  71,
  -116,
  -126,
  88,
  -110,
  -25,
  18,
  9,
  123,
  68,
  24,
  11,
  -64,
  -67,
  36,
  -65,
  21,
  -14,
  -69,
  -122,
  53 ] (Thread[AWT-EventQueue-0,6,main])
DecryptWithHash: [ 87,
  -40,
  61,
  -97,
  47,
  -93,
  111,
  -126,
  41,
  -41,
  5,
  71,
  -116,
  -126,
  88,
  -110,
  -25,
  18,
  9,
  123,
  68,
  24,
  11,
  -64,
  -67,
  36,
  -65,
  21,
  -14,
  -69,
  -122,
  53 ] (Thread[AWT-EventQueue-0,6,main])
RandomBytes: [ -97, -41, 41 ] (Thread[AWT-EventQueue-0,6,main])
RandomBytes: [ 90, -30, 63, 91 ] (Thread[AWT-EventQueue-0,6,main])
6920 ms. Memory: 1878016K Free: 1095168K (58%)
Exported /home/travis/build/icyphy/ptII/ptolemy/actor/lib/jjs/modules/crypto/demo/MessageDigest/MessageDigest/index.html
13472 ms. Memory: 1878016K Free: 980470K (52%)
####### 24 Wed Nov 17 06:11:59 UTC 2021 $PTII/bin/ptinvoke ptolemy.vergil.basic.export.ExportModel -force htm -run -openComposites -timeOut 30000 -whiteBackground ptolemy/actor/lib/jjs/modules/crypto/demo/RandomBytes/RandomBytes.xml $PTII/ptolemy/actor/lib/jjs/modules/crypto/demo/RandomBytes/RandomBytes
----------------- Wed Nov 17 06:11:59 UTC 2021 About to sleep for 5.0 seconds before running or rerunning.  Test is: /home/travis/build/icyphy/ptII/ptolemy/actor/lib/jjs/modules/crypto/demo/RandomBytes/RandomBytes.xml
Done sleeping
Running .RandomBytes
RandomBytes: [ 9 ] (Thread[AWT-EventQueue-0,6,main])
RandomBytes: [ -26, 103 ] (Thread[AWT-EventQueue-0,6,main])
RandomBytes: [ -10, -84, 98 ] (Thread[AWT-EventQueue-0,6,main])
RandomBytes: [ 20, 99, 123, 112 ] (Thread[AWT-EventQueue-0,6,main])
3649 ms. Memory: 1878016K Free: 599552K (32%)
Exported /home/travis/build/icyphy/ptII/ptolemy/actor/lib/jjs/modules/crypto/demo/RandomBytes/RandomBytes/index.html
8203 ms. Memory: 1878016K Free: 1258963K (67%)
####### 25 Wed Nov 17 06:12:12 UTC 2021 $PTII/bin/ptinvoke ptolemy.vergil.basic.export.ExportModel -force htm -run -openComposites -timeOut 30000 -whiteBackground ptolemy/actor/lib/jjs/modules/crypto/demo/SymmetricEncrypt/SymmetricEncrypt.xml $PTII/ptolemy/actor/lib/jjs/modules/crypto/demo/SymmetricEncrypt/SymmetricEncrypt
----------------- Wed Nov 17 06:12:12 UTC 2021 About to sleep for 5.0 seconds before running or rerunning.  Test is: /home/travis/build/icyphy/ptII/ptolemy/actor/lib/jjs/modules/crypto/demo/SymmetricEncrypt/SymmetricEncrypt.xml
Done sleeping
Running .SymmetricEncrypt
RandomBytes: [ -49 ] (Thread[AWT-EventQueue-0,6,main])
RandomBytes: [ -1, -91 ] (Thread[AWT-EventQueue-0,6,main])
RandomBytes: [ 48, 101, 47 ] (Thread[AWT-EventQueue-0,6,main])
RandomBytes: [ 35, 39, 97, 107 ] (Thread[AWT-EventQueue-0,6,main])
5393 ms. Memory: 1878016K Free: 1254912K (67%)
Exported /home/travis/build/icyphy/ptII/ptolemy/actor/lib/jjs/modules/crypto/demo/SymmetricEncrypt/SymmetricEncrypt/index.html
10708 ms. Memory: 1878016K Free: 1174999K (63%)
####### 26 Wed Nov 17 06:12:28 UTC 2021 $PTII/bin/ptinvoke ptolemy.vergil.basic.export.ExportModel -force htm  -openComposites -timeOut 30000 -whiteBackground ptolemy/actor/lib/jjs/modules/discovery/demo/Discovery/Discovery.xml $PTII/ptolemy/actor/lib/jjs/modules/discovery/demo/Discovery/Discovery
Warning: not running ptolemy/actor/lib/jjs/modules/discovery/demo/Discovery/Discovery.xml. See ptolemy/vergil/basic/export/test/junit/ExportModelJUnitTest.java
----------------- Wed Nov 17 06:12:28 UTC 2021 About to sleep for 5.0 seconds before running or rerunning.  Test is: /home/travis/build/icyphy/ptII/ptolemy/actor/lib/jjs/modules/discovery/demo/Discovery/Discovery.xml
Done sleeping
Exported /home/travis/build/icyphy/ptII/ptolemy/actor/lib/jjs/modules/discovery/demo/Discovery/Discovery/index.html
3220 ms. Memory: 1878016K Free: 1013232K (54%)
####### 27 Wed Nov 17 06:12:36 UTC 2021 $PTII/bin/ptinvoke ptolemy.vergil.basic.export.ExportModel -force htm -run -openComposites -timeOut 30000 -whiteBackground ptolemy/actor/lib/jjs/modules/discovery/demo/Discovery/DiscoveryJS.xml $PTII/ptolemy/actor/lib/jjs/modules/discovery/demo/Discovery/DiscoveryJS
----------------- Wed Nov 17 06:12:36 UTC 2021 About to sleep for 5.0 seconds before running or rerunning.  Test is: /home/travis/build/icyphy/ptII/ptolemy/actor/lib/jjs/modules/discovery/demo/Discovery/DiscoveryJS.xml
Done sleeping
Running .DiscoveryJS
6212 ms. Memory: 1878016K Free: 1040896K (55%)
Exported /home/travis/build/icyphy/ptII/ptolemy/actor/lib/jjs/modules/discovery/demo/Discovery/DiscoveryJS/index.html
11234 ms. Memory: 1878016K Free: 1306131K (70%)
####### 28 Wed Nov 17 06:12:53 UTC 2021 $PTII/bin/ptinvoke ptolemy.vergil.basic.export.ExportModel -force htm -run -openComposites -timeOut 30000 -whiteBackground ptolemy/actor/lib/jjs/modules/discovery/demo/Discovery/PopulateSwarmboxMap.xml $PTII/ptolemy/actor/lib/jjs/modules/discovery/demo/Discovery/PopulateSwarmboxMap
----------------- Wed Nov 17 06:12:53 UTC 2021 About to sleep for 5.0 seconds before running or rerunning.  Test is: /home/travis/build/icyphy/ptII/ptolemy/actor/lib/jjs/modules/discovery/demo/Discovery/PopulateSwarmboxMap.xml
Done sleeping
Running .PopulateSwarmboxMap
REST: Making an HTTP request. (Thread[AWT-EventQueue-0,6,main])
17492 ms. Memory: 1878016K Free: 903680K (48%)
Exported /home/travis/build/icyphy/ptII/ptolemy/actor/lib/jjs/modules/discovery/demo/Discovery/PopulateSwarmboxMap/index.html
25696 ms. Memory: 1878016K Free: 1190401K (63%)
####### 29 Wed Nov 17 06:13:23 UTC 2021 $PTII/bin/ptinvoke ptolemy.vergil.basic.export.ExportModel -force htm -run -openComposites -timeOut 30000 -whiteBackground ptolemy/actor/lib/jjs/modules/discovery/demo/Discovery/PostSwarmboxDevices.xml $PTII/ptolemy/actor/lib/jjs/modules/discovery/demo/Discovery/PostSwarmboxDevices
----------------- Wed Nov 17 06:13:23 UTC 2021 About to sleep for 5.0 seconds before running or rerunning.  Test is: /home/travis/build/icyphy/ptII/ptolemy/actor/lib/jjs/modules/discovery/demo/Discovery/PostSwarmboxDevices.xml
Done sleeping
Running .PostSwarmboxDevices
REST: Making an HTTP request. (Thread[AWT-EventQueue-0,6,main])
ExportHTMLTimer went off after 30000 ms., calling getDirector().finish and getDirector().stopFire()
30016 ms. Memory: 1878016K Free: 1092363K (58%)
Exported /home/travis/build/icyphy/ptII/ptolemy/actor/lib/jjs/modules/discovery/demo/Discovery/PostSwarmboxDevices/index.html
35299 ms. Memory: 1878016K Free: 1342172K (71%)
####### 30 Wed Nov 17 06:14:04 UTC 2021 $PTII/bin/ptinvoke ptolemy.vergil.basic.export.ExportModel -force htm -run -openComposites -timeOut 30000 -whiteBackground ptolemy/actor/lib/jjs/modules/discovery/demo/Heartbeat/Heartbeat.xml $PTII/ptolemy/actor/lib/jjs/modules/discovery/demo/Heartbeat/Heartbeat
----------------- Wed Nov 17 06:14:04 UTC 2021 About to sleep for 5.0 seconds before running or rerunning.  Test is: /home/travis/build/icyphy/ptII/ptolemy/actor/lib/jjs/modules/discovery/demo/Heartbeat/Heartbeat.xml
Done sleeping
Running .Heartbeat
Heartbeat: HeartBeat: pingMothership (Thread[AWT-EventQueue-0,6,main])
Heartbeat: Making an HTTP request. (Thread[AWT-EventQueue-0,6,main])
Heartbeat: Request problem: Unable to check in with server: Error: Search domain query failed. Original hostname: 'terra.eecs.berkeley.edu' failed to resolve 'terra.eecs.berkeley.edu.google.internal' after 2 queries  (Thread[AWT-EventQueue-0,6,main])
Heartbeat: HeartBeat: pingMothership (Thread[AWT-EventQueue-0,6,main])
Heartbeat: Making an HTTP request. (Thread[AWT-EventQueue-0,6,main])
Heartbeat: Request problem: Unable to check in with server: Error: Search domain query failed. Original hostname: 'terra.eecs.berkeley.edu' failed to resolve 'terra.eecs.berkeley.edu.google.internal' after 2 queries  (Thread[AWT-EventQueue-0,6,main])
Heartbeat: HeartBeat: pingMothership (Thread[AWT-EventQueue-0,6,main])
Heartbeat: Making an HTTP request. (Thread[AWT-EventQueue-0,6,main])
Heartbeat: Request problem: Unable to check in with server: Error: Search domain query failed. Original hostname: 'terra.eecs.berkeley.edu' failed to resolve 'terra.eecs.berkeley.edu.google.internal' after 2 queries  (Thread[AWT-EventQueue-0,6,main])
Heartbeat: HeartBeat: pingMothership (Thread[AWT-EventQueue-0,6,main])
Heartbeat: Making an HTTP request. (Thread[AWT-EventQueue-0,6,main])
Heartbeat: Request problem: Unable to check in with server: Error: Search domain query failed. Original hostname: 'terra.eecs.berkeley.edu' failed to resolve 'terra.eecs.berkeley.edu.google.internal' after 2 queries  (Thread[AWT-EventQueue-0,6,main])
Heartbeat: HeartBeat: pingMothership (Thread[AWT-EventQueue-0,6,main])
Heartbeat: Making an HTTP request. (Thread[AWT-EventQueue-0,6,main])
Heartbeat: Request problem: Unable to check in with server: Error: Search domain query failed. Original hostname: 'terra.eecs.berkeley.edu' failed to resolve 'terra.eecs.berkeley.edu.google.internal' after 2 queries  (Thread[AWT-EventQueue-0,6,main])
Heartbeat: HeartBeat: pingMothership (Thread[AWT-EventQueue-0,6,main])
Heartbeat: Making an HTTP request. (Thread[AWT-EventQueue-0,6,main])
Heartbeat: Request problem: Unable to check in with server: Error: Search domain query failed. Original hostname: 'terra.eecs.berkeley.edu' failed to resolve 'terra.eecs.berkeley.edu.google.internal' after 2 queries  (Thread[AWT-EventQueue-0,6,main])
Heartbeat: HeartBeat: pingMothership (Thread[AWT-EventQueue-0,6,main])
Heartbeat: Making an HTTP request. (Thread[AWT-EventQueue-0,6,main])
Heartbeat: Request problem: Unable to check in with server: Error: Search domain query failed. Original hostname: 'terra.eecs.berkeley.edu' failed to resolve 'terra.eecs.berkeley.edu.google.internal' after 2 queries  (Thread[AWT-EventQueue-0,6,main])
Heartbeat: HeartBeat: pingMothership (Thread[AWT-EventQueue-0,6,main])
Heartbeat: Making an HTTP request. (Thread[AWT-EventQueue-0,6,main])
Heartbeat: Request problem: Unable to check in with server: Error: Search domain query failed. Original hostname: 'terra.eecs.berkeley.edu' failed to resolve 'terra.eecs.berkeley.edu.google.internal' after 2 queries  (Thread[AWT-EventQueue-0,6,main])
Heartbeat: HeartBeat: pingMothership (Thread[AWT-EventQueue-0,6,main])
Heartbeat: Making an HTTP request. (Thread[AWT-EventQueue-0,6,main])
Heartbeat: Request problem: Unable to check in with server: Error: Search domain query failed. Original hostname: 'terra.eecs.berkeley.edu' failed to resolve 'terra.eecs.berkeley.edu.google.internal' after 2 queries  (Thread[AWT-EventQueue-0,6,main])
Heartbeat: HeartBeat: pingMothership (Thread[AWT-EventQueue-0,6,main])
Heartbeat: Making an HTTP request. (Thread[AWT-EventQueue-0,6,main])
12260 ms. Memory: 1878016K Free: 1353840K (72%)
Exported /home/travis/build/icyphy/ptII/ptolemy/actor/lib/jjs/modules/discovery/demo/Heartbeat/Heartbeat/index.html
17587 ms. Memory: 1878016K Free: 1357920K (72%)
####### 31 Wed Nov 17 06:14:26 UTC 2021 $PTII/bin/ptinvoke ptolemy.vergil.basic.export.ExportModel -force htm  -openComposites -timeOut 30000 -whiteBackground ptolemy/actor/lib/jjs/modules/dsp/demo/AudioFFT/AudioFFT.xml $PTII/ptolemy/actor/lib/jjs/modules/dsp/demo/AudioFFT/AudioFFT
Warning: not running ptolemy/actor/lib/jjs/modules/dsp/demo/AudioFFT/AudioFFT.xml. See ptolemy/vergil/basic/export/test/junit/ExportModelJUnitTest.java
----------------- Wed Nov 17 06:14:26 UTC 2021 About to sleep for 5.0 seconds before running or rerunning.  Test is: /home/travis/build/icyphy/ptII/ptolemy/actor/lib/jjs/modules/dsp/demo/AudioFFT/AudioFFT.xml
Done sleeping
Exported /home/travis/build/icyphy/ptII/ptolemy/actor/lib/jjs/modules/dsp/demo/AudioFFT/AudioFFT/index.html
4267 ms. Memory: 1878016K Free: 897641K (48%)
####### 32 Wed Nov 17 06:14:35 UTC 2021 $PTII/bin/ptinvoke ptolemy.vergil.basic.export.ExportModel -force htm -run -openComposites -timeOut 30000 -whiteBackground ptolemy/actor/lib/jjs/modules/dsp/demo/AudioFFT/SinusoidFFT.xml $PTII/ptolemy/actor/lib/jjs/modules/dsp/demo/AudioFFT/SinusoidFFT
----------------- Wed Nov 17 06:14:35 UTC 2021 About to sleep for 5.0 seconds before running or rerunning.  Test is: /home/travis/build/icyphy/ptII/ptolemy/actor/lib/jjs/modules/dsp/demo/AudioFFT/SinusoidFFT.xml
Done sleeping
Running .SinusoidFFT
1556 ms. Memory: 1878016K Free: 1171968K (62%)
[...]
	at io.netty.channel.nio.NioEventLoop.processSelectedKey(NioEventLoop.java:633)
	at io.netty.channel.nio.NioEventLoop.processSelectedKeysOptimized(NioEventLoop.java:580)
	at io.netty.channel.nio.NioEventLoop.processSelectedKeys(NioEventLoop.java:497)
	at io.netty.channel.nio.NioEventLoop.run(NioEventLoop.java:459)
	at io.netty.util.concurrent.SingleThreadEventExecutor$5.run(SingleThreadEventExecutor.java:886)
	at io.netty.util.concurrent.FastThreadLocalRunnable.run(FastThreadLocalRunnable.java:30)
	at java.base/java.lang.Thread.run(Thread.java:834)
Caused by: java.net.ConnectException: Connection refused
	... 11 more
HttpClientHelper.java: Received an error for request 2: io.netty.channel.AbstractChannel$AnnotatedConnectException: Connection refused: localhost/127.0.1.1:8077
io.netty.channel.AbstractChannel$AnnotatedConnectException: Connection refused: localhost/127.0.1.1:8077
	at java.base/sun.nio.ch.SocketChannelImpl.checkConnect(Native Method)
	at java.base/sun.nio.ch.SocketChannelImpl.finishConnect(SocketChannelImpl.java:779)
	at io.netty.channel.socket.nio.NioSocketChannel.doFinishConnect(NioSocketChannel.java:325)
	at io.netty.channel.nio.AbstractNioChannel$AbstractNioUnsafe.finishConnect(AbstractNioChannel.java:340)
	at io.netty.channel.nio.NioEventLoop.processSelectedKey(NioEventLoop.java:633)
	at io.netty.channel.nio.NioEventLoop.processSelectedKeysOptimized(NioEventLoop.java:580)
	at io.netty.channel.nio.NioEventLoop.processSelectedKeys(NioEventLoop.java:497)
	at io.netty.channel.nio.NioEventLoop.run(NioEventLoop.java:459)
	at io.netty.util.concurrent.SingleThreadEventExecutor$5.run(SingleThreadEventExecutor.java:886)
	at io.netty.util.concurrent.FastThreadLocalRunnable.run(FastThreadLocalRunnable.java:30)
	at java.base/java.lang.Thread.run(Thread.java:834)
Caused by: java.net.ConnectException: Connection refused
	... 11 more
HttpClientHelper.java: Received an error for request 3: io.netty.channel.AbstractChannel$AnnotatedConnectException: Connection refused: localhost/127.0.1.1:8077
io.netty.channel.AbstractChannel$AnnotatedConnectException: Connection refused: localhost/127.0.1.1:8077
	at java.base/sun.nio.ch.SocketChannelImpl.checkConnect(Native Method)
	at java.base/sun.nio.ch.SocketChannelImpl.finishConnect(SocketChannelImpl.java:779)
	at io.netty.channel.socket.nio.NioSocketChannel.doFinishConnect(NioSocketChannel.java:325)
	at io.netty.channel.nio.AbstractNioChannel$AbstractNioUnsafe.finishConnect(AbstractNioChannel.java:340)
	at io.netty.channel.nio.NioEventLoop.processSelectedKey(NioEventLoop.java:633)
	at io.netty.channel.nio.NioEventLoop.processSelectedKeysOptimized(NioEventLoop.java:580)
	at io.netty.channel.nio.NioEventLoop.processSelectedKeys(NioEventLoop.java:497)
	at io.netty.channel.nio.NioEventLoop.run(NioEventLoop.java:459)
	at io.netty.util.concurrent.SingleThreadEventExecutor$5.run(SingleThreadEventExecutor.java:886)
	at io.netty.util.concurrent.FastThreadLocalRunnable.run(FastThreadLocalRunnable.java:30)
	at java.base/java.lang.Thread.run(Thread.java:834)
Caused by: java.net.ConnectException: Connection refused
	... 11 more
HttpClientHelper.java: Received an error for request 4: io.netty.channel.AbstractChannel$AnnotatedConnectException: Connection refused: localhost/127.0.1.1:8077
io.netty.channel.AbstractChannel$AnnotatedConnectException: Connection refused: localhost/127.0.1.1:8077
	at java.base/sun.nio.ch.SocketChannelImpl.checkConnect(Native Method)
	at java.base/sun.nio.ch.SocketChannelImpl.finishConnect(SocketChannelImpl.java:779)
	at io.netty.channel.socket.nio.NioSocketChannel.doFinishConnect(NioSocketChannel.java:325)
	at io.netty.channel.nio.AbstractNioChannel$AbstractNioUnsafe.finishConnect(AbstractNioChannel.java:340)
	at io.netty.channel.nio.NioEventLoop.processSelectedKey(NioEventLoop.java:633)
	at io.netty.channel.nio.NioEventLoop.processSelectedKeysOptimized(NioEventLoop.java:580)
	at io.netty.channel.nio.NioEventLoop.processSelectedKeys(NioEventLoop.java:497)
	at io.netty.channel.nio.NioEventLoop.run(NioEventLoop.java:459)
	at io.netty.util.concurrent.SingleThreadEventExecutor$5.run(SingleThreadEventExecutor.java:886)
	at io.netty.util.concurrent.FastThreadLocalRunnable.run(FastThreadLocalRunnable.java:30)
	at java.base/java.lang.Thread.run(Thread.java:834)
Caused by: java.net.ConnectException: Connection refused
	... 11 more
HttpClientHelper.java: Received an error for request 5: io.netty.channel.AbstractChannel$AnnotatedConnectException: Connection refused: localhost/127.0.1.1:8077
io.netty.channel.AbstractChannel$AnnotatedConnectException: Connection refused: localhost/127.0.1.1:8077
	at java.base/sun.nio.ch.SocketChannelImpl.checkConnect(Native Method)
	at java.base/sun.nio.ch.SocketChannelImpl.finishConnect(SocketChannelImpl.java:779)
	at io.netty.channel.socket.nio.NioSocketChannel.doFinishConnect(NioSocketChannel.java:325)
	at io.netty.channel.nio.AbstractNioChannel$AbstractNioUnsafe.finishConnect(AbstractNioChannel.java:340)
	at io.netty.channel.nio.NioEventLoop.processSelectedKey(NioEventLoop.java:633)
	at io.netty.channel.nio.NioEventLoop.processSelectedKeysOptimized(NioEventLoop.java:580)
	at io.netty.channel.nio.NioEventLoop.processSelectedKeys(NioEventLoop.java:497)
	at io.netty.channel.nio.NioEventLoop.run(NioEventLoop.java:459)
	at io.netty.util.concurrent.SingleThreadEventExecutor$5.run(SingleThreadEventExecutor.java:886)
	at io.netty.util.concurrent.FastThreadLocalRunnable.run(FastThreadLocalRunnable.java:30)
	at java.base/java.lang.Thread.run(Thread.java:834)
Caused by: java.net.ConnectException: Connection refused
	... 11 more
HttpClientHelper.java: Received an error for request 6: io.netty.channel.AbstractChannel$AnnotatedConnectException: Connection refused: localhost/127.0.1.1:8077
io.netty.channel.AbstractChannel$AnnotatedConnectException: Connection refused: localhost/127.0.1.1:8077
	at java.base/sun.nio.ch.SocketChannelImpl.checkConnect(Native Method)
	at java.base/sun.nio.ch.SocketChannelImpl.finishConnect(SocketChannelImpl.java:779)
	at io.netty.channel.socket.nio.NioSocketChannel.doFinishConnect(NioSocketChannel.java:325)
	at io.netty.channel.nio.AbstractNioChannel$AbstractNioUnsafe.finishConnect(AbstractNioChannel.java:340)
	at io.netty.channel.nio.NioEventLoop.processSelectedKey(NioEventLoop.java:633)
	at io.netty.channel.nio.NioEventLoop.processSelectedKeysOptimized(NioEventLoop.java:580)
	at io.netty.channel.nio.NioEventLoop.processSelectedKeys(NioEventLoop.java:497)
	at io.netty.channel.nio.NioEventLoop.run(NioEventLoop.java:459)
	at io.netty.util.concurrent.SingleThreadEventExecutor$5.run(SingleThreadEventExecutor.java:886)
	at io.netty.util.concurrent.FastThreadLocalRunnable.run(FastThreadLocalRunnable.java:30)
	at java.base/java.lang.Thread.run(Thread.java:834)
Caused by: java.net.ConnectException: Connection refused
	... 11 more
HttpClientHelper.java: Received an error for request 7: io.netty.channel.AbstractChannel$AnnotatedConnectException: Connection refused: localhost/127.0.1.1:8077
io.netty.channel.AbstractChannel$AnnotatedConnectException: Connection refused: localhost/127.0.1.1:8077
	at java.base/sun.nio.ch.SocketChannelImpl.checkConnect(Native Method)
	at java.base/sun.nio.ch.SocketChannelImpl.finishConnect(SocketChannelImpl.java:779)
	at io.netty.channel.socket.nio.NioSocketChannel.doFinishConnect(NioSocketChannel.java:325)
	at io.netty.channel.nio.AbstractNioChannel$AbstractNioUnsafe.finishConnect(AbstractNioChannel.java:340)
	at io.netty.channel.nio.NioEventLoop.processSelectedKey(NioEventLoop.java:633)
	at io.netty.channel.nio.NioEventLoop.processSelectedKeysOptimized(NioEventLoop.java:580)
	at io.netty.channel.nio.NioEventLoop.processSelectedKeys(NioEventLoop.java:497)
	at io.netty.channel.nio.NioEventLoop.run(NioEventLoop.java:459)
	at io.netty.util.concurrent.SingleThreadEventExecutor$5.run(SingleThreadEventExecutor.java:886)
	at io.netty.util.concurrent.FastThreadLocalRunnable.run(FastThreadLocalRunnable.java:30)
	at java.base/java.lang.Thread.run(Thread.java:834)
Caused by: java.net.ConnectException: Connection refused
	... 11 more
HttpClientHelper.java: Received an error for request 8: io.netty.channel.AbstractChannel$AnnotatedConnectException: Connection refused: localhost/127.0.1.1:8077
io.netty.channel.AbstractChannel$AnnotatedConnectException: Connection refused: localhost/127.0.1.1:8077
	at java.base/sun.nio.ch.SocketChannelImpl.checkConnect(Native Method)
	at java.base/sun.nio.ch.SocketChannelImpl.finishConnect(SocketChannelImpl.java:779)
	at io.netty.channel.socket.nio.NioSocketChannel.doFinishConnect(NioSocketChannel.java:325)
	at io.netty.channel.nio.AbstractNioChannel$AbstractNioUnsafe.finishConnect(AbstractNioChannel.java:340)
	at io.netty.channel.nio.NioEventLoop.processSelectedKey(NioEventLoop.java:633)
	at io.netty.channel.nio.NioEventLoop.processSelectedKeysOptimized(NioEventLoop.java:580)
	at io.netty.channel.nio.NioEventLoop.processSelectedKeys(NioEventLoop.java:497)
	at io.netty.channel.nio.NioEventLoop.run(NioEventLoop.java:459)
	at io.netty.util.concurrent.SingleThreadEventExecutor$5.run(SingleThreadEventExecutor.java:886)
	at io.netty.util.concurrent.FastThreadLocalRunnable.run(FastThreadLocalRunnable.java:30)
	at java.base/java.lang.Thread.run(Thread.java:834)
Caused by: java.net.ConnectException: Connection refused
	... 11 more
HttpClientHelper.java: Received an error for request 9: io.netty.channel.AbstractChannel$AnnotatedConnectException: Connection refused: localhost/127.0.1.1:8077
io.netty.channel.AbstractChannel$AnnotatedConnectException: Connection refused: localhost/127.0.1.1:8077
	at java.base/sun.nio.ch.SocketChannelImpl.checkConnect(Native Method)
	at java.base/sun.nio.ch.SocketChannelImpl.finishConnect(SocketChannelImpl.java:779)
	at io.netty.channel.socket.nio.NioSocketChannel.doFinishConnect(NioSocketChannel.java:325)
	at io.netty.channel.nio.AbstractNioChannel$AbstractNioUnsafe.finishConnect(AbstractNioChannel.java:340)
	at io.netty.channel.nio.NioEventLoop.processSelectedKey(NioEventLoop.java:633)
	at io.netty.channel.nio.NioEventLoop.processSelectedKeysOptimized(NioEventLoop.java:580)
	at io.netty.channel.nio.NioEventLoop.processSelectedKeys(NioEventLoop.java:497)
	at io.netty.channel.nio.NioEventLoop.run(NioEventLoop.java:459)
	at io.netty.util.concurrent.SingleThreadEventExecutor$5.run(SingleThreadEventExecutor.java:886)
	at io.netty.util.concurrent.FastThreadLocalRunnable.run(FastThreadLocalRunnable.java:30)
	at java.base/java.lang.Thread.run(Thread.java:834)
Caused by: java.net.ConnectException: Connection refused
	... 11 more
HttpClientHelper.java: Received an error for request 10: io.netty.channel.AbstractChannel$AnnotatedConnectException: Connection refused: localhost/127.0.1.1:8077
io.netty.channel.AbstractChannel$AnnotatedConnectException: Connection refused: localhost/127.0.1.1:8077
	at java.base/sun.nio.ch.SocketChannelImpl.checkConnect(Native Method)
	at java.base/sun.nio.ch.SocketChannelImpl.finishConnect(SocketChannelImpl.java:779)
	at io.netty.channel.socket.nio.NioSocketChannel.doFinishConnect(NioSocketChannel.java:325)
	at io.netty.channel.nio.AbstractNioChannel$AbstractNioUnsafe.finishConnect(AbstractNioChannel.java:340)
	at io.netty.channel.nio.NioEventLoop.processSelectedKey(NioEventLoop.java:633)
	at io.netty.channel.nio.NioEventLoop.processSelectedKeysOptimized(NioEventLoop.java:580)
	at io.netty.channel.nio.NioEventLoop.processSelectedKeys(NioEventLoop.java:497)
	at io.netty.channel.nio.NioEventLoop.run(NioEventLoop.java:459)
	at io.netty.util.concurrent.SingleThreadEventExecutor$5.run(SingleThreadEventExecutor.java:886)
	at io.netty.util.concurrent.FastThreadLocalRunnable.run(FastThreadLocalRunnable.java:30)
	at java.base/java.lang.Thread.run(Thread.java:834)
Caused by: java.net.ConnectException: Connection refused
	... 11 more
HttpClientHelper.java: Received an error for request 11: io.netty.channel.AbstractChannel$AnnotatedConnectException: Connection refused: localhost/127.0.1.1:8077
io.netty.channel.AbstractChannel$AnnotatedConnectException: Connection refused: localhost/127.0.1.1:8077
	at java.base/sun.nio.ch.SocketChannelImpl.checkConnect(Native Method)
	at java.base/sun.nio.ch.SocketChannelImpl.finishConnect(SocketChannelImpl.java:779)
	at io.netty.channel.socket.nio.NioSocketChannel.doFinishConnect(NioSocketChannel.java:325)
	at io.netty.channel.nio.AbstractNioChannel$AbstractNioUnsafe.finishConnect(AbstractNioChannel.java:340)
	at io.netty.channel.nio.NioEventLoop.processSelectedKey(NioEventLoop.java:633)
	at io.netty.channel.nio.NioEventLoop.processSelectedKeysOptimized(NioEventLoop.java:580)
	at io.netty.channel.nio.NioEventLoop.processSelectedKeys(NioEventLoop.java:497)
	at io.netty.channel.nio.NioEventLoop.run(NioEventLoop.java:459)
	at io.netty.util.concurrent.SingleThreadEventExecutor$5.run(SingleThreadEventExecutor.java:886)
	at io.netty.util.concurrent.FastThreadLocalRunnable.run(FastThreadLocalRunnable.java:30)
	at java.base/java.lang.Thread.run(Thread.java:834)
Caused by: java.net.ConnectException: Connection refused
	... 11 more
HttpClientHelper.java: Received an error for request 12: io.netty.channel.AbstractChannel$AnnotatedConnectException: Connection refused: localhost/127.0.1.1:8077
io.netty.channel.AbstractChannel$AnnotatedConnectException: Connection refused: localhost/127.0.1.1:8077
	at java.base/sun.nio.ch.SocketChannelImpl.checkConnect(Native Method)
	at java.base/sun.nio.ch.SocketChannelImpl.finishConnect(SocketChannelImpl.java:779)
	at io.netty.channel.socket.nio.NioSocketChannel.doFinishConnect(NioSocketChannel.java:325)
	at io.netty.channel.nio.AbstractNioChannel$AbstractNioUnsafe.finishConnect(AbstractNioChannel.java:340)
	at io.netty.channel.nio.NioEventLoop.processSelectedKey(NioEventLoop.java:633)
	at io.netty.channel.nio.NioEventLoop.processSelectedKeysOptimized(NioEventLoop.java:580)
	at io.netty.channel.nio.NioEventLoop.processSelectedKeys(NioEventLoop.java:497)
	at io.netty.channel.nio.NioEventLoop.run(NioEventLoop.java:459)
	at io.netty.util.concurrent.SingleThreadEventExecutor$5.run(SingleThreadEventExecutor.java:886)
	at io.netty.util.concurrent.FastThreadLocalRunnable.run(FastThreadLocalRunnable.java:30)
	at java.base/java.lang.Thread.run(Thread.java:834)
Caused by: java.net.ConnectException: Connection refused
	... 11 more
HttpClientHelper.java: Received an error for request 13: io.netty.channel.AbstractChannel$AnnotatedConnectException: Connection refused: localhost/127.0.1.1:8077
io.netty.channel.AbstractChannel$AnnotatedConnectException: Connection refused: localhost/127.0.1.1:8077
	at java.base/sun.nio.ch.SocketChannelImpl.checkConnect(Native Method)
	at java.base/sun.nio.ch.SocketChannelImpl.finishConnect(SocketChannelImpl.java:779)
	at io.netty.channel.socket.nio.NioSocketChannel.doFinishConnect(NioSocketChannel.java:325)
	at io.netty.channel.nio.AbstractNioChannel$AbstractNioUnsafe.finishConnect(AbstractNioChannel.java:340)
	at io.netty.channel.nio.NioEventLoop.processSelectedKey(NioEventLoop.java:633)
	at io.netty.channel.nio.NioEventLoop.processSelectedKeysOptimized(NioEventLoop.java:580)
	at io.netty.channel.nio.NioEventLoop.processSelectedKeys(NioEventLoop.java:497)
	at io.netty.channel.nio.NioEventLoop.run(NioEventLoop.java:459)
	at io.netty.util.concurrent.SingleThreadEventExecutor$5.run(SingleThreadEventExecutor.java:886)
	at io.netty.util.concurrent.FastThreadLocalRunnable.run(FastThreadLocalRunnable.java:30)
	at java.base/java.lang.Thread.run(Thread.java:834)
Caused by: java.net.ConnectException: Connection refused
	... 11 more
WARNING: Clock: Model stopped before executing actions (e.g. producing outputs) scheduled for execution at times [28.0]
WARNING: WebServer: Model stopped before executing actions (e.g. producing outputs) scheduled for execution at times [28.005000000000003, 22.005000000000003, 25.004]
WARNING: REST: Model stopped before executing actions (e.g. producing outputs) scheduled for execution at times [23.0]
WARNING: TestSpontaneous: Model stopped before executing actions (e.g. producing outputs) scheduled for execution at times [21.0]
[atomic-processor-1] INFO com.github.sarxos.webcam.ds.cgt.WebcamOpenTask - Opening webcam Dummy Webcam 0
[atomic-processor-1] INFO com.github.sarxos.webcam.ds.cgt.WebcamCloseTask - Closing Dummy Webcam 0
[atomic-processor-1] INFO com.github.sarxos.webcam.ds.cgt.WebcamOpenTask - Opening webcam Dummy Webcam 0
[atomic-processor-1] INFO com.github.sarxos.webcam.ds.cgt.WebcamCloseTask - Closing Dummy Webcam 0
[atomic-processor-1] INFO com.github.sarxos.webcam.ds.cgt.WebcamOpenTask - Opening webcam Dummy Webcam 0
[atomic-processor-1] INFO com.github.sarxos.webcam.ds.cgt.WebcamCloseTask - Closing Dummy Webcam 0
[atomic-processor-1] INFO com.github.sarxos.webcam.ds.cgt.WebcamOpenTask - Opening webcam Dummy Webcam 0
WARNING: Invoking send() too late (probably in a callback), so Camera is not able to send the token {type="class ptolemy.data.AWTImageToken", width="640", height="480"} to the output image. Token is discarded.
[atomic-processor-1] INFO com.github.sarxos.webcam.ds.cgt.WebcamCloseTask - Closing Dummy Webcam 0
[atomic-processor-1] INFO com.github.sarxos.webcam.ds.cgt.WebcamOpenTask - Opening webcam Dummy Webcam 0
[atomic-processor-1] INFO com.github.sarxos.webcam.ds.cgt.WebcamCloseTask - Closing Dummy Webcam 0
[atomic-processor-1] INFO com.github.sarxos.webcam.ds.cgt.WebcamOpenTask - Opening webcam Dummy Webcam 0
[atomic-processor-1] INFO com.github.sarxos.webcam.ds.cgt.WebcamCloseTask - Closing Dummy Webcam 0
[atomic-processor-1] INFO com.github.sarxos.webcam.ds.cgt.WebcamOpenTask - Opening webcam Dummy Webcam 0
WARNING: Invoking send() too late (probably in a callback), so Camera is not able to send the token {type="class ptolemy.data.AWTImageToken", width="640", height="480"} to the output image. Token is discarded.
[atomic-processor-1] INFO com.github.sarxos.webcam.ds.cgt.WebcamCloseTask - Closing Dummy Webcam 0
[atomic-processor-1] INFO com.github.sarxos.webcam.ds.cgt.WebcamOpenTask - Opening webcam Dummy Webcam 0
[atomic-processor-1] INFO com.github.sarxos.webcam.ds.cgt.WebcamCloseTask - Closing Dummy Webcam 0
[atomic-processor-1] INFO com.github.sarxos.webcam.ds.cgt.WebcamOpenTask - Opening webcam Dummy Webcam 0
[atomic-processor-1] INFO com.github.sarxos.webcam.ds.cgt.WebcamCloseTask - Closing Dummy Webcam 0
[atomic-processor-1] INFO com.github.sarxos.webcam.ds.cgt.WebcamOpenTask - Opening webcam Dummy Webcam 0
[atomic-processor-1] INFO com.github.sarxos.webcam.ds.cgt.WebcamCloseTask - Closing Dummy Webcam 0
WARNING: Camera: Model stopped before executing actions (e.g. producing outputs) scheduled for execution at times [20.073, 20.69, 20.486, 20.179000000000002, 20.283, 20.792, 20.588, 20.384]
[atomic-processor-1] INFO com.github.sarxos.webcam.ds.cgt.WebcamOpenTask - Opening webcam Dummy Webcam 0
[atomic-processor-1] INFO com.github.sarxos.webcam.ds.cgt.WebcamCloseTask - Closing Dummy Webcam 0
[atomic-processor-1] INFO com.github.sarxos.webcam.ds.cgt.WebcamOpenTask - Opening webcam Dummy Webcam 0
[atomic-processor-1] INFO com.github.sarxos.webcam.ds.cgt.WebcamCloseTask - Closing Dummy Webcam 0
WARNING: Camera: Model stopped before executing actions (e.g. producing outputs) scheduled for execution at times [20.197, 20.095000000000002]
[atomic-processor-1] INFO com.github.sarxos.webcam.ds.cgt.WebcamOpenTask - Opening webcam Dummy Webcam 0
[atomic-processor-1] INFO com.github.sarxos.webcam.ds.cgt.WebcamCloseTask - Closing Dummy Webcam 0
[atomic-processor-1] INFO com.github.sarxos.webcam.ds.cgt.WebcamOpenTask - Opening webcam Dummy Webcam 0
[atomic-processor-1] INFO com.github.sarxos.webcam.ds.cgt.WebcamCloseTask - Closing Dummy Webcam 0
[atomic-processor-1] INFO com.github.sarxos.webcam.ds.cgt.WebcamOpenTask - Opening webcam Dummy Webcam 0
[atomic-processor-1] INFO com.github.sarxos.webcam.ds.cgt.WebcamCloseTask - Closing Dummy Webcam 0
]]></system-err>
</testsuite>
