<?xml version="1.0" encoding="UTF-8" ?>
<testsuite errors="0" failures="0" hostname="travis-job-70a22ed9-e9bd-40f0-88ec-816adf9c1e94" name="ptolemy.actor.lib.hoc.test.junit.JUnitTclTest" skipped="0" tests="58" time="35.489" timestamp="2019-11-08T14:30:27">
  <properties>
[...]
</properties>
  <testcase classname="ptolemy.util.test.junit.TclTests" name="[0] /home/travis/build/icyphy/ptII/ptolemy/actor/lib/hoc/test/IterateOverArray.tcl (RunTclFile)" time="0.322" />
  <testcase classname="ptolemy.util.test.junit.AutoKnownFailedTests" name="[0] /home/travis/build/icyphy/ptII/ptolemy/actor/lib/hoc/test/auto/knownFailedTests/PreinitializeMustBeInvokedRunComposite.xml (RunModel)" time="0.536" />
  <testcase classname="ptolemy.util.test.junit.AutoNameArchTests" name="[0] ThereAreNoAutoArchTests (RunModel)" time="0.001" />
  <testcase classname="ptolemy.util.test.junit.AutoTests" name="[0] /home/travis/build/icyphy/ptII/ptolemy/actor/lib/hoc/test/auto/AllToAllMultiInstanceComposite.xml (RunModel)" time="0.52" />
  <testcase classname="ptolemy.util.test.junit.AutoTests" name="[1] /home/travis/build/icyphy/ptII/ptolemy/actor/lib/hoc/test/auto/ApplyFFTTest.xml (RunModel)" time="0.465" />
  <testcase classname="ptolemy.util.test.junit.AutoTests" name="[2] /home/travis/build/icyphy/ptII/ptolemy/actor/lib/hoc/test/auto/ApplyFunction.xml (RunModel)" time="0.032" />
  <testcase classname="ptolemy.util.test.junit.AutoTests" name="[3] /home/travis/build/icyphy/ptII/ptolemy/actor/lib/hoc/test/auto/BackgroundExecution.xml (RunModel)" time="0.728" />
  <testcase classname="ptolemy.util.test.junit.AutoTests" name="[4] /home/travis/build/icyphy/ptII/ptolemy/actor/lib/hoc/test/auto/Case.xml (RunModel)" time="0.077" />
  <testcase classname="ptolemy.util.test.junit.AutoTests" name="[5] /home/travis/build/icyphy/ptII/ptolemy/actor/lib/hoc/test/auto/Case1.xml (RunModel)" time="0.067" />
  <testcase classname="ptolemy.util.test.junit.AutoTests" name="[6] /home/travis/build/icyphy/ptII/ptolemy/actor/lib/hoc/test/auto/Case2.xml (RunModel)" time="0.117" />
  <testcase classname="ptolemy.util.test.junit.AutoTests" name="[7] /home/travis/build/icyphy/ptII/ptolemy/actor/lib/hoc/test/auto/Case3.xml (RunModel)" time="0.067" />
  <testcase classname="ptolemy.util.test.junit.AutoTests" name="[8] /home/travis/build/icyphy/ptII/ptolemy/actor/lib/hoc/test/auto/Case4.xml (RunModel)" time="0.114" />
  <testcase classname="ptolemy.util.test.junit.AutoTests" name="[9] /home/travis/build/icyphy/ptII/ptolemy/actor/lib/hoc/test/auto/Case5.xml (RunModel)" time="0.067" />
  <testcase classname="ptolemy.util.test.junit.AutoTests" name="[10] /home/travis/build/icyphy/ptII/ptolemy/actor/lib/hoc/test/auto/Case6.xml (RunModel)" time="0.082" />
  <testcase classname="ptolemy.util.test.junit.AutoTests" name="[11] /home/travis/build/icyphy/ptII/ptolemy/actor/lib/hoc/test/auto/CaseString2.xml (RunModel)" time="0.053" />
  <testcase classname="ptolemy.util.test.junit.AutoTests" name="[12] /home/travis/build/icyphy/ptII/ptolemy/actor/lib/hoc/test/auto/CatchUpComposite1.xml (RunModel)" time="0.097" />
  <testcase classname="ptolemy.util.test.junit.AutoTests" name="[13] /home/travis/build/icyphy/ptII/ptolemy/actor/lib/hoc/test/auto/CatchUpComposite2.xml (RunModel)" time="0.102" />
  <testcase classname="ptolemy.util.test.junit.AutoTests" name="[14] /home/travis/build/icyphy/ptII/ptolemy/actor/lib/hoc/test/auto/CatchUpComposite3.xml (RunModel)" time="0.076" />
  <testcase classname="ptolemy.util.test.junit.AutoTests" name="[15] /home/travis/build/icyphy/ptII/ptolemy/actor/lib/hoc/test/auto/CatchUpComposite4.xml (RunModel)" time="0.05" />
  <testcase classname="ptolemy.util.test.junit.AutoTests" name="[16] /home/travis/build/icyphy/ptII/ptolemy/actor/lib/hoc/test/auto/CatchUpComposite5.xml (RunModel)" time="0.053" />
  <testcase classname="ptolemy.util.test.junit.AutoTests" name="[17] /home/travis/build/icyphy/ptII/ptolemy/actor/lib/hoc/test/auto/CatchUpComposite6.xml (RunModel)" time="0.198" />
  <testcase classname="ptolemy.util.test.junit.AutoTests" name="[18] /home/travis/build/icyphy/ptII/ptolemy/actor/lib/hoc/test/auto/CatchUpComposite7.xml (RunModel)" time="0.118" />
  <testcase classname="ptolemy.util.test.junit.AutoTests" name="[19] /home/travis/build/icyphy/ptII/ptolemy/actor/lib/hoc/test/auto/ConcurrentExecutionTimeSDF.xml (RunModel)" time="1.99" />
  <testcase classname="ptolemy.util.test.junit.AutoTests" name="[20] /home/travis/build/icyphy/ptII/ptolemy/actor/lib/hoc/test/auto/ConcurrentSleep.xml (RunModel)" time="0.773" />
  <testcase classname="ptolemy.util.test.junit.AutoTests" name="[21] /home/travis/build/icyphy/ptII/ptolemy/actor/lib/hoc/test/auto/DEInPNInRunCompositeActor.xml (RunModel)" time="0.038" />
  <testcase classname="ptolemy.util.test.junit.AutoTests" name="[22] /home/travis/build/icyphy/ptII/ptolemy/actor/lib/hoc/test/auto/DFTSubSetTest.xml (RunModel)" time="0.311" />
  <testcase classname="ptolemy.util.test.junit.AutoTests" name="[23] /home/travis/build/icyphy/ptII/ptolemy/actor/lib/hoc/test/auto/HocDE.xml (RunModel)" time="0.251" />
  <testcase classname="ptolemy.util.test.junit.AutoTests" name="[24] /home/travis/build/icyphy/ptII/ptolemy/actor/lib/hoc/test/auto/IterateOverArray.xml (RunModel)" time="0.049" />
  <testcase classname="ptolemy.util.test.junit.AutoTests" name="[25] /home/travis/build/icyphy/ptII/ptolemy/actor/lib/hoc/test/auto/IterateOverArray10.xml (RunModel)" time="0.025" />
  <testcase classname="ptolemy.util.test.junit.AutoTests" name="[26] /home/travis/build/icyphy/ptII/ptolemy/actor/lib/hoc/test/auto/IterateOverArray11.xml (RunModel)" time="0.022" />
  <testcase classname="ptolemy.util.test.junit.AutoTests" name="[27] /home/travis/build/icyphy/ptII/ptolemy/actor/lib/hoc/test/auto/IterateOverArray12.xml (RunModel)" time="0.035" />
  <testcase classname="ptolemy.util.test.junit.AutoTests" name="[28] /home/travis/build/icyphy/ptII/ptolemy/actor/lib/hoc/test/auto/IterateOverArray13.xml (RunModel)" time="0.135" />
  <testcase classname="ptolemy.util.test.junit.AutoTests" name="[29] /home/travis/build/icyphy/ptII/ptolemy/actor/lib/hoc/test/auto/IterateOverArray14.xml (RunModel)" time="0.155" />
  <testcase classname="ptolemy.util.test.junit.AutoTests" name="[30] /home/travis/build/icyphy/ptII/ptolemy/actor/lib/hoc/test/auto/IterateOverArray2.xml (RunModel)" time="0.029" />
  <testcase classname="ptolemy.util.test.junit.AutoTests" name="[31] /home/travis/build/icyphy/ptII/ptolemy/actor/lib/hoc/test/auto/IterateOverArray3.xml (RunModel)" time="0.047" />
  <testcase classname="ptolemy.util.test.junit.AutoTests" name="[32] /home/travis/build/icyphy/ptII/ptolemy/actor/lib/hoc/test/auto/IterateOverArray4.xml (RunModel)" time="0.025" />
  <testcase classname="ptolemy.util.test.junit.AutoTests" name="[33] /home/travis/build/icyphy/ptII/ptolemy/actor/lib/hoc/test/auto/IterateOverArray5.xml (RunModel)" time="0.024" />
  <testcase classname="ptolemy.util.test.junit.AutoTests" name="[34] /home/travis/build/icyphy/ptII/ptolemy/actor/lib/hoc/test/auto/IterateOverArray6.xml (RunModel)" time="0.018" />
  <testcase classname="ptolemy.util.test.junit.AutoTests" name="[35] /home/travis/build/icyphy/ptII/ptolemy/actor/lib/hoc/test/auto/IterateOverArray7.xml (RunModel)" time="0.023" />
  <testcase classname="ptolemy.util.test.junit.AutoTests" name="[36] /home/travis/build/icyphy/ptII/ptolemy/actor/lib/hoc/test/auto/IterateOverArray8.xml (RunModel)" time="0.021" />
  <testcase classname="ptolemy.util.test.junit.AutoTests" name="[37] /home/travis/build/icyphy/ptII/ptolemy/actor/lib/hoc/test/auto/IterateOverArray9.xml (RunModel)" time="0.025" />
  <testcase classname="ptolemy.util.test.junit.AutoTests" name="[38] /home/travis/build/icyphy/ptII/ptolemy/actor/lib/hoc/test/auto/IterateOverArrayCoercedOutputType.xml (RunModel)" time="0.05" />
  <testcase classname="ptolemy.util.test.junit.AutoTests" name="[39] /home/travis/build/icyphy/ptII/ptolemy/actor/lib/hoc/test/auto/IterateOverArrayInferredOutputType.xml (RunModel)" time="0.025" />
  <testcase classname="ptolemy.util.test.junit.AutoTests" name="[40] /home/travis/build/icyphy/ptII/ptolemy/actor/lib/hoc/test/auto/MobileFunctionTest.xml (RunModel)" time="0.024" />
  <testcase classname="ptolemy.util.test.junit.AutoTests" name="[41] /home/travis/build/icyphy/ptII/ptolemy/actor/lib/hoc/test/auto/MobileModelTest.xml (RunModel)" time="0.212" />
  <testcase classname="ptolemy.util.test.junit.AutoTests" name="[42] /home/travis/build/icyphy/ptII/ptolemy/actor/lib/hoc/test/auto/ModelReference.xml (RunModel)" time="0.073" />
  <testcase classname="ptolemy.util.test.junit.AutoTests" name="[43] /home/travis/build/icyphy/ptII/ptolemy/actor/lib/hoc/test/auto/ModelReference3.xml (RunModel)" time="0.036" />
  <testcase classname="ptolemy.util.test.junit.AutoTests" name="[44] /home/travis/build/icyphy/ptII/ptolemy/actor/lib/hoc/test/auto/ModelReference4.xml (RunModel)" time="10.034" />
  <testcase classname="ptolemy.util.test.junit.AutoTests" name="[45] /home/travis/build/icyphy/ptII/ptolemy/actor/lib/hoc/test/auto/MultiInstanceComposite.xml (RunModel)" time="0.073" />
  <testcase classname="ptolemy.util.test.junit.AutoTests" name="[46] /home/travis/build/icyphy/ptII/ptolemy/actor/lib/hoc/test/auto/MultiInstanceComposite2.xml (RunModel)" time="0.041" />
  <testcase classname="ptolemy.util.test.junit.AutoTests" name="[47] /home/travis/build/icyphy/ptII/ptolemy/actor/lib/hoc/test/auto/MulticoreExecution.xml (RunModel)" time="1.124" />
  <testcase classname="ptolemy.util.test.junit.AutoTests" name="[48] /home/travis/build/icyphy/ptII/ptolemy/actor/lib/hoc/test/auto/ParallelExecution.xml (RunModel)" time="0.934" />
  <testcase classname="ptolemy.util.test.junit.AutoTests" name="[49] /home/travis/build/icyphy/ptII/ptolemy/actor/lib/hoc/test/auto/RunCompositeActor.xml (RunModel)" time="0.025" />
  <testcase classname="ptolemy.util.test.junit.AutoTests" name="[50] /home/travis/build/icyphy/ptII/ptolemy/actor/lib/hoc/test/auto/RunCompositeActor2.xml (RunModel)" time="0.023" />
  <testcase classname="ptolemy.util.test.junit.AutoTests" name="[51] /home/travis/build/icyphy/ptII/ptolemy/actor/lib/hoc/test/auto/RunCompositeActor3.xml (RunModel)" time="0.022" />
  <testcase classname="ptolemy.util.test.junit.AutoTests" name="[52] /home/travis/build/icyphy/ptII/ptolemy/actor/lib/hoc/test/auto/RunCompositeActor4.xml (RunModel)" time="0.028" />
  <testcase classname="ptolemy.util.test.junit.AutoTests" name="[53] /home/travis/build/icyphy/ptII/ptolemy/actor/lib/hoc/test/auto/RunCompositeIterateOverArray.xml (RunModel)" time="0.026" />
  <testcase classname="ptolemy.util.test.junit.AutoTests" name="[54] /home/travis/build/icyphy/ptII/ptolemy/actor/lib/hoc/test/auto/ThreadedJS.xml (RunModel)" time="14.063" />
  <system-out><![CDATA[/home/travis/build/icyphy/ptII/ptolemy/actor/lib/hoc/test/IterateOverArray.tcl
testDefs.tcl: setting time out to 9000 seconds at Fri Nov 08 14:30:27 UTC 2019
11/08/19 02:30:28
Failed: 0  Total Tests: 2  ((Passed: 2, Newly Passed: 0)  Known Failed: 0) /home/travis/build/icyphy/ptII/ptolemy/actor/lib/hoc/test
----------------- testing (KnownFailure) /home/travis/build/icyphy/ptII/ptolemy/actor/lib/hoc/test/auto/knownFailedTests/PreinitializeMustBeInvokedRunComposite.xml
159 ms. Memory: 120832K Free: 79816K (66%)
Known Failure: java.lang.reflect.InvocationTargetException
No auto/linux-amd64/*.xml tests in /home/travis/build/icyphy/ptII/ptolemy/actor/lib/hoc/test
AutoTests.java: About to close Vertx.
AutoTests.java: Vertx closed.

===========================================================================================
----------------- testing Fri Nov 08 14:30:29 UTC 2019 /home/travis/build/icyphy/ptII/ptolemy/actor/lib/hoc/test/auto/AllToAllMultiInstanceComposite.xml
----------------- Instantiating /home/travis/build/icyphy/ptII/ptolemy/actor/lib/hoc/test/auto/AllToAllMultiInstanceComposite.xml
209 ms. Memory: 120832K Free: 93712K (78%)
----------------- Invoking toplevel() on ptolemy.moml.MoMLSimpleApplication@6f8029b6
----------------- Done invoking toplevel() on ptolemy.moml.MoMLSimpleApplication@6f8029b6
reloadAllAccessors: .AllToAllMultiInstanceComposite

===========================================================================================
----------------- testing Fri Nov 08 14:30:29 UTC 2019 /home/travis/build/icyphy/ptII/ptolemy/actor/lib/hoc/test/auto/ApplyFFTTest.xml
----------------- Instantiating /home/travis/build/icyphy/ptII/ptolemy/actor/lib/hoc/test/auto/ApplyFFTTest.xml
201 ms. Memory: 120832K Free: 102272K (85%)
----------------- Invoking toplevel() on ptolemy.moml.MoMLSimpleApplication@36a178ed
----------------- Done invoking toplevel() on ptolemy.moml.MoMLSimpleApplication@36a178ed
reloadAllAccessors: .ApplyFFTTest

===========================================================================================
----------------- testing Fri Nov 08 14:30:30 UTC 2019 /home/travis/build/icyphy/ptII/ptolemy/actor/lib/hoc/test/auto/ApplyFunction.xml
----------------- Instantiating /home/travis/build/icyphy/ptII/ptolemy/actor/lib/hoc/test/auto/ApplyFunction.xml
6 ms. Memory: 120832K Free: 98933K (82%)
----------------- Invoking toplevel() on ptolemy.moml.MoMLSimpleApplication@186ec3a7
----------------- Done invoking toplevel() on ptolemy.moml.MoMLSimpleApplication@186ec3a7
reloadAllAccessors: .ApplyFunction

===========================================================================================
----------------- testing Fri Nov 08 14:30:30 UTC 2019 /home/travis/build/icyphy/ptII/ptolemy/actor/lib/hoc/test/auto/BackgroundExecution.xml
----------------- Instantiating /home/travis/build/icyphy/ptII/ptolemy/actor/lib/hoc/test/auto/BackgroundExecution.xml
643 ms. Memory: 120832K Free: 91763K (76%)
----------------- Invoking toplevel() on ptolemy.moml.MoMLSimpleApplication@2c78787e
----------------- Done invoking toplevel() on ptolemy.moml.MoMLSimpleApplication@2c78787e
reloadAllAccessors: .BackgroundExecution

===========================================================================================
----------------- testing Fri Nov 08 14:30:30 UTC 2019 /home/travis/build/icyphy/ptII/ptolemy/actor/lib/hoc/test/auto/Case.xml
----------------- Instantiating /home/travis/build/icyphy/ptII/ptolemy/actor/lib/hoc/test/auto/Case.xml
29 ms. Memory: 120832K Free: 84596K (70%)
----------------- Invoking toplevel() on ptolemy.moml.MoMLSimpleApplication@2b943200
----------------- Done invoking toplevel() on ptolemy.moml.MoMLSimpleApplication@2b943200
reloadAllAccessors: .Case

===========================================================================================
----------------- testing Fri Nov 08 14:30:31 UTC 2019 /home/travis/build/icyphy/ptII/ptolemy/actor/lib/hoc/test/auto/Case1.xml
----------------- Instantiating /home/travis/build/icyphy/ptII/ptolemy/actor/lib/hoc/test/auto/Case1.xml
11 ms. Memory: 120832K Free: 78444K (65%)
----------------- Invoking toplevel() on ptolemy.moml.MoMLSimpleApplication@5d353f98
----------------- Done invoking toplevel() on ptolemy.moml.MoMLSimpleApplication@5d353f98
reloadAllAccessors: .Case1

===========================================================================================
----------------- testing Fri Nov 08 14:30:31 UTC 2019 /home/travis/build/icyphy/ptII/ptolemy/actor/lib/hoc/test/auto/Case2.xml
----------------- Instantiating /home/travis/build/icyphy/ptII/ptolemy/actor/lib/hoc/test/auto/Case2.xml
56 ms. Memory: 120832K Free: 106404K (88%)
----------------- Invoking toplevel() on ptolemy.moml.MoMLSimpleApplication@2c5eb205
----------------- Done invoking toplevel() on ptolemy.moml.MoMLSimpleApplication@2c5eb205
reloadAllAccessors: .Case2

===========================================================================================
----------------- testing Fri Nov 08 14:30:31 UTC 2019 /home/travis/build/icyphy/ptII/ptolemy/actor/lib/hoc/test/auto/Case3.xml
----------------- Instantiating /home/travis/build/icyphy/ptII/ptolemy/actor/lib/hoc/test/auto/Case3.xml
22 ms. Memory: 120832K Free: 99688K (83%)
----------------- Invoking toplevel() on ptolemy.moml.MoMLSimpleApplication@6c4e3e10
----------------- Done invoking toplevel() on ptolemy.moml.MoMLSimpleApplication@6c4e3e10
reloadAllAccessors: .Case3

===========================================================================================
----------------- testing Fri Nov 08 14:30:31 UTC 2019 /home/travis/build/icyphy/ptII/ptolemy/actor/lib/hoc/test/auto/Case4.xml
----------------- Instantiating /home/travis/build/icyphy/ptII/ptolemy/actor/lib/hoc/test/auto/Case4.xml
35 ms. Memory: 120832K Free: 92237K (76%)
----------------- Invoking toplevel() on ptolemy.moml.MoMLSimpleApplication@55856a5a
----------------- Done invoking toplevel() on ptolemy.moml.MoMLSimpleApplication@55856a5a
reloadAllAccessors: .Case4

===========================================================================================
----------------- testing Fri Nov 08 14:30:31 UTC 2019 /home/travis/build/icyphy/ptII/ptolemy/actor/lib/hoc/test/auto/Case5.xml
----------------- Instantiating /home/travis/build/icyphy/ptII/ptolemy/actor/lib/hoc/test/auto/Case5.xml
31 ms. Memory: 120832K Free: 85855K (71%)
----------------- Invoking toplevel() on ptolemy.moml.MoMLSimpleApplication@2ff7c8c
----------------- Done invoking toplevel() on ptolemy.moml.MoMLSimpleApplication@2ff7c8c
reloadAllAccessors: .junk

===========================================================================================
----------------- testing Fri Nov 08 14:30:31 UTC 2019 /home/travis/build/icyphy/ptII/ptolemy/actor/lib/hoc/test/auto/Case6.xml
----------------- Instantiating /home/travis/build/icyphy/ptII/ptolemy/actor/lib/hoc/test/auto/Case6.xml
29 ms. Memory: 120832K Free: 74621K (62%)
----------------- Invoking toplevel() on ptolemy.moml.MoMLSimpleApplication@14a84d98
----------------- Done invoking toplevel() on ptolemy.moml.MoMLSimpleApplication@14a84d98
reloadAllAccessors: .Case6

===========================================================================================
----------------- testing Fri Nov 08 14:30:31 UTC 2019 /home/travis/build/icyphy/ptII/ptolemy/actor/lib/hoc/test/auto/CaseString2.xml
----------------- Instantiating /home/travis/build/icyphy/ptII/ptolemy/actor/lib/hoc/test/auto/CaseString2.xml
19 ms. Memory: 120832K Free: 66920K (55%)
----------------- Invoking toplevel() on ptolemy.moml.MoMLSimpleApplication@259b2a32
----------------- Done invoking toplevel() on ptolemy.moml.MoMLSimpleApplication@259b2a32
reloadAllAccessors: .CaseString2

===========================================================================================
----------------- testing Fri Nov 08 14:30:31 UTC 2019 /home/travis/build/icyphy/ptII/ptolemy/actor/lib/hoc/test/auto/CatchUpComposite1.xml
----------------- Instantiating /home/travis/build/icyphy/ptII/ptolemy/actor/lib/hoc/test/auto/CatchUpComposite1.xml
38 ms. Memory: 120832K Free: 58165K (48%)
----------------- Invoking toplevel() on ptolemy.moml.MoMLSimpleApplication@53ed60f4
----------------- Done invoking toplevel() on ptolemy.moml.MoMLSimpleApplication@53ed60f4
reloadAllAccessors: .CatchUpComposite1

===========================================================================================
----------------- testing Fri Nov 08 14:30:31 UTC 2019 /home/travis/build/icyphy/ptII/ptolemy/actor/lib/hoc/test/auto/CatchUpComposite2.xml
----------------- Instantiating /home/travis/build/icyphy/ptII/ptolemy/actor/lib/hoc/test/auto/CatchUpComposite2.xml
12 ms. Memory: 120832K Free: 98926K (82%)
----------------- Invoking toplevel() on ptolemy.moml.MoMLSimpleApplication@1c2a7db8
----------------- Done invoking toplevel() on ptolemy.moml.MoMLSimpleApplication@1c2a7db8
reloadAllAccessors: .CatchUpComposite2

===========================================================================================
----------------- testing Fri Nov 08 14:30:31 UTC 2019 /home/travis/build/icyphy/ptII/ptolemy/actor/lib/hoc/test/auto/CatchUpComposite3.xml
----------------- Instantiating /home/travis/build/icyphy/ptII/ptolemy/actor/lib/hoc/test/auto/CatchUpComposite3.xml
28 ms. Memory: 120832K Free: 90357K (75%)
----------------- Invoking toplevel() on ptolemy.moml.MoMLSimpleApplication@224a5713
----------------- Done invoking toplevel() on ptolemy.moml.MoMLSimpleApplication@224a5713
reloadAllAccessors: .CatchUpComposite3

===========================================================================================
----------------- testing Fri Nov 08 14:30:31 UTC 2019 /home/travis/build/icyphy/ptII/ptolemy/actor/lib/hoc/test/auto/CatchUpComposite4.xml
----------------- Instantiating /home/travis/build/icyphy/ptII/ptolemy/actor/lib/hoc/test/auto/CatchUpComposite4.xml
15 ms. Memory: 120832K Free: 82165K (68%)
----------------- Invoking toplevel() on ptolemy.moml.MoMLSimpleApplication@cbdf4b1
----------------- Done invoking toplevel() on ptolemy.moml.MoMLSimpleApplication@cbdf4b1
reloadAllAccessors: .CatchUpComposite4

===========================================================================================
----------------- testing Fri Nov 08 14:30:31 UTC 2019 /home/travis/build/icyphy/ptII/ptolemy/actor/lib/hoc/test/auto/CatchUpComposite5.xml
----------------- Instantiating /home/travis/build/icyphy/ptII/ptolemy/actor/lib/hoc/test/auto/CatchUpComposite5.xml
18 ms. Memory: 120832K Free: 74575K (62%)
----------------- Invoking toplevel() on ptolemy.moml.MoMLSimpleApplication@118d943f
----------------- Done invoking toplevel() on ptolemy.moml.MoMLSimpleApplication@118d943f
reloadAllAccessors: .CatchUpComposite5

===========================================================================================
----------------- testing Fri Nov 08 14:30:31 UTC 2019 /home/travis/build/icyphy/ptII/ptolemy/actor/lib/hoc/test/auto/CatchUpComposite6.xml
----------------- Instantiating /home/travis/build/icyphy/ptII/ptolemy/actor/lib/hoc/test/auto/CatchUpComposite6.xml
WARNING: The execution aspects in this model can influence the timing of actors by delaying the 
execution, potentially changing the behavior. There is no guarantee that actors fire at the 
time they request to be fired. 
Use Ptides for deterministic DE behavior that is not influenced by execution aspects. 

102 ms. Memory: 120832K Free: 60285K (50%)
----------------- Invoking toplevel() on ptolemy.moml.MoMLSimpleApplication@747d4a85
----------------- Done invoking toplevel() on ptolemy.moml.MoMLSimpleApplication@747d4a85
reloadAllAccessors: .CatchUpComposite6

===========================================================================================
----------------- testing Fri Nov 08 14:30:32 UTC 2019 /home/travis/build/icyphy/ptII/ptolemy/actor/lib/hoc/test/auto/CatchUpComposite7.xml
----------------- Instantiating /home/travis/build/icyphy/ptII/ptolemy/actor/lib/hoc/test/auto/CatchUpComposite7.xml
WARNING: The execution aspects in this model can influence the timing of actors by delaying the 
execution, potentially changing the behavior. There is no guarantee that actors fire at the 
time they request to be fired. 
Use Ptides for deterministic DE behavior that is not influenced by execution aspects. 

46 ms. Memory: 150528K Free: 131870K (88%)
----------------- Invoking toplevel() on ptolemy.moml.MoMLSimpleApplication@148001eb
----------------- Done invoking toplevel() on ptolemy.moml.MoMLSimpleApplication@148001eb
reloadAllAccessors: .CatchUpComposite7

===========================================================================================
----------------- testing Fri Nov 08 14:30:32 UTC 2019 /home/travis/build/icyphy/ptII/ptolemy/actor/lib/hoc/test/auto/ConcurrentExecutionTimeSDF.xml
----------------- Instantiating /home/travis/build/icyphy/ptII/ptolemy/actor/lib/hoc/test/auto/ConcurrentExecutionTimeSDF.xml
Fired ExecutionTime: 40400000
Fired ExecutionTime: 40400000
Fired ExecutionTime: 40400000
Fired ExecutionTime: 40400000
Fired ExecutionTime: 40400000
Fired ExecutionTime: 40400000
Fired ExecutionTime: 40400000
Fired ExecutionTime: 40400000
Fired ExecutionTime: 40400000
Fired ExecutionTime: 40400000
Fired ExecutionTime: 40400000
Fired ExecutionTime: 40400000
Fired ExecutionTime: 40400000
Fired ExecutionTime: 40400000
Fired ExecutionTime: 40400000
Fired ExecutionTime: 40400000
Fired ExecutionTime: 40400000
Fired ExecutionTime: 40400000
Fired ExecutionTime: 40400000
Fired ExecutionTime: 40400000
1958 ms. Memory: 150528K Free: 125189K (83%)
----------------- Invoking toplevel() on ptolemy.moml.MoMLSimpleApplication@2407a40e
----------------- Done invoking toplevel() on ptolemy.moml.MoMLSimpleApplication@2407a40e
reloadAllAccessors: .ConcurrentExecutionTimeSDF

===========================================================================================
----------------- testing Fri Nov 08 14:30:34 UTC 2019 /home/travis/build/icyphy/ptII/ptolemy/actor/lib/hoc/test/auto/ConcurrentSleep.xml
----------------- Instantiating /home/travis/build/icyphy/ptII/ptolemy/actor/lib/hoc/test/auto/ConcurrentSleep.xml
731 ms. Memory: 150528K Free: 114949K (76%)
----------------- Invoking toplevel() on ptolemy.moml.MoMLSimpleApplication@395b30db
----------------- Done invoking toplevel() on ptolemy.moml.MoMLSimpleApplication@395b30db
reloadAllAccessors: .ConcurrentSleep

===========================================================================================
----------------- testing Fri Nov 08 14:30:35 UTC 2019 /home/travis/build/icyphy/ptII/ptolemy/actor/lib/hoc/test/auto/DEInPNInRunCompositeActor.xml
----------------- Instantiating /home/travis/build/icyphy/ptII/ptolemy/actor/lib/hoc/test/auto/DEInPNInRunCompositeActor.xml
14 ms. Memory: 150528K Free: 108828K (72%)
----------------- Invoking toplevel() on ptolemy.moml.MoMLSimpleApplication@36aa9c4b
----------------- Done invoking toplevel() on ptolemy.moml.MoMLSimpleApplication@36aa9c4b
reloadAllAccessors: .DEInPNInRunCompositeActor

===========================================================================================
----------------- testing Fri Nov 08 14:30:35 UTC 2019 /home/travis/build/icyphy/ptII/ptolemy/actor/lib/hoc/test/auto/DFTSubSetTest.xml
----------------- Instantiating /home/travis/build/icyphy/ptII/ptolemy/actor/lib/hoc/test/auto/DFTSubSetTest.xml
185 ms. Memory: 150528K Free: 65850K (44%)
----------------- Invoking toplevel() on ptolemy.moml.MoMLSimpleApplication@6e43873b
----------------- Done invoking toplevel() on ptolemy.moml.MoMLSimpleApplication@6e43873b
reloadAllAccessors: .DFTSubSetTest

===========================================================================================
----------------- testing Fri Nov 08 14:30:35 UTC 2019 /home/travis/build/icyphy/ptII/ptolemy/actor/lib/hoc/test/auto/HocDE.xml
----------------- Instantiating /home/travis/build/icyphy/ptII/ptolemy/actor/lib/hoc/test/auto/HocDE.xml
176 ms. Memory: 150528K Free: 113224K (75%)
----------------- Invoking toplevel() on ptolemy.moml.MoMLSimpleApplication@2a636af7
----------------- Done invoking toplevel() on ptolemy.moml.MoMLSimpleApplication@2a636af7
reloadAllAccessors: .HocDE

===========================================================================================
----------------- testing Fri Nov 08 14:30:35 UTC 2019 /home/travis/build/icyphy/ptII/ptolemy/actor/lib/hoc/test/auto/IterateOverArray.xml
----------------- Instantiating /home/travis/build/icyphy/ptII/ptolemy/actor/lib/hoc/test/auto/IterateOverArray.xml
12 ms. Memory: 150528K Free: 108618K (72%)
----------------- Invoking toplevel() on ptolemy.moml.MoMLSimpleApplication@a579fa6
----------------- Done invoking toplevel() on ptolemy.moml.MoMLSimpleApplication@a579fa6
reloadAllAccessors: .IterateOverArray

===========================================================================================
----------------- testing Fri Nov 08 14:30:35 UTC 2019 /home/travis/build/icyphy/ptII/ptolemy/actor/lib/hoc/test/auto/IterateOverArray10.xml
----------------- Instantiating /home/travis/build/icyphy/ptII/ptolemy/actor/lib/hoc/test/auto/IterateOverArray10.xml
5 ms. Memory: 150528K Free: 105546K (70%)
----------------- Invoking toplevel() on ptolemy.moml.MoMLSimpleApplication@591ec648
----------------- Done invoking toplevel() on ptolemy.moml.MoMLSimpleApplication@591ec648
reloadAllAccessors: .IterateOverArray10

===========================================================================================
----------------- testing Fri Nov 08 14:30:35 UTC 2019 /home/travis/build/icyphy/ptII/ptolemy/actor/lib/hoc/test/auto/IterateOverArray11.xml
----------------- Instantiating /home/travis/build/icyphy/ptII/ptolemy/actor/lib/hoc/test/auto/IterateOverArray11.xml
7 ms. Memory: 150528K Free: 101450K (67%)
----------------- Invoking toplevel() on ptolemy.moml.MoMLSimpleApplication@57042f09
----------------- Done invoking toplevel() on ptolemy.moml.MoMLSimpleApplication@57042f09
reloadAllAccessors: .IterateOverArray11

===========================================================================================
----------------- testing Fri Nov 08 14:30:35 UTC 2019 /home/travis/build/icyphy/ptII/ptolemy/actor/lib/hoc/test/auto/IterateOverArray12.xml
----------------- Instantiating /home/travis/build/icyphy/ptII/ptolemy/actor/lib/hoc/test/auto/IterateOverArray12.xml
16 ms. Memory: 150528K Free: 95306K (63%)
----------------- Invoking toplevel() on ptolemy.moml.MoMLSimpleApplication@1f77eb1b
----------------- Done invoking toplevel() on ptolemy.moml.MoMLSimpleApplication@1f77eb1b
reloadAllAccessors: .IterateOverArray12

===========================================================================================
----------------- testing Fri Nov 08 14:30:35 UTC 2019 /home/travis/build/icyphy/ptII/ptolemy/actor/lib/hoc/test/auto/IterateOverArray13.xml
----------------- Instantiating /home/travis/build/icyphy/ptII/ptolemy/actor/lib/hoc/test/auto/IterateOverArray13.xml
62 ms. Memory: 150528K Free: 65610K (44%)
----------------- Invoking toplevel() on ptolemy.moml.MoMLSimpleApplication@1fce4e42
----------------- Done invoking toplevel() on ptolemy.moml.MoMLSimpleApplication@1fce4e42
reloadAllAccessors: .IterateOverArray13

===========================================================================================
----------------- testing Fri Nov 08 14:30:35 UTC 2019 /home/travis/build/icyphy/ptII/ptolemy/actor/lib/hoc/test/auto/IterateOverArray14.xml
----------------- Instantiating /home/travis/build/icyphy/ptII/ptolemy/actor/lib/hoc/test/auto/IterateOverArray14.xml
70 ms. Memory: 150528K Free: 113007K (75%)
----------------- Invoking toplevel() on ptolemy.moml.MoMLSimpleApplication@4a20234c
----------------- Done invoking toplevel() on ptolemy.moml.MoMLSimpleApplication@4a20234c
reloadAllAccessors: .IterateOverArray14

===========================================================================================
----------------- testing Fri Nov 08 14:30:36 UTC 2019 /home/travis/build/icyphy/ptII/ptolemy/actor/lib/hoc/test/auto/IterateOverArray2.xml
----------------- Instantiating /home/travis/build/icyphy/ptII/ptolemy/actor/lib/hoc/test/auto/IterateOverArray2.xml
11 ms. Memory: 150528K Free: 108401K (72%)
----------------- Invoking toplevel() on ptolemy.moml.MoMLSimpleApplication@3f408d02
----------------- Done invoking toplevel() on ptolemy.moml.MoMLSimpleApplication@3f408d02
reloadAllAccessors: .IterateOverArray2

===========================================================================================
----------------- testing Fri Nov 08 14:30:36 UTC 2019 /home/travis/build/icyphy/ptII/ptolemy/actor/lib/hoc/test/auto/IterateOverArray3.xml
----------------- Instantiating /home/travis/build/icyphy/ptII/ptolemy/actor/lib/hoc/test/auto/IterateOverArray3.xml
21 ms. Memory: 150528K Free: 102767K (68%)
----------------- Invoking toplevel() on ptolemy.moml.MoMLSimpleApplication@7f9f1fd1
----------------- Done invoking toplevel() on ptolemy.moml.MoMLSimpleApplication@7f9f1fd1
reloadAllAccessors: .IterateOverArray3

===========================================================================================
----------------- testing Fri Nov 08 14:30:36 UTC 2019 /home/travis/build/icyphy/ptII/ptolemy/actor/lib/hoc/test/auto/IterateOverArray4.xml
----------------- Instantiating /home/travis/build/icyphy/ptII/ptolemy/actor/lib/hoc/test/auto/IterateOverArray4.xml
5 ms. Memory: 150528K Free: 98671K (66%)
----------------- Invoking toplevel() on ptolemy.moml.MoMLSimpleApplication@3ddfa720
----------------- Done invoking toplevel() on ptolemy.moml.MoMLSimpleApplication@3ddfa720
reloadAllAccessors: .IterateOverArray4

===========================================================================================
----------------- testing Fri Nov 08 14:30:36 UTC 2019 /home/travis/build/icyphy/ptII/ptolemy/actor/lib/hoc/test/auto/IterateOverArray5.xml
----------------- Instantiating /home/travis/build/icyphy/ptII/ptolemy/actor/lib/hoc/test/auto/IterateOverArray5.xml
4 ms. Memory: 150528K Free: 94575K (63%)
----------------- Invoking toplevel() on ptolemy.moml.MoMLSimpleApplication@49632180
----------------- Done invoking toplevel() on ptolemy.moml.MoMLSimpleApplication@49632180
reloadAllAccessors: .IterateOverArray5

===========================================================================================
----------------- testing Fri Nov 08 14:30:36 UTC 2019 /home/travis/build/icyphy/ptII/ptolemy/actor/lib/hoc/test/auto/IterateOverArray6.xml
----------------- Instantiating /home/travis/build/icyphy/ptII/ptolemy/actor/lib/hoc/test/auto/IterateOverArray6.xml
4 ms. Memory: 150528K Free: 91503K (61%)
----------------- Invoking toplevel() on ptolemy.moml.MoMLSimpleApplication@2a41292
----------------- Done invoking toplevel() on ptolemy.moml.MoMLSimpleApplication@2a41292
reloadAllAccessors: .IterateOverArray6

===========================================================================================
----------------- testing Fri Nov 08 14:30:36 UTC 2019 /home/travis/build/icyphy/ptII/ptolemy/actor/lib/hoc/test/auto/IterateOverArray7.xml
----------------- Instantiating /home/travis/build/icyphy/ptII/ptolemy/actor/lib/hoc/test/auto/IterateOverArray7.xml
4 ms. Memory: 150528K Free: 86897K (58%)
----------------- Invoking toplevel() on ptolemy.moml.MoMLSimpleApplication@6b2eb9ce
----------------- Done invoking toplevel() on ptolemy.moml.MoMLSimpleApplication@6b2eb9ce
reloadAllAccessors: .IterateOverArray7

===========================================================================================
----------------- testing Fri Nov 08 14:30:36 UTC 2019 /home/travis/build/icyphy/ptII/ptolemy/actor/lib/hoc/test/auto/IterateOverArray8.xml
----------------- Instantiating /home/travis/build/icyphy/ptII/ptolemy/actor/lib/hoc/test/auto/IterateOverArray8.xml
4 ms. Memory: 150528K Free: 82801K (55%)
----------------- Invoking toplevel() on ptolemy.moml.MoMLSimpleApplication@33192a93
----------------- Done invoking toplevel() on ptolemy.moml.MoMLSimpleApplication@33192a93
reloadAllAccessors: .IterateOverArray8

===========================================================================================
----------------- testing Fri Nov 08 14:30:36 UTC 2019 /home/travis/build/icyphy/ptII/ptolemy/actor/lib/hoc/test/auto/IterateOverArray9.xml
----------------- Instantiating /home/travis/build/icyphy/ptII/ptolemy/actor/lib/hoc/test/auto/IterateOverArray9.xml
7 ms. Memory: 150528K Free: 78705K (52%)
----------------- Invoking toplevel() on ptolemy.moml.MoMLSimpleApplication@3930271d
----------------- Done invoking toplevel() on ptolemy.moml.MoMLSimpleApplication@3930271d
reloadAllAccessors: .IterateOverArray9

===========================================================================================
----------------- testing Fri Nov 08 14:30:36 UTC 2019 /home/travis/build/icyphy/ptII/ptolemy/actor/lib/hoc/test/auto/IterateOverArrayCoercedOutputType.xml
----------------- Instantiating /home/travis/build/icyphy/ptII/ptolemy/actor/lib/hoc/test/auto/IterateOverArrayCoercedOutputType.xml
11 ms. Memory: 150528K Free: 73585K (49%)
----------------- Invoking toplevel() on ptolemy.moml.MoMLSimpleApplication@4a8f4778
----------------- Done invoking toplevel() on ptolemy.moml.MoMLSimpleApplication@4a8f4778
reloadAllAccessors: .IterateOverArrayCoercedOutputType

===========================================================================================
----------------- testing Fri Nov 08 14:30:36 UTC 2019 /home/travis/build/icyphy/ptII/ptolemy/actor/lib/hoc/test/auto/IterateOverArrayInferredOutputType.xml
----------------- Instantiating /home/travis/build/icyphy/ptII/ptolemy/actor/lib/hoc/test/auto/IterateOverArrayInferredOutputType.xml
8 ms. Memory: 150528K Free: 68975K (46%)
----------------- Invoking toplevel() on ptolemy.moml.MoMLSimpleApplication@29e04695
----------------- Done invoking toplevel() on ptolemy.moml.MoMLSimpleApplication@29e04695
reloadAllAccessors: .IterateOverArrayInferredOutputType

===========================================================================================
----------------- testing Fri Nov 08 14:30:36 UTC 2019 /home/travis/build/icyphy/ptII/ptolemy/actor/lib/hoc/test/auto/MobileFunctionTest.xml
----------------- Instantiating /home/travis/build/icyphy/ptII/ptolemy/actor/lib/hoc/test/auto/MobileFunctionTest.xml
4 ms. Memory: 150528K Free: 64873K (43%)
----------------- Invoking toplevel() on ptolemy.moml.MoMLSimpleApplication@7739d40b
----------------- Done invoking toplevel() on ptolemy.moml.MoMLSimpleApplication@7739d40b
reloadAllAccessors: .MobileFunctionTest

===========================================================================================
----------------- testing Fri Nov 08 14:30:36 UTC 2019 /home/travis/build/icyphy/ptII/ptolemy/actor/lib/hoc/test/auto/MobileModelTest.xml
----------------- Instantiating /home/travis/build/icyphy/ptII/ptolemy/actor/lib/hoc/test/auto/MobileModelTest.xml
185 ms. Memory: 150528K Free: 131108K (87%)
----------------- Invoking toplevel() on ptolemy.moml.MoMLSimpleApplication@227a1c53
----------------- Done invoking toplevel() on ptolemy.moml.MoMLSimpleApplication@227a1c53
reloadAllAccessors: .MobileModelTest

===========================================================================================
----------------- testing Fri Nov 08 14:30:36 UTC 2019 /home/travis/build/icyphy/ptII/ptolemy/actor/lib/hoc/test/auto/ModelReference.xml
----------------- Instantiating /home/travis/build/icyphy/ptII/ptolemy/actor/lib/hoc/test/auto/ModelReference.xml
2 ms. Memory: 150528K Free: 124184K (82%)
2 ms. Memory: 150528K Free: 123674K (82%)
1 ms. Memory: 150528K Free: 122650K (81%)
9 ms. Memory: 150528K Free: 121626K (81%)
2 ms. Memory: 150528K Free: 121098K (80%)
1 ms. Memory: 150528K Free: 120088K (80%)
2 ms. Memory: 150528K Free: 119578K (79%)
2 ms. Memory: 150528K Free: 118554K (79%)
2 ms. Memory: 150528K Free: 117530K (78%)
2 ms. Memory: 150528K Free: 117002K (78%)
33 ms. Memory: 150528K Free: 117002K (78%)
----------------- Invoking toplevel() on ptolemy.moml.MoMLSimpleApplication@e9d87df
----------------- Done invoking toplevel() on ptolemy.moml.MoMLSimpleApplication@e9d87df
reloadAllAccessors: .ModelReference

===========================================================================================
----------------- testing Fri Nov 08 14:30:36 UTC 2019 /home/travis/build/icyphy/ptII/ptolemy/actor/lib/hoc/test/auto/ModelReference3.xml
----------------- Instantiating /home/travis/build/icyphy/ptII/ptolemy/actor/lib/hoc/test/auto/ModelReference3.xml
2 ms. Memory: 150528K Free: 111882K (74%)
2 ms. Memory: 150528K Free: 111386K (74%)
1 ms. Memory: 150528K Free: 110362K (73%)
1 ms. Memory: 150528K Free: 109818K (73%)
1 ms. Memory: 150528K Free: 108810K (72%)
1 ms. Memory: 150528K Free: 107786K (72%)
1 ms. Memory: 150528K Free: 107290K (71%)
1 ms. Memory: 150528K Free: 106266K (71%)
1 ms. Memory: 150528K Free: 105722K (70%)
1 ms. Memory: 150528K Free: 104714K (70%)
23 ms. Memory: 150528K Free: 104714K (70%)
----------------- Invoking toplevel() on ptolemy.moml.MoMLSimpleApplication@3b807641
----------------- Done invoking toplevel() on ptolemy.moml.MoMLSimpleApplication@3b807641
reloadAllAccessors: .ModelReference3

===========================================================================================
----------------- testing Fri Nov 08 14:30:36 UTC 2019 /home/travis/build/icyphy/ptII/ptolemy/actor/lib/hoc/test/auto/ModelReference4.xml
----------------- Instantiating /home/travis/build/icyphy/ptII/ptolemy/actor/lib/hoc/test/auto/ModelReference4.xml
2 ms. Memory: 150528K Free: 100122K (67%)
3 ms. Memory: 150528K Free: 98578K (65%)
2 ms. Memory: 150528K Free: 97546K (65%)
2 ms. Memory: 150528K Free: 96536K (64%)
2 ms. Memory: 150528K Free: 95002K (63%)
3 ms. Memory: 150528K Free: 93978K (62%)
4 ms. Memory: 150528K Free: 92434K (61%)
3 ms. Memory: 150528K Free: 91402K (61%)
3 ms. Memory: 150528K Free: 90386K (60%)
7 ms. Memory: 150528K Free: 88314K (59%)
10019 ms. Memory: 150528K Free: 88314K (59%)
----------------- Invoking toplevel() on ptolemy.moml.MoMLSimpleApplication@18d695e3
----------------- Done invoking toplevel() on ptolemy.moml.MoMLSimpleApplication@18d695e3
reloadAllAccessors: .ModelReference4

===========================================================================================
----------------- testing Fri Nov 08 14:30:46 UTC 2019 /home/travis/build/icyphy/ptII/ptolemy/actor/lib/hoc/test/auto/MultiInstanceComposite.xml
----------------- Instantiating /home/travis/build/icyphy/ptII/ptolemy/actor/lib/hoc/test/auto/MultiInstanceComposite.xml
38 ms. Memory: 150528K Free: 69402K (46%)
----------------- Invoking toplevel() on ptolemy.moml.MoMLSimpleApplication@14d0bed4
----------------- Done invoking toplevel() on ptolemy.moml.MoMLSimpleApplication@14d0bed4
reloadAllAccessors: .MultiInstanceComposite

===========================================================================================
----------------- testing Fri Nov 08 14:30:46 UTC 2019 /home/travis/build/icyphy/ptII/ptolemy/actor/lib/hoc/test/auto/MultiInstanceComposite2.xml
----------------- Instantiating /home/travis/build/icyphy/ptII/ptolemy/actor/lib/hoc/test/auto/MultiInstanceComposite2.xml
20 ms. Memory: 150528K Free: 58138K (39%)
----------------- Invoking toplevel() on ptolemy.moml.MoMLSimpleApplication@261cf76d
----------------- Done invoking toplevel() on ptolemy.moml.MoMLSimpleApplication@261cf76d
reloadAllAccessors: .MultiInstanceComposite2

===========================================================================================
----------------- testing Fri Nov 08 14:30:46 UTC 2019 /home/travis/build/icyphy/ptII/ptolemy/actor/lib/hoc/test/auto/MulticoreExecution.xml
----------------- Instantiating /home/travis/build/icyphy/ptII/ptolemy/actor/lib/hoc/test/auto/MulticoreExecution.xml
Fired ExecutionTime: 2400000
Fired ExecutionTime: 2800000
Fired ExecutionTime: 4000000
Fired ExecutionTime: 2000000
Fired ExecutionTime: 2800000
Fired ExecutionTime: 2800000
Fired ExecutionTime: 4400000
Fired ExecutionTime: 2000000
Fired ExecutionTime: 7600000
Fired ExecutionTime: 8400000
Fired ExecutionTime: 49600000
Fired ExecutionTime: 50800000
Fired ExecutionTime: 76000000
Fired ExecutionTime: 92400000
Fired ExecutionTime: 86800000
Fired ExecutionTime: 87600000
Fired ExecutionTime: 82800000
Fired ExecutionTime: 87200000
Fired ExecutionTime: 85600000
Fired ExecutionTime: 94000000
1102 ms. Memory: 150528K Free: 49432K (33%)
----------------- Invoking toplevel() on ptolemy.moml.MoMLSimpleApplication@4621b8ed
----------------- Done invoking toplevel() on ptolemy.moml.MoMLSimpleApplication@4621b8ed
reloadAllAccessors: .MulticoreExecution

===========================================================================================
----------------- testing Fri Nov 08 14:30:48 UTC 2019 /home/travis/build/icyphy/ptII/ptolemy/actor/lib/hoc/test/auto/ParallelExecution.xml
----------------- Instantiating /home/travis/build/icyphy/ptII/ptolemy/actor/lib/hoc/test/auto/ParallelExecution.xml
914 ms. Memory: 150528K Free: 128314K (85%)
----------------- Invoking toplevel() on ptolemy.moml.MoMLSimpleApplication@4620b81
----------------- Done invoking toplevel() on ptolemy.moml.MoMLSimpleApplication@4620b81
reloadAllAccessors: .ParallelExecution

===========================================================================================
----------------- testing Fri Nov 08 14:30:48 UTC 2019 /home/travis/build/icyphy/ptII/ptolemy/actor/lib/hoc/test/auto/RunCompositeActor.xml
----------------- Instantiating /home/travis/build/icyphy/ptII/ptolemy/actor/lib/hoc/test/auto/RunCompositeActor.xml
9 ms. Memory: 150528K Free: 121132K (80%)
----------------- Invoking toplevel() on ptolemy.moml.MoMLSimpleApplication@2f93ff26
----------------- Done invoking toplevel() on ptolemy.moml.MoMLSimpleApplication@2f93ff26
reloadAllAccessors: .RunCompositeActor

===========================================================================================
----------------- testing Fri Nov 08 14:30:49 UTC 2019 /home/travis/build/icyphy/ptII/ptolemy/actor/lib/hoc/test/auto/RunCompositeActor2.xml
----------------- Instantiating /home/travis/build/icyphy/ptII/ptolemy/actor/lib/hoc/test/auto/RunCompositeActor2.xml
5 ms. Memory: 150528K Free: 114988K (76%)
----------------- Invoking toplevel() on ptolemy.moml.MoMLSimpleApplication@5988b361
----------------- Done invoking toplevel() on ptolemy.moml.MoMLSimpleApplication@5988b361
reloadAllAccessors: .RunCompositeActor2

===========================================================================================
----------------- testing Fri Nov 08 14:30:49 UTC 2019 /home/travis/build/icyphy/ptII/ptolemy/actor/lib/hoc/test/auto/RunCompositeActor3.xml
----------------- Instantiating /home/travis/build/icyphy/ptII/ptolemy/actor/lib/hoc/test/auto/RunCompositeActor3.xml
5 ms. Memory: 150528K Free: 109372K (73%)
----------------- Invoking toplevel() on ptolemy.moml.MoMLSimpleApplication@76f639da
----------------- Done invoking toplevel() on ptolemy.moml.MoMLSimpleApplication@76f639da
reloadAllAccessors: .RunCompositeActor3

===========================================================================================
----------------- testing Fri Nov 08 14:30:49 UTC 2019 /home/travis/build/icyphy/ptII/ptolemy/actor/lib/hoc/test/auto/RunCompositeActor4.xml
----------------- Instantiating /home/travis/build/icyphy/ptII/ptolemy/actor/lib/hoc/test/auto/RunCompositeActor4.xml
10 ms. Memory: 150528K Free: 101180K (67%)
----------------- Invoking toplevel() on ptolemy.moml.MoMLSimpleApplication@4a6691cc
----------------- Done invoking toplevel() on ptolemy.moml.MoMLSimpleApplication@4a6691cc
reloadAllAccessors: .RunCompositeActor4

===========================================================================================
----------------- testing Fri Nov 08 14:30:49 UTC 2019 /home/travis/build/icyphy/ptII/ptolemy/actor/lib/hoc/test/auto/RunCompositeIterateOverArray.xml
----------------- Instantiating /home/travis/build/icyphy/ptII/ptolemy/actor/lib/hoc/test/auto/RunCompositeIterateOverArray.xml
5 ms. Memory: 150528K Free: 95036K (63%)
----------------- Invoking toplevel() on ptolemy.moml.MoMLSimpleApplication@1e680ef1
----------------- Done invoking toplevel() on ptolemy.moml.MoMLSimpleApplication@1e680ef1
reloadAllAccessors: .RunCompositeIterateOverArray

===========================================================================================
----------------- testing Fri Nov 08 14:30:49 UTC 2019 /home/travis/build/icyphy/ptII/ptolemy/actor/lib/hoc/test/auto/ThreadedJS.xml
----------------- Instantiating /home/travis/build/icyphy/ptII/ptolemy/actor/lib/hoc/test/auto/ThreadedJS.xml
6714 ms. Memory: 262144K Free: 200704K (77%)
----------------- Invoking toplevel() on ptolemy.moml.MoMLSimpleApplication@5bb2d8ba
----------------- Done invoking toplevel() on ptolemy.moml.MoMLSimpleApplication@5bb2d8ba
reloadAllAccessors: .ThreadedJS
AutoTests.java: About to close Vertx.
AutoTests.java: Vertx closed.
]]></system-out>
  <system-err><![CDATA[java.lang.RuntimeException: Execution failed
	at ptolemy.moml.MoMLSimpleApplication$UnloadThread.run(MoMLSimpleApplication.java:402)
Caused by: ptolemy.kernel.util.IllegalActionException: initialize() was called after wrapup() was called but preinitialize() was not called after wrapup().
	at ptolemy.actor.lib.hoc.test.PreinitializeMustBeInvoked.initialize(PreinitializeMustBeInvoked.java:78)
	at ptolemy.actor.Director.initialize(Director.java:938)
	at ptolemy.actor.Director.initialize(Director.java:907)
	at ptolemy.actor.sched.StaticSchedulingDirector.initialize(StaticSchedulingDirector.java:159)
	at ptolemy.domains.sdf.kernel.SDFDirector.initialize(SDFDirector.java:544)
	at ptolemy.actor.CompositeActor.initialize(CompositeActor.java:935)
	at ptolemy.actor.lib.hoc.LifeCycleManager._executeInsideModel(LifeCycleManager.java:339)
	at ptolemy.actor.lib.hoc.RunCompositeActor.fire(RunCompositeActor.java:205)
	at ptolemy.actor.CompositeActor.iterate(CompositeActor.java:1146)
	at ptolemy.actor.sched.StaticSchedulingDirector.fire(StaticSchedulingDirector.java:216)
	at ptolemy.domains.sdf.kernel.SDFDirector.fire(SDFDirector.java:500)
	at ptolemy.actor.CompositeActor.fire(CompositeActor.java:455)
	at ptolemy.actor.Manager.iterate(Manager.java:851)
	at ptolemy.actor.Manager.execute(Manager.java:369)
	at ptolemy.actor.Manager.run(Manager.java:1263)
	at ptolemy.actor.Manager$PtolemyRunThread.run(Manager.java:1933)
java.lang.reflect.InvocationTargetException
	at java.base/jdk.internal.reflect.NativeConstructorAccessorImpl.newInstance0(Native Method)
	at java.base/jdk.internal.reflect.NativeConstructorAccessorImpl.newInstance(NativeConstructorAccessorImpl.java:62)
	at java.base/jdk.internal.reflect.DelegatingConstructorAccessorImpl.newInstance(DelegatingConstructorAccessorImpl.java:45)
	at java.base/java.lang.reflect.Constructor.newInstance(Constructor.java:490)
	at ptolemy.util.test.junit.AutoKnownFailedTests.RunModel(AutoKnownFailedTests.java:105)
	at java.base/jdk.internal.reflect.NativeMethodAccessorImpl.invoke0(Native Method)
	at java.base/jdk.internal.reflect.NativeMethodAccessorImpl.invoke(NativeMethodAccessorImpl.java:62)
	at java.base/jdk.internal.reflect.DelegatingMethodAccessorImpl.invoke(DelegatingMethodAccessorImpl.java:43)
	at java.base/java.lang.reflect.Method.invoke(Method.java:566)
	at org.junit.runners.model.FrameworkMethod$1.runReflectiveCall(FrameworkMethod.java:44)
	at org.junit.internal.runners.model.ReflectiveCallable.run(ReflectiveCallable.java:15)
	at org.junit.runners.model.FrameworkMethod.invokeExplosively(FrameworkMethod.java:41)
	at junitparams.internal.InvokeParameterisedMethod.evaluate(InvokeParameterisedMethod.java:102)
	at org.junit.internal.runners.statements.FailOnTimeout$1.run(FailOnTimeout.java:28)
Caused by: ptolemy.kernel.util.IllegalActionException: initialize() was called after wrapup() was called but preinitialize() was not called after wrapup().
	at ptolemy.actor.lib.hoc.test.PreinitializeMustBeInvoked.initialize(PreinitializeMustBeInvoked.java:78)
	at ptolemy.actor.Director.initialize(Director.java:938)
	at ptolemy.actor.Director.initialize(Director.java:907)
	at ptolemy.actor.sched.StaticSchedulingDirector.initialize(StaticSchedulingDirector.java:159)
	at ptolemy.domains.sdf.kernel.SDFDirector.initialize(SDFDirector.java:544)
	at ptolemy.actor.CompositeActor.initialize(CompositeActor.java:935)
	at ptolemy.actor.lib.hoc.LifeCycleManager._executeInsideModel(LifeCycleManager.java:339)
	at ptolemy.actor.lib.hoc.RunCompositeActor.fire(RunCompositeActor.java:205)
	at ptolemy.actor.CompositeActor.iterate(CompositeActor.java:1146)
	at ptolemy.actor.sched.StaticSchedulingDirector.fire(StaticSchedulingDirector.java:216)
	at ptolemy.domains.sdf.kernel.SDFDirector.fire(SDFDirector.java:500)
	at ptolemy.actor.CompositeActor.fire(CompositeActor.java:455)
	at ptolemy.actor.Manager.iterate(Manager.java:851)
	at ptolemy.actor.Manager.execute(Manager.java:369)
	at ptolemy.actor.Manager.run(Manager.java:1263)
	at ptolemy.actor.Manager$PtolemyRunThread.run(Manager.java:1933)
Warning: Nashorn engine is planned to be removed from a future JDK release
Warning: Nashorn engine is planned to be removed from a future JDK release
Warning: Nashorn engine is planned to be removed from a future JDK release
Warning: Nashorn engine is planned to be removed from a future JDK release
Warning: Nashorn engine is planned to be removed from a future JDK release
Warning: Nashorn engine is planned to be removed from a future JDK release
Warning: Nashorn engine is planned to be removed from a future JDK release
Warning: Nashorn engine is planned to be removed from a future JDK release
]]></system-err>
</testsuite>
