<?xml version="1.0" encoding="UTF-8" ?>
<testsuite errors="1" failures="0" hostname="travis-job-fd3f13db-7c4e-4d59-8d44-4dcbb16d32e0" name="ptolemy.actor.lib.jjs.modules.serial.test.junit.JUnitTclTest" skipped="0" tests="10" time="531.061" timestamp="2019-11-13T05:56:35">
  <properties>
[...]
</properties>
  <testcase classname="ptolemy.util.test.junit.TclTests" name="[0] ThereAreNoTclTests (RunTclFile)" time="0.022" />
  <testcase classname="ptolemy.util.test.junit.AutoKnownFailedTests" name="[0] /home/travis/build/icyphy/ptII/ptolemy/actor/lib/jjs/modules/serial/test/auto/knownFailedTests/SerialHelloWorld.xml (RunModel)" time="25.782" />
  <testcase classname="ptolemy.util.test.junit.AutoNameArchTests" name="[0] ThereAreNoAutoArchTests (RunModel)" time="0.01" />
  <testcase classname="ptolemy.util.test.junit.AutoTests" name="[0] /home/travis/build/icyphy/ptII/ptolemy/actor/lib/jjs/modules/serial/test/auto/SerialLoopbackIntToString.xml (RunModel)" time="84.218" />
  <testcase classname="ptolemy.util.test.junit.AutoTests" name="[1] /home/travis/build/icyphy/ptII/ptolemy/actor/lib/jjs/modules/serial/test/auto/SerialLoopbackInvalid.xml (RunModel)" time="67.99" />
  <testcase classname="ptolemy.util.test.junit.AutoTests" name="[2] /home/travis/build/icyphy/ptII/ptolemy/actor/lib/jjs/modules/serial/test/auto/SerialLoopbackJSON.xml (RunModel)" time="67.886" />
  <testcase classname="ptolemy.util.test.junit.AutoTests" name="[3] /home/travis/build/icyphy/ptII/ptolemy/actor/lib/jjs/modules/serial/test/auto/SerialLoopbackNumber.xml (RunModel)" time="68.686" />
  <testcase classname="ptolemy.util.test.junit.AutoTests" name="[4] /home/travis/build/icyphy/ptII/ptolemy/actor/lib/jjs/modules/serial/test/auto/SerialLoopbackShort.xml (RunModel)" time="71.39" />
  <testcase classname="ptolemy.util.test.junit.AutoTests" name="[5] /home/travis/build/icyphy/ptII/ptolemy/actor/lib/jjs/modules/serial/test/auto/SerialLoopbackString.xml (RunModel)" time="76.4" />
  <testcase classname="ptolemy.util.test.junit.AutoTests" name="[6] /home/travis/build/icyphy/ptII/ptolemy/actor/lib/jjs/modules/serial/test/auto/SerialLoopbackUnsignedByte.xml (RunModel)" time="67.948">
    <error type="java.lang.reflect.InvocationTargetException">java.lang.reflect.InvocationTargetException
	at java.base/jdk.internal.reflect.NativeConstructorAccessorImpl.newInstance0(Native Method)
	at java.base/jdk.internal.reflect.NativeConstructorAccessorImpl.newInstance(NativeConstructorAccessorImpl.java:62)
	at java.base/jdk.internal.reflect.DelegatingConstructorAccessorImpl.newInstance(DelegatingConstructorAccessorImpl.java:45)
	at java.base/java.lang.reflect.Constructor.newInstance(Constructor.java:490)
	at ptolemy.util.test.junit.AutoTests.RunModel(AutoTests.java:193)
	at java.base/jdk.internal.reflect.NativeMethodAccessorImpl.invoke0(Native Method)
	at java.base/jdk.internal.reflect.NativeMethodAccessorImpl.invoke(NativeMethodAccessorImpl.java:62)
	at java.base/jdk.internal.reflect.DelegatingMethodAccessorImpl.invoke(DelegatingMethodAccessorImpl.java:43)
	at junitparams.internal.InvokeParameterisedMethod.evaluate(InvokeParameterisedMethod.java:102)
Caused by: ptolemy.kernel.util.IllegalActionException: Failure executing the react function: Error: commonHost.js, react(), invoking a specific handler for &quot;input&quot;: Exception occurred in input handler for accessor TrainableTest, which has now has been removed.  Exception was: Error: TrainableTest: After seeing 0 tokens, the input &quot;2&quot; is not within &quot;1e-9&quot; of the expected value &quot;254&quot; Stacktrace was: Error: TrainableTest: After seeing 0 tokens, the input &quot;2&quot; is not within &quot;1e-9&quot; of the expected value &quot;254&quot;
	at &lt;anonymous&gt; (&lt;function&gt;:267)
	at invokeSpecificHandler (/home/travis/build/icyphy/ptII/ptolemy/actor/lib/jjs/external/require.js#409:30&lt;eval&gt;:1719)
	at react (/home/travis/build/icyphy/ptII/ptolemy/actor/lib/jjs/external/require.js#409:30&lt;eval&gt;:1764) in /home/travis/build/icyphy/ptII/ptolemy/actor/lib/jjs/external/require.js#409:30&lt;eval&gt; at line number 1731 at column number 24
  in .SerialLoopbackUnsignedByte.TrainableTest
Because:
Error: commonHost.js, react(), invoking a specific handler for &quot;input&quot;: Exception occurred in input handler for accessor TrainableTest, which has now has been removed.  Exception was: Error: TrainableTest: After seeing 0 tokens, the input &quot;2&quot; is not within &quot;1e-9&quot; of the expected value &quot;254&quot; Stacktrace was: Error: TrainableTest: After seeing 0 tokens, the input &quot;2&quot; is not within &quot;1e-9&quot; of the expected value &quot;254&quot;
	at &lt;anonymous&gt; (&lt;function&gt;:267)
	at invokeSpecificHandler (/home/travis/build/icyphy/ptII/ptolemy/actor/lib/jjs/external/require.js#409:30&lt;eval&gt;:1719)
	at react (/home/travis/build/icyphy/ptII/ptolemy/actor/lib/jjs/external/require.js#409:30&lt;eval&gt;:1764) in /home/travis/build/icyphy/ptII/ptolemy/actor/lib/jjs/external/require.js#409:30&lt;eval&gt; at line number 1731 at column number 24
	at ptolemy.actor.lib.jjs.JavaScript._invokeMethodInContext(JavaScript.java:2306)
	at ptolemy.actor.lib.jjs.JavaScript.fire(JavaScript.java:1138)
	at ptolemy.domains.de.kernel.DEDirector._fire(DEDirector.java:1949)
	at ptolemy.domains.de.kernel.DEDirector.fire(DEDirector.java:502)
	at ptolemy.actor.CompositeActor.fire(CompositeActor.java:455)
	at ptolemy.actor.Manager.iterate(Manager.java:851)
	at ptolemy.actor.Manager.execute(Manager.java:369)
	at ptolemy.actor.Manager.run(Manager.java:1263)
	at ptolemy.actor.Manager$PtolemyRunThread.run(Manager.java:1933)
Caused by: javax.script.ScriptException: Error: commonHost.js, react(), invoking a specific handler for &quot;input&quot;: Exception occurred in input handler for accessor TrainableTest, which has now has been removed.  Exception was: Error: TrainableTest: After seeing 0 tokens, the input &quot;2&quot; is not within &quot;1e-9&quot; of the expected value &quot;254&quot; Stacktrace was: Error: TrainableTest: After seeing 0 tokens, the input &quot;2&quot; is not within &quot;1e-9&quot; of the expected value &quot;254&quot;
	at &lt;anonymous&gt; (&lt;function&gt;:267)
	at invokeSpecificHandler (/home/travis/build/icyphy/ptII/ptolemy/actor/lib/jjs/external/require.js#409:30&lt;eval&gt;:1719)
	at react (/home/travis/build/icyphy/ptII/ptolemy/actor/lib/jjs/external/require.js#409:30&lt;eval&gt;:1764) in /home/travis/build/icyphy/ptII/ptolemy/actor/lib/jjs/external/require.js#409:30&lt;eval&gt; at line number 1731 at column number 24
	at jdk.scripting.nashorn/jdk.nashorn.api.scripting.NashornScriptEngine.throwAsScriptException(NashornScriptEngine.java:477)
	at jdk.scripting.nashorn/jdk.nashorn.api.scripting.NashornScriptEngine.invokeImpl(NashornScriptEngine.java:399)
	at jdk.scripting.nashorn/jdk.nashorn.api.scripting.NashornScriptEngine.invokeMethod(NashornScriptEngine.java:206)
	at ptolemy.actor.lib.jjs.JavaScript._invokeMethodInContext(JavaScript.java:2281)
Caused by: /home/travis/build/icyphy/ptII/ptolemy/actor/lib/jjs/external/require.js#409:30&lt;eval&gt;:1731:24 Error: commonHost.js, react(), invoking a specific handler for &quot;input&quot;: Exception occurred in input handler for accessor TrainableTest, which has now has been removed.  Exception was: Error: TrainableTest: After seeing 0 tokens, the input &quot;2&quot; is not within &quot;1e-9&quot; of the expected value &quot;254&quot; Stacktrace was: Error: TrainableTest: After seeing 0 tokens, the input &quot;2&quot; is not within &quot;1e-9&quot; of the expected value &quot;254&quot;
	at &lt;anonymous&gt; (&lt;function&gt;:267)
	at invokeSpecificHandler (/home/travis/build/icyphy/ptII/ptolemy/actor/lib/jjs/external/require.js#409:30&lt;eval&gt;:1719)
	at react (/home/travis/build/icyphy/ptII/ptolemy/actor/lib/jjs/external/require.js#409:30&lt;eval&gt;:1764)
	at jdk.scripting.nashorn/jdk.nashorn.internal.objects.NativeError.initException(NativeError.java:135)
	at jdk.scripting.nashorn/jdk.nashorn.internal.objects.NativeError.&lt;init&gt;(NativeError.java:101)
	at jdk.scripting.nashorn/jdk.nashorn.internal.objects.NativeError.&lt;init&gt;(NativeError.java:105)
	at jdk.scripting.nashorn/jdk.nashorn.internal.objects.NativeError.&lt;init&gt;(NativeError.java:109)
	at jdk.scripting.nashorn/jdk.nashorn.internal.objects.NativeError.constructor(NativeError.java:128)
	at jdk.scripting.nashorn.scripts/jdk.nashorn.internal.scripts.Script$Recompilation$79713$76238A$require.L:1#react#invokeSpecificHandler(/home/travis/build/icyphy/ptII/ptolemy/actor/lib/jjs/external/require.js#409:30&lt;eval&gt;:1736)
	at jdk.scripting.nashorn.scripts/jdk.nashorn.internal.scripts.Script$Recompilation$79712$75884A$require$cu1$restOf.L:1#react(/home/travis/build/icyphy/ptII/ptolemy/actor/lib/jjs/external/require.js#409:30&lt;eval&gt;:1764)
	at jdk.scripting.nashorn/jdk.nashorn.internal.runtime.ScriptFunctionData.invoke(ScriptFunctionData.java:657)
	at jdk.scripting.nashorn/jdk.nashorn.internal.runtime.ScriptFunction.invoke(ScriptFunction.java:513)
	at jdk.scripting.nashorn/jdk.nashorn.internal.runtime.ScriptRuntime.apply(ScriptRuntime.java:527)
	at jdk.scripting.nashorn/jdk.nashorn.api.scripting.ScriptObjectMirror.callMember(ScriptObjectMirror.java:202)
	at jdk.scripting.nashorn/jdk.nashorn.api.scripting.NashornScriptEngine.invokeImpl(NashornScriptEngine.java:393)
</error>
  </testcase>
  <system-out><![CDATA[No tcl tests in /home/travis/build/icyphy/ptII/ptolemy/actor/lib/jjs/modules/serial/test
----------------- testing (KnownFailure) /home/travis/build/icyphy/ptII/ptolemy/actor/lib/jjs/modules/serial/test/auto/knownFailedTests/SerialHelloWorld.xml
JavaScript: Closing serial port. (Thread[SerialHelloWorld,1,main])
11125 ms. Memory: 427008K Free: 290814K (68%)
Known Failure: java.lang.reflect.InvocationTargetException
No auto/linux-amd64/*.xml tests in /home/travis/build/icyphy/ptII/ptolemy/actor/lib/jjs/modules/serial/test
AutoTests.java: About to close Vertx.
AutoTests.java: Vertx closed.

===========================================================================================
----------------- testing Wed Nov 13 05:57:01 UTC 2019 /home/travis/build/icyphy/ptII/ptolemy/actor/lib/jjs/modules/serial/test/auto/SerialLoopbackIntToString.xml
----------------- Wed Nov 13 05:57:01 UTC 2019 About to sleep for 5.0 seconds before running or rerunning.  Test is: /home/travis/build/icyphy/ptII/ptolemy/actor/lib/jjs/modules/serial/test/auto/SerialLoopbackIntToString.xml
Done sleeping
----------------- Instantiating /home/travis/build/icyphy/ptII/ptolemy/actor/lib/jjs/modules/serial/test/auto/SerialLoopbackIntToString.xml
JSAccessor: PT_NO_NET environment variable is set, so git pull and ptdoc are not being run.
preinitialize() finished: 21843 ms. Memory: 772096K Free: 220667K (29%)
Manager.initialize() finished: 38086 ms. Memory: 872448K Free: 595966K (68%)
SerialPort: Closing serial port. (Thread[SerialLoopbackIntToString,1,main])
43784 ms. Memory: 872448K Free: 467456K (54%)
----------------- Invoking toplevel() on ptolemy.moml.MoMLSimpleApplication@1195b3e5
----------------- Done invoking toplevel() on ptolemy.moml.MoMLSimpleApplication@1195b3e5
reloadAllAccessors: .SerialLoopbackIntToString
This is the first time that the reloadAllAccessors method has been invoked in this JVM, so the the accessors repo will be checked out or updated and JSDoc invoked. Note that running the tests may end up invoking a new JVM for each directory, so the repo may be checked out or updated and JSDoc invoked more than once when the tests are run.
SerialPort: Serial port reader thread exiting. (Thread[Thread-9,1,main])
SerialPort: Serial port writer thread exiting. (Thread[Thread-10,1,main])
-------------- Reloaded accessors, but skipping rerun for now. Wed Nov 13 05:58:25 UTC 2019 /home/travis/build/icyphy/ptII/ptolemy/actor/lib/jjs/modules/serial/test/auto/SerialLoopbackIntToString.xml

===========================================================================================
----------------- testing Wed Nov 13 05:58:25 UTC 2019 /home/travis/build/icyphy/ptII/ptolemy/actor/lib/jjs/modules/serial/test/auto/SerialLoopbackInvalid.xml
----------------- Wed Nov 13 05:58:25 UTC 2019 About to sleep for 5.0 seconds before running or rerunning.  Test is: /home/travis/build/icyphy/ptII/ptolemy/actor/lib/jjs/modules/serial/test/auto/SerialLoopbackInvalid.xml
Done sleeping
----------------- Instantiating /home/travis/build/icyphy/ptII/ptolemy/actor/lib/jjs/modules/serial/test/auto/SerialLoopbackInvalid.xml
preinitialize() finished: 19639 ms. Memory: 872448K Free: 560126K (64%)
Manager.initialize() finished: 31909 ms. Memory: 968704K Free: 741226K (77%)
SerialPort: SerialPort: invalid data: a, error: SyntaxError: Invalid JSON: <json>:1:0 Expected json literal but found a
a
^ (Thread[Thread-14,1,main])
SerialPort: SerialPort: invalid data: ab, error: SyntaxError: Invalid JSON: <json>:1:0 Expected json literal but found a
ab
^ (Thread[Thread-14,1,main])
SerialPort: SerialPort: invalid data: abb, error: SyntaxError: Invalid JSON: <json>:1:0 Expected json literal but found a
abb
^ (Thread[Thread-14,1,main])
SerialPort: SerialPort: invalid data: abbb, error: SyntaxError: Invalid JSON: <json>:1:0 Expected json literal but found a
abbb
^ (Thread[Thread-14,1,main])
SerialPort: SerialPort: invalid data: abbbb, error: SyntaxError: Invalid JSON: <json>:1:0 Expected json literal but found a
abbbb
^ (Thread[Thread-14,1,main])
SerialPort: SerialPort: invalid data: abbbbb, error: SyntaxError: Invalid JSON: <json>:1:0 Expected json literal but found a
abbbbb
^ (Thread[Thread-14,1,main])
SerialPort: SerialPort: invalid data: abbbbbb, error: SyntaxError: Invalid JSON: <json>:1:0 Expected json literal but found a
abbbbbb
^ (Thread[Thread-14,1,main])
SerialPort: SerialPort: invalid data: abbbbbbb, error: SyntaxError: Invalid JSON: <json>:1:0 Expected json literal but found a
abbbbbbb
^ (Thread[Thread-14,1,main])
SerialPort: SerialPort: invalid data: abbbbbbbb, error: SyntaxError: Invalid JSON: <json>:1:0 Expected json literal but found a
abbbbbbbb
^ (Thread[Thread-14,1,main])
SerialPort: SerialPort: invalid data: abbbbbbbbb, error: SyntaxError: Invalid JSON: <json>:1:0 Expected json literal but found a
abbbbbbbbb
^ (Thread[Thread-14,1,main])
SerialPort: SerialPort: invalid data: abbbbbbbbbb, error: SyntaxError: Invalid JSON: <json>:1:0 Expected json literal but found a
abbbbbbbbbb
^ (Thread[Thread-14,1,main])
SerialPort: SerialPort: invalid data: abbbbbbbbbbb, error: SyntaxError: Invalid JSON: <json>:1:0 Expected json literal but found a
abbbbbbbbbbb
^ (Thread[Thread-14,1,main])
SerialPort: SerialPort: invalid data: abbbbbbbbbbbb, error: SyntaxError: Invalid JSON: <json>:1:0 Expected json literal but found a
abbbbbbbbbbbb
^ (Thread[Thread-14,1,main])
SerialPort: SerialPort: invalid data: abbbbbbbbbbbbb, error: SyntaxError: Invalid JSON: <json>:1:0 Expected json literal but found a
abbbbbbbbbbbbb
^ (Thread[Thread-14,1,main])
SerialPort: SerialPort: invalid data: abbbbbbbbbbbbbb, error: SyntaxError: Invalid JSON: <json>:1:0 Expected json literal but found a
abbbbbbbbbbbbbb
^ (Thread[Thread-14,1,main])
SerialPort: SerialPort: invalid data: abbbbbbbbbbbbbbb, error: SyntaxError: Invalid JSON: <json>:1:0 Expected json literal but found a
abbbbbbbbbbbbbbb
^ (Thread[Thread-14,1,main])
SerialPort: SerialPort: invalid data: abbbbbbbbbbbbbbbb, error: SyntaxError: Invalid JSON: <json>:1:0 Expected json literal but found a
abbbbbbbbbbbbbbbb
^ (Thread[Thread-14,1,main])
SerialPort: SerialPort: invalid data: abbbbbbbbbbbbbbbbb, error: SyntaxError: Invalid JSON: <json>:1:0 Expected json literal but found a
abbbbbbbbbbbbbbbbb
^ (Thread[Thread-14,1,main])
SerialPort: SerialPort: invalid data: abbbbbbbbbbbbbbbbbb, error: SyntaxError: Invalid JSON: <json>:1:0 Expected json literal but found a
abbbbbbbbbbbbbbbbbb
^ (Thread[Thread-14,1,main])
SerialPort: SerialPort: invalid data: abbbbbbbbbbbbbbbbbbb, error: SyntaxError: Invalid JSON: <json>:1:0 Expected json literal but found a
abbbbbbbbbbbbbbbbbbb
^ (Thread[Thread-14,1,main])
SerialPort: SerialPort: invalid data: abbbbbbbbbbbbbbbbbbbb, error: SyntaxError: Invalid JSON: <json>:1:0 Expected json literal but found a
abbbbbbbbbbbbbbbbbbbb
^ (Thread[Thread-14,1,main])
SerialPort: SerialPort: invalid data: abbbbbbbbbbbbbbbbbbbbb, error: SyntaxError: Invalid JSON: <json>:1:0 Expected json literal but found a
abbbbbbbbbbbbbbbbbbbbb
^ (Thread[Thread-14,1,main])
SerialPort: SerialPort: invalid data: abbbbbbbbbbbbbbbbbbbbbb, error: SyntaxError: Invalid JSON: <json>:1:0 Expected json literal but found a
abbbbbbbbbbbbbbbbbbbbbb
^ (Thread[Thread-14,1,main])
SerialPort: SerialPort: invalid data: abbbbbbbbbbbbbbbbbbbbbbb, error: SyntaxError: Invalid JSON: <json>:1:0 Expected json literal but found a
abbbbbbbbbbbbbbbbbbbbbbb
^ (Thread[Thread-14,1,main])
SerialPort: SerialPort: invalid data: abbbbbbbbbbbbbbbbbbbbbbbb, error: SyntaxError: Invalid JSON: <json>:1:0 Expected json literal but found a
abbbbbbbbbbbbbbbbbbbbbbbb
^ (Thread[Thread-14,1,main])
SerialPort: SerialPort: invalid data: abbbbbbbbbbbbbbbbbbbbbbbbb, error: SyntaxError: Invalid JSON: <json>:1:0 Expected json literal but found a
abbbbbbbbbbbbbbbbbbbbbbbbb
^ (Thread[Thread-14,1,main])
SerialPort: SerialPort: invalid data: abbbbbbbbbbbbbbbbbbbbbbbbbb, error: SyntaxError: Invalid JSON: <json>:1:0 Expected json literal but found a
abbbbbbbbbbbbbbbbbbbbbbbbbb
^ (Thread[Thread-14,1,main])
SerialPort: SerialPort: invalid data: abbbbbbbbbbbbbbbbbbbbbbbbbbb, error: SyntaxError: Invalid JSON: <json>:1:0 Expected json literal but found a
abbbbbbbbbbbbbbbbbbbbbbbbbbb
^ (Thread[Thread-14,1,main])
SerialPort: SerialPort: invalid data: abbbbbbbbbbbbbbbbbbbbbbbbbbbb, error: SyntaxError: Invalid JSON: <json>:1:0 Expected json literal but found a
abbbbbbbbbbbbbbbbbbbbbbbbbbbb
^ (Thread[Thread-14,1,main])
SerialPort: SerialPort: invalid data: abbbbbbbbbbbbbbbbbbbbbbbbbbbbb, error: SyntaxError: Invalid JSON: <json>:1:0 Expected json literal but found a
abbbbbbbbbbbbbbbbbbbbbbbbbbbbb
^ (Thread[Thread-14,1,main])
SerialPort: SerialPort: invalid data: abbbbbbbbbbbbbbbbbbbbbbbbbbbbbb, error: SyntaxError: Invalid JSON: <json>:1:0 Expected json literal but found a
abbbbbbbbbbbbbbbbbbbbbbbbbbbbbb
^ (Thread[Thread-14,1,main])
SerialPort: SerialPort: invalid data: abbbbbbbbbbbbbbbbbbbbbbbbbbbbbbb, error: SyntaxError: Invalid JSON: <json>:1:0 Expected json literal but found a
abbbbbbbbbbbbbbbbbbbbbbbbbbbbbbb
^ (Thread[Thread-14,1,main])
SerialPort: SerialPort: invalid data: abbbbbbbbbbbbbbbbbbbbbbbbbbbbbbbb, error: SyntaxError: Invalid JSON: <json>:1:0 Expected json literal but found a
abbbbbbbbbbbbbbbbbbbbbbbbbbbbbbbb
^ (Thread[Thread-14,1,main])
SerialPort: SerialPort: invalid data: abbbbbbbbbbbbbbbbbbbbbbbbbbbbbbbbb, error: SyntaxError: Invalid JSON: <json>:1:0 Expected json literal but found a
abbbbbbbbbbbbbbbbbbbbbbbbbbbbbbbbb
^ (Thread[Thread-14,1,main])
SerialPort: SerialPort: invalid data: abbbbbbbbbbbbbbbbbbbbbbbbbbbbbbbbbb, error: SyntaxError: Invalid JSON: <json>:1:0 Expected json literal but found a
abbbbbbbbbbbbbbbbbbbbbbbbbbbbbbbbbb
^ (Thread[Thread-14,1,main])
SerialPort: SerialPort: invalid data: abbbbbbbbbbbbbbbbbbbbbbbbbbbbbbbbbbb, error: SyntaxError: Invalid JSON: <json>:1:0 Expected json literal but found a
abbbbbbbbbbbbbbbbbbbbbbbbbbbbbbbbbbb
^ (Thread[Thread-14,1,main])
SerialPort: Closing serial port. (Thread[SerialLoopbackInvalid,1,main])
SerialPort: Serial port reader thread exiting. (Thread[Thread-14,1,main])
36543 ms. Memory: 968704K Free: 609130K (63%)
----------------- Invoking toplevel() on ptolemy.moml.MoMLSimpleApplication@21512feb
----------------- Done invoking toplevel() on ptolemy.moml.MoMLSimpleApplication@21512feb
reloadAllAccessors: .SerialLoopbackInvalid
SerialPort: Serial port writer thread exiting. (Thread[Thread-15,1,main])
-------------- Reloaded accessors, but skipping rerun for now. Wed Nov 13 05:59:33 UTC 2019 /home/travis/build/icyphy/ptII/ptolemy/actor/lib/jjs/modules/serial/test/auto/SerialLoopbackInvalid.xml

===========================================================================================
----------------- testing Wed Nov 13 05:59:33 UTC 2019 /home/travis/build/icyphy/ptII/ptolemy/actor/lib/jjs/modules/serial/test/auto/SerialLoopbackJSON.xml
----------------- Wed Nov 13 05:59:33 UTC 2019 About to sleep for 5.0 seconds before running or rerunning.  Test is: /home/travis/build/icyphy/ptII/ptolemy/actor/lib/jjs/modules/serial/test/auto/SerialLoopbackJSON.xml
Done sleeping
----------------- Instantiating /home/travis/build/icyphy/ptII/ptolemy/actor/lib/jjs/modules/serial/test/auto/SerialLoopbackJSON.xml
preinitialize() finished: 19383 ms. Memory: 1061888K Free: 381952K (36%)
Manager.initialize() finished: 34116 ms. Memory: 1061888K Free: 679424K (64%)
SerialPort: Closing serial port. (Thread[SerialLoopbackJSON,1,main])
JavaScriptJSON: JavaScriptTrueToken.wrapup() (Thread[SerialLoopbackJSON,1,main])
39761 ms. Memory: 1061888K Free: 758509K (71%)
----------------- Invoking toplevel() on ptolemy.moml.MoMLSimpleApplication@7a034bee
----------------- Done invoking toplevel() on ptolemy.moml.MoMLSimpleApplication@7a034bee
reloadAllAccessors: .SerialLoopbackJSON
SerialPort: Serial port reader thread exiting. (Thread[Thread-19,1,main])
SerialPort: Serial port writer thread exiting. (Thread[Thread-20,1,main])
-------------- Reloaded accessors, but skipping rerun for now. Wed Nov 13 06:00:41 UTC 2019 /home/travis/build/icyphy/ptII/ptolemy/actor/lib/jjs/modules/serial/test/auto/SerialLoopbackJSON.xml

===========================================================================================
----------------- testing Wed Nov 13 06:00:41 UTC 2019 /home/travis/build/icyphy/ptII/ptolemy/actor/lib/jjs/modules/serial/test/auto/SerialLoopbackNumber.xml
----------------- Wed Nov 13 06:00:41 UTC 2019 About to sleep for 5.0 seconds before running or rerunning.  Test is: /home/travis/build/icyphy/ptII/ptolemy/actor/lib/jjs/modules/serial/test/auto/SerialLoopbackNumber.xml
Done sleeping
----------------- Instantiating /home/travis/build/icyphy/ptII/ptolemy/actor/lib/jjs/modules/serial/test/auto/SerialLoopbackNumber.xml
preinitialize() finished: 17816 ms. Memory: 1061888K Free: 498174K (47%)
Manager.initialize() finished: 31372 ms. Memory: 1061888K Free: 460286K (43%)
SerialPort: Closing serial port. (Thread[SerialLoopbackNumber,1,main])
37073 ms. Memory: 1061888K Free: 338430K (32%)
----------------- Invoking toplevel() on ptolemy.moml.MoMLSimpleApplication@5fbf7213
----------------- Done invoking toplevel() on ptolemy.moml.MoMLSimpleApplication@5fbf7213
reloadAllAccessors: .SerialLoopbackNumber
SerialPort: Serial port reader thread exiting. (Thread[Thread-24,1,main])
SerialPort: Serial port writer thread exiting. (Thread[Thread-25,1,main])
-------------- Reloaded accessors, but skipping rerun for now. Wed Nov 13 06:01:50 UTC 2019 /home/travis/build/icyphy/ptII/ptolemy/actor/lib/jjs/modules/serial/test/auto/SerialLoopbackNumber.xml

===========================================================================================
----------------- testing Wed Nov 13 06:01:50 UTC 2019 /home/travis/build/icyphy/ptII/ptolemy/actor/lib/jjs/modules/serial/test/auto/SerialLoopbackShort.xml
----------------- Wed Nov 13 06:01:50 UTC 2019 About to sleep for 5.0 seconds before running or rerunning.  Test is: /home/travis/build/icyphy/ptII/ptolemy/actor/lib/jjs/modules/serial/test/auto/SerialLoopbackShort.xml
Done sleeping
----------------- Instantiating /home/travis/build/icyphy/ptII/ptolemy/actor/lib/jjs/modules/serial/test/auto/SerialLoopbackShort.xml
preinitialize() finished: 17926 ms. Memory: 1150976K Free: 560638K (49%)
Manager.initialize() finished: 30273 ms. Memory: 1248256K Free: 811006K (65%)
SerialPort: Closing serial port. (Thread[SerialLoopbackShort,1,main])
35903 ms. Memory: 1248256K Free: 690688K (55%)
----------------- Invoking toplevel() on ptolemy.moml.MoMLSimpleApplication@b54cb1f
----------------- Done invoking toplevel() on ptolemy.moml.MoMLSimpleApplication@b54cb1f
reloadAllAccessors: .SerialLoopbackShort
SerialPort: Serial port reader thread exiting. (Thread[Thread-29,1,main])
SerialPort: Serial port writer thread exiting. (Thread[Thread-30,1,main])
-------------- Reloaded accessors, but skipping rerun for now. Wed Nov 13 06:03:01 UTC 2019 /home/travis/build/icyphy/ptII/ptolemy/actor/lib/jjs/modules/serial/test/auto/SerialLoopbackShort.xml

===========================================================================================
----------------- testing Wed Nov 13 06:03:01 UTC 2019 /home/travis/build/icyphy/ptII/ptolemy/actor/lib/jjs/modules/serial/test/auto/SerialLoopbackString.xml
----------------- Wed Nov 13 06:03:01 UTC 2019 About to sleep for 5.0 seconds before running or rerunning.  Test is: /home/travis/build/icyphy/ptII/ptolemy/actor/lib/jjs/modules/serial/test/auto/SerialLoopbackString.xml
Done sleeping
----------------- Instantiating /home/travis/build/icyphy/ptII/ptolemy/actor/lib/jjs/modules/serial/test/auto/SerialLoopbackString.xml
preinitialize() finished: 20502 ms. Memory: 1248256K Free: 371710K (30%)
Manager.initialize() finished: 36461 ms. Memory: 1248256K Free: 217088K (17%)
SerialPort: Closing serial port. (Thread[SerialLoopbackString,1,main])
42138 ms. Memory: 1248256K Free: 370686K (30%)
----------------- Invoking toplevel() on ptolemy.moml.MoMLSimpleApplication@164bc645
----------------- Done invoking toplevel() on ptolemy.moml.MoMLSimpleApplication@164bc645
reloadAllAccessors: .SerialLoopbackString
SerialPort: Serial port reader thread exiting. (Thread[Thread-34,1,main])
SerialPort: Serial port writer thread exiting. (Thread[Thread-35,1,main])
-------------- Reloaded accessors, but skipping rerun for now. Wed Nov 13 06:04:18 UTC 2019 /home/travis/build/icyphy/ptII/ptolemy/actor/lib/jjs/modules/serial/test/auto/SerialLoopbackString.xml

===========================================================================================
----------------- testing Wed Nov 13 06:04:18 UTC 2019 /home/travis/build/icyphy/ptII/ptolemy/actor/lib/jjs/modules/serial/test/auto/SerialLoopbackUnsignedByte.xml
----------------- Wed Nov 13 06:04:18 UTC 2019 About to sleep for 5.0 seconds before running or rerunning.  Test is: /home/travis/build/icyphy/ptII/ptolemy/actor/lib/jjs/modules/serial/test/auto/SerialLoopbackUnsignedByte.xml
Done sleeping
----------------- Instantiating /home/travis/build/icyphy/ptII/ptolemy/actor/lib/jjs/modules/serial/test/auto/SerialLoopbackUnsignedByte.xml
preinitialize() finished: 24115 ms. Memory: 1643520K Free: 947328K (58%)
Manager.initialize() finished: 37327 ms. Memory: 1643520K Free: 751102K (46%)
SerialPort: Closing serial port. (Thread[SerialLoopbackUnsignedByte,1,main])
38531 ms. Memory: 1643520K Free: 650750K (40%)
AutoTests.java: About to close Vertx.
AutoTests.java: Vertx closed.
]]></system-out>
  <system-err><![CDATA[Warning: Nashorn engine is planned to be removed from a future JDK release
Warning: Nashorn engine is planned to be removed from a future JDK release
Warning: Nashorn engine is planned to be removed from a future JDK release
Warning: Nashorn engine is planned to be removed from a future JDK release
Warning: Nashorn engine is planned to be removed from a future JDK release
Warning: Nashorn engine is planned to be removed from a future JDK release
Warning: Nashorn engine is planned to be removed from a future JDK release
Warning: Nashorn engine is planned to be removed from a future JDK release
Warning: Nashorn engine is planned to be removed from a future JDK release
Warning: Nashorn engine is planned to be removed from a future JDK release
Warning: Nashorn engine is planned to be removed from a future JDK release
Warning: Nashorn engine is planned to be removed from a future JDK release
Warning: Nashorn engine is planned to be removed from a future JDK release
Warning: Nashorn engine is planned to be removed from a future JDK release
java.lang.RuntimeException: Execution failed
	at ptolemy.moml.MoMLSimpleApplication$UnloadThread.run(MoMLSimpleApplication.java:402)
Caused by: ptolemy.kernel.util.IllegalActionException: Failure executing the initialize function: ptolemy.kernel.util.IllegalActionException: No such port: /dev/tty.NOT_A_PORT
  in .SerialHelloWorld.JavaScript
Because:
gnu.io.NoSuchPortException
  in .SerialHelloWorld.JavaScript
Because:
ptolemy.kernel.util.IllegalActionException: No such port: /dev/tty.NOT_A_PORT
  in .SerialHelloWorld.JavaScript
Because:
gnu.io.NoSuchPortException
	at ptolemy.actor.lib.jjs.JavaScript._invokeMethodInContext(JavaScript.java:2315)
	at ptolemy.actor.lib.jjs.JavaScript.initialize(JavaScript.java:1479)
	at ptolemy.actor.Director.initialize(Director.java:938)
	at ptolemy.actor.Director.initialize(Director.java:907)
	at ptolemy.domains.de.kernel.DEDirector.initialize(DEDirector.java:944)
	at ptolemy.actor.CompositeActor.initialize(CompositeActor.java:935)
	at ptolemy.actor.Manager.initialize(Manager.java:724)
	at ptolemy.actor.Manager.execute(Manager.java:356)
	at ptolemy.actor.Manager.run(Manager.java:1263)
	at ptolemy.actor.Manager$PtolemyRunThread.run(Manager.java:1933)
Caused by: java.lang.RuntimeException: ptolemy.kernel.util.IllegalActionException: No such port: /dev/tty.NOT_A_PORT
  in .SerialHelloWorld.JavaScript
Because:
gnu.io.NoSuchPortException
	at jdk.scripting.nashorn/jdk.nashorn.internal.runtime.ScriptRuntime.apply(ScriptRuntime.java:531)
	at jdk.scripting.nashorn/jdk.nashorn.api.scripting.ScriptObjectMirror.callMember(ScriptObjectMirror.java:202)
	at jdk.scripting.nashorn/jdk.nashorn.api.scripting.NashornScriptEngine.invokeImpl(NashornScriptEngine.java:393)
	at jdk.scripting.nashorn/jdk.nashorn.api.scripting.NashornScriptEngine.invokeMethod(NashornScriptEngine.java:206)
	at ptolemy.actor.lib.jjs.JavaScript._invokeMethodInContext(JavaScript.java:2281)
	... 9 more
Caused by: ptolemy.kernel.util.IllegalActionException: No such port: /dev/tty.NOT_A_PORT
  in .SerialHelloWorld.JavaScript
Because:
gnu.io.NoSuchPortException
	at ptolemy.actor.lib.jjs.modules.serial.SerialHelper.open(SerialHelper.java:317)
	at jdk.scripting.nashorn.scripts/jdk.nashorn.internal.scripts.Script$Recompilation$2254$4276$require.L:1#open(/home/travis/build/icyphy/ptII/ptolemy/actor/lib/jjs/external/require.js#409:30<eval>:115)
	at jdk.scripting.nashorn.scripts/jdk.nashorn.internal.scripts.Script$Recompilation$2248$644$\^function\_$cu1$restOf.L:1#initialize(<function>:37)
	at jdk.scripting.nashorn.scripts/jdk.nashorn.internal.scripts.Script$Recompilation$2236$28769$require.L:1#Accessor#initialize(/home/travis/build/icyphy/ptII/ptolemy/actor/lib/jjs/external/require.js#409:30<eval>:631)
	at jdk.scripting.nashorn/jdk.nashorn.internal.runtime.ScriptFunctionData.invoke(ScriptFunctionData.java:655)
	at jdk.scripting.nashorn/jdk.nashorn.internal.runtime.ScriptFunction.invoke(ScriptFunction.java:513)
	at jdk.scripting.nashorn/jdk.nashorn.internal.runtime.ScriptRuntime.apply(ScriptRuntime.java:527)
	... 13 more
Caused by: gnu.io.NoSuchPortException
	at gnu.io.CommPortIdentifier.getPortIdentifier(CommPortIdentifier.java:273)
	at ptolemy.actor.lib.jjs.modules.serial.SerialHelper.open(SerialHelper.java:224)
	... 19 more
java.lang.reflect.InvocationTargetException
	at java.base/jdk.internal.reflect.NativeConstructorAccessorImpl.newInstance0(Native Method)
	at java.base/jdk.internal.reflect.NativeConstructorAccessorImpl.newInstance(NativeConstructorAccessorImpl.java:62)
	at java.base/jdk.internal.reflect.DelegatingConstructorAccessorImpl.newInstance(DelegatingConstructorAccessorImpl.java:45)
	at java.base/java.lang.reflect.Constructor.newInstance(Constructor.java:490)
	at ptolemy.util.test.junit.AutoKnownFailedTests.RunModel(AutoKnownFailedTests.java:105)
	at java.base/jdk.internal.reflect.NativeMethodAccessorImpl.invoke0(Native Method)
	at java.base/jdk.internal.reflect.NativeMethodAccessorImpl.invoke(NativeMethodAccessorImpl.java:62)
	at java.base/jdk.internal.reflect.DelegatingMethodAccessorImpl.invoke(DelegatingMethodAccessorImpl.java:43)
	at java.base/java.lang.reflect.Method.invoke(Method.java:566)
	at org.junit.runners.model.FrameworkMethod$1.runReflectiveCall(FrameworkMethod.java:44)
	at org.junit.internal.runners.model.ReflectiveCallable.run(ReflectiveCallable.java:15)
	at org.junit.runners.model.FrameworkMethod.invokeExplosively(FrameworkMethod.java:41)
	at junitparams.internal.InvokeParameterisedMethod.evaluate(InvokeParameterisedMethod.java:102)
	at org.junit.internal.runners.statements.FailOnTimeout$1.run(FailOnTimeout.java:28)
Caused by: ptolemy.kernel.util.IllegalActionException: Failure executing the initialize function: ptolemy.kernel.util.IllegalActionException: No such port: /dev/tty.NOT_A_PORT
  in .SerialHelloWorld.JavaScript
Because:
gnu.io.NoSuchPortException
  in .SerialHelloWorld.JavaScript
Because:
ptolemy.kernel.util.IllegalActionException: No such port: /dev/tty.NOT_A_PORT
  in .SerialHelloWorld.JavaScript
Because:
gnu.io.NoSuchPortException
	at ptolemy.actor.lib.jjs.JavaScript._invokeMethodInContext(JavaScript.java:2315)
	at ptolemy.actor.lib.jjs.JavaScript.initialize(JavaScript.java:1479)
	at ptolemy.actor.Director.initialize(Director.java:938)
	at ptolemy.actor.Director.initialize(Director.java:907)
	at ptolemy.domains.de.kernel.DEDirector.initialize(DEDirector.java:944)
	at ptolemy.actor.CompositeActor.initialize(CompositeActor.java:935)
	at ptolemy.actor.Manager.initialize(Manager.java:724)
	at ptolemy.actor.Manager.execute(Manager.java:356)
	at ptolemy.actor.Manager.run(Manager.java:1263)
	at ptolemy.actor.Manager$PtolemyRunThread.run(Manager.java:1933)
Caused by: java.lang.RuntimeException: ptolemy.kernel.util.IllegalActionException: No such port: /dev/tty.NOT_A_PORT
  in .SerialHelloWorld.JavaScript
Because:
gnu.io.NoSuchPortException
	at jdk.scripting.nashorn/jdk.nashorn.internal.runtime.ScriptRuntime.apply(ScriptRuntime.java:531)
	at jdk.scripting.nashorn/jdk.nashorn.api.scripting.ScriptObjectMirror.callMember(ScriptObjectMirror.java:202)
	at jdk.scripting.nashorn/jdk.nashorn.api.scripting.NashornScriptEngine.invokeImpl(NashornScriptEngine.java:393)
	at jdk.scripting.nashorn/jdk.nashorn.api.scripting.NashornScriptEngine.invokeMethod(NashornScriptEngine.java:206)
	at ptolemy.actor.lib.jjs.JavaScript._invokeMethodInContext(JavaScript.java:2281)
	... 9 more
Caused by: ptolemy.kernel.util.IllegalActionException: No such port: /dev/tty.NOT_A_PORT
  in .SerialHelloWorld.JavaScript
Because:
gnu.io.NoSuchPortException
	at ptolemy.actor.lib.jjs.modules.serial.SerialHelper.open(SerialHelper.java:317)
	at jdk.scripting.nashorn.scripts/jdk.nashorn.internal.scripts.Script$Recompilation$2254$4276$require.L:1#open(/home/travis/build/icyphy/ptII/ptolemy/actor/lib/jjs/external/require.js#409:30<eval>:115)
	at jdk.scripting.nashorn.scripts/jdk.nashorn.internal.scripts.Script$Recompilation$2248$644$\^function\_$cu1$restOf.L:1#initialize(<function>:37)
	at jdk.scripting.nashorn.scripts/jdk.nashorn.internal.scripts.Script$Recompilation$2236$28769$require.L:1#Accessor#initialize(/home/travis/build/icyphy/ptII/ptolemy/actor/lib/jjs/external/require.js#409:30<eval>:631)
	at jdk.scripting.nashorn/jdk.nashorn.internal.runtime.ScriptFunctionData.invoke(ScriptFunctionData.java:655)
	at jdk.scripting.nashorn/jdk.nashorn.internal.runtime.ScriptFunction.invoke(ScriptFunction.java:513)
	at jdk.scripting.nashorn/jdk.nashorn.internal.runtime.ScriptRuntime.apply(ScriptRuntime.java:527)
	... 13 more
Caused by: gnu.io.NoSuchPortException
	at gnu.io.CommPortIdentifier.getPortIdentifier(CommPortIdentifier.java:273)
	at ptolemy.actor.lib.jjs.modules.serial.SerialHelper.open(SerialHelper.java:224)
	... 19 more
Warning: Nashorn engine is planned to be removed from a future JDK release
Warning: Nashorn engine is planned to be removed from a future JDK release
Warning: Nashorn engine is planned to be removed from a future JDK release
Warning: Nashorn engine is planned to be removed from a future JDK release
Warning: Nashorn engine is planned to be removed from a future JDK release
Warning: Nashorn engine is planned to be removed from a future JDK release
Warning: Nashorn engine is planned to be removed from a future JDK release
Warning: Nashorn engine is planned to be removed from a future JDK release
Warning: Nashorn engine is planned to be removed from a future JDK release
Warning: Nashorn engine is planned to be removed from a future JDK release
Warning: Nashorn engine is planned to be removed from a future JDK release
Warning: Nashorn engine is planned to be removed from a future JDK release
Warning: Nashorn engine is planned to be removed from a future JDK release
Warning: Nashorn engine is planned to be removed from a future JDK release
Warning: Nashorn engine is planned to be removed from a future JDK release
Warning: Nashorn engine is planned to be removed from a future JDK release
Warning: Nashorn engine is planned to be removed from a future JDK release
Warning: Nashorn engine is planned to be removed from a future JDK release
Warning: Nashorn engine is planned to be removed from a future JDK release
Warning: Nashorn engine is planned to be removed from a future JDK release
Warning: Nashorn engine is planned to be removed from a future JDK release
Warning: Nashorn engine is planned to be removed from a future JDK release
Warning: Nashorn engine is planned to be removed from a future JDK release
Warning: Nashorn engine is planned to be removed from a future JDK release
Warning: Nashorn engine is planned to be removed from a future JDK release
Warning: Nashorn engine is planned to be removed from a future JDK release
Warning: Nashorn engine is planned to be removed from a future JDK release
Warning: Nashorn engine is planned to be removed from a future JDK release
Warning: Nashorn engine is planned to be removed from a future JDK release
Warning: Nashorn engine is planned to be removed from a future JDK release
Warning: Nashorn engine is planned to be removed from a future JDK release
Warning: Nashorn engine is planned to be removed from a future JDK release
Warning: Nashorn engine is planned to be removed from a future JDK release
Warning: Nashorn engine is planned to be removed from a future JDK release
Warning: Nashorn engine is planned to be removed from a future JDK release
Warning: Nashorn engine is planned to be removed from a future JDK release
Warning: Nashorn engine is planned to be removed from a future JDK release
Warning: Nashorn engine is planned to be removed from a future JDK release
Warning: Nashorn engine is planned to be removed from a future JDK release
Warning: Nashorn engine is planned to be removed from a future JDK release
Warning: Nashorn engine is planned to be removed from a future JDK release
Warning: Nashorn engine is planned to be removed from a future JDK release
Warning: Nashorn engine is planned to be removed from a future JDK release
Warning: Nashorn engine is planned to be removed from a future JDK release
Warning: Nashorn engine is planned to be removed from a future JDK release
Warning: Nashorn engine is planned to be removed from a future JDK release
Warning: Nashorn engine is planned to be removed from a future JDK release
Warning: Nashorn engine is planned to be removed from a future JDK release
Warning: Nashorn engine is planned to be removed from a future JDK release
Warning: Nashorn engine is planned to be removed from a future JDK release
Warning: Nashorn engine is planned to be removed from a future JDK release
Warning: Nashorn engine is planned to be removed from a future JDK release
Warning: Nashorn engine is planned to be removed from a future JDK release
Warning: Nashorn engine is planned to be removed from a future JDK release
Warning: Nashorn engine is planned to be removed from a future JDK release
Warning: Nashorn engine is planned to be removed from a future JDK release
Warning: Nashorn engine is planned to be removed from a future JDK release
Warning: Nashorn engine is planned to be removed from a future JDK release
Warning: Nashorn engine is planned to be removed from a future JDK release
Warning: Nashorn engine is planned to be removed from a future JDK release
Warning: Nashorn engine is planned to be removed from a future JDK release
Warning: Nashorn engine is planned to be removed from a future JDK release
Warning: Nashorn engine is planned to be removed from a future JDK release
Warning: Nashorn engine is planned to be removed from a future JDK release
WARNING: TestSpontaneous: Model stopped before executing actions (e.g. producing outputs) scheduled for execution at times [5.6000000000000005]
Warning: Nashorn engine is planned to be removed from a future JDK release
Warning: Nashorn engine is planned to be removed from a future JDK release
Warning: Nashorn engine is planned to be removed from a future JDK release
Warning: Nashorn engine is planned to be removed from a future JDK release
Warning: Nashorn engine is planned to be removed from a future JDK release
Warning: Nashorn engine is planned to be removed from a future JDK release
Warning: Nashorn engine is planned to be removed from a future JDK release
Warning: Nashorn engine is planned to be removed from a future JDK release
Warning: Nashorn engine is planned to be removed from a future JDK release
Warning: Nashorn engine is planned to be removed from a future JDK release
Warning: Nashorn engine is planned to be removed from a future JDK release
Warning: Nashorn engine is planned to be removed from a future JDK release
Warning: Nashorn engine is planned to be removed from a future JDK release
Warning: Nashorn engine is planned to be removed from a future JDK release
Warning: Nashorn engine is planned to be removed from a future JDK release
Warning: Nashorn engine is planned to be removed from a future JDK release
Warning: Nashorn engine is planned to be removed from a future JDK release
Warning: Nashorn engine is planned to be removed from a future JDK release
Warning: Nashorn engine is planned to be removed from a future JDK release
Warning: Nashorn engine is planned to be removed from a future JDK release
Warning: Nashorn engine is planned to be removed from a future JDK release
Warning: Nashorn engine is planned to be removed from a future JDK release
Warning: Nashorn engine is planned to be removed from a future JDK release
Warning: Nashorn engine is planned to be removed from a future JDK release
Warning: Nashorn engine is planned to be removed from a future JDK release
Warning: Nashorn engine is planned to be removed from a future JDK release
Warning: Nashorn engine is planned to be removed from a future JDK release
Warning: Nashorn engine is planned to be removed from a future JDK release
Warning: Nashorn engine is planned to be removed from a future JDK release
Warning: Nashorn engine is planned to be removed from a future JDK release
Warning: Nashorn engine is planned to be removed from a future JDK release
Warning: Nashorn engine is planned to be removed from a future JDK release
Warning: Nashorn engine is planned to be removed from a future JDK release
Warning: Nashorn engine is planned to be removed from a future JDK release
Warning: Nashorn engine is planned to be removed from a future JDK release
Warning: Nashorn engine is planned to be removed from a future JDK release
Warning: Nashorn engine is planned to be removed from a future JDK release
Warning: Nashorn engine is planned to be removed from a future JDK release
Warning: Nashorn engine is planned to be removed from a future JDK release
Warning: Nashorn engine is planned to be removed from a future JDK release
Warning: Nashorn engine is planned to be removed from a future JDK release
Warning: Nashorn engine is planned to be removed from a future JDK release
Warning: Nashorn engine is planned to be removed from a future JDK release
Warning: Nashorn engine is planned to be removed from a future JDK release
Warning: Nashorn engine is planned to be removed from a future JDK release
Warning: Nashorn engine is planned to be removed from a future JDK release
Warning: Nashorn engine is planned to be removed from a future JDK release
Warning: Nashorn engine is planned to be removed from a future JDK release
Warning: Nashorn engine is planned to be removed from a future JDK release
Warning: Nashorn engine is planned to be removed from a future JDK release
Warning: Nashorn engine is planned to be removed from a future JDK release
Warning: Nashorn engine is planned to be removed from a future JDK release
Warning: Nashorn engine is planned to be removed from a future JDK release
Warning: Nashorn engine is planned to be removed from a future JDK release
Warning: Nashorn engine is planned to be removed from a future JDK release
Warning: Nashorn engine is planned to be removed from a future JDK release
Warning: Nashorn engine is planned to be removed from a future JDK release
Warning: Nashorn engine is planned to be removed from a future JDK release
Warning: Nashorn engine is planned to be removed from a future JDK release
Warning: Nashorn engine is planned to be removed from a future JDK release
Warning: Nashorn engine is planned to be removed from a future JDK release
Warning: Nashorn engine is planned to be removed from a future JDK release
Warning: Nashorn engine is planned to be removed from a future JDK release
Warning: Nashorn engine is planned to be removed from a future JDK release
Warning: Nashorn engine is planned to be removed from a future JDK release
Warning: Nashorn engine is planned to be removed from a future JDK release
Warning: Nashorn engine is planned to be removed from a future JDK release
Warning: Nashorn engine is planned to be removed from a future JDK release
Warning: Nashorn engine is planned to be removed from a future JDK release
Warning: Nashorn engine is planned to be removed from a future JDK release
Warning: Nashorn engine is planned to be removed from a future JDK release
Warning: Nashorn engine is planned to be removed from a future JDK release
Warning: Nashorn engine is planned to be removed from a future JDK release
Warning: Nashorn engine is planned to be removed from a future JDK release
WARNING: TestSpontaneous: Model stopped before executing actions (e.g. producing outputs) scheduled for execution at times [4.6000000000000005]
Warning: Nashorn engine is planned to be removed from a future JDK release
Warning: Nashorn engine is planned to be removed from a future JDK release
Warning: Nashorn engine is planned to be removed from a future JDK release
Warning: Nashorn engine is planned to be removed from a future JDK release
Warning: Nashorn engine is planned to be removed from a future JDK release
Warning: Nashorn engine is planned to be removed from a future JDK release
Warning: Nashorn engine is planned to be removed from a future JDK release
Warning: Nashorn engine is planned to be removed from a future JDK release
Warning: Nashorn engine is planned to be removed from a future JDK release
Warning: Nashorn engine is planned to be removed from a future JDK release
Warning: Nashorn engine is planned to be removed from a future JDK release
Warning: Nashorn engine is planned to be removed from a future JDK release
Warning: Nashorn engine is planned to be removed from a future JDK release
Warning: Nashorn engine is planned to be removed from a future JDK release
Warning: Nashorn engine is planned to be removed from a future JDK release
Warning: Nashorn engine is planned to be removed from a future JDK release
Warning: Nashorn engine is planned to be removed from a future JDK release
Warning: Nashorn engine is planned to be removed from a future JDK release
Warning: Nashorn engine is planned to be removed from a future JDK release
Warning: Nashorn engine is planned to be removed from a future JDK release
Warning: Nashorn engine is planned to be removed from a future JDK release
Warning: Nashorn engine is planned to be removed from a future JDK release
Warning: Nashorn engine is planned to be removed from a future JDK release
Warning: Nashorn engine is planned to be removed from a future JDK release
Warning: Nashorn engine is planned to be removed from a future JDK release
Warning: Nashorn engine is planned to be removed from a future JDK release
Warning: Nashorn engine is planned to be removed from a future JDK release
Warning: Nashorn engine is planned to be removed from a future JDK release
Warning: Nashorn engine is planned to be removed from a future JDK release
Warning: Nashorn engine is planned to be removed from a future JDK release
Warning: Nashorn engine is planned to be removed from a future JDK release
Warning: Nashorn engine is planned to be removed from a future JDK release
Warning: Nashorn engine is planned to be removed from a future JDK release
Warning: Nashorn engine is planned to be removed from a future JDK release
Warning: Nashorn engine is planned to be removed from a future JDK release
Warning: Nashorn engine is planned to be removed from a future JDK release
Warning: Nashorn engine is planned to be removed from a future JDK release
Warning: Nashorn engine is planned to be removed from a future JDK release
Warning: Nashorn engine is planned to be removed from a future JDK release
Warning: Nashorn engine is planned to be removed from a future JDK release
Warning: Nashorn engine is planned to be removed from a future JDK release
Warning: Nashorn engine is planned to be removed from a future JDK release
Warning: Nashorn engine is planned to be removed from a future JDK release
Warning: Nashorn engine is planned to be removed from a future JDK release
Warning: Nashorn engine is planned to be removed from a future JDK release
Warning: Nashorn engine is planned to be removed from a future JDK release
Warning: Nashorn engine is planned to be removed from a future JDK release
Warning: Nashorn engine is planned to be removed from a future JDK release
Warning: Nashorn engine is planned to be removed from a future JDK release
Warning: Nashorn engine is planned to be removed from a future JDK release
Warning: Nashorn engine is planned to be removed from a future JDK release
Warning: Nashorn engine is planned to be removed from a future JDK release
Warning: Nashorn engine is planned to be removed from a future JDK release
Warning: Nashorn engine is planned to be removed from a future JDK release
Warning: Nashorn engine is planned to be removed from a future JDK release
Warning: Nashorn engine is planned to be removed from a future JDK release
Warning: Nashorn engine is planned to be removed from a future JDK release
Warning: Nashorn engine is planned to be removed from a future JDK release
Warning: Nashorn engine is planned to be removed from a future JDK release
Warning: Nashorn engine is planned to be removed from a future JDK release
Warning: Nashorn engine is planned to be removed from a future JDK release
Warning: Nashorn engine is planned to be removed from a future JDK release
Warning: Nashorn engine is planned to be removed from a future JDK release
Warning: Nashorn engine is planned to be removed from a future JDK release
Warning: Nashorn engine is planned to be removed from a future JDK release
Warning: Nashorn engine is planned to be removed from a future JDK release
Warning: Nashorn engine is planned to be removed from a future JDK release
Warning: Nashorn engine is planned to be removed from a future JDK release
Warning: Nashorn engine is planned to be removed from a future JDK release
Warning: Nashorn engine is planned to be removed from a future JDK release
Warning: Nashorn engine is planned to be removed from a future JDK release
Warning: Nashorn engine is planned to be removed from a future JDK release
Warning: Nashorn engine is planned to be removed from a future JDK release
Warning: Nashorn engine is planned to be removed from a future JDK release
WARNING: TestSpontaneous: Model stopped before executing actions (e.g. producing outputs) scheduled for execution at times [5.6000000000000005]
Warning: Nashorn engine is planned to be removed from a future JDK release
Warning: Nashorn engine is planned to be removed from a future JDK release
Warning: Nashorn engine is planned to be removed from a future JDK release
Warning: Nashorn engine is planned to be removed from a future JDK release
Warning: Nashorn engine is planned to be removed from a future JDK release
Warning: Nashorn engine is planned to be removed from a future JDK release
Warning: Nashorn engine is planned to be removed from a future JDK release
Warning: Nashorn engine is planned to be removed from a future JDK release
Warning: Nashorn engine is planned to be removed from a future JDK release
Warning: Nashorn engine is planned to be removed from a future JDK release
Warning: Nashorn engine is planned to be removed from a future JDK release
Warning: Nashorn engine is planned to be removed from a future JDK release
Warning: Nashorn engine is planned to be removed from a future JDK release
Warning: Nashorn engine is planned to be removed from a future JDK release
Warning: Nashorn engine is planned to be removed from a future JDK release
Warning: Nashorn engine is planned to be removed from a future JDK release
Warning: Nashorn engine is planned to be removed from a future JDK release
Warning: Nashorn engine is planned to be removed from a future JDK release
Warning: Nashorn engine is planned to be removed from a future JDK release
Warning: Nashorn engine is planned to be removed from a future JDK release
Warning: Nashorn engine is planned to be removed from a future JDK release
Warning: Nashorn engine is planned to be removed from a future JDK release
Warning: Nashorn engine is planned to be removed from a future JDK release
Warning: Nashorn engine is planned to be removed from a future JDK release
Warning: Nashorn engine is planned to be removed from a future JDK release
Warning: Nashorn engine is planned to be removed from a future JDK release
Warning: Nashorn engine is planned to be removed from a future JDK release
Warning: Nashorn engine is planned to be removed from a future JDK release
Warning: Nashorn engine is planned to be removed from a future JDK release
Warning: Nashorn engine is planned to be removed from a future JDK release
Warning: Nashorn engine is planned to be removed from a future JDK release
Warning: Nashorn engine is planned to be removed from a future JDK release
Warning: Nashorn engine is planned to be removed from a future JDK release
Warning: Nashorn engine is planned to be removed from a future JDK release
Warning: Nashorn engine is planned to be removed from a future JDK release
Warning: Nashorn engine is planned to be removed from a future JDK release
Warning: Nashorn engine is planned to be removed from a future JDK release
Warning: Nashorn engine is planned to be removed from a future JDK release
Warning: Nashorn engine is planned to be removed from a future JDK release
Warning: Nashorn engine is planned to be removed from a future JDK release
Warning: Nashorn engine is planned to be removed from a future JDK release
Warning: Nashorn engine is planned to be removed from a future JDK release
Warning: Nashorn engine is planned to be removed from a future JDK release
Warning: Nashorn engine is planned to be removed from a future JDK release
Warning: Nashorn engine is planned to be removed from a future JDK release
Warning: Nashorn engine is planned to be removed from a future JDK release
Warning: Nashorn engine is planned to be removed from a future JDK release
Warning: Nashorn engine is planned to be removed from a future JDK release
Warning: Nashorn engine is planned to be removed from a future JDK release
Warning: Nashorn engine is planned to be removed from a future JDK release
Warning: Nashorn engine is planned to be removed from a future JDK release
Warning: Nashorn engine is planned to be removed from a future JDK release
Warning: Nashorn engine is planned to be removed from a future JDK release
Warning: Nashorn engine is planned to be removed from a future JDK release
Warning: Nashorn engine is planned to be removed from a future JDK release
Warning: Nashorn engine is planned to be removed from a future JDK release
Warning: Nashorn engine is planned to be removed from a future JDK release
Warning: Nashorn engine is planned to be removed from a future JDK release
Warning: Nashorn engine is planned to be removed from a future JDK release
Warning: Nashorn engine is planned to be removed from a future JDK release
Warning: Nashorn engine is planned to be removed from a future JDK release
Warning: Nashorn engine is planned to be removed from a future JDK release
Warning: Nashorn engine is planned to be removed from a future JDK release
Warning: Nashorn engine is planned to be removed from a future JDK release
Warning: Nashorn engine is planned to be removed from a future JDK release
Warning: Nashorn engine is planned to be removed from a future JDK release
Warning: Nashorn engine is planned to be removed from a future JDK release
Warning: Nashorn engine is planned to be removed from a future JDK release
Warning: Nashorn engine is planned to be removed from a future JDK release
Warning: Nashorn engine is planned to be removed from a future JDK release
Warning: Nashorn engine is planned to be removed from a future JDK release
Warning: Nashorn engine is planned to be removed from a future JDK release
WARNING: TestSpontaneous: Model stopped before executing actions (e.g. producing outputs) scheduled for execution at times [5.6000000000000005]
Warning: Nashorn engine is planned to be removed from a future JDK release
Warning: Nashorn engine is planned to be removed from a future JDK release
Warning: Nashorn engine is planned to be removed from a future JDK release
Warning: Nashorn engine is planned to be removed from a future JDK release
Warning: Nashorn engine is planned to be removed from a future JDK release
Warning: Nashorn engine is planned to be removed from a future JDK release
Warning: Nashorn engine is planned to be removed from a future JDK release
Warning: Nashorn engine is planned to be removed from a future JDK release
Warning: Nashorn engine is planned to be removed from a future JDK release
Warning: Nashorn engine is planned to be removed from a future JDK release
Warning: Nashorn engine is planned to be removed from a future JDK release
Warning: Nashorn engine is planned to be removed from a future JDK release
Warning: Nashorn engine is planned to be removed from a future JDK release
Warning: Nashorn engine is planned to be removed from a future JDK release
Warning: Nashorn engine is planned to be removed from a future JDK release
Warning: Nashorn engine is planned to be removed from a future JDK release
Warning: Nashorn engine is planned to be removed from a future JDK release
Warning: Nashorn engine is planned to be removed from a future JDK release
Warning: Nashorn engine is planned to be removed from a future JDK release
Warning: Nashorn engine is planned to be removed from a future JDK release
Warning: Nashorn engine is planned to be removed from a future JDK release
Warning: Nashorn engine is planned to be removed from a future JDK release
Warning: Nashorn engine is planned to be removed from a future JDK release
Warning: Nashorn engine is planned to be removed from a future JDK release
Warning: Nashorn engine is planned to be removed from a future JDK release
Warning: Nashorn engine is planned to be removed from a future JDK release
Warning: Nashorn engine is planned to be removed from a future JDK release
Warning: Nashorn engine is planned to be removed from a future JDK release
Warning: Nashorn engine is planned to be removed from a future JDK release
Warning: Nashorn engine is planned to be removed from a future JDK release
Warning: Nashorn engine is planned to be removed from a future JDK release
Warning: Nashorn engine is planned to be removed from a future JDK release
Warning: Nashorn engine is planned to be removed from a future JDK release
Warning: Nashorn engine is planned to be removed from a future JDK release
Warning: Nashorn engine is planned to be removed from a future JDK release
Warning: Nashorn engine is planned to be removed from a future JDK release
Warning: Nashorn engine is planned to be removed from a future JDK release
Warning: Nashorn engine is planned to be removed from a future JDK release
Warning: Nashorn engine is planned to be removed from a future JDK release
Warning: Nashorn engine is planned to be removed from a future JDK release
Warning: Nashorn engine is planned to be removed from a future JDK release
Warning: Nashorn engine is planned to be removed from a future JDK release
Warning: Nashorn engine is planned to be removed from a future JDK release
Warning: Nashorn engine is planned to be removed from a future JDK release
Warning: Nashorn engine is planned to be removed from a future JDK release
Warning: Nashorn engine is planned to be removed from a future JDK release
Warning: Nashorn engine is planned to be removed from a future JDK release
Warning: Nashorn engine is planned to be removed from a future JDK release
Warning: Nashorn engine is planned to be removed from a future JDK release
Warning: Nashorn engine is planned to be removed from a future JDK release
Warning: Nashorn engine is planned to be removed from a future JDK release
Warning: Nashorn engine is planned to be removed from a future JDK release
Warning: Nashorn engine is planned to be removed from a future JDK release
Warning: Nashorn engine is planned to be removed from a future JDK release
Warning: Nashorn engine is planned to be removed from a future JDK release
Warning: Nashorn engine is planned to be removed from a future JDK release
Warning: Nashorn engine is planned to be removed from a future JDK release
Warning: Nashorn engine is planned to be removed from a future JDK release
Warning: Nashorn engine is planned to be removed from a future JDK release
Warning: Nashorn engine is planned to be removed from a future JDK release
Warning: Nashorn engine is planned to be removed from a future JDK release
Warning: Nashorn engine is planned to be removed from a future JDK release
Warning: Nashorn engine is planned to be removed from a future JDK release
Warning: Nashorn engine is planned to be removed from a future JDK release
Warning: Nashorn engine is planned to be removed from a future JDK release
Warning: Nashorn engine is planned to be removed from a future JDK release
Warning: Nashorn engine is planned to be removed from a future JDK release
Warning: Nashorn engine is planned to be removed from a future JDK release
Warning: Nashorn engine is planned to be removed from a future JDK release
Warning: Nashorn engine is planned to be removed from a future JDK release
Warning: Nashorn engine is planned to be removed from a future JDK release
Warning: Nashorn engine is planned to be removed from a future JDK release
Warning: Nashorn engine is planned to be removed from a future JDK release
Warning: Nashorn engine is planned to be removed from a future JDK release
WARNING: TestSpontaneous: Model stopped before executing actions (e.g. producing outputs) scheduled for execution at times [5.6000000000000005]
Warning: Nashorn engine is planned to be removed from a future JDK release
Warning: Nashorn engine is planned to be removed from a future JDK release
Warning: Nashorn engine is planned to be removed from a future JDK release
Warning: Nashorn engine is planned to be removed from a future JDK release
Warning: Nashorn engine is planned to be removed from a future JDK release
Warning: Nashorn engine is planned to be removed from a future JDK release
Warning: Nashorn engine is planned to be removed from a future JDK release
Warning: Nashorn engine is planned to be removed from a future JDK release
Warning: Nashorn engine is planned to be removed from a future JDK release
Warning: Nashorn engine is planned to be removed from a future JDK release
Warning: Nashorn engine is planned to be removed from a future JDK release
Warning: Nashorn engine is planned to be removed from a future JDK release
Warning: Nashorn engine is planned to be removed from a future JDK release
Warning: Nashorn engine is planned to be removed from a future JDK release
Warning: Nashorn engine is planned to be removed from a future JDK release
Warning: Nashorn engine is planned to be removed from a future JDK release
Warning: Nashorn engine is planned to be removed from a future JDK release
Warning: Nashorn engine is planned to be removed from a future JDK release
Warning: Nashorn engine is planned to be removed from a future JDK release
Warning: Nashorn engine is planned to be removed from a future JDK release
Warning: Nashorn engine is planned to be removed from a future JDK release
Warning: Nashorn engine is planned to be removed from a future JDK release
Warning: Nashorn engine is planned to be removed from a future JDK release
Warning: Nashorn engine is planned to be removed from a future JDK release
Warning: Nashorn engine is planned to be removed from a future JDK release
Warning: Nashorn engine is planned to be removed from a future JDK release
Warning: Nashorn engine is planned to be removed from a future JDK release
Warning: Nashorn engine is planned to be removed from a future JDK release
Warning: Nashorn engine is planned to be removed from a future JDK release
Warning: Nashorn engine is planned to be removed from a future JDK release
Warning: Nashorn engine is planned to be removed from a future JDK release
Warning: Nashorn engine is planned to be removed from a future JDK release
Warning: Nashorn engine is planned to be removed from a future JDK release
Warning: Nashorn engine is planned to be removed from a future JDK release
Warning: Nashorn engine is planned to be removed from a future JDK release
Warning: Nashorn engine is planned to be removed from a future JDK release
Warning: Nashorn engine is planned to be removed from a future JDK release
Warning: Nashorn engine is planned to be removed from a future JDK release
Warning: Nashorn engine is planned to be removed from a future JDK release
Warning: Nashorn engine is planned to be removed from a future JDK release
Warning: Nashorn engine is planned to be removed from a future JDK release
Warning: Nashorn engine is planned to be removed from a future JDK release
Warning: Nashorn engine is planned to be removed from a future JDK release
Warning: Nashorn engine is planned to be removed from a future JDK release
Warning: Nashorn engine is planned to be removed from a future JDK release
Warning: Nashorn engine is planned to be removed from a future JDK release
Warning: Nashorn engine is planned to be removed from a future JDK release
Warning: Nashorn engine is planned to be removed from a future JDK release
Warning: Nashorn engine is planned to be removed from a future JDK release
Warning: Nashorn engine is planned to be removed from a future JDK release
Warning: Nashorn engine is planned to be removed from a future JDK release
Warning: Nashorn engine is planned to be removed from a future JDK release
Warning: Nashorn engine is planned to be removed from a future JDK release
Warning: Nashorn engine is planned to be removed from a future JDK release
Warning: Nashorn engine is planned to be removed from a future JDK release
Warning: Nashorn engine is planned to be removed from a future JDK release
Warning: Nashorn engine is planned to be removed from a future JDK release
Warning: Nashorn engine is planned to be removed from a future JDK release
Warning: Nashorn engine is planned to be removed from a future JDK release
Warning: Nashorn engine is planned to be removed from a future JDK release
Warning: Nashorn engine is planned to be removed from a future JDK release
Warning: Nashorn engine is planned to be removed from a future JDK release
Warning: Nashorn engine is planned to be removed from a future JDK release
Warning: Nashorn engine is planned to be removed from a future JDK release
Warning: Nashorn engine is planned to be removed from a future JDK release
Warning: Nashorn engine is planned to be removed from a future JDK release
Warning: Nashorn engine is planned to be removed from a future JDK release
Warning: Nashorn engine is planned to be removed from a future JDK release
Warning: Nashorn engine is planned to be removed from a future JDK release
Warning: Nashorn engine is planned to be removed from a future JDK release
Warning: Nashorn engine is planned to be removed from a future JDK release
Warning: Nashorn engine is planned to be removed from a future JDK release
Warning: Nashorn engine is planned to be removed from a future JDK release
Warning: Nashorn engine is planned to be removed from a future JDK release
WARNING: TestSpontaneous: Model stopped before executing actions (e.g. producing outputs) scheduled for execution at times [5.6000000000000005]
Warning: Nashorn engine is planned to be removed from a future JDK release
Warning: Nashorn engine is planned to be removed from a future JDK release
Warning: Nashorn engine is planned to be removed from a future JDK release
Warning: Nashorn engine is planned to be removed from a future JDK release
Warning: Nashorn engine is planned to be removed from a future JDK release
Warning: Nashorn engine is planned to be removed from a future JDK release
Warning: Nashorn engine is planned to be removed from a future JDK release
Warning: Nashorn engine is planned to be removed from a future JDK release
Warning: Nashorn engine is planned to be removed from a future JDK release
Warning: Nashorn engine is planned to be removed from a future JDK release
Warning: Nashorn engine is planned to be removed from a future JDK release
Warning: Nashorn engine is planned to be removed from a future JDK release
Warning: Nashorn engine is planned to be removed from a future JDK release
Warning: Nashorn engine is planned to be removed from a future JDK release
Warning: Nashorn engine is planned to be removed from a future JDK release
Warning: Nashorn engine is planned to be removed from a future JDK release
Warning: Nashorn engine is planned to be removed from a future JDK release
Warning: Nashorn engine is planned to be removed from a future JDK release
Warning: Nashorn engine is planned to be removed from a future JDK release
Warning: Nashorn engine is planned to be removed from a future JDK release
Warning: Nashorn engine is planned to be removed from a future JDK release
Warning: Nashorn engine is planned to be removed from a future JDK release
Warning: Nashorn engine is planned to be removed from a future JDK release
Warning: Nashorn engine is planned to be removed from a future JDK release
Warning: Nashorn engine is planned to be removed from a future JDK release
Warning: Nashorn engine is planned to be removed from a future JDK release
Warning: Nashorn engine is planned to be removed from a future JDK release
Warning: Nashorn engine is planned to be removed from a future JDK release
Warning: Nashorn engine is planned to be removed from a future JDK release
Warning: Nashorn engine is planned to be removed from a future JDK release
Warning: Nashorn engine is planned to be removed from a future JDK release
Warning: Nashorn engine is planned to be removed from a future JDK release
Warning: Nashorn engine is planned to be removed from a future JDK release
Warning: Nashorn engine is planned to be removed from a future JDK release
Warning: Nashorn engine is planned to be removed from a future JDK release
Warning: Nashorn engine is planned to be removed from a future JDK release
Warning: Nashorn engine is planned to be removed from a future JDK release
Warning: Nashorn engine is planned to be removed from a future JDK release
Warning: Nashorn engine is planned to be removed from a future JDK release
Warning: Nashorn engine is planned to be removed from a future JDK release
Warning: Nashorn engine is planned to be removed from a future JDK release
Warning: Nashorn engine is planned to be removed from a future JDK release
Warning: Nashorn engine is planned to be removed from a future JDK release
Warning: Nashorn engine is planned to be removed from a future JDK release
Warning: Nashorn engine is planned to be removed from a future JDK release
Warning: Nashorn engine is planned to be removed from a future JDK release
Warning: Nashorn engine is planned to be removed from a future JDK release
Warning: Nashorn engine is planned to be removed from a future JDK release
Warning: Nashorn engine is planned to be removed from a future JDK release
Warning: Nashorn engine is planned to be removed from a future JDK release
Warning: Nashorn engine is planned to be removed from a future JDK release
Warning: Nashorn engine is planned to be removed from a future JDK release
Warning: Nashorn engine is planned to be removed from a future JDK release
Warning: Nashorn engine is planned to be removed from a future JDK release
Warning: Nashorn engine is planned to be removed from a future JDK release
Warning: Nashorn engine is planned to be removed from a future JDK release
Warning: Nashorn engine is planned to be removed from a future JDK release
Warning: Nashorn engine is planned to be removed from a future JDK release
Warning: Nashorn engine is planned to be removed from a future JDK release
Warning: Nashorn engine is planned to be removed from a future JDK release
Warning: Nashorn engine is planned to be removed from a future JDK release
Warning: Nashorn engine is planned to be removed from a future JDK release
Warning: Nashorn engine is planned to be removed from a future JDK release
Warning: Nashorn engine is planned to be removed from a future JDK release
Warning: Nashorn engine is planned to be removed from a future JDK release
Warning: Nashorn engine is planned to be removed from a future JDK release
Warning: Nashorn engine is planned to be removed from a future JDK release
Warning: Nashorn engine is planned to be removed from a future JDK release
Warning: Nashorn engine is planned to be removed from a future JDK release
Warning: Nashorn engine is planned to be removed from a future JDK release
Warning: Nashorn engine is planned to be removed from a future JDK release
Warning: Nashorn engine is planned to be removed from a future JDK release
Warning: Nashorn engine is planned to be removed from a future JDK release
Warning: Nashorn engine is planned to be removed from a future JDK release
WARNING: SerialPort: Model stopped before executing actions (e.g. producing outputs) scheduled for execution at times [0.9510000000000001, 0.919, 0.9490000000000001, 0.917]
WARNING: TestSpontaneous: Model stopped before executing actions (e.g. producing outputs) scheduled for execution at times [1.0]
java.lang.RuntimeException: Execution failed
	at ptolemy.moml.MoMLSimpleApplication$UnloadThread.run(MoMLSimpleApplication.java:402)
Caused by: ptolemy.kernel.util.IllegalActionException: Failure executing the react function: Error: commonHost.js, react(), invoking a specific handler for "input": Exception occurred in input handler for accessor TrainableTest, which has now has been removed.  Exception was: Error: TrainableTest: After seeing 0 tokens, the input "2" is not within "1e-9" of the expected value "254" Stacktrace was: Error: TrainableTest: After seeing 0 tokens, the input "2" is not within "1e-9" of the expected value "254"
	at <anonymous> (<function>:267)
	at invokeSpecificHandler (/home/travis/build/icyphy/ptII/ptolemy/actor/lib/jjs/external/require.js#409:30<eval>:1719)
	at react (/home/travis/build/icyphy/ptII/ptolemy/actor/lib/jjs/external/require.js#409:30<eval>:1764) in /home/travis/build/icyphy/ptII/ptolemy/actor/lib/jjs/external/require.js#409:30<eval> at line number 1731 at column number 24
  in .SerialLoopbackUnsignedByte.TrainableTest
Because:
Error: commonHost.js, react(), invoking a specific handler for "input": Exception occurred in input handler for accessor TrainableTest, which has now has been removed.  Exception was: Error: TrainableTest: After seeing 0 tokens, the input "2" is not within "1e-9" of the expected value "254" Stacktrace was: Error: TrainableTest: After seeing 0 tokens, the input "2" is not within "1e-9" of the expected value "254"
	at <anonymous> (<function>:267)
	at invokeSpecificHandler (/home/travis/build/icyphy/ptII/ptolemy/actor/lib/jjs/external/require.js#409:30<eval>:1719)
	at react (/home/travis/build/icyphy/ptII/ptolemy/actor/lib/jjs/external/require.js#409:30<eval>:1764) in /home/travis/build/icyphy/ptII/ptolemy/actor/lib/jjs/external/require.js#409:30<eval> at line number 1731 at column number 24
	at ptolemy.actor.lib.jjs.JavaScript._invokeMethodInContext(JavaScript.java:2306)
	at ptolemy.actor.lib.jjs.JavaScript.fire(JavaScript.java:1138)
	at ptolemy.domains.de.kernel.DEDirector._fire(DEDirector.java:1949)
	at ptolemy.domains.de.kernel.DEDirector.fire(DEDirector.java:502)
	at ptolemy.actor.CompositeActor.fire(CompositeActor.java:455)
	at ptolemy.actor.Manager.iterate(Manager.java:851)
	at ptolemy.actor.Manager.execute(Manager.java:369)
	at ptolemy.actor.Manager.run(Manager.java:1263)
	at ptolemy.actor.Manager$PtolemyRunThread.run(Manager.java:1933)
Caused by: javax.script.ScriptException: Error: commonHost.js, react(), invoking a specific handler for "input": Exception occurred in input handler for accessor TrainableTest, which has now has been removed.  Exception was: Error: TrainableTest: After seeing 0 tokens, the input "2" is not within "1e-9" of the expected value "254" Stacktrace was: Error: TrainableTest: After seeing 0 tokens, the input "2" is not within "1e-9" of the expected value "254"
	at <anonymous> (<function>:267)
	at invokeSpecificHandler (/home/travis/build/icyphy/ptII/ptolemy/actor/lib/jjs/external/require.js#409:30<eval>:1719)
	at react (/home/travis/build/icyphy/ptII/ptolemy/actor/lib/jjs/external/require.js#409:30<eval>:1764) in /home/travis/build/icyphy/ptII/ptolemy/actor/lib/jjs/external/require.js#409:30<eval> at line number 1731 at column number 24
	at jdk.scripting.nashorn/jdk.nashorn.api.scripting.NashornScriptEngine.throwAsScriptException(NashornScriptEngine.java:477)
	at jdk.scripting.nashorn/jdk.nashorn.api.scripting.NashornScriptEngine.invokeImpl(NashornScriptEngine.java:399)
	at jdk.scripting.nashorn/jdk.nashorn.api.scripting.NashornScriptEngine.invokeMethod(NashornScriptEngine.java:206)
	at ptolemy.actor.lib.jjs.JavaScript._invokeMethodInContext(JavaScript.java:2281)
	... 8 more
Caused by: /home/travis/build/icyphy/ptII/ptolemy/actor/lib/jjs/external/require.js#409:30<eval>:1731:24 Error: commonHost.js, react(), invoking a specific handler for "input": Exception occurred in input handler for accessor TrainableTest, which has now has been removed.  Exception was: Error: TrainableTest: After seeing 0 tokens, the input "2" is not within "1e-9" of the expected value "254" Stacktrace was: Error: TrainableTest: After seeing 0 tokens, the input "2" is not within "1e-9" of the expected value "254"
	at <anonymous> (<function>:267)
	at invokeSpecificHandler (/home/travis/build/icyphy/ptII/ptolemy/actor/lib/jjs/external/require.js#409:30<eval>:1719)
	at react (/home/travis/build/icyphy/ptII/ptolemy/actor/lib/jjs/external/require.js#409:30<eval>:1764)
	at jdk.scripting.nashorn/jdk.nashorn.internal.objects.NativeError.initException(NativeError.java:135)
	at jdk.scripting.nashorn/jdk.nashorn.internal.objects.NativeError.<init>(NativeError.java:101)
	at jdk.scripting.nashorn/jdk.nashorn.internal.objects.NativeError.<init>(NativeError.java:105)
	at jdk.scripting.nashorn/jdk.nashorn.internal.objects.NativeError.<init>(NativeError.java:109)
	at jdk.scripting.nashorn/jdk.nashorn.internal.objects.NativeError.constructor(NativeError.java:128)
	at jdk.scripting.nashorn.scripts/jdk.nashorn.internal.scripts.Script$Recompilation$79713$76238A$require.L:1#react#invokeSpecificHandler(/home/travis/build/icyphy/ptII/ptolemy/actor/lib/jjs/external/require.js#409:30<eval>:1736)
	at jdk.scripting.nashorn.scripts/jdk.nashorn.internal.scripts.Script$Recompilation$79712$75884A$require$cu1$restOf.L:1#react(/home/travis/build/icyphy/ptII/ptolemy/actor/lib/jjs/external/require.js#409:30<eval>:1764)
	at jdk.scripting.nashorn/jdk.nashorn.internal.runtime.ScriptFunctionData.invoke(ScriptFunctionData.java:657)
	at jdk.scripting.nashorn/jdk.nashorn.internal.runtime.ScriptFunction.invoke(ScriptFunction.java:513)
	at jdk.scripting.nashorn/jdk.nashorn.internal.runtime.ScriptRuntime.apply(ScriptRuntime.java:527)
	at jdk.scripting.nashorn/jdk.nashorn.api.scripting.ScriptObjectMirror.callMember(ScriptObjectMirror.java:202)
	at jdk.scripting.nashorn/jdk.nashorn.api.scripting.NashornScriptEngine.invokeImpl(NashornScriptEngine.java:393)
	... 10 more
]]></system-err>
</testsuite>
