<?xml version="1.0" encoding="UTF-8" ?>
<testsuite errors="0" failures="0" hostname="travis-job-5ecf8c55-1f75-4b5a-acd6-36afc2df3a65" name="ptolemy.vergil.basic.export.test.junit.ExportModelJUnitTestBatch2" skipped="0" tests="50" time="1228.361" timestamp="2018-09-25T02:29:00">
  <properties>
[...]
</properties>
  <testcase classname="ptolemy.vergil.basic.export.test.junit.ExportModelJUnitTestBatch2" name="[0] ptolemy/actor/lib/jai/demo/AdaptiveMedian/AdaptiveMedian.xml (RunExportModel)" time="8.127" />
  <testcase classname="ptolemy.vergil.basic.export.test.junit.ExportModelJUnitTestBatch2" name="[1] ptolemy/actor/lib/jai/demo/ImageReconstruction/ImageReconstruction.xml (RunExportModel)" time="4.7" />
  <testcase classname="ptolemy.vergil.basic.export.test.junit.ExportModelJUnitTestBatch2" name="[2] ptolemy/actor/lib/jai/demo/VQSequenceDisplay/VQSequenceDisplay.xml (RunExportModel)" time="5.069" />
  <testcase classname="ptolemy.vergil.basic.export.test.junit.ExportModelJUnitTestBatch2" name="[3] ptolemy/actor/lib/javasound/demo/KarplusStrong/KarplusStrong.xml (RunExportModel)" time="3.412" />
  <testcase classname="ptolemy.vergil.basic.export.test.junit.ExportModelJUnitTestBatch2" name="[4] ptolemy/actor/lib/jjs/demo/Factorial/Factorial.xml (RunExportModel)" time="14.577" />
  <testcase classname="ptolemy.vergil.basic.export.test.junit.ExportModelJUnitTestBatch2" name="[5] ptolemy/actor/lib/jjs/demo/JavaScriptShell/JavaScriptShell.xml (RunExportModel)" time="9.123" />
  <testcase classname="ptolemy.vergil.basic.export.test.junit.ExportModelJUnitTestBatch2" name="[6] ptolemy/actor/lib/jjs/demo/ModelBuilder/ModelBuilder.xml (RunExportModel)" time="13.238" />
  <testcase classname="ptolemy.vergil.basic.export.test.junit.ExportModelJUnitTestBatch2" name="[7] ptolemy/actor/lib/jjs/modules/aprilTags/demo/AprilTags/AprilTags.xml (RunExportModel)" time="44.238" />
  <testcase classname="ptolemy.vergil.basic.export.test.junit.ExportModelJUnitTestBatch2" name="[8] ptolemy/actor/lib/jjs/modules/aprilTags/demo/Kubi/Kubi.xml (RunExportModel)" time="45.004" />
  <testcase classname="ptolemy.vergil.basic.export.test.junit.ExportModelJUnitTestBatch2" name="[9] ptolemy/actor/lib/jjs/modules/audio/demo/Audio/Audio.xml (RunExportModel)" time="8.507" />
  <testcase classname="ptolemy.vergil.basic.export.test.junit.ExportModelJUnitTestBatch2" name="[10] ptolemy/actor/lib/jjs/modules/audio/demo/Audio/AudioCapture.xml (RunExportModel)" time="9.487" />
  <testcase classname="ptolemy.vergil.basic.export.test.junit.ExportModelJUnitTestBatch2" name="[11] ptolemy/actor/lib/jjs/modules/audio/demo/Audio/AudioClipPlayer.xml (RunExportModel)" time="8.954" />
  <testcase classname="ptolemy.vergil.basic.export.test.junit.ExportModelJUnitTestBatch2" name="[12] ptolemy/actor/lib/jjs/modules/audio/demo/Audio/AudioRecorder.xml (RunExportModel)" time="10.443" />
  <testcase classname="ptolemy.vergil.basic.export.test.junit.ExportModelJUnitTestBatch2" name="[13] ptolemy/actor/lib/jjs/modules/audio/demo/Audio/AudioSynthesis.xml (RunExportModel)" time="10.339" />
  <testcase classname="ptolemy.vergil.basic.export.test.junit.ExportModelJUnitTestBatch2" name="[14] ptolemy/actor/lib/jjs/modules/audio/demo/Audio/SpeechSynthesis.xml (RunExportModel)" time="42.38" />
  <testcase classname="ptolemy.vergil.basic.export.test.junit.ExportModelJUnitTestBatch2" name="[15] ptolemy/actor/lib/jjs/modules/cameras/demo/Camera/Camera.xml (RunExportModel)" time="34.366" />
  <testcase classname="ptolemy.vergil.basic.export.test.junit.ExportModelJUnitTestBatch2" name="[16] ptolemy/actor/lib/jjs/modules/cameras/demo/Camera/CaptureOpenLoop.xml (RunExportModel)" time="32.465" />
  <testcase classname="ptolemy.vergil.basic.export.test.junit.ExportModelJUnitTestBatch2" name="[17] ptolemy/actor/lib/jjs/modules/cameras/demo/CameraWebSocket/CameraWebSocket.xml (RunExportModel)" time="38.56" />
  <testcase classname="ptolemy.vergil.basic.export.test.junit.ExportModelJUnitTestBatch2" name="[18] ptolemy/actor/lib/jjs/modules/cameras/demo/Foscam/Foscam.xml (RunExportModel)" time="40.043" />
  <testcase classname="ptolemy.vergil.basic.export.test.junit.ExportModelJUnitTestBatch2" name="[19] ptolemy/actor/lib/jjs/modules/computerVision/demo/ComputerVision/ComputerVision.xml (RunExportModel)" time="32.581" />
  <testcase classname="ptolemy.vergil.basic.export.test.junit.ExportModelJUnitTestBatch2" name="[20] ptolemy/actor/lib/jjs/modules/contextAware/demo/ContextAware/ContextAware.xml (RunExportModel)" time="8.937" />
  <testcase classname="ptolemy.vergil.basic.export.test.junit.ExportModelJUnitTestBatch2" name="[21] ptolemy/actor/lib/jjs/modules/crypto/demo/AsymmetricEncrypt/AsymmetricEncrypt.xml (RunExportModel)" time="29.037" />
  <testcase classname="ptolemy.vergil.basic.export.test.junit.ExportModelJUnitTestBatch2" name="[22] ptolemy/actor/lib/jjs/modules/crypto/demo/MessageDigest/MessageDigest.xml (RunExportModel)" time="20.499" />
  <testcase classname="ptolemy.vergil.basic.export.test.junit.ExportModelJUnitTestBatch2" name="[23] ptolemy/actor/lib/jjs/modules/crypto/demo/RandomBytes/RandomBytes.xml (RunExportModel)" time="14.005" />
  <testcase classname="ptolemy.vergil.basic.export.test.junit.ExportModelJUnitTestBatch2" name="[24] ptolemy/actor/lib/jjs/modules/crypto/demo/SymmetricEncrypt/SymmetricEncrypt.xml (RunExportModel)" time="17.94" />
  <testcase classname="ptolemy.vergil.basic.export.test.junit.ExportModelJUnitTestBatch2" name="[25] ptolemy/actor/lib/jjs/modules/discovery/demo/Discovery/Discovery.xml (RunExportModel)" time="8.43" />
  <testcase classname="ptolemy.vergil.basic.export.test.junit.ExportModelJUnitTestBatch2" name="[26] ptolemy/actor/lib/jjs/modules/discovery/demo/Discovery/DiscoveryJS.xml (RunExportModel)" time="17.851" />
  <testcase classname="ptolemy.vergil.basic.export.test.junit.ExportModelJUnitTestBatch2" name="[27] ptolemy/actor/lib/jjs/modules/discovery/demo/Discovery/PopulateSwarmboxMap.xml (RunExportModel)" time="36.08" />
  <testcase classname="ptolemy.vergil.basic.export.test.junit.ExportModelJUnitTestBatch2" name="[28] ptolemy/actor/lib/jjs/modules/discovery/demo/Discovery/PostSwarmboxDevices.xml (RunExportModel)" time="41.457" />
  <testcase classname="ptolemy.vergil.basic.export.test.junit.ExportModelJUnitTestBatch2" name="[29] ptolemy/actor/lib/jjs/modules/discovery/demo/Heartbeat/Heartbeat.xml (RunExportModel)" time="24.832" />
  <testcase classname="ptolemy.vergil.basic.export.test.junit.ExportModelJUnitTestBatch2" name="[30] ptolemy/actor/lib/jjs/modules/dsp/demo/AudioFFT/AudioFFT.xml (RunExportModel)" time="10.048" />
  <testcase classname="ptolemy.vergil.basic.export.test.junit.ExportModelJUnitTestBatch2" name="[31] ptolemy/actor/lib/jjs/modules/dsp/demo/AudioFFT/SinusoidFFT.xml (RunExportModel)" time="12.628" />
  <testcase classname="ptolemy.vergil.basic.export.test.junit.ExportModelJUnitTestBatch2" name="[32] ptolemy/actor/lib/jjs/modules/eventbus/demo/VertxBus/VertxBus.xml (RunExportModel)" time="22.8" />
  <testcase classname="ptolemy.vergil.basic.export.test.junit.ExportModelJUnitTestBatch2" name="[33] ptolemy/actor/lib/jjs/modules/eventbus/demo/VertxChat/VertxChat.xml (RunExportModel)" time="10.55" />
  <testcase classname="ptolemy.vergil.basic.export.test.junit.ExportModelJUnitTestBatch2" name="[34] ptolemy/actor/lib/jjs/modules/faceDetector/demo/FaceDetector/FaceDetector.xml (RunExportModel)" time="11.61" />
  <testcase classname="ptolemy.vergil.basic.export.test.junit.ExportModelJUnitTestBatch2" name="[35] ptolemy/actor/lib/jjs/modules/faceDetector/demo/FaceDetectorCamera/FaceDetectorCamera.xml (RunExportModel)" time="40.881" />
  <testcase classname="ptolemy.vergil.basic.export.test.junit.ExportModelJUnitTestBatch2" name="[36] ptolemy/actor/lib/jjs/modules/faceDetector/demo/OccupancyCount/OccupancyCount.xml (RunExportModel)" time="40.478" />
  <testcase classname="ptolemy.vergil.basic.export.test.junit.ExportModelJUnitTestBatch2" name="[37] ptolemy/actor/lib/jjs/modules/httpClient/demo/REST/REST.xml (RunExportModel)" time="8.192" />
  <testcase classname="ptolemy.vergil.basic.export.test.junit.ExportModelJUnitTestBatch2" name="[38] ptolemy/actor/lib/jjs/modules/httpClient/demo/REST/RESTSimple.xml (RunExportModel)" time="11.796" />
  <testcase classname="ptolemy.vergil.basic.export.test.junit.ExportModelJUnitTestBatch2" name="[39] ptolemy/actor/lib/jjs/modules/httpClient/demo/REST/Weather.xml (RunExportModel)" time="9.85" />
  <testcase classname="ptolemy.vergil.basic.export.test.junit.ExportModelJUnitTestBatch2" name="[40] ptolemy/actor/lib/jjs/modules/httpServer/demo/HttpServer/HttpServer.xml (RunExportModel)" time="39.748" />
  <testcase classname="ptolemy.vergil.basic.export.test.junit.ExportModelJUnitTestBatch2" name="[41] ptolemy/actor/lib/jjs/modules/httpServer/demo/KeyValueStoreClient/KeyValueStoreClient.xml (RunExportModel)" time="41.09" />
  <testcase classname="ptolemy.vergil.basic.export.test.junit.ExportModelJUnitTestBatch2" name="[42] ptolemy/actor/lib/jjs/modules/httpServer/demo/KeyValueStoreClient/KeyValueStoreServer.xml (RunExportModel)" time="43.95" />
  <testcase classname="ptolemy.vergil.basic.export.test.junit.ExportModelJUnitTestBatch2" name="[43] ptolemy/actor/lib/jjs/modules/httpServer/demo/KeyValueStoreClient/KeyValueStoreServerTerra.xml (RunExportModel)" time="45.676" />
  <testcase classname="ptolemy.vergil.basic.export.test.junit.ExportModelJUnitTestBatch2" name="[44] ptolemy/actor/lib/jjs/modules/httpServer/demo/WebServer/WebServer.xml (RunExportModel)" time="37.594" />
  <testcase classname="ptolemy.vergil.basic.export.test.junit.ExportModelJUnitTestBatch2" name="[45] ptolemy/actor/lib/jjs/modules/imageFilters/demo/ImageAnnotate/ImageAnnotate.xml (RunExportModel)" time="41.879" />
  <testcase classname="ptolemy.vergil.basic.export.test.junit.ExportModelJUnitTestBatch2" name="[46] ptolemy/actor/lib/jjs/modules/imageFilters/demo/ImageFilters/Annotate.xml (RunExportModel)" time="40.999" />
  <testcase classname="ptolemy.vergil.basic.export.test.junit.ExportModelJUnitTestBatch2" name="[47] ptolemy/actor/lib/jjs/modules/imageFilters/demo/ImageFilters/Average.xml (RunExportModel)" time="41.103" />
  <testcase classname="ptolemy.vergil.basic.export.test.junit.ExportModelJUnitTestBatch2" name="[48] ptolemy/actor/lib/jjs/modules/imageFilters/demo/ImageFilters/BicubicScale.xml (RunExportModel)" time="41.223" />
  <testcase classname="ptolemy.vergil.basic.export.test.junit.ExportModelJUnitTestBatch2" name="[49] ptolemy/actor/lib/jjs/modules/imageFilters/demo/ImageFilters/Block.xml (RunExportModel)" time="41.387" />
  <system-out><![CDATA[ExportModeJUnitTestBatch: There are 756 demos. Exporting demos: 151 to 200.
####### 1 Tue Sep 25 02:29:00 UTC 2018 $PTII/bin/ptinvoke ptolemy.vergil.basic.export.ExportModel -force htm -run -openComposites -timeOut 30000 -whiteBackground ptolemy/actor/lib/jai/demo/AdaptiveMedian/AdaptiveMedian.xml $PTII/ptolemy/actor/lib/jai/demo/AdaptiveMedian/AdaptiveMedian
Running .AdaptiveMedian
896 ms. Memory: 151552K Free: 58944K (39%)
Exported /home/travis/build/icyphy/ptII/ptolemy/actor/lib/jai/demo/AdaptiveMedian/AdaptiveMedian/index.html
8120 ms. Memory: 178688K Free: 142344K (80%)
####### 2 Tue Sep 25 02:29:08 UTC 2018 $PTII/bin/ptinvoke ptolemy.vergil.basic.export.ExportModel -force htm -run -openComposites -timeOut 30000 -whiteBackground ptolemy/actor/lib/jai/demo/ImageReconstruction/ImageReconstruction.xml $PTII/ptolemy/actor/lib/jai/demo/ImageReconstruction/ImageReconstruction
Running .ImageReconstruction
100 ms. Memory: 199680K Free: 163600K (82%)
Exported /home/travis/build/icyphy/ptII/ptolemy/actor/lib/jai/demo/ImageReconstruction/ImageReconstruction/index.html
4698 ms. Memory: 199680K Free: 126217K (63%)
####### 3 Tue Sep 25 02:29:13 UTC 2018 $PTII/bin/ptinvoke ptolemy.vergil.basic.export.ExportModel -force htm -run -openComposites -timeOut 30000 -whiteBackground ptolemy/actor/lib/jai/demo/VQSequenceDisplay/VQSequenceDisplay.xml $PTII/ptolemy/actor/lib/jai/demo/VQSequenceDisplay/VQSequenceDisplay
Running .VQSequenceDisplay
645 ms. Memory: 200192K Free: 95510K (48%)
Exported /home/travis/build/icyphy/ptII/ptolemy/actor/lib/jai/demo/VQSequenceDisplay/VQSequenceDisplay/index.html
5069 ms. Memory: 200192K Free: 58809K (29%)
####### 4 Tue Sep 25 02:29:18 UTC 2018 $PTII/bin/ptinvoke ptolemy.vergil.basic.export.ExportModel -force htm  -openComposites -timeOut 30000 -whiteBackground ptolemy/actor/lib/javasound/demo/KarplusStrong/KarplusStrong.xml $PTII/ptolemy/actor/lib/javasound/demo/KarplusStrong/KarplusStrong
Warning: not running ptolemy/actor/lib/javasound/demo/KarplusStrong/KarplusStrong.xml. See ptolemy/vergil/basic/export/test/junit/ExportModelJUnitTest.java
Exported /home/travis/build/icyphy/ptII/ptolemy/actor/lib/javasound/demo/KarplusStrong/KarplusStrong/index.html
3411 ms. Memory: 231424K Free: 77031K (33%)
####### 5 Tue Sep 25 02:29:21 UTC 2018 $PTII/bin/ptinvoke ptolemy.vergil.basic.export.ExportModel -force htm -run -openComposites -timeOut 30000 -whiteBackground ptolemy/actor/lib/jjs/demo/Factorial/Factorial.xml $PTII/ptolemy/actor/lib/jjs/demo/Factorial/Factorial
----------------- Tue Sep 25 02:29:21 UTC 2018 About to sleep for 5.0 seconds before running or rerunning.  Test is: /home/travis/build/icyphy/ptII/ptolemy/actor/lib/jjs/demo/Factorial/Factorial.xml
Done sleeping
Running .Factorial
1723 ms. Memory: 321536K Free: 92985K (29%)
Exported /home/travis/build/icyphy/ptII/ptolemy/actor/lib/jjs/demo/Factorial/Factorial/index.html
9577 ms. Memory: 384512K Free: 313902K (82%)
####### 6 Tue Sep 25 02:29:36 UTC 2018 $PTII/bin/ptinvoke ptolemy.vergil.basic.export.ExportModel -force htm -run -openComposites -timeOut 30000 -whiteBackground ptolemy/actor/lib/jjs/demo/JavaScriptShell/JavaScriptShell.xml $PTII/ptolemy/actor/lib/jjs/demo/JavaScriptShell/JavaScriptShell
----------------- Tue Sep 25 02:29:36 UTC 2018 About to sleep for 5.0 seconds before running or rerunning.  Test is: /home/travis/build/icyphy/ptII/ptolemy/actor/lib/jjs/demo/JavaScriptShell/JavaScriptShell.xml
Done sleeping
.JavaScriptShell.InteractiveShell invoked SwingUtilities.invokeAndWait()
Model ".JavaScriptShell" contains actors such cannot be run  as part of the export process from ExportModel or it has a WebExportParameters value that runBeforeExport set to false. To export run this model and export it, use vergil.
Exported /home/travis/build/icyphy/ptII/ptolemy/actor/lib/jjs/demo/JavaScriptShell/JavaScriptShell/index.html
4122 ms. Memory: 384512K Free: 69082K (18%)
####### 7 Tue Sep 25 02:29:45 UTC 2018 $PTII/bin/ptinvoke ptolemy.vergil.basic.export.ExportModel -force htm -run -openComposites -timeOut 30000 -whiteBackground ptolemy/actor/lib/jjs/demo/ModelBuilder/ModelBuilder.xml $PTII/ptolemy/actor/lib/jjs/demo/ModelBuilder/ModelBuilder
----------------- Tue Sep 25 02:29:45 UTC 2018 About to sleep for 5.0 seconds before running or rerunning.  Test is: /home/travis/build/icyphy/ptII/ptolemy/actor/lib/jjs/demo/ModelBuilder/ModelBuilder.xml
Done sleeping
Running .ModelBuilder
0
1
2
3
4
5
6
7
8
9
10
11
12
13
14
15
16
17
18
19
20
21
22
23
24
25
26
27
28
29
30
31
32
33
34
35
36
37
38
39
40
41
42
43
44
45
46
47
48
49
50
51
52
53
54
55
56
57
58
59
60
61
62
63
64
65
66
67
68
69
70
71
72
73
74
75
76
77
78
79
80
81
82
83
84
85
86
87
88
89
90
91
92
93
94
95
96
97
98
99
19 ms. Memory: 479744K Free: 235177K (49%)
2397 ms. Memory: 479744K Free: 226705K (47%)
Exported /home/travis/build/icyphy/ptII/ptolemy/actor/lib/jjs/demo/ModelBuilder/ModelBuilder/index.html
8237 ms. Memory: 479744K Free: 170354K (36%)
####### 8 Tue Sep 25 02:29:58 UTC 2018 $PTII/bin/ptinvoke ptolemy.vergil.basic.export.ExportModel -force htm -run -openComposites -timeOut 30000 -whiteBackground ptolemy/actor/lib/jjs/modules/aprilTags/demo/AprilTags/AprilTags.xml $PTII/ptolemy/actor/lib/jjs/modules/aprilTags/demo/AprilTags/AprilTags
----------------- Tue Sep 25 02:29:58 UTC 2018 About to sleep for 5.0 seconds before running or rerunning.  Test is: /home/travis/build/icyphy/ptII/ptolemy/actor/lib/jjs/modules/aprilTags/demo/AprilTags/AprilTags.xml
Done sleeping
JSAccessor: PT_NO_NET environment variable is set, so git pull and ptdoc are not being run.
No physical cameras found, using WebcamDummyDriver.
Running .AprilTags
ExportHTMLTimer went off after 30000 ms., calling getDirector().finish and getDirector().stopFire()
30067 ms. Memory: 1636352K Free: 679941K (42%)
Exported /home/travis/build/icyphy/ptII/ptolemy/actor/lib/jjs/modules/aprilTags/demo/AprilTags/AprilTags/index.html
39237 ms. Memory: 1636352K Free: 653270K (40%)
####### 9 Tue Sep 25 02:30:42 UTC 2018 $PTII/bin/ptinvoke ptolemy.vergil.basic.export.ExportModel -force htm -run -openComposites -timeOut 30000 -whiteBackground ptolemy/actor/lib/jjs/modules/aprilTags/demo/Kubi/Kubi.xml $PTII/ptolemy/actor/lib/jjs/modules/aprilTags/demo/Kubi/Kubi
----------------- Tue Sep 25 02:30:42 UTC 2018 About to sleep for 5.0 seconds before running or rerunning.  Test is: /home/travis/build/icyphy/ptII/ptolemy/actor/lib/jjs/modules/aprilTags/demo/Kubi/Kubi.xml
Done sleeping
Running .Kubi
Kubi: Kubi.js: Initializing... (Thread[AWT-EventQueue-0,6,main])
Kubi: Kubi.js: Handler added (Thread[AWT-EventQueue-0,6,main])
Kubi: Kubi.js: Connecting... (Thread[AWT-EventQueue-0,6,main])
Kubi2: Kubi.js: Initializing... (Thread[AWT-EventQueue-0,6,main])
Kubi2: Kubi.js: Handler added (Thread[AWT-EventQueue-0,6,main])
Kubi2: Kubi.js: Connecting... (Thread[AWT-EventQueue-0,6,main])
JavaScript: April is right by 99.5px (Thread[AWT-EventQueue-0,6,main])
JavaScript: Movement sent6.902742737158593 (Thread[AWT-EventQueue-0,6,main])
Kubi2: Kubi.js: issueCommand(): { face: [ { height: 77, width: 77, x: 42, y: 27 } ],
  pan: 6.902742737158593,
  panSpeed: '100',
  tilt: 7.4645098346365275,
  tiltSpeed: '100' } (Thread[AWT-EventQueue-0,6,main])
Kubi2: Proccessing command (Thread[AWT-EventQueue-0,6,main])
Kubi2: Got command object  (Thread[AWT-EventQueue-0,6,main])
Kubi2: Building URL... (Thread[AWT-EventQueue-0,6,main])
Kubi2: Making an HTTP request. (Thread[AWT-EventQueue-0,6,main])
ExportHTMLTimer went off after 30000 ms., calling getDirector().finish and getDirector().stopFire()
30102 ms. Memory: 1747456K Free: 238467K (14%)
Exported /home/travis/build/icyphy/ptII/ptolemy/actor/lib/jjs/modules/aprilTags/demo/Kubi/Kubi/index.html
40003 ms. Memory: 1747456K Free: 186400K (11%)
####### 10 Tue Sep 25 02:31:27 UTC 2018 $PTII/bin/ptinvoke ptolemy.vergil.basic.export.ExportModel -force htm  -openComposites -timeOut 30000 -whiteBackground ptolemy/actor/lib/jjs/modules/audio/demo/Audio/Audio.xml $PTII/ptolemy/actor/lib/jjs/modules/audio/demo/Audio/Audio
Warning: not running ptolemy/actor/lib/jjs/modules/audio/demo/Audio/Audio.xml. See ptolemy/vergil/basic/export/test/junit/ExportModelJUnitTest.java
----------------- Tue Sep 25 02:31:27 UTC 2018 About to sleep for 5.0 seconds before running or rerunning.  Test is: /home/travis/build/icyphy/ptII/ptolemy/actor/lib/jjs/modules/audio/demo/Audio/Audio.xml
Done sleeping
Exported /home/travis/build/icyphy/ptII/ptolemy/actor/lib/jjs/modules/audio/demo/Audio/Audio/index.html
3507 ms. Memory: 1871872K Free: 1514437K (81%)
####### 11 Tue Sep 25 02:31:36 UTC 2018 $PTII/bin/ptinvoke ptolemy.vergil.basic.export.ExportModel -force htm  -openComposites -timeOut 30000 -whiteBackground ptolemy/actor/lib/jjs/modules/audio/demo/Audio/AudioCapture.xml $PTII/ptolemy/actor/lib/jjs/modules/audio/demo/Audio/AudioCapture
Warning: not running ptolemy/actor/lib/jjs/modules/audio/demo/Audio/AudioCapture.xml. See ptolemy/vergil/basic/export/test/junit/ExportModelJUnitTest.java
----------------- Tue Sep 25 02:31:36 UTC 2018 About to sleep for 5.0 seconds before running or rerunning.  Test is: /home/travis/build/icyphy/ptII/ptolemy/actor/lib/jjs/modules/audio/demo/Audio/AudioCapture.xml
Done sleeping
Exported /home/travis/build/icyphy/ptII/ptolemy/actor/lib/jjs/modules/audio/demo/Audio/AudioCapture/index.html
4487 ms. Memory: 1871872K Free: 1144443K (61%)
####### 12 Tue Sep 25 02:31:45 UTC 2018 $PTII/bin/ptinvoke ptolemy.vergil.basic.export.ExportModel -force htm  -openComposites -timeOut 30000 -whiteBackground ptolemy/actor/lib/jjs/modules/audio/demo/Audio/AudioClipPlayer.xml $PTII/ptolemy/actor/lib/jjs/modules/audio/demo/Audio/AudioClipPlayer
Warning: not running ptolemy/actor/lib/jjs/modules/audio/demo/Audio/AudioClipPlayer.xml. See ptolemy/vergil/basic/export/test/junit/ExportModelJUnitTest.java
----------------- Tue Sep 25 02:31:45 UTC 2018 About to sleep for 5.0 seconds before running or rerunning.  Test is: /home/travis/build/icyphy/ptII/ptolemy/actor/lib/jjs/modules/audio/demo/Audio/AudioClipPlayer.xml
Done sleeping
Exported /home/travis/build/icyphy/ptII/ptolemy/actor/lib/jjs/modules/audio/demo/Audio/AudioClipPlayer/index.html
3953 ms. Memory: 1871872K Free: 855074K (46%)
####### 13 Tue Sep 25 02:31:54 UTC 2018 $PTII/bin/ptinvoke ptolemy.vergil.basic.export.ExportModel -force htm  -openComposites -timeOut 30000 -whiteBackground ptolemy/actor/lib/jjs/modules/audio/demo/Audio/AudioRecorder.xml $PTII/ptolemy/actor/lib/jjs/modules/audio/demo/Audio/AudioRecorder
Warning: not running ptolemy/actor/lib/jjs/modules/audio/demo/Audio/AudioRecorder.xml. See ptolemy/vergil/basic/export/test/junit/ExportModelJUnitTest.java
----------------- Tue Sep 25 02:31:54 UTC 2018 About to sleep for 5.0 seconds before running or rerunning.  Test is: /home/travis/build/icyphy/ptII/ptolemy/actor/lib/jjs/modules/audio/demo/Audio/AudioRecorder.xml
Done sleeping
Exported /home/travis/build/icyphy/ptII/ptolemy/actor/lib/jjs/modules/audio/demo/Audio/AudioRecorder/index.html
5443 ms. Memory: 1871872K Free: 333852K (18%)
####### 14 Tue Sep 25 02:32:05 UTC 2018 $PTII/bin/ptinvoke ptolemy.vergil.basic.export.ExportModel -force htm  -openComposites -timeOut 30000 -whiteBackground ptolemy/actor/lib/jjs/modules/audio/demo/Audio/AudioSynthesis.xml $PTII/ptolemy/actor/lib/jjs/modules/audio/demo/Audio/AudioSynthesis
Warning: not running ptolemy/actor/lib/jjs/modules/audio/demo/Audio/AudioSynthesis.xml. See ptolemy/vergil/basic/export/test/junit/ExportModelJUnitTest.java
----------------- Tue Sep 25 02:32:05 UTC 2018 About to sleep for 5.0 seconds before running or rerunning.  Test is: /home/travis/build/icyphy/ptII/ptolemy/actor/lib/jjs/modules/audio/demo/Audio/AudioSynthesis.xml
Done sleeping
Exported /home/travis/build/icyphy/ptII/ptolemy/actor/lib/jjs/modules/audio/demo/Audio/AudioSynthesis/index.html
5339 ms. Memory: 1914368K Free: 1518911K (79%)
####### 15 Tue Sep 25 02:32:15 UTC 2018 $PTII/bin/ptinvoke ptolemy.vergil.basic.export.ExportModel -force htm -run -openComposites -timeOut 30000 -whiteBackground ptolemy/actor/lib/jjs/modules/audio/demo/Audio/SpeechSynthesis.xml $PTII/ptolemy/actor/lib/jjs/modules/audio/demo/Audio/SpeechSynthesis
----------------- Tue Sep 25 02:32:15 UTC 2018 About to sleep for 5.0 seconds before running or rerunning.  Test is: /home/travis/build/icyphy/ptII/ptolemy/actor/lib/jjs/modules/audio/demo/Audio/SpeechSynthesis.xml
Done sleeping
Running .SpeechSynthesis
ExportHTMLTimer went off after 30000 ms., calling getDirector().finish and getDirector().stopFire()
30046 ms. Memory: 1930240K Free: 903029K (47%)
Exported /home/travis/build/icyphy/ptII/ptolemy/actor/lib/jjs/modules/audio/demo/Audio/SpeechSynthesis/index.html
37379 ms. Memory: 1930240K Free: 871223K (45%)
####### 16 Tue Sep 25 02:32:58 UTC 2018 $PTII/bin/ptinvoke ptolemy.vergil.basic.export.ExportModel -force htm -run -openComposites -timeOut 30000 -whiteBackground ptolemy/actor/lib/jjs/modules/cameras/demo/Camera/Camera.xml $PTII/ptolemy/actor/lib/jjs/modules/cameras/demo/Camera/Camera
----------------- Tue Sep 25 02:32:58 UTC 2018 About to sleep for 5.0 seconds before running or rerunning.  Test is: /home/travis/build/icyphy/ptII/ptolemy/actor/lib/jjs/modules/cameras/demo/Camera/Camera.xml
Done sleeping
Running .Camera
23277 ms. Memory: 1909760K Free: 342284K (18%)
Exported /home/travis/build/icyphy/ptII/ptolemy/actor/lib/jjs/modules/cameras/demo/Camera/Camera/index.html
29365 ms. Memory: 1909760K Free: 314167K (16%)
####### 17 Tue Sep 25 02:33:32 UTC 2018 $PTII/bin/ptinvoke ptolemy.vergil.basic.export.ExportModel -force htm -run -openComposites -timeOut 30000 -whiteBackground ptolemy/actor/lib/jjs/modules/cameras/demo/Camera/CaptureOpenLoop.xml $PTII/ptolemy/actor/lib/jjs/modules/cameras/demo/Camera/CaptureOpenLoop
----------------- Tue Sep 25 02:33:32 UTC 2018 About to sleep for 5.0 seconds before running or rerunning.  Test is: /home/travis/build/icyphy/ptII/ptolemy/actor/lib/jjs/modules/cameras/demo/Camera/CaptureOpenLoop.xml
Done sleeping
Running .CaptureOpenLoop
21981 ms. Memory: 1900544K Free: 167892K (9%)
Exported /home/travis/build/icyphy/ptII/ptolemy/actor/lib/jjs/modules/cameras/demo/Camera/CaptureOpenLoop/index.html
27464 ms. Memory: 1900544K Free: 131102K (7%)
####### 18 Tue Sep 25 02:34:04 UTC 2018 $PTII/bin/ptinvoke ptolemy.vergil.basic.export.ExportModel -force htm -run -openComposites -timeOut 30000 -whiteBackground ptolemy/actor/lib/jjs/modules/cameras/demo/CameraWebSocket/CameraWebSocket.xml $PTII/ptolemy/actor/lib/jjs/modules/cameras/demo/CameraWebSocket/CameraWebSocket
----------------- Tue Sep 25 02:34:04 UTC 2018 About to sleep for 5.0 seconds before running or rerunning.  Test is: /home/travis/build/icyphy/ptII/ptolemy/actor/lib/jjs/modules/cameras/demo/CameraWebSocket/CameraWebSocket.xml
Done sleeping
Running .CameraWebSocket
WebSocketClient: Connection failed. Will try again: Connection refused: localhost/127.0.0.1:8071
Connection refused (Thread[vert.x-eventloop-thread-2,6,main])
WebSocketClient: Connection failed. Will try again: Connection refused: localhost/127.0.0.1:8071
Connection refused (Thread[vert.x-eventloop-thread-2,6,main])
WebSocketClient: Connection failed. Will try again: Connection refused: localhost/127.0.0.1:8071
Connection refused (Thread[vert.x-eventloop-thread-2,6,main])
WebSocketClient: Connection failed. Will try again: Connection refused: localhost/127.0.0.1:8071
Connection refused (Thread[vert.x-eventloop-thread-2,6,main])
WebSocketClient: Connection failed. Will try again: Connection refused: localhost/127.0.0.1:8071
Connection refused (Thread[vert.x-eventloop-thread-2,6,main])
WebSocketClient: undefined: WebSocketClient.js: Error: Connection failed after 6 tries: Connection refused: localhost/127.0.0.1:8071
Connection refused (Thread[vert.x-eventloop-thread-2,6,main])
WebSocketClient: Connection closed because model is no longer running. (Thread[AWT-EventQueue-0,6,main])
WebSocketClient: undefined: WebSocketClient.js: Error: Unsent messages remain that were queued before the socket opened: [����JFIF��C		
 $.' ",#(7),01444'9=82<.342��C			2!!22222222222222222222222222222222222222222222222222����"��	
���}!1AQa"q2���#B��R��$3br�	
%&'()*456789:CDEFGHIJSTUVWXYZcdefghijstuvwxyz���������������������������������������������������������������������������	
���w!1AQaq"2�B����	#3R�br�
$4�%�&'()*56789:CDEFGHIJSTUVWXYZcdefghijstuvwxyz��������������������������������������������������������������������������?΢�+C��.�k�9%���O��kY��q�±�o�	����ER��ҋW4PV:o�k/����7�Q��e�=����
�h��b�鿵����8��G��������+���c�GM��e�=����
?�����8��\�{�":o�k/����7�Q��e�=����
�h���9�kY��q��k/����7�W3E�!Ȏ��Z��{���kY��q�¹�(�1Du��p]n�_v�g�?�MX�����mV3\��!�0��*QEQEfA��mx�����v�$ݳvq�c�K]���o����F$ݳn2H�2}+�����ן���R�x��Cp�ײ��MY½O�*W�l
o�r���QE雅Q@Q@Q@Q@Q@:����mV.��/��[U�W�f2�(���AEPEP�o�F������T�u�!����&����������U/�n��_�	���0_�%�sQE{'HQEQEQEQEQE��������b�������\�~&c-(��QE��@�G�GU�3�֧�t�5����/"E.��2!n2qRiqxoĞTZS��W
��E"))# f6;s�E�>NdQ��,���p�y32��ŷ�<ߕU�mޟ���j��=�sq���uc��m�:�ޥ,j��͈v�A3�W(9�Ucӱ��x�ú���*+;Q#���l�j)��I~�c����r����`��~]v�����9�����'�(��ѿ�����}���4��C���*T���Ui|�5�}]5�P�R��dL8���ހ��_�=;�������h�������
?�to������_�~-� v��19
�$��9_�^x��T�͛Md��Zq�>d^�Np���j9��>������h�������
?�to������R��.�/.��V���͸��UQs�rH�{ɭ/	h�� �_M��Ye���ylfU,��ޛ�A�hw��̋�GF���N?�Q�����'�+{�����n���.#��F�ӣ��	f��[*I�v�CX1i����k�4�i/���E`��ܰ�'
8�>�;�c���R�0��ѿ�����h�������
�k�?^�cQ���{V]��P̾�I��Z��w�xA5.���R:��h��F�w�9�'�nq]C����)��5���ȱ�\��+���ӎ;�UijZ��jk��X���dX�_'n2�8����|G�i��:��$���S�' G$}i�.搦���ͷ���������Oм�����ӟ�R�%I�%Fy۝��+Z�ޥk͝�K��8u�89��^��Q�fL���Em7��䶚�ɖ(s���u g${�Ũ%��
+�M'CMj?\\j?�,��Ki�h$uܱ�N�pW��:W8��$�������RA�Qq�������k��^\Cmo��,�ym�'�U45���b��o�M�j2ؤe-tyM̓H�`������(�ԒVh���힡������w����ܻ#+4,�C�2O�޷%���i�9b�l$���Ri�3*�a��[$`<q\o���n���o�K�_������Bj�\��mywQ{M��_@�c�Ꮚ�mAc��Z��ķ���9�������|9Y�;(���D���
H	�'��q���tW��&o�o��p|1�RM�,wڋX�<ؖി��9c���i��������X���zr޼�� ,�fM��9P˸��+��:~�w�_�}c1���9��q���?1G�B�;/Ac��=K�^-r��Q���pa��M�q��_ú��G�4�C8X.�������T���յuJ�[��@,��@9�֫�B��7��z����%�ݖ��Z^ZX_�_�=��"(�R��� �p?Z����]�iz���^��Mwy+�̲(2JDJJ�,`�ƹ*U+Y�|ǰ_x���S�����Z�q�Q��V�0Q�`[8ۏ�\�ri� �&����.�{�Ot�v6��Ƿ���H���(��������b��	P�*�[J�_��m����j��3%���iOȨ�F=?��kӴ�K���K��N{�LG��7,]Nd^���rH�kf��Vum}���v;]��Zo�mn-/|k�y8��?���;����#�⸫��k������H,�nf��}��ױ�>	��Tlk~O��5s���4��5jZ�ڍ�����-�N�(��YCgo-�|�m�h�Ēm�$��(��iK5�aɻK�N7GUqw������9d��[9��̎4M�2��c��k��yn���Db���k��d��O�v*Z+�H�R�����������U�٫��]���=�J|���hx~4��]�"c���M�˨F�D�|�2�sU<7#�]�]�|����U<o<�kP�r���±����'��[올·���}���kh'�-���/��Q�Ko����������~%���k�����^׵�c����ϟ��>�m�>����[ϼ_���o�w?��/��h�]���K�}�=�{���|�GI�Ko�����}���}���sk�����G����_����c�?������:O�[ϼ_����f��<��3�;T��k�����L�i%Ǚ#�:nbqJSMZ�&;7��0�
vn���1��������3��e֦����\����?��<���E��EPHzR������_���(����(���������b�{�?�����h������b�{�?�����k�����2袊�M��(��(��(��u��k���?B��!h���3�(��)JZCҷ����%Q_^rQ@��?�s?�Q����1��U����'��+��q�_�}�u��می����3�״��3�|�*�E�hQEQEQE��%(�\���y��EWɝAEPHzR������_���(����(��(��(��(��(��(��)GZJQֹq����*�(��:��(�����=+|7���1K�bQE��!��, ����JFIF��C		
 $.' ",#(7),01444'9=82<.342��C			2!!22222222222222222222222222222222222222222222222222����"��	
���}!1AQa"q2���#B��R��$3br�	
%&'()*456789:CDEFGHIJSTUVWXYZcdefghijstuvwxyz���������������������������������������������������������������������������	
���w!1AQaq"2�B����	#3R�br�
$4�%�&'()*56789:CDEFGHIJSTUVWXYZcdefghijstuvwxyz��������������������������������������������������������������������������?娢��;��(��(��(��(��(��(��(��(��(��(��(��(��(��(��(��(��(��(��(��(��(��(��(��(��(��(��(��(��(��(��(��(����o�x��L�yR��h�0��u�[�l�+�f��F�X���A��ӎ"�21��>�J-�䓱�W[���~���5s��pi��X�[��fY�s�,S�@��k��N�y�[�_��)kPe]҈�@�@�Ϩ����GAEhRP��?�p9���Q��x��f��w�7G=�ƻ.���:+@蚒�&��s���}?���Ȯ�öP�M�����t��T����s]�#[hP<�<�UT�9'f��]I$AY�19�Cm��dpx8��m"�kL���DK��f�lb�'�҅�{)��g�{z������V��(�)vc��J�x�M^M^���Ko祫���9#�u�<��'u��b+�6�����#j�(H��r8;�98�V��`����W��]KK�WO���;����xq���W5��N����:Hm��e;rp2��ϭsي�Ģ��� �H]U4�ͣ��RJ����җO�o�5[8.�t��p�9��ps��>�{Qf˹�Eo���H���>�:�|��A�9#�f�(���{�&�����|7ww��vD�|�Ɵf�GP�d�'���:W),o�� �$R4n����?7����A�;�]?Ɩw�0�[F%/4�yOԞE�[��`���W��5�G[]"Ss$΃��9?�`�[�=W����u`i*��E�fU��#��uoxB���X��Lk����&��e����WO���C�u����*�-u(�.V`��	�Ae�-����^/E}��
N^䬽5�����y�+Y���5����6WMmחZlL��&�2���Ĝ�)�8����W�^��Oڭ՝�zf�$����o�k0����C�^U�mf�H��V�|��X��#ֻ�L����u�|��_=�ӧC*Q�����B<��oq�p���S��H���ӄ�d�-�K*y�ĩ|�g�tl��5��X<���㽬D�f�.Tt���ע����A�:�U$~ h\I��R��u��e���y�Y�����s�����"���<3n���s�L���ق2?�+���iX��k�&�8'�޹{kՆ����jw��;D�-b������'�SW?���|����B�P�ƾ�­$����Q^YG��O�����њ��V��]c2JR(�:2�֫\�c.��i}���B]L�m*���dHpxe�0#ޓ�m?����!��Tm���]�?�*��h:��S��ﯽ�ޡ`5��N��#a}WN-v��_�R�9���\�I����Ӯ�M��Ku��NM�wQ�'�Yb�0ݑ�<����O�����Up��7����_�牢����梶��Κ�ĚF��
�C{�k������iب�F3��׊�-H��>(�u;��O�	Y�[z��/U���ぶ��&��x���4d���}Ƴ��/�_x��/���t�Cºg��n ��]��a�o$�2�Twy��9u5���������Y`�����J	G��g\�p_���o-���6��A��Oj��.0O�N�y��K���V�S�{�[��Sh-����7��=}��t�[J�brLI����E)J���sqq���X�1����/$7S�H�\�#D]�2���#���2_\\�K���f�1���HϏ�v(��+�0�
��Ǫ��?���KSG��B+1��c]�SQ��o���������	?�G٧����E���_z<~Iv/h�����kR�t�hD�U)�cp�zև���_ξ9��c�J
�MV���T�֧ag�6����MTm/���k�� �8��в�������_<%~g�?����e�*������[����?�,����������S���dY�h���_��o�W�h�в�������G�1���e�*������[����?�,����������LG�?���f����e�?����Ə�/�������4}S���afc������3Y�Y��[�h�ǖU��k<0a�A�W�B�HQ��Z���e-QTtQ@Q@Q@]��UJ�u���U+�8��z����(����p��(��(��(��(�v����R����?�W���O�o��E�g�QEQEQEAu���U*������T�����%��?�@��+�9(��(��(��(�����?�UJ�k����^'�?Tta��OEW���QEQEQE�����T�w_���R���ܗ�<�O��(�l�
(��
(��
(��
(��
�k����U*ݯ����x�A���Qц�!=Q_zEP��, ����JFIF��C		
 $.' ",#(7),01444'9=82<.342��C			2!!22222222222222222222222222222222222222222222222222����"��	
���}!1AQa"q2���#B��R��$3br�	
%&'()*456789:CDEFGHIJSTUVWXYZcdefghijstuvwxyz���������������������������������������������������������������������������	
���w!1AQaq"2�B����	#3R�br�
$4�%�&'()*56789:CDEFGHIJSTUVWXYZcdefghijstuvwxyz��������������������������������������������������������������������������?�(��ࢊ(��(��(��(��(��(��(��(��(��(��(��(��(��(��(��(��(��(��(��(��(��(��(��(��(���C�D�2������m����Ǐ��F-���e<;Ji�������m?��<Ə��O������l��֣���`Q]�� ��N�����A�������r�j���/���g	Ew��?�;����
?��w����}j�����I~�p�Wgs����y-ݺG�����o���������x�̍�Z2���9J+���}��ŗ����M�o����������t?���)Eu�o�������������?_����4}n�� �s���Ox~��>5��k�&������06��0H#��ճa���3����OZ�Ԧ�]^(�s68]џ��S]J-��N�Ei\h���.�=���+ְw.���Sns�q�z�c��wR:H�����}��я7��Yվ\c�3�4��ta�]s�/�qۻx~��$��9_�b���/����A�JtԮ���TĀNv���Y�2�stW\��kv�����@�I��W�ت��E����>��z`k��ʟ<k����b='ڋ0�]�z#��A�H"��j����#�4�?G�Ԭ��aoc�s!uQ��FI=�5���ĺ�iWL��m1��̪YCd�������%c
�i�w�����Y���Ə�Y���ƻ?xO�G���.na�yZ�N�&P�̰��X$�B:��KO�W�~"�y���;+4V��r���/L�Q��p�ʏP��!��=����F����G�����F�����,mf����۸Vb�Dϼ�x*�xW��VN�/k���EZ�ӯ,��Ż��N�����T�����}��Ѣ� ,2p2�O������M�΢����V���clS~���}q������o���Ѥ�PJ�u���<s�MP�ݹ_�e�����Y��E�,�$��u�9?�e�ʜ��+QZ�k�lx~G�mSjy�F��x$uܨ�;��_�Qұ��`A���z�) �� �Ү�$���P<��]����'I������?;|��0�c���ֿ��=�xK[�յO�ڣّ$:4��Y���'ӷZ�z����6_�?���*��t�+^ɿ��K�U�ok���u.?|=���S��}FMe�i��_.d
��Q��jƏ�x{E��Z��]2�:=S�W+:�F\dn�F�X���v2:�7�?�V����k^W\�v.U�sMkw��ј��F�$�_����5��?$������W�����A9o����ֺ�k�M��>Ӫ�E�(�Qu��*��6D{�~P{g�^?Ews�.�;/kb�~6I�1���(�>%�-)�v�r�);�ۭ_�����qwcw��c^��$��!�p�ʆL���+Ϫޙ��hڔ��7�wn�M���c������� ��1��i���+��F*1��a��M�H�v��j�؞)��-�-��;����~Y������ڔ���y%��+K&���T���(��S���{J�׈�1g�jVw��z�ƣs%��"*�1UBT�� �k�=Ɠii�h.�i}m���i2Ƞ�)�*Hܨ1��E1(X�3Wլ$֣���<d��V�&�2���)l�h��}'Z�jX�>!���:���K�6�wq�YbV�0�Z�����JI)G��h`h���\>)Р����O�-e����n���؈z6��w�Xi>� ��?R�f�=�'/wq'��|��(�;�*�������N��[^�t���Ӽc��|kk��$?�1ǔw�����#����u?��k��6{�������n��i0O�*��L���6���yy�e�M�oW֦��{{i~ηo2��mP���ogϾs\�����݉,֑Os�V�ψ�:��u��������gn��Ԗ����4M�2��c��}+���{y.�"0�wq5�D�S͑��}��U�(����嵛w~o`<.�<�#M���@jí����e�����W�'��#�����;�ȭ{���ּ��S��+^��?�5�+�����G~q�u�����+�<��`Ѽ�۽O��O�4�����H2�A'�k����ȳ�ל?���$۹������f�xd�7�#���R������y?���讫#������9��������⪎��Zhz��~�b��Do:C�
H8-�]�f���E�W�����EB�Ne�?��EW���QEQEQEQE�u����l���Vnx?�F�/�����د�O��G���<=W�w0��Z�����y]z��?�V����k^W\9?���������aEW�y!_@xw�E�+�����|�_@xw�E�+�����ta�g���14����<����ȵ��ל���*����Z��y����ĊtQE|�Q@Q@Q@Q@[��������5a����i�����_M����z�_���~gq�����ותx��Ek������uÓ������?��?VQEz�����Yҿ���W��������2)u[�-"VF�@T�g�]�<��-�6:*+7��������	��A�?�S�k���%�Ҭ��ȵ��ל����������w]�&���Z��������!,J3ɥr�	s-�\?�,O������cG�,O������c_����_����H�(��D���W�L�4�������K��+x�+���˱�Q\/�,o�����cG�,o�����cK����W����c���_�X��
�ɏ�Ə�X��
�ɏ�Ə�b?��_��]����c�+�&?�?�c�+�&?�>���_��{9v8Z����6_�?�������S�;���S�u#>�3�<a�"����CZ�(�|���/}no��}f������(���(��r��SW�:���XQE@QE#}�e=��2����QE�(��(���, ����JFIF��C		
 $.' ",#(7),01444'9=82<.342��C			2!!22222222222222222222222222222222222222222222222222����"��	
���}!1AQa"q2���#B��R��$3br�	
%&'()*456789:CDEFGHIJSTUVWXYZcdefghijstuvwxyz���������������������������������������������������������������������������	
���w!1AQaq"2�B����	#3R�br�
$4�%�&'()*56789:CDEFGHIJSTUVWXYZcdefghijstuvwxyz��������������������������������������������������������������������������?�
(�����(��(����}:՚�f�	&0I8�c�6��|������o���?��"�W�9˙�~�B�'J>��t*�f��ϕ���_��6��|������Z���]�}�/�_r*�f��ϕ���_��6��|������Z��ywaK�W܊˧�)��[��#�O�-�����|
���Z�tRx��/�_qR�����##B8�v�{�,���m����޵��&`�S��w����3˥^qt���tEMO�Y~?ҨV�����qң�,?��MV.��YԎ���y%��G��f�Z_e�������s�5�b�1?�����EIp������U�V��9S{�o�(��
(��
(��=M��]��qO�U�����.������*�x���u�G�~AET��Q@Q@^Ǎ��so�\�u����q�\��W%^��fU7
(���(�ۯ����T55��|����G��������QE�EPEP�i�����)����Ut������EZ�?N��(�/�(���P��(��(��lӮ[�NC\?����=]��,�!z�+���x���5�����I��_�c�x�4����v���`}������}�����տ��a�<?�����8c��%�%ڋ�簯C�����ڵ��1�S��u���B�������}������N�ṷ��7���C�͐�1���(���9NNr��WG�M��3��k�&�����а6��0H#��կa���3����kV:���uh�1���wF~R}MK�@�ڹ��Z7�i�ɩOm��Ez���"p��m�z�1�V�|#��GI�>aռ�9�����.=�٧t+3��_Ꮝ#���@���*H?�r��,UY��k[hSiN��ʳ��0�Nv�=�Wث�o �8V(
ơA*s�1�O�����y[��-�5��|iv���'`�RA�h���b��x�����T�S�遮3*|�J��b='ڱ�4_Dw��e6A�	U�����[�h�����y[��-�5F�H�ԭ/��aoc�s!uQ��FI=�֧��_뭥\I2K5����`32�e�~S��ޏaK�,����!�����y[��-�4�U}�<�����<�=?���������km:8�@�e��*��'�:��=o��¾��������Xf+��d�z`�i{=������3�����o�|����	U�����[�jݟÿ��+�[hwZ2oVʆe�N�=09��7���C����6�WZ����hU�cHD;������q��aG��g���X�3^X$�*pA�:��O�Ǡj�/���2�{��X�n܃�j��|%��:ۯ��!������#�5�Xa��`�h�%�v<f#���V������?�������t�~�&�5Dӝ��?08u'o����+���*�&K�7Iy�nA1J%��
��s���8�sf�a*�I�_�'	)�UԷÏ%����7+��0�P~^�.r��\�|��w���Ez,~i�}KT���-�q���Ƞ�o���W��:Wwm-��Ť�h%h�_FRA�4���[�W���M7�>�w}u��~v���".ap2ǁ��hz���F�X�|_��}��x�4y�̓H���(��Ҹ(q�*2IY���nl�c�GN��t�S�_�Xơ7�,��*Ac�WM��ѵφ����L��N�T�U�Ϊ����$)8݌��j*y�u��xwZ|3�O����bQ^|KpZS���Rwc�Z�#�i6�?�Ӫ�C�(�Qu��*��6D{�~P{g�^G]��}>���O햖�<��ta��~q��AT��;Q�I�]�^ք�h��b;�@ؔW�����A9o����ִ$�<z6������ot�z�����d°*r{t���F��E��'�Tֺ]���]X��Z�G��[�d8�FGZ�`v�F�q�!��1���&Ux�Cw���F6�1�齉���S��:^�����������z�hv�W���귳cu��#���
@�Zw���@��O�.ڒ�z��u�{J�׈�1g�jVw��z�ƣs%��"�b��� A��?�k�&��J�4]F������^�e�A�R#RT�Pc���F��E��'�Q����"����),=���Sw�	u�OP��4�߇�ȑFT��/��(ʂ��Wֹ���|E�cK�67~&��<�6�\ǳ���H��n��@'5��`h�����d�
?�4o�X�2�/����s�f��������Z�%���_[��f��EF�!�OQߊ�Դ=J�����M���>Heg��}�wH�W�;��~�o��<6��K�jF�T|��P��������-m���wӱ���'M��~�����<Wmq��4�#y#������̐�����㩯)�F���a�<�Cs5ͺLF���Π� �S����G�.��&�ӭ&��ny Vc��"�q�o��?5������Tx��4�e�Ea�6_�=�95�F��R���>�����o'�������"�?�z��}2��w�[�֐ʾ^׎V�Q�����g�ΌM7N\���������kOO�6��5��͌�E�� ؑ����z��N�꺽��ј��Է;��r��j��la)]QTHQEW�|-�����������>��[�����P��������D��+����(��(��(��?������"�+O�?������"�+�����������T��»��
�����+��������_��<��+��g����K�?�(x��D���g���f���_�&���?���5�U7=�����(����(��(�D�[�1o�c��םע|-���������X/�����EWA�Q@Q@Q@'��;s���EfV���;s���EfW����E�	��x��'��w~�����B5�Ww���[���#\y��W���G#�x��TP���������F-x�{7���M����1k�k�nz9��W���QY�EPEP^���b����g�;�D�[�1o�c���C�:�_Ǐ��=�(���
(��
(��
(��8O��v�����̭?��v�����̯�����>��S�O�
��=� +o���k����������F��O�_ў�G��/������o����Z��oț�l��b׌��T��s�O�
(��8�(��(���o�ſ���^w^���b����g���u`����z%Q]�QEQEQEp�!������A�Z~!������A�_W��=�|&3�������{�@V��/��	]߇��m��Ѝq��^��=���_��QC�_�&���?���5��:��6�����ů������?�^��QEfp��, ����JFIF��C		
 $.' ",#(7),01444'9=82<.342��C			2!!22222222222222222222222222222222222222222222222222����"��	
���}!1AQa"q2���#B��R��$3br�	
%&'()*456789:CDEFGHIJSTUVWXYZcdefghijstuvwxyz���������������������������������������������������������������������������	
���w!1AQaq"2�B����	#3R�br�
$4�%�&'()*56789:CDEFGHIJSTUVWXYZcdefghijstuvwxyz��������������������������������������������������������������������������?�(���8B�(��(��(��(��(��(��(��(��(��(��(��(��(�4m4-:�+b'	���n�b�0�U>g~��Cv�6�u�֪����vxݦ���EZ��]���(�������ͫ�B���M�QTdQEQEQET�A%��K�۠�=���.��>�����e:���NI?6D���B�����Ͽ�>��G�.��>�����G���ξ�/kO���P��M�_A�<,jX�����7����=�֭�Y7I�n�x|5LJn����yi�@j��_���Z��G�����j毂�*���(�#$�S��)Ѭ�%{��}�T�h��mێ��낥9S��֧�N�jEN�QPh0���֊����LW����0��*��(��(��(��/������&����U�Z���m&gX��2P�x���uMƍ�(��χV�k�n��Ir2cbW#��پu*�F�[6qbhJrR^��h���m鶬O9�R�2�X�3����ҧ�N��[8�E2^,�n�b� Lo �d~cּOe;������fej��	�������J�-G�ԚdȚ|��DȊ�%N3��yԾ��4�s%��#"a��6v��}o'N���ׯ��7��U�ׯ��Et����h�;h���@
��@�㊂x��S�ΛNd��Zq�>d^�Np��5�>���j�7���g�������z�Ѭ������W������Ϊ�� �?!�n�sK�YԞ�C ���ۄ`7J�YA�<��zo/�䏦�b)���7�ݾ�VdQ]G��9e��~k��.ff�O�,��i�=����e��_m?���{�����.�$�GlW/$�4���s��ť��lf��V�|Cw���4��ܮ�l�,=B���
��·Z��b��mn.o�R6���8�E����az���FK���b�y����h���6��jawg$wM���ql�1��J���O]�t��_i�� ,�nN@9�9��0�1h�����&�5Dӝ��y�é;}v�?�.���T����Oi`�1�A"v���ϯ^�]+�a�[���%��-�L�A�����q����MnWX�����H��8���H�cl���=GJ�d���Xd�'h�}I~JI�ŭ·��V�>2����+{x�V�Y\" �OV��{���o�|C��wPīm��n�i@`p	N=�\\�o2�mu�q�j�������8��\X�<�I4��vֿs3�涗����:�5����W��t���y�I~�.��z����d��g��K�
=��c=����<`�_3gRU�O��Z�����mj����/�W<p����������1���4���߱z9�~�M����UK�d�-��"�y�ĩl�g�h�gXҬ���ڕ�eo����
H	�'��g�\�ί}-�Ѽ�VFR6/ ��s���0�=��F�}ֻ�ӹ��4j��i���3kA��ᇉ�k���Rk�l����9����Q�A���[�^�NKך�$���VQʆ]�g�q\�Y�������s�r���~b�������a��^_���gg��K-N�D�$W�Y��Փh��E��2=7������k�7���:���L�m:O�ڍ��y|�W�I5��`�������������W�������F'��*Jmmt��N��4��}7H�G��t�F���N�����fY<�J���X����O��6��i:�����H��,��$�bRT�c�M��b��z���G�(��b��z���G�*}����ʩ�I��ίR��.�Xu�K��yh�6����@m�q��RM/^�EΝw�m6�K�Ot�96��G���Ie���vGʠ�k>o�����E,@c��Jȥ�G����x�HӼO�kx/"�m4[y������-!�����sz����V��|O��Wsȟ$2��\��;�^����mT�� �K���j�<Wmq��t�#y#������̐�����㩯=�����O��>��Aisq=����G峮x8/�}�U(����[����/�;�^]J��`o!n��LQ��R�8yl�מil[H�f9&$��E[��F��|�kqs�I����X[D�Cu5��~�$�4]�2���#����/f���3���rc=S̑���R�B��)]QTHQEɿ�I���U�Z�������&�0�3�_���(���=������9do3f6zn�>���Oe�<�?��5���O�����&�ϑ��\�_�:��I�����?Ə�I�����?ƹJ+.vy��鮼Ei=��,s�x�A*1�1�\�Rn�J�ERQEQEQEQEQEɿ�I���U�Z�������&�0�3�_���(���=�����?�]�V�����v����g�f�S�~H(����
(��
(��
(��
(��
(��
(��
(��7��?�?ʲkZo���d�ff}K�9z�Q]'�\��������J��Z~֮ן_���,���/�QYEPEPEPEPEPEPEP&�Q'���VMkM��O�O���lϢ��/P��+���������v�X�O��������%���O�� ��+#�(��(��(��(��(����, ����JFIF��C		
 $.' ",#(7),01444'9=82<.342��C			2!!22222222222222222222222222222222222222222222222222����"��	
���}!1AQa"q2���#B��R��$3br�	
%&'()*456789:CDEFGHIJSTUVWXYZcdefghijstuvwxyz���������������������������������������������������������������������������	
���w!1AQaq"2�B����	#3R�br�
$4�%�&'()*56789:CDEFGHIJSTUVWXYZcdefghijstuvwxyz��������������������������������������������������������������������������?Ƣ�+��
(��
(��
(��
(��
(��
(��
(��
(��
(��
(��
(��
U�S�Jr�_��'d�����ҏ���U�+���^����I�c��qM�&�\�z��pM�(�QEQE�۲W�(��4ӳ��QE�QEQEQE��X�QM�S���9�%t����i�c���?�~��}Z�o���d�뚈aiܪ����c�:w�|7���W����T�9�(�TI��t��O�����y?3��E}O�6���G�t���鿼���
d�REvd z֪�������qN��)�&��"��`�2h���s�
(��
(��Q@Q@��m*o�v�u�ȐͿsF@a�f�=�O�A����d�,�gP���III1�۟z��rI�����as��d�%��M��p��Lg9ӱ���v�zAn�)�_5�G��'�{�+1��V�x+�h�1Ҧħ���#?/㊂O�Qj��RX��̥�����6q��Y�2�dU�;�>���+M��4X��SbS��R����>��Z����Wf;�!�]yPy ��9��������'Q;��������JktK+H�����=��a�y%�o2�2X.�����r����sؕH�6��}W���G�?�tZ�g��-|��'�&;���"iv���{zĽ�2�1uR$w�����CT���ڸ�x�N�X��V�և=\M>Y��~��o�~��_C�L��w)���RrR��f�T��7�u��7���WEe	B"��G���q�
��VyNI�v�G�4��cwi$wM���ql�1���[�<-��vm��xm��e;rp2���+0�1譕��P��Ov�)����ۜ����u;Xn��X&QĈ�ps��>�h�e�Ţ��� KY�[K�b�;��RrG��a�k4�
+�MB�Y�×7:��Ӥ~d�Ɵf�G]�d�'z�s.��D��n����?���*I�ox&�����WW�0�[�%2M3�D[rI�Um/�U,.��O�j2ؤl��<��I�@0���JȢ�+!J-��nY=���&�Rմ�*��j]Y��7�����d?J�ӵm��~Xu�>����Rk��2�G��-�6�!�'�Ep�Us�����-������b���v��r�(�q�X�-�oj��WJ�ռ	��v��Y�Mp�2��K.������+���8:h�E����v���,W��Xn�6�nY�n9�����]��o�����mo�[h�n�L�m�����j�.�x.����A�ꠕ>�9�tajF5�籥(%4��x���N���������N]�m�C�c#�y���zU��5kK��E*�}3����o�}qyuw{{q�I<�wm@<:���F��?ƾ���B��I���/��0�)�9j����u>��Z���Z]�iS����Ҭ��IJF���,A���≴�6��i�����o�n$ki�EF�]�!�xe�0#ޫ�h�������W��"��q�{�X�U'j�v=49�J?ڿϱ��z�έ�k�K3!��{6�l$�m�q���M/]�L�}�t�g���J����0��K,\��>U�\��{C��M����xf���-B�F��;��o�"�0ب� ����_�.�m$�ĺn�y<���+=���S�E���8j)s�S��m����[�E{��[��&?��2B�F:�G#���]^[�x3�v�9�����{a %|~[��8g�>��h�砕+;�������P��ԭ^���Sq�E,���7�ϽpZKѬY�$��I=�QW(�r�Q�)��]h�?������)$��k9��Ih�<e�1�G��6;�/��h�R]�Mtc=S̑���(r�FaET�QEQEQEQEQE:(̲�k�]���Էv�Y�#��%w|���Qg������]׿��?��f��F/*�t�9Lc�<���EQ�O3Zq��d�sz
<��\��c����I�7���oAQ�G${�*�1'�ނ�9�GE��X��Ū(��Od(��(��(��(��(�����?����:�����1��R������ή�������3]��ܧ�ƛ�j*�oᨫ*
<�W�_��(����(��(���EW�Q@Q@Q@Q@Q@������t_�Wu���O��?��V��o�]���{�?�����k�����P�ER��5eO�G���+��QVs�Q@Q@����=�(��(��(��(��({?������������\��5J��?����:�����1��w��r��oᨪ���V��W	�&�r�j��m�g��~�J�U�(��A��~�J�U�(��A��~�O��, ����JFIF��C		
 $.' ",#(7),01444'9=82<.342��C			2!!22222222222222222222222222222222222222222222222222����"��	
���}!1AQa"q2���#B��R��$3br�	
%&'()*456789:CDEFGHIJSTUVWXYZcdefghijstuvwxyz���������������������������������������������������������������������������	
���w!1AQaq"2�B����	#3R�br�
$4�%�&'()*56789:CDEFGHIJSTUVWXYZcdefghijstuvwxyz��������������������������������������������������������������������������?�(��ࢊ(��(��(��O�F�w����=�y�I+� ����=�@:w�{G���ڌSn�Ud�V0��ҿ�����_�&��@4��������������p�a�%���ҿ�����_�&��@4������������=�;��s���J��������?�ҿ�����_�&��(�p��]�W�+�~/���h��J��������ꨣ�ð{Iw9_�@4����������o�~�о��Y&;~�5��6�ֽ:�o�������%EHEE���99$���E�t�Q@Q@Q@Q@{�� ;�����Ex�{�� ;�����EtPݘ������9��(��(��(��o�������%w5�|D��o����+:�4��+��
(��
(��
(��
(��
�=�@:w�{G������=�@:w�{G���衻1��/QE�sQ@Q@Q@p�?��m�J�k����0��k��Vu~iK�GEW�WC�m���1��/d�;{�3{B@q�6a�ATv�]?F�W�&KP�lu	��2���c�����?)>��E�\�v8�+B�C�mt�5�Z�x���"p��m�r<�U�/	�z�҅����q�r7��YոǾ3�4��tb�]S�5�i��s��*T����X��xĐk���[��r��Șp'��{�f˹�f�"��>��4�v�nq9
�$��9_�*���-����6��y�5��eO��S�G�$�W����)FS�M����%ZI��Ez^���I��[ݲG#���(�pZM�i{wk{{����\�H�'����n�k�=q����%��Sk��T���?)��Ͻu��I9s=7����Q�s����A�����'�G�&:����?����?����n�����+������eY��k��lt5�����u����k���XbT��������[wg���{��K�����t�0D_)�I8�lןxw�>)��O����6"h��*������c�z�ZU�ޗm5���3�|m���,Q����?�z��+�J�)%M�fuf�����Z�,�N��1֦��u_���4p�Ň8�H�p(QZCԍ��E�}��nw��-����A����%X2����x拠3�����0��k��W����$��r,qgy$c���4���0��k��Vu~iK�GEz~�ž�k�CR���w	�$6�K"�H�'q<�#�t���K;��f]�A#E"�2����G��$�:��7֚w�=.���[h���O D\��e��Z��]��Z�������Ei��nd�D�W � rJ��J�R�n���ş����k:n��>�&�E��\L�#)P��ʺM#Q�����:���ze�tZ�ڮVuT��n�F�[ ��ȯ�����>�:�k�/$����P6%U�ķ�>n9o���Z�|'��6�Ʃe��T�W�p��un~O�l�=��h���:�k�/�ڐ��P6%U�ķ�>n9o���ZГı��'û��d��>��[���!�0�ʆ]�g�q\1�Vt�J�H�!����u��Cm8�pA�q_I��)Q����Z�3�zI����6�F��ʯ�.��h��E��2=7�#���3��b��LԳ���G�s��5WS�5kR�Q�/%����Ɂ��=��U+��p���{�_��kz���xf�Gԭ/-,��F��&YD�T%I�����zN����Ú.�i=���w�Mj�2��R"C��0�ּ��O��+Y���6�2�,Ԅ�����,zn8����+�_y�j���������Z$O%�]<��ʨ�[�R�9���Yk&��x:-K�Q}�[��	p�n�q��,��ʰݑ�Pz�E|������KO[K����E�K��:,:t�^i�M��\\�Зv]���l�p7V�_���[Y��-Nic��1{����}���q��h�G�%��KI%���㡹o}��?�q\�m�����&8���X��Aq޹��T����n&����滚ظb�������>��:(x�[D�i�^N���4lo���+k:����Am7����S1��P�����k��D�'�|0�If���쎽���wM����%]:�t���\f_4#8�v���Ğ��im�ˏ鶶����ldr.�X�ď`JG��5��mOT��Z3����a��[�j�nW<���(����M7�=Ɨi4�{��v>k�����k�=�|��+��zQ��I&����x�i���+ӿ��?���"�������>_��ƫ�&�u���}v�fy��I[�-ӭt�V(m"��h���w0�}�`���)�tc�2rS|�(���W��C�Ek/������~��Z�����x<C���/ɞ�G��/���ܢ�+㏪
(��
(��
�~!��7�����W������d��>���G��
>��8�(��(�����@�����*�R���	a�^���"�������O�aEU�y���9�{/����נ���W�Σż�*,!��9����7� ������������$��	�Ejr�WQ�&��=�����h��T������5\��_��s��S�����_�?�����T������5��6�-��̍${�P�9b{�k��	'����~L��)'�����hҢ�+�ϫ
(��
(��
�~!��7�����W������d��>���G��
>��8�(��(�����@�����*�x���6�\���������Ex������������=���z(������>�����	�W��G���?���~�Oh���:�/ȯg���ڼ����J����?#��0���{���n�(�����(��(�1���"y]��n�,H\����5���/�������-mC�<���+��f%Q]G�QEQEQEQEQE�^��^�����ymz��?�W�����mX��OO*�3��Q�EW)�Q@Q@yo���h����^�^[���/?����>#����FbQE�x��, ����JFIF��C		
 $.' ",#(7),01444'9=82<.342��C			2!!22222222222222222222222222222222222222222222222222����"��	
���}!1AQa"q2���#B��R��$3br�	
%&'()*456789:CDEFGHIJSTUVWXYZcdefghijstuvwxyz���������������������������������������������������������������������������	
���w!1AQaq"2�B����	#3R�br�
$4�%�&'()*56789:CDEFGHIJSTUVWXYZcdefghijstuvwxyz��������������������������������������������������������������������������?�:(���P��(��(��(��(��(��(��(��(��(��(���������N���6����댁ב�Տ�Fu���_�	'�VR�J.�I?T;TV��#:���/���)��{[�'�]P�4R��l�(�N8�"��k�Aff�E���(��(��(��(��(��(��(��(�g�G�"���?��w���#��R�����@�����9���tG`��ȩ�׌���Z��7�����x�����������(��`��(��(���m��͏���&��V����������k�h�����w_q�}B�������������
�X�������Mz�oc;��>�D���V����������h��m��͏���&�F�?�����P�|�EW�QEQE����T������#���ς�{�Ko!`�}&J��$?һQӼAY��b�5���"���݊���9̰k��ԅ��mZM�-���DvY^&��SX����Z�_�GpY9%0&���*\��H�>�[Y�n��O�D{�B��mb2*��]�#Q��#ּ�=
��+����ߞ�3�<-�-7U�޳tӴ�\�K���u�9��B:
��ޓ�>���ƻ?	x+�zw�.��������E*X��@?/�=qҠ����Z�:T�L��)h�.�`'�v=����a�F^ו���~����C�.d��9?�F�����ȏ�5-���{��m�ݐK"�d���8��#?Q]sx/�h�1Ҧħ���#?/�u���{?Z��Y��B.
����rH9��:kѨ�.��y/g����>��
��<?�?�������������S�����ߗAg-�K[D��g�**��$�[C���5R��Nb@�w8�+�y���Р�|�C�������c��k�"� �|�<��/C�**��#�Z��R����|$JI�����\?w�O��	s�B*O�=���a�h���W2Y�oVʆu�T'q�5�����e{���\�|-5e	B��Gv��Em�޷�K��Y�c���t�W�h������yg,wm��cq|�6�9�Үj^��;���l�ڂr�v��d���Z��V������a�hw���bQ[���I�.��l�d���@�I_]���R����gݎ��[�� �;Nrx�ׯj�x�<�e���^���*�w�Ï�����W?e��*ʣ$.rÎ���M9;5�Q^���)m���[Sյ8�Ouyx�Cko,�
F����FG��^wyi5��ŝ���V�E�e$�����=��uͽ��=���Ao�$��UE�I'�+sD�<?�L�Mv�U����1m�����DP0�G�����|#��R�����@�����0�S���N�>kO�kml���cx�gYğ����kZ���u�>�?�e3$���f�v��mwC�ž��Y����L�d�a(U�L��͞��l��H�VW���T�?��o��Xl㚬e8^n����ͷ��G�+�<F��/u-V�v�\nx��z��\��z�WJ�ռ	��v��Y�Mp�2��K.������+��'��=S����TW�f8�<������~��C�I;��V%�o ��]�$����~����Q�㜱*[>�ջo��eu�,n!ڥߛo�ѣOP�9��g����i���9-�he�UVE���FA����尌e$���[����u�ic���R9��@����S��Ѷ`�����Df�-&�=�2�W�;�]���k˫��.oon��nnYK\�PU<:��_ةSq���2��ǋ��:�����E7W����6�SQ�te�8#�q�䲟@�ɰ����G�Y���Ym%ʤH�<2��^�\�ğ�5?�e��R�/�G=\2�6�b����U���t�߇�ѤQ�:ͻ-��*����z�������A�[�>���e��~!�����u�G�Ie���vGʠ�k���z��Q�i>@P6/~�$y^ӹ��x�G��O�Kh�bԭtH&K��o�"��P��g����j�����s�	V���O"|�J�ur���z��w����Z�����mj����/�V��k�:>�ҵ
�)�����]��a�o"���Q��HH3�OQ�S^uow�_���k����PY�O-�s��|����C�~?���
?�������)F1N�h�Zi��K��6�jt���\���*�d�wgha<{޼R?�I�詧�K��Y[s�S�{Tu
)lD�s�.ú׎,� ��2��Z����Y�YbU<|���S^W��V��L���]Kq���-�֩�B�����#��R�����@����~�ȩu�_���G]�~]�����6��Y^&��SX����Z���o�5����@5ņ�4=W�7��x�I���_��*(�'��=S����TW�6C��?�?���1
����Z������*�[���-e�]��B�W���zUQ_���r��@�����J꫕���"��l��jS�Č��
^����(����(��(��(��(�g�G�"���?��w���#��R�����@�����9���tG`��ȩ�׌���Z��7�����x���������>�Cy��'M�5�erFp�����7��ϧ�D�S���w_����.:�
�ibkRn4���m��12������"?�Ӣ����,v�t`�|�����N�o�jΤ��t]�Q\�
�~$�ȁ���/���W+�'�DO���ԧ�W����Q]��Q@Q@Q@Q@����EK����:��{=cS��1Yj7vі�R�=3�z�?*��	6��A�K����w���gYM%'�j�ec�
��7�����x����O�I���j_�'��%��<O�ơ$n�]��`x ��+
\+Z#7Qh�ه�G�| ��N�����E�^�^���E;����z}UO����1
(���(��+����"��l��jWU\�ğ�5?�e��R�~$e_�R�g��QEv�8QEQEQEQEQEQE{W�������\u���?�S������qנWO��C��B�(�7
(��
�~$�ȁ���/���W+�'�DO���ԧ�W����Q]��Q@Q@Q@Q@��, ����JFIF��C		
 $.' ",#(7),01444'9=82<.342��C			2!!22222222222222222222222222222222222222222222222222����"��	
���}!1AQa"q2���#B��R��$3br�	
%&'()*456789:CDEFGHIJSTUVWXYZcdefghijstuvwxyz���������������������������������������������������������������������������	
���w!1AQaq"2�B����	#3R�br�
$4�%�&'()*56789:CDEFGHIJSTUVWXYZcdefghijstuvwxyz��������������������������������������������������������������������������?�(��9����i��~��p\uݧ���Q��}�J㨦�?�oҜ\�EP0��(��(��(��(��(��(��(�?�A����elב�՜99[��>���R��=�T�m�}�~��?SG� ���jj+���o�{>��8_����� ���h�$��MMEY����a�/���ܿȇ�s�4}��~�������w�����}G�_�g�đlظ�s�V��������N��)K'w��ψ��6q���E肊(���
(��
(��
(��
(��
(��
٬jٯ8�?���������QEx�ԅ(��Ҷ�)Y�o�}��W_���W+�[y�~}��l�?���������+��Yӊ��<��^�GR�.ߛ�2��w�5����g�_�w��W����^����.�?�e���k�������������^�QG֪��������2��w�5����Z�"@��dg8�k�n��������ש9�L�3|���:��gu����EW�|�QEQEV�?��5��<Se�ݼ���4DQ�c ��v��2��>%1C�I�Y\Π�i$E%$d��n}���)������|?^4}�=��K�}����&�s��d�%��M��p��Lg9ӱ�6��v�zAn�)�_5�G��'�{�x��w��������V���Z���ҷ[�^#E���6%8\'��T/�}fZ*K[ٔ�q�\0���:޺p�楪d}f��k�FM���,Lt��)��?����⠗�����["�>Q�!�yAԃ���9%�KE�5��"��|"Ȟ��y#��K�,�T�9'��C紨�^_)�Hn� ���T�9kf
���{y�GEzՃZ�h�^�1��H��6�9���/C�**�6�Z.�m3jQ[ۨ}��ُ8E'^Řk��r����y��)�^����S����Q��ymm��K����!VbA>����W���e<�����*��?ׯ���׶�m4�FD�az����O���Ξ��Ď	8�kF��͹ɏ�GG�m���W�g]���>I�v�ݑ��ia�/.#I"��>pw�z�W�_��t?�����E{�i����2�y�I�^w��a����d��w)(�c*�%N�����w8j+�Oxv-b^^�K�J��8���I"�H�'q<�OQҸ��{{���m�7_FRA�5��g�[����]?��}���6�щK�4�G��<
��ŠxQ,.��O�j2جl��<��I�@0���J�f���q������ȨΪ��.]����ݱ�d��߄��Rմ�*��j]Y��7�����d?J�ӵm��~Hu�>����Rk��2�G��-�6�!�'�Ep�W�e�3���n{���#;G�����跰[�.��[Ŋ�Tkۦ�-�<���9bT�}����5]*�V�$R_���eg�5´ʂ,����3���6�:V�|L�-z_��ep�i;^�?�o�$�-������b��[Oݺ]�ܳ�<�s�%Kg�ڶY�I_�3�Az��F�r)�-��r���~8�*������.�%0�Fr���3���u{V7�Aj��vV���:���<;e �����2��-�`������-&�=�2�W�;�-�A5��j��S^j���b7UT(��S]h䛺<�FP�jo�˷�����HӬo�n��Suq+[J�������,A�j��i�M����<wS;[ʲ�I6D���,a���E7R�1�(��S]��Mxj���.�X�T�K]����ns��ڳ�����-5}v�R�W������w��[3�eXn$aW=kn�~Е�I�ʚ^��K�:-"H�t�.�H�����wR��p�_�~+=;�z<V��j6:��,�1����S�A����=������X{4�����x�ng����yd)���&DGqyK-x<�A^3�sV�g�i����+��F��[gpؓ0*H�����u4Su.�Lp�J�ܭ�O������6�%��ٖ�IT�-�e�18P�w�sҼ�\v��>wb��
X���qק���a����d�(�����ES�+v_�5����t~3��&�k<S�H�\�#D]�2���#��-����_����f�1���HϏ�u6��Q���WAZk������+���"�������5p\��'�m���k����?��>���CL������_��Q���}Ʊ�Ïi_#���̿���K/���?���7W@�rU������_�P�j1D��<㿚��O*zҌ�����k��F�0卺F[�#����-,��Qz�0j����L�����g,x�J6;��a)�NM?8���D���e����AZ�+��<�~�3mۋ���k���qў}J��'R�QAEPEPEP\7�_����_�����"��7���앭�#���/���(�H�Т�(�(���3(��o�@����!\}v��������B���q��^��|�u��?Vz?�����_M���uu�|?�������
�W_?[�gv��
(��:�(��(��(��o�������%w5�|E��o����+Z�G&?��_/�5Q^��EP�QX��Y��9���4�Ig�<���G�׻��_�}����΍�+�K?��?��?Ə�I,������>�K����o�E�o�@����!\}oj:ݵ݄�F��l`����X5��'�N.�kZk)SwV�Y����?�}7�����)���@3����+]]x5�6zXO�G�(����
(��
(��
(��
�"��7��������a����d�h���y|�4p�QEzG΅Q@Q@Q@Q@z?�/tKG����Ѥ2"�9 �zV��,W�}���⫔��t���7�&�W,e�����������o�*��X�������W)E/c����gW�U��{/����?�`j���e�|7�\�{v���fu�5_�����������>�_���U�QG��`���gW�U��{/����?�`j���e�|7�\�{v���fu�5_���������k�z����O'v�)H�q��Jʢ����L�f�e+���+C��, ����JFIF��C		
 $.' ",#(7),01444'9=82<.342��C			2!!22222222222222222222222222222222222222222222222222����"��	
���}!1AQa"q2���#B��R��$3br�	
%&'()*456789:CDEFGHIJSTUVWXYZcdefghijstuvwxyz���������������������������������������������������������������������������	
���w!1AQaq"2�B����	#3R�br�
$4�%�&'()*56789:CDEFGHIJSTUVWXYZcdefghijstuvwxyz��������������������������������������������������������������������������?΢�+(��(���"�c�)j+���:Ҕ�F/�Fuf�NR]�@톙Pz�o�I���"��_����+��ˣ���xo3��j���ȿ���h�m�?��/���Ue�����:�F��o������&���������MeQG�]��� �ӯ�j���ȿ���h�m�?��/���Ue�����:�F��o������&���������MeQG�]��� �ӯ�n������"}����3��g����~g�*/�����f���|U5F��v_�ouYF���Ź��_��
�we%��1���6����]5dk�����+Ί������[��Sv����_������Z_�|�����֫H�)�.7fw�W�6����e�o�w��Z4S�/�G�����M������_�����֍Y��c;�+����z��i�E��y���6�������.o���+\:^�>��0�S��7n��9j(�������(��(��(��(������?�j諝�����?�j��s��|�$vR�VF��,?�_ҵ�#\���/�\h���]
�_�|�����֬�/�>[����kV�c�i|!ES5
(��
����v�����3���UFN-In��T��-������^8���z�"����������?J���a�O���3��ҧW�
��s�������B������>�/��tTR����7����P�s�������B������>�/��tTQ����o��{(v9��E����!����_��?��^�*(����7��=�;��"���������/�O����]hb��_����/K���}�y��c���(�Z�%RNsz��J�+#\���/�Z�������GN����T�����?�V�E���?Cg;:�">J=���-&m�Iӣլ��۵�DR\���ؕ���k��ӚJ̥EH�H�kt�V���2�X�3����ҧ�L����(�S%�����(2�OA���S6�EJ+Y�3���M���8\O�3��P���G�ǧ��R)dB���=s�ǽ�s>��o�*��a'������2hz�7f�Km��̻K�*:�s�@sG�AX��8�y���҄��g=�hŵ�	%��UUS�䚷�Y&�u%�eh\���wH ���+:t��J)���k�{����~���i����o�I�9K���"iv���CY�-�xj�T
�=��V���)vc��ڎS?eCnU�!|����G����+Bj����hH�@$z���X4{��"�{Y�n%�6�`(�L��G���Q���t�/���sWz��WN�.ch��T?ڗ�����S�:eힰ֓�H��݉�����T���t���ؼV��\��d�d����ҥJ��_qS�R��{��(�Լ������
����K��;Z��\��ۜ���>��+Xnl�X&Qèi��O�����*ʾ��������G�Q��y�=����y�#�%��-�L�C��c�9#�V-�����.j^�o�t�C=��;|�ݷ8��[ɤ�i�G�ˋ�G�e�<�c�>����6��N
��J�Y$�7xݣu?��H#� ��F��H�wmc�n��"���9Iep��i��h�^�ņ��^"��;�ck��n�iF��du8��d������+Z�/C�m]2[1���V��t�����%�\�#��J
�e�+R�ZУ�G���\�����Ry�X�x�f�0���8�EU�t�_C3J����]�Ir�]��	KK�[��U2�*_>��]N���Zn���sygk�����U/��?(��'޲h�pt���Kio��$�H��wӄ���-�I*�y�X�/�l��ө[iw���XK;;ג�&������j�I���,�Ҙ�\�J�\G�(�{4I�h,c��士�{pu9B�������f��]}�T���r+�y�+5 ��\_]�\^��mOpWqU�(
�d��jz!e�i�O�u��ݶ�5���m*��d��hH<2�U����:V��^��E����6�+�3�V$$XՁ�wH���?�/��ԛ�]��>X�v4���h�����6F�amZ���d�_�]�9�ߥd��_��Yjz�l֮.�.Q���%�q�YbV�0�����+��A�)«5��4��I�W���|�CN�m������P�m���J��3�i���ݱԵK��_*'f����S�U���8k����k�ڻ�˵���/�"cq��+e��2��,������z�Z�]_��ҕ���-6��[_9r�x�r2�џ����(x�[H��g=f`������K�y4�M�]�����h��$��g�9�\v��j�>�g[b�-�Nȼ���z�2�M�ڳ�ԢҬ|^|K��Vvbi!���F&�F��4��9�}+��е��5��{D��]���di6��݊�(�:Mh�ڳ�4���o���Lҭ 6qͳ��''���W�����ֲ�S�qi��w9%�j2�9FWM��O�N���G��֏"?�����iv��_�6�e�/�)�W<������G��֏�]�����	������諞D��h�#���G��.�����̈́�Y}���tU�"?���y�w���F�g�|��f�,���e:���R���j����[�?�)��A5�Qޓ~G�))�r]W�uQEx��QEQEQEQEy��}(�jlE$���֗�_�kK����p�1Z���^��q:#�a*^s��d�iE��/�}V�������h��/�}��������P���ϴM���Z>���P�G�h�(d���&�K�-iE�h���?�p_��
N�$�9��G��!���&�U�#�B�����WUZ���;&�i��EQ^�Q@Q@Q@Q@i�������j������?�V�{�c֥��QL�(��(��(��*��!H�_�	�UwH���?�/��u��/FE_��EQ^�Q@Q@Q@Q@i�������j�(�y3҅NUk�QO��m�ttW9E�����(��=����\�s��::���R���k��o���k���gU��^��ּZ��TQEx��QEQEQEQE��, ����JFIF��C		
 $.' ",#(7),01444'9=82<.342��C			2!!22222222222222222222222222222222222222222222222222����"��	
���}!1AQa"q2���#B��R��$3br�	
%&'()*456789:CDEFGHIJSTUVWXYZcdefghijstuvwxyz���������������������������������������������������������������������������	
���w!1AQaq"2�B����	#3R�br�
$4�%�&'()*56789:CDEFGHIJSTUVWXYZcdefghijstuvwxyz��������������������������������������������������������������������������?�+�4�iw�]�ԗ��$`���'/�Z��s��������Mp{X��U4�y����t�����������Α�?7����4{h���cEzw�+�#�~o����h��s��������M�!��g��^��
�H������?�����KcZu�R��EUQ@Q@Q@Q@Q@Q@ۡȽ��׬_��
�п�^���/�V�p��
(��!EPMW�A���O�טקj������&�ƾ�"��NgĂ�*���!�7������{u%�.�We
+�(���Z?���M����������hw���{�����1�_NQG�������������hw�������1�_NQG�������������s��EԿ���J�c���˿�����Q����_B��{M��X��Z��Ƚ��׬_��
os�
(��!EPMW�A���O�טקj������&�ƾ�"��NgĂ������/�U
����M�����1^�#�R����i��+�Ӽ(��(��(��(��+����".��l��jWO\��?�u/�e��R���H��Zŏ�������o�z���
Ш�j��~�o!`�kJ��<�J~���� ����l��k%��,Ee2?ջ�?Ŋ�U7-Q���lud}�;�ȱ�1�70��P:�bG�����Y&��Bn��.��S��2?1�Q�-�E�x�ڂ�&��s���}?��۵�[F��ܫ�r9�v4�%�9_c+U��E��p��A5�5�ڎ��ɦOZ;<�:"�2IS��~5�SxS[����,�>Q�!�>dH9��k�F�	�i�Ë�6Փ1����!�7������Aoe=՝��J���?6yZEUE�IϠ浼i�A#L��[�8]�ܪI����+�{)���G$!'$���EEoymq��{--��E�o��SJ8?§��1iz]�1Υs.��2�f<��{W�V�d����R�f�:��4~`���sPH����5��y�F[���?���G�1�RN�y����
)��/��C�v�5��E�J� d�Ԝ֧��]���]������1LF��=ic����2U���O��zr��|��AEL֓�o#FB&K@�:�52���+	ŭ�W1��D]K���ԭ�ԭ$���"�����}�* w]ʌK'�n�s~:�K������2�T�V(e>��?
�	ө.�ޕ9F�/��soe��77S��Vj�K+�TQ$����j��ދ�C.�c���[E����S�"(]��H�qB��{M��X��Z�F���W���&�]L�8��oN}kQ��.��f���L�cd�Þ2ߎڿm��rx��s[k6S[[i���L%
������r��x;I�U*�ݭ��^�������P���ִ�h���e�ieC(�V%K��=�������xf�nl�-���BI���!��?�p�'��-*�^wU�v�K��&H/5t�2��l�O$�e�����kpi0�������嶍��S4{C(�A]�g��������&�����O����c�g) PJ�c8 ��W��G�Rw����8��%��������4m:�B��W�V��ӓom���x�p�w�gkoiR��Q��,�	�ˉ���	��ɯ/&�y�#82xu����������C�Ɯ�P�����Z��D���[�%Y�Z������y��ILqFqі �����w^'�t�+�k�4Hn�v��H#w�ˉ�X��y����)�\��.����!�շ0|Asa�?��Լa4{�i���}��P�9���N�Gv���SJ�ֵ�qƫqs�����y�N�-��ĹF�U�3]eo0rJ����)�[��F������=�H�,d�i�G�Wt(�G�U�p7��l|�Gii%ݖ��K<"F���a"�2A����=�����/�4֞�V����K�y�X���7W����e����";��Xyk��F3�`���[�����v��O}%����H������J��=�<�6�Ö%�k�S���ĺ����}����I��IkuNi7t�9�I�y|�H�Y�N�fby$Ƽ���|K���[�Ԫ繛q�h~յ-KQ���7��������b�=��_�X�I����~_KyAqu3]�-�?:���}�|~�W1��D]K���ԭ#�J*��7�mN�5H�uE}�E�7��b��hV~��"���^���+��T�&QE"B�(�
����/넟�	�1�Eץx�Ҩp$o-����m��ݙS1���_G��B>�U����:�j�?]>F}_���?����_��5����AsR�Ȳ(n�����j�ʜ���x�sܨ�4����Ͻ�����U��o����������W����u�h�Ex��-}w�}4�����]�����ӿ����u��J��}B��TW�������N��o����_]��M;����GԪ��+�Ex��-}w�}4�����]�����ӿ����t}J�}B��TW�������N��o����_]��M;����GԪ��+�\��?�u/�e��R�O�Z����i���������Aյ�&}:���!�n�0���zU��Ռ�}�,X�2}�:���o�z���
Я+���gg�v�e!�cR�� ���7�,m_�}���⫱ҕ�e���g�Q^c�W��k�����?�cj���c�|?�K�ȟ�T=:���Xڿ��X����Q�W��k�����=�����_������k�ԥXt�d`H��Z���]���El����9w'֢�?�?��B���ѿTz�z?첧>�1?� �䟐�?� �䟐�ɢ����w_q�ea�?���ԃ��~C�h�ԃ��~C�k&�?�����Xn��
(����
(��
(��
(��
(��
(��
(��
(��4�K�l�^I�b�ʃ�y���=WU���e��;ci���j��5��#EQ��QY�Q@Q@Q@Q@Q@Q@Q@Q@Q@Q@Q@Q@Q@Q@Q@Q@Q@��] (Thread[vert.x-eventloop-thread-2,6,main])
25603 ms. Memory: 2044928K Free: 1572192K (77%)
Exported /home/travis/build/icyphy/ptII/ptolemy/actor/lib/jjs/modules/cameras/demo/CameraWebSocket/CameraWebSocket/index.html
33560 ms. Memory: 2044928K Free: 1552120K (76%)
####### 19 Tue Sep 25 02:34:43 UTC 2018 $PTII/bin/ptinvoke ptolemy.vergil.basic.export.ExportModel -force htm -run -openComposites -timeOut 30000 -whiteBackground ptolemy/actor/lib/jjs/modules/cameras/demo/Foscam/Foscam.xml $PTII/ptolemy/actor/lib/jjs/modules/cameras/demo/Foscam/Foscam
----------------- Tue Sep 25 02:34:43 UTC 2018 About to sleep for 5.0 seconds before running or rerunning.  Test is: /home/travis/build/icyphy/ptII/ptolemy/actor/lib/jjs/modules/cameras/demo/Foscam/Foscam.xml
Done sleeping
Running .Foscam
Foscam2: snapshot.cgi?user=admin&pwd=&undefined= (Thread[AWT-EventQueue-0,6,main])
Foscam2: Making an HTTP request. (Thread[AWT-EventQueue-0,6,main])
ExportHTMLTimer went off after 30000 ms., calling getDirector().finish and getDirector().stopFire()
Foscam2: undefined.cgi?user=admin&pwd=&undefined= (Thread[AWT-EventQueue-0,6,main])
Foscam2: Making an HTTP request. (Thread[AWT-EventQueue-0,6,main])
30018 ms. Memory: 2044928K Free: 1023989K (50%)
Exported /home/travis/build/icyphy/ptII/ptolemy/actor/lib/jjs/modules/cameras/demo/Foscam/Foscam/index.html
35043 ms. Memory: 2044928K Free: 986756K (48%)
####### 20 Tue Sep 25 02:35:23 UTC 2018 $PTII/bin/ptinvoke ptolemy.vergil.basic.export.ExportModel -force htm -run -openComposites -timeOut 30000 -whiteBackground ptolemy/actor/lib/jjs/modules/computerVision/demo/ComputerVision/ComputerVision.xml $PTII/ptolemy/actor/lib/jjs/modules/computerVision/demo/ComputerVision/ComputerVision
----------------- Tue Sep 25 02:35:23 UTC 2018 About to sleep for 5.0 seconds before running or rerunning.  Test is: /home/travis/build/icyphy/ptII/ptolemy/actor/lib/jjs/modules/computerVision/demo/ComputerVision/ComputerVision.xml
Done sleeping
Running .ComputerVision
Manager.initialize() finished: 13769 ms. Memory: 2137088K Free: 1135572K (53%)
15931 ms. Memory: 2137088K Free: 873685K (41%)
Exported /home/travis/build/icyphy/ptII/ptolemy/actor/lib/jjs/modules/computerVision/demo/ComputerVision/ComputerVision/index.html
27581 ms. Memory: 2137088K Free: 822076K (38%)
####### 21 Tue Sep 25 02:35:56 UTC 2018 $PTII/bin/ptinvoke ptolemy.vergil.basic.export.ExportModel -force htm  -openComposites -timeOut 30000 -whiteBackground ptolemy/actor/lib/jjs/modules/contextAware/demo/ContextAware/ContextAware.xml $PTII/ptolemy/actor/lib/jjs/modules/contextAware/demo/ContextAware/ContextAware
Warning: not running ptolemy/actor/lib/jjs/modules/contextAware/demo/ContextAware/ContextAware.xml. See ptolemy/vergil/basic/export/test/junit/ExportModelJUnitTest.java
----------------- Tue Sep 25 02:35:56 UTC 2018 About to sleep for 5.0 seconds before running or rerunning.  Test is: /home/travis/build/icyphy/ptII/ptolemy/actor/lib/jjs/modules/contextAware/demo/ContextAware/ContextAware.xml
Done sleeping
Exported /home/travis/build/icyphy/ptII/ptolemy/actor/lib/jjs/modules/contextAware/demo/ContextAware/ContextAware/index.html
3937 ms. Memory: 2137088K Free: 502643K (24%)
####### 22 Tue Sep 25 02:36:05 UTC 2018 $PTII/bin/ptinvoke ptolemy.vergil.basic.export.ExportModel -force htm -run -openComposites -timeOut 30000 -whiteBackground ptolemy/actor/lib/jjs/modules/crypto/demo/AsymmetricEncrypt/AsymmetricEncrypt.xml $PTII/ptolemy/actor/lib/jjs/modules/crypto/demo/AsymmetricEncrypt/AsymmetricEncrypt
----------------- Tue Sep 25 02:36:05 UTC 2018 About to sleep for 5.0 seconds before running or rerunning.  Test is: /home/travis/build/icyphy/ptII/ptolemy/actor/lib/jjs/modules/crypto/demo/AsymmetricEncrypt/AsymmetricEncrypt.xml
Done sleeping
Running .AsymmetricEncrypt
Manager.initialize() finished: 10694 ms. Memory: 2171392K Free: 1572594K (72%)
RandomBytes: [ 67 ] (Thread[AWT-EventQueue-0,6,main])
EncryptWithHash: ### it is a string: hello world! (Thread[AWT-EventQueue-0,6,main])
RandomBytes: [ -20, -5 ] (Thread[AWT-EventQueue-0,6,main])
EncryptWithHash: ### it is a string: bye world! (Thread[AWT-EventQueue-0,6,main])
RandomBytes: [ 116, -86, -96 ] (Thread[AWT-EventQueue-0,6,main])
RandomBytes: [ 73, -71, 110, -71 ] (Thread[AWT-EventQueue-0,6,main])
13768 ms. Memory: 2171392K Free: 1492707K (69%)
Exported /home/travis/build/icyphy/ptII/ptolemy/actor/lib/jjs/modules/crypto/demo/AsymmetricEncrypt/AsymmetricEncrypt/index.html
24036 ms. Memory: 2171392K Free: 1355697K (62%)
####### 23 Tue Sep 25 02:36:34 UTC 2018 $PTII/bin/ptinvoke ptolemy.vergil.basic.export.ExportModel -force htm -run -openComposites -timeOut 30000 -whiteBackground ptolemy/actor/lib/jjs/modules/crypto/demo/MessageDigest/MessageDigest.xml $PTII/ptolemy/actor/lib/jjs/modules/crypto/demo/MessageDigest/MessageDigest
----------------- Tue Sep 25 02:36:34 UTC 2018 About to sleep for 5.0 seconds before running or rerunning.  Test is: /home/travis/build/icyphy/ptII/ptolemy/actor/lib/jjs/modules/crypto/demo/MessageDigest/MessageDigest.xml
Done sleeping
Running .MessageDigest
RandomBytes: [ -34 ] (Thread[AWT-EventQueue-0,6,main])
EncryptWithHash: ### it is a string: hello world! (Thread[AWT-EventQueue-0,6,main])
EncryptWithHash: [ 104,
  101,
  108,
  108,
  111,
  32,
  119,
  111,
  114,
  108,
  100,
  33,
  117,
  9,
  -27,
  -67,
  -96,
  -57,
  98,
  -46,
  -70,
  -57,
  -7,
  13,
  117,
  -117,
  91,
  34,
  99,
  -6,
  1,
  -52,
  -68,
  84,
  42,
  -75,
  -29,
  -33,
  22,
  59,
  -32,
  -114,
  108,
  -87 ] (Thread[AWT-EventQueue-0,6,main])
DecryptWithHash: [ 104, 101, 108, 108, 111, 32, 119, 111, 114, 108, 100, 33 ] (Thread[AWT-EventQueue-0,6,main])
DecryptWithHash: [ 117,
  9,
  -27,
  -67,
  -96,
  -57,
  98,
  -46,
  -70,
  -57,
  -7,
  13,
  117,
  -117,
  91,
  34,
  99,
  -6,
  1,
  -52,
  -68,
  84,
  42,
  -75,
  -29,
  -33,
  22,
  59,
  -32,
  -114,
  108,
  -87 ] (Thread[AWT-EventQueue-0,6,main])
DecryptWithHash: [ 117,
  9,
  -27,
  -67,
  -96,
  -57,
  98,
  -46,
  -70,
  -57,
  -7,
  13,
  117,
  -117,
  91,
  34,
  99,
  -6,
  1,
  -52,
  -68,
  84,
  42,
  -75,
  -29,
  -33,
  22,
  59,
  -32,
  -114,
  108,
  -87 ] (Thread[AWT-EventQueue-0,6,main])
RandomBytes: [ 40, 79 ] (Thread[AWT-EventQueue-0,6,main])
EncryptWithHash: ### it is a string: bye world! (Thread[AWT-EventQueue-0,6,main])
EncryptWithHash: [ 98,
  121,
  101,
  32,
  119,
  111,
  114,
  108,
  100,
  33,
  87,
  -40,
  61,
  -97,
  47,
  -93,
  111,
  -126,
  41,
  -41,
  5,
  71,
  -116,
  -126,
  88,
  -110,
  -25,
  18,
  9,
  123,
  68,
  24,
  11,
  -64,
  -67,
  36,
  -65,
  21,
  -14,
  -69,
  -122,
  53 ] (Thread[AWT-EventQueue-0,6,main])
DecryptWithHash: [ 98, 121, 101, 32, 119, 111, 114, 108, 100, 33 ] (Thread[AWT-EventQueue-0,6,main])
DecryptWithHash: [ 87,
  -40,
  61,
  -97,
  47,
  -93,
  111,
  -126,
  41,
  -41,
  5,
  71,
  -116,
  -126,
  88,
  -110,
  -25,
  18,
  9,
  123,
  68,
  24,
  11,
  -64,
  -67,
  36,
  -65,
  21,
  -14,
  -69,
  -122,
  53 ] (Thread[AWT-EventQueue-0,6,main])
DecryptWithHash: [ 87,
  -40,
  61,
  -97,
  47,
  -93,
  111,
  -126,
  41,
  -41,
  5,
  71,
  -116,
  -126,
  88,
  -110,
  -25,
  18,
  9,
  123,
  68,
  24,
  11,
  -64,
  -67,
  36,
  -65,
  21,
  -14,
  -69,
  -122,
  53 ] (Thread[AWT-EventQueue-0,6,main])
RandomBytes: [ -18, -50, -94 ] (Thread[AWT-EventQueue-0,6,main])
RandomBytes: [ 104, 54, 93, 45 ] (Thread[AWT-EventQueue-0,6,main])
8257 ms. Memory: 2174464K Free: 789252K (36%)
Exported /home/travis/build/icyphy/ptII/ptolemy/actor/lib/jjs/modules/crypto/demo/MessageDigest/MessageDigest/index.html
15498 ms. Memory: 2174464K Free: 705532K (32%)
####### 24 Tue Sep 25 02:36:54 UTC 2018 $PTII/bin/ptinvoke ptolemy.vergil.basic.export.ExportModel -force htm -run -openComposites -timeOut 30000 -whiteBackground ptolemy/actor/lib/jjs/modules/crypto/demo/RandomBytes/RandomBytes.xml $PTII/ptolemy/actor/lib/jjs/modules/crypto/demo/RandomBytes/RandomBytes
----------------- Tue Sep 25 02:36:54 UTC 2018 About to sleep for 5.0 seconds before running or rerunning.  Test is: /home/travis/build/icyphy/ptII/ptolemy/actor/lib/jjs/modules/crypto/demo/RandomBytes/RandomBytes.xml
Done sleeping
Running .RandomBytes
RandomBytes: [ 14 ] (Thread[AWT-EventQueue-0,6,main])
RandomBytes: [ -9, -7 ] (Thread[AWT-EventQueue-0,6,main])
RandomBytes: [ 55, 78, 11 ] (Thread[AWT-EventQueue-0,6,main])
RandomBytes: [ 110, 76, -90, 75 ] (Thread[AWT-EventQueue-0,6,main])
4293 ms. Memory: 2173440K Free: 1557501K (72%)
Exported /home/travis/build/icyphy/ptII/ptolemy/actor/lib/jjs/modules/crypto/demo/RandomBytes/RandomBytes/index.html
9005 ms. Memory: 2173440K Free: 1527042K (70%)
####### 25 Tue Sep 25 02:37:08 UTC 2018 $PTII/bin/ptinvoke ptolemy.vergil.basic.export.ExportModel -force htm -run -openComposites -timeOut 30000 -whiteBackground ptolemy/actor/lib/jjs/modules/crypto/demo/SymmetricEncrypt/SymmetricEncrypt.xml $PTII/ptolemy/actor/lib/jjs/modules/crypto/demo/SymmetricEncrypt/SymmetricEncrypt
----------------- Tue Sep 25 02:37:08 UTC 2018 About to sleep for 5.0 seconds before running or rerunning.  Test is: /home/travis/build/icyphy/ptII/ptolemy/actor/lib/jjs/modules/crypto/demo/SymmetricEncrypt/SymmetricEncrypt.xml
Done sleeping
Running .SymmetricEncrypt
RandomBytes: [ 118 ] (Thread[AWT-EventQueue-0,6,main])
RandomBytes: [ -32, 23 ] (Thread[AWT-EventQueue-0,6,main])
RandomBytes: [ -60, 97, -115 ] (Thread[AWT-EventQueue-0,6,main])
RandomBytes: [ -111, 96, -120, 79 ] (Thread[AWT-EventQueue-0,6,main])
6684 ms. Memory: 2173440K Free: 398115K (18%)
Exported /home/travis/build/icyphy/ptII/ptolemy/actor/lib/jjs/modules/crypto/demo/SymmetricEncrypt/SymmetricEncrypt/index.html
12939 ms. Memory: 2173440K Free: 340418K (16%)
####### 26 Tue Sep 25 02:37:26 UTC 2018 $PTII/bin/ptinvoke ptolemy.vergil.basic.export.ExportModel -force htm  -openComposites -timeOut 30000 -whiteBackground ptolemy/actor/lib/jjs/modules/discovery/demo/Discovery/Discovery.xml $PTII/ptolemy/actor/lib/jjs/modules/discovery/demo/Discovery/Discovery
Warning: not running ptolemy/actor/lib/jjs/modules/discovery/demo/Discovery/Discovery.xml. See ptolemy/vergil/basic/export/test/junit/ExportModelJUnitTest.java
----------------- Tue Sep 25 02:37:26 UTC 2018 About to sleep for 5.0 seconds before running or rerunning.  Test is: /home/travis/build/icyphy/ptII/ptolemy/actor/lib/jjs/modules/discovery/demo/Discovery/Discovery.xml
Done sleeping
Exported /home/travis/build/icyphy/ptII/ptolemy/actor/lib/jjs/modules/discovery/demo/Discovery/Discovery/index.html
3430 ms. Memory: 2173952K Free: 1488684K (68%)
####### 27 Tue Sep 25 02:37:34 UTC 2018 $PTII/bin/ptinvoke ptolemy.vergil.basic.export.ExportModel -force htm -run -openComposites -timeOut 30000 -whiteBackground ptolemy/actor/lib/jjs/modules/discovery/demo/Discovery/DiscoveryJS.xml $PTII/ptolemy/actor/lib/jjs/modules/discovery/demo/Discovery/DiscoveryJS
----------------- Tue Sep 25 02:37:34 UTC 2018 About to sleep for 5.0 seconds before running or rerunning.  Test is: /home/travis/build/icyphy/ptII/ptolemy/actor/lib/jjs/modules/discovery/demo/Discovery/DiscoveryJS.xml
Done sleeping
Running .DiscoveryJS
7330 ms. Memory: 2190848K Free: 1588359K (72%)
Exported /home/travis/build/icyphy/ptII/ptolemy/actor/lib/jjs/modules/discovery/demo/Discovery/DiscoveryJS/index.html
12850 ms. Memory: 2190848K Free: 1563617K (71%)
####### 28 Tue Sep 25 02:37:52 UTC 2018 $PTII/bin/ptinvoke ptolemy.vergil.basic.export.ExportModel -force htm -run -openComposites -timeOut 30000 -whiteBackground ptolemy/actor/lib/jjs/modules/discovery/demo/Discovery/PopulateSwarmboxMap.xml $PTII/ptolemy/actor/lib/jjs/modules/discovery/demo/Discovery/PopulateSwarmboxMap
----------------- Tue Sep 25 02:37:52 UTC 2018 About to sleep for 5.0 seconds before running or rerunning.  Test is: /home/travis/build/icyphy/ptII/ptolemy/actor/lib/jjs/modules/discovery/demo/Discovery/PopulateSwarmboxMap.xml
Done sleeping
Running .PopulateSwarmboxMap
Manager.initialize() finished: 10790 ms. Memory: 2193408K Free: 754958K (34%)
REST: Making an HTTP request. (Thread[AWT-EventQueue-0,6,main])
20863 ms. Memory: 2193408K Free: 718096K (33%)
Exported /home/travis/build/icyphy/ptII/ptolemy/actor/lib/jjs/modules/discovery/demo/Discovery/PopulateSwarmboxMap/index.html
31079 ms. Memory: 2193408K Free: 591387K (27%)
####### 29 Tue Sep 25 02:38:28 UTC 2018 $PTII/bin/ptinvoke ptolemy.vergil.basic.export.ExportModel -force htm -run -openComposites -timeOut 30000 -whiteBackground ptolemy/actor/lib/jjs/modules/discovery/demo/Discovery/PostSwarmboxDevices.xml $PTII/ptolemy/actor/lib/jjs/modules/discovery/demo/Discovery/PostSwarmboxDevices
----------------- Tue Sep 25 02:38:28 UTC 2018 About to sleep for 5.0 seconds before running or rerunning.  Test is: /home/travis/build/icyphy/ptII/ptolemy/actor/lib/jjs/modules/discovery/demo/Discovery/PostSwarmboxDevices.xml
Done sleeping
Running .PostSwarmboxDevices
REST: Making an HTTP request. (Thread[AWT-EventQueue-0,6,main])
ExportHTMLTimer went off after 30000 ms., calling getDirector().finish and getDirector().stopFire()
30026 ms. Memory: 2194944K Free: 352679K (16%)
Exported /home/travis/build/icyphy/ptII/ptolemy/actor/lib/jjs/modules/discovery/demo/Discovery/PostSwarmboxDevices/index.html
36457 ms. Memory: 2194944K Free: 295107K (13%)
####### 30 Tue Sep 25 02:39:10 UTC 2018 $PTII/bin/ptinvoke ptolemy.vergil.basic.export.ExportModel -force htm -run -openComposites -timeOut 30000 -whiteBackground ptolemy/actor/lib/jjs/modules/discovery/demo/Heartbeat/Heartbeat.xml $PTII/ptolemy/actor/lib/jjs/modules/discovery/demo/Heartbeat/Heartbeat
----------------- Tue Sep 25 02:39:10 UTC 2018 About to sleep for 5.0 seconds before running or rerunning.  Test is: /home/travis/build/icyphy/ptII/ptolemy/actor/lib/jjs/modules/discovery/demo/Heartbeat/Heartbeat.xml
Done sleeping
Running .Heartbeat
Heartbeat: HeartBeat: pingMothership (Thread[AWT-EventQueue-0,6,main])
Heartbeat: Making an HTTP request. (Thread[AWT-EventQueue-0,6,main])
Heartbeat: Request problem: Unable to check in with server: Error: Search domain query failed. Original hostname: 'terra.eecs.berkeley.edu' failed to resolve 'terra.eecs.berkeley.edu.google.internal' after 2 queries  (Thread[AWT-EventQueue-0,6,main])
Heartbeat: HeartBeat: pingMothership (Thread[AWT-EventQueue-0,6,main])
Heartbeat: Making an HTTP request. (Thread[AWT-EventQueue-0,6,main])
Heartbeat: Request problem: Unable to check in with server: Error: Search domain query failed. Original hostname: 'terra.eecs.berkeley.edu' failed to resolve 'terra.eecs.berkeley.edu.google.internal' after 2 queries  (Thread[AWT-EventQueue-0,6,main])
Heartbeat: HeartBeat: pingMothership (Thread[AWT-EventQueue-0,6,main])
Heartbeat: Making an HTTP request. (Thread[AWT-EventQueue-0,6,main])
Heartbeat: Request problem: Unable to check in with server: Error: Search domain query failed. Original hostname: 'terra.eecs.berkeley.edu' failed to resolve 'terra.eecs.berkeley.edu.google.internal' after 2 queries  (Thread[AWT-EventQueue-0,6,main])
Heartbeat: HeartBeat: pingMothership (Thread[AWT-EventQueue-0,6,main])
Heartbeat: Making an HTTP request. (Thread[AWT-EventQueue-0,6,main])
Heartbeat: Request problem: Unable to check in with server: Error: Search domain query failed. Original hostname: 'terra.eecs.berkeley.edu' failed to resolve 'terra.eecs.berkeley.edu.google.internal' after 2 queries  (Thread[AWT-EventQueue-0,6,main])
Heartbeat: HeartBeat: pingMothership (Thread[AWT-EventQueue-0,6,main])
Heartbeat: Making an HTTP request. (Thread[AWT-EventQueue-0,6,main])
Heartbeat: Request problem: Unable to check in with server: Error: Search domain query failed. Original hostname: 'terra.eecs.berkeley.edu' failed to resolve 'terra.eecs.berkeley.edu.google.internal' after 2 queries  (Thread[AWT-EventQueue-0,6,main])
Heartbeat: HeartBeat: pingMothership (Thread[AWT-EventQueue-0,6,main])
Heartbeat: Making an HTTP request. (Thread[AWT-EventQueue-0,6,main])
Heartbeat: Request problem: Unable to check in with server: Error: Search domain query failed. Original hostname: 'terra.eecs.berkeley.edu' failed to resolve 'terra.eecs.berkeley.edu.google.internal' after 2 queries  (Thread[AWT-EventQueue-0,6,main])
Heartbeat: HeartBeat: pingMothership (Thread[AWT-EventQueue-0,6,main])
Heartbeat: Making an HTTP request. (Thread[AWT-EventQueue-0,6,main])
Heartbeat: Request problem: Unable to check in with server: Error: Search domain query failed. Original hostname: 'terra.eecs.berkeley.edu' failed to resolve 'terra.eecs.berkeley.edu.google.internal' after 2 queries  (Thread[AWT-EventQueue-0,6,main])
Heartbeat: HeartBeat: pingMothership (Thread[AWT-EventQueue-0,6,main])
Heartbeat: Making an HTTP request. (Thread[AWT-EventQueue-0,6,main])
Heartbeat: Request problem: Unable to check in with server: Error: Search domain query failed. Original hostname: 'terra.eecs.berkeley.edu' failed to resolve 'terra.eecs.berkeley.edu.google.internal' after 2 queries  (Thread[AWT-EventQueue-0,6,main])
Heartbeat: HeartBeat: pingMothership (Thread[AWT-EventQueue-0,6,main])
Heartbeat: Making an HTTP request. (Thread[AWT-EventQueue-0,6,main])
Heartbeat: Request problem: Unable to check in with server: Error: Search domain query failed. Original hostname: 'terra.eecs.berkeley.edu' failed to resolve 'terra.eecs.berkeley.edu.google.internal' after 2 queries  (Thread[AWT-EventQueue-0,6,main])
Heartbeat: HeartBeat: pingMothership (Thread[AWT-EventQueue-0,6,main])
Heartbeat: Making an HTTP request. (Thread[AWT-EventQueue-0,6,main])
13009 ms. Memory: 2265088K Free: 823375K (36%)
Exported /home/travis/build/icyphy/ptII/ptolemy/actor/lib/jjs/modules/discovery/demo/Heartbeat/Heartbeat/index.html
19832 ms. Memory: 2265088K Free: 774484K (34%)
####### 31 Tue Sep 25 02:39:35 UTC 2018 $PTII/bin/ptinvoke ptolemy.vergil.basic.export.ExportModel -force htm  -openComposites -timeOut 30000 -whiteBackground ptolemy/actor/lib/jjs/modules/dsp/demo/AudioFFT/AudioFFT.xml $PTII/ptolemy/actor/lib/jjs/modules/dsp/demo/AudioFFT/AudioFFT
Warning: not running ptolemy/actor/lib/jjs/modules/dsp/demo/AudioFFT/AudioFFT.xml. See ptolemy/vergil/basic/export/test/junit/ExportModelJUnitTest.java
----------------- Tue Sep 25 02:39:35 UTC 2018 About to sleep for 5.0 seconds before running or rerunning.  Test is: /home/travis/build/icyphy/ptII/ptolemy/actor/lib/jjs/modules/dsp/demo/AudioFFT/AudioFFT.xml
Done sleeping
Exported /home/travis/build/icyphy/ptII/ptolemy/actor/lib/jjs/modules/dsp/demo/AudioFFT/AudioFFT/index.html
5047 ms. Memory: 2267648K Free: 1615807K (71%)
####### 32 Tue Sep 25 02:39:45 UTC 2018 $PTII/bin/ptinvoke ptolemy.vergil.basic.export.ExportModel -force htm -run -openComposites -timeOut 30000 -whiteBackground ptolemy/actor/lib/jjs/modules/dsp/demo/AudioFFT/SinusoidFFT.xml $PTII/ptolemy/actor/lib/jjs/modules/dsp/demo/AudioFFT/SinusoidFFT
----------------- Tue Sep 25 02:39:45 UTC 2018 About to sleep for 5.0 seconds before running or rerunning.  Test is: /home/travis/build/icyphy/ptII/ptolemy/actor/lib/jjs/modules/dsp/demo/AudioFFT/SinusoidFFT.xml
Done sleeping
Running .SinusoidFFT
2264 ms. Memory: 2267648K Free: 870100K (38%)
Exported /home/travis/build/icyphy/ptII/ptolemy/actor/lib/jjs/modules/dsp/demo/AudioFFT/SinusoidFFT/index.html
7626 ms. Memory: 2267648K Free: 792680K (35%)
####### 33 Tue Sep 25 02:39:57 UTC 2018 $PTII/bin/ptinvoke ptolemy.vergil.basic.export.ExportModel -force htm -run -openComposites -timeOut 30000 -whiteBackground ptolemy/actor/lib/jjs/modules/eventbus/demo/VertxBus/VertxBus.xml $PTII/ptolemy/actor/lib/jjs/modules/eventbus/demo/VertxBus/VertxBus
----------------- Tue Sep 25 02:39:57 UTC 2018 About to sleep for 5.0 seconds before running or rerunning.  Test is: /home/travis/build/icyphy/ptII/ptolemy/actor/lib/jjs/modules/eventbus/demo/VertxBus/VertxBus.xml
Done sleeping
Running .VertxBus
12160 ms. Memory: 2268672K Free: 1326371K (58%)
Exported /home/travis/build/icyphy/ptII/ptolemy/actor/lib/jjs/modules/eventbus/demo/VertxBus/VertxBus/index.html
17800 ms. Memory: 2268672K Free: 1296194K (57%)
####### 34 Tue Sep 25 02:40:20 UTC 2018 $PTII/bin/ptinvoke ptolemy.vergil.basic.export.ExportModel -force htm -run -openComposites -timeOut 30000 -whiteBackground ptolemy/actor/lib/jjs/modules/eventbus/demo/VertxChat/VertxChat.xml $PTII/ptolemy/actor/lib/jjs/modules/eventbus/demo/VertxChat/VertxChat
----------------- Tue Sep 25 02:40:20 UTC 2018 About to sleep for 5.0 seconds before running or rerunning.  Test is: /home/travis/build/icyphy/ptII/ptolemy/actor/lib/jjs/modules/eventbus/demo/VertxChat/VertxChat.xml
Done sleeping
.VertxChat.ThreadedComposite.InteractiveShell invoked SwingUtilities.invokeAndWait()
Model ".VertxChat" contains actors such cannot be run  as part of the export process from ExportModel or it has a WebExportParameters value that runBeforeExport set to false. To export run this model and export it, use vergil.
Exported /home/travis/build/icyphy/ptII/ptolemy/actor/lib/jjs/modules/eventbus/demo/VertxChat/VertxChat/index.html
5549 ms. Memory: 2268672K Free: 758303K (33%)
[...]
[atomic-processor-1] INFO com.github.sarxos.webcam.ds.cgt.WebcamOpenTask - Opening webcam Dummy Webcam 0
WARNING: Invoking send() too late (probably in a callback), so Camera is not able to send the token {type="class ptolemy.data.AWTImageToken", width="640", height="480"} to the output image. Token is discarded.
[atomic-processor-1] INFO com.github.sarxos.webcam.ds.cgt.WebcamCloseTask - Closing Dummy Webcam 0
WARNING: REST: Model stopped before executing actions (e.g. producing outputs) scheduled for execution at times [5.458, 5.0]
HttpClientHelper.java: Received an error for request 0: io.netty.channel.AbstractChannel$AnnotatedConnectException: Connection refused: localhost/127.0.0.1:8077
io.netty.channel.AbstractChannel$AnnotatedConnectException: Connection refused: localhost/127.0.0.1:8077
	at sun.nio.ch.SocketChannelImpl.checkConnect(Native Method)
	at sun.nio.ch.SocketChannelImpl.finishConnect(SocketChannelImpl.java:717)
	at io.netty.channel.socket.nio.NioSocketChannel.doFinishConnect(NioSocketChannel.java:325)
	at io.netty.channel.nio.AbstractNioChannel$AbstractNioUnsafe.finishConnect(AbstractNioChannel.java:340)
	at io.netty.channel.nio.NioEventLoop.processSelectedKey(NioEventLoop.java:633)
	at io.netty.channel.nio.NioEventLoop.processSelectedKeysOptimized(NioEventLoop.java:580)
	at io.netty.channel.nio.NioEventLoop.processSelectedKeys(NioEventLoop.java:497)
	at io.netty.channel.nio.NioEventLoop.run(NioEventLoop.java:459)
	at io.netty.util.concurrent.SingleThreadEventExecutor$5.run(SingleThreadEventExecutor.java:886)
	at io.netty.util.concurrent.FastThreadLocalRunnable.run(FastThreadLocalRunnable.java:30)
	at java.lang.Thread.run(Thread.java:748)
Caused by: java.net.ConnectException: Connection refused
	... 11 more
HttpClientHelper.java: Received an error for request 1: io.netty.channel.AbstractChannel$AnnotatedConnectException: Connection refused: localhost/127.0.0.1:8077
io.netty.channel.AbstractChannel$AnnotatedConnectException: Connection refused: localhost/127.0.0.1:8077
	at sun.nio.ch.SocketChannelImpl.checkConnect(Native Method)
	at sun.nio.ch.SocketChannelImpl.finishConnect(SocketChannelImpl.java:717)
	at io.netty.channel.socket.nio.NioSocketChannel.doFinishConnect(NioSocketChannel.java:325)
	at io.netty.channel.nio.AbstractNioChannel$AbstractNioUnsafe.finishConnect(AbstractNioChannel.java:340)
	at io.netty.channel.nio.NioEventLoop.processSelectedKey(NioEventLoop.java:633)
	at io.netty.channel.nio.NioEventLoop.processSelectedKeysOptimized(NioEventLoop.java:580)
	at io.netty.channel.nio.NioEventLoop.processSelectedKeys(NioEventLoop.java:497)
	at io.netty.channel.nio.NioEventLoop.run(NioEventLoop.java:459)
	at io.netty.util.concurrent.SingleThreadEventExecutor$5.run(SingleThreadEventExecutor.java:886)
	at io.netty.util.concurrent.FastThreadLocalRunnable.run(FastThreadLocalRunnable.java:30)
	at java.lang.Thread.run(Thread.java:748)
Caused by: java.net.ConnectException: Connection refused
	... 11 more
HttpClientHelper.java: Received an error for request 2: io.netty.channel.AbstractChannel$AnnotatedConnectException: Connection refused: localhost/127.0.0.1:8077
io.netty.channel.AbstractChannel$AnnotatedConnectException: Connection refused: localhost/127.0.0.1:8077
	at sun.nio.ch.SocketChannelImpl.checkConnect(Native Method)
	at sun.nio.ch.SocketChannelImpl.finishConnect(SocketChannelImpl.java:717)
	at io.netty.channel.socket.nio.NioSocketChannel.doFinishConnect(NioSocketChannel.java:325)
	at io.netty.channel.nio.AbstractNioChannel$AbstractNioUnsafe.finishConnect(AbstractNioChannel.java:340)
	at io.netty.channel.nio.NioEventLoop.processSelectedKey(NioEventLoop.java:633)
	at io.netty.channel.nio.NioEventLoop.processSelectedKeysOptimized(NioEventLoop.java:580)
	at io.netty.channel.nio.NioEventLoop.processSelectedKeys(NioEventLoop.java:497)
	at io.netty.channel.nio.NioEventLoop.run(NioEventLoop.java:459)
	at io.netty.util.concurrent.SingleThreadEventExecutor$5.run(SingleThreadEventExecutor.java:886)
	at io.netty.util.concurrent.FastThreadLocalRunnable.run(FastThreadLocalRunnable.java:30)
	at java.lang.Thread.run(Thread.java:748)
Caused by: java.net.ConnectException: Connection refused
	... 11 more
HttpClientHelper.java: Received an error for request 3: io.netty.channel.AbstractChannel$AnnotatedConnectException: Connection refused: localhost/127.0.0.1:8077
io.netty.channel.AbstractChannel$AnnotatedConnectException: Connection refused: localhost/127.0.0.1:8077
	at sun.nio.ch.SocketChannelImpl.checkConnect(Native Method)
	at sun.nio.ch.SocketChannelImpl.finishConnect(SocketChannelImpl.java:717)
	at io.netty.channel.socket.nio.NioSocketChannel.doFinishConnect(NioSocketChannel.java:325)
	at io.netty.channel.nio.AbstractNioChannel$AbstractNioUnsafe.finishConnect(AbstractNioChannel.java:340)
	at io.netty.channel.nio.NioEventLoop.processSelectedKey(NioEventLoop.java:633)
	at io.netty.channel.nio.NioEventLoop.processSelectedKeysOptimized(NioEventLoop.java:580)
	at io.netty.channel.nio.NioEventLoop.processSelectedKeys(NioEventLoop.java:497)
	at io.netty.channel.nio.NioEventLoop.run(NioEventLoop.java:459)
	at io.netty.util.concurrent.SingleThreadEventExecutor$5.run(SingleThreadEventExecutor.java:886)
	at io.netty.util.concurrent.FastThreadLocalRunnable.run(FastThreadLocalRunnable.java:30)
	at java.lang.Thread.run(Thread.java:748)
Caused by: java.net.ConnectException: Connection refused
	... 11 more
HttpClientHelper.java: Received an error for request 4: io.netty.channel.AbstractChannel$AnnotatedConnectException: Connection refused: localhost/127.0.0.1:8077
io.netty.channel.AbstractChannel$AnnotatedConnectException: Connection refused: localhost/127.0.0.1:8077
	at sun.nio.ch.SocketChannelImpl.checkConnect(Native Method)
	at sun.nio.ch.SocketChannelImpl.finishConnect(SocketChannelImpl.java:717)
	at io.netty.channel.socket.nio.NioSocketChannel.doFinishConnect(NioSocketChannel.java:325)
	at io.netty.channel.nio.AbstractNioChannel$AbstractNioUnsafe.finishConnect(AbstractNioChannel.java:340)
	at io.netty.channel.nio.NioEventLoop.processSelectedKey(NioEventLoop.java:633)
	at io.netty.channel.nio.NioEventLoop.processSelectedKeysOptimized(NioEventLoop.java:580)
	at io.netty.channel.nio.NioEventLoop.processSelectedKeys(NioEventLoop.java:497)
	at io.netty.channel.nio.NioEventLoop.run(NioEventLoop.java:459)
	at io.netty.util.concurrent.SingleThreadEventExecutor$5.run(SingleThreadEventExecutor.java:886)
	at io.netty.util.concurrent.FastThreadLocalRunnable.run(FastThreadLocalRunnable.java:30)
	at java.lang.Thread.run(Thread.java:748)
Caused by: java.net.ConnectException: Connection refused
	... 11 more
HttpClientHelper.java: Received an error for request 5: io.netty.channel.AbstractChannel$AnnotatedConnectException: Connection refused: localhost/127.0.0.1:8077
io.netty.channel.AbstractChannel$AnnotatedConnectException: Connection refused: localhost/127.0.0.1:8077
	at sun.nio.ch.SocketChannelImpl.checkConnect(Native Method)
	at sun.nio.ch.SocketChannelImpl.finishConnect(SocketChannelImpl.java:717)
	at io.netty.channel.socket.nio.NioSocketChannel.doFinishConnect(NioSocketChannel.java:325)
	at io.netty.channel.nio.AbstractNioChannel$AbstractNioUnsafe.finishConnect(AbstractNioChannel.java:340)
	at io.netty.channel.nio.NioEventLoop.processSelectedKey(NioEventLoop.java:633)
	at io.netty.channel.nio.NioEventLoop.processSelectedKeysOptimized(NioEventLoop.java:580)
	at io.netty.channel.nio.NioEventLoop.processSelectedKeys(NioEventLoop.java:497)
	at io.netty.channel.nio.NioEventLoop.run(NioEventLoop.java:459)
	at io.netty.util.concurrent.SingleThreadEventExecutor$5.run(SingleThreadEventExecutor.java:886)
	at io.netty.util.concurrent.FastThreadLocalRunnable.run(FastThreadLocalRunnable.java:30)
	at java.lang.Thread.run(Thread.java:748)
Caused by: java.net.ConnectException: Connection refused
	... 11 more
HttpClientHelper.java: Received an error for request 6: io.netty.channel.AbstractChannel$AnnotatedConnectException: Connection refused: localhost/127.0.0.1:8077
io.netty.channel.AbstractChannel$AnnotatedConnectException: Connection refused: localhost/127.0.0.1:8077
	at sun.nio.ch.SocketChannelImpl.checkConnect(Native Method)
	at sun.nio.ch.SocketChannelImpl.finishConnect(SocketChannelImpl.java:717)
	at io.netty.channel.socket.nio.NioSocketChannel.doFinishConnect(NioSocketChannel.java:325)
	at io.netty.channel.nio.AbstractNioChannel$AbstractNioUnsafe.finishConnect(AbstractNioChannel.java:340)
	at io.netty.channel.nio.NioEventLoop.processSelectedKey(NioEventLoop.java:633)
	at io.netty.channel.nio.NioEventLoop.processSelectedKeysOptimized(NioEventLoop.java:580)
	at io.netty.channel.nio.NioEventLoop.processSelectedKeys(NioEventLoop.java:497)
	at io.netty.channel.nio.NioEventLoop.run(NioEventLoop.java:459)
	at io.netty.util.concurrent.SingleThreadEventExecutor$5.run(SingleThreadEventExecutor.java:886)
	at io.netty.util.concurrent.FastThreadLocalRunnable.run(FastThreadLocalRunnable.java:30)
	at java.lang.Thread.run(Thread.java:748)
Caused by: java.net.ConnectException: Connection refused
	... 11 more
HttpClientHelper.java: Received an error for request 7: io.netty.channel.AbstractChannel$AnnotatedConnectException: Connection refused: localhost/127.0.0.1:8077
io.netty.channel.AbstractChannel$AnnotatedConnectException: Connection refused: localhost/127.0.0.1:8077
	at sun.nio.ch.SocketChannelImpl.checkConnect(Native Method)
	at sun.nio.ch.SocketChannelImpl.finishConnect(SocketChannelImpl.java:717)
	at io.netty.channel.socket.nio.NioSocketChannel.doFinishConnect(NioSocketChannel.java:325)
	at io.netty.channel.nio.AbstractNioChannel$AbstractNioUnsafe.finishConnect(AbstractNioChannel.java:340)
	at io.netty.channel.nio.NioEventLoop.processSelectedKey(NioEventLoop.java:633)
	at io.netty.channel.nio.NioEventLoop.processSelectedKeysOptimized(NioEventLoop.java:580)
	at io.netty.channel.nio.NioEventLoop.processSelectedKeys(NioEventLoop.java:497)
	at io.netty.channel.nio.NioEventLoop.run(NioEventLoop.java:459)
	at io.netty.util.concurrent.SingleThreadEventExecutor$5.run(SingleThreadEventExecutor.java:886)
	at io.netty.util.concurrent.FastThreadLocalRunnable.run(FastThreadLocalRunnable.java:30)
	at java.lang.Thread.run(Thread.java:748)
Caused by: java.net.ConnectException: Connection refused
	... 11 more
HttpClientHelper.java: Received an error for request 8: io.netty.channel.AbstractChannel$AnnotatedConnectException: Connection refused: localhost/127.0.0.1:8077
io.netty.channel.AbstractChannel$AnnotatedConnectException: Connection refused: localhost/127.0.0.1:8077
	at sun.nio.ch.SocketChannelImpl.checkConnect(Native Method)
	at sun.nio.ch.SocketChannelImpl.finishConnect(SocketChannelImpl.java:717)
	at io.netty.channel.socket.nio.NioSocketChannel.doFinishConnect(NioSocketChannel.java:325)
	at io.netty.channel.nio.AbstractNioChannel$AbstractNioUnsafe.finishConnect(AbstractNioChannel.java:340)
	at io.netty.channel.nio.NioEventLoop.processSelectedKey(NioEventLoop.java:633)
	at io.netty.channel.nio.NioEventLoop.processSelectedKeysOptimized(NioEventLoop.java:580)
	at io.netty.channel.nio.NioEventLoop.processSelectedKeys(NioEventLoop.java:497)
	at io.netty.channel.nio.NioEventLoop.run(NioEventLoop.java:459)
	at io.netty.util.concurrent.SingleThreadEventExecutor$5.run(SingleThreadEventExecutor.java:886)
	at io.netty.util.concurrent.FastThreadLocalRunnable.run(FastThreadLocalRunnable.java:30)
	at java.lang.Thread.run(Thread.java:748)
Caused by: java.net.ConnectException: Connection refused
	... 11 more
HttpClientHelper.java: Received an error for request 9: io.netty.channel.AbstractChannel$AnnotatedConnectException: Connection refused: localhost/127.0.0.1:8077
io.netty.channel.AbstractChannel$AnnotatedConnectException: Connection refused: localhost/127.0.0.1:8077
	at sun.nio.ch.SocketChannelImpl.checkConnect(Native Method)
	at sun.nio.ch.SocketChannelImpl.finishConnect(SocketChannelImpl.java:717)
	at io.netty.channel.socket.nio.NioSocketChannel.doFinishConnect(NioSocketChannel.java:325)
	at io.netty.channel.nio.AbstractNioChannel$AbstractNioUnsafe.finishConnect(AbstractNioChannel.java:340)
	at io.netty.channel.nio.NioEventLoop.processSelectedKey(NioEventLoop.java:633)
	at io.netty.channel.nio.NioEventLoop.processSelectedKeysOptimized(NioEventLoop.java:580)
	at io.netty.channel.nio.NioEventLoop.processSelectedKeys(NioEventLoop.java:497)
	at io.netty.channel.nio.NioEventLoop.run(NioEventLoop.java:459)
	at io.netty.util.concurrent.SingleThreadEventExecutor$5.run(SingleThreadEventExecutor.java:886)
	at io.netty.util.concurrent.FastThreadLocalRunnable.run(FastThreadLocalRunnable.java:30)
	at java.lang.Thread.run(Thread.java:748)
Caused by: java.net.ConnectException: Connection refused
	... 11 more
HttpClientHelper.java: Received an error for request 10: io.netty.channel.AbstractChannel$AnnotatedConnectException: Connection refused: localhost/127.0.0.1:8077
io.netty.channel.AbstractChannel$AnnotatedConnectException: Connection refused: localhost/127.0.0.1:8077
	at sun.nio.ch.SocketChannelImpl.checkConnect(Native Method)
	at sun.nio.ch.SocketChannelImpl.finishConnect(SocketChannelImpl.java:717)
	at io.netty.channel.socket.nio.NioSocketChannel.doFinishConnect(NioSocketChannel.java:325)
	at io.netty.channel.nio.AbstractNioChannel$AbstractNioUnsafe.finishConnect(AbstractNioChannel.java:340)
	at io.netty.channel.nio.NioEventLoop.processSelectedKey(NioEventLoop.java:633)
	at io.netty.channel.nio.NioEventLoop.processSelectedKeysOptimized(NioEventLoop.java:580)
	at io.netty.channel.nio.NioEventLoop.processSelectedKeys(NioEventLoop.java:497)
	at io.netty.channel.nio.NioEventLoop.run(NioEventLoop.java:459)
	at io.netty.util.concurrent.SingleThreadEventExecutor$5.run(SingleThreadEventExecutor.java:886)
	at io.netty.util.concurrent.FastThreadLocalRunnable.run(FastThreadLocalRunnable.java:30)
	at java.lang.Thread.run(Thread.java:748)
Caused by: java.net.ConnectException: Connection refused
	... 11 more
HttpClientHelper.java: Received an error for request 11: io.netty.channel.AbstractChannel$AnnotatedConnectException: Connection refused: localhost/127.0.0.1:8077
io.netty.channel.AbstractChannel$AnnotatedConnectException: Connection refused: localhost/127.0.0.1:8077
	at sun.nio.ch.SocketChannelImpl.checkConnect(Native Method)
	at sun.nio.ch.SocketChannelImpl.finishConnect(SocketChannelImpl.java:717)
	at io.netty.channel.socket.nio.NioSocketChannel.doFinishConnect(NioSocketChannel.java:325)
	at io.netty.channel.nio.AbstractNioChannel$AbstractNioUnsafe.finishConnect(AbstractNioChannel.java:340)
	at io.netty.channel.nio.NioEventLoop.processSelectedKey(NioEventLoop.java:633)
	at io.netty.channel.nio.NioEventLoop.processSelectedKeysOptimized(NioEventLoop.java:580)
	at io.netty.channel.nio.NioEventLoop.processSelectedKeys(NioEventLoop.java:497)
	at io.netty.channel.nio.NioEventLoop.run(NioEventLoop.java:459)
	at io.netty.util.concurrent.SingleThreadEventExecutor$5.run(SingleThreadEventExecutor.java:886)
	at io.netty.util.concurrent.FastThreadLocalRunnable.run(FastThreadLocalRunnable.java:30)
	at java.lang.Thread.run(Thread.java:748)
Caused by: java.net.ConnectException: Connection refused
	... 11 more
HttpClientHelper.java: Received an error for request 12: io.netty.channel.AbstractChannel$AnnotatedConnectException: Connection refused: localhost/127.0.0.1:8077
io.netty.channel.AbstractChannel$AnnotatedConnectException: Connection refused: localhost/127.0.0.1:8077
	at sun.nio.ch.SocketChannelImpl.checkConnect(Native Method)
	at sun.nio.ch.SocketChannelImpl.finishConnect(SocketChannelImpl.java:717)
	at io.netty.channel.socket.nio.NioSocketChannel.doFinishConnect(NioSocketChannel.java:325)
	at io.netty.channel.nio.AbstractNioChannel$AbstractNioUnsafe.finishConnect(AbstractNioChannel.java:340)
	at io.netty.channel.nio.NioEventLoop.processSelectedKey(NioEventLoop.java:633)
	at io.netty.channel.nio.NioEventLoop.processSelectedKeysOptimized(NioEventLoop.java:580)
	at io.netty.channel.nio.NioEventLoop.processSelectedKeys(NioEventLoop.java:497)
	at io.netty.channel.nio.NioEventLoop.run(NioEventLoop.java:459)
	at io.netty.util.concurrent.SingleThreadEventExecutor$5.run(SingleThreadEventExecutor.java:886)
	at io.netty.util.concurrent.FastThreadLocalRunnable.run(FastThreadLocalRunnable.java:30)
	at java.lang.Thread.run(Thread.java:748)
Caused by: java.net.ConnectException: Connection refused
	... 11 more
HttpClientHelper.java: Received an error for request 13: io.netty.channel.AbstractChannel$AnnotatedConnectException: Connection refused: localhost/127.0.0.1:8077
io.netty.channel.AbstractChannel$AnnotatedConnectException: Connection refused: localhost/127.0.0.1:8077
	at sun.nio.ch.SocketChannelImpl.checkConnect(Native Method)
	at sun.nio.ch.SocketChannelImpl.finishConnect(SocketChannelImpl.java:717)
	at io.netty.channel.socket.nio.NioSocketChannel.doFinishConnect(NioSocketChannel.java:325)
	at io.netty.channel.nio.AbstractNioChannel$AbstractNioUnsafe.finishConnect(AbstractNioChannel.java:340)
	at io.netty.channel.nio.NioEventLoop.processSelectedKey(NioEventLoop.java:633)
	at io.netty.channel.nio.NioEventLoop.processSelectedKeysOptimized(NioEventLoop.java:580)
	at io.netty.channel.nio.NioEventLoop.processSelectedKeys(NioEventLoop.java:497)
	at io.netty.channel.nio.NioEventLoop.run(NioEventLoop.java:459)
	at io.netty.util.concurrent.SingleThreadEventExecutor$5.run(SingleThreadEventExecutor.java:886)
	at io.netty.util.concurrent.FastThreadLocalRunnable.run(FastThreadLocalRunnable.java:30)
	at java.lang.Thread.run(Thread.java:748)
Caused by: java.net.ConnectException: Connection refused
	... 11 more
WARNING: Clock: Model stopped before executing actions (e.g. producing outputs) scheduled for execution at times [28.0]
WARNING: WebServer: Model stopped before executing actions (e.g. producing outputs) scheduled for execution at times [25.008000000000003, 22.007, 28.008000000000003]
WARNING: REST: Model stopped before executing actions (e.g. producing outputs) scheduled for execution at times [23.0]
WARNING: TestSpontaneous: Model stopped before executing actions (e.g. producing outputs) scheduled for execution at times [21.0]
[atomic-processor-1] INFO com.github.sarxos.webcam.ds.cgt.WebcamOpenTask - Opening webcam Dummy Webcam 0
[atomic-processor-1] INFO com.github.sarxos.webcam.ds.cgt.WebcamCloseTask - Closing Dummy Webcam 0
WARNING: Camera: Model stopped before executing actions (e.g. producing outputs) scheduled for execution at times [26.188000000000002]
[atomic-processor-1] INFO com.github.sarxos.webcam.ds.cgt.WebcamOpenTask - Opening webcam Dummy Webcam 0
[atomic-processor-1] INFO com.github.sarxos.webcam.ds.cgt.WebcamCloseTask - Closing Dummy Webcam 0
[atomic-processor-1] INFO com.github.sarxos.webcam.ds.cgt.WebcamOpenTask - Opening webcam Dummy Webcam 0
[atomic-processor-1] INFO com.github.sarxos.webcam.ds.cgt.WebcamCloseTask - Closing Dummy Webcam 0
[atomic-processor-1] INFO com.github.sarxos.webcam.ds.cgt.WebcamOpenTask - Opening webcam Dummy Webcam 0
[atomic-processor-1] INFO com.github.sarxos.webcam.ds.cgt.WebcamCloseTask - Closing Dummy Webcam 0
[atomic-processor-1] INFO com.github.sarxos.webcam.ds.cgt.WebcamOpenTask - Opening webcam Dummy Webcam 0
[atomic-processor-1] INFO com.github.sarxos.webcam.ds.cgt.WebcamCloseTask - Closing Dummy Webcam 0
]]></system-err>
</testsuite>
