<?xml version="1.0" encoding="UTF-8" ?>
<testsuite errors="0" failures="0" hostname="travis-job-939cdccc-c572-40ea-a9e5-78170ec29ad5" name="ptolemy.domains.de.test.junit.JUnitTclTest" skipped="0" tests="101" time="134.6" timestamp="2019-07-20T05:05:14">
  <properties>
[...]
</properties>
  <testcase classname="ptolemy.util.test.junit.TclTests" name="[0] /home/travis/build/icyphy/ptII/ptolemy/domains/de/test/DependencyLoop.tcl (RunTclFile)" time="1.041" />
  <testcase classname="ptolemy.util.test.junit.TclTests" name="[1] /home/travis/build/icyphy/ptII/ptolemy/domains/de/test/RunDETestsAsQSS.tcl (RunTclFile)" time="90.495" />
  <testcase classname="ptolemy.util.test.junit.AutoKnownFailedTests" name="[0] /home/travis/build/icyphy/ptII/ptolemy/domains/de/test/auto/knownFailedTests/DESDFClockTest.xml (RunModel)" time="2.051" />
  <testcase classname="ptolemy.util.test.junit.AutoKnownFailedTests" name="[1] /home/travis/build/icyphy/ptII/ptolemy/domains/de/test/auto/knownFailedTests/DirectFeedback.xml (RunModel)" time="0.023" />
  <testcase classname="ptolemy.util.test.junit.AutoKnownFailedTests" name="[2] /home/travis/build/icyphy/ptII/ptolemy/domains/de/test/auto/knownFailedTests/FSMSource.xml (RunModel)" time="0.054" />
  <testcase classname="ptolemy.util.test.junit.AutoKnownFailedTests" name="[3] /home/travis/build/icyphy/ptII/ptolemy/domains/de/test/auto/knownFailedTests/HierarchicalModel.xml (RunModel)" time="0.049" />
  <testcase classname="ptolemy.util.test.junit.AutoKnownFailedTests" name="[4] /home/travis/build/icyphy/ptII/ptolemy/domains/de/test/auto/knownFailedTests/dependencyLoop.xml (RunModel)" time="0.061" />
  <testcase classname="ptolemy.util.test.junit.AutoKnownFailedTests" name="[5] /home/travis/build/icyphy/ptII/ptolemy/domains/de/test/auto/knownFailedTests/dependencyLoop2.xml (RunModel)" time="0.044" />
  <testcase classname="ptolemy.util.test.junit.AutoNameArchTests" name="[0] ThereAreNoAutoArchTests (RunModel)" time="0.001" />
  <testcase classname="ptolemy.util.test.junit.AutoTests" name="[0] /home/travis/build/icyphy/ptII/ptolemy/domains/de/test/auto/ActorDepthCalculation_actorWithoutPorts.xml (RunModel)" time="0.02" />
  <testcase classname="ptolemy.util.test.junit.AutoTests" name="[1] /home/travis/build/icyphy/ptII/ptolemy/domains/de/test/auto/AssemblyLine.xml (RunModel)" time="0.026" />
  <testcase classname="ptolemy.util.test.junit.AutoTests" name="[2] /home/travis/build/icyphy/ptII/ptolemy/domains/de/test/auto/CQBug1.xml (RunModel)" time="0.018" />
  <testcase classname="ptolemy.util.test.junit.AutoTests" name="[3] /home/travis/build/icyphy/ptII/ptolemy/domains/de/test/auto/CancelFireAt.xml (RunModel)" time="0.027" />
  <testcase classname="ptolemy.util.test.junit.AutoTests" name="[4] /home/travis/build/icyphy/ptII/ptolemy/domains/de/test/auto/CausalityAndComposabilityAnalysis.xml (RunModel)" time="0.017" />
  <testcase classname="ptolemy.util.test.junit.AutoTests" name="[5] /home/travis/build/icyphy/ptII/ptolemy/domains/de/test/auto/CausalityInterface1.xml (RunModel)" time="0.017" />
  <testcase classname="ptolemy.util.test.junit.AutoTests" name="[6] /home/travis/build/icyphy/ptII/ptolemy/domains/de/test/auto/CausalityInterface15.xml (RunModel)" time="0.013" />
  <testcase classname="ptolemy.util.test.junit.AutoTests" name="[7] /home/travis/build/icyphy/ptII/ptolemy/domains/de/test/auto/CausalityInterface2.xml (RunModel)" time="0.014" />
  <testcase classname="ptolemy.util.test.junit.AutoTests" name="[8] /home/travis/build/icyphy/ptII/ptolemy/domains/de/test/auto/CausalityInterface3.xml (RunModel)" time="0.014" />
  <testcase classname="ptolemy.util.test.junit.AutoTests" name="[9] /home/travis/build/icyphy/ptII/ptolemy/domains/de/test/auto/ClockDrift.xml (RunModel)" time="0.037" />
  <testcase classname="ptolemy.util.test.junit.AutoTests" name="[10] /home/travis/build/icyphy/ptII/ptolemy/domains/de/test/auto/ClockDriftAndValueChange.xml (RunModel)" time="0.033" />
  <testcase classname="ptolemy.util.test.junit.AutoTests" name="[11] /home/travis/build/icyphy/ptII/ptolemy/domains/de/test/auto/ClockDriftChange.xml (RunModel)" time="0.035" />
  <testcase classname="ptolemy.util.test.junit.AutoTests" name="[12] /home/travis/build/icyphy/ptII/ptolemy/domains/de/test/auto/ComposableCausalityAnalysis.xml (RunModel)" time="0.016" />
  <testcase classname="ptolemy.util.test.junit.AutoTests" name="[13] /home/travis/build/icyphy/ptII/ptolemy/domains/de/test/auto/DEFixedPointLimitation.xml (RunModel)" time="0.015" />
  <testcase classname="ptolemy.util.test.junit.AutoTests" name="[14] /home/travis/build/icyphy/ptII/ptolemy/domains/de/test/auto/DEScheduleTest.xml (RunModel)" time="0.018" />
  <testcase classname="ptolemy.util.test.junit.AutoTests" name="[15] /home/travis/build/icyphy/ptII/ptolemy/domains/de/test/auto/DEinDEwithStartTimes.xml (RunModel)" time="0.016" />
  <testcase classname="ptolemy.util.test.junit.AutoTests" name="[16] /home/travis/build/icyphy/ptII/ptolemy/domains/de/test/auto/DEinDEwithStartTimes2.xml (RunModel)" time="0.019" />
  <testcase classname="ptolemy.util.test.junit.AutoTests" name="[17] /home/travis/build/icyphy/ptII/ptolemy/domains/de/test/auto/DateDemo.xml (RunModel)" time="0.039" />
  <testcase classname="ptolemy.util.test.junit.AutoTests" name="[18] /home/travis/build/icyphy/ptII/ptolemy/domains/de/test/auto/DateToEvent.xml (RunModel)" time="2.045" />
  <testcase classname="ptolemy.util.test.junit.AutoTests" name="[19] /home/travis/build/icyphy/ptII/ptolemy/domains/de/test/auto/DepthTest1.xml (RunModel)" time="0.01" />
  <testcase classname="ptolemy.util.test.junit.AutoTests" name="[20] /home/travis/build/icyphy/ptII/ptolemy/domains/de/test/auto/DepthTest2.xml (RunModel)" time="0.034" />
  <testcase classname="ptolemy.util.test.junit.AutoTests" name="[21] /home/travis/build/icyphy/ptII/ptolemy/domains/de/test/auto/DepthTest3.xml (RunModel)" time="0.014" />
  <testcase classname="ptolemy.util.test.junit.AutoTests" name="[22] /home/travis/build/icyphy/ptII/ptolemy/domains/de/test/auto/DepthTest4.xml (RunModel)" time="0.021" />
  <testcase classname="ptolemy.util.test.junit.AutoTests" name="[23] /home/travis/build/icyphy/ptII/ptolemy/domains/de/test/auto/DepthTest5.xml (RunModel)" time="0.014" />
  <testcase classname="ptolemy.util.test.junit.AutoTests" name="[24] /home/travis/build/icyphy/ptII/ptolemy/domains/de/test/auto/DepthTest6.xml (RunModel)" time="0.014" />
  <testcase classname="ptolemy.util.test.junit.AutoTests" name="[25] /home/travis/build/icyphy/ptII/ptolemy/domains/de/test/auto/DepthTest7.xml (RunModel)" time="0.015" />
  <testcase classname="ptolemy.util.test.junit.AutoTests" name="[26] /home/travis/build/icyphy/ptII/ptolemy/domains/de/test/auto/EventToDate.xml (RunModel)" time="3.043" />
  <testcase classname="ptolemy.util.test.junit.AutoTests" name="[27] /home/travis/build/icyphy/ptII/ptolemy/domains/de/test/auto/FSM1.xml (RunModel)" time="0.052" />
  <testcase classname="ptolemy.util.test.junit.AutoTests" name="[28] /home/travis/build/icyphy/ptII/ptolemy/domains/de/test/auto/FSM7.xml (RunModel)" time="0.034" />
  <testcase classname="ptolemy.util.test.junit.AutoTests" name="[29] /home/travis/build/icyphy/ptII/ptolemy/domains/de/test/auto/Inspection.xml (RunModel)" time="0.05" />
  <testcase classname="ptolemy.util.test.junit.AutoTests" name="[30] /home/travis/build/icyphy/ptII/ptolemy/domains/de/test/auto/Iteration.xml (RunModel)" time="0.024" />
  <testcase classname="ptolemy.util.test.junit.AutoTests" name="[31] /home/travis/build/icyphy/ptII/ptolemy/domains/de/test/auto/LineFault.xml (RunModel)" time="0.628" />
  <testcase classname="ptolemy.util.test.junit.AutoTests" name="[32] /home/travis/build/icyphy/ptII/ptolemy/domains/de/test/auto/MergeModel1Add.xml (RunModel)" time="0.047" />
  <testcase classname="ptolemy.util.test.junit.AutoTests" name="[33] /home/travis/build/icyphy/ptII/ptolemy/domains/de/test/auto/MergeModel2Add.xml (RunModel)" time="0.044" />
  <testcase classname="ptolemy.util.test.junit.AutoTests" name="[34] /home/travis/build/icyphy/ptII/ptolemy/domains/de/test/auto/MergeModel3Add.xml (RunModel)" time="0.052" />
  <testcase classname="ptolemy.util.test.junit.AutoTests" name="[35] /home/travis/build/icyphy/ptII/ptolemy/domains/de/test/auto/MergeWithoutDiscard.xml (RunModel)" time="0.016" />
  <testcase classname="ptolemy.util.test.junit.AutoTests" name="[36] /home/travis/build/icyphy/ptII/ptolemy/domains/de/test/auto/Modal1.xml (RunModel)" time="0.026" />
  <testcase classname="ptolemy.util.test.junit.AutoTests" name="[37] /home/travis/build/icyphy/ptII/ptolemy/domains/de/test/auto/Modal2.xml (RunModel)" time="0.041" />
  <testcase classname="ptolemy.util.test.junit.AutoTests" name="[38] /home/travis/build/icyphy/ptII/ptolemy/domains/de/test/auto/Modal3.xml (RunModel)" time="0.028" />
  <testcase classname="ptolemy.util.test.junit.AutoTests" name="[39] /home/travis/build/icyphy/ptII/ptolemy/domains/de/test/auto/Modal4.xml (RunModel)" time="0.037" />
  <testcase classname="ptolemy.util.test.junit.AutoTests" name="[40] /home/travis/build/icyphy/ptII/ptolemy/domains/de/test/auto/Modal5.xml (RunModel)" time="0.03" />
  <testcase classname="ptolemy.util.test.junit.AutoTests" name="[41] /home/travis/build/icyphy/ptII/ptolemy/domains/de/test/auto/Modal6.xml (RunModel)" time="0.034" />
  <testcase classname="ptolemy.util.test.junit.AutoTests" name="[42] /home/travis/build/icyphy/ptII/ptolemy/domains/de/test/auto/Modal7.xml (RunModel)" time="0.035" />
  <testcase classname="ptolemy.util.test.junit.AutoTests" name="[43] /home/travis/build/icyphy/ptII/ptolemy/domains/de/test/auto/ModalModel.xml (RunModel)" time="0.181" />
  <testcase classname="ptolemy.util.test.junit.AutoTests" name="[44] /home/travis/build/icyphy/ptII/ptolemy/domains/de/test/auto/ModalSource.xml (RunModel)" time="0.02" />
  <testcase classname="ptolemy.util.test.junit.AutoTests" name="[45] /home/travis/build/icyphy/ptII/ptolemy/domains/de/test/auto/NonInterruptibleTimerZeroDelay.xml (RunModel)" time="0.01" />
  <testcase classname="ptolemy.util.test.junit.AutoTests" name="[46] /home/travis/build/icyphy/ptII/ptolemy/domains/de/test/auto/OpenQueueingNetwork.xml (RunModel)" time="2.541" />
  <testcase classname="ptolemy.util.test.junit.AutoTests" name="[47] /home/travis/build/icyphy/ptII/ptolemy/domains/de/test/auto/OpenQueuingNetwork.xml (RunModel)" time="0.301" />
  <testcase classname="ptolemy.util.test.junit.AutoTests" name="[48] /home/travis/build/icyphy/ptII/ptolemy/domains/de/test/auto/PeriodicSampler.xml (RunModel)" time="0.016" />
  <testcase classname="ptolemy.util.test.junit.AutoTests" name="[49] /home/travis/build/icyphy/ptII/ptolemy/domains/de/test/auto/PersistentIO.xml (RunModel)" time="0.026" />
  <testcase classname="ptolemy.util.test.junit.AutoTests" name="[50] /home/travis/build/icyphy/ptII/ptolemy/domains/de/test/auto/PortParameterResetOnInitialize.xml (RunModel)" time="0.012" />
  <testcase classname="ptolemy.util.test.junit.AutoTests" name="[51] /home/travis/build/icyphy/ptII/ptolemy/domains/de/test/auto/PortParameterUpdates.xml (RunModel)" time="0.017" />
  <testcase classname="ptolemy.util.test.junit.AutoTests" name="[52] /home/travis/build/icyphy/ptII/ptolemy/domains/de/test/auto/QueueAndServer.xml (RunModel)" time="0.024" />
  <testcase classname="ptolemy.util.test.junit.AutoTests" name="[53] /home/travis/build/icyphy/ptII/ptolemy/domains/de/test/auto/Records.xml (RunModel)" time="0.013" />
  <testcase classname="ptolemy.util.test.junit.AutoTests" name="[54] /home/travis/build/icyphy/ptII/ptolemy/domains/de/test/auto/ResetTransitionWithStartTime1.xml (RunModel)" time="0.017" />
  <testcase classname="ptolemy.util.test.junit.AutoTests" name="[55] /home/travis/build/icyphy/ptII/ptolemy/domains/de/test/auto/ResetTransitionWithStartTime2.xml (RunModel)" time="0.019" />
  <testcase classname="ptolemy.util.test.junit.AutoTests" name="[56] /home/travis/build/icyphy/ptII/ptolemy/domains/de/test/auto/ResetTransitionWithStartTime3.xml (RunModel)" time="0.019" />
  <testcase classname="ptolemy.util.test.junit.AutoTests" name="[57] /home/travis/build/icyphy/ptII/ptolemy/domains/de/test/auto/ResetTransitionWithStartTime4.xml (RunModel)" time="0.018" />
  <testcase classname="ptolemy.util.test.junit.AutoTests" name="[58] /home/travis/build/icyphy/ptII/ptolemy/domains/de/test/auto/ResettableTimer1.xml (RunModel)" time="0.012" />
  <testcase classname="ptolemy.util.test.junit.AutoTests" name="[59] /home/travis/build/icyphy/ptII/ptolemy/domains/de/test/auto/ResettableTimer2.xml (RunModel)" time="0.01" />
  <testcase classname="ptolemy.util.test.junit.AutoTests" name="[60] /home/travis/build/icyphy/ptII/ptolemy/domains/de/test/auto/ResettableTimer3.xml (RunModel)" time="0.009" />
  <testcase classname="ptolemy.util.test.junit.AutoTests" name="[61] /home/travis/build/icyphy/ptII/ptolemy/domains/de/test/auto/ResettableTimer4.xml (RunModel)" time="0.012" />
  <testcase classname="ptolemy.util.test.junit.AutoTests" name="[62] /home/travis/build/icyphy/ptII/ptolemy/domains/de/test/auto/ResettableTimer5.xml (RunModel)" time="0.014" />
  <testcase classname="ptolemy.util.test.junit.AutoTests" name="[63] /home/travis/build/icyphy/ptII/ptolemy/domains/de/test/auto/ResettableTimer6.xml (RunModel)" time="0.016" />
  <testcase classname="ptolemy.util.test.junit.AutoTests" name="[64] /home/travis/build/icyphy/ptII/ptolemy/domains/de/test/auto/ServerZeroDelay.xml (RunModel)" time="0.011" />
  <testcase classname="ptolemy.util.test.junit.AutoTests" name="[65] /home/travis/build/icyphy/ptII/ptolemy/domains/de/test/auto/SmartSender.xml (RunModel)" time="3.009" />
  <testcase classname="ptolemy.util.test.junit.AutoTests" name="[66] /home/travis/build/icyphy/ptII/ptolemy/domains/de/test/auto/ThreadedComposite.xml (RunModel)" time="0.136" />
  <testcase classname="ptolemy.util.test.junit.AutoTests" name="[67] /home/travis/build/icyphy/ptII/ptolemy/domains/de/test/auto/Time.xml (RunModel)" time="0.447" />
  <testcase classname="ptolemy.util.test.junit.AutoTests" name="[68] /home/travis/build/icyphy/ptII/ptolemy/domains/de/test/auto/TimeDelayZeroDelay.xml (RunModel)" time="0.011" />
  <testcase classname="ptolemy.util.test.junit.AutoTests" name="[69] /home/travis/build/icyphy/ptII/ptolemy/domains/de/test/auto/TimerZeroDelay.xml (RunModel)" time="0.014" />
  <testcase classname="ptolemy.util.test.junit.AutoTests" name="[70] /home/travis/build/icyphy/ptII/ptolemy/domains/de/test/auto/TimingParadox.xml (RunModel)" time="0.392" />
  <testcase classname="ptolemy.util.test.junit.AutoTests" name="[71] /home/travis/build/icyphy/ptII/ptolemy/domains/de/test/auto/TransferInputs.xml (RunModel)" time="0.014" />
  <testcase classname="ptolemy.util.test.junit.AutoTests" name="[72] /home/travis/build/icyphy/ptII/ptolemy/domains/de/test/auto/TransferOutputs2.xml (RunModel)" time="0.018" />
  <testcase classname="ptolemy.util.test.junit.AutoTests" name="[73] /home/travis/build/icyphy/ptII/ptolemy/domains/de/test/auto/Trilateration.xml (RunModel)" time="13.79" />
  <testcase classname="ptolemy.util.test.junit.AutoTests" name="[74] /home/travis/build/icyphy/ptII/ptolemy/domains/de/test/auto/TwoSigmaDelta.xml (RunModel)" time="2.233" />
  <testcase classname="ptolemy.util.test.junit.AutoTests" name="[75] /home/travis/build/icyphy/ptII/ptolemy/domains/de/test/auto/VariableDelay.xml (RunModel)" time="0.022" />
  <testcase classname="ptolemy.util.test.junit.AutoTests" name="[76] /home/travis/build/icyphy/ptII/ptolemy/domains/de/test/auto/VariableDelay2.xml (RunModel)" time="0.012" />
  <testcase classname="ptolemy.util.test.junit.AutoTests" name="[77] /home/travis/build/icyphy/ptII/ptolemy/domains/de/test/auto/VariableDelayZeroDelay.xml (RunModel)" time="0.013" />
  <testcase classname="ptolemy.util.test.junit.AutoTests" name="[78] /home/travis/build/icyphy/ptII/ptolemy/domains/de/test/auto/VariableDelayZeroDelay2.xml (RunModel)" time="0.011" />
  <testcase classname="ptolemy.util.test.junit.AutoTests" name="[79] /home/travis/build/icyphy/ptII/ptolemy/domains/de/test/auto/deInCt.xml (RunModel)" time="0.017" />
  <testcase classname="ptolemy.util.test.junit.AutoTests" name="[80] /home/travis/build/icyphy/ptII/ptolemy/domains/de/test/auto/deInCt2.xml (RunModel)" time="0.016" />
  <testcase classname="ptolemy.util.test.junit.AutoTests" name="[81] /home/travis/build/icyphy/ptII/ptolemy/domains/de/test/auto/dynamicCausalityInterface1.xml (RunModel)" time="0.017" />
  <testcase classname="ptolemy.util.test.junit.AutoTests" name="[82] /home/travis/build/icyphy/ptII/ptolemy/domains/de/test/auto/fsm_de_test.xml (RunModel)" time="0.026" />
  <testcase classname="ptolemy.util.test.junit.AutoTests" name="[83] /home/travis/build/icyphy/ptII/ptolemy/domains/de/test/auto/functionDependencyReconstruction.xml (RunModel)" time="0.051" />
  <testcase classname="ptolemy.util.test.junit.AutoTests" name="[84] /home/travis/build/icyphy/ptII/ptolemy/domains/de/test/auto/multirate.xml (RunModel)" time="0.015" />
  <testcase classname="ptolemy.util.test.junit.AutoTests" name="[85] /home/travis/build/icyphy/ptII/ptolemy/domains/de/test/auto/multirate2.xml (RunModel)" time="0.019" />
  <testcase classname="ptolemy.util.test.junit.AutoTests" name="[86] /home/travis/build/icyphy/ptII/ptolemy/domains/de/test/auto/realtime.xml (RunModel)" time="10.01" />
  <testcase classname="ptolemy.util.test.junit.AutoTests" name="[87] /home/travis/build/icyphy/ptII/ptolemy/domains/de/test/auto/relationGroup.xml (RunModel)" time="0.009" />
  <testcase classname="ptolemy.util.test.junit.AutoTests" name="[88] /home/travis/build/icyphy/ptII/ptolemy/domains/de/test/auto/relationGroup2.xml (RunModel)" time="0.007" />
  <testcase classname="ptolemy.util.test.junit.AutoTests" name="[89] /home/travis/build/icyphy/ptII/ptolemy/domains/de/test/auto/sortWithOpaquePorts.xml (RunModel)" time="0.011" />
  <testcase classname="ptolemy.util.test.junit.AutoTests" name="[90] /home/travis/build/icyphy/ptII/ptolemy/domains/de/test/auto/transferInputsandOutputs.xml (RunModel)" time="0.018" />
  <testcase classname="ptolemy.util.test.junit.AutoTests" name="[91] /home/travis/build/icyphy/ptII/ptolemy/domains/de/test/auto/triggerType.xml (RunModel)" time="0.008" />
  <system-out><![CDATA[/home/travis/build/icyphy/ptII/ptolemy/domains/de/test/DependencyLoop.tcl
testDefs.tcl: setting time out to 9000 seconds at Sat Jul 20 05:05:14 UTC 2019
86 ms. Memory: 120832K Free: 72134K (60%)
16 ms. Memory: 120832K Free: 54711K (45%)
/home/travis/build/icyphy/ptII/ptolemy/domains/de/test/RunDETestsAsQSS.tcl
Run the DE tests using ptolemy.domains.qss.test.QSSDirectorTest, which extends QSSDirector and prints a message in the constructors.
------------------ testing $PTII/ptolemy/domains/de/test/auto/knownFailedTests/DirectFeedback.xml (Known Failure) 
59 ms. Memory: 120832K Free: 48582K (40%)


==== $PTIIhome/travis/build/icyphy/ptII/ptolemy/domains/de/test/../../../../: Auto Automatic test in file $PTII/ptolemy/domains/de/test/auto/knownFailedTests/DirectFeedback.xml
==== Contents of test case:

	    # FIXME: we should use $relativeFilename here, but it
	    # might have backslashes under Windows, which causes no end
	    # of trouble.
	    createAndExecute $file
	    list {}
	
.... Test generated KNOWN error:
    while executing
ptolemy.kernel.util.IllegalActionException: Test fails in iteration 1.
Value was: 1.0. Should have been: 2.0
  in .DirectFeedback.Test
	at ptolemy.actor.lib.Test.fire(Test.java:268)
	at ptolemy.domains.de.kernel.DEDirector._fire(DEDirector.java:1949)
	at ptolemy.domains.de.kernel.DEDirector.fire(DEDirector.java:502)
	at ptolemy.actor.CompositeActor.fire(CompositeActor.java:455)
	at ptolemy.actor.Manager.iterate(Manager.java:851)
	at ptolemy.actor.Manager.execute(Manager.java:369)
	at ptolemy.actor.Manager.run(Manager.java:1263)
	at ptolemy.actor.Manager$PtolemyRunThread.run(Manager.java:1933)

    while executing
ptolemy.kernel.util.IllegalActionException: Test fails in iteration 1.
Value was: 1.0. Should have been: 2.0
  in .DirectFeedback.Test
    while executing
"java::new ptolemy.moml.MoMLSimpleApplication $file
"
    (procedure "createAndExecute" line 2)
    invoked from within
"createAndExecute $file"
    ("uplevel" body line 5)
    invoked from within
"uplevel $contents_of_test"
------------------ testing $PTII/ptolemy/domains/de/test/auto/knownFailedTests/dependencyLoop.xml (Known Failure) 
54 ms. Memory: 120832K Free: 108131K (89%)


==== $PTIIhome/travis/build/icyphy/ptII/ptolemy/domains/de/test/../../../../: Auto Automatic test in file $PTII/ptolemy/domains/de/test/auto/knownFailedTests/dependencyLoop.xml
==== Contents of test case:

	    # FIXME: we should use $relativeFilename here, but it
	    # might have backslashes under Windows, which causes no end
	    # of trouble.
	    createAndExecute $file
	    list {}
	
.... Test generated KNOWN error:
    while executing
ptolemy.kernel.util.IllegalActionException: Found a zero delay loop containing .dependencyLoop.original
  in .dependencyLoop and .dependencyLoop.original
	at ptolemy.actor.util.CausalityInterfaceForComposites._computeOutputPortDepth(CausalityInterfaceForComposites.java:759)
	at ptolemy.actor.util.CausalityInterfaceForComposites._computeInputDepth(CausalityInterfaceForComposites.java:696)
	at ptolemy.actor.util.CausalityInterfaceForComposites._computeOutputPortDepth(CausalityInterfaceForComposites.java:765)
	at ptolemy.actor.util.CausalityInterfaceForComposites._computeInputDepth(CausalityInterfaceForComposites.java:696)
	at ptolemy.actor.util.CausalityInterfaceForComposites._computeOutputPortDepth(CausalityInterfaceForComposites.java:765)
	at ptolemy.actor.util.CausalityInterfaceForComposites._computeInputDepth(CausalityInterfaceForComposites.java:696)
	at ptolemy.actor.util.CausalityInterfaceForComposites._computeActorDepth(CausalityInterfaceForComposites.java:532)
	at ptolemy.actor.util.CausalityInterfaceForComposites.checkForCycles(CausalityInterfaceForComposites.java:96)
	at ptolemy.domains.de.kernel.DEDirector.preinitialize(DEDirector.java:1338)
	at ptolemy.actor.CompositeActor.preinitialize(CompositeActor.java:1828)
	at ptolemy.actor.Manager.preinitializeAndResolveTypes(Manager.java:1040)
	at ptolemy.actor.Manager.initialize(Manager.java:710)
	at ptolemy.actor.Manager.execute(Manager.java:356)
	at ptolemy.actor.Manager.run(Manager.java:1263)
	at ptolemy.actor.Manager$PtolemyRunThread.run(Manager.java:1933)

    while executing
ptolemy.kernel.util.IllegalActionException: Found a zero delay loop containing .dependencyLoop.original
  in .dependencyLoop and .dependencyLoop.original
    while executing
"java::new ptolemy.moml.MoMLSimpleApplication $file
"
    (procedure "createAndExecute" line 2)
    invoked from within
"createAndExecute $file"
    ("uplevel" body line 5)
    invoked from within
"uplevel $contents_of_test"
------------------ testing $PTII/ptolemy/domains/de/test/auto/knownFailedTests/FSMSource.xml (Known Failure) 
40 ms. Memory: 120832K Free: 98709K (82%)
!!!! Auto was marked as failing, but now passes
------------------ testing $PTII/ptolemy/domains/de/test/auto/knownFailedTests/HierarchicalModel.xml (Known Failure) 
7 ms. Memory: 120832K Free: 81550K (67%)


==== $PTIIhome/travis/build/icyphy/ptII/ptolemy/domains/de/test/../../../../: Auto Automatic test in file $PTII/ptolemy/domains/de/test/auto/knownFailedTests/HierarchicalModel.xml
==== Contents of test case:

	    # FIXME: we should use $relativeFilename here, but it
	    # might have backslashes under Windows, which causes no end
	    # of trouble.
	    createAndExecute $file
	    list {}
	
.... Test generated KNOWN error:
    while executing
ptolemy.kernel.util.IllegalActionException: Found a zero delay loop containing .HierarchicalModel.A
  in .HierarchicalModel and .HierarchicalModel.A
	at ptolemy.actor.util.CausalityInterfaceForComposites._computeOutputPortDepth(CausalityInterfaceForComposites.java:759)
	at ptolemy.actor.util.CausalityInterfaceForComposites._computeInputDepth(CausalityInterfaceForComposites.java:696)
	at ptolemy.actor.util.CausalityInterfaceForComposites._computeOutputPortDepth(CausalityInterfaceForComposites.java:765)
	at ptolemy.actor.util.CausalityInterfaceForComposites._computeInputDepth(CausalityInterfaceForComposites.java:696)
	at ptolemy.actor.util.CausalityInterfaceForComposites._computeOutputPortDepth(CausalityInterfaceForComposites.java:765)
	at ptolemy.actor.util.CausalityInterfaceForComposites._computeInputDepth(CausalityInterfaceForComposites.java:696)
	at ptolemy.actor.util.CausalityInterfaceForComposites._computeActorDepth(CausalityInterfaceForComposites.java:532)
	at ptolemy.actor.util.CausalityInterfaceForComposites.checkForCycles(CausalityInterfaceForComposites.java:96)
	at ptolemy.domains.de.kernel.DEDirector.preinitialize(DEDirector.java:1338)
	at ptolemy.actor.CompositeActor.preinitialize(CompositeActor.java:1828)
	at ptolemy.actor.Manager.preinitializeAndResolveTypes(Manager.java:1040)
	at ptolemy.actor.Manager.initialize(Manager.java:710)
	at ptolemy.actor.Manager.execute(Manager.java:356)
	at ptolemy.actor.Manager.run(Manager.java:1263)
	at ptolemy.actor.Manager$PtolemyRunThread.run(Manager.java:1933)

    while executing
ptolemy.kernel.util.IllegalActionException: Found a zero delay loop containing .HierarchicalModel.A
  in .HierarchicalModel and .HierarchicalModel.A
    while executing
"java::new ptolemy.moml.MoMLSimpleApplication $file
"
    (procedure "createAndExecute" line 2)
    invoked from within
"createAndExecute $file"
    ("uplevel" body line 5)
    invoked from within
"uplevel $contents_of_test"
------------------ testing $PTII/ptolemy/domains/de/test/auto/knownFailedTests/dependencyLoop2.xml (Known Failure) 
32 ms. Memory: 120832K Free: 105266K (87%)


==== $PTIIhome/travis/build/icyphy/ptII/ptolemy/domains/de/test/../../../../: Auto Automatic test in file $PTII/ptolemy/domains/de/test/auto/knownFailedTests/dependencyLoop2.xml
==== Contents of test case:

	    # FIXME: we should use $relativeFilename here, but it
	    # might have backslashes under Windows, which causes no end
	    # of trouble.
	    createAndExecute $file
	    list {}
	
.... Test generated KNOWN error:
    while executing
ptolemy.kernel.util.IllegalActionException: Found a zero delay loop containing .dependencyLoop2.original
  in .dependencyLoop2 and .dependencyLoop2.original
	at ptolemy.actor.util.CausalityInterfaceForComposites._computeOutputPortDepth(CausalityInterfaceForComposites.java:759)
	at ptolemy.actor.util.CausalityInterfaceForComposites._computeInputDepth(CausalityInterfaceForComposites.java:696)
	at ptolemy.actor.util.CausalityInterfaceForComposites._computeOutputPortDepth(CausalityInterfaceForComposites.java:765)
	at ptolemy.actor.util.CausalityInterfaceForComposites._computeInputDepth(CausalityInterfaceForComposites.java:696)
	at ptolemy.actor.util.CausalityInterfaceForComposites._computeOutputPortDepth(CausalityInterfaceForComposites.java:765)
	at ptolemy.actor.util.CausalityInterfaceForComposites._computeInputDepth(CausalityInterfaceForComposites.java:696)
	at ptolemy.actor.util.CausalityInterfaceForComposites._computeActorDepth(CausalityInterfaceForComposites.java:532)
	at ptolemy.actor.util.CausalityInterfaceForComposites.checkForCycles(CausalityInterfaceForComposites.java:96)
	at ptolemy.domains.de.kernel.DEDirector.preinitialize(DEDirector.java:1338)
	at ptolemy.actor.CompositeActor.preinitialize(CompositeActor.java:1828)
	at ptolemy.actor.Manager.preinitializeAndResolveTypes(Manager.java:1040)
	at ptolemy.actor.Manager.initialize(Manager.java:710)
	at ptolemy.actor.Manager.execute(Manager.java:356)
	at ptolemy.actor.Manager.run(Manager.java:1263)
	at ptolemy.actor.Manager$PtolemyRunThread.run(Manager.java:1933)

    while executing
ptolemy.kernel.util.IllegalActionException: Found a zero delay loop containing .dependencyLoop2.original
  in .dependencyLoop2 and .dependencyLoop2.original
    while executing
"java::new ptolemy.moml.MoMLSimpleApplication $file
"
    (procedure "createAndExecute" line 2)
    invoked from within
"createAndExecute $file"
    ("uplevel" body line 5)
    invoked from within
"uplevel $contents_of_test"
------------------ testing $PTII/ptolemy/domains/de/test/auto/knownFailedTests/DESDFClockTest.xml (Known Failure) 
2058 ms. Memory: 120832K Free: 91954K (76%)


==== $PTIIhome/travis/build/icyphy/ptII/ptolemy/domains/de/test/../../../../: Auto Automatic test in file $PTII/ptolemy/domains/de/test/auto/knownFailedTests/DESDFClockTest.xml
==== Contents of test case:

	    # FIXME: we should use $relativeFilename here, but it
	    # might have backslashes under Windows, which causes no end
	    # of trouble.
	    createAndExecute $file
	    list {}
	
.... Test generated KNOWN error:
    while executing
ptolemy.kernel.util.IllegalActionException: Actor is not ready to fire.  Perhaps UpSample.prefire() returned false? Try debugging the actor by selecting "Listen to Actor".  Also, for SDF check moml for tokenConsumptionRate on input.
  in .DESDFClockTest.Play Bell.Copy1:SDF Director and .DESDFClockTest.Play Bell.UpSample
	at ptolemy.actor.sched.StaticSchedulingDirector.fire(StaticSchedulingDirector.java:227)
	at ptolemy.domains.sdf.kernel.SDFDirector.fire(SDFDirector.java:500)
	at ptolemy.actor.CompositeActor.fire(CompositeActor.java:455)
	at ptolemy.domains.de.kernel.DEDirector._fire(DEDirector.java:1949)
	at ptolemy.domains.de.kernel.DEDirector.fire(DEDirector.java:502)
	at ptolemy.actor.CompositeActor.fire(CompositeActor.java:455)
	at ptolemy.actor.Manager.iterate(Manager.java:851)
	at ptolemy.actor.Manager.execute(Manager.java:369)
	at ptolemy.actor.Manager.run(Manager.java:1263)
	at ptolemy.actor.Manager$PtolemyRunThread.run(Manager.java:1933)

    while executing
ptolemy.kernel.util.IllegalActionException: Actor is not ready to fire.  Perhaps UpSample.prefire() returned false? Try debugging the actor by selecting "Listen to Actor".  Also, for SDF check moml for tokenConsumptionRate on input.
  in .DESDFClockTest.Play Bell.Copy1:SDF Director and .DESDFClockTest.Play Bell.UpSample
    while executing
"java::new ptolemy.moml.MoMLSimpleApplication $file
"
    (procedure "createAndExecute" line 2)
    invoked from within
"createAndExecute $file"
    ("uplevel" body line 5)
    invoked from within
"uplevel $contents_of_test"
------------------ testing $PTII/ptolemy/domains/de/test/auto/ActorDepthCalculation_actorWithoutPorts.xml
auto.tcl: Setting watchdog for 200 seconds at Sat Jul 20 05:05:18 UTC 2019
8 ms. Memory: 120832K Free: 84258K (70%)
ptolemy.util.test.WatchDog.cancel(): canceling Sat Jul 20 05:05:18 UTC 2019
auto.tcl: Setting watchdog for 200 seconds at Sat Jul 20 05:05:18 UTC 2019
5 ms. Memory: 120832K Free: 82738K (68%)
ptolemy.util.test.WatchDog.cancel(): canceling Sat Jul 20 05:05:18 UTC 2019
------------------ testing $PTII/ptolemy/domains/de/test/auto/AssemblyLine.xml
auto.tcl: Setting watchdog for 200 seconds at Sat Jul 20 05:05:19 UTC 2019
13 ms. Memory: 48128K Free: 25520K (53%)
ptolemy.util.test.WatchDog.cancel(): canceling Sat Jul 20 05:05:19 UTC 2019
auto.tcl: Setting watchdog for 200 seconds at Sat Jul 20 05:05:19 UTC 2019
7 ms. Memory: 48128K Free: 25089K (52%)
ptolemy.util.test.WatchDog.cancel(): canceling Sat Jul 20 05:05:19 UTC 2019
------------------ testing $PTII/ptolemy/domains/de/test/auto/CQBug1.xml
auto.tcl: Setting watchdog for 200 seconds at Sat Jul 20 05:05:19 UTC 2019
3 ms. Memory: 48128K Free: 31569K (66%)
ptolemy.util.test.WatchDog.cancel(): canceling Sat Jul 20 05:05:19 UTC 2019
auto.tcl: Setting watchdog for 200 seconds at Sat Jul 20 05:05:19 UTC 2019
2 ms. Memory: 48128K Free: 31130K (65%)
ptolemy.util.test.WatchDog.cancel(): canceling Sat Jul 20 05:05:19 UTC 2019
------------------ testing $PTII/ptolemy/domains/de/test/auto/CancelFireAt.xml
auto.tcl: Setting watchdog for 200 seconds at Sat Jul 20 05:05:19 UTC 2019
3 ms. Memory: 45056K Free: 29716K (66%)
ptolemy.util.test.WatchDog.cancel(): canceling Sat Jul 20 05:05:19 UTC 2019
auto.tcl: Setting watchdog for 200 seconds at Sat Jul 20 05:05:19 UTC 2019
2 ms. Memory: 45056K Free: 29325K (65%)
ptolemy.util.test.WatchDog.cancel(): canceling Sat Jul 20 05:05:19 UTC 2019
------------------ testing $PTII/ptolemy/domains/de/test/auto/CausalityAndComposabilityAnalysis.xml
auto.tcl: Setting watchdog for 200 seconds at Sat Jul 20 05:05:19 UTC 2019
7 ms. Memory: 45056K Free: 27400K (61%)
ptolemy.util.test.WatchDog.cancel(): canceling Sat Jul 20 05:05:19 UTC 2019
auto.tcl: Setting watchdog for 200 seconds at Sat Jul 20 05:05:19 UTC 2019
6 ms. Memory: 45056K Free: 26944K (60%)
ptolemy.util.test.WatchDog.cancel(): canceling Sat Jul 20 05:05:19 UTC 2019
------------------ testing $PTII/ptolemy/domains/de/test/auto/CausalityInterface1.xml
auto.tcl: Setting watchdog for 200 seconds at Sat Jul 20 05:05:19 UTC 2019
31 ms. Memory: 45056K Free: 26390K (59%)
ptolemy.util.test.WatchDog.cancel(): canceling Sat Jul 20 05:05:19 UTC 2019
auto.tcl: Setting watchdog for 200 seconds at Sat Jul 20 05:05:19 UTC 2019
5 ms. Memory: 45056K Free: 25076K (56%)
ptolemy.util.test.WatchDog.cancel(): canceling Sat Jul 20 05:05:19 UTC 2019
------------------ testing $PTII/ptolemy/domains/de/test/auto/CausalityInterface15.xml
auto.tcl: Setting watchdog for 200 seconds at Sat Jul 20 05:05:19 UTC 2019
11 ms. Memory: 45056K Free: 26550K (59%)
ptolemy.util.test.WatchDog.cancel(): canceling Sat Jul 20 05:05:19 UTC 2019
auto.tcl: Setting watchdog for 200 seconds at Sat Jul 20 05:05:19 UTC 2019
9 ms. Memory: 45056K Free: 25399K (56%)
ptolemy.util.test.WatchDog.cancel(): canceling Sat Jul 20 05:05:19 UTC 2019
------------------ testing $PTII/ptolemy/domains/de/test/auto/CausalityInterface2.xml
auto.tcl: Setting watchdog for 200 seconds at Sat Jul 20 05:05:19 UTC 2019
8 ms. Memory: 45056K Free: 26539K (59%)
ptolemy.util.test.WatchDog.cancel(): canceling Sat Jul 20 05:05:19 UTC 2019
auto.tcl: Setting watchdog for 200 seconds at Sat Jul 20 05:05:19 UTC 2019
3 ms. Memory: 45056K Free: 26149K (58%)
ptolemy.util.test.WatchDog.cancel(): canceling Sat Jul 20 05:05:19 UTC 2019
------------------ testing $PTII/ptolemy/domains/de/test/auto/CausalityInterface3.xml
auto.tcl: Setting watchdog for 200 seconds at Sat Jul 20 05:05:19 UTC 2019
5 ms. Memory: 45056K Free: 26550K (59%)
ptolemy.util.test.WatchDog.cancel(): canceling Sat Jul 20 05:05:19 UTC 2019
auto.tcl: Setting watchdog for 200 seconds at Sat Jul 20 05:05:19 UTC 2019
3 ms. Memory: 45056K Free: 25764K (57%)
ptolemy.util.test.WatchDog.cancel(): canceling Sat Jul 20 05:05:19 UTC 2019
------------------ testing $PTII/ptolemy/domains/de/test/auto/ClockDrift.xml
auto.tcl: Setting watchdog for 200 seconds at Sat Jul 20 05:05:20 UTC 2019
85 ms. Memory: 45056K Free: 19155K (43%)
ptolemy.util.test.WatchDog.cancel(): canceling Sat Jul 20 05:05:20 UTC 2019
auto.tcl: Setting watchdog for 200 seconds at Sat Jul 20 05:05:20 UTC 2019
77 ms. Memory: 45056K Free: 16168K (36%)
ptolemy.util.test.WatchDog.cancel(): canceling Sat Jul 20 05:05:20 UTC 2019
------------------ testing $PTII/ptolemy/domains/de/test/auto/ClockDriftAndValueChange.xml
auto.tcl: Setting watchdog for 200 seconds at Sat Jul 20 05:05:20 UTC 2019
50 ms. Memory: 45056K Free: 19219K (43%)
ptolemy.util.test.WatchDog.cancel(): canceling Sat Jul 20 05:05:20 UTC 2019
auto.tcl: Setting watchdog for 200 seconds at Sat Jul 20 05:05:20 UTC 2019
31 ms. Memory: 45056K Free: 16374K (36%)
ptolemy.util.test.WatchDog.cancel(): canceling Sat Jul 20 05:05:20 UTC 2019
------------------ testing $PTII/ptolemy/domains/de/test/auto/ClockDriftChange.xml
auto.tcl: Setting watchdog for 200 seconds at Sat Jul 20 05:05:20 UTC 2019
25 ms. Memory: 45056K Free: 21024K (47%)
ptolemy.util.test.WatchDog.cancel(): canceling Sat Jul 20 05:05:20 UTC 2019
auto.tcl: Setting watchdog for 200 seconds at Sat Jul 20 05:05:20 UTC 2019
20 ms. Memory: 45056K Free: 18493K (41%)
ptolemy.util.test.WatchDog.cancel(): canceling Sat Jul 20 05:05:20 UTC 2019
------------------ testing $PTII/ptolemy/domains/de/test/auto/ComposableCausalityAnalysis.xml
auto.tcl: Setting watchdog for 200 seconds at Sat Jul 20 05:05:20 UTC 2019
2 ms. Memory: 45056K Free: 25668K (57%)
ptolemy.util.test.WatchDog.cancel(): canceling Sat Jul 20 05:05:20 UTC 2019
auto.tcl: Setting watchdog for 200 seconds at Sat Jul 20 05:05:20 UTC 2019
5 ms. Memory: 45056K Free: 24654K (55%)
ptolemy.util.test.WatchDog.cancel(): canceling Sat Jul 20 05:05:20 UTC 2019
------------------ testing $PTII/ptolemy/domains/de/test/auto/DEFixedPointLimitation.xml
auto.tcl: Setting watchdog for 200 seconds at Sat Jul 20 05:05:20 UTC 2019
3 ms. Memory: 45056K Free: 27026K (60%)
ptolemy.util.test.WatchDog.cancel(): canceling Sat Jul 20 05:05:20 UTC 2019
auto.tcl: Setting watchdog for 200 seconds at Sat Jul 20 05:05:20 UTC 2019
2 ms. Memory: 45056K Free: 26111K (58%)
ptolemy.util.test.WatchDog.cancel(): canceling Sat Jul 20 05:05:20 UTC 2019
------------------ testing $PTII/ptolemy/domains/de/test/auto/DEScheduleTest.xml
auto.tcl: Setting watchdog for 200 seconds at Sat Jul 20 05:05:20 UTC 2019
7 ms. Memory: 45056K Free: 27306K (61%)
ptolemy.util.test.WatchDog.cancel(): canceling Sat Jul 20 05:05:20 UTC 2019
auto.tcl: Setting watchdog for 200 seconds at Sat Jul 20 05:05:20 UTC 2019
4 ms. Memory: 45056K Free: 26551K (59%)
ptolemy.util.test.WatchDog.cancel(): canceling Sat Jul 20 05:05:20 UTC 2019
------------------ testing $PTII/ptolemy/domains/de/test/auto/DEinDEwithStartTimes.xml
auto.tcl: Setting watchdog for 200 seconds at Sat Jul 20 05:05:20 UTC 2019
4 ms. Memory: 45056K Free: 25485K (57%)
ptolemy.util.test.WatchDog.cancel(): canceling Sat Jul 20 05:05:20 UTC 2019
auto.tcl: Setting watchdog for 200 seconds at Sat Jul 20 05:05:20 UTC 2019
7 ms. Memory: 45056K Free: 24426K (54%)
ptolemy.util.test.WatchDog.cancel(): canceling Sat Jul 20 05:05:20 UTC 2019
------------------ testing $PTII/ptolemy/domains/de/test/auto/DEinDEwithStartTimes2.xml
auto.tcl: Setting watchdog for 200 seconds at Sat Jul 20 05:05:20 UTC 2019
8 ms. Memory: 45056K Free: 24766K (55%)
ptolemy.util.test.WatchDog.cancel(): canceling Sat Jul 20 05:05:21 UTC 2019
auto.tcl: Setting watchdog for 200 seconds at Sat Jul 20 05:05:21 UTC 2019
8 ms. Memory: 45056K Free: 23381K (52%)
ptolemy.util.test.WatchDog.cancel(): canceling Sat Jul 20 05:05:21 UTC 2019
------------------ testing $PTII/ptolemy/domains/de/test/auto/DateDemo.xml
auto.tcl: Setting watchdog for 200 seconds at Sat Jul 20 05:05:21 UTC 2019
25 ms. Memory: 45056K Free: 19032K (42%)
ptolemy.util.test.WatchDog.cancel(): canceling Sat Jul 20 05:05:21 UTC 2019
auto.tcl: Setting watchdog for 200 seconds at Sat Jul 20 05:05:21 UTC 2019
10 ms. Memory: 45056K Free: 17479K (39%)
ptolemy.util.test.WatchDog.cancel(): canceling Sat Jul 20 05:05:21 UTC 2019
------------------ testing $PTII/ptolemy/domains/de/test/auto/DateToEvent.xml
auto.tcl: Setting watchdog for 200 seconds at Sat Jul 20 05:05:21 UTC 2019
2019 ms. Memory: 45056K Free: 14941K (33%)
ptolemy.util.test.WatchDog.cancel(): canceling Sat Jul 20 05:05:23 UTC 2019
auto.tcl: Setting watchdog for 200 seconds at Sat Jul 20 05:05:23 UTC 2019
2007 ms. Memory: 45056K Free: 14243K (32%)
ptolemy.util.test.WatchDog.cancel(): canceling Sat Jul 20 05:05:25 UTC 2019
------------------ testing $PTII/ptolemy/domains/de/test/auto/DepthTest1.xml
auto.tcl: Setting watchdog for 200 seconds at Sat Jul 20 05:05:25 UTC 2019
5 ms. Memory: 45056K Free: 28090K (62%)
ptolemy.util.test.WatchDog.cancel(): canceling Sat Jul 20 05:05:25 UTC 2019
auto.tcl: Setting watchdog for 200 seconds at Sat Jul 20 05:05:25 UTC 2019
1 ms. Memory: 45056K Free: 27308K (61%)
ptolemy.util.test.WatchDog.cancel(): canceling Sat Jul 20 05:05:25 UTC 2019
------------------ testing $PTII/ptolemy/domains/de/test/auto/DepthTest2.xml
auto.tcl: Setting watchdog for 200 seconds at Sat Jul 20 05:05:25 UTC 2019
3 ms. Memory: 45056K Free: 25009K (56%)
ptolemy.util.test.WatchDog.cancel(): canceling Sat Jul 20 05:05:25 UTC 2019
auto.tcl: Setting watchdog for 200 seconds at Sat Jul 20 05:05:25 UTC 2019
2 ms. Memory: 45056K Free: 24418K (54%)
ptolemy.util.test.WatchDog.cancel(): canceling Sat Jul 20 05:05:25 UTC 2019
------------------ testing $PTII/ptolemy/domains/de/test/auto/DepthTest3.xml
auto.tcl: Setting watchdog for 200 seconds at Sat Jul 20 05:05:25 UTC 2019
4 ms. Memory: 45056K Free: 28573K (63%)
ptolemy.util.test.WatchDog.cancel(): canceling Sat Jul 20 05:05:25 UTC 2019
auto.tcl: Setting watchdog for 200 seconds at Sat Jul 20 05:05:25 UTC 2019
2 ms. Memory: 45056K Free: 28038K (62%)
ptolemy.util.test.WatchDog.cancel(): canceling Sat Jul 20 05:05:25 UTC 2019
------------------ testing $PTII/ptolemy/domains/de/test/auto/DepthTest4.xml
auto.tcl: Setting watchdog for 200 seconds at Sat Jul 20 05:05:25 UTC 2019
6 ms. Memory: 45056K Free: 26776K (59%)
ptolemy.util.test.WatchDog.cancel(): canceling Sat Jul 20 05:05:25 UTC 2019
auto.tcl: Setting watchdog for 200 seconds at Sat Jul 20 05:05:25 UTC 2019
2 ms. Memory: 45056K Free: 26039K (58%)
ptolemy.util.test.WatchDog.cancel(): canceling Sat Jul 20 05:05:25 UTC 2019
------------------ testing $PTII/ptolemy/domains/de/test/auto/DepthTest5.xml
auto.tcl: Setting watchdog for 200 seconds at Sat Jul 20 05:05:25 UTC 2019
3 ms. Memory: 45056K Free: 26188K (58%)
ptolemy.util.test.WatchDog.cancel(): canceling Sat Jul 20 05:05:25 UTC 2019
auto.tcl: Setting watchdog for 200 seconds at Sat Jul 20 05:05:25 UTC 2019
3 ms. Memory: 45056K Free: 25456K (56%)
ptolemy.util.test.WatchDog.cancel(): canceling Sat Jul 20 05:05:25 UTC 2019
------------------ testing $PTII/ptolemy/domains/de/test/auto/DepthTest6.xml
auto.tcl: Setting watchdog for 200 seconds at Sat Jul 20 05:05:25 UTC 2019
6 ms. Memory: 45056K Free: 25864K (57%)
ptolemy.util.test.WatchDog.cancel(): canceling Sat Jul 20 05:05:25 UTC 2019
auto.tcl: Setting watchdog for 200 seconds at Sat Jul 20 05:05:25 UTC 2019
3 ms. Memory: 45056K Free: 25359K (56%)
ptolemy.util.test.WatchDog.cancel(): canceling Sat Jul 20 05:05:25 UTC 2019
------------------ testing $PTII/ptolemy/domains/de/test/auto/DepthTest7.xml
auto.tcl: Setting watchdog for 200 seconds at Sat Jul 20 05:05:25 UTC 2019
2 ms. Memory: 45056K Free: 26708K (59%)
ptolemy.util.test.WatchDog.cancel(): canceling Sat Jul 20 05:05:25 UTC 2019
auto.tcl: Setting watchdog for 200 seconds at Sat Jul 20 05:05:25 UTC 2019
2 ms. Memory: 45056K Free: 25982K (58%)
ptolemy.util.test.WatchDog.cancel(): canceling Sat Jul 20 05:05:25 UTC 2019
------------------ testing $PTII/ptolemy/domains/de/test/auto/EventToDate.xml
auto.tcl: Setting watchdog for 200 seconds at Sat Jul 20 05:05:25 UTC 2019
3007 ms. Memory: 45056K Free: 17482K (39%)
ptolemy.util.test.WatchDog.cancel(): canceling Sat Jul 20 05:05:29 UTC 2019
auto.tcl: Setting watchdog for 200 seconds at Sat Jul 20 05:05:29 UTC 2019
3004 ms. Memory: 45056K Free: 16816K (37%)
ptolemy.util.test.WatchDog.cancel(): canceling Sat Jul 20 05:05:32 UTC 2019
------------------ testing $PTII/ptolemy/domains/de/test/auto/FSM1.xml
auto.tcl: Setting watchdog for 200 seconds at Sat Jul 20 05:05:32 UTC 2019
34 ms. Memory: 45056K Free: 18707K (42%)
ptolemy.util.test.WatchDog.cancel(): canceling Sat Jul 20 05:05:32 UTC 2019
auto.tcl: Setting watchdog for 200 seconds at Sat Jul 20 05:05:32 UTC 2019
17 ms. Memory: 45056K Free: 15478K (34%)
ptolemy.util.test.WatchDog.cancel(): canceling Sat Jul 20 05:05:32 UTC 2019
------------------ testing $PTII/ptolemy/domains/de/test/auto/FSM7.xml
auto.tcl: Setting watchdog for 200 seconds at Sat Jul 20 05:05:32 UTC 2019
23 ms. Memory: 45056K Free: 18431K (41%)
ptolemy.util.test.WatchDog.cancel(): canceling Sat Jul 20 05:05:32 UTC 2019
auto.tcl: Setting watchdog for 200 seconds at Sat Jul 20 05:05:32 UTC 2019
18 ms. Memory: 45056K Free: 15031K (33%)
ptolemy.util.test.WatchDog.cancel(): canceling Sat Jul 20 05:05:32 UTC 2019
------------------ testing $PTII/ptolemy/domains/de/test/auto/Inspection.xml
auto.tcl: Setting watchdog for 200 seconds at Sat Jul 20 05:05:32 UTC 2019
29 ms. Memory: 45056K Free: 18435K (41%)
ptolemy.util.test.WatchDog.cancel(): canceling Sat Jul 20 05:05:32 UTC 2019
auto.tcl: Setting watchdog for 200 seconds at Sat Jul 20 05:05:32 UTC 2019
32 ms. Memory: 45056K Free: 16698K (37%)
ptolemy.util.test.WatchDog.cancel(): canceling Sat Jul 20 05:05:32 UTC 2019
------------------ testing $PTII/ptolemy/domains/de/test/auto/Iteration.xml
auto.tcl: Setting watchdog for 200 seconds at Sat Jul 20 05:05:32 UTC 2019
11 ms. Memory: 45056K Free: 24151K (54%)
ptolemy.util.test.WatchDog.cancel(): canceling Sat Jul 20 05:05:32 UTC 2019
auto.tcl: Setting watchdog for 200 seconds at Sat Jul 20 05:05:32 UTC 2019
5 ms. Memory: 45056K Free: 22753K (50%)
ptolemy.util.test.WatchDog.cancel(): canceling Sat Jul 20 05:05:32 UTC 2019
------------------ testing $PTII/ptolemy/domains/de/test/auto/LineFault.xml
auto.tcl: Setting watchdog for 200 seconds at Sat Jul 20 05:05:32 UTC 2019
766 ms. Memory: 56320K Free: 19848K (35%)
ptolemy.util.test.WatchDog.cancel(): canceling Sat Jul 20 05:05:33 UTC 2019
auto.tcl: Setting watchdog for 200 seconds at Sat Jul 20 05:05:33 UTC 2019
634 ms. Memory: 56320K Free: 18268K (32%)
ptolemy.util.test.WatchDog.cancel(): canceling Sat Jul 20 05:05:34 UTC 2019
------------------ testing $PTII/ptolemy/domains/de/test/auto/MergeModel1Add.xml
auto.tcl: Setting watchdog for 200 seconds at Sat Jul 20 05:05:34 UTC 2019
37 ms. Memory: 51200K Free: 16266K (32%)
ptolemy.util.test.WatchDog.cancel(): canceling Sat Jul 20 05:05:34 UTC 2019
auto.tcl: Setting watchdog for 200 seconds at Sat Jul 20 05:05:34 UTC 2019
11 ms. Memory: 51200K Free: 14624K (29%)
ptolemy.util.test.WatchDog.cancel(): canceling Sat Jul 20 05:05:34 UTC 2019
------------------ testing $PTII/ptolemy/domains/de/test/auto/MergeModel2Add.xml
auto.tcl: Setting watchdog for 200 seconds at Sat Jul 20 05:05:34 UTC 2019
11 ms. Memory: 51200K Free: 18304K (36%)
ptolemy.util.test.WatchDog.cancel(): canceling Sat Jul 20 05:05:34 UTC 2019
auto.tcl: Setting watchdog for 200 seconds at Sat Jul 20 05:05:34 UTC 2019
11 ms. Memory: 51200K Free: 16345K (32%)
ptolemy.util.test.WatchDog.cancel(): canceling Sat Jul 20 05:05:34 UTC 2019
------------------ testing $PTII/ptolemy/domains/de/test/auto/MergeModel3Add.xml
auto.tcl: Setting watchdog for 200 seconds at Sat Jul 20 05:05:34 UTC 2019
10 ms. Memory: 51200K Free: 18289K (36%)
ptolemy.util.test.WatchDog.cancel(): canceling Sat Jul 20 05:05:34 UTC 2019
auto.tcl: Setting watchdog for 200 seconds at Sat Jul 20 05:05:34 UTC 2019
10 ms. Memory: 51200K Free: 16892K (33%)
ptolemy.util.test.WatchDog.cancel(): canceling Sat Jul 20 05:05:34 UTC 2019
------------------ testing $PTII/ptolemy/domains/de/test/auto/MergeWithoutDiscard.xml
auto.tcl: Setting watchdog for 200 seconds at Sat Jul 20 05:05:34 UTC 2019
2 ms. Memory: 51200K Free: 33195K (65%)
ptolemy.util.test.WatchDog.cancel(): canceling Sat Jul 20 05:05:34 UTC 2019
auto.tcl: Setting watchdog for 200 seconds at Sat Jul 20 05:05:34 UTC 2019
0 ms. Memory: 51200K Free: 32729K (64%)
ptolemy.util.test.WatchDog.cancel(): canceling Sat Jul 20 05:05:34 UTC 2019
------------------ testing $PTII/ptolemy/domains/de/test/auto/Modal1.xml
auto.tcl: Setting watchdog for 200 seconds at Sat Jul 20 05:05:34 UTC 2019
12 ms. Memory: 51200K Free: 24786K (48%)
ptolemy.util.test.WatchDog.cancel(): canceling Sat Jul 20 05:05:34 UTC 2019
auto.tcl: Setting watchdog for 200 seconds at Sat Jul 20 05:05:34 UTC 2019
12 ms. Memory: 51200K Free: 21280K (42%)
ptolemy.util.test.WatchDog.cancel(): canceling Sat Jul 20 05:05:34 UTC 2019
------------------ testing $PTII/ptolemy/domains/de/test/auto/Modal2.xml
auto.tcl: Setting watchdog for 200 seconds at Sat Jul 20 05:05:34 UTC 2019
16 ms. Memory: 51200K Free: 24908K (49%)
ptolemy.util.test.WatchDog.cancel(): canceling Sat Jul 20 05:05:34 UTC 2019
auto.tcl: Setting watchdog for 200 seconds at Sat Jul 20 05:05:34 UTC 2019
12 ms. Memory: 51200K Free: 21644K (42%)
ptolemy.util.test.WatchDog.cancel(): canceling Sat Jul 20 05:05:34 UTC 2019
------------------ testing $PTII/ptolemy/domains/de/test/auto/Modal3.xml
auto.tcl: Setting watchdog for 200 seconds at Sat Jul 20 05:05:35 UTC 2019
17 ms. Memory: 51200K Free: 24883K (49%)
ptolemy.util.test.WatchDog.cancel(): canceling Sat Jul 20 05:05:35 UTC 2019
auto.tcl: Setting watchdog for 200 seconds at Sat Jul 20 05:05:35 UTC 2019
16 ms. Memory: 51200K Free: 21238K (41%)
ptolemy.util.test.WatchDog.cancel(): canceling Sat Jul 20 05:05:35 UTC 2019
------------------ testing $PTII/ptolemy/domains/de/test/auto/Modal4.xml
auto.tcl: Setting watchdog for 200 seconds at Sat Jul 20 05:05:35 UTC 2019
29 ms. Memory: 48128K Free: 20821K (43%)
ptolemy.util.test.WatchDog.cancel(): canceling Sat Jul 20 05:05:35 UTC 2019
auto.tcl: Setting watchdog for 200 seconds at Sat Jul 20 05:05:35 UTC 2019
19 ms. Memory: 48128K Free: 16994K (35%)
ptolemy.util.test.WatchDog.cancel(): canceling Sat Jul 20 05:05:35 UTC 2019
------------------ testing $PTII/ptolemy/domains/de/test/auto/Modal5.xml
auto.tcl: Setting watchdog for 200 seconds at Sat Jul 20 05:05:35 UTC 2019
13 ms. Memory: 48128K Free: 20796K (43%)
ptolemy.util.test.WatchDog.cancel(): canceling Sat Jul 20 05:05:35 UTC 2019
auto.tcl: Setting watchdog for 200 seconds at Sat Jul 20 05:05:35 UTC 2019
14 ms. Memory: 48128K Free: 16980K (35%)
ptolemy.util.test.WatchDog.cancel(): canceling Sat Jul 20 05:05:35 UTC 2019
------------------ testing $PTII/ptolemy/domains/de/test/auto/Modal6.xml
auto.tcl: Setting watchdog for 200 seconds at Sat Jul 20 05:05:35 UTC 2019
16 ms. Memory: 48128K Free: 21554K (45%)
ptolemy.util.test.WatchDog.cancel(): canceling Sat Jul 20 05:05:35 UTC 2019
auto.tcl: Setting watchdog for 200 seconds at Sat Jul 20 05:05:35 UTC 2019
13 ms. Memory: 48128K Free: 17590K (37%)
ptolemy.util.test.WatchDog.cancel(): canceling Sat Jul 20 05:05:35 UTC 2019
------------------ testing $PTII/ptolemy/domains/de/test/auto/Modal7.xml
auto.tcl: Setting watchdog for 200 seconds at Sat Jul 20 05:05:35 UTC 2019
15 ms. Memory: 48128K Free: 20537K (43%)
ptolemy.util.test.WatchDog.cancel(): canceling Sat Jul 20 05:05:35 UTC 2019
auto.tcl: Setting watchdog for 200 seconds at Sat Jul 20 05:05:35 UTC 2019
12 ms. Memory: 48128K Free: 16979K (35%)
ptolemy.util.test.WatchDog.cancel(): canceling Sat Jul 20 05:05:35 UTC 2019
------------------ testing $PTII/ptolemy/domains/de/test/auto/ModalModel.xml
auto.tcl: Setting watchdog for 200 seconds at Sat Jul 20 05:05:35 UTC 2019
174 ms. Memory: 48128K Free: 14056K (29%)
ptolemy.util.test.WatchDog.cancel(): canceling Sat Jul 20 05:05:35 UTC 2019
auto.tcl: Setting watchdog for 200 seconds at Sat Jul 20 05:05:35 UTC 2019
186 ms. Memory: 58368K Free: 17732K (30%)
ptolemy.util.test.WatchDog.cancel(): canceling Sat Jul 20 05:05:36 UTC 2019
------------------ testing $PTII/ptolemy/domains/de/test/auto/ModalSource.xml
auto.tcl: Setting watchdog for 200 seconds at Sat Jul 20 05:05:36 UTC 2019
6 ms. Memory: 55296K Free: 32821K (59%)
ptolemy.util.test.WatchDog.cancel(): canceling Sat Jul 20 05:05:36 UTC 2019
auto.tcl: Setting watchdog for 200 seconds at Sat Jul 20 05:05:36 UTC 2019
5 ms. Memory: 55296K Free: 30773K (56%)
ptolemy.util.test.WatchDog.cancel(): canceling Sat Jul 20 05:05:36 UTC 2019
------------------ testing $PTII/ptolemy/domains/de/test/auto/NonInterruptibleTimerZeroDelay.xml
auto.tcl: Setting watchdog for 200 seconds at Sat Jul 20 05:05:36 UTC 2019
3 ms. Memory: 48128K Free: 30881K (64%)
ptolemy.util.test.WatchDog.cancel(): canceling Sat Jul 20 05:05:36 UTC 2019
auto.tcl: Setting watchdog for 200 seconds at Sat Jul 20 05:05:36 UTC 2019
2 ms. Memory: 48128K Free: 29976K (62%)
ptolemy.util.test.WatchDog.cancel(): canceling Sat Jul 20 05:05:36 UTC 2019
------------------ testing $PTII/ptolemy/domains/de/test/auto/OpenQueueingNetwork.xml
auto.tcl: Setting watchdog for 200 seconds at Sat Jul 20 05:05:36 UTC 2019
2879 ms. Memory: 86016K Free: 54838K (64%)
ptolemy.util.test.WatchDog.cancel(): canceling Sat Jul 20 05:05:39 UTC 2019
auto.tcl: Setting watchdog for 200 seconds at Sat Jul 20 05:05:39 UTC 2019
2465 ms. Memory: 103424K Free: 44028K (43%)
ptolemy.util.test.WatchDog.cancel(): canceling Sat Jul 20 05:05:41 UTC 2019
------------------ testing $PTII/ptolemy/domains/de/test/auto/OpenQueuingNetwork.xml
auto.tcl: Setting watchdog for 200 seconds at Sat Jul 20 05:05:41 UTC 2019
277 ms. Memory: 51200K Free: 17163K (34%)
ptolemy.util.test.WatchDog.cancel(): canceling Sat Jul 20 05:05:42 UTC 2019
auto.tcl: Setting watchdog for 200 seconds at Sat Jul 20 05:05:42 UTC 2019
265 ms. Memory: 51200K Free: 21550K (42%)
ptolemy.util.test.WatchDog.cancel(): canceling Sat Jul 20 05:05:42 UTC 2019
------------------ testing $PTII/ptolemy/domains/de/test/auto/PeriodicSampler.xml
auto.tcl: Setting watchdog for 200 seconds at Sat Jul 20 05:05:42 UTC 2019
2 ms. Memory: 51200K Free: 32860K (64%)
ptolemy.util.test.WatchDog.cancel(): canceling Sat Jul 20 05:05:42 UTC 2019
auto.tcl: Setting watchdog for 200 seconds at Sat Jul 20 05:05:42 UTC 2019
2 ms. Memory: 51200K Free: 32352K (63%)
ptolemy.util.test.WatchDog.cancel(): canceling Sat Jul 20 05:05:42 UTC 2019
------------------ testing $PTII/ptolemy/domains/de/test/auto/PersistentIO.xml
auto.tcl: Setting watchdog for 200 seconds at Sat Jul 20 05:05:42 UTC 2019
6 ms. Memory: 48128K Free: 24712K (51%)
ptolemy.util.test.WatchDog.cancel(): canceling Sat Jul 20 05:05:42 UTC 2019
auto.tcl: Setting watchdog for 200 seconds at Sat Jul 20 05:05:42 UTC 2019
5 ms. Memory: 48128K Free: 23298K (48%)
ptolemy.util.test.WatchDog.cancel(): canceling Sat Jul 20 05:05:42 UTC 2019
------------------ testing $PTII/ptolemy/domains/de/test/auto/PortParameterResetOnInitialize.xml
auto.tcl: Setting watchdog for 200 seconds at Sat Jul 20 05:05:42 UTC 2019
8 ms. Memory: 48128K Free: 29698K (62%)
ptolemy.util.test.WatchDog.cancel(): canceling Sat Jul 20 05:05:42 UTC 2019
auto.tcl: Setting watchdog for 200 seconds at Sat Jul 20 05:05:42 UTC 2019
2 ms. Memory: 48128K Free: 29224K (61%)
ptolemy.util.test.WatchDog.cancel(): canceling Sat Jul 20 05:05:42 UTC 2019
------------------ testing $PTII/ptolemy/domains/de/test/auto/PortParameterUpdates.xml
auto.tcl: Setting watchdog for 200 seconds at Sat Jul 20 05:05:42 UTC 2019
5 ms. Memory: 48128K Free: 28040K (58%)
ptolemy.util.test.WatchDog.cancel(): canceling Sat Jul 20 05:05:42 UTC 2019
auto.tcl: Setting watchdog for 200 seconds at Sat Jul 20 05:05:42 UTC 2019
5 ms. Memory: 48128K Free: 26824K (56%)
ptolemy.util.test.WatchDog.cancel(): canceling Sat Jul 20 05:05:42 UTC 2019
------------------ testing $PTII/ptolemy/domains/de/test/auto/QueueAndServer.xml
auto.tcl: Setting watchdog for 200 seconds at Sat Jul 20 05:05:42 UTC 2019
15 ms. Memory: 48128K Free: 26713K (56%)
ptolemy.util.test.WatchDog.cancel(): canceling Sat Jul 20 05:05:42 UTC 2019
auto.tcl: Setting watchdog for 200 seconds at Sat Jul 20 05:05:42 UTC 2019
9 ms. Memory: 48128K Free: 25275K (53%)
ptolemy.util.test.WatchDog.cancel(): canceling Sat Jul 20 05:05:42 UTC 2019
------------------ testing $PTII/ptolemy/domains/de/test/auto/Records.xml
auto.tcl: Setting watchdog for 200 seconds at Sat Jul 20 05:05:42 UTC 2019
2 ms. Memory: 48128K Free: 29241K (61%)
ptolemy.util.test.WatchDog.cancel(): canceling Sat Jul 20 05:05:42 UTC 2019
auto.tcl: Setting watchdog for 200 seconds at Sat Jul 20 05:05:42 UTC 2019
2 ms. Memory: 48128K Free: 28781K (60%)
ptolemy.util.test.WatchDog.cancel(): canceling Sat Jul 20 05:05:42 UTC 2019
------------------ testing $PTII/ptolemy/domains/de/test/auto/ResetTransitionWithStartTime1.xml
auto.tcl: Setting watchdog for 200 seconds at Sat Jul 20 05:05:42 UTC 2019
8 ms. Memory: 48128K Free: 26317K (55%)
ptolemy.util.test.WatchDog.cancel(): canceling Sat Jul 20 05:05:42 UTC 2019
auto.tcl: Setting watchdog for 200 seconds at Sat Jul 20 05:05:42 UTC 2019
6 ms. Memory: 48128K Free: 23688K (49%)
ptolemy.util.test.WatchDog.cancel(): canceling Sat Jul 20 05:05:42 UTC 2019
------------------ testing $PTII/ptolemy/domains/de/test/auto/ResetTransitionWithStartTime2.xml
auto.tcl: Setting watchdog for 200 seconds at Sat Jul 20 05:05:43 UTC 2019
7 ms. Memory: 48128K Free: 26150K (54%)
ptolemy.util.test.WatchDog.cancel(): canceling Sat Jul 20 05:05:43 UTC 2019
auto.tcl: Setting watchdog for 200 seconds at Sat Jul 20 05:05:43 UTC 2019
4 ms. Memory: 48128K Free: 23642K (49%)
ptolemy.util.test.WatchDog.cancel(): canceling Sat Jul 20 05:05:43 UTC 2019
------------------ testing $PTII/ptolemy/domains/de/test/auto/ResetTransitionWithStartTime3.xml
auto.tcl: Setting watchdog for 200 seconds at Sat Jul 20 05:05:43 UTC 2019
9 ms. Memory: 48128K Free: 26150K (54%)
ptolemy.util.test.WatchDog.cancel(): canceling Sat Jul 20 05:05:43 UTC 2019
auto.tcl: Setting watchdog for 200 seconds at Sat Jul 20 05:05:43 UTC 2019
5 ms. Memory: 48128K Free: 23642K (49%)
ptolemy.util.test.WatchDog.cancel(): canceling Sat Jul 20 05:05:43 UTC 2019
------------------ testing $PTII/ptolemy/domains/de/test/auto/ResetTransitionWithStartTime4.xml
auto.tcl: Setting watchdog for 200 seconds at Sat Jul 20 05:05:43 UTC 2019
7 ms. Memory: 48128K Free: 26848K (56%)
ptolemy.util.test.WatchDog.cancel(): canceling Sat Jul 20 05:05:43 UTC 2019
auto.tcl: Setting watchdog for 200 seconds at Sat Jul 20 05:05:43 UTC 2019
4 ms. Memory: 48128K Free: 25231K (52%)
ptolemy.util.test.WatchDog.cancel(): canceling Sat Jul 20 05:05:43 UTC 2019
------------------ testing $PTII/ptolemy/domains/de/test/auto/ResettableTimer1.xml
auto.tcl: Setting watchdog for 200 seconds at Sat Jul 20 05:05:43 UTC 2019
3 ms. Memory: 48128K Free: 30364K (63%)
ptolemy.util.test.WatchDog.cancel(): canceling Sat Jul 20 05:05:43 UTC 2019
auto.tcl: Setting watchdog for 200 seconds at Sat Jul 20 05:05:43 UTC 2019
2 ms. Memory: 48128K Free: 29287K (61%)
ptolemy.util.test.WatchDog.cancel(): canceling Sat Jul 20 05:05:43 UTC 2019
------------------ testing $PTII/ptolemy/domains/de/test/auto/ResettableTimer2.xml
auto.tcl: Setting watchdog for 200 seconds at Sat Jul 20 05:05:43 UTC 2019
2 ms. Memory: 48128K Free: 30444K (63%)
ptolemy.util.test.WatchDog.cancel(): canceling Sat Jul 20 05:05:43 UTC 2019
auto.tcl: Setting watchdog for 200 seconds at Sat Jul 20 05:05:43 UTC 2019
2 ms. Memory: 48128K Free: 29793K (62%)
ptolemy.util.test.WatchDog.cancel(): canceling Sat Jul 20 05:05:43 UTC 2019
------------------ testing $PTII/ptolemy/domains/de/test/auto/ResettableTimer3.xml
auto.tcl: Setting watchdog for 200 seconds at Sat Jul 20 05:05:43 UTC 2019
1 ms. Memory: 48128K Free: 30305K (63%)
ptolemy.util.test.WatchDog.cancel(): canceling Sat Jul 20 05:05:43 UTC 2019
auto.tcl: Setting watchdog for 200 seconds at Sat Jul 20 05:05:43 UTC 2019
2 ms. Memory: 48128K Free: 29823K (62%)
ptolemy.util.test.WatchDog.cancel(): canceling Sat Jul 20 05:05:43 UTC 2019
------------------ testing $PTII/ptolemy/domains/de/test/auto/ResettableTimer4.xml
auto.tcl: Setting watchdog for 200 seconds at Sat Jul 20 05:05:43 UTC 2019
2 ms. Memory: 48128K Free: 30318K (63%)
ptolemy.util.test.WatchDog.cancel(): canceling Sat Jul 20 05:05:43 UTC 2019
auto.tcl: Setting watchdog for 200 seconds at Sat Jul 20 05:05:43 UTC 2019
1 ms. Memory: 48128K Free: 29822K (62%)
ptolemy.util.test.WatchDog.cancel(): canceling Sat Jul 20 05:05:43 UTC 2019
------------------ testing $PTII/ptolemy/domains/de/test/auto/ResettableTimer5.xml
auto.tcl: Setting watchdog for 200 seconds at Sat Jul 20 05:05:43 UTC 2019
2 ms. Memory: 48128K Free: 29750K (62%)
ptolemy.util.test.WatchDog.cancel(): canceling Sat Jul 20 05:05:43 UTC 2019
auto.tcl: Setting watchdog for 200 seconds at Sat Jul 20 05:05:43 UTC 2019
1 ms. Memory: 48128K Free: 29270K (61%)
ptolemy.util.test.WatchDog.cancel(): canceling Sat Jul 20 05:05:43 UTC 2019
------------------ testing $PTII/ptolemy/domains/de/test/auto/ResettableTimer6.xml
auto.tcl: Setting watchdog for 200 seconds at Sat Jul 20 05:05:43 UTC 2019
2 ms. Memory: 48128K Free: 29757K (62%)
ptolemy.util.test.WatchDog.cancel(): canceling Sat Jul 20 05:05:43 UTC 2019
auto.tcl: Setting watchdog for 200 seconds at Sat Jul 20 05:05:43 UTC 2019
1 ms. Memory: 48128K Free: 29261K (61%)
ptolemy.util.test.WatchDog.cancel(): canceling Sat Jul 20 05:05:43 UTC 2019
------------------ testing $PTII/ptolemy/domains/de/test/auto/ServerZeroDelay.xml
auto.tcl: Setting watchdog for 200 seconds at Sat Jul 20 05:05:43 UTC 2019
2 ms. Memory: 48128K Free: 30277K (63%)
ptolemy.util.test.WatchDog.cancel(): canceling Sat Jul 20 05:05:43 UTC 2019
auto.tcl: Setting watchdog for 200 seconds at Sat Jul 20 05:05:43 UTC 2019
3 ms. Memory: 48128K Free: 29328K (61%)
ptolemy.util.test.WatchDog.cancel(): canceling Sat Jul 20 05:05:43 UTC 2019
------------------ testing $PTII/ptolemy/domains/de/test/auto/SmartSender.xml
auto.tcl: Setting watchdog for 200 seconds at Sat Jul 20 05:05:43 UTC 2019
3001 ms. Memory: 48128K Free: 30270K (63%)
ptolemy.util.test.WatchDog.cancel(): canceling Sat Jul 20 05:05:46 UTC 2019
auto.tcl: Setting watchdog for 200 seconds at Sat Jul 20 05:05:46 UTC 2019
3002 ms. Memory: 48128K Free: 29780K (62%)
ptolemy.util.test.WatchDog.cancel(): canceling Sat Jul 20 05:05:49 UTC 2019
------------------ testing $PTII/ptolemy/domains/de/test/auto/ThreadedComposite.xml
auto.tcl: Setting watchdog for 200 seconds at Sat Jul 20 05:05:49 UTC 2019
283 ms. Memory: 48128K Free: 8780K (18%)
ptolemy.util.test.WatchDog.cancel(): canceling Sat Jul 20 05:05:50 UTC 2019
auto.tcl: Setting watchdog for 200 seconds at Sat Jul 20 05:05:50 UTC 2019
119 ms. Memory: 48128K Free: 22453K (47%)
ptolemy.util.test.WatchDog.cancel(): canceling Sat Jul 20 05:05:50 UTC 2019
------------------ testing $PTII/ptolemy/domains/de/test/auto/Time.xml
auto.tcl: Setting watchdog for 200 seconds at Sat Jul 20 05:05:50 UTC 2019
564 ms. Memory: 48128K Free: 25748K (53%)
ptolemy.util.test.WatchDog.cancel(): canceling Sat Jul 20 05:05:50 UTC 2019
auto.tcl: Setting watchdog for 200 seconds at Sat Jul 20 05:05:50 UTC 2019
554 ms. Memory: 48128K Free: 20644K (43%)
ptolemy.util.test.WatchDog.cancel(): canceling Sat Jul 20 05:05:51 UTC 2019
------------------ testing $PTII/ptolemy/domains/de/test/auto/TimeDelayZeroDelay.xml
auto.tcl: Setting watchdog for 200 seconds at Sat Jul 20 05:05:51 UTC 2019
2 ms. Memory: 48128K Free: 30201K (63%)
ptolemy.util.test.WatchDog.cancel(): canceling Sat Jul 20 05:05:51 UTC 2019
auto.tcl: Setting watchdog for 200 seconds at Sat Jul 20 05:05:51 UTC 2019
2 ms. Memory: 48128K Free: 29340K (61%)
ptolemy.util.test.WatchDog.cancel(): canceling Sat Jul 20 05:05:51 UTC 2019
------------------ testing $PTII/ptolemy/domains/de/test/auto/TimerZeroDelay.xml
auto.tcl: Setting watchdog for 200 seconds at Sat Jul 20 05:05:51 UTC 2019
2 ms. Memory: 48128K Free: 30450K (63%)
ptolemy.util.test.WatchDog.cancel(): canceling Sat Jul 20 05:05:51 UTC 2019
auto.tcl: Setting watchdog for 200 seconds at Sat Jul 20 05:05:51 UTC 2019
2 ms. Memory: 48128K Free: 29797K (62%)
ptolemy.util.test.WatchDog.cancel(): canceling Sat Jul 20 05:05:51 UTC 2019
------------------ testing $PTII/ptolemy/domains/de/test/auto/TimingParadox.xml
auto.tcl: Setting watchdog for 200 seconds at Sat Jul 20 05:05:51 UTC 2019
420 ms. Memory: 48128K Free: 11858K (25%)
ptolemy.util.test.WatchDog.cancel(): canceling Sat Jul 20 05:05:52 UTC 2019
auto.tcl: Setting watchdog for 200 seconds at Sat Jul 20 05:05:52 UTC 2019
399 ms. Memory: 59392K Free: 35844K (60%)
ptolemy.util.test.WatchDog.cancel(): canceling Sat Jul 20 05:05:52 UTC 2019
------------------ testing $PTII/ptolemy/domains/de/test/auto/TransferInputs.xml
auto.tcl: Setting watchdog for 200 seconds at Sat Jul 20 05:05:52 UTC 2019
2 ms. Memory: 55296K Free: 35878K (65%)
ptolemy.util.test.WatchDog.cancel(): canceling Sat Jul 20 05:05:52 UTC 2019
auto.tcl: Setting watchdog for 200 seconds at Sat Jul 20 05:05:52 UTC 2019
2 ms. Memory: 55296K Free: 34973K (63%)
ptolemy.util.test.WatchDog.cancel(): canceling Sat Jul 20 05:05:52 UTC 2019
------------------ testing $PTII/ptolemy/domains/de/test/auto/TransferOutputs2.xml
auto.tcl: Setting watchdog for 200 seconds at Sat Jul 20 05:05:52 UTC 2019
2 ms. Memory: 51200K Free: 29224K (57%)
ptolemy.util.test.WatchDog.cancel(): canceling Sat Jul 20 05:05:52 UTC 2019
auto.tcl: Setting watchdog for 200 seconds at Sat Jul 20 05:05:52 UTC 2019
3 ms. Memory: 51200K Free: 27820K (54%)
ptolemy.util.test.WatchDog.cancel(): canceling Sat Jul 20 05:05:52 UTC 2019
------------------ testing $PTII/ptolemy/domains/de/test/auto/Trilateration.xml
auto.tcl: Setting watchdog for 200 seconds at Sat Jul 20 05:05:52 UTC 2019
15001 ms. Memory: 599040K Free: 356968K (60%)
ptolemy.util.test.WatchDog.cancel(): canceling Sat Jul 20 05:06:08 UTC 2019
auto.tcl: Setting watchdog for 200 seconds at Sat Jul 20 05:06:08 UTC 2019
10940 ms. Memory: 599040K Free: 571016K (95%)
ptolemy.util.test.WatchDog.cancel(): canceling Sat Jul 20 05:06:19 UTC 2019
------------------ testing $PTII/ptolemy/domains/de/test/auto/TwoSigmaDelta.xml
auto.tcl: Setting watchdog for 200 seconds at Sat Jul 20 05:06:19 UTC 2019
2650 ms. Memory: 89088K Free: 23298K (26%)
ptolemy.util.test.WatchDog.cancel(): canceling Sat Jul 20 05:06:22 UTC 2019
auto.tcl: Setting watchdog for 200 seconds at Sat Jul 20 05:06:22 UTC 2019
2112 ms. Memory: 89088K Free: 22250K (25%)
ptolemy.util.test.WatchDog.cancel(): canceling Sat Jul 20 05:06:24 UTC 2019
------------------ testing $PTII/ptolemy/domains/de/test/auto/VariableDelay.xml
auto.tcl: Setting watchdog for 200 seconds at Sat Jul 20 05:06:24 UTC 2019
5 ms. Memory: 51200K Free: 32260K (63%)
ptolemy.util.test.WatchDog.cancel(): canceling Sat Jul 20 05:06:24 UTC 2019
auto.tcl: Setting watchdog for 200 seconds at Sat Jul 20 05:06:24 UTC 2019
2 ms. Memory: 51200K Free: 31267K (61%)
ptolemy.util.test.WatchDog.cancel(): canceling Sat Jul 20 05:06:24 UTC 2019
------------------ testing $PTII/ptolemy/domains/de/test/auto/VariableDelay2.xml
auto.tcl: Setting watchdog for 200 seconds at Sat Jul 20 05:06:24 UTC 2019
2 ms. Memory: 51200K Free: 32874K (64%)
ptolemy.util.test.WatchDog.cancel(): canceling Sat Jul 20 05:06:24 UTC 2019
auto.tcl: Setting watchdog for 200 seconds at Sat Jul 20 05:06:24 UTC 2019
2 ms. Memory: 51200K Free: 32362K (63%)
ptolemy.util.test.WatchDog.cancel(): canceling Sat Jul 20 05:06:24 UTC 2019
------------------ testing $PTII/ptolemy/domains/de/test/auto/VariableDelayZeroDelay.xml
auto.tcl: Setting watchdog for 200 seconds at Sat Jul 20 05:06:25 UTC 2019
2 ms. Memory: 51200K Free: 33202K (65%)
ptolemy.util.test.WatchDog.cancel(): canceling Sat Jul 20 05:06:25 UTC 2019
auto.tcl: Setting watchdog for 200 seconds at Sat Jul 20 05:06:25 UTC 2019
2 ms. Memory: 51200K Free: 32658K (64%)
ptolemy.util.test.WatchDog.cancel(): canceling Sat Jul 20 05:06:25 UTC 2019
------------------ testing $PTII/ptolemy/domains/de/test/auto/VariableDelayZeroDelay2.xml
auto.tcl: Setting watchdog for 200 seconds at Sat Jul 20 05:06:25 UTC 2019
2 ms. Memory: 51200K Free: 33201K (65%)
ptolemy.util.test.WatchDog.cancel(): canceling Sat Jul 20 05:06:25 UTC 2019
auto.tcl: Setting watchdog for 200 seconds at Sat Jul 20 05:06:25 UTC 2019
2 ms. Memory: 51200K Free: 32177K (63%)
ptolemy.util.test.WatchDog.cancel(): canceling Sat Jul 20 05:06:25 UTC 2019
------------------ testing $PTII/ptolemy/domains/de/test/auto/deInCt.xml
auto.tcl: Setting watchdog for 200 seconds at Sat Jul 20 05:06:25 UTC 2019
0
1
1
1
1
0
0
0
1
1
1
1
0
0
1
1
0
0
0
1
1
1
0
0
0
0
0
0
0
1
1
1
0
0
0
1
1
1
16 ms. Memory: 51200K Free: 32175K (63%)
ptolemy.util.test.WatchDog.cancel(): canceling Sat Jul 20 05:06:25 UTC 2019
auto.tcl: Setting watchdog for 200 seconds at Sat Jul 20 05:06:25 UTC 2019
0
1
1
1
0
0
0
0
0
1
1
1
0
0
0
1
1
1
0
0
0
1
1
1
1
0
0
0
1
1
1
0
0
0
0
0
0
10 ms. Memory: 51200K Free: 30637K (60%)
ptolemy.util.test.WatchDog.cancel(): canceling Sat Jul 20 05:06:25 UTC 2019
------------------ testing $PTII/ptolemy/domains/de/test/auto/deInCt2.xml
auto.tcl: Setting watchdog for 200 seconds at Sat Jul 20 05:06:25 UTC 2019
0
1
1
1
0
0
1
1
1
0
0
1
1
1
0
0
1
1
1
0
0
1
1
1
0
0
1
1
1
0
0
1
1
1
0
0
1
1
1
0
0
0
13 ms. Memory: 51200K Free: 32177K (63%)
ptolemy.util.test.WatchDog.cancel(): canceling Sat Jul 20 05:06:25 UTC 2019
auto.tcl: Setting watchdog for 200 seconds at Sat Jul 20 05:06:25 UTC 2019
0
1
1
1
0
0
1
1
1
0
0
1
1
1
0
0
1
1
1
0
0
1
1
1
0
0
1
1
1
0
0
1
1
1
0
0
1
1
1
0
0
0
8 ms. Memory: 51200K Free: 30625K (60%)
ptolemy.util.test.WatchDog.cancel(): canceling Sat Jul 20 05:06:25 UTC 2019
------------------ testing $PTII/ptolemy/domains/de/test/auto/dynamicCausalityInterface1.xml
auto.tcl: Setting watchdog for 200 seconds at Sat Jul 20 05:06:25 UTC 2019
1 ms. Memory: 48128K Free: 24402K (51%)
ptolemy.util.test.WatchDog.cancel(): canceling Sat Jul 20 05:06:25 UTC 2019
auto.tcl: Setting watchdog for 200 seconds at Sat Jul 20 05:06:25 UTC 2019
1 ms. Memory: 48128K Free: 23979K (50%)
ptolemy.util.test.WatchDog.cancel(): canceling Sat Jul 20 05:06:25 UTC 2019
------------------ testing $PTII/ptolemy/domains/de/test/auto/fsm_de_test.xml
auto.tcl: Setting watchdog for 200 seconds at Sat Jul 20 05:06:25 UTC 2019
6 ms. Memory: 48128K Free: 24902K (52%)
ptolemy.util.test.WatchDog.cancel(): canceling Sat Jul 20 05:06:25 UTC 2019
auto.tcl: Setting watchdog for 200 seconds at Sat Jul 20 05:06:25 UTC 2019
5 ms. Memory: 48128K Free: 22913K (48%)
ptolemy.util.test.WatchDog.cancel(): canceling Sat Jul 20 05:06:25 UTC 2019
------------------ testing $PTII/ptolemy/domains/de/test/auto/functionDependencyReconstruction.xml
auto.tcl: Setting watchdog for 200 seconds at Sat Jul 20 05:06:25 UTC 2019
3 ms. Memory: 48128K Free: 18901K (39%)
ptolemy.util.test.WatchDog.cancel(): canceling Sat Jul 20 05:06:25 UTC 2019
auto.tcl: Setting watchdog for 200 seconds at Sat Jul 20 05:06:25 UTC 2019
3 ms. Memory: 48128K Free: 16747K (35%)
ptolemy.util.test.WatchDog.cancel(): canceling Sat Jul 20 05:06:25 UTC 2019
------------------ testing $PTII/ptolemy/domains/de/test/auto/multirate.xml
auto.tcl: Setting watchdog for 200 seconds at Sat Jul 20 05:06:25 UTC 2019
6 ms. Memory: 48128K Free: 27553K (57%)
ptolemy.util.test.WatchDog.cancel(): canceling Sat Jul 20 05:06:25 UTC 2019
auto.tcl: Setting watchdog for 200 seconds at Sat Jul 20 05:06:25 UTC 2019
3 ms. Memory: 48128K Free: 25840K (54%)
ptolemy.util.test.WatchDog.cancel(): canceling Sat Jul 20 05:06:25 UTC 2019
------------------ testing $PTII/ptolemy/domains/de/test/auto/multirate2.xml
auto.tcl: Setting watchdog for 200 seconds at Sat Jul 20 05:06:25 UTC 2019
3 ms. Memory: 48128K Free: 27499K (57%)
ptolemy.util.test.WatchDog.cancel(): canceling Sat Jul 20 05:06:25 UTC 2019
auto.tcl: Setting watchdog for 200 seconds at Sat Jul 20 05:06:25 UTC 2019
3 ms. Memory: 48128K Free: 26047K (54%)
ptolemy.util.test.WatchDog.cancel(): canceling Sat Jul 20 05:06:25 UTC 2019
------------------ testing $PTII/ptolemy/domains/de/test/auto/realtime.xml
auto.tcl: Setting watchdog for 200 seconds at Sat Jul 20 05:06:25 UTC 2019
10003 ms. Memory: 48128K Free: 29791K (62%)
ptolemy.util.test.WatchDog.cancel(): canceling Sat Jul 20 05:06:35 UTC 2019
auto.tcl: Setting watchdog for 200 seconds at Sat Jul 20 05:06:35 UTC 2019
10001 ms. Memory: 48128K Free: 29049K (60%)
ptolemy.util.test.WatchDog.cancel(): canceling Sat Jul 20 05:06:45 UTC 2019
------------------ testing $PTII/ptolemy/domains/de/test/auto/relationGroup.xml
auto.tcl: Setting watchdog for 200 seconds at Sat Jul 20 05:06:45 UTC 2019
2 ms. Memory: 48128K Free: 30839K (64%)
ptolemy.util.test.WatchDog.cancel(): canceling Sat Jul 20 05:06:45 UTC 2019
auto.tcl: Setting watchdog for 200 seconds at Sat Jul 20 05:06:45 UTC 2019
1 ms. Memory: 48128K Free: 30129K (63%)
ptolemy.util.test.WatchDog.cancel(): canceling Sat Jul 20 05:06:45 UTC 2019
------------------ testing $PTII/ptolemy/domains/de/test/auto/relationGroup2.xml
auto.tcl: Setting watchdog for 200 seconds at Sat Jul 20 05:06:45 UTC 2019
1 ms. Memory: 48128K Free: 30872K (64%)
ptolemy.util.test.WatchDog.cancel(): canceling Sat Jul 20 05:06:45 UTC 2019
auto.tcl: Setting watchdog for 200 seconds at Sat Jul 20 05:06:45 UTC 2019
1 ms. Memory: 48128K Free: 30155K (63%)
ptolemy.util.test.WatchDog.cancel(): canceling Sat Jul 20 05:06:45 UTC 2019
------------------ testing $PTII/ptolemy/domains/de/test/auto/sortWithOpaquePorts.xml
auto.tcl: Setting watchdog for 200 seconds at Sat Jul 20 05:06:46 UTC 2019
2 ms. Memory: 48128K Free: 29612K (62%)
ptolemy.util.test.WatchDog.cancel(): canceling Sat Jul 20 05:06:46 UTC 2019
auto.tcl: Setting watchdog for 200 seconds at Sat Jul 20 05:06:46 UTC 2019
2 ms. Memory: 48128K Free: 28655K (60%)
ptolemy.util.test.WatchDog.cancel(): canceling Sat Jul 20 05:06:46 UTC 2019
------------------ testing $PTII/ptolemy/domains/de/test/auto/transferInputsandOutputs.xml
auto.tcl: Setting watchdog for 200 seconds at Sat Jul 20 05:06:46 UTC 2019
4 ms. Memory: 48128K Free: 27072K (56%)
ptolemy.util.test.WatchDog.cancel(): canceling Sat Jul 20 05:06:46 UTC 2019
auto.tcl: Setting watchdog for 200 seconds at Sat Jul 20 05:06:46 UTC 2019
2 ms. Memory: 48128K Free: 26082K (54%)
ptolemy.util.test.WatchDog.cancel(): canceling Sat Jul 20 05:06:46 UTC 2019
------------------ testing $PTII/ptolemy/domains/de/test/auto/triggerType.xml
auto.tcl: Setting watchdog for 200 seconds at Sat Jul 20 05:06:46 UTC 2019
1 ms. Memory: 48128K Free: 30096K (63%)
ptolemy.util.test.WatchDog.cancel(): canceling Sat Jul 20 05:06:46 UTC 2019
auto.tcl: Setting watchdog for 200 seconds at Sat Jul 20 05:06:46 UTC 2019
2 ms. Memory: 48128K Free: 29125K (61%)
ptolemy.util.test.WatchDog.cancel(): canceling Sat Jul 20 05:06:46 UTC 2019
07/20/19 05:06:46
Failed: 0  Total Tests: 192  ((Passed: 187, Newly Passed: 1)  Known Failed: 5) /home/travis/build/icyphy/ptII/ptolemy/domains/de/test
07/20/19 05:06:46
Failed: 0  Total Tests: 192  ((Passed: 187, Newly Passed: 1)  Known Failed: 5) /home/travis/build/icyphy/ptII/ptolemy/domains/de/test
----------------- testing (KnownFailure) /home/travis/build/icyphy/ptII/ptolemy/domains/de/test/auto/knownFailedTests/DESDFClockTest.xml
2011 ms. Memory: 48128K Free: 23491K (49%)
Known Failure: java.lang.reflect.InvocationTargetException
----------------- testing (KnownFailure) /home/travis/build/icyphy/ptII/ptolemy/domains/de/test/auto/knownFailedTests/DirectFeedback.xml
3 ms. Memory: 48128K Free: 19909K (41%)
Known Failure: java.lang.reflect.InvocationTargetException
----------------- testing (KnownFailure) /home/travis/build/icyphy/ptII/ptolemy/domains/de/test/auto/knownFailedTests/FSMSource.xml
26 ms. Memory: 48128K Free: 12741K (26%)
----------------- testing (KnownFailure) /home/travis/build/icyphy/ptII/ptolemy/domains/de/test/auto/knownFailedTests/HierarchicalModel.xml
3 ms. Memory: 48128K Free: 22506K (47%)
Known Failure: java.lang.reflect.InvocationTargetException
----------------- testing (KnownFailure) /home/travis/build/icyphy/ptII/ptolemy/domains/de/test/auto/knownFailedTests/dependencyLoop.xml
16 ms. Memory: 48128K Free: 33171K (69%)
Known Failure: java.lang.reflect.InvocationTargetException
----------------- testing (KnownFailure) /home/travis/build/icyphy/ptII/ptolemy/domains/de/test/auto/knownFailedTests/dependencyLoop2.xml
8 ms. Memory: 48128K Free: 18027K (37%)
Known Failure: java.lang.reflect.InvocationTargetException
No auto/linux-amd64/*.xml tests in /home/travis/build/icyphy/ptII/ptolemy/domains/de/test
AutoTests.java: About to close Vertx.
AutoTests.java: Vertx closed.

===========================================================================================
----------------- testing Sat Jul 20 05:06:48 UTC 2019 /home/travis/build/icyphy/ptII/ptolemy/domains/de/test/auto/ActorDepthCalculation_actorWithoutPorts.xml
----------------- Instantiating /home/travis/build/icyphy/ptII/ptolemy/domains/de/test/auto/ActorDepthCalculation_actorWithoutPorts.xml
3 ms. Memory: 48128K Free: 11696K (24%)
----------------- Invoking toplevel() on ptolemy.moml.MoMLSimpleApplication@4fa2d049
----------------- Done invoking toplevel() on ptolemy.moml.MoMLSimpleApplication@4fa2d049
reloadAllAccessors: .ActorDepthCalculation_actorWithoutPorts

===========================================================================================
----------------- testing Sat Jul 20 05:06:48 UTC 2019 /home/travis/build/icyphy/ptII/ptolemy/domains/de/test/auto/AssemblyLine.xml
----------------- Instantiating /home/travis/build/icyphy/ptII/ptolemy/domains/de/test/auto/AssemblyLine.xml
2 ms. Memory: 48128K Free: 30431K (63%)
----------------- Invoking toplevel() on ptolemy.moml.MoMLSimpleApplication@5346a975
----------------- Done invoking toplevel() on ptolemy.moml.MoMLSimpleApplication@5346a975
reloadAllAccessors: .AssemblyLine

===========================================================================================
----------------- testing Sat Jul 20 05:06:48 UTC 2019 /home/travis/build/icyphy/ptII/ptolemy/domains/de/test/auto/CQBug1.xml
----------------- Instantiating /home/travis/build/icyphy/ptII/ptolemy/domains/de/test/auto/CQBug1.xml
2 ms. Memory: 48128K Free: 27546K (57%)
----------------- Invoking toplevel() on ptolemy.moml.MoMLSimpleApplication@6c8bcb9a
----------------- Done invoking toplevel() on ptolemy.moml.MoMLSimpleApplication@6c8bcb9a
reloadAllAccessors: .CQBug1

===========================================================================================
----------------- testing Sat Jul 20 05:06:48 UTC 2019 /home/travis/build/icyphy/ptII/ptolemy/domains/de/test/auto/CancelFireAt.xml
----------------- Instantiating /home/travis/build/icyphy/ptII/ptolemy/domains/de/test/auto/CancelFireAt.xml
7 ms. Memory: 48128K Free: 25311K (53%)
----------------- Invoking toplevel() on ptolemy.moml.MoMLSimpleApplication@1f7dcf1d
----------------- Done invoking toplevel() on ptolemy.moml.MoMLSimpleApplication@1f7dcf1d
reloadAllAccessors: .CancelFireAt

===========================================================================================
----------------- testing Sat Jul 20 05:06:48 UTC 2019 /home/travis/build/icyphy/ptII/ptolemy/domains/de/test/auto/CausalityAndComposabilityAnalysis.xml
----------------- Instantiating /home/travis/build/icyphy/ptII/ptolemy/domains/de/test/auto/CausalityAndComposabilityAnalysis.xml
2 ms. Memory: 48128K Free: 21029K (44%)
----------------- Invoking toplevel() on ptolemy.moml.MoMLSimpleApplication@2da7a58d
----------------- Done invoking toplevel() on ptolemy.moml.MoMLSimpleApplication@2da7a58d
reloadAllAccessors: .CausalityAndComposabilityAnalysis

===========================================================================================
----------------- testing Sat Jul 20 05:06:48 UTC 2019 /home/travis/build/icyphy/ptII/ptolemy/domains/de/test/auto/CausalityInterface1.xml
----------------- Instantiating /home/travis/build/icyphy/ptII/ptolemy/domains/de/test/auto/CausalityInterface1.xml
6 ms. Memory: 48128K Free: 16095K (33%)
----------------- Invoking toplevel() on ptolemy.moml.MoMLSimpleApplication@5386551e
----------------- Done invoking toplevel() on ptolemy.moml.MoMLSimpleApplication@5386551e
reloadAllAccessors: .CausalityInterface1

===========================================================================================
----------------- testing Sat Jul 20 05:06:48 UTC 2019 /home/travis/build/icyphy/ptII/ptolemy/domains/de/test/auto/CausalityInterface15.xml
----------------- Instantiating /home/travis/build/icyphy/ptII/ptolemy/domains/de/test/auto/CausalityInterface15.xml
2 ms. Memory: 48128K Free: 10620K (22%)
----------------- Invoking toplevel() on ptolemy.moml.MoMLSimpleApplication@106f002b
----------------- Done invoking toplevel() on ptolemy.moml.MoMLSimpleApplication@106f002b
reloadAllAccessors: .CausalityInterface15

===========================================================================================
----------------- testing Sat Jul 20 05:06:48 UTC 2019 /home/travis/build/icyphy/ptII/ptolemy/domains/de/test/auto/CausalityInterface2.xml
----------------- Instantiating /home/travis/build/icyphy/ptII/ptolemy/domains/de/test/auto/CausalityInterface2.xml
2 ms. Memory: 48128K Free: 31644K (66%)
[...]
	at ptolemy.actor.Manager.run(Manager.java:1263)
	at ptolemy.actor.Manager$PtolemyRunThread.run(Manager.java:1933)
java.lang.RuntimeException: Execution failed
	at ptolemy.moml.MoMLSimpleApplication$UnloadThread.run(MoMLSimpleApplication.java:402)
Caused by: ptolemy.kernel.util.IllegalActionException: Actor is not ready to fire.  Perhaps UpSample.prefire() returned false? Try debugging the actor by selecting "Listen to Actor".  Also, for SDF check moml for tokenConsumptionRate on input.
  in .DESDFClockTest.Play Bell.Copy1:SDF Director and .DESDFClockTest.Play Bell.UpSample
	at ptolemy.actor.sched.StaticSchedulingDirector.fire(StaticSchedulingDirector.java:227)
	at ptolemy.domains.sdf.kernel.SDFDirector.fire(SDFDirector.java:500)
	at ptolemy.actor.CompositeActor.fire(CompositeActor.java:455)
	at ptolemy.domains.de.kernel.DEDirector._fire(DEDirector.java:1949)
	at ptolemy.domains.de.kernel.DEDirector.fire(DEDirector.java:502)
	at ptolemy.actor.CompositeActor.fire(CompositeActor.java:455)
	at ptolemy.actor.Manager.iterate(Manager.java:851)
	at ptolemy.actor.Manager.execute(Manager.java:369)
	at ptolemy.actor.Manager.run(Manager.java:1263)
	at ptolemy.actor.Manager$PtolemyRunThread.run(Manager.java:1933)
java.lang.reflect.InvocationTargetException
	at java.base/jdk.internal.reflect.NativeConstructorAccessorImpl.newInstance0(Native Method)
	at java.base/jdk.internal.reflect.NativeConstructorAccessorImpl.newInstance(NativeConstructorAccessorImpl.java:62)
	at java.base/jdk.internal.reflect.DelegatingConstructorAccessorImpl.newInstance(DelegatingConstructorAccessorImpl.java:45)
	at java.base/java.lang.reflect.Constructor.newInstance(Constructor.java:490)
	at ptolemy.util.test.junit.AutoKnownFailedTests.RunModel(AutoKnownFailedTests.java:105)
	at java.base/jdk.internal.reflect.NativeMethodAccessorImpl.invoke0(Native Method)
	at java.base/jdk.internal.reflect.NativeMethodAccessorImpl.invoke(NativeMethodAccessorImpl.java:62)
	at java.base/jdk.internal.reflect.DelegatingMethodAccessorImpl.invoke(DelegatingMethodAccessorImpl.java:43)
	at java.base/java.lang.reflect.Method.invoke(Method.java:566)
	at org.junit.runners.model.FrameworkMethod$1.runReflectiveCall(FrameworkMethod.java:44)
	at org.junit.internal.runners.model.ReflectiveCallable.run(ReflectiveCallable.java:15)
	at org.junit.runners.model.FrameworkMethod.invokeExplosively(FrameworkMethod.java:41)
	at junitparams.internal.InvokeParameterisedMethod.evaluate(InvokeParameterisedMethod.java:102)
	at org.junit.internal.runners.statements.FailOnTimeout$1.run(FailOnTimeout.java:28)
Caused by: ptolemy.kernel.util.IllegalActionException: Actor is not ready to fire.  Perhaps UpSample.prefire() returned false? Try debugging the actor by selecting "Listen to Actor".  Also, for SDF check moml for tokenConsumptionRate on input.
  in .DESDFClockTest.Play Bell.Copy1:SDF Director and .DESDFClockTest.Play Bell.UpSample
	at ptolemy.actor.sched.StaticSchedulingDirector.fire(StaticSchedulingDirector.java:227)
	at ptolemy.domains.sdf.kernel.SDFDirector.fire(SDFDirector.java:500)
	at ptolemy.actor.CompositeActor.fire(CompositeActor.java:455)
	at ptolemy.domains.de.kernel.DEDirector._fire(DEDirector.java:1949)
	at ptolemy.domains.de.kernel.DEDirector.fire(DEDirector.java:502)
	at ptolemy.actor.CompositeActor.fire(CompositeActor.java:455)
	at ptolemy.actor.Manager.iterate(Manager.java:851)
	at ptolemy.actor.Manager.execute(Manager.java:369)
	at ptolemy.actor.Manager.run(Manager.java:1263)
	at ptolemy.actor.Manager$PtolemyRunThread.run(Manager.java:1933)
java.lang.RuntimeException: Execution failed
	at ptolemy.moml.MoMLSimpleApplication$UnloadThread.run(MoMLSimpleApplication.java:402)
Caused by: ptolemy.kernel.util.IllegalActionException: Test fails in iteration 1.
Value was: 1.0. Should have been: 2.0
  in .DirectFeedback.Test
	at ptolemy.actor.lib.Test.fire(Test.java:268)
	at ptolemy.domains.de.kernel.DEDirector._fire(DEDirector.java:1949)
	at ptolemy.domains.de.kernel.DEDirector.fire(DEDirector.java:502)
	at ptolemy.actor.CompositeActor.fire(CompositeActor.java:455)
	at ptolemy.actor.Manager.iterate(Manager.java:851)
	at ptolemy.actor.Manager.execute(Manager.java:369)
	at ptolemy.actor.Manager.run(Manager.java:1263)
	at ptolemy.actor.Manager$PtolemyRunThread.run(Manager.java:1933)
java.lang.reflect.InvocationTargetException
	at java.base/jdk.internal.reflect.NativeConstructorAccessorImpl.newInstance0(Native Method)
	at java.base/jdk.internal.reflect.NativeConstructorAccessorImpl.newInstance(NativeConstructorAccessorImpl.java:62)
	at java.base/jdk.internal.reflect.DelegatingConstructorAccessorImpl.newInstance(DelegatingConstructorAccessorImpl.java:45)
	at java.base/java.lang.reflect.Constructor.newInstance(Constructor.java:490)
	at ptolemy.util.test.junit.AutoKnownFailedTests.RunModel(AutoKnownFailedTests.java:105)
	at java.base/jdk.internal.reflect.NativeMethodAccessorImpl.invoke0(Native Method)
	at java.base/jdk.internal.reflect.NativeMethodAccessorImpl.invoke(NativeMethodAccessorImpl.java:62)
	at java.base/jdk.internal.reflect.DelegatingMethodAccessorImpl.invoke(DelegatingMethodAccessorImpl.java:43)
	at java.base/java.lang.reflect.Method.invoke(Method.java:566)
	at org.junit.runners.model.FrameworkMethod$1.runReflectiveCall(FrameworkMethod.java:44)
	at org.junit.internal.runners.model.ReflectiveCallable.run(ReflectiveCallable.java:15)
	at org.junit.runners.model.FrameworkMethod.invokeExplosively(FrameworkMethod.java:41)
	at junitparams.internal.InvokeParameterisedMethod.evaluate(InvokeParameterisedMethod.java:102)
	at org.junit.internal.runners.statements.FailOnTimeout$1.run(FailOnTimeout.java:28)
Caused by: ptolemy.kernel.util.IllegalActionException: Test fails in iteration 1.
Value was: 1.0. Should have been: 2.0
  in .DirectFeedback.Test
	at ptolemy.actor.lib.Test.fire(Test.java:268)
	at ptolemy.domains.de.kernel.DEDirector._fire(DEDirector.java:1949)
	at ptolemy.domains.de.kernel.DEDirector.fire(DEDirector.java:502)
	at ptolemy.actor.CompositeActor.fire(CompositeActor.java:455)
	at ptolemy.actor.Manager.iterate(Manager.java:851)
	at ptolemy.actor.Manager.execute(Manager.java:369)
	at ptolemy.actor.Manager.run(Manager.java:1263)
	at ptolemy.actor.Manager$PtolemyRunThread.run(Manager.java:1933)
java.lang.RuntimeException: Execution failed
	at ptolemy.moml.MoMLSimpleApplication$UnloadThread.run(MoMLSimpleApplication.java:402)
Caused by: ptolemy.kernel.util.IllegalActionException: Found a zero delay loop containing .HierarchicalModel.A
  in .HierarchicalModel and .HierarchicalModel.A
	at ptolemy.actor.util.CausalityInterfaceForComposites._computeOutputPortDepth(CausalityInterfaceForComposites.java:759)
	at ptolemy.actor.util.CausalityInterfaceForComposites._computeInputDepth(CausalityInterfaceForComposites.java:696)
	at ptolemy.actor.util.CausalityInterfaceForComposites._computeOutputPortDepth(CausalityInterfaceForComposites.java:765)
	at ptolemy.actor.util.CausalityInterfaceForComposites._computeInputDepth(CausalityInterfaceForComposites.java:696)
	at ptolemy.actor.util.CausalityInterfaceForComposites._computeOutputPortDepth(CausalityInterfaceForComposites.java:765)
	at ptolemy.actor.util.CausalityInterfaceForComposites._computeInputDepth(CausalityInterfaceForComposites.java:696)
	at ptolemy.actor.util.CausalityInterfaceForComposites._computeActorDepth(CausalityInterfaceForComposites.java:532)
	at ptolemy.actor.util.CausalityInterfaceForComposites.checkForCycles(CausalityInterfaceForComposites.java:96)
	at ptolemy.domains.de.kernel.DEDirector.preinitialize(DEDirector.java:1338)
	at ptolemy.actor.CompositeActor.preinitialize(CompositeActor.java:1828)
	at ptolemy.actor.Manager.preinitializeAndResolveTypes(Manager.java:1040)
	at ptolemy.actor.Manager.initialize(Manager.java:710)
	at ptolemy.actor.Manager.execute(Manager.java:356)
	at ptolemy.actor.Manager.run(Manager.java:1263)
	at ptolemy.actor.Manager$PtolemyRunThread.run(Manager.java:1933)
java.lang.reflect.InvocationTargetException
	at java.base/jdk.internal.reflect.NativeConstructorAccessorImpl.newInstance0(Native Method)
	at java.base/jdk.internal.reflect.NativeConstructorAccessorImpl.newInstance(NativeConstructorAccessorImpl.java:62)
	at java.base/jdk.internal.reflect.DelegatingConstructorAccessorImpl.newInstance(DelegatingConstructorAccessorImpl.java:45)
	at java.base/java.lang.reflect.Constructor.newInstance(Constructor.java:490)
	at ptolemy.util.test.junit.AutoKnownFailedTests.RunModel(AutoKnownFailedTests.java:105)
	at java.base/jdk.internal.reflect.NativeMethodAccessorImpl.invoke0(Native Method)
	at java.base/jdk.internal.reflect.NativeMethodAccessorImpl.invoke(NativeMethodAccessorImpl.java:62)
	at java.base/jdk.internal.reflect.DelegatingMethodAccessorImpl.invoke(DelegatingMethodAccessorImpl.java:43)
	at java.base/java.lang.reflect.Method.invoke(Method.java:566)
	at org.junit.runners.model.FrameworkMethod$1.runReflectiveCall(FrameworkMethod.java:44)
	at org.junit.internal.runners.model.ReflectiveCallable.run(ReflectiveCallable.java:15)
	at org.junit.runners.model.FrameworkMethod.invokeExplosively(FrameworkMethod.java:41)
	at junitparams.internal.InvokeParameterisedMethod.evaluate(InvokeParameterisedMethod.java:102)
	at org.junit.internal.runners.statements.FailOnTimeout$1.run(FailOnTimeout.java:28)
Caused by: ptolemy.kernel.util.IllegalActionException: Found a zero delay loop containing .HierarchicalModel.A
  in .HierarchicalModel and .HierarchicalModel.A
	at ptolemy.actor.util.CausalityInterfaceForComposites._computeOutputPortDepth(CausalityInterfaceForComposites.java:759)
	at ptolemy.actor.util.CausalityInterfaceForComposites._computeInputDepth(CausalityInterfaceForComposites.java:696)
	at ptolemy.actor.util.CausalityInterfaceForComposites._computeOutputPortDepth(CausalityInterfaceForComposites.java:765)
	at ptolemy.actor.util.CausalityInterfaceForComposites._computeInputDepth(CausalityInterfaceForComposites.java:696)
	at ptolemy.actor.util.CausalityInterfaceForComposites._computeOutputPortDepth(CausalityInterfaceForComposites.java:765)
	at ptolemy.actor.util.CausalityInterfaceForComposites._computeInputDepth(CausalityInterfaceForComposites.java:696)
	at ptolemy.actor.util.CausalityInterfaceForComposites._computeActorDepth(CausalityInterfaceForComposites.java:532)
	at ptolemy.actor.util.CausalityInterfaceForComposites.checkForCycles(CausalityInterfaceForComposites.java:96)
	at ptolemy.domains.de.kernel.DEDirector.preinitialize(DEDirector.java:1338)
	at ptolemy.actor.CompositeActor.preinitialize(CompositeActor.java:1828)
	at ptolemy.actor.Manager.preinitializeAndResolveTypes(Manager.java:1040)
	at ptolemy.actor.Manager.initialize(Manager.java:710)
	at ptolemy.actor.Manager.execute(Manager.java:356)
	at ptolemy.actor.Manager.run(Manager.java:1263)
	at ptolemy.actor.Manager$PtolemyRunThread.run(Manager.java:1933)
java.lang.RuntimeException: Execution failed
	at ptolemy.moml.MoMLSimpleApplication$UnloadThread.run(MoMLSimpleApplication.java:402)
Caused by: ptolemy.kernel.util.IllegalActionException: Found a zero delay loop containing .dependencyLoop.original
  in .dependencyLoop and .dependencyLoop.original
	at ptolemy.actor.util.CausalityInterfaceForComposites._computeOutputPortDepth(CausalityInterfaceForComposites.java:759)
	at ptolemy.actor.util.CausalityInterfaceForComposites._computeInputDepth(CausalityInterfaceForComposites.java:696)
	at ptolemy.actor.util.CausalityInterfaceForComposites._computeOutputPortDepth(CausalityInterfaceForComposites.java:765)
	at ptolemy.actor.util.CausalityInterfaceForComposites._computeInputDepth(CausalityInterfaceForComposites.java:696)
	at ptolemy.actor.util.CausalityInterfaceForComposites._computeOutputPortDepth(CausalityInterfaceForComposites.java:765)
	at ptolemy.actor.util.CausalityInterfaceForComposites._computeInputDepth(CausalityInterfaceForComposites.java:696)
	at ptolemy.actor.util.CausalityInterfaceForComposites._computeActorDepth(CausalityInterfaceForComposites.java:532)
	at ptolemy.actor.util.CausalityInterfaceForComposites.checkForCycles(CausalityInterfaceForComposites.java:96)
	at ptolemy.domains.de.kernel.DEDirector.preinitialize(DEDirector.java:1338)
	at ptolemy.actor.CompositeActor.preinitialize(CompositeActor.java:1828)
	at ptolemy.actor.Manager.preinitializeAndResolveTypes(Manager.java:1040)
	at ptolemy.actor.Manager.initialize(Manager.java:710)
	at ptolemy.actor.Manager.execute(Manager.java:356)
	at ptolemy.actor.Manager.run(Manager.java:1263)
	at ptolemy.actor.Manager$PtolemyRunThread.run(Manager.java:1933)
java.lang.reflect.InvocationTargetException
	at java.base/jdk.internal.reflect.NativeConstructorAccessorImpl.newInstance0(Native Method)
	at java.base/jdk.internal.reflect.NativeConstructorAccessorImpl.newInstance(NativeConstructorAccessorImpl.java:62)
	at java.base/jdk.internal.reflect.DelegatingConstructorAccessorImpl.newInstance(DelegatingConstructorAccessorImpl.java:45)
	at java.base/java.lang.reflect.Constructor.newInstance(Constructor.java:490)
	at ptolemy.util.test.junit.AutoKnownFailedTests.RunModel(AutoKnownFailedTests.java:105)
	at java.base/jdk.internal.reflect.NativeMethodAccessorImpl.invoke0(Native Method)
	at java.base/jdk.internal.reflect.NativeMethodAccessorImpl.invoke(NativeMethodAccessorImpl.java:62)
	at java.base/jdk.internal.reflect.DelegatingMethodAccessorImpl.invoke(DelegatingMethodAccessorImpl.java:43)
	at java.base/java.lang.reflect.Method.invoke(Method.java:566)
	at org.junit.runners.model.FrameworkMethod$1.runReflectiveCall(FrameworkMethod.java:44)
	at org.junit.internal.runners.model.ReflectiveCallable.run(ReflectiveCallable.java:15)
	at org.junit.runners.model.FrameworkMethod.invokeExplosively(FrameworkMethod.java:41)
	at junitparams.internal.InvokeParameterisedMethod.evaluate(InvokeParameterisedMethod.java:102)
	at org.junit.internal.runners.statements.FailOnTimeout$1.run(FailOnTimeout.java:28)
Caused by: ptolemy.kernel.util.IllegalActionException: Found a zero delay loop containing .dependencyLoop.original
  in .dependencyLoop and .dependencyLoop.original
	at ptolemy.actor.util.CausalityInterfaceForComposites._computeOutputPortDepth(CausalityInterfaceForComposites.java:759)
	at ptolemy.actor.util.CausalityInterfaceForComposites._computeInputDepth(CausalityInterfaceForComposites.java:696)
	at ptolemy.actor.util.CausalityInterfaceForComposites._computeOutputPortDepth(CausalityInterfaceForComposites.java:765)
	at ptolemy.actor.util.CausalityInterfaceForComposites._computeInputDepth(CausalityInterfaceForComposites.java:696)
	at ptolemy.actor.util.CausalityInterfaceForComposites._computeOutputPortDepth(CausalityInterfaceForComposites.java:765)
	at ptolemy.actor.util.CausalityInterfaceForComposites._computeInputDepth(CausalityInterfaceForComposites.java:696)
	at ptolemy.actor.util.CausalityInterfaceForComposites._computeActorDepth(CausalityInterfaceForComposites.java:532)
	at ptolemy.actor.util.CausalityInterfaceForComposites.checkForCycles(CausalityInterfaceForComposites.java:96)
	at ptolemy.domains.de.kernel.DEDirector.preinitialize(DEDirector.java:1338)
	at ptolemy.actor.CompositeActor.preinitialize(CompositeActor.java:1828)
	at ptolemy.actor.Manager.preinitializeAndResolveTypes(Manager.java:1040)
	at ptolemy.actor.Manager.initialize(Manager.java:710)
	at ptolemy.actor.Manager.execute(Manager.java:356)
	at ptolemy.actor.Manager.run(Manager.java:1263)
	at ptolemy.actor.Manager$PtolemyRunThread.run(Manager.java:1933)
java.lang.RuntimeException: Execution failed
	at ptolemy.moml.MoMLSimpleApplication$UnloadThread.run(MoMLSimpleApplication.java:402)
Caused by: ptolemy.kernel.util.IllegalActionException: Found a zero delay loop containing .dependencyLoop2.original
  in .dependencyLoop2 and .dependencyLoop2.original
	at ptolemy.actor.util.CausalityInterfaceForComposites._computeOutputPortDepth(CausalityInterfaceForComposites.java:759)
	at ptolemy.actor.util.CausalityInterfaceForComposites._computeInputDepth(CausalityInterfaceForComposites.java:696)
	at ptolemy.actor.util.CausalityInterfaceForComposites._computeOutputPortDepth(CausalityInterfaceForComposites.java:765)
	at ptolemy.actor.util.CausalityInterfaceForComposites._computeInputDepth(CausalityInterfaceForComposites.java:696)
	at ptolemy.actor.util.CausalityInterfaceForComposites._computeOutputPortDepth(CausalityInterfaceForComposites.java:765)
	at ptolemy.actor.util.CausalityInterfaceForComposites._computeInputDepth(CausalityInterfaceForComposites.java:696)
	at ptolemy.actor.util.CausalityInterfaceForComposites._computeActorDepth(CausalityInterfaceForComposites.java:532)
	at ptolemy.actor.util.CausalityInterfaceForComposites.checkForCycles(CausalityInterfaceForComposites.java:96)
	at ptolemy.domains.de.kernel.DEDirector.preinitialize(DEDirector.java:1338)
	at ptolemy.actor.CompositeActor.preinitialize(CompositeActor.java:1828)
	at ptolemy.actor.Manager.preinitializeAndResolveTypes(Manager.java:1040)
	at ptolemy.actor.Manager.initialize(Manager.java:710)
	at ptolemy.actor.Manager.execute(Manager.java:356)
	at ptolemy.actor.Manager.run(Manager.java:1263)
	at ptolemy.actor.Manager$PtolemyRunThread.run(Manager.java:1933)
java.lang.reflect.InvocationTargetException
	at java.base/jdk.internal.reflect.NativeConstructorAccessorImpl.newInstance0(Native Method)
	at java.base/jdk.internal.reflect.NativeConstructorAccessorImpl.newInstance(NativeConstructorAccessorImpl.java:62)
	at java.base/jdk.internal.reflect.DelegatingConstructorAccessorImpl.newInstance(DelegatingConstructorAccessorImpl.java:45)
	at java.base/java.lang.reflect.Constructor.newInstance(Constructor.java:490)
	at ptolemy.util.test.junit.AutoKnownFailedTests.RunModel(AutoKnownFailedTests.java:105)
	at java.base/jdk.internal.reflect.NativeMethodAccessorImpl.invoke0(Native Method)
	at java.base/jdk.internal.reflect.NativeMethodAccessorImpl.invoke(NativeMethodAccessorImpl.java:62)
	at java.base/jdk.internal.reflect.DelegatingMethodAccessorImpl.invoke(DelegatingMethodAccessorImpl.java:43)
	at java.base/java.lang.reflect.Method.invoke(Method.java:566)
	at org.junit.runners.model.FrameworkMethod$1.runReflectiveCall(FrameworkMethod.java:44)
	at org.junit.internal.runners.model.ReflectiveCallable.run(ReflectiveCallable.java:15)
	at org.junit.runners.model.FrameworkMethod.invokeExplosively(FrameworkMethod.java:41)
	at junitparams.internal.InvokeParameterisedMethod.evaluate(InvokeParameterisedMethod.java:102)
	at org.junit.internal.runners.statements.FailOnTimeout$1.run(FailOnTimeout.java:28)
Caused by: ptolemy.kernel.util.IllegalActionException: Found a zero delay loop containing .dependencyLoop2.original
  in .dependencyLoop2 and .dependencyLoop2.original
	at ptolemy.actor.util.CausalityInterfaceForComposites._computeOutputPortDepth(CausalityInterfaceForComposites.java:759)
	at ptolemy.actor.util.CausalityInterfaceForComposites._computeInputDepth(CausalityInterfaceForComposites.java:696)
	at ptolemy.actor.util.CausalityInterfaceForComposites._computeOutputPortDepth(CausalityInterfaceForComposites.java:765)
	at ptolemy.actor.util.CausalityInterfaceForComposites._computeInputDepth(CausalityInterfaceForComposites.java:696)
	at ptolemy.actor.util.CausalityInterfaceForComposites._computeOutputPortDepth(CausalityInterfaceForComposites.java:765)
	at ptolemy.actor.util.CausalityInterfaceForComposites._computeInputDepth(CausalityInterfaceForComposites.java:696)
	at ptolemy.actor.util.CausalityInterfaceForComposites._computeActorDepth(CausalityInterfaceForComposites.java:532)
	at ptolemy.actor.util.CausalityInterfaceForComposites.checkForCycles(CausalityInterfaceForComposites.java:96)
	at ptolemy.domains.de.kernel.DEDirector.preinitialize(DEDirector.java:1338)
	at ptolemy.actor.CompositeActor.preinitialize(CompositeActor.java:1828)
	at ptolemy.actor.Manager.preinitializeAndResolveTypes(Manager.java:1040)
	at ptolemy.actor.Manager.initialize(Manager.java:710)
	at ptolemy.actor.Manager.execute(Manager.java:356)
	at ptolemy.actor.Manager.run(Manager.java:1263)
	at ptolemy.actor.Manager$PtolemyRunThread.run(Manager.java:1933)
]]></system-err>
</testsuite>
