<?xml version="1.0" encoding="UTF-8" ?>
<testsuite errors="0" failures="0" hostname="travis-job-f3c3a082-e6db-41bd-b222-3879a9c9c520" name="ptolemy.domains.de.test.junit.JUnitTclTest" skipped="0" tests="101" time="128.235" timestamp="2018-06-15T15:13:03">
  <properties>
[...]
</properties>
  <testcase classname="ptolemy.util.test.junit.TclTests" name="[0] /home/travis/build/icyphy/ptII/ptolemy/domains/de/test/DependencyLoop.tcl (RunTclFile)" time="0.746" />
  <testcase classname="ptolemy.util.test.junit.TclTests" name="[1] /home/travis/build/icyphy/ptII/ptolemy/domains/de/test/RunDETestsAsQSS.tcl (RunTclFile)" time="87.502" />
  <testcase classname="ptolemy.util.test.junit.AutoKnownFailedTests" name="[0] /home/travis/build/icyphy/ptII/ptolemy/domains/de/test/auto/knownFailedTests/DESDFClockTest.xml (RunModel)" time="2.022" />
  <testcase classname="ptolemy.util.test.junit.AutoKnownFailedTests" name="[1] /home/travis/build/icyphy/ptII/ptolemy/domains/de/test/auto/knownFailedTests/DirectFeedback.xml (RunModel)" time="0.014" />
  <testcase classname="ptolemy.util.test.junit.AutoKnownFailedTests" name="[2] /home/travis/build/icyphy/ptII/ptolemy/domains/de/test/auto/knownFailedTests/FSMSource.xml (RunModel)" time="0.029" />
  <testcase classname="ptolemy.util.test.junit.AutoKnownFailedTests" name="[3] /home/travis/build/icyphy/ptII/ptolemy/domains/de/test/auto/knownFailedTests/HierarchicalModel.xml (RunModel)" time="0.03" />
  <testcase classname="ptolemy.util.test.junit.AutoKnownFailedTests" name="[4] /home/travis/build/icyphy/ptII/ptolemy/domains/de/test/auto/knownFailedTests/dependencyLoop.xml (RunModel)" time="0.025" />
  <testcase classname="ptolemy.util.test.junit.AutoKnownFailedTests" name="[5] /home/travis/build/icyphy/ptII/ptolemy/domains/de/test/auto/knownFailedTests/dependencyLoop2.xml (RunModel)" time="0.042" />
  <testcase classname="ptolemy.util.test.junit.AutoNameArchTests" name="[0] ThereAreNoAutoArchTests (RunModel)" time="0.001" />
  <testcase classname="ptolemy.util.test.junit.AutoTests" name="[0] /home/travis/build/icyphy/ptII/ptolemy/domains/de/test/auto/ActorDepthCalculation_actorWithoutPorts.xml (RunModel)" time="0.019" />
  <testcase classname="ptolemy.util.test.junit.AutoTests" name="[1] /home/travis/build/icyphy/ptII/ptolemy/domains/de/test/auto/AssemblyLine.xml (RunModel)" time="0.015" />
  <testcase classname="ptolemy.util.test.junit.AutoTests" name="[2] /home/travis/build/icyphy/ptII/ptolemy/domains/de/test/auto/CQBug1.xml (RunModel)" time="0.011" />
  <testcase classname="ptolemy.util.test.junit.AutoTests" name="[3] /home/travis/build/icyphy/ptII/ptolemy/domains/de/test/auto/CancelFireAt.xml (RunModel)" time="0.011" />
  <testcase classname="ptolemy.util.test.junit.AutoTests" name="[4] /home/travis/build/icyphy/ptII/ptolemy/domains/de/test/auto/CausalityAndComposabilityAnalysis.xml (RunModel)" time="0.01" />
  <testcase classname="ptolemy.util.test.junit.AutoTests" name="[5] /home/travis/build/icyphy/ptII/ptolemy/domains/de/test/auto/CausalityInterface1.xml (RunModel)" time="0.01" />
  <testcase classname="ptolemy.util.test.junit.AutoTests" name="[6] /home/travis/build/icyphy/ptII/ptolemy/domains/de/test/auto/CausalityInterface15.xml (RunModel)" time="0.015" />
  <testcase classname="ptolemy.util.test.junit.AutoTests" name="[7] /home/travis/build/icyphy/ptII/ptolemy/domains/de/test/auto/CausalityInterface2.xml (RunModel)" time="0.008" />
  <testcase classname="ptolemy.util.test.junit.AutoTests" name="[8] /home/travis/build/icyphy/ptII/ptolemy/domains/de/test/auto/CausalityInterface3.xml (RunModel)" time="0.011" />
  <testcase classname="ptolemy.util.test.junit.AutoTests" name="[9] /home/travis/build/icyphy/ptII/ptolemy/domains/de/test/auto/ClockDrift.xml (RunModel)" time="0.036" />
  <testcase classname="ptolemy.util.test.junit.AutoTests" name="[10] /home/travis/build/icyphy/ptII/ptolemy/domains/de/test/auto/ClockDriftAndValueChange.xml (RunModel)" time="0.028" />
  <testcase classname="ptolemy.util.test.junit.AutoTests" name="[11] /home/travis/build/icyphy/ptII/ptolemy/domains/de/test/auto/ClockDriftChange.xml (RunModel)" time="0.02" />
  <testcase classname="ptolemy.util.test.junit.AutoTests" name="[12] /home/travis/build/icyphy/ptII/ptolemy/domains/de/test/auto/ComposableCausalityAnalysis.xml (RunModel)" time="0.014" />
  <testcase classname="ptolemy.util.test.junit.AutoTests" name="[13] /home/travis/build/icyphy/ptII/ptolemy/domains/de/test/auto/DEFixedPointLimitation.xml (RunModel)" time="0.007" />
  <testcase classname="ptolemy.util.test.junit.AutoTests" name="[14] /home/travis/build/icyphy/ptII/ptolemy/domains/de/test/auto/DEScheduleTest.xml (RunModel)" time="0.027" />
  <testcase classname="ptolemy.util.test.junit.AutoTests" name="[15] /home/travis/build/icyphy/ptII/ptolemy/domains/de/test/auto/DEinDEwithStartTimes.xml (RunModel)" time="0.013" />
  <testcase classname="ptolemy.util.test.junit.AutoTests" name="[16] /home/travis/build/icyphy/ptII/ptolemy/domains/de/test/auto/DEinDEwithStartTimes2.xml (RunModel)" time="0.011" />
  <testcase classname="ptolemy.util.test.junit.AutoTests" name="[17] /home/travis/build/icyphy/ptII/ptolemy/domains/de/test/auto/DateDemo.xml (RunModel)" time="0.023" />
  <testcase classname="ptolemy.util.test.junit.AutoTests" name="[18] /home/travis/build/icyphy/ptII/ptolemy/domains/de/test/auto/DateToEvent.xml (RunModel)" time="2.03" />
  <testcase classname="ptolemy.util.test.junit.AutoTests" name="[19] /home/travis/build/icyphy/ptII/ptolemy/domains/de/test/auto/DepthTest1.xml (RunModel)" time="0.007" />
  <testcase classname="ptolemy.util.test.junit.AutoTests" name="[20] /home/travis/build/icyphy/ptII/ptolemy/domains/de/test/auto/DepthTest2.xml (RunModel)" time="0.016" />
  <testcase classname="ptolemy.util.test.junit.AutoTests" name="[21] /home/travis/build/icyphy/ptII/ptolemy/domains/de/test/auto/DepthTest3.xml (RunModel)" time="0.008" />
  <testcase classname="ptolemy.util.test.junit.AutoTests" name="[22] /home/travis/build/icyphy/ptII/ptolemy/domains/de/test/auto/DepthTest4.xml (RunModel)" time="0.012" />
  <testcase classname="ptolemy.util.test.junit.AutoTests" name="[23] /home/travis/build/icyphy/ptII/ptolemy/domains/de/test/auto/DepthTest5.xml (RunModel)" time="0.014" />
  <testcase classname="ptolemy.util.test.junit.AutoTests" name="[24] /home/travis/build/icyphy/ptII/ptolemy/domains/de/test/auto/DepthTest6.xml (RunModel)" time="0.014" />
  <testcase classname="ptolemy.util.test.junit.AutoTests" name="[25] /home/travis/build/icyphy/ptII/ptolemy/domains/de/test/auto/DepthTest7.xml (RunModel)" time="0.012" />
  <testcase classname="ptolemy.util.test.junit.AutoTests" name="[26] /home/travis/build/icyphy/ptII/ptolemy/domains/de/test/auto/EventToDate.xml (RunModel)" time="3.035" />
  <testcase classname="ptolemy.util.test.junit.AutoTests" name="[27] /home/travis/build/icyphy/ptII/ptolemy/domains/de/test/auto/FSM1.xml (RunModel)" time="0.035" />
  <testcase classname="ptolemy.util.test.junit.AutoTests" name="[28] /home/travis/build/icyphy/ptII/ptolemy/domains/de/test/auto/FSM7.xml (RunModel)" time="0.028" />
  <testcase classname="ptolemy.util.test.junit.AutoTests" name="[29] /home/travis/build/icyphy/ptII/ptolemy/domains/de/test/auto/Inspection.xml (RunModel)" time="0.036" />
  <testcase classname="ptolemy.util.test.junit.AutoTests" name="[30] /home/travis/build/icyphy/ptII/ptolemy/domains/de/test/auto/Iteration.xml (RunModel)" time="0.018" />
  <testcase classname="ptolemy.util.test.junit.AutoTests" name="[31] /home/travis/build/icyphy/ptII/ptolemy/domains/de/test/auto/LineFault.xml (RunModel)" time="0.506" />
  <testcase classname="ptolemy.util.test.junit.AutoTests" name="[32] /home/travis/build/icyphy/ptII/ptolemy/domains/de/test/auto/MergeModel1Add.xml (RunModel)" time="0.044" />
  <testcase classname="ptolemy.util.test.junit.AutoTests" name="[33] /home/travis/build/icyphy/ptII/ptolemy/domains/de/test/auto/MergeModel2Add.xml (RunModel)" time="0.035" />
  <testcase classname="ptolemy.util.test.junit.AutoTests" name="[34] /home/travis/build/icyphy/ptII/ptolemy/domains/de/test/auto/MergeModel3Add.xml (RunModel)" time="0.038" />
  <testcase classname="ptolemy.util.test.junit.AutoTests" name="[35] /home/travis/build/icyphy/ptII/ptolemy/domains/de/test/auto/MergeWithoutDiscard.xml (RunModel)" time="0.014" />
  <testcase classname="ptolemy.util.test.junit.AutoTests" name="[36] /home/travis/build/icyphy/ptII/ptolemy/domains/de/test/auto/Modal1.xml (RunModel)" time="0.03" />
  <testcase classname="ptolemy.util.test.junit.AutoTests" name="[37] /home/travis/build/icyphy/ptII/ptolemy/domains/de/test/auto/Modal2.xml (RunModel)" time="0.03" />
  <testcase classname="ptolemy.util.test.junit.AutoTests" name="[38] /home/travis/build/icyphy/ptII/ptolemy/domains/de/test/auto/Modal3.xml (RunModel)" time="0.029" />
  <testcase classname="ptolemy.util.test.junit.AutoTests" name="[39] /home/travis/build/icyphy/ptII/ptolemy/domains/de/test/auto/Modal4.xml (RunModel)" time="0.033" />
  <testcase classname="ptolemy.util.test.junit.AutoTests" name="[40] /home/travis/build/icyphy/ptII/ptolemy/domains/de/test/auto/Modal5.xml (RunModel)" time="0.026" />
  <testcase classname="ptolemy.util.test.junit.AutoTests" name="[41] /home/travis/build/icyphy/ptII/ptolemy/domains/de/test/auto/Modal6.xml (RunModel)" time="0.025" />
  <testcase classname="ptolemy.util.test.junit.AutoTests" name="[42] /home/travis/build/icyphy/ptII/ptolemy/domains/de/test/auto/Modal7.xml (RunModel)" time="0.026" />
  <testcase classname="ptolemy.util.test.junit.AutoTests" name="[43] /home/travis/build/icyphy/ptII/ptolemy/domains/de/test/auto/ModalModel.xml (RunModel)" time="0.152" />
  <testcase classname="ptolemy.util.test.junit.AutoTests" name="[44] /home/travis/build/icyphy/ptII/ptolemy/domains/de/test/auto/ModalSource.xml (RunModel)" time="0.016" />
  <testcase classname="ptolemy.util.test.junit.AutoTests" name="[45] /home/travis/build/icyphy/ptII/ptolemy/domains/de/test/auto/NonInterruptibleTimerZeroDelay.xml (RunModel)" time="0.009" />
  <testcase classname="ptolemy.util.test.junit.AutoTests" name="[46] /home/travis/build/icyphy/ptII/ptolemy/domains/de/test/auto/OpenQueueingNetwork.xml (RunModel)" time="2.067" />
  <testcase classname="ptolemy.util.test.junit.AutoTests" name="[47] /home/travis/build/icyphy/ptII/ptolemy/domains/de/test/auto/OpenQueuingNetwork.xml (RunModel)" time="0.247" />
  <testcase classname="ptolemy.util.test.junit.AutoTests" name="[48] /home/travis/build/icyphy/ptII/ptolemy/domains/de/test/auto/PeriodicSampler.xml (RunModel)" time="0.007" />
  <testcase classname="ptolemy.util.test.junit.AutoTests" name="[49] /home/travis/build/icyphy/ptII/ptolemy/domains/de/test/auto/PersistentIO.xml (RunModel)" time="0.019" />
  <testcase classname="ptolemy.util.test.junit.AutoTests" name="[50] /home/travis/build/icyphy/ptII/ptolemy/domains/de/test/auto/PortParameterResetOnInitialize.xml (RunModel)" time="0.008" />
  <testcase classname="ptolemy.util.test.junit.AutoTests" name="[51] /home/travis/build/icyphy/ptII/ptolemy/domains/de/test/auto/PortParameterUpdates.xml (RunModel)" time="0.013" />
  <testcase classname="ptolemy.util.test.junit.AutoTests" name="[52] /home/travis/build/icyphy/ptII/ptolemy/domains/de/test/auto/QueueAndServer.xml (RunModel)" time="0.019" />
  <testcase classname="ptolemy.util.test.junit.AutoTests" name="[53] /home/travis/build/icyphy/ptII/ptolemy/domains/de/test/auto/Records.xml (RunModel)" time="0.017" />
  <testcase classname="ptolemy.util.test.junit.AutoTests" name="[54] /home/travis/build/icyphy/ptII/ptolemy/domains/de/test/auto/ResetTransitionWithStartTime1.xml (RunModel)" time="0.019" />
  <testcase classname="ptolemy.util.test.junit.AutoTests" name="[55] /home/travis/build/icyphy/ptII/ptolemy/domains/de/test/auto/ResetTransitionWithStartTime2.xml (RunModel)" time="0.02" />
  <testcase classname="ptolemy.util.test.junit.AutoTests" name="[56] /home/travis/build/icyphy/ptII/ptolemy/domains/de/test/auto/ResetTransitionWithStartTime3.xml (RunModel)" time="0.019" />
  <testcase classname="ptolemy.util.test.junit.AutoTests" name="[57] /home/travis/build/icyphy/ptII/ptolemy/domains/de/test/auto/ResetTransitionWithStartTime4.xml (RunModel)" time="0.017" />
  <testcase classname="ptolemy.util.test.junit.AutoTests" name="[58] /home/travis/build/icyphy/ptII/ptolemy/domains/de/test/auto/ResettableTimer1.xml (RunModel)" time="0.011" />
  <testcase classname="ptolemy.util.test.junit.AutoTests" name="[59] /home/travis/build/icyphy/ptII/ptolemy/domains/de/test/auto/ResettableTimer2.xml (RunModel)" time="0.008" />
  <testcase classname="ptolemy.util.test.junit.AutoTests" name="[60] /home/travis/build/icyphy/ptII/ptolemy/domains/de/test/auto/ResettableTimer3.xml (RunModel)" time="0.009" />
  <testcase classname="ptolemy.util.test.junit.AutoTests" name="[61] /home/travis/build/icyphy/ptII/ptolemy/domains/de/test/auto/ResettableTimer4.xml (RunModel)" time="0.009" />
  <testcase classname="ptolemy.util.test.junit.AutoTests" name="[62] /home/travis/build/icyphy/ptII/ptolemy/domains/de/test/auto/ResettableTimer5.xml (RunModel)" time="0.009" />
  <testcase classname="ptolemy.util.test.junit.AutoTests" name="[63] /home/travis/build/icyphy/ptII/ptolemy/domains/de/test/auto/ResettableTimer6.xml (RunModel)" time="0.017" />
  <testcase classname="ptolemy.util.test.junit.AutoTests" name="[64] /home/travis/build/icyphy/ptII/ptolemy/domains/de/test/auto/ServerZeroDelay.xml (RunModel)" time="0.01" />
  <testcase classname="ptolemy.util.test.junit.AutoTests" name="[65] /home/travis/build/icyphy/ptII/ptolemy/domains/de/test/auto/SmartSender.xml (RunModel)" time="3.007" />
  <testcase classname="ptolemy.util.test.junit.AutoTests" name="[66] /home/travis/build/icyphy/ptII/ptolemy/domains/de/test/auto/ThreadedComposite.xml (RunModel)" time="0.203" />
  <testcase classname="ptolemy.util.test.junit.AutoTests" name="[67] /home/travis/build/icyphy/ptII/ptolemy/domains/de/test/auto/Time.xml (RunModel)" time="0.412" />
  <testcase classname="ptolemy.util.test.junit.AutoTests" name="[68] /home/travis/build/icyphy/ptII/ptolemy/domains/de/test/auto/TimeDelayZeroDelay.xml (RunModel)" time="0.01" />
  <testcase classname="ptolemy.util.test.junit.AutoTests" name="[69] /home/travis/build/icyphy/ptII/ptolemy/domains/de/test/auto/TimerZeroDelay.xml (RunModel)" time="0.008" />
  <testcase classname="ptolemy.util.test.junit.AutoTests" name="[70] /home/travis/build/icyphy/ptII/ptolemy/domains/de/test/auto/TimingParadox.xml (RunModel)" time="0.325" />
  <testcase classname="ptolemy.util.test.junit.AutoTests" name="[71] /home/travis/build/icyphy/ptII/ptolemy/domains/de/test/auto/TransferInputs.xml (RunModel)" time="0.012" />
  <testcase classname="ptolemy.util.test.junit.AutoTests" name="[72] /home/travis/build/icyphy/ptII/ptolemy/domains/de/test/auto/TransferOutputs2.xml (RunModel)" time="0.015" />
  <testcase classname="ptolemy.util.test.junit.AutoTests" name="[73] /home/travis/build/icyphy/ptII/ptolemy/domains/de/test/auto/Trilateration.xml (RunModel)" time="12.084" />
  <testcase classname="ptolemy.util.test.junit.AutoTests" name="[74] /home/travis/build/icyphy/ptII/ptolemy/domains/de/test/auto/TwoSigmaDelta.xml (RunModel)" time="2.144" />
  <testcase classname="ptolemy.util.test.junit.AutoTests" name="[75] /home/travis/build/icyphy/ptII/ptolemy/domains/de/test/auto/VariableDelay.xml (RunModel)" time="0.012" />
  <testcase classname="ptolemy.util.test.junit.AutoTests" name="[76] /home/travis/build/icyphy/ptII/ptolemy/domains/de/test/auto/VariableDelay2.xml (RunModel)" time="0.009" />
  <testcase classname="ptolemy.util.test.junit.AutoTests" name="[77] /home/travis/build/icyphy/ptII/ptolemy/domains/de/test/auto/VariableDelayZeroDelay.xml (RunModel)" time="0.017" />
  <testcase classname="ptolemy.util.test.junit.AutoTests" name="[78] /home/travis/build/icyphy/ptII/ptolemy/domains/de/test/auto/VariableDelayZeroDelay2.xml (RunModel)" time="0.018" />
  <testcase classname="ptolemy.util.test.junit.AutoTests" name="[79] /home/travis/build/icyphy/ptII/ptolemy/domains/de/test/auto/deInCt.xml (RunModel)" time="0.014" />
  <testcase classname="ptolemy.util.test.junit.AutoTests" name="[80] /home/travis/build/icyphy/ptII/ptolemy/domains/de/test/auto/deInCt2.xml (RunModel)" time="0.013" />
  <testcase classname="ptolemy.util.test.junit.AutoTests" name="[81] /home/travis/build/icyphy/ptII/ptolemy/domains/de/test/auto/dynamicCausalityInterface1.xml (RunModel)" time="0.018" />
  <testcase classname="ptolemy.util.test.junit.AutoTests" name="[82] /home/travis/build/icyphy/ptII/ptolemy/domains/de/test/auto/fsm_de_test.xml (RunModel)" time="0.021" />
  <testcase classname="ptolemy.util.test.junit.AutoTests" name="[83] /home/travis/build/icyphy/ptII/ptolemy/domains/de/test/auto/functionDependencyReconstruction.xml (RunModel)" time="0.03" />
  <testcase classname="ptolemy.util.test.junit.AutoTests" name="[84] /home/travis/build/icyphy/ptII/ptolemy/domains/de/test/auto/multirate.xml (RunModel)" time="0.015" />
  <testcase classname="ptolemy.util.test.junit.AutoTests" name="[85] /home/travis/build/icyphy/ptII/ptolemy/domains/de/test/auto/multirate2.xml (RunModel)" time="0.014" />
  <testcase classname="ptolemy.util.test.junit.AutoTests" name="[86] /home/travis/build/icyphy/ptII/ptolemy/domains/de/test/auto/realtime.xml (RunModel)" time="10.01" />
  <testcase classname="ptolemy.util.test.junit.AutoTests" name="[87] /home/travis/build/icyphy/ptII/ptolemy/domains/de/test/auto/relationGroup.xml (RunModel)" time="0.008" />
  <testcase classname="ptolemy.util.test.junit.AutoTests" name="[88] /home/travis/build/icyphy/ptII/ptolemy/domains/de/test/auto/relationGroup2.xml (RunModel)" time="0.012" />
  <testcase classname="ptolemy.util.test.junit.AutoTests" name="[89] /home/travis/build/icyphy/ptII/ptolemy/domains/de/test/auto/sortWithOpaquePorts.xml (RunModel)" time="0.012" />
  <testcase classname="ptolemy.util.test.junit.AutoTests" name="[90] /home/travis/build/icyphy/ptII/ptolemy/domains/de/test/auto/transferInputsandOutputs.xml (RunModel)" time="0.013" />
  <testcase classname="ptolemy.util.test.junit.AutoTests" name="[91] /home/travis/build/icyphy/ptII/ptolemy/domains/de/test/auto/triggerType.xml (RunModel)" time="0.009" />
  <system-out><![CDATA[/home/travis/build/icyphy/ptII/ptolemy/domains/de/test/DependencyLoop.tcl
testDefs.tcl: setting time out to 9000 seconds at Fri Jun 15 15:13:03 UTC 2018
13 ms. Memory: 116224K Free: 93416K (80%)
20 ms. Memory: 146944K Free: 136701K (93%)
/home/travis/build/icyphy/ptII/ptolemy/domains/de/test/RunDETestsAsQSS.tcl
Run the DE tests using ptolemy.domains.qss.test.QSSDirectorTest, which extends QSSDirector and prints a message in the constructors.
------------------ testing $PTII/ptolemy/domains/de/test/auto/knownFailedTests/dependencyLoop.xml (Known Failure) 
7 ms. Memory: 146944K Free: 133589K (91%)


==== $PTIIhome/travis/build/icyphy/ptII/ptolemy/domains/de/test/../../../../: Auto Automatic test in file $PTII/ptolemy/domains/de/test/auto/knownFailedTests/dependencyLoop.xml
==== Contents of test case:

	    # FIXME: we should use $relativeFilename here, but it
	    # might have backslashes under Windows, which causes no end
	    # of trouble.
	    createAndExecute $file
	    list {}
	
.... Test generated KNOWN error:
    while executing
ptolemy.kernel.util.IllegalActionException: Found a zero delay loop containing .dependencyLoop.original
  in .dependencyLoop and .dependencyLoop.original
	at ptolemy.actor.util.CausalityInterfaceForComposites._computeOutputPortDepth(CausalityInterfaceForComposites.java:759)
	at ptolemy.actor.util.CausalityInterfaceForComposites._computeInputDepth(CausalityInterfaceForComposites.java:696)
	at ptolemy.actor.util.CausalityInterfaceForComposites._computeOutputPortDepth(CausalityInterfaceForComposites.java:765)
	at ptolemy.actor.util.CausalityInterfaceForComposites._computeInputDepth(CausalityInterfaceForComposites.java:696)
	at ptolemy.actor.util.CausalityInterfaceForComposites._computeOutputPortDepth(CausalityInterfaceForComposites.java:765)
	at ptolemy.actor.util.CausalityInterfaceForComposites._computeInputDepth(CausalityInterfaceForComposites.java:696)
	at ptolemy.actor.util.CausalityInterfaceForComposites._computeActorDepth(CausalityInterfaceForComposites.java:532)
	at ptolemy.actor.util.CausalityInterfaceForComposites.checkForCycles(CausalityInterfaceForComposites.java:96)
	at ptolemy.domains.de.kernel.DEDirector.preinitialize(DEDirector.java:1338)
	at ptolemy.actor.CompositeActor.preinitialize(CompositeActor.java:1828)
	at ptolemy.actor.Manager.preinitializeAndResolveTypes(Manager.java:1040)
	at ptolemy.actor.Manager.initialize(Manager.java:710)
	at ptolemy.actor.Manager.execute(Manager.java:356)
	at ptolemy.actor.Manager.run(Manager.java:1263)
	at ptolemy.actor.Manager$PtolemyRunThread.run(Manager.java:1915)

    while executing
ptolemy.kernel.util.IllegalActionException: Found a zero delay loop containing .dependencyLoop.original
  in .dependencyLoop and .dependencyLoop.original
    while executing
"java::new ptolemy.moml.MoMLSimpleApplication $file
"
    (procedure "createAndExecute" line 2)
    invoked from within
"createAndExecute $file"
    ("uplevel" body line 5)
    invoked from within
"uplevel $contents_of_test"
------------------ testing $PTII/ptolemy/domains/de/test/auto/knownFailedTests/DESDFClockTest.xml (Known Failure) 
2080 ms. Memory: 146944K Free: 117857K (80%)


==== $PTIIhome/travis/build/icyphy/ptII/ptolemy/domains/de/test/../../../../: Auto Automatic test in file $PTII/ptolemy/domains/de/test/auto/knownFailedTests/DESDFClockTest.xml
==== Contents of test case:

	    # FIXME: we should use $relativeFilename here, but it
	    # might have backslashes under Windows, which causes no end
	    # of trouble.
	    createAndExecute $file
	    list {}
	
.... Test generated KNOWN error:
    while executing
ptolemy.kernel.util.IllegalActionException: Actor is not ready to fire.  Perhaps UpSample.prefire() returned false? Try debugging the actor by selecting "Listen to Actor".  Also, for SDF check moml for tokenConsumptionRate on input.
  in .DESDFClockTest.Play Bell.Copy1:SDF Director and .DESDFClockTest.Play Bell.UpSample
	at ptolemy.actor.sched.StaticSchedulingDirector.fire(StaticSchedulingDirector.java:227)
	at ptolemy.domains.sdf.kernel.SDFDirector.fire(SDFDirector.java:500)
	at ptolemy.actor.CompositeActor.fire(CompositeActor.java:455)
	at ptolemy.domains.de.kernel.DEDirector._fire(DEDirector.java:1949)
	at ptolemy.domains.de.kernel.DEDirector.fire(DEDirector.java:502)
	at ptolemy.actor.CompositeActor.fire(CompositeActor.java:455)
	at ptolemy.actor.Manager.iterate(Manager.java:851)
	at ptolemy.actor.Manager.execute(Manager.java:369)
	at ptolemy.actor.Manager.run(Manager.java:1263)
	at ptolemy.actor.Manager$PtolemyRunThread.run(Manager.java:1915)

    while executing
ptolemy.kernel.util.IllegalActionException: Actor is not ready to fire.  Perhaps UpSample.prefire() returned false? Try debugging the actor by selecting "Listen to Actor".  Also, for SDF check moml for tokenConsumptionRate on input.
  in .DESDFClockTest.Play Bell.Copy1:SDF Director and .DESDFClockTest.Play Bell.UpSample
    while executing
"java::new ptolemy.moml.MoMLSimpleApplication $file
"
    (procedure "createAndExecute" line 2)
    invoked from within
"createAndExecute $file"
    ("uplevel" body line 5)
    invoked from within
"uplevel $contents_of_test"
------------------ testing $PTII/ptolemy/domains/de/test/auto/knownFailedTests/FSMSource.xml (Known Failure) 
19 ms. Memory: 146944K Free: 108328K (74%)
!!!! Auto was marked as failing, but now passes
------------------ testing $PTII/ptolemy/domains/de/test/auto/knownFailedTests/dependencyLoop2.xml (Known Failure) 
5 ms. Memory: 146944K Free: 106445K (72%)


==== $PTIIhome/travis/build/icyphy/ptII/ptolemy/domains/de/test/../../../../: Auto Automatic test in file $PTII/ptolemy/domains/de/test/auto/knownFailedTests/dependencyLoop2.xml
==== Contents of test case:

	    # FIXME: we should use $relativeFilename here, but it
	    # might have backslashes under Windows, which causes no end
	    # of trouble.
	    createAndExecute $file
	    list {}
	
.... Test generated KNOWN error:
    while executing
ptolemy.kernel.util.IllegalActionException: Found a zero delay loop containing .dependencyLoop2.original
  in .dependencyLoop2 and .dependencyLoop2.original
	at ptolemy.actor.util.CausalityInterfaceForComposites._computeOutputPortDepth(CausalityInterfaceForComposites.java:759)
	at ptolemy.actor.util.CausalityInterfaceForComposites._computeInputDepth(CausalityInterfaceForComposites.java:696)
	at ptolemy.actor.util.CausalityInterfaceForComposites._computeOutputPortDepth(CausalityInterfaceForComposites.java:765)
	at ptolemy.actor.util.CausalityInterfaceForComposites._computeInputDepth(CausalityInterfaceForComposites.java:696)
	at ptolemy.actor.util.CausalityInterfaceForComposites._computeOutputPortDepth(CausalityInterfaceForComposites.java:765)
	at ptolemy.actor.util.CausalityInterfaceForComposites._computeInputDepth(CausalityInterfaceForComposites.java:696)
	at ptolemy.actor.util.CausalityInterfaceForComposites._computeActorDepth(CausalityInterfaceForComposites.java:532)
	at ptolemy.actor.util.CausalityInterfaceForComposites.checkForCycles(CausalityInterfaceForComposites.java:96)
	at ptolemy.domains.de.kernel.DEDirector.preinitialize(DEDirector.java:1338)
	at ptolemy.actor.CompositeActor.preinitialize(CompositeActor.java:1828)
	at ptolemy.actor.Manager.preinitializeAndResolveTypes(Manager.java:1040)
	at ptolemy.actor.Manager.initialize(Manager.java:710)
	at ptolemy.actor.Manager.execute(Manager.java:356)
	at ptolemy.actor.Manager.run(Manager.java:1263)
	at ptolemy.actor.Manager$PtolemyRunThread.run(Manager.java:1915)

    while executing
ptolemy.kernel.util.IllegalActionException: Found a zero delay loop containing .dependencyLoop2.original
  in .dependencyLoop2 and .dependencyLoop2.original
    while executing
"java::new ptolemy.moml.MoMLSimpleApplication $file
"
    (procedure "createAndExecute" line 2)
    invoked from within
"createAndExecute $file"
    ("uplevel" body line 5)
    invoked from within
"uplevel $contents_of_test"
------------------ testing $PTII/ptolemy/domains/de/test/auto/knownFailedTests/HierarchicalModel.xml (Known Failure) 
5 ms. Memory: 146944K Free: 85945K (58%)


==== $PTIIhome/travis/build/icyphy/ptII/ptolemy/domains/de/test/../../../../: Auto Automatic test in file $PTII/ptolemy/domains/de/test/auto/knownFailedTests/HierarchicalModel.xml
==== Contents of test case:

	    # FIXME: we should use $relativeFilename here, but it
	    # might have backslashes under Windows, which causes no end
	    # of trouble.
	    createAndExecute $file
	    list {}
	
.... Test generated KNOWN error:
    while executing
ptolemy.kernel.util.IllegalActionException: Found a zero delay loop containing .HierarchicalModel.A
  in .HierarchicalModel and .HierarchicalModel.A
	at ptolemy.actor.util.CausalityInterfaceForComposites._computeOutputPortDepth(CausalityInterfaceForComposites.java:759)
	at ptolemy.actor.util.CausalityInterfaceForComposites._computeInputDepth(CausalityInterfaceForComposites.java:696)
	at ptolemy.actor.util.CausalityInterfaceForComposites._computeOutputPortDepth(CausalityInterfaceForComposites.java:765)
	at ptolemy.actor.util.CausalityInterfaceForComposites._computeInputDepth(CausalityInterfaceForComposites.java:696)
	at ptolemy.actor.util.CausalityInterfaceForComposites._computeOutputPortDepth(CausalityInterfaceForComposites.java:765)
	at ptolemy.actor.util.CausalityInterfaceForComposites._computeInputDepth(CausalityInterfaceForComposites.java:696)
	at ptolemy.actor.util.CausalityInterfaceForComposites._computeActorDepth(CausalityInterfaceForComposites.java:532)
	at ptolemy.actor.util.CausalityInterfaceForComposites.checkForCycles(CausalityInterfaceForComposites.java:96)
	at ptolemy.domains.de.kernel.DEDirector.preinitialize(DEDirector.java:1338)
	at ptolemy.actor.CompositeActor.preinitialize(CompositeActor.java:1828)
	at ptolemy.actor.Manager.preinitializeAndResolveTypes(Manager.java:1040)
	at ptolemy.actor.Manager.initialize(Manager.java:710)
	at ptolemy.actor.Manager.execute(Manager.java:356)
	at ptolemy.actor.Manager.run(Manager.java:1263)
	at ptolemy.actor.Manager$PtolemyRunThread.run(Manager.java:1915)

    while executing
ptolemy.kernel.util.IllegalActionException: Found a zero delay loop containing .HierarchicalModel.A
  in .HierarchicalModel and .HierarchicalModel.A
    while executing
"java::new ptolemy.moml.MoMLSimpleApplication $file
"
    (procedure "createAndExecute" line 2)
    invoked from within
"createAndExecute $file"
    ("uplevel" body line 5)
    invoked from within
"uplevel $contents_of_test"
------------------ testing $PTII/ptolemy/domains/de/test/auto/knownFailedTests/DirectFeedback.xml (Known Failure) 
14 ms. Memory: 146944K Free: 142561K (97%)


==== $PTIIhome/travis/build/icyphy/ptII/ptolemy/domains/de/test/../../../../: Auto Automatic test in file $PTII/ptolemy/domains/de/test/auto/knownFailedTests/DirectFeedback.xml
==== Contents of test case:

	    # FIXME: we should use $relativeFilename here, but it
	    # might have backslashes under Windows, which causes no end
	    # of trouble.
	    createAndExecute $file
	    list {}
	
.... Test generated KNOWN error:
    while executing
ptolemy.kernel.util.IllegalActionException: Test fails in iteration 1.
Value was: 1.0. Should have been: 2.0
  in .DirectFeedback.Test
	at ptolemy.actor.lib.Test.fire(Test.java:268)
	at ptolemy.domains.de.kernel.DEDirector._fire(DEDirector.java:1949)
	at ptolemy.domains.de.kernel.DEDirector.fire(DEDirector.java:502)
	at ptolemy.actor.CompositeActor.fire(CompositeActor.java:455)
	at ptolemy.actor.Manager.iterate(Manager.java:851)
	at ptolemy.actor.Manager.execute(Manager.java:369)
	at ptolemy.actor.Manager.run(Manager.java:1263)
	at ptolemy.actor.Manager$PtolemyRunThread.run(Manager.java:1915)

    while executing
ptolemy.kernel.util.IllegalActionException: Test fails in iteration 1.
Value was: 1.0. Should have been: 2.0
  in .DirectFeedback.Test
    while executing
"java::new ptolemy.moml.MoMLSimpleApplication $file
"
    (procedure "createAndExecute" line 2)
    invoked from within
"createAndExecute $file"
    ("uplevel" body line 5)
    invoked from within
"uplevel $contents_of_test"
------------------ testing $PTII/ptolemy/domains/de/test/auto/ActorDepthCalculation_actorWithoutPorts.xml
auto.tcl: Setting watchdog for 200 seconds at Fri Jun 15 15:13:06 UTC 2018
7 ms. Memory: 146944K Free: 133635K (91%)
ptolemy.util.test.WatchDog.cancel(): canceling Fri Jun 15 15:13:06 UTC 2018
auto.tcl: Setting watchdog for 200 seconds at Fri Jun 15 15:13:06 UTC 2018
4 ms. Memory: 146944K Free: 132601K (90%)
ptolemy.util.test.WatchDog.cancel(): canceling Fri Jun 15 15:13:06 UTC 2018
------------------ testing $PTII/ptolemy/domains/de/test/auto/AssemblyLine.xml
auto.tcl: Setting watchdog for 200 seconds at Fri Jun 15 15:13:07 UTC 2018
25 ms. Memory: 208384K Free: 181938K (87%)
ptolemy.util.test.WatchDog.cancel(): canceling Fri Jun 15 15:13:07 UTC 2018
auto.tcl: Setting watchdog for 200 seconds at Fri Jun 15 15:13:07 UTC 2018
7 ms. Memory: 208384K Free: 181938K (87%)
ptolemy.util.test.WatchDog.cancel(): canceling Fri Jun 15 15:13:07 UTC 2018
------------------ testing $PTII/ptolemy/domains/de/test/auto/CQBug1.xml
auto.tcl: Setting watchdog for 200 seconds at Fri Jun 15 15:13:07 UTC 2018
10 ms. Memory: 208384K Free: 196069K (94%)
ptolemy.util.test.WatchDog.cancel(): canceling Fri Jun 15 15:13:07 UTC 2018
auto.tcl: Setting watchdog for 200 seconds at Fri Jun 15 15:13:07 UTC 2018
2 ms. Memory: 208384K Free: 196069K (94%)
ptolemy.util.test.WatchDog.cancel(): canceling Fri Jun 15 15:13:07 UTC 2018
------------------ testing $PTII/ptolemy/domains/de/test/auto/CancelFireAt.xml
auto.tcl: Setting watchdog for 200 seconds at Fri Jun 15 15:13:07 UTC 2018
4 ms. Memory: 208384K Free: 201020K (96%)
ptolemy.util.test.WatchDog.cancel(): canceling Fri Jun 15 15:13:07 UTC 2018
auto.tcl: Setting watchdog for 200 seconds at Fri Jun 15 15:13:07 UTC 2018
3 ms. Memory: 208384K Free: 198918K (95%)
ptolemy.util.test.WatchDog.cancel(): canceling Fri Jun 15 15:13:07 UTC 2018
------------------ testing $PTII/ptolemy/domains/de/test/auto/CausalityAndComposabilityAnalysis.xml
auto.tcl: Setting watchdog for 200 seconds at Fri Jun 15 15:13:07 UTC 2018
21 ms. Memory: 208384K Free: 196488K (94%)
ptolemy.util.test.WatchDog.cancel(): canceling Fri Jun 15 15:13:07 UTC 2018
auto.tcl: Setting watchdog for 200 seconds at Fri Jun 15 15:13:07 UTC 2018
9 ms. Memory: 208384K Free: 196488K (94%)
ptolemy.util.test.WatchDog.cancel(): canceling Fri Jun 15 15:13:07 UTC 2018
------------------ testing $PTII/ptolemy/domains/de/test/auto/CausalityInterface1.xml
auto.tcl: Setting watchdog for 200 seconds at Fri Jun 15 15:13:07 UTC 2018
15 ms. Memory: 208384K Free: 196426K (94%)
ptolemy.util.test.WatchDog.cancel(): canceling Fri Jun 15 15:13:07 UTC 2018
auto.tcl: Setting watchdog for 200 seconds at Fri Jun 15 15:13:07 UTC 2018
4 ms. Memory: 208384K Free: 196426K (94%)
ptolemy.util.test.WatchDog.cancel(): canceling Fri Jun 15 15:13:07 UTC 2018
------------------ testing $PTII/ptolemy/domains/de/test/auto/CausalityInterface15.xml
auto.tcl: Setting watchdog for 200 seconds at Fri Jun 15 15:13:07 UTC 2018
5 ms. Memory: 208384K Free: 196417K (94%)
ptolemy.util.test.WatchDog.cancel(): canceling Fri Jun 15 15:13:07 UTC 2018
auto.tcl: Setting watchdog for 200 seconds at Fri Jun 15 15:13:07 UTC 2018
4 ms. Memory: 208384K Free: 196417K (94%)
ptolemy.util.test.WatchDog.cancel(): canceling Fri Jun 15 15:13:07 UTC 2018
------------------ testing $PTII/ptolemy/domains/de/test/auto/CausalityInterface2.xml
auto.tcl: Setting watchdog for 200 seconds at Fri Jun 15 15:13:07 UTC 2018
6 ms. Memory: 208384K Free: 196401K (94%)
ptolemy.util.test.WatchDog.cancel(): canceling Fri Jun 15 15:13:07 UTC 2018
auto.tcl: Setting watchdog for 200 seconds at Fri Jun 15 15:13:07 UTC 2018
3 ms. Memory: 208384K Free: 196401K (94%)
ptolemy.util.test.WatchDog.cancel(): canceling Fri Jun 15 15:13:07 UTC 2018
------------------ testing $PTII/ptolemy/domains/de/test/auto/CausalityInterface3.xml
auto.tcl: Setting watchdog for 200 seconds at Fri Jun 15 15:13:07 UTC 2018
10 ms. Memory: 208384K Free: 196413K (94%)
ptolemy.util.test.WatchDog.cancel(): canceling Fri Jun 15 15:13:08 UTC 2018
auto.tcl: Setting watchdog for 200 seconds at Fri Jun 15 15:13:08 UTC 2018
10 ms. Memory: 208384K Free: 196413K (94%)
ptolemy.util.test.WatchDog.cancel(): canceling Fri Jun 15 15:13:08 UTC 2018
------------------ testing $PTII/ptolemy/domains/de/test/auto/ClockDrift.xml
auto.tcl: Setting watchdog for 200 seconds at Fri Jun 15 15:13:08 UTC 2018
59 ms. Memory: 208384K Free: 187642K (90%)
ptolemy.util.test.WatchDog.cancel(): canceling Fri Jun 15 15:13:08 UTC 2018
auto.tcl: Setting watchdog for 200 seconds at Fri Jun 15 15:13:08 UTC 2018
47 ms. Memory: 208384K Free: 185541K (89%)
ptolemy.util.test.WatchDog.cancel(): canceling Fri Jun 15 15:13:08 UTC 2018
------------------ testing $PTII/ptolemy/domains/de/test/auto/ClockDriftAndValueChange.xml
auto.tcl: Setting watchdog for 200 seconds at Fri Jun 15 15:13:08 UTC 2018
50 ms. Memory: 208384K Free: 187472K (90%)
ptolemy.util.test.WatchDog.cancel(): canceling Fri Jun 15 15:13:08 UTC 2018
auto.tcl: Setting watchdog for 200 seconds at Fri Jun 15 15:13:08 UTC 2018
36 ms. Memory: 208384K Free: 185372K (89%)
ptolemy.util.test.WatchDog.cancel(): canceling Fri Jun 15 15:13:08 UTC 2018
------------------ testing $PTII/ptolemy/domains/de/test/auto/ClockDriftChange.xml
auto.tcl: Setting watchdog for 200 seconds at Fri Jun 15 15:13:08 UTC 2018
26 ms. Memory: 208384K Free: 190801K (92%)
ptolemy.util.test.WatchDog.cancel(): canceling Fri Jun 15 15:13:08 UTC 2018
auto.tcl: Setting watchdog for 200 seconds at Fri Jun 15 15:13:08 UTC 2018
25 ms. Memory: 208384K Free: 188700K (91%)
ptolemy.util.test.WatchDog.cancel(): canceling Fri Jun 15 15:13:08 UTC 2018
------------------ testing $PTII/ptolemy/domains/de/test/auto/ComposableCausalityAnalysis.xml
auto.tcl: Setting watchdog for 200 seconds at Fri Jun 15 15:13:08 UTC 2018
2 ms. Memory: 208384K Free: 196606K (94%)
ptolemy.util.test.WatchDog.cancel(): canceling Fri Jun 15 15:13:08 UTC 2018
auto.tcl: Setting watchdog for 200 seconds at Fri Jun 15 15:13:08 UTC 2018
2 ms. Memory: 208384K Free: 194505K (93%)
ptolemy.util.test.WatchDog.cancel(): canceling Fri Jun 15 15:13:08 UTC 2018
------------------ testing $PTII/ptolemy/domains/de/test/auto/DEFixedPointLimitation.xml
auto.tcl: Setting watchdog for 200 seconds at Fri Jun 15 15:13:08 UTC 2018
1 ms. Memory: 208384K Free: 196349K (94%)
ptolemy.util.test.WatchDog.cancel(): canceling Fri Jun 15 15:13:08 UTC 2018
auto.tcl: Setting watchdog for 200 seconds at Fri Jun 15 15:13:08 UTC 2018
2 ms. Memory: 208384K Free: 196349K (94%)
ptolemy.util.test.WatchDog.cancel(): canceling Fri Jun 15 15:13:08 UTC 2018
------------------ testing $PTII/ptolemy/domains/de/test/auto/DEScheduleTest.xml
auto.tcl: Setting watchdog for 200 seconds at Fri Jun 15 15:13:08 UTC 2018
3 ms. Memory: 208384K Free: 198486K (95%)
ptolemy.util.test.WatchDog.cancel(): canceling Fri Jun 15 15:13:08 UTC 2018
auto.tcl: Setting watchdog for 200 seconds at Fri Jun 15 15:13:08 UTC 2018
6 ms. Memory: 208384K Free: 196385K (94%)
ptolemy.util.test.WatchDog.cancel(): canceling Fri Jun 15 15:13:08 UTC 2018
------------------ testing $PTII/ptolemy/domains/de/test/auto/DEinDEwithStartTimes.xml
auto.tcl: Setting watchdog for 200 seconds at Fri Jun 15 15:13:08 UTC 2018
4 ms. Memory: 208384K Free: 196692K (94%)
ptolemy.util.test.WatchDog.cancel(): canceling Fri Jun 15 15:13:08 UTC 2018
auto.tcl: Setting watchdog for 200 seconds at Fri Jun 15 15:13:08 UTC 2018
3 ms. Memory: 208384K Free: 194253K (93%)
ptolemy.util.test.WatchDog.cancel(): canceling Fri Jun 15 15:13:08 UTC 2018
------------------ testing $PTII/ptolemy/domains/de/test/auto/DEinDEwithStartTimes2.xml
auto.tcl: Setting watchdog for 200 seconds at Fri Jun 15 15:13:08 UTC 2018
4 ms. Memory: 208384K Free: 196334K (94%)
ptolemy.util.test.WatchDog.cancel(): canceling Fri Jun 15 15:13:09 UTC 2018
auto.tcl: Setting watchdog for 200 seconds at Fri Jun 15 15:13:09 UTC 2018
3 ms. Memory: 208384K Free: 194233K (93%)
ptolemy.util.test.WatchDog.cancel(): canceling Fri Jun 15 15:13:09 UTC 2018
------------------ testing $PTII/ptolemy/domains/de/test/auto/DateDemo.xml
auto.tcl: Setting watchdog for 200 seconds at Fri Jun 15 15:13:09 UTC 2018
8 ms. Memory: 208384K Free: 188768K (91%)
ptolemy.util.test.WatchDog.cancel(): canceling Fri Jun 15 15:13:09 UTC 2018
auto.tcl: Setting watchdog for 200 seconds at Fri Jun 15 15:13:09 UTC 2018
6 ms. Memory: 208384K Free: 186667K (90%)
ptolemy.util.test.WatchDog.cancel(): canceling Fri Jun 15 15:13:09 UTC 2018
------------------ testing $PTII/ptolemy/domains/de/test/auto/DateToEvent.xml
auto.tcl: Setting watchdog for 200 seconds at Fri Jun 15 15:13:09 UTC 2018
2008 ms. Memory: 208384K Free: 183479K (88%)
ptolemy.util.test.WatchDog.cancel(): canceling Fri Jun 15 15:13:11 UTC 2018
auto.tcl: Setting watchdog for 200 seconds at Fri Jun 15 15:13:11 UTC 2018
2012 ms. Memory: 208384K Free: 183479K (88%)
ptolemy.util.test.WatchDog.cancel(): canceling Fri Jun 15 15:13:13 UTC 2018
------------------ testing $PTII/ptolemy/domains/de/test/auto/DepthTest1.xml
auto.tcl: Setting watchdog for 200 seconds at Fri Jun 15 15:13:13 UTC 2018
6 ms. Memory: 208384K Free: 195557K (94%)
ptolemy.util.test.WatchDog.cancel(): canceling Fri Jun 15 15:13:13 UTC 2018
auto.tcl: Setting watchdog for 200 seconds at Fri Jun 15 15:13:13 UTC 2018
5 ms. Memory: 208384K Free: 195557K (94%)
ptolemy.util.test.WatchDog.cancel(): canceling Fri Jun 15 15:13:13 UTC 2018
------------------ testing $PTII/ptolemy/domains/de/test/auto/DepthTest2.xml
auto.tcl: Setting watchdog for 200 seconds at Fri Jun 15 15:13:13 UTC 2018
4 ms. Memory: 208384K Free: 194214K (93%)
ptolemy.util.test.WatchDog.cancel(): canceling Fri Jun 15 15:13:13 UTC 2018
auto.tcl: Setting watchdog for 200 seconds at Fri Jun 15 15:13:13 UTC 2018
5 ms. Memory: 208384K Free: 194214K (93%)
ptolemy.util.test.WatchDog.cancel(): canceling Fri Jun 15 15:13:13 UTC 2018
------------------ testing $PTII/ptolemy/domains/de/test/auto/DepthTest3.xml
auto.tcl: Setting watchdog for 200 seconds at Fri Jun 15 15:13:13 UTC 2018
2 ms. Memory: 208384K Free: 198349K (95%)
ptolemy.util.test.WatchDog.cancel(): canceling Fri Jun 15 15:13:13 UTC 2018
auto.tcl: Setting watchdog for 200 seconds at Fri Jun 15 15:13:13 UTC 2018
2 ms. Memory: 208384K Free: 198349K (95%)
ptolemy.util.test.WatchDog.cancel(): canceling Fri Jun 15 15:13:13 UTC 2018
------------------ testing $PTII/ptolemy/domains/de/test/auto/DepthTest4.xml
auto.tcl: Setting watchdog for 200 seconds at Fri Jun 15 15:13:13 UTC 2018
3 ms. Memory: 208384K Free: 196336K (94%)
ptolemy.util.test.WatchDog.cancel(): canceling Fri Jun 15 15:13:13 UTC 2018
auto.tcl: Setting watchdog for 200 seconds at Fri Jun 15 15:13:13 UTC 2018
2 ms. Memory: 208384K Free: 196336K (94%)
ptolemy.util.test.WatchDog.cancel(): canceling Fri Jun 15 15:13:13 UTC 2018
------------------ testing $PTII/ptolemy/domains/de/test/auto/DepthTest5.xml
auto.tcl: Setting watchdog for 200 seconds at Fri Jun 15 15:13:13 UTC 2018
3 ms. Memory: 208384K Free: 196283K (94%)
ptolemy.util.test.WatchDog.cancel(): canceling Fri Jun 15 15:13:13 UTC 2018
auto.tcl: Setting watchdog for 200 seconds at Fri Jun 15 15:13:13 UTC 2018
2 ms. Memory: 208384K Free: 196283K (94%)
ptolemy.util.test.WatchDog.cancel(): canceling Fri Jun 15 15:13:13 UTC 2018
------------------ testing $PTII/ptolemy/domains/de/test/auto/DepthTest6.xml
auto.tcl: Setting watchdog for 200 seconds at Fri Jun 15 15:13:13 UTC 2018
8 ms. Memory: 208384K Free: 196589K (94%)
ptolemy.util.test.WatchDog.cancel(): canceling Fri Jun 15 15:13:13 UTC 2018
auto.tcl: Setting watchdog for 200 seconds at Fri Jun 15 15:13:13 UTC 2018
2 ms. Memory: 208384K Free: 196589K (94%)
ptolemy.util.test.WatchDog.cancel(): canceling Fri Jun 15 15:13:13 UTC 2018
------------------ testing $PTII/ptolemy/domains/de/test/auto/DepthTest7.xml
auto.tcl: Setting watchdog for 200 seconds at Fri Jun 15 15:13:13 UTC 2018
2 ms. Memory: 208384K Free: 196240K (94%)
ptolemy.util.test.WatchDog.cancel(): canceling Fri Jun 15 15:13:13 UTC 2018
auto.tcl: Setting watchdog for 200 seconds at Fri Jun 15 15:13:13 UTC 2018
2 ms. Memory: 208384K Free: 196240K (94%)
ptolemy.util.test.WatchDog.cancel(): canceling Fri Jun 15 15:13:13 UTC 2018
------------------ testing $PTII/ptolemy/domains/de/test/auto/EventToDate.xml
auto.tcl: Setting watchdog for 200 seconds at Fri Jun 15 15:13:13 UTC 2018
3009 ms. Memory: 208384K Free: 185757K (89%)
ptolemy.util.test.WatchDog.cancel(): canceling Fri Jun 15 15:13:16 UTC 2018
auto.tcl: Setting watchdog for 200 seconds at Fri Jun 15 15:13:16 UTC 2018
3004 ms. Memory: 208384K Free: 185757K (89%)
ptolemy.util.test.WatchDog.cancel(): canceling Fri Jun 15 15:13:19 UTC 2018
------------------ testing $PTII/ptolemy/domains/de/test/auto/FSM1.xml
auto.tcl: Setting watchdog for 200 seconds at Fri Jun 15 15:13:19 UTC 2018
17 ms. Memory: 208384K Free: 189291K (91%)
ptolemy.util.test.WatchDog.cancel(): canceling Fri Jun 15 15:13:19 UTC 2018
auto.tcl: Setting watchdog for 200 seconds at Fri Jun 15 15:13:19 UTC 2018
18 ms. Memory: 208384K Free: 185089K (89%)
ptolemy.util.test.WatchDog.cancel(): canceling Fri Jun 15 15:13:20 UTC 2018
------------------ testing $PTII/ptolemy/domains/de/test/auto/FSM7.xml
auto.tcl: Setting watchdog for 200 seconds at Fri Jun 15 15:13:20 UTC 2018
26 ms. Memory: 208384K Free: 187392K (90%)
ptolemy.util.test.WatchDog.cancel(): canceling Fri Jun 15 15:13:20 UTC 2018
auto.tcl: Setting watchdog for 200 seconds at Fri Jun 15 15:13:20 UTC 2018
17 ms. Memory: 208384K Free: 185291K (89%)
ptolemy.util.test.WatchDog.cancel(): canceling Fri Jun 15 15:13:20 UTC 2018
------------------ testing $PTII/ptolemy/domains/de/test/auto/Inspection.xml
auto.tcl: Setting watchdog for 200 seconds at Fri Jun 15 15:13:20 UTC 2018
35 ms. Memory: 208384K Free: 188943K (91%)
ptolemy.util.test.WatchDog.cancel(): canceling Fri Jun 15 15:13:20 UTC 2018
auto.tcl: Setting watchdog for 200 seconds at Fri Jun 15 15:13:20 UTC 2018
18 ms. Memory: 208384K Free: 186842K (90%)
ptolemy.util.test.WatchDog.cancel(): canceling Fri Jun 15 15:13:20 UTC 2018
------------------ testing $PTII/ptolemy/domains/de/test/auto/Iteration.xml
auto.tcl: Setting watchdog for 200 seconds at Fri Jun 15 15:13:20 UTC 2018
7 ms. Memory: 208384K Free: 196046K (94%)
ptolemy.util.test.WatchDog.cancel(): canceling Fri Jun 15 15:13:20 UTC 2018
auto.tcl: Setting watchdog for 200 seconds at Fri Jun 15 15:13:20 UTC 2018
7 ms. Memory: 208384K Free: 193945K (93%)
ptolemy.util.test.WatchDog.cancel(): canceling Fri Jun 15 15:13:20 UTC 2018
------------------ testing $PTII/ptolemy/domains/de/test/auto/LineFault.xml
auto.tcl: Setting watchdog for 200 seconds at Fri Jun 15 15:13:20 UTC 2018
686 ms. Memory: 208384K Free: 196145K (94%)
ptolemy.util.test.WatchDog.cancel(): canceling Fri Jun 15 15:13:21 UTC 2018
auto.tcl: Setting watchdog for 200 seconds at Fri Jun 15 15:13:21 UTC 2018
494 ms. Memory: 208384K Free: 138789K (67%)
ptolemy.util.test.WatchDog.cancel(): canceling Fri Jun 15 15:13:21 UTC 2018
------------------ testing $PTII/ptolemy/domains/de/test/auto/MergeModel1Add.xml
auto.tcl: Setting watchdog for 200 seconds at Fri Jun 15 15:13:21 UTC 2018
25 ms. Memory: 331264K Free: 298863K (90%)
ptolemy.util.test.WatchDog.cancel(): canceling Fri Jun 15 15:13:22 UTC 2018
auto.tcl: Setting watchdog for 200 seconds at Fri Jun 15 15:13:22 UTC 2018
11 ms. Memory: 331264K Free: 298863K (90%)
ptolemy.util.test.WatchDog.cancel(): canceling Fri Jun 15 15:13:22 UTC 2018
------------------ testing $PTII/ptolemy/domains/de/test/auto/MergeModel2Add.xml
auto.tcl: Setting watchdog for 200 seconds at Fri Jun 15 15:13:22 UTC 2018
7 ms. Memory: 331264K Free: 304149K (92%)
ptolemy.util.test.WatchDog.cancel(): canceling Fri Jun 15 15:13:22 UTC 2018
auto.tcl: Setting watchdog for 200 seconds at Fri Jun 15 15:13:22 UTC 2018
7 ms. Memory: 331264K Free: 300202K (91%)
ptolemy.util.test.WatchDog.cancel(): canceling Fri Jun 15 15:13:22 UTC 2018
------------------ testing $PTII/ptolemy/domains/de/test/auto/MergeModel3Add.xml
auto.tcl: Setting watchdog for 200 seconds at Fri Jun 15 15:13:22 UTC 2018
11 ms. Memory: 331264K Free: 304159K (92%)
ptolemy.util.test.WatchDog.cancel(): canceling Fri Jun 15 15:13:22 UTC 2018
auto.tcl: Setting watchdog for 200 seconds at Fri Jun 15 15:13:22 UTC 2018
7 ms. Memory: 331264K Free: 300212K (91%)
ptolemy.util.test.WatchDog.cancel(): canceling Fri Jun 15 15:13:22 UTC 2018
------------------ testing $PTII/ptolemy/domains/de/test/auto/MergeWithoutDiscard.xml
auto.tcl: Setting watchdog for 200 seconds at Fri Jun 15 15:13:22 UTC 2018
1 ms. Memory: 331264K Free: 320230K (97%)
ptolemy.util.test.WatchDog.cancel(): canceling Fri Jun 15 15:13:22 UTC 2018
auto.tcl: Setting watchdog for 200 seconds at Fri Jun 15 15:13:22 UTC 2018
2 ms. Memory: 331264K Free: 316283K (95%)
ptolemy.util.test.WatchDog.cancel(): canceling Fri Jun 15 15:13:22 UTC 2018
------------------ testing $PTII/ptolemy/domains/de/test/auto/Modal1.xml
auto.tcl: Setting watchdog for 200 seconds at Fri Jun 15 15:13:22 UTC 2018
12 ms. Memory: 331264K Free: 309890K (94%)
ptolemy.util.test.WatchDog.cancel(): canceling Fri Jun 15 15:13:22 UTC 2018
auto.tcl: Setting watchdog for 200 seconds at Fri Jun 15 15:13:22 UTC 2018
10 ms. Memory: 331264K Free: 305943K (92%)
ptolemy.util.test.WatchDog.cancel(): canceling Fri Jun 15 15:13:22 UTC 2018
------------------ testing $PTII/ptolemy/domains/de/test/auto/Modal2.xml
auto.tcl: Setting watchdog for 200 seconds at Fri Jun 15 15:13:22 UTC 2018
12 ms. Memory: 331264K Free: 309773K (94%)
ptolemy.util.test.WatchDog.cancel(): canceling Fri Jun 15 15:13:22 UTC 2018
auto.tcl: Setting watchdog for 200 seconds at Fri Jun 15 15:13:22 UTC 2018
10 ms. Memory: 331264K Free: 305826K (92%)
ptolemy.util.test.WatchDog.cancel(): canceling Fri Jun 15 15:13:22 UTC 2018
------------------ testing $PTII/ptolemy/domains/de/test/auto/Modal3.xml
auto.tcl: Setting watchdog for 200 seconds at Fri Jun 15 15:13:22 UTC 2018
16 ms. Memory: 331264K Free: 309764K (94%)
ptolemy.util.test.WatchDog.cancel(): canceling Fri Jun 15 15:13:22 UTC 2018
auto.tcl: Setting watchdog for 200 seconds at Fri Jun 15 15:13:22 UTC 2018
13 ms. Memory: 331264K Free: 305817K (92%)
ptolemy.util.test.WatchDog.cancel(): canceling Fri Jun 15 15:13:22 UTC 2018
------------------ testing $PTII/ptolemy/domains/de/test/auto/Modal4.xml
auto.tcl: Setting watchdog for 200 seconds at Fri Jun 15 15:13:22 UTC 2018
23 ms. Memory: 331264K Free: 309777K (94%)
ptolemy.util.test.WatchDog.cancel(): canceling Fri Jun 15 15:13:22 UTC 2018
auto.tcl: Setting watchdog for 200 seconds at Fri Jun 15 15:13:22 UTC 2018
24 ms. Memory: 331264K Free: 305830K (92%)
ptolemy.util.test.WatchDog.cancel(): canceling Fri Jun 15 15:13:22 UTC 2018
------------------ testing $PTII/ptolemy/domains/de/test/auto/Modal5.xml
auto.tcl: Setting watchdog for 200 seconds at Fri Jun 15 15:13:22 UTC 2018
18 ms. Memory: 331264K Free: 309763K (94%)
ptolemy.util.test.WatchDog.cancel(): canceling Fri Jun 15 15:13:22 UTC 2018
auto.tcl: Setting watchdog for 200 seconds at Fri Jun 15 15:13:22 UTC 2018
12 ms. Memory: 331264K Free: 305816K (92%)
ptolemy.util.test.WatchDog.cancel(): canceling Fri Jun 15 15:13:22 UTC 2018
------------------ testing $PTII/ptolemy/domains/de/test/auto/Modal6.xml
auto.tcl: Setting watchdog for 200 seconds at Fri Jun 15 15:13:22 UTC 2018
16 ms. Memory: 331264K Free: 304846K (92%)
ptolemy.util.test.WatchDog.cancel(): canceling Fri Jun 15 15:13:23 UTC 2018
auto.tcl: Setting watchdog for 200 seconds at Fri Jun 15 15:13:23 UTC 2018
17 ms. Memory: 331264K Free: 300898K (91%)
ptolemy.util.test.WatchDog.cancel(): canceling Fri Jun 15 15:13:23 UTC 2018
------------------ testing $PTII/ptolemy/domains/de/test/auto/Modal7.xml
auto.tcl: Setting watchdog for 200 seconds at Fri Jun 15 15:13:23 UTC 2018
9 ms. Memory: 331264K Free: 309761K (94%)
ptolemy.util.test.WatchDog.cancel(): canceling Fri Jun 15 15:13:23 UTC 2018
auto.tcl: Setting watchdog for 200 seconds at Fri Jun 15 15:13:23 UTC 2018
10 ms. Memory: 331264K Free: 305814K (92%)
ptolemy.util.test.WatchDog.cancel(): canceling Fri Jun 15 15:13:23 UTC 2018
------------------ testing $PTII/ptolemy/domains/de/test/auto/ModalModel.xml
auto.tcl: Setting watchdog for 200 seconds at Fri Jun 15 15:13:23 UTC 2018
165 ms. Memory: 331264K Free: 246118K (74%)
ptolemy.util.test.WatchDog.cancel(): canceling Fri Jun 15 15:13:23 UTC 2018
auto.tcl: Setting watchdog for 200 seconds at Fri Jun 15 15:13:23 UTC 2018
152 ms. Memory: 331264K Free: 190698K (58%)
ptolemy.util.test.WatchDog.cancel(): canceling Fri Jun 15 15:13:23 UTC 2018
------------------ testing $PTII/ptolemy/domains/de/test/auto/ModalSource.xml
auto.tcl: Setting watchdog for 200 seconds at Fri Jun 15 15:13:23 UTC 2018
12 ms. Memory: 331264K Free: 316531K (96%)
ptolemy.util.test.WatchDog.cancel(): canceling Fri Jun 15 15:13:23 UTC 2018
auto.tcl: Setting watchdog for 200 seconds at Fri Jun 15 15:13:23 UTC 2018
6 ms. Memory: 331264K Free: 313001K (94%)
ptolemy.util.test.WatchDog.cancel(): canceling Fri Jun 15 15:13:23 UTC 2018
------------------ testing $PTII/ptolemy/domains/de/test/auto/NonInterruptibleTimerZeroDelay.xml
auto.tcl: Setting watchdog for 200 seconds at Fri Jun 15 15:13:23 UTC 2018
7 ms. Memory: 331264K Free: 320900K (97%)
ptolemy.util.test.WatchDog.cancel(): canceling Fri Jun 15 15:13:23 UTC 2018
auto.tcl: Setting watchdog for 200 seconds at Fri Jun 15 15:13:23 UTC 2018
2 ms. Memory: 331264K Free: 317370K (96%)
ptolemy.util.test.WatchDog.cancel(): canceling Fri Jun 15 15:13:23 UTC 2018
------------------ testing $PTII/ptolemy/domains/de/test/auto/OpenQueueingNetwork.xml
auto.tcl: Setting watchdog for 200 seconds at Fri Jun 15 15:13:23 UTC 2018
2374 ms. Memory: 573952K Free: 421959K (74%)
ptolemy.util.test.WatchDog.cancel(): canceling Fri Jun 15 15:13:26 UTC 2018
auto.tcl: Setting watchdog for 200 seconds at Fri Jun 15 15:13:26 UTC 2018
2205 ms. Memory: 574464K Free: 350218K (61%)
ptolemy.util.test.WatchDog.cancel(): canceling Fri Jun 15 15:13:28 UTC 2018
------------------ testing $PTII/ptolemy/domains/de/test/auto/OpenQueuingNetwork.xml
auto.tcl: Setting watchdog for 200 seconds at Fri Jun 15 15:13:28 UTC 2018
231 ms. Memory: 1064960K Free: 945977K (89%)
ptolemy.util.test.WatchDog.cancel(): canceling Fri Jun 15 15:13:28 UTC 2018
auto.tcl: Setting watchdog for 200 seconds at Fri Jun 15 15:13:28 UTC 2018
223 ms. Memory: 1064960K Free: 888640K (83%)
ptolemy.util.test.WatchDog.cancel(): canceling Fri Jun 15 15:13:29 UTC 2018
------------------ testing $PTII/ptolemy/domains/de/test/auto/PeriodicSampler.xml
auto.tcl: Setting watchdog for 200 seconds at Fri Jun 15 15:13:29 UTC 2018
3 ms. Memory: 1065472K Free: 1029368K (97%)
ptolemy.util.test.WatchDog.cancel(): canceling Fri Jun 15 15:13:29 UTC 2018
auto.tcl: Setting watchdog for 200 seconds at Fri Jun 15 15:13:29 UTC 2018
2 ms. Memory: 1065472K Free: 1029368K (97%)
ptolemy.util.test.WatchDog.cancel(): canceling Fri Jun 15 15:13:29 UTC 2018
------------------ testing $PTII/ptolemy/domains/de/test/auto/PersistentIO.xml
auto.tcl: Setting watchdog for 200 seconds at Fri Jun 15 15:13:29 UTC 2018
11 ms. Memory: 1065472K Free: 1029951K (97%)
ptolemy.util.test.WatchDog.cancel(): canceling Fri Jun 15 15:13:29 UTC 2018
auto.tcl: Setting watchdog for 200 seconds at Fri Jun 15 15:13:29 UTC 2018
4 ms. Memory: 1065472K Free: 1029951K (97%)
ptolemy.util.test.WatchDog.cancel(): canceling Fri Jun 15 15:13:29 UTC 2018
------------------ testing $PTII/ptolemy/domains/de/test/auto/PortParameterResetOnInitialize.xml
auto.tcl: Setting watchdog for 200 seconds at Fri Jun 15 15:13:29 UTC 2018
2 ms. Memory: 1065472K Free: 1029331K (97%)
ptolemy.util.test.WatchDog.cancel(): canceling Fri Jun 15 15:13:29 UTC 2018
auto.tcl: Setting watchdog for 200 seconds at Fri Jun 15 15:13:29 UTC 2018
2 ms. Memory: 1065472K Free: 1029331K (97%)
ptolemy.util.test.WatchDog.cancel(): canceling Fri Jun 15 15:13:29 UTC 2018
------------------ testing $PTII/ptolemy/domains/de/test/auto/PortParameterUpdates.xml
auto.tcl: Setting watchdog for 200 seconds at Fri Jun 15 15:13:29 UTC 2018
6 ms. Memory: 1065472K Free: 1029464K (97%)
ptolemy.util.test.WatchDog.cancel(): canceling Fri Jun 15 15:13:29 UTC 2018
auto.tcl: Setting watchdog for 200 seconds at Fri Jun 15 15:13:29 UTC 2018
3 ms. Memory: 1065472K Free: 1029464K (97%)
ptolemy.util.test.WatchDog.cancel(): canceling Fri Jun 15 15:13:29 UTC 2018
------------------ testing $PTII/ptolemy/domains/de/test/auto/QueueAndServer.xml
auto.tcl: Setting watchdog for 200 seconds at Fri Jun 15 15:13:29 UTC 2018
10 ms. Memory: 1065472K Free: 1039247K (98%)
ptolemy.util.test.WatchDog.cancel(): canceling Fri Jun 15 15:13:29 UTC 2018
auto.tcl: Setting watchdog for 200 seconds at Fri Jun 15 15:13:29 UTC 2018
6 ms. Memory: 1065472K Free: 1039247K (98%)
ptolemy.util.test.WatchDog.cancel(): canceling Fri Jun 15 15:13:29 UTC 2018
------------------ testing $PTII/ptolemy/domains/de/test/auto/Records.xml
auto.tcl: Setting watchdog for 200 seconds at Fri Jun 15 15:13:29 UTC 2018
7 ms. Memory: 1065472K Free: 1039190K (98%)
ptolemy.util.test.WatchDog.cancel(): canceling Fri Jun 15 15:13:29 UTC 2018
auto.tcl: Setting watchdog for 200 seconds at Fri Jun 15 15:13:29 UTC 2018
2 ms. Memory: 1065472K Free: 1039190K (98%)
ptolemy.util.test.WatchDog.cancel(): canceling Fri Jun 15 15:13:29 UTC 2018
------------------ testing $PTII/ptolemy/domains/de/test/auto/ResetTransitionWithStartTime1.xml
auto.tcl: Setting watchdog for 200 seconds at Fri Jun 15 15:13:29 UTC 2018
9 ms. Memory: 1065472K Free: 1039697K (98%)
ptolemy.util.test.WatchDog.cancel(): canceling Fri Jun 15 15:13:29 UTC 2018
auto.tcl: Setting watchdog for 200 seconds at Fri Jun 15 15:13:29 UTC 2018
5 ms. Memory: 1065472K Free: 1039215K (98%)
ptolemy.util.test.WatchDog.cancel(): canceling Fri Jun 15 15:13:29 UTC 2018
------------------ testing $PTII/ptolemy/domains/de/test/auto/ResetTransitionWithStartTime2.xml
auto.tcl: Setting watchdog for 200 seconds at Fri Jun 15 15:13:29 UTC 2018
6 ms. Memory: 1064448K Free: 1038183K (98%)
ptolemy.util.test.WatchDog.cancel(): canceling Fri Jun 15 15:13:29 UTC 2018
auto.tcl: Setting watchdog for 200 seconds at Fri Jun 15 15:13:29 UTC 2018
8 ms. Memory: 1064448K Free: 1038183K (98%)
ptolemy.util.test.WatchDog.cancel(): canceling Fri Jun 15 15:13:29 UTC 2018
------------------ testing $PTII/ptolemy/domains/de/test/auto/ResetTransitionWithStartTime3.xml
auto.tcl: Setting watchdog for 200 seconds at Fri Jun 15 15:13:29 UTC 2018
10 ms. Memory: 1064960K Free: 1038693K (98%)
ptolemy.util.test.WatchDog.cancel(): canceling Fri Jun 15 15:13:29 UTC 2018
auto.tcl: Setting watchdog for 200 seconds at Fri Jun 15 15:13:29 UTC 2018
5 ms. Memory: 1064960K Free: 1038693K (98%)
ptolemy.util.test.WatchDog.cancel(): canceling Fri Jun 15 15:13:29 UTC 2018
------------------ testing $PTII/ptolemy/domains/de/test/auto/ResetTransitionWithStartTime4.xml
auto.tcl: Setting watchdog for 200 seconds at Fri Jun 15 15:13:29 UTC 2018
4 ms. Memory: 1064960K Free: 1039173K (98%)
ptolemy.util.test.WatchDog.cancel(): canceling Fri Jun 15 15:13:29 UTC 2018
auto.tcl: Setting watchdog for 200 seconds at Fri Jun 15 15:13:29 UTC 2018
4 ms. Memory: 1064960K Free: 1039173K (98%)
ptolemy.util.test.WatchDog.cancel(): canceling Fri Jun 15 15:13:29 UTC 2018
------------------ testing $PTII/ptolemy/domains/de/test/auto/ResettableTimer1.xml
auto.tcl: Setting watchdog for 200 seconds at Fri Jun 15 15:13:29 UTC 2018
2 ms. Memory: 1064960K Free: 1038687K (98%)
ptolemy.util.test.WatchDog.cancel(): canceling Fri Jun 15 15:13:29 UTC 2018
auto.tcl: Setting watchdog for 200 seconds at Fri Jun 15 15:13:29 UTC 2018
2 ms. Memory: 1064960K Free: 1038687K (98%)
ptolemy.util.test.WatchDog.cancel(): canceling Fri Jun 15 15:13:29 UTC 2018
------------------ testing $PTII/ptolemy/domains/de/test/auto/ResettableTimer2.xml
auto.tcl: Setting watchdog for 200 seconds at Fri Jun 15 15:13:29 UTC 2018
3 ms. Memory: 1064960K Free: 1039227K (98%)
ptolemy.util.test.WatchDog.cancel(): canceling Fri Jun 15 15:13:29 UTC 2018
auto.tcl: Setting watchdog for 200 seconds at Fri Jun 15 15:13:29 UTC 2018
2 ms. Memory: 1064960K Free: 1039227K (98%)
ptolemy.util.test.WatchDog.cancel(): canceling Fri Jun 15 15:13:29 UTC 2018
------------------ testing $PTII/ptolemy/domains/de/test/auto/ResettableTimer3.xml
auto.tcl: Setting watchdog for 200 seconds at Fri Jun 15 15:13:29 UTC 2018
2 ms. Memory: 1064960K Free: 1028924K (97%)
ptolemy.util.test.WatchDog.cancel(): canceling Fri Jun 15 15:13:29 UTC 2018
auto.tcl: Setting watchdog for 200 seconds at Fri Jun 15 15:13:29 UTC 2018
1 ms. Memory: 1064960K Free: 1028924K (97%)
ptolemy.util.test.WatchDog.cancel(): canceling Fri Jun 15 15:13:29 UTC 2018
------------------ testing $PTII/ptolemy/domains/de/test/auto/ResettableTimer4.xml
auto.tcl: Setting watchdog for 200 seconds at Fri Jun 15 15:13:30 UTC 2018
1 ms. Memory: 1063936K Free: 1038215K (98%)
ptolemy.util.test.WatchDog.cancel(): canceling Fri Jun 15 15:13:30 UTC 2018
auto.tcl: Setting watchdog for 200 seconds at Fri Jun 15 15:13:30 UTC 2018
1 ms. Memory: 1063936K Free: 1038215K (98%)
ptolemy.util.test.WatchDog.cancel(): canceling Fri Jun 15 15:13:30 UTC 2018
------------------ testing $PTII/ptolemy/domains/de/test/auto/ResettableTimer5.xml
auto.tcl: Setting watchdog for 200 seconds at Fri Jun 15 15:13:30 UTC 2018
1 ms. Memory: 1064448K Free: 1028905K (97%)
ptolemy.util.test.WatchDog.cancel(): canceling Fri Jun 15 15:13:30 UTC 2018
auto.tcl: Setting watchdog for 200 seconds at Fri Jun 15 15:13:30 UTC 2018
1 ms. Memory: 1064448K Free: 1028905K (97%)
ptolemy.util.test.WatchDog.cancel(): canceling Fri Jun 15 15:13:30 UTC 2018
------------------ testing $PTII/ptolemy/domains/de/test/auto/ResettableTimer6.xml
auto.tcl: Setting watchdog for 200 seconds at Fri Jun 15 15:13:30 UTC 2018
1 ms. Memory: 1064448K Free: 1028373K (97%)
ptolemy.util.test.WatchDog.cancel(): canceling Fri Jun 15 15:13:30 UTC 2018
auto.tcl: Setting watchdog for 200 seconds at Fri Jun 15 15:13:30 UTC 2018
2 ms. Memory: 1064448K Free: 1028373K (97%)
ptolemy.util.test.WatchDog.cancel(): canceling Fri Jun 15 15:13:30 UTC 2018
------------------ testing $PTII/ptolemy/domains/de/test/auto/ServerZeroDelay.xml
auto.tcl: Setting watchdog for 200 seconds at Fri Jun 15 15:13:30 UTC 2018
4 ms. Memory: 1064448K Free: 1038183K (98%)
ptolemy.util.test.WatchDog.cancel(): canceling Fri Jun 15 15:13:30 UTC 2018
auto.tcl: Setting watchdog for 200 seconds at Fri Jun 15 15:13:30 UTC 2018
3 ms. Memory: 1064448K Free: 1038183K (98%)
ptolemy.util.test.WatchDog.cancel(): canceling Fri Jun 15 15:13:30 UTC 2018
------------------ testing $PTII/ptolemy/domains/de/test/auto/SmartSender.xml
auto.tcl: Setting watchdog for 200 seconds at Fri Jun 15 15:13:30 UTC 2018
3005 ms. Memory: 1064448K Free: 1038661K (98%)
ptolemy.util.test.WatchDog.cancel(): canceling Fri Jun 15 15:13:33 UTC 2018
auto.tcl: Setting watchdog for 200 seconds at Fri Jun 15 15:13:33 UTC 2018
3002 ms. Memory: 1064448K Free: 1038661K (98%)
ptolemy.util.test.WatchDog.cancel(): canceling Fri Jun 15 15:13:36 UTC 2018
------------------ testing $PTII/ptolemy/domains/de/test/auto/ThreadedComposite.xml
auto.tcl: Setting watchdog for 200 seconds at Fri Jun 15 15:13:36 UTC 2018
244 ms. Memory: 1064448K Free: 997243K (94%)
ptolemy.util.test.WatchDog.cancel(): canceling Fri Jun 15 15:13:36 UTC 2018
auto.tcl: Setting watchdog for 200 seconds at Fri Jun 15 15:13:36 UTC 2018
137 ms. Memory: 1064448K Free: 977602K (92%)
ptolemy.util.test.WatchDog.cancel(): canceling Fri Jun 15 15:13:36 UTC 2018
------------------ testing $PTII/ptolemy/domains/de/test/auto/Time.xml
auto.tcl: Setting watchdog for 200 seconds at Fri Jun 15 15:13:36 UTC 2018
496 ms. Memory: 1064448K Free: 988803K (93%)
ptolemy.util.test.WatchDog.cancel(): canceling Fri Jun 15 15:13:37 UTC 2018
auto.tcl: Setting watchdog for 200 seconds at Fri Jun 15 15:13:37 UTC 2018
465 ms. Memory: 1064448K Free: 931437K (88%)
ptolemy.util.test.WatchDog.cancel(): canceling Fri Jun 15 15:13:37 UTC 2018
------------------ testing $PTII/ptolemy/domains/de/test/auto/TimeDelayZeroDelay.xml
auto.tcl: Setting watchdog for 200 seconds at Fri Jun 15 15:13:37 UTC 2018
2 ms. Memory: 1064448K Free: 1038099K (98%)
ptolemy.util.test.WatchDog.cancel(): canceling Fri Jun 15 15:13:37 UTC 2018
auto.tcl: Setting watchdog for 200 seconds at Fri Jun 15 15:13:37 UTC 2018
2 ms. Memory: 1064448K Free: 1038099K (98%)
ptolemy.util.test.WatchDog.cancel(): canceling Fri Jun 15 15:13:37 UTC 2018
------------------ testing $PTII/ptolemy/domains/de/test/auto/TimerZeroDelay.xml
auto.tcl: Setting watchdog for 200 seconds at Fri Jun 15 15:13:37 UTC 2018
2 ms. Memory: 1063424K Free: 1037602K (98%)
ptolemy.util.test.WatchDog.cancel(): canceling Fri Jun 15 15:13:37 UTC 2018
auto.tcl: Setting watchdog for 200 seconds at Fri Jun 15 15:13:37 UTC 2018
2 ms. Memory: 1063424K Free: 1037602K (98%)
ptolemy.util.test.WatchDog.cancel(): canceling Fri Jun 15 15:13:37 UTC 2018
------------------ testing $PTII/ptolemy/domains/de/test/auto/TimingParadox.xml
auto.tcl: Setting watchdog for 200 seconds at Fri Jun 15 15:13:37 UTC 2018
305 ms. Memory: 1063936K Free: 973719K (92%)
ptolemy.util.test.WatchDog.cancel(): canceling Fri Jun 15 15:13:38 UTC 2018
auto.tcl: Setting watchdog for 200 seconds at Fri Jun 15 15:13:38 UTC 2018
290 ms. Memory: 1063936K Free: 939299K (88%)
ptolemy.util.test.WatchDog.cancel(): canceling Fri Jun 15 15:13:38 UTC 2018
------------------ testing $PTII/ptolemy/domains/de/test/auto/TransferInputs.xml
auto.tcl: Setting watchdog for 200 seconds at Fri Jun 15 15:13:38 UTC 2018
2 ms. Memory: 1063424K Free: 1036517K (97%)
ptolemy.util.test.WatchDog.cancel(): canceling Fri Jun 15 15:13:38 UTC 2018
auto.tcl: Setting watchdog for 200 seconds at Fri Jun 15 15:13:38 UTC 2018
1 ms. Memory: 1063424K Free: 1036517K (97%)
ptolemy.util.test.WatchDog.cancel(): canceling Fri Jun 15 15:13:38 UTC 2018
------------------ testing $PTII/ptolemy/domains/de/test/auto/TransferOutputs2.xml
auto.tcl: Setting watchdog for 200 seconds at Fri Jun 15 15:13:38 UTC 2018
3 ms. Memory: 1063936K Free: 1038131K (98%)
ptolemy.util.test.WatchDog.cancel(): canceling Fri Jun 15 15:13:38 UTC 2018
auto.tcl: Setting watchdog for 200 seconds at Fri Jun 15 15:13:38 UTC 2018
3 ms. Memory: 1063936K Free: 1038131K (98%)
ptolemy.util.test.WatchDog.cancel(): canceling Fri Jun 15 15:13:38 UTC 2018
------------------ testing $PTII/ptolemy/domains/de/test/auto/Trilateration.xml
auto.tcl: Setting watchdog for 200 seconds at Fri Jun 15 15:13:38 UTC 2018
13089 ms. Memory: 933376K Free: 791895K (85%)
ptolemy.util.test.WatchDog.cancel(): canceling Fri Jun 15 15:13:52 UTC 2018
auto.tcl: Setting watchdog for 200 seconds at Fri Jun 15 15:13:52 UTC 2018
12341 ms. Memory: 812544K Free: 523137K (64%)
ptolemy.util.test.WatchDog.cancel(): canceling Fri Jun 15 15:14:05 UTC 2018
------------------ testing $PTII/ptolemy/domains/de/test/auto/TwoSigmaDelta.xml
auto.tcl: Setting watchdog for 200 seconds at Fri Jun 15 15:14:05 UTC 2018
2955 ms. Memory: 816640K Free: 497414K (61%)
ptolemy.util.test.WatchDog.cancel(): canceling Fri Jun 15 15:14:08 UTC 2018
auto.tcl: Setting watchdog for 200 seconds at Fri Jun 15 15:14:08 UTC 2018
2076 ms. Memory: 816640K Free: 262409K (32%)
ptolemy.util.test.WatchDog.cancel(): canceling Fri Jun 15 15:14:10 UTC 2018
------------------ testing $PTII/ptolemy/domains/de/test/auto/VariableDelay.xml
auto.tcl: Setting watchdog for 200 seconds at Fri Jun 15 15:14:10 UTC 2018
2 ms. Memory: 813056K Free: 790243K (97%)
ptolemy.util.test.WatchDog.cancel(): canceling Fri Jun 15 15:14:10 UTC 2018
auto.tcl: Setting watchdog for 200 seconds at Fri Jun 15 15:14:10 UTC 2018
1 ms. Memory: 813056K Free: 790243K (97%)
ptolemy.util.test.WatchDog.cancel(): canceling Fri Jun 15 15:14:10 UTC 2018
------------------ testing $PTII/ptolemy/domains/de/test/auto/VariableDelay2.xml
auto.tcl: Setting watchdog for 200 seconds at Fri Jun 15 15:14:10 UTC 2018
7 ms. Memory: 812544K Free: 790186K (97%)
ptolemy.util.test.WatchDog.cancel(): canceling Fri Jun 15 15:14:10 UTC 2018
auto.tcl: Setting watchdog for 200 seconds at Fri Jun 15 15:14:10 UTC 2018
1 ms. Memory: 812544K Free: 790186K (97%)
ptolemy.util.test.WatchDog.cancel(): canceling Fri Jun 15 15:14:10 UTC 2018
------------------ testing $PTII/ptolemy/domains/de/test/auto/VariableDelayZeroDelay.xml
auto.tcl: Setting watchdog for 200 seconds at Fri Jun 15 15:14:10 UTC 2018
3 ms. Memory: 812544K Free: 790185K (97%)
ptolemy.util.test.WatchDog.cancel(): canceling Fri Jun 15 15:14:10 UTC 2018
auto.tcl: Setting watchdog for 200 seconds at Fri Jun 15 15:14:10 UTC 2018
1 ms. Memory: 812544K Free: 790185K (97%)
ptolemy.util.test.WatchDog.cancel(): canceling Fri Jun 15 15:14:10 UTC 2018
------------------ testing $PTII/ptolemy/domains/de/test/auto/VariableDelayZeroDelay2.xml
auto.tcl: Setting watchdog for 200 seconds at Fri Jun 15 15:14:10 UTC 2018
5 ms. Memory: 815616K Free: 785944K (96%)
ptolemy.util.test.WatchDog.cancel(): canceling Fri Jun 15 15:14:10 UTC 2018
auto.tcl: Setting watchdog for 200 seconds at Fri Jun 15 15:14:10 UTC 2018
1 ms. Memory: 815616K Free: 785944K (96%)
ptolemy.util.test.WatchDog.cancel(): canceling Fri Jun 15 15:14:10 UTC 2018
------------------ testing $PTII/ptolemy/domains/de/test/auto/deInCt.xml
auto.tcl: Setting watchdog for 200 seconds at Fri Jun 15 15:14:10 UTC 2018
0
1
1
1
0
0
0
0
1
1
1
0
0
0
0
1
1
1
0
0
0
1
1
1
0
0
0
1
1
1
0
0
0
0
1
1
1
0
0
0
1
1
1
1
16 ms. Memory: 812544K Free: 782869K (96%)
ptolemy.util.test.WatchDog.cancel(): canceling Fri Jun 15 15:14:10 UTC 2018
auto.tcl: Setting watchdog for 200 seconds at Fri Jun 15 15:14:10 UTC 2018
0
1
1
1
0
0
0
0
0
1
1
1
1
1
1
1
0
0
0
0
0
4 ms. Memory: 812544K Free: 782869K (96%)
ptolemy.util.test.WatchDog.cancel(): canceling Fri Jun 15 15:14:10 UTC 2018
------------------ testing $PTII/ptolemy/domains/de/test/auto/deInCt2.xml
auto.tcl: Setting watchdog for 200 seconds at Fri Jun 15 15:14:10 UTC 2018
0
1
1
1
0
0
1
1
1
0
0
1
1
1
0
0
1
1
1
0
0
1
1
1
0
0
1
1
1
0
0
1
1
1
0
0
1
1
1
0
0
0
12 ms. Memory: 815616K Free: 785899K (96%)
ptolemy.util.test.WatchDog.cancel(): canceling Fri Jun 15 15:14:10 UTC 2018
auto.tcl: Setting watchdog for 200 seconds at Fri Jun 15 15:14:10 UTC 2018
0
1
1
1
0
0
1
1
1
0
0
1
1
1
0
0
1
1
1
0
0
1
1
1
0
0
1
1
1
0
0
1
1
1
0
0
1
1
1
0
0
0
5 ms. Memory: 815616K Free: 785899K (96%)
ptolemy.util.test.WatchDog.cancel(): canceling Fri Jun 15 15:14:10 UTC 2018
------------------ testing $PTII/ptolemy/domains/de/test/auto/dynamicCausalityInterface1.xml
auto.tcl: Setting watchdog for 200 seconds at Fri Jun 15 15:14:11 UTC 2018
1 ms. Memory: 812544K Free: 782863K (96%)
ptolemy.util.test.WatchDog.cancel(): canceling Fri Jun 15 15:14:11 UTC 2018
auto.tcl: Setting watchdog for 200 seconds at Fri Jun 15 15:14:11 UTC 2018
1 ms. Memory: 812544K Free: 782863K (96%)
ptolemy.util.test.WatchDog.cancel(): canceling Fri Jun 15 15:14:11 UTC 2018
------------------ testing $PTII/ptolemy/domains/de/test/auto/fsm_de_test.xml
auto.tcl: Setting watchdog for 200 seconds at Fri Jun 15 15:14:11 UTC 2018
6 ms. Memory: 815104K Free: 785318K (96%)
ptolemy.util.test.WatchDog.cancel(): canceling Fri Jun 15 15:14:11 UTC 2018
auto.tcl: Setting watchdog for 200 seconds at Fri Jun 15 15:14:11 UTC 2018
4 ms. Memory: 815104K Free: 785318K (96%)
ptolemy.util.test.WatchDog.cancel(): canceling Fri Jun 15 15:14:11 UTC 2018
------------------ testing $PTII/ptolemy/domains/de/test/auto/functionDependencyReconstruction.xml
auto.tcl: Setting watchdog for 200 seconds at Fri Jun 15 15:14:11 UTC 2018
3 ms. Memory: 812544K Free: 772338K (95%)
ptolemy.util.test.WatchDog.cancel(): canceling Fri Jun 15 15:14:11 UTC 2018
auto.tcl: Setting watchdog for 200 seconds at Fri Jun 15 15:14:11 UTC 2018
2 ms. Memory: 812544K Free: 772338K (95%)
ptolemy.util.test.WatchDog.cancel(): canceling Fri Jun 15 15:14:11 UTC 2018
------------------ testing $PTII/ptolemy/domains/de/test/auto/multirate.xml
auto.tcl: Setting watchdog for 200 seconds at Fri Jun 15 15:14:11 UTC 2018
7 ms. Memory: 814592K Free: 784631K (96%)
ptolemy.util.test.WatchDog.cancel(): canceling Fri Jun 15 15:14:11 UTC 2018
auto.tcl: Setting watchdog for 200 seconds at Fri Jun 15 15:14:11 UTC 2018
3 ms. Memory: 814592K Free: 784631K (96%)
ptolemy.util.test.WatchDog.cancel(): canceling Fri Jun 15 15:14:11 UTC 2018
------------------ testing $PTII/ptolemy/domains/de/test/auto/multirate2.xml
auto.tcl: Setting watchdog for 200 seconds at Fri Jun 15 15:14:11 UTC 2018
3 ms. Memory: 812544K Free: 790124K (97%)
ptolemy.util.test.WatchDog.cancel(): canceling Fri Jun 15 15:14:11 UTC 2018
auto.tcl: Setting watchdog for 200 seconds at Fri Jun 15 15:14:11 UTC 2018
2 ms. Memory: 812544K Free: 790124K (97%)
ptolemy.util.test.WatchDog.cancel(): canceling Fri Jun 15 15:14:11 UTC 2018
------------------ testing $PTII/ptolemy/domains/de/test/auto/realtime.xml
auto.tcl: Setting watchdog for 200 seconds at Fri Jun 15 15:14:11 UTC 2018
10001 ms. Memory: 814592K Free: 784817K (96%)
ptolemy.util.test.WatchDog.cancel(): canceling Fri Jun 15 15:14:21 UTC 2018
auto.tcl: Setting watchdog for 200 seconds at Fri Jun 15 15:14:21 UTC 2018
10002 ms. Memory: 814592K Free: 784817K (96%)
ptolemy.util.test.WatchDog.cancel(): canceling Fri Jun 15 15:14:31 UTC 2018
------------------ testing $PTII/ptolemy/domains/de/test/auto/relationGroup.xml
auto.tcl: Setting watchdog for 200 seconds at Fri Jun 15 15:14:31 UTC 2018
1 ms. Memory: 812544K Free: 790148K (97%)
ptolemy.util.test.WatchDog.cancel(): canceling Fri Jun 15 15:14:31 UTC 2018
auto.tcl: Setting watchdog for 200 seconds at Fri Jun 15 15:14:31 UTC 2018
1 ms. Memory: 812544K Free: 790148K (97%)
ptolemy.util.test.WatchDog.cancel(): canceling Fri Jun 15 15:14:31 UTC 2018
------------------ testing $PTII/ptolemy/domains/de/test/auto/relationGroup2.xml
auto.tcl: Setting watchdog for 200 seconds at Fri Jun 15 15:14:31 UTC 2018
1 ms. Memory: 814080K Free: 784399K (96%)
ptolemy.util.test.WatchDog.cancel(): canceling Fri Jun 15 15:14:31 UTC 2018
auto.tcl: Setting watchdog for 200 seconds at Fri Jun 15 15:14:31 UTC 2018
1 ms. Memory: 814080K Free: 784399K (96%)
ptolemy.util.test.WatchDog.cancel(): canceling Fri Jun 15 15:14:31 UTC 2018
------------------ testing $PTII/ptolemy/domains/de/test/auto/sortWithOpaquePorts.xml
auto.tcl: Setting watchdog for 200 seconds at Fri Jun 15 15:14:31 UTC 2018
1 ms. Memory: 812544K Free: 782863K (96%)
ptolemy.util.test.WatchDog.cancel(): canceling Fri Jun 15 15:14:31 UTC 2018
auto.tcl: Setting watchdog for 200 seconds at Fri Jun 15 15:14:31 UTC 2018
1 ms. Memory: 812544K Free: 782863K (96%)
ptolemy.util.test.WatchDog.cancel(): canceling Fri Jun 15 15:14:31 UTC 2018
------------------ testing $PTII/ptolemy/domains/de/test/auto/transferInputsandOutputs.xml
auto.tcl: Setting watchdog for 200 seconds at Fri Jun 15 15:14:31 UTC 2018
2 ms. Memory: 814080K Free: 784387K (96%)
ptolemy.util.test.WatchDog.cancel(): canceling Fri Jun 15 15:14:31 UTC 2018
auto.tcl: Setting watchdog for 200 seconds at Fri Jun 15 15:14:31 UTC 2018
1 ms. Memory: 814080K Free: 784387K (96%)
ptolemy.util.test.WatchDog.cancel(): canceling Fri Jun 15 15:14:31 UTC 2018
------------------ testing $PTII/ptolemy/domains/de/test/auto/triggerType.xml
auto.tcl: Setting watchdog for 200 seconds at Fri Jun 15 15:14:31 UTC 2018
1 ms. Memory: 812544K Free: 782802K (96%)
ptolemy.util.test.WatchDog.cancel(): canceling Fri Jun 15 15:14:31 UTC 2018
auto.tcl: Setting watchdog for 200 seconds at Fri Jun 15 15:14:31 UTC 2018
1 ms. Memory: 812544K Free: 782802K (96%)
ptolemy.util.test.WatchDog.cancel(): canceling Fri Jun 15 15:14:31 UTC 2018
06/15/18 03:14:31
Failed: 0  Total Tests: 192  ((Passed: 187, Newly Passed: 1)  Known Failed: 5) /home/travis/build/icyphy/ptII/ptolemy/domains/de/test
06/15/18 03:14:31
Failed: 0  Total Tests: 192  ((Passed: 187, Newly Passed: 1)  Known Failed: 5) /home/travis/build/icyphy/ptII/ptolemy/domains/de/test
----------------- testing (KnownFailure) /home/travis/build/icyphy/ptII/ptolemy/domains/de/test/auto/knownFailedTests/DESDFClockTest.xml
2007 ms. Memory: 813568K Free: 769215K (95%)
Known Failure: java.lang.reflect.InvocationTargetException
----------------- testing (KnownFailure) /home/travis/build/icyphy/ptII/ptolemy/domains/de/test/auto/knownFailedTests/DirectFeedback.xml
1 ms. Memory: 813568K Free: 710724K (87%)
Known Failure: java.lang.reflect.InvocationTargetException
----------------- testing (KnownFailure) /home/travis/build/icyphy/ptII/ptolemy/domains/de/test/auto/knownFailedTests/FSMSource.xml
13 ms. Memory: 813568K Free: 652233K (80%)
----------------- testing (KnownFailure) /home/travis/build/icyphy/ptII/ptolemy/domains/de/test/auto/knownFailedTests/HierarchicalModel.xml
2 ms. Memory: 813568K Free: 608348K (75%)
Known Failure: java.lang.reflect.InvocationTargetException
----------------- testing (KnownFailure) /home/travis/build/icyphy/ptII/ptolemy/domains/de/test/auto/knownFailedTests/dependencyLoop.xml
2 ms. Memory: 813568K Free: 535219K (66%)
Known Failure: java.lang.reflect.InvocationTargetException
----------------- testing (KnownFailure) /home/travis/build/icyphy/ptII/ptolemy/domains/de/test/auto/knownFailedTests/dependencyLoop2.xml
11 ms. Memory: 813568K Free: 476727K (59%)
Known Failure: java.lang.reflect.InvocationTargetException
No auto/linux-amd64/*.xml tests in /home/travis/build/icyphy/ptII/ptolemy/domains/de/test
AutoTests.java: About to close Vertx.
AutoTests.java: Vertx closed.

===========================================================================================
----------------- testing Fri Jun 15 15:14:33 UTC 2018 /home/travis/build/icyphy/ptII/ptolemy/domains/de/test/auto/ActorDepthCalculation_actorWithoutPorts.xml
----------------- Instantiating /home/travis/build/icyphy/ptII/ptolemy/domains/de/test/auto/ActorDepthCalculation_actorWithoutPorts.xml
1 ms. Memory: 813568K Free: 388991K (48%)
----------------- Invoking toplevel() on ptolemy.moml.MoMLSimpleApplication@38a822b0
----------------- Done invoking toplevel() on ptolemy.moml.MoMLSimpleApplication@38a822b0
reloadAllAccessors: .ActorDepthCalculation_actorWithoutPorts

===========================================================================================
----------------- testing Fri Jun 15 15:14:33 UTC 2018 /home/travis/build/icyphy/ptII/ptolemy/domains/de/test/auto/AssemblyLine.xml
----------------- Instantiating /home/travis/build/icyphy/ptII/ptolemy/domains/de/test/auto/AssemblyLine.xml
2 ms. Memory: 813568K Free: 359745K (44%)
----------------- Invoking toplevel() on ptolemy.moml.MoMLSimpleApplication@44b8b0e2
----------------- Done invoking toplevel() on ptolemy.moml.MoMLSimpleApplication@44b8b0e2
reloadAllAccessors: .AssemblyLine

===========================================================================================
----------------- testing Fri Jun 15 15:14:33 UTC 2018 /home/travis/build/icyphy/ptII/ptolemy/domains/de/test/auto/CQBug1.xml
----------------- Instantiating /home/travis/build/icyphy/ptII/ptolemy/domains/de/test/auto/CQBug1.xml
1 ms. Memory: 813568K Free: 330500K (41%)
----------------- Invoking toplevel() on ptolemy.moml.MoMLSimpleApplication@32ad4a5c
----------------- Done invoking toplevel() on ptolemy.moml.MoMLSimpleApplication@32ad4a5c
reloadAllAccessors: .CQBug1

===========================================================================================
----------------- testing Fri Jun 15 15:14:33 UTC 2018 /home/travis/build/icyphy/ptII/ptolemy/domains/de/test/auto/CancelFireAt.xml
----------------- Instantiating /home/travis/build/icyphy/ptII/ptolemy/domains/de/test/auto/CancelFireAt.xml
1 ms. Memory: 813568K Free: 301254K (37%)
----------------- Invoking toplevel() on ptolemy.moml.MoMLSimpleApplication@6d6beaa8
----------------- Done invoking toplevel() on ptolemy.moml.MoMLSimpleApplication@6d6beaa8
reloadAllAccessors: .CancelFireAt

===========================================================================================
----------------- testing Fri Jun 15 15:14:33 UTC 2018 /home/travis/build/icyphy/ptII/ptolemy/domains/de/test/auto/CausalityAndComposabilityAnalysis.xml
----------------- Instantiating /home/travis/build/icyphy/ptII/ptolemy/domains/de/test/auto/CausalityAndComposabilityAnalysis.xml
1 ms. Memory: 813568K Free: 272009K (33%)
----------------- Invoking toplevel() on ptolemy.moml.MoMLSimpleApplication@3661ff1f
----------------- Done invoking toplevel() on ptolemy.moml.MoMLSimpleApplication@3661ff1f
reloadAllAccessors: .CausalityAndComposabilityAnalysis

===========================================================================================
----------------- testing Fri Jun 15 15:14:33 UTC 2018 /home/travis/build/icyphy/ptII/ptolemy/domains/de/test/auto/CausalityInterface1.xml
----------------- Instantiating /home/travis/build/icyphy/ptII/ptolemy/domains/de/test/auto/CausalityInterface1.xml
4 ms. Memory: 813568K Free: 242763K (30%)
----------------- Invoking toplevel() on ptolemy.moml.MoMLSimpleApplication@ee27072
----------------- Done invoking toplevel() on ptolemy.moml.MoMLSimpleApplication@ee27072
reloadAllAccessors: .CausalityInterface1

===========================================================================================
----------------- testing Fri Jun 15 15:14:33 UTC 2018 /home/travis/build/icyphy/ptII/ptolemy/domains/de/test/auto/CausalityInterface15.xml
----------------- Instantiating /home/travis/build/icyphy/ptII/ptolemy/domains/de/test/auto/CausalityInterface15.xml
1 ms. Memory: 813568K Free: 213518K (26%)
----------------- Invoking toplevel() on ptolemy.moml.MoMLSimpleApplication@1546e9e8
----------------- Done invoking toplevel() on ptolemy.moml.MoMLSimpleApplication@1546e9e8
[...]
java.lang.RuntimeException: Execution failed
	at ptolemy.moml.MoMLSimpleApplication$UnloadThread.run(MoMLSimpleApplication.java:402)
Caused by: ptolemy.kernel.util.IllegalActionException: Test fails in iteration 1.
Value was: 1.0. Should have been: 2.0
  in .DirectFeedback.Test
	at ptolemy.actor.lib.Test.fire(Test.java:268)
	at ptolemy.domains.de.kernel.DEDirector._fire(DEDirector.java:1949)
	at ptolemy.domains.de.kernel.DEDirector.fire(DEDirector.java:502)
	at ptolemy.actor.CompositeActor.fire(CompositeActor.java:455)
	at ptolemy.actor.Manager.iterate(Manager.java:851)
	at ptolemy.actor.Manager.execute(Manager.java:369)
	at ptolemy.actor.Manager.run(Manager.java:1263)
	at ptolemy.actor.Manager$PtolemyRunThread.run(Manager.java:1915)
java.lang.RuntimeException: Execution failed
	at ptolemy.moml.MoMLSimpleApplication$UnloadThread.run(MoMLSimpleApplication.java:402)
Caused by: ptolemy.kernel.util.IllegalActionException: Actor is not ready to fire.  Perhaps UpSample.prefire() returned false? Try debugging the actor by selecting "Listen to Actor".  Also, for SDF check moml for tokenConsumptionRate on input.
  in .DESDFClockTest.Play Bell.Copy1:SDF Director and .DESDFClockTest.Play Bell.UpSample
	at ptolemy.actor.sched.StaticSchedulingDirector.fire(StaticSchedulingDirector.java:227)
	at ptolemy.domains.sdf.kernel.SDFDirector.fire(SDFDirector.java:500)
	at ptolemy.actor.CompositeActor.fire(CompositeActor.java:455)
	at ptolemy.domains.de.kernel.DEDirector._fire(DEDirector.java:1949)
	at ptolemy.domains.de.kernel.DEDirector.fire(DEDirector.java:502)
	at ptolemy.actor.CompositeActor.fire(CompositeActor.java:455)
	at ptolemy.actor.Manager.iterate(Manager.java:851)
	at ptolemy.actor.Manager.execute(Manager.java:369)
	at ptolemy.actor.Manager.run(Manager.java:1263)
	at ptolemy.actor.Manager$PtolemyRunThread.run(Manager.java:1915)
java.lang.reflect.InvocationTargetException
	at sun.reflect.NativeConstructorAccessorImpl.newInstance0(Native Method)
	at sun.reflect.NativeConstructorAccessorImpl.newInstance(NativeConstructorAccessorImpl.java:62)
	at sun.reflect.DelegatingConstructorAccessorImpl.newInstance(DelegatingConstructorAccessorImpl.java:45)
	at java.lang.reflect.Constructor.newInstance(Constructor.java:423)
	at ptolemy.util.test.junit.AutoKnownFailedTests.RunModel(AutoKnownFailedTests.java:107)
	at sun.reflect.NativeMethodAccessorImpl.invoke0(Native Method)
	at sun.reflect.NativeMethodAccessorImpl.invoke(NativeMethodAccessorImpl.java:62)
	at sun.reflect.DelegatingMethodAccessorImpl.invoke(DelegatingMethodAccessorImpl.java:43)
	at java.lang.reflect.Method.invoke(Method.java:498)
	at org.junit.runners.model.FrameworkMethod$1.runReflectiveCall(FrameworkMethod.java:44)
	at org.junit.internal.runners.model.ReflectiveCallable.run(ReflectiveCallable.java:15)
	at org.junit.runners.model.FrameworkMethod.invokeExplosively(FrameworkMethod.java:41)
	at junitparams.internal.InvokeParameterisedMethod.evaluate(InvokeParameterisedMethod.java:102)
	at org.junit.internal.runners.statements.FailOnTimeout$1.run(FailOnTimeout.java:28)
Caused by: ptolemy.kernel.util.IllegalActionException: Actor is not ready to fire.  Perhaps UpSample.prefire() returned false? Try debugging the actor by selecting "Listen to Actor".  Also, for SDF check moml for tokenConsumptionRate on input.
  in .DESDFClockTest.Play Bell.Copy1:SDF Director and .DESDFClockTest.Play Bell.UpSample
	at ptolemy.actor.sched.StaticSchedulingDirector.fire(StaticSchedulingDirector.java:227)
	at ptolemy.domains.sdf.kernel.SDFDirector.fire(SDFDirector.java:500)
	at ptolemy.actor.CompositeActor.fire(CompositeActor.java:455)
	at ptolemy.domains.de.kernel.DEDirector._fire(DEDirector.java:1949)
	at ptolemy.domains.de.kernel.DEDirector.fire(DEDirector.java:502)
	at ptolemy.actor.CompositeActor.fire(CompositeActor.java:455)
	at ptolemy.actor.Manager.iterate(Manager.java:851)
	at ptolemy.actor.Manager.execute(Manager.java:369)
	at ptolemy.actor.Manager.run(Manager.java:1263)
	at ptolemy.actor.Manager$PtolemyRunThread.run(Manager.java:1915)
java.lang.RuntimeException: Execution failed
	at ptolemy.moml.MoMLSimpleApplication$UnloadThread.run(MoMLSimpleApplication.java:402)
Caused by: ptolemy.kernel.util.IllegalActionException: Test fails in iteration 1.
Value was: 1.0. Should have been: 2.0
  in .DirectFeedback.Test
	at ptolemy.actor.lib.Test.fire(Test.java:268)
	at ptolemy.domains.de.kernel.DEDirector._fire(DEDirector.java:1949)
	at ptolemy.domains.de.kernel.DEDirector.fire(DEDirector.java:502)
	at ptolemy.actor.CompositeActor.fire(CompositeActor.java:455)
	at ptolemy.actor.Manager.iterate(Manager.java:851)
	at ptolemy.actor.Manager.execute(Manager.java:369)
	at ptolemy.actor.Manager.run(Manager.java:1263)
	at ptolemy.actor.Manager$PtolemyRunThread.run(Manager.java:1915)
java.lang.reflect.InvocationTargetException
	at sun.reflect.NativeConstructorAccessorImpl.newInstance0(Native Method)
	at sun.reflect.NativeConstructorAccessorImpl.newInstance(NativeConstructorAccessorImpl.java:62)
	at sun.reflect.DelegatingConstructorAccessorImpl.newInstance(DelegatingConstructorAccessorImpl.java:45)
	at java.lang.reflect.Constructor.newInstance(Constructor.java:423)
	at ptolemy.util.test.junit.AutoKnownFailedTests.RunModel(AutoKnownFailedTests.java:107)
	at sun.reflect.NativeMethodAccessorImpl.invoke0(Native Method)
	at sun.reflect.NativeMethodAccessorImpl.invoke(NativeMethodAccessorImpl.java:62)
	at sun.reflect.DelegatingMethodAccessorImpl.invoke(DelegatingMethodAccessorImpl.java:43)
	at java.lang.reflect.Method.invoke(Method.java:498)
	at org.junit.runners.model.FrameworkMethod$1.runReflectiveCall(FrameworkMethod.java:44)
	at org.junit.internal.runners.model.ReflectiveCallable.run(ReflectiveCallable.java:15)
	at org.junit.runners.model.FrameworkMethod.invokeExplosively(FrameworkMethod.java:41)
	at junitparams.internal.InvokeParameterisedMethod.evaluate(InvokeParameterisedMethod.java:102)
	at org.junit.internal.runners.statements.FailOnTimeout$1.run(FailOnTimeout.java:28)
Caused by: ptolemy.kernel.util.IllegalActionException: Test fails in iteration 1.
Value was: 1.0. Should have been: 2.0
  in .DirectFeedback.Test
	at ptolemy.actor.lib.Test.fire(Test.java:268)
	at ptolemy.domains.de.kernel.DEDirector._fire(DEDirector.java:1949)
	at ptolemy.domains.de.kernel.DEDirector.fire(DEDirector.java:502)
	at ptolemy.actor.CompositeActor.fire(CompositeActor.java:455)
	at ptolemy.actor.Manager.iterate(Manager.java:851)
	at ptolemy.actor.Manager.execute(Manager.java:369)
	at ptolemy.actor.Manager.run(Manager.java:1263)
	at ptolemy.actor.Manager$PtolemyRunThread.run(Manager.java:1915)
java.lang.RuntimeException: Execution failed
	at ptolemy.moml.MoMLSimpleApplication$UnloadThread.run(MoMLSimpleApplication.java:402)
Caused by: ptolemy.kernel.util.IllegalActionException: Found a zero delay loop containing .HierarchicalModel.A
  in .HierarchicalModel and .HierarchicalModel.A
	at ptolemy.actor.util.CausalityInterfaceForComposites._computeOutputPortDepth(CausalityInterfaceForComposites.java:759)
	at ptolemy.actor.util.CausalityInterfaceForComposites._computeInputDepth(CausalityInterfaceForComposites.java:696)
	at ptolemy.actor.util.CausalityInterfaceForComposites._computeOutputPortDepth(CausalityInterfaceForComposites.java:765)
	at ptolemy.actor.util.CausalityInterfaceForComposites._computeInputDepth(CausalityInterfaceForComposites.java:696)
	at ptolemy.actor.util.CausalityInterfaceForComposites._computeOutputPortDepth(CausalityInterfaceForComposites.java:765)
	at ptolemy.actor.util.CausalityInterfaceForComposites._computeInputDepth(CausalityInterfaceForComposites.java:696)
	at ptolemy.actor.util.CausalityInterfaceForComposites._computeActorDepth(CausalityInterfaceForComposites.java:532)
	at ptolemy.actor.util.CausalityInterfaceForComposites.checkForCycles(CausalityInterfaceForComposites.java:96)
	at ptolemy.domains.de.kernel.DEDirector.preinitialize(DEDirector.java:1338)
	at ptolemy.actor.CompositeActor.preinitialize(CompositeActor.java:1828)
	at ptolemy.actor.Manager.preinitializeAndResolveTypes(Manager.java:1040)
	at ptolemy.actor.Manager.initialize(Manager.java:710)
	at ptolemy.actor.Manager.execute(Manager.java:356)
	at ptolemy.actor.Manager.run(Manager.java:1263)
	at ptolemy.actor.Manager$PtolemyRunThread.run(Manager.java:1915)
java.lang.reflect.InvocationTargetException
	at sun.reflect.NativeConstructorAccessorImpl.newInstance0(Native Method)
	at sun.reflect.NativeConstructorAccessorImpl.newInstance(NativeConstructorAccessorImpl.java:62)
	at sun.reflect.DelegatingConstructorAccessorImpl.newInstance(DelegatingConstructorAccessorImpl.java:45)
	at java.lang.reflect.Constructor.newInstance(Constructor.java:423)
	at ptolemy.util.test.junit.AutoKnownFailedTests.RunModel(AutoKnownFailedTests.java:107)
	at sun.reflect.NativeMethodAccessorImpl.invoke0(Native Method)
	at sun.reflect.NativeMethodAccessorImpl.invoke(NativeMethodAccessorImpl.java:62)
	at sun.reflect.DelegatingMethodAccessorImpl.invoke(DelegatingMethodAccessorImpl.java:43)
	at java.lang.reflect.Method.invoke(Method.java:498)
	at org.junit.runners.model.FrameworkMethod$1.runReflectiveCall(FrameworkMethod.java:44)
	at org.junit.internal.runners.model.ReflectiveCallable.run(ReflectiveCallable.java:15)
	at org.junit.runners.model.FrameworkMethod.invokeExplosively(FrameworkMethod.java:41)
	at junitparams.internal.InvokeParameterisedMethod.evaluate(InvokeParameterisedMethod.java:102)
	at org.junit.internal.runners.statements.FailOnTimeout$1.run(FailOnTimeout.java:28)
Caused by: ptolemy.kernel.util.IllegalActionException: Found a zero delay loop containing .HierarchicalModel.A
  in .HierarchicalModel and .HierarchicalModel.A
	at ptolemy.actor.util.CausalityInterfaceForComposites._computeOutputPortDepth(CausalityInterfaceForComposites.java:759)
	at ptolemy.actor.util.CausalityInterfaceForComposites._computeInputDepth(CausalityInterfaceForComposites.java:696)
	at ptolemy.actor.util.CausalityInterfaceForComposites._computeOutputPortDepth(CausalityInterfaceForComposites.java:765)
	at ptolemy.actor.util.CausalityInterfaceForComposites._computeInputDepth(CausalityInterfaceForComposites.java:696)
	at ptolemy.actor.util.CausalityInterfaceForComposites._computeOutputPortDepth(CausalityInterfaceForComposites.java:765)
	at ptolemy.actor.util.CausalityInterfaceForComposites._computeInputDepth(CausalityInterfaceForComposites.java:696)
	at ptolemy.actor.util.CausalityInterfaceForComposites._computeActorDepth(CausalityInterfaceForComposites.java:532)
	at ptolemy.actor.util.CausalityInterfaceForComposites.checkForCycles(CausalityInterfaceForComposites.java:96)
	at ptolemy.domains.de.kernel.DEDirector.preinitialize(DEDirector.java:1338)
	at ptolemy.actor.CompositeActor.preinitialize(CompositeActor.java:1828)
	at ptolemy.actor.Manager.preinitializeAndResolveTypes(Manager.java:1040)
	at ptolemy.actor.Manager.initialize(Manager.java:710)
	at ptolemy.actor.Manager.execute(Manager.java:356)
	at ptolemy.actor.Manager.run(Manager.java:1263)
	at ptolemy.actor.Manager$PtolemyRunThread.run(Manager.java:1915)
java.lang.RuntimeException: Execution failed
	at ptolemy.moml.MoMLSimpleApplication$UnloadThread.run(MoMLSimpleApplication.java:402)
Caused by: ptolemy.kernel.util.IllegalActionException: Found a zero delay loop containing .dependencyLoop.original
  in .dependencyLoop and .dependencyLoop.original
	at ptolemy.actor.util.CausalityInterfaceForComposites._computeOutputPortDepth(CausalityInterfaceForComposites.java:759)
	at ptolemy.actor.util.CausalityInterfaceForComposites._computeInputDepth(CausalityInterfaceForComposites.java:696)
	at ptolemy.actor.util.CausalityInterfaceForComposites._computeOutputPortDepth(CausalityInterfaceForComposites.java:765)
	at ptolemy.actor.util.CausalityInterfaceForComposites._computeInputDepth(CausalityInterfaceForComposites.java:696)
	at ptolemy.actor.util.CausalityInterfaceForComposites._computeOutputPortDepth(CausalityInterfaceForComposites.java:765)
	at ptolemy.actor.util.CausalityInterfaceForComposites._computeInputDepth(CausalityInterfaceForComposites.java:696)
	at ptolemy.actor.util.CausalityInterfaceForComposites._computeActorDepth(CausalityInterfaceForComposites.java:532)
	at ptolemy.actor.util.CausalityInterfaceForComposites.checkForCycles(CausalityInterfaceForComposites.java:96)
	at ptolemy.domains.de.kernel.DEDirector.preinitialize(DEDirector.java:1338)
	at ptolemy.actor.CompositeActor.preinitialize(CompositeActor.java:1828)
	at ptolemy.actor.Manager.preinitializeAndResolveTypes(Manager.java:1040)
	at ptolemy.actor.Manager.initialize(Manager.java:710)
	at ptolemy.actor.Manager.execute(Manager.java:356)
	at ptolemy.actor.Manager.run(Manager.java:1263)
	at ptolemy.actor.Manager$PtolemyRunThread.run(Manager.java:1915)
java.lang.reflect.InvocationTargetException
	at sun.reflect.NativeConstructorAccessorImpl.newInstance0(Native Method)
	at sun.reflect.NativeConstructorAccessorImpl.newInstance(NativeConstructorAccessorImpl.java:62)
	at sun.reflect.DelegatingConstructorAccessorImpl.newInstance(DelegatingConstructorAccessorImpl.java:45)
	at java.lang.reflect.Constructor.newInstance(Constructor.java:423)
	at ptolemy.util.test.junit.AutoKnownFailedTests.RunModel(AutoKnownFailedTests.java:107)
	at sun.reflect.NativeMethodAccessorImpl.invoke0(Native Method)
	at sun.reflect.NativeMethodAccessorImpl.invoke(NativeMethodAccessorImpl.java:62)
	at sun.reflect.DelegatingMethodAccessorImpl.invoke(DelegatingMethodAccessorImpl.java:43)
	at java.lang.reflect.Method.invoke(Method.java:498)
	at org.junit.runners.model.FrameworkMethod$1.runReflectiveCall(FrameworkMethod.java:44)
	at org.junit.internal.runners.model.ReflectiveCallable.run(ReflectiveCallable.java:15)
	at org.junit.runners.model.FrameworkMethod.invokeExplosively(FrameworkMethod.java:41)
	at junitparams.internal.InvokeParameterisedMethod.evaluate(InvokeParameterisedMethod.java:102)
	at org.junit.internal.runners.statements.FailOnTimeout$1.run(FailOnTimeout.java:28)
Caused by: ptolemy.kernel.util.IllegalActionException: Found a zero delay loop containing .dependencyLoop.original
  in .dependencyLoop and .dependencyLoop.original
	at ptolemy.actor.util.CausalityInterfaceForComposites._computeOutputPortDepth(CausalityInterfaceForComposites.java:759)
	at ptolemy.actor.util.CausalityInterfaceForComposites._computeInputDepth(CausalityInterfaceForComposites.java:696)
	at ptolemy.actor.util.CausalityInterfaceForComposites._computeOutputPortDepth(CausalityInterfaceForComposites.java:765)
	at ptolemy.actor.util.CausalityInterfaceForComposites._computeInputDepth(CausalityInterfaceForComposites.java:696)
	at ptolemy.actor.util.CausalityInterfaceForComposites._computeOutputPortDepth(CausalityInterfaceForComposites.java:765)
	at ptolemy.actor.util.CausalityInterfaceForComposites._computeInputDepth(CausalityInterfaceForComposites.java:696)
	at ptolemy.actor.util.CausalityInterfaceForComposites._computeActorDepth(CausalityInterfaceForComposites.java:532)
	at ptolemy.actor.util.CausalityInterfaceForComposites.checkForCycles(CausalityInterfaceForComposites.java:96)
	at ptolemy.domains.de.kernel.DEDirector.preinitialize(DEDirector.java:1338)
	at ptolemy.actor.CompositeActor.preinitialize(CompositeActor.java:1828)
	at ptolemy.actor.Manager.preinitializeAndResolveTypes(Manager.java:1040)
	at ptolemy.actor.Manager.initialize(Manager.java:710)
	at ptolemy.actor.Manager.execute(Manager.java:356)
	at ptolemy.actor.Manager.run(Manager.java:1263)
	at ptolemy.actor.Manager$PtolemyRunThread.run(Manager.java:1915)
java.lang.RuntimeException: Execution failed
	at ptolemy.moml.MoMLSimpleApplication$UnloadThread.run(MoMLSimpleApplication.java:402)
Caused by: ptolemy.kernel.util.IllegalActionException: Found a zero delay loop containing .dependencyLoop2.original
  in .dependencyLoop2 and .dependencyLoop2.original
	at ptolemy.actor.util.CausalityInterfaceForComposites._computeOutputPortDepth(CausalityInterfaceForComposites.java:759)
	at ptolemy.actor.util.CausalityInterfaceForComposites._computeInputDepth(CausalityInterfaceForComposites.java:696)
	at ptolemy.actor.util.CausalityInterfaceForComposites._computeOutputPortDepth(CausalityInterfaceForComposites.java:765)
	at ptolemy.actor.util.CausalityInterfaceForComposites._computeInputDepth(CausalityInterfaceForComposites.java:696)
	at ptolemy.actor.util.CausalityInterfaceForComposites._computeOutputPortDepth(CausalityInterfaceForComposites.java:765)
	at ptolemy.actor.util.CausalityInterfaceForComposites._computeInputDepth(CausalityInterfaceForComposites.java:696)
	at ptolemy.actor.util.CausalityInterfaceForComposites._computeActorDepth(CausalityInterfaceForComposites.java:532)
	at ptolemy.actor.util.CausalityInterfaceForComposites.checkForCycles(CausalityInterfaceForComposites.java:96)
	at ptolemy.domains.de.kernel.DEDirector.preinitialize(DEDirector.java:1338)
	at ptolemy.actor.CompositeActor.preinitialize(CompositeActor.java:1828)
	at ptolemy.actor.Manager.preinitializeAndResolveTypes(Manager.java:1040)
	at ptolemy.actor.Manager.initialize(Manager.java:710)
	at ptolemy.actor.Manager.execute(Manager.java:356)
	at ptolemy.actor.Manager.run(Manager.java:1263)
	at ptolemy.actor.Manager$PtolemyRunThread.run(Manager.java:1915)
java.lang.reflect.InvocationTargetException
	at sun.reflect.NativeConstructorAccessorImpl.newInstance0(Native Method)
	at sun.reflect.NativeConstructorAccessorImpl.newInstance(NativeConstructorAccessorImpl.java:62)
	at sun.reflect.DelegatingConstructorAccessorImpl.newInstance(DelegatingConstructorAccessorImpl.java:45)
	at java.lang.reflect.Constructor.newInstance(Constructor.java:423)
	at ptolemy.util.test.junit.AutoKnownFailedTests.RunModel(AutoKnownFailedTests.java:107)
	at sun.reflect.NativeMethodAccessorImpl.invoke0(Native Method)
	at sun.reflect.NativeMethodAccessorImpl.invoke(NativeMethodAccessorImpl.java:62)
	at sun.reflect.DelegatingMethodAccessorImpl.invoke(DelegatingMethodAccessorImpl.java:43)
	at java.lang.reflect.Method.invoke(Method.java:498)
	at org.junit.runners.model.FrameworkMethod$1.runReflectiveCall(FrameworkMethod.java:44)
	at org.junit.internal.runners.model.ReflectiveCallable.run(ReflectiveCallable.java:15)
	at org.junit.runners.model.FrameworkMethod.invokeExplosively(FrameworkMethod.java:41)
	at junitparams.internal.InvokeParameterisedMethod.evaluate(InvokeParameterisedMethod.java:102)
	at org.junit.internal.runners.statements.FailOnTimeout$1.run(FailOnTimeout.java:28)
Caused by: ptolemy.kernel.util.IllegalActionException: Found a zero delay loop containing .dependencyLoop2.original
  in .dependencyLoop2 and .dependencyLoop2.original
	at ptolemy.actor.util.CausalityInterfaceForComposites._computeOutputPortDepth(CausalityInterfaceForComposites.java:759)
	at ptolemy.actor.util.CausalityInterfaceForComposites._computeInputDepth(CausalityInterfaceForComposites.java:696)
	at ptolemy.actor.util.CausalityInterfaceForComposites._computeOutputPortDepth(CausalityInterfaceForComposites.java:765)
	at ptolemy.actor.util.CausalityInterfaceForComposites._computeInputDepth(CausalityInterfaceForComposites.java:696)
	at ptolemy.actor.util.CausalityInterfaceForComposites._computeOutputPortDepth(CausalityInterfaceForComposites.java:765)
	at ptolemy.actor.util.CausalityInterfaceForComposites._computeInputDepth(CausalityInterfaceForComposites.java:696)
	at ptolemy.actor.util.CausalityInterfaceForComposites._computeActorDepth(CausalityInterfaceForComposites.java:532)
	at ptolemy.actor.util.CausalityInterfaceForComposites.checkForCycles(CausalityInterfaceForComposites.java:96)
	at ptolemy.domains.de.kernel.DEDirector.preinitialize(DEDirector.java:1338)
	at ptolemy.actor.CompositeActor.preinitialize(CompositeActor.java:1828)
	at ptolemy.actor.Manager.preinitializeAndResolveTypes(Manager.java:1040)
	at ptolemy.actor.Manager.initialize(Manager.java:710)
	at ptolemy.actor.Manager.execute(Manager.java:356)
	at ptolemy.actor.Manager.run(Manager.java:1263)
	at ptolemy.actor.Manager$PtolemyRunThread.run(Manager.java:1915)
]]></system-err>
</testsuite>
