<?xml version="1.0" encoding="UTF-8" ?>
<testsuite errors="0" failures="0" hostname="travis-job-d9686c12-053a-4ff2-9b9b-2775e1412522" name="ptolemy.domains.sdf.lib.test.junit.JUnitTclTest" skipped="0" tests="82" time="9.189" timestamp="2019-01-14T03:22:38">
  <properties>
[...]
</properties>
  <testcase classname="ptolemy.util.test.junit.TclTests" name="[0] /home/travis/build/icyphy/ptII/ptolemy/domains/sdf/lib/test/ArrayToSequence.tcl (RunTclFile)" time="0.586" />
  <testcase classname="ptolemy.util.test.junit.TclTests" name="[1] /home/travis/build/icyphy/ptII/ptolemy/domains/sdf/lib/test/BitsToInt.tcl (RunTclFile)" time="0.037" />
  <testcase classname="ptolemy.util.test.junit.TclTests" name="[2] /home/travis/build/icyphy/ptII/ptolemy/domains/sdf/lib/test/DelayLine.tcl (RunTclFile)" time="0.02" />
  <testcase classname="ptolemy.util.test.junit.TclTests" name="[3] /home/travis/build/icyphy/ptII/ptolemy/domains/sdf/lib/test/FFT.tcl (RunTclFile)" time="0.026" />
  <testcase classname="ptolemy.util.test.junit.TclTests" name="[4] /home/travis/build/icyphy/ptII/ptolemy/domains/sdf/lib/test/FIR.tcl (RunTclFile)" time="0.086" />
  <testcase classname="ptolemy.util.test.junit.TclTests" name="[5] /home/travis/build/icyphy/ptII/ptolemy/domains/sdf/lib/test/IntToBits.tcl (RunTclFile)" time="0.052" />
  <testcase classname="ptolemy.util.test.junit.TclTests" name="[6] /home/travis/build/icyphy/ptII/ptolemy/domains/sdf/lib/test/MaximumEntropySpectrum.tcl (RunTclFile)" time="0.233" />
  <testcase classname="ptolemy.util.test.junit.TclTests" name="[7] /home/travis/build/icyphy/ptII/ptolemy/domains/sdf/lib/test/Repeat.tcl (RunTclFile)" time="0.038" />
  <testcase classname="ptolemy.util.test.junit.TclTests" name="[8] /home/travis/build/icyphy/ptII/ptolemy/domains/sdf/lib/test/SampleDelay.tcl (RunTclFile)" time="0.072" />
  <testcase classname="ptolemy.util.test.junit.TclTests" name="[9] /home/travis/build/icyphy/ptII/ptolemy/domains/sdf/lib/test/SequenceToArray.tcl (RunTclFile)" time="0.062" />
  <testcase classname="ptolemy.util.test.junit.AutoKnownFailedTests" name="[0] ThereAreNoKnowFailedTests (RunModel)" time="0.0" />
  <testcase classname="ptolemy.util.test.junit.AutoNameArchTests" name="[0] ThereAreNoAutoArchTests (RunModel)" time="0.002" />
  <testcase classname="ptolemy.util.test.junit.AutoTests" name="[0] /home/travis/build/icyphy/ptII/ptolemy/domains/sdf/lib/test/auto/ArrayToSequence.xml (RunModel)" time="0.169" />
  <testcase classname="ptolemy.util.test.junit.AutoTests" name="[1] /home/travis/build/icyphy/ptII/ptolemy/domains/sdf/lib/test/auto/ArrayToSequenceTest.xml (RunModel)" time="0.072" />
  <testcase classname="ptolemy.util.test.junit.AutoTests" name="[2] /home/travis/build/icyphy/ptII/ptolemy/domains/sdf/lib/test/auto/Autocorrelation.xml (RunModel)" time="0.021" />
  <testcase classname="ptolemy.util.test.junit.AutoTests" name="[3] /home/travis/build/icyphy/ptII/ptolemy/domains/sdf/lib/test/auto/Autocorrelation2.xml (RunModel)" time="0.032" />
  <testcase classname="ptolemy.util.test.junit.AutoTests" name="[4] /home/travis/build/icyphy/ptII/ptolemy/domains/sdf/lib/test/auto/Autocorrelation3.xml (RunModel)" time="0.029" />
  <testcase classname="ptolemy.util.test.junit.AutoTests" name="[5] /home/travis/build/icyphy/ptII/ptolemy/domains/sdf/lib/test/auto/Autocorrelation4.xml (RunModel)" time="0.03" />
  <testcase classname="ptolemy.util.test.junit.AutoTests" name="[6] /home/travis/build/icyphy/ptII/ptolemy/domains/sdf/lib/test/auto/Autocorrelation5.xml (RunModel)" time="0.067" />
  <testcase classname="ptolemy.util.test.junit.AutoTests" name="[7] /home/travis/build/icyphy/ptII/ptolemy/domains/sdf/lib/test/auto/BitsToInt.xml (RunModel)" time="0.041" />
  <testcase classname="ptolemy.util.test.junit.AutoTests" name="[8] /home/travis/build/icyphy/ptII/ptolemy/domains/sdf/lib/test/auto/BooleanJoin.xml (RunModel)" time="0.057" />
  <testcase classname="ptolemy.util.test.junit.AutoTests" name="[9] /home/travis/build/icyphy/ptII/ptolemy/domains/sdf/lib/test/auto/BootstrapSampleDelay.xml (RunModel)" time="0.026" />
  <testcase classname="ptolemy.util.test.junit.AutoTests" name="[10] /home/travis/build/icyphy/ptII/ptolemy/domains/sdf/lib/test/auto/Chop.xml (RunModel)" time="0.041" />
  <testcase classname="ptolemy.util.test.junit.AutoTests" name="[11] /home/travis/build/icyphy/ptII/ptolemy/domains/sdf/lib/test/auto/Chop2.xml (RunModel)" time="0.023" />
  <testcase classname="ptolemy.util.test.junit.AutoTests" name="[12] /home/travis/build/icyphy/ptII/ptolemy/domains/sdf/lib/test/auto/ComplexJoin.xml (RunModel)" time="0.021" />
  <testcase classname="ptolemy.util.test.junit.AutoTests" name="[13] /home/travis/build/icyphy/ptII/ptolemy/domains/sdf/lib/test/auto/CountTrues.xml (RunModel)" time="0.031" />
  <testcase classname="ptolemy.util.test.junit.AutoTests" name="[14] /home/travis/build/icyphy/ptII/ptolemy/domains/sdf/lib/test/auto/DelayLine.xml (RunModel)" time="0.043" />
  <testcase classname="ptolemy.util.test.junit.AutoTests" name="[15] /home/travis/build/icyphy/ptII/ptolemy/domains/sdf/lib/test/auto/DotProduct.xml (RunModel)" time="0.025" />
  <testcase classname="ptolemy.util.test.junit.AutoTests" name="[16] /home/travis/build/icyphy/ptII/ptolemy/domains/sdf/lib/test/auto/DotProductMatrix.xml (RunModel)" time="0.037" />
  <testcase classname="ptolemy.util.test.junit.AutoTests" name="[17] /home/travis/build/icyphy/ptII/ptolemy/domains/sdf/lib/test/auto/DownSample1.xml (RunModel)" time="0.03" />
  <testcase classname="ptolemy.util.test.junit.AutoTests" name="[18] /home/travis/build/icyphy/ptII/ptolemy/domains/sdf/lib/test/auto/DynamicRateChange.xml (RunModel)" time="0.04" />
  <testcase classname="ptolemy.util.test.junit.AutoTests" name="[19] /home/travis/build/icyphy/ptII/ptolemy/domains/sdf/lib/test/auto/DynamicRates.xml (RunModel)" time="0.036" />
  <testcase classname="ptolemy.util.test.junit.AutoTests" name="[20] /home/travis/build/icyphy/ptII/ptolemy/domains/sdf/lib/test/auto/FFT1.xml (RunModel)" time="0.034" />
  <testcase classname="ptolemy.util.test.junit.AutoTests" name="[21] /home/travis/build/icyphy/ptII/ptolemy/domains/sdf/lib/test/auto/FIR1.xml (RunModel)" time="0.058" />
  <testcase classname="ptolemy.util.test.junit.AutoTests" name="[22] /home/travis/build/icyphy/ptII/ptolemy/domains/sdf/lib/test/auto/FIR2.xml (RunModel)" time="0.019" />
  <testcase classname="ptolemy.util.test.junit.AutoTests" name="[23] /home/travis/build/icyphy/ptII/ptolemy/domains/sdf/lib/test/auto/FIR4.xml (RunModel)" time="0.041" />
  <testcase classname="ptolemy.util.test.junit.AutoTests" name="[24] /home/travis/build/icyphy/ptII/ptolemy/domains/sdf/lib/test/auto/FixJoin.xml (RunModel)" time="0.044" />
  <testcase classname="ptolemy.util.test.junit.AutoTests" name="[25] /home/travis/build/icyphy/ptII/ptolemy/domains/sdf/lib/test/auto/IntJoin1.xml (RunModel)" time="0.026" />
  <testcase classname="ptolemy.util.test.junit.AutoTests" name="[26] /home/travis/build/icyphy/ptII/ptolemy/domains/sdf/lib/test/auto/IntJoin2.xml (RunModel)" time="0.02" />
  <testcase classname="ptolemy.util.test.junit.AutoTests" name="[27] /home/travis/build/icyphy/ptII/ptolemy/domains/sdf/lib/test/auto/IntJoin3.xml (RunModel)" time="0.023" />
  <testcase classname="ptolemy.util.test.junit.AutoTests" name="[28] /home/travis/build/icyphy/ptII/ptolemy/domains/sdf/lib/test/auto/IntJoin4.xml (RunModel)" time="0.025" />
  <testcase classname="ptolemy.util.test.junit.AutoTests" name="[29] /home/travis/build/icyphy/ptII/ptolemy/domains/sdf/lib/test/auto/IntJoin5.xml (RunModel)" time="0.027" />
  <testcase classname="ptolemy.util.test.junit.AutoTests" name="[30] /home/travis/build/icyphy/ptII/ptolemy/domains/sdf/lib/test/auto/IntToBits.xml (RunModel)" time="0.02" />
  <testcase classname="ptolemy.util.test.junit.AutoTests" name="[31] /home/travis/build/icyphy/ptII/ptolemy/domains/sdf/lib/test/auto/LMSAdaptive.xml (RunModel)" time="0.069" />
  <testcase classname="ptolemy.util.test.junit.AutoTests" name="[32] /home/travis/build/icyphy/ptII/ptolemy/domains/sdf/lib/test/auto/LMSAdaptiveFIR.xml (RunModel)" time="0.301" />
  <testcase classname="ptolemy.util.test.junit.AutoTests" name="[33] /home/travis/build/icyphy/ptII/ptolemy/domains/sdf/lib/test/auto/LMSAdaptiveFIR2.xml (RunModel)" time="0.454" />
  <testcase classname="ptolemy.util.test.junit.AutoTests" name="[34] /home/travis/build/icyphy/ptII/ptolemy/domains/sdf/lib/test/auto/LongJoin.xml (RunModel)" time="0.028" />
  <testcase classname="ptolemy.util.test.junit.AutoTests" name="[35] /home/travis/build/icyphy/ptII/ptolemy/domains/sdf/lib/test/auto/Matrix1.xml (RunModel)" time="0.021" />
  <testcase classname="ptolemy.util.test.junit.AutoTests" name="[36] /home/travis/build/icyphy/ptII/ptolemy/domains/sdf/lib/test/auto/Matrix2.xml (RunModel)" time="0.042" />
  <testcase classname="ptolemy.util.test.junit.AutoTests" name="[37] /home/travis/build/icyphy/ptII/ptolemy/domains/sdf/lib/test/auto/MatrixJoin1.xml (RunModel)" time="0.045" />
  <testcase classname="ptolemy.util.test.junit.AutoTests" name="[38] /home/travis/build/icyphy/ptII/ptolemy/domains/sdf/lib/test/auto/MatrixJoin2.xml (RunModel)" time="0.032" />
  <testcase classname="ptolemy.util.test.junit.AutoTests" name="[39] /home/travis/build/icyphy/ptII/ptolemy/domains/sdf/lib/test/auto/MatrixJoin3.xml (RunModel)" time="0.027" />
  <testcase classname="ptolemy.util.test.junit.AutoTests" name="[40] /home/travis/build/icyphy/ptII/ptolemy/domains/sdf/lib/test/auto/MatrixJoin4.xml (RunModel)" time="0.021" />
  <testcase classname="ptolemy.util.test.junit.AutoTests" name="[41] /home/travis/build/icyphy/ptII/ptolemy/domains/sdf/lib/test/auto/MatrixJoin5.xml (RunModel)" time="0.02" />
  <testcase classname="ptolemy.util.test.junit.AutoTests" name="[42] /home/travis/build/icyphy/ptII/ptolemy/domains/sdf/lib/test/auto/MatrixSplit1.xml (RunModel)" time="0.023" />
  <testcase classname="ptolemy.util.test.junit.AutoTests" name="[43] /home/travis/build/icyphy/ptII/ptolemy/domains/sdf/lib/test/auto/MatrixSplit10.xml (RunModel)" time="0.015" />
  <testcase classname="ptolemy.util.test.junit.AutoTests" name="[44] /home/travis/build/icyphy/ptII/ptolemy/domains/sdf/lib/test/auto/MatrixSplit11.xml (RunModel)" time="0.016" />
  <testcase classname="ptolemy.util.test.junit.AutoTests" name="[45] /home/travis/build/icyphy/ptII/ptolemy/domains/sdf/lib/test/auto/MatrixSplit12.xml (RunModel)" time="0.02" />
  <testcase classname="ptolemy.util.test.junit.AutoTests" name="[46] /home/travis/build/icyphy/ptII/ptolemy/domains/sdf/lib/test/auto/MatrixSplit13.xml (RunModel)" time="0.032" />
  <testcase classname="ptolemy.util.test.junit.AutoTests" name="[47] /home/travis/build/icyphy/ptII/ptolemy/domains/sdf/lib/test/auto/MatrixSplit14.xml (RunModel)" time="0.016" />
  <testcase classname="ptolemy.util.test.junit.AutoTests" name="[48] /home/travis/build/icyphy/ptII/ptolemy/domains/sdf/lib/test/auto/MatrixSplit2.xml (RunModel)" time="0.021" />
  <testcase classname="ptolemy.util.test.junit.AutoTests" name="[49] /home/travis/build/icyphy/ptII/ptolemy/domains/sdf/lib/test/auto/MatrixSplit3.xml (RunModel)" time="0.019" />
  <testcase classname="ptolemy.util.test.junit.AutoTests" name="[50] /home/travis/build/icyphy/ptII/ptolemy/domains/sdf/lib/test/auto/MatrixSplit4.xml (RunModel)" time="0.02" />
  <testcase classname="ptolemy.util.test.junit.AutoTests" name="[51] /home/travis/build/icyphy/ptII/ptolemy/domains/sdf/lib/test/auto/MatrixSplit5.xml (RunModel)" time="0.015" />
  <testcase classname="ptolemy.util.test.junit.AutoTests" name="[52] /home/travis/build/icyphy/ptII/ptolemy/domains/sdf/lib/test/auto/MatrixSplit6.xml (RunModel)" time="0.026" />
  <testcase classname="ptolemy.util.test.junit.AutoTests" name="[53] /home/travis/build/icyphy/ptII/ptolemy/domains/sdf/lib/test/auto/MatrixSplit7.xml (RunModel)" time="0.024" />
  <testcase classname="ptolemy.util.test.junit.AutoTests" name="[54] /home/travis/build/icyphy/ptII/ptolemy/domains/sdf/lib/test/auto/MatrixSplit8.xml (RunModel)" time="0.019" />
  <testcase classname="ptolemy.util.test.junit.AutoTests" name="[55] /home/travis/build/icyphy/ptII/ptolemy/domains/sdf/lib/test/auto/MatrixSplit9.xml (RunModel)" time="0.034" />
  <testcase classname="ptolemy.util.test.junit.AutoTests" name="[56] /home/travis/build/icyphy/ptII/ptolemy/domains/sdf/lib/test/auto/MatrixToSequence.xml (RunModel)" time="0.049" />
  <testcase classname="ptolemy.util.test.junit.AutoTests" name="[57] /home/travis/build/icyphy/ptII/ptolemy/domains/sdf/lib/test/auto/MaximumEntropySpectrum.xml (RunModel)" time="0.087" />
  <testcase classname="ptolemy.util.test.junit.AutoTests" name="[58] /home/travis/build/icyphy/ptII/ptolemy/domains/sdf/lib/test/auto/SampleDelayConversion.xml (RunModel)" time="0.023" />
  <testcase classname="ptolemy.util.test.junit.AutoTests" name="[59] /home/travis/build/icyphy/ptII/ptolemy/domains/sdf/lib/test/auto/SequenceToArray.xml (RunModel)" time="0.046" />
  <testcase classname="ptolemy.util.test.junit.AutoTests" name="[60] /home/travis/build/icyphy/ptII/ptolemy/domains/sdf/lib/test/auto/SequenceToMatrix.xml (RunModel)" time="4.466" />
  <testcase classname="ptolemy.util.test.junit.AutoTests" name="[61] /home/travis/build/icyphy/ptII/ptolemy/domains/sdf/lib/test/auto/SmoothedPeriodogram.xml (RunModel)" time="0.044" />
  <testcase classname="ptolemy.util.test.junit.AutoTests" name="[62] /home/travis/build/icyphy/ptII/ptolemy/domains/sdf/lib/test/auto/UpDownSample1.xml (RunModel)" time="0.022" />
  <testcase classname="ptolemy.util.test.junit.AutoTests" name="[63] /home/travis/build/icyphy/ptII/ptolemy/domains/sdf/lib/test/auto/UpSample1.xml (RunModel)" time="0.014" />
  <testcase classname="ptolemy.util.test.junit.AutoTests" name="[64] /home/travis/build/icyphy/ptII/ptolemy/domains/sdf/lib/test/auto/VariableFIR.xml (RunModel)" time="0.029" />
  <testcase classname="ptolemy.util.test.junit.AutoTests" name="[65] /home/travis/build/icyphy/ptII/ptolemy/domains/sdf/lib/test/auto/VariableFIR2.xml (RunModel)" time="0.018" />
  <testcase classname="ptolemy.util.test.junit.AutoTests" name="[66] /home/travis/build/icyphy/ptII/ptolemy/domains/sdf/lib/test/auto/VariableLattice.xml (RunModel)" time="0.025" />
  <testcase classname="ptolemy.util.test.junit.AutoTests" name="[67] /home/travis/build/icyphy/ptII/ptolemy/domains/sdf/lib/test/auto/VariableLattice2.xml (RunModel)" time="0.021" />
  <testcase classname="ptolemy.util.test.junit.AutoTests" name="[68] /home/travis/build/icyphy/ptII/ptolemy/domains/sdf/lib/test/auto/VariableRecursiveLattice.xml (RunModel)" time="0.021" />
  <testcase classname="ptolemy.util.test.junit.AutoTests" name="[69] /home/travis/build/icyphy/ptII/ptolemy/domains/sdf/lib/test/auto/VariableRecursiveLattice2.xml (RunModel)" time="0.021" />
  <system-out><![CDATA[/home/travis/build/icyphy/ptII/ptolemy/domains/sdf/lib/test/ArrayToSequence.tcl
testDefs.tcl: setting time out to 9000 seconds at Mon Jan 14 03:22:38 UTC 2019
74 ms. Memory: 116224K Free: 110140K (95%)
14 ms. Memory: 116224K Free: 108365K (93%)
23 ms. Memory: 116224K Free: 106557K (92%)
17 ms. Memory: 116224K Free: 105379K (91%)
/home/travis/build/icyphy/ptII/ptolemy/domains/sdf/lib/test/BitsToInt.tcl
10 ms. Memory: 116224K Free: 103007K (89%)
8 ms. Memory: 116224K Free: 101796K (88%)
/home/travis/build/icyphy/ptII/ptolemy/domains/sdf/lib/test/DelayLine.tcl
7 ms. Memory: 116224K Free: 100013K (86%)
/home/travis/build/icyphy/ptII/ptolemy/domains/sdf/lib/test/FFT.tcl
5 ms. Memory: 116224K Free: 98230K (85%)
/home/travis/build/icyphy/ptII/ptolemy/domains/sdf/lib/test/FIR.tcl
16 ms. Memory: 116224K Free: 95865K (82%)
3 ms. Memory: 116224K Free: 95276K (82%)
ptolemy.kernel.util.IllegalActionException: multiplyReverse method not supported between ptolemy.data.FixToken 'fix(-0.0625,6,2)' and ptolemy.data.IntToken '1' because the types are incomparable.
  in .top.FIRclone
Because:
multiplyReverse method not supported between ptolemy.data.FixToken 'fix(-0.0625,6,2)' and ptolemy.data.IntToken '1' because the types are incomparable.
15 ms. Memory: 116224K Free: 92310K (79%)
/home/travis/build/icyphy/ptII/ptolemy/domains/sdf/lib/test/IntToBits.tcl
13 ms. Memory: 116224K Free: 91100K (78%)
11 ms. Memory: 116224K Free: 89301K (77%)
/home/travis/build/icyphy/ptII/ptolemy/domains/sdf/lib/test/MaximumEntropySpectrum.tcl
/home/travis/build/icyphy/ptII/ptolemy/domains/sdf/lib/test/Repeat.tcl
14 ms. Memory: 146944K Free: 119513K (81%)
/home/travis/build/icyphy/ptII/ptolemy/domains/sdf/lib/test/SampleDelay.tcl
6 ms. Memory: 146944K Free: 117115K (80%)
7 ms. Memory: 146944K Free: 117115K (80%)
4 ms. Memory: 146944K Free: 115925K (79%)
13 ms. Memory: 146944K Free: 114718K (78%)
2 ms. Memory: 146944K Free: 114718K (78%)
1 ms. Memory: 146944K Free: 113511K (77%)
/home/travis/build/icyphy/ptII/ptolemy/domains/sdf/lib/test/SequenceToArray.tcl
5 ms. Memory: 146944K Free: 111076K (76%)
12 ms. Memory: 146944K Free: 109885K (75%)
8 ms. Memory: 146944K Free: 108679K (74%)
13 ms. Memory: 146944K Free: 107487K (73%)
01/14/19 03:22:39
Failed: 0  Total Tests: 41  ((Passed: 41, Newly Passed: 0)  Known Failed: 0) /home/travis/build/icyphy/ptII/ptolemy/domains/sdf/lib/test
No auto/knownFailedTests/*.xml tests in /home/travis/build/icyphy/ptII/ptolemy/domains/sdf/lib/test
No auto/linux-amd64/*.xml tests in /home/travis/build/icyphy/ptII/ptolemy/domains/sdf/lib/test
AutoTests.java: About to close Vertx.
AutoTests.java: Vertx closed.

===========================================================================================
----------------- testing Mon Jan 14 03:22:39 UTC 2019 /home/travis/build/icyphy/ptII/ptolemy/domains/sdf/lib/test/auto/ArrayToSequence.xml
----------------- Instantiating /home/travis/build/icyphy/ptII/ptolemy/domains/sdf/lib/test/auto/ArrayToSequence.xml
14 ms. Memory: 146944K Free: 125581K (85%)
----------------- Invoking toplevel() on ptolemy.moml.MoMLSimpleApplication@409ee2c9
----------------- Done invoking toplevel() on ptolemy.moml.MoMLSimpleApplication@409ee2c9
reloadAllAccessors: .ArrayToSequence

===========================================================================================
----------------- testing Mon Jan 14 03:22:39 UTC 2019 /home/travis/build/icyphy/ptII/ptolemy/domains/sdf/lib/test/auto/ArrayToSequenceTest.xml
----------------- Instantiating /home/travis/build/icyphy/ptII/ptolemy/domains/sdf/lib/test/auto/ArrayToSequenceTest.xml
24 ms. Memory: 146944K Free: 118038K (80%)
----------------- Invoking toplevel() on ptolemy.moml.MoMLSimpleApplication@52f9eef2
----------------- Done invoking toplevel() on ptolemy.moml.MoMLSimpleApplication@52f9eef2
reloadAllAccessors: .ArrayToSequenceTest

===========================================================================================
----------------- testing Mon Jan 14 03:22:39 UTC 2019 /home/travis/build/icyphy/ptII/ptolemy/domains/sdf/lib/test/auto/Autocorrelation.xml
----------------- Instantiating /home/travis/build/icyphy/ptII/ptolemy/domains/sdf/lib/test/auto/Autocorrelation.xml
4 ms. Memory: 146944K Free: 113379K (77%)
----------------- Invoking toplevel() on ptolemy.moml.MoMLSimpleApplication@8244562
----------------- Done invoking toplevel() on ptolemy.moml.MoMLSimpleApplication@8244562
reloadAllAccessors: .Autocorrelation

===========================================================================================
----------------- testing Mon Jan 14 03:22:39 UTC 2019 /home/travis/build/icyphy/ptII/ptolemy/domains/sdf/lib/test/auto/Autocorrelation2.xml
----------------- Instantiating /home/travis/build/icyphy/ptII/ptolemy/domains/sdf/lib/test/auto/Autocorrelation2.xml
8 ms. Memory: 146944K Free: 108737K (74%)
----------------- Invoking toplevel() on ptolemy.moml.MoMLSimpleApplication@656d5f61
----------------- Done invoking toplevel() on ptolemy.moml.MoMLSimpleApplication@656d5f61
reloadAllAccessors: .Autocorrelation2

===========================================================================================
----------------- testing Mon Jan 14 03:22:39 UTC 2019 /home/travis/build/icyphy/ptII/ptolemy/domains/sdf/lib/test/auto/Autocorrelation3.xml
----------------- Instantiating /home/travis/build/icyphy/ptII/ptolemy/domains/sdf/lib/test/auto/Autocorrelation3.xml
3 ms. Memory: 146944K Free: 103387K (70%)
----------------- Invoking toplevel() on ptolemy.moml.MoMLSimpleApplication@6c90d829
----------------- Done invoking toplevel() on ptolemy.moml.MoMLSimpleApplication@6c90d829
reloadAllAccessors: .Autocorrelation3

===========================================================================================
----------------- testing Mon Jan 14 03:22:40 UTC 2019 /home/travis/build/icyphy/ptII/ptolemy/domains/sdf/lib/test/auto/Autocorrelation4.xml
----------------- Instantiating /home/travis/build/icyphy/ptII/ptolemy/domains/sdf/lib/test/auto/Autocorrelation4.xml
5 ms. Memory: 146944K Free: 98785K (67%)
----------------- Invoking toplevel() on ptolemy.moml.MoMLSimpleApplication@71829dfe
----------------- Done invoking toplevel() on ptolemy.moml.MoMLSimpleApplication@71829dfe
reloadAllAccessors: .Autocorrelation4

===========================================================================================
----------------- testing Mon Jan 14 03:22:40 UTC 2019 /home/travis/build/icyphy/ptII/ptolemy/domains/sdf/lib/test/auto/Autocorrelation5.xml
----------------- Instantiating /home/travis/build/icyphy/ptII/ptolemy/domains/sdf/lib/test/auto/Autocorrelation5.xml
41 ms. Memory: 146944K Free: 91685K (62%)
----------------- Invoking toplevel() on ptolemy.moml.MoMLSimpleApplication@31da6903
----------------- Done invoking toplevel() on ptolemy.moml.MoMLSimpleApplication@31da6903
reloadAllAccessors: .Autocorrelation5

===========================================================================================
----------------- testing Mon Jan 14 03:22:40 UTC 2019 /home/travis/build/icyphy/ptII/ptolemy/domains/sdf/lib/test/auto/BitsToInt.xml
----------------- Instantiating /home/travis/build/icyphy/ptII/ptolemy/domains/sdf/lib/test/auto/BitsToInt.xml
11 ms. Memory: 146944K Free: 87210K (59%)
----------------- Invoking toplevel() on ptolemy.moml.MoMLSimpleApplication@4975d53a
----------------- Done invoking toplevel() on ptolemy.moml.MoMLSimpleApplication@4975d53a
reloadAllAccessors: .BitsToInt

===========================================================================================
----------------- testing Mon Jan 14 03:22:40 UTC 2019 /home/travis/build/icyphy/ptII/ptolemy/domains/sdf/lib/test/auto/BooleanJoin.xml
----------------- Instantiating /home/travis/build/icyphy/ptII/ptolemy/domains/sdf/lib/test/auto/BooleanJoin.xml
13 ms. Memory: 146944K Free: 82575K (56%)
----------------- Invoking toplevel() on ptolemy.moml.MoMLSimpleApplication@39aff13b
----------------- Done invoking toplevel() on ptolemy.moml.MoMLSimpleApplication@39aff13b
reloadAllAccessors: .BooleanJoin

===========================================================================================
----------------- testing Mon Jan 14 03:22:40 UTC 2019 /home/travis/build/icyphy/ptII/ptolemy/domains/sdf/lib/test/auto/BootstrapSampleDelay.xml
----------------- Instantiating /home/travis/build/icyphy/ptII/ptolemy/domains/sdf/lib/test/auto/BootstrapSampleDelay.xml
5 ms. Memory: 146944K Free: 78784K (54%)
----------------- Invoking toplevel() on ptolemy.moml.MoMLSimpleApplication@1de72da3
----------------- Done invoking toplevel() on ptolemy.moml.MoMLSimpleApplication@1de72da3
reloadAllAccessors: .BootstrapSampleDelay

===========================================================================================
----------------- testing Mon Jan 14 03:22:40 UTC 2019 /home/travis/build/icyphy/ptII/ptolemy/domains/sdf/lib/test/auto/Chop.xml
----------------- Instantiating /home/travis/build/icyphy/ptII/ptolemy/domains/sdf/lib/test/auto/Chop.xml
5 ms. Memory: 208384K Free: 192009K (92%)
----------------- Invoking toplevel() on ptolemy.moml.MoMLSimpleApplication@6457efb
----------------- Done invoking toplevel() on ptolemy.moml.MoMLSimpleApplication@6457efb
reloadAllAccessors: .Chop

===========================================================================================
----------------- testing Mon Jan 14 03:22:40 UTC 2019 /home/travis/build/icyphy/ptII/ptolemy/domains/sdf/lib/test/auto/Chop2.xml
----------------- Instantiating /home/travis/build/icyphy/ptII/ptolemy/domains/sdf/lib/test/auto/Chop2.xml
4 ms. Memory: 208384K Free: 183668K (88%)
----------------- Invoking toplevel() on ptolemy.moml.MoMLSimpleApplication@42580e55
----------------- Done invoking toplevel() on ptolemy.moml.MoMLSimpleApplication@42580e55
reloadAllAccessors: .Chop2

===========================================================================================
----------------- testing Mon Jan 14 03:22:40 UTC 2019 /home/travis/build/icyphy/ptII/ptolemy/domains/sdf/lib/test/auto/ComplexJoin.xml
----------------- Instantiating /home/travis/build/icyphy/ptII/ptolemy/domains/sdf/lib/test/auto/ComplexJoin.xml
2 ms. Memory: 208384K Free: 178721K (86%)
----------------- Invoking toplevel() on ptolemy.moml.MoMLSimpleApplication@84f01da
----------------- Done invoking toplevel() on ptolemy.moml.MoMLSimpleApplication@84f01da
reloadAllAccessors: .ComplexJoin

===========================================================================================
----------------- testing Mon Jan 14 03:22:40 UTC 2019 /home/travis/build/icyphy/ptII/ptolemy/domains/sdf/lib/test/auto/CountTrues.xml
----------------- Instantiating /home/travis/build/icyphy/ptII/ptolemy/domains/sdf/lib/test/auto/CountTrues.xml
5 ms. Memory: 208384K Free: 175648K (84%)
----------------- Invoking toplevel() on ptolemy.moml.MoMLSimpleApplication@56d34e27
----------------- Done invoking toplevel() on ptolemy.moml.MoMLSimpleApplication@56d34e27
reloadAllAccessors: .CountTrues

===========================================================================================
----------------- testing Mon Jan 14 03:22:40 UTC 2019 /home/travis/build/icyphy/ptII/ptolemy/domains/sdf/lib/test/auto/DelayLine.xml
----------------- Instantiating /home/travis/build/icyphy/ptII/ptolemy/domains/sdf/lib/test/auto/DelayLine.xml
8 ms. Memory: 208384K Free: 170086K (82%)
----------------- Invoking toplevel() on ptolemy.moml.MoMLSimpleApplication@4f73411d
----------------- Done invoking toplevel() on ptolemy.moml.MoMLSimpleApplication@4f73411d
reloadAllAccessors: .DelayLine

===========================================================================================
----------------- testing Mon Jan 14 03:22:40 UTC 2019 /home/travis/build/icyphy/ptII/ptolemy/domains/sdf/lib/test/auto/DotProduct.xml
----------------- Instantiating /home/travis/build/icyphy/ptII/ptolemy/domains/sdf/lib/test/auto/DotProduct.xml
4 ms. Memory: 208384K Free: 164802K (79%)
----------------- Invoking toplevel() on ptolemy.moml.MoMLSimpleApplication@61edc46
----------------- Done invoking toplevel() on ptolemy.moml.MoMLSimpleApplication@61edc46
reloadAllAccessors: .DotProduct

===========================================================================================
----------------- testing Mon Jan 14 03:22:40 UTC 2019 /home/travis/build/icyphy/ptII/ptolemy/domains/sdf/lib/test/auto/DotProductMatrix.xml
----------------- Instantiating /home/travis/build/icyphy/ptII/ptolemy/domains/sdf/lib/test/auto/DotProductMatrix.xml
10 ms. Memory: 208384K Free: 161690K (78%)
----------------- Invoking toplevel() on ptolemy.moml.MoMLSimpleApplication@5d54656b
----------------- Done invoking toplevel() on ptolemy.moml.MoMLSimpleApplication@5d54656b
reloadAllAccessors: .DotProductMatrix

===========================================================================================
----------------- testing Mon Jan 14 03:22:40 UTC 2019 /home/travis/build/icyphy/ptII/ptolemy/domains/sdf/lib/test/auto/DownSample1.xml
----------------- Instantiating /home/travis/build/icyphy/ptII/ptolemy/domains/sdf/lib/test/auto/DownSample1.xml
5 ms. Memory: 208384K Free: 157987K (76%)
----------------- Invoking toplevel() on ptolemy.moml.MoMLSimpleApplication@5e756957
----------------- Done invoking toplevel() on ptolemy.moml.MoMLSimpleApplication@5e756957
reloadAllAccessors: .DownSample1

===========================================================================================
----------------- testing Mon Jan 14 03:22:40 UTC 2019 /home/travis/build/icyphy/ptII/ptolemy/domains/sdf/lib/test/auto/DynamicRateChange.xml
----------------- Instantiating /home/travis/build/icyphy/ptII/ptolemy/domains/sdf/lib/test/auto/DynamicRateChange.xml
15 ms. Memory: 208384K Free: 151811K (73%)
----------------- Invoking toplevel() on ptolemy.moml.MoMLSimpleApplication@1fc5e31e
----------------- Done invoking toplevel() on ptolemy.moml.MoMLSimpleApplication@1fc5e31e
reloadAllAccessors: .DynamicRateChange

===========================================================================================
----------------- testing Mon Jan 14 03:22:40 UTC 2019 /home/travis/build/icyphy/ptII/ptolemy/domains/sdf/lib/test/auto/DynamicRates.xml
----------------- Instantiating /home/travis/build/icyphy/ptII/ptolemy/domains/sdf/lib/test/auto/DynamicRates.xml
16 ms. Memory: 208384K Free: 144652K (69%)
----------------- Invoking toplevel() on ptolemy.moml.MoMLSimpleApplication@66e7d4f6
----------------- Done invoking toplevel() on ptolemy.moml.MoMLSimpleApplication@66e7d4f6
reloadAllAccessors: .DynamicRates

===========================================================================================
----------------- testing Mon Jan 14 03:22:40 UTC 2019 /home/travis/build/icyphy/ptII/ptolemy/domains/sdf/lib/test/auto/FFT1.xml
----------------- Instantiating /home/travis/build/icyphy/ptII/ptolemy/domains/sdf/lib/test/auto/FFT1.xml
9 ms. Memory: 208384K Free: 139640K (67%)
----------------- Invoking toplevel() on ptolemy.moml.MoMLSimpleApplication@5dc514af
----------------- Done invoking toplevel() on ptolemy.moml.MoMLSimpleApplication@5dc514af
reloadAllAccessors: .FFT1

===========================================================================================
----------------- testing Mon Jan 14 03:22:40 UTC 2019 /home/travis/build/icyphy/ptII/ptolemy/domains/sdf/lib/test/auto/FIR1.xml
----------------- Instantiating /home/travis/build/icyphy/ptII/ptolemy/domains/sdf/lib/test/auto/FIR1.xml
20 ms. Memory: 208384K Free: 132195K (63%)
----------------- Invoking toplevel() on ptolemy.moml.MoMLSimpleApplication@79a84c13
----------------- Done invoking toplevel() on ptolemy.moml.MoMLSimpleApplication@79a84c13
reloadAllAccessors: .FIR1

===========================================================================================
----------------- testing Mon Jan 14 03:22:40 UTC 2019 /home/travis/build/icyphy/ptII/ptolemy/domains/sdf/lib/test/auto/FIR2.xml
----------------- Instantiating /home/travis/build/icyphy/ptII/ptolemy/domains/sdf/lib/test/auto/FIR2.xml
5 ms. Memory: 208384K Free: 128509K (62%)
----------------- Invoking toplevel() on ptolemy.moml.MoMLSimpleApplication@3fedd957
----------------- Done invoking toplevel() on ptolemy.moml.MoMLSimpleApplication@3fedd957
reloadAllAccessors: .FIR2

===========================================================================================
----------------- testing Mon Jan 14 03:22:40 UTC 2019 /home/travis/build/icyphy/ptII/ptolemy/domains/sdf/lib/test/auto/FIR4.xml
----------------- Instantiating /home/travis/build/icyphy/ptII/ptolemy/domains/sdf/lib/test/auto/FIR4.xml
6 ms. Memory: 208384K Free: 118277K (57%)
----------------- Invoking toplevel() on ptolemy.moml.MoMLSimpleApplication@6a5698a3
----------------- Done invoking toplevel() on ptolemy.moml.MoMLSimpleApplication@6a5698a3
reloadAllAccessors: .FIR4

===========================================================================================
----------------- testing Mon Jan 14 03:22:40 UTC 2019 /home/travis/build/icyphy/ptII/ptolemy/domains/sdf/lib/test/auto/FixJoin.xml
----------------- Instantiating /home/travis/build/icyphy/ptII/ptolemy/domains/sdf/lib/test/auto/FixJoin.xml
5 ms. Memory: 208384K Free: 113346K (54%)
----------------- Invoking toplevel() on ptolemy.moml.MoMLSimpleApplication@3bc8ec7b
----------------- Done invoking toplevel() on ptolemy.moml.MoMLSimpleApplication@3bc8ec7b
reloadAllAccessors: .FixJoin

===========================================================================================
----------------- testing Mon Jan 14 03:22:40 UTC 2019 /home/travis/build/icyphy/ptII/ptolemy/domains/sdf/lib/test/auto/IntJoin1.xml
----------------- Instantiating /home/travis/build/icyphy/ptII/ptolemy/domains/sdf/lib/test/auto/IntJoin1.xml
4 ms. Memory: 208384K Free: 109029K (52%)
----------------- Invoking toplevel() on ptolemy.moml.MoMLSimpleApplication@3e2ca76d
----------------- Done invoking toplevel() on ptolemy.moml.MoMLSimpleApplication@3e2ca76d
reloadAllAccessors: .IntJoin1

===========================================================================================
----------------- testing Mon Jan 14 03:22:40 UTC 2019 /home/travis/build/icyphy/ptII/ptolemy/domains/sdf/lib/test/auto/IntJoin2.xml
----------------- Instantiating /home/travis/build/icyphy/ptII/ptolemy/domains/sdf/lib/test/auto/IntJoin2.xml
3 ms. Memory: 208384K Free: 104105K (50%)
----------------- Invoking toplevel() on ptolemy.moml.MoMLSimpleApplication@1bb3a87
----------------- Done invoking toplevel() on ptolemy.moml.MoMLSimpleApplication@1bb3a87
reloadAllAccessors: .IntJoin2

===========================================================================================
----------------- testing Mon Jan 14 03:22:40 UTC 2019 /home/travis/build/icyphy/ptII/ptolemy/domains/sdf/lib/test/auto/IntJoin3.xml
----------------- Instantiating /home/travis/build/icyphy/ptII/ptolemy/domains/sdf/lib/test/auto/IntJoin3.xml
5 ms. Memory: 208384K Free: 98151K (47%)
----------------- Invoking toplevel() on ptolemy.moml.MoMLSimpleApplication@628a0d64
----------------- Done invoking toplevel() on ptolemy.moml.MoMLSimpleApplication@628a0d64
reloadAllAccessors: .IntJoin3

===========================================================================================
----------------- testing Mon Jan 14 03:22:40 UTC 2019 /home/travis/build/icyphy/ptII/ptolemy/domains/sdf/lib/test/auto/IntJoin4.xml
----------------- Instantiating /home/travis/build/icyphy/ptII/ptolemy/domains/sdf/lib/test/auto/IntJoin4.xml
3 ms. Memory: 208384K Free: 93211K (45%)
----------------- Invoking toplevel() on ptolemy.moml.MoMLSimpleApplication@15235f94
----------------- Done invoking toplevel() on ptolemy.moml.MoMLSimpleApplication@15235f94
reloadAllAccessors: .IntJoin4

===========================================================================================
----------------- testing Mon Jan 14 03:22:40 UTC 2019 /home/travis/build/icyphy/ptII/ptolemy/domains/sdf/lib/test/auto/IntJoin5.xml
----------------- Instantiating /home/travis/build/icyphy/ptII/ptolemy/domains/sdf/lib/test/auto/IntJoin5.xml
3 ms. Memory: 208384K Free: 88296K (42%)
----------------- Invoking toplevel() on ptolemy.moml.MoMLSimpleApplication@17b6296e
----------------- Done invoking toplevel() on ptolemy.moml.MoMLSimpleApplication@17b6296e
reloadAllAccessors: .IntJoin5

===========================================================================================
----------------- testing Mon Jan 14 03:22:40 UTC 2019 /home/travis/build/icyphy/ptII/ptolemy/domains/sdf/lib/test/auto/IntToBits.xml
----------------- Instantiating /home/travis/build/icyphy/ptII/ptolemy/domains/sdf/lib/test/auto/IntToBits.xml
10 ms. Memory: 208384K Free: 85224K (41%)
----------------- Invoking toplevel() on ptolemy.moml.MoMLSimpleApplication@68520589
----------------- Done invoking toplevel() on ptolemy.moml.MoMLSimpleApplication@68520589
reloadAllAccessors: .IntToBits

===========================================================================================
----------------- testing Mon Jan 14 03:22:40 UTC 2019 /home/travis/build/icyphy/ptII/ptolemy/domains/sdf/lib/test/auto/LMSAdaptive.xml
----------------- Instantiating /home/travis/build/icyphy/ptII/ptolemy/domains/sdf/lib/test/auto/LMSAdaptive.xml
6 ms. Memory: 208384K Free: 198688K (95%)
----------------- Invoking toplevel() on ptolemy.moml.MoMLSimpleApplication@5ae3242d
----------------- Done invoking toplevel() on ptolemy.moml.MoMLSimpleApplication@5ae3242d
reloadAllAccessors: .LMSAdaptive

===========================================================================================
----------------- testing Mon Jan 14 03:22:41 UTC 2019 /home/travis/build/icyphy/ptII/ptolemy/domains/sdf/lib/test/auto/LMSAdaptiveFIR.xml
----------------- Instantiating /home/travis/build/icyphy/ptII/ptolemy/domains/sdf/lib/test/auto/LMSAdaptiveFIR.xml
241 ms. Memory: 208384K Free: 158271K (76%)
----------------- Invoking toplevel() on ptolemy.moml.MoMLSimpleApplication@2f5f250b
----------------- Done invoking toplevel() on ptolemy.moml.MoMLSimpleApplication@2f5f250b
reloadAllAccessors: .LMSAdaptiveFIR

===========================================================================================
----------------- testing Mon Jan 14 03:22:41 UTC 2019 /home/travis/build/icyphy/ptII/ptolemy/domains/sdf/lib/test/auto/LMSAdaptiveFIR2.xml
----------------- Instantiating /home/travis/build/icyphy/ptII/ptolemy/domains/sdf/lib/test/auto/LMSAdaptiveFIR2.xml
374 ms. Memory: 208384K Free: 97985K (47%)
----------------- Invoking toplevel() on ptolemy.moml.MoMLSimpleApplication@12bed666
----------------- Done invoking toplevel() on ptolemy.moml.MoMLSimpleApplication@12bed666
reloadAllAccessors: .LMSAdaptiveFIR2

===========================================================================================
----------------- testing Mon Jan 14 03:22:41 UTC 2019 /home/travis/build/icyphy/ptII/ptolemy/domains/sdf/lib/test/auto/LongJoin.xml
----------------- Instantiating /home/travis/build/icyphy/ptII/ptolemy/domains/sdf/lib/test/auto/LongJoin.xml
6 ms. Memory: 208384K Free: 92558K (44%)
----------------- Invoking toplevel() on ptolemy.moml.MoMLSimpleApplication@7a3f3060
----------------- Done invoking toplevel() on ptolemy.moml.MoMLSimpleApplication@7a3f3060
reloadAllAccessors: .LongJoin

===========================================================================================
----------------- testing Mon Jan 14 03:22:41 UTC 2019 /home/travis/build/icyphy/ptII/ptolemy/domains/sdf/lib/test/auto/Matrix1.xml
----------------- Instantiating /home/travis/build/icyphy/ptII/ptolemy/domains/sdf/lib/test/auto/Matrix1.xml
5 ms. Memory: 208384K Free: 87627K (42%)
----------------- Invoking toplevel() on ptolemy.moml.MoMLSimpleApplication@2cf2a5cd
----------------- Done invoking toplevel() on ptolemy.moml.MoMLSimpleApplication@2cf2a5cd
reloadAllAccessors: .Matrix1

===========================================================================================
----------------- testing Mon Jan 14 03:22:41 UTC 2019 /home/travis/build/icyphy/ptII/ptolemy/domains/sdf/lib/test/auto/Matrix2.xml
----------------- Instantiating /home/travis/build/icyphy/ptII/ptolemy/domains/sdf/lib/test/auto/Matrix2.xml
5 ms. Memory: 208384K Free: 83310K (40%)
----------------- Invoking toplevel() on ptolemy.moml.MoMLSimpleApplication@7aa984cd
----------------- Done invoking toplevel() on ptolemy.moml.MoMLSimpleApplication@7aa984cd
reloadAllAccessors: .Matrix2

===========================================================================================
----------------- testing Mon Jan 14 03:22:41 UTC 2019 /home/travis/build/icyphy/ptII/ptolemy/domains/sdf/lib/test/auto/MatrixJoin1.xml
----------------- Instantiating /home/travis/build/icyphy/ptII/ptolemy/domains/sdf/lib/test/auto/MatrixJoin1.xml
26 ms. Memory: 333312K Free: 324866K (97%)
----------------- Invoking toplevel() on ptolemy.moml.MoMLSimpleApplication@4257072f
----------------- Done invoking toplevel() on ptolemy.moml.MoMLSimpleApplication@4257072f
reloadAllAccessors: .MatrixJoin1

===========================================================================================
----------------- testing Mon Jan 14 03:22:41 UTC 2019 /home/travis/build/icyphy/ptII/ptolemy/domains/sdf/lib/test/auto/MatrixJoin2.xml
----------------- Instantiating /home/travis/build/icyphy/ptII/ptolemy/domains/sdf/lib/test/auto/MatrixJoin2.xml
6 ms. Memory: 333312K Free: 316309K (95%)
----------------- Invoking toplevel() on ptolemy.moml.MoMLSimpleApplication@5cee773e
----------------- Done invoking toplevel() on ptolemy.moml.MoMLSimpleApplication@5cee773e
reloadAllAccessors: .MatrixJoin2

===========================================================================================
----------------- testing Mon Jan 14 03:22:41 UTC 2019 /home/travis/build/icyphy/ptII/ptolemy/domains/sdf/lib/test/auto/MatrixJoin3.xml
----------------- Instantiating /home/travis/build/icyphy/ptII/ptolemy/domains/sdf/lib/test/auto/MatrixJoin3.xml
3 ms. Memory: 333312K Free: 310157K (93%)
----------------- Invoking toplevel() on ptolemy.moml.MoMLSimpleApplication@2085f01
----------------- Done invoking toplevel() on ptolemy.moml.MoMLSimpleApplication@2085f01
reloadAllAccessors: .MatrixJoin3

===========================================================================================
----------------- testing Mon Jan 14 03:22:41 UTC 2019 /home/travis/build/icyphy/ptII/ptolemy/domains/sdf/lib/test/auto/MatrixJoin4.xml
----------------- Instantiating /home/travis/build/icyphy/ptII/ptolemy/domains/sdf/lib/test/auto/MatrixJoin4.xml
2 ms. Memory: 333312K Free: 304005K (91%)
----------------- Invoking toplevel() on ptolemy.moml.MoMLSimpleApplication@31badd88
----------------- Done invoking toplevel() on ptolemy.moml.MoMLSimpleApplication@31badd88
reloadAllAccessors: .MatrixJoin4

===========================================================================================
----------------- testing Mon Jan 14 03:22:41 UTC 2019 /home/travis/build/icyphy/ptII/ptolemy/domains/sdf/lib/test/auto/MatrixJoin5.xml
----------------- Instantiating /home/travis/build/icyphy/ptII/ptolemy/domains/sdf/lib/test/auto/MatrixJoin5.xml
3 ms. Memory: 333312K Free: 297642K (89%)
----------------- Invoking toplevel() on ptolemy.moml.MoMLSimpleApplication@7c071b01
----------------- Done invoking toplevel() on ptolemy.moml.MoMLSimpleApplication@7c071b01
reloadAllAccessors: .MatrixJoin5

===========================================================================================
----------------- testing Mon Jan 14 03:22:42 UTC 2019 /home/travis/build/icyphy/ptII/ptolemy/domains/sdf/lib/test/auto/MatrixSplit1.xml
----------------- Instantiating /home/travis/build/icyphy/ptII/ptolemy/domains/sdf/lib/test/auto/MatrixSplit1.xml
2 ms. Memory: 333312K Free: 291498K (87%)
----------------- Invoking toplevel() on ptolemy.moml.MoMLSimpleApplication@462c3203
----------------- Done invoking toplevel() on ptolemy.moml.MoMLSimpleApplication@462c3203
reloadAllAccessors: .MatrixSplit1

===========================================================================================
----------------- testing Mon Jan 14 03:22:42 UTC 2019 /home/travis/build/icyphy/ptII/ptolemy/domains/sdf/lib/test/auto/MatrixSplit10.xml
----------------- Instantiating /home/travis/build/icyphy/ptII/ptolemy/domains/sdf/lib/test/auto/MatrixSplit10.xml
2 ms. Memory: 333312K Free: 286583K (86%)
----------------- Invoking toplevel() on ptolemy.moml.MoMLSimpleApplication@e3607d7
----------------- Done invoking toplevel() on ptolemy.moml.MoMLSimpleApplication@e3607d7
reloadAllAccessors: .MatrixSplit10

===========================================================================================
----------------- testing Mon Jan 14 03:22:42 UTC 2019 /home/travis/build/icyphy/ptII/ptolemy/domains/sdf/lib/test/auto/MatrixSplit11.xml
----------------- Instantiating /home/travis/build/icyphy/ptII/ptolemy/domains/sdf/lib/test/auto/MatrixSplit11.xml
2 ms. Memory: 333312K Free: 281668K (85%)
----------------- Invoking toplevel() on ptolemy.moml.MoMLSimpleApplication@2d4e9298
----------------- Done invoking toplevel() on ptolemy.moml.MoMLSimpleApplication@2d4e9298
reloadAllAccessors: .MatrixSplit11

===========================================================================================
----------------- testing Mon Jan 14 03:22:42 UTC 2019 /home/travis/build/icyphy/ptII/ptolemy/domains/sdf/lib/test/auto/MatrixSplit12.xml
----------------- Instantiating /home/travis/build/icyphy/ptII/ptolemy/domains/sdf/lib/test/auto/MatrixSplit12.xml
4 ms. Memory: 333312K Free: 275321K (83%)
----------------- Invoking toplevel() on ptolemy.moml.MoMLSimpleApplication@34f7082e
----------------- Done invoking toplevel() on ptolemy.moml.MoMLSimpleApplication@34f7082e
reloadAllAccessors: .MatrixSplit12

===========================================================================================
----------------- testing Mon Jan 14 03:22:42 UTC 2019 /home/travis/build/icyphy/ptII/ptolemy/domains/sdf/lib/test/auto/MatrixSplit13.xml
----------------- Instantiating /home/travis/build/icyphy/ptII/ptolemy/domains/sdf/lib/test/auto/MatrixSplit13.xml
5 ms. Memory: 333312K Free: 270406K (81%)
----------------- Invoking toplevel() on ptolemy.moml.MoMLSimpleApplication@1f59b4db
----------------- Done invoking toplevel() on ptolemy.moml.MoMLSimpleApplication@1f59b4db
reloadAllAccessors: .MatrixSplit13

===========================================================================================
----------------- testing Mon Jan 14 03:22:42 UTC 2019 /home/travis/build/icyphy/ptII/ptolemy/domains/sdf/lib/test/auto/MatrixSplit14.xml
----------------- Instantiating /home/travis/build/icyphy/ptII/ptolemy/domains/sdf/lib/test/auto/MatrixSplit14.xml
2 ms. Memory: 333312K Free: 265491K (80%)
----------------- Invoking toplevel() on ptolemy.moml.MoMLSimpleApplication@2ffdbd86
----------------- Done invoking toplevel() on ptolemy.moml.MoMLSimpleApplication@2ffdbd86
reloadAllAccessors: .MatrixSplit14

===========================================================================================
----------------- testing Mon Jan 14 03:22:42 UTC 2019 /home/travis/build/icyphy/ptII/ptolemy/domains/sdf/lib/test/auto/MatrixSplit2.xml
----------------- Instantiating /home/travis/build/icyphy/ptII/ptolemy/domains/sdf/lib/test/auto/MatrixSplit2.xml
2 ms. Memory: 333312K Free: 259144K (78%)
----------------- Invoking toplevel() on ptolemy.moml.MoMLSimpleApplication@77f31933
----------------- Done invoking toplevel() on ptolemy.moml.MoMLSimpleApplication@77f31933
reloadAllAccessors: .MatrixSplit2

===========================================================================================
----------------- testing Mon Jan 14 03:22:42 UTC 2019 /home/travis/build/icyphy/ptII/ptolemy/domains/sdf/lib/test/auto/MatrixSplit3.xml
----------------- Instantiating /home/travis/build/icyphy/ptII/ptolemy/domains/sdf/lib/test/auto/MatrixSplit3.xml
2 ms. Memory: 333312K Free: 254229K (76%)
----------------- Invoking toplevel() on ptolemy.moml.MoMLSimpleApplication@175fab03
----------------- Done invoking toplevel() on ptolemy.moml.MoMLSimpleApplication@175fab03
reloadAllAccessors: .MatrixSplit3

===========================================================================================
----------------- testing Mon Jan 14 03:22:42 UTC 2019 /home/travis/build/icyphy/ptII/ptolemy/domains/sdf/lib/test/auto/MatrixSplit4.xml
----------------- Instantiating /home/travis/build/icyphy/ptII/ptolemy/domains/sdf/lib/test/auto/MatrixSplit4.xml
4 ms. Memory: 333312K Free: 249314K (75%)
----------------- Invoking toplevel() on ptolemy.moml.MoMLSimpleApplication@76d6e292
----------------- Done invoking toplevel() on ptolemy.moml.MoMLSimpleApplication@76d6e292
reloadAllAccessors: .MatrixSplit4

===========================================================================================
----------------- testing Mon Jan 14 03:22:42 UTC 2019 /home/travis/build/icyphy/ptII/ptolemy/domains/sdf/lib/test/auto/MatrixSplit5.xml
----------------- Instantiating /home/travis/build/icyphy/ptII/ptolemy/domains/sdf/lib/test/auto/MatrixSplit5.xml
2 ms. Memory: 333312K Free: 244398K (73%)
----------------- Invoking toplevel() on ptolemy.moml.MoMLSimpleApplication@2615cafa
----------------- Done invoking toplevel() on ptolemy.moml.MoMLSimpleApplication@2615cafa
reloadAllAccessors: .MatrixSplit5

===========================================================================================
----------------- testing Mon Jan 14 03:22:42 UTC 2019 /home/travis/build/icyphy/ptII/ptolemy/domains/sdf/lib/test/auto/MatrixSplit6.xml
----------------- Instantiating /home/travis/build/icyphy/ptII/ptolemy/domains/sdf/lib/test/auto/MatrixSplit6.xml
6 ms. Memory: 333312K Free: 238052K (71%)
----------------- Invoking toplevel() on ptolemy.moml.MoMLSimpleApplication@209827fb
----------------- Done invoking toplevel() on ptolemy.moml.MoMLSimpleApplication@209827fb
reloadAllAccessors: .MatrixSplit6

===========================================================================================
----------------- testing Mon Jan 14 03:22:42 UTC 2019 /home/travis/build/icyphy/ptII/ptolemy/domains/sdf/lib/test/auto/MatrixSplit7.xml
----------------- Instantiating /home/travis/build/icyphy/ptII/ptolemy/domains/sdf/lib/test/auto/MatrixSplit7.xml
2 ms. Memory: 333312K Free: 233136K (70%)
----------------- Invoking toplevel() on ptolemy.moml.MoMLSimpleApplication@56c865af
----------------- Done invoking toplevel() on ptolemy.moml.MoMLSimpleApplication@56c865af
reloadAllAccessors: .MatrixSplit7

===========================================================================================
----------------- testing Mon Jan 14 03:22:42 UTC 2019 /home/travis/build/icyphy/ptII/ptolemy/domains/sdf/lib/test/auto/MatrixSplit8.xml
----------------- Instantiating /home/travis/build/icyphy/ptII/ptolemy/domains/sdf/lib/test/auto/MatrixSplit8.xml
2 ms. Memory: 333312K Free: 228221K (68%)
----------------- Invoking toplevel() on ptolemy.moml.MoMLSimpleApplication@32ef1387
----------------- Done invoking toplevel() on ptolemy.moml.MoMLSimpleApplication@32ef1387
reloadAllAccessors: .MatrixSplit8

===========================================================================================
----------------- testing Mon Jan 14 03:22:42 UTC 2019 /home/travis/build/icyphy/ptII/ptolemy/domains/sdf/lib/test/auto/MatrixSplit9.xml
----------------- Instantiating /home/travis/build/icyphy/ptII/ptolemy/domains/sdf/lib/test/auto/MatrixSplit9.xml
2 ms. Memory: 333312K Free: 221874K (67%)
----------------- Invoking toplevel() on ptolemy.moml.MoMLSimpleApplication@41262002
----------------- Done invoking toplevel() on ptolemy.moml.MoMLSimpleApplication@41262002
reloadAllAccessors: .MatrixSplit9

===========================================================================================
----------------- testing Mon Jan 14 03:22:42 UTC 2019 /home/travis/build/icyphy/ptII/ptolemy/domains/sdf/lib/test/auto/MatrixToSequence.xml
----------------- Instantiating /home/travis/build/icyphy/ptII/ptolemy/domains/sdf/lib/test/auto/MatrixToSequence.xml
14 ms. Memory: 333312K Free: 210814K (63%)
----------------- Invoking toplevel() on ptolemy.moml.MoMLSimpleApplication@504bf58
----------------- Done invoking toplevel() on ptolemy.moml.MoMLSimpleApplication@504bf58
reloadAllAccessors: .MatrixToSequence

===========================================================================================
----------------- testing Mon Jan 14 03:22:42 UTC 2019 /home/travis/build/icyphy/ptII/ptolemy/domains/sdf/lib/test/auto/MaximumEntropySpectrum.xml
----------------- Instantiating /home/travis/build/icyphy/ptII/ptolemy/domains/sdf/lib/test/auto/MaximumEntropySpectrum.xml
13 ms. Memory: 333312K Free: 187442K (56%)
----------------- Invoking toplevel() on ptolemy.moml.MoMLSimpleApplication@1f4b5e87
----------------- Done invoking toplevel() on ptolemy.moml.MoMLSimpleApplication@1f4b5e87
reloadAllAccessors: .MaximumEntropySpectrum

===========================================================================================
----------------- testing Mon Jan 14 03:22:42 UTC 2019 /home/travis/build/icyphy/ptII/ptolemy/domains/sdf/lib/test/auto/SampleDelayConversion.xml
----------------- Instantiating /home/travis/build/icyphy/ptII/ptolemy/domains/sdf/lib/test/auto/SampleDelayConversion.xml
2 ms. Memory: 333312K Free: 182527K (55%)
----------------- Invoking toplevel() on ptolemy.moml.MoMLSimpleApplication@6bbda9b9
----------------- Done invoking toplevel() on ptolemy.moml.MoMLSimpleApplication@6bbda9b9
reloadAllAccessors: .SampleDelayConversion

===========================================================================================
----------------- testing Mon Jan 14 03:22:42 UTC 2019 /home/travis/build/icyphy/ptII/ptolemy/domains/sdf/lib/test/auto/SequenceToArray.xml
----------------- Instantiating /home/travis/build/icyphy/ptII/ptolemy/domains/sdf/lib/test/auto/SequenceToArray.xml
9 ms. Memory: 333312K Free: 167514K (50%)
----------------- Invoking toplevel() on ptolemy.moml.MoMLSimpleApplication@177ee075
----------------- Done invoking toplevel() on ptolemy.moml.MoMLSimpleApplication@177ee075
reloadAllAccessors: .SequenceToArray

===========================================================================================
----------------- testing Mon Jan 14 03:22:42 UTC 2019 /home/travis/build/icyphy/ptII/ptolemy/domains/sdf/lib/test/auto/SequenceToMatrix.xml
----------------- Instantiating /home/travis/build/icyphy/ptII/ptolemy/domains/sdf/lib/test/auto/SequenceToMatrix.xml
4437 ms. Memory: 579072K Free: 502702K (87%)
----------------- Invoking toplevel() on ptolemy.moml.MoMLSimpleApplication@25159ae7
----------------- Done invoking toplevel() on ptolemy.moml.MoMLSimpleApplication@25159ae7
reloadAllAccessors: .SequenceToMatrix

===========================================================================================
----------------- testing Mon Jan 14 03:22:47 UTC 2019 /home/travis/build/icyphy/ptII/ptolemy/domains/sdf/lib/test/auto/SmoothedPeriodogram.xml
----------------- Instantiating /home/travis/build/icyphy/ptII/ptolemy/domains/sdf/lib/test/auto/SmoothedPeriodogram.xml
8 ms. Memory: 579072K Free: 479705K (83%)
----------------- Invoking toplevel() on ptolemy.moml.MoMLSimpleApplication@1dd36839
----------------- Done invoking toplevel() on ptolemy.moml.MoMLSimpleApplication@1dd36839
reloadAllAccessors: .SmoothedPeriodogram

===========================================================================================
----------------- testing Mon Jan 14 03:22:47 UTC 2019 /home/travis/build/icyphy/ptII/ptolemy/domains/sdf/lib/test/auto/UpDownSample1.xml
----------------- Instantiating /home/travis/build/icyphy/ptII/ptolemy/domains/sdf/lib/test/auto/UpDownSample1.xml
2 ms. Memory: 579072K Free: 472917K (82%)
----------------- Invoking toplevel() on ptolemy.moml.MoMLSimpleApplication@53afafdf
----------------- Done invoking toplevel() on ptolemy.moml.MoMLSimpleApplication@53afafdf
reloadAllAccessors: .UpDownSample1

===========================================================================================
----------------- testing Mon Jan 14 03:22:47 UTC 2019 /home/travis/build/icyphy/ptII/ptolemy/domains/sdf/lib/test/auto/UpSample1.xml
----------------- Instantiating /home/travis/build/icyphy/ptII/ptolemy/domains/sdf/lib/test/auto/UpSample1.xml
1 ms. Memory: 579072K Free: 466370K (81%)
----------------- Invoking toplevel() on ptolemy.moml.MoMLSimpleApplication@56549d36
----------------- Done invoking toplevel() on ptolemy.moml.MoMLSimpleApplication@56549d36
reloadAllAccessors: .UpSample1

===========================================================================================
----------------- testing Mon Jan 14 03:22:47 UTC 2019 /home/travis/build/icyphy/ptII/ptolemy/domains/sdf/lib/test/auto/VariableFIR.xml
----------------- Instantiating /home/travis/build/icyphy/ptII/ptolemy/domains/sdf/lib/test/auto/VariableFIR.xml
8 ms. Memory: 579072K Free: 456550K (79%)
----------------- Invoking toplevel() on ptolemy.moml.MoMLSimpleApplication@3fd8bda6
----------------- Done invoking toplevel() on ptolemy.moml.MoMLSimpleApplication@3fd8bda6
reloadAllAccessors: .VariableFIR

===========================================================================================
----------------- testing Mon Jan 14 03:22:47 UTC 2019 /home/travis/build/icyphy/ptII/ptolemy/domains/sdf/lib/test/auto/VariableFIR2.xml
----------------- Instantiating /home/travis/build/icyphy/ptII/ptolemy/domains/sdf/lib/test/auto/VariableFIR2.xml
3 ms. Memory: 579072K Free: 444748K (77%)
----------------- Invoking toplevel() on ptolemy.moml.MoMLSimpleApplication@7c097ec
----------------- Done invoking toplevel() on ptolemy.moml.MoMLSimpleApplication@7c097ec
reloadAllAccessors: .VariableFIR2

===========================================================================================
----------------- testing Mon Jan 14 03:22:47 UTC 2019 /home/travis/build/icyphy/ptII/ptolemy/domains/sdf/lib/test/auto/VariableLattice.xml
----------------- Instantiating /home/travis/build/icyphy/ptII/ptolemy/domains/sdf/lib/test/auto/VariableLattice.xml
8 ms. Memory: 579072K Free: 434928K (75%)
----------------- Invoking toplevel() on ptolemy.moml.MoMLSimpleApplication@4df3dd18
----------------- Done invoking toplevel() on ptolemy.moml.MoMLSimpleApplication@4df3dd18
reloadAllAccessors: .VariableLattice

===========================================================================================
----------------- testing Mon Jan 14 03:22:47 UTC 2019 /home/travis/build/icyphy/ptII/ptolemy/domains/sdf/lib/test/auto/VariableLattice2.xml
----------------- Instantiating /home/travis/build/icyphy/ptII/ptolemy/domains/sdf/lib/test/auto/VariableLattice2.xml
1.0
-1.999999602036
1.9099998677481
-0.9099996420674
0.205
0.0
0.0
1.0
-0.25
-0.5
0.0
0.0
0.0
0.0
5 ms. Memory: 579072K Free: 425108K (73%)
----------------- Invoking toplevel() on ptolemy.moml.MoMLSimpleApplication@23ec7a20
----------------- Done invoking toplevel() on ptolemy.moml.MoMLSimpleApplication@23ec7a20
reloadAllAccessors: .VariableLattice2

===========================================================================================
----------------- testing Mon Jan 14 03:22:47 UTC 2019 /home/travis/build/icyphy/ptII/ptolemy/domains/sdf/lib/test/auto/VariableRecursiveLattice.xml
----------------- Instantiating /home/travis/build/icyphy/ptII/ptolemy/domains/sdf/lib/test/auto/VariableRecursiveLattice.xml
5 ms. Memory: 579072K Free: 415287K (72%)
----------------- Invoking toplevel() on ptolemy.moml.MoMLSimpleApplication@1b04cc48
----------------- Done invoking toplevel() on ptolemy.moml.MoMLSimpleApplication@1b04cc48
reloadAllAccessors: .VariableRecursiveLattice

===========================================================================================
----------------- testing Mon Jan 14 03:22:47 UTC 2019 /home/travis/build/icyphy/ptII/ptolemy/domains/sdf/lib/test/auto/VariableRecursiveLattice2.xml
----------------- Instantiating /home/travis/build/icyphy/ptII/ptolemy/domains/sdf/lib/test/auto/VariableRecursiveLattice2.xml
5 ms. Memory: 579072K Free: 408741K (71%)
----------------- Invoking toplevel() on ptolemy.moml.MoMLSimpleApplication@4cd3f9
----------------- Done invoking toplevel() on ptolemy.moml.MoMLSimpleApplication@4cd3f9
reloadAllAccessors: .VariableRecursiveLattice2
AutoTests.java: About to close Vertx.
AutoTests.java: Vertx closed.
]]></system-out>
  <system-err><![CDATA[]]></system-err>
</testsuite>
