<?xml version="1.0" encoding="UTF-8" ?>
<testsuite errors="0" failures="0" hostname="travis-job-434c24e8-1a9d-4333-a495-288cb3d798bb" name="ptolemy.domains.de.test.junit.JUnitTclTest" skipped="0" tests="101" time="128.022" timestamp="2018-12-04T02:55:50">
  <properties>
[...]
</properties>
  <testcase classname="ptolemy.util.test.junit.TclTests" name="[0] /home/travis/build/icyphy/ptII/ptolemy/domains/de/test/DependencyLoop.tcl (RunTclFile)" time="0.742" />
  <testcase classname="ptolemy.util.test.junit.TclTests" name="[1] /home/travis/build/icyphy/ptII/ptolemy/domains/de/test/RunDETestsAsQSS.tcl (RunTclFile)" time="86.894" />
  <testcase classname="ptolemy.util.test.junit.AutoKnownFailedTests" name="[0] /home/travis/build/icyphy/ptII/ptolemy/domains/de/test/auto/knownFailedTests/DESDFClockTest.xml (RunModel)" time="2.026" />
  <testcase classname="ptolemy.util.test.junit.AutoKnownFailedTests" name="[1] /home/travis/build/icyphy/ptII/ptolemy/domains/de/test/auto/knownFailedTests/DirectFeedback.xml (RunModel)" time="0.008" />
  <testcase classname="ptolemy.util.test.junit.AutoKnownFailedTests" name="[2] /home/travis/build/icyphy/ptII/ptolemy/domains/de/test/auto/knownFailedTests/FSMSource.xml (RunModel)" time="0.022" />
  <testcase classname="ptolemy.util.test.junit.AutoKnownFailedTests" name="[3] /home/travis/build/icyphy/ptII/ptolemy/domains/de/test/auto/knownFailedTests/HierarchicalModel.xml (RunModel)" time="0.035" />
  <testcase classname="ptolemy.util.test.junit.AutoKnownFailedTests" name="[4] /home/travis/build/icyphy/ptII/ptolemy/domains/de/test/auto/knownFailedTests/dependencyLoop.xml (RunModel)" time="0.038" />
  <testcase classname="ptolemy.util.test.junit.AutoKnownFailedTests" name="[5] /home/travis/build/icyphy/ptII/ptolemy/domains/de/test/auto/knownFailedTests/dependencyLoop2.xml (RunModel)" time="0.038" />
  <testcase classname="ptolemy.util.test.junit.AutoNameArchTests" name="[0] ThereAreNoAutoArchTests (RunModel)" time="0.0" />
  <testcase classname="ptolemy.util.test.junit.AutoTests" name="[0] /home/travis/build/icyphy/ptII/ptolemy/domains/de/test/auto/ActorDepthCalculation_actorWithoutPorts.xml (RunModel)" time="0.015" />
  <testcase classname="ptolemy.util.test.junit.AutoTests" name="[1] /home/travis/build/icyphy/ptII/ptolemy/domains/de/test/auto/AssemblyLine.xml (RunModel)" time="0.018" />
  <testcase classname="ptolemy.util.test.junit.AutoTests" name="[2] /home/travis/build/icyphy/ptII/ptolemy/domains/de/test/auto/CQBug1.xml (RunModel)" time="0.008" />
  <testcase classname="ptolemy.util.test.junit.AutoTests" name="[3] /home/travis/build/icyphy/ptII/ptolemy/domains/de/test/auto/CancelFireAt.xml (RunModel)" time="0.01" />
  <testcase classname="ptolemy.util.test.junit.AutoTests" name="[4] /home/travis/build/icyphy/ptII/ptolemy/domains/de/test/auto/CausalityAndComposabilityAnalysis.xml (RunModel)" time="0.01" />
  <testcase classname="ptolemy.util.test.junit.AutoTests" name="[5] /home/travis/build/icyphy/ptII/ptolemy/domains/de/test/auto/CausalityInterface1.xml (RunModel)" time="0.01" />
  <testcase classname="ptolemy.util.test.junit.AutoTests" name="[6] /home/travis/build/icyphy/ptII/ptolemy/domains/de/test/auto/CausalityInterface15.xml (RunModel)" time="0.017" />
  <testcase classname="ptolemy.util.test.junit.AutoTests" name="[7] /home/travis/build/icyphy/ptII/ptolemy/domains/de/test/auto/CausalityInterface2.xml (RunModel)" time="0.01" />
  <testcase classname="ptolemy.util.test.junit.AutoTests" name="[8] /home/travis/build/icyphy/ptII/ptolemy/domains/de/test/auto/CausalityInterface3.xml (RunModel)" time="0.007" />
  <testcase classname="ptolemy.util.test.junit.AutoTests" name="[9] /home/travis/build/icyphy/ptII/ptolemy/domains/de/test/auto/ClockDrift.xml (RunModel)" time="0.031" />
  <testcase classname="ptolemy.util.test.junit.AutoTests" name="[10] /home/travis/build/icyphy/ptII/ptolemy/domains/de/test/auto/ClockDriftAndValueChange.xml (RunModel)" time="0.023" />
  <testcase classname="ptolemy.util.test.junit.AutoTests" name="[11] /home/travis/build/icyphy/ptII/ptolemy/domains/de/test/auto/ClockDriftChange.xml (RunModel)" time="0.025" />
  <testcase classname="ptolemy.util.test.junit.AutoTests" name="[12] /home/travis/build/icyphy/ptII/ptolemy/domains/de/test/auto/ComposableCausalityAnalysis.xml (RunModel)" time="0.018" />
  <testcase classname="ptolemy.util.test.junit.AutoTests" name="[13] /home/travis/build/icyphy/ptII/ptolemy/domains/de/test/auto/DEFixedPointLimitation.xml (RunModel)" time="0.007" />
  <testcase classname="ptolemy.util.test.junit.AutoTests" name="[14] /home/travis/build/icyphy/ptII/ptolemy/domains/de/test/auto/DEScheduleTest.xml (RunModel)" time="0.025" />
  <testcase classname="ptolemy.util.test.junit.AutoTests" name="[15] /home/travis/build/icyphy/ptII/ptolemy/domains/de/test/auto/DEinDEwithStartTimes.xml (RunModel)" time="0.014" />
  <testcase classname="ptolemy.util.test.junit.AutoTests" name="[16] /home/travis/build/icyphy/ptII/ptolemy/domains/de/test/auto/DEinDEwithStartTimes2.xml (RunModel)" time="0.014" />
  <testcase classname="ptolemy.util.test.junit.AutoTests" name="[17] /home/travis/build/icyphy/ptII/ptolemy/domains/de/test/auto/DateDemo.xml (RunModel)" time="0.022" />
  <testcase classname="ptolemy.util.test.junit.AutoTests" name="[18] /home/travis/build/icyphy/ptII/ptolemy/domains/de/test/auto/DateToEvent.xml (RunModel)" time="2.031" />
  <testcase classname="ptolemy.util.test.junit.AutoTests" name="[19] /home/travis/build/icyphy/ptII/ptolemy/domains/de/test/auto/DepthTest1.xml (RunModel)" time="0.014" />
  <testcase classname="ptolemy.util.test.junit.AutoTests" name="[20] /home/travis/build/icyphy/ptII/ptolemy/domains/de/test/auto/DepthTest2.xml (RunModel)" time="0.015" />
  <testcase classname="ptolemy.util.test.junit.AutoTests" name="[21] /home/travis/build/icyphy/ptII/ptolemy/domains/de/test/auto/DepthTest3.xml (RunModel)" time="0.007" />
  <testcase classname="ptolemy.util.test.junit.AutoTests" name="[22] /home/travis/build/icyphy/ptII/ptolemy/domains/de/test/auto/DepthTest4.xml (RunModel)" time="0.012" />
  <testcase classname="ptolemy.util.test.junit.AutoTests" name="[23] /home/travis/build/icyphy/ptII/ptolemy/domains/de/test/auto/DepthTest5.xml (RunModel)" time="0.012" />
  <testcase classname="ptolemy.util.test.junit.AutoTests" name="[24] /home/travis/build/icyphy/ptII/ptolemy/domains/de/test/auto/DepthTest6.xml (RunModel)" time="0.012" />
  <testcase classname="ptolemy.util.test.junit.AutoTests" name="[25] /home/travis/build/icyphy/ptII/ptolemy/domains/de/test/auto/DepthTest7.xml (RunModel)" time="0.011" />
  <testcase classname="ptolemy.util.test.junit.AutoTests" name="[26] /home/travis/build/icyphy/ptII/ptolemy/domains/de/test/auto/EventToDate.xml (RunModel)" time="3.034" />
  <testcase classname="ptolemy.util.test.junit.AutoTests" name="[27] /home/travis/build/icyphy/ptII/ptolemy/domains/de/test/auto/FSM1.xml (RunModel)" time="0.054" />
  <testcase classname="ptolemy.util.test.junit.AutoTests" name="[28] /home/travis/build/icyphy/ptII/ptolemy/domains/de/test/auto/FSM7.xml (RunModel)" time="0.028" />
  <testcase classname="ptolemy.util.test.junit.AutoTests" name="[29] /home/travis/build/icyphy/ptII/ptolemy/domains/de/test/auto/Inspection.xml (RunModel)" time="0.037" />
  <testcase classname="ptolemy.util.test.junit.AutoTests" name="[30] /home/travis/build/icyphy/ptII/ptolemy/domains/de/test/auto/Iteration.xml (RunModel)" time="0.025" />
  <testcase classname="ptolemy.util.test.junit.AutoTests" name="[31] /home/travis/build/icyphy/ptII/ptolemy/domains/de/test/auto/LineFault.xml (RunModel)" time="0.543" />
  <testcase classname="ptolemy.util.test.junit.AutoTests" name="[32] /home/travis/build/icyphy/ptII/ptolemy/domains/de/test/auto/MergeModel1Add.xml (RunModel)" time="0.042" />
  <testcase classname="ptolemy.util.test.junit.AutoTests" name="[33] /home/travis/build/icyphy/ptII/ptolemy/domains/de/test/auto/MergeModel2Add.xml (RunModel)" time="0.036" />
  <testcase classname="ptolemy.util.test.junit.AutoTests" name="[34] /home/travis/build/icyphy/ptII/ptolemy/domains/de/test/auto/MergeModel3Add.xml (RunModel)" time="0.037" />
  <testcase classname="ptolemy.util.test.junit.AutoTests" name="[35] /home/travis/build/icyphy/ptII/ptolemy/domains/de/test/auto/MergeWithoutDiscard.xml (RunModel)" time="0.009" />
  <testcase classname="ptolemy.util.test.junit.AutoTests" name="[36] /home/travis/build/icyphy/ptII/ptolemy/domains/de/test/auto/Modal1.xml (RunModel)" time="0.03" />
  <testcase classname="ptolemy.util.test.junit.AutoTests" name="[37] /home/travis/build/icyphy/ptII/ptolemy/domains/de/test/auto/Modal2.xml (RunModel)" time="0.026" />
  <testcase classname="ptolemy.util.test.junit.AutoTests" name="[38] /home/travis/build/icyphy/ptII/ptolemy/domains/de/test/auto/Modal3.xml (RunModel)" time="0.032" />
  <testcase classname="ptolemy.util.test.junit.AutoTests" name="[39] /home/travis/build/icyphy/ptII/ptolemy/domains/de/test/auto/Modal4.xml (RunModel)" time="0.035" />
  <testcase classname="ptolemy.util.test.junit.AutoTests" name="[40] /home/travis/build/icyphy/ptII/ptolemy/domains/de/test/auto/Modal5.xml (RunModel)" time="0.025" />
  <testcase classname="ptolemy.util.test.junit.AutoTests" name="[41] /home/travis/build/icyphy/ptII/ptolemy/domains/de/test/auto/Modal6.xml (RunModel)" time="0.027" />
  <testcase classname="ptolemy.util.test.junit.AutoTests" name="[42] /home/travis/build/icyphy/ptII/ptolemy/domains/de/test/auto/Modal7.xml (RunModel)" time="0.025" />
  <testcase classname="ptolemy.util.test.junit.AutoTests" name="[43] /home/travis/build/icyphy/ptII/ptolemy/domains/de/test/auto/ModalModel.xml (RunModel)" time="0.146" />
  <testcase classname="ptolemy.util.test.junit.AutoTests" name="[44] /home/travis/build/icyphy/ptII/ptolemy/domains/de/test/auto/ModalSource.xml (RunModel)" time="0.015" />
  <testcase classname="ptolemy.util.test.junit.AutoTests" name="[45] /home/travis/build/icyphy/ptII/ptolemy/domains/de/test/auto/NonInterruptibleTimerZeroDelay.xml (RunModel)" time="0.009" />
  <testcase classname="ptolemy.util.test.junit.AutoTests" name="[46] /home/travis/build/icyphy/ptII/ptolemy/domains/de/test/auto/OpenQueueingNetwork.xml (RunModel)" time="2.259" />
  <testcase classname="ptolemy.util.test.junit.AutoTests" name="[47] /home/travis/build/icyphy/ptII/ptolemy/domains/de/test/auto/OpenQueuingNetwork.xml (RunModel)" time="0.248" />
  <testcase classname="ptolemy.util.test.junit.AutoTests" name="[48] /home/travis/build/icyphy/ptII/ptolemy/domains/de/test/auto/PeriodicSampler.xml (RunModel)" time="0.008" />
  <testcase classname="ptolemy.util.test.junit.AutoTests" name="[49] /home/travis/build/icyphy/ptII/ptolemy/domains/de/test/auto/PersistentIO.xml (RunModel)" time="0.015" />
  <testcase classname="ptolemy.util.test.junit.AutoTests" name="[50] /home/travis/build/icyphy/ptII/ptolemy/domains/de/test/auto/PortParameterResetOnInitialize.xml (RunModel)" time="0.008" />
  <testcase classname="ptolemy.util.test.junit.AutoTests" name="[51] /home/travis/build/icyphy/ptII/ptolemy/domains/de/test/auto/PortParameterUpdates.xml (RunModel)" time="0.015" />
  <testcase classname="ptolemy.util.test.junit.AutoTests" name="[52] /home/travis/build/icyphy/ptII/ptolemy/domains/de/test/auto/QueueAndServer.xml (RunModel)" time="0.017" />
  <testcase classname="ptolemy.util.test.junit.AutoTests" name="[53] /home/travis/build/icyphy/ptII/ptolemy/domains/de/test/auto/Records.xml (RunModel)" time="0.012" />
  <testcase classname="ptolemy.util.test.junit.AutoTests" name="[54] /home/travis/build/icyphy/ptII/ptolemy/domains/de/test/auto/ResetTransitionWithStartTime1.xml (RunModel)" time="0.016" />
  <testcase classname="ptolemy.util.test.junit.AutoTests" name="[55] /home/travis/build/icyphy/ptII/ptolemy/domains/de/test/auto/ResetTransitionWithStartTime2.xml (RunModel)" time="0.015" />
  <testcase classname="ptolemy.util.test.junit.AutoTests" name="[56] /home/travis/build/icyphy/ptII/ptolemy/domains/de/test/auto/ResetTransitionWithStartTime3.xml (RunModel)" time="0.015" />
  <testcase classname="ptolemy.util.test.junit.AutoTests" name="[57] /home/travis/build/icyphy/ptII/ptolemy/domains/de/test/auto/ResetTransitionWithStartTime4.xml (RunModel)" time="0.015" />
  <testcase classname="ptolemy.util.test.junit.AutoTests" name="[58] /home/travis/build/icyphy/ptII/ptolemy/domains/de/test/auto/ResettableTimer1.xml (RunModel)" time="0.009" />
  <testcase classname="ptolemy.util.test.junit.AutoTests" name="[59] /home/travis/build/icyphy/ptII/ptolemy/domains/de/test/auto/ResettableTimer2.xml (RunModel)" time="0.008" />
  <testcase classname="ptolemy.util.test.junit.AutoTests" name="[60] /home/travis/build/icyphy/ptII/ptolemy/domains/de/test/auto/ResettableTimer3.xml (RunModel)" time="0.008" />
  <testcase classname="ptolemy.util.test.junit.AutoTests" name="[61] /home/travis/build/icyphy/ptII/ptolemy/domains/de/test/auto/ResettableTimer4.xml (RunModel)" time="0.008" />
  <testcase classname="ptolemy.util.test.junit.AutoTests" name="[62] /home/travis/build/icyphy/ptII/ptolemy/domains/de/test/auto/ResettableTimer5.xml (RunModel)" time="0.009" />
  <testcase classname="ptolemy.util.test.junit.AutoTests" name="[63] /home/travis/build/icyphy/ptII/ptolemy/domains/de/test/auto/ResettableTimer6.xml (RunModel)" time="0.009" />
  <testcase classname="ptolemy.util.test.junit.AutoTests" name="[64] /home/travis/build/icyphy/ptII/ptolemy/domains/de/test/auto/ServerZeroDelay.xml (RunModel)" time="0.009" />
  <testcase classname="ptolemy.util.test.junit.AutoTests" name="[65] /home/travis/build/icyphy/ptII/ptolemy/domains/de/test/auto/SmartSender.xml (RunModel)" time="3.008" />
  <testcase classname="ptolemy.util.test.junit.AutoTests" name="[66] /home/travis/build/icyphy/ptII/ptolemy/domains/de/test/auto/ThreadedComposite.xml (RunModel)" time="1.395" />
  <testcase classname="ptolemy.util.test.junit.AutoTests" name="[67] /home/travis/build/icyphy/ptII/ptolemy/domains/de/test/auto/Time.xml (RunModel)" time="0.449" />
  <testcase classname="ptolemy.util.test.junit.AutoTests" name="[68] /home/travis/build/icyphy/ptII/ptolemy/domains/de/test/auto/TimeDelayZeroDelay.xml (RunModel)" time="0.012" />
  <testcase classname="ptolemy.util.test.junit.AutoTests" name="[69] /home/travis/build/icyphy/ptII/ptolemy/domains/de/test/auto/TimerZeroDelay.xml (RunModel)" time="0.008" />
  <testcase classname="ptolemy.util.test.junit.AutoTests" name="[70] /home/travis/build/icyphy/ptII/ptolemy/domains/de/test/auto/TimingParadox.xml (RunModel)" time="0.355" />
  <testcase classname="ptolemy.util.test.junit.AutoTests" name="[71] /home/travis/build/icyphy/ptII/ptolemy/domains/de/test/auto/TransferInputs.xml (RunModel)" time="0.014" />
  <testcase classname="ptolemy.util.test.junit.AutoTests" name="[72] /home/travis/build/icyphy/ptII/ptolemy/domains/de/test/auto/TransferOutputs2.xml (RunModel)" time="0.016" />
  <testcase classname="ptolemy.util.test.junit.AutoTests" name="[73] /home/travis/build/icyphy/ptII/ptolemy/domains/de/test/auto/Trilateration.xml (RunModel)" time="11.185" />
  <testcase classname="ptolemy.util.test.junit.AutoTests" name="[74] /home/travis/build/icyphy/ptII/ptolemy/domains/de/test/auto/TwoSigmaDelta.xml (RunModel)" time="1.931" />
  <testcase classname="ptolemy.util.test.junit.AutoTests" name="[75] /home/travis/build/icyphy/ptII/ptolemy/domains/de/test/auto/VariableDelay.xml (RunModel)" time="0.009" />
  <testcase classname="ptolemy.util.test.junit.AutoTests" name="[76] /home/travis/build/icyphy/ptII/ptolemy/domains/de/test/auto/VariableDelay2.xml (RunModel)" time="0.006" />
  <testcase classname="ptolemy.util.test.junit.AutoTests" name="[77] /home/travis/build/icyphy/ptII/ptolemy/domains/de/test/auto/VariableDelayZeroDelay.xml (RunModel)" time="0.01" />
  <testcase classname="ptolemy.util.test.junit.AutoTests" name="[78] /home/travis/build/icyphy/ptII/ptolemy/domains/de/test/auto/VariableDelayZeroDelay2.xml (RunModel)" time="0.017" />
  <testcase classname="ptolemy.util.test.junit.AutoTests" name="[79] /home/travis/build/icyphy/ptII/ptolemy/domains/de/test/auto/deInCt.xml (RunModel)" time="0.02" />
  <testcase classname="ptolemy.util.test.junit.AutoTests" name="[80] /home/travis/build/icyphy/ptII/ptolemy/domains/de/test/auto/deInCt2.xml (RunModel)" time="0.028" />
  <testcase classname="ptolemy.util.test.junit.AutoTests" name="[81] /home/travis/build/icyphy/ptII/ptolemy/domains/de/test/auto/dynamicCausalityInterface1.xml (RunModel)" time="0.027" />
  <testcase classname="ptolemy.util.test.junit.AutoTests" name="[82] /home/travis/build/icyphy/ptII/ptolemy/domains/de/test/auto/fsm_de_test.xml (RunModel)" time="0.035" />
  <testcase classname="ptolemy.util.test.junit.AutoTests" name="[83] /home/travis/build/icyphy/ptII/ptolemy/domains/de/test/auto/functionDependencyReconstruction.xml (RunModel)" time="0.03" />
  <testcase classname="ptolemy.util.test.junit.AutoTests" name="[84] /home/travis/build/icyphy/ptII/ptolemy/domains/de/test/auto/multirate.xml (RunModel)" time="0.015" />
  <testcase classname="ptolemy.util.test.junit.AutoTests" name="[85] /home/travis/build/icyphy/ptII/ptolemy/domains/de/test/auto/multirate2.xml (RunModel)" time="0.016" />
  <testcase classname="ptolemy.util.test.junit.AutoTests" name="[86] /home/travis/build/icyphy/ptII/ptolemy/domains/de/test/auto/realtime.xml (RunModel)" time="10.01" />
  <testcase classname="ptolemy.util.test.junit.AutoTests" name="[87] /home/travis/build/icyphy/ptII/ptolemy/domains/de/test/auto/relationGroup.xml (RunModel)" time="0.006" />
  <testcase classname="ptolemy.util.test.junit.AutoTests" name="[88] /home/travis/build/icyphy/ptII/ptolemy/domains/de/test/auto/relationGroup2.xml (RunModel)" time="0.005" />
  <testcase classname="ptolemy.util.test.junit.AutoTests" name="[89] /home/travis/build/icyphy/ptII/ptolemy/domains/de/test/auto/sortWithOpaquePorts.xml (RunModel)" time="0.009" />
  <testcase classname="ptolemy.util.test.junit.AutoTests" name="[90] /home/travis/build/icyphy/ptII/ptolemy/domains/de/test/auto/transferInputsandOutputs.xml (RunModel)" time="0.015" />
  <testcase classname="ptolemy.util.test.junit.AutoTests" name="[91] /home/travis/build/icyphy/ptII/ptolemy/domains/de/test/auto/triggerType.xml (RunModel)" time="0.01" />
  <system-out><![CDATA[/home/travis/build/icyphy/ptII/ptolemy/domains/de/test/DependencyLoop.tcl
testDefs.tcl: setting time out to 9000 seconds at Tue Dec 04 02:55:50 UTC 2018
20 ms. Memory: 116224K Free: 93949K (81%)
9 ms. Memory: 146944K Free: 135466K (92%)
/home/travis/build/icyphy/ptII/ptolemy/domains/de/test/RunDETestsAsQSS.tcl
Run the DE tests using ptolemy.domains.qss.test.QSSDirectorTest, which extends QSSDirector and prints a message in the constructors.
------------------ testing $PTII/ptolemy/domains/de/test/auto/knownFailedTests/dependencyLoop.xml (Known Failure) 
10 ms. Memory: 146944K Free: 132354K (90%)


==== $PTIIhome/travis/build/icyphy/ptII/ptolemy/domains/de/test/../../../../: Auto Automatic test in file $PTII/ptolemy/domains/de/test/auto/knownFailedTests/dependencyLoop.xml
==== Contents of test case:

	    # FIXME: we should use $relativeFilename here, but it
	    # might have backslashes under Windows, which causes no end
	    # of trouble.
	    createAndExecute $file
	    list {}
	
.... Test generated KNOWN error:
    while executing
ptolemy.kernel.util.IllegalActionException: Found a zero delay loop containing .dependencyLoop.original
  in .dependencyLoop and .dependencyLoop.original
	at ptolemy.actor.util.CausalityInterfaceForComposites._computeOutputPortDepth(CausalityInterfaceForComposites.java:759)
	at ptolemy.actor.util.CausalityInterfaceForComposites._computeInputDepth(CausalityInterfaceForComposites.java:696)
	at ptolemy.actor.util.CausalityInterfaceForComposites._computeOutputPortDepth(CausalityInterfaceForComposites.java:765)
	at ptolemy.actor.util.CausalityInterfaceForComposites._computeInputDepth(CausalityInterfaceForComposites.java:696)
	at ptolemy.actor.util.CausalityInterfaceForComposites._computeOutputPortDepth(CausalityInterfaceForComposites.java:765)
	at ptolemy.actor.util.CausalityInterfaceForComposites._computeInputDepth(CausalityInterfaceForComposites.java:696)
	at ptolemy.actor.util.CausalityInterfaceForComposites._computeActorDepth(CausalityInterfaceForComposites.java:532)
	at ptolemy.actor.util.CausalityInterfaceForComposites.checkForCycles(CausalityInterfaceForComposites.java:96)
	at ptolemy.domains.de.kernel.DEDirector.preinitialize(DEDirector.java:1338)
	at ptolemy.actor.CompositeActor.preinitialize(CompositeActor.java:1828)
	at ptolemy.actor.Manager.preinitializeAndResolveTypes(Manager.java:1040)
	at ptolemy.actor.Manager.initialize(Manager.java:710)
	at ptolemy.actor.Manager.execute(Manager.java:356)
	at ptolemy.actor.Manager.run(Manager.java:1263)
	at ptolemy.actor.Manager$PtolemyRunThread.run(Manager.java:1915)

    while executing
ptolemy.kernel.util.IllegalActionException: Found a zero delay loop containing .dependencyLoop.original
  in .dependencyLoop and .dependencyLoop.original
    while executing
"java::new ptolemy.moml.MoMLSimpleApplication $file
"
    (procedure "createAndExecute" line 2)
    invoked from within
"createAndExecute $file"
    ("uplevel" body line 5)
    invoked from within
"uplevel $contents_of_test"
------------------ testing $PTII/ptolemy/domains/de/test/auto/knownFailedTests/DESDFClockTest.xml (Known Failure) 
2069 ms. Memory: 146944K Free: 116527K (79%)


==== $PTIIhome/travis/build/icyphy/ptII/ptolemy/domains/de/test/../../../../: Auto Automatic test in file $PTII/ptolemy/domains/de/test/auto/knownFailedTests/DESDFClockTest.xml
==== Contents of test case:

	    # FIXME: we should use $relativeFilename here, but it
	    # might have backslashes under Windows, which causes no end
	    # of trouble.
	    createAndExecute $file
	    list {}
	
.... Test generated KNOWN error:
    while executing
ptolemy.kernel.util.IllegalActionException: Actor is not ready to fire.  Perhaps UpSample.prefire() returned false? Try debugging the actor by selecting "Listen to Actor".  Also, for SDF check moml for tokenConsumptionRate on input.
  in .DESDFClockTest.Play Bell.Copy1:SDF Director and .DESDFClockTest.Play Bell.UpSample
	at ptolemy.actor.sched.StaticSchedulingDirector.fire(StaticSchedulingDirector.java:227)
	at ptolemy.domains.sdf.kernel.SDFDirector.fire(SDFDirector.java:500)
	at ptolemy.actor.CompositeActor.fire(CompositeActor.java:455)
	at ptolemy.domains.de.kernel.DEDirector._fire(DEDirector.java:1949)
	at ptolemy.domains.de.kernel.DEDirector.fire(DEDirector.java:502)
	at ptolemy.actor.CompositeActor.fire(CompositeActor.java:455)
	at ptolemy.actor.Manager.iterate(Manager.java:851)
	at ptolemy.actor.Manager.execute(Manager.java:369)
	at ptolemy.actor.Manager.run(Manager.java:1263)
	at ptolemy.actor.Manager$PtolemyRunThread.run(Manager.java:1915)

    while executing
ptolemy.kernel.util.IllegalActionException: Actor is not ready to fire.  Perhaps UpSample.prefire() returned false? Try debugging the actor by selecting "Listen to Actor".  Also, for SDF check moml for tokenConsumptionRate on input.
  in .DESDFClockTest.Play Bell.Copy1:SDF Director and .DESDFClockTest.Play Bell.UpSample
    while executing
"java::new ptolemy.moml.MoMLSimpleApplication $file
"
    (procedure "createAndExecute" line 2)
    invoked from within
"createAndExecute $file"
    ("uplevel" body line 5)
    invoked from within
"uplevel $contents_of_test"
------------------ testing $PTII/ptolemy/domains/de/test/auto/knownFailedTests/FSMSource.xml (Known Failure) 
27 ms. Memory: 146944K Free: 107019K (73%)
!!!! Auto was marked as failing, but now passes
------------------ testing $PTII/ptolemy/domains/de/test/auto/knownFailedTests/dependencyLoop2.xml (Known Failure) 
6 ms. Memory: 146944K Free: 105160K (72%)


==== $PTIIhome/travis/build/icyphy/ptII/ptolemy/domains/de/test/../../../../: Auto Automatic test in file $PTII/ptolemy/domains/de/test/auto/knownFailedTests/dependencyLoop2.xml
==== Contents of test case:

	    # FIXME: we should use $relativeFilename here, but it
	    # might have backslashes under Windows, which causes no end
	    # of trouble.
	    createAndExecute $file
	    list {}
	
.... Test generated KNOWN error:
    while executing
ptolemy.kernel.util.IllegalActionException: Found a zero delay loop containing .dependencyLoop2.original
  in .dependencyLoop2 and .dependencyLoop2.original
	at ptolemy.actor.util.CausalityInterfaceForComposites._computeOutputPortDepth(CausalityInterfaceForComposites.java:759)
	at ptolemy.actor.util.CausalityInterfaceForComposites._computeInputDepth(CausalityInterfaceForComposites.java:696)
	at ptolemy.actor.util.CausalityInterfaceForComposites._computeOutputPortDepth(CausalityInterfaceForComposites.java:765)
	at ptolemy.actor.util.CausalityInterfaceForComposites._computeInputDepth(CausalityInterfaceForComposites.java:696)
	at ptolemy.actor.util.CausalityInterfaceForComposites._computeOutputPortDepth(CausalityInterfaceForComposites.java:765)
	at ptolemy.actor.util.CausalityInterfaceForComposites._computeInputDepth(CausalityInterfaceForComposites.java:696)
	at ptolemy.actor.util.CausalityInterfaceForComposites._computeActorDepth(CausalityInterfaceForComposites.java:532)
	at ptolemy.actor.util.CausalityInterfaceForComposites.checkForCycles(CausalityInterfaceForComposites.java:96)
	at ptolemy.domains.de.kernel.DEDirector.preinitialize(DEDirector.java:1338)
	at ptolemy.actor.CompositeActor.preinitialize(CompositeActor.java:1828)
	at ptolemy.actor.Manager.preinitializeAndResolveTypes(Manager.java:1040)
	at ptolemy.actor.Manager.initialize(Manager.java:710)
	at ptolemy.actor.Manager.execute(Manager.java:356)
	at ptolemy.actor.Manager.run(Manager.java:1263)
	at ptolemy.actor.Manager$PtolemyRunThread.run(Manager.java:1915)

    while executing
ptolemy.kernel.util.IllegalActionException: Found a zero delay loop containing .dependencyLoop2.original
  in .dependencyLoop2 and .dependencyLoop2.original
    while executing
"java::new ptolemy.moml.MoMLSimpleApplication $file
"
    (procedure "createAndExecute" line 2)
    invoked from within
"createAndExecute $file"
    ("uplevel" body line 5)
    invoked from within
"uplevel $contents_of_test"
------------------ testing $PTII/ptolemy/domains/de/test/auto/knownFailedTests/HierarchicalModel.xml (Known Failure) 
6 ms. Memory: 146944K Free: 83492K (57%)


==== $PTIIhome/travis/build/icyphy/ptII/ptolemy/domains/de/test/../../../../: Auto Automatic test in file $PTII/ptolemy/domains/de/test/auto/knownFailedTests/HierarchicalModel.xml
==== Contents of test case:

	    # FIXME: we should use $relativeFilename here, but it
	    # might have backslashes under Windows, which causes no end
	    # of trouble.
	    createAndExecute $file
	    list {}
	
.... Test generated KNOWN error:
    while executing
ptolemy.kernel.util.IllegalActionException: Found a zero delay loop containing .HierarchicalModel.A
  in .HierarchicalModel and .HierarchicalModel.A
	at ptolemy.actor.util.CausalityInterfaceForComposites._computeOutputPortDepth(CausalityInterfaceForComposites.java:759)
	at ptolemy.actor.util.CausalityInterfaceForComposites._computeInputDepth(CausalityInterfaceForComposites.java:696)
	at ptolemy.actor.util.CausalityInterfaceForComposites._computeOutputPortDepth(CausalityInterfaceForComposites.java:765)
	at ptolemy.actor.util.CausalityInterfaceForComposites._computeInputDepth(CausalityInterfaceForComposites.java:696)
	at ptolemy.actor.util.CausalityInterfaceForComposites._computeOutputPortDepth(CausalityInterfaceForComposites.java:765)
	at ptolemy.actor.util.CausalityInterfaceForComposites._computeInputDepth(CausalityInterfaceForComposites.java:696)
	at ptolemy.actor.util.CausalityInterfaceForComposites._computeActorDepth(CausalityInterfaceForComposites.java:532)
	at ptolemy.actor.util.CausalityInterfaceForComposites.checkForCycles(CausalityInterfaceForComposites.java:96)
	at ptolemy.domains.de.kernel.DEDirector.preinitialize(DEDirector.java:1338)
	at ptolemy.actor.CompositeActor.preinitialize(CompositeActor.java:1828)
	at ptolemy.actor.Manager.preinitializeAndResolveTypes(Manager.java:1040)
	at ptolemy.actor.Manager.initialize(Manager.java:710)
	at ptolemy.actor.Manager.execute(Manager.java:356)
	at ptolemy.actor.Manager.run(Manager.java:1263)
	at ptolemy.actor.Manager$PtolemyRunThread.run(Manager.java:1915)

    while executing
ptolemy.kernel.util.IllegalActionException: Found a zero delay loop containing .HierarchicalModel.A
  in .HierarchicalModel and .HierarchicalModel.A
    while executing
"java::new ptolemy.moml.MoMLSimpleApplication $file
"
    (procedure "createAndExecute" line 2)
    invoked from within
"createAndExecute $file"
    ("uplevel" body line 5)
    invoked from within
"uplevel $contents_of_test"
------------------ testing $PTII/ptolemy/domains/de/test/auto/knownFailedTests/DirectFeedback.xml (Known Failure) 
10 ms. Memory: 146944K Free: 140153K (95%)


==== $PTIIhome/travis/build/icyphy/ptII/ptolemy/domains/de/test/../../../../: Auto Automatic test in file $PTII/ptolemy/domains/de/test/auto/knownFailedTests/DirectFeedback.xml
==== Contents of test case:

	    # FIXME: we should use $relativeFilename here, but it
	    # might have backslashes under Windows, which causes no end
	    # of trouble.
	    createAndExecute $file
	    list {}
	
.... Test generated KNOWN error:
    while executing
ptolemy.kernel.util.IllegalActionException: Test fails in iteration 1.
Value was: 1.0. Should have been: 2.0
  in .DirectFeedback.Test
	at ptolemy.actor.lib.Test.fire(Test.java:268)
	at ptolemy.domains.de.kernel.DEDirector._fire(DEDirector.java:1949)
	at ptolemy.domains.de.kernel.DEDirector.fire(DEDirector.java:502)
	at ptolemy.actor.CompositeActor.fire(CompositeActor.java:455)
	at ptolemy.actor.Manager.iterate(Manager.java:851)
	at ptolemy.actor.Manager.execute(Manager.java:369)
	at ptolemy.actor.Manager.run(Manager.java:1263)
	at ptolemy.actor.Manager$PtolemyRunThread.run(Manager.java:1915)

    while executing
ptolemy.kernel.util.IllegalActionException: Test fails in iteration 1.
Value was: 1.0. Should have been: 2.0
  in .DirectFeedback.Test
    while executing
"java::new ptolemy.moml.MoMLSimpleApplication $file
"
    (procedure "createAndExecute" line 2)
    invoked from within
"createAndExecute $file"
    ("uplevel" body line 5)
    invoked from within
"uplevel $contents_of_test"
------------------ testing $PTII/ptolemy/domains/de/test/auto/ActorDepthCalculation_actorWithoutPorts.xml
auto.tcl: Setting watchdog for 200 seconds at Tue Dec 04 02:55:54 UTC 2018
7 ms. Memory: 146944K Free: 131497K (89%)
ptolemy.util.test.WatchDog.cancel(): canceling Tue Dec 04 02:55:54 UTC 2018
auto.tcl: Setting watchdog for 200 seconds at Tue Dec 04 02:55:54 UTC 2018
6 ms. Memory: 146944K Free: 130464K (89%)
ptolemy.util.test.WatchDog.cancel(): canceling Tue Dec 04 02:55:54 UTC 2018
------------------ testing $PTII/ptolemy/domains/de/test/auto/AssemblyLine.xml
auto.tcl: Setting watchdog for 200 seconds at Tue Dec 04 02:55:54 UTC 2018
12 ms. Memory: 208384K Free: 183192K (88%)
ptolemy.util.test.WatchDog.cancel(): canceling Tue Dec 04 02:55:54 UTC 2018
auto.tcl: Setting watchdog for 200 seconds at Tue Dec 04 02:55:54 UTC 2018
10 ms. Memory: 208384K Free: 183192K (88%)
ptolemy.util.test.WatchDog.cancel(): canceling Tue Dec 04 02:55:54 UTC 2018
------------------ testing $PTII/ptolemy/domains/de/test/auto/CQBug1.xml
auto.tcl: Setting watchdog for 200 seconds at Tue Dec 04 02:55:54 UTC 2018
11 ms. Memory: 208384K Free: 197309K (95%)
ptolemy.util.test.WatchDog.cancel(): canceling Tue Dec 04 02:55:54 UTC 2018
auto.tcl: Setting watchdog for 200 seconds at Tue Dec 04 02:55:54 UTC 2018
2 ms. Memory: 208384K Free: 197309K (95%)
ptolemy.util.test.WatchDog.cancel(): canceling Tue Dec 04 02:55:54 UTC 2018
------------------ testing $PTII/ptolemy/domains/de/test/auto/CancelFireAt.xml
auto.tcl: Setting watchdog for 200 seconds at Tue Dec 04 02:55:54 UTC 2018
5 ms. Memory: 208384K Free: 201026K (96%)
ptolemy.util.test.WatchDog.cancel(): canceling Tue Dec 04 02:55:54 UTC 2018
auto.tcl: Setting watchdog for 200 seconds at Tue Dec 04 02:55:54 UTC 2018
10 ms. Memory: 208384K Free: 198927K (95%)
ptolemy.util.test.WatchDog.cancel(): canceling Tue Dec 04 02:55:54 UTC 2018
------------------ testing $PTII/ptolemy/domains/de/test/auto/CausalityAndComposabilityAnalysis.xml
auto.tcl: Setting watchdog for 200 seconds at Tue Dec 04 02:55:54 UTC 2018
7 ms. Memory: 208384K Free: 196841K (94%)
ptolemy.util.test.WatchDog.cancel(): canceling Tue Dec 04 02:55:54 UTC 2018
auto.tcl: Setting watchdog for 200 seconds at Tue Dec 04 02:55:54 UTC 2018
4 ms. Memory: 208384K Free: 196841K (94%)
ptolemy.util.test.WatchDog.cancel(): canceling Tue Dec 04 02:55:54 UTC 2018
------------------ testing $PTII/ptolemy/domains/de/test/auto/CausalityInterface1.xml
auto.tcl: Setting watchdog for 200 seconds at Tue Dec 04 02:55:55 UTC 2018
16 ms. Memory: 208384K Free: 196442K (94%)
ptolemy.util.test.WatchDog.cancel(): canceling Tue Dec 04 02:55:55 UTC 2018
auto.tcl: Setting watchdog for 200 seconds at Tue Dec 04 02:55:55 UTC 2018
4 ms. Memory: 208384K Free: 196442K (94%)
ptolemy.util.test.WatchDog.cancel(): canceling Tue Dec 04 02:55:55 UTC 2018
------------------ testing $PTII/ptolemy/domains/de/test/auto/CausalityInterface15.xml
auto.tcl: Setting watchdog for 200 seconds at Tue Dec 04 02:55:55 UTC 2018
4 ms. Memory: 208384K Free: 196432K (94%)
ptolemy.util.test.WatchDog.cancel(): canceling Tue Dec 04 02:55:55 UTC 2018
auto.tcl: Setting watchdog for 200 seconds at Tue Dec 04 02:55:55 UTC 2018
8 ms. Memory: 208384K Free: 196432K (94%)
ptolemy.util.test.WatchDog.cancel(): canceling Tue Dec 04 02:55:55 UTC 2018
------------------ testing $PTII/ptolemy/domains/de/test/auto/CausalityInterface2.xml
auto.tcl: Setting watchdog for 200 seconds at Tue Dec 04 02:55:55 UTC 2018
3 ms. Memory: 208384K Free: 196753K (94%)
ptolemy.util.test.WatchDog.cancel(): canceling Tue Dec 04 02:55:55 UTC 2018
auto.tcl: Setting watchdog for 200 seconds at Tue Dec 04 02:55:55 UTC 2018
3 ms. Memory: 208384K Free: 196415K (94%)
ptolemy.util.test.WatchDog.cancel(): canceling Tue Dec 04 02:55:55 UTC 2018
------------------ testing $PTII/ptolemy/domains/de/test/auto/CausalityInterface3.xml
auto.tcl: Setting watchdog for 200 seconds at Tue Dec 04 02:55:55 UTC 2018
3 ms. Memory: 208384K Free: 196429K (94%)
ptolemy.util.test.WatchDog.cancel(): canceling Tue Dec 04 02:55:55 UTC 2018
auto.tcl: Setting watchdog for 200 seconds at Tue Dec 04 02:55:55 UTC 2018
6 ms. Memory: 208384K Free: 196429K (94%)
ptolemy.util.test.WatchDog.cancel(): canceling Tue Dec 04 02:55:55 UTC 2018
------------------ testing $PTII/ptolemy/domains/de/test/auto/ClockDrift.xml
auto.tcl: Setting watchdog for 200 seconds at Tue Dec 04 02:55:55 UTC 2018
97 ms. Memory: 208384K Free: 187671K (90%)
ptolemy.util.test.WatchDog.cancel(): canceling Tue Dec 04 02:55:55 UTC 2018
auto.tcl: Setting watchdog for 200 seconds at Tue Dec 04 02:55:55 UTC 2018
42 ms. Memory: 208384K Free: 185575K (89%)
ptolemy.util.test.WatchDog.cancel(): canceling Tue Dec 04 02:55:55 UTC 2018
------------------ testing $PTII/ptolemy/domains/de/test/auto/ClockDriftAndValueChange.xml
auto.tcl: Setting watchdog for 200 seconds at Tue Dec 04 02:55:55 UTC 2018
41 ms. Memory: 208384K Free: 187499K (90%)
ptolemy.util.test.WatchDog.cancel(): canceling Tue Dec 04 02:55:55 UTC 2018
auto.tcl: Setting watchdog for 200 seconds at Tue Dec 04 02:55:55 UTC 2018
19 ms. Memory: 208384K Free: 185403K (89%)
ptolemy.util.test.WatchDog.cancel(): canceling Tue Dec 04 02:55:55 UTC 2018
------------------ testing $PTII/ptolemy/domains/de/test/auto/ClockDriftChange.xml
auto.tcl: Setting watchdog for 200 seconds at Tue Dec 04 02:55:55 UTC 2018
23 ms. Memory: 208384K Free: 190822K (92%)
ptolemy.util.test.WatchDog.cancel(): canceling Tue Dec 04 02:55:55 UTC 2018
auto.tcl: Setting watchdog for 200 seconds at Tue Dec 04 02:55:55 UTC 2018
25 ms. Memory: 208384K Free: 188726K (91%)
ptolemy.util.test.WatchDog.cancel(): canceling Tue Dec 04 02:55:56 UTC 2018
------------------ testing $PTII/ptolemy/domains/de/test/auto/ComposableCausalityAnalysis.xml
auto.tcl: Setting watchdog for 200 seconds at Tue Dec 04 02:55:56 UTC 2018
3 ms. Memory: 208384K Free: 196279K (94%)
ptolemy.util.test.WatchDog.cancel(): canceling Tue Dec 04 02:55:56 UTC 2018
auto.tcl: Setting watchdog for 200 seconds at Tue Dec 04 02:55:56 UTC 2018
1 ms. Memory: 208384K Free: 194183K (93%)
ptolemy.util.test.WatchDog.cancel(): canceling Tue Dec 04 02:55:56 UTC 2018
------------------ testing $PTII/ptolemy/domains/de/test/auto/DEFixedPointLimitation.xml
auto.tcl: Setting watchdog for 200 seconds at Tue Dec 04 02:55:56 UTC 2018
8 ms. Memory: 208384K Free: 196360K (94%)
ptolemy.util.test.WatchDog.cancel(): canceling Tue Dec 04 02:55:56 UTC 2018
auto.tcl: Setting watchdog for 200 seconds at Tue Dec 04 02:55:56 UTC 2018
1 ms. Memory: 208384K Free: 196360K (94%)
ptolemy.util.test.WatchDog.cancel(): canceling Tue Dec 04 02:55:56 UTC 2018
------------------ testing $PTII/ptolemy/domains/de/test/auto/DEScheduleTest.xml
auto.tcl: Setting watchdog for 200 seconds at Tue Dec 04 02:55:56 UTC 2018
4 ms. Memory: 208384K Free: 198492K (95%)
ptolemy.util.test.WatchDog.cancel(): canceling Tue Dec 04 02:55:56 UTC 2018
auto.tcl: Setting watchdog for 200 seconds at Tue Dec 04 02:55:56 UTC 2018
7 ms. Memory: 208384K Free: 196396K (94%)
ptolemy.util.test.WatchDog.cancel(): canceling Tue Dec 04 02:55:56 UTC 2018
------------------ testing $PTII/ptolemy/domains/de/test/auto/DEinDEwithStartTimes.xml
auto.tcl: Setting watchdog for 200 seconds at Tue Dec 04 02:55:56 UTC 2018
3 ms. Memory: 208384K Free: 196365K (94%)
ptolemy.util.test.WatchDog.cancel(): canceling Tue Dec 04 02:55:56 UTC 2018
auto.tcl: Setting watchdog for 200 seconds at Tue Dec 04 02:55:56 UTC 2018
3 ms. Memory: 208384K Free: 194269K (93%)
ptolemy.util.test.WatchDog.cancel(): canceling Tue Dec 04 02:55:56 UTC 2018
------------------ testing $PTII/ptolemy/domains/de/test/auto/DEinDEwithStartTimes2.xml
auto.tcl: Setting watchdog for 200 seconds at Tue Dec 04 02:55:56 UTC 2018
6 ms. Memory: 208384K Free: 196345K (94%)
ptolemy.util.test.WatchDog.cancel(): canceling Tue Dec 04 02:55:56 UTC 2018
auto.tcl: Setting watchdog for 200 seconds at Tue Dec 04 02:55:56 UTC 2018
4 ms. Memory: 208384K Free: 194249K (93%)
ptolemy.util.test.WatchDog.cancel(): canceling Tue Dec 04 02:55:56 UTC 2018
------------------ testing $PTII/ptolemy/domains/de/test/auto/DateDemo.xml
auto.tcl: Setting watchdog for 200 seconds at Tue Dec 04 02:55:56 UTC 2018
7 ms. Memory: 208384K Free: 188794K (91%)
ptolemy.util.test.WatchDog.cancel(): canceling Tue Dec 04 02:55:56 UTC 2018
auto.tcl: Setting watchdog for 200 seconds at Tue Dec 04 02:55:56 UTC 2018
5 ms. Memory: 208384K Free: 186698K (90%)
ptolemy.util.test.WatchDog.cancel(): canceling Tue Dec 04 02:55:56 UTC 2018
------------------ testing $PTII/ptolemy/domains/de/test/auto/DateToEvent.xml
auto.tcl: Setting watchdog for 200 seconds at Tue Dec 04 02:55:56 UTC 2018
2010 ms. Memory: 208384K Free: 183528K (88%)
ptolemy.util.test.WatchDog.cancel(): canceling Tue Dec 04 02:55:58 UTC 2018
auto.tcl: Setting watchdog for 200 seconds at Tue Dec 04 02:55:58 UTC 2018
2006 ms. Memory: 208384K Free: 183528K (88%)
ptolemy.util.test.WatchDog.cancel(): canceling Tue Dec 04 02:56:00 UTC 2018
------------------ testing $PTII/ptolemy/domains/de/test/auto/DepthTest1.xml
auto.tcl: Setting watchdog for 200 seconds at Tue Dec 04 02:56:00 UTC 2018
4 ms. Memory: 208384K Free: 198021K (95%)
ptolemy.util.test.WatchDog.cancel(): canceling Tue Dec 04 02:56:00 UTC 2018
auto.tcl: Setting watchdog for 200 seconds at Tue Dec 04 02:56:00 UTC 2018
9 ms. Memory: 208384K Free: 198021K (95%)
ptolemy.util.test.WatchDog.cancel(): canceling Tue Dec 04 02:56:00 UTC 2018
------------------ testing $PTII/ptolemy/domains/de/test/auto/DepthTest2.xml
auto.tcl: Setting watchdog for 200 seconds at Tue Dec 04 02:56:00 UTC 2018
3 ms. Memory: 208384K Free: 194229K (93%)
ptolemy.util.test.WatchDog.cancel(): canceling Tue Dec 04 02:56:00 UTC 2018
auto.tcl: Setting watchdog for 200 seconds at Tue Dec 04 02:56:00 UTC 2018
3 ms. Memory: 208384K Free: 194229K (93%)
ptolemy.util.test.WatchDog.cancel(): canceling Tue Dec 04 02:56:00 UTC 2018
------------------ testing $PTII/ptolemy/domains/de/test/auto/DepthTest3.xml
auto.tcl: Setting watchdog for 200 seconds at Tue Dec 04 02:56:00 UTC 2018
3 ms. Memory: 208384K Free: 198354K (95%)
ptolemy.util.test.WatchDog.cancel(): canceling Tue Dec 04 02:56:00 UTC 2018
auto.tcl: Setting watchdog for 200 seconds at Tue Dec 04 02:56:00 UTC 2018
2 ms. Memory: 208384K Free: 198354K (95%)
ptolemy.util.test.WatchDog.cancel(): canceling Tue Dec 04 02:56:00 UTC 2018
------------------ testing $PTII/ptolemy/domains/de/test/auto/DepthTest4.xml
auto.tcl: Setting watchdog for 200 seconds at Tue Dec 04 02:56:00 UTC 2018
4 ms. Memory: 208384K Free: 196345K (94%)
ptolemy.util.test.WatchDog.cancel(): canceling Tue Dec 04 02:56:00 UTC 2018
auto.tcl: Setting watchdog for 200 seconds at Tue Dec 04 02:56:00 UTC 2018
2 ms. Memory: 208384K Free: 196345K (94%)
ptolemy.util.test.WatchDog.cancel(): canceling Tue Dec 04 02:56:00 UTC 2018
------------------ testing $PTII/ptolemy/domains/de/test/auto/DepthTest5.xml
auto.tcl: Setting watchdog for 200 seconds at Tue Dec 04 02:56:00 UTC 2018
5 ms. Memory: 208384K Free: 196630K (94%)
ptolemy.util.test.WatchDog.cancel(): canceling Tue Dec 04 02:56:00 UTC 2018
auto.tcl: Setting watchdog for 200 seconds at Tue Dec 04 02:56:00 UTC 2018
2 ms. Memory: 208384K Free: 196630K (94%)
ptolemy.util.test.WatchDog.cancel(): canceling Tue Dec 04 02:56:00 UTC 2018
------------------ testing $PTII/ptolemy/domains/de/test/auto/DepthTest6.xml
auto.tcl: Setting watchdog for 200 seconds at Tue Dec 04 02:56:00 UTC 2018
6 ms. Memory: 208384K Free: 196598K (94%)
ptolemy.util.test.WatchDog.cancel(): canceling Tue Dec 04 02:56:01 UTC 2018
auto.tcl: Setting watchdog for 200 seconds at Tue Dec 04 02:56:01 UTC 2018
2 ms. Memory: 208384K Free: 196598K (94%)
ptolemy.util.test.WatchDog.cancel(): canceling Tue Dec 04 02:56:01 UTC 2018
------------------ testing $PTII/ptolemy/domains/de/test/auto/DepthTest7.xml
auto.tcl: Setting watchdog for 200 seconds at Tue Dec 04 02:56:01 UTC 2018
2 ms. Memory: 208384K Free: 195020K (94%)
ptolemy.util.test.WatchDog.cancel(): canceling Tue Dec 04 02:56:01 UTC 2018
auto.tcl: Setting watchdog for 200 seconds at Tue Dec 04 02:56:01 UTC 2018
1 ms. Memory: 208384K Free: 195020K (94%)
ptolemy.util.test.WatchDog.cancel(): canceling Tue Dec 04 02:56:01 UTC 2018
------------------ testing $PTII/ptolemy/domains/de/test/auto/EventToDate.xml
auto.tcl: Setting watchdog for 200 seconds at Tue Dec 04 02:56:01 UTC 2018
3009 ms. Memory: 208384K Free: 185789K (89%)
ptolemy.util.test.WatchDog.cancel(): canceling Tue Dec 04 02:56:04 UTC 2018
auto.tcl: Setting watchdog for 200 seconds at Tue Dec 04 02:56:04 UTC 2018
3004 ms. Memory: 208384K Free: 185789K (89%)
ptolemy.util.test.WatchDog.cancel(): canceling Tue Dec 04 02:56:07 UTC 2018
------------------ testing $PTII/ptolemy/domains/de/test/auto/FSM1.xml
auto.tcl: Setting watchdog for 200 seconds at Tue Dec 04 02:56:07 UTC 2018
20 ms. Memory: 208384K Free: 189309K (91%)
ptolemy.util.test.WatchDog.cancel(): canceling Tue Dec 04 02:56:07 UTC 2018
auto.tcl: Setting watchdog for 200 seconds at Tue Dec 04 02:56:07 UTC 2018
14 ms. Memory: 208384K Free: 185117K (89%)
ptolemy.util.test.WatchDog.cancel(): canceling Tue Dec 04 02:56:07 UTC 2018
------------------ testing $PTII/ptolemy/domains/de/test/auto/FSM7.xml
auto.tcl: Setting watchdog for 200 seconds at Tue Dec 04 02:56:07 UTC 2018
13 ms. Memory: 208384K Free: 187750K (90%)
ptolemy.util.test.WatchDog.cancel(): canceling Tue Dec 04 02:56:07 UTC 2018
auto.tcl: Setting watchdog for 200 seconds at Tue Dec 04 02:56:07 UTC 2018
17 ms. Memory: 208384K Free: 185316K (89%)
ptolemy.util.test.WatchDog.cancel(): canceling Tue Dec 04 02:56:07 UTC 2018
------------------ testing $PTII/ptolemy/domains/de/test/auto/Inspection.xml
auto.tcl: Setting watchdog for 200 seconds at Tue Dec 04 02:56:07 UTC 2018
19 ms. Memory: 208384K Free: 188966K (91%)
ptolemy.util.test.WatchDog.cancel(): canceling Tue Dec 04 02:56:07 UTC 2018
auto.tcl: Setting watchdog for 200 seconds at Tue Dec 04 02:56:07 UTC 2018
22 ms. Memory: 208384K Free: 186869K (90%)
ptolemy.util.test.WatchDog.cancel(): canceling Tue Dec 04 02:56:07 UTC 2018
------------------ testing $PTII/ptolemy/domains/de/test/auto/Iteration.xml
auto.tcl: Setting watchdog for 200 seconds at Tue Dec 04 02:56:07 UTC 2018
8 ms. Memory: 208384K Free: 196393K (94%)
ptolemy.util.test.WatchDog.cancel(): canceling Tue Dec 04 02:56:07 UTC 2018
auto.tcl: Setting watchdog for 200 seconds at Tue Dec 04 02:56:07 UTC 2018
8 ms. Memory: 208384K Free: 194296K (93%)
ptolemy.util.test.WatchDog.cancel(): canceling Tue Dec 04 02:56:07 UTC 2018
------------------ testing $PTII/ptolemy/domains/de/test/auto/LineFault.xml
auto.tcl: Setting watchdog for 200 seconds at Tue Dec 04 02:56:07 UTC 2018
701 ms. Memory: 208384K Free: 196658K (94%)
ptolemy.util.test.WatchDog.cancel(): canceling Tue Dec 04 02:56:08 UTC 2018
auto.tcl: Setting watchdog for 200 seconds at Tue Dec 04 02:56:08 UTC 2018
594 ms. Memory: 208384K Free: 139421K (67%)
ptolemy.util.test.WatchDog.cancel(): canceling Tue Dec 04 02:56:09 UTC 2018
------------------ testing $PTII/ptolemy/domains/de/test/auto/MergeModel1Add.xml
auto.tcl: Setting watchdog for 200 seconds at Tue Dec 04 02:56:09 UTC 2018
18 ms. Memory: 331264K Free: 298800K (90%)
ptolemy.util.test.WatchDog.cancel(): canceling Tue Dec 04 02:56:09 UTC 2018
auto.tcl: Setting watchdog for 200 seconds at Tue Dec 04 02:56:09 UTC 2018
9 ms. Memory: 331264K Free: 298800K (90%)
ptolemy.util.test.WatchDog.cancel(): canceling Tue Dec 04 02:56:09 UTC 2018
------------------ testing $PTII/ptolemy/domains/de/test/auto/MergeModel2Add.xml
auto.tcl: Setting watchdog for 200 seconds at Tue Dec 04 02:56:09 UTC 2018
8 ms. Memory: 331264K Free: 304095K (92%)
ptolemy.util.test.WatchDog.cancel(): canceling Tue Dec 04 02:56:09 UTC 2018
auto.tcl: Setting watchdog for 200 seconds at Tue Dec 04 02:56:09 UTC 2018
6 ms. Memory: 331264K Free: 300138K (91%)
ptolemy.util.test.WatchDog.cancel(): canceling Tue Dec 04 02:56:09 UTC 2018
------------------ testing $PTII/ptolemy/domains/de/test/auto/MergeModel3Add.xml
auto.tcl: Setting watchdog for 200 seconds at Tue Dec 04 02:56:09 UTC 2018
15 ms. Memory: 331264K Free: 304105K (92%)
ptolemy.util.test.WatchDog.cancel(): canceling Tue Dec 04 02:56:09 UTC 2018
auto.tcl: Setting watchdog for 200 seconds at Tue Dec 04 02:56:09 UTC 2018
5 ms. Memory: 331264K Free: 300148K (91%)
ptolemy.util.test.WatchDog.cancel(): canceling Tue Dec 04 02:56:09 UTC 2018
------------------ testing $PTII/ptolemy/domains/de/test/auto/MergeWithoutDiscard.xml
auto.tcl: Setting watchdog for 200 seconds at Tue Dec 04 02:56:09 UTC 2018
2 ms. Memory: 331264K Free: 320215K (97%)
ptolemy.util.test.WatchDog.cancel(): canceling Tue Dec 04 02:56:09 UTC 2018
auto.tcl: Setting watchdog for 200 seconds at Tue Dec 04 02:56:09 UTC 2018
1 ms. Memory: 331264K Free: 316258K (95%)
ptolemy.util.test.WatchDog.cancel(): canceling Tue Dec 04 02:56:09 UTC 2018
------------------ testing $PTII/ptolemy/domains/de/test/auto/Modal1.xml
auto.tcl: Setting watchdog for 200 seconds at Tue Dec 04 02:56:09 UTC 2018
10 ms. Memory: 331264K Free: 309857K (94%)
ptolemy.util.test.WatchDog.cancel(): canceling Tue Dec 04 02:56:09 UTC 2018
auto.tcl: Setting watchdog for 200 seconds at Tue Dec 04 02:56:09 UTC 2018
10 ms. Memory: 331264K Free: 305900K (92%)
ptolemy.util.test.WatchDog.cancel(): canceling Tue Dec 04 02:56:09 UTC 2018
------------------ testing $PTII/ptolemy/domains/de/test/auto/Modal2.xml
auto.tcl: Setting watchdog for 200 seconds at Tue Dec 04 02:56:09 UTC 2018
19 ms. Memory: 331264K Free: 309730K (93%)
ptolemy.util.test.WatchDog.cancel(): canceling Tue Dec 04 02:56:09 UTC 2018
auto.tcl: Setting watchdog for 200 seconds at Tue Dec 04 02:56:09 UTC 2018
16 ms. Memory: 331264K Free: 305773K (92%)
ptolemy.util.test.WatchDog.cancel(): canceling Tue Dec 04 02:56:09 UTC 2018
------------------ testing $PTII/ptolemy/domains/de/test/auto/Modal3.xml
auto.tcl: Setting watchdog for 200 seconds at Tue Dec 04 02:56:10 UTC 2018
15 ms. Memory: 331264K Free: 309742K (94%)
ptolemy.util.test.WatchDog.cancel(): canceling Tue Dec 04 02:56:10 UTC 2018
auto.tcl: Setting watchdog for 200 seconds at Tue Dec 04 02:56:10 UTC 2018
15 ms. Memory: 331264K Free: 305785K (92%)
ptolemy.util.test.WatchDog.cancel(): canceling Tue Dec 04 02:56:10 UTC 2018
------------------ testing $PTII/ptolemy/domains/de/test/auto/Modal4.xml
auto.tcl: Setting watchdog for 200 seconds at Tue Dec 04 02:56:10 UTC 2018
12 ms. Memory: 331264K Free: 309741K (94%)
ptolemy.util.test.WatchDog.cancel(): canceling Tue Dec 04 02:56:10 UTC 2018
auto.tcl: Setting watchdog for 200 seconds at Tue Dec 04 02:56:10 UTC 2018
12 ms. Memory: 331264K Free: 305784K (92%)
ptolemy.util.test.WatchDog.cancel(): canceling Tue Dec 04 02:56:10 UTC 2018
------------------ testing $PTII/ptolemy/domains/de/test/auto/Modal5.xml
auto.tcl: Setting watchdog for 200 seconds at Tue Dec 04 02:56:10 UTC 2018
19 ms. Memory: 331264K Free: 309730K (93%)
ptolemy.util.test.WatchDog.cancel(): canceling Tue Dec 04 02:56:10 UTC 2018
auto.tcl: Setting watchdog for 200 seconds at Tue Dec 04 02:56:10 UTC 2018
10 ms. Memory: 331264K Free: 305773K (92%)
ptolemy.util.test.WatchDog.cancel(): canceling Tue Dec 04 02:56:10 UTC 2018
------------------ testing $PTII/ptolemy/domains/de/test/auto/Modal6.xml
auto.tcl: Setting watchdog for 200 seconds at Tue Dec 04 02:56:10 UTC 2018
11 ms. Memory: 331264K Free: 309725K (93%)
ptolemy.util.test.WatchDog.cancel(): canceling Tue Dec 04 02:56:10 UTC 2018
auto.tcl: Setting watchdog for 200 seconds at Tue Dec 04 02:56:10 UTC 2018
12 ms. Memory: 331264K Free: 305769K (92%)
ptolemy.util.test.WatchDog.cancel(): canceling Tue Dec 04 02:56:10 UTC 2018
------------------ testing $PTII/ptolemy/domains/de/test/auto/Modal7.xml
auto.tcl: Setting watchdog for 200 seconds at Tue Dec 04 02:56:10 UTC 2018
14 ms. Memory: 331264K Free: 309726K (93%)
ptolemy.util.test.WatchDog.cancel(): canceling Tue Dec 04 02:56:10 UTC 2018
auto.tcl: Setting watchdog for 200 seconds at Tue Dec 04 02:56:10 UTC 2018
11 ms. Memory: 331264K Free: 305769K (92%)
ptolemy.util.test.WatchDog.cancel(): canceling Tue Dec 04 02:56:10 UTC 2018
------------------ testing $PTII/ptolemy/domains/de/test/auto/ModalModel.xml
auto.tcl: Setting watchdog for 200 seconds at Tue Dec 04 02:56:10 UTC 2018
146 ms. Memory: 331264K Free: 246213K (74%)
ptolemy.util.test.WatchDog.cancel(): canceling Tue Dec 04 02:56:10 UTC 2018
auto.tcl: Setting watchdog for 200 seconds at Tue Dec 04 02:56:10 UTC 2018
164 ms. Memory: 331264K Free: 190787K (58%)
ptolemy.util.test.WatchDog.cancel(): canceling Tue Dec 04 02:56:10 UTC 2018
------------------ testing $PTII/ptolemy/domains/de/test/auto/ModalSource.xml
auto.tcl: Setting watchdog for 200 seconds at Tue Dec 04 02:56:10 UTC 2018
5 ms. Memory: 331264K Free: 316510K (96%)
ptolemy.util.test.WatchDog.cancel(): canceling Tue Dec 04 02:56:10 UTC 2018
auto.tcl: Setting watchdog for 200 seconds at Tue Dec 04 02:56:10 UTC 2018
6 ms. Memory: 331264K Free: 312988K (94%)
ptolemy.util.test.WatchDog.cancel(): canceling Tue Dec 04 02:56:10 UTC 2018
------------------ testing $PTII/ptolemy/domains/de/test/auto/NonInterruptibleTimerZeroDelay.xml
auto.tcl: Setting watchdog for 200 seconds at Tue Dec 04 02:56:10 UTC 2018
4 ms. Memory: 331264K Free: 320886K (97%)
ptolemy.util.test.WatchDog.cancel(): canceling Tue Dec 04 02:56:11 UTC 2018
auto.tcl: Setting watchdog for 200 seconds at Tue Dec 04 02:56:11 UTC 2018
2 ms. Memory: 331264K Free: 317348K (96%)
ptolemy.util.test.WatchDog.cancel(): canceling Tue Dec 04 02:56:11 UTC 2018
------------------ testing $PTII/ptolemy/domains/de/test/auto/OpenQueueingNetwork.xml
auto.tcl: Setting watchdog for 200 seconds at Tue Dec 04 02:56:11 UTC 2018
2707 ms. Memory: 573952K Free: 406235K (71%)
ptolemy.util.test.WatchDog.cancel(): canceling Tue Dec 04 02:56:13 UTC 2018
auto.tcl: Setting watchdog for 200 seconds at Tue Dec 04 02:56:13 UTC 2018
2220 ms. Memory: 550912K Free: 319107K (58%)
ptolemy.util.test.WatchDog.cancel(): canceling Tue Dec 04 02:56:16 UTC 2018
------------------ testing $PTII/ptolemy/domains/de/test/auto/OpenQueuingNetwork.xml
auto.tcl: Setting watchdog for 200 seconds at Tue Dec 04 02:56:16 UTC 2018
208 ms. Memory: 549888K Free: 446049K (81%)
ptolemy.util.test.WatchDog.cancel(): canceling Tue Dec 04 02:56:16 UTC 2018
auto.tcl: Setting watchdog for 200 seconds at Tue Dec 04 02:56:16 UTC 2018
210 ms. Memory: 549888K Free: 386986K (70%)
ptolemy.util.test.WatchDog.cancel(): canceling Tue Dec 04 02:56:16 UTC 2018
------------------ testing $PTII/ptolemy/domains/de/test/auto/PeriodicSampler.xml
auto.tcl: Setting watchdog for 200 seconds at Tue Dec 04 02:56:16 UTC 2018
2 ms. Memory: 551936K Free: 531961K (96%)
ptolemy.util.test.WatchDog.cancel(): canceling Tue Dec 04 02:56:16 UTC 2018
auto.tcl: Setting watchdog for 200 seconds at Tue Dec 04 02:56:16 UTC 2018
1 ms. Memory: 551936K Free: 531961K (96%)
ptolemy.util.test.WatchDog.cancel(): canceling Tue Dec 04 02:56:16 UTC 2018
------------------ testing $PTII/ptolemy/domains/de/test/auto/PersistentIO.xml
auto.tcl: Setting watchdog for 200 seconds at Tue Dec 04 02:56:16 UTC 2018
5 ms. Memory: 549376K Free: 524843K (96%)
ptolemy.util.test.WatchDog.cancel(): canceling Tue Dec 04 02:56:16 UTC 2018
auto.tcl: Setting watchdog for 200 seconds at Tue Dec 04 02:56:16 UTC 2018
3 ms. Memory: 549376K Free: 524843K (96%)
ptolemy.util.test.WatchDog.cancel(): canceling Tue Dec 04 02:56:16 UTC 2018
------------------ testing $PTII/ptolemy/domains/de/test/auto/PortParameterResetOnInitialize.xml
auto.tcl: Setting watchdog for 200 seconds at Tue Dec 04 02:56:16 UTC 2018
2 ms. Memory: 551424K Free: 531909K (96%)
ptolemy.util.test.WatchDog.cancel(): canceling Tue Dec 04 02:56:16 UTC 2018
auto.tcl: Setting watchdog for 200 seconds at Tue Dec 04 02:56:16 UTC 2018
2 ms. Memory: 551424K Free: 531909K (96%)
ptolemy.util.test.WatchDog.cancel(): canceling Tue Dec 04 02:56:16 UTC 2018
------------------ testing $PTII/ptolemy/domains/de/test/auto/PortParameterUpdates.xml
auto.tcl: Setting watchdog for 200 seconds at Tue Dec 04 02:56:16 UTC 2018
6 ms. Memory: 549376K Free: 519930K (95%)
ptolemy.util.test.WatchDog.cancel(): canceling Tue Dec 04 02:56:16 UTC 2018
auto.tcl: Setting watchdog for 200 seconds at Tue Dec 04 02:56:16 UTC 2018
3 ms. Memory: 549376K Free: 519930K (95%)
ptolemy.util.test.WatchDog.cancel(): canceling Tue Dec 04 02:56:16 UTC 2018
------------------ testing $PTII/ptolemy/domains/de/test/auto/QueueAndServer.xml
auto.tcl: Setting watchdog for 200 seconds at Tue Dec 04 02:56:17 UTC 2018
14 ms. Memory: 551424K Free: 531316K (96%)
ptolemy.util.test.WatchDog.cancel(): canceling Tue Dec 04 02:56:17 UTC 2018
auto.tcl: Setting watchdog for 200 seconds at Tue Dec 04 02:56:17 UTC 2018
6 ms. Memory: 551424K Free: 531316K (96%)
ptolemy.util.test.WatchDog.cancel(): canceling Tue Dec 04 02:56:17 UTC 2018
------------------ testing $PTII/ptolemy/domains/de/test/auto/Records.xml
auto.tcl: Setting watchdog for 200 seconds at Tue Dec 04 02:56:17 UTC 2018
5 ms. Memory: 549376K Free: 534576K (97%)
ptolemy.util.test.WatchDog.cancel(): canceling Tue Dec 04 02:56:17 UTC 2018
auto.tcl: Setting watchdog for 200 seconds at Tue Dec 04 02:56:17 UTC 2018
2 ms. Memory: 549376K Free: 529206K (96%)
ptolemy.util.test.WatchDog.cancel(): canceling Tue Dec 04 02:56:17 UTC 2018
------------------ testing $PTII/ptolemy/domains/de/test/auto/ResetTransitionWithStartTime1.xml
auto.tcl: Setting watchdog for 200 seconds at Tue Dec 04 02:56:17 UTC 2018
7 ms. Memory: 551424K Free: 531264K (96%)
ptolemy.util.test.WatchDog.cancel(): canceling Tue Dec 04 02:56:17 UTC 2018
auto.tcl: Setting watchdog for 200 seconds at Tue Dec 04 02:56:17 UTC 2018
5 ms. Memory: 551424K Free: 531264K (96%)
ptolemy.util.test.WatchDog.cancel(): canceling Tue Dec 04 02:56:17 UTC 2018
------------------ testing $PTII/ptolemy/domains/de/test/auto/ResetTransitionWithStartTime2.xml
auto.tcl: Setting watchdog for 200 seconds at Tue Dec 04 02:56:17 UTC 2018
4 ms. Memory: 549376K Free: 529436K (96%)
ptolemy.util.test.WatchDog.cancel(): canceling Tue Dec 04 02:56:17 UTC 2018
auto.tcl: Setting watchdog for 200 seconds at Tue Dec 04 02:56:17 UTC 2018
9 ms. Memory: 549376K Free: 529436K (96%)
ptolemy.util.test.WatchDog.cancel(): canceling Tue Dec 04 02:56:17 UTC 2018
------------------ testing $PTII/ptolemy/domains/de/test/auto/ResetTransitionWithStartTime3.xml
auto.tcl: Setting watchdog for 200 seconds at Tue Dec 04 02:56:17 UTC 2018
11 ms. Memory: 550912K Free: 530741K (96%)
ptolemy.util.test.WatchDog.cancel(): canceling Tue Dec 04 02:56:17 UTC 2018
auto.tcl: Setting watchdog for 200 seconds at Tue Dec 04 02:56:17 UTC 2018
8 ms. Memory: 550912K Free: 530741K (96%)
ptolemy.util.test.WatchDog.cancel(): canceling Tue Dec 04 02:56:17 UTC 2018
------------------ testing $PTII/ptolemy/domains/de/test/auto/ResetTransitionWithStartTime4.xml
auto.tcl: Setting watchdog for 200 seconds at Tue Dec 04 02:56:17 UTC 2018
4 ms. Memory: 549376K Free: 529203K (96%)
ptolemy.util.test.WatchDog.cancel(): canceling Tue Dec 04 02:56:17 UTC 2018
auto.tcl: Setting watchdog for 200 seconds at Tue Dec 04 02:56:17 UTC 2018
3 ms. Memory: 549376K Free: 529203K (96%)
ptolemy.util.test.WatchDog.cancel(): canceling Tue Dec 04 02:56:17 UTC 2018
------------------ testing $PTII/ptolemy/domains/de/test/auto/ResettableTimer1.xml
auto.tcl: Setting watchdog for 200 seconds at Tue Dec 04 02:56:17 UTC 2018
3 ms. Memory: 550912K Free: 536120K (97%)
ptolemy.util.test.WatchDog.cancel(): canceling Tue Dec 04 02:56:17 UTC 2018
auto.tcl: Setting watchdog for 200 seconds at Tue Dec 04 02:56:17 UTC 2018
2 ms. Memory: 550912K Free: 536120K (97%)
ptolemy.util.test.WatchDog.cancel(): canceling Tue Dec 04 02:56:17 UTC 2018
------------------ testing $PTII/ptolemy/domains/de/test/auto/ResettableTimer2.xml
auto.tcl: Setting watchdog for 200 seconds at Tue Dec 04 02:56:17 UTC 2018
3 ms. Memory: 549376K Free: 534872K (97%)
ptolemy.util.test.WatchDog.cancel(): canceling Tue Dec 04 02:56:17 UTC 2018
auto.tcl: Setting watchdog for 200 seconds at Tue Dec 04 02:56:17 UTC 2018
2 ms. Memory: 549376K Free: 534872K (97%)
ptolemy.util.test.WatchDog.cancel(): canceling Tue Dec 04 02:56:17 UTC 2018
------------------ testing $PTII/ptolemy/domains/de/test/auto/ResettableTimer3.xml
auto.tcl: Setting watchdog for 200 seconds at Tue Dec 04 02:56:17 UTC 2018
1 ms. Memory: 550912K Free: 536176K (97%)
ptolemy.util.test.WatchDog.cancel(): canceling Tue Dec 04 02:56:17 UTC 2018
auto.tcl: Setting watchdog for 200 seconds at Tue Dec 04 02:56:17 UTC 2018
1 ms. Memory: 550912K Free: 536176K (97%)
ptolemy.util.test.WatchDog.cancel(): canceling Tue Dec 04 02:56:17 UTC 2018
------------------ testing $PTII/ptolemy/domains/de/test/auto/ResettableTimer4.xml
auto.tcl: Setting watchdog for 200 seconds at Tue Dec 04 02:56:17 UTC 2018
1 ms. Memory: 549376K Free: 534883K (97%)
ptolemy.util.test.WatchDog.cancel(): canceling Tue Dec 04 02:56:17 UTC 2018
auto.tcl: Setting watchdog for 200 seconds at Tue Dec 04 02:56:17 UTC 2018
1 ms. Memory: 549376K Free: 534883K (97%)
ptolemy.util.test.WatchDog.cancel(): canceling Tue Dec 04 02:56:17 UTC 2018
------------------ testing $PTII/ptolemy/domains/de/test/auto/ResettableTimer5.xml
auto.tcl: Setting watchdog for 200 seconds at Tue Dec 04 02:56:17 UTC 2018
2 ms. Memory: 550400K Free: 531225K (97%)
ptolemy.util.test.WatchDog.cancel(): canceling Tue Dec 04 02:56:17 UTC 2018
auto.tcl: Setting watchdog for 200 seconds at Tue Dec 04 02:56:17 UTC 2018
1 ms. Memory: 550400K Free: 531225K (97%)
ptolemy.util.test.WatchDog.cancel(): canceling Tue Dec 04 02:56:17 UTC 2018
------------------ testing $PTII/ptolemy/domains/de/test/auto/ResettableTimer6.xml
auto.tcl: Setting watchdog for 200 seconds at Tue Dec 04 02:56:17 UTC 2018
2 ms. Memory: 549376K Free: 529921K (96%)
ptolemy.util.test.WatchDog.cancel(): canceling Tue Dec 04 02:56:17 UTC 2018
auto.tcl: Setting watchdog for 200 seconds at Tue Dec 04 02:56:17 UTC 2018
1 ms. Memory: 549376K Free: 529921K (96%)
ptolemy.util.test.WatchDog.cancel(): canceling Tue Dec 04 02:56:17 UTC 2018
------------------ testing $PTII/ptolemy/domains/de/test/auto/ServerZeroDelay.xml
auto.tcl: Setting watchdog for 200 seconds at Tue Dec 04 02:56:17 UTC 2018
3 ms. Memory: 550400K Free: 535845K (97%)
ptolemy.util.test.WatchDog.cancel(): canceling Tue Dec 04 02:56:17 UTC 2018
auto.tcl: Setting watchdog for 200 seconds at Tue Dec 04 02:56:17 UTC 2018
2 ms. Memory: 550400K Free: 535845K (97%)
ptolemy.util.test.WatchDog.cancel(): canceling Tue Dec 04 02:56:17 UTC 2018
------------------ testing $PTII/ptolemy/domains/de/test/auto/SmartSender.xml
auto.tcl: Setting watchdog for 200 seconds at Tue Dec 04 02:56:17 UTC 2018
3001 ms. Memory: 549376K Free: 529907K (96%)
ptolemy.util.test.WatchDog.cancel(): canceling Tue Dec 04 02:56:20 UTC 2018
auto.tcl: Setting watchdog for 200 seconds at Tue Dec 04 02:56:20 UTC 2018
3003 ms. Memory: 549376K Free: 529907K (96%)
ptolemy.util.test.WatchDog.cancel(): canceling Tue Dec 04 02:56:23 UTC 2018
------------------ testing $PTII/ptolemy/domains/de/test/auto/ThreadedComposite.xml
auto.tcl: Setting watchdog for 200 seconds at Tue Dec 04 02:56:23 UTC 2018
260 ms. Memory: 550400K Free: 510830K (93%)
ptolemy.util.test.WatchDog.cancel(): canceling Tue Dec 04 02:56:24 UTC 2018
auto.tcl: Setting watchdog for 200 seconds at Tue Dec 04 02:56:24 UTC 2018
163 ms. Memory: 550400K Free: 496102K (90%)
ptolemy.util.test.WatchDog.cancel(): canceling Tue Dec 04 02:56:24 UTC 2018
------------------ testing $PTII/ptolemy/domains/de/test/auto/Time.xml
auto.tcl: Setting watchdog for 200 seconds at Tue Dec 04 02:56:24 UTC 2018
528 ms. Memory: 549376K Free: 482835K (88%)
ptolemy.util.test.WatchDog.cancel(): canceling Tue Dec 04 02:56:24 UTC 2018
auto.tcl: Setting watchdog for 200 seconds at Tue Dec 04 02:56:24 UTC 2018
520 ms. Memory: 549376K Free: 429142K (78%)
ptolemy.util.test.WatchDog.cancel(): canceling Tue Dec 04 02:56:25 UTC 2018
------------------ testing $PTII/ptolemy/domains/de/test/auto/TimeDelayZeroDelay.xml
auto.tcl: Setting watchdog for 200 seconds at Tue Dec 04 02:56:25 UTC 2018
2 ms. Memory: 550400K Free: 535533K (97%)
ptolemy.util.test.WatchDog.cancel(): canceling Tue Dec 04 02:56:25 UTC 2018
auto.tcl: Setting watchdog for 200 seconds at Tue Dec 04 02:56:25 UTC 2018
2 ms. Memory: 550400K Free: 535533K (97%)
ptolemy.util.test.WatchDog.cancel(): canceling Tue Dec 04 02:56:25 UTC 2018
------------------ testing $PTII/ptolemy/domains/de/test/auto/TimerZeroDelay.xml
auto.tcl: Setting watchdog for 200 seconds at Tue Dec 04 02:56:25 UTC 2018
2 ms. Memory: 549376K Free: 534783K (97%)
ptolemy.util.test.WatchDog.cancel(): canceling Tue Dec 04 02:56:25 UTC 2018
auto.tcl: Setting watchdog for 200 seconds at Tue Dec 04 02:56:25 UTC 2018
2 ms. Memory: 549376K Free: 534783K (97%)
ptolemy.util.test.WatchDog.cancel(): canceling Tue Dec 04 02:56:25 UTC 2018
------------------ testing $PTII/ptolemy/domains/de/test/auto/TimingParadox.xml
auto.tcl: Setting watchdog for 200 seconds at Tue Dec 04 02:56:25 UTC 2018
325 ms. Memory: 549888K Free: 470051K (85%)
ptolemy.util.test.WatchDog.cancel(): canceling Tue Dec 04 02:56:26 UTC 2018
auto.tcl: Setting watchdog for 200 seconds at Tue Dec 04 02:56:26 UTC 2018
293 ms. Memory: 549888K Free: 437835K (80%)
ptolemy.util.test.WatchDog.cancel(): canceling Tue Dec 04 02:56:26 UTC 2018
------------------ testing $PTII/ptolemy/domains/de/test/auto/TransferInputs.xml
auto.tcl: Setting watchdog for 200 seconds at Tue Dec 04 02:56:26 UTC 2018
1 ms. Memory: 549888K Free: 534199K (97%)
ptolemy.util.test.WatchDog.cancel(): canceling Tue Dec 04 02:56:26 UTC 2018
auto.tcl: Setting watchdog for 200 seconds at Tue Dec 04 02:56:26 UTC 2018
2 ms. Memory: 549888K Free: 534199K (97%)
ptolemy.util.test.WatchDog.cancel(): canceling Tue Dec 04 02:56:26 UTC 2018
------------------ testing $PTII/ptolemy/domains/de/test/auto/TransferOutputs2.xml
auto.tcl: Setting watchdog for 200 seconds at Tue Dec 04 02:56:26 UTC 2018
3 ms. Memory: 549376K Free: 529404K (96%)
ptolemy.util.test.WatchDog.cancel(): canceling Tue Dec 04 02:56:26 UTC 2018
auto.tcl: Setting watchdog for 200 seconds at Tue Dec 04 02:56:26 UTC 2018
3 ms. Memory: 549376K Free: 529404K (96%)
ptolemy.util.test.WatchDog.cancel(): canceling Tue Dec 04 02:56:26 UTC 2018
------------------ testing $PTII/ptolemy/domains/de/test/auto/Trilateration.xml
auto.tcl: Setting watchdog for 200 seconds at Tue Dec 04 02:56:26 UTC 2018
13487 ms. Memory: 766976K Free: 252322K (33%)
ptolemy.util.test.WatchDog.cancel(): canceling Tue Dec 04 02:56:41 UTC 2018
auto.tcl: Setting watchdog for 200 seconds at Tue Dec 04 02:56:41 UTC 2018
10864 ms. Memory: 646144K Free: 117847K (18%)
ptolemy.util.test.WatchDog.cancel(): canceling Tue Dec 04 02:56:51 UTC 2018
------------------ testing $PTII/ptolemy/domains/de/test/auto/TwoSigmaDelta.xml
auto.tcl: Setting watchdog for 200 seconds at Tue Dec 04 02:56:52 UTC 2018
2711 ms. Memory: 649728K Free: 331198K (51%)
ptolemy.util.test.WatchDog.cancel(): canceling Tue Dec 04 02:56:54 UTC 2018
auto.tcl: Setting watchdog for 200 seconds at Tue Dec 04 02:56:54 UTC 2018
2307 ms. Memory: 649728K Free: 84937K (13%)
ptolemy.util.test.WatchDog.cancel(): canceling Tue Dec 04 02:56:57 UTC 2018
------------------ testing $PTII/ptolemy/domains/de/test/auto/VariableDelay.xml
auto.tcl: Setting watchdog for 200 seconds at Tue Dec 04 02:56:57 UTC 2018
2 ms. Memory: 646656K Free: 627304K (97%)
ptolemy.util.test.WatchDog.cancel(): canceling Tue Dec 04 02:56:57 UTC 2018
auto.tcl: Setting watchdog for 200 seconds at Tue Dec 04 02:56:57 UTC 2018
1 ms. Memory: 646656K Free: 627304K (97%)
ptolemy.util.test.WatchDog.cancel(): canceling Tue Dec 04 02:56:57 UTC 2018
------------------ testing $PTII/ptolemy/domains/de/test/auto/VariableDelay2.xml
auto.tcl: Setting watchdog for 200 seconds at Tue Dec 04 02:56:57 UTC 2018
4 ms. Memory: 646144K Free: 627237K (97%)
ptolemy.util.test.WatchDog.cancel(): canceling Tue Dec 04 02:56:57 UTC 2018
auto.tcl: Setting watchdog for 200 seconds at Tue Dec 04 02:56:57 UTC 2018
2 ms. Memory: 646144K Free: 627237K (97%)
ptolemy.util.test.WatchDog.cancel(): canceling Tue Dec 04 02:56:57 UTC 2018
------------------ testing $PTII/ptolemy/domains/de/test/auto/VariableDelayZeroDelay.xml
auto.tcl: Setting watchdog for 200 seconds at Tue Dec 04 02:56:57 UTC 2018
2 ms. Memory: 646144K Free: 621589K (96%)
ptolemy.util.test.WatchDog.cancel(): canceling Tue Dec 04 02:56:57 UTC 2018
auto.tcl: Setting watchdog for 200 seconds at Tue Dec 04 02:56:57 UTC 2018
2 ms. Memory: 646144K Free: 621589K (96%)
ptolemy.util.test.WatchDog.cancel(): canceling Tue Dec 04 02:56:57 UTC 2018
------------------ testing $PTII/ptolemy/domains/de/test/auto/VariableDelayZeroDelay2.xml
auto.tcl: Setting watchdog for 200 seconds at Tue Dec 04 02:56:57 UTC 2018
1 ms. Memory: 649216K Free: 624659K (96%)
ptolemy.util.test.WatchDog.cancel(): canceling Tue Dec 04 02:56:57 UTC 2018
auto.tcl: Setting watchdog for 200 seconds at Tue Dec 04 02:56:57 UTC 2018
1 ms. Memory: 649216K Free: 624659K (96%)
ptolemy.util.test.WatchDog.cancel(): canceling Tue Dec 04 02:56:57 UTC 2018
------------------ testing $PTII/ptolemy/domains/de/test/auto/deInCt.xml
auto.tcl: Setting watchdog for 200 seconds at Tue Dec 04 02:56:57 UTC 2018
0
1
1
1
0
0
0
0
1
1
1
1
0
0
0
0
1
1
0
0
0
1
1
0
0
0
0
1
1
1
1
0
0
0
1
1
1
1
10 ms. Memory: 646144K Free: 621553K (96%)
ptolemy.util.test.WatchDog.cancel(): canceling Tue Dec 04 02:56:57 UTC 2018
auto.tcl: Setting watchdog for 200 seconds at Tue Dec 04 02:56:57 UTC 2018
0
1
1
1
1
0
0
0
1
1
1
0
0
0
0
1
1
1
0
0
0
0
0
0
1
1
1
0
0
0
1
1
1
0
0
0
6 ms. Memory: 646144K Free: 621553K (96%)
ptolemy.util.test.WatchDog.cancel(): canceling Tue Dec 04 02:56:57 UTC 2018
------------------ testing $PTII/ptolemy/domains/de/test/auto/deInCt2.xml
auto.tcl: Setting watchdog for 200 seconds at Tue Dec 04 02:56:57 UTC 2018
0
1
1
1
0
0
1
1
1
0
0
1
1
1
0
0
1
1
1
0
0
1
1
1
0
0
1
1
1
0
0
1
1
1
0
0
1
1
1
0
0
0
9 ms. Memory: 648704K Free: 624113K (96%)
ptolemy.util.test.WatchDog.cancel(): canceling Tue Dec 04 02:56:57 UTC 2018
auto.tcl: Setting watchdog for 200 seconds at Tue Dec 04 02:56:57 UTC 2018
0
1
1
1
0
0
1
1
1
0
0
1
1
1
0
0
1
1
1
0
0
1
1
1
0
0
1
1
1
0
0
1
1
1
0
0
1
1
1
0
0
0
5 ms. Memory: 648704K Free: 624113K (96%)
ptolemy.util.test.WatchDog.cancel(): canceling Tue Dec 04 02:56:57 UTC 2018
------------------ testing $PTII/ptolemy/domains/de/test/auto/dynamicCausalityInterface1.xml
auto.tcl: Setting watchdog for 200 seconds at Tue Dec 04 02:56:57 UTC 2018
2 ms. Memory: 646144K Free: 618618K (96%)
ptolemy.util.test.WatchDog.cancel(): canceling Tue Dec 04 02:56:57 UTC 2018
auto.tcl: Setting watchdog for 200 seconds at Tue Dec 04 02:56:57 UTC 2018
1 ms. Memory: 646144K Free: 618618K (96%)
ptolemy.util.test.WatchDog.cancel(): canceling Tue Dec 04 02:56:57 UTC 2018
------------------ testing $PTII/ptolemy/domains/de/test/auto/fsm_de_test.xml
auto.tcl: Setting watchdog for 200 seconds at Tue Dec 04 02:56:57 UTC 2018
12 ms. Memory: 648192K Free: 623523K (96%)
ptolemy.util.test.WatchDog.cancel(): canceling Tue Dec 04 02:56:57 UTC 2018
auto.tcl: Setting watchdog for 200 seconds at Tue Dec 04 02:56:57 UTC 2018
7 ms. Memory: 648192K Free: 614914K (95%)
ptolemy.util.test.WatchDog.cancel(): canceling Tue Dec 04 02:56:57 UTC 2018
------------------ testing $PTII/ptolemy/domains/de/test/auto/functionDependencyReconstruction.xml
auto.tcl: Setting watchdog for 200 seconds at Tue Dec 04 02:56:57 UTC 2018
2 ms. Memory: 646144K Free: 612857K (95%)
ptolemy.util.test.WatchDog.cancel(): canceling Tue Dec 04 02:56:57 UTC 2018
auto.tcl: Setting watchdog for 200 seconds at Tue Dec 04 02:56:57 UTC 2018
2 ms. Memory: 646144K Free: 604247K (94%)
ptolemy.util.test.WatchDog.cancel(): canceling Tue Dec 04 02:56:57 UTC 2018
------------------ testing $PTII/ptolemy/domains/de/test/auto/multirate.xml
auto.tcl: Setting watchdog for 200 seconds at Tue Dec 04 02:56:57 UTC 2018
5 ms. Memory: 648192K Free: 623390K (96%)
ptolemy.util.test.WatchDog.cancel(): canceling Tue Dec 04 02:56:57 UTC 2018
auto.tcl: Setting watchdog for 200 seconds at Tue Dec 04 02:56:57 UTC 2018
3 ms. Memory: 648192K Free: 623390K (96%)
ptolemy.util.test.WatchDog.cancel(): canceling Tue Dec 04 02:56:57 UTC 2018
------------------ testing $PTII/ptolemy/domains/de/test/auto/multirate2.xml
auto.tcl: Setting watchdog for 200 seconds at Tue Dec 04 02:56:57 UTC 2018
8 ms. Memory: 646144K Free: 621531K (96%)
ptolemy.util.test.WatchDog.cancel(): canceling Tue Dec 04 02:56:58 UTC 2018
auto.tcl: Setting watchdog for 200 seconds at Tue Dec 04 02:56:58 UTC 2018
3 ms. Memory: 646144K Free: 621531K (96%)
ptolemy.util.test.WatchDog.cancel(): canceling Tue Dec 04 02:56:58 UTC 2018
------------------ testing $PTII/ptolemy/domains/de/test/auto/realtime.xml
auto.tcl: Setting watchdog for 200 seconds at Tue Dec 04 02:56:58 UTC 2018
10002 ms. Memory: 647680K Free: 623033K (96%)
ptolemy.util.test.WatchDog.cancel(): canceling Tue Dec 04 02:57:08 UTC 2018
auto.tcl: Setting watchdog for 200 seconds at Tue Dec 04 02:57:08 UTC 2018
10001 ms. Memory: 647680K Free: 623033K (96%)
ptolemy.util.test.WatchDog.cancel(): canceling Tue Dec 04 02:57:18 UTC 2018
------------------ testing $PTII/ptolemy/domains/de/test/auto/relationGroup.xml
auto.tcl: Setting watchdog for 200 seconds at Tue Dec 04 02:57:18 UTC 2018
1 ms. Memory: 646144K Free: 621555K (96%)
ptolemy.util.test.WatchDog.cancel(): canceling Tue Dec 04 02:57:18 UTC 2018
auto.tcl: Setting watchdog for 200 seconds at Tue Dec 04 02:57:18 UTC 2018
1 ms. Memory: 646144K Free: 621555K (96%)
ptolemy.util.test.WatchDog.cancel(): canceling Tue Dec 04 02:57:18 UTC 2018
------------------ testing $PTII/ptolemy/domains/de/test/auto/relationGroup2.xml
auto.tcl: Setting watchdog for 200 seconds at Tue Dec 04 02:57:18 UTC 2018
1 ms. Memory: 647680K Free: 623116K (96%)
ptolemy.util.test.WatchDog.cancel(): canceling Tue Dec 04 02:57:18 UTC 2018
auto.tcl: Setting watchdog for 200 seconds at Tue Dec 04 02:57:18 UTC 2018
1 ms. Memory: 647680K Free: 623116K (96%)
ptolemy.util.test.WatchDog.cancel(): canceling Tue Dec 04 02:57:18 UTC 2018
------------------ testing $PTII/ptolemy/domains/de/test/auto/sortWithOpaquePorts.xml
auto.tcl: Setting watchdog for 200 seconds at Tue Dec 04 02:57:18 UTC 2018
1 ms. Memory: 646144K Free: 621582K (96%)
ptolemy.util.test.WatchDog.cancel(): canceling Tue Dec 04 02:57:18 UTC 2018
auto.tcl: Setting watchdog for 200 seconds at Tue Dec 04 02:57:18 UTC 2018
2 ms. Memory: 646144K Free: 621582K (96%)
ptolemy.util.test.WatchDog.cancel(): canceling Tue Dec 04 02:57:18 UTC 2018
------------------ testing $PTII/ptolemy/domains/de/test/auto/transferInputsandOutputs.xml
auto.tcl: Setting watchdog for 200 seconds at Tue Dec 04 02:57:18 UTC 2018
2 ms. Memory: 647168K Free: 622594K (96%)
ptolemy.util.test.WatchDog.cancel(): canceling Tue Dec 04 02:57:18 UTC 2018
auto.tcl: Setting watchdog for 200 seconds at Tue Dec 04 02:57:18 UTC 2018
3 ms. Memory: 647168K Free: 622594K (96%)
ptolemy.util.test.WatchDog.cancel(): canceling Tue Dec 04 02:57:18 UTC 2018
------------------ testing $PTII/ptolemy/domains/de/test/auto/triggerType.xml
auto.tcl: Setting watchdog for 200 seconds at Tue Dec 04 02:57:18 UTC 2018
1 ms. Memory: 646144K Free: 621520K (96%)
ptolemy.util.test.WatchDog.cancel(): canceling Tue Dec 04 02:57:18 UTC 2018
auto.tcl: Setting watchdog for 200 seconds at Tue Dec 04 02:57:18 UTC 2018
1 ms. Memory: 646144K Free: 621520K (96%)
ptolemy.util.test.WatchDog.cancel(): canceling Tue Dec 04 02:57:18 UTC 2018
12/04/18 02:57:18
Failed: 0  Total Tests: 192  ((Passed: 187, Newly Passed: 1)  Known Failed: 5) /home/travis/build/icyphy/ptII/ptolemy/domains/de/test
12/04/18 02:57:18
Failed: 0  Total Tests: 192  ((Passed: 187, Newly Passed: 1)  Known Failed: 5) /home/travis/build/icyphy/ptII/ptolemy/domains/de/test
----------------- testing (KnownFailure) /home/travis/build/icyphy/ptII/ptolemy/domains/de/test/auto/knownFailedTests/DESDFClockTest.xml
2007 ms. Memory: 647168K Free: 611271K (94%)
Known Failure: java.lang.reflect.InvocationTargetException
----------------- testing (KnownFailure) /home/travis/build/icyphy/ptII/ptolemy/domains/de/test/auto/knownFailedTests/DirectFeedback.xml
1 ms. Memory: 647168K Free: 566091K (87%)
Known Failure: java.lang.reflect.InvocationTargetException
----------------- testing (KnownFailure) /home/travis/build/icyphy/ptII/ptolemy/domains/de/test/auto/knownFailedTests/FSMSource.xml
9 ms. Memory: 647168K Free: 520912K (80%)
----------------- testing (KnownFailure) /home/travis/build/icyphy/ptII/ptolemy/domains/de/test/auto/knownFailedTests/HierarchicalModel.xml
1 ms. Memory: 647168K Free: 487012K (75%)
Known Failure: java.lang.reflect.InvocationTargetException
----------------- testing (KnownFailure) /home/travis/build/icyphy/ptII/ptolemy/domains/de/test/auto/knownFailedTests/dependencyLoop.xml
4 ms. Memory: 647168K Free: 430522K (67%)
Known Failure: java.lang.reflect.InvocationTargetException
----------------- testing (KnownFailure) /home/travis/build/icyphy/ptII/ptolemy/domains/de/test/auto/knownFailedTests/dependencyLoop2.xml
4 ms. Memory: 647168K Free: 374032K (58%)
Known Failure: java.lang.reflect.InvocationTargetException
No auto/linux-amd64/*.xml tests in /home/travis/build/icyphy/ptII/ptolemy/domains/de/test
AutoTests.java: About to close Vertx.
AutoTests.java: Vertx closed.

===========================================================================================
----------------- testing Tue Dec 04 02:57:20 UTC 2018 /home/travis/build/icyphy/ptII/ptolemy/domains/de/test/auto/ActorDepthCalculation_actorWithoutPorts.xml
----------------- Instantiating /home/travis/build/icyphy/ptII/ptolemy/domains/de/test/auto/ActorDepthCalculation_actorWithoutPorts.xml
1 ms. Memory: 647168K Free: 317558K (49%)
----------------- Invoking toplevel() on ptolemy.moml.MoMLSimpleApplication@6639c7e9
----------------- Done invoking toplevel() on ptolemy.moml.MoMLSimpleApplication@6639c7e9
reloadAllAccessors: .ActorDepthCalculation_actorWithoutPorts

===========================================================================================
----------------- testing Tue Dec 04 02:57:20 UTC 2018 /home/travis/build/icyphy/ptII/ptolemy/domains/de/test/auto/AssemblyLine.xml
----------------- Instantiating /home/travis/build/icyphy/ptII/ptolemy/domains/de/test/auto/AssemblyLine.xml
2 ms. Memory: 647168K Free: 294969K (46%)
----------------- Invoking toplevel() on ptolemy.moml.MoMLSimpleApplication@4bedb040
----------------- Done invoking toplevel() on ptolemy.moml.MoMLSimpleApplication@4bedb040
reloadAllAccessors: .AssemblyLine

===========================================================================================
----------------- testing Tue Dec 04 02:57:20 UTC 2018 /home/travis/build/icyphy/ptII/ptolemy/domains/de/test/auto/CQBug1.xml
----------------- Instantiating /home/travis/build/icyphy/ptII/ptolemy/domains/de/test/auto/CQBug1.xml
0 ms. Memory: 647168K Free: 272380K (42%)
----------------- Invoking toplevel() on ptolemy.moml.MoMLSimpleApplication@6285dde8
----------------- Done invoking toplevel() on ptolemy.moml.MoMLSimpleApplication@6285dde8
reloadAllAccessors: .CQBug1

===========================================================================================
----------------- testing Tue Dec 04 02:57:20 UTC 2018 /home/travis/build/icyphy/ptII/ptolemy/domains/de/test/auto/CancelFireAt.xml
----------------- Instantiating /home/travis/build/icyphy/ptII/ptolemy/domains/de/test/auto/CancelFireAt.xml
1 ms. Memory: 647168K Free: 249790K (39%)
----------------- Invoking toplevel() on ptolemy.moml.MoMLSimpleApplication@17957128
----------------- Done invoking toplevel() on ptolemy.moml.MoMLSimpleApplication@17957128
reloadAllAccessors: .CancelFireAt

===========================================================================================
----------------- testing Tue Dec 04 02:57:20 UTC 2018 /home/travis/build/icyphy/ptII/ptolemy/domains/de/test/auto/CausalityAndComposabilityAnalysis.xml
----------------- Instantiating /home/travis/build/icyphy/ptII/ptolemy/domains/de/test/auto/CausalityAndComposabilityAnalysis.xml
2 ms. Memory: 647168K Free: 227201K (35%)
----------------- Invoking toplevel() on ptolemy.moml.MoMLSimpleApplication@4489857a
----------------- Done invoking toplevel() on ptolemy.moml.MoMLSimpleApplication@4489857a
reloadAllAccessors: .CausalityAndComposabilityAnalysis

===========================================================================================
----------------- testing Tue Dec 04 02:57:20 UTC 2018 /home/travis/build/icyphy/ptII/ptolemy/domains/de/test/auto/CausalityInterface1.xml
----------------- Instantiating /home/travis/build/icyphy/ptII/ptolemy/domains/de/test/auto/CausalityInterface1.xml
4 ms. Memory: 647168K Free: 204611K (32%)
----------------- Invoking toplevel() on ptolemy.moml.MoMLSimpleApplication@474c8fe3
----------------- Done invoking toplevel() on ptolemy.moml.MoMLSimpleApplication@474c8fe3
reloadAllAccessors: .CausalityInterface1

===========================================================================================
----------------- testing Tue Dec 04 02:57:20 UTC 2018 /home/travis/build/icyphy/ptII/ptolemy/domains/de/test/auto/CausalityInterface15.xml
----------------- Instantiating /home/travis/build/icyphy/ptII/ptolemy/domains/de/test/auto/CausalityInterface15.xml
1 ms. Memory: 647168K Free: 182022K (28%)
----------------- Invoking toplevel() on ptolemy.moml.MoMLSimpleApplication@5782121f
----------------- Done invoking toplevel() on ptolemy.moml.MoMLSimpleApplication@5782121f
reloadAllAccessors: .CausalityInterface15

[...]
java.lang.RuntimeException: Execution failed
	at ptolemy.moml.MoMLSimpleApplication$UnloadThread.run(MoMLSimpleApplication.java:402)
Caused by: ptolemy.kernel.util.IllegalActionException: Test fails in iteration 1.
Value was: 1.0. Should have been: 2.0
  in .DirectFeedback.Test
	at ptolemy.actor.lib.Test.fire(Test.java:268)
	at ptolemy.domains.de.kernel.DEDirector._fire(DEDirector.java:1949)
	at ptolemy.domains.de.kernel.DEDirector.fire(DEDirector.java:502)
	at ptolemy.actor.CompositeActor.fire(CompositeActor.java:455)
	at ptolemy.actor.Manager.iterate(Manager.java:851)
	at ptolemy.actor.Manager.execute(Manager.java:369)
	at ptolemy.actor.Manager.run(Manager.java:1263)
	at ptolemy.actor.Manager$PtolemyRunThread.run(Manager.java:1915)
java.lang.RuntimeException: Execution failed
	at ptolemy.moml.MoMLSimpleApplication$UnloadThread.run(MoMLSimpleApplication.java:402)
Caused by: ptolemy.kernel.util.IllegalActionException: Actor is not ready to fire.  Perhaps UpSample.prefire() returned false? Try debugging the actor by selecting "Listen to Actor".  Also, for SDF check moml for tokenConsumptionRate on input.
  in .DESDFClockTest.Play Bell.Copy1:SDF Director and .DESDFClockTest.Play Bell.UpSample
	at ptolemy.actor.sched.StaticSchedulingDirector.fire(StaticSchedulingDirector.java:227)
	at ptolemy.domains.sdf.kernel.SDFDirector.fire(SDFDirector.java:500)
	at ptolemy.actor.CompositeActor.fire(CompositeActor.java:455)
	at ptolemy.domains.de.kernel.DEDirector._fire(DEDirector.java:1949)
	at ptolemy.domains.de.kernel.DEDirector.fire(DEDirector.java:502)
	at ptolemy.actor.CompositeActor.fire(CompositeActor.java:455)
	at ptolemy.actor.Manager.iterate(Manager.java:851)
	at ptolemy.actor.Manager.execute(Manager.java:369)
	at ptolemy.actor.Manager.run(Manager.java:1263)
	at ptolemy.actor.Manager$PtolemyRunThread.run(Manager.java:1915)
java.lang.reflect.InvocationTargetException
	at sun.reflect.NativeConstructorAccessorImpl.newInstance0(Native Method)
	at sun.reflect.NativeConstructorAccessorImpl.newInstance(NativeConstructorAccessorImpl.java:62)
	at sun.reflect.DelegatingConstructorAccessorImpl.newInstance(DelegatingConstructorAccessorImpl.java:45)
	at java.lang.reflect.Constructor.newInstance(Constructor.java:423)
	at ptolemy.util.test.junit.AutoKnownFailedTests.RunModel(AutoKnownFailedTests.java:105)
	at sun.reflect.NativeMethodAccessorImpl.invoke0(Native Method)
	at sun.reflect.NativeMethodAccessorImpl.invoke(NativeMethodAccessorImpl.java:62)
	at sun.reflect.DelegatingMethodAccessorImpl.invoke(DelegatingMethodAccessorImpl.java:43)
	at java.lang.reflect.Method.invoke(Method.java:498)
	at org.junit.runners.model.FrameworkMethod$1.runReflectiveCall(FrameworkMethod.java:44)
	at org.junit.internal.runners.model.ReflectiveCallable.run(ReflectiveCallable.java:15)
	at org.junit.runners.model.FrameworkMethod.invokeExplosively(FrameworkMethod.java:41)
	at junitparams.internal.InvokeParameterisedMethod.evaluate(InvokeParameterisedMethod.java:102)
	at org.junit.internal.runners.statements.FailOnTimeout$1.run(FailOnTimeout.java:28)
Caused by: ptolemy.kernel.util.IllegalActionException: Actor is not ready to fire.  Perhaps UpSample.prefire() returned false? Try debugging the actor by selecting "Listen to Actor".  Also, for SDF check moml for tokenConsumptionRate on input.
  in .DESDFClockTest.Play Bell.Copy1:SDF Director and .DESDFClockTest.Play Bell.UpSample
	at ptolemy.actor.sched.StaticSchedulingDirector.fire(StaticSchedulingDirector.java:227)
	at ptolemy.domains.sdf.kernel.SDFDirector.fire(SDFDirector.java:500)
	at ptolemy.actor.CompositeActor.fire(CompositeActor.java:455)
	at ptolemy.domains.de.kernel.DEDirector._fire(DEDirector.java:1949)
	at ptolemy.domains.de.kernel.DEDirector.fire(DEDirector.java:502)
	at ptolemy.actor.CompositeActor.fire(CompositeActor.java:455)
	at ptolemy.actor.Manager.iterate(Manager.java:851)
	at ptolemy.actor.Manager.execute(Manager.java:369)
	at ptolemy.actor.Manager.run(Manager.java:1263)
	at ptolemy.actor.Manager$PtolemyRunThread.run(Manager.java:1915)
java.lang.RuntimeException: Execution failed
	at ptolemy.moml.MoMLSimpleApplication$UnloadThread.run(MoMLSimpleApplication.java:402)
Caused by: ptolemy.kernel.util.IllegalActionException: Test fails in iteration 1.
Value was: 1.0. Should have been: 2.0
  in .DirectFeedback.Test
	at ptolemy.actor.lib.Test.fire(Test.java:268)
	at ptolemy.domains.de.kernel.DEDirector._fire(DEDirector.java:1949)
	at ptolemy.domains.de.kernel.DEDirector.fire(DEDirector.java:502)
	at ptolemy.actor.CompositeActor.fire(CompositeActor.java:455)
	at ptolemy.actor.Manager.iterate(Manager.java:851)
	at ptolemy.actor.Manager.execute(Manager.java:369)
	at ptolemy.actor.Manager.run(Manager.java:1263)
	at ptolemy.actor.Manager$PtolemyRunThread.run(Manager.java:1915)
java.lang.reflect.InvocationTargetException
	at sun.reflect.NativeConstructorAccessorImpl.newInstance0(Native Method)
	at sun.reflect.NativeConstructorAccessorImpl.newInstance(NativeConstructorAccessorImpl.java:62)
	at sun.reflect.DelegatingConstructorAccessorImpl.newInstance(DelegatingConstructorAccessorImpl.java:45)
	at java.lang.reflect.Constructor.newInstance(Constructor.java:423)
	at ptolemy.util.test.junit.AutoKnownFailedTests.RunModel(AutoKnownFailedTests.java:105)
	at sun.reflect.NativeMethodAccessorImpl.invoke0(Native Method)
	at sun.reflect.NativeMethodAccessorImpl.invoke(NativeMethodAccessorImpl.java:62)
	at sun.reflect.DelegatingMethodAccessorImpl.invoke(DelegatingMethodAccessorImpl.java:43)
	at java.lang.reflect.Method.invoke(Method.java:498)
	at org.junit.runners.model.FrameworkMethod$1.runReflectiveCall(FrameworkMethod.java:44)
	at org.junit.internal.runners.model.ReflectiveCallable.run(ReflectiveCallable.java:15)
	at org.junit.runners.model.FrameworkMethod.invokeExplosively(FrameworkMethod.java:41)
	at junitparams.internal.InvokeParameterisedMethod.evaluate(InvokeParameterisedMethod.java:102)
	at org.junit.internal.runners.statements.FailOnTimeout$1.run(FailOnTimeout.java:28)
Caused by: ptolemy.kernel.util.IllegalActionException: Test fails in iteration 1.
Value was: 1.0. Should have been: 2.0
  in .DirectFeedback.Test
	at ptolemy.actor.lib.Test.fire(Test.java:268)
	at ptolemy.domains.de.kernel.DEDirector._fire(DEDirector.java:1949)
	at ptolemy.domains.de.kernel.DEDirector.fire(DEDirector.java:502)
	at ptolemy.actor.CompositeActor.fire(CompositeActor.java:455)
	at ptolemy.actor.Manager.iterate(Manager.java:851)
	at ptolemy.actor.Manager.execute(Manager.java:369)
	at ptolemy.actor.Manager.run(Manager.java:1263)
	at ptolemy.actor.Manager$PtolemyRunThread.run(Manager.java:1915)
java.lang.RuntimeException: Execution failed
	at ptolemy.moml.MoMLSimpleApplication$UnloadThread.run(MoMLSimpleApplication.java:402)
Caused by: ptolemy.kernel.util.IllegalActionException: Found a zero delay loop containing .HierarchicalModel.A
  in .HierarchicalModel and .HierarchicalModel.A
	at ptolemy.actor.util.CausalityInterfaceForComposites._computeOutputPortDepth(CausalityInterfaceForComposites.java:759)
	at ptolemy.actor.util.CausalityInterfaceForComposites._computeInputDepth(CausalityInterfaceForComposites.java:696)
	at ptolemy.actor.util.CausalityInterfaceForComposites._computeOutputPortDepth(CausalityInterfaceForComposites.java:765)
	at ptolemy.actor.util.CausalityInterfaceForComposites._computeInputDepth(CausalityInterfaceForComposites.java:696)
	at ptolemy.actor.util.CausalityInterfaceForComposites._computeOutputPortDepth(CausalityInterfaceForComposites.java:765)
	at ptolemy.actor.util.CausalityInterfaceForComposites._computeInputDepth(CausalityInterfaceForComposites.java:696)
	at ptolemy.actor.util.CausalityInterfaceForComposites._computeActorDepth(CausalityInterfaceForComposites.java:532)
	at ptolemy.actor.util.CausalityInterfaceForComposites.checkForCycles(CausalityInterfaceForComposites.java:96)
	at ptolemy.domains.de.kernel.DEDirector.preinitialize(DEDirector.java:1338)
	at ptolemy.actor.CompositeActor.preinitialize(CompositeActor.java:1828)
	at ptolemy.actor.Manager.preinitializeAndResolveTypes(Manager.java:1040)
	at ptolemy.actor.Manager.initialize(Manager.java:710)
	at ptolemy.actor.Manager.execute(Manager.java:356)
	at ptolemy.actor.Manager.run(Manager.java:1263)
	at ptolemy.actor.Manager$PtolemyRunThread.run(Manager.java:1915)
java.lang.reflect.InvocationTargetException
	at sun.reflect.NativeConstructorAccessorImpl.newInstance0(Native Method)
	at sun.reflect.NativeConstructorAccessorImpl.newInstance(NativeConstructorAccessorImpl.java:62)
	at sun.reflect.DelegatingConstructorAccessorImpl.newInstance(DelegatingConstructorAccessorImpl.java:45)
	at java.lang.reflect.Constructor.newInstance(Constructor.java:423)
	at ptolemy.util.test.junit.AutoKnownFailedTests.RunModel(AutoKnownFailedTests.java:105)
	at sun.reflect.NativeMethodAccessorImpl.invoke0(Native Method)
	at sun.reflect.NativeMethodAccessorImpl.invoke(NativeMethodAccessorImpl.java:62)
	at sun.reflect.DelegatingMethodAccessorImpl.invoke(DelegatingMethodAccessorImpl.java:43)
	at java.lang.reflect.Method.invoke(Method.java:498)
	at org.junit.runners.model.FrameworkMethod$1.runReflectiveCall(FrameworkMethod.java:44)
	at org.junit.internal.runners.model.ReflectiveCallable.run(ReflectiveCallable.java:15)
	at org.junit.runners.model.FrameworkMethod.invokeExplosively(FrameworkMethod.java:41)
	at junitparams.internal.InvokeParameterisedMethod.evaluate(InvokeParameterisedMethod.java:102)
	at org.junit.internal.runners.statements.FailOnTimeout$1.run(FailOnTimeout.java:28)
Caused by: ptolemy.kernel.util.IllegalActionException: Found a zero delay loop containing .HierarchicalModel.A
  in .HierarchicalModel and .HierarchicalModel.A
	at ptolemy.actor.util.CausalityInterfaceForComposites._computeOutputPortDepth(CausalityInterfaceForComposites.java:759)
	at ptolemy.actor.util.CausalityInterfaceForComposites._computeInputDepth(CausalityInterfaceForComposites.java:696)
	at ptolemy.actor.util.CausalityInterfaceForComposites._computeOutputPortDepth(CausalityInterfaceForComposites.java:765)
	at ptolemy.actor.util.CausalityInterfaceForComposites._computeInputDepth(CausalityInterfaceForComposites.java:696)
	at ptolemy.actor.util.CausalityInterfaceForComposites._computeOutputPortDepth(CausalityInterfaceForComposites.java:765)
	at ptolemy.actor.util.CausalityInterfaceForComposites._computeInputDepth(CausalityInterfaceForComposites.java:696)
	at ptolemy.actor.util.CausalityInterfaceForComposites._computeActorDepth(CausalityInterfaceForComposites.java:532)
	at ptolemy.actor.util.CausalityInterfaceForComposites.checkForCycles(CausalityInterfaceForComposites.java:96)
	at ptolemy.domains.de.kernel.DEDirector.preinitialize(DEDirector.java:1338)
	at ptolemy.actor.CompositeActor.preinitialize(CompositeActor.java:1828)
	at ptolemy.actor.Manager.preinitializeAndResolveTypes(Manager.java:1040)
	at ptolemy.actor.Manager.initialize(Manager.java:710)
	at ptolemy.actor.Manager.execute(Manager.java:356)
	at ptolemy.actor.Manager.run(Manager.java:1263)
	at ptolemy.actor.Manager$PtolemyRunThread.run(Manager.java:1915)
java.lang.RuntimeException: Execution failed
	at ptolemy.moml.MoMLSimpleApplication$UnloadThread.run(MoMLSimpleApplication.java:402)
Caused by: ptolemy.kernel.util.IllegalActionException: Found a zero delay loop containing .dependencyLoop.original
  in .dependencyLoop and .dependencyLoop.original
	at ptolemy.actor.util.CausalityInterfaceForComposites._computeOutputPortDepth(CausalityInterfaceForComposites.java:759)
	at ptolemy.actor.util.CausalityInterfaceForComposites._computeInputDepth(CausalityInterfaceForComposites.java:696)
	at ptolemy.actor.util.CausalityInterfaceForComposites._computeOutputPortDepth(CausalityInterfaceForComposites.java:765)
	at ptolemy.actor.util.CausalityInterfaceForComposites._computeInputDepth(CausalityInterfaceForComposites.java:696)
	at ptolemy.actor.util.CausalityInterfaceForComposites._computeOutputPortDepth(CausalityInterfaceForComposites.java:765)
	at ptolemy.actor.util.CausalityInterfaceForComposites._computeInputDepth(CausalityInterfaceForComposites.java:696)
	at ptolemy.actor.util.CausalityInterfaceForComposites._computeActorDepth(CausalityInterfaceForComposites.java:532)
	at ptolemy.actor.util.CausalityInterfaceForComposites.checkForCycles(CausalityInterfaceForComposites.java:96)
	at ptolemy.domains.de.kernel.DEDirector.preinitialize(DEDirector.java:1338)
	at ptolemy.actor.CompositeActor.preinitialize(CompositeActor.java:1828)
	at ptolemy.actor.Manager.preinitializeAndResolveTypes(Manager.java:1040)
	at ptolemy.actor.Manager.initialize(Manager.java:710)
	at ptolemy.actor.Manager.execute(Manager.java:356)
	at ptolemy.actor.Manager.run(Manager.java:1263)
	at ptolemy.actor.Manager$PtolemyRunThread.run(Manager.java:1915)
java.lang.reflect.InvocationTargetException
	at sun.reflect.NativeConstructorAccessorImpl.newInstance0(Native Method)
	at sun.reflect.NativeConstructorAccessorImpl.newInstance(NativeConstructorAccessorImpl.java:62)
	at sun.reflect.DelegatingConstructorAccessorImpl.newInstance(DelegatingConstructorAccessorImpl.java:45)
	at java.lang.reflect.Constructor.newInstance(Constructor.java:423)
	at ptolemy.util.test.junit.AutoKnownFailedTests.RunModel(AutoKnownFailedTests.java:105)
	at sun.reflect.NativeMethodAccessorImpl.invoke0(Native Method)
	at sun.reflect.NativeMethodAccessorImpl.invoke(NativeMethodAccessorImpl.java:62)
	at sun.reflect.DelegatingMethodAccessorImpl.invoke(DelegatingMethodAccessorImpl.java:43)
	at java.lang.reflect.Method.invoke(Method.java:498)
	at org.junit.runners.model.FrameworkMethod$1.runReflectiveCall(FrameworkMethod.java:44)
	at org.junit.internal.runners.model.ReflectiveCallable.run(ReflectiveCallable.java:15)
	at org.junit.runners.model.FrameworkMethod.invokeExplosively(FrameworkMethod.java:41)
	at junitparams.internal.InvokeParameterisedMethod.evaluate(InvokeParameterisedMethod.java:102)
	at org.junit.internal.runners.statements.FailOnTimeout$1.run(FailOnTimeout.java:28)
Caused by: ptolemy.kernel.util.IllegalActionException: Found a zero delay loop containing .dependencyLoop.original
  in .dependencyLoop and .dependencyLoop.original
	at ptolemy.actor.util.CausalityInterfaceForComposites._computeOutputPortDepth(CausalityInterfaceForComposites.java:759)
	at ptolemy.actor.util.CausalityInterfaceForComposites._computeInputDepth(CausalityInterfaceForComposites.java:696)
	at ptolemy.actor.util.CausalityInterfaceForComposites._computeOutputPortDepth(CausalityInterfaceForComposites.java:765)
	at ptolemy.actor.util.CausalityInterfaceForComposites._computeInputDepth(CausalityInterfaceForComposites.java:696)
	at ptolemy.actor.util.CausalityInterfaceForComposites._computeOutputPortDepth(CausalityInterfaceForComposites.java:765)
	at ptolemy.actor.util.CausalityInterfaceForComposites._computeInputDepth(CausalityInterfaceForComposites.java:696)
	at ptolemy.actor.util.CausalityInterfaceForComposites._computeActorDepth(CausalityInterfaceForComposites.java:532)
	at ptolemy.actor.util.CausalityInterfaceForComposites.checkForCycles(CausalityInterfaceForComposites.java:96)
	at ptolemy.domains.de.kernel.DEDirector.preinitialize(DEDirector.java:1338)
	at ptolemy.actor.CompositeActor.preinitialize(CompositeActor.java:1828)
	at ptolemy.actor.Manager.preinitializeAndResolveTypes(Manager.java:1040)
	at ptolemy.actor.Manager.initialize(Manager.java:710)
	at ptolemy.actor.Manager.execute(Manager.java:356)
	at ptolemy.actor.Manager.run(Manager.java:1263)
	at ptolemy.actor.Manager$PtolemyRunThread.run(Manager.java:1915)
java.lang.RuntimeException: Execution failed
	at ptolemy.moml.MoMLSimpleApplication$UnloadThread.run(MoMLSimpleApplication.java:402)
Caused by: ptolemy.kernel.util.IllegalActionException: Found a zero delay loop containing .dependencyLoop2.original
  in .dependencyLoop2 and .dependencyLoop2.original
	at ptolemy.actor.util.CausalityInterfaceForComposites._computeOutputPortDepth(CausalityInterfaceForComposites.java:759)
	at ptolemy.actor.util.CausalityInterfaceForComposites._computeInputDepth(CausalityInterfaceForComposites.java:696)
	at ptolemy.actor.util.CausalityInterfaceForComposites._computeOutputPortDepth(CausalityInterfaceForComposites.java:765)
	at ptolemy.actor.util.CausalityInterfaceForComposites._computeInputDepth(CausalityInterfaceForComposites.java:696)
	at ptolemy.actor.util.CausalityInterfaceForComposites._computeOutputPortDepth(CausalityInterfaceForComposites.java:765)
	at ptolemy.actor.util.CausalityInterfaceForComposites._computeInputDepth(CausalityInterfaceForComposites.java:696)
	at ptolemy.actor.util.CausalityInterfaceForComposites._computeActorDepth(CausalityInterfaceForComposites.java:532)
	at ptolemy.actor.util.CausalityInterfaceForComposites.checkForCycles(CausalityInterfaceForComposites.java:96)
	at ptolemy.domains.de.kernel.DEDirector.preinitialize(DEDirector.java:1338)
	at ptolemy.actor.CompositeActor.preinitialize(CompositeActor.java:1828)
	at ptolemy.actor.Manager.preinitializeAndResolveTypes(Manager.java:1040)
	at ptolemy.actor.Manager.initialize(Manager.java:710)
	at ptolemy.actor.Manager.execute(Manager.java:356)
	at ptolemy.actor.Manager.run(Manager.java:1263)
	at ptolemy.actor.Manager$PtolemyRunThread.run(Manager.java:1915)
java.lang.reflect.InvocationTargetException
	at sun.reflect.NativeConstructorAccessorImpl.newInstance0(Native Method)
	at sun.reflect.NativeConstructorAccessorImpl.newInstance(NativeConstructorAccessorImpl.java:62)
	at sun.reflect.DelegatingConstructorAccessorImpl.newInstance(DelegatingConstructorAccessorImpl.java:45)
	at java.lang.reflect.Constructor.newInstance(Constructor.java:423)
	at ptolemy.util.test.junit.AutoKnownFailedTests.RunModel(AutoKnownFailedTests.java:105)
	at sun.reflect.NativeMethodAccessorImpl.invoke0(Native Method)
	at sun.reflect.NativeMethodAccessorImpl.invoke(NativeMethodAccessorImpl.java:62)
	at sun.reflect.DelegatingMethodAccessorImpl.invoke(DelegatingMethodAccessorImpl.java:43)
	at java.lang.reflect.Method.invoke(Method.java:498)
	at org.junit.runners.model.FrameworkMethod$1.runReflectiveCall(FrameworkMethod.java:44)
	at org.junit.internal.runners.model.ReflectiveCallable.run(ReflectiveCallable.java:15)
	at org.junit.runners.model.FrameworkMethod.invokeExplosively(FrameworkMethod.java:41)
	at junitparams.internal.InvokeParameterisedMethod.evaluate(InvokeParameterisedMethod.java:102)
	at org.junit.internal.runners.statements.FailOnTimeout$1.run(FailOnTimeout.java:28)
Caused by: ptolemy.kernel.util.IllegalActionException: Found a zero delay loop containing .dependencyLoop2.original
  in .dependencyLoop2 and .dependencyLoop2.original
	at ptolemy.actor.util.CausalityInterfaceForComposites._computeOutputPortDepth(CausalityInterfaceForComposites.java:759)
	at ptolemy.actor.util.CausalityInterfaceForComposites._computeInputDepth(CausalityInterfaceForComposites.java:696)
	at ptolemy.actor.util.CausalityInterfaceForComposites._computeOutputPortDepth(CausalityInterfaceForComposites.java:765)
	at ptolemy.actor.util.CausalityInterfaceForComposites._computeInputDepth(CausalityInterfaceForComposites.java:696)
	at ptolemy.actor.util.CausalityInterfaceForComposites._computeOutputPortDepth(CausalityInterfaceForComposites.java:765)
	at ptolemy.actor.util.CausalityInterfaceForComposites._computeInputDepth(CausalityInterfaceForComposites.java:696)
	at ptolemy.actor.util.CausalityInterfaceForComposites._computeActorDepth(CausalityInterfaceForComposites.java:532)
	at ptolemy.actor.util.CausalityInterfaceForComposites.checkForCycles(CausalityInterfaceForComposites.java:96)
	at ptolemy.domains.de.kernel.DEDirector.preinitialize(DEDirector.java:1338)
	at ptolemy.actor.CompositeActor.preinitialize(CompositeActor.java:1828)
	at ptolemy.actor.Manager.preinitializeAndResolveTypes(Manager.java:1040)
	at ptolemy.actor.Manager.initialize(Manager.java:710)
	at ptolemy.actor.Manager.execute(Manager.java:356)
	at ptolemy.actor.Manager.run(Manager.java:1263)
	at ptolemy.actor.Manager$PtolemyRunThread.run(Manager.java:1915)
]]></system-err>
</testsuite>
