<?xml version="1.0" encoding="UTF-8" ?>
<testsuite errors="0" failures="2" hostname="travis-job-f9cd4b1d-fa81-44e0-947c-55c8530ecdcc" name="ptolemy.actor.gui.test.junit.JUnitTclTest" skipped="0" tests="16" time="94.273" timestamp="2019-01-27T03:15:33">
  <properties>
[...]
</properties>
  <testcase classname="ptolemy.util.test.junit.TclTests" name="[0] /home/travis/build/icyphy/ptII/ptolemy/actor/gui/test/AAAConfiguration.tcl (RunTclFile)" time="0.49" />
  <testcase classname="ptolemy.util.test.junit.TclTests" name="[1] /home/travis/build/icyphy/ptII/ptolemy/actor/gui/test/CheckModelSize.tcl (RunTclFile)" time="0.135" />
  <testcase classname="ptolemy.util.test.junit.TclTests" name="[2] /home/travis/build/icyphy/ptII/ptolemy/actor/gui/test/CompositeActorApplication.tcl (RunTclFile)" time="5.907" />
  <testcase classname="ptolemy.util.test.junit.TclTests" name="[3] /home/travis/build/icyphy/ptII/ptolemy/actor/gui/test/CompositeActorSimpleApplication.tcl (RunTclFile)" time="2.007" />
  <testcase classname="ptolemy.util.test.junit.TclTests" name="[4] /home/travis/build/icyphy/ptII/ptolemy/actor/gui/test/ConfigurationApplication.tcl (RunTclFile)" time="0.02" />
  <testcase classname="ptolemy.util.test.junit.TclTests" name="[5] /home/travis/build/icyphy/ptII/ptolemy/actor/gui/test/EffigyFactory.tcl (RunTclFile)" time="0.007" />
  <testcase classname="ptolemy.util.test.junit.TclTests" name="[6] /home/travis/build/icyphy/ptII/ptolemy/actor/gui/test/HTMLAbout.tcl (RunTclFile)" time="4.844">
    <failure message="Number of failed tests is has increased. expected:&lt;0&gt; but was:&lt;1&gt;" type="junit.framework.AssertionFailedError">junit.framework.AssertionFailedError: Number of failed tests is has increased. expected:&lt;0&gt; but was:&lt;1&gt;
	at ptolemy.util.test.junit.TclTests.RunTclFile(TclTests.java:286)
	at junitparams.internal.InvokeParameterisedMethod.evaluate(InvokeParameterisedMethod.java:102)
	at junitparams.internal.ParameterisedTestMethodRunner.runMethodInvoker(ParameterisedTestMethodRunner.java:47)
	at junitparams.internal.ParameterisedTestMethodRunner.runTestMethod(ParameterisedTestMethodRunner.java:41)
	at junitparams.internal.ParameterisedTestClassRunner.runParameterisedTest(ParameterisedTestClassRunner.java:143)
	at junitparams.JUnitParamsRunner.runChild(JUnitParamsRunner.java:237)
	at junitparams.JUnitParamsRunner.runChild(JUnitParamsRunner.java:215)
</failure>
  </testcase>
  <testcase classname="ptolemy.util.test.junit.TclTests" name="[7] /home/travis/build/icyphy/ptII/ptolemy/actor/gui/test/HTMLViewer.tcl (RunTclFile)" time="3.104" />
  <testcase classname="ptolemy.util.test.junit.TclTests" name="[8] /home/travis/build/icyphy/ptII/ptolemy/actor/gui/test/MoMLApplication.tcl (RunTclFile)" time="0.007" />
  <testcase classname="ptolemy.util.test.junit.TclTests" name="[9] /home/travis/build/icyphy/ptII/ptolemy/actor/gui/test/PtExecuteApplication.tcl (RunTclFile)" time="4.01" />
  <testcase classname="ptolemy.util.test.junit.TclTests" name="[10] /home/travis/build/icyphy/ptII/ptolemy/actor/gui/test/PtolemyApplication.tcl (RunTclFile)" time="0.319" />
  <testcase classname="ptolemy.util.test.junit.TclTests" name="[11] /home/travis/build/icyphy/ptII/ptolemy/actor/gui/test/UserActorLibrary.tcl (RunTclFile)" time="73.214" />
  <testcase classname="ptolemy.util.test.junit.TclTests" name="[12] /home/travis/build/icyphy/ptII/ptolemy/actor/gui/test/ZZZConfiguration.tcl (RunTclFile)" time="0.006">
    <failure message="Number of failed tests is has increased. expected:&lt;1&gt; but was:&lt;2&gt;" type="junit.framework.AssertionFailedError">junit.framework.AssertionFailedError: Number of failed tests is has increased. expected:&lt;1&gt; but was:&lt;2&gt;
	at ptolemy.util.test.junit.TclTests.RunTclFile(TclTests.java:286)
	at junitparams.internal.InvokeParameterisedMethod.evaluate(InvokeParameterisedMethod.java:102)
	at junitparams.internal.ParameterisedTestMethodRunner.runMethodInvoker(ParameterisedTestMethodRunner.java:47)
	at junitparams.internal.ParameterisedTestMethodRunner.runTestMethod(ParameterisedTestMethodRunner.java:41)
	at junitparams.internal.ParameterisedTestClassRunner.runParameterisedTest(ParameterisedTestClassRunner.java:143)
	at junitparams.JUnitParamsRunner.runChild(JUnitParamsRunner.java:237)
	at junitparams.JUnitParamsRunner.runChild(JUnitParamsRunner.java:215)
</failure>
  </testcase>
  <testcase classname="ptolemy.util.test.junit.AutoKnownFailedTests" name="[0] ThereAreNoKnowFailedTests (RunModel)" time="0.001" />
  <testcase classname="ptolemy.util.test.junit.AutoNameArchTests" name="[0] ThereAreNoAutoArchTests (RunModel)" time="0.0" />
  <testcase classname="ptolemy.util.test.junit.AutoTests" name="[0] ThereAreNoAutoTests (RunModel)" time="0.001" />
  <system-out><![CDATA[/home/travis/build/icyphy/ptII/ptolemy/actor/gui/test/AAAConfiguration.tcl
testDefs.tcl: setting time out to 9000 seconds at Sun Jan 27 03:15:33 UTC 2019
/home/travis/build/icyphy/ptII/ptolemy/actor/gui/test/CheckModelSize.tcl
/home/travis/build/icyphy/ptII/ptolemy/actor/gui/test/CompositeActorApplication.tcl
22 ms. Memory: 116224K Free: 98953K (85%)
5 ms. Memory: 116224K Free: 97069K (84%)
6 ms. Memory: 116224K Free: 95788K (82%)
sleeping 2 seconds: 16 ms. Memory: 116224K Free: 90565K (78%)
25 ms. Memory: 116224K Free: 89591K (77%)
/home/travis/build/icyphy/ptII/ptolemy/actor/gui/test/CompositeActorSimpleApplication.tcl
5 ms. Memory: 479744K Free: 145464K (30%)
/home/travis/build/icyphy/ptII/ptolemy/actor/gui/test/ConfigurationApplication.tcl
test 1.0: filterSize: 13, newFilterSize: 15
/home/travis/build/icyphy/ptII/ptolemy/actor/gui/test/EffigyFactory.tcl
/home/travis/build/icyphy/ptII/ptolemy/actor/gui/test/HTMLAbout.tcl
Could not find body or head in file:/home/travis/build/icyphy/ptII/org/terraswarm/accessor/accessors/web/accessors-license.htm <!DOCTYPE html PUBLIC "-//W3C//DTD XHTML 1.0 Transitional//EN" "http://www.w3.org/TR/xhtml1/DTD/xhtml1-transitional.dtd">
<!-- $Id$ -->
<html xmlns="http://www.w3.org/1999/xhtml" xml:lang="en-US" lang
Reading /home/travis/build/icyphy/ptII/ptolemy/configs/full/configuration.xml
Checking complete demos of ptolemy/configs/doc/completeDemos.htm
Warning: ptolemy/configs/kepler/doc-index.htm not found: java.io.IOException: File not found: 'ptolemy/configs/kepler/doc-index.htm'
 caused by:
java.net.MalformedURLException: no protocol: ptolemy/configs/kepler/doc-index.htm
 AND:
java.io.IOException: File '/home/travis/build/icyphy/ptII/ptolemy/actor/gui/test/ptolemy/configs/kepler/doc-index.htm' does not exist.
 AND:
java.net.MalformedURLException: no protocol: ptolemy/configs/kepler/doc-index.htm


==== $PTII/ptolemy/actor/gui/test/HTMLAbout.tcl: HTMLAbout-4.0 checkCompleteDemos
==== Contents of test case:
 
    set configurationDirectory [java::call ptolemy.actor.gui.ConfigurationApplication  configurationDirectoryFullOrFirst]
    set configurationFile [java::new java.io.File $configurationDirectory "configuration.xml"]
    puts "Reading [$configurationFile toString]"
    set configuration [java::call ptolemy.actor.gui.MoMLApplication readConfiguration  [$configurationFile toURL]]

    set about [java::call ptolemy.actor.gui.HTMLAbout about $configuration]

    # If the full configuration is present, then use completeDemos.htm
    # Otherwise search for the configuration-specific demo file.
    set configurationName [$configurationDirectory toString]
    if {[regexp {full$} $configurationName]} {
	set completeDemos "ptolemy/configs/doc/completeDemos.htm"
    } else {
	set completeDemosFile [java::new java.io.File $configurationDirectory "demonstrations.htm"]
	if {[$completeDemosFile exists]} {
	    set completeDemos [$completeDemosFile getCanonicalPath]
	} else {
	    puts "configurationName: $configurationName"
	    set shortConfiguration [string range $configurationName [expr {[string last / $configurationName] + 1}] [string length $configurationName]]
	    puts "shortConfiguration: $shortConfiguration"
	    set shortUpcaseConfiguration "[string toupper [string range $shortConfiguration 0 0]][string range $shortConfiguration 1 [string length $shortConfiguration]]"
	    set completeDemosFile [java::new java.io.File [$configurationDirectory getParentFile] "doc/demos${shortUpcaseConfiguration}.htm"]
	    if {[$completeDemosFile exists]} {
		set completeDemos [$completeDemosFile getCanonicalPath]
	    } else {
		error "[$completeDemosFile toString] does not exist"
	    }
	}
    }

    puts "Checking complete demos of $completeDemos"
    set checkCompleteDemosReport [java::call ptolemy.actor.gui.HTMLAbout checkCompleteDemos $completeDemos]
    
    # Substitute $PTII
    set ptolemyPtIIDir [java::call System getProperty {ptolemy.ptII.dir}]
    regsub -all $ptolemyPtIIDir $checkCompleteDemosReport {XXXPTIIXXX} results
    list $results

==== Result was:
{<h1>Results of checking for demos not listed in full demos</h1>
For each of the files below, we list demos that are not included in <a href="file:XXXPTIIXXX/ptolemy/configs/doc/completeDemos.htm"><code>file:XXXPTIIXXX/ptolemy/configs/doc/completeDemos.htm</code></a>
<h2><a href="file:XXXPTIIXXX/ptolemy/configs/doc/completeDemos.htm"><code>file:XXXPTIIXXX/ptolemy/configs/doc/completeDemos.htm</code></a></h2>
<ul>
</ul>
<h2><a href="file:XXXPTIIXXX/ptolemy/configs/doc/demos.htm"><code>file:XXXPTIIXXX/ptolemy/configs/doc/demos.htm</code></a></h2>
<ul>
</ul>
<h2><a href="file:XXXPTIIXXX/ptolemy/configs/doc/whatsNew11.1.htm"><code>file:XXXPTIIXXX/ptolemy/configs/doc/whatsNew11.1.htm</code></a></h2>
<ul>
</ul>
<h2><a href="file:XXXPTIIXXX/ptolemy/configs/doc/whatsNew11.0.htm"><code>file:XXXPTIIXXX/ptolemy/configs/doc/whatsNew11.0.htm</code></a></h2>
<ul>
</ul>
<h2><a href="file:XXXPTIIXXX/ptolemy/configs/doc/whatsNew10.0.htm"><code>file:XXXPTIIXXX/ptolemy/configs/doc/whatsNew10.0.htm</code></a></h2>
<ul>
 <li><a href="file:/XXXPTIIXXX/org/ptolemy/ptango/demo/BlinkyLight/BlinkyLight.xml">XXXPTIIXXX/org/ptolemy/ptango/demo/BlinkyLight/BlinkyLight.xml</a></li>
 <li><a href="file:/XXXPTIIXXX/org/ptolemy/ptango/demo/Cookies/Cookies.xml">XXXPTIIXXX/org/ptolemy/ptango/demo/Cookies/Cookies.xml</a></li>
 <li><a href="file:/XXXPTIIXXX/org/ptolemy/ptango/demo/Chat/ChatServer.xml">XXXPTIIXXX/org/ptolemy/ptango/demo/Chat/ChatServer.xml</a></li>
 <li><a href="file:/XXXPTIIXXX/org/ptolemy/ptango/demo/Chat/ChatClient.xml">XXXPTIIXXX/org/ptolemy/ptango/demo/Chat/ChatClient.xml</a></li>
 <li><a href="file:/XXXPTIIXXX/org/ptolemy/ptango/demo/Chat/ChatClient2.xml">XXXPTIIXXX/org/ptolemy/ptango/demo/Chat/ChatClient2.xml</a></li>
 <li><a href="file:/XXXPTIIXXX/org/ptolemy/ptango/demo/DOPpresence/DOPpresence.xml">XXXPTIIXXX/org/ptolemy/ptango/demo/DOPpresence/DOPpresence.xml</a></li>
 <li><a href="file:/XXXPTIIXXX/org/ptolemy/ptango/demo/EPlus70Actuator/EPlus70Actuator.xml">XXXPTIIXXX/org/ptolemy/ptango/demo/EPlus70Actuator/EPlus70Actuator.xml</a></li>
 <li><a href="file:/XXXPTIIXXX/org/ptolemy/ptango/demo/ErrorHandler/ErrorHandler.xml">XXXPTIIXXX/org/ptolemy/ptango/demo/ErrorHandler/ErrorHandler.xml</a></li>
 <li><a href="file:/XXXPTIIXXX/org/ptolemy/ptango/demo/Exception/Exception.xml">XXXPTIIXXX/org/ptolemy/ptango/demo/Exception/Exception.xml</a></li>
 <li><a href="file:/XXXPTIIXXX/org/ptolemy/ptango/demo/Guidance/Guidance.xml">XXXPTIIXXX/org/ptolemy/ptango/demo/Guidance/Guidance.xml</a></li>
 <li><a href="file:/XXXPTIIXXX/org/ptolemy/ptango/demo/Guidance/GuidanceSingleUserWithName.xml">XXXPTIIXXX/org/ptolemy/ptango/demo/Guidance/GuidanceSingleUserWithName.xml</a></li>
 <li><a href="file:/XXXPTIIXXX/org/ptolemy/ptango/demo/OccupancyAlert/OccupancyAlert.xml">XXXPTIIXXX/org/ptolemy/ptango/demo/OccupancyAlert/OccupancyAlert.xml</a></li>
 <li><a href="file:/XXXPTIIXXX/org/ptolemy/ptango/demo/OptimizationAdvisor/OptimizationAdvisor.xml">XXXPTIIXXX/org/ptolemy/ptango/demo/OptimizationAdvisor/OptimizationAdvisor.xml</a></li>
 <li><a href="file:/XXXPTIIXXX/org/ptolemy/ptango/demo/SensorAndrew/SensorAndrew.xml">XXXPTIIXXX/org/ptolemy/ptango/demo/SensorAndrew/SensorAndrew.xml</a></li>
 <li><a href="file:/XXXPTIIXXX/org/ptolemy/ptango/demo/SmartRoom/SmartRoom.xml">XXXPTIIXXX/org/ptolemy/ptango/demo/SmartRoom/SmartRoom.xml</a></li>
 <li><a href="file:/XXXPTIIXXX/org/ptolemy/ptango/demo/TemperatureSimulation/TemperatureSimulation.xml">XXXPTIIXXX/org/ptolemy/ptango/demo/TemperatureSimulation/TemperatureSimulation.xml</a></li>
 <li><a href="file:/XXXPTIIXXX/org/ptolemy/ptango/demo/UCBPower/UCBPower.xml">XXXPTIIXXX/org/ptolemy/ptango/demo/UCBPower/UCBPower.xml</a></li>
 <li><a href="file:/XXXPTIIXXX/org/ptolemy/ptango/demo/UCBPower/UCBPowerAnalyzerServer.xml">XXXPTIIXXX/org/ptolemy/ptango/demo/UCBPower/UCBPowerAnalyzerServer.xml</a></li>
 <li><a href="file:/XXXPTIIXXX/org/ptolemy/ptango/demo/UCBPowerPtera/UCBPowerPtera.xml">XXXPTIIXXX/org/ptolemy/ptango/demo/UCBPowerPtera/UCBPowerPtera.xml</a></li>
 <li><a href="file:/XXXPTIIXXX/org/ptolemy/ptango/demo/WebServerDE/WebServerDE.xml">XXXPTIIXXX/org/ptolemy/ptango/demo/WebServerDE/WebServerDE.xml</a></li>
 <li><a href="file:XXXPTIIXXX/ptolemy/domains/continuous/lib/DCMotor.xml">file:XXXPTIIXXX/ptolemy/domains/continuous/lib/DCMotor.xml</a></li>
 <li><a href="file:XXXPTIIXXX/ptolemy/domains/continuous/lib/PWM.xml">file:XXXPTIIXXX/ptolemy/domains/continuous/lib/PWM.xml</a></li>
</ul>
<h2><a href="file:XXXPTIIXXX/ptolemy/configs/doc/whatsNew8.0.htm"><code>file:XXXPTIIXXX/ptolemy/configs/doc/whatsNew8.0.htm</code></a></h2>
<ul>
</ul>
<h2><a href="file:XXXPTIIXXX/ptolemy/configs/doc/whatsNew7.0.htm"><code>file:XXXPTIIXXX/ptolemy/configs/doc/whatsNew7.0.htm</code></a></h2>
<ul>
 <li><a href="file:/XXXPTIIXXX/ptolemy/backtrack/demo/PrimeTest/PrimeTest.xml">XXXPTIIXXX/ptolemy/backtrack/demo/PrimeTest/PrimeTest.xml</a></li>
 <li><a href="file:/XXXPTIIXXX/ptolemy/backtrack/demo/RampRollback/RampRollback.xml">XXXPTIIXXX/ptolemy/backtrack/demo/RampRollback/RampRollback.xml</a></li>
 <li><a href="file:/XXXPTIIXXX/ptolemy/backtrack/demo/TrialModule/TrialModule.xml">XXXPTIIXXX/ptolemy/backtrack/demo/TrialModule/TrialModule.xml</a></li>
</ul>
<h2><a href="file:XXXPTIIXXX/ptolemy/configs/doc/whatsNew6.0.htm"><code>file:XXXPTIIXXX/ptolemy/configs/doc/whatsNew6.0.htm</code></a></h2>
<ul>
</ul>
<h2><a href="file:XXXPTIIXXX/ptolemy/configs/doc/whatsNew5.1.htm"><code>file:XXXPTIIXXX/ptolemy/configs/doc/whatsNew5.1.htm</code></a></h2>
<ul>
</ul>
<h2><a href="file:XXXPTIIXXX/ptolemy/configs/doc/whatsNew5.0.htm"><code>file:XXXPTIIXXX/ptolemy/configs/doc/whatsNew5.0.htm</code></a></h2>
<ul>
</ul>
<h2><a href="file:XXXPTIIXXX/ptolemy/configs/doc/whatsNew4.0.htm"><code>file:XXXPTIIXXX/ptolemy/configs/doc/whatsNew4.0.htm</code></a></h2>
<ul>
</ul>
<h2><a href="file:XXXPTIIXXX/ptolemy/configs/doc/whatsNew3.0.2.htm"><code>file:XXXPTIIXXX/ptolemy/configs/doc/whatsNew3.0.2.htm</code></a></h2>
<ul>
</ul>
<h2><a href="file:XXXPTIIXXX/ptolemy/configs/bcvtb/intro.htm"><code>file:XXXPTIIXXX/ptolemy/configs/bcvtb/intro.htm</code></a></h2>
<ul>
</ul>
<h2><a href="file:XXXPTIIXXX/ptolemy/configs/doc/completeDemosBcvtb.htm"><code>file:XXXPTIIXXX/ptolemy/configs/doc/completeDemosBcvtb.htm</code></a></h2>
<ul>
</ul>
<h2><a href="file:XXXPTIIXXX/ptolemy/configs/doc/demosBcvtb.htm"><code>file:XXXPTIIXXX/ptolemy/configs/doc/demosBcvtb.htm</code></a></h2>
<ul>
</ul>
<h2><a href="file:XXXPTIIXXX/ptolemy/configs/doc/docsBcvtb.htm"><code>file:XXXPTIIXXX/ptolemy/configs/doc/docsBcvtb.htm</code></a></h2>
<ul>
</ul>
<h2><a href="file:XXXPTIIXXX/ptolemy/configs/capecode/intro.htm"><code>file:XXXPTIIXXX/ptolemy/configs/capecode/intro.htm</code></a></h2>
<ul>
</ul>
<h2><a href="file:XXXPTIIXXX/ptolemy/configs/capecode/docs.htm"><code>file:XXXPTIIXXX/ptolemy/configs/capecode/docs.htm</code></a></h2>
<ul>
</ul>
<h2><a href="file:XXXPTIIXXX/ptolemy/configs/capecode/demonstrations.htm"><code>file:XXXPTIIXXX/ptolemy/configs/capecode/demonstrations.htm</code></a></h2>
<ul>
</ul>
<h2><a href="file:XXXPTIIXXX/ptolemy/configs/capecode/tour.htm"><code>file:XXXPTIIXXX/ptolemy/configs/capecode/tour.htm</code></a></h2>
<ul>
</ul>
<h2><a href="file:XXXPTIIXXX/ptolemy/configs/cyphysim/intro.htm"><code>file:XXXPTIIXXX/ptolemy/configs/cyphysim/intro.htm</code></a></h2>
<ul>
</ul>
<h2><a href="file:XXXPTIIXXX/ptolemy/configs/cyphysim/demonstrations.htm"><code>file:XXXPTIIXXX/ptolemy/configs/cyphysim/demonstrations.htm</code></a></h2>
<ul>
</ul>
<h2><a href="file:XXXPTIIXXX/ptolemy/configs/cyphysim/docs.htm"><code>file:XXXPTIIXXX/ptolemy/configs/cyphysim/docs.htm</code></a></h2>
<ul>
</ul>
<h2><a href="file:XXXPTIIXXX/ptolemy/configs/doc/docs.htm"><code>file:XXXPTIIXXX/ptolemy/configs/doc/docs.htm</code></a></h2>
<ul>
</ul>
<h2><a href="file:XXXPTIIXXX/ptolemy/configs/hyvisual/intro.htm"><code>file:XXXPTIIXXX/ptolemy/configs/hyvisual/intro.htm</code></a></h2>
<ul>
</ul>
<h2><a href="file:XXXPTIIXXX/ptolemy/configs/doc/completeDemosPtiny.htm"><code>file:XXXPTIIXXX/ptolemy/configs/doc/completeDemosPtiny.htm</code></a></h2>
<ul>
</ul>
<h2><a href="file:XXXPTIIXXX/ptolemy/configs/doc/demosPtiny.htm"><code>file:XXXPTIIXXX/ptolemy/configs/doc/demosPtiny.htm</code></a></h2>
<ul>
</ul>
<h2><a href="file:XXXPTIIXXX/doc/mainVergilPtiny.htm"><code>file:XXXPTIIXXX/doc/mainVergilPtiny.htm</code></a></h2>
<ul>
</ul>
<h2><a href="file:XXXPTIIXXX/doc/mainVergilPtinyKepler.htm"><code>file:XXXPTIIXXX/doc/mainVergilPtinyKepler.htm</code></a></h2>
<ul>
</ul>
<h2><a href="file:XXXPTIIXXX/ptolemy/configs/doc/demosPtinyKepler.htm"><code>file:XXXPTIIXXX/ptolemy/configs/doc/demosPtinyKepler.htm</code></a></h2>
<ul>
</ul>
<h2><a href="file:XXXPTIIXXX/ptolemy/configs/doc/docsPtinyKepler.htm"><code>file:XXXPTIIXXX/ptolemy/configs/doc/docsPtinyKepler.htm</code></a></h2>
<ul>
</ul>
<h2><a href="file:XXXPTIIXXX/ptolemy/configs/doc/completeDemosPtinyKepler.htm"><code>file:XXXPTIIXXX/ptolemy/configs/doc/completeDemosPtinyKepler.htm</code></a></h2>
<ul>
</ul>
<h2><a href="file:XXXPTIIXXX/ptolemy/configs/visualsense/intro.htm"><code>file:XXXPTIIXXX/ptolemy/configs/visualsense/intro.htm</code></a></h2>
<ul>
</ul>
}
---- Result should have been:
{<h1>Results of checking for demos not listed in full demos</h1>
For each of the files below, we list demos that are not included in <a href="file:XXXPTIIXXX/ptolemy/configs/doc/completeDemos.htm"><code>file:XXXPTIIXXX/ptolemy/configs/doc/completeDemos.htm</code></a>
<h2><a href="file:XXXPTIIXXX/ptolemy/configs/doc/completeDemos.htm"><code>file:XXXPTIIXXX/ptolemy/configs/doc/completeDemos.htm</code></a></h2>
<ul>
</ul>
<h2><a href="file:XXXPTIIXXX/ptolemy/configs/doc/demos.htm"><code>file:XXXPTIIXXX/ptolemy/configs/doc/demos.htm</code></a></h2>
<ul>
</ul>
<h2><a href="file:XXXPTIIXXX/ptolemy/configs/doc/whatsNew11.1.htm"><code>file:XXXPTIIXXX/ptolemy/configs/doc/whatsNew11.1.htm</code></a></h2>
<ul>
</ul>
<h2><a href="file:XXXPTIIXXX/ptolemy/configs/doc/whatsNew11.0.htm"><code>file:XXXPTIIXXX/ptolemy/configs/doc/whatsNew11.0.htm</code></a></h2>
<ul>
</ul>
<h2><a href="file:XXXPTIIXXX/ptolemy/configs/doc/whatsNew10.0.htm"><code>file:XXXPTIIXXX/ptolemy/configs/doc/whatsNew10.0.htm</code></a></h2>
<ul>
 <li><a href="file:XXXPTIIXXX/ptolemy/domains/continuous/lib/DCMotor.xml">file:XXXPTIIXXX/ptolemy/domains/continuous/lib/DCMotor.xml</a></li>
 <li><a href="file:XXXPTIIXXX/ptolemy/domains/continuous/lib/PWM.xml">file:XXXPTIIXXX/ptolemy/domains/continuous/lib/PWM.xml</a></li>
</ul>
<h2><a href="file:XXXPTIIXXX/ptolemy/configs/doc/whatsNew8.0.htm"><code>file:XXXPTIIXXX/ptolemy/configs/doc/whatsNew8.0.htm</code></a></h2>
<ul>
</ul>
<h2><a href="file:XXXPTIIXXX/ptolemy/configs/doc/whatsNew7.0.htm"><code>file:XXXPTIIXXX/ptolemy/configs/doc/whatsNew7.0.htm</code></a></h2>
<ul>
</ul>
<h2><a href="file:XXXPTIIXXX/ptolemy/configs/doc/whatsNew6.0.htm"><code>file:XXXPTIIXXX/ptolemy/configs/doc/whatsNew6.0.htm</code></a></h2>
<ul>
</ul>
<h2><a href="file:XXXPTIIXXX/ptolemy/configs/doc/whatsNew5.1.htm"><code>file:XXXPTIIXXX/ptolemy/configs/doc/whatsNew5.1.htm</code></a></h2>
<ul>
</ul>
<h2><a href="file:XXXPTIIXXX/ptolemy/configs/doc/whatsNew5.0.htm"><code>file:XXXPTIIXXX/ptolemy/configs/doc/whatsNew5.0.htm</code></a></h2>
<ul>
</ul>
<h2><a href="file:XXXPTIIXXX/ptolemy/configs/doc/whatsNew4.0.htm"><code>file:XXXPTIIXXX/ptolemy/configs/doc/whatsNew4.0.htm</code></a></h2>
<ul>
</ul>
<h2><a href="file:XXXPTIIXXX/ptolemy/configs/doc/whatsNew3.0.2.htm"><code>file:XXXPTIIXXX/ptolemy/configs/doc/whatsNew3.0.2.htm</code></a></h2>
<ul>
</ul>
<h2><a href="file:XXXPTIIXXX/ptolemy/configs/bcvtb/intro.htm"><code>file:XXXPTIIXXX/ptolemy/configs/bcvtb/intro.htm</code></a></h2>
<ul>
</ul>
<h2><a href="file:XXXPTIIXXX/ptolemy/configs/doc/completeDemosBcvtb.htm"><code>file:XXXPTIIXXX/ptolemy/configs/doc/completeDemosBcvtb.htm</code></a></h2>
<ul>
</ul>
<h2><a href="file:XXXPTIIXXX/ptolemy/configs/doc/demosBcvtb.htm"><code>file:XXXPTIIXXX/ptolemy/configs/doc/demosBcvtb.htm</code></a></h2>
<ul>
</ul>
<h2><a href="file:XXXPTIIXXX/ptolemy/configs/doc/docsBcvtb.htm"><code>file:XXXPTIIXXX/ptolemy/configs/doc/docsBcvtb.htm</code></a></h2>
<ul>
</ul>
<h2><a href="file:XXXPTIIXXX/ptolemy/configs/capecode/intro.htm"><code>file:XXXPTIIXXX/ptolemy/configs/capecode/intro.htm</code></a></h2>
<ul>
</ul>
<h2><a href="file:XXXPTIIXXX/ptolemy/configs/capecode/docs.htm"><code>file:XXXPTIIXXX/ptolemy/configs/capecode/docs.htm</code></a></h2>
<ul>
</ul>
<h2><a href="file:XXXPTIIXXX/ptolemy/configs/capecode/demonstrations.htm"><code>file:XXXPTIIXXX/ptolemy/configs/capecode/demonstrations.htm</code></a></h2>
<ul>
</ul>
<h2><a href="file:XXXPTIIXXX/ptolemy/configs/capecode/tour.htm"><code>file:XXXPTIIXXX/ptolemy/configs/capecode/tour.htm</code></a></h2>
<ul>
</ul>
<h2><a href="file:XXXPTIIXXX/ptolemy/configs/cyphysim/intro.htm"><code>file:XXXPTIIXXX/ptolemy/configs/cyphysim/intro.htm</code></a></h2>
<ul>
</ul>
<h2><a href="file:XXXPTIIXXX/ptolemy/configs/cyphysim/demonstrations.htm"><code>file:XXXPTIIXXX/ptolemy/configs/cyphysim/demonstrations.htm</code></a></h2>
<ul>
</ul>
<h2><a href="file:XXXPTIIXXX/ptolemy/configs/cyphysim/docs.htm"><code>file:XXXPTIIXXX/ptolemy/configs/cyphysim/docs.htm</code></a></h2>
<ul>
</ul>
<h2><a href="file:XXXPTIIXXX/ptolemy/configs/doc/docs.htm"><code>file:XXXPTIIXXX/ptolemy/configs/doc/docs.htm</code></a></h2>
<ul>
</ul>
<h2><a href="file:XXXPTIIXXX/ptolemy/configs/hyvisual/intro.htm"><code>file:XXXPTIIXXX/ptolemy/configs/hyvisual/intro.htm</code></a></h2>
<ul>
</ul>
<h2><a href="file:XXXPTIIXXX/ptolemy/configs/doc/completeDemosPtiny.htm"><code>file:XXXPTIIXXX/ptolemy/configs/doc/completeDemosPtiny.htm</code></a></h2>
<ul>
</ul>
<h2><a href="file:XXXPTIIXXX/ptolemy/configs/doc/demosPtiny.htm"><code>file:XXXPTIIXXX/ptolemy/configs/doc/demosPtiny.htm</code></a></h2>
<ul>
</ul>
<h2><a href="file:XXXPTIIXXX/doc/mainVergilPtiny.htm"><code>file:XXXPTIIXXX/doc/mainVergilPtiny.htm</code></a></h2>
<ul>
</ul>
<h2><a href="file:XXXPTIIXXX/doc/mainVergilPtinyKepler.htm"><code>file:XXXPTIIXXX/doc/mainVergilPtinyKepler.htm</code></a></h2>
<ul>
</ul>
<h2><a href="file:XXXPTIIXXX/ptolemy/configs/doc/demosPtinyKepler.htm"><code>file:XXXPTIIXXX/ptolemy/configs/doc/demosPtinyKepler.htm</code></a></h2>
<ul>
</ul>
<h2><a href="file:XXXPTIIXXX/ptolemy/configs/doc/docsPtinyKepler.htm"><code>file:XXXPTIIXXX/ptolemy/configs/doc/docsPtinyKepler.htm</code></a></h2>
<ul>
</ul>
<h2><a href="file:XXXPTIIXXX/ptolemy/configs/doc/completeDemosPtinyKepler.htm"><code>file:XXXPTIIXXX/ptolemy/configs/doc/completeDemosPtinyKepler.htm</code></a></h2>
<ul>
</ul>
<h2><a href="file:XXXPTIIXXX/ptolemy/configs/visualsense/intro.htm"><code>file:XXXPTIIXXX/ptolemy/configs/visualsense/intro.htm</code></a></h2>
<ul>
</ul>
}
@@@@@ known results is more than 7 lines long, so we run diff
16a17,36
>  <li><a href="file:/XXXPTIIXXX/org/ptolemy/ptango/demo/BlinkyLight/BlinkyLight.xml">XXXPTIIXXX/org/ptolemy/ptango/demo/BlinkyLight/BlinkyLight.xml</a></li>
>  <li><a href="file:/XXXPTIIXXX/org/ptolemy/ptango/demo/Cookies/Cookies.xml">XXXPTIIXXX/org/ptolemy/ptango/demo/Cookies/Cookies.xml</a></li>
>  <li><a href="file:/XXXPTIIXXX/org/ptolemy/ptango/demo/Chat/ChatServer.xml">XXXPTIIXXX/org/ptolemy/ptango/demo/Chat/ChatServer.xml</a></li>
>  <li><a href="file:/XXXPTIIXXX/org/ptolemy/ptango/demo/Chat/ChatClient.xml">XXXPTIIXXX/org/ptolemy/ptango/demo/Chat/ChatClient.xml</a></li>
>  <li><a href="file:/XXXPTIIXXX/org/ptolemy/ptango/demo/Chat/ChatClient2.xml">XXXPTIIXXX/org/ptolemy/ptango/demo/Chat/ChatClient2.xml</a></li>
>  <li><a href="file:/XXXPTIIXXX/org/ptolemy/ptango/demo/DOPpresence/DOPpresence.xml">XXXPTIIXXX/org/ptolemy/ptango/demo/DOPpresence/DOPpresence.xml</a></li>
>  <li><a href="file:/XXXPTIIXXX/org/ptolemy/ptango/demo/EPlus70Actuator/EPlus70Actuator.xml">XXXPTIIXXX/org/ptolemy/ptango/demo/EPlus70Actuator/EPlus70Actuator.xml</a></li>
>  <li><a href="file:/XXXPTIIXXX/org/ptolemy/ptango/demo/ErrorHandler/ErrorHandler.xml">XXXPTIIXXX/org/ptolemy/ptango/demo/ErrorHandler/ErrorHandler.xml</a></li>
>  <li><a href="file:/XXXPTIIXXX/org/ptolemy/ptango/demo/Exception/Exception.xml">XXXPTIIXXX/org/ptolemy/ptango/demo/Exception/Exception.xml</a></li>
>  <li><a href="file:/XXXPTIIXXX/org/ptolemy/ptango/demo/Guidance/Guidance.xml">XXXPTIIXXX/org/ptolemy/ptango/demo/Guidance/Guidance.xml</a></li>
>  <li><a href="file:/XXXPTIIXXX/org/ptolemy/ptango/demo/Guidance/GuidanceSingleUserWithName.xml">XXXPTIIXXX/org/ptolemy/ptango/demo/Guidance/GuidanceSingleUserWithName.xml</a></li>
>  <li><a href="file:/XXXPTIIXXX/org/ptolemy/ptango/demo/OccupancyAlert/OccupancyAlert.xml">XXXPTIIXXX/org/ptolemy/ptango/demo/OccupancyAlert/OccupancyAlert.xml</a></li>
>  <li><a href="file:/XXXPTIIXXX/org/ptolemy/ptango/demo/OptimizationAdvisor/OptimizationAdvisor.xml">XXXPTIIXXX/org/ptolemy/ptango/demo/OptimizationAdvisor/OptimizationAdvisor.xml</a></li>
>  <li><a href="file:/XXXPTIIXXX/org/ptolemy/ptango/demo/SensorAndrew/SensorAndrew.xml">XXXPTIIXXX/org/ptolemy/ptango/demo/SensorAndrew/SensorAndrew.xml</a></li>
>  <li><a href="file:/XXXPTIIXXX/org/ptolemy/ptango/demo/SmartRoom/SmartRoom.xml">XXXPTIIXXX/org/ptolemy/ptango/demo/SmartRoom/SmartRoom.xml</a></li>
>  <li><a href="file:/XXXPTIIXXX/org/ptolemy/ptango/demo/TemperatureSimulation/TemperatureSimulation.xml">XXXPTIIXXX/org/ptolemy/ptango/demo/TemperatureSimulation/TemperatureSimulation.xml</a></li>
>  <li><a href="file:/XXXPTIIXXX/org/ptolemy/ptango/demo/UCBPower/UCBPower.xml">XXXPTIIXXX/org/ptolemy/ptango/demo/UCBPower/UCBPower.xml</a></li>
>  <li><a href="file:/XXXPTIIXXX/org/ptolemy/ptango/demo/UCBPower/UCBPowerAnalyzerServer.xml">XXXPTIIXXX/org/ptolemy/ptango/demo/UCBPower/UCBPowerAnalyzerServer.xml</a></li>
>  <li><a href="file:/XXXPTIIXXX/org/ptolemy/ptango/demo/UCBPowerPtera/UCBPowerPtera.xml">XXXPTIIXXX/org/ptolemy/ptango/demo/UCBPowerPtera/UCBPowerPtera.xml</a></li>
>  <li><a href="file:/XXXPTIIXXX/org/ptolemy/ptango/demo/WebServerDE/WebServerDE.xml">XXXPTIIXXX/org/ptolemy/ptango/demo/WebServerDE/WebServerDE.xml</a></li>
24a45,47
>  <li><a href="file:/XXXPTIIXXX/ptolemy/backtrack/demo/PrimeTest/PrimeTest.xml">XXXPTIIXXX/ptolemy/backtrack/demo/PrimeTest/PrimeTest.xml</a></li>
>  <li><a href="file:/XXXPTIIXXX/ptolemy/backtrack/demo/RampRollback/RampRollback.xml">XXXPTIIXXX/ptolemy/backtrack/demo/RampRollback/RampRollback.xml</a></li>
>  <li><a href="file:/XXXPTIIXXX/ptolemy/backtrack/demo/TrialModule/TrialModule.xml">XXXPTIIXXX/ptolemy/backtrack/demo/TrialModule/TrialModule.xml</a></li>
@@@@@ Done running diffText
---- HTMLAbout-4.0 FAILED
/home/travis/build/icyphy/ptII/ptolemy/actor/gui/test/HTMLViewer.tcl
sleeping 3 seconds: /home/travis/build/icyphy/ptII/ptolemy/actor/gui/test/MoMLApplication.tcl
/home/travis/build/icyphy/ptII/ptolemy/actor/gui/test/PtExecuteApplication.tcl
4 ms. Memory: 800256K Free: 184581K (23%)
sleeping 2 seconds: 10 ms. Memory: 994816K Free: 571713K (57%)
.test
sleeping 2 seconds: 6 ms. Memory: 1080832K Free: 325531K (30%)
<?xml version="1.0" standalone="no"?>
<!DOCTYPE entity PUBLIC "-//UC Berkeley//DTD MoML 1//EN"
    "http://ptolemy.eecs.berkeley.edu/xml/dtd/MoML_1.dtd">
<entity name="test" class="ptolemy.actor.TypedCompositeActor">
    <property name="_createdBy" class="ptolemy.kernel.attributes.VersionAttribute" value="11.1.devel">
    </property>
    <doc>This test has no placeable elements, but writes to standard out.</doc>
    <property name="step" class="ptolemy.data.expr.Parameter" value="1">
    </property>
    <property name="director" class="ptolemy.domains.sdf.kernel.SDFDirector">
        <property name="iterations" class="ptolemy.data.expr.Parameter" value="5">
        </property>
        <property name="vectorizationFactor" class="ptolemy.data.expr.Parameter" value="1">
        </property>
    </property>
    <entity name="ramp" class="ptolemy.actor.lib.Ramp">
        <property name="init" class="ptolemy.actor.parameters.PortParameter" value="0">
        </property>
        <property name="step" class="ptolemy.actor.parameters.PortParameter" value="step">
        </property>
        <property name="firingCountLimit" class="ptolemy.data.expr.Parameter" value="0">
        </property>
    </entity>
    <entity name="rec" class="ptolemy.actor.lib.Recorder">
        <property name="capacity" class="ptolemy.data.expr.Parameter" value="-1">
        </property>
    </entity>
    <relation name="r1" class="ptolemy.actor.TypedIORelation">
        <property name="width" class="ptolemy.data.expr.Parameter" value="1">
        </property>
    </relation>
    <link port="ramp.output" relation="r1"/>
    <link port="rec.input" relation="r1"/>
</entity>

/home/travis/build/icyphy/ptII/ptolemy/actor/gui/test/PtolemyApplication.tcl
/home/travis/build/icyphy/ptII/ptolemy/actor/gui/test/UserActorLibrary.tcl
JSAccessor: PT_NO_NET environment variable is set, so git pull and ptdoc are not being run.
No physical cameras found, using WebcamDummyDriver.
CharacterRecognition: The tesseract module was not present.  The CharacterRecognition accessor is not supported on this accessor host. (Thread[main,5,main])
CharacterRecognition: The tesseract module was not present.  The CharacterRecognition accessor is not supported on this accessor host. (Thread[main,5,main])
The Mutable accessor original file has no documentation, so we are not running jsdoc on https://accessors.org/utilities/Mutable.js
/home/travis/build/icyphy/ptII/ptolemy/actor/gui/test/ZZZConfiguration.tcl


==== $PTII/ptolemy/actor/gui/test/ZZZConfiguration.tcl: ZZZConfiguration-100.0 call setContainer, which calls _remoteEntity
==== Contents of test case:

    # Run this test last
    set directory [$configuration getDirectory]

    # StringUtilities.exit() checks to see if this property is has a length > 0
    java::call System setProperty ptolemy.ptII.doNotExit {}
    #java::call System clearProperty ptolemy.ptII.doNotExit

    # The Manager uses this property to help us test the Exit actor.
    java::call System setProperty ptolemy.ptII.exitAfterWrapup true

    catch {$directory setContainer [java::null]} errMsg

    # Reset the property
    java::call System setProperty ptolemy.ptII.doNotExit true

    java::new ptolemy.actor.gui.ModelDirectory $configuration [java::field ptolemy.actor.gui.Configuration _DIRECTORY_NAME]

    list $errMsg	

==== Result was:
{java.lang.RuntimeException: StringUtilities.exit() was called. Normally, we would exit here because Manager.exitAfterWrapup() was called.  However, because the ptolemy.ptII.exitAfterWrapup property is set, we throw this exception instead.}
---- Result should have been:
{java.lang.RuntimeException: Normally, we would exit here because Manager.exitAfterWrapup() was called.  However, because the ptolemy.ptII.exitAfterWrapup property is set, we throw this exception instead.}
---- ZZZConfiguration-100.0 FAILED
01/27/19 03:17:07
Failed: 2  Total Tests: 55  ((Passed: 53, Newly Passed: 0)  Known Failed: 0) /home/travis/build/icyphy/ptII/ptolemy/actor/gui/test
No auto/knownFailedTests/*.xml tests in /home/travis/build/icyphy/ptII/ptolemy/actor/gui/test
No auto/linux-amd64/*.xml tests in /home/travis/build/icyphy/ptII/ptolemy/actor/gui/test
AutoTests.java: About to close Vertx.
AutoTests.java: Vertx closed.
No auto/*.xml tests in /home/travis/build/icyphy/ptII/ptolemy/actor/gui/test
AutoTests.java: About to close Vertx.
AutoTests.java: Vertx closed.
]]></system-out>
  <system-err><![CDATA[[main] INFO com.github.sarxos.webcam.Webcam - WebcamDefaultDriver capture driver will be used
]]></system-err>
</testsuite>
