<?xml version="1.0" encoding="UTF-8" ?>
<testsuite errors="0" failures="0" hostname="travis-job-ba482949-c09b-4329-ada2-66267f91cad6" name="ptolemy.domains.de.test.junit.JUnitTclTest" skipped="0" tests="101" time="126.084" timestamp="2018-09-01T02:01:46">
  <properties>
[...]
</properties>
  <testcase classname="ptolemy.util.test.junit.TclTests" name="[0] /home/travis/build/icyphy/ptII/ptolemy/domains/de/test/DependencyLoop.tcl (RunTclFile)" time="0.644" />
  <testcase classname="ptolemy.util.test.junit.TclTests" name="[1] /home/travis/build/icyphy/ptII/ptolemy/domains/de/test/RunDETestsAsQSS.tcl (RunTclFile)" time="86.619" />
  <testcase classname="ptolemy.util.test.junit.AutoKnownFailedTests" name="[0] /home/travis/build/icyphy/ptII/ptolemy/domains/de/test/auto/knownFailedTests/DESDFClockTest.xml (RunModel)" time="2.024" />
  <testcase classname="ptolemy.util.test.junit.AutoKnownFailedTests" name="[1] /home/travis/build/icyphy/ptII/ptolemy/domains/de/test/auto/knownFailedTests/DirectFeedback.xml (RunModel)" time="0.022" />
  <testcase classname="ptolemy.util.test.junit.AutoKnownFailedTests" name="[2] /home/travis/build/icyphy/ptII/ptolemy/domains/de/test/auto/knownFailedTests/FSMSource.xml (RunModel)" time="0.015" />
  <testcase classname="ptolemy.util.test.junit.AutoKnownFailedTests" name="[3] /home/travis/build/icyphy/ptII/ptolemy/domains/de/test/auto/knownFailedTests/HierarchicalModel.xml (RunModel)" time="0.025" />
  <testcase classname="ptolemy.util.test.junit.AutoKnownFailedTests" name="[4] /home/travis/build/icyphy/ptII/ptolemy/domains/de/test/auto/knownFailedTests/dependencyLoop.xml (RunModel)" time="0.022" />
  <testcase classname="ptolemy.util.test.junit.AutoKnownFailedTests" name="[5] /home/travis/build/icyphy/ptII/ptolemy/domains/de/test/auto/knownFailedTests/dependencyLoop2.xml (RunModel)" time="0.026" />
  <testcase classname="ptolemy.util.test.junit.AutoNameArchTests" name="[0] ThereAreNoAutoArchTests (RunModel)" time="0.0" />
  <testcase classname="ptolemy.util.test.junit.AutoTests" name="[0] /home/travis/build/icyphy/ptII/ptolemy/domains/de/test/auto/ActorDepthCalculation_actorWithoutPorts.xml (RunModel)" time="0.009" />
  <testcase classname="ptolemy.util.test.junit.AutoTests" name="[1] /home/travis/build/icyphy/ptII/ptolemy/domains/de/test/auto/AssemblyLine.xml (RunModel)" time="0.016" />
  <testcase classname="ptolemy.util.test.junit.AutoTests" name="[2] /home/travis/build/icyphy/ptII/ptolemy/domains/de/test/auto/CQBug1.xml (RunModel)" time="0.005" />
  <testcase classname="ptolemy.util.test.junit.AutoTests" name="[3] /home/travis/build/icyphy/ptII/ptolemy/domains/de/test/auto/CancelFireAt.xml (RunModel)" time="0.004" />
  <testcase classname="ptolemy.util.test.junit.AutoTests" name="[4] /home/travis/build/icyphy/ptII/ptolemy/domains/de/test/auto/CausalityAndComposabilityAnalysis.xml (RunModel)" time="0.009" />
  <testcase classname="ptolemy.util.test.junit.AutoTests" name="[5] /home/travis/build/icyphy/ptII/ptolemy/domains/de/test/auto/CausalityInterface1.xml (RunModel)" time="0.011" />
  <testcase classname="ptolemy.util.test.junit.AutoTests" name="[6] /home/travis/build/icyphy/ptII/ptolemy/domains/de/test/auto/CausalityInterface15.xml (RunModel)" time="0.018" />
  <testcase classname="ptolemy.util.test.junit.AutoTests" name="[7] /home/travis/build/icyphy/ptII/ptolemy/domains/de/test/auto/CausalityInterface2.xml (RunModel)" time="0.008" />
  <testcase classname="ptolemy.util.test.junit.AutoTests" name="[8] /home/travis/build/icyphy/ptII/ptolemy/domains/de/test/auto/CausalityInterface3.xml (RunModel)" time="0.007" />
  <testcase classname="ptolemy.util.test.junit.AutoTests" name="[9] /home/travis/build/icyphy/ptII/ptolemy/domains/de/test/auto/ClockDrift.xml (RunModel)" time="0.022" />
  <testcase classname="ptolemy.util.test.junit.AutoTests" name="[10] /home/travis/build/icyphy/ptII/ptolemy/domains/de/test/auto/ClockDriftAndValueChange.xml (RunModel)" time="0.02" />
  <testcase classname="ptolemy.util.test.junit.AutoTests" name="[11] /home/travis/build/icyphy/ptII/ptolemy/domains/de/test/auto/ClockDriftChange.xml (RunModel)" time="0.017" />
  <testcase classname="ptolemy.util.test.junit.AutoTests" name="[12] /home/travis/build/icyphy/ptII/ptolemy/domains/de/test/auto/ComposableCausalityAnalysis.xml (RunModel)" time="0.012" />
  <testcase classname="ptolemy.util.test.junit.AutoTests" name="[13] /home/travis/build/icyphy/ptII/ptolemy/domains/de/test/auto/DEFixedPointLimitation.xml (RunModel)" time="0.006" />
  <testcase classname="ptolemy.util.test.junit.AutoTests" name="[14] /home/travis/build/icyphy/ptII/ptolemy/domains/de/test/auto/DEScheduleTest.xml (RunModel)" time="0.007" />
  <testcase classname="ptolemy.util.test.junit.AutoTests" name="[15] /home/travis/build/icyphy/ptII/ptolemy/domains/de/test/auto/DEinDEwithStartTimes.xml (RunModel)" time="0.007" />
  <testcase classname="ptolemy.util.test.junit.AutoTests" name="[16] /home/travis/build/icyphy/ptII/ptolemy/domains/de/test/auto/DEinDEwithStartTimes2.xml (RunModel)" time="0.008" />
  <testcase classname="ptolemy.util.test.junit.AutoTests" name="[17] /home/travis/build/icyphy/ptII/ptolemy/domains/de/test/auto/DateDemo.xml (RunModel)" time="0.018" />
  <testcase classname="ptolemy.util.test.junit.AutoTests" name="[18] /home/travis/build/icyphy/ptII/ptolemy/domains/de/test/auto/DateToEvent.xml (RunModel)" time="2.025" />
  <testcase classname="ptolemy.util.test.junit.AutoTests" name="[19] /home/travis/build/icyphy/ptII/ptolemy/domains/de/test/auto/DepthTest1.xml (RunModel)" time="0.013" />
  <testcase classname="ptolemy.util.test.junit.AutoTests" name="[20] /home/travis/build/icyphy/ptII/ptolemy/domains/de/test/auto/DepthTest2.xml (RunModel)" time="0.014" />
  <testcase classname="ptolemy.util.test.junit.AutoTests" name="[21] /home/travis/build/icyphy/ptII/ptolemy/domains/de/test/auto/DepthTest3.xml (RunModel)" time="0.01" />
  <testcase classname="ptolemy.util.test.junit.AutoTests" name="[22] /home/travis/build/icyphy/ptII/ptolemy/domains/de/test/auto/DepthTest4.xml (RunModel)" time="0.01" />
  <testcase classname="ptolemy.util.test.junit.AutoTests" name="[23] /home/travis/build/icyphy/ptII/ptolemy/domains/de/test/auto/DepthTest5.xml (RunModel)" time="0.011" />
  <testcase classname="ptolemy.util.test.junit.AutoTests" name="[24] /home/travis/build/icyphy/ptII/ptolemy/domains/de/test/auto/DepthTest6.xml (RunModel)" time="0.01" />
  <testcase classname="ptolemy.util.test.junit.AutoTests" name="[25] /home/travis/build/icyphy/ptII/ptolemy/domains/de/test/auto/DepthTest7.xml (RunModel)" time="0.013" />
  <testcase classname="ptolemy.util.test.junit.AutoTests" name="[26] /home/travis/build/icyphy/ptII/ptolemy/domains/de/test/auto/EventToDate.xml (RunModel)" time="3.028" />
  <testcase classname="ptolemy.util.test.junit.AutoTests" name="[27] /home/travis/build/icyphy/ptII/ptolemy/domains/de/test/auto/FSM1.xml (RunModel)" time="0.032" />
  <testcase classname="ptolemy.util.test.junit.AutoTests" name="[28] /home/travis/build/icyphy/ptII/ptolemy/domains/de/test/auto/FSM7.xml (RunModel)" time="0.028" />
  <testcase classname="ptolemy.util.test.junit.AutoTests" name="[29] /home/travis/build/icyphy/ptII/ptolemy/domains/de/test/auto/Inspection.xml (RunModel)" time="0.038" />
  <testcase classname="ptolemy.util.test.junit.AutoTests" name="[30] /home/travis/build/icyphy/ptII/ptolemy/domains/de/test/auto/Iteration.xml (RunModel)" time="0.019" />
  <testcase classname="ptolemy.util.test.junit.AutoTests" name="[31] /home/travis/build/icyphy/ptII/ptolemy/domains/de/test/auto/LineFault.xml (RunModel)" time="0.403" />
  <testcase classname="ptolemy.util.test.junit.AutoTests" name="[32] /home/travis/build/icyphy/ptII/ptolemy/domains/de/test/auto/MergeModel1Add.xml (RunModel)" time="0.038" />
  <testcase classname="ptolemy.util.test.junit.AutoTests" name="[33] /home/travis/build/icyphy/ptII/ptolemy/domains/de/test/auto/MergeModel2Add.xml (RunModel)" time="0.04" />
  <testcase classname="ptolemy.util.test.junit.AutoTests" name="[34] /home/travis/build/icyphy/ptII/ptolemy/domains/de/test/auto/MergeModel3Add.xml (RunModel)" time="0.041" />
  <testcase classname="ptolemy.util.test.junit.AutoTests" name="[35] /home/travis/build/icyphy/ptII/ptolemy/domains/de/test/auto/MergeWithoutDiscard.xml (RunModel)" time="0.008" />
  <testcase classname="ptolemy.util.test.junit.AutoTests" name="[36] /home/travis/build/icyphy/ptII/ptolemy/domains/de/test/auto/Modal1.xml (RunModel)" time="0.025" />
  <testcase classname="ptolemy.util.test.junit.AutoTests" name="[37] /home/travis/build/icyphy/ptII/ptolemy/domains/de/test/auto/Modal2.xml (RunModel)" time="0.026" />
  <testcase classname="ptolemy.util.test.junit.AutoTests" name="[38] /home/travis/build/icyphy/ptII/ptolemy/domains/de/test/auto/Modal3.xml (RunModel)" time="0.037" />
  <testcase classname="ptolemy.util.test.junit.AutoTests" name="[39] /home/travis/build/icyphy/ptII/ptolemy/domains/de/test/auto/Modal4.xml (RunModel)" time="0.036" />
  <testcase classname="ptolemy.util.test.junit.AutoTests" name="[40] /home/travis/build/icyphy/ptII/ptolemy/domains/de/test/auto/Modal5.xml (RunModel)" time="0.029" />
  <testcase classname="ptolemy.util.test.junit.AutoTests" name="[41] /home/travis/build/icyphy/ptII/ptolemy/domains/de/test/auto/Modal6.xml (RunModel)" time="0.03" />
  <testcase classname="ptolemy.util.test.junit.AutoTests" name="[42] /home/travis/build/icyphy/ptII/ptolemy/domains/de/test/auto/Modal7.xml (RunModel)" time="0.032" />
  <testcase classname="ptolemy.util.test.junit.AutoTests" name="[43] /home/travis/build/icyphy/ptII/ptolemy/domains/de/test/auto/ModalModel.xml (RunModel)" time="0.166" />
  <testcase classname="ptolemy.util.test.junit.AutoTests" name="[44] /home/travis/build/icyphy/ptII/ptolemy/domains/de/test/auto/ModalSource.xml (RunModel)" time="0.017" />
  <testcase classname="ptolemy.util.test.junit.AutoTests" name="[45] /home/travis/build/icyphy/ptII/ptolemy/domains/de/test/auto/NonInterruptibleTimerZeroDelay.xml (RunModel)" time="0.01" />
  <testcase classname="ptolemy.util.test.junit.AutoTests" name="[46] /home/travis/build/icyphy/ptII/ptolemy/domains/de/test/auto/OpenQueueingNetwork.xml (RunModel)" time="2.196" />
  <testcase classname="ptolemy.util.test.junit.AutoTests" name="[47] /home/travis/build/icyphy/ptII/ptolemy/domains/de/test/auto/OpenQueuingNetwork.xml (RunModel)" time="0.264" />
  <testcase classname="ptolemy.util.test.junit.AutoTests" name="[48] /home/travis/build/icyphy/ptII/ptolemy/domains/de/test/auto/PeriodicSampler.xml (RunModel)" time="0.008" />
  <testcase classname="ptolemy.util.test.junit.AutoTests" name="[49] /home/travis/build/icyphy/ptII/ptolemy/domains/de/test/auto/PersistentIO.xml (RunModel)" time="0.019" />
  <testcase classname="ptolemy.util.test.junit.AutoTests" name="[50] /home/travis/build/icyphy/ptII/ptolemy/domains/de/test/auto/PortParameterResetOnInitialize.xml (RunModel)" time="0.008" />
  <testcase classname="ptolemy.util.test.junit.AutoTests" name="[51] /home/travis/build/icyphy/ptII/ptolemy/domains/de/test/auto/PortParameterUpdates.xml (RunModel)" time="0.012" />
  <testcase classname="ptolemy.util.test.junit.AutoTests" name="[52] /home/travis/build/icyphy/ptII/ptolemy/domains/de/test/auto/QueueAndServer.xml (RunModel)" time="0.02" />
  <testcase classname="ptolemy.util.test.junit.AutoTests" name="[53] /home/travis/build/icyphy/ptII/ptolemy/domains/de/test/auto/Records.xml (RunModel)" time="0.013" />
  <testcase classname="ptolemy.util.test.junit.AutoTests" name="[54] /home/travis/build/icyphy/ptII/ptolemy/domains/de/test/auto/ResetTransitionWithStartTime1.xml (RunModel)" time="0.016" />
  <testcase classname="ptolemy.util.test.junit.AutoTests" name="[55] /home/travis/build/icyphy/ptII/ptolemy/domains/de/test/auto/ResetTransitionWithStartTime2.xml (RunModel)" time="0.016" />
  <testcase classname="ptolemy.util.test.junit.AutoTests" name="[56] /home/travis/build/icyphy/ptII/ptolemy/domains/de/test/auto/ResetTransitionWithStartTime3.xml (RunModel)" time="0.017" />
  <testcase classname="ptolemy.util.test.junit.AutoTests" name="[57] /home/travis/build/icyphy/ptII/ptolemy/domains/de/test/auto/ResetTransitionWithStartTime4.xml (RunModel)" time="0.019" />
  <testcase classname="ptolemy.util.test.junit.AutoTests" name="[58] /home/travis/build/icyphy/ptII/ptolemy/domains/de/test/auto/ResettableTimer1.xml (RunModel)" time="0.014" />
  <testcase classname="ptolemy.util.test.junit.AutoTests" name="[59] /home/travis/build/icyphy/ptII/ptolemy/domains/de/test/auto/ResettableTimer2.xml (RunModel)" time="0.009" />
  <testcase classname="ptolemy.util.test.junit.AutoTests" name="[60] /home/travis/build/icyphy/ptII/ptolemy/domains/de/test/auto/ResettableTimer3.xml (RunModel)" time="0.008" />
  <testcase classname="ptolemy.util.test.junit.AutoTests" name="[61] /home/travis/build/icyphy/ptII/ptolemy/domains/de/test/auto/ResettableTimer4.xml (RunModel)" time="0.007" />
  <testcase classname="ptolemy.util.test.junit.AutoTests" name="[62] /home/travis/build/icyphy/ptII/ptolemy/domains/de/test/auto/ResettableTimer5.xml (RunModel)" time="0.009" />
  <testcase classname="ptolemy.util.test.junit.AutoTests" name="[63] /home/travis/build/icyphy/ptII/ptolemy/domains/de/test/auto/ResettableTimer6.xml (RunModel)" time="0.018" />
  <testcase classname="ptolemy.util.test.junit.AutoTests" name="[64] /home/travis/build/icyphy/ptII/ptolemy/domains/de/test/auto/ServerZeroDelay.xml (RunModel)" time="0.011" />
  <testcase classname="ptolemy.util.test.junit.AutoTests" name="[65] /home/travis/build/icyphy/ptII/ptolemy/domains/de/test/auto/SmartSender.xml (RunModel)" time="3.012" />
  <testcase classname="ptolemy.util.test.junit.AutoTests" name="[66] /home/travis/build/icyphy/ptII/ptolemy/domains/de/test/auto/ThreadedComposite.xml (RunModel)" time="0.133" />
  <testcase classname="ptolemy.util.test.junit.AutoTests" name="[67] /home/travis/build/icyphy/ptII/ptolemy/domains/de/test/auto/Time.xml (RunModel)" time="0.409" />
  <testcase classname="ptolemy.util.test.junit.AutoTests" name="[68] /home/travis/build/icyphy/ptII/ptolemy/domains/de/test/auto/TimeDelayZeroDelay.xml (RunModel)" time="0.01" />
  <testcase classname="ptolemy.util.test.junit.AutoTests" name="[69] /home/travis/build/icyphy/ptII/ptolemy/domains/de/test/auto/TimerZeroDelay.xml (RunModel)" time="0.008" />
  <testcase classname="ptolemy.util.test.junit.AutoTests" name="[70] /home/travis/build/icyphy/ptII/ptolemy/domains/de/test/auto/TimingParadox.xml (RunModel)" time="0.31" />
  <testcase classname="ptolemy.util.test.junit.AutoTests" name="[71] /home/travis/build/icyphy/ptII/ptolemy/domains/de/test/auto/TransferInputs.xml (RunModel)" time="0.012" />
  <testcase classname="ptolemy.util.test.junit.AutoTests" name="[72] /home/travis/build/icyphy/ptII/ptolemy/domains/de/test/auto/TransferOutputs2.xml (RunModel)" time="0.015" />
  <testcase classname="ptolemy.util.test.junit.AutoTests" name="[73] /home/travis/build/icyphy/ptII/ptolemy/domains/de/test/auto/Trilateration.xml (RunModel)" time="11.376" />
  <testcase classname="ptolemy.util.test.junit.AutoTests" name="[74] /home/travis/build/icyphy/ptII/ptolemy/domains/de/test/auto/TwoSigmaDelta.xml (RunModel)" time="1.877" />
  <testcase classname="ptolemy.util.test.junit.AutoTests" name="[75] /home/travis/build/icyphy/ptII/ptolemy/domains/de/test/auto/VariableDelay.xml (RunModel)" time="0.01" />
  <testcase classname="ptolemy.util.test.junit.AutoTests" name="[76] /home/travis/build/icyphy/ptII/ptolemy/domains/de/test/auto/VariableDelay2.xml (RunModel)" time="0.01" />
  <testcase classname="ptolemy.util.test.junit.AutoTests" name="[77] /home/travis/build/icyphy/ptII/ptolemy/domains/de/test/auto/VariableDelayZeroDelay.xml (RunModel)" time="0.009" />
  <testcase classname="ptolemy.util.test.junit.AutoTests" name="[78] /home/travis/build/icyphy/ptII/ptolemy/domains/de/test/auto/VariableDelayZeroDelay2.xml (RunModel)" time="0.008" />
  <testcase classname="ptolemy.util.test.junit.AutoTests" name="[79] /home/travis/build/icyphy/ptII/ptolemy/domains/de/test/auto/deInCt.xml (RunModel)" time="0.012" />
  <testcase classname="ptolemy.util.test.junit.AutoTests" name="[80] /home/travis/build/icyphy/ptII/ptolemy/domains/de/test/auto/deInCt2.xml (RunModel)" time="0.011" />
  <testcase classname="ptolemy.util.test.junit.AutoTests" name="[81] /home/travis/build/icyphy/ptII/ptolemy/domains/de/test/auto/dynamicCausalityInterface1.xml (RunModel)" time="0.018" />
  <testcase classname="ptolemy.util.test.junit.AutoTests" name="[82] /home/travis/build/icyphy/ptII/ptolemy/domains/de/test/auto/fsm_de_test.xml (RunModel)" time="0.02" />
  <testcase classname="ptolemy.util.test.junit.AutoTests" name="[83] /home/travis/build/icyphy/ptII/ptolemy/domains/de/test/auto/functionDependencyReconstruction.xml (RunModel)" time="0.037" />
  <testcase classname="ptolemy.util.test.junit.AutoTests" name="[84] /home/travis/build/icyphy/ptII/ptolemy/domains/de/test/auto/multirate.xml (RunModel)" time="0.014" />
  <testcase classname="ptolemy.util.test.junit.AutoTests" name="[85] /home/travis/build/icyphy/ptII/ptolemy/domains/de/test/auto/multirate2.xml (RunModel)" time="0.013" />
  <testcase classname="ptolemy.util.test.junit.AutoTests" name="[86] /home/travis/build/icyphy/ptII/ptolemy/domains/de/test/auto/realtime.xml (RunModel)" time="10.009" />
  <testcase classname="ptolemy.util.test.junit.AutoTests" name="[87] /home/travis/build/icyphy/ptII/ptolemy/domains/de/test/auto/relationGroup.xml (RunModel)" time="0.006" />
  <testcase classname="ptolemy.util.test.junit.AutoTests" name="[88] /home/travis/build/icyphy/ptII/ptolemy/domains/de/test/auto/relationGroup2.xml (RunModel)" time="0.005" />
  <testcase classname="ptolemy.util.test.junit.AutoTests" name="[89] /home/travis/build/icyphy/ptII/ptolemy/domains/de/test/auto/sortWithOpaquePorts.xml (RunModel)" time="0.009" />
  <testcase classname="ptolemy.util.test.junit.AutoTests" name="[90] /home/travis/build/icyphy/ptII/ptolemy/domains/de/test/auto/transferInputsandOutputs.xml (RunModel)" time="0.011" />
  <testcase classname="ptolemy.util.test.junit.AutoTests" name="[91] /home/travis/build/icyphy/ptII/ptolemy/domains/de/test/auto/triggerType.xml (RunModel)" time="0.006" />
  <system-out><![CDATA[/home/travis/build/icyphy/ptII/ptolemy/domains/de/test/DependencyLoop.tcl
testDefs.tcl: setting time out to 9000 seconds at Sat Sep 01 02:01:46 UTC 2018
13 ms. Memory: 116224K Free: 93544K (80%)
6 ms. Memory: 146944K Free: 135098K (92%)
/home/travis/build/icyphy/ptII/ptolemy/domains/de/test/RunDETestsAsQSS.tcl
Run the DE tests using ptolemy.domains.qss.test.QSSDirectorTest, which extends QSSDirector and prints a message in the constructors.
------------------ testing $PTII/ptolemy/domains/de/test/auto/knownFailedTests/dependencyLoop.xml (Known Failure) 
7 ms. Memory: 146944K Free: 131985K (90%)


==== $PTIIhome/travis/build/icyphy/ptII/ptolemy/domains/de/test/../../../../: Auto Automatic test in file $PTII/ptolemy/domains/de/test/auto/knownFailedTests/dependencyLoop.xml
==== Contents of test case:

	    # FIXME: we should use $relativeFilename here, but it
	    # might have backslashes under Windows, which causes no end
	    # of trouble.
	    createAndExecute $file
	    list {}
	
.... Test generated KNOWN error:
    while executing
ptolemy.kernel.util.IllegalActionException: Found a zero delay loop containing .dependencyLoop.original
  in .dependencyLoop and .dependencyLoop.original
	at ptolemy.actor.util.CausalityInterfaceForComposites._computeOutputPortDepth(CausalityInterfaceForComposites.java:759)
	at ptolemy.actor.util.CausalityInterfaceForComposites._computeInputDepth(CausalityInterfaceForComposites.java:696)
	at ptolemy.actor.util.CausalityInterfaceForComposites._computeOutputPortDepth(CausalityInterfaceForComposites.java:765)
	at ptolemy.actor.util.CausalityInterfaceForComposites._computeInputDepth(CausalityInterfaceForComposites.java:696)
	at ptolemy.actor.util.CausalityInterfaceForComposites._computeOutputPortDepth(CausalityInterfaceForComposites.java:765)
	at ptolemy.actor.util.CausalityInterfaceForComposites._computeInputDepth(CausalityInterfaceForComposites.java:696)
	at ptolemy.actor.util.CausalityInterfaceForComposites._computeActorDepth(CausalityInterfaceForComposites.java:532)
	at ptolemy.actor.util.CausalityInterfaceForComposites.checkForCycles(CausalityInterfaceForComposites.java:96)
	at ptolemy.domains.de.kernel.DEDirector.preinitialize(DEDirector.java:1338)
	at ptolemy.actor.CompositeActor.preinitialize(CompositeActor.java:1828)
	at ptolemy.actor.Manager.preinitializeAndResolveTypes(Manager.java:1040)
	at ptolemy.actor.Manager.initialize(Manager.java:710)
	at ptolemy.actor.Manager.execute(Manager.java:356)
	at ptolemy.actor.Manager.run(Manager.java:1263)
	at ptolemy.actor.Manager$PtolemyRunThread.run(Manager.java:1915)

    while executing
ptolemy.kernel.util.IllegalActionException: Found a zero delay loop containing .dependencyLoop.original
  in .dependencyLoop and .dependencyLoop.original
    while executing
"java::new ptolemy.moml.MoMLSimpleApplication $file
"
    (procedure "createAndExecute" line 2)
    invoked from within
"createAndExecute $file"
    ("uplevel" body line 5)
    invoked from within
"uplevel $contents_of_test"
------------------ testing $PTII/ptolemy/domains/de/test/auto/knownFailedTests/DESDFClockTest.xml (Known Failure) 
2057 ms. Memory: 146944K Free: 116643K (79%)


==== $PTIIhome/travis/build/icyphy/ptII/ptolemy/domains/de/test/../../../../: Auto Automatic test in file $PTII/ptolemy/domains/de/test/auto/knownFailedTests/DESDFClockTest.xml
==== Contents of test case:

	    # FIXME: we should use $relativeFilename here, but it
	    # might have backslashes under Windows, which causes no end
	    # of trouble.
	    createAndExecute $file
	    list {}
	
.... Test generated KNOWN error:
    while executing
ptolemy.kernel.util.IllegalActionException: Actor is not ready to fire.  Perhaps UpSample.prefire() returned false? Try debugging the actor by selecting "Listen to Actor".  Also, for SDF check moml for tokenConsumptionRate on input.
  in .DESDFClockTest.Play Bell.Copy1:SDF Director and .DESDFClockTest.Play Bell.UpSample
	at ptolemy.actor.sched.StaticSchedulingDirector.fire(StaticSchedulingDirector.java:227)
	at ptolemy.domains.sdf.kernel.SDFDirector.fire(SDFDirector.java:500)
	at ptolemy.actor.CompositeActor.fire(CompositeActor.java:455)
	at ptolemy.domains.de.kernel.DEDirector._fire(DEDirector.java:1949)
	at ptolemy.domains.de.kernel.DEDirector.fire(DEDirector.java:502)
	at ptolemy.actor.CompositeActor.fire(CompositeActor.java:455)
	at ptolemy.actor.Manager.iterate(Manager.java:851)
	at ptolemy.actor.Manager.execute(Manager.java:369)
	at ptolemy.actor.Manager.run(Manager.java:1263)
	at ptolemy.actor.Manager$PtolemyRunThread.run(Manager.java:1915)

    while executing
ptolemy.kernel.util.IllegalActionException: Actor is not ready to fire.  Perhaps UpSample.prefire() returned false? Try debugging the actor by selecting "Listen to Actor".  Also, for SDF check moml for tokenConsumptionRate on input.
  in .DESDFClockTest.Play Bell.Copy1:SDF Director and .DESDFClockTest.Play Bell.UpSample
    while executing
"java::new ptolemy.moml.MoMLSimpleApplication $file
"
    (procedure "createAndExecute" line 2)
    invoked from within
"createAndExecute $file"
    ("uplevel" body line 5)
    invoked from within
"uplevel $contents_of_test"
------------------ testing $PTII/ptolemy/domains/de/test/auto/knownFailedTests/FSMSource.xml (Known Failure) 
21 ms. Memory: 146944K Free: 107729K (73%)
!!!! Auto was marked as failing, but now passes
------------------ testing $PTII/ptolemy/domains/de/test/auto/knownFailedTests/dependencyLoop2.xml (Known Failure) 
5 ms. Memory: 146944K Free: 105846K (72%)


==== $PTIIhome/travis/build/icyphy/ptII/ptolemy/domains/de/test/../../../../: Auto Automatic test in file $PTII/ptolemy/domains/de/test/auto/knownFailedTests/dependencyLoop2.xml
==== Contents of test case:

	    # FIXME: we should use $relativeFilename here, but it
	    # might have backslashes under Windows, which causes no end
	    # of trouble.
	    createAndExecute $file
	    list {}
	
.... Test generated KNOWN error:
    while executing
ptolemy.kernel.util.IllegalActionException: Found a zero delay loop containing .dependencyLoop2.original
  in .dependencyLoop2 and .dependencyLoop2.original
	at ptolemy.actor.util.CausalityInterfaceForComposites._computeOutputPortDepth(CausalityInterfaceForComposites.java:759)
	at ptolemy.actor.util.CausalityInterfaceForComposites._computeInputDepth(CausalityInterfaceForComposites.java:696)
	at ptolemy.actor.util.CausalityInterfaceForComposites._computeOutputPortDepth(CausalityInterfaceForComposites.java:765)
	at ptolemy.actor.util.CausalityInterfaceForComposites._computeInputDepth(CausalityInterfaceForComposites.java:696)
	at ptolemy.actor.util.CausalityInterfaceForComposites._computeOutputPortDepth(CausalityInterfaceForComposites.java:765)
	at ptolemy.actor.util.CausalityInterfaceForComposites._computeInputDepth(CausalityInterfaceForComposites.java:696)
	at ptolemy.actor.util.CausalityInterfaceForComposites._computeActorDepth(CausalityInterfaceForComposites.java:532)
	at ptolemy.actor.util.CausalityInterfaceForComposites.checkForCycles(CausalityInterfaceForComposites.java:96)
	at ptolemy.domains.de.kernel.DEDirector.preinitialize(DEDirector.java:1338)
	at ptolemy.actor.CompositeActor.preinitialize(CompositeActor.java:1828)
	at ptolemy.actor.Manager.preinitializeAndResolveTypes(Manager.java:1040)
	at ptolemy.actor.Manager.initialize(Manager.java:710)
	at ptolemy.actor.Manager.execute(Manager.java:356)
	at ptolemy.actor.Manager.run(Manager.java:1263)
	at ptolemy.actor.Manager$PtolemyRunThread.run(Manager.java:1915)

    while executing
ptolemy.kernel.util.IllegalActionException: Found a zero delay loop containing .dependencyLoop2.original
  in .dependencyLoop2 and .dependencyLoop2.original
    while executing
"java::new ptolemy.moml.MoMLSimpleApplication $file
"
    (procedure "createAndExecute" line 2)
    invoked from within
"createAndExecute $file"
    ("uplevel" body line 5)
    invoked from within
"uplevel $contents_of_test"
------------------ testing $PTII/ptolemy/domains/de/test/auto/knownFailedTests/HierarchicalModel.xml (Known Failure) 
6 ms. Memory: 146944K Free: 84315K (57%)


==== $PTIIhome/travis/build/icyphy/ptII/ptolemy/domains/de/test/../../../../: Auto Automatic test in file $PTII/ptolemy/domains/de/test/auto/knownFailedTests/HierarchicalModel.xml
==== Contents of test case:

	    # FIXME: we should use $relativeFilename here, but it
	    # might have backslashes under Windows, which causes no end
	    # of trouble.
	    createAndExecute $file
	    list {}
	
.... Test generated KNOWN error:
    while executing
ptolemy.kernel.util.IllegalActionException: Found a zero delay loop containing .HierarchicalModel.A
  in .HierarchicalModel and .HierarchicalModel.A
	at ptolemy.actor.util.CausalityInterfaceForComposites._computeOutputPortDepth(CausalityInterfaceForComposites.java:759)
	at ptolemy.actor.util.CausalityInterfaceForComposites._computeInputDepth(CausalityInterfaceForComposites.java:696)
	at ptolemy.actor.util.CausalityInterfaceForComposites._computeOutputPortDepth(CausalityInterfaceForComposites.java:765)
	at ptolemy.actor.util.CausalityInterfaceForComposites._computeInputDepth(CausalityInterfaceForComposites.java:696)
	at ptolemy.actor.util.CausalityInterfaceForComposites._computeOutputPortDepth(CausalityInterfaceForComposites.java:765)
	at ptolemy.actor.util.CausalityInterfaceForComposites._computeInputDepth(CausalityInterfaceForComposites.java:696)
	at ptolemy.actor.util.CausalityInterfaceForComposites._computeActorDepth(CausalityInterfaceForComposites.java:532)
	at ptolemy.actor.util.CausalityInterfaceForComposites.checkForCycles(CausalityInterfaceForComposites.java:96)
	at ptolemy.domains.de.kernel.DEDirector.preinitialize(DEDirector.java:1338)
	at ptolemy.actor.CompositeActor.preinitialize(CompositeActor.java:1828)
	at ptolemy.actor.Manager.preinitializeAndResolveTypes(Manager.java:1040)
	at ptolemy.actor.Manager.initialize(Manager.java:710)
	at ptolemy.actor.Manager.execute(Manager.java:356)
	at ptolemy.actor.Manager.run(Manager.java:1263)
	at ptolemy.actor.Manager$PtolemyRunThread.run(Manager.java:1915)

    while executing
ptolemy.kernel.util.IllegalActionException: Found a zero delay loop containing .HierarchicalModel.A
  in .HierarchicalModel and .HierarchicalModel.A
    while executing
"java::new ptolemy.moml.MoMLSimpleApplication $file
"
    (procedure "createAndExecute" line 2)
    invoked from within
"createAndExecute $file"
    ("uplevel" body line 5)
    invoked from within
"uplevel $contents_of_test"
------------------ testing $PTII/ptolemy/domains/de/test/auto/knownFailedTests/DirectFeedback.xml (Known Failure) 
14 ms. Memory: 146944K Free: 141131K (96%)


==== $PTIIhome/travis/build/icyphy/ptII/ptolemy/domains/de/test/../../../../: Auto Automatic test in file $PTII/ptolemy/domains/de/test/auto/knownFailedTests/DirectFeedback.xml
==== Contents of test case:

	    # FIXME: we should use $relativeFilename here, but it
	    # might have backslashes under Windows, which causes no end
	    # of trouble.
	    createAndExecute $file
	    list {}
	
.... Test generated KNOWN error:
    while executing
ptolemy.kernel.util.IllegalActionException: Test fails in iteration 1.
Value was: 1.0. Should have been: 2.0
  in .DirectFeedback.Test
	at ptolemy.actor.lib.Test.fire(Test.java:268)
	at ptolemy.domains.de.kernel.DEDirector._fire(DEDirector.java:1949)
	at ptolemy.domains.de.kernel.DEDirector.fire(DEDirector.java:502)
	at ptolemy.actor.CompositeActor.fire(CompositeActor.java:455)
	at ptolemy.actor.Manager.iterate(Manager.java:851)
	at ptolemy.actor.Manager.execute(Manager.java:369)
	at ptolemy.actor.Manager.run(Manager.java:1263)
	at ptolemy.actor.Manager$PtolemyRunThread.run(Manager.java:1915)

    while executing
ptolemy.kernel.util.IllegalActionException: Test fails in iteration 1.
Value was: 1.0. Should have been: 2.0
  in .DirectFeedback.Test
    while executing
"java::new ptolemy.moml.MoMLSimpleApplication $file
"
    (procedure "createAndExecute" line 2)
    invoked from within
"createAndExecute $file"
    ("uplevel" body line 5)
    invoked from within
"uplevel $contents_of_test"
------------------ testing $PTII/ptolemy/domains/de/test/auto/ActorDepthCalculation_actorWithoutPorts.xml
auto.tcl: Setting watchdog for 200 seconds at Sat Sep 01 02:01:49 UTC 2018
4 ms. Memory: 146944K Free: 132436K (90%)
ptolemy.util.test.WatchDog.cancel(): canceling Sat Sep 01 02:01:49 UTC 2018
auto.tcl: Setting watchdog for 200 seconds at Sat Sep 01 02:01:49 UTC 2018
4 ms. Memory: 146944K Free: 131389K (89%)
ptolemy.util.test.WatchDog.cancel(): canceling Sat Sep 01 02:01:49 UTC 2018
------------------ testing $PTII/ptolemy/domains/de/test/auto/AssemblyLine.xml
auto.tcl: Setting watchdog for 200 seconds at Sat Sep 01 02:01:50 UTC 2018
9 ms. Memory: 208384K Free: 186922K (90%)
ptolemy.util.test.WatchDog.cancel(): canceling Sat Sep 01 02:01:50 UTC 2018
auto.tcl: Setting watchdog for 200 seconds at Sat Sep 01 02:01:50 UTC 2018
4 ms. Memory: 208384K Free: 183235K (88%)
ptolemy.util.test.WatchDog.cancel(): canceling Sat Sep 01 02:01:50 UTC 2018
------------------ testing $PTII/ptolemy/domains/de/test/auto/CQBug1.xml
auto.tcl: Setting watchdog for 200 seconds at Sat Sep 01 02:01:50 UTC 2018
3 ms. Memory: 208384K Free: 197340K (95%)
ptolemy.util.test.WatchDog.cancel(): canceling Sat Sep 01 02:01:50 UTC 2018
auto.tcl: Setting watchdog for 200 seconds at Sat Sep 01 02:01:50 UTC 2018
2 ms. Memory: 208384K Free: 197340K (95%)
ptolemy.util.test.WatchDog.cancel(): canceling Sat Sep 01 02:01:50 UTC 2018
------------------ testing $PTII/ptolemy/domains/de/test/auto/CancelFireAt.xml
auto.tcl: Setting watchdog for 200 seconds at Sat Sep 01 02:01:50 UTC 2018
3 ms. Memory: 208384K Free: 199596K (96%)
ptolemy.util.test.WatchDog.cancel(): canceling Sat Sep 01 02:01:50 UTC 2018
auto.tcl: Setting watchdog for 200 seconds at Sat Sep 01 02:01:50 UTC 2018
5 ms. Memory: 208384K Free: 197506K (95%)
ptolemy.util.test.WatchDog.cancel(): canceling Sat Sep 01 02:01:50 UTC 2018
------------------ testing $PTII/ptolemy/domains/de/test/auto/CausalityAndComposabilityAnalysis.xml
auto.tcl: Setting watchdog for 200 seconds at Sat Sep 01 02:01:50 UTC 2018
8 ms. Memory: 208384K Free: 196544K (94%)
ptolemy.util.test.WatchDog.cancel(): canceling Sat Sep 01 02:01:50 UTC 2018
auto.tcl: Setting watchdog for 200 seconds at Sat Sep 01 02:01:50 UTC 2018
6 ms. Memory: 208384K Free: 196544K (94%)
ptolemy.util.test.WatchDog.cancel(): canceling Sat Sep 01 02:01:50 UTC 2018
------------------ testing $PTII/ptolemy/domains/de/test/auto/CausalityInterface1.xml
auto.tcl: Setting watchdog for 200 seconds at Sat Sep 01 02:01:50 UTC 2018
19 ms. Memory: 208384K Free: 196480K (94%)
ptolemy.util.test.WatchDog.cancel(): canceling Sat Sep 01 02:01:50 UTC 2018
auto.tcl: Setting watchdog for 200 seconds at Sat Sep 01 02:01:50 UTC 2018
8 ms. Memory: 208384K Free: 196480K (94%)
ptolemy.util.test.WatchDog.cancel(): canceling Sat Sep 01 02:01:50 UTC 2018
------------------ testing $PTII/ptolemy/domains/de/test/auto/CausalityInterface15.xml
auto.tcl: Setting watchdog for 200 seconds at Sat Sep 01 02:01:50 UTC 2018
16 ms. Memory: 208384K Free: 196469K (94%)
ptolemy.util.test.WatchDog.cancel(): canceling Sat Sep 01 02:01:50 UTC 2018
auto.tcl: Setting watchdog for 200 seconds at Sat Sep 01 02:01:50 UTC 2018
5 ms. Memory: 208384K Free: 194379K (93%)
ptolemy.util.test.WatchDog.cancel(): canceling Sat Sep 01 02:01:50 UTC 2018
------------------ testing $PTII/ptolemy/domains/de/test/auto/CausalityInterface2.xml
auto.tcl: Setting watchdog for 200 seconds at Sat Sep 01 02:01:50 UTC 2018
3 ms. Memory: 208384K Free: 196451K (94%)
ptolemy.util.test.WatchDog.cancel(): canceling Sat Sep 01 02:01:50 UTC 2018
auto.tcl: Setting watchdog for 200 seconds at Sat Sep 01 02:01:50 UTC 2018
4 ms. Memory: 208384K Free: 196451K (94%)
ptolemy.util.test.WatchDog.cancel(): canceling Sat Sep 01 02:01:50 UTC 2018
------------------ testing $PTII/ptolemy/domains/de/test/auto/CausalityInterface3.xml
auto.tcl: Setting watchdog for 200 seconds at Sat Sep 01 02:01:50 UTC 2018
12 ms. Memory: 208384K Free: 196464K (94%)
ptolemy.util.test.WatchDog.cancel(): canceling Sat Sep 01 02:01:50 UTC 2018
auto.tcl: Setting watchdog for 200 seconds at Sat Sep 01 02:01:50 UTC 2018
7 ms. Memory: 208384K Free: 196464K (94%)
ptolemy.util.test.WatchDog.cancel(): canceling Sat Sep 01 02:01:50 UTC 2018
------------------ testing $PTII/ptolemy/domains/de/test/auto/ClockDrift.xml
auto.tcl: Setting watchdog for 200 seconds at Sat Sep 01 02:01:50 UTC 2018
53 ms. Memory: 208384K Free: 187725K (90%)
ptolemy.util.test.WatchDog.cancel(): canceling Sat Sep 01 02:01:51 UTC 2018
auto.tcl: Setting watchdog for 200 seconds at Sat Sep 01 02:01:51 UTC 2018
36 ms. Memory: 208384K Free: 185635K (89%)
ptolemy.util.test.WatchDog.cancel(): canceling Sat Sep 01 02:01:51 UTC 2018
------------------ testing $PTII/ptolemy/domains/de/test/auto/ClockDriftAndValueChange.xml
auto.tcl: Setting watchdog for 200 seconds at Sat Sep 01 02:01:51 UTC 2018
60 ms. Memory: 208384K Free: 187561K (90%)
ptolemy.util.test.WatchDog.cancel(): canceling Sat Sep 01 02:01:51 UTC 2018
auto.tcl: Setting watchdog for 200 seconds at Sat Sep 01 02:01:51 UTC 2018
22 ms. Memory: 208384K Free: 185471K (89%)
ptolemy.util.test.WatchDog.cancel(): canceling Sat Sep 01 02:01:51 UTC 2018
------------------ testing $PTII/ptolemy/domains/de/test/auto/ClockDriftChange.xml
auto.tcl: Setting watchdog for 200 seconds at Sat Sep 01 02:01:51 UTC 2018
41 ms. Memory: 208384K Free: 190873K (92%)
ptolemy.util.test.WatchDog.cancel(): canceling Sat Sep 01 02:01:51 UTC 2018
auto.tcl: Setting watchdog for 200 seconds at Sat Sep 01 02:01:51 UTC 2018
29 ms. Memory: 208384K Free: 188783K (91%)
ptolemy.util.test.WatchDog.cancel(): canceling Sat Sep 01 02:01:51 UTC 2018
------------------ testing $PTII/ptolemy/domains/de/test/auto/ComposableCausalityAnalysis.xml
auto.tcl: Setting watchdog for 200 seconds at Sat Sep 01 02:01:51 UTC 2018
2 ms. Memory: 208384K Free: 196310K (94%)
ptolemy.util.test.WatchDog.cancel(): canceling Sat Sep 01 02:01:51 UTC 2018
auto.tcl: Setting watchdog for 200 seconds at Sat Sep 01 02:01:51 UTC 2018
2 ms. Memory: 208384K Free: 194220K (93%)
ptolemy.util.test.WatchDog.cancel(): canceling Sat Sep 01 02:01:51 UTC 2018
------------------ testing $PTII/ptolemy/domains/de/test/auto/DEFixedPointLimitation.xml
auto.tcl: Setting watchdog for 200 seconds at Sat Sep 01 02:01:51 UTC 2018
1 ms. Memory: 208384K Free: 196391K (94%)
ptolemy.util.test.WatchDog.cancel(): canceling Sat Sep 01 02:01:51 UTC 2018
auto.tcl: Setting watchdog for 200 seconds at Sat Sep 01 02:01:51 UTC 2018
1 ms. Memory: 208384K Free: 196391K (94%)
ptolemy.util.test.WatchDog.cancel(): canceling Sat Sep 01 02:01:51 UTC 2018
------------------ testing $PTII/ptolemy/domains/de/test/auto/DEScheduleTest.xml
auto.tcl: Setting watchdog for 200 seconds at Sat Sep 01 02:01:51 UTC 2018
5 ms. Memory: 208384K Free: 198517K (95%)
ptolemy.util.test.WatchDog.cancel(): canceling Sat Sep 01 02:01:51 UTC 2018
auto.tcl: Setting watchdog for 200 seconds at Sat Sep 01 02:01:51 UTC 2018
3 ms. Memory: 208384K Free: 196427K (94%)
ptolemy.util.test.WatchDog.cancel(): canceling Sat Sep 01 02:01:51 UTC 2018
------------------ testing $PTII/ptolemy/domains/de/test/auto/DEinDEwithStartTimes.xml
auto.tcl: Setting watchdog for 200 seconds at Sat Sep 01 02:01:51 UTC 2018
7 ms. Memory: 208384K Free: 196396K (94%)
ptolemy.util.test.WatchDog.cancel(): canceling Sat Sep 01 02:01:51 UTC 2018
auto.tcl: Setting watchdog for 200 seconds at Sat Sep 01 02:01:51 UTC 2018
3 ms. Memory: 208384K Free: 194306K (93%)
ptolemy.util.test.WatchDog.cancel(): canceling Sat Sep 01 02:01:51 UTC 2018
------------------ testing $PTII/ptolemy/domains/de/test/auto/DEinDEwithStartTimes2.xml
auto.tcl: Setting watchdog for 200 seconds at Sat Sep 01 02:01:51 UTC 2018
6 ms. Memory: 208384K Free: 196714K (94%)
ptolemy.util.test.WatchDog.cancel(): canceling Sat Sep 01 02:01:51 UTC 2018
auto.tcl: Setting watchdog for 200 seconds at Sat Sep 01 02:01:51 UTC 2018
4 ms. Memory: 208384K Free: 194286K (93%)
ptolemy.util.test.WatchDog.cancel(): canceling Sat Sep 01 02:01:51 UTC 2018
------------------ testing $PTII/ptolemy/domains/de/test/auto/DateDemo.xml
auto.tcl: Setting watchdog for 200 seconds at Sat Sep 01 02:01:52 UTC 2018
10 ms. Memory: 208384K Free: 188843K (91%)
ptolemy.util.test.WatchDog.cancel(): canceling Sat Sep 01 02:01:52 UTC 2018
auto.tcl: Setting watchdog for 200 seconds at Sat Sep 01 02:01:52 UTC 2018
6 ms. Memory: 208384K Free: 186753K (90%)
ptolemy.util.test.WatchDog.cancel(): canceling Sat Sep 01 02:01:52 UTC 2018
------------------ testing $PTII/ptolemy/domains/de/test/auto/DateToEvent.xml
auto.tcl: Setting watchdog for 200 seconds at Sat Sep 01 02:01:52 UTC 2018
2009 ms. Memory: 208384K Free: 183587K (88%)
ptolemy.util.test.WatchDog.cancel(): canceling Sat Sep 01 02:01:54 UTC 2018
auto.tcl: Setting watchdog for 200 seconds at Sat Sep 01 02:01:54 UTC 2018
2003 ms. Memory: 208384K Free: 181130K (87%)
ptolemy.util.test.WatchDog.cancel(): canceling Sat Sep 01 02:01:56 UTC 2018
------------------ testing $PTII/ptolemy/domains/de/test/auto/DepthTest1.xml
auto.tcl: Setting watchdog for 200 seconds at Sat Sep 01 02:01:56 UTC 2018
7 ms. Memory: 208384K Free: 198046K (95%)
ptolemy.util.test.WatchDog.cancel(): canceling Sat Sep 01 02:01:56 UTC 2018
auto.tcl: Setting watchdog for 200 seconds at Sat Sep 01 02:01:56 UTC 2018
2 ms. Memory: 208384K Free: 198046K (95%)
ptolemy.util.test.WatchDog.cancel(): canceling Sat Sep 01 02:01:56 UTC 2018
------------------ testing $PTII/ptolemy/domains/de/test/auto/DepthTest2.xml
auto.tcl: Setting watchdog for 200 seconds at Sat Sep 01 02:01:56 UTC 2018
3 ms. Memory: 208384K Free: 194265K (93%)
ptolemy.util.test.WatchDog.cancel(): canceling Sat Sep 01 02:01:56 UTC 2018
auto.tcl: Setting watchdog for 200 seconds at Sat Sep 01 02:01:56 UTC 2018
2 ms. Memory: 208384K Free: 194265K (93%)
ptolemy.util.test.WatchDog.cancel(): canceling Sat Sep 01 02:01:56 UTC 2018
------------------ testing $PTII/ptolemy/domains/de/test/auto/DepthTest3.xml
auto.tcl: Setting watchdog for 200 seconds at Sat Sep 01 02:01:56 UTC 2018
2 ms. Memory: 208384K Free: 198716K (95%)
ptolemy.util.test.WatchDog.cancel(): canceling Sat Sep 01 02:01:56 UTC 2018
auto.tcl: Setting watchdog for 200 seconds at Sat Sep 01 02:01:56 UTC 2018
3 ms. Memory: 208384K Free: 198716K (95%)
ptolemy.util.test.WatchDog.cancel(): canceling Sat Sep 01 02:01:56 UTC 2018
------------------ testing $PTII/ptolemy/domains/de/test/auto/DepthTest4.xml
auto.tcl: Setting watchdog for 200 seconds at Sat Sep 01 02:01:56 UTC 2018
5 ms. Memory: 208384K Free: 196375K (94%)
ptolemy.util.test.WatchDog.cancel(): canceling Sat Sep 01 02:01:56 UTC 2018
auto.tcl: Setting watchdog for 200 seconds at Sat Sep 01 02:01:56 UTC 2018
2 ms. Memory: 208384K Free: 196375K (94%)
ptolemy.util.test.WatchDog.cancel(): canceling Sat Sep 01 02:01:56 UTC 2018
------------------ testing $PTII/ptolemy/domains/de/test/auto/DepthTest5.xml
auto.tcl: Setting watchdog for 200 seconds at Sat Sep 01 02:01:56 UTC 2018
5 ms. Memory: 208384K Free: 196660K (94%)
ptolemy.util.test.WatchDog.cancel(): canceling Sat Sep 01 02:01:56 UTC 2018
auto.tcl: Setting watchdog for 200 seconds at Sat Sep 01 02:01:56 UTC 2018
2 ms. Memory: 208384K Free: 196660K (94%)
ptolemy.util.test.WatchDog.cancel(): canceling Sat Sep 01 02:01:56 UTC 2018
------------------ testing $PTII/ptolemy/domains/de/test/auto/DepthTest6.xml
auto.tcl: Setting watchdog for 200 seconds at Sat Sep 01 02:01:56 UTC 2018
6 ms. Memory: 208384K Free: 196297K (94%)
ptolemy.util.test.WatchDog.cancel(): canceling Sat Sep 01 02:01:56 UTC 2018
auto.tcl: Setting watchdog for 200 seconds at Sat Sep 01 02:01:56 UTC 2018
2 ms. Memory: 208384K Free: 196297K (94%)
ptolemy.util.test.WatchDog.cancel(): canceling Sat Sep 01 02:01:56 UTC 2018
------------------ testing $PTII/ptolemy/domains/de/test/auto/DepthTest7.xml
auto.tcl: Setting watchdog for 200 seconds at Sat Sep 01 02:01:56 UTC 2018
2 ms. Memory: 208384K Free: 196279K (94%)
ptolemy.util.test.WatchDog.cancel(): canceling Sat Sep 01 02:01:56 UTC 2018
auto.tcl: Setting watchdog for 200 seconds at Sat Sep 01 02:01:56 UTC 2018
2 ms. Memory: 208384K Free: 196279K (94%)
ptolemy.util.test.WatchDog.cancel(): canceling Sat Sep 01 02:01:56 UTC 2018
------------------ testing $PTII/ptolemy/domains/de/test/auto/EventToDate.xml
auto.tcl: Setting watchdog for 200 seconds at Sat Sep 01 02:01:56 UTC 2018
3006 ms. Memory: 208384K Free: 185848K (89%)
ptolemy.util.test.WatchDog.cancel(): canceling Sat Sep 01 02:01:59 UTC 2018
auto.tcl: Setting watchdog for 200 seconds at Sat Sep 01 02:01:59 UTC 2018
3003 ms. Memory: 208384K Free: 185848K (89%)
ptolemy.util.test.WatchDog.cancel(): canceling Sat Sep 01 02:02:02 UTC 2018
------------------ testing $PTII/ptolemy/domains/de/test/auto/FSM1.xml
auto.tcl: Setting watchdog for 200 seconds at Sat Sep 01 02:02:02 UTC 2018
39 ms. Memory: 208384K Free: 187259K (90%)
ptolemy.util.test.WatchDog.cancel(): canceling Sat Sep 01 02:02:02 UTC 2018
auto.tcl: Setting watchdog for 200 seconds at Sat Sep 01 02:02:02 UTC 2018
18 ms. Memory: 208384K Free: 185169K (89%)
ptolemy.util.test.WatchDog.cancel(): canceling Sat Sep 01 02:02:02 UTC 2018
------------------ testing $PTII/ptolemy/domains/de/test/auto/FSM7.xml
auto.tcl: Setting watchdog for 200 seconds at Sat Sep 01 02:02:03 UTC 2018
23 ms. Memory: 208384K Free: 187462K (90%)
ptolemy.util.test.WatchDog.cancel(): canceling Sat Sep 01 02:02:03 UTC 2018
auto.tcl: Setting watchdog for 200 seconds at Sat Sep 01 02:02:03 UTC 2018
18 ms. Memory: 208384K Free: 185372K (89%)
ptolemy.util.test.WatchDog.cancel(): canceling Sat Sep 01 02:02:03 UTC 2018
------------------ testing $PTII/ptolemy/domains/de/test/auto/Inspection.xml
auto.tcl: Setting watchdog for 200 seconds at Sat Sep 01 02:02:03 UTC 2018
45 ms. Memory: 208384K Free: 189013K (91%)
ptolemy.util.test.WatchDog.cancel(): canceling Sat Sep 01 02:02:03 UTC 2018
auto.tcl: Setting watchdog for 200 seconds at Sat Sep 01 02:02:03 UTC 2018
27 ms. Memory: 208384K Free: 186922K (90%)
ptolemy.util.test.WatchDog.cancel(): canceling Sat Sep 01 02:02:03 UTC 2018
------------------ testing $PTII/ptolemy/domains/de/test/auto/Iteration.xml
auto.tcl: Setting watchdog for 200 seconds at Sat Sep 01 02:02:03 UTC 2018
7 ms. Memory: 208384K Free: 196421K (94%)
ptolemy.util.test.WatchDog.cancel(): canceling Sat Sep 01 02:02:03 UTC 2018
auto.tcl: Setting watchdog for 200 seconds at Sat Sep 01 02:02:03 UTC 2018
6 ms. Memory: 208384K Free: 194331K (93%)
ptolemy.util.test.WatchDog.cancel(): canceling Sat Sep 01 02:02:03 UTC 2018
------------------ testing $PTII/ptolemy/domains/de/test/auto/LineFault.xml
auto.tcl: Setting watchdog for 200 seconds at Sat Sep 01 02:02:03 UTC 2018
761 ms. Memory: 208384K Free: 196185K (94%)
ptolemy.util.test.WatchDog.cancel(): canceling Sat Sep 01 02:02:04 UTC 2018
auto.tcl: Setting watchdog for 200 seconds at Sat Sep 01 02:02:04 UTC 2018
622 ms. Memory: 208384K Free: 139121K (67%)
ptolemy.util.test.WatchDog.cancel(): canceling Sat Sep 01 02:02:05 UTC 2018
------------------ testing $PTII/ptolemy/domains/de/test/auto/MergeModel1Add.xml
auto.tcl: Setting watchdog for 200 seconds at Sat Sep 01 02:02:05 UTC 2018
22 ms. Memory: 331264K Free: 298889K (90%)
ptolemy.util.test.WatchDog.cancel(): canceling Sat Sep 01 02:02:05 UTC 2018
auto.tcl: Setting watchdog for 200 seconds at Sat Sep 01 02:02:05 UTC 2018
13 ms. Memory: 331264K Free: 298889K (90%)
ptolemy.util.test.WatchDog.cancel(): canceling Sat Sep 01 02:02:05 UTC 2018
------------------ testing $PTII/ptolemy/domains/de/test/auto/MergeModel2Add.xml
auto.tcl: Setting watchdog for 200 seconds at Sat Sep 01 02:02:05 UTC 2018
11 ms. Memory: 331264K Free: 302398K (91%)
ptolemy.util.test.WatchDog.cancel(): canceling Sat Sep 01 02:02:05 UTC 2018
auto.tcl: Setting watchdog for 200 seconds at Sat Sep 01 02:02:05 UTC 2018
7 ms. Memory: 331264K Free: 298454K (90%)
ptolemy.util.test.WatchDog.cancel(): canceling Sat Sep 01 02:02:05 UTC 2018
------------------ testing $PTII/ptolemy/domains/de/test/auto/MergeModel3Add.xml
auto.tcl: Setting watchdog for 200 seconds at Sat Sep 01 02:02:05 UTC 2018
12 ms. Memory: 331264K Free: 302407K (91%)
ptolemy.util.test.WatchDog.cancel(): canceling Sat Sep 01 02:02:05 UTC 2018
auto.tcl: Setting watchdog for 200 seconds at Sat Sep 01 02:02:05 UTC 2018
7 ms. Memory: 331264K Free: 298462K (90%)
ptolemy.util.test.WatchDog.cancel(): canceling Sat Sep 01 02:02:05 UTC 2018
------------------ testing $PTII/ptolemy/domains/de/test/auto/MergeWithoutDiscard.xml
auto.tcl: Setting watchdog for 200 seconds at Sat Sep 01 02:02:05 UTC 2018
2 ms. Memory: 331264K Free: 318466K (96%)
ptolemy.util.test.WatchDog.cancel(): canceling Sat Sep 01 02:02:05 UTC 2018
auto.tcl: Setting watchdog for 200 seconds at Sat Sep 01 02:02:05 UTC 2018
2 ms. Memory: 331264K Free: 314236K (95%)
ptolemy.util.test.WatchDog.cancel(): canceling Sat Sep 01 02:02:05 UTC 2018
------------------ testing $PTII/ptolemy/domains/de/test/auto/Modal1.xml
auto.tcl: Setting watchdog for 200 seconds at Sat Sep 01 02:02:05 UTC 2018
18 ms. Memory: 331264K Free: 308133K (93%)
ptolemy.util.test.WatchDog.cancel(): canceling Sat Sep 01 02:02:05 UTC 2018
auto.tcl: Setting watchdog for 200 seconds at Sat Sep 01 02:02:05 UTC 2018
11 ms. Memory: 331264K Free: 304188K (92%)
ptolemy.util.test.WatchDog.cancel(): canceling Sat Sep 01 02:02:05 UTC 2018
------------------ testing $PTII/ptolemy/domains/de/test/auto/Modal2.xml
auto.tcl: Setting watchdog for 200 seconds at Sat Sep 01 02:02:05 UTC 2018
10 ms. Memory: 331264K Free: 308014K (93%)
ptolemy.util.test.WatchDog.cancel(): canceling Sat Sep 01 02:02:05 UTC 2018
auto.tcl: Setting watchdog for 200 seconds at Sat Sep 01 02:02:05 UTC 2018
11 ms. Memory: 331264K Free: 304070K (92%)
ptolemy.util.test.WatchDog.cancel(): canceling Sat Sep 01 02:02:05 UTC 2018
------------------ testing $PTII/ptolemy/domains/de/test/auto/Modal3.xml
auto.tcl: Setting watchdog for 200 seconds at Sat Sep 01 02:02:05 UTC 2018
11 ms. Memory: 331264K Free: 308005K (93%)
ptolemy.util.test.WatchDog.cancel(): canceling Sat Sep 01 02:02:05 UTC 2018
auto.tcl: Setting watchdog for 200 seconds at Sat Sep 01 02:02:05 UTC 2018
10 ms. Memory: 331264K Free: 304060K (92%)
ptolemy.util.test.WatchDog.cancel(): canceling Sat Sep 01 02:02:05 UTC 2018
------------------ testing $PTII/ptolemy/domains/de/test/auto/Modal4.xml
auto.tcl: Setting watchdog for 200 seconds at Sat Sep 01 02:02:05 UTC 2018
25 ms. Memory: 331264K Free: 308018K (93%)
ptolemy.util.test.WatchDog.cancel(): canceling Sat Sep 01 02:02:06 UTC 2018
auto.tcl: Setting watchdog for 200 seconds at Sat Sep 01 02:02:06 UTC 2018
17 ms. Memory: 331264K Free: 304074K (92%)
ptolemy.util.test.WatchDog.cancel(): canceling Sat Sep 01 02:02:06 UTC 2018
------------------ testing $PTII/ptolemy/domains/de/test/auto/Modal5.xml
auto.tcl: Setting watchdog for 200 seconds at Sat Sep 01 02:02:06 UTC 2018
12 ms. Memory: 331264K Free: 308005K (93%)
ptolemy.util.test.WatchDog.cancel(): canceling Sat Sep 01 02:02:06 UTC 2018
auto.tcl: Setting watchdog for 200 seconds at Sat Sep 01 02:02:06 UTC 2018
13 ms. Memory: 331264K Free: 304061K (92%)
ptolemy.util.test.WatchDog.cancel(): canceling Sat Sep 01 02:02:06 UTC 2018
------------------ testing $PTII/ptolemy/domains/de/test/auto/Modal6.xml
auto.tcl: Setting watchdog for 200 seconds at Sat Sep 01 02:02:06 UTC 2018
15 ms. Memory: 331264K Free: 308003K (93%)
ptolemy.util.test.WatchDog.cancel(): canceling Sat Sep 01 02:02:06 UTC 2018
auto.tcl: Setting watchdog for 200 seconds at Sat Sep 01 02:02:06 UTC 2018
12 ms. Memory: 331264K Free: 304058K (92%)
ptolemy.util.test.WatchDog.cancel(): canceling Sat Sep 01 02:02:06 UTC 2018
------------------ testing $PTII/ptolemy/domains/de/test/auto/Modal7.xml
auto.tcl: Setting watchdog for 200 seconds at Sat Sep 01 02:02:06 UTC 2018
18 ms. Memory: 331264K Free: 308003K (93%)
ptolemy.util.test.WatchDog.cancel(): canceling Sat Sep 01 02:02:06 UTC 2018
auto.tcl: Setting watchdog for 200 seconds at Sat Sep 01 02:02:06 UTC 2018
11 ms. Memory: 331264K Free: 304058K (92%)
ptolemy.util.test.WatchDog.cancel(): canceling Sat Sep 01 02:02:06 UTC 2018
------------------ testing $PTII/ptolemy/domains/de/test/auto/ModalModel.xml
auto.tcl: Setting watchdog for 200 seconds at Sat Sep 01 02:02:06 UTC 2018
200 ms. Memory: 331264K Free: 244528K (74%)
ptolemy.util.test.WatchDog.cancel(): canceling Sat Sep 01 02:02:06 UTC 2018
auto.tcl: Setting watchdog for 200 seconds at Sat Sep 01 02:02:06 UTC 2018
188 ms. Memory: 331264K Free: 189308K (57%)
ptolemy.util.test.WatchDog.cancel(): canceling Sat Sep 01 02:02:06 UTC 2018
------------------ testing $PTII/ptolemy/domains/de/test/auto/ModalSource.xml
auto.tcl: Setting watchdog for 200 seconds at Sat Sep 01 02:02:06 UTC 2018
10 ms. Memory: 331264K Free: 314784K (95%)
ptolemy.util.test.WatchDog.cancel(): canceling Sat Sep 01 02:02:07 UTC 2018
auto.tcl: Setting watchdog for 200 seconds at Sat Sep 01 02:02:07 UTC 2018
7 ms. Memory: 331264K Free: 311271K (94%)
ptolemy.util.test.WatchDog.cancel(): canceling Sat Sep 01 02:02:07 UTC 2018
------------------ testing $PTII/ptolemy/domains/de/test/auto/NonInterruptibleTimerZeroDelay.xml
auto.tcl: Setting watchdog for 200 seconds at Sat Sep 01 02:02:07 UTC 2018
3 ms. Memory: 331264K Free: 319135K (96%)
ptolemy.util.test.WatchDog.cancel(): canceling Sat Sep 01 02:02:07 UTC 2018
auto.tcl: Setting watchdog for 200 seconds at Sat Sep 01 02:02:07 UTC 2018
2 ms. Memory: 331264K Free: 315622K (95%)
ptolemy.util.test.WatchDog.cancel(): canceling Sat Sep 01 02:02:07 UTC 2018
------------------ testing $PTII/ptolemy/domains/de/test/auto/OpenQueueingNetwork.xml
auto.tcl: Setting watchdog for 200 seconds at Sat Sep 01 02:02:07 UTC 2018
2611 ms. Memory: 573952K Free: 419568K (73%)
ptolemy.util.test.WatchDog.cancel(): canceling Sat Sep 01 02:02:09 UTC 2018
auto.tcl: Setting watchdog for 200 seconds at Sat Sep 01 02:02:09 UTC 2018
2369 ms. Memory: 550912K Free: 324427K (59%)
ptolemy.util.test.WatchDog.cancel(): canceling Sat Sep 01 02:02:12 UTC 2018
------------------ testing $PTII/ptolemy/domains/de/test/auto/OpenQueuingNetwork.xml
auto.tcl: Setting watchdog for 200 seconds at Sat Sep 01 02:02:12 UTC 2018
248 ms. Memory: 549888K Free: 434366K (79%)
ptolemy.util.test.WatchDog.cancel(): canceling Sat Sep 01 02:02:12 UTC 2018
auto.tcl: Setting watchdog for 200 seconds at Sat Sep 01 02:02:12 UTC 2018
235 ms. Memory: 549888K Free: 374291K (68%)
ptolemy.util.test.WatchDog.cancel(): canceling Sat Sep 01 02:02:12 UTC 2018
------------------ testing $PTII/ptolemy/domains/de/test/auto/PeriodicSampler.xml
auto.tcl: Setting watchdog for 200 seconds at Sat Sep 01 02:02:12 UTC 2018
6 ms. Memory: 551936K Free: 535022K (97%)
ptolemy.util.test.WatchDog.cancel(): canceling Sat Sep 01 02:02:13 UTC 2018
auto.tcl: Setting watchdog for 200 seconds at Sat Sep 01 02:02:13 UTC 2018
1 ms. Memory: 551936K Free: 535022K (97%)
ptolemy.util.test.WatchDog.cancel(): canceling Sat Sep 01 02:02:13 UTC 2018
------------------ testing $PTII/ptolemy/domains/de/test/auto/PersistentIO.xml
auto.tcl: Setting watchdog for 200 seconds at Sat Sep 01 02:02:13 UTC 2018
10 ms. Memory: 549376K Free: 522905K (95%)
ptolemy.util.test.WatchDog.cancel(): canceling Sat Sep 01 02:02:13 UTC 2018
auto.tcl: Setting watchdog for 200 seconds at Sat Sep 01 02:02:13 UTC 2018
4 ms. Memory: 549376K Free: 522905K (95%)
ptolemy.util.test.WatchDog.cancel(): canceling Sat Sep 01 02:02:13 UTC 2018
------------------ testing $PTII/ptolemy/domains/de/test/auto/PortParameterResetOnInitialize.xml
auto.tcl: Setting watchdog for 200 seconds at Sat Sep 01 02:02:13 UTC 2018
3 ms. Memory: 551424K Free: 530062K (96%)
ptolemy.util.test.WatchDog.cancel(): canceling Sat Sep 01 02:02:13 UTC 2018
auto.tcl: Setting watchdog for 200 seconds at Sat Sep 01 02:02:13 UTC 2018
2 ms. Memory: 551424K Free: 530062K (96%)
ptolemy.util.test.WatchDog.cancel(): canceling Sat Sep 01 02:02:13 UTC 2018
------------------ testing $PTII/ptolemy/domains/de/test/auto/PortParameterUpdates.xml
auto.tcl: Setting watchdog for 200 seconds at Sat Sep 01 02:02:13 UTC 2018
6 ms. Memory: 549376K Free: 533056K (97%)
ptolemy.util.test.WatchDog.cancel(): canceling Sat Sep 01 02:02:13 UTC 2018
auto.tcl: Setting watchdog for 200 seconds at Sat Sep 01 02:02:13 UTC 2018
4 ms. Memory: 549376K Free: 527595K (96%)
ptolemy.util.test.WatchDog.cancel(): canceling Sat Sep 01 02:02:13 UTC 2018
------------------ testing $PTII/ptolemy/domains/de/test/auto/QueueAndServer.xml
auto.tcl: Setting watchdog for 200 seconds at Sat Sep 01 02:02:13 UTC 2018
12 ms. Memory: 551424K Free: 529590K (96%)
ptolemy.util.test.WatchDog.cancel(): canceling Sat Sep 01 02:02:13 UTC 2018
auto.tcl: Setting watchdog for 200 seconds at Sat Sep 01 02:02:13 UTC 2018
6 ms. Memory: 551424K Free: 529590K (96%)
ptolemy.util.test.WatchDog.cancel(): canceling Sat Sep 01 02:02:13 UTC 2018
------------------ testing $PTII/ptolemy/domains/de/test/auto/Records.xml
auto.tcl: Setting watchdog for 200 seconds at Sat Sep 01 02:02:13 UTC 2018
7 ms. Memory: 549376K Free: 528054K (96%)
ptolemy.util.test.WatchDog.cancel(): canceling Sat Sep 01 02:02:13 UTC 2018
auto.tcl: Setting watchdog for 200 seconds at Sat Sep 01 02:02:13 UTC 2018
2 ms. Memory: 549376K Free: 522592K (95%)
ptolemy.util.test.WatchDog.cancel(): canceling Sat Sep 01 02:02:13 UTC 2018
------------------ testing $PTII/ptolemy/domains/de/test/auto/ResetTransitionWithStartTime1.xml
auto.tcl: Setting watchdog for 200 seconds at Sat Sep 01 02:02:13 UTC 2018
8 ms. Memory: 551424K Free: 529559K (96%)
ptolemy.util.test.WatchDog.cancel(): canceling Sat Sep 01 02:02:13 UTC 2018
auto.tcl: Setting watchdog for 200 seconds at Sat Sep 01 02:02:13 UTC 2018
5 ms. Memory: 551424K Free: 529559K (96%)
ptolemy.util.test.WatchDog.cancel(): canceling Sat Sep 01 02:02:13 UTC 2018
------------------ testing $PTII/ptolemy/domains/de/test/auto/ResetTransitionWithStartTime2.xml
auto.tcl: Setting watchdog for 200 seconds at Sat Sep 01 02:02:13 UTC 2018
7 ms. Memory: 549376K Free: 522593K (95%)
ptolemy.util.test.WatchDog.cancel(): canceling Sat Sep 01 02:02:13 UTC 2018
auto.tcl: Setting watchdog for 200 seconds at Sat Sep 01 02:02:13 UTC 2018
5 ms. Memory: 549376K Free: 522593K (95%)
ptolemy.util.test.WatchDog.cancel(): canceling Sat Sep 01 02:02:13 UTC 2018
------------------ testing $PTII/ptolemy/domains/de/test/auto/ResetTransitionWithStartTime3.xml
auto.tcl: Setting watchdog for 200 seconds at Sat Sep 01 02:02:13 UTC 2018
8 ms. Memory: 550912K Free: 528807K (96%)
ptolemy.util.test.WatchDog.cancel(): canceling Sat Sep 01 02:02:13 UTC 2018
auto.tcl: Setting watchdog for 200 seconds at Sat Sep 01 02:02:13 UTC 2018
9 ms. Memory: 550912K Free: 528807K (96%)
ptolemy.util.test.WatchDog.cancel(): canceling Sat Sep 01 02:02:13 UTC 2018
------------------ testing $PTII/ptolemy/domains/de/test/auto/ResetTransitionWithStartTime4.xml
auto.tcl: Setting watchdog for 200 seconds at Sat Sep 01 02:02:13 UTC 2018
4 ms. Memory: 549376K Free: 527269K (96%)
ptolemy.util.test.WatchDog.cancel(): canceling Sat Sep 01 02:02:13 UTC 2018
auto.tcl: Setting watchdog for 200 seconds at Sat Sep 01 02:02:13 UTC 2018
3 ms. Memory: 549376K Free: 527269K (96%)
ptolemy.util.test.WatchDog.cancel(): canceling Sat Sep 01 02:02:13 UTC 2018
------------------ testing $PTII/ptolemy/domains/de/test/auto/ResettableTimer1.xml
auto.tcl: Setting watchdog for 200 seconds at Sat Sep 01 02:02:13 UTC 2018
2 ms. Memory: 550912K Free: 534278K (97%)
ptolemy.util.test.WatchDog.cancel(): canceling Sat Sep 01 02:02:13 UTC 2018
auto.tcl: Setting watchdog for 200 seconds at Sat Sep 01 02:02:13 UTC 2018
2 ms. Memory: 550912K Free: 534278K (97%)
ptolemy.util.test.WatchDog.cancel(): canceling Sat Sep 01 02:02:13 UTC 2018
------------------ testing $PTII/ptolemy/domains/de/test/auto/ResettableTimer2.xml
auto.tcl: Setting watchdog for 200 seconds at Sat Sep 01 02:02:13 UTC 2018
2 ms. Memory: 549376K Free: 533030K (97%)
ptolemy.util.test.WatchDog.cancel(): canceling Sat Sep 01 02:02:13 UTC 2018
auto.tcl: Setting watchdog for 200 seconds at Sat Sep 01 02:02:13 UTC 2018
2 ms. Memory: 549376K Free: 533030K (97%)
ptolemy.util.test.WatchDog.cancel(): canceling Sat Sep 01 02:02:13 UTC 2018
------------------ testing $PTII/ptolemy/domains/de/test/auto/ResettableTimer3.xml
auto.tcl: Setting watchdog for 200 seconds at Sat Sep 01 02:02:13 UTC 2018
2 ms. Memory: 550912K Free: 534336K (97%)
ptolemy.util.test.WatchDog.cancel(): canceling Sat Sep 01 02:02:13 UTC 2018
auto.tcl: Setting watchdog for 200 seconds at Sat Sep 01 02:02:13 UTC 2018
1 ms. Memory: 550912K Free: 534336K (97%)
ptolemy.util.test.WatchDog.cancel(): canceling Sat Sep 01 02:02:13 UTC 2018
------------------ testing $PTII/ptolemy/domains/de/test/auto/ResettableTimer4.xml
auto.tcl: Setting watchdog for 200 seconds at Sat Sep 01 02:02:14 UTC 2018
1 ms. Memory: 549376K Free: 533042K (97%)
ptolemy.util.test.WatchDog.cancel(): canceling Sat Sep 01 02:02:14 UTC 2018
auto.tcl: Setting watchdog for 200 seconds at Sat Sep 01 02:02:14 UTC 2018
1 ms. Memory: 549376K Free: 533042K (97%)
ptolemy.util.test.WatchDog.cancel(): canceling Sat Sep 01 02:02:14 UTC 2018
------------------ testing $PTII/ptolemy/domains/de/test/auto/ResettableTimer5.xml
auto.tcl: Setting watchdog for 200 seconds at Sat Sep 01 02:02:14 UTC 2018
1 ms. Memory: 550400K Free: 529385K (96%)
ptolemy.util.test.WatchDog.cancel(): canceling Sat Sep 01 02:02:14 UTC 2018
auto.tcl: Setting watchdog for 200 seconds at Sat Sep 01 02:02:14 UTC 2018
1 ms. Memory: 550400K Free: 529385K (96%)
ptolemy.util.test.WatchDog.cancel(): canceling Sat Sep 01 02:02:14 UTC 2018
------------------ testing $PTII/ptolemy/domains/de/test/auto/ResettableTimer6.xml
auto.tcl: Setting watchdog for 200 seconds at Sat Sep 01 02:02:14 UTC 2018
1 ms. Memory: 549376K Free: 528080K (96%)
ptolemy.util.test.WatchDog.cancel(): canceling Sat Sep 01 02:02:14 UTC 2018
auto.tcl: Setting watchdog for 200 seconds at Sat Sep 01 02:02:14 UTC 2018
1 ms. Memory: 549376K Free: 528080K (96%)
ptolemy.util.test.WatchDog.cancel(): canceling Sat Sep 01 02:02:14 UTC 2018
------------------ testing $PTII/ptolemy/domains/de/test/auto/ServerZeroDelay.xml
auto.tcl: Setting watchdog for 200 seconds at Sat Sep 01 02:02:14 UTC 2018
3 ms. Memory: 550400K Free: 534004K (97%)
ptolemy.util.test.WatchDog.cancel(): canceling Sat Sep 01 02:02:14 UTC 2018
auto.tcl: Setting watchdog for 200 seconds at Sat Sep 01 02:02:14 UTC 2018
2 ms. Memory: 550400K Free: 534004K (97%)
ptolemy.util.test.WatchDog.cancel(): canceling Sat Sep 01 02:02:14 UTC 2018
------------------ testing $PTII/ptolemy/domains/de/test/auto/SmartSender.xml
auto.tcl: Setting watchdog for 200 seconds at Sat Sep 01 02:02:14 UTC 2018
3002 ms. Memory: 549376K Free: 528296K (96%)
ptolemy.util.test.WatchDog.cancel(): canceling Sat Sep 01 02:02:17 UTC 2018
auto.tcl: Setting watchdog for 200 seconds at Sat Sep 01 02:02:17 UTC 2018
3001 ms. Memory: 549376K Free: 528296K (96%)
ptolemy.util.test.WatchDog.cancel(): canceling Sat Sep 01 02:02:20 UTC 2018
------------------ testing $PTII/ptolemy/domains/de/test/auto/ThreadedComposite.xml
auto.tcl: Setting watchdog for 200 seconds at Sat Sep 01 02:02:20 UTC 2018
213 ms. Memory: 550400K Free: 508806K (92%)
ptolemy.util.test.WatchDog.cancel(): canceling Sat Sep 01 02:02:20 UTC 2018
auto.tcl: Setting watchdog for 200 seconds at Sat Sep 01 02:02:20 UTC 2018
113 ms. Memory: 550400K Free: 493985K (90%)
ptolemy.util.test.WatchDog.cancel(): canceling Sat Sep 01 02:02:20 UTC 2018
------------------ testing $PTII/ptolemy/domains/de/test/auto/Time.xml
auto.tcl: Setting watchdog for 200 seconds at Sat Sep 01 02:02:20 UTC 2018
491 ms. Memory: 549376K Free: 480995K (88%)
ptolemy.util.test.WatchDog.cancel(): canceling Sat Sep 01 02:02:21 UTC 2018
auto.tcl: Setting watchdog for 200 seconds at Sat Sep 01 02:02:21 UTC 2018
422 ms. Memory: 549376K Free: 426381K (78%)
ptolemy.util.test.WatchDog.cancel(): canceling Sat Sep 01 02:02:21 UTC 2018
------------------ testing $PTII/ptolemy/domains/de/test/auto/TimeDelayZeroDelay.xml
auto.tcl: Setting watchdog for 200 seconds at Sat Sep 01 02:02:21 UTC 2018
2 ms. Memory: 550400K Free: 533693K (97%)
ptolemy.util.test.WatchDog.cancel(): canceling Sat Sep 01 02:02:21 UTC 2018
auto.tcl: Setting watchdog for 200 seconds at Sat Sep 01 02:02:21 UTC 2018
2 ms. Memory: 550400K Free: 533693K (97%)
ptolemy.util.test.WatchDog.cancel(): canceling Sat Sep 01 02:02:21 UTC 2018
------------------ testing $PTII/ptolemy/domains/de/test/auto/TimerZeroDelay.xml
auto.tcl: Setting watchdog for 200 seconds at Sat Sep 01 02:02:21 UTC 2018
4 ms. Memory: 549376K Free: 532942K (97%)
ptolemy.util.test.WatchDog.cancel(): canceling Sat Sep 01 02:02:21 UTC 2018
auto.tcl: Setting watchdog for 200 seconds at Sat Sep 01 02:02:21 UTC 2018
2 ms. Memory: 549376K Free: 532942K (97%)
ptolemy.util.test.WatchDog.cancel(): canceling Sat Sep 01 02:02:21 UTC 2018
------------------ testing $PTII/ptolemy/domains/de/test/auto/TimingParadox.xml
auto.tcl: Setting watchdog for 200 seconds at Sat Sep 01 02:02:21 UTC 2018
347 ms. Memory: 549888K Free: 467665K (85%)
ptolemy.util.test.WatchDog.cancel(): canceling Sat Sep 01 02:02:22 UTC 2018
auto.tcl: Setting watchdog for 200 seconds at Sat Sep 01 02:02:22 UTC 2018
345 ms. Memory: 549888K Free: 434896K (79%)
ptolemy.util.test.WatchDog.cancel(): canceling Sat Sep 01 02:02:22 UTC 2018
------------------ testing $PTII/ptolemy/domains/de/test/auto/TransferInputs.xml
auto.tcl: Setting watchdog for 200 seconds at Sat Sep 01 02:02:22 UTC 2018
2 ms. Memory: 549888K Free: 532358K (97%)
ptolemy.util.test.WatchDog.cancel(): canceling Sat Sep 01 02:02:22 UTC 2018
auto.tcl: Setting watchdog for 200 seconds at Sat Sep 01 02:02:22 UTC 2018
2 ms. Memory: 549888K Free: 532358K (97%)
ptolemy.util.test.WatchDog.cancel(): canceling Sat Sep 01 02:02:22 UTC 2018
------------------ testing $PTII/ptolemy/domains/de/test/auto/TransferOutputs2.xml
auto.tcl: Setting watchdog for 200 seconds at Sat Sep 01 02:02:22 UTC 2018
3 ms. Memory: 549376K Free: 522791K (95%)
ptolemy.util.test.WatchDog.cancel(): canceling Sat Sep 01 02:02:22 UTC 2018
auto.tcl: Setting watchdog for 200 seconds at Sat Sep 01 02:02:22 UTC 2018
3 ms. Memory: 549376K Free: 522791K (95%)
ptolemy.util.test.WatchDog.cancel(): canceling Sat Sep 01 02:02:22 UTC 2018
------------------ testing $PTII/ptolemy/domains/de/test/auto/Trilateration.xml
auto.tcl: Setting watchdog for 200 seconds at Sat Sep 01 02:02:22 UTC 2018
12940 ms. Memory: 453632K Free: 137509K (30%)
ptolemy.util.test.WatchDog.cancel(): canceling Sat Sep 01 02:02:36 UTC 2018
auto.tcl: Setting watchdog for 200 seconds at Sat Sep 01 02:02:36 UTC 2018
10397 ms. Memory: 331264K Free: 244034K (74%)
ptolemy.util.test.WatchDog.cancel(): canceling Sat Sep 01 02:02:47 UTC 2018
------------------ testing $PTII/ptolemy/domains/de/test/auto/TwoSigmaDelta.xml
auto.tcl: Setting watchdog for 200 seconds at Sat Sep 01 02:02:47 UTC 2018
2834 ms. Memory: 320000K Free: 256028K (80%)
ptolemy.util.test.WatchDog.cancel(): canceling Sat Sep 01 02:02:50 UTC 2018
auto.tcl: Setting watchdog for 200 seconds at Sat Sep 01 02:02:50 UTC 2018
2146 ms. Memory: 307712K Free: 243154K (79%)
ptolemy.util.test.WatchDog.cancel(): canceling Sat Sep 01 02:02:52 UTC 2018
------------------ testing $PTII/ptolemy/domains/de/test/auto/VariableDelay.xml
auto.tcl: Setting watchdog for 200 seconds at Sat Sep 01 02:02:52 UTC 2018
2 ms. Memory: 309760K Free: 291875K (94%)
ptolemy.util.test.WatchDog.cancel(): canceling Sat Sep 01 02:02:52 UTC 2018
auto.tcl: Setting watchdog for 200 seconds at Sat Sep 01 02:02:52 UTC 2018
2 ms. Memory: 309760K Free: 291875K (94%)
ptolemy.util.test.WatchDog.cancel(): canceling Sat Sep 01 02:02:52 UTC 2018
------------------ testing $PTII/ptolemy/domains/de/test/auto/VariableDelay2.xml
auto.tcl: Setting watchdog for 200 seconds at Sat Sep 01 02:02:52 UTC 2018
7 ms. Memory: 307712K Free: 292488K (95%)
ptolemy.util.test.WatchDog.cancel(): canceling Sat Sep 01 02:02:52 UTC 2018
auto.tcl: Setting watchdog for 200 seconds at Sat Sep 01 02:02:52 UTC 2018
2 ms. Memory: 307712K Free: 292488K (95%)
ptolemy.util.test.WatchDog.cancel(): canceling Sat Sep 01 02:02:52 UTC 2018
------------------ testing $PTII/ptolemy/domains/de/test/auto/VariableDelayZeroDelay.xml
auto.tcl: Setting watchdog for 200 seconds at Sat Sep 01 02:02:52 UTC 2018
2 ms. Memory: 309248K Free: 297305K (96%)
ptolemy.util.test.WatchDog.cancel(): canceling Sat Sep 01 02:02:52 UTC 2018
auto.tcl: Setting watchdog for 200 seconds at Sat Sep 01 02:02:52 UTC 2018
2 ms. Memory: 309248K Free: 294039K (95%)
ptolemy.util.test.WatchDog.cancel(): canceling Sat Sep 01 02:02:52 UTC 2018
------------------ testing $PTII/ptolemy/domains/de/test/auto/VariableDelayZeroDelay2.xml
auto.tcl: Setting watchdog for 200 seconds at Sat Sep 01 02:02:52 UTC 2018
1 ms. Memory: 307712K Free: 290230K (94%)
ptolemy.util.test.WatchDog.cancel(): canceling Sat Sep 01 02:02:52 UTC 2018
auto.tcl: Setting watchdog for 200 seconds at Sat Sep 01 02:02:52 UTC 2018
2 ms. Memory: 307712K Free: 290230K (94%)
ptolemy.util.test.WatchDog.cancel(): canceling Sat Sep 01 02:02:52 UTC 2018
------------------ testing $PTII/ptolemy/domains/de/test/auto/deInCt.xml
auto.tcl: Setting watchdog for 200 seconds at Sat Sep 01 02:02:52 UTC 2018
0
1
1
1
0
0
0
1
1
1
1
0
0
0
0
0
0
1
1
1
0
0
0
1
1
0
0
0
0
1
1
1
1
6 ms. Memory: 309248K Free: 291780K (94%)
ptolemy.util.test.WatchDog.cancel(): canceling Sat Sep 01 02:02:52 UTC 2018
auto.tcl: Setting watchdog for 200 seconds at Sat Sep 01 02:02:52 UTC 2018
0
1
1
1
0
0
0
1
1
1
1
0
0
0
1
1
1
1
1
0
0
0
1
1
1
0
0
0
1
1
1
0
0
0
0
1
1
1
1
1
5 ms. Memory: 309248K Free: 291780K (94%)
ptolemy.util.test.WatchDog.cancel(): canceling Sat Sep 01 02:02:52 UTC 2018
------------------ testing $PTII/ptolemy/domains/de/test/auto/deInCt2.xml
auto.tcl: Setting watchdog for 200 seconds at Sat Sep 01 02:02:52 UTC 2018
0
1
1
1
0
0
1
1
1
0
0
1
1
1
0
0
1
1
1
0
0
1
1
1
0
0
1
1
1
0
0
1
1
1
0
0
1
1
1
0
0
0
10 ms. Memory: 307712K Free: 290235K (94%)
ptolemy.util.test.WatchDog.cancel(): canceling Sat Sep 01 02:02:52 UTC 2018
auto.tcl: Setting watchdog for 200 seconds at Sat Sep 01 02:02:52 UTC 2018
0
1
1
1
0
0
1
1
1
0
0
1
1
1
0
0
1
1
1
0
0
1
1
1
0
0
1
1
1
0
0
1
1
1
0
0
1
1
1
0
0
0
10 ms. Memory: 307712K Free: 290235K (94%)
ptolemy.util.test.WatchDog.cancel(): canceling Sat Sep 01 02:02:52 UTC 2018
------------------ testing $PTII/ptolemy/domains/de/test/auto/dynamicCausalityInterface1.xml
auto.tcl: Setting watchdog for 200 seconds at Sat Sep 01 02:02:53 UTC 2018
2 ms. Memory: 308736K Free: 287988K (93%)
ptolemy.util.test.WatchDog.cancel(): canceling Sat Sep 01 02:02:53 UTC 2018
auto.tcl: Setting watchdog for 200 seconds at Sat Sep 01 02:02:53 UTC 2018
1 ms. Memory: 308736K Free: 284730K (92%)
ptolemy.util.test.WatchDog.cancel(): canceling Sat Sep 01 02:02:53 UTC 2018
------------------ testing $PTII/ptolemy/domains/de/test/auto/fsm_de_test.xml
auto.tcl: Setting watchdog for 200 seconds at Sat Sep 01 02:02:53 UTC 2018
9 ms. Memory: 307712K Free: 286859K (93%)
ptolemy.util.test.WatchDog.cancel(): canceling Sat Sep 01 02:02:53 UTC 2018
auto.tcl: Setting watchdog for 200 seconds at Sat Sep 01 02:02:53 UTC 2018
7 ms. Memory: 307712K Free: 283585K (92%)
ptolemy.util.test.WatchDog.cancel(): canceling Sat Sep 01 02:02:53 UTC 2018
------------------ testing $PTII/ptolemy/domains/de/test/auto/functionDependencyReconstruction.xml
auto.tcl: Setting watchdog for 200 seconds at Sat Sep 01 02:02:53 UTC 2018
3 ms. Memory: 308736K Free: 281359K (91%)
ptolemy.util.test.WatchDog.cancel(): canceling Sat Sep 01 02:02:53 UTC 2018
auto.tcl: Setting watchdog for 200 seconds at Sat Sep 01 02:02:53 UTC 2018
2 ms. Memory: 308736K Free: 278085K (90%)
ptolemy.util.test.WatchDog.cancel(): canceling Sat Sep 01 02:02:53 UTC 2018
------------------ testing $PTII/ptolemy/domains/de/test/auto/multirate.xml
auto.tcl: Setting watchdog for 200 seconds at Sat Sep 01 02:02:53 UTC 2018
4 ms. Memory: 307712K Free: 289975K (94%)
ptolemy.util.test.WatchDog.cancel(): canceling Sat Sep 01 02:02:53 UTC 2018
auto.tcl: Setting watchdog for 200 seconds at Sat Sep 01 02:02:53 UTC 2018
3 ms. Memory: 307712K Free: 286702K (93%)
ptolemy.util.test.WatchDog.cancel(): canceling Sat Sep 01 02:02:53 UTC 2018
------------------ testing $PTII/ptolemy/domains/de/test/auto/multirate2.xml
auto.tcl: Setting watchdog for 200 seconds at Sat Sep 01 02:02:53 UTC 2018
5 ms. Memory: 308736K Free: 293458K (95%)
ptolemy.util.test.WatchDog.cancel(): canceling Sat Sep 01 02:02:53 UTC 2018
auto.tcl: Setting watchdog for 200 seconds at Sat Sep 01 02:02:53 UTC 2018
3 ms. Memory: 308736K Free: 290184K (94%)
ptolemy.util.test.WatchDog.cancel(): canceling Sat Sep 01 02:02:53 UTC 2018
------------------ testing $PTII/ptolemy/domains/de/test/auto/realtime.xml
auto.tcl: Setting watchdog for 200 seconds at Sat Sep 01 02:02:53 UTC 2018
10001 ms. Memory: 307712K Free: 290177K (94%)
ptolemy.util.test.WatchDog.cancel(): canceling Sat Sep 01 02:03:03 UTC 2018
auto.tcl: Setting watchdog for 200 seconds at Sat Sep 01 02:03:03 UTC 2018
10001 ms. Memory: 307712K Free: 290177K (94%)
ptolemy.util.test.WatchDog.cancel(): canceling Sat Sep 01 02:03:13 UTC 2018
------------------ testing $PTII/ptolemy/domains/de/test/auto/relationGroup.xml
auto.tcl: Setting watchdog for 200 seconds at Sat Sep 01 02:03:13 UTC 2018
2 ms. Memory: 308224K Free: 296243K (96%)
ptolemy.util.test.WatchDog.cancel(): canceling Sat Sep 01 02:03:13 UTC 2018
auto.tcl: Setting watchdog for 200 seconds at Sat Sep 01 02:03:13 UTC 2018
1 ms. Memory: 308224K Free: 292986K (95%)
ptolemy.util.test.WatchDog.cancel(): canceling Sat Sep 01 02:03:13 UTC 2018
------------------ testing $PTII/ptolemy/domains/de/test/auto/relationGroup2.xml
auto.tcl: Setting watchdog for 200 seconds at Sat Sep 01 02:03:13 UTC 2018
2 ms. Memory: 307712K Free: 293495K (95%)
ptolemy.util.test.WatchDog.cancel(): canceling Sat Sep 01 02:03:13 UTC 2018
auto.tcl: Setting watchdog for 200 seconds at Sat Sep 01 02:03:13 UTC 2018
1 ms. Memory: 307712K Free: 293495K (95%)
ptolemy.util.test.WatchDog.cancel(): canceling Sat Sep 01 02:03:13 UTC 2018
------------------ testing $PTII/ptolemy/domains/de/test/auto/sortWithOpaquePorts.xml
auto.tcl: Setting watchdog for 200 seconds at Sat Sep 01 02:03:13 UTC 2018
1 ms. Memory: 308224K Free: 290751K (94%)
ptolemy.util.test.WatchDog.cancel(): canceling Sat Sep 01 02:03:13 UTC 2018
auto.tcl: Setting watchdog for 200 seconds at Sat Sep 01 02:03:13 UTC 2018
2 ms. Memory: 308224K Free: 290751K (94%)
ptolemy.util.test.WatchDog.cancel(): canceling Sat Sep 01 02:03:13 UTC 2018
------------------ testing $PTII/ptolemy/domains/de/test/auto/transferInputsandOutputs.xml
auto.tcl: Setting watchdog for 200 seconds at Sat Sep 01 02:03:13 UTC 2018
2 ms. Memory: 307712K Free: 290209K (94%)
ptolemy.util.test.WatchDog.cancel(): canceling Sat Sep 01 02:03:13 UTC 2018
auto.tcl: Setting watchdog for 200 seconds at Sat Sep 01 02:03:13 UTC 2018
2 ms. Memory: 307712K Free: 286952K (93%)
ptolemy.util.test.WatchDog.cancel(): canceling Sat Sep 01 02:03:13 UTC 2018
------------------ testing $PTII/ptolemy/domains/de/test/auto/triggerType.xml
auto.tcl: Setting watchdog for 200 seconds at Sat Sep 01 02:03:13 UTC 2018
1 ms. Memory: 308224K Free: 290672K (94%)
ptolemy.util.test.WatchDog.cancel(): canceling Sat Sep 01 02:03:13 UTC 2018
auto.tcl: Setting watchdog for 200 seconds at Sat Sep 01 02:03:13 UTC 2018
1 ms. Memory: 308224K Free: 290672K (94%)
ptolemy.util.test.WatchDog.cancel(): canceling Sat Sep 01 02:03:13 UTC 2018
09/01/18 02:03:13
Failed: 0  Total Tests: 192  ((Passed: 187, Newly Passed: 1)  Known Failed: 5) /home/travis/build/icyphy/ptII/ptolemy/domains/de/test
09/01/18 02:03:13
Failed: 0  Total Tests: 192  ((Passed: 187, Newly Passed: 1)  Known Failed: 5) /home/travis/build/icyphy/ptII/ptolemy/domains/de/test
----------------- testing (KnownFailure) /home/travis/build/icyphy/ptII/ptolemy/domains/de/test/auto/knownFailedTests/DESDFClockTest.xml
2008 ms. Memory: 307712K Free: 284419K (92%)
Known Failure: java.lang.reflect.InvocationTargetException
----------------- testing (KnownFailure) /home/travis/build/icyphy/ptII/ptolemy/domains/de/test/auto/knownFailedTests/DirectFeedback.xml
1 ms. Memory: 307712K Free: 266306K (87%)
Known Failure: java.lang.reflect.InvocationTargetException
----------------- testing (KnownFailure) /home/travis/build/icyphy/ptII/ptolemy/domains/de/test/auto/knownFailedTests/FSMSource.xml
5 ms. Memory: 307712K Free: 243659K (79%)
----------------- testing (KnownFailure) /home/travis/build/icyphy/ptII/ptolemy/domains/de/test/auto/knownFailedTests/HierarchicalModel.xml
1 ms. Memory: 307712K Free: 220997K (72%)
Known Failure: java.lang.reflect.InvocationTargetException
----------------- testing (KnownFailure) /home/travis/build/icyphy/ptII/ptolemy/domains/de/test/auto/knownFailedTests/dependencyLoop.xml
1 ms. Memory: 307712K Free: 189282K (62%)
Known Failure: java.lang.reflect.InvocationTargetException
----------------- testing (KnownFailure) /home/travis/build/icyphy/ptII/ptolemy/domains/de/test/auto/knownFailedTests/dependencyLoop2.xml
1 ms. Memory: 307712K Free: 157567K (51%)
Known Failure: java.lang.reflect.InvocationTargetException
No auto/linux-amd64/*.xml tests in /home/travis/build/icyphy/ptII/ptolemy/domains/de/test
AutoTests.java: About to close Vertx.
AutoTests.java: Vertx closed.

===========================================================================================
----------------- testing Sat Sep 01 02:03:15 UTC 2018 /home/travis/build/icyphy/ptII/ptolemy/domains/de/test/auto/ActorDepthCalculation_actorWithoutPorts.xml
----------------- Instantiating /home/travis/build/icyphy/ptII/ptolemy/domains/de/test/auto/ActorDepthCalculation_actorWithoutPorts.xml
1 ms. Memory: 307712K Free: 130394K (42%)
----------------- Invoking toplevel() on ptolemy.moml.MoMLSimpleApplication@3cf52678
----------------- Done invoking toplevel() on ptolemy.moml.MoMLSimpleApplication@3cf52678
reloadAllAccessors: .ActorDepthCalculation_actorWithoutPorts

===========================================================================================
----------------- testing Sat Sep 01 02:03:16 UTC 2018 /home/travis/build/icyphy/ptII/ptolemy/domains/de/test/auto/AssemblyLine.xml
----------------- Instantiating /home/travis/build/icyphy/ptII/ptolemy/domains/de/test/auto/AssemblyLine.xml
2 ms. Memory: 307712K Free: 116816K (38%)
----------------- Invoking toplevel() on ptolemy.moml.MoMLSimpleApplication@3ad43b4f
----------------- Done invoking toplevel() on ptolemy.moml.MoMLSimpleApplication@3ad43b4f
reloadAllAccessors: .AssemblyLine

===========================================================================================
----------------- testing Sat Sep 01 02:03:16 UTC 2018 /home/travis/build/icyphy/ptII/ptolemy/domains/de/test/auto/CQBug1.xml
----------------- Instantiating /home/travis/build/icyphy/ptII/ptolemy/domains/de/test/auto/CQBug1.xml
1 ms. Memory: 307712K Free: 107763K (35%)
----------------- Invoking toplevel() on ptolemy.moml.MoMLSimpleApplication@7746685e
----------------- Done invoking toplevel() on ptolemy.moml.MoMLSimpleApplication@7746685e
reloadAllAccessors: .CQBug1

===========================================================================================
----------------- testing Sat Sep 01 02:03:16 UTC 2018 /home/travis/build/icyphy/ptII/ptolemy/domains/de/test/auto/CancelFireAt.xml
----------------- Instantiating /home/travis/build/icyphy/ptII/ptolemy/domains/de/test/auto/CancelFireAt.xml
1 ms. Memory: 307712K Free: 98711K (32%)
----------------- Invoking toplevel() on ptolemy.moml.MoMLSimpleApplication@2ffa38e
----------------- Done invoking toplevel() on ptolemy.moml.MoMLSimpleApplication@2ffa38e
reloadAllAccessors: .CancelFireAt

===========================================================================================
----------------- testing Sat Sep 01 02:03:16 UTC 2018 /home/travis/build/icyphy/ptII/ptolemy/domains/de/test/auto/CausalityAndComposabilityAnalysis.xml
----------------- Instantiating /home/travis/build/icyphy/ptII/ptolemy/domains/de/test/auto/CausalityAndComposabilityAnalysis.xml
1 ms. Memory: 307712K Free: 89659K (29%)
----------------- Invoking toplevel() on ptolemy.moml.MoMLSimpleApplication@2785fa9b
----------------- Done invoking toplevel() on ptolemy.moml.MoMLSimpleApplication@2785fa9b
reloadAllAccessors: .CausalityAndComposabilityAnalysis

===========================================================================================
----------------- testing Sat Sep 01 02:03:16 UTC 2018 /home/travis/build/icyphy/ptII/ptolemy/domains/de/test/auto/CausalityInterface1.xml
----------------- Instantiating /home/travis/build/icyphy/ptII/ptolemy/domains/de/test/auto/CausalityInterface1.xml
3 ms. Memory: 307712K Free: 77349K (25%)
----------------- Invoking toplevel() on ptolemy.moml.MoMLSimpleApplication@1d2ab72f
----------------- Done invoking toplevel() on ptolemy.moml.MoMLSimpleApplication@1d2ab72f
reloadAllAccessors: .CausalityInterface1

===========================================================================================
----------------- testing Sat Sep 01 02:03:16 UTC 2018 /home/travis/build/icyphy/ptII/ptolemy/domains/de/test/auto/CausalityInterface15.xml
----------------- Instantiating /home/travis/build/icyphy/ptII/ptolemy/domains/de/test/auto/CausalityInterface15.xml
1 ms. Memory: 298496K Free: 285046K (95%)
----------------- Invoking toplevel() on ptolemy.moml.MoMLSimpleApplication@4d1c8f0a
----------------- Done invoking toplevel() on ptolemy.moml.MoMLSimpleApplication@4d1c8f0a
reloadAllAccessors: .CausalityInterface15

[...]
java.lang.RuntimeException: Execution failed
	at ptolemy.moml.MoMLSimpleApplication$UnloadThread.run(MoMLSimpleApplication.java:402)
Caused by: ptolemy.kernel.util.IllegalActionException: Test fails in iteration 1.
Value was: 1.0. Should have been: 2.0
  in .DirectFeedback.Test
	at ptolemy.actor.lib.Test.fire(Test.java:268)
	at ptolemy.domains.de.kernel.DEDirector._fire(DEDirector.java:1949)
	at ptolemy.domains.de.kernel.DEDirector.fire(DEDirector.java:502)
	at ptolemy.actor.CompositeActor.fire(CompositeActor.java:455)
	at ptolemy.actor.Manager.iterate(Manager.java:851)
	at ptolemy.actor.Manager.execute(Manager.java:369)
	at ptolemy.actor.Manager.run(Manager.java:1263)
	at ptolemy.actor.Manager$PtolemyRunThread.run(Manager.java:1915)
java.lang.RuntimeException: Execution failed
	at ptolemy.moml.MoMLSimpleApplication$UnloadThread.run(MoMLSimpleApplication.java:402)
Caused by: ptolemy.kernel.util.IllegalActionException: Actor is not ready to fire.  Perhaps UpSample.prefire() returned false? Try debugging the actor by selecting "Listen to Actor".  Also, for SDF check moml for tokenConsumptionRate on input.
  in .DESDFClockTest.Play Bell.Copy1:SDF Director and .DESDFClockTest.Play Bell.UpSample
	at ptolemy.actor.sched.StaticSchedulingDirector.fire(StaticSchedulingDirector.java:227)
	at ptolemy.domains.sdf.kernel.SDFDirector.fire(SDFDirector.java:500)
	at ptolemy.actor.CompositeActor.fire(CompositeActor.java:455)
	at ptolemy.domains.de.kernel.DEDirector._fire(DEDirector.java:1949)
	at ptolemy.domains.de.kernel.DEDirector.fire(DEDirector.java:502)
	at ptolemy.actor.CompositeActor.fire(CompositeActor.java:455)
	at ptolemy.actor.Manager.iterate(Manager.java:851)
	at ptolemy.actor.Manager.execute(Manager.java:369)
	at ptolemy.actor.Manager.run(Manager.java:1263)
	at ptolemy.actor.Manager$PtolemyRunThread.run(Manager.java:1915)
java.lang.reflect.InvocationTargetException
	at sun.reflect.NativeConstructorAccessorImpl.newInstance0(Native Method)
	at sun.reflect.NativeConstructorAccessorImpl.newInstance(NativeConstructorAccessorImpl.java:62)
	at sun.reflect.DelegatingConstructorAccessorImpl.newInstance(DelegatingConstructorAccessorImpl.java:45)
	at java.lang.reflect.Constructor.newInstance(Constructor.java:423)
	at ptolemy.util.test.junit.AutoKnownFailedTests.RunModel(AutoKnownFailedTests.java:107)
	at sun.reflect.NativeMethodAccessorImpl.invoke0(Native Method)
	at sun.reflect.NativeMethodAccessorImpl.invoke(NativeMethodAccessorImpl.java:62)
	at sun.reflect.DelegatingMethodAccessorImpl.invoke(DelegatingMethodAccessorImpl.java:43)
	at java.lang.reflect.Method.invoke(Method.java:498)
	at org.junit.runners.model.FrameworkMethod$1.runReflectiveCall(FrameworkMethod.java:44)
	at org.junit.internal.runners.model.ReflectiveCallable.run(ReflectiveCallable.java:15)
	at org.junit.runners.model.FrameworkMethod.invokeExplosively(FrameworkMethod.java:41)
	at junitparams.internal.InvokeParameterisedMethod.evaluate(InvokeParameterisedMethod.java:102)
	at org.junit.internal.runners.statements.FailOnTimeout$1.run(FailOnTimeout.java:28)
Caused by: ptolemy.kernel.util.IllegalActionException: Actor is not ready to fire.  Perhaps UpSample.prefire() returned false? Try debugging the actor by selecting "Listen to Actor".  Also, for SDF check moml for tokenConsumptionRate on input.
  in .DESDFClockTest.Play Bell.Copy1:SDF Director and .DESDFClockTest.Play Bell.UpSample
	at ptolemy.actor.sched.StaticSchedulingDirector.fire(StaticSchedulingDirector.java:227)
	at ptolemy.domains.sdf.kernel.SDFDirector.fire(SDFDirector.java:500)
	at ptolemy.actor.CompositeActor.fire(CompositeActor.java:455)
	at ptolemy.domains.de.kernel.DEDirector._fire(DEDirector.java:1949)
	at ptolemy.domains.de.kernel.DEDirector.fire(DEDirector.java:502)
	at ptolemy.actor.CompositeActor.fire(CompositeActor.java:455)
	at ptolemy.actor.Manager.iterate(Manager.java:851)
	at ptolemy.actor.Manager.execute(Manager.java:369)
	at ptolemy.actor.Manager.run(Manager.java:1263)
	at ptolemy.actor.Manager$PtolemyRunThread.run(Manager.java:1915)
java.lang.RuntimeException: Execution failed
	at ptolemy.moml.MoMLSimpleApplication$UnloadThread.run(MoMLSimpleApplication.java:402)
Caused by: ptolemy.kernel.util.IllegalActionException: Test fails in iteration 1.
Value was: 1.0. Should have been: 2.0
  in .DirectFeedback.Test
	at ptolemy.actor.lib.Test.fire(Test.java:268)
	at ptolemy.domains.de.kernel.DEDirector._fire(DEDirector.java:1949)
	at ptolemy.domains.de.kernel.DEDirector.fire(DEDirector.java:502)
	at ptolemy.actor.CompositeActor.fire(CompositeActor.java:455)
	at ptolemy.actor.Manager.iterate(Manager.java:851)
	at ptolemy.actor.Manager.execute(Manager.java:369)
	at ptolemy.actor.Manager.run(Manager.java:1263)
	at ptolemy.actor.Manager$PtolemyRunThread.run(Manager.java:1915)
java.lang.reflect.InvocationTargetException
	at sun.reflect.NativeConstructorAccessorImpl.newInstance0(Native Method)
	at sun.reflect.NativeConstructorAccessorImpl.newInstance(NativeConstructorAccessorImpl.java:62)
	at sun.reflect.DelegatingConstructorAccessorImpl.newInstance(DelegatingConstructorAccessorImpl.java:45)
	at java.lang.reflect.Constructor.newInstance(Constructor.java:423)
	at ptolemy.util.test.junit.AutoKnownFailedTests.RunModel(AutoKnownFailedTests.java:107)
	at sun.reflect.NativeMethodAccessorImpl.invoke0(Native Method)
	at sun.reflect.NativeMethodAccessorImpl.invoke(NativeMethodAccessorImpl.java:62)
	at sun.reflect.DelegatingMethodAccessorImpl.invoke(DelegatingMethodAccessorImpl.java:43)
	at java.lang.reflect.Method.invoke(Method.java:498)
	at org.junit.runners.model.FrameworkMethod$1.runReflectiveCall(FrameworkMethod.java:44)
	at org.junit.internal.runners.model.ReflectiveCallable.run(ReflectiveCallable.java:15)
	at org.junit.runners.model.FrameworkMethod.invokeExplosively(FrameworkMethod.java:41)
	at junitparams.internal.InvokeParameterisedMethod.evaluate(InvokeParameterisedMethod.java:102)
	at org.junit.internal.runners.statements.FailOnTimeout$1.run(FailOnTimeout.java:28)
Caused by: ptolemy.kernel.util.IllegalActionException: Test fails in iteration 1.
Value was: 1.0. Should have been: 2.0
  in .DirectFeedback.Test
	at ptolemy.actor.lib.Test.fire(Test.java:268)
	at ptolemy.domains.de.kernel.DEDirector._fire(DEDirector.java:1949)
	at ptolemy.domains.de.kernel.DEDirector.fire(DEDirector.java:502)
	at ptolemy.actor.CompositeActor.fire(CompositeActor.java:455)
	at ptolemy.actor.Manager.iterate(Manager.java:851)
	at ptolemy.actor.Manager.execute(Manager.java:369)
	at ptolemy.actor.Manager.run(Manager.java:1263)
	at ptolemy.actor.Manager$PtolemyRunThread.run(Manager.java:1915)
java.lang.RuntimeException: Execution failed
	at ptolemy.moml.MoMLSimpleApplication$UnloadThread.run(MoMLSimpleApplication.java:402)
Caused by: ptolemy.kernel.util.IllegalActionException: Found a zero delay loop containing .HierarchicalModel.A
  in .HierarchicalModel and .HierarchicalModel.A
	at ptolemy.actor.util.CausalityInterfaceForComposites._computeOutputPortDepth(CausalityInterfaceForComposites.java:759)
	at ptolemy.actor.util.CausalityInterfaceForComposites._computeInputDepth(CausalityInterfaceForComposites.java:696)
	at ptolemy.actor.util.CausalityInterfaceForComposites._computeOutputPortDepth(CausalityInterfaceForComposites.java:765)
	at ptolemy.actor.util.CausalityInterfaceForComposites._computeInputDepth(CausalityInterfaceForComposites.java:696)
	at ptolemy.actor.util.CausalityInterfaceForComposites._computeOutputPortDepth(CausalityInterfaceForComposites.java:765)
	at ptolemy.actor.util.CausalityInterfaceForComposites._computeInputDepth(CausalityInterfaceForComposites.java:696)
	at ptolemy.actor.util.CausalityInterfaceForComposites._computeActorDepth(CausalityInterfaceForComposites.java:532)
	at ptolemy.actor.util.CausalityInterfaceForComposites.checkForCycles(CausalityInterfaceForComposites.java:96)
	at ptolemy.domains.de.kernel.DEDirector.preinitialize(DEDirector.java:1338)
	at ptolemy.actor.CompositeActor.preinitialize(CompositeActor.java:1828)
	at ptolemy.actor.Manager.preinitializeAndResolveTypes(Manager.java:1040)
	at ptolemy.actor.Manager.initialize(Manager.java:710)
	at ptolemy.actor.Manager.execute(Manager.java:356)
	at ptolemy.actor.Manager.run(Manager.java:1263)
	at ptolemy.actor.Manager$PtolemyRunThread.run(Manager.java:1915)
java.lang.reflect.InvocationTargetException
	at sun.reflect.NativeConstructorAccessorImpl.newInstance0(Native Method)
	at sun.reflect.NativeConstructorAccessorImpl.newInstance(NativeConstructorAccessorImpl.java:62)
	at sun.reflect.DelegatingConstructorAccessorImpl.newInstance(DelegatingConstructorAccessorImpl.java:45)
	at java.lang.reflect.Constructor.newInstance(Constructor.java:423)
	at ptolemy.util.test.junit.AutoKnownFailedTests.RunModel(AutoKnownFailedTests.java:107)
	at sun.reflect.NativeMethodAccessorImpl.invoke0(Native Method)
	at sun.reflect.NativeMethodAccessorImpl.invoke(NativeMethodAccessorImpl.java:62)
	at sun.reflect.DelegatingMethodAccessorImpl.invoke(DelegatingMethodAccessorImpl.java:43)
	at java.lang.reflect.Method.invoke(Method.java:498)
	at org.junit.runners.model.FrameworkMethod$1.runReflectiveCall(FrameworkMethod.java:44)
	at org.junit.internal.runners.model.ReflectiveCallable.run(ReflectiveCallable.java:15)
	at org.junit.runners.model.FrameworkMethod.invokeExplosively(FrameworkMethod.java:41)
	at junitparams.internal.InvokeParameterisedMethod.evaluate(InvokeParameterisedMethod.java:102)
	at org.junit.internal.runners.statements.FailOnTimeout$1.run(FailOnTimeout.java:28)
Caused by: ptolemy.kernel.util.IllegalActionException: Found a zero delay loop containing .HierarchicalModel.A
  in .HierarchicalModel and .HierarchicalModel.A
	at ptolemy.actor.util.CausalityInterfaceForComposites._computeOutputPortDepth(CausalityInterfaceForComposites.java:759)
	at ptolemy.actor.util.CausalityInterfaceForComposites._computeInputDepth(CausalityInterfaceForComposites.java:696)
	at ptolemy.actor.util.CausalityInterfaceForComposites._computeOutputPortDepth(CausalityInterfaceForComposites.java:765)
	at ptolemy.actor.util.CausalityInterfaceForComposites._computeInputDepth(CausalityInterfaceForComposites.java:696)
	at ptolemy.actor.util.CausalityInterfaceForComposites._computeOutputPortDepth(CausalityInterfaceForComposites.java:765)
	at ptolemy.actor.util.CausalityInterfaceForComposites._computeInputDepth(CausalityInterfaceForComposites.java:696)
	at ptolemy.actor.util.CausalityInterfaceForComposites._computeActorDepth(CausalityInterfaceForComposites.java:532)
	at ptolemy.actor.util.CausalityInterfaceForComposites.checkForCycles(CausalityInterfaceForComposites.java:96)
	at ptolemy.domains.de.kernel.DEDirector.preinitialize(DEDirector.java:1338)
	at ptolemy.actor.CompositeActor.preinitialize(CompositeActor.java:1828)
	at ptolemy.actor.Manager.preinitializeAndResolveTypes(Manager.java:1040)
	at ptolemy.actor.Manager.initialize(Manager.java:710)
	at ptolemy.actor.Manager.execute(Manager.java:356)
	at ptolemy.actor.Manager.run(Manager.java:1263)
	at ptolemy.actor.Manager$PtolemyRunThread.run(Manager.java:1915)
java.lang.RuntimeException: Execution failed
	at ptolemy.moml.MoMLSimpleApplication$UnloadThread.run(MoMLSimpleApplication.java:402)
Caused by: ptolemy.kernel.util.IllegalActionException: Found a zero delay loop containing .dependencyLoop.original
  in .dependencyLoop and .dependencyLoop.original
	at ptolemy.actor.util.CausalityInterfaceForComposites._computeOutputPortDepth(CausalityInterfaceForComposites.java:759)
	at ptolemy.actor.util.CausalityInterfaceForComposites._computeInputDepth(CausalityInterfaceForComposites.java:696)
	at ptolemy.actor.util.CausalityInterfaceForComposites._computeOutputPortDepth(CausalityInterfaceForComposites.java:765)
	at ptolemy.actor.util.CausalityInterfaceForComposites._computeInputDepth(CausalityInterfaceForComposites.java:696)
	at ptolemy.actor.util.CausalityInterfaceForComposites._computeOutputPortDepth(CausalityInterfaceForComposites.java:765)
	at ptolemy.actor.util.CausalityInterfaceForComposites._computeInputDepth(CausalityInterfaceForComposites.java:696)
	at ptolemy.actor.util.CausalityInterfaceForComposites._computeActorDepth(CausalityInterfaceForComposites.java:532)
	at ptolemy.actor.util.CausalityInterfaceForComposites.checkForCycles(CausalityInterfaceForComposites.java:96)
	at ptolemy.domains.de.kernel.DEDirector.preinitialize(DEDirector.java:1338)
	at ptolemy.actor.CompositeActor.preinitialize(CompositeActor.java:1828)
	at ptolemy.actor.Manager.preinitializeAndResolveTypes(Manager.java:1040)
	at ptolemy.actor.Manager.initialize(Manager.java:710)
	at ptolemy.actor.Manager.execute(Manager.java:356)
	at ptolemy.actor.Manager.run(Manager.java:1263)
	at ptolemy.actor.Manager$PtolemyRunThread.run(Manager.java:1915)
java.lang.reflect.InvocationTargetException
	at sun.reflect.NativeConstructorAccessorImpl.newInstance0(Native Method)
	at sun.reflect.NativeConstructorAccessorImpl.newInstance(NativeConstructorAccessorImpl.java:62)
	at sun.reflect.DelegatingConstructorAccessorImpl.newInstance(DelegatingConstructorAccessorImpl.java:45)
	at java.lang.reflect.Constructor.newInstance(Constructor.java:423)
	at ptolemy.util.test.junit.AutoKnownFailedTests.RunModel(AutoKnownFailedTests.java:107)
	at sun.reflect.NativeMethodAccessorImpl.invoke0(Native Method)
	at sun.reflect.NativeMethodAccessorImpl.invoke(NativeMethodAccessorImpl.java:62)
	at sun.reflect.DelegatingMethodAccessorImpl.invoke(DelegatingMethodAccessorImpl.java:43)
	at java.lang.reflect.Method.invoke(Method.java:498)
	at org.junit.runners.model.FrameworkMethod$1.runReflectiveCall(FrameworkMethod.java:44)
	at org.junit.internal.runners.model.ReflectiveCallable.run(ReflectiveCallable.java:15)
	at org.junit.runners.model.FrameworkMethod.invokeExplosively(FrameworkMethod.java:41)
	at junitparams.internal.InvokeParameterisedMethod.evaluate(InvokeParameterisedMethod.java:102)
	at org.junit.internal.runners.statements.FailOnTimeout$1.run(FailOnTimeout.java:28)
Caused by: ptolemy.kernel.util.IllegalActionException: Found a zero delay loop containing .dependencyLoop.original
  in .dependencyLoop and .dependencyLoop.original
	at ptolemy.actor.util.CausalityInterfaceForComposites._computeOutputPortDepth(CausalityInterfaceForComposites.java:759)
	at ptolemy.actor.util.CausalityInterfaceForComposites._computeInputDepth(CausalityInterfaceForComposites.java:696)
	at ptolemy.actor.util.CausalityInterfaceForComposites._computeOutputPortDepth(CausalityInterfaceForComposites.java:765)
	at ptolemy.actor.util.CausalityInterfaceForComposites._computeInputDepth(CausalityInterfaceForComposites.java:696)
	at ptolemy.actor.util.CausalityInterfaceForComposites._computeOutputPortDepth(CausalityInterfaceForComposites.java:765)
	at ptolemy.actor.util.CausalityInterfaceForComposites._computeInputDepth(CausalityInterfaceForComposites.java:696)
	at ptolemy.actor.util.CausalityInterfaceForComposites._computeActorDepth(CausalityInterfaceForComposites.java:532)
	at ptolemy.actor.util.CausalityInterfaceForComposites.checkForCycles(CausalityInterfaceForComposites.java:96)
	at ptolemy.domains.de.kernel.DEDirector.preinitialize(DEDirector.java:1338)
	at ptolemy.actor.CompositeActor.preinitialize(CompositeActor.java:1828)
	at ptolemy.actor.Manager.preinitializeAndResolveTypes(Manager.java:1040)
	at ptolemy.actor.Manager.initialize(Manager.java:710)
	at ptolemy.actor.Manager.execute(Manager.java:356)
	at ptolemy.actor.Manager.run(Manager.java:1263)
	at ptolemy.actor.Manager$PtolemyRunThread.run(Manager.java:1915)
java.lang.RuntimeException: Execution failed
	at ptolemy.moml.MoMLSimpleApplication$UnloadThread.run(MoMLSimpleApplication.java:402)
Caused by: ptolemy.kernel.util.IllegalActionException: Found a zero delay loop containing .dependencyLoop2.original
  in .dependencyLoop2 and .dependencyLoop2.original
	at ptolemy.actor.util.CausalityInterfaceForComposites._computeOutputPortDepth(CausalityInterfaceForComposites.java:759)
	at ptolemy.actor.util.CausalityInterfaceForComposites._computeInputDepth(CausalityInterfaceForComposites.java:696)
	at ptolemy.actor.util.CausalityInterfaceForComposites._computeOutputPortDepth(CausalityInterfaceForComposites.java:765)
	at ptolemy.actor.util.CausalityInterfaceForComposites._computeInputDepth(CausalityInterfaceForComposites.java:696)
	at ptolemy.actor.util.CausalityInterfaceForComposites._computeOutputPortDepth(CausalityInterfaceForComposites.java:765)
	at ptolemy.actor.util.CausalityInterfaceForComposites._computeInputDepth(CausalityInterfaceForComposites.java:696)
	at ptolemy.actor.util.CausalityInterfaceForComposites._computeActorDepth(CausalityInterfaceForComposites.java:532)
	at ptolemy.actor.util.CausalityInterfaceForComposites.checkForCycles(CausalityInterfaceForComposites.java:96)
	at ptolemy.domains.de.kernel.DEDirector.preinitialize(DEDirector.java:1338)
	at ptolemy.actor.CompositeActor.preinitialize(CompositeActor.java:1828)
	at ptolemy.actor.Manager.preinitializeAndResolveTypes(Manager.java:1040)
	at ptolemy.actor.Manager.initialize(Manager.java:710)
	at ptolemy.actor.Manager.execute(Manager.java:356)
	at ptolemy.actor.Manager.run(Manager.java:1263)
	at ptolemy.actor.Manager$PtolemyRunThread.run(Manager.java:1915)
java.lang.reflect.InvocationTargetException
	at sun.reflect.NativeConstructorAccessorImpl.newInstance0(Native Method)
	at sun.reflect.NativeConstructorAccessorImpl.newInstance(NativeConstructorAccessorImpl.java:62)
	at sun.reflect.DelegatingConstructorAccessorImpl.newInstance(DelegatingConstructorAccessorImpl.java:45)
	at java.lang.reflect.Constructor.newInstance(Constructor.java:423)
	at ptolemy.util.test.junit.AutoKnownFailedTests.RunModel(AutoKnownFailedTests.java:107)
	at sun.reflect.NativeMethodAccessorImpl.invoke0(Native Method)
	at sun.reflect.NativeMethodAccessorImpl.invoke(NativeMethodAccessorImpl.java:62)
	at sun.reflect.DelegatingMethodAccessorImpl.invoke(DelegatingMethodAccessorImpl.java:43)
	at java.lang.reflect.Method.invoke(Method.java:498)
	at org.junit.runners.model.FrameworkMethod$1.runReflectiveCall(FrameworkMethod.java:44)
	at org.junit.internal.runners.model.ReflectiveCallable.run(ReflectiveCallable.java:15)
	at org.junit.runners.model.FrameworkMethod.invokeExplosively(FrameworkMethod.java:41)
	at junitparams.internal.InvokeParameterisedMethod.evaluate(InvokeParameterisedMethod.java:102)
	at org.junit.internal.runners.statements.FailOnTimeout$1.run(FailOnTimeout.java:28)
Caused by: ptolemy.kernel.util.IllegalActionException: Found a zero delay loop containing .dependencyLoop2.original
  in .dependencyLoop2 and .dependencyLoop2.original
	at ptolemy.actor.util.CausalityInterfaceForComposites._computeOutputPortDepth(CausalityInterfaceForComposites.java:759)
	at ptolemy.actor.util.CausalityInterfaceForComposites._computeInputDepth(CausalityInterfaceForComposites.java:696)
	at ptolemy.actor.util.CausalityInterfaceForComposites._computeOutputPortDepth(CausalityInterfaceForComposites.java:765)
	at ptolemy.actor.util.CausalityInterfaceForComposites._computeInputDepth(CausalityInterfaceForComposites.java:696)
	at ptolemy.actor.util.CausalityInterfaceForComposites._computeOutputPortDepth(CausalityInterfaceForComposites.java:765)
	at ptolemy.actor.util.CausalityInterfaceForComposites._computeInputDepth(CausalityInterfaceForComposites.java:696)
	at ptolemy.actor.util.CausalityInterfaceForComposites._computeActorDepth(CausalityInterfaceForComposites.java:532)
	at ptolemy.actor.util.CausalityInterfaceForComposites.checkForCycles(CausalityInterfaceForComposites.java:96)
	at ptolemy.domains.de.kernel.DEDirector.preinitialize(DEDirector.java:1338)
	at ptolemy.actor.CompositeActor.preinitialize(CompositeActor.java:1828)
	at ptolemy.actor.Manager.preinitializeAndResolveTypes(Manager.java:1040)
	at ptolemy.actor.Manager.initialize(Manager.java:710)
	at ptolemy.actor.Manager.execute(Manager.java:356)
	at ptolemy.actor.Manager.run(Manager.java:1263)
	at ptolemy.actor.Manager$PtolemyRunThread.run(Manager.java:1915)
]]></system-err>
</testsuite>
