<?xml version="1.0" encoding="UTF-8" ?>
<testsuite errors="0" failures="0" hostname="travis-job-07febade-5650-4d04-b2a8-6582cf6d7156" name="ptolemy.domains.modal.test.junit.JUnitTclTest" skipped="0" tests="148" time="11.343" timestamp="2019-12-04T06:23:00">
  <properties>
[...]
</properties>
  <testcase classname="ptolemy.util.test.junit.TclTests" name="[0] /home/travis/build/icyphy/ptII/ptolemy/domains/modal/test/SystemLevelType.tcl (RunTclFile)" time="2.391" />
  <testcase classname="ptolemy.util.test.junit.AutoKnownFailedTests" name="[0] /home/travis/build/icyphy/ptII/ptolemy/domains/modal/test/auto/knownFailedTests/CannotAnalysisWithPreemption.xml (RunModel)" time="0.184" />
  <testcase classname="ptolemy.util.test.junit.AutoNameArchTests" name="[0] ThereAreNoAutoArchTests (RunModel)" time="0.01" />
  <testcase classname="ptolemy.util.test.junit.AutoTests" name="[0] /home/travis/build/icyphy/ptII/ptolemy/domains/modal/test/auto/ABPTest.xml (RunModel)" time="0.955" />
  <testcase classname="ptolemy.util.test.junit.AutoTests" name="[1] /home/travis/build/icyphy/ptII/ptolemy/domains/modal/test/auto/ABROFlat.xml (RunModel)" time="0.089" />
  <testcase classname="ptolemy.util.test.junit.AutoTests" name="[2] /home/travis/build/icyphy/ptII/ptolemy/domains/modal/test/auto/ABROFlat2.xml (RunModel)" time="0.094" />
  <testcase classname="ptolemy.util.test.junit.AutoTests" name="[3] /home/travis/build/icyphy/ptII/ptolemy/domains/modal/test/auto/ABRO_present_hmm.xml (RunModel)" time="0.17" />
  <testcase classname="ptolemy.util.test.junit.AutoTests" name="[4] /home/travis/build/icyphy/ptII/ptolemy/domains/modal/test/auto/AMICoderExample.xml (RunModel)" time="0.088" />
  <testcase classname="ptolemy.util.test.junit.AutoTests" name="[5] /home/travis/build/icyphy/ptII/ptolemy/domains/modal/test/auto/AbsentToPresent.xml (RunModel)" time="0.031" />
  <testcase classname="ptolemy.util.test.junit.AutoTests" name="[6] /home/travis/build/icyphy/ptII/ptolemy/domains/modal/test/auto/Blending.xml (RunModel)" time="0.305" />
  <testcase classname="ptolemy.util.test.junit.AutoTests" name="[7] /home/travis/build/icyphy/ptII/ptolemy/domains/modal/test/auto/Broadcast.xml (RunModel)" time="0.037" />
  <testcase classname="ptolemy.util.test.junit.AutoTests" name="[8] /home/travis/build/icyphy/ptII/ptolemy/domains/modal/test/auto/BroadcastHierarchy.xml (RunModel)" time="0.068" />
  <testcase classname="ptolemy.util.test.junit.AutoTests" name="[9] /home/travis/build/icyphy/ptII/ptolemy/domains/modal/test/auto/BroadcastHierarchy2.xml (RunModel)" time="0.09" />
  <testcase classname="ptolemy.util.test.junit.AutoTests" name="[10] /home/travis/build/icyphy/ptII/ptolemy/domains/modal/test/auto/BroadcastHierarchy3.xml (RunModel)" time="0.062" />
  <testcase classname="ptolemy.util.test.junit.AutoTests" name="[11] /home/travis/build/icyphy/ptII/ptolemy/domains/modal/test/auto/BroadcastHierarchy4.xml (RunModel)" time="0.085" />
  <testcase classname="ptolemy.util.test.junit.AutoTests" name="[12] /home/travis/build/icyphy/ptII/ptolemy/domains/modal/test/auto/CannotAnalysisWithPreemption2.xml (RunModel)" time="0.04" />
  <testcase classname="ptolemy.util.test.junit.AutoTests" name="[13] /home/travis/build/icyphy/ptII/ptolemy/domains/modal/test/auto/CannotAnalysisWithPreemption3.xml (RunModel)" time="0.048" />
  <testcase classname="ptolemy.util.test.junit.AutoTests" name="[14] /home/travis/build/icyphy/ptII/ptolemy/domains/modal/test/auto/CannotProduce.xml (RunModel)" time="0.032" />
  <testcase classname="ptolemy.util.test.junit.AutoTests" name="[15] /home/travis/build/icyphy/ptII/ptolemy/domains/modal/test/auto/CannotProduceModal.xml (RunModel)" time="0.039" />
  <testcase classname="ptolemy.util.test.junit.AutoTests" name="[16] /home/travis/build/icyphy/ptII/ptolemy/domains/modal/test/auto/Case.xml (RunModel)" time="0.089" />
  <testcase classname="ptolemy.util.test.junit.AutoTests" name="[17] /home/travis/build/icyphy/ptII/ptolemy/domains/modal/test/auto/Case1.xml (RunModel)" time="0.045" />
  <testcase classname="ptolemy.util.test.junit.AutoTests" name="[18] /home/travis/build/icyphy/ptII/ptolemy/domains/modal/test/auto/Case2.xml (RunModel)" time="0.064" />
  <testcase classname="ptolemy.util.test.junit.AutoTests" name="[19] /home/travis/build/icyphy/ptII/ptolemy/domains/modal/test/auto/CausalityInterface1.xml (RunModel)" time="0.047" />
  <testcase classname="ptolemy.util.test.junit.AutoTests" name="[20] /home/travis/build/icyphy/ptII/ptolemy/domains/modal/test/auto/CausalityInterface10.xml (RunModel)" time="0.055" />
  <testcase classname="ptolemy.util.test.junit.AutoTests" name="[21] /home/travis/build/icyphy/ptII/ptolemy/domains/modal/test/auto/CausalityInterface11.xml (RunModel)" time="0.056" />
  <testcase classname="ptolemy.util.test.junit.AutoTests" name="[22] /home/travis/build/icyphy/ptII/ptolemy/domains/modal/test/auto/CausalityInterface12.xml (RunModel)" time="0.052" />
  <testcase classname="ptolemy.util.test.junit.AutoTests" name="[23] /home/travis/build/icyphy/ptII/ptolemy/domains/modal/test/auto/CausalityInterface13.xml (RunModel)" time="0.055" />
  <testcase classname="ptolemy.util.test.junit.AutoTests" name="[24] /home/travis/build/icyphy/ptII/ptolemy/domains/modal/test/auto/CausalityInterface14.xml (RunModel)" time="0.046" />
  <testcase classname="ptolemy.util.test.junit.AutoTests" name="[25] /home/travis/build/icyphy/ptII/ptolemy/domains/modal/test/auto/CausalityInterface2.xml (RunModel)" time="0.025" />
  <testcase classname="ptolemy.util.test.junit.AutoTests" name="[26] /home/travis/build/icyphy/ptII/ptolemy/domains/modal/test/auto/CausalityInterface3.xml (RunModel)" time="0.02" />
  <testcase classname="ptolemy.util.test.junit.AutoTests" name="[27] /home/travis/build/icyphy/ptII/ptolemy/domains/modal/test/auto/CausalityInterface4.xml (RunModel)" time="0.025" />
  <testcase classname="ptolemy.util.test.junit.AutoTests" name="[28] /home/travis/build/icyphy/ptII/ptolemy/domains/modal/test/auto/CausalityInterface5.xml (RunModel)" time="0.032" />
  <testcase classname="ptolemy.util.test.junit.AutoTests" name="[29] /home/travis/build/icyphy/ptII/ptolemy/domains/modal/test/auto/CausalityInterface6.xml (RunModel)" time="0.038" />
  <testcase classname="ptolemy.util.test.junit.AutoTests" name="[30] /home/travis/build/icyphy/ptII/ptolemy/domains/modal/test/auto/CausalityInterface7.xml (RunModel)" time="0.038" />
  <testcase classname="ptolemy.util.test.junit.AutoTests" name="[31] /home/travis/build/icyphy/ptII/ptolemy/domains/modal/test/auto/CausalityInterface8.xml (RunModel)" time="0.027" />
  <testcase classname="ptolemy.util.test.junit.AutoTests" name="[32] /home/travis/build/icyphy/ptII/ptolemy/domains/modal/test/auto/CausalityInterface9.xml (RunModel)" time="0.03" />
  <testcase classname="ptolemy.util.test.junit.AutoTests" name="[33] /home/travis/build/icyphy/ptII/ptolemy/domains/modal/test/auto/ChainedTransitions.xml (RunModel)" time="0.16" />
  <testcase classname="ptolemy.util.test.junit.AutoTests" name="[34] /home/travis/build/icyphy/ptII/ptolemy/domains/modal/test/auto/CycleOfImmediateTransitionsFSM.xml (RunModel)" time="0.015" />
  <testcase classname="ptolemy.util.test.junit.AutoTests" name="[35] /home/travis/build/icyphy/ptII/ptolemy/domains/modal/test/auto/CycleOfImmediateTransitionsModal.xml (RunModel)" time="0.016" />
  <testcase classname="ptolemy.util.test.junit.AutoTests" name="[36] /home/travis/build/icyphy/ptII/ptolemy/domains/modal/test/auto/CycleOfImmediateTransitionsModal2.xml (RunModel)" time="0.032" />
  <testcase classname="ptolemy.util.test.junit.AutoTests" name="[37] /home/travis/build/icyphy/ptII/ptolemy/domains/modal/test/auto/CycleOfImmediateTransitionsModal3.xml (RunModel)" time="0.103" />
  <testcase classname="ptolemy.util.test.junit.AutoTests" name="[38] /home/travis/build/icyphy/ptII/ptolemy/domains/modal/test/auto/DeepModal1.xml (RunModel)" time="0.052" />
  <testcase classname="ptolemy.util.test.junit.AutoTests" name="[39] /home/travis/build/icyphy/ptII/ptolemy/domains/modal/test/auto/DeepModal2.xml (RunModel)" time="0.066" />
  <testcase classname="ptolemy.util.test.junit.AutoTests" name="[40] /home/travis/build/icyphy/ptII/ptolemy/domains/modal/test/auto/DeepModal3.xml (RunModel)" time="0.063" />
  <testcase classname="ptolemy.util.test.junit.AutoTests" name="[41] /home/travis/build/icyphy/ptII/ptolemy/domains/modal/test/auto/DeepModal4.xml (RunModel)" time="0.074" />
  <testcase classname="ptolemy.util.test.junit.AutoTests" name="[42] /home/travis/build/icyphy/ptII/ptolemy/domains/modal/test/auto/Default1.xml (RunModel)" time="0.017" />
  <testcase classname="ptolemy.util.test.junit.AutoTests" name="[43] /home/travis/build/icyphy/ptII/ptolemy/domains/modal/test/auto/Default2.xml (RunModel)" time="0.023" />
  <testcase classname="ptolemy.util.test.junit.AutoTests" name="[44] /home/travis/build/icyphy/ptII/ptolemy/domains/modal/test/auto/Default3.xml (RunModel)" time="0.023" />
  <testcase classname="ptolemy.util.test.junit.AutoTests" name="[45] /home/travis/build/icyphy/ptII/ptolemy/domains/modal/test/auto/Default4.xml (RunModel)" time="0.02" />
  <testcase classname="ptolemy.util.test.junit.AutoTests" name="[46] /home/travis/build/icyphy/ptII/ptolemy/domains/modal/test/auto/Default5.xml (RunModel)" time="0.036" />
  <testcase classname="ptolemy.util.test.junit.AutoTests" name="[47] /home/travis/build/icyphy/ptII/ptolemy/domains/modal/test/auto/EmptyGuard.xml (RunModel)" time="0.032" />
  <testcase classname="ptolemy.util.test.junit.AutoTests" name="[48] /home/travis/build/icyphy/ptII/ptolemy/domains/modal/test/auto/ErrorTransition1.xml (RunModel)" time="0.045" />
  <testcase classname="ptolemy.util.test.junit.AutoTests" name="[49] /home/travis/build/icyphy/ptII/ptolemy/domains/modal/test/auto/ErrorTransition10.xml (RunModel)" time="0.041" />
  <testcase classname="ptolemy.util.test.junit.AutoTests" name="[50] /home/travis/build/icyphy/ptII/ptolemy/domains/modal/test/auto/ErrorTransition11.xml (RunModel)" time="0.032" />
  <testcase classname="ptolemy.util.test.junit.AutoTests" name="[51] /home/travis/build/icyphy/ptII/ptolemy/domains/modal/test/auto/ErrorTransition2.xml (RunModel)" time="0.027" />
  <testcase classname="ptolemy.util.test.junit.AutoTests" name="[52] /home/travis/build/icyphy/ptII/ptolemy/domains/modal/test/auto/ErrorTransition3.xml (RunModel)" time="0.041" />
  <testcase classname="ptolemy.util.test.junit.AutoTests" name="[53] /home/travis/build/icyphy/ptII/ptolemy/domains/modal/test/auto/ErrorTransition4.xml (RunModel)" time="0.039" />
  <testcase classname="ptolemy.util.test.junit.AutoTests" name="[54] /home/travis/build/icyphy/ptII/ptolemy/domains/modal/test/auto/ErrorTransition5.xml (RunModel)" time="0.031" />
  <testcase classname="ptolemy.util.test.junit.AutoTests" name="[55] /home/travis/build/icyphy/ptII/ptolemy/domains/modal/test/auto/ErrorTransition6.xml (RunModel)" time="0.033" />
  <testcase classname="ptolemy.util.test.junit.AutoTests" name="[56] /home/travis/build/icyphy/ptII/ptolemy/domains/modal/test/auto/ErrorTransition7.xml (RunModel)" time="0.05" />
  <testcase classname="ptolemy.util.test.junit.AutoTests" name="[57] /home/travis/build/icyphy/ptII/ptolemy/domains/modal/test/auto/ErrorTransition8.xml (RunModel)" time="0.079" />
  <testcase classname="ptolemy.util.test.junit.AutoTests" name="[58] /home/travis/build/icyphy/ptII/ptolemy/domains/modal/test/auto/ErrorTransition9.xml (RunModel)" time="0.046" />
  <testcase classname="ptolemy.util.test.junit.AutoTests" name="[59] /home/travis/build/icyphy/ptII/ptolemy/domains/modal/test/auto/ExtendedFSM.xml (RunModel)" time="0.027" />
  <testcase classname="ptolemy.util.test.junit.AutoTests" name="[60] /home/travis/build/icyphy/ptII/ptolemy/domains/modal/test/auto/FinalStates.xml (RunModel)" time="0.037" />
  <testcase classname="ptolemy.util.test.junit.AutoTests" name="[61] /home/travis/build/icyphy/ptII/ptolemy/domains/modal/test/auto/FixedPointFSM.xml (RunModel)" time="0.052" />
  <testcase classname="ptolemy.util.test.junit.AutoTests" name="[62] /home/travis/build/icyphy/ptII/ptolemy/domains/modal/test/auto/FixedPointIterationFSMActor.xml (RunModel)" time="0.029" />
  <testcase classname="ptolemy.util.test.junit.AutoTests" name="[63] /home/travis/build/icyphy/ptII/ptolemy/domains/modal/test/auto/FixedPointIterationFSMActor2.xml (RunModel)" time="0.039" />
  <testcase classname="ptolemy.util.test.junit.AutoTests" name="[64] /home/travis/build/icyphy/ptII/ptolemy/domains/modal/test/auto/ForbiddenInstantanousLoop.xml (RunModel)" time="0.032" />
  <testcase classname="ptolemy.util.test.junit.AutoTests" name="[65] /home/travis/build/icyphy/ptII/ptolemy/domains/modal/test/auto/FunctionDependencyOfFSMActorTest.xml (RunModel)" time="0.021" />
  <testcase classname="ptolemy.util.test.junit.AutoTests" name="[66] /home/travis/build/icyphy/ptII/ptolemy/domains/modal/test/auto/GuardExpression.xml (RunModel)" time="0.017" />
  <testcase classname="ptolemy.util.test.junit.AutoTests" name="[67] /home/travis/build/icyphy/ptII/ptolemy/domains/modal/test/auto/GuardNotEvaluated.xml (RunModel)" time="0.033" />
  <testcase classname="ptolemy.util.test.junit.AutoTests" name="[68] /home/travis/build/icyphy/ptII/ptolemy/domains/modal/test/auto/GuardNotEvaluated2.xml (RunModel)" time="0.029" />
  <testcase classname="ptolemy.util.test.junit.AutoTests" name="[69] /home/travis/build/icyphy/ptII/ptolemy/domains/modal/test/auto/GuardOnAbsent.xml (RunModel)" time="0.028" />
  <testcase classname="ptolemy.util.test.junit.AutoTests" name="[70] /home/travis/build/icyphy/ptII/ptolemy/domains/modal/test/auto/HierarchicalFSMTypeInference.xml (RunModel)" time="0.028" />
  <testcase classname="ptolemy.util.test.junit.AutoTests" name="[71] /home/travis/build/icyphy/ptII/ptolemy/domains/modal/test/auto/Hysteresis.xml (RunModel)" time="0.058" />
  <testcase classname="ptolemy.util.test.junit.AutoTests" name="[72] /home/travis/build/icyphy/ptII/ptolemy/domains/modal/test/auto/HysteresisWithDefault.xml (RunModel)" time="0.078" />
  <testcase classname="ptolemy.util.test.junit.AutoTests" name="[73] /home/travis/build/icyphy/ptII/ptolemy/domains/modal/test/auto/HysteresisWithDefault2.xml (RunModel)" time="0.086" />
  <testcase classname="ptolemy.util.test.junit.AutoTests" name="[74] /home/travis/build/icyphy/ptII/ptolemy/domains/modal/test/auto/ImmediateNonConstructiveness.xml (RunModel)" time="0.018" />
  <testcase classname="ptolemy.util.test.junit.AutoTests" name="[75] /home/travis/build/icyphy/ptII/ptolemy/domains/modal/test/auto/ImmediateNonConstructiveness2.xml (RunModel)" time="0.019" />
  <testcase classname="ptolemy.util.test.junit.AutoTests" name="[76] /home/travis/build/icyphy/ptII/ptolemy/domains/modal/test/auto/ImmediateTransitionReset.xml (RunModel)" time="0.039" />
  <testcase classname="ptolemy.util.test.junit.AutoTests" name="[77] /home/travis/build/icyphy/ptII/ptolemy/domains/modal/test/auto/ImmediateTransitions1.xml (RunModel)" time="0.012" />
  <testcase classname="ptolemy.util.test.junit.AutoTests" name="[78] /home/travis/build/icyphy/ptII/ptolemy/domains/modal/test/auto/ImmediateTransitionsInstantaneousCommunication.xml (RunModel)" time="0.029" />
  <testcase classname="ptolemy.util.test.junit.AutoTests" name="[79] /home/travis/build/icyphy/ptII/ptolemy/domains/modal/test/auto/InitialImmediateTransition.xml (RunModel)" time="0.018" />
  <testcase classname="ptolemy.util.test.junit.AutoTests" name="[80] /home/travis/build/icyphy/ptII/ptolemy/domains/modal/test/auto/InitialOutputs.xml (RunModel)" time="0.017" />
  <testcase classname="ptolemy.util.test.junit.AutoTests" name="[81] /home/travis/build/icyphy/ptII/ptolemy/domains/modal/test/auto/InitialStateTransition1.xml (RunModel)" time="0.021" />
  <testcase classname="ptolemy.util.test.junit.AutoTests" name="[82] /home/travis/build/icyphy/ptII/ptolemy/domains/modal/test/auto/InitialStateTransition2.xml (RunModel)" time="0.026" />
  <testcase classname="ptolemy.util.test.junit.AutoTests" name="[83] /home/travis/build/icyphy/ptII/ptolemy/domains/modal/test/auto/InitialStateTransition3.xml (RunModel)" time="0.037" />
  <testcase classname="ptolemy.util.test.junit.AutoTests" name="[84] /home/travis/build/icyphy/ptII/ptolemy/domains/modal/test/auto/InitialStateTransition4.xml (RunModel)" time="0.028" />
  <testcase classname="ptolemy.util.test.junit.AutoTests" name="[85] /home/travis/build/icyphy/ptII/ptolemy/domains/modal/test/auto/MalformedGuardExpressionNotCaught.xml (RunModel)" time="0.027" />
  <testcase classname="ptolemy.util.test.junit.AutoTests" name="[86] /home/travis/build/icyphy/ptII/ptolemy/domains/modal/test/auto/ModalBSC.xml (RunModel)" time="0.094" />
  <testcase classname="ptolemy.util.test.junit.AutoTests" name="[87] /home/travis/build/icyphy/ptII/ptolemy/domains/modal/test/auto/ModalClocks.xml (RunModel)" time="0.069" />
  <testcase classname="ptolemy.util.test.junit.AutoTests" name="[88] /home/travis/build/icyphy/ptII/ptolemy/domains/modal/test/auto/ModalDelay.xml (RunModel)" time="0.038" />
  <testcase classname="ptolemy.util.test.junit.AutoTests" name="[89] /home/travis/build/icyphy/ptII/ptolemy/domains/modal/test/auto/ModalDelay2.xml (RunModel)" time="0.048" />
  <testcase classname="ptolemy.util.test.junit.AutoTests" name="[90] /home/travis/build/icyphy/ptII/ptolemy/domains/modal/test/auto/ModalModelFromMemo.xml (RunModel)" time="0.051" />
  <testcase classname="ptolemy.util.test.junit.AutoTests" name="[91] /home/travis/build/icyphy/ptII/ptolemy/domains/modal/test/auto/ModalModelWithMultirateTransient.xml (RunModel)" time="0.042" />
  <testcase classname="ptolemy.util.test.junit.AutoTests" name="[92] /home/travis/build/icyphy/ptII/ptolemy/domains/modal/test/auto/ModalModelWithReset.xml (RunModel)" time="0.073" />
  <testcase classname="ptolemy.util.test.junit.AutoTests" name="[93] /home/travis/build/icyphy/ptII/ptolemy/domains/modal/test/auto/MouseClickFSM.xml (RunModel)" time="0.049" />
  <testcase classname="ptolemy.util.test.junit.AutoTests" name="[94] /home/travis/build/icyphy/ptII/ptolemy/domains/modal/test/auto/MouseClickFSMModal.xml (RunModel)" time="0.032" />
  <testcase classname="ptolemy.util.test.junit.AutoTests" name="[95] /home/travis/build/icyphy/ptII/ptolemy/domains/modal/test/auto/NonStrictFSM_FeedbackLoop.xml (RunModel)" time="0.046" />
  <testcase classname="ptolemy.util.test.junit.AutoTests" name="[96] /home/travis/build/icyphy/ptII/ptolemy/domains/modal/test/auto/NonStrictFSM_FeedbackLoop_Refinement.xml (RunModel)" time="0.091" />
  <testcase classname="ptolemy.util.test.junit.AutoTests" name="[97] /home/travis/build/icyphy/ptII/ptolemy/domains/modal/test/auto/NonStrictFSM_FeedbackLoop_preemptive.xml (RunModel)" time="0.044" />
  <testcase classname="ptolemy.util.test.junit.AutoTests" name="[98] /home/travis/build/icyphy/ptII/ptolemy/domains/modal/test/auto/NormalTermination.xml (RunModel)" time="0.041" />
  <testcase classname="ptolemy.util.test.junit.AutoTests" name="[99] /home/travis/build/icyphy/ptII/ptolemy/domains/modal/test/auto/Pong.xml (RunModel)" time="0.075" />
  <testcase classname="ptolemy.util.test.junit.AutoTests" name="[100] /home/travis/build/icyphy/ptII/ptolemy/domains/modal/test/auto/Pong_test.xml (RunModel)" time="0.123" />
  <testcase classname="ptolemy.util.test.junit.AutoTests" name="[101] /home/travis/build/icyphy/ptII/ptolemy/domains/modal/test/auto/PreemptionHierarchy.xml (RunModel)" time="0.028" />
  <testcase classname="ptolemy.util.test.junit.AutoTests" name="[102] /home/travis/build/icyphy/ptII/ptolemy/domains/modal/test/auto/PreemptionHierarchy2.xml (RunModel)" time="0.035" />
  <testcase classname="ptolemy.util.test.junit.AutoTests" name="[103] /home/travis/build/icyphy/ptII/ptolemy/domains/modal/test/auto/PreemptiveTransition.xml (RunModel)" time="0.027" />
  <testcase classname="ptolemy.util.test.junit.AutoTests" name="[104] /home/travis/build/icyphy/ptII/ptolemy/domains/modal/test/auto/Priorities.xml (RunModel)" time="0.086" />
  <testcase classname="ptolemy.util.test.junit.AutoTests" name="[105] /home/travis/build/icyphy/ptII/ptolemy/domains/modal/test/auto/ResetFinal.xml (RunModel)" time="0.042" />
  <testcase classname="ptolemy.util.test.junit.AutoTests" name="[106] /home/travis/build/icyphy/ptII/ptolemy/domains/modal/test/auto/ResetFinal2.xml (RunModel)" time="0.031" />
  <testcase classname="ptolemy.util.test.junit.AutoTests" name="[107] /home/travis/build/icyphy/ptII/ptolemy/domains/modal/test/auto/ResetTransitionWithStartTime.xml (RunModel)" time="0.024" />
  <testcase classname="ptolemy.util.test.junit.AutoTests" name="[108] /home/travis/build/icyphy/ptII/ptolemy/domains/modal/test/auto/SDF-FSMComposite.xml (RunModel)" time="0.019" />
  <testcase classname="ptolemy.util.test.junit.AutoTests" name="[109] /home/travis/build/icyphy/ptII/ptolemy/domains/modal/test/auto/SeeminglyNondeterminate.xml (RunModel)" time="0.065" />
  <testcase classname="ptolemy.util.test.junit.AutoTests" name="[110] /home/travis/build/icyphy/ptII/ptolemy/domains/modal/test/auto/SeeminglyNondeterminate2.xml (RunModel)" time="0.084" />
  <testcase classname="ptolemy.util.test.junit.AutoTests" name="[111] /home/travis/build/icyphy/ptII/ptolemy/domains/modal/test/auto/SpontaneousFSM.xml (RunModel)" time="0.049" />
  <testcase classname="ptolemy.util.test.junit.AutoTests" name="[112] /home/travis/build/icyphy/ptII/ptolemy/domains/modal/test/auto/SpontaneousFSM2.xml (RunModel)" time="0.026" />
  <testcase classname="ptolemy.util.test.junit.AutoTests" name="[113] /home/travis/build/icyphy/ptII/ptolemy/domains/modal/test/auto/SpontaneousFSM3.xml (RunModel)" time="0.039" />
  <testcase classname="ptolemy.util.test.junit.AutoTests" name="[114] /home/travis/build/icyphy/ptII/ptolemy/domains/modal/test/auto/SpontaneousFSM4.xml (RunModel)" time="0.042" />
  <testcase classname="ptolemy.util.test.junit.AutoTests" name="[115] /home/travis/build/icyphy/ptII/ptolemy/domains/modal/test/auto/StateTrackerTest.xml (RunModel)" time="0.065" />
  <testcase classname="ptolemy.util.test.junit.AutoTests" name="[116] /home/travis/build/icyphy/ptII/ptolemy/domains/modal/test/auto/StrongImmediateTransition.xml (RunModel)" time="0.028" />
  <testcase classname="ptolemy.util.test.junit.AutoTests" name="[117] /home/travis/build/icyphy/ptII/ptolemy/domains/modal/test/auto/SustainHierarchy.xml (RunModel)" time="0.029" />
  <testcase classname="ptolemy.util.test.junit.AutoTests" name="[118] /home/travis/build/icyphy/ptII/ptolemy/domains/modal/test/auto/TerminationTransition1.xml (RunModel)" time="0.019" />
  <testcase classname="ptolemy.util.test.junit.AutoTests" name="[119] /home/travis/build/icyphy/ptII/ptolemy/domains/modal/test/auto/TerminationTransition2.xml (RunModel)" time="0.025" />
  <testcase classname="ptolemy.util.test.junit.AutoTests" name="[120] /home/travis/build/icyphy/ptII/ptolemy/domains/modal/test/auto/TerminationTransition3.xml (RunModel)" time="0.021" />
  <testcase classname="ptolemy.util.test.junit.AutoTests" name="[121] /home/travis/build/icyphy/ptII/ptolemy/domains/modal/test/auto/TerminationTransition4.xml (RunModel)" time="0.033" />
  <testcase classname="ptolemy.util.test.junit.AutoTests" name="[122] /home/travis/build/icyphy/ptII/ptolemy/domains/modal/test/auto/TerminationTransition5.xml (RunModel)" time="0.03" />
  <testcase classname="ptolemy.util.test.junit.AutoTests" name="[123] /home/travis/build/icyphy/ptII/ptolemy/domains/modal/test/auto/TerminationTransition6.xml (RunModel)" time="0.021" />
  <testcase classname="ptolemy.util.test.junit.AutoTests" name="[124] /home/travis/build/icyphy/ptII/ptolemy/domains/modal/test/auto/TerminationTransition7.xml (RunModel)" time="0.035" />
  <testcase classname="ptolemy.util.test.junit.AutoTests" name="[125] /home/travis/build/icyphy/ptII/ptolemy/domains/modal/test/auto/TerminationTransition8.xml (RunModel)" time="0.025" />
  <testcase classname="ptolemy.util.test.junit.AutoTests" name="[126] /home/travis/build/icyphy/ptII/ptolemy/domains/modal/test/auto/Thermostat_NoHysteresis.xml (RunModel)" time="0.072" />
  <testcase classname="ptolemy.util.test.junit.AutoTests" name="[127] /home/travis/build/icyphy/ptII/ptolemy/domains/modal/test/auto/TimedFSM.xml (RunModel)" time="0.028" />
  <testcase classname="ptolemy.util.test.junit.AutoTests" name="[128] /home/travis/build/icyphy/ptII/ptolemy/domains/modal/test/auto/Timeout1.xml (RunModel)" time="0.019" />
  <testcase classname="ptolemy.util.test.junit.AutoTests" name="[129] /home/travis/build/icyphy/ptII/ptolemy/domains/modal/test/auto/Timeout2.xml (RunModel)" time="0.021" />
  <testcase classname="ptolemy.util.test.junit.AutoTests" name="[130] /home/travis/build/icyphy/ptII/ptolemy/domains/modal/test/auto/Timeout3.xml (RunModel)" time="0.012" />
  <testcase classname="ptolemy.util.test.junit.AutoTests" name="[131] /home/travis/build/icyphy/ptII/ptolemy/domains/modal/test/auto/Timeout4.xml (RunModel)" time="0.013" />
  <testcase classname="ptolemy.util.test.junit.AutoTests" name="[132] /home/travis/build/icyphy/ptII/ptolemy/domains/modal/test/auto/TransientstateModelAdvanced.xml (RunModel)" time="0.026" />
  <testcase classname="ptolemy.util.test.junit.AutoTests" name="[133] /home/travis/build/icyphy/ptII/ptolemy/domains/modal/test/auto/TransientstateModelAdvanced2.xml (RunModel)" time="0.028" />
  <testcase classname="ptolemy.util.test.junit.AutoTests" name="[134] /home/travis/build/icyphy/ptII/ptolemy/domains/modal/test/auto/TransitionRefinements.xml (RunModel)" time="0.023" />
  <testcase classname="ptolemy.util.test.junit.AutoTests" name="[135] /home/travis/build/icyphy/ptII/ptolemy/domains/modal/test/auto/TwoRefinements1.xml (RunModel)" time="0.024" />
  <testcase classname="ptolemy.util.test.junit.AutoTests" name="[136] /home/travis/build/icyphy/ptII/ptolemy/domains/modal/test/auto/TwoRefinements2.xml (RunModel)" time="0.024" />
  <testcase classname="ptolemy.util.test.junit.AutoTests" name="[137] /home/travis/build/icyphy/ptII/ptolemy/domains/modal/test/auto/WeakImmediateTransition.xml (RunModel)" time="0.025" />
  <testcase classname="ptolemy.util.test.junit.AutoTests" name="[138] /home/travis/build/icyphy/ptII/ptolemy/domains/modal/test/auto/booleanSelect.xml (RunModel)" time="0.061" />
  <testcase classname="ptolemy.util.test.junit.AutoTests" name="[139] /home/travis/build/icyphy/ptII/ptolemy/domains/modal/test/auto/modalChangingParams.xml (RunModel)" time="0.252" />
  <testcase classname="ptolemy.util.test.junit.AutoTests" name="[140] /home/travis/build/icyphy/ptII/ptolemy/domains/modal/test/auto/modalModel.xml (RunModel)" time="0.023" />
  <testcase classname="ptolemy.util.test.junit.AutoTests" name="[141] /home/travis/build/icyphy/ptII/ptolemy/domains/modal/test/auto/modalModel2.xml (RunModel)" time="0.03" />
  <testcase classname="ptolemy.util.test.junit.AutoTests" name="[142] /home/travis/build/icyphy/ptII/ptolemy/domains/modal/test/auto/modalModel3.xml (RunModel)" time="0.038" />
  <testcase classname="ptolemy.util.test.junit.AutoTests" name="[143] /home/travis/build/icyphy/ptII/ptolemy/domains/modal/test/auto/model1.xml (RunModel)" time="0.022" />
  <testcase classname="ptolemy.util.test.junit.AutoTests" name="[144] /home/travis/build/icyphy/ptII/ptolemy/domains/modal/test/auto/test-direct-in-out.xml (RunModel)" time="0.024" />
  <system-out><![CDATA[/home/travis/build/icyphy/ptII/ptolemy/domains/modal/test/SystemLevelType.tcl
testDefs.tcl: setting time out to 9000 seconds at Wed Dec 04 06:23:00 UTC 2019
12/04/19 06:23:02
Failed: 0  Total Tests: 1  ((Passed: 1, Newly Passed: 0)  Known Failed: 0) /home/travis/build/icyphy/ptII/ptolemy/domains/modal/test
----------------- testing (KnownFailure) /home/travis/build/icyphy/ptII/ptolemy/domains/modal/test/auto/knownFailedTests/CannotAnalysisWithPreemption.xml
87 ms. Memory: 120832K Free: 42549K (35%)
Known Failure: java.lang.reflect.InvocationTargetException
No auto/linux-amd64/*.xml tests in /home/travis/build/icyphy/ptII/ptolemy/domains/modal/test
AutoTests.java: About to close Vertx.
AutoTests.java: Vertx closed.

===========================================================================================
----------------- testing Wed Dec 04 06:23:03 UTC 2019 /home/travis/build/icyphy/ptII/ptolemy/domains/modal/test/auto/ABPTest.xml
----------------- Instantiating /home/travis/build/icyphy/ptII/ptolemy/domains/modal/test/auto/ABPTest.xml
413 ms. Memory: 165888K Free: 118581K (71%)
----------------- Invoking toplevel() on ptolemy.moml.MoMLSimpleApplication@73952cb0
----------------- Done invoking toplevel() on ptolemy.moml.MoMLSimpleApplication@73952cb0
reloadAllAccessors: .ABPTest

===========================================================================================
----------------- testing Wed Dec 04 06:23:04 UTC 2019 /home/travis/build/icyphy/ptII/ptolemy/domains/modal/test/auto/ABROFlat.xml
----------------- Instantiating /home/travis/build/icyphy/ptII/ptolemy/domains/modal/test/auto/ABROFlat.xml
28 ms. Memory: 165888K Free: 102197K (62%)
----------------- Invoking toplevel() on ptolemy.moml.MoMLSimpleApplication@40135cba
----------------- Done invoking toplevel() on ptolemy.moml.MoMLSimpleApplication@40135cba
reloadAllAccessors: .ABROFlat

===========================================================================================
----------------- testing Wed Dec 04 06:23:04 UTC 2019 /home/travis/build/icyphy/ptII/ptolemy/domains/modal/test/auto/ABROFlat2.xml
----------------- Instantiating /home/travis/build/icyphy/ptII/ptolemy/domains/modal/test/auto/ABROFlat2.xml
30 ms. Memory: 165888K Free: 85293K (51%)
----------------- Invoking toplevel() on ptolemy.moml.MoMLSimpleApplication@382de173
----------------- Done invoking toplevel() on ptolemy.moml.MoMLSimpleApplication@382de173
reloadAllAccessors: .ABROFlat2

===========================================================================================
----------------- testing Wed Dec 04 06:23:04 UTC 2019 /home/travis/build/icyphy/ptII/ptolemy/domains/modal/test/auto/ABRO_present_hmm.xml
----------------- Instantiating /home/travis/build/icyphy/ptII/ptolemy/domains/modal/test/auto/ABRO_present_hmm.xml
34 ms. Memory: 165888K Free: 139753K (84%)
----------------- Invoking toplevel() on ptolemy.moml.MoMLSimpleApplication@339dd34a
----------------- Done invoking toplevel() on ptolemy.moml.MoMLSimpleApplication@339dd34a
reloadAllAccessors: .ABRO_present_hmm

===========================================================================================
----------------- testing Wed Dec 04 06:23:04 UTC 2019 /home/travis/build/icyphy/ptII/ptolemy/domains/modal/test/auto/AMICoderExample.xml
----------------- Instantiating /home/travis/build/icyphy/ptII/ptolemy/domains/modal/test/auto/AMICoderExample.xml
51 ms. Memory: 165888K Free: 129528K (78%)
----------------- Invoking toplevel() on ptolemy.moml.MoMLSimpleApplication@19ebce0a
----------------- Done invoking toplevel() on ptolemy.moml.MoMLSimpleApplication@19ebce0a
reloadAllAccessors: .AMICoderExample

===========================================================================================
----------------- testing Wed Dec 04 06:23:04 UTC 2019 /home/travis/build/icyphy/ptII/ptolemy/domains/modal/test/auto/AbsentToPresent.xml
----------------- Instantiating /home/travis/build/icyphy/ptII/ptolemy/domains/modal/test/auto/AbsentToPresent.xml
5 ms. Memory: 165888K Free: 124922K (75%)
----------------- Invoking toplevel() on ptolemy.moml.MoMLSimpleApplication@6995b7c3
----------------- Done invoking toplevel() on ptolemy.moml.MoMLSimpleApplication@6995b7c3
reloadAllAccessors: .AbsentToPresent

===========================================================================================
----------------- testing Wed Dec 04 06:23:04 UTC 2019 /home/travis/build/icyphy/ptII/ptolemy/domains/modal/test/auto/Blending.xml
----------------- Instantiating /home/travis/build/icyphy/ptII/ptolemy/domains/modal/test/auto/Blending.xml
179 ms. Memory: 165888K Free: 80361K (48%)
----------------- Invoking toplevel() on ptolemy.moml.MoMLSimpleApplication@1becb94a
----------------- Done invoking toplevel() on ptolemy.moml.MoMLSimpleApplication@1becb94a
reloadAllAccessors: .Blending

===========================================================================================
----------------- testing Wed Dec 04 06:23:05 UTC 2019 /home/travis/build/icyphy/ptII/ptolemy/domains/modal/test/auto/Broadcast.xml
----------------- Instantiating /home/travis/build/icyphy/ptII/ptolemy/domains/modal/test/auto/Broadcast.xml
9 ms. Memory: 165888K Free: 69626K (42%)
----------------- Invoking toplevel() on ptolemy.moml.MoMLSimpleApplication@3dc47da8
----------------- Done invoking toplevel() on ptolemy.moml.MoMLSimpleApplication@3dc47da8
reloadAllAccessors: .Broadcast

===========================================================================================
----------------- testing Wed Dec 04 06:23:05 UTC 2019 /home/travis/build/icyphy/ptII/ptolemy/domains/modal/test/auto/BroadcastHierarchy.xml
----------------- Instantiating /home/travis/build/icyphy/ptII/ptolemy/domains/modal/test/auto/BroadcastHierarchy.xml
12 ms. Memory: 165888K Free: 56314K (34%)
----------------- Invoking toplevel() on ptolemy.moml.MoMLSimpleApplication@683871cf
----------------- Done invoking toplevel() on ptolemy.moml.MoMLSimpleApplication@683871cf
reloadAllAccessors: .BroadcastHierarchy

===========================================================================================
----------------- testing Wed Dec 04 06:23:05 UTC 2019 /home/travis/build/icyphy/ptII/ptolemy/domains/modal/test/auto/BroadcastHierarchy2.xml
----------------- Instantiating /home/travis/build/icyphy/ptII/ptolemy/domains/modal/test/auto/BroadcastHierarchy2.xml
13 ms. Memory: 165888K Free: 122857K (74%)
----------------- Invoking toplevel() on ptolemy.moml.MoMLSimpleApplication@3e0b4c42
----------------- Done invoking toplevel() on ptolemy.moml.MoMLSimpleApplication@3e0b4c42
reloadAllAccessors: .BroadcastHierarchy2

===========================================================================================
----------------- testing Wed Dec 04 06:23:05 UTC 2019 /home/travis/build/icyphy/ptII/ptolemy/domains/modal/test/auto/BroadcastHierarchy3.xml
----------------- Instantiating /home/travis/build/icyphy/ptII/ptolemy/domains/modal/test/auto/BroadcastHierarchy3.xml
13 ms. Memory: 165888K Free: 102392K (62%)
----------------- Invoking toplevel() on ptolemy.moml.MoMLSimpleApplication@5c2529eb
----------------- Done invoking toplevel() on ptolemy.moml.MoMLSimpleApplication@5c2529eb
reloadAllAccessors: .BroadcastHierarchy3

===========================================================================================
----------------- testing Wed Dec 04 06:23:05 UTC 2019 /home/travis/build/icyphy/ptII/ptolemy/domains/modal/test/auto/BroadcastHierarchy4.xml
----------------- Instantiating /home/travis/build/icyphy/ptII/ptolemy/domains/modal/test/auto/BroadcastHierarchy4.xml
19 ms. Memory: 165888K Free: 77816K (47%)
----------------- Invoking toplevel() on ptolemy.moml.MoMLSimpleApplication@6187c5ed
----------------- Done invoking toplevel() on ptolemy.moml.MoMLSimpleApplication@6187c5ed
reloadAllAccessors: .BroadcastHierarchy4

===========================================================================================
----------------- testing Wed Dec 04 06:23:05 UTC 2019 /home/travis/build/icyphy/ptII/ptolemy/domains/modal/test/auto/CannotAnalysisWithPreemption2.xml
----------------- Instantiating /home/travis/build/icyphy/ptII/ptolemy/domains/modal/test/auto/CannotAnalysisWithPreemption2.xml
5 ms. Memory: 165888K Free: 70633K (43%)
----------------- Invoking toplevel() on ptolemy.moml.MoMLSimpleApplication@6ab8640c
----------------- Done invoking toplevel() on ptolemy.moml.MoMLSimpleApplication@6ab8640c
reloadAllAccessors: .CannotAnalysisWithPreemption2

===========================================================================================
----------------- testing Wed Dec 04 06:23:05 UTC 2019 /home/travis/build/icyphy/ptII/ptolemy/domains/modal/test/auto/CannotAnalysisWithPreemption3.xml
----------------- Instantiating /home/travis/build/icyphy/ptII/ptolemy/domains/modal/test/auto/CannotAnalysisWithPreemption3.xml
9 ms. Memory: 165888K Free: 60377K (36%)
----------------- Invoking toplevel() on ptolemy.moml.MoMLSimpleApplication@c207ff7
----------------- Done invoking toplevel() on ptolemy.moml.MoMLSimpleApplication@c207ff7
reloadAllAccessors: .CannotAnalysisWithPreemption3

===========================================================================================
----------------- testing Wed Dec 04 06:23:05 UTC 2019 /home/travis/build/icyphy/ptII/ptolemy/domains/modal/test/auto/CannotProduce.xml
----------------- Instantiating /home/travis/build/icyphy/ptII/ptolemy/domains/modal/test/auto/CannotProduce.xml
13 ms. Memory: 165888K Free: 53754K (32%)
----------------- Invoking toplevel() on ptolemy.moml.MoMLSimpleApplication@328bb8c6
----------------- Done invoking toplevel() on ptolemy.moml.MoMLSimpleApplication@328bb8c6
reloadAllAccessors: .CannotProduce

===========================================================================================
----------------- testing Wed Dec 04 06:23:05 UTC 2019 /home/travis/build/icyphy/ptII/ptolemy/domains/modal/test/auto/CannotProduceModal.xml
----------------- Instantiating /home/travis/build/icyphy/ptII/ptolemy/domains/modal/test/auto/CannotProduceModal.xml
16 ms. Memory: 199680K Free: 175146K (88%)
----------------- Invoking toplevel() on ptolemy.moml.MoMLSimpleApplication@4a6a97b2
----------------- Done invoking toplevel() on ptolemy.moml.MoMLSimpleApplication@4a6a97b2
reloadAllAccessors: .CannotProduceModal

===========================================================================================
----------------- testing Wed Dec 04 06:23:05 UTC 2019 /home/travis/build/icyphy/ptII/ptolemy/domains/modal/test/auto/Case.xml
----------------- Instantiating /home/travis/build/icyphy/ptII/ptolemy/domains/modal/test/auto/Case.xml
35 ms. Memory: 199680K Free: 163882K (82%)
----------------- Invoking toplevel() on ptolemy.moml.MoMLSimpleApplication@390cf36d
----------------- Done invoking toplevel() on ptolemy.moml.MoMLSimpleApplication@390cf36d
reloadAllAccessors: .Case

===========================================================================================
----------------- testing Wed Dec 04 06:23:05 UTC 2019 /home/travis/build/icyphy/ptII/ptolemy/domains/modal/test/auto/Case1.xml
----------------- Instantiating /home/travis/build/icyphy/ptII/ptolemy/domains/modal/test/auto/Case1.xml
12 ms. Memory: 199680K Free: 156714K (78%)
----------------- Invoking toplevel() on ptolemy.moml.MoMLSimpleApplication@4a396ba0
----------------- Done invoking toplevel() on ptolemy.moml.MoMLSimpleApplication@4a396ba0
reloadAllAccessors: .Case1

===========================================================================================
----------------- testing Wed Dec 04 06:23:05 UTC 2019 /home/travis/build/icyphy/ptII/ptolemy/domains/modal/test/auto/Case2.xml
----------------- Instantiating /home/travis/build/icyphy/ptII/ptolemy/domains/modal/test/auto/Case2.xml
28 ms. Memory: 199680K Free: 145964K (73%)
----------------- Invoking toplevel() on ptolemy.moml.MoMLSimpleApplication@4cd13e12
----------------- Done invoking toplevel() on ptolemy.moml.MoMLSimpleApplication@4cd13e12
reloadAllAccessors: .Case2

===========================================================================================
----------------- testing Wed Dec 04 06:23:05 UTC 2019 /home/travis/build/icyphy/ptII/ptolemy/domains/modal/test/auto/CausalityInterface1.xml
----------------- Instantiating /home/travis/build/icyphy/ptII/ptolemy/domains/modal/test/auto/CausalityInterface1.xml
4 ms. Memory: 199680K Free: 140844K (71%)
----------------- Invoking toplevel() on ptolemy.moml.MoMLSimpleApplication@470a1fff
----------------- Done invoking toplevel() on ptolemy.moml.MoMLSimpleApplication@470a1fff
reloadAllAccessors: .CausalityInterface1

===========================================================================================
----------------- testing Wed Dec 04 06:23:05 UTC 2019 /home/travis/build/icyphy/ptII/ptolemy/domains/modal/test/auto/CausalityInterface10.xml
----------------- Instantiating /home/travis/build/icyphy/ptII/ptolemy/domains/modal/test/auto/CausalityInterface10.xml
10 ms. Memory: 199680K Free: 127532K (64%)
----------------- Invoking toplevel() on ptolemy.moml.MoMLSimpleApplication@7beef581
----------------- Done invoking toplevel() on ptolemy.moml.MoMLSimpleApplication@7beef581
reloadAllAccessors: .CausalityInterface10

===========================================================================================
----------------- testing Wed Dec 04 06:23:05 UTC 2019 /home/travis/build/icyphy/ptII/ptolemy/domains/modal/test/auto/CausalityInterface11.xml
----------------- Instantiating /home/travis/build/icyphy/ptII/ptolemy/domains/modal/test/auto/CausalityInterface11.xml
10 ms. Memory: 199680K Free: 114220K (57%)
----------------- Invoking toplevel() on ptolemy.moml.MoMLSimpleApplication@6a6ee087
----------------- Done invoking toplevel() on ptolemy.moml.MoMLSimpleApplication@6a6ee087
reloadAllAccessors: .CausalityInterface11

===========================================================================================
----------------- testing Wed Dec 04 06:23:05 UTC 2019 /home/travis/build/icyphy/ptII/ptolemy/domains/modal/test/auto/CausalityInterface12.xml
----------------- Instantiating /home/travis/build/icyphy/ptII/ptolemy/domains/modal/test/auto/CausalityInterface12.xml
8 ms. Memory: 199680K Free: 100908K (51%)
----------------- Invoking toplevel() on ptolemy.moml.MoMLSimpleApplication@4d87af7b
----------------- Done invoking toplevel() on ptolemy.moml.MoMLSimpleApplication@4d87af7b
reloadAllAccessors: .CausalityInterface12

===========================================================================================
----------------- testing Wed Dec 04 06:23:05 UTC 2019 /home/travis/build/icyphy/ptII/ptolemy/domains/modal/test/auto/CausalityInterface13.xml
----------------- Instantiating /home/travis/build/icyphy/ptII/ptolemy/domains/modal/test/auto/CausalityInterface13.xml
11 ms. Memory: 199680K Free: 87076K (44%)
----------------- Invoking toplevel() on ptolemy.moml.MoMLSimpleApplication@1a263b50
----------------- Done invoking toplevel() on ptolemy.moml.MoMLSimpleApplication@1a263b50
reloadAllAccessors: .CausalityInterface13

===========================================================================================
----------------- testing Wed Dec 04 06:23:06 UTC 2019 /home/travis/build/icyphy/ptII/ptolemy/domains/modal/test/auto/CausalityInterface14.xml
----------------- Instantiating /home/travis/build/icyphy/ptII/ptolemy/domains/modal/test/auto/CausalityInterface14.xml
6 ms. Memory: 199680K Free: 73260K (37%)
----------------- Invoking toplevel() on ptolemy.moml.MoMLSimpleApplication@5bc2e562
----------------- Done invoking toplevel() on ptolemy.moml.MoMLSimpleApplication@5bc2e562
reloadAllAccessors: .CausalityInterface14

===========================================================================================
----------------- testing Wed Dec 04 06:23:06 UTC 2019 /home/travis/build/icyphy/ptII/ptolemy/domains/modal/test/auto/CausalityInterface2.xml
----------------- Instantiating /home/travis/build/icyphy/ptII/ptolemy/domains/modal/test/auto/CausalityInterface2.xml
4 ms. Memory: 199680K Free: 175713K (88%)
----------------- Invoking toplevel() on ptolemy.moml.MoMLSimpleApplication@687c0666
----------------- Done invoking toplevel() on ptolemy.moml.MoMLSimpleApplication@687c0666
reloadAllAccessors: .CausalityInterface2

===========================================================================================
----------------- testing Wed Dec 04 06:23:06 UTC 2019 /home/travis/build/icyphy/ptII/ptolemy/domains/modal/test/auto/CausalityInterface3.xml
----------------- Instantiating /home/travis/build/icyphy/ptII/ptolemy/domains/modal/test/auto/CausalityInterface3.xml
3 ms. Memory: 199680K Free: 169571K (85%)
----------------- Invoking toplevel() on ptolemy.moml.MoMLSimpleApplication@61ded79f
----------------- Done invoking toplevel() on ptolemy.moml.MoMLSimpleApplication@61ded79f
reloadAllAccessors: .CausalityInterface3

===========================================================================================
----------------- testing Wed Dec 04 06:23:06 UTC 2019 /home/travis/build/icyphy/ptII/ptolemy/domains/modal/test/auto/CausalityInterface4.xml
----------------- Instantiating /home/travis/build/icyphy/ptII/ptolemy/domains/modal/test/auto/CausalityInterface4.xml
5 ms. Memory: 199680K Free: 162907K (82%)
----------------- Invoking toplevel() on ptolemy.moml.MoMLSimpleApplication@1214eb38
----------------- Done invoking toplevel() on ptolemy.moml.MoMLSimpleApplication@1214eb38
reloadAllAccessors: .CausalityInterface4

===========================================================================================
----------------- testing Wed Dec 04 06:23:06 UTC 2019 /home/travis/build/icyphy/ptII/ptolemy/domains/modal/test/auto/CausalityInterface5.xml
----------------- Instantiating /home/travis/build/icyphy/ptII/ptolemy/domains/modal/test/auto/CausalityInterface5.xml
5 ms. Memory: 199680K Free: 154721K (77%)
----------------- Invoking toplevel() on ptolemy.moml.MoMLSimpleApplication@6817dd20
----------------- Done invoking toplevel() on ptolemy.moml.MoMLSimpleApplication@6817dd20
reloadAllAccessors: .CausalityInterface5

===========================================================================================
----------------- testing Wed Dec 04 06:23:06 UTC 2019 /home/travis/build/icyphy/ptII/ptolemy/domains/modal/test/auto/CausalityInterface6.xml
----------------- Instantiating /home/travis/build/icyphy/ptII/ptolemy/domains/modal/test/auto/CausalityInterface6.xml
12 ms. Memory: 199680K Free: 146515K (73%)
----------------- Invoking toplevel() on ptolemy.moml.MoMLSimpleApplication@7dad37d9
----------------- Done invoking toplevel() on ptolemy.moml.MoMLSimpleApplication@7dad37d9
reloadAllAccessors: .CausalityInterface6

===========================================================================================
----------------- testing Wed Dec 04 06:23:06 UTC 2019 /home/travis/build/icyphy/ptII/ptolemy/domains/modal/test/auto/CausalityInterface7.xml
----------------- Instantiating /home/travis/build/icyphy/ptII/ptolemy/domains/modal/test/auto/CausalityInterface7.xml
10 ms. Memory: 199680K Free: 138337K (69%)
----------------- Invoking toplevel() on ptolemy.moml.MoMLSimpleApplication@7d72f82c
----------------- Done invoking toplevel() on ptolemy.moml.MoMLSimpleApplication@7d72f82c
reloadAllAccessors: .CausalityInterface7

===========================================================================================
----------------- testing Wed Dec 04 06:23:06 UTC 2019 /home/travis/build/icyphy/ptII/ptolemy/domains/modal/test/auto/CausalityInterface8.xml
----------------- Instantiating /home/travis/build/icyphy/ptII/ptolemy/domains/modal/test/auto/CausalityInterface8.xml
5 ms. Memory: 199680K Free: 129635K (65%)
----------------- Invoking toplevel() on ptolemy.moml.MoMLSimpleApplication@33ae2e5f
----------------- Done invoking toplevel() on ptolemy.moml.MoMLSimpleApplication@33ae2e5f
reloadAllAccessors: .CausalityInterface8

===========================================================================================
----------------- testing Wed Dec 04 06:23:06 UTC 2019 /home/travis/build/icyphy/ptII/ptolemy/domains/modal/test/auto/CausalityInterface9.xml
----------------- Instantiating /home/travis/build/icyphy/ptII/ptolemy/domains/modal/test/auto/CausalityInterface9.xml
5 ms. Memory: 199680K Free: 120419K (60%)
----------------- Invoking toplevel() on ptolemy.moml.MoMLSimpleApplication@3f1321cf
----------------- Done invoking toplevel() on ptolemy.moml.MoMLSimpleApplication@3f1321cf
reloadAllAccessors: .CausalityInterface9

===========================================================================================
----------------- testing Wed Dec 04 06:23:06 UTC 2019 /home/travis/build/icyphy/ptII/ptolemy/domains/modal/test/auto/ChainedTransitions.xml
----------------- Instantiating /home/travis/build/icyphy/ptII/ptolemy/domains/modal/test/auto/ChainedTransitions.xml
93 ms. Memory: 199680K Free: 95329K (48%)
----------------- Invoking toplevel() on ptolemy.moml.MoMLSimpleApplication@2744c9a9
----------------- Done invoking toplevel() on ptolemy.moml.MoMLSimpleApplication@2744c9a9
reloadAllAccessors: .ChainedTransitions

===========================================================================================
----------------- testing Wed Dec 04 06:23:06 UTC 2019 /home/travis/build/icyphy/ptII/ptolemy/domains/modal/test/auto/CycleOfImmediateTransitionsFSM.xml
----------------- Instantiating /home/travis/build/icyphy/ptII/ptolemy/domains/modal/test/auto/CycleOfImmediateTransitionsFSM.xml
2 ms. Memory: 199680K Free: 89699K (45%)
----------------- Invoking toplevel() on ptolemy.moml.MoMLSimpleApplication@7c999398
----------------- Done invoking toplevel() on ptolemy.moml.MoMLSimpleApplication@7c999398
reloadAllAccessors: .CycleOfImmediateTransitionsFSM

===========================================================================================
----------------- testing Wed Dec 04 06:23:06 UTC 2019 /home/travis/build/icyphy/ptII/ptolemy/domains/modal/test/auto/CycleOfImmediateTransitionsModal.xml
----------------- Instantiating /home/travis/build/icyphy/ptII/ptolemy/domains/modal/test/auto/CycleOfImmediateTransitionsModal.xml
2 ms. Memory: 199680K Free: 83555K (42%)
----------------- Invoking toplevel() on ptolemy.moml.MoMLSimpleApplication@3de2d180
----------------- Done invoking toplevel() on ptolemy.moml.MoMLSimpleApplication@3de2d180
reloadAllAccessors: .CycleOfImmediateTransitionsModal

===========================================================================================
----------------- testing Wed Dec 04 06:23:06 UTC 2019 /home/travis/build/icyphy/ptII/ptolemy/domains/modal/test/auto/CycleOfImmediateTransitionsModal2.xml
----------------- Instantiating /home/travis/build/icyphy/ptII/ptolemy/domains/modal/test/auto/CycleOfImmediateTransitionsModal2.xml
7 ms. Memory: 199680K Free: 77411K (39%)
----------------- Invoking toplevel() on ptolemy.moml.MoMLSimpleApplication@18c9e0d4
----------------- Done invoking toplevel() on ptolemy.moml.MoMLSimpleApplication@18c9e0d4
reloadAllAccessors: .CycleOfImmediateTransitionsModal2

===========================================================================================
----------------- testing Wed Dec 04 06:23:06 UTC 2019 /home/travis/build/icyphy/ptII/ptolemy/domains/modal/test/auto/CycleOfImmediateTransitionsModal3.xml
----------------- Instantiating /home/travis/build/icyphy/ptII/ptolemy/domains/modal/test/auto/CycleOfImmediateTransitionsModal3.xml
14 ms. Memory: 199680K Free: 168987K (85%)
----------------- Invoking toplevel() on ptolemy.moml.MoMLSimpleApplication@129dc438
----------------- Done invoking toplevel() on ptolemy.moml.MoMLSimpleApplication@129dc438
reloadAllAccessors: .CycleOfImmediateTransitionsModal3

===========================================================================================
----------------- testing Wed Dec 04 06:23:06 UTC 2019 /home/travis/build/icyphy/ptII/ptolemy/domains/modal/test/auto/DeepModal1.xml
----------------- Instantiating /home/travis/build/icyphy/ptII/ptolemy/domains/modal/test/auto/DeepModal1.xml
25 ms. Memory: 199680K Free: 155131K (78%)
----------------- Invoking toplevel() on ptolemy.moml.MoMLSimpleApplication@3447736d
----------------- Done invoking toplevel() on ptolemy.moml.MoMLSimpleApplication@3447736d
reloadAllAccessors: .DeepModal1

===========================================================================================
----------------- testing Wed Dec 04 06:23:06 UTC 2019 /home/travis/build/icyphy/ptII/ptolemy/domains/modal/test/auto/DeepModal2.xml
----------------- Instantiating /home/travis/build/icyphy/ptII/ptolemy/domains/modal/test/auto/DeepModal2.xml
24 ms. Memory: 199680K Free: 136729K (68%)
----------------- Invoking toplevel() on ptolemy.moml.MoMLSimpleApplication@73ce789
----------------- Done invoking toplevel() on ptolemy.moml.MoMLSimpleApplication@73ce789
reloadAllAccessors: .DeepModal2

===========================================================================================
----------------- testing Wed Dec 04 06:23:06 UTC 2019 /home/travis/build/icyphy/ptII/ptolemy/domains/modal/test/auto/DeepModal3.xml
----------------- Instantiating /home/travis/build/icyphy/ptII/ptolemy/domains/modal/test/auto/DeepModal3.xml
29 ms. Memory: 199680K Free: 117787K (59%)
----------------- Invoking toplevel() on ptolemy.moml.MoMLSimpleApplication@7e31443b
----------------- Done invoking toplevel() on ptolemy.moml.MoMLSimpleApplication@7e31443b
reloadAllAccessors: .DeepModal3

===========================================================================================
----------------- testing Wed Dec 04 06:23:06 UTC 2019 /home/travis/build/icyphy/ptII/ptolemy/domains/modal/test/auto/DeepModal4.xml
----------------- Instantiating /home/travis/build/icyphy/ptII/ptolemy/domains/modal/test/auto/DeepModal4.xml
33 ms. Memory: 199680K Free: 98827K (49%)
----------------- Invoking toplevel() on ptolemy.moml.MoMLSimpleApplication@3f29eec4
----------------- Done invoking toplevel() on ptolemy.moml.MoMLSimpleApplication@3f29eec4
reloadAllAccessors: .DeepModal4

===========================================================================================
----------------- testing Wed Dec 04 06:23:06 UTC 2019 /home/travis/build/icyphy/ptII/ptolemy/domains/modal/test/auto/Default1.xml
----------------- Instantiating /home/travis/build/icyphy/ptII/ptolemy/domains/modal/test/auto/Default1.xml
2 ms. Memory: 199680K Free: 92697K (46%)
----------------- Invoking toplevel() on ptolemy.moml.MoMLSimpleApplication@688a9d14
----------------- Done invoking toplevel() on ptolemy.moml.MoMLSimpleApplication@688a9d14
reloadAllAccessors: .Default1

===========================================================================================
----------------- testing Wed Dec 04 06:23:06 UTC 2019 /home/travis/build/icyphy/ptII/ptolemy/domains/modal/test/auto/Default2.xml
----------------- Instantiating /home/travis/build/icyphy/ptII/ptolemy/domains/modal/test/auto/Default2.xml
10 ms. Memory: 199680K Free: 87055K (44%)
----------------- Invoking toplevel() on ptolemy.moml.MoMLSimpleApplication@37bbf05c
----------------- Done invoking toplevel() on ptolemy.moml.MoMLSimpleApplication@37bbf05c
reloadAllAccessors: .Default2

===========================================================================================
----------------- testing Wed Dec 04 06:23:07 UTC 2019 /home/travis/build/icyphy/ptII/ptolemy/domains/modal/test/auto/Default3.xml
----------------- Instantiating /home/travis/build/icyphy/ptII/ptolemy/domains/modal/test/auto/Default3.xml
6 ms. Memory: 199680K Free: 80923K (41%)
----------------- Invoking toplevel() on ptolemy.moml.MoMLSimpleApplication@b6283e5
----------------- Done invoking toplevel() on ptolemy.moml.MoMLSimpleApplication@b6283e5
reloadAllAccessors: .Default3

===========================================================================================
----------------- testing Wed Dec 04 06:23:07 UTC 2019 /home/travis/build/icyphy/ptII/ptolemy/domains/modal/test/auto/Default4.xml
----------------- Instantiating /home/travis/build/icyphy/ptII/ptolemy/domains/modal/test/auto/Default4.xml
6 ms. Memory: 199680K Free: 74779K (37%)
----------------- Invoking toplevel() on ptolemy.moml.MoMLSimpleApplication@19458677
----------------- Done invoking toplevel() on ptolemy.moml.MoMLSimpleApplication@19458677
reloadAllAccessors: .Default4

===========================================================================================
----------------- testing Wed Dec 04 06:23:07 UTC 2019 /home/travis/build/icyphy/ptII/ptolemy/domains/modal/test/auto/Default5.xml
----------------- Instantiating /home/travis/build/icyphy/ptII/ptolemy/domains/modal/test/auto/Default5.xml
17 ms. Memory: 199680K Free: 180730K (91%)
----------------- Invoking toplevel() on ptolemy.moml.MoMLSimpleApplication@174143a0
----------------- Done invoking toplevel() on ptolemy.moml.MoMLSimpleApplication@174143a0
reloadAllAccessors: .Default5

===========================================================================================
----------------- testing Wed Dec 04 06:23:07 UTC 2019 /home/travis/build/icyphy/ptII/ptolemy/domains/modal/test/auto/EmptyGuard.xml
----------------- Instantiating /home/travis/build/icyphy/ptII/ptolemy/domains/modal/test/auto/EmptyGuard.xml
14 ms. Memory: 199680K Free: 172538K (86%)
----------------- Invoking toplevel() on ptolemy.moml.MoMLSimpleApplication@44c1e701
----------------- Done invoking toplevel() on ptolemy.moml.MoMLSimpleApplication@44c1e701
reloadAllAccessors: .EmptyGuard

===========================================================================================
----------------- testing Wed Dec 04 06:23:07 UTC 2019 /home/travis/build/icyphy/ptII/ptolemy/domains/modal/test/auto/ErrorTransition1.xml
----------------- Instantiating /home/travis/build/icyphy/ptII/ptolemy/domains/modal/test/auto/ErrorTransition1.xml
11 ms. Memory: 199680K Free: 163832K (82%)
----------------- Invoking toplevel() on ptolemy.moml.MoMLSimpleApplication@5dce2617
----------------- Done invoking toplevel() on ptolemy.moml.MoMLSimpleApplication@5dce2617
reloadAllAccessors: .ErrorTransition1

===========================================================================================
----------------- testing Wed Dec 04 06:23:07 UTC 2019 /home/travis/build/icyphy/ptII/ptolemy/domains/modal/test/auto/ErrorTransition10.xml
----------------- Instantiating /home/travis/build/icyphy/ptII/ptolemy/domains/modal/test/auto/ErrorTransition10.xml
15 ms. Memory: 199680K Free: 150010K (75%)
----------------- Invoking toplevel() on ptolemy.moml.MoMLSimpleApplication@6db8a8ac
----------------- Done invoking toplevel() on ptolemy.moml.MoMLSimpleApplication@6db8a8ac
reloadAllAccessors: .ErrorTransition10

===========================================================================================
----------------- testing Wed Dec 04 06:23:07 UTC 2019 /home/travis/build/icyphy/ptII/ptolemy/domains/modal/test/auto/ErrorTransition11.xml
----------------- Instantiating /home/travis/build/icyphy/ptII/ptolemy/domains/modal/test/auto/ErrorTransition11.xml
4 ms. Memory: 199680K Free: 138232K (69%)
----------------- Invoking toplevel() on ptolemy.moml.MoMLSimpleApplication@2d5dd8ce
----------------- Done invoking toplevel() on ptolemy.moml.MoMLSimpleApplication@2d5dd8ce
reloadAllAccessors: .ErrorTransition11

===========================================================================================
----------------- testing Wed Dec 04 06:23:07 UTC 2019 /home/travis/build/icyphy/ptII/ptolemy/domains/modal/test/auto/ErrorTransition2.xml
----------------- Instantiating /home/travis/build/icyphy/ptII/ptolemy/domains/modal/test/auto/ErrorTransition2.xml
9 ms. Memory: 199680K Free: 129528K (65%)
----------------- Invoking toplevel() on ptolemy.moml.MoMLSimpleApplication@72be8b7f
----------------- Done invoking toplevel() on ptolemy.moml.MoMLSimpleApplication@72be8b7f
reloadAllAccessors: .ErrorTransition2

===========================================================================================
----------------- testing Wed Dec 04 06:23:07 UTC 2019 /home/travis/build/icyphy/ptII/ptolemy/domains/modal/test/auto/ErrorTransition3.xml
----------------- Instantiating /home/travis/build/icyphy/ptII/ptolemy/domains/modal/test/auto/ErrorTransition3.xml
21 ms. Memory: 199680K Free: 119800K (60%)
----------------- Invoking toplevel() on ptolemy.moml.MoMLSimpleApplication@3b7f8bd8
----------------- Done invoking toplevel() on ptolemy.moml.MoMLSimpleApplication@3b7f8bd8
reloadAllAccessors: .ErrorTransition3

===========================================================================================
----------------- testing Wed Dec 04 06:23:07 UTC 2019 /home/travis/build/icyphy/ptII/ptolemy/domains/modal/test/auto/ErrorTransition4.xml
----------------- Instantiating /home/travis/build/icyphy/ptII/ptolemy/domains/modal/test/auto/ErrorTransition4.xml
15 ms. Memory: 199680K Free: 108536K (54%)
----------------- Invoking toplevel() on ptolemy.moml.MoMLSimpleApplication@6508b35d
----------------- Done invoking toplevel() on ptolemy.moml.MoMLSimpleApplication@6508b35d
reloadAllAccessors: .ErrorTransition4

===========================================================================================
----------------- testing Wed Dec 04 06:23:07 UTC 2019 /home/travis/build/icyphy/ptII/ptolemy/domains/modal/test/auto/ErrorTransition5.xml
----------------- Instantiating /home/travis/build/icyphy/ptII/ptolemy/domains/modal/test/auto/ErrorTransition5.xml
8 ms. Memory: 199680K Free: 98265K (49%)
----------------- Invoking toplevel() on ptolemy.moml.MoMLSimpleApplication@2f2d6363
----------------- Done invoking toplevel() on ptolemy.moml.MoMLSimpleApplication@2f2d6363
reloadAllAccessors: .ErrorTransition5

===========================================================================================
----------------- testing Wed Dec 04 06:23:07 UTC 2019 /home/travis/build/icyphy/ptII/ptolemy/domains/modal/test/auto/ErrorTransition6.xml
----------------- Instantiating /home/travis/build/icyphy/ptII/ptolemy/domains/modal/test/auto/ErrorTransition6.xml
10 ms. Memory: 199680K Free: 87546K (44%)
----------------- Invoking toplevel() on ptolemy.moml.MoMLSimpleApplication@7bb1ee10
----------------- Done invoking toplevel() on ptolemy.moml.MoMLSimpleApplication@7bb1ee10
reloadAllAccessors: .ErrorTransition6

===========================================================================================
----------------- testing Wed Dec 04 06:23:07 UTC 2019 /home/travis/build/icyphy/ptII/ptolemy/domains/modal/test/auto/ErrorTransition7.xml
----------------- Instantiating /home/travis/build/icyphy/ptII/ptolemy/domains/modal/test/auto/ErrorTransition7.xml
19 ms. Memory: 199680K Free: 74737K (37%)
----------------- Invoking toplevel() on ptolemy.moml.MoMLSimpleApplication@4f40d9e2
----------------- Done invoking toplevel() on ptolemy.moml.MoMLSimpleApplication@4f40d9e2
reloadAllAccessors: .ErrorTransition7

===========================================================================================
----------------- testing Wed Dec 04 06:23:07 UTC 2019 /home/travis/build/icyphy/ptII/ptolemy/domains/modal/test/auto/ErrorTransition8.xml
----------------- Instantiating /home/travis/build/icyphy/ptII/ptolemy/domains/modal/test/auto/ErrorTransition8.xml
36 ms. Memory: 240640K Free: 217105K (90%)
----------------- Invoking toplevel() on ptolemy.moml.MoMLSimpleApplication@31e3acee
----------------- Done invoking toplevel() on ptolemy.moml.MoMLSimpleApplication@31e3acee
reloadAllAccessors: .ErrorTransition8

===========================================================================================
----------------- testing Wed Dec 04 06:23:07 UTC 2019 /home/travis/build/icyphy/ptII/ptolemy/domains/modal/test/auto/ErrorTransition9.xml
----------------- Instantiating /home/travis/build/icyphy/ptII/ptolemy/domains/modal/test/auto/ErrorTransition9.xml
11 ms. Memory: 240640K Free: 203793K (85%)
----------------- Invoking toplevel() on ptolemy.moml.MoMLSimpleApplication@22923400
----------------- Done invoking toplevel() on ptolemy.moml.MoMLSimpleApplication@22923400
reloadAllAccessors: .ErrorTransition9

===========================================================================================
----------------- testing Wed Dec 04 06:23:07 UTC 2019 /home/travis/build/icyphy/ptII/ptolemy/domains/modal/test/auto/ExtendedFSM.xml
----------------- Instantiating /home/travis/build/icyphy/ptII/ptolemy/domains/modal/test/auto/ExtendedFSM.xml
9 ms. Memory: 240640K Free: 195073K (81%)
----------------- Invoking toplevel() on ptolemy.moml.MoMLSimpleApplication@3921a7cb
----------------- Done invoking toplevel() on ptolemy.moml.MoMLSimpleApplication@3921a7cb
reloadAllAccessors: .ExtendedFSM

===========================================================================================
----------------- testing Wed Dec 04 06:23:07 UTC 2019 /home/travis/build/icyphy/ptII/ptolemy/domains/modal/test/auto/FinalStates.xml
----------------- Instantiating /home/travis/build/icyphy/ptII/ptolemy/domains/modal/test/auto/FinalStates.xml
8 ms. Memory: 240640K Free: 186881K (78%)
----------------- Invoking toplevel() on ptolemy.moml.MoMLSimpleApplication@5f0f9745
----------------- Done invoking toplevel() on ptolemy.moml.MoMLSimpleApplication@5f0f9745
reloadAllAccessors: .FinalStates

===========================================================================================
----------------- testing Wed Dec 04 06:23:07 UTC 2019 /home/travis/build/icyphy/ptII/ptolemy/domains/modal/test/auto/FixedPointFSM.xml
----------------- Instantiating /home/travis/build/icyphy/ptII/ptolemy/domains/modal/test/auto/FixedPointFSM.xml
22 ms. Memory: 240640K Free: 172049K (71%)
----------------- Invoking toplevel() on ptolemy.moml.MoMLSimpleApplication@4171720c
----------------- Done invoking toplevel() on ptolemy.moml.MoMLSimpleApplication@4171720c
reloadAllAccessors: .FixedPointFSM

===========================================================================================
----------------- testing Wed Dec 04 06:23:07 UTC 2019 /home/travis/build/icyphy/ptII/ptolemy/domains/modal/test/auto/FixedPointIterationFSMActor.xml
----------------- Instantiating /home/travis/build/icyphy/ptII/ptolemy/domains/modal/test/auto/FixedPointIterationFSMActor.xml
9 ms. Memory: 240640K Free: 161289K (67%)
----------------- Invoking toplevel() on ptolemy.moml.MoMLSimpleApplication@5928949b
----------------- Done invoking toplevel() on ptolemy.moml.MoMLSimpleApplication@5928949b
reloadAllAccessors: .FixedPointIterationFSMActor

===========================================================================================
----------------- testing Wed Dec 04 06:23:07 UTC 2019 /home/travis/build/icyphy/ptII/ptolemy/domains/modal/test/auto/FixedPointIterationFSMActor2.xml
----------------- Instantiating /home/travis/build/icyphy/ptII/ptolemy/domains/modal/test/auto/FixedPointIterationFSMActor2.xml
11 ms. Memory: 240640K Free: 149001K (62%)
----------------- Invoking toplevel() on ptolemy.moml.MoMLSimpleApplication@1495118f
----------------- Done invoking toplevel() on ptolemy.moml.MoMLSimpleApplication@1495118f
reloadAllAccessors: .FixedPointIterationFSMActor2

===========================================================================================
----------------- testing Wed Dec 04 06:23:07 UTC 2019 /home/travis/build/icyphy/ptII/ptolemy/domains/modal/test/auto/ForbiddenInstantanousLoop.xml
----------------- Instantiating /home/travis/build/icyphy/ptII/ptolemy/domains/modal/test/auto/ForbiddenInstantanousLoop.xml
7 ms. Memory: 240640K Free: 137201K (57%)
----------------- Invoking toplevel() on ptolemy.moml.MoMLSimpleApplication@19093b74
----------------- Done invoking toplevel() on ptolemy.moml.MoMLSimpleApplication@19093b74
reloadAllAccessors: .ForbiddenInstantanousLoop

===========================================================================================
----------------- testing Wed Dec 04 06:23:07 UTC 2019 /home/travis/build/icyphy/ptII/ptolemy/domains/modal/test/auto/FunctionDependencyOfFSMActorTest.xml
----------------- Instantiating /home/travis/build/icyphy/ptII/ptolemy/domains/modal/test/auto/FunctionDependencyOfFSMActorTest.xml
6 ms. Memory: 240640K Free: 130065K (54%)
----------------- Invoking toplevel() on ptolemy.moml.MoMLSimpleApplication@699c383
----------------- Done invoking toplevel() on ptolemy.moml.MoMLSimpleApplication@699c383
reloadAllAccessors: .FunctionDependencyOfFSMActorTest

===========================================================================================
----------------- testing Wed Dec 04 06:23:07 UTC 2019 /home/travis/build/icyphy/ptII/ptolemy/domains/modal/test/auto/GuardExpression.xml
----------------- Instantiating /home/travis/build/icyphy/ptII/ptolemy/domains/modal/test/auto/GuardExpression.xml
2 ms. Memory: 240640K Free: 124945K (52%)
----------------- Invoking toplevel() on ptolemy.moml.MoMLSimpleApplication@646fdfca
----------------- Done invoking toplevel() on ptolemy.moml.MoMLSimpleApplication@646fdfca
reloadAllAccessors: .GuardExpression

===========================================================================================
----------------- testing Wed Dec 04 06:23:07 UTC 2019 /home/travis/build/icyphy/ptII/ptolemy/domains/modal/test/auto/GuardNotEvaluated.xml
----------------- Instantiating /home/travis/build/icyphy/ptII/ptolemy/domains/modal/test/auto/GuardNotEvaluated.xml
7 ms. Memory: 240640K Free: 116225K (48%)
----------------- Invoking toplevel() on ptolemy.moml.MoMLSimpleApplication@620109a3
----------------- Done invoking toplevel() on ptolemy.moml.MoMLSimpleApplication@620109a3
reloadAllAccessors: .GuardNotEvaluated

===========================================================================================
----------------- testing Wed Dec 04 06:23:07 UTC 2019 /home/travis/build/icyphy/ptII/ptolemy/domains/modal/test/auto/GuardNotEvaluated2.xml
----------------- Instantiating /home/travis/build/icyphy/ptII/ptolemy/domains/modal/test/auto/GuardNotEvaluated2.xml
9 ms. Memory: 240640K Free: 106513K (44%)
----------------- Invoking toplevel() on ptolemy.moml.MoMLSimpleApplication@61a1fb53
----------------- Done invoking toplevel() on ptolemy.moml.MoMLSimpleApplication@61a1fb53
reloadAllAccessors: .GuardNotEvaluated2

===========================================================================================
----------------- testing Wed Dec 04 06:23:07 UTC 2019 /home/travis/build/icyphy/ptII/ptolemy/domains/modal/test/auto/GuardOnAbsent.xml
----------------- Instantiating /home/travis/build/icyphy/ptII/ptolemy/domains/modal/test/auto/GuardOnAbsent.xml
10 ms. Memory: 240640K Free: 98825K (41%)
----------------- Invoking toplevel() on ptolemy.moml.MoMLSimpleApplication@68d71494
----------------- Done invoking toplevel() on ptolemy.moml.MoMLSimpleApplication@68d71494
reloadAllAccessors: .GuardOnAbsent

===========================================================================================
----------------- testing Wed Dec 04 06:23:08 UTC 2019 /home/travis/build/icyphy/ptII/ptolemy/domains/modal/test/auto/HierarchicalFSMTypeInference.xml
----------------- Instantiating /home/travis/build/icyphy/ptII/ptolemy/domains/modal/test/auto/HierarchicalFSMTypeInference.xml
4 ms. Memory: 240640K Free: 88591K (37%)
----------------- Invoking toplevel() on ptolemy.moml.MoMLSimpleApplication@691b2b69
----------------- Done invoking toplevel() on ptolemy.moml.MoMLSimpleApplication@691b2b69
reloadAllAccessors: .HierarchicalFSMTypeInference

===========================================================================================
----------------- testing Wed Dec 04 06:23:08 UTC 2019 /home/travis/build/icyphy/ptII/ptolemy/domains/modal/test/auto/Hysteresis.xml
----------------- Instantiating /home/travis/build/icyphy/ptII/ptolemy/domains/modal/test/auto/Hysteresis.xml
16 ms. Memory: 240640K Free: 212983K (89%)
----------------- Invoking toplevel() on ptolemy.moml.MoMLSimpleApplication@21cdb02c
----------------- Done invoking toplevel() on ptolemy.moml.MoMLSimpleApplication@21cdb02c
reloadAllAccessors: .Hysteresis

===========================================================================================
----------------- testing Wed Dec 04 06:23:08 UTC 2019 /home/travis/build/icyphy/ptII/ptolemy/domains/modal/test/auto/HysteresisWithDefault.xml
----------------- Instantiating /home/travis/build/icyphy/ptII/ptolemy/domains/modal/test/auto/HysteresisWithDefault.xml
47 ms. Memory: 240640K Free: 189959K (79%)
----------------- Invoking toplevel() on ptolemy.moml.MoMLSimpleApplication@12b66e43
----------------- Done invoking toplevel() on ptolemy.moml.MoMLSimpleApplication@12b66e43
reloadAllAccessors: .HysteresisWithDefault

===========================================================================================
----------------- testing Wed Dec 04 06:23:08 UTC 2019 /home/travis/build/icyphy/ptII/ptolemy/domains/modal/test/auto/HysteresisWithDefault2.xml
----------------- Instantiating /home/travis/build/icyphy/ptII/ptolemy/domains/modal/test/auto/HysteresisWithDefault2.xml
51 ms. Memory: 240640K Free: 160261K (67%)
----------------- Invoking toplevel() on ptolemy.moml.MoMLSimpleApplication@4ad0203d
----------------- Done invoking toplevel() on ptolemy.moml.MoMLSimpleApplication@4ad0203d
reloadAllAccessors: .HysteresisWithDefault2

===========================================================================================
----------------- testing Wed Dec 04 06:23:08 UTC 2019 /home/travis/build/icyphy/ptII/ptolemy/domains/modal/test/auto/ImmediateNonConstructiveness.xml
----------------- Instantiating /home/travis/build/icyphy/ptII/ptolemy/domains/modal/test/auto/ImmediateNonConstructiveness.xml
2 ms. Memory: 240640K Free: 153095K (64%)
----------------- Invoking toplevel() on ptolemy.moml.MoMLSimpleApplication@8b8c0fe
----------------- Done invoking toplevel() on ptolemy.moml.MoMLSimpleApplication@8b8c0fe
reloadAllAccessors: .ImmediateNonConstructiveness

===========================================================================================
----------------- testing Wed Dec 04 06:23:08 UTC 2019 /home/travis/build/icyphy/ptII/ptolemy/domains/modal/test/auto/ImmediateNonConstructiveness2.xml
----------------- Instantiating /home/travis/build/icyphy/ptII/ptolemy/domains/modal/test/auto/ImmediateNonConstructiveness2.xml
3 ms. Memory: 240640K Free: 146437K (61%)
----------------- Invoking toplevel() on ptolemy.moml.MoMLSimpleApplication@3d5be2e5
----------------- Done invoking toplevel() on ptolemy.moml.MoMLSimpleApplication@3d5be2e5
reloadAllAccessors: .ImmediateNonConstructiveness2

===========================================================================================
----------------- testing Wed Dec 04 06:23:08 UTC 2019 /home/travis/build/icyphy/ptII/ptolemy/domains/modal/test/auto/ImmediateTransitionReset.xml
----------------- Instantiating /home/travis/build/icyphy/ptII/ptolemy/domains/modal/test/auto/ImmediateTransitionReset.xml
8 ms. Memory: 240640K Free: 134663K (56%)
----------------- Invoking toplevel() on ptolemy.moml.MoMLSimpleApplication@51631e97
----------------- Done invoking toplevel() on ptolemy.moml.MoMLSimpleApplication@51631e97
reloadAllAccessors: .ImmediateTransitionReset

===========================================================================================
----------------- testing Wed Dec 04 06:23:08 UTC 2019 /home/travis/build/icyphy/ptII/ptolemy/domains/modal/test/auto/ImmediateTransitions1.xml
----------------- Instantiating /home/travis/build/icyphy/ptII/ptolemy/domains/modal/test/auto/ImmediateTransitions1.xml
2 ms. Memory: 240640K Free: 129543K (54%)
----------------- Invoking toplevel() on ptolemy.moml.MoMLSimpleApplication@1a302e8d
----------------- Done invoking toplevel() on ptolemy.moml.MoMLSimpleApplication@1a302e8d
reloadAllAccessors: .ImmediateTransitions1

===========================================================================================
----------------- testing Wed Dec 04 06:23:08 UTC 2019 /home/travis/build/icyphy/ptII/ptolemy/domains/modal/test/auto/ImmediateTransitionsInstantaneousCommunication.xml
----------------- Instantiating /home/travis/build/icyphy/ptII/ptolemy/domains/modal/test/auto/ImmediateTransitionsInstantaneousCommunication.xml
4 ms. Memory: 240640K Free: 117255K (49%)
----------------- Invoking toplevel() on ptolemy.moml.MoMLSimpleApplication@61c43d78
----------------- Done invoking toplevel() on ptolemy.moml.MoMLSimpleApplication@61c43d78
reloadAllAccessors: .ImmediateTransitionsInstantaneousCommunication

===========================================================================================
----------------- testing Wed Dec 04 06:23:08 UTC 2019 /home/travis/build/icyphy/ptII/ptolemy/domains/modal/test/auto/InitialImmediateTransition.xml
----------------- Instantiating /home/travis/build/icyphy/ptII/ptolemy/domains/modal/test/auto/InitialImmediateTransition.xml
4 ms. Memory: 240640K Free: 110087K (46%)
----------------- Invoking toplevel() on ptolemy.moml.MoMLSimpleApplication@40657d57
----------------- Done invoking toplevel() on ptolemy.moml.MoMLSimpleApplication@40657d57
reloadAllAccessors: .InitialImmediateTransition

===========================================================================================
----------------- testing Wed Dec 04 06:23:08 UTC 2019 /home/travis/build/icyphy/ptII/ptolemy/domains/modal/test/auto/InitialOutputs.xml
----------------- Instantiating /home/travis/build/icyphy/ptII/ptolemy/domains/modal/test/auto/InitialOutputs.xml
4 ms. Memory: 240640K Free: 103943K (43%)
----------------- Invoking toplevel() on ptolemy.moml.MoMLSimpleApplication@3cdb367c
----------------- Done invoking toplevel() on ptolemy.moml.MoMLSimpleApplication@3cdb367c
reloadAllAccessors: .InitialOutputs

===========================================================================================
----------------- testing Wed Dec 04 06:23:08 UTC 2019 /home/travis/build/icyphy/ptII/ptolemy/domains/modal/test/auto/InitialStateTransition1.xml
----------------- Instantiating /home/travis/build/icyphy/ptII/ptolemy/domains/modal/test/auto/InitialStateTransition1.xml
3 ms. Memory: 240640K Free: 96775K (40%)
----------------- Invoking toplevel() on ptolemy.moml.MoMLSimpleApplication@4e1fcfa1
----------------- Done invoking toplevel() on ptolemy.moml.MoMLSimpleApplication@4e1fcfa1
reloadAllAccessors: .InitialStateTransition1

===========================================================================================
----------------- testing Wed Dec 04 06:23:08 UTC 2019 /home/travis/build/icyphy/ptII/ptolemy/domains/modal/test/auto/InitialStateTransition2.xml
----------------- Instantiating /home/travis/build/icyphy/ptII/ptolemy/domains/modal/test/auto/InitialStateTransition2.xml
.InitialStateTransition2.TestExceptionAttributeNonConstructive: initialize() was not invoked, but wrapup() was.  This is unusual, but not always a problem.  For example, exporting JNLP will do this.
4 ms. Memory: 240640K Free: 89607K (37%)
----------------- Invoking toplevel() on ptolemy.moml.MoMLSimpleApplication@6c2e209
----------------- Done invoking toplevel() on ptolemy.moml.MoMLSimpleApplication@6c2e209
reloadAllAccessors: .InitialStateTransition2

===========================================================================================
----------------- testing Wed Dec 04 06:23:08 UTC 2019 /home/travis/build/icyphy/ptII/ptolemy/domains/modal/test/auto/InitialStateTransition3.xml
----------------- Instantiating /home/travis/build/icyphy/ptII/ptolemy/domains/modal/test/auto/InitialStateTransition3.xml
4 ms. Memory: 240640K Free: 219817K (91%)
----------------- Invoking toplevel() on ptolemy.moml.MoMLSimpleApplication@3db50360
----------------- Done invoking toplevel() on ptolemy.moml.MoMLSimpleApplication@3db50360
reloadAllAccessors: .InitialStateTransition3

===========================================================================================
----------------- testing Wed Dec 04 06:23:08 UTC 2019 /home/travis/build/icyphy/ptII/ptolemy/domains/modal/test/auto/InitialStateTransition4.xml
----------------- Instantiating /home/travis/build/icyphy/ptII/ptolemy/domains/modal/test/auto/InitialStateTransition4.xml
4 ms. Memory: 240640K Free: 209912K (87%)
----------------- Invoking toplevel() on ptolemy.moml.MoMLSimpleApplication@557bb705
----------------- Done invoking toplevel() on ptolemy.moml.MoMLSimpleApplication@557bb705
[...]
reloadAllAccessors: .TerminationTransition3

===========================================================================================
----------------- testing Wed Dec 04 06:23:10 UTC 2019 /home/travis/build/icyphy/ptII/ptolemy/domains/modal/test/auto/TerminationTransition4.xml
----------------- Instantiating /home/travis/build/icyphy/ptII/ptolemy/domains/modal/test/auto/TerminationTransition4.xml
6 ms. Memory: 295936K Free: 130398K (44%)
----------------- Invoking toplevel() on ptolemy.moml.MoMLSimpleApplication@2b111b45
----------------- Done invoking toplevel() on ptolemy.moml.MoMLSimpleApplication@2b111b45
reloadAllAccessors: .TerminationTransition4

===========================================================================================
----------------- testing Wed Dec 04 06:23:10 UTC 2019 /home/travis/build/icyphy/ptII/ptolemy/domains/modal/test/auto/TerminationTransition5.xml
----------------- Instantiating /home/travis/build/icyphy/ptII/ptolemy/domains/modal/test/auto/TerminationTransition5.xml
2 ms. Memory: 295936K Free: 116576K (39%)
----------------- Invoking toplevel() on ptolemy.moml.MoMLSimpleApplication@4d072133
----------------- Done invoking toplevel() on ptolemy.moml.MoMLSimpleApplication@4d072133
reloadAllAccessors: .TerminationTransition5

===========================================================================================
----------------- testing Wed Dec 04 06:23:10 UTC 2019 /home/travis/build/icyphy/ptII/ptolemy/domains/modal/test/auto/TerminationTransition6.xml
----------------- Instantiating /home/travis/build/icyphy/ptII/ptolemy/domains/modal/test/auto/TerminationTransition6.xml
2 ms. Memory: 295936K Free: 108384K (37%)
----------------- Invoking toplevel() on ptolemy.moml.MoMLSimpleApplication@72ab9631
----------------- Done invoking toplevel() on ptolemy.moml.MoMLSimpleApplication@72ab9631
reloadAllAccessors: .TerminationTransition6

===========================================================================================
----------------- testing Wed Dec 04 06:23:10 UTC 2019 /home/travis/build/icyphy/ptII/ptolemy/domains/modal/test/auto/TerminationTransition7.xml
----------------- Instantiating /home/travis/build/icyphy/ptII/ptolemy/domains/modal/test/auto/TerminationTransition7.xml
3 ms. Memory: 295936K Free: 271555K (92%)
----------------- Invoking toplevel() on ptolemy.moml.MoMLSimpleApplication@24f2cf88
----------------- Done invoking toplevel() on ptolemy.moml.MoMLSimpleApplication@24f2cf88
reloadAllAccessors: .TerminationTransition7

===========================================================================================
----------------- testing Wed Dec 04 06:23:10 UTC 2019 /home/travis/build/icyphy/ptII/ptolemy/domains/modal/test/auto/TerminationTransition8.xml
----------------- Instantiating /home/travis/build/icyphy/ptII/ptolemy/domains/modal/test/auto/TerminationTransition8.xml
2 ms. Memory: 295936K Free: 261810K (88%)
----------------- Invoking toplevel() on ptolemy.moml.MoMLSimpleApplication@38978f08
----------------- Done invoking toplevel() on ptolemy.moml.MoMLSimpleApplication@38978f08
reloadAllAccessors: .TerminationTransition8

===========================================================================================
----------------- testing Wed Dec 04 06:23:10 UTC 2019 /home/travis/build/icyphy/ptII/ptolemy/domains/modal/test/auto/Thermostat_NoHysteresis.xml
----------------- Instantiating /home/travis/build/icyphy/ptII/ptolemy/domains/modal/test/auto/Thermostat_NoHysteresis.xml
36 ms. Memory: 295936K Free: 237242K (80%)
----------------- Invoking toplevel() on ptolemy.moml.MoMLSimpleApplication@510da78f
----------------- Done invoking toplevel() on ptolemy.moml.MoMLSimpleApplication@510da78f
reloadAllAccessors: .Thermostat_NoHysteresis

===========================================================================================
----------------- testing Wed Dec 04 06:23:10 UTC 2019 /home/travis/build/icyphy/ptII/ptolemy/domains/modal/test/auto/TimedFSM.xml
----------------- Instantiating /home/travis/build/icyphy/ptII/ptolemy/domains/modal/test/auto/TimedFSM.xml
8 ms. Memory: 295936K Free: 225475K (76%)
----------------- Invoking toplevel() on ptolemy.moml.MoMLSimpleApplication@5e396543
----------------- Done invoking toplevel() on ptolemy.moml.MoMLSimpleApplication@5e396543
reloadAllAccessors: .TimedFSM

===========================================================================================
----------------- testing Wed Dec 04 06:23:10 UTC 2019 /home/travis/build/icyphy/ptII/ptolemy/domains/modal/test/auto/Timeout1.xml
----------------- Instantiating /home/travis/build/icyphy/ptII/ptolemy/domains/modal/test/auto/Timeout1.xml
3 ms. Memory: 295936K Free: 219826K (74%)
----------------- Invoking toplevel() on ptolemy.moml.MoMLSimpleApplication@7b00eb1
----------------- Done invoking toplevel() on ptolemy.moml.MoMLSimpleApplication@7b00eb1
reloadAllAccessors: .Timeout1

===========================================================================================
----------------- testing Wed Dec 04 06:23:10 UTC 2019 /home/travis/build/icyphy/ptII/ptolemy/domains/modal/test/auto/Timeout2.xml
----------------- Instantiating /home/travis/build/icyphy/ptII/ptolemy/domains/modal/test/auto/Timeout2.xml
7 ms. Memory: 295936K Free: 211139K (71%)
----------------- Invoking toplevel() on ptolemy.moml.MoMLSimpleApplication@521b0d48
----------------- Done invoking toplevel() on ptolemy.moml.MoMLSimpleApplication@521b0d48
reloadAllAccessors: .Timeout2

===========================================================================================
----------------- testing Wed Dec 04 06:23:10 UTC 2019 /home/travis/build/icyphy/ptII/ptolemy/domains/modal/test/auto/Timeout3.xml
----------------- Instantiating /home/travis/build/icyphy/ptII/ptolemy/domains/modal/test/auto/Timeout3.xml
2 ms. Memory: 295936K Free: 206019K (70%)
----------------- Invoking toplevel() on ptolemy.moml.MoMLSimpleApplication@67f2208a
----------------- Done invoking toplevel() on ptolemy.moml.MoMLSimpleApplication@67f2208a
reloadAllAccessors: .Timeout3

===========================================================================================
----------------- testing Wed Dec 04 06:23:10 UTC 2019 /home/travis/build/icyphy/ptII/ptolemy/domains/modal/test/auto/Timeout4.xml
----------------- Instantiating /home/travis/build/icyphy/ptII/ptolemy/domains/modal/test/auto/Timeout4.xml
2 ms. Memory: 295936K Free: 200899K (68%)
----------------- Invoking toplevel() on ptolemy.moml.MoMLSimpleApplication@2d3d20dd
----------------- Done invoking toplevel() on ptolemy.moml.MoMLSimpleApplication@2d3d20dd
reloadAllAccessors: .Timeout4

===========================================================================================
----------------- testing Wed Dec 04 06:23:10 UTC 2019 /home/travis/build/icyphy/ptII/ptolemy/domains/modal/test/auto/TransientstateModelAdvanced.xml
----------------- Instantiating /home/travis/build/icyphy/ptII/ptolemy/domains/modal/test/auto/TransientstateModelAdvanced.xml
3 ms. Memory: 295936K Free: 188611K (64%)
----------------- Invoking toplevel() on ptolemy.moml.MoMLSimpleApplication@5b42ad5d
----------------- Done invoking toplevel() on ptolemy.moml.MoMLSimpleApplication@5b42ad5d
reloadAllAccessors: .TransientstateModelAdvanced

===========================================================================================
----------------- testing Wed Dec 04 06:23:10 UTC 2019 /home/travis/build/icyphy/ptII/ptolemy/domains/modal/test/auto/TransientstateModelAdvanced2.xml
----------------- Instantiating /home/travis/build/icyphy/ptII/ptolemy/domains/modal/test/auto/TransientstateModelAdvanced2.xml
3 ms. Memory: 295936K Free: 174275K (59%)
----------------- Invoking toplevel() on ptolemy.moml.MoMLSimpleApplication@5f794d63
----------------- Done invoking toplevel() on ptolemy.moml.MoMLSimpleApplication@5f794d63
reloadAllAccessors: .transientstatemodelAdvanced

===========================================================================================
----------------- testing Wed Dec 04 06:23:10 UTC 2019 /home/travis/build/icyphy/ptII/ptolemy/domains/modal/test/auto/TransitionRefinements.xml
----------------- Instantiating /home/travis/build/icyphy/ptII/ptolemy/domains/modal/test/auto/TransitionRefinements.xml
6 ms. Memory: 295936K Free: 164530K (56%)
----------------- Invoking toplevel() on ptolemy.moml.MoMLSimpleApplication@5b520d8d
----------------- Done invoking toplevel() on ptolemy.moml.MoMLSimpleApplication@5b520d8d
reloadAllAccessors: .TransitionRefinements

===========================================================================================
----------------- testing Wed Dec 04 06:23:10 UTC 2019 /home/travis/build/icyphy/ptII/ptolemy/domains/modal/test/auto/TwoRefinements1.xml
----------------- Instantiating /home/travis/build/icyphy/ptII/ptolemy/domains/modal/test/auto/TwoRefinements1.xml
3 ms. Memory: 295936K Free: 154305K (52%)
----------------- Invoking toplevel() on ptolemy.moml.MoMLSimpleApplication@2a36435d
----------------- Done invoking toplevel() on ptolemy.moml.MoMLSimpleApplication@2a36435d
reloadAllAccessors: .TwoRefinements1

===========================================================================================
----------------- testing Wed Dec 04 06:23:10 UTC 2019 /home/travis/build/icyphy/ptII/ptolemy/domains/modal/test/auto/TwoRefinements2.xml
----------------- Instantiating /home/travis/build/icyphy/ptII/ptolemy/domains/modal/test/auto/TwoRefinements2.xml
3 ms. Memory: 295936K Free: 144579K (49%)
----------------- Invoking toplevel() on ptolemy.moml.MoMLSimpleApplication@39eecf74
----------------- Done invoking toplevel() on ptolemy.moml.MoMLSimpleApplication@39eecf74
reloadAllAccessors: .TwoRefinements2

===========================================================================================
----------------- testing Wed Dec 04 06:23:10 UTC 2019 /home/travis/build/icyphy/ptII/ptolemy/domains/modal/test/auto/WeakImmediateTransition.xml
----------------- Instantiating /home/travis/build/icyphy/ptII/ptolemy/domains/modal/test/auto/WeakImmediateTransition.xml
3 ms. Memory: 295936K Free: 135873K (46%)
----------------- Invoking toplevel() on ptolemy.moml.MoMLSimpleApplication@35f1dd87
----------------- Done invoking toplevel() on ptolemy.moml.MoMLSimpleApplication@35f1dd87
reloadAllAccessors: .WeakImmediateTransition

===========================================================================================
----------------- testing Wed Dec 04 06:23:10 UTC 2019 /home/travis/build/icyphy/ptII/ptolemy/domains/modal/test/auto/booleanSelect.xml
----------------- Instantiating /home/travis/build/icyphy/ptII/ptolemy/domains/modal/test/auto/booleanSelect.xml
24 ms. Memory: 295936K Free: 117955K (40%)
----------------- Invoking toplevel() on ptolemy.moml.MoMLSimpleApplication@1e41f543
----------------- Done invoking toplevel() on ptolemy.moml.MoMLSimpleApplication@1e41f543
reloadAllAccessors: .booleanSelect

===========================================================================================
----------------- testing Wed Dec 04 06:23:10 UTC 2019 /home/travis/build/icyphy/ptII/ptolemy/domains/modal/test/auto/modalChangingParams.xml
----------------- Instantiating /home/travis/build/icyphy/ptII/ptolemy/domains/modal/test/auto/modalChangingParams.xml
0
1
0
2
4
6
8
7
0
2
4
6
8
13
0
2
4
6
8
19
0
2
4
6
8
25
0
2
4
6
8
31
0
2
4
6
8
37
0
2
4
6
8
43
0
2
4
6
8
49
0
2
4
6
8
55
0
2
4
6
8
61
0
2
4
6
8
67
0
2
4
6
8
73
0
2
4
6
8
79
0
2
4
6
8
85
0
2
4
6
8
91
0
2
4
6
8
97
0
2
4
6
8
103
0
2
4
6
8
109
0
2
4
6
8
115
0
2
4
6
8
121
0
2
4
6
8
127
0
2
4
6
8
133
0
2
4
6
8
139
0
2
4
6
8
145
0
2
4
6
8
151
0
2
4
6
8
157
0
2
4
6
8
163
0
2
4
6
8
169
0
2
4
6
8
175
0
2
4
6
8
181
0
2
4
6
8
187
0
2
4
6
8
193
0
2
4
6
8
199
0
2
4
6
8
205
0
2
4
6
8
211
0
2
4
6
8
217
0
2
4
6
8
223
0
2
4
6
8
229
0
2
4
6
8
235
0
2
4
6
8
241
0
2
4
6
8
247
0
2
4
6
8
253
0
2
4
6
8
259
0
2
4
6
8
265
0
2
4
6
8
271
0
2
4
6
8
277
0
2
4
6
8
283
0
2
4
6
8
289
0
2
4
6
8
295
0
2
4
6
8
301
0
2
4
6
8
307
0
2
4
6
8
313
0
2
4
6
8
319
0
2
4
6
8
325
0
2
4
6
8
331
0
2
4
6
8
337
0
2
4
6
8
343
0
2
4
6
8
349
0
2
4
6
8
355
0
2
4
6
8
361
0
2
4
6
8
367
0
2
4
6
8
373
0
2
4
6
8
379
0
2
4
6
8
385
0
2
4
6
8
391
0
2
4
6
8
397
0
2
4
6
8
403
0
2
4
6
8
409
0
2
4
6
8
415
0
2
4
6
8
421
0
2
4
6
8
427
0
2
4
6
8
433
0
2
4
6
8
439
0
2
4
6
8
445
0
2
4
6
8
451
0
2
4
6
8
457
0
2
4
6
8
463
0
2
4
6
8
469
0
2
4
6
8
475
0
2
4
6
8
481
0
2
4
6
8
487
0
2
4
6
8
493
0
2
4
6
8
499
0
2
4
6
8
505
0
2
4
6
8
511
0
2
4
6
8
517
0
2
4
6
8
523
0
2
4
6
8
529
0
2
4
6
8
535
0
2
4
6
8
541
0
2
4
6
8
547
0
2
4
6
8
553
0
2
4
6
8
559
0
2
4
6
8
565
0
2
4
6
8
571
0
2
4
6
8
577
0
2
4
6
8
583
0
2
4
6
8
589
0
2
4
6
8
595
0
2
4
6
8
601
0
2
4
6
8
607
0
2
4
6
8
613
0
2
4
6
8
619
0
2
4
6
8
625
0
2
4
6
8
631
0
2
4
6
8
637
0
2
4
6
8
643
0
2
4
6
8
649
0
2
4
6
8
655
0
2
4
6
8
661
0
2
4
6
8
667
0
2
4
6
8
673
0
2
4
6
8
679
0
2
4
6
8
685
0
2
4
6
8
691
0
2
4
6
8
697
0
2
4
6
8
703
0
2
4
6
8
709
0
2
4
6
8
715
0
2
4
6
8
721
0
2
4
6
8
727
0
2
4
6
8
733
0
2
4
6
8
739
0
2
4
6
8
745
0
2
4
6
8
751
0
2
4
6
8
757
0
2
4
6
8
763
0
2
4
6
8
769
0
2
4
6
8
775
0
2
4
6
8
781
0
2
4
6
8
787
0
2
4
6
8
793
0
2
4
6
8
799
0
2
4
6
8
805
0
2
4
6
8
811
0
2
4
6
8
817
0
2
4
6
8
823
0
2
4
6
8
829
0
2
4
6
8
835
0
2
4
6
8
841
0
2
4
6
8
847
0
2
4
6
8
853
0
2
4
6
8
859
0
2
4
6
8
865
0
2
4
6
8
871
0
2
4
6
8
877
0
2
4
6
8
883
0
2
4
6
8
889
0
2
4
6
8
895
0
2
4
6
8
901
0
2
4
6
8
907
0
2
4
6
8
913
0
2
4
6
8
919
0
2
4
6
8
925
0
2
4
6
8
931
0
2
4
6
8
937
0
2
4
6
8
943
0
2
4
6
8
949
0
2
4
6
8
955
0
2
4
6
8
961
0
2
4
6
8
967
0
2
4
6
8
973
0
2
4
6
8
979
0
2
4
6
8
985
0
2
4
6
8
991
0
2
4
6
8
997
0
2
227 ms. Memory: 295936K Free: 177930K (60%)
----------------- Invoking toplevel() on ptolemy.moml.MoMLSimpleApplication@33866a23
----------------- Done invoking toplevel() on ptolemy.moml.MoMLSimpleApplication@33866a23
reloadAllAccessors: .modalChangingParams

===========================================================================================
----------------- testing Wed Dec 04 06:23:11 UTC 2019 /home/travis/build/icyphy/ptII/ptolemy/domains/modal/test/auto/modalModel.xml
----------------- Instantiating /home/travis/build/icyphy/ptII/ptolemy/domains/modal/test/auto/modalModel.xml
5 ms. Memory: 295936K Free: 169055K (57%)
----------------- Invoking toplevel() on ptolemy.moml.MoMLSimpleApplication@68d604ec
----------------- Done invoking toplevel() on ptolemy.moml.MoMLSimpleApplication@68d604ec
reloadAllAccessors: .modalModel

===========================================================================================
----------------- testing Wed Dec 04 06:23:11 UTC 2019 /home/travis/build/icyphy/ptII/ptolemy/domains/modal/test/auto/modalModel2.xml
----------------- Instantiating /home/travis/build/icyphy/ptII/ptolemy/domains/modal/test/auto/modalModel2.xml
7 ms. Memory: 295936K Free: 158271K (53%)
----------------- Invoking toplevel() on ptolemy.moml.MoMLSimpleApplication@71c26351
----------------- Done invoking toplevel() on ptolemy.moml.MoMLSimpleApplication@71c26351
reloadAllAccessors: .modalModel2

===========================================================================================
----------------- testing Wed Dec 04 06:23:11 UTC 2019 /home/travis/build/icyphy/ptII/ptolemy/domains/modal/test/auto/modalModel3.xml
----------------- Instantiating /home/travis/build/icyphy/ptII/ptolemy/domains/modal/test/auto/modalModel3.xml
0	0	0
3	2	1
6	4	2
9	6	3
4	0	4
7	2	5
10	4	6
13	6	7
8	0	8
11	2	9
14	4	10
17	6	11
12	0	12
15	2	13
18	4	14
12 ms. Memory: 295936K Free: 143455K (48%)
----------------- Invoking toplevel() on ptolemy.moml.MoMLSimpleApplication@262e1da5
----------------- Done invoking toplevel() on ptolemy.moml.MoMLSimpleApplication@262e1da5
reloadAllAccessors: .modalModel3

===========================================================================================
----------------- testing Wed Dec 04 06:23:11 UTC 2019 /home/travis/build/icyphy/ptII/ptolemy/domains/modal/test/auto/model1.xml
----------------- Instantiating /home/travis/build/icyphy/ptII/ptolemy/domains/modal/test/auto/model1.xml
12 ms. Memory: 295936K Free: 137821K (47%)
----------------- Invoking toplevel() on ptolemy.moml.MoMLSimpleApplication@47f9f800
----------------- Done invoking toplevel() on ptolemy.moml.MoMLSimpleApplication@47f9f800
reloadAllAccessors: .model1

===========================================================================================
----------------- testing Wed Dec 04 06:23:11 UTC 2019 /home/travis/build/icyphy/ptII/ptolemy/domains/modal/test/auto/test-direct-in-out.xml
----------------- Instantiating /home/travis/build/icyphy/ptII/ptolemy/domains/modal/test/auto/test-direct-in-out.xml
4 ms. Memory: 295936K Free: 130143K (44%)
----------------- Invoking toplevel() on ptolemy.moml.MoMLSimpleApplication@60a55ddf
----------------- Done invoking toplevel() on ptolemy.moml.MoMLSimpleApplication@60a55ddf
reloadAllAccessors: .test-direct-in-out
AutoTests.java: About to close Vertx.
AutoTests.java: Vertx closed.
]]></system-out>
  <system-err><![CDATA[java.lang.RuntimeException: Execution failed
	at ptolemy.moml.MoMLSimpleApplication$UnloadThread.run(MoMLSimpleApplication.java:402)
Caused by: ptolemy.kernel.util.IllegalActionException: Unknown inputs remain. Possible causality loop:
L_model_1893289564i

  in .CannotAnalysisWithPreemption.model_1893289564_region_1 and .CannotAnalysisWithPreemption.model_1893289564_region_1.L_model_1893289564i
	at ptolemy.actor.sched.FixedPointDirector.postfire(FixedPointDirector.java:515)
	at ptolemy.domains.sr.kernel.SRDirector.postfire(SRDirector.java:417)
	at ptolemy.actor.CompositeActor.postfire(CompositeActor.java:1668)
	at ptolemy.actor.Manager.iterate(Manager.java:852)
	at ptolemy.actor.Manager.execute(Manager.java:369)
	at ptolemy.actor.Manager.run(Manager.java:1263)
	at ptolemy.actor.Manager$PtolemyRunThread.run(Manager.java:1933)
java.lang.reflect.InvocationTargetException
	at java.base/jdk.internal.reflect.NativeConstructorAccessorImpl.newInstance0(Native Method)
	at java.base/jdk.internal.reflect.NativeConstructorAccessorImpl.newInstance(NativeConstructorAccessorImpl.java:62)
	at java.base/jdk.internal.reflect.DelegatingConstructorAccessorImpl.newInstance(DelegatingConstructorAccessorImpl.java:45)
	at java.base/java.lang.reflect.Constructor.newInstance(Constructor.java:490)
	at ptolemy.util.test.junit.AutoKnownFailedTests.RunModel(AutoKnownFailedTests.java:105)
	at java.base/jdk.internal.reflect.NativeMethodAccessorImpl.invoke0(Native Method)
	at java.base/jdk.internal.reflect.NativeMethodAccessorImpl.invoke(NativeMethodAccessorImpl.java:62)
	at java.base/jdk.internal.reflect.DelegatingMethodAccessorImpl.invoke(DelegatingMethodAccessorImpl.java:43)
	at java.base/java.lang.reflect.Method.invoke(Method.java:566)
	at org.junit.runners.model.FrameworkMethod$1.runReflectiveCall(FrameworkMethod.java:44)
	at org.junit.internal.runners.model.ReflectiveCallable.run(ReflectiveCallable.java:15)
	at org.junit.runners.model.FrameworkMethod.invokeExplosively(FrameworkMethod.java:41)
	at junitparams.internal.InvokeParameterisedMethod.evaluate(InvokeParameterisedMethod.java:102)
	at org.junit.internal.runners.statements.FailOnTimeout$1.run(FailOnTimeout.java:28)
Caused by: ptolemy.kernel.util.IllegalActionException: Unknown inputs remain. Possible causality loop:
L_model_1893289564i

  in .CannotAnalysisWithPreemption.model_1893289564_region_1 and .CannotAnalysisWithPreemption.model_1893289564_region_1.L_model_1893289564i
	at ptolemy.actor.sched.FixedPointDirector.postfire(FixedPointDirector.java:515)
	at ptolemy.domains.sr.kernel.SRDirector.postfire(SRDirector.java:417)
	at ptolemy.actor.CompositeActor.postfire(CompositeActor.java:1668)
	at ptolemy.actor.Manager.iterate(Manager.java:852)
	at ptolemy.actor.Manager.execute(Manager.java:369)
	at ptolemy.actor.Manager.run(Manager.java:1263)
	at ptolemy.actor.Manager$PtolemyRunThread.run(Manager.java:1933)
]]></system-err>
</testsuite>
