<?xml version="1.0" encoding="UTF-8" ?>
<testsuite errors="0" failures="0" hostname="travis-job-8f17458e-0f6f-4c32-a988-b82c55fcb91e" name="ptolemy.domains.de.test.junit.JUnitTclTest" skipped="0" tests="101" time="130.894" timestamp="2019-04-16T04:03:04">
  <properties>
[...]
</properties>
  <testcase classname="ptolemy.util.test.junit.TclTests" name="[0] /home/travis/build/icyphy/ptII/ptolemy/domains/de/test/DependencyLoop.tcl (RunTclFile)" time="0.769" />
  <testcase classname="ptolemy.util.test.junit.TclTests" name="[1] /home/travis/build/icyphy/ptII/ptolemy/domains/de/test/RunDETestsAsQSS.tcl (RunTclFile)" time="89.608" />
  <testcase classname="ptolemy.util.test.junit.AutoKnownFailedTests" name="[0] /home/travis/build/icyphy/ptII/ptolemy/domains/de/test/auto/knownFailedTests/DESDFClockTest.xml (RunModel)" time="2.024" />
  <testcase classname="ptolemy.util.test.junit.AutoKnownFailedTests" name="[1] /home/travis/build/icyphy/ptII/ptolemy/domains/de/test/auto/knownFailedTests/DirectFeedback.xml (RunModel)" time="0.009" />
  <testcase classname="ptolemy.util.test.junit.AutoKnownFailedTests" name="[2] /home/travis/build/icyphy/ptII/ptolemy/domains/de/test/auto/knownFailedTests/FSMSource.xml (RunModel)" time="0.013" />
  <testcase classname="ptolemy.util.test.junit.AutoKnownFailedTests" name="[3] /home/travis/build/icyphy/ptII/ptolemy/domains/de/test/auto/knownFailedTests/HierarchicalModel.xml (RunModel)" time="0.025" />
  <testcase classname="ptolemy.util.test.junit.AutoKnownFailedTests" name="[4] /home/travis/build/icyphy/ptII/ptolemy/domains/de/test/auto/knownFailedTests/dependencyLoop.xml (RunModel)" time="0.028" />
  <testcase classname="ptolemy.util.test.junit.AutoKnownFailedTests" name="[5] /home/travis/build/icyphy/ptII/ptolemy/domains/de/test/auto/knownFailedTests/dependencyLoop2.xml (RunModel)" time="0.032" />
  <testcase classname="ptolemy.util.test.junit.AutoNameArchTests" name="[0] ThereAreNoAutoArchTests (RunModel)" time="0.005" />
  <testcase classname="ptolemy.util.test.junit.AutoTests" name="[0] /home/travis/build/icyphy/ptII/ptolemy/domains/de/test/auto/ActorDepthCalculation_actorWithoutPorts.xml (RunModel)" time="0.013" />
  <testcase classname="ptolemy.util.test.junit.AutoTests" name="[1] /home/travis/build/icyphy/ptII/ptolemy/domains/de/test/auto/AssemblyLine.xml (RunModel)" time="0.013" />
  <testcase classname="ptolemy.util.test.junit.AutoTests" name="[2] /home/travis/build/icyphy/ptII/ptolemy/domains/de/test/auto/CQBug1.xml (RunModel)" time="0.006" />
  <testcase classname="ptolemy.util.test.junit.AutoTests" name="[3] /home/travis/build/icyphy/ptII/ptolemy/domains/de/test/auto/CancelFireAt.xml (RunModel)" time="0.005" />
  <testcase classname="ptolemy.util.test.junit.AutoTests" name="[4] /home/travis/build/icyphy/ptII/ptolemy/domains/de/test/auto/CausalityAndComposabilityAnalysis.xml (RunModel)" time="0.011" />
  <testcase classname="ptolemy.util.test.junit.AutoTests" name="[5] /home/travis/build/icyphy/ptII/ptolemy/domains/de/test/auto/CausalityInterface1.xml (RunModel)" time="0.011" />
  <testcase classname="ptolemy.util.test.junit.AutoTests" name="[6] /home/travis/build/icyphy/ptII/ptolemy/domains/de/test/auto/CausalityInterface15.xml (RunModel)" time="0.017" />
  <testcase classname="ptolemy.util.test.junit.AutoTests" name="[7] /home/travis/build/icyphy/ptII/ptolemy/domains/de/test/auto/CausalityInterface2.xml (RunModel)" time="0.008" />
  <testcase classname="ptolemy.util.test.junit.AutoTests" name="[8] /home/travis/build/icyphy/ptII/ptolemy/domains/de/test/auto/CausalityInterface3.xml (RunModel)" time="0.008" />
  <testcase classname="ptolemy.util.test.junit.AutoTests" name="[9] /home/travis/build/icyphy/ptII/ptolemy/domains/de/test/auto/ClockDrift.xml (RunModel)" time="0.022" />
  <testcase classname="ptolemy.util.test.junit.AutoTests" name="[10] /home/travis/build/icyphy/ptII/ptolemy/domains/de/test/auto/ClockDriftAndValueChange.xml (RunModel)" time="0.021" />
  <testcase classname="ptolemy.util.test.junit.AutoTests" name="[11] /home/travis/build/icyphy/ptII/ptolemy/domains/de/test/auto/ClockDriftChange.xml (RunModel)" time="0.018" />
  <testcase classname="ptolemy.util.test.junit.AutoTests" name="[12] /home/travis/build/icyphy/ptII/ptolemy/domains/de/test/auto/ComposableCausalityAnalysis.xml (RunModel)" time="0.009" />
  <testcase classname="ptolemy.util.test.junit.AutoTests" name="[13] /home/travis/build/icyphy/ptII/ptolemy/domains/de/test/auto/DEFixedPointLimitation.xml (RunModel)" time="0.005" />
  <testcase classname="ptolemy.util.test.junit.AutoTests" name="[14] /home/travis/build/icyphy/ptII/ptolemy/domains/de/test/auto/DEScheduleTest.xml (RunModel)" time="0.008" />
  <testcase classname="ptolemy.util.test.junit.AutoTests" name="[15] /home/travis/build/icyphy/ptII/ptolemy/domains/de/test/auto/DEinDEwithStartTimes.xml (RunModel)" time="0.009" />
  <testcase classname="ptolemy.util.test.junit.AutoTests" name="[16] /home/travis/build/icyphy/ptII/ptolemy/domains/de/test/auto/DEinDEwithStartTimes2.xml (RunModel)" time="0.009" />
  <testcase classname="ptolemy.util.test.junit.AutoTests" name="[17] /home/travis/build/icyphy/ptII/ptolemy/domains/de/test/auto/DateDemo.xml (RunModel)" time="0.018" />
  <testcase classname="ptolemy.util.test.junit.AutoTests" name="[18] /home/travis/build/icyphy/ptII/ptolemy/domains/de/test/auto/DateToEvent.xml (RunModel)" time="2.027" />
  <testcase classname="ptolemy.util.test.junit.AutoTests" name="[19] /home/travis/build/icyphy/ptII/ptolemy/domains/de/test/auto/DepthTest1.xml (RunModel)" time="0.008" />
  <testcase classname="ptolemy.util.test.junit.AutoTests" name="[20] /home/travis/build/icyphy/ptII/ptolemy/domains/de/test/auto/DepthTest2.xml (RunModel)" time="0.013" />
  <testcase classname="ptolemy.util.test.junit.AutoTests" name="[21] /home/travis/build/icyphy/ptII/ptolemy/domains/de/test/auto/DepthTest3.xml (RunModel)" time="0.006" />
  <testcase classname="ptolemy.util.test.junit.AutoTests" name="[22] /home/travis/build/icyphy/ptII/ptolemy/domains/de/test/auto/DepthTest4.xml (RunModel)" time="0.011" />
  <testcase classname="ptolemy.util.test.junit.AutoTests" name="[23] /home/travis/build/icyphy/ptII/ptolemy/domains/de/test/auto/DepthTest5.xml (RunModel)" time="0.011" />
  <testcase classname="ptolemy.util.test.junit.AutoTests" name="[24] /home/travis/build/icyphy/ptII/ptolemy/domains/de/test/auto/DepthTest6.xml (RunModel)" time="0.011" />
  <testcase classname="ptolemy.util.test.junit.AutoTests" name="[25] /home/travis/build/icyphy/ptII/ptolemy/domains/de/test/auto/DepthTest7.xml (RunModel)" time="0.007" />
  <testcase classname="ptolemy.util.test.junit.AutoTests" name="[26] /home/travis/build/icyphy/ptII/ptolemy/domains/de/test/auto/EventToDate.xml (RunModel)" time="3.022" />
  <testcase classname="ptolemy.util.test.junit.AutoTests" name="[27] /home/travis/build/icyphy/ptII/ptolemy/domains/de/test/auto/FSM1.xml (RunModel)" time="0.031" />
  <testcase classname="ptolemy.util.test.junit.AutoTests" name="[28] /home/travis/build/icyphy/ptII/ptolemy/domains/de/test/auto/FSM7.xml (RunModel)" time="0.038" />
  <testcase classname="ptolemy.util.test.junit.AutoTests" name="[29] /home/travis/build/icyphy/ptII/ptolemy/domains/de/test/auto/Inspection.xml (RunModel)" time="0.028" />
  <testcase classname="ptolemy.util.test.junit.AutoTests" name="[30] /home/travis/build/icyphy/ptII/ptolemy/domains/de/test/auto/Iteration.xml (RunModel)" time="0.012" />
  <testcase classname="ptolemy.util.test.junit.AutoTests" name="[31] /home/travis/build/icyphy/ptII/ptolemy/domains/de/test/auto/LineFault.xml (RunModel)" time="0.389" />
  <testcase classname="ptolemy.util.test.junit.AutoTests" name="[32] /home/travis/build/icyphy/ptII/ptolemy/domains/de/test/auto/MergeModel1Add.xml (RunModel)" time="0.043" />
  <testcase classname="ptolemy.util.test.junit.AutoTests" name="[33] /home/travis/build/icyphy/ptII/ptolemy/domains/de/test/auto/MergeModel2Add.xml (RunModel)" time="0.039" />
  <testcase classname="ptolemy.util.test.junit.AutoTests" name="[34] /home/travis/build/icyphy/ptII/ptolemy/domains/de/test/auto/MergeModel3Add.xml (RunModel)" time="0.047" />
  <testcase classname="ptolemy.util.test.junit.AutoTests" name="[35] /home/travis/build/icyphy/ptII/ptolemy/domains/de/test/auto/MergeWithoutDiscard.xml (RunModel)" time="0.014" />
  <testcase classname="ptolemy.util.test.junit.AutoTests" name="[36] /home/travis/build/icyphy/ptII/ptolemy/domains/de/test/auto/Modal1.xml (RunModel)" time="0.027" />
  <testcase classname="ptolemy.util.test.junit.AutoTests" name="[37] /home/travis/build/icyphy/ptII/ptolemy/domains/de/test/auto/Modal2.xml (RunModel)" time="0.026" />
  <testcase classname="ptolemy.util.test.junit.AutoTests" name="[38] /home/travis/build/icyphy/ptII/ptolemy/domains/de/test/auto/Modal3.xml (RunModel)" time="0.027" />
  <testcase classname="ptolemy.util.test.junit.AutoTests" name="[39] /home/travis/build/icyphy/ptII/ptolemy/domains/de/test/auto/Modal4.xml (RunModel)" time="0.025" />
  <testcase classname="ptolemy.util.test.junit.AutoTests" name="[40] /home/travis/build/icyphy/ptII/ptolemy/domains/de/test/auto/Modal5.xml (RunModel)" time="0.022" />
  <testcase classname="ptolemy.util.test.junit.AutoTests" name="[41] /home/travis/build/icyphy/ptII/ptolemy/domains/de/test/auto/Modal6.xml (RunModel)" time="0.02" />
  <testcase classname="ptolemy.util.test.junit.AutoTests" name="[42] /home/travis/build/icyphy/ptII/ptolemy/domains/de/test/auto/Modal7.xml (RunModel)" time="0.022" />
  <testcase classname="ptolemy.util.test.junit.AutoTests" name="[43] /home/travis/build/icyphy/ptII/ptolemy/domains/de/test/auto/ModalModel.xml (RunModel)" time="0.148" />
  <testcase classname="ptolemy.util.test.junit.AutoTests" name="[44] /home/travis/build/icyphy/ptII/ptolemy/domains/de/test/auto/ModalSource.xml (RunModel)" time="0.029" />
  <testcase classname="ptolemy.util.test.junit.AutoTests" name="[45] /home/travis/build/icyphy/ptII/ptolemy/domains/de/test/auto/NonInterruptibleTimerZeroDelay.xml (RunModel)" time="0.011" />
  <testcase classname="ptolemy.util.test.junit.AutoTests" name="[46] /home/travis/build/icyphy/ptII/ptolemy/domains/de/test/auto/OpenQueueingNetwork.xml (RunModel)" time="2.358" />
  <testcase classname="ptolemy.util.test.junit.AutoTests" name="[47] /home/travis/build/icyphy/ptII/ptolemy/domains/de/test/auto/OpenQueuingNetwork.xml (RunModel)" time="0.26" />
  <testcase classname="ptolemy.util.test.junit.AutoTests" name="[48] /home/travis/build/icyphy/ptII/ptolemy/domains/de/test/auto/PeriodicSampler.xml (RunModel)" time="0.009" />
  <testcase classname="ptolemy.util.test.junit.AutoTests" name="[49] /home/travis/build/icyphy/ptII/ptolemy/domains/de/test/auto/PersistentIO.xml (RunModel)" time="0.018" />
  <testcase classname="ptolemy.util.test.junit.AutoTests" name="[50] /home/travis/build/icyphy/ptII/ptolemy/domains/de/test/auto/PortParameterResetOnInitialize.xml (RunModel)" time="0.009" />
  <testcase classname="ptolemy.util.test.junit.AutoTests" name="[51] /home/travis/build/icyphy/ptII/ptolemy/domains/de/test/auto/PortParameterUpdates.xml (RunModel)" time="0.013" />
  <testcase classname="ptolemy.util.test.junit.AutoTests" name="[52] /home/travis/build/icyphy/ptII/ptolemy/domains/de/test/auto/QueueAndServer.xml (RunModel)" time="0.018" />
  <testcase classname="ptolemy.util.test.junit.AutoTests" name="[53] /home/travis/build/icyphy/ptII/ptolemy/domains/de/test/auto/Records.xml (RunModel)" time="0.013" />
  <testcase classname="ptolemy.util.test.junit.AutoTests" name="[54] /home/travis/build/icyphy/ptII/ptolemy/domains/de/test/auto/ResetTransitionWithStartTime1.xml (RunModel)" time="0.019" />
  <testcase classname="ptolemy.util.test.junit.AutoTests" name="[55] /home/travis/build/icyphy/ptII/ptolemy/domains/de/test/auto/ResetTransitionWithStartTime2.xml (RunModel)" time="0.018" />
  <testcase classname="ptolemy.util.test.junit.AutoTests" name="[56] /home/travis/build/icyphy/ptII/ptolemy/domains/de/test/auto/ResetTransitionWithStartTime3.xml (RunModel)" time="0.018" />
  <testcase classname="ptolemy.util.test.junit.AutoTests" name="[57] /home/travis/build/icyphy/ptII/ptolemy/domains/de/test/auto/ResetTransitionWithStartTime4.xml (RunModel)" time="0.018" />
  <testcase classname="ptolemy.util.test.junit.AutoTests" name="[58] /home/travis/build/icyphy/ptII/ptolemy/domains/de/test/auto/ResettableTimer1.xml (RunModel)" time="0.011" />
  <testcase classname="ptolemy.util.test.junit.AutoTests" name="[59] /home/travis/build/icyphy/ptII/ptolemy/domains/de/test/auto/ResettableTimer2.xml (RunModel)" time="0.01" />
  <testcase classname="ptolemy.util.test.junit.AutoTests" name="[60] /home/travis/build/icyphy/ptII/ptolemy/domains/de/test/auto/ResettableTimer3.xml (RunModel)" time="0.01" />
  <testcase classname="ptolemy.util.test.junit.AutoTests" name="[61] /home/travis/build/icyphy/ptII/ptolemy/domains/de/test/auto/ResettableTimer4.xml (RunModel)" time="0.01" />
  <testcase classname="ptolemy.util.test.junit.AutoTests" name="[62] /home/travis/build/icyphy/ptII/ptolemy/domains/de/test/auto/ResettableTimer5.xml (RunModel)" time="0.01" />
  <testcase classname="ptolemy.util.test.junit.AutoTests" name="[63] /home/travis/build/icyphy/ptII/ptolemy/domains/de/test/auto/ResettableTimer6.xml (RunModel)" time="0.011" />
  <testcase classname="ptolemy.util.test.junit.AutoTests" name="[64] /home/travis/build/icyphy/ptII/ptolemy/domains/de/test/auto/ServerZeroDelay.xml (RunModel)" time="0.01" />
  <testcase classname="ptolemy.util.test.junit.AutoTests" name="[65] /home/travis/build/icyphy/ptII/ptolemy/domains/de/test/auto/SmartSender.xml (RunModel)" time="3.008" />
  <testcase classname="ptolemy.util.test.junit.AutoTests" name="[66] /home/travis/build/icyphy/ptII/ptolemy/domains/de/test/auto/ThreadedComposite.xml (RunModel)" time="0.133" />
  <testcase classname="ptolemy.util.test.junit.AutoTests" name="[67] /home/travis/build/icyphy/ptII/ptolemy/domains/de/test/auto/Time.xml (RunModel)" time="0.49" />
  <testcase classname="ptolemy.util.test.junit.AutoTests" name="[68] /home/travis/build/icyphy/ptII/ptolemy/domains/de/test/auto/TimeDelayZeroDelay.xml (RunModel)" time="0.013" />
  <testcase classname="ptolemy.util.test.junit.AutoTests" name="[69] /home/travis/build/icyphy/ptII/ptolemy/domains/de/test/auto/TimerZeroDelay.xml (RunModel)" time="0.01" />
  <testcase classname="ptolemy.util.test.junit.AutoTests" name="[70] /home/travis/build/icyphy/ptII/ptolemy/domains/de/test/auto/TimingParadox.xml (RunModel)" time="0.421" />
  <testcase classname="ptolemy.util.test.junit.AutoTests" name="[71] /home/travis/build/icyphy/ptII/ptolemy/domains/de/test/auto/TransferInputs.xml (RunModel)" time="0.014" />
  <testcase classname="ptolemy.util.test.junit.AutoTests" name="[72] /home/travis/build/icyphy/ptII/ptolemy/domains/de/test/auto/TransferOutputs2.xml (RunModel)" time="0.015" />
  <testcase classname="ptolemy.util.test.junit.AutoTests" name="[73] /home/travis/build/icyphy/ptII/ptolemy/domains/de/test/auto/Trilateration.xml (RunModel)" time="12.411" />
  <testcase classname="ptolemy.util.test.junit.AutoTests" name="[74] /home/travis/build/icyphy/ptII/ptolemy/domains/de/test/auto/TwoSigmaDelta.xml (RunModel)" time="2.178" />
  <testcase classname="ptolemy.util.test.junit.AutoTests" name="[75] /home/travis/build/icyphy/ptII/ptolemy/domains/de/test/auto/VariableDelay.xml (RunModel)" time="0.023" />
  <testcase classname="ptolemy.util.test.junit.AutoTests" name="[76] /home/travis/build/icyphy/ptII/ptolemy/domains/de/test/auto/VariableDelay2.xml (RunModel)" time="0.012" />
  <testcase classname="ptolemy.util.test.junit.AutoTests" name="[77] /home/travis/build/icyphy/ptII/ptolemy/domains/de/test/auto/VariableDelayZeroDelay.xml (RunModel)" time="0.011" />
  <testcase classname="ptolemy.util.test.junit.AutoTests" name="[78] /home/travis/build/icyphy/ptII/ptolemy/domains/de/test/auto/VariableDelayZeroDelay2.xml (RunModel)" time="0.014" />
  <testcase classname="ptolemy.util.test.junit.AutoTests" name="[79] /home/travis/build/icyphy/ptII/ptolemy/domains/de/test/auto/deInCt.xml (RunModel)" time="0.016" />
  <testcase classname="ptolemy.util.test.junit.AutoTests" name="[80] /home/travis/build/icyphy/ptII/ptolemy/domains/de/test/auto/deInCt2.xml (RunModel)" time="0.018" />
  <testcase classname="ptolemy.util.test.junit.AutoTests" name="[81] /home/travis/build/icyphy/ptII/ptolemy/domains/de/test/auto/dynamicCausalityInterface1.xml (RunModel)" time="0.019" />
  <testcase classname="ptolemy.util.test.junit.AutoTests" name="[82] /home/travis/build/icyphy/ptII/ptolemy/domains/de/test/auto/fsm_de_test.xml (RunModel)" time="0.023" />
  <testcase classname="ptolemy.util.test.junit.AutoTests" name="[83] /home/travis/build/icyphy/ptII/ptolemy/domains/de/test/auto/functionDependencyReconstruction.xml (RunModel)" time="0.032" />
  <testcase classname="ptolemy.util.test.junit.AutoTests" name="[84] /home/travis/build/icyphy/ptII/ptolemy/domains/de/test/auto/multirate.xml (RunModel)" time="0.014" />
  <testcase classname="ptolemy.util.test.junit.AutoTests" name="[85] /home/travis/build/icyphy/ptII/ptolemy/domains/de/test/auto/multirate2.xml (RunModel)" time="0.013" />
  <testcase classname="ptolemy.util.test.junit.AutoTests" name="[86] /home/travis/build/icyphy/ptII/ptolemy/domains/de/test/auto/realtime.xml (RunModel)" time="10.009" />
  <testcase classname="ptolemy.util.test.junit.AutoTests" name="[87] /home/travis/build/icyphy/ptII/ptolemy/domains/de/test/auto/relationGroup.xml (RunModel)" time="0.009" />
  <testcase classname="ptolemy.util.test.junit.AutoTests" name="[88] /home/travis/build/icyphy/ptII/ptolemy/domains/de/test/auto/relationGroup2.xml (RunModel)" time="0.008" />
  <testcase classname="ptolemy.util.test.junit.AutoTests" name="[89] /home/travis/build/icyphy/ptII/ptolemy/domains/de/test/auto/sortWithOpaquePorts.xml (RunModel)" time="0.008" />
  <testcase classname="ptolemy.util.test.junit.AutoTests" name="[90] /home/travis/build/icyphy/ptII/ptolemy/domains/de/test/auto/transferInputsandOutputs.xml (RunModel)" time="0.014" />
  <testcase classname="ptolemy.util.test.junit.AutoTests" name="[91] /home/travis/build/icyphy/ptII/ptolemy/domains/de/test/auto/triggerType.xml (RunModel)" time="0.008" />
  <system-out><![CDATA[/home/travis/build/icyphy/ptII/ptolemy/domains/de/test/DependencyLoop.tcl
testDefs.tcl: setting time out to 9000 seconds at Tue Apr 16 04:03:04 UTC 2019
15 ms. Memory: 116224K Free: 97586K (84%)
22 ms. Memory: 146944K Free: 141126K (96%)
/home/travis/build/icyphy/ptII/ptolemy/domains/de/test/RunDETestsAsQSS.tcl
Run the DE tests using ptolemy.domains.qss.test.QSSDirectorTest, which extends QSSDirector and prints a message in the constructors.
------------------ testing $PTII/ptolemy/domains/de/test/auto/knownFailedTests/dependencyLoop.xml (Known Failure) 
7 ms. Memory: 146944K Free: 136879K (93%)


==== $PTIIhome/travis/build/icyphy/ptII/ptolemy/domains/de/test/../../../../: Auto Automatic test in file $PTII/ptolemy/domains/de/test/auto/knownFailedTests/dependencyLoop.xml
==== Contents of test case:

	    # FIXME: we should use $relativeFilename here, but it
	    # might have backslashes under Windows, which causes no end
	    # of trouble.
	    createAndExecute $file
	    list {}
	
.... Test generated KNOWN error:
    while executing
ptolemy.kernel.util.IllegalActionException: Found a zero delay loop containing .dependencyLoop.original
  in .dependencyLoop and .dependencyLoop.original
	at ptolemy.actor.util.CausalityInterfaceForComposites._computeOutputPortDepth(CausalityInterfaceForComposites.java:759)
	at ptolemy.actor.util.CausalityInterfaceForComposites._computeInputDepth(CausalityInterfaceForComposites.java:696)
	at ptolemy.actor.util.CausalityInterfaceForComposites._computeOutputPortDepth(CausalityInterfaceForComposites.java:765)
	at ptolemy.actor.util.CausalityInterfaceForComposites._computeInputDepth(CausalityInterfaceForComposites.java:696)
	at ptolemy.actor.util.CausalityInterfaceForComposites._computeOutputPortDepth(CausalityInterfaceForComposites.java:765)
	at ptolemy.actor.util.CausalityInterfaceForComposites._computeInputDepth(CausalityInterfaceForComposites.java:696)
	at ptolemy.actor.util.CausalityInterfaceForComposites._computeActorDepth(CausalityInterfaceForComposites.java:532)
	at ptolemy.actor.util.CausalityInterfaceForComposites.checkForCycles(CausalityInterfaceForComposites.java:96)
	at ptolemy.domains.de.kernel.DEDirector.preinitialize(DEDirector.java:1338)
	at ptolemy.actor.CompositeActor.preinitialize(CompositeActor.java:1828)
	at ptolemy.actor.Manager.preinitializeAndResolveTypes(Manager.java:1040)
	at ptolemy.actor.Manager.initialize(Manager.java:710)
	at ptolemy.actor.Manager.execute(Manager.java:356)
	at ptolemy.actor.Manager.run(Manager.java:1263)
	at ptolemy.actor.Manager$PtolemyRunThread.run(Manager.java:1915)

    while executing
ptolemy.kernel.util.IllegalActionException: Found a zero delay loop containing .dependencyLoop.original
  in .dependencyLoop and .dependencyLoop.original
    while executing
"java::new ptolemy.moml.MoMLSimpleApplication $file
"
    (procedure "createAndExecute" line 2)
    invoked from within
"createAndExecute $file"
    ("uplevel" body line 5)
    invoked from within
"uplevel $contents_of_test"
------------------ testing $PTII/ptolemy/domains/de/test/auto/knownFailedTests/DESDFClockTest.xml (Known Failure) 
2057 ms. Memory: 146944K Free: 121287K (83%)


==== $PTIIhome/travis/build/icyphy/ptII/ptolemy/domains/de/test/../../../../: Auto Automatic test in file $PTII/ptolemy/domains/de/test/auto/knownFailedTests/DESDFClockTest.xml
==== Contents of test case:

	    # FIXME: we should use $relativeFilename here, but it
	    # might have backslashes under Windows, which causes no end
	    # of trouble.
	    createAndExecute $file
	    list {}
	
.... Test generated KNOWN error:
    while executing
ptolemy.kernel.util.IllegalActionException: Actor is not ready to fire.  Perhaps UpSample.prefire() returned false? Try debugging the actor by selecting "Listen to Actor".  Also, for SDF check moml for tokenConsumptionRate on input.
  in .DESDFClockTest.Play Bell.Copy1:SDF Director and .DESDFClockTest.Play Bell.UpSample
	at ptolemy.actor.sched.StaticSchedulingDirector.fire(StaticSchedulingDirector.java:227)
	at ptolemy.domains.sdf.kernel.SDFDirector.fire(SDFDirector.java:500)
	at ptolemy.actor.CompositeActor.fire(CompositeActor.java:455)
	at ptolemy.domains.de.kernel.DEDirector._fire(DEDirector.java:1949)
	at ptolemy.domains.de.kernel.DEDirector.fire(DEDirector.java:502)
	at ptolemy.actor.CompositeActor.fire(CompositeActor.java:455)
	at ptolemy.actor.Manager.iterate(Manager.java:851)
	at ptolemy.actor.Manager.execute(Manager.java:369)
	at ptolemy.actor.Manager.run(Manager.java:1263)
	at ptolemy.actor.Manager$PtolemyRunThread.run(Manager.java:1915)

    while executing
ptolemy.kernel.util.IllegalActionException: Actor is not ready to fire.  Perhaps UpSample.prefire() returned false? Try debugging the actor by selecting "Listen to Actor".  Also, for SDF check moml for tokenConsumptionRate on input.
  in .DESDFClockTest.Play Bell.Copy1:SDF Director and .DESDFClockTest.Play Bell.UpSample
    while executing
"java::new ptolemy.moml.MoMLSimpleApplication $file
"
    (procedure "createAndExecute" line 2)
    invoked from within
"createAndExecute $file"
    ("uplevel" body line 5)
    invoked from within
"uplevel $contents_of_test"
------------------ testing $PTII/ptolemy/domains/de/test/auto/knownFailedTests/FSMSource.xml (Known Failure) 
21 ms. Memory: 146944K Free: 112436K (77%)
!!!! Auto was marked as failing, but now passes
------------------ testing $PTII/ptolemy/domains/de/test/auto/knownFailedTests/dependencyLoop2.xml (Known Failure) 
6 ms. Memory: 146944K Free: 110553K (75%)


==== $PTIIhome/travis/build/icyphy/ptII/ptolemy/domains/de/test/../../../../: Auto Automatic test in file $PTII/ptolemy/domains/de/test/auto/knownFailedTests/dependencyLoop2.xml
==== Contents of test case:

	    # FIXME: we should use $relativeFilename here, but it
	    # might have backslashes under Windows, which causes no end
	    # of trouble.
	    createAndExecute $file
	    list {}
	
.... Test generated KNOWN error:
    while executing
ptolemy.kernel.util.IllegalActionException: Found a zero delay loop containing .dependencyLoop2.original
  in .dependencyLoop2 and .dependencyLoop2.original
	at ptolemy.actor.util.CausalityInterfaceForComposites._computeOutputPortDepth(CausalityInterfaceForComposites.java:759)
	at ptolemy.actor.util.CausalityInterfaceForComposites._computeInputDepth(CausalityInterfaceForComposites.java:696)
	at ptolemy.actor.util.CausalityInterfaceForComposites._computeOutputPortDepth(CausalityInterfaceForComposites.java:765)
	at ptolemy.actor.util.CausalityInterfaceForComposites._computeInputDepth(CausalityInterfaceForComposites.java:696)
	at ptolemy.actor.util.CausalityInterfaceForComposites._computeOutputPortDepth(CausalityInterfaceForComposites.java:765)
	at ptolemy.actor.util.CausalityInterfaceForComposites._computeInputDepth(CausalityInterfaceForComposites.java:696)
	at ptolemy.actor.util.CausalityInterfaceForComposites._computeActorDepth(CausalityInterfaceForComposites.java:532)
	at ptolemy.actor.util.CausalityInterfaceForComposites.checkForCycles(CausalityInterfaceForComposites.java:96)
	at ptolemy.domains.de.kernel.DEDirector.preinitialize(DEDirector.java:1338)
	at ptolemy.actor.CompositeActor.preinitialize(CompositeActor.java:1828)
	at ptolemy.actor.Manager.preinitializeAndResolveTypes(Manager.java:1040)
	at ptolemy.actor.Manager.initialize(Manager.java:710)
	at ptolemy.actor.Manager.execute(Manager.java:356)
	at ptolemy.actor.Manager.run(Manager.java:1263)
	at ptolemy.actor.Manager$PtolemyRunThread.run(Manager.java:1915)

    while executing
ptolemy.kernel.util.IllegalActionException: Found a zero delay loop containing .dependencyLoop2.original
  in .dependencyLoop2 and .dependencyLoop2.original
    while executing
"java::new ptolemy.moml.MoMLSimpleApplication $file
"
    (procedure "createAndExecute" line 2)
    invoked from within
"createAndExecute $file"
    ("uplevel" body line 5)
    invoked from within
"uplevel $contents_of_test"
------------------ testing $PTII/ptolemy/domains/de/test/auto/knownFailedTests/HierarchicalModel.xml (Known Failure) 
12 ms. Memory: 146944K Free: 90274K (61%)


==== $PTIIhome/travis/build/icyphy/ptII/ptolemy/domains/de/test/../../../../: Auto Automatic test in file $PTII/ptolemy/domains/de/test/auto/knownFailedTests/HierarchicalModel.xml
==== Contents of test case:

	    # FIXME: we should use $relativeFilename here, but it
	    # might have backslashes under Windows, which causes no end
	    # of trouble.
	    createAndExecute $file
	    list {}
	
.... Test generated KNOWN error:
    while executing
ptolemy.kernel.util.IllegalActionException: Found a zero delay loop containing .HierarchicalModel.A
  in .HierarchicalModel and .HierarchicalModel.A
	at ptolemy.actor.util.CausalityInterfaceForComposites._computeOutputPortDepth(CausalityInterfaceForComposites.java:759)
	at ptolemy.actor.util.CausalityInterfaceForComposites._computeInputDepth(CausalityInterfaceForComposites.java:696)
	at ptolemy.actor.util.CausalityInterfaceForComposites._computeOutputPortDepth(CausalityInterfaceForComposites.java:765)
	at ptolemy.actor.util.CausalityInterfaceForComposites._computeInputDepth(CausalityInterfaceForComposites.java:696)
	at ptolemy.actor.util.CausalityInterfaceForComposites._computeOutputPortDepth(CausalityInterfaceForComposites.java:765)
	at ptolemy.actor.util.CausalityInterfaceForComposites._computeInputDepth(CausalityInterfaceForComposites.java:696)
	at ptolemy.actor.util.CausalityInterfaceForComposites._computeActorDepth(CausalityInterfaceForComposites.java:532)
	at ptolemy.actor.util.CausalityInterfaceForComposites.checkForCycles(CausalityInterfaceForComposites.java:96)
	at ptolemy.domains.de.kernel.DEDirector.preinitialize(DEDirector.java:1338)
	at ptolemy.actor.CompositeActor.preinitialize(CompositeActor.java:1828)
	at ptolemy.actor.Manager.preinitializeAndResolveTypes(Manager.java:1040)
	at ptolemy.actor.Manager.initialize(Manager.java:710)
	at ptolemy.actor.Manager.execute(Manager.java:356)
	at ptolemy.actor.Manager.run(Manager.java:1263)
	at ptolemy.actor.Manager$PtolemyRunThread.run(Manager.java:1915)

    while executing
ptolemy.kernel.util.IllegalActionException: Found a zero delay loop containing .HierarchicalModel.A
  in .HierarchicalModel and .HierarchicalModel.A
    while executing
"java::new ptolemy.moml.MoMLSimpleApplication $file
"
    (procedure "createAndExecute" line 2)
    invoked from within
"createAndExecute $file"
    ("uplevel" body line 5)
    invoked from within
"uplevel $contents_of_test"
------------------ testing $PTII/ptolemy/domains/de/test/auto/knownFailedTests/DirectFeedback.xml (Known Failure) 
8 ms. Memory: 146944K Free: 86145K (59%)


==== $PTIIhome/travis/build/icyphy/ptII/ptolemy/domains/de/test/../../../../: Auto Automatic test in file $PTII/ptolemy/domains/de/test/auto/knownFailedTests/DirectFeedback.xml
==== Contents of test case:

	    # FIXME: we should use $relativeFilename here, but it
	    # might have backslashes under Windows, which causes no end
	    # of trouble.
	    createAndExecute $file
	    list {}
	
.... Test generated KNOWN error:
    while executing
ptolemy.kernel.util.IllegalActionException: Test fails in iteration 1.
Value was: 1.0. Should have been: 2.0
  in .DirectFeedback.Test
	at ptolemy.actor.lib.Test.fire(Test.java:268)
	at ptolemy.domains.de.kernel.DEDirector._fire(DEDirector.java:1949)
	at ptolemy.domains.de.kernel.DEDirector.fire(DEDirector.java:502)
	at ptolemy.actor.CompositeActor.fire(CompositeActor.java:455)
	at ptolemy.actor.Manager.iterate(Manager.java:851)
	at ptolemy.actor.Manager.execute(Manager.java:369)
	at ptolemy.actor.Manager.run(Manager.java:1263)
	at ptolemy.actor.Manager$PtolemyRunThread.run(Manager.java:1915)

    while executing
ptolemy.kernel.util.IllegalActionException: Test fails in iteration 1.
Value was: 1.0. Should have been: 2.0
  in .DirectFeedback.Test
    while executing
"java::new ptolemy.moml.MoMLSimpleApplication $file
"
    (procedure "createAndExecute" line 2)
    invoked from within
"createAndExecute $file"
    ("uplevel" body line 5)
    invoked from within
"uplevel $contents_of_test"
------------------ testing $PTII/ptolemy/domains/de/test/auto/ActorDepthCalculation_actorWithoutPorts.xml
auto.tcl: Setting watchdog for 200 seconds at Tue Apr 16 04:03:07 UTC 2019
7 ms. Memory: 146944K Free: 138702K (94%)
ptolemy.util.test.WatchDog.cancel(): canceling Tue Apr 16 04:03:07 UTC 2019
auto.tcl: Setting watchdog for 200 seconds at Tue Apr 16 04:03:07 UTC 2019
5 ms. Memory: 146944K Free: 137683K (94%)
ptolemy.util.test.WatchDog.cancel(): canceling Tue Apr 16 04:03:07 UTC 2019
------------------ testing $PTII/ptolemy/domains/de/test/auto/AssemblyLine.xml
auto.tcl: Setting watchdog for 200 seconds at Tue Apr 16 04:03:07 UTC 2019
22 ms. Memory: 208384K Free: 183410K (88%)
ptolemy.util.test.WatchDog.cancel(): canceling Tue Apr 16 04:03:08 UTC 2019
auto.tcl: Setting watchdog for 200 seconds at Tue Apr 16 04:03:08 UTC 2019
8 ms. Memory: 208384K Free: 183410K (88%)
ptolemy.util.test.WatchDog.cancel(): canceling Tue Apr 16 04:03:08 UTC 2019
------------------ testing $PTII/ptolemy/domains/de/test/auto/CQBug1.xml
auto.tcl: Setting watchdog for 200 seconds at Tue Apr 16 04:03:08 UTC 2019
3 ms. Memory: 208384K Free: 197910K (95%)
ptolemy.util.test.WatchDog.cancel(): canceling Tue Apr 16 04:03:08 UTC 2019
auto.tcl: Setting watchdog for 200 seconds at Tue Apr 16 04:03:08 UTC 2019
2 ms. Memory: 208384K Free: 197910K (95%)
ptolemy.util.test.WatchDog.cancel(): canceling Tue Apr 16 04:03:08 UTC 2019
------------------ testing $PTII/ptolemy/domains/de/test/auto/CancelFireAt.xml
auto.tcl: Setting watchdog for 200 seconds at Tue Apr 16 04:03:08 UTC 2019
9 ms. Memory: 208384K Free: 201569K (97%)
ptolemy.util.test.WatchDog.cancel(): canceling Tue Apr 16 04:03:08 UTC 2019
auto.tcl: Setting watchdog for 200 seconds at Tue Apr 16 04:03:08 UTC 2019
3 ms. Memory: 208384K Free: 199531K (96%)
ptolemy.util.test.WatchDog.cancel(): canceling Tue Apr 16 04:03:08 UTC 2019
------------------ testing $PTII/ptolemy/domains/de/test/auto/CausalityAndComposabilityAnalysis.xml
auto.tcl: Setting watchdog for 200 seconds at Tue Apr 16 04:03:08 UTC 2019
22 ms. Memory: 208384K Free: 198609K (95%)
ptolemy.util.test.WatchDog.cancel(): canceling Tue Apr 16 04:03:08 UTC 2019
auto.tcl: Setting watchdog for 200 seconds at Tue Apr 16 04:03:08 UTC 2019
16 ms. Memory: 208384K Free: 196571K (94%)
ptolemy.util.test.WatchDog.cancel(): canceling Tue Apr 16 04:03:08 UTC 2019
------------------ testing $PTII/ptolemy/domains/de/test/auto/CausalityInterface1.xml
auto.tcl: Setting watchdog for 200 seconds at Tue Apr 16 04:03:08 UTC 2019
20 ms. Memory: 208384K Free: 196509K (94%)
ptolemy.util.test.WatchDog.cancel(): canceling Tue Apr 16 04:03:08 UTC 2019
auto.tcl: Setting watchdog for 200 seconds at Tue Apr 16 04:03:08 UTC 2019
3 ms. Memory: 208384K Free: 196509K (94%)
ptolemy.util.test.WatchDog.cancel(): canceling Tue Apr 16 04:03:08 UTC 2019
------------------ testing $PTII/ptolemy/domains/de/test/auto/CausalityInterface15.xml
auto.tcl: Setting watchdog for 200 seconds at Tue Apr 16 04:03:08 UTC 2019
4 ms. Memory: 208384K Free: 196467K (94%)
ptolemy.util.test.WatchDog.cancel(): canceling Tue Apr 16 04:03:08 UTC 2019
auto.tcl: Setting watchdog for 200 seconds at Tue Apr 16 04:03:08 UTC 2019
8 ms. Memory: 208384K Free: 196467K (94%)
ptolemy.util.test.WatchDog.cancel(): canceling Tue Apr 16 04:03:08 UTC 2019
------------------ testing $PTII/ptolemy/domains/de/test/auto/CausalityInterface2.xml
auto.tcl: Setting watchdog for 200 seconds at Tue Apr 16 04:03:08 UTC 2019
4 ms. Memory: 208384K Free: 196483K (94%)
ptolemy.util.test.WatchDog.cancel(): canceling Tue Apr 16 04:03:08 UTC 2019
auto.tcl: Setting watchdog for 200 seconds at Tue Apr 16 04:03:08 UTC 2019
4 ms. Memory: 208384K Free: 196483K (94%)
ptolemy.util.test.WatchDog.cancel(): canceling Tue Apr 16 04:03:08 UTC 2019
------------------ testing $PTII/ptolemy/domains/de/test/auto/CausalityInterface3.xml
auto.tcl: Setting watchdog for 200 seconds at Tue Apr 16 04:03:08 UTC 2019
7 ms. Memory: 208384K Free: 196496K (94%)
ptolemy.util.test.WatchDog.cancel(): canceling Tue Apr 16 04:03:08 UTC 2019
auto.tcl: Setting watchdog for 200 seconds at Tue Apr 16 04:03:08 UTC 2019
4 ms. Memory: 208384K Free: 196496K (94%)
ptolemy.util.test.WatchDog.cancel(): canceling Tue Apr 16 04:03:08 UTC 2019
------------------ testing $PTII/ptolemy/domains/de/test/auto/ClockDrift.xml
auto.tcl: Setting watchdog for 200 seconds at Tue Apr 16 04:03:08 UTC 2019
71 ms. Memory: 208384K Free: 187913K (90%)
ptolemy.util.test.WatchDog.cancel(): canceling Tue Apr 16 04:03:09 UTC 2019
auto.tcl: Setting watchdog for 200 seconds at Tue Apr 16 04:03:09 UTC 2019
44 ms. Memory: 208384K Free: 185875K (89%)
ptolemy.util.test.WatchDog.cancel(): canceling Tue Apr 16 04:03:09 UTC 2019
------------------ testing $PTII/ptolemy/domains/de/test/auto/ClockDriftAndValueChange.xml
auto.tcl: Setting watchdog for 200 seconds at Tue Apr 16 04:03:09 UTC 2019
60 ms. Memory: 208384K Free: 187749K (90%)
ptolemy.util.test.WatchDog.cancel(): canceling Tue Apr 16 04:03:09 UTC 2019
auto.tcl: Setting watchdog for 200 seconds at Tue Apr 16 04:03:09 UTC 2019
33 ms. Memory: 208384K Free: 185711K (89%)
ptolemy.util.test.WatchDog.cancel(): canceling Tue Apr 16 04:03:09 UTC 2019
------------------ testing $PTII/ptolemy/domains/de/test/auto/ClockDriftChange.xml
auto.tcl: Setting watchdog for 200 seconds at Tue Apr 16 04:03:09 UTC 2019
43 ms. Memory: 208384K Free: 191006K (92%)
ptolemy.util.test.WatchDog.cancel(): canceling Tue Apr 16 04:03:09 UTC 2019
auto.tcl: Setting watchdog for 200 seconds at Tue Apr 16 04:03:09 UTC 2019
45 ms. Memory: 208384K Free: 188968K (91%)
ptolemy.util.test.WatchDog.cancel(): canceling Tue Apr 16 04:03:09 UTC 2019
------------------ testing $PTII/ptolemy/domains/de/test/auto/ComposableCausalityAnalysis.xml
auto.tcl: Setting watchdog for 200 seconds at Tue Apr 16 04:03:09 UTC 2019
3 ms. Memory: 208384K Free: 196349K (94%)
ptolemy.util.test.WatchDog.cancel(): canceling Tue Apr 16 04:03:09 UTC 2019
auto.tcl: Setting watchdog for 200 seconds at Tue Apr 16 04:03:09 UTC 2019
2 ms. Memory: 208384K Free: 194311K (93%)
ptolemy.util.test.WatchDog.cancel(): canceling Tue Apr 16 04:03:09 UTC 2019
------------------ testing $PTII/ptolemy/domains/de/test/auto/DEFixedPointLimitation.xml
auto.tcl: Setting watchdog for 200 seconds at Tue Apr 16 04:03:09 UTC 2019
2 ms. Memory: 208384K Free: 198469K (95%)
ptolemy.util.test.WatchDog.cancel(): canceling Tue Apr 16 04:03:09 UTC 2019
auto.tcl: Setting watchdog for 200 seconds at Tue Apr 16 04:03:09 UTC 2019
2 ms. Memory: 208384K Free: 196430K (94%)
ptolemy.util.test.WatchDog.cancel(): canceling Tue Apr 16 04:03:09 UTC 2019
------------------ testing $PTII/ptolemy/domains/de/test/auto/DEScheduleTest.xml
auto.tcl: Setting watchdog for 200 seconds at Tue Apr 16 04:03:09 UTC 2019
7 ms. Memory: 208384K Free: 199023K (96%)
ptolemy.util.test.WatchDog.cancel(): canceling Tue Apr 16 04:03:09 UTC 2019
auto.tcl: Setting watchdog for 200 seconds at Tue Apr 16 04:03:09 UTC 2019
5 ms. Memory: 208384K Free: 196466K (94%)
ptolemy.util.test.WatchDog.cancel(): canceling Tue Apr 16 04:03:09 UTC 2019
------------------ testing $PTII/ptolemy/domains/de/test/auto/DEinDEwithStartTimes.xml
auto.tcl: Setting watchdog for 200 seconds at Tue Apr 16 04:03:09 UTC 2019
4 ms. Memory: 208384K Free: 196436K (94%)
ptolemy.util.test.WatchDog.cancel(): canceling Tue Apr 16 04:03:09 UTC 2019
auto.tcl: Setting watchdog for 200 seconds at Tue Apr 16 04:03:09 UTC 2019
4 ms. Memory: 208384K Free: 194398K (93%)
ptolemy.util.test.WatchDog.cancel(): canceling Tue Apr 16 04:03:09 UTC 2019
------------------ testing $PTII/ptolemy/domains/de/test/auto/DEinDEwithStartTimes2.xml
auto.tcl: Setting watchdog for 200 seconds at Tue Apr 16 04:03:09 UTC 2019
8 ms. Memory: 208384K Free: 196935K (95%)
ptolemy.util.test.WatchDog.cancel(): canceling Tue Apr 16 04:03:09 UTC 2019
auto.tcl: Setting watchdog for 200 seconds at Tue Apr 16 04:03:09 UTC 2019
5 ms. Memory: 208384K Free: 194378K (93%)
ptolemy.util.test.WatchDog.cancel(): canceling Tue Apr 16 04:03:09 UTC 2019
------------------ testing $PTII/ptolemy/domains/de/test/auto/DateDemo.xml
auto.tcl: Setting watchdog for 200 seconds at Tue Apr 16 04:03:10 UTC 2019
12 ms. Memory: 208384K Free: 189031K (91%)
ptolemy.util.test.WatchDog.cancel(): canceling Tue Apr 16 04:03:10 UTC 2019
auto.tcl: Setting watchdog for 200 seconds at Tue Apr 16 04:03:10 UTC 2019
8 ms. Memory: 208384K Free: 186993K (90%)
ptolemy.util.test.WatchDog.cancel(): canceling Tue Apr 16 04:03:10 UTC 2019
------------------ testing $PTII/ptolemy/domains/de/test/auto/DateToEvent.xml
auto.tcl: Setting watchdog for 200 seconds at Tue Apr 16 04:03:10 UTC 2019
2020 ms. Memory: 208384K Free: 183923K (88%)
ptolemy.util.test.WatchDog.cancel(): canceling Tue Apr 16 04:03:12 UTC 2019
auto.tcl: Setting watchdog for 200 seconds at Tue Apr 16 04:03:12 UTC 2019
2005 ms. Memory: 208384K Free: 183923K (88%)
ptolemy.util.test.WatchDog.cancel(): canceling Tue Apr 16 04:03:14 UTC 2019
------------------ testing $PTII/ptolemy/domains/de/test/auto/DepthTest1.xml
auto.tcl: Setting watchdog for 200 seconds at Tue Apr 16 04:03:14 UTC 2019
3 ms. Memory: 208384K Free: 198031K (95%)
ptolemy.util.test.WatchDog.cancel(): canceling Tue Apr 16 04:03:14 UTC 2019
auto.tcl: Setting watchdog for 200 seconds at Tue Apr 16 04:03:14 UTC 2019
6 ms. Memory: 208384K Free: 198031K (95%)
ptolemy.util.test.WatchDog.cancel(): canceling Tue Apr 16 04:03:14 UTC 2019
------------------ testing $PTII/ptolemy/domains/de/test/auto/DepthTest2.xml
auto.tcl: Setting watchdog for 200 seconds at Tue Apr 16 04:03:14 UTC 2019
8 ms. Memory: 208384K Free: 194389K (93%)
ptolemy.util.test.WatchDog.cancel(): canceling Tue Apr 16 04:03:14 UTC 2019
auto.tcl: Setting watchdog for 200 seconds at Tue Apr 16 04:03:14 UTC 2019
5 ms. Memory: 208384K Free: 194389K (93%)
ptolemy.util.test.WatchDog.cancel(): canceling Tue Apr 16 04:03:14 UTC 2019
------------------ testing $PTII/ptolemy/domains/de/test/auto/DepthTest3.xml
auto.tcl: Setting watchdog for 200 seconds at Tue Apr 16 04:03:14 UTC 2019
3 ms. Memory: 208384K Free: 198366K (95%)
ptolemy.util.test.WatchDog.cancel(): canceling Tue Apr 16 04:03:14 UTC 2019
auto.tcl: Setting watchdog for 200 seconds at Tue Apr 16 04:03:14 UTC 2019
2 ms. Memory: 208384K Free: 198366K (95%)
ptolemy.util.test.WatchDog.cancel(): canceling Tue Apr 16 04:03:14 UTC 2019
------------------ testing $PTII/ptolemy/domains/de/test/auto/DepthTest4.xml
auto.tcl: Setting watchdog for 200 seconds at Tue Apr 16 04:03:14 UTC 2019
3 ms. Memory: 208384K Free: 196934K (95%)
ptolemy.util.test.WatchDog.cancel(): canceling Tue Apr 16 04:03:14 UTC 2019
auto.tcl: Setting watchdog for 200 seconds at Tue Apr 16 04:03:14 UTC 2019
2 ms. Memory: 208384K Free: 196415K (94%)
ptolemy.util.test.WatchDog.cancel(): canceling Tue Apr 16 04:03:14 UTC 2019
------------------ testing $PTII/ptolemy/domains/de/test/auto/DepthTest5.xml
auto.tcl: Setting watchdog for 200 seconds at Tue Apr 16 04:03:14 UTC 2019
11 ms. Memory: 208384K Free: 196882K (94%)
ptolemy.util.test.WatchDog.cancel(): canceling Tue Apr 16 04:03:14 UTC 2019
auto.tcl: Setting watchdog for 200 seconds at Tue Apr 16 04:03:14 UTC 2019
3 ms. Memory: 208384K Free: 196882K (94%)
ptolemy.util.test.WatchDog.cancel(): canceling Tue Apr 16 04:03:14 UTC 2019
------------------ testing $PTII/ptolemy/domains/de/test/auto/DepthTest6.xml
auto.tcl: Setting watchdog for 200 seconds at Tue Apr 16 04:03:14 UTC 2019
9 ms. Memory: 208384K Free: 196858K (94%)
ptolemy.util.test.WatchDog.cancel(): canceling Tue Apr 16 04:03:14 UTC 2019
auto.tcl: Setting watchdog for 200 seconds at Tue Apr 16 04:03:14 UTC 2019
3 ms. Memory: 208384K Free: 196858K (94%)
ptolemy.util.test.WatchDog.cancel(): canceling Tue Apr 16 04:03:14 UTC 2019
------------------ testing $PTII/ptolemy/domains/de/test/auto/DepthTest7.xml
auto.tcl: Setting watchdog for 200 seconds at Tue Apr 16 04:03:14 UTC 2019
3 ms. Memory: 208384K Free: 195091K (94%)
ptolemy.util.test.WatchDog.cancel(): canceling Tue Apr 16 04:03:14 UTC 2019
auto.tcl: Setting watchdog for 200 seconds at Tue Apr 16 04:03:14 UTC 2019
2 ms. Memory: 208384K Free: 195091K (94%)
ptolemy.util.test.WatchDog.cancel(): canceling Tue Apr 16 04:03:14 UTC 2019
------------------ testing $PTII/ptolemy/domains/de/test/auto/EventToDate.xml
auto.tcl: Setting watchdog for 200 seconds at Tue Apr 16 04:03:14 UTC 2019
3005 ms. Memory: 208384K Free: 185716K (89%)
ptolemy.util.test.WatchDog.cancel(): canceling Tue Apr 16 04:03:17 UTC 2019
auto.tcl: Setting watchdog for 200 seconds at Tue Apr 16 04:03:17 UTC 2019
3005 ms. Memory: 208384K Free: 183676K (88%)
ptolemy.util.test.WatchDog.cancel(): canceling Tue Apr 16 04:03:20 UTC 2019
------------------ testing $PTII/ptolemy/domains/de/test/auto/FSM1.xml
auto.tcl: Setting watchdog for 200 seconds at Tue Apr 16 04:03:20 UTC 2019
23 ms. Memory: 208384K Free: 189496K (91%)
ptolemy.util.test.WatchDog.cancel(): canceling Tue Apr 16 04:03:21 UTC 2019
auto.tcl: Setting watchdog for 200 seconds at Tue Apr 16 04:03:21 UTC 2019
34 ms. Memory: 208384K Free: 185420K (89%)
ptolemy.util.test.WatchDog.cancel(): canceling Tue Apr 16 04:03:21 UTC 2019
------------------ testing $PTII/ptolemy/domains/de/test/auto/FSM7.xml
auto.tcl: Setting watchdog for 200 seconds at Tue Apr 16 04:03:21 UTC 2019
27 ms. Memory: 208384K Free: 189700K (91%)
ptolemy.util.test.WatchDog.cancel(): canceling Tue Apr 16 04:03:21 UTC 2019
auto.tcl: Setting watchdog for 200 seconds at Tue Apr 16 04:03:21 UTC 2019
20 ms. Memory: 208384K Free: 185623K (89%)
ptolemy.util.test.WatchDog.cancel(): canceling Tue Apr 16 04:03:21 UTC 2019
------------------ testing $PTII/ptolemy/domains/de/test/auto/Inspection.xml
auto.tcl: Setting watchdog for 200 seconds at Tue Apr 16 04:03:21 UTC 2019
34 ms. Memory: 208384K Free: 189386K (91%)
ptolemy.util.test.WatchDog.cancel(): canceling Tue Apr 16 04:03:21 UTC 2019
auto.tcl: Setting watchdog for 200 seconds at Tue Apr 16 04:03:21 UTC 2019
24 ms. Memory: 208384K Free: 187348K (90%)
ptolemy.util.test.WatchDog.cancel(): canceling Tue Apr 16 04:03:21 UTC 2019
------------------ testing $PTII/ptolemy/domains/de/test/auto/Iteration.xml
auto.tcl: Setting watchdog for 200 seconds at Tue Apr 16 04:03:21 UTC 2019
9 ms. Memory: 208384K Free: 196127K (94%)
ptolemy.util.test.WatchDog.cancel(): canceling Tue Apr 16 04:03:21 UTC 2019
auto.tcl: Setting watchdog for 200 seconds at Tue Apr 16 04:03:21 UTC 2019
6 ms. Memory: 208384K Free: 194089K (93%)
ptolemy.util.test.WatchDog.cancel(): canceling Tue Apr 16 04:03:21 UTC 2019
------------------ testing $PTII/ptolemy/domains/de/test/auto/LineFault.xml
auto.tcl: Setting watchdog for 200 seconds at Tue Apr 16 04:03:21 UTC 2019
777 ms. Memory: 208384K Free: 199835K (96%)
ptolemy.util.test.WatchDog.cancel(): canceling Tue Apr 16 04:03:22 UTC 2019
auto.tcl: Setting watchdog for 200 seconds at Tue Apr 16 04:03:22 UTC 2019
676 ms. Memory: 208384K Free: 142521K (68%)
ptolemy.util.test.WatchDog.cancel(): canceling Tue Apr 16 04:03:23 UTC 2019
------------------ testing $PTII/ptolemy/domains/de/test/auto/MergeModel1Add.xml
auto.tcl: Setting watchdog for 200 seconds at Tue Apr 16 04:03:23 UTC 2019
21 ms. Memory: 331264K Free: 300834K (91%)
ptolemy.util.test.WatchDog.cancel(): canceling Tue Apr 16 04:03:23 UTC 2019
auto.tcl: Setting watchdog for 200 seconds at Tue Apr 16 04:03:23 UTC 2019
11 ms. Memory: 331264K Free: 300834K (91%)
ptolemy.util.test.WatchDog.cancel(): canceling Tue Apr 16 04:03:23 UTC 2019
------------------ testing $PTII/ptolemy/domains/de/test/auto/MergeModel2Add.xml
auto.tcl: Setting watchdog for 200 seconds at Tue Apr 16 04:03:23 UTC 2019
16 ms. Memory: 331264K Free: 305766K (92%)
ptolemy.util.test.WatchDog.cancel(): canceling Tue Apr 16 04:03:23 UTC 2019
auto.tcl: Setting watchdog for 200 seconds at Tue Apr 16 04:03:23 UTC 2019
13 ms. Memory: 331264K Free: 302205K (91%)
ptolemy.util.test.WatchDog.cancel(): canceling Tue Apr 16 04:03:23 UTC 2019
------------------ testing $PTII/ptolemy/domains/de/test/auto/MergeModel3Add.xml
auto.tcl: Setting watchdog for 200 seconds at Tue Apr 16 04:03:23 UTC 2019
12 ms. Memory: 331264K Free: 305775K (92%)
ptolemy.util.test.WatchDog.cancel(): canceling Tue Apr 16 04:03:23 UTC 2019
auto.tcl: Setting watchdog for 200 seconds at Tue Apr 16 04:03:23 UTC 2019
13 ms. Memory: 331264K Free: 302214K (91%)
ptolemy.util.test.WatchDog.cancel(): canceling Tue Apr 16 04:03:23 UTC 2019
------------------ testing $PTII/ptolemy/domains/de/test/auto/MergeWithoutDiscard.xml
auto.tcl: Setting watchdog for 200 seconds at Tue Apr 16 04:03:23 UTC 2019
8 ms. Memory: 331264K Free: 316456K (96%)
ptolemy.util.test.WatchDog.cancel(): canceling Tue Apr 16 04:03:23 UTC 2019
auto.tcl: Setting watchdog for 200 seconds at Tue Apr 16 04:03:23 UTC 2019
2 ms. Memory: 331264K Free: 316456K (96%)
ptolemy.util.test.WatchDog.cancel(): canceling Tue Apr 16 04:03:23 UTC 2019
------------------ testing $PTII/ptolemy/domains/de/test/auto/Modal1.xml
auto.tcl: Setting watchdog for 200 seconds at Tue Apr 16 04:03:23 UTC 2019
19 ms. Memory: 331264K Free: 310720K (94%)
ptolemy.util.test.WatchDog.cancel(): canceling Tue Apr 16 04:03:24 UTC 2019
auto.tcl: Setting watchdog for 200 seconds at Tue Apr 16 04:03:24 UTC 2019
30 ms. Memory: 331264K Free: 307159K (93%)
ptolemy.util.test.WatchDog.cancel(): canceling Tue Apr 16 04:03:24 UTC 2019
------------------ testing $PTII/ptolemy/domains/de/test/auto/Modal2.xml
auto.tcl: Setting watchdog for 200 seconds at Tue Apr 16 04:03:24 UTC 2019
18 ms. Memory: 331264K Free: 310593K (94%)
ptolemy.util.test.WatchDog.cancel(): canceling Tue Apr 16 04:03:24 UTC 2019
auto.tcl: Setting watchdog for 200 seconds at Tue Apr 16 04:03:24 UTC 2019
17 ms. Memory: 331264K Free: 307032K (93%)
ptolemy.util.test.WatchDog.cancel(): canceling Tue Apr 16 04:03:24 UTC 2019
------------------ testing $PTII/ptolemy/domains/de/test/auto/Modal3.xml
auto.tcl: Setting watchdog for 200 seconds at Tue Apr 16 04:03:24 UTC 2019
17 ms. Memory: 331264K Free: 311265K (94%)
ptolemy.util.test.WatchDog.cancel(): canceling Tue Apr 16 04:03:24 UTC 2019
auto.tcl: Setting watchdog for 200 seconds at Tue Apr 16 04:03:24 UTC 2019
15 ms. Memory: 331264K Free: 307029K (93%)
ptolemy.util.test.WatchDog.cancel(): canceling Tue Apr 16 04:03:24 UTC 2019
------------------ testing $PTII/ptolemy/domains/de/test/auto/Modal4.xml
auto.tcl: Setting watchdog for 200 seconds at Tue Apr 16 04:03:24 UTC 2019
13 ms. Memory: 331264K Free: 310411K (94%)
ptolemy.util.test.WatchDog.cancel(): canceling Tue Apr 16 04:03:24 UTC 2019
auto.tcl: Setting watchdog for 200 seconds at Tue Apr 16 04:03:24 UTC 2019
26 ms. Memory: 331264K Free: 306850K (93%)
ptolemy.util.test.WatchDog.cancel(): canceling Tue Apr 16 04:03:24 UTC 2019
------------------ testing $PTII/ptolemy/domains/de/test/auto/Modal5.xml
auto.tcl: Setting watchdog for 200 seconds at Tue Apr 16 04:03:24 UTC 2019
19 ms. Memory: 331264K Free: 310397K (94%)
ptolemy.util.test.WatchDog.cancel(): canceling Tue Apr 16 04:03:24 UTC 2019
auto.tcl: Setting watchdog for 200 seconds at Tue Apr 16 04:03:24 UTC 2019
14 ms. Memory: 331264K Free: 306836K (93%)
ptolemy.util.test.WatchDog.cancel(): canceling Tue Apr 16 04:03:24 UTC 2019
------------------ testing $PTII/ptolemy/domains/de/test/auto/Modal6.xml
auto.tcl: Setting watchdog for 200 seconds at Tue Apr 16 04:03:24 UTC 2019
16 ms. Memory: 331264K Free: 310394K (94%)
ptolemy.util.test.WatchDog.cancel(): canceling Tue Apr 16 04:03:24 UTC 2019
auto.tcl: Setting watchdog for 200 seconds at Tue Apr 16 04:03:24 UTC 2019
20 ms. Memory: 331264K Free: 306833K (93%)
ptolemy.util.test.WatchDog.cancel(): canceling Tue Apr 16 04:03:24 UTC 2019
------------------ testing $PTII/ptolemy/domains/de/test/auto/Modal7.xml
auto.tcl: Setting watchdog for 200 seconds at Tue Apr 16 04:03:24 UTC 2019
9 ms. Memory: 331264K Free: 306833K (93%)
ptolemy.util.test.WatchDog.cancel(): canceling Tue Apr 16 04:03:24 UTC 2019
auto.tcl: Setting watchdog for 200 seconds at Tue Apr 16 04:03:24 UTC 2019
10 ms. Memory: 331264K Free: 303272K (92%)
ptolemy.util.test.WatchDog.cancel(): canceling Tue Apr 16 04:03:24 UTC 2019
------------------ testing $PTII/ptolemy/domains/de/test/auto/ModalModel.xml
auto.tcl: Setting watchdog for 200 seconds at Tue Apr 16 04:03:24 UTC 2019
192 ms. Memory: 331264K Free: 248069K (75%)
ptolemy.util.test.WatchDog.cancel(): canceling Tue Apr 16 04:03:25 UTC 2019
auto.tcl: Setting watchdog for 200 seconds at Tue Apr 16 04:03:25 UTC 2019
209 ms. Memory: 331264K Free: 191093K (58%)
ptolemy.util.test.WatchDog.cancel(): canceling Tue Apr 16 04:03:25 UTC 2019
------------------ testing $PTII/ptolemy/domains/de/test/auto/ModalSource.xml
auto.tcl: Setting watchdog for 200 seconds at Tue Apr 16 04:03:25 UTC 2019
8 ms. Memory: 331264K Free: 316663K (96%)
ptolemy.util.test.WatchDog.cancel(): canceling Tue Apr 16 04:03:25 UTC 2019
auto.tcl: Setting watchdog for 200 seconds at Tue Apr 16 04:03:25 UTC 2019
7 ms. Memory: 331264K Free: 313401K (95%)
ptolemy.util.test.WatchDog.cancel(): canceling Tue Apr 16 04:03:25 UTC 2019
------------------ testing $PTII/ptolemy/domains/de/test/auto/NonInterruptibleTimerZeroDelay.xml
auto.tcl: Setting watchdog for 200 seconds at Tue Apr 16 04:03:25 UTC 2019
5 ms. Memory: 331264K Free: 321017K (97%)
ptolemy.util.test.WatchDog.cancel(): canceling Tue Apr 16 04:03:25 UTC 2019
auto.tcl: Setting watchdog for 200 seconds at Tue Apr 16 04:03:25 UTC 2019
1 ms. Memory: 331264K Free: 317754K (96%)
ptolemy.util.test.WatchDog.cancel(): canceling Tue Apr 16 04:03:25 UTC 2019
------------------ testing $PTII/ptolemy/domains/de/test/auto/OpenQueueingNetwork.xml
auto.tcl: Setting watchdog for 200 seconds at Tue Apr 16 04:03:25 UTC 2019
2745 ms. Memory: 573952K Free: 406540K (71%)
ptolemy.util.test.WatchDog.cancel(): canceling Tue Apr 16 04:03:28 UTC 2019
auto.tcl: Setting watchdog for 200 seconds at Tue Apr 16 04:03:28 UTC 2019
2464 ms. Memory: 550912K Free: 297554K (54%)
ptolemy.util.test.WatchDog.cancel(): canceling Tue Apr 16 04:03:30 UTC 2019
------------------ testing $PTII/ptolemy/domains/de/test/auto/OpenQueuingNetwork.xml
auto.tcl: Setting watchdog for 200 seconds at Tue Apr 16 04:03:30 UTC 2019
239 ms. Memory: 549888K Free: 450059K (82%)
ptolemy.util.test.WatchDog.cancel(): canceling Tue Apr 16 04:03:31 UTC 2019
auto.tcl: Setting watchdog for 200 seconds at Tue Apr 16 04:03:31 UTC 2019
235 ms. Memory: 549888K Free: 392096K (71%)
ptolemy.util.test.WatchDog.cancel(): canceling Tue Apr 16 04:03:31 UTC 2019
------------------ testing $PTII/ptolemy/domains/de/test/auto/PeriodicSampler.xml
auto.tcl: Setting watchdog for 200 seconds at Tue Apr 16 04:03:31 UTC 2019
4 ms. Memory: 551936K Free: 535671K (97%)
ptolemy.util.test.WatchDog.cancel(): canceling Tue Apr 16 04:03:31 UTC 2019
auto.tcl: Setting watchdog for 200 seconds at Tue Apr 16 04:03:31 UTC 2019
2 ms. Memory: 551936K Free: 535671K (97%)
ptolemy.util.test.WatchDog.cancel(): canceling Tue Apr 16 04:03:31 UTC 2019
------------------ testing $PTII/ptolemy/domains/de/test/auto/PersistentIO.xml
auto.tcl: Setting watchdog for 200 seconds at Tue Apr 16 04:03:31 UTC 2019
6 ms. Memory: 549376K Free: 527255K (96%)
ptolemy.util.test.WatchDog.cancel(): canceling Tue Apr 16 04:03:31 UTC 2019
auto.tcl: Setting watchdog for 200 seconds at Tue Apr 16 04:03:31 UTC 2019
5 ms. Memory: 549376K Free: 527255K (96%)
ptolemy.util.test.WatchDog.cancel(): canceling Tue Apr 16 04:03:31 UTC 2019
------------------ testing $PTII/ptolemy/domains/de/test/auto/PortParameterResetOnInitialize.xml
auto.tcl: Setting watchdog for 200 seconds at Tue Apr 16 04:03:31 UTC 2019
2 ms. Memory: 551424K Free: 530940K (96%)
ptolemy.util.test.WatchDog.cancel(): canceling Tue Apr 16 04:03:31 UTC 2019
auto.tcl: Setting watchdog for 200 seconds at Tue Apr 16 04:03:31 UTC 2019
1 ms. Memory: 551424K Free: 530940K (96%)
ptolemy.util.test.WatchDog.cancel(): canceling Tue Apr 16 04:03:31 UTC 2019
------------------ testing $PTII/ptolemy/domains/de/test/auto/PortParameterUpdates.xml
auto.tcl: Setting watchdog for 200 seconds at Tue Apr 16 04:03:31 UTC 2019
6 ms. Memory: 549376K Free: 528483K (96%)
ptolemy.util.test.WatchDog.cancel(): canceling Tue Apr 16 04:03:31 UTC 2019
auto.tcl: Setting watchdog for 200 seconds at Tue Apr 16 04:03:31 UTC 2019
6 ms. Memory: 549376K Free: 528483K (96%)
ptolemy.util.test.WatchDog.cancel(): canceling Tue Apr 16 04:03:31 UTC 2019
------------------ testing $PTII/ptolemy/domains/de/test/auto/QueueAndServer.xml
auto.tcl: Setting watchdog for 200 seconds at Tue Apr 16 04:03:31 UTC 2019
13 ms. Memory: 551424K Free: 530494K (96%)
ptolemy.util.test.WatchDog.cancel(): canceling Tue Apr 16 04:03:31 UTC 2019
auto.tcl: Setting watchdog for 200 seconds at Tue Apr 16 04:03:31 UTC 2019
8 ms. Memory: 551424K Free: 524037K (95%)
ptolemy.util.test.WatchDog.cancel(): canceling Tue Apr 16 04:03:31 UTC 2019
------------------ testing $PTII/ptolemy/domains/de/test/auto/Records.xml
auto.tcl: Setting watchdog for 200 seconds at Tue Apr 16 04:03:31 UTC 2019
12 ms. Memory: 549376K Free: 533067K (97%)
ptolemy.util.test.WatchDog.cancel(): canceling Tue Apr 16 04:03:31 UTC 2019
auto.tcl: Setting watchdog for 200 seconds at Tue Apr 16 04:03:31 UTC 2019
2 ms. Memory: 549376K Free: 533067K (97%)
ptolemy.util.test.WatchDog.cancel(): canceling Tue Apr 16 04:03:31 UTC 2019
------------------ testing $PTII/ptolemy/domains/de/test/auto/ResetTransitionWithStartTime1.xml
auto.tcl: Setting watchdog for 200 seconds at Tue Apr 16 04:03:31 UTC 2019
13 ms. Memory: 551424K Free: 535140K (97%)
ptolemy.util.test.WatchDog.cancel(): canceling Tue Apr 16 04:03:32 UTC 2019
auto.tcl: Setting watchdog for 200 seconds at Tue Apr 16 04:03:32 UTC 2019
6 ms. Memory: 551424K Free: 528699K (96%)
ptolemy.util.test.WatchDog.cancel(): canceling Tue Apr 16 04:03:32 UTC 2019
------------------ testing $PTII/ptolemy/domains/de/test/auto/ResetTransitionWithStartTime2.xml
auto.tcl: Setting watchdog for 200 seconds at Tue Apr 16 04:03:32 UTC 2019
5 ms. Memory: 549376K Free: 533626K (97%)
ptolemy.util.test.WatchDog.cancel(): canceling Tue Apr 16 04:03:32 UTC 2019
auto.tcl: Setting watchdog for 200 seconds at Tue Apr 16 04:03:32 UTC 2019
5 ms. Memory: 549376K Free: 527186K (96%)
ptolemy.util.test.WatchDog.cancel(): canceling Tue Apr 16 04:03:32 UTC 2019
------------------ testing $PTII/ptolemy/domains/de/test/auto/ResetTransitionWithStartTime3.xml
auto.tcl: Setting watchdog for 200 seconds at Tue Apr 16 04:03:32 UTC 2019
6 ms. Memory: 550912K Free: 534618K (97%)
ptolemy.util.test.WatchDog.cancel(): canceling Tue Apr 16 04:03:32 UTC 2019
auto.tcl: Setting watchdog for 200 seconds at Tue Apr 16 04:03:32 UTC 2019
6 ms. Memory: 550912K Free: 528178K (96%)
ptolemy.util.test.WatchDog.cancel(): canceling Tue Apr 16 04:03:32 UTC 2019
------------------ testing $PTII/ptolemy/domains/de/test/auto/ResetTransitionWithStartTime4.xml
auto.tcl: Setting watchdog for 200 seconds at Tue Apr 16 04:03:32 UTC 2019
5 ms. Memory: 549376K Free: 526625K (96%)
ptolemy.util.test.WatchDog.cancel(): canceling Tue Apr 16 04:03:32 UTC 2019
auto.tcl: Setting watchdog for 200 seconds at Tue Apr 16 04:03:32 UTC 2019
3 ms. Memory: 549376K Free: 526625K (96%)
ptolemy.util.test.WatchDog.cancel(): canceling Tue Apr 16 04:03:32 UTC 2019
------------------ testing $PTII/ptolemy/domains/de/test/auto/ResettableTimer1.xml
auto.tcl: Setting watchdog for 200 seconds at Tue Apr 16 04:03:32 UTC 2019
4 ms. Memory: 550912K Free: 534612K (97%)
ptolemy.util.test.WatchDog.cancel(): canceling Tue Apr 16 04:03:32 UTC 2019
auto.tcl: Setting watchdog for 200 seconds at Tue Apr 16 04:03:32 UTC 2019
2 ms. Memory: 550912K Free: 534612K (97%)
ptolemy.util.test.WatchDog.cancel(): canceling Tue Apr 16 04:03:32 UTC 2019
------------------ testing $PTII/ptolemy/domains/de/test/auto/ResettableTimer2.xml
auto.tcl: Setting watchdog for 200 seconds at Tue Apr 16 04:03:32 UTC 2019
3 ms. Memory: 549376K Free: 533677K (97%)
ptolemy.util.test.WatchDog.cancel(): canceling Tue Apr 16 04:03:32 UTC 2019
auto.tcl: Setting watchdog for 200 seconds at Tue Apr 16 04:03:32 UTC 2019
2 ms. Memory: 549376K Free: 533677K (97%)
ptolemy.util.test.WatchDog.cancel(): canceling Tue Apr 16 04:03:32 UTC 2019
------------------ testing $PTII/ptolemy/domains/de/test/auto/ResettableTimer3.xml
auto.tcl: Setting watchdog for 200 seconds at Tue Apr 16 04:03:32 UTC 2019
2 ms. Memory: 550912K Free: 534670K (97%)
ptolemy.util.test.WatchDog.cancel(): canceling Tue Apr 16 04:03:32 UTC 2019
auto.tcl: Setting watchdog for 200 seconds at Tue Apr 16 04:03:32 UTC 2019
1 ms. Memory: 550912K Free: 534670K (97%)
ptolemy.util.test.WatchDog.cancel(): canceling Tue Apr 16 04:03:32 UTC 2019
------------------ testing $PTII/ptolemy/domains/de/test/auto/ResettableTimer4.xml
auto.tcl: Setting watchdog for 200 seconds at Tue Apr 16 04:03:32 UTC 2019
1 ms. Memory: 549376K Free: 533690K (97%)
ptolemy.util.test.WatchDog.cancel(): canceling Tue Apr 16 04:03:32 UTC 2019
auto.tcl: Setting watchdog for 200 seconds at Tue Apr 16 04:03:32 UTC 2019
1 ms. Memory: 549376K Free: 533690K (97%)
ptolemy.util.test.WatchDog.cancel(): canceling Tue Apr 16 04:03:32 UTC 2019
------------------ testing $PTII/ptolemy/domains/de/test/auto/ResettableTimer5.xml
auto.tcl: Setting watchdog for 200 seconds at Tue Apr 16 04:03:32 UTC 2019
3 ms. Memory: 550400K Free: 530033K (96%)
ptolemy.util.test.WatchDog.cancel(): canceling Tue Apr 16 04:03:32 UTC 2019
auto.tcl: Setting watchdog for 200 seconds at Tue Apr 16 04:03:32 UTC 2019
2 ms. Memory: 550400K Free: 530033K (96%)
ptolemy.util.test.WatchDog.cancel(): canceling Tue Apr 16 04:03:32 UTC 2019
------------------ testing $PTII/ptolemy/domains/de/test/auto/ResettableTimer6.xml
auto.tcl: Setting watchdog for 200 seconds at Tue Apr 16 04:03:32 UTC 2019
1 ms. Memory: 549376K Free: 528415K (96%)
ptolemy.util.test.WatchDog.cancel(): canceling Tue Apr 16 04:03:32 UTC 2019
auto.tcl: Setting watchdog for 200 seconds at Tue Apr 16 04:03:32 UTC 2019
2 ms. Memory: 549376K Free: 528415K (96%)
ptolemy.util.test.WatchDog.cancel(): canceling Tue Apr 16 04:03:32 UTC 2019
------------------ testing $PTII/ptolemy/domains/de/test/auto/ServerZeroDelay.xml
auto.tcl: Setting watchdog for 200 seconds at Tue Apr 16 04:03:32 UTC 2019
4 ms. Memory: 550400K Free: 534652K (97%)
ptolemy.util.test.WatchDog.cancel(): canceling Tue Apr 16 04:03:32 UTC 2019
auto.tcl: Setting watchdog for 200 seconds at Tue Apr 16 04:03:32 UTC 2019
2 ms. Memory: 550400K Free: 534652K (97%)
ptolemy.util.test.WatchDog.cancel(): canceling Tue Apr 16 04:03:32 UTC 2019
------------------ testing $PTII/ptolemy/domains/de/test/auto/SmartSender.xml
auto.tcl: Setting watchdog for 200 seconds at Tue Apr 16 04:03:32 UTC 2019
3002 ms. Memory: 549376K Free: 528944K (96%)
ptolemy.util.test.WatchDog.cancel(): canceling Tue Apr 16 04:03:35 UTC 2019
auto.tcl: Setting watchdog for 200 seconds at Tue Apr 16 04:03:35 UTC 2019
3001 ms. Memory: 549376K Free: 528944K (96%)
ptolemy.util.test.WatchDog.cancel(): canceling Tue Apr 16 04:03:38 UTC 2019
------------------ testing $PTII/ptolemy/domains/de/test/auto/ThreadedComposite.xml
auto.tcl: Setting watchdog for 200 seconds at Tue Apr 16 04:03:38 UTC 2019
235 ms. Memory: 550400K Free: 513638K (93%)
ptolemy.util.test.WatchDog.cancel(): canceling Tue Apr 16 04:03:39 UTC 2019
auto.tcl: Setting watchdog for 200 seconds at Tue Apr 16 04:03:39 UTC 2019
175 ms. Memory: 550400K Free: 497838K (90%)
ptolemy.util.test.WatchDog.cancel(): canceling Tue Apr 16 04:03:39 UTC 2019
------------------ testing $PTII/ptolemy/domains/de/test/auto/Time.xml
auto.tcl: Setting watchdog for 200 seconds at Tue Apr 16 04:03:39 UTC 2019
559 ms. Memory: 549376K Free: 476649K (87%)
ptolemy.util.test.WatchDog.cancel(): canceling Tue Apr 16 04:03:39 UTC 2019
auto.tcl: Setting watchdog for 200 seconds at Tue Apr 16 04:03:39 UTC 2019
478 ms. Memory: 549376K Free: 418686K (76%)
ptolemy.util.test.WatchDog.cancel(): canceling Tue Apr 16 04:03:40 UTC 2019
------------------ testing $PTII/ptolemy/domains/de/test/auto/TimeDelayZeroDelay.xml
auto.tcl: Setting watchdog for 200 seconds at Tue Apr 16 04:03:40 UTC 2019
6 ms. Memory: 550400K Free: 534027K (97%)
ptolemy.util.test.WatchDog.cancel(): canceling Tue Apr 16 04:03:40 UTC 2019
auto.tcl: Setting watchdog for 200 seconds at Tue Apr 16 04:03:40 UTC 2019
2 ms. Memory: 550400K Free: 534027K (97%)
ptolemy.util.test.WatchDog.cancel(): canceling Tue Apr 16 04:03:40 UTC 2019
------------------ testing $PTII/ptolemy/domains/de/test/auto/TimerZeroDelay.xml
auto.tcl: Setting watchdog for 200 seconds at Tue Apr 16 04:03:40 UTC 2019
5 ms. Memory: 549376K Free: 533591K (97%)
ptolemy.util.test.WatchDog.cancel(): canceling Tue Apr 16 04:03:40 UTC 2019
auto.tcl: Setting watchdog for 200 seconds at Tue Apr 16 04:03:40 UTC 2019
2 ms. Memory: 549376K Free: 533591K (97%)
ptolemy.util.test.WatchDog.cancel(): canceling Tue Apr 16 04:03:40 UTC 2019
------------------ testing $PTII/ptolemy/domains/de/test/auto/TimingParadox.xml
auto.tcl: Setting watchdog for 200 seconds at Tue Apr 16 04:03:40 UTC 2019
351 ms. Memory: 549888K Free: 468551K (85%)
ptolemy.util.test.WatchDog.cancel(): canceling Tue Apr 16 04:03:41 UTC 2019
auto.tcl: Setting watchdog for 200 seconds at Tue Apr 16 04:03:41 UTC 2019
346 ms. Memory: 549888K Free: 436350K (79%)
ptolemy.util.test.WatchDog.cancel(): canceling Tue Apr 16 04:03:41 UTC 2019
------------------ testing $PTII/ptolemy/domains/de/test/auto/TransferInputs.xml
auto.tcl: Setting watchdog for 200 seconds at Tue Apr 16 04:03:41 UTC 2019
2 ms. Memory: 549888K Free: 533064K (97%)
ptolemy.util.test.WatchDog.cancel(): canceling Tue Apr 16 04:03:41 UTC 2019
auto.tcl: Setting watchdog for 200 seconds at Tue Apr 16 04:03:41 UTC 2019
1 ms. Memory: 549888K Free: 533064K (97%)
ptolemy.util.test.WatchDog.cancel(): canceling Tue Apr 16 04:03:41 UTC 2019
------------------ testing $PTII/ptolemy/domains/de/test/auto/TransferOutputs2.xml
auto.tcl: Setting watchdog for 200 seconds at Tue Apr 16 04:03:41 UTC 2019
3 ms. Memory: 549376K Free: 522517K (95%)
ptolemy.util.test.WatchDog.cancel(): canceling Tue Apr 16 04:03:41 UTC 2019
auto.tcl: Setting watchdog for 200 seconds at Tue Apr 16 04:03:41 UTC 2019
5 ms. Memory: 549376K Free: 522517K (95%)
ptolemy.util.test.WatchDog.cancel(): canceling Tue Apr 16 04:03:41 UTC 2019
------------------ testing $PTII/ptolemy/domains/de/test/auto/Trilateration.xml
auto.tcl: Setting watchdog for 200 seconds at Tue Apr 16 04:03:41 UTC 2019
13769 ms. Memory: 453632K Free: 123865K (27%)
ptolemy.util.test.WatchDog.cancel(): canceling Tue Apr 16 04:03:56 UTC 2019
auto.tcl: Setting watchdog for 200 seconds at Tue Apr 16 04:03:56 UTC 2019
11468 ms. Memory: 331264K Free: 235916K (71%)
ptolemy.util.test.WatchDog.cancel(): canceling Tue Apr 16 04:04:08 UTC 2019
------------------ testing $PTII/ptolemy/domains/de/test/auto/TwoSigmaDelta.xml
auto.tcl: Setting watchdog for 200 seconds at Tue Apr 16 04:04:08 UTC 2019
2943 ms. Memory: 320000K Free: 257702K (81%)
ptolemy.util.test.WatchDog.cancel(): canceling Tue Apr 16 04:04:11 UTC 2019
auto.tcl: Setting watchdog for 200 seconds at Tue Apr 16 04:04:11 UTC 2019
2098 ms. Memory: 307712K Free: 251429K (82%)
ptolemy.util.test.WatchDog.cancel(): canceling Tue Apr 16 04:04:13 UTC 2019
------------------ testing $PTII/ptolemy/domains/de/test/auto/VariableDelay.xml
auto.tcl: Setting watchdog for 200 seconds at Tue Apr 16 04:04:13 UTC 2019
3 ms. Memory: 309760K Free: 293557K (95%)
ptolemy.util.test.WatchDog.cancel(): canceling Tue Apr 16 04:04:13 UTC 2019
auto.tcl: Setting watchdog for 200 seconds at Tue Apr 16 04:04:13 UTC 2019
2 ms. Memory: 309760K Free: 293557K (95%)
ptolemy.util.test.WatchDog.cancel(): canceling Tue Apr 16 04:04:13 UTC 2019
------------------ testing $PTII/ptolemy/domains/de/test/auto/VariableDelay2.xml
auto.tcl: Setting watchdog for 200 seconds at Tue Apr 16 04:04:13 UTC 2019
7 ms. Memory: 307712K Free: 294198K (96%)
ptolemy.util.test.WatchDog.cancel(): canceling Tue Apr 16 04:04:13 UTC 2019
auto.tcl: Setting watchdog for 200 seconds at Tue Apr 16 04:04:13 UTC 2019
2 ms. Memory: 307712K Free: 294198K (96%)
ptolemy.util.test.WatchDog.cancel(): canceling Tue Apr 16 04:04:13 UTC 2019
------------------ testing $PTII/ptolemy/domains/de/test/auto/VariableDelayZeroDelay.xml
auto.tcl: Setting watchdog for 200 seconds at Tue Apr 16 04:04:13 UTC 2019
2 ms. Memory: 309248K Free: 296738K (96%)
ptolemy.util.test.WatchDog.cancel(): canceling Tue Apr 16 04:04:13 UTC 2019
auto.tcl: Setting watchdog for 200 seconds at Tue Apr 16 04:04:13 UTC 2019
1 ms. Memory: 309248K Free: 293478K (95%)
ptolemy.util.test.WatchDog.cancel(): canceling Tue Apr 16 04:04:13 UTC 2019
------------------ testing $PTII/ptolemy/domains/de/test/auto/VariableDelayZeroDelay2.xml
auto.tcl: Setting watchdog for 200 seconds at Tue Apr 16 04:04:13 UTC 2019
2 ms. Memory: 307712K Free: 295200K (96%)
ptolemy.util.test.WatchDog.cancel(): canceling Tue Apr 16 04:04:13 UTC 2019
auto.tcl: Setting watchdog for 200 seconds at Tue Apr 16 04:04:13 UTC 2019
2 ms. Memory: 307712K Free: 291946K (95%)
ptolemy.util.test.WatchDog.cancel(): canceling Tue Apr 16 04:04:13 UTC 2019
------------------ testing $PTII/ptolemy/domains/de/test/auto/deInCt.xml
auto.tcl: Setting watchdog for 200 seconds at Tue Apr 16 04:04:13 UTC 2019
0
1
1
1
1
1
1
0
0
0
1
1
1
0
0
0
1
1
1
1
1
0
0
0
1
1
1
0
0
0
1
1
1
1
10 ms. Memory: 309248K Free: 293461K (95%)
ptolemy.util.test.WatchDog.cancel(): canceling Tue Apr 16 04:04:13 UTC 2019
auto.tcl: Setting watchdog for 200 seconds at Tue Apr 16 04:04:13 UTC 2019
0
1
1
0
0
1
1
1
0
0
0
1
1
1
0
0
0
1
1
1
0
0
0
0
0
1
1
1
0
0
0
1
1
1
1
0
0
0
0
1
1
0
0
0
0
5 ms. Memory: 309248K Free: 293461K (95%)
ptolemy.util.test.WatchDog.cancel(): canceling Tue Apr 16 04:04:13 UTC 2019
------------------ testing $PTII/ptolemy/domains/de/test/auto/deInCt2.xml
auto.tcl: Setting watchdog for 200 seconds at Tue Apr 16 04:04:13 UTC 2019
0
1
1
1
0
0
1
1
1
0
0
1
1
1
0
0
1
1
1
0
0
1
1
1
0
0
1
1
1
0
0
1
1
1
0
0
1
1
1
0
0
0
8 ms. Memory: 307712K Free: 291924K (95%)
ptolemy.util.test.WatchDog.cancel(): canceling Tue Apr 16 04:04:13 UTC 2019
auto.tcl: Setting watchdog for 200 seconds at Tue Apr 16 04:04:13 UTC 2019
0
1
1
1
0
0
1
1
1
0
0
1
1
1
0
0
1
1
1
0
0
1
1
1
0
0
1
1
1
0
0
1
1
1
0
0
1
1
1
0
0
0
8 ms. Memory: 307712K Free: 291924K (95%)
ptolemy.util.test.WatchDog.cancel(): canceling Tue Apr 16 04:04:13 UTC 2019
------------------ testing $PTII/ptolemy/domains/de/test/auto/dynamicCausalityInterface1.xml
auto.tcl: Setting watchdog for 200 seconds at Tue Apr 16 04:04:13 UTC 2019
1 ms. Memory: 308736K Free: 291958K (95%)
ptolemy.util.test.WatchDog.cancel(): canceling Tue Apr 16 04:04:13 UTC 2019
auto.tcl: Setting watchdog for 200 seconds at Tue Apr 16 04:04:13 UTC 2019
1 ms. Memory: 308736K Free: 291958K (95%)
ptolemy.util.test.WatchDog.cancel(): canceling Tue Apr 16 04:04:13 UTC 2019
------------------ testing $PTII/ptolemy/domains/de/test/auto/fsm_de_test.xml
auto.tcl: Setting watchdog for 200 seconds at Tue Apr 16 04:04:13 UTC 2019
10 ms. Memory: 307712K Free: 288550K (94%)
ptolemy.util.test.WatchDog.cancel(): canceling Tue Apr 16 04:04:13 UTC 2019
auto.tcl: Setting watchdog for 200 seconds at Tue Apr 16 04:04:13 UTC 2019
6 ms. Memory: 307712K Free: 288550K (94%)
ptolemy.util.test.WatchDog.cancel(): canceling Tue Apr 16 04:04:13 UTC 2019
------------------ testing $PTII/ptolemy/domains/de/test/auto/functionDependencyReconstruction.xml
auto.tcl: Setting watchdog for 200 seconds at Tue Apr 16 04:04:13 UTC 2019
3 ms. Memory: 308736K Free: 283068K (92%)
ptolemy.util.test.WatchDog.cancel(): canceling Tue Apr 16 04:04:14 UTC 2019
auto.tcl: Setting watchdog for 200 seconds at Tue Apr 16 04:04:14 UTC 2019
2 ms. Memory: 308736K Free: 279800K (91%)
ptolemy.util.test.WatchDog.cancel(): canceling Tue Apr 16 04:04:14 UTC 2019
------------------ testing $PTII/ptolemy/domains/de/test/auto/multirate.xml
auto.tcl: Setting watchdog for 200 seconds at Tue Apr 16 04:04:14 UTC 2019
4 ms. Memory: 307712K Free: 291701K (95%)
ptolemy.util.test.WatchDog.cancel(): canceling Tue Apr 16 04:04:14 UTC 2019
auto.tcl: Setting watchdog for 200 seconds at Tue Apr 16 04:04:14 UTC 2019
3 ms. Memory: 307712K Free: 288429K (94%)
ptolemy.util.test.WatchDog.cancel(): canceling Tue Apr 16 04:04:14 UTC 2019
------------------ testing $PTII/ptolemy/domains/de/test/auto/multirate2.xml
auto.tcl: Setting watchdog for 200 seconds at Tue Apr 16 04:04:14 UTC 2019
2 ms. Memory: 308736K Free: 292897K (95%)
ptolemy.util.test.WatchDog.cancel(): canceling Tue Apr 16 04:04:14 UTC 2019
auto.tcl: Setting watchdog for 200 seconds at Tue Apr 16 04:04:14 UTC 2019
3 ms. Memory: 308736K Free: 289644K (94%)
ptolemy.util.test.WatchDog.cancel(): canceling Tue Apr 16 04:04:14 UTC 2019
------------------ testing $PTII/ptolemy/domains/de/test/auto/realtime.xml
auto.tcl: Setting watchdog for 200 seconds at Tue Apr 16 04:04:14 UTC 2019
10001 ms. Memory: 307712K Free: 291851K (95%)
ptolemy.util.test.WatchDog.cancel(): canceling Tue Apr 16 04:04:24 UTC 2019
auto.tcl: Setting watchdog for 200 seconds at Tue Apr 16 04:04:24 UTC 2019
10002 ms. Memory: 307712K Free: 291851K (95%)
ptolemy.util.test.WatchDog.cancel(): canceling Tue Apr 16 04:04:34 UTC 2019
------------------ testing $PTII/ptolemy/domains/de/test/auto/relationGroup.xml
auto.tcl: Setting watchdog for 200 seconds at Tue Apr 16 04:04:34 UTC 2019
4 ms. Memory: 308224K Free: 297940K (97%)
ptolemy.util.test.WatchDog.cancel(): canceling Tue Apr 16 04:04:34 UTC 2019
auto.tcl: Setting watchdog for 200 seconds at Tue Apr 16 04:04:34 UTC 2019
1 ms. Memory: 308224K Free: 297940K (97%)
ptolemy.util.test.WatchDog.cancel(): canceling Tue Apr 16 04:04:34 UTC 2019
------------------ testing $PTII/ptolemy/domains/de/test/auto/relationGroup2.xml
auto.tcl: Setting watchdog for 200 seconds at Tue Apr 16 04:04:34 UTC 2019
1 ms. Memory: 307712K Free: 295190K (96%)
ptolemy.util.test.WatchDog.cancel(): canceling Tue Apr 16 04:04:34 UTC 2019
auto.tcl: Setting watchdog for 200 seconds at Tue Apr 16 04:04:34 UTC 2019
1 ms. Memory: 307712K Free: 295190K (96%)
ptolemy.util.test.WatchDog.cancel(): canceling Tue Apr 16 04:04:34 UTC 2019
------------------ testing $PTII/ptolemy/domains/de/test/auto/sortWithOpaquePorts.xml
auto.tcl: Setting watchdog for 200 seconds at Tue Apr 16 04:04:34 UTC 2019
2 ms. Memory: 308224K Free: 292436K (95%)
ptolemy.util.test.WatchDog.cancel(): canceling Tue Apr 16 04:04:34 UTC 2019
auto.tcl: Setting watchdog for 200 seconds at Tue Apr 16 04:04:34 UTC 2019
2 ms. Memory: 308224K Free: 292436K (95%)
ptolemy.util.test.WatchDog.cancel(): canceling Tue Apr 16 04:04:34 UTC 2019
------------------ testing $PTII/ptolemy/domains/de/test/auto/transferInputsandOutputs.xml
auto.tcl: Setting watchdog for 200 seconds at Tue Apr 16 04:04:34 UTC 2019
3 ms. Memory: 307712K Free: 291927K (95%)
ptolemy.util.test.WatchDog.cancel(): canceling Tue Apr 16 04:04:34 UTC 2019
auto.tcl: Setting watchdog for 200 seconds at Tue Apr 16 04:04:34 UTC 2019
2 ms. Memory: 307712K Free: 288667K (94%)
ptolemy.util.test.WatchDog.cancel(): canceling Tue Apr 16 04:04:34 UTC 2019
------------------ testing $PTII/ptolemy/domains/de/test/auto/triggerType.xml
auto.tcl: Setting watchdog for 200 seconds at Tue Apr 16 04:04:34 UTC 2019
1 ms. Memory: 308224K Free: 295640K (96%)
ptolemy.util.test.WatchDog.cancel(): canceling Tue Apr 16 04:04:34 UTC 2019
auto.tcl: Setting watchdog for 200 seconds at Tue Apr 16 04:04:34 UTC 2019
1 ms. Memory: 308224K Free: 292372K (95%)
ptolemy.util.test.WatchDog.cancel(): canceling Tue Apr 16 04:04:34 UTC 2019
04/16/19 04:04:34
Failed: 0  Total Tests: 192  ((Passed: 187, Newly Passed: 1)  Known Failed: 5) /home/travis/build/icyphy/ptII/ptolemy/domains/de/test
04/16/19 04:04:34
Failed: 0  Total Tests: 192  ((Passed: 187, Newly Passed: 1)  Known Failed: 5) /home/travis/build/icyphy/ptII/ptolemy/domains/de/test
----------------- testing (KnownFailure) /home/travis/build/icyphy/ptII/ptolemy/domains/de/test/auto/knownFailedTests/DESDFClockTest.xml
2009 ms. Memory: 307712K Free: 286093K (93%)
Known Failure: java.lang.reflect.InvocationTargetException
----------------- testing (KnownFailure) /home/travis/build/icyphy/ptII/ptolemy/domains/de/test/auto/knownFailedTests/DirectFeedback.xml
1 ms. Memory: 307712K Free: 267989K (87%)
Known Failure: java.lang.reflect.InvocationTargetException
----------------- testing (KnownFailure) /home/travis/build/icyphy/ptII/ptolemy/domains/de/test/auto/knownFailedTests/FSMSource.xml
5 ms. Memory: 307712K Free: 245350K (80%)
----------------- testing (KnownFailure) /home/travis/build/icyphy/ptII/ptolemy/domains/de/test/auto/knownFailedTests/HierarchicalModel.xml
2 ms. Memory: 307712K Free: 222703K (72%)
Known Failure: java.lang.reflect.InvocationTargetException
----------------- testing (KnownFailure) /home/travis/build/icyphy/ptII/ptolemy/domains/de/test/auto/knownFailedTests/dependencyLoop.xml
1 ms. Memory: 307712K Free: 191012K (62%)
Known Failure: java.lang.reflect.InvocationTargetException
----------------- testing (KnownFailure) /home/travis/build/icyphy/ptII/ptolemy/domains/de/test/auto/knownFailedTests/dependencyLoop2.xml
1 ms. Memory: 307712K Free: 159313K (52%)
Known Failure: java.lang.reflect.InvocationTargetException
No auto/linux-amd64/*.xml tests in /home/travis/build/icyphy/ptII/ptolemy/domains/de/test
AutoTests.java: About to close Vertx.
AutoTests.java: Vertx closed.

===========================================================================================
----------------- testing Tue Apr 16 04:04:36 UTC 2019 /home/travis/build/icyphy/ptII/ptolemy/domains/de/test/auto/ActorDepthCalculation_actorWithoutPorts.xml
----------------- Instantiating /home/travis/build/icyphy/ptII/ptolemy/domains/de/test/auto/ActorDepthCalculation_actorWithoutPorts.xml
1 ms. Memory: 307712K Free: 136682K (44%)
----------------- Invoking toplevel() on ptolemy.moml.MoMLSimpleApplication@26ae6f5b
----------------- Done invoking toplevel() on ptolemy.moml.MoMLSimpleApplication@26ae6f5b
reloadAllAccessors: .ActorDepthCalculation_actorWithoutPorts

===========================================================================================
----------------- testing Tue Apr 16 04:04:36 UTC 2019 /home/travis/build/icyphy/ptII/ptolemy/domains/de/test/auto/AssemblyLine.xml
----------------- Instantiating /home/travis/build/icyphy/ptII/ptolemy/domains/de/test/auto/AssemblyLine.xml
1 ms. Memory: 307712K Free: 123096K (40%)
----------------- Invoking toplevel() on ptolemy.moml.MoMLSimpleApplication@114741a9
----------------- Done invoking toplevel() on ptolemy.moml.MoMLSimpleApplication@114741a9
reloadAllAccessors: .AssemblyLine

===========================================================================================
----------------- testing Tue Apr 16 04:04:36 UTC 2019 /home/travis/build/icyphy/ptII/ptolemy/domains/de/test/auto/CQBug1.xml
----------------- Instantiating /home/travis/build/icyphy/ptII/ptolemy/domains/de/test/auto/CQBug1.xml
1 ms. Memory: 307712K Free: 114044K (37%)
----------------- Invoking toplevel() on ptolemy.moml.MoMLSimpleApplication@37e673f
----------------- Done invoking toplevel() on ptolemy.moml.MoMLSimpleApplication@37e673f
reloadAllAccessors: .CQBug1

===========================================================================================
----------------- testing Tue Apr 16 04:04:36 UTC 2019 /home/travis/build/icyphy/ptII/ptolemy/domains/de/test/auto/CancelFireAt.xml
----------------- Instantiating /home/travis/build/icyphy/ptII/ptolemy/domains/de/test/auto/CancelFireAt.xml
1 ms. Memory: 307712K Free: 104991K (34%)
----------------- Invoking toplevel() on ptolemy.moml.MoMLSimpleApplication@4915f8c8
----------------- Done invoking toplevel() on ptolemy.moml.MoMLSimpleApplication@4915f8c8
reloadAllAccessors: .CancelFireAt

===========================================================================================
----------------- testing Tue Apr 16 04:04:36 UTC 2019 /home/travis/build/icyphy/ptII/ptolemy/domains/de/test/auto/CausalityAndComposabilityAnalysis.xml
----------------- Instantiating /home/travis/build/icyphy/ptII/ptolemy/domains/de/test/auto/CausalityAndComposabilityAnalysis.xml
1 ms. Memory: 307712K Free: 95939K (31%)
----------------- Invoking toplevel() on ptolemy.moml.MoMLSimpleApplication@742e7b0d
----------------- Done invoking toplevel() on ptolemy.moml.MoMLSimpleApplication@742e7b0d
reloadAllAccessors: .CausalityAndComposabilityAnalysis

===========================================================================================
----------------- testing Tue Apr 16 04:04:36 UTC 2019 /home/travis/build/icyphy/ptII/ptolemy/domains/de/test/auto/CausalityInterface1.xml
----------------- Instantiating /home/travis/build/icyphy/ptII/ptolemy/domains/de/test/auto/CausalityInterface1.xml
5 ms. Memory: 307712K Free: 83635K (27%)
----------------- Invoking toplevel() on ptolemy.moml.MoMLSimpleApplication@dc26206
----------------- Done invoking toplevel() on ptolemy.moml.MoMLSimpleApplication@dc26206
reloadAllAccessors: .CausalityInterface1

===========================================================================================
----------------- testing Tue Apr 16 04:04:36 UTC 2019 /home/travis/build/icyphy/ptII/ptolemy/domains/de/test/auto/CausalityInterface15.xml
----------------- Instantiating /home/travis/build/icyphy/ptII/ptolemy/domains/de/test/auto/CausalityInterface15.xml
6 ms. Memory: 298496K Free: 291257K (98%)
----------------- Invoking toplevel() on ptolemy.moml.MoMLSimpleApplication@286c5af2
----------------- Done invoking toplevel() on ptolemy.moml.MoMLSimpleApplication@286c5af2
reloadAllAccessors: .CausalityInterface15

[...]
java.lang.RuntimeException: Execution failed
	at ptolemy.moml.MoMLSimpleApplication$UnloadThread.run(MoMLSimpleApplication.java:402)
Caused by: ptolemy.kernel.util.IllegalActionException: Test fails in iteration 1.
Value was: 1.0. Should have been: 2.0
  in .DirectFeedback.Test
	at ptolemy.actor.lib.Test.fire(Test.java:268)
	at ptolemy.domains.de.kernel.DEDirector._fire(DEDirector.java:1949)
	at ptolemy.domains.de.kernel.DEDirector.fire(DEDirector.java:502)
	at ptolemy.actor.CompositeActor.fire(CompositeActor.java:455)
	at ptolemy.actor.Manager.iterate(Manager.java:851)
	at ptolemy.actor.Manager.execute(Manager.java:369)
	at ptolemy.actor.Manager.run(Manager.java:1263)
	at ptolemy.actor.Manager$PtolemyRunThread.run(Manager.java:1915)
java.lang.RuntimeException: Execution failed
	at ptolemy.moml.MoMLSimpleApplication$UnloadThread.run(MoMLSimpleApplication.java:402)
Caused by: ptolemy.kernel.util.IllegalActionException: Actor is not ready to fire.  Perhaps UpSample.prefire() returned false? Try debugging the actor by selecting "Listen to Actor".  Also, for SDF check moml for tokenConsumptionRate on input.
  in .DESDFClockTest.Play Bell.Copy1:SDF Director and .DESDFClockTest.Play Bell.UpSample
	at ptolemy.actor.sched.StaticSchedulingDirector.fire(StaticSchedulingDirector.java:227)
	at ptolemy.domains.sdf.kernel.SDFDirector.fire(SDFDirector.java:500)
	at ptolemy.actor.CompositeActor.fire(CompositeActor.java:455)
	at ptolemy.domains.de.kernel.DEDirector._fire(DEDirector.java:1949)
	at ptolemy.domains.de.kernel.DEDirector.fire(DEDirector.java:502)
	at ptolemy.actor.CompositeActor.fire(CompositeActor.java:455)
	at ptolemy.actor.Manager.iterate(Manager.java:851)
	at ptolemy.actor.Manager.execute(Manager.java:369)
	at ptolemy.actor.Manager.run(Manager.java:1263)
	at ptolemy.actor.Manager$PtolemyRunThread.run(Manager.java:1915)
java.lang.reflect.InvocationTargetException
	at sun.reflect.NativeConstructorAccessorImpl.newInstance0(Native Method)
	at sun.reflect.NativeConstructorAccessorImpl.newInstance(NativeConstructorAccessorImpl.java:62)
	at sun.reflect.DelegatingConstructorAccessorImpl.newInstance(DelegatingConstructorAccessorImpl.java:45)
	at java.lang.reflect.Constructor.newInstance(Constructor.java:423)
	at ptolemy.util.test.junit.AutoKnownFailedTests.RunModel(AutoKnownFailedTests.java:105)
	at sun.reflect.NativeMethodAccessorImpl.invoke0(Native Method)
	at sun.reflect.NativeMethodAccessorImpl.invoke(NativeMethodAccessorImpl.java:62)
	at sun.reflect.DelegatingMethodAccessorImpl.invoke(DelegatingMethodAccessorImpl.java:43)
	at java.lang.reflect.Method.invoke(Method.java:498)
	at org.junit.runners.model.FrameworkMethod$1.runReflectiveCall(FrameworkMethod.java:44)
	at org.junit.internal.runners.model.ReflectiveCallable.run(ReflectiveCallable.java:15)
	at org.junit.runners.model.FrameworkMethod.invokeExplosively(FrameworkMethod.java:41)
	at junitparams.internal.InvokeParameterisedMethod.evaluate(InvokeParameterisedMethod.java:102)
	at org.junit.internal.runners.statements.FailOnTimeout$1.run(FailOnTimeout.java:28)
Caused by: ptolemy.kernel.util.IllegalActionException: Actor is not ready to fire.  Perhaps UpSample.prefire() returned false? Try debugging the actor by selecting "Listen to Actor".  Also, for SDF check moml for tokenConsumptionRate on input.
  in .DESDFClockTest.Play Bell.Copy1:SDF Director and .DESDFClockTest.Play Bell.UpSample
	at ptolemy.actor.sched.StaticSchedulingDirector.fire(StaticSchedulingDirector.java:227)
	at ptolemy.domains.sdf.kernel.SDFDirector.fire(SDFDirector.java:500)
	at ptolemy.actor.CompositeActor.fire(CompositeActor.java:455)
	at ptolemy.domains.de.kernel.DEDirector._fire(DEDirector.java:1949)
	at ptolemy.domains.de.kernel.DEDirector.fire(DEDirector.java:502)
	at ptolemy.actor.CompositeActor.fire(CompositeActor.java:455)
	at ptolemy.actor.Manager.iterate(Manager.java:851)
	at ptolemy.actor.Manager.execute(Manager.java:369)
	at ptolemy.actor.Manager.run(Manager.java:1263)
	at ptolemy.actor.Manager$PtolemyRunThread.run(Manager.java:1915)
java.lang.RuntimeException: Execution failed
	at ptolemy.moml.MoMLSimpleApplication$UnloadThread.run(MoMLSimpleApplication.java:402)
Caused by: ptolemy.kernel.util.IllegalActionException: Test fails in iteration 1.
Value was: 1.0. Should have been: 2.0
  in .DirectFeedback.Test
	at ptolemy.actor.lib.Test.fire(Test.java:268)
	at ptolemy.domains.de.kernel.DEDirector._fire(DEDirector.java:1949)
	at ptolemy.domains.de.kernel.DEDirector.fire(DEDirector.java:502)
	at ptolemy.actor.CompositeActor.fire(CompositeActor.java:455)
	at ptolemy.actor.Manager.iterate(Manager.java:851)
	at ptolemy.actor.Manager.execute(Manager.java:369)
	at ptolemy.actor.Manager.run(Manager.java:1263)
	at ptolemy.actor.Manager$PtolemyRunThread.run(Manager.java:1915)
java.lang.reflect.InvocationTargetException
	at sun.reflect.NativeConstructorAccessorImpl.newInstance0(Native Method)
	at sun.reflect.NativeConstructorAccessorImpl.newInstance(NativeConstructorAccessorImpl.java:62)
	at sun.reflect.DelegatingConstructorAccessorImpl.newInstance(DelegatingConstructorAccessorImpl.java:45)
	at java.lang.reflect.Constructor.newInstance(Constructor.java:423)
	at ptolemy.util.test.junit.AutoKnownFailedTests.RunModel(AutoKnownFailedTests.java:105)
	at sun.reflect.NativeMethodAccessorImpl.invoke0(Native Method)
	at sun.reflect.NativeMethodAccessorImpl.invoke(NativeMethodAccessorImpl.java:62)
	at sun.reflect.DelegatingMethodAccessorImpl.invoke(DelegatingMethodAccessorImpl.java:43)
	at java.lang.reflect.Method.invoke(Method.java:498)
	at org.junit.runners.model.FrameworkMethod$1.runReflectiveCall(FrameworkMethod.java:44)
	at org.junit.internal.runners.model.ReflectiveCallable.run(ReflectiveCallable.java:15)
	at org.junit.runners.model.FrameworkMethod.invokeExplosively(FrameworkMethod.java:41)
	at junitparams.internal.InvokeParameterisedMethod.evaluate(InvokeParameterisedMethod.java:102)
	at org.junit.internal.runners.statements.FailOnTimeout$1.run(FailOnTimeout.java:28)
Caused by: ptolemy.kernel.util.IllegalActionException: Test fails in iteration 1.
Value was: 1.0. Should have been: 2.0
  in .DirectFeedback.Test
	at ptolemy.actor.lib.Test.fire(Test.java:268)
	at ptolemy.domains.de.kernel.DEDirector._fire(DEDirector.java:1949)
	at ptolemy.domains.de.kernel.DEDirector.fire(DEDirector.java:502)
	at ptolemy.actor.CompositeActor.fire(CompositeActor.java:455)
	at ptolemy.actor.Manager.iterate(Manager.java:851)
	at ptolemy.actor.Manager.execute(Manager.java:369)
	at ptolemy.actor.Manager.run(Manager.java:1263)
	at ptolemy.actor.Manager$PtolemyRunThread.run(Manager.java:1915)
java.lang.RuntimeException: Execution failed
	at ptolemy.moml.MoMLSimpleApplication$UnloadThread.run(MoMLSimpleApplication.java:402)
Caused by: ptolemy.kernel.util.IllegalActionException: Found a zero delay loop containing .HierarchicalModel.A
  in .HierarchicalModel and .HierarchicalModel.A
	at ptolemy.actor.util.CausalityInterfaceForComposites._computeOutputPortDepth(CausalityInterfaceForComposites.java:759)
	at ptolemy.actor.util.CausalityInterfaceForComposites._computeInputDepth(CausalityInterfaceForComposites.java:696)
	at ptolemy.actor.util.CausalityInterfaceForComposites._computeOutputPortDepth(CausalityInterfaceForComposites.java:765)
	at ptolemy.actor.util.CausalityInterfaceForComposites._computeInputDepth(CausalityInterfaceForComposites.java:696)
	at ptolemy.actor.util.CausalityInterfaceForComposites._computeOutputPortDepth(CausalityInterfaceForComposites.java:765)
	at ptolemy.actor.util.CausalityInterfaceForComposites._computeInputDepth(CausalityInterfaceForComposites.java:696)
	at ptolemy.actor.util.CausalityInterfaceForComposites._computeActorDepth(CausalityInterfaceForComposites.java:532)
	at ptolemy.actor.util.CausalityInterfaceForComposites.checkForCycles(CausalityInterfaceForComposites.java:96)
	at ptolemy.domains.de.kernel.DEDirector.preinitialize(DEDirector.java:1338)
	at ptolemy.actor.CompositeActor.preinitialize(CompositeActor.java:1828)
	at ptolemy.actor.Manager.preinitializeAndResolveTypes(Manager.java:1040)
	at ptolemy.actor.Manager.initialize(Manager.java:710)
	at ptolemy.actor.Manager.execute(Manager.java:356)
	at ptolemy.actor.Manager.run(Manager.java:1263)
	at ptolemy.actor.Manager$PtolemyRunThread.run(Manager.java:1915)
java.lang.reflect.InvocationTargetException
	at sun.reflect.NativeConstructorAccessorImpl.newInstance0(Native Method)
	at sun.reflect.NativeConstructorAccessorImpl.newInstance(NativeConstructorAccessorImpl.java:62)
	at sun.reflect.DelegatingConstructorAccessorImpl.newInstance(DelegatingConstructorAccessorImpl.java:45)
	at java.lang.reflect.Constructor.newInstance(Constructor.java:423)
	at ptolemy.util.test.junit.AutoKnownFailedTests.RunModel(AutoKnownFailedTests.java:105)
	at sun.reflect.NativeMethodAccessorImpl.invoke0(Native Method)
	at sun.reflect.NativeMethodAccessorImpl.invoke(NativeMethodAccessorImpl.java:62)
	at sun.reflect.DelegatingMethodAccessorImpl.invoke(DelegatingMethodAccessorImpl.java:43)
	at java.lang.reflect.Method.invoke(Method.java:498)
	at org.junit.runners.model.FrameworkMethod$1.runReflectiveCall(FrameworkMethod.java:44)
	at org.junit.internal.runners.model.ReflectiveCallable.run(ReflectiveCallable.java:15)
	at org.junit.runners.model.FrameworkMethod.invokeExplosively(FrameworkMethod.java:41)
	at junitparams.internal.InvokeParameterisedMethod.evaluate(InvokeParameterisedMethod.java:102)
	at org.junit.internal.runners.statements.FailOnTimeout$1.run(FailOnTimeout.java:28)
Caused by: ptolemy.kernel.util.IllegalActionException: Found a zero delay loop containing .HierarchicalModel.A
  in .HierarchicalModel and .HierarchicalModel.A
	at ptolemy.actor.util.CausalityInterfaceForComposites._computeOutputPortDepth(CausalityInterfaceForComposites.java:759)
	at ptolemy.actor.util.CausalityInterfaceForComposites._computeInputDepth(CausalityInterfaceForComposites.java:696)
	at ptolemy.actor.util.CausalityInterfaceForComposites._computeOutputPortDepth(CausalityInterfaceForComposites.java:765)
	at ptolemy.actor.util.CausalityInterfaceForComposites._computeInputDepth(CausalityInterfaceForComposites.java:696)
	at ptolemy.actor.util.CausalityInterfaceForComposites._computeOutputPortDepth(CausalityInterfaceForComposites.java:765)
	at ptolemy.actor.util.CausalityInterfaceForComposites._computeInputDepth(CausalityInterfaceForComposites.java:696)
	at ptolemy.actor.util.CausalityInterfaceForComposites._computeActorDepth(CausalityInterfaceForComposites.java:532)
	at ptolemy.actor.util.CausalityInterfaceForComposites.checkForCycles(CausalityInterfaceForComposites.java:96)
	at ptolemy.domains.de.kernel.DEDirector.preinitialize(DEDirector.java:1338)
	at ptolemy.actor.CompositeActor.preinitialize(CompositeActor.java:1828)
	at ptolemy.actor.Manager.preinitializeAndResolveTypes(Manager.java:1040)
	at ptolemy.actor.Manager.initialize(Manager.java:710)
	at ptolemy.actor.Manager.execute(Manager.java:356)
	at ptolemy.actor.Manager.run(Manager.java:1263)
	at ptolemy.actor.Manager$PtolemyRunThread.run(Manager.java:1915)
java.lang.RuntimeException: Execution failed
	at ptolemy.moml.MoMLSimpleApplication$UnloadThread.run(MoMLSimpleApplication.java:402)
Caused by: ptolemy.kernel.util.IllegalActionException: Found a zero delay loop containing .dependencyLoop.original
  in .dependencyLoop and .dependencyLoop.original
	at ptolemy.actor.util.CausalityInterfaceForComposites._computeOutputPortDepth(CausalityInterfaceForComposites.java:759)
	at ptolemy.actor.util.CausalityInterfaceForComposites._computeInputDepth(CausalityInterfaceForComposites.java:696)
	at ptolemy.actor.util.CausalityInterfaceForComposites._computeOutputPortDepth(CausalityInterfaceForComposites.java:765)
	at ptolemy.actor.util.CausalityInterfaceForComposites._computeInputDepth(CausalityInterfaceForComposites.java:696)
	at ptolemy.actor.util.CausalityInterfaceForComposites._computeOutputPortDepth(CausalityInterfaceForComposites.java:765)
	at ptolemy.actor.util.CausalityInterfaceForComposites._computeInputDepth(CausalityInterfaceForComposites.java:696)
	at ptolemy.actor.util.CausalityInterfaceForComposites._computeActorDepth(CausalityInterfaceForComposites.java:532)
	at ptolemy.actor.util.CausalityInterfaceForComposites.checkForCycles(CausalityInterfaceForComposites.java:96)
	at ptolemy.domains.de.kernel.DEDirector.preinitialize(DEDirector.java:1338)
	at ptolemy.actor.CompositeActor.preinitialize(CompositeActor.java:1828)
	at ptolemy.actor.Manager.preinitializeAndResolveTypes(Manager.java:1040)
	at ptolemy.actor.Manager.initialize(Manager.java:710)
	at ptolemy.actor.Manager.execute(Manager.java:356)
	at ptolemy.actor.Manager.run(Manager.java:1263)
	at ptolemy.actor.Manager$PtolemyRunThread.run(Manager.java:1915)
java.lang.reflect.InvocationTargetException
	at sun.reflect.NativeConstructorAccessorImpl.newInstance0(Native Method)
	at sun.reflect.NativeConstructorAccessorImpl.newInstance(NativeConstructorAccessorImpl.java:62)
	at sun.reflect.DelegatingConstructorAccessorImpl.newInstance(DelegatingConstructorAccessorImpl.java:45)
	at java.lang.reflect.Constructor.newInstance(Constructor.java:423)
	at ptolemy.util.test.junit.AutoKnownFailedTests.RunModel(AutoKnownFailedTests.java:105)
	at sun.reflect.NativeMethodAccessorImpl.invoke0(Native Method)
	at sun.reflect.NativeMethodAccessorImpl.invoke(NativeMethodAccessorImpl.java:62)
	at sun.reflect.DelegatingMethodAccessorImpl.invoke(DelegatingMethodAccessorImpl.java:43)
	at java.lang.reflect.Method.invoke(Method.java:498)
	at org.junit.runners.model.FrameworkMethod$1.runReflectiveCall(FrameworkMethod.java:44)
	at org.junit.internal.runners.model.ReflectiveCallable.run(ReflectiveCallable.java:15)
	at org.junit.runners.model.FrameworkMethod.invokeExplosively(FrameworkMethod.java:41)
	at junitparams.internal.InvokeParameterisedMethod.evaluate(InvokeParameterisedMethod.java:102)
	at org.junit.internal.runners.statements.FailOnTimeout$1.run(FailOnTimeout.java:28)
Caused by: ptolemy.kernel.util.IllegalActionException: Found a zero delay loop containing .dependencyLoop.original
  in .dependencyLoop and .dependencyLoop.original
	at ptolemy.actor.util.CausalityInterfaceForComposites._computeOutputPortDepth(CausalityInterfaceForComposites.java:759)
	at ptolemy.actor.util.CausalityInterfaceForComposites._computeInputDepth(CausalityInterfaceForComposites.java:696)
	at ptolemy.actor.util.CausalityInterfaceForComposites._computeOutputPortDepth(CausalityInterfaceForComposites.java:765)
	at ptolemy.actor.util.CausalityInterfaceForComposites._computeInputDepth(CausalityInterfaceForComposites.java:696)
	at ptolemy.actor.util.CausalityInterfaceForComposites._computeOutputPortDepth(CausalityInterfaceForComposites.java:765)
	at ptolemy.actor.util.CausalityInterfaceForComposites._computeInputDepth(CausalityInterfaceForComposites.java:696)
	at ptolemy.actor.util.CausalityInterfaceForComposites._computeActorDepth(CausalityInterfaceForComposites.java:532)
	at ptolemy.actor.util.CausalityInterfaceForComposites.checkForCycles(CausalityInterfaceForComposites.java:96)
	at ptolemy.domains.de.kernel.DEDirector.preinitialize(DEDirector.java:1338)
	at ptolemy.actor.CompositeActor.preinitialize(CompositeActor.java:1828)
	at ptolemy.actor.Manager.preinitializeAndResolveTypes(Manager.java:1040)
	at ptolemy.actor.Manager.initialize(Manager.java:710)
	at ptolemy.actor.Manager.execute(Manager.java:356)
	at ptolemy.actor.Manager.run(Manager.java:1263)
	at ptolemy.actor.Manager$PtolemyRunThread.run(Manager.java:1915)
java.lang.RuntimeException: Execution failed
	at ptolemy.moml.MoMLSimpleApplication$UnloadThread.run(MoMLSimpleApplication.java:402)
Caused by: ptolemy.kernel.util.IllegalActionException: Found a zero delay loop containing .dependencyLoop2.original
  in .dependencyLoop2 and .dependencyLoop2.original
	at ptolemy.actor.util.CausalityInterfaceForComposites._computeOutputPortDepth(CausalityInterfaceForComposites.java:759)
	at ptolemy.actor.util.CausalityInterfaceForComposites._computeInputDepth(CausalityInterfaceForComposites.java:696)
	at ptolemy.actor.util.CausalityInterfaceForComposites._computeOutputPortDepth(CausalityInterfaceForComposites.java:765)
	at ptolemy.actor.util.CausalityInterfaceForComposites._computeInputDepth(CausalityInterfaceForComposites.java:696)
	at ptolemy.actor.util.CausalityInterfaceForComposites._computeOutputPortDepth(CausalityInterfaceForComposites.java:765)
	at ptolemy.actor.util.CausalityInterfaceForComposites._computeInputDepth(CausalityInterfaceForComposites.java:696)
	at ptolemy.actor.util.CausalityInterfaceForComposites._computeActorDepth(CausalityInterfaceForComposites.java:532)
	at ptolemy.actor.util.CausalityInterfaceForComposites.checkForCycles(CausalityInterfaceForComposites.java:96)
	at ptolemy.domains.de.kernel.DEDirector.preinitialize(DEDirector.java:1338)
	at ptolemy.actor.CompositeActor.preinitialize(CompositeActor.java:1828)
	at ptolemy.actor.Manager.preinitializeAndResolveTypes(Manager.java:1040)
	at ptolemy.actor.Manager.initialize(Manager.java:710)
	at ptolemy.actor.Manager.execute(Manager.java:356)
	at ptolemy.actor.Manager.run(Manager.java:1263)
	at ptolemy.actor.Manager$PtolemyRunThread.run(Manager.java:1915)
java.lang.reflect.InvocationTargetException
	at sun.reflect.NativeConstructorAccessorImpl.newInstance0(Native Method)
	at sun.reflect.NativeConstructorAccessorImpl.newInstance(NativeConstructorAccessorImpl.java:62)
	at sun.reflect.DelegatingConstructorAccessorImpl.newInstance(DelegatingConstructorAccessorImpl.java:45)
	at java.lang.reflect.Constructor.newInstance(Constructor.java:423)
	at ptolemy.util.test.junit.AutoKnownFailedTests.RunModel(AutoKnownFailedTests.java:105)
	at sun.reflect.NativeMethodAccessorImpl.invoke0(Native Method)
	at sun.reflect.NativeMethodAccessorImpl.invoke(NativeMethodAccessorImpl.java:62)
	at sun.reflect.DelegatingMethodAccessorImpl.invoke(DelegatingMethodAccessorImpl.java:43)
	at java.lang.reflect.Method.invoke(Method.java:498)
	at org.junit.runners.model.FrameworkMethod$1.runReflectiveCall(FrameworkMethod.java:44)
	at org.junit.internal.runners.model.ReflectiveCallable.run(ReflectiveCallable.java:15)
	at org.junit.runners.model.FrameworkMethod.invokeExplosively(FrameworkMethod.java:41)
	at junitparams.internal.InvokeParameterisedMethod.evaluate(InvokeParameterisedMethod.java:102)
	at org.junit.internal.runners.statements.FailOnTimeout$1.run(FailOnTimeout.java:28)
Caused by: ptolemy.kernel.util.IllegalActionException: Found a zero delay loop containing .dependencyLoop2.original
  in .dependencyLoop2 and .dependencyLoop2.original
	at ptolemy.actor.util.CausalityInterfaceForComposites._computeOutputPortDepth(CausalityInterfaceForComposites.java:759)
	at ptolemy.actor.util.CausalityInterfaceForComposites._computeInputDepth(CausalityInterfaceForComposites.java:696)
	at ptolemy.actor.util.CausalityInterfaceForComposites._computeOutputPortDepth(CausalityInterfaceForComposites.java:765)
	at ptolemy.actor.util.CausalityInterfaceForComposites._computeInputDepth(CausalityInterfaceForComposites.java:696)
	at ptolemy.actor.util.CausalityInterfaceForComposites._computeOutputPortDepth(CausalityInterfaceForComposites.java:765)
	at ptolemy.actor.util.CausalityInterfaceForComposites._computeInputDepth(CausalityInterfaceForComposites.java:696)
	at ptolemy.actor.util.CausalityInterfaceForComposites._computeActorDepth(CausalityInterfaceForComposites.java:532)
	at ptolemy.actor.util.CausalityInterfaceForComposites.checkForCycles(CausalityInterfaceForComposites.java:96)
	at ptolemy.domains.de.kernel.DEDirector.preinitialize(DEDirector.java:1338)
	at ptolemy.actor.CompositeActor.preinitialize(CompositeActor.java:1828)
	at ptolemy.actor.Manager.preinitializeAndResolveTypes(Manager.java:1040)
	at ptolemy.actor.Manager.initialize(Manager.java:710)
	at ptolemy.actor.Manager.execute(Manager.java:356)
	at ptolemy.actor.Manager.run(Manager.java:1263)
	at ptolemy.actor.Manager$PtolemyRunThread.run(Manager.java:1915)
]]></system-err>
</testsuite>
