<?xml version="1.0" encoding="UTF-8" ?>
<testsuite errors="0" failures="0" hostname="travis-job-c43df81b-4c85-4e69-8bf9-ab2848e988f7" name="ptolemy.domains.de.test.junit.JUnitTclTest" skipped="0" tests="101" time="132.706" timestamp="2018-12-17T03:05:15">
  <properties>
[...]
</properties>
  <testcase classname="ptolemy.util.test.junit.TclTests" name="[0] /home/travis/build/icyphy/ptII/ptolemy/domains/de/test/DependencyLoop.tcl (RunTclFile)" time="0.757" />
  <testcase classname="ptolemy.util.test.junit.TclTests" name="[1] /home/travis/build/icyphy/ptII/ptolemy/domains/de/test/RunDETestsAsQSS.tcl (RunTclFile)" time="89.761" />
  <testcase classname="ptolemy.util.test.junit.AutoKnownFailedTests" name="[0] /home/travis/build/icyphy/ptII/ptolemy/domains/de/test/auto/knownFailedTests/DESDFClockTest.xml (RunModel)" time="2.037" />
  <testcase classname="ptolemy.util.test.junit.AutoKnownFailedTests" name="[1] /home/travis/build/icyphy/ptII/ptolemy/domains/de/test/auto/knownFailedTests/DirectFeedback.xml (RunModel)" time="0.01" />
  <testcase classname="ptolemy.util.test.junit.AutoKnownFailedTests" name="[2] /home/travis/build/icyphy/ptII/ptolemy/domains/de/test/auto/knownFailedTests/FSMSource.xml (RunModel)" time="0.017" />
  <testcase classname="ptolemy.util.test.junit.AutoKnownFailedTests" name="[3] /home/travis/build/icyphy/ptII/ptolemy/domains/de/test/auto/knownFailedTests/HierarchicalModel.xml (RunModel)" time="0.036" />
  <testcase classname="ptolemy.util.test.junit.AutoKnownFailedTests" name="[4] /home/travis/build/icyphy/ptII/ptolemy/domains/de/test/auto/knownFailedTests/dependencyLoop.xml (RunModel)" time="0.035" />
  <testcase classname="ptolemy.util.test.junit.AutoKnownFailedTests" name="[5] /home/travis/build/icyphy/ptII/ptolemy/domains/de/test/auto/knownFailedTests/dependencyLoop2.xml (RunModel)" time="0.032" />
  <testcase classname="ptolemy.util.test.junit.AutoNameArchTests" name="[0] ThereAreNoAutoArchTests (RunModel)" time="0.0" />
  <testcase classname="ptolemy.util.test.junit.AutoTests" name="[0] /home/travis/build/icyphy/ptII/ptolemy/domains/de/test/auto/ActorDepthCalculation_actorWithoutPorts.xml (RunModel)" time="0.013" />
  <testcase classname="ptolemy.util.test.junit.AutoTests" name="[1] /home/travis/build/icyphy/ptII/ptolemy/domains/de/test/auto/AssemblyLine.xml (RunModel)" time="0.016" />
  <testcase classname="ptolemy.util.test.junit.AutoTests" name="[2] /home/travis/build/icyphy/ptII/ptolemy/domains/de/test/auto/CQBug1.xml (RunModel)" time="0.007" />
  <testcase classname="ptolemy.util.test.junit.AutoTests" name="[3] /home/travis/build/icyphy/ptII/ptolemy/domains/de/test/auto/CancelFireAt.xml (RunModel)" time="0.014" />
  <testcase classname="ptolemy.util.test.junit.AutoTests" name="[4] /home/travis/build/icyphy/ptII/ptolemy/domains/de/test/auto/CausalityAndComposabilityAnalysis.xml (RunModel)" time="0.011" />
  <testcase classname="ptolemy.util.test.junit.AutoTests" name="[5] /home/travis/build/icyphy/ptII/ptolemy/domains/de/test/auto/CausalityInterface1.xml (RunModel)" time="0.013" />
  <testcase classname="ptolemy.util.test.junit.AutoTests" name="[6] /home/travis/build/icyphy/ptII/ptolemy/domains/de/test/auto/CausalityInterface15.xml (RunModel)" time="0.014" />
  <testcase classname="ptolemy.util.test.junit.AutoTests" name="[7] /home/travis/build/icyphy/ptII/ptolemy/domains/de/test/auto/CausalityInterface2.xml (RunModel)" time="0.011" />
  <testcase classname="ptolemy.util.test.junit.AutoTests" name="[8] /home/travis/build/icyphy/ptII/ptolemy/domains/de/test/auto/CausalityInterface3.xml (RunModel)" time="0.012" />
  <testcase classname="ptolemy.util.test.junit.AutoTests" name="[9] /home/travis/build/icyphy/ptII/ptolemy/domains/de/test/auto/ClockDrift.xml (RunModel)" time="0.036" />
  <testcase classname="ptolemy.util.test.junit.AutoTests" name="[10] /home/travis/build/icyphy/ptII/ptolemy/domains/de/test/auto/ClockDriftAndValueChange.xml (RunModel)" time="0.032" />
  <testcase classname="ptolemy.util.test.junit.AutoTests" name="[11] /home/travis/build/icyphy/ptII/ptolemy/domains/de/test/auto/ClockDriftChange.xml (RunModel)" time="0.033" />
  <testcase classname="ptolemy.util.test.junit.AutoTests" name="[12] /home/travis/build/icyphy/ptII/ptolemy/domains/de/test/auto/ComposableCausalityAnalysis.xml (RunModel)" time="0.017" />
  <testcase classname="ptolemy.util.test.junit.AutoTests" name="[13] /home/travis/build/icyphy/ptII/ptolemy/domains/de/test/auto/DEFixedPointLimitation.xml (RunModel)" time="0.011" />
  <testcase classname="ptolemy.util.test.junit.AutoTests" name="[14] /home/travis/build/icyphy/ptII/ptolemy/domains/de/test/auto/DEScheduleTest.xml (RunModel)" time="0.029" />
  <testcase classname="ptolemy.util.test.junit.AutoTests" name="[15] /home/travis/build/icyphy/ptII/ptolemy/domains/de/test/auto/DEinDEwithStartTimes.xml (RunModel)" time="0.013" />
  <testcase classname="ptolemy.util.test.junit.AutoTests" name="[16] /home/travis/build/icyphy/ptII/ptolemy/domains/de/test/auto/DEinDEwithStartTimes2.xml (RunModel)" time="0.018" />
  <testcase classname="ptolemy.util.test.junit.AutoTests" name="[17] /home/travis/build/icyphy/ptII/ptolemy/domains/de/test/auto/DateDemo.xml (RunModel)" time="0.027" />
  <testcase classname="ptolemy.util.test.junit.AutoTests" name="[18] /home/travis/build/icyphy/ptII/ptolemy/domains/de/test/auto/DateToEvent.xml (RunModel)" time="2.037" />
  <testcase classname="ptolemy.util.test.junit.AutoTests" name="[19] /home/travis/build/icyphy/ptII/ptolemy/domains/de/test/auto/DepthTest1.xml (RunModel)" time="0.013" />
  <testcase classname="ptolemy.util.test.junit.AutoTests" name="[20] /home/travis/build/icyphy/ptII/ptolemy/domains/de/test/auto/DepthTest2.xml (RunModel)" time="0.02" />
  <testcase classname="ptolemy.util.test.junit.AutoTests" name="[21] /home/travis/build/icyphy/ptII/ptolemy/domains/de/test/auto/DepthTest3.xml (RunModel)" time="0.011" />
  <testcase classname="ptolemy.util.test.junit.AutoTests" name="[22] /home/travis/build/icyphy/ptII/ptolemy/domains/de/test/auto/DepthTest4.xml (RunModel)" time="0.021" />
  <testcase classname="ptolemy.util.test.junit.AutoTests" name="[23] /home/travis/build/icyphy/ptII/ptolemy/domains/de/test/auto/DepthTest5.xml (RunModel)" time="0.023" />
  <testcase classname="ptolemy.util.test.junit.AutoTests" name="[24] /home/travis/build/icyphy/ptII/ptolemy/domains/de/test/auto/DepthTest6.xml (RunModel)" time="0.014" />
  <testcase classname="ptolemy.util.test.junit.AutoTests" name="[25] /home/travis/build/icyphy/ptII/ptolemy/domains/de/test/auto/DepthTest7.xml (RunModel)" time="0.02" />
  <testcase classname="ptolemy.util.test.junit.AutoTests" name="[26] /home/travis/build/icyphy/ptII/ptolemy/domains/de/test/auto/EventToDate.xml (RunModel)" time="3.045" />
  <testcase classname="ptolemy.util.test.junit.AutoTests" name="[27] /home/travis/build/icyphy/ptII/ptolemy/domains/de/test/auto/FSM1.xml (RunModel)" time="0.02" />
  <testcase classname="ptolemy.util.test.junit.AutoTests" name="[28] /home/travis/build/icyphy/ptII/ptolemy/domains/de/test/auto/FSM7.xml (RunModel)" time="0.021" />
  <testcase classname="ptolemy.util.test.junit.AutoTests" name="[29] /home/travis/build/icyphy/ptII/ptolemy/domains/de/test/auto/Inspection.xml (RunModel)" time="0.025" />
  <testcase classname="ptolemy.util.test.junit.AutoTests" name="[30] /home/travis/build/icyphy/ptII/ptolemy/domains/de/test/auto/Iteration.xml (RunModel)" time="0.016" />
  <testcase classname="ptolemy.util.test.junit.AutoTests" name="[31] /home/travis/build/icyphy/ptII/ptolemy/domains/de/test/auto/LineFault.xml (RunModel)" time="0.489" />
  <testcase classname="ptolemy.util.test.junit.AutoTests" name="[32] /home/travis/build/icyphy/ptII/ptolemy/domains/de/test/auto/MergeModel1Add.xml (RunModel)" time="0.037" />
  <testcase classname="ptolemy.util.test.junit.AutoTests" name="[33] /home/travis/build/icyphy/ptII/ptolemy/domains/de/test/auto/MergeModel2Add.xml (RunModel)" time="0.039" />
  <testcase classname="ptolemy.util.test.junit.AutoTests" name="[34] /home/travis/build/icyphy/ptII/ptolemy/domains/de/test/auto/MergeModel3Add.xml (RunModel)" time="0.033" />
  <testcase classname="ptolemy.util.test.junit.AutoTests" name="[35] /home/travis/build/icyphy/ptII/ptolemy/domains/de/test/auto/MergeWithoutDiscard.xml (RunModel)" time="0.009" />
  <testcase classname="ptolemy.util.test.junit.AutoTests" name="[36] /home/travis/build/icyphy/ptII/ptolemy/domains/de/test/auto/Modal1.xml (RunModel)" time="0.024" />
  <testcase classname="ptolemy.util.test.junit.AutoTests" name="[37] /home/travis/build/icyphy/ptII/ptolemy/domains/de/test/auto/Modal2.xml (RunModel)" time="0.025" />
  <testcase classname="ptolemy.util.test.junit.AutoTests" name="[38] /home/travis/build/icyphy/ptII/ptolemy/domains/de/test/auto/Modal3.xml (RunModel)" time="0.025" />
  <testcase classname="ptolemy.util.test.junit.AutoTests" name="[39] /home/travis/build/icyphy/ptII/ptolemy/domains/de/test/auto/Modal4.xml (RunModel)" time="0.026" />
  <testcase classname="ptolemy.util.test.junit.AutoTests" name="[40] /home/travis/build/icyphy/ptII/ptolemy/domains/de/test/auto/Modal5.xml (RunModel)" time="0.025" />
  <testcase classname="ptolemy.util.test.junit.AutoTests" name="[41] /home/travis/build/icyphy/ptII/ptolemy/domains/de/test/auto/Modal6.xml (RunModel)" time="0.024" />
  <testcase classname="ptolemy.util.test.junit.AutoTests" name="[42] /home/travis/build/icyphy/ptII/ptolemy/domains/de/test/auto/Modal7.xml (RunModel)" time="0.026" />
  <testcase classname="ptolemy.util.test.junit.AutoTests" name="[43] /home/travis/build/icyphy/ptII/ptolemy/domains/de/test/auto/ModalModel.xml (RunModel)" time="0.129" />
  <testcase classname="ptolemy.util.test.junit.AutoTests" name="[44] /home/travis/build/icyphy/ptII/ptolemy/domains/de/test/auto/ModalSource.xml (RunModel)" time="0.02" />
  <testcase classname="ptolemy.util.test.junit.AutoTests" name="[45] /home/travis/build/icyphy/ptII/ptolemy/domains/de/test/auto/NonInterruptibleTimerZeroDelay.xml (RunModel)" time="0.011" />
  <testcase classname="ptolemy.util.test.junit.AutoTests" name="[46] /home/travis/build/icyphy/ptII/ptolemy/domains/de/test/auto/OpenQueueingNetwork.xml (RunModel)" time="2.118" />
  <testcase classname="ptolemy.util.test.junit.AutoTests" name="[47] /home/travis/build/icyphy/ptII/ptolemy/domains/de/test/auto/OpenQueuingNetwork.xml (RunModel)" time="0.263" />
  <testcase classname="ptolemy.util.test.junit.AutoTests" name="[48] /home/travis/build/icyphy/ptII/ptolemy/domains/de/test/auto/PeriodicSampler.xml (RunModel)" time="0.007" />
  <testcase classname="ptolemy.util.test.junit.AutoTests" name="[49] /home/travis/build/icyphy/ptII/ptolemy/domains/de/test/auto/PersistentIO.xml (RunModel)" time="0.017" />
  <testcase classname="ptolemy.util.test.junit.AutoTests" name="[50] /home/travis/build/icyphy/ptII/ptolemy/domains/de/test/auto/PortParameterResetOnInitialize.xml (RunModel)" time="0.008" />
  <testcase classname="ptolemy.util.test.junit.AutoTests" name="[51] /home/travis/build/icyphy/ptII/ptolemy/domains/de/test/auto/PortParameterUpdates.xml (RunModel)" time="0.015" />
  <testcase classname="ptolemy.util.test.junit.AutoTests" name="[52] /home/travis/build/icyphy/ptII/ptolemy/domains/de/test/auto/QueueAndServer.xml (RunModel)" time="0.019" />
  <testcase classname="ptolemy.util.test.junit.AutoTests" name="[53] /home/travis/build/icyphy/ptII/ptolemy/domains/de/test/auto/Records.xml (RunModel)" time="0.013" />
  <testcase classname="ptolemy.util.test.junit.AutoTests" name="[54] /home/travis/build/icyphy/ptII/ptolemy/domains/de/test/auto/ResetTransitionWithStartTime1.xml (RunModel)" time="0.019" />
  <testcase classname="ptolemy.util.test.junit.AutoTests" name="[55] /home/travis/build/icyphy/ptII/ptolemy/domains/de/test/auto/ResetTransitionWithStartTime2.xml (RunModel)" time="0.019" />
  <testcase classname="ptolemy.util.test.junit.AutoTests" name="[56] /home/travis/build/icyphy/ptII/ptolemy/domains/de/test/auto/ResetTransitionWithStartTime3.xml (RunModel)" time="0.017" />
  <testcase classname="ptolemy.util.test.junit.AutoTests" name="[57] /home/travis/build/icyphy/ptII/ptolemy/domains/de/test/auto/ResetTransitionWithStartTime4.xml (RunModel)" time="0.021" />
  <testcase classname="ptolemy.util.test.junit.AutoTests" name="[58] /home/travis/build/icyphy/ptII/ptolemy/domains/de/test/auto/ResettableTimer1.xml (RunModel)" time="0.01" />
  <testcase classname="ptolemy.util.test.junit.AutoTests" name="[59] /home/travis/build/icyphy/ptII/ptolemy/domains/de/test/auto/ResettableTimer2.xml (RunModel)" time="0.009" />
  <testcase classname="ptolemy.util.test.junit.AutoTests" name="[60] /home/travis/build/icyphy/ptII/ptolemy/domains/de/test/auto/ResettableTimer3.xml (RunModel)" time="0.009" />
  <testcase classname="ptolemy.util.test.junit.AutoTests" name="[61] /home/travis/build/icyphy/ptII/ptolemy/domains/de/test/auto/ResettableTimer4.xml (RunModel)" time="0.01" />
  <testcase classname="ptolemy.util.test.junit.AutoTests" name="[62] /home/travis/build/icyphy/ptII/ptolemy/domains/de/test/auto/ResettableTimer5.xml (RunModel)" time="0.01" />
  <testcase classname="ptolemy.util.test.junit.AutoTests" name="[63] /home/travis/build/icyphy/ptII/ptolemy/domains/de/test/auto/ResettableTimer6.xml (RunModel)" time="0.018" />
  <testcase classname="ptolemy.util.test.junit.AutoTests" name="[64] /home/travis/build/icyphy/ptII/ptolemy/domains/de/test/auto/ServerZeroDelay.xml (RunModel)" time="0.01" />
  <testcase classname="ptolemy.util.test.junit.AutoTests" name="[65] /home/travis/build/icyphy/ptII/ptolemy/domains/de/test/auto/SmartSender.xml (RunModel)" time="3.007" />
  <testcase classname="ptolemy.util.test.junit.AutoTests" name="[66] /home/travis/build/icyphy/ptII/ptolemy/domains/de/test/auto/ThreadedComposite.xml (RunModel)" time="3.007" />
  <testcase classname="ptolemy.util.test.junit.AutoTests" name="[67] /home/travis/build/icyphy/ptII/ptolemy/domains/de/test/auto/Time.xml (RunModel)" time="0.421" />
  <testcase classname="ptolemy.util.test.junit.AutoTests" name="[68] /home/travis/build/icyphy/ptII/ptolemy/domains/de/test/auto/TimeDelayZeroDelay.xml (RunModel)" time="0.01" />
  <testcase classname="ptolemy.util.test.junit.AutoTests" name="[69] /home/travis/build/icyphy/ptII/ptolemy/domains/de/test/auto/TimerZeroDelay.xml (RunModel)" time="0.009" />
  <testcase classname="ptolemy.util.test.junit.AutoTests" name="[70] /home/travis/build/icyphy/ptII/ptolemy/domains/de/test/auto/TimingParadox.xml (RunModel)" time="0.34" />
  <testcase classname="ptolemy.util.test.junit.AutoTests" name="[71] /home/travis/build/icyphy/ptII/ptolemy/domains/de/test/auto/TransferInputs.xml (RunModel)" time="0.008" />
  <testcase classname="ptolemy.util.test.junit.AutoTests" name="[72] /home/travis/build/icyphy/ptII/ptolemy/domains/de/test/auto/TransferOutputs2.xml (RunModel)" time="0.014" />
  <testcase classname="ptolemy.util.test.junit.AutoTests" name="[73] /home/travis/build/icyphy/ptII/ptolemy/domains/de/test/auto/Trilateration.xml (RunModel)" time="11.613" />
  <testcase classname="ptolemy.util.test.junit.AutoTests" name="[74] /home/travis/build/icyphy/ptII/ptolemy/domains/de/test/auto/TwoSigmaDelta.xml (RunModel)" time="1.892" />
  <testcase classname="ptolemy.util.test.junit.AutoTests" name="[75] /home/travis/build/icyphy/ptII/ptolemy/domains/de/test/auto/VariableDelay.xml (RunModel)" time="0.015" />
  <testcase classname="ptolemy.util.test.junit.AutoTests" name="[76] /home/travis/build/icyphy/ptII/ptolemy/domains/de/test/auto/VariableDelay2.xml (RunModel)" time="0.009" />
  <testcase classname="ptolemy.util.test.junit.AutoTests" name="[77] /home/travis/build/icyphy/ptII/ptolemy/domains/de/test/auto/VariableDelayZeroDelay.xml (RunModel)" time="0.009" />
  <testcase classname="ptolemy.util.test.junit.AutoTests" name="[78] /home/travis/build/icyphy/ptII/ptolemy/domains/de/test/auto/VariableDelayZeroDelay2.xml (RunModel)" time="0.009" />
  <testcase classname="ptolemy.util.test.junit.AutoTests" name="[79] /home/travis/build/icyphy/ptII/ptolemy/domains/de/test/auto/deInCt.xml (RunModel)" time="0.013" />
  <testcase classname="ptolemy.util.test.junit.AutoTests" name="[80] /home/travis/build/icyphy/ptII/ptolemy/domains/de/test/auto/deInCt2.xml (RunModel)" time="0.013" />
  <testcase classname="ptolemy.util.test.junit.AutoTests" name="[81] /home/travis/build/icyphy/ptII/ptolemy/domains/de/test/auto/dynamicCausalityInterface1.xml (RunModel)" time="0.018" />
  <testcase classname="ptolemy.util.test.junit.AutoTests" name="[82] /home/travis/build/icyphy/ptII/ptolemy/domains/de/test/auto/fsm_de_test.xml (RunModel)" time="0.022" />
  <testcase classname="ptolemy.util.test.junit.AutoTests" name="[83] /home/travis/build/icyphy/ptII/ptolemy/domains/de/test/auto/functionDependencyReconstruction.xml (RunModel)" time="0.028" />
  <testcase classname="ptolemy.util.test.junit.AutoTests" name="[84] /home/travis/build/icyphy/ptII/ptolemy/domains/de/test/auto/multirate.xml (RunModel)" time="0.015" />
  <testcase classname="ptolemy.util.test.junit.AutoTests" name="[85] /home/travis/build/icyphy/ptII/ptolemy/domains/de/test/auto/multirate2.xml (RunModel)" time="0.02" />
  <testcase classname="ptolemy.util.test.junit.AutoTests" name="[86] /home/travis/build/icyphy/ptII/ptolemy/domains/de/test/auto/realtime.xml (RunModel)" time="10.01" />
  <testcase classname="ptolemy.util.test.junit.AutoTests" name="[87] /home/travis/build/icyphy/ptII/ptolemy/domains/de/test/auto/relationGroup.xml (RunModel)" time="0.008" />
  <testcase classname="ptolemy.util.test.junit.AutoTests" name="[88] /home/travis/build/icyphy/ptII/ptolemy/domains/de/test/auto/relationGroup2.xml (RunModel)" time="0.007" />
  <testcase classname="ptolemy.util.test.junit.AutoTests" name="[89] /home/travis/build/icyphy/ptII/ptolemy/domains/de/test/auto/sortWithOpaquePorts.xml (RunModel)" time="0.009" />
  <testcase classname="ptolemy.util.test.junit.AutoTests" name="[90] /home/travis/build/icyphy/ptII/ptolemy/domains/de/test/auto/transferInputsandOutputs.xml (RunModel)" time="0.014" />
  <testcase classname="ptolemy.util.test.junit.AutoTests" name="[91] /home/travis/build/icyphy/ptII/ptolemy/domains/de/test/auto/triggerType.xml (RunModel)" time="0.009" />
  <system-out><![CDATA[/home/travis/build/icyphy/ptII/ptolemy/domains/de/test/DependencyLoop.tcl
testDefs.tcl: setting time out to 9000 seconds at Mon Dec 17 03:05:15 UTC 2018
16 ms. Memory: 116224K Free: 93466K (80%)
6 ms. Memory: 146944K Free: 135528K (92%)
/home/travis/build/icyphy/ptII/ptolemy/domains/de/test/RunDETestsAsQSS.tcl
Run the DE tests using ptolemy.domains.qss.test.QSSDirectorTest, which extends QSSDirector and prints a message in the constructors.
------------------ testing $PTII/ptolemy/domains/de/test/auto/knownFailedTests/dependencyLoop.xml (Known Failure) 
16 ms. Memory: 146944K Free: 132416K (90%)


==== $PTIIhome/travis/build/icyphy/ptII/ptolemy/domains/de/test/../../../../: Auto Automatic test in file $PTII/ptolemy/domains/de/test/auto/knownFailedTests/dependencyLoop.xml
==== Contents of test case:

	    # FIXME: we should use $relativeFilename here, but it
	    # might have backslashes under Windows, which causes no end
	    # of trouble.
	    createAndExecute $file
	    list {}
	
.... Test generated KNOWN error:
    while executing
ptolemy.kernel.util.IllegalActionException: Found a zero delay loop containing .dependencyLoop.original
  in .dependencyLoop and .dependencyLoop.original
	at ptolemy.actor.util.CausalityInterfaceForComposites._computeOutputPortDepth(CausalityInterfaceForComposites.java:759)
	at ptolemy.actor.util.CausalityInterfaceForComposites._computeInputDepth(CausalityInterfaceForComposites.java:696)
	at ptolemy.actor.util.CausalityInterfaceForComposites._computeOutputPortDepth(CausalityInterfaceForComposites.java:765)
	at ptolemy.actor.util.CausalityInterfaceForComposites._computeInputDepth(CausalityInterfaceForComposites.java:696)
	at ptolemy.actor.util.CausalityInterfaceForComposites._computeOutputPortDepth(CausalityInterfaceForComposites.java:765)
	at ptolemy.actor.util.CausalityInterfaceForComposites._computeInputDepth(CausalityInterfaceForComposites.java:696)
	at ptolemy.actor.util.CausalityInterfaceForComposites._computeActorDepth(CausalityInterfaceForComposites.java:532)
	at ptolemy.actor.util.CausalityInterfaceForComposites.checkForCycles(CausalityInterfaceForComposites.java:96)
	at ptolemy.domains.de.kernel.DEDirector.preinitialize(DEDirector.java:1338)
	at ptolemy.actor.CompositeActor.preinitialize(CompositeActor.java:1828)
	at ptolemy.actor.Manager.preinitializeAndResolveTypes(Manager.java:1040)
	at ptolemy.actor.Manager.initialize(Manager.java:710)
	at ptolemy.actor.Manager.execute(Manager.java:356)
	at ptolemy.actor.Manager.run(Manager.java:1263)
	at ptolemy.actor.Manager$PtolemyRunThread.run(Manager.java:1915)

    while executing
ptolemy.kernel.util.IllegalActionException: Found a zero delay loop containing .dependencyLoop.original
  in .dependencyLoop and .dependencyLoop.original
    while executing
"java::new ptolemy.moml.MoMLSimpleApplication $file
"
    (procedure "createAndExecute" line 2)
    invoked from within
"createAndExecute $file"
    ("uplevel" body line 5)
    invoked from within
"uplevel $contents_of_test"
------------------ testing $PTII/ptolemy/domains/de/test/auto/knownFailedTests/DESDFClockTest.xml (Known Failure) 
2079 ms. Memory: 146944K Free: 116675K (79%)


==== $PTIIhome/travis/build/icyphy/ptII/ptolemy/domains/de/test/../../../../: Auto Automatic test in file $PTII/ptolemy/domains/de/test/auto/knownFailedTests/DESDFClockTest.xml
==== Contents of test case:

	    # FIXME: we should use $relativeFilename here, but it
	    # might have backslashes under Windows, which causes no end
	    # of trouble.
	    createAndExecute $file
	    list {}
	
.... Test generated KNOWN error:
    while executing
ptolemy.kernel.util.IllegalActionException: Actor is not ready to fire.  Perhaps UpSample.prefire() returned false? Try debugging the actor by selecting "Listen to Actor".  Also, for SDF check moml for tokenConsumptionRate on input.
  in .DESDFClockTest.Play Bell.Copy1:SDF Director and .DESDFClockTest.Play Bell.UpSample
	at ptolemy.actor.sched.StaticSchedulingDirector.fire(StaticSchedulingDirector.java:227)
	at ptolemy.domains.sdf.kernel.SDFDirector.fire(SDFDirector.java:500)
	at ptolemy.actor.CompositeActor.fire(CompositeActor.java:455)
	at ptolemy.domains.de.kernel.DEDirector._fire(DEDirector.java:1949)
	at ptolemy.domains.de.kernel.DEDirector.fire(DEDirector.java:502)
	at ptolemy.actor.CompositeActor.fire(CompositeActor.java:455)
	at ptolemy.actor.Manager.iterate(Manager.java:851)
	at ptolemy.actor.Manager.execute(Manager.java:369)
	at ptolemy.actor.Manager.run(Manager.java:1263)
	at ptolemy.actor.Manager$PtolemyRunThread.run(Manager.java:1915)

    while executing
ptolemy.kernel.util.IllegalActionException: Actor is not ready to fire.  Perhaps UpSample.prefire() returned false? Try debugging the actor by selecting "Listen to Actor".  Also, for SDF check moml for tokenConsumptionRate on input.
  in .DESDFClockTest.Play Bell.Copy1:SDF Director and .DESDFClockTest.Play Bell.UpSample
    while executing
"java::new ptolemy.moml.MoMLSimpleApplication $file
"
    (procedure "createAndExecute" line 2)
    invoked from within
"createAndExecute $file"
    ("uplevel" body line 5)
    invoked from within
"uplevel $contents_of_test"
------------------ testing $PTII/ptolemy/domains/de/test/auto/knownFailedTests/FSMSource.xml (Known Failure) 
52 ms. Memory: 146944K Free: 107776K (73%)
!!!! Auto was marked as failing, but now passes
------------------ testing $PTII/ptolemy/domains/de/test/auto/knownFailedTests/dependencyLoop2.xml (Known Failure) 
5 ms. Memory: 146944K Free: 105893K (72%)


==== $PTIIhome/travis/build/icyphy/ptII/ptolemy/domains/de/test/../../../../: Auto Automatic test in file $PTII/ptolemy/domains/de/test/auto/knownFailedTests/dependencyLoop2.xml
==== Contents of test case:

	    # FIXME: we should use $relativeFilename here, but it
	    # might have backslashes under Windows, which causes no end
	    # of trouble.
	    createAndExecute $file
	    list {}
	
.... Test generated KNOWN error:
    while executing
ptolemy.kernel.util.IllegalActionException: Found a zero delay loop containing .dependencyLoop2.original
  in .dependencyLoop2 and .dependencyLoop2.original
	at ptolemy.actor.util.CausalityInterfaceForComposites._computeOutputPortDepth(CausalityInterfaceForComposites.java:759)
	at ptolemy.actor.util.CausalityInterfaceForComposites._computeInputDepth(CausalityInterfaceForComposites.java:696)
	at ptolemy.actor.util.CausalityInterfaceForComposites._computeOutputPortDepth(CausalityInterfaceForComposites.java:765)
	at ptolemy.actor.util.CausalityInterfaceForComposites._computeInputDepth(CausalityInterfaceForComposites.java:696)
	at ptolemy.actor.util.CausalityInterfaceForComposites._computeOutputPortDepth(CausalityInterfaceForComposites.java:765)
	at ptolemy.actor.util.CausalityInterfaceForComposites._computeInputDepth(CausalityInterfaceForComposites.java:696)
	at ptolemy.actor.util.CausalityInterfaceForComposites._computeActorDepth(CausalityInterfaceForComposites.java:532)
	at ptolemy.actor.util.CausalityInterfaceForComposites.checkForCycles(CausalityInterfaceForComposites.java:96)
	at ptolemy.domains.de.kernel.DEDirector.preinitialize(DEDirector.java:1338)
	at ptolemy.actor.CompositeActor.preinitialize(CompositeActor.java:1828)
	at ptolemy.actor.Manager.preinitializeAndResolveTypes(Manager.java:1040)
	at ptolemy.actor.Manager.initialize(Manager.java:710)
	at ptolemy.actor.Manager.execute(Manager.java:356)
	at ptolemy.actor.Manager.run(Manager.java:1263)
	at ptolemy.actor.Manager$PtolemyRunThread.run(Manager.java:1915)

    while executing
ptolemy.kernel.util.IllegalActionException: Found a zero delay loop containing .dependencyLoop2.original
  in .dependencyLoop2 and .dependencyLoop2.original
    while executing
"java::new ptolemy.moml.MoMLSimpleApplication $file
"
    (procedure "createAndExecute" line 2)
    invoked from within
"createAndExecute $file"
    ("uplevel" body line 5)
    invoked from within
"uplevel $contents_of_test"
------------------ testing $PTII/ptolemy/domains/de/test/auto/knownFailedTests/HierarchicalModel.xml (Known Failure) 
10 ms. Memory: 146944K Free: 84313K (57%)


==== $PTIIhome/travis/build/icyphy/ptII/ptolemy/domains/de/test/../../../../: Auto Automatic test in file $PTII/ptolemy/domains/de/test/auto/knownFailedTests/HierarchicalModel.xml
==== Contents of test case:

	    # FIXME: we should use $relativeFilename here, but it
	    # might have backslashes under Windows, which causes no end
	    # of trouble.
	    createAndExecute $file
	    list {}
	
.... Test generated KNOWN error:
    while executing
ptolemy.kernel.util.IllegalActionException: Found a zero delay loop containing .HierarchicalModel.A
  in .HierarchicalModel and .HierarchicalModel.A
	at ptolemy.actor.util.CausalityInterfaceForComposites._computeOutputPortDepth(CausalityInterfaceForComposites.java:759)
	at ptolemy.actor.util.CausalityInterfaceForComposites._computeInputDepth(CausalityInterfaceForComposites.java:696)
	at ptolemy.actor.util.CausalityInterfaceForComposites._computeOutputPortDepth(CausalityInterfaceForComposites.java:765)
	at ptolemy.actor.util.CausalityInterfaceForComposites._computeInputDepth(CausalityInterfaceForComposites.java:696)
	at ptolemy.actor.util.CausalityInterfaceForComposites._computeOutputPortDepth(CausalityInterfaceForComposites.java:765)
	at ptolemy.actor.util.CausalityInterfaceForComposites._computeInputDepth(CausalityInterfaceForComposites.java:696)
	at ptolemy.actor.util.CausalityInterfaceForComposites._computeActorDepth(CausalityInterfaceForComposites.java:532)
	at ptolemy.actor.util.CausalityInterfaceForComposites.checkForCycles(CausalityInterfaceForComposites.java:96)
	at ptolemy.domains.de.kernel.DEDirector.preinitialize(DEDirector.java:1338)
	at ptolemy.actor.CompositeActor.preinitialize(CompositeActor.java:1828)
	at ptolemy.actor.Manager.preinitializeAndResolveTypes(Manager.java:1040)
	at ptolemy.actor.Manager.initialize(Manager.java:710)
	at ptolemy.actor.Manager.execute(Manager.java:356)
	at ptolemy.actor.Manager.run(Manager.java:1263)
	at ptolemy.actor.Manager$PtolemyRunThread.run(Manager.java:1915)

    while executing
ptolemy.kernel.util.IllegalActionException: Found a zero delay loop containing .HierarchicalModel.A
  in .HierarchicalModel and .HierarchicalModel.A
    while executing
"java::new ptolemy.moml.MoMLSimpleApplication $file
"
    (procedure "createAndExecute" line 2)
    invoked from within
"createAndExecute $file"
    ("uplevel" body line 5)
    invoked from within
"uplevel $contents_of_test"
------------------ testing $PTII/ptolemy/domains/de/test/auto/knownFailedTests/DirectFeedback.xml (Known Failure) 
8 ms. Memory: 146944K Free: 141394K (96%)


==== $PTIIhome/travis/build/icyphy/ptII/ptolemy/domains/de/test/../../../../: Auto Automatic test in file $PTII/ptolemy/domains/de/test/auto/knownFailedTests/DirectFeedback.xml
==== Contents of test case:

	    # FIXME: we should use $relativeFilename here, but it
	    # might have backslashes under Windows, which causes no end
	    # of trouble.
	    createAndExecute $file
	    list {}
	
.... Test generated KNOWN error:
    while executing
ptolemy.kernel.util.IllegalActionException: Test fails in iteration 1.
Value was: 1.0. Should have been: 2.0
  in .DirectFeedback.Test
	at ptolemy.actor.lib.Test.fire(Test.java:268)
	at ptolemy.domains.de.kernel.DEDirector._fire(DEDirector.java:1949)
	at ptolemy.domains.de.kernel.DEDirector.fire(DEDirector.java:502)
	at ptolemy.actor.CompositeActor.fire(CompositeActor.java:455)
	at ptolemy.actor.Manager.iterate(Manager.java:851)
	at ptolemy.actor.Manager.execute(Manager.java:369)
	at ptolemy.actor.Manager.run(Manager.java:1263)
	at ptolemy.actor.Manager$PtolemyRunThread.run(Manager.java:1915)

    while executing
ptolemy.kernel.util.IllegalActionException: Test fails in iteration 1.
Value was: 1.0. Should have been: 2.0
  in .DirectFeedback.Test
    while executing
"java::new ptolemy.moml.MoMLSimpleApplication $file
"
    (procedure "createAndExecute" line 2)
    invoked from within
"createAndExecute $file"
    ("uplevel" body line 5)
    invoked from within
"uplevel $contents_of_test"
------------------ testing $PTII/ptolemy/domains/de/test/auto/ActorDepthCalculation_actorWithoutPorts.xml
auto.tcl: Setting watchdog for 200 seconds at Mon Dec 17 03:05:18 UTC 2018
8 ms. Memory: 146944K Free: 132438K (90%)
ptolemy.util.test.WatchDog.cancel(): canceling Mon Dec 17 03:05:18 UTC 2018
auto.tcl: Setting watchdog for 200 seconds at Mon Dec 17 03:05:18 UTC 2018
4 ms. Memory: 146944K Free: 131406K (89%)
ptolemy.util.test.WatchDog.cancel(): canceling Mon Dec 17 03:05:18 UTC 2018
------------------ testing $PTII/ptolemy/domains/de/test/auto/AssemblyLine.xml
auto.tcl: Setting watchdog for 200 seconds at Mon Dec 17 03:05:19 UTC 2018
28 ms. Memory: 208384K Free: 182871K (88%)
ptolemy.util.test.WatchDog.cancel(): canceling Mon Dec 17 03:05:19 UTC 2018
auto.tcl: Setting watchdog for 200 seconds at Mon Dec 17 03:05:19 UTC 2018
7 ms. Memory: 208384K Free: 182871K (88%)
ptolemy.util.test.WatchDog.cancel(): canceling Mon Dec 17 03:05:19 UTC 2018
------------------ testing $PTII/ptolemy/domains/de/test/auto/CQBug1.xml
auto.tcl: Setting watchdog for 200 seconds at Mon Dec 17 03:05:19 UTC 2018
3 ms. Memory: 208384K Free: 197725K (95%)
ptolemy.util.test.WatchDog.cancel(): canceling Mon Dec 17 03:05:19 UTC 2018
auto.tcl: Setting watchdog for 200 seconds at Mon Dec 17 03:05:19 UTC 2018
2 ms. Memory: 208384K Free: 197725K (95%)
ptolemy.util.test.WatchDog.cancel(): canceling Mon Dec 17 03:05:19 UTC 2018
------------------ testing $PTII/ptolemy/domains/de/test/auto/CancelFireAt.xml
auto.tcl: Setting watchdog for 200 seconds at Mon Dec 17 03:05:19 UTC 2018
5 ms. Memory: 208384K Free: 201436K (97%)
ptolemy.util.test.WatchDog.cancel(): canceling Mon Dec 17 03:05:19 UTC 2018
auto.tcl: Setting watchdog for 200 seconds at Mon Dec 17 03:05:19 UTC 2018
2 ms. Memory: 208384K Free: 199346K (96%)
ptolemy.util.test.WatchDog.cancel(): canceling Mon Dec 17 03:05:19 UTC 2018
------------------ testing $PTII/ptolemy/domains/de/test/auto/CausalityAndComposabilityAnalysis.xml
auto.tcl: Setting watchdog for 200 seconds at Mon Dec 17 03:05:19 UTC 2018
10 ms. Memory: 208384K Free: 196854K (94%)
ptolemy.util.test.WatchDog.cancel(): canceling Mon Dec 17 03:05:19 UTC 2018
auto.tcl: Setting watchdog for 200 seconds at Mon Dec 17 03:05:19 UTC 2018
5 ms. Memory: 208384K Free: 196854K (94%)
ptolemy.util.test.WatchDog.cancel(): canceling Mon Dec 17 03:05:19 UTC 2018
------------------ testing $PTII/ptolemy/domains/de/test/auto/CausalityInterface1.xml
auto.tcl: Setting watchdog for 200 seconds at Mon Dec 17 03:05:19 UTC 2018
25 ms. Memory: 208384K Free: 196454K (94%)
ptolemy.util.test.WatchDog.cancel(): canceling Mon Dec 17 03:05:19 UTC 2018
auto.tcl: Setting watchdog for 200 seconds at Mon Dec 17 03:05:19 UTC 2018
4 ms. Memory: 208384K Free: 196454K (94%)
ptolemy.util.test.WatchDog.cancel(): canceling Mon Dec 17 03:05:19 UTC 2018
------------------ testing $PTII/ptolemy/domains/de/test/auto/CausalityInterface15.xml
auto.tcl: Setting watchdog for 200 seconds at Mon Dec 17 03:05:19 UTC 2018
5 ms. Memory: 208384K Free: 196445K (94%)
ptolemy.util.test.WatchDog.cancel(): canceling Mon Dec 17 03:05:19 UTC 2018
auto.tcl: Setting watchdog for 200 seconds at Mon Dec 17 03:05:19 UTC 2018
4 ms. Memory: 208384K Free: 194355K (93%)
ptolemy.util.test.WatchDog.cancel(): canceling Mon Dec 17 03:05:19 UTC 2018
------------------ testing $PTII/ptolemy/domains/de/test/auto/CausalityInterface2.xml
auto.tcl: Setting watchdog for 200 seconds at Mon Dec 17 03:05:19 UTC 2018
4 ms. Memory: 208384K Free: 196767K (94%)
ptolemy.util.test.WatchDog.cancel(): canceling Mon Dec 17 03:05:19 UTC 2018
auto.tcl: Setting watchdog for 200 seconds at Mon Dec 17 03:05:19 UTC 2018
3 ms. Memory: 208384K Free: 196429K (94%)
ptolemy.util.test.WatchDog.cancel(): canceling Mon Dec 17 03:05:19 UTC 2018
------------------ testing $PTII/ptolemy/domains/de/test/auto/CausalityInterface3.xml
auto.tcl: Setting watchdog for 200 seconds at Mon Dec 17 03:05:19 UTC 2018
6 ms. Memory: 208384K Free: 196442K (94%)
ptolemy.util.test.WatchDog.cancel(): canceling Mon Dec 17 03:05:20 UTC 2018
auto.tcl: Setting watchdog for 200 seconds at Mon Dec 17 03:05:20 UTC 2018
3 ms. Memory: 208384K Free: 196442K (94%)
ptolemy.util.test.WatchDog.cancel(): canceling Mon Dec 17 03:05:20 UTC 2018
------------------ testing $PTII/ptolemy/domains/de/test/auto/ClockDrift.xml
auto.tcl: Setting watchdog for 200 seconds at Mon Dec 17 03:05:20 UTC 2018
82 ms. Memory: 208384K Free: 187703K (90%)
ptolemy.util.test.WatchDog.cancel(): canceling Mon Dec 17 03:05:20 UTC 2018
auto.tcl: Setting watchdog for 200 seconds at Mon Dec 17 03:05:20 UTC 2018
72 ms. Memory: 208384K Free: 185612K (89%)
ptolemy.util.test.WatchDog.cancel(): canceling Mon Dec 17 03:05:20 UTC 2018
------------------ testing $PTII/ptolemy/domains/de/test/auto/ClockDriftAndValueChange.xml
auto.tcl: Setting watchdog for 200 seconds at Mon Dec 17 03:05:20 UTC 2018
48 ms. Memory: 208384K Free: 187538K (90%)
ptolemy.util.test.WatchDog.cancel(): canceling Mon Dec 17 03:05:20 UTC 2018
auto.tcl: Setting watchdog for 200 seconds at Mon Dec 17 03:05:20 UTC 2018
31 ms. Memory: 208384K Free: 185447K (89%)
ptolemy.util.test.WatchDog.cancel(): canceling Mon Dec 17 03:05:20 UTC 2018
------------------ testing $PTII/ptolemy/domains/de/test/auto/ClockDriftChange.xml
auto.tcl: Setting watchdog for 200 seconds at Mon Dec 17 03:05:20 UTC 2018
36 ms. Memory: 208384K Free: 190850K (92%)
ptolemy.util.test.WatchDog.cancel(): canceling Mon Dec 17 03:05:20 UTC 2018
auto.tcl: Setting watchdog for 200 seconds at Mon Dec 17 03:05:20 UTC 2018
30 ms. Memory: 208384K Free: 188760K (91%)
ptolemy.util.test.WatchDog.cancel(): canceling Mon Dec 17 03:05:20 UTC 2018
------------------ testing $PTII/ptolemy/domains/de/test/auto/ComposableCausalityAnalysis.xml
auto.tcl: Setting watchdog for 200 seconds at Mon Dec 17 03:05:20 UTC 2018
2 ms. Memory: 208384K Free: 196296K (94%)
ptolemy.util.test.WatchDog.cancel(): canceling Mon Dec 17 03:05:20 UTC 2018
auto.tcl: Setting watchdog for 200 seconds at Mon Dec 17 03:05:20 UTC 2018
2 ms. Memory: 208384K Free: 194206K (93%)
ptolemy.util.test.WatchDog.cancel(): canceling Mon Dec 17 03:05:20 UTC 2018
------------------ testing $PTII/ptolemy/domains/de/test/auto/DEFixedPointLimitation.xml
auto.tcl: Setting watchdog for 200 seconds at Mon Dec 17 03:05:20 UTC 2018
5 ms. Memory: 208384K Free: 196377K (94%)
ptolemy.util.test.WatchDog.cancel(): canceling Mon Dec 17 03:05:20 UTC 2018
auto.tcl: Setting watchdog for 200 seconds at Mon Dec 17 03:05:20 UTC 2018
2 ms. Memory: 208384K Free: 196377K (94%)
ptolemy.util.test.WatchDog.cancel(): canceling Mon Dec 17 03:05:20 UTC 2018
------------------ testing $PTII/ptolemy/domains/de/test/auto/DEScheduleTest.xml
auto.tcl: Setting watchdog for 200 seconds at Mon Dec 17 03:05:20 UTC 2018
5 ms. Memory: 208384K Free: 198503K (95%)
ptolemy.util.test.WatchDog.cancel(): canceling Mon Dec 17 03:05:20 UTC 2018
auto.tcl: Setting watchdog for 200 seconds at Mon Dec 17 03:05:20 UTC 2018
3 ms. Memory: 208384K Free: 196413K (94%)
ptolemy.util.test.WatchDog.cancel(): canceling Mon Dec 17 03:05:20 UTC 2018
------------------ testing $PTII/ptolemy/domains/de/test/auto/DEinDEwithStartTimes.xml
auto.tcl: Setting watchdog for 200 seconds at Mon Dec 17 03:05:20 UTC 2018
4 ms. Memory: 208384K Free: 196383K (94%)
ptolemy.util.test.WatchDog.cancel(): canceling Mon Dec 17 03:05:20 UTC 2018
auto.tcl: Setting watchdog for 200 seconds at Mon Dec 17 03:05:20 UTC 2018
5 ms. Memory: 208384K Free: 194292K (93%)
ptolemy.util.test.WatchDog.cancel(): canceling Mon Dec 17 03:05:20 UTC 2018
------------------ testing $PTII/ptolemy/domains/de/test/auto/DEinDEwithStartTimes2.xml
auto.tcl: Setting watchdog for 200 seconds at Mon Dec 17 03:05:20 UTC 2018
8 ms. Memory: 208384K Free: 196361K (94%)
ptolemy.util.test.WatchDog.cancel(): canceling Mon Dec 17 03:05:21 UTC 2018
auto.tcl: Setting watchdog for 200 seconds at Mon Dec 17 03:05:21 UTC 2018
4 ms. Memory: 208384K Free: 194271K (93%)
ptolemy.util.test.WatchDog.cancel(): canceling Mon Dec 17 03:05:21 UTC 2018
------------------ testing $PTII/ptolemy/domains/de/test/auto/DateDemo.xml
auto.tcl: Setting watchdog for 200 seconds at Mon Dec 17 03:05:21 UTC 2018
17 ms. Memory: 208384K Free: 188829K (91%)
ptolemy.util.test.WatchDog.cancel(): canceling Mon Dec 17 03:05:21 UTC 2018
auto.tcl: Setting watchdog for 200 seconds at Mon Dec 17 03:05:21 UTC 2018
6 ms. Memory: 208384K Free: 186739K (90%)
ptolemy.util.test.WatchDog.cancel(): canceling Mon Dec 17 03:05:21 UTC 2018
------------------ testing $PTII/ptolemy/domains/de/test/auto/DateToEvent.xml
auto.tcl: Setting watchdog for 200 seconds at Mon Dec 17 03:05:21 UTC 2018
2014 ms. Memory: 208384K Free: 183572K (88%)
ptolemy.util.test.WatchDog.cancel(): canceling Mon Dec 17 03:05:23 UTC 2018
auto.tcl: Setting watchdog for 200 seconds at Mon Dec 17 03:05:23 UTC 2018
2004 ms. Memory: 208384K Free: 181114K (87%)
ptolemy.util.test.WatchDog.cancel(): canceling Mon Dec 17 03:05:25 UTC 2018
------------------ testing $PTII/ptolemy/domains/de/test/auto/DepthTest1.xml
auto.tcl: Setting watchdog for 200 seconds at Mon Dec 17 03:05:25 UTC 2018
9 ms. Memory: 208384K Free: 197705K (95%)
ptolemy.util.test.WatchDog.cancel(): canceling Mon Dec 17 03:05:25 UTC 2018
auto.tcl: Setting watchdog for 200 seconds at Mon Dec 17 03:05:25 UTC 2018
6 ms. Memory: 208384K Free: 197705K (95%)
ptolemy.util.test.WatchDog.cancel(): canceling Mon Dec 17 03:05:25 UTC 2018
------------------ testing $PTII/ptolemy/domains/de/test/auto/DepthTest2.xml
auto.tcl: Setting watchdog for 200 seconds at Mon Dec 17 03:05:25 UTC 2018
4 ms. Memory: 208384K Free: 193925K (93%)
ptolemy.util.test.WatchDog.cancel(): canceling Mon Dec 17 03:05:25 UTC 2018
auto.tcl: Setting watchdog for 200 seconds at Mon Dec 17 03:05:25 UTC 2018
2 ms. Memory: 208384K Free: 193925K (93%)
ptolemy.util.test.WatchDog.cancel(): canceling Mon Dec 17 03:05:25 UTC 2018
------------------ testing $PTII/ptolemy/domains/de/test/auto/DepthTest3.xml
auto.tcl: Setting watchdog for 200 seconds at Mon Dec 17 03:05:25 UTC 2018
3 ms. Memory: 208384K Free: 198038K (95%)
ptolemy.util.test.WatchDog.cancel(): canceling Mon Dec 17 03:05:25 UTC 2018
auto.tcl: Setting watchdog for 200 seconds at Mon Dec 17 03:05:25 UTC 2018
2 ms. Memory: 208384K Free: 198038K (95%)
ptolemy.util.test.WatchDog.cancel(): canceling Mon Dec 17 03:05:25 UTC 2018
------------------ testing $PTII/ptolemy/domains/de/test/auto/DepthTest4.xml
auto.tcl: Setting watchdog for 200 seconds at Mon Dec 17 03:05:25 UTC 2018
6 ms. Memory: 208384K Free: 196033K (94%)
ptolemy.util.test.WatchDog.cancel(): canceling Mon Dec 17 03:05:25 UTC 2018
auto.tcl: Setting watchdog for 200 seconds at Mon Dec 17 03:05:25 UTC 2018
2 ms. Memory: 208384K Free: 196033K (94%)
ptolemy.util.test.WatchDog.cancel(): canceling Mon Dec 17 03:05:25 UTC 2018
------------------ testing $PTII/ptolemy/domains/de/test/auto/DepthTest5.xml
auto.tcl: Setting watchdog for 200 seconds at Mon Dec 17 03:05:25 UTC 2018
5 ms. Memory: 208384K Free: 195980K (94%)
ptolemy.util.test.WatchDog.cancel(): canceling Mon Dec 17 03:05:25 UTC 2018
auto.tcl: Setting watchdog for 200 seconds at Mon Dec 17 03:05:25 UTC 2018
2 ms. Memory: 208384K Free: 195980K (94%)
ptolemy.util.test.WatchDog.cancel(): canceling Mon Dec 17 03:05:25 UTC 2018
------------------ testing $PTII/ptolemy/domains/de/test/auto/DepthTest6.xml
auto.tcl: Setting watchdog for 200 seconds at Mon Dec 17 03:05:25 UTC 2018
13 ms. Memory: 208384K Free: 196294K (94%)
ptolemy.util.test.WatchDog.cancel(): canceling Mon Dec 17 03:05:25 UTC 2018
auto.tcl: Setting watchdog for 200 seconds at Mon Dec 17 03:05:25 UTC 2018
3 ms. Memory: 208384K Free: 196294K (94%)
ptolemy.util.test.WatchDog.cancel(): canceling Mon Dec 17 03:05:25 UTC 2018
------------------ testing $PTII/ptolemy/domains/de/test/auto/DepthTest7.xml
auto.tcl: Setting watchdog for 200 seconds at Mon Dec 17 03:05:25 UTC 2018
2 ms. Memory: 208384K Free: 195938K (94%)
ptolemy.util.test.WatchDog.cancel(): canceling Mon Dec 17 03:05:25 UTC 2018
auto.tcl: Setting watchdog for 200 seconds at Mon Dec 17 03:05:25 UTC 2018
2 ms. Memory: 208384K Free: 195938K (94%)
ptolemy.util.test.WatchDog.cancel(): canceling Mon Dec 17 03:05:25 UTC 2018
------------------ testing $PTII/ptolemy/domains/de/test/auto/EventToDate.xml
auto.tcl: Setting watchdog for 200 seconds at Mon Dec 17 03:05:25 UTC 2018
3006 ms. Memory: 208384K Free: 185508K (89%)
ptolemy.util.test.WatchDog.cancel(): canceling Mon Dec 17 03:05:28 UTC 2018
auto.tcl: Setting watchdog for 200 seconds at Mon Dec 17 03:05:28 UTC 2018
3005 ms. Memory: 208384K Free: 185508K (89%)
ptolemy.util.test.WatchDog.cancel(): canceling Mon Dec 17 03:05:31 UTC 2018
------------------ testing $PTII/ptolemy/domains/de/test/auto/FSM1.xml
auto.tcl: Setting watchdog for 200 seconds at Mon Dec 17 03:05:31 UTC 2018
20 ms. Memory: 208384K Free: 188953K (91%)
ptolemy.util.test.WatchDog.cancel(): canceling Mon Dec 17 03:05:32 UTC 2018
auto.tcl: Setting watchdog for 200 seconds at Mon Dec 17 03:05:32 UTC 2018
15 ms. Memory: 208384K Free: 184773K (89%)
ptolemy.util.test.WatchDog.cancel(): canceling Mon Dec 17 03:05:32 UTC 2018
------------------ testing $PTII/ptolemy/domains/de/test/auto/FSM7.xml
auto.tcl: Setting watchdog for 200 seconds at Mon Dec 17 03:05:32 UTC 2018
29 ms. Memory: 208384K Free: 187073K (90%)
ptolemy.util.test.WatchDog.cancel(): canceling Mon Dec 17 03:05:32 UTC 2018
auto.tcl: Setting watchdog for 200 seconds at Mon Dec 17 03:05:32 UTC 2018
26 ms. Memory: 208384K Free: 184966K (89%)
ptolemy.util.test.WatchDog.cancel(): canceling Mon Dec 17 03:05:32 UTC 2018
------------------ testing $PTII/ptolemy/domains/de/test/auto/Inspection.xml
auto.tcl: Setting watchdog for 200 seconds at Mon Dec 17 03:05:32 UTC 2018
42 ms. Memory: 208384K Free: 188613K (91%)
ptolemy.util.test.WatchDog.cancel(): canceling Mon Dec 17 03:05:32 UTC 2018
auto.tcl: Setting watchdog for 200 seconds at Mon Dec 17 03:05:32 UTC 2018
30 ms. Memory: 208384K Free: 186507K (90%)
ptolemy.util.test.WatchDog.cancel(): canceling Mon Dec 17 03:05:32 UTC 2018
------------------ testing $PTII/ptolemy/domains/de/test/auto/Iteration.xml
auto.tcl: Setting watchdog for 200 seconds at Mon Dec 17 03:05:32 UTC 2018
11 ms. Memory: 208384K Free: 195724K (94%)
ptolemy.util.test.WatchDog.cancel(): canceling Mon Dec 17 03:05:32 UTC 2018
auto.tcl: Setting watchdog for 200 seconds at Mon Dec 17 03:05:32 UTC 2018
6 ms. Memory: 208384K Free: 193618K (93%)
ptolemy.util.test.WatchDog.cancel(): canceling Mon Dec 17 03:05:32 UTC 2018
------------------ testing $PTII/ptolemy/domains/de/test/auto/LineFault.xml
auto.tcl: Setting watchdog for 200 seconds at Mon Dec 17 03:05:32 UTC 2018
693 ms. Memory: 208384K Free: 195937K (94%)
ptolemy.util.test.WatchDog.cancel(): canceling Mon Dec 17 03:05:33 UTC 2018
auto.tcl: Setting watchdog for 200 seconds at Mon Dec 17 03:05:33 UTC 2018
613 ms. Memory: 208384K Free: 138747K (67%)
ptolemy.util.test.WatchDog.cancel(): canceling Mon Dec 17 03:05:34 UTC 2018
------------------ testing $PTII/ptolemy/domains/de/test/auto/MergeModel1Add.xml
auto.tcl: Setting watchdog for 200 seconds at Mon Dec 17 03:05:34 UTC 2018
24 ms. Memory: 331264K Free: 298533K (90%)
ptolemy.util.test.WatchDog.cancel(): canceling Mon Dec 17 03:05:34 UTC 2018
auto.tcl: Setting watchdog for 200 seconds at Mon Dec 17 03:05:34 UTC 2018
10 ms. Memory: 331264K Free: 298533K (90%)
ptolemy.util.test.WatchDog.cancel(): canceling Mon Dec 17 03:05:34 UTC 2018
------------------ testing $PTII/ptolemy/domains/de/test/auto/MergeModel2Add.xml
auto.tcl: Setting watchdog for 200 seconds at Mon Dec 17 03:05:34 UTC 2018
11 ms. Memory: 331264K Free: 303827K (92%)
ptolemy.util.test.WatchDog.cancel(): canceling Mon Dec 17 03:05:34 UTC 2018
auto.tcl: Setting watchdog for 200 seconds at Mon Dec 17 03:05:34 UTC 2018
10 ms. Memory: 331264K Free: 299871K (91%)
ptolemy.util.test.WatchDog.cancel(): canceling Mon Dec 17 03:05:34 UTC 2018
------------------ testing $PTII/ptolemy/domains/de/test/auto/MergeModel3Add.xml
auto.tcl: Setting watchdog for 200 seconds at Mon Dec 17 03:05:34 UTC 2018
11 ms. Memory: 331264K Free: 303829K (92%)
ptolemy.util.test.WatchDog.cancel(): canceling Mon Dec 17 03:05:34 UTC 2018
auto.tcl: Setting watchdog for 200 seconds at Mon Dec 17 03:05:34 UTC 2018
8 ms. Memory: 331264K Free: 299889K (91%)
ptolemy.util.test.WatchDog.cancel(): canceling Mon Dec 17 03:05:34 UTC 2018
------------------ testing $PTII/ptolemy/domains/de/test/auto/MergeWithoutDiscard.xml
auto.tcl: Setting watchdog for 200 seconds at Mon Dec 17 03:05:34 UTC 2018
6 ms. Memory: 331264K Free: 319617K (96%)
ptolemy.util.test.WatchDog.cancel(): canceling Mon Dec 17 03:05:34 UTC 2018
auto.tcl: Setting watchdog for 200 seconds at Mon Dec 17 03:05:34 UTC 2018
2 ms. Memory: 331264K Free: 315677K (95%)
ptolemy.util.test.WatchDog.cancel(): canceling Mon Dec 17 03:05:34 UTC 2018
------------------ testing $PTII/ptolemy/domains/de/test/auto/Modal1.xml
auto.tcl: Setting watchdog for 200 seconds at Mon Dec 17 03:05:34 UTC 2018
10 ms. Memory: 331264K Free: 309570K (93%)
ptolemy.util.test.WatchDog.cancel(): canceling Mon Dec 17 03:05:34 UTC 2018
auto.tcl: Setting watchdog for 200 seconds at Mon Dec 17 03:05:34 UTC 2018
22 ms. Memory: 331264K Free: 305614K (92%)
ptolemy.util.test.WatchDog.cancel(): canceling Mon Dec 17 03:05:34 UTC 2018
------------------ testing $PTII/ptolemy/domains/de/test/auto/Modal2.xml
auto.tcl: Setting watchdog for 200 seconds at Mon Dec 17 03:05:34 UTC 2018
11 ms. Memory: 331264K Free: 309451K (93%)
ptolemy.util.test.WatchDog.cancel(): canceling Mon Dec 17 03:05:34 UTC 2018
auto.tcl: Setting watchdog for 200 seconds at Mon Dec 17 03:05:34 UTC 2018
11 ms. Memory: 331264K Free: 305495K (92%)
ptolemy.util.test.WatchDog.cancel(): canceling Mon Dec 17 03:05:34 UTC 2018
------------------ testing $PTII/ptolemy/domains/de/test/auto/Modal3.xml
auto.tcl: Setting watchdog for 200 seconds at Mon Dec 17 03:05:34 UTC 2018
17 ms. Memory: 331264K Free: 304518K (92%)
ptolemy.util.test.WatchDog.cancel(): canceling Mon Dec 17 03:05:34 UTC 2018
auto.tcl: Setting watchdog for 200 seconds at Mon Dec 17 03:05:34 UTC 2018
15 ms. Memory: 331264K Free: 300562K (91%)
ptolemy.util.test.WatchDog.cancel(): canceling Mon Dec 17 03:05:34 UTC 2018
------------------ testing $PTII/ptolemy/domains/de/test/auto/Modal4.xml
auto.tcl: Setting watchdog for 200 seconds at Mon Dec 17 03:05:34 UTC 2018
12 ms. Memory: 331264K Free: 309463K (93%)
ptolemy.util.test.WatchDog.cancel(): canceling Mon Dec 17 03:05:34 UTC 2018
auto.tcl: Setting watchdog for 200 seconds at Mon Dec 17 03:05:34 UTC 2018
12 ms. Memory: 331264K Free: 305507K (92%)
ptolemy.util.test.WatchDog.cancel(): canceling Mon Dec 17 03:05:34 UTC 2018
------------------ testing $PTII/ptolemy/domains/de/test/auto/Modal5.xml
auto.tcl: Setting watchdog for 200 seconds at Mon Dec 17 03:05:35 UTC 2018
11 ms. Memory: 331264K Free: 309450K (93%)
ptolemy.util.test.WatchDog.cancel(): canceling Mon Dec 17 03:05:35 UTC 2018
auto.tcl: Setting watchdog for 200 seconds at Mon Dec 17 03:05:35 UTC 2018
12 ms. Memory: 331264K Free: 305494K (92%)
ptolemy.util.test.WatchDog.cancel(): canceling Mon Dec 17 03:05:35 UTC 2018
------------------ testing $PTII/ptolemy/domains/de/test/auto/Modal6.xml
auto.tcl: Setting watchdog for 200 seconds at Mon Dec 17 03:05:35 UTC 2018
14 ms. Memory: 331264K Free: 309447K (93%)
ptolemy.util.test.WatchDog.cancel(): canceling Mon Dec 17 03:05:35 UTC 2018
auto.tcl: Setting watchdog for 200 seconds at Mon Dec 17 03:05:35 UTC 2018
16 ms. Memory: 331264K Free: 305507K (92%)
ptolemy.util.test.WatchDog.cancel(): canceling Mon Dec 17 03:05:35 UTC 2018
------------------ testing $PTII/ptolemy/domains/de/test/auto/Modal7.xml
auto.tcl: Setting watchdog for 200 seconds at Mon Dec 17 03:05:35 UTC 2018
17 ms. Memory: 331264K Free: 309416K (93%)
ptolemy.util.test.WatchDog.cancel(): canceling Mon Dec 17 03:05:35 UTC 2018
auto.tcl: Setting watchdog for 200 seconds at Mon Dec 17 03:05:35 UTC 2018
11 ms. Memory: 331264K Free: 305476K (92%)
ptolemy.util.test.WatchDog.cancel(): canceling Mon Dec 17 03:05:35 UTC 2018
------------------ testing $PTII/ptolemy/domains/de/test/auto/ModalModel.xml
auto.tcl: Setting watchdog for 200 seconds at Mon Dec 17 03:05:35 UTC 2018
202 ms. Memory: 331264K Free: 248235K (75%)
ptolemy.util.test.WatchDog.cancel(): canceling Mon Dec 17 03:05:35 UTC 2018
auto.tcl: Setting watchdog for 200 seconds at Mon Dec 17 03:05:35 UTC 2018
180 ms. Memory: 331264K Free: 192924K (58%)
ptolemy.util.test.WatchDog.cancel(): canceling Mon Dec 17 03:05:35 UTC 2018
------------------ testing $PTII/ptolemy/domains/de/test/auto/ModalSource.xml
auto.tcl: Setting watchdog for 200 seconds at Mon Dec 17 03:05:35 UTC 2018
9 ms. Memory: 331264K Free: 316173K (95%)
ptolemy.util.test.WatchDog.cancel(): canceling Mon Dec 17 03:05:35 UTC 2018
auto.tcl: Setting watchdog for 200 seconds at Mon Dec 17 03:05:35 UTC 2018
5 ms. Memory: 331264K Free: 312646K (94%)
ptolemy.util.test.WatchDog.cancel(): canceling Mon Dec 17 03:05:35 UTC 2018
------------------ testing $PTII/ptolemy/domains/de/test/auto/NonInterruptibleTimerZeroDelay.xml
auto.tcl: Setting watchdog for 200 seconds at Mon Dec 17 03:05:35 UTC 2018
4 ms. Memory: 331264K Free: 320553K (97%)
ptolemy.util.test.WatchDog.cancel(): canceling Mon Dec 17 03:05:35 UTC 2018
auto.tcl: Setting watchdog for 200 seconds at Mon Dec 17 03:05:35 UTC 2018
2 ms. Memory: 331264K Free: 317011K (96%)
ptolemy.util.test.WatchDog.cancel(): canceling Mon Dec 17 03:05:35 UTC 2018
------------------ testing $PTII/ptolemy/domains/de/test/auto/OpenQueueingNetwork.xml
auto.tcl: Setting watchdog for 200 seconds at Mon Dec 17 03:05:35 UTC 2018
2818 ms. Memory: 573952K Free: 397927K (69%)
ptolemy.util.test.WatchDog.cancel(): canceling Mon Dec 17 03:05:38 UTC 2018
auto.tcl: Setting watchdog for 200 seconds at Mon Dec 17 03:05:38 UTC 2018
2508 ms. Memory: 574464K Free: 321096K (56%)
ptolemy.util.test.WatchDog.cancel(): canceling Mon Dec 17 03:05:41 UTC 2018
------------------ testing $PTII/ptolemy/domains/de/test/auto/OpenQueuingNetwork.xml
auto.tcl: Setting watchdog for 200 seconds at Mon Dec 17 03:05:41 UTC 2018
248 ms. Memory: 1064960K Free: 938016K (88%)
ptolemy.util.test.WatchDog.cancel(): canceling Mon Dec 17 03:05:41 UTC 2018
auto.tcl: Setting watchdog for 200 seconds at Mon Dec 17 03:05:41 UTC 2018
237 ms. Memory: 1064960K Free: 882006K (83%)
ptolemy.util.test.WatchDog.cancel(): canceling Mon Dec 17 03:05:42 UTC 2018
------------------ testing $PTII/ptolemy/domains/de/test/auto/PeriodicSampler.xml
auto.tcl: Setting watchdog for 200 seconds at Mon Dec 17 03:05:42 UTC 2018
3 ms. Memory: 1065472K Free: 1026504K (96%)
ptolemy.util.test.WatchDog.cancel(): canceling Mon Dec 17 03:05:42 UTC 2018
auto.tcl: Setting watchdog for 200 seconds at Mon Dec 17 03:05:42 UTC 2018
2 ms. Memory: 1065472K Free: 1026504K (96%)
ptolemy.util.test.WatchDog.cancel(): canceling Mon Dec 17 03:05:42 UTC 2018
------------------ testing $PTII/ptolemy/domains/de/test/auto/PersistentIO.xml
auto.tcl: Setting watchdog for 200 seconds at Mon Dec 17 03:05:42 UTC 2018
4 ms. Memory: 1065472K Free: 1027086K (96%)
ptolemy.util.test.WatchDog.cancel(): canceling Mon Dec 17 03:05:42 UTC 2018
auto.tcl: Setting watchdog for 200 seconds at Mon Dec 17 03:05:42 UTC 2018
4 ms. Memory: 1065472K Free: 1027086K (96%)
ptolemy.util.test.WatchDog.cancel(): canceling Mon Dec 17 03:05:42 UTC 2018
------------------ testing $PTII/ptolemy/domains/de/test/auto/PortParameterResetOnInitialize.xml
auto.tcl: Setting watchdog for 200 seconds at Mon Dec 17 03:05:42 UTC 2018
2 ms. Memory: 1065472K Free: 1026465K (96%)
ptolemy.util.test.WatchDog.cancel(): canceling Mon Dec 17 03:05:42 UTC 2018
auto.tcl: Setting watchdog for 200 seconds at Mon Dec 17 03:05:42 UTC 2018
2 ms. Memory: 1065472K Free: 1026465K (96%)
ptolemy.util.test.WatchDog.cancel(): canceling Mon Dec 17 03:05:42 UTC 2018
------------------ testing $PTII/ptolemy/domains/de/test/auto/PortParameterUpdates.xml
auto.tcl: Setting watchdog for 200 seconds at Mon Dec 17 03:05:42 UTC 2018
3 ms. Memory: 1065472K Free: 1036900K (97%)
ptolemy.util.test.WatchDog.cancel(): canceling Mon Dec 17 03:05:42 UTC 2018
auto.tcl: Setting watchdog for 200 seconds at Mon Dec 17 03:05:42 UTC 2018
3 ms. Memory: 1065472K Free: 1036900K (97%)
ptolemy.util.test.WatchDog.cancel(): canceling Mon Dec 17 03:05:42 UTC 2018
------------------ testing $PTII/ptolemy/domains/de/test/auto/QueueAndServer.xml
auto.tcl: Setting watchdog for 200 seconds at Mon Dec 17 03:05:42 UTC 2018
12 ms. Memory: 1065472K Free: 1036382K (97%)
ptolemy.util.test.WatchDog.cancel(): canceling Mon Dec 17 03:05:42 UTC 2018
auto.tcl: Setting watchdog for 200 seconds at Mon Dec 17 03:05:42 UTC 2018
6 ms. Memory: 1065472K Free: 1036382K (97%)
ptolemy.util.test.WatchDog.cancel(): canceling Mon Dec 17 03:05:42 UTC 2018
------------------ testing $PTII/ptolemy/domains/de/test/auto/Records.xml
auto.tcl: Setting watchdog for 200 seconds at Mon Dec 17 03:05:42 UTC 2018
4 ms. Memory: 1065472K Free: 1036324K (97%)
ptolemy.util.test.WatchDog.cancel(): canceling Mon Dec 17 03:05:42 UTC 2018
auto.tcl: Setting watchdog for 200 seconds at Mon Dec 17 03:05:42 UTC 2018
2 ms. Memory: 1065472K Free: 1036324K (97%)
ptolemy.util.test.WatchDog.cancel(): canceling Mon Dec 17 03:05:42 UTC 2018
------------------ testing $PTII/ptolemy/domains/de/test/auto/ResetTransitionWithStartTime1.xml
auto.tcl: Setting watchdog for 200 seconds at Mon Dec 17 03:05:42 UTC 2018
14 ms. Memory: 1065472K Free: 1036349K (97%)
ptolemy.util.test.WatchDog.cancel(): canceling Mon Dec 17 03:05:42 UTC 2018
auto.tcl: Setting watchdog for 200 seconds at Mon Dec 17 03:05:42 UTC 2018
6 ms. Memory: 1065472K Free: 1036349K (97%)
ptolemy.util.test.WatchDog.cancel(): canceling Mon Dec 17 03:05:42 UTC 2018
------------------ testing $PTII/ptolemy/domains/de/test/auto/ResetTransitionWithStartTime2.xml
auto.tcl: Setting watchdog for 200 seconds at Mon Dec 17 03:05:42 UTC 2018
7 ms. Memory: 1064448K Free: 1035798K (97%)
ptolemy.util.test.WatchDog.cancel(): canceling Mon Dec 17 03:05:42 UTC 2018
auto.tcl: Setting watchdog for 200 seconds at Mon Dec 17 03:05:42 UTC 2018
5 ms. Memory: 1064448K Free: 1035798K (97%)
ptolemy.util.test.WatchDog.cancel(): canceling Mon Dec 17 03:05:42 UTC 2018
------------------ testing $PTII/ptolemy/domains/de/test/auto/ResetTransitionWithStartTime3.xml
auto.tcl: Setting watchdog for 200 seconds at Mon Dec 17 03:05:42 UTC 2018
10 ms. Memory: 1064960K Free: 1036309K (97%)
ptolemy.util.test.WatchDog.cancel(): canceling Mon Dec 17 03:05:42 UTC 2018
auto.tcl: Setting watchdog for 200 seconds at Mon Dec 17 03:05:42 UTC 2018
5 ms. Memory: 1064960K Free: 1035826K (97%)
ptolemy.util.test.WatchDog.cancel(): canceling Mon Dec 17 03:05:42 UTC 2018
------------------ testing $PTII/ptolemy/domains/de/test/auto/ResetTransitionWithStartTime4.xml
auto.tcl: Setting watchdog for 200 seconds at Mon Dec 17 03:05:42 UTC 2018
3 ms. Memory: 1064960K Free: 1035824K (97%)
ptolemy.util.test.WatchDog.cancel(): canceling Mon Dec 17 03:05:42 UTC 2018
auto.tcl: Setting watchdog for 200 seconds at Mon Dec 17 03:05:42 UTC 2018
3 ms. Memory: 1064960K Free: 1035824K (97%)
ptolemy.util.test.WatchDog.cancel(): canceling Mon Dec 17 03:05:42 UTC 2018
------------------ testing $PTII/ptolemy/domains/de/test/auto/ResettableTimer1.xml
auto.tcl: Setting watchdog for 200 seconds at Mon Dec 17 03:05:42 UTC 2018
3 ms. Memory: 1064960K Free: 1035820K (97%)
ptolemy.util.test.WatchDog.cancel(): canceling Mon Dec 17 03:05:42 UTC 2018
auto.tcl: Setting watchdog for 200 seconds at Mon Dec 17 03:05:42 UTC 2018
2 ms. Memory: 1064960K Free: 1035820K (97%)
ptolemy.util.test.WatchDog.cancel(): canceling Mon Dec 17 03:05:42 UTC 2018
------------------ testing $PTII/ptolemy/domains/de/test/auto/ResettableTimer2.xml
auto.tcl: Setting watchdog for 200 seconds at Mon Dec 17 03:05:42 UTC 2018
3 ms. Memory: 1064960K Free: 1036360K (97%)
ptolemy.util.test.WatchDog.cancel(): canceling Mon Dec 17 03:05:42 UTC 2018
auto.tcl: Setting watchdog for 200 seconds at Mon Dec 17 03:05:42 UTC 2018
3 ms. Memory: 1064960K Free: 1036360K (97%)
ptolemy.util.test.WatchDog.cancel(): canceling Mon Dec 17 03:05:42 UTC 2018
------------------ testing $PTII/ptolemy/domains/de/test/auto/ResettableTimer3.xml
auto.tcl: Setting watchdog for 200 seconds at Mon Dec 17 03:05:43 UTC 2018
2 ms. Memory: 1064960K Free: 1035878K (97%)
ptolemy.util.test.WatchDog.cancel(): canceling Mon Dec 17 03:05:43 UTC 2018
auto.tcl: Setting watchdog for 200 seconds at Mon Dec 17 03:05:43 UTC 2018
1 ms. Memory: 1064960K Free: 1035878K (97%)
ptolemy.util.test.WatchDog.cancel(): canceling Mon Dec 17 03:05:43 UTC 2018
------------------ testing $PTII/ptolemy/domains/de/test/auto/ResettableTimer4.xml
auto.tcl: Setting watchdog for 200 seconds at Mon Dec 17 03:05:43 UTC 2018
1 ms. Memory: 1063936K Free: 1035348K (97%)
ptolemy.util.test.WatchDog.cancel(): canceling Mon Dec 17 03:05:43 UTC 2018
auto.tcl: Setting watchdog for 200 seconds at Mon Dec 17 03:05:43 UTC 2018
1 ms. Memory: 1063936K Free: 1035348K (97%)
ptolemy.util.test.WatchDog.cancel(): canceling Mon Dec 17 03:05:43 UTC 2018
------------------ testing $PTII/ptolemy/domains/de/test/auto/ResettableTimer5.xml
auto.tcl: Setting watchdog for 200 seconds at Mon Dec 17 03:05:43 UTC 2018
1 ms. Memory: 1064448K Free: 1026039K (96%)
ptolemy.util.test.WatchDog.cancel(): canceling Mon Dec 17 03:05:43 UTC 2018
auto.tcl: Setting watchdog for 200 seconds at Mon Dec 17 03:05:43 UTC 2018
1 ms. Memory: 1064448K Free: 1026039K (96%)
ptolemy.util.test.WatchDog.cancel(): canceling Mon Dec 17 03:05:43 UTC 2018
------------------ testing $PTII/ptolemy/domains/de/test/auto/ResettableTimer6.xml
auto.tcl: Setting watchdog for 200 seconds at Mon Dec 17 03:05:43 UTC 2018
5 ms. Memory: 1064448K Free: 1025506K (96%)
ptolemy.util.test.WatchDog.cancel(): canceling Mon Dec 17 03:05:43 UTC 2018
auto.tcl: Setting watchdog for 200 seconds at Mon Dec 17 03:05:43 UTC 2018
1 ms. Memory: 1064448K Free: 1025506K (96%)
ptolemy.util.test.WatchDog.cancel(): canceling Mon Dec 17 03:05:43 UTC 2018
------------------ testing $PTII/ptolemy/domains/de/test/auto/ServerZeroDelay.xml
auto.tcl: Setting watchdog for 200 seconds at Mon Dec 17 03:05:43 UTC 2018
4 ms. Memory: 1064448K Free: 1035799K (97%)
ptolemy.util.test.WatchDog.cancel(): canceling Mon Dec 17 03:05:43 UTC 2018
auto.tcl: Setting watchdog for 200 seconds at Mon Dec 17 03:05:43 UTC 2018
3 ms. Memory: 1064448K Free: 1035799K (97%)
ptolemy.util.test.WatchDog.cancel(): canceling Mon Dec 17 03:05:43 UTC 2018
------------------ testing $PTII/ptolemy/domains/de/test/auto/SmartSender.xml
auto.tcl: Setting watchdog for 200 seconds at Mon Dec 17 03:05:43 UTC 2018
3002 ms. Memory: 1064448K Free: 1025974K (96%)
ptolemy.util.test.WatchDog.cancel(): canceling Mon Dec 17 03:05:46 UTC 2018
auto.tcl: Setting watchdog for 200 seconds at Mon Dec 17 03:05:46 UTC 2018
3001 ms. Memory: 1064448K Free: 1025974K (96%)
ptolemy.util.test.WatchDog.cancel(): canceling Mon Dec 17 03:05:49 UTC 2018
------------------ testing $PTII/ptolemy/domains/de/test/auto/ThreadedComposite.xml
auto.tcl: Setting watchdog for 200 seconds at Mon Dec 17 03:05:49 UTC 2018
198 ms. Memory: 1064448K Free: 986224K (93%)
ptolemy.util.test.WatchDog.cancel(): canceling Mon Dec 17 03:05:49 UTC 2018
auto.tcl: Setting watchdog for 200 seconds at Mon Dec 17 03:05:49 UTC 2018
105 ms. Memory: 1064448K Free: 952566K (89%)
ptolemy.util.test.WatchDog.cancel(): canceling Mon Dec 17 03:05:49 UTC 2018
------------------ testing $PTII/ptolemy/domains/de/test/auto/Time.xml
auto.tcl: Setting watchdog for 200 seconds at Mon Dec 17 03:05:49 UTC 2018
493 ms. Memory: 1064448K Free: 985934K (93%)
ptolemy.util.test.WatchDog.cancel(): canceling Mon Dec 17 03:05:50 UTC 2018
auto.tcl: Setting watchdog for 200 seconds at Mon Dec 17 03:05:50 UTC 2018
478 ms. Memory: 1064448K Free: 929895K (87%)
ptolemy.util.test.WatchDog.cancel(): canceling Mon Dec 17 03:05:50 UTC 2018
------------------ testing $PTII/ptolemy/domains/de/test/auto/TimeDelayZeroDelay.xml
auto.tcl: Setting watchdog for 200 seconds at Mon Dec 17 03:05:50 UTC 2018
2 ms. Memory: 1064448K Free: 1035231K (97%)
ptolemy.util.test.WatchDog.cancel(): canceling Mon Dec 17 03:05:50 UTC 2018
auto.tcl: Setting watchdog for 200 seconds at Mon Dec 17 03:05:50 UTC 2018
1 ms. Memory: 1064448K Free: 1035231K (97%)
ptolemy.util.test.WatchDog.cancel(): canceling Mon Dec 17 03:05:50 UTC 2018
------------------ testing $PTII/ptolemy/domains/de/test/auto/TimerZeroDelay.xml
auto.tcl: Setting watchdog for 200 seconds at Mon Dec 17 03:05:50 UTC 2018
2 ms. Memory: 1063424K Free: 1034734K (97%)
ptolemy.util.test.WatchDog.cancel(): canceling Mon Dec 17 03:05:50 UTC 2018
auto.tcl: Setting watchdog for 200 seconds at Mon Dec 17 03:05:50 UTC 2018
2 ms. Memory: 1063424K Free: 1034734K (97%)
ptolemy.util.test.WatchDog.cancel(): canceling Mon Dec 17 03:05:50 UTC 2018
------------------ testing $PTII/ptolemy/domains/de/test/auto/TimingParadox.xml
auto.tcl: Setting watchdog for 200 seconds at Mon Dec 17 03:05:50 UTC 2018
323 ms. Memory: 1063936K Free: 977251K (92%)
ptolemy.util.test.WatchDog.cancel(): canceling Mon Dec 17 03:05:51 UTC 2018
auto.tcl: Setting watchdog for 200 seconds at Mon Dec 17 03:05:51 UTC 2018
291 ms. Memory: 1063936K Free: 935221K (88%)
ptolemy.util.test.WatchDog.cancel(): canceling Mon Dec 17 03:05:51 UTC 2018
------------------ testing $PTII/ptolemy/domains/de/test/auto/TransferInputs.xml
auto.tcl: Setting watchdog for 200 seconds at Mon Dec 17 03:05:51 UTC 2018
2 ms. Memory: 1063424K Free: 1033650K (97%)
ptolemy.util.test.WatchDog.cancel(): canceling Mon Dec 17 03:05:51 UTC 2018
auto.tcl: Setting watchdog for 200 seconds at Mon Dec 17 03:05:51 UTC 2018
2 ms. Memory: 1063424K Free: 1033650K (97%)
ptolemy.util.test.WatchDog.cancel(): canceling Mon Dec 17 03:05:51 UTC 2018
------------------ testing $PTII/ptolemy/domains/de/test/auto/TransferOutputs2.xml
auto.tcl: Setting watchdog for 200 seconds at Mon Dec 17 03:05:51 UTC 2018
3 ms. Memory: 1063936K Free: 1035264K (97%)
ptolemy.util.test.WatchDog.cancel(): canceling Mon Dec 17 03:05:51 UTC 2018
auto.tcl: Setting watchdog for 200 seconds at Mon Dec 17 03:05:51 UTC 2018
3 ms. Memory: 1063936K Free: 1035264K (97%)
ptolemy.util.test.WatchDog.cancel(): canceling Mon Dec 17 03:05:51 UTC 2018
------------------ testing $PTII/ptolemy/domains/de/test/auto/Trilateration.xml
auto.tcl: Setting watchdog for 200 seconds at Mon Dec 17 03:05:51 UTC 2018
14437 ms. Memory: 976384K Free: 910218K (93%)
ptolemy.util.test.WatchDog.cancel(): canceling Mon Dec 17 03:06:07 UTC 2018
auto.tcl: Setting watchdog for 200 seconds at Mon Dec 17 03:06:07 UTC 2018
12256 ms. Memory: 849408K Free: 723434K (85%)
ptolemy.util.test.WatchDog.cancel(): canceling Mon Dec 17 03:06:19 UTC 2018
------------------ testing $PTII/ptolemy/domains/de/test/auto/TwoSigmaDelta.xml
auto.tcl: Setting watchdog for 200 seconds at Mon Dec 17 03:06:19 UTC 2018
2716 ms. Memory: 853504K Free: 548306K (64%)
ptolemy.util.test.WatchDog.cancel(): canceling Mon Dec 17 03:06:22 UTC 2018
auto.tcl: Setting watchdog for 200 seconds at Mon Dec 17 03:06:22 UTC 2018
2097 ms. Memory: 853504K Free: 318159K (37%)
ptolemy.util.test.WatchDog.cancel(): canceling Mon Dec 17 03:06:24 UTC 2018
------------------ testing $PTII/ptolemy/domains/de/test/auto/VariableDelay.xml
auto.tcl: Setting watchdog for 200 seconds at Mon Dec 17 03:06:24 UTC 2018
3 ms. Memory: 849920K Free: 825461K (97%)
ptolemy.util.test.WatchDog.cancel(): canceling Mon Dec 17 03:06:24 UTC 2018
auto.tcl: Setting watchdog for 200 seconds at Mon Dec 17 03:06:24 UTC 2018
2 ms. Memory: 849920K Free: 825461K (97%)
ptolemy.util.test.WatchDog.cancel(): canceling Mon Dec 17 03:06:24 UTC 2018
------------------ testing $PTII/ptolemy/domains/de/test/auto/VariableDelay2.xml
auto.tcl: Setting watchdog for 200 seconds at Mon Dec 17 03:06:24 UTC 2018
4 ms. Memory: 849408K Free: 825406K (97%)
ptolemy.util.test.WatchDog.cancel(): canceling Mon Dec 17 03:06:24 UTC 2018
auto.tcl: Setting watchdog for 200 seconds at Mon Dec 17 03:06:24 UTC 2018
2 ms. Memory: 849408K Free: 825406K (97%)
ptolemy.util.test.WatchDog.cancel(): canceling Mon Dec 17 03:06:24 UTC 2018
------------------ testing $PTII/ptolemy/domains/de/test/auto/VariableDelayZeroDelay.xml
auto.tcl: Setting watchdog for 200 seconds at Mon Dec 17 03:06:24 UTC 2018
2 ms. Memory: 849408K Free: 825405K (97%)
ptolemy.util.test.WatchDog.cancel(): canceling Mon Dec 17 03:06:24 UTC 2018
auto.tcl: Setting watchdog for 200 seconds at Mon Dec 17 03:06:24 UTC 2018
2 ms. Memory: 849408K Free: 825362K (97%)
ptolemy.util.test.WatchDog.cancel(): canceling Mon Dec 17 03:06:24 UTC 2018
------------------ testing $PTII/ptolemy/domains/de/test/auto/VariableDelayZeroDelay2.xml
auto.tcl: Setting watchdog for 200 seconds at Mon Dec 17 03:06:24 UTC 2018
2 ms. Memory: 852992K Free: 828988K (97%)
ptolemy.util.test.WatchDog.cancel(): canceling Mon Dec 17 03:06:24 UTC 2018
auto.tcl: Setting watchdog for 200 seconds at Mon Dec 17 03:06:24 UTC 2018
2 ms. Memory: 852992K Free: 828988K (97%)
ptolemy.util.test.WatchDog.cancel(): canceling Mon Dec 17 03:06:24 UTC 2018
------------------ testing $PTII/ptolemy/domains/de/test/auto/deInCt.xml
auto.tcl: Setting watchdog for 200 seconds at Mon Dec 17 03:06:24 UTC 2018
0
1
1
1
1
0
0
0
1
1
1
0
0
0
1
1
1
0
0
0
1
1
1
0
0
0
1
1
1
0
0
0
0
1
1
1
1
12 ms. Memory: 849408K Free: 817677K (96%)
ptolemy.util.test.WatchDog.cancel(): canceling Mon Dec 17 03:06:24 UTC 2018
auto.tcl: Setting watchdog for 200 seconds at Mon Dec 17 03:06:24 UTC 2018
0
1
1
1
0
0
0
1
1
1
1
0
0
0
1
1
1
0
0
0
1
1
1
0
0
0
1
1
1
1
0
0
0
0
1
1
1
0
0
1
1
1
1
1
4 ms. Memory: 849408K Free: 817677K (96%)
ptolemy.util.test.WatchDog.cancel(): canceling Mon Dec 17 03:06:24 UTC 2018
------------------ testing $PTII/ptolemy/domains/de/test/auto/deInCt2.xml
auto.tcl: Setting watchdog for 200 seconds at Mon Dec 17 03:06:24 UTC 2018
0
1
1
1
0
0
1
1
1
0
0
1
1
1
0
0
1
1
1
0
0
1
1
1
0
0
1
1
1
0
0
1
1
1
0
0
1
1
1
0
0
0
9 ms. Memory: 852480K Free: 828472K (97%)
ptolemy.util.test.WatchDog.cancel(): canceling Mon Dec 17 03:06:24 UTC 2018
auto.tcl: Setting watchdog for 200 seconds at Mon Dec 17 03:06:24 UTC 2018
0
1
1
1
0
0
1
1
1
0
0
1
1
1
0
0
1
1
1
0
0
1
1
1
0
0
1
1
1
0
0
1
1
1
0
0
1
1
1
0
0
0
10 ms. Memory: 852480K Free: 828472K (97%)
ptolemy.util.test.WatchDog.cancel(): canceling Mon Dec 17 03:06:24 UTC 2018
------------------ testing $PTII/ptolemy/domains/de/test/auto/dynamicCausalityInterface1.xml
auto.tcl: Setting watchdog for 200 seconds at Mon Dec 17 03:06:24 UTC 2018
1 ms. Memory: 849408K Free: 817716K (96%)
ptolemy.util.test.WatchDog.cancel(): canceling Mon Dec 17 03:06:24 UTC 2018
auto.tcl: Setting watchdog for 200 seconds at Mon Dec 17 03:06:24 UTC 2018
0 ms. Memory: 849408K Free: 817716K (96%)
ptolemy.util.test.WatchDog.cancel(): canceling Mon Dec 17 03:06:24 UTC 2018
------------------ testing $PTII/ptolemy/domains/de/test/auto/fsm_de_test.xml
auto.tcl: Setting watchdog for 200 seconds at Mon Dec 17 03:06:24 UTC 2018
6 ms. Memory: 851968K Free: 820171K (96%)
ptolemy.util.test.WatchDog.cancel(): canceling Mon Dec 17 03:06:25 UTC 2018
auto.tcl: Setting watchdog for 200 seconds at Mon Dec 17 03:06:25 UTC 2018
4 ms. Memory: 851968K Free: 820171K (96%)
ptolemy.util.test.WatchDog.cancel(): canceling Mon Dec 17 03:06:25 UTC 2018
------------------ testing $PTII/ptolemy/domains/de/test/auto/functionDependencyReconstruction.xml
auto.tcl: Setting watchdog for 200 seconds at Mon Dec 17 03:06:25 UTC 2018
2 ms. Memory: 849408K Free: 806275K (95%)
ptolemy.util.test.WatchDog.cancel(): canceling Mon Dec 17 03:06:25 UTC 2018
auto.tcl: Setting watchdog for 200 seconds at Mon Dec 17 03:06:25 UTC 2018
3 ms. Memory: 849408K Free: 806275K (95%)
ptolemy.util.test.WatchDog.cancel(): canceling Mon Dec 17 03:06:25 UTC 2018
------------------ testing $PTII/ptolemy/domains/de/test/auto/multirate.xml
auto.tcl: Setting watchdog for 200 seconds at Mon Dec 17 03:06:25 UTC 2018
3 ms. Memory: 851456K Free: 819525K (96%)
ptolemy.util.test.WatchDog.cancel(): canceling Mon Dec 17 03:06:25 UTC 2018
auto.tcl: Setting watchdog for 200 seconds at Mon Dec 17 03:06:25 UTC 2018
3 ms. Memory: 851456K Free: 819525K (96%)
ptolemy.util.test.WatchDog.cancel(): canceling Mon Dec 17 03:06:25 UTC 2018
------------------ testing $PTII/ptolemy/domains/de/test/auto/multirate2.xml
auto.tcl: Setting watchdog for 200 seconds at Mon Dec 17 03:06:25 UTC 2018
2 ms. Memory: 849408K Free: 817666K (96%)
ptolemy.util.test.WatchDog.cancel(): canceling Mon Dec 17 03:06:25 UTC 2018
auto.tcl: Setting watchdog for 200 seconds at Mon Dec 17 03:06:25 UTC 2018
3 ms. Memory: 849408K Free: 817666K (96%)
ptolemy.util.test.WatchDog.cancel(): canceling Mon Dec 17 03:06:25 UTC 2018
------------------ testing $PTII/ptolemy/domains/de/test/auto/realtime.xml
auto.tcl: Setting watchdog for 200 seconds at Mon Dec 17 03:06:25 UTC 2018
10001 ms. Memory: 851456K Free: 819669K (96%)
ptolemy.util.test.WatchDog.cancel(): canceling Mon Dec 17 03:06:35 UTC 2018
auto.tcl: Setting watchdog for 200 seconds at Mon Dec 17 03:06:35 UTC 2018
10001 ms. Memory: 851456K Free: 819669K (96%)
ptolemy.util.test.WatchDog.cancel(): canceling Mon Dec 17 03:06:45 UTC 2018
------------------ testing $PTII/ptolemy/domains/de/test/auto/relationGroup.xml
auto.tcl: Setting watchdog for 200 seconds at Mon Dec 17 03:06:45 UTC 2018
1 ms. Memory: 849408K Free: 817691K (96%)
ptolemy.util.test.WatchDog.cancel(): canceling Mon Dec 17 03:06:45 UTC 2018
auto.tcl: Setting watchdog for 200 seconds at Mon Dec 17 03:06:45 UTC 2018
2 ms. Memory: 849408K Free: 817691K (96%)
ptolemy.util.test.WatchDog.cancel(): canceling Mon Dec 17 03:06:45 UTC 2018
------------------ testing $PTII/ptolemy/domains/de/test/auto/relationGroup2.xml
auto.tcl: Setting watchdog for 200 seconds at Mon Dec 17 03:06:45 UTC 2018
3 ms. Memory: 850944K Free: 819253K (96%)
ptolemy.util.test.WatchDog.cancel(): canceling Mon Dec 17 03:06:45 UTC 2018
auto.tcl: Setting watchdog for 200 seconds at Mon Dec 17 03:06:45 UTC 2018
1 ms. Memory: 850944K Free: 819253K (96%)
ptolemy.util.test.WatchDog.cancel(): canceling Mon Dec 17 03:06:45 UTC 2018
------------------ testing $PTII/ptolemy/domains/de/test/auto/sortWithOpaquePorts.xml
auto.tcl: Setting watchdog for 200 seconds at Mon Dec 17 03:06:45 UTC 2018
1 ms. Memory: 849408K Free: 817674K (96%)
ptolemy.util.test.WatchDog.cancel(): canceling Mon Dec 17 03:06:45 UTC 2018
auto.tcl: Setting watchdog for 200 seconds at Mon Dec 17 03:06:45 UTC 2018
2 ms. Memory: 849408K Free: 817674K (96%)
ptolemy.util.test.WatchDog.cancel(): canceling Mon Dec 17 03:06:45 UTC 2018
------------------ testing $PTII/ptolemy/domains/de/test/auto/transferInputsandOutputs.xml
auto.tcl: Setting watchdog for 200 seconds at Mon Dec 17 03:06:45 UTC 2018
3 ms. Memory: 850944K Free: 819242K (96%)
ptolemy.util.test.WatchDog.cancel(): canceling Mon Dec 17 03:06:45 UTC 2018
auto.tcl: Setting watchdog for 200 seconds at Mon Dec 17 03:06:45 UTC 2018
2 ms. Memory: 850944K Free: 819242K (96%)
ptolemy.util.test.WatchDog.cancel(): canceling Mon Dec 17 03:06:45 UTC 2018
------------------ testing $PTII/ptolemy/domains/de/test/auto/triggerType.xml
auto.tcl: Setting watchdog for 200 seconds at Mon Dec 17 03:06:45 UTC 2018
1 ms. Memory: 849408K Free: 817656K (96%)
ptolemy.util.test.WatchDog.cancel(): canceling Mon Dec 17 03:06:45 UTC 2018
auto.tcl: Setting watchdog for 200 seconds at Mon Dec 17 03:06:45 UTC 2018
2 ms. Memory: 849408K Free: 817656K (96%)
ptolemy.util.test.WatchDog.cancel(): canceling Mon Dec 17 03:06:45 UTC 2018
12/17/18 03:06:45
Failed: 0  Total Tests: 192  ((Passed: 187, Newly Passed: 1)  Known Failed: 5) /home/travis/build/icyphy/ptII/ptolemy/domains/de/test
12/17/18 03:06:45
Failed: 0  Total Tests: 192  ((Passed: 187, Newly Passed: 1)  Known Failed: 5) /home/travis/build/icyphy/ptII/ptolemy/domains/de/test
----------------- testing (KnownFailure) /home/travis/build/icyphy/ptII/ptolemy/domains/de/test/auto/knownFailedTests/DESDFClockTest.xml
2011 ms. Memory: 850432K Free: 803330K (94%)
Known Failure: java.lang.reflect.InvocationTargetException
----------------- testing (KnownFailure) /home/travis/build/icyphy/ptII/ptolemy/domains/de/test/auto/knownFailedTests/DirectFeedback.xml
1 ms. Memory: 850432K Free: 741889K (87%)
Known Failure: java.lang.reflect.InvocationTargetException
----------------- testing (KnownFailure) /home/travis/build/icyphy/ptII/ptolemy/domains/de/test/auto/knownFailedTests/FSMSource.xml
6 ms. Memory: 850432K Free: 680449K (80%)
----------------- testing (KnownFailure) /home/travis/build/icyphy/ptII/ptolemy/domains/de/test/auto/knownFailedTests/HierarchicalModel.xml
2 ms. Memory: 850432K Free: 634353K (75%)
Known Failure: java.lang.reflect.InvocationTargetException
----------------- testing (KnownFailure) /home/travis/build/icyphy/ptII/ptolemy/domains/de/test/auto/knownFailedTests/dependencyLoop.xml
2 ms. Memory: 850432K Free: 572913K (67%)
Known Failure: java.lang.reflect.InvocationTargetException
----------------- testing (KnownFailure) /home/travis/build/icyphy/ptII/ptolemy/domains/de/test/auto/knownFailedTests/dependencyLoop2.xml
2 ms. Memory: 850432K Free: 511473K (60%)
Known Failure: java.lang.reflect.InvocationTargetException
No auto/linux-amd64/*.xml tests in /home/travis/build/icyphy/ptII/ptolemy/domains/de/test
AutoTests.java: About to close Vertx.
AutoTests.java: Vertx closed.

===========================================================================================
----------------- testing Mon Dec 17 03:06:47 UTC 2018 /home/travis/build/icyphy/ptII/ptolemy/domains/de/test/auto/ActorDepthCalculation_actorWithoutPorts.xml
----------------- Instantiating /home/travis/build/icyphy/ptII/ptolemy/domains/de/test/auto/ActorDepthCalculation_actorWithoutPorts.xml
2 ms. Memory: 850432K Free: 434672K (51%)
----------------- Invoking toplevel() on ptolemy.moml.MoMLSimpleApplication@5ca884bb
----------------- Done invoking toplevel() on ptolemy.moml.MoMLSimpleApplication@5ca884bb
reloadAllAccessors: .ActorDepthCalculation_actorWithoutPorts

===========================================================================================
----------------- testing Mon Dec 17 03:06:47 UTC 2018 /home/travis/build/icyphy/ptII/ptolemy/domains/de/test/auto/AssemblyLine.xml
----------------- Instantiating /home/travis/build/icyphy/ptII/ptolemy/domains/de/test/auto/AssemblyLine.xml
2 ms. Memory: 850432K Free: 403952K (47%)
----------------- Invoking toplevel() on ptolemy.moml.MoMLSimpleApplication@76a74948
----------------- Done invoking toplevel() on ptolemy.moml.MoMLSimpleApplication@76a74948
reloadAllAccessors: .AssemblyLine

===========================================================================================
----------------- testing Mon Dec 17 03:06:47 UTC 2018 /home/travis/build/icyphy/ptII/ptolemy/domains/de/test/auto/CQBug1.xml
----------------- Instantiating /home/travis/build/icyphy/ptII/ptolemy/domains/de/test/auto/CQBug1.xml
0 ms. Memory: 850432K Free: 373232K (44%)
----------------- Invoking toplevel() on ptolemy.moml.MoMLSimpleApplication@39eb5e10
----------------- Done invoking toplevel() on ptolemy.moml.MoMLSimpleApplication@39eb5e10
reloadAllAccessors: .CQBug1

===========================================================================================
----------------- testing Mon Dec 17 03:06:47 UTC 2018 /home/travis/build/icyphy/ptII/ptolemy/domains/de/test/auto/CancelFireAt.xml
----------------- Instantiating /home/travis/build/icyphy/ptII/ptolemy/domains/de/test/auto/CancelFireAt.xml
2 ms. Memory: 850432K Free: 342512K (40%)
----------------- Invoking toplevel() on ptolemy.moml.MoMLSimpleApplication@3f3ea42b
----------------- Done invoking toplevel() on ptolemy.moml.MoMLSimpleApplication@3f3ea42b
reloadAllAccessors: .CancelFireAt

===========================================================================================
----------------- testing Mon Dec 17 03:06:47 UTC 2018 /home/travis/build/icyphy/ptII/ptolemy/domains/de/test/auto/CausalityAndComposabilityAnalysis.xml
----------------- Instantiating /home/travis/build/icyphy/ptII/ptolemy/domains/de/test/auto/CausalityAndComposabilityAnalysis.xml
1 ms. Memory: 850432K Free: 311792K (37%)
----------------- Invoking toplevel() on ptolemy.moml.MoMLSimpleApplication@69c7fb31
----------------- Done invoking toplevel() on ptolemy.moml.MoMLSimpleApplication@69c7fb31
reloadAllAccessors: .CausalityAndComposabilityAnalysis

===========================================================================================
----------------- testing Mon Dec 17 03:06:47 UTC 2018 /home/travis/build/icyphy/ptII/ptolemy/domains/de/test/auto/CausalityInterface1.xml
----------------- Instantiating /home/travis/build/icyphy/ptII/ptolemy/domains/de/test/auto/CausalityInterface1.xml
5 ms. Memory: 850432K Free: 281072K (33%)
----------------- Invoking toplevel() on ptolemy.moml.MoMLSimpleApplication@272113b4
----------------- Done invoking toplevel() on ptolemy.moml.MoMLSimpleApplication@272113b4
reloadAllAccessors: .CausalityInterface1

===========================================================================================
----------------- testing Mon Dec 17 03:06:47 UTC 2018 /home/travis/build/icyphy/ptII/ptolemy/domains/de/test/auto/CausalityInterface15.xml
----------------- Instantiating /home/travis/build/icyphy/ptII/ptolemy/domains/de/test/auto/CausalityInterface15.xml
2 ms. Memory: 850432K Free: 250352K (29%)
----------------- Invoking toplevel() on ptolemy.moml.MoMLSimpleApplication@13aba183
[...]
java.lang.RuntimeException: Execution failed
	at ptolemy.moml.MoMLSimpleApplication$UnloadThread.run(MoMLSimpleApplication.java:402)
Caused by: ptolemy.kernel.util.IllegalActionException: Test fails in iteration 1.
Value was: 1.0. Should have been: 2.0
  in .DirectFeedback.Test
	at ptolemy.actor.lib.Test.fire(Test.java:268)
	at ptolemy.domains.de.kernel.DEDirector._fire(DEDirector.java:1949)
	at ptolemy.domains.de.kernel.DEDirector.fire(DEDirector.java:502)
	at ptolemy.actor.CompositeActor.fire(CompositeActor.java:455)
	at ptolemy.actor.Manager.iterate(Manager.java:851)
	at ptolemy.actor.Manager.execute(Manager.java:369)
	at ptolemy.actor.Manager.run(Manager.java:1263)
	at ptolemy.actor.Manager$PtolemyRunThread.run(Manager.java:1915)
java.lang.RuntimeException: Execution failed
	at ptolemy.moml.MoMLSimpleApplication$UnloadThread.run(MoMLSimpleApplication.java:402)
Caused by: ptolemy.kernel.util.IllegalActionException: Actor is not ready to fire.  Perhaps UpSample.prefire() returned false? Try debugging the actor by selecting "Listen to Actor".  Also, for SDF check moml for tokenConsumptionRate on input.
  in .DESDFClockTest.Play Bell.Copy1:SDF Director and .DESDFClockTest.Play Bell.UpSample
	at ptolemy.actor.sched.StaticSchedulingDirector.fire(StaticSchedulingDirector.java:227)
	at ptolemy.domains.sdf.kernel.SDFDirector.fire(SDFDirector.java:500)
	at ptolemy.actor.CompositeActor.fire(CompositeActor.java:455)
	at ptolemy.domains.de.kernel.DEDirector._fire(DEDirector.java:1949)
	at ptolemy.domains.de.kernel.DEDirector.fire(DEDirector.java:502)
	at ptolemy.actor.CompositeActor.fire(CompositeActor.java:455)
	at ptolemy.actor.Manager.iterate(Manager.java:851)
	at ptolemy.actor.Manager.execute(Manager.java:369)
	at ptolemy.actor.Manager.run(Manager.java:1263)
	at ptolemy.actor.Manager$PtolemyRunThread.run(Manager.java:1915)
java.lang.reflect.InvocationTargetException
	at sun.reflect.NativeConstructorAccessorImpl.newInstance0(Native Method)
	at sun.reflect.NativeConstructorAccessorImpl.newInstance(NativeConstructorAccessorImpl.java:62)
	at sun.reflect.DelegatingConstructorAccessorImpl.newInstance(DelegatingConstructorAccessorImpl.java:45)
	at java.lang.reflect.Constructor.newInstance(Constructor.java:423)
	at ptolemy.util.test.junit.AutoKnownFailedTests.RunModel(AutoKnownFailedTests.java:105)
	at sun.reflect.NativeMethodAccessorImpl.invoke0(Native Method)
	at sun.reflect.NativeMethodAccessorImpl.invoke(NativeMethodAccessorImpl.java:62)
	at sun.reflect.DelegatingMethodAccessorImpl.invoke(DelegatingMethodAccessorImpl.java:43)
	at java.lang.reflect.Method.invoke(Method.java:498)
	at org.junit.runners.model.FrameworkMethod$1.runReflectiveCall(FrameworkMethod.java:44)
	at org.junit.internal.runners.model.ReflectiveCallable.run(ReflectiveCallable.java:15)
	at org.junit.runners.model.FrameworkMethod.invokeExplosively(FrameworkMethod.java:41)
	at junitparams.internal.InvokeParameterisedMethod.evaluate(InvokeParameterisedMethod.java:102)
	at org.junit.internal.runners.statements.FailOnTimeout$1.run(FailOnTimeout.java:28)
Caused by: ptolemy.kernel.util.IllegalActionException: Actor is not ready to fire.  Perhaps UpSample.prefire() returned false? Try debugging the actor by selecting "Listen to Actor".  Also, for SDF check moml for tokenConsumptionRate on input.
  in .DESDFClockTest.Play Bell.Copy1:SDF Director and .DESDFClockTest.Play Bell.UpSample
	at ptolemy.actor.sched.StaticSchedulingDirector.fire(StaticSchedulingDirector.java:227)
	at ptolemy.domains.sdf.kernel.SDFDirector.fire(SDFDirector.java:500)
	at ptolemy.actor.CompositeActor.fire(CompositeActor.java:455)
	at ptolemy.domains.de.kernel.DEDirector._fire(DEDirector.java:1949)
	at ptolemy.domains.de.kernel.DEDirector.fire(DEDirector.java:502)
	at ptolemy.actor.CompositeActor.fire(CompositeActor.java:455)
	at ptolemy.actor.Manager.iterate(Manager.java:851)
	at ptolemy.actor.Manager.execute(Manager.java:369)
	at ptolemy.actor.Manager.run(Manager.java:1263)
	at ptolemy.actor.Manager$PtolemyRunThread.run(Manager.java:1915)
java.lang.RuntimeException: Execution failed
	at ptolemy.moml.MoMLSimpleApplication$UnloadThread.run(MoMLSimpleApplication.java:402)
Caused by: ptolemy.kernel.util.IllegalActionException: Test fails in iteration 1.
Value was: 1.0. Should have been: 2.0
  in .DirectFeedback.Test
	at ptolemy.actor.lib.Test.fire(Test.java:268)
	at ptolemy.domains.de.kernel.DEDirector._fire(DEDirector.java:1949)
	at ptolemy.domains.de.kernel.DEDirector.fire(DEDirector.java:502)
	at ptolemy.actor.CompositeActor.fire(CompositeActor.java:455)
	at ptolemy.actor.Manager.iterate(Manager.java:851)
	at ptolemy.actor.Manager.execute(Manager.java:369)
	at ptolemy.actor.Manager.run(Manager.java:1263)
	at ptolemy.actor.Manager$PtolemyRunThread.run(Manager.java:1915)
java.lang.reflect.InvocationTargetException
	at sun.reflect.NativeConstructorAccessorImpl.newInstance0(Native Method)
	at sun.reflect.NativeConstructorAccessorImpl.newInstance(NativeConstructorAccessorImpl.java:62)
	at sun.reflect.DelegatingConstructorAccessorImpl.newInstance(DelegatingConstructorAccessorImpl.java:45)
	at java.lang.reflect.Constructor.newInstance(Constructor.java:423)
	at ptolemy.util.test.junit.AutoKnownFailedTests.RunModel(AutoKnownFailedTests.java:105)
	at sun.reflect.NativeMethodAccessorImpl.invoke0(Native Method)
	at sun.reflect.NativeMethodAccessorImpl.invoke(NativeMethodAccessorImpl.java:62)
	at sun.reflect.DelegatingMethodAccessorImpl.invoke(DelegatingMethodAccessorImpl.java:43)
	at java.lang.reflect.Method.invoke(Method.java:498)
	at org.junit.runners.model.FrameworkMethod$1.runReflectiveCall(FrameworkMethod.java:44)
	at org.junit.internal.runners.model.ReflectiveCallable.run(ReflectiveCallable.java:15)
	at org.junit.runners.model.FrameworkMethod.invokeExplosively(FrameworkMethod.java:41)
	at junitparams.internal.InvokeParameterisedMethod.evaluate(InvokeParameterisedMethod.java:102)
	at org.junit.internal.runners.statements.FailOnTimeout$1.run(FailOnTimeout.java:28)
Caused by: ptolemy.kernel.util.IllegalActionException: Test fails in iteration 1.
Value was: 1.0. Should have been: 2.0
  in .DirectFeedback.Test
	at ptolemy.actor.lib.Test.fire(Test.java:268)
	at ptolemy.domains.de.kernel.DEDirector._fire(DEDirector.java:1949)
	at ptolemy.domains.de.kernel.DEDirector.fire(DEDirector.java:502)
	at ptolemy.actor.CompositeActor.fire(CompositeActor.java:455)
	at ptolemy.actor.Manager.iterate(Manager.java:851)
	at ptolemy.actor.Manager.execute(Manager.java:369)
	at ptolemy.actor.Manager.run(Manager.java:1263)
	at ptolemy.actor.Manager$PtolemyRunThread.run(Manager.java:1915)
java.lang.RuntimeException: Execution failed
	at ptolemy.moml.MoMLSimpleApplication$UnloadThread.run(MoMLSimpleApplication.java:402)
Caused by: ptolemy.kernel.util.IllegalActionException: Found a zero delay loop containing .HierarchicalModel.A
  in .HierarchicalModel and .HierarchicalModel.A
	at ptolemy.actor.util.CausalityInterfaceForComposites._computeOutputPortDepth(CausalityInterfaceForComposites.java:759)
	at ptolemy.actor.util.CausalityInterfaceForComposites._computeInputDepth(CausalityInterfaceForComposites.java:696)
	at ptolemy.actor.util.CausalityInterfaceForComposites._computeOutputPortDepth(CausalityInterfaceForComposites.java:765)
	at ptolemy.actor.util.CausalityInterfaceForComposites._computeInputDepth(CausalityInterfaceForComposites.java:696)
	at ptolemy.actor.util.CausalityInterfaceForComposites._computeOutputPortDepth(CausalityInterfaceForComposites.java:765)
	at ptolemy.actor.util.CausalityInterfaceForComposites._computeInputDepth(CausalityInterfaceForComposites.java:696)
	at ptolemy.actor.util.CausalityInterfaceForComposites._computeActorDepth(CausalityInterfaceForComposites.java:532)
	at ptolemy.actor.util.CausalityInterfaceForComposites.checkForCycles(CausalityInterfaceForComposites.java:96)
	at ptolemy.domains.de.kernel.DEDirector.preinitialize(DEDirector.java:1338)
	at ptolemy.actor.CompositeActor.preinitialize(CompositeActor.java:1828)
	at ptolemy.actor.Manager.preinitializeAndResolveTypes(Manager.java:1040)
	at ptolemy.actor.Manager.initialize(Manager.java:710)
	at ptolemy.actor.Manager.execute(Manager.java:356)
	at ptolemy.actor.Manager.run(Manager.java:1263)
	at ptolemy.actor.Manager$PtolemyRunThread.run(Manager.java:1915)
java.lang.reflect.InvocationTargetException
	at sun.reflect.NativeConstructorAccessorImpl.newInstance0(Native Method)
	at sun.reflect.NativeConstructorAccessorImpl.newInstance(NativeConstructorAccessorImpl.java:62)
	at sun.reflect.DelegatingConstructorAccessorImpl.newInstance(DelegatingConstructorAccessorImpl.java:45)
	at java.lang.reflect.Constructor.newInstance(Constructor.java:423)
	at ptolemy.util.test.junit.AutoKnownFailedTests.RunModel(AutoKnownFailedTests.java:105)
	at sun.reflect.NativeMethodAccessorImpl.invoke0(Native Method)
	at sun.reflect.NativeMethodAccessorImpl.invoke(NativeMethodAccessorImpl.java:62)
	at sun.reflect.DelegatingMethodAccessorImpl.invoke(DelegatingMethodAccessorImpl.java:43)
	at java.lang.reflect.Method.invoke(Method.java:498)
	at org.junit.runners.model.FrameworkMethod$1.runReflectiveCall(FrameworkMethod.java:44)
	at org.junit.internal.runners.model.ReflectiveCallable.run(ReflectiveCallable.java:15)
	at org.junit.runners.model.FrameworkMethod.invokeExplosively(FrameworkMethod.java:41)
	at junitparams.internal.InvokeParameterisedMethod.evaluate(InvokeParameterisedMethod.java:102)
	at org.junit.internal.runners.statements.FailOnTimeout$1.run(FailOnTimeout.java:28)
Caused by: ptolemy.kernel.util.IllegalActionException: Found a zero delay loop containing .HierarchicalModel.A
  in .HierarchicalModel and .HierarchicalModel.A
	at ptolemy.actor.util.CausalityInterfaceForComposites._computeOutputPortDepth(CausalityInterfaceForComposites.java:759)
	at ptolemy.actor.util.CausalityInterfaceForComposites._computeInputDepth(CausalityInterfaceForComposites.java:696)
	at ptolemy.actor.util.CausalityInterfaceForComposites._computeOutputPortDepth(CausalityInterfaceForComposites.java:765)
	at ptolemy.actor.util.CausalityInterfaceForComposites._computeInputDepth(CausalityInterfaceForComposites.java:696)
	at ptolemy.actor.util.CausalityInterfaceForComposites._computeOutputPortDepth(CausalityInterfaceForComposites.java:765)
	at ptolemy.actor.util.CausalityInterfaceForComposites._computeInputDepth(CausalityInterfaceForComposites.java:696)
	at ptolemy.actor.util.CausalityInterfaceForComposites._computeActorDepth(CausalityInterfaceForComposites.java:532)
	at ptolemy.actor.util.CausalityInterfaceForComposites.checkForCycles(CausalityInterfaceForComposites.java:96)
	at ptolemy.domains.de.kernel.DEDirector.preinitialize(DEDirector.java:1338)
	at ptolemy.actor.CompositeActor.preinitialize(CompositeActor.java:1828)
	at ptolemy.actor.Manager.preinitializeAndResolveTypes(Manager.java:1040)
	at ptolemy.actor.Manager.initialize(Manager.java:710)
	at ptolemy.actor.Manager.execute(Manager.java:356)
	at ptolemy.actor.Manager.run(Manager.java:1263)
	at ptolemy.actor.Manager$PtolemyRunThread.run(Manager.java:1915)
java.lang.RuntimeException: Execution failed
	at ptolemy.moml.MoMLSimpleApplication$UnloadThread.run(MoMLSimpleApplication.java:402)
Caused by: ptolemy.kernel.util.IllegalActionException: Found a zero delay loop containing .dependencyLoop.original
  in .dependencyLoop and .dependencyLoop.original
	at ptolemy.actor.util.CausalityInterfaceForComposites._computeOutputPortDepth(CausalityInterfaceForComposites.java:759)
	at ptolemy.actor.util.CausalityInterfaceForComposites._computeInputDepth(CausalityInterfaceForComposites.java:696)
	at ptolemy.actor.util.CausalityInterfaceForComposites._computeOutputPortDepth(CausalityInterfaceForComposites.java:765)
	at ptolemy.actor.util.CausalityInterfaceForComposites._computeInputDepth(CausalityInterfaceForComposites.java:696)
	at ptolemy.actor.util.CausalityInterfaceForComposites._computeOutputPortDepth(CausalityInterfaceForComposites.java:765)
	at ptolemy.actor.util.CausalityInterfaceForComposites._computeInputDepth(CausalityInterfaceForComposites.java:696)
	at ptolemy.actor.util.CausalityInterfaceForComposites._computeActorDepth(CausalityInterfaceForComposites.java:532)
	at ptolemy.actor.util.CausalityInterfaceForComposites.checkForCycles(CausalityInterfaceForComposites.java:96)
	at ptolemy.domains.de.kernel.DEDirector.preinitialize(DEDirector.java:1338)
	at ptolemy.actor.CompositeActor.preinitialize(CompositeActor.java:1828)
	at ptolemy.actor.Manager.preinitializeAndResolveTypes(Manager.java:1040)
	at ptolemy.actor.Manager.initialize(Manager.java:710)
	at ptolemy.actor.Manager.execute(Manager.java:356)
	at ptolemy.actor.Manager.run(Manager.java:1263)
	at ptolemy.actor.Manager$PtolemyRunThread.run(Manager.java:1915)
java.lang.reflect.InvocationTargetException
	at sun.reflect.NativeConstructorAccessorImpl.newInstance0(Native Method)
	at sun.reflect.NativeConstructorAccessorImpl.newInstance(NativeConstructorAccessorImpl.java:62)
	at sun.reflect.DelegatingConstructorAccessorImpl.newInstance(DelegatingConstructorAccessorImpl.java:45)
	at java.lang.reflect.Constructor.newInstance(Constructor.java:423)
	at ptolemy.util.test.junit.AutoKnownFailedTests.RunModel(AutoKnownFailedTests.java:105)
	at sun.reflect.NativeMethodAccessorImpl.invoke0(Native Method)
	at sun.reflect.NativeMethodAccessorImpl.invoke(NativeMethodAccessorImpl.java:62)
	at sun.reflect.DelegatingMethodAccessorImpl.invoke(DelegatingMethodAccessorImpl.java:43)
	at java.lang.reflect.Method.invoke(Method.java:498)
	at org.junit.runners.model.FrameworkMethod$1.runReflectiveCall(FrameworkMethod.java:44)
	at org.junit.internal.runners.model.ReflectiveCallable.run(ReflectiveCallable.java:15)
	at org.junit.runners.model.FrameworkMethod.invokeExplosively(FrameworkMethod.java:41)
	at junitparams.internal.InvokeParameterisedMethod.evaluate(InvokeParameterisedMethod.java:102)
	at org.junit.internal.runners.statements.FailOnTimeout$1.run(FailOnTimeout.java:28)
Caused by: ptolemy.kernel.util.IllegalActionException: Found a zero delay loop containing .dependencyLoop.original
  in .dependencyLoop and .dependencyLoop.original
	at ptolemy.actor.util.CausalityInterfaceForComposites._computeOutputPortDepth(CausalityInterfaceForComposites.java:759)
	at ptolemy.actor.util.CausalityInterfaceForComposites._computeInputDepth(CausalityInterfaceForComposites.java:696)
	at ptolemy.actor.util.CausalityInterfaceForComposites._computeOutputPortDepth(CausalityInterfaceForComposites.java:765)
	at ptolemy.actor.util.CausalityInterfaceForComposites._computeInputDepth(CausalityInterfaceForComposites.java:696)
	at ptolemy.actor.util.CausalityInterfaceForComposites._computeOutputPortDepth(CausalityInterfaceForComposites.java:765)
	at ptolemy.actor.util.CausalityInterfaceForComposites._computeInputDepth(CausalityInterfaceForComposites.java:696)
	at ptolemy.actor.util.CausalityInterfaceForComposites._computeActorDepth(CausalityInterfaceForComposites.java:532)
	at ptolemy.actor.util.CausalityInterfaceForComposites.checkForCycles(CausalityInterfaceForComposites.java:96)
	at ptolemy.domains.de.kernel.DEDirector.preinitialize(DEDirector.java:1338)
	at ptolemy.actor.CompositeActor.preinitialize(CompositeActor.java:1828)
	at ptolemy.actor.Manager.preinitializeAndResolveTypes(Manager.java:1040)
	at ptolemy.actor.Manager.initialize(Manager.java:710)
	at ptolemy.actor.Manager.execute(Manager.java:356)
	at ptolemy.actor.Manager.run(Manager.java:1263)
	at ptolemy.actor.Manager$PtolemyRunThread.run(Manager.java:1915)
java.lang.RuntimeException: Execution failed
	at ptolemy.moml.MoMLSimpleApplication$UnloadThread.run(MoMLSimpleApplication.java:402)
Caused by: ptolemy.kernel.util.IllegalActionException: Found a zero delay loop containing .dependencyLoop2.original
  in .dependencyLoop2 and .dependencyLoop2.original
	at ptolemy.actor.util.CausalityInterfaceForComposites._computeOutputPortDepth(CausalityInterfaceForComposites.java:759)
	at ptolemy.actor.util.CausalityInterfaceForComposites._computeInputDepth(CausalityInterfaceForComposites.java:696)
	at ptolemy.actor.util.CausalityInterfaceForComposites._computeOutputPortDepth(CausalityInterfaceForComposites.java:765)
	at ptolemy.actor.util.CausalityInterfaceForComposites._computeInputDepth(CausalityInterfaceForComposites.java:696)
	at ptolemy.actor.util.CausalityInterfaceForComposites._computeOutputPortDepth(CausalityInterfaceForComposites.java:765)
	at ptolemy.actor.util.CausalityInterfaceForComposites._computeInputDepth(CausalityInterfaceForComposites.java:696)
	at ptolemy.actor.util.CausalityInterfaceForComposites._computeActorDepth(CausalityInterfaceForComposites.java:532)
	at ptolemy.actor.util.CausalityInterfaceForComposites.checkForCycles(CausalityInterfaceForComposites.java:96)
	at ptolemy.domains.de.kernel.DEDirector.preinitialize(DEDirector.java:1338)
	at ptolemy.actor.CompositeActor.preinitialize(CompositeActor.java:1828)
	at ptolemy.actor.Manager.preinitializeAndResolveTypes(Manager.java:1040)
	at ptolemy.actor.Manager.initialize(Manager.java:710)
	at ptolemy.actor.Manager.execute(Manager.java:356)
	at ptolemy.actor.Manager.run(Manager.java:1263)
	at ptolemy.actor.Manager$PtolemyRunThread.run(Manager.java:1915)
java.lang.reflect.InvocationTargetException
	at sun.reflect.NativeConstructorAccessorImpl.newInstance0(Native Method)
	at sun.reflect.NativeConstructorAccessorImpl.newInstance(NativeConstructorAccessorImpl.java:62)
	at sun.reflect.DelegatingConstructorAccessorImpl.newInstance(DelegatingConstructorAccessorImpl.java:45)
	at java.lang.reflect.Constructor.newInstance(Constructor.java:423)
	at ptolemy.util.test.junit.AutoKnownFailedTests.RunModel(AutoKnownFailedTests.java:105)
	at sun.reflect.NativeMethodAccessorImpl.invoke0(Native Method)
	at sun.reflect.NativeMethodAccessorImpl.invoke(NativeMethodAccessorImpl.java:62)
	at sun.reflect.DelegatingMethodAccessorImpl.invoke(DelegatingMethodAccessorImpl.java:43)
	at java.lang.reflect.Method.invoke(Method.java:498)
	at org.junit.runners.model.FrameworkMethod$1.runReflectiveCall(FrameworkMethod.java:44)
	at org.junit.internal.runners.model.ReflectiveCallable.run(ReflectiveCallable.java:15)
	at org.junit.runners.model.FrameworkMethod.invokeExplosively(FrameworkMethod.java:41)
	at junitparams.internal.InvokeParameterisedMethod.evaluate(InvokeParameterisedMethod.java:102)
	at org.junit.internal.runners.statements.FailOnTimeout$1.run(FailOnTimeout.java:28)
Caused by: ptolemy.kernel.util.IllegalActionException: Found a zero delay loop containing .dependencyLoop2.original
  in .dependencyLoop2 and .dependencyLoop2.original
	at ptolemy.actor.util.CausalityInterfaceForComposites._computeOutputPortDepth(CausalityInterfaceForComposites.java:759)
	at ptolemy.actor.util.CausalityInterfaceForComposites._computeInputDepth(CausalityInterfaceForComposites.java:696)
	at ptolemy.actor.util.CausalityInterfaceForComposites._computeOutputPortDepth(CausalityInterfaceForComposites.java:765)
	at ptolemy.actor.util.CausalityInterfaceForComposites._computeInputDepth(CausalityInterfaceForComposites.java:696)
	at ptolemy.actor.util.CausalityInterfaceForComposites._computeOutputPortDepth(CausalityInterfaceForComposites.java:765)
	at ptolemy.actor.util.CausalityInterfaceForComposites._computeInputDepth(CausalityInterfaceForComposites.java:696)
	at ptolemy.actor.util.CausalityInterfaceForComposites._computeActorDepth(CausalityInterfaceForComposites.java:532)
	at ptolemy.actor.util.CausalityInterfaceForComposites.checkForCycles(CausalityInterfaceForComposites.java:96)
	at ptolemy.domains.de.kernel.DEDirector.preinitialize(DEDirector.java:1338)
	at ptolemy.actor.CompositeActor.preinitialize(CompositeActor.java:1828)
	at ptolemy.actor.Manager.preinitializeAndResolveTypes(Manager.java:1040)
	at ptolemy.actor.Manager.initialize(Manager.java:710)
	at ptolemy.actor.Manager.execute(Manager.java:356)
	at ptolemy.actor.Manager.run(Manager.java:1263)
	at ptolemy.actor.Manager$PtolemyRunThread.run(Manager.java:1915)
]]></system-err>
</testsuite>
