<?xml version="1.0" encoding="UTF-8" ?>
<testsuite errors="0" failures="0" hostname="travis-job-7f9690b5-b2a5-4178-99df-6b53ea8e2daf" name="ptolemy.domains.continuous.test.junit.JUnitTclTest" skipped="0" tests="156" time="68.798" timestamp="2022-04-13T02:18:28">
  <properties>
[...]
</properties>
  <testcase classname="ptolemy.util.test.junit.TclTests" name="[0] ThereAreNoTclTests (RunTclFile)" time="0.007" />
  <testcase classname="ptolemy.util.test.junit.AutoKnownFailedTests" name="[0] ThereAreNoKnowFailedTests (RunModel)" time="0.004" />
  <testcase classname="ptolemy.util.test.junit.AutoNameArchTests" name="[0] ThereAreNoAutoArchTests (RunModel)" time="0.011" />
  <testcase classname="ptolemy.util.test.junit.AutoTests" name="[0] /home/travis/build/icyphy/ptII/ptolemy/domains/continuous/test/auto/BouncingBall.xml (RunModel)" time="2.87" />
  <testcase classname="ptolemy.util.test.junit.AutoTests" name="[1] /home/travis/build/icyphy/ptII/ptolemy/domains/continuous/test/auto/BouncingBallWithoutGR.xml (RunModel)" time="0.9" />
  <testcase classname="ptolemy.util.test.junit.AutoTests" name="[2] /home/travis/build/icyphy/ptII/ptolemy/domains/continuous/test/auto/Brownian.xml (RunModel)" time="0.088" />
  <testcase classname="ptolemy.util.test.junit.AutoTests" name="[3] /home/travis/build/icyphy/ptII/ptolemy/domains/continuous/test/auto/CarTracking.xml (RunModel)" time="3.502" />
  <testcase classname="ptolemy.util.test.junit.AutoTests" name="[4] /home/travis/build/icyphy/ptII/ptolemy/domains/continuous/test/auto/CartPendulum.xml (RunModel)" time="0.418" />
  <testcase classname="ptolemy.util.test.junit.AutoTests" name="[5] /home/travis/build/icyphy/ptII/ptolemy/domains/continuous/test/auto/CausalityInterface10.xml (RunModel)" time="0.034" />
  <testcase classname="ptolemy.util.test.junit.AutoTests" name="[6] /home/travis/build/icyphy/ptII/ptolemy/domains/continuous/test/auto/CausalityInterface11.xml (RunModel)" time="0.02" />
  <testcase classname="ptolemy.util.test.junit.AutoTests" name="[7] /home/travis/build/icyphy/ptII/ptolemy/domains/continuous/test/auto/CausalityInterface12.xml (RunModel)" time="0.02" />
  <testcase classname="ptolemy.util.test.junit.AutoTests" name="[8] /home/travis/build/icyphy/ptII/ptolemy/domains/continuous/test/auto/CausalityInterface13.xml (RunModel)" time="0.027" />
  <testcase classname="ptolemy.util.test.junit.AutoTests" name="[9] /home/travis/build/icyphy/ptII/ptolemy/domains/continuous/test/auto/CausalityInterface14.xml (RunModel)" time="0.026" />
  <testcase classname="ptolemy.util.test.junit.AutoTests" name="[10] /home/travis/build/icyphy/ptII/ptolemy/domains/continuous/test/auto/CausalityInterface4.xml (RunModel)" time="0.022" />
  <testcase classname="ptolemy.util.test.junit.AutoTests" name="[11] /home/travis/build/icyphy/ptII/ptolemy/domains/continuous/test/auto/CausalityInterface5.xml (RunModel)" time="0.038" />
  <testcase classname="ptolemy.util.test.junit.AutoTests" name="[12] /home/travis/build/icyphy/ptII/ptolemy/domains/continuous/test/auto/CausalityInterface6.xml (RunModel)" time="0.02" />
  <testcase classname="ptolemy.util.test.junit.AutoTests" name="[13] /home/travis/build/icyphy/ptII/ptolemy/domains/continuous/test/auto/CausalityInterface7.xml (RunModel)" time="0.038" />
  <testcase classname="ptolemy.util.test.junit.AutoTests" name="[14] /home/travis/build/icyphy/ptII/ptolemy/domains/continuous/test/auto/CausalityInterface8.xml (RunModel)" time="0.026" />
  <testcase classname="ptolemy.util.test.junit.AutoTests" name="[15] /home/travis/build/icyphy/ptII/ptolemy/domains/continuous/test/auto/CausalityInterface9.xml (RunModel)" time="0.046" />
  <testcase classname="ptolemy.util.test.junit.AutoTests" name="[16] /home/travis/build/icyphy/ptII/ptolemy/domains/continuous/test/auto/CausalityInterfaceFeedback1.xml (RunModel)" time="0.025" />
  <testcase classname="ptolemy.util.test.junit.AutoTests" name="[17] /home/travis/build/icyphy/ptII/ptolemy/domains/continuous/test/auto/CausalityInterfaceFeedback2.xml (RunModel)" time="0.035" />
  <testcase classname="ptolemy.util.test.junit.AutoTests" name="[18] /home/travis/build/icyphy/ptII/ptolemy/domains/continuous/test/auto/CompareWithCurrentTime.xml (RunModel)" time="0.017" />
  <testcase classname="ptolemy.util.test.junit.AutoTests" name="[19] /home/travis/build/icyphy/ptII/ptolemy/domains/continuous/test/auto/ComparedClocks.xml (RunModel)" time="0.065" />
  <testcase classname="ptolemy.util.test.junit.AutoTests" name="[20] /home/travis/build/icyphy/ptII/ptolemy/domains/continuous/test/auto/ContinuousAOCClone.xml (RunModel)" time="2.401" />
  <testcase classname="ptolemy.util.test.junit.AutoTests" name="[21] /home/travis/build/icyphy/ptII/ptolemy/domains/continuous/test/auto/ContinuousClock.xml (RunModel)" time="0.081" />
  <testcase classname="ptolemy.util.test.junit.AutoTests" name="[22] /home/travis/build/icyphy/ptII/ptolemy/domains/continuous/test/auto/ContinuousInContinuous.xml (RunModel)" time="0.082" />
  <testcase classname="ptolemy.util.test.junit.AutoTests" name="[23] /home/travis/build/icyphy/ptII/ptolemy/domains/continuous/test/auto/ContinuousInContinuousInContinuous.xml (RunModel)" time="0.033" />
  <testcase classname="ptolemy.util.test.junit.AutoTests" name="[24] /home/travis/build/icyphy/ptII/ptolemy/domains/continuous/test/auto/ContinuousInDE.xml (RunModel)" time="0.118" />
  <testcase classname="ptolemy.util.test.junit.AutoTests" name="[25] /home/travis/build/icyphy/ptII/ptolemy/domains/continuous/test/auto/ContinuousInDE2.xml (RunModel)" time="0.045" />
  <testcase classname="ptolemy.util.test.junit.AutoTests" name="[26] /home/travis/build/icyphy/ptII/ptolemy/domains/continuous/test/auto/ContinuousInDE3.xml (RunModel)" time="0.052" />
  <testcase classname="ptolemy.util.test.junit.AutoTests" name="[27] /home/travis/build/icyphy/ptII/ptolemy/domains/continuous/test/auto/ContinuousInDE4.xml (RunModel)" time="0.031" />
  <testcase classname="ptolemy.util.test.junit.AutoTests" name="[28] /home/travis/build/icyphy/ptII/ptolemy/domains/continuous/test/auto/ContinuousInDEDifferentRefinements.xml (RunModel)" time="0.086" />
  <testcase classname="ptolemy.util.test.junit.AutoTests" name="[29] /home/travis/build/icyphy/ptII/ptolemy/domains/continuous/test/auto/ContinuousInDEDifferentRefinementsPreemptive.xml (RunModel)" time="0.07" />
  <testcase classname="ptolemy.util.test.junit.AutoTests" name="[30] /home/travis/build/icyphy/ptII/ptolemy/domains/continuous/test/auto/ContinuousInDEInContinuous2.xml (RunModel)" time="0.049" />
  <testcase classname="ptolemy.util.test.junit.AutoTests" name="[31] /home/travis/build/icyphy/ptII/ptolemy/domains/continuous/test/auto/ContinuousInDEInContinuous3.xml (RunModel)" time="0.05" />
  <testcase classname="ptolemy.util.test.junit.AutoTests" name="[32] /home/travis/build/icyphy/ptII/ptolemy/domains/continuous/test/auto/ContinuousInDEInput.xml (RunModel)" time="0.026" />
  <testcase classname="ptolemy.util.test.junit.AutoTests" name="[33] /home/travis/build/icyphy/ptII/ptolemy/domains/continuous/test/auto/ContinuousInDEInput2.xml (RunModel)" time="0.028" />
  <testcase classname="ptolemy.util.test.junit.AutoTests" name="[34] /home/travis/build/icyphy/ptII/ptolemy/domains/continuous/test/auto/ContinuousInDEInput3.xml (RunModel)" time="0.034" />
  <testcase classname="ptolemy.util.test.junit.AutoTests" name="[35] /home/travis/build/icyphy/ptII/ptolemy/domains/continuous/test/auto/ContinuousInDESharingRefinement.xml (RunModel)" time="0.177" />
  <testcase classname="ptolemy.util.test.junit.AutoTests" name="[36] /home/travis/build/icyphy/ptII/ptolemy/domains/continuous/test/auto/ContinuousInDEwithNoPorts.xml (RunModel)" time="0.009" />
  <testcase classname="ptolemy.util.test.junit.AutoTests" name="[37] /home/travis/build/icyphy/ptII/ptolemy/domains/continuous/test/auto/ContinuousInsideDE.xml (RunModel)" time="0.056" />
  <testcase classname="ptolemy.util.test.junit.AutoTests" name="[38] /home/travis/build/icyphy/ptII/ptolemy/domains/continuous/test/auto/ContinuousMerge1.xml (RunModel)" time="0.013" />
  <testcase classname="ptolemy.util.test.junit.AutoTests" name="[39] /home/travis/build/icyphy/ptII/ptolemy/domains/continuous/test/auto/ContinuousMerge2.xml (RunModel)" time="0.039" />
  <testcase classname="ptolemy.util.test.junit.AutoTests" name="[40] /home/travis/build/icyphy/ptII/ptolemy/domains/continuous/test/auto/ContinuousMerge3.xml (RunModel)" time="0.069" />
  <testcase classname="ptolemy.util.test.junit.AutoTests" name="[41] /home/travis/build/icyphy/ptII/ptolemy/domains/continuous/test/auto/ContinuousWithinContinuous.xml (RunModel)" time="0.043" />
  <testcase classname="ptolemy.util.test.junit.AutoTests" name="[42] /home/travis/build/icyphy/ptII/ptolemy/domains/continuous/test/auto/ContinuousWithinContinuous2.xml (RunModel)" time="0.063" />
  <testcase classname="ptolemy.util.test.junit.AutoTests" name="[43] /home/travis/build/icyphy/ptII/ptolemy/domains/continuous/test/auto/ContinuousWithinContinuous3.xml (RunModel)" time="0.021" />
  <testcase classname="ptolemy.util.test.junit.AutoTests" name="[44] /home/travis/build/icyphy/ptII/ptolemy/domains/continuous/test/auto/ContinuousWithinContinuous4.xml (RunModel)" time="0.066" />
  <testcase classname="ptolemy.util.test.junit.AutoTests" name="[45] /home/travis/build/icyphy/ptII/ptolemy/domains/continuous/test/auto/ContinuousWithinContinuous5.xml (RunModel)" time="0.025" />
  <testcase classname="ptolemy.util.test.junit.AutoTests" name="[46] /home/travis/build/icyphy/ptII/ptolemy/domains/continuous/test/auto/ContinuousWithinContinuous6.xml (RunModel)" time="0.032" />
  <testcase classname="ptolemy.util.test.junit.AutoTests" name="[47] /home/travis/build/icyphy/ptII/ptolemy/domains/continuous/test/auto/ContinuousWithinContinuous7.xml (RunModel)" time="0.062" />
  <testcase classname="ptolemy.util.test.junit.AutoTests" name="[48] /home/travis/build/icyphy/ptII/ptolemy/domains/continuous/test/auto/DCMotor.xml (RunModel)" time="12.47" />
  <testcase classname="ptolemy.util.test.junit.AutoTests" name="[49] /home/travis/build/icyphy/ptII/ptolemy/domains/continuous/test/auto/DEInContinuous.xml (RunModel)" time="0.035" />
  <testcase classname="ptolemy.util.test.junit.AutoTests" name="[50] /home/travis/build/icyphy/ptII/ptolemy/domains/continuous/test/auto/DEinContinuous2.xml (RunModel)" time="0.03" />
  <testcase classname="ptolemy.util.test.junit.AutoTests" name="[51] /home/travis/build/icyphy/ptII/ptolemy/domains/continuous/test/auto/Derivative.xml (RunModel)" time="0.161" />
  <testcase classname="ptolemy.util.test.junit.AutoTests" name="[52] /home/travis/build/icyphy/ptII/ptolemy/domains/continuous/test/auto/Derivative1.xml (RunModel)" time="0.05" />
  <testcase classname="ptolemy.util.test.junit.AutoTests" name="[53] /home/travis/build/icyphy/ptII/ptolemy/domains/continuous/test/auto/DiscreteClock.xml (RunModel)" time="0.013" />
  <testcase classname="ptolemy.util.test.junit.AutoTests" name="[54] /home/travis/build/icyphy/ptII/ptolemy/domains/continuous/test/auto/EfficiencyCurve.xml (RunModel)" time="0.086" />
  <testcase classname="ptolemy.util.test.junit.AutoTests" name="[55] /home/travis/build/icyphy/ptII/ptolemy/domains/continuous/test/auto/ExponentialResponse.xml (RunModel)" time="0.141" />
  <testcase classname="ptolemy.util.test.junit.AutoTests" name="[56] /home/travis/build/icyphy/ptII/ptolemy/domains/continuous/test/auto/ExponentialResponseRK45.xml (RunModel)" time="0.033" />
  <testcase classname="ptolemy.util.test.junit.AutoTests" name="[57] /home/travis/build/icyphy/ptII/ptolemy/domains/continuous/test/auto/Friction.xml (RunModel)" time="1.59" />
  <testcase classname="ptolemy.util.test.junit.AutoTests" name="[58] /home/travis/build/icyphy/ptII/ptolemy/domains/continuous/test/auto/FurutaPendulum.xml (RunModel)" time="3.26" />
  <testcase classname="ptolemy.util.test.junit.AutoTests" name="[59] /home/travis/build/icyphy/ptII/ptolemy/domains/continuous/test/auto/HierarchicalExecution.xml (RunModel)" time="1.75" />
  <testcase classname="ptolemy.util.test.junit.AutoTests" name="[60] /home/travis/build/icyphy/ptII/ptolemy/domains/continuous/test/auto/HybridPlant.xml (RunModel)" time="0.576" />
  <testcase classname="ptolemy.util.test.junit.AutoTests" name="[61] /home/travis/build/icyphy/ptII/ptolemy/domains/continuous/test/auto/Hysteresis.xml (RunModel)" time="0.218" />
  <testcase classname="ptolemy.util.test.junit.AutoTests" name="[62] /home/travis/build/icyphy/ptII/ptolemy/domains/continuous/test/auto/HysteresisWithRandomDelay.xml (RunModel)" time="0.245" />
  <testcase classname="ptolemy.util.test.junit.AutoTests" name="[63] /home/travis/build/icyphy/ptII/ptolemy/domains/continuous/test/auto/HysteresisWithRandomLosses.xml (RunModel)" time="2.414" />
  <testcase classname="ptolemy.util.test.junit.AutoTests" name="[64] /home/travis/build/icyphy/ptII/ptolemy/domains/continuous/test/auto/ImmediateTransitions.xml (RunModel)" time="0.033" />
  <testcase classname="ptolemy.util.test.junit.AutoTests" name="[65] /home/travis/build/icyphy/ptII/ptolemy/domains/continuous/test/auto/ImpulseFeedback.xml (RunModel)" time="0.018" />
  <testcase classname="ptolemy.util.test.junit.AutoTests" name="[66] /home/travis/build/icyphy/ptII/ptolemy/domains/continuous/test/auto/ImpulseFeedback2.xml (RunModel)" time="0.014" />
  <testcase classname="ptolemy.util.test.junit.AutoTests" name="[67] /home/travis/build/icyphy/ptII/ptolemy/domains/continuous/test/auto/IncreasingRatePoisson.xml (RunModel)" time="0.704" />
  <testcase classname="ptolemy.util.test.junit.AutoTests" name="[68] /home/travis/build/icyphy/ptII/ptolemy/domains/continuous/test/auto/InitialStateFeedback.xml (RunModel)" time="0.014" />
  <testcase classname="ptolemy.util.test.junit.AutoTests" name="[69] /home/travis/build/icyphy/ptII/ptolemy/domains/continuous/test/auto/Integration.xml (RunModel)" time="0.008" />
  <testcase classname="ptolemy.util.test.junit.AutoTests" name="[70] /home/travis/build/icyphy/ptII/ptolemy/domains/continuous/test/auto/Integration2.xml (RunModel)" time="0.081" />
  <testcase classname="ptolemy.util.test.junit.AutoTests" name="[71] /home/travis/build/icyphy/ptII/ptolemy/domains/continuous/test/auto/Integration3.xml (RunModel)" time="0.011" />
  <testcase classname="ptolemy.util.test.junit.AutoTests" name="[72] /home/travis/build/icyphy/ptII/ptolemy/domains/continuous/test/auto/Integration5.xml (RunModel)" time="0.007" />
  <testcase classname="ptolemy.util.test.junit.AutoTests" name="[73] /home/travis/build/icyphy/ptII/ptolemy/domains/continuous/test/auto/IntegratorImpulse.xml (RunModel)" time="0.008" />
  <testcase classname="ptolemy.util.test.junit.AutoTests" name="[74] /home/travis/build/icyphy/ptII/ptolemy/domains/continuous/test/auto/IntegratorImpulse2.xml (RunModel)" time="0.02" />
  <testcase classname="ptolemy.util.test.junit.AutoTests" name="[75] /home/travis/build/icyphy/ptII/ptolemy/domains/continuous/test/auto/LevelCrossing1.xml (RunModel)" time="0.011" />
  <testcase classname="ptolemy.util.test.junit.AutoTests" name="[76] /home/travis/build/icyphy/ptII/ptolemy/domains/continuous/test/auto/LevelCrossing2.xml (RunModel)" time="0.011" />
  <testcase classname="ptolemy.util.test.junit.AutoTests" name="[77] /home/travis/build/icyphy/ptII/ptolemy/domains/continuous/test/auto/LevelCrossing3.xml (RunModel)" time="0.011" />
  <testcase classname="ptolemy.util.test.junit.AutoTests" name="[78] /home/travis/build/icyphy/ptII/ptolemy/domains/continuous/test/auto/LevelCrossing4.xml (RunModel)" time="0.014" />
  <testcase classname="ptolemy.util.test.junit.AutoTests" name="[79] /home/travis/build/icyphy/ptII/ptolemy/domains/continuous/test/auto/LevelCrossing5.xml (RunModel)" time="0.02" />
  <testcase classname="ptolemy.util.test.junit.AutoTests" name="[80] /home/travis/build/icyphy/ptII/ptolemy/domains/continuous/test/auto/LevelCrossing6.xml (RunModel)" time="0.011" />
  <testcase classname="ptolemy.util.test.junit.AutoTests" name="[81] /home/travis/build/icyphy/ptII/ptolemy/domains/continuous/test/auto/LevelCrossingDetector.xml (RunModel)" time="0.03" />
  <testcase classname="ptolemy.util.test.junit.AutoTests" name="[82] /home/travis/build/icyphy/ptII/ptolemy/domains/continuous/test/auto/LevelCrossingDetectorDetectingDirections.xml (RunModel)" time="0.081" />
  <testcase classname="ptolemy.util.test.junit.AutoTests" name="[83] /home/travis/build/icyphy/ptII/ptolemy/domains/continuous/test/auto/LevelCrossingDetectorDetectsGlitches.xml (RunModel)" time="0.059" />
  <testcase classname="ptolemy.util.test.junit.AutoTests" name="[84] /home/travis/build/icyphy/ptII/ptolemy/domains/continuous/test/auto/LevelCrossingNoInitialOuput.xml (RunModel)" time="0.013" />
  <testcase classname="ptolemy.util.test.junit.AutoTests" name="[85] /home/travis/build/icyphy/ptII/ptolemy/domains/continuous/test/auto/LinearStateSpaceExample.xml (RunModel)" time="0.061" />
  <testcase classname="ptolemy.util.test.junit.AutoTests" name="[86] /home/travis/build/icyphy/ptII/ptolemy/domains/continuous/test/auto/Lorenz.xml (RunModel)" time="3.326" />
  <testcase classname="ptolemy.util.test.junit.AutoTests" name="[87] /home/travis/build/icyphy/ptII/ptolemy/domains/continuous/test/auto/LorenzDifferentialSystem.xml (RunModel)" time="0.768" />
  <testcase classname="ptolemy.util.test.junit.AutoTests" name="[88] /home/travis/build/icyphy/ptII/ptolemy/domains/continuous/test/auto/LorenzDifferentialSystemWithInput.xml (RunModel)" time="1.216" />
  <testcase classname="ptolemy.util.test.junit.AutoTests" name="[89] /home/travis/build/icyphy/ptII/ptolemy/domains/continuous/test/auto/LorenzDifferentialSystemWithTime.xml (RunModel)" time="0.643" />
  <testcase classname="ptolemy.util.test.junit.AutoTests" name="[90] /home/travis/build/icyphy/ptII/ptolemy/domains/continuous/test/auto/Microsteps.xml (RunModel)" time="0.025" />
  <testcase classname="ptolemy.util.test.junit.AutoTests" name="[91] /home/travis/build/icyphy/ptII/ptolemy/domains/continuous/test/auto/Modal1.xml (RunModel)" time="0.032" />
  <testcase classname="ptolemy.util.test.junit.AutoTests" name="[92] /home/travis/build/icyphy/ptII/ptolemy/domains/continuous/test/auto/Modal2.xml (RunModel)" time="0.05" />
  <testcase classname="ptolemy.util.test.junit.AutoTests" name="[93] /home/travis/build/icyphy/ptII/ptolemy/domains/continuous/test/auto/ModalTransitionGuardWithReset.xml (RunModel)" time="0.027" />
  <testcase classname="ptolemy.util.test.junit.AutoTests" name="[94] /home/travis/build/icyphy/ptII/ptolemy/domains/continuous/test/auto/ModalTransitionGuardWithResetUsingPreemptiveTransition.xml (RunModel)" time="0.035" />
  <testcase classname="ptolemy.util.test.junit.AutoTests" name="[95] /home/travis/build/icyphy/ptII/ptolemy/domains/continuous/test/auto/ModalTransitionGuardWithResetUsingPreemptiveTransition2.xml (RunModel)" time="0.027" />
  <testcase classname="ptolemy.util.test.junit.AutoTests" name="[96] /home/travis/build/icyphy/ptII/ptolemy/domains/continuous/test/auto/ModalTransitionGuardWithResetUsingPreemptiveTransition3.xml (RunModel)" time="0.024" />
  <testcase classname="ptolemy.util.test.junit.AutoTests" name="[97] /home/travis/build/icyphy/ptII/ptolemy/domains/continuous/test/auto/NewtonsCradle.xml (RunModel)" time="0.775" />
  <testcase classname="ptolemy.util.test.junit.AutoTests" name="[98] /home/travis/build/icyphy/ptII/ptolemy/domains/continuous/test/auto/NewtonsCradleAnimated.xml (RunModel)" time="1.232" />
  <testcase classname="ptolemy.util.test.junit.AutoTests" name="[99] /home/travis/build/icyphy/ptII/ptolemy/domains/continuous/test/auto/NewtonsCradleComplicated.xml (RunModel)" time="0.95" />
  <testcase classname="ptolemy.util.test.junit.AutoTests" name="[100] /home/travis/build/icyphy/ptII/ptolemy/domains/continuous/test/auto/NewtonsCradleNondeterministic.xml (RunModel)" time="0.654" />
  <testcase classname="ptolemy.util.test.junit.AutoTests" name="[101] /home/travis/build/icyphy/ptII/ptolemy/domains/continuous/test/auto/NewtonsCradlePerfectlyInelastic1.xml (RunModel)" time="1.322" />
  <testcase classname="ptolemy.util.test.junit.AutoTests" name="[102] /home/travis/build/icyphy/ptII/ptolemy/domains/continuous/test/auto/Noise.xml (RunModel)" time="0.183" />
  <testcase classname="ptolemy.util.test.junit.AutoTests" name="[103] /home/travis/build/icyphy/ptII/ptolemy/domains/continuous/test/auto/NoiseSpectrum.xml (RunModel)" time="0.664" />
  <testcase classname="ptolemy.util.test.junit.AutoTests" name="[104] /home/travis/build/icyphy/ptII/ptolemy/domains/continuous/test/auto/ParameterizedNewtonsCradleAnimated.xml (RunModel)" time="0.359" />
  <testcase classname="ptolemy.util.test.junit.AutoTests" name="[105] /home/travis/build/icyphy/ptII/ptolemy/domains/continuous/test/auto/ParameterizedNewtonsCradleAnimatedNondeterministic.xml (RunModel)" time="1.116" />
  <testcase classname="ptolemy.util.test.junit.AutoTests" name="[106] /home/travis/build/icyphy/ptII/ptolemy/domains/continuous/test/auto/Pendulum3D.xml (RunModel)" time="0.166" />
  <testcase classname="ptolemy.util.test.junit.AutoTests" name="[107] /home/travis/build/icyphy/ptII/ptolemy/domains/continuous/test/auto/PeriodicSampler.xml (RunModel)" time="0.011" />
  <testcase classname="ptolemy.util.test.junit.AutoTests" name="[108] /home/travis/build/icyphy/ptII/ptolemy/domains/continuous/test/auto/PeriodicSampler1.xml (RunModel)" time="0.04" />
  <testcase classname="ptolemy.util.test.junit.AutoTests" name="[109] /home/travis/build/icyphy/ptII/ptolemy/domains/continuous/test/auto/PeriodicSampler2.xml (RunModel)" time="0.078" />
  <testcase classname="ptolemy.util.test.junit.AutoTests" name="[110] /home/travis/build/icyphy/ptII/ptolemy/domains/continuous/test/auto/Poisson.xml (RunModel)" time="0.425" />
  <testcase classname="ptolemy.util.test.junit.AutoTests" name="[111] /home/travis/build/icyphy/ptII/ptolemy/domains/continuous/test/auto/PoissonClock.xml (RunModel)" time="0.01" />
  <testcase classname="ptolemy.util.test.junit.AutoTests" name="[112] /home/travis/build/icyphy/ptII/ptolemy/domains/continuous/test/auto/PoissonClock2.xml (RunModel)" time="0.01" />
  <testcase classname="ptolemy.util.test.junit.AutoTests" name="[113] /home/travis/build/icyphy/ptII/ptolemy/domains/continuous/test/auto/PortParameterHierarchy.xml (RunModel)" time="0.02" />
  <testcase classname="ptolemy.util.test.junit.AutoTests" name="[114] /home/travis/build/icyphy/ptII/ptolemy/domains/continuous/test/auto/RandomHybridPlant.xml (RunModel)" time="0.527" />
  <testcase classname="ptolemy.util.test.junit.AutoTests" name="[115] /home/travis/build/icyphy/ptII/ptolemy/domains/continuous/test/auto/ResetTransitionWithStartTime1.xml (RunModel)" time="0.026" />
  <testcase classname="ptolemy.util.test.junit.AutoTests" name="[116] /home/travis/build/icyphy/ptII/ptolemy/domains/continuous/test/auto/ResetTransitionWithStartTime2.xml (RunModel)" time="0.032" />
  <testcase classname="ptolemy.util.test.junit.AutoTests" name="[117] /home/travis/build/icyphy/ptII/ptolemy/domains/continuous/test/auto/ResetTransitionWithStartTime3.xml (RunModel)" time="0.033" />
  <testcase classname="ptolemy.util.test.junit.AutoTests" name="[118] /home/travis/build/icyphy/ptII/ptolemy/domains/continuous/test/auto/ResetTransitionWithStartTime4.xml (RunModel)" time="0.026" />
  <testcase classname="ptolemy.util.test.junit.AutoTests" name="[119] /home/travis/build/icyphy/ptII/ptolemy/domains/continuous/test/auto/ResetTransitionWithStartTime5.xml (RunModel)" time="0.028" />
  <testcase classname="ptolemy.util.test.junit.AutoTests" name="[120] /home/travis/build/icyphy/ptII/ptolemy/domains/continuous/test/auto/ResetTransitionWithStartTime6.xml (RunModel)" time="0.026" />
  <testcase classname="ptolemy.util.test.junit.AutoTests" name="[121] /home/travis/build/icyphy/ptII/ptolemy/domains/continuous/test/auto/SRinContinuous.xml (RunModel)" time="0.025" />
  <testcase classname="ptolemy.util.test.junit.AutoTests" name="[122] /home/travis/build/icyphy/ptII/ptolemy/domains/continuous/test/auto/SampledClocks.xml (RunModel)" time="0.032" />
  <testcase classname="ptolemy.util.test.junit.AutoTests" name="[123] /home/travis/build/icyphy/ptII/ptolemy/domains/continuous/test/auto/Satellite.xml (RunModel)" time="0.678" />
  <testcase classname="ptolemy.util.test.junit.AutoTests" name="[124] /home/travis/build/icyphy/ptII/ptolemy/domains/continuous/test/auto/SigmaDelta.xml (RunModel)" time="2.039" />
  <testcase classname="ptolemy.util.test.junit.AutoTests" name="[125] /home/travis/build/icyphy/ptII/ptolemy/domains/continuous/test/auto/SingleRefinement.xml (RunModel)" time="0.375" />
  <testcase classname="ptolemy.util.test.junit.AutoTests" name="[126] /home/travis/build/icyphy/ptII/ptolemy/domains/continuous/test/auto/SinuBouncingBall.xml (RunModel)" time="0.818" />
  <testcase classname="ptolemy.util.test.junit.AutoTests" name="[127] /home/travis/build/icyphy/ptII/ptolemy/domains/continuous/test/auto/Sinusoid.xml (RunModel)" time="0.016" />
  <testcase classname="ptolemy.util.test.junit.AutoTests" name="[128] /home/travis/build/icyphy/ptII/ptolemy/domains/continuous/test/auto/SinusoidInNoise.xml (RunModel)" time="0.95" />
  <testcase classname="ptolemy.util.test.junit.AutoTests" name="[129] /home/travis/build/icyphy/ptII/ptolemy/domains/continuous/test/auto/SinusoidRK45.xml (RunModel)" time="0.012" />
  <testcase classname="ptolemy.util.test.junit.AutoTests" name="[130] /home/travis/build/icyphy/ptII/ptolemy/domains/continuous/test/auto/SinusoidWithMultipleImpulses.xml (RunModel)" time="0.014" />
  <testcase classname="ptolemy.util.test.junit.AutoTests" name="[131] /home/travis/build/icyphy/ptII/ptolemy/domains/continuous/test/auto/SquareWave.xml (RunModel)" time="0.164" />
  <testcase classname="ptolemy.util.test.junit.AutoTests" name="[132] /home/travis/build/icyphy/ptII/ptolemy/domains/continuous/test/auto/Starmac.xml (RunModel)" time="3.333" />
  <testcase classname="ptolemy.util.test.junit.AutoTests" name="[133] /home/travis/build/icyphy/ptII/ptolemy/domains/continuous/test/auto/StaticUnits.xml (RunModel)" time="2.646" />
  <testcase classname="ptolemy.util.test.junit.AutoTests" name="[134] /home/travis/build/icyphy/ptII/ptolemy/domains/continuous/test/auto/StickyMasses.xml (RunModel)" time="0.194" />
  <testcase classname="ptolemy.util.test.junit.AutoTests" name="[135] /home/travis/build/icyphy/ptII/ptolemy/domains/continuous/test/auto/StopTime.xml (RunModel)" time="0.06" />
  <testcase classname="ptolemy.util.test.junit.AutoTests" name="[136] /home/travis/build/icyphy/ptII/ptolemy/domains/continuous/test/auto/StopTime2.xml (RunModel)" time="0.049" />
  <testcase classname="ptolemy.util.test.junit.AutoTests" name="[137] /home/travis/build/icyphy/ptII/ptolemy/domains/continuous/test/auto/Switch.xml (RunModel)" time="0.061" />
  <testcase classname="ptolemy.util.test.junit.AutoTests" name="[138] /home/travis/build/icyphy/ptII/ptolemy/domains/continuous/test/auto/Thermostat.xml (RunModel)" time="0.194" />
  <testcase classname="ptolemy.util.test.junit.AutoTests" name="[139] /home/travis/build/icyphy/ptII/ptolemy/domains/continuous/test/auto/TimeDelay.xml (RunModel)" time="0.012" />
  <testcase classname="ptolemy.util.test.junit.AutoTests" name="[140] /home/travis/build/icyphy/ptII/ptolemy/domains/continuous/test/auto/TimeDelay2.xml (RunModel)" time="0.023" />
  <testcase classname="ptolemy.util.test.junit.AutoTests" name="[141] /home/travis/build/icyphy/ptII/ptolemy/domains/continuous/test/auto/TimeDelay3.xml (RunModel)" time="0.013" />
  <testcase classname="ptolemy.util.test.junit.AutoTests" name="[142] /home/travis/build/icyphy/ptII/ptolemy/domains/continuous/test/auto/TransferAbsentToInside.xml (RunModel)" time="0.1" />
  <testcase classname="ptolemy.util.test.junit.AutoTests" name="[143] /home/travis/build/icyphy/ptII/ptolemy/domains/continuous/test/auto/Transmission.xml (RunModel)" time="0.756" />
  <testcase classname="ptolemy.util.test.junit.AutoTests" name="[144] /home/travis/build/icyphy/ptII/ptolemy/domains/continuous/test/auto/TriggeredContinuousClock.xml (RunModel)" time="0.058" />
  <testcase classname="ptolemy.util.test.junit.AutoTests" name="[145] /home/travis/build/icyphy/ptII/ptolemy/domains/continuous/test/auto/TwoMachineInfiniteBusControl.xml (RunModel)" time="2.843" />
  <testcase classname="ptolemy.util.test.junit.AutoTests" name="[146] /home/travis/build/icyphy/ptII/ptolemy/domains/continuous/test/auto/V2V.xml (RunModel)" time="0.843" />
  <testcase classname="ptolemy.util.test.junit.AutoTests" name="[147] /home/travis/build/icyphy/ptII/ptolemy/domains/continuous/test/auto/hierarchicalModalModel.xml (RunModel)" time="0.028" />
  <testcase classname="ptolemy.util.test.junit.AutoTests" name="[148] /home/travis/build/icyphy/ptII/ptolemy/domains/continuous/test/auto/hierarchicalModalModel1.xml (RunModel)" time="0.028" />
  <testcase classname="ptolemy.util.test.junit.AutoTests" name="[149] /home/travis/build/icyphy/ptII/ptolemy/domains/continuous/test/auto/hierarchicalModalModel2.xml (RunModel)" time="0.024" />
  <testcase classname="ptolemy.util.test.junit.AutoTests" name="[150] /home/travis/build/icyphy/ptII/ptolemy/domains/continuous/test/auto/hierarchicalModalModel3.xml (RunModel)" time="0.022" />
  <testcase classname="ptolemy.util.test.junit.AutoTests" name="[151] /home/travis/build/icyphy/ptII/ptolemy/domains/continuous/test/auto/hierarchicalModalModel4.xml (RunModel)" time="0.03" />
  <testcase classname="ptolemy.util.test.junit.AutoTests" name="[152] /home/travis/build/icyphy/ptII/ptolemy/domains/continuous/test/auto/junk.xml (RunModel)" time="0.13" />
  <system-out><![CDATA[No tcl tests in /home/travis/build/icyphy/ptII/ptolemy/domains/continuous/test
No auto/knownFailedTests/*.xml tests in /home/travis/build/icyphy/ptII/ptolemy/domains/continuous/test
No auto/linux-amd64/*.xml tests in /home/travis/build/icyphy/ptII/ptolemy/domains/continuous/test
AutoTests.java: About to close Vertx.
AutoTests.java: Vertx closed.

===========================================================================================
----------------- testing Wed Apr 13 02:18:28 UTC 2022 /home/travis/build/icyphy/ptII/ptolemy/domains/continuous/test/auto/BouncingBall.xml
----------------- Instantiating /home/travis/build/icyphy/ptII/ptolemy/domains/continuous/test/auto/BouncingBall.xml
2204 ms. Memory: 155648K Free: 101950K (66%)
----------------- Invoking toplevel() on ptolemy.moml.MoMLSimpleApplication@546d9e44
----------------- Done invoking toplevel() on ptolemy.moml.MoMLSimpleApplication@546d9e44
reloadAllAccessors: .BouncingBall

===========================================================================================
----------------- testing Wed Apr 13 02:18:31 UTC 2022 /home/travis/build/icyphy/ptII/ptolemy/domains/continuous/test/auto/BouncingBallWithoutGR.xml
----------------- Instantiating /home/travis/build/icyphy/ptII/ptolemy/domains/continuous/test/auto/BouncingBallWithoutGR.xml
751 ms. Memory: 187392K Free: 154169K (82%)
----------------- Invoking toplevel() on ptolemy.moml.MoMLSimpleApplication@8f3aac7
----------------- Done invoking toplevel() on ptolemy.moml.MoMLSimpleApplication@8f3aac7
reloadAllAccessors: .BouncingBallWithoutGR

===========================================================================================
----------------- testing Wed Apr 13 02:18:32 UTC 2022 /home/travis/build/icyphy/ptII/ptolemy/domains/continuous/test/auto/Brownian.xml
----------------- Instantiating /home/travis/build/icyphy/ptII/ptolemy/domains/continuous/test/auto/Brownian.xml
27 ms. Memory: 187392K Free: 144953K (77%)
----------------- Invoking toplevel() on ptolemy.moml.MoMLSimpleApplication@40447dd2
----------------- Done invoking toplevel() on ptolemy.moml.MoMLSimpleApplication@40447dd2
reloadAllAccessors: .Brownian

===========================================================================================
----------------- testing Wed Apr 13 02:18:32 UTC 2022 /home/travis/build/icyphy/ptII/ptolemy/domains/continuous/test/auto/CarTracking.xml
----------------- Instantiating /home/travis/build/icyphy/ptII/ptolemy/domains/continuous/test/auto/CarTracking.xml
3222 ms. Memory: 225280K Free: 132207K (59%)
----------------- Invoking toplevel() on ptolemy.moml.MoMLSimpleApplication@3371bd07
----------------- Done invoking toplevel() on ptolemy.moml.MoMLSimpleApplication@3371bd07
reloadAllAccessors: .CarTracking

===========================================================================================
----------------- testing Wed Apr 13 02:18:36 UTC 2022 /home/travis/build/icyphy/ptII/ptolemy/domains/continuous/test/auto/CartPendulum.xml
----------------- Instantiating /home/travis/build/icyphy/ptII/ptolemy/domains/continuous/test/auto/CartPendulum.xml
310 ms. Memory: 225280K Free: 173565K (77%)
----------------- Invoking toplevel() on ptolemy.moml.MoMLSimpleApplication@266f6408
----------------- Done invoking toplevel() on ptolemy.moml.MoMLSimpleApplication@266f6408
reloadAllAccessors: .CartPendulum

===========================================================================================
----------------- testing Wed Apr 13 02:18:36 UTC 2022 /home/travis/build/icyphy/ptII/ptolemy/domains/continuous/test/auto/CausalityInterface10.xml
----------------- Instantiating /home/travis/build/icyphy/ptII/ptolemy/domains/continuous/test/auto/CausalityInterface10.xml
6 ms. Memory: 225280K Free: 162815K (72%)
----------------- Invoking toplevel() on ptolemy.moml.MoMLSimpleApplication@2fd1461
----------------- Done invoking toplevel() on ptolemy.moml.MoMLSimpleApplication@2fd1461
reloadAllAccessors: .CausalityInterface10

===========================================================================================
----------------- testing Wed Apr 13 02:18:36 UTC 2022 /home/travis/build/icyphy/ptII/ptolemy/domains/continuous/test/auto/CausalityInterface11.xml
----------------- Instantiating /home/travis/build/icyphy/ptII/ptolemy/domains/continuous/test/auto/CausalityInterface11.xml
4 ms. Memory: 225280K Free: 156671K (70%)
----------------- Invoking toplevel() on ptolemy.moml.MoMLSimpleApplication@64b2be01
----------------- Done invoking toplevel() on ptolemy.moml.MoMLSimpleApplication@64b2be01
reloadAllAccessors: .CausalityInterface11

===========================================================================================
----------------- testing Wed Apr 13 02:18:36 UTC 2022 /home/travis/build/icyphy/ptII/ptolemy/domains/continuous/test/auto/CausalityInterface12.xml
----------------- Instantiating /home/travis/build/icyphy/ptII/ptolemy/domains/continuous/test/auto/CausalityInterface12.xml
3 ms. Memory: 225280K Free: 150527K (67%)
----------------- Invoking toplevel() on ptolemy.moml.MoMLSimpleApplication@71b279bb
----------------- Done invoking toplevel() on ptolemy.moml.MoMLSimpleApplication@71b279bb
reloadAllAccessors: .CausalityInterface12

===========================================================================================
----------------- testing Wed Apr 13 02:18:36 UTC 2022 /home/travis/build/icyphy/ptII/ptolemy/domains/continuous/test/auto/CausalityInterface13.xml
----------------- Instantiating /home/travis/build/icyphy/ptII/ptolemy/domains/continuous/test/auto/CausalityInterface13.xml
10 ms. Memory: 225280K Free: 144383K (64%)
----------------- Invoking toplevel() on ptolemy.moml.MoMLSimpleApplication@bcf71cc
----------------- Done invoking toplevel() on ptolemy.moml.MoMLSimpleApplication@bcf71cc
reloadAllAccessors: .CausalityInterface13

===========================================================================================
----------------- testing Wed Apr 13 02:18:36 UTC 2022 /home/travis/build/icyphy/ptII/ptolemy/domains/continuous/test/auto/CausalityInterface14.xml
----------------- Instantiating /home/travis/build/icyphy/ptII/ptolemy/domains/continuous/test/auto/CausalityInterface14.xml
5 ms. Memory: 225280K Free: 138735K (62%)
----------------- Invoking toplevel() on ptolemy.moml.MoMLSimpleApplication@55792fd2
----------------- Done invoking toplevel() on ptolemy.moml.MoMLSimpleApplication@55792fd2
reloadAllAccessors: .CausalityInterface14

===========================================================================================
----------------- testing Wed Apr 13 02:18:36 UTC 2022 /home/travis/build/icyphy/ptII/ptolemy/domains/continuous/test/auto/CausalityInterface4.xml
----------------- Instantiating /home/travis/build/icyphy/ptII/ptolemy/domains/continuous/test/auto/CausalityInterface4.xml
3 ms. Memory: 225280K Free: 131567K (58%)
----------------- Invoking toplevel() on ptolemy.moml.MoMLSimpleApplication@468c19e5
----------------- Done invoking toplevel() on ptolemy.moml.MoMLSimpleApplication@468c19e5
reloadAllAccessors: .CausalityInterface4

===========================================================================================
----------------- testing Wed Apr 13 02:18:36 UTC 2022 /home/travis/build/icyphy/ptII/ptolemy/domains/continuous/test/auto/CausalityInterface5.xml
----------------- Instantiating /home/travis/build/icyphy/ptII/ptolemy/domains/continuous/test/auto/CausalityInterface5.xml
8 ms. Memory: 225280K Free: 123389K (55%)
----------------- Invoking toplevel() on ptolemy.moml.MoMLSimpleApplication@479cc98b
----------------- Done invoking toplevel() on ptolemy.moml.MoMLSimpleApplication@479cc98b
reloadAllAccessors: .CausalityInterface5

===========================================================================================
----------------- testing Wed Apr 13 02:18:36 UTC 2022 /home/travis/build/icyphy/ptII/ptolemy/domains/continuous/test/auto/CausalityInterface6.xml
----------------- Instantiating /home/travis/build/icyphy/ptII/ptolemy/domains/continuous/test/auto/CausalityInterface6.xml
4 ms. Memory: 225280K Free: 118255K (52%)
----------------- Invoking toplevel() on ptolemy.moml.MoMLSimpleApplication@6aba0b09
----------------- Done invoking toplevel() on ptolemy.moml.MoMLSimpleApplication@6aba0b09
reloadAllAccessors: .CausalityInterface6

===========================================================================================
----------------- testing Wed Apr 13 02:18:36 UTC 2022 /home/travis/build/icyphy/ptII/ptolemy/domains/continuous/test/auto/CausalityInterface7.xml
----------------- Instantiating /home/travis/build/icyphy/ptII/ptolemy/domains/continuous/test/auto/CausalityInterface7.xml
13 ms. Memory: 225280K Free: 109567K (49%)
----------------- Invoking toplevel() on ptolemy.moml.MoMLSimpleApplication@596cb9ce
----------------- Done invoking toplevel() on ptolemy.moml.MoMLSimpleApplication@596cb9ce
reloadAllAccessors: .CausalityInterface7

===========================================================================================
----------------- testing Wed Apr 13 02:18:36 UTC 2022 /home/travis/build/icyphy/ptII/ptolemy/domains/continuous/test/auto/CausalityInterface8.xml
----------------- Instantiating /home/travis/build/icyphy/ptII/ptolemy/domains/continuous/test/auto/CausalityInterface8.xml
5 ms. Memory: 225280K Free: 100351K (45%)
----------------- Invoking toplevel() on ptolemy.moml.MoMLSimpleApplication@31cf09f3
----------------- Done invoking toplevel() on ptolemy.moml.MoMLSimpleApplication@31cf09f3
reloadAllAccessors: .CausalityInterface8

===========================================================================================
----------------- testing Wed Apr 13 02:18:36 UTC 2022 /home/travis/build/icyphy/ptII/ptolemy/domains/continuous/test/auto/CausalityInterface9.xml
----------------- Instantiating /home/travis/build/icyphy/ptII/ptolemy/domains/continuous/test/auto/CausalityInterface9.xml
9 ms. Memory: 225280K Free: 89597K (40%)
----------------- Invoking toplevel() on ptolemy.moml.MoMLSimpleApplication@6e813a14
----------------- Done invoking toplevel() on ptolemy.moml.MoMLSimpleApplication@6e813a14
reloadAllAccessors: .CausalityInterface9

===========================================================================================
----------------- testing Wed Apr 13 02:18:36 UTC 2022 /home/travis/build/icyphy/ptII/ptolemy/domains/continuous/test/auto/CausalityInterfaceFeedback1.xml
----------------- Instantiating /home/travis/build/icyphy/ptII/ptolemy/domains/continuous/test/auto/CausalityInterfaceFeedback1.xml
6 ms. Memory: 225280K Free: 82943K (37%)
----------------- Invoking toplevel() on ptolemy.moml.MoMLSimpleApplication@4c75cfb0
----------------- Done invoking toplevel() on ptolemy.moml.MoMLSimpleApplication@4c75cfb0
reloadAllAccessors: .CausalityInterfaceFeedback1

===========================================================================================
----------------- testing Wed Apr 13 02:18:36 UTC 2022 /home/travis/build/icyphy/ptII/ptolemy/domains/continuous/test/auto/CausalityInterfaceFeedback2.xml
----------------- Instantiating /home/travis/build/icyphy/ptII/ptolemy/domains/continuous/test/auto/CausalityInterfaceFeedback2.xml
11 ms. Memory: 225280K Free: 209991K (93%)
----------------- Invoking toplevel() on ptolemy.moml.MoMLSimpleApplication@69132e10
----------------- Done invoking toplevel() on ptolemy.moml.MoMLSimpleApplication@69132e10
reloadAllAccessors: .CausalityInterfaceFeedback2

===========================================================================================
----------------- testing Wed Apr 13 02:18:36 UTC 2022 /home/travis/build/icyphy/ptII/ptolemy/domains/continuous/test/auto/CompareWithCurrentTime.xml
----------------- Instantiating /home/travis/build/icyphy/ptII/ptolemy/domains/continuous/test/auto/CompareWithCurrentTime.xml
2 ms. Memory: 225280K Free: 205429K (91%)
----------------- Invoking toplevel() on ptolemy.moml.MoMLSimpleApplication@76a5c218
----------------- Done invoking toplevel() on ptolemy.moml.MoMLSimpleApplication@76a5c218
reloadAllAccessors: .CompareWithCurrentTime

===========================================================================================
----------------- testing Wed Apr 13 02:18:36 UTC 2022 /home/travis/build/icyphy/ptII/ptolemy/domains/continuous/test/auto/ComparedClocks.xml
----------------- Instantiating /home/travis/build/icyphy/ptII/ptolemy/domains/continuous/test/auto/ComparedClocks.xml
5 ms. Memory: 225280K Free: 190069K (84%)
----------------- Invoking toplevel() on ptolemy.moml.MoMLSimpleApplication@5a774304
----------------- Done invoking toplevel() on ptolemy.moml.MoMLSimpleApplication@5a774304
reloadAllAccessors: .ComparedClocks

===========================================================================================
----------------- testing Wed Apr 13 02:18:37 UTC 2022 /home/travis/build/icyphy/ptII/ptolemy/domains/continuous/test/auto/ContinuousAOCClone.xml
----------------- Instantiating /home/travis/build/icyphy/ptII/ptolemy/domains/continuous/test/auto/ContinuousAOCClone.xml
2234 ms. Memory: 271360K Free: 143984K (53%)
----------------- Invoking toplevel() on ptolemy.moml.MoMLSimpleApplication@45d64a98
----------------- Done invoking toplevel() on ptolemy.moml.MoMLSimpleApplication@45d64a98
reloadAllAccessors: .ContinuousAOCClone

===========================================================================================
----------------- testing Wed Apr 13 02:18:39 UTC 2022 /home/travis/build/icyphy/ptII/ptolemy/domains/continuous/test/auto/ContinuousClock.xml
----------------- Instantiating /home/travis/build/icyphy/ptII/ptolemy/domains/continuous/test/auto/ContinuousClock.xml
29 ms. Memory: 271360K Free: 121970K (45%)
----------------- Invoking toplevel() on ptolemy.moml.MoMLSimpleApplication@6fd815ad
----------------- Done invoking toplevel() on ptolemy.moml.MoMLSimpleApplication@6fd815ad
reloadAllAccessors: .ContinuousClock

===========================================================================================
----------------- testing Wed Apr 13 02:18:39 UTC 2022 /home/travis/build/icyphy/ptII/ptolemy/domains/continuous/test/auto/ContinuousInContinuous.xml
----------------- Instantiating /home/travis/build/icyphy/ptII/ptolemy/domains/continuous/test/auto/ContinuousInContinuous.xml
40 ms. Memory: 271360K Free: 98418K (36%)
----------------- Invoking toplevel() on ptolemy.moml.MoMLSimpleApplication@52dd747a
----------------- Done invoking toplevel() on ptolemy.moml.MoMLSimpleApplication@52dd747a
reloadAllAccessors: .ContinuousInContinuous

===========================================================================================
----------------- testing Wed Apr 13 02:18:39 UTC 2022 /home/travis/build/icyphy/ptII/ptolemy/domains/continuous/test/auto/ContinuousInContinuousInContinuous.xml
----------------- Instantiating /home/travis/build/icyphy/ptII/ptolemy/domains/continuous/test/auto/ContinuousInContinuousInContinuous.xml
7 ms. Memory: 271360K Free: 252511K (93%)
----------------- Invoking toplevel() on ptolemy.moml.MoMLSimpleApplication@4902c39c
----------------- Done invoking toplevel() on ptolemy.moml.MoMLSimpleApplication@4902c39c
reloadAllAccessors: .ContinuousInContinuousInContinuous

===========================================================================================
----------------- testing Wed Apr 13 02:18:39 UTC 2022 /home/travis/build/icyphy/ptII/ptolemy/domains/continuous/test/auto/ContinuousInDE.xml
----------------- Instantiating /home/travis/build/icyphy/ptII/ptolemy/domains/continuous/test/auto/ContinuousInDE.xml
99 ms. Memory: 271360K Free: 241761K (89%)
----------------- Invoking toplevel() on ptolemy.moml.MoMLSimpleApplication@55956e45
----------------- Done invoking toplevel() on ptolemy.moml.MoMLSimpleApplication@55956e45
reloadAllAccessors: .ContinuousInDE

===========================================================================================
----------------- testing Wed Apr 13 02:18:39 UTC 2022 /home/travis/build/icyphy/ptII/ptolemy/domains/continuous/test/auto/ContinuousInDE2.xml
----------------- Instantiating /home/travis/build/icyphy/ptII/ptolemy/domains/continuous/test/auto/ContinuousInDE2.xml
31 ms. Memory: 271360K Free: 232031K (86%)
----------------- Invoking toplevel() on ptolemy.moml.MoMLSimpleApplication@67b5172c
----------------- Done invoking toplevel() on ptolemy.moml.MoMLSimpleApplication@67b5172c
reloadAllAccessors: .ContinuousInDE2

===========================================================================================
----------------- testing Wed Apr 13 02:18:39 UTC 2022 /home/travis/build/icyphy/ptII/ptolemy/domains/continuous/test/auto/ContinuousInDE3.xml
----------------- Instantiating /home/travis/build/icyphy/ptII/ptolemy/domains/continuous/test/auto/ContinuousInDE3.xml
35 ms. Memory: 271360K Free: 222305K (82%)
----------------- Invoking toplevel() on ptolemy.moml.MoMLSimpleApplication@5dfb8074
----------------- Done invoking toplevel() on ptolemy.moml.MoMLSimpleApplication@5dfb8074
reloadAllAccessors: .ContinuousInDE3

===========================================================================================
----------------- testing Wed Apr 13 02:18:39 UTC 2022 /home/travis/build/icyphy/ptII/ptolemy/domains/continuous/test/auto/ContinuousInDE4.xml
----------------- Instantiating /home/travis/build/icyphy/ptII/ptolemy/domains/continuous/test/auto/ContinuousInDE4.xml
15 ms. Memory: 271360K Free: 216161K (80%)
----------------- Invoking toplevel() on ptolemy.moml.MoMLSimpleApplication@28829a8e
----------------- Done invoking toplevel() on ptolemy.moml.MoMLSimpleApplication@28829a8e
reloadAllAccessors: .ContinuousInDE4

===========================================================================================
----------------- testing Wed Apr 13 02:18:39 UTC 2022 /home/travis/build/icyphy/ptII/ptolemy/domains/continuous/test/auto/ContinuousInDEDifferentRefinements.xml
----------------- Instantiating /home/travis/build/icyphy/ptII/ptolemy/domains/continuous/test/auto/ContinuousInDEDifferentRefinements.xml
44 ms. Memory: 271360K Free: 184927K (68%)
----------------- Invoking toplevel() on ptolemy.moml.MoMLSimpleApplication@7f627b12
----------------- Done invoking toplevel() on ptolemy.moml.MoMLSimpleApplication@7f627b12
reloadAllAccessors: .ContinuousInDEDifferentRefinements

===========================================================================================
----------------- testing Wed Apr 13 02:18:39 UTC 2022 /home/travis/build/icyphy/ptII/ptolemy/domains/continuous/test/auto/ContinuousInDEDifferentRefinementsPreemptive.xml
----------------- Instantiating /home/travis/build/icyphy/ptII/ptolemy/domains/continuous/test/auto/ContinuousInDEDifferentRefinementsPreemptive.xml
38 ms. Memory: 271360K Free: 154176K (57%)
----------------- Invoking toplevel() on ptolemy.moml.MoMLSimpleApplication@53582eef
----------------- Done invoking toplevel() on ptolemy.moml.MoMLSimpleApplication@53582eef
reloadAllAccessors: .ContinuousInDEDifferentRefinementsPreemptive

===========================================================================================
----------------- testing Wed Apr 13 02:18:40 UTC 2022 /home/travis/build/icyphy/ptII/ptolemy/domains/continuous/test/auto/ContinuousInDEInContinuous2.xml
----------------- Instantiating /home/travis/build/icyphy/ptII/ptolemy/domains/continuous/test/auto/ContinuousInDEInContinuous2.xml
32 ms. Memory: 271360K Free: 142943K (53%)
----------------- Invoking toplevel() on ptolemy.moml.MoMLSimpleApplication@51cb8888
----------------- Done invoking toplevel() on ptolemy.moml.MoMLSimpleApplication@51cb8888
reloadAllAccessors: .ContinuousInDEInContinuous2

===========================================================================================
----------------- testing Wed Apr 13 02:18:40 UTC 2022 /home/travis/build/icyphy/ptII/ptolemy/domains/continuous/test/auto/ContinuousInDEInContinuous3.xml
----------------- Instantiating /home/travis/build/icyphy/ptII/ptolemy/domains/continuous/test/auto/ContinuousInDEInContinuous3.xml
33 ms. Memory: 271360K Free: 130655K (48%)
----------------- Invoking toplevel() on ptolemy.moml.MoMLSimpleApplication@20e693a8
----------------- Done invoking toplevel() on ptolemy.moml.MoMLSimpleApplication@20e693a8
reloadAllAccessors: .ContinuousInDEInContinuous3

===========================================================================================
----------------- testing Wed Apr 13 02:18:40 UTC 2022 /home/travis/build/icyphy/ptII/ptolemy/domains/continuous/test/auto/ContinuousInDEInput.xml
----------------- Instantiating /home/travis/build/icyphy/ptII/ptolemy/domains/continuous/test/auto/ContinuousInDEInput.xml
13 ms. Memory: 271360K Free: 123487K (46%)
----------------- Invoking toplevel() on ptolemy.moml.MoMLSimpleApplication@2d91f0ae
----------------- Done invoking toplevel() on ptolemy.moml.MoMLSimpleApplication@2d91f0ae
reloadAllAccessors: .ContinuousInDEInput

===========================================================================================
----------------- testing Wed Apr 13 02:18:40 UTC 2022 /home/travis/build/icyphy/ptII/ptolemy/domains/continuous/test/auto/ContinuousInDEInput2.xml
----------------- Instantiating /home/travis/build/icyphy/ptII/ptolemy/domains/continuous/test/auto/ContinuousInDEInput2.xml
11 ms. Memory: 271360K Free: 116319K (43%)
----------------- Invoking toplevel() on ptolemy.moml.MoMLSimpleApplication@1b986e2b
----------------- Done invoking toplevel() on ptolemy.moml.MoMLSimpleApplication@1b986e2b
reloadAllAccessors: .ContinuousInDEInput2

===========================================================================================
----------------- testing Wed Apr 13 02:18:40 UTC 2022 /home/travis/build/icyphy/ptII/ptolemy/domains/continuous/test/auto/ContinuousInDEInput3.xml
----------------- Instantiating /home/travis/build/icyphy/ptII/ptolemy/domains/continuous/test/auto/ContinuousInDEInput3.xml
12 ms. Memory: 271360K Free: 109151K (40%)
----------------- Invoking toplevel() on ptolemy.moml.MoMLSimpleApplication@1dc880c0
----------------- Done invoking toplevel() on ptolemy.moml.MoMLSimpleApplication@1dc880c0
reloadAllAccessors: .ContinuousInDEInput3

===========================================================================================
----------------- testing Wed Apr 13 02:18:40 UTC 2022 /home/travis/build/icyphy/ptII/ptolemy/domains/continuous/test/auto/ContinuousInDESharingRefinement.xml
----------------- Instantiating /home/travis/build/icyphy/ptII/ptolemy/domains/continuous/test/auto/ContinuousInDESharingRefinement.xml
152 ms. Memory: 271360K Free: 176669K (65%)
----------------- Invoking toplevel() on ptolemy.moml.MoMLSimpleApplication@617cb8a2
----------------- Done invoking toplevel() on ptolemy.moml.MoMLSimpleApplication@617cb8a2
reloadAllAccessors: .ContinuousInDESharingRefinement

===========================================================================================
----------------- testing Wed Apr 13 02:18:40 UTC 2022 /home/travis/build/icyphy/ptII/ptolemy/domains/continuous/test/auto/ContinuousInDEwithNoPorts.xml
----------------- Instantiating /home/travis/build/icyphy/ptII/ptolemy/domains/continuous/test/auto/ContinuousInDEwithNoPorts.xml
2 ms. Memory: 271360K Free: 172186K (63%)
----------------- Invoking toplevel() on ptolemy.moml.MoMLSimpleApplication@668b9227
----------------- Done invoking toplevel() on ptolemy.moml.MoMLSimpleApplication@668b9227
reloadAllAccessors: .ContinuousInDEwithNoPorts

===========================================================================================
----------------- testing Wed Apr 13 02:18:40 UTC 2022 /home/travis/build/icyphy/ptII/ptolemy/domains/continuous/test/auto/ContinuousInsideDE.xml
----------------- Instantiating /home/travis/build/icyphy/ptII/ptolemy/domains/continuous/test/auto/ContinuousInsideDE.xml
31 ms. Memory: 271360K Free: 160408K (59%)
----------------- Invoking toplevel() on ptolemy.moml.MoMLSimpleApplication@2347adce
----------------- Done invoking toplevel() on ptolemy.moml.MoMLSimpleApplication@2347adce
reloadAllAccessors: .ContinuousInsideDE

===========================================================================================
----------------- testing Wed Apr 13 02:18:40 UTC 2022 /home/travis/build/icyphy/ptII/ptolemy/domains/continuous/test/auto/ContinuousMerge1.xml
----------------- Instantiating /home/travis/build/icyphy/ptII/ptolemy/domains/continuous/test/auto/ContinuousMerge1.xml
2 ms. Memory: 271360K Free: 156298K (58%)
----------------- Invoking toplevel() on ptolemy.moml.MoMLSimpleApplication@61214744
----------------- Done invoking toplevel() on ptolemy.moml.MoMLSimpleApplication@61214744
reloadAllAccessors: .ContinuousMerge1

===========================================================================================
----------------- testing Wed Apr 13 02:18:40 UTC 2022 /home/travis/build/icyphy/ptII/ptolemy/domains/continuous/test/auto/ContinuousMerge2.xml
----------------- Instantiating /home/travis/build/icyphy/ptII/ptolemy/domains/continuous/test/auto/ContinuousMerge2.xml
14 ms. Memory: 271360K Free: 146072K (54%)
----------------- Invoking toplevel() on ptolemy.moml.MoMLSimpleApplication@272d0d43
----------------- Done invoking toplevel() on ptolemy.moml.MoMLSimpleApplication@272d0d43
reloadAllAccessors: .ContinuousMerge2

===========================================================================================
----------------- testing Wed Apr 13 02:18:40 UTC 2022 /home/travis/build/icyphy/ptII/ptolemy/domains/continuous/test/auto/ContinuousMerge3.xml
----------------- Instantiating /home/travis/build/icyphy/ptII/ptolemy/domains/continuous/test/auto/ContinuousMerge3.xml
45 ms. Memory: 271360K Free: 135322K (50%)
----------------- Invoking toplevel() on ptolemy.moml.MoMLSimpleApplication@790407c
----------------- Done invoking toplevel() on ptolemy.moml.MoMLSimpleApplication@790407c
reloadAllAccessors: .ContinuousMerge3

===========================================================================================
----------------- testing Wed Apr 13 02:18:40 UTC 2022 /home/travis/build/icyphy/ptII/ptolemy/domains/continuous/test/auto/ContinuousWithinContinuous.xml
----------------- Instantiating /home/travis/build/icyphy/ptII/ptolemy/domains/continuous/test/auto/ContinuousWithinContinuous.xml
30 ms. Memory: 271360K Free: 126106K (46%)
----------------- Invoking toplevel() on ptolemy.moml.MoMLSimpleApplication@5d1dc0b4
----------------- Done invoking toplevel() on ptolemy.moml.MoMLSimpleApplication@5d1dc0b4
reloadAllAccessors: .ContinuousWithinContinuous

===========================================================================================
----------------- testing Wed Apr 13 02:18:40 UTC 2022 /home/travis/build/icyphy/ptII/ptolemy/domains/continuous/test/auto/ContinuousWithinContinuous2.xml
----------------- Instantiating /home/travis/build/icyphy/ptII/ptolemy/domains/continuous/test/auto/ContinuousWithinContinuous2.xml
51 ms. Memory: 271360K Free: 115352K (43%)
----------------- Invoking toplevel() on ptolemy.moml.MoMLSimpleApplication@de2c3ad
----------------- Done invoking toplevel() on ptolemy.moml.MoMLSimpleApplication@de2c3ad
reloadAllAccessors: .ContinuousWithinContinuous2

===========================================================================================
----------------- testing Wed Apr 13 02:18:40 UTC 2022 /home/travis/build/icyphy/ptII/ptolemy/domains/continuous/test/auto/ContinuousWithinContinuous3.xml
----------------- Instantiating /home/travis/build/icyphy/ptII/ptolemy/domains/continuous/test/auto/ContinuousWithinContinuous3.xml
10 ms. Memory: 271360K Free: 108698K (40%)
----------------- Invoking toplevel() on ptolemy.moml.MoMLSimpleApplication@4e4e825a
----------------- Done invoking toplevel() on ptolemy.moml.MoMLSimpleApplication@4e4e825a
reloadAllAccessors: .ContinuousWithinContinuous3

===========================================================================================
----------------- testing Wed Apr 13 02:18:40 UTC 2022 /home/travis/build/icyphy/ptII/ptolemy/domains/continuous/test/auto/ContinuousWithinContinuous4.xml
----------------- Instantiating /home/travis/build/icyphy/ptII/ptolemy/domains/continuous/test/auto/ContinuousWithinContinuous4.xml
57 ms. Memory: 271360K Free: 95896K (35%)
----------------- Invoking toplevel() on ptolemy.moml.MoMLSimpleApplication@33c037dc
----------------- Done invoking toplevel() on ptolemy.moml.MoMLSimpleApplication@33c037dc
reloadAllAccessors: .ContinuousWithinContinuous4

===========================================================================================
----------------- testing Wed Apr 13 02:18:40 UTC 2022 /home/travis/build/icyphy/ptII/ptolemy/domains/continuous/test/auto/ContinuousWithinContinuous5.xml
----------------- Instantiating /home/travis/build/icyphy/ptII/ptolemy/domains/continuous/test/auto/ContinuousWithinContinuous5.xml
10 ms. Memory: 271360K Free: 250042K (92%)
----------------- Invoking toplevel() on ptolemy.moml.MoMLSimpleApplication@2ab3102
----------------- Done invoking toplevel() on ptolemy.moml.MoMLSimpleApplication@2ab3102
reloadAllAccessors: .ContinuousWithinContinuous5

===========================================================================================
----------------- testing Wed Apr 13 02:18:40 UTC 2022 /home/travis/build/icyphy/ptII/ptolemy/domains/continuous/test/auto/ContinuousWithinContinuous6.xml
----------------- Instantiating /home/travis/build/icyphy/ptII/ptolemy/domains/continuous/test/auto/ContinuousWithinContinuous6.xml
11 ms. Memory: 271360K Free: 242874K (90%)
----------------- Invoking toplevel() on ptolemy.moml.MoMLSimpleApplication@6f2bfa07
----------------- Done invoking toplevel() on ptolemy.moml.MoMLSimpleApplication@6f2bfa07
reloadAllAccessors: .ContinuousWithinContinuous6

===========================================================================================
----------------- testing Wed Apr 13 02:18:40 UTC 2022 /home/travis/build/icyphy/ptII/ptolemy/domains/continuous/test/auto/ContinuousWithinContinuous7.xml
----------------- Instantiating /home/travis/build/icyphy/ptII/ptolemy/domains/continuous/test/auto/ContinuousWithinContinuous7.xml
50 ms. Memory: 271360K Free: 232120K (86%)
----------------- Invoking toplevel() on ptolemy.moml.MoMLSimpleApplication@390faf11
----------------- Done invoking toplevel() on ptolemy.moml.MoMLSimpleApplication@390faf11
reloadAllAccessors: .ContinuousWithinContinuous7

===========================================================================================
----------------- testing Wed Apr 13 02:18:40 UTC 2022 /home/travis/build/icyphy/ptII/ptolemy/domains/continuous/test/auto/DCMotor.xml
----------------- Instantiating /home/travis/build/icyphy/ptII/ptolemy/domains/continuous/test/auto/DCMotor.xml
12397 ms. Memory: 271360K Free: 219883K (81%)
----------------- Invoking toplevel() on ptolemy.moml.MoMLSimpleApplication@4d54ab08
----------------- Done invoking toplevel() on ptolemy.moml.MoMLSimpleApplication@4d54ab08
reloadAllAccessors: .DCMotor

===========================================================================================
----------------- testing Wed Apr 13 02:18:53 UTC 2022 /home/travis/build/icyphy/ptII/ptolemy/domains/continuous/test/auto/DEInContinuous.xml
----------------- Instantiating /home/travis/build/icyphy/ptII/ptolemy/domains/continuous/test/auto/DEInContinuous.xml
20 ms. Memory: 271360K Free: 213739K (79%)
----------------- Invoking toplevel() on ptolemy.moml.MoMLSimpleApplication@53ea09a4
----------------- Done invoking toplevel() on ptolemy.moml.MoMLSimpleApplication@53ea09a4
reloadAllAccessors: .DEInContinuous

===========================================================================================
----------------- testing Wed Apr 13 02:18:53 UTC 2022 /home/travis/build/icyphy/ptII/ptolemy/domains/continuous/test/auto/DEinContinuous2.xml
----------------- Instantiating /home/travis/build/icyphy/ptII/ptolemy/domains/continuous/test/auto/DEinContinuous2.xml
6 ms. Memory: 271360K Free: 205547K (76%)
----------------- Invoking toplevel() on ptolemy.moml.MoMLSimpleApplication@61a2a335
----------------- Done invoking toplevel() on ptolemy.moml.MoMLSimpleApplication@61a2a335
reloadAllAccessors: .DEinContinuous2

===========================================================================================
----------------- testing Wed Apr 13 02:18:53 UTC 2022 /home/travis/build/icyphy/ptII/ptolemy/domains/continuous/test/auto/Derivative.xml
----------------- Instantiating /home/travis/build/icyphy/ptII/ptolemy/domains/continuous/test/auto/Derivative.xml
124 ms. Memory: 271360K Free: 176361K (65%)
----------------- Invoking toplevel() on ptolemy.moml.MoMLSimpleApplication@7fff60b3
----------------- Done invoking toplevel() on ptolemy.moml.MoMLSimpleApplication@7fff60b3
reloadAllAccessors: .Derivative2

===========================================================================================
----------------- testing Wed Apr 13 02:18:53 UTC 2022 /home/travis/build/icyphy/ptII/ptolemy/domains/continuous/test/auto/Derivative1.xml
----------------- Instantiating /home/travis/build/icyphy/ptII/ptolemy/domains/continuous/test/auto/Derivative1.xml
28 ms. Memory: 271360K Free: 162025K (60%)
----------------- Invoking toplevel() on ptolemy.moml.MoMLSimpleApplication@6fca696c
----------------- Done invoking toplevel() on ptolemy.moml.MoMLSimpleApplication@6fca696c
reloadAllAccessors: .Derivative1

===========================================================================================
----------------- testing Wed Apr 13 02:18:53 UTC 2022 /home/travis/build/icyphy/ptII/ptolemy/domains/continuous/test/auto/DiscreteClock.xml
----------------- Instantiating /home/travis/build/icyphy/ptII/ptolemy/domains/continuous/test/auto/DiscreteClock.xml
3 ms. Memory: 271360K Free: 156905K (58%)
----------------- Invoking toplevel() on ptolemy.moml.MoMLSimpleApplication@2b90aa2e
----------------- Done invoking toplevel() on ptolemy.moml.MoMLSimpleApplication@2b90aa2e
reloadAllAccessors: .DiscreteClock

===========================================================================================
----------------- testing Wed Apr 13 02:18:53 UTC 2022 /home/travis/build/icyphy/ptII/ptolemy/domains/continuous/test/auto/EfficiencyCurve.xml
----------------- Instantiating /home/travis/build/icyphy/ptII/ptolemy/domains/continuous/test/auto/EfficiencyCurve.xml
61 ms. Memory: 271360K Free: 148203K (55%)
----------------- Invoking toplevel() on ptolemy.moml.MoMLSimpleApplication@36c98e06
----------------- Done invoking toplevel() on ptolemy.moml.MoMLSimpleApplication@36c98e06
reloadAllAccessors: .EfficiencyCurve

===========================================================================================
----------------- testing Wed Apr 13 02:18:53 UTC 2022 /home/travis/build/icyphy/ptII/ptolemy/domains/continuous/test/auto/ExponentialResponse.xml
----------------- Instantiating /home/travis/build/icyphy/ptII/ptolemy/domains/continuous/test/auto/ExponentialResponse.xml
111 ms. Memory: 271360K Free: 132329K (49%)
----------------- Invoking toplevel() on ptolemy.moml.MoMLSimpleApplication@5f8ce203
----------------- Done invoking toplevel() on ptolemy.moml.MoMLSimpleApplication@5f8ce203
reloadAllAccessors: .ExponentialResponse

===========================================================================================
----------------- testing Wed Apr 13 02:18:53 UTC 2022 /home/travis/build/icyphy/ptII/ptolemy/domains/continuous/test/auto/ExponentialResponseRK45.xml
----------------- Instantiating /home/travis/build/icyphy/ptII/ptolemy/domains/continuous/test/auto/ExponentialResponseRK45.xml
24 ms. Memory: 271360K Free: 125675K (46%)
----------------- Invoking toplevel() on ptolemy.moml.MoMLSimpleApplication@6c2c8729
----------------- Done invoking toplevel() on ptolemy.moml.MoMLSimpleApplication@6c2c8729
reloadAllAccessors: .ExponentialResponseRK45

===========================================================================================
----------------- testing Wed Apr 13 02:18:53 UTC 2022 /home/travis/build/icyphy/ptII/ptolemy/domains/continuous/test/auto/Friction.xml
----------------- Instantiating /home/travis/build/icyphy/ptII/ptolemy/domains/continuous/test/auto/Friction.xml
1491 ms. Memory: 271360K Free: 181784K (67%)
----------------- Invoking toplevel() on ptolemy.moml.MoMLSimpleApplication@3219a60
----------------- Done invoking toplevel() on ptolemy.moml.MoMLSimpleApplication@3219a60
reloadAllAccessors: .Friction

===========================================================================================
----------------- testing Wed Apr 13 02:18:55 UTC 2022 /home/travis/build/icyphy/ptII/ptolemy/domains/continuous/test/auto/FurutaPendulum.xml
----------------- Instantiating /home/travis/build/icyphy/ptII/ptolemy/domains/continuous/test/auto/FurutaPendulum.xml
3126 ms. Memory: 271360K Free: 173676K (64%)
----------------- Invoking toplevel() on ptolemy.moml.MoMLSimpleApplication@6f2c7376
----------------- Done invoking toplevel() on ptolemy.moml.MoMLSimpleApplication@6f2c7376
reloadAllAccessors: .FurutaPendulum

===========================================================================================
----------------- testing Wed Apr 13 02:18:58 UTC 2022 /home/travis/build/icyphy/ptII/ptolemy/domains/continuous/test/auto/HierarchicalExecution.xml
----------------- Instantiating /home/travis/build/icyphy/ptII/ptolemy/domains/continuous/test/auto/HierarchicalExecution.xml
1487 ms. Memory: 271360K Free: 201960K (74%)
----------------- Invoking toplevel() on ptolemy.moml.MoMLSimpleApplication@50cd8366
----------------- Done invoking toplevel() on ptolemy.moml.MoMLSimpleApplication@50cd8366
reloadAllAccessors: .HierarchicalExecution

===========================================================================================
----------------- testing Wed Apr 13 02:19:00 UTC 2022 /home/travis/build/icyphy/ptII/ptolemy/domains/continuous/test/auto/HybridPlant.xml
----------------- Instantiating /home/travis/build/icyphy/ptII/ptolemy/domains/continuous/test/auto/HybridPlant.xml
509 ms. Memory: 271360K Free: 99039K (36%)
----------------- Invoking toplevel() on ptolemy.moml.MoMLSimpleApplication@2585d889
----------------- Done invoking toplevel() on ptolemy.moml.MoMLSimpleApplication@2585d889
reloadAllAccessors: .HybridPlant

===========================================================================================
----------------- testing Wed Apr 13 02:19:01 UTC 2022 /home/travis/build/icyphy/ptII/ptolemy/domains/continuous/test/auto/Hysteresis.xml
----------------- Instantiating /home/travis/build/icyphy/ptII/ptolemy/domains/continuous/test/auto/Hysteresis.xml
165 ms. Memory: 271360K Free: 197492K (73%)
----------------- Invoking toplevel() on ptolemy.moml.MoMLSimpleApplication@bb9c6ab
----------------- Done invoking toplevel() on ptolemy.moml.MoMLSimpleApplication@bb9c6ab
reloadAllAccessors: .Hysteresis

===========================================================================================
----------------- testing Wed Apr 13 02:19:01 UTC 2022 /home/travis/build/icyphy/ptII/ptolemy/domains/continuous/test/auto/HysteresisWithRandomDelay.xml
----------------- Instantiating /home/travis/build/icyphy/ptII/ptolemy/domains/continuous/test/auto/HysteresisWithRandomDelay.xml
191 ms. Memory: 271360K Free: 125298K (46%)
----------------- Invoking toplevel() on ptolemy.moml.MoMLSimpleApplication@5f6e82d3
----------------- Done invoking toplevel() on ptolemy.moml.MoMLSimpleApplication@5f6e82d3
reloadAllAccessors: .HysteresisWithRandomDelay

===========================================================================================
----------------- testing Wed Apr 13 02:19:01 UTC 2022 /home/travis/build/icyphy/ptII/ptolemy/domains/continuous/test/auto/HysteresisWithRandomLosses.xml
----------------- Instantiating /home/travis/build/icyphy/ptII/ptolemy/domains/continuous/test/auto/HysteresisWithRandomLosses.xml
2335 ms. Memory: 271360K Free: 173975K (64%)
----------------- Invoking toplevel() on ptolemy.moml.MoMLSimpleApplication@41f15e60
----------------- Done invoking toplevel() on ptolemy.moml.MoMLSimpleApplication@41f15e60
reloadAllAccessors: .HysteresisWithRandomLosses

===========================================================================================
----------------- testing Wed Apr 13 02:19:04 UTC 2022 /home/travis/build/icyphy/ptII/ptolemy/domains/continuous/test/auto/ImmediateTransitions.xml
----------------- Instantiating /home/travis/build/icyphy/ptII/ptolemy/domains/continuous/test/auto/ImmediateTransitions.xml
10 ms. Memory: 271360K Free: 163231K (60%)
----------------- Invoking toplevel() on ptolemy.moml.MoMLSimpleApplication@56507e78
----------------- Done invoking toplevel() on ptolemy.moml.MoMLSimpleApplication@56507e78
reloadAllAccessors: .ImmediateTransitions

===========================================================================================
----------------- testing Wed Apr 13 02:19:04 UTC 2022 /home/travis/build/icyphy/ptII/ptolemy/domains/continuous/test/auto/ImpulseFeedback.xml
----------------- Instantiating /home/travis/build/icyphy/ptII/ptolemy/domains/continuous/test/auto/ImpulseFeedback.xml
8 ms. Memory: 271360K Free: 157597K (58%)
----------------- Invoking toplevel() on ptolemy.moml.MoMLSimpleApplication@c13b93e
----------------- Done invoking toplevel() on ptolemy.moml.MoMLSimpleApplication@c13b93e
reloadAllAccessors: .ImpulseFeedback

===========================================================================================
----------------- testing Wed Apr 13 02:19:04 UTC 2022 /home/travis/build/icyphy/ptII/ptolemy/domains/continuous/test/auto/ImpulseFeedback2.xml
----------------- Instantiating /home/travis/build/icyphy/ptII/ptolemy/domains/continuous/test/auto/ImpulseFeedback2.xml
4 ms. Memory: 271360K Free: 151967K (56%)
----------------- Invoking toplevel() on ptolemy.moml.MoMLSimpleApplication@771a6db
----------------- Done invoking toplevel() on ptolemy.moml.MoMLSimpleApplication@771a6db
reloadAllAccessors: .ImpulseFeedback2

===========================================================================================
----------------- testing Wed Apr 13 02:19:04 UTC 2022 /home/travis/build/icyphy/ptII/ptolemy/domains/continuous/test/auto/IncreasingRatePoisson.xml
----------------- Instantiating /home/travis/build/icyphy/ptII/ptolemy/domains/continuous/test/auto/IncreasingRatePoisson.xml
681 ms. Memory: 271360K Free: 157775K (58%)
----------------- Invoking toplevel() on ptolemy.moml.MoMLSimpleApplication@1c99a919
----------------- Done invoking toplevel() on ptolemy.moml.MoMLSimpleApplication@1c99a919
reloadAllAccessors: .IncreasingRatePoisson

===========================================================================================
----------------- testing Wed Apr 13 02:19:04 UTC 2022 /home/travis/build/icyphy/ptII/ptolemy/domains/continuous/test/auto/InitialStateFeedback.xml
----------------- Instantiating /home/travis/build/icyphy/ptII/ptolemy/domains/continuous/test/auto/InitialStateFeedback.xml
5 ms. Memory: 271360K Free: 153165K (56%)
----------------- Invoking toplevel() on ptolemy.moml.MoMLSimpleApplication@665024d3
----------------- Done invoking toplevel() on ptolemy.moml.MoMLSimpleApplication@665024d3
reloadAllAccessors: .InitialStateFeedback

===========================================================================================
----------------- testing Wed Apr 13 02:19:04 UTC 2022 /home/travis/build/icyphy/ptII/ptolemy/domains/continuous/test/auto/Integration.xml
----------------- Instantiating /home/travis/build/icyphy/ptII/ptolemy/domains/continuous/test/auto/Integration.xml
1 ms. Memory: 271360K Free: 149069K (55%)
----------------- Invoking toplevel() on ptolemy.moml.MoMLSimpleApplication@5c906273
----------------- Done invoking toplevel() on ptolemy.moml.MoMLSimpleApplication@5c906273
reloadAllAccessors: .Integration

===========================================================================================
----------------- testing Wed Apr 13 02:19:04 UTC 2022 /home/travis/build/icyphy/ptII/ptolemy/domains/continuous/test/auto/Integration2.xml
----------------- Instantiating /home/travis/build/icyphy/ptII/ptolemy/domains/continuous/test/auto/Integration2.xml
74 ms. Memory: 271360K Free: 134733K (50%)
----------------- Invoking toplevel() on ptolemy.moml.MoMLSimpleApplication@661aa3ce
----------------- Done invoking toplevel() on ptolemy.moml.MoMLSimpleApplication@661aa3ce
reloadAllAccessors: .Integration2

===========================================================================================
----------------- testing Wed Apr 13 02:19:04 UTC 2022 /home/travis/build/icyphy/ptII/ptolemy/domains/continuous/test/auto/Integration3.xml
----------------- Instantiating /home/travis/build/icyphy/ptII/ptolemy/domains/continuous/test/auto/Integration3.xml
2 ms. Memory: 271360K Free: 130127K (48%)
----------------- Invoking toplevel() on ptolemy.moml.MoMLSimpleApplication@4eb7e8a9
----------------- Done invoking toplevel() on ptolemy.moml.MoMLSimpleApplication@4eb7e8a9
reloadAllAccessors: .Integration3

===========================================================================================
----------------- testing Wed Apr 13 02:19:04 UTC 2022 /home/travis/build/icyphy/ptII/ptolemy/domains/continuous/test/auto/Integration5.xml
----------------- Instantiating /home/travis/build/icyphy/ptII/ptolemy/domains/continuous/test/auto/Integration5.xml
2 ms. Memory: 271360K Free: 126031K (46%)
----------------- Invoking toplevel() on ptolemy.moml.MoMLSimpleApplication@8e2d53e
----------------- Done invoking toplevel() on ptolemy.moml.MoMLSimpleApplication@8e2d53e
reloadAllAccessors: .Integration5

===========================================================================================
----------------- testing Wed Apr 13 02:19:04 UTC 2022 /home/travis/build/icyphy/ptII/ptolemy/domains/continuous/test/auto/IntegratorImpulse.xml
----------------- Instantiating /home/travis/build/icyphy/ptII/ptolemy/domains/continuous/test/auto/IntegratorImpulse.xml
2 ms. Memory: 271360K Free: 121935K (45%)
----------------- Invoking toplevel() on ptolemy.moml.MoMLSimpleApplication@343118d1
----------------- Done invoking toplevel() on ptolemy.moml.MoMLSimpleApplication@343118d1
reloadAllAccessors: .IntegratorImpulse

===========================================================================================
----------------- testing Wed Apr 13 02:19:04 UTC 2022 /home/travis/build/icyphy/ptII/ptolemy/domains/continuous/test/auto/IntegratorImpulse2.xml
----------------- Instantiating /home/travis/build/icyphy/ptII/ptolemy/domains/continuous/test/auto/IntegratorImpulse2.xml
4 ms. Memory: 271360K Free: 117311K (43%)
----------------- Invoking toplevel() on ptolemy.moml.MoMLSimpleApplication@5805c3d1
----------------- Done invoking toplevel() on ptolemy.moml.MoMLSimpleApplication@5805c3d1
reloadAllAccessors: .IntegratorImpulse2

===========================================================================================
----------------- testing Wed Apr 13 02:19:04 UTC 2022 /home/travis/build/icyphy/ptII/ptolemy/domains/continuous/test/auto/LevelCrossing1.xml
----------------- Instantiating /home/travis/build/icyphy/ptII/ptolemy/domains/continuous/test/auto/LevelCrossing1.xml
3 ms. Memory: 271360K Free: 112199K (41%)
----------------- Invoking toplevel() on ptolemy.moml.MoMLSimpleApplication@1e637bc1
----------------- Done invoking toplevel() on ptolemy.moml.MoMLSimpleApplication@1e637bc1
reloadAllAccessors: .LevelCrossing1

===========================================================================================
----------------- testing Wed Apr 13 02:19:04 UTC 2022 /home/travis/build/icyphy/ptII/ptolemy/domains/continuous/test/auto/LevelCrossing2.xml
----------------- Instantiating /home/travis/build/icyphy/ptII/ptolemy/domains/continuous/test/auto/LevelCrossing2.xml
2 ms. Memory: 271360K Free: 107071K (39%)
----------------- Invoking toplevel() on ptolemy.moml.MoMLSimpleApplication@5082b60c
----------------- Done invoking toplevel() on ptolemy.moml.MoMLSimpleApplication@5082b60c
reloadAllAccessors: .LevelCrossing2

===========================================================================================
----------------- testing Wed Apr 13 02:19:04 UTC 2022 /home/travis/build/icyphy/ptII/ptolemy/domains/continuous/test/auto/LevelCrossing3.xml
----------------- Instantiating /home/travis/build/icyphy/ptII/ptolemy/domains/continuous/test/auto/LevelCrossing3.xml
2 ms. Memory: 271360K Free: 101951K (38%)
----------------- Invoking toplevel() on ptolemy.moml.MoMLSimpleApplication@19b19772
----------------- Done invoking toplevel() on ptolemy.moml.MoMLSimpleApplication@19b19772
reloadAllAccessors: .LevelCrossing3

===========================================================================================
----------------- testing Wed Apr 13 02:19:04 UTC 2022 /home/travis/build/icyphy/ptII/ptolemy/domains/continuous/test/auto/LevelCrossing4.xml
----------------- Instantiating /home/travis/build/icyphy/ptII/ptolemy/domains/continuous/test/auto/LevelCrossing4.xml
3 ms. Memory: 271360K Free: 96845K (36%)
----------------- Invoking toplevel() on ptolemy.moml.MoMLSimpleApplication@7516d0
----------------- Done invoking toplevel() on ptolemy.moml.MoMLSimpleApplication@7516d0
reloadAllAccessors: .LevelCrossing4

===========================================================================================
----------------- testing Wed Apr 13 02:19:05 UTC 2022 /home/travis/build/icyphy/ptII/ptolemy/domains/continuous/test/auto/LevelCrossing5.xml
----------------- Instantiating /home/travis/build/icyphy/ptII/ptolemy/domains/continuous/test/auto/LevelCrossing5.xml
3 ms. Memory: 271360K Free: 254007K (94%)
----------------- Invoking toplevel() on ptolemy.moml.MoMLSimpleApplication@13bc5532
----------------- Done invoking toplevel() on ptolemy.moml.MoMLSimpleApplication@13bc5532
reloadAllAccessors: .LevelCrossing5

===========================================================================================
[...]
----------------- testing Wed Apr 13 02:19:20 UTC 2022 /home/travis/build/icyphy/ptII/ptolemy/domains/continuous/test/auto/SRinContinuous.xml
----------------- Instantiating /home/travis/build/icyphy/ptII/ptolemy/domains/continuous/test/auto/SRinContinuous.xml
3 ms. Memory: 271360K Free: 101633K (37%)
----------------- Invoking toplevel() on ptolemy.moml.MoMLSimpleApplication@755de388
----------------- Done invoking toplevel() on ptolemy.moml.MoMLSimpleApplication@755de388
reloadAllAccessors: .SRinContinuous

===========================================================================================
----------------- testing Wed Apr 13 02:19:20 UTC 2022 /home/travis/build/icyphy/ptII/ptolemy/domains/continuous/test/auto/SampledClocks.xml
----------------- Instantiating /home/travis/build/icyphy/ptII/ptolemy/domains/continuous/test/auto/SampledClocks.xml
8 ms. Memory: 271360K Free: 251350K (93%)
----------------- Invoking toplevel() on ptolemy.moml.MoMLSimpleApplication@75371f1f
----------------- Done invoking toplevel() on ptolemy.moml.MoMLSimpleApplication@75371f1f
reloadAllAccessors: .SampledClocks

===========================================================================================
----------------- testing Wed Apr 13 02:19:20 UTC 2022 /home/travis/build/icyphy/ptII/ptolemy/domains/continuous/test/auto/Satellite.xml
----------------- Instantiating /home/travis/build/icyphy/ptII/ptolemy/domains/continuous/test/auto/Satellite.xml
662 ms. Memory: 271360K Free: 221060K (81%)
----------------- Invoking toplevel() on ptolemy.moml.MoMLSimpleApplication@217f06dc
----------------- Done invoking toplevel() on ptolemy.moml.MoMLSimpleApplication@217f06dc
reloadAllAccessors: .Satellite

===========================================================================================
----------------- testing Wed Apr 13 02:19:20 UTC 2022 /home/travis/build/icyphy/ptII/ptolemy/domains/continuous/test/auto/SigmaDelta.xml
----------------- Instantiating /home/travis/build/icyphy/ptII/ptolemy/domains/continuous/test/auto/SigmaDelta.xml
1927 ms. Memory: 271360K Free: 117762K (43%)
----------------- Invoking toplevel() on ptolemy.moml.MoMLSimpleApplication@5dd7edf0
----------------- Done invoking toplevel() on ptolemy.moml.MoMLSimpleApplication@5dd7edf0
reloadAllAccessors: .SigmaDelta

===========================================================================================
----------------- testing Wed Apr 13 02:19:23 UTC 2022 /home/travis/build/icyphy/ptII/ptolemy/domains/continuous/test/auto/SingleRefinement.xml
----------------- Instantiating /home/travis/build/icyphy/ptII/ptolemy/domains/continuous/test/auto/SingleRefinement.xml
278 ms. Memory: 271360K Free: 93749K (35%)
----------------- Invoking toplevel() on ptolemy.moml.MoMLSimpleApplication@38d6fd90
----------------- Done invoking toplevel() on ptolemy.moml.MoMLSimpleApplication@38d6fd90
reloadAllAccessors: .SingleRefinement

===========================================================================================
----------------- testing Wed Apr 13 02:19:23 UTC 2022 /home/travis/build/icyphy/ptII/ptolemy/domains/continuous/test/auto/SinuBouncingBall.xml
----------------- Instantiating /home/travis/build/icyphy/ptII/ptolemy/domains/continuous/test/auto/SinuBouncingBall.xml
750 ms. Memory: 271360K Free: 201105K (74%)
----------------- Invoking toplevel() on ptolemy.moml.MoMLSimpleApplication@6fbc0d3c
----------------- Done invoking toplevel() on ptolemy.moml.MoMLSimpleApplication@6fbc0d3c
reloadAllAccessors: .SinuBouncingBall

===========================================================================================
----------------- testing Wed Apr 13 02:19:24 UTC 2022 /home/travis/build/icyphy/ptII/ptolemy/domains/continuous/test/auto/Sinusoid.xml
----------------- Instantiating /home/travis/build/icyphy/ptII/ptolemy/domains/continuous/test/auto/Sinusoid.xml
4 ms. Memory: 271360K Free: 196481K (72%)
----------------- Invoking toplevel() on ptolemy.moml.MoMLSimpleApplication@44bda530
----------------- Done invoking toplevel() on ptolemy.moml.MoMLSimpleApplication@44bda530
reloadAllAccessors: .Sinusoid

===========================================================================================
----------------- testing Wed Apr 13 02:19:24 UTC 2022 /home/travis/build/icyphy/ptII/ptolemy/domains/continuous/test/auto/SinusoidInNoise.xml
----------------- Instantiating /home/travis/build/icyphy/ptII/ptolemy/domains/continuous/test/auto/SinusoidInNoise.xml
917 ms. Memory: 271360K Free: 219035K (81%)
----------------- Invoking toplevel() on ptolemy.moml.MoMLSimpleApplication@72c1a7df
----------------- Done invoking toplevel() on ptolemy.moml.MoMLSimpleApplication@72c1a7df
reloadAllAccessors: .SinusoidInNoise

===========================================================================================
----------------- testing Wed Apr 13 02:19:25 UTC 2022 /home/travis/build/icyphy/ptII/ptolemy/domains/continuous/test/auto/SinusoidRK45.xml
----------------- Instantiating /home/travis/build/icyphy/ptII/ptolemy/domains/continuous/test/auto/SinusoidRK45.xml
2 ms. Memory: 271360K Free: 214411K (79%)
----------------- Invoking toplevel() on ptolemy.moml.MoMLSimpleApplication@217b693c
----------------- Done invoking toplevel() on ptolemy.moml.MoMLSimpleApplication@217b693c
reloadAllAccessors: .SinusoidRK45

===========================================================================================
----------------- testing Wed Apr 13 02:19:25 UTC 2022 /home/travis/build/icyphy/ptII/ptolemy/domains/continuous/test/auto/SinusoidWithMultipleImpulses.xml
----------------- Instantiating /home/travis/build/icyphy/ptII/ptolemy/domains/continuous/test/auto/SinusoidWithMultipleImpulses.xml
3 ms. Memory: 271360K Free: 209819K (77%)
----------------- Invoking toplevel() on ptolemy.moml.MoMLSimpleApplication@486e8f3e
----------------- Done invoking toplevel() on ptolemy.moml.MoMLSimpleApplication@486e8f3e
reloadAllAccessors: .SinusoidWithMultipleImpulses

===========================================================================================
----------------- testing Wed Apr 13 02:19:25 UTC 2022 /home/travis/build/icyphy/ptII/ptolemy/domains/continuous/test/auto/SquareWave.xml
----------------- Instantiating /home/travis/build/icyphy/ptII/ptolemy/domains/continuous/test/auto/SquareWave.xml
138 ms. Memory: 271360K Free: 182171K (67%)
----------------- Invoking toplevel() on ptolemy.moml.MoMLSimpleApplication@5c1290f7
----------------- Done invoking toplevel() on ptolemy.moml.MoMLSimpleApplication@5c1290f7
reloadAllAccessors: .SquareWave

===========================================================================================
----------------- testing Wed Apr 13 02:19:25 UTC 2022 /home/travis/build/icyphy/ptII/ptolemy/domains/continuous/test/auto/Starmac.xml
----------------- Instantiating /home/travis/build/icyphy/ptII/ptolemy/domains/continuous/test/auto/Starmac.xml
3055 ms. Memory: 271360K Free: 191445K (71%)
----------------- Invoking toplevel() on ptolemy.moml.MoMLSimpleApplication@6ab789ef
----------------- Done invoking toplevel() on ptolemy.moml.MoMLSimpleApplication@6ab789ef
reloadAllAccessors: .Starmac

===========================================================================================
----------------- testing Wed Apr 13 02:19:28 UTC 2022 /home/travis/build/icyphy/ptII/ptolemy/domains/continuous/test/auto/StaticUnits.xml
----------------- Instantiating /home/travis/build/icyphy/ptII/ptolemy/domains/continuous/test/auto/StaticUnits.xml
1948 ms. Memory: 271360K Free: 214464K (79%)
----------------- Invoking toplevel() on ptolemy.moml.MoMLSimpleApplication@34e4497e
----------------- Done invoking toplevel() on ptolemy.moml.MoMLSimpleApplication@34e4497e
reloadAllAccessors: .StaticUnits

===========================================================================================
----------------- testing Wed Apr 13 02:19:31 UTC 2022 /home/travis/build/icyphy/ptII/ptolemy/domains/continuous/test/auto/StickyMasses.xml
----------------- Instantiating /home/travis/build/icyphy/ptII/ptolemy/domains/continuous/test/auto/StickyMasses.xml
148 ms. Memory: 271360K Free: 164288K (61%)
----------------- Invoking toplevel() on ptolemy.moml.MoMLSimpleApplication@167f9555
----------------- Done invoking toplevel() on ptolemy.moml.MoMLSimpleApplication@167f9555
reloadAllAccessors: .StickyMasses

===========================================================================================
----------------- testing Wed Apr 13 02:19:31 UTC 2022 /home/travis/build/icyphy/ptII/ptolemy/domains/continuous/test/auto/StopTime.xml
----------------- Instantiating /home/travis/build/icyphy/ptII/ptolemy/domains/continuous/test/auto/StopTime.xml
41 ms. Memory: 271360K Free: 139184K (51%)
----------------- Invoking toplevel() on ptolemy.moml.MoMLSimpleApplication@2a9f9d84
----------------- Done invoking toplevel() on ptolemy.moml.MoMLSimpleApplication@2a9f9d84
reloadAllAccessors: .StopTime

===========================================================================================
----------------- testing Wed Apr 13 02:19:31 UTC 2022 /home/travis/build/icyphy/ptII/ptolemy/domains/continuous/test/auto/StopTime2.xml
----------------- Instantiating /home/travis/build/icyphy/ptII/ptolemy/domains/continuous/test/auto/StopTime2.xml
32 ms. Memory: 271360K Free: 117184K (43%)
----------------- Invoking toplevel() on ptolemy.moml.MoMLSimpleApplication@37ab7a5a
----------------- Done invoking toplevel() on ptolemy.moml.MoMLSimpleApplication@37ab7a5a
reloadAllAccessors: .StopTime2

===========================================================================================
----------------- testing Wed Apr 13 02:19:31 UTC 2022 /home/travis/build/icyphy/ptII/ptolemy/domains/continuous/test/auto/Switch.xml
----------------- Instantiating /home/travis/build/icyphy/ptII/ptolemy/domains/continuous/test/auto/Switch.xml
42 ms. Memory: 271360K Free: 92094K (34%)
----------------- Invoking toplevel() on ptolemy.moml.MoMLSimpleApplication@477a3d10
----------------- Done invoking toplevel() on ptolemy.moml.MoMLSimpleApplication@477a3d10
reloadAllAccessors: .Switch

===========================================================================================
----------------- testing Wed Apr 13 02:19:31 UTC 2022 /home/travis/build/icyphy/ptII/ptolemy/domains/continuous/test/auto/Thermostat.xml
----------------- Instantiating /home/travis/build/icyphy/ptII/ptolemy/domains/continuous/test/auto/Thermostat.xml
172 ms. Memory: 271360K Free: 176413K (65%)
----------------- Invoking toplevel() on ptolemy.moml.MoMLSimpleApplication@51562acd
----------------- Done invoking toplevel() on ptolemy.moml.MoMLSimpleApplication@51562acd
reloadAllAccessors: .Thermostat

===========================================================================================
----------------- testing Wed Apr 13 02:19:31 UTC 2022 /home/travis/build/icyphy/ptII/ptolemy/domains/continuous/test/auto/TimeDelay.xml
----------------- Instantiating /home/travis/build/icyphy/ptII/ptolemy/domains/continuous/test/auto/TimeDelay.xml
5 ms. Memory: 271360K Free: 171797K (63%)
----------------- Invoking toplevel() on ptolemy.moml.MoMLSimpleApplication@70c684c2
----------------- Done invoking toplevel() on ptolemy.moml.MoMLSimpleApplication@70c684c2
reloadAllAccessors: .TimeDelay

===========================================================================================
----------------- testing Wed Apr 13 02:19:31 UTC 2022 /home/travis/build/icyphy/ptII/ptolemy/domains/continuous/test/auto/TimeDelay2.xml
----------------- Instantiating /home/travis/build/icyphy/ptII/ptolemy/domains/continuous/test/auto/TimeDelay2.xml
8 ms. Memory: 271360K Free: 161563K (60%)
----------------- Invoking toplevel() on ptolemy.moml.MoMLSimpleApplication@2e5c2fba
----------------- Done invoking toplevel() on ptolemy.moml.MoMLSimpleApplication@2e5c2fba
reloadAllAccessors: .TimeDelay2

===========================================================================================
----------------- testing Wed Apr 13 02:19:31 UTC 2022 /home/travis/build/icyphy/ptII/ptolemy/domains/continuous/test/auto/TimeDelay3.xml
----------------- Instantiating /home/travis/build/icyphy/ptII/ptolemy/domains/continuous/test/auto/TimeDelay3.xml
4 ms. Memory: 271360K Free: 156955K (58%)
----------------- Invoking toplevel() on ptolemy.moml.MoMLSimpleApplication@7f8e60d4
----------------- Done invoking toplevel() on ptolemy.moml.MoMLSimpleApplication@7f8e60d4
reloadAllAccessors: .TimeDelay3

===========================================================================================
----------------- testing Wed Apr 13 02:19:32 UTC 2022 /home/travis/build/icyphy/ptII/ptolemy/domains/continuous/test/auto/TransferAbsentToInside.xml
----------------- Instantiating /home/travis/build/icyphy/ptII/ptolemy/domains/continuous/test/auto/TransferAbsentToInside.xml
30 ms. Memory: 271360K Free: 104189K (38%)
----------------- Invoking toplevel() on ptolemy.moml.MoMLSimpleApplication@1a013151
----------------- Done invoking toplevel() on ptolemy.moml.MoMLSimpleApplication@1a013151
reloadAllAccessors: .TransferAbsentToInside

===========================================================================================
----------------- testing Wed Apr 13 02:19:32 UTC 2022 /home/travis/build/icyphy/ptII/ptolemy/domains/continuous/test/auto/Transmission.xml
----------------- Instantiating /home/travis/build/icyphy/ptII/ptolemy/domains/continuous/test/auto/Transmission.xml
720 ms. Memory: 271360K Free: 182697K (67%)
----------------- Invoking toplevel() on ptolemy.moml.MoMLSimpleApplication@2a100f83
----------------- Done invoking toplevel() on ptolemy.moml.MoMLSimpleApplication@2a100f83
reloadAllAccessors: .Transmission

===========================================================================================
----------------- testing Wed Apr 13 02:19:32 UTC 2022 /home/travis/build/icyphy/ptII/ptolemy/domains/continuous/test/auto/TriggeredContinuousClock.xml
----------------- Instantiating /home/travis/build/icyphy/ptII/ptolemy/domains/continuous/test/auto/TriggeredContinuousClock.xml
34 ms. Memory: 271360K Free: 153515K (57%)
----------------- Invoking toplevel() on ptolemy.moml.MoMLSimpleApplication@4bd377fb
----------------- Done invoking toplevel() on ptolemy.moml.MoMLSimpleApplication@4bd377fb
reloadAllAccessors: .TriggeredContinuousClock

===========================================================================================
----------------- testing Wed Apr 13 02:19:32 UTC 2022 /home/travis/build/icyphy/ptII/ptolemy/domains/continuous/test/auto/TwoMachineInfiniteBusControl.xml
----------------- Instantiating /home/travis/build/icyphy/ptII/ptolemy/domains/continuous/test/auto/TwoMachineInfiniteBusControl.xml
2721 ms. Memory: 271360K Free: 215931K (80%)
----------------- Invoking toplevel() on ptolemy.moml.MoMLSimpleApplication@131ce0a3
----------------- Done invoking toplevel() on ptolemy.moml.MoMLSimpleApplication@131ce0a3
reloadAllAccessors: .TwoMachineInfiniteBusControl

===========================================================================================
----------------- testing Wed Apr 13 02:19:35 UTC 2022 /home/travis/build/icyphy/ptII/ptolemy/domains/continuous/test/auto/V2V.xml
----------------- Instantiating /home/travis/build/icyphy/ptII/ptolemy/domains/continuous/test/auto/V2V.xml
761 ms. Memory: 271360K Free: 183157K (67%)
----------------- Invoking toplevel() on ptolemy.moml.MoMLSimpleApplication@344ad9d3
----------------- Done invoking toplevel() on ptolemy.moml.MoMLSimpleApplication@344ad9d3
reloadAllAccessors: .V2V

===========================================================================================
----------------- testing Wed Apr 13 02:19:36 UTC 2022 /home/travis/build/icyphy/ptII/ptolemy/domains/continuous/test/auto/hierarchicalModalModel.xml
----------------- Instantiating /home/travis/build/icyphy/ptII/ptolemy/domains/continuous/test/auto/hierarchicalModalModel.xml
7 ms. Memory: 271360K Free: 168821K (62%)
----------------- Invoking toplevel() on ptolemy.moml.MoMLSimpleApplication@245ede09
----------------- Done invoking toplevel() on ptolemy.moml.MoMLSimpleApplication@245ede09
reloadAllAccessors: .hierarchicalModalModel

===========================================================================================
----------------- testing Wed Apr 13 02:19:36 UTC 2022 /home/travis/build/icyphy/ptII/ptolemy/domains/continuous/test/auto/hierarchicalModalModel1.xml
----------------- Instantiating /home/travis/build/icyphy/ptII/ptolemy/domains/continuous/test/auto/hierarchicalModalModel1.xml
7 ms. Memory: 271360K Free: 154485K (57%)
----------------- Invoking toplevel() on ptolemy.moml.MoMLSimpleApplication@2db8d33b
----------------- Done invoking toplevel() on ptolemy.moml.MoMLSimpleApplication@2db8d33b
reloadAllAccessors: .hierarchicalModalModel1

===========================================================================================
----------------- testing Wed Apr 13 02:19:36 UTC 2022 /home/travis/build/icyphy/ptII/ptolemy/domains/continuous/test/auto/hierarchicalModalModel2.xml
----------------- Instantiating /home/travis/build/icyphy/ptII/ptolemy/domains/continuous/test/auto/hierarchicalModalModel2.xml
5 ms. Memory: 271360K Free: 142197K (52%)
----------------- Invoking toplevel() on ptolemy.moml.MoMLSimpleApplication@589f968c
----------------- Done invoking toplevel() on ptolemy.moml.MoMLSimpleApplication@589f968c
reloadAllAccessors: .hierarchicalModalModel2

===========================================================================================
----------------- testing Wed Apr 13 02:19:36 UTC 2022 /home/travis/build/icyphy/ptII/ptolemy/domains/continuous/test/auto/hierarchicalModalModel3.xml
----------------- Instantiating /home/travis/build/icyphy/ptII/ptolemy/domains/continuous/test/auto/hierarchicalModalModel3.xml
5 ms. Memory: 271360K Free: 131443K (48%)
----------------- Invoking toplevel() on ptolemy.moml.MoMLSimpleApplication@9d40835
----------------- Done invoking toplevel() on ptolemy.moml.MoMLSimpleApplication@9d40835
reloadAllAccessors: .hierarchicalModalModel3

===========================================================================================
----------------- testing Wed Apr 13 02:19:36 UTC 2022 /home/travis/build/icyphy/ptII/ptolemy/domains/continuous/test/auto/hierarchicalModalModel4.xml
----------------- Instantiating /home/travis/build/icyphy/ptII/ptolemy/domains/continuous/test/auto/hierarchicalModalModel4.xml
11 ms. Memory: 271360K Free: 119669K (44%)
----------------- Invoking toplevel() on ptolemy.moml.MoMLSimpleApplication@144dacb7
----------------- Done invoking toplevel() on ptolemy.moml.MoMLSimpleApplication@144dacb7
reloadAllAccessors: .hierarchicalModalModel4

===========================================================================================
----------------- testing Wed Apr 13 02:19:36 UTC 2022 /home/travis/build/icyphy/ptII/ptolemy/domains/continuous/test/auto/junk.xml
----------------- Instantiating /home/travis/build/icyphy/ptII/ptolemy/domains/continuous/test/auto/junk.xml
116 ms. Memory: 271360K Free: 94069K (35%)
----------------- Invoking toplevel() on ptolemy.moml.MoMLSimpleApplication@2e4616ac
----------------- Done invoking toplevel() on ptolemy.moml.MoMLSimpleApplication@2e4616ac
reloadAllAccessors: .junk
AutoTests.java: About to close Vertx.
AutoTests.java: Vertx closed.
]]></system-out>
  <system-err><![CDATA[Warning: '.HysteresisWithRandomDelay.NonStrictTest' The test produced only 221 tokens, yet the correctValues parameter was expecting 222 tokens.
Warning: '.HysteresisWithRandomDelay.NonStrictTest2' The test produced only 220 tokens, yet the correctValues parameter was expecting 221 tokens.
Warning: '.Poisson.NonStrictTest' The test produced only 396 tokens, yet the correctValues parameter was expecting 430 tokens.
]]></system-err>
</testsuite>
