<?xml version="1.0" encoding="UTF-8" ?>
<testsuite errors="0" failures="0" hostname="travis-job-f87f638d-8b85-4025-9860-adbe45c55fb7" name="ptolemy.domains.de.test.junit.JUnitTclTest" skipped="0" tests="101" time="119.054" timestamp="2020-01-04T06:35:48">
  <properties>
[...]
</properties>
  <testcase classname="ptolemy.util.test.junit.TclTests" name="[0] /home/travis/build/icyphy/ptII/ptolemy/domains/de/test/DependencyLoop.tcl (RunTclFile)" time="0.885" />
  <testcase classname="ptolemy.util.test.junit.TclTests" name="[1] /home/travis/build/icyphy/ptII/ptolemy/domains/de/test/RunDETestsAsQSS.tcl (RunTclFile)" time="80.098" />
  <testcase classname="ptolemy.util.test.junit.AutoKnownFailedTests" name="[0] /home/travis/build/icyphy/ptII/ptolemy/domains/de/test/auto/knownFailedTests/DESDFClockTest.xml (RunModel)" time="2.049" />
  <testcase classname="ptolemy.util.test.junit.AutoKnownFailedTests" name="[1] /home/travis/build/icyphy/ptII/ptolemy/domains/de/test/auto/knownFailedTests/DirectFeedback.xml (RunModel)" time="0.031" />
  <testcase classname="ptolemy.util.test.junit.AutoKnownFailedTests" name="[2] /home/travis/build/icyphy/ptII/ptolemy/domains/de/test/auto/knownFailedTests/FSMSource.xml (RunModel)" time="0.02" />
  <testcase classname="ptolemy.util.test.junit.AutoKnownFailedTests" name="[3] /home/travis/build/icyphy/ptII/ptolemy/domains/de/test/auto/knownFailedTests/HierarchicalModel.xml (RunModel)" time="0.036" />
  <testcase classname="ptolemy.util.test.junit.AutoKnownFailedTests" name="[4] /home/travis/build/icyphy/ptII/ptolemy/domains/de/test/auto/knownFailedTests/dependencyLoop.xml (RunModel)" time="0.035" />
  <testcase classname="ptolemy.util.test.junit.AutoKnownFailedTests" name="[5] /home/travis/build/icyphy/ptII/ptolemy/domains/de/test/auto/knownFailedTests/dependencyLoop2.xml (RunModel)" time="0.044" />
  <testcase classname="ptolemy.util.test.junit.AutoNameArchTests" name="[0] ThereAreNoAutoArchTests (RunModel)" time="0.002" />
  <testcase classname="ptolemy.util.test.junit.AutoTests" name="[0] /home/travis/build/icyphy/ptII/ptolemy/domains/de/test/auto/ActorDepthCalculation_actorWithoutPorts.xml (RunModel)" time="0.019" />
  <testcase classname="ptolemy.util.test.junit.AutoTests" name="[1] /home/travis/build/icyphy/ptII/ptolemy/domains/de/test/auto/AssemblyLine.xml (RunModel)" time="0.017" />
  <testcase classname="ptolemy.util.test.junit.AutoTests" name="[2] /home/travis/build/icyphy/ptII/ptolemy/domains/de/test/auto/CQBug1.xml (RunModel)" time="0.007" />
  <testcase classname="ptolemy.util.test.junit.AutoTests" name="[3] /home/travis/build/icyphy/ptII/ptolemy/domains/de/test/auto/CancelFireAt.xml (RunModel)" time="0.018" />
  <testcase classname="ptolemy.util.test.junit.AutoTests" name="[4] /home/travis/build/icyphy/ptII/ptolemy/domains/de/test/auto/CausalityAndComposabilityAnalysis.xml (RunModel)" time="0.015" />
  <testcase classname="ptolemy.util.test.junit.AutoTests" name="[5] /home/travis/build/icyphy/ptII/ptolemy/domains/de/test/auto/CausalityInterface1.xml (RunModel)" time="0.022" />
  <testcase classname="ptolemy.util.test.junit.AutoTests" name="[6] /home/travis/build/icyphy/ptII/ptolemy/domains/de/test/auto/CausalityInterface15.xml (RunModel)" time="0.013" />
  <testcase classname="ptolemy.util.test.junit.AutoTests" name="[7] /home/travis/build/icyphy/ptII/ptolemy/domains/de/test/auto/CausalityInterface2.xml (RunModel)" time="0.01" />
  <testcase classname="ptolemy.util.test.junit.AutoTests" name="[8] /home/travis/build/icyphy/ptII/ptolemy/domains/de/test/auto/CausalityInterface3.xml (RunModel)" time="0.01" />
  <testcase classname="ptolemy.util.test.junit.AutoTests" name="[9] /home/travis/build/icyphy/ptII/ptolemy/domains/de/test/auto/ClockDrift.xml (RunModel)" time="0.033" />
  <testcase classname="ptolemy.util.test.junit.AutoTests" name="[10] /home/travis/build/icyphy/ptII/ptolemy/domains/de/test/auto/ClockDriftAndValueChange.xml (RunModel)" time="0.028" />
  <testcase classname="ptolemy.util.test.junit.AutoTests" name="[11] /home/travis/build/icyphy/ptII/ptolemy/domains/de/test/auto/ClockDriftChange.xml (RunModel)" time="0.029" />
  <testcase classname="ptolemy.util.test.junit.AutoTests" name="[12] /home/travis/build/icyphy/ptII/ptolemy/domains/de/test/auto/ComposableCausalityAnalysis.xml (RunModel)" time="0.012" />
  <testcase classname="ptolemy.util.test.junit.AutoTests" name="[13] /home/travis/build/icyphy/ptII/ptolemy/domains/de/test/auto/DEFixedPointLimitation.xml (RunModel)" time="0.007" />
  <testcase classname="ptolemy.util.test.junit.AutoTests" name="[14] /home/travis/build/icyphy/ptII/ptolemy/domains/de/test/auto/DEScheduleTest.xml (RunModel)" time="0.019" />
  <testcase classname="ptolemy.util.test.junit.AutoTests" name="[15] /home/travis/build/icyphy/ptII/ptolemy/domains/de/test/auto/DEinDEwithStartTimes.xml (RunModel)" time="0.013" />
  <testcase classname="ptolemy.util.test.junit.AutoTests" name="[16] /home/travis/build/icyphy/ptII/ptolemy/domains/de/test/auto/DEinDEwithStartTimes2.xml (RunModel)" time="0.015" />
  <testcase classname="ptolemy.util.test.junit.AutoTests" name="[17] /home/travis/build/icyphy/ptII/ptolemy/domains/de/test/auto/DateDemo.xml (RunModel)" time="0.025" />
  <testcase classname="ptolemy.util.test.junit.AutoTests" name="[18] /home/travis/build/icyphy/ptII/ptolemy/domains/de/test/auto/DateToEvent.xml (RunModel)" time="2.04" />
  <testcase classname="ptolemy.util.test.junit.AutoTests" name="[19] /home/travis/build/icyphy/ptII/ptolemy/domains/de/test/auto/DepthTest1.xml (RunModel)" time="0.007" />
  <testcase classname="ptolemy.util.test.junit.AutoTests" name="[20] /home/travis/build/icyphy/ptII/ptolemy/domains/de/test/auto/DepthTest2.xml (RunModel)" time="0.017" />
  <testcase classname="ptolemy.util.test.junit.AutoTests" name="[21] /home/travis/build/icyphy/ptII/ptolemy/domains/de/test/auto/DepthTest3.xml (RunModel)" time="0.009" />
  <testcase classname="ptolemy.util.test.junit.AutoTests" name="[22] /home/travis/build/icyphy/ptII/ptolemy/domains/de/test/auto/DepthTest4.xml (RunModel)" time="0.027" />
  <testcase classname="ptolemy.util.test.junit.AutoTests" name="[23] /home/travis/build/icyphy/ptII/ptolemy/domains/de/test/auto/DepthTest5.xml (RunModel)" time="0.018" />
  <testcase classname="ptolemy.util.test.junit.AutoTests" name="[24] /home/travis/build/icyphy/ptII/ptolemy/domains/de/test/auto/DepthTest6.xml (RunModel)" time="0.009" />
  <testcase classname="ptolemy.util.test.junit.AutoTests" name="[25] /home/travis/build/icyphy/ptII/ptolemy/domains/de/test/auto/DepthTest7.xml (RunModel)" time="0.01" />
  <testcase classname="ptolemy.util.test.junit.AutoTests" name="[26] /home/travis/build/icyphy/ptII/ptolemy/domains/de/test/auto/EventToDate.xml (RunModel)" time="3.037" />
  <testcase classname="ptolemy.util.test.junit.AutoTests" name="[27] /home/travis/build/icyphy/ptII/ptolemy/domains/de/test/auto/FSM1.xml (RunModel)" time="0.042" />
  <testcase classname="ptolemy.util.test.junit.AutoTests" name="[28] /home/travis/build/icyphy/ptII/ptolemy/domains/de/test/auto/FSM7.xml (RunModel)" time="0.04" />
  <testcase classname="ptolemy.util.test.junit.AutoTests" name="[29] /home/travis/build/icyphy/ptII/ptolemy/domains/de/test/auto/Inspection.xml (RunModel)" time="0.039" />
  <testcase classname="ptolemy.util.test.junit.AutoTests" name="[30] /home/travis/build/icyphy/ptII/ptolemy/domains/de/test/auto/Iteration.xml (RunModel)" time="0.02" />
  <testcase classname="ptolemy.util.test.junit.AutoTests" name="[31] /home/travis/build/icyphy/ptII/ptolemy/domains/de/test/auto/LineFault.xml (RunModel)" time="0.473" />
  <testcase classname="ptolemy.util.test.junit.AutoTests" name="[32] /home/travis/build/icyphy/ptII/ptolemy/domains/de/test/auto/MergeModel1Add.xml (RunModel)" time="0.045" />
  <testcase classname="ptolemy.util.test.junit.AutoTests" name="[33] /home/travis/build/icyphy/ptII/ptolemy/domains/de/test/auto/MergeModel2Add.xml (RunModel)" time="0.035" />
  <testcase classname="ptolemy.util.test.junit.AutoTests" name="[34] /home/travis/build/icyphy/ptII/ptolemy/domains/de/test/auto/MergeModel3Add.xml (RunModel)" time="0.047" />
  <testcase classname="ptolemy.util.test.junit.AutoTests" name="[35] /home/travis/build/icyphy/ptII/ptolemy/domains/de/test/auto/MergeWithoutDiscard.xml (RunModel)" time="0.012" />
  <testcase classname="ptolemy.util.test.junit.AutoTests" name="[36] /home/travis/build/icyphy/ptII/ptolemy/domains/de/test/auto/Modal1.xml (RunModel)" time="0.023" />
  <testcase classname="ptolemy.util.test.junit.AutoTests" name="[37] /home/travis/build/icyphy/ptII/ptolemy/domains/de/test/auto/Modal2.xml (RunModel)" time="0.027" />
  <testcase classname="ptolemy.util.test.junit.AutoTests" name="[38] /home/travis/build/icyphy/ptII/ptolemy/domains/de/test/auto/Modal3.xml (RunModel)" time="0.027" />
  <testcase classname="ptolemy.util.test.junit.AutoTests" name="[39] /home/travis/build/icyphy/ptII/ptolemy/domains/de/test/auto/Modal4.xml (RunModel)" time="0.025" />
  <testcase classname="ptolemy.util.test.junit.AutoTests" name="[40] /home/travis/build/icyphy/ptII/ptolemy/domains/de/test/auto/Modal5.xml (RunModel)" time="0.029" />
  <testcase classname="ptolemy.util.test.junit.AutoTests" name="[41] /home/travis/build/icyphy/ptII/ptolemy/domains/de/test/auto/Modal6.xml (RunModel)" time="0.026" />
  <testcase classname="ptolemy.util.test.junit.AutoTests" name="[42] /home/travis/build/icyphy/ptII/ptolemy/domains/de/test/auto/Modal7.xml (RunModel)" time="0.03" />
  <testcase classname="ptolemy.util.test.junit.AutoTests" name="[43] /home/travis/build/icyphy/ptII/ptolemy/domains/de/test/auto/ModalModel.xml (RunModel)" time="0.175" />
  <testcase classname="ptolemy.util.test.junit.AutoTests" name="[44] /home/travis/build/icyphy/ptII/ptolemy/domains/de/test/auto/ModalSource.xml (RunModel)" time="0.015" />
  <testcase classname="ptolemy.util.test.junit.AutoTests" name="[45] /home/travis/build/icyphy/ptII/ptolemy/domains/de/test/auto/NonInterruptibleTimerZeroDelay.xml (RunModel)" time="0.01" />
  <testcase classname="ptolemy.util.test.junit.AutoTests" name="[46] /home/travis/build/icyphy/ptII/ptolemy/domains/de/test/auto/OpenQueueingNetwork.xml (RunModel)" time="2.377" />
  <testcase classname="ptolemy.util.test.junit.AutoTests" name="[47] /home/travis/build/icyphy/ptII/ptolemy/domains/de/test/auto/OpenQueuingNetwork.xml (RunModel)" time="0.285" />
  <testcase classname="ptolemy.util.test.junit.AutoTests" name="[48] /home/travis/build/icyphy/ptII/ptolemy/domains/de/test/auto/PeriodicSampler.xml (RunModel)" time="0.01" />
  <testcase classname="ptolemy.util.test.junit.AutoTests" name="[49] /home/travis/build/icyphy/ptII/ptolemy/domains/de/test/auto/PersistentIO.xml (RunModel)" time="0.017" />
  <testcase classname="ptolemy.util.test.junit.AutoTests" name="[50] /home/travis/build/icyphy/ptII/ptolemy/domains/de/test/auto/PortParameterResetOnInitialize.xml (RunModel)" time="0.007" />
  <testcase classname="ptolemy.util.test.junit.AutoTests" name="[51] /home/travis/build/icyphy/ptII/ptolemy/domains/de/test/auto/PortParameterUpdates.xml (RunModel)" time="0.011" />
  <testcase classname="ptolemy.util.test.junit.AutoTests" name="[52] /home/travis/build/icyphy/ptII/ptolemy/domains/de/test/auto/QueueAndServer.xml (RunModel)" time="0.017" />
  <testcase classname="ptolemy.util.test.junit.AutoTests" name="[53] /home/travis/build/icyphy/ptII/ptolemy/domains/de/test/auto/Records.xml (RunModel)" time="0.013" />
  <testcase classname="ptolemy.util.test.junit.AutoTests" name="[54] /home/travis/build/icyphy/ptII/ptolemy/domains/de/test/auto/ResetTransitionWithStartTime1.xml (RunModel)" time="0.014" />
  <testcase classname="ptolemy.util.test.junit.AutoTests" name="[55] /home/travis/build/icyphy/ptII/ptolemy/domains/de/test/auto/ResetTransitionWithStartTime2.xml (RunModel)" time="0.018" />
  <testcase classname="ptolemy.util.test.junit.AutoTests" name="[56] /home/travis/build/icyphy/ptII/ptolemy/domains/de/test/auto/ResetTransitionWithStartTime3.xml (RunModel)" time="0.017" />
  <testcase classname="ptolemy.util.test.junit.AutoTests" name="[57] /home/travis/build/icyphy/ptII/ptolemy/domains/de/test/auto/ResetTransitionWithStartTime4.xml (RunModel)" time="0.014" />
  <testcase classname="ptolemy.util.test.junit.AutoTests" name="[58] /home/travis/build/icyphy/ptII/ptolemy/domains/de/test/auto/ResettableTimer1.xml (RunModel)" time="0.01" />
  <testcase classname="ptolemy.util.test.junit.AutoTests" name="[59] /home/travis/build/icyphy/ptII/ptolemy/domains/de/test/auto/ResettableTimer2.xml (RunModel)" time="0.008" />
  <testcase classname="ptolemy.util.test.junit.AutoTests" name="[60] /home/travis/build/icyphy/ptII/ptolemy/domains/de/test/auto/ResettableTimer3.xml (RunModel)" time="0.008" />
  <testcase classname="ptolemy.util.test.junit.AutoTests" name="[61] /home/travis/build/icyphy/ptII/ptolemy/domains/de/test/auto/ResettableTimer4.xml (RunModel)" time="0.007" />
  <testcase classname="ptolemy.util.test.junit.AutoTests" name="[62] /home/travis/build/icyphy/ptII/ptolemy/domains/de/test/auto/ResettableTimer5.xml (RunModel)" time="0.011" />
  <testcase classname="ptolemy.util.test.junit.AutoTests" name="[63] /home/travis/build/icyphy/ptII/ptolemy/domains/de/test/auto/ResettableTimer6.xml (RunModel)" time="0.017" />
  <testcase classname="ptolemy.util.test.junit.AutoTests" name="[64] /home/travis/build/icyphy/ptII/ptolemy/domains/de/test/auto/ServerZeroDelay.xml (RunModel)" time="0.007" />
  <testcase classname="ptolemy.util.test.junit.AutoTests" name="[65] /home/travis/build/icyphy/ptII/ptolemy/domains/de/test/auto/SmartSender.xml (RunModel)" time="3.007" />
  <testcase classname="ptolemy.util.test.junit.AutoTests" name="[66] /home/travis/build/icyphy/ptII/ptolemy/domains/de/test/auto/ThreadedComposite.xml (RunModel)" time="0.265" />
  <testcase classname="ptolemy.util.test.junit.AutoTests" name="[67] /home/travis/build/icyphy/ptII/ptolemy/domains/de/test/auto/Time.xml (RunModel)" time="0.356" />
  <testcase classname="ptolemy.util.test.junit.AutoTests" name="[68] /home/travis/build/icyphy/ptII/ptolemy/domains/de/test/auto/TimeDelayZeroDelay.xml (RunModel)" time="0.024" />
  <testcase classname="ptolemy.util.test.junit.AutoTests" name="[69] /home/travis/build/icyphy/ptII/ptolemy/domains/de/test/auto/TimerZeroDelay.xml (RunModel)" time="0.009" />
  <testcase classname="ptolemy.util.test.junit.AutoTests" name="[70] /home/travis/build/icyphy/ptII/ptolemy/domains/de/test/auto/TimingParadox.xml (RunModel)" time="0.284" />
  <testcase classname="ptolemy.util.test.junit.AutoTests" name="[71] /home/travis/build/icyphy/ptII/ptolemy/domains/de/test/auto/TransferInputs.xml (RunModel)" time="0.013" />
  <testcase classname="ptolemy.util.test.junit.AutoTests" name="[72] /home/travis/build/icyphy/ptII/ptolemy/domains/de/test/auto/TransferOutputs2.xml (RunModel)" time="0.022" />
  <testcase classname="ptolemy.util.test.junit.AutoTests" name="[73] /home/travis/build/icyphy/ptII/ptolemy/domains/de/test/auto/Trilateration.xml (RunModel)" time="10.178" />
  <testcase classname="ptolemy.util.test.junit.AutoTests" name="[74] /home/travis/build/icyphy/ptII/ptolemy/domains/de/test/auto/TwoSigmaDelta.xml (RunModel)" time="1.548" />
  <testcase classname="ptolemy.util.test.junit.AutoTests" name="[75] /home/travis/build/icyphy/ptII/ptolemy/domains/de/test/auto/VariableDelay.xml (RunModel)" time="0.012" />
  <testcase classname="ptolemy.util.test.junit.AutoTests" name="[76] /home/travis/build/icyphy/ptII/ptolemy/domains/de/test/auto/VariableDelay2.xml (RunModel)" time="0.021" />
  <testcase classname="ptolemy.util.test.junit.AutoTests" name="[77] /home/travis/build/icyphy/ptII/ptolemy/domains/de/test/auto/VariableDelayZeroDelay.xml (RunModel)" time="0.024" />
  <testcase classname="ptolemy.util.test.junit.AutoTests" name="[78] /home/travis/build/icyphy/ptII/ptolemy/domains/de/test/auto/VariableDelayZeroDelay2.xml (RunModel)" time="0.016" />
  <testcase classname="ptolemy.util.test.junit.AutoTests" name="[79] /home/travis/build/icyphy/ptII/ptolemy/domains/de/test/auto/deInCt.xml (RunModel)" time="0.015" />
  <testcase classname="ptolemy.util.test.junit.AutoTests" name="[80] /home/travis/build/icyphy/ptII/ptolemy/domains/de/test/auto/deInCt2.xml (RunModel)" time="0.012" />
  <testcase classname="ptolemy.util.test.junit.AutoTests" name="[81] /home/travis/build/icyphy/ptII/ptolemy/domains/de/test/auto/dynamicCausalityInterface1.xml (RunModel)" time="0.052" />
  <testcase classname="ptolemy.util.test.junit.AutoTests" name="[82] /home/travis/build/icyphy/ptII/ptolemy/domains/de/test/auto/fsm_de_test.xml (RunModel)" time="0.034" />
  <testcase classname="ptolemy.util.test.junit.AutoTests" name="[83] /home/travis/build/icyphy/ptII/ptolemy/domains/de/test/auto/functionDependencyReconstruction.xml (RunModel)" time="0.042" />
  <testcase classname="ptolemy.util.test.junit.AutoTests" name="[84] /home/travis/build/icyphy/ptII/ptolemy/domains/de/test/auto/multirate.xml (RunModel)" time="0.052" />
  <testcase classname="ptolemy.util.test.junit.AutoTests" name="[85] /home/travis/build/icyphy/ptII/ptolemy/domains/de/test/auto/multirate2.xml (RunModel)" time="0.02" />
  <testcase classname="ptolemy.util.test.junit.AutoTests" name="[86] /home/travis/build/icyphy/ptII/ptolemy/domains/de/test/auto/realtime.xml (RunModel)" time="10.014" />
  <testcase classname="ptolemy.util.test.junit.AutoTests" name="[87] /home/travis/build/icyphy/ptII/ptolemy/domains/de/test/auto/relationGroup.xml (RunModel)" time="0.007" />
  <testcase classname="ptolemy.util.test.junit.AutoTests" name="[88] /home/travis/build/icyphy/ptII/ptolemy/domains/de/test/auto/relationGroup2.xml (RunModel)" time="0.009" />
  <testcase classname="ptolemy.util.test.junit.AutoTests" name="[89] /home/travis/build/icyphy/ptII/ptolemy/domains/de/test/auto/sortWithOpaquePorts.xml (RunModel)" time="0.007" />
  <testcase classname="ptolemy.util.test.junit.AutoTests" name="[90] /home/travis/build/icyphy/ptII/ptolemy/domains/de/test/auto/transferInputsandOutputs.xml (RunModel)" time="0.016" />
  <testcase classname="ptolemy.util.test.junit.AutoTests" name="[91] /home/travis/build/icyphy/ptII/ptolemy/domains/de/test/auto/triggerType.xml (RunModel)" time="0.009" />
  <system-out><![CDATA[/home/travis/build/icyphy/ptII/ptolemy/domains/de/test/DependencyLoop.tcl
testDefs.tcl: setting time out to 9000 seconds at Sat Jan 04 06:35:48 UTC 2020
54 ms. Memory: 129024K Free: 78792K (61%)
26 ms. Memory: 129024K Free: 61384K (48%)
/home/travis/build/icyphy/ptII/ptolemy/domains/de/test/RunDETestsAsQSS.tcl
Run the DE tests using ptolemy.domains.qss.test.QSSDirectorTest, which extends QSSDirector and prints a message in the constructors.
------------------ testing $PTII/ptolemy/domains/de/test/auto/knownFailedTests/DirectFeedback.xml (Known Failure) 
57 ms. Memory: 129024K Free: 55750K (43%)


==== $PTIIhome/travis/build/icyphy/ptII/ptolemy/domains/de/test/../../../../: Auto Automatic test in file $PTII/ptolemy/domains/de/test/auto/knownFailedTests/DirectFeedback.xml
==== Contents of test case:

	    # FIXME: we should use $relativeFilename here, but it
	    # might have backslashes under Windows, which causes no end
	    # of trouble.
	    createAndExecute $file
	    list {}
	
.... Test generated KNOWN error:
    while executing
ptolemy.kernel.util.IllegalActionException: Test fails in iteration 1.
Value was: 1.0. Should have been: 2.0
  in .DirectFeedback.Test
	at ptolemy.actor.lib.Test.fire(Test.java:268)
	at ptolemy.domains.de.kernel.DEDirector._fire(DEDirector.java:1949)
	at ptolemy.domains.de.kernel.DEDirector.fire(DEDirector.java:502)
	at ptolemy.actor.CompositeActor.fire(CompositeActor.java:455)
	at ptolemy.actor.Manager.iterate(Manager.java:851)
	at ptolemy.actor.Manager.execute(Manager.java:369)
	at ptolemy.actor.Manager.run(Manager.java:1263)
	at ptolemy.actor.Manager$PtolemyRunThread.run(Manager.java:1933)

    while executing
ptolemy.kernel.util.IllegalActionException: Test fails in iteration 1.
Value was: 1.0. Should have been: 2.0
  in .DirectFeedback.Test
    while executing
"java::new ptolemy.moml.MoMLSimpleApplication $file
"
    (procedure "createAndExecute" line 2)
    invoked from within
"createAndExecute $file"
    ("uplevel" body line 5)
    invoked from within
"uplevel $contents_of_test"
------------------ testing $PTII/ptolemy/domains/de/test/auto/knownFailedTests/dependencyLoop.xml (Known Failure) 
15 ms. Memory: 129024K Free: 52678K (41%)


==== $PTIIhome/travis/build/icyphy/ptII/ptolemy/domains/de/test/../../../../: Auto Automatic test in file $PTII/ptolemy/domains/de/test/auto/knownFailedTests/dependencyLoop.xml
==== Contents of test case:

	    # FIXME: we should use $relativeFilename here, but it
	    # might have backslashes under Windows, which causes no end
	    # of trouble.
	    createAndExecute $file
	    list {}
	
.... Test generated KNOWN error:
    while executing
ptolemy.kernel.util.IllegalActionException: Found a zero delay loop containing .dependencyLoop.original
  in .dependencyLoop and .dependencyLoop.original
	at ptolemy.actor.util.CausalityInterfaceForComposites._computeOutputPortDepth(CausalityInterfaceForComposites.java:759)
	at ptolemy.actor.util.CausalityInterfaceForComposites._computeInputDepth(CausalityInterfaceForComposites.java:696)
	at ptolemy.actor.util.CausalityInterfaceForComposites._computeOutputPortDepth(CausalityInterfaceForComposites.java:765)
	at ptolemy.actor.util.CausalityInterfaceForComposites._computeInputDepth(CausalityInterfaceForComposites.java:696)
	at ptolemy.actor.util.CausalityInterfaceForComposites._computeOutputPortDepth(CausalityInterfaceForComposites.java:765)
	at ptolemy.actor.util.CausalityInterfaceForComposites._computeInputDepth(CausalityInterfaceForComposites.java:696)
	at ptolemy.actor.util.CausalityInterfaceForComposites._computeActorDepth(CausalityInterfaceForComposites.java:532)
	at ptolemy.actor.util.CausalityInterfaceForComposites.checkForCycles(CausalityInterfaceForComposites.java:96)
	at ptolemy.domains.de.kernel.DEDirector.preinitialize(DEDirector.java:1338)
	at ptolemy.actor.CompositeActor.preinitialize(CompositeActor.java:1828)
	at ptolemy.actor.Manager.preinitializeAndResolveTypes(Manager.java:1040)
	at ptolemy.actor.Manager.initialize(Manager.java:710)
	at ptolemy.actor.Manager.execute(Manager.java:356)
	at ptolemy.actor.Manager.run(Manager.java:1263)
	at ptolemy.actor.Manager$PtolemyRunThread.run(Manager.java:1933)

    while executing
ptolemy.kernel.util.IllegalActionException: Found a zero delay loop containing .dependencyLoop.original
  in .dependencyLoop and .dependencyLoop.original
    while executing
"java::new ptolemy.moml.MoMLSimpleApplication $file
"
    (procedure "createAndExecute" line 2)
    invoked from within
"createAndExecute $file"
    ("uplevel" body line 5)
    invoked from within
"uplevel $contents_of_test"
------------------ testing $PTII/ptolemy/domains/de/test/auto/knownFailedTests/FSMSource.xml (Known Failure) 
42 ms. Memory: 129024K Free: 110589K (86%)
!!!! Auto was marked as failing, but now passes
------------------ testing $PTII/ptolemy/domains/de/test/auto/knownFailedTests/HierarchicalModel.xml (Known Failure) 
12 ms. Memory: 129024K Free: 93529K (72%)


==== $PTIIhome/travis/build/icyphy/ptII/ptolemy/domains/de/test/../../../../: Auto Automatic test in file $PTII/ptolemy/domains/de/test/auto/knownFailedTests/HierarchicalModel.xml
==== Contents of test case:

	    # FIXME: we should use $relativeFilename here, but it
	    # might have backslashes under Windows, which causes no end
	    # of trouble.
	    createAndExecute $file
	    list {}
	
.... Test generated KNOWN error:
    while executing
ptolemy.kernel.util.IllegalActionException: Found a zero delay loop containing .HierarchicalModel.A
  in .HierarchicalModel and .HierarchicalModel.A
	at ptolemy.actor.util.CausalityInterfaceForComposites._computeOutputPortDepth(CausalityInterfaceForComposites.java:759)
	at ptolemy.actor.util.CausalityInterfaceForComposites._computeInputDepth(CausalityInterfaceForComposites.java:696)
	at ptolemy.actor.util.CausalityInterfaceForComposites._computeOutputPortDepth(CausalityInterfaceForComposites.java:765)
	at ptolemy.actor.util.CausalityInterfaceForComposites._computeInputDepth(CausalityInterfaceForComposites.java:696)
	at ptolemy.actor.util.CausalityInterfaceForComposites._computeOutputPortDepth(CausalityInterfaceForComposites.java:765)
	at ptolemy.actor.util.CausalityInterfaceForComposites._computeInputDepth(CausalityInterfaceForComposites.java:696)
	at ptolemy.actor.util.CausalityInterfaceForComposites._computeActorDepth(CausalityInterfaceForComposites.java:532)
	at ptolemy.actor.util.CausalityInterfaceForComposites.checkForCycles(CausalityInterfaceForComposites.java:96)
	at ptolemy.domains.de.kernel.DEDirector.preinitialize(DEDirector.java:1338)
	at ptolemy.actor.CompositeActor.preinitialize(CompositeActor.java:1828)
	at ptolemy.actor.Manager.preinitializeAndResolveTypes(Manager.java:1040)
	at ptolemy.actor.Manager.initialize(Manager.java:710)
	at ptolemy.actor.Manager.execute(Manager.java:356)
	at ptolemy.actor.Manager.run(Manager.java:1263)
	at ptolemy.actor.Manager$PtolemyRunThread.run(Manager.java:1933)

    while executing
ptolemy.kernel.util.IllegalActionException: Found a zero delay loop containing .HierarchicalModel.A
  in .HierarchicalModel and .HierarchicalModel.A
    while executing
"java::new ptolemy.moml.MoMLSimpleApplication $file
"
    (procedure "createAndExecute" line 2)
    invoked from within
"createAndExecute $file"
    ("uplevel" body line 5)
    invoked from within
"uplevel $contents_of_test"
------------------ testing $PTII/ptolemy/domains/de/test/auto/knownFailedTests/dependencyLoop2.xml (Known Failure) 
8 ms. Memory: 129024K Free: 77470K (60%)


==== $PTIIhome/travis/build/icyphy/ptII/ptolemy/domains/de/test/../../../../: Auto Automatic test in file $PTII/ptolemy/domains/de/test/auto/knownFailedTests/dependencyLoop2.xml
==== Contents of test case:

	    # FIXME: we should use $relativeFilename here, but it
	    # might have backslashes under Windows, which causes no end
	    # of trouble.
	    createAndExecute $file
	    list {}
	
.... Test generated KNOWN error:
    while executing
ptolemy.kernel.util.IllegalActionException: Found a zero delay loop containing .dependencyLoop2.original
  in .dependencyLoop2 and .dependencyLoop2.original
	at ptolemy.actor.util.CausalityInterfaceForComposites._computeOutputPortDepth(CausalityInterfaceForComposites.java:759)
	at ptolemy.actor.util.CausalityInterfaceForComposites._computeInputDepth(CausalityInterfaceForComposites.java:696)
	at ptolemy.actor.util.CausalityInterfaceForComposites._computeOutputPortDepth(CausalityInterfaceForComposites.java:765)
	at ptolemy.actor.util.CausalityInterfaceForComposites._computeInputDepth(CausalityInterfaceForComposites.java:696)
	at ptolemy.actor.util.CausalityInterfaceForComposites._computeOutputPortDepth(CausalityInterfaceForComposites.java:765)
	at ptolemy.actor.util.CausalityInterfaceForComposites._computeInputDepth(CausalityInterfaceForComposites.java:696)
	at ptolemy.actor.util.CausalityInterfaceForComposites._computeActorDepth(CausalityInterfaceForComposites.java:532)
	at ptolemy.actor.util.CausalityInterfaceForComposites.checkForCycles(CausalityInterfaceForComposites.java:96)
	at ptolemy.domains.de.kernel.DEDirector.preinitialize(DEDirector.java:1338)
	at ptolemy.actor.CompositeActor.preinitialize(CompositeActor.java:1828)
	at ptolemy.actor.Manager.preinitializeAndResolveTypes(Manager.java:1040)
	at ptolemy.actor.Manager.initialize(Manager.java:710)
	at ptolemy.actor.Manager.execute(Manager.java:356)
	at ptolemy.actor.Manager.run(Manager.java:1263)
	at ptolemy.actor.Manager$PtolemyRunThread.run(Manager.java:1933)

    while executing
ptolemy.kernel.util.IllegalActionException: Found a zero delay loop containing .dependencyLoop2.original
  in .dependencyLoop2 and .dependencyLoop2.original
    while executing
"java::new ptolemy.moml.MoMLSimpleApplication $file
"
    (procedure "createAndExecute" line 2)
    invoked from within
"createAndExecute $file"
    ("uplevel" body line 5)
    invoked from within
"uplevel $contents_of_test"
------------------ testing $PTII/ptolemy/domains/de/test/auto/knownFailedTests/DESDFClockTest.xml (Known Failure) 
2066 ms. Memory: 129024K Free: 108094K (84%)


==== $PTIIhome/travis/build/icyphy/ptII/ptolemy/domains/de/test/../../../../: Auto Automatic test in file $PTII/ptolemy/domains/de/test/auto/knownFailedTests/DESDFClockTest.xml
==== Contents of test case:

	    # FIXME: we should use $relativeFilename here, but it
	    # might have backslashes under Windows, which causes no end
	    # of trouble.
	    createAndExecute $file
	    list {}
	
.... Test generated KNOWN error:
    while executing
ptolemy.kernel.util.IllegalActionException: Actor is not ready to fire.  Perhaps UpSample.prefire() returned false? Try debugging the actor by selecting "Listen to Actor".  Also, for SDF check moml for tokenConsumptionRate on input.
  in .DESDFClockTest.Play Bell.Copy1:SDF Director and .DESDFClockTest.Play Bell.UpSample
	at ptolemy.actor.sched.StaticSchedulingDirector.fire(StaticSchedulingDirector.java:227)
	at ptolemy.domains.sdf.kernel.SDFDirector.fire(SDFDirector.java:500)
	at ptolemy.actor.CompositeActor.fire(CompositeActor.java:455)
	at ptolemy.domains.de.kernel.DEDirector._fire(DEDirector.java:1949)
	at ptolemy.domains.de.kernel.DEDirector.fire(DEDirector.java:502)
	at ptolemy.actor.CompositeActor.fire(CompositeActor.java:455)
	at ptolemy.actor.Manager.iterate(Manager.java:851)
	at ptolemy.actor.Manager.execute(Manager.java:369)
	at ptolemy.actor.Manager.run(Manager.java:1263)
	at ptolemy.actor.Manager$PtolemyRunThread.run(Manager.java:1933)

    while executing
ptolemy.kernel.util.IllegalActionException: Actor is not ready to fire.  Perhaps UpSample.prefire() returned false? Try debugging the actor by selecting "Listen to Actor".  Also, for SDF check moml for tokenConsumptionRate on input.
  in .DESDFClockTest.Play Bell.Copy1:SDF Director and .DESDFClockTest.Play Bell.UpSample
    while executing
"java::new ptolemy.moml.MoMLSimpleApplication $file
"
    (procedure "createAndExecute" line 2)
    invoked from within
"createAndExecute $file"
    ("uplevel" body line 5)
    invoked from within
"uplevel $contents_of_test"
------------------ testing $PTII/ptolemy/domains/de/test/auto/ActorDepthCalculation_actorWithoutPorts.xml
auto.tcl: Setting watchdog for 200 seconds at Sat Jan 04 06:35:52 UTC 2020
4 ms. Memory: 129024K Free: 100926K (78%)
ptolemy.util.test.WatchDog.cancel(): canceling Sat Jan 04 06:35:52 UTC 2020
auto.tcl: Setting watchdog for 200 seconds at Sat Jan 04 06:35:52 UTC 2020
4 ms. Memory: 129024K Free: 99374K (77%)
ptolemy.util.test.WatchDog.cancel(): canceling Sat Jan 04 06:35:52 UTC 2020
------------------ testing $PTII/ptolemy/domains/de/test/auto/AssemblyLine.xml
auto.tcl: Setting watchdog for 200 seconds at Sat Jan 04 06:35:52 UTC 2020
11 ms. Memory: 51200K Free: 28021K (55%)
ptolemy.util.test.WatchDog.cancel(): canceling Sat Jan 04 06:35:53 UTC 2020
auto.tcl: Setting watchdog for 200 seconds at Sat Jan 04 06:35:53 UTC 2020
6 ms. Memory: 51200K Free: 27320K (53%)
ptolemy.util.test.WatchDog.cancel(): canceling Sat Jan 04 06:35:53 UTC 2020
------------------ testing $PTII/ptolemy/domains/de/test/auto/CQBug1.xml
auto.tcl: Setting watchdog for 200 seconds at Sat Jan 04 06:35:53 UTC 2020
7 ms. Memory: 51200K Free: 33298K (65%)
ptolemy.util.test.WatchDog.cancel(): canceling Sat Jan 04 06:35:53 UTC 2020
auto.tcl: Setting watchdog for 200 seconds at Sat Jan 04 06:35:53 UTC 2020
1 ms. Memory: 51200K Free: 32858K (64%)
ptolemy.util.test.WatchDog.cancel(): canceling Sat Jan 04 06:35:53 UTC 2020
------------------ testing $PTII/ptolemy/domains/de/test/auto/CancelFireAt.xml
auto.tcl: Setting watchdog for 200 seconds at Sat Jan 04 06:35:53 UTC 2020
5 ms. Memory: 51200K Free: 34678K (68%)
ptolemy.util.test.WatchDog.cancel(): canceling Sat Jan 04 06:35:53 UTC 2020
auto.tcl: Setting watchdog for 200 seconds at Sat Jan 04 06:35:53 UTC 2020
3 ms. Memory: 51200K Free: 34214K (67%)
ptolemy.util.test.WatchDog.cancel(): canceling Sat Jan 04 06:35:53 UTC 2020
------------------ testing $PTII/ptolemy/domains/de/test/auto/CausalityAndComposabilityAnalysis.xml
auto.tcl: Setting watchdog for 200 seconds at Sat Jan 04 06:35:53 UTC 2020
9 ms. Memory: 51200K Free: 33006K (64%)
ptolemy.util.test.WatchDog.cancel(): canceling Sat Jan 04 06:35:53 UTC 2020
auto.tcl: Setting watchdog for 200 seconds at Sat Jan 04 06:35:53 UTC 2020
5 ms. Memory: 51200K Free: 32123K (63%)
ptolemy.util.test.WatchDog.cancel(): canceling Sat Jan 04 06:35:53 UTC 2020
------------------ testing $PTII/ptolemy/domains/de/test/auto/CausalityInterface1.xml
auto.tcl: Setting watchdog for 200 seconds at Sat Jan 04 06:35:53 UTC 2020
24 ms. Memory: 51200K Free: 31426K (61%)
ptolemy.util.test.WatchDog.cancel(): canceling Sat Jan 04 06:35:53 UTC 2020
auto.tcl: Setting watchdog for 200 seconds at Sat Jan 04 06:35:53 UTC 2020
3 ms. Memory: 51200K Free: 30462K (59%)
ptolemy.util.test.WatchDog.cancel(): canceling Sat Jan 04 06:35:53 UTC 2020
------------------ testing $PTII/ptolemy/domains/de/test/auto/CausalityInterface15.xml
auto.tcl: Setting watchdog for 200 seconds at Sat Jan 04 06:35:53 UTC 2020
6 ms. Memory: 51200K Free: 31493K (62%)
ptolemy.util.test.WatchDog.cancel(): canceling Sat Jan 04 06:35:53 UTC 2020
auto.tcl: Setting watchdog for 200 seconds at Sat Jan 04 06:35:53 UTC 2020
5 ms. Memory: 51200K Free: 30373K (59%)
ptolemy.util.test.WatchDog.cancel(): canceling Sat Jan 04 06:35:53 UTC 2020
------------------ testing $PTII/ptolemy/domains/de/test/auto/CausalityInterface2.xml
auto.tcl: Setting watchdog for 200 seconds at Sat Jan 04 06:35:53 UTC 2020
3 ms. Memory: 51200K Free: 32001K (63%)
ptolemy.util.test.WatchDog.cancel(): canceling Sat Jan 04 06:35:53 UTC 2020
auto.tcl: Setting watchdog for 200 seconds at Sat Jan 04 06:35:53 UTC 2020
6 ms. Memory: 51200K Free: 30861K (60%)
ptolemy.util.test.WatchDog.cancel(): canceling Sat Jan 04 06:35:53 UTC 2020
------------------ testing $PTII/ptolemy/domains/de/test/auto/CausalityInterface3.xml
auto.tcl: Setting watchdog for 200 seconds at Sat Jan 04 06:35:53 UTC 2020
2 ms. Memory: 51200K Free: 31520K (62%)
ptolemy.util.test.WatchDog.cancel(): canceling Sat Jan 04 06:35:53 UTC 2020
auto.tcl: Setting watchdog for 200 seconds at Sat Jan 04 06:35:53 UTC 2020
2 ms. Memory: 51200K Free: 30744K (60%)
ptolemy.util.test.WatchDog.cancel(): canceling Sat Jan 04 06:35:53 UTC 2020
------------------ testing $PTII/ptolemy/domains/de/test/auto/ClockDrift.xml
auto.tcl: Setting watchdog for 200 seconds at Sat Jan 04 06:35:53 UTC 2020
60 ms. Memory: 51200K Free: 24114K (47%)
ptolemy.util.test.WatchDog.cancel(): canceling Sat Jan 04 06:35:53 UTC 2020
auto.tcl: Setting watchdog for 200 seconds at Sat Jan 04 06:35:53 UTC 2020
58 ms. Memory: 51200K Free: 21099K (41%)
ptolemy.util.test.WatchDog.cancel(): canceling Sat Jan 04 06:35:53 UTC 2020
------------------ testing $PTII/ptolemy/domains/de/test/auto/ClockDriftAndValueChange.xml
auto.tcl: Setting watchdog for 200 seconds at Sat Jan 04 06:35:53 UTC 2020
36 ms. Memory: 51200K Free: 24188K (47%)
ptolemy.util.test.WatchDog.cancel(): canceling Sat Jan 04 06:35:53 UTC 2020
auto.tcl: Setting watchdog for 200 seconds at Sat Jan 04 06:35:53 UTC 2020
19 ms. Memory: 51200K Free: 21354K (42%)
ptolemy.util.test.WatchDog.cancel(): canceling Sat Jan 04 06:35:53 UTC 2020
------------------ testing $PTII/ptolemy/domains/de/test/auto/ClockDriftChange.xml
auto.tcl: Setting watchdog for 200 seconds at Sat Jan 04 06:35:54 UTC 2020
17 ms. Memory: 51200K Free: 26224K (51%)
ptolemy.util.test.WatchDog.cancel(): canceling Sat Jan 04 06:35:54 UTC 2020
auto.tcl: Setting watchdog for 200 seconds at Sat Jan 04 06:35:54 UTC 2020
15 ms. Memory: 51200K Free: 23622K (46%)
ptolemy.util.test.WatchDog.cancel(): canceling Sat Jan 04 06:35:54 UTC 2020
------------------ testing $PTII/ptolemy/domains/de/test/auto/ComposableCausalityAnalysis.xml
auto.tcl: Setting watchdog for 200 seconds at Sat Jan 04 06:35:54 UTC 2020
2 ms. Memory: 51200K Free: 30843K (60%)
ptolemy.util.test.WatchDog.cancel(): canceling Sat Jan 04 06:35:54 UTC 2020
auto.tcl: Setting watchdog for 200 seconds at Sat Jan 04 06:35:54 UTC 2020
4 ms. Memory: 51200K Free: 29814K (58%)
ptolemy.util.test.WatchDog.cancel(): canceling Sat Jan 04 06:35:54 UTC 2020
------------------ testing $PTII/ptolemy/domains/de/test/auto/DEFixedPointLimitation.xml
auto.tcl: Setting watchdog for 200 seconds at Sat Jan 04 06:35:54 UTC 2020
3 ms. Memory: 51200K Free: 32054K (63%)
ptolemy.util.test.WatchDog.cancel(): canceling Sat Jan 04 06:35:54 UTC 2020
auto.tcl: Setting watchdog for 200 seconds at Sat Jan 04 06:35:54 UTC 2020
1 ms. Memory: 51200K Free: 31133K (61%)
ptolemy.util.test.WatchDog.cancel(): canceling Sat Jan 04 06:35:54 UTC 2020
------------------ testing $PTII/ptolemy/domains/de/test/auto/DEScheduleTest.xml
auto.tcl: Setting watchdog for 200 seconds at Sat Jan 04 06:35:54 UTC 2020
3 ms. Memory: 51200K Free: 32284K (63%)
ptolemy.util.test.WatchDog.cancel(): canceling Sat Jan 04 06:35:54 UTC 2020
auto.tcl: Setting watchdog for 200 seconds at Sat Jan 04 06:35:54 UTC 2020
3 ms. Memory: 51200K Free: 31545K (62%)
ptolemy.util.test.WatchDog.cancel(): canceling Sat Jan 04 06:35:54 UTC 2020
------------------ testing $PTII/ptolemy/domains/de/test/auto/DEinDEwithStartTimes.xml
auto.tcl: Setting watchdog for 200 seconds at Sat Jan 04 06:35:54 UTC 2020
3 ms. Memory: 51200K Free: 30472K (60%)
ptolemy.util.test.WatchDog.cancel(): canceling Sat Jan 04 06:35:54 UTC 2020
auto.tcl: Setting watchdog for 200 seconds at Sat Jan 04 06:35:54 UTC 2020
2 ms. Memory: 51200K Free: 29448K (58%)
ptolemy.util.test.WatchDog.cancel(): canceling Sat Jan 04 06:35:54 UTC 2020
------------------ testing $PTII/ptolemy/domains/de/test/auto/DEinDEwithStartTimes2.xml
auto.tcl: Setting watchdog for 200 seconds at Sat Jan 04 06:35:54 UTC 2020
6 ms. Memory: 51200K Free: 29671K (58%)
ptolemy.util.test.WatchDog.cancel(): canceling Sat Jan 04 06:35:54 UTC 2020
auto.tcl: Setting watchdog for 200 seconds at Sat Jan 04 06:35:54 UTC 2020
3 ms. Memory: 51200K Free: 28404K (55%)
ptolemy.util.test.WatchDog.cancel(): canceling Sat Jan 04 06:35:54 UTC 2020
------------------ testing $PTII/ptolemy/domains/de/test/auto/DateDemo.xml
auto.tcl: Setting watchdog for 200 seconds at Sat Jan 04 06:35:54 UTC 2020
15 ms. Memory: 51200K Free: 24046K (47%)
ptolemy.util.test.WatchDog.cancel(): canceling Sat Jan 04 06:35:54 UTC 2020
auto.tcl: Setting watchdog for 200 seconds at Sat Jan 04 06:35:54 UTC 2020
9 ms. Memory: 51200K Free: 22476K (44%)
ptolemy.util.test.WatchDog.cancel(): canceling Sat Jan 04 06:35:54 UTC 2020
------------------ testing $PTII/ptolemy/domains/de/test/auto/DateToEvent.xml
auto.tcl: Setting watchdog for 200 seconds at Sat Jan 04 06:35:54 UTC 2020
2008 ms. Memory: 51200K Free: 19969K (39%)
ptolemy.util.test.WatchDog.cancel(): canceling Sat Jan 04 06:35:56 UTC 2020
auto.tcl: Setting watchdog for 200 seconds at Sat Jan 04 06:35:56 UTC 2020
2004 ms. Memory: 51200K Free: 19194K (37%)
ptolemy.util.test.WatchDog.cancel(): canceling Sat Jan 04 06:35:58 UTC 2020
------------------ testing $PTII/ptolemy/domains/de/test/auto/DepthTest1.xml
auto.tcl: Setting watchdog for 200 seconds at Sat Jan 04 06:35:58 UTC 2020
2 ms. Memory: 51200K Free: 33115K (65%)
ptolemy.util.test.WatchDog.cancel(): canceling Sat Jan 04 06:35:58 UTC 2020
auto.tcl: Setting watchdog for 200 seconds at Sat Jan 04 06:35:58 UTC 2020
1 ms. Memory: 51200K Free: 32684K (64%)
ptolemy.util.test.WatchDog.cancel(): canceling Sat Jan 04 06:35:58 UTC 2020
------------------ testing $PTII/ptolemy/domains/de/test/auto/DepthTest2.xml
auto.tcl: Setting watchdog for 200 seconds at Sat Jan 04 06:35:58 UTC 2020
5 ms. Memory: 51200K Free: 29936K (58%)
ptolemy.util.test.WatchDog.cancel(): canceling Sat Jan 04 06:35:58 UTC 2020
auto.tcl: Setting watchdog for 200 seconds at Sat Jan 04 06:35:58 UTC 2020
2 ms. Memory: 51200K Free: 29499K (58%)
ptolemy.util.test.WatchDog.cancel(): canceling Sat Jan 04 06:35:58 UTC 2020
------------------ testing $PTII/ptolemy/domains/de/test/auto/DepthTest3.xml
auto.tcl: Setting watchdog for 200 seconds at Sat Jan 04 06:35:58 UTC 2020
2 ms. Memory: 51200K Free: 33499K (65%)
ptolemy.util.test.WatchDog.cancel(): canceling Sat Jan 04 06:35:58 UTC 2020
auto.tcl: Setting watchdog for 200 seconds at Sat Jan 04 06:35:58 UTC 2020
1 ms. Memory: 51200K Free: 32999K (64%)
ptolemy.util.test.WatchDog.cancel(): canceling Sat Jan 04 06:35:58 UTC 2020
------------------ testing $PTII/ptolemy/domains/de/test/auto/DepthTest4.xml
auto.tcl: Setting watchdog for 200 seconds at Sat Jan 04 06:35:58 UTC 2020
13 ms. Memory: 51200K Free: 31796K (62%)
ptolemy.util.test.WatchDog.cancel(): canceling Sat Jan 04 06:35:58 UTC 2020
auto.tcl: Setting watchdog for 200 seconds at Sat Jan 04 06:35:58 UTC 2020
2 ms. Memory: 51200K Free: 31053K (61%)
ptolemy.util.test.WatchDog.cancel(): canceling Sat Jan 04 06:35:58 UTC 2020
------------------ testing $PTII/ptolemy/domains/de/test/auto/DepthTest5.xml
auto.tcl: Setting watchdog for 200 seconds at Sat Jan 04 06:35:58 UTC 2020
2 ms. Memory: 51200K Free: 31179K (61%)
ptolemy.util.test.WatchDog.cancel(): canceling Sat Jan 04 06:35:58 UTC 2020
auto.tcl: Setting watchdog for 200 seconds at Sat Jan 04 06:35:58 UTC 2020
2 ms. Memory: 51200K Free: 30407K (59%)
ptolemy.util.test.WatchDog.cancel(): canceling Sat Jan 04 06:35:58 UTC 2020
------------------ testing $PTII/ptolemy/domains/de/test/auto/DepthTest6.xml
auto.tcl: Setting watchdog for 200 seconds at Sat Jan 04 06:35:58 UTC 2020
5 ms. Memory: 51200K Free: 30905K (60%)
ptolemy.util.test.WatchDog.cancel(): canceling Sat Jan 04 06:35:59 UTC 2020
auto.tcl: Setting watchdog for 200 seconds at Sat Jan 04 06:35:59 UTC 2020
2 ms. Memory: 51200K Free: 29965K (59%)
ptolemy.util.test.WatchDog.cancel(): canceling Sat Jan 04 06:35:59 UTC 2020
------------------ testing $PTII/ptolemy/domains/de/test/auto/DepthTest7.xml
auto.tcl: Setting watchdog for 200 seconds at Sat Jan 04 06:35:59 UTC 2020
2 ms. Memory: 51200K Free: 31720K (62%)
ptolemy.util.test.WatchDog.cancel(): canceling Sat Jan 04 06:35:59 UTC 2020
auto.tcl: Setting watchdog for 200 seconds at Sat Jan 04 06:35:59 UTC 2020
2 ms. Memory: 51200K Free: 30999K (61%)
ptolemy.util.test.WatchDog.cancel(): canceling Sat Jan 04 06:35:59 UTC 2020
------------------ testing $PTII/ptolemy/domains/de/test/auto/EventToDate.xml
auto.tcl: Setting watchdog for 200 seconds at Sat Jan 04 06:35:59 UTC 2020
3011 ms. Memory: 51200K Free: 22501K (44%)
ptolemy.util.test.WatchDog.cancel(): canceling Sat Jan 04 06:36:02 UTC 2020
auto.tcl: Setting watchdog for 200 seconds at Sat Jan 04 06:36:02 UTC 2020
3004 ms. Memory: 51200K Free: 21802K (43%)
ptolemy.util.test.WatchDog.cancel(): canceling Sat Jan 04 06:36:05 UTC 2020
------------------ testing $PTII/ptolemy/domains/de/test/auto/FSM1.xml
auto.tcl: Setting watchdog for 200 seconds at Sat Jan 04 06:36:05 UTC 2020
25 ms. Memory: 51200K Free: 23184K (45%)
ptolemy.util.test.WatchDog.cancel(): canceling Sat Jan 04 06:36:05 UTC 2020
auto.tcl: Setting watchdog for 200 seconds at Sat Jan 04 06:36:05 UTC 2020
23 ms. Memory: 51200K Free: 20037K (39%)
ptolemy.util.test.WatchDog.cancel(): canceling Sat Jan 04 06:36:05 UTC 2020
------------------ testing $PTII/ptolemy/domains/de/test/auto/FSM7.xml
auto.tcl: Setting watchdog for 200 seconds at Sat Jan 04 06:36:05 UTC 2020
13 ms. Memory: 51200K Free: 23409K (46%)
ptolemy.util.test.WatchDog.cancel(): canceling Sat Jan 04 06:36:05 UTC 2020
auto.tcl: Setting watchdog for 200 seconds at Sat Jan 04 06:36:05 UTC 2020
12 ms. Memory: 51200K Free: 20277K (40%)
ptolemy.util.test.WatchDog.cancel(): canceling Sat Jan 04 06:36:05 UTC 2020
------------------ testing $PTII/ptolemy/domains/de/test/auto/Inspection.xml
auto.tcl: Setting watchdog for 200 seconds at Sat Jan 04 06:36:05 UTC 2020
21 ms. Memory: 51200K Free: 23425K (46%)
ptolemy.util.test.WatchDog.cancel(): canceling Sat Jan 04 06:36:05 UTC 2020
auto.tcl: Setting watchdog for 200 seconds at Sat Jan 04 06:36:05 UTC 2020
16 ms. Memory: 51200K Free: 21700K (42%)
ptolemy.util.test.WatchDog.cancel(): canceling Sat Jan 04 06:36:05 UTC 2020
------------------ testing $PTII/ptolemy/domains/de/test/auto/Iteration.xml
auto.tcl: Setting watchdog for 200 seconds at Sat Jan 04 06:36:05 UTC 2020
6 ms. Memory: 51200K Free: 29169K (57%)
ptolemy.util.test.WatchDog.cancel(): canceling Sat Jan 04 06:36:05 UTC 2020
auto.tcl: Setting watchdog for 200 seconds at Sat Jan 04 06:36:05 UTC 2020
6 ms. Memory: 51200K Free: 28145K (55%)
ptolemy.util.test.WatchDog.cancel(): canceling Sat Jan 04 06:36:05 UTC 2020
------------------ testing $PTII/ptolemy/domains/de/test/auto/LineFault.xml
auto.tcl: Setting watchdog for 200 seconds at Sat Jan 04 06:36:05 UTC 2020
573 ms. Memory: 51200K Free: 30471K (60%)
ptolemy.util.test.WatchDog.cancel(): canceling Sat Jan 04 06:36:06 UTC 2020
auto.tcl: Setting watchdog for 200 seconds at Sat Jan 04 06:36:06 UTC 2020
547 ms. Memory: 63488K Free: 30621K (48%)
ptolemy.util.test.WatchDog.cancel(): canceling Sat Jan 04 06:36:06 UTC 2020
------------------ testing $PTII/ptolemy/domains/de/test/auto/MergeModel1Add.xml
auto.tcl: Setting watchdog for 200 seconds at Sat Jan 04 06:36:06 UTC 2020
29 ms. Memory: 58368K Free: 22313K (38%)
ptolemy.util.test.WatchDog.cancel(): canceling Sat Jan 04 06:36:07 UTC 2020
auto.tcl: Setting watchdog for 200 seconds at Sat Jan 04 06:36:07 UTC 2020
9 ms. Memory: 58368K Free: 20598K (35%)
ptolemy.util.test.WatchDog.cancel(): canceling Sat Jan 04 06:36:07 UTC 2020
------------------ testing $PTII/ptolemy/domains/de/test/auto/MergeModel2Add.xml
auto.tcl: Setting watchdog for 200 seconds at Sat Jan 04 06:36:07 UTC 2020
11 ms. Memory: 58368K Free: 22382K (38%)
ptolemy.util.test.WatchDog.cancel(): canceling Sat Jan 04 06:36:07 UTC 2020
auto.tcl: Setting watchdog for 200 seconds at Sat Jan 04 06:36:07 UTC 2020
9 ms. Memory: 58368K Free: 20671K (35%)
ptolemy.util.test.WatchDog.cancel(): canceling Sat Jan 04 06:36:07 UTC 2020
------------------ testing $PTII/ptolemy/domains/de/test/auto/MergeModel3Add.xml
auto.tcl: Setting watchdog for 200 seconds at Sat Jan 04 06:36:07 UTC 2020
7 ms. Memory: 58368K Free: 22389K (38%)
ptolemy.util.test.WatchDog.cancel(): canceling Sat Jan 04 06:36:07 UTC 2020
auto.tcl: Setting watchdog for 200 seconds at Sat Jan 04 06:36:07 UTC 2020
7 ms. Memory: 58368K Free: 20660K (35%)
ptolemy.util.test.WatchDog.cancel(): canceling Sat Jan 04 06:36:07 UTC 2020
------------------ testing $PTII/ptolemy/domains/de/test/auto/MergeWithoutDiscard.xml
auto.tcl: Setting watchdog for 200 seconds at Sat Jan 04 06:36:07 UTC 2020
2 ms. Memory: 58368K Free: 37524K (64%)
ptolemy.util.test.WatchDog.cancel(): canceling Sat Jan 04 06:36:07 UTC 2020
auto.tcl: Setting watchdog for 200 seconds at Sat Jan 04 06:36:07 UTC 2020
1 ms. Memory: 58368K Free: 36611K (63%)
ptolemy.util.test.WatchDog.cancel(): canceling Sat Jan 04 06:36:07 UTC 2020
------------------ testing $PTII/ptolemy/domains/de/test/auto/Modal1.xml
auto.tcl: Setting watchdog for 200 seconds at Sat Jan 04 06:36:07 UTC 2020
17 ms. Memory: 58368K Free: 29383K (50%)
ptolemy.util.test.WatchDog.cancel(): canceling Sat Jan 04 06:36:07 UTC 2020
auto.tcl: Setting watchdog for 200 seconds at Sat Jan 04 06:36:07 UTC 2020
19 ms. Memory: 58368K Free: 26082K (45%)
ptolemy.util.test.WatchDog.cancel(): canceling Sat Jan 04 06:36:07 UTC 2020
------------------ testing $PTII/ptolemy/domains/de/test/auto/Modal2.xml
auto.tcl: Setting watchdog for 200 seconds at Sat Jan 04 06:36:07 UTC 2020
12 ms. Memory: 58368K Free: 29261K (50%)
ptolemy.util.test.WatchDog.cancel(): canceling Sat Jan 04 06:36:07 UTC 2020
auto.tcl: Setting watchdog for 200 seconds at Sat Jan 04 06:36:07 UTC 2020
20 ms. Memory: 58368K Free: 26011K (45%)
ptolemy.util.test.WatchDog.cancel(): canceling Sat Jan 04 06:36:07 UTC 2020
------------------ testing $PTII/ptolemy/domains/de/test/auto/Modal3.xml
auto.tcl: Setting watchdog for 200 seconds at Sat Jan 04 06:36:07 UTC 2020
14 ms. Memory: 58368K Free: 28951K (50%)
ptolemy.util.test.WatchDog.cancel(): canceling Sat Jan 04 06:36:07 UTC 2020
auto.tcl: Setting watchdog for 200 seconds at Sat Jan 04 06:36:07 UTC 2020
14 ms. Memory: 58368K Free: 25984K (45%)
ptolemy.util.test.WatchDog.cancel(): canceling Sat Jan 04 06:36:07 UTC 2020
------------------ testing $PTII/ptolemy/domains/de/test/auto/Modal4.xml
auto.tcl: Setting watchdog for 200 seconds at Sat Jan 04 06:36:07 UTC 2020
13 ms. Memory: 58368K Free: 28210K (48%)
ptolemy.util.test.WatchDog.cancel(): canceling Sat Jan 04 06:36:07 UTC 2020
auto.tcl: Setting watchdog for 200 seconds at Sat Jan 04 06:36:07 UTC 2020
13 ms. Memory: 58368K Free: 24394K (42%)
ptolemy.util.test.WatchDog.cancel(): canceling Sat Jan 04 06:36:07 UTC 2020
------------------ testing $PTII/ptolemy/domains/de/test/auto/Modal5.xml
auto.tcl: Setting watchdog for 200 seconds at Sat Jan 04 06:36:07 UTC 2020
14 ms. Memory: 58368K Free: 28205K (48%)
ptolemy.util.test.WatchDog.cancel(): canceling Sat Jan 04 06:36:07 UTC 2020
auto.tcl: Setting watchdog for 200 seconds at Sat Jan 04 06:36:07 UTC 2020
13 ms. Memory: 58368K Free: 24381K (42%)
ptolemy.util.test.WatchDog.cancel(): canceling Sat Jan 04 06:36:07 UTC 2020
------------------ testing $PTII/ptolemy/domains/de/test/auto/Modal6.xml
auto.tcl: Setting watchdog for 200 seconds at Sat Jan 04 06:36:07 UTC 2020
10 ms. Memory: 58368K Free: 28475K (49%)
ptolemy.util.test.WatchDog.cancel(): canceling Sat Jan 04 06:36:07 UTC 2020
auto.tcl: Setting watchdog for 200 seconds at Sat Jan 04 06:36:07 UTC 2020
12 ms. Memory: 58368K Free: 24588K (42%)
ptolemy.util.test.WatchDog.cancel(): canceling Sat Jan 04 06:36:08 UTC 2020
------------------ testing $PTII/ptolemy/domains/de/test/auto/Modal7.xml
auto.tcl: Setting watchdog for 200 seconds at Sat Jan 04 06:36:08 UTC 2020
9 ms. Memory: 58368K Free: 27910K (48%)
ptolemy.util.test.WatchDog.cancel(): canceling Sat Jan 04 06:36:08 UTC 2020
auto.tcl: Setting watchdog for 200 seconds at Sat Jan 04 06:36:08 UTC 2020
10 ms. Memory: 58368K Free: 24381K (42%)
ptolemy.util.test.WatchDog.cancel(): canceling Sat Jan 04 06:36:08 UTC 2020
------------------ testing $PTII/ptolemy/domains/de/test/auto/ModalModel.xml
auto.tcl: Setting watchdog for 200 seconds at Sat Jan 04 06:36:08 UTC 2020
199 ms. Memory: 58368K Free: 22520K (39%)
ptolemy.util.test.WatchDog.cancel(): canceling Sat Jan 04 06:36:08 UTC 2020
auto.tcl: Setting watchdog for 200 seconds at Sat Jan 04 06:36:08 UTC 2020
192 ms. Memory: 74752K Free: 33317K (45%)
ptolemy.util.test.WatchDog.cancel(): canceling Sat Jan 04 06:36:08 UTC 2020
------------------ testing $PTII/ptolemy/domains/de/test/auto/ModalSource.xml
auto.tcl: Setting watchdog for 200 seconds at Sat Jan 04 06:36:08 UTC 2020
7 ms. Memory: 61440K Free: 35838K (58%)
ptolemy.util.test.WatchDog.cancel(): canceling Sat Jan 04 06:36:08 UTC 2020
auto.tcl: Setting watchdog for 200 seconds at Sat Jan 04 06:36:08 UTC 2020
7 ms. Memory: 61440K Free: 33587K (55%)
ptolemy.util.test.WatchDog.cancel(): canceling Sat Jan 04 06:36:08 UTC 2020
------------------ testing $PTII/ptolemy/domains/de/test/auto/NonInterruptibleTimerZeroDelay.xml
auto.tcl: Setting watchdog for 200 seconds at Sat Jan 04 06:36:08 UTC 2020
3 ms. Memory: 61440K Free: 40955K (67%)
ptolemy.util.test.WatchDog.cancel(): canceling Sat Jan 04 06:36:08 UTC 2020
auto.tcl: Setting watchdog for 200 seconds at Sat Jan 04 06:36:08 UTC 2020
2 ms. Memory: 61440K Free: 40356K (66%)
ptolemy.util.test.WatchDog.cancel(): canceling Sat Jan 04 06:36:08 UTC 2020
------------------ testing $PTII/ptolemy/domains/de/test/auto/OpenQueueingNetwork.xml
auto.tcl: Setting watchdog for 200 seconds at Sat Jan 04 06:36:08 UTC 2020
2555 ms. Memory: 116736K Free: 43204K (37%)
ptolemy.util.test.WatchDog.cancel(): canceling Sat Jan 04 06:36:11 UTC 2020
auto.tcl: Setting watchdog for 200 seconds at Sat Jan 04 06:36:11 UTC 2020
2316 ms. Memory: 140288K Free: 86744K (62%)
ptolemy.util.test.WatchDog.cancel(): canceling Sat Jan 04 06:36:13 UTC 2020
------------------ testing $PTII/ptolemy/domains/de/test/auto/OpenQueuingNetwork.xml
auto.tcl: Setting watchdog for 200 seconds at Sat Jan 04 06:36:13 UTC 2020
228 ms. Memory: 65536K Free: 45881K (70%)
ptolemy.util.test.WatchDog.cancel(): canceling Sat Jan 04 06:36:14 UTC 2020
auto.tcl: Setting watchdog for 200 seconds at Sat Jan 04 06:36:14 UTC 2020
213 ms. Memory: 65536K Free: 31430K (48%)
ptolemy.util.test.WatchDog.cancel(): canceling Sat Jan 04 06:36:14 UTC 2020
------------------ testing $PTII/ptolemy/domains/de/test/auto/PeriodicSampler.xml
auto.tcl: Setting watchdog for 200 seconds at Sat Jan 04 06:36:14 UTC 2020
2 ms. Memory: 61440K Free: 40259K (66%)
ptolemy.util.test.WatchDog.cancel(): canceling Sat Jan 04 06:36:14 UTC 2020
auto.tcl: Setting watchdog for 200 seconds at Sat Jan 04 06:36:14 UTC 2020
1 ms. Memory: 61440K Free: 39739K (65%)
ptolemy.util.test.WatchDog.cancel(): canceling Sat Jan 04 06:36:14 UTC 2020
------------------ testing $PTII/ptolemy/domains/de/test/auto/PersistentIO.xml
auto.tcl: Setting watchdog for 200 seconds at Sat Jan 04 06:36:14 UTC 2020
15 ms. Memory: 61440K Free: 35183K (57%)
ptolemy.util.test.WatchDog.cancel(): canceling Sat Jan 04 06:36:14 UTC 2020
auto.tcl: Setting watchdog for 200 seconds at Sat Jan 04 06:36:14 UTC 2020
3 ms. Memory: 61440K Free: 33663K (55%)
ptolemy.util.test.WatchDog.cancel(): canceling Sat Jan 04 06:36:14 UTC 2020
------------------ testing $PTII/ptolemy/domains/de/test/auto/PortParameterResetOnInitialize.xml
auto.tcl: Setting watchdog for 200 seconds at Sat Jan 04 06:36:14 UTC 2020
2 ms. Memory: 61440K Free: 40178K (65%)
ptolemy.util.test.WatchDog.cancel(): canceling Sat Jan 04 06:36:14 UTC 2020
auto.tcl: Setting watchdog for 200 seconds at Sat Jan 04 06:36:14 UTC 2020
2 ms. Memory: 61440K Free: 39671K (65%)
ptolemy.util.test.WatchDog.cancel(): canceling Sat Jan 04 06:36:14 UTC 2020
------------------ testing $PTII/ptolemy/domains/de/test/auto/PortParameterUpdates.xml
auto.tcl: Setting watchdog for 200 seconds at Sat Jan 04 06:36:14 UTC 2020
6 ms. Memory: 61440K Free: 38415K (63%)
ptolemy.util.test.WatchDog.cancel(): canceling Sat Jan 04 06:36:14 UTC 2020
auto.tcl: Setting watchdog for 200 seconds at Sat Jan 04 06:36:14 UTC 2020
4 ms. Memory: 61440K Free: 37238K (61%)
ptolemy.util.test.WatchDog.cancel(): canceling Sat Jan 04 06:36:14 UTC 2020
------------------ testing $PTII/ptolemy/domains/de/test/auto/QueueAndServer.xml
auto.tcl: Setting watchdog for 200 seconds at Sat Jan 04 06:36:14 UTC 2020
5 ms. Memory: 58368K Free: 34306K (59%)
ptolemy.util.test.WatchDog.cancel(): canceling Sat Jan 04 06:36:14 UTC 2020
auto.tcl: Setting watchdog for 200 seconds at Sat Jan 04 06:36:14 UTC 2020
5 ms. Memory: 58368K Free: 32598K (56%)
ptolemy.util.test.WatchDog.cancel(): canceling Sat Jan 04 06:36:14 UTC 2020
------------------ testing $PTII/ptolemy/domains/de/test/auto/Records.xml
auto.tcl: Setting watchdog for 200 seconds at Sat Jan 04 06:36:14 UTC 2020
5 ms. Memory: 58368K Free: 36306K (62%)
ptolemy.util.test.WatchDog.cancel(): canceling Sat Jan 04 06:36:14 UTC 2020
auto.tcl: Setting watchdog for 200 seconds at Sat Jan 04 06:36:14 UTC 2020
2 ms. Memory: 58368K Free: 35794K (61%)
ptolemy.util.test.WatchDog.cancel(): canceling Sat Jan 04 06:36:14 UTC 2020
------------------ testing $PTII/ptolemy/domains/de/test/auto/ResetTransitionWithStartTime1.xml
auto.tcl: Setting watchdog for 200 seconds at Sat Jan 04 06:36:14 UTC 2020
8 ms. Memory: 58368K Free: 33594K (58%)
ptolemy.util.test.WatchDog.cancel(): canceling Sat Jan 04 06:36:14 UTC 2020
auto.tcl: Setting watchdog for 200 seconds at Sat Jan 04 06:36:14 UTC 2020
5 ms. Memory: 58368K Free: 31546K (54%)
ptolemy.util.test.WatchDog.cancel(): canceling Sat Jan 04 06:36:14 UTC 2020
------------------ testing $PTII/ptolemy/domains/de/test/auto/ResetTransitionWithStartTime2.xml
auto.tcl: Setting watchdog for 200 seconds at Sat Jan 04 06:36:14 UTC 2020
8 ms. Memory: 58368K Free: 33550K (57%)
ptolemy.util.test.WatchDog.cancel(): canceling Sat Jan 04 06:36:14 UTC 2020
auto.tcl: Setting watchdog for 200 seconds at Sat Jan 04 06:36:14 UTC 2020
6 ms. Memory: 58368K Free: 30988K (53%)
ptolemy.util.test.WatchDog.cancel(): canceling Sat Jan 04 06:36:14 UTC 2020
------------------ testing $PTII/ptolemy/domains/de/test/auto/ResetTransitionWithStartTime3.xml
auto.tcl: Setting watchdog for 200 seconds at Sat Jan 04 06:36:14 UTC 2020
7 ms. Memory: 58368K Free: 33549K (57%)
ptolemy.util.test.WatchDog.cancel(): canceling Sat Jan 04 06:36:15 UTC 2020
auto.tcl: Setting watchdog for 200 seconds at Sat Jan 04 06:36:15 UTC 2020
5 ms. Memory: 58368K Free: 31501K (54%)
ptolemy.util.test.WatchDog.cancel(): canceling Sat Jan 04 06:36:15 UTC 2020
------------------ testing $PTII/ptolemy/domains/de/test/auto/ResetTransitionWithStartTime4.xml
auto.tcl: Setting watchdog for 200 seconds at Sat Jan 04 06:36:15 UTC 2020
8 ms. Memory: 58368K Free: 33893K (58%)
ptolemy.util.test.WatchDog.cancel(): canceling Sat Jan 04 06:36:15 UTC 2020
auto.tcl: Setting watchdog for 200 seconds at Sat Jan 04 06:36:15 UTC 2020
3 ms. Memory: 58368K Free: 32523K (56%)
ptolemy.util.test.WatchDog.cancel(): canceling Sat Jan 04 06:36:15 UTC 2020
------------------ testing $PTII/ptolemy/domains/de/test/auto/ResettableTimer1.xml
auto.tcl: Setting watchdog for 200 seconds at Sat Jan 04 06:36:15 UTC 2020
3 ms. Memory: 58368K Free: 37626K (64%)
ptolemy.util.test.WatchDog.cancel(): canceling Sat Jan 04 06:36:15 UTC 2020
auto.tcl: Setting watchdog for 200 seconds at Sat Jan 04 06:36:15 UTC 2020
2 ms. Memory: 58368K Free: 36602K (63%)
ptolemy.util.test.WatchDog.cancel(): canceling Sat Jan 04 06:36:15 UTC 2020
------------------ testing $PTII/ptolemy/domains/de/test/auto/ResettableTimer2.xml
auto.tcl: Setting watchdog for 200 seconds at Sat Jan 04 06:36:15 UTC 2020
2 ms. Memory: 58368K Free: 37682K (65%)
ptolemy.util.test.WatchDog.cancel(): canceling Sat Jan 04 06:36:15 UTC 2020
auto.tcl: Setting watchdog for 200 seconds at Sat Jan 04 06:36:15 UTC 2020
2 ms. Memory: 58368K Free: 36658K (63%)
ptolemy.util.test.WatchDog.cancel(): canceling Sat Jan 04 06:36:15 UTC 2020
------------------ testing $PTII/ptolemy/domains/de/test/auto/ResettableTimer3.xml
auto.tcl: Setting watchdog for 200 seconds at Sat Jan 04 06:36:15 UTC 2020
1 ms. Memory: 58368K Free: 37681K (65%)
ptolemy.util.test.WatchDog.cancel(): canceling Sat Jan 04 06:36:15 UTC 2020
auto.tcl: Setting watchdog for 200 seconds at Sat Jan 04 06:36:15 UTC 2020
1 ms. Memory: 58368K Free: 37681K (65%)
ptolemy.util.test.WatchDog.cancel(): canceling Sat Jan 04 06:36:15 UTC 2020
------------------ testing $PTII/ptolemy/domains/de/test/auto/ResettableTimer4.xml
auto.tcl: Setting watchdog for 200 seconds at Sat Jan 04 06:36:15 UTC 2020
1 ms. Memory: 58368K Free: 37695K (65%)
ptolemy.util.test.WatchDog.cancel(): canceling Sat Jan 04 06:36:15 UTC 2020
auto.tcl: Setting watchdog for 200 seconds at Sat Jan 04 06:36:15 UTC 2020
1 ms. Memory: 58368K Free: 37181K (64%)
ptolemy.util.test.WatchDog.cancel(): canceling Sat Jan 04 06:36:15 UTC 2020
------------------ testing $PTII/ptolemy/domains/de/test/auto/ResettableTimer5.xml
auto.tcl: Setting watchdog for 200 seconds at Sat Jan 04 06:36:15 UTC 2020
3 ms. Memory: 58368K Free: 37179K (64%)
ptolemy.util.test.WatchDog.cancel(): canceling Sat Jan 04 06:36:15 UTC 2020
auto.tcl: Setting watchdog for 200 seconds at Sat Jan 04 06:36:15 UTC 2020
1 ms. Memory: 58368K Free: 36669K (63%)
ptolemy.util.test.WatchDog.cancel(): canceling Sat Jan 04 06:36:15 UTC 2020
------------------ testing $PTII/ptolemy/domains/de/test/auto/ResettableTimer6.xml
auto.tcl: Setting watchdog for 200 seconds at Sat Jan 04 06:36:15 UTC 2020
2 ms. Memory: 58368K Free: 37168K (64%)
ptolemy.util.test.WatchDog.cancel(): canceling Sat Jan 04 06:36:15 UTC 2020
auto.tcl: Setting watchdog for 200 seconds at Sat Jan 04 06:36:15 UTC 2020
1 ms. Memory: 58368K Free: 36658K (63%)
ptolemy.util.test.WatchDog.cancel(): canceling Sat Jan 04 06:36:15 UTC 2020
------------------ testing $PTII/ptolemy/domains/de/test/auto/ServerZeroDelay.xml
auto.tcl: Setting watchdog for 200 seconds at Sat Jan 04 06:36:15 UTC 2020
3 ms. Memory: 58368K Free: 37674K (65%)
ptolemy.util.test.WatchDog.cancel(): canceling Sat Jan 04 06:36:15 UTC 2020
auto.tcl: Setting watchdog for 200 seconds at Sat Jan 04 06:36:15 UTC 2020
2 ms. Memory: 58368K Free: 36650K (63%)
ptolemy.util.test.WatchDog.cancel(): canceling Sat Jan 04 06:36:15 UTC 2020
------------------ testing $PTII/ptolemy/domains/de/test/auto/SmartSender.xml
auto.tcl: Setting watchdog for 200 seconds at Sat Jan 04 06:36:15 UTC 2020
3001 ms. Memory: 58368K Free: 37154K (64%)
ptolemy.util.test.WatchDog.cancel(): canceling Sat Jan 04 06:36:18 UTC 2020
auto.tcl: Setting watchdog for 200 seconds at Sat Jan 04 06:36:18 UTC 2020
3001 ms. Memory: 58368K Free: 36644K (63%)
ptolemy.util.test.WatchDog.cancel(): canceling Sat Jan 04 06:36:21 UTC 2020
------------------ testing $PTII/ptolemy/domains/de/test/auto/ThreadedComposite.xml
auto.tcl: Setting watchdog for 200 seconds at Sat Jan 04 06:36:21 UTC 2020
178 ms. Memory: 58368K Free: 18226K (31%)
ptolemy.util.test.WatchDog.cancel(): canceling Sat Jan 04 06:36:21 UTC 2020
auto.tcl: Setting watchdog for 200 seconds at Sat Jan 04 06:36:21 UTC 2020
107 ms. Memory: 58368K Free: 37467K (64%)
ptolemy.util.test.WatchDog.cancel(): canceling Sat Jan 04 06:36:21 UTC 2020
------------------ testing $PTII/ptolemy/domains/de/test/auto/Time.xml
auto.tcl: Setting watchdog for 200 seconds at Sat Jan 04 06:36:21 UTC 2020
398 ms. Memory: 58368K Free: 16877K (29%)
ptolemy.util.test.WatchDog.cancel(): canceling Sat Jan 04 06:36:22 UTC 2020
auto.tcl: Setting watchdog for 200 seconds at Sat Jan 04 06:36:22 UTC 2020
381 ms. Memory: 58368K Free: 30074K (52%)
ptolemy.util.test.WatchDog.cancel(): canceling Sat Jan 04 06:36:22 UTC 2020
------------------ testing $PTII/ptolemy/domains/de/test/auto/TimeDelayZeroDelay.xml
auto.tcl: Setting watchdog for 200 seconds at Sat Jan 04 06:36:22 UTC 2020
1 ms. Memory: 58368K Free: 37597K (64%)
ptolemy.util.test.WatchDog.cancel(): canceling Sat Jan 04 06:36:22 UTC 2020
auto.tcl: Setting watchdog for 200 seconds at Sat Jan 04 06:36:22 UTC 2020
2 ms. Memory: 58368K Free: 36746K (63%)
ptolemy.util.test.WatchDog.cancel(): canceling Sat Jan 04 06:36:22 UTC 2020
------------------ testing $PTII/ptolemy/domains/de/test/auto/TimerZeroDelay.xml
auto.tcl: Setting watchdog for 200 seconds at Sat Jan 04 06:36:22 UTC 2020
3 ms. Memory: 58368K Free: 37986K (65%)
ptolemy.util.test.WatchDog.cancel(): canceling Sat Jan 04 06:36:22 UTC 2020
auto.tcl: Setting watchdog for 200 seconds at Sat Jan 04 06:36:22 UTC 2020
2 ms. Memory: 58368K Free: 37200K (64%)
ptolemy.util.test.WatchDog.cancel(): canceling Sat Jan 04 06:36:22 UTC 2020
------------------ testing $PTII/ptolemy/domains/de/test/auto/TimingParadox.xml
auto.tcl: Setting watchdog for 200 seconds at Sat Jan 04 06:36:22 UTC 2020
291 ms. Memory: 74752K Free: 20080K (27%)
ptolemy.util.test.WatchDog.cancel(): canceling Sat Jan 04 06:36:23 UTC 2020
auto.tcl: Setting watchdog for 200 seconds at Sat Jan 04 06:36:23 UTC 2020
277 ms. Memory: 74752K Free: 26263K (35%)
ptolemy.util.test.WatchDog.cancel(): canceling Sat Jan 04 06:36:23 UTC 2020
------------------ testing $PTII/ptolemy/domains/de/test/auto/TransferInputs.xml
auto.tcl: Setting watchdog for 200 seconds at Sat Jan 04 06:36:23 UTC 2020
8 ms. Memory: 65536K Free: 43260K (66%)
ptolemy.util.test.WatchDog.cancel(): canceling Sat Jan 04 06:36:23 UTC 2020
auto.tcl: Setting watchdog for 200 seconds at Sat Jan 04 06:36:23 UTC 2020
2 ms. Memory: 65536K Free: 42254K (64%)
ptolemy.util.test.WatchDog.cancel(): canceling Sat Jan 04 06:36:23 UTC 2020
------------------ testing $PTII/ptolemy/domains/de/test/auto/TransferOutputs2.xml
auto.tcl: Setting watchdog for 200 seconds at Sat Jan 04 06:36:23 UTC 2020
2 ms. Memory: 61440K Free: 36622K (60%)
ptolemy.util.test.WatchDog.cancel(): canceling Sat Jan 04 06:36:23 UTC 2020
auto.tcl: Setting watchdog for 200 seconds at Sat Jan 04 06:36:23 UTC 2020
3 ms. Memory: 61440K Free: 35102K (57%)
ptolemy.util.test.WatchDog.cancel(): canceling Sat Jan 04 06:36:23 UTC 2020
------------------ testing $PTII/ptolemy/domains/de/test/auto/Trilateration.xml
auto.tcl: Setting watchdog for 200 seconds at Sat Jan 04 06:36:23 UTC 2020
11079 ms. Memory: 530432K Free: 468758K (88%)
ptolemy.util.test.WatchDog.cancel(): canceling Sat Jan 04 06:36:35 UTC 2020
auto.tcl: Setting watchdog for 200 seconds at Sat Jan 04 06:36:35 UTC 2020
8521 ms. Memory: 530432K Free: 347370K (65%)
ptolemy.util.test.WatchDog.cancel(): canceling Sat Jan 04 06:36:44 UTC 2020
------------------ testing $PTII/ptolemy/domains/de/test/auto/TwoSigmaDelta.xml
auto.tcl: Setting watchdog for 200 seconds at Sat Jan 04 06:36:44 UTC 2020
2244 ms. Memory: 96256K Free: 34792K (36%)
ptolemy.util.test.WatchDog.cancel(): canceling Sat Jan 04 06:36:46 UTC 2020
auto.tcl: Setting watchdog for 200 seconds at Sat Jan 04 06:36:46 UTC 2020
1781 ms. Memory: 96256K Free: 43984K (46%)
ptolemy.util.test.WatchDog.cancel(): canceling Sat Jan 04 06:36:48 UTC 2020
------------------ testing $PTII/ptolemy/domains/de/test/auto/VariableDelay.xml
auto.tcl: Setting watchdog for 200 seconds at Sat Jan 04 06:36:48 UTC 2020
2 ms. Memory: 61440K Free: 39657K (65%)
ptolemy.util.test.WatchDog.cancel(): canceling Sat Jan 04 06:36:48 UTC 2020
auto.tcl: Setting watchdog for 200 seconds at Sat Jan 04 06:36:48 UTC 2020
2 ms. Memory: 61440K Free: 38663K (63%)
ptolemy.util.test.WatchDog.cancel(): canceling Sat Jan 04 06:36:48 UTC 2020
------------------ testing $PTII/ptolemy/domains/de/test/auto/VariableDelay2.xml
auto.tcl: Setting watchdog for 200 seconds at Sat Jan 04 06:36:48 UTC 2020
5 ms. Memory: 61440K Free: 40225K (65%)
ptolemy.util.test.WatchDog.cancel(): canceling Sat Jan 04 06:36:48 UTC 2020
auto.tcl: Setting watchdog for 200 seconds at Sat Jan 04 06:36:48 UTC 2020
2 ms. Memory: 61440K Free: 39696K (65%)
ptolemy.util.test.WatchDog.cancel(): canceling Sat Jan 04 06:36:48 UTC 2020
------------------ testing $PTII/ptolemy/domains/de/test/auto/VariableDelayZeroDelay.xml
auto.tcl: Setting watchdog for 200 seconds at Sat Jan 04 06:36:48 UTC 2020
2 ms. Memory: 61440K Free: 40598K (66%)
ptolemy.util.test.WatchDog.cancel(): canceling Sat Jan 04 06:36:48 UTC 2020
auto.tcl: Setting watchdog for 200 seconds at Sat Jan 04 06:36:48 UTC 2020
1 ms. Memory: 61440K Free: 40054K (65%)
ptolemy.util.test.WatchDog.cancel(): canceling Sat Jan 04 06:36:48 UTC 2020
------------------ testing $PTII/ptolemy/domains/de/test/auto/VariableDelayZeroDelay2.xml
auto.tcl: Setting watchdog for 200 seconds at Sat Jan 04 06:36:48 UTC 2020
1 ms. Memory: 61440K Free: 40597K (66%)
ptolemy.util.test.WatchDog.cancel(): canceling Sat Jan 04 06:36:48 UTC 2020
auto.tcl: Setting watchdog for 200 seconds at Sat Jan 04 06:36:48 UTC 2020
1 ms. Memory: 61440K Free: 39573K (64%)
ptolemy.util.test.WatchDog.cancel(): canceling Sat Jan 04 06:36:48 UTC 2020
------------------ testing $PTII/ptolemy/domains/de/test/auto/deInCt.xml
auto.tcl: Setting watchdog for 200 seconds at Sat Jan 04 06:36:48 UTC 2020
0
1
1
1
0
0
0
1
1
1
0
0
1
1
1
1
0
0
0
1
1
1
1
0
0
0
0
0
1
1
0
0
0
0
1
1
1
0
0
0
0
9 ms. Memory: 61440K Free: 39571K (64%)
ptolemy.util.test.WatchDog.cancel(): canceling Sat Jan 04 06:36:48 UTC 2020
auto.tcl: Setting watchdog for 200 seconds at Sat Jan 04 06:36:48 UTC 2020
0
1
1
1
0
0
1
1
1
1
1
0
0
0
1
1
0
0
0
1
1
0
0
1
1
1
0
0
0
0
0
0
1
1
1
0
0
0
1
1
1
0
0
0
1
1
0
0
0
1
1
1
1
8 ms. Memory: 61440K Free: 38033K (62%)
ptolemy.util.test.WatchDog.cancel(): canceling Sat Jan 04 06:36:48 UTC 2020
------------------ testing $PTII/ptolemy/domains/de/test/auto/deInCt2.xml
auto.tcl: Setting watchdog for 200 seconds at Sat Jan 04 06:36:48 UTC 2020
0
1
1
1
0
0
1
1
1
0
0
1
1
1
0
0
1
1
1
0
0
1
1
1
0
0
1
1
1
0
0
1
1
1
0
0
1
1
1
0
0
0
8 ms. Memory: 61440K Free: 39573K (64%)
ptolemy.util.test.WatchDog.cancel(): canceling Sat Jan 04 06:36:48 UTC 2020
auto.tcl: Setting watchdog for 200 seconds at Sat Jan 04 06:36:48 UTC 2020
0
1
1
1
0
0
1
1
1
0
0
1
1
1
0
0
1
1
1
0
0
1
1
1
0
0
1
1
1
0
0
1
1
1
0
0
1
1
1
0
0
0
7 ms. Memory: 61440K Free: 38021K (62%)
ptolemy.util.test.WatchDog.cancel(): canceling Sat Jan 04 06:36:48 UTC 2020
------------------ testing $PTII/ptolemy/domains/de/test/auto/dynamicCausalityInterface1.xml
auto.tcl: Setting watchdog for 200 seconds at Sat Jan 04 06:36:48 UTC 2020
2 ms. Memory: 61440K Free: 35472K (58%)
ptolemy.util.test.WatchDog.cancel(): canceling Sat Jan 04 06:36:49 UTC 2020
auto.tcl: Setting watchdog for 200 seconds at Sat Jan 04 06:36:49 UTC 2020
1 ms. Memory: 61440K Free: 34958K (57%)
ptolemy.util.test.WatchDog.cancel(): canceling Sat Jan 04 06:36:49 UTC 2020
------------------ testing $PTII/ptolemy/domains/de/test/auto/fsm_de_test.xml
auto.tcl: Setting watchdog for 200 seconds at Sat Jan 04 06:36:49 UTC 2020
5 ms. Memory: 58368K Free: 32298K (55%)
ptolemy.util.test.WatchDog.cancel(): canceling Sat Jan 04 06:36:49 UTC 2020
auto.tcl: Setting watchdog for 200 seconds at Sat Jan 04 06:36:49 UTC 2020
4 ms. Memory: 58368K Free: 30250K (52%)
ptolemy.util.test.WatchDog.cancel(): canceling Sat Jan 04 06:36:49 UTC 2020
------------------ testing $PTII/ptolemy/domains/de/test/auto/functionDependencyReconstruction.xml
auto.tcl: Setting watchdog for 200 seconds at Sat Jan 04 06:36:49 UTC 2020
2 ms. Memory: 58368K Free: 26152K (45%)
ptolemy.util.test.WatchDog.cancel(): canceling Sat Jan 04 06:36:49 UTC 2020
auto.tcl: Setting watchdog for 200 seconds at Sat Jan 04 06:36:49 UTC 2020
3 ms. Memory: 58368K Free: 24096K (41%)
ptolemy.util.test.WatchDog.cancel(): canceling Sat Jan 04 06:36:49 UTC 2020
------------------ testing $PTII/ptolemy/domains/de/test/auto/multirate.xml
auto.tcl: Setting watchdog for 200 seconds at Sat Jan 04 06:36:49 UTC 2020
3 ms. Memory: 58368K Free: 34897K (60%)
ptolemy.util.test.WatchDog.cancel(): canceling Sat Jan 04 06:36:49 UTC 2020
auto.tcl: Setting watchdog for 200 seconds at Sat Jan 04 06:36:49 UTC 2020
2 ms. Memory: 58368K Free: 33194K (57%)
ptolemy.util.test.WatchDog.cancel(): canceling Sat Jan 04 06:36:49 UTC 2020
------------------ testing $PTII/ptolemy/domains/de/test/auto/multirate2.xml
auto.tcl: Setting watchdog for 200 seconds at Sat Jan 04 06:36:49 UTC 2020
3 ms. Memory: 58368K Free: 35053K (60%)
ptolemy.util.test.WatchDog.cancel(): canceling Sat Jan 04 06:36:49 UTC 2020
auto.tcl: Setting watchdog for 200 seconds at Sat Jan 04 06:36:49 UTC 2020
2 ms. Memory: 58368K Free: 33374K (57%)
ptolemy.util.test.WatchDog.cancel(): canceling Sat Jan 04 06:36:49 UTC 2020
------------------ testing $PTII/ptolemy/domains/de/test/auto/realtime.xml
auto.tcl: Setting watchdog for 200 seconds at Sat Jan 04 06:36:49 UTC 2020
10002 ms. Memory: 58368K Free: 37129K (64%)
ptolemy.util.test.WatchDog.cancel(): canceling Sat Jan 04 06:36:59 UTC 2020
auto.tcl: Setting watchdog for 200 seconds at Sat Jan 04 06:36:59 UTC 2020
10002 ms. Memory: 58368K Free: 36445K (62%)
ptolemy.util.test.WatchDog.cancel(): canceling Sat Jan 04 06:37:09 UTC 2020
------------------ testing $PTII/ptolemy/domains/de/test/auto/relationGroup.xml
auto.tcl: Setting watchdog for 200 seconds at Sat Jan 04 06:37:09 UTC 2020
2 ms. Memory: 58368K Free: 38189K (65%)
ptolemy.util.test.WatchDog.cancel(): canceling Sat Jan 04 06:37:09 UTC 2020
auto.tcl: Setting watchdog for 200 seconds at Sat Jan 04 06:37:09 UTC 2020
2 ms. Memory: 58368K Free: 37677K (65%)
ptolemy.util.test.WatchDog.cancel(): canceling Sat Jan 04 06:37:09 UTC 2020
------------------ testing $PTII/ptolemy/domains/de/test/auto/relationGroup2.xml
auto.tcl: Setting watchdog for 200 seconds at Sat Jan 04 06:37:09 UTC 2020
1 ms. Memory: 58368K Free: 38246K (66%)
ptolemy.util.test.WatchDog.cancel(): canceling Sat Jan 04 06:37:09 UTC 2020
auto.tcl: Setting watchdog for 200 seconds at Sat Jan 04 06:37:09 UTC 2020
1 ms. Memory: 58368K Free: 37702K (65%)
ptolemy.util.test.WatchDog.cancel(): canceling Sat Jan 04 06:37:09 UTC 2020
------------------ testing $PTII/ptolemy/domains/de/test/auto/sortWithOpaquePorts.xml
auto.tcl: Setting watchdog for 200 seconds at Sat Jan 04 06:37:09 UTC 2020
1 ms. Memory: 58368K Free: 36865K (63%)
ptolemy.util.test.WatchDog.cancel(): canceling Sat Jan 04 06:37:09 UTC 2020
auto.tcl: Setting watchdog for 200 seconds at Sat Jan 04 06:37:09 UTC 2020
2 ms. Memory: 58368K Free: 36001K (62%)
ptolemy.util.test.WatchDog.cancel(): canceling Sat Jan 04 06:37:09 UTC 2020
------------------ testing $PTII/ptolemy/domains/de/test/auto/transferInputsandOutputs.xml
auto.tcl: Setting watchdog for 200 seconds at Sat Jan 04 06:37:09 UTC 2020
4 ms. Memory: 58368K Free: 34469K (59%)
ptolemy.util.test.WatchDog.cancel(): canceling Sat Jan 04 06:37:09 UTC 2020
auto.tcl: Setting watchdog for 200 seconds at Sat Jan 04 06:37:09 UTC 2020
2 ms. Memory: 58368K Free: 33445K (57%)
ptolemy.util.test.WatchDog.cancel(): canceling Sat Jan 04 06:37:09 UTC 2020
------------------ testing $PTII/ptolemy/domains/de/test/auto/triggerType.xml
auto.tcl: Setting watchdog for 200 seconds at Sat Jan 04 06:37:09 UTC 2020
1 ms. Memory: 58368K Free: 37493K (64%)
ptolemy.util.test.WatchDog.cancel(): canceling Sat Jan 04 06:37:09 UTC 2020
auto.tcl: Setting watchdog for 200 seconds at Sat Jan 04 06:37:09 UTC 2020
1 ms. Memory: 58368K Free: 36469K (62%)
ptolemy.util.test.WatchDog.cancel(): canceling Sat Jan 04 06:37:09 UTC 2020
01/04/20 06:37:09
Failed: 0  Total Tests: 192  ((Passed: 187, Newly Passed: 1)  Known Failed: 5) /home/travis/build/icyphy/ptII/ptolemy/domains/de/test
01/04/20 06:37:09
Failed: 0  Total Tests: 192  ((Passed: 187, Newly Passed: 1)  Known Failed: 5) /home/travis/build/icyphy/ptII/ptolemy/domains/de/test
----------------- testing (KnownFailure) /home/travis/build/icyphy/ptII/ptolemy/domains/de/test/auto/knownFailedTests/DESDFClockTest.xml
2015 ms. Memory: 58368K Free: 30888K (53%)
Known Failure: java.lang.reflect.InvocationTargetException
----------------- testing (KnownFailure) /home/travis/build/icyphy/ptII/ptolemy/domains/de/test/auto/knownFailedTests/DirectFeedback.xml
2 ms. Memory: 58368K Free: 26282K (45%)
Known Failure: java.lang.reflect.InvocationTargetException
----------------- testing (KnownFailure) /home/travis/build/icyphy/ptII/ptolemy/domains/de/test/auto/knownFailedTests/FSMSource.xml
7 ms. Memory: 58368K Free: 19114K (33%)
----------------- testing (KnownFailure) /home/travis/build/icyphy/ptII/ptolemy/domains/de/test/auto/knownFailedTests/HierarchicalModel.xml
2 ms. Memory: 58368K Free: 35305K (60%)
Known Failure: java.lang.reflect.InvocationTargetException
----------------- testing (KnownFailure) /home/travis/build/icyphy/ptII/ptolemy/domains/de/test/auto/knownFailedTests/dependencyLoop.xml
2 ms. Memory: 58368K Free: 19667K (34%)
Known Failure: java.lang.reflect.InvocationTargetException
----------------- testing (KnownFailure) /home/travis/build/icyphy/ptII/ptolemy/domains/de/test/auto/knownFailedTests/dependencyLoop2.xml
6 ms. Memory: 58368K Free: 36641K (63%)
Known Failure: java.lang.reflect.InvocationTargetException
No auto/linux-amd64/*.xml tests in /home/travis/build/icyphy/ptII/ptolemy/domains/de/test
AutoTests.java: About to close Vertx.
AutoTests.java: Vertx closed.

===========================================================================================
----------------- testing Sat Jan 04 06:37:12 UTC 2020 /home/travis/build/icyphy/ptII/ptolemy/domains/de/test/auto/ActorDepthCalculation_actorWithoutPorts.xml
----------------- Instantiating /home/travis/build/icyphy/ptII/ptolemy/domains/de/test/auto/ActorDepthCalculation_actorWithoutPorts.xml
2 ms. Memory: 58368K Free: 29839K (51%)
----------------- Invoking toplevel() on ptolemy.moml.MoMLSimpleApplication@62ad5b5e
----------------- Done invoking toplevel() on ptolemy.moml.MoMLSimpleApplication@62ad5b5e
reloadAllAccessors: .ActorDepthCalculation_actorWithoutPorts

===========================================================================================
----------------- testing Sat Jan 04 06:37:12 UTC 2020 /home/travis/build/icyphy/ptII/ptolemy/domains/de/test/auto/AssemblyLine.xml
----------------- Instantiating /home/travis/build/icyphy/ptII/ptolemy/domains/de/test/auto/AssemblyLine.xml
3 ms. Memory: 58368K Free: 22724K (39%)
----------------- Invoking toplevel() on ptolemy.moml.MoMLSimpleApplication@2d016dcf
----------------- Done invoking toplevel() on ptolemy.moml.MoMLSimpleApplication@2d016dcf
reloadAllAccessors: .AssemblyLine

===========================================================================================
----------------- testing Sat Jan 04 06:37:12 UTC 2020 /home/travis/build/icyphy/ptII/ptolemy/domains/de/test/auto/CQBug1.xml
----------------- Instantiating /home/travis/build/icyphy/ptII/ptolemy/domains/de/test/auto/CQBug1.xml
1 ms. Memory: 58368K Free: 19614K (34%)
----------------- Invoking toplevel() on ptolemy.moml.MoMLSimpleApplication@3a5e0af8
----------------- Done invoking toplevel() on ptolemy.moml.MoMLSimpleApplication@3a5e0af8
reloadAllAccessors: .CQBug1

===========================================================================================
----------------- testing Sat Jan 04 06:37:12 UTC 2020 /home/travis/build/icyphy/ptII/ptolemy/domains/de/test/auto/CancelFireAt.xml
----------------- Instantiating /home/travis/build/icyphy/ptII/ptolemy/domains/de/test/auto/CancelFireAt.xml
8 ms. Memory: 58368K Free: 17209K (29%)
----------------- Invoking toplevel() on ptolemy.moml.MoMLSimpleApplication@15b687f6
----------------- Done invoking toplevel() on ptolemy.moml.MoMLSimpleApplication@15b687f6
reloadAllAccessors: .CancelFireAt

===========================================================================================
----------------- testing Sat Jan 04 06:37:12 UTC 2020 /home/travis/build/icyphy/ptII/ptolemy/domains/de/test/auto/CausalityAndComposabilityAnalysis.xml
----------------- Instantiating /home/travis/build/icyphy/ptII/ptolemy/domains/de/test/auto/CausalityAndComposabilityAnalysis.xml
2 ms. Memory: 58368K Free: 12780K (22%)
----------------- Invoking toplevel() on ptolemy.moml.MoMLSimpleApplication@294a041e
----------------- Done invoking toplevel() on ptolemy.moml.MoMLSimpleApplication@294a041e
reloadAllAccessors: .CausalityAndComposabilityAnalysis

===========================================================================================
----------------- testing Sat Jan 04 06:37:12 UTC 2020 /home/travis/build/icyphy/ptII/ptolemy/domains/de/test/auto/CausalityInterface1.xml
----------------- Instantiating /home/travis/build/icyphy/ptII/ptolemy/domains/de/test/auto/CausalityInterface1.xml
5 ms. Memory: 58368K Free: 39960K (68%)
----------------- Invoking toplevel() on ptolemy.moml.MoMLSimpleApplication@1c8e52b1
----------------- Done invoking toplevel() on ptolemy.moml.MoMLSimpleApplication@1c8e52b1
reloadAllAccessors: .CausalityInterface1

===========================================================================================
----------------- testing Sat Jan 04 06:37:12 UTC 2020 /home/travis/build/icyphy/ptII/ptolemy/domains/de/test/auto/CausalityInterface15.xml
----------------- Instantiating /home/travis/build/icyphy/ptII/ptolemy/domains/de/test/auto/CausalityInterface15.xml
2 ms. Memory: 58368K Free: 34492K (59%)
----------------- Invoking toplevel() on ptolemy.moml.MoMLSimpleApplication@155e3f3a
----------------- Done invoking toplevel() on ptolemy.moml.MoMLSimpleApplication@155e3f3a
reloadAllAccessors: .CausalityInterface15

===========================================================================================
----------------- testing Sat Jan 04 06:37:12 UTC 2020 /home/travis/build/icyphy/ptII/ptolemy/domains/de/test/auto/CausalityInterface2.xml
----------------- Instantiating /home/travis/build/icyphy/ptII/ptolemy/domains/de/test/auto/CausalityInterface2.xml
1 ms. Memory: 58368K Free: 29706K (51%)
[...]
	at ptolemy.actor.Manager.run(Manager.java:1263)
	at ptolemy.actor.Manager$PtolemyRunThread.run(Manager.java:1933)
java.lang.RuntimeException: Execution failed
	at ptolemy.moml.MoMLSimpleApplication$UnloadThread.run(MoMLSimpleApplication.java:402)
Caused by: ptolemy.kernel.util.IllegalActionException: Actor is not ready to fire.  Perhaps UpSample.prefire() returned false? Try debugging the actor by selecting "Listen to Actor".  Also, for SDF check moml for tokenConsumptionRate on input.
  in .DESDFClockTest.Play Bell.Copy1:SDF Director and .DESDFClockTest.Play Bell.UpSample
	at ptolemy.actor.sched.StaticSchedulingDirector.fire(StaticSchedulingDirector.java:227)
	at ptolemy.domains.sdf.kernel.SDFDirector.fire(SDFDirector.java:500)
	at ptolemy.actor.CompositeActor.fire(CompositeActor.java:455)
	at ptolemy.domains.de.kernel.DEDirector._fire(DEDirector.java:1949)
	at ptolemy.domains.de.kernel.DEDirector.fire(DEDirector.java:502)
	at ptolemy.actor.CompositeActor.fire(CompositeActor.java:455)
	at ptolemy.actor.Manager.iterate(Manager.java:851)
	at ptolemy.actor.Manager.execute(Manager.java:369)
	at ptolemy.actor.Manager.run(Manager.java:1263)
	at ptolemy.actor.Manager$PtolemyRunThread.run(Manager.java:1933)
java.lang.reflect.InvocationTargetException
	at java.base/jdk.internal.reflect.NativeConstructorAccessorImpl.newInstance0(Native Method)
	at java.base/jdk.internal.reflect.NativeConstructorAccessorImpl.newInstance(NativeConstructorAccessorImpl.java:62)
	at java.base/jdk.internal.reflect.DelegatingConstructorAccessorImpl.newInstance(DelegatingConstructorAccessorImpl.java:45)
	at java.base/java.lang.reflect.Constructor.newInstance(Constructor.java:490)
	at ptolemy.util.test.junit.AutoKnownFailedTests.RunModel(AutoKnownFailedTests.java:105)
	at java.base/jdk.internal.reflect.NativeMethodAccessorImpl.invoke0(Native Method)
	at java.base/jdk.internal.reflect.NativeMethodAccessorImpl.invoke(NativeMethodAccessorImpl.java:62)
	at java.base/jdk.internal.reflect.DelegatingMethodAccessorImpl.invoke(DelegatingMethodAccessorImpl.java:43)
	at java.base/java.lang.reflect.Method.invoke(Method.java:566)
	at org.junit.runners.model.FrameworkMethod$1.runReflectiveCall(FrameworkMethod.java:44)
	at org.junit.internal.runners.model.ReflectiveCallable.run(ReflectiveCallable.java:15)
	at org.junit.runners.model.FrameworkMethod.invokeExplosively(FrameworkMethod.java:41)
	at junitparams.internal.InvokeParameterisedMethod.evaluate(InvokeParameterisedMethod.java:102)
	at org.junit.internal.runners.statements.FailOnTimeout$1.run(FailOnTimeout.java:28)
Caused by: ptolemy.kernel.util.IllegalActionException: Actor is not ready to fire.  Perhaps UpSample.prefire() returned false? Try debugging the actor by selecting "Listen to Actor".  Also, for SDF check moml for tokenConsumptionRate on input.
  in .DESDFClockTest.Play Bell.Copy1:SDF Director and .DESDFClockTest.Play Bell.UpSample
	at ptolemy.actor.sched.StaticSchedulingDirector.fire(StaticSchedulingDirector.java:227)
	at ptolemy.domains.sdf.kernel.SDFDirector.fire(SDFDirector.java:500)
	at ptolemy.actor.CompositeActor.fire(CompositeActor.java:455)
	at ptolemy.domains.de.kernel.DEDirector._fire(DEDirector.java:1949)
	at ptolemy.domains.de.kernel.DEDirector.fire(DEDirector.java:502)
	at ptolemy.actor.CompositeActor.fire(CompositeActor.java:455)
	at ptolemy.actor.Manager.iterate(Manager.java:851)
	at ptolemy.actor.Manager.execute(Manager.java:369)
	at ptolemy.actor.Manager.run(Manager.java:1263)
	at ptolemy.actor.Manager$PtolemyRunThread.run(Manager.java:1933)
java.lang.RuntimeException: Execution failed
	at ptolemy.moml.MoMLSimpleApplication$UnloadThread.run(MoMLSimpleApplication.java:402)
Caused by: ptolemy.kernel.util.IllegalActionException: Test fails in iteration 1.
Value was: 1.0. Should have been: 2.0
  in .DirectFeedback.Test
	at ptolemy.actor.lib.Test.fire(Test.java:268)
	at ptolemy.domains.de.kernel.DEDirector._fire(DEDirector.java:1949)
	at ptolemy.domains.de.kernel.DEDirector.fire(DEDirector.java:502)
	at ptolemy.actor.CompositeActor.fire(CompositeActor.java:455)
	at ptolemy.actor.Manager.iterate(Manager.java:851)
	at ptolemy.actor.Manager.execute(Manager.java:369)
	at ptolemy.actor.Manager.run(Manager.java:1263)
	at ptolemy.actor.Manager$PtolemyRunThread.run(Manager.java:1933)
java.lang.reflect.InvocationTargetException
	at java.base/jdk.internal.reflect.NativeConstructorAccessorImpl.newInstance0(Native Method)
	at java.base/jdk.internal.reflect.NativeConstructorAccessorImpl.newInstance(NativeConstructorAccessorImpl.java:62)
	at java.base/jdk.internal.reflect.DelegatingConstructorAccessorImpl.newInstance(DelegatingConstructorAccessorImpl.java:45)
	at java.base/java.lang.reflect.Constructor.newInstance(Constructor.java:490)
	at ptolemy.util.test.junit.AutoKnownFailedTests.RunModel(AutoKnownFailedTests.java:105)
	at java.base/jdk.internal.reflect.NativeMethodAccessorImpl.invoke0(Native Method)
	at java.base/jdk.internal.reflect.NativeMethodAccessorImpl.invoke(NativeMethodAccessorImpl.java:62)
	at java.base/jdk.internal.reflect.DelegatingMethodAccessorImpl.invoke(DelegatingMethodAccessorImpl.java:43)
	at java.base/java.lang.reflect.Method.invoke(Method.java:566)
	at org.junit.runners.model.FrameworkMethod$1.runReflectiveCall(FrameworkMethod.java:44)
	at org.junit.internal.runners.model.ReflectiveCallable.run(ReflectiveCallable.java:15)
	at org.junit.runners.model.FrameworkMethod.invokeExplosively(FrameworkMethod.java:41)
	at junitparams.internal.InvokeParameterisedMethod.evaluate(InvokeParameterisedMethod.java:102)
	at org.junit.internal.runners.statements.FailOnTimeout$1.run(FailOnTimeout.java:28)
Caused by: ptolemy.kernel.util.IllegalActionException: Test fails in iteration 1.
Value was: 1.0. Should have been: 2.0
  in .DirectFeedback.Test
	at ptolemy.actor.lib.Test.fire(Test.java:268)
	at ptolemy.domains.de.kernel.DEDirector._fire(DEDirector.java:1949)
	at ptolemy.domains.de.kernel.DEDirector.fire(DEDirector.java:502)
	at ptolemy.actor.CompositeActor.fire(CompositeActor.java:455)
	at ptolemy.actor.Manager.iterate(Manager.java:851)
	at ptolemy.actor.Manager.execute(Manager.java:369)
	at ptolemy.actor.Manager.run(Manager.java:1263)
	at ptolemy.actor.Manager$PtolemyRunThread.run(Manager.java:1933)
java.lang.RuntimeException: Execution failed
	at ptolemy.moml.MoMLSimpleApplication$UnloadThread.run(MoMLSimpleApplication.java:402)
Caused by: ptolemy.kernel.util.IllegalActionException: Found a zero delay loop containing .HierarchicalModel.A
  in .HierarchicalModel and .HierarchicalModel.A
	at ptolemy.actor.util.CausalityInterfaceForComposites._computeOutputPortDepth(CausalityInterfaceForComposites.java:759)
	at ptolemy.actor.util.CausalityInterfaceForComposites._computeInputDepth(CausalityInterfaceForComposites.java:696)
	at ptolemy.actor.util.CausalityInterfaceForComposites._computeOutputPortDepth(CausalityInterfaceForComposites.java:765)
	at ptolemy.actor.util.CausalityInterfaceForComposites._computeInputDepth(CausalityInterfaceForComposites.java:696)
	at ptolemy.actor.util.CausalityInterfaceForComposites._computeOutputPortDepth(CausalityInterfaceForComposites.java:765)
	at ptolemy.actor.util.CausalityInterfaceForComposites._computeInputDepth(CausalityInterfaceForComposites.java:696)
	at ptolemy.actor.util.CausalityInterfaceForComposites._computeActorDepth(CausalityInterfaceForComposites.java:532)
	at ptolemy.actor.util.CausalityInterfaceForComposites.checkForCycles(CausalityInterfaceForComposites.java:96)
	at ptolemy.domains.de.kernel.DEDirector.preinitialize(DEDirector.java:1338)
	at ptolemy.actor.CompositeActor.preinitialize(CompositeActor.java:1828)
	at ptolemy.actor.Manager.preinitializeAndResolveTypes(Manager.java:1040)
	at ptolemy.actor.Manager.initialize(Manager.java:710)
	at ptolemy.actor.Manager.execute(Manager.java:356)
	at ptolemy.actor.Manager.run(Manager.java:1263)
	at ptolemy.actor.Manager$PtolemyRunThread.run(Manager.java:1933)
java.lang.reflect.InvocationTargetException
	at java.base/jdk.internal.reflect.NativeConstructorAccessorImpl.newInstance0(Native Method)
	at java.base/jdk.internal.reflect.NativeConstructorAccessorImpl.newInstance(NativeConstructorAccessorImpl.java:62)
	at java.base/jdk.internal.reflect.DelegatingConstructorAccessorImpl.newInstance(DelegatingConstructorAccessorImpl.java:45)
	at java.base/java.lang.reflect.Constructor.newInstance(Constructor.java:490)
	at ptolemy.util.test.junit.AutoKnownFailedTests.RunModel(AutoKnownFailedTests.java:105)
	at java.base/jdk.internal.reflect.NativeMethodAccessorImpl.invoke0(Native Method)
	at java.base/jdk.internal.reflect.NativeMethodAccessorImpl.invoke(NativeMethodAccessorImpl.java:62)
	at java.base/jdk.internal.reflect.DelegatingMethodAccessorImpl.invoke(DelegatingMethodAccessorImpl.java:43)
	at java.base/java.lang.reflect.Method.invoke(Method.java:566)
	at org.junit.runners.model.FrameworkMethod$1.runReflectiveCall(FrameworkMethod.java:44)
	at org.junit.internal.runners.model.ReflectiveCallable.run(ReflectiveCallable.java:15)
	at org.junit.runners.model.FrameworkMethod.invokeExplosively(FrameworkMethod.java:41)
	at junitparams.internal.InvokeParameterisedMethod.evaluate(InvokeParameterisedMethod.java:102)
	at org.junit.internal.runners.statements.FailOnTimeout$1.run(FailOnTimeout.java:28)
Caused by: ptolemy.kernel.util.IllegalActionException: Found a zero delay loop containing .HierarchicalModel.A
  in .HierarchicalModel and .HierarchicalModel.A
	at ptolemy.actor.util.CausalityInterfaceForComposites._computeOutputPortDepth(CausalityInterfaceForComposites.java:759)
	at ptolemy.actor.util.CausalityInterfaceForComposites._computeInputDepth(CausalityInterfaceForComposites.java:696)
	at ptolemy.actor.util.CausalityInterfaceForComposites._computeOutputPortDepth(CausalityInterfaceForComposites.java:765)
	at ptolemy.actor.util.CausalityInterfaceForComposites._computeInputDepth(CausalityInterfaceForComposites.java:696)
	at ptolemy.actor.util.CausalityInterfaceForComposites._computeOutputPortDepth(CausalityInterfaceForComposites.java:765)
	at ptolemy.actor.util.CausalityInterfaceForComposites._computeInputDepth(CausalityInterfaceForComposites.java:696)
	at ptolemy.actor.util.CausalityInterfaceForComposites._computeActorDepth(CausalityInterfaceForComposites.java:532)
	at ptolemy.actor.util.CausalityInterfaceForComposites.checkForCycles(CausalityInterfaceForComposites.java:96)
	at ptolemy.domains.de.kernel.DEDirector.preinitialize(DEDirector.java:1338)
	at ptolemy.actor.CompositeActor.preinitialize(CompositeActor.java:1828)
	at ptolemy.actor.Manager.preinitializeAndResolveTypes(Manager.java:1040)
	at ptolemy.actor.Manager.initialize(Manager.java:710)
	at ptolemy.actor.Manager.execute(Manager.java:356)
	at ptolemy.actor.Manager.run(Manager.java:1263)
	at ptolemy.actor.Manager$PtolemyRunThread.run(Manager.java:1933)
java.lang.RuntimeException: Execution failed
	at ptolemy.moml.MoMLSimpleApplication$UnloadThread.run(MoMLSimpleApplication.java:402)
Caused by: ptolemy.kernel.util.IllegalActionException: Found a zero delay loop containing .dependencyLoop.original
  in .dependencyLoop and .dependencyLoop.original
	at ptolemy.actor.util.CausalityInterfaceForComposites._computeOutputPortDepth(CausalityInterfaceForComposites.java:759)
	at ptolemy.actor.util.CausalityInterfaceForComposites._computeInputDepth(CausalityInterfaceForComposites.java:696)
	at ptolemy.actor.util.CausalityInterfaceForComposites._computeOutputPortDepth(CausalityInterfaceForComposites.java:765)
	at ptolemy.actor.util.CausalityInterfaceForComposites._computeInputDepth(CausalityInterfaceForComposites.java:696)
	at ptolemy.actor.util.CausalityInterfaceForComposites._computeOutputPortDepth(CausalityInterfaceForComposites.java:765)
	at ptolemy.actor.util.CausalityInterfaceForComposites._computeInputDepth(CausalityInterfaceForComposites.java:696)
	at ptolemy.actor.util.CausalityInterfaceForComposites._computeActorDepth(CausalityInterfaceForComposites.java:532)
	at ptolemy.actor.util.CausalityInterfaceForComposites.checkForCycles(CausalityInterfaceForComposites.java:96)
	at ptolemy.domains.de.kernel.DEDirector.preinitialize(DEDirector.java:1338)
	at ptolemy.actor.CompositeActor.preinitialize(CompositeActor.java:1828)
	at ptolemy.actor.Manager.preinitializeAndResolveTypes(Manager.java:1040)
	at ptolemy.actor.Manager.initialize(Manager.java:710)
	at ptolemy.actor.Manager.execute(Manager.java:356)
	at ptolemy.actor.Manager.run(Manager.java:1263)
	at ptolemy.actor.Manager$PtolemyRunThread.run(Manager.java:1933)
java.lang.reflect.InvocationTargetException
	at java.base/jdk.internal.reflect.NativeConstructorAccessorImpl.newInstance0(Native Method)
	at java.base/jdk.internal.reflect.NativeConstructorAccessorImpl.newInstance(NativeConstructorAccessorImpl.java:62)
	at java.base/jdk.internal.reflect.DelegatingConstructorAccessorImpl.newInstance(DelegatingConstructorAccessorImpl.java:45)
	at java.base/java.lang.reflect.Constructor.newInstance(Constructor.java:490)
	at ptolemy.util.test.junit.AutoKnownFailedTests.RunModel(AutoKnownFailedTests.java:105)
	at java.base/jdk.internal.reflect.NativeMethodAccessorImpl.invoke0(Native Method)
	at java.base/jdk.internal.reflect.NativeMethodAccessorImpl.invoke(NativeMethodAccessorImpl.java:62)
	at java.base/jdk.internal.reflect.DelegatingMethodAccessorImpl.invoke(DelegatingMethodAccessorImpl.java:43)
	at java.base/java.lang.reflect.Method.invoke(Method.java:566)
	at org.junit.runners.model.FrameworkMethod$1.runReflectiveCall(FrameworkMethod.java:44)
	at org.junit.internal.runners.model.ReflectiveCallable.run(ReflectiveCallable.java:15)
	at org.junit.runners.model.FrameworkMethod.invokeExplosively(FrameworkMethod.java:41)
	at junitparams.internal.InvokeParameterisedMethod.evaluate(InvokeParameterisedMethod.java:102)
	at org.junit.internal.runners.statements.FailOnTimeout$1.run(FailOnTimeout.java:28)
Caused by: ptolemy.kernel.util.IllegalActionException: Found a zero delay loop containing .dependencyLoop.original
  in .dependencyLoop and .dependencyLoop.original
	at ptolemy.actor.util.CausalityInterfaceForComposites._computeOutputPortDepth(CausalityInterfaceForComposites.java:759)
	at ptolemy.actor.util.CausalityInterfaceForComposites._computeInputDepth(CausalityInterfaceForComposites.java:696)
	at ptolemy.actor.util.CausalityInterfaceForComposites._computeOutputPortDepth(CausalityInterfaceForComposites.java:765)
	at ptolemy.actor.util.CausalityInterfaceForComposites._computeInputDepth(CausalityInterfaceForComposites.java:696)
	at ptolemy.actor.util.CausalityInterfaceForComposites._computeOutputPortDepth(CausalityInterfaceForComposites.java:765)
	at ptolemy.actor.util.CausalityInterfaceForComposites._computeInputDepth(CausalityInterfaceForComposites.java:696)
	at ptolemy.actor.util.CausalityInterfaceForComposites._computeActorDepth(CausalityInterfaceForComposites.java:532)
	at ptolemy.actor.util.CausalityInterfaceForComposites.checkForCycles(CausalityInterfaceForComposites.java:96)
	at ptolemy.domains.de.kernel.DEDirector.preinitialize(DEDirector.java:1338)
	at ptolemy.actor.CompositeActor.preinitialize(CompositeActor.java:1828)
	at ptolemy.actor.Manager.preinitializeAndResolveTypes(Manager.java:1040)
	at ptolemy.actor.Manager.initialize(Manager.java:710)
	at ptolemy.actor.Manager.execute(Manager.java:356)
	at ptolemy.actor.Manager.run(Manager.java:1263)
	at ptolemy.actor.Manager$PtolemyRunThread.run(Manager.java:1933)
java.lang.RuntimeException: Execution failed
	at ptolemy.moml.MoMLSimpleApplication$UnloadThread.run(MoMLSimpleApplication.java:402)
Caused by: ptolemy.kernel.util.IllegalActionException: Found a zero delay loop containing .dependencyLoop2.original
  in .dependencyLoop2 and .dependencyLoop2.original
	at ptolemy.actor.util.CausalityInterfaceForComposites._computeOutputPortDepth(CausalityInterfaceForComposites.java:759)
	at ptolemy.actor.util.CausalityInterfaceForComposites._computeInputDepth(CausalityInterfaceForComposites.java:696)
	at ptolemy.actor.util.CausalityInterfaceForComposites._computeOutputPortDepth(CausalityInterfaceForComposites.java:765)
	at ptolemy.actor.util.CausalityInterfaceForComposites._computeInputDepth(CausalityInterfaceForComposites.java:696)
	at ptolemy.actor.util.CausalityInterfaceForComposites._computeOutputPortDepth(CausalityInterfaceForComposites.java:765)
	at ptolemy.actor.util.CausalityInterfaceForComposites._computeInputDepth(CausalityInterfaceForComposites.java:696)
	at ptolemy.actor.util.CausalityInterfaceForComposites._computeActorDepth(CausalityInterfaceForComposites.java:532)
	at ptolemy.actor.util.CausalityInterfaceForComposites.checkForCycles(CausalityInterfaceForComposites.java:96)
	at ptolemy.domains.de.kernel.DEDirector.preinitialize(DEDirector.java:1338)
	at ptolemy.actor.CompositeActor.preinitialize(CompositeActor.java:1828)
	at ptolemy.actor.Manager.preinitializeAndResolveTypes(Manager.java:1040)
	at ptolemy.actor.Manager.initialize(Manager.java:710)
	at ptolemy.actor.Manager.execute(Manager.java:356)
	at ptolemy.actor.Manager.run(Manager.java:1263)
	at ptolemy.actor.Manager$PtolemyRunThread.run(Manager.java:1933)
java.lang.reflect.InvocationTargetException
	at java.base/jdk.internal.reflect.NativeConstructorAccessorImpl.newInstance0(Native Method)
	at java.base/jdk.internal.reflect.NativeConstructorAccessorImpl.newInstance(NativeConstructorAccessorImpl.java:62)
	at java.base/jdk.internal.reflect.DelegatingConstructorAccessorImpl.newInstance(DelegatingConstructorAccessorImpl.java:45)
	at java.base/java.lang.reflect.Constructor.newInstance(Constructor.java:490)
	at ptolemy.util.test.junit.AutoKnownFailedTests.RunModel(AutoKnownFailedTests.java:105)
	at java.base/jdk.internal.reflect.NativeMethodAccessorImpl.invoke0(Native Method)
	at java.base/jdk.internal.reflect.NativeMethodAccessorImpl.invoke(NativeMethodAccessorImpl.java:62)
	at java.base/jdk.internal.reflect.DelegatingMethodAccessorImpl.invoke(DelegatingMethodAccessorImpl.java:43)
	at java.base/java.lang.reflect.Method.invoke(Method.java:566)
	at org.junit.runners.model.FrameworkMethod$1.runReflectiveCall(FrameworkMethod.java:44)
	at org.junit.internal.runners.model.ReflectiveCallable.run(ReflectiveCallable.java:15)
	at org.junit.runners.model.FrameworkMethod.invokeExplosively(FrameworkMethod.java:41)
	at junitparams.internal.InvokeParameterisedMethod.evaluate(InvokeParameterisedMethod.java:102)
	at org.junit.internal.runners.statements.FailOnTimeout$1.run(FailOnTimeout.java:28)
Caused by: ptolemy.kernel.util.IllegalActionException: Found a zero delay loop containing .dependencyLoop2.original
  in .dependencyLoop2 and .dependencyLoop2.original
	at ptolemy.actor.util.CausalityInterfaceForComposites._computeOutputPortDepth(CausalityInterfaceForComposites.java:759)
	at ptolemy.actor.util.CausalityInterfaceForComposites._computeInputDepth(CausalityInterfaceForComposites.java:696)
	at ptolemy.actor.util.CausalityInterfaceForComposites._computeOutputPortDepth(CausalityInterfaceForComposites.java:765)
	at ptolemy.actor.util.CausalityInterfaceForComposites._computeInputDepth(CausalityInterfaceForComposites.java:696)
	at ptolemy.actor.util.CausalityInterfaceForComposites._computeOutputPortDepth(CausalityInterfaceForComposites.java:765)
	at ptolemy.actor.util.CausalityInterfaceForComposites._computeInputDepth(CausalityInterfaceForComposites.java:696)
	at ptolemy.actor.util.CausalityInterfaceForComposites._computeActorDepth(CausalityInterfaceForComposites.java:532)
	at ptolemy.actor.util.CausalityInterfaceForComposites.checkForCycles(CausalityInterfaceForComposites.java:96)
	at ptolemy.domains.de.kernel.DEDirector.preinitialize(DEDirector.java:1338)
	at ptolemy.actor.CompositeActor.preinitialize(CompositeActor.java:1828)
	at ptolemy.actor.Manager.preinitializeAndResolveTypes(Manager.java:1040)
	at ptolemy.actor.Manager.initialize(Manager.java:710)
	at ptolemy.actor.Manager.execute(Manager.java:356)
	at ptolemy.actor.Manager.run(Manager.java:1263)
	at ptolemy.actor.Manager$PtolemyRunThread.run(Manager.java:1933)
]]></system-err>
</testsuite>
