<?xml version="1.0" encoding="UTF-8" ?>
<testsuite errors="0" failures="0" hostname="travis-job-07febade-5650-4d04-b2a8-6582cf6d7156" name="ptolemy.domains.continuous.test.junit.JUnitTclTest" skipped="0" tests="156" time="82.084" timestamp="2019-12-04T06:18:03">
  <properties>
[...]
</properties>
  <testcase classname="ptolemy.util.test.junit.TclTests" name="[0] ThereAreNoTclTests (RunTclFile)" time="0.025" />
  <testcase classname="ptolemy.util.test.junit.AutoKnownFailedTests" name="[0] ThereAreNoKnowFailedTests (RunModel)" time="0.003" />
  <testcase classname="ptolemy.util.test.junit.AutoNameArchTests" name="[0] ThereAreNoAutoArchTests (RunModel)" time="0.025" />
  <testcase classname="ptolemy.util.test.junit.AutoTests" name="[0] /home/travis/build/icyphy/ptII/ptolemy/domains/continuous/test/auto/BouncingBall.xml (RunModel)" time="3.183" />
  <testcase classname="ptolemy.util.test.junit.AutoTests" name="[1] /home/travis/build/icyphy/ptII/ptolemy/domains/continuous/test/auto/BouncingBallWithoutGR.xml (RunModel)" time="0.865" />
  <testcase classname="ptolemy.util.test.junit.AutoTests" name="[2] /home/travis/build/icyphy/ptII/ptolemy/domains/continuous/test/auto/Brownian.xml (RunModel)" time="0.094" />
  <testcase classname="ptolemy.util.test.junit.AutoTests" name="[3] /home/travis/build/icyphy/ptII/ptolemy/domains/continuous/test/auto/CarTracking.xml (RunModel)" time="4.484" />
  <testcase classname="ptolemy.util.test.junit.AutoTests" name="[4] /home/travis/build/icyphy/ptII/ptolemy/domains/continuous/test/auto/CartPendulum.xml (RunModel)" time="0.607" />
  <testcase classname="ptolemy.util.test.junit.AutoTests" name="[5] /home/travis/build/icyphy/ptII/ptolemy/domains/continuous/test/auto/CausalityInterface10.xml (RunModel)" time="0.053" />
  <testcase classname="ptolemy.util.test.junit.AutoTests" name="[6] /home/travis/build/icyphy/ptII/ptolemy/domains/continuous/test/auto/CausalityInterface11.xml (RunModel)" time="0.025" />
  <testcase classname="ptolemy.util.test.junit.AutoTests" name="[7] /home/travis/build/icyphy/ptII/ptolemy/domains/continuous/test/auto/CausalityInterface12.xml (RunModel)" time="0.026" />
  <testcase classname="ptolemy.util.test.junit.AutoTests" name="[8] /home/travis/build/icyphy/ptII/ptolemy/domains/continuous/test/auto/CausalityInterface13.xml (RunModel)" time="0.042" />
  <testcase classname="ptolemy.util.test.junit.AutoTests" name="[9] /home/travis/build/icyphy/ptII/ptolemy/domains/continuous/test/auto/CausalityInterface14.xml (RunModel)" time="0.027" />
  <testcase classname="ptolemy.util.test.junit.AutoTests" name="[10] /home/travis/build/icyphy/ptII/ptolemy/domains/continuous/test/auto/CausalityInterface4.xml (RunModel)" time="0.032" />
  <testcase classname="ptolemy.util.test.junit.AutoTests" name="[11] /home/travis/build/icyphy/ptII/ptolemy/domains/continuous/test/auto/CausalityInterface5.xml (RunModel)" time="0.037" />
  <testcase classname="ptolemy.util.test.junit.AutoTests" name="[12] /home/travis/build/icyphy/ptII/ptolemy/domains/continuous/test/auto/CausalityInterface6.xml (RunModel)" time="0.037" />
  <testcase classname="ptolemy.util.test.junit.AutoTests" name="[13] /home/travis/build/icyphy/ptII/ptolemy/domains/continuous/test/auto/CausalityInterface7.xml (RunModel)" time="0.035" />
  <testcase classname="ptolemy.util.test.junit.AutoTests" name="[14] /home/travis/build/icyphy/ptII/ptolemy/domains/continuous/test/auto/CausalityInterface8.xml (RunModel)" time="0.037" />
  <testcase classname="ptolemy.util.test.junit.AutoTests" name="[15] /home/travis/build/icyphy/ptII/ptolemy/domains/continuous/test/auto/CausalityInterface9.xml (RunModel)" time="0.043" />
  <testcase classname="ptolemy.util.test.junit.AutoTests" name="[16] /home/travis/build/icyphy/ptII/ptolemy/domains/continuous/test/auto/CausalityInterfaceFeedback1.xml (RunModel)" time="0.026" />
  <testcase classname="ptolemy.util.test.junit.AutoTests" name="[17] /home/travis/build/icyphy/ptII/ptolemy/domains/continuous/test/auto/CausalityInterfaceFeedback2.xml (RunModel)" time="0.039" />
  <testcase classname="ptolemy.util.test.junit.AutoTests" name="[18] /home/travis/build/icyphy/ptII/ptolemy/domains/continuous/test/auto/CompareWithCurrentTime.xml (RunModel)" time="0.027" />
  <testcase classname="ptolemy.util.test.junit.AutoTests" name="[19] /home/travis/build/icyphy/ptII/ptolemy/domains/continuous/test/auto/ComparedClocks.xml (RunModel)" time="0.086" />
  <testcase classname="ptolemy.util.test.junit.AutoTests" name="[20] /home/travis/build/icyphy/ptII/ptolemy/domains/continuous/test/auto/ContinuousAOCClone.xml (RunModel)" time="3.08" />
  <testcase classname="ptolemy.util.test.junit.AutoTests" name="[21] /home/travis/build/icyphy/ptII/ptolemy/domains/continuous/test/auto/ContinuousClock.xml (RunModel)" time="0.119" />
  <testcase classname="ptolemy.util.test.junit.AutoTests" name="[22] /home/travis/build/icyphy/ptII/ptolemy/domains/continuous/test/auto/ContinuousInContinuous.xml (RunModel)" time="0.088" />
  <testcase classname="ptolemy.util.test.junit.AutoTests" name="[23] /home/travis/build/icyphy/ptII/ptolemy/domains/continuous/test/auto/ContinuousInContinuousInContinuous.xml (RunModel)" time="0.028" />
  <testcase classname="ptolemy.util.test.junit.AutoTests" name="[24] /home/travis/build/icyphy/ptII/ptolemy/domains/continuous/test/auto/ContinuousInDE.xml (RunModel)" time="0.128" />
  <testcase classname="ptolemy.util.test.junit.AutoTests" name="[25] /home/travis/build/icyphy/ptII/ptolemy/domains/continuous/test/auto/ContinuousInDE2.xml (RunModel)" time="0.059" />
  <testcase classname="ptolemy.util.test.junit.AutoTests" name="[26] /home/travis/build/icyphy/ptII/ptolemy/domains/continuous/test/auto/ContinuousInDE3.xml (RunModel)" time="0.06" />
  <testcase classname="ptolemy.util.test.junit.AutoTests" name="[27] /home/travis/build/icyphy/ptII/ptolemy/domains/continuous/test/auto/ContinuousInDE4.xml (RunModel)" time="0.036" />
  <testcase classname="ptolemy.util.test.junit.AutoTests" name="[28] /home/travis/build/icyphy/ptII/ptolemy/domains/continuous/test/auto/ContinuousInDEDifferentRefinements.xml (RunModel)" time="0.111" />
  <testcase classname="ptolemy.util.test.junit.AutoTests" name="[29] /home/travis/build/icyphy/ptII/ptolemy/domains/continuous/test/auto/ContinuousInDEDifferentRefinementsPreemptive.xml (RunModel)" time="0.095" />
  <testcase classname="ptolemy.util.test.junit.AutoTests" name="[30] /home/travis/build/icyphy/ptII/ptolemy/domains/continuous/test/auto/ContinuousInDEInContinuous2.xml (RunModel)" time="0.073" />
  <testcase classname="ptolemy.util.test.junit.AutoTests" name="[31] /home/travis/build/icyphy/ptII/ptolemy/domains/continuous/test/auto/ContinuousInDEInContinuous3.xml (RunModel)" time="0.068" />
  <testcase classname="ptolemy.util.test.junit.AutoTests" name="[32] /home/travis/build/icyphy/ptII/ptolemy/domains/continuous/test/auto/ContinuousInDEInput.xml (RunModel)" time="0.038" />
  <testcase classname="ptolemy.util.test.junit.AutoTests" name="[33] /home/travis/build/icyphy/ptII/ptolemy/domains/continuous/test/auto/ContinuousInDEInput2.xml (RunModel)" time="0.04" />
  <testcase classname="ptolemy.util.test.junit.AutoTests" name="[34] /home/travis/build/icyphy/ptII/ptolemy/domains/continuous/test/auto/ContinuousInDEInput3.xml (RunModel)" time="0.035" />
  <testcase classname="ptolemy.util.test.junit.AutoTests" name="[35] /home/travis/build/icyphy/ptII/ptolemy/domains/continuous/test/auto/ContinuousInDESharingRefinement.xml (RunModel)" time="0.187" />
  <testcase classname="ptolemy.util.test.junit.AutoTests" name="[36] /home/travis/build/icyphy/ptII/ptolemy/domains/continuous/test/auto/ContinuousInDEwithNoPorts.xml (RunModel)" time="0.023" />
  <testcase classname="ptolemy.util.test.junit.AutoTests" name="[37] /home/travis/build/icyphy/ptII/ptolemy/domains/continuous/test/auto/ContinuousInsideDE.xml (RunModel)" time="0.092" />
  <testcase classname="ptolemy.util.test.junit.AutoTests" name="[38] /home/travis/build/icyphy/ptII/ptolemy/domains/continuous/test/auto/ContinuousMerge1.xml (RunModel)" time="0.021" />
  <testcase classname="ptolemy.util.test.junit.AutoTests" name="[39] /home/travis/build/icyphy/ptII/ptolemy/domains/continuous/test/auto/ContinuousMerge2.xml (RunModel)" time="0.051" />
  <testcase classname="ptolemy.util.test.junit.AutoTests" name="[40] /home/travis/build/icyphy/ptII/ptolemy/domains/continuous/test/auto/ContinuousMerge3.xml (RunModel)" time="0.073" />
  <testcase classname="ptolemy.util.test.junit.AutoTests" name="[41] /home/travis/build/icyphy/ptII/ptolemy/domains/continuous/test/auto/ContinuousWithinContinuous.xml (RunModel)" time="0.059" />
  <testcase classname="ptolemy.util.test.junit.AutoTests" name="[42] /home/travis/build/icyphy/ptII/ptolemy/domains/continuous/test/auto/ContinuousWithinContinuous2.xml (RunModel)" time="0.085" />
  <testcase classname="ptolemy.util.test.junit.AutoTests" name="[43] /home/travis/build/icyphy/ptII/ptolemy/domains/continuous/test/auto/ContinuousWithinContinuous3.xml (RunModel)" time="0.037" />
  <testcase classname="ptolemy.util.test.junit.AutoTests" name="[44] /home/travis/build/icyphy/ptII/ptolemy/domains/continuous/test/auto/ContinuousWithinContinuous4.xml (RunModel)" time="0.1" />
  <testcase classname="ptolemy.util.test.junit.AutoTests" name="[45] /home/travis/build/icyphy/ptII/ptolemy/domains/continuous/test/auto/ContinuousWithinContinuous5.xml (RunModel)" time="0.036" />
  <testcase classname="ptolemy.util.test.junit.AutoTests" name="[46] /home/travis/build/icyphy/ptII/ptolemy/domains/continuous/test/auto/ContinuousWithinContinuous6.xml (RunModel)" time="0.036" />
  <testcase classname="ptolemy.util.test.junit.AutoTests" name="[47] /home/travis/build/icyphy/ptII/ptolemy/domains/continuous/test/auto/ContinuousWithinContinuous7.xml (RunModel)" time="0.099" />
  <testcase classname="ptolemy.util.test.junit.AutoTests" name="[48] /home/travis/build/icyphy/ptII/ptolemy/domains/continuous/test/auto/DCMotor.xml (RunModel)" time="15.634" />
  <testcase classname="ptolemy.util.test.junit.AutoTests" name="[49] /home/travis/build/icyphy/ptII/ptolemy/domains/continuous/test/auto/DEInContinuous.xml (RunModel)" time="0.043" />
  <testcase classname="ptolemy.util.test.junit.AutoTests" name="[50] /home/travis/build/icyphy/ptII/ptolemy/domains/continuous/test/auto/DEinContinuous2.xml (RunModel)" time="0.036" />
  <testcase classname="ptolemy.util.test.junit.AutoTests" name="[51] /home/travis/build/icyphy/ptII/ptolemy/domains/continuous/test/auto/Derivative.xml (RunModel)" time="0.206" />
  <testcase classname="ptolemy.util.test.junit.AutoTests" name="[52] /home/travis/build/icyphy/ptII/ptolemy/domains/continuous/test/auto/Derivative1.xml (RunModel)" time="0.063" />
  <testcase classname="ptolemy.util.test.junit.AutoTests" name="[53] /home/travis/build/icyphy/ptII/ptolemy/domains/continuous/test/auto/DiscreteClock.xml (RunModel)" time="0.017" />
  <testcase classname="ptolemy.util.test.junit.AutoTests" name="[54] /home/travis/build/icyphy/ptII/ptolemy/domains/continuous/test/auto/EfficiencyCurve.xml (RunModel)" time="0.111" />
  <testcase classname="ptolemy.util.test.junit.AutoTests" name="[55] /home/travis/build/icyphy/ptII/ptolemy/domains/continuous/test/auto/ExponentialResponse.xml (RunModel)" time="0.134" />
  <testcase classname="ptolemy.util.test.junit.AutoTests" name="[56] /home/travis/build/icyphy/ptII/ptolemy/domains/continuous/test/auto/ExponentialResponseRK45.xml (RunModel)" time="0.038" />
  <testcase classname="ptolemy.util.test.junit.AutoTests" name="[57] /home/travis/build/icyphy/ptII/ptolemy/domains/continuous/test/auto/Friction.xml (RunModel)" time="1.766" />
  <testcase classname="ptolemy.util.test.junit.AutoTests" name="[58] /home/travis/build/icyphy/ptII/ptolemy/domains/continuous/test/auto/FurutaPendulum.xml (RunModel)" time="3.629" />
  <testcase classname="ptolemy.util.test.junit.AutoTests" name="[59] /home/travis/build/icyphy/ptII/ptolemy/domains/continuous/test/auto/HierarchicalExecution.xml (RunModel)" time="2.18" />
  <testcase classname="ptolemy.util.test.junit.AutoTests" name="[60] /home/travis/build/icyphy/ptII/ptolemy/domains/continuous/test/auto/HybridPlant.xml (RunModel)" time="0.638" />
  <testcase classname="ptolemy.util.test.junit.AutoTests" name="[61] /home/travis/build/icyphy/ptII/ptolemy/domains/continuous/test/auto/Hysteresis.xml (RunModel)" time="0.199" />
  <testcase classname="ptolemy.util.test.junit.AutoTests" name="[62] /home/travis/build/icyphy/ptII/ptolemy/domains/continuous/test/auto/HysteresisWithRandomDelay.xml (RunModel)" time="0.233" />
  <testcase classname="ptolemy.util.test.junit.AutoTests" name="[63] /home/travis/build/icyphy/ptII/ptolemy/domains/continuous/test/auto/HysteresisWithRandomLosses.xml (RunModel)" time="2.559" />
  <testcase classname="ptolemy.util.test.junit.AutoTests" name="[64] /home/travis/build/icyphy/ptII/ptolemy/domains/continuous/test/auto/ImmediateTransitions.xml (RunModel)" time="0.053" />
  <testcase classname="ptolemy.util.test.junit.AutoTests" name="[65] /home/travis/build/icyphy/ptII/ptolemy/domains/continuous/test/auto/ImpulseFeedback.xml (RunModel)" time="0.023" />
  <testcase classname="ptolemy.util.test.junit.AutoTests" name="[66] /home/travis/build/icyphy/ptII/ptolemy/domains/continuous/test/auto/ImpulseFeedback2.xml (RunModel)" time="0.018" />
  <testcase classname="ptolemy.util.test.junit.AutoTests" name="[67] /home/travis/build/icyphy/ptII/ptolemy/domains/continuous/test/auto/IncreasingRatePoisson.xml (RunModel)" time="0.808" />
  <testcase classname="ptolemy.util.test.junit.AutoTests" name="[68] /home/travis/build/icyphy/ptII/ptolemy/domains/continuous/test/auto/InitialStateFeedback.xml (RunModel)" time="0.017" />
  <testcase classname="ptolemy.util.test.junit.AutoTests" name="[69] /home/travis/build/icyphy/ptII/ptolemy/domains/continuous/test/auto/Integration.xml (RunModel)" time="0.015" />
  <testcase classname="ptolemy.util.test.junit.AutoTests" name="[70] /home/travis/build/icyphy/ptII/ptolemy/domains/continuous/test/auto/Integration2.xml (RunModel)" time="0.107" />
  <testcase classname="ptolemy.util.test.junit.AutoTests" name="[71] /home/travis/build/icyphy/ptII/ptolemy/domains/continuous/test/auto/Integration3.xml (RunModel)" time="0.013" />
  <testcase classname="ptolemy.util.test.junit.AutoTests" name="[72] /home/travis/build/icyphy/ptII/ptolemy/domains/continuous/test/auto/Integration5.xml (RunModel)" time="0.014" />
  <testcase classname="ptolemy.util.test.junit.AutoTests" name="[73] /home/travis/build/icyphy/ptII/ptolemy/domains/continuous/test/auto/IntegratorImpulse.xml (RunModel)" time="0.011" />
  <testcase classname="ptolemy.util.test.junit.AutoTests" name="[74] /home/travis/build/icyphy/ptII/ptolemy/domains/continuous/test/auto/IntegratorImpulse2.xml (RunModel)" time="0.011" />
  <testcase classname="ptolemy.util.test.junit.AutoTests" name="[75] /home/travis/build/icyphy/ptII/ptolemy/domains/continuous/test/auto/LevelCrossing1.xml (RunModel)" time="0.014" />
  <testcase classname="ptolemy.util.test.junit.AutoTests" name="[76] /home/travis/build/icyphy/ptII/ptolemy/domains/continuous/test/auto/LevelCrossing2.xml (RunModel)" time="0.016" />
  <testcase classname="ptolemy.util.test.junit.AutoTests" name="[77] /home/travis/build/icyphy/ptII/ptolemy/domains/continuous/test/auto/LevelCrossing3.xml (RunModel)" time="0.015" />
  <testcase classname="ptolemy.util.test.junit.AutoTests" name="[78] /home/travis/build/icyphy/ptII/ptolemy/domains/continuous/test/auto/LevelCrossing4.xml (RunModel)" time="0.016" />
  <testcase classname="ptolemy.util.test.junit.AutoTests" name="[79] /home/travis/build/icyphy/ptII/ptolemy/domains/continuous/test/auto/LevelCrossing5.xml (RunModel)" time="0.014" />
  <testcase classname="ptolemy.util.test.junit.AutoTests" name="[80] /home/travis/build/icyphy/ptII/ptolemy/domains/continuous/test/auto/LevelCrossing6.xml (RunModel)" time="0.016" />
  <testcase classname="ptolemy.util.test.junit.AutoTests" name="[81] /home/travis/build/icyphy/ptII/ptolemy/domains/continuous/test/auto/LevelCrossingDetector.xml (RunModel)" time="0.048" />
  <testcase classname="ptolemy.util.test.junit.AutoTests" name="[82] /home/travis/build/icyphy/ptII/ptolemy/domains/continuous/test/auto/LevelCrossingDetectorDetectingDirections.xml (RunModel)" time="0.093" />
  <testcase classname="ptolemy.util.test.junit.AutoTests" name="[83] /home/travis/build/icyphy/ptII/ptolemy/domains/continuous/test/auto/LevelCrossingDetectorDetectsGlitches.xml (RunModel)" time="0.063" />
  <testcase classname="ptolemy.util.test.junit.AutoTests" name="[84] /home/travis/build/icyphy/ptII/ptolemy/domains/continuous/test/auto/LevelCrossingNoInitialOuput.xml (RunModel)" time="0.016" />
  <testcase classname="ptolemy.util.test.junit.AutoTests" name="[85] /home/travis/build/icyphy/ptII/ptolemy/domains/continuous/test/auto/LinearStateSpaceExample.xml (RunModel)" time="0.072" />
  <testcase classname="ptolemy.util.test.junit.AutoTests" name="[86] /home/travis/build/icyphy/ptII/ptolemy/domains/continuous/test/auto/Lorenz.xml (RunModel)" time="4.378" />
  <testcase classname="ptolemy.util.test.junit.AutoTests" name="[87] /home/travis/build/icyphy/ptII/ptolemy/domains/continuous/test/auto/LorenzDifferentialSystem.xml (RunModel)" time="1.219" />
  <testcase classname="ptolemy.util.test.junit.AutoTests" name="[88] /home/travis/build/icyphy/ptII/ptolemy/domains/continuous/test/auto/LorenzDifferentialSystemWithInput.xml (RunModel)" time="1.639" />
  <testcase classname="ptolemy.util.test.junit.AutoTests" name="[89] /home/travis/build/icyphy/ptII/ptolemy/domains/continuous/test/auto/LorenzDifferentialSystemWithTime.xml (RunModel)" time="0.836" />
  <testcase classname="ptolemy.util.test.junit.AutoTests" name="[90] /home/travis/build/icyphy/ptII/ptolemy/domains/continuous/test/auto/Microsteps.xml (RunModel)" time="0.034" />
  <testcase classname="ptolemy.util.test.junit.AutoTests" name="[91] /home/travis/build/icyphy/ptII/ptolemy/domains/continuous/test/auto/Modal1.xml (RunModel)" time="0.075" />
  <testcase classname="ptolemy.util.test.junit.AutoTests" name="[92] /home/travis/build/icyphy/ptII/ptolemy/domains/continuous/test/auto/Modal2.xml (RunModel)" time="0.044" />
  <testcase classname="ptolemy.util.test.junit.AutoTests" name="[93] /home/travis/build/icyphy/ptII/ptolemy/domains/continuous/test/auto/ModalTransitionGuardWithReset.xml (RunModel)" time="0.03" />
  <testcase classname="ptolemy.util.test.junit.AutoTests" name="[94] /home/travis/build/icyphy/ptII/ptolemy/domains/continuous/test/auto/ModalTransitionGuardWithResetUsingPreemptiveTransition.xml (RunModel)" time="0.073" />
  <testcase classname="ptolemy.util.test.junit.AutoTests" name="[95] /home/travis/build/icyphy/ptII/ptolemy/domains/continuous/test/auto/ModalTransitionGuardWithResetUsingPreemptiveTransition2.xml (RunModel)" time="0.07" />
  <testcase classname="ptolemy.util.test.junit.AutoTests" name="[96] /home/travis/build/icyphy/ptII/ptolemy/domains/continuous/test/auto/ModalTransitionGuardWithResetUsingPreemptiveTransition3.xml (RunModel)" time="0.077" />
  <testcase classname="ptolemy.util.test.junit.AutoTests" name="[97] /home/travis/build/icyphy/ptII/ptolemy/domains/continuous/test/auto/NewtonsCradle.xml (RunModel)" time="0.871" />
  <testcase classname="ptolemy.util.test.junit.AutoTests" name="[98] /home/travis/build/icyphy/ptII/ptolemy/domains/continuous/test/auto/NewtonsCradleAnimated.xml (RunModel)" time="1.268" />
  <testcase classname="ptolemy.util.test.junit.AutoTests" name="[99] /home/travis/build/icyphy/ptII/ptolemy/domains/continuous/test/auto/NewtonsCradleComplicated.xml (RunModel)" time="0.941" />
  <testcase classname="ptolemy.util.test.junit.AutoTests" name="[100] /home/travis/build/icyphy/ptII/ptolemy/domains/continuous/test/auto/NewtonsCradleNondeterministic.xml (RunModel)" time="0.635" />
  <testcase classname="ptolemy.util.test.junit.AutoTests" name="[101] /home/travis/build/icyphy/ptII/ptolemy/domains/continuous/test/auto/NewtonsCradlePerfectlyInelastic1.xml (RunModel)" time="1.273" />
  <testcase classname="ptolemy.util.test.junit.AutoTests" name="[102] /home/travis/build/icyphy/ptII/ptolemy/domains/continuous/test/auto/Noise.xml (RunModel)" time="0.198" />
  <testcase classname="ptolemy.util.test.junit.AutoTests" name="[103] /home/travis/build/icyphy/ptII/ptolemy/domains/continuous/test/auto/NoiseSpectrum.xml (RunModel)" time="0.78" />
  <testcase classname="ptolemy.util.test.junit.AutoTests" name="[104] /home/travis/build/icyphy/ptII/ptolemy/domains/continuous/test/auto/ParameterizedNewtonsCradleAnimated.xml (RunModel)" time="0.32" />
  <testcase classname="ptolemy.util.test.junit.AutoTests" name="[105] /home/travis/build/icyphy/ptII/ptolemy/domains/continuous/test/auto/ParameterizedNewtonsCradleAnimatedNondeterministic.xml (RunModel)" time="1.128" />
  <testcase classname="ptolemy.util.test.junit.AutoTests" name="[106] /home/travis/build/icyphy/ptII/ptolemy/domains/continuous/test/auto/Pendulum3D.xml (RunModel)" time="0.224" />
  <testcase classname="ptolemy.util.test.junit.AutoTests" name="[107] /home/travis/build/icyphy/ptII/ptolemy/domains/continuous/test/auto/PeriodicSampler.xml (RunModel)" time="0.015" />
  <testcase classname="ptolemy.util.test.junit.AutoTests" name="[108] /home/travis/build/icyphy/ptII/ptolemy/domains/continuous/test/auto/PeriodicSampler1.xml (RunModel)" time="0.051" />
  <testcase classname="ptolemy.util.test.junit.AutoTests" name="[109] /home/travis/build/icyphy/ptII/ptolemy/domains/continuous/test/auto/PeriodicSampler2.xml (RunModel)" time="0.089" />
  <testcase classname="ptolemy.util.test.junit.AutoTests" name="[110] /home/travis/build/icyphy/ptII/ptolemy/domains/continuous/test/auto/Poisson.xml (RunModel)" time="0.529" />
  <testcase classname="ptolemy.util.test.junit.AutoTests" name="[111] /home/travis/build/icyphy/ptII/ptolemy/domains/continuous/test/auto/PoissonClock.xml (RunModel)" time="0.018" />
  <testcase classname="ptolemy.util.test.junit.AutoTests" name="[112] /home/travis/build/icyphy/ptII/ptolemy/domains/continuous/test/auto/PoissonClock2.xml (RunModel)" time="0.014" />
  <testcase classname="ptolemy.util.test.junit.AutoTests" name="[113] /home/travis/build/icyphy/ptII/ptolemy/domains/continuous/test/auto/PortParameterHierarchy.xml (RunModel)" time="0.028" />
  <testcase classname="ptolemy.util.test.junit.AutoTests" name="[114] /home/travis/build/icyphy/ptII/ptolemy/domains/continuous/test/auto/RandomHybridPlant.xml (RunModel)" time="0.691" />
  <testcase classname="ptolemy.util.test.junit.AutoTests" name="[115] /home/travis/build/icyphy/ptII/ptolemy/domains/continuous/test/auto/ResetTransitionWithStartTime1.xml (RunModel)" time="0.035" />
  <testcase classname="ptolemy.util.test.junit.AutoTests" name="[116] /home/travis/build/icyphy/ptII/ptolemy/domains/continuous/test/auto/ResetTransitionWithStartTime2.xml (RunModel)" time="0.045" />
  <testcase classname="ptolemy.util.test.junit.AutoTests" name="[117] /home/travis/build/icyphy/ptII/ptolemy/domains/continuous/test/auto/ResetTransitionWithStartTime3.xml (RunModel)" time="0.043" />
  <testcase classname="ptolemy.util.test.junit.AutoTests" name="[118] /home/travis/build/icyphy/ptII/ptolemy/domains/continuous/test/auto/ResetTransitionWithStartTime4.xml (RunModel)" time="0.038" />
  <testcase classname="ptolemy.util.test.junit.AutoTests" name="[119] /home/travis/build/icyphy/ptII/ptolemy/domains/continuous/test/auto/ResetTransitionWithStartTime5.xml (RunModel)" time="0.041" />
  <testcase classname="ptolemy.util.test.junit.AutoTests" name="[120] /home/travis/build/icyphy/ptII/ptolemy/domains/continuous/test/auto/ResetTransitionWithStartTime6.xml (RunModel)" time="0.035" />
  <testcase classname="ptolemy.util.test.junit.AutoTests" name="[121] /home/travis/build/icyphy/ptII/ptolemy/domains/continuous/test/auto/SRinContinuous.xml (RunModel)" time="0.033" />
  <testcase classname="ptolemy.util.test.junit.AutoTests" name="[122] /home/travis/build/icyphy/ptII/ptolemy/domains/continuous/test/auto/SampledClocks.xml (RunModel)" time="0.05" />
  <testcase classname="ptolemy.util.test.junit.AutoTests" name="[123] /home/travis/build/icyphy/ptII/ptolemy/domains/continuous/test/auto/Satellite.xml (RunModel)" time="0.965" />
  <testcase classname="ptolemy.util.test.junit.AutoTests" name="[124] /home/travis/build/icyphy/ptII/ptolemy/domains/continuous/test/auto/SigmaDelta.xml (RunModel)" time="2.796" />
  <testcase classname="ptolemy.util.test.junit.AutoTests" name="[125] /home/travis/build/icyphy/ptII/ptolemy/domains/continuous/test/auto/SingleRefinement.xml (RunModel)" time="0.508" />
  <testcase classname="ptolemy.util.test.junit.AutoTests" name="[126] /home/travis/build/icyphy/ptII/ptolemy/domains/continuous/test/auto/SinuBouncingBall.xml (RunModel)" time="0.825" />
  <testcase classname="ptolemy.util.test.junit.AutoTests" name="[127] /home/travis/build/icyphy/ptII/ptolemy/domains/continuous/test/auto/Sinusoid.xml (RunModel)" time="0.026" />
  <testcase classname="ptolemy.util.test.junit.AutoTests" name="[128] /home/travis/build/icyphy/ptII/ptolemy/domains/continuous/test/auto/SinusoidInNoise.xml (RunModel)" time="1.092" />
  <testcase classname="ptolemy.util.test.junit.AutoTests" name="[129] /home/travis/build/icyphy/ptII/ptolemy/domains/continuous/test/auto/SinusoidRK45.xml (RunModel)" time="0.011" />
  <testcase classname="ptolemy.util.test.junit.AutoTests" name="[130] /home/travis/build/icyphy/ptII/ptolemy/domains/continuous/test/auto/SinusoidWithMultipleImpulses.xml (RunModel)" time="0.011" />
  <testcase classname="ptolemy.util.test.junit.AutoTests" name="[131] /home/travis/build/icyphy/ptII/ptolemy/domains/continuous/test/auto/SquareWave.xml (RunModel)" time="0.217" />
  <testcase classname="ptolemy.util.test.junit.AutoTests" name="[132] /home/travis/build/icyphy/ptII/ptolemy/domains/continuous/test/auto/Starmac.xml (RunModel)" time="3.407" />
  <testcase classname="ptolemy.util.test.junit.AutoTests" name="[133] /home/travis/build/icyphy/ptII/ptolemy/domains/continuous/test/auto/StaticUnits.xml (RunModel)" time="3.244" />
  <testcase classname="ptolemy.util.test.junit.AutoTests" name="[134] /home/travis/build/icyphy/ptII/ptolemy/domains/continuous/test/auto/StickyMasses.xml (RunModel)" time="0.203" />
  <testcase classname="ptolemy.util.test.junit.AutoTests" name="[135] /home/travis/build/icyphy/ptII/ptolemy/domains/continuous/test/auto/StopTime.xml (RunModel)" time="0.066" />
  <testcase classname="ptolemy.util.test.junit.AutoTests" name="[136] /home/travis/build/icyphy/ptII/ptolemy/domains/continuous/test/auto/StopTime2.xml (RunModel)" time="0.059" />
  <testcase classname="ptolemy.util.test.junit.AutoTests" name="[137] /home/travis/build/icyphy/ptII/ptolemy/domains/continuous/test/auto/Switch.xml (RunModel)" time="0.067" />
  <testcase classname="ptolemy.util.test.junit.AutoTests" name="[138] /home/travis/build/icyphy/ptII/ptolemy/domains/continuous/test/auto/Thermostat.xml (RunModel)" time="0.234" />
  <testcase classname="ptolemy.util.test.junit.AutoTests" name="[139] /home/travis/build/icyphy/ptII/ptolemy/domains/continuous/test/auto/TimeDelay.xml (RunModel)" time="0.014" />
  <testcase classname="ptolemy.util.test.junit.AutoTests" name="[140] /home/travis/build/icyphy/ptII/ptolemy/domains/continuous/test/auto/TimeDelay2.xml (RunModel)" time="0.028" />
  <testcase classname="ptolemy.util.test.junit.AutoTests" name="[141] /home/travis/build/icyphy/ptII/ptolemy/domains/continuous/test/auto/TimeDelay3.xml (RunModel)" time="0.017" />
  <testcase classname="ptolemy.util.test.junit.AutoTests" name="[142] /home/travis/build/icyphy/ptII/ptolemy/domains/continuous/test/auto/TransferAbsentToInside.xml (RunModel)" time="0.105" />
  <testcase classname="ptolemy.util.test.junit.AutoTests" name="[143] /home/travis/build/icyphy/ptII/ptolemy/domains/continuous/test/auto/Transmission.xml (RunModel)" time="0.858" />
  <testcase classname="ptolemy.util.test.junit.AutoTests" name="[144] /home/travis/build/icyphy/ptII/ptolemy/domains/continuous/test/auto/TriggeredContinuousClock.xml (RunModel)" time="0.071" />
  <testcase classname="ptolemy.util.test.junit.AutoTests" name="[145] /home/travis/build/icyphy/ptII/ptolemy/domains/continuous/test/auto/TwoMachineInfiniteBusControl.xml (RunModel)" time="3.185" />
  <testcase classname="ptolemy.util.test.junit.AutoTests" name="[146] /home/travis/build/icyphy/ptII/ptolemy/domains/continuous/test/auto/V2V.xml (RunModel)" time="0.912" />
  <testcase classname="ptolemy.util.test.junit.AutoTests" name="[147] /home/travis/build/icyphy/ptII/ptolemy/domains/continuous/test/auto/hierarchicalModalModel.xml (RunModel)" time="0.058" />
  <testcase classname="ptolemy.util.test.junit.AutoTests" name="[148] /home/travis/build/icyphy/ptII/ptolemy/domains/continuous/test/auto/hierarchicalModalModel1.xml (RunModel)" time="0.03" />
  <testcase classname="ptolemy.util.test.junit.AutoTests" name="[149] /home/travis/build/icyphy/ptII/ptolemy/domains/continuous/test/auto/hierarchicalModalModel2.xml (RunModel)" time="0.034" />
  <testcase classname="ptolemy.util.test.junit.AutoTests" name="[150] /home/travis/build/icyphy/ptII/ptolemy/domains/continuous/test/auto/hierarchicalModalModel3.xml (RunModel)" time="0.023" />
  <testcase classname="ptolemy.util.test.junit.AutoTests" name="[151] /home/travis/build/icyphy/ptII/ptolemy/domains/continuous/test/auto/hierarchicalModalModel4.xml (RunModel)" time="0.026" />
  <testcase classname="ptolemy.util.test.junit.AutoTests" name="[152] /home/travis/build/icyphy/ptII/ptolemy/domains/continuous/test/auto/junk.xml (RunModel)" time="0.178" />
  <system-out><![CDATA[No tcl tests in /home/travis/build/icyphy/ptII/ptolemy/domains/continuous/test
No auto/knownFailedTests/*.xml tests in /home/travis/build/icyphy/ptII/ptolemy/domains/continuous/test
No auto/linux-amd64/*.xml tests in /home/travis/build/icyphy/ptII/ptolemy/domains/continuous/test
AutoTests.java: About to close Vertx.
AutoTests.java: Vertx closed.

===========================================================================================
----------------- testing Wed Dec 04 06:18:04 UTC 2019 /home/travis/build/icyphy/ptII/ptolemy/domains/continuous/test/auto/BouncingBall.xml
----------------- Instantiating /home/travis/build/icyphy/ptII/ptolemy/domains/continuous/test/auto/BouncingBall.xml
2379 ms. Memory: 120832K Free: 82074K (68%)
----------------- Invoking toplevel() on ptolemy.moml.MoMLSimpleApplication@5a20bfcf
----------------- Done invoking toplevel() on ptolemy.moml.MoMLSimpleApplication@5a20bfcf
reloadAllAccessors: .BouncingBall

===========================================================================================
----------------- testing Wed Dec 04 06:18:07 UTC 2019 /home/travis/build/icyphy/ptII/ptolemy/domains/continuous/test/auto/BouncingBallWithoutGR.xml
----------------- Instantiating /home/travis/build/icyphy/ptII/ptolemy/domains/continuous/test/auto/BouncingBallWithoutGR.xml
781 ms. Memory: 145408K Free: 62590K (43%)
----------------- Invoking toplevel() on ptolemy.moml.MoMLSimpleApplication@1536a9d4
----------------- Done invoking toplevel() on ptolemy.moml.MoMLSimpleApplication@1536a9d4
reloadAllAccessors: .BouncingBallWithoutGR

===========================================================================================
----------------- testing Wed Dec 04 06:18:08 UTC 2019 /home/travis/build/icyphy/ptII/ptolemy/domains/continuous/test/auto/Brownian.xml
----------------- Instantiating /home/travis/build/icyphy/ptII/ptolemy/domains/continuous/test/auto/Brownian.xml
47 ms. Memory: 145408K Free: 53374K (37%)
----------------- Invoking toplevel() on ptolemy.moml.MoMLSimpleApplication@307a6659
----------------- Done invoking toplevel() on ptolemy.moml.MoMLSimpleApplication@307a6659
reloadAllAccessors: .Brownian

===========================================================================================
----------------- testing Wed Dec 04 06:18:08 UTC 2019 /home/travis/build/icyphy/ptII/ptolemy/domains/continuous/test/auto/CarTracking.xml
----------------- Instantiating /home/travis/build/icyphy/ptII/ptolemy/domains/continuous/test/auto/CarTracking.xml
4054 ms. Memory: 224256K Free: 168201K (75%)
----------------- Invoking toplevel() on ptolemy.moml.MoMLSimpleApplication@5e25936
----------------- Done invoking toplevel() on ptolemy.moml.MoMLSimpleApplication@5e25936
reloadAllAccessors: .CarTracking

===========================================================================================
----------------- testing Wed Dec 04 06:18:13 UTC 2019 /home/travis/build/icyphy/ptII/ptolemy/domains/continuous/test/auto/CartPendulum.xml
----------------- Instantiating /home/travis/build/icyphy/ptII/ptolemy/domains/continuous/test/auto/CartPendulum.xml
450 ms. Memory: 224256K Free: 205810K (92%)
----------------- Invoking toplevel() on ptolemy.moml.MoMLSimpleApplication@493a6bd0
----------------- Done invoking toplevel() on ptolemy.moml.MoMLSimpleApplication@493a6bd0
reloadAllAccessors: .CartPendulum

===========================================================================================
----------------- testing Wed Dec 04 06:18:13 UTC 2019 /home/travis/build/icyphy/ptII/ptolemy/domains/continuous/test/auto/CausalityInterface10.xml
----------------- Instantiating /home/travis/build/icyphy/ptII/ptolemy/domains/continuous/test/auto/CausalityInterface10.xml
11 ms. Memory: 224256K Free: 195056K (87%)
----------------- Invoking toplevel() on ptolemy.moml.MoMLSimpleApplication@47d109b7
----------------- Done invoking toplevel() on ptolemy.moml.MoMLSimpleApplication@47d109b7
reloadAllAccessors: .CausalityInterface10

===========================================================================================
----------------- testing Wed Dec 04 06:18:13 UTC 2019 /home/travis/build/icyphy/ptII/ptolemy/domains/continuous/test/auto/CausalityInterface11.xml
----------------- Instantiating /home/travis/build/icyphy/ptII/ptolemy/domains/continuous/test/auto/CausalityInterface11.xml
4 ms. Memory: 224256K Free: 188898K (84%)
----------------- Invoking toplevel() on ptolemy.moml.MoMLSimpleApplication@3f31b77b
----------------- Done invoking toplevel() on ptolemy.moml.MoMLSimpleApplication@3f31b77b
reloadAllAccessors: .CausalityInterface11

===========================================================================================
----------------- testing Wed Dec 04 06:18:13 UTC 2019 /home/travis/build/icyphy/ptII/ptolemy/domains/continuous/test/auto/CausalityInterface12.xml
----------------- Instantiating /home/travis/build/icyphy/ptII/ptolemy/domains/continuous/test/auto/CausalityInterface12.xml
4 ms. Memory: 224256K Free: 182738K (81%)
----------------- Invoking toplevel() on ptolemy.moml.MoMLSimpleApplication@5e5f366d
----------------- Done invoking toplevel() on ptolemy.moml.MoMLSimpleApplication@5e5f366d
reloadAllAccessors: .CausalityInterface12

===========================================================================================
----------------- testing Wed Dec 04 06:18:13 UTC 2019 /home/travis/build/icyphy/ptII/ptolemy/domains/continuous/test/auto/CausalityInterface13.xml
----------------- Instantiating /home/travis/build/icyphy/ptII/ptolemy/domains/continuous/test/auto/CausalityInterface13.xml
7 ms. Memory: 224256K Free: 176594K (79%)
----------------- Invoking toplevel() on ptolemy.moml.MoMLSimpleApplication@79146a4b
----------------- Done invoking toplevel() on ptolemy.moml.MoMLSimpleApplication@79146a4b
reloadAllAccessors: .CausalityInterface13

===========================================================================================
----------------- testing Wed Dec 04 06:18:13 UTC 2019 /home/travis/build/icyphy/ptII/ptolemy/domains/continuous/test/auto/CausalityInterface14.xml
----------------- Instantiating /home/travis/build/icyphy/ptII/ptolemy/domains/continuous/test/auto/CausalityInterface14.xml
4 ms. Memory: 224256K Free: 170994K (76%)
----------------- Invoking toplevel() on ptolemy.moml.MoMLSimpleApplication@3bcf09fb
----------------- Done invoking toplevel() on ptolemy.moml.MoMLSimpleApplication@3bcf09fb
reloadAllAccessors: .CausalityInterface14

===========================================================================================
----------------- testing Wed Dec 04 06:18:13 UTC 2019 /home/travis/build/icyphy/ptII/ptolemy/domains/continuous/test/auto/CausalityInterface4.xml
----------------- Instantiating /home/travis/build/icyphy/ptII/ptolemy/domains/continuous/test/auto/CausalityInterface4.xml
4 ms. Memory: 224256K Free: 163826K (73%)
----------------- Invoking toplevel() on ptolemy.moml.MoMLSimpleApplication@30966b66
----------------- Done invoking toplevel() on ptolemy.moml.MoMLSimpleApplication@30966b66
reloadAllAccessors: .CausalityInterface4

===========================================================================================
----------------- testing Wed Dec 04 06:18:13 UTC 2019 /home/travis/build/icyphy/ptII/ptolemy/domains/continuous/test/auto/CausalityInterface5.xml
----------------- Instantiating /home/travis/build/icyphy/ptII/ptolemy/domains/continuous/test/auto/CausalityInterface5.xml
7 ms. Memory: 224256K Free: 155634K (69%)
----------------- Invoking toplevel() on ptolemy.moml.MoMLSimpleApplication@11b58c35
----------------- Done invoking toplevel() on ptolemy.moml.MoMLSimpleApplication@11b58c35
reloadAllAccessors: .CausalityInterface5

===========================================================================================
----------------- testing Wed Dec 04 06:18:13 UTC 2019 /home/travis/build/icyphy/ptII/ptolemy/domains/continuous/test/auto/CausalityInterface6.xml
----------------- Instantiating /home/travis/build/icyphy/ptII/ptolemy/domains/continuous/test/auto/CausalityInterface6.xml
6 ms. Memory: 224256K Free: 149986K (67%)
----------------- Invoking toplevel() on ptolemy.moml.MoMLSimpleApplication@2a09d5d1
----------------- Done invoking toplevel() on ptolemy.moml.MoMLSimpleApplication@2a09d5d1
reloadAllAccessors: .CausalityInterface6

===========================================================================================
----------------- testing Wed Dec 04 06:18:14 UTC 2019 /home/travis/build/icyphy/ptII/ptolemy/domains/continuous/test/auto/CausalityInterface7.xml
----------------- Instantiating /home/travis/build/icyphy/ptII/ptolemy/domains/continuous/test/auto/CausalityInterface7.xml
6 ms. Memory: 224256K Free: 141808K (63%)
----------------- Invoking toplevel() on ptolemy.moml.MoMLSimpleApplication@6ca1c1a3
----------------- Done invoking toplevel() on ptolemy.moml.MoMLSimpleApplication@6ca1c1a3
reloadAllAccessors: .CausalityInterface7

===========================================================================================
----------------- testing Wed Dec 04 06:18:14 UTC 2019 /home/travis/build/icyphy/ptII/ptolemy/domains/continuous/test/auto/CausalityInterface8.xml
----------------- Instantiating /home/travis/build/icyphy/ptII/ptolemy/domains/continuous/test/auto/CausalityInterface8.xml
8 ms. Memory: 224256K Free: 132592K (59%)
----------------- Invoking toplevel() on ptolemy.moml.MoMLSimpleApplication@733a917c
----------------- Done invoking toplevel() on ptolemy.moml.MoMLSimpleApplication@733a917c
reloadAllAccessors: .CausalityInterface8

===========================================================================================
----------------- testing Wed Dec 04 06:18:14 UTC 2019 /home/travis/build/icyphy/ptII/ptolemy/domains/continuous/test/auto/CausalityInterface9.xml
----------------- Instantiating /home/travis/build/icyphy/ptII/ptolemy/domains/continuous/test/auto/CausalityInterface9.xml
5 ms. Memory: 224256K Free: 121842K (54%)
----------------- Invoking toplevel() on ptolemy.moml.MoMLSimpleApplication@7538d8f6
----------------- Done invoking toplevel() on ptolemy.moml.MoMLSimpleApplication@7538d8f6
reloadAllAccessors: .CausalityInterface9

===========================================================================================
----------------- testing Wed Dec 04 06:18:14 UTC 2019 /home/travis/build/icyphy/ptII/ptolemy/domains/continuous/test/auto/CausalityInterfaceFeedback1.xml
----------------- Instantiating /home/travis/build/icyphy/ptII/ptolemy/domains/continuous/test/auto/CausalityInterfaceFeedback1.xml
3 ms. Memory: 224256K Free: 115170K (51%)
----------------- Invoking toplevel() on ptolemy.moml.MoMLSimpleApplication@7c83303
----------------- Done invoking toplevel() on ptolemy.moml.MoMLSimpleApplication@7c83303
reloadAllAccessors: .CausalityInterfaceFeedback1

===========================================================================================
----------------- testing Wed Dec 04 06:18:14 UTC 2019 /home/travis/build/icyphy/ptII/ptolemy/domains/continuous/test/auto/CausalityInterfaceFeedback2.xml
----------------- Instantiating /home/travis/build/icyphy/ptII/ptolemy/domains/continuous/test/auto/CausalityInterfaceFeedback2.xml
11 ms. Memory: 224256K Free: 108530K (48%)
----------------- Invoking toplevel() on ptolemy.moml.MoMLSimpleApplication@2b87af13
----------------- Done invoking toplevel() on ptolemy.moml.MoMLSimpleApplication@2b87af13
reloadAllAccessors: .CausalityInterfaceFeedback2

===========================================================================================
----------------- testing Wed Dec 04 06:18:14 UTC 2019 /home/travis/build/icyphy/ptII/ptolemy/domains/continuous/test/auto/CompareWithCurrentTime.xml
----------------- Instantiating /home/travis/build/icyphy/ptII/ptolemy/domains/continuous/test/auto/CompareWithCurrentTime.xml
4 ms. Memory: 224256K Free: 104434K (47%)
----------------- Invoking toplevel() on ptolemy.moml.MoMLSimpleApplication@30ae00a1
----------------- Done invoking toplevel() on ptolemy.moml.MoMLSimpleApplication@30ae00a1
reloadAllAccessors: .CompareWithCurrentTime

===========================================================================================
----------------- testing Wed Dec 04 06:18:14 UTC 2019 /home/travis/build/icyphy/ptII/ptolemy/domains/continuous/test/auto/ComparedClocks.xml
----------------- Instantiating /home/travis/build/icyphy/ptII/ptolemy/domains/continuous/test/auto/ComparedClocks.xml
10 ms. Memory: 224256K Free: 89074K (40%)
----------------- Invoking toplevel() on ptolemy.moml.MoMLSimpleApplication@77189316
----------------- Done invoking toplevel() on ptolemy.moml.MoMLSimpleApplication@77189316
reloadAllAccessors: .ComparedClocks

===========================================================================================
----------------- testing Wed Dec 04 06:18:14 UTC 2019 /home/travis/build/icyphy/ptII/ptolemy/domains/continuous/test/auto/ContinuousAOCClone.xml
----------------- Instantiating /home/travis/build/icyphy/ptII/ptolemy/domains/continuous/test/auto/ContinuousAOCClone.xml
2733 ms. Memory: 224256K Free: 90836K (41%)
----------------- Invoking toplevel() on ptolemy.moml.MoMLSimpleApplication@e1b1cb3
----------------- Done invoking toplevel() on ptolemy.moml.MoMLSimpleApplication@e1b1cb3
reloadAllAccessors: .ContinuousAOCClone

===========================================================================================
----------------- testing Wed Dec 04 06:18:17 UTC 2019 /home/travis/build/icyphy/ptII/ptolemy/domains/continuous/test/auto/ContinuousClock.xml
----------------- Instantiating /home/travis/build/icyphy/ptII/ptolemy/domains/continuous/test/auto/ContinuousClock.xml
37 ms. Memory: 224256K Free: 201533K (90%)
----------------- Invoking toplevel() on ptolemy.moml.MoMLSimpleApplication@7d0cac2c
----------------- Done invoking toplevel() on ptolemy.moml.MoMLSimpleApplication@7d0cac2c
reloadAllAccessors: .ContinuousClock

===========================================================================================
----------------- testing Wed Dec 04 06:18:17 UTC 2019 /home/travis/build/icyphy/ptII/ptolemy/domains/continuous/test/auto/ContinuousInContinuous.xml
----------------- Instantiating /home/travis/build/icyphy/ptII/ptolemy/domains/continuous/test/auto/ContinuousInContinuous.xml
42 ms. Memory: 224256K Free: 177252K (79%)
----------------- Invoking toplevel() on ptolemy.moml.MoMLSimpleApplication@4722b4bc
----------------- Done invoking toplevel() on ptolemy.moml.MoMLSimpleApplication@4722b4bc
reloadAllAccessors: .ContinuousInContinuous

===========================================================================================
----------------- testing Wed Dec 04 06:18:17 UTC 2019 /home/travis/build/icyphy/ptII/ptolemy/domains/continuous/test/auto/ContinuousInContinuousInContinuous.xml
----------------- Instantiating /home/travis/build/icyphy/ptII/ptolemy/domains/continuous/test/auto/ContinuousInContinuousInContinuous.xml
7 ms. Memory: 224256K Free: 170084K (76%)
----------------- Invoking toplevel() on ptolemy.moml.MoMLSimpleApplication@61f38649
----------------- Done invoking toplevel() on ptolemy.moml.MoMLSimpleApplication@61f38649
reloadAllAccessors: .ContinuousInContinuousInContinuous

===========================================================================================
----------------- testing Wed Dec 04 06:18:17 UTC 2019 /home/travis/build/icyphy/ptII/ptolemy/domains/continuous/test/auto/ContinuousInDE.xml
----------------- Instantiating /home/travis/build/icyphy/ptII/ptolemy/domains/continuous/test/auto/ContinuousInDE.xml
97 ms. Memory: 224256K Free: 159330K (71%)
----------------- Invoking toplevel() on ptolemy.moml.MoMLSimpleApplication@62516006
----------------- Done invoking toplevel() on ptolemy.moml.MoMLSimpleApplication@62516006
reloadAllAccessors: .ContinuousInDE

===========================================================================================
----------------- testing Wed Dec 04 06:18:17 UTC 2019 /home/travis/build/icyphy/ptII/ptolemy/domains/continuous/test/auto/ContinuousInDE2.xml
----------------- Instantiating /home/travis/build/icyphy/ptII/ptolemy/domains/continuous/test/auto/ContinuousInDE2.xml
43 ms. Memory: 224256K Free: 149604K (67%)
----------------- Invoking toplevel() on ptolemy.moml.MoMLSimpleApplication@5320522e
----------------- Done invoking toplevel() on ptolemy.moml.MoMLSimpleApplication@5320522e
reloadAllAccessors: .ContinuousInDE2

===========================================================================================
----------------- testing Wed Dec 04 06:18:17 UTC 2019 /home/travis/build/icyphy/ptII/ptolemy/domains/continuous/test/auto/ContinuousInDE3.xml
----------------- Instantiating /home/travis/build/icyphy/ptII/ptolemy/domains/continuous/test/auto/ContinuousInDE3.xml
39 ms. Memory: 224256K Free: 139874K (62%)
----------------- Invoking toplevel() on ptolemy.moml.MoMLSimpleApplication@1cc726cb
----------------- Done invoking toplevel() on ptolemy.moml.MoMLSimpleApplication@1cc726cb
reloadAllAccessors: .ContinuousInDE3

===========================================================================================
----------------- testing Wed Dec 04 06:18:17 UTC 2019 /home/travis/build/icyphy/ptII/ptolemy/domains/continuous/test/auto/ContinuousInDE4.xml
----------------- Instantiating /home/travis/build/icyphy/ptII/ptolemy/domains/continuous/test/auto/ContinuousInDE4.xml
17 ms. Memory: 224256K Free: 133730K (60%)
----------------- Invoking toplevel() on ptolemy.moml.MoMLSimpleApplication@62e600e7
----------------- Done invoking toplevel() on ptolemy.moml.MoMLSimpleApplication@62e600e7
reloadAllAccessors: .ContinuousInDE4

===========================================================================================
----------------- testing Wed Dec 04 06:18:17 UTC 2019 /home/travis/build/icyphy/ptII/ptolemy/domains/continuous/test/auto/ContinuousInDEDifferentRefinements.xml
----------------- Instantiating /home/travis/build/icyphy/ptII/ptolemy/domains/continuous/test/auto/ContinuousInDEDifferentRefinements.xml
54 ms. Memory: 224256K Free: 102500K (46%)
----------------- Invoking toplevel() on ptolemy.moml.MoMLSimpleApplication@672bb09f
----------------- Done invoking toplevel() on ptolemy.moml.MoMLSimpleApplication@672bb09f
reloadAllAccessors: .ContinuousInDEDifferentRefinements

===========================================================================================
----------------- testing Wed Dec 04 06:18:18 UTC 2019 /home/travis/build/icyphy/ptII/ptolemy/domains/continuous/test/auto/ContinuousInDEDifferentRefinementsPreemptive.xml
----------------- Instantiating /home/travis/build/icyphy/ptII/ptolemy/domains/continuous/test/auto/ContinuousInDEDifferentRefinementsPreemptive.xml
50 ms. Memory: 224256K Free: 205136K (91%)
----------------- Invoking toplevel() on ptolemy.moml.MoMLSimpleApplication@3000ec5c
----------------- Done invoking toplevel() on ptolemy.moml.MoMLSimpleApplication@3000ec5c
reloadAllAccessors: .ContinuousInDEDifferentRefinementsPreemptive

===========================================================================================
----------------- testing Wed Dec 04 06:18:18 UTC 2019 /home/travis/build/icyphy/ptII/ptolemy/domains/continuous/test/auto/ContinuousInDEInContinuous2.xml
----------------- Instantiating /home/travis/build/icyphy/ptII/ptolemy/domains/continuous/test/auto/ContinuousInDEInContinuous2.xml
46 ms. Memory: 224256K Free: 193115K (86%)
----------------- Invoking toplevel() on ptolemy.moml.MoMLSimpleApplication@1894ab59
----------------- Done invoking toplevel() on ptolemy.moml.MoMLSimpleApplication@1894ab59
reloadAllAccessors: .ContinuousInDEInContinuous2

===========================================================================================
----------------- testing Wed Dec 04 06:18:18 UTC 2019 /home/travis/build/icyphy/ptII/ptolemy/domains/continuous/test/auto/ContinuousInDEInContinuous3.xml
----------------- Instantiating /home/travis/build/icyphy/ptII/ptolemy/domains/continuous/test/auto/ContinuousInDEInContinuous3.xml
36 ms. Memory: 224256K Free: 181341K (81%)
----------------- Invoking toplevel() on ptolemy.moml.MoMLSimpleApplication@11fdbf9d
----------------- Done invoking toplevel() on ptolemy.moml.MoMLSimpleApplication@11fdbf9d
reloadAllAccessors: .ContinuousInDEInContinuous3

===========================================================================================
----------------- testing Wed Dec 04 06:18:18 UTC 2019 /home/travis/build/icyphy/ptII/ptolemy/domains/continuous/test/auto/ContinuousInDEInput.xml
----------------- Instantiating /home/travis/build/icyphy/ptII/ptolemy/domains/continuous/test/auto/ContinuousInDEInput.xml
18 ms. Memory: 224256K Free: 174173K (78%)
----------------- Invoking toplevel() on ptolemy.moml.MoMLSimpleApplication@7960a033
----------------- Done invoking toplevel() on ptolemy.moml.MoMLSimpleApplication@7960a033
reloadAllAccessors: .ContinuousInDEInput

===========================================================================================
----------------- testing Wed Dec 04 06:18:18 UTC 2019 /home/travis/build/icyphy/ptII/ptolemy/domains/continuous/test/auto/ContinuousInDEInput2.xml
----------------- Instantiating /home/travis/build/icyphy/ptII/ptolemy/domains/continuous/test/auto/ContinuousInDEInput2.xml
16 ms. Memory: 224256K Free: 167005K (74%)
----------------- Invoking toplevel() on ptolemy.moml.MoMLSimpleApplication@427191d
----------------- Done invoking toplevel() on ptolemy.moml.MoMLSimpleApplication@427191d
reloadAllAccessors: .ContinuousInDEInput2

===========================================================================================
----------------- testing Wed Dec 04 06:18:18 UTC 2019 /home/travis/build/icyphy/ptII/ptolemy/domains/continuous/test/auto/ContinuousInDEInput3.xml
----------------- Instantiating /home/travis/build/icyphy/ptII/ptolemy/domains/continuous/test/auto/ContinuousInDEInput3.xml
16 ms. Memory: 224256K Free: 159837K (71%)
----------------- Invoking toplevel() on ptolemy.moml.MoMLSimpleApplication@436081c7
----------------- Done invoking toplevel() on ptolemy.moml.MoMLSimpleApplication@436081c7
reloadAllAccessors: .ContinuousInDEInput3

===========================================================================================
----------------- testing Wed Dec 04 06:18:18 UTC 2019 /home/travis/build/icyphy/ptII/ptolemy/domains/continuous/test/auto/ContinuousInDESharingRefinement.xml
----------------- Instantiating /home/travis/build/icyphy/ptII/ptolemy/domains/continuous/test/auto/ContinuousInDESharingRefinement.xml
158 ms. Memory: 224256K Free: 198540K (89%)
----------------- Invoking toplevel() on ptolemy.moml.MoMLSimpleApplication@51504b45
----------------- Done invoking toplevel() on ptolemy.moml.MoMLSimpleApplication@51504b45
reloadAllAccessors: .ContinuousInDESharingRefinement

===========================================================================================
----------------- testing Wed Dec 04 06:18:18 UTC 2019 /home/travis/build/icyphy/ptII/ptolemy/domains/continuous/test/auto/ContinuousInDEwithNoPorts.xml
----------------- Instantiating /home/travis/build/icyphy/ptII/ptolemy/domains/continuous/test/auto/ContinuousInDEwithNoPorts.xml
5 ms. Memory: 224256K Free: 193934K (86%)
----------------- Invoking toplevel() on ptolemy.moml.MoMLSimpleApplication@26732af2
----------------- Done invoking toplevel() on ptolemy.moml.MoMLSimpleApplication@26732af2
reloadAllAccessors: .ContinuousInDEwithNoPorts

===========================================================================================
----------------- testing Wed Dec 04 06:18:18 UTC 2019 /home/travis/build/icyphy/ptII/ptolemy/domains/continuous/test/auto/ContinuousInsideDE.xml
----------------- Instantiating /home/travis/build/icyphy/ptII/ptolemy/domains/continuous/test/auto/ContinuousInsideDE.xml
42 ms. Memory: 224256K Free: 182670K (81%)
----------------- Invoking toplevel() on ptolemy.moml.MoMLSimpleApplication@3b31dd4b
----------------- Done invoking toplevel() on ptolemy.moml.MoMLSimpleApplication@3b31dd4b
reloadAllAccessors: .ContinuousInsideDE

===========================================================================================
----------------- testing Wed Dec 04 06:18:18 UTC 2019 /home/travis/build/icyphy/ptII/ptolemy/domains/continuous/test/auto/ContinuousMerge1.xml
----------------- Instantiating /home/travis/build/icyphy/ptII/ptolemy/domains/continuous/test/auto/ContinuousMerge1.xml
3 ms. Memory: 224256K Free: 178030K (79%)
----------------- Invoking toplevel() on ptolemy.moml.MoMLSimpleApplication@f748768
----------------- Done invoking toplevel() on ptolemy.moml.MoMLSimpleApplication@f748768
reloadAllAccessors: .ContinuousMerge1

===========================================================================================
----------------- testing Wed Dec 04 06:18:18 UTC 2019 /home/travis/build/icyphy/ptII/ptolemy/domains/continuous/test/auto/ContinuousMerge2.xml
----------------- Instantiating /home/travis/build/icyphy/ptII/ptolemy/domains/continuous/test/auto/ContinuousMerge2.xml
14 ms. Memory: 224256K Free: 167820K (75%)
----------------- Invoking toplevel() on ptolemy.moml.MoMLSimpleApplication@1d88cc5d
----------------- Done invoking toplevel() on ptolemy.moml.MoMLSimpleApplication@1d88cc5d
reloadAllAccessors: .ContinuousMerge2

===========================================================================================
----------------- testing Wed Dec 04 06:18:18 UTC 2019 /home/travis/build/icyphy/ptII/ptolemy/domains/continuous/test/auto/ContinuousMerge3.xml
----------------- Instantiating /home/travis/build/icyphy/ptII/ptolemy/domains/continuous/test/auto/ContinuousMerge3.xml
45 ms. Memory: 224256K Free: 156556K (70%)
----------------- Invoking toplevel() on ptolemy.moml.MoMLSimpleApplication@1f279b00
----------------- Done invoking toplevel() on ptolemy.moml.MoMLSimpleApplication@1f279b00
reloadAllAccessors: .ContinuousMerge3

===========================================================================================
----------------- testing Wed Dec 04 06:18:18 UTC 2019 /home/travis/build/icyphy/ptII/ptolemy/domains/continuous/test/auto/ContinuousWithinContinuous.xml
----------------- Instantiating /home/travis/build/icyphy/ptII/ptolemy/domains/continuous/test/auto/ContinuousWithinContinuous.xml
37 ms. Memory: 224256K Free: 147340K (66%)
----------------- Invoking toplevel() on ptolemy.moml.MoMLSimpleApplication@13321eee
----------------- Done invoking toplevel() on ptolemy.moml.MoMLSimpleApplication@13321eee
reloadAllAccessors: .ContinuousWithinContinuous

===========================================================================================
----------------- testing Wed Dec 04 06:18:18 UTC 2019 /home/travis/build/icyphy/ptII/ptolemy/domains/continuous/test/auto/ContinuousWithinContinuous2.xml
----------------- Instantiating /home/travis/build/icyphy/ptII/ptolemy/domains/continuous/test/auto/ContinuousWithinContinuous2.xml
72 ms. Memory: 224256K Free: 136590K (61%)
----------------- Invoking toplevel() on ptolemy.moml.MoMLSimpleApplication@10c72b74
----------------- Done invoking toplevel() on ptolemy.moml.MoMLSimpleApplication@10c72b74
reloadAllAccessors: .ContinuousWithinContinuous2

===========================================================================================
----------------- testing Wed Dec 04 06:18:19 UTC 2019 /home/travis/build/icyphy/ptII/ptolemy/domains/continuous/test/auto/ContinuousWithinContinuous3.xml
----------------- Instantiating /home/travis/build/icyphy/ptII/ptolemy/domains/continuous/test/auto/ContinuousWithinContinuous3.xml
16 ms. Memory: 224256K Free: 129932K (58%)
----------------- Invoking toplevel() on ptolemy.moml.MoMLSimpleApplication@3454e7cd
----------------- Done invoking toplevel() on ptolemy.moml.MoMLSimpleApplication@3454e7cd
reloadAllAccessors: .ContinuousWithinContinuous3

===========================================================================================
----------------- testing Wed Dec 04 06:18:19 UTC 2019 /home/travis/build/icyphy/ptII/ptolemy/domains/continuous/test/auto/ContinuousWithinContinuous4.xml
----------------- Instantiating /home/travis/build/icyphy/ptII/ptolemy/domains/continuous/test/auto/ContinuousWithinContinuous4.xml
76 ms. Memory: 224256K Free: 117644K (52%)
----------------- Invoking toplevel() on ptolemy.moml.MoMLSimpleApplication@6ebc335b
----------------- Done invoking toplevel() on ptolemy.moml.MoMLSimpleApplication@6ebc335b
reloadAllAccessors: .ContinuousWithinContinuous4

===========================================================================================
----------------- testing Wed Dec 04 06:18:19 UTC 2019 /home/travis/build/icyphy/ptII/ptolemy/domains/continuous/test/auto/ContinuousWithinContinuous5.xml
----------------- Instantiating /home/travis/build/icyphy/ptII/ptolemy/domains/continuous/test/auto/ContinuousWithinContinuous5.xml
16 ms. Memory: 224256K Free: 110476K (49%)
----------------- Invoking toplevel() on ptolemy.moml.MoMLSimpleApplication@4eee6b6b
----------------- Done invoking toplevel() on ptolemy.moml.MoMLSimpleApplication@4eee6b6b
reloadAllAccessors: .ContinuousWithinContinuous5

===========================================================================================
----------------- testing Wed Dec 04 06:18:19 UTC 2019 /home/travis/build/icyphy/ptII/ptolemy/domains/continuous/test/auto/ContinuousWithinContinuous6.xml
----------------- Instantiating /home/travis/build/icyphy/ptII/ptolemy/domains/continuous/test/auto/ContinuousWithinContinuous6.xml
15 ms. Memory: 224256K Free: 103308K (46%)
----------------- Invoking toplevel() on ptolemy.moml.MoMLSimpleApplication@6fdb643
----------------- Done invoking toplevel() on ptolemy.moml.MoMLSimpleApplication@6fdb643
reloadAllAccessors: .ContinuousWithinContinuous6

===========================================================================================
----------------- testing Wed Dec 04 06:18:19 UTC 2019 /home/travis/build/icyphy/ptII/ptolemy/domains/continuous/test/auto/ContinuousWithinContinuous7.xml
----------------- Instantiating /home/travis/build/icyphy/ptII/ptolemy/domains/continuous/test/auto/ContinuousWithinContinuous7.xml
81 ms. Memory: 224256K Free: 92558K (41%)
----------------- Invoking toplevel() on ptolemy.moml.MoMLSimpleApplication@724e194d
----------------- Done invoking toplevel() on ptolemy.moml.MoMLSimpleApplication@724e194d
reloadAllAccessors: .ContinuousWithinContinuous7

===========================================================================================
----------------- testing Wed Dec 04 06:18:19 UTC 2019 /home/travis/build/icyphy/ptII/ptolemy/domains/continuous/test/auto/DCMotor.xml
----------------- Instantiating /home/travis/build/icyphy/ptII/ptolemy/domains/continuous/test/auto/DCMotor.xml
15523 ms. Memory: 269312K Free: 181072K (67%)
----------------- Invoking toplevel() on ptolemy.moml.MoMLSimpleApplication@28de8285
----------------- Done invoking toplevel() on ptolemy.moml.MoMLSimpleApplication@28de8285
reloadAllAccessors: .DCMotor

===========================================================================================
----------------- testing Wed Dec 04 06:18:35 UTC 2019 /home/travis/build/icyphy/ptII/ptolemy/domains/continuous/test/auto/DEInContinuous.xml
----------------- Instantiating /home/travis/build/icyphy/ptII/ptolemy/domains/continuous/test/auto/DEInContinuous.xml
21 ms. Memory: 269312K Free: 174928K (65%)
----------------- Invoking toplevel() on ptolemy.moml.MoMLSimpleApplication@61754c98
----------------- Done invoking toplevel() on ptolemy.moml.MoMLSimpleApplication@61754c98
reloadAllAccessors: .DEInContinuous

===========================================================================================
----------------- testing Wed Dec 04 06:18:35 UTC 2019 /home/travis/build/icyphy/ptII/ptolemy/domains/continuous/test/auto/DEinContinuous2.xml
----------------- Instantiating /home/travis/build/icyphy/ptII/ptolemy/domains/continuous/test/auto/DEinContinuous2.xml
10 ms. Memory: 269312K Free: 166736K (62%)
----------------- Invoking toplevel() on ptolemy.moml.MoMLSimpleApplication@fba6499
----------------- Done invoking toplevel() on ptolemy.moml.MoMLSimpleApplication@fba6499
reloadAllAccessors: .DEinContinuous2

===========================================================================================
----------------- testing Wed Dec 04 06:18:35 UTC 2019 /home/travis/build/icyphy/ptII/ptolemy/domains/continuous/test/auto/Derivative.xml
----------------- Instantiating /home/travis/build/icyphy/ptII/ptolemy/domains/continuous/test/auto/Derivative.xml
153 ms. Memory: 269312K Free: 136526K (51%)
----------------- Invoking toplevel() on ptolemy.moml.MoMLSimpleApplication@157276b3
----------------- Done invoking toplevel() on ptolemy.moml.MoMLSimpleApplication@157276b3
reloadAllAccessors: .Derivative2

===========================================================================================
----------------- testing Wed Dec 04 06:18:35 UTC 2019 /home/travis/build/icyphy/ptII/ptolemy/domains/continuous/test/auto/Derivative1.xml
----------------- Instantiating /home/travis/build/icyphy/ptII/ptolemy/domains/continuous/test/auto/Derivative1.xml
32 ms. Memory: 269312K Free: 122190K (45%)
----------------- Invoking toplevel() on ptolemy.moml.MoMLSimpleApplication@11cf0817
----------------- Done invoking toplevel() on ptolemy.moml.MoMLSimpleApplication@11cf0817
reloadAllAccessors: .Derivative1

===========================================================================================
----------------- testing Wed Dec 04 06:18:35 UTC 2019 /home/travis/build/icyphy/ptII/ptolemy/domains/continuous/test/auto/DiscreteClock.xml
----------------- Instantiating /home/travis/build/icyphy/ptII/ptolemy/domains/continuous/test/auto/DiscreteClock.xml
8 ms. Memory: 269312K Free: 117070K (43%)
----------------- Invoking toplevel() on ptolemy.moml.MoMLSimpleApplication@28aef692
----------------- Done invoking toplevel() on ptolemy.moml.MoMLSimpleApplication@28aef692
reloadAllAccessors: .DiscreteClock

===========================================================================================
----------------- testing Wed Dec 04 06:18:35 UTC 2019 /home/travis/build/icyphy/ptII/ptolemy/domains/continuous/test/auto/EfficiencyCurve.xml
----------------- Instantiating /home/travis/build/icyphy/ptII/ptolemy/domains/continuous/test/auto/EfficiencyCurve.xml
65 ms. Memory: 269312K Free: 107854K (40%)
----------------- Invoking toplevel() on ptolemy.moml.MoMLSimpleApplication@c4d9e2
----------------- Done invoking toplevel() on ptolemy.moml.MoMLSimpleApplication@c4d9e2
reloadAllAccessors: .EfficiencyCurve

===========================================================================================
----------------- testing Wed Dec 04 06:18:35 UTC 2019 /home/travis/build/icyphy/ptII/ptolemy/domains/continuous/test/auto/ExponentialResponse.xml
----------------- Instantiating /home/travis/build/icyphy/ptII/ptolemy/domains/continuous/test/auto/ExponentialResponse.xml
121 ms. Memory: 269312K Free: 252221K (94%)
----------------- Invoking toplevel() on ptolemy.moml.MoMLSimpleApplication@582d5be1
----------------- Done invoking toplevel() on ptolemy.moml.MoMLSimpleApplication@582d5be1
reloadAllAccessors: .ExponentialResponse

===========================================================================================
----------------- testing Wed Dec 04 06:18:35 UTC 2019 /home/travis/build/icyphy/ptII/ptolemy/domains/continuous/test/auto/ExponentialResponseRK45.xml
----------------- Instantiating /home/travis/build/icyphy/ptII/ptolemy/domains/continuous/test/auto/ExponentialResponseRK45.xml
27 ms. Memory: 269312K Free: 245408K (91%)
----------------- Invoking toplevel() on ptolemy.moml.MoMLSimpleApplication@233f0f84
----------------- Done invoking toplevel() on ptolemy.moml.MoMLSimpleApplication@233f0f84
reloadAllAccessors: .ExponentialResponseRK45

===========================================================================================
----------------- testing Wed Dec 04 06:18:35 UTC 2019 /home/travis/build/icyphy/ptII/ptolemy/domains/continuous/test/auto/Friction.xml
----------------- Instantiating /home/travis/build/icyphy/ptII/ptolemy/domains/continuous/test/auto/Friction.xml
1623 ms. Memory: 269312K Free: 136739K (51%)
----------------- Invoking toplevel() on ptolemy.moml.MoMLSimpleApplication@4fca438d
----------------- Done invoking toplevel() on ptolemy.moml.MoMLSimpleApplication@4fca438d
reloadAllAccessors: .Friction

===========================================================================================
----------------- testing Wed Dec 04 06:18:37 UTC 2019 /home/travis/build/icyphy/ptII/ptolemy/domains/continuous/test/auto/FurutaPendulum.xml
----------------- Instantiating /home/travis/build/icyphy/ptII/ptolemy/domains/continuous/test/auto/FurutaPendulum.xml
3454 ms. Memory: 269312K Free: 119042K (44%)
----------------- Invoking toplevel() on ptolemy.moml.MoMLSimpleApplication@7915ae66
----------------- Done invoking toplevel() on ptolemy.moml.MoMLSimpleApplication@7915ae66
reloadAllAccessors: .FurutaPendulum

===========================================================================================
----------------- testing Wed Dec 04 06:18:41 UTC 2019 /home/travis/build/icyphy/ptII/ptolemy/domains/continuous/test/auto/HierarchicalExecution.xml
----------------- Instantiating /home/travis/build/icyphy/ptII/ptolemy/domains/continuous/test/auto/HierarchicalExecution.xml
1901 ms. Memory: 269312K Free: 141774K (53%)
----------------- Invoking toplevel() on ptolemy.moml.MoMLSimpleApplication@47110499
----------------- Done invoking toplevel() on ptolemy.moml.MoMLSimpleApplication@47110499
reloadAllAccessors: .HierarchicalExecution

===========================================================================================
----------------- testing Wed Dec 04 06:18:43 UTC 2019 /home/travis/build/icyphy/ptII/ptolemy/domains/continuous/test/auto/HybridPlant.xml
----------------- Instantiating /home/travis/build/icyphy/ptII/ptolemy/domains/continuous/test/auto/HybridPlant.xml
582 ms. Memory: 323584K Free: 282755K (87%)
----------------- Invoking toplevel() on ptolemy.moml.MoMLSimpleApplication@4146abe1
----------------- Done invoking toplevel() on ptolemy.moml.MoMLSimpleApplication@4146abe1
reloadAllAccessors: .HybridPlant

===========================================================================================
----------------- testing Wed Dec 04 06:18:43 UTC 2019 /home/travis/build/icyphy/ptII/ptolemy/domains/continuous/test/auto/Hysteresis.xml
----------------- Instantiating /home/travis/build/icyphy/ptII/ptolemy/domains/continuous/test/auto/Hysteresis.xml
146 ms. Memory: 323584K Free: 219787K (68%)
----------------- Invoking toplevel() on ptolemy.moml.MoMLSimpleApplication@7ff3fb7a
----------------- Done invoking toplevel() on ptolemy.moml.MoMLSimpleApplication@7ff3fb7a
reloadAllAccessors: .Hysteresis

===========================================================================================
----------------- testing Wed Dec 04 06:18:44 UTC 2019 /home/travis/build/icyphy/ptII/ptolemy/domains/continuous/test/auto/HysteresisWithRandomDelay.xml
----------------- Instantiating /home/travis/build/icyphy/ptII/ptolemy/domains/continuous/test/auto/HysteresisWithRandomDelay.xml
182 ms. Memory: 323584K Free: 147593K (46%)
----------------- Invoking toplevel() on ptolemy.moml.MoMLSimpleApplication@5205fb8c
----------------- Done invoking toplevel() on ptolemy.moml.MoMLSimpleApplication@5205fb8c
reloadAllAccessors: .HysteresisWithRandomDelay

===========================================================================================
----------------- testing Wed Dec 04 06:18:44 UTC 2019 /home/travis/build/icyphy/ptII/ptolemy/domains/continuous/test/auto/HysteresisWithRandomLosses.xml
----------------- Instantiating /home/travis/build/icyphy/ptII/ptolemy/domains/continuous/test/auto/HysteresisWithRandomLosses.xml
2478 ms. Memory: 323584K Free: 159427K (49%)
----------------- Invoking toplevel() on ptolemy.moml.MoMLSimpleApplication@2abf7ecd
----------------- Done invoking toplevel() on ptolemy.moml.MoMLSimpleApplication@2abf7ecd
reloadAllAccessors: .HysteresisWithRandomLosses

===========================================================================================
----------------- testing Wed Dec 04 06:18:46 UTC 2019 /home/travis/build/icyphy/ptII/ptolemy/domains/continuous/test/auto/ImmediateTransitions.xml
----------------- Instantiating /home/travis/build/icyphy/ptII/ptolemy/domains/continuous/test/auto/ImmediateTransitions.xml
23 ms. Memory: 323584K Free: 148171K (46%)
----------------- Invoking toplevel() on ptolemy.moml.MoMLSimpleApplication@7cb68246
----------------- Done invoking toplevel() on ptolemy.moml.MoMLSimpleApplication@7cb68246
reloadAllAccessors: .ImmediateTransitions

===========================================================================================
----------------- testing Wed Dec 04 06:18:46 UTC 2019 /home/travis/build/icyphy/ptII/ptolemy/domains/continuous/test/auto/ImpulseFeedback.xml
----------------- Instantiating /home/travis/build/icyphy/ptII/ptolemy/domains/continuous/test/auto/ImpulseFeedback.xml
7 ms. Memory: 323584K Free: 142547K (44%)
----------------- Invoking toplevel() on ptolemy.moml.MoMLSimpleApplication@1fdfb892
----------------- Done invoking toplevel() on ptolemy.moml.MoMLSimpleApplication@1fdfb892
reloadAllAccessors: .ImpulseFeedback

===========================================================================================
----------------- testing Wed Dec 04 06:18:46 UTC 2019 /home/travis/build/icyphy/ptII/ptolemy/domains/continuous/test/auto/ImpulseFeedback2.xml
----------------- Instantiating /home/travis/build/icyphy/ptII/ptolemy/domains/continuous/test/auto/ImpulseFeedback2.xml
6 ms. Memory: 323584K Free: 136913K (42%)
----------------- Invoking toplevel() on ptolemy.moml.MoMLSimpleApplication@6bdcd7db
----------------- Done invoking toplevel() on ptolemy.moml.MoMLSimpleApplication@6bdcd7db
reloadAllAccessors: .ImpulseFeedback2

===========================================================================================
----------------- testing Wed Dec 04 06:18:47 UTC 2019 /home/travis/build/icyphy/ptII/ptolemy/domains/continuous/test/auto/IncreasingRatePoisson.xml
----------------- Instantiating /home/travis/build/icyphy/ptII/ptolemy/domains/continuous/test/auto/IncreasingRatePoisson.xml
784 ms. Memory: 323584K Free: 191661K (59%)
----------------- Invoking toplevel() on ptolemy.moml.MoMLSimpleApplication@4a6a6519
----------------- Done invoking toplevel() on ptolemy.moml.MoMLSimpleApplication@4a6a6519
reloadAllAccessors: .IncreasingRatePoisson

===========================================================================================
----------------- testing Wed Dec 04 06:18:47 UTC 2019 /home/travis/build/icyphy/ptII/ptolemy/domains/continuous/test/auto/InitialStateFeedback.xml
----------------- Instantiating /home/travis/build/icyphy/ptII/ptolemy/domains/continuous/test/auto/InitialStateFeedback.xml
8 ms. Memory: 323584K Free: 187051K (58%)
----------------- Invoking toplevel() on ptolemy.moml.MoMLSimpleApplication@2dd9f938
----------------- Done invoking toplevel() on ptolemy.moml.MoMLSimpleApplication@2dd9f938
reloadAllAccessors: .InitialStateFeedback

===========================================================================================
----------------- testing Wed Dec 04 06:18:47 UTC 2019 /home/travis/build/icyphy/ptII/ptolemy/domains/continuous/test/auto/Integration.xml
----------------- Instantiating /home/travis/build/icyphy/ptII/ptolemy/domains/continuous/test/auto/Integration.xml
2 ms. Memory: 323584K Free: 182955K (57%)
----------------- Invoking toplevel() on ptolemy.moml.MoMLSimpleApplication@3214d3ad
----------------- Done invoking toplevel() on ptolemy.moml.MoMLSimpleApplication@3214d3ad
reloadAllAccessors: .Integration

===========================================================================================
----------------- testing Wed Dec 04 06:18:47 UTC 2019 /home/travis/build/icyphy/ptII/ptolemy/domains/continuous/test/auto/Integration2.xml
----------------- Instantiating /home/travis/build/icyphy/ptII/ptolemy/domains/continuous/test/auto/Integration2.xml
88 ms. Memory: 323584K Free: 168619K (52%)
----------------- Invoking toplevel() on ptolemy.moml.MoMLSimpleApplication@182f4756
----------------- Done invoking toplevel() on ptolemy.moml.MoMLSimpleApplication@182f4756
reloadAllAccessors: .Integration2

===========================================================================================
----------------- testing Wed Dec 04 06:18:47 UTC 2019 /home/travis/build/icyphy/ptII/ptolemy/domains/continuous/test/auto/Integration3.xml
----------------- Instantiating /home/travis/build/icyphy/ptII/ptolemy/domains/continuous/test/auto/Integration3.xml
3 ms. Memory: 323584K Free: 164013K (51%)
----------------- Invoking toplevel() on ptolemy.moml.MoMLSimpleApplication@4ea7d89
----------------- Done invoking toplevel() on ptolemy.moml.MoMLSimpleApplication@4ea7d89
reloadAllAccessors: .Integration3

===========================================================================================
----------------- testing Wed Dec 04 06:18:47 UTC 2019 /home/travis/build/icyphy/ptII/ptolemy/domains/continuous/test/auto/Integration5.xml
----------------- Instantiating /home/travis/build/icyphy/ptII/ptolemy/domains/continuous/test/auto/Integration5.xml
6 ms. Memory: 323584K Free: 159917K (49%)
----------------- Invoking toplevel() on ptolemy.moml.MoMLSimpleApplication@76c2d104
----------------- Done invoking toplevel() on ptolemy.moml.MoMLSimpleApplication@76c2d104
reloadAllAccessors: .Integration5

===========================================================================================
----------------- testing Wed Dec 04 06:18:47 UTC 2019 /home/travis/build/icyphy/ptII/ptolemy/domains/continuous/test/auto/IntegratorImpulse.xml
----------------- Instantiating /home/travis/build/icyphy/ptII/ptolemy/domains/continuous/test/auto/IntegratorImpulse.xml
3 ms. Memory: 323584K Free: 155821K (48%)
----------------- Invoking toplevel() on ptolemy.moml.MoMLSimpleApplication@2440f3be
----------------- Done invoking toplevel() on ptolemy.moml.MoMLSimpleApplication@2440f3be
reloadAllAccessors: .IntegratorImpulse

===========================================================================================
----------------- testing Wed Dec 04 06:18:48 UTC 2019 /home/travis/build/icyphy/ptII/ptolemy/domains/continuous/test/auto/IntegratorImpulse2.xml
----------------- Instantiating /home/travis/build/icyphy/ptII/ptolemy/domains/continuous/test/auto/IntegratorImpulse2.xml
4 ms. Memory: 323584K Free: 151211K (47%)
----------------- Invoking toplevel() on ptolemy.moml.MoMLSimpleApplication@76f74a6e
----------------- Done invoking toplevel() on ptolemy.moml.MoMLSimpleApplication@76f74a6e
reloadAllAccessors: .IntegratorImpulse2

===========================================================================================
----------------- testing Wed Dec 04 06:18:48 UTC 2019 /home/travis/build/icyphy/ptII/ptolemy/domains/continuous/test/auto/LevelCrossing1.xml
----------------- Instantiating /home/travis/build/icyphy/ptII/ptolemy/domains/continuous/test/auto/LevelCrossing1.xml
3 ms. Memory: 323584K Free: 146091K (45%)
----------------- Invoking toplevel() on ptolemy.moml.MoMLSimpleApplication@15574897
----------------- Done invoking toplevel() on ptolemy.moml.MoMLSimpleApplication@15574897
reloadAllAccessors: .LevelCrossing1

===========================================================================================
----------------- testing Wed Dec 04 06:18:48 UTC 2019 /home/travis/build/icyphy/ptII/ptolemy/domains/continuous/test/auto/LevelCrossing2.xml
----------------- Instantiating /home/travis/build/icyphy/ptII/ptolemy/domains/continuous/test/auto/LevelCrossing2.xml
3 ms. Memory: 323584K Free: 140971K (44%)
----------------- Invoking toplevel() on ptolemy.moml.MoMLSimpleApplication@23d7ca4b
----------------- Done invoking toplevel() on ptolemy.moml.MoMLSimpleApplication@23d7ca4b
reloadAllAccessors: .LevelCrossing2

===========================================================================================
----------------- testing Wed Dec 04 06:18:48 UTC 2019 /home/travis/build/icyphy/ptII/ptolemy/domains/continuous/test/auto/LevelCrossing3.xml
----------------- Instantiating /home/travis/build/icyphy/ptII/ptolemy/domains/continuous/test/auto/LevelCrossing3.xml
5 ms. Memory: 323584K Free: 135837K (42%)
----------------- Invoking toplevel() on ptolemy.moml.MoMLSimpleApplication@4f308284
----------------- Done invoking toplevel() on ptolemy.moml.MoMLSimpleApplication@4f308284
reloadAllAccessors: .LevelCrossing3

===========================================================================================
----------------- testing Wed Dec 04 06:18:48 UTC 2019 /home/travis/build/icyphy/ptII/ptolemy/domains/continuous/test/auto/LevelCrossing4.xml
----------------- Instantiating /home/travis/build/icyphy/ptII/ptolemy/domains/continuous/test/auto/LevelCrossing4.xml
4 ms. Memory: 323584K Free: 130725K (40%)
----------------- Invoking toplevel() on ptolemy.moml.MoMLSimpleApplication@388cf21b
----------------- Done invoking toplevel() on ptolemy.moml.MoMLSimpleApplication@388cf21b
reloadAllAccessors: .LevelCrossing4

===========================================================================================
----------------- testing Wed Dec 04 06:18:48 UTC 2019 /home/travis/build/icyphy/ptII/ptolemy/domains/continuous/test/auto/LevelCrossing5.xml
----------------- Instantiating /home/travis/build/icyphy/ptII/ptolemy/domains/continuous/test/auto/LevelCrossing5.xml
4 ms. Memory: 323584K Free: 125597K (39%)
----------------- Invoking toplevel() on ptolemy.moml.MoMLSimpleApplication@5eefd5d0
----------------- Done invoking toplevel() on ptolemy.moml.MoMLSimpleApplication@5eefd5d0
reloadAllAccessors: .LevelCrossing5

===========================================================================================
[...]
15 ms. Memory: 323584K Free: 239905K (74%)
----------------- Invoking toplevel() on ptolemy.moml.MoMLSimpleApplication@3e4cf143
----------------- Done invoking toplevel() on ptolemy.moml.MoMLSimpleApplication@3e4cf143
reloadAllAccessors: .ResetTransitionWithStartTime6

===========================================================================================
----------------- testing Wed Dec 04 06:19:06 UTC 2019 /home/travis/build/icyphy/ptII/ptolemy/domains/continuous/test/auto/SRinContinuous.xml
----------------- Instantiating /home/travis/build/icyphy/ptII/ptolemy/domains/continuous/test/auto/SRinContinuous.xml
8 ms. Memory: 323584K Free: 232233K (72%)
----------------- Invoking toplevel() on ptolemy.moml.MoMLSimpleApplication@6c66d522
----------------- Done invoking toplevel() on ptolemy.moml.MoMLSimpleApplication@6c66d522
reloadAllAccessors: .SRinContinuous

===========================================================================================
----------------- testing Wed Dec 04 06:19:06 UTC 2019 /home/travis/build/icyphy/ptII/ptolemy/domains/continuous/test/auto/SampledClocks.xml
----------------- Instantiating /home/travis/build/icyphy/ptII/ptolemy/domains/continuous/test/auto/SampledClocks.xml
9 ms. Memory: 323584K Free: 219431K (68%)
----------------- Invoking toplevel() on ptolemy.moml.MoMLSimpleApplication@640d7dc3
----------------- Done invoking toplevel() on ptolemy.moml.MoMLSimpleApplication@640d7dc3
reloadAllAccessors: .SampledClocks

===========================================================================================
----------------- testing Wed Dec 04 06:19:06 UTC 2019 /home/travis/build/icyphy/ptII/ptolemy/domains/continuous/test/auto/Satellite.xml
----------------- Instantiating /home/travis/build/icyphy/ptII/ptolemy/domains/continuous/test/auto/Satellite.xml
937 ms. Memory: 323584K Free: 216600K (67%)
----------------- Invoking toplevel() on ptolemy.moml.MoMLSimpleApplication@5a889b7b
----------------- Done invoking toplevel() on ptolemy.moml.MoMLSimpleApplication@5a889b7b
reloadAllAccessors: .Satellite

===========================================================================================
----------------- testing Wed Dec 04 06:19:07 UTC 2019 /home/travis/build/icyphy/ptII/ptolemy/domains/continuous/test/auto/SigmaDelta.xml
----------------- Instantiating /home/travis/build/icyphy/ptII/ptolemy/domains/continuous/test/auto/SigmaDelta.xml
2645 ms. Memory: 323584K Free: 140414K (43%)
----------------- Invoking toplevel() on ptolemy.moml.MoMLSimpleApplication@635f1846
----------------- Done invoking toplevel() on ptolemy.moml.MoMLSimpleApplication@635f1846
reloadAllAccessors: .SigmaDelta

===========================================================================================
----------------- testing Wed Dec 04 06:19:10 UTC 2019 /home/travis/build/icyphy/ptII/ptolemy/domains/continuous/test/auto/SingleRefinement.xml
----------------- Instantiating /home/travis/build/icyphy/ptII/ptolemy/domains/continuous/test/auto/SingleRefinement.xml
349 ms. Memory: 323584K Free: 149162K (46%)
----------------- Invoking toplevel() on ptolemy.moml.MoMLSimpleApplication@219bbab1
----------------- Done invoking toplevel() on ptolemy.moml.MoMLSimpleApplication@219bbab1
reloadAllAccessors: .SingleRefinement

===========================================================================================
----------------- testing Wed Dec 04 06:19:10 UTC 2019 /home/travis/build/icyphy/ptII/ptolemy/domains/continuous/test/auto/SinuBouncingBall.xml
----------------- Instantiating /home/travis/build/icyphy/ptII/ptolemy/domains/continuous/test/auto/SinuBouncingBall.xml
756 ms. Memory: 323584K Free: 127612K (39%)
----------------- Invoking toplevel() on ptolemy.moml.MoMLSimpleApplication@451f0fbd
----------------- Done invoking toplevel() on ptolemy.moml.MoMLSimpleApplication@451f0fbd
reloadAllAccessors: .SinuBouncingBall

===========================================================================================
----------------- testing Wed Dec 04 06:19:11 UTC 2019 /home/travis/build/icyphy/ptII/ptolemy/domains/continuous/test/auto/Sinusoid.xml
----------------- Instantiating /home/travis/build/icyphy/ptII/ptolemy/domains/continuous/test/auto/Sinusoid.xml
6 ms. Memory: 323584K Free: 123423K (38%)
----------------- Invoking toplevel() on ptolemy.moml.MoMLSimpleApplication@233622de
----------------- Done invoking toplevel() on ptolemy.moml.MoMLSimpleApplication@233622de
reloadAllAccessors: .Sinusoid

===========================================================================================
----------------- testing Wed Dec 04 06:19:11 UTC 2019 /home/travis/build/icyphy/ptII/ptolemy/domains/continuous/test/auto/SinusoidInNoise.xml
----------------- Instantiating /home/travis/build/icyphy/ptII/ptolemy/domains/continuous/test/auto/SinusoidInNoise.xml
1046 ms. Memory: 323584K Free: 174097K (54%)
----------------- Invoking toplevel() on ptolemy.moml.MoMLSimpleApplication@66c306fc
----------------- Done invoking toplevel() on ptolemy.moml.MoMLSimpleApplication@66c306fc
reloadAllAccessors: .SinusoidInNoise

===========================================================================================
----------------- testing Wed Dec 04 06:19:12 UTC 2019 /home/travis/build/icyphy/ptII/ptolemy/domains/continuous/test/auto/SinusoidRK45.xml
----------------- Instantiating /home/travis/build/icyphy/ptII/ptolemy/domains/continuous/test/auto/SinusoidRK45.xml
3 ms. Memory: 323584K Free: 170001K (53%)
----------------- Invoking toplevel() on ptolemy.moml.MoMLSimpleApplication@5f93dbbf
----------------- Done invoking toplevel() on ptolemy.moml.MoMLSimpleApplication@5f93dbbf
reloadAllAccessors: .SinusoidRK45

===========================================================================================
----------------- testing Wed Dec 04 06:19:12 UTC 2019 /home/travis/build/icyphy/ptII/ptolemy/domains/continuous/test/auto/SinusoidWithMultipleImpulses.xml
----------------- Instantiating /home/travis/build/icyphy/ptII/ptolemy/domains/continuous/test/auto/SinusoidWithMultipleImpulses.xml
3 ms. Memory: 323584K Free: 165391K (51%)
----------------- Invoking toplevel() on ptolemy.moml.MoMLSimpleApplication@762224c0
----------------- Done invoking toplevel() on ptolemy.moml.MoMLSimpleApplication@762224c0
reloadAllAccessors: .SinusoidWithMultipleImpulses

===========================================================================================
----------------- testing Wed Dec 04 06:19:12 UTC 2019 /home/travis/build/icyphy/ptII/ptolemy/domains/continuous/test/auto/SquareWave.xml
----------------- Instantiating /home/travis/build/icyphy/ptII/ptolemy/domains/continuous/test/auto/SquareWave.xml
186 ms. Memory: 323584K Free: 138257K (43%)
----------------- Invoking toplevel() on ptolemy.moml.MoMLSimpleApplication@3613920d
----------------- Done invoking toplevel() on ptolemy.moml.MoMLSimpleApplication@3613920d
reloadAllAccessors: .SquareWave

===========================================================================================
----------------- testing Wed Dec 04 06:19:12 UTC 2019 /home/travis/build/icyphy/ptII/ptolemy/domains/continuous/test/auto/Starmac.xml
----------------- Instantiating /home/travis/build/icyphy/ptII/ptolemy/domains/continuous/test/auto/Starmac.xml
3079 ms. Memory: 323584K Free: 199371K (62%)
----------------- Invoking toplevel() on ptolemy.moml.MoMLSimpleApplication@5c47f249
----------------- Done invoking toplevel() on ptolemy.moml.MoMLSimpleApplication@5c47f249
reloadAllAccessors: .Starmac

===========================================================================================
----------------- testing Wed Dec 04 06:19:16 UTC 2019 /home/travis/build/icyphy/ptII/ptolemy/domains/continuous/test/auto/StaticUnits.xml
----------------- Instantiating /home/travis/build/icyphy/ptII/ptolemy/domains/continuous/test/auto/StaticUnits.xml
2359 ms. Memory: 323584K Free: 288329K (89%)
----------------- Invoking toplevel() on ptolemy.moml.MoMLSimpleApplication@2b76eab5
----------------- Done invoking toplevel() on ptolemy.moml.MoMLSimpleApplication@2b76eab5
reloadAllAccessors: .StaticUnits

===========================================================================================
----------------- testing Wed Dec 04 06:19:19 UTC 2019 /home/travis/build/icyphy/ptII/ptolemy/domains/continuous/test/auto/StickyMasses.xml
----------------- Instantiating /home/travis/build/icyphy/ptII/ptolemy/domains/continuous/test/auto/StickyMasses.xml
151 ms. Memory: 323584K Free: 238648K (74%)
----------------- Invoking toplevel() on ptolemy.moml.MoMLSimpleApplication@24359625
----------------- Done invoking toplevel() on ptolemy.moml.MoMLSimpleApplication@24359625
reloadAllAccessors: .StickyMasses

===========================================================================================
----------------- testing Wed Dec 04 06:19:19 UTC 2019 /home/travis/build/icyphy/ptII/ptolemy/domains/continuous/test/auto/StopTime.xml
----------------- Instantiating /home/travis/build/icyphy/ptII/ptolemy/domains/continuous/test/auto/StopTime.xml
43 ms. Memory: 323584K Free: 213577K (66%)
----------------- Invoking toplevel() on ptolemy.moml.MoMLSimpleApplication@291eafeb
----------------- Done invoking toplevel() on ptolemy.moml.MoMLSimpleApplication@291eafeb
reloadAllAccessors: .StopTime

===========================================================================================
----------------- testing Wed Dec 04 06:19:19 UTC 2019 /home/travis/build/icyphy/ptII/ptolemy/domains/continuous/test/auto/StopTime2.xml
----------------- Instantiating /home/travis/build/icyphy/ptII/ptolemy/domains/continuous/test/auto/StopTime2.xml
38 ms. Memory: 323584K Free: 191559K (59%)
----------------- Invoking toplevel() on ptolemy.moml.MoMLSimpleApplication@6164152b
----------------- Done invoking toplevel() on ptolemy.moml.MoMLSimpleApplication@6164152b
reloadAllAccessors: .StopTime2

===========================================================================================
----------------- testing Wed Dec 04 06:19:19 UTC 2019 /home/travis/build/icyphy/ptII/ptolemy/domains/continuous/test/auto/Switch.xml
----------------- Instantiating /home/travis/build/icyphy/ptII/ptolemy/domains/continuous/test/auto/Switch.xml
44 ms. Memory: 323584K Free: 165959K (51%)
----------------- Invoking toplevel() on ptolemy.moml.MoMLSimpleApplication@3a43e3f7
----------------- Done invoking toplevel() on ptolemy.moml.MoMLSimpleApplication@3a43e3f7
reloadAllAccessors: .Switch

===========================================================================================
----------------- testing Wed Dec 04 06:19:19 UTC 2019 /home/travis/build/icyphy/ptII/ptolemy/domains/continuous/test/auto/Thermostat.xml
----------------- Instantiating /home/travis/build/icyphy/ptII/ptolemy/domains/continuous/test/auto/Thermostat.xml
209 ms. Memory: 323584K Free: 281494K (87%)
----------------- Invoking toplevel() on ptolemy.moml.MoMLSimpleApplication@2f318476
----------------- Done invoking toplevel() on ptolemy.moml.MoMLSimpleApplication@2f318476
reloadAllAccessors: .Thermostat

===========================================================================================
----------------- testing Wed Dec 04 06:19:20 UTC 2019 /home/travis/build/icyphy/ptII/ptolemy/domains/continuous/test/auto/TimeDelay.xml
----------------- Instantiating /home/travis/build/icyphy/ptII/ptolemy/domains/continuous/test/auto/TimeDelay.xml
5 ms. Memory: 323584K Free: 276382K (85%)
----------------- Invoking toplevel() on ptolemy.moml.MoMLSimpleApplication@11828e27
----------------- Done invoking toplevel() on ptolemy.moml.MoMLSimpleApplication@11828e27
reloadAllAccessors: .TimeDelay

===========================================================================================
----------------- testing Wed Dec 04 06:19:20 UTC 2019 /home/travis/build/icyphy/ptII/ptolemy/domains/continuous/test/auto/TimeDelay2.xml
----------------- Instantiating /home/travis/build/icyphy/ptII/ptolemy/domains/continuous/test/auto/TimeDelay2.xml
12 ms. Memory: 323584K Free: 266148K (82%)
----------------- Invoking toplevel() on ptolemy.moml.MoMLSimpleApplication@dd8b795
----------------- Done invoking toplevel() on ptolemy.moml.MoMLSimpleApplication@dd8b795
reloadAllAccessors: .TimeDelay2

===========================================================================================
----------------- testing Wed Dec 04 06:19:20 UTC 2019 /home/travis/build/icyphy/ptII/ptolemy/domains/continuous/test/auto/TimeDelay3.xml
----------------- Instantiating /home/travis/build/icyphy/ptII/ptolemy/domains/continuous/test/auto/TimeDelay3.xml
5 ms. Memory: 323584K Free: 261540K (81%)
----------------- Invoking toplevel() on ptolemy.moml.MoMLSimpleApplication@14ba9cc5
----------------- Done invoking toplevel() on ptolemy.moml.MoMLSimpleApplication@14ba9cc5
reloadAllAccessors: .TimeDelay3

===========================================================================================
----------------- testing Wed Dec 04 06:19:20 UTC 2019 /home/travis/build/icyphy/ptII/ptolemy/domains/continuous/test/auto/TransferAbsentToInside.xml
----------------- Instantiating /home/travis/build/icyphy/ptII/ptolemy/domains/continuous/test/auto/TransferAbsentToInside.xml
28 ms. Memory: 323584K Free: 209318K (65%)
----------------- Invoking toplevel() on ptolemy.moml.MoMLSimpleApplication@6a285d7d
----------------- Done invoking toplevel() on ptolemy.moml.MoMLSimpleApplication@6a285d7d
reloadAllAccessors: .TransferAbsentToInside

===========================================================================================
----------------- testing Wed Dec 04 06:19:20 UTC 2019 /home/travis/build/icyphy/ptII/ptolemy/domains/continuous/test/auto/Transmission.xml
----------------- Instantiating /home/travis/build/icyphy/ptII/ptolemy/domains/continuous/test/auto/Transmission.xml
828 ms. Memory: 323584K Free: 161848K (50%)
----------------- Invoking toplevel() on ptolemy.moml.MoMLSimpleApplication@691748b5
----------------- Done invoking toplevel() on ptolemy.moml.MoMLSimpleApplication@691748b5
reloadAllAccessors: .Transmission

===========================================================================================
----------------- testing Wed Dec 04 06:19:21 UTC 2019 /home/travis/build/icyphy/ptII/ptolemy/domains/continuous/test/auto/TriggeredContinuousClock.xml
----------------- Instantiating /home/travis/build/icyphy/ptII/ptolemy/domains/continuous/test/auto/TriggeredContinuousClock.xml
42 ms. Memory: 323584K Free: 132152K (41%)
----------------- Invoking toplevel() on ptolemy.moml.MoMLSimpleApplication@7f37a4fe
----------------- Done invoking toplevel() on ptolemy.moml.MoMLSimpleApplication@7f37a4fe
reloadAllAccessors: .TriggeredContinuousClock

===========================================================================================
----------------- testing Wed Dec 04 06:19:21 UTC 2019 /home/travis/build/icyphy/ptII/ptolemy/domains/continuous/test/auto/TwoMachineInfiniteBusControl.xml
----------------- Instantiating /home/travis/build/icyphy/ptII/ptolemy/domains/continuous/test/auto/TwoMachineInfiniteBusControl.xml
3050 ms. Memory: 323584K Free: 128382K (40%)
----------------- Invoking toplevel() on ptolemy.moml.MoMLSimpleApplication@67fbd782
----------------- Done invoking toplevel() on ptolemy.moml.MoMLSimpleApplication@67fbd782
reloadAllAccessors: .TwoMachineInfiniteBusControl

===========================================================================================
----------------- testing Wed Dec 04 06:19:24 UTC 2019 /home/travis/build/icyphy/ptII/ptolemy/domains/continuous/test/auto/V2V.xml
----------------- Instantiating /home/travis/build/icyphy/ptII/ptolemy/domains/continuous/test/auto/V2V.xml
826 ms. Memory: 323584K Free: 125435K (39%)
----------------- Invoking toplevel() on ptolemy.moml.MoMLSimpleApplication@6adb325d
----------------- Done invoking toplevel() on ptolemy.moml.MoMLSimpleApplication@6adb325d
reloadAllAccessors: .V2V

===========================================================================================
----------------- testing Wed Dec 04 06:19:25 UTC 2019 /home/travis/build/icyphy/ptII/ptolemy/domains/continuous/test/auto/hierarchicalModalModel.xml
----------------- Instantiating /home/travis/build/icyphy/ptII/ptolemy/domains/continuous/test/auto/hierarchicalModalModel.xml
8 ms. Memory: 323584K Free: 298326K (92%)
----------------- Invoking toplevel() on ptolemy.moml.MoMLSimpleApplication@245ede09
----------------- Done invoking toplevel() on ptolemy.moml.MoMLSimpleApplication@245ede09
reloadAllAccessors: .hierarchicalModalModel

===========================================================================================
----------------- testing Wed Dec 04 06:19:25 UTC 2019 /home/travis/build/icyphy/ptII/ptolemy/domains/continuous/test/auto/hierarchicalModalModel1.xml
----------------- Instantiating /home/travis/build/icyphy/ptII/ptolemy/domains/continuous/test/auto/hierarchicalModalModel1.xml
8 ms. Memory: 323584K Free: 283990K (88%)
----------------- Invoking toplevel() on ptolemy.moml.MoMLSimpleApplication@719ae308
----------------- Done invoking toplevel() on ptolemy.moml.MoMLSimpleApplication@719ae308
reloadAllAccessors: .hierarchicalModalModel1

===========================================================================================
----------------- testing Wed Dec 04 06:19:25 UTC 2019 /home/travis/build/icyphy/ptII/ptolemy/domains/continuous/test/auto/hierarchicalModalModel2.xml
----------------- Instantiating /home/travis/build/icyphy/ptII/ptolemy/domains/continuous/test/auto/hierarchicalModalModel2.xml
6 ms. Memory: 323584K Free: 271702K (84%)
----------------- Invoking toplevel() on ptolemy.moml.MoMLSimpleApplication@16b0cc28
----------------- Done invoking toplevel() on ptolemy.moml.MoMLSimpleApplication@16b0cc28
reloadAllAccessors: .hierarchicalModalModel2

===========================================================================================
----------------- testing Wed Dec 04 06:19:25 UTC 2019 /home/travis/build/icyphy/ptII/ptolemy/domains/continuous/test/auto/hierarchicalModalModel3.xml
----------------- Instantiating /home/travis/build/icyphy/ptII/ptolemy/domains/continuous/test/auto/hierarchicalModalModel3.xml
5 ms. Memory: 323584K Free: 260948K (81%)
----------------- Invoking toplevel() on ptolemy.moml.MoMLSimpleApplication@2f0b730
----------------- Done invoking toplevel() on ptolemy.moml.MoMLSimpleApplication@2f0b730
reloadAllAccessors: .hierarchicalModalModel3

===========================================================================================
----------------- testing Wed Dec 04 06:19:25 UTC 2019 /home/travis/build/icyphy/ptII/ptolemy/domains/continuous/test/auto/hierarchicalModalModel4.xml
----------------- Instantiating /home/travis/build/icyphy/ptII/ptolemy/domains/continuous/test/auto/hierarchicalModalModel4.xml
6 ms. Memory: 323584K Free: 249174K (77%)
----------------- Invoking toplevel() on ptolemy.moml.MoMLSimpleApplication@2c15e80c
----------------- Done invoking toplevel() on ptolemy.moml.MoMLSimpleApplication@2c15e80c
reloadAllAccessors: .hierarchicalModalModel4

===========================================================================================
----------------- testing Wed Dec 04 06:19:25 UTC 2019 /home/travis/build/icyphy/ptII/ptolemy/domains/continuous/test/auto/junk.xml
----------------- Instantiating /home/travis/build/icyphy/ptII/ptolemy/domains/continuous/test/auto/junk.xml
153 ms. Memory: 323584K Free: 220502K (68%)
----------------- Invoking toplevel() on ptolemy.moml.MoMLSimpleApplication@b0e25fd
----------------- Done invoking toplevel() on ptolemy.moml.MoMLSimpleApplication@b0e25fd
reloadAllAccessors: .junk
AutoTests.java: About to close Vertx.
AutoTests.java: Vertx closed.
]]></system-out>
  <system-err><![CDATA[Warning: '.Poisson.NonStrictTest' The test produced only 397 tokens, yet the correctValues parameter was expecting 430 tokens.
]]></system-err>
</testsuite>
