<?xml version="1.0" encoding="UTF-8" ?>
<testsuite errors="0" failures="0" hostname="travis-job-d81304fd-0c5e-4377-b981-ca2feff480b5" name="ptolemy.domains.continuous.test.junit.JUnitTclTest" skipped="0" tests="156" time="78.684" timestamp="2019-04-15T04:06:21">
  <properties>
[...]
</properties>
  <testcase classname="ptolemy.util.test.junit.TclTests" name="[0] ThereAreNoTclTests (RunTclFile)" time="0.002" />
  <testcase classname="ptolemy.util.test.junit.AutoKnownFailedTests" name="[0] ThereAreNoKnowFailedTests (RunModel)" time="0.002" />
  <testcase classname="ptolemy.util.test.junit.AutoNameArchTests" name="[0] ThereAreNoAutoArchTests (RunModel)" time="0.001" />
  <testcase classname="ptolemy.util.test.junit.AutoTests" name="[0] /home/travis/build/icyphy/ptII/ptolemy/domains/continuous/test/auto/BouncingBall.xml (RunModel)" time="3.022" />
  <testcase classname="ptolemy.util.test.junit.AutoTests" name="[1] /home/travis/build/icyphy/ptII/ptolemy/domains/continuous/test/auto/BouncingBallWithoutGR.xml (RunModel)" time="0.942" />
  <testcase classname="ptolemy.util.test.junit.AutoTests" name="[2] /home/travis/build/icyphy/ptII/ptolemy/domains/continuous/test/auto/Brownian.xml (RunModel)" time="0.07" />
  <testcase classname="ptolemy.util.test.junit.AutoTests" name="[3] /home/travis/build/icyphy/ptII/ptolemy/domains/continuous/test/auto/CarTracking.xml (RunModel)" time="3.772" />
  <testcase classname="ptolemy.util.test.junit.AutoTests" name="[4] /home/travis/build/icyphy/ptII/ptolemy/domains/continuous/test/auto/CartPendulum.xml (RunModel)" time="0.563" />
  <testcase classname="ptolemy.util.test.junit.AutoTests" name="[5] /home/travis/build/icyphy/ptII/ptolemy/domains/continuous/test/auto/CausalityInterface10.xml (RunModel)" time="0.042" />
  <testcase classname="ptolemy.util.test.junit.AutoTests" name="[6] /home/travis/build/icyphy/ptII/ptolemy/domains/continuous/test/auto/CausalityInterface11.xml (RunModel)" time="0.05" />
  <testcase classname="ptolemy.util.test.junit.AutoTests" name="[7] /home/travis/build/icyphy/ptII/ptolemy/domains/continuous/test/auto/CausalityInterface12.xml (RunModel)" time="0.028" />
  <testcase classname="ptolemy.util.test.junit.AutoTests" name="[8] /home/travis/build/icyphy/ptII/ptolemy/domains/continuous/test/auto/CausalityInterface13.xml (RunModel)" time="0.034" />
  <testcase classname="ptolemy.util.test.junit.AutoTests" name="[9] /home/travis/build/icyphy/ptII/ptolemy/domains/continuous/test/auto/CausalityInterface14.xml (RunModel)" time="0.029" />
  <testcase classname="ptolemy.util.test.junit.AutoTests" name="[10] /home/travis/build/icyphy/ptII/ptolemy/domains/continuous/test/auto/CausalityInterface4.xml (RunModel)" time="0.05" />
  <testcase classname="ptolemy.util.test.junit.AutoTests" name="[11] /home/travis/build/icyphy/ptII/ptolemy/domains/continuous/test/auto/CausalityInterface5.xml (RunModel)" time="0.042" />
  <testcase classname="ptolemy.util.test.junit.AutoTests" name="[12] /home/travis/build/icyphy/ptII/ptolemy/domains/continuous/test/auto/CausalityInterface6.xml (RunModel)" time="0.02" />
  <testcase classname="ptolemy.util.test.junit.AutoTests" name="[13] /home/travis/build/icyphy/ptII/ptolemy/domains/continuous/test/auto/CausalityInterface7.xml (RunModel)" time="0.055" />
  <testcase classname="ptolemy.util.test.junit.AutoTests" name="[14] /home/travis/build/icyphy/ptII/ptolemy/domains/continuous/test/auto/CausalityInterface8.xml (RunModel)" time="0.037" />
  <testcase classname="ptolemy.util.test.junit.AutoTests" name="[15] /home/travis/build/icyphy/ptII/ptolemy/domains/continuous/test/auto/CausalityInterface9.xml (RunModel)" time="0.057" />
  <testcase classname="ptolemy.util.test.junit.AutoTests" name="[16] /home/travis/build/icyphy/ptII/ptolemy/domains/continuous/test/auto/CausalityInterfaceFeedback1.xml (RunModel)" time="0.033" />
  <testcase classname="ptolemy.util.test.junit.AutoTests" name="[17] /home/travis/build/icyphy/ptII/ptolemy/domains/continuous/test/auto/CausalityInterfaceFeedback2.xml (RunModel)" time="0.049" />
  <testcase classname="ptolemy.util.test.junit.AutoTests" name="[18] /home/travis/build/icyphy/ptII/ptolemy/domains/continuous/test/auto/CompareWithCurrentTime.xml (RunModel)" time="0.02" />
  <testcase classname="ptolemy.util.test.junit.AutoTests" name="[19] /home/travis/build/icyphy/ptII/ptolemy/domains/continuous/test/auto/ComparedClocks.xml (RunModel)" time="0.059" />
  <testcase classname="ptolemy.util.test.junit.AutoTests" name="[20] /home/travis/build/icyphy/ptII/ptolemy/domains/continuous/test/auto/ContinuousAOCClone.xml (RunModel)" time="2.717" />
  <testcase classname="ptolemy.util.test.junit.AutoTests" name="[21] /home/travis/build/icyphy/ptII/ptolemy/domains/continuous/test/auto/ContinuousClock.xml (RunModel)" time="0.091" />
  <testcase classname="ptolemy.util.test.junit.AutoTests" name="[22] /home/travis/build/icyphy/ptII/ptolemy/domains/continuous/test/auto/ContinuousInContinuous.xml (RunModel)" time="0.083" />
  <testcase classname="ptolemy.util.test.junit.AutoTests" name="[23] /home/travis/build/icyphy/ptII/ptolemy/domains/continuous/test/auto/ContinuousInContinuousInContinuous.xml (RunModel)" time="0.03" />
  <testcase classname="ptolemy.util.test.junit.AutoTests" name="[24] /home/travis/build/icyphy/ptII/ptolemy/domains/continuous/test/auto/ContinuousInDE.xml (RunModel)" time="0.123" />
  <testcase classname="ptolemy.util.test.junit.AutoTests" name="[25] /home/travis/build/icyphy/ptII/ptolemy/domains/continuous/test/auto/ContinuousInDE2.xml (RunModel)" time="0.076" />
  <testcase classname="ptolemy.util.test.junit.AutoTests" name="[26] /home/travis/build/icyphy/ptII/ptolemy/domains/continuous/test/auto/ContinuousInDE3.xml (RunModel)" time="0.063" />
  <testcase classname="ptolemy.util.test.junit.AutoTests" name="[27] /home/travis/build/icyphy/ptII/ptolemy/domains/continuous/test/auto/ContinuousInDE4.xml (RunModel)" time="0.04" />
  <testcase classname="ptolemy.util.test.junit.AutoTests" name="[28] /home/travis/build/icyphy/ptII/ptolemy/domains/continuous/test/auto/ContinuousInDEDifferentRefinements.xml (RunModel)" time="0.132" />
  <testcase classname="ptolemy.util.test.junit.AutoTests" name="[29] /home/travis/build/icyphy/ptII/ptolemy/domains/continuous/test/auto/ContinuousInDEDifferentRefinementsPreemptive.xml (RunModel)" time="0.089" />
  <testcase classname="ptolemy.util.test.junit.AutoTests" name="[30] /home/travis/build/icyphy/ptII/ptolemy/domains/continuous/test/auto/ContinuousInDEInContinuous2.xml (RunModel)" time="0.069" />
  <testcase classname="ptolemy.util.test.junit.AutoTests" name="[31] /home/travis/build/icyphy/ptII/ptolemy/domains/continuous/test/auto/ContinuousInDEInContinuous3.xml (RunModel)" time="0.078" />
  <testcase classname="ptolemy.util.test.junit.AutoTests" name="[32] /home/travis/build/icyphy/ptII/ptolemy/domains/continuous/test/auto/ContinuousInDEInput.xml (RunModel)" time="0.036" />
  <testcase classname="ptolemy.util.test.junit.AutoTests" name="[33] /home/travis/build/icyphy/ptII/ptolemy/domains/continuous/test/auto/ContinuousInDEInput2.xml (RunModel)" time="0.042" />
  <testcase classname="ptolemy.util.test.junit.AutoTests" name="[34] /home/travis/build/icyphy/ptII/ptolemy/domains/continuous/test/auto/ContinuousInDEInput3.xml (RunModel)" time="0.034" />
  <testcase classname="ptolemy.util.test.junit.AutoTests" name="[35] /home/travis/build/icyphy/ptII/ptolemy/domains/continuous/test/auto/ContinuousInDESharingRefinement.xml (RunModel)" time="0.215" />
  <testcase classname="ptolemy.util.test.junit.AutoTests" name="[36] /home/travis/build/icyphy/ptII/ptolemy/domains/continuous/test/auto/ContinuousInDEwithNoPorts.xml (RunModel)" time="0.024" />
  <testcase classname="ptolemy.util.test.junit.AutoTests" name="[37] /home/travis/build/icyphy/ptII/ptolemy/domains/continuous/test/auto/ContinuousInsideDE.xml (RunModel)" time="0.089" />
  <testcase classname="ptolemy.util.test.junit.AutoTests" name="[38] /home/travis/build/icyphy/ptII/ptolemy/domains/continuous/test/auto/ContinuousMerge1.xml (RunModel)" time="0.019" />
  <testcase classname="ptolemy.util.test.junit.AutoTests" name="[39] /home/travis/build/icyphy/ptII/ptolemy/domains/continuous/test/auto/ContinuousMerge2.xml (RunModel)" time="0.056" />
  <testcase classname="ptolemy.util.test.junit.AutoTests" name="[40] /home/travis/build/icyphy/ptII/ptolemy/domains/continuous/test/auto/ContinuousMerge3.xml (RunModel)" time="0.075" />
  <testcase classname="ptolemy.util.test.junit.AutoTests" name="[41] /home/travis/build/icyphy/ptII/ptolemy/domains/continuous/test/auto/ContinuousWithinContinuous.xml (RunModel)" time="0.072" />
  <testcase classname="ptolemy.util.test.junit.AutoTests" name="[42] /home/travis/build/icyphy/ptII/ptolemy/domains/continuous/test/auto/ContinuousWithinContinuous2.xml (RunModel)" time="0.098" />
  <testcase classname="ptolemy.util.test.junit.AutoTests" name="[43] /home/travis/build/icyphy/ptII/ptolemy/domains/continuous/test/auto/ContinuousWithinContinuous3.xml (RunModel)" time="0.035" />
  <testcase classname="ptolemy.util.test.junit.AutoTests" name="[44] /home/travis/build/icyphy/ptII/ptolemy/domains/continuous/test/auto/ContinuousWithinContinuous4.xml (RunModel)" time="0.093" />
  <testcase classname="ptolemy.util.test.junit.AutoTests" name="[45] /home/travis/build/icyphy/ptII/ptolemy/domains/continuous/test/auto/ContinuousWithinContinuous5.xml (RunModel)" time="0.032" />
  <testcase classname="ptolemy.util.test.junit.AutoTests" name="[46] /home/travis/build/icyphy/ptII/ptolemy/domains/continuous/test/auto/ContinuousWithinContinuous6.xml (RunModel)" time="0.031" />
  <testcase classname="ptolemy.util.test.junit.AutoTests" name="[47] /home/travis/build/icyphy/ptII/ptolemy/domains/continuous/test/auto/ContinuousWithinContinuous7.xml (RunModel)" time="0.075" />
  <testcase classname="ptolemy.util.test.junit.AutoTests" name="[48] /home/travis/build/icyphy/ptII/ptolemy/domains/continuous/test/auto/DCMotor.xml (RunModel)" time="15.641" />
  <testcase classname="ptolemy.util.test.junit.AutoTests" name="[49] /home/travis/build/icyphy/ptII/ptolemy/domains/continuous/test/auto/DEInContinuous.xml (RunModel)" time="0.039" />
  <testcase classname="ptolemy.util.test.junit.AutoTests" name="[50] /home/travis/build/icyphy/ptII/ptolemy/domains/continuous/test/auto/DEinContinuous2.xml (RunModel)" time="0.035" />
  <testcase classname="ptolemy.util.test.junit.AutoTests" name="[51] /home/travis/build/icyphy/ptII/ptolemy/domains/continuous/test/auto/Derivative.xml (RunModel)" time="0.207" />
  <testcase classname="ptolemy.util.test.junit.AutoTests" name="[52] /home/travis/build/icyphy/ptII/ptolemy/domains/continuous/test/auto/Derivative1.xml (RunModel)" time="0.053" />
  <testcase classname="ptolemy.util.test.junit.AutoTests" name="[53] /home/travis/build/icyphy/ptII/ptolemy/domains/continuous/test/auto/DiscreteClock.xml (RunModel)" time="0.02" />
  <testcase classname="ptolemy.util.test.junit.AutoTests" name="[54] /home/travis/build/icyphy/ptII/ptolemy/domains/continuous/test/auto/EfficiencyCurve.xml (RunModel)" time="0.087" />
  <testcase classname="ptolemy.util.test.junit.AutoTests" name="[55] /home/travis/build/icyphy/ptII/ptolemy/domains/continuous/test/auto/ExponentialResponse.xml (RunModel)" time="0.118" />
  <testcase classname="ptolemy.util.test.junit.AutoTests" name="[56] /home/travis/build/icyphy/ptII/ptolemy/domains/continuous/test/auto/ExponentialResponseRK45.xml (RunModel)" time="0.037" />
  <testcase classname="ptolemy.util.test.junit.AutoTests" name="[57] /home/travis/build/icyphy/ptII/ptolemy/domains/continuous/test/auto/Friction.xml (RunModel)" time="1.538" />
  <testcase classname="ptolemy.util.test.junit.AutoTests" name="[58] /home/travis/build/icyphy/ptII/ptolemy/domains/continuous/test/auto/FurutaPendulum.xml (RunModel)" time="3.689" />
  <testcase classname="ptolemy.util.test.junit.AutoTests" name="[59] /home/travis/build/icyphy/ptII/ptolemy/domains/continuous/test/auto/HierarchicalExecution.xml (RunModel)" time="2.368" />
  <testcase classname="ptolemy.util.test.junit.AutoTests" name="[60] /home/travis/build/icyphy/ptII/ptolemy/domains/continuous/test/auto/HybridPlant.xml (RunModel)" time="0.574" />
  <testcase classname="ptolemy.util.test.junit.AutoTests" name="[61] /home/travis/build/icyphy/ptII/ptolemy/domains/continuous/test/auto/Hysteresis.xml (RunModel)" time="0.166" />
  <testcase classname="ptolemy.util.test.junit.AutoTests" name="[62] /home/travis/build/icyphy/ptII/ptolemy/domains/continuous/test/auto/HysteresisWithRandomDelay.xml (RunModel)" time="0.21" />
  <testcase classname="ptolemy.util.test.junit.AutoTests" name="[63] /home/travis/build/icyphy/ptII/ptolemy/domains/continuous/test/auto/HysteresisWithRandomLosses.xml (RunModel)" time="2.382" />
  <testcase classname="ptolemy.util.test.junit.AutoTests" name="[64] /home/travis/build/icyphy/ptII/ptolemy/domains/continuous/test/auto/ImmediateTransitions.xml (RunModel)" time="0.031" />
  <testcase classname="ptolemy.util.test.junit.AutoTests" name="[65] /home/travis/build/icyphy/ptII/ptolemy/domains/continuous/test/auto/ImpulseFeedback.xml (RunModel)" time="0.032" />
  <testcase classname="ptolemy.util.test.junit.AutoTests" name="[66] /home/travis/build/icyphy/ptII/ptolemy/domains/continuous/test/auto/ImpulseFeedback2.xml (RunModel)" time="0.02" />
  <testcase classname="ptolemy.util.test.junit.AutoTests" name="[67] /home/travis/build/icyphy/ptII/ptolemy/domains/continuous/test/auto/IncreasingRatePoisson.xml (RunModel)" time="0.784" />
  <testcase classname="ptolemy.util.test.junit.AutoTests" name="[68] /home/travis/build/icyphy/ptII/ptolemy/domains/continuous/test/auto/InitialStateFeedback.xml (RunModel)" time="0.021" />
  <testcase classname="ptolemy.util.test.junit.AutoTests" name="[69] /home/travis/build/icyphy/ptII/ptolemy/domains/continuous/test/auto/Integration.xml (RunModel)" time="0.011" />
  <testcase classname="ptolemy.util.test.junit.AutoTests" name="[70] /home/travis/build/icyphy/ptII/ptolemy/domains/continuous/test/auto/Integration2.xml (RunModel)" time="0.086" />
  <testcase classname="ptolemy.util.test.junit.AutoTests" name="[71] /home/travis/build/icyphy/ptII/ptolemy/domains/continuous/test/auto/Integration3.xml (RunModel)" time="0.015" />
  <testcase classname="ptolemy.util.test.junit.AutoTests" name="[72] /home/travis/build/icyphy/ptII/ptolemy/domains/continuous/test/auto/Integration5.xml (RunModel)" time="0.036" />
  <testcase classname="ptolemy.util.test.junit.AutoTests" name="[73] /home/travis/build/icyphy/ptII/ptolemy/domains/continuous/test/auto/IntegratorImpulse.xml (RunModel)" time="0.015" />
  <testcase classname="ptolemy.util.test.junit.AutoTests" name="[74] /home/travis/build/icyphy/ptII/ptolemy/domains/continuous/test/auto/IntegratorImpulse2.xml (RunModel)" time="0.014" />
  <testcase classname="ptolemy.util.test.junit.AutoTests" name="[75] /home/travis/build/icyphy/ptII/ptolemy/domains/continuous/test/auto/LevelCrossing1.xml (RunModel)" time="0.014" />
  <testcase classname="ptolemy.util.test.junit.AutoTests" name="[76] /home/travis/build/icyphy/ptII/ptolemy/domains/continuous/test/auto/LevelCrossing2.xml (RunModel)" time="0.014" />
  <testcase classname="ptolemy.util.test.junit.AutoTests" name="[77] /home/travis/build/icyphy/ptII/ptolemy/domains/continuous/test/auto/LevelCrossing3.xml (RunModel)" time="0.014" />
  <testcase classname="ptolemy.util.test.junit.AutoTests" name="[78] /home/travis/build/icyphy/ptII/ptolemy/domains/continuous/test/auto/LevelCrossing4.xml (RunModel)" time="0.016" />
  <testcase classname="ptolemy.util.test.junit.AutoTests" name="[79] /home/travis/build/icyphy/ptII/ptolemy/domains/continuous/test/auto/LevelCrossing5.xml (RunModel)" time="0.014" />
  <testcase classname="ptolemy.util.test.junit.AutoTests" name="[80] /home/travis/build/icyphy/ptII/ptolemy/domains/continuous/test/auto/LevelCrossing6.xml (RunModel)" time="0.016" />
  <testcase classname="ptolemy.util.test.junit.AutoTests" name="[81] /home/travis/build/icyphy/ptII/ptolemy/domains/continuous/test/auto/LevelCrossingDetector.xml (RunModel)" time="0.04" />
  <testcase classname="ptolemy.util.test.junit.AutoTests" name="[82] /home/travis/build/icyphy/ptII/ptolemy/domains/continuous/test/auto/LevelCrossingDetectorDetectingDirections.xml (RunModel)" time="0.087" />
  <testcase classname="ptolemy.util.test.junit.AutoTests" name="[83] /home/travis/build/icyphy/ptII/ptolemy/domains/continuous/test/auto/LevelCrossingDetectorDetectsGlitches.xml (RunModel)" time="0.079" />
  <testcase classname="ptolemy.util.test.junit.AutoTests" name="[84] /home/travis/build/icyphy/ptII/ptolemy/domains/continuous/test/auto/LevelCrossingNoInitialOuput.xml (RunModel)" time="0.012" />
  <testcase classname="ptolemy.util.test.junit.AutoTests" name="[85] /home/travis/build/icyphy/ptII/ptolemy/domains/continuous/test/auto/LinearStateSpaceExample.xml (RunModel)" time="0.068" />
  <testcase classname="ptolemy.util.test.junit.AutoTests" name="[86] /home/travis/build/icyphy/ptII/ptolemy/domains/continuous/test/auto/Lorenz.xml (RunModel)" time="4.203" />
  <testcase classname="ptolemy.util.test.junit.AutoTests" name="[87] /home/travis/build/icyphy/ptII/ptolemy/domains/continuous/test/auto/LorenzDifferentialSystem.xml (RunModel)" time="1.163" />
  <testcase classname="ptolemy.util.test.junit.AutoTests" name="[88] /home/travis/build/icyphy/ptII/ptolemy/domains/continuous/test/auto/LorenzDifferentialSystemWithInput.xml (RunModel)" time="1.518" />
  <testcase classname="ptolemy.util.test.junit.AutoTests" name="[89] /home/travis/build/icyphy/ptII/ptolemy/domains/continuous/test/auto/LorenzDifferentialSystemWithTime.xml (RunModel)" time="0.805" />
  <testcase classname="ptolemy.util.test.junit.AutoTests" name="[90] /home/travis/build/icyphy/ptII/ptolemy/domains/continuous/test/auto/Microsteps.xml (RunModel)" time="0.03" />
  <testcase classname="ptolemy.util.test.junit.AutoTests" name="[91] /home/travis/build/icyphy/ptII/ptolemy/domains/continuous/test/auto/Modal1.xml (RunModel)" time="0.045" />
  <testcase classname="ptolemy.util.test.junit.AutoTests" name="[92] /home/travis/build/icyphy/ptII/ptolemy/domains/continuous/test/auto/Modal2.xml (RunModel)" time="0.056" />
  <testcase classname="ptolemy.util.test.junit.AutoTests" name="[93] /home/travis/build/icyphy/ptII/ptolemy/domains/continuous/test/auto/ModalTransitionGuardWithReset.xml (RunModel)" time="0.032" />
  <testcase classname="ptolemy.util.test.junit.AutoTests" name="[94] /home/travis/build/icyphy/ptII/ptolemy/domains/continuous/test/auto/ModalTransitionGuardWithResetUsingPreemptiveTransition.xml (RunModel)" time="0.027" />
  <testcase classname="ptolemy.util.test.junit.AutoTests" name="[95] /home/travis/build/icyphy/ptII/ptolemy/domains/continuous/test/auto/ModalTransitionGuardWithResetUsingPreemptiveTransition2.xml (RunModel)" time="0.027" />
  <testcase classname="ptolemy.util.test.junit.AutoTests" name="[96] /home/travis/build/icyphy/ptII/ptolemy/domains/continuous/test/auto/ModalTransitionGuardWithResetUsingPreemptiveTransition3.xml (RunModel)" time="0.035" />
  <testcase classname="ptolemy.util.test.junit.AutoTests" name="[97] /home/travis/build/icyphy/ptII/ptolemy/domains/continuous/test/auto/NewtonsCradle.xml (RunModel)" time="0.854" />
  <testcase classname="ptolemy.util.test.junit.AutoTests" name="[98] /home/travis/build/icyphy/ptII/ptolemy/domains/continuous/test/auto/NewtonsCradleAnimated.xml (RunModel)" time="1.398" />
  <testcase classname="ptolemy.util.test.junit.AutoTests" name="[99] /home/travis/build/icyphy/ptII/ptolemy/domains/continuous/test/auto/NewtonsCradleComplicated.xml (RunModel)" time="0.993" />
  <testcase classname="ptolemy.util.test.junit.AutoTests" name="[100] /home/travis/build/icyphy/ptII/ptolemy/domains/continuous/test/auto/NewtonsCradleNondeterministic.xml (RunModel)" time="0.734" />
  <testcase classname="ptolemy.util.test.junit.AutoTests" name="[101] /home/travis/build/icyphy/ptII/ptolemy/domains/continuous/test/auto/NewtonsCradlePerfectlyInelastic1.xml (RunModel)" time="1.404" />
  <testcase classname="ptolemy.util.test.junit.AutoTests" name="[102] /home/travis/build/icyphy/ptII/ptolemy/domains/continuous/test/auto/Noise.xml (RunModel)" time="0.212" />
  <testcase classname="ptolemy.util.test.junit.AutoTests" name="[103] /home/travis/build/icyphy/ptII/ptolemy/domains/continuous/test/auto/NoiseSpectrum.xml (RunModel)" time="0.845" />
  <testcase classname="ptolemy.util.test.junit.AutoTests" name="[104] /home/travis/build/icyphy/ptII/ptolemy/domains/continuous/test/auto/ParameterizedNewtonsCradleAnimated.xml (RunModel)" time="0.395" />
  <testcase classname="ptolemy.util.test.junit.AutoTests" name="[105] /home/travis/build/icyphy/ptII/ptolemy/domains/continuous/test/auto/ParameterizedNewtonsCradleAnimatedNondeterministic.xml (RunModel)" time="1.2" />
  <testcase classname="ptolemy.util.test.junit.AutoTests" name="[106] /home/travis/build/icyphy/ptII/ptolemy/domains/continuous/test/auto/Pendulum3D.xml (RunModel)" time="0.186" />
  <testcase classname="ptolemy.util.test.junit.AutoTests" name="[107] /home/travis/build/icyphy/ptII/ptolemy/domains/continuous/test/auto/PeriodicSampler.xml (RunModel)" time="0.011" />
  <testcase classname="ptolemy.util.test.junit.AutoTests" name="[108] /home/travis/build/icyphy/ptII/ptolemy/domains/continuous/test/auto/PeriodicSampler1.xml (RunModel)" time="0.045" />
  <testcase classname="ptolemy.util.test.junit.AutoTests" name="[109] /home/travis/build/icyphy/ptII/ptolemy/domains/continuous/test/auto/PeriodicSampler2.xml (RunModel)" time="0.092" />
  <testcase classname="ptolemy.util.test.junit.AutoTests" name="[110] /home/travis/build/icyphy/ptII/ptolemy/domains/continuous/test/auto/Poisson.xml (RunModel)" time="0.472" />
  <testcase classname="ptolemy.util.test.junit.AutoTests" name="[111] /home/travis/build/icyphy/ptII/ptolemy/domains/continuous/test/auto/PoissonClock.xml (RunModel)" time="0.012" />
  <testcase classname="ptolemy.util.test.junit.AutoTests" name="[112] /home/travis/build/icyphy/ptII/ptolemy/domains/continuous/test/auto/PoissonClock2.xml (RunModel)" time="0.014" />
  <testcase classname="ptolemy.util.test.junit.AutoTests" name="[113] /home/travis/build/icyphy/ptII/ptolemy/domains/continuous/test/auto/PortParameterHierarchy.xml (RunModel)" time="0.024" />
  <testcase classname="ptolemy.util.test.junit.AutoTests" name="[114] /home/travis/build/icyphy/ptII/ptolemy/domains/continuous/test/auto/RandomHybridPlant.xml (RunModel)" time="0.575" />
  <testcase classname="ptolemy.util.test.junit.AutoTests" name="[115] /home/travis/build/icyphy/ptII/ptolemy/domains/continuous/test/auto/ResetTransitionWithStartTime1.xml (RunModel)" time="0.028" />
  <testcase classname="ptolemy.util.test.junit.AutoTests" name="[116] /home/travis/build/icyphy/ptII/ptolemy/domains/continuous/test/auto/ResetTransitionWithStartTime2.xml (RunModel)" time="0.036" />
  <testcase classname="ptolemy.util.test.junit.AutoTests" name="[117] /home/travis/build/icyphy/ptII/ptolemy/domains/continuous/test/auto/ResetTransitionWithStartTime3.xml (RunModel)" time="0.038" />
  <testcase classname="ptolemy.util.test.junit.AutoTests" name="[118] /home/travis/build/icyphy/ptII/ptolemy/domains/continuous/test/auto/ResetTransitionWithStartTime4.xml (RunModel)" time="0.024" />
  <testcase classname="ptolemy.util.test.junit.AutoTests" name="[119] /home/travis/build/icyphy/ptII/ptolemy/domains/continuous/test/auto/ResetTransitionWithStartTime5.xml (RunModel)" time="0.037" />
  <testcase classname="ptolemy.util.test.junit.AutoTests" name="[120] /home/travis/build/icyphy/ptII/ptolemy/domains/continuous/test/auto/ResetTransitionWithStartTime6.xml (RunModel)" time="0.037" />
  <testcase classname="ptolemy.util.test.junit.AutoTests" name="[121] /home/travis/build/icyphy/ptII/ptolemy/domains/continuous/test/auto/SRinContinuous.xml (RunModel)" time="0.027" />
  <testcase classname="ptolemy.util.test.junit.AutoTests" name="[122] /home/travis/build/icyphy/ptII/ptolemy/domains/continuous/test/auto/SampledClocks.xml (RunModel)" time="0.027" />
  <testcase classname="ptolemy.util.test.junit.AutoTests" name="[123] /home/travis/build/icyphy/ptII/ptolemy/domains/continuous/test/auto/Satellite.xml (RunModel)" time="0.967" />
  <testcase classname="ptolemy.util.test.junit.AutoTests" name="[124] /home/travis/build/icyphy/ptII/ptolemy/domains/continuous/test/auto/SigmaDelta.xml (RunModel)" time="2.545" />
  <testcase classname="ptolemy.util.test.junit.AutoTests" name="[125] /home/travis/build/icyphy/ptII/ptolemy/domains/continuous/test/auto/SingleRefinement.xml (RunModel)" time="0.44" />
  <testcase classname="ptolemy.util.test.junit.AutoTests" name="[126] /home/travis/build/icyphy/ptII/ptolemy/domains/continuous/test/auto/SinuBouncingBall.xml (RunModel)" time="0.885" />
  <testcase classname="ptolemy.util.test.junit.AutoTests" name="[127] /home/travis/build/icyphy/ptII/ptolemy/domains/continuous/test/auto/Sinusoid.xml (RunModel)" time="0.028" />
  <testcase classname="ptolemy.util.test.junit.AutoTests" name="[128] /home/travis/build/icyphy/ptII/ptolemy/domains/continuous/test/auto/SinusoidInNoise.xml (RunModel)" time="1.099" />
  <testcase classname="ptolemy.util.test.junit.AutoTests" name="[129] /home/travis/build/icyphy/ptII/ptolemy/domains/continuous/test/auto/SinusoidRK45.xml (RunModel)" time="0.012" />
  <testcase classname="ptolemy.util.test.junit.AutoTests" name="[130] /home/travis/build/icyphy/ptII/ptolemy/domains/continuous/test/auto/SinusoidWithMultipleImpulses.xml (RunModel)" time="0.012" />
  <testcase classname="ptolemy.util.test.junit.AutoTests" name="[131] /home/travis/build/icyphy/ptII/ptolemy/domains/continuous/test/auto/SquareWave.xml (RunModel)" time="0.183" />
  <testcase classname="ptolemy.util.test.junit.AutoTests" name="[132] /home/travis/build/icyphy/ptII/ptolemy/domains/continuous/test/auto/Starmac.xml (RunModel)" time="3.367" />
  <testcase classname="ptolemy.util.test.junit.AutoTests" name="[133] /home/travis/build/icyphy/ptII/ptolemy/domains/continuous/test/auto/StaticUnits.xml (RunModel)" time="2.465" />
  <testcase classname="ptolemy.util.test.junit.AutoTests" name="[134] /home/travis/build/icyphy/ptII/ptolemy/domains/continuous/test/auto/StickyMasses.xml (RunModel)" time="0.237" />
  <testcase classname="ptolemy.util.test.junit.AutoTests" name="[135] /home/travis/build/icyphy/ptII/ptolemy/domains/continuous/test/auto/StopTime.xml (RunModel)" time="0.114" />
  <testcase classname="ptolemy.util.test.junit.AutoTests" name="[136] /home/travis/build/icyphy/ptII/ptolemy/domains/continuous/test/auto/StopTime2.xml (RunModel)" time="0.094" />
  <testcase classname="ptolemy.util.test.junit.AutoTests" name="[137] /home/travis/build/icyphy/ptII/ptolemy/domains/continuous/test/auto/Switch.xml (RunModel)" time="0.063" />
  <testcase classname="ptolemy.util.test.junit.AutoTests" name="[138] /home/travis/build/icyphy/ptII/ptolemy/domains/continuous/test/auto/Thermostat.xml (RunModel)" time="0.197" />
  <testcase classname="ptolemy.util.test.junit.AutoTests" name="[139] /home/travis/build/icyphy/ptII/ptolemy/domains/continuous/test/auto/TimeDelay.xml (RunModel)" time="0.014" />
  <testcase classname="ptolemy.util.test.junit.AutoTests" name="[140] /home/travis/build/icyphy/ptII/ptolemy/domains/continuous/test/auto/TimeDelay2.xml (RunModel)" time="0.019" />
  <testcase classname="ptolemy.util.test.junit.AutoTests" name="[141] /home/travis/build/icyphy/ptII/ptolemy/domains/continuous/test/auto/TimeDelay3.xml (RunModel)" time="0.01" />
  <testcase classname="ptolemy.util.test.junit.AutoTests" name="[142] /home/travis/build/icyphy/ptII/ptolemy/domains/continuous/test/auto/TransferAbsentToInside.xml (RunModel)" time="0.105" />
  <testcase classname="ptolemy.util.test.junit.AutoTests" name="[143] /home/travis/build/icyphy/ptII/ptolemy/domains/continuous/test/auto/Transmission.xml (RunModel)" time="0.798" />
  <testcase classname="ptolemy.util.test.junit.AutoTests" name="[144] /home/travis/build/icyphy/ptII/ptolemy/domains/continuous/test/auto/TriggeredContinuousClock.xml (RunModel)" time="0.1" />
  <testcase classname="ptolemy.util.test.junit.AutoTests" name="[145] /home/travis/build/icyphy/ptII/ptolemy/domains/continuous/test/auto/TwoMachineInfiniteBusControl.xml (RunModel)" time="3.081" />
  <testcase classname="ptolemy.util.test.junit.AutoTests" name="[146] /home/travis/build/icyphy/ptII/ptolemy/domains/continuous/test/auto/V2V.xml (RunModel)" time="0.767" />
  <testcase classname="ptolemy.util.test.junit.AutoTests" name="[147] /home/travis/build/icyphy/ptII/ptolemy/domains/continuous/test/auto/hierarchicalModalModel.xml (RunModel)" time="0.038" />
  <testcase classname="ptolemy.util.test.junit.AutoTests" name="[148] /home/travis/build/icyphy/ptII/ptolemy/domains/continuous/test/auto/hierarchicalModalModel1.xml (RunModel)" time="0.04" />
  <testcase classname="ptolemy.util.test.junit.AutoTests" name="[149] /home/travis/build/icyphy/ptII/ptolemy/domains/continuous/test/auto/hierarchicalModalModel2.xml (RunModel)" time="0.028" />
  <testcase classname="ptolemy.util.test.junit.AutoTests" name="[150] /home/travis/build/icyphy/ptII/ptolemy/domains/continuous/test/auto/hierarchicalModalModel3.xml (RunModel)" time="0.033" />
  <testcase classname="ptolemy.util.test.junit.AutoTests" name="[151] /home/travis/build/icyphy/ptII/ptolemy/domains/continuous/test/auto/hierarchicalModalModel4.xml (RunModel)" time="0.035" />
  <testcase classname="ptolemy.util.test.junit.AutoTests" name="[152] /home/travis/build/icyphy/ptII/ptolemy/domains/continuous/test/auto/junk.xml (RunModel)" time="0.155" />
  <system-out><![CDATA[No tcl tests in /home/travis/build/icyphy/ptII/ptolemy/domains/continuous/test
No auto/knownFailedTests/*.xml tests in /home/travis/build/icyphy/ptII/ptolemy/domains/continuous/test
No auto/linux-amd64/*.xml tests in /home/travis/build/icyphy/ptII/ptolemy/domains/continuous/test
AutoTests.java: About to close Vertx.
AutoTests.java: Vertx closed.

===========================================================================================
----------------- testing Mon Apr 15 04:06:22 UTC 2019 /home/travis/build/icyphy/ptII/ptolemy/domains/continuous/test/auto/BouncingBall.xml
----------------- Instantiating /home/travis/build/icyphy/ptII/ptolemy/domains/continuous/test/auto/BouncingBall.xml
2514 ms. Memory: 332288K Free: 258633K (78%)
----------------- Invoking toplevel() on ptolemy.moml.MoMLSimpleApplication@5f515f61
----------------- Done invoking toplevel() on ptolemy.moml.MoMLSimpleApplication@5f515f61
reloadAllAccessors: .BouncingBall

===========================================================================================
----------------- testing Mon Apr 15 04:06:25 UTC 2019 /home/travis/build/icyphy/ptII/ptolemy/domains/continuous/test/auto/BouncingBallWithoutGR.xml
----------------- Instantiating /home/travis/build/icyphy/ptII/ptolemy/domains/continuous/test/auto/BouncingBallWithoutGR.xml
804 ms. Memory: 332288K Free: 310437K (93%)
----------------- Invoking toplevel() on ptolemy.moml.MoMLSimpleApplication@2782171d
----------------- Done invoking toplevel() on ptolemy.moml.MoMLSimpleApplication@2782171d
reloadAllAccessors: .BouncingBallWithoutGR

===========================================================================================
----------------- testing Mon Apr 15 04:06:26 UTC 2019 /home/travis/build/icyphy/ptII/ptolemy/domains/continuous/test/auto/Brownian.xml
----------------- Instantiating /home/travis/build/icyphy/ptII/ptolemy/domains/continuous/test/auto/Brownian.xml
20 ms. Memory: 332288K Free: 296766K (89%)
----------------- Invoking toplevel() on ptolemy.moml.MoMLSimpleApplication@8cf2e7f
----------------- Done invoking toplevel() on ptolemy.moml.MoMLSimpleApplication@8cf2e7f
reloadAllAccessors: .Brownian

===========================================================================================
----------------- testing Mon Apr 15 04:06:26 UTC 2019 /home/travis/build/icyphy/ptII/ptolemy/domains/continuous/test/auto/CarTracking.xml
----------------- Instantiating /home/travis/build/icyphy/ptII/ptolemy/domains/continuous/test/auto/CarTracking.xml
3340 ms. Memory: 578560K Free: 459922K (79%)
----------------- Invoking toplevel() on ptolemy.moml.MoMLSimpleApplication@1d23fa4
----------------- Done invoking toplevel() on ptolemy.moml.MoMLSimpleApplication@1d23fa4
reloadAllAccessors: .CarTracking

===========================================================================================
----------------- testing Mon Apr 15 04:06:29 UTC 2019 /home/travis/build/icyphy/ptII/ptolemy/domains/continuous/test/auto/CartPendulum.xml
----------------- Instantiating /home/travis/build/icyphy/ptII/ptolemy/domains/continuous/test/auto/CartPendulum.xml
421 ms. Memory: 578560K Free: 355627K (61%)
----------------- Invoking toplevel() on ptolemy.moml.MoMLSimpleApplication@11b87721
----------------- Done invoking toplevel() on ptolemy.moml.MoMLSimpleApplication@11b87721
reloadAllAccessors: .CartPendulum

===========================================================================================
----------------- testing Mon Apr 15 04:06:30 UTC 2019 /home/travis/build/icyphy/ptII/ptolemy/domains/continuous/test/auto/CausalityInterface10.xml
----------------- Instantiating /home/travis/build/icyphy/ptII/ptolemy/domains/continuous/test/auto/CausalityInterface10.xml
7 ms. Memory: 578560K Free: 342503K (59%)
----------------- Invoking toplevel() on ptolemy.moml.MoMLSimpleApplication@7d9136cc
----------------- Done invoking toplevel() on ptolemy.moml.MoMLSimpleApplication@7d9136cc
reloadAllAccessors: .CausalityInterface10

===========================================================================================
----------------- testing Mon Apr 15 04:06:30 UTC 2019 /home/travis/build/icyphy/ptII/ptolemy/domains/continuous/test/auto/CausalityInterface11.xml
----------------- Instantiating /home/travis/build/icyphy/ptII/ptolemy/domains/continuous/test/auto/CausalityInterface11.xml
9 ms. Memory: 578560K Free: 332657K (57%)
----------------- Invoking toplevel() on ptolemy.moml.MoMLSimpleApplication@32a13bef
----------------- Done invoking toplevel() on ptolemy.moml.MoMLSimpleApplication@32a13bef
reloadAllAccessors: .CausalityInterface11

===========================================================================================
----------------- testing Mon Apr 15 04:06:30 UTC 2019 /home/travis/build/icyphy/ptII/ptolemy/domains/continuous/test/auto/CausalityInterface12.xml
----------------- Instantiating /home/travis/build/icyphy/ptII/ptolemy/domains/continuous/test/auto/CausalityInterface12.xml
4 ms. Memory: 578560K Free: 319956K (55%)
----------------- Invoking toplevel() on ptolemy.moml.MoMLSimpleApplication@3ffe8963
----------------- Done invoking toplevel() on ptolemy.moml.MoMLSimpleApplication@3ffe8963
reloadAllAccessors: .CausalityInterface12

===========================================================================================
----------------- testing Mon Apr 15 04:06:30 UTC 2019 /home/travis/build/icyphy/ptII/ptolemy/domains/continuous/test/auto/CausalityInterface13.xml
----------------- Instantiating /home/travis/build/icyphy/ptII/ptolemy/domains/continuous/test/auto/CausalityInterface13.xml
4 ms. Memory: 578560K Free: 310110K (54%)
----------------- Invoking toplevel() on ptolemy.moml.MoMLSimpleApplication@2bdaa35e
----------------- Done invoking toplevel() on ptolemy.moml.MoMLSimpleApplication@2bdaa35e
reloadAllAccessors: .CausalityInterface13

===========================================================================================
----------------- testing Mon Apr 15 04:06:30 UTC 2019 /home/travis/build/icyphy/ptII/ptolemy/domains/continuous/test/auto/CausalityInterface14.xml
----------------- Instantiating /home/travis/build/icyphy/ptII/ptolemy/domains/continuous/test/auto/CausalityInterface14.xml
3 ms. Memory: 578560K Free: 300263K (52%)
----------------- Invoking toplevel() on ptolemy.moml.MoMLSimpleApplication@19be338
----------------- Done invoking toplevel() on ptolemy.moml.MoMLSimpleApplication@19be338
reloadAllAccessors: .CausalityInterface14

===========================================================================================
----------------- testing Mon Apr 15 04:06:30 UTC 2019 /home/travis/build/icyphy/ptII/ptolemy/domains/continuous/test/auto/CausalityInterface4.xml
----------------- Instantiating /home/travis/build/icyphy/ptII/ptolemy/domains/continuous/test/auto/CausalityInterface4.xml
5 ms. Memory: 578560K Free: 290431K (50%)
----------------- Invoking toplevel() on ptolemy.moml.MoMLSimpleApplication@1efb7407
----------------- Done invoking toplevel() on ptolemy.moml.MoMLSimpleApplication@1efb7407
reloadAllAccessors: .CausalityInterface4

===========================================================================================
----------------- testing Mon Apr 15 04:06:30 UTC 2019 /home/travis/build/icyphy/ptII/ptolemy/domains/continuous/test/auto/CausalityInterface5.xml
----------------- Instantiating /home/travis/build/icyphy/ptII/ptolemy/domains/continuous/test/auto/CausalityInterface5.xml
8 ms. Memory: 578560K Free: 274455K (47%)
----------------- Invoking toplevel() on ptolemy.moml.MoMLSimpleApplication@7ff8659a
----------------- Done invoking toplevel() on ptolemy.moml.MoMLSimpleApplication@7ff8659a
reloadAllAccessors: .CausalityInterface5

===========================================================================================
----------------- testing Mon Apr 15 04:06:30 UTC 2019 /home/travis/build/icyphy/ptII/ptolemy/domains/continuous/test/auto/CausalityInterface6.xml
----------------- Instantiating /home/travis/build/icyphy/ptII/ptolemy/domains/continuous/test/auto/CausalityInterface6.xml
3 ms. Memory: 578560K Free: 264608K (46%)
----------------- Invoking toplevel() on ptolemy.moml.MoMLSimpleApplication@23b3b916
----------------- Done invoking toplevel() on ptolemy.moml.MoMLSimpleApplication@23b3b916
reloadAllAccessors: .CausalityInterface6

===========================================================================================
----------------- testing Mon Apr 15 04:06:30 UTC 2019 /home/travis/build/icyphy/ptII/ptolemy/domains/continuous/test/auto/CausalityInterface7.xml
----------------- Instantiating /home/travis/build/icyphy/ptII/ptolemy/domains/continuous/test/auto/CausalityInterface7.xml
14 ms. Memory: 578560K Free: 251492K (43%)
----------------- Invoking toplevel() on ptolemy.moml.MoMLSimpleApplication@69f51c0e
----------------- Done invoking toplevel() on ptolemy.moml.MoMLSimpleApplication@69f51c0e
reloadAllAccessors: .CausalityInterface7

===========================================================================================
----------------- testing Mon Apr 15 04:06:30 UTC 2019 /home/travis/build/icyphy/ptII/ptolemy/domains/continuous/test/auto/CausalityInterface8.xml
----------------- Instantiating /home/travis/build/icyphy/ptII/ptolemy/domains/continuous/test/auto/CausalityInterface8.xml
9 ms. Memory: 578560K Free: 238353K (41%)
----------------- Invoking toplevel() on ptolemy.moml.MoMLSimpleApplication@3df7ae
----------------- Done invoking toplevel() on ptolemy.moml.MoMLSimpleApplication@3df7ae
reloadAllAccessors: .CausalityInterface8

===========================================================================================
----------------- testing Mon Apr 15 04:06:30 UTC 2019 /home/travis/build/icyphy/ptII/ptolemy/domains/continuous/test/auto/CausalityInterface9.xml
----------------- Instantiating /home/travis/build/icyphy/ptII/ptolemy/domains/continuous/test/auto/CausalityInterface9.xml
9 ms. Memory: 578560K Free: 222376K (38%)
----------------- Invoking toplevel() on ptolemy.moml.MoMLSimpleApplication@4457f17d
----------------- Done invoking toplevel() on ptolemy.moml.MoMLSimpleApplication@4457f17d
reloadAllAccessors: .CausalityInterface9

===========================================================================================
----------------- testing Mon Apr 15 04:06:30 UTC 2019 /home/travis/build/icyphy/ptII/ptolemy/domains/continuous/test/auto/CausalityInterfaceFeedback1.xml
----------------- Instantiating /home/travis/build/icyphy/ptII/ptolemy/domains/continuous/test/auto/CausalityInterfaceFeedback1.xml
8 ms. Memory: 578560K Free: 212530K (37%)
----------------- Invoking toplevel() on ptolemy.moml.MoMLSimpleApplication@8766e77
----------------- Done invoking toplevel() on ptolemy.moml.MoMLSimpleApplication@8766e77
reloadAllAccessors: .CausalityInterfaceFeedback1

===========================================================================================
----------------- testing Mon Apr 15 04:06:30 UTC 2019 /home/travis/build/icyphy/ptII/ptolemy/domains/continuous/test/auto/CausalityInterfaceFeedback2.xml
----------------- Instantiating /home/travis/build/icyphy/ptII/ptolemy/domains/continuous/test/auto/CausalityInterfaceFeedback2.xml
3 ms. Memory: 578560K Free: 202683K (35%)
----------------- Invoking toplevel() on ptolemy.moml.MoMLSimpleApplication@45051e64
----------------- Done invoking toplevel() on ptolemy.moml.MoMLSimpleApplication@45051e64
reloadAllAccessors: .CausalityInterfaceFeedback2

===========================================================================================
----------------- testing Mon Apr 15 04:06:30 UTC 2019 /home/travis/build/icyphy/ptII/ptolemy/domains/continuous/test/auto/CompareWithCurrentTime.xml
----------------- Instantiating /home/travis/build/icyphy/ptII/ptolemy/domains/continuous/test/auto/CompareWithCurrentTime.xml
3 ms. Memory: 578560K Free: 193276K (33%)
----------------- Invoking toplevel() on ptolemy.moml.MoMLSimpleApplication@59447cfb
----------------- Done invoking toplevel() on ptolemy.moml.MoMLSimpleApplication@59447cfb
reloadAllAccessors: .CompareWithCurrentTime

===========================================================================================
----------------- testing Mon Apr 15 04:06:31 UTC 2019 /home/travis/build/icyphy/ptII/ptolemy/domains/continuous/test/auto/ComparedClocks.xml
----------------- Instantiating /home/travis/build/icyphy/ptII/ptolemy/domains/continuous/test/auto/ComparedClocks.xml
6 ms. Memory: 578560K Free: 173583K (30%)
----------------- Invoking toplevel() on ptolemy.moml.MoMLSimpleApplication@8d73520
----------------- Done invoking toplevel() on ptolemy.moml.MoMLSimpleApplication@8d73520
reloadAllAccessors: .ComparedClocks

===========================================================================================
----------------- testing Mon Apr 15 04:06:31 UTC 2019 /home/travis/build/icyphy/ptII/ptolemy/domains/continuous/test/auto/ContinuousAOCClone.xml
----------------- Instantiating /home/travis/build/icyphy/ptII/ptolemy/domains/continuous/test/auto/ContinuousAOCClone.xml
2483 ms. Memory: 872960K Free: 443839K (51%)
----------------- Invoking toplevel() on ptolemy.moml.MoMLSimpleApplication@5a640f5d
----------------- Done invoking toplevel() on ptolemy.moml.MoMLSimpleApplication@5a640f5d
reloadAllAccessors: .ContinuousAOCClone

===========================================================================================
----------------- testing Mon Apr 15 04:06:33 UTC 2019 /home/travis/build/icyphy/ptII/ptolemy/domains/continuous/test/auto/ContinuousClock.xml
----------------- Instantiating /home/travis/build/icyphy/ptII/ptolemy/domains/continuous/test/auto/ContinuousClock.xml
31 ms. Memory: 872960K Free: 411013K (47%)
----------------- Invoking toplevel() on ptolemy.moml.MoMLSimpleApplication@29835807
----------------- Done invoking toplevel() on ptolemy.moml.MoMLSimpleApplication@29835807
reloadAllAccessors: .ContinuousClock

===========================================================================================
----------------- testing Mon Apr 15 04:06:33 UTC 2019 /home/travis/build/icyphy/ptII/ptolemy/domains/continuous/test/auto/ContinuousInContinuous.xml
----------------- Instantiating /home/travis/build/icyphy/ptII/ptolemy/domains/continuous/test/auto/ContinuousInContinuous.xml
39 ms. Memory: 872960K Free: 379556K (43%)
----------------- Invoking toplevel() on ptolemy.moml.MoMLSimpleApplication@4dba8e3e
----------------- Done invoking toplevel() on ptolemy.moml.MoMLSimpleApplication@4dba8e3e
reloadAllAccessors: .ContinuousInContinuous

===========================================================================================
----------------- testing Mon Apr 15 04:06:33 UTC 2019 /home/travis/build/icyphy/ptII/ptolemy/domains/continuous/test/auto/ContinuousInContinuousInContinuous.xml
----------------- Instantiating /home/travis/build/icyphy/ptII/ptolemy/domains/continuous/test/auto/ContinuousInContinuousInContinuous.xml
12 ms. Memory: 872960K Free: 363830K (42%)
----------------- Invoking toplevel() on ptolemy.moml.MoMLSimpleApplication@3116e5
----------------- Done invoking toplevel() on ptolemy.moml.MoMLSimpleApplication@3116e5
reloadAllAccessors: .ContinuousInContinuousInContinuous

===========================================================================================
----------------- testing Mon Apr 15 04:06:34 UTC 2019 /home/travis/build/icyphy/ptII/ptolemy/domains/continuous/test/auto/ContinuousInDE.xml
----------------- Instantiating /home/travis/build/icyphy/ptII/ptolemy/domains/continuous/test/auto/ContinuousInDE.xml
97 ms. Memory: 872960K Free: 345018K (40%)
----------------- Invoking toplevel() on ptolemy.moml.MoMLSimpleApplication@4210172f
----------------- Done invoking toplevel() on ptolemy.moml.MoMLSimpleApplication@4210172f
reloadAllAccessors: .ContinuousInDE

===========================================================================================
----------------- testing Mon Apr 15 04:06:34 UTC 2019 /home/travis/build/icyphy/ptII/ptolemy/domains/continuous/test/auto/ContinuousInDE2.xml
----------------- Instantiating /home/travis/build/icyphy/ptII/ptolemy/domains/continuous/test/auto/ContinuousInDE2.xml
45 ms. Memory: 872960K Free: 329300K (38%)
----------------- Invoking toplevel() on ptolemy.moml.MoMLSimpleApplication@267b9008
----------------- Done invoking toplevel() on ptolemy.moml.MoMLSimpleApplication@267b9008
reloadAllAccessors: .ContinuousInDE2

===========================================================================================
----------------- testing Mon Apr 15 04:06:34 UTC 2019 /home/travis/build/icyphy/ptII/ptolemy/domains/continuous/test/auto/ContinuousInDE3.xml
----------------- Instantiating /home/travis/build/icyphy/ptII/ptolemy/domains/continuous/test/auto/ContinuousInDE3.xml
40 ms. Memory: 872960K Free: 313581K (36%)
----------------- Invoking toplevel() on ptolemy.moml.MoMLSimpleApplication@1bfb0433
----------------- Done invoking toplevel() on ptolemy.moml.MoMLSimpleApplication@1bfb0433
reloadAllAccessors: .ContinuousInDE3

===========================================================================================
----------------- testing Mon Apr 15 04:06:34 UTC 2019 /home/travis/build/icyphy/ptII/ptolemy/domains/continuous/test/auto/ContinuousInDE4.xml
----------------- Instantiating /home/travis/build/icyphy/ptII/ptolemy/domains/continuous/test/auto/ContinuousInDE4.xml
17 ms. Memory: 872960K Free: 303102K (35%)
----------------- Invoking toplevel() on ptolemy.moml.MoMLSimpleApplication@4e81b682
----------------- Done invoking toplevel() on ptolemy.moml.MoMLSimpleApplication@4e81b682
reloadAllAccessors: .ContinuousInDE4

===========================================================================================
----------------- testing Mon Apr 15 04:06:34 UTC 2019 /home/travis/build/icyphy/ptII/ptolemy/domains/continuous/test/auto/ContinuousInDEDifferentRefinements.xml
----------------- Instantiating /home/travis/build/icyphy/ptII/ptolemy/domains/continuous/test/auto/ContinuousInDEDifferentRefinements.xml
65 ms. Memory: 872960K Free: 263292K (30%)
----------------- Invoking toplevel() on ptolemy.moml.MoMLSimpleApplication@4eecac85
----------------- Done invoking toplevel() on ptolemy.moml.MoMLSimpleApplication@4eecac85
reloadAllAccessors: .ContinuousInDEDifferentRefinements

===========================================================================================
----------------- testing Mon Apr 15 04:06:34 UTC 2019 /home/travis/build/icyphy/ptII/ptolemy/domains/continuous/test/auto/ContinuousInDEDifferentRefinementsPreemptive.xml
----------------- Instantiating /home/travis/build/icyphy/ptII/ptolemy/domains/continuous/test/auto/ContinuousInDEDifferentRefinementsPreemptive.xml
43 ms. Memory: 872960K Free: 226560K (26%)
----------------- Invoking toplevel() on ptolemy.moml.MoMLSimpleApplication@5e42ae5d
----------------- Done invoking toplevel() on ptolemy.moml.MoMLSimpleApplication@5e42ae5d
reloadAllAccessors: .ContinuousInDEDifferentRefinementsPreemptive

===========================================================================================
----------------- testing Mon Apr 15 04:06:34 UTC 2019 /home/travis/build/icyphy/ptII/ptolemy/domains/continuous/test/auto/ContinuousInDEInContinuous2.xml
----------------- Instantiating /home/travis/build/icyphy/ptII/ptolemy/domains/continuous/test/auto/ContinuousInDEInContinuous2.xml
41 ms. Memory: 872960K Free: 210841K (24%)
----------------- Invoking toplevel() on ptolemy.moml.MoMLSimpleApplication@1e21b5c8
----------------- Done invoking toplevel() on ptolemy.moml.MoMLSimpleApplication@1e21b5c8
reloadAllAccessors: .ContinuousInDEInContinuous2

===========================================================================================
----------------- testing Mon Apr 15 04:06:34 UTC 2019 /home/travis/build/icyphy/ptII/ptolemy/domains/continuous/test/auto/ContinuousInDEInContinuous3.xml
----------------- Instantiating /home/travis/build/icyphy/ptII/ptolemy/domains/continuous/test/auto/ContinuousInDEInContinuous3.xml
43 ms. Memory: 872960K Free: 189867K (22%)
----------------- Invoking toplevel() on ptolemy.moml.MoMLSimpleApplication@6335b155
----------------- Done invoking toplevel() on ptolemy.moml.MoMLSimpleApplication@6335b155
reloadAllAccessors: .ContinuousInDEInContinuous3

===========================================================================================
----------------- testing Mon Apr 15 04:06:34 UTC 2019 /home/travis/build/icyphy/ptII/ptolemy/domains/continuous/test/auto/ContinuousInDEInput.xml
----------------- Instantiating /home/travis/build/icyphy/ptII/ptolemy/domains/continuous/test/auto/ContinuousInDEInput.xml
16 ms. Memory: 872960K Free: 176295K (20%)
----------------- Invoking toplevel() on ptolemy.moml.MoMLSimpleApplication@4a160761
----------------- Done invoking toplevel() on ptolemy.moml.MoMLSimpleApplication@4a160761
reloadAllAccessors: .ContinuousInDEInput

===========================================================================================
----------------- testing Mon Apr 15 04:06:34 UTC 2019 /home/travis/build/icyphy/ptII/ptolemy/domains/continuous/test/auto/ContinuousInDEInput2.xml
----------------- Instantiating /home/travis/build/icyphy/ptII/ptolemy/domains/continuous/test/auto/ContinuousInDEInput2.xml
16 ms. Memory: 872960K Free: 165816K (19%)
----------------- Invoking toplevel() on ptolemy.moml.MoMLSimpleApplication@6645bb9f
----------------- Done invoking toplevel() on ptolemy.moml.MoMLSimpleApplication@6645bb9f
reloadAllAccessors: .ContinuousInDEInput2

===========================================================================================
----------------- testing Mon Apr 15 04:06:34 UTC 2019 /home/travis/build/icyphy/ptII/ptolemy/domains/continuous/test/auto/ContinuousInDEInput3.xml
----------------- Instantiating /home/travis/build/icyphy/ptII/ptolemy/domains/continuous/test/auto/ContinuousInDEInput3.xml
13 ms. Memory: 872960K Free: 155337K (18%)
----------------- Invoking toplevel() on ptolemy.moml.MoMLSimpleApplication@3c3f2b45
----------------- Done invoking toplevel() on ptolemy.moml.MoMLSimpleApplication@3c3f2b45
reloadAllAccessors: .ContinuousInDEInput3

===========================================================================================
----------------- testing Mon Apr 15 04:06:34 UTC 2019 /home/travis/build/icyphy/ptII/ptolemy/domains/continuous/test/auto/ContinuousInDESharingRefinement.xml
----------------- Instantiating /home/travis/build/icyphy/ptII/ptolemy/domains/continuous/test/auto/ContinuousInDESharingRefinement.xml
182 ms. Memory: 830464K Free: 801605K (97%)
----------------- Invoking toplevel() on ptolemy.moml.MoMLSimpleApplication@32a9ec66
----------------- Done invoking toplevel() on ptolemy.moml.MoMLSimpleApplication@32a9ec66
reloadAllAccessors: .ContinuousInDESharingRefinement

===========================================================================================
----------------- testing Mon Apr 15 04:06:35 UTC 2019 /home/travis/build/icyphy/ptII/ptolemy/domains/continuous/test/auto/ContinuousInDEwithNoPorts.xml
----------------- Instantiating /home/travis/build/icyphy/ptII/ptolemy/domains/continuous/test/auto/ContinuousInDEwithNoPorts.xml
7 ms. Memory: 830464K Free: 789586K (95%)
----------------- Invoking toplevel() on ptolemy.moml.MoMLSimpleApplication@7607825e
----------------- Done invoking toplevel() on ptolemy.moml.MoMLSimpleApplication@7607825e
reloadAllAccessors: .ContinuousInDEwithNoPorts

===========================================================================================
----------------- testing Mon Apr 15 04:06:35 UTC 2019 /home/travis/build/icyphy/ptII/ptolemy/domains/continuous/test/auto/ContinuousInsideDE.xml
----------------- Instantiating /home/travis/build/icyphy/ptII/ptolemy/domains/continuous/test/auto/ContinuousInsideDE.xml
48 ms. Memory: 830464K Free: 770856K (93%)
----------------- Invoking toplevel() on ptolemy.moml.MoMLSimpleApplication@57f8a247
----------------- Done invoking toplevel() on ptolemy.moml.MoMLSimpleApplication@57f8a247
reloadAllAccessors: .ContinuousInsideDE

===========================================================================================
----------------- testing Mon Apr 15 04:06:35 UTC 2019 /home/travis/build/icyphy/ptII/ptolemy/domains/continuous/test/auto/ContinuousMerge1.xml
----------------- Instantiating /home/travis/build/icyphy/ptII/ptolemy/domains/continuous/test/auto/ContinuousMerge1.xml
2 ms. Memory: 830464K Free: 761381K (92%)
----------------- Invoking toplevel() on ptolemy.moml.MoMLSimpleApplication@2cc70077
----------------- Done invoking toplevel() on ptolemy.moml.MoMLSimpleApplication@2cc70077
reloadAllAccessors: .ContinuousMerge1

===========================================================================================
----------------- testing Mon Apr 15 04:06:35 UTC 2019 /home/travis/build/icyphy/ptII/ptolemy/domains/continuous/test/auto/ContinuousMerge2.xml
----------------- Instantiating /home/travis/build/icyphy/ptII/ptolemy/domains/continuous/test/auto/ContinuousMerge2.xml
16 ms. Memory: 830464K Free: 746231K (90%)
----------------- Invoking toplevel() on ptolemy.moml.MoMLSimpleApplication@60913c4d
----------------- Done invoking toplevel() on ptolemy.moml.MoMLSimpleApplication@60913c4d
reloadAllAccessors: .ContinuousMerge2

===========================================================================================
----------------- testing Mon Apr 15 04:06:35 UTC 2019 /home/travis/build/icyphy/ptII/ptolemy/domains/continuous/test/auto/ContinuousMerge3.xml
----------------- Instantiating /home/travis/build/icyphy/ptII/ptolemy/domains/continuous/test/auto/ContinuousMerge3.xml
44 ms. Memory: 830464K Free: 729271K (88%)
----------------- Invoking toplevel() on ptolemy.moml.MoMLSimpleApplication@56808c52
----------------- Done invoking toplevel() on ptolemy.moml.MoMLSimpleApplication@56808c52
reloadAllAccessors: .ContinuousMerge3

===========================================================================================
----------------- testing Mon Apr 15 04:06:35 UTC 2019 /home/travis/build/icyphy/ptII/ptolemy/domains/continuous/test/auto/ContinuousWithinContinuous.xml
----------------- Instantiating /home/travis/build/icyphy/ptII/ptolemy/domains/continuous/test/auto/ContinuousWithinContinuous.xml
44 ms. Memory: 830464K Free: 714284K (86%)
----------------- Invoking toplevel() on ptolemy.moml.MoMLSimpleApplication@3f286e10
----------------- Done invoking toplevel() on ptolemy.moml.MoMLSimpleApplication@3f286e10
reloadAllAccessors: .ContinuousWithinContinuous

===========================================================================================
----------------- testing Mon Apr 15 04:06:35 UTC 2019 /home/travis/build/icyphy/ptII/ptolemy/domains/continuous/test/auto/ContinuousWithinContinuous2.xml
----------------- Instantiating /home/travis/build/icyphy/ptII/ptolemy/domains/continuous/test/auto/ContinuousWithinContinuous2.xml
75 ms. Memory: 830464K Free: 703056K (85%)
----------------- Invoking toplevel() on ptolemy.moml.MoMLSimpleApplication@a126c0
----------------- Done invoking toplevel() on ptolemy.moml.MoMLSimpleApplication@a126c0
reloadAllAccessors: .ContinuousWithinContinuous2

===========================================================================================
----------------- testing Mon Apr 15 04:06:35 UTC 2019 /home/travis/build/icyphy/ptII/ptolemy/domains/continuous/test/auto/ContinuousWithinContinuous3.xml
----------------- Instantiating /home/travis/build/icyphy/ptII/ptolemy/domains/continuous/test/auto/ContinuousWithinContinuous3.xml
17 ms. Memory: 830464K Free: 689822K (83%)
----------------- Invoking toplevel() on ptolemy.moml.MoMLSimpleApplication@3feec30e
----------------- Done invoking toplevel() on ptolemy.moml.MoMLSimpleApplication@3feec30e
reloadAllAccessors: .ContinuousWithinContinuous3

===========================================================================================
----------------- testing Mon Apr 15 04:06:35 UTC 2019 /home/travis/build/icyphy/ptII/ptolemy/domains/continuous/test/auto/ContinuousWithinContinuous4.xml
----------------- Instantiating /home/travis/build/icyphy/ptII/ptolemy/domains/continuous/test/auto/ContinuousWithinContinuous4.xml
73 ms. Memory: 830464K Free: 671092K (81%)
----------------- Invoking toplevel() on ptolemy.moml.MoMLSimpleApplication@115ef4b7
----------------- Done invoking toplevel() on ptolemy.moml.MoMLSimpleApplication@115ef4b7
reloadAllAccessors: .ContinuousWithinContinuous4

===========================================================================================
----------------- testing Mon Apr 15 04:06:35 UTC 2019 /home/travis/build/icyphy/ptII/ptolemy/domains/continuous/test/auto/ContinuousWithinContinuous5.xml
----------------- Instantiating /home/travis/build/icyphy/ptII/ptolemy/domains/continuous/test/auto/ContinuousWithinContinuous5.xml
14 ms. Memory: 830464K Free: 657859K (79%)
----------------- Invoking toplevel() on ptolemy.moml.MoMLSimpleApplication@5c3277a9
----------------- Done invoking toplevel() on ptolemy.moml.MoMLSimpleApplication@5c3277a9
reloadAllAccessors: .ContinuousWithinContinuous5

===========================================================================================
----------------- testing Mon Apr 15 04:06:35 UTC 2019 /home/travis/build/icyphy/ptII/ptolemy/domains/continuous/test/auto/ContinuousWithinContinuous6.xml
----------------- Instantiating /home/travis/build/icyphy/ptII/ptolemy/domains/continuous/test/auto/ContinuousWithinContinuous6.xml
13 ms. Memory: 830464K Free: 646623K (78%)
----------------- Invoking toplevel() on ptolemy.moml.MoMLSimpleApplication@5b4b4de9
----------------- Done invoking toplevel() on ptolemy.moml.MoMLSimpleApplication@5b4b4de9
reloadAllAccessors: .ContinuousWithinContinuous6

===========================================================================================
----------------- testing Mon Apr 15 04:06:35 UTC 2019 /home/travis/build/icyphy/ptII/ptolemy/domains/continuous/test/auto/ContinuousWithinContinuous7.xml
----------------- Instantiating /home/travis/build/icyphy/ptII/ptolemy/domains/continuous/test/auto/ContinuousWithinContinuous7.xml
61 ms. Memory: 830464K Free: 635395K (77%)
----------------- Invoking toplevel() on ptolemy.moml.MoMLSimpleApplication@c5e1612
----------------- Done invoking toplevel() on ptolemy.moml.MoMLSimpleApplication@c5e1612
reloadAllAccessors: .ContinuousWithinContinuous7

===========================================================================================
----------------- testing Mon Apr 15 04:06:35 UTC 2019 /home/travis/build/icyphy/ptII/ptolemy/domains/continuous/test/auto/DCMotor.xml
----------------- Instantiating /home/travis/build/icyphy/ptII/ptolemy/domains/continuous/test/auto/DCMotor.xml
15553 ms. Memory: 668160K Free: 494712K (74%)
----------------- Invoking toplevel() on ptolemy.moml.MoMLSimpleApplication@6ea4f83a
----------------- Done invoking toplevel() on ptolemy.moml.MoMLSimpleApplication@6ea4f83a
reloadAllAccessors: .DCMotor

===========================================================================================
----------------- testing Mon Apr 15 04:06:51 UTC 2019 /home/travis/build/icyphy/ptII/ptolemy/domains/continuous/test/auto/DEInContinuous.xml
----------------- Instantiating /home/travis/build/icyphy/ptII/ptolemy/domains/continuous/test/auto/DEInContinuous.xml
19 ms. Memory: 668160K Free: 480222K (72%)
----------------- Invoking toplevel() on ptolemy.moml.MoMLSimpleApplication@5ca18a8a
----------------- Done invoking toplevel() on ptolemy.moml.MoMLSimpleApplication@5ca18a8a
reloadAllAccessors: .DEInContinuous

===========================================================================================
----------------- testing Mon Apr 15 04:06:51 UTC 2019 /home/travis/build/icyphy/ptII/ptolemy/domains/continuous/test/auto/DEinContinuous2.xml
----------------- Instantiating /home/travis/build/icyphy/ptII/ptolemy/domains/continuous/test/auto/DEinContinuous2.xml
8 ms. Memory: 668160K Free: 461520K (69%)
----------------- Invoking toplevel() on ptolemy.moml.MoMLSimpleApplication@6f66a5d3
----------------- Done invoking toplevel() on ptolemy.moml.MoMLSimpleApplication@6f66a5d3
reloadAllAccessors: .DEinContinuous2

===========================================================================================
----------------- testing Mon Apr 15 04:06:51 UTC 2019 /home/travis/build/icyphy/ptII/ptolemy/domains/continuous/test/auto/Derivative.xml
----------------- Instantiating /home/travis/build/icyphy/ptII/ptolemy/domains/continuous/test/auto/Derivative.xml
157 ms. Memory: 668160K Free: 425181K (64%)
----------------- Invoking toplevel() on ptolemy.moml.MoMLSimpleApplication@18209eb5
----------------- Done invoking toplevel() on ptolemy.moml.MoMLSimpleApplication@18209eb5
reloadAllAccessors: .Derivative2

===========================================================================================
----------------- testing Mon Apr 15 04:06:51 UTC 2019 /home/travis/build/icyphy/ptII/ptolemy/domains/continuous/test/auto/Derivative1.xml
----------------- Instantiating /home/travis/build/icyphy/ptII/ptolemy/domains/continuous/test/auto/Derivative1.xml
22 ms. Memory: 668160K Free: 406495K (61%)
----------------- Invoking toplevel() on ptolemy.moml.MoMLSimpleApplication@306114b6
----------------- Done invoking toplevel() on ptolemy.moml.MoMLSimpleApplication@306114b6
reloadAllAccessors: .Derivative1

===========================================================================================
----------------- testing Mon Apr 15 04:06:51 UTC 2019 /home/travis/build/icyphy/ptII/ptolemy/domains/continuous/test/auto/DiscreteClock.xml
----------------- Instantiating /home/travis/build/icyphy/ptII/ptolemy/domains/continuous/test/auto/DiscreteClock.xml
11 ms. Memory: 668160K Free: 394760K (59%)
----------------- Invoking toplevel() on ptolemy.moml.MoMLSimpleApplication@4e30dc43
----------------- Done invoking toplevel() on ptolemy.moml.MoMLSimpleApplication@4e30dc43
reloadAllAccessors: .DiscreteClock

===========================================================================================
----------------- testing Mon Apr 15 04:06:51 UTC 2019 /home/travis/build/icyphy/ptII/ptolemy/domains/continuous/test/auto/EfficiencyCurve.xml
----------------- Instantiating /home/travis/build/icyphy/ptII/ptolemy/domains/continuous/test/auto/EfficiencyCurve.xml
43 ms. Memory: 668160K Free: 381942K (57%)
----------------- Invoking toplevel() on ptolemy.moml.MoMLSimpleApplication@59ac9c8
----------------- Done invoking toplevel() on ptolemy.moml.MoMLSimpleApplication@59ac9c8
reloadAllAccessors: .EfficiencyCurve

===========================================================================================
----------------- testing Mon Apr 15 04:06:51 UTC 2019 /home/travis/build/icyphy/ptII/ptolemy/domains/continuous/test/auto/ExponentialResponse.xml
----------------- Instantiating /home/travis/build/icyphy/ptII/ptolemy/domains/continuous/test/auto/ExponentialResponse.xml
109 ms. Memory: 668160K Free: 357389K (53%)
----------------- Invoking toplevel() on ptolemy.moml.MoMLSimpleApplication@57dd635f
----------------- Done invoking toplevel() on ptolemy.moml.MoMLSimpleApplication@57dd635f
reloadAllAccessors: .ExponentialResponse

===========================================================================================
----------------- testing Mon Apr 15 04:06:51 UTC 2019 /home/travis/build/icyphy/ptII/ptolemy/domains/continuous/test/auto/ExponentialResponseRK45.xml
----------------- Instantiating /home/travis/build/icyphy/ptII/ptolemy/domains/continuous/test/auto/ExponentialResponseRK45.xml
27 ms. Memory: 668160K Free: 344571K (52%)
----------------- Invoking toplevel() on ptolemy.moml.MoMLSimpleApplication@2aaa896e
----------------- Done invoking toplevel() on ptolemy.moml.MoMLSimpleApplication@2aaa896e
reloadAllAccessors: .ExponentialResponseRK45

===========================================================================================
----------------- testing Mon Apr 15 04:06:52 UTC 2019 /home/travis/build/icyphy/ptII/ptolemy/domains/continuous/test/auto/Friction.xml
----------------- Instantiating /home/travis/build/icyphy/ptII/ptolemy/domains/continuous/test/auto/Friction.xml
1448 ms. Memory: 647168K Free: 457389K (71%)
----------------- Invoking toplevel() on ptolemy.moml.MoMLSimpleApplication@6997ab88
----------------- Done invoking toplevel() on ptolemy.moml.MoMLSimpleApplication@6997ab88
reloadAllAccessors: .Friction

===========================================================================================
----------------- testing Mon Apr 15 04:06:53 UTC 2019 /home/travis/build/icyphy/ptII/ptolemy/domains/continuous/test/auto/FurutaPendulum.xml
----------------- Instantiating /home/travis/build/icyphy/ptII/ptolemy/domains/continuous/test/auto/FurutaPendulum.xml
3520 ms. Memory: 617472K Free: 450627K (73%)
----------------- Invoking toplevel() on ptolemy.moml.MoMLSimpleApplication@73497abb
----------------- Done invoking toplevel() on ptolemy.moml.MoMLSimpleApplication@73497abb
reloadAllAccessors: .FurutaPendulum

===========================================================================================
----------------- testing Mon Apr 15 04:06:57 UTC 2019 /home/travis/build/icyphy/ptII/ptolemy/domains/continuous/test/auto/HierarchicalExecution.xml
----------------- Instantiating /home/travis/build/icyphy/ptII/ptolemy/domains/continuous/test/auto/HierarchicalExecution.xml
1994 ms. Memory: 617472K Free: 136837K (22%)
----------------- Invoking toplevel() on ptolemy.moml.MoMLSimpleApplication@59d4463a
----------------- Done invoking toplevel() on ptolemy.moml.MoMLSimpleApplication@59d4463a
reloadAllAccessors: .HierarchicalExecution

===========================================================================================
----------------- testing Mon Apr 15 04:06:59 UTC 2019 /home/travis/build/icyphy/ptII/ptolemy/domains/continuous/test/auto/HybridPlant.xml
----------------- Instantiating /home/travis/build/icyphy/ptII/ptolemy/domains/continuous/test/auto/HybridPlant.xml
495 ms. Memory: 589824K Free: 365569K (62%)
----------------- Invoking toplevel() on ptolemy.moml.MoMLSimpleApplication@4b51b6c5
----------------- Done invoking toplevel() on ptolemy.moml.MoMLSimpleApplication@4b51b6c5
reloadAllAccessors: .HybridPlant

===========================================================================================
----------------- testing Mon Apr 15 04:07:00 UTC 2019 /home/travis/build/icyphy/ptII/ptolemy/domains/continuous/test/auto/Hysteresis.xml
----------------- Instantiating /home/travis/build/icyphy/ptII/ptolemy/domains/continuous/test/auto/Hysteresis.xml
133 ms. Memory: 589824K Free: 298703K (51%)
----------------- Invoking toplevel() on ptolemy.moml.MoMLSimpleApplication@1441f321
----------------- Done invoking toplevel() on ptolemy.moml.MoMLSimpleApplication@1441f321
reloadAllAccessors: .Hysteresis

===========================================================================================
----------------- testing Mon Apr 15 04:07:00 UTC 2019 /home/travis/build/icyphy/ptII/ptolemy/domains/continuous/test/auto/HysteresisWithRandomDelay.xml
----------------- Instantiating /home/travis/build/icyphy/ptII/ptolemy/domains/continuous/test/auto/HysteresisWithRandomDelay.xml
160 ms. Memory: 589824K Free: 219703K (37%)
----------------- Invoking toplevel() on ptolemy.moml.MoMLSimpleApplication@4a9e5bef
----------------- Done invoking toplevel() on ptolemy.moml.MoMLSimpleApplication@4a9e5bef
reloadAllAccessors: .HysteresisWithRandomDelay

===========================================================================================
----------------- testing Mon Apr 15 04:07:00 UTC 2019 /home/travis/build/icyphy/ptII/ptolemy/domains/continuous/test/auto/HysteresisWithRandomLosses.xml
----------------- Instantiating /home/travis/build/icyphy/ptII/ptolemy/domains/continuous/test/auto/HysteresisWithRandomLosses.xml
2303 ms. Memory: 543232K Free: 391267K (72%)
----------------- Invoking toplevel() on ptolemy.moml.MoMLSimpleApplication@29fe769a
----------------- Done invoking toplevel() on ptolemy.moml.MoMLSimpleApplication@29fe769a
reloadAllAccessors: .HysteresisWithRandomLosses

===========================================================================================
----------------- testing Mon Apr 15 04:07:02 UTC 2019 /home/travis/build/icyphy/ptII/ptolemy/domains/continuous/test/auto/ImmediateTransitions.xml
----------------- Instantiating /home/travis/build/icyphy/ptII/ptolemy/domains/continuous/test/auto/ImmediateTransitions.xml
10 ms. Memory: 543232K Free: 373133K (69%)
----------------- Invoking toplevel() on ptolemy.moml.MoMLSimpleApplication@42d2ce6b
----------------- Done invoking toplevel() on ptolemy.moml.MoMLSimpleApplication@42d2ce6b
reloadAllAccessors: .ImmediateTransitions

===========================================================================================
----------------- testing Mon Apr 15 04:07:03 UTC 2019 /home/travis/build/icyphy/ptII/ptolemy/domains/continuous/test/auto/ImpulseFeedback.xml
----------------- Instantiating /home/travis/build/icyphy/ptII/ptolemy/domains/continuous/test/auto/ImpulseFeedback.xml
8 ms. Memory: 543232K Free: 363114K (67%)
----------------- Invoking toplevel() on ptolemy.moml.MoMLSimpleApplication@548a5f4b
----------------- Done invoking toplevel() on ptolemy.moml.MoMLSimpleApplication@548a5f4b
reloadAllAccessors: .ImpulseFeedback

===========================================================================================
----------------- testing Mon Apr 15 04:07:03 UTC 2019 /home/travis/build/icyphy/ptII/ptolemy/domains/continuous/test/auto/ImpulseFeedback2.xml
----------------- Instantiating /home/travis/build/icyphy/ptII/ptolemy/domains/continuous/test/auto/ImpulseFeedback2.xml
6 ms. Memory: 543232K Free: 352916K (65%)
----------------- Invoking toplevel() on ptolemy.moml.MoMLSimpleApplication@3a0578f1
----------------- Done invoking toplevel() on ptolemy.moml.MoMLSimpleApplication@3a0578f1
reloadAllAccessors: .ImpulseFeedback2

===========================================================================================
----------------- testing Mon Apr 15 04:07:03 UTC 2019 /home/travis/build/icyphy/ptII/ptolemy/domains/continuous/test/auto/IncreasingRatePoisson.xml
----------------- Instantiating /home/travis/build/icyphy/ptII/ptolemy/domains/continuous/test/auto/IncreasingRatePoisson.xml
752 ms. Memory: 521728K Free: 461857K (89%)
----------------- Invoking toplevel() on ptolemy.moml.MoMLSimpleApplication@13ce3277
----------------- Done invoking toplevel() on ptolemy.moml.MoMLSimpleApplication@13ce3277
reloadAllAccessors: .IncreasingRatePoisson

===========================================================================================
----------------- testing Mon Apr 15 04:07:03 UTC 2019 /home/travis/build/icyphy/ptII/ptolemy/domains/continuous/test/auto/InitialStateFeedback.xml
----------------- Instantiating /home/travis/build/icyphy/ptII/ptolemy/domains/continuous/test/auto/InitialStateFeedback.xml
3 ms. Memory: 521728K Free: 453483K (87%)
----------------- Invoking toplevel() on ptolemy.moml.MoMLSimpleApplication@52520949
----------------- Done invoking toplevel() on ptolemy.moml.MoMLSimpleApplication@52520949
reloadAllAccessors: .InitialStateFeedback

===========================================================================================
----------------- testing Mon Apr 15 04:07:03 UTC 2019 /home/travis/build/icyphy/ptII/ptolemy/domains/continuous/test/auto/Integration.xml
----------------- Instantiating /home/travis/build/icyphy/ptII/ptolemy/domains/continuous/test/auto/Integration.xml
2 ms. Memory: 521728K Free: 446780K (86%)
----------------- Invoking toplevel() on ptolemy.moml.MoMLSimpleApplication@6f2bea87
----------------- Done invoking toplevel() on ptolemy.moml.MoMLSimpleApplication@6f2bea87
reloadAllAccessors: .Integration

===========================================================================================
----------------- testing Mon Apr 15 04:07:03 UTC 2019 /home/travis/build/icyphy/ptII/ptolemy/domains/continuous/test/auto/Integration2.xml
----------------- Instantiating /home/travis/build/icyphy/ptII/ptolemy/domains/continuous/test/auto/Integration2.xml
76 ms. Memory: 521728K Free: 428335K (82%)
----------------- Invoking toplevel() on ptolemy.moml.MoMLSimpleApplication@1b5470e2
----------------- Done invoking toplevel() on ptolemy.moml.MoMLSimpleApplication@1b5470e2
reloadAllAccessors: .Integration2

===========================================================================================
----------------- testing Mon Apr 15 04:07:03 UTC 2019 /home/travis/build/icyphy/ptII/ptolemy/domains/continuous/test/auto/Integration3.xml
----------------- Instantiating /home/travis/build/icyphy/ptII/ptolemy/domains/continuous/test/auto/Integration3.xml
2 ms. Memory: 521728K Free: 421633K (81%)
----------------- Invoking toplevel() on ptolemy.moml.MoMLSimpleApplication@59254078
----------------- Done invoking toplevel() on ptolemy.moml.MoMLSimpleApplication@59254078
reloadAllAccessors: .Integration3

===========================================================================================
----------------- testing Mon Apr 15 04:07:03 UTC 2019 /home/travis/build/icyphy/ptII/ptolemy/domains/continuous/test/auto/Integration5.xml
----------------- Instantiating /home/travis/build/icyphy/ptII/ptolemy/domains/continuous/test/auto/Integration5.xml
4 ms. Memory: 521728K Free: 414930K (80%)
----------------- Invoking toplevel() on ptolemy.moml.MoMLSimpleApplication@6d42b5f7
----------------- Done invoking toplevel() on ptolemy.moml.MoMLSimpleApplication@6d42b5f7
reloadAllAccessors: .Integration5

===========================================================================================
----------------- testing Mon Apr 15 04:07:04 UTC 2019 /home/travis/build/icyphy/ptII/ptolemy/domains/continuous/test/auto/IntegratorImpulse.xml
----------------- Instantiating /home/travis/build/icyphy/ptII/ptolemy/domains/continuous/test/auto/IntegratorImpulse.xml
2 ms. Memory: 521728K Free: 408219K (78%)
----------------- Invoking toplevel() on ptolemy.moml.MoMLSimpleApplication@3b1f7544
----------------- Done invoking toplevel() on ptolemy.moml.MoMLSimpleApplication@3b1f7544
reloadAllAccessors: .IntegratorImpulse

===========================================================================================
----------------- testing Mon Apr 15 04:07:04 UTC 2019 /home/travis/build/icyphy/ptII/ptolemy/domains/continuous/test/auto/IntegratorImpulse2.xml
----------------- Instantiating /home/travis/build/icyphy/ptII/ptolemy/domains/continuous/test/auto/IntegratorImpulse2.xml
4 ms. Memory: 521728K Free: 401377K (77%)
----------------- Invoking toplevel() on ptolemy.moml.MoMLSimpleApplication@2bbce01d
----------------- Done invoking toplevel() on ptolemy.moml.MoMLSimpleApplication@2bbce01d
reloadAllAccessors: .IntegratorImpulse2

===========================================================================================
----------------- testing Mon Apr 15 04:07:04 UTC 2019 /home/travis/build/icyphy/ptII/ptolemy/domains/continuous/test/auto/LevelCrossing1.xml
----------------- Instantiating /home/travis/build/icyphy/ptII/ptolemy/domains/continuous/test/auto/LevelCrossing1.xml
3 ms. Memory: 521728K Free: 391724K (75%)
----------------- Invoking toplevel() on ptolemy.moml.MoMLSimpleApplication@4241079b
----------------- Done invoking toplevel() on ptolemy.moml.MoMLSimpleApplication@4241079b
reloadAllAccessors: .LevelCrossing1

===========================================================================================
----------------- testing Mon Apr 15 04:07:04 UTC 2019 /home/travis/build/icyphy/ptII/ptolemy/domains/continuous/test/auto/LevelCrossing2.xml
----------------- Instantiating /home/travis/build/icyphy/ptII/ptolemy/domains/continuous/test/auto/LevelCrossing2.xml
4 ms. Memory: 521728K Free: 382085K (73%)
----------------- Invoking toplevel() on ptolemy.moml.MoMLSimpleApplication@44ca8ac
----------------- Done invoking toplevel() on ptolemy.moml.MoMLSimpleApplication@44ca8ac
reloadAllAccessors: .LevelCrossing2

===========================================================================================
----------------- testing Mon Apr 15 04:07:04 UTC 2019 /home/travis/build/icyphy/ptII/ptolemy/domains/continuous/test/auto/LevelCrossing3.xml
----------------- Instantiating /home/travis/build/icyphy/ptII/ptolemy/domains/continuous/test/auto/LevelCrossing3.xml
3 ms. Memory: 521728K Free: 372431K (71%)
----------------- Invoking toplevel() on ptolemy.moml.MoMLSimpleApplication@17a7338e
----------------- Done invoking toplevel() on ptolemy.moml.MoMLSimpleApplication@17a7338e
reloadAllAccessors: .LevelCrossing3

===========================================================================================
----------------- testing Mon Apr 15 04:07:04 UTC 2019 /home/travis/build/icyphy/ptII/ptolemy/domains/continuous/test/auto/LevelCrossing4.xml
----------------- Instantiating /home/travis/build/icyphy/ptII/ptolemy/domains/continuous/test/auto/LevelCrossing4.xml
4 ms. Memory: 521728K Free: 362639K (70%)
----------------- Invoking toplevel() on ptolemy.moml.MoMLSimpleApplication@353fbb2c
----------------- Done invoking toplevel() on ptolemy.moml.MoMLSimpleApplication@353fbb2c
reloadAllAccessors: .LevelCrossing4

===========================================================================================
----------------- testing Mon Apr 15 04:07:04 UTC 2019 /home/travis/build/icyphy/ptII/ptolemy/domains/continuous/test/auto/LevelCrossing5.xml
----------------- Instantiating /home/travis/build/icyphy/ptII/ptolemy/domains/continuous/test/auto/LevelCrossing5.xml
4 ms. Memory: 521728K Free: 353001K (68%)
----------------- Invoking toplevel() on ptolemy.moml.MoMLSimpleApplication@6db7ac7a
----------------- Done invoking toplevel() on ptolemy.moml.MoMLSimpleApplication@6db7ac7a
reloadAllAccessors: .LevelCrossing5

===========================================================================================
[...]
----------------- Instantiating /home/travis/build/icyphy/ptII/ptolemy/domains/continuous/test/auto/SRinContinuous.xml
4 ms. Memory: 334848K Free: 118756K (35%)
----------------- Invoking toplevel() on ptolemy.moml.MoMLSimpleApplication@414e6681
----------------- Done invoking toplevel() on ptolemy.moml.MoMLSimpleApplication@414e6681
reloadAllAccessors: .SRinContinuous

===========================================================================================
----------------- testing Mon Apr 15 04:07:22 UTC 2019 /home/travis/build/icyphy/ptII/ptolemy/domains/continuous/test/auto/SampledClocks.xml
----------------- Instantiating /home/travis/build/icyphy/ptII/ptolemy/domains/continuous/test/auto/SampledClocks.xml
8 ms. Memory: 334848K Free: 107690K (32%)
----------------- Invoking toplevel() on ptolemy.moml.MoMLSimpleApplication@4874b5ba
----------------- Done invoking toplevel() on ptolemy.moml.MoMLSimpleApplication@4874b5ba
reloadAllAccessors: .SampledClocks

===========================================================================================
----------------- testing Mon Apr 15 04:07:22 UTC 2019 /home/travis/build/icyphy/ptII/ptolemy/domains/continuous/test/auto/Satellite.xml
----------------- Instantiating /home/travis/build/icyphy/ptII/ptolemy/domains/continuous/test/auto/Satellite.xml
935 ms. Memory: 323584K Free: 159521K (49%)
----------------- Invoking toplevel() on ptolemy.moml.MoMLSimpleApplication@2419e3be
----------------- Done invoking toplevel() on ptolemy.moml.MoMLSimpleApplication@2419e3be
reloadAllAccessors: .Satellite

===========================================================================================
----------------- testing Mon Apr 15 04:07:23 UTC 2019 /home/travis/build/icyphy/ptII/ptolemy/domains/continuous/test/auto/SigmaDelta.xml
----------------- Instantiating /home/travis/build/icyphy/ptII/ptolemy/domains/continuous/test/auto/SigmaDelta.xml
2410 ms. Memory: 389632K Free: 82772K (21%)
----------------- Invoking toplevel() on ptolemy.moml.MoMLSimpleApplication@3989741a
----------------- Done invoking toplevel() on ptolemy.moml.MoMLSimpleApplication@3989741a
reloadAllAccessors: .SigmaDelta

===========================================================================================
----------------- testing Mon Apr 15 04:07:25 UTC 2019 /home/travis/build/icyphy/ptII/ptolemy/domains/continuous/test/auto/SingleRefinement.xml
----------------- Instantiating /home/travis/build/icyphy/ptII/ptolemy/domains/continuous/test/auto/SingleRefinement.xml
305 ms. Memory: 460288K Free: 265528K (58%)
----------------- Invoking toplevel() on ptolemy.moml.MoMLSimpleApplication@28b92142
----------------- Done invoking toplevel() on ptolemy.moml.MoMLSimpleApplication@28b92142
reloadAllAccessors: .SingleRefinement

===========================================================================================
----------------- testing Mon Apr 15 04:07:26 UTC 2019 /home/travis/build/icyphy/ptII/ptolemy/domains/continuous/test/auto/SinuBouncingBall.xml
----------------- Instantiating /home/travis/build/icyphy/ptII/ptolemy/domains/continuous/test/auto/SinuBouncingBall.xml
806 ms. Memory: 460288K Free: 42492K (9%)
----------------- Invoking toplevel() on ptolemy.moml.MoMLSimpleApplication@20e8bd00
----------------- Done invoking toplevel() on ptolemy.moml.MoMLSimpleApplication@20e8bd00
reloadAllAccessors: .SinuBouncingBall

===========================================================================================
----------------- testing Mon Apr 15 04:07:27 UTC 2019 /home/travis/build/icyphy/ptII/ptolemy/domains/continuous/test/auto/Sinusoid.xml
----------------- Instantiating /home/travis/build/icyphy/ptII/ptolemy/domains/continuous/test/auto/Sinusoid.xml
5 ms. Memory: 460288K Free: 36364K (8%)
----------------- Invoking toplevel() on ptolemy.moml.MoMLSimpleApplication@1cab00c9
----------------- Done invoking toplevel() on ptolemy.moml.MoMLSimpleApplication@1cab00c9
reloadAllAccessors: .Sinusoid

===========================================================================================
----------------- testing Mon Apr 15 04:07:27 UTC 2019 /home/travis/build/icyphy/ptII/ptolemy/domains/continuous/test/auto/SinusoidInNoise.xml
----------------- Instantiating /home/travis/build/icyphy/ptII/ptolemy/domains/continuous/test/auto/SinusoidInNoise.xml
1053 ms. Memory: 556032K Free: 304001K (55%)
----------------- Invoking toplevel() on ptolemy.moml.MoMLSimpleApplication@3bb2012d
----------------- Done invoking toplevel() on ptolemy.moml.MoMLSimpleApplication@3bb2012d
reloadAllAccessors: .SinusoidInNoise

===========================================================================================
----------------- testing Mon Apr 15 04:07:28 UTC 2019 /home/travis/build/icyphy/ptII/ptolemy/domains/continuous/test/auto/SinusoidRK45.xml
----------------- Instantiating /home/travis/build/icyphy/ptII/ptolemy/domains/continuous/test/auto/SinusoidRK45.xml
3 ms. Memory: 556032K Free: 294973K (53%)
----------------- Invoking toplevel() on ptolemy.moml.MoMLSimpleApplication@6b4dd891
----------------- Done invoking toplevel() on ptolemy.moml.MoMLSimpleApplication@6b4dd891
reloadAllAccessors: .SinusoidRK45

===========================================================================================
----------------- testing Mon Apr 15 04:07:28 UTC 2019 /home/travis/build/icyphy/ptII/ptolemy/domains/continuous/test/auto/SinusoidWithMultipleImpulses.xml
----------------- Instantiating /home/travis/build/icyphy/ptII/ptolemy/domains/continuous/test/auto/SinusoidWithMultipleImpulses.xml
3 ms. Memory: 556032K Free: 287761K (52%)
----------------- Invoking toplevel() on ptolemy.moml.MoMLSimpleApplication@52485dd
----------------- Done invoking toplevel() on ptolemy.moml.MoMLSimpleApplication@52485dd
reloadAllAccessors: .SinusoidWithMultipleImpulses

===========================================================================================
----------------- testing Mon Apr 15 04:07:28 UTC 2019 /home/travis/build/icyphy/ptII/ptolemy/domains/continuous/test/auto/SquareWave.xml
----------------- Instantiating /home/travis/build/icyphy/ptII/ptolemy/domains/continuous/test/auto/SquareWave.xml
159 ms. Memory: 556032K Free: 258460K (46%)
----------------- Invoking toplevel() on ptolemy.moml.MoMLSimpleApplication@1141101e
----------------- Done invoking toplevel() on ptolemy.moml.MoMLSimpleApplication@1141101e
reloadAllAccessors: .SquareWave

===========================================================================================
----------------- testing Mon Apr 15 04:07:28 UTC 2019 /home/travis/build/icyphy/ptII/ptolemy/domains/continuous/test/auto/Starmac.xml
----------------- Instantiating /home/travis/build/icyphy/ptII/ptolemy/domains/continuous/test/auto/Starmac.xml
3052 ms. Memory: 676864K Free: 477232K (71%)
----------------- Invoking toplevel() on ptolemy.moml.MoMLSimpleApplication@1c4baead
----------------- Done invoking toplevel() on ptolemy.moml.MoMLSimpleApplication@1c4baead
reloadAllAccessors: .Starmac

===========================================================================================
----------------- testing Mon Apr 15 04:07:31 UTC 2019 /home/travis/build/icyphy/ptII/ptolemy/domains/continuous/test/auto/StaticUnits.xml
----------------- Instantiating /home/travis/build/icyphy/ptII/ptolemy/domains/continuous/test/auto/StaticUnits.xml
2088 ms. Memory: 649216K Free: 565989K (87%)
----------------- Invoking toplevel() on ptolemy.moml.MoMLSimpleApplication@421a7b80
----------------- Done invoking toplevel() on ptolemy.moml.MoMLSimpleApplication@421a7b80
reloadAllAccessors: .StaticUnits

===========================================================================================
----------------- testing Mon Apr 15 04:07:34 UTC 2019 /home/travis/build/icyphy/ptII/ptolemy/domains/continuous/test/auto/StickyMasses.xml
----------------- Instantiating /home/travis/build/icyphy/ptII/ptolemy/domains/continuous/test/auto/StickyMasses.xml
156 ms. Memory: 649216K Free: 505987K (78%)
----------------- Invoking toplevel() on ptolemy.moml.MoMLSimpleApplication@46fca8f3
----------------- Done invoking toplevel() on ptolemy.moml.MoMLSimpleApplication@46fca8f3
reloadAllAccessors: .StickyMasses

===========================================================================================
----------------- testing Mon Apr 15 04:07:34 UTC 2019 /home/travis/build/icyphy/ptII/ptolemy/domains/continuous/test/auto/StopTime.xml
----------------- Instantiating /home/travis/build/icyphy/ptII/ptolemy/domains/continuous/test/auto/StopTime.xml
65 ms. Memory: 649216K Free: 476797K (73%)
----------------- Invoking toplevel() on ptolemy.moml.MoMLSimpleApplication@7d9775d9
----------------- Done invoking toplevel() on ptolemy.moml.MoMLSimpleApplication@7d9775d9
reloadAllAccessors: .StopTime

===========================================================================================
----------------- testing Mon Apr 15 04:07:34 UTC 2019 /home/travis/build/icyphy/ptII/ptolemy/domains/continuous/test/auto/StopTime2.xml
----------------- Instantiating /home/travis/build/icyphy/ptII/ptolemy/domains/continuous/test/auto/StopTime2.xml
38 ms. Memory: 649216K Free: 450472K (69%)
----------------- Invoking toplevel() on ptolemy.moml.MoMLSimpleApplication@2c17dc40
----------------- Done invoking toplevel() on ptolemy.moml.MoMLSimpleApplication@2c17dc40
reloadAllAccessors: .StopTime2

===========================================================================================
----------------- testing Mon Apr 15 04:07:34 UTC 2019 /home/travis/build/icyphy/ptII/ptolemy/domains/continuous/test/auto/Switch.xml
----------------- Instantiating /home/travis/build/icyphy/ptII/ptolemy/domains/continuous/test/auto/Switch.xml
37 ms. Memory: 649216K Free: 421374K (65%)
----------------- Invoking toplevel() on ptolemy.moml.MoMLSimpleApplication@57abf372
----------------- Done invoking toplevel() on ptolemy.moml.MoMLSimpleApplication@57abf372
reloadAllAccessors: .Switch

===========================================================================================
----------------- testing Mon Apr 15 04:07:34 UTC 2019 /home/travis/build/icyphy/ptII/ptolemy/domains/continuous/test/auto/Thermostat.xml
----------------- Instantiating /home/travis/build/icyphy/ptII/ptolemy/domains/continuous/test/auto/Thermostat.xml
172 ms. Memory: 649216K Free: 346951K (53%)
----------------- Invoking toplevel() on ptolemy.moml.MoMLSimpleApplication@13f0ab8c
----------------- Done invoking toplevel() on ptolemy.moml.MoMLSimpleApplication@13f0ab8c
reloadAllAccessors: .Thermostat

===========================================================================================
----------------- testing Mon Apr 15 04:07:34 UTC 2019 /home/travis/build/icyphy/ptII/ptolemy/domains/continuous/test/auto/TimeDelay.xml
----------------- Instantiating /home/travis/build/icyphy/ptII/ptolemy/domains/continuous/test/auto/TimeDelay.xml
5 ms. Memory: 649216K Free: 337529K (52%)
----------------- Invoking toplevel() on ptolemy.moml.MoMLSimpleApplication@5188cfd7
----------------- Done invoking toplevel() on ptolemy.moml.MoMLSimpleApplication@5188cfd7
reloadAllAccessors: .TimeDelay

===========================================================================================
----------------- testing Mon Apr 15 04:07:35 UTC 2019 /home/travis/build/icyphy/ptII/ptolemy/domains/continuous/test/auto/TimeDelay2.xml
----------------- Instantiating /home/travis/build/icyphy/ptII/ptolemy/domains/continuous/test/auto/TimeDelay2.xml
7 ms. Memory: 649216K Free: 328108K (51%)
----------------- Invoking toplevel() on ptolemy.moml.MoMLSimpleApplication@28142291
----------------- Done invoking toplevel() on ptolemy.moml.MoMLSimpleApplication@28142291
reloadAllAccessors: .TimeDelay2

===========================================================================================
----------------- testing Mon Apr 15 04:07:35 UTC 2019 /home/travis/build/icyphy/ptII/ptolemy/domains/continuous/test/auto/TimeDelay3.xml
----------------- Instantiating /home/travis/build/icyphy/ptII/ptolemy/domains/continuous/test/auto/TimeDelay3.xml
3 ms. Memory: 649216K Free: 321517K (50%)
----------------- Invoking toplevel() on ptolemy.moml.MoMLSimpleApplication@2adf6a9d
----------------- Done invoking toplevel() on ptolemy.moml.MoMLSimpleApplication@2adf6a9d
reloadAllAccessors: .TimeDelay3

===========================================================================================
----------------- testing Mon Apr 15 04:07:35 UTC 2019 /home/travis/build/icyphy/ptII/ptolemy/domains/continuous/test/auto/TransferAbsentToInside.xml
----------------- Instantiating /home/travis/build/icyphy/ptII/ptolemy/domains/continuous/test/auto/TransferAbsentToInside.xml
27 ms. Memory: 649216K Free: 264124K (41%)
----------------- Invoking toplevel() on ptolemy.moml.MoMLSimpleApplication@3ab1b6c7
----------------- Done invoking toplevel() on ptolemy.moml.MoMLSimpleApplication@3ab1b6c7
reloadAllAccessors: .TransferAbsentToInside

===========================================================================================
----------------- testing Mon Apr 15 04:07:35 UTC 2019 /home/travis/build/icyphy/ptII/ptolemy/domains/continuous/test/auto/Transmission.xml
----------------- Instantiating /home/travis/build/icyphy/ptII/ptolemy/domains/continuous/test/auto/Transmission.xml
769 ms. Memory: 649216K Free: 26035K (4%)
----------------- Invoking toplevel() on ptolemy.moml.MoMLSimpleApplication@1f2d5a6f
----------------- Done invoking toplevel() on ptolemy.moml.MoMLSimpleApplication@1f2d5a6f
reloadAllAccessors: .Transmission

===========================================================================================
----------------- testing Mon Apr 15 04:07:35 UTC 2019 /home/travis/build/icyphy/ptII/ptolemy/domains/continuous/test/auto/TriggeredContinuousClock.xml
----------------- Instantiating /home/travis/build/icyphy/ptII/ptolemy/domains/continuous/test/auto/TriggeredContinuousClock.xml
37 ms. Memory: 618496K Free: 523334K (85%)
----------------- Invoking toplevel() on ptolemy.moml.MoMLSimpleApplication@782c2e7d
----------------- Done invoking toplevel() on ptolemy.moml.MoMLSimpleApplication@782c2e7d
reloadAllAccessors: .TriggeredContinuousClock

===========================================================================================
----------------- testing Mon Apr 15 04:07:36 UTC 2019 /home/travis/build/icyphy/ptII/ptolemy/domains/continuous/test/auto/TwoMachineInfiniteBusControl.xml
----------------- Instantiating /home/travis/build/icyphy/ptII/ptolemy/domains/continuous/test/auto/TwoMachineInfiniteBusControl.xml
2933 ms. Memory: 594432K Free: 444500K (75%)
----------------- Invoking toplevel() on ptolemy.moml.MoMLSimpleApplication@78f0e80b
----------------- Done invoking toplevel() on ptolemy.moml.MoMLSimpleApplication@78f0e80b
reloadAllAccessors: .TwoMachineInfiniteBusControl

===========================================================================================
----------------- testing Mon Apr 15 04:07:39 UTC 2019 /home/travis/build/icyphy/ptII/ptolemy/domains/continuous/test/auto/V2V.xml
----------------- Instantiating /home/travis/build/icyphy/ptII/ptolemy/domains/continuous/test/auto/V2V.xml
662 ms. Memory: 594432K Free: 248959K (42%)
----------------- Invoking toplevel() on ptolemy.moml.MoMLSimpleApplication@2b93142e
----------------- Done invoking toplevel() on ptolemy.moml.MoMLSimpleApplication@2b93142e
reloadAllAccessors: .V2V

===========================================================================================
----------------- testing Mon Apr 15 04:07:39 UTC 2019 /home/travis/build/icyphy/ptII/ptolemy/domains/continuous/test/auto/hierarchicalModalModel.xml
----------------- Instantiating /home/travis/build/icyphy/ptII/ptolemy/domains/continuous/test/auto/hierarchicalModalModel.xml
7 ms. Memory: 594432K Free: 230058K (39%)
----------------- Invoking toplevel() on ptolemy.moml.MoMLSimpleApplication@1b712af0
----------------- Done invoking toplevel() on ptolemy.moml.MoMLSimpleApplication@1b712af0
reloadAllAccessors: .hierarchicalModalModel

===========================================================================================
----------------- testing Mon Apr 15 04:07:39 UTC 2019 /home/travis/build/icyphy/ptII/ptolemy/domains/continuous/test/auto/hierarchicalModalModel1.xml
----------------- Instantiating /home/travis/build/icyphy/ptII/ptolemy/domains/continuous/test/auto/hierarchicalModalModel1.xml
10 ms. Memory: 594432K Free: 211193K (36%)
----------------- Invoking toplevel() on ptolemy.moml.MoMLSimpleApplication@255fd377
----------------- Done invoking toplevel() on ptolemy.moml.MoMLSimpleApplication@255fd377
reloadAllAccessors: .hierarchicalModalModel1

===========================================================================================
----------------- testing Mon Apr 15 04:07:39 UTC 2019 /home/travis/build/icyphy/ptII/ptolemy/domains/continuous/test/auto/hierarchicalModalModel2.xml
----------------- Instantiating /home/travis/build/icyphy/ptII/ptolemy/domains/continuous/test/auto/hierarchicalModalModel2.xml
6 ms. Memory: 594432K Free: 197400K (33%)
----------------- Invoking toplevel() on ptolemy.moml.MoMLSimpleApplication@988a0ec
----------------- Done invoking toplevel() on ptolemy.moml.MoMLSimpleApplication@988a0ec
reloadAllAccessors: .hierarchicalModalModel2

===========================================================================================
----------------- testing Mon Apr 15 04:07:40 UTC 2019 /home/travis/build/icyphy/ptII/ptolemy/domains/continuous/test/auto/hierarchicalModalModel3.xml
----------------- Instantiating /home/travis/build/icyphy/ptII/ptolemy/domains/continuous/test/auto/hierarchicalModalModel3.xml
15 ms. Memory: 594432K Free: 183600K (31%)
----------------- Invoking toplevel() on ptolemy.moml.MoMLSimpleApplication@32d510c5
----------------- Done invoking toplevel() on ptolemy.moml.MoMLSimpleApplication@32d510c5
reloadAllAccessors: .hierarchicalModalModel3

===========================================================================================
----------------- testing Mon Apr 15 04:07:40 UTC 2019 /home/travis/build/icyphy/ptII/ptolemy/domains/continuous/test/auto/hierarchicalModalModel4.xml
----------------- Instantiating /home/travis/build/icyphy/ptII/ptolemy/domains/continuous/test/auto/hierarchicalModalModel4.xml
5 ms. Memory: 594432K Free: 169890K (29%)
----------------- Invoking toplevel() on ptolemy.moml.MoMLSimpleApplication@2c34a934
----------------- Done invoking toplevel() on ptolemy.moml.MoMLSimpleApplication@2c34a934
reloadAllAccessors: .hierarchicalModalModel4

===========================================================================================
----------------- testing Mon Apr 15 04:07:40 UTC 2019 /home/travis/build/icyphy/ptII/ptolemy/domains/continuous/test/auto/junk.xml
----------------- Instantiating /home/travis/build/icyphy/ptII/ptolemy/domains/continuous/test/auto/junk.xml
138 ms. Memory: 594432K Free: 138218K (23%)
----------------- Invoking toplevel() on ptolemy.moml.MoMLSimpleApplication@d71a3f8
----------------- Done invoking toplevel() on ptolemy.moml.MoMLSimpleApplication@d71a3f8
reloadAllAccessors: .junk
AutoTests.java: About to close Vertx.
AutoTests.java: Vertx closed.
]]></system-out>
  <system-err><![CDATA[Warning: '.HysteresisWithRandomDelay.NonStrictTest' The test produced only 221 tokens, yet the correctValues parameter was expecting 222 tokens.
Warning: '.HysteresisWithRandomDelay.NonStrictTest2' The test produced only 220 tokens, yet the correctValues parameter was expecting 221 tokens.
Warning: '.HysteresisWithRandomDelay.NonStrictTest3' The test produced only 27 tokens, yet the correctValues parameter was expecting 30 tokens.
Warning: '.Poisson.NonStrictTest' The test produced only 378 tokens, yet the correctValues parameter was expecting 430 tokens.
]]></system-err>
</testsuite>
