<?xml version="1.0" encoding="UTF-8" ?>
<testsuite errors="0" failures="0" hostname="travis-job-426883b3-4564-4a8a-a571-1018daafcf98" name="ptolemy.domains.de.test.junit.JUnitTclTest" skipped="0" tests="101" time="119.493" timestamp="2020-11-01T15:55:37">
  <properties>
[...]
</properties>
  <testcase classname="ptolemy.util.test.junit.TclTests" name="[0] /home/travis/build/icyphy/ptII/ptolemy/domains/de/test/DependencyLoop.tcl (RunTclFile)" time="0.959" />
  <testcase classname="ptolemy.util.test.junit.TclTests" name="[1] /home/travis/build/icyphy/ptII/ptolemy/domains/de/test/RunDETestsAsQSS.tcl (RunTclFile)" time="80.01" />
  <testcase classname="ptolemy.util.test.junit.AutoKnownFailedTests" name="[0] /home/travis/build/icyphy/ptII/ptolemy/domains/de/test/auto/knownFailedTests/DESDFClockTest.xml (RunModel)" time="2.06" />
  <testcase classname="ptolemy.util.test.junit.AutoKnownFailedTests" name="[1] /home/travis/build/icyphy/ptII/ptolemy/domains/de/test/auto/knownFailedTests/DirectFeedback.xml (RunModel)" time="0.021" />
  <testcase classname="ptolemy.util.test.junit.AutoKnownFailedTests" name="[2] /home/travis/build/icyphy/ptII/ptolemy/domains/de/test/auto/knownFailedTests/FSMSource.xml (RunModel)" time="0.028" />
  <testcase classname="ptolemy.util.test.junit.AutoKnownFailedTests" name="[3] /home/travis/build/icyphy/ptII/ptolemy/domains/de/test/auto/knownFailedTests/HierarchicalModel.xml (RunModel)" time="0.043" />
  <testcase classname="ptolemy.util.test.junit.AutoKnownFailedTests" name="[4] /home/travis/build/icyphy/ptII/ptolemy/domains/de/test/auto/knownFailedTests/dependencyLoop.xml (RunModel)" time="0.04" />
  <testcase classname="ptolemy.util.test.junit.AutoKnownFailedTests" name="[5] /home/travis/build/icyphy/ptII/ptolemy/domains/de/test/auto/knownFailedTests/dependencyLoop2.xml (RunModel)" time="0.041" />
  <testcase classname="ptolemy.util.test.junit.AutoNameArchTests" name="[0] ThereAreNoAutoArchTests (RunModel)" time="0.007" />
  <testcase classname="ptolemy.util.test.junit.AutoTests" name="[0] /home/travis/build/icyphy/ptII/ptolemy/domains/de/test/auto/ActorDepthCalculation_actorWithoutPorts.xml (RunModel)" time="0.023" />
  <testcase classname="ptolemy.util.test.junit.AutoTests" name="[1] /home/travis/build/icyphy/ptII/ptolemy/domains/de/test/auto/AssemblyLine.xml (RunModel)" time="0.021" />
  <testcase classname="ptolemy.util.test.junit.AutoTests" name="[2] /home/travis/build/icyphy/ptII/ptolemy/domains/de/test/auto/CQBug1.xml (RunModel)" time="0.01" />
  <testcase classname="ptolemy.util.test.junit.AutoTests" name="[3] /home/travis/build/icyphy/ptII/ptolemy/domains/de/test/auto/CancelFireAt.xml (RunModel)" time="0.009" />
  <testcase classname="ptolemy.util.test.junit.AutoTests" name="[4] /home/travis/build/icyphy/ptII/ptolemy/domains/de/test/auto/CausalityAndComposabilityAnalysis.xml (RunModel)" time="0.009" />
  <testcase classname="ptolemy.util.test.junit.AutoTests" name="[5] /home/travis/build/icyphy/ptII/ptolemy/domains/de/test/auto/CausalityInterface1.xml (RunModel)" time="0.011" />
  <testcase classname="ptolemy.util.test.junit.AutoTests" name="[6] /home/travis/build/icyphy/ptII/ptolemy/domains/de/test/auto/CausalityInterface15.xml (RunModel)" time="0.02" />
  <testcase classname="ptolemy.util.test.junit.AutoTests" name="[7] /home/travis/build/icyphy/ptII/ptolemy/domains/de/test/auto/CausalityInterface2.xml (RunModel)" time="0.011" />
  <testcase classname="ptolemy.util.test.junit.AutoTests" name="[8] /home/travis/build/icyphy/ptII/ptolemy/domains/de/test/auto/CausalityInterface3.xml (RunModel)" time="0.015" />
  <testcase classname="ptolemy.util.test.junit.AutoTests" name="[9] /home/travis/build/icyphy/ptII/ptolemy/domains/de/test/auto/ClockDrift.xml (RunModel)" time="0.034" />
  <testcase classname="ptolemy.util.test.junit.AutoTests" name="[10] /home/travis/build/icyphy/ptII/ptolemy/domains/de/test/auto/ClockDriftAndValueChange.xml (RunModel)" time="0.027" />
  <testcase classname="ptolemy.util.test.junit.AutoTests" name="[11] /home/travis/build/icyphy/ptII/ptolemy/domains/de/test/auto/ClockDriftChange.xml (RunModel)" time="0.031" />
  <testcase classname="ptolemy.util.test.junit.AutoTests" name="[12] /home/travis/build/icyphy/ptII/ptolemy/domains/de/test/auto/ComposableCausalityAnalysis.xml (RunModel)" time="0.016" />
  <testcase classname="ptolemy.util.test.junit.AutoTests" name="[13] /home/travis/build/icyphy/ptII/ptolemy/domains/de/test/auto/DEFixedPointLimitation.xml (RunModel)" time="0.008" />
  <testcase classname="ptolemy.util.test.junit.AutoTests" name="[14] /home/travis/build/icyphy/ptII/ptolemy/domains/de/test/auto/DEScheduleTest.xml (RunModel)" time="0.015" />
  <testcase classname="ptolemy.util.test.junit.AutoTests" name="[15] /home/travis/build/icyphy/ptII/ptolemy/domains/de/test/auto/DEinDEwithStartTimes.xml (RunModel)" time="0.014" />
  <testcase classname="ptolemy.util.test.junit.AutoTests" name="[16] /home/travis/build/icyphy/ptII/ptolemy/domains/de/test/auto/DEinDEwithStartTimes2.xml (RunModel)" time="0.016" />
  <testcase classname="ptolemy.util.test.junit.AutoTests" name="[17] /home/travis/build/icyphy/ptII/ptolemy/domains/de/test/auto/DateDemo.xml (RunModel)" time="0.033" />
  <testcase classname="ptolemy.util.test.junit.AutoTests" name="[18] /home/travis/build/icyphy/ptII/ptolemy/domains/de/test/auto/DateToEvent.xml (RunModel)" time="2.041" />
  <testcase classname="ptolemy.util.test.junit.AutoTests" name="[19] /home/travis/build/icyphy/ptII/ptolemy/domains/de/test/auto/DepthTest1.xml (RunModel)" time="0.009" />
  <testcase classname="ptolemy.util.test.junit.AutoTests" name="[20] /home/travis/build/icyphy/ptII/ptolemy/domains/de/test/auto/DepthTest2.xml (RunModel)" time="0.017" />
  <testcase classname="ptolemy.util.test.junit.AutoTests" name="[21] /home/travis/build/icyphy/ptII/ptolemy/domains/de/test/auto/DepthTest3.xml (RunModel)" time="0.009" />
  <testcase classname="ptolemy.util.test.junit.AutoTests" name="[22] /home/travis/build/icyphy/ptII/ptolemy/domains/de/test/auto/DepthTest4.xml (RunModel)" time="0.017" />
  <testcase classname="ptolemy.util.test.junit.AutoTests" name="[23] /home/travis/build/icyphy/ptII/ptolemy/domains/de/test/auto/DepthTest5.xml (RunModel)" time="0.022" />
  <testcase classname="ptolemy.util.test.junit.AutoTests" name="[24] /home/travis/build/icyphy/ptII/ptolemy/domains/de/test/auto/DepthTest6.xml (RunModel)" time="0.014" />
  <testcase classname="ptolemy.util.test.junit.AutoTests" name="[25] /home/travis/build/icyphy/ptII/ptolemy/domains/de/test/auto/DepthTest7.xml (RunModel)" time="0.01" />
  <testcase classname="ptolemy.util.test.junit.AutoTests" name="[26] /home/travis/build/icyphy/ptII/ptolemy/domains/de/test/auto/EventToDate.xml (RunModel)" time="3.038" />
  <testcase classname="ptolemy.util.test.junit.AutoTests" name="[27] /home/travis/build/icyphy/ptII/ptolemy/domains/de/test/auto/FSM1.xml (RunModel)" time="0.04" />
  <testcase classname="ptolemy.util.test.junit.AutoTests" name="[28] /home/travis/build/icyphy/ptII/ptolemy/domains/de/test/auto/FSM7.xml (RunModel)" time="0.04" />
  <testcase classname="ptolemy.util.test.junit.AutoTests" name="[29] /home/travis/build/icyphy/ptII/ptolemy/domains/de/test/auto/Inspection.xml (RunModel)" time="0.041" />
  <testcase classname="ptolemy.util.test.junit.AutoTests" name="[30] /home/travis/build/icyphy/ptII/ptolemy/domains/de/test/auto/Iteration.xml (RunModel)" time="0.02" />
  <testcase classname="ptolemy.util.test.junit.AutoTests" name="[31] /home/travis/build/icyphy/ptII/ptolemy/domains/de/test/auto/LineFault.xml (RunModel)" time="0.504" />
  <testcase classname="ptolemy.util.test.junit.AutoTests" name="[32] /home/travis/build/icyphy/ptII/ptolemy/domains/de/test/auto/MergeModel1Add.xml (RunModel)" time="0.044" />
  <testcase classname="ptolemy.util.test.junit.AutoTests" name="[33] /home/travis/build/icyphy/ptII/ptolemy/domains/de/test/auto/MergeModel2Add.xml (RunModel)" time="0.036" />
  <testcase classname="ptolemy.util.test.junit.AutoTests" name="[34] /home/travis/build/icyphy/ptII/ptolemy/domains/de/test/auto/MergeModel3Add.xml (RunModel)" time="0.038" />
  <testcase classname="ptolemy.util.test.junit.AutoTests" name="[35] /home/travis/build/icyphy/ptII/ptolemy/domains/de/test/auto/MergeWithoutDiscard.xml (RunModel)" time="0.009" />
  <testcase classname="ptolemy.util.test.junit.AutoTests" name="[36] /home/travis/build/icyphy/ptII/ptolemy/domains/de/test/auto/Modal1.xml (RunModel)" time="0.027" />
  <testcase classname="ptolemy.util.test.junit.AutoTests" name="[37] /home/travis/build/icyphy/ptII/ptolemy/domains/de/test/auto/Modal2.xml (RunModel)" time="0.028" />
  <testcase classname="ptolemy.util.test.junit.AutoTests" name="[38] /home/travis/build/icyphy/ptII/ptolemy/domains/de/test/auto/Modal3.xml (RunModel)" time="0.03" />
  <testcase classname="ptolemy.util.test.junit.AutoTests" name="[39] /home/travis/build/icyphy/ptII/ptolemy/domains/de/test/auto/Modal4.xml (RunModel)" time="0.025" />
  <testcase classname="ptolemy.util.test.junit.AutoTests" name="[40] /home/travis/build/icyphy/ptII/ptolemy/domains/de/test/auto/Modal5.xml (RunModel)" time="0.028" />
  <testcase classname="ptolemy.util.test.junit.AutoTests" name="[41] /home/travis/build/icyphy/ptII/ptolemy/domains/de/test/auto/Modal6.xml (RunModel)" time="0.024" />
  <testcase classname="ptolemy.util.test.junit.AutoTests" name="[42] /home/travis/build/icyphy/ptII/ptolemy/domains/de/test/auto/Modal7.xml (RunModel)" time="0.03" />
  <testcase classname="ptolemy.util.test.junit.AutoTests" name="[43] /home/travis/build/icyphy/ptII/ptolemy/domains/de/test/auto/ModalModel.xml (RunModel)" time="0.162" />
  <testcase classname="ptolemy.util.test.junit.AutoTests" name="[44] /home/travis/build/icyphy/ptII/ptolemy/domains/de/test/auto/ModalSource.xml (RunModel)" time="0.018" />
  <testcase classname="ptolemy.util.test.junit.AutoTests" name="[45] /home/travis/build/icyphy/ptII/ptolemy/domains/de/test/auto/NonInterruptibleTimerZeroDelay.xml (RunModel)" time="0.008" />
  <testcase classname="ptolemy.util.test.junit.AutoTests" name="[46] /home/travis/build/icyphy/ptII/ptolemy/domains/de/test/auto/OpenQueueingNetwork.xml (RunModel)" time="2.396" />
  <testcase classname="ptolemy.util.test.junit.AutoTests" name="[47] /home/travis/build/icyphy/ptII/ptolemy/domains/de/test/auto/OpenQueuingNetwork.xml (RunModel)" time="0.277" />
  <testcase classname="ptolemy.util.test.junit.AutoTests" name="[48] /home/travis/build/icyphy/ptII/ptolemy/domains/de/test/auto/PeriodicSampler.xml (RunModel)" time="0.014" />
  <testcase classname="ptolemy.util.test.junit.AutoTests" name="[49] /home/travis/build/icyphy/ptII/ptolemy/domains/de/test/auto/PersistentIO.xml (RunModel)" time="0.023" />
  <testcase classname="ptolemy.util.test.junit.AutoTests" name="[50] /home/travis/build/icyphy/ptII/ptolemy/domains/de/test/auto/PortParameterResetOnInitialize.xml (RunModel)" time="0.009" />
  <testcase classname="ptolemy.util.test.junit.AutoTests" name="[51] /home/travis/build/icyphy/ptII/ptolemy/domains/de/test/auto/PortParameterUpdates.xml (RunModel)" time="0.012" />
  <testcase classname="ptolemy.util.test.junit.AutoTests" name="[52] /home/travis/build/icyphy/ptII/ptolemy/domains/de/test/auto/QueueAndServer.xml (RunModel)" time="0.019" />
  <testcase classname="ptolemy.util.test.junit.AutoTests" name="[53] /home/travis/build/icyphy/ptII/ptolemy/domains/de/test/auto/Records.xml (RunModel)" time="0.013" />
  <testcase classname="ptolemy.util.test.junit.AutoTests" name="[54] /home/travis/build/icyphy/ptII/ptolemy/domains/de/test/auto/ResetTransitionWithStartTime1.xml (RunModel)" time="0.015" />
  <testcase classname="ptolemy.util.test.junit.AutoTests" name="[55] /home/travis/build/icyphy/ptII/ptolemy/domains/de/test/auto/ResetTransitionWithStartTime2.xml (RunModel)" time="0.022" />
  <testcase classname="ptolemy.util.test.junit.AutoTests" name="[56] /home/travis/build/icyphy/ptII/ptolemy/domains/de/test/auto/ResetTransitionWithStartTime3.xml (RunModel)" time="0.019" />
  <testcase classname="ptolemy.util.test.junit.AutoTests" name="[57] /home/travis/build/icyphy/ptII/ptolemy/domains/de/test/auto/ResetTransitionWithStartTime4.xml (RunModel)" time="0.019" />
  <testcase classname="ptolemy.util.test.junit.AutoTests" name="[58] /home/travis/build/icyphy/ptII/ptolemy/domains/de/test/auto/ResettableTimer1.xml (RunModel)" time="0.009" />
  <testcase classname="ptolemy.util.test.junit.AutoTests" name="[59] /home/travis/build/icyphy/ptII/ptolemy/domains/de/test/auto/ResettableTimer2.xml (RunModel)" time="0.007" />
  <testcase classname="ptolemy.util.test.junit.AutoTests" name="[60] /home/travis/build/icyphy/ptII/ptolemy/domains/de/test/auto/ResettableTimer3.xml (RunModel)" time="0.008" />
  <testcase classname="ptolemy.util.test.junit.AutoTests" name="[61] /home/travis/build/icyphy/ptII/ptolemy/domains/de/test/auto/ResettableTimer4.xml (RunModel)" time="0.008" />
  <testcase classname="ptolemy.util.test.junit.AutoTests" name="[62] /home/travis/build/icyphy/ptII/ptolemy/domains/de/test/auto/ResettableTimer5.xml (RunModel)" time="0.008" />
  <testcase classname="ptolemy.util.test.junit.AutoTests" name="[63] /home/travis/build/icyphy/ptII/ptolemy/domains/de/test/auto/ResettableTimer6.xml (RunModel)" time="0.017" />
  <testcase classname="ptolemy.util.test.junit.AutoTests" name="[64] /home/travis/build/icyphy/ptII/ptolemy/domains/de/test/auto/ServerZeroDelay.xml (RunModel)" time="0.009" />
  <testcase classname="ptolemy.util.test.junit.AutoTests" name="[65] /home/travis/build/icyphy/ptII/ptolemy/domains/de/test/auto/SmartSender.xml (RunModel)" time="3.01" />
  <testcase classname="ptolemy.util.test.junit.AutoTests" name="[66] /home/travis/build/icyphy/ptII/ptolemy/domains/de/test/auto/ThreadedComposite.xml (RunModel)" time="0.109" />
  <testcase classname="ptolemy.util.test.junit.AutoTests" name="[67] /home/travis/build/icyphy/ptII/ptolemy/domains/de/test/auto/Time.xml (RunModel)" time="0.359" />
  <testcase classname="ptolemy.util.test.junit.AutoTests" name="[68] /home/travis/build/icyphy/ptII/ptolemy/domains/de/test/auto/TimeDelayZeroDelay.xml (RunModel)" time="0.016" />
  <testcase classname="ptolemy.util.test.junit.AutoTests" name="[69] /home/travis/build/icyphy/ptII/ptolemy/domains/de/test/auto/TimerZeroDelay.xml (RunModel)" time="0.009" />
  <testcase classname="ptolemy.util.test.junit.AutoTests" name="[70] /home/travis/build/icyphy/ptII/ptolemy/domains/de/test/auto/TimingParadox.xml (RunModel)" time="0.286" />
  <testcase classname="ptolemy.util.test.junit.AutoTests" name="[71] /home/travis/build/icyphy/ptII/ptolemy/domains/de/test/auto/TransferInputs.xml (RunModel)" time="0.008" />
  <testcase classname="ptolemy.util.test.junit.AutoTests" name="[72] /home/travis/build/icyphy/ptII/ptolemy/domains/de/test/auto/TransferOutputs2.xml (RunModel)" time="0.031" />
  <testcase classname="ptolemy.util.test.junit.AutoTests" name="[73] /home/travis/build/icyphy/ptII/ptolemy/domains/de/test/auto/Trilateration.xml (RunModel)" time="10.538" />
  <testcase classname="ptolemy.util.test.junit.AutoTests" name="[74] /home/travis/build/icyphy/ptII/ptolemy/domains/de/test/auto/TwoSigmaDelta.xml (RunModel)" time="1.737" />
  <testcase classname="ptolemy.util.test.junit.AutoTests" name="[75] /home/travis/build/icyphy/ptII/ptolemy/domains/de/test/auto/VariableDelay.xml (RunModel)" time="0.019" />
  <testcase classname="ptolemy.util.test.junit.AutoTests" name="[76] /home/travis/build/icyphy/ptII/ptolemy/domains/de/test/auto/VariableDelay2.xml (RunModel)" time="0.01" />
  <testcase classname="ptolemy.util.test.junit.AutoTests" name="[77] /home/travis/build/icyphy/ptII/ptolemy/domains/de/test/auto/VariableDelayZeroDelay.xml (RunModel)" time="0.012" />
  <testcase classname="ptolemy.util.test.junit.AutoTests" name="[78] /home/travis/build/icyphy/ptII/ptolemy/domains/de/test/auto/VariableDelayZeroDelay2.xml (RunModel)" time="0.008" />
  <testcase classname="ptolemy.util.test.junit.AutoTests" name="[79] /home/travis/build/icyphy/ptII/ptolemy/domains/de/test/auto/deInCt.xml (RunModel)" time="0.015" />
  <testcase classname="ptolemy.util.test.junit.AutoTests" name="[80] /home/travis/build/icyphy/ptII/ptolemy/domains/de/test/auto/deInCt2.xml (RunModel)" time="0.013" />
  <testcase classname="ptolemy.util.test.junit.AutoTests" name="[81] /home/travis/build/icyphy/ptII/ptolemy/domains/de/test/auto/dynamicCausalityInterface1.xml (RunModel)" time="0.017" />
  <testcase classname="ptolemy.util.test.junit.AutoTests" name="[82] /home/travis/build/icyphy/ptII/ptolemy/domains/de/test/auto/fsm_de_test.xml (RunModel)" time="0.034" />
  <testcase classname="ptolemy.util.test.junit.AutoTests" name="[83] /home/travis/build/icyphy/ptII/ptolemy/domains/de/test/auto/functionDependencyReconstruction.xml (RunModel)" time="0.03" />
  <testcase classname="ptolemy.util.test.junit.AutoTests" name="[84] /home/travis/build/icyphy/ptII/ptolemy/domains/de/test/auto/multirate.xml (RunModel)" time="0.014" />
  <testcase classname="ptolemy.util.test.junit.AutoTests" name="[85] /home/travis/build/icyphy/ptII/ptolemy/domains/de/test/auto/multirate2.xml (RunModel)" time="0.013" />
  <testcase classname="ptolemy.util.test.junit.AutoTests" name="[86] /home/travis/build/icyphy/ptII/ptolemy/domains/de/test/auto/realtime.xml (RunModel)" time="10.009" />
  <testcase classname="ptolemy.util.test.junit.AutoTests" name="[87] /home/travis/build/icyphy/ptII/ptolemy/domains/de/test/auto/relationGroup.xml (RunModel)" time="0.009" />
  <testcase classname="ptolemy.util.test.junit.AutoTests" name="[88] /home/travis/build/icyphy/ptII/ptolemy/domains/de/test/auto/relationGroup2.xml (RunModel)" time="0.01" />
  <testcase classname="ptolemy.util.test.junit.AutoTests" name="[89] /home/travis/build/icyphy/ptII/ptolemy/domains/de/test/auto/sortWithOpaquePorts.xml (RunModel)" time="0.013" />
  <testcase classname="ptolemy.util.test.junit.AutoTests" name="[90] /home/travis/build/icyphy/ptII/ptolemy/domains/de/test/auto/transferInputsandOutputs.xml (RunModel)" time="0.021" />
  <testcase classname="ptolemy.util.test.junit.AutoTests" name="[91] /home/travis/build/icyphy/ptII/ptolemy/domains/de/test/auto/triggerType.xml (RunModel)" time="0.012" />
  <system-out><![CDATA[/home/travis/build/icyphy/ptII/ptolemy/domains/de/test/DependencyLoop.tcl
testDefs.tcl: setting time out to 9000 seconds at Sun Nov 01 15:55:37 UTC 2020
63 ms. Memory: 129024K Free: 78278K (61%)
35 ms. Memory: 129024K Free: 60855K (47%)
/home/travis/build/icyphy/ptII/ptolemy/domains/de/test/RunDETestsAsQSS.tcl
Run the DE tests using ptolemy.domains.qss.test.QSSDirectorTest, which extends QSSDirector and prints a message in the constructors.
------------------ testing $PTII/ptolemy/domains/de/test/auto/knownFailedTests/DirectFeedback.xml (Known Failure) 
54 ms. Memory: 129024K Free: 55240K (43%)


==== $PTIIhome/travis/build/icyphy/ptII/ptolemy/domains/de/test/../../../../: Auto Automatic test in file $PTII/ptolemy/domains/de/test/auto/knownFailedTests/DirectFeedback.xml
==== Contents of test case:

	    # FIXME: we should use $relativeFilename here, but it
	    # might have backslashes under Windows, which causes no end
	    # of trouble.
	    createAndExecute $file
	    list {}
	
.... Test generated KNOWN error:
    while executing
ptolemy.kernel.util.IllegalActionException: Test fails in iteration 1.
Value was: 1.0. Should have been: 2.0
  in .DirectFeedback.Test
	at ptolemy.actor.lib.Test.fire(Test.java:268)
	at ptolemy.domains.de.kernel.DEDirector._fire(DEDirector.java:1949)
	at ptolemy.domains.de.kernel.DEDirector.fire(DEDirector.java:502)
	at ptolemy.actor.CompositeActor.fire(CompositeActor.java:455)
	at ptolemy.actor.Manager.iterate(Manager.java:851)
	at ptolemy.actor.Manager.execute(Manager.java:369)
	at ptolemy.actor.Manager.run(Manager.java:1263)
	at ptolemy.actor.Manager$PtolemyRunThread.run(Manager.java:1933)

    while executing
ptolemy.kernel.util.IllegalActionException: Test fails in iteration 1.
Value was: 1.0. Should have been: 2.0
  in .DirectFeedback.Test
    while executing
"java::new ptolemy.moml.MoMLSimpleApplication $file
"
    (procedure "createAndExecute" line 2)
    invoked from within
"createAndExecute $file"
    ("uplevel" body line 5)
    invoked from within
"uplevel $contents_of_test"
------------------ testing $PTII/ptolemy/domains/de/test/auto/knownFailedTests/dependencyLoop.xml (Known Failure) 
10 ms. Memory: 129024K Free: 52168K (40%)


==== $PTIIhome/travis/build/icyphy/ptII/ptolemy/domains/de/test/../../../../: Auto Automatic test in file $PTII/ptolemy/domains/de/test/auto/knownFailedTests/dependencyLoop.xml
==== Contents of test case:

	    # FIXME: we should use $relativeFilename here, but it
	    # might have backslashes under Windows, which causes no end
	    # of trouble.
	    createAndExecute $file
	    list {}
	
.... Test generated KNOWN error:
    while executing
ptolemy.kernel.util.IllegalActionException: Found a zero delay loop containing .dependencyLoop.original
  in .dependencyLoop and .dependencyLoop.original
	at ptolemy.actor.util.CausalityInterfaceForComposites._computeOutputPortDepth(CausalityInterfaceForComposites.java:759)
	at ptolemy.actor.util.CausalityInterfaceForComposites._computeInputDepth(CausalityInterfaceForComposites.java:696)
	at ptolemy.actor.util.CausalityInterfaceForComposites._computeOutputPortDepth(CausalityInterfaceForComposites.java:765)
	at ptolemy.actor.util.CausalityInterfaceForComposites._computeInputDepth(CausalityInterfaceForComposites.java:696)
	at ptolemy.actor.util.CausalityInterfaceForComposites._computeOutputPortDepth(CausalityInterfaceForComposites.java:765)
	at ptolemy.actor.util.CausalityInterfaceForComposites._computeInputDepth(CausalityInterfaceForComposites.java:696)
	at ptolemy.actor.util.CausalityInterfaceForComposites._computeActorDepth(CausalityInterfaceForComposites.java:532)
	at ptolemy.actor.util.CausalityInterfaceForComposites.checkForCycles(CausalityInterfaceForComposites.java:96)
	at ptolemy.domains.de.kernel.DEDirector.preinitialize(DEDirector.java:1338)
	at ptolemy.actor.CompositeActor.preinitialize(CompositeActor.java:1828)
	at ptolemy.actor.Manager.preinitializeAndResolveTypes(Manager.java:1040)
	at ptolemy.actor.Manager.initialize(Manager.java:710)
	at ptolemy.actor.Manager.execute(Manager.java:356)
	at ptolemy.actor.Manager.run(Manager.java:1263)
	at ptolemy.actor.Manager$PtolemyRunThread.run(Manager.java:1933)

    while executing
ptolemy.kernel.util.IllegalActionException: Found a zero delay loop containing .dependencyLoop.original
  in .dependencyLoop and .dependencyLoop.original
    while executing
"java::new ptolemy.moml.MoMLSimpleApplication $file
"
    (procedure "createAndExecute" line 2)
    invoked from within
"createAndExecute $file"
    ("uplevel" body line 5)
    invoked from within
"uplevel $contents_of_test"
------------------ testing $PTII/ptolemy/domains/de/test/auto/knownFailedTests/FSMSource.xml (Known Failure) 
63 ms. Memory: 129024K Free: 110562K (86%)
!!!! Auto was marked as failing, but now passes
------------------ testing $PTII/ptolemy/domains/de/test/auto/knownFailedTests/HierarchicalModel.xml (Known Failure) 
9 ms. Memory: 129024K Free: 93503K (72%)


==== $PTIIhome/travis/build/icyphy/ptII/ptolemy/domains/de/test/../../../../: Auto Automatic test in file $PTII/ptolemy/domains/de/test/auto/knownFailedTests/HierarchicalModel.xml
==== Contents of test case:

	    # FIXME: we should use $relativeFilename here, but it
	    # might have backslashes under Windows, which causes no end
	    # of trouble.
	    createAndExecute $file
	    list {}
	
.... Test generated KNOWN error:
    while executing
ptolemy.kernel.util.IllegalActionException: Found a zero delay loop containing .HierarchicalModel.A
  in .HierarchicalModel and .HierarchicalModel.A
	at ptolemy.actor.util.CausalityInterfaceForComposites._computeOutputPortDepth(CausalityInterfaceForComposites.java:759)
	at ptolemy.actor.util.CausalityInterfaceForComposites._computeInputDepth(CausalityInterfaceForComposites.java:696)
	at ptolemy.actor.util.CausalityInterfaceForComposites._computeOutputPortDepth(CausalityInterfaceForComposites.java:765)
	at ptolemy.actor.util.CausalityInterfaceForComposites._computeInputDepth(CausalityInterfaceForComposites.java:696)
	at ptolemy.actor.util.CausalityInterfaceForComposites._computeOutputPortDepth(CausalityInterfaceForComposites.java:765)
	at ptolemy.actor.util.CausalityInterfaceForComposites._computeInputDepth(CausalityInterfaceForComposites.java:696)
	at ptolemy.actor.util.CausalityInterfaceForComposites._computeActorDepth(CausalityInterfaceForComposites.java:532)
	at ptolemy.actor.util.CausalityInterfaceForComposites.checkForCycles(CausalityInterfaceForComposites.java:96)
	at ptolemy.domains.de.kernel.DEDirector.preinitialize(DEDirector.java:1338)
	at ptolemy.actor.CompositeActor.preinitialize(CompositeActor.java:1828)
	at ptolemy.actor.Manager.preinitializeAndResolveTypes(Manager.java:1040)
	at ptolemy.actor.Manager.initialize(Manager.java:710)
	at ptolemy.actor.Manager.execute(Manager.java:356)
	at ptolemy.actor.Manager.run(Manager.java:1263)
	at ptolemy.actor.Manager$PtolemyRunThread.run(Manager.java:1933)

    while executing
ptolemy.kernel.util.IllegalActionException: Found a zero delay loop containing .HierarchicalModel.A
  in .HierarchicalModel and .HierarchicalModel.A
    while executing
"java::new ptolemy.moml.MoMLSimpleApplication $file
"
    (procedure "createAndExecute" line 2)
    invoked from within
"createAndExecute $file"
    ("uplevel" body line 5)
    invoked from within
"uplevel $contents_of_test"
------------------ testing $PTII/ptolemy/domains/de/test/auto/knownFailedTests/dependencyLoop2.xml (Known Failure) 
8 ms. Memory: 129024K Free: 77465K (60%)


==== $PTIIhome/travis/build/icyphy/ptII/ptolemy/domains/de/test/../../../../: Auto Automatic test in file $PTII/ptolemy/domains/de/test/auto/knownFailedTests/dependencyLoop2.xml
==== Contents of test case:

	    # FIXME: we should use $relativeFilename here, but it
	    # might have backslashes under Windows, which causes no end
	    # of trouble.
	    createAndExecute $file
	    list {}
	
.... Test generated KNOWN error:
    while executing
ptolemy.kernel.util.IllegalActionException: Found a zero delay loop containing .dependencyLoop2.original
  in .dependencyLoop2 and .dependencyLoop2.original
	at ptolemy.actor.util.CausalityInterfaceForComposites._computeOutputPortDepth(CausalityInterfaceForComposites.java:759)
	at ptolemy.actor.util.CausalityInterfaceForComposites._computeInputDepth(CausalityInterfaceForComposites.java:696)
	at ptolemy.actor.util.CausalityInterfaceForComposites._computeOutputPortDepth(CausalityInterfaceForComposites.java:765)
	at ptolemy.actor.util.CausalityInterfaceForComposites._computeInputDepth(CausalityInterfaceForComposites.java:696)
	at ptolemy.actor.util.CausalityInterfaceForComposites._computeOutputPortDepth(CausalityInterfaceForComposites.java:765)
	at ptolemy.actor.util.CausalityInterfaceForComposites._computeInputDepth(CausalityInterfaceForComposites.java:696)
	at ptolemy.actor.util.CausalityInterfaceForComposites._computeActorDepth(CausalityInterfaceForComposites.java:532)
	at ptolemy.actor.util.CausalityInterfaceForComposites.checkForCycles(CausalityInterfaceForComposites.java:96)
	at ptolemy.domains.de.kernel.DEDirector.preinitialize(DEDirector.java:1338)
	at ptolemy.actor.CompositeActor.preinitialize(CompositeActor.java:1828)
	at ptolemy.actor.Manager.preinitializeAndResolveTypes(Manager.java:1040)
	at ptolemy.actor.Manager.initialize(Manager.java:710)
	at ptolemy.actor.Manager.execute(Manager.java:356)
	at ptolemy.actor.Manager.run(Manager.java:1263)
	at ptolemy.actor.Manager$PtolemyRunThread.run(Manager.java:1933)

    while executing
ptolemy.kernel.util.IllegalActionException: Found a zero delay loop containing .dependencyLoop2.original
  in .dependencyLoop2 and .dependencyLoop2.original
    while executing
"java::new ptolemy.moml.MoMLSimpleApplication $file
"
    (procedure "createAndExecute" line 2)
    invoked from within
"createAndExecute $file"
    ("uplevel" body line 5)
    invoked from within
"uplevel $contents_of_test"
------------------ testing $PTII/ptolemy/domains/de/test/auto/knownFailedTests/DESDFClockTest.xml (Known Failure) 
2077 ms. Memory: 129024K Free: 108269K (84%)


==== $PTIIhome/travis/build/icyphy/ptII/ptolemy/domains/de/test/../../../../: Auto Automatic test in file $PTII/ptolemy/domains/de/test/auto/knownFailedTests/DESDFClockTest.xml
==== Contents of test case:

	    # FIXME: we should use $relativeFilename here, but it
	    # might have backslashes under Windows, which causes no end
	    # of trouble.
	    createAndExecute $file
	    list {}
	
.... Test generated KNOWN error:
    while executing
ptolemy.kernel.util.IllegalActionException: Actor is not ready to fire.  Perhaps UpSample.prefire() returned false? Try debugging the actor by selecting "Listen to Actor".  Also, for SDF check moml for tokenConsumptionRate on input.
  in .DESDFClockTest.Play Bell.Copy1:SDF Director and .DESDFClockTest.Play Bell.UpSample
	at ptolemy.actor.sched.StaticSchedulingDirector.fire(StaticSchedulingDirector.java:227)
	at ptolemy.domains.sdf.kernel.SDFDirector.fire(SDFDirector.java:500)
	at ptolemy.actor.CompositeActor.fire(CompositeActor.java:455)
	at ptolemy.domains.de.kernel.DEDirector._fire(DEDirector.java:1949)
	at ptolemy.domains.de.kernel.DEDirector.fire(DEDirector.java:502)
	at ptolemy.actor.CompositeActor.fire(CompositeActor.java:455)
	at ptolemy.actor.Manager.iterate(Manager.java:851)
	at ptolemy.actor.Manager.execute(Manager.java:369)
	at ptolemy.actor.Manager.run(Manager.java:1263)
	at ptolemy.actor.Manager$PtolemyRunThread.run(Manager.java:1933)

    while executing
ptolemy.kernel.util.IllegalActionException: Actor is not ready to fire.  Perhaps UpSample.prefire() returned false? Try debugging the actor by selecting "Listen to Actor".  Also, for SDF check moml for tokenConsumptionRate on input.
  in .DESDFClockTest.Play Bell.Copy1:SDF Director and .DESDFClockTest.Play Bell.UpSample
    while executing
"java::new ptolemy.moml.MoMLSimpleApplication $file
"
    (procedure "createAndExecute" line 2)
    invoked from within
"createAndExecute $file"
    ("uplevel" body line 5)
    invoked from within
"uplevel $contents_of_test"
------------------ testing $PTII/ptolemy/domains/de/test/auto/ActorDepthCalculation_actorWithoutPorts.xml
auto.tcl: Setting watchdog for 200 seconds at Sun Nov 01 15:55:41 UTC 2020
3 ms. Memory: 129024K Free: 101101K (78%)
ptolemy.util.test.WatchDog.cancel(): canceling Sun Nov 01 15:55:41 UTC 2020
auto.tcl: Setting watchdog for 200 seconds at Sun Nov 01 15:55:41 UTC 2020
4 ms. Memory: 129024K Free: 99563K (77%)
ptolemy.util.test.WatchDog.cancel(): canceling Sun Nov 01 15:55:41 UTC 2020
------------------ testing $PTII/ptolemy/domains/de/test/auto/AssemblyLine.xml
auto.tcl: Setting watchdog for 200 seconds at Sun Nov 01 15:55:41 UTC 2020
7 ms. Memory: 51200K Free: 28155K (55%)
ptolemy.util.test.WatchDog.cancel(): canceling Sun Nov 01 15:55:42 UTC 2020
auto.tcl: Setting watchdog for 200 seconds at Sun Nov 01 15:55:42 UTC 2020
7 ms. Memory: 51200K Free: 27256K (53%)
ptolemy.util.test.WatchDog.cancel(): canceling Sun Nov 01 15:55:42 UTC 2020
------------------ testing $PTII/ptolemy/domains/de/test/auto/CQBug1.xml
auto.tcl: Setting watchdog for 200 seconds at Sun Nov 01 15:55:42 UTC 2020
3 ms. Memory: 51200K Free: 33822K (66%)
ptolemy.util.test.WatchDog.cancel(): canceling Sun Nov 01 15:55:42 UTC 2020
auto.tcl: Setting watchdog for 200 seconds at Sun Nov 01 15:55:42 UTC 2020
2 ms. Memory: 51200K Free: 33366K (65%)
ptolemy.util.test.WatchDog.cancel(): canceling Sun Nov 01 15:55:42 UTC 2020
------------------ testing $PTII/ptolemy/domains/de/test/auto/CancelFireAt.xml
auto.tcl: Setting watchdog for 200 seconds at Sun Nov 01 15:55:42 UTC 2020
4 ms. Memory: 51200K Free: 34487K (67%)
ptolemy.util.test.WatchDog.cancel(): canceling Sun Nov 01 15:55:42 UTC 2020
auto.tcl: Setting watchdog for 200 seconds at Sun Nov 01 15:55:42 UTC 2020
2 ms. Memory: 51200K Free: 33997K (66%)
ptolemy.util.test.WatchDog.cancel(): canceling Sun Nov 01 15:55:42 UTC 2020
------------------ testing $PTII/ptolemy/domains/de/test/auto/CausalityAndComposabilityAnalysis.xml
auto.tcl: Setting watchdog for 200 seconds at Sun Nov 01 15:55:42 UTC 2020
10 ms. Memory: 48128K Free: 29385K (61%)
ptolemy.util.test.WatchDog.cancel(): canceling Sun Nov 01 15:55:42 UTC 2020
auto.tcl: Setting watchdog for 200 seconds at Sun Nov 01 15:55:42 UTC 2020
5 ms. Memory: 48128K Free: 28934K (60%)
ptolemy.util.test.WatchDog.cancel(): canceling Sun Nov 01 15:55:42 UTC 2020
------------------ testing $PTII/ptolemy/domains/de/test/auto/CausalityInterface1.xml
auto.tcl: Setting watchdog for 200 seconds at Sun Nov 01 15:55:42 UTC 2020
22 ms. Memory: 48128K Free: 28111K (58%)
ptolemy.util.test.WatchDog.cancel(): canceling Sun Nov 01 15:55:42 UTC 2020
auto.tcl: Setting watchdog for 200 seconds at Sun Nov 01 15:55:42 UTC 2020
4 ms. Memory: 48128K Free: 27347K (57%)
ptolemy.util.test.WatchDog.cancel(): canceling Sun Nov 01 15:55:42 UTC 2020
------------------ testing $PTII/ptolemy/domains/de/test/auto/CausalityInterface15.xml
auto.tcl: Setting watchdog for 200 seconds at Sun Nov 01 15:55:42 UTC 2020
6 ms. Memory: 48128K Free: 27968K (58%)
ptolemy.util.test.WatchDog.cancel(): canceling Sun Nov 01 15:55:42 UTC 2020
auto.tcl: Setting watchdog for 200 seconds at Sun Nov 01 15:55:42 UTC 2020
4 ms. Memory: 48128K Free: 27278K (57%)
ptolemy.util.test.WatchDog.cancel(): canceling Sun Nov 01 15:55:42 UTC 2020
------------------ testing $PTII/ptolemy/domains/de/test/auto/CausalityInterface2.xml
auto.tcl: Setting watchdog for 200 seconds at Sun Nov 01 15:55:42 UTC 2020
4 ms. Memory: 48128K Free: 29191K (61%)
ptolemy.util.test.WatchDog.cancel(): canceling Sun Nov 01 15:55:42 UTC 2020
auto.tcl: Setting watchdog for 200 seconds at Sun Nov 01 15:55:42 UTC 2020
3 ms. Memory: 48128K Free: 28296K (59%)
ptolemy.util.test.WatchDog.cancel(): canceling Sun Nov 01 15:55:42 UTC 2020
------------------ testing $PTII/ptolemy/domains/de/test/auto/CausalityInterface3.xml
auto.tcl: Setting watchdog for 200 seconds at Sun Nov 01 15:55:42 UTC 2020
5 ms. Memory: 48128K Free: 28528K (59%)
ptolemy.util.test.WatchDog.cancel(): canceling Sun Nov 01 15:55:42 UTC 2020
auto.tcl: Setting watchdog for 200 seconds at Sun Nov 01 15:55:42 UTC 2020
5 ms. Memory: 48128K Free: 27742K (58%)
ptolemy.util.test.WatchDog.cancel(): canceling Sun Nov 01 15:55:42 UTC 2020
------------------ testing $PTII/ptolemy/domains/de/test/auto/ClockDrift.xml
auto.tcl: Setting watchdog for 200 seconds at Sun Nov 01 15:55:42 UTC 2020
86 ms. Memory: 48128K Free: 20846K (43%)
ptolemy.util.test.WatchDog.cancel(): canceling Sun Nov 01 15:55:42 UTC 2020
auto.tcl: Setting watchdog for 200 seconds at Sun Nov 01 15:55:42 UTC 2020
36 ms. Memory: 48128K Free: 17641K (37%)
ptolemy.util.test.WatchDog.cancel(): canceling Sun Nov 01 15:55:42 UTC 2020
------------------ testing $PTII/ptolemy/domains/de/test/auto/ClockDriftAndValueChange.xml
auto.tcl: Setting watchdog for 200 seconds at Sun Nov 01 15:55:42 UTC 2020
39 ms. Memory: 48128K Free: 21196K (44%)
ptolemy.util.test.WatchDog.cancel(): canceling Sun Nov 01 15:55:42 UTC 2020
auto.tcl: Setting watchdog for 200 seconds at Sun Nov 01 15:55:42 UTC 2020
27 ms. Memory: 48128K Free: 18361K (38%)
ptolemy.util.test.WatchDog.cancel(): canceling Sun Nov 01 15:55:43 UTC 2020
------------------ testing $PTII/ptolemy/domains/de/test/auto/ClockDriftChange.xml
auto.tcl: Setting watchdog for 200 seconds at Sun Nov 01 15:55:43 UTC 2020
18 ms. Memory: 48128K Free: 23245K (48%)
ptolemy.util.test.WatchDog.cancel(): canceling Sun Nov 01 15:55:43 UTC 2020
auto.tcl: Setting watchdog for 200 seconds at Sun Nov 01 15:55:43 UTC 2020
26 ms. Memory: 48128K Free: 20662K (43%)
ptolemy.util.test.WatchDog.cancel(): canceling Sun Nov 01 15:55:43 UTC 2020
------------------ testing $PTII/ptolemy/domains/de/test/auto/ComposableCausalityAnalysis.xml
auto.tcl: Setting watchdog for 200 seconds at Sun Nov 01 15:55:43 UTC 2020
2 ms. Memory: 48128K Free: 27917K (58%)
ptolemy.util.test.WatchDog.cancel(): canceling Sun Nov 01 15:55:43 UTC 2020
auto.tcl: Setting watchdog for 200 seconds at Sun Nov 01 15:55:43 UTC 2020
5 ms. Memory: 48128K Free: 26840K (56%)
ptolemy.util.test.WatchDog.cancel(): canceling Sun Nov 01 15:55:43 UTC 2020
------------------ testing $PTII/ptolemy/domains/de/test/auto/DEFixedPointLimitation.xml
auto.tcl: Setting watchdog for 200 seconds at Sun Nov 01 15:55:43 UTC 2020
3 ms. Memory: 48128K Free: 29233K (61%)
ptolemy.util.test.WatchDog.cancel(): canceling Sun Nov 01 15:55:43 UTC 2020
auto.tcl: Setting watchdog for 200 seconds at Sun Nov 01 15:55:43 UTC 2020
1 ms. Memory: 48128K Free: 28307K (59%)
ptolemy.util.test.WatchDog.cancel(): canceling Sun Nov 01 15:55:43 UTC 2020
------------------ testing $PTII/ptolemy/domains/de/test/auto/DEScheduleTest.xml
auto.tcl: Setting watchdog for 200 seconds at Sun Nov 01 15:55:43 UTC 2020
6 ms. Memory: 48128K Free: 29542K (61%)
ptolemy.util.test.WatchDog.cancel(): canceling Sun Nov 01 15:55:43 UTC 2020
auto.tcl: Setting watchdog for 200 seconds at Sun Nov 01 15:55:43 UTC 2020
3 ms. Memory: 48128K Free: 28771K (60%)
ptolemy.util.test.WatchDog.cancel(): canceling Sun Nov 01 15:55:43 UTC 2020
------------------ testing $PTII/ptolemy/domains/de/test/auto/DEinDEwithStartTimes.xml
auto.tcl: Setting watchdog for 200 seconds at Sun Nov 01 15:55:43 UTC 2020
4 ms. Memory: 48128K Free: 27681K (58%)
ptolemy.util.test.WatchDog.cancel(): canceling Sun Nov 01 15:55:43 UTC 2020
auto.tcl: Setting watchdog for 200 seconds at Sun Nov 01 15:55:43 UTC 2020
4 ms. Memory: 48128K Free: 26656K (55%)
ptolemy.util.test.WatchDog.cancel(): canceling Sun Nov 01 15:55:43 UTC 2020
------------------ testing $PTII/ptolemy/domains/de/test/auto/DEinDEwithStartTimes2.xml
auto.tcl: Setting watchdog for 200 seconds at Sun Nov 01 15:55:43 UTC 2020
4 ms. Memory: 48128K Free: 26907K (56%)
ptolemy.util.test.WatchDog.cancel(): canceling Sun Nov 01 15:55:43 UTC 2020
auto.tcl: Setting watchdog for 200 seconds at Sun Nov 01 15:55:43 UTC 2020
3 ms. Memory: 48128K Free: 25611K (53%)
ptolemy.util.test.WatchDog.cancel(): canceling Sun Nov 01 15:55:43 UTC 2020
------------------ testing $PTII/ptolemy/domains/de/test/auto/DateDemo.xml
auto.tcl: Setting watchdog for 200 seconds at Sun Nov 01 15:55:43 UTC 2020
17 ms. Memory: 48128K Free: 21252K (44%)
ptolemy.util.test.WatchDog.cancel(): canceling Sun Nov 01 15:55:43 UTC 2020
auto.tcl: Setting watchdog for 200 seconds at Sun Nov 01 15:55:43 UTC 2020
8 ms. Memory: 48128K Free: 19656K (41%)
ptolemy.util.test.WatchDog.cancel(): canceling Sun Nov 01 15:55:43 UTC 2020
------------------ testing $PTII/ptolemy/domains/de/test/auto/DateToEvent.xml
auto.tcl: Setting watchdog for 200 seconds at Sun Nov 01 15:55:43 UTC 2020
2010 ms. Memory: 48128K Free: 17175K (36%)
ptolemy.util.test.WatchDog.cancel(): canceling Sun Nov 01 15:55:45 UTC 2020
auto.tcl: Setting watchdog for 200 seconds at Sun Nov 01 15:55:45 UTC 2020
2005 ms. Memory: 48128K Free: 16394K (34%)
ptolemy.util.test.WatchDog.cancel(): canceling Sun Nov 01 15:55:47 UTC 2020
------------------ testing $PTII/ptolemy/domains/de/test/auto/DepthTest1.xml
auto.tcl: Setting watchdog for 200 seconds at Sun Nov 01 15:55:47 UTC 2020
2 ms. Memory: 48128K Free: 30320K (63%)
ptolemy.util.test.WatchDog.cancel(): canceling Sun Nov 01 15:55:47 UTC 2020
auto.tcl: Setting watchdog for 200 seconds at Sun Nov 01 15:55:47 UTC 2020
1 ms. Memory: 48128K Free: 29914K (62%)
ptolemy.util.test.WatchDog.cancel(): canceling Sun Nov 01 15:55:47 UTC 2020
------------------ testing $PTII/ptolemy/domains/de/test/auto/DepthTest2.xml
auto.tcl: Setting watchdog for 200 seconds at Sun Nov 01 15:55:47 UTC 2020
3 ms. Memory: 48128K Free: 27122K (56%)
ptolemy.util.test.WatchDog.cancel(): canceling Sun Nov 01 15:55:47 UTC 2020
auto.tcl: Setting watchdog for 200 seconds at Sun Nov 01 15:55:47 UTC 2020
2 ms. Memory: 48128K Free: 26690K (55%)
ptolemy.util.test.WatchDog.cancel(): canceling Sun Nov 01 15:55:47 UTC 2020
------------------ testing $PTII/ptolemy/domains/de/test/auto/DepthTest3.xml
auto.tcl: Setting watchdog for 200 seconds at Sun Nov 01 15:55:47 UTC 2020
2 ms. Memory: 48128K Free: 30651K (64%)
ptolemy.util.test.WatchDog.cancel(): canceling Sun Nov 01 15:55:47 UTC 2020
auto.tcl: Setting watchdog for 200 seconds at Sun Nov 01 15:55:47 UTC 2020
1 ms. Memory: 48128K Free: 30219K (63%)
ptolemy.util.test.WatchDog.cancel(): canceling Sun Nov 01 15:55:47 UTC 2020
------------------ testing $PTII/ptolemy/domains/de/test/auto/DepthTest4.xml
auto.tcl: Setting watchdog for 200 seconds at Sun Nov 01 15:55:47 UTC 2020
3 ms. Memory: 48128K Free: 29001K (60%)
ptolemy.util.test.WatchDog.cancel(): canceling Sun Nov 01 15:55:48 UTC 2020
auto.tcl: Setting watchdog for 200 seconds at Sun Nov 01 15:55:48 UTC 2020
2 ms. Memory: 48128K Free: 28284K (59%)
ptolemy.util.test.WatchDog.cancel(): canceling Sun Nov 01 15:55:48 UTC 2020
------------------ testing $PTII/ptolemy/domains/de/test/auto/DepthTest5.xml
auto.tcl: Setting watchdog for 200 seconds at Sun Nov 01 15:55:48 UTC 2020
3 ms. Memory: 48128K Free: 28160K (59%)
ptolemy.util.test.WatchDog.cancel(): canceling Sun Nov 01 15:55:48 UTC 2020
auto.tcl: Setting watchdog for 200 seconds at Sun Nov 01 15:55:48 UTC 2020
2 ms. Memory: 48128K Free: 27770K (58%)
ptolemy.util.test.WatchDog.cancel(): canceling Sun Nov 01 15:55:48 UTC 2020
------------------ testing $PTII/ptolemy/domains/de/test/auto/DepthTest6.xml
auto.tcl: Setting watchdog for 200 seconds at Sun Nov 01 15:55:48 UTC 2020
3 ms. Memory: 48128K Free: 28101K (58%)
ptolemy.util.test.WatchDog.cancel(): canceling Sun Nov 01 15:55:48 UTC 2020
auto.tcl: Setting watchdog for 200 seconds at Sun Nov 01 15:55:48 UTC 2020
2 ms. Memory: 48128K Free: 27686K (58%)
ptolemy.util.test.WatchDog.cancel(): canceling Sun Nov 01 15:55:48 UTC 2020
------------------ testing $PTII/ptolemy/domains/de/test/auto/DepthTest7.xml
auto.tcl: Setting watchdog for 200 seconds at Sun Nov 01 15:55:48 UTC 2020
3 ms. Memory: 48128K Free: 28690K (60%)
ptolemy.util.test.WatchDog.cancel(): canceling Sun Nov 01 15:55:48 UTC 2020
auto.tcl: Setting watchdog for 200 seconds at Sun Nov 01 15:55:48 UTC 2020
2 ms. Memory: 48128K Free: 27786K (58%)
ptolemy.util.test.WatchDog.cancel(): canceling Sun Nov 01 15:55:48 UTC 2020
------------------ testing $PTII/ptolemy/domains/de/test/auto/EventToDate.xml
auto.tcl: Setting watchdog for 200 seconds at Sun Nov 01 15:55:48 UTC 2020
3009 ms. Memory: 48128K Free: 19739K (41%)
ptolemy.util.test.WatchDog.cancel(): canceling Sun Nov 01 15:55:51 UTC 2020
auto.tcl: Setting watchdog for 200 seconds at Sun Nov 01 15:55:51 UTC 2020
3004 ms. Memory: 48128K Free: 19030K (40%)
ptolemy.util.test.WatchDog.cancel(): canceling Sun Nov 01 15:55:54 UTC 2020
------------------ testing $PTII/ptolemy/domains/de/test/auto/FSM1.xml
auto.tcl: Setting watchdog for 200 seconds at Sun Nov 01 15:55:54 UTC 2020
36 ms. Memory: 48128K Free: 20656K (43%)
ptolemy.util.test.WatchDog.cancel(): canceling Sun Nov 01 15:55:54 UTC 2020
auto.tcl: Setting watchdog for 200 seconds at Sun Nov 01 15:55:54 UTC 2020
16 ms. Memory: 48128K Free: 17242K (36%)
ptolemy.util.test.WatchDog.cancel(): canceling Sun Nov 01 15:55:54 UTC 2020
------------------ testing $PTII/ptolemy/domains/de/test/auto/FSM7.xml
auto.tcl: Setting watchdog for 200 seconds at Sun Nov 01 15:55:54 UTC 2020
13 ms. Memory: 48128K Free: 20647K (43%)
ptolemy.util.test.WatchDog.cancel(): canceling Sun Nov 01 15:55:54 UTC 2020
auto.tcl: Setting watchdog for 200 seconds at Sun Nov 01 15:55:54 UTC 2020
13 ms. Memory: 48128K Free: 17505K (36%)
ptolemy.util.test.WatchDog.cancel(): canceling Sun Nov 01 15:55:54 UTC 2020
------------------ testing $PTII/ptolemy/domains/de/test/auto/Inspection.xml
auto.tcl: Setting watchdog for 200 seconds at Sun Nov 01 15:55:54 UTC 2020
27 ms. Memory: 48128K Free: 20667K (43%)
ptolemy.util.test.WatchDog.cancel(): canceling Sun Nov 01 15:55:54 UTC 2020
auto.tcl: Setting watchdog for 200 seconds at Sun Nov 01 15:55:54 UTC 2020
25 ms. Memory: 48128K Free: 18927K (39%)
ptolemy.util.test.WatchDog.cancel(): canceling Sun Nov 01 15:55:54 UTC 2020
------------------ testing $PTII/ptolemy/domains/de/test/auto/Iteration.xml
auto.tcl: Setting watchdog for 200 seconds at Sun Nov 01 15:55:54 UTC 2020
5 ms. Memory: 48128K Free: 26382K (55%)
ptolemy.util.test.WatchDog.cancel(): canceling Sun Nov 01 15:55:54 UTC 2020
auto.tcl: Setting watchdog for 200 seconds at Sun Nov 01 15:55:54 UTC 2020
4 ms. Memory: 48128K Free: 24983K (52%)
ptolemy.util.test.WatchDog.cancel(): canceling Sun Nov 01 15:55:54 UTC 2020
------------------ testing $PTII/ptolemy/domains/de/test/auto/LineFault.xml
auto.tcl: Setting watchdog for 200 seconds at Sun Nov 01 15:55:54 UTC 2020
527 ms. Memory: 48128K Free: 23643K (49%)
ptolemy.util.test.WatchDog.cancel(): canceling Sun Nov 01 15:55:55 UTC 2020
auto.tcl: Setting watchdog for 200 seconds at Sun Nov 01 15:55:55 UTC 2020
440 ms. Memory: 58368K Free: 19641K (34%)
ptolemy.util.test.WatchDog.cancel(): canceling Sun Nov 01 15:55:55 UTC 2020
------------------ testing $PTII/ptolemy/domains/de/test/auto/MergeModel1Add.xml
auto.tcl: Setting watchdog for 200 seconds at Sun Nov 01 15:55:56 UTC 2020
15 ms. Memory: 55296K Free: 19543K (35%)
ptolemy.util.test.WatchDog.cancel(): canceling Sun Nov 01 15:55:56 UTC 2020
auto.tcl: Setting watchdog for 200 seconds at Sun Nov 01 15:55:56 UTC 2020
8 ms. Memory: 55296K Free: 17896K (32%)
ptolemy.util.test.WatchDog.cancel(): canceling Sun Nov 01 15:55:56 UTC 2020
------------------ testing $PTII/ptolemy/domains/de/test/auto/MergeModel2Add.xml
auto.tcl: Setting watchdog for 200 seconds at Sun Nov 01 15:55:56 UTC 2020
9 ms. Memory: 55296K Free: 21338K (39%)
ptolemy.util.test.WatchDog.cancel(): canceling Sun Nov 01 15:55:56 UTC 2020
auto.tcl: Setting watchdog for 200 seconds at Sun Nov 01 15:55:56 UTC 2020
7 ms. Memory: 55296K Free: 19620K (35%)
ptolemy.util.test.WatchDog.cancel(): canceling Sun Nov 01 15:55:56 UTC 2020
------------------ testing $PTII/ptolemy/domains/de/test/auto/MergeModel3Add.xml
auto.tcl: Setting watchdog for 200 seconds at Sun Nov 01 15:55:56 UTC 2020
9 ms. Memory: 55296K Free: 21594K (39%)
ptolemy.util.test.WatchDog.cancel(): canceling Sun Nov 01 15:55:56 UTC 2020
auto.tcl: Setting watchdog for 200 seconds at Sun Nov 01 15:55:56 UTC 2020
7 ms. Memory: 55296K Free: 20069K (36%)
ptolemy.util.test.WatchDog.cancel(): canceling Sun Nov 01 15:55:56 UTC 2020
------------------ testing $PTII/ptolemy/domains/de/test/auto/MergeWithoutDiscard.xml
auto.tcl: Setting watchdog for 200 seconds at Sun Nov 01 15:55:56 UTC 2020
3 ms. Memory: 51200K Free: 31883K (62%)
ptolemy.util.test.WatchDog.cancel(): canceling Sun Nov 01 15:55:56 UTC 2020
auto.tcl: Setting watchdog for 200 seconds at Sun Nov 01 15:55:56 UTC 2020
2 ms. Memory: 51200K Free: 31451K (61%)
ptolemy.util.test.WatchDog.cancel(): canceling Sun Nov 01 15:55:56 UTC 2020
------------------ testing $PTII/ptolemy/domains/de/test/auto/Modal1.xml
auto.tcl: Setting watchdog for 200 seconds at Sun Nov 01 15:55:56 UTC 2020
12 ms. Memory: 51200K Free: 24236K (47%)
ptolemy.util.test.WatchDog.cancel(): canceling Sun Nov 01 15:55:56 UTC 2020
auto.tcl: Setting watchdog for 200 seconds at Sun Nov 01 15:55:56 UTC 2020
13 ms. Memory: 51200K Free: 20953K (41%)
ptolemy.util.test.WatchDog.cancel(): canceling Sun Nov 01 15:55:56 UTC 2020
------------------ testing $PTII/ptolemy/domains/de/test/auto/Modal2.xml
auto.tcl: Setting watchdog for 200 seconds at Sun Nov 01 15:55:56 UTC 2020
10 ms. Memory: 51200K Free: 24114K (47%)
ptolemy.util.test.WatchDog.cancel(): canceling Sun Nov 01 15:55:56 UTC 2020
auto.tcl: Setting watchdog for 200 seconds at Sun Nov 01 15:55:56 UTC 2020
11 ms. Memory: 51200K Free: 20850K (41%)
ptolemy.util.test.WatchDog.cancel(): canceling Sun Nov 01 15:55:56 UTC 2020
------------------ testing $PTII/ptolemy/domains/de/test/auto/Modal3.xml
auto.tcl: Setting watchdog for 200 seconds at Sun Nov 01 15:55:56 UTC 2020
15 ms. Memory: 51200K Free: 23832K (47%)
ptolemy.util.test.WatchDog.cancel(): canceling Sun Nov 01 15:55:56 UTC 2020
auto.tcl: Setting watchdog for 200 seconds at Sun Nov 01 15:55:56 UTC 2020
14 ms. Memory: 51200K Free: 20883K (41%)
ptolemy.util.test.WatchDog.cancel(): canceling Sun Nov 01 15:55:56 UTC 2020
------------------ testing $PTII/ptolemy/domains/de/test/auto/Modal4.xml
auto.tcl: Setting watchdog for 200 seconds at Sun Nov 01 15:55:56 UTC 2020
23 ms. Memory: 51200K Free: 23086K (45%)
ptolemy.util.test.WatchDog.cancel(): canceling Sun Nov 01 15:55:56 UTC 2020
auto.tcl: Setting watchdog for 200 seconds at Sun Nov 01 15:55:56 UTC 2020
18 ms. Memory: 51200K Free: 19227K (38%)
ptolemy.util.test.WatchDog.cancel(): canceling Sun Nov 01 15:55:56 UTC 2020
------------------ testing $PTII/ptolemy/domains/de/test/auto/Modal5.xml
auto.tcl: Setting watchdog for 200 seconds at Sun Nov 01 15:55:56 UTC 2020
13 ms. Memory: 51200K Free: 23018K (45%)
ptolemy.util.test.WatchDog.cancel(): canceling Sun Nov 01 15:55:56 UTC 2020
auto.tcl: Setting watchdog for 200 seconds at Sun Nov 01 15:55:56 UTC 2020
13 ms. Memory: 51200K Free: 19214K (38%)
ptolemy.util.test.WatchDog.cancel(): canceling Sun Nov 01 15:55:56 UTC 2020
------------------ testing $PTII/ptolemy/domains/de/test/auto/Modal6.xml
auto.tcl: Setting watchdog for 200 seconds at Sun Nov 01 15:55:56 UTC 2020
15 ms. Memory: 51200K Free: 23813K (47%)
ptolemy.util.test.WatchDog.cancel(): canceling Sun Nov 01 15:55:56 UTC 2020
auto.tcl: Setting watchdog for 200 seconds at Sun Nov 01 15:55:56 UTC 2020
16 ms. Memory: 51200K Free: 19876K (39%)
ptolemy.util.test.WatchDog.cancel(): canceling Sun Nov 01 15:55:56 UTC 2020
------------------ testing $PTII/ptolemy/domains/de/test/auto/Modal7.xml
auto.tcl: Setting watchdog for 200 seconds at Sun Nov 01 15:55:57 UTC 2020
22 ms. Memory: 51200K Free: 22806K (45%)
ptolemy.util.test.WatchDog.cancel(): canceling Sun Nov 01 15:55:57 UTC 2020
auto.tcl: Setting watchdog for 200 seconds at Sun Nov 01 15:55:57 UTC 2020
12 ms. Memory: 51200K Free: 19464K (38%)
ptolemy.util.test.WatchDog.cancel(): canceling Sun Nov 01 15:55:57 UTC 2020
------------------ testing $PTII/ptolemy/domains/de/test/auto/ModalModel.xml
auto.tcl: Setting watchdog for 200 seconds at Sun Nov 01 15:55:57 UTC 2020
199 ms. Memory: 51200K Free: 13235K (26%)
ptolemy.util.test.WatchDog.cancel(): canceling Sun Nov 01 15:55:57 UTC 2020
auto.tcl: Setting watchdog for 200 seconds at Sun Nov 01 15:55:57 UTC 2020
217 ms. Memory: 66560K Free: 47529K (71%)
ptolemy.util.test.WatchDog.cancel(): canceling Sun Nov 01 15:55:57 UTC 2020
------------------ testing $PTII/ptolemy/domains/de/test/auto/ModalSource.xml
auto.tcl: Setting watchdog for 200 seconds at Sun Nov 01 15:55:57 UTC 2020
5 ms. Memory: 55296K Free: 31984K (58%)
ptolemy.util.test.WatchDog.cancel(): canceling Sun Nov 01 15:55:57 UTC 2020
auto.tcl: Setting watchdog for 200 seconds at Sun Nov 01 15:55:57 UTC 2020
5 ms. Memory: 55296K Free: 29936K (54%)
ptolemy.util.test.WatchDog.cancel(): canceling Sun Nov 01 15:55:57 UTC 2020
------------------ testing $PTII/ptolemy/domains/de/test/auto/NonInterruptibleTimerZeroDelay.xml
auto.tcl: Setting watchdog for 200 seconds at Sun Nov 01 15:55:57 UTC 2020
2 ms. Memory: 55296K Free: 36865K (67%)
ptolemy.util.test.WatchDog.cancel(): canceling Sun Nov 01 15:55:57 UTC 2020
auto.tcl: Setting watchdog for 200 seconds at Sun Nov 01 15:55:57 UTC 2020
2 ms. Memory: 55296K Free: 36254K (66%)
ptolemy.util.test.WatchDog.cancel(): canceling Sun Nov 01 15:55:57 UTC 2020
------------------ testing $PTII/ptolemy/domains/de/test/auto/OpenQueueingNetwork.xml
auto.tcl: Setting watchdog for 200 seconds at Sun Nov 01 15:55:57 UTC 2020
2807 ms. Memory: 102400K Free: 56589K (55%)
ptolemy.util.test.WatchDog.cancel(): canceling Sun Nov 01 15:56:00 UTC 2020
auto.tcl: Setting watchdog for 200 seconds at Sun Nov 01 15:56:00 UTC 2020
2294 ms. Memory: 122880K Free: 72381K (59%)
ptolemy.util.test.WatchDog.cancel(): canceling Sun Nov 01 15:56:03 UTC 2020
------------------ testing $PTII/ptolemy/domains/de/test/auto/OpenQueuingNetwork.xml
auto.tcl: Setting watchdog for 200 seconds at Sun Nov 01 15:56:03 UTC 2020
217 ms. Memory: 58368K Free: 32646K (56%)
ptolemy.util.test.WatchDog.cancel(): canceling Sun Nov 01 15:56:03 UTC 2020
auto.tcl: Setting watchdog for 200 seconds at Sun Nov 01 15:56:03 UTC 2020
223 ms. Memory: 58368K Free: 14484K (25%)
ptolemy.util.test.WatchDog.cancel(): canceling Sun Nov 01 15:56:03 UTC 2020
------------------ testing $PTII/ptolemy/domains/de/test/auto/PeriodicSampler.xml
auto.tcl: Setting watchdog for 200 seconds at Sun Nov 01 15:56:03 UTC 2020
3 ms. Memory: 51200K Free: 32026K (63%)
ptolemy.util.test.WatchDog.cancel(): canceling Sun Nov 01 15:56:03 UTC 2020
auto.tcl: Setting watchdog for 200 seconds at Sun Nov 01 15:56:03 UTC 2020
1 ms. Memory: 51200K Free: 31512K (62%)
ptolemy.util.test.WatchDog.cancel(): canceling Sun Nov 01 15:56:03 UTC 2020
------------------ testing $PTII/ptolemy/domains/de/test/auto/PersistentIO.xml
auto.tcl: Setting watchdog for 200 seconds at Sun Nov 01 15:56:03 UTC 2020
17 ms. Memory: 51200K Free: 26951K (53%)
ptolemy.util.test.WatchDog.cancel(): canceling Sun Nov 01 15:56:03 UTC 2020
auto.tcl: Setting watchdog for 200 seconds at Sun Nov 01 15:56:03 UTC 2020
3 ms. Memory: 51200K Free: 25431K (50%)
ptolemy.util.test.WatchDog.cancel(): canceling Sun Nov 01 15:56:03 UTC 2020
------------------ testing $PTII/ptolemy/domains/de/test/auto/PortParameterResetOnInitialize.xml
auto.tcl: Setting watchdog for 200 seconds at Sun Nov 01 15:56:03 UTC 2020
6 ms. Memory: 51200K Free: 31949K (62%)
ptolemy.util.test.WatchDog.cancel(): canceling Sun Nov 01 15:56:03 UTC 2020
auto.tcl: Setting watchdog for 200 seconds at Sun Nov 01 15:56:03 UTC 2020
2 ms. Memory: 51200K Free: 31439K (61%)
ptolemy.util.test.WatchDog.cancel(): canceling Sun Nov 01 15:56:03 UTC 2020
------------------ testing $PTII/ptolemy/domains/de/test/auto/PortParameterUpdates.xml
auto.tcl: Setting watchdog for 200 seconds at Sun Nov 01 15:56:03 UTC 2020
4 ms. Memory: 51200K Free: 30243K (59%)
ptolemy.util.test.WatchDog.cancel(): canceling Sun Nov 01 15:56:03 UTC 2020
auto.tcl: Setting watchdog for 200 seconds at Sun Nov 01 15:56:03 UTC 2020
4 ms. Memory: 51200K Free: 29002K (57%)
ptolemy.util.test.WatchDog.cancel(): canceling Sun Nov 01 15:56:03 UTC 2020
------------------ testing $PTII/ptolemy/domains/de/test/auto/QueueAndServer.xml
auto.tcl: Setting watchdog for 200 seconds at Sun Nov 01 15:56:03 UTC 2020
5 ms. Memory: 51200K Free: 28910K (56%)
ptolemy.util.test.WatchDog.cancel(): canceling Sun Nov 01 15:56:03 UTC 2020
auto.tcl: Setting watchdog for 200 seconds at Sun Nov 01 15:56:03 UTC 2020
5 ms. Memory: 51200K Free: 27438K (54%)
ptolemy.util.test.WatchDog.cancel(): canceling Sun Nov 01 15:56:03 UTC 2020
------------------ testing $PTII/ptolemy/domains/de/test/auto/Records.xml
auto.tcl: Setting watchdog for 200 seconds at Sun Nov 01 15:56:03 UTC 2020
5 ms. Memory: 51200K Free: 31187K (61%)
ptolemy.util.test.WatchDog.cancel(): canceling Sun Nov 01 15:56:03 UTC 2020
auto.tcl: Setting watchdog for 200 seconds at Sun Nov 01 15:56:03 UTC 2020
1 ms. Memory: 51200K Free: 30666K (60%)
ptolemy.util.test.WatchDog.cancel(): canceling Sun Nov 01 15:56:03 UTC 2020
------------------ testing $PTII/ptolemy/domains/de/test/auto/ResetTransitionWithStartTime1.xml
auto.tcl: Setting watchdog for 200 seconds at Sun Nov 01 15:56:03 UTC 2020
8 ms. Memory: 51200K Free: 28432K (56%)
ptolemy.util.test.WatchDog.cancel(): canceling Sun Nov 01 15:56:04 UTC 2020
auto.tcl: Setting watchdog for 200 seconds at Sun Nov 01 15:56:04 UTC 2020
5 ms. Memory: 51200K Free: 26384K (52%)
ptolemy.util.test.WatchDog.cancel(): canceling Sun Nov 01 15:56:04 UTC 2020
------------------ testing $PTII/ptolemy/domains/de/test/auto/ResetTransitionWithStartTime2.xml
auto.tcl: Setting watchdog for 200 seconds at Sun Nov 01 15:56:04 UTC 2020
5 ms. Memory: 51200K Free: 28388K (55%)
ptolemy.util.test.WatchDog.cancel(): canceling Sun Nov 01 15:56:04 UTC 2020
auto.tcl: Setting watchdog for 200 seconds at Sun Nov 01 15:56:04 UTC 2020
8 ms. Memory: 51200K Free: 26340K (51%)
ptolemy.util.test.WatchDog.cancel(): canceling Sun Nov 01 15:56:04 UTC 2020
------------------ testing $PTII/ptolemy/domains/de/test/auto/ResetTransitionWithStartTime3.xml
auto.tcl: Setting watchdog for 200 seconds at Sun Nov 01 15:56:04 UTC 2020
7 ms. Memory: 51200K Free: 28424K (56%)
ptolemy.util.test.WatchDog.cancel(): canceling Sun Nov 01 15:56:04 UTC 2020
auto.tcl: Setting watchdog for 200 seconds at Sun Nov 01 15:56:04 UTC 2020
5 ms. Memory: 51200K Free: 26339K (51%)
ptolemy.util.test.WatchDog.cancel(): canceling Sun Nov 01 15:56:04 UTC 2020
------------------ testing $PTII/ptolemy/domains/de/test/auto/ResetTransitionWithStartTime4.xml
auto.tcl: Setting watchdog for 200 seconds at Sun Nov 01 15:56:04 UTC 2020
6 ms. Memory: 51200K Free: 28823K (56%)
ptolemy.util.test.WatchDog.cancel(): canceling Sun Nov 01 15:56:04 UTC 2020
auto.tcl: Setting watchdog for 200 seconds at Sun Nov 01 15:56:04 UTC 2020
2 ms. Memory: 51200K Free: 27362K (53%)
ptolemy.util.test.WatchDog.cancel(): canceling Sun Nov 01 15:56:04 UTC 2020
------------------ testing $PTII/ptolemy/domains/de/test/auto/ResettableTimer1.xml
auto.tcl: Setting watchdog for 200 seconds at Sun Nov 01 15:56:04 UTC 2020
2 ms. Memory: 51200K Free: 32563K (64%)
ptolemy.util.test.WatchDog.cancel(): canceling Sun Nov 01 15:56:04 UTC 2020
auto.tcl: Setting watchdog for 200 seconds at Sun Nov 01 15:56:04 UTC 2020
2 ms. Memory: 51200K Free: 31950K (62%)
ptolemy.util.test.WatchDog.cancel(): canceling Sun Nov 01 15:56:04 UTC 2020
------------------ testing $PTII/ptolemy/domains/de/test/auto/ResettableTimer2.xml
auto.tcl: Setting watchdog for 200 seconds at Sun Nov 01 15:56:04 UTC 2020
2 ms. Memory: 51200K Free: 32658K (64%)
ptolemy.util.test.WatchDog.cancel(): canceling Sun Nov 01 15:56:04 UTC 2020
auto.tcl: Setting watchdog for 200 seconds at Sun Nov 01 15:56:04 UTC 2020
2 ms. Memory: 51200K Free: 32012K (63%)
ptolemy.util.test.WatchDog.cancel(): canceling Sun Nov 01 15:56:04 UTC 2020
------------------ testing $PTII/ptolemy/domains/de/test/auto/ResettableTimer3.xml
auto.tcl: Setting watchdog for 200 seconds at Sun Nov 01 15:56:04 UTC 2020
1 ms. Memory: 51200K Free: 33015K (64%)
ptolemy.util.test.WatchDog.cancel(): canceling Sun Nov 01 15:56:04 UTC 2020
auto.tcl: Setting watchdog for 200 seconds at Sun Nov 01 15:56:04 UTC 2020
1 ms. Memory: 51200K Free: 32519K (64%)
ptolemy.util.test.WatchDog.cancel(): canceling Sun Nov 01 15:56:04 UTC 2020
------------------ testing $PTII/ptolemy/domains/de/test/auto/ResettableTimer4.xml
auto.tcl: Setting watchdog for 200 seconds at Sun Nov 01 15:56:04 UTC 2020
1 ms. Memory: 51200K Free: 32533K (64%)
ptolemy.util.test.WatchDog.cancel(): canceling Sun Nov 01 15:56:04 UTC 2020
auto.tcl: Setting watchdog for 200 seconds at Sun Nov 01 15:56:04 UTC 2020
1 ms. Memory: 51200K Free: 32019K (63%)
ptolemy.util.test.WatchDog.cancel(): canceling Sun Nov 01 15:56:04 UTC 2020
------------------ testing $PTII/ptolemy/domains/de/test/auto/ResettableTimer5.xml
auto.tcl: Setting watchdog for 200 seconds at Sun Nov 01 15:56:04 UTC 2020
2 ms. Memory: 51200K Free: 32017K (63%)
ptolemy.util.test.WatchDog.cancel(): canceling Sun Nov 01 15:56:04 UTC 2020
auto.tcl: Setting watchdog for 200 seconds at Sun Nov 01 15:56:04 UTC 2020
1 ms. Memory: 51200K Free: 31507K (62%)
ptolemy.util.test.WatchDog.cancel(): canceling Sun Nov 01 15:56:04 UTC 2020
------------------ testing $PTII/ptolemy/domains/de/test/auto/ResettableTimer6.xml
auto.tcl: Setting watchdog for 200 seconds at Sun Nov 01 15:56:04 UTC 2020
1 ms. Memory: 51200K Free: 32008K (63%)
ptolemy.util.test.WatchDog.cancel(): canceling Sun Nov 01 15:56:04 UTC 2020
auto.tcl: Setting watchdog for 200 seconds at Sun Nov 01 15:56:04 UTC 2020
1 ms. Memory: 51200K Free: 31498K (62%)
ptolemy.util.test.WatchDog.cancel(): canceling Sun Nov 01 15:56:04 UTC 2020
------------------ testing $PTII/ptolemy/domains/de/test/auto/ServerZeroDelay.xml
auto.tcl: Setting watchdog for 200 seconds at Sun Nov 01 15:56:04 UTC 2020
2 ms. Memory: 51200K Free: 32513K (64%)
ptolemy.util.test.WatchDog.cancel(): canceling Sun Nov 01 15:56:04 UTC 2020
auto.tcl: Setting watchdog for 200 seconds at Sun Nov 01 15:56:04 UTC 2020
2 ms. Memory: 51200K Free: 31489K (62%)
ptolemy.util.test.WatchDog.cancel(): canceling Sun Nov 01 15:56:04 UTC 2020
------------------ testing $PTII/ptolemy/domains/de/test/auto/SmartSender.xml
auto.tcl: Setting watchdog for 200 seconds at Sun Nov 01 15:56:04 UTC 2020
3002 ms. Memory: 51200K Free: 31993K (62%)
ptolemy.util.test.WatchDog.cancel(): canceling Sun Nov 01 15:56:07 UTC 2020
auto.tcl: Setting watchdog for 200 seconds at Sun Nov 01 15:56:07 UTC 2020
3001 ms. Memory: 51200K Free: 31483K (61%)
ptolemy.util.test.WatchDog.cancel(): canceling Sun Nov 01 15:56:10 UTC 2020
------------------ testing $PTII/ptolemy/domains/de/test/auto/ThreadedComposite.xml
auto.tcl: Setting watchdog for 200 seconds at Sun Nov 01 15:56:10 UTC 2020
187 ms. Memory: 51200K Free: 14089K (28%)
ptolemy.util.test.WatchDog.cancel(): canceling Sun Nov 01 15:56:10 UTC 2020
auto.tcl: Setting watchdog for 200 seconds at Sun Nov 01 15:56:10 UTC 2020
125 ms. Memory: 61440K Free: 39586K (64%)
ptolemy.util.test.WatchDog.cancel(): canceling Sun Nov 01 15:56:11 UTC 2020
------------------ testing $PTII/ptolemy/domains/de/test/auto/Time.xml
auto.tcl: Setting watchdog for 200 seconds at Sun Nov 01 15:56:11 UTC 2020
417 ms. Memory: 55296K Free: 12805K (23%)
ptolemy.util.test.WatchDog.cancel(): canceling Sun Nov 01 15:56:11 UTC 2020
auto.tcl: Setting watchdog for 200 seconds at Sun Nov 01 15:56:11 UTC 2020
364 ms. Memory: 55296K Free: 21841K (39%)
ptolemy.util.test.WatchDog.cancel(): canceling Sun Nov 01 15:56:11 UTC 2020
------------------ testing $PTII/ptolemy/domains/de/test/auto/TimeDelayZeroDelay.xml
auto.tcl: Setting watchdog for 200 seconds at Sun Nov 01 15:56:11 UTC 2020
2 ms. Memory: 51200K Free: 32436K (63%)
ptolemy.util.test.WatchDog.cancel(): canceling Sun Nov 01 15:56:11 UTC 2020
auto.tcl: Setting watchdog for 200 seconds at Sun Nov 01 15:56:11 UTC 2020
1 ms. Memory: 51200K Free: 31564K (62%)
ptolemy.util.test.WatchDog.cancel(): canceling Sun Nov 01 15:56:11 UTC 2020
------------------ testing $PTII/ptolemy/domains/de/test/auto/TimerZeroDelay.xml
auto.tcl: Setting watchdog for 200 seconds at Sun Nov 01 15:56:11 UTC 2020
2 ms. Memory: 51200K Free: 32873K (64%)
ptolemy.util.test.WatchDog.cancel(): canceling Sun Nov 01 15:56:11 UTC 2020
auto.tcl: Setting watchdog for 200 seconds at Sun Nov 01 15:56:11 UTC 2020
2 ms. Memory: 51200K Free: 32057K (63%)
ptolemy.util.test.WatchDog.cancel(): canceling Sun Nov 01 15:56:11 UTC 2020
------------------ testing $PTII/ptolemy/domains/de/test/auto/TimingParadox.xml
auto.tcl: Setting watchdog for 200 seconds at Sun Nov 01 15:56:12 UTC 2020
271 ms. Memory: 51200K Free: 20600K (40%)
ptolemy.util.test.WatchDog.cancel(): canceling Sun Nov 01 15:56:12 UTC 2020
auto.tcl: Setting watchdog for 200 seconds at Sun Nov 01 15:56:12 UTC 2020
261 ms. Memory: 51200K Free: 11515K (22%)
ptolemy.util.test.WatchDog.cancel(): canceling Sun Nov 01 15:56:12 UTC 2020
------------------ testing $PTII/ptolemy/domains/de/test/auto/TransferInputs.xml
auto.tcl: Setting watchdog for 200 seconds at Sun Nov 01 15:56:12 UTC 2020
1 ms. Memory: 51200K Free: 30960K (60%)
ptolemy.util.test.WatchDog.cancel(): canceling Sun Nov 01 15:56:12 UTC 2020
auto.tcl: Setting watchdog for 200 seconds at Sun Nov 01 15:56:12 UTC 2020
7 ms. Memory: 51200K Free: 30050K (59%)
ptolemy.util.test.WatchDog.cancel(): canceling Sun Nov 01 15:56:12 UTC 2020
------------------ testing $PTII/ptolemy/domains/de/test/auto/TransferOutputs2.xml
auto.tcl: Setting watchdog for 200 seconds at Sun Nov 01 15:56:12 UTC 2020
2 ms. Memory: 51200K Free: 28389K (55%)
ptolemy.util.test.WatchDog.cancel(): canceling Sun Nov 01 15:56:12 UTC 2020
auto.tcl: Setting watchdog for 200 seconds at Sun Nov 01 15:56:12 UTC 2020
2 ms. Memory: 51200K Free: 26964K (53%)
ptolemy.util.test.WatchDog.cancel(): canceling Sun Nov 01 15:56:12 UTC 2020
------------------ testing $PTII/ptolemy/domains/de/test/auto/Trilateration.xml
auto.tcl: Setting watchdog for 200 seconds at Sun Nov 01 15:56:12 UTC 2020
11215 ms. Memory: 537600K Free: 332329K (62%)
ptolemy.util.test.WatchDog.cancel(): canceling Sun Nov 01 15:56:25 UTC 2020
auto.tcl: Setting watchdog for 200 seconds at Sun Nov 01 15:56:25 UTC 2020
8435 ms. Memory: 537600K Free: 250843K (47%)
ptolemy.util.test.WatchDog.cancel(): canceling Sun Nov 01 15:56:33 UTC 2020
------------------ testing $PTII/ptolemy/domains/de/test/auto/TwoSigmaDelta.xml
auto.tcl: Setting watchdog for 200 seconds at Sun Nov 01 15:56:33 UTC 2020
2274 ms. Memory: 89088K Free: 14775K (17%)
ptolemy.util.test.WatchDog.cancel(): canceling Sun Nov 01 15:56:35 UTC 2020
auto.tcl: Setting watchdog for 200 seconds at Sun Nov 01 15:56:35 UTC 2020
1618 ms. Memory: 89088K Free: 61346K (69%)
ptolemy.util.test.WatchDog.cancel(): canceling Sun Nov 01 15:56:37 UTC 2020
------------------ testing $PTII/ptolemy/domains/de/test/auto/VariableDelay.xml
auto.tcl: Setting watchdog for 200 seconds at Sun Nov 01 15:56:37 UTC 2020
2 ms. Memory: 51200K Free: 31419K (61%)
ptolemy.util.test.WatchDog.cancel(): canceling Sun Nov 01 15:56:37 UTC 2020
auto.tcl: Setting watchdog for 200 seconds at Sun Nov 01 15:56:37 UTC 2020
1 ms. Memory: 51200K Free: 30425K (59%)
ptolemy.util.test.WatchDog.cancel(): canceling Sun Nov 01 15:56:37 UTC 2020
------------------ testing $PTII/ptolemy/domains/de/test/auto/VariableDelay2.xml
auto.tcl: Setting watchdog for 200 seconds at Sun Nov 01 15:56:37 UTC 2020
9 ms. Memory: 51200K Free: 31834K (62%)
ptolemy.util.test.WatchDog.cancel(): canceling Sun Nov 01 15:56:37 UTC 2020
auto.tcl: Setting watchdog for 200 seconds at Sun Nov 01 15:56:37 UTC 2020
2 ms. Memory: 51200K Free: 31338K (61%)
ptolemy.util.test.WatchDog.cancel(): canceling Sun Nov 01 15:56:37 UTC 2020
------------------ testing $PTII/ptolemy/domains/de/test/auto/VariableDelayZeroDelay.xml
auto.tcl: Setting watchdog for 200 seconds at Sun Nov 01 15:56:37 UTC 2020
2 ms. Memory: 51200K Free: 32361K (63%)
ptolemy.util.test.WatchDog.cancel(): canceling Sun Nov 01 15:56:37 UTC 2020
auto.tcl: Setting watchdog for 200 seconds at Sun Nov 01 15:56:37 UTC 2020
1 ms. Memory: 51200K Free: 31833K (62%)
ptolemy.util.test.WatchDog.cancel(): canceling Sun Nov 01 15:56:37 UTC 2020
------------------ testing $PTII/ptolemy/domains/de/test/auto/VariableDelayZeroDelay2.xml
auto.tcl: Setting watchdog for 200 seconds at Sun Nov 01 15:56:37 UTC 2020
2 ms. Memory: 51200K Free: 32360K (63%)
ptolemy.util.test.WatchDog.cancel(): canceling Sun Nov 01 15:56:37 UTC 2020
auto.tcl: Setting watchdog for 200 seconds at Sun Nov 01 15:56:37 UTC 2020
1 ms. Memory: 51200K Free: 31336K (61%)
ptolemy.util.test.WatchDog.cancel(): canceling Sun Nov 01 15:56:37 UTC 2020
------------------ testing $PTII/ptolemy/domains/de/test/auto/deInCt.xml
auto.tcl: Setting watchdog for 200 seconds at Sun Nov 01 15:56:37 UTC 2020
0
1
1
1
0
0
0
0
1
1
1
0
0
0
1
1
1
1
1
0
0
0
1
1
1
1
0
0
0
0
0
0
10 ms. Memory: 51200K Free: 31333K (61%)
ptolemy.util.test.WatchDog.cancel(): canceling Sun Nov 01 15:56:37 UTC 2020
auto.tcl: Setting watchdog for 200 seconds at Sun Nov 01 15:56:37 UTC 2020
0
1
1
1
1
0
0
0
0
0
0
1
1
1
1
0
0
0
1
1
0
0
0
1
1
1
1
0
0
0
0
9 ms. Memory: 51200K Free: 29781K (58%)
ptolemy.util.test.WatchDog.cancel(): canceling Sun Nov 01 15:56:37 UTC 2020
------------------ testing $PTII/ptolemy/domains/de/test/auto/deInCt2.xml
auto.tcl: Setting watchdog for 200 seconds at Sun Nov 01 15:56:37 UTC 2020
0
1
1
1
0
0
1
1
1
0
0
1
1
1
0
0
1
1
1
0
0
1
1
1
0
0
1
1
1
0
0
1
1
1
0
0
1
1
1
0
0
0
11 ms. Memory: 51200K Free: 31335K (61%)
ptolemy.util.test.WatchDog.cancel(): canceling Sun Nov 01 15:56:37 UTC 2020
auto.tcl: Setting watchdog for 200 seconds at Sun Nov 01 15:56:37 UTC 2020
0
1
1
1
0
0
1
1
1
0
0
1
1
1
0
0
1
1
1
0
0
1
1
1
0
0
1
1
1
0
0
1
1
1
0
0
1
1
1
0
0
0
8 ms. Memory: 51200K Free: 29796K (58%)
ptolemy.util.test.WatchDog.cancel(): canceling Sun Nov 01 15:56:38 UTC 2020
------------------ testing $PTII/ptolemy/domains/de/test/auto/dynamicCausalityInterface1.xml
auto.tcl: Setting watchdog for 200 seconds at Sun Nov 01 15:56:38 UTC 2020
2 ms. Memory: 51200K Free: 27234K (53%)
ptolemy.util.test.WatchDog.cancel(): canceling Sun Nov 01 15:56:38 UTC 2020
auto.tcl: Setting watchdog for 200 seconds at Sun Nov 01 15:56:38 UTC 2020
1 ms. Memory: 51200K Free: 26720K (52%)
ptolemy.util.test.WatchDog.cancel(): canceling Sun Nov 01 15:56:38 UTC 2020
------------------ testing $PTII/ptolemy/domains/de/test/auto/fsm_de_test.xml
auto.tcl: Setting watchdog for 200 seconds at Sun Nov 01 15:56:38 UTC 2020
8 ms. Memory: 51200K Free: 27132K (53%)
ptolemy.util.test.WatchDog.cancel(): canceling Sun Nov 01 15:56:38 UTC 2020
auto.tcl: Setting watchdog for 200 seconds at Sun Nov 01 15:56:38 UTC 2020
4 ms. Memory: 51200K Free: 25084K (49%)
ptolemy.util.test.WatchDog.cancel(): canceling Sun Nov 01 15:56:38 UTC 2020
------------------ testing $PTII/ptolemy/domains/de/test/auto/functionDependencyReconstruction.xml
auto.tcl: Setting watchdog for 200 seconds at Sun Nov 01 15:56:38 UTC 2020
3 ms. Memory: 51200K Free: 20978K (41%)
ptolemy.util.test.WatchDog.cancel(): canceling Sun Nov 01 15:56:38 UTC 2020
auto.tcl: Setting watchdog for 200 seconds at Sun Nov 01 15:56:38 UTC 2020
3 ms. Memory: 51200K Free: 18936K (37%)
ptolemy.util.test.WatchDog.cancel(): canceling Sun Nov 01 15:56:38 UTC 2020
------------------ testing $PTII/ptolemy/domains/de/test/auto/multirate.xml
auto.tcl: Setting watchdog for 200 seconds at Sun Nov 01 15:56:38 UTC 2020
3 ms. Memory: 51200K Free: 29774K (58%)
ptolemy.util.test.WatchDog.cancel(): canceling Sun Nov 01 15:56:38 UTC 2020
auto.tcl: Setting watchdog for 200 seconds at Sun Nov 01 15:56:38 UTC 2020
3 ms. Memory: 51200K Free: 28049K (55%)
ptolemy.util.test.WatchDog.cancel(): canceling Sun Nov 01 15:56:38 UTC 2020
------------------ testing $PTII/ptolemy/domains/de/test/auto/multirate2.xml
auto.tcl: Setting watchdog for 200 seconds at Sun Nov 01 15:56:38 UTC 2020
4 ms. Memory: 51200K Free: 29743K (58%)
ptolemy.util.test.WatchDog.cancel(): canceling Sun Nov 01 15:56:38 UTC 2020
auto.tcl: Setting watchdog for 200 seconds at Sun Nov 01 15:56:38 UTC 2020
3 ms. Memory: 51200K Free: 28230K (55%)
ptolemy.util.test.WatchDog.cancel(): canceling Sun Nov 01 15:56:38 UTC 2020
------------------ testing $PTII/ptolemy/domains/de/test/auto/realtime.xml
auto.tcl: Setting watchdog for 200 seconds at Sun Nov 01 15:56:38 UTC 2020
10001 ms. Memory: 51200K Free: 32015K (63%)
ptolemy.util.test.WatchDog.cancel(): canceling Sun Nov 01 15:56:48 UTC 2020
auto.tcl: Setting watchdog for 200 seconds at Sun Nov 01 15:56:48 UTC 2020
10001 ms. Memory: 51200K Free: 31279K (61%)
ptolemy.util.test.WatchDog.cancel(): canceling Sun Nov 01 15:56:58 UTC 2020
------------------ testing $PTII/ptolemy/domains/de/test/auto/relationGroup.xml
auto.tcl: Setting watchdog for 200 seconds at Sun Nov 01 15:56:58 UTC 2020
12 ms. Memory: 51200K Free: 33057K (65%)
ptolemy.util.test.WatchDog.cancel(): canceling Sun Nov 01 15:56:58 UTC 2020
auto.tcl: Setting watchdog for 200 seconds at Sun Nov 01 15:56:58 UTC 2020
1 ms. Memory: 51200K Free: 32330K (63%)
ptolemy.util.test.WatchDog.cancel(): canceling Sun Nov 01 15:56:58 UTC 2020
------------------ testing $PTII/ptolemy/domains/de/test/auto/relationGroup2.xml
auto.tcl: Setting watchdog for 200 seconds at Sun Nov 01 15:56:58 UTC 2020
1 ms. Memory: 51200K Free: 32897K (64%)
ptolemy.util.test.WatchDog.cancel(): canceling Sun Nov 01 15:56:58 UTC 2020
auto.tcl: Setting watchdog for 200 seconds at Sun Nov 01 15:56:58 UTC 2020
1 ms. Memory: 51200K Free: 32403K (63%)
ptolemy.util.test.WatchDog.cancel(): canceling Sun Nov 01 15:56:58 UTC 2020
------------------ testing $PTII/ptolemy/domains/de/test/auto/sortWithOpaquePorts.xml
auto.tcl: Setting watchdog for 200 seconds at Sun Nov 01 15:56:58 UTC 2020
2 ms. Memory: 51200K Free: 31861K (62%)
ptolemy.util.test.WatchDog.cancel(): canceling Sun Nov 01 15:56:58 UTC 2020
auto.tcl: Setting watchdog for 200 seconds at Sun Nov 01 15:56:58 UTC 2020
1 ms. Memory: 51200K Free: 30853K (60%)
ptolemy.util.test.WatchDog.cancel(): canceling Sun Nov 01 15:56:58 UTC 2020
------------------ testing $PTII/ptolemy/domains/de/test/auto/transferInputsandOutputs.xml
auto.tcl: Setting watchdog for 200 seconds at Sun Nov 01 15:56:58 UTC 2020
4 ms. Memory: 51200K Free: 29303K (57%)
ptolemy.util.test.WatchDog.cancel(): canceling Sun Nov 01 15:56:58 UTC 2020
auto.tcl: Setting watchdog for 200 seconds at Sun Nov 01 15:56:58 UTC 2020
2 ms. Memory: 51200K Free: 28291K (55%)
ptolemy.util.test.WatchDog.cancel(): canceling Sun Nov 01 15:56:58 UTC 2020
------------------ testing $PTII/ptolemy/domains/de/test/auto/triggerType.xml
auto.tcl: Setting watchdog for 200 seconds at Sun Nov 01 15:56:58 UTC 2020
1 ms. Memory: 51200K Free: 32328K (63%)
ptolemy.util.test.WatchDog.cancel(): canceling Sun Nov 01 15:56:58 UTC 2020
auto.tcl: Setting watchdog for 200 seconds at Sun Nov 01 15:56:58 UTC 2020
2 ms. Memory: 51200K Free: 31304K (61%)
ptolemy.util.test.WatchDog.cancel(): canceling Sun Nov 01 15:56:58 UTC 2020
11/01/20 03:56:58
Failed: 0  Total Tests: 192  ((Passed: 187, Newly Passed: 1)  Known Failed: 5) /home/travis/build/icyphy/ptII/ptolemy/domains/de/test
11/01/20 03:56:58
Failed: 0  Total Tests: 192  ((Passed: 187, Newly Passed: 1)  Known Failed: 5) /home/travis/build/icyphy/ptII/ptolemy/domains/de/test
----------------- testing (KnownFailure) /home/travis/build/icyphy/ptII/ptolemy/domains/de/test/auto/knownFailedTests/DESDFClockTest.xml
2016 ms. Memory: 51200K Free: 25212K (49%)
Known Failure: java.lang.reflect.InvocationTargetException
----------------- testing (KnownFailure) /home/travis/build/icyphy/ptII/ptolemy/domains/de/test/auto/knownFailedTests/DirectFeedback.xml
2 ms. Memory: 51200K Free: 21626K (42%)
Known Failure: java.lang.reflect.InvocationTargetException
----------------- testing (KnownFailure) /home/travis/build/icyphy/ptII/ptolemy/domains/de/test/auto/knownFailedTests/FSMSource.xml
15 ms. Memory: 51200K Free: 13434K (26%)
----------------- testing (KnownFailure) /home/travis/build/icyphy/ptII/ptolemy/domains/de/test/auto/knownFailedTests/HierarchicalModel.xml
3 ms. Memory: 51200K Free: 25375K (50%)
Known Failure: java.lang.reflect.InvocationTargetException
----------------- testing (KnownFailure) /home/travis/build/icyphy/ptII/ptolemy/domains/de/test/auto/knownFailedTests/dependencyLoop.xml
3 ms. Memory: 51200K Free: 10063K (20%)
Known Failure: java.lang.reflect.InvocationTargetException
----------------- testing (KnownFailure) /home/travis/build/icyphy/ptII/ptolemy/domains/de/test/auto/knownFailedTests/dependencyLoop2.xml
6 ms. Memory: 51200K Free: 22855K (45%)
Known Failure: java.lang.reflect.InvocationTargetException
No auto/linux-amd64/*.xml tests in /home/travis/build/icyphy/ptII/ptolemy/domains/de/test
AutoTests.java: About to close Vertx.
AutoTests.java: Vertx closed.

===========================================================================================
----------------- testing Sun Nov 01 15:57:01 UTC 2020 /home/travis/build/icyphy/ptII/ptolemy/domains/de/test/auto/ActorDepthCalculation_actorWithoutPorts.xml
----------------- Instantiating /home/travis/build/icyphy/ptII/ptolemy/domains/de/test/auto/ActorDepthCalculation_actorWithoutPorts.xml
1 ms. Memory: 51200K Free: 16320K (32%)
----------------- Invoking toplevel() on ptolemy.moml.MoMLSimpleApplication@6828a919
----------------- Done invoking toplevel() on ptolemy.moml.MoMLSimpleApplication@6828a919
reloadAllAccessors: .ActorDepthCalculation_actorWithoutPorts

===========================================================================================
----------------- testing Sun Nov 01 15:57:01 UTC 2020 /home/travis/build/icyphy/ptII/ptolemy/domains/de/test/auto/AssemblyLine.xml
----------------- Instantiating /home/travis/build/icyphy/ptII/ptolemy/domains/de/test/auto/AssemblyLine.xml
2 ms. Memory: 51200K Free: 9182K (18%)
----------------- Invoking toplevel() on ptolemy.moml.MoMLSimpleApplication@63d0a5b0
----------------- Done invoking toplevel() on ptolemy.moml.MoMLSimpleApplication@63d0a5b0
reloadAllAccessors: .AssemblyLine

===========================================================================================
----------------- testing Sun Nov 01 15:57:01 UTC 2020 /home/travis/build/icyphy/ptII/ptolemy/domains/de/test/auto/CQBug1.xml
----------------- Instantiating /home/travis/build/icyphy/ptII/ptolemy/domains/de/test/auto/CQBug1.xml
1 ms. Memory: 51200K Free: 33854K (66%)
----------------- Invoking toplevel() on ptolemy.moml.MoMLSimpleApplication@73e7ad19
----------------- Done invoking toplevel() on ptolemy.moml.MoMLSimpleApplication@73e7ad19
reloadAllAccessors: .CQBug1

===========================================================================================
----------------- testing Sun Nov 01 15:57:01 UTC 2020 /home/travis/build/icyphy/ptII/ptolemy/domains/de/test/auto/CancelFireAt.xml
----------------- Instantiating /home/travis/build/icyphy/ptII/ptolemy/domains/de/test/auto/CancelFireAt.xml
0 ms. Memory: 51200K Free: 31223K (61%)
----------------- Invoking toplevel() on ptolemy.moml.MoMLSimpleApplication@69c2cb09
----------------- Done invoking toplevel() on ptolemy.moml.MoMLSimpleApplication@69c2cb09
reloadAllAccessors: .CancelFireAt

===========================================================================================
----------------- testing Sun Nov 01 15:57:01 UTC 2020 /home/travis/build/icyphy/ptII/ptolemy/domains/de/test/auto/CausalityAndComposabilityAnalysis.xml
----------------- Instantiating /home/travis/build/icyphy/ptII/ptolemy/domains/de/test/auto/CausalityAndComposabilityAnalysis.xml
1 ms. Memory: 51200K Free: 26686K (52%)
----------------- Invoking toplevel() on ptolemy.moml.MoMLSimpleApplication@5fd02566
----------------- Done invoking toplevel() on ptolemy.moml.MoMLSimpleApplication@5fd02566
reloadAllAccessors: .CausalityAndComposabilityAnalysis

===========================================================================================
----------------- testing Sun Nov 01 15:57:01 UTC 2020 /home/travis/build/icyphy/ptII/ptolemy/domains/de/test/auto/CausalityInterface1.xml
----------------- Instantiating /home/travis/build/icyphy/ptII/ptolemy/domains/de/test/auto/CausalityInterface1.xml
3 ms. Memory: 51200K Free: 21567K (42%)
----------------- Invoking toplevel() on ptolemy.moml.MoMLSimpleApplication@2505ec03
----------------- Done invoking toplevel() on ptolemy.moml.MoMLSimpleApplication@2505ec03
reloadAllAccessors: .CausalityInterface1

===========================================================================================
----------------- testing Sun Nov 01 15:57:01 UTC 2020 /home/travis/build/icyphy/ptII/ptolemy/domains/de/test/auto/CausalityInterface15.xml
----------------- Instantiating /home/travis/build/icyphy/ptII/ptolemy/domains/de/test/auto/CausalityInterface15.xml
1 ms. Memory: 51200K Free: 16116K (31%)
----------------- Invoking toplevel() on ptolemy.moml.MoMLSimpleApplication@5c7dc4c9
----------------- Done invoking toplevel() on ptolemy.moml.MoMLSimpleApplication@5c7dc4c9
reloadAllAccessors: .CausalityInterface15

===========================================================================================
----------------- testing Sun Nov 01 15:57:01 UTC 2020 /home/travis/build/icyphy/ptII/ptolemy/domains/de/test/auto/CausalityInterface2.xml
----------------- Instantiating /home/travis/build/icyphy/ptII/ptolemy/domains/de/test/auto/CausalityInterface2.xml
2 ms. Memory: 51200K Free: 11605K (23%)
----------------- Invoking toplevel() on ptolemy.moml.MoMLSimpleApplication@6d339599
[...]
	at ptolemy.actor.Manager.run(Manager.java:1263)
	at ptolemy.actor.Manager$PtolemyRunThread.run(Manager.java:1933)
java.lang.RuntimeException: Execution failed
	at ptolemy.moml.MoMLSimpleApplication$UnloadThread.run(MoMLSimpleApplication.java:402)
Caused by: ptolemy.kernel.util.IllegalActionException: Actor is not ready to fire.  Perhaps UpSample.prefire() returned false? Try debugging the actor by selecting "Listen to Actor".  Also, for SDF check moml for tokenConsumptionRate on input.
  in .DESDFClockTest.Play Bell.Copy1:SDF Director and .DESDFClockTest.Play Bell.UpSample
	at ptolemy.actor.sched.StaticSchedulingDirector.fire(StaticSchedulingDirector.java:227)
	at ptolemy.domains.sdf.kernel.SDFDirector.fire(SDFDirector.java:500)
	at ptolemy.actor.CompositeActor.fire(CompositeActor.java:455)
	at ptolemy.domains.de.kernel.DEDirector._fire(DEDirector.java:1949)
	at ptolemy.domains.de.kernel.DEDirector.fire(DEDirector.java:502)
	at ptolemy.actor.CompositeActor.fire(CompositeActor.java:455)
	at ptolemy.actor.Manager.iterate(Manager.java:851)
	at ptolemy.actor.Manager.execute(Manager.java:369)
	at ptolemy.actor.Manager.run(Manager.java:1263)
	at ptolemy.actor.Manager$PtolemyRunThread.run(Manager.java:1933)
java.lang.reflect.InvocationTargetException
	at java.base/jdk.internal.reflect.NativeConstructorAccessorImpl.newInstance0(Native Method)
	at java.base/jdk.internal.reflect.NativeConstructorAccessorImpl.newInstance(NativeConstructorAccessorImpl.java:62)
	at java.base/jdk.internal.reflect.DelegatingConstructorAccessorImpl.newInstance(DelegatingConstructorAccessorImpl.java:45)
	at java.base/java.lang.reflect.Constructor.newInstance(Constructor.java:490)
	at ptolemy.util.test.junit.AutoKnownFailedTests.RunModel(AutoKnownFailedTests.java:105)
	at java.base/jdk.internal.reflect.NativeMethodAccessorImpl.invoke0(Native Method)
	at java.base/jdk.internal.reflect.NativeMethodAccessorImpl.invoke(NativeMethodAccessorImpl.java:62)
	at java.base/jdk.internal.reflect.DelegatingMethodAccessorImpl.invoke(DelegatingMethodAccessorImpl.java:43)
	at java.base/java.lang.reflect.Method.invoke(Method.java:566)
	at org.junit.runners.model.FrameworkMethod$1.runReflectiveCall(FrameworkMethod.java:44)
	at org.junit.internal.runners.model.ReflectiveCallable.run(ReflectiveCallable.java:15)
	at org.junit.runners.model.FrameworkMethod.invokeExplosively(FrameworkMethod.java:41)
	at junitparams.internal.InvokeParameterisedMethod.evaluate(InvokeParameterisedMethod.java:102)
	at org.junit.internal.runners.statements.FailOnTimeout$1.run(FailOnTimeout.java:28)
Caused by: ptolemy.kernel.util.IllegalActionException: Actor is not ready to fire.  Perhaps UpSample.prefire() returned false? Try debugging the actor by selecting "Listen to Actor".  Also, for SDF check moml for tokenConsumptionRate on input.
  in .DESDFClockTest.Play Bell.Copy1:SDF Director and .DESDFClockTest.Play Bell.UpSample
	at ptolemy.actor.sched.StaticSchedulingDirector.fire(StaticSchedulingDirector.java:227)
	at ptolemy.domains.sdf.kernel.SDFDirector.fire(SDFDirector.java:500)
	at ptolemy.actor.CompositeActor.fire(CompositeActor.java:455)
	at ptolemy.domains.de.kernel.DEDirector._fire(DEDirector.java:1949)
	at ptolemy.domains.de.kernel.DEDirector.fire(DEDirector.java:502)
	at ptolemy.actor.CompositeActor.fire(CompositeActor.java:455)
	at ptolemy.actor.Manager.iterate(Manager.java:851)
	at ptolemy.actor.Manager.execute(Manager.java:369)
	at ptolemy.actor.Manager.run(Manager.java:1263)
	at ptolemy.actor.Manager$PtolemyRunThread.run(Manager.java:1933)
java.lang.RuntimeException: Execution failed
	at ptolemy.moml.MoMLSimpleApplication$UnloadThread.run(MoMLSimpleApplication.java:402)
Caused by: ptolemy.kernel.util.IllegalActionException: Test fails in iteration 1.
Value was: 1.0. Should have been: 2.0
  in .DirectFeedback.Test
	at ptolemy.actor.lib.Test.fire(Test.java:268)
	at ptolemy.domains.de.kernel.DEDirector._fire(DEDirector.java:1949)
	at ptolemy.domains.de.kernel.DEDirector.fire(DEDirector.java:502)
	at ptolemy.actor.CompositeActor.fire(CompositeActor.java:455)
	at ptolemy.actor.Manager.iterate(Manager.java:851)
	at ptolemy.actor.Manager.execute(Manager.java:369)
	at ptolemy.actor.Manager.run(Manager.java:1263)
	at ptolemy.actor.Manager$PtolemyRunThread.run(Manager.java:1933)
java.lang.reflect.InvocationTargetException
	at java.base/jdk.internal.reflect.NativeConstructorAccessorImpl.newInstance0(Native Method)
	at java.base/jdk.internal.reflect.NativeConstructorAccessorImpl.newInstance(NativeConstructorAccessorImpl.java:62)
	at java.base/jdk.internal.reflect.DelegatingConstructorAccessorImpl.newInstance(DelegatingConstructorAccessorImpl.java:45)
	at java.base/java.lang.reflect.Constructor.newInstance(Constructor.java:490)
	at ptolemy.util.test.junit.AutoKnownFailedTests.RunModel(AutoKnownFailedTests.java:105)
	at java.base/jdk.internal.reflect.NativeMethodAccessorImpl.invoke0(Native Method)
	at java.base/jdk.internal.reflect.NativeMethodAccessorImpl.invoke(NativeMethodAccessorImpl.java:62)
	at java.base/jdk.internal.reflect.DelegatingMethodAccessorImpl.invoke(DelegatingMethodAccessorImpl.java:43)
	at java.base/java.lang.reflect.Method.invoke(Method.java:566)
	at org.junit.runners.model.FrameworkMethod$1.runReflectiveCall(FrameworkMethod.java:44)
	at org.junit.internal.runners.model.ReflectiveCallable.run(ReflectiveCallable.java:15)
	at org.junit.runners.model.FrameworkMethod.invokeExplosively(FrameworkMethod.java:41)
	at junitparams.internal.InvokeParameterisedMethod.evaluate(InvokeParameterisedMethod.java:102)
	at org.junit.internal.runners.statements.FailOnTimeout$1.run(FailOnTimeout.java:28)
Caused by: ptolemy.kernel.util.IllegalActionException: Test fails in iteration 1.
Value was: 1.0. Should have been: 2.0
  in .DirectFeedback.Test
	at ptolemy.actor.lib.Test.fire(Test.java:268)
	at ptolemy.domains.de.kernel.DEDirector._fire(DEDirector.java:1949)
	at ptolemy.domains.de.kernel.DEDirector.fire(DEDirector.java:502)
	at ptolemy.actor.CompositeActor.fire(CompositeActor.java:455)
	at ptolemy.actor.Manager.iterate(Manager.java:851)
	at ptolemy.actor.Manager.execute(Manager.java:369)
	at ptolemy.actor.Manager.run(Manager.java:1263)
	at ptolemy.actor.Manager$PtolemyRunThread.run(Manager.java:1933)
java.lang.RuntimeException: Execution failed
	at ptolemy.moml.MoMLSimpleApplication$UnloadThread.run(MoMLSimpleApplication.java:402)
Caused by: ptolemy.kernel.util.IllegalActionException: Found a zero delay loop containing .HierarchicalModel.A
  in .HierarchicalModel and .HierarchicalModel.A
	at ptolemy.actor.util.CausalityInterfaceForComposites._computeOutputPortDepth(CausalityInterfaceForComposites.java:759)
	at ptolemy.actor.util.CausalityInterfaceForComposites._computeInputDepth(CausalityInterfaceForComposites.java:696)
	at ptolemy.actor.util.CausalityInterfaceForComposites._computeOutputPortDepth(CausalityInterfaceForComposites.java:765)
	at ptolemy.actor.util.CausalityInterfaceForComposites._computeInputDepth(CausalityInterfaceForComposites.java:696)
	at ptolemy.actor.util.CausalityInterfaceForComposites._computeOutputPortDepth(CausalityInterfaceForComposites.java:765)
	at ptolemy.actor.util.CausalityInterfaceForComposites._computeInputDepth(CausalityInterfaceForComposites.java:696)
	at ptolemy.actor.util.CausalityInterfaceForComposites._computeActorDepth(CausalityInterfaceForComposites.java:532)
	at ptolemy.actor.util.CausalityInterfaceForComposites.checkForCycles(CausalityInterfaceForComposites.java:96)
	at ptolemy.domains.de.kernel.DEDirector.preinitialize(DEDirector.java:1338)
	at ptolemy.actor.CompositeActor.preinitialize(CompositeActor.java:1828)
	at ptolemy.actor.Manager.preinitializeAndResolveTypes(Manager.java:1040)
	at ptolemy.actor.Manager.initialize(Manager.java:710)
	at ptolemy.actor.Manager.execute(Manager.java:356)
	at ptolemy.actor.Manager.run(Manager.java:1263)
	at ptolemy.actor.Manager$PtolemyRunThread.run(Manager.java:1933)
java.lang.reflect.InvocationTargetException
	at java.base/jdk.internal.reflect.NativeConstructorAccessorImpl.newInstance0(Native Method)
	at java.base/jdk.internal.reflect.NativeConstructorAccessorImpl.newInstance(NativeConstructorAccessorImpl.java:62)
	at java.base/jdk.internal.reflect.DelegatingConstructorAccessorImpl.newInstance(DelegatingConstructorAccessorImpl.java:45)
	at java.base/java.lang.reflect.Constructor.newInstance(Constructor.java:490)
	at ptolemy.util.test.junit.AutoKnownFailedTests.RunModel(AutoKnownFailedTests.java:105)
	at java.base/jdk.internal.reflect.NativeMethodAccessorImpl.invoke0(Native Method)
	at java.base/jdk.internal.reflect.NativeMethodAccessorImpl.invoke(NativeMethodAccessorImpl.java:62)
	at java.base/jdk.internal.reflect.DelegatingMethodAccessorImpl.invoke(DelegatingMethodAccessorImpl.java:43)
	at java.base/java.lang.reflect.Method.invoke(Method.java:566)
	at org.junit.runners.model.FrameworkMethod$1.runReflectiveCall(FrameworkMethod.java:44)
	at org.junit.internal.runners.model.ReflectiveCallable.run(ReflectiveCallable.java:15)
	at org.junit.runners.model.FrameworkMethod.invokeExplosively(FrameworkMethod.java:41)
	at junitparams.internal.InvokeParameterisedMethod.evaluate(InvokeParameterisedMethod.java:102)
	at org.junit.internal.runners.statements.FailOnTimeout$1.run(FailOnTimeout.java:28)
Caused by: ptolemy.kernel.util.IllegalActionException: Found a zero delay loop containing .HierarchicalModel.A
  in .HierarchicalModel and .HierarchicalModel.A
	at ptolemy.actor.util.CausalityInterfaceForComposites._computeOutputPortDepth(CausalityInterfaceForComposites.java:759)
	at ptolemy.actor.util.CausalityInterfaceForComposites._computeInputDepth(CausalityInterfaceForComposites.java:696)
	at ptolemy.actor.util.CausalityInterfaceForComposites._computeOutputPortDepth(CausalityInterfaceForComposites.java:765)
	at ptolemy.actor.util.CausalityInterfaceForComposites._computeInputDepth(CausalityInterfaceForComposites.java:696)
	at ptolemy.actor.util.CausalityInterfaceForComposites._computeOutputPortDepth(CausalityInterfaceForComposites.java:765)
	at ptolemy.actor.util.CausalityInterfaceForComposites._computeInputDepth(CausalityInterfaceForComposites.java:696)
	at ptolemy.actor.util.CausalityInterfaceForComposites._computeActorDepth(CausalityInterfaceForComposites.java:532)
	at ptolemy.actor.util.CausalityInterfaceForComposites.checkForCycles(CausalityInterfaceForComposites.java:96)
	at ptolemy.domains.de.kernel.DEDirector.preinitialize(DEDirector.java:1338)
	at ptolemy.actor.CompositeActor.preinitialize(CompositeActor.java:1828)
	at ptolemy.actor.Manager.preinitializeAndResolveTypes(Manager.java:1040)
	at ptolemy.actor.Manager.initialize(Manager.java:710)
	at ptolemy.actor.Manager.execute(Manager.java:356)
	at ptolemy.actor.Manager.run(Manager.java:1263)
	at ptolemy.actor.Manager$PtolemyRunThread.run(Manager.java:1933)
java.lang.RuntimeException: Execution failed
	at ptolemy.moml.MoMLSimpleApplication$UnloadThread.run(MoMLSimpleApplication.java:402)
Caused by: ptolemy.kernel.util.IllegalActionException: Found a zero delay loop containing .dependencyLoop.original
  in .dependencyLoop and .dependencyLoop.original
	at ptolemy.actor.util.CausalityInterfaceForComposites._computeOutputPortDepth(CausalityInterfaceForComposites.java:759)
	at ptolemy.actor.util.CausalityInterfaceForComposites._computeInputDepth(CausalityInterfaceForComposites.java:696)
	at ptolemy.actor.util.CausalityInterfaceForComposites._computeOutputPortDepth(CausalityInterfaceForComposites.java:765)
	at ptolemy.actor.util.CausalityInterfaceForComposites._computeInputDepth(CausalityInterfaceForComposites.java:696)
	at ptolemy.actor.util.CausalityInterfaceForComposites._computeOutputPortDepth(CausalityInterfaceForComposites.java:765)
	at ptolemy.actor.util.CausalityInterfaceForComposites._computeInputDepth(CausalityInterfaceForComposites.java:696)
	at ptolemy.actor.util.CausalityInterfaceForComposites._computeActorDepth(CausalityInterfaceForComposites.java:532)
	at ptolemy.actor.util.CausalityInterfaceForComposites.checkForCycles(CausalityInterfaceForComposites.java:96)
	at ptolemy.domains.de.kernel.DEDirector.preinitialize(DEDirector.java:1338)
	at ptolemy.actor.CompositeActor.preinitialize(CompositeActor.java:1828)
	at ptolemy.actor.Manager.preinitializeAndResolveTypes(Manager.java:1040)
	at ptolemy.actor.Manager.initialize(Manager.java:710)
	at ptolemy.actor.Manager.execute(Manager.java:356)
	at ptolemy.actor.Manager.run(Manager.java:1263)
	at ptolemy.actor.Manager$PtolemyRunThread.run(Manager.java:1933)
java.lang.reflect.InvocationTargetException
	at java.base/jdk.internal.reflect.NativeConstructorAccessorImpl.newInstance0(Native Method)
	at java.base/jdk.internal.reflect.NativeConstructorAccessorImpl.newInstance(NativeConstructorAccessorImpl.java:62)
	at java.base/jdk.internal.reflect.DelegatingConstructorAccessorImpl.newInstance(DelegatingConstructorAccessorImpl.java:45)
	at java.base/java.lang.reflect.Constructor.newInstance(Constructor.java:490)
	at ptolemy.util.test.junit.AutoKnownFailedTests.RunModel(AutoKnownFailedTests.java:105)
	at java.base/jdk.internal.reflect.NativeMethodAccessorImpl.invoke0(Native Method)
	at java.base/jdk.internal.reflect.NativeMethodAccessorImpl.invoke(NativeMethodAccessorImpl.java:62)
	at java.base/jdk.internal.reflect.DelegatingMethodAccessorImpl.invoke(DelegatingMethodAccessorImpl.java:43)
	at java.base/java.lang.reflect.Method.invoke(Method.java:566)
	at org.junit.runners.model.FrameworkMethod$1.runReflectiveCall(FrameworkMethod.java:44)
	at org.junit.internal.runners.model.ReflectiveCallable.run(ReflectiveCallable.java:15)
	at org.junit.runners.model.FrameworkMethod.invokeExplosively(FrameworkMethod.java:41)
	at junitparams.internal.InvokeParameterisedMethod.evaluate(InvokeParameterisedMethod.java:102)
	at org.junit.internal.runners.statements.FailOnTimeout$1.run(FailOnTimeout.java:28)
Caused by: ptolemy.kernel.util.IllegalActionException: Found a zero delay loop containing .dependencyLoop.original
  in .dependencyLoop and .dependencyLoop.original
	at ptolemy.actor.util.CausalityInterfaceForComposites._computeOutputPortDepth(CausalityInterfaceForComposites.java:759)
	at ptolemy.actor.util.CausalityInterfaceForComposites._computeInputDepth(CausalityInterfaceForComposites.java:696)
	at ptolemy.actor.util.CausalityInterfaceForComposites._computeOutputPortDepth(CausalityInterfaceForComposites.java:765)
	at ptolemy.actor.util.CausalityInterfaceForComposites._computeInputDepth(CausalityInterfaceForComposites.java:696)
	at ptolemy.actor.util.CausalityInterfaceForComposites._computeOutputPortDepth(CausalityInterfaceForComposites.java:765)
	at ptolemy.actor.util.CausalityInterfaceForComposites._computeInputDepth(CausalityInterfaceForComposites.java:696)
	at ptolemy.actor.util.CausalityInterfaceForComposites._computeActorDepth(CausalityInterfaceForComposites.java:532)
	at ptolemy.actor.util.CausalityInterfaceForComposites.checkForCycles(CausalityInterfaceForComposites.java:96)
	at ptolemy.domains.de.kernel.DEDirector.preinitialize(DEDirector.java:1338)
	at ptolemy.actor.CompositeActor.preinitialize(CompositeActor.java:1828)
	at ptolemy.actor.Manager.preinitializeAndResolveTypes(Manager.java:1040)
	at ptolemy.actor.Manager.initialize(Manager.java:710)
	at ptolemy.actor.Manager.execute(Manager.java:356)
	at ptolemy.actor.Manager.run(Manager.java:1263)
	at ptolemy.actor.Manager$PtolemyRunThread.run(Manager.java:1933)
java.lang.RuntimeException: Execution failed
	at ptolemy.moml.MoMLSimpleApplication$UnloadThread.run(MoMLSimpleApplication.java:402)
Caused by: ptolemy.kernel.util.IllegalActionException: Found a zero delay loop containing .dependencyLoop2.original
  in .dependencyLoop2 and .dependencyLoop2.original
	at ptolemy.actor.util.CausalityInterfaceForComposites._computeOutputPortDepth(CausalityInterfaceForComposites.java:759)
	at ptolemy.actor.util.CausalityInterfaceForComposites._computeInputDepth(CausalityInterfaceForComposites.java:696)
	at ptolemy.actor.util.CausalityInterfaceForComposites._computeOutputPortDepth(CausalityInterfaceForComposites.java:765)
	at ptolemy.actor.util.CausalityInterfaceForComposites._computeInputDepth(CausalityInterfaceForComposites.java:696)
	at ptolemy.actor.util.CausalityInterfaceForComposites._computeOutputPortDepth(CausalityInterfaceForComposites.java:765)
	at ptolemy.actor.util.CausalityInterfaceForComposites._computeInputDepth(CausalityInterfaceForComposites.java:696)
	at ptolemy.actor.util.CausalityInterfaceForComposites._computeActorDepth(CausalityInterfaceForComposites.java:532)
	at ptolemy.actor.util.CausalityInterfaceForComposites.checkForCycles(CausalityInterfaceForComposites.java:96)
	at ptolemy.domains.de.kernel.DEDirector.preinitialize(DEDirector.java:1338)
	at ptolemy.actor.CompositeActor.preinitialize(CompositeActor.java:1828)
	at ptolemy.actor.Manager.preinitializeAndResolveTypes(Manager.java:1040)
	at ptolemy.actor.Manager.initialize(Manager.java:710)
	at ptolemy.actor.Manager.execute(Manager.java:356)
	at ptolemy.actor.Manager.run(Manager.java:1263)
	at ptolemy.actor.Manager$PtolemyRunThread.run(Manager.java:1933)
java.lang.reflect.InvocationTargetException
	at java.base/jdk.internal.reflect.NativeConstructorAccessorImpl.newInstance0(Native Method)
	at java.base/jdk.internal.reflect.NativeConstructorAccessorImpl.newInstance(NativeConstructorAccessorImpl.java:62)
	at java.base/jdk.internal.reflect.DelegatingConstructorAccessorImpl.newInstance(DelegatingConstructorAccessorImpl.java:45)
	at java.base/java.lang.reflect.Constructor.newInstance(Constructor.java:490)
	at ptolemy.util.test.junit.AutoKnownFailedTests.RunModel(AutoKnownFailedTests.java:105)
	at java.base/jdk.internal.reflect.NativeMethodAccessorImpl.invoke0(Native Method)
	at java.base/jdk.internal.reflect.NativeMethodAccessorImpl.invoke(NativeMethodAccessorImpl.java:62)
	at java.base/jdk.internal.reflect.DelegatingMethodAccessorImpl.invoke(DelegatingMethodAccessorImpl.java:43)
	at java.base/java.lang.reflect.Method.invoke(Method.java:566)
	at org.junit.runners.model.FrameworkMethod$1.runReflectiveCall(FrameworkMethod.java:44)
	at org.junit.internal.runners.model.ReflectiveCallable.run(ReflectiveCallable.java:15)
	at org.junit.runners.model.FrameworkMethod.invokeExplosively(FrameworkMethod.java:41)
	at junitparams.internal.InvokeParameterisedMethod.evaluate(InvokeParameterisedMethod.java:102)
	at org.junit.internal.runners.statements.FailOnTimeout$1.run(FailOnTimeout.java:28)
Caused by: ptolemy.kernel.util.IllegalActionException: Found a zero delay loop containing .dependencyLoop2.original
  in .dependencyLoop2 and .dependencyLoop2.original
	at ptolemy.actor.util.CausalityInterfaceForComposites._computeOutputPortDepth(CausalityInterfaceForComposites.java:759)
	at ptolemy.actor.util.CausalityInterfaceForComposites._computeInputDepth(CausalityInterfaceForComposites.java:696)
	at ptolemy.actor.util.CausalityInterfaceForComposites._computeOutputPortDepth(CausalityInterfaceForComposites.java:765)
	at ptolemy.actor.util.CausalityInterfaceForComposites._computeInputDepth(CausalityInterfaceForComposites.java:696)
	at ptolemy.actor.util.CausalityInterfaceForComposites._computeOutputPortDepth(CausalityInterfaceForComposites.java:765)
	at ptolemy.actor.util.CausalityInterfaceForComposites._computeInputDepth(CausalityInterfaceForComposites.java:696)
	at ptolemy.actor.util.CausalityInterfaceForComposites._computeActorDepth(CausalityInterfaceForComposites.java:532)
	at ptolemy.actor.util.CausalityInterfaceForComposites.checkForCycles(CausalityInterfaceForComposites.java:96)
	at ptolemy.domains.de.kernel.DEDirector.preinitialize(DEDirector.java:1338)
	at ptolemy.actor.CompositeActor.preinitialize(CompositeActor.java:1828)
	at ptolemy.actor.Manager.preinitializeAndResolveTypes(Manager.java:1040)
	at ptolemy.actor.Manager.initialize(Manager.java:710)
	at ptolemy.actor.Manager.execute(Manager.java:356)
	at ptolemy.actor.Manager.run(Manager.java:1263)
	at ptolemy.actor.Manager$PtolemyRunThread.run(Manager.java:1933)
]]></system-err>
</testsuite>
