<?xml version="1.0" encoding="UTF-8" ?>
<testsuite errors="0" failures="0" hostname="travis-job-ff2344e2-94b9-4b4a-86bd-22523ed37021" name="ptolemy.domains.de.test.junit.JUnitTclTest" skipped="0" tests="101" time="126.448" timestamp="2020-09-14T15:42:17">
  <properties>
[...]
</properties>
  <testcase classname="ptolemy.util.test.junit.TclTests" name="[0] /home/travis/build/icyphy/ptII/ptolemy/domains/de/test/DependencyLoop.tcl (RunTclFile)" time="1.033" />
  <testcase classname="ptolemy.util.test.junit.TclTests" name="[1] /home/travis/build/icyphy/ptII/ptolemy/domains/de/test/RunDETestsAsQSS.tcl (RunTclFile)" time="86.957" />
  <testcase classname="ptolemy.util.test.junit.AutoKnownFailedTests" name="[0] /home/travis/build/icyphy/ptII/ptolemy/domains/de/test/auto/knownFailedTests/DESDFClockTest.xml (RunModel)" time="2.049" />
  <testcase classname="ptolemy.util.test.junit.AutoKnownFailedTests" name="[1] /home/travis/build/icyphy/ptII/ptolemy/domains/de/test/auto/knownFailedTests/DirectFeedback.xml (RunModel)" time="0.026" />
  <testcase classname="ptolemy.util.test.junit.AutoKnownFailedTests" name="[2] /home/travis/build/icyphy/ptII/ptolemy/domains/de/test/auto/knownFailedTests/FSMSource.xml (RunModel)" time="0.043" />
  <testcase classname="ptolemy.util.test.junit.AutoKnownFailedTests" name="[3] /home/travis/build/icyphy/ptII/ptolemy/domains/de/test/auto/knownFailedTests/HierarchicalModel.xml (RunModel)" time="0.051" />
  <testcase classname="ptolemy.util.test.junit.AutoKnownFailedTests" name="[4] /home/travis/build/icyphy/ptII/ptolemy/domains/de/test/auto/knownFailedTests/dependencyLoop.xml (RunModel)" time="0.049" />
  <testcase classname="ptolemy.util.test.junit.AutoKnownFailedTests" name="[5] /home/travis/build/icyphy/ptII/ptolemy/domains/de/test/auto/knownFailedTests/dependencyLoop2.xml (RunModel)" time="0.053" />
  <testcase classname="ptolemy.util.test.junit.AutoNameArchTests" name="[0] ThereAreNoAutoArchTests (RunModel)" time="0.001" />
  <testcase classname="ptolemy.util.test.junit.AutoTests" name="[0] /home/travis/build/icyphy/ptII/ptolemy/domains/de/test/auto/ActorDepthCalculation_actorWithoutPorts.xml (RunModel)" time="0.026" />
  <testcase classname="ptolemy.util.test.junit.AutoTests" name="[1] /home/travis/build/icyphy/ptII/ptolemy/domains/de/test/auto/AssemblyLine.xml (RunModel)" time="0.029" />
  <testcase classname="ptolemy.util.test.junit.AutoTests" name="[2] /home/travis/build/icyphy/ptII/ptolemy/domains/de/test/auto/CQBug1.xml (RunModel)" time="0.011" />
  <testcase classname="ptolemy.util.test.junit.AutoTests" name="[3] /home/travis/build/icyphy/ptII/ptolemy/domains/de/test/auto/CancelFireAt.xml (RunModel)" time="0.015" />
  <testcase classname="ptolemy.util.test.junit.AutoTests" name="[4] /home/travis/build/icyphy/ptII/ptolemy/domains/de/test/auto/CausalityAndComposabilityAnalysis.xml (RunModel)" time="0.021" />
  <testcase classname="ptolemy.util.test.junit.AutoTests" name="[5] /home/travis/build/icyphy/ptII/ptolemy/domains/de/test/auto/CausalityInterface1.xml (RunModel)" time="0.031" />
  <testcase classname="ptolemy.util.test.junit.AutoTests" name="[6] /home/travis/build/icyphy/ptII/ptolemy/domains/de/test/auto/CausalityInterface15.xml (RunModel)" time="0.019" />
  <testcase classname="ptolemy.util.test.junit.AutoTests" name="[7] /home/travis/build/icyphy/ptII/ptolemy/domains/de/test/auto/CausalityInterface2.xml (RunModel)" time="0.018" />
  <testcase classname="ptolemy.util.test.junit.AutoTests" name="[8] /home/travis/build/icyphy/ptII/ptolemy/domains/de/test/auto/CausalityInterface3.xml (RunModel)" time="0.019" />
  <testcase classname="ptolemy.util.test.junit.AutoTests" name="[9] /home/travis/build/icyphy/ptII/ptolemy/domains/de/test/auto/ClockDrift.xml (RunModel)" time="0.042" />
  <testcase classname="ptolemy.util.test.junit.AutoTests" name="[10] /home/travis/build/icyphy/ptII/ptolemy/domains/de/test/auto/ClockDriftAndValueChange.xml (RunModel)" time="0.038" />
  <testcase classname="ptolemy.util.test.junit.AutoTests" name="[11] /home/travis/build/icyphy/ptII/ptolemy/domains/de/test/auto/ClockDriftChange.xml (RunModel)" time="0.041" />
  <testcase classname="ptolemy.util.test.junit.AutoTests" name="[12] /home/travis/build/icyphy/ptII/ptolemy/domains/de/test/auto/ComposableCausalityAnalysis.xml (RunModel)" time="0.016" />
  <testcase classname="ptolemy.util.test.junit.AutoTests" name="[13] /home/travis/build/icyphy/ptII/ptolemy/domains/de/test/auto/DEFixedPointLimitation.xml (RunModel)" time="0.011" />
  <testcase classname="ptolemy.util.test.junit.AutoTests" name="[14] /home/travis/build/icyphy/ptII/ptolemy/domains/de/test/auto/DEScheduleTest.xml (RunModel)" time="0.015" />
  <testcase classname="ptolemy.util.test.junit.AutoTests" name="[15] /home/travis/build/icyphy/ptII/ptolemy/domains/de/test/auto/DEinDEwithStartTimes.xml (RunModel)" time="0.016" />
  <testcase classname="ptolemy.util.test.junit.AutoTests" name="[16] /home/travis/build/icyphy/ptII/ptolemy/domains/de/test/auto/DEinDEwithStartTimes2.xml (RunModel)" time="0.016" />
  <testcase classname="ptolemy.util.test.junit.AutoTests" name="[17] /home/travis/build/icyphy/ptII/ptolemy/domains/de/test/auto/DateDemo.xml (RunModel)" time="0.039" />
  <testcase classname="ptolemy.util.test.junit.AutoTests" name="[18] /home/travis/build/icyphy/ptII/ptolemy/domains/de/test/auto/DateToEvent.xml (RunModel)" time="2.043" />
  <testcase classname="ptolemy.util.test.junit.AutoTests" name="[19] /home/travis/build/icyphy/ptII/ptolemy/domains/de/test/auto/DepthTest1.xml (RunModel)" time="0.012" />
  <testcase classname="ptolemy.util.test.junit.AutoTests" name="[20] /home/travis/build/icyphy/ptII/ptolemy/domains/de/test/auto/DepthTest2.xml (RunModel)" time="0.023" />
  <testcase classname="ptolemy.util.test.junit.AutoTests" name="[21] /home/travis/build/icyphy/ptII/ptolemy/domains/de/test/auto/DepthTest3.xml (RunModel)" time="0.01" />
  <testcase classname="ptolemy.util.test.junit.AutoTests" name="[22] /home/travis/build/icyphy/ptII/ptolemy/domains/de/test/auto/DepthTest4.xml (RunModel)" time="0.021" />
  <testcase classname="ptolemy.util.test.junit.AutoTests" name="[23] /home/travis/build/icyphy/ptII/ptolemy/domains/de/test/auto/DepthTest5.xml (RunModel)" time="0.016" />
  <testcase classname="ptolemy.util.test.junit.AutoTests" name="[24] /home/travis/build/icyphy/ptII/ptolemy/domains/de/test/auto/DepthTest6.xml (RunModel)" time="0.014" />
  <testcase classname="ptolemy.util.test.junit.AutoTests" name="[25] /home/travis/build/icyphy/ptII/ptolemy/domains/de/test/auto/DepthTest7.xml (RunModel)" time="0.013" />
  <testcase classname="ptolemy.util.test.junit.AutoTests" name="[26] /home/travis/build/icyphy/ptII/ptolemy/domains/de/test/auto/EventToDate.xml (RunModel)" time="3.045" />
  <testcase classname="ptolemy.util.test.junit.AutoTests" name="[27] /home/travis/build/icyphy/ptII/ptolemy/domains/de/test/auto/FSM1.xml (RunModel)" time="0.044" />
  <testcase classname="ptolemy.util.test.junit.AutoTests" name="[28] /home/travis/build/icyphy/ptII/ptolemy/domains/de/test/auto/FSM7.xml (RunModel)" time="0.037" />
  <testcase classname="ptolemy.util.test.junit.AutoTests" name="[29] /home/travis/build/icyphy/ptII/ptolemy/domains/de/test/auto/Inspection.xml (RunModel)" time="0.04" />
  <testcase classname="ptolemy.util.test.junit.AutoTests" name="[30] /home/travis/build/icyphy/ptII/ptolemy/domains/de/test/auto/Iteration.xml (RunModel)" time="0.032" />
  <testcase classname="ptolemy.util.test.junit.AutoTests" name="[31] /home/travis/build/icyphy/ptII/ptolemy/domains/de/test/auto/LineFault.xml (RunModel)" time="0.551" />
  <testcase classname="ptolemy.util.test.junit.AutoTests" name="[32] /home/travis/build/icyphy/ptII/ptolemy/domains/de/test/auto/MergeModel1Add.xml (RunModel)" time="0.043" />
  <testcase classname="ptolemy.util.test.junit.AutoTests" name="[33] /home/travis/build/icyphy/ptII/ptolemy/domains/de/test/auto/MergeModel2Add.xml (RunModel)" time="0.041" />
  <testcase classname="ptolemy.util.test.junit.AutoTests" name="[34] /home/travis/build/icyphy/ptII/ptolemy/domains/de/test/auto/MergeModel3Add.xml (RunModel)" time="0.046" />
  <testcase classname="ptolemy.util.test.junit.AutoTests" name="[35] /home/travis/build/icyphy/ptII/ptolemy/domains/de/test/auto/MergeWithoutDiscard.xml (RunModel)" time="0.01" />
  <testcase classname="ptolemy.util.test.junit.AutoTests" name="[36] /home/travis/build/icyphy/ptII/ptolemy/domains/de/test/auto/Modal1.xml (RunModel)" time="0.03" />
  <testcase classname="ptolemy.util.test.junit.AutoTests" name="[37] /home/travis/build/icyphy/ptII/ptolemy/domains/de/test/auto/Modal2.xml (RunModel)" time="0.03" />
  <testcase classname="ptolemy.util.test.junit.AutoTests" name="[38] /home/travis/build/icyphy/ptII/ptolemy/domains/de/test/auto/Modal3.xml (RunModel)" time="0.03" />
  <testcase classname="ptolemy.util.test.junit.AutoTests" name="[39] /home/travis/build/icyphy/ptII/ptolemy/domains/de/test/auto/Modal4.xml (RunModel)" time="0.031" />
  <testcase classname="ptolemy.util.test.junit.AutoTests" name="[40] /home/travis/build/icyphy/ptII/ptolemy/domains/de/test/auto/Modal5.xml (RunModel)" time="0.034" />
  <testcase classname="ptolemy.util.test.junit.AutoTests" name="[41] /home/travis/build/icyphy/ptII/ptolemy/domains/de/test/auto/Modal6.xml (RunModel)" time="0.026" />
  <testcase classname="ptolemy.util.test.junit.AutoTests" name="[42] /home/travis/build/icyphy/ptII/ptolemy/domains/de/test/auto/Modal7.xml (RunModel)" time="0.034" />
  <testcase classname="ptolemy.util.test.junit.AutoTests" name="[43] /home/travis/build/icyphy/ptII/ptolemy/domains/de/test/auto/ModalModel.xml (RunModel)" time="0.162" />
  <testcase classname="ptolemy.util.test.junit.AutoTests" name="[44] /home/travis/build/icyphy/ptII/ptolemy/domains/de/test/auto/ModalSource.xml (RunModel)" time="0.02" />
  <testcase classname="ptolemy.util.test.junit.AutoTests" name="[45] /home/travis/build/icyphy/ptII/ptolemy/domains/de/test/auto/NonInterruptibleTimerZeroDelay.xml (RunModel)" time="0.009" />
  <testcase classname="ptolemy.util.test.junit.AutoTests" name="[46] /home/travis/build/icyphy/ptII/ptolemy/domains/de/test/auto/OpenQueueingNetwork.xml (RunModel)" time="2.397" />
  <testcase classname="ptolemy.util.test.junit.AutoTests" name="[47] /home/travis/build/icyphy/ptII/ptolemy/domains/de/test/auto/OpenQueuingNetwork.xml (RunModel)" time="0.276" />
  <testcase classname="ptolemy.util.test.junit.AutoTests" name="[48] /home/travis/build/icyphy/ptII/ptolemy/domains/de/test/auto/PeriodicSampler.xml (RunModel)" time="0.015" />
  <testcase classname="ptolemy.util.test.junit.AutoTests" name="[49] /home/travis/build/icyphy/ptII/ptolemy/domains/de/test/auto/PersistentIO.xml (RunModel)" time="0.019" />
  <testcase classname="ptolemy.util.test.junit.AutoTests" name="[50] /home/travis/build/icyphy/ptII/ptolemy/domains/de/test/auto/PortParameterResetOnInitialize.xml (RunModel)" time="0.009" />
  <testcase classname="ptolemy.util.test.junit.AutoTests" name="[51] /home/travis/build/icyphy/ptII/ptolemy/domains/de/test/auto/PortParameterUpdates.xml (RunModel)" time="0.013" />
  <testcase classname="ptolemy.util.test.junit.AutoTests" name="[52] /home/travis/build/icyphy/ptII/ptolemy/domains/de/test/auto/QueueAndServer.xml (RunModel)" time="0.019" />
  <testcase classname="ptolemy.util.test.junit.AutoTests" name="[53] /home/travis/build/icyphy/ptII/ptolemy/domains/de/test/auto/Records.xml (RunModel)" time="0.013" />
  <testcase classname="ptolemy.util.test.junit.AutoTests" name="[54] /home/travis/build/icyphy/ptII/ptolemy/domains/de/test/auto/ResetTransitionWithStartTime1.xml (RunModel)" time="0.016" />
  <testcase classname="ptolemy.util.test.junit.AutoTests" name="[55] /home/travis/build/icyphy/ptII/ptolemy/domains/de/test/auto/ResetTransitionWithStartTime2.xml (RunModel)" time="0.019" />
  <testcase classname="ptolemy.util.test.junit.AutoTests" name="[56] /home/travis/build/icyphy/ptII/ptolemy/domains/de/test/auto/ResetTransitionWithStartTime3.xml (RunModel)" time="0.02" />
  <testcase classname="ptolemy.util.test.junit.AutoTests" name="[57] /home/travis/build/icyphy/ptII/ptolemy/domains/de/test/auto/ResetTransitionWithStartTime4.xml (RunModel)" time="0.018" />
  <testcase classname="ptolemy.util.test.junit.AutoTests" name="[58] /home/travis/build/icyphy/ptII/ptolemy/domains/de/test/auto/ResettableTimer1.xml (RunModel)" time="0.009" />
  <testcase classname="ptolemy.util.test.junit.AutoTests" name="[59] /home/travis/build/icyphy/ptII/ptolemy/domains/de/test/auto/ResettableTimer2.xml (RunModel)" time="0.009" />
  <testcase classname="ptolemy.util.test.junit.AutoTests" name="[60] /home/travis/build/icyphy/ptII/ptolemy/domains/de/test/auto/ResettableTimer3.xml (RunModel)" time="0.008" />
  <testcase classname="ptolemy.util.test.junit.AutoTests" name="[61] /home/travis/build/icyphy/ptII/ptolemy/domains/de/test/auto/ResettableTimer4.xml (RunModel)" time="0.008" />
  <testcase classname="ptolemy.util.test.junit.AutoTests" name="[62] /home/travis/build/icyphy/ptII/ptolemy/domains/de/test/auto/ResettableTimer5.xml (RunModel)" time="0.008" />
  <testcase classname="ptolemy.util.test.junit.AutoTests" name="[63] /home/travis/build/icyphy/ptII/ptolemy/domains/de/test/auto/ResettableTimer6.xml (RunModel)" time="0.018" />
  <testcase classname="ptolemy.util.test.junit.AutoTests" name="[64] /home/travis/build/icyphy/ptII/ptolemy/domains/de/test/auto/ServerZeroDelay.xml (RunModel)" time="0.009" />
  <testcase classname="ptolemy.util.test.junit.AutoTests" name="[65] /home/travis/build/icyphy/ptII/ptolemy/domains/de/test/auto/SmartSender.xml (RunModel)" time="3.008" />
  <testcase classname="ptolemy.util.test.junit.AutoTests" name="[66] /home/travis/build/icyphy/ptII/ptolemy/domains/de/test/auto/ThreadedComposite.xml (RunModel)" time="0.114" />
  <testcase classname="ptolemy.util.test.junit.AutoTests" name="[67] /home/travis/build/icyphy/ptII/ptolemy/domains/de/test/auto/Time.xml (RunModel)" time="0.349" />
  <testcase classname="ptolemy.util.test.junit.AutoTests" name="[68] /home/travis/build/icyphy/ptII/ptolemy/domains/de/test/auto/TimeDelayZeroDelay.xml (RunModel)" time="0.011" />
  <testcase classname="ptolemy.util.test.junit.AutoTests" name="[69] /home/travis/build/icyphy/ptII/ptolemy/domains/de/test/auto/TimerZeroDelay.xml (RunModel)" time="0.008" />
  <testcase classname="ptolemy.util.test.junit.AutoTests" name="[70] /home/travis/build/icyphy/ptII/ptolemy/domains/de/test/auto/TimingParadox.xml (RunModel)" time="0.312" />
  <testcase classname="ptolemy.util.test.junit.AutoTests" name="[71] /home/travis/build/icyphy/ptII/ptolemy/domains/de/test/auto/TransferInputs.xml (RunModel)" time="0.009" />
  <testcase classname="ptolemy.util.test.junit.AutoTests" name="[72] /home/travis/build/icyphy/ptII/ptolemy/domains/de/test/auto/TransferOutputs2.xml (RunModel)" time="0.016" />
  <testcase classname="ptolemy.util.test.junit.AutoTests" name="[73] /home/travis/build/icyphy/ptII/ptolemy/domains/de/test/auto/Trilateration.xml (RunModel)" time="10.219" />
  <testcase classname="ptolemy.util.test.junit.AutoTests" name="[74] /home/travis/build/icyphy/ptII/ptolemy/domains/de/test/auto/TwoSigmaDelta.xml (RunModel)" time="1.711" />
  <testcase classname="ptolemy.util.test.junit.AutoTests" name="[75] /home/travis/build/icyphy/ptII/ptolemy/domains/de/test/auto/VariableDelay.xml (RunModel)" time="0.017" />
  <testcase classname="ptolemy.util.test.junit.AutoTests" name="[76] /home/travis/build/icyphy/ptII/ptolemy/domains/de/test/auto/VariableDelay2.xml (RunModel)" time="0.012" />
  <testcase classname="ptolemy.util.test.junit.AutoTests" name="[77] /home/travis/build/icyphy/ptII/ptolemy/domains/de/test/auto/VariableDelayZeroDelay.xml (RunModel)" time="0.011" />
  <testcase classname="ptolemy.util.test.junit.AutoTests" name="[78] /home/travis/build/icyphy/ptII/ptolemy/domains/de/test/auto/VariableDelayZeroDelay2.xml (RunModel)" time="0.012" />
  <testcase classname="ptolemy.util.test.junit.AutoTests" name="[79] /home/travis/build/icyphy/ptII/ptolemy/domains/de/test/auto/deInCt.xml (RunModel)" time="0.015" />
  <testcase classname="ptolemy.util.test.junit.AutoTests" name="[80] /home/travis/build/icyphy/ptII/ptolemy/domains/de/test/auto/deInCt2.xml (RunModel)" time="0.016" />
  <testcase classname="ptolemy.util.test.junit.AutoTests" name="[81] /home/travis/build/icyphy/ptII/ptolemy/domains/de/test/auto/dynamicCausalityInterface1.xml (RunModel)" time="0.016" />
  <testcase classname="ptolemy.util.test.junit.AutoTests" name="[82] /home/travis/build/icyphy/ptII/ptolemy/domains/de/test/auto/fsm_de_test.xml (RunModel)" time="0.019" />
  <testcase classname="ptolemy.util.test.junit.AutoTests" name="[83] /home/travis/build/icyphy/ptII/ptolemy/domains/de/test/auto/functionDependencyReconstruction.xml (RunModel)" time="0.033" />
  <testcase classname="ptolemy.util.test.junit.AutoTests" name="[84] /home/travis/build/icyphy/ptII/ptolemy/domains/de/test/auto/multirate.xml (RunModel)" time="0.014" />
  <testcase classname="ptolemy.util.test.junit.AutoTests" name="[85] /home/travis/build/icyphy/ptII/ptolemy/domains/de/test/auto/multirate2.xml (RunModel)" time="0.016" />
  <testcase classname="ptolemy.util.test.junit.AutoTests" name="[86] /home/travis/build/icyphy/ptII/ptolemy/domains/de/test/auto/realtime.xml (RunModel)" time="10.009" />
  <testcase classname="ptolemy.util.test.junit.AutoTests" name="[87] /home/travis/build/icyphy/ptII/ptolemy/domains/de/test/auto/relationGroup.xml (RunModel)" time="0.01" />
  <testcase classname="ptolemy.util.test.junit.AutoTests" name="[88] /home/travis/build/icyphy/ptII/ptolemy/domains/de/test/auto/relationGroup2.xml (RunModel)" time="0.022" />
  <testcase classname="ptolemy.util.test.junit.AutoTests" name="[89] /home/travis/build/icyphy/ptII/ptolemy/domains/de/test/auto/sortWithOpaquePorts.xml (RunModel)" time="0.022" />
  <testcase classname="ptolemy.util.test.junit.AutoTests" name="[90] /home/travis/build/icyphy/ptII/ptolemy/domains/de/test/auto/transferInputsandOutputs.xml (RunModel)" time="0.02" />
  <testcase classname="ptolemy.util.test.junit.AutoTests" name="[91] /home/travis/build/icyphy/ptII/ptolemy/domains/de/test/auto/triggerType.xml (RunModel)" time="0.008" />
  <system-out><![CDATA[/home/travis/build/icyphy/ptII/ptolemy/domains/de/test/DependencyLoop.tcl
testDefs.tcl: setting time out to 9000 seconds at Mon Sep 14 15:42:17 UTC 2020
72 ms. Memory: 129024K Free: 79177K (61%)
17 ms. Memory: 129024K Free: 61755K (48%)
/home/travis/build/icyphy/ptII/ptolemy/domains/de/test/RunDETestsAsQSS.tcl
Run the DE tests using ptolemy.domains.qss.test.QSSDirectorTest, which extends QSSDirector and prints a message in the constructors.
------------------ testing $PTII/ptolemy/domains/de/test/auto/knownFailedTests/DirectFeedback.xml (Known Failure) 
57 ms. Memory: 129024K Free: 55625K (43%)


==== $PTIIhome/travis/build/icyphy/ptII/ptolemy/domains/de/test/../../../../: Auto Automatic test in file $PTII/ptolemy/domains/de/test/auto/knownFailedTests/DirectFeedback.xml
==== Contents of test case:

	    # FIXME: we should use $relativeFilename here, but it
	    # might have backslashes under Windows, which causes no end
	    # of trouble.
	    createAndExecute $file
	    list {}
	
.... Test generated KNOWN error:
    while executing
ptolemy.kernel.util.IllegalActionException: Test fails in iteration 1.
Value was: 1.0. Should have been: 2.0
  in .DirectFeedback.Test
	at ptolemy.actor.lib.Test.fire(Test.java:268)
	at ptolemy.domains.de.kernel.DEDirector._fire(DEDirector.java:1949)
	at ptolemy.domains.de.kernel.DEDirector.fire(DEDirector.java:502)
	at ptolemy.actor.CompositeActor.fire(CompositeActor.java:455)
	at ptolemy.actor.Manager.iterate(Manager.java:851)
	at ptolemy.actor.Manager.execute(Manager.java:369)
	at ptolemy.actor.Manager.run(Manager.java:1263)
	at ptolemy.actor.Manager$PtolemyRunThread.run(Manager.java:1933)

    while executing
ptolemy.kernel.util.IllegalActionException: Test fails in iteration 1.
Value was: 1.0. Should have been: 2.0
  in .DirectFeedback.Test
    while executing
"java::new ptolemy.moml.MoMLSimpleApplication $file
"
    (procedure "createAndExecute" line 2)
    invoked from within
"createAndExecute $file"
    ("uplevel" body line 5)
    invoked from within
"uplevel $contents_of_test"
------------------ testing $PTII/ptolemy/domains/de/test/auto/knownFailedTests/dependencyLoop.xml (Known Failure) 
10 ms. Memory: 129024K Free: 52553K (41%)


==== $PTIIhome/travis/build/icyphy/ptII/ptolemy/domains/de/test/../../../../: Auto Automatic test in file $PTII/ptolemy/domains/de/test/auto/knownFailedTests/dependencyLoop.xml
==== Contents of test case:

	    # FIXME: we should use $relativeFilename here, but it
	    # might have backslashes under Windows, which causes no end
	    # of trouble.
	    createAndExecute $file
	    list {}
	
.... Test generated KNOWN error:
    while executing
ptolemy.kernel.util.IllegalActionException: Found a zero delay loop containing .dependencyLoop.original
  in .dependencyLoop and .dependencyLoop.original
	at ptolemy.actor.util.CausalityInterfaceForComposites._computeOutputPortDepth(CausalityInterfaceForComposites.java:759)
	at ptolemy.actor.util.CausalityInterfaceForComposites._computeInputDepth(CausalityInterfaceForComposites.java:696)
	at ptolemy.actor.util.CausalityInterfaceForComposites._computeOutputPortDepth(CausalityInterfaceForComposites.java:765)
	at ptolemy.actor.util.CausalityInterfaceForComposites._computeInputDepth(CausalityInterfaceForComposites.java:696)
	at ptolemy.actor.util.CausalityInterfaceForComposites._computeOutputPortDepth(CausalityInterfaceForComposites.java:765)
	at ptolemy.actor.util.CausalityInterfaceForComposites._computeInputDepth(CausalityInterfaceForComposites.java:696)
	at ptolemy.actor.util.CausalityInterfaceForComposites._computeActorDepth(CausalityInterfaceForComposites.java:532)
	at ptolemy.actor.util.CausalityInterfaceForComposites.checkForCycles(CausalityInterfaceForComposites.java:96)
	at ptolemy.domains.de.kernel.DEDirector.preinitialize(DEDirector.java:1338)
	at ptolemy.actor.CompositeActor.preinitialize(CompositeActor.java:1828)
	at ptolemy.actor.Manager.preinitializeAndResolveTypes(Manager.java:1040)
	at ptolemy.actor.Manager.initialize(Manager.java:710)
	at ptolemy.actor.Manager.execute(Manager.java:356)
	at ptolemy.actor.Manager.run(Manager.java:1263)
	at ptolemy.actor.Manager$PtolemyRunThread.run(Manager.java:1933)

    while executing
ptolemy.kernel.util.IllegalActionException: Found a zero delay loop containing .dependencyLoop.original
  in .dependencyLoop and .dependencyLoop.original
    while executing
"java::new ptolemy.moml.MoMLSimpleApplication $file
"
    (procedure "createAndExecute" line 2)
    invoked from within
"createAndExecute $file"
    ("uplevel" body line 5)
    invoked from within
"uplevel $contents_of_test"
------------------ testing $PTII/ptolemy/domains/de/test/auto/knownFailedTests/FSMSource.xml (Known Failure) 
72 ms. Memory: 129024K Free: 110667K (86%)
!!!! Auto was marked as failing, but now passes
------------------ testing $PTII/ptolemy/domains/de/test/auto/knownFailedTests/HierarchicalModel.xml (Known Failure) 
8 ms. Memory: 129024K Free: 93245K (72%)


==== $PTIIhome/travis/build/icyphy/ptII/ptolemy/domains/de/test/../../../../: Auto Automatic test in file $PTII/ptolemy/domains/de/test/auto/knownFailedTests/HierarchicalModel.xml
==== Contents of test case:

	    # FIXME: we should use $relativeFilename here, but it
	    # might have backslashes under Windows, which causes no end
	    # of trouble.
	    createAndExecute $file
	    list {}
	
.... Test generated KNOWN error:
    while executing
ptolemy.kernel.util.IllegalActionException: Found a zero delay loop containing .HierarchicalModel.A
  in .HierarchicalModel and .HierarchicalModel.A
	at ptolemy.actor.util.CausalityInterfaceForComposites._computeOutputPortDepth(CausalityInterfaceForComposites.java:759)
	at ptolemy.actor.util.CausalityInterfaceForComposites._computeInputDepth(CausalityInterfaceForComposites.java:696)
	at ptolemy.actor.util.CausalityInterfaceForComposites._computeOutputPortDepth(CausalityInterfaceForComposites.java:765)
	at ptolemy.actor.util.CausalityInterfaceForComposites._computeInputDepth(CausalityInterfaceForComposites.java:696)
	at ptolemy.actor.util.CausalityInterfaceForComposites._computeOutputPortDepth(CausalityInterfaceForComposites.java:765)
	at ptolemy.actor.util.CausalityInterfaceForComposites._computeInputDepth(CausalityInterfaceForComposites.java:696)
	at ptolemy.actor.util.CausalityInterfaceForComposites._computeActorDepth(CausalityInterfaceForComposites.java:532)
	at ptolemy.actor.util.CausalityInterfaceForComposites.checkForCycles(CausalityInterfaceForComposites.java:96)
	at ptolemy.domains.de.kernel.DEDirector.preinitialize(DEDirector.java:1338)
	at ptolemy.actor.CompositeActor.preinitialize(CompositeActor.java:1828)
	at ptolemy.actor.Manager.preinitializeAndResolveTypes(Manager.java:1040)
	at ptolemy.actor.Manager.initialize(Manager.java:710)
	at ptolemy.actor.Manager.execute(Manager.java:356)
	at ptolemy.actor.Manager.run(Manager.java:1263)
	at ptolemy.actor.Manager$PtolemyRunThread.run(Manager.java:1933)

    while executing
ptolemy.kernel.util.IllegalActionException: Found a zero delay loop containing .HierarchicalModel.A
  in .HierarchicalModel and .HierarchicalModel.A
    while executing
"java::new ptolemy.moml.MoMLSimpleApplication $file
"
    (procedure "createAndExecute" line 2)
    invoked from within
"createAndExecute $file"
    ("uplevel" body line 5)
    invoked from within
"uplevel $contents_of_test"
------------------ testing $PTII/ptolemy/domains/de/test/auto/knownFailedTests/dependencyLoop2.xml (Known Failure) 
12 ms. Memory: 129024K Free: 77304K (60%)


==== $PTIIhome/travis/build/icyphy/ptII/ptolemy/domains/de/test/../../../../: Auto Automatic test in file $PTII/ptolemy/domains/de/test/auto/knownFailedTests/dependencyLoop2.xml
==== Contents of test case:

	    # FIXME: we should use $relativeFilename here, but it
	    # might have backslashes under Windows, which causes no end
	    # of trouble.
	    createAndExecute $file
	    list {}
	
.... Test generated KNOWN error:
    while executing
ptolemy.kernel.util.IllegalActionException: Found a zero delay loop containing .dependencyLoop2.original
  in .dependencyLoop2 and .dependencyLoop2.original
	at ptolemy.actor.util.CausalityInterfaceForComposites._computeOutputPortDepth(CausalityInterfaceForComposites.java:759)
	at ptolemy.actor.util.CausalityInterfaceForComposites._computeInputDepth(CausalityInterfaceForComposites.java:696)
	at ptolemy.actor.util.CausalityInterfaceForComposites._computeOutputPortDepth(CausalityInterfaceForComposites.java:765)
	at ptolemy.actor.util.CausalityInterfaceForComposites._computeInputDepth(CausalityInterfaceForComposites.java:696)
	at ptolemy.actor.util.CausalityInterfaceForComposites._computeOutputPortDepth(CausalityInterfaceForComposites.java:765)
	at ptolemy.actor.util.CausalityInterfaceForComposites._computeInputDepth(CausalityInterfaceForComposites.java:696)
	at ptolemy.actor.util.CausalityInterfaceForComposites._computeActorDepth(CausalityInterfaceForComposites.java:532)
	at ptolemy.actor.util.CausalityInterfaceForComposites.checkForCycles(CausalityInterfaceForComposites.java:96)
	at ptolemy.domains.de.kernel.DEDirector.preinitialize(DEDirector.java:1338)
	at ptolemy.actor.CompositeActor.preinitialize(CompositeActor.java:1828)
	at ptolemy.actor.Manager.preinitializeAndResolveTypes(Manager.java:1040)
	at ptolemy.actor.Manager.initialize(Manager.java:710)
	at ptolemy.actor.Manager.execute(Manager.java:356)
	at ptolemy.actor.Manager.run(Manager.java:1263)
	at ptolemy.actor.Manager$PtolemyRunThread.run(Manager.java:1933)

    while executing
ptolemy.kernel.util.IllegalActionException: Found a zero delay loop containing .dependencyLoop2.original
  in .dependencyLoop2 and .dependencyLoop2.original
    while executing
"java::new ptolemy.moml.MoMLSimpleApplication $file
"
    (procedure "createAndExecute" line 2)
    invoked from within
"createAndExecute $file"
    ("uplevel" body line 5)
    invoked from within
"uplevel $contents_of_test"
------------------ testing $PTII/ptolemy/domains/de/test/auto/knownFailedTests/DESDFClockTest.xml (Known Failure) 
2061 ms. Memory: 129024K Free: 107772K (84%)


==== $PTIIhome/travis/build/icyphy/ptII/ptolemy/domains/de/test/../../../../: Auto Automatic test in file $PTII/ptolemy/domains/de/test/auto/knownFailedTests/DESDFClockTest.xml
==== Contents of test case:

	    # FIXME: we should use $relativeFilename here, but it
	    # might have backslashes under Windows, which causes no end
	    # of trouble.
	    createAndExecute $file
	    list {}
	
.... Test generated KNOWN error:
    while executing
ptolemy.kernel.util.IllegalActionException: Actor is not ready to fire.  Perhaps UpSample.prefire() returned false? Try debugging the actor by selecting "Listen to Actor".  Also, for SDF check moml for tokenConsumptionRate on input.
  in .DESDFClockTest.Play Bell.Copy1:SDF Director and .DESDFClockTest.Play Bell.UpSample
	at ptolemy.actor.sched.StaticSchedulingDirector.fire(StaticSchedulingDirector.java:227)
	at ptolemy.domains.sdf.kernel.SDFDirector.fire(SDFDirector.java:500)
	at ptolemy.actor.CompositeActor.fire(CompositeActor.java:455)
	at ptolemy.domains.de.kernel.DEDirector._fire(DEDirector.java:1949)
	at ptolemy.domains.de.kernel.DEDirector.fire(DEDirector.java:502)
	at ptolemy.actor.CompositeActor.fire(CompositeActor.java:455)
	at ptolemy.actor.Manager.iterate(Manager.java:851)
	at ptolemy.actor.Manager.execute(Manager.java:369)
	at ptolemy.actor.Manager.run(Manager.java:1263)
	at ptolemy.actor.Manager$PtolemyRunThread.run(Manager.java:1933)

    while executing
ptolemy.kernel.util.IllegalActionException: Actor is not ready to fire.  Perhaps UpSample.prefire() returned false? Try debugging the actor by selecting "Listen to Actor".  Also, for SDF check moml for tokenConsumptionRate on input.
  in .DESDFClockTest.Play Bell.Copy1:SDF Director and .DESDFClockTest.Play Bell.UpSample
    while executing
"java::new ptolemy.moml.MoMLSimpleApplication $file
"
    (procedure "createAndExecute" line 2)
    invoked from within
"createAndExecute $file"
    ("uplevel" body line 5)
    invoked from within
"uplevel $contents_of_test"
------------------ testing $PTII/ptolemy/domains/de/test/auto/ActorDepthCalculation_actorWithoutPorts.xml
auto.tcl: Setting watchdog for 200 seconds at Mon Sep 14 15:42:21 UTC 2020
4 ms. Memory: 129024K Free: 100590K (78%)
ptolemy.util.test.WatchDog.cancel(): canceling Mon Sep 14 15:42:21 UTC 2020
auto.tcl: Setting watchdog for 200 seconds at Mon Sep 14 15:42:21 UTC 2020
5 ms. Memory: 129024K Free: 99070K (77%)
ptolemy.util.test.WatchDog.cancel(): canceling Mon Sep 14 15:42:21 UTC 2020
------------------ testing $PTII/ptolemy/domains/de/test/auto/AssemblyLine.xml
auto.tcl: Setting watchdog for 200 seconds at Mon Sep 14 15:42:21 UTC 2020
13 ms. Memory: 51200K Free: 27929K (55%)
ptolemy.util.test.WatchDog.cancel(): canceling Mon Sep 14 15:42:22 UTC 2020
auto.tcl: Setting watchdog for 200 seconds at Mon Sep 14 15:42:22 UTC 2020
7 ms. Memory: 51200K Free: 27274K (53%)
ptolemy.util.test.WatchDog.cancel(): canceling Mon Sep 14 15:42:22 UTC 2020
------------------ testing $PTII/ptolemy/domains/de/test/auto/CQBug1.xml
auto.tcl: Setting watchdog for 200 seconds at Mon Sep 14 15:42:22 UTC 2020
3 ms. Memory: 51200K Free: 33267K (65%)
ptolemy.util.test.WatchDog.cancel(): canceling Mon Sep 14 15:42:22 UTC 2020
auto.tcl: Setting watchdog for 200 seconds at Mon Sep 14 15:42:22 UTC 2020
3 ms. Memory: 51200K Free: 32807K (64%)
ptolemy.util.test.WatchDog.cancel(): canceling Mon Sep 14 15:42:22 UTC 2020
------------------ testing $PTII/ptolemy/domains/de/test/auto/CancelFireAt.xml
auto.tcl: Setting watchdog for 200 seconds at Mon Sep 14 15:42:22 UTC 2020
2 ms. Memory: 48128K Free: 31634K (66%)
ptolemy.util.test.WatchDog.cancel(): canceling Mon Sep 14 15:42:22 UTC 2020
auto.tcl: Setting watchdog for 200 seconds at Mon Sep 14 15:42:22 UTC 2020
2 ms. Memory: 48128K Free: 31199K (65%)
ptolemy.util.test.WatchDog.cancel(): canceling Mon Sep 14 15:42:22 UTC 2020
------------------ testing $PTII/ptolemy/domains/de/test/auto/CausalityAndComposabilityAnalysis.xml
auto.tcl: Setting watchdog for 200 seconds at Mon Sep 14 15:42:22 UTC 2020
5 ms. Memory: 48128K Free: 29355K (61%)
ptolemy.util.test.WatchDog.cancel(): canceling Mon Sep 14 15:42:22 UTC 2020
auto.tcl: Setting watchdog for 200 seconds at Mon Sep 14 15:42:22 UTC 2020
5 ms. Memory: 48128K Free: 28920K (60%)
ptolemy.util.test.WatchDog.cancel(): canceling Mon Sep 14 15:42:22 UTC 2020
------------------ testing $PTII/ptolemy/domains/de/test/auto/CausalityInterface1.xml
auto.tcl: Setting watchdog for 200 seconds at Mon Sep 14 15:42:22 UTC 2020
32 ms. Memory: 48128K Free: 28362K (59%)
ptolemy.util.test.WatchDog.cancel(): canceling Mon Sep 14 15:42:22 UTC 2020
auto.tcl: Setting watchdog for 200 seconds at Mon Sep 14 15:42:22 UTC 2020
5 ms. Memory: 48128K Free: 27391K (57%)
ptolemy.util.test.WatchDog.cancel(): canceling Mon Sep 14 15:42:22 UTC 2020
------------------ testing $PTII/ptolemy/domains/de/test/auto/CausalityInterface15.xml
auto.tcl: Setting watchdog for 200 seconds at Mon Sep 14 15:42:22 UTC 2020
16 ms. Memory: 48128K Free: 28242K (59%)
ptolemy.util.test.WatchDog.cancel(): canceling Mon Sep 14 15:42:22 UTC 2020
auto.tcl: Setting watchdog for 200 seconds at Mon Sep 14 15:42:22 UTC 2020
3 ms. Memory: 48128K Free: 27334K (57%)
ptolemy.util.test.WatchDog.cancel(): canceling Mon Sep 14 15:42:22 UTC 2020
------------------ testing $PTII/ptolemy/domains/de/test/auto/CausalityInterface2.xml
auto.tcl: Setting watchdog for 200 seconds at Mon Sep 14 15:42:22 UTC 2020
4 ms. Memory: 48128K Free: 29078K (60%)
ptolemy.util.test.WatchDog.cancel(): canceling Mon Sep 14 15:42:22 UTC 2020
auto.tcl: Setting watchdog for 200 seconds at Mon Sep 14 15:42:22 UTC 2020
3 ms. Memory: 48128K Free: 28329K (59%)
ptolemy.util.test.WatchDog.cancel(): canceling Mon Sep 14 15:42:22 UTC 2020
------------------ testing $PTII/ptolemy/domains/de/test/auto/CausalityInterface3.xml
auto.tcl: Setting watchdog for 200 seconds at Mon Sep 14 15:42:22 UTC 2020
7 ms. Memory: 48128K Free: 28547K (59%)
ptolemy.util.test.WatchDog.cancel(): canceling Mon Sep 14 15:42:22 UTC 2020
auto.tcl: Setting watchdog for 200 seconds at Mon Sep 14 15:42:22 UTC 2020
3 ms. Memory: 48128K Free: 27750K (58%)
ptolemy.util.test.WatchDog.cancel(): canceling Mon Sep 14 15:42:22 UTC 2020
------------------ testing $PTII/ptolemy/domains/de/test/auto/ClockDrift.xml
auto.tcl: Setting watchdog for 200 seconds at Mon Sep 14 15:42:22 UTC 2020
68 ms. Memory: 48128K Free: 20645K (43%)
ptolemy.util.test.WatchDog.cancel(): canceling Mon Sep 14 15:42:22 UTC 2020
auto.tcl: Setting watchdog for 200 seconds at Mon Sep 14 15:42:22 UTC 2020
45 ms. Memory: 48128K Free: 17681K (37%)
ptolemy.util.test.WatchDog.cancel(): canceling Mon Sep 14 15:42:23 UTC 2020
------------------ testing $PTII/ptolemy/domains/de/test/auto/ClockDriftAndValueChange.xml
auto.tcl: Setting watchdog for 200 seconds at Mon Sep 14 15:42:23 UTC 2020
22 ms. Memory: 48128K Free: 21554K (45%)
ptolemy.util.test.WatchDog.cancel(): canceling Mon Sep 14 15:42:23 UTC 2020
auto.tcl: Setting watchdog for 200 seconds at Mon Sep 14 15:42:23 UTC 2020
23 ms. Memory: 48128K Free: 18617K (39%)
ptolemy.util.test.WatchDog.cancel(): canceling Mon Sep 14 15:42:23 UTC 2020
------------------ testing $PTII/ptolemy/domains/de/test/auto/ClockDriftChange.xml
auto.tcl: Setting watchdog for 200 seconds at Mon Sep 14 15:42:23 UTC 2020
22 ms. Memory: 48128K Free: 23255K (48%)
ptolemy.util.test.WatchDog.cancel(): canceling Mon Sep 14 15:42:23 UTC 2020
auto.tcl: Setting watchdog for 200 seconds at Mon Sep 14 15:42:23 UTC 2020
27 ms. Memory: 48128K Free: 20686K (43%)
ptolemy.util.test.WatchDog.cancel(): canceling Mon Sep 14 15:42:23 UTC 2020
------------------ testing $PTII/ptolemy/domains/de/test/auto/ComposableCausalityAnalysis.xml
auto.tcl: Setting watchdog for 200 seconds at Mon Sep 14 15:42:23 UTC 2020
2 ms. Memory: 48128K Free: 27875K (58%)
ptolemy.util.test.WatchDog.cancel(): canceling Mon Sep 14 15:42:23 UTC 2020
auto.tcl: Setting watchdog for 200 seconds at Mon Sep 14 15:42:23 UTC 2020
5 ms. Memory: 48128K Free: 26832K (56%)
ptolemy.util.test.WatchDog.cancel(): canceling Mon Sep 14 15:42:23 UTC 2020
------------------ testing $PTII/ptolemy/domains/de/test/auto/DEFixedPointLimitation.xml
auto.tcl: Setting watchdog for 200 seconds at Mon Sep 14 15:42:23 UTC 2020
2 ms. Memory: 48128K Free: 29267K (61%)
ptolemy.util.test.WatchDog.cancel(): canceling Mon Sep 14 15:42:23 UTC 2020
auto.tcl: Setting watchdog for 200 seconds at Mon Sep 14 15:42:23 UTC 2020
1 ms. Memory: 48128K Free: 28331K (59%)
ptolemy.util.test.WatchDog.cancel(): canceling Mon Sep 14 15:42:23 UTC 2020
------------------ testing $PTII/ptolemy/domains/de/test/auto/DEScheduleTest.xml
auto.tcl: Setting watchdog for 200 seconds at Mon Sep 14 15:42:23 UTC 2020
3 ms. Memory: 48128K Free: 29518K (61%)
ptolemy.util.test.WatchDog.cancel(): canceling Mon Sep 14 15:42:23 UTC 2020
auto.tcl: Setting watchdog for 200 seconds at Mon Sep 14 15:42:23 UTC 2020
3 ms. Memory: 48128K Free: 28754K (60%)
ptolemy.util.test.WatchDog.cancel(): canceling Mon Sep 14 15:42:23 UTC 2020
------------------ testing $PTII/ptolemy/domains/de/test/auto/DEinDEwithStartTimes.xml
auto.tcl: Setting watchdog for 200 seconds at Mon Sep 14 15:42:23 UTC 2020
6 ms. Memory: 48128K Free: 27870K (58%)
ptolemy.util.test.WatchDog.cancel(): canceling Mon Sep 14 15:42:23 UTC 2020
auto.tcl: Setting watchdog for 200 seconds at Mon Sep 14 15:42:23 UTC 2020
5 ms. Memory: 48128K Free: 26657K (55%)
ptolemy.util.test.WatchDog.cancel(): canceling Mon Sep 14 15:42:23 UTC 2020
------------------ testing $PTII/ptolemy/domains/de/test/auto/DEinDEwithStartTimes2.xml
auto.tcl: Setting watchdog for 200 seconds at Mon Sep 14 15:42:23 UTC 2020
4 ms. Memory: 48128K Free: 26865K (56%)
ptolemy.util.test.WatchDog.cancel(): canceling Mon Sep 14 15:42:23 UTC 2020
auto.tcl: Setting watchdog for 200 seconds at Mon Sep 14 15:42:23 UTC 2020
2 ms. Memory: 48128K Free: 25612K (53%)
ptolemy.util.test.WatchDog.cancel(): canceling Mon Sep 14 15:42:23 UTC 2020
------------------ testing $PTII/ptolemy/domains/de/test/auto/DateDemo.xml
auto.tcl: Setting watchdog for 200 seconds at Mon Sep 14 15:42:23 UTC 2020
22 ms. Memory: 48128K Free: 21767K (45%)
ptolemy.util.test.WatchDog.cancel(): canceling Mon Sep 14 15:42:23 UTC 2020
auto.tcl: Setting watchdog for 200 seconds at Mon Sep 14 15:42:23 UTC 2020
11 ms. Memory: 48128K Free: 20088K (42%)
ptolemy.util.test.WatchDog.cancel(): canceling Mon Sep 14 15:42:23 UTC 2020
------------------ testing $PTII/ptolemy/domains/de/test/auto/DateToEvent.xml
auto.tcl: Setting watchdog for 200 seconds at Mon Sep 14 15:42:23 UTC 2020
2017 ms. Memory: 48128K Free: 16685K (35%)
ptolemy.util.test.WatchDog.cancel(): canceling Mon Sep 14 15:42:25 UTC 2020
auto.tcl: Setting watchdog for 200 seconds at Mon Sep 14 15:42:25 UTC 2020
2005 ms. Memory: 48128K Free: 16302K (34%)
ptolemy.util.test.WatchDog.cancel(): canceling Mon Sep 14 15:42:27 UTC 2020
------------------ testing $PTII/ptolemy/domains/de/test/auto/DepthTest1.xml
auto.tcl: Setting watchdog for 200 seconds at Mon Sep 14 15:42:27 UTC 2020
5 ms. Memory: 48128K Free: 30323K (63%)
ptolemy.util.test.WatchDog.cancel(): canceling Mon Sep 14 15:42:27 UTC 2020
auto.tcl: Setting watchdog for 200 seconds at Mon Sep 14 15:42:27 UTC 2020
2 ms. Memory: 48128K Free: 29934K (62%)
ptolemy.util.test.WatchDog.cancel(): canceling Mon Sep 14 15:42:27 UTC 2020
------------------ testing $PTII/ptolemy/domains/de/test/auto/DepthTest2.xml
auto.tcl: Setting watchdog for 200 seconds at Mon Sep 14 15:42:28 UTC 2020
4 ms. Memory: 48128K Free: 27136K (56%)
ptolemy.util.test.WatchDog.cancel(): canceling Mon Sep 14 15:42:28 UTC 2020
auto.tcl: Setting watchdog for 200 seconds at Mon Sep 14 15:42:28 UTC 2020
2 ms. Memory: 48128K Free: 26270K (55%)
ptolemy.util.test.WatchDog.cancel(): canceling Mon Sep 14 15:42:28 UTC 2020
------------------ testing $PTII/ptolemy/domains/de/test/auto/DepthTest3.xml
auto.tcl: Setting watchdog for 200 seconds at Mon Sep 14 15:42:28 UTC 2020
10 ms. Memory: 48128K Free: 30653K (64%)
ptolemy.util.test.WatchDog.cancel(): canceling Mon Sep 14 15:42:28 UTC 2020
auto.tcl: Setting watchdog for 200 seconds at Mon Sep 14 15:42:28 UTC 2020
1 ms. Memory: 48128K Free: 30272K (63%)
ptolemy.util.test.WatchDog.cancel(): canceling Mon Sep 14 15:42:28 UTC 2020
------------------ testing $PTII/ptolemy/domains/de/test/auto/DepthTest4.xml
auto.tcl: Setting watchdog for 200 seconds at Mon Sep 14 15:42:28 UTC 2020
5 ms. Memory: 48128K Free: 29011K (60%)
ptolemy.util.test.WatchDog.cancel(): canceling Mon Sep 14 15:42:28 UTC 2020
auto.tcl: Setting watchdog for 200 seconds at Mon Sep 14 15:42:28 UTC 2020
2 ms. Memory: 48128K Free: 28270K (59%)
ptolemy.util.test.WatchDog.cancel(): canceling Mon Sep 14 15:42:28 UTC 2020
------------------ testing $PTII/ptolemy/domains/de/test/auto/DepthTest5.xml
auto.tcl: Setting watchdog for 200 seconds at Mon Sep 14 15:42:28 UTC 2020
5 ms. Memory: 48128K Free: 28412K (59%)
ptolemy.util.test.WatchDog.cancel(): canceling Mon Sep 14 15:42:28 UTC 2020
auto.tcl: Setting watchdog for 200 seconds at Mon Sep 14 15:42:28 UTC 2020
3 ms. Memory: 48128K Free: 27615K (57%)
ptolemy.util.test.WatchDog.cancel(): canceling Mon Sep 14 15:42:28 UTC 2020
------------------ testing $PTII/ptolemy/domains/de/test/auto/DepthTest6.xml
auto.tcl: Setting watchdog for 200 seconds at Mon Sep 14 15:42:28 UTC 2020
5 ms. Memory: 48128K Free: 28083K (58%)
ptolemy.util.test.WatchDog.cancel(): canceling Mon Sep 14 15:42:28 UTC 2020
auto.tcl: Setting watchdog for 200 seconds at Mon Sep 14 15:42:28 UTC 2020
3 ms. Memory: 48128K Free: 27593K (57%)
ptolemy.util.test.WatchDog.cancel(): canceling Mon Sep 14 15:42:28 UTC 2020
------------------ testing $PTII/ptolemy/domains/de/test/auto/DepthTest7.xml
auto.tcl: Setting watchdog for 200 seconds at Mon Sep 14 15:42:28 UTC 2020
2 ms. Memory: 48128K Free: 28614K (59%)
ptolemy.util.test.WatchDog.cancel(): canceling Mon Sep 14 15:42:28 UTC 2020
auto.tcl: Setting watchdog for 200 seconds at Mon Sep 14 15:42:28 UTC 2020
2 ms. Memory: 48128K Free: 28211K (59%)
ptolemy.util.test.WatchDog.cancel(): canceling Mon Sep 14 15:42:28 UTC 2020
------------------ testing $PTII/ptolemy/domains/de/test/auto/EventToDate.xml
auto.tcl: Setting watchdog for 200 seconds at Mon Sep 14 15:42:28 UTC 2020
3005 ms. Memory: 48128K Free: 19717K (41%)
ptolemy.util.test.WatchDog.cancel(): canceling Mon Sep 14 15:42:31 UTC 2020
auto.tcl: Setting watchdog for 200 seconds at Mon Sep 14 15:42:31 UTC 2020
3005 ms. Memory: 48128K Free: 19023K (40%)
ptolemy.util.test.WatchDog.cancel(): canceling Mon Sep 14 15:42:34 UTC 2020
------------------ testing $PTII/ptolemy/domains/de/test/auto/FSM1.xml
auto.tcl: Setting watchdog for 200 seconds at Mon Sep 14 15:42:34 UTC 2020
19 ms. Memory: 48128K Free: 20447K (42%)
ptolemy.util.test.WatchDog.cancel(): canceling Mon Sep 14 15:42:34 UTC 2020
auto.tcl: Setting watchdog for 200 seconds at Mon Sep 14 15:42:34 UTC 2020
17 ms. Memory: 48128K Free: 17261K (36%)
ptolemy.util.test.WatchDog.cancel(): canceling Mon Sep 14 15:42:34 UTC 2020
------------------ testing $PTII/ptolemy/domains/de/test/auto/FSM7.xml
auto.tcl: Setting watchdog for 200 seconds at Mon Sep 14 15:42:34 UTC 2020
15 ms. Memory: 48128K Free: 20619K (43%)
ptolemy.util.test.WatchDog.cancel(): canceling Mon Sep 14 15:42:34 UTC 2020
auto.tcl: Setting watchdog for 200 seconds at Mon Sep 14 15:42:34 UTC 2020
17 ms. Memory: 48128K Free: 17475K (36%)
ptolemy.util.test.WatchDog.cancel(): canceling Mon Sep 14 15:42:34 UTC 2020
------------------ testing $PTII/ptolemy/domains/de/test/auto/Inspection.xml
auto.tcl: Setting watchdog for 200 seconds at Mon Sep 14 15:42:34 UTC 2020
22 ms. Memory: 48128K Free: 20442K (42%)
ptolemy.util.test.WatchDog.cancel(): canceling Mon Sep 14 15:42:34 UTC 2020
auto.tcl: Setting watchdog for 200 seconds at Mon Sep 14 15:42:34 UTC 2020
19 ms. Memory: 48128K Free: 18567K (39%)
ptolemy.util.test.WatchDog.cancel(): canceling Mon Sep 14 15:42:34 UTC 2020
------------------ testing $PTII/ptolemy/domains/de/test/auto/Iteration.xml
auto.tcl: Setting watchdog for 200 seconds at Mon Sep 14 15:42:34 UTC 2020
8 ms. Memory: 48128K Free: 26381K (55%)
ptolemy.util.test.WatchDog.cancel(): canceling Mon Sep 14 15:42:35 UTC 2020
auto.tcl: Setting watchdog for 200 seconds at Mon Sep 14 15:42:35 UTC 2020
7 ms. Memory: 48128K Free: 25357K (53%)
ptolemy.util.test.WatchDog.cancel(): canceling Mon Sep 14 15:42:35 UTC 2020
------------------ testing $PTII/ptolemy/domains/de/test/auto/LineFault.xml
auto.tcl: Setting watchdog for 200 seconds at Mon Sep 14 15:42:35 UTC 2020
673 ms. Memory: 58368K Free: 28375K (49%)
ptolemy.util.test.WatchDog.cancel(): canceling Mon Sep 14 15:42:35 UTC 2020
auto.tcl: Setting watchdog for 200 seconds at Mon Sep 14 15:42:35 UTC 2020
557 ms. Memory: 58368K Free: 24246K (42%)
ptolemy.util.test.WatchDog.cancel(): canceling Mon Sep 14 15:42:36 UTC 2020
------------------ testing $PTII/ptolemy/domains/de/test/auto/MergeModel1Add.xml
auto.tcl: Setting watchdog for 200 seconds at Mon Sep 14 15:42:36 UTC 2020
30 ms. Memory: 58368K Free: 22005K (38%)
ptolemy.util.test.WatchDog.cancel(): canceling Mon Sep 14 15:42:36 UTC 2020
auto.tcl: Setting watchdog for 200 seconds at Mon Sep 14 15:42:36 UTC 2020
12 ms. Memory: 58368K Free: 20349K (35%)
ptolemy.util.test.WatchDog.cancel(): canceling Mon Sep 14 15:42:36 UTC 2020
------------------ testing $PTII/ptolemy/domains/de/test/auto/MergeModel2Add.xml
auto.tcl: Setting watchdog for 200 seconds at Mon Sep 14 15:42:36 UTC 2020
9 ms. Memory: 55296K Free: 21851K (40%)
ptolemy.util.test.WatchDog.cancel(): canceling Mon Sep 14 15:42:36 UTC 2020
auto.tcl: Setting watchdog for 200 seconds at Mon Sep 14 15:42:36 UTC 2020
11 ms. Memory: 55296K Free: 20179K (36%)
ptolemy.util.test.WatchDog.cancel(): canceling Mon Sep 14 15:42:36 UTC 2020
------------------ testing $PTII/ptolemy/domains/de/test/auto/MergeModel3Add.xml
auto.tcl: Setting watchdog for 200 seconds at Mon Sep 14 15:42:36 UTC 2020
10 ms. Memory: 55296K Free: 21566K (39%)
ptolemy.util.test.WatchDog.cancel(): canceling Mon Sep 14 15:42:36 UTC 2020
auto.tcl: Setting watchdog for 200 seconds at Mon Sep 14 15:42:36 UTC 2020
9 ms. Memory: 55296K Free: 20191K (37%)
ptolemy.util.test.WatchDog.cancel(): canceling Mon Sep 14 15:42:36 UTC 2020
------------------ testing $PTII/ptolemy/domains/de/test/auto/MergeWithoutDiscard.xml
auto.tcl: Setting watchdog for 200 seconds at Mon Sep 14 15:42:36 UTC 2020
4 ms. Memory: 51200K Free: 32376K (63%)
ptolemy.util.test.WatchDog.cancel(): canceling Mon Sep 14 15:42:36 UTC 2020
auto.tcl: Setting watchdog for 200 seconds at Mon Sep 14 15:42:36 UTC 2020
1 ms. Memory: 51200K Free: 31472K (61%)
ptolemy.util.test.WatchDog.cancel(): canceling Mon Sep 14 15:42:36 UTC 2020
------------------ testing $PTII/ptolemy/domains/de/test/auto/Modal1.xml
auto.tcl: Setting watchdog for 200 seconds at Mon Sep 14 15:42:37 UTC 2020
16 ms. Memory: 51200K Free: 23966K (47%)
ptolemy.util.test.WatchDog.cancel(): canceling Mon Sep 14 15:42:37 UTC 2020
auto.tcl: Setting watchdog for 200 seconds at Mon Sep 14 15:42:37 UTC 2020
22 ms. Memory: 51200K Free: 20503K (40%)
ptolemy.util.test.WatchDog.cancel(): canceling Mon Sep 14 15:42:37 UTC 2020
------------------ testing $PTII/ptolemy/domains/de/test/auto/Modal2.xml
auto.tcl: Setting watchdog for 200 seconds at Mon Sep 14 15:42:37 UTC 2020
22 ms. Memory: 51200K Free: 24102K (47%)
ptolemy.util.test.WatchDog.cancel(): canceling Mon Sep 14 15:42:37 UTC 2020
auto.tcl: Setting watchdog for 200 seconds at Mon Sep 14 15:42:37 UTC 2020
12 ms. Memory: 51200K Free: 20860K (41%)
ptolemy.util.test.WatchDog.cancel(): canceling Mon Sep 14 15:42:37 UTC 2020
------------------ testing $PTII/ptolemy/domains/de/test/auto/Modal3.xml
auto.tcl: Setting watchdog for 200 seconds at Mon Sep 14 15:42:37 UTC 2020
12 ms. Memory: 51200K Free: 23855K (47%)
ptolemy.util.test.WatchDog.cancel(): canceling Mon Sep 14 15:42:37 UTC 2020
auto.tcl: Setting watchdog for 200 seconds at Mon Sep 14 15:42:37 UTC 2020
11 ms. Memory: 51200K Free: 20857K (41%)
ptolemy.util.test.WatchDog.cancel(): canceling Mon Sep 14 15:42:37 UTC 2020
------------------ testing $PTII/ptolemy/domains/de/test/auto/Modal4.xml
auto.tcl: Setting watchdog for 200 seconds at Mon Sep 14 15:42:37 UTC 2020
21 ms. Memory: 51200K Free: 23060K (45%)
ptolemy.util.test.WatchDog.cancel(): canceling Mon Sep 14 15:42:37 UTC 2020
auto.tcl: Setting watchdog for 200 seconds at Mon Sep 14 15:42:37 UTC 2020
15 ms. Memory: 51200K Free: 19226K (38%)
ptolemy.util.test.WatchDog.cancel(): canceling Mon Sep 14 15:42:37 UTC 2020
------------------ testing $PTII/ptolemy/domains/de/test/auto/Modal5.xml
auto.tcl: Setting watchdog for 200 seconds at Mon Sep 14 15:42:37 UTC 2020
12 ms. Memory: 51200K Free: 23062K (45%)
ptolemy.util.test.WatchDog.cancel(): canceling Mon Sep 14 15:42:37 UTC 2020
auto.tcl: Setting watchdog for 200 seconds at Mon Sep 14 15:42:37 UTC 2020
12 ms. Memory: 51200K Free: 19213K (38%)
ptolemy.util.test.WatchDog.cancel(): canceling Mon Sep 14 15:42:37 UTC 2020
------------------ testing $PTII/ptolemy/domains/de/test/auto/Modal6.xml
auto.tcl: Setting watchdog for 200 seconds at Mon Sep 14 15:42:37 UTC 2020
12 ms. Memory: 51200K Free: 23824K (47%)
ptolemy.util.test.WatchDog.cancel(): canceling Mon Sep 14 15:42:37 UTC 2020
auto.tcl: Setting watchdog for 200 seconds at Mon Sep 14 15:42:37 UTC 2020
14 ms. Memory: 51200K Free: 19839K (39%)
ptolemy.util.test.WatchDog.cancel(): canceling Mon Sep 14 15:42:37 UTC 2020
------------------ testing $PTII/ptolemy/domains/de/test/auto/Modal7.xml
auto.tcl: Setting watchdog for 200 seconds at Mon Sep 14 15:42:37 UTC 2020
14 ms. Memory: 51200K Free: 22777K (44%)
ptolemy.util.test.WatchDog.cancel(): canceling Mon Sep 14 15:42:37 UTC 2020
auto.tcl: Setting watchdog for 200 seconds at Mon Sep 14 15:42:37 UTC 2020
12 ms. Memory: 51200K Free: 19213K (38%)
ptolemy.util.test.WatchDog.cancel(): canceling Mon Sep 14 15:42:37 UTC 2020
------------------ testing $PTII/ptolemy/domains/de/test/auto/ModalModel.xml
auto.tcl: Setting watchdog for 200 seconds at Mon Sep 14 15:42:37 UTC 2020
201 ms. Memory: 51200K Free: 14693K (29%)
ptolemy.util.test.WatchDog.cancel(): canceling Mon Sep 14 15:42:38 UTC 2020
auto.tcl: Setting watchdog for 200 seconds at Mon Sep 14 15:42:38 UTC 2020
203 ms. Memory: 62464K Free: 21518K (34%)
ptolemy.util.test.WatchDog.cancel(): canceling Mon Sep 14 15:42:38 UTC 2020
------------------ testing $PTII/ptolemy/domains/de/test/auto/ModalSource.xml
auto.tcl: Setting watchdog for 200 seconds at Mon Sep 14 15:42:38 UTC 2020
9 ms. Memory: 51200K Free: 27887K (54%)
ptolemy.util.test.WatchDog.cancel(): canceling Mon Sep 14 15:42:38 UTC 2020
auto.tcl: Setting watchdog for 200 seconds at Mon Sep 14 15:42:38 UTC 2020
6 ms. Memory: 51200K Free: 25839K (50%)
ptolemy.util.test.WatchDog.cancel(): canceling Mon Sep 14 15:42:38 UTC 2020
------------------ testing $PTII/ptolemy/domains/de/test/auto/NonInterruptibleTimerZeroDelay.xml
auto.tcl: Setting watchdog for 200 seconds at Mon Sep 14 15:42:38 UTC 2020
3 ms. Memory: 51200K Free: 32853K (64%)
ptolemy.util.test.WatchDog.cancel(): canceling Mon Sep 14 15:42:38 UTC 2020
auto.tcl: Setting watchdog for 200 seconds at Mon Sep 14 15:42:38 UTC 2020
2 ms. Memory: 51200K Free: 32161K (63%)
ptolemy.util.test.WatchDog.cancel(): canceling Mon Sep 14 15:42:38 UTC 2020
------------------ testing $PTII/ptolemy/domains/de/test/auto/OpenQueueingNetwork.xml
auto.tcl: Setting watchdog for 200 seconds at Mon Sep 14 15:42:38 UTC 2020
3064 ms. Memory: 89088K Free: 31785K (36%)
ptolemy.util.test.WatchDog.cancel(): canceling Mon Sep 14 15:42:41 UTC 2020
auto.tcl: Setting watchdog for 200 seconds at Mon Sep 14 15:42:41 UTC 2020
2451 ms. Memory: 107520K Free: 72812K (68%)
ptolemy.util.test.WatchDog.cancel(): canceling Mon Sep 14 15:42:44 UTC 2020
------------------ testing $PTII/ptolemy/domains/de/test/auto/OpenQueuingNetwork.xml
auto.tcl: Setting watchdog for 200 seconds at Mon Sep 14 15:42:44 UTC 2020
237 ms. Memory: 55296K Free: 25541K (46%)
ptolemy.util.test.WatchDog.cancel(): canceling Mon Sep 14 15:42:44 UTC 2020
auto.tcl: Setting watchdog for 200 seconds at Mon Sep 14 15:42:44 UTC 2020
224 ms. Memory: 66560K Free: 18077K (27%)
ptolemy.util.test.WatchDog.cancel(): canceling Mon Sep 14 15:42:44 UTC 2020
------------------ testing $PTII/ptolemy/domains/de/test/auto/PeriodicSampler.xml
auto.tcl: Setting watchdog for 200 seconds at Mon Sep 14 15:42:44 UTC 2020
2 ms. Memory: 55296K Free: 36118K (65%)
ptolemy.util.test.WatchDog.cancel(): canceling Mon Sep 14 15:42:44 UTC 2020
auto.tcl: Setting watchdog for 200 seconds at Mon Sep 14 15:42:44 UTC 2020
2 ms. Memory: 55296K Free: 35606K (64%)
ptolemy.util.test.WatchDog.cancel(): canceling Mon Sep 14 15:42:44 UTC 2020
------------------ testing $PTII/ptolemy/domains/de/test/auto/PersistentIO.xml
auto.tcl: Setting watchdog for 200 seconds at Mon Sep 14 15:42:44 UTC 2020
9 ms. Memory: 55296K Free: 31043K (56%)
ptolemy.util.test.WatchDog.cancel(): canceling Mon Sep 14 15:42:44 UTC 2020
auto.tcl: Setting watchdog for 200 seconds at Mon Sep 14 15:42:44 UTC 2020
4 ms. Memory: 55296K Free: 29523K (53%)
ptolemy.util.test.WatchDog.cancel(): canceling Mon Sep 14 15:42:44 UTC 2020
------------------ testing $PTII/ptolemy/domains/de/test/auto/PortParameterResetOnInitialize.xml
auto.tcl: Setting watchdog for 200 seconds at Mon Sep 14 15:42:44 UTC 2020
2 ms. Memory: 55296K Free: 36041K (65%)
ptolemy.util.test.WatchDog.cancel(): canceling Mon Sep 14 15:42:44 UTC 2020
auto.tcl: Setting watchdog for 200 seconds at Mon Sep 14 15:42:44 UTC 2020
1 ms. Memory: 55296K Free: 35531K (64%)
ptolemy.util.test.WatchDog.cancel(): canceling Mon Sep 14 15:42:44 UTC 2020
------------------ testing $PTII/ptolemy/domains/de/test/auto/PortParameterUpdates.xml
auto.tcl: Setting watchdog for 200 seconds at Mon Sep 14 15:42:44 UTC 2020
6 ms. Memory: 55296K Free: 34111K (62%)
ptolemy.util.test.WatchDog.cancel(): canceling Mon Sep 14 15:42:44 UTC 2020
auto.tcl: Setting watchdog for 200 seconds at Mon Sep 14 15:42:44 UTC 2020
5 ms. Memory: 55296K Free: 33086K (60%)
ptolemy.util.test.WatchDog.cancel(): canceling Mon Sep 14 15:42:44 UTC 2020
------------------ testing $PTII/ptolemy/domains/de/test/auto/QueueAndServer.xml
auto.tcl: Setting watchdog for 200 seconds at Mon Sep 14 15:42:44 UTC 2020
17 ms. Memory: 55296K Free: 33065K (60%)
ptolemy.util.test.WatchDog.cancel(): canceling Mon Sep 14 15:42:45 UTC 2020
auto.tcl: Setting watchdog for 200 seconds at Mon Sep 14 15:42:45 UTC 2020
5 ms. Memory: 55296K Free: 31531K (57%)
ptolemy.util.test.WatchDog.cancel(): canceling Mon Sep 14 15:42:45 UTC 2020
------------------ testing $PTII/ptolemy/domains/de/test/auto/Records.xml
auto.tcl: Setting watchdog for 200 seconds at Mon Sep 14 15:42:45 UTC 2020
6 ms. Memory: 51200K Free: 31185K (61%)
ptolemy.util.test.WatchDog.cancel(): canceling Mon Sep 14 15:42:45 UTC 2020
auto.tcl: Setting watchdog for 200 seconds at Mon Sep 14 15:42:45 UTC 2020
2 ms. Memory: 51200K Free: 30692K (60%)
ptolemy.util.test.WatchDog.cancel(): canceling Mon Sep 14 15:42:45 UTC 2020
------------------ testing $PTII/ptolemy/domains/de/test/auto/ResetTransitionWithStartTime1.xml
auto.tcl: Setting watchdog for 200 seconds at Mon Sep 14 15:42:45 UTC 2020
11 ms. Memory: 51200K Free: 28430K (56%)
ptolemy.util.test.WatchDog.cancel(): canceling Mon Sep 14 15:42:45 UTC 2020
auto.tcl: Setting watchdog for 200 seconds at Mon Sep 14 15:42:45 UTC 2020
5 ms. Memory: 51200K Free: 25857K (51%)
ptolemy.util.test.WatchDog.cancel(): canceling Mon Sep 14 15:42:45 UTC 2020
------------------ testing $PTII/ptolemy/domains/de/test/auto/ResetTransitionWithStartTime2.xml
auto.tcl: Setting watchdog for 200 seconds at Mon Sep 14 15:42:45 UTC 2020
5 ms. Memory: 51200K Free: 28386K (55%)
ptolemy.util.test.WatchDog.cancel(): canceling Mon Sep 14 15:42:45 UTC 2020
auto.tcl: Setting watchdog for 200 seconds at Mon Sep 14 15:42:45 UTC 2020
5 ms. Memory: 51200K Free: 25843K (50%)
ptolemy.util.test.WatchDog.cancel(): canceling Mon Sep 14 15:42:45 UTC 2020
------------------ testing $PTII/ptolemy/domains/de/test/auto/ResetTransitionWithStartTime3.xml
auto.tcl: Setting watchdog for 200 seconds at Mon Sep 14 15:42:45 UTC 2020
12 ms. Memory: 51200K Free: 28385K (55%)
ptolemy.util.test.WatchDog.cancel(): canceling Mon Sep 14 15:42:45 UTC 2020
auto.tcl: Setting watchdog for 200 seconds at Mon Sep 14 15:42:45 UTC 2020
5 ms. Memory: 51200K Free: 26305K (51%)
ptolemy.util.test.WatchDog.cancel(): canceling Mon Sep 14 15:42:45 UTC 2020
------------------ testing $PTII/ptolemy/domains/de/test/auto/ResetTransitionWithStartTime4.xml
auto.tcl: Setting watchdog for 200 seconds at Mon Sep 14 15:42:45 UTC 2020
13 ms. Memory: 51200K Free: 28823K (56%)
ptolemy.util.test.WatchDog.cancel(): canceling Mon Sep 14 15:42:45 UTC 2020
auto.tcl: Setting watchdog for 200 seconds at Mon Sep 14 15:42:45 UTC 2020
4 ms. Memory: 51200K Free: 27388K (53%)
ptolemy.util.test.WatchDog.cancel(): canceling Mon Sep 14 15:42:45 UTC 2020
------------------ testing $PTII/ptolemy/domains/de/test/auto/ResettableTimer1.xml
auto.tcl: Setting watchdog for 200 seconds at Mon Sep 14 15:42:45 UTC 2020
3 ms. Memory: 51200K Free: 32562K (64%)
ptolemy.util.test.WatchDog.cancel(): canceling Mon Sep 14 15:42:45 UTC 2020
auto.tcl: Setting watchdog for 200 seconds at Mon Sep 14 15:42:45 UTC 2020
3 ms. Memory: 51200K Free: 31945K (62%)
ptolemy.util.test.WatchDog.cancel(): canceling Mon Sep 14 15:42:45 UTC 2020
------------------ testing $PTII/ptolemy/domains/de/test/auto/ResettableTimer2.xml
auto.tcl: Setting watchdog for 200 seconds at Mon Sep 14 15:42:45 UTC 2020
3 ms. Memory: 51200K Free: 32626K (64%)
ptolemy.util.test.WatchDog.cancel(): canceling Mon Sep 14 15:42:45 UTC 2020
auto.tcl: Setting watchdog for 200 seconds at Mon Sep 14 15:42:45 UTC 2020
3 ms. Memory: 51200K Free: 32002K (63%)
ptolemy.util.test.WatchDog.cancel(): canceling Mon Sep 14 15:42:45 UTC 2020
------------------ testing $PTII/ptolemy/domains/de/test/auto/ResettableTimer3.xml
auto.tcl: Setting watchdog for 200 seconds at Mon Sep 14 15:42:45 UTC 2020
2 ms. Memory: 51200K Free: 33014K (64%)
ptolemy.util.test.WatchDog.cancel(): canceling Mon Sep 14 15:42:45 UTC 2020
auto.tcl: Setting watchdog for 200 seconds at Mon Sep 14 15:42:45 UTC 2020
2 ms. Memory: 51200K Free: 32518K (64%)
ptolemy.util.test.WatchDog.cancel(): canceling Mon Sep 14 15:42:45 UTC 2020
------------------ testing $PTII/ptolemy/domains/de/test/auto/ResettableTimer4.xml
auto.tcl: Setting watchdog for 200 seconds at Mon Sep 14 15:42:45 UTC 2020
2 ms. Memory: 51200K Free: 33011K (64%)
ptolemy.util.test.WatchDog.cancel(): canceling Mon Sep 14 15:42:45 UTC 2020
auto.tcl: Setting watchdog for 200 seconds at Mon Sep 14 15:42:45 UTC 2020
1 ms. Memory: 51200K Free: 32531K (64%)
ptolemy.util.test.WatchDog.cancel(): canceling Mon Sep 14 15:42:45 UTC 2020
------------------ testing $PTII/ptolemy/domains/de/test/auto/ResettableTimer5.xml
auto.tcl: Setting watchdog for 200 seconds at Mon Sep 14 15:42:45 UTC 2020
2 ms. Memory: 51200K Free: 32529K (64%)
ptolemy.util.test.WatchDog.cancel(): canceling Mon Sep 14 15:42:45 UTC 2020
auto.tcl: Setting watchdog for 200 seconds at Mon Sep 14 15:42:45 UTC 2020
2 ms. Memory: 51200K Free: 32034K (63%)
ptolemy.util.test.WatchDog.cancel(): canceling Mon Sep 14 15:42:45 UTC 2020
------------------ testing $PTII/ptolemy/domains/de/test/auto/ResettableTimer6.xml
auto.tcl: Setting watchdog for 200 seconds at Mon Sep 14 15:42:45 UTC 2020
2 ms. Memory: 51200K Free: 32006K (63%)
ptolemy.util.test.WatchDog.cancel(): canceling Mon Sep 14 15:42:45 UTC 2020
auto.tcl: Setting watchdog for 200 seconds at Mon Sep 14 15:42:45 UTC 2020
2 ms. Memory: 51200K Free: 31497K (62%)
ptolemy.util.test.WatchDog.cancel(): canceling Mon Sep 14 15:42:45 UTC 2020
------------------ testing $PTII/ptolemy/domains/de/test/auto/ServerZeroDelay.xml
auto.tcl: Setting watchdog for 200 seconds at Mon Sep 14 15:42:45 UTC 2020
7 ms. Memory: 51200K Free: 32511K (63%)
ptolemy.util.test.WatchDog.cancel(): canceling Mon Sep 14 15:42:45 UTC 2020
auto.tcl: Setting watchdog for 200 seconds at Mon Sep 14 15:42:45 UTC 2020
2 ms. Memory: 51200K Free: 31493K (62%)
ptolemy.util.test.WatchDog.cancel(): canceling Mon Sep 14 15:42:45 UTC 2020
------------------ testing $PTII/ptolemy/domains/de/test/auto/SmartSender.xml
auto.tcl: Setting watchdog for 200 seconds at Mon Sep 14 15:42:45 UTC 2020
3002 ms. Memory: 51200K Free: 32505K (63%)
ptolemy.util.test.WatchDog.cancel(): canceling Mon Sep 14 15:42:48 UTC 2020
auto.tcl: Setting watchdog for 200 seconds at Mon Sep 14 15:42:48 UTC 2020
3002 ms. Memory: 51200K Free: 32010K (63%)
ptolemy.util.test.WatchDog.cancel(): canceling Mon Sep 14 15:42:51 UTC 2020
------------------ testing $PTII/ptolemy/domains/de/test/auto/ThreadedComposite.xml
auto.tcl: Setting watchdog for 200 seconds at Mon Sep 14 15:42:52 UTC 2020
150 ms. Memory: 51200K Free: 14087K (28%)
ptolemy.util.test.WatchDog.cancel(): canceling Mon Sep 14 15:42:52 UTC 2020
auto.tcl: Setting watchdog for 200 seconds at Mon Sep 14 15:42:52 UTC 2020
112 ms. Memory: 51200K Free: 29793K (58%)
ptolemy.util.test.WatchDog.cancel(): canceling Mon Sep 14 15:42:52 UTC 2020
------------------ testing $PTII/ptolemy/domains/de/test/auto/Time.xml
auto.tcl: Setting watchdog for 200 seconds at Mon Sep 14 15:42:52 UTC 2020
421 ms. Memory: 51200K Free: 13253K (26%)
ptolemy.util.test.WatchDog.cancel(): canceling Mon Sep 14 15:42:52 UTC 2020
auto.tcl: Setting watchdog for 200 seconds at Mon Sep 14 15:42:52 UTC 2020
411 ms. Memory: 51200K Free: 22876K (45%)
ptolemy.util.test.WatchDog.cancel(): canceling Mon Sep 14 15:42:53 UTC 2020
------------------ testing $PTII/ptolemy/domains/de/test/auto/TimeDelayZeroDelay.xml
auto.tcl: Setting watchdog for 200 seconds at Mon Sep 14 15:42:53 UTC 2020
4 ms. Memory: 51200K Free: 32928K (64%)
ptolemy.util.test.WatchDog.cancel(): canceling Mon Sep 14 15:42:53 UTC 2020
auto.tcl: Setting watchdog for 200 seconds at Mon Sep 14 15:42:53 UTC 2020
2 ms. Memory: 51200K Free: 32053K (63%)
ptolemy.util.test.WatchDog.cancel(): canceling Mon Sep 14 15:42:53 UTC 2020
------------------ testing $PTII/ptolemy/domains/de/test/auto/TimerZeroDelay.xml
auto.tcl: Setting watchdog for 200 seconds at Mon Sep 14 15:42:53 UTC 2020
2 ms. Memory: 51200K Free: 32853K (64%)
ptolemy.util.test.WatchDog.cancel(): canceling Mon Sep 14 15:42:53 UTC 2020
auto.tcl: Setting watchdog for 200 seconds at Mon Sep 14 15:42:53 UTC 2020
2 ms. Memory: 51200K Free: 32118K (63%)
ptolemy.util.test.WatchDog.cancel(): canceling Mon Sep 14 15:42:53 UTC 2020
------------------ testing $PTII/ptolemy/domains/de/test/auto/TimingParadox.xml
auto.tcl: Setting watchdog for 200 seconds at Mon Sep 14 15:42:53 UTC 2020
297 ms. Memory: 51200K Free: 22676K (44%)
ptolemy.util.test.WatchDog.cancel(): canceling Mon Sep 14 15:42:53 UTC 2020
auto.tcl: Setting watchdog for 200 seconds at Mon Sep 14 15:42:53 UTC 2020
270 ms. Memory: 51200K Free: 16633K (32%)
ptolemy.util.test.WatchDog.cancel(): canceling Mon Sep 14 15:42:54 UTC 2020
------------------ testing $PTII/ptolemy/domains/de/test/auto/TransferInputs.xml
auto.tcl: Setting watchdog for 200 seconds at Mon Sep 14 15:42:54 UTC 2020
1 ms. Memory: 51200K Free: 30950K (60%)
ptolemy.util.test.WatchDog.cancel(): canceling Mon Sep 14 15:42:54 UTC 2020
auto.tcl: Setting watchdog for 200 seconds at Mon Sep 14 15:42:54 UTC 2020
1 ms. Memory: 51200K Free: 30053K (59%)
ptolemy.util.test.WatchDog.cancel(): canceling Mon Sep 14 15:42:54 UTC 2020
------------------ testing $PTII/ptolemy/domains/de/test/auto/TransferOutputs2.xml
auto.tcl: Setting watchdog for 200 seconds at Mon Sep 14 15:42:54 UTC 2020
3 ms. Memory: 51200K Free: 28385K (55%)
ptolemy.util.test.WatchDog.cancel(): canceling Mon Sep 14 15:42:54 UTC 2020
auto.tcl: Setting watchdog for 200 seconds at Mon Sep 14 15:42:54 UTC 2020
3 ms. Memory: 51200K Free: 26976K (53%)
ptolemy.util.test.WatchDog.cancel(): canceling Mon Sep 14 15:42:54 UTC 2020
------------------ testing $PTII/ptolemy/domains/de/test/auto/Trilateration.xml
auto.tcl: Setting watchdog for 200 seconds at Mon Sep 14 15:42:54 UTC 2020
13660 ms. Memory: 550912K Free: 250116K (45%)
ptolemy.util.test.WatchDog.cancel(): canceling Mon Sep 14 15:43:09 UTC 2020
auto.tcl: Setting watchdog for 200 seconds at Mon Sep 14 15:43:09 UTC 2020
11026 ms. Memory: 550912K Free: 205571K (37%)
ptolemy.util.test.WatchDog.cancel(): canceling Mon Sep 14 15:43:20 UTC 2020
------------------ testing $PTII/ptolemy/domains/de/test/auto/TwoSigmaDelta.xml
auto.tcl: Setting watchdog for 200 seconds at Mon Sep 14 15:43:20 UTC 2020
2246 ms. Memory: 89088K Free: 59825K (67%)
ptolemy.util.test.WatchDog.cancel(): canceling Mon Sep 14 15:43:22 UTC 2020
auto.tcl: Setting watchdog for 200 seconds at Mon Sep 14 15:43:22 UTC 2020
1817 ms. Memory: 89088K Free: 49053K (55%)
ptolemy.util.test.WatchDog.cancel(): canceling Mon Sep 14 15:43:24 UTC 2020
------------------ testing $PTII/ptolemy/domains/de/test/auto/VariableDelay.xml
auto.tcl: Setting watchdog for 200 seconds at Mon Sep 14 15:43:24 UTC 2020
3 ms. Memory: 51200K Free: 31437K (61%)
ptolemy.util.test.WatchDog.cancel(): canceling Mon Sep 14 15:43:24 UTC 2020
auto.tcl: Setting watchdog for 200 seconds at Mon Sep 14 15:43:24 UTC 2020
2 ms. Memory: 51200K Free: 30427K (59%)
ptolemy.util.test.WatchDog.cancel(): canceling Mon Sep 14 15:43:24 UTC 2020
------------------ testing $PTII/ptolemy/domains/de/test/auto/VariableDelay2.xml
auto.tcl: Setting watchdog for 200 seconds at Mon Sep 14 15:43:24 UTC 2020
3 ms. Memory: 51200K Free: 32364K (63%)
ptolemy.util.test.WatchDog.cancel(): canceling Mon Sep 14 15:43:24 UTC 2020
auto.tcl: Setting watchdog for 200 seconds at Mon Sep 14 15:43:24 UTC 2020
2 ms. Memory: 51200K Free: 31340K (61%)
ptolemy.util.test.WatchDog.cancel(): canceling Mon Sep 14 15:43:24 UTC 2020
------------------ testing $PTII/ptolemy/domains/de/test/auto/VariableDelayZeroDelay.xml
auto.tcl: Setting watchdog for 200 seconds at Mon Sep 14 15:43:24 UTC 2020
3 ms. Memory: 51200K Free: 32362K (63%)
ptolemy.util.test.WatchDog.cancel(): canceling Mon Sep 14 15:43:24 UTC 2020
auto.tcl: Setting watchdog for 200 seconds at Mon Sep 14 15:43:24 UTC 2020
2 ms. Memory: 51200K Free: 31834K (62%)
ptolemy.util.test.WatchDog.cancel(): canceling Mon Sep 14 15:43:24 UTC 2020
------------------ testing $PTII/ptolemy/domains/de/test/auto/VariableDelayZeroDelay2.xml
auto.tcl: Setting watchdog for 200 seconds at Mon Sep 14 15:43:24 UTC 2020
2 ms. Memory: 51200K Free: 32361K (63%)
ptolemy.util.test.WatchDog.cancel(): canceling Mon Sep 14 15:43:24 UTC 2020
auto.tcl: Setting watchdog for 200 seconds at Mon Sep 14 15:43:24 UTC 2020
2 ms. Memory: 51200K Free: 31337K (61%)
ptolemy.util.test.WatchDog.cancel(): canceling Mon Sep 14 15:43:24 UTC 2020
------------------ testing $PTII/ptolemy/domains/de/test/auto/deInCt.xml
auto.tcl: Setting watchdog for 200 seconds at Mon Sep 14 15:43:24 UTC 2020
0
1
1
1
1
1
0
0
0
0
1
1
1
1
0
0
0
0
0
0
1
1
1
0
0
1
1
1
0
0
0
0
11 ms. Memory: 51200K Free: 31335K (61%)
ptolemy.util.test.WatchDog.cancel(): canceling Mon Sep 14 15:43:24 UTC 2020
auto.tcl: Setting watchdog for 200 seconds at Mon Sep 14 15:43:24 UTC 2020
0
1
1
1
0
0
0
1
1
1
0
0
0
1
1
1
1
1
1
1
0
0
0
0
1
1
0
0
0
1
1
1
1
0
0
0
0
10 ms. Memory: 51200K Free: 29797K (58%)
ptolemy.util.test.WatchDog.cancel(): canceling Mon Sep 14 15:43:24 UTC 2020
------------------ testing $PTII/ptolemy/domains/de/test/auto/deInCt2.xml
auto.tcl: Setting watchdog for 200 seconds at Mon Sep 14 15:43:24 UTC 2020
0
1
1
1
0
0
1
1
1
0
0
1
1
1
0
0
1
1
1
0
0
1
1
1
0
0
1
1
1
0
0
1
1
1
0
0
1
1
1
0
0
0
10 ms. Memory: 51200K Free: 31337K (61%)
ptolemy.util.test.WatchDog.cancel(): canceling Mon Sep 14 15:43:24 UTC 2020
auto.tcl: Setting watchdog for 200 seconds at Mon Sep 14 15:43:24 UTC 2020
0
1
1
1
0
0
1
1
1
0
0
1
1
1
0
0
1
1
1
0
0
1
1
1
0
0
1
1
1
0
0
1
1
1
0
0
1
1
1
0
0
0
7 ms. Memory: 51200K Free: 29785K (58%)
ptolemy.util.test.WatchDog.cancel(): canceling Mon Sep 14 15:43:24 UTC 2020
------------------ testing $PTII/ptolemy/domains/de/test/auto/dynamicCausalityInterface1.xml
auto.tcl: Setting watchdog for 200 seconds at Mon Sep 14 15:43:24 UTC 2020
1 ms. Memory: 51200K Free: 27236K (53%)
ptolemy.util.test.WatchDog.cancel(): canceling Mon Sep 14 15:43:24 UTC 2020
auto.tcl: Setting watchdog for 200 seconds at Mon Sep 14 15:43:24 UTC 2020
1 ms. Memory: 51200K Free: 26722K (52%)
ptolemy.util.test.WatchDog.cancel(): canceling Mon Sep 14 15:43:24 UTC 2020
------------------ testing $PTII/ptolemy/domains/de/test/auto/fsm_de_test.xml
auto.tcl: Setting watchdog for 200 seconds at Mon Sep 14 15:43:24 UTC 2020
18 ms. Memory: 51200K Free: 27134K (53%)
ptolemy.util.test.WatchDog.cancel(): canceling Mon Sep 14 15:43:24 UTC 2020
auto.tcl: Setting watchdog for 200 seconds at Mon Sep 14 15:43:24 UTC 2020
7 ms. Memory: 51200K Free: 25086K (49%)
ptolemy.util.test.WatchDog.cancel(): canceling Mon Sep 14 15:43:24 UTC 2020
------------------ testing $PTII/ptolemy/domains/de/test/auto/functionDependencyReconstruction.xml
auto.tcl: Setting watchdog for 200 seconds at Mon Sep 14 15:43:25 UTC 2020
7 ms. Memory: 51200K Free: 20980K (41%)
ptolemy.util.test.WatchDog.cancel(): canceling Mon Sep 14 15:43:25 UTC 2020
auto.tcl: Setting watchdog for 200 seconds at Mon Sep 14 15:43:25 UTC 2020
4 ms. Memory: 51200K Free: 18932K (37%)
ptolemy.util.test.WatchDog.cancel(): canceling Mon Sep 14 15:43:25 UTC 2020
------------------ testing $PTII/ptolemy/domains/de/test/auto/multirate.xml
auto.tcl: Setting watchdog for 200 seconds at Mon Sep 14 15:43:25 UTC 2020
4 ms. Memory: 51200K Free: 29775K (58%)
ptolemy.util.test.WatchDog.cancel(): canceling Mon Sep 14 15:43:25 UTC 2020
auto.tcl: Setting watchdog for 200 seconds at Mon Sep 14 15:43:25 UTC 2020
3 ms. Memory: 51200K Free: 28030K (55%)
ptolemy.util.test.WatchDog.cancel(): canceling Mon Sep 14 15:43:25 UTC 2020
------------------ testing $PTII/ptolemy/domains/de/test/auto/multirate2.xml
auto.tcl: Setting watchdog for 200 seconds at Mon Sep 14 15:43:25 UTC 2020
3 ms. Memory: 51200K Free: 29930K (58%)
ptolemy.util.test.WatchDog.cancel(): canceling Mon Sep 14 15:43:25 UTC 2020
auto.tcl: Setting watchdog for 200 seconds at Mon Sep 14 15:43:25 UTC 2020
3 ms. Memory: 51200K Free: 28691K (56%)
ptolemy.util.test.WatchDog.cancel(): canceling Mon Sep 14 15:43:25 UTC 2020
------------------ testing $PTII/ptolemy/domains/de/test/auto/realtime.xml
auto.tcl: Setting watchdog for 200 seconds at Mon Sep 14 15:43:25 UTC 2020
10002 ms. Memory: 51200K Free: 32016K (63%)
ptolemy.util.test.WatchDog.cancel(): canceling Mon Sep 14 15:43:35 UTC 2020
auto.tcl: Setting watchdog for 200 seconds at Mon Sep 14 15:43:35 UTC 2020
10001 ms. Memory: 51200K Free: 31281K (61%)
ptolemy.util.test.WatchDog.cancel(): canceling Mon Sep 14 15:43:45 UTC 2020
------------------ testing $PTII/ptolemy/domains/de/test/auto/relationGroup.xml
auto.tcl: Setting watchdog for 200 seconds at Mon Sep 14 15:43:45 UTC 2020
2 ms. Memory: 51200K Free: 33098K (65%)
ptolemy.util.test.WatchDog.cancel(): canceling Mon Sep 14 15:43:45 UTC 2020
auto.tcl: Setting watchdog for 200 seconds at Mon Sep 14 15:43:45 UTC 2020
1 ms. Memory: 51200K Free: 32362K (63%)
ptolemy.util.test.WatchDog.cancel(): canceling Mon Sep 14 15:43:45 UTC 2020
------------------ testing $PTII/ptolemy/domains/de/test/auto/relationGroup2.xml
auto.tcl: Setting watchdog for 200 seconds at Mon Sep 14 15:43:45 UTC 2020
1 ms. Memory: 51200K Free: 33124K (65%)
ptolemy.util.test.WatchDog.cancel(): canceling Mon Sep 14 15:43:45 UTC 2020
auto.tcl: Setting watchdog for 200 seconds at Mon Sep 14 15:43:45 UTC 2020
1 ms. Memory: 51200K Free: 32388K (63%)
ptolemy.util.test.WatchDog.cancel(): canceling Mon Sep 14 15:43:45 UTC 2020
------------------ testing $PTII/ptolemy/domains/de/test/auto/sortWithOpaquePorts.xml
auto.tcl: Setting watchdog for 200 seconds at Mon Sep 14 15:43:45 UTC 2020
1 ms. Memory: 51200K Free: 31861K (62%)
ptolemy.util.test.WatchDog.cancel(): canceling Mon Sep 14 15:43:45 UTC 2020
auto.tcl: Setting watchdog for 200 seconds at Mon Sep 14 15:43:45 UTC 2020
2 ms. Memory: 51200K Free: 30851K (60%)
ptolemy.util.test.WatchDog.cancel(): canceling Mon Sep 14 15:43:45 UTC 2020
------------------ testing $PTII/ptolemy/domains/de/test/auto/transferInputsandOutputs.xml
auto.tcl: Setting watchdog for 200 seconds at Mon Sep 14 15:43:45 UTC 2020
2 ms. Memory: 51200K Free: 29305K (57%)
ptolemy.util.test.WatchDog.cancel(): canceling Mon Sep 14 15:43:45 UTC 2020
auto.tcl: Setting watchdog for 200 seconds at Mon Sep 14 15:43:45 UTC 2020
2 ms. Memory: 51200K Free: 28281K (55%)
ptolemy.util.test.WatchDog.cancel(): canceling Mon Sep 14 15:43:45 UTC 2020
------------------ testing $PTII/ptolemy/domains/de/test/auto/triggerType.xml
auto.tcl: Setting watchdog for 200 seconds at Mon Sep 14 15:43:45 UTC 2020
2 ms. Memory: 51200K Free: 32329K (63%)
ptolemy.util.test.WatchDog.cancel(): canceling Mon Sep 14 15:43:45 UTC 2020
auto.tcl: Setting watchdog for 200 seconds at Mon Sep 14 15:43:45 UTC 2020
2 ms. Memory: 51200K Free: 31305K (61%)
ptolemy.util.test.WatchDog.cancel(): canceling Mon Sep 14 15:43:45 UTC 2020
09/14/20 03:43:45
Failed: 0  Total Tests: 192  ((Passed: 187, Newly Passed: 1)  Known Failed: 5) /home/travis/build/icyphy/ptII/ptolemy/domains/de/test
09/14/20 03:43:45
Failed: 0  Total Tests: 192  ((Passed: 187, Newly Passed: 1)  Known Failed: 5) /home/travis/build/icyphy/ptII/ptolemy/domains/de/test
----------------- testing (KnownFailure) /home/travis/build/icyphy/ptII/ptolemy/domains/de/test/auto/knownFailedTests/DESDFClockTest.xml
2017 ms. Memory: 51200K Free: 25215K (49%)
Known Failure: java.lang.reflect.InvocationTargetException
----------------- testing (KnownFailure) /home/travis/build/icyphy/ptII/ptolemy/domains/de/test/auto/knownFailedTests/DirectFeedback.xml
2 ms. Memory: 51200K Free: 21629K (42%)
Known Failure: java.lang.reflect.InvocationTargetException
----------------- testing (KnownFailure) /home/travis/build/icyphy/ptII/ptolemy/domains/de/test/auto/knownFailedTests/FSMSource.xml
18 ms. Memory: 51200K Free: 13951K (27%)
----------------- testing (KnownFailure) /home/travis/build/icyphy/ptII/ptolemy/domains/de/test/auto/knownFailedTests/HierarchicalModel.xml
2 ms. Memory: 51200K Free: 26143K (51%)
Known Failure: java.lang.reflect.InvocationTargetException
----------------- testing (KnownFailure) /home/travis/build/icyphy/ptII/ptolemy/domains/de/test/auto/knownFailedTests/dependencyLoop.xml
3 ms. Memory: 51200K Free: 10847K (21%)
Known Failure: java.lang.reflect.InvocationTargetException
----------------- testing (KnownFailure) /home/travis/build/icyphy/ptII/ptolemy/domains/de/test/auto/knownFailedTests/dependencyLoop2.xml
5 ms. Memory: 51200K Free: 23757K (46%)
Known Failure: java.lang.reflect.InvocationTargetException
No auto/linux-amd64/*.xml tests in /home/travis/build/icyphy/ptII/ptolemy/domains/de/test
AutoTests.java: About to close Vertx.
AutoTests.java: Vertx closed.

===========================================================================================
----------------- testing Mon Sep 14 15:43:47 UTC 2020 /home/travis/build/icyphy/ptII/ptolemy/domains/de/test/auto/ActorDepthCalculation_actorWithoutPorts.xml
----------------- Instantiating /home/travis/build/icyphy/ptII/ptolemy/domains/de/test/auto/ActorDepthCalculation_actorWithoutPorts.xml
2 ms. Memory: 51200K Free: 16953K (33%)
----------------- Invoking toplevel() on ptolemy.moml.MoMLSimpleApplication@7cef3b2d
----------------- Done invoking toplevel() on ptolemy.moml.MoMLSimpleApplication@7cef3b2d
reloadAllAccessors: .ActorDepthCalculation_actorWithoutPorts

===========================================================================================
----------------- testing Mon Sep 14 15:43:48 UTC 2020 /home/travis/build/icyphy/ptII/ptolemy/domains/de/test/auto/AssemblyLine.xml
----------------- Instantiating /home/travis/build/icyphy/ptII/ptolemy/domains/de/test/auto/AssemblyLine.xml
5 ms. Memory: 51200K Free: 9769K (19%)
----------------- Invoking toplevel() on ptolemy.moml.MoMLSimpleApplication@61c756ac
----------------- Done invoking toplevel() on ptolemy.moml.MoMLSimpleApplication@61c756ac
reloadAllAccessors: .AssemblyLine

===========================================================================================
----------------- testing Mon Sep 14 15:43:48 UTC 2020 /home/travis/build/icyphy/ptII/ptolemy/domains/de/test/auto/CQBug1.xml
----------------- Instantiating /home/travis/build/icyphy/ptII/ptolemy/domains/de/test/auto/CQBug1.xml
1 ms. Memory: 51200K Free: 34383K (67%)
----------------- Invoking toplevel() on ptolemy.moml.MoMLSimpleApplication@215df883
----------------- Done invoking toplevel() on ptolemy.moml.MoMLSimpleApplication@215df883
reloadAllAccessors: .CQBug1

===========================================================================================
----------------- testing Mon Sep 14 15:43:48 UTC 2020 /home/travis/build/icyphy/ptII/ptolemy/domains/de/test/auto/CancelFireAt.xml
----------------- Instantiating /home/travis/build/icyphy/ptII/ptolemy/domains/de/test/auto/CancelFireAt.xml
3 ms. Memory: 51200K Free: 32069K (63%)
----------------- Invoking toplevel() on ptolemy.moml.MoMLSimpleApplication@7cc3789c
----------------- Done invoking toplevel() on ptolemy.moml.MoMLSimpleApplication@7cc3789c
reloadAllAccessors: .CancelFireAt

===========================================================================================
----------------- testing Mon Sep 14 15:43:48 UTC 2020 /home/travis/build/icyphy/ptII/ptolemy/domains/de/test/auto/CausalityAndComposabilityAnalysis.xml
----------------- Instantiating /home/travis/build/icyphy/ptII/ptolemy/domains/de/test/auto/CausalityAndComposabilityAnalysis.xml
11 ms. Memory: 51200K Free: 27695K (54%)
----------------- Invoking toplevel() on ptolemy.moml.MoMLSimpleApplication@28cacdb3
----------------- Done invoking toplevel() on ptolemy.moml.MoMLSimpleApplication@28cacdb3
reloadAllAccessors: .CausalityAndComposabilityAnalysis

===========================================================================================
----------------- testing Mon Sep 14 15:43:48 UTC 2020 /home/travis/build/icyphy/ptII/ptolemy/domains/de/test/auto/CausalityInterface1.xml
----------------- Instantiating /home/travis/build/icyphy/ptII/ptolemy/domains/de/test/auto/CausalityInterface1.xml
7 ms. Memory: 51200K Free: 22575K (44%)
----------------- Invoking toplevel() on ptolemy.moml.MoMLSimpleApplication@2459b1d9
----------------- Done invoking toplevel() on ptolemy.moml.MoMLSimpleApplication@2459b1d9
reloadAllAccessors: .CausalityInterface1

===========================================================================================
----------------- testing Mon Sep 14 15:43:48 UTC 2020 /home/travis/build/icyphy/ptII/ptolemy/domains/de/test/auto/CausalityInterface15.xml
----------------- Instantiating /home/travis/build/icyphy/ptII/ptolemy/domains/de/test/auto/CausalityInterface15.xml
2 ms. Memory: 51200K Free: 17164K (34%)
----------------- Invoking toplevel() on ptolemy.moml.MoMLSimpleApplication@10f7a7e5
----------------- Done invoking toplevel() on ptolemy.moml.MoMLSimpleApplication@10f7a7e5
reloadAllAccessors: .CausalityInterface15

===========================================================================================
----------------- testing Mon Sep 14 15:43:48 UTC 2020 /home/travis/build/icyphy/ptII/ptolemy/domains/de/test/auto/CausalityInterface2.xml
----------------- Instantiating /home/travis/build/icyphy/ptII/ptolemy/domains/de/test/auto/CausalityInterface2.xml
2 ms. Memory: 51200K Free: 12613K (25%)
[...]
	at ptolemy.actor.Manager.run(Manager.java:1263)
	at ptolemy.actor.Manager$PtolemyRunThread.run(Manager.java:1933)
java.lang.RuntimeException: Execution failed
	at ptolemy.moml.MoMLSimpleApplication$UnloadThread.run(MoMLSimpleApplication.java:402)
Caused by: ptolemy.kernel.util.IllegalActionException: Actor is not ready to fire.  Perhaps UpSample.prefire() returned false? Try debugging the actor by selecting "Listen to Actor".  Also, for SDF check moml for tokenConsumptionRate on input.
  in .DESDFClockTest.Play Bell.Copy1:SDF Director and .DESDFClockTest.Play Bell.UpSample
	at ptolemy.actor.sched.StaticSchedulingDirector.fire(StaticSchedulingDirector.java:227)
	at ptolemy.domains.sdf.kernel.SDFDirector.fire(SDFDirector.java:500)
	at ptolemy.actor.CompositeActor.fire(CompositeActor.java:455)
	at ptolemy.domains.de.kernel.DEDirector._fire(DEDirector.java:1949)
	at ptolemy.domains.de.kernel.DEDirector.fire(DEDirector.java:502)
	at ptolemy.actor.CompositeActor.fire(CompositeActor.java:455)
	at ptolemy.actor.Manager.iterate(Manager.java:851)
	at ptolemy.actor.Manager.execute(Manager.java:369)
	at ptolemy.actor.Manager.run(Manager.java:1263)
	at ptolemy.actor.Manager$PtolemyRunThread.run(Manager.java:1933)
java.lang.reflect.InvocationTargetException
	at java.base/jdk.internal.reflect.NativeConstructorAccessorImpl.newInstance0(Native Method)
	at java.base/jdk.internal.reflect.NativeConstructorAccessorImpl.newInstance(NativeConstructorAccessorImpl.java:62)
	at java.base/jdk.internal.reflect.DelegatingConstructorAccessorImpl.newInstance(DelegatingConstructorAccessorImpl.java:45)
	at java.base/java.lang.reflect.Constructor.newInstance(Constructor.java:490)
	at ptolemy.util.test.junit.AutoKnownFailedTests.RunModel(AutoKnownFailedTests.java:105)
	at java.base/jdk.internal.reflect.NativeMethodAccessorImpl.invoke0(Native Method)
	at java.base/jdk.internal.reflect.NativeMethodAccessorImpl.invoke(NativeMethodAccessorImpl.java:62)
	at java.base/jdk.internal.reflect.DelegatingMethodAccessorImpl.invoke(DelegatingMethodAccessorImpl.java:43)
	at java.base/java.lang.reflect.Method.invoke(Method.java:566)
	at org.junit.runners.model.FrameworkMethod$1.runReflectiveCall(FrameworkMethod.java:44)
	at org.junit.internal.runners.model.ReflectiveCallable.run(ReflectiveCallable.java:15)
	at org.junit.runners.model.FrameworkMethod.invokeExplosively(FrameworkMethod.java:41)
	at junitparams.internal.InvokeParameterisedMethod.evaluate(InvokeParameterisedMethod.java:102)
	at org.junit.internal.runners.statements.FailOnTimeout$1.run(FailOnTimeout.java:28)
Caused by: ptolemy.kernel.util.IllegalActionException: Actor is not ready to fire.  Perhaps UpSample.prefire() returned false? Try debugging the actor by selecting "Listen to Actor".  Also, for SDF check moml for tokenConsumptionRate on input.
  in .DESDFClockTest.Play Bell.Copy1:SDF Director and .DESDFClockTest.Play Bell.UpSample
	at ptolemy.actor.sched.StaticSchedulingDirector.fire(StaticSchedulingDirector.java:227)
	at ptolemy.domains.sdf.kernel.SDFDirector.fire(SDFDirector.java:500)
	at ptolemy.actor.CompositeActor.fire(CompositeActor.java:455)
	at ptolemy.domains.de.kernel.DEDirector._fire(DEDirector.java:1949)
	at ptolemy.domains.de.kernel.DEDirector.fire(DEDirector.java:502)
	at ptolemy.actor.CompositeActor.fire(CompositeActor.java:455)
	at ptolemy.actor.Manager.iterate(Manager.java:851)
	at ptolemy.actor.Manager.execute(Manager.java:369)
	at ptolemy.actor.Manager.run(Manager.java:1263)
	at ptolemy.actor.Manager$PtolemyRunThread.run(Manager.java:1933)
java.lang.RuntimeException: Execution failed
	at ptolemy.moml.MoMLSimpleApplication$UnloadThread.run(MoMLSimpleApplication.java:402)
Caused by: ptolemy.kernel.util.IllegalActionException: Test fails in iteration 1.
Value was: 1.0. Should have been: 2.0
  in .DirectFeedback.Test
	at ptolemy.actor.lib.Test.fire(Test.java:268)
	at ptolemy.domains.de.kernel.DEDirector._fire(DEDirector.java:1949)
	at ptolemy.domains.de.kernel.DEDirector.fire(DEDirector.java:502)
	at ptolemy.actor.CompositeActor.fire(CompositeActor.java:455)
	at ptolemy.actor.Manager.iterate(Manager.java:851)
	at ptolemy.actor.Manager.execute(Manager.java:369)
	at ptolemy.actor.Manager.run(Manager.java:1263)
	at ptolemy.actor.Manager$PtolemyRunThread.run(Manager.java:1933)
java.lang.reflect.InvocationTargetException
	at java.base/jdk.internal.reflect.NativeConstructorAccessorImpl.newInstance0(Native Method)
	at java.base/jdk.internal.reflect.NativeConstructorAccessorImpl.newInstance(NativeConstructorAccessorImpl.java:62)
	at java.base/jdk.internal.reflect.DelegatingConstructorAccessorImpl.newInstance(DelegatingConstructorAccessorImpl.java:45)
	at java.base/java.lang.reflect.Constructor.newInstance(Constructor.java:490)
	at ptolemy.util.test.junit.AutoKnownFailedTests.RunModel(AutoKnownFailedTests.java:105)
	at java.base/jdk.internal.reflect.NativeMethodAccessorImpl.invoke0(Native Method)
	at java.base/jdk.internal.reflect.NativeMethodAccessorImpl.invoke(NativeMethodAccessorImpl.java:62)
	at java.base/jdk.internal.reflect.DelegatingMethodAccessorImpl.invoke(DelegatingMethodAccessorImpl.java:43)
	at java.base/java.lang.reflect.Method.invoke(Method.java:566)
	at org.junit.runners.model.FrameworkMethod$1.runReflectiveCall(FrameworkMethod.java:44)
	at org.junit.internal.runners.model.ReflectiveCallable.run(ReflectiveCallable.java:15)
	at org.junit.runners.model.FrameworkMethod.invokeExplosively(FrameworkMethod.java:41)
	at junitparams.internal.InvokeParameterisedMethod.evaluate(InvokeParameterisedMethod.java:102)
	at org.junit.internal.runners.statements.FailOnTimeout$1.run(FailOnTimeout.java:28)
Caused by: ptolemy.kernel.util.IllegalActionException: Test fails in iteration 1.
Value was: 1.0. Should have been: 2.0
  in .DirectFeedback.Test
	at ptolemy.actor.lib.Test.fire(Test.java:268)
	at ptolemy.domains.de.kernel.DEDirector._fire(DEDirector.java:1949)
	at ptolemy.domains.de.kernel.DEDirector.fire(DEDirector.java:502)
	at ptolemy.actor.CompositeActor.fire(CompositeActor.java:455)
	at ptolemy.actor.Manager.iterate(Manager.java:851)
	at ptolemy.actor.Manager.execute(Manager.java:369)
	at ptolemy.actor.Manager.run(Manager.java:1263)
	at ptolemy.actor.Manager$PtolemyRunThread.run(Manager.java:1933)
java.lang.RuntimeException: Execution failed
	at ptolemy.moml.MoMLSimpleApplication$UnloadThread.run(MoMLSimpleApplication.java:402)
Caused by: ptolemy.kernel.util.IllegalActionException: Found a zero delay loop containing .HierarchicalModel.A
  in .HierarchicalModel and .HierarchicalModel.A
	at ptolemy.actor.util.CausalityInterfaceForComposites._computeOutputPortDepth(CausalityInterfaceForComposites.java:759)
	at ptolemy.actor.util.CausalityInterfaceForComposites._computeInputDepth(CausalityInterfaceForComposites.java:696)
	at ptolemy.actor.util.CausalityInterfaceForComposites._computeOutputPortDepth(CausalityInterfaceForComposites.java:765)
	at ptolemy.actor.util.CausalityInterfaceForComposites._computeInputDepth(CausalityInterfaceForComposites.java:696)
	at ptolemy.actor.util.CausalityInterfaceForComposites._computeOutputPortDepth(CausalityInterfaceForComposites.java:765)
	at ptolemy.actor.util.CausalityInterfaceForComposites._computeInputDepth(CausalityInterfaceForComposites.java:696)
	at ptolemy.actor.util.CausalityInterfaceForComposites._computeActorDepth(CausalityInterfaceForComposites.java:532)
	at ptolemy.actor.util.CausalityInterfaceForComposites.checkForCycles(CausalityInterfaceForComposites.java:96)
	at ptolemy.domains.de.kernel.DEDirector.preinitialize(DEDirector.java:1338)
	at ptolemy.actor.CompositeActor.preinitialize(CompositeActor.java:1828)
	at ptolemy.actor.Manager.preinitializeAndResolveTypes(Manager.java:1040)
	at ptolemy.actor.Manager.initialize(Manager.java:710)
	at ptolemy.actor.Manager.execute(Manager.java:356)
	at ptolemy.actor.Manager.run(Manager.java:1263)
	at ptolemy.actor.Manager$PtolemyRunThread.run(Manager.java:1933)
java.lang.reflect.InvocationTargetException
	at java.base/jdk.internal.reflect.NativeConstructorAccessorImpl.newInstance0(Native Method)
	at java.base/jdk.internal.reflect.NativeConstructorAccessorImpl.newInstance(NativeConstructorAccessorImpl.java:62)
	at java.base/jdk.internal.reflect.DelegatingConstructorAccessorImpl.newInstance(DelegatingConstructorAccessorImpl.java:45)
	at java.base/java.lang.reflect.Constructor.newInstance(Constructor.java:490)
	at ptolemy.util.test.junit.AutoKnownFailedTests.RunModel(AutoKnownFailedTests.java:105)
	at java.base/jdk.internal.reflect.NativeMethodAccessorImpl.invoke0(Native Method)
	at java.base/jdk.internal.reflect.NativeMethodAccessorImpl.invoke(NativeMethodAccessorImpl.java:62)
	at java.base/jdk.internal.reflect.DelegatingMethodAccessorImpl.invoke(DelegatingMethodAccessorImpl.java:43)
	at java.base/java.lang.reflect.Method.invoke(Method.java:566)
	at org.junit.runners.model.FrameworkMethod$1.runReflectiveCall(FrameworkMethod.java:44)
	at org.junit.internal.runners.model.ReflectiveCallable.run(ReflectiveCallable.java:15)
	at org.junit.runners.model.FrameworkMethod.invokeExplosively(FrameworkMethod.java:41)
	at junitparams.internal.InvokeParameterisedMethod.evaluate(InvokeParameterisedMethod.java:102)
	at org.junit.internal.runners.statements.FailOnTimeout$1.run(FailOnTimeout.java:28)
Caused by: ptolemy.kernel.util.IllegalActionException: Found a zero delay loop containing .HierarchicalModel.A
  in .HierarchicalModel and .HierarchicalModel.A
	at ptolemy.actor.util.CausalityInterfaceForComposites._computeOutputPortDepth(CausalityInterfaceForComposites.java:759)
	at ptolemy.actor.util.CausalityInterfaceForComposites._computeInputDepth(CausalityInterfaceForComposites.java:696)
	at ptolemy.actor.util.CausalityInterfaceForComposites._computeOutputPortDepth(CausalityInterfaceForComposites.java:765)
	at ptolemy.actor.util.CausalityInterfaceForComposites._computeInputDepth(CausalityInterfaceForComposites.java:696)
	at ptolemy.actor.util.CausalityInterfaceForComposites._computeOutputPortDepth(CausalityInterfaceForComposites.java:765)
	at ptolemy.actor.util.CausalityInterfaceForComposites._computeInputDepth(CausalityInterfaceForComposites.java:696)
	at ptolemy.actor.util.CausalityInterfaceForComposites._computeActorDepth(CausalityInterfaceForComposites.java:532)
	at ptolemy.actor.util.CausalityInterfaceForComposites.checkForCycles(CausalityInterfaceForComposites.java:96)
	at ptolemy.domains.de.kernel.DEDirector.preinitialize(DEDirector.java:1338)
	at ptolemy.actor.CompositeActor.preinitialize(CompositeActor.java:1828)
	at ptolemy.actor.Manager.preinitializeAndResolveTypes(Manager.java:1040)
	at ptolemy.actor.Manager.initialize(Manager.java:710)
	at ptolemy.actor.Manager.execute(Manager.java:356)
	at ptolemy.actor.Manager.run(Manager.java:1263)
	at ptolemy.actor.Manager$PtolemyRunThread.run(Manager.java:1933)
java.lang.RuntimeException: Execution failed
	at ptolemy.moml.MoMLSimpleApplication$UnloadThread.run(MoMLSimpleApplication.java:402)
Caused by: ptolemy.kernel.util.IllegalActionException: Found a zero delay loop containing .dependencyLoop.original
  in .dependencyLoop and .dependencyLoop.original
	at ptolemy.actor.util.CausalityInterfaceForComposites._computeOutputPortDepth(CausalityInterfaceForComposites.java:759)
	at ptolemy.actor.util.CausalityInterfaceForComposites._computeInputDepth(CausalityInterfaceForComposites.java:696)
	at ptolemy.actor.util.CausalityInterfaceForComposites._computeOutputPortDepth(CausalityInterfaceForComposites.java:765)
	at ptolemy.actor.util.CausalityInterfaceForComposites._computeInputDepth(CausalityInterfaceForComposites.java:696)
	at ptolemy.actor.util.CausalityInterfaceForComposites._computeOutputPortDepth(CausalityInterfaceForComposites.java:765)
	at ptolemy.actor.util.CausalityInterfaceForComposites._computeInputDepth(CausalityInterfaceForComposites.java:696)
	at ptolemy.actor.util.CausalityInterfaceForComposites._computeActorDepth(CausalityInterfaceForComposites.java:532)
	at ptolemy.actor.util.CausalityInterfaceForComposites.checkForCycles(CausalityInterfaceForComposites.java:96)
	at ptolemy.domains.de.kernel.DEDirector.preinitialize(DEDirector.java:1338)
	at ptolemy.actor.CompositeActor.preinitialize(CompositeActor.java:1828)
	at ptolemy.actor.Manager.preinitializeAndResolveTypes(Manager.java:1040)
	at ptolemy.actor.Manager.initialize(Manager.java:710)
	at ptolemy.actor.Manager.execute(Manager.java:356)
	at ptolemy.actor.Manager.run(Manager.java:1263)
	at ptolemy.actor.Manager$PtolemyRunThread.run(Manager.java:1933)
java.lang.reflect.InvocationTargetException
	at java.base/jdk.internal.reflect.NativeConstructorAccessorImpl.newInstance0(Native Method)
	at java.base/jdk.internal.reflect.NativeConstructorAccessorImpl.newInstance(NativeConstructorAccessorImpl.java:62)
	at java.base/jdk.internal.reflect.DelegatingConstructorAccessorImpl.newInstance(DelegatingConstructorAccessorImpl.java:45)
	at java.base/java.lang.reflect.Constructor.newInstance(Constructor.java:490)
	at ptolemy.util.test.junit.AutoKnownFailedTests.RunModel(AutoKnownFailedTests.java:105)
	at java.base/jdk.internal.reflect.NativeMethodAccessorImpl.invoke0(Native Method)
	at java.base/jdk.internal.reflect.NativeMethodAccessorImpl.invoke(NativeMethodAccessorImpl.java:62)
	at java.base/jdk.internal.reflect.DelegatingMethodAccessorImpl.invoke(DelegatingMethodAccessorImpl.java:43)
	at java.base/java.lang.reflect.Method.invoke(Method.java:566)
	at org.junit.runners.model.FrameworkMethod$1.runReflectiveCall(FrameworkMethod.java:44)
	at org.junit.internal.runners.model.ReflectiveCallable.run(ReflectiveCallable.java:15)
	at org.junit.runners.model.FrameworkMethod.invokeExplosively(FrameworkMethod.java:41)
	at junitparams.internal.InvokeParameterisedMethod.evaluate(InvokeParameterisedMethod.java:102)
	at org.junit.internal.runners.statements.FailOnTimeout$1.run(FailOnTimeout.java:28)
Caused by: ptolemy.kernel.util.IllegalActionException: Found a zero delay loop containing .dependencyLoop.original
  in .dependencyLoop and .dependencyLoop.original
	at ptolemy.actor.util.CausalityInterfaceForComposites._computeOutputPortDepth(CausalityInterfaceForComposites.java:759)
	at ptolemy.actor.util.CausalityInterfaceForComposites._computeInputDepth(CausalityInterfaceForComposites.java:696)
	at ptolemy.actor.util.CausalityInterfaceForComposites._computeOutputPortDepth(CausalityInterfaceForComposites.java:765)
	at ptolemy.actor.util.CausalityInterfaceForComposites._computeInputDepth(CausalityInterfaceForComposites.java:696)
	at ptolemy.actor.util.CausalityInterfaceForComposites._computeOutputPortDepth(CausalityInterfaceForComposites.java:765)
	at ptolemy.actor.util.CausalityInterfaceForComposites._computeInputDepth(CausalityInterfaceForComposites.java:696)
	at ptolemy.actor.util.CausalityInterfaceForComposites._computeActorDepth(CausalityInterfaceForComposites.java:532)
	at ptolemy.actor.util.CausalityInterfaceForComposites.checkForCycles(CausalityInterfaceForComposites.java:96)
	at ptolemy.domains.de.kernel.DEDirector.preinitialize(DEDirector.java:1338)
	at ptolemy.actor.CompositeActor.preinitialize(CompositeActor.java:1828)
	at ptolemy.actor.Manager.preinitializeAndResolveTypes(Manager.java:1040)
	at ptolemy.actor.Manager.initialize(Manager.java:710)
	at ptolemy.actor.Manager.execute(Manager.java:356)
	at ptolemy.actor.Manager.run(Manager.java:1263)
	at ptolemy.actor.Manager$PtolemyRunThread.run(Manager.java:1933)
java.lang.RuntimeException: Execution failed
	at ptolemy.moml.MoMLSimpleApplication$UnloadThread.run(MoMLSimpleApplication.java:402)
Caused by: ptolemy.kernel.util.IllegalActionException: Found a zero delay loop containing .dependencyLoop2.original
  in .dependencyLoop2 and .dependencyLoop2.original
	at ptolemy.actor.util.CausalityInterfaceForComposites._computeOutputPortDepth(CausalityInterfaceForComposites.java:759)
	at ptolemy.actor.util.CausalityInterfaceForComposites._computeInputDepth(CausalityInterfaceForComposites.java:696)
	at ptolemy.actor.util.CausalityInterfaceForComposites._computeOutputPortDepth(CausalityInterfaceForComposites.java:765)
	at ptolemy.actor.util.CausalityInterfaceForComposites._computeInputDepth(CausalityInterfaceForComposites.java:696)
	at ptolemy.actor.util.CausalityInterfaceForComposites._computeOutputPortDepth(CausalityInterfaceForComposites.java:765)
	at ptolemy.actor.util.CausalityInterfaceForComposites._computeInputDepth(CausalityInterfaceForComposites.java:696)
	at ptolemy.actor.util.CausalityInterfaceForComposites._computeActorDepth(CausalityInterfaceForComposites.java:532)
	at ptolemy.actor.util.CausalityInterfaceForComposites.checkForCycles(CausalityInterfaceForComposites.java:96)
	at ptolemy.domains.de.kernel.DEDirector.preinitialize(DEDirector.java:1338)
	at ptolemy.actor.CompositeActor.preinitialize(CompositeActor.java:1828)
	at ptolemy.actor.Manager.preinitializeAndResolveTypes(Manager.java:1040)
	at ptolemy.actor.Manager.initialize(Manager.java:710)
	at ptolemy.actor.Manager.execute(Manager.java:356)
	at ptolemy.actor.Manager.run(Manager.java:1263)
	at ptolemy.actor.Manager$PtolemyRunThread.run(Manager.java:1933)
java.lang.reflect.InvocationTargetException
	at java.base/jdk.internal.reflect.NativeConstructorAccessorImpl.newInstance0(Native Method)
	at java.base/jdk.internal.reflect.NativeConstructorAccessorImpl.newInstance(NativeConstructorAccessorImpl.java:62)
	at java.base/jdk.internal.reflect.DelegatingConstructorAccessorImpl.newInstance(DelegatingConstructorAccessorImpl.java:45)
	at java.base/java.lang.reflect.Constructor.newInstance(Constructor.java:490)
	at ptolemy.util.test.junit.AutoKnownFailedTests.RunModel(AutoKnownFailedTests.java:105)
	at java.base/jdk.internal.reflect.NativeMethodAccessorImpl.invoke0(Native Method)
	at java.base/jdk.internal.reflect.NativeMethodAccessorImpl.invoke(NativeMethodAccessorImpl.java:62)
	at java.base/jdk.internal.reflect.DelegatingMethodAccessorImpl.invoke(DelegatingMethodAccessorImpl.java:43)
	at java.base/java.lang.reflect.Method.invoke(Method.java:566)
	at org.junit.runners.model.FrameworkMethod$1.runReflectiveCall(FrameworkMethod.java:44)
	at org.junit.internal.runners.model.ReflectiveCallable.run(ReflectiveCallable.java:15)
	at org.junit.runners.model.FrameworkMethod.invokeExplosively(FrameworkMethod.java:41)
	at junitparams.internal.InvokeParameterisedMethod.evaluate(InvokeParameterisedMethod.java:102)
	at org.junit.internal.runners.statements.FailOnTimeout$1.run(FailOnTimeout.java:28)
Caused by: ptolemy.kernel.util.IllegalActionException: Found a zero delay loop containing .dependencyLoop2.original
  in .dependencyLoop2 and .dependencyLoop2.original
	at ptolemy.actor.util.CausalityInterfaceForComposites._computeOutputPortDepth(CausalityInterfaceForComposites.java:759)
	at ptolemy.actor.util.CausalityInterfaceForComposites._computeInputDepth(CausalityInterfaceForComposites.java:696)
	at ptolemy.actor.util.CausalityInterfaceForComposites._computeOutputPortDepth(CausalityInterfaceForComposites.java:765)
	at ptolemy.actor.util.CausalityInterfaceForComposites._computeInputDepth(CausalityInterfaceForComposites.java:696)
	at ptolemy.actor.util.CausalityInterfaceForComposites._computeOutputPortDepth(CausalityInterfaceForComposites.java:765)
	at ptolemy.actor.util.CausalityInterfaceForComposites._computeInputDepth(CausalityInterfaceForComposites.java:696)
	at ptolemy.actor.util.CausalityInterfaceForComposites._computeActorDepth(CausalityInterfaceForComposites.java:532)
	at ptolemy.actor.util.CausalityInterfaceForComposites.checkForCycles(CausalityInterfaceForComposites.java:96)
	at ptolemy.domains.de.kernel.DEDirector.preinitialize(DEDirector.java:1338)
	at ptolemy.actor.CompositeActor.preinitialize(CompositeActor.java:1828)
	at ptolemy.actor.Manager.preinitializeAndResolveTypes(Manager.java:1040)
	at ptolemy.actor.Manager.initialize(Manager.java:710)
	at ptolemy.actor.Manager.execute(Manager.java:356)
	at ptolemy.actor.Manager.run(Manager.java:1263)
	at ptolemy.actor.Manager$PtolemyRunThread.run(Manager.java:1933)
]]></system-err>
</testsuite>
