<?xml version="1.0" encoding="UTF-8" ?>
<testsuite errors="0" failures="0" hostname="travis-job-cf259cb7-0f96-442d-805f-a692f9f1a53c" name="ptolemy.moml.test.junit.JUnitTclTest" skipped="0" tests="38" time="10.557" timestamp="2019-07-10T15:35:41">
  <properties>
[...]
</properties>
  <testcase classname="ptolemy.util.test.junit.TclTests" name="[0] /home/travis/build/icyphy/ptII/ptolemy/moml/test/ConvertToLazy.tcl (RunTclFile)" time="2.626" />
  <testcase classname="ptolemy.util.test.junit.TclTests" name="[1] /home/travis/build/icyphy/ptII/ptolemy/moml/test/Documentation.tcl (RunTclFile)" time="0.056" />
  <testcase classname="ptolemy.util.test.junit.TclTests" name="[2] /home/travis/build/icyphy/ptII/ptolemy/moml/test/EntityLibrary.tcl (RunTclFile)" time="0.092" />
  <testcase classname="ptolemy.util.test.junit.TclTests" name="[3] /home/travis/build/icyphy/ptII/ptolemy/moml/test/ImportAttribute.tcl (RunTclFile)" time="0.006" />
  <testcase classname="ptolemy.util.test.junit.TclTests" name="[4] /home/travis/build/icyphy/ptII/ptolemy/moml/test/LevelCrossingLinkTest.tcl (RunTclFile)" time="0.124" />
  <testcase classname="ptolemy.util.test.junit.TclTests" name="[5] /home/travis/build/icyphy/ptII/ptolemy/moml/test/LibraryAttribute.tcl (RunTclFile)" time="0.053" />
  <testcase classname="ptolemy.util.test.junit.TclTests" name="[6] /home/travis/build/icyphy/ptII/ptolemy/moml/test/LibraryBuilder.tcl (RunTclFile)" time="0.015" />
  <testcase classname="ptolemy.util.test.junit.TclTests" name="[7] /home/travis/build/icyphy/ptII/ptolemy/moml/test/Location.tcl (RunTclFile)" time="0.021" />
  <testcase classname="ptolemy.util.test.junit.TclTests" name="[8] /home/travis/build/icyphy/ptII/ptolemy/moml/test/MoMLAttribute.tcl (RunTclFile)" time="0.008" />
  <testcase classname="ptolemy.util.test.junit.TclTests" name="[9] /home/travis/build/icyphy/ptII/ptolemy/moml/test/MoMLChangeRequest.tcl (RunTclFile)" time="0.407" />
  <testcase classname="ptolemy.util.test.junit.TclTests" name="[10] /home/travis/build/icyphy/ptII/ptolemy/moml/test/MoMLCommandLineApplication.tcl (RunTclFile)" time="3.263" />
  <testcase classname="ptolemy.util.test.junit.TclTests" name="[11] /home/travis/build/icyphy/ptII/ptolemy/moml/test/MoMLParser.tcl (RunTclFile)" time="0.947" />
  <testcase classname="ptolemy.util.test.junit.TclTests" name="[12] /home/travis/build/icyphy/ptII/ptolemy/moml/test/MoMLParserNoPackage.tcl (RunTclFile)" time="1.371" />
  <testcase classname="ptolemy.util.test.junit.TclTests" name="[13] /home/travis/build/icyphy/ptII/ptolemy/moml/test/MoMLUndoChangeRequest.tcl (RunTclFile)" time="0.085" />
  <testcase classname="ptolemy.util.test.junit.TclTests" name="[14] /home/travis/build/icyphy/ptII/ptolemy/moml/test/MoMLUndoEntry.tcl (RunTclFile)" time="0.008" />
  <testcase classname="ptolemy.util.test.junit.TclTests" name="[15] /home/travis/build/icyphy/ptII/ptolemy/moml/test/MoMLVariableChecker.tcl (RunTclFile)" time="0.356" />
  <testcase classname="ptolemy.util.test.junit.TclTests" name="[16] /home/travis/build/icyphy/ptII/ptolemy/moml/test/ParserAttribute.tcl (RunTclFile)" time="0.002" />
  <testcase classname="ptolemy.util.test.junit.TclTests" name="[17] /home/travis/build/icyphy/ptII/ptolemy/moml/test/StreamErrorHandler.tcl (RunTclFile)" time="0.009" />
  <testcase classname="ptolemy.util.test.junit.TclTests" name="[18] /home/travis/build/icyphy/ptII/ptolemy/moml/test/UndoContext.tcl (RunTclFile)" time="0.022" />
  <testcase classname="ptolemy.util.test.junit.TclTests" name="[19] /home/travis/build/icyphy/ptII/ptolemy/moml/test/UndoDeleteEntity.tcl (RunTclFile)" time="0.047" />
  <testcase classname="ptolemy.util.test.junit.TclTests" name="[20] /home/travis/build/icyphy/ptII/ptolemy/moml/test/UndoDeletePort.tcl (RunTclFile)" time="0.084" />
  <testcase classname="ptolemy.util.test.junit.TclTests" name="[21] /home/travis/build/icyphy/ptII/ptolemy/moml/test/UndoDeleteProperty.tcl (RunTclFile)" time="0.024" />
  <testcase classname="ptolemy.util.test.junit.TclTests" name="[22] /home/travis/build/icyphy/ptII/ptolemy/moml/test/UndoDeleteRelation.tcl (RunTclFile)" time="0.024" />
  <testcase classname="ptolemy.util.test.junit.TclTests" name="[23] /home/travis/build/icyphy/ptII/ptolemy/moml/test/UndoDoc.tcl (RunTclFile)" time="0.021" />
  <testcase classname="ptolemy.util.test.junit.TclTests" name="[24] /home/travis/build/icyphy/ptII/ptolemy/moml/test/UndoEntity.tcl (RunTclFile)" time="0.025" />
  <testcase classname="ptolemy.util.test.junit.TclTests" name="[25] /home/travis/build/icyphy/ptII/ptolemy/moml/test/UndoLink.tcl (RunTclFile)" time="0.048" />
  <testcase classname="ptolemy.util.test.junit.TclTests" name="[26] /home/travis/build/icyphy/ptII/ptolemy/moml/test/UndoPort.tcl (RunTclFile)" time="0.05" />
  <testcase classname="ptolemy.util.test.junit.TclTests" name="[27] /home/travis/build/icyphy/ptII/ptolemy/moml/test/UndoProperty.tcl (RunTclFile)" time="0.022" />
  <testcase classname="ptolemy.util.test.junit.TclTests" name="[28] /home/travis/build/icyphy/ptII/ptolemy/moml/test/UndoRelation.tcl (RunTclFile)" time="0.009" />
  <testcase classname="ptolemy.util.test.junit.TclTests" name="[29] /home/travis/build/icyphy/ptII/ptolemy/moml/test/UndoRename.tcl (RunTclFile)" time="0.028" />
  <testcase classname="ptolemy.util.test.junit.TclTests" name="[30] /home/travis/build/icyphy/ptII/ptolemy/moml/test/UndoUnlink.tcl (RunTclFile)" time="0.054" />
  <testcase classname="ptolemy.util.test.junit.TclTests" name="[31] /home/travis/build/icyphy/ptII/ptolemy/moml/test/UndoVertex.tcl (RunTclFile)" time="0.015" />
  <testcase classname="ptolemy.util.test.junit.TclTests" name="[32] /home/travis/build/icyphy/ptII/ptolemy/moml/test/Vertex.tcl (RunTclFile)" time="0.003" />
  <testcase classname="ptolemy.util.test.junit.TclTests" name="[33] /home/travis/build/icyphy/ptII/ptolemy/moml/test/_aJVMBug.tcl (RunTclFile)" time="0.016" />
  <testcase classname="ptolemy.util.test.junit.TclTests" name="[34] /home/travis/build/icyphy/ptII/ptolemy/moml/test/parseMoML.tcl (RunTclFile)" time="0.009" />
  <testcase classname="ptolemy.util.test.junit.AutoKnownFailedTests" name="[0] ThereAreNoKnowFailedTests (RunModel)" time="0.003" />
  <testcase classname="ptolemy.util.test.junit.AutoNameArchTests" name="[0] ThereAreNoAutoArchTests (RunModel)" time="0.006" />
  <testcase classname="ptolemy.util.test.junit.AutoTests" name="[0] ThereAreNoAutoTests (RunModel)" time="0.008" />
  <system-out><![CDATA[/home/travis/build/icyphy/ptII/ptolemy/moml/test/ConvertToLazy.tcl
testDefs.tcl: setting time out to 9000 seconds at Wed Jul 10 15:35:42 UTC 2019
315 ms. Memory: 177152K Free: 159186K (90%)
/home/travis/build/icyphy/ptII/ptolemy/moml/test/Documentation.tcl
/home/travis/build/icyphy/ptII/ptolemy/moml/test/EntityLibrary.tcl
This test will print an error message to stderr which can be ignored
/home/travis/build/icyphy/ptII/ptolemy/moml/test/ImportAttribute.tcl
/home/travis/build/icyphy/ptII/ptolemy/moml/test/LevelCrossingLinkTest.tcl
9 ms. Memory: 223232K Free: 194694K (87%)
7 ms. Memory: 223232K Free: 191142K (86%)
7 ms. Memory: 223232K Free: 190118K (85%)
7 ms. Memory: 223232K Free: 187046K (84%)
/home/travis/build/icyphy/ptII/ptolemy/moml/test/LibraryAttribute.tcl
/home/travis/build/icyphy/ptII/ptolemy/moml/test/LibraryBuilder.tcl
/home/travis/build/icyphy/ptII/ptolemy/moml/test/Location.tcl
/home/travis/build/icyphy/ptII/ptolemy/moml/test/MoMLAttribute.tcl
/home/travis/build/icyphy/ptII/ptolemy/moml/test/MoMLChangeRequest.tcl
4 ms. Memory: 223232K Free: 179878K (81%)


==== $PTII/ptolemy/moml/test/MoMLChangeRequest.tcl: MoMLChangeRequest-4.1 Call two arg constructor (Originator, request)
==== Contents of test case:

    # Create a base model.
    set parser [java::new ptolemy.moml.MoMLParser]
    $parser reset
    set toplevel4 [java::cast ptolemy.actor.CompositeActor  [$parser parse $baseModel4]]
    set manager [java::new ptolemy.actor.Manager [$toplevel4 workspace] "w"]
    $toplevel4 setManager $manager

    set change [java::new ptolemy.moml.MoMLChangeRequest  $toplevel4 $baseModel5]
    
    # NOTE: Request is filled immediately because the model is not running.
    # Note that this call also ends up calling MoMLParser.getToplevel()
    $manager requestChange $change

    $toplevel4 exportMoML

==== Result was:
<?xml version="1.0" standalone="no"?>
<!DOCTYPE entity PUBLIC "-//UC Berkeley//DTD MoML 1//EN"
    "http://ptolemy.eecs.berkeley.edu/xml/dtd/MoML_1.dtd">
<entity name="top4" class="ptolemy.actor.TypedCompositeActor">
    <property name="_createdBy" class="ptolemy.kernel.attributes.VersionAttribute" value="11.1.devel">
    </property>
    <property name="dir4" class="ptolemy.domains.sdf.kernel.SDFDirector">
        <property name="iterations" class="ptolemy.data.expr.Parameter" value="4">
        </property>
    </property>
</entity>

---- KNOWN Failure, Result should have been:
<?xml version="1.0" standalone="no"?>
<!DOCTYPE entity PUBLIC "-//UC Berkeley//DTD MoML 1//EN"
    "http://ptolemy.eecs.berkeley.edu/xml/dtd/MoML_1.dtd">
<entity name="top5" class="ptolemy.actor.TypedCompositeActor">
    <property name="_createdBy" class="ptolemy.kernel.attributes.VersionAttribute" value="2.1-devel-2">
    </property>
    <property name="dir5" class="ptolemy.domains.sdf.kernel.SDFDirector">
        <property name="Scheduler" class="ptolemy.domains.sdf.kernel.SDFScheduler">
        </property>
        <property name="allowDisconnectedGraphs" class="ptolemy.data.expr.Parameter" value="false">
        </property>
        <property name="allowRateChanges" class="ptolemy.data.expr.Parameter" value="false">
        </property>
        <property name="iterations" class="ptolemy.data.expr.Parameter" value="5">
        </property>
        <property name="vectorizationFactor" class="ptolemy.data.expr.Parameter" value="1">
        </property>
    </property>
</entity>

---- MoMLChangeRequest-4.1 Failed, but this is a KNOWN failure
/home/travis/build/icyphy/ptII/ptolemy/moml/test/MoMLCommandLineApplication.tcl
/home/travis/build/icyphy/ptII/ptolemy/moml/test/MoMLParser.tcl
    If you get a 'X connection to xxx:11.0 broken' message, then
    see $PTII/ptolemy/moml/filter/RemoveGraphicalClasses.java
    Or, under Solaris, run java -verbose -classpath 
           ${PTII}/lib/ptjacl.jar:${PTII}/lib/diva.jar:${PTII}
           tcl.lang.Shell xxx.tcl
3 ms. Memory: 223232K Free: 92838K (42%)
3 ms. Memory: 223232K Free: 89766K (40%)
3 ms. Memory: 223232K Free: 88742K (40%)
12 ms. Memory: 223232K Free: 88198K (40%)
4 ms. Memory: 223232K Free: 87190K (39%)
4 ms. Memory: 223232K Free: 86166K (39%)
8 ms. Memory: 223232K Free: 85156K (38%)
/home/travis/build/icyphy/ptII/ptolemy/moml/test/MoMLParserNoPackage.tcl
/home/travis/build/icyphy/ptII/ptolemy/moml/test/MoMLUndoChangeRequest.tcl
/home/travis/build/icyphy/ptII/ptolemy/moml/test/MoMLUndoEntry.tcl
/home/travis/build/icyphy/ptII/ptolemy/moml/test/MoMLVariableChecker.tcl
18 ms. Memory: 223232K Free: 133528K (60%)
/home/travis/build/icyphy/ptII/ptolemy/moml/test/ParserAttribute.tcl
/home/travis/build/icyphy/ptII/ptolemy/moml/test/StreamErrorHandler.tcl
/home/travis/build/icyphy/ptII/ptolemy/moml/test/UndoContext.tcl
/home/travis/build/icyphy/ptII/ptolemy/moml/test/UndoDeleteEntity.tcl
/home/travis/build/icyphy/ptII/ptolemy/moml/test/UndoDeletePort.tcl
/home/travis/build/icyphy/ptII/ptolemy/moml/test/UndoDeleteProperty.tcl
/home/travis/build/icyphy/ptII/ptolemy/moml/test/UndoDeleteRelation.tcl
/home/travis/build/icyphy/ptII/ptolemy/moml/test/UndoDoc.tcl
/home/travis/build/icyphy/ptII/ptolemy/moml/test/UndoEntity.tcl
/home/travis/build/icyphy/ptII/ptolemy/moml/test/UndoLink.tcl
/home/travis/build/icyphy/ptII/ptolemy/moml/test/UndoPort.tcl
/home/travis/build/icyphy/ptII/ptolemy/moml/test/UndoProperty.tcl
/home/travis/build/icyphy/ptII/ptolemy/moml/test/UndoRelation.tcl
/home/travis/build/icyphy/ptII/ptolemy/moml/test/UndoRename.tcl
/home/travis/build/icyphy/ptII/ptolemy/moml/test/UndoUnlink.tcl
/home/travis/build/icyphy/ptII/ptolemy/moml/test/UndoVertex.tcl
/home/travis/build/icyphy/ptII/ptolemy/moml/test/Vertex.tcl
/home/travis/build/icyphy/ptII/ptolemy/moml/test/_aJVMBug.tcl
/home/travis/build/icyphy/ptII/ptolemy/moml/test/parseMoML.tcl
07/10/19 03:35:52
Failed: 0  Total Tests: 440  ((Passed: 439, Newly Passed: 0)  Known Failed: 1) /home/travis/build/icyphy/ptII/ptolemy/moml/test
No auto/knownFailedTests/*.xml tests in /home/travis/build/icyphy/ptII/ptolemy/moml/test
No auto/linux-amd64/*.xml tests in /home/travis/build/icyphy/ptII/ptolemy/moml/test
AutoTests.java: About to close Vertx.
AutoTests.java: Vertx closed.
No auto/*.xml tests in /home/travis/build/icyphy/ptII/ptolemy/moml/test
AutoTests.java: About to close Vertx.
AutoTests.java: Vertx closed.
]]></system-out>
  <system-err><![CDATA[Failed to populate library.
java.io.FileNotFoundException: ./EntityLibary.tcl (No such file or directory)
	at java.base/java.io.FileInputStream.open0(Native Method)
	at java.base/java.io.FileInputStream.open(FileInputStream.java:220)
	at java.base/java.io.FileInputStream.<init>(FileInputStream.java:158)
	at java.base/java.io.FileInputStream.<init>(FileInputStream.java:113)
	at java.base/sun.net.www.protocol.file.FileURLConnection.connect(FileURLConnection.java:86)
	at java.base/sun.net.www.protocol.file.FileURLConnection.getInputStream(FileURLConnection.java:184)
	at java.base/java.net.URL.openStream(URL.java:1117)
	at ptolemy.moml.MoMLParser.parse(MoMLParser.java:1522)
	at ptolemy.moml.EntityLibrary.populate(EntityLibrary.java:533)
	at ptolemy.moml.EntityLibrary.deepEntityList(EntityLibrary.java:349)
	at java.base/jdk.internal.reflect.NativeMethodAccessorImpl.invoke0(Native Method)
	at java.base/jdk.internal.reflect.NativeMethodAccessorImpl.invoke(NativeMethodAccessorImpl.java:62)
	at java.base/jdk.internal.reflect.DelegatingMethodAccessorImpl.invoke(DelegatingMethodAccessorImpl.java:43)
	at java.base/java.lang.reflect.Method.invoke(Method.java:564)
	at tcl.lang.reflect.PkgInvoker.invokeMethod(PkgInvoker.java:129)
	at tcl.lang.JavaInvoke.call(JavaInvoke.java:253)
	at tcl.lang.JavaInvoke.callMethod(JavaInvoke.java:116)
	at tcl.lang.ReflectObject.cmdProc(ReflectObject.java:727)
	at tcl.lang.Parser.evalObjv(Parser.java:740)
	at tcl.lang.Parser.eval2(Parser.java:1138)
	at tcl.lang.Parser.evalTokens(Parser.java:930)
	at tcl.lang.Parser.eval2(Parser.java:1125)
	at tcl.lang.Interp.eval(Interp.java:1782)
	at tcl.lang.Interp.eval(Interp.java:1841)
	at tcl.lang.CatchCmd.cmdProc(CatchCmd.java:42)
	at tcl.lang.Parser.evalObjv(Parser.java:740)
	at tcl.lang.Parser.eval2(Parser.java:1138)
	at tcl.lang.Interp.eval(Interp.java:1782)
	at tcl.lang.Interp.eval(Interp.java:1841)
	at tcl.lang.UplevelCmd.cmdProc(UplevelCmd.java:93)
	at tcl.lang.Parser.evalObjv(Parser.java:740)
	at tcl.lang.Parser.eval2(Parser.java:1138)
	at tcl.lang.Interp.eval(Interp.java:1782)
	at tcl.lang.Interp.eval(Interp.java:1841)
	at tcl.lang.CatchCmd.cmdProc(CatchCmd.java:42)
	at tcl.lang.Parser.evalObjv(Parser.java:740)
	at tcl.lang.Parser.eval2(Parser.java:1138)
	at tcl.lang.Parser.evalTokens(Parser.java:930)
	at tcl.lang.Parser.eval2(Parser.java:1125)
	at tcl.lang.Procedure.cmdProc(Procedure.java:175)
	at tcl.lang.Parser.evalObjv(Parser.java:740)
	at tcl.lang.Parser.eval2(Parser.java:1138)
	at tcl.lang.Interp.eval(Interp.java:1782)
	at tcl.lang.Interp.evalFile(Interp.java:1880)
	at java.base/jdk.internal.reflect.NativeMethodAccessorImpl.invoke0(Native Method)
	at java.base/jdk.internal.reflect.NativeMethodAccessorImpl.invoke(NativeMethodAccessorImpl.java:62)
	at java.base/jdk.internal.reflect.DelegatingMethodAccessorImpl.invoke(DelegatingMethodAccessorImpl.java:43)
	at java.base/java.lang.reflect.Method.invoke(Method.java:564)
	at ptolemy.util.test.junit.TclTests.RunTclFile(TclTests.java:233)
	at java.base/jdk.internal.reflect.NativeMethodAccessorImpl.invoke0(Native Method)
	at java.base/jdk.internal.reflect.NativeMethodAccessorImpl.invoke(NativeMethodAccessorImpl.java:62)
	at java.base/jdk.internal.reflect.DelegatingMethodAccessorImpl.invoke(DelegatingMethodAccessorImpl.java:43)
	at java.base/java.lang.reflect.Method.invoke(Method.java:564)
	at org.junit.runners.model.FrameworkMethod$1.runReflectiveCall(FrameworkMethod.java:44)
	at org.junit.internal.runners.model.ReflectiveCallable.run(ReflectiveCallable.java:15)
	at org.junit.runners.model.FrameworkMethod.invokeExplosively(FrameworkMethod.java:41)
	at junitparams.internal.InvokeParameterisedMethod.evaluate(InvokeParameterisedMethod.java:102)
	at junitparams.internal.ParameterisedTestMethodRunner.runMethodInvoker(ParameterisedTestMethodRunner.java:47)
	at junitparams.internal.ParameterisedTestMethodRunner.runTestMethod(ParameterisedTestMethodRunner.java:41)
	at junitparams.internal.ParameterisedTestClassRunner.runParameterisedTest(ParameterisedTestClassRunner.java:143)
	at junitparams.JUnitParamsRunner.runChild(JUnitParamsRunner.java:237)
	at junitparams.JUnitParamsRunner.runChild(JUnitParamsRunner.java:215)
	at org.junit.runners.ParentRunner$3.run(ParentRunner.java:193)
	at org.junit.runners.ParentRunner$1.schedule(ParentRunner.java:52)
	at org.junit.runners.ParentRunner.runChildren(ParentRunner.java:191)
	at org.junit.runners.ParentRunner.access$000(ParentRunner.java:42)
	at org.junit.runners.ParentRunner$2.evaluate(ParentRunner.java:184)
	at org.junit.internal.runners.statements.RunAfters.evaluate(RunAfters.java:31)
	at org.junit.runners.ParentRunner.run(ParentRunner.java:236)
	at org.junit.runners.Suite.runChild(Suite.java:128)
	at org.junit.runners.Suite.runChild(Suite.java:24)
	at org.junit.runners.ParentRunner$3.run(ParentRunner.java:193)
	at org.junit.runners.ParentRunner$1.schedule(ParentRunner.java:52)
	at org.junit.runners.ParentRunner.runChildren(ParentRunner.java:191)
	at org.junit.runners.ParentRunner.access$000(ParentRunner.java:42)
	at org.junit.runners.ParentRunner$2.evaluate(ParentRunner.java:184)
	at org.junit.runners.ParentRunner.run(ParentRunner.java:236)
	at junit.framework.JUnit4TestAdapter.run(JUnit4TestAdapter.java:39)
	at org.apache.tools.ant.taskdefs.optional.junit.JUnitTestRunner.run(JUnitTestRunner.java:535)
	at org.apache.tools.ant.taskdefs.optional.junit.JUnitTestRunner.launch(JUnitTestRunner.java:1182)
	at org.apache.tools.ant.taskdefs.optional.junit.JUnitTestRunner.main(JUnitTestRunner.java:1033)
Warning: Missing Classes: ptolemy.actor.lib.XXX
Warning: Missing Classes: ptolemy.moml.test.notAClass
]]></system-err>
</testsuite>
