<?xml version="1.0" encoding="UTF-8" ?>
<testsuite errors="0" failures="0" hostname="travis-job-1e0da4ee-2e8a-4df6-938d-cf5ca712117d" name="ptolemy.domains.de.test.junit.JUnitTclTest" skipped="0" tests="101" time="119.68" timestamp="2021-12-06T02:05:31">
  <properties>
[...]
</properties>
  <testcase classname="ptolemy.util.test.junit.TclTests" name="[0] /home/travis/build/icyphy/ptII/ptolemy/domains/de/test/DependencyLoop.tcl (RunTclFile)" time="0.98" />
  <testcase classname="ptolemy.util.test.junit.TclTests" name="[1] /home/travis/build/icyphy/ptII/ptolemy/domains/de/test/RunDETestsAsQSS.tcl (RunTclFile)" time="81.348" />
  <testcase classname="ptolemy.util.test.junit.AutoKnownFailedTests" name="[0] /home/travis/build/icyphy/ptII/ptolemy/domains/de/test/auto/knownFailedTests/DESDFClockTest.xml (RunModel)" time="2.038" />
  <testcase classname="ptolemy.util.test.junit.AutoKnownFailedTests" name="[1] /home/travis/build/icyphy/ptII/ptolemy/domains/de/test/auto/knownFailedTests/DirectFeedback.xml (RunModel)" time="0.008" />
  <testcase classname="ptolemy.util.test.junit.AutoKnownFailedTests" name="[2] /home/travis/build/icyphy/ptII/ptolemy/domains/de/test/auto/knownFailedTests/FSMSource.xml (RunModel)" time="0.019" />
  <testcase classname="ptolemy.util.test.junit.AutoKnownFailedTests" name="[3] /home/travis/build/icyphy/ptII/ptolemy/domains/de/test/auto/knownFailedTests/HierarchicalModel.xml (RunModel)" time="0.045" />
  <testcase classname="ptolemy.util.test.junit.AutoKnownFailedTests" name="[4] /home/travis/build/icyphy/ptII/ptolemy/domains/de/test/auto/knownFailedTests/dependencyLoop.xml (RunModel)" time="0.047" />
  <testcase classname="ptolemy.util.test.junit.AutoKnownFailedTests" name="[5] /home/travis/build/icyphy/ptII/ptolemy/domains/de/test/auto/knownFailedTests/dependencyLoop2.xml (RunModel)" time="0.041" />
  <testcase classname="ptolemy.util.test.junit.AutoNameArchTests" name="[0] ThereAreNoAutoArchTests (RunModel)" time="0.001" />
  <testcase classname="ptolemy.util.test.junit.AutoTests" name="[0] /home/travis/build/icyphy/ptII/ptolemy/domains/de/test/auto/ActorDepthCalculation_actorWithoutPorts.xml (RunModel)" time="0.021" />
  <testcase classname="ptolemy.util.test.junit.AutoTests" name="[1] /home/travis/build/icyphy/ptII/ptolemy/domains/de/test/auto/AssemblyLine.xml (RunModel)" time="0.016" />
  <testcase classname="ptolemy.util.test.junit.AutoTests" name="[2] /home/travis/build/icyphy/ptII/ptolemy/domains/de/test/auto/CQBug1.xml (RunModel)" time="0.01" />
  <testcase classname="ptolemy.util.test.junit.AutoTests" name="[3] /home/travis/build/icyphy/ptII/ptolemy/domains/de/test/auto/CancelFireAt.xml (RunModel)" time="0.007" />
  <testcase classname="ptolemy.util.test.junit.AutoTests" name="[4] /home/travis/build/icyphy/ptII/ptolemy/domains/de/test/auto/CausalityAndComposabilityAnalysis.xml (RunModel)" time="0.014" />
  <testcase classname="ptolemy.util.test.junit.AutoTests" name="[5] /home/travis/build/icyphy/ptII/ptolemy/domains/de/test/auto/CausalityInterface1.xml (RunModel)" time="0.019" />
  <testcase classname="ptolemy.util.test.junit.AutoTests" name="[6] /home/travis/build/icyphy/ptII/ptolemy/domains/de/test/auto/CausalityInterface15.xml (RunModel)" time="0.014" />
  <testcase classname="ptolemy.util.test.junit.AutoTests" name="[7] /home/travis/build/icyphy/ptII/ptolemy/domains/de/test/auto/CausalityInterface2.xml (RunModel)" time="0.012" />
  <testcase classname="ptolemy.util.test.junit.AutoTests" name="[8] /home/travis/build/icyphy/ptII/ptolemy/domains/de/test/auto/CausalityInterface3.xml (RunModel)" time="0.011" />
  <testcase classname="ptolemy.util.test.junit.AutoTests" name="[9] /home/travis/build/icyphy/ptII/ptolemy/domains/de/test/auto/ClockDrift.xml (RunModel)" time="0.033" />
  <testcase classname="ptolemy.util.test.junit.AutoTests" name="[10] /home/travis/build/icyphy/ptII/ptolemy/domains/de/test/auto/ClockDriftAndValueChange.xml (RunModel)" time="0.029" />
  <testcase classname="ptolemy.util.test.junit.AutoTests" name="[11] /home/travis/build/icyphy/ptII/ptolemy/domains/de/test/auto/ClockDriftChange.xml (RunModel)" time="0.028" />
  <testcase classname="ptolemy.util.test.junit.AutoTests" name="[12] /home/travis/build/icyphy/ptII/ptolemy/domains/de/test/auto/ComposableCausalityAnalysis.xml (RunModel)" time="0.013" />
  <testcase classname="ptolemy.util.test.junit.AutoTests" name="[13] /home/travis/build/icyphy/ptII/ptolemy/domains/de/test/auto/DEFixedPointLimitation.xml (RunModel)" time="0.01" />
  <testcase classname="ptolemy.util.test.junit.AutoTests" name="[14] /home/travis/build/icyphy/ptII/ptolemy/domains/de/test/auto/DEScheduleTest.xml (RunModel)" time="0.01" />
  <testcase classname="ptolemy.util.test.junit.AutoTests" name="[15] /home/travis/build/icyphy/ptII/ptolemy/domains/de/test/auto/DEinDEwithStartTimes.xml (RunModel)" time="0.013" />
  <testcase classname="ptolemy.util.test.junit.AutoTests" name="[16] /home/travis/build/icyphy/ptII/ptolemy/domains/de/test/auto/DEinDEwithStartTimes2.xml (RunModel)" time="0.016" />
  <testcase classname="ptolemy.util.test.junit.AutoTests" name="[17] /home/travis/build/icyphy/ptII/ptolemy/domains/de/test/auto/DateDemo.xml (RunModel)" time="0.032" />
  <testcase classname="ptolemy.util.test.junit.AutoTests" name="[18] /home/travis/build/icyphy/ptII/ptolemy/domains/de/test/auto/DateToEvent.xml (RunModel)" time="2.037" />
  <testcase classname="ptolemy.util.test.junit.AutoTests" name="[19] /home/travis/build/icyphy/ptII/ptolemy/domains/de/test/auto/DepthTest1.xml (RunModel)" time="0.013" />
  <testcase classname="ptolemy.util.test.junit.AutoTests" name="[20] /home/travis/build/icyphy/ptII/ptolemy/domains/de/test/auto/DepthTest2.xml (RunModel)" time="0.015" />
  <testcase classname="ptolemy.util.test.junit.AutoTests" name="[21] /home/travis/build/icyphy/ptII/ptolemy/domains/de/test/auto/DepthTest3.xml (RunModel)" time="0.007" />
  <testcase classname="ptolemy.util.test.junit.AutoTests" name="[22] /home/travis/build/icyphy/ptII/ptolemy/domains/de/test/auto/DepthTest4.xml (RunModel)" time="0.017" />
  <testcase classname="ptolemy.util.test.junit.AutoTests" name="[23] /home/travis/build/icyphy/ptII/ptolemy/domains/de/test/auto/DepthTest5.xml (RunModel)" time="0.011" />
  <testcase classname="ptolemy.util.test.junit.AutoTests" name="[24] /home/travis/build/icyphy/ptII/ptolemy/domains/de/test/auto/DepthTest6.xml (RunModel)" time="0.012" />
  <testcase classname="ptolemy.util.test.junit.AutoTests" name="[25] /home/travis/build/icyphy/ptII/ptolemy/domains/de/test/auto/DepthTest7.xml (RunModel)" time="0.017" />
  <testcase classname="ptolemy.util.test.junit.AutoTests" name="[26] /home/travis/build/icyphy/ptII/ptolemy/domains/de/test/auto/EventToDate.xml (RunModel)" time="3.044" />
  <testcase classname="ptolemy.util.test.junit.AutoTests" name="[27] /home/travis/build/icyphy/ptII/ptolemy/domains/de/test/auto/FSM1.xml (RunModel)" time="0.032" />
  <testcase classname="ptolemy.util.test.junit.AutoTests" name="[28] /home/travis/build/icyphy/ptII/ptolemy/domains/de/test/auto/FSM7.xml (RunModel)" time="0.031" />
  <testcase classname="ptolemy.util.test.junit.AutoTests" name="[29] /home/travis/build/icyphy/ptII/ptolemy/domains/de/test/auto/Inspection.xml (RunModel)" time="0.038" />
  <testcase classname="ptolemy.util.test.junit.AutoTests" name="[30] /home/travis/build/icyphy/ptII/ptolemy/domains/de/test/auto/Iteration.xml (RunModel)" time="0.022" />
  <testcase classname="ptolemy.util.test.junit.AutoTests" name="[31] /home/travis/build/icyphy/ptII/ptolemy/domains/de/test/auto/LineFault.xml (RunModel)" time="0.508" />
  <testcase classname="ptolemy.util.test.junit.AutoTests" name="[32] /home/travis/build/icyphy/ptII/ptolemy/domains/de/test/auto/MergeModel1Add.xml (RunModel)" time="0.044" />
  <testcase classname="ptolemy.util.test.junit.AutoTests" name="[33] /home/travis/build/icyphy/ptII/ptolemy/domains/de/test/auto/MergeModel2Add.xml (RunModel)" time="0.031" />
  <testcase classname="ptolemy.util.test.junit.AutoTests" name="[34] /home/travis/build/icyphy/ptII/ptolemy/domains/de/test/auto/MergeModel3Add.xml (RunModel)" time="0.045" />
  <testcase classname="ptolemy.util.test.junit.AutoTests" name="[35] /home/travis/build/icyphy/ptII/ptolemy/domains/de/test/auto/MergeWithoutDiscard.xml (RunModel)" time="0.008" />
  <testcase classname="ptolemy.util.test.junit.AutoTests" name="[36] /home/travis/build/icyphy/ptII/ptolemy/domains/de/test/auto/Modal1.xml (RunModel)" time="0.023" />
  <testcase classname="ptolemy.util.test.junit.AutoTests" name="[37] /home/travis/build/icyphy/ptII/ptolemy/domains/de/test/auto/Modal2.xml (RunModel)" time="0.03" />
  <testcase classname="ptolemy.util.test.junit.AutoTests" name="[38] /home/travis/build/icyphy/ptII/ptolemy/domains/de/test/auto/Modal3.xml (RunModel)" time="0.024" />
  <testcase classname="ptolemy.util.test.junit.AutoTests" name="[39] /home/travis/build/icyphy/ptII/ptolemy/domains/de/test/auto/Modal4.xml (RunModel)" time="0.027" />
  <testcase classname="ptolemy.util.test.junit.AutoTests" name="[40] /home/travis/build/icyphy/ptII/ptolemy/domains/de/test/auto/Modal5.xml (RunModel)" time="0.025" />
  <testcase classname="ptolemy.util.test.junit.AutoTests" name="[41] /home/travis/build/icyphy/ptII/ptolemy/domains/de/test/auto/Modal6.xml (RunModel)" time="0.025" />
  <testcase classname="ptolemy.util.test.junit.AutoTests" name="[42] /home/travis/build/icyphy/ptII/ptolemy/domains/de/test/auto/Modal7.xml (RunModel)" time="0.024" />
  <testcase classname="ptolemy.util.test.junit.AutoTests" name="[43] /home/travis/build/icyphy/ptII/ptolemy/domains/de/test/auto/ModalModel.xml (RunModel)" time="0.154" />
  <testcase classname="ptolemy.util.test.junit.AutoTests" name="[44] /home/travis/build/icyphy/ptII/ptolemy/domains/de/test/auto/ModalSource.xml (RunModel)" time="0.016" />
  <testcase classname="ptolemy.util.test.junit.AutoTests" name="[45] /home/travis/build/icyphy/ptII/ptolemy/domains/de/test/auto/NonInterruptibleTimerZeroDelay.xml (RunModel)" time="0.008" />
  <testcase classname="ptolemy.util.test.junit.AutoTests" name="[46] /home/travis/build/icyphy/ptII/ptolemy/domains/de/test/auto/OpenQueueingNetwork.xml (RunModel)" time="2.168" />
  <testcase classname="ptolemy.util.test.junit.AutoTests" name="[47] /home/travis/build/icyphy/ptII/ptolemy/domains/de/test/auto/OpenQueuingNetwork.xml (RunModel)" time="0.25" />
  <testcase classname="ptolemy.util.test.junit.AutoTests" name="[48] /home/travis/build/icyphy/ptII/ptolemy/domains/de/test/auto/PeriodicSampler.xml (RunModel)" time="0.01" />
  <testcase classname="ptolemy.util.test.junit.AutoTests" name="[49] /home/travis/build/icyphy/ptII/ptolemy/domains/de/test/auto/PersistentIO.xml (RunModel)" time="0.016" />
  <testcase classname="ptolemy.util.test.junit.AutoTests" name="[50] /home/travis/build/icyphy/ptII/ptolemy/domains/de/test/auto/PortParameterResetOnInitialize.xml (RunModel)" time="0.008" />
  <testcase classname="ptolemy.util.test.junit.AutoTests" name="[51] /home/travis/build/icyphy/ptII/ptolemy/domains/de/test/auto/PortParameterUpdates.xml (RunModel)" time="0.012" />
  <testcase classname="ptolemy.util.test.junit.AutoTests" name="[52] /home/travis/build/icyphy/ptII/ptolemy/domains/de/test/auto/QueueAndServer.xml (RunModel)" time="0.02" />
  <testcase classname="ptolemy.util.test.junit.AutoTests" name="[53] /home/travis/build/icyphy/ptII/ptolemy/domains/de/test/auto/Records.xml (RunModel)" time="0.015" />
  <testcase classname="ptolemy.util.test.junit.AutoTests" name="[54] /home/travis/build/icyphy/ptII/ptolemy/domains/de/test/auto/ResetTransitionWithStartTime1.xml (RunModel)" time="0.022" />
  <testcase classname="ptolemy.util.test.junit.AutoTests" name="[55] /home/travis/build/icyphy/ptII/ptolemy/domains/de/test/auto/ResetTransitionWithStartTime2.xml (RunModel)" time="0.017" />
  <testcase classname="ptolemy.util.test.junit.AutoTests" name="[56] /home/travis/build/icyphy/ptII/ptolemy/domains/de/test/auto/ResetTransitionWithStartTime3.xml (RunModel)" time="0.016" />
  <testcase classname="ptolemy.util.test.junit.AutoTests" name="[57] /home/travis/build/icyphy/ptII/ptolemy/domains/de/test/auto/ResetTransitionWithStartTime4.xml (RunModel)" time="0.014" />
  <testcase classname="ptolemy.util.test.junit.AutoTests" name="[58] /home/travis/build/icyphy/ptII/ptolemy/domains/de/test/auto/ResettableTimer1.xml (RunModel)" time="0.008" />
  <testcase classname="ptolemy.util.test.junit.AutoTests" name="[59] /home/travis/build/icyphy/ptII/ptolemy/domains/de/test/auto/ResettableTimer2.xml (RunModel)" time="0.01" />
  <testcase classname="ptolemy.util.test.junit.AutoTests" name="[60] /home/travis/build/icyphy/ptII/ptolemy/domains/de/test/auto/ResettableTimer3.xml (RunModel)" time="0.007" />
  <testcase classname="ptolemy.util.test.junit.AutoTests" name="[61] /home/travis/build/icyphy/ptII/ptolemy/domains/de/test/auto/ResettableTimer4.xml (RunModel)" time="0.006" />
  <testcase classname="ptolemy.util.test.junit.AutoTests" name="[62] /home/travis/build/icyphy/ptII/ptolemy/domains/de/test/auto/ResettableTimer5.xml (RunModel)" time="0.009" />
  <testcase classname="ptolemy.util.test.junit.AutoTests" name="[63] /home/travis/build/icyphy/ptII/ptolemy/domains/de/test/auto/ResettableTimer6.xml (RunModel)" time="0.013" />
  <testcase classname="ptolemy.util.test.junit.AutoTests" name="[64] /home/travis/build/icyphy/ptII/ptolemy/domains/de/test/auto/ServerZeroDelay.xml (RunModel)" time="0.009" />
  <testcase classname="ptolemy.util.test.junit.AutoTests" name="[65] /home/travis/build/icyphy/ptII/ptolemy/domains/de/test/auto/SmartSender.xml (RunModel)" time="3.008" />
  <testcase classname="ptolemy.util.test.junit.AutoTests" name="[66] /home/travis/build/icyphy/ptII/ptolemy/domains/de/test/auto/ThreadedComposite.xml (RunModel)" time="0.14" />
  <testcase classname="ptolemy.util.test.junit.AutoTests" name="[67] /home/travis/build/icyphy/ptII/ptolemy/domains/de/test/auto/Time.xml (RunModel)" time="0.349" />
  <testcase classname="ptolemy.util.test.junit.AutoTests" name="[68] /home/travis/build/icyphy/ptII/ptolemy/domains/de/test/auto/TimeDelayZeroDelay.xml (RunModel)" time="0.009" />
  <testcase classname="ptolemy.util.test.junit.AutoTests" name="[69] /home/travis/build/icyphy/ptII/ptolemy/domains/de/test/auto/TimerZeroDelay.xml (RunModel)" time="0.01" />
  <testcase classname="ptolemy.util.test.junit.AutoTests" name="[70] /home/travis/build/icyphy/ptII/ptolemy/domains/de/test/auto/TimingParadox.xml (RunModel)" time="0.304" />
  <testcase classname="ptolemy.util.test.junit.AutoTests" name="[71] /home/travis/build/icyphy/ptII/ptolemy/domains/de/test/auto/TransferInputs.xml (RunModel)" time="0.013" />
  <testcase classname="ptolemy.util.test.junit.AutoTests" name="[72] /home/travis/build/icyphy/ptII/ptolemy/domains/de/test/auto/TransferOutputs2.xml (RunModel)" time="0.017" />
  <testcase classname="ptolemy.util.test.junit.AutoTests" name="[73] /home/travis/build/icyphy/ptII/ptolemy/domains/de/test/auto/Trilateration.xml (RunModel)" time="9.889" />
  <testcase classname="ptolemy.util.test.junit.AutoTests" name="[74] /home/travis/build/icyphy/ptII/ptolemy/domains/de/test/auto/TwoSigmaDelta.xml (RunModel)" time="1.643" />
  <testcase classname="ptolemy.util.test.junit.AutoTests" name="[75] /home/travis/build/icyphy/ptII/ptolemy/domains/de/test/auto/VariableDelay.xml (RunModel)" time="0.01" />
  <testcase classname="ptolemy.util.test.junit.AutoTests" name="[76] /home/travis/build/icyphy/ptII/ptolemy/domains/de/test/auto/VariableDelay2.xml (RunModel)" time="0.008" />
  <testcase classname="ptolemy.util.test.junit.AutoTests" name="[77] /home/travis/build/icyphy/ptII/ptolemy/domains/de/test/auto/VariableDelayZeroDelay.xml (RunModel)" time="0.015" />
  <testcase classname="ptolemy.util.test.junit.AutoTests" name="[78] /home/travis/build/icyphy/ptII/ptolemy/domains/de/test/auto/VariableDelayZeroDelay2.xml (RunModel)" time="0.012" />
  <testcase classname="ptolemy.util.test.junit.AutoTests" name="[79] /home/travis/build/icyphy/ptII/ptolemy/domains/de/test/auto/deInCt.xml (RunModel)" time="0.012" />
  <testcase classname="ptolemy.util.test.junit.AutoTests" name="[80] /home/travis/build/icyphy/ptII/ptolemy/domains/de/test/auto/deInCt2.xml (RunModel)" time="0.012" />
  <testcase classname="ptolemy.util.test.junit.AutoTests" name="[81] /home/travis/build/icyphy/ptII/ptolemy/domains/de/test/auto/dynamicCausalityInterface1.xml (RunModel)" time="0.014" />
  <testcase classname="ptolemy.util.test.junit.AutoTests" name="[82] /home/travis/build/icyphy/ptII/ptolemy/domains/de/test/auto/fsm_de_test.xml (RunModel)" time="0.017" />
  <testcase classname="ptolemy.util.test.junit.AutoTests" name="[83] /home/travis/build/icyphy/ptII/ptolemy/domains/de/test/auto/functionDependencyReconstruction.xml (RunModel)" time="0.031" />
  <testcase classname="ptolemy.util.test.junit.AutoTests" name="[84] /home/travis/build/icyphy/ptII/ptolemy/domains/de/test/auto/multirate.xml (RunModel)" time="0.012" />
  <testcase classname="ptolemy.util.test.junit.AutoTests" name="[85] /home/travis/build/icyphy/ptII/ptolemy/domains/de/test/auto/multirate2.xml (RunModel)" time="0.012" />
  <testcase classname="ptolemy.util.test.junit.AutoTests" name="[86] /home/travis/build/icyphy/ptII/ptolemy/domains/de/test/auto/realtime.xml (RunModel)" time="10.011" />
  <testcase classname="ptolemy.util.test.junit.AutoTests" name="[87] /home/travis/build/icyphy/ptII/ptolemy/domains/de/test/auto/relationGroup.xml (RunModel)" time="0.01" />
  <testcase classname="ptolemy.util.test.junit.AutoTests" name="[88] /home/travis/build/icyphy/ptII/ptolemy/domains/de/test/auto/relationGroup2.xml (RunModel)" time="0.005" />
  <testcase classname="ptolemy.util.test.junit.AutoTests" name="[89] /home/travis/build/icyphy/ptII/ptolemy/domains/de/test/auto/sortWithOpaquePorts.xml (RunModel)" time="0.008" />
  <testcase classname="ptolemy.util.test.junit.AutoTests" name="[90] /home/travis/build/icyphy/ptII/ptolemy/domains/de/test/auto/transferInputsandOutputs.xml (RunModel)" time="0.025" />
  <testcase classname="ptolemy.util.test.junit.AutoTests" name="[91] /home/travis/build/icyphy/ptII/ptolemy/domains/de/test/auto/triggerType.xml (RunModel)" time="0.027" />
  <system-out><![CDATA[/home/travis/build/icyphy/ptII/ptolemy/domains/de/test/DependencyLoop.tcl
testDefs.tcl: setting time out to 9000 seconds at Mon Dec 06 02:05:31 UTC 2021
83 ms. Memory: 129024K Free: 77723K (60%)
12 ms. Memory: 129024K Free: 60315K (47%)
/home/travis/build/icyphy/ptII/ptolemy/domains/de/test/RunDETestsAsQSS.tcl
Run the DE tests using ptolemy.domains.qss.test.QSSDirectorTest, which extends QSSDirector and prints a message in the constructors.
------------------ testing $PTII/ptolemy/domains/de/test/auto/knownFailedTests/dependencyLoop2.xml (Known Failure) 
14 ms. Memory: 129024K Free: 57243K (44%)


==== $PTIIhome/travis/build/icyphy/ptII/ptolemy/domains/de/test/../../../../: Auto Automatic test in file $PTII/ptolemy/domains/de/test/auto/knownFailedTests/dependencyLoop2.xml
==== Contents of test case:

	    # FIXME: we should use $relativeFilename here, but it
	    # might have backslashes under Windows, which causes no end
	    # of trouble.
	    createAndExecute $file
	    list {}
	
.... Test generated KNOWN error:
    while executing
ptolemy.kernel.util.IllegalActionException: Found a zero delay loop containing .dependencyLoop2.original
  in .dependencyLoop2 and .dependencyLoop2.original
	at ptolemy.actor.util.CausalityInterfaceForComposites._computeOutputPortDepth(CausalityInterfaceForComposites.java:759)
	at ptolemy.actor.util.CausalityInterfaceForComposites._computeInputDepth(CausalityInterfaceForComposites.java:696)
	at ptolemy.actor.util.CausalityInterfaceForComposites._computeOutputPortDepth(CausalityInterfaceForComposites.java:765)
	at ptolemy.actor.util.CausalityInterfaceForComposites._computeInputDepth(CausalityInterfaceForComposites.java:696)
	at ptolemy.actor.util.CausalityInterfaceForComposites._computeOutputPortDepth(CausalityInterfaceForComposites.java:765)
	at ptolemy.actor.util.CausalityInterfaceForComposites._computeInputDepth(CausalityInterfaceForComposites.java:696)
	at ptolemy.actor.util.CausalityInterfaceForComposites._computeActorDepth(CausalityInterfaceForComposites.java:532)
	at ptolemy.actor.util.CausalityInterfaceForComposites.checkForCycles(CausalityInterfaceForComposites.java:96)
	at ptolemy.domains.de.kernel.DEDirector.preinitialize(DEDirector.java:1338)
	at ptolemy.actor.CompositeActor.preinitialize(CompositeActor.java:1828)
	at ptolemy.actor.Manager.preinitializeAndResolveTypes(Manager.java:1040)
	at ptolemy.actor.Manager.initialize(Manager.java:710)
	at ptolemy.actor.Manager.execute(Manager.java:356)
	at ptolemy.actor.Manager.run(Manager.java:1263)
	at ptolemy.actor.Manager$PtolemyRunThread.run(Manager.java:1933)

    while executing
ptolemy.kernel.util.IllegalActionException: Found a zero delay loop containing .dependencyLoop2.original
  in .dependencyLoop2 and .dependencyLoop2.original
    while executing
"java::new ptolemy.moml.MoMLSimpleApplication $file
"
    (procedure "createAndExecute" line 2)
    invoked from within
"createAndExecute $file"
    ("uplevel" body line 5)
    invoked from within
"uplevel $contents_of_test"
------------------ testing $PTII/ptolemy/domains/de/test/auto/knownFailedTests/DESDFClockTest.xml (Known Failure) 
2058 ms. Memory: 129024K Free: 110778K (86%)


==== $PTIIhome/travis/build/icyphy/ptII/ptolemy/domains/de/test/../../../../: Auto Automatic test in file $PTII/ptolemy/domains/de/test/auto/knownFailedTests/DESDFClockTest.xml
==== Contents of test case:

	    # FIXME: we should use $relativeFilename here, but it
	    # might have backslashes under Windows, which causes no end
	    # of trouble.
	    createAndExecute $file
	    list {}
	
.... Test generated KNOWN error:
    while executing
ptolemy.kernel.util.IllegalActionException: Actor is not ready to fire.  Perhaps UpSample.prefire() returned false? Try debugging the actor by selecting "Listen to Actor".  Also, for SDF check moml for tokenConsumptionRate on input.
  in .DESDFClockTest.Play Bell.Copy1:SDF Director and .DESDFClockTest.Play Bell.UpSample
	at ptolemy.actor.sched.StaticSchedulingDirector.fire(StaticSchedulingDirector.java:227)
	at ptolemy.domains.sdf.kernel.SDFDirector.fire(SDFDirector.java:500)
	at ptolemy.actor.CompositeActor.fire(CompositeActor.java:455)
	at ptolemy.domains.de.kernel.DEDirector._fire(DEDirector.java:1949)
	at ptolemy.domains.de.kernel.DEDirector.fire(DEDirector.java:502)
	at ptolemy.actor.CompositeActor.fire(CompositeActor.java:455)
	at ptolemy.actor.Manager.iterate(Manager.java:851)
	at ptolemy.actor.Manager.execute(Manager.java:369)
	at ptolemy.actor.Manager.run(Manager.java:1263)
	at ptolemy.actor.Manager$PtolemyRunThread.run(Manager.java:1933)

    while executing
ptolemy.kernel.util.IllegalActionException: Actor is not ready to fire.  Perhaps UpSample.prefire() returned false? Try debugging the actor by selecting "Listen to Actor".  Also, for SDF check moml for tokenConsumptionRate on input.
  in .DESDFClockTest.Play Bell.Copy1:SDF Director and .DESDFClockTest.Play Bell.UpSample
    while executing
"java::new ptolemy.moml.MoMLSimpleApplication $file
"
    (procedure "createAndExecute" line 2)
    invoked from within
"createAndExecute $file"
    ("uplevel" body line 5)
    invoked from within
"uplevel $contents_of_test"
------------------ testing $PTII/ptolemy/domains/de/test/auto/knownFailedTests/HierarchicalModel.xml (Known Failure) 
6 ms. Memory: 129024K Free: 93156K (72%)


==== $PTIIhome/travis/build/icyphy/ptII/ptolemy/domains/de/test/../../../../: Auto Automatic test in file $PTII/ptolemy/domains/de/test/auto/knownFailedTests/HierarchicalModel.xml
==== Contents of test case:

	    # FIXME: we should use $relativeFilename here, but it
	    # might have backslashes under Windows, which causes no end
	    # of trouble.
	    createAndExecute $file
	    list {}
	
.... Test generated KNOWN error:
    while executing
ptolemy.kernel.util.IllegalActionException: Found a zero delay loop containing .HierarchicalModel.A
  in .HierarchicalModel and .HierarchicalModel.A
	at ptolemy.actor.util.CausalityInterfaceForComposites._computeOutputPortDepth(CausalityInterfaceForComposites.java:759)
	at ptolemy.actor.util.CausalityInterfaceForComposites._computeInputDepth(CausalityInterfaceForComposites.java:696)
	at ptolemy.actor.util.CausalityInterfaceForComposites._computeOutputPortDepth(CausalityInterfaceForComposites.java:765)
	at ptolemy.actor.util.CausalityInterfaceForComposites._computeInputDepth(CausalityInterfaceForComposites.java:696)
	at ptolemy.actor.util.CausalityInterfaceForComposites._computeOutputPortDepth(CausalityInterfaceForComposites.java:765)
	at ptolemy.actor.util.CausalityInterfaceForComposites._computeInputDepth(CausalityInterfaceForComposites.java:696)
	at ptolemy.actor.util.CausalityInterfaceForComposites._computeActorDepth(CausalityInterfaceForComposites.java:532)
	at ptolemy.actor.util.CausalityInterfaceForComposites.checkForCycles(CausalityInterfaceForComposites.java:96)
	at ptolemy.domains.de.kernel.DEDirector.preinitialize(DEDirector.java:1338)
	at ptolemy.actor.CompositeActor.preinitialize(CompositeActor.java:1828)
	at ptolemy.actor.Manager.preinitializeAndResolveTypes(Manager.java:1040)
	at ptolemy.actor.Manager.initialize(Manager.java:710)
	at ptolemy.actor.Manager.execute(Manager.java:356)
	at ptolemy.actor.Manager.run(Manager.java:1263)
	at ptolemy.actor.Manager$PtolemyRunThread.run(Manager.java:1933)

    while executing
ptolemy.kernel.util.IllegalActionException: Found a zero delay loop containing .HierarchicalModel.A
  in .HierarchicalModel and .HierarchicalModel.A
    while executing
"java::new ptolemy.moml.MoMLSimpleApplication $file
"
    (procedure "createAndExecute" line 2)
    invoked from within
"createAndExecute $file"
    ("uplevel" body line 5)
    invoked from within
"uplevel $contents_of_test"
------------------ testing $PTII/ptolemy/domains/de/test/auto/knownFailedTests/DirectFeedback.xml (Known Failure) 
32 ms. Memory: 129024K Free: 88876K (69%)


==== $PTIIhome/travis/build/icyphy/ptII/ptolemy/domains/de/test/../../../../: Auto Automatic test in file $PTII/ptolemy/domains/de/test/auto/knownFailedTests/DirectFeedback.xml
==== Contents of test case:

	    # FIXME: we should use $relativeFilename here, but it
	    # might have backslashes under Windows, which causes no end
	    # of trouble.
	    createAndExecute $file
	    list {}
	
.... Test generated KNOWN error:
    while executing
ptolemy.kernel.util.IllegalActionException: Test fails in iteration 1.
Value was: 1.0. Should have been: 2.0
  in .DirectFeedback.Test
	at ptolemy.actor.lib.Test.fire(Test.java:268)
	at ptolemy.domains.de.kernel.DEDirector._fire(DEDirector.java:1949)
	at ptolemy.domains.de.kernel.DEDirector.fire(DEDirector.java:502)
	at ptolemy.actor.CompositeActor.fire(CompositeActor.java:455)
	at ptolemy.actor.Manager.iterate(Manager.java:851)
	at ptolemy.actor.Manager.execute(Manager.java:369)
	at ptolemy.actor.Manager.run(Manager.java:1263)
	at ptolemy.actor.Manager$PtolemyRunThread.run(Manager.java:1933)

    while executing
ptolemy.kernel.util.IllegalActionException: Test fails in iteration 1.
Value was: 1.0. Should have been: 2.0
  in .DirectFeedback.Test
    while executing
"java::new ptolemy.moml.MoMLSimpleApplication $file
"
    (procedure "createAndExecute" line 2)
    invoked from within
"createAndExecute $file"
    ("uplevel" body line 5)
    invoked from within
"uplevel $contents_of_test"
------------------ testing $PTII/ptolemy/domains/de/test/auto/knownFailedTests/FSMSource.xml (Known Failure) 
34 ms. Memory: 129024K Free: 109479K (85%)
!!!! Auto was marked as failing, but now passes
------------------ testing $PTII/ptolemy/domains/de/test/auto/knownFailedTests/dependencyLoop.xml (Known Failure) 
4 ms. Memory: 129024K Free: 94119K (73%)


==== $PTIIhome/travis/build/icyphy/ptII/ptolemy/domains/de/test/../../../../: Auto Automatic test in file $PTII/ptolemy/domains/de/test/auto/knownFailedTests/dependencyLoop.xml
==== Contents of test case:

	    # FIXME: we should use $relativeFilename here, but it
	    # might have backslashes under Windows, which causes no end
	    # of trouble.
	    createAndExecute $file
	    list {}
	
.... Test generated KNOWN error:
    while executing
ptolemy.kernel.util.IllegalActionException: Found a zero delay loop containing .dependencyLoop.original
  in .dependencyLoop and .dependencyLoop.original
	at ptolemy.actor.util.CausalityInterfaceForComposites._computeOutputPortDepth(CausalityInterfaceForComposites.java:759)
	at ptolemy.actor.util.CausalityInterfaceForComposites._computeInputDepth(CausalityInterfaceForComposites.java:696)
	at ptolemy.actor.util.CausalityInterfaceForComposites._computeOutputPortDepth(CausalityInterfaceForComposites.java:765)
	at ptolemy.actor.util.CausalityInterfaceForComposites._computeInputDepth(CausalityInterfaceForComposites.java:696)
	at ptolemy.actor.util.CausalityInterfaceForComposites._computeOutputPortDepth(CausalityInterfaceForComposites.java:765)
	at ptolemy.actor.util.CausalityInterfaceForComposites._computeInputDepth(CausalityInterfaceForComposites.java:696)
	at ptolemy.actor.util.CausalityInterfaceForComposites._computeActorDepth(CausalityInterfaceForComposites.java:532)
	at ptolemy.actor.util.CausalityInterfaceForComposites.checkForCycles(CausalityInterfaceForComposites.java:96)
	at ptolemy.domains.de.kernel.DEDirector.preinitialize(DEDirector.java:1338)
	at ptolemy.actor.CompositeActor.preinitialize(CompositeActor.java:1828)
	at ptolemy.actor.Manager.preinitializeAndResolveTypes(Manager.java:1040)
	at ptolemy.actor.Manager.initialize(Manager.java:710)
	at ptolemy.actor.Manager.execute(Manager.java:356)
	at ptolemy.actor.Manager.run(Manager.java:1263)
	at ptolemy.actor.Manager$PtolemyRunThread.run(Manager.java:1933)

    while executing
ptolemy.kernel.util.IllegalActionException: Found a zero delay loop containing .dependencyLoop.original
  in .dependencyLoop and .dependencyLoop.original
    while executing
"java::new ptolemy.moml.MoMLSimpleApplication $file
"
    (procedure "createAndExecute" line 2)
    invoked from within
"createAndExecute $file"
    ("uplevel" body line 5)
    invoked from within
"uplevel $contents_of_test"
------------------ testing $PTII/ptolemy/domains/de/test/auto/ActorDepthCalculation_actorWithoutPorts.xml
auto.tcl: Setting watchdog for 200 seconds at Mon Dec 06 02:05:35 UTC 2021
8 ms. Memory: 129024K Free: 86951K (67%)
ptolemy.util.test.WatchDog.cancel(): canceling Mon Dec 06 02:05:35 UTC 2021
auto.tcl: Setting watchdog for 200 seconds at Mon Dec 06 02:05:35 UTC 2021
3 ms. Memory: 129024K Free: 85399K (66%)
ptolemy.util.test.WatchDog.cancel(): canceling Mon Dec 06 02:05:35 UTC 2021
------------------ testing $PTII/ptolemy/domains/de/test/auto/AssemblyLine.xml
auto.tcl: Setting watchdog for 200 seconds at Mon Dec 06 02:05:35 UTC 2021
11 ms. Memory: 51200K Free: 27668K (54%)
ptolemy.util.test.WatchDog.cancel(): canceling Mon Dec 06 02:05:35 UTC 2021
auto.tcl: Setting watchdog for 200 seconds at Mon Dec 06 02:05:35 UTC 2021
6 ms. Memory: 51200K Free: 27048K (53%)
ptolemy.util.test.WatchDog.cancel(): canceling Mon Dec 06 02:05:35 UTC 2021
------------------ testing $PTII/ptolemy/domains/de/test/auto/CQBug1.xml
auto.tcl: Setting watchdog for 200 seconds at Mon Dec 06 02:05:36 UTC 2021
2 ms. Memory: 51200K Free: 33274K (65%)
ptolemy.util.test.WatchDog.cancel(): canceling Mon Dec 06 02:05:36 UTC 2021
auto.tcl: Setting watchdog for 200 seconds at Mon Dec 06 02:05:36 UTC 2021
1 ms. Memory: 51200K Free: 32830K (64%)
ptolemy.util.test.WatchDog.cancel(): canceling Mon Dec 06 02:05:36 UTC 2021
------------------ testing $PTII/ptolemy/domains/de/test/auto/CancelFireAt.xml
auto.tcl: Setting watchdog for 200 seconds at Mon Dec 06 02:05:36 UTC 2021
4 ms. Memory: 51200K Free: 34392K (67%)
ptolemy.util.test.WatchDog.cancel(): canceling Mon Dec 06 02:05:36 UTC 2021
auto.tcl: Setting watchdog for 200 seconds at Mon Dec 06 02:05:36 UTC 2021
1 ms. Memory: 51200K Free: 33955K (66%)
ptolemy.util.test.WatchDog.cancel(): canceling Mon Dec 06 02:05:36 UTC 2021
------------------ testing $PTII/ptolemy/domains/de/test/auto/CausalityAndComposabilityAnalysis.xml
auto.tcl: Setting watchdog for 200 seconds at Mon Dec 06 02:05:36 UTC 2021
8 ms. Memory: 51200K Free: 32158K (63%)
ptolemy.util.test.WatchDog.cancel(): canceling Mon Dec 06 02:05:36 UTC 2021
auto.tcl: Setting watchdog for 200 seconds at Mon Dec 06 02:05:36 UTC 2021
5 ms. Memory: 51200K Free: 31706K (62%)
ptolemy.util.test.WatchDog.cancel(): canceling Mon Dec 06 02:05:36 UTC 2021
------------------ testing $PTII/ptolemy/domains/de/test/auto/CausalityInterface1.xml
auto.tcl: Setting watchdog for 200 seconds at Mon Dec 06 02:05:36 UTC 2021
28 ms. Memory: 51200K Free: 31111K (61%)
ptolemy.util.test.WatchDog.cancel(): canceling Mon Dec 06 02:05:36 UTC 2021
auto.tcl: Setting watchdog for 200 seconds at Mon Dec 06 02:05:36 UTC 2021
4 ms. Memory: 51200K Free: 30183K (59%)
ptolemy.util.test.WatchDog.cancel(): canceling Mon Dec 06 02:05:36 UTC 2021
------------------ testing $PTII/ptolemy/domains/de/test/auto/CausalityInterface15.xml
auto.tcl: Setting watchdog for 200 seconds at Mon Dec 06 02:05:36 UTC 2021
8 ms. Memory: 51200K Free: 31264K (61%)
ptolemy.util.test.WatchDog.cancel(): canceling Mon Dec 06 02:05:36 UTC 2021
auto.tcl: Setting watchdog for 200 seconds at Mon Dec 06 02:05:36 UTC 2021
5 ms. Memory: 51200K Free: 30101K (59%)
ptolemy.util.test.WatchDog.cancel(): canceling Mon Dec 06 02:05:36 UTC 2021
------------------ testing $PTII/ptolemy/domains/de/test/auto/CausalityInterface2.xml
auto.tcl: Setting watchdog for 200 seconds at Mon Dec 06 02:05:36 UTC 2021
5 ms. Memory: 51200K Free: 31987K (62%)
ptolemy.util.test.WatchDog.cancel(): canceling Mon Dec 06 02:05:36 UTC 2021
auto.tcl: Setting watchdog for 200 seconds at Mon Dec 06 02:05:36 UTC 2021
5 ms. Memory: 51200K Free: 31127K (61%)
ptolemy.util.test.WatchDog.cancel(): canceling Mon Dec 06 02:05:36 UTC 2021
------------------ testing $PTII/ptolemy/domains/de/test/auto/CausalityInterface3.xml
auto.tcl: Setting watchdog for 200 seconds at Mon Dec 06 02:05:36 UTC 2021
3 ms. Memory: 51200K Free: 31292K (61%)
ptolemy.util.test.WatchDog.cancel(): canceling Mon Dec 06 02:05:36 UTC 2021
auto.tcl: Setting watchdog for 200 seconds at Mon Dec 06 02:05:36 UTC 2021
2 ms. Memory: 51200K Free: 30566K (60%)
ptolemy.util.test.WatchDog.cancel(): canceling Mon Dec 06 02:05:36 UTC 2021
------------------ testing $PTII/ptolemy/domains/de/test/auto/ClockDrift.xml
auto.tcl: Setting watchdog for 200 seconds at Mon Dec 06 02:05:36 UTC 2021
67 ms. Memory: 51200K Free: 23875K (47%)
ptolemy.util.test.WatchDog.cancel(): canceling Mon Dec 06 02:05:36 UTC 2021
auto.tcl: Setting watchdog for 200 seconds at Mon Dec 06 02:05:36 UTC 2021
52 ms. Memory: 51200K Free: 20462K (40%)
ptolemy.util.test.WatchDog.cancel(): canceling Mon Dec 06 02:05:36 UTC 2021
------------------ testing $PTII/ptolemy/domains/de/test/auto/ClockDriftAndValueChange.xml
auto.tcl: Setting watchdog for 200 seconds at Mon Dec 06 02:05:36 UTC 2021
36 ms. Memory: 51200K Free: 24255K (47%)
ptolemy.util.test.WatchDog.cancel(): canceling Mon Dec 06 02:05:36 UTC 2021
auto.tcl: Setting watchdog for 200 seconds at Mon Dec 06 02:05:36 UTC 2021
23 ms. Memory: 51200K Free: 21183K (41%)
ptolemy.util.test.WatchDog.cancel(): canceling Mon Dec 06 02:05:36 UTC 2021
------------------ testing $PTII/ptolemy/domains/de/test/auto/ClockDriftChange.xml
auto.tcl: Setting watchdog for 200 seconds at Mon Dec 06 02:05:36 UTC 2021
17 ms. Memory: 51200K Free: 26042K (51%)
ptolemy.util.test.WatchDog.cancel(): canceling Mon Dec 06 02:05:36 UTC 2021
auto.tcl: Setting watchdog for 200 seconds at Mon Dec 06 02:05:36 UTC 2021
23 ms. Memory: 51200K Free: 23441K (46%)
ptolemy.util.test.WatchDog.cancel(): canceling Mon Dec 06 02:05:37 UTC 2021
------------------ testing $PTII/ptolemy/domains/de/test/auto/ComposableCausalityAnalysis.xml
auto.tcl: Setting watchdog for 200 seconds at Mon Dec 06 02:05:37 UTC 2021
2 ms. Memory: 51200K Free: 30556K (60%)
ptolemy.util.test.WatchDog.cancel(): canceling Mon Dec 06 02:05:37 UTC 2021
auto.tcl: Setting watchdog for 200 seconds at Mon Dec 06 02:05:37 UTC 2021
1 ms. Memory: 51200K Free: 29558K (58%)
ptolemy.util.test.WatchDog.cancel(): canceling Mon Dec 06 02:05:37 UTC 2021
------------------ testing $PTII/ptolemy/domains/de/test/auto/DEFixedPointLimitation.xml
auto.tcl: Setting watchdog for 200 seconds at Mon Dec 06 02:05:37 UTC 2021
2 ms. Memory: 51200K Free: 31990K (62%)
ptolemy.util.test.WatchDog.cancel(): canceling Mon Dec 06 02:05:37 UTC 2021
auto.tcl: Setting watchdog for 200 seconds at Mon Dec 06 02:05:37 UTC 2021
1 ms. Memory: 51200K Free: 31096K (61%)
ptolemy.util.test.WatchDog.cancel(): canceling Mon Dec 06 02:05:37 UTC 2021
------------------ testing $PTII/ptolemy/domains/de/test/auto/DEScheduleTest.xml
auto.tcl: Setting watchdog for 200 seconds at Mon Dec 06 02:05:37 UTC 2021
3 ms. Memory: 51200K Free: 32329K (63%)
ptolemy.util.test.WatchDog.cancel(): canceling Mon Dec 06 02:05:37 UTC 2021
auto.tcl: Setting watchdog for 200 seconds at Mon Dec 06 02:05:37 UTC 2021
2 ms. Memory: 51200K Free: 31573K (62%)
ptolemy.util.test.WatchDog.cancel(): canceling Mon Dec 06 02:05:37 UTC 2021
------------------ testing $PTII/ptolemy/domains/de/test/auto/DEinDEwithStartTimes.xml
auto.tcl: Setting watchdog for 200 seconds at Mon Dec 06 02:05:37 UTC 2021
5 ms. Memory: 51200K Free: 30518K (60%)
ptolemy.util.test.WatchDog.cancel(): canceling Mon Dec 06 02:05:37 UTC 2021
auto.tcl: Setting watchdog for 200 seconds at Mon Dec 06 02:05:37 UTC 2021
3 ms. Memory: 51200K Free: 29494K (58%)
ptolemy.util.test.WatchDog.cancel(): canceling Mon Dec 06 02:05:37 UTC 2021
------------------ testing $PTII/ptolemy/domains/de/test/auto/DEinDEwithStartTimes2.xml
auto.tcl: Setting watchdog for 200 seconds at Mon Dec 06 02:05:37 UTC 2021
5 ms. Memory: 51200K Free: 29618K (58%)
ptolemy.util.test.WatchDog.cancel(): canceling Mon Dec 06 02:05:37 UTC 2021
auto.tcl: Setting watchdog for 200 seconds at Mon Dec 06 02:05:37 UTC 2021
3 ms. Memory: 51200K Free: 28449K (56%)
ptolemy.util.test.WatchDog.cancel(): canceling Mon Dec 06 02:05:37 UTC 2021
------------------ testing $PTII/ptolemy/domains/de/test/auto/DateDemo.xml
auto.tcl: Setting watchdog for 200 seconds at Mon Dec 06 02:05:37 UTC 2021
15 ms. Memory: 51200K Free: 24329K (48%)
ptolemy.util.test.WatchDog.cancel(): canceling Mon Dec 06 02:05:37 UTC 2021
auto.tcl: Setting watchdog for 200 seconds at Mon Dec 06 02:05:37 UTC 2021
5 ms. Memory: 51200K Free: 22444K (44%)
ptolemy.util.test.WatchDog.cancel(): canceling Mon Dec 06 02:05:37 UTC 2021
------------------ testing $PTII/ptolemy/domains/de/test/auto/DateToEvent.xml
auto.tcl: Setting watchdog for 200 seconds at Mon Dec 06 02:05:37 UTC 2021
2014 ms. Memory: 51200K Free: 20013K (39%)
ptolemy.util.test.WatchDog.cancel(): canceling Mon Dec 06 02:05:39 UTC 2021
auto.tcl: Setting watchdog for 200 seconds at Mon Dec 06 02:05:39 UTC 2021
2005 ms. Memory: 51200K Free: 19117K (37%)
ptolemy.util.test.WatchDog.cancel(): canceling Mon Dec 06 02:05:41 UTC 2021
------------------ testing $PTII/ptolemy/domains/de/test/auto/DepthTest1.xml
auto.tcl: Setting watchdog for 200 seconds at Mon Dec 06 02:05:41 UTC 2021
2 ms. Memory: 51200K Free: 33143K (65%)
ptolemy.util.test.WatchDog.cancel(): canceling Mon Dec 06 02:05:41 UTC 2021
auto.tcl: Setting watchdog for 200 seconds at Mon Dec 06 02:05:41 UTC 2021
2 ms. Memory: 51200K Free: 32683K (64%)
ptolemy.util.test.WatchDog.cancel(): canceling Mon Dec 06 02:05:41 UTC 2021
------------------ testing $PTII/ptolemy/domains/de/test/auto/DepthTest2.xml
auto.tcl: Setting watchdog for 200 seconds at Mon Dec 06 02:05:41 UTC 2021
10 ms. Memory: 51200K Free: 29948K (58%)
ptolemy.util.test.WatchDog.cancel(): canceling Mon Dec 06 02:05:41 UTC 2021
auto.tcl: Setting watchdog for 200 seconds at Mon Dec 06 02:05:41 UTC 2021
2 ms. Memory: 51200K Free: 29495K (58%)
ptolemy.util.test.WatchDog.cancel(): canceling Mon Dec 06 02:05:41 UTC 2021
------------------ testing $PTII/ptolemy/domains/de/test/auto/DepthTest3.xml
auto.tcl: Setting watchdog for 200 seconds at Mon Dec 06 02:05:41 UTC 2021
2 ms. Memory: 51200K Free: 33482K (65%)
ptolemy.util.test.WatchDog.cancel(): canceling Mon Dec 06 02:05:41 UTC 2021
auto.tcl: Setting watchdog for 200 seconds at Mon Dec 06 02:05:41 UTC 2021
1 ms. Memory: 51200K Free: 33013K (64%)
ptolemy.util.test.WatchDog.cancel(): canceling Mon Dec 06 02:05:41 UTC 2021
------------------ testing $PTII/ptolemy/domains/de/test/auto/DepthTest4.xml
auto.tcl: Setting watchdog for 200 seconds at Mon Dec 06 02:05:41 UTC 2021
3 ms. Memory: 51200K Free: 31712K (62%)
ptolemy.util.test.WatchDog.cancel(): canceling Mon Dec 06 02:05:41 UTC 2021
auto.tcl: Setting watchdog for 200 seconds at Mon Dec 06 02:05:41 UTC 2021
2 ms. Memory: 51200K Free: 31049K (61%)
ptolemy.util.test.WatchDog.cancel(): canceling Mon Dec 06 02:05:41 UTC 2021
------------------ testing $PTII/ptolemy/domains/de/test/auto/DepthTest5.xml
auto.tcl: Setting watchdog for 200 seconds at Mon Dec 06 02:05:41 UTC 2021
2 ms. Memory: 51200K Free: 31173K (61%)
ptolemy.util.test.WatchDog.cancel(): canceling Mon Dec 06 02:05:41 UTC 2021
auto.tcl: Setting watchdog for 200 seconds at Mon Dec 06 02:05:41 UTC 2021
3 ms. Memory: 51200K Free: 30432K (59%)
ptolemy.util.test.WatchDog.cancel(): canceling Mon Dec 06 02:05:41 UTC 2021
------------------ testing $PTII/ptolemy/domains/de/test/auto/DepthTest6.xml
auto.tcl: Setting watchdog for 200 seconds at Mon Dec 06 02:05:41 UTC 2021
4 ms. Memory: 51200K Free: 30602K (60%)
ptolemy.util.test.WatchDog.cancel(): canceling Mon Dec 06 02:05:41 UTC 2021
auto.tcl: Setting watchdog for 200 seconds at Mon Dec 06 02:05:41 UTC 2021
2 ms. Memory: 51200K Free: 29953K (59%)
ptolemy.util.test.WatchDog.cancel(): canceling Mon Dec 06 02:05:41 UTC 2021
------------------ testing $PTII/ptolemy/domains/de/test/auto/DepthTest7.xml
auto.tcl: Setting watchdog for 200 seconds at Mon Dec 06 02:05:41 UTC 2021
2 ms. Memory: 51200K Free: 30902K (60%)
ptolemy.util.test.WatchDog.cancel(): canceling Mon Dec 06 02:05:42 UTC 2021
auto.tcl: Setting watchdog for 200 seconds at Mon Dec 06 02:05:42 UTC 2021
2 ms. Memory: 51200K Free: 30465K (60%)
ptolemy.util.test.WatchDog.cancel(): canceling Mon Dec 06 02:05:42 UTC 2021
------------------ testing $PTII/ptolemy/domains/de/test/auto/EventToDate.xml
auto.tcl: Setting watchdog for 200 seconds at Mon Dec 06 02:05:42 UTC 2021
3005 ms. Memory: 51200K Free: 22235K (43%)
ptolemy.util.test.WatchDog.cancel(): canceling Mon Dec 06 02:05:45 UTC 2021
auto.tcl: Setting watchdog for 200 seconds at Mon Dec 06 02:05:45 UTC 2021
3003 ms. Memory: 51200K Free: 21337K (42%)
ptolemy.util.test.WatchDog.cancel(): canceling Mon Dec 06 02:05:48 UTC 2021
------------------ testing $PTII/ptolemy/domains/de/test/auto/FSM1.xml
auto.tcl: Setting watchdog for 200 seconds at Mon Dec 06 02:05:48 UTC 2021
35 ms. Memory: 51200K Free: 23717K (46%)
ptolemy.util.test.WatchDog.cancel(): canceling Mon Dec 06 02:05:48 UTC 2021
auto.tcl: Setting watchdog for 200 seconds at Mon Dec 06 02:05:48 UTC 2021
32 ms. Memory: 51200K Free: 20444K (40%)
ptolemy.util.test.WatchDog.cancel(): canceling Mon Dec 06 02:05:48 UTC 2021
------------------ testing $PTII/ptolemy/domains/de/test/auto/FSM7.xml
auto.tcl: Setting watchdog for 200 seconds at Mon Dec 06 02:05:48 UTC 2021
14 ms. Memory: 51200K Free: 23594K (46%)
ptolemy.util.test.WatchDog.cancel(): canceling Mon Dec 06 02:05:48 UTC 2021
auto.tcl: Setting watchdog for 200 seconds at Mon Dec 06 02:05:48 UTC 2021
12 ms. Memory: 51200K Free: 20634K (40%)
ptolemy.util.test.WatchDog.cancel(): canceling Mon Dec 06 02:05:48 UTC 2021
------------------ testing $PTII/ptolemy/domains/de/test/auto/Inspection.xml
auto.tcl: Setting watchdog for 200 seconds at Mon Dec 06 02:05:48 UTC 2021
23 ms. Memory: 51200K Free: 23390K (46%)
ptolemy.util.test.WatchDog.cancel(): canceling Mon Dec 06 02:05:48 UTC 2021
auto.tcl: Setting watchdog for 200 seconds at Mon Dec 06 02:05:48 UTC 2021
18 ms. Memory: 51200K Free: 21694K (42%)
ptolemy.util.test.WatchDog.cancel(): canceling Mon Dec 06 02:05:48 UTC 2021
------------------ testing $PTII/ptolemy/domains/de/test/auto/Iteration.xml
auto.tcl: Setting watchdog for 200 seconds at Mon Dec 06 02:05:48 UTC 2021
7 ms. Memory: 51200K Free: 28927K (56%)
ptolemy.util.test.WatchDog.cancel(): canceling Mon Dec 06 02:05:48 UTC 2021
auto.tcl: Setting watchdog for 200 seconds at Mon Dec 06 02:05:48 UTC 2021
6 ms. Memory: 51200K Free: 27731K (54%)
ptolemy.util.test.WatchDog.cancel(): canceling Mon Dec 06 02:05:48 UTC 2021
------------------ testing $PTII/ptolemy/domains/de/test/auto/LineFault.xml
auto.tcl: Setting watchdog for 200 seconds at Mon Dec 06 02:05:48 UTC 2021
552 ms. Memory: 51200K Free: 13010K (25%)
ptolemy.util.test.WatchDog.cancel(): canceling Mon Dec 06 02:05:49 UTC 2021
auto.tcl: Setting watchdog for 200 seconds at Mon Dec 06 02:05:49 UTC 2021
485 ms. Memory: 62464K Free: 37785K (60%)
ptolemy.util.test.WatchDog.cancel(): canceling Mon Dec 06 02:05:49 UTC 2021
------------------ testing $PTII/ptolemy/domains/de/test/auto/MergeModel1Add.xml
auto.tcl: Setting watchdog for 200 seconds at Mon Dec 06 02:05:49 UTC 2021
13 ms. Memory: 58368K Free: 22338K (38%)
ptolemy.util.test.WatchDog.cancel(): canceling Mon Dec 06 02:05:49 UTC 2021
auto.tcl: Setting watchdog for 200 seconds at Mon Dec 06 02:05:49 UTC 2021
9 ms. Memory: 58368K Free: 20731K (36%)
ptolemy.util.test.WatchDog.cancel(): canceling Mon Dec 06 02:05:49 UTC 2021
------------------ testing $PTII/ptolemy/domains/de/test/auto/MergeModel2Add.xml
auto.tcl: Setting watchdog for 200 seconds at Mon Dec 06 02:05:50 UTC 2021
11 ms. Memory: 55296K Free: 21595K (39%)
ptolemy.util.test.WatchDog.cancel(): canceling Mon Dec 06 02:05:50 UTC 2021
auto.tcl: Setting watchdog for 200 seconds at Mon Dec 06 02:05:50 UTC 2021
8 ms. Memory: 55296K Free: 19939K (36%)
ptolemy.util.test.WatchDog.cancel(): canceling Mon Dec 06 02:05:50 UTC 2021
------------------ testing $PTII/ptolemy/domains/de/test/auto/MergeModel3Add.xml
auto.tcl: Setting watchdog for 200 seconds at Mon Dec 06 02:05:50 UTC 2021
9 ms. Memory: 51200K Free: 17242K (34%)
ptolemy.util.test.WatchDog.cancel(): canceling Mon Dec 06 02:05:50 UTC 2021
auto.tcl: Setting watchdog for 200 seconds at Mon Dec 06 02:05:50 UTC 2021
9 ms. Memory: 51200K Free: 15900K (31%)
ptolemy.util.test.WatchDog.cancel(): canceling Mon Dec 06 02:05:50 UTC 2021
------------------ testing $PTII/ptolemy/domains/de/test/auto/MergeWithoutDiscard.xml
auto.tcl: Setting watchdog for 200 seconds at Mon Dec 06 02:05:50 UTC 2021
4 ms. Memory: 51200K Free: 32128K (63%)
ptolemy.util.test.WatchDog.cancel(): canceling Mon Dec 06 02:05:50 UTC 2021
auto.tcl: Setting watchdog for 200 seconds at Mon Dec 06 02:05:50 UTC 2021
1 ms. Memory: 51200K Free: 31636K (62%)
ptolemy.util.test.WatchDog.cancel(): canceling Mon Dec 06 02:05:50 UTC 2021
------------------ testing $PTII/ptolemy/domains/de/test/auto/Modal1.xml
auto.tcl: Setting watchdog for 200 seconds at Mon Dec 06 02:05:50 UTC 2021
11 ms. Memory: 51200K Free: 23701K (46%)
ptolemy.util.test.WatchDog.cancel(): canceling Mon Dec 06 02:05:50 UTC 2021
auto.tcl: Setting watchdog for 200 seconds at Mon Dec 06 02:05:50 UTC 2021
12 ms. Memory: 51200K Free: 20234K (40%)
ptolemy.util.test.WatchDog.cancel(): canceling Mon Dec 06 02:05:50 UTC 2021
------------------ testing $PTII/ptolemy/domains/de/test/auto/Modal2.xml
auto.tcl: Setting watchdog for 200 seconds at Mon Dec 06 02:05:50 UTC 2021
11 ms. Memory: 51200K Free: 23847K (47%)
ptolemy.util.test.WatchDog.cancel(): canceling Mon Dec 06 02:05:50 UTC 2021
auto.tcl: Setting watchdog for 200 seconds at Mon Dec 06 02:05:50 UTC 2021
13 ms. Memory: 51200K Free: 20597K (40%)
ptolemy.util.test.WatchDog.cancel(): canceling Mon Dec 06 02:05:50 UTC 2021
------------------ testing $PTII/ptolemy/domains/de/test/auto/Modal3.xml
auto.tcl: Setting watchdog for 200 seconds at Mon Dec 06 02:05:50 UTC 2021
10 ms. Memory: 51200K Free: 23562K (46%)
ptolemy.util.test.WatchDog.cancel(): canceling Mon Dec 06 02:05:50 UTC 2021
auto.tcl: Setting watchdog for 200 seconds at Mon Dec 06 02:05:50 UTC 2021
10 ms. Memory: 51200K Free: 20620K (40%)
ptolemy.util.test.WatchDog.cancel(): canceling Mon Dec 06 02:05:50 UTC 2021
------------------ testing $PTII/ptolemy/domains/de/test/auto/Modal4.xml
auto.tcl: Setting watchdog for 200 seconds at Mon Dec 06 02:05:50 UTC 2021
13 ms. Memory: 51200K Free: 22788K (45%)
ptolemy.util.test.WatchDog.cancel(): canceling Mon Dec 06 02:05:50 UTC 2021
auto.tcl: Setting watchdog for 200 seconds at Mon Dec 06 02:05:50 UTC 2021
21 ms. Memory: 51200K Free: 18970K (37%)
ptolemy.util.test.WatchDog.cancel(): canceling Mon Dec 06 02:05:50 UTC 2021
------------------ testing $PTII/ptolemy/domains/de/test/auto/Modal5.xml
auto.tcl: Setting watchdog for 200 seconds at Mon Dec 06 02:05:50 UTC 2021
12 ms. Memory: 51200K Free: 22806K (45%)
ptolemy.util.test.WatchDog.cancel(): canceling Mon Dec 06 02:05:50 UTC 2021
auto.tcl: Setting watchdog for 200 seconds at Mon Dec 06 02:05:50 UTC 2021
14 ms. Memory: 51200K Free: 18958K (37%)
ptolemy.util.test.WatchDog.cancel(): canceling Mon Dec 06 02:05:50 UTC 2021
------------------ testing $PTII/ptolemy/domains/de/test/auto/Modal6.xml
auto.tcl: Setting watchdog for 200 seconds at Mon Dec 06 02:05:50 UTC 2021
11 ms. Memory: 51200K Free: 23568K (46%)
ptolemy.util.test.WatchDog.cancel(): canceling Mon Dec 06 02:05:50 UTC 2021
auto.tcl: Setting watchdog for 200 seconds at Mon Dec 06 02:05:50 UTC 2021
14 ms. Memory: 51200K Free: 19980K (39%)
ptolemy.util.test.WatchDog.cancel(): canceling Mon Dec 06 02:05:50 UTC 2021
------------------ testing $PTII/ptolemy/domains/de/test/auto/Modal7.xml
auto.tcl: Setting watchdog for 200 seconds at Mon Dec 06 02:05:50 UTC 2021
10 ms. Memory: 51200K Free: 22528K (44%)
ptolemy.util.test.WatchDog.cancel(): canceling Mon Dec 06 02:05:50 UTC 2021
auto.tcl: Setting watchdog for 200 seconds at Mon Dec 06 02:05:50 UTC 2021
11 ms. Memory: 51200K Free: 18956K (37%)
ptolemy.util.test.WatchDog.cancel(): canceling Mon Dec 06 02:05:50 UTC 2021
------------------ testing $PTII/ptolemy/domains/de/test/auto/ModalModel.xml
auto.tcl: Setting watchdog for 200 seconds at Mon Dec 06 02:05:50 UTC 2021
197 ms. Memory: 51200K Free: 14403K (28%)
ptolemy.util.test.WatchDog.cancel(): canceling Mon Dec 06 02:05:51 UTC 2021
auto.tcl: Setting watchdog for 200 seconds at Mon Dec 06 02:05:51 UTC 2021
214 ms. Memory: 64512K Free: 19275K (30%)
ptolemy.util.test.WatchDog.cancel(): canceling Mon Dec 06 02:05:51 UTC 2021
------------------ testing $PTII/ptolemy/domains/de/test/auto/ModalSource.xml
auto.tcl: Setting watchdog for 200 seconds at Mon Dec 06 02:05:51 UTC 2021
6 ms. Memory: 58368K Free: 34766K (60%)
ptolemy.util.test.WatchDog.cancel(): canceling Mon Dec 06 02:05:51 UTC 2021
auto.tcl: Setting watchdog for 200 seconds at Mon Dec 06 02:05:51 UTC 2021
5 ms. Memory: 58368K Free: 32750K (56%)
ptolemy.util.test.WatchDog.cancel(): canceling Mon Dec 06 02:05:51 UTC 2021
------------------ testing $PTII/ptolemy/domains/de/test/auto/NonInterruptibleTimerZeroDelay.xml
auto.tcl: Setting watchdog for 200 seconds at Mon Dec 06 02:05:51 UTC 2021
3 ms. Memory: 55296K Free: 36896K (67%)
ptolemy.util.test.WatchDog.cancel(): canceling Mon Dec 06 02:05:51 UTC 2021
auto.tcl: Setting watchdog for 200 seconds at Mon Dec 06 02:05:51 UTC 2021
2 ms. Memory: 55296K Free: 35983K (65%)
ptolemy.util.test.WatchDog.cancel(): canceling Mon Dec 06 02:05:51 UTC 2021
------------------ testing $PTII/ptolemy/domains/de/test/auto/OpenQueueingNetwork.xml
auto.tcl: Setting watchdog for 200 seconds at Mon Dec 06 02:05:51 UTC 2021
2727 ms. Memory: 110592K Free: 50183K (45%)
ptolemy.util.test.WatchDog.cancel(): canceling Mon Dec 06 02:05:54 UTC 2021
auto.tcl: Setting watchdog for 200 seconds at Mon Dec 06 02:05:54 UTC 2021
2263 ms. Memory: 133120K Free: 84396K (63%)
ptolemy.util.test.WatchDog.cancel(): canceling Mon Dec 06 02:05:56 UTC 2021
------------------ testing $PTII/ptolemy/domains/de/test/auto/OpenQueuingNetwork.xml
auto.tcl: Setting watchdog for 200 seconds at Mon Dec 06 02:05:56 UTC 2021
229 ms. Memory: 55296K Free: 23634K (43%)
ptolemy.util.test.WatchDog.cancel(): canceling Mon Dec 06 02:05:57 UTC 2021
auto.tcl: Setting watchdog for 200 seconds at Mon Dec 06 02:05:57 UTC 2021
219 ms. Memory: 66560K Free: 14744K (22%)
ptolemy.util.test.WatchDog.cancel(): canceling Mon Dec 06 02:05:57 UTC 2021
------------------ testing $PTII/ptolemy/domains/de/test/auto/PeriodicSampler.xml
auto.tcl: Setting watchdog for 200 seconds at Mon Dec 06 02:05:57 UTC 2021
2 ms. Memory: 58368K Free: 38931K (67%)
ptolemy.util.test.WatchDog.cancel(): canceling Mon Dec 06 02:05:57 UTC 2021
auto.tcl: Setting watchdog for 200 seconds at Mon Dec 06 02:05:57 UTC 2021
2 ms. Memory: 58368K Free: 38417K (66%)
ptolemy.util.test.WatchDog.cancel(): canceling Mon Dec 06 02:05:57 UTC 2021
------------------ testing $PTII/ptolemy/domains/de/test/auto/PersistentIO.xml
auto.tcl: Setting watchdog for 200 seconds at Mon Dec 06 02:05:57 UTC 2021
12 ms. Memory: 51200K Free: 26688K (52%)
ptolemy.util.test.WatchDog.cancel(): canceling Mon Dec 06 02:05:57 UTC 2021
auto.tcl: Setting watchdog for 200 seconds at Mon Dec 06 02:05:57 UTC 2021
3 ms. Memory: 51200K Free: 25195K (49%)
ptolemy.util.test.WatchDog.cancel(): canceling Mon Dec 06 02:05:57 UTC 2021
------------------ testing $PTII/ptolemy/domains/de/test/auto/PortParameterResetOnInitialize.xml
auto.tcl: Setting watchdog for 200 seconds at Mon Dec 06 02:05:57 UTC 2021
6 ms. Memory: 51200K Free: 31685K (62%)
ptolemy.util.test.WatchDog.cancel(): canceling Mon Dec 06 02:05:57 UTC 2021
auto.tcl: Setting watchdog for 200 seconds at Mon Dec 06 02:05:57 UTC 2021
2 ms. Memory: 51200K Free: 31183K (61%)
ptolemy.util.test.WatchDog.cancel(): canceling Mon Dec 06 02:05:57 UTC 2021
------------------ testing $PTII/ptolemy/domains/de/test/auto/PortParameterUpdates.xml
auto.tcl: Setting watchdog for 200 seconds at Mon Dec 06 02:05:57 UTC 2021
6 ms. Memory: 51200K Free: 29995K (59%)
ptolemy.util.test.WatchDog.cancel(): canceling Mon Dec 06 02:05:57 UTC 2021
auto.tcl: Setting watchdog for 200 seconds at Mon Dec 06 02:05:57 UTC 2021
3 ms. Memory: 51200K Free: 28772K (56%)
ptolemy.util.test.WatchDog.cancel(): canceling Mon Dec 06 02:05:57 UTC 2021
------------------ testing $PTII/ptolemy/domains/de/test/auto/QueueAndServer.xml
auto.tcl: Setting watchdog for 200 seconds at Mon Dec 06 02:05:57 UTC 2021
12 ms. Memory: 51200K Free: 28344K (55%)
ptolemy.util.test.WatchDog.cancel(): canceling Mon Dec 06 02:05:57 UTC 2021
auto.tcl: Setting watchdog for 200 seconds at Mon Dec 06 02:05:57 UTC 2021
5 ms. Memory: 51200K Free: 27211K (53%)
ptolemy.util.test.WatchDog.cancel(): canceling Mon Dec 06 02:05:57 UTC 2021
------------------ testing $PTII/ptolemy/domains/de/test/auto/Records.xml
auto.tcl: Setting watchdog for 200 seconds at Mon Dec 06 02:05:57 UTC 2021
3 ms. Memory: 51200K Free: 30926K (60%)
ptolemy.util.test.WatchDog.cancel(): canceling Mon Dec 06 02:05:57 UTC 2021
auto.tcl: Setting watchdog for 200 seconds at Mon Dec 06 02:05:57 UTC 2021
1 ms. Memory: 51200K Free: 30438K (59%)
ptolemy.util.test.WatchDog.cancel(): canceling Mon Dec 06 02:05:57 UTC 2021
------------------ testing $PTII/ptolemy/domains/de/test/auto/ResetTransitionWithStartTime1.xml
auto.tcl: Setting watchdog for 200 seconds at Mon Dec 06 02:05:57 UTC 2021
9 ms. Memory: 51200K Free: 28263K (55%)
ptolemy.util.test.WatchDog.cancel(): canceling Mon Dec 06 02:05:57 UTC 2021
auto.tcl: Setting watchdog for 200 seconds at Mon Dec 06 02:05:57 UTC 2021
5 ms. Memory: 51200K Free: 26173K (51%)
ptolemy.util.test.WatchDog.cancel(): canceling Mon Dec 06 02:05:57 UTC 2021
------------------ testing $PTII/ptolemy/domains/de/test/auto/ResetTransitionWithStartTime2.xml
auto.tcl: Setting watchdog for 200 seconds at Mon Dec 06 02:05:57 UTC 2021
4 ms. Memory: 51200K Free: 28163K (55%)
ptolemy.util.test.WatchDog.cancel(): canceling Mon Dec 06 02:05:57 UTC 2021
auto.tcl: Setting watchdog for 200 seconds at Mon Dec 06 02:05:57 UTC 2021
5 ms. Memory: 51200K Free: 25613K (50%)
ptolemy.util.test.WatchDog.cancel(): canceling Mon Dec 06 02:05:57 UTC 2021
------------------ testing $PTII/ptolemy/domains/de/test/auto/ResetTransitionWithStartTime3.xml
auto.tcl: Setting watchdog for 200 seconds at Mon Dec 06 02:05:57 UTC 2021
6 ms. Memory: 51200K Free: 28161K (55%)
ptolemy.util.test.WatchDog.cancel(): canceling Mon Dec 06 02:05:57 UTC 2021
auto.tcl: Setting watchdog for 200 seconds at Mon Dec 06 02:05:57 UTC 2021
5 ms. Memory: 51200K Free: 25611K (50%)
ptolemy.util.test.WatchDog.cancel(): canceling Mon Dec 06 02:05:57 UTC 2021
------------------ testing $PTII/ptolemy/domains/de/test/auto/ResetTransitionWithStartTime4.xml
auto.tcl: Setting watchdog for 200 seconds at Mon Dec 06 02:05:57 UTC 2021
6 ms. Memory: 51200K Free: 28595K (56%)
ptolemy.util.test.WatchDog.cancel(): canceling Mon Dec 06 02:05:57 UTC 2021
auto.tcl: Setting watchdog for 200 seconds at Mon Dec 06 02:05:57 UTC 2021
3 ms. Memory: 51200K Free: 27147K (53%)
ptolemy.util.test.WatchDog.cancel(): canceling Mon Dec 06 02:05:57 UTC 2021
------------------ testing $PTII/ptolemy/domains/de/test/auto/ResettableTimer1.xml
auto.tcl: Setting watchdog for 200 seconds at Mon Dec 06 02:05:58 UTC 2021
2 ms. Memory: 51200K Free: 32377K (63%)
ptolemy.util.test.WatchDog.cancel(): canceling Mon Dec 06 02:05:58 UTC 2021
auto.tcl: Setting watchdog for 200 seconds at Mon Dec 06 02:05:58 UTC 2021
2 ms. Memory: 51200K Free: 31721K (62%)
ptolemy.util.test.WatchDog.cancel(): canceling Mon Dec 06 02:05:58 UTC 2021
------------------ testing $PTII/ptolemy/domains/de/test/auto/ResettableTimer2.xml
auto.tcl: Setting watchdog for 200 seconds at Mon Dec 06 02:05:58 UTC 2021
2 ms. Memory: 51200K Free: 32296K (63%)
ptolemy.util.test.WatchDog.cancel(): canceling Mon Dec 06 02:05:58 UTC 2021
auto.tcl: Setting watchdog for 200 seconds at Mon Dec 06 02:05:58 UTC 2021
2 ms. Memory: 51200K Free: 31291K (61%)
ptolemy.util.test.WatchDog.cancel(): canceling Mon Dec 06 02:05:58 UTC 2021
------------------ testing $PTII/ptolemy/domains/de/test/auto/ResettableTimer3.xml
auto.tcl: Setting watchdog for 200 seconds at Mon Dec 06 02:05:58 UTC 2021
1 ms. Memory: 51200K Free: 32791K (64%)
ptolemy.util.test.WatchDog.cancel(): canceling Mon Dec 06 02:05:58 UTC 2021
auto.tcl: Setting watchdog for 200 seconds at Mon Dec 06 02:05:58 UTC 2021
1 ms. Memory: 51200K Free: 32305K (63%)
ptolemy.util.test.WatchDog.cancel(): canceling Mon Dec 06 02:05:58 UTC 2021
------------------ testing $PTII/ptolemy/domains/de/test/auto/ResettableTimer4.xml
auto.tcl: Setting watchdog for 200 seconds at Mon Dec 06 02:05:58 UTC 2021
1 ms. Memory: 51200K Free: 32318K (63%)
ptolemy.util.test.WatchDog.cancel(): canceling Mon Dec 06 02:05:58 UTC 2021
auto.tcl: Setting watchdog for 200 seconds at Mon Dec 06 02:05:58 UTC 2021
1 ms. Memory: 51200K Free: 32308K (63%)
ptolemy.util.test.WatchDog.cancel(): canceling Mon Dec 06 02:05:58 UTC 2021
------------------ testing $PTII/ptolemy/domains/de/test/auto/ResettableTimer5.xml
auto.tcl: Setting watchdog for 200 seconds at Mon Dec 06 02:05:58 UTC 2021
2 ms. Memory: 51200K Free: 32317K (63%)
ptolemy.util.test.WatchDog.cancel(): canceling Mon Dec 06 02:05:58 UTC 2021
auto.tcl: Setting watchdog for 200 seconds at Mon Dec 06 02:05:58 UTC 2021
1 ms. Memory: 51200K Free: 31819K (62%)
ptolemy.util.test.WatchDog.cancel(): canceling Mon Dec 06 02:05:58 UTC 2021
------------------ testing $PTII/ptolemy/domains/de/test/auto/ResettableTimer6.xml
auto.tcl: Setting watchdog for 200 seconds at Mon Dec 06 02:05:58 UTC 2021
1 ms. Memory: 51200K Free: 31769K (62%)
ptolemy.util.test.WatchDog.cancel(): canceling Mon Dec 06 02:05:58 UTC 2021
auto.tcl: Setting watchdog for 200 seconds at Mon Dec 06 02:05:58 UTC 2021
1 ms. Memory: 51200K Free: 31273K (61%)
ptolemy.util.test.WatchDog.cancel(): canceling Mon Dec 06 02:05:58 UTC 2021
------------------ testing $PTII/ptolemy/domains/de/test/auto/ServerZeroDelay.xml
auto.tcl: Setting watchdog for 200 seconds at Mon Dec 06 02:05:58 UTC 2021
3 ms. Memory: 51200K Free: 32248K (63%)
ptolemy.util.test.WatchDog.cancel(): canceling Mon Dec 06 02:05:58 UTC 2021
auto.tcl: Setting watchdog for 200 seconds at Mon Dec 06 02:05:58 UTC 2021
2 ms. Memory: 51200K Free: 31252K (61%)
ptolemy.util.test.WatchDog.cancel(): canceling Mon Dec 06 02:05:58 UTC 2021
------------------ testing $PTII/ptolemy/domains/de/test/auto/SmartSender.xml
auto.tcl: Setting watchdog for 200 seconds at Mon Dec 06 02:05:58 UTC 2021
3000 ms. Memory: 51200K Free: 32244K (63%)
ptolemy.util.test.WatchDog.cancel(): canceling Mon Dec 06 02:06:01 UTC 2021
auto.tcl: Setting watchdog for 200 seconds at Mon Dec 06 02:06:01 UTC 2021
3002 ms. Memory: 51200K Free: 31740K (62%)
ptolemy.util.test.WatchDog.cancel(): canceling Mon Dec 06 02:06:04 UTC 2021
------------------ testing $PTII/ptolemy/domains/de/test/auto/ThreadedComposite.xml
auto.tcl: Setting watchdog for 200 seconds at Mon Dec 06 02:06:04 UTC 2021
180 ms. Memory: 51200K Free: 13311K (26%)
ptolemy.util.test.WatchDog.cancel(): canceling Mon Dec 06 02:06:04 UTC 2021
auto.tcl: Setting watchdog for 200 seconds at Mon Dec 06 02:06:04 UTC 2021
234 ms. Memory: 51200K Free: 23110K (45%)
ptolemy.util.test.WatchDog.cancel(): canceling Mon Dec 06 02:06:04 UTC 2021
------------------ testing $PTII/ptolemy/domains/de/test/auto/Time.xml
auto.tcl: Setting watchdog for 200 seconds at Mon Dec 06 02:06:04 UTC 2021
433 ms. Memory: 51200K Free: 35452K (69%)
ptolemy.util.test.WatchDog.cancel(): canceling Mon Dec 06 02:06:05 UTC 2021
auto.tcl: Setting watchdog for 200 seconds at Mon Dec 06 02:06:05 UTC 2021
429 ms. Memory: 51200K Free: 10562K (21%)
ptolemy.util.test.WatchDog.cancel(): canceling Mon Dec 06 02:06:05 UTC 2021
------------------ testing $PTII/ptolemy/domains/de/test/auto/TimeDelayZeroDelay.xml
auto.tcl: Setting watchdog for 200 seconds at Mon Dec 06 02:06:05 UTC 2021
1 ms. Memory: 51200K Free: 32173K (63%)
ptolemy.util.test.WatchDog.cancel(): canceling Mon Dec 06 02:06:05 UTC 2021
auto.tcl: Setting watchdog for 200 seconds at Mon Dec 06 02:06:05 UTC 2021
2 ms. Memory: 51200K Free: 31674K (62%)
ptolemy.util.test.WatchDog.cancel(): canceling Mon Dec 06 02:06:05 UTC 2021
------------------ testing $PTII/ptolemy/domains/de/test/auto/TimerZeroDelay.xml
auto.tcl: Setting watchdog for 200 seconds at Mon Dec 06 02:06:05 UTC 2021
2 ms. Memory: 51200K Free: 32355K (63%)
ptolemy.util.test.WatchDog.cancel(): canceling Mon Dec 06 02:06:05 UTC 2021
auto.tcl: Setting watchdog for 200 seconds at Mon Dec 06 02:06:05 UTC 2021
2 ms. Memory: 51200K Free: 31741K (62%)
ptolemy.util.test.WatchDog.cancel(): canceling Mon Dec 06 02:06:05 UTC 2021
------------------ testing $PTII/ptolemy/domains/de/test/auto/TimingParadox.xml
auto.tcl: Setting watchdog for 200 seconds at Mon Dec 06 02:06:05 UTC 2021
286 ms. Memory: 51200K Free: 18293K (36%)
ptolemy.util.test.WatchDog.cancel(): canceling Mon Dec 06 02:06:06 UTC 2021
auto.tcl: Setting watchdog for 200 seconds at Mon Dec 06 02:06:06 UTC 2021
276 ms. Memory: 51200K Free: 32420K (63%)
ptolemy.util.test.WatchDog.cancel(): canceling Mon Dec 06 02:06:06 UTC 2021
------------------ testing $PTII/ptolemy/domains/de/test/auto/TransferInputs.xml
auto.tcl: Setting watchdog for 200 seconds at Mon Dec 06 02:06:06 UTC 2021
2 ms. Memory: 51200K Free: 30683K (60%)
ptolemy.util.test.WatchDog.cancel(): canceling Mon Dec 06 02:06:06 UTC 2021
auto.tcl: Setting watchdog for 200 seconds at Mon Dec 06 02:06:06 UTC 2021
1 ms. Memory: 51200K Free: 29772K (58%)
ptolemy.util.test.WatchDog.cancel(): canceling Mon Dec 06 02:06:06 UTC 2021
------------------ testing $PTII/ptolemy/domains/de/test/auto/TransferOutputs2.xml
auto.tcl: Setting watchdog for 200 seconds at Mon Dec 06 02:06:06 UTC 2021
4 ms. Memory: 51200K Free: 28126K (55%)
ptolemy.util.test.WatchDog.cancel(): canceling Mon Dec 06 02:06:06 UTC 2021
auto.tcl: Setting watchdog for 200 seconds at Mon Dec 06 02:06:06 UTC 2021
2 ms. Memory: 51200K Free: 26673K (52%)
ptolemy.util.test.WatchDog.cancel(): canceling Mon Dec 06 02:06:06 UTC 2021
------------------ testing $PTII/ptolemy/domains/de/test/auto/Trilateration.xml
auto.tcl: Setting watchdog for 200 seconds at Mon Dec 06 02:06:06 UTC 2021
12328 ms. Memory: 475136K Free: 322337K (68%)
ptolemy.util.test.WatchDog.cancel(): canceling Mon Dec 06 02:06:20 UTC 2021
auto.tcl: Setting watchdog for 200 seconds at Mon Dec 06 02:06:20 UTC 2021
8733 ms. Memory: 475136K Free: 225024K (47%)
ptolemy.util.test.WatchDog.cancel(): canceling Mon Dec 06 02:06:28 UTC 2021
------------------ testing $PTII/ptolemy/domains/de/test/auto/TwoSigmaDelta.xml
auto.tcl: Setting watchdog for 200 seconds at Mon Dec 06 02:06:29 UTC 2021
2199 ms. Memory: 92160K Free: 35514K (39%)
ptolemy.util.test.WatchDog.cancel(): canceling Mon Dec 06 02:06:31 UTC 2021
auto.tcl: Setting watchdog for 200 seconds at Mon Dec 06 02:06:31 UTC 2021
1804 ms. Memory: 92160K Free: 33954K (37%)
ptolemy.util.test.WatchDog.cancel(): canceling Mon Dec 06 02:06:33 UTC 2021
------------------ testing $PTII/ptolemy/domains/de/test/auto/VariableDelay.xml
auto.tcl: Setting watchdog for 200 seconds at Mon Dec 06 02:06:33 UTC 2021
2 ms. Memory: 55296K Free: 35263K (64%)
ptolemy.util.test.WatchDog.cancel(): canceling Mon Dec 06 02:06:33 UTC 2021
auto.tcl: Setting watchdog for 200 seconds at Mon Dec 06 02:06:33 UTC 2021
2 ms. Memory: 55296K Free: 34269K (62%)
ptolemy.util.test.WatchDog.cancel(): canceling Mon Dec 06 02:06:33 UTC 2021
------------------ testing $PTII/ptolemy/domains/de/test/auto/VariableDelay2.xml
auto.tcl: Setting watchdog for 200 seconds at Mon Dec 06 02:06:33 UTC 2021
1 ms. Memory: 55296K Free: 35677K (65%)
ptolemy.util.test.WatchDog.cancel(): canceling Mon Dec 06 02:06:33 UTC 2021
auto.tcl: Setting watchdog for 200 seconds at Mon Dec 06 02:06:33 UTC 2021
2 ms. Memory: 55296K Free: 34667K (63%)
ptolemy.util.test.WatchDog.cancel(): canceling Mon Dec 06 02:06:33 UTC 2021
------------------ testing $PTII/ptolemy/domains/de/test/auto/VariableDelayZeroDelay.xml
auto.tcl: Setting watchdog for 200 seconds at Mon Dec 06 02:06:33 UTC 2021
2 ms. Memory: 55296K Free: 36204K (65%)
ptolemy.util.test.WatchDog.cancel(): canceling Mon Dec 06 02:06:33 UTC 2021
auto.tcl: Setting watchdog for 200 seconds at Mon Dec 06 02:06:33 UTC 2021
2 ms. Memory: 55296K Free: 35660K (64%)
ptolemy.util.test.WatchDog.cancel(): canceling Mon Dec 06 02:06:33 UTC 2021
------------------ testing $PTII/ptolemy/domains/de/test/auto/VariableDelayZeroDelay2.xml
auto.tcl: Setting watchdog for 200 seconds at Mon Dec 06 02:06:33 UTC 2021
1 ms. Memory: 55296K Free: 36203K (65%)
ptolemy.util.test.WatchDog.cancel(): canceling Mon Dec 06 02:06:33 UTC 2021
auto.tcl: Setting watchdog for 200 seconds at Mon Dec 06 02:06:33 UTC 2021
2 ms. Memory: 55296K Free: 35179K (64%)
ptolemy.util.test.WatchDog.cancel(): canceling Mon Dec 06 02:06:33 UTC 2021
------------------ testing $PTII/ptolemy/domains/de/test/auto/deInCt.xml
auto.tcl: Setting watchdog for 200 seconds at Mon Dec 06 02:06:33 UTC 2021
0
1
1
1
0
0
0
0
0
0
1
1
1
0
0
1
1
1
0
0
0
1
1
1
0
0
0
0
1
1
1
0
0
0
1
1
1
1
11 ms. Memory: 55296K Free: 35177K (64%)
ptolemy.util.test.WatchDog.cancel(): canceling Mon Dec 06 02:06:33 UTC 2021
auto.tcl: Setting watchdog for 200 seconds at Mon Dec 06 02:06:33 UTC 2021
0
1
1
1
1
1
1
0
0
0
0
0
1
1
1
0
0
0
0
1
1
1
0
0
0
1
1
1
1
6 ms. Memory: 55296K Free: 33639K (61%)
ptolemy.util.test.WatchDog.cancel(): canceling Mon Dec 06 02:06:33 UTC 2021
------------------ testing $PTII/ptolemy/domains/de/test/auto/deInCt2.xml
auto.tcl: Setting watchdog for 200 seconds at Mon Dec 06 02:06:33 UTC 2021
0
1
1
1
0
0
1
1
1
0
0
1
1
1
0
0
1
1
1
0
0
1
1
1
0
0
1
1
1
0
0
1
1
1
0
0
1
1
1
0
0
0
6 ms. Memory: 55296K Free: 35177K (64%)
ptolemy.util.test.WatchDog.cancel(): canceling Mon Dec 06 02:06:33 UTC 2021
auto.tcl: Setting watchdog for 200 seconds at Mon Dec 06 02:06:33 UTC 2021
0
1
1
1
0
0
1
1
1
0
0
1
1
1
0
0
1
1
1
0
0
1
1
1
0
0
1
1
1
0
0
1
1
1
0
0
1
1
1
0
0
0
7 ms. Memory: 55296K Free: 33625K (61%)
ptolemy.util.test.WatchDog.cancel(): canceling Mon Dec 06 02:06:33 UTC 2021
------------------ testing $PTII/ptolemy/domains/de/test/auto/dynamicCausalityInterface1.xml
auto.tcl: Setting watchdog for 200 seconds at Mon Dec 06 02:06:33 UTC 2021
1 ms. Memory: 55296K Free: 30422K (55%)
ptolemy.util.test.WatchDog.cancel(): canceling Mon Dec 06 02:06:33 UTC 2021
auto.tcl: Setting watchdog for 200 seconds at Mon Dec 06 02:06:33 UTC 2021
1 ms. Memory: 55296K Free: 30051K (54%)
ptolemy.util.test.WatchDog.cancel(): canceling Mon Dec 06 02:06:33 UTC 2021
------------------ testing $PTII/ptolemy/domains/de/test/auto/fsm_de_test.xml
auto.tcl: Setting watchdog for 200 seconds at Mon Dec 06 02:06:33 UTC 2021
12 ms. Memory: 55296K Free: 30974K (56%)
ptolemy.util.test.WatchDog.cancel(): canceling Mon Dec 06 02:06:33 UTC 2021
auto.tcl: Setting watchdog for 200 seconds at Mon Dec 06 02:06:33 UTC 2021
5 ms. Memory: 55296K Free: 28926K (52%)
ptolemy.util.test.WatchDog.cancel(): canceling Mon Dec 06 02:06:33 UTC 2021
------------------ testing $PTII/ptolemy/domains/de/test/auto/functionDependencyReconstruction.xml
auto.tcl: Setting watchdog for 200 seconds at Mon Dec 06 02:06:33 UTC 2021
3 ms. Memory: 55296K Free: 24820K (45%)
ptolemy.util.test.WatchDog.cancel(): canceling Mon Dec 06 02:06:33 UTC 2021
auto.tcl: Setting watchdog for 200 seconds at Mon Dec 06 02:06:33 UTC 2021
2 ms. Memory: 55296K Free: 22772K (41%)
ptolemy.util.test.WatchDog.cancel(): canceling Mon Dec 06 02:06:33 UTC 2021
------------------ testing $PTII/ptolemy/domains/de/test/auto/multirate.xml
auto.tcl: Setting watchdog for 200 seconds at Mon Dec 06 02:06:33 UTC 2021
2 ms. Memory: 55296K Free: 33584K (61%)
ptolemy.util.test.WatchDog.cancel(): canceling Mon Dec 06 02:06:33 UTC 2021
auto.tcl: Setting watchdog for 200 seconds at Mon Dec 06 02:06:33 UTC 2021
2 ms. Memory: 55296K Free: 31869K (58%)
ptolemy.util.test.WatchDog.cancel(): canceling Mon Dec 06 02:06:33 UTC 2021
------------------ testing $PTII/ptolemy/domains/de/test/auto/multirate2.xml
auto.tcl: Setting watchdog for 200 seconds at Mon Dec 06 02:06:33 UTC 2021
6 ms. Memory: 55296K Free: 33571K (61%)
ptolemy.util.test.WatchDog.cancel(): canceling Mon Dec 06 02:06:33 UTC 2021
auto.tcl: Setting watchdog for 200 seconds at Mon Dec 06 02:06:33 UTC 2021
3 ms. Memory: 55296K Free: 32051K (58%)
ptolemy.util.test.WatchDog.cancel(): canceling Mon Dec 06 02:06:33 UTC 2021
------------------ testing $PTII/ptolemy/domains/de/test/auto/realtime.xml
auto.tcl: Setting watchdog for 200 seconds at Mon Dec 06 02:06:33 UTC 2021
10001 ms. Memory: 55296K Free: 35847K (65%)
ptolemy.util.test.WatchDog.cancel(): canceling Mon Dec 06 02:06:43 UTC 2021
auto.tcl: Setting watchdog for 200 seconds at Mon Dec 06 02:06:43 UTC 2021
10001 ms. Memory: 55296K Free: 35151K (64%)
ptolemy.util.test.WatchDog.cancel(): canceling Mon Dec 06 02:06:53 UTC 2021
------------------ testing $PTII/ptolemy/domains/de/test/auto/relationGroup.xml
auto.tcl: Setting watchdog for 200 seconds at Mon Dec 06 02:06:53 UTC 2021
1 ms. Memory: 55296K Free: 36905K (67%)
ptolemy.util.test.WatchDog.cancel(): canceling Mon Dec 06 02:06:53 UTC 2021
auto.tcl: Setting watchdog for 200 seconds at Mon Dec 06 02:06:53 UTC 2021
1 ms. Memory: 55296K Free: 36361K (66%)
ptolemy.util.test.WatchDog.cancel(): canceling Mon Dec 06 02:06:53 UTC 2021
------------------ testing $PTII/ptolemy/domains/de/test/auto/relationGroup2.xml
auto.tcl: Setting watchdog for 200 seconds at Mon Dec 06 02:06:53 UTC 2021
1 ms. Memory: 55296K Free: 36736K (66%)
ptolemy.util.test.WatchDog.cancel(): canceling Mon Dec 06 02:06:53 UTC 2021
auto.tcl: Setting watchdog for 200 seconds at Mon Dec 06 02:06:53 UTC 2021
1 ms. Memory: 55296K Free: 36226K (66%)
ptolemy.util.test.WatchDog.cancel(): canceling Mon Dec 06 02:06:53 UTC 2021
------------------ testing $PTII/ptolemy/domains/de/test/auto/sortWithOpaquePorts.xml
auto.tcl: Setting watchdog for 200 seconds at Mon Dec 06 02:06:53 UTC 2021
2 ms. Memory: 55296K Free: 35699K (65%)
ptolemy.util.test.WatchDog.cancel(): canceling Mon Dec 06 02:06:53 UTC 2021
auto.tcl: Setting watchdog for 200 seconds at Mon Dec 06 02:06:53 UTC 2021
2 ms. Memory: 55296K Free: 34675K (63%)
ptolemy.util.test.WatchDog.cancel(): canceling Mon Dec 06 02:06:53 UTC 2021
------------------ testing $PTII/ptolemy/domains/de/test/auto/transferInputsandOutputs.xml
auto.tcl: Setting watchdog for 200 seconds at Mon Dec 06 02:06:54 UTC 2021
1 ms. Memory: 55296K Free: 33142K (60%)
ptolemy.util.test.WatchDog.cancel(): canceling Mon Dec 06 02:06:54 UTC 2021
auto.tcl: Setting watchdog for 200 seconds at Mon Dec 06 02:06:54 UTC 2021
2 ms. Memory: 55296K Free: 32118K (58%)
ptolemy.util.test.WatchDog.cancel(): canceling Mon Dec 06 02:06:54 UTC 2021
------------------ testing $PTII/ptolemy/domains/de/test/auto/triggerType.xml
auto.tcl: Setting watchdog for 200 seconds at Mon Dec 06 02:06:54 UTC 2021
1 ms. Memory: 55296K Free: 36167K (65%)
ptolemy.util.test.WatchDog.cancel(): canceling Mon Dec 06 02:06:54 UTC 2021
auto.tcl: Setting watchdog for 200 seconds at Mon Dec 06 02:06:54 UTC 2021
2 ms. Memory: 55296K Free: 35143K (64%)
ptolemy.util.test.WatchDog.cancel(): canceling Mon Dec 06 02:06:54 UTC 2021
12/06/21 02:06:54
Failed: 0  Total Tests: 192  ((Passed: 187, Newly Passed: 1)  Known Failed: 5) /home/travis/build/icyphy/ptII/ptolemy/domains/de/test
12/06/21 02:06:54
Failed: 0  Total Tests: 192  ((Passed: 187, Newly Passed: 1)  Known Failed: 5) /home/travis/build/icyphy/ptII/ptolemy/domains/de/test
----------------- testing (KnownFailure) /home/travis/build/icyphy/ptII/ptolemy/domains/de/test/auto/knownFailedTests/DESDFClockTest.xml
2009 ms. Memory: 55296K Free: 29052K (53%)
Known Failure: java.lang.reflect.InvocationTargetException
----------------- testing (KnownFailure) /home/travis/build/icyphy/ptII/ptolemy/domains/de/test/auto/knownFailedTests/DirectFeedback.xml
2 ms. Memory: 55296K Free: 25466K (46%)
Known Failure: java.lang.reflect.InvocationTargetException
----------------- testing (KnownFailure) /home/travis/build/icyphy/ptII/ptolemy/domains/de/test/auto/knownFailedTests/FSMSource.xml
7 ms. Memory: 55296K Free: 17788K (32%)
----------------- testing (KnownFailure) /home/travis/build/icyphy/ptII/ptolemy/domains/de/test/auto/knownFailedTests/HierarchicalModel.xml
7 ms. Memory: 55296K Free: 32983K (60%)
Known Failure: java.lang.reflect.InvocationTargetException
----------------- testing (KnownFailure) /home/travis/build/icyphy/ptII/ptolemy/domains/de/test/auto/knownFailedTests/dependencyLoop.xml
2 ms. Memory: 55296K Free: 17639K (32%)
Known Failure: java.lang.reflect.InvocationTargetException
----------------- testing (KnownFailure) /home/travis/build/icyphy/ptII/ptolemy/domains/de/test/auto/knownFailedTests/dependencyLoop2.xml
2 ms. Memory: 55296K Free: 33662K (61%)
Known Failure: java.lang.reflect.InvocationTargetException
No auto/linux-amd64/*.xml tests in /home/travis/build/icyphy/ptII/ptolemy/domains/de/test
AutoTests.java: About to close Vertx.
AutoTests.java: Vertx closed.

===========================================================================================
----------------- testing Mon Dec 06 02:06:56 UTC 2021 /home/travis/build/icyphy/ptII/ptolemy/domains/de/test/auto/ActorDepthCalculation_actorWithoutPorts.xml
----------------- Instantiating /home/travis/build/icyphy/ptII/ptolemy/domains/de/test/auto/ActorDepthCalculation_actorWithoutPorts.xml
2 ms. Memory: 55296K Free: 26825K (49%)
----------------- Invoking toplevel() on ptolemy.moml.MoMLSimpleApplication@1e98a506
----------------- Done invoking toplevel() on ptolemy.moml.MoMLSimpleApplication@1e98a506
reloadAllAccessors: .ActorDepthCalculation_actorWithoutPorts

===========================================================================================
----------------- testing Mon Dec 06 02:06:56 UTC 2021 /home/travis/build/icyphy/ptII/ptolemy/domains/de/test/auto/AssemblyLine.xml
----------------- Instantiating /home/travis/build/icyphy/ptII/ptolemy/domains/de/test/auto/AssemblyLine.xml
3 ms. Memory: 55296K Free: 20019K (36%)
----------------- Invoking toplevel() on ptolemy.moml.MoMLSimpleApplication@7a0f9c50
----------------- Done invoking toplevel() on ptolemy.moml.MoMLSimpleApplication@7a0f9c50
reloadAllAccessors: .AssemblyLine

===========================================================================================
----------------- testing Mon Dec 06 02:06:56 UTC 2021 /home/travis/build/icyphy/ptII/ptolemy/domains/de/test/auto/CQBug1.xml
----------------- Instantiating /home/travis/build/icyphy/ptII/ptolemy/domains/de/test/auto/CQBug1.xml
1 ms. Memory: 55296K Free: 17272K (31%)
----------------- Invoking toplevel() on ptolemy.moml.MoMLSimpleApplication@2cbf3ab6
----------------- Done invoking toplevel() on ptolemy.moml.MoMLSimpleApplication@2cbf3ab6
reloadAllAccessors: .CQBug1

===========================================================================================
----------------- testing Mon Dec 06 02:06:56 UTC 2021 /home/travis/build/icyphy/ptII/ptolemy/domains/de/test/auto/CancelFireAt.xml
----------------- Instantiating /home/travis/build/icyphy/ptII/ptolemy/domains/de/test/auto/CancelFireAt.xml
1 ms. Memory: 55296K Free: 14608K (26%)
----------------- Invoking toplevel() on ptolemy.moml.MoMLSimpleApplication@b8fe14b
----------------- Done invoking toplevel() on ptolemy.moml.MoMLSimpleApplication@b8fe14b
reloadAllAccessors: .CancelFireAt

===========================================================================================
----------------- testing Mon Dec 06 02:06:56 UTC 2021 /home/travis/build/icyphy/ptII/ptolemy/domains/de/test/auto/CausalityAndComposabilityAnalysis.xml
----------------- Instantiating /home/travis/build/icyphy/ptII/ptolemy/domains/de/test/auto/CausalityAndComposabilityAnalysis.xml
1 ms. Memory: 55296K Free: 10442K (19%)
----------------- Invoking toplevel() on ptolemy.moml.MoMLSimpleApplication@74339b56
----------------- Done invoking toplevel() on ptolemy.moml.MoMLSimpleApplication@74339b56
reloadAllAccessors: .CausalityAndComposabilityAnalysis

===========================================================================================
----------------- testing Mon Dec 06 02:06:56 UTC 2021 /home/travis/build/icyphy/ptII/ptolemy/domains/de/test/auto/CausalityInterface1.xml
----------------- Instantiating /home/travis/build/icyphy/ptII/ptolemy/domains/de/test/auto/CausalityInterface1.xml
3 ms. Memory: 55296K Free: 36252K (66%)
----------------- Invoking toplevel() on ptolemy.moml.MoMLSimpleApplication@c434f4c
----------------- Done invoking toplevel() on ptolemy.moml.MoMLSimpleApplication@c434f4c
reloadAllAccessors: .CausalityInterface1

===========================================================================================
----------------- testing Mon Dec 06 02:06:56 UTC 2021 /home/travis/build/icyphy/ptII/ptolemy/domains/de/test/auto/CausalityInterface15.xml
----------------- Instantiating /home/travis/build/icyphy/ptII/ptolemy/domains/de/test/auto/CausalityInterface15.xml
2 ms. Memory: 55296K Free: 30815K (56%)
----------------- Invoking toplevel() on ptolemy.moml.MoMLSimpleApplication@29de1002
----------------- Done invoking toplevel() on ptolemy.moml.MoMLSimpleApplication@29de1002
reloadAllAccessors: .CausalityInterface15

===========================================================================================
----------------- testing Mon Dec 06 02:06:56 UTC 2021 /home/travis/build/icyphy/ptII/ptolemy/domains/de/test/auto/CausalityInterface2.xml
----------------- Instantiating /home/travis/build/icyphy/ptII/ptolemy/domains/de/test/auto/CausalityInterface2.xml
1 ms. Memory: 55296K Free: 26335K (48%)
[...]
	at ptolemy.actor.Manager.run(Manager.java:1263)
	at ptolemy.actor.Manager$PtolemyRunThread.run(Manager.java:1933)
java.lang.RuntimeException: Execution failed
	at ptolemy.moml.MoMLSimpleApplication$UnloadThread.run(MoMLSimpleApplication.java:402)
Caused by: ptolemy.kernel.util.IllegalActionException: Actor is not ready to fire.  Perhaps UpSample.prefire() returned false? Try debugging the actor by selecting "Listen to Actor".  Also, for SDF check moml for tokenConsumptionRate on input.
  in .DESDFClockTest.Play Bell.Copy1:SDF Director and .DESDFClockTest.Play Bell.UpSample
	at ptolemy.actor.sched.StaticSchedulingDirector.fire(StaticSchedulingDirector.java:227)
	at ptolemy.domains.sdf.kernel.SDFDirector.fire(SDFDirector.java:500)
	at ptolemy.actor.CompositeActor.fire(CompositeActor.java:455)
	at ptolemy.domains.de.kernel.DEDirector._fire(DEDirector.java:1949)
	at ptolemy.domains.de.kernel.DEDirector.fire(DEDirector.java:502)
	at ptolemy.actor.CompositeActor.fire(CompositeActor.java:455)
	at ptolemy.actor.Manager.iterate(Manager.java:851)
	at ptolemy.actor.Manager.execute(Manager.java:369)
	at ptolemy.actor.Manager.run(Manager.java:1263)
	at ptolemy.actor.Manager$PtolemyRunThread.run(Manager.java:1933)
java.lang.reflect.InvocationTargetException
	at java.base/jdk.internal.reflect.NativeConstructorAccessorImpl.newInstance0(Native Method)
	at java.base/jdk.internal.reflect.NativeConstructorAccessorImpl.newInstance(NativeConstructorAccessorImpl.java:62)
	at java.base/jdk.internal.reflect.DelegatingConstructorAccessorImpl.newInstance(DelegatingConstructorAccessorImpl.java:45)
	at java.base/java.lang.reflect.Constructor.newInstance(Constructor.java:490)
	at ptolemy.util.test.junit.AutoKnownFailedTests.RunModel(AutoKnownFailedTests.java:105)
	at java.base/jdk.internal.reflect.NativeMethodAccessorImpl.invoke0(Native Method)
	at java.base/jdk.internal.reflect.NativeMethodAccessorImpl.invoke(NativeMethodAccessorImpl.java:62)
	at java.base/jdk.internal.reflect.DelegatingMethodAccessorImpl.invoke(DelegatingMethodAccessorImpl.java:43)
	at java.base/java.lang.reflect.Method.invoke(Method.java:566)
	at org.junit.runners.model.FrameworkMethod$1.runReflectiveCall(FrameworkMethod.java:44)
	at org.junit.internal.runners.model.ReflectiveCallable.run(ReflectiveCallable.java:15)
	at org.junit.runners.model.FrameworkMethod.invokeExplosively(FrameworkMethod.java:41)
	at junitparams.internal.InvokeParameterisedMethod.evaluate(InvokeParameterisedMethod.java:102)
	at org.junit.internal.runners.statements.FailOnTimeout$1.run(FailOnTimeout.java:28)
Caused by: ptolemy.kernel.util.IllegalActionException: Actor is not ready to fire.  Perhaps UpSample.prefire() returned false? Try debugging the actor by selecting "Listen to Actor".  Also, for SDF check moml for tokenConsumptionRate on input.
  in .DESDFClockTest.Play Bell.Copy1:SDF Director and .DESDFClockTest.Play Bell.UpSample
	at ptolemy.actor.sched.StaticSchedulingDirector.fire(StaticSchedulingDirector.java:227)
	at ptolemy.domains.sdf.kernel.SDFDirector.fire(SDFDirector.java:500)
	at ptolemy.actor.CompositeActor.fire(CompositeActor.java:455)
	at ptolemy.domains.de.kernel.DEDirector._fire(DEDirector.java:1949)
	at ptolemy.domains.de.kernel.DEDirector.fire(DEDirector.java:502)
	at ptolemy.actor.CompositeActor.fire(CompositeActor.java:455)
	at ptolemy.actor.Manager.iterate(Manager.java:851)
	at ptolemy.actor.Manager.execute(Manager.java:369)
	at ptolemy.actor.Manager.run(Manager.java:1263)
	at ptolemy.actor.Manager$PtolemyRunThread.run(Manager.java:1933)
java.lang.RuntimeException: Execution failed
	at ptolemy.moml.MoMLSimpleApplication$UnloadThread.run(MoMLSimpleApplication.java:402)
Caused by: ptolemy.kernel.util.IllegalActionException: Test fails in iteration 1.
Value was: 1.0. Should have been: 2.0
  in .DirectFeedback.Test
	at ptolemy.actor.lib.Test.fire(Test.java:268)
	at ptolemy.domains.de.kernel.DEDirector._fire(DEDirector.java:1949)
	at ptolemy.domains.de.kernel.DEDirector.fire(DEDirector.java:502)
	at ptolemy.actor.CompositeActor.fire(CompositeActor.java:455)
	at ptolemy.actor.Manager.iterate(Manager.java:851)
	at ptolemy.actor.Manager.execute(Manager.java:369)
	at ptolemy.actor.Manager.run(Manager.java:1263)
	at ptolemy.actor.Manager$PtolemyRunThread.run(Manager.java:1933)
java.lang.reflect.InvocationTargetException
	at java.base/jdk.internal.reflect.NativeConstructorAccessorImpl.newInstance0(Native Method)
	at java.base/jdk.internal.reflect.NativeConstructorAccessorImpl.newInstance(NativeConstructorAccessorImpl.java:62)
	at java.base/jdk.internal.reflect.DelegatingConstructorAccessorImpl.newInstance(DelegatingConstructorAccessorImpl.java:45)
	at java.base/java.lang.reflect.Constructor.newInstance(Constructor.java:490)
	at ptolemy.util.test.junit.AutoKnownFailedTests.RunModel(AutoKnownFailedTests.java:105)
	at java.base/jdk.internal.reflect.NativeMethodAccessorImpl.invoke0(Native Method)
	at java.base/jdk.internal.reflect.NativeMethodAccessorImpl.invoke(NativeMethodAccessorImpl.java:62)
	at java.base/jdk.internal.reflect.DelegatingMethodAccessorImpl.invoke(DelegatingMethodAccessorImpl.java:43)
	at java.base/java.lang.reflect.Method.invoke(Method.java:566)
	at org.junit.runners.model.FrameworkMethod$1.runReflectiveCall(FrameworkMethod.java:44)
	at org.junit.internal.runners.model.ReflectiveCallable.run(ReflectiveCallable.java:15)
	at org.junit.runners.model.FrameworkMethod.invokeExplosively(FrameworkMethod.java:41)
	at junitparams.internal.InvokeParameterisedMethod.evaluate(InvokeParameterisedMethod.java:102)
	at org.junit.internal.runners.statements.FailOnTimeout$1.run(FailOnTimeout.java:28)
Caused by: ptolemy.kernel.util.IllegalActionException: Test fails in iteration 1.
Value was: 1.0. Should have been: 2.0
  in .DirectFeedback.Test
	at ptolemy.actor.lib.Test.fire(Test.java:268)
	at ptolemy.domains.de.kernel.DEDirector._fire(DEDirector.java:1949)
	at ptolemy.domains.de.kernel.DEDirector.fire(DEDirector.java:502)
	at ptolemy.actor.CompositeActor.fire(CompositeActor.java:455)
	at ptolemy.actor.Manager.iterate(Manager.java:851)
	at ptolemy.actor.Manager.execute(Manager.java:369)
	at ptolemy.actor.Manager.run(Manager.java:1263)
	at ptolemy.actor.Manager$PtolemyRunThread.run(Manager.java:1933)
java.lang.RuntimeException: Execution failed
	at ptolemy.moml.MoMLSimpleApplication$UnloadThread.run(MoMLSimpleApplication.java:402)
Caused by: ptolemy.kernel.util.IllegalActionException: Found a zero delay loop containing .HierarchicalModel.A
  in .HierarchicalModel and .HierarchicalModel.A
	at ptolemy.actor.util.CausalityInterfaceForComposites._computeOutputPortDepth(CausalityInterfaceForComposites.java:759)
	at ptolemy.actor.util.CausalityInterfaceForComposites._computeInputDepth(CausalityInterfaceForComposites.java:696)
	at ptolemy.actor.util.CausalityInterfaceForComposites._computeOutputPortDepth(CausalityInterfaceForComposites.java:765)
	at ptolemy.actor.util.CausalityInterfaceForComposites._computeInputDepth(CausalityInterfaceForComposites.java:696)
	at ptolemy.actor.util.CausalityInterfaceForComposites._computeOutputPortDepth(CausalityInterfaceForComposites.java:765)
	at ptolemy.actor.util.CausalityInterfaceForComposites._computeInputDepth(CausalityInterfaceForComposites.java:696)
	at ptolemy.actor.util.CausalityInterfaceForComposites._computeActorDepth(CausalityInterfaceForComposites.java:532)
	at ptolemy.actor.util.CausalityInterfaceForComposites.checkForCycles(CausalityInterfaceForComposites.java:96)
	at ptolemy.domains.de.kernel.DEDirector.preinitialize(DEDirector.java:1338)
	at ptolemy.actor.CompositeActor.preinitialize(CompositeActor.java:1828)
	at ptolemy.actor.Manager.preinitializeAndResolveTypes(Manager.java:1040)
	at ptolemy.actor.Manager.initialize(Manager.java:710)
	at ptolemy.actor.Manager.execute(Manager.java:356)
	at ptolemy.actor.Manager.run(Manager.java:1263)
	at ptolemy.actor.Manager$PtolemyRunThread.run(Manager.java:1933)
java.lang.reflect.InvocationTargetException
	at java.base/jdk.internal.reflect.NativeConstructorAccessorImpl.newInstance0(Native Method)
	at java.base/jdk.internal.reflect.NativeConstructorAccessorImpl.newInstance(NativeConstructorAccessorImpl.java:62)
	at java.base/jdk.internal.reflect.DelegatingConstructorAccessorImpl.newInstance(DelegatingConstructorAccessorImpl.java:45)
	at java.base/java.lang.reflect.Constructor.newInstance(Constructor.java:490)
	at ptolemy.util.test.junit.AutoKnownFailedTests.RunModel(AutoKnownFailedTests.java:105)
	at java.base/jdk.internal.reflect.NativeMethodAccessorImpl.invoke0(Native Method)
	at java.base/jdk.internal.reflect.NativeMethodAccessorImpl.invoke(NativeMethodAccessorImpl.java:62)
	at java.base/jdk.internal.reflect.DelegatingMethodAccessorImpl.invoke(DelegatingMethodAccessorImpl.java:43)
	at java.base/java.lang.reflect.Method.invoke(Method.java:566)
	at org.junit.runners.model.FrameworkMethod$1.runReflectiveCall(FrameworkMethod.java:44)
	at org.junit.internal.runners.model.ReflectiveCallable.run(ReflectiveCallable.java:15)
	at org.junit.runners.model.FrameworkMethod.invokeExplosively(FrameworkMethod.java:41)
	at junitparams.internal.InvokeParameterisedMethod.evaluate(InvokeParameterisedMethod.java:102)
	at org.junit.internal.runners.statements.FailOnTimeout$1.run(FailOnTimeout.java:28)
Caused by: ptolemy.kernel.util.IllegalActionException: Found a zero delay loop containing .HierarchicalModel.A
  in .HierarchicalModel and .HierarchicalModel.A
	at ptolemy.actor.util.CausalityInterfaceForComposites._computeOutputPortDepth(CausalityInterfaceForComposites.java:759)
	at ptolemy.actor.util.CausalityInterfaceForComposites._computeInputDepth(CausalityInterfaceForComposites.java:696)
	at ptolemy.actor.util.CausalityInterfaceForComposites._computeOutputPortDepth(CausalityInterfaceForComposites.java:765)
	at ptolemy.actor.util.CausalityInterfaceForComposites._computeInputDepth(CausalityInterfaceForComposites.java:696)
	at ptolemy.actor.util.CausalityInterfaceForComposites._computeOutputPortDepth(CausalityInterfaceForComposites.java:765)
	at ptolemy.actor.util.CausalityInterfaceForComposites._computeInputDepth(CausalityInterfaceForComposites.java:696)
	at ptolemy.actor.util.CausalityInterfaceForComposites._computeActorDepth(CausalityInterfaceForComposites.java:532)
	at ptolemy.actor.util.CausalityInterfaceForComposites.checkForCycles(CausalityInterfaceForComposites.java:96)
	at ptolemy.domains.de.kernel.DEDirector.preinitialize(DEDirector.java:1338)
	at ptolemy.actor.CompositeActor.preinitialize(CompositeActor.java:1828)
	at ptolemy.actor.Manager.preinitializeAndResolveTypes(Manager.java:1040)
	at ptolemy.actor.Manager.initialize(Manager.java:710)
	at ptolemy.actor.Manager.execute(Manager.java:356)
	at ptolemy.actor.Manager.run(Manager.java:1263)
	at ptolemy.actor.Manager$PtolemyRunThread.run(Manager.java:1933)
java.lang.RuntimeException: Execution failed
	at ptolemy.moml.MoMLSimpleApplication$UnloadThread.run(MoMLSimpleApplication.java:402)
Caused by: ptolemy.kernel.util.IllegalActionException: Found a zero delay loop containing .dependencyLoop.original
  in .dependencyLoop and .dependencyLoop.original
	at ptolemy.actor.util.CausalityInterfaceForComposites._computeOutputPortDepth(CausalityInterfaceForComposites.java:759)
	at ptolemy.actor.util.CausalityInterfaceForComposites._computeInputDepth(CausalityInterfaceForComposites.java:696)
	at ptolemy.actor.util.CausalityInterfaceForComposites._computeOutputPortDepth(CausalityInterfaceForComposites.java:765)
	at ptolemy.actor.util.CausalityInterfaceForComposites._computeInputDepth(CausalityInterfaceForComposites.java:696)
	at ptolemy.actor.util.CausalityInterfaceForComposites._computeOutputPortDepth(CausalityInterfaceForComposites.java:765)
	at ptolemy.actor.util.CausalityInterfaceForComposites._computeInputDepth(CausalityInterfaceForComposites.java:696)
	at ptolemy.actor.util.CausalityInterfaceForComposites._computeActorDepth(CausalityInterfaceForComposites.java:532)
	at ptolemy.actor.util.CausalityInterfaceForComposites.checkForCycles(CausalityInterfaceForComposites.java:96)
	at ptolemy.domains.de.kernel.DEDirector.preinitialize(DEDirector.java:1338)
	at ptolemy.actor.CompositeActor.preinitialize(CompositeActor.java:1828)
	at ptolemy.actor.Manager.preinitializeAndResolveTypes(Manager.java:1040)
	at ptolemy.actor.Manager.initialize(Manager.java:710)
	at ptolemy.actor.Manager.execute(Manager.java:356)
	at ptolemy.actor.Manager.run(Manager.java:1263)
	at ptolemy.actor.Manager$PtolemyRunThread.run(Manager.java:1933)
java.lang.reflect.InvocationTargetException
	at java.base/jdk.internal.reflect.NativeConstructorAccessorImpl.newInstance0(Native Method)
	at java.base/jdk.internal.reflect.NativeConstructorAccessorImpl.newInstance(NativeConstructorAccessorImpl.java:62)
	at java.base/jdk.internal.reflect.DelegatingConstructorAccessorImpl.newInstance(DelegatingConstructorAccessorImpl.java:45)
	at java.base/java.lang.reflect.Constructor.newInstance(Constructor.java:490)
	at ptolemy.util.test.junit.AutoKnownFailedTests.RunModel(AutoKnownFailedTests.java:105)
	at java.base/jdk.internal.reflect.NativeMethodAccessorImpl.invoke0(Native Method)
	at java.base/jdk.internal.reflect.NativeMethodAccessorImpl.invoke(NativeMethodAccessorImpl.java:62)
	at java.base/jdk.internal.reflect.DelegatingMethodAccessorImpl.invoke(DelegatingMethodAccessorImpl.java:43)
	at java.base/java.lang.reflect.Method.invoke(Method.java:566)
	at org.junit.runners.model.FrameworkMethod$1.runReflectiveCall(FrameworkMethod.java:44)
	at org.junit.internal.runners.model.ReflectiveCallable.run(ReflectiveCallable.java:15)
	at org.junit.runners.model.FrameworkMethod.invokeExplosively(FrameworkMethod.java:41)
	at junitparams.internal.InvokeParameterisedMethod.evaluate(InvokeParameterisedMethod.java:102)
	at org.junit.internal.runners.statements.FailOnTimeout$1.run(FailOnTimeout.java:28)
Caused by: ptolemy.kernel.util.IllegalActionException: Found a zero delay loop containing .dependencyLoop.original
  in .dependencyLoop and .dependencyLoop.original
	at ptolemy.actor.util.CausalityInterfaceForComposites._computeOutputPortDepth(CausalityInterfaceForComposites.java:759)
	at ptolemy.actor.util.CausalityInterfaceForComposites._computeInputDepth(CausalityInterfaceForComposites.java:696)
	at ptolemy.actor.util.CausalityInterfaceForComposites._computeOutputPortDepth(CausalityInterfaceForComposites.java:765)
	at ptolemy.actor.util.CausalityInterfaceForComposites._computeInputDepth(CausalityInterfaceForComposites.java:696)
	at ptolemy.actor.util.CausalityInterfaceForComposites._computeOutputPortDepth(CausalityInterfaceForComposites.java:765)
	at ptolemy.actor.util.CausalityInterfaceForComposites._computeInputDepth(CausalityInterfaceForComposites.java:696)
	at ptolemy.actor.util.CausalityInterfaceForComposites._computeActorDepth(CausalityInterfaceForComposites.java:532)
	at ptolemy.actor.util.CausalityInterfaceForComposites.checkForCycles(CausalityInterfaceForComposites.java:96)
	at ptolemy.domains.de.kernel.DEDirector.preinitialize(DEDirector.java:1338)
	at ptolemy.actor.CompositeActor.preinitialize(CompositeActor.java:1828)
	at ptolemy.actor.Manager.preinitializeAndResolveTypes(Manager.java:1040)
	at ptolemy.actor.Manager.initialize(Manager.java:710)
	at ptolemy.actor.Manager.execute(Manager.java:356)
	at ptolemy.actor.Manager.run(Manager.java:1263)
	at ptolemy.actor.Manager$PtolemyRunThread.run(Manager.java:1933)
java.lang.RuntimeException: Execution failed
	at ptolemy.moml.MoMLSimpleApplication$UnloadThread.run(MoMLSimpleApplication.java:402)
Caused by: ptolemy.kernel.util.IllegalActionException: Found a zero delay loop containing .dependencyLoop2.original
  in .dependencyLoop2 and .dependencyLoop2.original
	at ptolemy.actor.util.CausalityInterfaceForComposites._computeOutputPortDepth(CausalityInterfaceForComposites.java:759)
	at ptolemy.actor.util.CausalityInterfaceForComposites._computeInputDepth(CausalityInterfaceForComposites.java:696)
	at ptolemy.actor.util.CausalityInterfaceForComposites._computeOutputPortDepth(CausalityInterfaceForComposites.java:765)
	at ptolemy.actor.util.CausalityInterfaceForComposites._computeInputDepth(CausalityInterfaceForComposites.java:696)
	at ptolemy.actor.util.CausalityInterfaceForComposites._computeOutputPortDepth(CausalityInterfaceForComposites.java:765)
	at ptolemy.actor.util.CausalityInterfaceForComposites._computeInputDepth(CausalityInterfaceForComposites.java:696)
	at ptolemy.actor.util.CausalityInterfaceForComposites._computeActorDepth(CausalityInterfaceForComposites.java:532)
	at ptolemy.actor.util.CausalityInterfaceForComposites.checkForCycles(CausalityInterfaceForComposites.java:96)
	at ptolemy.domains.de.kernel.DEDirector.preinitialize(DEDirector.java:1338)
	at ptolemy.actor.CompositeActor.preinitialize(CompositeActor.java:1828)
	at ptolemy.actor.Manager.preinitializeAndResolveTypes(Manager.java:1040)
	at ptolemy.actor.Manager.initialize(Manager.java:710)
	at ptolemy.actor.Manager.execute(Manager.java:356)
	at ptolemy.actor.Manager.run(Manager.java:1263)
	at ptolemy.actor.Manager$PtolemyRunThread.run(Manager.java:1933)
java.lang.reflect.InvocationTargetException
	at java.base/jdk.internal.reflect.NativeConstructorAccessorImpl.newInstance0(Native Method)
	at java.base/jdk.internal.reflect.NativeConstructorAccessorImpl.newInstance(NativeConstructorAccessorImpl.java:62)
	at java.base/jdk.internal.reflect.DelegatingConstructorAccessorImpl.newInstance(DelegatingConstructorAccessorImpl.java:45)
	at java.base/java.lang.reflect.Constructor.newInstance(Constructor.java:490)
	at ptolemy.util.test.junit.AutoKnownFailedTests.RunModel(AutoKnownFailedTests.java:105)
	at java.base/jdk.internal.reflect.NativeMethodAccessorImpl.invoke0(Native Method)
	at java.base/jdk.internal.reflect.NativeMethodAccessorImpl.invoke(NativeMethodAccessorImpl.java:62)
	at java.base/jdk.internal.reflect.DelegatingMethodAccessorImpl.invoke(DelegatingMethodAccessorImpl.java:43)
	at java.base/java.lang.reflect.Method.invoke(Method.java:566)
	at org.junit.runners.model.FrameworkMethod$1.runReflectiveCall(FrameworkMethod.java:44)
	at org.junit.internal.runners.model.ReflectiveCallable.run(ReflectiveCallable.java:15)
	at org.junit.runners.model.FrameworkMethod.invokeExplosively(FrameworkMethod.java:41)
	at junitparams.internal.InvokeParameterisedMethod.evaluate(InvokeParameterisedMethod.java:102)
	at org.junit.internal.runners.statements.FailOnTimeout$1.run(FailOnTimeout.java:28)
Caused by: ptolemy.kernel.util.IllegalActionException: Found a zero delay loop containing .dependencyLoop2.original
  in .dependencyLoop2 and .dependencyLoop2.original
	at ptolemy.actor.util.CausalityInterfaceForComposites._computeOutputPortDepth(CausalityInterfaceForComposites.java:759)
	at ptolemy.actor.util.CausalityInterfaceForComposites._computeInputDepth(CausalityInterfaceForComposites.java:696)
	at ptolemy.actor.util.CausalityInterfaceForComposites._computeOutputPortDepth(CausalityInterfaceForComposites.java:765)
	at ptolemy.actor.util.CausalityInterfaceForComposites._computeInputDepth(CausalityInterfaceForComposites.java:696)
	at ptolemy.actor.util.CausalityInterfaceForComposites._computeOutputPortDepth(CausalityInterfaceForComposites.java:765)
	at ptolemy.actor.util.CausalityInterfaceForComposites._computeInputDepth(CausalityInterfaceForComposites.java:696)
	at ptolemy.actor.util.CausalityInterfaceForComposites._computeActorDepth(CausalityInterfaceForComposites.java:532)
	at ptolemy.actor.util.CausalityInterfaceForComposites.checkForCycles(CausalityInterfaceForComposites.java:96)
	at ptolemy.domains.de.kernel.DEDirector.preinitialize(DEDirector.java:1338)
	at ptolemy.actor.CompositeActor.preinitialize(CompositeActor.java:1828)
	at ptolemy.actor.Manager.preinitializeAndResolveTypes(Manager.java:1040)
	at ptolemy.actor.Manager.initialize(Manager.java:710)
	at ptolemy.actor.Manager.execute(Manager.java:356)
	at ptolemy.actor.Manager.run(Manager.java:1263)
	at ptolemy.actor.Manager$PtolemyRunThread.run(Manager.java:1933)
]]></system-err>
</testsuite>
