<?xml version="1.0" encoding="UTF-8" ?>
<testsuite errors="0" failures="0" hostname="travis-job-05cfa55a-25a6-4636-95a7-85db03b7e51e" name="ptolemy.domains.sdf.lib.test.junit.JUnitTclTest" skipped="0" tests="82" time="7.949" timestamp="2020-10-13T12:30:47">
  <properties>
[...]
</properties>
  <testcase classname="ptolemy.util.test.junit.TclTests" name="[0] /home/travis/build/icyphy/ptII/ptolemy/domains/sdf/lib/test/ArrayToSequence.tcl (RunTclFile)" time="0.6" />
  <testcase classname="ptolemy.util.test.junit.TclTests" name="[1] /home/travis/build/icyphy/ptII/ptolemy/domains/sdf/lib/test/BitsToInt.tcl (RunTclFile)" time="0.034" />
  <testcase classname="ptolemy.util.test.junit.TclTests" name="[2] /home/travis/build/icyphy/ptII/ptolemy/domains/sdf/lib/test/DelayLine.tcl (RunTclFile)" time="0.025" />
  <testcase classname="ptolemy.util.test.junit.TclTests" name="[3] /home/travis/build/icyphy/ptII/ptolemy/domains/sdf/lib/test/FFT.tcl (RunTclFile)" time="0.034" />
  <testcase classname="ptolemy.util.test.junit.TclTests" name="[4] /home/travis/build/icyphy/ptII/ptolemy/domains/sdf/lib/test/FIR.tcl (RunTclFile)" time="0.213" />
  <testcase classname="ptolemy.util.test.junit.TclTests" name="[5] /home/travis/build/icyphy/ptII/ptolemy/domains/sdf/lib/test/IntToBits.tcl (RunTclFile)" time="0.03" />
  <testcase classname="ptolemy.util.test.junit.TclTests" name="[6] /home/travis/build/icyphy/ptII/ptolemy/domains/sdf/lib/test/MaximumEntropySpectrum.tcl (RunTclFile)" time="0.32" />
  <testcase classname="ptolemy.util.test.junit.TclTests" name="[7] /home/travis/build/icyphy/ptII/ptolemy/domains/sdf/lib/test/Repeat.tcl (RunTclFile)" time="0.028" />
  <testcase classname="ptolemy.util.test.junit.TclTests" name="[8] /home/travis/build/icyphy/ptII/ptolemy/domains/sdf/lib/test/SampleDelay.tcl (RunTclFile)" time="0.088" />
  <testcase classname="ptolemy.util.test.junit.TclTests" name="[9] /home/travis/build/icyphy/ptII/ptolemy/domains/sdf/lib/test/SequenceToArray.tcl (RunTclFile)" time="0.044" />
  <testcase classname="ptolemy.util.test.junit.AutoKnownFailedTests" name="[0] ThereAreNoKnowFailedTests (RunModel)" time="0.004" />
  <testcase classname="ptolemy.util.test.junit.AutoNameArchTests" name="[0] ThereAreNoAutoArchTests (RunModel)" time="0.002" />
  <testcase classname="ptolemy.util.test.junit.AutoTests" name="[0] /home/travis/build/icyphy/ptII/ptolemy/domains/sdf/lib/test/auto/ArrayToSequence.xml (RunModel)" time="0.22" />
  <testcase classname="ptolemy.util.test.junit.AutoTests" name="[1] /home/travis/build/icyphy/ptII/ptolemy/domains/sdf/lib/test/auto/ArrayToSequenceTest.xml (RunModel)" time="0.057" />
  <testcase classname="ptolemy.util.test.junit.AutoTests" name="[2] /home/travis/build/icyphy/ptII/ptolemy/domains/sdf/lib/test/auto/Autocorrelation.xml (RunModel)" time="0.042" />
  <testcase classname="ptolemy.util.test.junit.AutoTests" name="[3] /home/travis/build/icyphy/ptII/ptolemy/domains/sdf/lib/test/auto/Autocorrelation2.xml (RunModel)" time="0.056" />
  <testcase classname="ptolemy.util.test.junit.AutoTests" name="[4] /home/travis/build/icyphy/ptII/ptolemy/domains/sdf/lib/test/auto/Autocorrelation3.xml (RunModel)" time="0.047" />
  <testcase classname="ptolemy.util.test.junit.AutoTests" name="[5] /home/travis/build/icyphy/ptII/ptolemy/domains/sdf/lib/test/auto/Autocorrelation4.xml (RunModel)" time="0.017" />
  <testcase classname="ptolemy.util.test.junit.AutoTests" name="[6] /home/travis/build/icyphy/ptII/ptolemy/domains/sdf/lib/test/auto/Autocorrelation5.xml (RunModel)" time="0.089" />
  <testcase classname="ptolemy.util.test.junit.AutoTests" name="[7] /home/travis/build/icyphy/ptII/ptolemy/domains/sdf/lib/test/auto/BitsToInt.xml (RunModel)" time="0.013" />
  <testcase classname="ptolemy.util.test.junit.AutoTests" name="[8] /home/travis/build/icyphy/ptII/ptolemy/domains/sdf/lib/test/auto/BooleanJoin.xml (RunModel)" time="0.022" />
  <testcase classname="ptolemy.util.test.junit.AutoTests" name="[9] /home/travis/build/icyphy/ptII/ptolemy/domains/sdf/lib/test/auto/BootstrapSampleDelay.xml (RunModel)" time="0.031" />
  <testcase classname="ptolemy.util.test.junit.AutoTests" name="[10] /home/travis/build/icyphy/ptII/ptolemy/domains/sdf/lib/test/auto/Chop.xml (RunModel)" time="0.06" />
  <testcase classname="ptolemy.util.test.junit.AutoTests" name="[11] /home/travis/build/icyphy/ptII/ptolemy/domains/sdf/lib/test/auto/Chop2.xml (RunModel)" time="0.049" />
  <testcase classname="ptolemy.util.test.junit.AutoTests" name="[12] /home/travis/build/icyphy/ptII/ptolemy/domains/sdf/lib/test/auto/ComplexJoin.xml (RunModel)" time="0.026" />
  <testcase classname="ptolemy.util.test.junit.AutoTests" name="[13] /home/travis/build/icyphy/ptII/ptolemy/domains/sdf/lib/test/auto/CountTrues.xml (RunModel)" time="0.015" />
  <testcase classname="ptolemy.util.test.junit.AutoTests" name="[14] /home/travis/build/icyphy/ptII/ptolemy/domains/sdf/lib/test/auto/DelayLine.xml (RunModel)" time="0.028" />
  <testcase classname="ptolemy.util.test.junit.AutoTests" name="[15] /home/travis/build/icyphy/ptII/ptolemy/domains/sdf/lib/test/auto/DotProduct.xml (RunModel)" time="0.018" />
  <testcase classname="ptolemy.util.test.junit.AutoTests" name="[16] /home/travis/build/icyphy/ptII/ptolemy/domains/sdf/lib/test/auto/DotProductMatrix.xml (RunModel)" time="0.015" />
  <testcase classname="ptolemy.util.test.junit.AutoTests" name="[17] /home/travis/build/icyphy/ptII/ptolemy/domains/sdf/lib/test/auto/DownSample1.xml (RunModel)" time="0.024" />
  <testcase classname="ptolemy.util.test.junit.AutoTests" name="[18] /home/travis/build/icyphy/ptII/ptolemy/domains/sdf/lib/test/auto/DynamicRateChange.xml (RunModel)" time="0.041" />
  <testcase classname="ptolemy.util.test.junit.AutoTests" name="[19] /home/travis/build/icyphy/ptII/ptolemy/domains/sdf/lib/test/auto/DynamicRates.xml (RunModel)" time="0.035" />
  <testcase classname="ptolemy.util.test.junit.AutoTests" name="[20] /home/travis/build/icyphy/ptII/ptolemy/domains/sdf/lib/test/auto/FFT1.xml (RunModel)" time="0.019" />
  <testcase classname="ptolemy.util.test.junit.AutoTests" name="[21] /home/travis/build/icyphy/ptII/ptolemy/domains/sdf/lib/test/auto/FIR1.xml (RunModel)" time="0.032" />
  <testcase classname="ptolemy.util.test.junit.AutoTests" name="[22] /home/travis/build/icyphy/ptII/ptolemy/domains/sdf/lib/test/auto/FIR2.xml (RunModel)" time="0.019" />
  <testcase classname="ptolemy.util.test.junit.AutoTests" name="[23] /home/travis/build/icyphy/ptII/ptolemy/domains/sdf/lib/test/auto/FIR4.xml (RunModel)" time="0.05" />
  <testcase classname="ptolemy.util.test.junit.AutoTests" name="[24] /home/travis/build/icyphy/ptII/ptolemy/domains/sdf/lib/test/auto/FixJoin.xml (RunModel)" time="0.036" />
  <testcase classname="ptolemy.util.test.junit.AutoTests" name="[25] /home/travis/build/icyphy/ptII/ptolemy/domains/sdf/lib/test/auto/IntJoin1.xml (RunModel)" time="0.028" />
  <testcase classname="ptolemy.util.test.junit.AutoTests" name="[26] /home/travis/build/icyphy/ptII/ptolemy/domains/sdf/lib/test/auto/IntJoin2.xml (RunModel)" time="0.024" />
  <testcase classname="ptolemy.util.test.junit.AutoTests" name="[27] /home/travis/build/icyphy/ptII/ptolemy/domains/sdf/lib/test/auto/IntJoin3.xml (RunModel)" time="0.021" />
  <testcase classname="ptolemy.util.test.junit.AutoTests" name="[28] /home/travis/build/icyphy/ptII/ptolemy/domains/sdf/lib/test/auto/IntJoin4.xml (RunModel)" time="0.023" />
  <testcase classname="ptolemy.util.test.junit.AutoTests" name="[29] /home/travis/build/icyphy/ptII/ptolemy/domains/sdf/lib/test/auto/IntJoin5.xml (RunModel)" time="0.028" />
  <testcase classname="ptolemy.util.test.junit.AutoTests" name="[30] /home/travis/build/icyphy/ptII/ptolemy/domains/sdf/lib/test/auto/IntToBits.xml (RunModel)" time="0.022" />
  <testcase classname="ptolemy.util.test.junit.AutoTests" name="[31] /home/travis/build/icyphy/ptII/ptolemy/domains/sdf/lib/test/auto/LMSAdaptive.xml (RunModel)" time="0.057" />
  <testcase classname="ptolemy.util.test.junit.AutoTests" name="[32] /home/travis/build/icyphy/ptII/ptolemy/domains/sdf/lib/test/auto/LMSAdaptiveFIR.xml (RunModel)" time="0.339" />
  <testcase classname="ptolemy.util.test.junit.AutoTests" name="[33] /home/travis/build/icyphy/ptII/ptolemy/domains/sdf/lib/test/auto/LMSAdaptiveFIR2.xml (RunModel)" time="0.475" />
  <testcase classname="ptolemy.util.test.junit.AutoTests" name="[34] /home/travis/build/icyphy/ptII/ptolemy/domains/sdf/lib/test/auto/LongJoin.xml (RunModel)" time="0.04" />
  <testcase classname="ptolemy.util.test.junit.AutoTests" name="[35] /home/travis/build/icyphy/ptII/ptolemy/domains/sdf/lib/test/auto/Matrix1.xml (RunModel)" time="0.024" />
  <testcase classname="ptolemy.util.test.junit.AutoTests" name="[36] /home/travis/build/icyphy/ptII/ptolemy/domains/sdf/lib/test/auto/Matrix2.xml (RunModel)" time="0.03" />
  <testcase classname="ptolemy.util.test.junit.AutoTests" name="[37] /home/travis/build/icyphy/ptII/ptolemy/domains/sdf/lib/test/auto/MatrixJoin1.xml (RunModel)" time="0.024" />
  <testcase classname="ptolemy.util.test.junit.AutoTests" name="[38] /home/travis/build/icyphy/ptII/ptolemy/domains/sdf/lib/test/auto/MatrixJoin2.xml (RunModel)" time="0.014" />
  <testcase classname="ptolemy.util.test.junit.AutoTests" name="[39] /home/travis/build/icyphy/ptII/ptolemy/domains/sdf/lib/test/auto/MatrixJoin3.xml (RunModel)" time="0.014" />
  <testcase classname="ptolemy.util.test.junit.AutoTests" name="[40] /home/travis/build/icyphy/ptII/ptolemy/domains/sdf/lib/test/auto/MatrixJoin4.xml (RunModel)" time="0.014" />
  <testcase classname="ptolemy.util.test.junit.AutoTests" name="[41] /home/travis/build/icyphy/ptII/ptolemy/domains/sdf/lib/test/auto/MatrixJoin5.xml (RunModel)" time="0.017" />
  <testcase classname="ptolemy.util.test.junit.AutoTests" name="[42] /home/travis/build/icyphy/ptII/ptolemy/domains/sdf/lib/test/auto/MatrixSplit1.xml (RunModel)" time="0.023" />
  <testcase classname="ptolemy.util.test.junit.AutoTests" name="[43] /home/travis/build/icyphy/ptII/ptolemy/domains/sdf/lib/test/auto/MatrixSplit10.xml (RunModel)" time="0.02" />
  <testcase classname="ptolemy.util.test.junit.AutoTests" name="[44] /home/travis/build/icyphy/ptII/ptolemy/domains/sdf/lib/test/auto/MatrixSplit11.xml (RunModel)" time="0.014" />
  <testcase classname="ptolemy.util.test.junit.AutoTests" name="[45] /home/travis/build/icyphy/ptII/ptolemy/domains/sdf/lib/test/auto/MatrixSplit12.xml (RunModel)" time="0.031" />
  <testcase classname="ptolemy.util.test.junit.AutoTests" name="[46] /home/travis/build/icyphy/ptII/ptolemy/domains/sdf/lib/test/auto/MatrixSplit13.xml (RunModel)" time="0.025" />
  <testcase classname="ptolemy.util.test.junit.AutoTests" name="[47] /home/travis/build/icyphy/ptII/ptolemy/domains/sdf/lib/test/auto/MatrixSplit14.xml (RunModel)" time="0.013" />
  <testcase classname="ptolemy.util.test.junit.AutoTests" name="[48] /home/travis/build/icyphy/ptII/ptolemy/domains/sdf/lib/test/auto/MatrixSplit2.xml (RunModel)" time="0.011" />
  <testcase classname="ptolemy.util.test.junit.AutoTests" name="[49] /home/travis/build/icyphy/ptII/ptolemy/domains/sdf/lib/test/auto/MatrixSplit3.xml (RunModel)" time="0.014" />
  <testcase classname="ptolemy.util.test.junit.AutoTests" name="[50] /home/travis/build/icyphy/ptII/ptolemy/domains/sdf/lib/test/auto/MatrixSplit4.xml (RunModel)" time="0.013" />
  <testcase classname="ptolemy.util.test.junit.AutoTests" name="[51] /home/travis/build/icyphy/ptII/ptolemy/domains/sdf/lib/test/auto/MatrixSplit5.xml (RunModel)" time="0.019" />
  <testcase classname="ptolemy.util.test.junit.AutoTests" name="[52] /home/travis/build/icyphy/ptII/ptolemy/domains/sdf/lib/test/auto/MatrixSplit6.xml (RunModel)" time="0.013" />
  <testcase classname="ptolemy.util.test.junit.AutoTests" name="[53] /home/travis/build/icyphy/ptII/ptolemy/domains/sdf/lib/test/auto/MatrixSplit7.xml (RunModel)" time="0.011" />
  <testcase classname="ptolemy.util.test.junit.AutoTests" name="[54] /home/travis/build/icyphy/ptII/ptolemy/domains/sdf/lib/test/auto/MatrixSplit8.xml (RunModel)" time="0.031" />
  <testcase classname="ptolemy.util.test.junit.AutoTests" name="[55] /home/travis/build/icyphy/ptII/ptolemy/domains/sdf/lib/test/auto/MatrixSplit9.xml (RunModel)" time="0.039" />
  <testcase classname="ptolemy.util.test.junit.AutoTests" name="[56] /home/travis/build/icyphy/ptII/ptolemy/domains/sdf/lib/test/auto/MatrixToSequence.xml (RunModel)" time="0.04" />
  <testcase classname="ptolemy.util.test.junit.AutoTests" name="[57] /home/travis/build/icyphy/ptII/ptolemy/domains/sdf/lib/test/auto/MaximumEntropySpectrum.xml (RunModel)" time="0.077" />
  <testcase classname="ptolemy.util.test.junit.AutoTests" name="[58] /home/travis/build/icyphy/ptII/ptolemy/domains/sdf/lib/test/auto/SampleDelayConversion.xml (RunModel)" time="0.018" />
  <testcase classname="ptolemy.util.test.junit.AutoTests" name="[59] /home/travis/build/icyphy/ptII/ptolemy/domains/sdf/lib/test/auto/SequenceToArray.xml (RunModel)" time="0.044" />
  <testcase classname="ptolemy.util.test.junit.AutoTests" name="[60] /home/travis/build/icyphy/ptII/ptolemy/domains/sdf/lib/test/auto/SequenceToMatrix.xml (RunModel)" time="3.019" />
  <testcase classname="ptolemy.util.test.junit.AutoTests" name="[61] /home/travis/build/icyphy/ptII/ptolemy/domains/sdf/lib/test/auto/SmoothedPeriodogram.xml (RunModel)" time="0.069" />
  <testcase classname="ptolemy.util.test.junit.AutoTests" name="[62] /home/travis/build/icyphy/ptII/ptolemy/domains/sdf/lib/test/auto/UpDownSample1.xml (RunModel)" time="0.018" />
  <testcase classname="ptolemy.util.test.junit.AutoTests" name="[63] /home/travis/build/icyphy/ptII/ptolemy/domains/sdf/lib/test/auto/UpSample1.xml (RunModel)" time="0.017" />
  <testcase classname="ptolemy.util.test.junit.AutoTests" name="[64] /home/travis/build/icyphy/ptII/ptolemy/domains/sdf/lib/test/auto/VariableFIR.xml (RunModel)" time="0.021" />
  <testcase classname="ptolemy.util.test.junit.AutoTests" name="[65] /home/travis/build/icyphy/ptII/ptolemy/domains/sdf/lib/test/auto/VariableFIR2.xml (RunModel)" time="0.029" />
  <testcase classname="ptolemy.util.test.junit.AutoTests" name="[66] /home/travis/build/icyphy/ptII/ptolemy/domains/sdf/lib/test/auto/VariableLattice.xml (RunModel)" time="0.02" />
  <testcase classname="ptolemy.util.test.junit.AutoTests" name="[67] /home/travis/build/icyphy/ptII/ptolemy/domains/sdf/lib/test/auto/VariableLattice2.xml (RunModel)" time="0.018" />
  <testcase classname="ptolemy.util.test.junit.AutoTests" name="[68] /home/travis/build/icyphy/ptII/ptolemy/domains/sdf/lib/test/auto/VariableRecursiveLattice.xml (RunModel)" time="0.015" />
  <testcase classname="ptolemy.util.test.junit.AutoTests" name="[69] /home/travis/build/icyphy/ptII/ptolemy/domains/sdf/lib/test/auto/VariableRecursiveLattice2.xml (RunModel)" time="0.015" />
  <system-out><![CDATA[/home/travis/build/icyphy/ptII/ptolemy/domains/sdf/lib/test/ArrayToSequence.tcl
testDefs.tcl: setting time out to 9000 seconds at Tue Oct 13 12:30:47 UTC 2020
104 ms. Memory: 129024K Free: 94152K (73%)
23 ms. Memory: 129024K Free: 92104K (71%)
20 ms. Memory: 129024K Free: 90056K (70%)
21 ms. Memory: 129024K Free: 88518K (69%)
/home/travis/build/icyphy/ptII/ptolemy/domains/sdf/lib/test/BitsToInt.tcl
10 ms. Memory: 129024K Free: 86984K (67%)
8 ms. Memory: 129024K Free: 84936K (66%)
/home/travis/build/icyphy/ptII/ptolemy/domains/sdf/lib/test/DelayLine.tcl
7 ms. Memory: 129024K Free: 83383K (65%)
/home/travis/build/icyphy/ptII/ptolemy/domains/sdf/lib/test/FFT.tcl
6 ms. Memory: 129024K Free: 81350K (63%)
/home/travis/build/icyphy/ptII/ptolemy/domains/sdf/lib/test/FIR.tcl
16 ms. Memory: 129024K Free: 79816K (62%)
94 ms. Memory: 129024K Free: 75720K (59%)
ptolemy.kernel.util.IllegalActionException: multiplyReverse method not supported between ptolemy.data.FixToken 'fix(-0.0625,6,2)' and ptolemy.data.IntToken '1' because the types are incomparable.
  in .top.FIRclone
Because:
multiplyReverse method not supported between ptolemy.data.FixToken 'fix(-0.0625,6,2)' and ptolemy.data.IntToken '1' because the types are incomparable.
38 ms. Memory: 129024K Free: 73158K (57%)
/home/travis/build/icyphy/ptII/ptolemy/domains/sdf/lib/test/IntToBits.tcl
6 ms. Memory: 129024K Free: 71624K (56%)
5 ms. Memory: 129024K Free: 70086K (54%)
/home/travis/build/icyphy/ptII/ptolemy/domains/sdf/lib/test/MaximumEntropySpectrum.tcl
/home/travis/build/icyphy/ptII/ptolemy/domains/sdf/lib/test/Repeat.tcl
7 ms. Memory: 129024K Free: 48582K (38%)
/home/travis/build/icyphy/ptII/ptolemy/domains/sdf/lib/test/SampleDelay.tcl
14 ms. Memory: 129024K Free: 112849K (87%)
6 ms. Memory: 129024K Free: 112005K (87%)
5 ms. Memory: 129024K Free: 111495K (86%)
13 ms. Memory: 129024K Free: 110471K (86%)
2 ms. Memory: 129024K Free: 109957K (85%)
6 ms. Memory: 129024K Free: 109447K (85%)
/home/travis/build/icyphy/ptII/ptolemy/domains/sdf/lib/test/SequenceToArray.tcl
11 ms. Memory: 129024K Free: 107909K (84%)
3 ms. Memory: 129024K Free: 106885K (83%)
3 ms. Memory: 129024K Free: 105351K (82%)
4 ms. Memory: 129024K Free: 104327K (81%)
10/13/20 12:30:48
Failed: 0  Total Tests: 41  ((Passed: 41, Newly Passed: 0)  Known Failed: 0) /home/travis/build/icyphy/ptII/ptolemy/domains/sdf/lib/test
No auto/knownFailedTests/*.xml tests in /home/travis/build/icyphy/ptII/ptolemy/domains/sdf/lib/test
No auto/linux-amd64/*.xml tests in /home/travis/build/icyphy/ptII/ptolemy/domains/sdf/lib/test
AutoTests.java: About to close Vertx.
AutoTests.java: Vertx closed.

===========================================================================================
----------------- testing Tue Oct 13 12:30:48 UTC 2020 /home/travis/build/icyphy/ptII/ptolemy/domains/sdf/lib/test/auto/ArrayToSequence.xml
----------------- Instantiating /home/travis/build/icyphy/ptII/ptolemy/domains/sdf/lib/test/auto/ArrayToSequence.xml
40 ms. Memory: 129024K Free: 92880K (72%)
----------------- Invoking toplevel() on ptolemy.moml.MoMLSimpleApplication@73e3ba0b
----------------- Done invoking toplevel() on ptolemy.moml.MoMLSimpleApplication@73e3ba0b
reloadAllAccessors: .ArrayToSequence

===========================================================================================
----------------- testing Tue Oct 13 12:30:49 UTC 2020 /home/travis/build/icyphy/ptII/ptolemy/domains/sdf/lib/test/auto/ArrayToSequenceTest.xml
----------------- Instantiating /home/travis/build/icyphy/ptII/ptolemy/domains/sdf/lib/test/auto/ArrayToSequenceTest.xml
18 ms. Memory: 129024K Free: 87156K (68%)
----------------- Invoking toplevel() on ptolemy.moml.MoMLSimpleApplication@11d8c7a7
----------------- Done invoking toplevel() on ptolemy.moml.MoMLSimpleApplication@11d8c7a7
reloadAllAccessors: .ArrayToSequenceTest

===========================================================================================
----------------- testing Tue Oct 13 12:30:49 UTC 2020 /home/travis/build/icyphy/ptII/ptolemy/domains/sdf/lib/test/auto/Autocorrelation.xml
----------------- Instantiating /home/travis/build/icyphy/ptII/ptolemy/domains/sdf/lib/test/auto/Autocorrelation.xml
7 ms. Memory: 129024K Free: 110512K (86%)
----------------- Invoking toplevel() on ptolemy.moml.MoMLSimpleApplication@671e4a6c
----------------- Done invoking toplevel() on ptolemy.moml.MoMLSimpleApplication@671e4a6c
reloadAllAccessors: .Autocorrelation

===========================================================================================
----------------- testing Tue Oct 13 12:30:49 UTC 2020 /home/travis/build/icyphy/ptII/ptolemy/domains/sdf/lib/test/auto/Autocorrelation2.xml
----------------- Instantiating /home/travis/build/icyphy/ptII/ptolemy/domains/sdf/lib/test/auto/Autocorrelation2.xml
16 ms. Memory: 129024K Free: 106159K (82%)
----------------- Invoking toplevel() on ptolemy.moml.MoMLSimpleApplication@6649cfae
----------------- Done invoking toplevel() on ptolemy.moml.MoMLSimpleApplication@6649cfae
reloadAllAccessors: .Autocorrelation2

===========================================================================================
----------------- testing Tue Oct 13 12:30:49 UTC 2020 /home/travis/build/icyphy/ptII/ptolemy/domains/sdf/lib/test/auto/Autocorrelation3.xml
----------------- Instantiating /home/travis/build/icyphy/ptII/ptolemy/domains/sdf/lib/test/auto/Autocorrelation3.xml
9 ms. Memory: 129024K Free: 102352K (79%)
----------------- Invoking toplevel() on ptolemy.moml.MoMLSimpleApplication@71a44720
----------------- Done invoking toplevel() on ptolemy.moml.MoMLSimpleApplication@71a44720
reloadAllAccessors: .Autocorrelation3

===========================================================================================
----------------- testing Tue Oct 13 12:30:49 UTC 2020 /home/travis/build/icyphy/ptII/ptolemy/domains/sdf/lib/test/auto/Autocorrelation4.xml
----------------- Instantiating /home/travis/build/icyphy/ptII/ptolemy/domains/sdf/lib/test/auto/Autocorrelation4.xml
3 ms. Memory: 129024K Free: 97967K (76%)
----------------- Invoking toplevel() on ptolemy.moml.MoMLSimpleApplication@48908eb
----------------- Done invoking toplevel() on ptolemy.moml.MoMLSimpleApplication@48908eb
reloadAllAccessors: .Autocorrelation4

===========================================================================================
----------------- testing Tue Oct 13 12:30:49 UTC 2020 /home/travis/build/icyphy/ptII/ptolemy/domains/sdf/lib/test/auto/Autocorrelation5.xml
----------------- Instantiating /home/travis/build/icyphy/ptII/ptolemy/domains/sdf/lib/test/auto/Autocorrelation5.xml
38 ms. Memory: 129024K Free: 91399K (71%)
----------------- Invoking toplevel() on ptolemy.moml.MoMLSimpleApplication@524c16cb
----------------- Done invoking toplevel() on ptolemy.moml.MoMLSimpleApplication@524c16cb
reloadAllAccessors: .Autocorrelation5

===========================================================================================
----------------- testing Tue Oct 13 12:30:49 UTC 2020 /home/travis/build/icyphy/ptII/ptolemy/domains/sdf/lib/test/auto/BitsToInt.xml
----------------- Instantiating /home/travis/build/icyphy/ptII/ptolemy/domains/sdf/lib/test/auto/BitsToInt.xml
2 ms. Memory: 129024K Free: 88305K (68%)
----------------- Invoking toplevel() on ptolemy.moml.MoMLSimpleApplication@4e3b4e76
----------------- Done invoking toplevel() on ptolemy.moml.MoMLSimpleApplication@4e3b4e76
reloadAllAccessors: .BitsToInt

===========================================================================================
----------------- testing Tue Oct 13 12:30:49 UTC 2020 /home/travis/build/icyphy/ptII/ptolemy/domains/sdf/lib/test/auto/BooleanJoin.xml
----------------- Instantiating /home/travis/build/icyphy/ptII/ptolemy/domains/sdf/lib/test/auto/BooleanJoin.xml
3 ms. Memory: 129024K Free: 84214K (65%)
----------------- Invoking toplevel() on ptolemy.moml.MoMLSimpleApplication@33116fa4
----------------- Done invoking toplevel() on ptolemy.moml.MoMLSimpleApplication@33116fa4
reloadAllAccessors: .BooleanJoin

===========================================================================================
----------------- testing Tue Oct 13 12:30:49 UTC 2020 /home/travis/build/icyphy/ptII/ptolemy/domains/sdf/lib/test/auto/BootstrapSampleDelay.xml
----------------- Instantiating /home/travis/build/icyphy/ptII/ptolemy/domains/sdf/lib/test/auto/BootstrapSampleDelay.xml
9 ms. Memory: 129024K Free: 80600K (62%)
----------------- Invoking toplevel() on ptolemy.moml.MoMLSimpleApplication@63390e4c
----------------- Done invoking toplevel() on ptolemy.moml.MoMLSimpleApplication@63390e4c
reloadAllAccessors: .BootstrapSampleDelay

===========================================================================================
----------------- testing Tue Oct 13 12:30:49 UTC 2020 /home/travis/build/icyphy/ptII/ptolemy/domains/sdf/lib/test/auto/Chop.xml
----------------- Instantiating /home/travis/build/icyphy/ptII/ptolemy/domains/sdf/lib/test/auto/Chop.xml
15 ms. Memory: 156672K Free: 139812K (89%)
----------------- Invoking toplevel() on ptolemy.moml.MoMLSimpleApplication@424663c4
----------------- Done invoking toplevel() on ptolemy.moml.MoMLSimpleApplication@424663c4
reloadAllAccessors: .Chop

===========================================================================================
----------------- testing Tue Oct 13 12:30:49 UTC 2020 /home/travis/build/icyphy/ptII/ptolemy/domains/sdf/lib/test/auto/Chop2.xml
----------------- Instantiating /home/travis/build/icyphy/ptII/ptolemy/domains/sdf/lib/test/auto/Chop2.xml
9 ms. Memory: 156672K Free: 133223K (85%)
----------------- Invoking toplevel() on ptolemy.moml.MoMLSimpleApplication@8bc00a7
----------------- Done invoking toplevel() on ptolemy.moml.MoMLSimpleApplication@8bc00a7
reloadAllAccessors: .Chop2

===========================================================================================
----------------- testing Tue Oct 13 12:30:49 UTC 2020 /home/travis/build/icyphy/ptII/ptolemy/domains/sdf/lib/test/auto/ComplexJoin.xml
----------------- Instantiating /home/travis/build/icyphy/ptII/ptolemy/domains/sdf/lib/test/auto/ComplexJoin.xml
3 ms. Memory: 156672K Free: 129119K (82%)
----------------- Invoking toplevel() on ptolemy.moml.MoMLSimpleApplication@25f6cf5e
----------------- Done invoking toplevel() on ptolemy.moml.MoMLSimpleApplication@25f6cf5e
reloadAllAccessors: .ComplexJoin

===========================================================================================
----------------- testing Tue Oct 13 12:30:49 UTC 2020 /home/travis/build/icyphy/ptII/ptolemy/domains/sdf/lib/test/auto/CountTrues.xml
----------------- Instantiating /home/travis/build/icyphy/ptII/ptolemy/domains/sdf/lib/test/auto/CountTrues.xml
2 ms. Memory: 156672K Free: 125680K (80%)
----------------- Invoking toplevel() on ptolemy.moml.MoMLSimpleApplication@31c48dad
----------------- Done invoking toplevel() on ptolemy.moml.MoMLSimpleApplication@31c48dad
reloadAllAccessors: .CountTrues

===========================================================================================
----------------- testing Tue Oct 13 12:30:49 UTC 2020 /home/travis/build/icyphy/ptII/ptolemy/domains/sdf/lib/test/auto/DelayLine.xml
----------------- Instantiating /home/travis/build/icyphy/ptII/ptolemy/domains/sdf/lib/test/auto/DelayLine.xml
3 ms. Memory: 156672K Free: 120935K (77%)
----------------- Invoking toplevel() on ptolemy.moml.MoMLSimpleApplication@341598e8
----------------- Done invoking toplevel() on ptolemy.moml.MoMLSimpleApplication@341598e8
reloadAllAccessors: .DelayLine

===========================================================================================
----------------- testing Tue Oct 13 12:30:49 UTC 2020 /home/travis/build/icyphy/ptII/ptolemy/domains/sdf/lib/test/auto/DotProduct.xml
----------------- Instantiating /home/travis/build/icyphy/ptII/ptolemy/domains/sdf/lib/test/auto/DotProduct.xml
2 ms. Memory: 156672K Free: 117488K (75%)
----------------- Invoking toplevel() on ptolemy.moml.MoMLSimpleApplication@3938efe8
----------------- Done invoking toplevel() on ptolemy.moml.MoMLSimpleApplication@3938efe8
reloadAllAccessors: .DotProduct

===========================================================================================
----------------- testing Tue Oct 13 12:30:49 UTC 2020 /home/travis/build/icyphy/ptII/ptolemy/domains/sdf/lib/test/auto/DotProductMatrix.xml
----------------- Instantiating /home/travis/build/icyphy/ptII/ptolemy/domains/sdf/lib/test/auto/DotProductMatrix.xml
2 ms. Memory: 156672K Free: 114753K (73%)
----------------- Invoking toplevel() on ptolemy.moml.MoMLSimpleApplication@74e8eac1
----------------- Done invoking toplevel() on ptolemy.moml.MoMLSimpleApplication@74e8eac1
reloadAllAccessors: .DotProductMatrix

===========================================================================================
----------------- testing Tue Oct 13 12:30:49 UTC 2020 /home/travis/build/icyphy/ptII/ptolemy/domains/sdf/lib/test/auto/DownSample1.xml
----------------- Instantiating /home/travis/build/icyphy/ptII/ptolemy/domains/sdf/lib/test/auto/DownSample1.xml
5 ms. Memory: 156672K Free: 111719K (71%)
----------------- Invoking toplevel() on ptolemy.moml.MoMLSimpleApplication@5a480ae
----------------- Done invoking toplevel() on ptolemy.moml.MoMLSimpleApplication@5a480ae
reloadAllAccessors: .DownSample1

===========================================================================================
----------------- testing Tue Oct 13 12:30:49 UTC 2020 /home/travis/build/icyphy/ptII/ptolemy/domains/sdf/lib/test/auto/DynamicRateChange.xml
----------------- Instantiating /home/travis/build/icyphy/ptII/ptolemy/domains/sdf/lib/test/auto/DynamicRateChange.xml
13 ms. Memory: 156672K Free: 105582K (67%)
----------------- Invoking toplevel() on ptolemy.moml.MoMLSimpleApplication@75384cfc
----------------- Done invoking toplevel() on ptolemy.moml.MoMLSimpleApplication@75384cfc
reloadAllAccessors: .DynamicRateChange

===========================================================================================
----------------- testing Tue Oct 13 12:30:49 UTC 2020 /home/travis/build/icyphy/ptII/ptolemy/domains/sdf/lib/test/auto/DynamicRates.xml
----------------- Instantiating /home/travis/build/icyphy/ptII/ptolemy/domains/sdf/lib/test/auto/DynamicRates.xml
10 ms. Memory: 156672K Free: 101087K (65%)
----------------- Invoking toplevel() on ptolemy.moml.MoMLSimpleApplication@629af6e8
----------------- Done invoking toplevel() on ptolemy.moml.MoMLSimpleApplication@629af6e8
reloadAllAccessors: .DynamicRates

===========================================================================================
----------------- testing Tue Oct 13 12:30:49 UTC 2020 /home/travis/build/icyphy/ptII/ptolemy/domains/sdf/lib/test/auto/FFT1.xml
----------------- Instantiating /home/travis/build/icyphy/ptII/ptolemy/domains/sdf/lib/test/auto/FFT1.xml
6 ms. Memory: 156672K Free: 96737K (62%)
----------------- Invoking toplevel() on ptolemy.moml.MoMLSimpleApplication@409bf0a7
----------------- Done invoking toplevel() on ptolemy.moml.MoMLSimpleApplication@409bf0a7
reloadAllAccessors: .FFT1

===========================================================================================
----------------- testing Tue Oct 13 12:30:49 UTC 2020 /home/travis/build/icyphy/ptII/ptolemy/domains/sdf/lib/test/auto/FIR1.xml
----------------- Instantiating /home/travis/build/icyphy/ptII/ptolemy/domains/sdf/lib/test/auto/FIR1.xml
11 ms. Memory: 156672K Free: 89853K (57%)
----------------- Invoking toplevel() on ptolemy.moml.MoMLSimpleApplication@103bcdb4
----------------- Done invoking toplevel() on ptolemy.moml.MoMLSimpleApplication@103bcdb4
reloadAllAccessors: .FIR1

===========================================================================================
----------------- testing Tue Oct 13 12:30:49 UTC 2020 /home/travis/build/icyphy/ptII/ptolemy/domains/sdf/lib/test/auto/FIR2.xml
----------------- Instantiating /home/travis/build/icyphy/ptII/ptolemy/domains/sdf/lib/test/auto/FIR2.xml
2 ms. Memory: 156672K Free: 86497K (55%)
----------------- Invoking toplevel() on ptolemy.moml.MoMLSimpleApplication@1110f35e
----------------- Done invoking toplevel() on ptolemy.moml.MoMLSimpleApplication@1110f35e
reloadAllAccessors: .FIR2

===========================================================================================
----------------- testing Tue Oct 13 12:30:49 UTC 2020 /home/travis/build/icyphy/ptII/ptolemy/domains/sdf/lib/test/auto/FIR4.xml
----------------- Instantiating /home/travis/build/icyphy/ptII/ptolemy/domains/sdf/lib/test/auto/FIR4.xml
5 ms. Memory: 156672K Free: 134094K (86%)
----------------- Invoking toplevel() on ptolemy.moml.MoMLSimpleApplication@5b925b1a
----------------- Done invoking toplevel() on ptolemy.moml.MoMLSimpleApplication@5b925b1a
reloadAllAccessors: .FIR4

===========================================================================================
----------------- testing Tue Oct 13 12:30:49 UTC 2020 /home/travis/build/icyphy/ptII/ptolemy/domains/sdf/lib/test/auto/FixJoin.xml
----------------- Instantiating /home/travis/build/icyphy/ptII/ptolemy/domains/sdf/lib/test/auto/FixJoin.xml
3 ms. Memory: 156672K Free: 128961K (82%)
----------------- Invoking toplevel() on ptolemy.moml.MoMLSimpleApplication@21cf2cc2
----------------- Done invoking toplevel() on ptolemy.moml.MoMLSimpleApplication@21cf2cc2
reloadAllAccessors: .FixJoin

===========================================================================================
----------------- testing Tue Oct 13 12:30:50 UTC 2020 /home/travis/build/icyphy/ptII/ptolemy/domains/sdf/lib/test/auto/IntJoin1.xml
----------------- Instantiating /home/travis/build/icyphy/ptII/ptolemy/domains/sdf/lib/test/auto/IntJoin1.xml
5 ms. Memory: 156672K Free: 124857K (80%)
----------------- Invoking toplevel() on ptolemy.moml.MoMLSimpleApplication@34704987
----------------- Done invoking toplevel() on ptolemy.moml.MoMLSimpleApplication@34704987
reloadAllAccessors: .IntJoin1

===========================================================================================
----------------- testing Tue Oct 13 12:30:50 UTC 2020 /home/travis/build/icyphy/ptII/ptolemy/domains/sdf/lib/test/auto/IntJoin2.xml
----------------- Instantiating /home/travis/build/icyphy/ptII/ptolemy/domains/sdf/lib/test/auto/IntJoin2.xml
4 ms. Memory: 156672K Free: 120268K (77%)
----------------- Invoking toplevel() on ptolemy.moml.MoMLSimpleApplication@7a8b2f79
----------------- Done invoking toplevel() on ptolemy.moml.MoMLSimpleApplication@7a8b2f79
reloadAllAccessors: .IntJoin2

===========================================================================================
----------------- testing Tue Oct 13 12:30:50 UTC 2020 /home/travis/build/icyphy/ptII/ptolemy/domains/sdf/lib/test/auto/IntJoin3.xml
----------------- Instantiating /home/travis/build/icyphy/ptII/ptolemy/domains/sdf/lib/test/auto/IntJoin3.xml
5 ms. Memory: 156672K Free: 116188K (74%)
----------------- Invoking toplevel() on ptolemy.moml.MoMLSimpleApplication@ac128f1
----------------- Done invoking toplevel() on ptolemy.moml.MoMLSimpleApplication@ac128f1
reloadAllAccessors: .IntJoin3

===========================================================================================
----------------- testing Tue Oct 13 12:30:50 UTC 2020 /home/travis/build/icyphy/ptII/ptolemy/domains/sdf/lib/test/auto/IntJoin4.xml
----------------- Instantiating /home/travis/build/icyphy/ptII/ptolemy/domains/sdf/lib/test/auto/IntJoin4.xml
3 ms. Memory: 156672K Free: 111545K (71%)
----------------- Invoking toplevel() on ptolemy.moml.MoMLSimpleApplication@7ccb15ff
----------------- Done invoking toplevel() on ptolemy.moml.MoMLSimpleApplication@7ccb15ff
reloadAllAccessors: .IntJoin4

===========================================================================================
----------------- testing Tue Oct 13 12:30:50 UTC 2020 /home/travis/build/icyphy/ptII/ptolemy/domains/sdf/lib/test/auto/IntJoin5.xml
----------------- Instantiating /home/travis/build/icyphy/ptII/ptolemy/domains/sdf/lib/test/auto/IntJoin5.xml
3 ms. Memory: 156672K Free: 107449K (69%)
----------------- Invoking toplevel() on ptolemy.moml.MoMLSimpleApplication@42788c48
----------------- Done invoking toplevel() on ptolemy.moml.MoMLSimpleApplication@42788c48
reloadAllAccessors: .IntJoin5

===========================================================================================
----------------- testing Tue Oct 13 12:30:50 UTC 2020 /home/travis/build/icyphy/ptII/ptolemy/domains/sdf/lib/test/auto/IntToBits.xml
----------------- Instantiating /home/travis/build/icyphy/ptII/ptolemy/domains/sdf/lib/test/auto/IntToBits.xml
6 ms. Memory: 156672K Free: 103900K (66%)
----------------- Invoking toplevel() on ptolemy.moml.MoMLSimpleApplication@1cecaa2
----------------- Done invoking toplevel() on ptolemy.moml.MoMLSimpleApplication@1cecaa2
reloadAllAccessors: .IntToBits

===========================================================================================
----------------- testing Tue Oct 13 12:30:50 UTC 2020 /home/travis/build/icyphy/ptII/ptolemy/domains/sdf/lib/test/auto/LMSAdaptive.xml
----------------- Instantiating /home/travis/build/icyphy/ptII/ptolemy/domains/sdf/lib/test/auto/LMSAdaptive.xml
11 ms. Memory: 156672K Free: 95714K (61%)
----------------- Invoking toplevel() on ptolemy.moml.MoMLSimpleApplication@2f10d9bf
----------------- Done invoking toplevel() on ptolemy.moml.MoMLSimpleApplication@2f10d9bf
reloadAllAccessors: .LMSAdaptive

===========================================================================================
----------------- testing Tue Oct 13 12:30:50 UTC 2020 /home/travis/build/icyphy/ptII/ptolemy/domains/sdf/lib/test/auto/LMSAdaptiveFIR.xml
----------------- Instantiating /home/travis/build/icyphy/ptII/ptolemy/domains/sdf/lib/test/auto/LMSAdaptiveFIR.xml
253 ms. Memory: 156672K Free: 133209K (85%)
----------------- Invoking toplevel() on ptolemy.moml.MoMLSimpleApplication@31c0fbb5
----------------- Done invoking toplevel() on ptolemy.moml.MoMLSimpleApplication@31c0fbb5
reloadAllAccessors: .LMSAdaptiveFIR

===========================================================================================
----------------- testing Tue Oct 13 12:30:50 UTC 2020 /home/travis/build/icyphy/ptII/ptolemy/domains/sdf/lib/test/auto/LMSAdaptiveFIR2.xml
----------------- Instantiating /home/travis/build/icyphy/ptII/ptolemy/domains/sdf/lib/test/auto/LMSAdaptiveFIR2.xml
386 ms. Memory: 156672K Free: 74242K (47%)
----------------- Invoking toplevel() on ptolemy.moml.MoMLSimpleApplication@1527bb67
----------------- Done invoking toplevel() on ptolemy.moml.MoMLSimpleApplication@1527bb67
reloadAllAccessors: .LMSAdaptiveFIR2

===========================================================================================
----------------- testing Tue Oct 13 12:30:51 UTC 2020 /home/travis/build/icyphy/ptII/ptolemy/domains/sdf/lib/test/auto/LongJoin.xml
----------------- Instantiating /home/travis/build/icyphy/ptII/ptolemy/domains/sdf/lib/test/auto/LongJoin.xml
4 ms. Memory: 156672K Free: 70146K (45%)
----------------- Invoking toplevel() on ptolemy.moml.MoMLSimpleApplication@550c7d07
----------------- Done invoking toplevel() on ptolemy.moml.MoMLSimpleApplication@550c7d07
reloadAllAccessors: .LongJoin

===========================================================================================
----------------- testing Tue Oct 13 12:30:51 UTC 2020 /home/travis/build/icyphy/ptII/ptolemy/domains/sdf/lib/test/auto/Matrix1.xml
----------------- Instantiating /home/travis/build/icyphy/ptII/ptolemy/domains/sdf/lib/test/auto/Matrix1.xml
3 ms. Memory: 156672K Free: 66050K (42%)
----------------- Invoking toplevel() on ptolemy.moml.MoMLSimpleApplication@2964906b
----------------- Done invoking toplevel() on ptolemy.moml.MoMLSimpleApplication@2964906b
reloadAllAccessors: .Matrix1

===========================================================================================
----------------- testing Tue Oct 13 12:30:51 UTC 2020 /home/travis/build/icyphy/ptII/ptolemy/domains/sdf/lib/test/auto/Matrix2.xml
----------------- Instantiating /home/travis/build/icyphy/ptII/ptolemy/domains/sdf/lib/test/auto/Matrix2.xml
2 ms. Memory: 156672K Free: 61954K (40%)
----------------- Invoking toplevel() on ptolemy.moml.MoMLSimpleApplication@aad96de
----------------- Done invoking toplevel() on ptolemy.moml.MoMLSimpleApplication@aad96de
reloadAllAccessors: .Matrix2

===========================================================================================
----------------- testing Tue Oct 13 12:30:51 UTC 2020 /home/travis/build/icyphy/ptII/ptolemy/domains/sdf/lib/test/auto/MatrixJoin1.xml
----------------- Instantiating /home/travis/build/icyphy/ptII/ptolemy/domains/sdf/lib/test/auto/MatrixJoin1.xml
2 ms. Memory: 156672K Free: 136542K (87%)
----------------- Invoking toplevel() on ptolemy.moml.MoMLSimpleApplication@56b31f69
----------------- Done invoking toplevel() on ptolemy.moml.MoMLSimpleApplication@56b31f69
reloadAllAccessors: .MatrixJoin1

===========================================================================================
----------------- testing Tue Oct 13 12:30:51 UTC 2020 /home/travis/build/icyphy/ptII/ptolemy/domains/sdf/lib/test/auto/MatrixJoin2.xml
----------------- Instantiating /home/travis/build/icyphy/ptII/ptolemy/domains/sdf/lib/test/auto/MatrixJoin2.xml
2 ms. Memory: 156672K Free: 131932K (84%)
----------------- Invoking toplevel() on ptolemy.moml.MoMLSimpleApplication@7260a471
----------------- Done invoking toplevel() on ptolemy.moml.MoMLSimpleApplication@7260a471
reloadAllAccessors: .MatrixJoin2

===========================================================================================
----------------- testing Tue Oct 13 12:30:51 UTC 2020 /home/travis/build/icyphy/ptII/ptolemy/domains/sdf/lib/test/auto/MatrixJoin3.xml
----------------- Instantiating /home/travis/build/icyphy/ptII/ptolemy/domains/sdf/lib/test/auto/MatrixJoin3.xml
2 ms. Memory: 156672K Free: 127836K (82%)
----------------- Invoking toplevel() on ptolemy.moml.MoMLSimpleApplication@c49780f
----------------- Done invoking toplevel() on ptolemy.moml.MoMLSimpleApplication@c49780f
reloadAllAccessors: .MatrixJoin3

===========================================================================================
----------------- testing Tue Oct 13 12:30:51 UTC 2020 /home/travis/build/icyphy/ptII/ptolemy/domains/sdf/lib/test/auto/MatrixJoin4.xml
----------------- Instantiating /home/travis/build/icyphy/ptII/ptolemy/domains/sdf/lib/test/auto/MatrixJoin4.xml
2 ms. Memory: 156672K Free: 123230K (79%)
----------------- Invoking toplevel() on ptolemy.moml.MoMLSimpleApplication@2f309aeb
----------------- Done invoking toplevel() on ptolemy.moml.MoMLSimpleApplication@2f309aeb
reloadAllAccessors: .MatrixJoin4

===========================================================================================
----------------- testing Tue Oct 13 12:30:51 UTC 2020 /home/travis/build/icyphy/ptII/ptolemy/domains/sdf/lib/test/auto/MatrixJoin5.xml
----------------- Instantiating /home/travis/build/icyphy/ptII/ptolemy/domains/sdf/lib/test/auto/MatrixJoin5.xml
1 ms. Memory: 156672K Free: 119134K (76%)
----------------- Invoking toplevel() on ptolemy.moml.MoMLSimpleApplication@32afbd68
----------------- Done invoking toplevel() on ptolemy.moml.MoMLSimpleApplication@32afbd68
reloadAllAccessors: .MatrixJoin5

===========================================================================================
----------------- testing Tue Oct 13 12:30:51 UTC 2020 /home/travis/build/icyphy/ptII/ptolemy/domains/sdf/lib/test/auto/MatrixSplit1.xml
----------------- Instantiating /home/travis/build/icyphy/ptII/ptolemy/domains/sdf/lib/test/auto/MatrixSplit1.xml
2 ms. Memory: 156672K Free: 113500K (72%)
----------------- Invoking toplevel() on ptolemy.moml.MoMLSimpleApplication@5d03baeb
----------------- Done invoking toplevel() on ptolemy.moml.MoMLSimpleApplication@5d03baeb
reloadAllAccessors: .MatrixSplit1

===========================================================================================
----------------- testing Tue Oct 13 12:30:51 UTC 2020 /home/travis/build/icyphy/ptII/ptolemy/domains/sdf/lib/test/auto/MatrixSplit10.xml
----------------- Instantiating /home/travis/build/icyphy/ptII/ptolemy/domains/sdf/lib/test/auto/MatrixSplit10.xml
7 ms. Memory: 156672K Free: 109918K (70%)
----------------- Invoking toplevel() on ptolemy.moml.MoMLSimpleApplication@1dac5b3
----------------- Done invoking toplevel() on ptolemy.moml.MoMLSimpleApplication@1dac5b3
reloadAllAccessors: .MatrixSplit10

===========================================================================================
----------------- testing Tue Oct 13 12:30:51 UTC 2020 /home/travis/build/icyphy/ptII/ptolemy/domains/sdf/lib/test/auto/MatrixSplit11.xml
----------------- Instantiating /home/travis/build/icyphy/ptII/ptolemy/domains/sdf/lib/test/auto/MatrixSplit11.xml
1 ms. Memory: 156672K Free: 106332K (68%)
----------------- Invoking toplevel() on ptolemy.moml.MoMLSimpleApplication@1c6de010
----------------- Done invoking toplevel() on ptolemy.moml.MoMLSimpleApplication@1c6de010
reloadAllAccessors: .MatrixSplit11

===========================================================================================
----------------- testing Tue Oct 13 12:30:51 UTC 2020 /home/travis/build/icyphy/ptII/ptolemy/domains/sdf/lib/test/auto/MatrixSplit12.xml
----------------- Instantiating /home/travis/build/icyphy/ptII/ptolemy/domains/sdf/lib/test/auto/MatrixSplit12.xml
1 ms. Memory: 156672K Free: 102750K (66%)
----------------- Invoking toplevel() on ptolemy.moml.MoMLSimpleApplication@554734ff
----------------- Done invoking toplevel() on ptolemy.moml.MoMLSimpleApplication@554734ff
reloadAllAccessors: .MatrixSplit12

===========================================================================================
----------------- testing Tue Oct 13 12:30:51 UTC 2020 /home/travis/build/icyphy/ptII/ptolemy/domains/sdf/lib/test/auto/MatrixSplit13.xml
----------------- Instantiating /home/travis/build/icyphy/ptII/ptolemy/domains/sdf/lib/test/auto/MatrixSplit13.xml
5 ms. Memory: 156672K Free: 99164K (63%)
----------------- Invoking toplevel() on ptolemy.moml.MoMLSimpleApplication@3aef4570
----------------- Done invoking toplevel() on ptolemy.moml.MoMLSimpleApplication@3aef4570
reloadAllAccessors: .MatrixSplit13

===========================================================================================
----------------- testing Tue Oct 13 12:30:51 UTC 2020 /home/travis/build/icyphy/ptII/ptolemy/domains/sdf/lib/test/auto/MatrixSplit14.xml
----------------- Instantiating /home/travis/build/icyphy/ptII/ptolemy/domains/sdf/lib/test/auto/MatrixSplit14.xml
2 ms. Memory: 156672K Free: 95582K (61%)
----------------- Invoking toplevel() on ptolemy.moml.MoMLSimpleApplication@7aed8b86
----------------- Done invoking toplevel() on ptolemy.moml.MoMLSimpleApplication@7aed8b86
reloadAllAccessors: .MatrixSplit14

===========================================================================================
----------------- testing Tue Oct 13 12:30:51 UTC 2020 /home/travis/build/icyphy/ptII/ptolemy/domains/sdf/lib/test/auto/MatrixSplit2.xml
----------------- Instantiating /home/travis/build/icyphy/ptII/ptolemy/domains/sdf/lib/test/auto/MatrixSplit2.xml
2 ms. Memory: 156672K Free: 91996K (59%)
----------------- Invoking toplevel() on ptolemy.moml.MoMLSimpleApplication@1ee70dfe
----------------- Done invoking toplevel() on ptolemy.moml.MoMLSimpleApplication@1ee70dfe
reloadAllAccessors: .MatrixSplit2

===========================================================================================
----------------- testing Tue Oct 13 12:30:51 UTC 2020 /home/travis/build/icyphy/ptII/ptolemy/domains/sdf/lib/test/auto/MatrixSplit3.xml
----------------- Instantiating /home/travis/build/icyphy/ptII/ptolemy/domains/sdf/lib/test/auto/MatrixSplit3.xml
3 ms. Memory: 156672K Free: 88414K (56%)
----------------- Invoking toplevel() on ptolemy.moml.MoMLSimpleApplication@5bedec7e
----------------- Done invoking toplevel() on ptolemy.moml.MoMLSimpleApplication@5bedec7e
reloadAllAccessors: .MatrixSplit3

===========================================================================================
----------------- testing Tue Oct 13 12:30:51 UTC 2020 /home/travis/build/icyphy/ptII/ptolemy/domains/sdf/lib/test/auto/MatrixSplit4.xml
----------------- Instantiating /home/travis/build/icyphy/ptII/ptolemy/domains/sdf/lib/test/auto/MatrixSplit4.xml
2 ms. Memory: 156672K Free: 84828K (54%)
----------------- Invoking toplevel() on ptolemy.moml.MoMLSimpleApplication@39adb47e
----------------- Done invoking toplevel() on ptolemy.moml.MoMLSimpleApplication@39adb47e
reloadAllAccessors: .MatrixSplit4

===========================================================================================
----------------- testing Tue Oct 13 12:30:51 UTC 2020 /home/travis/build/icyphy/ptII/ptolemy/domains/sdf/lib/test/auto/MatrixSplit5.xml
----------------- Instantiating /home/travis/build/icyphy/ptII/ptolemy/domains/sdf/lib/test/auto/MatrixSplit5.xml
8 ms. Memory: 156672K Free: 81246K (52%)
----------------- Invoking toplevel() on ptolemy.moml.MoMLSimpleApplication@2f941690
----------------- Done invoking toplevel() on ptolemy.moml.MoMLSimpleApplication@2f941690
reloadAllAccessors: .MatrixSplit5

===========================================================================================
----------------- testing Tue Oct 13 12:30:51 UTC 2020 /home/travis/build/icyphy/ptII/ptolemy/domains/sdf/lib/test/auto/MatrixSplit6.xml
----------------- Instantiating /home/travis/build/icyphy/ptII/ptolemy/domains/sdf/lib/test/auto/MatrixSplit6.xml
2 ms. Memory: 156672K Free: 77660K (50%)
----------------- Invoking toplevel() on ptolemy.moml.MoMLSimpleApplication@720c6f2a
----------------- Done invoking toplevel() on ptolemy.moml.MoMLSimpleApplication@720c6f2a
reloadAllAccessors: .MatrixSplit6

===========================================================================================
----------------- testing Tue Oct 13 12:30:51 UTC 2020 /home/travis/build/icyphy/ptII/ptolemy/domains/sdf/lib/test/auto/MatrixSplit7.xml
----------------- Instantiating /home/travis/build/icyphy/ptII/ptolemy/domains/sdf/lib/test/auto/MatrixSplit7.xml
2 ms. Memory: 156672K Free: 74078K (47%)
----------------- Invoking toplevel() on ptolemy.moml.MoMLSimpleApplication@1619a909
----------------- Done invoking toplevel() on ptolemy.moml.MoMLSimpleApplication@1619a909
reloadAllAccessors: .MatrixSplit7

===========================================================================================
----------------- testing Tue Oct 13 12:30:51 UTC 2020 /home/travis/build/icyphy/ptII/ptolemy/domains/sdf/lib/test/auto/MatrixSplit8.xml
----------------- Instantiating /home/travis/build/icyphy/ptII/ptolemy/domains/sdf/lib/test/auto/MatrixSplit8.xml
2 ms. Memory: 156672K Free: 70492K (45%)
----------------- Invoking toplevel() on ptolemy.moml.MoMLSimpleApplication@6d76c5ce
----------------- Done invoking toplevel() on ptolemy.moml.MoMLSimpleApplication@6d76c5ce
reloadAllAccessors: .MatrixSplit8

===========================================================================================
----------------- testing Tue Oct 13 12:30:51 UTC 2020 /home/travis/build/icyphy/ptII/ptolemy/domains/sdf/lib/test/auto/MatrixSplit9.xml
----------------- Instantiating /home/travis/build/icyphy/ptII/ptolemy/domains/sdf/lib/test/auto/MatrixSplit9.xml
2 ms. Memory: 156672K Free: 66910K (43%)
----------------- Invoking toplevel() on ptolemy.moml.MoMLSimpleApplication@46017768
----------------- Done invoking toplevel() on ptolemy.moml.MoMLSimpleApplication@46017768
reloadAllAccessors: .MatrixSplit9

===========================================================================================
----------------- testing Tue Oct 13 12:30:51 UTC 2020 /home/travis/build/icyphy/ptII/ptolemy/domains/sdf/lib/test/auto/MatrixToSequence.xml
----------------- Instantiating /home/travis/build/icyphy/ptII/ptolemy/domains/sdf/lib/test/auto/MatrixToSequence.xml
15 ms. Memory: 156672K Free: 139435K (89%)
----------------- Invoking toplevel() on ptolemy.moml.MoMLSimpleApplication@71d5fd7c
----------------- Done invoking toplevel() on ptolemy.moml.MoMLSimpleApplication@71d5fd7c
reloadAllAccessors: .MatrixToSequence

===========================================================================================
----------------- testing Tue Oct 13 12:30:51 UTC 2020 /home/travis/build/icyphy/ptII/ptolemy/domains/sdf/lib/test/auto/MaximumEntropySpectrum.xml
----------------- Instantiating /home/travis/build/icyphy/ptII/ptolemy/domains/sdf/lib/test/auto/MaximumEntropySpectrum.xml
8 ms. Memory: 156672K Free: 117931K (75%)
----------------- Invoking toplevel() on ptolemy.moml.MoMLSimpleApplication@15dc6c99
----------------- Done invoking toplevel() on ptolemy.moml.MoMLSimpleApplication@15dc6c99
reloadAllAccessors: .MaximumEntropySpectrum

===========================================================================================
----------------- testing Tue Oct 13 12:30:51 UTC 2020 /home/travis/build/icyphy/ptII/ptolemy/domains/sdf/lib/test/auto/SampleDelayConversion.xml
----------------- Instantiating /home/travis/build/icyphy/ptII/ptolemy/domains/sdf/lib/test/auto/SampleDelayConversion.xml
1 ms. Memory: 156672K Free: 114345K (73%)
----------------- Invoking toplevel() on ptolemy.moml.MoMLSimpleApplication@adefef3
----------------- Done invoking toplevel() on ptolemy.moml.MoMLSimpleApplication@adefef3
reloadAllAccessors: .SampleDelayConversion

===========================================================================================
----------------- testing Tue Oct 13 12:30:51 UTC 2020 /home/travis/build/icyphy/ptII/ptolemy/domains/sdf/lib/test/auto/SequenceToArray.xml
----------------- Instantiating /home/travis/build/icyphy/ptII/ptolemy/domains/sdf/lib/test/auto/SequenceToArray.xml
16 ms. Memory: 156672K Free: 102571K (65%)
----------------- Invoking toplevel() on ptolemy.moml.MoMLSimpleApplication@3bebf8e3
----------------- Done invoking toplevel() on ptolemy.moml.MoMLSimpleApplication@3bebf8e3
reloadAllAccessors: .SequenceToArray

===========================================================================================
----------------- testing Tue Oct 13 12:30:51 UTC 2020 /home/travis/build/icyphy/ptII/ptolemy/domains/sdf/lib/test/auto/SequenceToMatrix.xml
----------------- Instantiating /home/travis/build/icyphy/ptII/ptolemy/domains/sdf/lib/test/auto/SequenceToMatrix.xml
2994 ms. Memory: 188416K Free: 166382K (88%)
----------------- Invoking toplevel() on ptolemy.moml.MoMLSimpleApplication@dcfcb55
----------------- Done invoking toplevel() on ptolemy.moml.MoMLSimpleApplication@dcfcb55
reloadAllAccessors: .SequenceToMatrix

===========================================================================================
----------------- testing Tue Oct 13 12:30:54 UTC 2020 /home/travis/build/icyphy/ptII/ptolemy/domains/sdf/lib/test/auto/SmoothedPeriodogram.xml
----------------- Instantiating /home/travis/build/icyphy/ptII/ptolemy/domains/sdf/lib/test/auto/SmoothedPeriodogram.xml
19 ms. Memory: 188416K Free: 151022K (80%)
----------------- Invoking toplevel() on ptolemy.moml.MoMLSimpleApplication@25039363
----------------- Done invoking toplevel() on ptolemy.moml.MoMLSimpleApplication@25039363
reloadAllAccessors: .SmoothedPeriodogram

===========================================================================================
----------------- testing Tue Oct 13 12:30:54 UTC 2020 /home/travis/build/icyphy/ptII/ptolemy/domains/sdf/lib/test/auto/UpDownSample1.xml
----------------- Instantiating /home/travis/build/icyphy/ptII/ptolemy/domains/sdf/lib/test/auto/UpDownSample1.xml
4 ms. Memory: 188416K Free: 146926K (78%)
----------------- Invoking toplevel() on ptolemy.moml.MoMLSimpleApplication@7e8e40fc
----------------- Done invoking toplevel() on ptolemy.moml.MoMLSimpleApplication@7e8e40fc
reloadAllAccessors: .UpDownSample1

===========================================================================================
----------------- testing Tue Oct 13 12:30:54 UTC 2020 /home/travis/build/icyphy/ptII/ptolemy/domains/sdf/lib/test/auto/UpSample1.xml
----------------- Instantiating /home/travis/build/icyphy/ptII/ptolemy/domains/sdf/lib/test/auto/UpSample1.xml
2 ms. Memory: 188416K Free: 143344K (76%)
----------------- Invoking toplevel() on ptolemy.moml.MoMLSimpleApplication@4f4f5b75
----------------- Done invoking toplevel() on ptolemy.moml.MoMLSimpleApplication@4f4f5b75
reloadAllAccessors: .UpSample1

===========================================================================================
----------------- testing Tue Oct 13 12:30:54 UTC 2020 /home/travis/build/icyphy/ptII/ptolemy/domains/sdf/lib/test/auto/VariableFIR.xml
----------------- Instantiating /home/travis/build/icyphy/ptII/ptolemy/domains/sdf/lib/test/auto/VariableFIR.xml
3 ms. Memory: 188416K Free: 138224K (73%)
----------------- Invoking toplevel() on ptolemy.moml.MoMLSimpleApplication@6d03a9f3
----------------- Done invoking toplevel() on ptolemy.moml.MoMLSimpleApplication@6d03a9f3
reloadAllAccessors: .VariableFIR

===========================================================================================
----------------- testing Tue Oct 13 12:30:54 UTC 2020 /home/travis/build/icyphy/ptII/ptolemy/domains/sdf/lib/test/auto/VariableFIR2.xml
----------------- Instantiating /home/travis/build/icyphy/ptII/ptolemy/domains/sdf/lib/test/auto/VariableFIR2.xml
6 ms. Memory: 188416K Free: 133104K (71%)
----------------- Invoking toplevel() on ptolemy.moml.MoMLSimpleApplication@59cf6803
----------------- Done invoking toplevel() on ptolemy.moml.MoMLSimpleApplication@59cf6803
reloadAllAccessors: .VariableFIR2

===========================================================================================
----------------- testing Tue Oct 13 12:30:54 UTC 2020 /home/travis/build/icyphy/ptII/ptolemy/domains/sdf/lib/test/auto/VariableLattice.xml
----------------- Instantiating /home/travis/build/icyphy/ptII/ptolemy/domains/sdf/lib/test/auto/VariableLattice.xml
4 ms. Memory: 188416K Free: 126960K (67%)
----------------- Invoking toplevel() on ptolemy.moml.MoMLSimpleApplication@677b3d1e
----------------- Done invoking toplevel() on ptolemy.moml.MoMLSimpleApplication@677b3d1e
reloadAllAccessors: .VariableLattice

===========================================================================================
----------------- testing Tue Oct 13 12:30:54 UTC 2020 /home/travis/build/icyphy/ptII/ptolemy/domains/sdf/lib/test/auto/VariableLattice2.xml
----------------- Instantiating /home/travis/build/icyphy/ptII/ptolemy/domains/sdf/lib/test/auto/VariableLattice2.xml
1.0
-1.999999602036
1.9099998677481
-0.9099996420674
0.205
0.0
0.0
1.0
-0.25
-0.5
0.0
0.0
0.0
0.0
6 ms. Memory: 188416K Free: 122350K (65%)
----------------- Invoking toplevel() on ptolemy.moml.MoMLSimpleApplication@2984efdb
----------------- Done invoking toplevel() on ptolemy.moml.MoMLSimpleApplication@2984efdb
reloadAllAccessors: .VariableLattice2

===========================================================================================
----------------- testing Tue Oct 13 12:30:54 UTC 2020 /home/travis/build/icyphy/ptII/ptolemy/domains/sdf/lib/test/auto/VariableRecursiveLattice.xml
----------------- Instantiating /home/travis/build/icyphy/ptII/ptolemy/domains/sdf/lib/test/auto/VariableRecursiveLattice.xml
3 ms. Memory: 188416K Free: 117744K (62%)
----------------- Invoking toplevel() on ptolemy.moml.MoMLSimpleApplication@42885df4
----------------- Done invoking toplevel() on ptolemy.moml.MoMLSimpleApplication@42885df4
reloadAllAccessors: .VariableRecursiveLattice

===========================================================================================
----------------- testing Tue Oct 13 12:30:54 UTC 2020 /home/travis/build/icyphy/ptII/ptolemy/domains/sdf/lib/test/auto/VariableRecursiveLattice2.xml
----------------- Instantiating /home/travis/build/icyphy/ptII/ptolemy/domains/sdf/lib/test/auto/VariableRecursiveLattice2.xml
2 ms. Memory: 188416K Free: 113648K (60%)
----------------- Invoking toplevel() on ptolemy.moml.MoMLSimpleApplication@561c7741
----------------- Done invoking toplevel() on ptolemy.moml.MoMLSimpleApplication@561c7741
reloadAllAccessors: .VariableRecursiveLattice2
AutoTests.java: About to close Vertx.
AutoTests.java: Vertx closed.
]]></system-out>
  <system-err><![CDATA[]]></system-err>
</testsuite>
