<?xml version="1.0" encoding="UTF-8" ?>
<testsuite errors="0" failures="0" hostname="travis-job-6931c6e7-75b5-4c82-914b-8900a1fbe455" name="ptolemy.domains.de.test.junit.JUnitTclTest" skipped="0" tests="101" time="127.787" timestamp="2018-10-22T02:36:14">
  <properties>
[...]
</properties>
  <testcase classname="ptolemy.util.test.junit.TclTests" name="[0] /home/travis/build/icyphy/ptII/ptolemy/domains/de/test/DependencyLoop.tcl (RunTclFile)" time="0.745" />
  <testcase classname="ptolemy.util.test.junit.TclTests" name="[1] /home/travis/build/icyphy/ptII/ptolemy/domains/de/test/RunDETestsAsQSS.tcl (RunTclFile)" time="88.016" />
  <testcase classname="ptolemy.util.test.junit.AutoKnownFailedTests" name="[0] /home/travis/build/icyphy/ptII/ptolemy/domains/de/test/auto/knownFailedTests/DESDFClockTest.xml (RunModel)" time="2.038" />
  <testcase classname="ptolemy.util.test.junit.AutoKnownFailedTests" name="[1] /home/travis/build/icyphy/ptII/ptolemy/domains/de/test/auto/knownFailedTests/DirectFeedback.xml (RunModel)" time="0.014" />
  <testcase classname="ptolemy.util.test.junit.AutoKnownFailedTests" name="[2] /home/travis/build/icyphy/ptII/ptolemy/domains/de/test/auto/knownFailedTests/FSMSource.xml (RunModel)" time="0.033" />
  <testcase classname="ptolemy.util.test.junit.AutoKnownFailedTests" name="[3] /home/travis/build/icyphy/ptII/ptolemy/domains/de/test/auto/knownFailedTests/HierarchicalModel.xml (RunModel)" time="0.044" />
  <testcase classname="ptolemy.util.test.junit.AutoKnownFailedTests" name="[4] /home/travis/build/icyphy/ptII/ptolemy/domains/de/test/auto/knownFailedTests/dependencyLoop.xml (RunModel)" time="0.038" />
  <testcase classname="ptolemy.util.test.junit.AutoKnownFailedTests" name="[5] /home/travis/build/icyphy/ptII/ptolemy/domains/de/test/auto/knownFailedTests/dependencyLoop2.xml (RunModel)" time="0.044" />
  <testcase classname="ptolemy.util.test.junit.AutoNameArchTests" name="[0] ThereAreNoAutoArchTests (RunModel)" time="0.004" />
  <testcase classname="ptolemy.util.test.junit.AutoTests" name="[0] /home/travis/build/icyphy/ptII/ptolemy/domains/de/test/auto/ActorDepthCalculation_actorWithoutPorts.xml (RunModel)" time="0.016" />
  <testcase classname="ptolemy.util.test.junit.AutoTests" name="[1] /home/travis/build/icyphy/ptII/ptolemy/domains/de/test/auto/AssemblyLine.xml (RunModel)" time="0.023" />
  <testcase classname="ptolemy.util.test.junit.AutoTests" name="[2] /home/travis/build/icyphy/ptII/ptolemy/domains/de/test/auto/CQBug1.xml (RunModel)" time="0.013" />
  <testcase classname="ptolemy.util.test.junit.AutoTests" name="[3] /home/travis/build/icyphy/ptII/ptolemy/domains/de/test/auto/CancelFireAt.xml (RunModel)" time="0.012" />
  <testcase classname="ptolemy.util.test.junit.AutoTests" name="[4] /home/travis/build/icyphy/ptII/ptolemy/domains/de/test/auto/CausalityAndComposabilityAnalysis.xml (RunModel)" time="0.011" />
  <testcase classname="ptolemy.util.test.junit.AutoTests" name="[5] /home/travis/build/icyphy/ptII/ptolemy/domains/de/test/auto/CausalityInterface1.xml (RunModel)" time="0.014" />
  <testcase classname="ptolemy.util.test.junit.AutoTests" name="[6] /home/travis/build/icyphy/ptII/ptolemy/domains/de/test/auto/CausalityInterface15.xml (RunModel)" time="0.013" />
  <testcase classname="ptolemy.util.test.junit.AutoTests" name="[7] /home/travis/build/icyphy/ptII/ptolemy/domains/de/test/auto/CausalityInterface2.xml (RunModel)" time="0.012" />
  <testcase classname="ptolemy.util.test.junit.AutoTests" name="[8] /home/travis/build/icyphy/ptII/ptolemy/domains/de/test/auto/CausalityInterface3.xml (RunModel)" time="0.011" />
  <testcase classname="ptolemy.util.test.junit.AutoTests" name="[9] /home/travis/build/icyphy/ptII/ptolemy/domains/de/test/auto/ClockDrift.xml (RunModel)" time="0.051" />
  <testcase classname="ptolemy.util.test.junit.AutoTests" name="[10] /home/travis/build/icyphy/ptII/ptolemy/domains/de/test/auto/ClockDriftAndValueChange.xml (RunModel)" time="0.029" />
  <testcase classname="ptolemy.util.test.junit.AutoTests" name="[11] /home/travis/build/icyphy/ptII/ptolemy/domains/de/test/auto/ClockDriftChange.xml (RunModel)" time="0.031" />
  <testcase classname="ptolemy.util.test.junit.AutoTests" name="[12] /home/travis/build/icyphy/ptII/ptolemy/domains/de/test/auto/ComposableCausalityAnalysis.xml (RunModel)" time="0.018" />
  <testcase classname="ptolemy.util.test.junit.AutoTests" name="[13] /home/travis/build/icyphy/ptII/ptolemy/domains/de/test/auto/DEFixedPointLimitation.xml (RunModel)" time="0.011" />
  <testcase classname="ptolemy.util.test.junit.AutoTests" name="[14] /home/travis/build/icyphy/ptII/ptolemy/domains/de/test/auto/DEScheduleTest.xml (RunModel)" time="0.012" />
  <testcase classname="ptolemy.util.test.junit.AutoTests" name="[15] /home/travis/build/icyphy/ptII/ptolemy/domains/de/test/auto/DEinDEwithStartTimes.xml (RunModel)" time="0.016" />
  <testcase classname="ptolemy.util.test.junit.AutoTests" name="[16] /home/travis/build/icyphy/ptII/ptolemy/domains/de/test/auto/DEinDEwithStartTimes2.xml (RunModel)" time="0.017" />
  <testcase classname="ptolemy.util.test.junit.AutoTests" name="[17] /home/travis/build/icyphy/ptII/ptolemy/domains/de/test/auto/DateDemo.xml (RunModel)" time="0.03" />
  <testcase classname="ptolemy.util.test.junit.AutoTests" name="[18] /home/travis/build/icyphy/ptII/ptolemy/domains/de/test/auto/DateToEvent.xml (RunModel)" time="2.042" />
  <testcase classname="ptolemy.util.test.junit.AutoTests" name="[19] /home/travis/build/icyphy/ptII/ptolemy/domains/de/test/auto/DepthTest1.xml (RunModel)" time="0.018" />
  <testcase classname="ptolemy.util.test.junit.AutoTests" name="[20] /home/travis/build/icyphy/ptII/ptolemy/domains/de/test/auto/DepthTest2.xml (RunModel)" time="0.016" />
  <testcase classname="ptolemy.util.test.junit.AutoTests" name="[21] /home/travis/build/icyphy/ptII/ptolemy/domains/de/test/auto/DepthTest3.xml (RunModel)" time="0.008" />
  <testcase classname="ptolemy.util.test.junit.AutoTests" name="[22] /home/travis/build/icyphy/ptII/ptolemy/domains/de/test/auto/DepthTest4.xml (RunModel)" time="0.011" />
  <testcase classname="ptolemy.util.test.junit.AutoTests" name="[23] /home/travis/build/icyphy/ptII/ptolemy/domains/de/test/auto/DepthTest5.xml (RunModel)" time="0.014" />
  <testcase classname="ptolemy.util.test.junit.AutoTests" name="[24] /home/travis/build/icyphy/ptII/ptolemy/domains/de/test/auto/DepthTest6.xml (RunModel)" time="0.013" />
  <testcase classname="ptolemy.util.test.junit.AutoTests" name="[25] /home/travis/build/icyphy/ptII/ptolemy/domains/de/test/auto/DepthTest7.xml (RunModel)" time="0.011" />
  <testcase classname="ptolemy.util.test.junit.AutoTests" name="[26] /home/travis/build/icyphy/ptII/ptolemy/domains/de/test/auto/EventToDate.xml (RunModel)" time="3.032" />
  <testcase classname="ptolemy.util.test.junit.AutoTests" name="[27] /home/travis/build/icyphy/ptII/ptolemy/domains/de/test/auto/FSM1.xml (RunModel)" time="0.029" />
  <testcase classname="ptolemy.util.test.junit.AutoTests" name="[28] /home/travis/build/icyphy/ptII/ptolemy/domains/de/test/auto/FSM7.xml (RunModel)" time="0.028" />
  <testcase classname="ptolemy.util.test.junit.AutoTests" name="[29] /home/travis/build/icyphy/ptII/ptolemy/domains/de/test/auto/Inspection.xml (RunModel)" time="0.036" />
  <testcase classname="ptolemy.util.test.junit.AutoTests" name="[30] /home/travis/build/icyphy/ptII/ptolemy/domains/de/test/auto/Iteration.xml (RunModel)" time="0.018" />
  <testcase classname="ptolemy.util.test.junit.AutoTests" name="[31] /home/travis/build/icyphy/ptII/ptolemy/domains/de/test/auto/LineFault.xml (RunModel)" time="0.459" />
  <testcase classname="ptolemy.util.test.junit.AutoTests" name="[32] /home/travis/build/icyphy/ptII/ptolemy/domains/de/test/auto/MergeModel1Add.xml (RunModel)" time="0.035" />
  <testcase classname="ptolemy.util.test.junit.AutoTests" name="[33] /home/travis/build/icyphy/ptII/ptolemy/domains/de/test/auto/MergeModel2Add.xml (RunModel)" time="0.032" />
  <testcase classname="ptolemy.util.test.junit.AutoTests" name="[34] /home/travis/build/icyphy/ptII/ptolemy/domains/de/test/auto/MergeModel3Add.xml (RunModel)" time="0.036" />
  <testcase classname="ptolemy.util.test.junit.AutoTests" name="[35] /home/travis/build/icyphy/ptII/ptolemy/domains/de/test/auto/MergeWithoutDiscard.xml (RunModel)" time="0.009" />
  <testcase classname="ptolemy.util.test.junit.AutoTests" name="[36] /home/travis/build/icyphy/ptII/ptolemy/domains/de/test/auto/Modal1.xml (RunModel)" time="0.023" />
  <testcase classname="ptolemy.util.test.junit.AutoTests" name="[37] /home/travis/build/icyphy/ptII/ptolemy/domains/de/test/auto/Modal2.xml (RunModel)" time="0.03" />
  <testcase classname="ptolemy.util.test.junit.AutoTests" name="[38] /home/travis/build/icyphy/ptII/ptolemy/domains/de/test/auto/Modal3.xml (RunModel)" time="0.032" />
  <testcase classname="ptolemy.util.test.junit.AutoTests" name="[39] /home/travis/build/icyphy/ptII/ptolemy/domains/de/test/auto/Modal4.xml (RunModel)" time="0.028" />
  <testcase classname="ptolemy.util.test.junit.AutoTests" name="[40] /home/travis/build/icyphy/ptII/ptolemy/domains/de/test/auto/Modal5.xml (RunModel)" time="0.027" />
  <testcase classname="ptolemy.util.test.junit.AutoTests" name="[41] /home/travis/build/icyphy/ptII/ptolemy/domains/de/test/auto/Modal6.xml (RunModel)" time="0.025" />
  <testcase classname="ptolemy.util.test.junit.AutoTests" name="[42] /home/travis/build/icyphy/ptII/ptolemy/domains/de/test/auto/Modal7.xml (RunModel)" time="0.025" />
  <testcase classname="ptolemy.util.test.junit.AutoTests" name="[43] /home/travis/build/icyphy/ptII/ptolemy/domains/de/test/auto/ModalModel.xml (RunModel)" time="0.123" />
  <testcase classname="ptolemy.util.test.junit.AutoTests" name="[44] /home/travis/build/icyphy/ptII/ptolemy/domains/de/test/auto/ModalSource.xml (RunModel)" time="0.016" />
  <testcase classname="ptolemy.util.test.junit.AutoTests" name="[45] /home/travis/build/icyphy/ptII/ptolemy/domains/de/test/auto/NonInterruptibleTimerZeroDelay.xml (RunModel)" time="0.009" />
  <testcase classname="ptolemy.util.test.junit.AutoTests" name="[46] /home/travis/build/icyphy/ptII/ptolemy/domains/de/test/auto/OpenQueueingNetwork.xml (RunModel)" time="2.079" />
  <testcase classname="ptolemy.util.test.junit.AutoTests" name="[47] /home/travis/build/icyphy/ptII/ptolemy/domains/de/test/auto/OpenQueuingNetwork.xml (RunModel)" time="0.259" />
  <testcase classname="ptolemy.util.test.junit.AutoTests" name="[48] /home/travis/build/icyphy/ptII/ptolemy/domains/de/test/auto/PeriodicSampler.xml (RunModel)" time="0.011" />
  <testcase classname="ptolemy.util.test.junit.AutoTests" name="[49] /home/travis/build/icyphy/ptII/ptolemy/domains/de/test/auto/PersistentIO.xml (RunModel)" time="0.017" />
  <testcase classname="ptolemy.util.test.junit.AutoTests" name="[50] /home/travis/build/icyphy/ptII/ptolemy/domains/de/test/auto/PortParameterResetOnInitialize.xml (RunModel)" time="0.009" />
  <testcase classname="ptolemy.util.test.junit.AutoTests" name="[51] /home/travis/build/icyphy/ptII/ptolemy/domains/de/test/auto/PortParameterUpdates.xml (RunModel)" time="0.014" />
  <testcase classname="ptolemy.util.test.junit.AutoTests" name="[52] /home/travis/build/icyphy/ptII/ptolemy/domains/de/test/auto/QueueAndServer.xml (RunModel)" time="0.02" />
  <testcase classname="ptolemy.util.test.junit.AutoTests" name="[53] /home/travis/build/icyphy/ptII/ptolemy/domains/de/test/auto/Records.xml (RunModel)" time="0.017" />
  <testcase classname="ptolemy.util.test.junit.AutoTests" name="[54] /home/travis/build/icyphy/ptII/ptolemy/domains/de/test/auto/ResetTransitionWithStartTime1.xml (RunModel)" time="0.018" />
  <testcase classname="ptolemy.util.test.junit.AutoTests" name="[55] /home/travis/build/icyphy/ptII/ptolemy/domains/de/test/auto/ResetTransitionWithStartTime2.xml (RunModel)" time="0.019" />
  <testcase classname="ptolemy.util.test.junit.AutoTests" name="[56] /home/travis/build/icyphy/ptII/ptolemy/domains/de/test/auto/ResetTransitionWithStartTime3.xml (RunModel)" time="0.018" />
  <testcase classname="ptolemy.util.test.junit.AutoTests" name="[57] /home/travis/build/icyphy/ptII/ptolemy/domains/de/test/auto/ResetTransitionWithStartTime4.xml (RunModel)" time="0.018" />
  <testcase classname="ptolemy.util.test.junit.AutoTests" name="[58] /home/travis/build/icyphy/ptII/ptolemy/domains/de/test/auto/ResettableTimer1.xml (RunModel)" time="0.01" />
  <testcase classname="ptolemy.util.test.junit.AutoTests" name="[59] /home/travis/build/icyphy/ptII/ptolemy/domains/de/test/auto/ResettableTimer2.xml (RunModel)" time="0.01" />
  <testcase classname="ptolemy.util.test.junit.AutoTests" name="[60] /home/travis/build/icyphy/ptII/ptolemy/domains/de/test/auto/ResettableTimer3.xml (RunModel)" time="0.008" />
  <testcase classname="ptolemy.util.test.junit.AutoTests" name="[61] /home/travis/build/icyphy/ptII/ptolemy/domains/de/test/auto/ResettableTimer4.xml (RunModel)" time="0.01" />
  <testcase classname="ptolemy.util.test.junit.AutoTests" name="[62] /home/travis/build/icyphy/ptII/ptolemy/domains/de/test/auto/ResettableTimer5.xml (RunModel)" time="0.01" />
  <testcase classname="ptolemy.util.test.junit.AutoTests" name="[63] /home/travis/build/icyphy/ptII/ptolemy/domains/de/test/auto/ResettableTimer6.xml (RunModel)" time="0.019" />
  <testcase classname="ptolemy.util.test.junit.AutoTests" name="[64] /home/travis/build/icyphy/ptII/ptolemy/domains/de/test/auto/ServerZeroDelay.xml (RunModel)" time="0.011" />
  <testcase classname="ptolemy.util.test.junit.AutoTests" name="[65] /home/travis/build/icyphy/ptII/ptolemy/domains/de/test/auto/SmartSender.xml (RunModel)" time="3.009" />
  <testcase classname="ptolemy.util.test.junit.AutoTests" name="[66] /home/travis/build/icyphy/ptII/ptolemy/domains/de/test/auto/ThreadedComposite.xml (RunModel)" time="0.113" />
  <testcase classname="ptolemy.util.test.junit.AutoTests" name="[67] /home/travis/build/icyphy/ptII/ptolemy/domains/de/test/auto/Time.xml (RunModel)" time="0.406" />
  <testcase classname="ptolemy.util.test.junit.AutoTests" name="[68] /home/travis/build/icyphy/ptII/ptolemy/domains/de/test/auto/TimeDelayZeroDelay.xml (RunModel)" time="0.012" />
  <testcase classname="ptolemy.util.test.junit.AutoTests" name="[69] /home/travis/build/icyphy/ptII/ptolemy/domains/de/test/auto/TimerZeroDelay.xml (RunModel)" time="0.008" />
  <testcase classname="ptolemy.util.test.junit.AutoTests" name="[70] /home/travis/build/icyphy/ptII/ptolemy/domains/de/test/auto/TimingParadox.xml (RunModel)" time="0.342" />
  <testcase classname="ptolemy.util.test.junit.AutoTests" name="[71] /home/travis/build/icyphy/ptII/ptolemy/domains/de/test/auto/TransferInputs.xml (RunModel)" time="0.009" />
  <testcase classname="ptolemy.util.test.junit.AutoTests" name="[72] /home/travis/build/icyphy/ptII/ptolemy/domains/de/test/auto/TransferOutputs2.xml (RunModel)" time="0.015" />
  <testcase classname="ptolemy.util.test.junit.AutoTests" name="[73] /home/travis/build/icyphy/ptII/ptolemy/domains/de/test/auto/Trilateration.xml (RunModel)" time="11.305" />
  <testcase classname="ptolemy.util.test.junit.AutoTests" name="[74] /home/travis/build/icyphy/ptII/ptolemy/domains/de/test/auto/TwoSigmaDelta.xml (RunModel)" time="1.996" />
  <testcase classname="ptolemy.util.test.junit.AutoTests" name="[75] /home/travis/build/icyphy/ptII/ptolemy/domains/de/test/auto/VariableDelay.xml (RunModel)" time="0.01" />
  <testcase classname="ptolemy.util.test.junit.AutoTests" name="[76] /home/travis/build/icyphy/ptII/ptolemy/domains/de/test/auto/VariableDelay2.xml (RunModel)" time="0.008" />
  <testcase classname="ptolemy.util.test.junit.AutoTests" name="[77] /home/travis/build/icyphy/ptII/ptolemy/domains/de/test/auto/VariableDelayZeroDelay.xml (RunModel)" time="0.009" />
  <testcase classname="ptolemy.util.test.junit.AutoTests" name="[78] /home/travis/build/icyphy/ptII/ptolemy/domains/de/test/auto/VariableDelayZeroDelay2.xml (RunModel)" time="0.009" />
  <testcase classname="ptolemy.util.test.junit.AutoTests" name="[79] /home/travis/build/icyphy/ptII/ptolemy/domains/de/test/auto/deInCt.xml (RunModel)" time="0.014" />
  <testcase classname="ptolemy.util.test.junit.AutoTests" name="[80] /home/travis/build/icyphy/ptII/ptolemy/domains/de/test/auto/deInCt2.xml (RunModel)" time="0.014" />
  <testcase classname="ptolemy.util.test.junit.AutoTests" name="[81] /home/travis/build/icyphy/ptII/ptolemy/domains/de/test/auto/dynamicCausalityInterface1.xml (RunModel)" time="0.023" />
  <testcase classname="ptolemy.util.test.junit.AutoTests" name="[82] /home/travis/build/icyphy/ptII/ptolemy/domains/de/test/auto/fsm_de_test.xml (RunModel)" time="0.024" />
  <testcase classname="ptolemy.util.test.junit.AutoTests" name="[83] /home/travis/build/icyphy/ptII/ptolemy/domains/de/test/auto/functionDependencyReconstruction.xml (RunModel)" time="0.032" />
  <testcase classname="ptolemy.util.test.junit.AutoTests" name="[84] /home/travis/build/icyphy/ptII/ptolemy/domains/de/test/auto/multirate.xml (RunModel)" time="0.014" />
  <testcase classname="ptolemy.util.test.junit.AutoTests" name="[85] /home/travis/build/icyphy/ptII/ptolemy/domains/de/test/auto/multirate2.xml (RunModel)" time="0.017" />
  <testcase classname="ptolemy.util.test.junit.AutoTests" name="[86] /home/travis/build/icyphy/ptII/ptolemy/domains/de/test/auto/realtime.xml (RunModel)" time="10.01" />
  <testcase classname="ptolemy.util.test.junit.AutoTests" name="[87] /home/travis/build/icyphy/ptII/ptolemy/domains/de/test/auto/relationGroup.xml (RunModel)" time="0.006" />
  <testcase classname="ptolemy.util.test.junit.AutoTests" name="[88] /home/travis/build/icyphy/ptII/ptolemy/domains/de/test/auto/relationGroup2.xml (RunModel)" time="0.005" />
  <testcase classname="ptolemy.util.test.junit.AutoTests" name="[89] /home/travis/build/icyphy/ptII/ptolemy/domains/de/test/auto/sortWithOpaquePorts.xml (RunModel)" time="0.01" />
  <testcase classname="ptolemy.util.test.junit.AutoTests" name="[90] /home/travis/build/icyphy/ptII/ptolemy/domains/de/test/auto/transferInputsandOutputs.xml (RunModel)" time="0.014" />
  <testcase classname="ptolemy.util.test.junit.AutoTests" name="[91] /home/travis/build/icyphy/ptII/ptolemy/domains/de/test/auto/triggerType.xml (RunModel)" time="0.008" />
  <system-out><![CDATA[/home/travis/build/icyphy/ptII/ptolemy/domains/de/test/DependencyLoop.tcl
testDefs.tcl: setting time out to 9000 seconds at Mon Oct 22 02:36:14 UTC 2018
15 ms. Memory: 116224K Free: 93504K (80%)
6 ms. Memory: 146944K Free: 135522K (92%)
/home/travis/build/icyphy/ptII/ptolemy/domains/de/test/RunDETestsAsQSS.tcl
Run the DE tests using ptolemy.domains.qss.test.QSSDirectorTest, which extends QSSDirector and prints a message in the constructors.
------------------ testing $PTII/ptolemy/domains/de/test/auto/knownFailedTests/dependencyLoop.xml (Known Failure) 
9 ms. Memory: 146944K Free: 132410K (90%)


==== $PTIIhome/travis/build/icyphy/ptII/ptolemy/domains/de/test/../../../../: Auto Automatic test in file $PTII/ptolemy/domains/de/test/auto/knownFailedTests/dependencyLoop.xml
==== Contents of test case:

	    # FIXME: we should use $relativeFilename here, but it
	    # might have backslashes under Windows, which causes no end
	    # of trouble.
	    createAndExecute $file
	    list {}
	
.... Test generated KNOWN error:
    while executing
ptolemy.kernel.util.IllegalActionException: Found a zero delay loop containing .dependencyLoop.original
  in .dependencyLoop and .dependencyLoop.original
	at ptolemy.actor.util.CausalityInterfaceForComposites._computeOutputPortDepth(CausalityInterfaceForComposites.java:759)
	at ptolemy.actor.util.CausalityInterfaceForComposites._computeInputDepth(CausalityInterfaceForComposites.java:696)
	at ptolemy.actor.util.CausalityInterfaceForComposites._computeOutputPortDepth(CausalityInterfaceForComposites.java:765)
	at ptolemy.actor.util.CausalityInterfaceForComposites._computeInputDepth(CausalityInterfaceForComposites.java:696)
	at ptolemy.actor.util.CausalityInterfaceForComposites._computeOutputPortDepth(CausalityInterfaceForComposites.java:765)
	at ptolemy.actor.util.CausalityInterfaceForComposites._computeInputDepth(CausalityInterfaceForComposites.java:696)
	at ptolemy.actor.util.CausalityInterfaceForComposites._computeActorDepth(CausalityInterfaceForComposites.java:532)
	at ptolemy.actor.util.CausalityInterfaceForComposites.checkForCycles(CausalityInterfaceForComposites.java:96)
	at ptolemy.domains.de.kernel.DEDirector.preinitialize(DEDirector.java:1338)
	at ptolemy.actor.CompositeActor.preinitialize(CompositeActor.java:1828)
	at ptolemy.actor.Manager.preinitializeAndResolveTypes(Manager.java:1040)
	at ptolemy.actor.Manager.initialize(Manager.java:710)
	at ptolemy.actor.Manager.execute(Manager.java:356)
	at ptolemy.actor.Manager.run(Manager.java:1263)
	at ptolemy.actor.Manager$PtolemyRunThread.run(Manager.java:1915)

    while executing
ptolemy.kernel.util.IllegalActionException: Found a zero delay loop containing .dependencyLoop.original
  in .dependencyLoop and .dependencyLoop.original
    while executing
"java::new ptolemy.moml.MoMLSimpleApplication $file
"
    (procedure "createAndExecute" line 2)
    invoked from within
"createAndExecute $file"
    ("uplevel" body line 5)
    invoked from within
"uplevel $contents_of_test"
------------------ testing $PTII/ptolemy/domains/de/test/auto/knownFailedTests/DESDFClockTest.xml (Known Failure) 
2093 ms. Memory: 146944K Free: 116639K (79%)


==== $PTIIhome/travis/build/icyphy/ptII/ptolemy/domains/de/test/../../../../: Auto Automatic test in file $PTII/ptolemy/domains/de/test/auto/knownFailedTests/DESDFClockTest.xml
==== Contents of test case:

	    # FIXME: we should use $relativeFilename here, but it
	    # might have backslashes under Windows, which causes no end
	    # of trouble.
	    createAndExecute $file
	    list {}
	
.... Test generated KNOWN error:
    while executing
ptolemy.kernel.util.IllegalActionException: Actor is not ready to fire.  Perhaps UpSample.prefire() returned false? Try debugging the actor by selecting "Listen to Actor".  Also, for SDF check moml for tokenConsumptionRate on input.
  in .DESDFClockTest.Play Bell.Copy1:SDF Director and .DESDFClockTest.Play Bell.UpSample
	at ptolemy.actor.sched.StaticSchedulingDirector.fire(StaticSchedulingDirector.java:227)
	at ptolemy.domains.sdf.kernel.SDFDirector.fire(SDFDirector.java:500)
	at ptolemy.actor.CompositeActor.fire(CompositeActor.java:455)
	at ptolemy.domains.de.kernel.DEDirector._fire(DEDirector.java:1949)
	at ptolemy.domains.de.kernel.DEDirector.fire(DEDirector.java:502)
	at ptolemy.actor.CompositeActor.fire(CompositeActor.java:455)
	at ptolemy.actor.Manager.iterate(Manager.java:851)
	at ptolemy.actor.Manager.execute(Manager.java:369)
	at ptolemy.actor.Manager.run(Manager.java:1263)
	at ptolemy.actor.Manager$PtolemyRunThread.run(Manager.java:1915)

    while executing
ptolemy.kernel.util.IllegalActionException: Actor is not ready to fire.  Perhaps UpSample.prefire() returned false? Try debugging the actor by selecting "Listen to Actor".  Also, for SDF check moml for tokenConsumptionRate on input.
  in .DESDFClockTest.Play Bell.Copy1:SDF Director and .DESDFClockTest.Play Bell.UpSample
    while executing
"java::new ptolemy.moml.MoMLSimpleApplication $file
"
    (procedure "createAndExecute" line 2)
    invoked from within
"createAndExecute $file"
    ("uplevel" body line 5)
    invoked from within
"uplevel $contents_of_test"
------------------ testing $PTII/ptolemy/domains/de/test/auto/knownFailedTests/FSMSource.xml (Known Failure) 
32 ms. Memory: 146944K Free: 107721K (73%)
!!!! Auto was marked as failing, but now passes
------------------ testing $PTII/ptolemy/domains/de/test/auto/knownFailedTests/dependencyLoop2.xml (Known Failure) 
10 ms. Memory: 146944K Free: 105837K (72%)


==== $PTIIhome/travis/build/icyphy/ptII/ptolemy/domains/de/test/../../../../: Auto Automatic test in file $PTII/ptolemy/domains/de/test/auto/knownFailedTests/dependencyLoop2.xml
==== Contents of test case:

	    # FIXME: we should use $relativeFilename here, but it
	    # might have backslashes under Windows, which causes no end
	    # of trouble.
	    createAndExecute $file
	    list {}
	
.... Test generated KNOWN error:
    while executing
ptolemy.kernel.util.IllegalActionException: Found a zero delay loop containing .dependencyLoop2.original
  in .dependencyLoop2 and .dependencyLoop2.original
	at ptolemy.actor.util.CausalityInterfaceForComposites._computeOutputPortDepth(CausalityInterfaceForComposites.java:759)
	at ptolemy.actor.util.CausalityInterfaceForComposites._computeInputDepth(CausalityInterfaceForComposites.java:696)
	at ptolemy.actor.util.CausalityInterfaceForComposites._computeOutputPortDepth(CausalityInterfaceForComposites.java:765)
	at ptolemy.actor.util.CausalityInterfaceForComposites._computeInputDepth(CausalityInterfaceForComposites.java:696)
	at ptolemy.actor.util.CausalityInterfaceForComposites._computeOutputPortDepth(CausalityInterfaceForComposites.java:765)
	at ptolemy.actor.util.CausalityInterfaceForComposites._computeInputDepth(CausalityInterfaceForComposites.java:696)
	at ptolemy.actor.util.CausalityInterfaceForComposites._computeActorDepth(CausalityInterfaceForComposites.java:532)
	at ptolemy.actor.util.CausalityInterfaceForComposites.checkForCycles(CausalityInterfaceForComposites.java:96)
	at ptolemy.domains.de.kernel.DEDirector.preinitialize(DEDirector.java:1338)
	at ptolemy.actor.CompositeActor.preinitialize(CompositeActor.java:1828)
	at ptolemy.actor.Manager.preinitializeAndResolveTypes(Manager.java:1040)
	at ptolemy.actor.Manager.initialize(Manager.java:710)
	at ptolemy.actor.Manager.execute(Manager.java:356)
	at ptolemy.actor.Manager.run(Manager.java:1263)
	at ptolemy.actor.Manager$PtolemyRunThread.run(Manager.java:1915)

    while executing
ptolemy.kernel.util.IllegalActionException: Found a zero delay loop containing .dependencyLoop2.original
  in .dependencyLoop2 and .dependencyLoop2.original
    while executing
"java::new ptolemy.moml.MoMLSimpleApplication $file
"
    (procedure "createAndExecute" line 2)
    invoked from within
"createAndExecute $file"
    ("uplevel" body line 5)
    invoked from within
"uplevel $contents_of_test"
------------------ testing $PTII/ptolemy/domains/de/test/auto/knownFailedTests/HierarchicalModel.xml (Known Failure) 
9 ms. Memory: 146944K Free: 84281K (57%)


==== $PTIIhome/travis/build/icyphy/ptII/ptolemy/domains/de/test/../../../../: Auto Automatic test in file $PTII/ptolemy/domains/de/test/auto/knownFailedTests/HierarchicalModel.xml
==== Contents of test case:

	    # FIXME: we should use $relativeFilename here, but it
	    # might have backslashes under Windows, which causes no end
	    # of trouble.
	    createAndExecute $file
	    list {}
	
.... Test generated KNOWN error:
    while executing
ptolemy.kernel.util.IllegalActionException: Found a zero delay loop containing .HierarchicalModel.A
  in .HierarchicalModel and .HierarchicalModel.A
	at ptolemy.actor.util.CausalityInterfaceForComposites._computeOutputPortDepth(CausalityInterfaceForComposites.java:759)
	at ptolemy.actor.util.CausalityInterfaceForComposites._computeInputDepth(CausalityInterfaceForComposites.java:696)
	at ptolemy.actor.util.CausalityInterfaceForComposites._computeOutputPortDepth(CausalityInterfaceForComposites.java:765)
	at ptolemy.actor.util.CausalityInterfaceForComposites._computeInputDepth(CausalityInterfaceForComposites.java:696)
	at ptolemy.actor.util.CausalityInterfaceForComposites._computeOutputPortDepth(CausalityInterfaceForComposites.java:765)
	at ptolemy.actor.util.CausalityInterfaceForComposites._computeInputDepth(CausalityInterfaceForComposites.java:696)
	at ptolemy.actor.util.CausalityInterfaceForComposites._computeActorDepth(CausalityInterfaceForComposites.java:532)
	at ptolemy.actor.util.CausalityInterfaceForComposites.checkForCycles(CausalityInterfaceForComposites.java:96)
	at ptolemy.domains.de.kernel.DEDirector.preinitialize(DEDirector.java:1338)
	at ptolemy.actor.CompositeActor.preinitialize(CompositeActor.java:1828)
	at ptolemy.actor.Manager.preinitializeAndResolveTypes(Manager.java:1040)
	at ptolemy.actor.Manager.initialize(Manager.java:710)
	at ptolemy.actor.Manager.execute(Manager.java:356)
	at ptolemy.actor.Manager.run(Manager.java:1263)
	at ptolemy.actor.Manager$PtolemyRunThread.run(Manager.java:1915)

    while executing
ptolemy.kernel.util.IllegalActionException: Found a zero delay loop containing .HierarchicalModel.A
  in .HierarchicalModel and .HierarchicalModel.A
    while executing
"java::new ptolemy.moml.MoMLSimpleApplication $file
"
    (procedure "createAndExecute" line 2)
    invoked from within
"createAndExecute $file"
    ("uplevel" body line 5)
    invoked from within
"uplevel $contents_of_test"
------------------ testing $PTII/ptolemy/domains/de/test/auto/knownFailedTests/DirectFeedback.xml (Known Failure) 
3 ms. Memory: 146944K Free: 141399K (96%)


==== $PTIIhome/travis/build/icyphy/ptII/ptolemy/domains/de/test/../../../../: Auto Automatic test in file $PTII/ptolemy/domains/de/test/auto/knownFailedTests/DirectFeedback.xml
==== Contents of test case:

	    # FIXME: we should use $relativeFilename here, but it
	    # might have backslashes under Windows, which causes no end
	    # of trouble.
	    createAndExecute $file
	    list {}
	
.... Test generated KNOWN error:
    while executing
ptolemy.kernel.util.IllegalActionException: Test fails in iteration 1.
Value was: 1.0. Should have been: 2.0
  in .DirectFeedback.Test
	at ptolemy.actor.lib.Test.fire(Test.java:268)
	at ptolemy.domains.de.kernel.DEDirector._fire(DEDirector.java:1949)
	at ptolemy.domains.de.kernel.DEDirector.fire(DEDirector.java:502)
	at ptolemy.actor.CompositeActor.fire(CompositeActor.java:455)
	at ptolemy.actor.Manager.iterate(Manager.java:851)
	at ptolemy.actor.Manager.execute(Manager.java:369)
	at ptolemy.actor.Manager.run(Manager.java:1263)
	at ptolemy.actor.Manager$PtolemyRunThread.run(Manager.java:1915)

    while executing
ptolemy.kernel.util.IllegalActionException: Test fails in iteration 1.
Value was: 1.0. Should have been: 2.0
  in .DirectFeedback.Test
    while executing
"java::new ptolemy.moml.MoMLSimpleApplication $file
"
    (procedure "createAndExecute" line 2)
    invoked from within
"createAndExecute $file"
    ("uplevel" body line 5)
    invoked from within
"uplevel $contents_of_test"
------------------ testing $PTII/ptolemy/domains/de/test/auto/ActorDepthCalculation_actorWithoutPorts.xml
auto.tcl: Setting watchdog for 200 seconds at Mon Oct 22 02:36:18 UTC 2018
4 ms. Memory: 146944K Free: 132435K (90%)
ptolemy.util.test.WatchDog.cancel(): canceling Mon Oct 22 02:36:18 UTC 2018
auto.tcl: Setting watchdog for 200 seconds at Mon Oct 22 02:36:18 UTC 2018
9 ms. Memory: 146944K Free: 131394K (89%)
ptolemy.util.test.WatchDog.cancel(): canceling Mon Oct 22 02:36:18 UTC 2018
------------------ testing $PTII/ptolemy/domains/de/test/auto/AssemblyLine.xml
auto.tcl: Setting watchdog for 200 seconds at Mon Oct 22 02:36:18 UTC 2018
11 ms. Memory: 208384K Free: 182821K (88%)
ptolemy.util.test.WatchDog.cancel(): canceling Mon Oct 22 02:36:18 UTC 2018
auto.tcl: Setting watchdog for 200 seconds at Mon Oct 22 02:36:18 UTC 2018
6 ms. Memory: 208384K Free: 182821K (88%)
ptolemy.util.test.WatchDog.cancel(): canceling Mon Oct 22 02:36:18 UTC 2018
------------------ testing $PTII/ptolemy/domains/de/test/auto/CQBug1.xml
auto.tcl: Setting watchdog for 200 seconds at Mon Oct 22 02:36:18 UTC 2018
4 ms. Memory: 208384K Free: 197703K (95%)
ptolemy.util.test.WatchDog.cancel(): canceling Mon Oct 22 02:36:18 UTC 2018
auto.tcl: Setting watchdog for 200 seconds at Mon Oct 22 02:36:18 UTC 2018
2 ms. Memory: 208384K Free: 197703K (95%)
ptolemy.util.test.WatchDog.cancel(): canceling Mon Oct 22 02:36:18 UTC 2018
------------------ testing $PTII/ptolemy/domains/de/test/auto/CancelFireAt.xml
auto.tcl: Setting watchdog for 200 seconds at Mon Oct 22 02:36:18 UTC 2018
4 ms. Memory: 208384K Free: 201427K (97%)
ptolemy.util.test.WatchDog.cancel(): canceling Mon Oct 22 02:36:18 UTC 2018
auto.tcl: Setting watchdog for 200 seconds at Mon Oct 22 02:36:18 UTC 2018
1 ms. Memory: 208384K Free: 198985K (95%)
ptolemy.util.test.WatchDog.cancel(): canceling Mon Oct 22 02:36:19 UTC 2018
------------------ testing $PTII/ptolemy/domains/de/test/auto/CausalityAndComposabilityAnalysis.xml
auto.tcl: Setting watchdog for 200 seconds at Mon Oct 22 02:36:19 UTC 2018
15 ms. Memory: 208384K Free: 196479K (94%)
ptolemy.util.test.WatchDog.cancel(): canceling Mon Oct 22 02:36:19 UTC 2018
auto.tcl: Setting watchdog for 200 seconds at Mon Oct 22 02:36:19 UTC 2018
5 ms. Memory: 208384K Free: 196479K (94%)
ptolemy.util.test.WatchDog.cancel(): canceling Mon Oct 22 02:36:19 UTC 2018
------------------ testing $PTII/ptolemy/domains/de/test/auto/CausalityInterface1.xml
auto.tcl: Setting watchdog for 200 seconds at Mon Oct 22 02:36:19 UTC 2018
12 ms. Memory: 208384K Free: 196416K (94%)
ptolemy.util.test.WatchDog.cancel(): canceling Mon Oct 22 02:36:19 UTC 2018
auto.tcl: Setting watchdog for 200 seconds at Mon Oct 22 02:36:19 UTC 2018
4 ms. Memory: 208384K Free: 196416K (94%)
ptolemy.util.test.WatchDog.cancel(): canceling Mon Oct 22 02:36:19 UTC 2018
------------------ testing $PTII/ptolemy/domains/de/test/auto/CausalityInterface15.xml
auto.tcl: Setting watchdog for 200 seconds at Mon Oct 22 02:36:19 UTC 2018
9 ms. Memory: 208384K Free: 196407K (94%)
ptolemy.util.test.WatchDog.cancel(): canceling Mon Oct 22 02:36:19 UTC 2018
auto.tcl: Setting watchdog for 200 seconds at Mon Oct 22 02:36:19 UTC 2018
4 ms. Memory: 208384K Free: 196407K (94%)
ptolemy.util.test.WatchDog.cancel(): canceling Mon Oct 22 02:36:19 UTC 2018
------------------ testing $PTII/ptolemy/domains/de/test/auto/CausalityInterface2.xml
auto.tcl: Setting watchdog for 200 seconds at Mon Oct 22 02:36:19 UTC 2018
6 ms. Memory: 208384K Free: 196390K (94%)
ptolemy.util.test.WatchDog.cancel(): canceling Mon Oct 22 02:36:19 UTC 2018
auto.tcl: Setting watchdog for 200 seconds at Mon Oct 22 02:36:19 UTC 2018
3 ms. Memory: 208384K Free: 196390K (94%)
ptolemy.util.test.WatchDog.cancel(): canceling Mon Oct 22 02:36:19 UTC 2018
------------------ testing $PTII/ptolemy/domains/de/test/auto/CausalityInterface3.xml
auto.tcl: Setting watchdog for 200 seconds at Mon Oct 22 02:36:19 UTC 2018
9 ms. Memory: 208384K Free: 196403K (94%)
ptolemy.util.test.WatchDog.cancel(): canceling Mon Oct 22 02:36:19 UTC 2018
auto.tcl: Setting watchdog for 200 seconds at Mon Oct 22 02:36:19 UTC 2018
6 ms. Memory: 208384K Free: 196403K (94%)
ptolemy.util.test.WatchDog.cancel(): canceling Mon Oct 22 02:36:19 UTC 2018
------------------ testing $PTII/ptolemy/domains/de/test/auto/ClockDrift.xml
auto.tcl: Setting watchdog for 200 seconds at Mon Oct 22 02:36:19 UTC 2018
65 ms. Memory: 208384K Free: 187622K (90%)
ptolemy.util.test.WatchDog.cancel(): canceling Mon Oct 22 02:36:19 UTC 2018
auto.tcl: Setting watchdog for 200 seconds at Mon Oct 22 02:36:19 UTC 2018
59 ms. Memory: 208384K Free: 185518K (89%)
ptolemy.util.test.WatchDog.cancel(): canceling Mon Oct 22 02:36:19 UTC 2018
------------------ testing $PTII/ptolemy/domains/de/test/auto/ClockDriftAndValueChange.xml
auto.tcl: Setting watchdog for 200 seconds at Mon Oct 22 02:36:19 UTC 2018
46 ms. Memory: 208384K Free: 187456K (90%)
ptolemy.util.test.WatchDog.cancel(): canceling Mon Oct 22 02:36:19 UTC 2018
auto.tcl: Setting watchdog for 200 seconds at Mon Oct 22 02:36:19 UTC 2018
38 ms. Memory: 208384K Free: 185352K (89%)
ptolemy.util.test.WatchDog.cancel(): canceling Mon Oct 22 02:36:19 UTC 2018
------------------ testing $PTII/ptolemy/domains/de/test/auto/ClockDriftChange.xml
auto.tcl: Setting watchdog for 200 seconds at Mon Oct 22 02:36:19 UTC 2018
30 ms. Memory: 208384K Free: 190783K (92%)
ptolemy.util.test.WatchDog.cancel(): canceling Mon Oct 22 02:36:19 UTC 2018
auto.tcl: Setting watchdog for 200 seconds at Mon Oct 22 02:36:19 UTC 2018
25 ms. Memory: 208384K Free: 188679K (91%)
ptolemy.util.test.WatchDog.cancel(): canceling Mon Oct 22 02:36:19 UTC 2018
------------------ testing $PTII/ptolemy/domains/de/test/auto/ComposableCausalityAnalysis.xml
auto.tcl: Setting watchdog for 200 seconds at Mon Oct 22 02:36:20 UTC 2018
1 ms. Memory: 208384K Free: 196258K (94%)
ptolemy.util.test.WatchDog.cancel(): canceling Mon Oct 22 02:36:20 UTC 2018
auto.tcl: Setting watchdog for 200 seconds at Mon Oct 22 02:36:20 UTC 2018
1 ms. Memory: 208384K Free: 194154K (93%)
ptolemy.util.test.WatchDog.cancel(): canceling Mon Oct 22 02:36:20 UTC 2018
------------------ testing $PTII/ptolemy/domains/de/test/auto/DEFixedPointLimitation.xml
auto.tcl: Setting watchdog for 200 seconds at Mon Oct 22 02:36:20 UTC 2018
1 ms. Memory: 208384K Free: 196338K (94%)
ptolemy.util.test.WatchDog.cancel(): canceling Mon Oct 22 02:36:20 UTC 2018
auto.tcl: Setting watchdog for 200 seconds at Mon Oct 22 02:36:20 UTC 2018
1 ms. Memory: 208384K Free: 196338K (94%)
ptolemy.util.test.WatchDog.cancel(): canceling Mon Oct 22 02:36:20 UTC 2018
------------------ testing $PTII/ptolemy/domains/de/test/auto/DEScheduleTest.xml
auto.tcl: Setting watchdog for 200 seconds at Mon Oct 22 02:36:20 UTC 2018
5 ms. Memory: 208384K Free: 198478K (95%)
ptolemy.util.test.WatchDog.cancel(): canceling Mon Oct 22 02:36:20 UTC 2018
auto.tcl: Setting watchdog for 200 seconds at Mon Oct 22 02:36:20 UTC 2018
4 ms. Memory: 208384K Free: 196374K (94%)
ptolemy.util.test.WatchDog.cancel(): canceling Mon Oct 22 02:36:20 UTC 2018
------------------ testing $PTII/ptolemy/domains/de/test/auto/DEinDEwithStartTimes.xml
auto.tcl: Setting watchdog for 200 seconds at Mon Oct 22 02:36:20 UTC 2018
7 ms. Memory: 208384K Free: 196344K (94%)
ptolemy.util.test.WatchDog.cancel(): canceling Mon Oct 22 02:36:20 UTC 2018
auto.tcl: Setting watchdog for 200 seconds at Mon Oct 22 02:36:20 UTC 2018
3 ms. Memory: 208384K Free: 194240K (93%)
ptolemy.util.test.WatchDog.cancel(): canceling Mon Oct 22 02:36:20 UTC 2018
------------------ testing $PTII/ptolemy/domains/de/test/auto/DEinDEwithStartTimes2.xml
auto.tcl: Setting watchdog for 200 seconds at Mon Oct 22 02:36:20 UTC 2018
7 ms. Memory: 208384K Free: 196661K (94%)
ptolemy.util.test.WatchDog.cancel(): canceling Mon Oct 22 02:36:20 UTC 2018
auto.tcl: Setting watchdog for 200 seconds at Mon Oct 22 02:36:20 UTC 2018
8 ms. Memory: 208384K Free: 194219K (93%)
ptolemy.util.test.WatchDog.cancel(): canceling Mon Oct 22 02:36:20 UTC 2018
------------------ testing $PTII/ptolemy/domains/de/test/auto/DateDemo.xml
auto.tcl: Setting watchdog for 200 seconds at Mon Oct 22 02:36:20 UTC 2018
12 ms. Memory: 208384K Free: 188741K (91%)
ptolemy.util.test.WatchDog.cancel(): canceling Mon Oct 22 02:36:20 UTC 2018
auto.tcl: Setting watchdog for 200 seconds at Mon Oct 22 02:36:20 UTC 2018
6 ms. Memory: 208384K Free: 186637K (90%)
ptolemy.util.test.WatchDog.cancel(): canceling Mon Oct 22 02:36:20 UTC 2018
------------------ testing $PTII/ptolemy/domains/de/test/auto/DateToEvent.xml
auto.tcl: Setting watchdog for 200 seconds at Mon Oct 22 02:36:20 UTC 2018
2012 ms. Memory: 208384K Free: 183464K (88%)
ptolemy.util.test.WatchDog.cancel(): canceling Mon Oct 22 02:36:22 UTC 2018
auto.tcl: Setting watchdog for 200 seconds at Mon Oct 22 02:36:22 UTC 2018
2006 ms. Memory: 208384K Free: 183464K (88%)
ptolemy.util.test.WatchDog.cancel(): canceling Mon Oct 22 02:36:24 UTC 2018
------------------ testing $PTII/ptolemy/domains/de/test/auto/DepthTest1.xml
auto.tcl: Setting watchdog for 200 seconds at Mon Oct 22 02:36:24 UTC 2018
2 ms. Memory: 208384K Free: 198005K (95%)
ptolemy.util.test.WatchDog.cancel(): canceling Mon Oct 22 02:36:24 UTC 2018
auto.tcl: Setting watchdog for 200 seconds at Mon Oct 22 02:36:24 UTC 2018
2 ms. Memory: 208384K Free: 198005K (95%)
ptolemy.util.test.WatchDog.cancel(): canceling Mon Oct 22 02:36:24 UTC 2018
------------------ testing $PTII/ptolemy/domains/de/test/auto/DepthTest2.xml
auto.tcl: Setting watchdog for 200 seconds at Mon Oct 22 02:36:24 UTC 2018
8 ms. Memory: 208384K Free: 191742K (92%)
ptolemy.util.test.WatchDog.cancel(): canceling Mon Oct 22 02:36:24 UTC 2018
auto.tcl: Setting watchdog for 200 seconds at Mon Oct 22 02:36:24 UTC 2018
5 ms. Memory: 208384K Free: 191742K (92%)
ptolemy.util.test.WatchDog.cancel(): canceling Mon Oct 22 02:36:24 UTC 2018
------------------ testing $PTII/ptolemy/domains/de/test/auto/DepthTest3.xml
auto.tcl: Setting watchdog for 200 seconds at Mon Oct 22 02:36:24 UTC 2018
5 ms. Memory: 208384K Free: 198341K (95%)
ptolemy.util.test.WatchDog.cancel(): canceling Mon Oct 22 02:36:24 UTC 2018
auto.tcl: Setting watchdog for 200 seconds at Mon Oct 22 02:36:24 UTC 2018
1 ms. Memory: 208384K Free: 198341K (95%)
ptolemy.util.test.WatchDog.cancel(): canceling Mon Oct 22 02:36:24 UTC 2018
------------------ testing $PTII/ptolemy/domains/de/test/auto/DepthTest4.xml
auto.tcl: Setting watchdog for 200 seconds at Mon Oct 22 02:36:24 UTC 2018
3 ms. Memory: 208384K Free: 196324K (94%)
ptolemy.util.test.WatchDog.cancel(): canceling Mon Oct 22 02:36:25 UTC 2018
auto.tcl: Setting watchdog for 200 seconds at Mon Oct 22 02:36:25 UTC 2018
2 ms. Memory: 208384K Free: 196324K (94%)
ptolemy.util.test.WatchDog.cancel(): canceling Mon Oct 22 02:36:25 UTC 2018
------------------ testing $PTII/ptolemy/domains/de/test/auto/DepthTest5.xml
auto.tcl: Setting watchdog for 200 seconds at Mon Oct 22 02:36:25 UTC 2018
5 ms. Memory: 208384K Free: 196272K (94%)
ptolemy.util.test.WatchDog.cancel(): canceling Mon Oct 22 02:36:25 UTC 2018
auto.tcl: Setting watchdog for 200 seconds at Mon Oct 22 02:36:25 UTC 2018
2 ms. Memory: 208384K Free: 196272K (94%)
ptolemy.util.test.WatchDog.cancel(): canceling Mon Oct 22 02:36:25 UTC 2018
------------------ testing $PTII/ptolemy/domains/de/test/auto/DepthTest6.xml
auto.tcl: Setting watchdog for 200 seconds at Mon Oct 22 02:36:25 UTC 2018
7 ms. Memory: 208384K Free: 196576K (94%)
ptolemy.util.test.WatchDog.cancel(): canceling Mon Oct 22 02:36:25 UTC 2018
auto.tcl: Setting watchdog for 200 seconds at Mon Oct 22 02:36:25 UTC 2018
2 ms. Memory: 208384K Free: 196576K (94%)
ptolemy.util.test.WatchDog.cancel(): canceling Mon Oct 22 02:36:25 UTC 2018
------------------ testing $PTII/ptolemy/domains/de/test/auto/DepthTest7.xml
auto.tcl: Setting watchdog for 200 seconds at Mon Oct 22 02:36:25 UTC 2018
2 ms. Memory: 208384K Free: 196228K (94%)
ptolemy.util.test.WatchDog.cancel(): canceling Mon Oct 22 02:36:25 UTC 2018
auto.tcl: Setting watchdog for 200 seconds at Mon Oct 22 02:36:25 UTC 2018
1 ms. Memory: 208384K Free: 196228K (94%)
ptolemy.util.test.WatchDog.cancel(): canceling Mon Oct 22 02:36:25 UTC 2018
------------------ testing $PTII/ptolemy/domains/de/test/auto/EventToDate.xml
auto.tcl: Setting watchdog for 200 seconds at Mon Oct 22 02:36:25 UTC 2018
3010 ms. Memory: 208384K Free: 185730K (89%)
ptolemy.util.test.WatchDog.cancel(): canceling Mon Oct 22 02:36:28 UTC 2018
auto.tcl: Setting watchdog for 200 seconds at Mon Oct 22 02:36:28 UTC 2018
3006 ms. Memory: 208384K Free: 185730K (89%)
ptolemy.util.test.WatchDog.cancel(): canceling Mon Oct 22 02:36:31 UTC 2018
------------------ testing $PTII/ptolemy/domains/de/test/auto/FSM1.xml
auto.tcl: Setting watchdog for 200 seconds at Mon Oct 22 02:36:31 UTC 2018
17 ms. Memory: 208384K Free: 189272K (91%)
ptolemy.util.test.WatchDog.cancel(): canceling Mon Oct 22 02:36:31 UTC 2018
auto.tcl: Setting watchdog for 200 seconds at Mon Oct 22 02:36:31 UTC 2018
18 ms. Memory: 208384K Free: 185065K (89%)
ptolemy.util.test.WatchDog.cancel(): canceling Mon Oct 22 02:36:31 UTC 2018
------------------ testing $PTII/ptolemy/domains/de/test/auto/FSM7.xml
auto.tcl: Setting watchdog for 200 seconds at Mon Oct 22 02:36:31 UTC 2018
27 ms. Memory: 208384K Free: 187372K (90%)
ptolemy.util.test.WatchDog.cancel(): canceling Mon Oct 22 02:36:31 UTC 2018
auto.tcl: Setting watchdog for 200 seconds at Mon Oct 22 02:36:31 UTC 2018
17 ms. Memory: 208384K Free: 185269K (89%)
ptolemy.util.test.WatchDog.cancel(): canceling Mon Oct 22 02:36:31 UTC 2018
------------------ testing $PTII/ptolemy/domains/de/test/auto/Inspection.xml
auto.tcl: Setting watchdog for 200 seconds at Mon Oct 22 02:36:31 UTC 2018
24 ms. Memory: 208384K Free: 188899K (91%)
ptolemy.util.test.WatchDog.cancel(): canceling Mon Oct 22 02:36:31 UTC 2018
auto.tcl: Setting watchdog for 200 seconds at Mon Oct 22 02:36:31 UTC 2018
29 ms. Memory: 208384K Free: 186787K (90%)
ptolemy.util.test.WatchDog.cancel(): canceling Mon Oct 22 02:36:31 UTC 2018
------------------ testing $PTII/ptolemy/domains/de/test/auto/Iteration.xml
auto.tcl: Setting watchdog for 200 seconds at Mon Oct 22 02:36:31 UTC 2018
9 ms. Memory: 208384K Free: 196034K (94%)
ptolemy.util.test.WatchDog.cancel(): canceling Mon Oct 22 02:36:31 UTC 2018
auto.tcl: Setting watchdog for 200 seconds at Mon Oct 22 02:36:31 UTC 2018
6 ms. Memory: 208384K Free: 193914K (93%)
ptolemy.util.test.WatchDog.cancel(): canceling Mon Oct 22 02:36:31 UTC 2018
------------------ testing $PTII/ptolemy/domains/de/test/auto/LineFault.xml
auto.tcl: Setting watchdog for 200 seconds at Mon Oct 22 02:36:31 UTC 2018
786 ms. Memory: 208384K Free: 196318K (94%)
ptolemy.util.test.WatchDog.cancel(): canceling Mon Oct 22 02:36:32 UTC 2018
auto.tcl: Setting watchdog for 200 seconds at Mon Oct 22 02:36:32 UTC 2018
626 ms. Memory: 208384K Free: 138826K (67%)
ptolemy.util.test.WatchDog.cancel(): canceling Mon Oct 22 02:36:33 UTC 2018
------------------ testing $PTII/ptolemy/domains/de/test/auto/MergeModel1Add.xml
auto.tcl: Setting watchdog for 200 seconds at Mon Oct 22 02:36:33 UTC 2018
24 ms. Memory: 331264K Free: 298837K (90%)
ptolemy.util.test.WatchDog.cancel(): canceling Mon Oct 22 02:36:33 UTC 2018
auto.tcl: Setting watchdog for 200 seconds at Mon Oct 22 02:36:33 UTC 2018
14 ms. Memory: 331264K Free: 298837K (90%)
ptolemy.util.test.WatchDog.cancel(): canceling Mon Oct 22 02:36:33 UTC 2018
------------------ testing $PTII/ptolemy/domains/de/test/auto/MergeModel2Add.xml
auto.tcl: Setting watchdog for 200 seconds at Mon Oct 22 02:36:33 UTC 2018
14 ms. Memory: 331264K Free: 302364K (91%)
ptolemy.util.test.WatchDog.cancel(): canceling Mon Oct 22 02:36:33 UTC 2018
auto.tcl: Setting watchdog for 200 seconds at Mon Oct 22 02:36:33 UTC 2018
10 ms. Memory: 331264K Free: 298404K (90%)
ptolemy.util.test.WatchDog.cancel(): canceling Mon Oct 22 02:36:33 UTC 2018
------------------ testing $PTII/ptolemy/domains/de/test/auto/MergeModel3Add.xml
auto.tcl: Setting watchdog for 200 seconds at Mon Oct 22 02:36:33 UTC 2018
8 ms. Memory: 331264K Free: 302364K (91%)
ptolemy.util.test.WatchDog.cancel(): canceling Mon Oct 22 02:36:33 UTC 2018
auto.tcl: Setting watchdog for 200 seconds at Mon Oct 22 02:36:33 UTC 2018
7 ms. Memory: 331264K Free: 298420K (90%)
ptolemy.util.test.WatchDog.cancel(): canceling Mon Oct 22 02:36:33 UTC 2018
------------------ testing $PTII/ptolemy/domains/de/test/auto/MergeWithoutDiscard.xml
auto.tcl: Setting watchdog for 200 seconds at Mon Oct 22 02:36:34 UTC 2018
5 ms. Memory: 331264K Free: 318055K (96%)
ptolemy.util.test.WatchDog.cancel(): canceling Mon Oct 22 02:36:34 UTC 2018
auto.tcl: Setting watchdog for 200 seconds at Mon Oct 22 02:36:34 UTC 2018
2 ms. Memory: 331264K Free: 314111K (95%)
ptolemy.util.test.WatchDog.cancel(): canceling Mon Oct 22 02:36:34 UTC 2018
------------------ testing $PTII/ptolemy/domains/de/test/auto/Modal1.xml
auto.tcl: Setting watchdog for 200 seconds at Mon Oct 22 02:36:34 UTC 2018
19 ms. Memory: 331264K Free: 307721K (93%)
ptolemy.util.test.WatchDog.cancel(): canceling Mon Oct 22 02:36:34 UTC 2018
auto.tcl: Setting watchdog for 200 seconds at Mon Oct 22 02:36:34 UTC 2018
10 ms. Memory: 331264K Free: 303777K (92%)
ptolemy.util.test.WatchDog.cancel(): canceling Mon Oct 22 02:36:34 UTC 2018
------------------ testing $PTII/ptolemy/domains/de/test/auto/Modal2.xml
auto.tcl: Setting watchdog for 200 seconds at Mon Oct 22 02:36:34 UTC 2018
17 ms. Memory: 331264K Free: 307601K (93%)
ptolemy.util.test.WatchDog.cancel(): canceling Mon Oct 22 02:36:34 UTC 2018
auto.tcl: Setting watchdog for 200 seconds at Mon Oct 22 02:36:34 UTC 2018
15 ms. Memory: 331264K Free: 303656K (92%)
ptolemy.util.test.WatchDog.cancel(): canceling Mon Oct 22 02:36:34 UTC 2018
------------------ testing $PTII/ptolemy/domains/de/test/auto/Modal3.xml
auto.tcl: Setting watchdog for 200 seconds at Mon Oct 22 02:36:34 UTC 2018
14 ms. Memory: 331264K Free: 307577K (93%)
ptolemy.util.test.WatchDog.cancel(): canceling Mon Oct 22 02:36:34 UTC 2018
auto.tcl: Setting watchdog for 200 seconds at Mon Oct 22 02:36:34 UTC 2018
14 ms. Memory: 331264K Free: 303616K (92%)
ptolemy.util.test.WatchDog.cancel(): canceling Mon Oct 22 02:36:34 UTC 2018
------------------ testing $PTII/ptolemy/domains/de/test/auto/Modal4.xml
auto.tcl: Setting watchdog for 200 seconds at Mon Oct 22 02:36:34 UTC 2018
26 ms. Memory: 331264K Free: 307598K (93%)
ptolemy.util.test.WatchDog.cancel(): canceling Mon Oct 22 02:36:34 UTC 2018
auto.tcl: Setting watchdog for 200 seconds at Mon Oct 22 02:36:34 UTC 2018
12 ms. Memory: 331264K Free: 303646K (92%)
ptolemy.util.test.WatchDog.cancel(): canceling Mon Oct 22 02:36:34 UTC 2018
------------------ testing $PTII/ptolemy/domains/de/test/auto/Modal5.xml
auto.tcl: Setting watchdog for 200 seconds at Mon Oct 22 02:36:34 UTC 2018
18 ms. Memory: 331264K Free: 307585K (93%)
ptolemy.util.test.WatchDog.cancel(): canceling Mon Oct 22 02:36:34 UTC 2018
auto.tcl: Setting watchdog for 200 seconds at Mon Oct 22 02:36:34 UTC 2018
12 ms. Memory: 331264K Free: 303641K (92%)
ptolemy.util.test.WatchDog.cancel(): canceling Mon Oct 22 02:36:34 UTC 2018
------------------ testing $PTII/ptolemy/domains/de/test/auto/Modal6.xml
auto.tcl: Setting watchdog for 200 seconds at Mon Oct 22 02:36:34 UTC 2018
13 ms. Memory: 331264K Free: 307575K (93%)
ptolemy.util.test.WatchDog.cancel(): canceling Mon Oct 22 02:36:34 UTC 2018
auto.tcl: Setting watchdog for 200 seconds at Mon Oct 22 02:36:34 UTC 2018
14 ms. Memory: 331264K Free: 303630K (92%)
ptolemy.util.test.WatchDog.cancel(): canceling Mon Oct 22 02:36:34 UTC 2018
------------------ testing $PTII/ptolemy/domains/de/test/auto/Modal7.xml
auto.tcl: Setting watchdog for 200 seconds at Mon Oct 22 02:36:34 UTC 2018
18 ms. Memory: 331264K Free: 307583K (93%)
ptolemy.util.test.WatchDog.cancel(): canceling Mon Oct 22 02:36:34 UTC 2018
auto.tcl: Setting watchdog for 200 seconds at Mon Oct 22 02:36:34 UTC 2018
14 ms. Memory: 331264K Free: 303639K (92%)
ptolemy.util.test.WatchDog.cancel(): canceling Mon Oct 22 02:36:34 UTC 2018
------------------ testing $PTII/ptolemy/domains/de/test/auto/ModalModel.xml
auto.tcl: Setting watchdog for 200 seconds at Mon Oct 22 02:36:34 UTC 2018
194 ms. Memory: 331264K Free: 243819K (74%)
ptolemy.util.test.WatchDog.cancel(): canceling Mon Oct 22 02:36:35 UTC 2018
auto.tcl: Setting watchdog for 200 seconds at Mon Oct 22 02:36:35 UTC 2018
194 ms. Memory: 331264K Free: 188438K (57%)
ptolemy.util.test.WatchDog.cancel(): canceling Mon Oct 22 02:36:35 UTC 2018
------------------ testing $PTII/ptolemy/domains/de/test/auto/ModalSource.xml
auto.tcl: Setting watchdog for 200 seconds at Mon Oct 22 02:36:35 UTC 2018
9 ms. Memory: 331264K Free: 314296K (95%)
ptolemy.util.test.WatchDog.cancel(): canceling Mon Oct 22 02:36:35 UTC 2018
auto.tcl: Setting watchdog for 200 seconds at Mon Oct 22 02:36:35 UTC 2018
5 ms. Memory: 331264K Free: 310768K (94%)
ptolemy.util.test.WatchDog.cancel(): canceling Mon Oct 22 02:36:35 UTC 2018
------------------ testing $PTII/ptolemy/domains/de/test/auto/NonInterruptibleTimerZeroDelay.xml
auto.tcl: Setting watchdog for 200 seconds at Mon Oct 22 02:36:35 UTC 2018
4 ms. Memory: 331264K Free: 318475K (96%)
ptolemy.util.test.WatchDog.cancel(): canceling Mon Oct 22 02:36:35 UTC 2018
auto.tcl: Setting watchdog for 200 seconds at Mon Oct 22 02:36:35 UTC 2018
2 ms. Memory: 331264K Free: 314948K (95%)
ptolemy.util.test.WatchDog.cancel(): canceling Mon Oct 22 02:36:35 UTC 2018
------------------ testing $PTII/ptolemy/domains/de/test/auto/OpenQueueingNetwork.xml
auto.tcl: Setting watchdog for 200 seconds at Mon Oct 22 02:36:35 UTC 2018
2646 ms. Memory: 573952K Free: 417020K (73%)
ptolemy.util.test.WatchDog.cancel(): canceling Mon Oct 22 02:36:38 UTC 2018
auto.tcl: Setting watchdog for 200 seconds at Mon Oct 22 02:36:38 UTC 2018
2194 ms. Memory: 550912K Free: 318837K (58%)
ptolemy.util.test.WatchDog.cancel(): canceling Mon Oct 22 02:36:40 UTC 2018
------------------ testing $PTII/ptolemy/domains/de/test/auto/OpenQueuingNetwork.xml
auto.tcl: Setting watchdog for 200 seconds at Mon Oct 22 02:36:40 UTC 2018
209 ms. Memory: 549888K Free: 443129K (81%)
ptolemy.util.test.WatchDog.cancel(): canceling Mon Oct 22 02:36:41 UTC 2018
auto.tcl: Setting watchdog for 200 seconds at Mon Oct 22 02:36:41 UTC 2018
212 ms. Memory: 549888K Free: 383201K (70%)
ptolemy.util.test.WatchDog.cancel(): canceling Mon Oct 22 02:36:41 UTC 2018
------------------ testing $PTII/ptolemy/domains/de/test/auto/PeriodicSampler.xml
auto.tcl: Setting watchdog for 200 seconds at Mon Oct 22 02:36:41 UTC 2018
2 ms. Memory: 551936K Free: 529692K (96%)
ptolemy.util.test.WatchDog.cancel(): canceling Mon Oct 22 02:36:41 UTC 2018
auto.tcl: Setting watchdog for 200 seconds at Mon Oct 22 02:36:41 UTC 2018
2 ms. Memory: 551936K Free: 529692K (96%)
ptolemy.util.test.WatchDog.cancel(): canceling Mon Oct 22 02:36:41 UTC 2018
------------------ testing $PTII/ptolemy/domains/de/test/auto/PersistentIO.xml
auto.tcl: Setting watchdog for 200 seconds at Mon Oct 22 02:36:41 UTC 2018
9 ms. Memory: 549376K Free: 522283K (95%)
ptolemy.util.test.WatchDog.cancel(): canceling Mon Oct 22 02:36:41 UTC 2018
auto.tcl: Setting watchdog for 200 seconds at Mon Oct 22 02:36:41 UTC 2018
3 ms. Memory: 549376K Free: 522283K (95%)
ptolemy.util.test.WatchDog.cancel(): canceling Mon Oct 22 02:36:41 UTC 2018
------------------ testing $PTII/ptolemy/domains/de/test/auto/PortParameterResetOnInitialize.xml
auto.tcl: Setting watchdog for 200 seconds at Mon Oct 22 02:36:41 UTC 2018
3 ms. Memory: 551424K Free: 529411K (96%)
ptolemy.util.test.WatchDog.cancel(): canceling Mon Oct 22 02:36:41 UTC 2018
auto.tcl: Setting watchdog for 200 seconds at Mon Oct 22 02:36:41 UTC 2018
2 ms. Memory: 551424K Free: 529411K (96%)
ptolemy.util.test.WatchDog.cancel(): canceling Mon Oct 22 02:36:41 UTC 2018
------------------ testing $PTII/ptolemy/domains/de/test/auto/PortParameterUpdates.xml
auto.tcl: Setting watchdog for 200 seconds at Mon Oct 22 02:36:41 UTC 2018
3 ms. Memory: 549376K Free: 527496K (96%)
ptolemy.util.test.WatchDog.cancel(): canceling Mon Oct 22 02:36:41 UTC 2018
auto.tcl: Setting watchdog for 200 seconds at Mon Oct 22 02:36:41 UTC 2018
3 ms. Memory: 549376K Free: 522048K (95%)
ptolemy.util.test.WatchDog.cancel(): canceling Mon Oct 22 02:36:41 UTC 2018
------------------ testing $PTII/ptolemy/domains/de/test/auto/QueueAndServer.xml
auto.tcl: Setting watchdog for 200 seconds at Mon Oct 22 02:36:41 UTC 2018
11 ms. Memory: 551424K Free: 528722K (96%)
ptolemy.util.test.WatchDog.cancel(): canceling Mon Oct 22 02:36:41 UTC 2018
auto.tcl: Setting watchdog for 200 seconds at Mon Oct 22 02:36:41 UTC 2018
5 ms. Memory: 551424K Free: 528722K (96%)
ptolemy.util.test.WatchDog.cancel(): canceling Mon Oct 22 02:36:41 UTC 2018
------------------ testing $PTII/ptolemy/domains/de/test/auto/Records.xml
auto.tcl: Setting watchdog for 200 seconds at Mon Oct 22 02:36:41 UTC 2018
10 ms. Memory: 549376K Free: 532082K (97%)
ptolemy.util.test.WatchDog.cancel(): canceling Mon Oct 22 02:36:41 UTC 2018
auto.tcl: Setting watchdog for 200 seconds at Mon Oct 22 02:36:41 UTC 2018
1 ms. Memory: 549376K Free: 526634K (96%)
ptolemy.util.test.WatchDog.cancel(): canceling Mon Oct 22 02:36:41 UTC 2018
------------------ testing $PTII/ptolemy/domains/de/test/auto/ResetTransitionWithStartTime1.xml
auto.tcl: Setting watchdog for 200 seconds at Mon Oct 22 02:36:41 UTC 2018
8 ms. Memory: 551424K Free: 528691K (96%)
ptolemy.util.test.WatchDog.cancel(): canceling Mon Oct 22 02:36:41 UTC 2018
auto.tcl: Setting watchdog for 200 seconds at Mon Oct 22 02:36:41 UTC 2018
5 ms. Memory: 551424K Free: 528691K (96%)
ptolemy.util.test.WatchDog.cancel(): canceling Mon Oct 22 02:36:41 UTC 2018
------------------ testing $PTII/ptolemy/domains/de/test/auto/ResetTransitionWithStartTime2.xml
auto.tcl: Setting watchdog for 200 seconds at Mon Oct 22 02:36:41 UTC 2018
8 ms. Memory: 549376K Free: 526864K (96%)
ptolemy.util.test.WatchDog.cancel(): canceling Mon Oct 22 02:36:41 UTC 2018
auto.tcl: Setting watchdog for 200 seconds at Mon Oct 22 02:36:41 UTC 2018
8 ms. Memory: 549376K Free: 526864K (96%)
ptolemy.util.test.WatchDog.cancel(): canceling Mon Oct 22 02:36:41 UTC 2018
------------------ testing $PTII/ptolemy/domains/de/test/auto/ResetTransitionWithStartTime3.xml
auto.tcl: Setting watchdog for 200 seconds at Mon Oct 22 02:36:42 UTC 2018
9 ms. Memory: 550912K Free: 528169K (96%)
ptolemy.util.test.WatchDog.cancel(): canceling Mon Oct 22 02:36:42 UTC 2018
auto.tcl: Setting watchdog for 200 seconds at Mon Oct 22 02:36:42 UTC 2018
5 ms. Memory: 550912K Free: 528169K (96%)
ptolemy.util.test.WatchDog.cancel(): canceling Mon Oct 22 02:36:42 UTC 2018
------------------ testing $PTII/ptolemy/domains/de/test/auto/ResetTransitionWithStartTime4.xml
auto.tcl: Setting watchdog for 200 seconds at Mon Oct 22 02:36:42 UTC 2018
5 ms. Memory: 549376K Free: 526632K (96%)
ptolemy.util.test.WatchDog.cancel(): canceling Mon Oct 22 02:36:42 UTC 2018
auto.tcl: Setting watchdog for 200 seconds at Mon Oct 22 02:36:42 UTC 2018
3 ms. Memory: 549376K Free: 526632K (96%)
ptolemy.util.test.WatchDog.cancel(): canceling Mon Oct 22 02:36:42 UTC 2018
------------------ testing $PTII/ptolemy/domains/de/test/auto/ResettableTimer1.xml
auto.tcl: Setting watchdog for 200 seconds at Mon Oct 22 02:36:42 UTC 2018
3 ms. Memory: 550912K Free: 533627K (97%)
ptolemy.util.test.WatchDog.cancel(): canceling Mon Oct 22 02:36:42 UTC 2018
auto.tcl: Setting watchdog for 200 seconds at Mon Oct 22 02:36:42 UTC 2018
1 ms. Memory: 550912K Free: 533627K (97%)
ptolemy.util.test.WatchDog.cancel(): canceling Mon Oct 22 02:36:42 UTC 2018
------------------ testing $PTII/ptolemy/domains/de/test/auto/ResettableTimer2.xml
auto.tcl: Setting watchdog for 200 seconds at Mon Oct 22 02:36:42 UTC 2018
5 ms. Memory: 549376K Free: 532379K (97%)
ptolemy.util.test.WatchDog.cancel(): canceling Mon Oct 22 02:36:42 UTC 2018
auto.tcl: Setting watchdog for 200 seconds at Mon Oct 22 02:36:42 UTC 2018
1 ms. Memory: 549376K Free: 532379K (97%)
ptolemy.util.test.WatchDog.cancel(): canceling Mon Oct 22 02:36:42 UTC 2018
------------------ testing $PTII/ptolemy/domains/de/test/auto/ResettableTimer3.xml
auto.tcl: Setting watchdog for 200 seconds at Mon Oct 22 02:36:42 UTC 2018
1 ms. Memory: 550912K Free: 533684K (97%)
ptolemy.util.test.WatchDog.cancel(): canceling Mon Oct 22 02:36:42 UTC 2018
auto.tcl: Setting watchdog for 200 seconds at Mon Oct 22 02:36:42 UTC 2018
1 ms. Memory: 550912K Free: 533684K (97%)
ptolemy.util.test.WatchDog.cancel(): canceling Mon Oct 22 02:36:42 UTC 2018
------------------ testing $PTII/ptolemy/domains/de/test/auto/ResettableTimer4.xml
auto.tcl: Setting watchdog for 200 seconds at Mon Oct 22 02:36:42 UTC 2018
1 ms. Memory: 549376K Free: 532391K (97%)
ptolemy.util.test.WatchDog.cancel(): canceling Mon Oct 22 02:36:42 UTC 2018
auto.tcl: Setting watchdog for 200 seconds at Mon Oct 22 02:36:42 UTC 2018
1 ms. Memory: 549376K Free: 532391K (97%)
ptolemy.util.test.WatchDog.cancel(): canceling Mon Oct 22 02:36:42 UTC 2018
------------------ testing $PTII/ptolemy/domains/de/test/auto/ResettableTimer5.xml
auto.tcl: Setting watchdog for 200 seconds at Mon Oct 22 02:36:42 UTC 2018
1 ms. Memory: 550400K Free: 528734K (96%)
ptolemy.util.test.WatchDog.cancel(): canceling Mon Oct 22 02:36:42 UTC 2018
auto.tcl: Setting watchdog for 200 seconds at Mon Oct 22 02:36:42 UTC 2018
2 ms. Memory: 550400K Free: 528734K (96%)
ptolemy.util.test.WatchDog.cancel(): canceling Mon Oct 22 02:36:42 UTC 2018
------------------ testing $PTII/ptolemy/domains/de/test/auto/ResettableTimer6.xml
auto.tcl: Setting watchdog for 200 seconds at Mon Oct 22 02:36:42 UTC 2018
1 ms. Memory: 549376K Free: 527429K (96%)
ptolemy.util.test.WatchDog.cancel(): canceling Mon Oct 22 02:36:42 UTC 2018
auto.tcl: Setting watchdog for 200 seconds at Mon Oct 22 02:36:42 UTC 2018
1 ms. Memory: 549376K Free: 527429K (96%)
ptolemy.util.test.WatchDog.cancel(): canceling Mon Oct 22 02:36:42 UTC 2018
------------------ testing $PTII/ptolemy/domains/de/test/auto/ServerZeroDelay.xml
auto.tcl: Setting watchdog for 200 seconds at Mon Oct 22 02:36:42 UTC 2018
4 ms. Memory: 550400K Free: 533354K (97%)
ptolemy.util.test.WatchDog.cancel(): canceling Mon Oct 22 02:36:42 UTC 2018
auto.tcl: Setting watchdog for 200 seconds at Mon Oct 22 02:36:42 UTC 2018
2 ms. Memory: 550400K Free: 533354K (97%)
ptolemy.util.test.WatchDog.cancel(): canceling Mon Oct 22 02:36:42 UTC 2018
------------------ testing $PTII/ptolemy/domains/de/test/auto/SmartSender.xml
auto.tcl: Setting watchdog for 200 seconds at Mon Oct 22 02:36:42 UTC 2018
3002 ms. Memory: 549376K Free: 527645K (96%)
ptolemy.util.test.WatchDog.cancel(): canceling Mon Oct 22 02:36:45 UTC 2018
auto.tcl: Setting watchdog for 200 seconds at Mon Oct 22 02:36:45 UTC 2018
3002 ms. Memory: 549376K Free: 527645K (96%)
ptolemy.util.test.WatchDog.cancel(): canceling Mon Oct 22 02:36:48 UTC 2018
------------------ testing $PTII/ptolemy/domains/de/test/auto/ThreadedComposite.xml
auto.tcl: Setting watchdog for 200 seconds at Mon Oct 22 02:36:48 UTC 2018
249 ms. Memory: 550400K Free: 508166K (92%)
ptolemy.util.test.WatchDog.cancel(): canceling Mon Oct 22 02:36:49 UTC 2018
auto.tcl: Setting watchdog for 200 seconds at Mon Oct 22 02:36:49 UTC 2018
152 ms. Memory: 550400K Free: 483999K (88%)
ptolemy.util.test.WatchDog.cancel(): canceling Mon Oct 22 02:36:49 UTC 2018
------------------ testing $PTII/ptolemy/domains/de/test/auto/Time.xml
auto.tcl: Setting watchdog for 200 seconds at Mon Oct 22 02:36:49 UTC 2018
472 ms. Memory: 549376K Free: 475663K (87%)
ptolemy.util.test.WatchDog.cancel(): canceling Mon Oct 22 02:36:49 UTC 2018
auto.tcl: Setting watchdog for 200 seconds at Mon Oct 22 02:36:49 UTC 2018
458 ms. Memory: 549376K Free: 415735K (76%)
ptolemy.util.test.WatchDog.cancel(): canceling Mon Oct 22 02:36:50 UTC 2018
------------------ testing $PTII/ptolemy/domains/de/test/auto/TimeDelayZeroDelay.xml
auto.tcl: Setting watchdog for 200 seconds at Mon Oct 22 02:36:50 UTC 2018
2 ms. Memory: 550400K Free: 533041K (97%)
ptolemy.util.test.WatchDog.cancel(): canceling Mon Oct 22 02:36:50 UTC 2018
auto.tcl: Setting watchdog for 200 seconds at Mon Oct 22 02:36:50 UTC 2018
1 ms. Memory: 550400K Free: 533041K (97%)
ptolemy.util.test.WatchDog.cancel(): canceling Mon Oct 22 02:36:50 UTC 2018
------------------ testing $PTII/ptolemy/domains/de/test/auto/TimerZeroDelay.xml
auto.tcl: Setting watchdog for 200 seconds at Mon Oct 22 02:36:50 UTC 2018
4 ms. Memory: 549376K Free: 532291K (97%)
ptolemy.util.test.WatchDog.cancel(): canceling Mon Oct 22 02:36:50 UTC 2018
auto.tcl: Setting watchdog for 200 seconds at Mon Oct 22 02:36:50 UTC 2018
2 ms. Memory: 549376K Free: 532291K (97%)
ptolemy.util.test.WatchDog.cancel(): canceling Mon Oct 22 02:36:50 UTC 2018
------------------ testing $PTII/ptolemy/domains/de/test/auto/TimingParadox.xml
auto.tcl: Setting watchdog for 200 seconds at Mon Oct 22 02:36:50 UTC 2018
328 ms. Memory: 549888K Free: 467102K (85%)
ptolemy.util.test.WatchDog.cancel(): canceling Mon Oct 22 02:36:50 UTC 2018
auto.tcl: Setting watchdog for 200 seconds at Mon Oct 22 02:36:50 UTC 2018
299 ms. Memory: 549888K Free: 434414K (79%)
ptolemy.util.test.WatchDog.cancel(): canceling Mon Oct 22 02:36:51 UTC 2018
------------------ testing $PTII/ptolemy/domains/de/test/auto/TransferInputs.xml
auto.tcl: Setting watchdog for 200 seconds at Mon Oct 22 02:36:51 UTC 2018
3 ms. Memory: 549888K Free: 531706K (97%)
ptolemy.util.test.WatchDog.cancel(): canceling Mon Oct 22 02:36:51 UTC 2018
auto.tcl: Setting watchdog for 200 seconds at Mon Oct 22 02:36:51 UTC 2018
1 ms. Memory: 549888K Free: 531706K (97%)
ptolemy.util.test.WatchDog.cancel(): canceling Mon Oct 22 02:36:51 UTC 2018
------------------ testing $PTII/ptolemy/domains/de/test/auto/TransferOutputs2.xml
auto.tcl: Setting watchdog for 200 seconds at Mon Oct 22 02:36:51 UTC 2018
3 ms. Memory: 549376K Free: 526832K (96%)
ptolemy.util.test.WatchDog.cancel(): canceling Mon Oct 22 02:36:51 UTC 2018
auto.tcl: Setting watchdog for 200 seconds at Mon Oct 22 02:36:51 UTC 2018
2 ms. Memory: 549376K Free: 526832K (96%)
ptolemy.util.test.WatchDog.cancel(): canceling Mon Oct 22 02:36:51 UTC 2018
------------------ testing $PTII/ptolemy/domains/de/test/auto/Trilateration.xml
auto.tcl: Setting watchdog for 200 seconds at Mon Oct 22 02:36:51 UTC 2018
13856 ms. Memory: 766976K Free: 202542K (26%)
ptolemy.util.test.WatchDog.cancel(): canceling Mon Oct 22 02:37:06 UTC 2018
auto.tcl: Setting watchdog for 200 seconds at Mon Oct 22 02:37:06 UTC 2018
10961 ms. Memory: 623104K Free: 583835K (94%)
ptolemy.util.test.WatchDog.cancel(): canceling Mon Oct 22 02:37:17 UTC 2018
------------------ testing $PTII/ptolemy/domains/de/test/auto/TwoSigmaDelta.xml
auto.tcl: Setting watchdog for 200 seconds at Mon Oct 22 02:37:17 UTC 2018
2681 ms. Memory: 619520K Free: 312709K (50%)
ptolemy.util.test.WatchDog.cancel(): canceling Mon Oct 22 02:37:20 UTC 2018
auto.tcl: Setting watchdog for 200 seconds at Mon Oct 22 02:37:20 UTC 2018
2035 ms. Memory: 619520K Free: 77145K (12%)
ptolemy.util.test.WatchDog.cancel(): canceling Mon Oct 22 02:37:22 UTC 2018
------------------ testing $PTII/ptolemy/domains/de/test/auto/VariableDelay.xml
auto.tcl: Setting watchdog for 200 seconds at Mon Oct 22 02:37:22 UTC 2018
2 ms. Memory: 623104K Free: 596595K (96%)
ptolemy.util.test.WatchDog.cancel(): canceling Mon Oct 22 02:37:22 UTC 2018
auto.tcl: Setting watchdog for 200 seconds at Mon Oct 22 02:37:22 UTC 2018
2 ms. Memory: 623104K Free: 596595K (96%)
ptolemy.util.test.WatchDog.cancel(): canceling Mon Oct 22 02:37:22 UTC 2018
------------------ testing $PTII/ptolemy/domains/de/test/auto/VariableDelay2.xml
auto.tcl: Setting watchdog for 200 seconds at Mon Oct 22 02:37:22 UTC 2018
6 ms. Memory: 619520K Free: 598834K (97%)
ptolemy.util.test.WatchDog.cancel(): canceling Mon Oct 22 02:37:22 UTC 2018
auto.tcl: Setting watchdog for 200 seconds at Mon Oct 22 02:37:22 UTC 2018
1 ms. Memory: 619520K Free: 598834K (97%)
ptolemy.util.test.WatchDog.cancel(): canceling Mon Oct 22 02:37:22 UTC 2018
------------------ testing $PTII/ptolemy/domains/de/test/auto/VariableDelayZeroDelay.xml
auto.tcl: Setting watchdog for 200 seconds at Mon Oct 22 02:37:22 UTC 2018
2 ms. Memory: 622592K Free: 596524K (96%)
ptolemy.util.test.WatchDog.cancel(): canceling Mon Oct 22 02:37:22 UTC 2018
auto.tcl: Setting watchdog for 200 seconds at Mon Oct 22 02:37:22 UTC 2018
2 ms. Memory: 622592K Free: 596524K (96%)
ptolemy.util.test.WatchDog.cancel(): canceling Mon Oct 22 02:37:22 UTC 2018
------------------ testing $PTII/ptolemy/domains/de/test/auto/VariableDelayZeroDelay2.xml
auto.tcl: Setting watchdog for 200 seconds at Mon Oct 22 02:37:22 UTC 2018
1 ms. Memory: 619520K Free: 593451K (96%)
ptolemy.util.test.WatchDog.cancel(): canceling Mon Oct 22 02:37:22 UTC 2018
auto.tcl: Setting watchdog for 200 seconds at Mon Oct 22 02:37:22 UTC 2018
2 ms. Memory: 619520K Free: 593451K (96%)
ptolemy.util.test.WatchDog.cancel(): canceling Mon Oct 22 02:37:22 UTC 2018
------------------ testing $PTII/ptolemy/domains/de/test/auto/deInCt.xml
auto.tcl: Setting watchdog for 200 seconds at Mon Oct 22 02:37:22 UTC 2018
0
1
1
1
0
0
1
1
1
1
0
0
0
1
1
1
1
1
0
0
0
1
1
1
1
0
0
1
1
1
0
0
0
1
1
1
1
6 ms. Memory: 622080K Free: 595978K (96%)
ptolemy.util.test.WatchDog.cancel(): canceling Mon Oct 22 02:37:22 UTC 2018
auto.tcl: Setting watchdog for 200 seconds at Mon Oct 22 02:37:22 UTC 2018
0
1
1
1
0
0
0
1
1
1
1
0
0
0
1
1
0
0
0
0
0
0
1
1
1
0
0
0
1
1
1
0
0
0
1
1
1
0
0
0
1
1
1
0
0
1
1
1
1
6 ms. Memory: 622080K Free: 595978K (96%)
ptolemy.util.test.WatchDog.cancel(): canceling Mon Oct 22 02:37:22 UTC 2018
------------------ testing $PTII/ptolemy/domains/de/test/auto/deInCt2.xml
auto.tcl: Setting watchdog for 200 seconds at Mon Oct 22 02:37:22 UTC 2018
0
1
1
1
0
0
1
1
1
0
0
1
1
1
0
0
1
1
1
0
0
1
1
1
0
0
1
1
1
0
0
1
1
1
0
0
1
1
1
0
0
0
8 ms. Memory: 619520K Free: 593417K (96%)
ptolemy.util.test.WatchDog.cancel(): canceling Mon Oct 22 02:37:22 UTC 2018
auto.tcl: Setting watchdog for 200 seconds at Mon Oct 22 02:37:22 UTC 2018
0
1
1
1
0
0
1
1
1
0
0
1
1
1
0
0
1
1
1
0
0
1
1
1
0
0
1
1
1
0
0
1
1
1
0
0
1
1
1
0
0
0
5 ms. Memory: 619520K Free: 593417K (96%)
ptolemy.util.test.WatchDog.cancel(): canceling Mon Oct 22 02:37:22 UTC 2018
------------------ testing $PTII/ptolemy/domains/de/test/auto/dynamicCausalityInterface1.xml
auto.tcl: Setting watchdog for 200 seconds at Mon Oct 22 02:37:22 UTC 2018
1 ms. Memory: 621568K Free: 592640K (95%)
ptolemy.util.test.WatchDog.cancel(): canceling Mon Oct 22 02:37:22 UTC 2018
auto.tcl: Setting watchdog for 200 seconds at Mon Oct 22 02:37:22 UTC 2018
1 ms. Memory: 621568K Free: 592640K (95%)
ptolemy.util.test.WatchDog.cancel(): canceling Mon Oct 22 02:37:22 UTC 2018
------------------ testing $PTII/ptolemy/domains/de/test/auto/fsm_de_test.xml
auto.tcl: Setting watchdog for 200 seconds at Mon Oct 22 02:37:22 UTC 2018
6 ms. Memory: 619520K Free: 593339K (96%)
ptolemy.util.test.WatchDog.cancel(): canceling Mon Oct 22 02:37:22 UTC 2018
auto.tcl: Setting watchdog for 200 seconds at Mon Oct 22 02:37:22 UTC 2018
5 ms. Memory: 619520K Free: 585122K (94%)
ptolemy.util.test.WatchDog.cancel(): canceling Mon Oct 22 02:37:22 UTC 2018
------------------ testing $PTII/ptolemy/domains/de/test/auto/functionDependencyReconstruction.xml
auto.tcl: Setting watchdog for 200 seconds at Mon Oct 22 02:37:22 UTC 2018
2 ms. Memory: 621568K Free: 587161K (94%)
ptolemy.util.test.WatchDog.cancel(): canceling Mon Oct 22 02:37:22 UTC 2018
auto.tcl: Setting watchdog for 200 seconds at Mon Oct 22 02:37:22 UTC 2018
2 ms. Memory: 621568K Free: 578928K (93%)
ptolemy.util.test.WatchDog.cancel(): canceling Mon Oct 22 02:37:22 UTC 2018
------------------ testing $PTII/ptolemy/domains/de/test/auto/multirate.xml
auto.tcl: Setting watchdog for 200 seconds at Mon Oct 22 02:37:22 UTC 2018
3 ms. Memory: 619520K Free: 598585K (97%)
ptolemy.util.test.WatchDog.cancel(): canceling Mon Oct 22 02:37:22 UTC 2018
auto.tcl: Setting watchdog for 200 seconds at Mon Oct 22 02:37:22 UTC 2018
3 ms. Memory: 619520K Free: 598555K (97%)
ptolemy.util.test.WatchDog.cancel(): canceling Mon Oct 22 02:37:22 UTC 2018
------------------ testing $PTII/ptolemy/domains/de/test/auto/multirate2.xml
auto.tcl: Setting watchdog for 200 seconds at Mon Oct 22 02:37:22 UTC 2018
3 ms. Memory: 621056K Free: 600310K (97%)
ptolemy.util.test.WatchDog.cancel(): canceling Mon Oct 22 02:37:23 UTC 2018
auto.tcl: Setting watchdog for 200 seconds at Mon Oct 22 02:37:23 UTC 2018
2 ms. Memory: 621056K Free: 600310K (97%)
ptolemy.util.test.WatchDog.cancel(): canceling Mon Oct 22 02:37:23 UTC 2018
------------------ testing $PTII/ptolemy/domains/de/test/auto/realtime.xml
auto.tcl: Setting watchdog for 200 seconds at Mon Oct 22 02:37:23 UTC 2018
10001 ms. Memory: 619520K Free: 593360K (96%)
ptolemy.util.test.WatchDog.cancel(): canceling Mon Oct 22 02:37:33 UTC 2018
auto.tcl: Setting watchdog for 200 seconds at Mon Oct 22 02:37:33 UTC 2018
10002 ms. Memory: 619520K Free: 593360K (96%)
ptolemy.util.test.WatchDog.cancel(): canceling Mon Oct 22 02:37:43 UTC 2018
------------------ testing $PTII/ptolemy/domains/de/test/auto/relationGroup.xml
auto.tcl: Setting watchdog for 200 seconds at Mon Oct 22 02:37:43 UTC 2018
2 ms. Memory: 621056K Free: 600334K (97%)
ptolemy.util.test.WatchDog.cancel(): canceling Mon Oct 22 02:37:43 UTC 2018
auto.tcl: Setting watchdog for 200 seconds at Mon Oct 22 02:37:43 UTC 2018
1 ms. Memory: 621056K Free: 600334K (97%)
ptolemy.util.test.WatchDog.cancel(): canceling Mon Oct 22 02:37:43 UTC 2018
------------------ testing $PTII/ptolemy/domains/de/test/auto/relationGroup2.xml
auto.tcl: Setting watchdog for 200 seconds at Mon Oct 22 02:37:43 UTC 2018
2 ms. Memory: 619520K Free: 593443K (96%)
ptolemy.util.test.WatchDog.cancel(): canceling Mon Oct 22 02:37:43 UTC 2018
auto.tcl: Setting watchdog for 200 seconds at Mon Oct 22 02:37:43 UTC 2018
2 ms. Memory: 619520K Free: 593443K (96%)
ptolemy.util.test.WatchDog.cancel(): canceling Mon Oct 22 02:37:43 UTC 2018
------------------ testing $PTII/ptolemy/domains/de/test/auto/sortWithOpaquePorts.xml
auto.tcl: Setting watchdog for 200 seconds at Mon Oct 22 02:37:43 UTC 2018
1 ms. Memory: 620544K Free: 599850K (97%)
ptolemy.util.test.WatchDog.cancel(): canceling Mon Oct 22 02:37:43 UTC 2018
auto.tcl: Setting watchdog for 200 seconds at Mon Oct 22 02:37:43 UTC 2018
1 ms. Memory: 620544K Free: 599850K (97%)
ptolemy.util.test.WatchDog.cancel(): canceling Mon Oct 22 02:37:43 UTC 2018
------------------ testing $PTII/ptolemy/domains/de/test/auto/transferInputsandOutputs.xml
auto.tcl: Setting watchdog for 200 seconds at Mon Oct 22 02:37:43 UTC 2018
3 ms. Memory: 619520K Free: 593431K (96%)
ptolemy.util.test.WatchDog.cancel(): canceling Mon Oct 22 02:37:43 UTC 2018
auto.tcl: Setting watchdog for 200 seconds at Mon Oct 22 02:37:43 UTC 2018
2 ms. Memory: 619520K Free: 593431K (96%)
ptolemy.util.test.WatchDog.cancel(): canceling Mon Oct 22 02:37:43 UTC 2018
------------------ testing $PTII/ptolemy/domains/de/test/auto/triggerType.xml
auto.tcl: Setting watchdog for 200 seconds at Mon Oct 22 02:37:43 UTC 2018
1 ms. Memory: 620544K Free: 594406K (96%)
ptolemy.util.test.WatchDog.cancel(): canceling Mon Oct 22 02:37:43 UTC 2018
auto.tcl: Setting watchdog for 200 seconds at Mon Oct 22 02:37:43 UTC 2018
2 ms. Memory: 620544K Free: 594406K (96%)
ptolemy.util.test.WatchDog.cancel(): canceling Mon Oct 22 02:37:43 UTC 2018
10/22/18 02:37:43
Failed: 0  Total Tests: 192  ((Passed: 187, Newly Passed: 1)  Known Failed: 5) /home/travis/build/icyphy/ptII/ptolemy/domains/de/test
10/22/18 02:37:43
Failed: 0  Total Tests: 192  ((Passed: 187, Newly Passed: 1)  Known Failed: 5) /home/travis/build/icyphy/ptII/ptolemy/domains/de/test
----------------- testing (KnownFailure) /home/travis/build/icyphy/ptII/ptolemy/domains/de/test/auto/knownFailedTests/DESDFClockTest.xml
2018 ms. Memory: 619520K Free: 582643K (94%)
Known Failure: java.lang.reflect.InvocationTargetException
----------------- testing (KnownFailure) /home/travis/build/icyphy/ptII/ptolemy/domains/de/test/auto/knownFailedTests/DirectFeedback.xml
3 ms. Memory: 619520K Free: 539593K (87%)
Known Failure: java.lang.reflect.InvocationTargetException
----------------- testing (KnownFailure) /home/travis/build/icyphy/ptII/ptolemy/domains/de/test/auto/knownFailedTests/FSMSource.xml
14 ms. Memory: 619520K Free: 496544K (80%)
----------------- testing (KnownFailure) /home/travis/build/icyphy/ptII/ptolemy/domains/de/test/auto/knownFailedTests/HierarchicalModel.xml
3 ms. Memory: 619520K Free: 464241K (75%)
Known Failure: java.lang.reflect.InvocationTargetException
----------------- testing (KnownFailure) /home/travis/build/icyphy/ptII/ptolemy/domains/de/test/auto/knownFailedTests/dependencyLoop.xml
1 ms. Memory: 619520K Free: 410422K (66%)
Known Failure: java.lang.reflect.InvocationTargetException
----------------- testing (KnownFailure) /home/travis/build/icyphy/ptII/ptolemy/domains/de/test/auto/knownFailedTests/dependencyLoop2.xml
5 ms. Memory: 619520K Free: 356611K (58%)
Known Failure: java.lang.reflect.InvocationTargetException
No auto/linux-amd64/*.xml tests in /home/travis/build/icyphy/ptII/ptolemy/domains/de/test
AutoTests.java: About to close Vertx.
AutoTests.java: Vertx closed.

===========================================================================================
----------------- testing Mon Oct 22 02:37:45 UTC 2018 /home/travis/build/icyphy/ptII/ptolemy/domains/de/test/auto/ActorDepthCalculation_actorWithoutPorts.xml
----------------- Instantiating /home/travis/build/icyphy/ptII/ptolemy/domains/de/test/auto/ActorDepthCalculation_actorWithoutPorts.xml
1 ms. Memory: 619520K Free: 302799K (49%)
----------------- Invoking toplevel() on ptolemy.moml.MoMLSimpleApplication@44fe6473
----------------- Done invoking toplevel() on ptolemy.moml.MoMLSimpleApplication@44fe6473
reloadAllAccessors: .ActorDepthCalculation_actorWithoutPorts

===========================================================================================
----------------- testing Mon Oct 22 02:37:45 UTC 2018 /home/travis/build/icyphy/ptII/ptolemy/domains/de/test/auto/AssemblyLine.xml
----------------- Instantiating /home/travis/build/icyphy/ptII/ptolemy/domains/de/test/auto/AssemblyLine.xml
4 ms. Memory: 619520K Free: 281274K (45%)
----------------- Invoking toplevel() on ptolemy.moml.MoMLSimpleApplication@4a4424e6
----------------- Done invoking toplevel() on ptolemy.moml.MoMLSimpleApplication@4a4424e6
reloadAllAccessors: .AssemblyLine

===========================================================================================
----------------- testing Mon Oct 22 02:37:45 UTC 2018 /home/travis/build/icyphy/ptII/ptolemy/domains/de/test/auto/CQBug1.xml
----------------- Instantiating /home/travis/build/icyphy/ptII/ptolemy/domains/de/test/auto/CQBug1.xml
1 ms. Memory: 619520K Free: 259750K (42%)
----------------- Invoking toplevel() on ptolemy.moml.MoMLSimpleApplication@5460ca0e
----------------- Done invoking toplevel() on ptolemy.moml.MoMLSimpleApplication@5460ca0e
reloadAllAccessors: .CQBug1

===========================================================================================
----------------- testing Mon Oct 22 02:37:45 UTC 2018 /home/travis/build/icyphy/ptII/ptolemy/domains/de/test/auto/CancelFireAt.xml
----------------- Instantiating /home/travis/build/icyphy/ptII/ptolemy/domains/de/test/auto/CancelFireAt.xml
0 ms. Memory: 619520K Free: 238225K (38%)
----------------- Invoking toplevel() on ptolemy.moml.MoMLSimpleApplication@8705b3e
----------------- Done invoking toplevel() on ptolemy.moml.MoMLSimpleApplication@8705b3e
reloadAllAccessors: .CancelFireAt

===========================================================================================
----------------- testing Mon Oct 22 02:37:45 UTC 2018 /home/travis/build/icyphy/ptII/ptolemy/domains/de/test/auto/CausalityAndComposabilityAnalysis.xml
----------------- Instantiating /home/travis/build/icyphy/ptII/ptolemy/domains/de/test/auto/CausalityAndComposabilityAnalysis.xml
2 ms. Memory: 619520K Free: 216701K (35%)
----------------- Invoking toplevel() on ptolemy.moml.MoMLSimpleApplication@502566e2
----------------- Done invoking toplevel() on ptolemy.moml.MoMLSimpleApplication@502566e2
reloadAllAccessors: .CausalityAndComposabilityAnalysis

===========================================================================================
----------------- testing Mon Oct 22 02:37:45 UTC 2018 /home/travis/build/icyphy/ptII/ptolemy/domains/de/test/auto/CausalityInterface1.xml
----------------- Instantiating /home/travis/build/icyphy/ptII/ptolemy/domains/de/test/auto/CausalityInterface1.xml
4 ms. Memory: 619520K Free: 195176K (32%)
----------------- Invoking toplevel() on ptolemy.moml.MoMLSimpleApplication@5c751c4
----------------- Done invoking toplevel() on ptolemy.moml.MoMLSimpleApplication@5c751c4
reloadAllAccessors: .CausalityInterface1

===========================================================================================
----------------- testing Mon Oct 22 02:37:45 UTC 2018 /home/travis/build/icyphy/ptII/ptolemy/domains/de/test/auto/CausalityInterface15.xml
----------------- Instantiating /home/travis/build/icyphy/ptII/ptolemy/domains/de/test/auto/CausalityInterface15.xml
2 ms. Memory: 619520K Free: 173652K (28%)
----------------- Invoking toplevel() on ptolemy.moml.MoMLSimpleApplication@78f2f9c7
----------------- Done invoking toplevel() on ptolemy.moml.MoMLSimpleApplication@78f2f9c7
reloadAllAccessors: .CausalityInterface15

[...]
java.lang.RuntimeException: Execution failed
	at ptolemy.moml.MoMLSimpleApplication$UnloadThread.run(MoMLSimpleApplication.java:402)
Caused by: ptolemy.kernel.util.IllegalActionException: Test fails in iteration 1.
Value was: 1.0. Should have been: 2.0
  in .DirectFeedback.Test
	at ptolemy.actor.lib.Test.fire(Test.java:268)
	at ptolemy.domains.de.kernel.DEDirector._fire(DEDirector.java:1949)
	at ptolemy.domains.de.kernel.DEDirector.fire(DEDirector.java:502)
	at ptolemy.actor.CompositeActor.fire(CompositeActor.java:455)
	at ptolemy.actor.Manager.iterate(Manager.java:851)
	at ptolemy.actor.Manager.execute(Manager.java:369)
	at ptolemy.actor.Manager.run(Manager.java:1263)
	at ptolemy.actor.Manager$PtolemyRunThread.run(Manager.java:1915)
java.lang.RuntimeException: Execution failed
	at ptolemy.moml.MoMLSimpleApplication$UnloadThread.run(MoMLSimpleApplication.java:402)
Caused by: ptolemy.kernel.util.IllegalActionException: Actor is not ready to fire.  Perhaps UpSample.prefire() returned false? Try debugging the actor by selecting "Listen to Actor".  Also, for SDF check moml for tokenConsumptionRate on input.
  in .DESDFClockTest.Play Bell.Copy1:SDF Director and .DESDFClockTest.Play Bell.UpSample
	at ptolemy.actor.sched.StaticSchedulingDirector.fire(StaticSchedulingDirector.java:227)
	at ptolemy.domains.sdf.kernel.SDFDirector.fire(SDFDirector.java:500)
	at ptolemy.actor.CompositeActor.fire(CompositeActor.java:455)
	at ptolemy.domains.de.kernel.DEDirector._fire(DEDirector.java:1949)
	at ptolemy.domains.de.kernel.DEDirector.fire(DEDirector.java:502)
	at ptolemy.actor.CompositeActor.fire(CompositeActor.java:455)
	at ptolemy.actor.Manager.iterate(Manager.java:851)
	at ptolemy.actor.Manager.execute(Manager.java:369)
	at ptolemy.actor.Manager.run(Manager.java:1263)
	at ptolemy.actor.Manager$PtolemyRunThread.run(Manager.java:1915)
java.lang.reflect.InvocationTargetException
	at sun.reflect.NativeConstructorAccessorImpl.newInstance0(Native Method)
	at sun.reflect.NativeConstructorAccessorImpl.newInstance(NativeConstructorAccessorImpl.java:62)
	at sun.reflect.DelegatingConstructorAccessorImpl.newInstance(DelegatingConstructorAccessorImpl.java:45)
	at java.lang.reflect.Constructor.newInstance(Constructor.java:423)
	at ptolemy.util.test.junit.AutoKnownFailedTests.RunModel(AutoKnownFailedTests.java:105)
	at sun.reflect.NativeMethodAccessorImpl.invoke0(Native Method)
	at sun.reflect.NativeMethodAccessorImpl.invoke(NativeMethodAccessorImpl.java:62)
	at sun.reflect.DelegatingMethodAccessorImpl.invoke(DelegatingMethodAccessorImpl.java:43)
	at java.lang.reflect.Method.invoke(Method.java:498)
	at org.junit.runners.model.FrameworkMethod$1.runReflectiveCall(FrameworkMethod.java:44)
	at org.junit.internal.runners.model.ReflectiveCallable.run(ReflectiveCallable.java:15)
	at org.junit.runners.model.FrameworkMethod.invokeExplosively(FrameworkMethod.java:41)
	at junitparams.internal.InvokeParameterisedMethod.evaluate(InvokeParameterisedMethod.java:102)
	at org.junit.internal.runners.statements.FailOnTimeout$1.run(FailOnTimeout.java:28)
Caused by: ptolemy.kernel.util.IllegalActionException: Actor is not ready to fire.  Perhaps UpSample.prefire() returned false? Try debugging the actor by selecting "Listen to Actor".  Also, for SDF check moml for tokenConsumptionRate on input.
  in .DESDFClockTest.Play Bell.Copy1:SDF Director and .DESDFClockTest.Play Bell.UpSample
	at ptolemy.actor.sched.StaticSchedulingDirector.fire(StaticSchedulingDirector.java:227)
	at ptolemy.domains.sdf.kernel.SDFDirector.fire(SDFDirector.java:500)
	at ptolemy.actor.CompositeActor.fire(CompositeActor.java:455)
	at ptolemy.domains.de.kernel.DEDirector._fire(DEDirector.java:1949)
	at ptolemy.domains.de.kernel.DEDirector.fire(DEDirector.java:502)
	at ptolemy.actor.CompositeActor.fire(CompositeActor.java:455)
	at ptolemy.actor.Manager.iterate(Manager.java:851)
	at ptolemy.actor.Manager.execute(Manager.java:369)
	at ptolemy.actor.Manager.run(Manager.java:1263)
	at ptolemy.actor.Manager$PtolemyRunThread.run(Manager.java:1915)
java.lang.RuntimeException: Execution failed
	at ptolemy.moml.MoMLSimpleApplication$UnloadThread.run(MoMLSimpleApplication.java:402)
Caused by: ptolemy.kernel.util.IllegalActionException: Test fails in iteration 1.
Value was: 1.0. Should have been: 2.0
  in .DirectFeedback.Test
	at ptolemy.actor.lib.Test.fire(Test.java:268)
	at ptolemy.domains.de.kernel.DEDirector._fire(DEDirector.java:1949)
	at ptolemy.domains.de.kernel.DEDirector.fire(DEDirector.java:502)
	at ptolemy.actor.CompositeActor.fire(CompositeActor.java:455)
	at ptolemy.actor.Manager.iterate(Manager.java:851)
	at ptolemy.actor.Manager.execute(Manager.java:369)
	at ptolemy.actor.Manager.run(Manager.java:1263)
	at ptolemy.actor.Manager$PtolemyRunThread.run(Manager.java:1915)
java.lang.reflect.InvocationTargetException
	at sun.reflect.NativeConstructorAccessorImpl.newInstance0(Native Method)
	at sun.reflect.NativeConstructorAccessorImpl.newInstance(NativeConstructorAccessorImpl.java:62)
	at sun.reflect.DelegatingConstructorAccessorImpl.newInstance(DelegatingConstructorAccessorImpl.java:45)
	at java.lang.reflect.Constructor.newInstance(Constructor.java:423)
	at ptolemy.util.test.junit.AutoKnownFailedTests.RunModel(AutoKnownFailedTests.java:105)
	at sun.reflect.NativeMethodAccessorImpl.invoke0(Native Method)
	at sun.reflect.NativeMethodAccessorImpl.invoke(NativeMethodAccessorImpl.java:62)
	at sun.reflect.DelegatingMethodAccessorImpl.invoke(DelegatingMethodAccessorImpl.java:43)
	at java.lang.reflect.Method.invoke(Method.java:498)
	at org.junit.runners.model.FrameworkMethod$1.runReflectiveCall(FrameworkMethod.java:44)
	at org.junit.internal.runners.model.ReflectiveCallable.run(ReflectiveCallable.java:15)
	at org.junit.runners.model.FrameworkMethod.invokeExplosively(FrameworkMethod.java:41)
	at junitparams.internal.InvokeParameterisedMethod.evaluate(InvokeParameterisedMethod.java:102)
	at org.junit.internal.runners.statements.FailOnTimeout$1.run(FailOnTimeout.java:28)
Caused by: ptolemy.kernel.util.IllegalActionException: Test fails in iteration 1.
Value was: 1.0. Should have been: 2.0
  in .DirectFeedback.Test
	at ptolemy.actor.lib.Test.fire(Test.java:268)
	at ptolemy.domains.de.kernel.DEDirector._fire(DEDirector.java:1949)
	at ptolemy.domains.de.kernel.DEDirector.fire(DEDirector.java:502)
	at ptolemy.actor.CompositeActor.fire(CompositeActor.java:455)
	at ptolemy.actor.Manager.iterate(Manager.java:851)
	at ptolemy.actor.Manager.execute(Manager.java:369)
	at ptolemy.actor.Manager.run(Manager.java:1263)
	at ptolemy.actor.Manager$PtolemyRunThread.run(Manager.java:1915)
java.lang.RuntimeException: Execution failed
	at ptolemy.moml.MoMLSimpleApplication$UnloadThread.run(MoMLSimpleApplication.java:402)
Caused by: ptolemy.kernel.util.IllegalActionException: Found a zero delay loop containing .HierarchicalModel.A
  in .HierarchicalModel and .HierarchicalModel.A
	at ptolemy.actor.util.CausalityInterfaceForComposites._computeOutputPortDepth(CausalityInterfaceForComposites.java:759)
	at ptolemy.actor.util.CausalityInterfaceForComposites._computeInputDepth(CausalityInterfaceForComposites.java:696)
	at ptolemy.actor.util.CausalityInterfaceForComposites._computeOutputPortDepth(CausalityInterfaceForComposites.java:765)
	at ptolemy.actor.util.CausalityInterfaceForComposites._computeInputDepth(CausalityInterfaceForComposites.java:696)
	at ptolemy.actor.util.CausalityInterfaceForComposites._computeOutputPortDepth(CausalityInterfaceForComposites.java:765)
	at ptolemy.actor.util.CausalityInterfaceForComposites._computeInputDepth(CausalityInterfaceForComposites.java:696)
	at ptolemy.actor.util.CausalityInterfaceForComposites._computeActorDepth(CausalityInterfaceForComposites.java:532)
	at ptolemy.actor.util.CausalityInterfaceForComposites.checkForCycles(CausalityInterfaceForComposites.java:96)
	at ptolemy.domains.de.kernel.DEDirector.preinitialize(DEDirector.java:1338)
	at ptolemy.actor.CompositeActor.preinitialize(CompositeActor.java:1828)
	at ptolemy.actor.Manager.preinitializeAndResolveTypes(Manager.java:1040)
	at ptolemy.actor.Manager.initialize(Manager.java:710)
	at ptolemy.actor.Manager.execute(Manager.java:356)
	at ptolemy.actor.Manager.run(Manager.java:1263)
	at ptolemy.actor.Manager$PtolemyRunThread.run(Manager.java:1915)
java.lang.reflect.InvocationTargetException
	at sun.reflect.NativeConstructorAccessorImpl.newInstance0(Native Method)
	at sun.reflect.NativeConstructorAccessorImpl.newInstance(NativeConstructorAccessorImpl.java:62)
	at sun.reflect.DelegatingConstructorAccessorImpl.newInstance(DelegatingConstructorAccessorImpl.java:45)
	at java.lang.reflect.Constructor.newInstance(Constructor.java:423)
	at ptolemy.util.test.junit.AutoKnownFailedTests.RunModel(AutoKnownFailedTests.java:105)
	at sun.reflect.NativeMethodAccessorImpl.invoke0(Native Method)
	at sun.reflect.NativeMethodAccessorImpl.invoke(NativeMethodAccessorImpl.java:62)
	at sun.reflect.DelegatingMethodAccessorImpl.invoke(DelegatingMethodAccessorImpl.java:43)
	at java.lang.reflect.Method.invoke(Method.java:498)
	at org.junit.runners.model.FrameworkMethod$1.runReflectiveCall(FrameworkMethod.java:44)
	at org.junit.internal.runners.model.ReflectiveCallable.run(ReflectiveCallable.java:15)
	at org.junit.runners.model.FrameworkMethod.invokeExplosively(FrameworkMethod.java:41)
	at junitparams.internal.InvokeParameterisedMethod.evaluate(InvokeParameterisedMethod.java:102)
	at org.junit.internal.runners.statements.FailOnTimeout$1.run(FailOnTimeout.java:28)
Caused by: ptolemy.kernel.util.IllegalActionException: Found a zero delay loop containing .HierarchicalModel.A
  in .HierarchicalModel and .HierarchicalModel.A
	at ptolemy.actor.util.CausalityInterfaceForComposites._computeOutputPortDepth(CausalityInterfaceForComposites.java:759)
	at ptolemy.actor.util.CausalityInterfaceForComposites._computeInputDepth(CausalityInterfaceForComposites.java:696)
	at ptolemy.actor.util.CausalityInterfaceForComposites._computeOutputPortDepth(CausalityInterfaceForComposites.java:765)
	at ptolemy.actor.util.CausalityInterfaceForComposites._computeInputDepth(CausalityInterfaceForComposites.java:696)
	at ptolemy.actor.util.CausalityInterfaceForComposites._computeOutputPortDepth(CausalityInterfaceForComposites.java:765)
	at ptolemy.actor.util.CausalityInterfaceForComposites._computeInputDepth(CausalityInterfaceForComposites.java:696)
	at ptolemy.actor.util.CausalityInterfaceForComposites._computeActorDepth(CausalityInterfaceForComposites.java:532)
	at ptolemy.actor.util.CausalityInterfaceForComposites.checkForCycles(CausalityInterfaceForComposites.java:96)
	at ptolemy.domains.de.kernel.DEDirector.preinitialize(DEDirector.java:1338)
	at ptolemy.actor.CompositeActor.preinitialize(CompositeActor.java:1828)
	at ptolemy.actor.Manager.preinitializeAndResolveTypes(Manager.java:1040)
	at ptolemy.actor.Manager.initialize(Manager.java:710)
	at ptolemy.actor.Manager.execute(Manager.java:356)
	at ptolemy.actor.Manager.run(Manager.java:1263)
	at ptolemy.actor.Manager$PtolemyRunThread.run(Manager.java:1915)
java.lang.RuntimeException: Execution failed
	at ptolemy.moml.MoMLSimpleApplication$UnloadThread.run(MoMLSimpleApplication.java:402)
Caused by: ptolemy.kernel.util.IllegalActionException: Found a zero delay loop containing .dependencyLoop.original
  in .dependencyLoop and .dependencyLoop.original
	at ptolemy.actor.util.CausalityInterfaceForComposites._computeOutputPortDepth(CausalityInterfaceForComposites.java:759)
	at ptolemy.actor.util.CausalityInterfaceForComposites._computeInputDepth(CausalityInterfaceForComposites.java:696)
	at ptolemy.actor.util.CausalityInterfaceForComposites._computeOutputPortDepth(CausalityInterfaceForComposites.java:765)
	at ptolemy.actor.util.CausalityInterfaceForComposites._computeInputDepth(CausalityInterfaceForComposites.java:696)
	at ptolemy.actor.util.CausalityInterfaceForComposites._computeOutputPortDepth(CausalityInterfaceForComposites.java:765)
	at ptolemy.actor.util.CausalityInterfaceForComposites._computeInputDepth(CausalityInterfaceForComposites.java:696)
	at ptolemy.actor.util.CausalityInterfaceForComposites._computeActorDepth(CausalityInterfaceForComposites.java:532)
	at ptolemy.actor.util.CausalityInterfaceForComposites.checkForCycles(CausalityInterfaceForComposites.java:96)
	at ptolemy.domains.de.kernel.DEDirector.preinitialize(DEDirector.java:1338)
	at ptolemy.actor.CompositeActor.preinitialize(CompositeActor.java:1828)
	at ptolemy.actor.Manager.preinitializeAndResolveTypes(Manager.java:1040)
	at ptolemy.actor.Manager.initialize(Manager.java:710)
	at ptolemy.actor.Manager.execute(Manager.java:356)
	at ptolemy.actor.Manager.run(Manager.java:1263)
	at ptolemy.actor.Manager$PtolemyRunThread.run(Manager.java:1915)
java.lang.reflect.InvocationTargetException
	at sun.reflect.NativeConstructorAccessorImpl.newInstance0(Native Method)
	at sun.reflect.NativeConstructorAccessorImpl.newInstance(NativeConstructorAccessorImpl.java:62)
	at sun.reflect.DelegatingConstructorAccessorImpl.newInstance(DelegatingConstructorAccessorImpl.java:45)
	at java.lang.reflect.Constructor.newInstance(Constructor.java:423)
	at ptolemy.util.test.junit.AutoKnownFailedTests.RunModel(AutoKnownFailedTests.java:105)
	at sun.reflect.NativeMethodAccessorImpl.invoke0(Native Method)
	at sun.reflect.NativeMethodAccessorImpl.invoke(NativeMethodAccessorImpl.java:62)
	at sun.reflect.DelegatingMethodAccessorImpl.invoke(DelegatingMethodAccessorImpl.java:43)
	at java.lang.reflect.Method.invoke(Method.java:498)
	at org.junit.runners.model.FrameworkMethod$1.runReflectiveCall(FrameworkMethod.java:44)
	at org.junit.internal.runners.model.ReflectiveCallable.run(ReflectiveCallable.java:15)
	at org.junit.runners.model.FrameworkMethod.invokeExplosively(FrameworkMethod.java:41)
	at junitparams.internal.InvokeParameterisedMethod.evaluate(InvokeParameterisedMethod.java:102)
	at org.junit.internal.runners.statements.FailOnTimeout$1.run(FailOnTimeout.java:28)
Caused by: ptolemy.kernel.util.IllegalActionException: Found a zero delay loop containing .dependencyLoop.original
  in .dependencyLoop and .dependencyLoop.original
	at ptolemy.actor.util.CausalityInterfaceForComposites._computeOutputPortDepth(CausalityInterfaceForComposites.java:759)
	at ptolemy.actor.util.CausalityInterfaceForComposites._computeInputDepth(CausalityInterfaceForComposites.java:696)
	at ptolemy.actor.util.CausalityInterfaceForComposites._computeOutputPortDepth(CausalityInterfaceForComposites.java:765)
	at ptolemy.actor.util.CausalityInterfaceForComposites._computeInputDepth(CausalityInterfaceForComposites.java:696)
	at ptolemy.actor.util.CausalityInterfaceForComposites._computeOutputPortDepth(CausalityInterfaceForComposites.java:765)
	at ptolemy.actor.util.CausalityInterfaceForComposites._computeInputDepth(CausalityInterfaceForComposites.java:696)
	at ptolemy.actor.util.CausalityInterfaceForComposites._computeActorDepth(CausalityInterfaceForComposites.java:532)
	at ptolemy.actor.util.CausalityInterfaceForComposites.checkForCycles(CausalityInterfaceForComposites.java:96)
	at ptolemy.domains.de.kernel.DEDirector.preinitialize(DEDirector.java:1338)
	at ptolemy.actor.CompositeActor.preinitialize(CompositeActor.java:1828)
	at ptolemy.actor.Manager.preinitializeAndResolveTypes(Manager.java:1040)
	at ptolemy.actor.Manager.initialize(Manager.java:710)
	at ptolemy.actor.Manager.execute(Manager.java:356)
	at ptolemy.actor.Manager.run(Manager.java:1263)
	at ptolemy.actor.Manager$PtolemyRunThread.run(Manager.java:1915)
java.lang.RuntimeException: Execution failed
	at ptolemy.moml.MoMLSimpleApplication$UnloadThread.run(MoMLSimpleApplication.java:402)
Caused by: ptolemy.kernel.util.IllegalActionException: Found a zero delay loop containing .dependencyLoop2.original
  in .dependencyLoop2 and .dependencyLoop2.original
	at ptolemy.actor.util.CausalityInterfaceForComposites._computeOutputPortDepth(CausalityInterfaceForComposites.java:759)
	at ptolemy.actor.util.CausalityInterfaceForComposites._computeInputDepth(CausalityInterfaceForComposites.java:696)
	at ptolemy.actor.util.CausalityInterfaceForComposites._computeOutputPortDepth(CausalityInterfaceForComposites.java:765)
	at ptolemy.actor.util.CausalityInterfaceForComposites._computeInputDepth(CausalityInterfaceForComposites.java:696)
	at ptolemy.actor.util.CausalityInterfaceForComposites._computeOutputPortDepth(CausalityInterfaceForComposites.java:765)
	at ptolemy.actor.util.CausalityInterfaceForComposites._computeInputDepth(CausalityInterfaceForComposites.java:696)
	at ptolemy.actor.util.CausalityInterfaceForComposites._computeActorDepth(CausalityInterfaceForComposites.java:532)
	at ptolemy.actor.util.CausalityInterfaceForComposites.checkForCycles(CausalityInterfaceForComposites.java:96)
	at ptolemy.domains.de.kernel.DEDirector.preinitialize(DEDirector.java:1338)
	at ptolemy.actor.CompositeActor.preinitialize(CompositeActor.java:1828)
	at ptolemy.actor.Manager.preinitializeAndResolveTypes(Manager.java:1040)
	at ptolemy.actor.Manager.initialize(Manager.java:710)
	at ptolemy.actor.Manager.execute(Manager.java:356)
	at ptolemy.actor.Manager.run(Manager.java:1263)
	at ptolemy.actor.Manager$PtolemyRunThread.run(Manager.java:1915)
java.lang.reflect.InvocationTargetException
	at sun.reflect.NativeConstructorAccessorImpl.newInstance0(Native Method)
	at sun.reflect.NativeConstructorAccessorImpl.newInstance(NativeConstructorAccessorImpl.java:62)
	at sun.reflect.DelegatingConstructorAccessorImpl.newInstance(DelegatingConstructorAccessorImpl.java:45)
	at java.lang.reflect.Constructor.newInstance(Constructor.java:423)
	at ptolemy.util.test.junit.AutoKnownFailedTests.RunModel(AutoKnownFailedTests.java:105)
	at sun.reflect.NativeMethodAccessorImpl.invoke0(Native Method)
	at sun.reflect.NativeMethodAccessorImpl.invoke(NativeMethodAccessorImpl.java:62)
	at sun.reflect.DelegatingMethodAccessorImpl.invoke(DelegatingMethodAccessorImpl.java:43)
	at java.lang.reflect.Method.invoke(Method.java:498)
	at org.junit.runners.model.FrameworkMethod$1.runReflectiveCall(FrameworkMethod.java:44)
	at org.junit.internal.runners.model.ReflectiveCallable.run(ReflectiveCallable.java:15)
	at org.junit.runners.model.FrameworkMethod.invokeExplosively(FrameworkMethod.java:41)
	at junitparams.internal.InvokeParameterisedMethod.evaluate(InvokeParameterisedMethod.java:102)
	at org.junit.internal.runners.statements.FailOnTimeout$1.run(FailOnTimeout.java:28)
Caused by: ptolemy.kernel.util.IllegalActionException: Found a zero delay loop containing .dependencyLoop2.original
  in .dependencyLoop2 and .dependencyLoop2.original
	at ptolemy.actor.util.CausalityInterfaceForComposites._computeOutputPortDepth(CausalityInterfaceForComposites.java:759)
	at ptolemy.actor.util.CausalityInterfaceForComposites._computeInputDepth(CausalityInterfaceForComposites.java:696)
	at ptolemy.actor.util.CausalityInterfaceForComposites._computeOutputPortDepth(CausalityInterfaceForComposites.java:765)
	at ptolemy.actor.util.CausalityInterfaceForComposites._computeInputDepth(CausalityInterfaceForComposites.java:696)
	at ptolemy.actor.util.CausalityInterfaceForComposites._computeOutputPortDepth(CausalityInterfaceForComposites.java:765)
	at ptolemy.actor.util.CausalityInterfaceForComposites._computeInputDepth(CausalityInterfaceForComposites.java:696)
	at ptolemy.actor.util.CausalityInterfaceForComposites._computeActorDepth(CausalityInterfaceForComposites.java:532)
	at ptolemy.actor.util.CausalityInterfaceForComposites.checkForCycles(CausalityInterfaceForComposites.java:96)
	at ptolemy.domains.de.kernel.DEDirector.preinitialize(DEDirector.java:1338)
	at ptolemy.actor.CompositeActor.preinitialize(CompositeActor.java:1828)
	at ptolemy.actor.Manager.preinitializeAndResolveTypes(Manager.java:1040)
	at ptolemy.actor.Manager.initialize(Manager.java:710)
	at ptolemy.actor.Manager.execute(Manager.java:356)
	at ptolemy.actor.Manager.run(Manager.java:1263)
	at ptolemy.actor.Manager$PtolemyRunThread.run(Manager.java:1915)
]]></system-err>
</testsuite>
