<?xml version="1.0" encoding="UTF-8" ?>
<testsuite errors="0" failures="0" hostname="travis-job-e8d06915-ceb6-47eb-b2d6-411221e158bc" name="ptolemy.domains.sdf.test.junit.JUnitTclTest" skipped="0" tests="66" time="21.289" timestamp="2019-11-11T07:10:19">
  <properties>
[...]
</properties>
  <testcase classname="ptolemy.util.test.junit.TclTests" name="[0] /home/travis/build/icyphy/ptII/ptolemy/domains/sdf/test/SDFSchedulerErrors.tcl (RunTclFile)" time="1.005" />
  <testcase classname="ptolemy.util.test.junit.TclTests" name="[1] /home/travis/build/icyphy/ptII/ptolemy/domains/sdf/test/composition.tcl (RunTclFile)" time="0.138" />
  <testcase classname="ptolemy.util.test.junit.TclTests" name="[2] /home/travis/build/icyphy/ptII/ptolemy/domains/sdf/test/cycle.tcl (RunTclFile)" time="0.084" />
  <testcase classname="ptolemy.util.test.junit.AutoKnownFailedTests" name="[0] ThereAreNoKnowFailedTests (RunModel)" time="0.006" />
  <testcase classname="ptolemy.util.test.junit.AutoNameArchTests" name="[0] ThereAreNoAutoArchTests (RunModel)" time="0.006" />
  <testcase classname="ptolemy.util.test.junit.AutoTests" name="[0] /home/travis/build/icyphy/ptII/ptolemy/domains/sdf/test/auto/Array.xml (RunModel)" time="0.316" />
  <testcase classname="ptolemy.util.test.junit.AutoTests" name="[1] /home/travis/build/icyphy/ptII/ptolemy/domains/sdf/test/auto/Butterfly.xml (RunModel)" time="0.167" />
  <testcase classname="ptolemy.util.test.junit.AutoTests" name="[2] /home/travis/build/icyphy/ptII/ptolemy/domains/sdf/test/auto/Expression.xml (RunModel)" time="0.08" />
  <testcase classname="ptolemy.util.test.junit.AutoTests" name="[3] /home/travis/build/icyphy/ptII/ptolemy/domains/sdf/test/auto/Eye.xml (RunModel)" time="0.31" />
  <testcase classname="ptolemy.util.test.junit.AutoTests" name="[4] /home/travis/build/icyphy/ptII/ptolemy/domains/sdf/test/auto/FixFIR.xml (RunModel)" time="0.396" />
  <testcase classname="ptolemy.util.test.junit.AutoTests" name="[5] /home/travis/build/icyphy/ptII/ptolemy/domains/sdf/test/auto/FixPoint.xml (RunModel)" time="0.06" />
  <testcase classname="ptolemy.util.test.junit.AutoTests" name="[6] /home/travis/build/icyphy/ptII/ptolemy/domains/sdf/test/auto/Gravitation.xml (RunModel)" time="3.267" />
  <testcase classname="ptolemy.util.test.junit.AutoTests" name="[7] /home/travis/build/icyphy/ptII/ptolemy/domains/sdf/test/auto/GravitationWithCollisionDetection.xml (RunModel)" time="6.781" />
  <testcase classname="ptolemy.util.test.junit.AutoTests" name="[8] /home/travis/build/icyphy/ptII/ptolemy/domains/sdf/test/auto/HDF.xml (RunModel)" time="0.081" />
  <testcase classname="ptolemy.util.test.junit.AutoTests" name="[9] /home/travis/build/icyphy/ptII/ptolemy/domains/sdf/test/auto/HDFwithTransientStates.xml (RunModel)" time="0.083" />
  <testcase classname="ptolemy.util.test.junit.AutoTests" name="[10] /home/travis/build/icyphy/ptII/ptolemy/domains/sdf/test/auto/HTVQ.xml (RunModel)" time="0.937" />
  <testcase classname="ptolemy.util.test.junit.AutoTests" name="[11] /home/travis/build/icyphy/ptII/ptolemy/domains/sdf/test/auto/InferInitProduction.xml (RunModel)" time="0.046" />
  <testcase classname="ptolemy.util.test.junit.AutoTests" name="[12] /home/travis/build/icyphy/ptII/ptolemy/domains/sdf/test/auto/InferInitProductionDeeper.xml (RunModel)" time="0.024" />
  <testcase classname="ptolemy.util.test.junit.AutoTests" name="[13] /home/travis/build/icyphy/ptII/ptolemy/domains/sdf/test/auto/LMSAdaptive.xml (RunModel)" time="0.08" />
  <testcase classname="ptolemy.util.test.junit.AutoTests" name="[14] /home/travis/build/icyphy/ptII/ptolemy/domains/sdf/test/auto/LogisticMap.xml (RunModel)" time="0.479" />
  <testcase classname="ptolemy.util.test.junit.AutoTests" name="[15] /home/travis/build/icyphy/ptII/ptolemy/domains/sdf/test/auto/MaximumEntropySpectrum.xml (RunModel)" time="0.285" />
  <testcase classname="ptolemy.util.test.junit.AutoTests" name="[16] /home/travis/build/icyphy/ptII/ptolemy/domains/sdf/test/auto/MultirateSDF.xml (RunModel)" time="0.062" />
  <testcase classname="ptolemy.util.test.junit.AutoTests" name="[17] /home/travis/build/icyphy/ptII/ptolemy/domains/sdf/test/auto/MultirateSDFwithTransientStates.xml (RunModel)" time="0.092" />
  <testcase classname="ptolemy.util.test.junit.AutoTests" name="[18] /home/travis/build/icyphy/ptII/ptolemy/domains/sdf/test/auto/NoisySinewave.xml (RunModel)" time="0.082" />
  <testcase classname="ptolemy.util.test.junit.AutoTests" name="[19] /home/travis/build/icyphy/ptII/ptolemy/domains/sdf/test/auto/Objects.xml (RunModel)" time="0.066" />
  <testcase classname="ptolemy.util.test.junit.AutoTests" name="[20] /home/travis/build/icyphy/ptII/ptolemy/domains/sdf/test/auto/OrthogonalCom.xml (RunModel)" time="0.052" />
  <testcase classname="ptolemy.util.test.junit.AutoTests" name="[21] /home/travis/build/icyphy/ptII/ptolemy/domains/sdf/test/auto/RijndaelEncryption.xml (RunModel)" time="0.606" />
  <testcase classname="ptolemy.util.test.junit.AutoTests" name="[22] /home/travis/build/icyphy/ptII/ptolemy/domains/sdf/test/auto/SDFEmptyIterations.xml (RunModel)" time="0.031" />
  <testcase classname="ptolemy.util.test.junit.AutoTests" name="[23] /home/travis/build/icyphy/ptII/ptolemy/domains/sdf/test/auto/Spectrum.xml (RunModel)" time="0.113" />
  <testcase classname="ptolemy.util.test.junit.AutoTests" name="[24] /home/travis/build/icyphy/ptII/ptolemy/domains/sdf/test/auto/de_inside_sdf.xml (RunModel)" time="0.043" />
  <testcase classname="ptolemy.util.test.junit.AutoTests" name="[25] /home/travis/build/icyphy/ptII/ptolemy/domains/sdf/test/auto/disconnectedHierarchicalSDF.xml (RunModel)" time="0.025" />
  <testcase classname="ptolemy.util.test.junit.AutoTests" name="[26] /home/travis/build/icyphy/ptII/ptolemy/domains/sdf/test/auto/disconnectedSDF.xml (RunModel)" time="0.025" />
  <testcase classname="ptolemy.util.test.junit.AutoTests" name="[27] /home/travis/build/icyphy/ptII/ptolemy/domains/sdf/test/auto/emptyRefinement.xml (RunModel)" time="0.021" />
  <testcase classname="ptolemy.util.test.junit.AutoTests" name="[28] /home/travis/build/icyphy/ptII/ptolemy/domains/sdf/test/auto/filePortParameter.xml (RunModel)" time="0.051" />
  <testcase classname="ptolemy.util.test.junit.AutoTests" name="[29] /home/travis/build/icyphy/ptII/ptolemy/domains/sdf/test/auto/inferRelationWidth1.xml (RunModel)" time="0.017" />
  <testcase classname="ptolemy.util.test.junit.AutoTests" name="[30] /home/travis/build/icyphy/ptII/ptolemy/domains/sdf/test/auto/initProductionInference.xml (RunModel)" time="0.024" />
  <testcase classname="ptolemy.util.test.junit.AutoTests" name="[31] /home/travis/build/icyphy/ptII/ptolemy/domains/sdf/test/auto/relationGroup.xml (RunModel)" time="0.018" />
  <testcase classname="ptolemy.util.test.junit.AutoTests" name="[32] /home/travis/build/icyphy/ptII/ptolemy/domains/sdf/test/auto/relationGroup10.xml (RunModel)" time="0.021" />
  <testcase classname="ptolemy.util.test.junit.AutoTests" name="[33] /home/travis/build/icyphy/ptII/ptolemy/domains/sdf/test/auto/relationGroup11.xml (RunModel)" time="0.015" />
  <testcase classname="ptolemy.util.test.junit.AutoTests" name="[34] /home/travis/build/icyphy/ptII/ptolemy/domains/sdf/test/auto/relationGroup12.xml (RunModel)" time="0.015" />
  <testcase classname="ptolemy.util.test.junit.AutoTests" name="[35] /home/travis/build/icyphy/ptII/ptolemy/domains/sdf/test/auto/relationGroup13.xml (RunModel)" time="0.02" />
  <testcase classname="ptolemy.util.test.junit.AutoTests" name="[36] /home/travis/build/icyphy/ptII/ptolemy/domains/sdf/test/auto/relationGroup14.xml (RunModel)" time="0.016" />
  <testcase classname="ptolemy.util.test.junit.AutoTests" name="[37] /home/travis/build/icyphy/ptII/ptolemy/domains/sdf/test/auto/relationGroup15.xml (RunModel)" time="0.014" />
  <testcase classname="ptolemy.util.test.junit.AutoTests" name="[38] /home/travis/build/icyphy/ptII/ptolemy/domains/sdf/test/auto/relationGroup2.xml (RunModel)" time="0.007" />
  <testcase classname="ptolemy.util.test.junit.AutoTests" name="[39] /home/travis/build/icyphy/ptII/ptolemy/domains/sdf/test/auto/relationGroup3.xml (RunModel)" time="0.007" />
  <testcase classname="ptolemy.util.test.junit.AutoTests" name="[40] /home/travis/build/icyphy/ptII/ptolemy/domains/sdf/test/auto/relationGroup4.xml (RunModel)" time="0.009" />
  <testcase classname="ptolemy.util.test.junit.AutoTests" name="[41] /home/travis/build/icyphy/ptII/ptolemy/domains/sdf/test/auto/relationGroup5.xml (RunModel)" time="0.019" />
  <testcase classname="ptolemy.util.test.junit.AutoTests" name="[42] /home/travis/build/icyphy/ptII/ptolemy/domains/sdf/test/auto/relationGroup6.xml (RunModel)" time="0.01" />
  <testcase classname="ptolemy.util.test.junit.AutoTests" name="[43] /home/travis/build/icyphy/ptII/ptolemy/domains/sdf/test/auto/relationGroup7.xml (RunModel)" time="0.008" />
  <testcase classname="ptolemy.util.test.junit.AutoTests" name="[44] /home/travis/build/icyphy/ptII/ptolemy/domains/sdf/test/auto/relationGroup8.xml (RunModel)" time="0.008" />
  <testcase classname="ptolemy.util.test.junit.AutoTests" name="[45] /home/travis/build/icyphy/ptII/ptolemy/domains/sdf/test/auto/relationGroup9.xml (RunModel)" time="0.01" />
  <testcase classname="ptolemy.util.test.junit.AutoTests" name="[46] /home/travis/build/icyphy/ptII/ptolemy/domains/sdf/test/auto/sdf_inside_de.xml (RunModel)" time="0.049" />
  <testcase classname="ptolemy.util.test.junit.AutoTests" name="[47] /home/travis/build/icyphy/ptII/ptolemy/domains/sdf/test/auto/sdf_inside_pn.xml (RunModel)" time="0.063" />
  <testcase classname="ptolemy.util.test.junit.AutoTests" name="[48] /home/travis/build/icyphy/ptII/ptolemy/domains/sdf/test/auto/sdf_sdf1.xml (RunModel)" time="0.031" />
  <testcase classname="ptolemy.util.test.junit.AutoTests" name="[49] /home/travis/build/icyphy/ptII/ptolemy/domains/sdf/test/auto/test1.xml (RunModel)" time="0.016" />
  <testcase classname="ptolemy.util.test.junit.AutoTests" name="[50] /home/travis/build/icyphy/ptII/ptolemy/domains/sdf/test/auto/time1.xml (RunModel)" time="0.008" />
  <testcase classname="ptolemy.util.test.junit.AutoTests" name="[51] /home/travis/build/icyphy/ptII/ptolemy/domains/sdf/test/auto/time2.xml (RunModel)" time="0.009" />
  <testcase classname="ptolemy.util.test.junit.AutoTests" name="[52] /home/travis/build/icyphy/ptII/ptolemy/domains/sdf/test/auto/time3.xml (RunModel)" time="0.019" />
  <testcase classname="ptolemy.util.test.junit.AutoTests" name="[53] /home/travis/build/icyphy/ptII/ptolemy/domains/sdf/test/auto/time4.xml (RunModel)" time="0.017" />
  <testcase classname="ptolemy.util.test.junit.AutoTests" name="[54] /home/travis/build/icyphy/ptII/ptolemy/domains/sdf/test/auto/time5.xml (RunModel)" time="4.009" />
  <testcase classname="ptolemy.util.test.junit.AutoTests" name="[55] /home/travis/build/icyphy/ptII/ptolemy/domains/sdf/test/auto/typeSystem_Const_Integer_smallest_Type.xml (RunModel)" time="0.039" />
  <testcase classname="ptolemy.util.test.junit.AutoTests" name="[56] /home/travis/build/icyphy/ptII/ptolemy/domains/sdf/test/auto/typeSystem_declared_Inports_OutportTypeException.xml (RunModel)" time="0.028" />
  <testcase classname="ptolemy.util.test.junit.AutoTests" name="[57] /home/travis/build/icyphy/ptII/ptolemy/domains/sdf/test/auto/typeSystem_oneDeclaredInportType_wrongTypeOutport.xml (RunModel)" time="0.02" />
  <testcase classname="ptolemy.util.test.junit.AutoTests" name="[58] /home/travis/build/icyphy/ptII/ptolemy/domains/sdf/test/auto/width.xml (RunModel)" time="0.011" />
  <testcase classname="ptolemy.util.test.junit.AutoTests" name="[59] /home/travis/build/icyphy/ptII/ptolemy/domains/sdf/test/auto/width2.xml (RunModel)" time="0.044" />
  <testcase classname="ptolemy.util.test.junit.AutoTests" name="[60] /home/travis/build/icyphy/ptII/ptolemy/domains/sdf/test/auto/width3.xml (RunModel)" time="0.046" />
  <system-out><![CDATA[/home/travis/build/icyphy/ptII/ptolemy/domains/sdf/test/SDFSchedulerErrors.tcl
testDefs.tcl: setting time out to 9000 seconds at Mon Nov 11 07:10:19 UTC 2019
76 ms. Memory: 120832K Free: 82374K (68%)
15 ms. Memory: 120832K Free: 74696K (62%)
22 ms. Memory: 120832K Free: 68031K (56%)
5 ms. Memory: 120832K Free: 64966K (54%)
/home/travis/build/icyphy/ptII/ptolemy/domains/sdf/test/composition.tcl
28 ms. Memory: 120832K Free: 61384K (51%)
9 ms. Memory: 120832K Free: 59336K (49%)
/home/travis/build/icyphy/ptII/ptolemy/domains/sdf/test/cycle.tcl
.Toplevel.Director Preinitializing ...
Invoking preinitialize():  .Toplevel.Actor1
Invoking preinitialize():  .Toplevel.Actor2
Invoking preinitialize():  .Toplevel.Delay
.Toplevel.Director Finished preinitialize().
### Schedule:
Execute Schedule{
Fire Actor ptolemy.domains.sdf.kernel.test.SDFTestDelay {.Toplevel.Actor1}
Fire Actor ptolemy.domains.sdf.kernel.test.SDFTestDelay {.Toplevel.Actor2}
Fire Actor ptolemy.domains.sdf.lib.SampleDelay {.Toplevel.Delay}
}
### End schedule
Called initialize().
Invoking initialize():  .Toplevel.Actor1
Initializing actor: .Toplevel.Actor1.
Invoking initialize():  .Toplevel.Actor2
Initializing actor: .Toplevel.Actor2.
Invoking initialize():  .Toplevel.Delay
Initializing actor: .Toplevel.Delay.
Director: Called prefire().
-- Setting current time to 0.0
Director prefire returns true.
The actor .Toplevel.Actor1 will be iterated.
The actor .Toplevel.Actor1 was iterated.
The actor .Toplevel.Actor2 will be iterated.
The actor .Toplevel.Actor2 was iterated.
The actor .Toplevel.Delay will be iterated.
The actor .Toplevel.Delay was iterated.
Director: Called postfire().
Postfire returns: true
Director: Called prefire().
-- Setting current time to 0.0
Director prefire returns true.
The actor .Toplevel.Actor1 will be iterated.
The actor .Toplevel.Actor1 was iterated.
The actor .Toplevel.Actor2 will be iterated.
The actor .Toplevel.Actor2 was iterated.
The actor .Toplevel.Delay will be iterated.
The actor .Toplevel.Delay was iterated.
Director: Called postfire().
Postfire returns: true
Director: Called prefire().
-- Setting current time to 0.0
Director prefire returns true.
The actor .Toplevel.Actor1 will be iterated.
The actor .Toplevel.Actor1 was iterated.
The actor .Toplevel.Actor2 will be iterated.
The actor .Toplevel.Actor2 was iterated.
The actor .Toplevel.Delay will be iterated.
The actor .Toplevel.Delay was iterated.
Director: Called postfire().
Postfire returns: true
Director: Called prefire().
-- Setting current time to 0.0
Director prefire returns true.
The actor .Toplevel.Actor1 will be iterated.
The actor .Toplevel.Actor1 was iterated.
The actor .Toplevel.Actor2 will be iterated.
The actor .Toplevel.Actor2 was iterated.
The actor .Toplevel.Delay will be iterated.
The actor .Toplevel.Delay was iterated.
Director: Called postfire().
Postfire returns: true
Director: Called prefire().
-- Setting current time to 0.0
Director prefire returns true.
The actor .Toplevel.Actor1 will be iterated.
The actor .Toplevel.Actor1 was iterated.
The actor .Toplevel.Actor2 will be iterated.
The actor .Toplevel.Actor2 was iterated.
The actor .Toplevel.Delay will be iterated.
The actor .Toplevel.Delay was iterated.
Director: Called postfire().
Postfire returns: true
Director: Called prefire().
-- Setting current time to 0.0
Director prefire returns true.
The actor .Toplevel.Actor1 will be iterated.
The actor .Toplevel.Actor1 was iterated.
The actor .Toplevel.Actor2 will be iterated.
The actor .Toplevel.Actor2 was iterated.
The actor .Toplevel.Delay will be iterated.
The actor .Toplevel.Delay was iterated.
Reached specified number of iterations: 6
Director: Called wrapup().
45 ms. Memory: 120832K Free: 56264K (47%)
11/11/19 07:10:20
Failed: 0  Total Tests: 8  ((Passed: 8, Newly Passed: 0)  Known Failed: 0) /home/travis/build/icyphy/ptII/ptolemy/domains/sdf/test
No auto/knownFailedTests/*.xml tests in /home/travis/build/icyphy/ptII/ptolemy/domains/sdf/test
No auto/linux-amd64/*.xml tests in /home/travis/build/icyphy/ptII/ptolemy/domains/sdf/test
AutoTests.java: About to close Vertx.
AutoTests.java: Vertx closed.

===========================================================================================
----------------- testing Mon Nov 11 07:10:20 UTC 2019 /home/travis/build/icyphy/ptII/ptolemy/domains/sdf/test/auto/Array.xml
----------------- Instantiating /home/travis/build/icyphy/ptII/ptolemy/domains/sdf/test/auto/Array.xml
69 ms. Memory: 120832K Free: 102977K (85%)
----------------- Invoking toplevel() on ptolemy.moml.MoMLSimpleApplication@3b2c8c53
----------------- Done invoking toplevel() on ptolemy.moml.MoMLSimpleApplication@3b2c8c53
reloadAllAccessors: .Array

===========================================================================================
----------------- testing Mon Nov 11 07:10:21 UTC 2019 /home/travis/build/icyphy/ptII/ptolemy/domains/sdf/test/auto/Butterfly.xml
----------------- Instantiating /home/travis/build/icyphy/ptII/ptolemy/domains/sdf/test/auto/Butterfly.xml
88 ms. Memory: 120832K Free: 97218K (80%)
----------------- Invoking toplevel() on ptolemy.moml.MoMLSimpleApplication@56850125
----------------- Done invoking toplevel() on ptolemy.moml.MoMLSimpleApplication@56850125
reloadAllAccessors: .Butterfly

===========================================================================================
----------------- testing Mon Nov 11 07:10:21 UTC 2019 /home/travis/build/icyphy/ptII/ptolemy/domains/sdf/test/auto/Expression.xml
----------------- Instantiating /home/travis/build/icyphy/ptII/ptolemy/domains/sdf/test/auto/Expression.xml
44 ms. Memory: 120832K Free: 92653K (77%)
----------------- Invoking toplevel() on ptolemy.moml.MoMLSimpleApplication@79ce989f
----------------- Done invoking toplevel() on ptolemy.moml.MoMLSimpleApplication@79ce989f
reloadAllAccessors: .Expression

===========================================================================================
----------------- testing Mon Nov 11 07:10:21 UTC 2019 /home/travis/build/icyphy/ptII/ptolemy/domains/sdf/test/auto/Eye.xml
----------------- Instantiating /home/travis/build/icyphy/ptII/ptolemy/domains/sdf/test/auto/Eye.xml
193 ms. Memory: 120832K Free: 92834K (77%)
----------------- Invoking toplevel() on ptolemy.moml.MoMLSimpleApplication@7401f8d9
----------------- Done invoking toplevel() on ptolemy.moml.MoMLSimpleApplication@7401f8d9
reloadAllAccessors: .Eye

===========================================================================================
----------------- testing Mon Nov 11 07:10:21 UTC 2019 /home/travis/build/icyphy/ptII/ptolemy/domains/sdf/test/auto/FixFIR.xml
----------------- Instantiating /home/travis/build/icyphy/ptII/ptolemy/domains/sdf/test/auto/FixFIR.xml
174 ms. Memory: 150528K Free: 132075K (88%)
----------------- Invoking toplevel() on ptolemy.moml.MoMLSimpleApplication@2b5cfe4a
----------------- Done invoking toplevel() on ptolemy.moml.MoMLSimpleApplication@2b5cfe4a
reloadAllAccessors: .FixFIR

===========================================================================================
----------------- testing Mon Nov 11 07:10:22 UTC 2019 /home/travis/build/icyphy/ptII/ptolemy/domains/sdf/test/auto/FixPoint.xml
----------------- Instantiating /home/travis/build/icyphy/ptII/ptolemy/domains/sdf/test/auto/FixPoint.xml
16 ms. Memory: 150528K Free: 127620K (85%)
----------------- Invoking toplevel() on ptolemy.moml.MoMLSimpleApplication@4e8a3609
----------------- Done invoking toplevel() on ptolemy.moml.MoMLSimpleApplication@4e8a3609
reloadAllAccessors: .FixPoint

===========================================================================================
----------------- testing Mon Nov 11 07:10:22 UTC 2019 /home/travis/build/icyphy/ptII/ptolemy/domains/sdf/test/auto/Gravitation.xml
----------------- Instantiating /home/travis/build/icyphy/ptII/ptolemy/domains/sdf/test/auto/Gravitation.xml
3169 ms. Memory: 150528K Free: 82777K (55%)
----------------- Invoking toplevel() on ptolemy.moml.MoMLSimpleApplication@3e4148a4
----------------- Done invoking toplevel() on ptolemy.moml.MoMLSimpleApplication@3e4148a4
reloadAllAccessors: .Gravitation

===========================================================================================
----------------- testing Mon Nov 11 07:10:25 UTC 2019 /home/travis/build/icyphy/ptII/ptolemy/domains/sdf/test/auto/GravitationWithCollisionDetection.xml
----------------- Instantiating /home/travis/build/icyphy/ptII/ptolemy/domains/sdf/test/auto/GravitationWithCollisionDetection.xml
6596 ms. Memory: 315392K Free: 272123K (86%)
----------------- Invoking toplevel() on ptolemy.moml.MoMLSimpleApplication@462e361
----------------- Done invoking toplevel() on ptolemy.moml.MoMLSimpleApplication@462e361
reloadAllAccessors: .GravitationWithCollisionDetection

===========================================================================================
----------------- testing Mon Nov 11 07:10:32 UTC 2019 /home/travis/build/icyphy/ptII/ptolemy/domains/sdf/test/auto/HDF.xml
----------------- Instantiating /home/travis/build/icyphy/ptII/ptolemy/domains/sdf/test/auto/HDF.xml
25 ms. Memory: 315392K Free: 256253K (81%)
----------------- Invoking toplevel() on ptolemy.moml.MoMLSimpleApplication@28880bf1
----------------- Done invoking toplevel() on ptolemy.moml.MoMLSimpleApplication@28880bf1
reloadAllAccessors: .HDF

===========================================================================================
----------------- testing Mon Nov 11 07:10:32 UTC 2019 /home/travis/build/icyphy/ptII/ptolemy/domains/sdf/test/auto/HDFwithTransientStates.xml
----------------- Instantiating /home/travis/build/icyphy/ptII/ptolemy/domains/sdf/test/auto/HDFwithTransientStates.xml
29 ms. Memory: 315392K Free: 237307K (75%)
----------------- Invoking toplevel() on ptolemy.moml.MoMLSimpleApplication@6e8d9530
----------------- Done invoking toplevel() on ptolemy.moml.MoMLSimpleApplication@6e8d9530
reloadAllAccessors: .HDFwithTransientStates

===========================================================================================
----------------- testing Mon Nov 11 07:10:32 UTC 2019 /home/travis/build/icyphy/ptII/ptolemy/domains/sdf/test/auto/HTVQ.xml
----------------- Instantiating /home/travis/build/icyphy/ptII/ptolemy/domains/sdf/test/auto/HTVQ.xml
905 ms. Memory: 315392K Free: 254758K (81%)
----------------- Invoking toplevel() on ptolemy.moml.MoMLSimpleApplication@4c766bc8
----------------- Done invoking toplevel() on ptolemy.moml.MoMLSimpleApplication@4c766bc8
reloadAllAccessors: .HTVQ

===========================================================================================
----------------- testing Mon Nov 11 07:10:33 UTC 2019 /home/travis/build/icyphy/ptII/ptolemy/domains/sdf/test/auto/InferInitProduction.xml
----------------- Instantiating /home/travis/build/icyphy/ptII/ptolemy/domains/sdf/test/auto/InferInitProduction.xml
8 ms. Memory: 315392K Free: 249228K (79%)
----------------- Invoking toplevel() on ptolemy.moml.MoMLSimpleApplication@76dd601c
----------------- Done invoking toplevel() on ptolemy.moml.MoMLSimpleApplication@76dd601c
reloadAllAccessors: .InferInitProduction

===========================================================================================
----------------- testing Mon Nov 11 07:10:33 UTC 2019 /home/travis/build/icyphy/ptII/ptolemy/domains/sdf/test/auto/InferInitProductionDeeper.xml
----------------- Instantiating /home/travis/build/icyphy/ptII/ptolemy/domains/sdf/test/auto/InferInitProductionDeeper.xml
4 ms. Memory: 315392K Free: 243563K (77%)
----------------- Invoking toplevel() on ptolemy.moml.MoMLSimpleApplication@c398b1f
----------------- Done invoking toplevel() on ptolemy.moml.MoMLSimpleApplication@c398b1f
reloadAllAccessors: .InferInitProductionDeeper

===========================================================================================
----------------- testing Mon Nov 11 07:10:33 UTC 2019 /home/travis/build/icyphy/ptII/ptolemy/domains/sdf/test/auto/LMSAdaptive.xml
----------------- Instantiating /home/travis/build/icyphy/ptII/ptolemy/domains/sdf/test/auto/LMSAdaptive.xml
13 ms. Memory: 315392K Free: 233868K (74%)
----------------- Invoking toplevel() on ptolemy.moml.MoMLSimpleApplication@2232cc7e
----------------- Done invoking toplevel() on ptolemy.moml.MoMLSimpleApplication@2232cc7e
reloadAllAccessors: .LMSAdaptive

===========================================================================================
----------------- testing Mon Nov 11 07:10:33 UTC 2019 /home/travis/build/icyphy/ptII/ptolemy/domains/sdf/test/auto/LogisticMap.xml
----------------- Instantiating /home/travis/build/icyphy/ptII/ptolemy/domains/sdf/test/auto/LogisticMap.xml
439 ms. Memory: 315392K Free: 228234K (72%)
----------------- Invoking toplevel() on ptolemy.moml.MoMLSimpleApplication@2a3fa1f5
----------------- Done invoking toplevel() on ptolemy.moml.MoMLSimpleApplication@2a3fa1f5
reloadAllAccessors: .LogisticMap

===========================================================================================
----------------- testing Mon Nov 11 07:10:34 UTC 2019 /home/travis/build/icyphy/ptII/ptolemy/domains/sdf/test/auto/MaximumEntropySpectrum.xml
----------------- Instantiating /home/travis/build/icyphy/ptII/ptolemy/domains/sdf/test/auto/MaximumEntropySpectrum.xml
71 ms. Memory: 315392K Free: 166794K (53%)
----------------- Invoking toplevel() on ptolemy.moml.MoMLSimpleApplication@3716b310
----------------- Done invoking toplevel() on ptolemy.moml.MoMLSimpleApplication@3716b310
reloadAllAccessors: .MaximumEntropySpectrum

===========================================================================================
----------------- testing Mon Nov 11 07:10:34 UTC 2019 /home/travis/build/icyphy/ptII/ptolemy/domains/sdf/test/auto/MultirateSDF.xml
----------------- Instantiating /home/travis/build/icyphy/ptII/ptolemy/domains/sdf/test/auto/MultirateSDF.xml
19 ms. Memory: 315392K Free: 151948K (48%)
----------------- Invoking toplevel() on ptolemy.moml.MoMLSimpleApplication@43d93ff8
----------------- Done invoking toplevel() on ptolemy.moml.MoMLSimpleApplication@43d93ff8
reloadAllAccessors: .MultirateSDF

===========================================================================================
----------------- testing Mon Nov 11 07:10:34 UTC 2019 /home/travis/build/icyphy/ptII/ptolemy/domains/sdf/test/auto/MultirateSDFwithTransientStates.xml
----------------- Instantiating /home/travis/build/icyphy/ptII/ptolemy/domains/sdf/test/auto/MultirateSDFwithTransientStates.xml
21 ms. Memory: 315392K Free: 133516K (42%)
----------------- Invoking toplevel() on ptolemy.moml.MoMLSimpleApplication@b8f54d2
----------------- Done invoking toplevel() on ptolemy.moml.MoMLSimpleApplication@b8f54d2
reloadAllAccessors: .MultirateSDFwithTransientStates

===========================================================================================
----------------- testing Mon Nov 11 07:10:34 UTC 2019 /home/travis/build/icyphy/ptII/ptolemy/domains/sdf/test/auto/NoisySinewave.xml
----------------- Instantiating /home/travis/build/icyphy/ptII/ptolemy/domains/sdf/test/auto/NoisySinewave.xml
18 ms. Memory: 315392K Free: 117132K (37%)
----------------- Invoking toplevel() on ptolemy.moml.MoMLSimpleApplication@3ac91e3f
----------------- Done invoking toplevel() on ptolemy.moml.MoMLSimpleApplication@3ac91e3f
reloadAllAccessors: .NoisySinewave

===========================================================================================
----------------- testing Mon Nov 11 07:10:34 UTC 2019 /home/travis/build/icyphy/ptII/ptolemy/domains/sdf/test/auto/Objects.xml
----------------- Instantiating /home/travis/build/icyphy/ptII/ptolemy/domains/sdf/test/auto/Objects.xml
5 ms. Memory: 315392K Free: 294137K (93%)
----------------- Invoking toplevel() on ptolemy.moml.MoMLSimpleApplication@10217517
----------------- Done invoking toplevel() on ptolemy.moml.MoMLSimpleApplication@10217517
reloadAllAccessors: .Objects

===========================================================================================
----------------- testing Mon Nov 11 07:10:34 UTC 2019 /home/travis/build/icyphy/ptII/ptolemy/domains/sdf/test/auto/OrthogonalCom.xml
----------------- Instantiating /home/travis/build/icyphy/ptII/ptolemy/domains/sdf/test/auto/OrthogonalCom.xml
9 ms. Memory: 315392K Free: 286473K (91%)
----------------- Invoking toplevel() on ptolemy.moml.MoMLSimpleApplication@7aadf1f
----------------- Done invoking toplevel() on ptolemy.moml.MoMLSimpleApplication@7aadf1f
reloadAllAccessors: .OrthogonalCom

===========================================================================================
----------------- testing Mon Nov 11 07:10:34 UTC 2019 /home/travis/build/icyphy/ptII/ptolemy/domains/sdf/test/auto/RijndaelEncryption.xml
----------------- Instantiating /home/travis/build/icyphy/ptII/ptolemy/domains/sdf/test/auto/RijndaelEncryption.xml
338 ms. Memory: 315392K Free: 142089K (45%)
----------------- Invoking toplevel() on ptolemy.moml.MoMLSimpleApplication@5d0238be
----------------- Done invoking toplevel() on ptolemy.moml.MoMLSimpleApplication@5d0238be
reloadAllAccessors: .RijndaelEncryption

===========================================================================================
----------------- testing Mon Nov 11 07:10:35 UTC 2019 /home/travis/build/icyphy/ptII/ptolemy/domains/sdf/test/auto/SDFEmptyIterations.xml
----------------- Instantiating /home/travis/build/icyphy/ptII/ptolemy/domains/sdf/test/auto/SDFEmptyIterations.xml
5 ms. Memory: 315392K Free: 137465K (44%)
----------------- Invoking toplevel() on ptolemy.moml.MoMLSimpleApplication@514dacd4
----------------- Done invoking toplevel() on ptolemy.moml.MoMLSimpleApplication@514dacd4
reloadAllAccessors: .SDFEmptyIterations

===========================================================================================
----------------- testing Mon Nov 11 07:10:35 UTC 2019 /home/travis/build/icyphy/ptII/ptolemy/domains/sdf/test/auto/Spectrum.xml
----------------- Instantiating /home/travis/build/icyphy/ptII/ptolemy/domains/sdf/test/auto/Spectrum.xml
41 ms. Memory: 315392K Free: 112393K (36%)
----------------- Invoking toplevel() on ptolemy.moml.MoMLSimpleApplication@243ce074
----------------- Done invoking toplevel() on ptolemy.moml.MoMLSimpleApplication@243ce074
reloadAllAccessors: .Spectrum

===========================================================================================
----------------- testing Mon Nov 11 07:10:35 UTC 2019 /home/travis/build/icyphy/ptII/ptolemy/domains/sdf/test/auto/de_inside_sdf.xml
----------------- Instantiating /home/travis/build/icyphy/ptII/ptolemy/domains/sdf/test/auto/de_inside_sdf.xml
9 ms. Memory: 315392K Free: 293397K (93%)
----------------- Invoking toplevel() on ptolemy.moml.MoMLSimpleApplication@25c18a3f
----------------- Done invoking toplevel() on ptolemy.moml.MoMLSimpleApplication@25c18a3f
reloadAllAccessors: .de_inside_sdf

===========================================================================================
----------------- testing Mon Nov 11 07:10:35 UTC 2019 /home/travis/build/icyphy/ptII/ptolemy/domains/sdf/test/auto/disconnectedHierarchicalSDF.xml
----------------- Instantiating /home/travis/build/icyphy/ptII/ptolemy/domains/sdf/test/auto/disconnectedHierarchicalSDF.xml
5 ms. Memory: 315392K Free: 287253K (91%)
----------------- Invoking toplevel() on ptolemy.moml.MoMLSimpleApplication@40bbccd
----------------- Done invoking toplevel() on ptolemy.moml.MoMLSimpleApplication@40bbccd
reloadAllAccessors: .disconnectedHierarchicalSDF

===========================================================================================
----------------- testing Mon Nov 11 07:10:35 UTC 2019 /home/travis/build/icyphy/ptII/ptolemy/domains/sdf/test/auto/disconnectedSDF.xml
----------------- Instantiating /home/travis/build/icyphy/ptII/ptolemy/domains/sdf/test/auto/disconnectedSDF.xml
2 ms. Memory: 315392K Free: 283157K (90%)
----------------- Invoking toplevel() on ptolemy.moml.MoMLSimpleApplication@77a181d7
----------------- Done invoking toplevel() on ptolemy.moml.MoMLSimpleApplication@77a181d7
reloadAllAccessors: .disconnectedSDF

===========================================================================================
----------------- testing Mon Nov 11 07:10:35 UTC 2019 /home/travis/build/icyphy/ptII/ptolemy/domains/sdf/test/auto/emptyRefinement.xml
----------------- Instantiating /home/travis/build/icyphy/ptII/ptolemy/domains/sdf/test/auto/emptyRefinement.xml
5 ms. Memory: 315392K Free: 278547K (88%)
----------------- Invoking toplevel() on ptolemy.moml.MoMLSimpleApplication@3174c544
----------------- Done invoking toplevel() on ptolemy.moml.MoMLSimpleApplication@3174c544
reloadAllAccessors: .emptyRefinement

===========================================================================================
----------------- testing Mon Nov 11 07:10:35 UTC 2019 /home/travis/build/icyphy/ptII/ptolemy/domains/sdf/test/auto/filePortParameter.xml
----------------- Instantiating /home/travis/build/icyphy/ptII/ptolemy/domains/sdf/test/auto/filePortParameter.xml
17 ms. Memory: 315392K Free: 270869K (86%)
----------------- Invoking toplevel() on ptolemy.moml.MoMLSimpleApplication@69a84edd
----------------- Done invoking toplevel() on ptolemy.moml.MoMLSimpleApplication@69a84edd
reloadAllAccessors: .filePortParameter

===========================================================================================
----------------- testing Mon Nov 11 07:10:35 UTC 2019 /home/travis/build/icyphy/ptII/ptolemy/domains/sdf/test/auto/inferRelationWidth1.xml
----------------- Instantiating /home/travis/build/icyphy/ptII/ptolemy/domains/sdf/test/auto/inferRelationWidth1.xml
2 ms. Memory: 315392K Free: 267797K (85%)
----------------- Invoking toplevel() on ptolemy.moml.MoMLSimpleApplication@728cf710
----------------- Done invoking toplevel() on ptolemy.moml.MoMLSimpleApplication@728cf710
reloadAllAccessors: .inferRelationWidth1

===========================================================================================
----------------- testing Mon Nov 11 07:10:35 UTC 2019 /home/travis/build/icyphy/ptII/ptolemy/domains/sdf/test/auto/initProductionInference.xml
----------------- Instantiating /home/travis/build/icyphy/ptII/ptolemy/domains/sdf/test/auto/initProductionInference.xml
9 ms. Memory: 315392K Free: 263701K (84%)
----------------- Invoking toplevel() on ptolemy.moml.MoMLSimpleApplication@df655c9
----------------- Done invoking toplevel() on ptolemy.moml.MoMLSimpleApplication@df655c9
reloadAllAccessors: .initProductionInference

===========================================================================================
----------------- testing Mon Nov 11 07:10:35 UTC 2019 /home/travis/build/icyphy/ptII/ptolemy/domains/sdf/test/auto/relationGroup.xml
----------------- Instantiating /home/travis/build/icyphy/ptII/ptolemy/domains/sdf/test/auto/relationGroup.xml
3 ms. Memory: 315392K Free: 260115K (82%)
----------------- Invoking toplevel() on ptolemy.moml.MoMLSimpleApplication@29d8cb6
----------------- Done invoking toplevel() on ptolemy.moml.MoMLSimpleApplication@29d8cb6
reloadAllAccessors: .relationGroup

===========================================================================================
----------------- testing Mon Nov 11 07:10:35 UTC 2019 /home/travis/build/icyphy/ptII/ptolemy/domains/sdf/test/auto/relationGroup10.xml
----------------- Instantiating /home/travis/build/icyphy/ptII/ptolemy/domains/sdf/test/auto/relationGroup10.xml
2 ms. Memory: 315392K Free: 256533K (81%)
----------------- Invoking toplevel() on ptolemy.moml.MoMLSimpleApplication@424b9243
----------------- Done invoking toplevel() on ptolemy.moml.MoMLSimpleApplication@424b9243
reloadAllAccessors: .relationGroup10

===========================================================================================
----------------- testing Mon Nov 11 07:10:35 UTC 2019 /home/travis/build/icyphy/ptII/ptolemy/domains/sdf/test/auto/relationGroup11.xml
----------------- Instantiating /home/travis/build/icyphy/ptII/ptolemy/domains/sdf/test/auto/relationGroup11.xml
3 ms. Memory: 315392K Free: 252947K (80%)
----------------- Invoking toplevel() on ptolemy.moml.MoMLSimpleApplication@e30d594
----------------- Done invoking toplevel() on ptolemy.moml.MoMLSimpleApplication@e30d594
reloadAllAccessors: .relationGroup11

===========================================================================================
----------------- testing Mon Nov 11 07:10:35 UTC 2019 /home/travis/build/icyphy/ptII/ptolemy/domains/sdf/test/auto/relationGroup12.xml
----------------- Instantiating /home/travis/build/icyphy/ptII/ptolemy/domains/sdf/test/auto/relationGroup12.xml
3 ms. Memory: 315392K Free: 249365K (79%)
----------------- Invoking toplevel() on ptolemy.moml.MoMLSimpleApplication@3590edb
----------------- Done invoking toplevel() on ptolemy.moml.MoMLSimpleApplication@3590edb
reloadAllAccessors: .relationGroup12

===========================================================================================
----------------- testing Mon Nov 11 07:10:35 UTC 2019 /home/travis/build/icyphy/ptII/ptolemy/domains/sdf/test/auto/relationGroup13.xml
----------------- Instantiating /home/travis/build/icyphy/ptII/ptolemy/domains/sdf/test/auto/relationGroup13.xml
8 ms. Memory: 315392K Free: 244245K (77%)
----------------- Invoking toplevel() on ptolemy.moml.MoMLSimpleApplication@72c07b23
----------------- Done invoking toplevel() on ptolemy.moml.MoMLSimpleApplication@72c07b23
reloadAllAccessors: .relationGroup13

===========================================================================================
----------------- testing Mon Nov 11 07:10:35 UTC 2019 /home/travis/build/icyphy/ptII/ptolemy/domains/sdf/test/auto/relationGroup14.xml
----------------- Instantiating /home/travis/build/icyphy/ptII/ptolemy/domains/sdf/test/auto/relationGroup14.xml
3 ms. Memory: 315392K Free: 239635K (76%)
----------------- Invoking toplevel() on ptolemy.moml.MoMLSimpleApplication@24063f70
----------------- Done invoking toplevel() on ptolemy.moml.MoMLSimpleApplication@24063f70
reloadAllAccessors: .relationGroup14

===========================================================================================
----------------- testing Mon Nov 11 07:10:35 UTC 2019 /home/travis/build/icyphy/ptII/ptolemy/domains/sdf/test/auto/relationGroup15.xml
----------------- Instantiating /home/travis/build/icyphy/ptII/ptolemy/domains/sdf/test/auto/relationGroup15.xml
1 ms. Memory: 315392K Free: 236053K (75%)
----------------- Invoking toplevel() on ptolemy.moml.MoMLSimpleApplication@2ea1f7e7
----------------- Done invoking toplevel() on ptolemy.moml.MoMLSimpleApplication@2ea1f7e7
reloadAllAccessors: .relationGroup15

===========================================================================================
----------------- testing Mon Nov 11 07:10:35 UTC 2019 /home/travis/build/icyphy/ptII/ptolemy/domains/sdf/test/auto/relationGroup2.xml
----------------- Instantiating /home/travis/build/icyphy/ptII/ptolemy/domains/sdf/test/auto/relationGroup2.xml
1 ms. Memory: 315392K Free: 232981K (74%)
----------------- Invoking toplevel() on ptolemy.moml.MoMLSimpleApplication@5ec05488
----------------- Done invoking toplevel() on ptolemy.moml.MoMLSimpleApplication@5ec05488
reloadAllAccessors: .relationGroup2

===========================================================================================
----------------- testing Mon Nov 11 07:10:35 UTC 2019 /home/travis/build/icyphy/ptII/ptolemy/domains/sdf/test/auto/relationGroup3.xml
----------------- Instantiating /home/travis/build/icyphy/ptII/ptolemy/domains/sdf/test/auto/relationGroup3.xml
1 ms. Memory: 315392K Free: 229909K (73%)
----------------- Invoking toplevel() on ptolemy.moml.MoMLSimpleApplication@5117a184
----------------- Done invoking toplevel() on ptolemy.moml.MoMLSimpleApplication@5117a184
reloadAllAccessors: .relationGroup3

===========================================================================================
----------------- testing Mon Nov 11 07:10:35 UTC 2019 /home/travis/build/icyphy/ptII/ptolemy/domains/sdf/test/auto/relationGroup4.xml
----------------- Instantiating /home/travis/build/icyphy/ptII/ptolemy/domains/sdf/test/auto/relationGroup4.xml
3 ms. Memory: 315392K Free: 225299K (71%)
----------------- Invoking toplevel() on ptolemy.moml.MoMLSimpleApplication@63ed24f
----------------- Done invoking toplevel() on ptolemy.moml.MoMLSimpleApplication@63ed24f
reloadAllAccessors: .relationGroup4

===========================================================================================
----------------- testing Mon Nov 11 07:10:35 UTC 2019 /home/travis/build/icyphy/ptII/ptolemy/domains/sdf/test/auto/relationGroup5.xml
----------------- Instantiating /home/travis/build/icyphy/ptII/ptolemy/domains/sdf/test/auto/relationGroup5.xml
2 ms. Memory: 315392K Free: 221173K (70%)
----------------- Invoking toplevel() on ptolemy.moml.MoMLSimpleApplication@77f5d49e
----------------- Done invoking toplevel() on ptolemy.moml.MoMLSimpleApplication@77f5d49e
reloadAllAccessors: .relationGroup5

===========================================================================================
----------------- testing Mon Nov 11 07:10:35 UTC 2019 /home/travis/build/icyphy/ptII/ptolemy/domains/sdf/test/auto/relationGroup6.xml
----------------- Instantiating /home/travis/build/icyphy/ptII/ptolemy/domains/sdf/test/auto/relationGroup6.xml
2 ms. Memory: 315392K Free: 216597K (69%)
----------------- Invoking toplevel() on ptolemy.moml.MoMLSimpleApplication@2e3ece5
----------------- Done invoking toplevel() on ptolemy.moml.MoMLSimpleApplication@2e3ece5
reloadAllAccessors: .relationGroup6

===========================================================================================
----------------- testing Mon Nov 11 07:10:35 UTC 2019 /home/travis/build/icyphy/ptII/ptolemy/domains/sdf/test/auto/relationGroup7.xml
----------------- Instantiating /home/travis/build/icyphy/ptII/ptolemy/domains/sdf/test/auto/relationGroup7.xml
2 ms. Memory: 315392K Free: 213525K (68%)
----------------- Invoking toplevel() on ptolemy.moml.MoMLSimpleApplication@7c50d744
----------------- Done invoking toplevel() on ptolemy.moml.MoMLSimpleApplication@7c50d744
reloadAllAccessors: .relationGroup7

===========================================================================================
----------------- testing Mon Nov 11 07:10:35 UTC 2019 /home/travis/build/icyphy/ptII/ptolemy/domains/sdf/test/auto/relationGroup8.xml
----------------- Instantiating /home/travis/build/icyphy/ptII/ptolemy/domains/sdf/test/auto/relationGroup8.xml
1 ms. Memory: 315392K Free: 210453K (67%)
----------------- Invoking toplevel() on ptolemy.moml.MoMLSimpleApplication@784ea235
----------------- Done invoking toplevel() on ptolemy.moml.MoMLSimpleApplication@784ea235
reloadAllAccessors: .relationGroup8

===========================================================================================
----------------- testing Mon Nov 11 07:10:35 UTC 2019 /home/travis/build/icyphy/ptII/ptolemy/domains/sdf/test/auto/relationGroup9.xml
----------------- Instantiating /home/travis/build/icyphy/ptII/ptolemy/domains/sdf/test/auto/relationGroup9.xml
2 ms. Memory: 315392K Free: 205843K (65%)
----------------- Invoking toplevel() on ptolemy.moml.MoMLSimpleApplication@7acb1ade
----------------- Done invoking toplevel() on ptolemy.moml.MoMLSimpleApplication@7acb1ade
reloadAllAccessors: .relationGroup9

===========================================================================================
----------------- testing Mon Nov 11 07:10:35 UTC 2019 /home/travis/build/icyphy/ptII/ptolemy/domains/sdf/test/auto/sdf_inside_de.xml
----------------- Instantiating /home/travis/build/icyphy/ptII/ptolemy/domains/sdf/test/auto/sdf_inside_de.xml
22 ms. Memory: 315392K Free: 196627K (62%)
----------------- Invoking toplevel() on ptolemy.moml.MoMLSimpleApplication@71f6251
----------------- Done invoking toplevel() on ptolemy.moml.MoMLSimpleApplication@71f6251
reloadAllAccessors: .sdf_inside_de

===========================================================================================
----------------- testing Mon Nov 11 07:10:35 UTC 2019 /home/travis/build/icyphy/ptII/ptolemy/domains/sdf/test/auto/sdf_inside_pn.xml
----------------- Instantiating /home/travis/build/icyphy/ptII/ptolemy/domains/sdf/test/auto/sdf_inside_pn.xml
41 ms. Memory: 315392K Free: 187411K (59%)
----------------- Invoking toplevel() on ptolemy.moml.MoMLSimpleApplication@6a92278
----------------- Done invoking toplevel() on ptolemy.moml.MoMLSimpleApplication@6a92278
reloadAllAccessors: .sdf_inside_pn

===========================================================================================
----------------- testing Mon Nov 11 07:10:36 UTC 2019 /home/travis/build/icyphy/ptII/ptolemy/domains/sdf/test/auto/sdf_sdf1.xml
----------------- Instantiating /home/travis/build/icyphy/ptII/ptolemy/domains/sdf/test/auto/sdf_sdf1.xml
11 ms. Memory: 315392K Free: 182277K (58%)
----------------- Invoking toplevel() on ptolemy.moml.MoMLSimpleApplication@6e61b309
----------------- Done invoking toplevel() on ptolemy.moml.MoMLSimpleApplication@6e61b309
reloadAllAccessors: .sdf_sdf1

===========================================================================================
----------------- testing Mon Nov 11 07:10:36 UTC 2019 /home/travis/build/icyphy/ptII/ptolemy/domains/sdf/test/auto/test1.xml
----------------- Instantiating /home/travis/build/icyphy/ptII/ptolemy/domains/sdf/test/auto/test1.xml
3 ms. Memory: 315392K Free: 177171K (56%)
----------------- Invoking toplevel() on ptolemy.moml.MoMLSimpleApplication@2f948b89
----------------- Done invoking toplevel() on ptolemy.moml.MoMLSimpleApplication@2f948b89
reloadAllAccessors: .test1

===========================================================================================
----------------- testing Mon Nov 11 07:10:36 UTC 2019 /home/travis/build/icyphy/ptII/ptolemy/domains/sdf/test/auto/time1.xml
----------------- Instantiating /home/travis/build/icyphy/ptII/ptolemy/domains/sdf/test/auto/time1.xml
1 ms. Memory: 315392K Free: 173589K (55%)
----------------- Invoking toplevel() on ptolemy.moml.MoMLSimpleApplication@64198cd7
----------------- Done invoking toplevel() on ptolemy.moml.MoMLSimpleApplication@64198cd7
reloadAllAccessors: .time1

===========================================================================================
----------------- testing Mon Nov 11 07:10:36 UTC 2019 /home/travis/build/icyphy/ptII/ptolemy/domains/sdf/test/auto/time2.xml
----------------- Instantiating /home/travis/build/icyphy/ptII/ptolemy/domains/sdf/test/auto/time2.xml
2 ms. Memory: 315392K Free: 170003K (54%)
----------------- Invoking toplevel() on ptolemy.moml.MoMLSimpleApplication@586e3d50
----------------- Done invoking toplevel() on ptolemy.moml.MoMLSimpleApplication@586e3d50
reloadAllAccessors: .time2

===========================================================================================
----------------- testing Mon Nov 11 07:10:36 UTC 2019 /home/travis/build/icyphy/ptII/ptolemy/domains/sdf/test/auto/time3.xml
----------------- Instantiating /home/travis/build/icyphy/ptII/ptolemy/domains/sdf/test/auto/time3.xml
6 ms. Memory: 315392K Free: 164883K (52%)
----------------- Invoking toplevel() on ptolemy.moml.MoMLSimpleApplication@71b66d54
----------------- Done invoking toplevel() on ptolemy.moml.MoMLSimpleApplication@71b66d54
reloadAllAccessors: .time3

===========================================================================================
----------------- testing Mon Nov 11 07:10:36 UTC 2019 /home/travis/build/icyphy/ptII/ptolemy/domains/sdf/test/auto/time4.xml
----------------- Instantiating /home/travis/build/icyphy/ptII/ptolemy/domains/sdf/test/auto/time4.xml
3 ms. Memory: 315392K Free: 159253K (50%)
----------------- Invoking toplevel() on ptolemy.moml.MoMLSimpleApplication@2f28c8fc
----------------- Done invoking toplevel() on ptolemy.moml.MoMLSimpleApplication@2f28c8fc
reloadAllAccessors: .time4

===========================================================================================
----------------- testing Mon Nov 11 07:10:36 UTC 2019 /home/travis/build/icyphy/ptII/ptolemy/domains/sdf/test/auto/time5.xml
----------------- Instantiating /home/travis/build/icyphy/ptII/ptolemy/domains/sdf/test/auto/time5.xml
4003 ms. Memory: 315392K Free: 155667K (49%)
----------------- Invoking toplevel() on ptolemy.moml.MoMLSimpleApplication@4b1873b0
----------------- Done invoking toplevel() on ptolemy.moml.MoMLSimpleApplication@4b1873b0
reloadAllAccessors: .time5

===========================================================================================
----------------- testing Mon Nov 11 07:10:40 UTC 2019 /home/travis/build/icyphy/ptII/ptolemy/domains/sdf/test/auto/typeSystem_Const_Integer_smallest_Type.xml
----------------- Instantiating /home/travis/build/icyphy/ptII/ptolemy/domains/sdf/test/auto/typeSystem_Const_Integer_smallest_Type.xml
4 ms. Memory: 315392K Free: 151061K (48%)
----------------- Invoking toplevel() on ptolemy.moml.MoMLSimpleApplication@153f94c
----------------- Done invoking toplevel() on ptolemy.moml.MoMLSimpleApplication@153f94c
reloadAllAccessors: .typeSystem_Const_Integer_smallest_Type

===========================================================================================
----------------- testing Mon Nov 11 07:10:40 UTC 2019 /home/travis/build/icyphy/ptII/ptolemy/domains/sdf/test/auto/typeSystem_declared_Inports_OutportTypeException.xml
----------------- Instantiating /home/travis/build/icyphy/ptII/ptolemy/domains/sdf/test/auto/typeSystem_declared_Inports_OutportTypeException.xml
.typeSystem_declared_Inports_OutportTypeException.TestExceptionAttribute: initialize() was not invoked, but wrapup() was.  This is unusual, but not always a problem.  For example, exporting JNLP will do this.
6 ms. Memory: 315392K Free: 146965K (47%)
----------------- Invoking toplevel() on ptolemy.moml.MoMLSimpleApplication@2e8f8815
----------------- Done invoking toplevel() on ptolemy.moml.MoMLSimpleApplication@2e8f8815
reloadAllAccessors: .typeSystem_declared_Inports_OutportTypeException

===========================================================================================
----------------- testing Mon Nov 11 07:10:40 UTC 2019 /home/travis/build/icyphy/ptII/ptolemy/domains/sdf/test/auto/typeSystem_oneDeclaredInportType_wrongTypeOutport.xml
----------------- Instantiating /home/travis/build/icyphy/ptII/ptolemy/domains/sdf/test/auto/typeSystem_oneDeclaredInportType_wrongTypeOutport.xml
8 ms. Memory: 315392K Free: 142869K (45%)
----------------- Invoking toplevel() on ptolemy.moml.MoMLSimpleApplication@29368775
----------------- Done invoking toplevel() on ptolemy.moml.MoMLSimpleApplication@29368775
reloadAllAccessors: .typeSystem_oneDeclaredInportType_wrongTypeOutport

===========================================================================================
----------------- testing Mon Nov 11 07:10:40 UTC 2019 /home/travis/build/icyphy/ptII/ptolemy/domains/sdf/test/auto/width.xml
----------------- Instantiating /home/travis/build/icyphy/ptII/ptolemy/domains/sdf/test/auto/width.xml
2 ms. Memory: 315392K Free: 139283K (44%)
----------------- Invoking toplevel() on ptolemy.moml.MoMLSimpleApplication@69eb6a44
----------------- Done invoking toplevel() on ptolemy.moml.MoMLSimpleApplication@69eb6a44
reloadAllAccessors: .width

===========================================================================================
----------------- testing Mon Nov 11 07:10:40 UTC 2019 /home/travis/build/icyphy/ptII/ptolemy/domains/sdf/test/auto/width2.xml
----------------- Instantiating /home/travis/build/icyphy/ptII/ptolemy/domains/sdf/test/auto/width2.xml
34 ms. Memory: 315392K Free: 134163K (43%)
----------------- Invoking toplevel() on ptolemy.moml.MoMLSimpleApplication@7b6402c4
----------------- Done invoking toplevel() on ptolemy.moml.MoMLSimpleApplication@7b6402c4
reloadAllAccessors: .width2

===========================================================================================
----------------- testing Mon Nov 11 07:10:40 UTC 2019 /home/travis/build/icyphy/ptII/ptolemy/domains/sdf/test/auto/width3.xml
----------------- Instantiating /home/travis/build/icyphy/ptII/ptolemy/domains/sdf/test/auto/width3.xml
35 ms. Memory: 315392K Free: 129043K (41%)
----------------- Invoking toplevel() on ptolemy.moml.MoMLSimpleApplication@49d941c2
----------------- Done invoking toplevel() on ptolemy.moml.MoMLSimpleApplication@49d941c2
reloadAllAccessors: .width3
AutoTests.java: About to close Vertx.
AutoTests.java: Vertx closed.
]]></system-out>
  <system-err><![CDATA[java.lang.RuntimeException: Execution failed
	at ptolemy.moml.MoMLSimpleApplication$UnloadThread.run(MoMLSimpleApplication.java:402)
Caused by: ptolemy.actor.sched.NotSchedulableException: No solution exists for the balance equations.
Graph is not consistent under the SDF domain detected on external port .rateConsistency.actor.port2
  in .rateConsistency.SDF Director.Scheduler
	at ptolemy.domains.sdf.kernel.SDFScheduler._propagatePort(SDFScheduler.java:1425)
	at ptolemy.domains.sdf.kernel.SDFScheduler._solveBalanceEquations(SDFScheduler.java:710)
	at ptolemy.domains.sdf.kernel.SDFScheduler._getSchedule(SDFScheduler.java:566)
	at ptolemy.actor.sched.Scheduler.getSchedule(Scheduler.java:189)
	at ptolemy.domains.sdf.kernel.SDFDirector.createSchedule(SDFDirector.java:408)
	at ptolemy.domains.sdf.kernel.SDFDirector.preinitialize(SDFDirector.java:764)
	at ptolemy.actor.CompositeActor.preinitialize(CompositeActor.java:1828)
	at ptolemy.actor.Manager.preinitializeAndResolveTypes(Manager.java:1040)
	at ptolemy.actor.Manager.initialize(Manager.java:710)
	at ptolemy.actor.Manager.execute(Manager.java:356)
	at ptolemy.actor.Manager.run(Manager.java:1263)
	at ptolemy.actor.Manager$PtolemyRunThread.run(Manager.java:1933)
java.lang.RuntimeException: Execution failed
	at ptolemy.moml.MoMLSimpleApplication$UnloadThread.run(MoMLSimpleApplication.java:402)
Caused by: ptolemy.kernel.util.IllegalActionException: Failed to compute schedule:
  in .badRateChanges.typed composite actor.SDF Director
Because:
The SDF rate parameter may change. This is not allowed in SDF models that will be run through the code generator.  If you don't care about code generation, then you might consider setting the allowRateChanges parameter of the SDF director to false.
  in .badRateChanges.typed composite actor.Repeat.output.tokenProductionRate
	at ptolemy.domains.sdf.kernel.SDFDirector.createSchedule(SDFDirector.java:418)
	at ptolemy.domains.sdf.kernel.SDFDirector.preinitialize(SDFDirector.java:764)
	at ptolemy.actor.CompositeActor.preinitialize(CompositeActor.java:1828)
	at ptolemy.actor.Director.preinitialize(Director.java:1302)
	at ptolemy.actor.Director.preinitialize(Director.java:1257)
	at ptolemy.domains.sdf.kernel.SDFDirector.preinitialize(SDFDirector.java:763)
	at ptolemy.actor.CompositeActor.preinitialize(CompositeActor.java:1828)
	at ptolemy.actor.Manager.preinitializeAndResolveTypes(Manager.java:1040)
	at ptolemy.actor.Manager.initialize(Manager.java:710)
	at ptolemy.actor.Manager.execute(Manager.java:356)
	at ptolemy.actor.Manager.run(Manager.java:1263)
	at ptolemy.actor.Manager$PtolemyRunThread.run(Manager.java:1933)
Caused by: ptolemy.kernel.util.IllegalActionException: The SDF rate parameter may change. This is not allowed in SDF models that will be run through the code generator.  If you don't care about code generation, then you might consider setting the allowRateChanges parameter of the SDF director to false.
  in .badRateChanges.typed composite actor.Repeat.output.tokenProductionRate
	at ptolemy.domains.sdf.kernel.SDFScheduler._assertDynamicRateVariable(SDFScheduler.java:931)
	at ptolemy.domains.sdf.kernel.SDFScheduler._checkDynamicRateVariables(SDFScheduler.java:339)
	at ptolemy.domains.sdf.kernel.SDFScheduler._getSchedule(SDFScheduler.java:527)
	at ptolemy.actor.sched.Scheduler.getSchedule(Scheduler.java:189)
	at ptolemy.domains.sdf.kernel.SDFDirector.createSchedule(SDFDirector.java:408)
	... 11 more
java.lang.RuntimeException: Execution failed
	at ptolemy.moml.MoMLSimpleApplication$UnloadThread.run(MoMLSimpleApplication.java:402)
Caused by: ptolemy.kernel.util.IllegalActionException: Failed to compute schedule:
  in .badRateChanges2.typed composite actor.SDF Director
Because:
The SDF rate parameter may change. This is not allowed in SDF models that will be run through the code generator.  If you don't care about code generation, then you might consider setting the allowRateChanges parameter of the SDF director to false.
  in .badRateChanges2.typed composite actor.Repeat.output.tokenProductionRate
	at ptolemy.domains.sdf.kernel.SDFDirector.createSchedule(SDFDirector.java:418)
	at ptolemy.domains.sdf.kernel.SDFDirector.preinitialize(SDFDirector.java:764)
	at ptolemy.actor.CompositeActor.preinitialize(CompositeActor.java:1828)
	at ptolemy.actor.Director.preinitialize(Director.java:1302)
	at ptolemy.actor.Director.preinitialize(Director.java:1257)
	at ptolemy.domains.sdf.kernel.SDFDirector.preinitialize(SDFDirector.java:763)
	at ptolemy.actor.CompositeActor.preinitialize(CompositeActor.java:1828)
	at ptolemy.actor.Manager.preinitializeAndResolveTypes(Manager.java:1040)
	at ptolemy.actor.Manager.initialize(Manager.java:710)
	at ptolemy.actor.Manager.execute(Manager.java:356)
	at ptolemy.actor.Manager.run(Manager.java:1263)
	at ptolemy.actor.Manager$PtolemyRunThread.run(Manager.java:1933)
Caused by: ptolemy.kernel.util.IllegalActionException: The SDF rate parameter may change. This is not allowed in SDF models that will be run through the code generator.  If you don't care about code generation, then you might consider setting the allowRateChanges parameter of the SDF director to false.
  in .badRateChanges2.typed composite actor.Repeat.output.tokenProductionRate
	at ptolemy.domains.sdf.kernel.SDFScheduler._assertDynamicRateVariable(SDFScheduler.java:931)
	at ptolemy.domains.sdf.kernel.SDFScheduler._checkDynamicRateVariables(SDFScheduler.java:339)
	at ptolemy.domains.sdf.kernel.SDFScheduler._getSchedule(SDFScheduler.java:527)
	at ptolemy.actor.sched.Scheduler.getSchedule(Scheduler.java:189)
	at ptolemy.domains.sdf.kernel.SDFDirector.createSchedule(SDFDirector.java:408)
	... 11 more
java.lang.RuntimeException: Execution failed
	at ptolemy.moml.MoMLSimpleApplication$UnloadThread.run(MoMLSimpleApplication.java:402)
Caused by: ptolemy.actor.sched.NotSchedulableException: Actors remain that cannot be scheduled!

There are several possible reasons:
* SDF Graphs with feedback loops should have an actor with a delay in the loop, such as a SampleDelay.
* The SDF director has an "allowDisconnectedGraphs"parameter, which, when true, permits disconnected SDF graphs.
* The token consumption rate and production rates might be mismatched.
Usually, actors produce one token or consume one token on a port.  To produce or consume multiple tokens per firing, add a "tokenConsumptionRate" or "tokenProductionRate" parameter to the appropriate port.
Unscheduled actors:
.partiallyConnected.Const2 
Scheduled actors:
.partiallyConnected.Const 
  in .partiallyConnected.SDF Director.Scheduler
	at ptolemy.domains.sdf.kernel.SDFScheduler._scheduleConnectedActors(SDFScheduler.java:1828)
	at ptolemy.domains.sdf.kernel.SDFScheduler._getSchedule(SDFScheduler.java:587)
	at ptolemy.actor.sched.Scheduler.getSchedule(Scheduler.java:189)
	at ptolemy.domains.sdf.kernel.SDFDirector.createSchedule(SDFDirector.java:408)
	at ptolemy.domains.sdf.kernel.SDFDirector.preinitialize(SDFDirector.java:764)
	at ptolemy.actor.CompositeActor.preinitialize(CompositeActor.java:1828)
	at ptolemy.actor.Manager.preinitializeAndResolveTypes(Manager.java:1040)
	at ptolemy.actor.Manager.initialize(Manager.java:710)
	at ptolemy.actor.Manager.execute(Manager.java:356)
	at ptolemy.actor.Manager.run(Manager.java:1263)
	at ptolemy.actor.Manager$PtolemyRunThread.run(Manager.java:1933)
]]></system-err>
</testsuite>
