<?xml version="1.0" encoding="UTF-8" ?>
<testsuite errors="0" failures="0" hostname="travis-job-7f4a1dcc-a4b5-48f6-9ba4-6098267aa8a6" name="ptolemy.domains.de.test.junit.JUnitTclTest" skipped="0" tests="101" time="137.73" timestamp="2019-08-28T05:29:13">
  <properties>
[...]
</properties>
  <testcase classname="ptolemy.util.test.junit.TclTests" name="[0] /home/travis/build/icyphy/ptII/ptolemy/domains/de/test/DependencyLoop.tcl (RunTclFile)" time="1.047" />
  <testcase classname="ptolemy.util.test.junit.TclTests" name="[1] /home/travis/build/icyphy/ptII/ptolemy/domains/de/test/RunDETestsAsQSS.tcl (RunTclFile)" time="94.507" />
  <testcase classname="ptolemy.util.test.junit.AutoKnownFailedTests" name="[0] /home/travis/build/icyphy/ptII/ptolemy/domains/de/test/auto/knownFailedTests/DESDFClockTest.xml (RunModel)" time="2.049" />
  <testcase classname="ptolemy.util.test.junit.AutoKnownFailedTests" name="[1] /home/travis/build/icyphy/ptII/ptolemy/domains/de/test/auto/knownFailedTests/DirectFeedback.xml (RunModel)" time="0.02" />
  <testcase classname="ptolemy.util.test.junit.AutoKnownFailedTests" name="[2] /home/travis/build/icyphy/ptII/ptolemy/domains/de/test/auto/knownFailedTests/FSMSource.xml (RunModel)" time="0.035" />
  <testcase classname="ptolemy.util.test.junit.AutoKnownFailedTests" name="[3] /home/travis/build/icyphy/ptII/ptolemy/domains/de/test/auto/knownFailedTests/HierarchicalModel.xml (RunModel)" time="0.065" />
  <testcase classname="ptolemy.util.test.junit.AutoKnownFailedTests" name="[4] /home/travis/build/icyphy/ptII/ptolemy/domains/de/test/auto/knownFailedTests/dependencyLoop.xml (RunModel)" time="0.05" />
  <testcase classname="ptolemy.util.test.junit.AutoKnownFailedTests" name="[5] /home/travis/build/icyphy/ptII/ptolemy/domains/de/test/auto/knownFailedTests/dependencyLoop2.xml (RunModel)" time="0.06" />
  <testcase classname="ptolemy.util.test.junit.AutoNameArchTests" name="[0] ThereAreNoAutoArchTests (RunModel)" time="0.002" />
  <testcase classname="ptolemy.util.test.junit.AutoTests" name="[0] /home/travis/build/icyphy/ptII/ptolemy/domains/de/test/auto/ActorDepthCalculation_actorWithoutPorts.xml (RunModel)" time="0.02" />
  <testcase classname="ptolemy.util.test.junit.AutoTests" name="[1] /home/travis/build/icyphy/ptII/ptolemy/domains/de/test/auto/AssemblyLine.xml (RunModel)" time="0.031" />
  <testcase classname="ptolemy.util.test.junit.AutoTests" name="[2] /home/travis/build/icyphy/ptII/ptolemy/domains/de/test/auto/CQBug1.xml (RunModel)" time="0.014" />
  <testcase classname="ptolemy.util.test.junit.AutoTests" name="[3] /home/travis/build/icyphy/ptII/ptolemy/domains/de/test/auto/CancelFireAt.xml (RunModel)" time="0.015" />
  <testcase classname="ptolemy.util.test.junit.AutoTests" name="[4] /home/travis/build/icyphy/ptII/ptolemy/domains/de/test/auto/CausalityAndComposabilityAnalysis.xml (RunModel)" time="0.037" />
  <testcase classname="ptolemy.util.test.junit.AutoTests" name="[5] /home/travis/build/icyphy/ptII/ptolemy/domains/de/test/auto/CausalityInterface1.xml (RunModel)" time="0.027" />
  <testcase classname="ptolemy.util.test.junit.AutoTests" name="[6] /home/travis/build/icyphy/ptII/ptolemy/domains/de/test/auto/CausalityInterface15.xml (RunModel)" time="0.015" />
  <testcase classname="ptolemy.util.test.junit.AutoTests" name="[7] /home/travis/build/icyphy/ptII/ptolemy/domains/de/test/auto/CausalityInterface2.xml (RunModel)" time="0.018" />
  <testcase classname="ptolemy.util.test.junit.AutoTests" name="[8] /home/travis/build/icyphy/ptII/ptolemy/domains/de/test/auto/CausalityInterface3.xml (RunModel)" time="0.019" />
  <testcase classname="ptolemy.util.test.junit.AutoTests" name="[9] /home/travis/build/icyphy/ptII/ptolemy/domains/de/test/auto/ClockDrift.xml (RunModel)" time="0.042" />
  <testcase classname="ptolemy.util.test.junit.AutoTests" name="[10] /home/travis/build/icyphy/ptII/ptolemy/domains/de/test/auto/ClockDriftAndValueChange.xml (RunModel)" time="0.043" />
  <testcase classname="ptolemy.util.test.junit.AutoTests" name="[11] /home/travis/build/icyphy/ptII/ptolemy/domains/de/test/auto/ClockDriftChange.xml (RunModel)" time="0.039" />
  <testcase classname="ptolemy.util.test.junit.AutoTests" name="[12] /home/travis/build/icyphy/ptII/ptolemy/domains/de/test/auto/ComposableCausalityAnalysis.xml (RunModel)" time="0.017" />
  <testcase classname="ptolemy.util.test.junit.AutoTests" name="[13] /home/travis/build/icyphy/ptII/ptolemy/domains/de/test/auto/DEFixedPointLimitation.xml (RunModel)" time="0.012" />
  <testcase classname="ptolemy.util.test.junit.AutoTests" name="[14] /home/travis/build/icyphy/ptII/ptolemy/domains/de/test/auto/DEScheduleTest.xml (RunModel)" time="0.018" />
  <testcase classname="ptolemy.util.test.junit.AutoTests" name="[15] /home/travis/build/icyphy/ptII/ptolemy/domains/de/test/auto/DEinDEwithStartTimes.xml (RunModel)" time="0.022" />
  <testcase classname="ptolemy.util.test.junit.AutoTests" name="[16] /home/travis/build/icyphy/ptII/ptolemy/domains/de/test/auto/DEinDEwithStartTimes2.xml (RunModel)" time="0.023" />
  <testcase classname="ptolemy.util.test.junit.AutoTests" name="[17] /home/travis/build/icyphy/ptII/ptolemy/domains/de/test/auto/DateDemo.xml (RunModel)" time="0.036" />
  <testcase classname="ptolemy.util.test.junit.AutoTests" name="[18] /home/travis/build/icyphy/ptII/ptolemy/domains/de/test/auto/DateToEvent.xml (RunModel)" time="2.053" />
  <testcase classname="ptolemy.util.test.junit.AutoTests" name="[19] /home/travis/build/icyphy/ptII/ptolemy/domains/de/test/auto/DepthTest1.xml (RunModel)" time="0.011" />
  <testcase classname="ptolemy.util.test.junit.AutoTests" name="[20] /home/travis/build/icyphy/ptII/ptolemy/domains/de/test/auto/DepthTest2.xml (RunModel)" time="0.024" />
  <testcase classname="ptolemy.util.test.junit.AutoTests" name="[21] /home/travis/build/icyphy/ptII/ptolemy/domains/de/test/auto/DepthTest3.xml (RunModel)" time="0.011" />
  <testcase classname="ptolemy.util.test.junit.AutoTests" name="[22] /home/travis/build/icyphy/ptII/ptolemy/domains/de/test/auto/DepthTest4.xml (RunModel)" time="0.026" />
  <testcase classname="ptolemy.util.test.junit.AutoTests" name="[23] /home/travis/build/icyphy/ptII/ptolemy/domains/de/test/auto/DepthTest5.xml (RunModel)" time="0.013" />
  <testcase classname="ptolemy.util.test.junit.AutoTests" name="[24] /home/travis/build/icyphy/ptII/ptolemy/domains/de/test/auto/DepthTest6.xml (RunModel)" time="0.017" />
  <testcase classname="ptolemy.util.test.junit.AutoTests" name="[25] /home/travis/build/icyphy/ptII/ptolemy/domains/de/test/auto/DepthTest7.xml (RunModel)" time="0.011" />
  <testcase classname="ptolemy.util.test.junit.AutoTests" name="[26] /home/travis/build/icyphy/ptII/ptolemy/domains/de/test/auto/EventToDate.xml (RunModel)" time="3.035" />
  <testcase classname="ptolemy.util.test.junit.AutoTests" name="[27] /home/travis/build/icyphy/ptII/ptolemy/domains/de/test/auto/FSM1.xml (RunModel)" time="0.055" />
  <testcase classname="ptolemy.util.test.junit.AutoTests" name="[28] /home/travis/build/icyphy/ptII/ptolemy/domains/de/test/auto/FSM7.xml (RunModel)" time="0.047" />
  <testcase classname="ptolemy.util.test.junit.AutoTests" name="[29] /home/travis/build/icyphy/ptII/ptolemy/domains/de/test/auto/Inspection.xml (RunModel)" time="0.046" />
  <testcase classname="ptolemy.util.test.junit.AutoTests" name="[30] /home/travis/build/icyphy/ptII/ptolemy/domains/de/test/auto/Iteration.xml (RunModel)" time="0.025" />
  <testcase classname="ptolemy.util.test.junit.AutoTests" name="[31] /home/travis/build/icyphy/ptII/ptolemy/domains/de/test/auto/LineFault.xml (RunModel)" time="0.625" />
  <testcase classname="ptolemy.util.test.junit.AutoTests" name="[32] /home/travis/build/icyphy/ptII/ptolemy/domains/de/test/auto/MergeModel1Add.xml (RunModel)" time="0.055" />
  <testcase classname="ptolemy.util.test.junit.AutoTests" name="[33] /home/travis/build/icyphy/ptII/ptolemy/domains/de/test/auto/MergeModel2Add.xml (RunModel)" time="0.045" />
  <testcase classname="ptolemy.util.test.junit.AutoTests" name="[34] /home/travis/build/icyphy/ptII/ptolemy/domains/de/test/auto/MergeModel3Add.xml (RunModel)" time="0.044" />
  <testcase classname="ptolemy.util.test.junit.AutoTests" name="[35] /home/travis/build/icyphy/ptII/ptolemy/domains/de/test/auto/MergeWithoutDiscard.xml (RunModel)" time="0.023" />
  <testcase classname="ptolemy.util.test.junit.AutoTests" name="[36] /home/travis/build/icyphy/ptII/ptolemy/domains/de/test/auto/Modal1.xml (RunModel)" time="0.031" />
  <testcase classname="ptolemy.util.test.junit.AutoTests" name="[37] /home/travis/build/icyphy/ptII/ptolemy/domains/de/test/auto/Modal2.xml (RunModel)" time="0.035" />
  <testcase classname="ptolemy.util.test.junit.AutoTests" name="[38] /home/travis/build/icyphy/ptII/ptolemy/domains/de/test/auto/Modal3.xml (RunModel)" time="0.034" />
  <testcase classname="ptolemy.util.test.junit.AutoTests" name="[39] /home/travis/build/icyphy/ptII/ptolemy/domains/de/test/auto/Modal4.xml (RunModel)" time="0.036" />
  <testcase classname="ptolemy.util.test.junit.AutoTests" name="[40] /home/travis/build/icyphy/ptII/ptolemy/domains/de/test/auto/Modal5.xml (RunModel)" time="0.033" />
  <testcase classname="ptolemy.util.test.junit.AutoTests" name="[41] /home/travis/build/icyphy/ptII/ptolemy/domains/de/test/auto/Modal6.xml (RunModel)" time="0.033" />
  <testcase classname="ptolemy.util.test.junit.AutoTests" name="[42] /home/travis/build/icyphy/ptII/ptolemy/domains/de/test/auto/Modal7.xml (RunModel)" time="0.038" />
  <testcase classname="ptolemy.util.test.junit.AutoTests" name="[43] /home/travis/build/icyphy/ptII/ptolemy/domains/de/test/auto/ModalModel.xml (RunModel)" time="0.184" />
  <testcase classname="ptolemy.util.test.junit.AutoTests" name="[44] /home/travis/build/icyphy/ptII/ptolemy/domains/de/test/auto/ModalSource.xml (RunModel)" time="0.018" />
  <testcase classname="ptolemy.util.test.junit.AutoTests" name="[45] /home/travis/build/icyphy/ptII/ptolemy/domains/de/test/auto/NonInterruptibleTimerZeroDelay.xml (RunModel)" time="0.01" />
  <testcase classname="ptolemy.util.test.junit.AutoTests" name="[46] /home/travis/build/icyphy/ptII/ptolemy/domains/de/test/auto/OpenQueueingNetwork.xml (RunModel)" time="2.233" />
  <testcase classname="ptolemy.util.test.junit.AutoTests" name="[47] /home/travis/build/icyphy/ptII/ptolemy/domains/de/test/auto/OpenQueuingNetwork.xml (RunModel)" time="0.274" />
  <testcase classname="ptolemy.util.test.junit.AutoTests" name="[48] /home/travis/build/icyphy/ptII/ptolemy/domains/de/test/auto/PeriodicSampler.xml (RunModel)" time="0.017" />
  <testcase classname="ptolemy.util.test.junit.AutoTests" name="[49] /home/travis/build/icyphy/ptII/ptolemy/domains/de/test/auto/PersistentIO.xml (RunModel)" time="0.024" />
  <testcase classname="ptolemy.util.test.junit.AutoTests" name="[50] /home/travis/build/icyphy/ptII/ptolemy/domains/de/test/auto/PortParameterResetOnInitialize.xml (RunModel)" time="0.012" />
  <testcase classname="ptolemy.util.test.junit.AutoTests" name="[51] /home/travis/build/icyphy/ptII/ptolemy/domains/de/test/auto/PortParameterUpdates.xml (RunModel)" time="0.015" />
  <testcase classname="ptolemy.util.test.junit.AutoTests" name="[52] /home/travis/build/icyphy/ptII/ptolemy/domains/de/test/auto/QueueAndServer.xml (RunModel)" time="0.024" />
  <testcase classname="ptolemy.util.test.junit.AutoTests" name="[53] /home/travis/build/icyphy/ptII/ptolemy/domains/de/test/auto/Records.xml (RunModel)" time="0.015" />
  <testcase classname="ptolemy.util.test.junit.AutoTests" name="[54] /home/travis/build/icyphy/ptII/ptolemy/domains/de/test/auto/ResetTransitionWithStartTime1.xml (RunModel)" time="0.018" />
  <testcase classname="ptolemy.util.test.junit.AutoTests" name="[55] /home/travis/build/icyphy/ptII/ptolemy/domains/de/test/auto/ResetTransitionWithStartTime2.xml (RunModel)" time="0.024" />
  <testcase classname="ptolemy.util.test.junit.AutoTests" name="[56] /home/travis/build/icyphy/ptII/ptolemy/domains/de/test/auto/ResetTransitionWithStartTime3.xml (RunModel)" time="0.019" />
  <testcase classname="ptolemy.util.test.junit.AutoTests" name="[57] /home/travis/build/icyphy/ptII/ptolemy/domains/de/test/auto/ResetTransitionWithStartTime4.xml (RunModel)" time="0.023" />
  <testcase classname="ptolemy.util.test.junit.AutoTests" name="[58] /home/travis/build/icyphy/ptII/ptolemy/domains/de/test/auto/ResettableTimer1.xml (RunModel)" time="0.01" />
  <testcase classname="ptolemy.util.test.junit.AutoTests" name="[59] /home/travis/build/icyphy/ptII/ptolemy/domains/de/test/auto/ResettableTimer2.xml (RunModel)" time="0.015" />
  <testcase classname="ptolemy.util.test.junit.AutoTests" name="[60] /home/travis/build/icyphy/ptII/ptolemy/domains/de/test/auto/ResettableTimer3.xml (RunModel)" time="0.01" />
  <testcase classname="ptolemy.util.test.junit.AutoTests" name="[61] /home/travis/build/icyphy/ptII/ptolemy/domains/de/test/auto/ResettableTimer4.xml (RunModel)" time="0.011" />
  <testcase classname="ptolemy.util.test.junit.AutoTests" name="[62] /home/travis/build/icyphy/ptII/ptolemy/domains/de/test/auto/ResettableTimer5.xml (RunModel)" time="0.009" />
  <testcase classname="ptolemy.util.test.junit.AutoTests" name="[63] /home/travis/build/icyphy/ptII/ptolemy/domains/de/test/auto/ResettableTimer6.xml (RunModel)" time="0.018" />
  <testcase classname="ptolemy.util.test.junit.AutoTests" name="[64] /home/travis/build/icyphy/ptII/ptolemy/domains/de/test/auto/ServerZeroDelay.xml (RunModel)" time="0.01" />
  <testcase classname="ptolemy.util.test.junit.AutoTests" name="[65] /home/travis/build/icyphy/ptII/ptolemy/domains/de/test/auto/SmartSender.xml (RunModel)" time="3.007" />
  <testcase classname="ptolemy.util.test.junit.AutoTests" name="[66] /home/travis/build/icyphy/ptII/ptolemy/domains/de/test/auto/ThreadedComposite.xml (RunModel)" time="0.321" />
  <testcase classname="ptolemy.util.test.junit.AutoTests" name="[67] /home/travis/build/icyphy/ptII/ptolemy/domains/de/test/auto/Time.xml (RunModel)" time="0.399" />
  <testcase classname="ptolemy.util.test.junit.AutoTests" name="[68] /home/travis/build/icyphy/ptII/ptolemy/domains/de/test/auto/TimeDelayZeroDelay.xml (RunModel)" time="0.014" />
  <testcase classname="ptolemy.util.test.junit.AutoTests" name="[69] /home/travis/build/icyphy/ptII/ptolemy/domains/de/test/auto/TimerZeroDelay.xml (RunModel)" time="0.035" />
  <testcase classname="ptolemy.util.test.junit.AutoTests" name="[70] /home/travis/build/icyphy/ptII/ptolemy/domains/de/test/auto/TimingParadox.xml (RunModel)" time="0.354" />
  <testcase classname="ptolemy.util.test.junit.AutoTests" name="[71] /home/travis/build/icyphy/ptII/ptolemy/domains/de/test/auto/TransferInputs.xml (RunModel)" time="0.01" />
  <testcase classname="ptolemy.util.test.junit.AutoTests" name="[72] /home/travis/build/icyphy/ptII/ptolemy/domains/de/test/auto/TransferOutputs2.xml (RunModel)" time="0.015" />
  <testcase classname="ptolemy.util.test.junit.AutoTests" name="[73] /home/travis/build/icyphy/ptII/ptolemy/domains/de/test/auto/Trilateration.xml (RunModel)" time="13.267" />
  <testcase classname="ptolemy.util.test.junit.AutoTests" name="[74] /home/travis/build/icyphy/ptII/ptolemy/domains/de/test/auto/TwoSigmaDelta.xml (RunModel)" time="1.93" />
  <testcase classname="ptolemy.util.test.junit.AutoTests" name="[75] /home/travis/build/icyphy/ptII/ptolemy/domains/de/test/auto/VariableDelay.xml (RunModel)" time="0.013" />
  <testcase classname="ptolemy.util.test.junit.AutoTests" name="[76] /home/travis/build/icyphy/ptII/ptolemy/domains/de/test/auto/VariableDelay2.xml (RunModel)" time="0.013" />
  <testcase classname="ptolemy.util.test.junit.AutoTests" name="[77] /home/travis/build/icyphy/ptII/ptolemy/domains/de/test/auto/VariableDelayZeroDelay.xml (RunModel)" time="0.014" />
  <testcase classname="ptolemy.util.test.junit.AutoTests" name="[78] /home/travis/build/icyphy/ptII/ptolemy/domains/de/test/auto/VariableDelayZeroDelay2.xml (RunModel)" time="0.009" />
  <testcase classname="ptolemy.util.test.junit.AutoTests" name="[79] /home/travis/build/icyphy/ptII/ptolemy/domains/de/test/auto/deInCt.xml (RunModel)" time="0.012" />
  <testcase classname="ptolemy.util.test.junit.AutoTests" name="[80] /home/travis/build/icyphy/ptII/ptolemy/domains/de/test/auto/deInCt2.xml (RunModel)" time="0.015" />
  <testcase classname="ptolemy.util.test.junit.AutoTests" name="[81] /home/travis/build/icyphy/ptII/ptolemy/domains/de/test/auto/dynamicCausalityInterface1.xml (RunModel)" time="0.017" />
  <testcase classname="ptolemy.util.test.junit.AutoTests" name="[82] /home/travis/build/icyphy/ptII/ptolemy/domains/de/test/auto/fsm_de_test.xml (RunModel)" time="0.025" />
  <testcase classname="ptolemy.util.test.junit.AutoTests" name="[83] /home/travis/build/icyphy/ptII/ptolemy/domains/de/test/auto/functionDependencyReconstruction.xml (RunModel)" time="0.039" />
  <testcase classname="ptolemy.util.test.junit.AutoTests" name="[84] /home/travis/build/icyphy/ptII/ptolemy/domains/de/test/auto/multirate.xml (RunModel)" time="0.03" />
  <testcase classname="ptolemy.util.test.junit.AutoTests" name="[85] /home/travis/build/icyphy/ptII/ptolemy/domains/de/test/auto/multirate2.xml (RunModel)" time="0.024" />
  <testcase classname="ptolemy.util.test.junit.AutoTests" name="[86] /home/travis/build/icyphy/ptII/ptolemy/domains/de/test/auto/realtime.xml (RunModel)" time="10.016" />
  <testcase classname="ptolemy.util.test.junit.AutoTests" name="[87] /home/travis/build/icyphy/ptII/ptolemy/domains/de/test/auto/relationGroup.xml (RunModel)" time="0.01" />
  <testcase classname="ptolemy.util.test.junit.AutoTests" name="[88] /home/travis/build/icyphy/ptII/ptolemy/domains/de/test/auto/relationGroup2.xml (RunModel)" time="0.008" />
  <testcase classname="ptolemy.util.test.junit.AutoTests" name="[89] /home/travis/build/icyphy/ptII/ptolemy/domains/de/test/auto/sortWithOpaquePorts.xml (RunModel)" time="0.014" />
  <testcase classname="ptolemy.util.test.junit.AutoTests" name="[90] /home/travis/build/icyphy/ptII/ptolemy/domains/de/test/auto/transferInputsandOutputs.xml (RunModel)" time="0.015" />
  <testcase classname="ptolemy.util.test.junit.AutoTests" name="[91] /home/travis/build/icyphy/ptII/ptolemy/domains/de/test/auto/triggerType.xml (RunModel)" time="0.008" />
  <system-out><![CDATA[/home/travis/build/icyphy/ptII/ptolemy/domains/de/test/DependencyLoop.tcl
testDefs.tcl: setting time out to 9000 seconds at Wed Aug 28 05:29:14 UTC 2019
87 ms. Memory: 120832K Free: 72134K (60%)
23 ms. Memory: 120832K Free: 54711K (45%)
/home/travis/build/icyphy/ptII/ptolemy/domains/de/test/RunDETestsAsQSS.tcl
Run the DE tests using ptolemy.domains.qss.test.QSSDirectorTest, which extends QSSDirector and prints a message in the constructors.
------------------ testing $PTII/ptolemy/domains/de/test/auto/knownFailedTests/DirectFeedback.xml (Known Failure) 
31 ms. Memory: 120832K Free: 48582K (40%)


==== $PTIIhome/travis/build/icyphy/ptII/ptolemy/domains/de/test/../../../../: Auto Automatic test in file $PTII/ptolemy/domains/de/test/auto/knownFailedTests/DirectFeedback.xml
==== Contents of test case:

	    # FIXME: we should use $relativeFilename here, but it
	    # might have backslashes under Windows, which causes no end
	    # of trouble.
	    createAndExecute $file
	    list {}
	
.... Test generated KNOWN error:
    while executing
ptolemy.kernel.util.IllegalActionException: Test fails in iteration 1.
Value was: 1.0. Should have been: 2.0
  in .DirectFeedback.Test
	at ptolemy.actor.lib.Test.fire(Test.java:268)
	at ptolemy.domains.de.kernel.DEDirector._fire(DEDirector.java:1949)
	at ptolemy.domains.de.kernel.DEDirector.fire(DEDirector.java:502)
	at ptolemy.actor.CompositeActor.fire(CompositeActor.java:455)
	at ptolemy.actor.Manager.iterate(Manager.java:851)
	at ptolemy.actor.Manager.execute(Manager.java:369)
	at ptolemy.actor.Manager.run(Manager.java:1263)
	at ptolemy.actor.Manager$PtolemyRunThread.run(Manager.java:1933)

    while executing
ptolemy.kernel.util.IllegalActionException: Test fails in iteration 1.
Value was: 1.0. Should have been: 2.0
  in .DirectFeedback.Test
    while executing
"java::new ptolemy.moml.MoMLSimpleApplication $file
"
    (procedure "createAndExecute" line 2)
    invoked from within
"createAndExecute $file"
    ("uplevel" body line 5)
    invoked from within
"uplevel $contents_of_test"
------------------ testing $PTII/ptolemy/domains/de/test/auto/knownFailedTests/dependencyLoop.xml (Known Failure) 
44 ms. Memory: 120832K Free: 108098K (89%)


==== $PTIIhome/travis/build/icyphy/ptII/ptolemy/domains/de/test/../../../../: Auto Automatic test in file $PTII/ptolemy/domains/de/test/auto/knownFailedTests/dependencyLoop.xml
==== Contents of test case:

	    # FIXME: we should use $relativeFilename here, but it
	    # might have backslashes under Windows, which causes no end
	    # of trouble.
	    createAndExecute $file
	    list {}
	
.... Test generated KNOWN error:
    while executing
ptolemy.kernel.util.IllegalActionException: Found a zero delay loop containing .dependencyLoop.original
  in .dependencyLoop and .dependencyLoop.original
	at ptolemy.actor.util.CausalityInterfaceForComposites._computeOutputPortDepth(CausalityInterfaceForComposites.java:759)
	at ptolemy.actor.util.CausalityInterfaceForComposites._computeInputDepth(CausalityInterfaceForComposites.java:696)
	at ptolemy.actor.util.CausalityInterfaceForComposites._computeOutputPortDepth(CausalityInterfaceForComposites.java:765)
	at ptolemy.actor.util.CausalityInterfaceForComposites._computeInputDepth(CausalityInterfaceForComposites.java:696)
	at ptolemy.actor.util.CausalityInterfaceForComposites._computeOutputPortDepth(CausalityInterfaceForComposites.java:765)
	at ptolemy.actor.util.CausalityInterfaceForComposites._computeInputDepth(CausalityInterfaceForComposites.java:696)
	at ptolemy.actor.util.CausalityInterfaceForComposites._computeActorDepth(CausalityInterfaceForComposites.java:532)
	at ptolemy.actor.util.CausalityInterfaceForComposites.checkForCycles(CausalityInterfaceForComposites.java:96)
	at ptolemy.domains.de.kernel.DEDirector.preinitialize(DEDirector.java:1338)
	at ptolemy.actor.CompositeActor.preinitialize(CompositeActor.java:1828)
	at ptolemy.actor.Manager.preinitializeAndResolveTypes(Manager.java:1040)
	at ptolemy.actor.Manager.initialize(Manager.java:710)
	at ptolemy.actor.Manager.execute(Manager.java:356)
	at ptolemy.actor.Manager.run(Manager.java:1263)
	at ptolemy.actor.Manager$PtolemyRunThread.run(Manager.java:1933)

    while executing
ptolemy.kernel.util.IllegalActionException: Found a zero delay loop containing .dependencyLoop.original
  in .dependencyLoop and .dependencyLoop.original
    while executing
"java::new ptolemy.moml.MoMLSimpleApplication $file
"
    (procedure "createAndExecute" line 2)
    invoked from within
"createAndExecute $file"
    ("uplevel" body line 5)
    invoked from within
"uplevel $contents_of_test"
------------------ testing $PTII/ptolemy/domains/de/test/auto/knownFailedTests/FSMSource.xml (Known Failure) 
80 ms. Memory: 120832K Free: 98663K (82%)
!!!! Auto was marked as failing, but now passes
------------------ testing $PTII/ptolemy/domains/de/test/auto/knownFailedTests/HierarchicalModel.xml (Known Failure) 
6 ms. Memory: 120832K Free: 81542K (67%)


==== $PTIIhome/travis/build/icyphy/ptII/ptolemy/domains/de/test/../../../../: Auto Automatic test in file $PTII/ptolemy/domains/de/test/auto/knownFailedTests/HierarchicalModel.xml
==== Contents of test case:

	    # FIXME: we should use $relativeFilename here, but it
	    # might have backslashes under Windows, which causes no end
	    # of trouble.
	    createAndExecute $file
	    list {}
	
.... Test generated KNOWN error:
    while executing
ptolemy.kernel.util.IllegalActionException: Found a zero delay loop containing .HierarchicalModel.A
  in .HierarchicalModel and .HierarchicalModel.A
	at ptolemy.actor.util.CausalityInterfaceForComposites._computeOutputPortDepth(CausalityInterfaceForComposites.java:759)
	at ptolemy.actor.util.CausalityInterfaceForComposites._computeInputDepth(CausalityInterfaceForComposites.java:696)
	at ptolemy.actor.util.CausalityInterfaceForComposites._computeOutputPortDepth(CausalityInterfaceForComposites.java:765)
	at ptolemy.actor.util.CausalityInterfaceForComposites._computeInputDepth(CausalityInterfaceForComposites.java:696)
	at ptolemy.actor.util.CausalityInterfaceForComposites._computeOutputPortDepth(CausalityInterfaceForComposites.java:765)
	at ptolemy.actor.util.CausalityInterfaceForComposites._computeInputDepth(CausalityInterfaceForComposites.java:696)
	at ptolemy.actor.util.CausalityInterfaceForComposites._computeActorDepth(CausalityInterfaceForComposites.java:532)
	at ptolemy.actor.util.CausalityInterfaceForComposites.checkForCycles(CausalityInterfaceForComposites.java:96)
	at ptolemy.domains.de.kernel.DEDirector.preinitialize(DEDirector.java:1338)
	at ptolemy.actor.CompositeActor.preinitialize(CompositeActor.java:1828)
	at ptolemy.actor.Manager.preinitializeAndResolveTypes(Manager.java:1040)
	at ptolemy.actor.Manager.initialize(Manager.java:710)
	at ptolemy.actor.Manager.execute(Manager.java:356)
	at ptolemy.actor.Manager.run(Manager.java:1263)
	at ptolemy.actor.Manager$PtolemyRunThread.run(Manager.java:1933)

    while executing
ptolemy.kernel.util.IllegalActionException: Found a zero delay loop containing .HierarchicalModel.A
  in .HierarchicalModel and .HierarchicalModel.A
    while executing
"java::new ptolemy.moml.MoMLSimpleApplication $file
"
    (procedure "createAndExecute" line 2)
    invoked from within
"createAndExecute $file"
    ("uplevel" body line 5)
    invoked from within
"uplevel $contents_of_test"
------------------ testing $PTII/ptolemy/domains/de/test/auto/knownFailedTests/dependencyLoop2.xml (Known Failure) 
11 ms. Memory: 120832K Free: 104744K (87%)


==== $PTIIhome/travis/build/icyphy/ptII/ptolemy/domains/de/test/../../../../: Auto Automatic test in file $PTII/ptolemy/domains/de/test/auto/knownFailedTests/dependencyLoop2.xml
==== Contents of test case:

	    # FIXME: we should use $relativeFilename here, but it
	    # might have backslashes under Windows, which causes no end
	    # of trouble.
	    createAndExecute $file
	    list {}
	
.... Test generated KNOWN error:
    while executing
ptolemy.kernel.util.IllegalActionException: Found a zero delay loop containing .dependencyLoop2.original
  in .dependencyLoop2 and .dependencyLoop2.original
	at ptolemy.actor.util.CausalityInterfaceForComposites._computeOutputPortDepth(CausalityInterfaceForComposites.java:759)
	at ptolemy.actor.util.CausalityInterfaceForComposites._computeInputDepth(CausalityInterfaceForComposites.java:696)
	at ptolemy.actor.util.CausalityInterfaceForComposites._computeOutputPortDepth(CausalityInterfaceForComposites.java:765)
	at ptolemy.actor.util.CausalityInterfaceForComposites._computeInputDepth(CausalityInterfaceForComposites.java:696)
	at ptolemy.actor.util.CausalityInterfaceForComposites._computeOutputPortDepth(CausalityInterfaceForComposites.java:765)
	at ptolemy.actor.util.CausalityInterfaceForComposites._computeInputDepth(CausalityInterfaceForComposites.java:696)
	at ptolemy.actor.util.CausalityInterfaceForComposites._computeActorDepth(CausalityInterfaceForComposites.java:532)
	at ptolemy.actor.util.CausalityInterfaceForComposites.checkForCycles(CausalityInterfaceForComposites.java:96)
	at ptolemy.domains.de.kernel.DEDirector.preinitialize(DEDirector.java:1338)
	at ptolemy.actor.CompositeActor.preinitialize(CompositeActor.java:1828)
	at ptolemy.actor.Manager.preinitializeAndResolveTypes(Manager.java:1040)
	at ptolemy.actor.Manager.initialize(Manager.java:710)
	at ptolemy.actor.Manager.execute(Manager.java:356)
	at ptolemy.actor.Manager.run(Manager.java:1263)
	at ptolemy.actor.Manager$PtolemyRunThread.run(Manager.java:1933)

    while executing
ptolemy.kernel.util.IllegalActionException: Found a zero delay loop containing .dependencyLoop2.original
  in .dependencyLoop2 and .dependencyLoop2.original
    while executing
"java::new ptolemy.moml.MoMLSimpleApplication $file
"
    (procedure "createAndExecute" line 2)
    invoked from within
"createAndExecute $file"
    ("uplevel" body line 5)
    invoked from within
"uplevel $contents_of_test"
------------------ testing $PTII/ptolemy/domains/de/test/auto/knownFailedTests/DESDFClockTest.xml (Known Failure) 
2060 ms. Memory: 120832K Free: 90928K (75%)


==== $PTIIhome/travis/build/icyphy/ptII/ptolemy/domains/de/test/../../../../: Auto Automatic test in file $PTII/ptolemy/domains/de/test/auto/knownFailedTests/DESDFClockTest.xml
==== Contents of test case:

	    # FIXME: we should use $relativeFilename here, but it
	    # might have backslashes under Windows, which causes no end
	    # of trouble.
	    createAndExecute $file
	    list {}
	
.... Test generated KNOWN error:
    while executing
ptolemy.kernel.util.IllegalActionException: Actor is not ready to fire.  Perhaps UpSample.prefire() returned false? Try debugging the actor by selecting "Listen to Actor".  Also, for SDF check moml for tokenConsumptionRate on input.
  in .DESDFClockTest.Play Bell.Copy1:SDF Director and .DESDFClockTest.Play Bell.UpSample
	at ptolemy.actor.sched.StaticSchedulingDirector.fire(StaticSchedulingDirector.java:227)
	at ptolemy.domains.sdf.kernel.SDFDirector.fire(SDFDirector.java:500)
	at ptolemy.actor.CompositeActor.fire(CompositeActor.java:455)
	at ptolemy.domains.de.kernel.DEDirector._fire(DEDirector.java:1949)
	at ptolemy.domains.de.kernel.DEDirector.fire(DEDirector.java:502)
	at ptolemy.actor.CompositeActor.fire(CompositeActor.java:455)
	at ptolemy.actor.Manager.iterate(Manager.java:851)
	at ptolemy.actor.Manager.execute(Manager.java:369)
	at ptolemy.actor.Manager.run(Manager.java:1263)
	at ptolemy.actor.Manager$PtolemyRunThread.run(Manager.java:1933)

    while executing
ptolemy.kernel.util.IllegalActionException: Actor is not ready to fire.  Perhaps UpSample.prefire() returned false? Try debugging the actor by selecting "Listen to Actor".  Also, for SDF check moml for tokenConsumptionRate on input.
  in .DESDFClockTest.Play Bell.Copy1:SDF Director and .DESDFClockTest.Play Bell.UpSample
    while executing
"java::new ptolemy.moml.MoMLSimpleApplication $file
"
    (procedure "createAndExecute" line 2)
    invoked from within
"createAndExecute $file"
    ("uplevel" body line 5)
    invoked from within
"uplevel $contents_of_test"
------------------ testing $PTII/ptolemy/domains/de/test/auto/ActorDepthCalculation_actorWithoutPorts.xml
auto.tcl: Setting watchdog for 200 seconds at Wed Aug 28 05:29:18 UTC 2019
9 ms. Memory: 120832K Free: 83760K (69%)
ptolemy.util.test.WatchDog.cancel(): canceling Wed Aug 28 05:29:18 UTC 2019
auto.tcl: Setting watchdog for 200 seconds at Wed Aug 28 05:29:18 UTC 2019
5 ms. Memory: 120832K Free: 82208K (68%)
ptolemy.util.test.WatchDog.cancel(): canceling Wed Aug 28 05:29:18 UTC 2019
------------------ testing $PTII/ptolemy/domains/de/test/auto/AssemblyLine.xml
auto.tcl: Setting watchdog for 200 seconds at Wed Aug 28 05:29:18 UTC 2019
17 ms. Memory: 48128K Free: 25521K (53%)
ptolemy.util.test.WatchDog.cancel(): canceling Wed Aug 28 05:29:18 UTC 2019
auto.tcl: Setting watchdog for 200 seconds at Wed Aug 28 05:29:18 UTC 2019
7 ms. Memory: 48128K Free: 24745K (51%)
ptolemy.util.test.WatchDog.cancel(): canceling Wed Aug 28 05:29:18 UTC 2019
------------------ testing $PTII/ptolemy/domains/de/test/auto/CQBug1.xml
auto.tcl: Setting watchdog for 200 seconds at Wed Aug 28 05:29:18 UTC 2019
3 ms. Memory: 48128K Free: 31552K (66%)
ptolemy.util.test.WatchDog.cancel(): canceling Wed Aug 28 05:29:18 UTC 2019
auto.tcl: Setting watchdog for 200 seconds at Wed Aug 28 05:29:18 UTC 2019
2 ms. Memory: 48128K Free: 31088K (65%)
ptolemy.util.test.WatchDog.cancel(): canceling Wed Aug 28 05:29:18 UTC 2019
------------------ testing $PTII/ptolemy/domains/de/test/auto/CancelFireAt.xml
auto.tcl: Setting watchdog for 200 seconds at Wed Aug 28 05:29:18 UTC 2019
6 ms. Memory: 45056K Free: 29612K (66%)
ptolemy.util.test.WatchDog.cancel(): canceling Wed Aug 28 05:29:18 UTC 2019
auto.tcl: Setting watchdog for 200 seconds at Wed Aug 28 05:29:18 UTC 2019
2 ms. Memory: 45056K Free: 29224K (65%)
ptolemy.util.test.WatchDog.cancel(): canceling Wed Aug 28 05:29:18 UTC 2019
------------------ testing $PTII/ptolemy/domains/de/test/auto/CausalityAndComposabilityAnalysis.xml
auto.tcl: Setting watchdog for 200 seconds at Wed Aug 28 05:29:18 UTC 2019
21 ms. Memory: 45056K Free: 27442K (61%)
ptolemy.util.test.WatchDog.cancel(): canceling Wed Aug 28 05:29:18 UTC 2019
auto.tcl: Setting watchdog for 200 seconds at Wed Aug 28 05:29:18 UTC 2019
5 ms. Memory: 45056K Free: 27054K (60%)
ptolemy.util.test.WatchDog.cancel(): canceling Wed Aug 28 05:29:18 UTC 2019
------------------ testing $PTII/ptolemy/domains/de/test/auto/CausalityInterface1.xml
auto.tcl: Setting watchdog for 200 seconds at Wed Aug 28 05:29:19 UTC 2019
39 ms. Memory: 45056K Free: 26360K (59%)
ptolemy.util.test.WatchDog.cancel(): canceling Wed Aug 28 05:29:19 UTC 2019
auto.tcl: Setting watchdog for 200 seconds at Wed Aug 28 05:29:19 UTC 2019
5 ms. Memory: 45056K Free: 25405K (56%)
ptolemy.util.test.WatchDog.cancel(): canceling Wed Aug 28 05:29:19 UTC 2019
------------------ testing $PTII/ptolemy/domains/de/test/auto/CausalityInterface15.xml
auto.tcl: Setting watchdog for 200 seconds at Wed Aug 28 05:29:19 UTC 2019
10 ms. Memory: 45056K Free: 25972K (58%)
ptolemy.util.test.WatchDog.cancel(): canceling Wed Aug 28 05:29:19 UTC 2019
auto.tcl: Setting watchdog for 200 seconds at Wed Aug 28 05:29:19 UTC 2019
8 ms. Memory: 45056K Free: 25369K (56%)
ptolemy.util.test.WatchDog.cancel(): canceling Wed Aug 28 05:29:19 UTC 2019
------------------ testing $PTII/ptolemy/domains/de/test/auto/CausalityInterface2.xml
auto.tcl: Setting watchdog for 200 seconds at Wed Aug 28 05:29:19 UTC 2019
6 ms. Memory: 45056K Free: 26543K (59%)
ptolemy.util.test.WatchDog.cancel(): canceling Wed Aug 28 05:29:19 UTC 2019
auto.tcl: Setting watchdog for 200 seconds at Wed Aug 28 05:29:19 UTC 2019
3 ms. Memory: 45056K Free: 25798K (57%)
ptolemy.util.test.WatchDog.cancel(): canceling Wed Aug 28 05:29:19 UTC 2019
------------------ testing $PTII/ptolemy/domains/de/test/auto/CausalityInterface3.xml
auto.tcl: Setting watchdog for 200 seconds at Wed Aug 28 05:29:19 UTC 2019
3 ms. Memory: 45056K Free: 26491K (59%)
ptolemy.util.test.WatchDog.cancel(): canceling Wed Aug 28 05:29:19 UTC 2019
auto.tcl: Setting watchdog for 200 seconds at Wed Aug 28 05:29:19 UTC 2019
4 ms. Memory: 45056K Free: 25763K (57%)
ptolemy.util.test.WatchDog.cancel(): canceling Wed Aug 28 05:29:19 UTC 2019
------------------ testing $PTII/ptolemy/domains/de/test/auto/ClockDrift.xml
auto.tcl: Setting watchdog for 200 seconds at Wed Aug 28 05:29:19 UTC 2019
83 ms. Memory: 45056K Free: 19127K (42%)
ptolemy.util.test.WatchDog.cancel(): canceling Wed Aug 28 05:29:19 UTC 2019
auto.tcl: Setting watchdog for 200 seconds at Wed Aug 28 05:29:19 UTC 2019
35 ms. Memory: 45056K Free: 16146K (36%)
ptolemy.util.test.WatchDog.cancel(): canceling Wed Aug 28 05:29:19 UTC 2019
------------------ testing $PTII/ptolemy/domains/de/test/auto/ClockDriftAndValueChange.xml
auto.tcl: Setting watchdog for 200 seconds at Wed Aug 28 05:29:19 UTC 2019
51 ms. Memory: 45056K Free: 19215K (43%)
ptolemy.util.test.WatchDog.cancel(): canceling Wed Aug 28 05:29:19 UTC 2019
auto.tcl: Setting watchdog for 200 seconds at Wed Aug 28 05:29:19 UTC 2019
32 ms. Memory: 45056K Free: 16370K (36%)
ptolemy.util.test.WatchDog.cancel(): canceling Wed Aug 28 05:29:19 UTC 2019
------------------ testing $PTII/ptolemy/domains/de/test/auto/ClockDriftChange.xml
auto.tcl: Setting watchdog for 200 seconds at Wed Aug 28 05:29:19 UTC 2019
21 ms. Memory: 45056K Free: 21261K (47%)
ptolemy.util.test.WatchDog.cancel(): canceling Wed Aug 28 05:29:19 UTC 2019
auto.tcl: Setting watchdog for 200 seconds at Wed Aug 28 05:29:19 UTC 2019
23 ms. Memory: 45056K Free: 18732K (42%)
ptolemy.util.test.WatchDog.cancel(): canceling Wed Aug 28 05:29:19 UTC 2019
------------------ testing $PTII/ptolemy/domains/de/test/auto/ComposableCausalityAnalysis.xml
auto.tcl: Setting watchdog for 200 seconds at Wed Aug 28 05:29:20 UTC 2019
2 ms. Memory: 45056K Free: 25892K (57%)
ptolemy.util.test.WatchDog.cancel(): canceling Wed Aug 28 05:29:20 UTC 2019
auto.tcl: Setting watchdog for 200 seconds at Wed Aug 28 05:29:20 UTC 2019
3 ms. Memory: 45056K Free: 24876K (55%)
ptolemy.util.test.WatchDog.cancel(): canceling Wed Aug 28 05:29:20 UTC 2019
------------------ testing $PTII/ptolemy/domains/de/test/auto/DEFixedPointLimitation.xml
auto.tcl: Setting watchdog for 200 seconds at Wed Aug 28 05:29:20 UTC 2019
5 ms. Memory: 45056K Free: 27271K (61%)
ptolemy.util.test.WatchDog.cancel(): canceling Wed Aug 28 05:29:20 UTC 2019
auto.tcl: Setting watchdog for 200 seconds at Wed Aug 28 05:29:20 UTC 2019
2 ms. Memory: 45056K Free: 26357K (58%)
ptolemy.util.test.WatchDog.cancel(): canceling Wed Aug 28 05:29:20 UTC 2019
------------------ testing $PTII/ptolemy/domains/de/test/auto/DEScheduleTest.xml
auto.tcl: Setting watchdog for 200 seconds at Wed Aug 28 05:29:20 UTC 2019
4 ms. Memory: 45056K Free: 27545K (61%)
ptolemy.util.test.WatchDog.cancel(): canceling Wed Aug 28 05:29:20 UTC 2019
auto.tcl: Setting watchdog for 200 seconds at Wed Aug 28 05:29:20 UTC 2019
3 ms. Memory: 45056K Free: 26789K (59%)
ptolemy.util.test.WatchDog.cancel(): canceling Wed Aug 28 05:29:20 UTC 2019
------------------ testing $PTII/ptolemy/domains/de/test/auto/DEinDEwithStartTimes.xml
auto.tcl: Setting watchdog for 200 seconds at Wed Aug 28 05:29:20 UTC 2019
4 ms. Memory: 45056K Free: 25707K (57%)
ptolemy.util.test.WatchDog.cancel(): canceling Wed Aug 28 05:29:20 UTC 2019
auto.tcl: Setting watchdog for 200 seconds at Wed Aug 28 05:29:20 UTC 2019
5 ms. Memory: 45056K Free: 24309K (54%)
ptolemy.util.test.WatchDog.cancel(): canceling Wed Aug 28 05:29:20 UTC 2019
------------------ testing $PTII/ptolemy/domains/de/test/auto/DEinDEwithStartTimes2.xml
auto.tcl: Setting watchdog for 200 seconds at Wed Aug 28 05:29:20 UTC 2019
4 ms. Memory: 45056K Free: 24944K (55%)
ptolemy.util.test.WatchDog.cancel(): canceling Wed Aug 28 05:29:20 UTC 2019
auto.tcl: Setting watchdog for 200 seconds at Wed Aug 28 05:29:20 UTC 2019
4 ms. Memory: 45056K Free: 23620K (52%)
ptolemy.util.test.WatchDog.cancel(): canceling Wed Aug 28 05:29:20 UTC 2019
------------------ testing $PTII/ptolemy/domains/de/test/auto/DateDemo.xml
auto.tcl: Setting watchdog for 200 seconds at Wed Aug 28 05:29:20 UTC 2019
13 ms. Memory: 45056K Free: 19263K (43%)
ptolemy.util.test.WatchDog.cancel(): canceling Wed Aug 28 05:29:20 UTC 2019
auto.tcl: Setting watchdog for 200 seconds at Wed Aug 28 05:29:20 UTC 2019
9 ms. Memory: 45056K Free: 17673K (39%)
ptolemy.util.test.WatchDog.cancel(): canceling Wed Aug 28 05:29:20 UTC 2019
------------------ testing $PTII/ptolemy/domains/de/test/auto/DateToEvent.xml
auto.tcl: Setting watchdog for 200 seconds at Wed Aug 28 05:29:20 UTC 2019
2015 ms. Memory: 45056K Free: 15185K (34%)
ptolemy.util.test.WatchDog.cancel(): canceling Wed Aug 28 05:29:22 UTC 2019
auto.tcl: Setting watchdog for 200 seconds at Wed Aug 28 05:29:22 UTC 2019
2006 ms. Memory: 45056K Free: 14450K (32%)
ptolemy.util.test.WatchDog.cancel(): canceling Wed Aug 28 05:29:24 UTC 2019
------------------ testing $PTII/ptolemy/domains/de/test/auto/DepthTest1.xml
auto.tcl: Setting watchdog for 200 seconds at Wed Aug 28 05:29:24 UTC 2019
4 ms. Memory: 45056K Free: 28477K (63%)
ptolemy.util.test.WatchDog.cancel(): canceling Wed Aug 28 05:29:24 UTC 2019
auto.tcl: Setting watchdog for 200 seconds at Wed Aug 28 05:29:24 UTC 2019
2 ms. Memory: 45056K Free: 27969K (62%)
ptolemy.util.test.WatchDog.cancel(): canceling Wed Aug 28 05:29:24 UTC 2019
------------------ testing $PTII/ptolemy/domains/de/test/auto/DepthTest2.xml
auto.tcl: Setting watchdog for 200 seconds at Wed Aug 28 05:29:24 UTC 2019
3 ms. Memory: 45056K Free: 25161K (56%)
ptolemy.util.test.WatchDog.cancel(): canceling Wed Aug 28 05:29:24 UTC 2019
auto.tcl: Setting watchdog for 200 seconds at Wed Aug 28 05:29:24 UTC 2019
2 ms. Memory: 45056K Free: 24783K (55%)
ptolemy.util.test.WatchDog.cancel(): canceling Wed Aug 28 05:29:24 UTC 2019
------------------ testing $PTII/ptolemy/domains/de/test/auto/DepthTest3.xml
auto.tcl: Setting watchdog for 200 seconds at Wed Aug 28 05:29:24 UTC 2019
2 ms. Memory: 45056K Free: 28660K (64%)
ptolemy.util.test.WatchDog.cancel(): canceling Wed Aug 28 05:29:24 UTC 2019
auto.tcl: Setting watchdog for 200 seconds at Wed Aug 28 05:29:24 UTC 2019
1 ms. Memory: 45056K Free: 28281K (63%)
ptolemy.util.test.WatchDog.cancel(): canceling Wed Aug 28 05:29:24 UTC 2019
------------------ testing $PTII/ptolemy/domains/de/test/auto/DepthTest4.xml
auto.tcl: Setting watchdog for 200 seconds at Wed Aug 28 05:29:24 UTC 2019
4 ms. Memory: 45056K Free: 27012K (60%)
ptolemy.util.test.WatchDog.cancel(): canceling Wed Aug 28 05:29:24 UTC 2019
auto.tcl: Setting watchdog for 200 seconds at Wed Aug 28 05:29:24 UTC 2019
3 ms. Memory: 45056K Free: 26299K (58%)
ptolemy.util.test.WatchDog.cancel(): canceling Wed Aug 28 05:29:24 UTC 2019
------------------ testing $PTII/ptolemy/domains/de/test/auto/DepthTest5.xml
auto.tcl: Setting watchdog for 200 seconds at Wed Aug 28 05:29:24 UTC 2019
3 ms. Memory: 45056K Free: 26164K (58%)
ptolemy.util.test.WatchDog.cancel(): canceling Wed Aug 28 05:29:25 UTC 2019
auto.tcl: Setting watchdog for 200 seconds at Wed Aug 28 05:29:25 UTC 2019
2 ms. Memory: 45056K Free: 25786K (57%)
ptolemy.util.test.WatchDog.cancel(): canceling Wed Aug 28 05:29:25 UTC 2019
------------------ testing $PTII/ptolemy/domains/de/test/auto/DepthTest6.xml
auto.tcl: Setting watchdog for 200 seconds at Wed Aug 28 05:29:25 UTC 2019
3 ms. Memory: 45056K Free: 26140K (58%)
ptolemy.util.test.WatchDog.cancel(): canceling Wed Aug 28 05:29:25 UTC 2019
auto.tcl: Setting watchdog for 200 seconds at Wed Aug 28 05:29:25 UTC 2019
3 ms. Memory: 45056K Free: 25599K (57%)
ptolemy.util.test.WatchDog.cancel(): canceling Wed Aug 28 05:29:25 UTC 2019
------------------ testing $PTII/ptolemy/domains/de/test/auto/DepthTest7.xml
auto.tcl: Setting watchdog for 200 seconds at Wed Aug 28 05:29:25 UTC 2019
3 ms. Memory: 45056K Free: 26942K (60%)
ptolemy.util.test.WatchDog.cancel(): canceling Wed Aug 28 05:29:25 UTC 2019
auto.tcl: Setting watchdog for 200 seconds at Wed Aug 28 05:29:25 UTC 2019
2 ms. Memory: 45056K Free: 26202K (58%)
ptolemy.util.test.WatchDog.cancel(): canceling Wed Aug 28 05:29:25 UTC 2019
------------------ testing $PTII/ptolemy/domains/de/test/auto/EventToDate.xml
auto.tcl: Setting watchdog for 200 seconds at Wed Aug 28 05:29:25 UTC 2019
3007 ms. Memory: 45056K Free: 17749K (39%)
ptolemy.util.test.WatchDog.cancel(): canceling Wed Aug 28 05:29:28 UTC 2019
auto.tcl: Setting watchdog for 200 seconds at Wed Aug 28 05:29:28 UTC 2019
3005 ms. Memory: 45056K Free: 17045K (38%)
ptolemy.util.test.WatchDog.cancel(): canceling Wed Aug 28 05:29:31 UTC 2019
------------------ testing $PTII/ptolemy/domains/de/test/auto/FSM1.xml
auto.tcl: Setting watchdog for 200 seconds at Wed Aug 28 05:29:31 UTC 2019
37 ms. Memory: 45056K Free: 18948K (42%)
ptolemy.util.test.WatchDog.cancel(): canceling Wed Aug 28 05:29:31 UTC 2019
auto.tcl: Setting watchdog for 200 seconds at Wed Aug 28 05:29:31 UTC 2019
23 ms. Memory: 45056K Free: 15722K (35%)
ptolemy.util.test.WatchDog.cancel(): canceling Wed Aug 28 05:29:31 UTC 2019
------------------ testing $PTII/ptolemy/domains/de/test/auto/FSM7.xml
auto.tcl: Setting watchdog for 200 seconds at Wed Aug 28 05:29:31 UTC 2019
27 ms. Memory: 45056K Free: 18627K (41%)
ptolemy.util.test.WatchDog.cancel(): canceling Wed Aug 28 05:29:31 UTC 2019
auto.tcl: Setting watchdog for 200 seconds at Wed Aug 28 05:29:31 UTC 2019
25 ms. Memory: 45056K Free: 15533K (34%)
ptolemy.util.test.WatchDog.cancel(): canceling Wed Aug 28 05:29:31 UTC 2019
------------------ testing $PTII/ptolemy/domains/de/test/auto/Inspection.xml
auto.tcl: Setting watchdog for 200 seconds at Wed Aug 28 05:29:31 UTC 2019
31 ms. Memory: 45056K Free: 18675K (41%)
ptolemy.util.test.WatchDog.cancel(): canceling Wed Aug 28 05:29:31 UTC 2019
auto.tcl: Setting watchdog for 200 seconds at Wed Aug 28 05:29:31 UTC 2019
19 ms. Memory: 45056K Free: 16939K (38%)
ptolemy.util.test.WatchDog.cancel(): canceling Wed Aug 28 05:29:31 UTC 2019
------------------ testing $PTII/ptolemy/domains/de/test/auto/Iteration.xml
auto.tcl: Setting watchdog for 200 seconds at Wed Aug 28 05:29:31 UTC 2019
7 ms. Memory: 45056K Free: 24430K (54%)
ptolemy.util.test.WatchDog.cancel(): canceling Wed Aug 28 05:29:31 UTC 2019
auto.tcl: Setting watchdog for 200 seconds at Wed Aug 28 05:29:31 UTC 2019
7 ms. Memory: 45056K Free: 22993K (51%)
ptolemy.util.test.WatchDog.cancel(): canceling Wed Aug 28 05:29:31 UTC 2019
------------------ testing $PTII/ptolemy/domains/de/test/auto/LineFault.xml
auto.tcl: Setting watchdog for 200 seconds at Wed Aug 28 05:29:31 UTC 2019
660 ms. Memory: 45056K Free: 12139K (27%)
ptolemy.util.test.WatchDog.cancel(): canceling Wed Aug 28 05:29:32 UTC 2019
auto.tcl: Setting watchdog for 200 seconds at Wed Aug 28 05:29:32 UTC 2019
589 ms. Memory: 55296K Free: 27675K (50%)
ptolemy.util.test.WatchDog.cancel(): canceling Wed Aug 28 05:29:33 UTC 2019
------------------ testing $PTII/ptolemy/domains/de/test/auto/MergeModel1Add.xml
auto.tcl: Setting watchdog for 200 seconds at Wed Aug 28 05:29:33 UTC 2019
32 ms. Memory: 55296K Free: 20326K (37%)
ptolemy.util.test.WatchDog.cancel(): canceling Wed Aug 28 05:29:33 UTC 2019
auto.tcl: Setting watchdog for 200 seconds at Wed Aug 28 05:29:33 UTC 2019
12 ms. Memory: 55296K Free: 18682K (34%)
ptolemy.util.test.WatchDog.cancel(): canceling Wed Aug 28 05:29:33 UTC 2019
------------------ testing $PTII/ptolemy/domains/de/test/auto/MergeModel2Add.xml
auto.tcl: Setting watchdog for 200 seconds at Wed Aug 28 05:29:33 UTC 2019
11 ms. Memory: 51200K Free: 18080K (35%)
ptolemy.util.test.WatchDog.cancel(): canceling Wed Aug 28 05:29:33 UTC 2019
auto.tcl: Setting watchdog for 200 seconds at Wed Aug 28 05:29:33 UTC 2019
11 ms. Memory: 51200K Free: 16327K (32%)
ptolemy.util.test.WatchDog.cancel(): canceling Wed Aug 28 05:29:33 UTC 2019
------------------ testing $PTII/ptolemy/domains/de/test/auto/MergeModel3Add.xml
auto.tcl: Setting watchdog for 200 seconds at Wed Aug 28 05:29:33 UTC 2019
9 ms. Memory: 48128K Free: 15210K (32%)
ptolemy.util.test.WatchDog.cancel(): canceling Wed Aug 28 05:29:33 UTC 2019
auto.tcl: Setting watchdog for 200 seconds at Wed Aug 28 05:29:33 UTC 2019
7 ms. Memory: 48128K Free: 13685K (28%)
ptolemy.util.test.WatchDog.cancel(): canceling Wed Aug 28 05:29:33 UTC 2019
------------------ testing $PTII/ptolemy/domains/de/test/auto/MergeWithoutDiscard.xml
auto.tcl: Setting watchdog for 200 seconds at Wed Aug 28 05:29:33 UTC 2019
2 ms. Memory: 48128K Free: 29810K (62%)
ptolemy.util.test.WatchDog.cancel(): canceling Wed Aug 28 05:29:33 UTC 2019
auto.tcl: Setting watchdog for 200 seconds at Wed Aug 28 05:29:33 UTC 2019
1 ms. Memory: 48128K Free: 29395K (61%)
ptolemy.util.test.WatchDog.cancel(): canceling Wed Aug 28 05:29:33 UTC 2019
------------------ testing $PTII/ptolemy/domains/de/test/auto/Modal1.xml
auto.tcl: Setting watchdog for 200 seconds at Wed Aug 28 05:29:34 UTC 2019
18 ms. Memory: 48128K Free: 21943K (46%)
ptolemy.util.test.WatchDog.cancel(): canceling Wed Aug 28 05:29:34 UTC 2019
auto.tcl: Setting watchdog for 200 seconds at Wed Aug 28 05:29:34 UTC 2019
20 ms. Memory: 48128K Free: 18682K (39%)
ptolemy.util.test.WatchDog.cancel(): canceling Wed Aug 28 05:29:34 UTC 2019
------------------ testing $PTII/ptolemy/domains/de/test/auto/Modal2.xml
auto.tcl: Setting watchdog for 200 seconds at Wed Aug 28 05:29:34 UTC 2019
12 ms. Memory: 48128K Free: 21821K (45%)
ptolemy.util.test.WatchDog.cancel(): canceling Wed Aug 28 05:29:34 UTC 2019
auto.tcl: Setting watchdog for 200 seconds at Wed Aug 28 05:29:34 UTC 2019
16 ms. Memory: 48128K Free: 18607K (39%)
ptolemy.util.test.WatchDog.cancel(): canceling Wed Aug 28 05:29:34 UTC 2019
------------------ testing $PTII/ptolemy/domains/de/test/auto/Modal3.xml
auto.tcl: Setting watchdog for 200 seconds at Wed Aug 28 05:29:34 UTC 2019
11 ms. Memory: 48128K Free: 21795K (45%)
ptolemy.util.test.WatchDog.cancel(): canceling Wed Aug 28 05:29:34 UTC 2019
auto.tcl: Setting watchdog for 200 seconds at Wed Aug 28 05:29:34 UTC 2019
12 ms. Memory: 48128K Free: 18206K (38%)
ptolemy.util.test.WatchDog.cancel(): canceling Wed Aug 28 05:29:34 UTC 2019
------------------ testing $PTII/ptolemy/domains/de/test/auto/Modal4.xml
auto.tcl: Setting watchdog for 200 seconds at Wed Aug 28 05:29:34 UTC 2019
30 ms. Memory: 48128K Free: 20806K (43%)
ptolemy.util.test.WatchDog.cancel(): canceling Wed Aug 28 05:29:34 UTC 2019
auto.tcl: Setting watchdog for 200 seconds at Wed Aug 28 05:29:34 UTC 2019
21 ms. Memory: 48128K Free: 16937K (35%)
ptolemy.util.test.WatchDog.cancel(): canceling Wed Aug 28 05:29:34 UTC 2019
------------------ testing $PTII/ptolemy/domains/de/test/auto/Modal5.xml
auto.tcl: Setting watchdog for 200 seconds at Wed Aug 28 05:29:34 UTC 2019
14 ms. Memory: 48128K Free: 20755K (43%)
ptolemy.util.test.WatchDog.cancel(): canceling Wed Aug 28 05:29:34 UTC 2019
auto.tcl: Setting watchdog for 200 seconds at Wed Aug 28 05:29:34 UTC 2019
14 ms. Memory: 48128K Free: 16924K (35%)
ptolemy.util.test.WatchDog.cancel(): canceling Wed Aug 28 05:29:34 UTC 2019
------------------ testing $PTII/ptolemy/domains/de/test/auto/Modal6.xml
auto.tcl: Setting watchdog for 200 seconds at Wed Aug 28 05:29:34 UTC 2019
17 ms. Memory: 48128K Free: 21559K (45%)
ptolemy.util.test.WatchDog.cancel(): canceling Wed Aug 28 05:29:34 UTC 2019
auto.tcl: Setting watchdog for 200 seconds at Wed Aug 28 05:29:34 UTC 2019
20 ms. Memory: 48128K Free: 17572K (37%)
ptolemy.util.test.WatchDog.cancel(): canceling Wed Aug 28 05:29:34 UTC 2019
------------------ testing $PTII/ptolemy/domains/de/test/auto/Modal7.xml
auto.tcl: Setting watchdog for 200 seconds at Wed Aug 28 05:29:34 UTC 2019
18 ms. Memory: 48128K Free: 20567K (43%)
ptolemy.util.test.WatchDog.cancel(): canceling Wed Aug 28 05:29:34 UTC 2019
auto.tcl: Setting watchdog for 200 seconds at Wed Aug 28 05:29:34 UTC 2019
11 ms. Memory: 48128K Free: 16923K (35%)
ptolemy.util.test.WatchDog.cancel(): canceling Wed Aug 28 05:29:34 UTC 2019
------------------ testing $PTII/ptolemy/domains/de/test/auto/ModalModel.xml
auto.tcl: Setting watchdog for 200 seconds at Wed Aug 28 05:29:34 UTC 2019
194 ms. Memory: 58368K Free: 39215K (67%)
ptolemy.util.test.WatchDog.cancel(): canceling Wed Aug 28 05:29:35 UTC 2019
auto.tcl: Setting watchdog for 200 seconds at Wed Aug 28 05:29:35 UTC 2019
215 ms. Memory: 58368K Free: 33550K (57%)
ptolemy.util.test.WatchDog.cancel(): canceling Wed Aug 28 05:29:35 UTC 2019
------------------ testing $PTII/ptolemy/domains/de/test/auto/ModalSource.xml
auto.tcl: Setting watchdog for 200 seconds at Wed Aug 28 05:29:35 UTC 2019
7 ms. Memory: 51200K Free: 28670K (56%)
ptolemy.util.test.WatchDog.cancel(): canceling Wed Aug 28 05:29:35 UTC 2019
auto.tcl: Setting watchdog for 200 seconds at Wed Aug 28 05:29:35 UTC 2019
6 ms. Memory: 51200K Free: 26621K (52%)
ptolemy.util.test.WatchDog.cancel(): canceling Wed Aug 28 05:29:35 UTC 2019
------------------ testing $PTII/ptolemy/domains/de/test/auto/NonInterruptibleTimerZeroDelay.xml
auto.tcl: Setting watchdog for 200 seconds at Wed Aug 28 05:29:35 UTC 2019
4 ms. Memory: 51200K Free: 33612K (66%)
ptolemy.util.test.WatchDog.cancel(): canceling Wed Aug 28 05:29:35 UTC 2019
auto.tcl: Setting watchdog for 200 seconds at Wed Aug 28 05:29:35 UTC 2019
3 ms. Memory: 51200K Free: 32958K (64%)
ptolemy.util.test.WatchDog.cancel(): canceling Wed Aug 28 05:29:35 UTC 2019
------------------ testing $PTII/ptolemy/domains/de/test/auto/OpenQueueingNetwork.xml
auto.tcl: Setting watchdog for 200 seconds at Wed Aug 28 05:29:35 UTC 2019
3287 ms. Memory: 102400K Free: 70040K (68%)
ptolemy.util.test.WatchDog.cancel(): canceling Wed Aug 28 05:29:38 UTC 2019
auto.tcl: Setting watchdog for 200 seconds at Wed Aug 28 05:29:38 UTC 2019
2793 ms. Memory: 147456K Free: 70014K (47%)
ptolemy.util.test.WatchDog.cancel(): canceling Wed Aug 28 05:29:41 UTC 2019
------------------ testing $PTII/ptolemy/domains/de/test/auto/OpenQueuingNetwork.xml
auto.tcl: Setting watchdog for 200 seconds at Wed Aug 28 05:29:41 UTC 2019
304 ms. Memory: 51200K Free: 16121K (31%)
ptolemy.util.test.WatchDog.cancel(): canceling Wed Aug 28 05:29:42 UTC 2019
auto.tcl: Setting watchdog for 200 seconds at Wed Aug 28 05:29:42 UTC 2019
296 ms. Memory: 51200K Free: 19963K (39%)
ptolemy.util.test.WatchDog.cancel(): canceling Wed Aug 28 05:29:42 UTC 2019
------------------ testing $PTII/ptolemy/domains/de/test/auto/PeriodicSampler.xml
auto.tcl: Setting watchdog for 200 seconds at Wed Aug 28 05:29:42 UTC 2019
4 ms. Memory: 48128K Free: 29734K (62%)
ptolemy.util.test.WatchDog.cancel(): canceling Wed Aug 28 05:29:42 UTC 2019
auto.tcl: Setting watchdog for 200 seconds at Wed Aug 28 05:29:42 UTC 2019
2 ms. Memory: 48128K Free: 28762K (60%)
ptolemy.util.test.WatchDog.cancel(): canceling Wed Aug 28 05:29:42 UTC 2019
------------------ testing $PTII/ptolemy/domains/de/test/auto/PersistentIO.xml
auto.tcl: Setting watchdog for 200 seconds at Wed Aug 28 05:29:42 UTC 2019
12 ms. Memory: 48128K Free: 24666K (51%)
ptolemy.util.test.WatchDog.cancel(): canceling Wed Aug 28 05:29:42 UTC 2019
auto.tcl: Setting watchdog for 200 seconds at Wed Aug 28 05:29:42 UTC 2019
5 ms. Memory: 48128K Free: 23215K (48%)
ptolemy.util.test.WatchDog.cancel(): canceling Wed Aug 28 05:29:42 UTC 2019
------------------ testing $PTII/ptolemy/domains/de/test/auto/PortParameterResetOnInitialize.xml
auto.tcl: Setting watchdog for 200 seconds at Wed Aug 28 05:29:42 UTC 2019
2 ms. Memory: 48128K Free: 29630K (62%)
ptolemy.util.test.WatchDog.cancel(): canceling Wed Aug 28 05:29:42 UTC 2019
auto.tcl: Setting watchdog for 200 seconds at Wed Aug 28 05:29:42 UTC 2019
2 ms. Memory: 48128K Free: 29160K (61%)
ptolemy.util.test.WatchDog.cancel(): canceling Wed Aug 28 05:29:42 UTC 2019
------------------ testing $PTII/ptolemy/domains/de/test/auto/PortParameterUpdates.xml
auto.tcl: Setting watchdog for 200 seconds at Wed Aug 28 05:29:42 UTC 2019
5 ms. Memory: 48128K Free: 27711K (58%)
ptolemy.util.test.WatchDog.cancel(): canceling Wed Aug 28 05:29:42 UTC 2019
auto.tcl: Setting watchdog for 200 seconds at Wed Aug 28 05:29:42 UTC 2019
5 ms. Memory: 48128K Free: 26267K (55%)
ptolemy.util.test.WatchDog.cancel(): canceling Wed Aug 28 05:29:42 UTC 2019
------------------ testing $PTII/ptolemy/domains/de/test/auto/QueueAndServer.xml
auto.tcl: Setting watchdog for 200 seconds at Wed Aug 28 05:29:42 UTC 2019
16 ms. Memory: 48128K Free: 26659K (55%)
ptolemy.util.test.WatchDog.cancel(): canceling Wed Aug 28 05:29:42 UTC 2019
auto.tcl: Setting watchdog for 200 seconds at Wed Aug 28 05:29:42 UTC 2019
9 ms. Memory: 48128K Free: 25182K (52%)
ptolemy.util.test.WatchDog.cancel(): canceling Wed Aug 28 05:29:42 UTC 2019
------------------ testing $PTII/ptolemy/domains/de/test/auto/Records.xml
auto.tcl: Setting watchdog for 200 seconds at Wed Aug 28 05:29:42 UTC 2019
5 ms. Memory: 48128K Free: 29192K (61%)
ptolemy.util.test.WatchDog.cancel(): canceling Wed Aug 28 05:29:42 UTC 2019
auto.tcl: Setting watchdog for 200 seconds at Wed Aug 28 05:29:42 UTC 2019
3 ms. Memory: 48128K Free: 28705K (60%)
ptolemy.util.test.WatchDog.cancel(): canceling Wed Aug 28 05:29:42 UTC 2019
------------------ testing $PTII/ptolemy/domains/de/test/auto/ResetTransitionWithStartTime1.xml
auto.tcl: Setting watchdog for 200 seconds at Wed Aug 28 05:29:43 UTC 2019
10 ms. Memory: 48128K Free: 26255K (55%)
ptolemy.util.test.WatchDog.cancel(): canceling Wed Aug 28 05:29:43 UTC 2019
auto.tcl: Setting watchdog for 200 seconds at Wed Aug 28 05:29:43 UTC 2019
6 ms. Memory: 48128K Free: 23626K (49%)
ptolemy.util.test.WatchDog.cancel(): canceling Wed Aug 28 05:29:43 UTC 2019
------------------ testing $PTII/ptolemy/domains/de/test/auto/ResetTransitionWithStartTime2.xml
auto.tcl: Setting watchdog for 200 seconds at Wed Aug 28 05:29:43 UTC 2019
5 ms. Memory: 48128K Free: 26097K (54%)
ptolemy.util.test.WatchDog.cancel(): canceling Wed Aug 28 05:29:43 UTC 2019
auto.tcl: Setting watchdog for 200 seconds at Wed Aug 28 05:29:43 UTC 2019
6 ms. Memory: 48128K Free: 23581K (49%)
ptolemy.util.test.WatchDog.cancel(): canceling Wed Aug 28 05:29:43 UTC 2019
------------------ testing $PTII/ptolemy/domains/de/test/auto/ResetTransitionWithStartTime3.xml
auto.tcl: Setting watchdog for 200 seconds at Wed Aug 28 05:29:43 UTC 2019
10 ms. Memory: 48128K Free: 26096K (54%)
ptolemy.util.test.WatchDog.cancel(): canceling Wed Aug 28 05:29:43 UTC 2019
auto.tcl: Setting watchdog for 200 seconds at Wed Aug 28 05:29:43 UTC 2019
7 ms. Memory: 48128K Free: 23581K (49%)
ptolemy.util.test.WatchDog.cancel(): canceling Wed Aug 28 05:29:43 UTC 2019
------------------ testing $PTII/ptolemy/domains/de/test/auto/ResetTransitionWithStartTime4.xml
auto.tcl: Setting watchdog for 200 seconds at Wed Aug 28 05:29:43 UTC 2019
10 ms. Memory: 48128K Free: 26585K (55%)
ptolemy.util.test.WatchDog.cancel(): canceling Wed Aug 28 05:29:43 UTC 2019
auto.tcl: Setting watchdog for 200 seconds at Wed Aug 28 05:29:43 UTC 2019
5 ms. Memory: 48128K Free: 25132K (52%)
ptolemy.util.test.WatchDog.cancel(): canceling Wed Aug 28 05:29:43 UTC 2019
------------------ testing $PTII/ptolemy/domains/de/test/auto/ResettableTimer1.xml
auto.tcl: Setting watchdog for 200 seconds at Wed Aug 28 05:29:43 UTC 2019
3 ms. Memory: 48128K Free: 30566K (64%)
ptolemy.util.test.WatchDog.cancel(): canceling Wed Aug 28 05:29:43 UTC 2019
auto.tcl: Setting watchdog for 200 seconds at Wed Aug 28 05:29:43 UTC 2019
2 ms. Memory: 48128K Free: 29689K (62%)
ptolemy.util.test.WatchDog.cancel(): canceling Wed Aug 28 05:29:43 UTC 2019
------------------ testing $PTII/ptolemy/domains/de/test/auto/ResettableTimer2.xml
auto.tcl: Setting watchdog for 200 seconds at Wed Aug 28 05:29:43 UTC 2019
3 ms. Memory: 48128K Free: 30382K (63%)
ptolemy.util.test.WatchDog.cancel(): canceling Wed Aug 28 05:29:43 UTC 2019
auto.tcl: Setting watchdog for 200 seconds at Wed Aug 28 05:29:43 UTC 2019
2 ms. Memory: 48128K Free: 29732K (62%)
ptolemy.util.test.WatchDog.cancel(): canceling Wed Aug 28 05:29:43 UTC 2019
------------------ testing $PTII/ptolemy/domains/de/test/auto/ResettableTimer3.xml
auto.tcl: Setting watchdog for 200 seconds at Wed Aug 28 05:29:43 UTC 2019
2 ms. Memory: 48128K Free: 30259K (63%)
ptolemy.util.test.WatchDog.cancel(): canceling Wed Aug 28 05:29:43 UTC 2019
auto.tcl: Setting watchdog for 200 seconds at Wed Aug 28 05:29:43 UTC 2019
1 ms. Memory: 48128K Free: 30229K (63%)
ptolemy.util.test.WatchDog.cancel(): canceling Wed Aug 28 05:29:43 UTC 2019
------------------ testing $PTII/ptolemy/domains/de/test/auto/ResettableTimer4.xml
auto.tcl: Setting watchdog for 200 seconds at Wed Aug 28 05:29:43 UTC 2019
1 ms. Memory: 48128K Free: 30272K (63%)
ptolemy.util.test.WatchDog.cancel(): canceling Wed Aug 28 05:29:43 UTC 2019
auto.tcl: Setting watchdog for 200 seconds at Wed Aug 28 05:29:43 UTC 2019
1 ms. Memory: 48128K Free: 29761K (62%)
ptolemy.util.test.WatchDog.cancel(): canceling Wed Aug 28 05:29:43 UTC 2019
------------------ testing $PTII/ptolemy/domains/de/test/auto/ResettableTimer5.xml
auto.tcl: Setting watchdog for 200 seconds at Wed Aug 28 05:29:43 UTC 2019
2 ms. Memory: 48128K Free: 29713K (62%)
ptolemy.util.test.WatchDog.cancel(): canceling Wed Aug 28 05:29:43 UTC 2019
auto.tcl: Setting watchdog for 200 seconds at Wed Aug 28 05:29:43 UTC 2019
1 ms. Memory: 48128K Free: 29231K (61%)
ptolemy.util.test.WatchDog.cancel(): canceling Wed Aug 28 05:29:43 UTC 2019
------------------ testing $PTII/ptolemy/domains/de/test/auto/ResettableTimer6.xml
auto.tcl: Setting watchdog for 200 seconds at Wed Aug 28 05:29:43 UTC 2019
2 ms. Memory: 48128K Free: 29704K (62%)
ptolemy.util.test.WatchDog.cancel(): canceling Wed Aug 28 05:29:43 UTC 2019
auto.tcl: Setting watchdog for 200 seconds at Wed Aug 28 05:29:43 UTC 2019
2 ms. Memory: 48128K Free: 29208K (61%)
ptolemy.util.test.WatchDog.cancel(): canceling Wed Aug 28 05:29:43 UTC 2019
------------------ testing $PTII/ptolemy/domains/de/test/auto/ServerZeroDelay.xml
auto.tcl: Setting watchdog for 200 seconds at Wed Aug 28 05:29:43 UTC 2019
3 ms. Memory: 48128K Free: 30222K (63%)
ptolemy.util.test.WatchDog.cancel(): canceling Wed Aug 28 05:29:43 UTC 2019
auto.tcl: Setting watchdog for 200 seconds at Wed Aug 28 05:29:43 UTC 2019
3 ms. Memory: 48128K Free: 29275K (61%)
ptolemy.util.test.WatchDog.cancel(): canceling Wed Aug 28 05:29:43 UTC 2019
------------------ testing $PTII/ptolemy/domains/de/test/auto/SmartSender.xml
auto.tcl: Setting watchdog for 200 seconds at Wed Aug 28 05:29:43 UTC 2019
3002 ms. Memory: 48128K Free: 30231K (63%)
ptolemy.util.test.WatchDog.cancel(): canceling Wed Aug 28 05:29:46 UTC 2019
auto.tcl: Setting watchdog for 200 seconds at Wed Aug 28 05:29:46 UTC 2019
3002 ms. Memory: 48128K Free: 29703K (62%)
ptolemy.util.test.WatchDog.cancel(): canceling Wed Aug 28 05:29:49 UTC 2019
------------------ testing $PTII/ptolemy/domains/de/test/auto/ThreadedComposite.xml
auto.tcl: Setting watchdog for 200 seconds at Wed Aug 28 05:29:49 UTC 2019
166 ms. Memory: 48128K Free: 10775K (22%)
ptolemy.util.test.WatchDog.cancel(): canceling Wed Aug 28 05:29:50 UTC 2019
auto.tcl: Setting watchdog for 200 seconds at Wed Aug 28 05:29:50 UTC 2019
1220 ms. Memory: 48128K Free: 28826K (60%)
ptolemy.util.test.WatchDog.cancel(): canceling Wed Aug 28 05:29:51 UTC 2019
------------------ testing $PTII/ptolemy/domains/de/test/auto/Time.xml
auto.tcl: Setting watchdog for 200 seconds at Wed Aug 28 05:29:51 UTC 2019
584 ms. Memory: 48128K Free: 28955K (60%)
ptolemy.util.test.WatchDog.cancel(): canceling Wed Aug 28 05:29:52 UTC 2019
auto.tcl: Setting watchdog for 200 seconds at Wed Aug 28 05:29:52 UTC 2019
548 ms. Memory: 48128K Free: 28052K (58%)
ptolemy.util.test.WatchDog.cancel(): canceling Wed Aug 28 05:29:52 UTC 2019
------------------ testing $PTII/ptolemy/domains/de/test/auto/TimeDelayZeroDelay.xml
auto.tcl: Setting watchdog for 200 seconds at Wed Aug 28 05:29:52 UTC 2019
2 ms. Memory: 48128K Free: 30624K (64%)
ptolemy.util.test.WatchDog.cancel(): canceling Wed Aug 28 05:29:52 UTC 2019
auto.tcl: Setting watchdog for 200 seconds at Wed Aug 28 05:29:52 UTC 2019
1 ms. Memory: 48128K Free: 29784K (62%)
ptolemy.util.test.WatchDog.cancel(): canceling Wed Aug 28 05:29:52 UTC 2019
------------------ testing $PTII/ptolemy/domains/de/test/auto/TimerZeroDelay.xml
auto.tcl: Setting watchdog for 200 seconds at Wed Aug 28 05:29:52 UTC 2019
2 ms. Memory: 48128K Free: 30654K (64%)
ptolemy.util.test.WatchDog.cancel(): canceling Wed Aug 28 05:29:52 UTC 2019
auto.tcl: Setting watchdog for 200 seconds at Wed Aug 28 05:29:52 UTC 2019
2 ms. Memory: 48128K Free: 29813K (62%)
ptolemy.util.test.WatchDog.cancel(): canceling Wed Aug 28 05:29:52 UTC 2019
------------------ testing $PTII/ptolemy/domains/de/test/auto/TimingParadox.xml
auto.tcl: Setting watchdog for 200 seconds at Wed Aug 28 05:29:52 UTC 2019
419 ms. Memory: 48128K Free: 11604K (24%)
ptolemy.util.test.WatchDog.cancel(): canceling Wed Aug 28 05:29:53 UTC 2019
auto.tcl: Setting watchdog for 200 seconds at Wed Aug 28 05:29:53 UTC 2019
391 ms. Memory: 48128K Free: 22174K (46%)
ptolemy.util.test.WatchDog.cancel(): canceling Wed Aug 28 05:29:53 UTC 2019
------------------ testing $PTII/ptolemy/domains/de/test/auto/TransferInputs.xml
auto.tcl: Setting watchdog for 200 seconds at Wed Aug 28 05:29:53 UTC 2019
2 ms. Memory: 48128K Free: 28669K (60%)
ptolemy.util.test.WatchDog.cancel(): canceling Wed Aug 28 05:29:53 UTC 2019
auto.tcl: Setting watchdog for 200 seconds at Wed Aug 28 05:29:53 UTC 2019
2 ms. Memory: 48128K Free: 27817K (58%)
ptolemy.util.test.WatchDog.cancel(): canceling Wed Aug 28 05:29:53 UTC 2019
------------------ testing $PTII/ptolemy/domains/de/test/auto/TransferOutputs2.xml
auto.tcl: Setting watchdog for 200 seconds at Wed Aug 28 05:29:53 UTC 2019
3 ms. Memory: 48128K Free: 26098K (54%)
ptolemy.util.test.WatchDog.cancel(): canceling Wed Aug 28 05:29:53 UTC 2019
auto.tcl: Setting watchdog for 200 seconds at Wed Aug 28 05:29:53 UTC 2019
3 ms. Memory: 48128K Free: 24726K (51%)
ptolemy.util.test.WatchDog.cancel(): canceling Wed Aug 28 05:29:53 UTC 2019
------------------ testing $PTII/ptolemy/domains/de/test/auto/Trilateration.xml
auto.tcl: Setting watchdog for 200 seconds at Wed Aug 28 05:29:53 UTC 2019
15872 ms. Memory: 466944K Free: 255873K (55%)
ptolemy.util.test.WatchDog.cancel(): canceling Wed Aug 28 05:30:11 UTC 2019
auto.tcl: Setting watchdog for 200 seconds at Wed Aug 28 05:30:11 UTC 2019
11856 ms. Memory: 466944K Free: 353452K (76%)
ptolemy.util.test.WatchDog.cancel(): canceling Wed Aug 28 05:30:22 UTC 2019
------------------ testing $PTII/ptolemy/domains/de/test/auto/TwoSigmaDelta.xml
auto.tcl: Setting watchdog for 200 seconds at Wed Aug 28 05:30:23 UTC 2019
2818 ms. Memory: 89088K Free: 61580K (69%)
ptolemy.util.test.WatchDog.cancel(): canceling Wed Aug 28 05:30:25 UTC 2019
auto.tcl: Setting watchdog for 200 seconds at Wed Aug 28 05:30:25 UTC 2019
2319 ms. Memory: 89088K Free: 50354K (57%)
ptolemy.util.test.WatchDog.cancel(): canceling Wed Aug 28 05:30:28 UTC 2019
------------------ testing $PTII/ptolemy/domains/de/test/auto/VariableDelay.xml
auto.tcl: Setting watchdog for 200 seconds at Wed Aug 28 05:30:28 UTC 2019
2 ms. Memory: 55296K Free: 36302K (66%)
ptolemy.util.test.WatchDog.cancel(): canceling Wed Aug 28 05:30:28 UTC 2019
auto.tcl: Setting watchdog for 200 seconds at Wed Aug 28 05:30:28 UTC 2019
2 ms. Memory: 55296K Free: 35308K (64%)
ptolemy.util.test.WatchDog.cancel(): canceling Wed Aug 28 05:30:28 UTC 2019
------------------ testing $PTII/ptolemy/domains/de/test/auto/VariableDelay2.xml
auto.tcl: Setting watchdog for 200 seconds at Wed Aug 28 05:30:28 UTC 2019
9 ms. Memory: 48128K Free: 29548K (61%)
ptolemy.util.test.WatchDog.cancel(): canceling Wed Aug 28 05:30:28 UTC 2019
auto.tcl: Setting watchdog for 200 seconds at Wed Aug 28 05:30:28 UTC 2019
2 ms. Memory: 48128K Free: 29050K (60%)
ptolemy.util.test.WatchDog.cancel(): canceling Wed Aug 28 05:30:28 UTC 2019
------------------ testing $PTII/ptolemy/domains/de/test/auto/VariableDelayZeroDelay.xml
auto.tcl: Setting watchdog for 200 seconds at Wed Aug 28 05:30:28 UTC 2019
2 ms. Memory: 48128K Free: 30075K (62%)
ptolemy.util.test.WatchDog.cancel(): canceling Wed Aug 28 05:30:28 UTC 2019
auto.tcl: Setting watchdog for 200 seconds at Wed Aug 28 05:30:28 UTC 2019
2 ms. Memory: 48128K Free: 29531K (61%)
ptolemy.util.test.WatchDog.cancel(): canceling Wed Aug 28 05:30:28 UTC 2019
------------------ testing $PTII/ptolemy/domains/de/test/auto/VariableDelayZeroDelay2.xml
auto.tcl: Setting watchdog for 200 seconds at Wed Aug 28 05:30:28 UTC 2019
3 ms. Memory: 48128K Free: 30074K (62%)
ptolemy.util.test.WatchDog.cancel(): canceling Wed Aug 28 05:30:28 UTC 2019
auto.tcl: Setting watchdog for 200 seconds at Wed Aug 28 05:30:28 UTC 2019
4 ms. Memory: 48128K Free: 29050K (60%)
ptolemy.util.test.WatchDog.cancel(): canceling Wed Aug 28 05:30:28 UTC 2019
------------------ testing $PTII/ptolemy/domains/de/test/auto/deInCt.xml
auto.tcl: Setting watchdog for 200 seconds at Wed Aug 28 05:30:28 UTC 2019
0
1
1
1
0
0
0
0
1
1
1
1
0
0
1
1
1
1
1
1
0
0
0
1
1
1
0
0
0
0
0
0
11 ms. Memory: 48128K Free: 29048K (60%)
ptolemy.util.test.WatchDog.cancel(): canceling Wed Aug 28 05:30:28 UTC 2019
auto.tcl: Setting watchdog for 200 seconds at Wed Aug 28 05:30:28 UTC 2019
0
1
1
1
0
0
1
1
1
0
0
0
0
0
1
1
1
0
0
0
1
1
1
1
1
0
0
0
1
1
1
0
0
1
1
1
0
0
0
0
8 ms. Memory: 48128K Free: 27510K (57%)
ptolemy.util.test.WatchDog.cancel(): canceling Wed Aug 28 05:30:28 UTC 2019
------------------ testing $PTII/ptolemy/domains/de/test/auto/deInCt2.xml
auto.tcl: Setting watchdog for 200 seconds at Wed Aug 28 05:30:28 UTC 2019
0
1
1
1
0
0
1
1
1
0
0
1
1
1
0
0
1
1
1
0
0
1
1
1
0
0
1
1
1
0
0
1
1
1
0
0
1
1
1
0
0
0
9 ms. Memory: 48128K Free: 29050K (60%)
ptolemy.util.test.WatchDog.cancel(): canceling Wed Aug 28 05:30:28 UTC 2019
auto.tcl: Setting watchdog for 200 seconds at Wed Aug 28 05:30:28 UTC 2019
0
1
1
1
0
0
1
1
1
0
0
1
1
1
0
0
1
1
1
0
0
1
1
1
0
0
1
1
1
0
0
1
1
1
0
0
1
1
1
0
0
0
9 ms. Memory: 48128K Free: 27498K (57%)
ptolemy.util.test.WatchDog.cancel(): canceling Wed Aug 28 05:30:28 UTC 2019
------------------ testing $PTII/ptolemy/domains/de/test/auto/dynamicCausalityInterface1.xml
auto.tcl: Setting watchdog for 200 seconds at Wed Aug 28 05:30:28 UTC 2019
1 ms. Memory: 48128K Free: 24948K (52%)
ptolemy.util.test.WatchDog.cancel(): canceling Wed Aug 28 05:30:28 UTC 2019
auto.tcl: Setting watchdog for 200 seconds at Wed Aug 28 05:30:28 UTC 2019
1 ms. Memory: 48128K Free: 24434K (51%)
ptolemy.util.test.WatchDog.cancel(): canceling Wed Aug 28 05:30:28 UTC 2019
------------------ testing $PTII/ptolemy/domains/de/test/auto/fsm_de_test.xml
auto.tcl: Setting watchdog for 200 seconds at Wed Aug 28 05:30:28 UTC 2019
7 ms. Memory: 48128K Free: 24847K (52%)
ptolemy.util.test.WatchDog.cancel(): canceling Wed Aug 28 05:30:28 UTC 2019
auto.tcl: Setting watchdog for 200 seconds at Wed Aug 28 05:30:28 UTC 2019
5 ms. Memory: 48128K Free: 22799K (47%)
ptolemy.util.test.WatchDog.cancel(): canceling Wed Aug 28 05:30:28 UTC 2019
------------------ testing $PTII/ptolemy/domains/de/test/auto/functionDependencyReconstruction.xml
auto.tcl: Setting watchdog for 200 seconds at Wed Aug 28 05:30:28 UTC 2019
3 ms. Memory: 48128K Free: 18692K (39%)
ptolemy.util.test.WatchDog.cancel(): canceling Wed Aug 28 05:30:28 UTC 2019
auto.tcl: Setting watchdog for 200 seconds at Wed Aug 28 05:30:28 UTC 2019
2 ms. Memory: 48128K Free: 16644K (35%)
ptolemy.util.test.WatchDog.cancel(): canceling Wed Aug 28 05:30:28 UTC 2019
------------------ testing $PTII/ptolemy/domains/de/test/auto/multirate.xml
auto.tcl: Setting watchdog for 200 seconds at Wed Aug 28 05:30:29 UTC 2019
4 ms. Memory: 48128K Free: 27498K (57%)
ptolemy.util.test.WatchDog.cancel(): canceling Wed Aug 28 05:30:29 UTC 2019
auto.tcl: Setting watchdog for 200 seconds at Wed Aug 28 05:30:29 UTC 2019
3 ms. Memory: 48128K Free: 25766K (54%)
ptolemy.util.test.WatchDog.cancel(): canceling Wed Aug 28 05:30:29 UTC 2019
------------------ testing $PTII/ptolemy/domains/de/test/auto/multirate2.xml
auto.tcl: Setting watchdog for 200 seconds at Wed Aug 28 05:30:29 UTC 2019
3 ms. Memory: 48128K Free: 27679K (58%)
ptolemy.util.test.WatchDog.cancel(): canceling Wed Aug 28 05:30:29 UTC 2019
auto.tcl: Setting watchdog for 200 seconds at Wed Aug 28 05:30:29 UTC 2019
3 ms. Memory: 48128K Free: 25938K (54%)
ptolemy.util.test.WatchDog.cancel(): canceling Wed Aug 28 05:30:29 UTC 2019
------------------ testing $PTII/ptolemy/domains/de/test/auto/realtime.xml
auto.tcl: Setting watchdog for 200 seconds at Wed Aug 28 05:30:29 UTC 2019
10001 ms. Memory: 48128K Free: 29709K (62%)
ptolemy.util.test.WatchDog.cancel(): canceling Wed Aug 28 05:30:39 UTC 2019
auto.tcl: Setting watchdog for 200 seconds at Wed Aug 28 05:30:39 UTC 2019
10001 ms. Memory: 48128K Free: 28994K (60%)
ptolemy.util.test.WatchDog.cancel(): canceling Wed Aug 28 05:30:49 UTC 2019
------------------ testing $PTII/ptolemy/domains/de/test/auto/relationGroup.xml
auto.tcl: Setting watchdog for 200 seconds at Wed Aug 28 05:30:49 UTC 2019
2 ms. Memory: 48128K Free: 30799K (64%)
ptolemy.util.test.WatchDog.cancel(): canceling Wed Aug 28 05:30:49 UTC 2019
auto.tcl: Setting watchdog for 200 seconds at Wed Aug 28 05:30:49 UTC 2019
1 ms. Memory: 48128K Free: 30073K (62%)
ptolemy.util.test.WatchDog.cancel(): canceling Wed Aug 28 05:30:49 UTC 2019
------------------ testing $PTII/ptolemy/domains/de/test/auto/relationGroup2.xml
auto.tcl: Setting watchdog for 200 seconds at Wed Aug 28 05:30:49 UTC 2019
2 ms. Memory: 48128K Free: 30603K (64%)
ptolemy.util.test.WatchDog.cancel(): canceling Wed Aug 28 05:30:49 UTC 2019
auto.tcl: Setting watchdog for 200 seconds at Wed Aug 28 05:30:49 UTC 2019
1 ms. Memory: 48128K Free: 30106K (63%)
ptolemy.util.test.WatchDog.cancel(): canceling Wed Aug 28 05:30:49 UTC 2019
------------------ testing $PTII/ptolemy/domains/de/test/auto/sortWithOpaquePorts.xml
auto.tcl: Setting watchdog for 200 seconds at Wed Aug 28 05:30:49 UTC 2019
1 ms. Memory: 48128K Free: 29572K (61%)
ptolemy.util.test.WatchDog.cancel(): canceling Wed Aug 28 05:30:49 UTC 2019
auto.tcl: Setting watchdog for 200 seconds at Wed Aug 28 05:30:49 UTC 2019
1 ms. Memory: 48128K Free: 28544K (59%)
ptolemy.util.test.WatchDog.cancel(): canceling Wed Aug 28 05:30:49 UTC 2019
------------------ testing $PTII/ptolemy/domains/de/test/auto/transferInputsandOutputs.xml
auto.tcl: Setting watchdog for 200 seconds at Wed Aug 28 05:30:49 UTC 2019
5 ms. Memory: 48128K Free: 27016K (56%)
ptolemy.util.test.WatchDog.cancel(): canceling Wed Aug 28 05:30:49 UTC 2019
auto.tcl: Setting watchdog for 200 seconds at Wed Aug 28 05:30:49 UTC 2019
2 ms. Memory: 48128K Free: 26037K (54%)
ptolemy.util.test.WatchDog.cancel(): canceling Wed Aug 28 05:30:49 UTC 2019
------------------ testing $PTII/ptolemy/domains/de/test/auto/triggerType.xml
auto.tcl: Setting watchdog for 200 seconds at Wed Aug 28 05:30:49 UTC 2019
2 ms. Memory: 48128K Free: 30040K (62%)
ptolemy.util.test.WatchDog.cancel(): canceling Wed Aug 28 05:30:49 UTC 2019
auto.tcl: Setting watchdog for 200 seconds at Wed Aug 28 05:30:49 UTC 2019
2 ms. Memory: 48128K Free: 29016K (60%)
ptolemy.util.test.WatchDog.cancel(): canceling Wed Aug 28 05:30:49 UTC 2019
08/28/19 05:30:49
Failed: 0  Total Tests: 192  ((Passed: 187, Newly Passed: 1)  Known Failed: 5) /home/travis/build/icyphy/ptII/ptolemy/domains/de/test
08/28/19 05:30:49
Failed: 0  Total Tests: 192  ((Passed: 187, Newly Passed: 1)  Known Failed: 5) /home/travis/build/icyphy/ptII/ptolemy/domains/de/test
----------------- testing (KnownFailure) /home/travis/build/icyphy/ptII/ptolemy/domains/de/test/auto/knownFailedTests/DESDFClockTest.xml
2021 ms. Memory: 48128K Free: 23435K (49%)
Known Failure: java.lang.reflect.InvocationTargetException
----------------- testing (KnownFailure) /home/travis/build/icyphy/ptII/ptolemy/domains/de/test/auto/knownFailedTests/DirectFeedback.xml
2 ms. Memory: 48128K Free: 19853K (41%)
Known Failure: java.lang.reflect.InvocationTargetException
----------------- testing (KnownFailure) /home/travis/build/icyphy/ptII/ptolemy/domains/de/test/auto/knownFailedTests/FSMSource.xml
12 ms. Memory: 48128K Free: 12685K (26%)
----------------- testing (KnownFailure) /home/travis/build/icyphy/ptII/ptolemy/domains/de/test/auto/knownFailedTests/HierarchicalModel.xml
4 ms. Memory: 48128K Free: 23622K (49%)
Known Failure: java.lang.reflect.InvocationTargetException
----------------- testing (KnownFailure) /home/travis/build/icyphy/ptII/ptolemy/domains/de/test/auto/knownFailedTests/dependencyLoop.xml
3 ms. Memory: 48128K Free: 8254K (17%)
Known Failure: java.lang.reflect.InvocationTargetException
----------------- testing (KnownFailure) /home/travis/build/icyphy/ptII/ptolemy/domains/de/test/auto/knownFailedTests/dependencyLoop2.xml
5 ms. Memory: 48128K Free: 20285K (42%)
Known Failure: java.lang.reflect.InvocationTargetException
No auto/linux-amd64/*.xml tests in /home/travis/build/icyphy/ptII/ptolemy/domains/de/test
AutoTests.java: About to close Vertx.
AutoTests.java: Vertx closed.

===========================================================================================
----------------- testing Wed Aug 28 05:30:51 UTC 2019 /home/travis/build/icyphy/ptII/ptolemy/domains/de/test/auto/ActorDepthCalculation_actorWithoutPorts.xml
----------------- Instantiating /home/travis/build/icyphy/ptII/ptolemy/domains/de/test/auto/ActorDepthCalculation_actorWithoutPorts.xml
3 ms. Memory: 48128K Free: 13560K (28%)
----------------- Invoking toplevel() on ptolemy.moml.MoMLSimpleApplication@440e328b
----------------- Done invoking toplevel() on ptolemy.moml.MoMLSimpleApplication@440e328b
reloadAllAccessors: .ActorDepthCalculation_actorWithoutPorts

===========================================================================================
----------------- testing Wed Aug 28 05:30:51 UTC 2019 /home/travis/build/icyphy/ptII/ptolemy/domains/de/test/auto/AssemblyLine.xml
----------------- Instantiating /home/travis/build/icyphy/ptII/ptolemy/domains/de/test/auto/AssemblyLine.xml
5 ms. Memory: 48128K Free: 32795K (68%)
----------------- Invoking toplevel() on ptolemy.moml.MoMLSimpleApplication@75349d0
----------------- Done invoking toplevel() on ptolemy.moml.MoMLSimpleApplication@75349d0
reloadAllAccessors: .AssemblyLine

===========================================================================================
----------------- testing Wed Aug 28 05:30:51 UTC 2019 /home/travis/build/icyphy/ptII/ptolemy/domains/de/test/auto/CQBug1.xml
----------------- Instantiating /home/travis/build/icyphy/ptII/ptolemy/domains/de/test/auto/CQBug1.xml
1 ms. Memory: 48128K Free: 29723K (62%)
----------------- Invoking toplevel() on ptolemy.moml.MoMLSimpleApplication@74e87ab1
----------------- Done invoking toplevel() on ptolemy.moml.MoMLSimpleApplication@74e87ab1
reloadAllAccessors: .CQBug1

===========================================================================================
----------------- testing Wed Aug 28 05:30:52 UTC 2019 /home/travis/build/icyphy/ptII/ptolemy/domains/de/test/auto/CancelFireAt.xml
----------------- Instantiating /home/travis/build/icyphy/ptII/ptolemy/domains/de/test/auto/CancelFireAt.xml
1 ms. Memory: 48128K Free: 27345K (57%)
----------------- Invoking toplevel() on ptolemy.moml.MoMLSimpleApplication@59f8d808
----------------- Done invoking toplevel() on ptolemy.moml.MoMLSimpleApplication@59f8d808
reloadAllAccessors: .CancelFireAt

===========================================================================================
----------------- testing Wed Aug 28 05:30:52 UTC 2019 /home/travis/build/icyphy/ptII/ptolemy/domains/de/test/auto/CausalityAndComposabilityAnalysis.xml
----------------- Instantiating /home/travis/build/icyphy/ptII/ptolemy/domains/de/test/auto/CausalityAndComposabilityAnalysis.xml
3 ms. Memory: 48128K Free: 23007K (48%)
----------------- Invoking toplevel() on ptolemy.moml.MoMLSimpleApplication@1e8a967f
----------------- Done invoking toplevel() on ptolemy.moml.MoMLSimpleApplication@1e8a967f
reloadAllAccessors: .CausalityAndComposabilityAnalysis

===========================================================================================
----------------- testing Wed Aug 28 05:30:52 UTC 2019 /home/travis/build/icyphy/ptII/ptolemy/domains/de/test/auto/CausalityInterface1.xml
----------------- Instantiating /home/travis/build/icyphy/ptII/ptolemy/domains/de/test/auto/CausalityInterface1.xml
7 ms. Memory: 48128K Free: 17925K (37%)
----------------- Invoking toplevel() on ptolemy.moml.MoMLSimpleApplication@5bfde55c
----------------- Done invoking toplevel() on ptolemy.moml.MoMLSimpleApplication@5bfde55c
reloadAllAccessors: .CausalityInterface1

===========================================================================================
----------------- testing Wed Aug 28 05:30:52 UTC 2019 /home/travis/build/icyphy/ptII/ptolemy/domains/de/test/auto/CausalityInterface15.xml
----------------- Instantiating /home/travis/build/icyphy/ptII/ptolemy/domains/de/test/auto/CausalityInterface15.xml
2 ms. Memory: 48128K Free: 12508K (26%)
----------------- Invoking toplevel() on ptolemy.moml.MoMLSimpleApplication@6c9efd32
----------------- Done invoking toplevel() on ptolemy.moml.MoMLSimpleApplication@6c9efd32
reloadAllAccessors: .CausalityInterface15

===========================================================================================
----------------- testing Wed Aug 28 05:30:52 UTC 2019 /home/travis/build/icyphy/ptII/ptolemy/domains/de/test/auto/CausalityInterface2.xml
----------------- Instantiating /home/travis/build/icyphy/ptII/ptolemy/domains/de/test/auto/CausalityInterface2.xml
1 ms. Memory: 48128K Free: 7951K (17%)
[...]
	at ptolemy.actor.Manager.run(Manager.java:1263)
	at ptolemy.actor.Manager$PtolemyRunThread.run(Manager.java:1933)
java.lang.RuntimeException: Execution failed
	at ptolemy.moml.MoMLSimpleApplication$UnloadThread.run(MoMLSimpleApplication.java:402)
Caused by: ptolemy.kernel.util.IllegalActionException: Actor is not ready to fire.  Perhaps UpSample.prefire() returned false? Try debugging the actor by selecting "Listen to Actor".  Also, for SDF check moml for tokenConsumptionRate on input.
  in .DESDFClockTest.Play Bell.Copy1:SDF Director and .DESDFClockTest.Play Bell.UpSample
	at ptolemy.actor.sched.StaticSchedulingDirector.fire(StaticSchedulingDirector.java:227)
	at ptolemy.domains.sdf.kernel.SDFDirector.fire(SDFDirector.java:500)
	at ptolemy.actor.CompositeActor.fire(CompositeActor.java:455)
	at ptolemy.domains.de.kernel.DEDirector._fire(DEDirector.java:1949)
	at ptolemy.domains.de.kernel.DEDirector.fire(DEDirector.java:502)
	at ptolemy.actor.CompositeActor.fire(CompositeActor.java:455)
	at ptolemy.actor.Manager.iterate(Manager.java:851)
	at ptolemy.actor.Manager.execute(Manager.java:369)
	at ptolemy.actor.Manager.run(Manager.java:1263)
	at ptolemy.actor.Manager$PtolemyRunThread.run(Manager.java:1933)
java.lang.reflect.InvocationTargetException
	at java.base/jdk.internal.reflect.NativeConstructorAccessorImpl.newInstance0(Native Method)
	at java.base/jdk.internal.reflect.NativeConstructorAccessorImpl.newInstance(NativeConstructorAccessorImpl.java:62)
	at java.base/jdk.internal.reflect.DelegatingConstructorAccessorImpl.newInstance(DelegatingConstructorAccessorImpl.java:45)
	at java.base/java.lang.reflect.Constructor.newInstance(Constructor.java:490)
	at ptolemy.util.test.junit.AutoKnownFailedTests.RunModel(AutoKnownFailedTests.java:105)
	at java.base/jdk.internal.reflect.NativeMethodAccessorImpl.invoke0(Native Method)
	at java.base/jdk.internal.reflect.NativeMethodAccessorImpl.invoke(NativeMethodAccessorImpl.java:62)
	at java.base/jdk.internal.reflect.DelegatingMethodAccessorImpl.invoke(DelegatingMethodAccessorImpl.java:43)
	at java.base/java.lang.reflect.Method.invoke(Method.java:566)
	at org.junit.runners.model.FrameworkMethod$1.runReflectiveCall(FrameworkMethod.java:44)
	at org.junit.internal.runners.model.ReflectiveCallable.run(ReflectiveCallable.java:15)
	at org.junit.runners.model.FrameworkMethod.invokeExplosively(FrameworkMethod.java:41)
	at junitparams.internal.InvokeParameterisedMethod.evaluate(InvokeParameterisedMethod.java:102)
	at org.junit.internal.runners.statements.FailOnTimeout$1.run(FailOnTimeout.java:28)
Caused by: ptolemy.kernel.util.IllegalActionException: Actor is not ready to fire.  Perhaps UpSample.prefire() returned false? Try debugging the actor by selecting "Listen to Actor".  Also, for SDF check moml for tokenConsumptionRate on input.
  in .DESDFClockTest.Play Bell.Copy1:SDF Director and .DESDFClockTest.Play Bell.UpSample
	at ptolemy.actor.sched.StaticSchedulingDirector.fire(StaticSchedulingDirector.java:227)
	at ptolemy.domains.sdf.kernel.SDFDirector.fire(SDFDirector.java:500)
	at ptolemy.actor.CompositeActor.fire(CompositeActor.java:455)
	at ptolemy.domains.de.kernel.DEDirector._fire(DEDirector.java:1949)
	at ptolemy.domains.de.kernel.DEDirector.fire(DEDirector.java:502)
	at ptolemy.actor.CompositeActor.fire(CompositeActor.java:455)
	at ptolemy.actor.Manager.iterate(Manager.java:851)
	at ptolemy.actor.Manager.execute(Manager.java:369)
	at ptolemy.actor.Manager.run(Manager.java:1263)
	at ptolemy.actor.Manager$PtolemyRunThread.run(Manager.java:1933)
java.lang.RuntimeException: Execution failed
	at ptolemy.moml.MoMLSimpleApplication$UnloadThread.run(MoMLSimpleApplication.java:402)
Caused by: ptolemy.kernel.util.IllegalActionException: Test fails in iteration 1.
Value was: 1.0. Should have been: 2.0
  in .DirectFeedback.Test
	at ptolemy.actor.lib.Test.fire(Test.java:268)
	at ptolemy.domains.de.kernel.DEDirector._fire(DEDirector.java:1949)
	at ptolemy.domains.de.kernel.DEDirector.fire(DEDirector.java:502)
	at ptolemy.actor.CompositeActor.fire(CompositeActor.java:455)
	at ptolemy.actor.Manager.iterate(Manager.java:851)
	at ptolemy.actor.Manager.execute(Manager.java:369)
	at ptolemy.actor.Manager.run(Manager.java:1263)
	at ptolemy.actor.Manager$PtolemyRunThread.run(Manager.java:1933)
java.lang.reflect.InvocationTargetException
	at java.base/jdk.internal.reflect.NativeConstructorAccessorImpl.newInstance0(Native Method)
	at java.base/jdk.internal.reflect.NativeConstructorAccessorImpl.newInstance(NativeConstructorAccessorImpl.java:62)
	at java.base/jdk.internal.reflect.DelegatingConstructorAccessorImpl.newInstance(DelegatingConstructorAccessorImpl.java:45)
	at java.base/java.lang.reflect.Constructor.newInstance(Constructor.java:490)
	at ptolemy.util.test.junit.AutoKnownFailedTests.RunModel(AutoKnownFailedTests.java:105)
	at java.base/jdk.internal.reflect.NativeMethodAccessorImpl.invoke0(Native Method)
	at java.base/jdk.internal.reflect.NativeMethodAccessorImpl.invoke(NativeMethodAccessorImpl.java:62)
	at java.base/jdk.internal.reflect.DelegatingMethodAccessorImpl.invoke(DelegatingMethodAccessorImpl.java:43)
	at java.base/java.lang.reflect.Method.invoke(Method.java:566)
	at org.junit.runners.model.FrameworkMethod$1.runReflectiveCall(FrameworkMethod.java:44)
	at org.junit.internal.runners.model.ReflectiveCallable.run(ReflectiveCallable.java:15)
	at org.junit.runners.model.FrameworkMethod.invokeExplosively(FrameworkMethod.java:41)
	at junitparams.internal.InvokeParameterisedMethod.evaluate(InvokeParameterisedMethod.java:102)
	at org.junit.internal.runners.statements.FailOnTimeout$1.run(FailOnTimeout.java:28)
Caused by: ptolemy.kernel.util.IllegalActionException: Test fails in iteration 1.
Value was: 1.0. Should have been: 2.0
  in .DirectFeedback.Test
	at ptolemy.actor.lib.Test.fire(Test.java:268)
	at ptolemy.domains.de.kernel.DEDirector._fire(DEDirector.java:1949)
	at ptolemy.domains.de.kernel.DEDirector.fire(DEDirector.java:502)
	at ptolemy.actor.CompositeActor.fire(CompositeActor.java:455)
	at ptolemy.actor.Manager.iterate(Manager.java:851)
	at ptolemy.actor.Manager.execute(Manager.java:369)
	at ptolemy.actor.Manager.run(Manager.java:1263)
	at ptolemy.actor.Manager$PtolemyRunThread.run(Manager.java:1933)
java.lang.RuntimeException: Execution failed
	at ptolemy.moml.MoMLSimpleApplication$UnloadThread.run(MoMLSimpleApplication.java:402)
Caused by: ptolemy.kernel.util.IllegalActionException: Found a zero delay loop containing .HierarchicalModel.A
  in .HierarchicalModel and .HierarchicalModel.A
	at ptolemy.actor.util.CausalityInterfaceForComposites._computeOutputPortDepth(CausalityInterfaceForComposites.java:759)
	at ptolemy.actor.util.CausalityInterfaceForComposites._computeInputDepth(CausalityInterfaceForComposites.java:696)
	at ptolemy.actor.util.CausalityInterfaceForComposites._computeOutputPortDepth(CausalityInterfaceForComposites.java:765)
	at ptolemy.actor.util.CausalityInterfaceForComposites._computeInputDepth(CausalityInterfaceForComposites.java:696)
	at ptolemy.actor.util.CausalityInterfaceForComposites._computeOutputPortDepth(CausalityInterfaceForComposites.java:765)
	at ptolemy.actor.util.CausalityInterfaceForComposites._computeInputDepth(CausalityInterfaceForComposites.java:696)
	at ptolemy.actor.util.CausalityInterfaceForComposites._computeActorDepth(CausalityInterfaceForComposites.java:532)
	at ptolemy.actor.util.CausalityInterfaceForComposites.checkForCycles(CausalityInterfaceForComposites.java:96)
	at ptolemy.domains.de.kernel.DEDirector.preinitialize(DEDirector.java:1338)
	at ptolemy.actor.CompositeActor.preinitialize(CompositeActor.java:1828)
	at ptolemy.actor.Manager.preinitializeAndResolveTypes(Manager.java:1040)
	at ptolemy.actor.Manager.initialize(Manager.java:710)
	at ptolemy.actor.Manager.execute(Manager.java:356)
	at ptolemy.actor.Manager.run(Manager.java:1263)
	at ptolemy.actor.Manager$PtolemyRunThread.run(Manager.java:1933)
java.lang.reflect.InvocationTargetException
	at java.base/jdk.internal.reflect.NativeConstructorAccessorImpl.newInstance0(Native Method)
	at java.base/jdk.internal.reflect.NativeConstructorAccessorImpl.newInstance(NativeConstructorAccessorImpl.java:62)
	at java.base/jdk.internal.reflect.DelegatingConstructorAccessorImpl.newInstance(DelegatingConstructorAccessorImpl.java:45)
	at java.base/java.lang.reflect.Constructor.newInstance(Constructor.java:490)
	at ptolemy.util.test.junit.AutoKnownFailedTests.RunModel(AutoKnownFailedTests.java:105)
	at java.base/jdk.internal.reflect.NativeMethodAccessorImpl.invoke0(Native Method)
	at java.base/jdk.internal.reflect.NativeMethodAccessorImpl.invoke(NativeMethodAccessorImpl.java:62)
	at java.base/jdk.internal.reflect.DelegatingMethodAccessorImpl.invoke(DelegatingMethodAccessorImpl.java:43)
	at java.base/java.lang.reflect.Method.invoke(Method.java:566)
	at org.junit.runners.model.FrameworkMethod$1.runReflectiveCall(FrameworkMethod.java:44)
	at org.junit.internal.runners.model.ReflectiveCallable.run(ReflectiveCallable.java:15)
	at org.junit.runners.model.FrameworkMethod.invokeExplosively(FrameworkMethod.java:41)
	at junitparams.internal.InvokeParameterisedMethod.evaluate(InvokeParameterisedMethod.java:102)
	at org.junit.internal.runners.statements.FailOnTimeout$1.run(FailOnTimeout.java:28)
Caused by: ptolemy.kernel.util.IllegalActionException: Found a zero delay loop containing .HierarchicalModel.A
  in .HierarchicalModel and .HierarchicalModel.A
	at ptolemy.actor.util.CausalityInterfaceForComposites._computeOutputPortDepth(CausalityInterfaceForComposites.java:759)
	at ptolemy.actor.util.CausalityInterfaceForComposites._computeInputDepth(CausalityInterfaceForComposites.java:696)
	at ptolemy.actor.util.CausalityInterfaceForComposites._computeOutputPortDepth(CausalityInterfaceForComposites.java:765)
	at ptolemy.actor.util.CausalityInterfaceForComposites._computeInputDepth(CausalityInterfaceForComposites.java:696)
	at ptolemy.actor.util.CausalityInterfaceForComposites._computeOutputPortDepth(CausalityInterfaceForComposites.java:765)
	at ptolemy.actor.util.CausalityInterfaceForComposites._computeInputDepth(CausalityInterfaceForComposites.java:696)
	at ptolemy.actor.util.CausalityInterfaceForComposites._computeActorDepth(CausalityInterfaceForComposites.java:532)
	at ptolemy.actor.util.CausalityInterfaceForComposites.checkForCycles(CausalityInterfaceForComposites.java:96)
	at ptolemy.domains.de.kernel.DEDirector.preinitialize(DEDirector.java:1338)
	at ptolemy.actor.CompositeActor.preinitialize(CompositeActor.java:1828)
	at ptolemy.actor.Manager.preinitializeAndResolveTypes(Manager.java:1040)
	at ptolemy.actor.Manager.initialize(Manager.java:710)
	at ptolemy.actor.Manager.execute(Manager.java:356)
	at ptolemy.actor.Manager.run(Manager.java:1263)
	at ptolemy.actor.Manager$PtolemyRunThread.run(Manager.java:1933)
java.lang.RuntimeException: Execution failed
	at ptolemy.moml.MoMLSimpleApplication$UnloadThread.run(MoMLSimpleApplication.java:402)
Caused by: ptolemy.kernel.util.IllegalActionException: Found a zero delay loop containing .dependencyLoop.original
  in .dependencyLoop and .dependencyLoop.original
	at ptolemy.actor.util.CausalityInterfaceForComposites._computeOutputPortDepth(CausalityInterfaceForComposites.java:759)
	at ptolemy.actor.util.CausalityInterfaceForComposites._computeInputDepth(CausalityInterfaceForComposites.java:696)
	at ptolemy.actor.util.CausalityInterfaceForComposites._computeOutputPortDepth(CausalityInterfaceForComposites.java:765)
	at ptolemy.actor.util.CausalityInterfaceForComposites._computeInputDepth(CausalityInterfaceForComposites.java:696)
	at ptolemy.actor.util.CausalityInterfaceForComposites._computeOutputPortDepth(CausalityInterfaceForComposites.java:765)
	at ptolemy.actor.util.CausalityInterfaceForComposites._computeInputDepth(CausalityInterfaceForComposites.java:696)
	at ptolemy.actor.util.CausalityInterfaceForComposites._computeActorDepth(CausalityInterfaceForComposites.java:532)
	at ptolemy.actor.util.CausalityInterfaceForComposites.checkForCycles(CausalityInterfaceForComposites.java:96)
	at ptolemy.domains.de.kernel.DEDirector.preinitialize(DEDirector.java:1338)
	at ptolemy.actor.CompositeActor.preinitialize(CompositeActor.java:1828)
	at ptolemy.actor.Manager.preinitializeAndResolveTypes(Manager.java:1040)
	at ptolemy.actor.Manager.initialize(Manager.java:710)
	at ptolemy.actor.Manager.execute(Manager.java:356)
	at ptolemy.actor.Manager.run(Manager.java:1263)
	at ptolemy.actor.Manager$PtolemyRunThread.run(Manager.java:1933)
java.lang.reflect.InvocationTargetException
	at java.base/jdk.internal.reflect.NativeConstructorAccessorImpl.newInstance0(Native Method)
	at java.base/jdk.internal.reflect.NativeConstructorAccessorImpl.newInstance(NativeConstructorAccessorImpl.java:62)
	at java.base/jdk.internal.reflect.DelegatingConstructorAccessorImpl.newInstance(DelegatingConstructorAccessorImpl.java:45)
	at java.base/java.lang.reflect.Constructor.newInstance(Constructor.java:490)
	at ptolemy.util.test.junit.AutoKnownFailedTests.RunModel(AutoKnownFailedTests.java:105)
	at java.base/jdk.internal.reflect.NativeMethodAccessorImpl.invoke0(Native Method)
	at java.base/jdk.internal.reflect.NativeMethodAccessorImpl.invoke(NativeMethodAccessorImpl.java:62)
	at java.base/jdk.internal.reflect.DelegatingMethodAccessorImpl.invoke(DelegatingMethodAccessorImpl.java:43)
	at java.base/java.lang.reflect.Method.invoke(Method.java:566)
	at org.junit.runners.model.FrameworkMethod$1.runReflectiveCall(FrameworkMethod.java:44)
	at org.junit.internal.runners.model.ReflectiveCallable.run(ReflectiveCallable.java:15)
	at org.junit.runners.model.FrameworkMethod.invokeExplosively(FrameworkMethod.java:41)
	at junitparams.internal.InvokeParameterisedMethod.evaluate(InvokeParameterisedMethod.java:102)
	at org.junit.internal.runners.statements.FailOnTimeout$1.run(FailOnTimeout.java:28)
Caused by: ptolemy.kernel.util.IllegalActionException: Found a zero delay loop containing .dependencyLoop.original
  in .dependencyLoop and .dependencyLoop.original
	at ptolemy.actor.util.CausalityInterfaceForComposites._computeOutputPortDepth(CausalityInterfaceForComposites.java:759)
	at ptolemy.actor.util.CausalityInterfaceForComposites._computeInputDepth(CausalityInterfaceForComposites.java:696)
	at ptolemy.actor.util.CausalityInterfaceForComposites._computeOutputPortDepth(CausalityInterfaceForComposites.java:765)
	at ptolemy.actor.util.CausalityInterfaceForComposites._computeInputDepth(CausalityInterfaceForComposites.java:696)
	at ptolemy.actor.util.CausalityInterfaceForComposites._computeOutputPortDepth(CausalityInterfaceForComposites.java:765)
	at ptolemy.actor.util.CausalityInterfaceForComposites._computeInputDepth(CausalityInterfaceForComposites.java:696)
	at ptolemy.actor.util.CausalityInterfaceForComposites._computeActorDepth(CausalityInterfaceForComposites.java:532)
	at ptolemy.actor.util.CausalityInterfaceForComposites.checkForCycles(CausalityInterfaceForComposites.java:96)
	at ptolemy.domains.de.kernel.DEDirector.preinitialize(DEDirector.java:1338)
	at ptolemy.actor.CompositeActor.preinitialize(CompositeActor.java:1828)
	at ptolemy.actor.Manager.preinitializeAndResolveTypes(Manager.java:1040)
	at ptolemy.actor.Manager.initialize(Manager.java:710)
	at ptolemy.actor.Manager.execute(Manager.java:356)
	at ptolemy.actor.Manager.run(Manager.java:1263)
	at ptolemy.actor.Manager$PtolemyRunThread.run(Manager.java:1933)
java.lang.RuntimeException: Execution failed
	at ptolemy.moml.MoMLSimpleApplication$UnloadThread.run(MoMLSimpleApplication.java:402)
Caused by: ptolemy.kernel.util.IllegalActionException: Found a zero delay loop containing .dependencyLoop2.original
  in .dependencyLoop2 and .dependencyLoop2.original
	at ptolemy.actor.util.CausalityInterfaceForComposites._computeOutputPortDepth(CausalityInterfaceForComposites.java:759)
	at ptolemy.actor.util.CausalityInterfaceForComposites._computeInputDepth(CausalityInterfaceForComposites.java:696)
	at ptolemy.actor.util.CausalityInterfaceForComposites._computeOutputPortDepth(CausalityInterfaceForComposites.java:765)
	at ptolemy.actor.util.CausalityInterfaceForComposites._computeInputDepth(CausalityInterfaceForComposites.java:696)
	at ptolemy.actor.util.CausalityInterfaceForComposites._computeOutputPortDepth(CausalityInterfaceForComposites.java:765)
	at ptolemy.actor.util.CausalityInterfaceForComposites._computeInputDepth(CausalityInterfaceForComposites.java:696)
	at ptolemy.actor.util.CausalityInterfaceForComposites._computeActorDepth(CausalityInterfaceForComposites.java:532)
	at ptolemy.actor.util.CausalityInterfaceForComposites.checkForCycles(CausalityInterfaceForComposites.java:96)
	at ptolemy.domains.de.kernel.DEDirector.preinitialize(DEDirector.java:1338)
	at ptolemy.actor.CompositeActor.preinitialize(CompositeActor.java:1828)
	at ptolemy.actor.Manager.preinitializeAndResolveTypes(Manager.java:1040)
	at ptolemy.actor.Manager.initialize(Manager.java:710)
	at ptolemy.actor.Manager.execute(Manager.java:356)
	at ptolemy.actor.Manager.run(Manager.java:1263)
	at ptolemy.actor.Manager$PtolemyRunThread.run(Manager.java:1933)
java.lang.reflect.InvocationTargetException
	at java.base/jdk.internal.reflect.NativeConstructorAccessorImpl.newInstance0(Native Method)
	at java.base/jdk.internal.reflect.NativeConstructorAccessorImpl.newInstance(NativeConstructorAccessorImpl.java:62)
	at java.base/jdk.internal.reflect.DelegatingConstructorAccessorImpl.newInstance(DelegatingConstructorAccessorImpl.java:45)
	at java.base/java.lang.reflect.Constructor.newInstance(Constructor.java:490)
	at ptolemy.util.test.junit.AutoKnownFailedTests.RunModel(AutoKnownFailedTests.java:105)
	at java.base/jdk.internal.reflect.NativeMethodAccessorImpl.invoke0(Native Method)
	at java.base/jdk.internal.reflect.NativeMethodAccessorImpl.invoke(NativeMethodAccessorImpl.java:62)
	at java.base/jdk.internal.reflect.DelegatingMethodAccessorImpl.invoke(DelegatingMethodAccessorImpl.java:43)
	at java.base/java.lang.reflect.Method.invoke(Method.java:566)
	at org.junit.runners.model.FrameworkMethod$1.runReflectiveCall(FrameworkMethod.java:44)
	at org.junit.internal.runners.model.ReflectiveCallable.run(ReflectiveCallable.java:15)
	at org.junit.runners.model.FrameworkMethod.invokeExplosively(FrameworkMethod.java:41)
	at junitparams.internal.InvokeParameterisedMethod.evaluate(InvokeParameterisedMethod.java:102)
	at org.junit.internal.runners.statements.FailOnTimeout$1.run(FailOnTimeout.java:28)
Caused by: ptolemy.kernel.util.IllegalActionException: Found a zero delay loop containing .dependencyLoop2.original
  in .dependencyLoop2 and .dependencyLoop2.original
	at ptolemy.actor.util.CausalityInterfaceForComposites._computeOutputPortDepth(CausalityInterfaceForComposites.java:759)
	at ptolemy.actor.util.CausalityInterfaceForComposites._computeInputDepth(CausalityInterfaceForComposites.java:696)
	at ptolemy.actor.util.CausalityInterfaceForComposites._computeOutputPortDepth(CausalityInterfaceForComposites.java:765)
	at ptolemy.actor.util.CausalityInterfaceForComposites._computeInputDepth(CausalityInterfaceForComposites.java:696)
	at ptolemy.actor.util.CausalityInterfaceForComposites._computeOutputPortDepth(CausalityInterfaceForComposites.java:765)
	at ptolemy.actor.util.CausalityInterfaceForComposites._computeInputDepth(CausalityInterfaceForComposites.java:696)
	at ptolemy.actor.util.CausalityInterfaceForComposites._computeActorDepth(CausalityInterfaceForComposites.java:532)
	at ptolemy.actor.util.CausalityInterfaceForComposites.checkForCycles(CausalityInterfaceForComposites.java:96)
	at ptolemy.domains.de.kernel.DEDirector.preinitialize(DEDirector.java:1338)
	at ptolemy.actor.CompositeActor.preinitialize(CompositeActor.java:1828)
	at ptolemy.actor.Manager.preinitializeAndResolveTypes(Manager.java:1040)
	at ptolemy.actor.Manager.initialize(Manager.java:710)
	at ptolemy.actor.Manager.execute(Manager.java:356)
	at ptolemy.actor.Manager.run(Manager.java:1263)
	at ptolemy.actor.Manager$PtolemyRunThread.run(Manager.java:1933)
]]></system-err>
</testsuite>
