<?xml version="1.0" encoding="UTF-8" ?>
<testsuite errors="0" failures="0" hostname="travis-job-0487af66-67b4-4e84-b76a-445eed6eddc0" name="ptolemy.domains.sdf.lib.test.junit.JUnitTclTest" skipped="0" tests="82" time="9.048" timestamp="2019-01-05T03:18:24">
  <properties>
[...]
</properties>
  <testcase classname="ptolemy.util.test.junit.TclTests" name="[0] /home/travis/build/icyphy/ptII/ptolemy/domains/sdf/lib/test/ArrayToSequence.tcl (RunTclFile)" time="0.47" />
  <testcase classname="ptolemy.util.test.junit.TclTests" name="[1] /home/travis/build/icyphy/ptII/ptolemy/domains/sdf/lib/test/BitsToInt.tcl (RunTclFile)" time="0.044" />
  <testcase classname="ptolemy.util.test.junit.TclTests" name="[2] /home/travis/build/icyphy/ptII/ptolemy/domains/sdf/lib/test/DelayLine.tcl (RunTclFile)" time="0.028" />
  <testcase classname="ptolemy.util.test.junit.TclTests" name="[3] /home/travis/build/icyphy/ptII/ptolemy/domains/sdf/lib/test/FFT.tcl (RunTclFile)" time="0.021" />
  <testcase classname="ptolemy.util.test.junit.TclTests" name="[4] /home/travis/build/icyphy/ptII/ptolemy/domains/sdf/lib/test/FIR.tcl (RunTclFile)" time="0.109" />
  <testcase classname="ptolemy.util.test.junit.TclTests" name="[5] /home/travis/build/icyphy/ptII/ptolemy/domains/sdf/lib/test/IntToBits.tcl (RunTclFile)" time="0.038" />
  <testcase classname="ptolemy.util.test.junit.TclTests" name="[6] /home/travis/build/icyphy/ptII/ptolemy/domains/sdf/lib/test/MaximumEntropySpectrum.tcl (RunTclFile)" time="0.23" />
  <testcase classname="ptolemy.util.test.junit.TclTests" name="[7] /home/travis/build/icyphy/ptII/ptolemy/domains/sdf/lib/test/Repeat.tcl (RunTclFile)" time="0.035" />
  <testcase classname="ptolemy.util.test.junit.TclTests" name="[8] /home/travis/build/icyphy/ptII/ptolemy/domains/sdf/lib/test/SampleDelay.tcl (RunTclFile)" time="0.059" />
  <testcase classname="ptolemy.util.test.junit.TclTests" name="[9] /home/travis/build/icyphy/ptII/ptolemy/domains/sdf/lib/test/SequenceToArray.tcl (RunTclFile)" time="0.055" />
  <testcase classname="ptolemy.util.test.junit.AutoKnownFailedTests" name="[0] ThereAreNoKnowFailedTests (RunModel)" time="0.008" />
  <testcase classname="ptolemy.util.test.junit.AutoNameArchTests" name="[0] ThereAreNoAutoArchTests (RunModel)" time="0.002" />
  <testcase classname="ptolemy.util.test.junit.AutoTests" name="[0] /home/travis/build/icyphy/ptII/ptolemy/domains/sdf/lib/test/auto/ArrayToSequence.xml (RunModel)" time="0.137" />
  <testcase classname="ptolemy.util.test.junit.AutoTests" name="[1] /home/travis/build/icyphy/ptII/ptolemy/domains/sdf/lib/test/auto/ArrayToSequenceTest.xml (RunModel)" time="0.054" />
  <testcase classname="ptolemy.util.test.junit.AutoTests" name="[2] /home/travis/build/icyphy/ptII/ptolemy/domains/sdf/lib/test/auto/Autocorrelation.xml (RunModel)" time="0.02" />
  <testcase classname="ptolemy.util.test.junit.AutoTests" name="[3] /home/travis/build/icyphy/ptII/ptolemy/domains/sdf/lib/test/auto/Autocorrelation2.xml (RunModel)" time="0.019" />
  <testcase classname="ptolemy.util.test.junit.AutoTests" name="[4] /home/travis/build/icyphy/ptII/ptolemy/domains/sdf/lib/test/auto/Autocorrelation3.xml (RunModel)" time="0.018" />
  <testcase classname="ptolemy.util.test.junit.AutoTests" name="[5] /home/travis/build/icyphy/ptII/ptolemy/domains/sdf/lib/test/auto/Autocorrelation4.xml (RunModel)" time="0.02" />
  <testcase classname="ptolemy.util.test.junit.AutoTests" name="[6] /home/travis/build/icyphy/ptII/ptolemy/domains/sdf/lib/test/auto/Autocorrelation5.xml (RunModel)" time="0.07" />
  <testcase classname="ptolemy.util.test.junit.AutoTests" name="[7] /home/travis/build/icyphy/ptII/ptolemy/domains/sdf/lib/test/auto/BitsToInt.xml (RunModel)" time="0.017" />
  <testcase classname="ptolemy.util.test.junit.AutoTests" name="[8] /home/travis/build/icyphy/ptII/ptolemy/domains/sdf/lib/test/auto/BooleanJoin.xml (RunModel)" time="0.026" />
  <testcase classname="ptolemy.util.test.junit.AutoTests" name="[9] /home/travis/build/icyphy/ptII/ptolemy/domains/sdf/lib/test/auto/BootstrapSampleDelay.xml (RunModel)" time="0.052" />
  <testcase classname="ptolemy.util.test.junit.AutoTests" name="[10] /home/travis/build/icyphy/ptII/ptolemy/domains/sdf/lib/test/auto/Chop.xml (RunModel)" time="0.084" />
  <testcase classname="ptolemy.util.test.junit.AutoTests" name="[11] /home/travis/build/icyphy/ptII/ptolemy/domains/sdf/lib/test/auto/Chop2.xml (RunModel)" time="0.066" />
  <testcase classname="ptolemy.util.test.junit.AutoTests" name="[12] /home/travis/build/icyphy/ptII/ptolemy/domains/sdf/lib/test/auto/ComplexJoin.xml (RunModel)" time="0.032" />
  <testcase classname="ptolemy.util.test.junit.AutoTests" name="[13] /home/travis/build/icyphy/ptII/ptolemy/domains/sdf/lib/test/auto/CountTrues.xml (RunModel)" time="0.03" />
  <testcase classname="ptolemy.util.test.junit.AutoTests" name="[14] /home/travis/build/icyphy/ptII/ptolemy/domains/sdf/lib/test/auto/DelayLine.xml (RunModel)" time="0.049" />
  <testcase classname="ptolemy.util.test.junit.AutoTests" name="[15] /home/travis/build/icyphy/ptII/ptolemy/domains/sdf/lib/test/auto/DotProduct.xml (RunModel)" time="0.031" />
  <testcase classname="ptolemy.util.test.junit.AutoTests" name="[16] /home/travis/build/icyphy/ptII/ptolemy/domains/sdf/lib/test/auto/DotProductMatrix.xml (RunModel)" time="0.019" />
  <testcase classname="ptolemy.util.test.junit.AutoTests" name="[17] /home/travis/build/icyphy/ptII/ptolemy/domains/sdf/lib/test/auto/DownSample1.xml (RunModel)" time="0.017" />
  <testcase classname="ptolemy.util.test.junit.AutoTests" name="[18] /home/travis/build/icyphy/ptII/ptolemy/domains/sdf/lib/test/auto/DynamicRateChange.xml (RunModel)" time="0.054" />
  <testcase classname="ptolemy.util.test.junit.AutoTests" name="[19] /home/travis/build/icyphy/ptII/ptolemy/domains/sdf/lib/test/auto/DynamicRates.xml (RunModel)" time="0.036" />
  <testcase classname="ptolemy.util.test.junit.AutoTests" name="[20] /home/travis/build/icyphy/ptII/ptolemy/domains/sdf/lib/test/auto/FFT1.xml (RunModel)" time="0.045" />
  <testcase classname="ptolemy.util.test.junit.AutoTests" name="[21] /home/travis/build/icyphy/ptII/ptolemy/domains/sdf/lib/test/auto/FIR1.xml (RunModel)" time="0.05" />
  <testcase classname="ptolemy.util.test.junit.AutoTests" name="[22] /home/travis/build/icyphy/ptII/ptolemy/domains/sdf/lib/test/auto/FIR2.xml (RunModel)" time="0.028" />
  <testcase classname="ptolemy.util.test.junit.AutoTests" name="[23] /home/travis/build/icyphy/ptII/ptolemy/domains/sdf/lib/test/auto/FIR4.xml (RunModel)" time="0.05" />
  <testcase classname="ptolemy.util.test.junit.AutoTests" name="[24] /home/travis/build/icyphy/ptII/ptolemy/domains/sdf/lib/test/auto/FixJoin.xml (RunModel)" time="0.04" />
  <testcase classname="ptolemy.util.test.junit.AutoTests" name="[25] /home/travis/build/icyphy/ptII/ptolemy/domains/sdf/lib/test/auto/IntJoin1.xml (RunModel)" time="0.023" />
  <testcase classname="ptolemy.util.test.junit.AutoTests" name="[26] /home/travis/build/icyphy/ptII/ptolemy/domains/sdf/lib/test/auto/IntJoin2.xml (RunModel)" time="0.022" />
  <testcase classname="ptolemy.util.test.junit.AutoTests" name="[27] /home/travis/build/icyphy/ptII/ptolemy/domains/sdf/lib/test/auto/IntJoin3.xml (RunModel)" time="0.025" />
  <testcase classname="ptolemy.util.test.junit.AutoTests" name="[28] /home/travis/build/icyphy/ptII/ptolemy/domains/sdf/lib/test/auto/IntJoin4.xml (RunModel)" time="0.028" />
  <testcase classname="ptolemy.util.test.junit.AutoTests" name="[29] /home/travis/build/icyphy/ptII/ptolemy/domains/sdf/lib/test/auto/IntJoin5.xml (RunModel)" time="0.024" />
  <testcase classname="ptolemy.util.test.junit.AutoTests" name="[30] /home/travis/build/icyphy/ptII/ptolemy/domains/sdf/lib/test/auto/IntToBits.xml (RunModel)" time="0.024" />
  <testcase classname="ptolemy.util.test.junit.AutoTests" name="[31] /home/travis/build/icyphy/ptII/ptolemy/domains/sdf/lib/test/auto/LMSAdaptive.xml (RunModel)" time="0.085" />
  <testcase classname="ptolemy.util.test.junit.AutoTests" name="[32] /home/travis/build/icyphy/ptII/ptolemy/domains/sdf/lib/test/auto/LMSAdaptiveFIR.xml (RunModel)" time="0.333" />
  <testcase classname="ptolemy.util.test.junit.AutoTests" name="[33] /home/travis/build/icyphy/ptII/ptolemy/domains/sdf/lib/test/auto/LMSAdaptiveFIR2.xml (RunModel)" time="0.447" />
  <testcase classname="ptolemy.util.test.junit.AutoTests" name="[34] /home/travis/build/icyphy/ptII/ptolemy/domains/sdf/lib/test/auto/LongJoin.xml (RunModel)" time="0.025" />
  <testcase classname="ptolemy.util.test.junit.AutoTests" name="[35] /home/travis/build/icyphy/ptII/ptolemy/domains/sdf/lib/test/auto/Matrix1.xml (RunModel)" time="0.018" />
  <testcase classname="ptolemy.util.test.junit.AutoTests" name="[36] /home/travis/build/icyphy/ptII/ptolemy/domains/sdf/lib/test/auto/Matrix2.xml (RunModel)" time="0.05" />
  <testcase classname="ptolemy.util.test.junit.AutoTests" name="[37] /home/travis/build/icyphy/ptII/ptolemy/domains/sdf/lib/test/auto/MatrixJoin1.xml (RunModel)" time="0.039" />
  <testcase classname="ptolemy.util.test.junit.AutoTests" name="[38] /home/travis/build/icyphy/ptII/ptolemy/domains/sdf/lib/test/auto/MatrixJoin2.xml (RunModel)" time="0.026" />
  <testcase classname="ptolemy.util.test.junit.AutoTests" name="[39] /home/travis/build/icyphy/ptII/ptolemy/domains/sdf/lib/test/auto/MatrixJoin3.xml (RunModel)" time="0.029" />
  <testcase classname="ptolemy.util.test.junit.AutoTests" name="[40] /home/travis/build/icyphy/ptII/ptolemy/domains/sdf/lib/test/auto/MatrixJoin4.xml (RunModel)" time="0.023" />
  <testcase classname="ptolemy.util.test.junit.AutoTests" name="[41] /home/travis/build/icyphy/ptII/ptolemy/domains/sdf/lib/test/auto/MatrixJoin5.xml (RunModel)" time="0.023" />
  <testcase classname="ptolemy.util.test.junit.AutoTests" name="[42] /home/travis/build/icyphy/ptII/ptolemy/domains/sdf/lib/test/auto/MatrixSplit1.xml (RunModel)" time="0.034" />
  <testcase classname="ptolemy.util.test.junit.AutoTests" name="[43] /home/travis/build/icyphy/ptII/ptolemy/domains/sdf/lib/test/auto/MatrixSplit10.xml (RunModel)" time="0.025" />
  <testcase classname="ptolemy.util.test.junit.AutoTests" name="[44] /home/travis/build/icyphy/ptII/ptolemy/domains/sdf/lib/test/auto/MatrixSplit11.xml (RunModel)" time="0.023" />
  <testcase classname="ptolemy.util.test.junit.AutoTests" name="[45] /home/travis/build/icyphy/ptII/ptolemy/domains/sdf/lib/test/auto/MatrixSplit12.xml (RunModel)" time="0.024" />
  <testcase classname="ptolemy.util.test.junit.AutoTests" name="[46] /home/travis/build/icyphy/ptII/ptolemy/domains/sdf/lib/test/auto/MatrixSplit13.xml (RunModel)" time="0.038" />
  <testcase classname="ptolemy.util.test.junit.AutoTests" name="[47] /home/travis/build/icyphy/ptII/ptolemy/domains/sdf/lib/test/auto/MatrixSplit14.xml (RunModel)" time="0.017" />
  <testcase classname="ptolemy.util.test.junit.AutoTests" name="[48] /home/travis/build/icyphy/ptII/ptolemy/domains/sdf/lib/test/auto/MatrixSplit2.xml (RunModel)" time="0.025" />
  <testcase classname="ptolemy.util.test.junit.AutoTests" name="[49] /home/travis/build/icyphy/ptII/ptolemy/domains/sdf/lib/test/auto/MatrixSplit3.xml (RunModel)" time="0.021" />
  <testcase classname="ptolemy.util.test.junit.AutoTests" name="[50] /home/travis/build/icyphy/ptII/ptolemy/domains/sdf/lib/test/auto/MatrixSplit4.xml (RunModel)" time="0.018" />
  <testcase classname="ptolemy.util.test.junit.AutoTests" name="[51] /home/travis/build/icyphy/ptII/ptolemy/domains/sdf/lib/test/auto/MatrixSplit5.xml (RunModel)" time="0.018" />
  <testcase classname="ptolemy.util.test.junit.AutoTests" name="[52] /home/travis/build/icyphy/ptII/ptolemy/domains/sdf/lib/test/auto/MatrixSplit6.xml (RunModel)" time="0.019" />
  <testcase classname="ptolemy.util.test.junit.AutoTests" name="[53] /home/travis/build/icyphy/ptII/ptolemy/domains/sdf/lib/test/auto/MatrixSplit7.xml (RunModel)" time="0.021" />
  <testcase classname="ptolemy.util.test.junit.AutoTests" name="[54] /home/travis/build/icyphy/ptII/ptolemy/domains/sdf/lib/test/auto/MatrixSplit8.xml (RunModel)" time="0.017" />
  <testcase classname="ptolemy.util.test.junit.AutoTests" name="[55] /home/travis/build/icyphy/ptII/ptolemy/domains/sdf/lib/test/auto/MatrixSplit9.xml (RunModel)" time="0.036" />
  <testcase classname="ptolemy.util.test.junit.AutoTests" name="[56] /home/travis/build/icyphy/ptII/ptolemy/domains/sdf/lib/test/auto/MatrixToSequence.xml (RunModel)" time="0.068" />
  <testcase classname="ptolemy.util.test.junit.AutoTests" name="[57] /home/travis/build/icyphy/ptII/ptolemy/domains/sdf/lib/test/auto/MaximumEntropySpectrum.xml (RunModel)" time="0.094" />
  <testcase classname="ptolemy.util.test.junit.AutoTests" name="[58] /home/travis/build/icyphy/ptII/ptolemy/domains/sdf/lib/test/auto/SampleDelayConversion.xml (RunModel)" time="0.028" />
  <testcase classname="ptolemy.util.test.junit.AutoTests" name="[59] /home/travis/build/icyphy/ptII/ptolemy/domains/sdf/lib/test/auto/SequenceToArray.xml (RunModel)" time="0.056" />
  <testcase classname="ptolemy.util.test.junit.AutoTests" name="[60] /home/travis/build/icyphy/ptII/ptolemy/domains/sdf/lib/test/auto/SequenceToMatrix.xml (RunModel)" time="4.272" />
  <testcase classname="ptolemy.util.test.junit.AutoTests" name="[61] /home/travis/build/icyphy/ptII/ptolemy/domains/sdf/lib/test/auto/SmoothedPeriodogram.xml (RunModel)" time="0.058" />
  <testcase classname="ptolemy.util.test.junit.AutoTests" name="[62] /home/travis/build/icyphy/ptII/ptolemy/domains/sdf/lib/test/auto/UpDownSample1.xml (RunModel)" time="0.022" />
  <testcase classname="ptolemy.util.test.junit.AutoTests" name="[63] /home/travis/build/icyphy/ptII/ptolemy/domains/sdf/lib/test/auto/UpSample1.xml (RunModel)" time="0.02" />
  <testcase classname="ptolemy.util.test.junit.AutoTests" name="[64] /home/travis/build/icyphy/ptII/ptolemy/domains/sdf/lib/test/auto/VariableFIR.xml (RunModel)" time="0.033" />
  <testcase classname="ptolemy.util.test.junit.AutoTests" name="[65] /home/travis/build/icyphy/ptII/ptolemy/domains/sdf/lib/test/auto/VariableFIR2.xml (RunModel)" time="0.033" />
  <testcase classname="ptolemy.util.test.junit.AutoTests" name="[66] /home/travis/build/icyphy/ptII/ptolemy/domains/sdf/lib/test/auto/VariableLattice.xml (RunModel)" time="0.031" />
  <testcase classname="ptolemy.util.test.junit.AutoTests" name="[67] /home/travis/build/icyphy/ptII/ptolemy/domains/sdf/lib/test/auto/VariableLattice2.xml (RunModel)" time="0.023" />
  <testcase classname="ptolemy.util.test.junit.AutoTests" name="[68] /home/travis/build/icyphy/ptII/ptolemy/domains/sdf/lib/test/auto/VariableRecursiveLattice.xml (RunModel)" time="0.019" />
  <testcase classname="ptolemy.util.test.junit.AutoTests" name="[69] /home/travis/build/icyphy/ptII/ptolemy/domains/sdf/lib/test/auto/VariableRecursiveLattice2.xml (RunModel)" time="0.021" />
  <system-out><![CDATA[/home/travis/build/icyphy/ptII/ptolemy/domains/sdf/lib/test/ArrayToSequence.tcl
testDefs.tcl: setting time out to 9000 seconds at Sat Jan 05 03:18:24 UTC 2019
52 ms. Memory: 116224K Free: 110116K (95%)
8 ms. Memory: 116224K Free: 108308K (93%)
9 ms. Memory: 116224K Free: 106500K (92%)
8 ms. Memory: 116224K Free: 105305K (91%)
/home/travis/build/icyphy/ptII/ptolemy/domains/sdf/lib/test/BitsToInt.tcl
8 ms. Memory: 116224K Free: 103537K (89%)
15 ms. Memory: 116224K Free: 101697K (88%)
/home/travis/build/icyphy/ptII/ptolemy/domains/sdf/lib/test/DelayLine.tcl
7 ms. Memory: 116224K Free: 99922K (86%)
/home/travis/build/icyphy/ptII/ptolemy/domains/sdf/lib/test/FFT.tcl
10 ms. Memory: 116224K Free: 98130K (84%)
/home/travis/build/icyphy/ptII/ptolemy/domains/sdf/lib/test/FIR.tcl
9 ms. Memory: 116224K Free: 95734K (82%)
8 ms. Memory: 116224K Free: 95137K (82%)
ptolemy.kernel.util.IllegalActionException: multiplyReverse method not supported between ptolemy.data.FixToken 'fix(-0.0625,6,2)' and ptolemy.data.IntToken '1' because the types are incomparable.
  in .top.FIRclone
Because:
multiplyReverse method not supported between ptolemy.data.FixToken 'fix(-0.0625,6,2)' and ptolemy.data.IntToken '1' because the types are incomparable.
26 ms. Memory: 116224K Free: 92716K (80%)
/home/travis/build/icyphy/ptII/ptolemy/domains/sdf/lib/test/IntToBits.tcl
3 ms. Memory: 116224K Free: 90901K (78%)
4 ms. Memory: 116224K Free: 89109K (77%)
/home/travis/build/icyphy/ptII/ptolemy/domains/sdf/lib/test/MaximumEntropySpectrum.tcl
/home/travis/build/icyphy/ptII/ptolemy/domains/sdf/lib/test/Repeat.tcl
10 ms. Memory: 146944K Free: 119421K (81%)
/home/travis/build/icyphy/ptII/ptolemy/domains/sdf/lib/test/SampleDelay.tcl
4 ms. Memory: 146944K Free: 117021K (80%)
7 ms. Memory: 146944K Free: 117021K (80%)
6 ms. Memory: 146944K Free: 115825K (79%)
3 ms. Memory: 146944K Free: 113401K (77%)
10 ms. Memory: 146944K Free: 113401K (77%)
1 ms. Memory: 146944K Free: 112205K (76%)
/home/travis/build/icyphy/ptII/ptolemy/domains/sdf/lib/test/SequenceToArray.tcl
8 ms. Memory: 146944K Free: 111009K (76%)
7 ms. Memory: 146944K Free: 109813K (75%)
16 ms. Memory: 146944K Free: 108601K (74%)
5 ms. Memory: 146944K Free: 107405K (73%)
01/05/19 03:18:26
Failed: 0  Total Tests: 41  ((Passed: 41, Newly Passed: 0)  Known Failed: 0) /home/travis/build/icyphy/ptII/ptolemy/domains/sdf/lib/test
No auto/knownFailedTests/*.xml tests in /home/travis/build/icyphy/ptII/ptolemy/domains/sdf/lib/test
No auto/linux-amd64/*.xml tests in /home/travis/build/icyphy/ptII/ptolemy/domains/sdf/lib/test
AutoTests.java: About to close Vertx.
AutoTests.java: Vertx closed.

===========================================================================================
----------------- testing Sat Jan 05 03:18:26 UTC 2019 /home/travis/build/icyphy/ptII/ptolemy/domains/sdf/lib/test/auto/ArrayToSequence.xml
----------------- Instantiating /home/travis/build/icyphy/ptII/ptolemy/domains/sdf/lib/test/auto/ArrayToSequence.xml
26 ms. Memory: 146944K Free: 125540K (85%)
----------------- Invoking toplevel() on ptolemy.moml.MoMLSimpleApplication@6f74e397
----------------- Done invoking toplevel() on ptolemy.moml.MoMLSimpleApplication@6f74e397
reloadAllAccessors: .ArrayToSequence

===========================================================================================
----------------- testing Sat Jan 05 03:18:26 UTC 2019 /home/travis/build/icyphy/ptII/ptolemy/domains/sdf/lib/test/auto/ArrayToSequenceTest.xml
----------------- Instantiating /home/travis/build/icyphy/ptII/ptolemy/domains/sdf/lib/test/auto/ArrayToSequenceTest.xml
8 ms. Memory: 146944K Free: 118267K (80%)
----------------- Invoking toplevel() on ptolemy.moml.MoMLSimpleApplication@6fd8f48d
----------------- Done invoking toplevel() on ptolemy.moml.MoMLSimpleApplication@6fd8f48d
reloadAllAccessors: .ArrayToSequenceTest

===========================================================================================
----------------- testing Sat Jan 05 03:18:26 UTC 2019 /home/travis/build/icyphy/ptII/ptolemy/domains/sdf/lib/test/auto/Autocorrelation.xml
----------------- Instantiating /home/travis/build/icyphy/ptII/ptolemy/domains/sdf/lib/test/auto/Autocorrelation.xml
4 ms. Memory: 146944K Free: 113702K (77%)
----------------- Invoking toplevel() on ptolemy.moml.MoMLSimpleApplication@2e187540
----------------- Done invoking toplevel() on ptolemy.moml.MoMLSimpleApplication@2e187540
reloadAllAccessors: .Autocorrelation

===========================================================================================
----------------- testing Sat Jan 05 03:18:26 UTC 2019 /home/travis/build/icyphy/ptII/ptolemy/domains/sdf/lib/test/auto/Autocorrelation2.xml
----------------- Instantiating /home/travis/build/icyphy/ptII/ptolemy/domains/sdf/lib/test/auto/Autocorrelation2.xml
4 ms. Memory: 146944K Free: 109096K (74%)
----------------- Invoking toplevel() on ptolemy.moml.MoMLSimpleApplication@68fbd66
----------------- Done invoking toplevel() on ptolemy.moml.MoMLSimpleApplication@68fbd66
reloadAllAccessors: .Autocorrelation2

===========================================================================================
----------------- testing Sat Jan 05 03:18:26 UTC 2019 /home/travis/build/icyphy/ptII/ptolemy/domains/sdf/lib/test/auto/Autocorrelation3.xml
----------------- Instantiating /home/travis/build/icyphy/ptII/ptolemy/domains/sdf/lib/test/auto/Autocorrelation3.xml
3 ms. Memory: 146944K Free: 103990K (71%)
----------------- Invoking toplevel() on ptolemy.moml.MoMLSimpleApplication@3b5ff61b
----------------- Done invoking toplevel() on ptolemy.moml.MoMLSimpleApplication@3b5ff61b
reloadAllAccessors: .Autocorrelation3

===========================================================================================
----------------- testing Sat Jan 05 03:18:26 UTC 2019 /home/travis/build/icyphy/ptII/ptolemy/domains/sdf/lib/test/auto/Autocorrelation4.xml
----------------- Instantiating /home/travis/build/icyphy/ptII/ptolemy/domains/sdf/lib/test/auto/Autocorrelation4.xml
4 ms. Memory: 146944K Free: 99636K (68%)
----------------- Invoking toplevel() on ptolemy.moml.MoMLSimpleApplication@c70bb05
----------------- Done invoking toplevel() on ptolemy.moml.MoMLSimpleApplication@c70bb05
reloadAllAccessors: .Autocorrelation4

===========================================================================================
----------------- testing Sat Jan 05 03:18:26 UTC 2019 /home/travis/build/icyphy/ptII/ptolemy/domains/sdf/lib/test/auto/Autocorrelation5.xml
----------------- Instantiating /home/travis/build/icyphy/ptII/ptolemy/domains/sdf/lib/test/auto/Autocorrelation5.xml
39 ms. Memory: 146944K Free: 92234K (63%)
----------------- Invoking toplevel() on ptolemy.moml.MoMLSimpleApplication@4776b461
----------------- Done invoking toplevel() on ptolemy.moml.MoMLSimpleApplication@4776b461
reloadAllAccessors: .Autocorrelation5

===========================================================================================
----------------- testing Sat Jan 05 03:18:26 UTC 2019 /home/travis/build/icyphy/ptII/ptolemy/domains/sdf/lib/test/auto/BitsToInt.xml
----------------- Instantiating /home/travis/build/icyphy/ptII/ptolemy/domains/sdf/lib/test/auto/BitsToInt.xml
2 ms. Memory: 146944K Free: 87847K (60%)
----------------- Invoking toplevel() on ptolemy.moml.MoMLSimpleApplication@464e93ae
----------------- Done invoking toplevel() on ptolemy.moml.MoMLSimpleApplication@464e93ae
reloadAllAccessors: .BitsToInt

===========================================================================================
----------------- testing Sat Jan 05 03:18:26 UTC 2019 /home/travis/build/icyphy/ptII/ptolemy/domains/sdf/lib/test/auto/BooleanJoin.xml
----------------- Instantiating /home/travis/build/icyphy/ptII/ptolemy/domains/sdf/lib/test/auto/BooleanJoin.xml
3 ms. Memory: 146944K Free: 83330K (57%)
----------------- Invoking toplevel() on ptolemy.moml.MoMLSimpleApplication@39aff13b
----------------- Done invoking toplevel() on ptolemy.moml.MoMLSimpleApplication@39aff13b
reloadAllAccessors: .BooleanJoin

===========================================================================================
----------------- testing Sat Jan 05 03:18:26 UTC 2019 /home/travis/build/icyphy/ptII/ptolemy/domains/sdf/lib/test/auto/BootstrapSampleDelay.xml
----------------- Instantiating /home/travis/build/icyphy/ptII/ptolemy/domains/sdf/lib/test/auto/BootstrapSampleDelay.xml
9 ms. Memory: 146944K Free: 79354K (54%)
----------------- Invoking toplevel() on ptolemy.moml.MoMLSimpleApplication@1de72da3
----------------- Done invoking toplevel() on ptolemy.moml.MoMLSimpleApplication@1de72da3
reloadAllAccessors: .BootstrapSampleDelay

===========================================================================================
----------------- testing Sat Jan 05 03:18:26 UTC 2019 /home/travis/build/icyphy/ptII/ptolemy/domains/sdf/lib/test/auto/Chop.xml
----------------- Instantiating /home/travis/build/icyphy/ptII/ptolemy/domains/sdf/lib/test/auto/Chop.xml
7 ms. Memory: 208384K Free: 192019K (92%)
----------------- Invoking toplevel() on ptolemy.moml.MoMLSimpleApplication@6457efb
----------------- Done invoking toplevel() on ptolemy.moml.MoMLSimpleApplication@6457efb
reloadAllAccessors: .Chop

===========================================================================================
----------------- testing Sat Jan 05 03:18:26 UTC 2019 /home/travis/build/icyphy/ptII/ptolemy/domains/sdf/lib/test/auto/Chop2.xml
----------------- Instantiating /home/travis/build/icyphy/ptII/ptolemy/domains/sdf/lib/test/auto/Chop2.xml
9 ms. Memory: 208384K Free: 183862K (88%)
----------------- Invoking toplevel() on ptolemy.moml.MoMLSimpleApplication@3db7a6ba
----------------- Done invoking toplevel() on ptolemy.moml.MoMLSimpleApplication@3db7a6ba
reloadAllAccessors: .Chop2

===========================================================================================
----------------- testing Sat Jan 05 03:18:26 UTC 2019 /home/travis/build/icyphy/ptII/ptolemy/domains/sdf/lib/test/auto/ComplexJoin.xml
----------------- Instantiating /home/travis/build/icyphy/ptII/ptolemy/domains/sdf/lib/test/auto/ComplexJoin.xml
3 ms. Memory: 208384K Free: 178867K (86%)
----------------- Invoking toplevel() on ptolemy.moml.MoMLSimpleApplication@c88c292
----------------- Done invoking toplevel() on ptolemy.moml.MoMLSimpleApplication@c88c292
reloadAllAccessors: .ComplexJoin

===========================================================================================
----------------- testing Sat Jan 05 03:18:27 UTC 2019 /home/travis/build/icyphy/ptII/ptolemy/domains/sdf/lib/test/auto/CountTrues.xml
----------------- Instantiating /home/travis/build/icyphy/ptII/ptolemy/domains/sdf/lib/test/auto/CountTrues.xml
7 ms. Memory: 208384K Free: 175526K (84%)
----------------- Invoking toplevel() on ptolemy.moml.MoMLSimpleApplication@3c8bc5f1
----------------- Done invoking toplevel() on ptolemy.moml.MoMLSimpleApplication@3c8bc5f1
reloadAllAccessors: .CountTrues

===========================================================================================
----------------- testing Sat Jan 05 03:18:27 UTC 2019 /home/travis/build/icyphy/ptII/ptolemy/domains/sdf/lib/test/auto/DelayLine.xml
----------------- Instantiating /home/travis/build/icyphy/ptII/ptolemy/domains/sdf/lib/test/auto/DelayLine.xml
7 ms. Memory: 208384K Free: 168940K (81%)
----------------- Invoking toplevel() on ptolemy.moml.MoMLSimpleApplication@60e40c10
----------------- Done invoking toplevel() on ptolemy.moml.MoMLSimpleApplication@60e40c10
reloadAllAccessors: .DelayLine

===========================================================================================
----------------- testing Sat Jan 05 03:18:27 UTC 2019 /home/travis/build/icyphy/ptII/ptolemy/domains/sdf/lib/test/auto/DotProduct.xml
----------------- Instantiating /home/travis/build/icyphy/ptII/ptolemy/domains/sdf/lib/test/auto/DotProduct.xml
5 ms. Memory: 208384K Free: 164077K (79%)
----------------- Invoking toplevel() on ptolemy.moml.MoMLSimpleApplication@6440c6f3
----------------- Done invoking toplevel() on ptolemy.moml.MoMLSimpleApplication@6440c6f3
reloadAllAccessors: .DotProduct

===========================================================================================
----------------- testing Sat Jan 05 03:18:27 UTC 2019 /home/travis/build/icyphy/ptII/ptolemy/domains/sdf/lib/test/auto/DotProductMatrix.xml
----------------- Instantiating /home/travis/build/icyphy/ptII/ptolemy/domains/sdf/lib/test/auto/DotProductMatrix.xml
4 ms. Memory: 208384K Free: 160768K (77%)
----------------- Invoking toplevel() on ptolemy.moml.MoMLSimpleApplication@74c5d9ef
----------------- Done invoking toplevel() on ptolemy.moml.MoMLSimpleApplication@74c5d9ef
reloadAllAccessors: .DotProductMatrix

===========================================================================================
----------------- testing Sat Jan 05 03:18:27 UTC 2019 /home/travis/build/icyphy/ptII/ptolemy/domains/sdf/lib/test/auto/DownSample1.xml
----------------- Instantiating /home/travis/build/icyphy/ptII/ptolemy/domains/sdf/lib/test/auto/DownSample1.xml
2 ms. Memory: 208384K Free: 157443K (76%)
----------------- Invoking toplevel() on ptolemy.moml.MoMLSimpleApplication@1fb5078a
----------------- Done invoking toplevel() on ptolemy.moml.MoMLSimpleApplication@1fb5078a
reloadAllAccessors: .DownSample1

===========================================================================================
----------------- testing Sat Jan 05 03:18:27 UTC 2019 /home/travis/build/icyphy/ptII/ptolemy/domains/sdf/lib/test/auto/DynamicRateChange.xml
----------------- Instantiating /home/travis/build/icyphy/ptII/ptolemy/domains/sdf/lib/test/auto/DynamicRateChange.xml
16 ms. Memory: 208384K Free: 150889K (72%)
----------------- Invoking toplevel() on ptolemy.moml.MoMLSimpleApplication@15baf9ba
----------------- Done invoking toplevel() on ptolemy.moml.MoMLSimpleApplication@15baf9ba
reloadAllAccessors: .DynamicRateChange

===========================================================================================
----------------- testing Sat Jan 05 03:18:27 UTC 2019 /home/travis/build/icyphy/ptII/ptolemy/domains/sdf/lib/test/auto/DynamicRates.xml
----------------- Instantiating /home/travis/build/icyphy/ptII/ptolemy/domains/sdf/lib/test/auto/DynamicRates.xml
12 ms. Memory: 208384K Free: 143600K (69%)
----------------- Invoking toplevel() on ptolemy.moml.MoMLSimpleApplication@41abdc1
----------------- Done invoking toplevel() on ptolemy.moml.MoMLSimpleApplication@41abdc1
reloadAllAccessors: .DynamicRates

===========================================================================================
----------------- testing Sat Jan 05 03:18:27 UTC 2019 /home/travis/build/icyphy/ptII/ptolemy/domains/sdf/lib/test/auto/FFT1.xml
----------------- Instantiating /home/travis/build/icyphy/ptII/ptolemy/domains/sdf/lib/test/auto/FFT1.xml
9 ms. Memory: 208384K Free: 137849K (66%)
----------------- Invoking toplevel() on ptolemy.moml.MoMLSimpleApplication@6944881d
----------------- Done invoking toplevel() on ptolemy.moml.MoMLSimpleApplication@6944881d
reloadAllAccessors: .FFT1

===========================================================================================
----------------- testing Sat Jan 05 03:18:27 UTC 2019 /home/travis/build/icyphy/ptII/ptolemy/domains/sdf/lib/test/auto/FIR1.xml
----------------- Instantiating /home/travis/build/icyphy/ptII/ptolemy/domains/sdf/lib/test/auto/FIR1.xml
19 ms. Memory: 208384K Free: 129625K (62%)
----------------- Invoking toplevel() on ptolemy.moml.MoMLSimpleApplication@6acac053
----------------- Done invoking toplevel() on ptolemy.moml.MoMLSimpleApplication@6acac053
reloadAllAccessors: .FIR1

===========================================================================================
----------------- testing Sat Jan 05 03:18:27 UTC 2019 /home/travis/build/icyphy/ptII/ptolemy/domains/sdf/lib/test/auto/FIR2.xml
----------------- Instantiating /home/travis/build/icyphy/ptII/ptolemy/domains/sdf/lib/test/auto/FIR2.xml
5 ms. Memory: 208384K Free: 125529K (60%)
----------------- Invoking toplevel() on ptolemy.moml.MoMLSimpleApplication@2bedfb0e
----------------- Done invoking toplevel() on ptolemy.moml.MoMLSimpleApplication@2bedfb0e
reloadAllAccessors: .FIR2

===========================================================================================
----------------- testing Sat Jan 05 03:18:27 UTC 2019 /home/travis/build/icyphy/ptII/ptolemy/domains/sdf/lib/test/auto/FIR4.xml
----------------- Instantiating /home/travis/build/icyphy/ptII/ptolemy/domains/sdf/lib/test/auto/FIR4.xml
9 ms. Memory: 208384K Free: 115750K (56%)
----------------- Invoking toplevel() on ptolemy.moml.MoMLSimpleApplication@3022fd95
----------------- Done invoking toplevel() on ptolemy.moml.MoMLSimpleApplication@3022fd95
reloadAllAccessors: .FIR4

===========================================================================================
----------------- testing Sat Jan 05 03:18:27 UTC 2019 /home/travis/build/icyphy/ptII/ptolemy/domains/sdf/lib/test/auto/FixJoin.xml
----------------- Instantiating /home/travis/build/icyphy/ptII/ptolemy/domains/sdf/lib/test/auto/FixJoin.xml
5 ms. Memory: 208384K Free: 110787K (53%)
----------------- Invoking toplevel() on ptolemy.moml.MoMLSimpleApplication@63d6cdd9
----------------- Done invoking toplevel() on ptolemy.moml.MoMLSimpleApplication@63d6cdd9
reloadAllAccessors: .FixJoin

===========================================================================================
----------------- testing Sat Jan 05 03:18:27 UTC 2019 /home/travis/build/icyphy/ptII/ptolemy/domains/sdf/lib/test/auto/IntJoin1.xml
----------------- Instantiating /home/travis/build/icyphy/ptII/ptolemy/domains/sdf/lib/test/auto/IntJoin1.xml
3 ms. Memory: 208384K Free: 105824K (51%)
----------------- Invoking toplevel() on ptolemy.moml.MoMLSimpleApplication@406d95a
----------------- Done invoking toplevel() on ptolemy.moml.MoMLSimpleApplication@406d95a
reloadAllAccessors: .IntJoin1

===========================================================================================
----------------- testing Sat Jan 05 03:18:27 UTC 2019 /home/travis/build/icyphy/ptII/ptolemy/domains/sdf/lib/test/auto/IntJoin2.xml
----------------- Instantiating /home/travis/build/icyphy/ptII/ptolemy/domains/sdf/lib/test/auto/IntJoin2.xml
5 ms. Memory: 208384K Free: 100874K (48%)
----------------- Invoking toplevel() on ptolemy.moml.MoMLSimpleApplication@4af02d9
----------------- Done invoking toplevel() on ptolemy.moml.MoMLSimpleApplication@4af02d9
reloadAllAccessors: .IntJoin2

===========================================================================================
----------------- testing Sat Jan 05 03:18:27 UTC 2019 /home/travis/build/icyphy/ptII/ptolemy/domains/sdf/lib/test/auto/IntJoin3.xml
----------------- Instantiating /home/travis/build/icyphy/ptII/ptolemy/domains/sdf/lib/test/auto/IntJoin3.xml
2 ms. Memory: 208384K Free: 94349K (45%)
----------------- Invoking toplevel() on ptolemy.moml.MoMLSimpleApplication@7a43b875
----------------- Done invoking toplevel() on ptolemy.moml.MoMLSimpleApplication@7a43b875
reloadAllAccessors: .IntJoin3

===========================================================================================
----------------- testing Sat Jan 05 03:18:27 UTC 2019 /home/travis/build/icyphy/ptII/ptolemy/domains/sdf/lib/test/auto/IntJoin4.xml
----------------- Instantiating /home/travis/build/icyphy/ptII/ptolemy/domains/sdf/lib/test/auto/IntJoin4.xml
5 ms. Memory: 208384K Free: 89386K (43%)
----------------- Invoking toplevel() on ptolemy.moml.MoMLSimpleApplication@c5b3398
----------------- Done invoking toplevel() on ptolemy.moml.MoMLSimpleApplication@c5b3398
reloadAllAccessors: .IntJoin4

===========================================================================================
----------------- testing Sat Jan 05 03:18:27 UTC 2019 /home/travis/build/icyphy/ptII/ptolemy/domains/sdf/lib/test/auto/IntJoin5.xml
----------------- Instantiating /home/travis/build/icyphy/ptII/ptolemy/domains/sdf/lib/test/auto/IntJoin5.xml
3 ms. Memory: 208384K Free: 84431K (41%)
----------------- Invoking toplevel() on ptolemy.moml.MoMLSimpleApplication@785ed2bf
----------------- Done invoking toplevel() on ptolemy.moml.MoMLSimpleApplication@785ed2bf
reloadAllAccessors: .IntJoin5

===========================================================================================
----------------- testing Sat Jan 05 03:18:27 UTC 2019 /home/travis/build/icyphy/ptII/ptolemy/domains/sdf/lib/test/auto/IntToBits.xml
----------------- Instantiating /home/travis/build/icyphy/ptII/ptolemy/domains/sdf/lib/test/auto/IntToBits.xml
7 ms. Memory: 208384K Free: 81154K (39%)
----------------- Invoking toplevel() on ptolemy.moml.MoMLSimpleApplication@1cb81a12
----------------- Done invoking toplevel() on ptolemy.moml.MoMLSimpleApplication@1cb81a12
reloadAllAccessors: .IntToBits

===========================================================================================
----------------- testing Sat Jan 05 03:18:27 UTC 2019 /home/travis/build/icyphy/ptII/ptolemy/domains/sdf/lib/test/auto/LMSAdaptive.xml
----------------- Instantiating /home/travis/build/icyphy/ptII/ptolemy/domains/sdf/lib/test/auto/LMSAdaptive.xml
10 ms. Memory: 208384K Free: 192486K (92%)
----------------- Invoking toplevel() on ptolemy.moml.MoMLSimpleApplication@45ecf974
----------------- Done invoking toplevel() on ptolemy.moml.MoMLSimpleApplication@45ecf974
reloadAllAccessors: .LMSAdaptive

===========================================================================================
----------------- testing Sat Jan 05 03:18:27 UTC 2019 /home/travis/build/icyphy/ptII/ptolemy/domains/sdf/lib/test/auto/LMSAdaptiveFIR.xml
----------------- Instantiating /home/travis/build/icyphy/ptII/ptolemy/domains/sdf/lib/test/auto/LMSAdaptiveFIR.xml
249 ms. Memory: 208384K Free: 151247K (73%)
----------------- Invoking toplevel() on ptolemy.moml.MoMLSimpleApplication@7e5dec67
----------------- Done invoking toplevel() on ptolemy.moml.MoMLSimpleApplication@7e5dec67
reloadAllAccessors: .LMSAdaptiveFIR

===========================================================================================
----------------- testing Sat Jan 05 03:18:28 UTC 2019 /home/travis/build/icyphy/ptII/ptolemy/domains/sdf/lib/test/auto/LMSAdaptiveFIR2.xml
----------------- Instantiating /home/travis/build/icyphy/ptII/ptolemy/domains/sdf/lib/test/auto/LMSAdaptiveFIR2.xml
366 ms. Memory: 208384K Free: 90577K (43%)
----------------- Invoking toplevel() on ptolemy.moml.MoMLSimpleApplication@358b349
----------------- Done invoking toplevel() on ptolemy.moml.MoMLSimpleApplication@358b349
reloadAllAccessors: .LMSAdaptiveFIR2

===========================================================================================
----------------- testing Sat Jan 05 03:18:28 UTC 2019 /home/travis/build/icyphy/ptII/ptolemy/domains/sdf/lib/test/auto/LongJoin.xml
----------------- Instantiating /home/travis/build/icyphy/ptII/ptolemy/domains/sdf/lib/test/auto/LongJoin.xml
3 ms. Memory: 208384K Free: 84517K (41%)
----------------- Invoking toplevel() on ptolemy.moml.MoMLSimpleApplication@28e131d2
----------------- Done invoking toplevel() on ptolemy.moml.MoMLSimpleApplication@28e131d2
reloadAllAccessors: .LongJoin

===========================================================================================
----------------- testing Sat Jan 05 03:18:28 UTC 2019 /home/travis/build/icyphy/ptII/ptolemy/domains/sdf/lib/test/auto/Matrix1.xml
----------------- Instantiating /home/travis/build/icyphy/ptII/ptolemy/domains/sdf/lib/test/auto/Matrix1.xml
2 ms. Memory: 208384K Free: 80421K (39%)
----------------- Invoking toplevel() on ptolemy.moml.MoMLSimpleApplication@708fec2b
----------------- Done invoking toplevel() on ptolemy.moml.MoMLSimpleApplication@708fec2b
reloadAllAccessors: .Matrix1

===========================================================================================
----------------- testing Sat Jan 05 03:18:28 UTC 2019 /home/travis/build/icyphy/ptII/ptolemy/domains/sdf/lib/test/auto/Matrix2.xml
----------------- Instantiating /home/travis/build/icyphy/ptII/ptolemy/domains/sdf/lib/test/auto/Matrix2.xml
5 ms. Memory: 333312K Free: 322899K (97%)
----------------- Invoking toplevel() on ptolemy.moml.MoMLSimpleApplication@7f23ece7
----------------- Done invoking toplevel() on ptolemy.moml.MoMLSimpleApplication@7f23ece7
reloadAllAccessors: .Matrix2

===========================================================================================
----------------- testing Sat Jan 05 03:18:28 UTC 2019 /home/travis/build/icyphy/ptII/ptolemy/domains/sdf/lib/test/auto/MatrixJoin1.xml
----------------- Instantiating /home/travis/build/icyphy/ptII/ptolemy/domains/sdf/lib/test/auto/MatrixJoin1.xml
3 ms. Memory: 333312K Free: 314913K (94%)
----------------- Invoking toplevel() on ptolemy.moml.MoMLSimpleApplication@30d46ff0
----------------- Done invoking toplevel() on ptolemy.moml.MoMLSimpleApplication@30d46ff0
reloadAllAccessors: .MatrixJoin1

===========================================================================================
----------------- testing Sat Jan 05 03:18:28 UTC 2019 /home/travis/build/icyphy/ptII/ptolemy/domains/sdf/lib/test/auto/MatrixJoin2.xml
----------------- Instantiating /home/travis/build/icyphy/ptII/ptolemy/domains/sdf/lib/test/auto/MatrixJoin2.xml
4 ms. Memory: 333312K Free: 307889K (92%)
----------------- Invoking toplevel() on ptolemy.moml.MoMLSimpleApplication@2198b40
----------------- Done invoking toplevel() on ptolemy.moml.MoMLSimpleApplication@2198b40
reloadAllAccessors: .MatrixJoin2

===========================================================================================
----------------- testing Sat Jan 05 03:18:28 UTC 2019 /home/travis/build/icyphy/ptII/ptolemy/domains/sdf/lib/test/auto/MatrixJoin3.xml
----------------- Instantiating /home/travis/build/icyphy/ptII/ptolemy/domains/sdf/lib/test/auto/MatrixJoin3.xml
4 ms. Memory: 333312K Free: 301303K (90%)
----------------- Invoking toplevel() on ptolemy.moml.MoMLSimpleApplication@54be3a8e
----------------- Done invoking toplevel() on ptolemy.moml.MoMLSimpleApplication@54be3a8e
reloadAllAccessors: .MatrixJoin3

===========================================================================================
----------------- testing Sat Jan 05 03:18:28 UTC 2019 /home/travis/build/icyphy/ptII/ptolemy/domains/sdf/lib/test/auto/MatrixJoin4.xml
----------------- Instantiating /home/travis/build/icyphy/ptII/ptolemy/domains/sdf/lib/test/auto/MatrixJoin4.xml
3 ms. Memory: 333312K Free: 293318K (88%)
----------------- Invoking toplevel() on ptolemy.moml.MoMLSimpleApplication@d3d0024
----------------- Done invoking toplevel() on ptolemy.moml.MoMLSimpleApplication@d3d0024
reloadAllAccessors: .MatrixJoin4

===========================================================================================
----------------- testing Sat Jan 05 03:18:28 UTC 2019 /home/travis/build/icyphy/ptII/ptolemy/domains/sdf/lib/test/auto/MatrixJoin5.xml
----------------- Instantiating /home/travis/build/icyphy/ptII/ptolemy/domains/sdf/lib/test/auto/MatrixJoin5.xml
4 ms. Memory: 333312K Free: 286732K (86%)
----------------- Invoking toplevel() on ptolemy.moml.MoMLSimpleApplication@754a2bc5
----------------- Done invoking toplevel() on ptolemy.moml.MoMLSimpleApplication@754a2bc5
reloadAllAccessors: .MatrixJoin5

===========================================================================================
----------------- testing Sat Jan 05 03:18:28 UTC 2019 /home/travis/build/icyphy/ptII/ptolemy/domains/sdf/lib/test/auto/MatrixSplit1.xml
----------------- Instantiating /home/travis/build/icyphy/ptII/ptolemy/domains/sdf/lib/test/auto/MatrixSplit1.xml
8 ms. Memory: 333312K Free: 280178K (84%)
----------------- Invoking toplevel() on ptolemy.moml.MoMLSimpleApplication@26aa4825
----------------- Done invoking toplevel() on ptolemy.moml.MoMLSimpleApplication@26aa4825
reloadAllAccessors: .MatrixSplit1

===========================================================================================
----------------- testing Sat Jan 05 03:18:28 UTC 2019 /home/travis/build/icyphy/ptII/ptolemy/domains/sdf/lib/test/auto/MatrixSplit10.xml
----------------- Instantiating /home/travis/build/icyphy/ptII/ptolemy/domains/sdf/lib/test/auto/MatrixSplit10.xml
3 ms. Memory: 333312K Free: 275263K (83%)
----------------- Invoking toplevel() on ptolemy.moml.MoMLSimpleApplication@67565d26
----------------- Done invoking toplevel() on ptolemy.moml.MoMLSimpleApplication@67565d26
reloadAllAccessors: .MatrixSplit10

===========================================================================================
----------------- testing Sat Jan 05 03:18:28 UTC 2019 /home/travis/build/icyphy/ptII/ptolemy/domains/sdf/lib/test/auto/MatrixSplit11.xml
----------------- Instantiating /home/travis/build/icyphy/ptII/ptolemy/domains/sdf/lib/test/auto/MatrixSplit11.xml
1 ms. Memory: 333312K Free: 268948K (81%)
----------------- Invoking toplevel() on ptolemy.moml.MoMLSimpleApplication@7aced05b
----------------- Done invoking toplevel() on ptolemy.moml.MoMLSimpleApplication@7aced05b
reloadAllAccessors: .MatrixSplit11

===========================================================================================
----------------- testing Sat Jan 05 03:18:28 UTC 2019 /home/travis/build/icyphy/ptII/ptolemy/domains/sdf/lib/test/auto/MatrixSplit12.xml
----------------- Instantiating /home/travis/build/icyphy/ptII/ptolemy/domains/sdf/lib/test/auto/MatrixSplit12.xml
3 ms. Memory: 333312K Free: 264033K (79%)
----------------- Invoking toplevel() on ptolemy.moml.MoMLSimpleApplication@3ab48e68
----------------- Done invoking toplevel() on ptolemy.moml.MoMLSimpleApplication@3ab48e68
reloadAllAccessors: .MatrixSplit12

===========================================================================================
----------------- testing Sat Jan 05 03:18:28 UTC 2019 /home/travis/build/icyphy/ptII/ptolemy/domains/sdf/lib/test/auto/MatrixSplit13.xml
----------------- Instantiating /home/travis/build/icyphy/ptII/ptolemy/domains/sdf/lib/test/auto/MatrixSplit13.xml
4 ms. Memory: 333312K Free: 259118K (78%)
----------------- Invoking toplevel() on ptolemy.moml.MoMLSimpleApplication@7528f1b3
----------------- Done invoking toplevel() on ptolemy.moml.MoMLSimpleApplication@7528f1b3
reloadAllAccessors: .MatrixSplit13

===========================================================================================
----------------- testing Sat Jan 05 03:18:28 UTC 2019 /home/travis/build/icyphy/ptII/ptolemy/domains/sdf/lib/test/auto/MatrixSplit14.xml
----------------- Instantiating /home/travis/build/icyphy/ptII/ptolemy/domains/sdf/lib/test/auto/MatrixSplit14.xml
2 ms. Memory: 333312K Free: 252803K (76%)
----------------- Invoking toplevel() on ptolemy.moml.MoMLSimpleApplication@302da592
----------------- Done invoking toplevel() on ptolemy.moml.MoMLSimpleApplication@302da592
reloadAllAccessors: .MatrixSplit14

===========================================================================================
----------------- testing Sat Jan 05 03:18:28 UTC 2019 /home/travis/build/icyphy/ptII/ptolemy/domains/sdf/lib/test/auto/MatrixSplit2.xml
----------------- Instantiating /home/travis/build/icyphy/ptII/ptolemy/domains/sdf/lib/test/auto/MatrixSplit2.xml
4 ms. Memory: 333312K Free: 247887K (74%)
----------------- Invoking toplevel() on ptolemy.moml.MoMLSimpleApplication@1cf9c483
----------------- Done invoking toplevel() on ptolemy.moml.MoMLSimpleApplication@1cf9c483
reloadAllAccessors: .MatrixSplit2

===========================================================================================
----------------- testing Sat Jan 05 03:18:28 UTC 2019 /home/travis/build/icyphy/ptII/ptolemy/domains/sdf/lib/test/auto/MatrixSplit3.xml
----------------- Instantiating /home/travis/build/icyphy/ptII/ptolemy/domains/sdf/lib/test/auto/MatrixSplit3.xml
2 ms. Memory: 333312K Free: 242972K (73%)
----------------- Invoking toplevel() on ptolemy.moml.MoMLSimpleApplication@1553dcdf
----------------- Done invoking toplevel() on ptolemy.moml.MoMLSimpleApplication@1553dcdf
reloadAllAccessors: .MatrixSplit3

===========================================================================================
----------------- testing Sat Jan 05 03:18:28 UTC 2019 /home/travis/build/icyphy/ptII/ptolemy/domains/sdf/lib/test/auto/MatrixSplit4.xml
----------------- Instantiating /home/travis/build/icyphy/ptII/ptolemy/domains/sdf/lib/test/auto/MatrixSplit4.xml
2 ms. Memory: 333312K Free: 236657K (71%)
----------------- Invoking toplevel() on ptolemy.moml.MoMLSimpleApplication@65a034ff
----------------- Done invoking toplevel() on ptolemy.moml.MoMLSimpleApplication@65a034ff
reloadAllAccessors: .MatrixSplit4

===========================================================================================
----------------- testing Sat Jan 05 03:18:28 UTC 2019 /home/travis/build/icyphy/ptII/ptolemy/domains/sdf/lib/test/auto/MatrixSplit5.xml
----------------- Instantiating /home/travis/build/icyphy/ptII/ptolemy/domains/sdf/lib/test/auto/MatrixSplit5.xml
3 ms. Memory: 333312K Free: 231742K (70%)
----------------- Invoking toplevel() on ptolemy.moml.MoMLSimpleApplication@7b67c32e
----------------- Done invoking toplevel() on ptolemy.moml.MoMLSimpleApplication@7b67c32e
reloadAllAccessors: .MatrixSplit5

===========================================================================================
----------------- testing Sat Jan 05 03:18:29 UTC 2019 /home/travis/build/icyphy/ptII/ptolemy/domains/sdf/lib/test/auto/MatrixSplit6.xml
----------------- Instantiating /home/travis/build/icyphy/ptII/ptolemy/domains/sdf/lib/test/auto/MatrixSplit6.xml
1 ms. Memory: 333312K Free: 226827K (68%)
----------------- Invoking toplevel() on ptolemy.moml.MoMLSimpleApplication@3f983277
----------------- Done invoking toplevel() on ptolemy.moml.MoMLSimpleApplication@3f983277
reloadAllAccessors: .MatrixSplit6

===========================================================================================
----------------- testing Sat Jan 05 03:18:29 UTC 2019 /home/travis/build/icyphy/ptII/ptolemy/domains/sdf/lib/test/auto/MatrixSplit7.xml
----------------- Instantiating /home/travis/build/icyphy/ptII/ptolemy/domains/sdf/lib/test/auto/MatrixSplit7.xml
2 ms. Memory: 333312K Free: 221912K (67%)
----------------- Invoking toplevel() on ptolemy.moml.MoMLSimpleApplication@752c508d
----------------- Done invoking toplevel() on ptolemy.moml.MoMLSimpleApplication@752c508d
reloadAllAccessors: .MatrixSplit7

===========================================================================================
----------------- testing Sat Jan 05 03:18:29 UTC 2019 /home/travis/build/icyphy/ptII/ptolemy/domains/sdf/lib/test/auto/MatrixSplit8.xml
----------------- Instantiating /home/travis/build/icyphy/ptII/ptolemy/domains/sdf/lib/test/auto/MatrixSplit8.xml
2 ms. Memory: 333312K Free: 215596K (65%)
----------------- Invoking toplevel() on ptolemy.moml.MoMLSimpleApplication@5678cefa
----------------- Done invoking toplevel() on ptolemy.moml.MoMLSimpleApplication@5678cefa
reloadAllAccessors: .MatrixSplit8

===========================================================================================
----------------- testing Sat Jan 05 03:18:29 UTC 2019 /home/travis/build/icyphy/ptII/ptolemy/domains/sdf/lib/test/auto/MatrixSplit9.xml
----------------- Instantiating /home/travis/build/icyphy/ptII/ptolemy/domains/sdf/lib/test/auto/MatrixSplit9.xml
4 ms. Memory: 333312K Free: 210681K (63%)
----------------- Invoking toplevel() on ptolemy.moml.MoMLSimpleApplication@2c49ef36
----------------- Done invoking toplevel() on ptolemy.moml.MoMLSimpleApplication@2c49ef36
reloadAllAccessors: .MatrixSplit9

===========================================================================================
----------------- testing Sat Jan 05 03:18:29 UTC 2019 /home/travis/build/icyphy/ptII/ptolemy/domains/sdf/lib/test/auto/MatrixToSequence.xml
----------------- Instantiating /home/travis/build/icyphy/ptII/ptolemy/domains/sdf/lib/test/auto/MatrixToSequence.xml
5 ms. Memory: 333312K Free: 199212K (60%)
----------------- Invoking toplevel() on ptolemy.moml.MoMLSimpleApplication@72b87cc9
----------------- Done invoking toplevel() on ptolemy.moml.MoMLSimpleApplication@72b87cc9
reloadAllAccessors: .MatrixToSequence

===========================================================================================
----------------- testing Sat Jan 05 03:18:29 UTC 2019 /home/travis/build/icyphy/ptII/ptolemy/domains/sdf/lib/test/auto/MaximumEntropySpectrum.xml
----------------- Instantiating /home/travis/build/icyphy/ptII/ptolemy/domains/sdf/lib/test/auto/MaximumEntropySpectrum.xml
12 ms. Memory: 333312K Free: 173188K (52%)
----------------- Invoking toplevel() on ptolemy.moml.MoMLSimpleApplication@6391ec91
----------------- Done invoking toplevel() on ptolemy.moml.MoMLSimpleApplication@6391ec91
reloadAllAccessors: .MaximumEntropySpectrum

===========================================================================================
----------------- testing Sat Jan 05 03:18:29 UTC 2019 /home/travis/build/icyphy/ptII/ptolemy/domains/sdf/lib/test/auto/SampleDelayConversion.xml
----------------- Instantiating /home/travis/build/icyphy/ptII/ptolemy/domains/sdf/lib/test/auto/SampleDelayConversion.xml
3 ms. Memory: 333312K Free: 168273K (50%)
----------------- Invoking toplevel() on ptolemy.moml.MoMLSimpleApplication@37655b83
----------------- Done invoking toplevel() on ptolemy.moml.MoMLSimpleApplication@37655b83
reloadAllAccessors: .SampleDelayConversion

===========================================================================================
----------------- testing Sat Jan 05 03:18:29 UTC 2019 /home/travis/build/icyphy/ptII/ptolemy/domains/sdf/lib/test/auto/SequenceToArray.xml
----------------- Instantiating /home/travis/build/icyphy/ptII/ptolemy/domains/sdf/lib/test/auto/SequenceToArray.xml
13 ms. Memory: 333312K Free: 155149K (47%)
----------------- Invoking toplevel() on ptolemy.moml.MoMLSimpleApplication@3f9d6ba5
----------------- Done invoking toplevel() on ptolemy.moml.MoMLSimpleApplication@3f9d6ba5
reloadAllAccessors: .SequenceToArray

===========================================================================================
----------------- testing Sat Jan 05 03:18:29 UTC 2019 /home/travis/build/icyphy/ptII/ptolemy/domains/sdf/lib/test/auto/SequenceToMatrix.xml
----------------- Instantiating /home/travis/build/icyphy/ptII/ptolemy/domains/sdf/lib/test/auto/SequenceToMatrix.xml
4246 ms. Memory: 579072K Free: 490749K (85%)
----------------- Invoking toplevel() on ptolemy.moml.MoMLSimpleApplication@11e851ab
----------------- Done invoking toplevel() on ptolemy.moml.MoMLSimpleApplication@11e851ab
reloadAllAccessors: .SequenceToMatrix

===========================================================================================
----------------- testing Sat Jan 05 03:18:33 UTC 2019 /home/travis/build/icyphy/ptII/ptolemy/domains/sdf/lib/test/auto/SmoothedPeriodogram.xml
----------------- Instantiating /home/travis/build/icyphy/ptII/ptolemy/domains/sdf/lib/test/auto/SmoothedPeriodogram.xml
8 ms. Memory: 579072K Free: 467395K (81%)
----------------- Invoking toplevel() on ptolemy.moml.MoMLSimpleApplication@1dd36839
----------------- Done invoking toplevel() on ptolemy.moml.MoMLSimpleApplication@1dd36839
reloadAllAccessors: .SmoothedPeriodogram

===========================================================================================
----------------- testing Sat Jan 05 03:18:33 UTC 2019 /home/travis/build/icyphy/ptII/ptolemy/domains/sdf/lib/test/auto/UpDownSample1.xml
----------------- Instantiating /home/travis/build/icyphy/ptII/ptolemy/domains/sdf/lib/test/auto/UpDownSample1.xml
2 ms. Memory: 579072K Free: 460477K (80%)
----------------- Invoking toplevel() on ptolemy.moml.MoMLSimpleApplication@1b77e3d4
----------------- Done invoking toplevel() on ptolemy.moml.MoMLSimpleApplication@1b77e3d4
reloadAllAccessors: .UpDownSample1

===========================================================================================
----------------- testing Sat Jan 05 03:18:33 UTC 2019 /home/travis/build/icyphy/ptII/ptolemy/domains/sdf/lib/test/auto/UpSample1.xml
----------------- Instantiating /home/travis/build/icyphy/ptII/ptolemy/domains/sdf/lib/test/auto/UpSample1.xml
3 ms. Memory: 579072K Free: 453930K (78%)
----------------- Invoking toplevel() on ptolemy.moml.MoMLSimpleApplication@45fabe2
----------------- Done invoking toplevel() on ptolemy.moml.MoMLSimpleApplication@45fabe2
reloadAllAccessors: .UpSample1

===========================================================================================
----------------- testing Sat Jan 05 03:18:33 UTC 2019 /home/travis/build/icyphy/ptII/ptolemy/domains/sdf/lib/test/auto/VariableFIR.xml
----------------- Instantiating /home/travis/build/icyphy/ptII/ptolemy/domains/sdf/lib/test/auto/VariableFIR.xml
10 ms. Memory: 579072K Free: 444110K (77%)
----------------- Invoking toplevel() on ptolemy.moml.MoMLSimpleApplication@1764063a
----------------- Done invoking toplevel() on ptolemy.moml.MoMLSimpleApplication@1764063a
reloadAllAccessors: .VariableFIR

===========================================================================================
----------------- testing Sat Jan 05 03:18:33 UTC 2019 /home/travis/build/icyphy/ptII/ptolemy/domains/sdf/lib/test/auto/VariableFIR2.xml
----------------- Instantiating /home/travis/build/icyphy/ptII/ptolemy/domains/sdf/lib/test/auto/VariableFIR2.xml
12 ms. Memory: 579072K Free: 432342K (75%)
----------------- Invoking toplevel() on ptolemy.moml.MoMLSimpleApplication@6475e646
----------------- Done invoking toplevel() on ptolemy.moml.MoMLSimpleApplication@6475e646
reloadAllAccessors: .VariableFIR2

===========================================================================================
----------------- testing Sat Jan 05 03:18:33 UTC 2019 /home/travis/build/icyphy/ptII/ptolemy/domains/sdf/lib/test/auto/VariableLattice.xml
----------------- Instantiating /home/travis/build/icyphy/ptII/ptolemy/domains/sdf/lib/test/auto/VariableLattice.xml
6 ms. Memory: 579072K Free: 422522K (73%)
----------------- Invoking toplevel() on ptolemy.moml.MoMLSimpleApplication@67bb3139
----------------- Done invoking toplevel() on ptolemy.moml.MoMLSimpleApplication@67bb3139
reloadAllAccessors: .VariableLattice

===========================================================================================
----------------- testing Sat Jan 05 03:18:33 UTC 2019 /home/travis/build/icyphy/ptII/ptolemy/domains/sdf/lib/test/auto/VariableLattice2.xml
----------------- Instantiating /home/travis/build/icyphy/ptII/ptolemy/domains/sdf/lib/test/auto/VariableLattice2.xml
1.0
-1.999999602036
1.9099998677481
-0.9099996420674
0.205
0.0
0.0
1.0
-0.25
-0.5
0.0
0.0
0.0
0.0
5 ms. Memory: 579072K Free: 412702K (71%)
----------------- Invoking toplevel() on ptolemy.moml.MoMLSimpleApplication@5a4c6d1b
----------------- Done invoking toplevel() on ptolemy.moml.MoMLSimpleApplication@5a4c6d1b
reloadAllAccessors: .VariableLattice2

===========================================================================================
----------------- testing Sat Jan 05 03:18:33 UTC 2019 /home/travis/build/icyphy/ptII/ptolemy/domains/sdf/lib/test/auto/VariableRecursiveLattice.xml
----------------- Instantiating /home/travis/build/icyphy/ptII/ptolemy/domains/sdf/lib/test/auto/VariableRecursiveLattice.xml
2 ms. Memory: 579072K Free: 402882K (70%)
----------------- Invoking toplevel() on ptolemy.moml.MoMLSimpleApplication@48d7a560
----------------- Done invoking toplevel() on ptolemy.moml.MoMLSimpleApplication@48d7a560
reloadAllAccessors: .VariableRecursiveLattice

===========================================================================================
----------------- testing Sat Jan 05 03:18:33 UTC 2019 /home/travis/build/icyphy/ptII/ptolemy/domains/sdf/lib/test/auto/VariableRecursiveLattice2.xml
----------------- Instantiating /home/travis/build/icyphy/ptII/ptolemy/domains/sdf/lib/test/auto/VariableRecursiveLattice2.xml
3 ms. Memory: 579072K Free: 396335K (68%)
----------------- Invoking toplevel() on ptolemy.moml.MoMLSimpleApplication@c050105
----------------- Done invoking toplevel() on ptolemy.moml.MoMLSimpleApplication@c050105
reloadAllAccessors: .VariableRecursiveLattice2
AutoTests.java: About to close Vertx.
AutoTests.java: Vertx closed.
]]></system-out>
  <system-err><![CDATA[]]></system-err>
</testsuite>
