<?xml version="1.0" encoding="UTF-8" ?>
<testsuite errors="0" failures="0" hostname="travis-job-b3c8192f-cc1e-4598-8c1d-aef2e095bb97" name="ptolemy.domains.continuous.test.junit.JUnitTclTest" skipped="0" tests="156" time="74.521" timestamp="2019-02-07T03:31:58">
  <properties>
[...]
</properties>
  <testcase classname="ptolemy.util.test.junit.TclTests" name="[0] ThereAreNoTclTests (RunTclFile)" time="0.002" />
  <testcase classname="ptolemy.util.test.junit.AutoKnownFailedTests" name="[0] ThereAreNoKnowFailedTests (RunModel)" time="0.004" />
  <testcase classname="ptolemy.util.test.junit.AutoNameArchTests" name="[0] ThereAreNoAutoArchTests (RunModel)" time="0.003" />
  <testcase classname="ptolemy.util.test.junit.AutoTests" name="[0] /home/travis/build/icyphy/ptII/ptolemy/domains/continuous/test/auto/BouncingBall.xml (RunModel)" time="2.926" />
  <testcase classname="ptolemy.util.test.junit.AutoTests" name="[1] /home/travis/build/icyphy/ptII/ptolemy/domains/continuous/test/auto/BouncingBallWithoutGR.xml (RunModel)" time="0.845" />
  <testcase classname="ptolemy.util.test.junit.AutoTests" name="[2] /home/travis/build/icyphy/ptII/ptolemy/domains/continuous/test/auto/Brownian.xml (RunModel)" time="0.067" />
  <testcase classname="ptolemy.util.test.junit.AutoTests" name="[3] /home/travis/build/icyphy/ptII/ptolemy/domains/continuous/test/auto/CarTracking.xml (RunModel)" time="4.099" />
  <testcase classname="ptolemy.util.test.junit.AutoTests" name="[4] /home/travis/build/icyphy/ptII/ptolemy/domains/continuous/test/auto/CartPendulum.xml (RunModel)" time="0.594" />
  <testcase classname="ptolemy.util.test.junit.AutoTests" name="[5] /home/travis/build/icyphy/ptII/ptolemy/domains/continuous/test/auto/CausalityInterface10.xml (RunModel)" time="0.048" />
  <testcase classname="ptolemy.util.test.junit.AutoTests" name="[6] /home/travis/build/icyphy/ptII/ptolemy/domains/continuous/test/auto/CausalityInterface11.xml (RunModel)" time="0.041" />
  <testcase classname="ptolemy.util.test.junit.AutoTests" name="[7] /home/travis/build/icyphy/ptII/ptolemy/domains/continuous/test/auto/CausalityInterface12.xml (RunModel)" time="0.045" />
  <testcase classname="ptolemy.util.test.junit.AutoTests" name="[8] /home/travis/build/icyphy/ptII/ptolemy/domains/continuous/test/auto/CausalityInterface13.xml (RunModel)" time="0.042" />
  <testcase classname="ptolemy.util.test.junit.AutoTests" name="[9] /home/travis/build/icyphy/ptII/ptolemy/domains/continuous/test/auto/CausalityInterface14.xml (RunModel)" time="0.024" />
  <testcase classname="ptolemy.util.test.junit.AutoTests" name="[10] /home/travis/build/icyphy/ptII/ptolemy/domains/continuous/test/auto/CausalityInterface4.xml (RunModel)" time="0.03" />
  <testcase classname="ptolemy.util.test.junit.AutoTests" name="[11] /home/travis/build/icyphy/ptII/ptolemy/domains/continuous/test/auto/CausalityInterface5.xml (RunModel)" time="0.049" />
  <testcase classname="ptolemy.util.test.junit.AutoTests" name="[12] /home/travis/build/icyphy/ptII/ptolemy/domains/continuous/test/auto/CausalityInterface6.xml (RunModel)" time="0.042" />
  <testcase classname="ptolemy.util.test.junit.AutoTests" name="[13] /home/travis/build/icyphy/ptII/ptolemy/domains/continuous/test/auto/CausalityInterface7.xml (RunModel)" time="0.051" />
  <testcase classname="ptolemy.util.test.junit.AutoTests" name="[14] /home/travis/build/icyphy/ptII/ptolemy/domains/continuous/test/auto/CausalityInterface8.xml (RunModel)" time="0.043" />
  <testcase classname="ptolemy.util.test.junit.AutoTests" name="[15] /home/travis/build/icyphy/ptII/ptolemy/domains/continuous/test/auto/CausalityInterface9.xml (RunModel)" time="0.053" />
  <testcase classname="ptolemy.util.test.junit.AutoTests" name="[16] /home/travis/build/icyphy/ptII/ptolemy/domains/continuous/test/auto/CausalityInterfaceFeedback1.xml (RunModel)" time="0.034" />
  <testcase classname="ptolemy.util.test.junit.AutoTests" name="[17] /home/travis/build/icyphy/ptII/ptolemy/domains/continuous/test/auto/CausalityInterfaceFeedback2.xml (RunModel)" time="0.04" />
  <testcase classname="ptolemy.util.test.junit.AutoTests" name="[18] /home/travis/build/icyphy/ptII/ptolemy/domains/continuous/test/auto/CompareWithCurrentTime.xml (RunModel)" time="0.027" />
  <testcase classname="ptolemy.util.test.junit.AutoTests" name="[19] /home/travis/build/icyphy/ptII/ptolemy/domains/continuous/test/auto/ComparedClocks.xml (RunModel)" time="0.083" />
  <testcase classname="ptolemy.util.test.junit.AutoTests" name="[20] /home/travis/build/icyphy/ptII/ptolemy/domains/continuous/test/auto/ContinuousAOCClone.xml (RunModel)" time="2.788" />
  <testcase classname="ptolemy.util.test.junit.AutoTests" name="[21] /home/travis/build/icyphy/ptII/ptolemy/domains/continuous/test/auto/ContinuousClock.xml (RunModel)" time="0.102" />
  <testcase classname="ptolemy.util.test.junit.AutoTests" name="[22] /home/travis/build/icyphy/ptII/ptolemy/domains/continuous/test/auto/ContinuousInContinuous.xml (RunModel)" time="0.084" />
  <testcase classname="ptolemy.util.test.junit.AutoTests" name="[23] /home/travis/build/icyphy/ptII/ptolemy/domains/continuous/test/auto/ContinuousInContinuousInContinuous.xml (RunModel)" time="0.028" />
  <testcase classname="ptolemy.util.test.junit.AutoTests" name="[24] /home/travis/build/icyphy/ptII/ptolemy/domains/continuous/test/auto/ContinuousInDE.xml (RunModel)" time="0.142" />
  <testcase classname="ptolemy.util.test.junit.AutoTests" name="[25] /home/travis/build/icyphy/ptII/ptolemy/domains/continuous/test/auto/ContinuousInDE2.xml (RunModel)" time="0.071" />
  <testcase classname="ptolemy.util.test.junit.AutoTests" name="[26] /home/travis/build/icyphy/ptII/ptolemy/domains/continuous/test/auto/ContinuousInDE3.xml (RunModel)" time="0.061" />
  <testcase classname="ptolemy.util.test.junit.AutoTests" name="[27] /home/travis/build/icyphy/ptII/ptolemy/domains/continuous/test/auto/ContinuousInDE4.xml (RunModel)" time="0.041" />
  <testcase classname="ptolemy.util.test.junit.AutoTests" name="[28] /home/travis/build/icyphy/ptII/ptolemy/domains/continuous/test/auto/ContinuousInDEDifferentRefinements.xml (RunModel)" time="0.152" />
  <testcase classname="ptolemy.util.test.junit.AutoTests" name="[29] /home/travis/build/icyphy/ptII/ptolemy/domains/continuous/test/auto/ContinuousInDEDifferentRefinementsPreemptive.xml (RunModel)" time="0.106" />
  <testcase classname="ptolemy.util.test.junit.AutoTests" name="[30] /home/travis/build/icyphy/ptII/ptolemy/domains/continuous/test/auto/ContinuousInDEInContinuous2.xml (RunModel)" time="0.082" />
  <testcase classname="ptolemy.util.test.junit.AutoTests" name="[31] /home/travis/build/icyphy/ptII/ptolemy/domains/continuous/test/auto/ContinuousInDEInContinuous3.xml (RunModel)" time="0.079" />
  <testcase classname="ptolemy.util.test.junit.AutoTests" name="[32] /home/travis/build/icyphy/ptII/ptolemy/domains/continuous/test/auto/ContinuousInDEInput.xml (RunModel)" time="0.051" />
  <testcase classname="ptolemy.util.test.junit.AutoTests" name="[33] /home/travis/build/icyphy/ptII/ptolemy/domains/continuous/test/auto/ContinuousInDEInput2.xml (RunModel)" time="0.034" />
  <testcase classname="ptolemy.util.test.junit.AutoTests" name="[34] /home/travis/build/icyphy/ptII/ptolemy/domains/continuous/test/auto/ContinuousInDEInput3.xml (RunModel)" time="0.045" />
  <testcase classname="ptolemy.util.test.junit.AutoTests" name="[35] /home/travis/build/icyphy/ptII/ptolemy/domains/continuous/test/auto/ContinuousInDESharingRefinement.xml (RunModel)" time="0.255" />
  <testcase classname="ptolemy.util.test.junit.AutoTests" name="[36] /home/travis/build/icyphy/ptII/ptolemy/domains/continuous/test/auto/ContinuousInDEwithNoPorts.xml (RunModel)" time="0.015" />
  <testcase classname="ptolemy.util.test.junit.AutoTests" name="[37] /home/travis/build/icyphy/ptII/ptolemy/domains/continuous/test/auto/ContinuousInsideDE.xml (RunModel)" time="0.07" />
  <testcase classname="ptolemy.util.test.junit.AutoTests" name="[38] /home/travis/build/icyphy/ptII/ptolemy/domains/continuous/test/auto/ContinuousMerge1.xml (RunModel)" time="0.018" />
  <testcase classname="ptolemy.util.test.junit.AutoTests" name="[39] /home/travis/build/icyphy/ptII/ptolemy/domains/continuous/test/auto/ContinuousMerge2.xml (RunModel)" time="0.06" />
  <testcase classname="ptolemy.util.test.junit.AutoTests" name="[40] /home/travis/build/icyphy/ptII/ptolemy/domains/continuous/test/auto/ContinuousMerge3.xml (RunModel)" time="0.081" />
  <testcase classname="ptolemy.util.test.junit.AutoTests" name="[41] /home/travis/build/icyphy/ptII/ptolemy/domains/continuous/test/auto/ContinuousWithinContinuous.xml (RunModel)" time="0.071" />
  <testcase classname="ptolemy.util.test.junit.AutoTests" name="[42] /home/travis/build/icyphy/ptII/ptolemy/domains/continuous/test/auto/ContinuousWithinContinuous2.xml (RunModel)" time="0.092" />
  <testcase classname="ptolemy.util.test.junit.AutoTests" name="[43] /home/travis/build/icyphy/ptII/ptolemy/domains/continuous/test/auto/ContinuousWithinContinuous3.xml (RunModel)" time="0.035" />
  <testcase classname="ptolemy.util.test.junit.AutoTests" name="[44] /home/travis/build/icyphy/ptII/ptolemy/domains/continuous/test/auto/ContinuousWithinContinuous4.xml (RunModel)" time="0.087" />
  <testcase classname="ptolemy.util.test.junit.AutoTests" name="[45] /home/travis/build/icyphy/ptII/ptolemy/domains/continuous/test/auto/ContinuousWithinContinuous5.xml (RunModel)" time="0.028" />
  <testcase classname="ptolemy.util.test.junit.AutoTests" name="[46] /home/travis/build/icyphy/ptII/ptolemy/domains/continuous/test/auto/ContinuousWithinContinuous6.xml (RunModel)" time="0.031" />
  <testcase classname="ptolemy.util.test.junit.AutoTests" name="[47] /home/travis/build/icyphy/ptII/ptolemy/domains/continuous/test/auto/ContinuousWithinContinuous7.xml (RunModel)" time="0.074" />
  <testcase classname="ptolemy.util.test.junit.AutoTests" name="[48] /home/travis/build/icyphy/ptII/ptolemy/domains/continuous/test/auto/DCMotor.xml (RunModel)" time="14.296" />
  <testcase classname="ptolemy.util.test.junit.AutoTests" name="[49] /home/travis/build/icyphy/ptII/ptolemy/domains/continuous/test/auto/DEInContinuous.xml (RunModel)" time="0.025" />
  <testcase classname="ptolemy.util.test.junit.AutoTests" name="[50] /home/travis/build/icyphy/ptII/ptolemy/domains/continuous/test/auto/DEinContinuous2.xml (RunModel)" time="0.022" />
  <testcase classname="ptolemy.util.test.junit.AutoTests" name="[51] /home/travis/build/icyphy/ptII/ptolemy/domains/continuous/test/auto/Derivative.xml (RunModel)" time="0.193" />
  <testcase classname="ptolemy.util.test.junit.AutoTests" name="[52] /home/travis/build/icyphy/ptII/ptolemy/domains/continuous/test/auto/Derivative1.xml (RunModel)" time="0.063" />
  <testcase classname="ptolemy.util.test.junit.AutoTests" name="[53] /home/travis/build/icyphy/ptII/ptolemy/domains/continuous/test/auto/DiscreteClock.xml (RunModel)" time="0.017" />
  <testcase classname="ptolemy.util.test.junit.AutoTests" name="[54] /home/travis/build/icyphy/ptII/ptolemy/domains/continuous/test/auto/EfficiencyCurve.xml (RunModel)" time="0.121" />
  <testcase classname="ptolemy.util.test.junit.AutoTests" name="[55] /home/travis/build/icyphy/ptII/ptolemy/domains/continuous/test/auto/ExponentialResponse.xml (RunModel)" time="0.108" />
  <testcase classname="ptolemy.util.test.junit.AutoTests" name="[56] /home/travis/build/icyphy/ptII/ptolemy/domains/continuous/test/auto/ExponentialResponseRK45.xml (RunModel)" time="0.032" />
  <testcase classname="ptolemy.util.test.junit.AutoTests" name="[57] /home/travis/build/icyphy/ptII/ptolemy/domains/continuous/test/auto/Friction.xml (RunModel)" time="1.501" />
  <testcase classname="ptolemy.util.test.junit.AutoTests" name="[58] /home/travis/build/icyphy/ptII/ptolemy/domains/continuous/test/auto/FurutaPendulum.xml (RunModel)" time="3.619" />
  <testcase classname="ptolemy.util.test.junit.AutoTests" name="[59] /home/travis/build/icyphy/ptII/ptolemy/domains/continuous/test/auto/HierarchicalExecution.xml (RunModel)" time="2.202" />
  <testcase classname="ptolemy.util.test.junit.AutoTests" name="[60] /home/travis/build/icyphy/ptII/ptolemy/domains/continuous/test/auto/HybridPlant.xml (RunModel)" time="0.531" />
  <testcase classname="ptolemy.util.test.junit.AutoTests" name="[61] /home/travis/build/icyphy/ptII/ptolemy/domains/continuous/test/auto/Hysteresis.xml (RunModel)" time="0.175" />
  <testcase classname="ptolemy.util.test.junit.AutoTests" name="[62] /home/travis/build/icyphy/ptII/ptolemy/domains/continuous/test/auto/HysteresisWithRandomDelay.xml (RunModel)" time="0.212" />
  <testcase classname="ptolemy.util.test.junit.AutoTests" name="[63] /home/travis/build/icyphy/ptII/ptolemy/domains/continuous/test/auto/HysteresisWithRandomLosses.xml (RunModel)" time="2.323" />
  <testcase classname="ptolemy.util.test.junit.AutoTests" name="[64] /home/travis/build/icyphy/ptII/ptolemy/domains/continuous/test/auto/ImmediateTransitions.xml (RunModel)" time="0.045" />
  <testcase classname="ptolemy.util.test.junit.AutoTests" name="[65] /home/travis/build/icyphy/ptII/ptolemy/domains/continuous/test/auto/ImpulseFeedback.xml (RunModel)" time="0.025" />
  <testcase classname="ptolemy.util.test.junit.AutoTests" name="[66] /home/travis/build/icyphy/ptII/ptolemy/domains/continuous/test/auto/ImpulseFeedback2.xml (RunModel)" time="0.017" />
  <testcase classname="ptolemy.util.test.junit.AutoTests" name="[67] /home/travis/build/icyphy/ptII/ptolemy/domains/continuous/test/auto/IncreasingRatePoisson.xml (RunModel)" time="0.717" />
  <testcase classname="ptolemy.util.test.junit.AutoTests" name="[68] /home/travis/build/icyphy/ptII/ptolemy/domains/continuous/test/auto/InitialStateFeedback.xml (RunModel)" time="0.012" />
  <testcase classname="ptolemy.util.test.junit.AutoTests" name="[69] /home/travis/build/icyphy/ptII/ptolemy/domains/continuous/test/auto/Integration.xml (RunModel)" time="0.017" />
  <testcase classname="ptolemy.util.test.junit.AutoTests" name="[70] /home/travis/build/icyphy/ptII/ptolemy/domains/continuous/test/auto/Integration2.xml (RunModel)" time="0.094" />
  <testcase classname="ptolemy.util.test.junit.AutoTests" name="[71] /home/travis/build/icyphy/ptII/ptolemy/domains/continuous/test/auto/Integration3.xml (RunModel)" time="0.011" />
  <testcase classname="ptolemy.util.test.junit.AutoTests" name="[72] /home/travis/build/icyphy/ptII/ptolemy/domains/continuous/test/auto/Integration5.xml (RunModel)" time="0.012" />
  <testcase classname="ptolemy.util.test.junit.AutoTests" name="[73] /home/travis/build/icyphy/ptII/ptolemy/domains/continuous/test/auto/IntegratorImpulse.xml (RunModel)" time="0.011" />
  <testcase classname="ptolemy.util.test.junit.AutoTests" name="[74] /home/travis/build/icyphy/ptII/ptolemy/domains/continuous/test/auto/IntegratorImpulse2.xml (RunModel)" time="0.01" />
  <testcase classname="ptolemy.util.test.junit.AutoTests" name="[75] /home/travis/build/icyphy/ptII/ptolemy/domains/continuous/test/auto/LevelCrossing1.xml (RunModel)" time="0.011" />
  <testcase classname="ptolemy.util.test.junit.AutoTests" name="[76] /home/travis/build/icyphy/ptII/ptolemy/domains/continuous/test/auto/LevelCrossing2.xml (RunModel)" time="0.016" />
  <testcase classname="ptolemy.util.test.junit.AutoTests" name="[77] /home/travis/build/icyphy/ptII/ptolemy/domains/continuous/test/auto/LevelCrossing3.xml (RunModel)" time="0.011" />
  <testcase classname="ptolemy.util.test.junit.AutoTests" name="[78] /home/travis/build/icyphy/ptII/ptolemy/domains/continuous/test/auto/LevelCrossing4.xml (RunModel)" time="0.012" />
  <testcase classname="ptolemy.util.test.junit.AutoTests" name="[79] /home/travis/build/icyphy/ptII/ptolemy/domains/continuous/test/auto/LevelCrossing5.xml (RunModel)" time="0.012" />
  <testcase classname="ptolemy.util.test.junit.AutoTests" name="[80] /home/travis/build/icyphy/ptII/ptolemy/domains/continuous/test/auto/LevelCrossing6.xml (RunModel)" time="0.012" />
  <testcase classname="ptolemy.util.test.junit.AutoTests" name="[81] /home/travis/build/icyphy/ptII/ptolemy/domains/continuous/test/auto/LevelCrossingDetector.xml (RunModel)" time="0.041" />
  <testcase classname="ptolemy.util.test.junit.AutoTests" name="[82] /home/travis/build/icyphy/ptII/ptolemy/domains/continuous/test/auto/LevelCrossingDetectorDetectingDirections.xml (RunModel)" time="0.084" />
  <testcase classname="ptolemy.util.test.junit.AutoTests" name="[83] /home/travis/build/icyphy/ptII/ptolemy/domains/continuous/test/auto/LevelCrossingDetectorDetectsGlitches.xml (RunModel)" time="0.075" />
  <testcase classname="ptolemy.util.test.junit.AutoTests" name="[84] /home/travis/build/icyphy/ptII/ptolemy/domains/continuous/test/auto/LevelCrossingNoInitialOuput.xml (RunModel)" time="0.01" />
  <testcase classname="ptolemy.util.test.junit.AutoTests" name="[85] /home/travis/build/icyphy/ptII/ptolemy/domains/continuous/test/auto/LinearStateSpaceExample.xml (RunModel)" time="0.044" />
  <testcase classname="ptolemy.util.test.junit.AutoTests" name="[86] /home/travis/build/icyphy/ptII/ptolemy/domains/continuous/test/auto/Lorenz.xml (RunModel)" time="3.986" />
  <testcase classname="ptolemy.util.test.junit.AutoTests" name="[87] /home/travis/build/icyphy/ptII/ptolemy/domains/continuous/test/auto/LorenzDifferentialSystem.xml (RunModel)" time="1.207" />
  <testcase classname="ptolemy.util.test.junit.AutoTests" name="[88] /home/travis/build/icyphy/ptII/ptolemy/domains/continuous/test/auto/LorenzDifferentialSystemWithInput.xml (RunModel)" time="1.347" />
  <testcase classname="ptolemy.util.test.junit.AutoTests" name="[89] /home/travis/build/icyphy/ptII/ptolemy/domains/continuous/test/auto/LorenzDifferentialSystemWithTime.xml (RunModel)" time="0.707" />
  <testcase classname="ptolemy.util.test.junit.AutoTests" name="[90] /home/travis/build/icyphy/ptII/ptolemy/domains/continuous/test/auto/Microsteps.xml (RunModel)" time="0.017" />
  <testcase classname="ptolemy.util.test.junit.AutoTests" name="[91] /home/travis/build/icyphy/ptII/ptolemy/domains/continuous/test/auto/Modal1.xml (RunModel)" time="0.051" />
  <testcase classname="ptolemy.util.test.junit.AutoTests" name="[92] /home/travis/build/icyphy/ptII/ptolemy/domains/continuous/test/auto/Modal2.xml (RunModel)" time="0.045" />
  <testcase classname="ptolemy.util.test.junit.AutoTests" name="[93] /home/travis/build/icyphy/ptII/ptolemy/domains/continuous/test/auto/ModalTransitionGuardWithReset.xml (RunModel)" time="0.032" />
  <testcase classname="ptolemy.util.test.junit.AutoTests" name="[94] /home/travis/build/icyphy/ptII/ptolemy/domains/continuous/test/auto/ModalTransitionGuardWithResetUsingPreemptiveTransition.xml (RunModel)" time="0.026" />
  <testcase classname="ptolemy.util.test.junit.AutoTests" name="[95] /home/travis/build/icyphy/ptII/ptolemy/domains/continuous/test/auto/ModalTransitionGuardWithResetUsingPreemptiveTransition2.xml (RunModel)" time="0.044" />
  <testcase classname="ptolemy.util.test.junit.AutoTests" name="[96] /home/travis/build/icyphy/ptII/ptolemy/domains/continuous/test/auto/ModalTransitionGuardWithResetUsingPreemptiveTransition3.xml (RunModel)" time="0.026" />
  <testcase classname="ptolemy.util.test.junit.AutoTests" name="[97] /home/travis/build/icyphy/ptII/ptolemy/domains/continuous/test/auto/NewtonsCradle.xml (RunModel)" time="0.796" />
  <testcase classname="ptolemy.util.test.junit.AutoTests" name="[98] /home/travis/build/icyphy/ptII/ptolemy/domains/continuous/test/auto/NewtonsCradleAnimated.xml (RunModel)" time="1.098" />
  <testcase classname="ptolemy.util.test.junit.AutoTests" name="[99] /home/travis/build/icyphy/ptII/ptolemy/domains/continuous/test/auto/NewtonsCradleComplicated.xml (RunModel)" time="0.894" />
  <testcase classname="ptolemy.util.test.junit.AutoTests" name="[100] /home/travis/build/icyphy/ptII/ptolemy/domains/continuous/test/auto/NewtonsCradleNondeterministic.xml (RunModel)" time="0.599" />
  <testcase classname="ptolemy.util.test.junit.AutoTests" name="[101] /home/travis/build/icyphy/ptII/ptolemy/domains/continuous/test/auto/NewtonsCradlePerfectlyInelastic1.xml (RunModel)" time="1.226" />
  <testcase classname="ptolemy.util.test.junit.AutoTests" name="[102] /home/travis/build/icyphy/ptII/ptolemy/domains/continuous/test/auto/Noise.xml (RunModel)" time="0.159" />
  <testcase classname="ptolemy.util.test.junit.AutoTests" name="[103] /home/travis/build/icyphy/ptII/ptolemy/domains/continuous/test/auto/NoiseSpectrum.xml (RunModel)" time="0.794" />
  <testcase classname="ptolemy.util.test.junit.AutoTests" name="[104] /home/travis/build/icyphy/ptII/ptolemy/domains/continuous/test/auto/ParameterizedNewtonsCradleAnimated.xml (RunModel)" time="0.36" />
  <testcase classname="ptolemy.util.test.junit.AutoTests" name="[105] /home/travis/build/icyphy/ptII/ptolemy/domains/continuous/test/auto/ParameterizedNewtonsCradleAnimatedNondeterministic.xml (RunModel)" time="1.17" />
  <testcase classname="ptolemy.util.test.junit.AutoTests" name="[106] /home/travis/build/icyphy/ptII/ptolemy/domains/continuous/test/auto/Pendulum3D.xml (RunModel)" time="0.164" />
  <testcase classname="ptolemy.util.test.junit.AutoTests" name="[107] /home/travis/build/icyphy/ptII/ptolemy/domains/continuous/test/auto/PeriodicSampler.xml (RunModel)" time="0.009" />
  <testcase classname="ptolemy.util.test.junit.AutoTests" name="[108] /home/travis/build/icyphy/ptII/ptolemy/domains/continuous/test/auto/PeriodicSampler1.xml (RunModel)" time="0.042" />
  <testcase classname="ptolemy.util.test.junit.AutoTests" name="[109] /home/travis/build/icyphy/ptII/ptolemy/domains/continuous/test/auto/PeriodicSampler2.xml (RunModel)" time="0.068" />
  <testcase classname="ptolemy.util.test.junit.AutoTests" name="[110] /home/travis/build/icyphy/ptII/ptolemy/domains/continuous/test/auto/Poisson.xml (RunModel)" time="0.437" />
  <testcase classname="ptolemy.util.test.junit.AutoTests" name="[111] /home/travis/build/icyphy/ptII/ptolemy/domains/continuous/test/auto/PoissonClock.xml (RunModel)" time="0.012" />
  <testcase classname="ptolemy.util.test.junit.AutoTests" name="[112] /home/travis/build/icyphy/ptII/ptolemy/domains/continuous/test/auto/PoissonClock2.xml (RunModel)" time="0.02" />
  <testcase classname="ptolemy.util.test.junit.AutoTests" name="[113] /home/travis/build/icyphy/ptII/ptolemy/domains/continuous/test/auto/PortParameterHierarchy.xml (RunModel)" time="0.022" />
  <testcase classname="ptolemy.util.test.junit.AutoTests" name="[114] /home/travis/build/icyphy/ptII/ptolemy/domains/continuous/test/auto/RandomHybridPlant.xml (RunModel)" time="0.52" />
  <testcase classname="ptolemy.util.test.junit.AutoTests" name="[115] /home/travis/build/icyphy/ptII/ptolemy/domains/continuous/test/auto/ResetTransitionWithStartTime1.xml (RunModel)" time="0.043" />
  <testcase classname="ptolemy.util.test.junit.AutoTests" name="[116] /home/travis/build/icyphy/ptII/ptolemy/domains/continuous/test/auto/ResetTransitionWithStartTime2.xml (RunModel)" time="0.041" />
  <testcase classname="ptolemy.util.test.junit.AutoTests" name="[117] /home/travis/build/icyphy/ptII/ptolemy/domains/continuous/test/auto/ResetTransitionWithStartTime3.xml (RunModel)" time="0.044" />
  <testcase classname="ptolemy.util.test.junit.AutoTests" name="[118] /home/travis/build/icyphy/ptII/ptolemy/domains/continuous/test/auto/ResetTransitionWithStartTime4.xml (RunModel)" time="0.022" />
  <testcase classname="ptolemy.util.test.junit.AutoTests" name="[119] /home/travis/build/icyphy/ptII/ptolemy/domains/continuous/test/auto/ResetTransitionWithStartTime5.xml (RunModel)" time="0.036" />
  <testcase classname="ptolemy.util.test.junit.AutoTests" name="[120] /home/travis/build/icyphy/ptII/ptolemy/domains/continuous/test/auto/ResetTransitionWithStartTime6.xml (RunModel)" time="0.027" />
  <testcase classname="ptolemy.util.test.junit.AutoTests" name="[121] /home/travis/build/icyphy/ptII/ptolemy/domains/continuous/test/auto/SRinContinuous.xml (RunModel)" time="0.028" />
  <testcase classname="ptolemy.util.test.junit.AutoTests" name="[122] /home/travis/build/icyphy/ptII/ptolemy/domains/continuous/test/auto/SampledClocks.xml (RunModel)" time="0.034" />
  <testcase classname="ptolemy.util.test.junit.AutoTests" name="[123] /home/travis/build/icyphy/ptII/ptolemy/domains/continuous/test/auto/Satellite.xml (RunModel)" time="0.813" />
  <testcase classname="ptolemy.util.test.junit.AutoTests" name="[124] /home/travis/build/icyphy/ptII/ptolemy/domains/continuous/test/auto/SigmaDelta.xml (RunModel)" time="2.311" />
  <testcase classname="ptolemy.util.test.junit.AutoTests" name="[125] /home/travis/build/icyphy/ptII/ptolemy/domains/continuous/test/auto/SingleRefinement.xml (RunModel)" time="0.422" />
  <testcase classname="ptolemy.util.test.junit.AutoTests" name="[126] /home/travis/build/icyphy/ptII/ptolemy/domains/continuous/test/auto/SinuBouncingBall.xml (RunModel)" time="0.796" />
  <testcase classname="ptolemy.util.test.junit.AutoTests" name="[127] /home/travis/build/icyphy/ptII/ptolemy/domains/continuous/test/auto/Sinusoid.xml (RunModel)" time="0.014" />
  <testcase classname="ptolemy.util.test.junit.AutoTests" name="[128] /home/travis/build/icyphy/ptII/ptolemy/domains/continuous/test/auto/SinusoidInNoise.xml (RunModel)" time="0.878" />
  <testcase classname="ptolemy.util.test.junit.AutoTests" name="[129] /home/travis/build/icyphy/ptII/ptolemy/domains/continuous/test/auto/SinusoidRK45.xml (RunModel)" time="0.009" />
  <testcase classname="ptolemy.util.test.junit.AutoTests" name="[130] /home/travis/build/icyphy/ptII/ptolemy/domains/continuous/test/auto/SinusoidWithMultipleImpulses.xml (RunModel)" time="0.011" />
  <testcase classname="ptolemy.util.test.junit.AutoTests" name="[131] /home/travis/build/icyphy/ptII/ptolemy/domains/continuous/test/auto/SquareWave.xml (RunModel)" time="0.191" />
  <testcase classname="ptolemy.util.test.junit.AutoTests" name="[132] /home/travis/build/icyphy/ptII/ptolemy/domains/continuous/test/auto/Starmac.xml (RunModel)" time="3.373" />
  <testcase classname="ptolemy.util.test.junit.AutoTests" name="[133] /home/travis/build/icyphy/ptII/ptolemy/domains/continuous/test/auto/StaticUnits.xml (RunModel)" time="2.528" />
  <testcase classname="ptolemy.util.test.junit.AutoTests" name="[134] /home/travis/build/icyphy/ptII/ptolemy/domains/continuous/test/auto/StickyMasses.xml (RunModel)" time="0.175" />
  <testcase classname="ptolemy.util.test.junit.AutoTests" name="[135] /home/travis/build/icyphy/ptII/ptolemy/domains/continuous/test/auto/StopTime.xml (RunModel)" time="0.058" />
  <testcase classname="ptolemy.util.test.junit.AutoTests" name="[136] /home/travis/build/icyphy/ptII/ptolemy/domains/continuous/test/auto/StopTime2.xml (RunModel)" time="0.052" />
  <testcase classname="ptolemy.util.test.junit.AutoTests" name="[137] /home/travis/build/icyphy/ptII/ptolemy/domains/continuous/test/auto/Switch.xml (RunModel)" time="0.057" />
  <testcase classname="ptolemy.util.test.junit.AutoTests" name="[138] /home/travis/build/icyphy/ptII/ptolemy/domains/continuous/test/auto/Thermostat.xml (RunModel)" time="0.196" />
  <testcase classname="ptolemy.util.test.junit.AutoTests" name="[139] /home/travis/build/icyphy/ptII/ptolemy/domains/continuous/test/auto/TimeDelay.xml (RunModel)" time="0.013" />
  <testcase classname="ptolemy.util.test.junit.AutoTests" name="[140] /home/travis/build/icyphy/ptII/ptolemy/domains/continuous/test/auto/TimeDelay2.xml (RunModel)" time="0.016" />
  <testcase classname="ptolemy.util.test.junit.AutoTests" name="[141] /home/travis/build/icyphy/ptII/ptolemy/domains/continuous/test/auto/TimeDelay3.xml (RunModel)" time="0.02" />
  <testcase classname="ptolemy.util.test.junit.AutoTests" name="[142] /home/travis/build/icyphy/ptII/ptolemy/domains/continuous/test/auto/TransferAbsentToInside.xml (RunModel)" time="0.105" />
  <testcase classname="ptolemy.util.test.junit.AutoTests" name="[143] /home/travis/build/icyphy/ptII/ptolemy/domains/continuous/test/auto/Transmission.xml (RunModel)" time="0.834" />
  <testcase classname="ptolemy.util.test.junit.AutoTests" name="[144] /home/travis/build/icyphy/ptII/ptolemy/domains/continuous/test/auto/TriggeredContinuousClock.xml (RunModel)" time="0.079" />
  <testcase classname="ptolemy.util.test.junit.AutoTests" name="[145] /home/travis/build/icyphy/ptII/ptolemy/domains/continuous/test/auto/TwoMachineInfiniteBusControl.xml (RunModel)" time="2.773" />
  <testcase classname="ptolemy.util.test.junit.AutoTests" name="[146] /home/travis/build/icyphy/ptII/ptolemy/domains/continuous/test/auto/V2V.xml (RunModel)" time="0.773" />
  <testcase classname="ptolemy.util.test.junit.AutoTests" name="[147] /home/travis/build/icyphy/ptII/ptolemy/domains/continuous/test/auto/hierarchicalModalModel.xml (RunModel)" time="0.033" />
  <testcase classname="ptolemy.util.test.junit.AutoTests" name="[148] /home/travis/build/icyphy/ptII/ptolemy/domains/continuous/test/auto/hierarchicalModalModel1.xml (RunModel)" time="0.029" />
  <testcase classname="ptolemy.util.test.junit.AutoTests" name="[149] /home/travis/build/icyphy/ptII/ptolemy/domains/continuous/test/auto/hierarchicalModalModel2.xml (RunModel)" time="0.028" />
  <testcase classname="ptolemy.util.test.junit.AutoTests" name="[150] /home/travis/build/icyphy/ptII/ptolemy/domains/continuous/test/auto/hierarchicalModalModel3.xml (RunModel)" time="0.022" />
  <testcase classname="ptolemy.util.test.junit.AutoTests" name="[151] /home/travis/build/icyphy/ptII/ptolemy/domains/continuous/test/auto/hierarchicalModalModel4.xml (RunModel)" time="0.026" />
  <testcase classname="ptolemy.util.test.junit.AutoTests" name="[152] /home/travis/build/icyphy/ptII/ptolemy/domains/continuous/test/auto/junk.xml (RunModel)" time="0.146" />
  <system-out><![CDATA[No tcl tests in /home/travis/build/icyphy/ptII/ptolemy/domains/continuous/test
No auto/knownFailedTests/*.xml tests in /home/travis/build/icyphy/ptII/ptolemy/domains/continuous/test
No auto/linux-amd64/*.xml tests in /home/travis/build/icyphy/ptII/ptolemy/domains/continuous/test
AutoTests.java: About to close Vertx.
AutoTests.java: Vertx closed.

===========================================================================================
----------------- testing Thu Feb 07 03:31:58 UTC 2019 /home/travis/build/icyphy/ptII/ptolemy/domains/continuous/test/auto/BouncingBall.xml
----------------- Instantiating /home/travis/build/icyphy/ptII/ptolemy/domains/continuous/test/auto/BouncingBall.xml
2418 ms. Memory: 332288K Free: 268008K (81%)
----------------- Invoking toplevel() on ptolemy.moml.MoMLSimpleApplication@7587bd6e
----------------- Done invoking toplevel() on ptolemy.moml.MoMLSimpleApplication@7587bd6e
reloadAllAccessors: .BouncingBall

===========================================================================================
----------------- testing Thu Feb 07 03:32:01 UTC 2019 /home/travis/build/icyphy/ptII/ptolemy/domains/continuous/test/auto/BouncingBallWithoutGR.xml
----------------- Instantiating /home/travis/build/icyphy/ptII/ptolemy/domains/continuous/test/auto/BouncingBallWithoutGR.xml
756 ms. Memory: 332288K Free: 321116K (97%)
----------------- Invoking toplevel() on ptolemy.moml.MoMLSimpleApplication@1bdc2d08
----------------- Done invoking toplevel() on ptolemy.moml.MoMLSimpleApplication@1bdc2d08
reloadAllAccessors: .BouncingBallWithoutGR

===========================================================================================
----------------- testing Thu Feb 07 03:32:02 UTC 2019 /home/travis/build/icyphy/ptII/ptolemy/domains/continuous/test/auto/Brownian.xml
----------------- Instantiating /home/travis/build/icyphy/ptII/ptolemy/domains/continuous/test/auto/Brownian.xml
25 ms. Memory: 332288K Free: 307461K (93%)
----------------- Invoking toplevel() on ptolemy.moml.MoMLSimpleApplication@43e75ba9
----------------- Done invoking toplevel() on ptolemy.moml.MoMLSimpleApplication@43e75ba9
reloadAllAccessors: .Brownian

===========================================================================================
----------------- testing Thu Feb 07 03:32:02 UTC 2019 /home/travis/build/icyphy/ptII/ptolemy/domains/continuous/test/auto/CarTracking.xml
----------------- Instantiating /home/travis/build/icyphy/ptII/ptolemy/domains/continuous/test/auto/CarTracking.xml
3665 ms. Memory: 578560K Free: 457816K (79%)
----------------- Invoking toplevel() on ptolemy.moml.MoMLSimpleApplication@471b4bdd
----------------- Done invoking toplevel() on ptolemy.moml.MoMLSimpleApplication@471b4bdd
reloadAllAccessors: .CarTracking

===========================================================================================
----------------- testing Thu Feb 07 03:32:06 UTC 2019 /home/travis/build/icyphy/ptII/ptolemy/domains/continuous/test/auto/CartPendulum.xml
----------------- Instantiating /home/travis/build/icyphy/ptII/ptolemy/domains/continuous/test/auto/CartPendulum.xml
402 ms. Memory: 578560K Free: 353516K (61%)
----------------- Invoking toplevel() on ptolemy.moml.MoMLSimpleApplication@1cbbc82d
----------------- Done invoking toplevel() on ptolemy.moml.MoMLSimpleApplication@1cbbc82d
reloadAllAccessors: .CartPendulum

===========================================================================================
----------------- testing Thu Feb 07 03:32:07 UTC 2019 /home/travis/build/icyphy/ptII/ptolemy/domains/continuous/test/auto/CausalityInterface10.xml
----------------- Instantiating /home/travis/build/icyphy/ptII/ptolemy/domains/continuous/test/auto/CausalityInterface10.xml
12 ms. Memory: 578560K Free: 340393K (59%)
----------------- Invoking toplevel() on ptolemy.moml.MoMLSimpleApplication@7d9136cc
----------------- Done invoking toplevel() on ptolemy.moml.MoMLSimpleApplication@7d9136cc
reloadAllAccessors: .CausalityInterface10

===========================================================================================
----------------- testing Thu Feb 07 03:32:07 UTC 2019 /home/travis/build/icyphy/ptII/ptolemy/domains/continuous/test/auto/CausalityInterface11.xml
----------------- Instantiating /home/travis/build/icyphy/ptII/ptolemy/domains/continuous/test/auto/CausalityInterface11.xml
10 ms. Memory: 578560K Free: 330546K (57%)
----------------- Invoking toplevel() on ptolemy.moml.MoMLSimpleApplication@726d7142
----------------- Done invoking toplevel() on ptolemy.moml.MoMLSimpleApplication@726d7142
reloadAllAccessors: .CausalityInterface11

===========================================================================================
----------------- testing Thu Feb 07 03:32:07 UTC 2019 /home/travis/build/icyphy/ptII/ptolemy/domains/continuous/test/auto/CausalityInterface12.xml
----------------- Instantiating /home/travis/build/icyphy/ptII/ptolemy/domains/continuous/test/auto/CausalityInterface12.xml
8 ms. Memory: 578560K Free: 317847K (55%)
----------------- Invoking toplevel() on ptolemy.moml.MoMLSimpleApplication@747ce2c9
----------------- Done invoking toplevel() on ptolemy.moml.MoMLSimpleApplication@747ce2c9
reloadAllAccessors: .CausalityInterface12

===========================================================================================
----------------- testing Thu Feb 07 03:32:07 UTC 2019 /home/travis/build/icyphy/ptII/ptolemy/domains/continuous/test/auto/CausalityInterface13.xml
----------------- Instantiating /home/travis/build/icyphy/ptII/ptolemy/domains/continuous/test/auto/CausalityInterface13.xml
8 ms. Memory: 578560K Free: 308000K (53%)
----------------- Invoking toplevel() on ptolemy.moml.MoMLSimpleApplication@71319dca
----------------- Done invoking toplevel() on ptolemy.moml.MoMLSimpleApplication@71319dca
reloadAllAccessors: .CausalityInterface13

===========================================================================================
----------------- testing Thu Feb 07 03:32:07 UTC 2019 /home/travis/build/icyphy/ptII/ptolemy/domains/continuous/test/auto/CausalityInterface14.xml
----------------- Instantiating /home/travis/build/icyphy/ptII/ptolemy/domains/continuous/test/auto/CausalityInterface14.xml
3 ms. Memory: 578560K Free: 298154K (52%)
----------------- Invoking toplevel() on ptolemy.moml.MoMLSimpleApplication@407ab1ad
----------------- Done invoking toplevel() on ptolemy.moml.MoMLSimpleApplication@407ab1ad
reloadAllAccessors: .CausalityInterface14

===========================================================================================
----------------- testing Thu Feb 07 03:32:07 UTC 2019 /home/travis/build/icyphy/ptII/ptolemy/domains/continuous/test/auto/CausalityInterface4.xml
----------------- Instantiating /home/travis/build/icyphy/ptII/ptolemy/domains/continuous/test/auto/CausalityInterface4.xml
4 ms. Memory: 578560K Free: 288307K (50%)
----------------- Invoking toplevel() on ptolemy.moml.MoMLSimpleApplication@d9c4e55
----------------- Done invoking toplevel() on ptolemy.moml.MoMLSimpleApplication@d9c4e55
reloadAllAccessors: .CausalityInterface4

===========================================================================================
----------------- testing Thu Feb 07 03:32:07 UTC 2019 /home/travis/build/icyphy/ptII/ptolemy/domains/continuous/test/auto/CausalityInterface5.xml
----------------- Instantiating /home/travis/build/icyphy/ptII/ptolemy/domains/continuous/test/auto/CausalityInterface5.xml
13 ms. Memory: 578560K Free: 272338K (47%)
----------------- Invoking toplevel() on ptolemy.moml.MoMLSimpleApplication@3815a433
----------------- Done invoking toplevel() on ptolemy.moml.MoMLSimpleApplication@3815a433
reloadAllAccessors: .CausalityInterface5

===========================================================================================
----------------- testing Thu Feb 07 03:32:07 UTC 2019 /home/travis/build/icyphy/ptII/ptolemy/domains/continuous/test/auto/CausalityInterface6.xml
----------------- Instantiating /home/travis/build/icyphy/ptII/ptolemy/domains/continuous/test/auto/CausalityInterface6.xml
3 ms. Memory: 578560K Free: 262492K (45%)
----------------- Invoking toplevel() on ptolemy.moml.MoMLSimpleApplication@2c094341
----------------- Done invoking toplevel() on ptolemy.moml.MoMLSimpleApplication@2c094341
reloadAllAccessors: .CausalityInterface6

===========================================================================================
----------------- testing Thu Feb 07 03:32:07 UTC 2019 /home/travis/build/icyphy/ptII/ptolemy/domains/continuous/test/auto/CausalityInterface7.xml
----------------- Instantiating /home/travis/build/icyphy/ptII/ptolemy/domains/continuous/test/auto/CausalityInterface7.xml
17 ms. Memory: 578560K Free: 249384K (43%)
----------------- Invoking toplevel() on ptolemy.moml.MoMLSimpleApplication@435fde61
----------------- Done invoking toplevel() on ptolemy.moml.MoMLSimpleApplication@435fde61
reloadAllAccessors: .CausalityInterface7

===========================================================================================
----------------- testing Thu Feb 07 03:32:07 UTC 2019 /home/travis/build/icyphy/ptII/ptolemy/domains/continuous/test/auto/CausalityInterface8.xml
----------------- Instantiating /home/travis/build/icyphy/ptII/ptolemy/domains/continuous/test/auto/CausalityInterface8.xml
8 ms. Memory: 578560K Free: 236269K (41%)
----------------- Invoking toplevel() on ptolemy.moml.MoMLSimpleApplication@41bc74bd
----------------- Done invoking toplevel() on ptolemy.moml.MoMLSimpleApplication@41bc74bd
reloadAllAccessors: .CausalityInterface8

===========================================================================================
----------------- testing Thu Feb 07 03:32:07 UTC 2019 /home/travis/build/icyphy/ptII/ptolemy/domains/continuous/test/auto/CausalityInterface9.xml
----------------- Instantiating /home/travis/build/icyphy/ptII/ptolemy/domains/continuous/test/auto/CausalityInterface9.xml
9 ms. Memory: 578560K Free: 217023K (38%)
----------------- Invoking toplevel() on ptolemy.moml.MoMLSimpleApplication@5dac3155
----------------- Done invoking toplevel() on ptolemy.moml.MoMLSimpleApplication@5dac3155
reloadAllAccessors: .CausalityInterface9

===========================================================================================
----------------- testing Thu Feb 07 03:32:07 UTC 2019 /home/travis/build/icyphy/ptII/ptolemy/domains/continuous/test/auto/CausalityInterfaceFeedback1.xml
----------------- Instantiating /home/travis/build/icyphy/ptII/ptolemy/domains/continuous/test/auto/CausalityInterfaceFeedback1.xml
5 ms. Memory: 578560K Free: 207177K (36%)
----------------- Invoking toplevel() on ptolemy.moml.MoMLSimpleApplication@174d2a07
----------------- Done invoking toplevel() on ptolemy.moml.MoMLSimpleApplication@174d2a07
reloadAllAccessors: .CausalityInterfaceFeedback1

===========================================================================================
----------------- testing Thu Feb 07 03:32:07 UTC 2019 /home/travis/build/icyphy/ptII/ptolemy/domains/continuous/test/auto/CausalityInterfaceFeedback2.xml
----------------- Instantiating /home/travis/build/icyphy/ptII/ptolemy/domains/continuous/test/auto/CausalityInterfaceFeedback2.xml
7 ms. Memory: 578560K Free: 197330K (34%)
----------------- Invoking toplevel() on ptolemy.moml.MoMLSimpleApplication@3ea97dc0
----------------- Done invoking toplevel() on ptolemy.moml.MoMLSimpleApplication@3ea97dc0
reloadAllAccessors: .CausalityInterfaceFeedback2

===========================================================================================
----------------- testing Thu Feb 07 03:32:07 UTC 2019 /home/travis/build/icyphy/ptII/ptolemy/domains/continuous/test/auto/CompareWithCurrentTime.xml
----------------- Instantiating /home/travis/build/icyphy/ptII/ptolemy/domains/continuous/test/auto/CompareWithCurrentTime.xml
7 ms. Memory: 578560K Free: 187923K (32%)
----------------- Invoking toplevel() on ptolemy.moml.MoMLSimpleApplication@72750cfc
----------------- Done invoking toplevel() on ptolemy.moml.MoMLSimpleApplication@72750cfc
reloadAllAccessors: .CompareWithCurrentTime

===========================================================================================
----------------- testing Thu Feb 07 03:32:07 UTC 2019 /home/travis/build/icyphy/ptII/ptolemy/domains/continuous/test/auto/ComparedClocks.xml
----------------- Instantiating /home/travis/build/icyphy/ptII/ptolemy/domains/continuous/test/auto/ComparedClocks.xml
13 ms. Memory: 578560K Free: 168246K (29%)
----------------- Invoking toplevel() on ptolemy.moml.MoMLSimpleApplication@360bfd33
----------------- Done invoking toplevel() on ptolemy.moml.MoMLSimpleApplication@360bfd33
reloadAllAccessors: .ComparedClocks

===========================================================================================
----------------- testing Thu Feb 07 03:32:08 UTC 2019 /home/travis/build/icyphy/ptII/ptolemy/domains/continuous/test/auto/ContinuousAOCClone.xml
----------------- Instantiating /home/travis/build/icyphy/ptII/ptolemy/domains/continuous/test/auto/ContinuousAOCClone.xml
2560 ms. Memory: 872960K Free: 434829K (50%)
----------------- Invoking toplevel() on ptolemy.moml.MoMLSimpleApplication@b92d383
----------------- Done invoking toplevel() on ptolemy.moml.MoMLSimpleApplication@b92d383
reloadAllAccessors: .ContinuousAOCClone

===========================================================================================
----------------- testing Thu Feb 07 03:32:10 UTC 2019 /home/travis/build/icyphy/ptII/ptolemy/domains/continuous/test/auto/ContinuousClock.xml
----------------- Instantiating /home/travis/build/icyphy/ptII/ptolemy/domains/continuous/test/auto/ContinuousClock.xml
28 ms. Memory: 872960K Free: 401943K (46%)
----------------- Invoking toplevel() on ptolemy.moml.MoMLSimpleApplication@5201c1bc
----------------- Done invoking toplevel() on ptolemy.moml.MoMLSimpleApplication@5201c1bc
reloadAllAccessors: .ContinuousClock

===========================================================================================
----------------- testing Thu Feb 07 03:32:10 UTC 2019 /home/travis/build/icyphy/ptII/ptolemy/domains/continuous/test/auto/ContinuousInContinuous.xml
----------------- Instantiating /home/travis/build/icyphy/ptII/ptolemy/domains/continuous/test/auto/ContinuousInContinuous.xml
43 ms. Memory: 872960K Free: 370467K (42%)
----------------- Invoking toplevel() on ptolemy.moml.MoMLSimpleApplication@f5fa402
----------------- Done invoking toplevel() on ptolemy.moml.MoMLSimpleApplication@f5fa402
reloadAllAccessors: .ContinuousInContinuous

===========================================================================================
----------------- testing Thu Feb 07 03:32:11 UTC 2019 /home/travis/build/icyphy/ptII/ptolemy/domains/continuous/test/auto/ContinuousInContinuousInContinuous.xml
----------------- Instantiating /home/travis/build/icyphy/ptII/ptolemy/domains/continuous/test/auto/ContinuousInContinuousInContinuous.xml
11 ms. Memory: 872960K Free: 354732K (41%)
----------------- Invoking toplevel() on ptolemy.moml.MoMLSimpleApplication@546d290e
----------------- Done invoking toplevel() on ptolemy.moml.MoMLSimpleApplication@546d290e
reloadAllAccessors: .ContinuousInContinuousInContinuous

===========================================================================================
----------------- testing Thu Feb 07 03:32:11 UTC 2019 /home/travis/build/icyphy/ptII/ptolemy/domains/continuous/test/auto/ContinuousInDE.xml
----------------- Instantiating /home/travis/build/icyphy/ptII/ptolemy/domains/continuous/test/auto/ContinuousInDE.xml
114 ms. Memory: 872960K Free: 335920K (38%)
----------------- Invoking toplevel() on ptolemy.moml.MoMLSimpleApplication@2902d93f
----------------- Done invoking toplevel() on ptolemy.moml.MoMLSimpleApplication@2902d93f
reloadAllAccessors: .ContinuousInDE

===========================================================================================
----------------- testing Thu Feb 07 03:32:11 UTC 2019 /home/travis/build/icyphy/ptII/ptolemy/domains/continuous/test/auto/ContinuousInDE2.xml
----------------- Instantiating /home/travis/build/icyphy/ptII/ptolemy/domains/continuous/test/auto/ContinuousInDE2.xml
44 ms. Memory: 872960K Free: 320202K (37%)
----------------- Invoking toplevel() on ptolemy.moml.MoMLSimpleApplication@2561dcf1
----------------- Done invoking toplevel() on ptolemy.moml.MoMLSimpleApplication@2561dcf1
reloadAllAccessors: .ContinuousInDE2

===========================================================================================
----------------- testing Thu Feb 07 03:32:11 UTC 2019 /home/travis/build/icyphy/ptII/ptolemy/domains/continuous/test/auto/ContinuousInDE3.xml
----------------- Instantiating /home/travis/build/icyphy/ptII/ptolemy/domains/continuous/test/auto/ContinuousInDE3.xml
41 ms. Memory: 872960K Free: 304483K (35%)
----------------- Invoking toplevel() on ptolemy.moml.MoMLSimpleApplication@84799d6
----------------- Done invoking toplevel() on ptolemy.moml.MoMLSimpleApplication@84799d6
reloadAllAccessors: .ContinuousInDE3

===========================================================================================
----------------- testing Thu Feb 07 03:32:11 UTC 2019 /home/travis/build/icyphy/ptII/ptolemy/domains/continuous/test/auto/ContinuousInDE4.xml
----------------- Instantiating /home/travis/build/icyphy/ptII/ptolemy/domains/continuous/test/auto/ContinuousInDE4.xml
17 ms. Memory: 872960K Free: 294004K (34%)
----------------- Invoking toplevel() on ptolemy.moml.MoMLSimpleApplication@62ede269
----------------- Done invoking toplevel() on ptolemy.moml.MoMLSimpleApplication@62ede269
reloadAllAccessors: .ContinuousInDE4

===========================================================================================
----------------- testing Thu Feb 07 03:32:11 UTC 2019 /home/travis/build/icyphy/ptII/ptolemy/domains/continuous/test/auto/ContinuousInDEDifferentRefinements.xml
----------------- Instantiating /home/travis/build/icyphy/ptII/ptolemy/domains/continuous/test/auto/ContinuousInDEDifferentRefinements.xml
86 ms. Memory: 872960K Free: 254187K (29%)
----------------- Invoking toplevel() on ptolemy.moml.MoMLSimpleApplication@666d4f6b
----------------- Done invoking toplevel() on ptolemy.moml.MoMLSimpleApplication@666d4f6b
reloadAllAccessors: .ContinuousInDEDifferentRefinements

===========================================================================================
----------------- testing Thu Feb 07 03:32:11 UTC 2019 /home/travis/build/icyphy/ptII/ptolemy/domains/continuous/test/auto/ContinuousInDEDifferentRefinementsPreemptive.xml
----------------- Instantiating /home/travis/build/icyphy/ptII/ptolemy/domains/continuous/test/auto/ContinuousInDEDifferentRefinementsPreemptive.xml
55 ms. Memory: 872960K Free: 217470K (25%)
----------------- Invoking toplevel() on ptolemy.moml.MoMLSimpleApplication@4ac4d15a
----------------- Done invoking toplevel() on ptolemy.moml.MoMLSimpleApplication@4ac4d15a
reloadAllAccessors: .ContinuousInDEDifferentRefinementsPreemptive

===========================================================================================
----------------- testing Thu Feb 07 03:32:11 UTC 2019 /home/travis/build/icyphy/ptII/ptolemy/domains/continuous/test/auto/ContinuousInDEInContinuous2.xml
----------------- Instantiating /home/travis/build/icyphy/ptII/ptolemy/domains/continuous/test/auto/ContinuousInDEInContinuous2.xml
38 ms. Memory: 872960K Free: 201736K (23%)
----------------- Invoking toplevel() on ptolemy.moml.MoMLSimpleApplication@621f8c81
----------------- Done invoking toplevel() on ptolemy.moml.MoMLSimpleApplication@621f8c81
reloadAllAccessors: .ContinuousInDEInContinuous2

===========================================================================================
----------------- testing Thu Feb 07 03:32:11 UTC 2019 /home/travis/build/icyphy/ptII/ptolemy/domains/continuous/test/auto/ContinuousInDEInContinuous3.xml
----------------- Instantiating /home/travis/build/icyphy/ptII/ptolemy/domains/continuous/test/auto/ContinuousInDEInContinuous3.xml
46 ms. Memory: 872960K Free: 180762K (21%)
----------------- Invoking toplevel() on ptolemy.moml.MoMLSimpleApplication@11204004
----------------- Done invoking toplevel() on ptolemy.moml.MoMLSimpleApplication@11204004
reloadAllAccessors: .ContinuousInDEInContinuous3

===========================================================================================
----------------- testing Thu Feb 07 03:32:11 UTC 2019 /home/travis/build/icyphy/ptII/ptolemy/domains/continuous/test/auto/ContinuousInDEInput.xml
----------------- Instantiating /home/travis/build/icyphy/ptII/ptolemy/domains/continuous/test/auto/ContinuousInDEInput.xml
18 ms. Memory: 872960K Free: 167190K (19%)
----------------- Invoking toplevel() on ptolemy.moml.MoMLSimpleApplication@146a6b7b
----------------- Done invoking toplevel() on ptolemy.moml.MoMLSimpleApplication@146a6b7b
reloadAllAccessors: .ContinuousInDEInput

===========================================================================================
----------------- testing Thu Feb 07 03:32:11 UTC 2019 /home/travis/build/icyphy/ptII/ptolemy/domains/continuous/test/auto/ContinuousInDEInput2.xml
----------------- Instantiating /home/travis/build/icyphy/ptII/ptolemy/domains/continuous/test/auto/ContinuousInDEInput2.xml
16 ms. Memory: 872960K Free: 156711K (18%)
----------------- Invoking toplevel() on ptolemy.moml.MoMLSimpleApplication@2a3a74c3
----------------- Done invoking toplevel() on ptolemy.moml.MoMLSimpleApplication@2a3a74c3
reloadAllAccessors: .ContinuousInDEInput2

===========================================================================================
----------------- testing Thu Feb 07 03:32:11 UTC 2019 /home/travis/build/icyphy/ptII/ptolemy/domains/continuous/test/auto/ContinuousInDEInput3.xml
----------------- Instantiating /home/travis/build/icyphy/ptII/ptolemy/domains/continuous/test/auto/ContinuousInDEInput3.xml
18 ms. Memory: 872960K Free: 146232K (17%)
----------------- Invoking toplevel() on ptolemy.moml.MoMLSimpleApplication@39207410
----------------- Done invoking toplevel() on ptolemy.moml.MoMLSimpleApplication@39207410
reloadAllAccessors: .ContinuousInDEInput3

===========================================================================================
----------------- testing Thu Feb 07 03:32:11 UTC 2019 /home/travis/build/icyphy/ptII/ptolemy/domains/continuous/test/auto/ContinuousInDESharingRefinement.xml
----------------- Instantiating /home/travis/build/icyphy/ptII/ptolemy/domains/continuous/test/auto/ContinuousInDESharingRefinement.xml
223 ms. Memory: 873472K Free: 834676K (96%)
----------------- Invoking toplevel() on ptolemy.moml.MoMLSimpleApplication@200715af
----------------- Done invoking toplevel() on ptolemy.moml.MoMLSimpleApplication@200715af
reloadAllAccessors: .ContinuousInDESharingRefinement

===========================================================================================
----------------- testing Thu Feb 07 03:32:12 UTC 2019 /home/travis/build/icyphy/ptII/ptolemy/domains/continuous/test/auto/ContinuousInDEwithNoPorts.xml
----------------- Instantiating /home/travis/build/icyphy/ptII/ptolemy/domains/continuous/test/auto/ContinuousInDEwithNoPorts.xml
2 ms. Memory: 873472K Free: 822057K (94%)
----------------- Invoking toplevel() on ptolemy.moml.MoMLSimpleApplication@7337d47e
----------------- Done invoking toplevel() on ptolemy.moml.MoMLSimpleApplication@7337d47e
reloadAllAccessors: .ContinuousInDEwithNoPorts

===========================================================================================
----------------- testing Thu Feb 07 03:32:12 UTC 2019 /home/travis/build/icyphy/ptII/ptolemy/domains/continuous/test/auto/ContinuousInsideDE.xml
----------------- Instantiating /home/travis/build/icyphy/ptII/ptolemy/domains/continuous/test/auto/ContinuousInsideDE.xml
39 ms. Memory: 873472K Free: 806322K (92%)
----------------- Invoking toplevel() on ptolemy.moml.MoMLSimpleApplication@61db2b0b
----------------- Done invoking toplevel() on ptolemy.moml.MoMLSimpleApplication@61db2b0b
reloadAllAccessors: .ContinuousInsideDE

===========================================================================================
----------------- testing Thu Feb 07 03:32:12 UTC 2019 /home/travis/build/icyphy/ptII/ptolemy/domains/continuous/test/auto/ContinuousMerge1.xml
----------------- Instantiating /home/travis/build/icyphy/ptII/ptolemy/domains/continuous/test/auto/ContinuousMerge1.xml
3 ms. Memory: 873472K Free: 796375K (91%)
----------------- Invoking toplevel() on ptolemy.moml.MoMLSimpleApplication@5fad3fb4
----------------- Done invoking toplevel() on ptolemy.moml.MoMLSimpleApplication@5fad3fb4
reloadAllAccessors: .ContinuousMerge1

===========================================================================================
----------------- testing Thu Feb 07 03:32:12 UTC 2019 /home/travis/build/icyphy/ptII/ptolemy/domains/continuous/test/auto/ContinuousMerge2.xml
----------------- Instantiating /home/travis/build/icyphy/ptII/ptolemy/domains/continuous/test/auto/ContinuousMerge2.xml
16 ms. Memory: 873472K Free: 780469K (89%)
----------------- Invoking toplevel() on ptolemy.moml.MoMLSimpleApplication@6220088e
----------------- Done invoking toplevel() on ptolemy.moml.MoMLSimpleApplication@6220088e
reloadAllAccessors: .ContinuousMerge2

===========================================================================================
----------------- testing Thu Feb 07 03:32:12 UTC 2019 /home/travis/build/icyphy/ptII/ptolemy/domains/continuous/test/auto/ContinuousMerge3.xml
----------------- Instantiating /home/travis/build/icyphy/ptII/ptolemy/domains/continuous/test/auto/ContinuousMerge3.xml
48 ms. Memory: 873472K Free: 764735K (88%)
----------------- Invoking toplevel() on ptolemy.moml.MoMLSimpleApplication@4ed78b43
----------------- Done invoking toplevel() on ptolemy.moml.MoMLSimpleApplication@4ed78b43
reloadAllAccessors: .ContinuousMerge3

===========================================================================================
----------------- testing Thu Feb 07 03:32:12 UTC 2019 /home/travis/build/icyphy/ptII/ptolemy/domains/continuous/test/auto/ContinuousWithinContinuous.xml
----------------- Instantiating /home/travis/build/icyphy/ptII/ptolemy/domains/continuous/test/auto/ContinuousWithinContinuous.xml
48 ms. Memory: 873472K Free: 746920K (86%)
----------------- Invoking toplevel() on ptolemy.moml.MoMLSimpleApplication@502349d1
----------------- Done invoking toplevel() on ptolemy.moml.MoMLSimpleApplication@502349d1
reloadAllAccessors: .ContinuousWithinContinuous

===========================================================================================
----------------- testing Thu Feb 07 03:32:12 UTC 2019 /home/travis/build/icyphy/ptII/ptolemy/domains/continuous/test/auto/ContinuousWithinContinuous2.xml
----------------- Instantiating /home/travis/build/icyphy/ptII/ptolemy/domains/continuous/test/auto/ContinuousWithinContinuous2.xml
77 ms. Memory: 873472K Free: 735132K (84%)
----------------- Invoking toplevel() on ptolemy.moml.MoMLSimpleApplication@2e3fa3a
----------------- Done invoking toplevel() on ptolemy.moml.MoMLSimpleApplication@2e3fa3a
reloadAllAccessors: .ContinuousWithinContinuous2

===========================================================================================
----------------- testing Thu Feb 07 03:32:12 UTC 2019 /home/travis/build/icyphy/ptII/ptolemy/domains/continuous/test/auto/ContinuousWithinContinuous3.xml
----------------- Instantiating /home/travis/build/icyphy/ptII/ptolemy/domains/continuous/test/auto/ContinuousWithinContinuous3.xml
17 ms. Memory: 873472K Free: 721247K (83%)
----------------- Invoking toplevel() on ptolemy.moml.MoMLSimpleApplication@6c019568
----------------- Done invoking toplevel() on ptolemy.moml.MoMLSimpleApplication@6c019568
reloadAllAccessors: .ContinuousWithinContinuous3

===========================================================================================
----------------- testing Thu Feb 07 03:32:12 UTC 2019 /home/travis/build/icyphy/ptII/ptolemy/domains/continuous/test/auto/ContinuousWithinContinuous4.xml
----------------- Instantiating /home/travis/build/icyphy/ptII/ptolemy/domains/continuous/test/auto/ContinuousWithinContinuous4.xml
72 ms. Memory: 873472K Free: 705528K (81%)
----------------- Invoking toplevel() on ptolemy.moml.MoMLSimpleApplication@7447f3a2
----------------- Done invoking toplevel() on ptolemy.moml.MoMLSimpleApplication@7447f3a2
reloadAllAccessors: .ContinuousWithinContinuous4

===========================================================================================
----------------- testing Thu Feb 07 03:32:12 UTC 2019 /home/travis/build/icyphy/ptII/ptolemy/domains/continuous/test/auto/ContinuousWithinContinuous5.xml
----------------- Instantiating /home/travis/build/icyphy/ptII/ptolemy/domains/continuous/test/auto/ContinuousWithinContinuous5.xml
12 ms. Memory: 873472K Free: 693732K (79%)
----------------- Invoking toplevel() on ptolemy.moml.MoMLSimpleApplication@14628b43
----------------- Done invoking toplevel() on ptolemy.moml.MoMLSimpleApplication@14628b43
reloadAllAccessors: .ContinuousWithinContinuous5

===========================================================================================
----------------- testing Thu Feb 07 03:32:12 UTC 2019 /home/travis/build/icyphy/ptII/ptolemy/domains/continuous/test/auto/ContinuousWithinContinuous6.xml
----------------- Instantiating /home/travis/build/icyphy/ptII/ptolemy/domains/continuous/test/auto/ContinuousWithinContinuous6.xml
14 ms. Memory: 873472K Free: 679839K (78%)
----------------- Invoking toplevel() on ptolemy.moml.MoMLSimpleApplication@18bca6d0
----------------- Done invoking toplevel() on ptolemy.moml.MoMLSimpleApplication@18bca6d0
reloadAllAccessors: .ContinuousWithinContinuous6

===========================================================================================
----------------- testing Thu Feb 07 03:32:12 UTC 2019 /home/travis/build/icyphy/ptII/ptolemy/domains/continuous/test/auto/ContinuousWithinContinuous7.xml
----------------- Instantiating /home/travis/build/icyphy/ptII/ptolemy/domains/continuous/test/auto/ContinuousWithinContinuous7.xml
59 ms. Memory: 873472K Free: 668050K (76%)
----------------- Invoking toplevel() on ptolemy.moml.MoMLSimpleApplication@595b9a0b
----------------- Done invoking toplevel() on ptolemy.moml.MoMLSimpleApplication@595b9a0b
reloadAllAccessors: .ContinuousWithinContinuous7

===========================================================================================
----------------- testing Thu Feb 07 03:32:12 UTC 2019 /home/travis/build/icyphy/ptII/ptolemy/domains/continuous/test/auto/DCMotor.xml
----------------- Instantiating /home/travis/build/icyphy/ptII/ptolemy/domains/continuous/test/auto/DCMotor.xml
14198 ms. Memory: 734720K Free: 144167K (20%)
----------------- Invoking toplevel() on ptolemy.moml.MoMLSimpleApplication@775f5ec7
----------------- Done invoking toplevel() on ptolemy.moml.MoMLSimpleApplication@775f5ec7
reloadAllAccessors: .DCMotor

===========================================================================================
----------------- testing Thu Feb 07 03:32:27 UTC 2019 /home/travis/build/icyphy/ptII/ptolemy/domains/continuous/test/auto/DEInContinuous.xml
----------------- Instantiating /home/travis/build/icyphy/ptII/ptolemy/domains/continuous/test/auto/DEInContinuous.xml
6 ms. Memory: 734720K Free: 128199K (17%)
----------------- Invoking toplevel() on ptolemy.moml.MoMLSimpleApplication@2087ebfd
----------------- Done invoking toplevel() on ptolemy.moml.MoMLSimpleApplication@2087ebfd
reloadAllAccessors: .DEInContinuous

===========================================================================================
----------------- testing Thu Feb 07 03:32:27 UTC 2019 /home/travis/build/icyphy/ptII/ptolemy/domains/continuous/test/auto/DEinContinuous2.xml
----------------- Instantiating /home/travis/build/icyphy/ptII/ptolemy/domains/continuous/test/auto/DEinContinuous2.xml
6 ms. Memory: 734720K Free: 114073K (16%)
----------------- Invoking toplevel() on ptolemy.moml.MoMLSimpleApplication@2c5678e8
----------------- Done invoking toplevel() on ptolemy.moml.MoMLSimpleApplication@2c5678e8
reloadAllAccessors: .DEinContinuous2

===========================================================================================
----------------- testing Thu Feb 07 03:32:27 UTC 2019 /home/travis/build/icyphy/ptII/ptolemy/domains/continuous/test/auto/Derivative.xml
----------------- Instantiating /home/travis/build/icyphy/ptII/ptolemy/domains/continuous/test/auto/Derivative.xml
149 ms. Memory: 734720K Free: 74372K (10%)
----------------- Invoking toplevel() on ptolemy.moml.MoMLSimpleApplication@732da0fc
----------------- Done invoking toplevel() on ptolemy.moml.MoMLSimpleApplication@732da0fc
reloadAllAccessors: .Derivative2

===========================================================================================
----------------- testing Thu Feb 07 03:32:27 UTC 2019 /home/travis/build/icyphy/ptII/ptolemy/domains/continuous/test/auto/Derivative1.xml
----------------- Instantiating /home/travis/build/icyphy/ptII/ptolemy/domains/continuous/test/auto/Derivative1.xml
32 ms. Memory: 697344K Free: 665086K (95%)
----------------- Invoking toplevel() on ptolemy.moml.MoMLSimpleApplication@2e9ebe16
----------------- Done invoking toplevel() on ptolemy.moml.MoMLSimpleApplication@2e9ebe16
reloadAllAccessors: .Derivative1

===========================================================================================
----------------- testing Thu Feb 07 03:32:27 UTC 2019 /home/travis/build/icyphy/ptII/ptolemy/domains/continuous/test/auto/DiscreteClock.xml
----------------- Instantiating /home/travis/build/icyphy/ptII/ptolemy/domains/continuous/test/auto/DiscreteClock.xml
5 ms. Memory: 697344K Free: 651224K (93%)
----------------- Invoking toplevel() on ptolemy.moml.MoMLSimpleApplication@25237d84
----------------- Done invoking toplevel() on ptolemy.moml.MoMLSimpleApplication@25237d84
reloadAllAccessors: .DiscreteClock

===========================================================================================
----------------- testing Thu Feb 07 03:32:27 UTC 2019 /home/travis/build/icyphy/ptII/ptolemy/domains/continuous/test/auto/EfficiencyCurve.xml
----------------- Instantiating /home/travis/build/icyphy/ptII/ptolemy/domains/continuous/test/auto/EfficiencyCurve.xml
90 ms. Memory: 697344K Free: 638151K (92%)
----------------- Invoking toplevel() on ptolemy.moml.MoMLSimpleApplication@7a828605
----------------- Done invoking toplevel() on ptolemy.moml.MoMLSimpleApplication@7a828605
reloadAllAccessors: .EfficiencyCurve

===========================================================================================
----------------- testing Thu Feb 07 03:32:27 UTC 2019 /home/travis/build/icyphy/ptII/ptolemy/domains/continuous/test/auto/ExponentialResponse.xml
----------------- Instantiating /home/travis/build/icyphy/ptII/ptolemy/domains/continuous/test/auto/ExponentialResponse.xml
100 ms. Memory: 697344K Free: 612759K (88%)
----------------- Invoking toplevel() on ptolemy.moml.MoMLSimpleApplication@484ed66f
----------------- Done invoking toplevel() on ptolemy.moml.MoMLSimpleApplication@484ed66f
reloadAllAccessors: .ExponentialResponse

===========================================================================================
----------------- testing Thu Feb 07 03:32:27 UTC 2019 /home/travis/build/icyphy/ptII/ptolemy/domains/continuous/test/auto/ExponentialResponseRK45.xml
----------------- Instantiating /home/travis/build/icyphy/ptII/ptolemy/domains/continuous/test/auto/ExponentialResponseRK45.xml
24 ms. Memory: 697344K Free: 599686K (86%)
----------------- Invoking toplevel() on ptolemy.moml.MoMLSimpleApplication@35b27146
----------------- Done invoking toplevel() on ptolemy.moml.MoMLSimpleApplication@35b27146
reloadAllAccessors: .ExponentialResponseRK45

===========================================================================================
----------------- testing Thu Feb 07 03:32:27 UTC 2019 /home/travis/build/icyphy/ptII/ptolemy/domains/continuous/test/auto/Friction.xml
----------------- Instantiating /home/travis/build/icyphy/ptII/ptolemy/domains/continuous/test/auto/Friction.xml
1398 ms. Memory: 697344K Free: 163233K (23%)
----------------- Invoking toplevel() on ptolemy.moml.MoMLSimpleApplication@254a843a
----------------- Done invoking toplevel() on ptolemy.moml.MoMLSimpleApplication@254a843a
reloadAllAccessors: .Friction

===========================================================================================
----------------- testing Thu Feb 07 03:32:29 UTC 2019 /home/travis/build/icyphy/ptII/ptolemy/domains/continuous/test/auto/FurutaPendulum.xml
----------------- Instantiating /home/travis/build/icyphy/ptII/ptolemy/domains/continuous/test/auto/FurutaPendulum.xml
3463 ms. Memory: 674816K Free: 251422K (37%)
----------------- Invoking toplevel() on ptolemy.moml.MoMLSimpleApplication@22bab92b
----------------- Done invoking toplevel() on ptolemy.moml.MoMLSimpleApplication@22bab92b
reloadAllAccessors: .FurutaPendulum

===========================================================================================
----------------- testing Thu Feb 07 03:32:32 UTC 2019 /home/travis/build/icyphy/ptII/ptolemy/domains/continuous/test/auto/HierarchicalExecution.xml
----------------- Instantiating /home/travis/build/icyphy/ptII/ptolemy/domains/continuous/test/auto/HierarchicalExecution.xml
1857 ms. Memory: 647168K Free: 504643K (78%)
----------------- Invoking toplevel() on ptolemy.moml.MoMLSimpleApplication@1eda5647
----------------- Done invoking toplevel() on ptolemy.moml.MoMLSimpleApplication@1eda5647
reloadAllAccessors: .HierarchicalExecution

===========================================================================================
----------------- testing Thu Feb 07 03:32:35 UTC 2019 /home/travis/build/icyphy/ptII/ptolemy/domains/continuous/test/auto/HybridPlant.xml
----------------- Instantiating /home/travis/build/icyphy/ptII/ptolemy/domains/continuous/test/auto/HybridPlant.xml
476 ms. Memory: 647168K Free: 229083K (35%)
----------------- Invoking toplevel() on ptolemy.moml.MoMLSimpleApplication@217fb3b7
----------------- Done invoking toplevel() on ptolemy.moml.MoMLSimpleApplication@217fb3b7
reloadAllAccessors: .HybridPlant

===========================================================================================
----------------- testing Thu Feb 07 03:32:35 UTC 2019 /home/travis/build/icyphy/ptII/ptolemy/domains/continuous/test/auto/Hysteresis.xml
----------------- Instantiating /home/travis/build/icyphy/ptII/ptolemy/domains/continuous/test/auto/Hysteresis.xml
135 ms. Memory: 647168K Free: 160861K (25%)
----------------- Invoking toplevel() on ptolemy.moml.MoMLSimpleApplication@336b3653
----------------- Done invoking toplevel() on ptolemy.moml.MoMLSimpleApplication@336b3653
reloadAllAccessors: .Hysteresis

===========================================================================================
----------------- testing Thu Feb 07 03:32:35 UTC 2019 /home/travis/build/icyphy/ptII/ptolemy/domains/continuous/test/auto/HysteresisWithRandomDelay.xml
----------------- Instantiating /home/travis/build/icyphy/ptII/ptolemy/domains/continuous/test/auto/HysteresisWithRandomDelay.xml
164 ms. Memory: 647168K Free: 81715K (13%)
----------------- Invoking toplevel() on ptolemy.moml.MoMLSimpleApplication@12f4ff75
----------------- Done invoking toplevel() on ptolemy.moml.MoMLSimpleApplication@12f4ff75
reloadAllAccessors: .HysteresisWithRandomDelay

===========================================================================================
----------------- testing Thu Feb 07 03:32:36 UTC 2019 /home/travis/build/icyphy/ptII/ptolemy/domains/continuous/test/auto/HysteresisWithRandomLosses.xml
----------------- Instantiating /home/travis/build/icyphy/ptII/ptolemy/domains/continuous/test/auto/HysteresisWithRandomLosses.xml
2229 ms. Memory: 590336K Free: 355456K (60%)
----------------- Invoking toplevel() on ptolemy.moml.MoMLSimpleApplication@3a1a852a
----------------- Done invoking toplevel() on ptolemy.moml.MoMLSimpleApplication@3a1a852a
reloadAllAccessors: .HysteresisWithRandomLosses

===========================================================================================
----------------- testing Thu Feb 07 03:32:38 UTC 2019 /home/travis/build/icyphy/ptII/ptolemy/domains/continuous/test/auto/ImmediateTransitions.xml
----------------- Instantiating /home/travis/build/icyphy/ptII/ptolemy/domains/continuous/test/auto/ImmediateTransitions.xml
17 ms. Memory: 590336K Free: 343457K (58%)
----------------- Invoking toplevel() on ptolemy.moml.MoMLSimpleApplication@14603a72
----------------- Done invoking toplevel() on ptolemy.moml.MoMLSimpleApplication@14603a72
reloadAllAccessors: .ImmediateTransitions

===========================================================================================
----------------- testing Thu Feb 07 03:32:38 UTC 2019 /home/travis/build/icyphy/ptII/ptolemy/domains/continuous/test/auto/ImpulseFeedback.xml
----------------- Instantiating /home/travis/build/icyphy/ptII/ptolemy/domains/continuous/test/auto/ImpulseFeedback.xml
8 ms. Memory: 590336K Free: 332424K (56%)
----------------- Invoking toplevel() on ptolemy.moml.MoMLSimpleApplication@2ffd8465
----------------- Done invoking toplevel() on ptolemy.moml.MoMLSimpleApplication@2ffd8465
reloadAllAccessors: .ImpulseFeedback

===========================================================================================
----------------- testing Thu Feb 07 03:32:38 UTC 2019 /home/travis/build/icyphy/ptII/ptolemy/domains/continuous/test/auto/ImpulseFeedback2.xml
----------------- Instantiating /home/travis/build/icyphy/ptII/ptolemy/domains/continuous/test/auto/ImpulseFeedback2.xml
6 ms. Memory: 590336K Free: 321409K (54%)
----------------- Invoking toplevel() on ptolemy.moml.MoMLSimpleApplication@4d772f03
----------------- Done invoking toplevel() on ptolemy.moml.MoMLSimpleApplication@4d772f03
reloadAllAccessors: .ImpulseFeedback2

===========================================================================================
----------------- testing Thu Feb 07 03:32:38 UTC 2019 /home/travis/build/icyphy/ptII/ptolemy/domains/continuous/test/auto/IncreasingRatePoisson.xml
----------------- Instantiating /home/travis/build/icyphy/ptII/ptolemy/domains/continuous/test/auto/IncreasingRatePoisson.xml
691 ms. Memory: 565760K Free: 485127K (86%)
----------------- Invoking toplevel() on ptolemy.moml.MoMLSimpleApplication@297d1445
----------------- Done invoking toplevel() on ptolemy.moml.MoMLSimpleApplication@297d1445
reloadAllAccessors: .IncreasingRatePoisson

===========================================================================================
----------------- testing Thu Feb 07 03:32:39 UTC 2019 /home/travis/build/icyphy/ptII/ptolemy/domains/continuous/test/auto/InitialStateFeedback.xml
----------------- Instantiating /home/travis/build/icyphy/ptII/ptolemy/domains/continuous/test/auto/InitialStateFeedback.xml
3 ms. Memory: 565760K Free: 476080K (84%)
----------------- Invoking toplevel() on ptolemy.moml.MoMLSimpleApplication@5a532b41
----------------- Done invoking toplevel() on ptolemy.moml.MoMLSimpleApplication@5a532b41
reloadAllAccessors: .InitialStateFeedback

===========================================================================================
----------------- testing Thu Feb 07 03:32:39 UTC 2019 /home/travis/build/icyphy/ptII/ptolemy/domains/continuous/test/auto/Integration.xml
----------------- Instantiating /home/travis/build/icyphy/ptII/ptolemy/domains/continuous/test/auto/Integration.xml
6 ms. Memory: 565760K Free: 468706K (83%)
----------------- Invoking toplevel() on ptolemy.moml.MoMLSimpleApplication@487bd43d
----------------- Done invoking toplevel() on ptolemy.moml.MoMLSimpleApplication@487bd43d
reloadAllAccessors: .Integration

===========================================================================================
----------------- testing Thu Feb 07 03:32:39 UTC 2019 /home/travis/build/icyphy/ptII/ptolemy/domains/continuous/test/auto/Integration2.xml
----------------- Instantiating /home/travis/build/icyphy/ptII/ptolemy/domains/continuous/test/auto/Integration2.xml
74 ms. Memory: 565760K Free: 448557K (79%)
----------------- Invoking toplevel() on ptolemy.moml.MoMLSimpleApplication@73aaa1a
----------------- Done invoking toplevel() on ptolemy.moml.MoMLSimpleApplication@73aaa1a
reloadAllAccessors: .Integration2

===========================================================================================
----------------- testing Thu Feb 07 03:32:39 UTC 2019 /home/travis/build/icyphy/ptII/ptolemy/domains/continuous/test/auto/Integration3.xml
----------------- Instantiating /home/travis/build/icyphy/ptII/ptolemy/domains/continuous/test/auto/Integration3.xml
2 ms. Memory: 565760K Free: 441187K (78%)
----------------- Invoking toplevel() on ptolemy.moml.MoMLSimpleApplication@7a2d4995
----------------- Done invoking toplevel() on ptolemy.moml.MoMLSimpleApplication@7a2d4995
reloadAllAccessors: .Integration3

===========================================================================================
----------------- testing Thu Feb 07 03:32:39 UTC 2019 /home/travis/build/icyphy/ptII/ptolemy/domains/continuous/test/auto/Integration5.xml
----------------- Instantiating /home/travis/build/icyphy/ptII/ptolemy/domains/continuous/test/auto/Integration5.xml
2 ms. Memory: 565760K Free: 433819K (77%)
----------------- Invoking toplevel() on ptolemy.moml.MoMLSimpleApplication@50ea0e5c
----------------- Done invoking toplevel() on ptolemy.moml.MoMLSimpleApplication@50ea0e5c
reloadAllAccessors: .Integration5

===========================================================================================
----------------- testing Thu Feb 07 03:32:39 UTC 2019 /home/travis/build/icyphy/ptII/ptolemy/domains/continuous/test/auto/IntegratorImpulse.xml
----------------- Instantiating /home/travis/build/icyphy/ptII/ptolemy/domains/continuous/test/auto/IntegratorImpulse.xml
2 ms. Memory: 565760K Free: 426601K (75%)
----------------- Invoking toplevel() on ptolemy.moml.MoMLSimpleApplication@5dbb8a06
----------------- Done invoking toplevel() on ptolemy.moml.MoMLSimpleApplication@5dbb8a06
reloadAllAccessors: .IntegratorImpulse

===========================================================================================
----------------- testing Thu Feb 07 03:32:39 UTC 2019 /home/travis/build/icyphy/ptII/ptolemy/domains/continuous/test/auto/IntegratorImpulse2.xml
----------------- Instantiating /home/travis/build/icyphy/ptII/ptolemy/domains/continuous/test/auto/IntegratorImpulse2.xml
3 ms. Memory: 565760K Free: 419233K (74%)
----------------- Invoking toplevel() on ptolemy.moml.MoMLSimpleApplication@5afc0b35
----------------- Done invoking toplevel() on ptolemy.moml.MoMLSimpleApplication@5afc0b35
reloadAllAccessors: .IntegratorImpulse2

===========================================================================================
----------------- testing Thu Feb 07 03:32:39 UTC 2019 /home/travis/build/icyphy/ptII/ptolemy/domains/continuous/test/auto/LevelCrossing1.xml
----------------- Instantiating /home/travis/build/icyphy/ptII/ptolemy/domains/continuous/test/auto/LevelCrossing1.xml
2 ms. Memory: 565760K Free: 408635K (72%)
----------------- Invoking toplevel() on ptolemy.moml.MoMLSimpleApplication@52b737db
----------------- Done invoking toplevel() on ptolemy.moml.MoMLSimpleApplication@52b737db
reloadAllAccessors: .LevelCrossing1

===========================================================================================
----------------- testing Thu Feb 07 03:32:39 UTC 2019 /home/travis/build/icyphy/ptII/ptolemy/domains/continuous/test/auto/LevelCrossing2.xml
----------------- Instantiating /home/travis/build/icyphy/ptII/ptolemy/domains/continuous/test/auto/LevelCrossing2.xml
3 ms. Memory: 565760K Free: 398189K (70%)
----------------- Invoking toplevel() on ptolemy.moml.MoMLSimpleApplication@4241079b
----------------- Done invoking toplevel() on ptolemy.moml.MoMLSimpleApplication@4241079b
reloadAllAccessors: .LevelCrossing2

===========================================================================================
----------------- testing Thu Feb 07 03:32:39 UTC 2019 /home/travis/build/icyphy/ptII/ptolemy/domains/continuous/test/auto/LevelCrossing3.xml
----------------- Instantiating /home/travis/build/icyphy/ptII/ptolemy/domains/continuous/test/auto/LevelCrossing3.xml
2 ms. Memory: 565760K Free: 387591K (69%)
----------------- Invoking toplevel() on ptolemy.moml.MoMLSimpleApplication@44ca8ac
----------------- Done invoking toplevel() on ptolemy.moml.MoMLSimpleApplication@44ca8ac
reloadAllAccessors: .LevelCrossing3

===========================================================================================
----------------- testing Thu Feb 07 03:32:39 UTC 2019 /home/travis/build/icyphy/ptII/ptolemy/domains/continuous/test/auto/LevelCrossing4.xml
----------------- Instantiating /home/travis/build/icyphy/ptII/ptolemy/domains/continuous/test/auto/LevelCrossing4.xml
3 ms. Memory: 565760K Free: 376978K (67%)
----------------- Invoking toplevel() on ptolemy.moml.MoMLSimpleApplication@1d957a81
----------------- Done invoking toplevel() on ptolemy.moml.MoMLSimpleApplication@1d957a81
reloadAllAccessors: .LevelCrossing4

===========================================================================================
----------------- testing Thu Feb 07 03:32:39 UTC 2019 /home/travis/build/icyphy/ptII/ptolemy/domains/continuous/test/auto/LevelCrossing5.xml
----------------- Instantiating /home/travis/build/icyphy/ptII/ptolemy/domains/continuous/test/auto/LevelCrossing5.xml
3 ms. Memory: 565760K Free: 366531K (65%)
----------------- Invoking toplevel() on ptolemy.moml.MoMLSimpleApplication@65c0b169
----------------- Done invoking toplevel() on ptolemy.moml.MoMLSimpleApplication@65c0b169
reloadAllAccessors: .LevelCrossing5

===========================================================================================
[...]
----------------- Instantiating /home/travis/build/icyphy/ptII/ptolemy/domains/continuous/test/auto/SRinContinuous.xml
9 ms. Memory: 669184K Free: 393643K (59%)
----------------- Invoking toplevel() on ptolemy.moml.MoMLSimpleApplication@414e6681
----------------- Done invoking toplevel() on ptolemy.moml.MoMLSimpleApplication@414e6681
reloadAllAccessors: .SRinContinuous

===========================================================================================
----------------- testing Thu Feb 07 03:32:55 UTC 2019 /home/travis/build/icyphy/ptII/ptolemy/domains/continuous/test/auto/SampledClocks.xml
----------------- Instantiating /home/travis/build/icyphy/ptII/ptolemy/domains/continuous/test/auto/SampledClocks.xml
8 ms. Memory: 669184K Free: 375141K (56%)
----------------- Invoking toplevel() on ptolemy.moml.MoMLSimpleApplication@33832f52
----------------- Done invoking toplevel() on ptolemy.moml.MoMLSimpleApplication@33832f52
reloadAllAccessors: .SampledClocks

===========================================================================================
----------------- testing Thu Feb 07 03:32:55 UTC 2019 /home/travis/build/icyphy/ptII/ptolemy/domains/continuous/test/auto/Satellite.xml
----------------- Instantiating /home/travis/build/icyphy/ptII/ptolemy/domains/continuous/test/auto/Satellite.xml
789 ms. Memory: 669184K Free: 197993K (30%)
----------------- Invoking toplevel() on ptolemy.moml.MoMLSimpleApplication@2419e3be
----------------- Done invoking toplevel() on ptolemy.moml.MoMLSimpleApplication@2419e3be
reloadAllAccessors: .Satellite

===========================================================================================
----------------- testing Thu Feb 07 03:32:56 UTC 2019 /home/travis/build/icyphy/ptII/ptolemy/domains/continuous/test/auto/SigmaDelta.xml
----------------- Instantiating /home/travis/build/icyphy/ptII/ptolemy/domains/continuous/test/auto/SigmaDelta.xml
2208 ms. Memory: 648192K Free: 386531K (60%)
----------------- Invoking toplevel() on ptolemy.moml.MoMLSimpleApplication@70e021e7
----------------- Done invoking toplevel() on ptolemy.moml.MoMLSimpleApplication@70e021e7
reloadAllAccessors: .SigmaDelta

===========================================================================================
----------------- testing Thu Feb 07 03:32:59 UTC 2019 /home/travis/build/icyphy/ptII/ptolemy/domains/continuous/test/auto/SingleRefinement.xml
----------------- Instantiating /home/travis/build/icyphy/ptII/ptolemy/domains/continuous/test/auto/SingleRefinement.xml
287 ms. Memory: 648192K Free: 201218K (31%)
----------------- Invoking toplevel() on ptolemy.moml.MoMLSimpleApplication@680f7cce
----------------- Done invoking toplevel() on ptolemy.moml.MoMLSimpleApplication@680f7cce
reloadAllAccessors: .SingleRefinement

===========================================================================================
----------------- testing Thu Feb 07 03:32:59 UTC 2019 /home/travis/build/icyphy/ptII/ptolemy/domains/continuous/test/auto/SinuBouncingBall.xml
----------------- Instantiating /home/travis/build/icyphy/ptII/ptolemy/domains/continuous/test/auto/SinuBouncingBall.xml
724 ms. Memory: 616448K Free: 509445K (83%)
----------------- Invoking toplevel() on ptolemy.moml.MoMLSimpleApplication@2b4eacb8
----------------- Done invoking toplevel() on ptolemy.moml.MoMLSimpleApplication@2b4eacb8
reloadAllAccessors: .SinuBouncingBall

===========================================================================================
----------------- testing Thu Feb 07 03:33:00 UTC 2019 /home/travis/build/icyphy/ptII/ptolemy/domains/continuous/test/auto/Sinusoid.xml
----------------- Instantiating /home/travis/build/icyphy/ptII/ptolemy/domains/continuous/test/auto/Sinusoid.xml
4 ms. Memory: 616448K Free: 501504K (81%)
----------------- Invoking toplevel() on ptolemy.moml.MoMLSimpleApplication@6fa43196
----------------- Done invoking toplevel() on ptolemy.moml.MoMLSimpleApplication@6fa43196
reloadAllAccessors: .Sinusoid

===========================================================================================
----------------- testing Thu Feb 07 03:33:00 UTC 2019 /home/travis/build/icyphy/ptII/ptolemy/domains/continuous/test/auto/SinusoidInNoise.xml
----------------- Instantiating /home/travis/build/icyphy/ptII/ptolemy/domains/continuous/test/auto/SinusoidInNoise.xml
854 ms. Memory: 616448K Free: 303148K (49%)
----------------- Invoking toplevel() on ptolemy.moml.MoMLSimpleApplication@4004e718
----------------- Done invoking toplevel() on ptolemy.moml.MoMLSimpleApplication@4004e718
reloadAllAccessors: .SinusoidInNoise

===========================================================================================
----------------- testing Thu Feb 07 03:33:01 UTC 2019 /home/travis/build/icyphy/ptII/ptolemy/domains/continuous/test/auto/SinusoidRK45.xml
----------------- Instantiating /home/travis/build/icyphy/ptII/ptolemy/domains/continuous/test/auto/SinusoidRK45.xml
2 ms. Memory: 616448K Free: 296949K (48%)
----------------- Invoking toplevel() on ptolemy.moml.MoMLSimpleApplication@6422dd27
----------------- Done invoking toplevel() on ptolemy.moml.MoMLSimpleApplication@6422dd27
reloadAllAccessors: .SinusoidRK45

===========================================================================================
----------------- testing Thu Feb 07 03:33:01 UTC 2019 /home/travis/build/icyphy/ptII/ptolemy/domains/continuous/test/auto/SinusoidWithMultipleImpulses.xml
----------------- Instantiating /home/travis/build/icyphy/ptII/ptolemy/domains/continuous/test/auto/SinusoidWithMultipleImpulses.xml
3 ms. Memory: 616448K Free: 287979K (47%)
----------------- Invoking toplevel() on ptolemy.moml.MoMLSimpleApplication@5b0e08f4
----------------- Done invoking toplevel() on ptolemy.moml.MoMLSimpleApplication@5b0e08f4
reloadAllAccessors: .SinusoidWithMultipleImpulses

===========================================================================================
----------------- testing Thu Feb 07 03:33:01 UTC 2019 /home/travis/build/icyphy/ptII/ptolemy/domains/continuous/test/auto/SquareWave.xml
----------------- Instantiating /home/travis/build/icyphy/ptII/ptolemy/domains/continuous/test/auto/SquareWave.xml
160 ms. Memory: 616448K Free: 252310K (41%)
----------------- Invoking toplevel() on ptolemy.moml.MoMLSimpleApplication@6e1e47f
----------------- Done invoking toplevel() on ptolemy.moml.MoMLSimpleApplication@6e1e47f
reloadAllAccessors: .SquareWave

===========================================================================================
----------------- testing Thu Feb 07 03:33:01 UTC 2019 /home/travis/build/icyphy/ptII/ptolemy/domains/continuous/test/auto/Starmac.xml
----------------- Instantiating /home/travis/build/icyphy/ptII/ptolemy/domains/continuous/test/auto/Starmac.xml
3081 ms. Memory: 594432K Free: 405946K (68%)
----------------- Invoking toplevel() on ptolemy.moml.MoMLSimpleApplication@3b4b364
----------------- Done invoking toplevel() on ptolemy.moml.MoMLSimpleApplication@3b4b364
reloadAllAccessors: .Starmac

===========================================================================================
----------------- testing Thu Feb 07 03:33:04 UTC 2019 /home/travis/build/icyphy/ptII/ptolemy/domains/continuous/test/auto/StaticUnits.xml
----------------- Instantiating /home/travis/build/icyphy/ptII/ptolemy/domains/continuous/test/auto/StaticUnits.xml
2157 ms. Memory: 570880K Free: 435159K (76%)
----------------- Invoking toplevel() on ptolemy.moml.MoMLSimpleApplication@73d88e7c
----------------- Done invoking toplevel() on ptolemy.moml.MoMLSimpleApplication@73d88e7c
reloadAllAccessors: .StaticUnits

===========================================================================================
----------------- testing Thu Feb 07 03:33:07 UTC 2019 /home/travis/build/icyphy/ptII/ptolemy/domains/continuous/test/auto/StickyMasses.xml
----------------- Instantiating /home/travis/build/icyphy/ptII/ptolemy/domains/continuous/test/auto/StickyMasses.xml
123 ms. Memory: 570880K Free: 377201K (66%)
----------------- Invoking toplevel() on ptolemy.moml.MoMLSimpleApplication@1a3da4a6
----------------- Done invoking toplevel() on ptolemy.moml.MoMLSimpleApplication@1a3da4a6
reloadAllAccessors: .StickyMasses

===========================================================================================
----------------- testing Thu Feb 07 03:33:07 UTC 2019 /home/travis/build/icyphy/ptII/ptolemy/domains/continuous/test/auto/StopTime.xml
----------------- Instantiating /home/travis/build/icyphy/ptII/ptolemy/domains/continuous/test/auto/StopTime.xml
37 ms. Memory: 570880K Free: 347115K (61%)
----------------- Invoking toplevel() on ptolemy.moml.MoMLSimpleApplication@30ecca06
----------------- Done invoking toplevel() on ptolemy.moml.MoMLSimpleApplication@30ecca06
reloadAllAccessors: .StopTime

===========================================================================================
----------------- testing Thu Feb 07 03:33:07 UTC 2019 /home/travis/build/icyphy/ptII/ptolemy/domains/continuous/test/auto/StopTime2.xml
----------------- Instantiating /home/travis/build/icyphy/ptII/ptolemy/domains/continuous/test/auto/StopTime2.xml
32 ms. Memory: 570880K Free: 323519K (57%)
----------------- Invoking toplevel() on ptolemy.moml.MoMLSimpleApplication@d79344f
----------------- Done invoking toplevel() on ptolemy.moml.MoMLSimpleApplication@d79344f
reloadAllAccessors: .StopTime2

===========================================================================================
----------------- testing Thu Feb 07 03:33:07 UTC 2019 /home/travis/build/icyphy/ptII/ptolemy/domains/continuous/test/auto/Switch.xml
----------------- Instantiating /home/travis/build/icyphy/ptII/ptolemy/domains/continuous/test/auto/Switch.xml
37 ms. Memory: 570880K Free: 293442K (51%)
----------------- Invoking toplevel() on ptolemy.moml.MoMLSimpleApplication@29b3b579
----------------- Done invoking toplevel() on ptolemy.moml.MoMLSimpleApplication@29b3b579
reloadAllAccessors: .Switch

===========================================================================================
----------------- testing Thu Feb 07 03:33:07 UTC 2019 /home/travis/build/icyphy/ptII/ptolemy/domains/continuous/test/auto/Thermostat.xml
----------------- Instantiating /home/travis/build/icyphy/ptII/ptolemy/domains/continuous/test/auto/Thermostat.xml
168 ms. Memory: 570880K Free: 217959K (38%)
----------------- Invoking toplevel() on ptolemy.moml.MoMLSimpleApplication@1afaeb5d
----------------- Done invoking toplevel() on ptolemy.moml.MoMLSimpleApplication@1afaeb5d
reloadAllAccessors: .Thermostat

===========================================================================================
----------------- testing Thu Feb 07 03:33:07 UTC 2019 /home/travis/build/icyphy/ptII/ptolemy/domains/continuous/test/auto/TimeDelay.xml
----------------- Instantiating /home/travis/build/icyphy/ptII/ptolemy/domains/continuous/test/auto/TimeDelay.xml
5 ms. Memory: 570880K Free: 210559K (37%)
----------------- Invoking toplevel() on ptolemy.moml.MoMLSimpleApplication@a93b841
----------------- Done invoking toplevel() on ptolemy.moml.MoMLSimpleApplication@a93b841
reloadAllAccessors: .TimeDelay

===========================================================================================
----------------- testing Thu Feb 07 03:33:07 UTC 2019 /home/travis/build/icyphy/ptII/ptolemy/domains/continuous/test/auto/TimeDelay2.xml
----------------- Instantiating /home/travis/build/icyphy/ptII/ptolemy/domains/continuous/test/auto/TimeDelay2.xml
7 ms. Memory: 570880K Free: 199910K (35%)
----------------- Invoking toplevel() on ptolemy.moml.MoMLSimpleApplication@205a23cb
----------------- Done invoking toplevel() on ptolemy.moml.MoMLSimpleApplication@205a23cb
reloadAllAccessors: .TimeDelay2

===========================================================================================
----------------- testing Thu Feb 07 03:33:07 UTC 2019 /home/travis/build/icyphy/ptII/ptolemy/domains/continuous/test/auto/TimeDelay3.xml
----------------- Instantiating /home/travis/build/icyphy/ptII/ptolemy/domains/continuous/test/auto/TimeDelay3.xml
6 ms. Memory: 570880K Free: 192509K (34%)
----------------- Invoking toplevel() on ptolemy.moml.MoMLSimpleApplication@7ad842e7
----------------- Done invoking toplevel() on ptolemy.moml.MoMLSimpleApplication@7ad842e7
reloadAllAccessors: .TimeDelay3

===========================================================================================
----------------- testing Thu Feb 07 03:33:07 UTC 2019 /home/travis/build/icyphy/ptII/ptolemy/domains/continuous/test/auto/TransferAbsentToInside.xml
----------------- Instantiating /home/travis/build/icyphy/ptII/ptolemy/domains/continuous/test/auto/TransferAbsentToInside.xml
26 ms. Memory: 570880K Free: 133220K (23%)
----------------- Invoking toplevel() on ptolemy.moml.MoMLSimpleApplication@2497333a
----------------- Done invoking toplevel() on ptolemy.moml.MoMLSimpleApplication@2497333a
reloadAllAccessors: .TransferAbsentToInside

===========================================================================================
----------------- testing Thu Feb 07 03:33:08 UTC 2019 /home/travis/build/icyphy/ptII/ptolemy/domains/continuous/test/auto/Transmission.xml
----------------- Instantiating /home/travis/build/icyphy/ptII/ptolemy/domains/continuous/test/auto/Transmission.xml
805 ms. Memory: 514048K Free: 392184K (76%)
----------------- Invoking toplevel() on ptolemy.moml.MoMLSimpleApplication@73e7d154
----------------- Done invoking toplevel() on ptolemy.moml.MoMLSimpleApplication@73e7d154
reloadAllAccessors: .Transmission

===========================================================================================
----------------- testing Thu Feb 07 03:33:08 UTC 2019 /home/travis/build/icyphy/ptII/ptolemy/domains/continuous/test/auto/TriggeredContinuousClock.xml
----------------- Instantiating /home/travis/build/icyphy/ptII/ptolemy/domains/continuous/test/auto/TriggeredContinuousClock.xml
43 ms. Memory: 514048K Free: 357115K (69%)
----------------- Invoking toplevel() on ptolemy.moml.MoMLSimpleApplication@2a3853ff
----------------- Done invoking toplevel() on ptolemy.moml.MoMLSimpleApplication@2a3853ff
reloadAllAccessors: .TriggeredContinuousClock

===========================================================================================
----------------- testing Thu Feb 07 03:33:08 UTC 2019 /home/travis/build/icyphy/ptII/ptolemy/domains/continuous/test/auto/TwoMachineInfiniteBusControl.xml
----------------- Instantiating /home/travis/build/icyphy/ptII/ptolemy/domains/continuous/test/auto/TwoMachineInfiniteBusControl.xml
2645 ms. Memory: 493568K Free: 247763K (50%)
----------------- Invoking toplevel() on ptolemy.moml.MoMLSimpleApplication@4486dbcc
----------------- Done invoking toplevel() on ptolemy.moml.MoMLSimpleApplication@4486dbcc
reloadAllAccessors: .TwoMachineInfiniteBusControl

===========================================================================================
----------------- testing Thu Feb 07 03:33:11 UTC 2019 /home/travis/build/icyphy/ptII/ptolemy/domains/continuous/test/auto/V2V.xml
----------------- Instantiating /home/travis/build/icyphy/ptII/ptolemy/domains/continuous/test/auto/V2V.xml
688 ms. Memory: 493568K Free: 50554K (10%)
----------------- Invoking toplevel() on ptolemy.moml.MoMLSimpleApplication@fa18488
----------------- Done invoking toplevel() on ptolemy.moml.MoMLSimpleApplication@fa18488
reloadAllAccessors: .V2V

===========================================================================================
----------------- testing Thu Feb 07 03:33:12 UTC 2019 /home/travis/build/icyphy/ptII/ptolemy/domains/continuous/test/auto/hierarchicalModalModel.xml
----------------- Instantiating /home/travis/build/icyphy/ptII/ptolemy/domains/continuous/test/auto/hierarchicalModalModel.xml
9 ms. Memory: 472064K Free: 450313K (95%)
----------------- Invoking toplevel() on ptolemy.moml.MoMLSimpleApplication@5b3eaf54
----------------- Done invoking toplevel() on ptolemy.moml.MoMLSimpleApplication@5b3eaf54
reloadAllAccessors: .hierarchicalModalModel

===========================================================================================
----------------- testing Thu Feb 07 03:33:12 UTC 2019 /home/travis/build/icyphy/ptII/ptolemy/domains/continuous/test/auto/hierarchicalModalModel1.xml
----------------- Instantiating /home/travis/build/icyphy/ptII/ptolemy/domains/continuous/test/auto/hierarchicalModalModel1.xml
7 ms. Memory: 472064K Free: 432512K (92%)
----------------- Invoking toplevel() on ptolemy.moml.MoMLSimpleApplication@26e6687b
----------------- Done invoking toplevel() on ptolemy.moml.MoMLSimpleApplication@26e6687b
reloadAllAccessors: .hierarchicalModalModel1

===========================================================================================
----------------- testing Thu Feb 07 03:33:12 UTC 2019 /home/travis/build/icyphy/ptII/ptolemy/domains/continuous/test/auto/hierarchicalModalModel2.xml
----------------- Instantiating /home/travis/build/icyphy/ptII/ptolemy/domains/continuous/test/auto/hierarchicalModalModel2.xml
6 ms. Memory: 472064K Free: 416819K (88%)
----------------- Invoking toplevel() on ptolemy.moml.MoMLSimpleApplication@3eec5513
----------------- Done invoking toplevel() on ptolemy.moml.MoMLSimpleApplication@3eec5513
reloadAllAccessors: .hierarchicalModalModel2

===========================================================================================
----------------- testing Thu Feb 07 03:33:12 UTC 2019 /home/travis/build/icyphy/ptII/ptolemy/domains/continuous/test/auto/hierarchicalModalModel3.xml
----------------- Instantiating /home/travis/build/icyphy/ptII/ptolemy/domains/continuous/test/auto/hierarchicalModalModel3.xml
5 ms. Memory: 472064K Free: 403230K (85%)
----------------- Invoking toplevel() on ptolemy.moml.MoMLSimpleApplication@40e898ef
----------------- Done invoking toplevel() on ptolemy.moml.MoMLSimpleApplication@40e898ef
reloadAllAccessors: .hierarchicalModalModel3

===========================================================================================
----------------- testing Thu Feb 07 03:33:12 UTC 2019 /home/travis/build/icyphy/ptII/ptolemy/domains/continuous/test/auto/hierarchicalModalModel4.xml
----------------- Instantiating /home/travis/build/icyphy/ptII/ptolemy/domains/continuous/test/auto/hierarchicalModalModel4.xml
4 ms. Memory: 472064K Free: 389672K (83%)
----------------- Invoking toplevel() on ptolemy.moml.MoMLSimpleApplication@53b06bfc
----------------- Done invoking toplevel() on ptolemy.moml.MoMLSimpleApplication@53b06bfc
reloadAllAccessors: .hierarchicalModalModel4

===========================================================================================
----------------- testing Thu Feb 07 03:33:12 UTC 2019 /home/travis/build/icyphy/ptII/ptolemy/domains/continuous/test/auto/junk.xml
----------------- Instantiating /home/travis/build/icyphy/ptII/ptolemy/domains/continuous/test/auto/junk.xml
120 ms. Memory: 472064K Free: 355096K (75%)
----------------- Invoking toplevel() on ptolemy.moml.MoMLSimpleApplication@25c0c0eb
----------------- Done invoking toplevel() on ptolemy.moml.MoMLSimpleApplication@25c0c0eb
reloadAllAccessors: .junk
AutoTests.java: About to close Vertx.
AutoTests.java: Vertx closed.
]]></system-out>
  <system-err><![CDATA[Warning: '.HysteresisWithRandomDelay.NonStrictTest' The test produced only 221 tokens, yet the correctValues parameter was expecting 222 tokens.
Warning: '.HysteresisWithRandomDelay.NonStrictTest2' The test produced only 220 tokens, yet the correctValues parameter was expecting 221 tokens.
Warning: '.IncreasingRatePoisson.NonStrictTest' The test produced only 394 tokens, yet the correctValues parameter was expecting 402 tokens.
Warning: '.Poisson.NonStrictTest' The test produced only 367 tokens, yet the correctValues parameter was expecting 430 tokens.
]]></system-err>
</testsuite>
