<?xml version="1.0" encoding="UTF-8" ?>
<testsuite errors="0" failures="0" hostname="travis-job-6b1be4c7-7750-4c6d-9d3e-b9c0dabdf6c1" name="ptolemy.domains.de.test.junit.JUnitTclTest" skipped="0" tests="101" time="139.904" timestamp="2019-10-10T18:39:31">
  <properties>
[...]
</properties>
  <testcase classname="ptolemy.util.test.junit.TclTests" name="[0] /home/travis/build/icyphy/ptII/ptolemy/domains/de/test/DependencyLoop.tcl (RunTclFile)" time="1.274" />
  <testcase classname="ptolemy.util.test.junit.TclTests" name="[1] /home/travis/build/icyphy/ptII/ptolemy/domains/de/test/RunDETestsAsQSS.tcl (RunTclFile)" time="94.924" />
  <testcase classname="ptolemy.util.test.junit.AutoKnownFailedTests" name="[0] /home/travis/build/icyphy/ptII/ptolemy/domains/de/test/auto/knownFailedTests/DESDFClockTest.xml (RunModel)" time="2.045" />
  <testcase classname="ptolemy.util.test.junit.AutoKnownFailedTests" name="[1] /home/travis/build/icyphy/ptII/ptolemy/domains/de/test/auto/knownFailedTests/DirectFeedback.xml (RunModel)" time="0.021" />
  <testcase classname="ptolemy.util.test.junit.AutoKnownFailedTests" name="[2] /home/travis/build/icyphy/ptII/ptolemy/domains/de/test/auto/knownFailedTests/FSMSource.xml (RunModel)" time="0.019" />
  <testcase classname="ptolemy.util.test.junit.AutoKnownFailedTests" name="[3] /home/travis/build/icyphy/ptII/ptolemy/domains/de/test/auto/knownFailedTests/HierarchicalModel.xml (RunModel)" time="0.053" />
  <testcase classname="ptolemy.util.test.junit.AutoKnownFailedTests" name="[4] /home/travis/build/icyphy/ptII/ptolemy/domains/de/test/auto/knownFailedTests/dependencyLoop.xml (RunModel)" time="0.048" />
  <testcase classname="ptolemy.util.test.junit.AutoKnownFailedTests" name="[5] /home/travis/build/icyphy/ptII/ptolemy/domains/de/test/auto/knownFailedTests/dependencyLoop2.xml (RunModel)" time="0.049" />
  <testcase classname="ptolemy.util.test.junit.AutoNameArchTests" name="[0] ThereAreNoAutoArchTests (RunModel)" time="0.003" />
  <testcase classname="ptolemy.util.test.junit.AutoTests" name="[0] /home/travis/build/icyphy/ptII/ptolemy/domains/de/test/auto/ActorDepthCalculation_actorWithoutPorts.xml (RunModel)" time="0.023" />
  <testcase classname="ptolemy.util.test.junit.AutoTests" name="[1] /home/travis/build/icyphy/ptII/ptolemy/domains/de/test/auto/AssemblyLine.xml (RunModel)" time="0.026" />
  <testcase classname="ptolemy.util.test.junit.AutoTests" name="[2] /home/travis/build/icyphy/ptII/ptolemy/domains/de/test/auto/CQBug1.xml (RunModel)" time="0.012" />
  <testcase classname="ptolemy.util.test.junit.AutoTests" name="[3] /home/travis/build/icyphy/ptII/ptolemy/domains/de/test/auto/CancelFireAt.xml (RunModel)" time="0.012" />
  <testcase classname="ptolemy.util.test.junit.AutoTests" name="[4] /home/travis/build/icyphy/ptII/ptolemy/domains/de/test/auto/CausalityAndComposabilityAnalysis.xml (RunModel)" time="0.025" />
  <testcase classname="ptolemy.util.test.junit.AutoTests" name="[5] /home/travis/build/icyphy/ptII/ptolemy/domains/de/test/auto/CausalityInterface1.xml (RunModel)" time="0.018" />
  <testcase classname="ptolemy.util.test.junit.AutoTests" name="[6] /home/travis/build/icyphy/ptII/ptolemy/domains/de/test/auto/CausalityInterface15.xml (RunModel)" time="0.029" />
  <testcase classname="ptolemy.util.test.junit.AutoTests" name="[7] /home/travis/build/icyphy/ptII/ptolemy/domains/de/test/auto/CausalityInterface2.xml (RunModel)" time="0.038" />
  <testcase classname="ptolemy.util.test.junit.AutoTests" name="[8] /home/travis/build/icyphy/ptII/ptolemy/domains/de/test/auto/CausalityInterface3.xml (RunModel)" time="0.022" />
  <testcase classname="ptolemy.util.test.junit.AutoTests" name="[9] /home/travis/build/icyphy/ptII/ptolemy/domains/de/test/auto/ClockDrift.xml (RunModel)" time="0.054" />
  <testcase classname="ptolemy.util.test.junit.AutoTests" name="[10] /home/travis/build/icyphy/ptII/ptolemy/domains/de/test/auto/ClockDriftAndValueChange.xml (RunModel)" time="0.042" />
  <testcase classname="ptolemy.util.test.junit.AutoTests" name="[11] /home/travis/build/icyphy/ptII/ptolemy/domains/de/test/auto/ClockDriftChange.xml (RunModel)" time="0.044" />
  <testcase classname="ptolemy.util.test.junit.AutoTests" name="[12] /home/travis/build/icyphy/ptII/ptolemy/domains/de/test/auto/ComposableCausalityAnalysis.xml (RunModel)" time="0.019" />
  <testcase classname="ptolemy.util.test.junit.AutoTests" name="[13] /home/travis/build/icyphy/ptII/ptolemy/domains/de/test/auto/DEFixedPointLimitation.xml (RunModel)" time="0.018" />
  <testcase classname="ptolemy.util.test.junit.AutoTests" name="[14] /home/travis/build/icyphy/ptII/ptolemy/domains/de/test/auto/DEScheduleTest.xml (RunModel)" time="0.022" />
  <testcase classname="ptolemy.util.test.junit.AutoTests" name="[15] /home/travis/build/icyphy/ptII/ptolemy/domains/de/test/auto/DEinDEwithStartTimes.xml (RunModel)" time="0.018" />
  <testcase classname="ptolemy.util.test.junit.AutoTests" name="[16] /home/travis/build/icyphy/ptII/ptolemy/domains/de/test/auto/DEinDEwithStartTimes2.xml (RunModel)" time="0.018" />
  <testcase classname="ptolemy.util.test.junit.AutoTests" name="[17] /home/travis/build/icyphy/ptII/ptolemy/domains/de/test/auto/DateDemo.xml (RunModel)" time="0.041" />
  <testcase classname="ptolemy.util.test.junit.AutoTests" name="[18] /home/travis/build/icyphy/ptII/ptolemy/domains/de/test/auto/DateToEvent.xml (RunModel)" time="2.046" />
  <testcase classname="ptolemy.util.test.junit.AutoTests" name="[19] /home/travis/build/icyphy/ptII/ptolemy/domains/de/test/auto/DepthTest1.xml (RunModel)" time="0.011" />
  <testcase classname="ptolemy.util.test.junit.AutoTests" name="[20] /home/travis/build/icyphy/ptII/ptolemy/domains/de/test/auto/DepthTest2.xml (RunModel)" time="0.024" />
  <testcase classname="ptolemy.util.test.junit.AutoTests" name="[21] /home/travis/build/icyphy/ptII/ptolemy/domains/de/test/auto/DepthTest3.xml (RunModel)" time="0.013" />
  <testcase classname="ptolemy.util.test.junit.AutoTests" name="[22] /home/travis/build/icyphy/ptII/ptolemy/domains/de/test/auto/DepthTest4.xml (RunModel)" time="0.029" />
  <testcase classname="ptolemy.util.test.junit.AutoTests" name="[23] /home/travis/build/icyphy/ptII/ptolemy/domains/de/test/auto/DepthTest5.xml (RunModel)" time="0.019" />
  <testcase classname="ptolemy.util.test.junit.AutoTests" name="[24] /home/travis/build/icyphy/ptII/ptolemy/domains/de/test/auto/DepthTest6.xml (RunModel)" time="0.017" />
  <testcase classname="ptolemy.util.test.junit.AutoTests" name="[25] /home/travis/build/icyphy/ptII/ptolemy/domains/de/test/auto/DepthTest7.xml (RunModel)" time="0.02" />
  <testcase classname="ptolemy.util.test.junit.AutoTests" name="[26] /home/travis/build/icyphy/ptII/ptolemy/domains/de/test/auto/EventToDate.xml (RunModel)" time="3.042" />
  <testcase classname="ptolemy.util.test.junit.AutoTests" name="[27] /home/travis/build/icyphy/ptII/ptolemy/domains/de/test/auto/FSM1.xml (RunModel)" time="0.051" />
  <testcase classname="ptolemy.util.test.junit.AutoTests" name="[28] /home/travis/build/icyphy/ptII/ptolemy/domains/de/test/auto/FSM7.xml (RunModel)" time="0.048" />
  <testcase classname="ptolemy.util.test.junit.AutoTests" name="[29] /home/travis/build/icyphy/ptII/ptolemy/domains/de/test/auto/Inspection.xml (RunModel)" time="0.053" />
  <testcase classname="ptolemy.util.test.junit.AutoTests" name="[30] /home/travis/build/icyphy/ptII/ptolemy/domains/de/test/auto/Iteration.xml (RunModel)" time="0.026" />
  <testcase classname="ptolemy.util.test.junit.AutoTests" name="[31] /home/travis/build/icyphy/ptII/ptolemy/domains/de/test/auto/LineFault.xml (RunModel)" time="0.706" />
  <testcase classname="ptolemy.util.test.junit.AutoTests" name="[32] /home/travis/build/icyphy/ptII/ptolemy/domains/de/test/auto/MergeModel1Add.xml (RunModel)" time="0.055" />
  <testcase classname="ptolemy.util.test.junit.AutoTests" name="[33] /home/travis/build/icyphy/ptII/ptolemy/domains/de/test/auto/MergeModel2Add.xml (RunModel)" time="0.052" />
  <testcase classname="ptolemy.util.test.junit.AutoTests" name="[34] /home/travis/build/icyphy/ptII/ptolemy/domains/de/test/auto/MergeModel3Add.xml (RunModel)" time="0.046" />
  <testcase classname="ptolemy.util.test.junit.AutoTests" name="[35] /home/travis/build/icyphy/ptII/ptolemy/domains/de/test/auto/MergeWithoutDiscard.xml (RunModel)" time="0.027" />
  <testcase classname="ptolemy.util.test.junit.AutoTests" name="[36] /home/travis/build/icyphy/ptII/ptolemy/domains/de/test/auto/Modal1.xml (RunModel)" time="0.029" />
  <testcase classname="ptolemy.util.test.junit.AutoTests" name="[37] /home/travis/build/icyphy/ptII/ptolemy/domains/de/test/auto/Modal2.xml (RunModel)" time="0.033" />
  <testcase classname="ptolemy.util.test.junit.AutoTests" name="[38] /home/travis/build/icyphy/ptII/ptolemy/domains/de/test/auto/Modal3.xml (RunModel)" time="0.032" />
  <testcase classname="ptolemy.util.test.junit.AutoTests" name="[39] /home/travis/build/icyphy/ptII/ptolemy/domains/de/test/auto/Modal4.xml (RunModel)" time="0.045" />
  <testcase classname="ptolemy.util.test.junit.AutoTests" name="[40] /home/travis/build/icyphy/ptII/ptolemy/domains/de/test/auto/Modal5.xml (RunModel)" time="0.03" />
  <testcase classname="ptolemy.util.test.junit.AutoTests" name="[41] /home/travis/build/icyphy/ptII/ptolemy/domains/de/test/auto/Modal6.xml (RunModel)" time="0.036" />
  <testcase classname="ptolemy.util.test.junit.AutoTests" name="[42] /home/travis/build/icyphy/ptII/ptolemy/domains/de/test/auto/Modal7.xml (RunModel)" time="0.044" />
  <testcase classname="ptolemy.util.test.junit.AutoTests" name="[43] /home/travis/build/icyphy/ptII/ptolemy/domains/de/test/auto/ModalModel.xml (RunModel)" time="0.215" />
  <testcase classname="ptolemy.util.test.junit.AutoTests" name="[44] /home/travis/build/icyphy/ptII/ptolemy/domains/de/test/auto/ModalSource.xml (RunModel)" time="0.022" />
  <testcase classname="ptolemy.util.test.junit.AutoTests" name="[45] /home/travis/build/icyphy/ptII/ptolemy/domains/de/test/auto/NonInterruptibleTimerZeroDelay.xml (RunModel)" time="0.01" />
  <testcase classname="ptolemy.util.test.junit.AutoTests" name="[46] /home/travis/build/icyphy/ptII/ptolemy/domains/de/test/auto/OpenQueueingNetwork.xml (RunModel)" time="2.609" />
  <testcase classname="ptolemy.util.test.junit.AutoTests" name="[47] /home/travis/build/icyphy/ptII/ptolemy/domains/de/test/auto/OpenQueuingNetwork.xml (RunModel)" time="0.289" />
  <testcase classname="ptolemy.util.test.junit.AutoTests" name="[48] /home/travis/build/icyphy/ptII/ptolemy/domains/de/test/auto/PeriodicSampler.xml (RunModel)" time="0.017" />
  <testcase classname="ptolemy.util.test.junit.AutoTests" name="[49] /home/travis/build/icyphy/ptII/ptolemy/domains/de/test/auto/PersistentIO.xml (RunModel)" time="0.021" />
  <testcase classname="ptolemy.util.test.junit.AutoTests" name="[50] /home/travis/build/icyphy/ptII/ptolemy/domains/de/test/auto/PortParameterResetOnInitialize.xml (RunModel)" time="0.012" />
  <testcase classname="ptolemy.util.test.junit.AutoTests" name="[51] /home/travis/build/icyphy/ptII/ptolemy/domains/de/test/auto/PortParameterUpdates.xml (RunModel)" time="0.014" />
  <testcase classname="ptolemy.util.test.junit.AutoTests" name="[52] /home/travis/build/icyphy/ptII/ptolemy/domains/de/test/auto/QueueAndServer.xml (RunModel)" time="0.027" />
  <testcase classname="ptolemy.util.test.junit.AutoTests" name="[53] /home/travis/build/icyphy/ptII/ptolemy/domains/de/test/auto/Records.xml (RunModel)" time="0.015" />
  <testcase classname="ptolemy.util.test.junit.AutoTests" name="[54] /home/travis/build/icyphy/ptII/ptolemy/domains/de/test/auto/ResetTransitionWithStartTime1.xml (RunModel)" time="0.019" />
  <testcase classname="ptolemy.util.test.junit.AutoTests" name="[55] /home/travis/build/icyphy/ptII/ptolemy/domains/de/test/auto/ResetTransitionWithStartTime2.xml (RunModel)" time="0.022" />
  <testcase classname="ptolemy.util.test.junit.AutoTests" name="[56] /home/travis/build/icyphy/ptII/ptolemy/domains/de/test/auto/ResetTransitionWithStartTime3.xml (RunModel)" time="0.02" />
  <testcase classname="ptolemy.util.test.junit.AutoTests" name="[57] /home/travis/build/icyphy/ptII/ptolemy/domains/de/test/auto/ResetTransitionWithStartTime4.xml (RunModel)" time="0.02" />
  <testcase classname="ptolemy.util.test.junit.AutoTests" name="[58] /home/travis/build/icyphy/ptII/ptolemy/domains/de/test/auto/ResettableTimer1.xml (RunModel)" time="0.012" />
  <testcase classname="ptolemy.util.test.junit.AutoTests" name="[59] /home/travis/build/icyphy/ptII/ptolemy/domains/de/test/auto/ResettableTimer2.xml (RunModel)" time="0.011" />
  <testcase classname="ptolemy.util.test.junit.AutoTests" name="[60] /home/travis/build/icyphy/ptII/ptolemy/domains/de/test/auto/ResettableTimer3.xml (RunModel)" time="0.009" />
  <testcase classname="ptolemy.util.test.junit.AutoTests" name="[61] /home/travis/build/icyphy/ptII/ptolemy/domains/de/test/auto/ResettableTimer4.xml (RunModel)" time="0.014" />
  <testcase classname="ptolemy.util.test.junit.AutoTests" name="[62] /home/travis/build/icyphy/ptII/ptolemy/domains/de/test/auto/ResettableTimer5.xml (RunModel)" time="0.011" />
  <testcase classname="ptolemy.util.test.junit.AutoTests" name="[63] /home/travis/build/icyphy/ptII/ptolemy/domains/de/test/auto/ResettableTimer6.xml (RunModel)" time="0.018" />
  <testcase classname="ptolemy.util.test.junit.AutoTests" name="[64] /home/travis/build/icyphy/ptII/ptolemy/domains/de/test/auto/ServerZeroDelay.xml (RunModel)" time="0.016" />
  <testcase classname="ptolemy.util.test.junit.AutoTests" name="[65] /home/travis/build/icyphy/ptII/ptolemy/domains/de/test/auto/SmartSender.xml (RunModel)" time="3.011" />
  <testcase classname="ptolemy.util.test.junit.AutoTests" name="[66] /home/travis/build/icyphy/ptII/ptolemy/domains/de/test/auto/ThreadedComposite.xml (RunModel)" time="0.226" />
  <testcase classname="ptolemy.util.test.junit.AutoTests" name="[67] /home/travis/build/icyphy/ptII/ptolemy/domains/de/test/auto/Time.xml (RunModel)" time="0.456" />
  <testcase classname="ptolemy.util.test.junit.AutoTests" name="[68] /home/travis/build/icyphy/ptII/ptolemy/domains/de/test/auto/TimeDelayZeroDelay.xml (RunModel)" time="0.019" />
  <testcase classname="ptolemy.util.test.junit.AutoTests" name="[69] /home/travis/build/icyphy/ptII/ptolemy/domains/de/test/auto/TimerZeroDelay.xml (RunModel)" time="0.013" />
  <testcase classname="ptolemy.util.test.junit.AutoTests" name="[70] /home/travis/build/icyphy/ptII/ptolemy/domains/de/test/auto/TimingParadox.xml (RunModel)" time="0.371" />
  <testcase classname="ptolemy.util.test.junit.AutoTests" name="[71] /home/travis/build/icyphy/ptII/ptolemy/domains/de/test/auto/TransferInputs.xml (RunModel)" time="0.014" />
  <testcase classname="ptolemy.util.test.junit.AutoTests" name="[72] /home/travis/build/icyphy/ptII/ptolemy/domains/de/test/auto/TransferOutputs2.xml (RunModel)" time="0.017" />
  <testcase classname="ptolemy.util.test.junit.AutoTests" name="[73] /home/travis/build/icyphy/ptII/ptolemy/domains/de/test/auto/Trilateration.xml (RunModel)" time="13.818" />
  <testcase classname="ptolemy.util.test.junit.AutoTests" name="[74] /home/travis/build/icyphy/ptII/ptolemy/domains/de/test/auto/TwoSigmaDelta.xml (RunModel)" time="2.367" />
  <testcase classname="ptolemy.util.test.junit.AutoTests" name="[75] /home/travis/build/icyphy/ptII/ptolemy/domains/de/test/auto/VariableDelay.xml (RunModel)" time="0.015" />
  <testcase classname="ptolemy.util.test.junit.AutoTests" name="[76] /home/travis/build/icyphy/ptII/ptolemy/domains/de/test/auto/VariableDelay2.xml (RunModel)" time="0.012" />
  <testcase classname="ptolemy.util.test.junit.AutoTests" name="[77] /home/travis/build/icyphy/ptII/ptolemy/domains/de/test/auto/VariableDelayZeroDelay.xml (RunModel)" time="0.019" />
  <testcase classname="ptolemy.util.test.junit.AutoTests" name="[78] /home/travis/build/icyphy/ptII/ptolemy/domains/de/test/auto/VariableDelayZeroDelay2.xml (RunModel)" time="0.019" />
  <testcase classname="ptolemy.util.test.junit.AutoTests" name="[79] /home/travis/build/icyphy/ptII/ptolemy/domains/de/test/auto/deInCt.xml (RunModel)" time="0.017" />
  <testcase classname="ptolemy.util.test.junit.AutoTests" name="[80] /home/travis/build/icyphy/ptII/ptolemy/domains/de/test/auto/deInCt2.xml (RunModel)" time="0.019" />
  <testcase classname="ptolemy.util.test.junit.AutoTests" name="[81] /home/travis/build/icyphy/ptII/ptolemy/domains/de/test/auto/dynamicCausalityInterface1.xml (RunModel)" time="0.021" />
  <testcase classname="ptolemy.util.test.junit.AutoTests" name="[82] /home/travis/build/icyphy/ptII/ptolemy/domains/de/test/auto/fsm_de_test.xml (RunModel)" time="0.024" />
  <testcase classname="ptolemy.util.test.junit.AutoTests" name="[83] /home/travis/build/icyphy/ptII/ptolemy/domains/de/test/auto/functionDependencyReconstruction.xml (RunModel)" time="0.033" />
  <testcase classname="ptolemy.util.test.junit.AutoTests" name="[84] /home/travis/build/icyphy/ptII/ptolemy/domains/de/test/auto/multirate.xml (RunModel)" time="0.016" />
  <testcase classname="ptolemy.util.test.junit.AutoTests" name="[85] /home/travis/build/icyphy/ptII/ptolemy/domains/de/test/auto/multirate2.xml (RunModel)" time="0.015" />
  <testcase classname="ptolemy.util.test.junit.AutoTests" name="[86] /home/travis/build/icyphy/ptII/ptolemy/domains/de/test/auto/realtime.xml (RunModel)" time="10.011" />
  <testcase classname="ptolemy.util.test.junit.AutoTests" name="[87] /home/travis/build/icyphy/ptII/ptolemy/domains/de/test/auto/relationGroup.xml (RunModel)" time="0.02" />
  <testcase classname="ptolemy.util.test.junit.AutoTests" name="[88] /home/travis/build/icyphy/ptII/ptolemy/domains/de/test/auto/relationGroup2.xml (RunModel)" time="0.025" />
  <testcase classname="ptolemy.util.test.junit.AutoTests" name="[89] /home/travis/build/icyphy/ptII/ptolemy/domains/de/test/auto/sortWithOpaquePorts.xml (RunModel)" time="0.019" />
  <testcase classname="ptolemy.util.test.junit.AutoTests" name="[90] /home/travis/build/icyphy/ptII/ptolemy/domains/de/test/auto/transferInputsandOutputs.xml (RunModel)" time="0.017" />
  <testcase classname="ptolemy.util.test.junit.AutoTests" name="[91] /home/travis/build/icyphy/ptII/ptolemy/domains/de/test/auto/triggerType.xml (RunModel)" time="0.011" />
  <system-out><![CDATA[/home/travis/build/icyphy/ptII/ptolemy/domains/de/test/DependencyLoop.tcl
testDefs.tcl: setting time out to 9000 seconds at Thu Oct 10 18:39:31 UTC 2019
76 ms. Memory: 120832K Free: 72133K (60%)
29 ms. Memory: 120832K Free: 54718K (45%)
/home/travis/build/icyphy/ptII/ptolemy/domains/de/test/RunDETestsAsQSS.tcl
Run the DE tests using ptolemy.domains.qss.test.QSSDirectorTest, which extends QSSDirector and prints a message in the constructors.
------------------ testing $PTII/ptolemy/domains/de/test/auto/knownFailedTests/DirectFeedback.xml (Known Failure) 
33 ms. Memory: 120832K Free: 48581K (40%)


==== $PTIIhome/travis/build/icyphy/ptII/ptolemy/domains/de/test/../../../../: Auto Automatic test in file $PTII/ptolemy/domains/de/test/auto/knownFailedTests/DirectFeedback.xml
==== Contents of test case:

	    # FIXME: we should use $relativeFilename here, but it
	    # might have backslashes under Windows, which causes no end
	    # of trouble.
	    createAndExecute $file
	    list {}
	
.... Test generated KNOWN error:
    while executing
ptolemy.kernel.util.IllegalActionException: Test fails in iteration 1.
Value was: 1.0. Should have been: 2.0
  in .DirectFeedback.Test
	at ptolemy.actor.lib.Test.fire(Test.java:268)
	at ptolemy.domains.de.kernel.DEDirector._fire(DEDirector.java:1949)
	at ptolemy.domains.de.kernel.DEDirector.fire(DEDirector.java:502)
	at ptolemy.actor.CompositeActor.fire(CompositeActor.java:455)
	at ptolemy.actor.Manager.iterate(Manager.java:851)
	at ptolemy.actor.Manager.execute(Manager.java:369)
	at ptolemy.actor.Manager.run(Manager.java:1263)
	at ptolemy.actor.Manager$PtolemyRunThread.run(Manager.java:1933)

    while executing
ptolemy.kernel.util.IllegalActionException: Test fails in iteration 1.
Value was: 1.0. Should have been: 2.0
  in .DirectFeedback.Test
    while executing
"java::new ptolemy.moml.MoMLSimpleApplication $file
"
    (procedure "createAndExecute" line 2)
    invoked from within
"createAndExecute $file"
    ("uplevel" body line 5)
    invoked from within
"uplevel $contents_of_test"
------------------ testing $PTII/ptolemy/domains/de/test/auto/knownFailedTests/dependencyLoop.xml (Known Failure) 
42 ms. Memory: 120832K Free: 107885K (89%)


==== $PTIIhome/travis/build/icyphy/ptII/ptolemy/domains/de/test/../../../../: Auto Automatic test in file $PTII/ptolemy/domains/de/test/auto/knownFailedTests/dependencyLoop.xml
==== Contents of test case:

	    # FIXME: we should use $relativeFilename here, but it
	    # might have backslashes under Windows, which causes no end
	    # of trouble.
	    createAndExecute $file
	    list {}
	
.... Test generated KNOWN error:
    while executing
ptolemy.kernel.util.IllegalActionException: Found a zero delay loop containing .dependencyLoop.original
  in .dependencyLoop and .dependencyLoop.original
	at ptolemy.actor.util.CausalityInterfaceForComposites._computeOutputPortDepth(CausalityInterfaceForComposites.java:759)
	at ptolemy.actor.util.CausalityInterfaceForComposites._computeInputDepth(CausalityInterfaceForComposites.java:696)
	at ptolemy.actor.util.CausalityInterfaceForComposites._computeOutputPortDepth(CausalityInterfaceForComposites.java:765)
	at ptolemy.actor.util.CausalityInterfaceForComposites._computeInputDepth(CausalityInterfaceForComposites.java:696)
	at ptolemy.actor.util.CausalityInterfaceForComposites._computeOutputPortDepth(CausalityInterfaceForComposites.java:765)
	at ptolemy.actor.util.CausalityInterfaceForComposites._computeInputDepth(CausalityInterfaceForComposites.java:696)
	at ptolemy.actor.util.CausalityInterfaceForComposites._computeActorDepth(CausalityInterfaceForComposites.java:532)
	at ptolemy.actor.util.CausalityInterfaceForComposites.checkForCycles(CausalityInterfaceForComposites.java:96)
	at ptolemy.domains.de.kernel.DEDirector.preinitialize(DEDirector.java:1338)
	at ptolemy.actor.CompositeActor.preinitialize(CompositeActor.java:1828)
	at ptolemy.actor.Manager.preinitializeAndResolveTypes(Manager.java:1040)
	at ptolemy.actor.Manager.initialize(Manager.java:710)
	at ptolemy.actor.Manager.execute(Manager.java:356)
	at ptolemy.actor.Manager.run(Manager.java:1263)
	at ptolemy.actor.Manager$PtolemyRunThread.run(Manager.java:1933)

    while executing
ptolemy.kernel.util.IllegalActionException: Found a zero delay loop containing .dependencyLoop.original
  in .dependencyLoop and .dependencyLoop.original
    while executing
"java::new ptolemy.moml.MoMLSimpleApplication $file
"
    (procedure "createAndExecute" line 2)
    invoked from within
"createAndExecute $file"
    ("uplevel" body line 5)
    invoked from within
"uplevel $contents_of_test"
------------------ testing $PTII/ptolemy/domains/de/test/auto/knownFailedTests/FSMSource.xml (Known Failure) 
82 ms. Memory: 120832K Free: 98736K (82%)
!!!! Auto was marked as failing, but now passes
------------------ testing $PTII/ptolemy/domains/de/test/auto/knownFailedTests/HierarchicalModel.xml (Known Failure) 
7 ms. Memory: 120832K Free: 81563K (68%)


==== $PTIIhome/travis/build/icyphy/ptII/ptolemy/domains/de/test/../../../../: Auto Automatic test in file $PTII/ptolemy/domains/de/test/auto/knownFailedTests/HierarchicalModel.xml
==== Contents of test case:

	    # FIXME: we should use $relativeFilename here, but it
	    # might have backslashes under Windows, which causes no end
	    # of trouble.
	    createAndExecute $file
	    list {}
	
.... Test generated KNOWN error:
    while executing
ptolemy.kernel.util.IllegalActionException: Found a zero delay loop containing .HierarchicalModel.A
  in .HierarchicalModel and .HierarchicalModel.A
	at ptolemy.actor.util.CausalityInterfaceForComposites._computeOutputPortDepth(CausalityInterfaceForComposites.java:759)
	at ptolemy.actor.util.CausalityInterfaceForComposites._computeInputDepth(CausalityInterfaceForComposites.java:696)
	at ptolemy.actor.util.CausalityInterfaceForComposites._computeOutputPortDepth(CausalityInterfaceForComposites.java:765)
	at ptolemy.actor.util.CausalityInterfaceForComposites._computeInputDepth(CausalityInterfaceForComposites.java:696)
	at ptolemy.actor.util.CausalityInterfaceForComposites._computeOutputPortDepth(CausalityInterfaceForComposites.java:765)
	at ptolemy.actor.util.CausalityInterfaceForComposites._computeInputDepth(CausalityInterfaceForComposites.java:696)
	at ptolemy.actor.util.CausalityInterfaceForComposites._computeActorDepth(CausalityInterfaceForComposites.java:532)
	at ptolemy.actor.util.CausalityInterfaceForComposites.checkForCycles(CausalityInterfaceForComposites.java:96)
	at ptolemy.domains.de.kernel.DEDirector.preinitialize(DEDirector.java:1338)
	at ptolemy.actor.CompositeActor.preinitialize(CompositeActor.java:1828)
	at ptolemy.actor.Manager.preinitializeAndResolveTypes(Manager.java:1040)
	at ptolemy.actor.Manager.initialize(Manager.java:710)
	at ptolemy.actor.Manager.execute(Manager.java:356)
	at ptolemy.actor.Manager.run(Manager.java:1263)
	at ptolemy.actor.Manager$PtolemyRunThread.run(Manager.java:1933)

    while executing
ptolemy.kernel.util.IllegalActionException: Found a zero delay loop containing .HierarchicalModel.A
  in .HierarchicalModel and .HierarchicalModel.A
    while executing
"java::new ptolemy.moml.MoMLSimpleApplication $file
"
    (procedure "createAndExecute" line 2)
    invoked from within
"createAndExecute $file"
    ("uplevel" body line 5)
    invoked from within
"uplevel $contents_of_test"
------------------ testing $PTII/ptolemy/domains/de/test/auto/knownFailedTests/dependencyLoop2.xml (Known Failure) 
28 ms. Memory: 120832K Free: 105288K (87%)


==== $PTIIhome/travis/build/icyphy/ptII/ptolemy/domains/de/test/../../../../: Auto Automatic test in file $PTII/ptolemy/domains/de/test/auto/knownFailedTests/dependencyLoop2.xml
==== Contents of test case:

	    # FIXME: we should use $relativeFilename here, but it
	    # might have backslashes under Windows, which causes no end
	    # of trouble.
	    createAndExecute $file
	    list {}
	
.... Test generated KNOWN error:
    while executing
ptolemy.kernel.util.IllegalActionException: Found a zero delay loop containing .dependencyLoop2.original
  in .dependencyLoop2 and .dependencyLoop2.original
	at ptolemy.actor.util.CausalityInterfaceForComposites._computeOutputPortDepth(CausalityInterfaceForComposites.java:759)
	at ptolemy.actor.util.CausalityInterfaceForComposites._computeInputDepth(CausalityInterfaceForComposites.java:696)
	at ptolemy.actor.util.CausalityInterfaceForComposites._computeOutputPortDepth(CausalityInterfaceForComposites.java:765)
	at ptolemy.actor.util.CausalityInterfaceForComposites._computeInputDepth(CausalityInterfaceForComposites.java:696)
	at ptolemy.actor.util.CausalityInterfaceForComposites._computeOutputPortDepth(CausalityInterfaceForComposites.java:765)
	at ptolemy.actor.util.CausalityInterfaceForComposites._computeInputDepth(CausalityInterfaceForComposites.java:696)
	at ptolemy.actor.util.CausalityInterfaceForComposites._computeActorDepth(CausalityInterfaceForComposites.java:532)
	at ptolemy.actor.util.CausalityInterfaceForComposites.checkForCycles(CausalityInterfaceForComposites.java:96)
	at ptolemy.domains.de.kernel.DEDirector.preinitialize(DEDirector.java:1338)
	at ptolemy.actor.CompositeActor.preinitialize(CompositeActor.java:1828)
	at ptolemy.actor.Manager.preinitializeAndResolveTypes(Manager.java:1040)
	at ptolemy.actor.Manager.initialize(Manager.java:710)
	at ptolemy.actor.Manager.execute(Manager.java:356)
	at ptolemy.actor.Manager.run(Manager.java:1263)
	at ptolemy.actor.Manager$PtolemyRunThread.run(Manager.java:1933)

    while executing
ptolemy.kernel.util.IllegalActionException: Found a zero delay loop containing .dependencyLoop2.original
  in .dependencyLoop2 and .dependencyLoop2.original
    while executing
"java::new ptolemy.moml.MoMLSimpleApplication $file
"
    (procedure "createAndExecute" line 2)
    invoked from within
"createAndExecute $file"
    ("uplevel" body line 5)
    invoked from within
"uplevel $contents_of_test"
------------------ testing $PTII/ptolemy/domains/de/test/auto/knownFailedTests/DESDFClockTest.xml (Known Failure) 
2061 ms. Memory: 120832K Free: 92650K (77%)


==== $PTIIhome/travis/build/icyphy/ptII/ptolemy/domains/de/test/../../../../: Auto Automatic test in file $PTII/ptolemy/domains/de/test/auto/knownFailedTests/DESDFClockTest.xml
==== Contents of test case:

	    # FIXME: we should use $relativeFilename here, but it
	    # might have backslashes under Windows, which causes no end
	    # of trouble.
	    createAndExecute $file
	    list {}
	
.... Test generated KNOWN error:
    while executing
ptolemy.kernel.util.IllegalActionException: Actor is not ready to fire.  Perhaps UpSample.prefire() returned false? Try debugging the actor by selecting "Listen to Actor".  Also, for SDF check moml for tokenConsumptionRate on input.
  in .DESDFClockTest.Play Bell.Copy1:SDF Director and .DESDFClockTest.Play Bell.UpSample
	at ptolemy.actor.sched.StaticSchedulingDirector.fire(StaticSchedulingDirector.java:227)
	at ptolemy.domains.sdf.kernel.SDFDirector.fire(SDFDirector.java:500)
	at ptolemy.actor.CompositeActor.fire(CompositeActor.java:455)
	at ptolemy.domains.de.kernel.DEDirector._fire(DEDirector.java:1949)
	at ptolemy.domains.de.kernel.DEDirector.fire(DEDirector.java:502)
	at ptolemy.actor.CompositeActor.fire(CompositeActor.java:455)
	at ptolemy.actor.Manager.iterate(Manager.java:851)
	at ptolemy.actor.Manager.execute(Manager.java:369)
	at ptolemy.actor.Manager.run(Manager.java:1263)
	at ptolemy.actor.Manager$PtolemyRunThread.run(Manager.java:1933)

    while executing
ptolemy.kernel.util.IllegalActionException: Actor is not ready to fire.  Perhaps UpSample.prefire() returned false? Try debugging the actor by selecting "Listen to Actor".  Also, for SDF check moml for tokenConsumptionRate on input.
  in .DESDFClockTest.Play Bell.Copy1:SDF Director and .DESDFClockTest.Play Bell.UpSample
    while executing
"java::new ptolemy.moml.MoMLSimpleApplication $file
"
    (procedure "createAndExecute" line 2)
    invoked from within
"createAndExecute $file"
    ("uplevel" body line 5)
    invoked from within
"uplevel $contents_of_test"
------------------ testing $PTII/ptolemy/domains/de/test/auto/ActorDepthCalculation_actorWithoutPorts.xml
auto.tcl: Setting watchdog for 200 seconds at Thu Oct 10 18:39:35 UTC 2019
9 ms. Memory: 120832K Free: 85460K (71%)
ptolemy.util.test.WatchDog.cancel(): canceling Thu Oct 10 18:39:35 UTC 2019
auto.tcl: Setting watchdog for 200 seconds at Thu Oct 10 18:39:35 UTC 2019
11 ms. Memory: 120832K Free: 84280K (70%)
ptolemy.util.test.WatchDog.cancel(): canceling Thu Oct 10 18:39:35 UTC 2019
------------------ testing $PTII/ptolemy/domains/de/test/auto/AssemblyLine.xml
auto.tcl: Setting watchdog for 200 seconds at Thu Oct 10 18:39:36 UTC 2019
30 ms. Memory: 48128K Free: 25225K (52%)
ptolemy.util.test.WatchDog.cancel(): canceling Thu Oct 10 18:39:36 UTC 2019
auto.tcl: Setting watchdog for 200 seconds at Thu Oct 10 18:39:36 UTC 2019
7 ms. Memory: 48128K Free: 24790K (52%)
ptolemy.util.test.WatchDog.cancel(): canceling Thu Oct 10 18:39:36 UTC 2019
------------------ testing $PTII/ptolemy/domains/de/test/auto/CQBug1.xml
auto.tcl: Setting watchdog for 200 seconds at Thu Oct 10 18:39:36 UTC 2019
4 ms. Memory: 48128K Free: 31458K (65%)
ptolemy.util.test.WatchDog.cancel(): canceling Thu Oct 10 18:39:36 UTC 2019
auto.tcl: Setting watchdog for 200 seconds at Thu Oct 10 18:39:36 UTC 2019
4 ms. Memory: 48128K Free: 31015K (64%)
ptolemy.util.test.WatchDog.cancel(): canceling Thu Oct 10 18:39:36 UTC 2019
------------------ testing $PTII/ptolemy/domains/de/test/auto/CancelFireAt.xml
auto.tcl: Setting watchdog for 200 seconds at Thu Oct 10 18:39:36 UTC 2019
4 ms. Memory: 45056K Free: 29703K (66%)
ptolemy.util.test.WatchDog.cancel(): canceling Thu Oct 10 18:39:36 UTC 2019
auto.tcl: Setting watchdog for 200 seconds at Thu Oct 10 18:39:36 UTC 2019
2 ms. Memory: 45056K Free: 29254K (65%)
ptolemy.util.test.WatchDog.cancel(): canceling Thu Oct 10 18:39:36 UTC 2019
------------------ testing $PTII/ptolemy/domains/de/test/auto/CausalityAndComposabilityAnalysis.xml
auto.tcl: Setting watchdog for 200 seconds at Thu Oct 10 18:39:36 UTC 2019
14 ms. Memory: 45056K Free: 27663K (61%)
ptolemy.util.test.WatchDog.cancel(): canceling Thu Oct 10 18:39:36 UTC 2019
auto.tcl: Setting watchdog for 200 seconds at Thu Oct 10 18:39:36 UTC 2019
15 ms. Memory: 45056K Free: 26906K (60%)
ptolemy.util.test.WatchDog.cancel(): canceling Thu Oct 10 18:39:37 UTC 2019
------------------ testing $PTII/ptolemy/domains/de/test/auto/CausalityInterface1.xml
auto.tcl: Setting watchdog for 200 seconds at Thu Oct 10 18:39:37 UTC 2019
28 ms. Memory: 45056K Free: 26372K (59%)
ptolemy.util.test.WatchDog.cancel(): canceling Thu Oct 10 18:39:37 UTC 2019
auto.tcl: Setting watchdog for 200 seconds at Thu Oct 10 18:39:37 UTC 2019
17 ms. Memory: 45056K Free: 25388K (56%)
ptolemy.util.test.WatchDog.cancel(): canceling Thu Oct 10 18:39:37 UTC 2019
------------------ testing $PTII/ptolemy/domains/de/test/auto/CausalityInterface15.xml
auto.tcl: Setting watchdog for 200 seconds at Thu Oct 10 18:39:37 UTC 2019
14 ms. Memory: 45056K Free: 26078K (58%)
ptolemy.util.test.WatchDog.cancel(): canceling Thu Oct 10 18:39:37 UTC 2019
auto.tcl: Setting watchdog for 200 seconds at Thu Oct 10 18:39:37 UTC 2019
5 ms. Memory: 45056K Free: 25370K (56%)
ptolemy.util.test.WatchDog.cancel(): canceling Thu Oct 10 18:39:37 UTC 2019
------------------ testing $PTII/ptolemy/domains/de/test/auto/CausalityInterface2.xml
auto.tcl: Setting watchdog for 200 seconds at Thu Oct 10 18:39:37 UTC 2019
5 ms. Memory: 45056K Free: 27103K (60%)
ptolemy.util.test.WatchDog.cancel(): canceling Thu Oct 10 18:39:37 UTC 2019
auto.tcl: Setting watchdog for 200 seconds at Thu Oct 10 18:39:37 UTC 2019
5 ms. Memory: 45056K Free: 26358K (59%)
ptolemy.util.test.WatchDog.cancel(): canceling Thu Oct 10 18:39:37 UTC 2019
------------------ testing $PTII/ptolemy/domains/de/test/auto/CausalityInterface3.xml
auto.tcl: Setting watchdog for 200 seconds at Thu Oct 10 18:39:37 UTC 2019
16 ms. Memory: 45056K Free: 26565K (59%)
ptolemy.util.test.WatchDog.cancel(): canceling Thu Oct 10 18:39:37 UTC 2019
auto.tcl: Setting watchdog for 200 seconds at Thu Oct 10 18:39:37 UTC 2019
7 ms. Memory: 45056K Free: 25768K (57%)
ptolemy.util.test.WatchDog.cancel(): canceling Thu Oct 10 18:39:37 UTC 2019
------------------ testing $PTII/ptolemy/domains/de/test/auto/ClockDrift.xml
auto.tcl: Setting watchdog for 200 seconds at Thu Oct 10 18:39:37 UTC 2019
80 ms. Memory: 45056K Free: 19137K (42%)
ptolemy.util.test.WatchDog.cancel(): canceling Thu Oct 10 18:39:37 UTC 2019
auto.tcl: Setting watchdog for 200 seconds at Thu Oct 10 18:39:37 UTC 2019
95 ms. Memory: 45056K Free: 16119K (36%)
ptolemy.util.test.WatchDog.cancel(): canceling Thu Oct 10 18:39:37 UTC 2019
------------------ testing $PTII/ptolemy/domains/de/test/auto/ClockDriftAndValueChange.xml
auto.tcl: Setting watchdog for 200 seconds at Thu Oct 10 18:39:37 UTC 2019
50 ms. Memory: 45056K Free: 19122K (42%)
ptolemy.util.test.WatchDog.cancel(): canceling Thu Oct 10 18:39:37 UTC 2019
auto.tcl: Setting watchdog for 200 seconds at Thu Oct 10 18:39:37 UTC 2019
52 ms. Memory: 45056K Free: 16278K (36%)
ptolemy.util.test.WatchDog.cancel(): canceling Thu Oct 10 18:39:38 UTC 2019
------------------ testing $PTII/ptolemy/domains/de/test/auto/ClockDriftChange.xml
auto.tcl: Setting watchdog for 200 seconds at Thu Oct 10 18:39:38 UTC 2019
30 ms. Memory: 45056K Free: 20925K (46%)
ptolemy.util.test.WatchDog.cancel(): canceling Thu Oct 10 18:39:38 UTC 2019
auto.tcl: Setting watchdog for 200 seconds at Thu Oct 10 18:39:38 UTC 2019
22 ms. Memory: 45056K Free: 18366K (41%)
ptolemy.util.test.WatchDog.cancel(): canceling Thu Oct 10 18:39:38 UTC 2019
------------------ testing $PTII/ptolemy/domains/de/test/auto/ComposableCausalityAnalysis.xml
auto.tcl: Setting watchdog for 200 seconds at Thu Oct 10 18:39:38 UTC 2019
2 ms. Memory: 45056K Free: 25577K (57%)
ptolemy.util.test.WatchDog.cancel(): canceling Thu Oct 10 18:39:38 UTC 2019
auto.tcl: Setting watchdog for 200 seconds at Thu Oct 10 18:39:38 UTC 2019
3 ms. Memory: 45056K Free: 24556K (55%)
ptolemy.util.test.WatchDog.cancel(): canceling Thu Oct 10 18:39:38 UTC 2019
------------------ testing $PTII/ptolemy/domains/de/test/auto/DEFixedPointLimitation.xml
auto.tcl: Setting watchdog for 200 seconds at Thu Oct 10 18:39:38 UTC 2019
1 ms. Memory: 45056K Free: 26895K (60%)
ptolemy.util.test.WatchDog.cancel(): canceling Thu Oct 10 18:39:38 UTC 2019
auto.tcl: Setting watchdog for 200 seconds at Thu Oct 10 18:39:38 UTC 2019
1 ms. Memory: 45056K Free: 26010K (58%)
ptolemy.util.test.WatchDog.cancel(): canceling Thu Oct 10 18:39:38 UTC 2019
------------------ testing $PTII/ptolemy/domains/de/test/auto/DEScheduleTest.xml
auto.tcl: Setting watchdog for 200 seconds at Thu Oct 10 18:39:38 UTC 2019
4 ms. Memory: 45056K Free: 27209K (60%)
ptolemy.util.test.WatchDog.cancel(): canceling Thu Oct 10 18:39:38 UTC 2019
auto.tcl: Setting watchdog for 200 seconds at Thu Oct 10 18:39:38 UTC 2019
4 ms. Memory: 45056K Free: 26491K (59%)
ptolemy.util.test.WatchDog.cancel(): canceling Thu Oct 10 18:39:38 UTC 2019
------------------ testing $PTII/ptolemy/domains/de/test/auto/DEinDEwithStartTimes.xml
auto.tcl: Setting watchdog for 200 seconds at Thu Oct 10 18:39:38 UTC 2019
6 ms. Memory: 45056K Free: 25363K (56%)
ptolemy.util.test.WatchDog.cancel(): canceling Thu Oct 10 18:39:38 UTC 2019
auto.tcl: Setting watchdog for 200 seconds at Thu Oct 10 18:39:38 UTC 2019
4 ms. Memory: 45056K Free: 23955K (53%)
ptolemy.util.test.WatchDog.cancel(): canceling Thu Oct 10 18:39:38 UTC 2019
------------------ testing $PTII/ptolemy/domains/de/test/auto/DEinDEwithStartTimes2.xml
auto.tcl: Setting watchdog for 200 seconds at Thu Oct 10 18:39:38 UTC 2019
8 ms. Memory: 45056K Free: 24636K (55%)
ptolemy.util.test.WatchDog.cancel(): canceling Thu Oct 10 18:39:38 UTC 2019
auto.tcl: Setting watchdog for 200 seconds at Thu Oct 10 18:39:38 UTC 2019
4 ms. Memory: 45056K Free: 23276K (52%)
ptolemy.util.test.WatchDog.cancel(): canceling Thu Oct 10 18:39:38 UTC 2019
------------------ testing $PTII/ptolemy/domains/de/test/auto/DateDemo.xml
auto.tcl: Setting watchdog for 200 seconds at Thu Oct 10 18:39:38 UTC 2019
16 ms. Memory: 45056K Free: 18928K (42%)
ptolemy.util.test.WatchDog.cancel(): canceling Thu Oct 10 18:39:38 UTC 2019
auto.tcl: Setting watchdog for 200 seconds at Thu Oct 10 18:39:38 UTC 2019
6 ms. Memory: 45056K Free: 17363K (39%)
ptolemy.util.test.WatchDog.cancel(): canceling Thu Oct 10 18:39:38 UTC 2019
------------------ testing $PTII/ptolemy/domains/de/test/auto/DateToEvent.xml
auto.tcl: Setting watchdog for 200 seconds at Thu Oct 10 18:39:38 UTC 2019
2017 ms. Memory: 45056K Free: 14840K (33%)
ptolemy.util.test.WatchDog.cancel(): canceling Thu Oct 10 18:39:40 UTC 2019
auto.tcl: Setting watchdog for 200 seconds at Thu Oct 10 18:39:40 UTC 2019
2005 ms. Memory: 45056K Free: 14128K (31%)
ptolemy.util.test.WatchDog.cancel(): canceling Thu Oct 10 18:39:42 UTC 2019
------------------ testing $PTII/ptolemy/domains/de/test/auto/DepthTest1.xml
auto.tcl: Setting watchdog for 200 seconds at Thu Oct 10 18:39:43 UTC 2019
3 ms. Memory: 45056K Free: 28127K (62%)
ptolemy.util.test.WatchDog.cancel(): canceling Thu Oct 10 18:39:43 UTC 2019
auto.tcl: Setting watchdog for 200 seconds at Thu Oct 10 18:39:43 UTC 2019
1 ms. Memory: 45056K Free: 27620K (61%)
ptolemy.util.test.WatchDog.cancel(): canceling Thu Oct 10 18:39:43 UTC 2019
------------------ testing $PTII/ptolemy/domains/de/test/auto/DepthTest2.xml
auto.tcl: Setting watchdog for 200 seconds at Thu Oct 10 18:39:43 UTC 2019
15 ms. Memory: 45056K Free: 24857K (55%)
ptolemy.util.test.WatchDog.cancel(): canceling Thu Oct 10 18:39:43 UTC 2019
auto.tcl: Setting watchdog for 200 seconds at Thu Oct 10 18:39:43 UTC 2019
5 ms. Memory: 45056K Free: 24314K (54%)
ptolemy.util.test.WatchDog.cancel(): canceling Thu Oct 10 18:39:43 UTC 2019
------------------ testing $PTII/ptolemy/domains/de/test/auto/DepthTest3.xml
auto.tcl: Setting watchdog for 200 seconds at Thu Oct 10 18:39:43 UTC 2019
3 ms. Memory: 45056K Free: 28458K (63%)
ptolemy.util.test.WatchDog.cancel(): canceling Thu Oct 10 18:39:43 UTC 2019
auto.tcl: Setting watchdog for 200 seconds at Thu Oct 10 18:39:43 UTC 2019
3 ms. Memory: 45056K Free: 27920K (62%)
ptolemy.util.test.WatchDog.cancel(): canceling Thu Oct 10 18:39:43 UTC 2019
------------------ testing $PTII/ptolemy/domains/de/test/auto/DepthTest4.xml
auto.tcl: Setting watchdog for 200 seconds at Thu Oct 10 18:39:43 UTC 2019
5 ms. Memory: 45056K Free: 26680K (59%)
ptolemy.util.test.WatchDog.cancel(): canceling Thu Oct 10 18:39:43 UTC 2019
auto.tcl: Setting watchdog for 200 seconds at Thu Oct 10 18:39:43 UTC 2019
3 ms. Memory: 45056K Free: 25969K (58%)
ptolemy.util.test.WatchDog.cancel(): canceling Thu Oct 10 18:39:43 UTC 2019
------------------ testing $PTII/ptolemy/domains/de/test/auto/DepthTest5.xml
auto.tcl: Setting watchdog for 200 seconds at Thu Oct 10 18:39:43 UTC 2019
13 ms. Memory: 45056K Free: 26085K (58%)
ptolemy.util.test.WatchDog.cancel(): canceling Thu Oct 10 18:39:43 UTC 2019
auto.tcl: Setting watchdog for 200 seconds at Thu Oct 10 18:39:43 UTC 2019
4 ms. Memory: 45056K Free: 25356K (56%)
ptolemy.util.test.WatchDog.cancel(): canceling Thu Oct 10 18:39:43 UTC 2019
------------------ testing $PTII/ptolemy/domains/de/test/auto/DepthTest6.xml
auto.tcl: Setting watchdog for 200 seconds at Thu Oct 10 18:39:43 UTC 2019
6 ms. Memory: 45056K Free: 25762K (57%)
ptolemy.util.test.WatchDog.cancel(): canceling Thu Oct 10 18:39:43 UTC 2019
auto.tcl: Setting watchdog for 200 seconds at Thu Oct 10 18:39:43 UTC 2019
5 ms. Memory: 45056K Free: 25256K (56%)
ptolemy.util.test.WatchDog.cancel(): canceling Thu Oct 10 18:39:43 UTC 2019
------------------ testing $PTII/ptolemy/domains/de/test/auto/DepthTest7.xml
auto.tcl: Setting watchdog for 200 seconds at Thu Oct 10 18:39:43 UTC 2019
4 ms. Memory: 45056K Free: 26606K (59%)
ptolemy.util.test.WatchDog.cancel(): canceling Thu Oct 10 18:39:43 UTC 2019
auto.tcl: Setting watchdog for 200 seconds at Thu Oct 10 18:39:43 UTC 2019
3 ms. Memory: 45056K Free: 25881K (57%)
ptolemy.util.test.WatchDog.cancel(): canceling Thu Oct 10 18:39:43 UTC 2019
------------------ testing $PTII/ptolemy/domains/de/test/auto/EventToDate.xml
auto.tcl: Setting watchdog for 200 seconds at Thu Oct 10 18:39:43 UTC 2019
3006 ms. Memory: 45056K Free: 17388K (39%)
ptolemy.util.test.WatchDog.cancel(): canceling Thu Oct 10 18:39:46 UTC 2019
auto.tcl: Setting watchdog for 200 seconds at Thu Oct 10 18:39:46 UTC 2019
3004 ms. Memory: 45056K Free: 16715K (37%)
ptolemy.util.test.WatchDog.cancel(): canceling Thu Oct 10 18:39:49 UTC 2019
------------------ testing $PTII/ptolemy/domains/de/test/auto/FSM1.xml
auto.tcl: Setting watchdog for 200 seconds at Thu Oct 10 18:39:49 UTC 2019
41 ms. Memory: 45056K Free: 18095K (40%)
ptolemy.util.test.WatchDog.cancel(): canceling Thu Oct 10 18:39:49 UTC 2019
auto.tcl: Setting watchdog for 200 seconds at Thu Oct 10 18:39:49 UTC 2019
23 ms. Memory: 45056K Free: 14973K (33%)
ptolemy.util.test.WatchDog.cancel(): canceling Thu Oct 10 18:39:49 UTC 2019
------------------ testing $PTII/ptolemy/domains/de/test/auto/FSM7.xml
auto.tcl: Setting watchdog for 200 seconds at Thu Oct 10 18:39:49 UTC 2019
30 ms. Memory: 45056K Free: 18313K (41%)
ptolemy.util.test.WatchDog.cancel(): canceling Thu Oct 10 18:39:49 UTC 2019
auto.tcl: Setting watchdog for 200 seconds at Thu Oct 10 18:39:49 UTC 2019
29 ms. Memory: 45056K Free: 15191K (34%)
ptolemy.util.test.WatchDog.cancel(): canceling Thu Oct 10 18:39:50 UTC 2019
------------------ testing $PTII/ptolemy/domains/de/test/auto/Inspection.xml
auto.tcl: Setting watchdog for 200 seconds at Thu Oct 10 18:39:50 UTC 2019
34 ms. Memory: 45056K Free: 18361K (41%)
ptolemy.util.test.WatchDog.cancel(): canceling Thu Oct 10 18:39:50 UTC 2019
auto.tcl: Setting watchdog for 200 seconds at Thu Oct 10 18:39:50 UTC 2019
35 ms. Memory: 45056K Free: 16609K (37%)
ptolemy.util.test.WatchDog.cancel(): canceling Thu Oct 10 18:39:50 UTC 2019
------------------ testing $PTII/ptolemy/domains/de/test/auto/Iteration.xml
auto.tcl: Setting watchdog for 200 seconds at Thu Oct 10 18:39:50 UTC 2019
6 ms. Memory: 45056K Free: 24094K (53%)
ptolemy.util.test.WatchDog.cancel(): canceling Thu Oct 10 18:39:50 UTC 2019
auto.tcl: Setting watchdog for 200 seconds at Thu Oct 10 18:39:50 UTC 2019
7 ms. Memory: 45056K Free: 22648K (50%)
ptolemy.util.test.WatchDog.cancel(): canceling Thu Oct 10 18:39:50 UTC 2019
------------------ testing $PTII/ptolemy/domains/de/test/auto/LineFault.xml
auto.tcl: Setting watchdog for 200 seconds at Thu Oct 10 18:39:50 UTC 2019
825 ms. Memory: 54272K Free: 26372K (49%)
ptolemy.util.test.WatchDog.cancel(): canceling Thu Oct 10 18:39:51 UTC 2019
auto.tcl: Setting watchdog for 200 seconds at Thu Oct 10 18:39:51 UTC 2019
628 ms. Memory: 54272K Free: 19801K (36%)
ptolemy.util.test.WatchDog.cancel(): canceling Thu Oct 10 18:39:52 UTC 2019
------------------ testing $PTII/ptolemy/domains/de/test/auto/MergeModel1Add.xml
auto.tcl: Setting watchdog for 200 seconds at Thu Oct 10 18:39:52 UTC 2019
31 ms. Memory: 54272K Free: 19244K (35%)
ptolemy.util.test.WatchDog.cancel(): canceling Thu Oct 10 18:39:52 UTC 2019
auto.tcl: Setting watchdog for 200 seconds at Thu Oct 10 18:39:52 UTC 2019
11 ms. Memory: 54272K Free: 17555K (32%)
ptolemy.util.test.WatchDog.cancel(): canceling Thu Oct 10 18:39:52 UTC 2019
------------------ testing $PTII/ptolemy/domains/de/test/auto/MergeModel2Add.xml
auto.tcl: Setting watchdog for 200 seconds at Thu Oct 10 18:39:52 UTC 2019
8 ms. Memory: 51200K Free: 18181K (36%)
ptolemy.util.test.WatchDog.cancel(): canceling Thu Oct 10 18:39:52 UTC 2019
auto.tcl: Setting watchdog for 200 seconds at Thu Oct 10 18:39:52 UTC 2019
9 ms. Memory: 51200K Free: 16237K (32%)
ptolemy.util.test.WatchDog.cancel(): canceling Thu Oct 10 18:39:52 UTC 2019
------------------ testing $PTII/ptolemy/domains/de/test/auto/MergeModel3Add.xml
auto.tcl: Setting watchdog for 200 seconds at Thu Oct 10 18:39:52 UTC 2019
8 ms. Memory: 51200K Free: 18244K (36%)
ptolemy.util.test.WatchDog.cancel(): canceling Thu Oct 10 18:39:52 UTC 2019
auto.tcl: Setting watchdog for 200 seconds at Thu Oct 10 18:39:52 UTC 2019
9 ms. Memory: 51200K Free: 16772K (33%)
ptolemy.util.test.WatchDog.cancel(): canceling Thu Oct 10 18:39:52 UTC 2019
------------------ testing $PTII/ptolemy/domains/de/test/auto/MergeWithoutDiscard.xml
auto.tcl: Setting watchdog for 200 seconds at Thu Oct 10 18:39:52 UTC 2019
2 ms. Memory: 51200K Free: 33092K (65%)
ptolemy.util.test.WatchDog.cancel(): canceling Thu Oct 10 18:39:52 UTC 2019
auto.tcl: Setting watchdog for 200 seconds at Thu Oct 10 18:39:52 UTC 2019
1 ms. Memory: 51200K Free: 32178K (63%)
ptolemy.util.test.WatchDog.cancel(): canceling Thu Oct 10 18:39:52 UTC 2019
------------------ testing $PTII/ptolemy/domains/de/test/auto/Modal1.xml
auto.tcl: Setting watchdog for 200 seconds at Thu Oct 10 18:39:52 UTC 2019
11 ms. Memory: 48128K Free: 21622K (45%)
ptolemy.util.test.WatchDog.cancel(): canceling Thu Oct 10 18:39:52 UTC 2019
auto.tcl: Setting watchdog for 200 seconds at Thu Oct 10 18:39:52 UTC 2019
26 ms. Memory: 48128K Free: 18167K (38%)
ptolemy.util.test.WatchDog.cancel(): canceling Thu Oct 10 18:39:52 UTC 2019
------------------ testing $PTII/ptolemy/domains/de/test/auto/Modal2.xml
auto.tcl: Setting watchdog for 200 seconds at Thu Oct 10 18:39:52 UTC 2019
14 ms. Memory: 48128K Free: 21767K (45%)
ptolemy.util.test.WatchDog.cancel(): canceling Thu Oct 10 18:39:52 UTC 2019
auto.tcl: Setting watchdog for 200 seconds at Thu Oct 10 18:39:52 UTC 2019
19 ms. Memory: 48128K Free: 18526K (38%)
ptolemy.util.test.WatchDog.cancel(): canceling Thu Oct 10 18:39:52 UTC 2019
------------------ testing $PTII/ptolemy/domains/de/test/auto/Modal3.xml
auto.tcl: Setting watchdog for 200 seconds at Thu Oct 10 18:39:52 UTC 2019
9 ms. Memory: 48128K Free: 21274K (44%)
ptolemy.util.test.WatchDog.cancel(): canceling Thu Oct 10 18:39:52 UTC 2019
auto.tcl: Setting watchdog for 200 seconds at Thu Oct 10 18:39:52 UTC 2019
11 ms. Memory: 48128K Free: 18127K (38%)
ptolemy.util.test.WatchDog.cancel(): canceling Thu Oct 10 18:39:52 UTC 2019
------------------ testing $PTII/ptolemy/domains/de/test/auto/Modal4.xml
auto.tcl: Setting watchdog for 200 seconds at Thu Oct 10 18:39:53 UTC 2019
22 ms. Memory: 48128K Free: 20724K (43%)
ptolemy.util.test.WatchDog.cancel(): canceling Thu Oct 10 18:39:53 UTC 2019
auto.tcl: Setting watchdog for 200 seconds at Thu Oct 10 18:39:53 UTC 2019
19 ms. Memory: 48128K Free: 16890K (35%)
ptolemy.util.test.WatchDog.cancel(): canceling Thu Oct 10 18:39:53 UTC 2019
------------------ testing $PTII/ptolemy/domains/de/test/auto/Modal5.xml
auto.tcl: Setting watchdog for 200 seconds at Thu Oct 10 18:39:53 UTC 2019
12 ms. Memory: 48128K Free: 20725K (43%)
ptolemy.util.test.WatchDog.cancel(): canceling Thu Oct 10 18:39:53 UTC 2019
auto.tcl: Setting watchdog for 200 seconds at Thu Oct 10 18:39:53 UTC 2019
13 ms. Memory: 48128K Free: 16877K (35%)
ptolemy.util.test.WatchDog.cancel(): canceling Thu Oct 10 18:39:53 UTC 2019
------------------ testing $PTII/ptolemy/domains/de/test/auto/Modal6.xml
auto.tcl: Setting watchdog for 200 seconds at Thu Oct 10 18:39:53 UTC 2019
17 ms. Memory: 48128K Free: 21471K (45%)
ptolemy.util.test.WatchDog.cancel(): canceling Thu Oct 10 18:39:53 UTC 2019
auto.tcl: Setting watchdog for 200 seconds at Thu Oct 10 18:39:53 UTC 2019
16 ms. Memory: 48128K Free: 17503K (36%)
ptolemy.util.test.WatchDog.cancel(): canceling Thu Oct 10 18:39:53 UTC 2019
------------------ testing $PTII/ptolemy/domains/de/test/auto/Modal7.xml
auto.tcl: Setting watchdog for 200 seconds at Thu Oct 10 18:39:53 UTC 2019
9 ms. Memory: 48128K Free: 20449K (42%)
ptolemy.util.test.WatchDog.cancel(): canceling Thu Oct 10 18:39:53 UTC 2019
auto.tcl: Setting watchdog for 200 seconds at Thu Oct 10 18:39:53 UTC 2019
12 ms. Memory: 48128K Free: 16876K (35%)
ptolemy.util.test.WatchDog.cancel(): canceling Thu Oct 10 18:39:53 UTC 2019
------------------ testing $PTII/ptolemy/domains/de/test/auto/ModalModel.xml
auto.tcl: Setting watchdog for 200 seconds at Thu Oct 10 18:39:53 UTC 2019
225 ms. Memory: 48128K Free: 11623K (24%)
ptolemy.util.test.WatchDog.cancel(): canceling Thu Oct 10 18:39:53 UTC 2019
auto.tcl: Setting watchdog for 200 seconds at Thu Oct 10 18:39:53 UTC 2019
197 ms. Memory: 59392K Free: 16611K (28%)
ptolemy.util.test.WatchDog.cancel(): canceling Thu Oct 10 18:39:53 UTC 2019
------------------ testing $PTII/ptolemy/domains/de/test/auto/ModalSource.xml
auto.tcl: Setting watchdog for 200 seconds at Thu Oct 10 18:39:53 UTC 2019
6 ms. Memory: 51200K Free: 28622K (56%)
ptolemy.util.test.WatchDog.cancel(): canceling Thu Oct 10 18:39:54 UTC 2019
auto.tcl: Setting watchdog for 200 seconds at Thu Oct 10 18:39:54 UTC 2019
6 ms. Memory: 51200K Free: 26574K (52%)
ptolemy.util.test.WatchDog.cancel(): canceling Thu Oct 10 18:39:54 UTC 2019
------------------ testing $PTII/ptolemy/domains/de/test/auto/NonInterruptibleTimerZeroDelay.xml
auto.tcl: Setting watchdog for 200 seconds at Thu Oct 10 18:39:54 UTC 2019
3 ms. Memory: 51200K Free: 33790K (66%)
ptolemy.util.test.WatchDog.cancel(): canceling Thu Oct 10 18:39:54 UTC 2019
auto.tcl: Setting watchdog for 200 seconds at Thu Oct 10 18:39:54 UTC 2019
2 ms. Memory: 51200K Free: 32910K (64%)
ptolemy.util.test.WatchDog.cancel(): canceling Thu Oct 10 18:39:54 UTC 2019
------------------ testing $PTII/ptolemy/domains/de/test/auto/OpenQueueingNetwork.xml
auto.tcl: Setting watchdog for 200 seconds at Thu Oct 10 18:39:54 UTC 2019
3181 ms. Memory: 114688K Free: 57750K (50%)
ptolemy.util.test.WatchDog.cancel(): canceling Thu Oct 10 18:39:57 UTC 2019
auto.tcl: Setting watchdog for 200 seconds at Thu Oct 10 18:39:57 UTC 2019
2991 ms. Memory: 138240K Free: 119127K (86%)
ptolemy.util.test.WatchDog.cancel(): canceling Thu Oct 10 18:40:00 UTC 2019
------------------ testing $PTII/ptolemy/domains/de/test/auto/OpenQueuingNetwork.xml
auto.tcl: Setting watchdog for 200 seconds at Thu Oct 10 18:40:00 UTC 2019
259 ms. Memory: 55296K Free: 26258K (47%)
ptolemy.util.test.WatchDog.cancel(): canceling Thu Oct 10 18:40:00 UTC 2019
auto.tcl: Setting watchdog for 200 seconds at Thu Oct 10 18:40:00 UTC 2019
256 ms. Memory: 55296K Free: 35732K (65%)
ptolemy.util.test.WatchDog.cancel(): canceling Thu Oct 10 18:40:01 UTC 2019
------------------ testing $PTII/ptolemy/domains/de/test/auto/PeriodicSampler.xml
auto.tcl: Setting watchdog for 200 seconds at Thu Oct 10 18:40:01 UTC 2019
3 ms. Memory: 51200K Free: 32760K (64%)
ptolemy.util.test.WatchDog.cancel(): canceling Thu Oct 10 18:40:01 UTC 2019
auto.tcl: Setting watchdog for 200 seconds at Thu Oct 10 18:40:01 UTC 2019
2 ms. Memory: 51200K Free: 32265K (63%)
ptolemy.util.test.WatchDog.cancel(): canceling Thu Oct 10 18:40:01 UTC 2019
------------------ testing $PTII/ptolemy/domains/de/test/auto/PersistentIO.xml
auto.tcl: Setting watchdog for 200 seconds at Thu Oct 10 18:40:01 UTC 2019
8 ms. Memory: 48128K Free: 24612K (51%)
ptolemy.util.test.WatchDog.cancel(): canceling Thu Oct 10 18:40:01 UTC 2019
auto.tcl: Setting watchdog for 200 seconds at Thu Oct 10 18:40:01 UTC 2019
8 ms. Memory: 48128K Free: 23156K (48%)
ptolemy.util.test.WatchDog.cancel(): canceling Thu Oct 10 18:40:01 UTC 2019
------------------ testing $PTII/ptolemy/domains/de/test/auto/PortParameterResetOnInitialize.xml
auto.tcl: Setting watchdog for 200 seconds at Thu Oct 10 18:40:01 UTC 2019
5 ms. Memory: 48128K Free: 29584K (61%)
ptolemy.util.test.WatchDog.cancel(): canceling Thu Oct 10 18:40:01 UTC 2019
auto.tcl: Setting watchdog for 200 seconds at Thu Oct 10 18:40:01 UTC 2019
3 ms. Memory: 48128K Free: 29104K (60%)
ptolemy.util.test.WatchDog.cancel(): canceling Thu Oct 10 18:40:01 UTC 2019
------------------ testing $PTII/ptolemy/domains/de/test/auto/PortParameterUpdates.xml
auto.tcl: Setting watchdog for 200 seconds at Thu Oct 10 18:40:01 UTC 2019
4 ms. Memory: 48128K Free: 27916K (58%)
ptolemy.util.test.WatchDog.cancel(): canceling Thu Oct 10 18:40:01 UTC 2019
auto.tcl: Setting watchdog for 200 seconds at Thu Oct 10 18:40:01 UTC 2019
4 ms. Memory: 48128K Free: 26674K (55%)
ptolemy.util.test.WatchDog.cancel(): canceling Thu Oct 10 18:40:01 UTC 2019
------------------ testing $PTII/ptolemy/domains/de/test/auto/QueueAndServer.xml
auto.tcl: Setting watchdog for 200 seconds at Thu Oct 10 18:40:01 UTC 2019
20 ms. Memory: 48128K Free: 26870K (56%)
ptolemy.util.test.WatchDog.cancel(): canceling Thu Oct 10 18:40:01 UTC 2019
auto.tcl: Setting watchdog for 200 seconds at Thu Oct 10 18:40:01 UTC 2019
7 ms. Memory: 48128K Free: 25172K (52%)
ptolemy.util.test.WatchDog.cancel(): canceling Thu Oct 10 18:40:01 UTC 2019
------------------ testing $PTII/ptolemy/domains/de/test/auto/Records.xml
auto.tcl: Setting watchdog for 200 seconds at Thu Oct 10 18:40:01 UTC 2019
5 ms. Memory: 48128K Free: 29140K (61%)
ptolemy.util.test.WatchDog.cancel(): canceling Thu Oct 10 18:40:01 UTC 2019
auto.tcl: Setting watchdog for 200 seconds at Thu Oct 10 18:40:01 UTC 2019
3 ms. Memory: 48128K Free: 28641K (60%)
ptolemy.util.test.WatchDog.cancel(): canceling Thu Oct 10 18:40:01 UTC 2019
------------------ testing $PTII/ptolemy/domains/de/test/auto/ResetTransitionWithStartTime1.xml
auto.tcl: Setting watchdog for 200 seconds at Thu Oct 10 18:40:01 UTC 2019
25 ms. Memory: 48128K Free: 26216K (54%)
ptolemy.util.test.WatchDog.cancel(): canceling Thu Oct 10 18:40:01 UTC 2019
auto.tcl: Setting watchdog for 200 seconds at Thu Oct 10 18:40:01 UTC 2019
9 ms. Memory: 48128K Free: 24047K (50%)
ptolemy.util.test.WatchDog.cancel(): canceling Thu Oct 10 18:40:01 UTC 2019
------------------ testing $PTII/ptolemy/domains/de/test/auto/ResetTransitionWithStartTime2.xml
auto.tcl: Setting watchdog for 200 seconds at Thu Oct 10 18:40:01 UTC 2019
7 ms. Memory: 48128K Free: 26050K (54%)
ptolemy.util.test.WatchDog.cancel(): canceling Thu Oct 10 18:40:01 UTC 2019
auto.tcl: Setting watchdog for 200 seconds at Thu Oct 10 18:40:01 UTC 2019
9 ms. Memory: 48128K Free: 23543K (49%)
ptolemy.util.test.WatchDog.cancel(): canceling Thu Oct 10 18:40:01 UTC 2019
------------------ testing $PTII/ptolemy/domains/de/test/auto/ResetTransitionWithStartTime3.xml
auto.tcl: Setting watchdog for 200 seconds at Thu Oct 10 18:40:02 UTC 2019
9 ms. Memory: 48128K Free: 26049K (54%)
ptolemy.util.test.WatchDog.cancel(): canceling Thu Oct 10 18:40:02 UTC 2019
auto.tcl: Setting watchdog for 200 seconds at Thu Oct 10 18:40:02 UTC 2019
9 ms. Memory: 48128K Free: 23527K (49%)
ptolemy.util.test.WatchDog.cancel(): canceling Thu Oct 10 18:40:02 UTC 2019
------------------ testing $PTII/ptolemy/domains/de/test/auto/ResetTransitionWithStartTime4.xml
auto.tcl: Setting watchdog for 200 seconds at Thu Oct 10 18:40:02 UTC 2019
10 ms. Memory: 48128K Free: 26537K (55%)
ptolemy.util.test.WatchDog.cancel(): canceling Thu Oct 10 18:40:02 UTC 2019
auto.tcl: Setting watchdog for 200 seconds at Thu Oct 10 18:40:02 UTC 2019
5 ms. Memory: 48128K Free: 25108K (52%)
ptolemy.util.test.WatchDog.cancel(): canceling Thu Oct 10 18:40:02 UTC 2019
------------------ testing $PTII/ptolemy/domains/de/test/auto/ResettableTimer1.xml
auto.tcl: Setting watchdog for 200 seconds at Thu Oct 10 18:40:02 UTC 2019
3 ms. Memory: 48128K Free: 30522K (63%)
ptolemy.util.test.WatchDog.cancel(): canceling Thu Oct 10 18:40:02 UTC 2019
auto.tcl: Setting watchdog for 200 seconds at Thu Oct 10 18:40:02 UTC 2019
3 ms. Memory: 48128K Free: 29652K (62%)
ptolemy.util.test.WatchDog.cancel(): canceling Thu Oct 10 18:40:02 UTC 2019
------------------ testing $PTII/ptolemy/domains/de/test/auto/ResettableTimer2.xml
auto.tcl: Setting watchdog for 200 seconds at Thu Oct 10 18:40:02 UTC 2019
4 ms. Memory: 48128K Free: 30343K (63%)
ptolemy.util.test.WatchDog.cancel(): canceling Thu Oct 10 18:40:02 UTC 2019
auto.tcl: Setting watchdog for 200 seconds at Thu Oct 10 18:40:02 UTC 2019
5 ms. Memory: 48128K Free: 29692K (62%)
ptolemy.util.test.WatchDog.cancel(): canceling Thu Oct 10 18:40:02 UTC 2019
------------------ testing $PTII/ptolemy/domains/de/test/auto/ResettableTimer3.xml
auto.tcl: Setting watchdog for 200 seconds at Thu Oct 10 18:40:02 UTC 2019
2 ms. Memory: 48128K Free: 30204K (63%)
ptolemy.util.test.WatchDog.cancel(): canceling Thu Oct 10 18:40:02 UTC 2019
auto.tcl: Setting watchdog for 200 seconds at Thu Oct 10 18:40:02 UTC 2019
2 ms. Memory: 48128K Free: 29722K (62%)
ptolemy.util.test.WatchDog.cancel(): canceling Thu Oct 10 18:40:02 UTC 2019
------------------ testing $PTII/ptolemy/domains/de/test/auto/ResettableTimer4.xml
auto.tcl: Setting watchdog for 200 seconds at Thu Oct 10 18:40:02 UTC 2019
1 ms. Memory: 48128K Free: 30217K (63%)
ptolemy.util.test.WatchDog.cancel(): canceling Thu Oct 10 18:40:02 UTC 2019
auto.tcl: Setting watchdog for 200 seconds at Thu Oct 10 18:40:02 UTC 2019
1 ms. Memory: 48128K Free: 29721K (62%)
ptolemy.util.test.WatchDog.cancel(): canceling Thu Oct 10 18:40:02 UTC 2019
------------------ testing $PTII/ptolemy/domains/de/test/auto/ResettableTimer5.xml
auto.tcl: Setting watchdog for 200 seconds at Thu Oct 10 18:40:02 UTC 2019
2 ms. Memory: 48128K Free: 29665K (62%)
ptolemy.util.test.WatchDog.cancel(): canceling Thu Oct 10 18:40:02 UTC 2019
auto.tcl: Setting watchdog for 200 seconds at Thu Oct 10 18:40:02 UTC 2019
2 ms. Memory: 48128K Free: 29173K (61%)
ptolemy.util.test.WatchDog.cancel(): canceling Thu Oct 10 18:40:02 UTC 2019
------------------ testing $PTII/ptolemy/domains/de/test/auto/ResettableTimer6.xml
auto.tcl: Setting watchdog for 200 seconds at Thu Oct 10 18:40:02 UTC 2019
2 ms. Memory: 48128K Free: 29655K (62%)
ptolemy.util.test.WatchDog.cancel(): canceling Thu Oct 10 18:40:02 UTC 2019
auto.tcl: Setting watchdog for 200 seconds at Thu Oct 10 18:40:02 UTC 2019
2 ms. Memory: 48128K Free: 29159K (61%)
ptolemy.util.test.WatchDog.cancel(): canceling Thu Oct 10 18:40:02 UTC 2019
------------------ testing $PTII/ptolemy/domains/de/test/auto/ServerZeroDelay.xml
auto.tcl: Setting watchdog for 200 seconds at Thu Oct 10 18:40:02 UTC 2019
3 ms. Memory: 48128K Free: 30174K (63%)
ptolemy.util.test.WatchDog.cancel(): canceling Thu Oct 10 18:40:02 UTC 2019
auto.tcl: Setting watchdog for 200 seconds at Thu Oct 10 18:40:02 UTC 2019
2 ms. Memory: 48128K Free: 29227K (61%)
ptolemy.util.test.WatchDog.cancel(): canceling Thu Oct 10 18:40:02 UTC 2019
------------------ testing $PTII/ptolemy/domains/de/test/auto/SmartSender.xml
auto.tcl: Setting watchdog for 200 seconds at Thu Oct 10 18:40:02 UTC 2019
3002 ms. Memory: 48128K Free: 30191K (63%)
ptolemy.util.test.WatchDog.cancel(): canceling Thu Oct 10 18:40:05 UTC 2019
auto.tcl: Setting watchdog for 200 seconds at Thu Oct 10 18:40:05 UTC 2019
3003 ms. Memory: 48128K Free: 29695K (62%)
ptolemy.util.test.WatchDog.cancel(): canceling Thu Oct 10 18:40:08 UTC 2019
------------------ testing $PTII/ptolemy/domains/de/test/auto/ThreadedComposite.xml
auto.tcl: Setting watchdog for 200 seconds at Thu Oct 10 18:40:08 UTC 2019
224 ms. Memory: 48128K Free: 11237K (23%)
ptolemy.util.test.WatchDog.cancel(): canceling Thu Oct 10 18:40:09 UTC 2019
auto.tcl: Setting watchdog for 200 seconds at Thu Oct 10 18:40:09 UTC 2019
179 ms. Memory: 58368K Free: 34836K (60%)
ptolemy.util.test.WatchDog.cancel(): canceling Thu Oct 10 18:40:09 UTC 2019
------------------ testing $PTII/ptolemy/domains/de/test/auto/Time.xml
auto.tcl: Setting watchdog for 200 seconds at Thu Oct 10 18:40:09 UTC 2019
588 ms. Memory: 51200K Free: 35879K (70%)
ptolemy.util.test.WatchDog.cancel(): canceling Thu Oct 10 18:40:10 UTC 2019
auto.tcl: Setting watchdog for 200 seconds at Thu Oct 10 18:40:10 UTC 2019
545 ms. Memory: 51200K Free: 11557K (23%)
ptolemy.util.test.WatchDog.cancel(): canceling Thu Oct 10 18:40:10 UTC 2019
------------------ testing $PTII/ptolemy/domains/de/test/auto/TimeDelayZeroDelay.xml
auto.tcl: Setting watchdog for 200 seconds at Thu Oct 10 18:40:10 UTC 2019
3 ms. Memory: 51200K Free: 33170K (65%)
ptolemy.util.test.WatchDog.cancel(): canceling Thu Oct 10 18:40:10 UTC 2019
auto.tcl: Setting watchdog for 200 seconds at Thu Oct 10 18:40:10 UTC 2019
2 ms. Memory: 51200K Free: 32690K (64%)
ptolemy.util.test.WatchDog.cancel(): canceling Thu Oct 10 18:40:10 UTC 2019
------------------ testing $PTII/ptolemy/domains/de/test/auto/TimerZeroDelay.xml
auto.tcl: Setting watchdog for 200 seconds at Thu Oct 10 18:40:10 UTC 2019
2 ms. Memory: 51200K Free: 33361K (65%)
ptolemy.util.test.WatchDog.cancel(): canceling Thu Oct 10 18:40:10 UTC 2019
auto.tcl: Setting watchdog for 200 seconds at Thu Oct 10 18:40:10 UTC 2019
2 ms. Memory: 51200K Free: 32733K (64%)
ptolemy.util.test.WatchDog.cancel(): canceling Thu Oct 10 18:40:10 UTC 2019
------------------ testing $PTII/ptolemy/domains/de/test/auto/TimingParadox.xml
auto.tcl: Setting watchdog for 200 seconds at Thu Oct 10 18:40:10 UTC 2019
362 ms. Memory: 51200K Free: 21327K (42%)
ptolemy.util.test.WatchDog.cancel(): canceling Thu Oct 10 18:40:11 UTC 2019
auto.tcl: Setting watchdog for 200 seconds at Thu Oct 10 18:40:11 UTC 2019
338 ms. Memory: 51200K Free: 13682K (27%)
ptolemy.util.test.WatchDog.cancel(): canceling Thu Oct 10 18:40:11 UTC 2019
------------------ testing $PTII/ptolemy/domains/de/test/auto/TransferInputs.xml
auto.tcl: Setting watchdog for 200 seconds at Thu Oct 10 18:40:11 UTC 2019
2 ms. Memory: 51200K Free: 31681K (62%)
ptolemy.util.test.WatchDog.cancel(): canceling Thu Oct 10 18:40:11 UTC 2019
auto.tcl: Setting watchdog for 200 seconds at Thu Oct 10 18:40:11 UTC 2019
1 ms. Memory: 51200K Free: 30774K (60%)
ptolemy.util.test.WatchDog.cancel(): canceling Thu Oct 10 18:40:11 UTC 2019
------------------ testing $PTII/ptolemy/domains/de/test/auto/TransferOutputs2.xml
auto.tcl: Setting watchdog for 200 seconds at Thu Oct 10 18:40:11 UTC 2019
11 ms. Memory: 51200K Free: 29123K (57%)
ptolemy.util.test.WatchDog.cancel(): canceling Thu Oct 10 18:40:11 UTC 2019
auto.tcl: Setting watchdog for 200 seconds at Thu Oct 10 18:40:11 UTC 2019
4 ms. Memory: 51200K Free: 27688K (54%)
ptolemy.util.test.WatchDog.cancel(): canceling Thu Oct 10 18:40:11 UTC 2019
------------------ testing $PTII/ptolemy/domains/de/test/auto/Trilateration.xml
auto.tcl: Setting watchdog for 200 seconds at Thu Oct 10 18:40:11 UTC 2019
16214 ms. Memory: 490496K Free: 429018K (87%)
ptolemy.util.test.WatchDog.cancel(): canceling Thu Oct 10 18:40:29 UTC 2019
auto.tcl: Setting watchdog for 200 seconds at Thu Oct 10 18:40:29 UTC 2019
11772 ms. Memory: 490496K Free: 207657K (42%)
ptolemy.util.test.WatchDog.cancel(): canceling Thu Oct 10 18:40:40 UTC 2019
------------------ testing $PTII/ptolemy/domains/de/test/auto/TwoSigmaDelta.xml
auto.tcl: Setting watchdog for 200 seconds at Thu Oct 10 18:40:41 UTC 2019
2978 ms. Memory: 89088K Free: 20632K (23%)
ptolemy.util.test.WatchDog.cancel(): canceling Thu Oct 10 18:40:44 UTC 2019
auto.tcl: Setting watchdog for 200 seconds at Thu Oct 10 18:40:44 UTC 2019
2090 ms. Memory: 89088K Free: 20101K (23%)
ptolemy.util.test.WatchDog.cancel(): canceling Thu Oct 10 18:40:46 UTC 2019
------------------ testing $PTII/ptolemy/domains/de/test/auto/VariableDelay.xml
auto.tcl: Setting watchdog for 200 seconds at Thu Oct 10 18:40:46 UTC 2019
4 ms. Memory: 51200K Free: 32157K (63%)
ptolemy.util.test.WatchDog.cancel(): canceling Thu Oct 10 18:40:46 UTC 2019
auto.tcl: Setting watchdog for 200 seconds at Thu Oct 10 18:40:46 UTC 2019
3 ms. Memory: 51200K Free: 31163K (61%)
ptolemy.util.test.WatchDog.cancel(): canceling Thu Oct 10 18:40:46 UTC 2019
------------------ testing $PTII/ptolemy/domains/de/test/auto/VariableDelay2.xml
auto.tcl: Setting watchdog for 200 seconds at Thu Oct 10 18:40:46 UTC 2019
5 ms. Memory: 51200K Free: 32787K (64%)
ptolemy.util.test.WatchDog.cancel(): canceling Thu Oct 10 18:40:46 UTC 2019
auto.tcl: Setting watchdog for 200 seconds at Thu Oct 10 18:40:46 UTC 2019
2 ms. Memory: 51200K Free: 32259K (63%)
ptolemy.util.test.WatchDog.cancel(): canceling Thu Oct 10 18:40:46 UTC 2019
------------------ testing $PTII/ptolemy/domains/de/test/auto/VariableDelayZeroDelay.xml
auto.tcl: Setting watchdog for 200 seconds at Thu Oct 10 18:40:46 UTC 2019
3 ms. Memory: 51200K Free: 33099K (65%)
ptolemy.util.test.WatchDog.cancel(): canceling Thu Oct 10 18:40:46 UTC 2019
auto.tcl: Setting watchdog for 200 seconds at Thu Oct 10 18:40:46 UTC 2019
3 ms. Memory: 51200K Free: 32555K (64%)
ptolemy.util.test.WatchDog.cancel(): canceling Thu Oct 10 18:40:46 UTC 2019
------------------ testing $PTII/ptolemy/domains/de/test/auto/VariableDelayZeroDelay2.xml
auto.tcl: Setting watchdog for 200 seconds at Thu Oct 10 18:40:46 UTC 2019
3 ms. Memory: 51200K Free: 33098K (65%)
ptolemy.util.test.WatchDog.cancel(): canceling Thu Oct 10 18:40:46 UTC 2019
auto.tcl: Setting watchdog for 200 seconds at Thu Oct 10 18:40:46 UTC 2019
3 ms. Memory: 51200K Free: 32074K (63%)
ptolemy.util.test.WatchDog.cancel(): canceling Thu Oct 10 18:40:46 UTC 2019
------------------ testing $PTII/ptolemy/domains/de/test/auto/deInCt.xml
auto.tcl: Setting watchdog for 200 seconds at Thu Oct 10 18:40:46 UTC 2019
0
1
1
1
1
0
0
0
1
1
1
0
0
0
0
0
0
0
0
0
0
1
1
1
1
24 ms. Memory: 51200K Free: 32071K (63%)
ptolemy.util.test.WatchDog.cancel(): canceling Thu Oct 10 18:40:46 UTC 2019
auto.tcl: Setting watchdog for 200 seconds at Thu Oct 10 18:40:46 UTC 2019
0
1
1
0
0
1
1
1
0
0
0
0
1
1
1
0
0
0
0
1
1
1
0
0
0
1
1
1
1
0
0
0
1
1
1
0
0
0
0
1
1
1
1
12 ms. Memory: 51200K Free: 30533K (60%)
ptolemy.util.test.WatchDog.cancel(): canceling Thu Oct 10 18:40:46 UTC 2019
------------------ testing $PTII/ptolemy/domains/de/test/auto/deInCt2.xml
auto.tcl: Setting watchdog for 200 seconds at Thu Oct 10 18:40:46 UTC 2019
0
1
1
1
0
0
1
1
1
0
0
1
1
1
0
0
1
1
1
0
0
1
1
1
0
0
1
1
1
0
0
1
1
1
0
0
1
1
1
0
0
0
10 ms. Memory: 51200K Free: 32074K (63%)
ptolemy.util.test.WatchDog.cancel(): canceling Thu Oct 10 18:40:46 UTC 2019
auto.tcl: Setting watchdog for 200 seconds at Thu Oct 10 18:40:46 UTC 2019
0
1
1
1
0
0
1
1
1
0
0
1
1
1
0
0
1
1
1
0
0
1
1
1
0
0
1
1
1
0
0
1
1
1
0
0
1
1
1
0
0
0
6 ms. Memory: 51200K Free: 30522K (60%)
ptolemy.util.test.WatchDog.cancel(): canceling Thu Oct 10 18:40:46 UTC 2019
------------------ testing $PTII/ptolemy/domains/de/test/auto/dynamicCausalityInterface1.xml
auto.tcl: Setting watchdog for 200 seconds at Thu Oct 10 18:40:46 UTC 2019
2 ms. Memory: 51200K Free: 27972K (55%)
ptolemy.util.test.WatchDog.cancel(): canceling Thu Oct 10 18:40:46 UTC 2019
auto.tcl: Setting watchdog for 200 seconds at Thu Oct 10 18:40:46 UTC 2019
1 ms. Memory: 51200K Free: 27458K (54%)
ptolemy.util.test.WatchDog.cancel(): canceling Thu Oct 10 18:40:46 UTC 2019
------------------ testing $PTII/ptolemy/domains/de/test/auto/fsm_de_test.xml
auto.tcl: Setting watchdog for 200 seconds at Thu Oct 10 18:40:46 UTC 2019
21 ms. Memory: 51200K Free: 27871K (54%)
ptolemy.util.test.WatchDog.cancel(): canceling Thu Oct 10 18:40:47 UTC 2019
auto.tcl: Setting watchdog for 200 seconds at Thu Oct 10 18:40:47 UTC 2019
7 ms. Memory: 51200K Free: 25823K (50%)
ptolemy.util.test.WatchDog.cancel(): canceling Thu Oct 10 18:40:47 UTC 2019
------------------ testing $PTII/ptolemy/domains/de/test/auto/functionDependencyReconstruction.xml
auto.tcl: Setting watchdog for 200 seconds at Thu Oct 10 18:40:47 UTC 2019
4 ms. Memory: 48128K Free: 18678K (39%)
ptolemy.util.test.WatchDog.cancel(): canceling Thu Oct 10 18:40:47 UTC 2019
auto.tcl: Setting watchdog for 200 seconds at Thu Oct 10 18:40:47 UTC 2019
4 ms. Memory: 48128K Free: 16691K (35%)
ptolemy.util.test.WatchDog.cancel(): canceling Thu Oct 10 18:40:47 UTC 2019
------------------ testing $PTII/ptolemy/domains/de/test/auto/multirate.xml
auto.tcl: Setting watchdog for 200 seconds at Thu Oct 10 18:40:47 UTC 2019
6 ms. Memory: 48128K Free: 26752K (56%)
ptolemy.util.test.WatchDog.cancel(): canceling Thu Oct 10 18:40:47 UTC 2019
auto.tcl: Setting watchdog for 200 seconds at Thu Oct 10 18:40:47 UTC 2019
4 ms. Memory: 48128K Free: 25791K (54%)
ptolemy.util.test.WatchDog.cancel(): canceling Thu Oct 10 18:40:47 UTC 2019
------------------ testing $PTII/ptolemy/domains/de/test/auto/multirate2.xml
auto.tcl: Setting watchdog for 200 seconds at Thu Oct 10 18:40:47 UTC 2019
3 ms. Memory: 48128K Free: 27648K (57%)
ptolemy.util.test.WatchDog.cancel(): canceling Thu Oct 10 18:40:47 UTC 2019
auto.tcl: Setting watchdog for 200 seconds at Thu Oct 10 18:40:47 UTC 2019
3 ms. Memory: 48128K Free: 25946K (54%)
ptolemy.util.test.WatchDog.cancel(): canceling Thu Oct 10 18:40:47 UTC 2019
------------------ testing $PTII/ptolemy/domains/de/test/auto/realtime.xml
auto.tcl: Setting watchdog for 200 seconds at Thu Oct 10 18:40:47 UTC 2019
10003 ms. Memory: 48128K Free: 29720K (62%)
ptolemy.util.test.WatchDog.cancel(): canceling Thu Oct 10 18:40:57 UTC 2019
auto.tcl: Setting watchdog for 200 seconds at Thu Oct 10 18:40:57 UTC 2019
10002 ms. Memory: 48128K Free: 28978K (60%)
ptolemy.util.test.WatchDog.cancel(): canceling Thu Oct 10 18:41:07 UTC 2019
------------------ testing $PTII/ptolemy/domains/de/test/auto/relationGroup.xml
auto.tcl: Setting watchdog for 200 seconds at Thu Oct 10 18:41:07 UTC 2019
2 ms. Memory: 48128K Free: 30738K (64%)
ptolemy.util.test.WatchDog.cancel(): canceling Thu Oct 10 18:41:07 UTC 2019
auto.tcl: Setting watchdog for 200 seconds at Thu Oct 10 18:41:07 UTC 2019
1 ms. Memory: 48128K Free: 30028K (62%)
ptolemy.util.test.WatchDog.cancel(): canceling Thu Oct 10 18:41:07 UTC 2019
------------------ testing $PTII/ptolemy/domains/de/test/auto/relationGroup2.xml
auto.tcl: Setting watchdog for 200 seconds at Thu Oct 10 18:41:07 UTC 2019
2 ms. Memory: 48128K Free: 30788K (64%)
ptolemy.util.test.WatchDog.cancel(): canceling Thu Oct 10 18:41:07 UTC 2019
auto.tcl: Setting watchdog for 200 seconds at Thu Oct 10 18:41:07 UTC 2019
1 ms. Memory: 48128K Free: 30055K (62%)
ptolemy.util.test.WatchDog.cancel(): canceling Thu Oct 10 18:41:07 UTC 2019
------------------ testing $PTII/ptolemy/domains/de/test/auto/sortWithOpaquePorts.xml
auto.tcl: Setting watchdog for 200 seconds at Thu Oct 10 18:41:07 UTC 2019
2 ms. Memory: 48128K Free: 29542K (61%)
ptolemy.util.test.WatchDog.cancel(): canceling Thu Oct 10 18:41:07 UTC 2019
auto.tcl: Setting watchdog for 200 seconds at Thu Oct 10 18:41:07 UTC 2019
2 ms. Memory: 48128K Free: 28057K (58%)
ptolemy.util.test.WatchDog.cancel(): canceling Thu Oct 10 18:41:07 UTC 2019
------------------ testing $PTII/ptolemy/domains/de/test/auto/transferInputsandOutputs.xml
auto.tcl: Setting watchdog for 200 seconds at Thu Oct 10 18:41:07 UTC 2019
7 ms. Memory: 48128K Free: 26971K (56%)
ptolemy.util.test.WatchDog.cancel(): canceling Thu Oct 10 18:41:07 UTC 2019
auto.tcl: Setting watchdog for 200 seconds at Thu Oct 10 18:41:07 UTC 2019
3 ms. Memory: 48128K Free: 26010K (54%)
ptolemy.util.test.WatchDog.cancel(): canceling Thu Oct 10 18:41:07 UTC 2019
------------------ testing $PTII/ptolemy/domains/de/test/auto/triggerType.xml
auto.tcl: Setting watchdog for 200 seconds at Thu Oct 10 18:41:07 UTC 2019
3 ms. Memory: 48128K Free: 29996K (62%)
ptolemy.util.test.WatchDog.cancel(): canceling Thu Oct 10 18:41:07 UTC 2019
auto.tcl: Setting watchdog for 200 seconds at Thu Oct 10 18:41:07 UTC 2019
2 ms. Memory: 48128K Free: 29029K (60%)
ptolemy.util.test.WatchDog.cancel(): canceling Thu Oct 10 18:41:07 UTC 2019
10/10/19 06:41:07
Failed: 0  Total Tests: 192  ((Passed: 187, Newly Passed: 1)  Known Failed: 5) /home/travis/build/icyphy/ptII/ptolemy/domains/de/test
10/10/19 06:41:07
Failed: 0  Total Tests: 192  ((Passed: 187, Newly Passed: 1)  Known Failed: 5) /home/travis/build/icyphy/ptII/ptolemy/domains/de/test
----------------- testing (KnownFailure) /home/travis/build/icyphy/ptII/ptolemy/domains/de/test/auto/knownFailedTests/DESDFClockTest.xml
2016 ms. Memory: 48128K Free: 22881K (48%)
Known Failure: java.lang.reflect.InvocationTargetException
----------------- testing (KnownFailure) /home/travis/build/icyphy/ptII/ptolemy/domains/de/test/auto/knownFailedTests/DirectFeedback.xml
1 ms. Memory: 48128K Free: 18785K (39%)
Known Failure: java.lang.reflect.InvocationTargetException
----------------- testing (KnownFailure) /home/travis/build/icyphy/ptII/ptolemy/domains/de/test/auto/knownFailedTests/FSMSource.xml
8 ms. Memory: 48128K Free: 11617K (24%)
----------------- testing (KnownFailure) /home/travis/build/icyphy/ptII/ptolemy/domains/de/test/auto/knownFailedTests/HierarchicalModel.xml
8 ms. Memory: 48128K Free: 21494K (45%)
Known Failure: java.lang.reflect.InvocationTargetException
----------------- testing (KnownFailure) /home/travis/build/icyphy/ptII/ptolemy/domains/de/test/auto/knownFailedTests/dependencyLoop.xml
11 ms. Memory: 48128K Free: 32099K (67%)
Known Failure: java.lang.reflect.InvocationTargetException
----------------- testing (KnownFailure) /home/travis/build/icyphy/ptII/ptolemy/domains/de/test/auto/knownFailedTests/dependencyLoop2.xml
8 ms. Memory: 48128K Free: 16966K (35%)
Known Failure: java.lang.reflect.InvocationTargetException
No auto/linux-amd64/*.xml tests in /home/travis/build/icyphy/ptII/ptolemy/domains/de/test
AutoTests.java: About to close Vertx.
AutoTests.java: Vertx closed.

===========================================================================================
----------------- testing Thu Oct 10 18:41:10 UTC 2019 /home/travis/build/icyphy/ptII/ptolemy/domains/de/test/auto/ActorDepthCalculation_actorWithoutPorts.xml
----------------- Instantiating /home/travis/build/icyphy/ptII/ptolemy/domains/de/test/auto/ActorDepthCalculation_actorWithoutPorts.xml
2 ms. Memory: 48128K Free: 10627K (22%)
----------------- Invoking toplevel() on ptolemy.moml.MoMLSimpleApplication@8714e15
----------------- Done invoking toplevel() on ptolemy.moml.MoMLSimpleApplication@8714e15
reloadAllAccessors: .ActorDepthCalculation_actorWithoutPorts

===========================================================================================
----------------- testing Thu Oct 10 18:41:10 UTC 2019 /home/travis/build/icyphy/ptII/ptolemy/domains/de/test/auto/AssemblyLine.xml
----------------- Instantiating /home/travis/build/icyphy/ptII/ptolemy/domains/de/test/auto/AssemblyLine.xml
4 ms. Memory: 48128K Free: 29245K (61%)
----------------- Invoking toplevel() on ptolemy.moml.MoMLSimpleApplication@678d138b
----------------- Done invoking toplevel() on ptolemy.moml.MoMLSimpleApplication@678d138b
reloadAllAccessors: .AssemblyLine

===========================================================================================
----------------- testing Thu Oct 10 18:41:10 UTC 2019 /home/travis/build/icyphy/ptII/ptolemy/domains/de/test/auto/CQBug1.xml
----------------- Instantiating /home/travis/build/icyphy/ptII/ptolemy/domains/de/test/auto/CQBug1.xml
1 ms. Memory: 48128K Free: 26368K (55%)
----------------- Invoking toplevel() on ptolemy.moml.MoMLSimpleApplication@3a5e0af8
----------------- Done invoking toplevel() on ptolemy.moml.MoMLSimpleApplication@3a5e0af8
reloadAllAccessors: .CQBug1

===========================================================================================
----------------- testing Thu Oct 10 18:41:10 UTC 2019 /home/travis/build/icyphy/ptII/ptolemy/domains/de/test/auto/CancelFireAt.xml
----------------- Instantiating /home/travis/build/icyphy/ptII/ptolemy/domains/de/test/auto/CancelFireAt.xml
0 ms. Memory: 48128K Free: 23971K (50%)
----------------- Invoking toplevel() on ptolemy.moml.MoMLSimpleApplication@5b44378e
----------------- Done invoking toplevel() on ptolemy.moml.MoMLSimpleApplication@5b44378e
reloadAllAccessors: .CancelFireAt

===========================================================================================
----------------- testing Thu Oct 10 18:41:10 UTC 2019 /home/travis/build/icyphy/ptII/ptolemy/domains/de/test/auto/CausalityAndComposabilityAnalysis.xml
----------------- Instantiating /home/travis/build/icyphy/ptII/ptolemy/domains/de/test/auto/CausalityAndComposabilityAnalysis.xml
3 ms. Memory: 48128K Free: 19718K (41%)
----------------- Invoking toplevel() on ptolemy.moml.MoMLSimpleApplication@15193be9
----------------- Done invoking toplevel() on ptolemy.moml.MoMLSimpleApplication@15193be9
reloadAllAccessors: .CausalityAndComposabilityAnalysis

===========================================================================================
----------------- testing Thu Oct 10 18:41:10 UTC 2019 /home/travis/build/icyphy/ptII/ptolemy/domains/de/test/auto/CausalityInterface1.xml
----------------- Instantiating /home/travis/build/icyphy/ptII/ptolemy/domains/de/test/auto/CausalityInterface1.xml
5 ms. Memory: 48128K Free: 14787K (31%)
----------------- Invoking toplevel() on ptolemy.moml.MoMLSimpleApplication@e5a10fd
----------------- Done invoking toplevel() on ptolemy.moml.MoMLSimpleApplication@e5a10fd
reloadAllAccessors: .CausalityInterface1

===========================================================================================
----------------- testing Thu Oct 10 18:41:10 UTC 2019 /home/travis/build/icyphy/ptII/ptolemy/domains/de/test/auto/CausalityInterface15.xml
----------------- Instantiating /home/travis/build/icyphy/ptII/ptolemy/domains/de/test/auto/CausalityInterface15.xml
4 ms. Memory: 48128K Free: 9336K (19%)
----------------- Invoking toplevel() on ptolemy.moml.MoMLSimpleApplication@155e3f3a
----------------- Done invoking toplevel() on ptolemy.moml.MoMLSimpleApplication@155e3f3a
reloadAllAccessors: .CausalityInterface15

===========================================================================================
----------------- testing Thu Oct 10 18:41:10 UTC 2019 /home/travis/build/icyphy/ptII/ptolemy/domains/de/test/auto/CausalityInterface2.xml
----------------- Instantiating /home/travis/build/icyphy/ptII/ptolemy/domains/de/test/auto/CausalityInterface2.xml
3 ms. Memory: 48128K Free: 30360K (63%)
[...]
	at ptolemy.actor.Manager.run(Manager.java:1263)
	at ptolemy.actor.Manager$PtolemyRunThread.run(Manager.java:1933)
java.lang.RuntimeException: Execution failed
	at ptolemy.moml.MoMLSimpleApplication$UnloadThread.run(MoMLSimpleApplication.java:402)
Caused by: ptolemy.kernel.util.IllegalActionException: Actor is not ready to fire.  Perhaps UpSample.prefire() returned false? Try debugging the actor by selecting "Listen to Actor".  Also, for SDF check moml for tokenConsumptionRate on input.
  in .DESDFClockTest.Play Bell.Copy1:SDF Director and .DESDFClockTest.Play Bell.UpSample
	at ptolemy.actor.sched.StaticSchedulingDirector.fire(StaticSchedulingDirector.java:227)
	at ptolemy.domains.sdf.kernel.SDFDirector.fire(SDFDirector.java:500)
	at ptolemy.actor.CompositeActor.fire(CompositeActor.java:455)
	at ptolemy.domains.de.kernel.DEDirector._fire(DEDirector.java:1949)
	at ptolemy.domains.de.kernel.DEDirector.fire(DEDirector.java:502)
	at ptolemy.actor.CompositeActor.fire(CompositeActor.java:455)
	at ptolemy.actor.Manager.iterate(Manager.java:851)
	at ptolemy.actor.Manager.execute(Manager.java:369)
	at ptolemy.actor.Manager.run(Manager.java:1263)
	at ptolemy.actor.Manager$PtolemyRunThread.run(Manager.java:1933)
java.lang.reflect.InvocationTargetException
	at java.base/jdk.internal.reflect.NativeConstructorAccessorImpl.newInstance0(Native Method)
	at java.base/jdk.internal.reflect.NativeConstructorAccessorImpl.newInstance(NativeConstructorAccessorImpl.java:62)
	at java.base/jdk.internal.reflect.DelegatingConstructorAccessorImpl.newInstance(DelegatingConstructorAccessorImpl.java:45)
	at java.base/java.lang.reflect.Constructor.newInstance(Constructor.java:490)
	at ptolemy.util.test.junit.AutoKnownFailedTests.RunModel(AutoKnownFailedTests.java:105)
	at java.base/jdk.internal.reflect.NativeMethodAccessorImpl.invoke0(Native Method)
	at java.base/jdk.internal.reflect.NativeMethodAccessorImpl.invoke(NativeMethodAccessorImpl.java:62)
	at java.base/jdk.internal.reflect.DelegatingMethodAccessorImpl.invoke(DelegatingMethodAccessorImpl.java:43)
	at java.base/java.lang.reflect.Method.invoke(Method.java:566)
	at org.junit.runners.model.FrameworkMethod$1.runReflectiveCall(FrameworkMethod.java:44)
	at org.junit.internal.runners.model.ReflectiveCallable.run(ReflectiveCallable.java:15)
	at org.junit.runners.model.FrameworkMethod.invokeExplosively(FrameworkMethod.java:41)
	at junitparams.internal.InvokeParameterisedMethod.evaluate(InvokeParameterisedMethod.java:102)
	at org.junit.internal.runners.statements.FailOnTimeout$1.run(FailOnTimeout.java:28)
Caused by: ptolemy.kernel.util.IllegalActionException: Actor is not ready to fire.  Perhaps UpSample.prefire() returned false? Try debugging the actor by selecting "Listen to Actor".  Also, for SDF check moml for tokenConsumptionRate on input.
  in .DESDFClockTest.Play Bell.Copy1:SDF Director and .DESDFClockTest.Play Bell.UpSample
	at ptolemy.actor.sched.StaticSchedulingDirector.fire(StaticSchedulingDirector.java:227)
	at ptolemy.domains.sdf.kernel.SDFDirector.fire(SDFDirector.java:500)
	at ptolemy.actor.CompositeActor.fire(CompositeActor.java:455)
	at ptolemy.domains.de.kernel.DEDirector._fire(DEDirector.java:1949)
	at ptolemy.domains.de.kernel.DEDirector.fire(DEDirector.java:502)
	at ptolemy.actor.CompositeActor.fire(CompositeActor.java:455)
	at ptolemy.actor.Manager.iterate(Manager.java:851)
	at ptolemy.actor.Manager.execute(Manager.java:369)
	at ptolemy.actor.Manager.run(Manager.java:1263)
	at ptolemy.actor.Manager$PtolemyRunThread.run(Manager.java:1933)
java.lang.RuntimeException: Execution failed
	at ptolemy.moml.MoMLSimpleApplication$UnloadThread.run(MoMLSimpleApplication.java:402)
Caused by: ptolemy.kernel.util.IllegalActionException: Test fails in iteration 1.
Value was: 1.0. Should have been: 2.0
  in .DirectFeedback.Test
	at ptolemy.actor.lib.Test.fire(Test.java:268)
	at ptolemy.domains.de.kernel.DEDirector._fire(DEDirector.java:1949)
	at ptolemy.domains.de.kernel.DEDirector.fire(DEDirector.java:502)
	at ptolemy.actor.CompositeActor.fire(CompositeActor.java:455)
	at ptolemy.actor.Manager.iterate(Manager.java:851)
	at ptolemy.actor.Manager.execute(Manager.java:369)
	at ptolemy.actor.Manager.run(Manager.java:1263)
	at ptolemy.actor.Manager$PtolemyRunThread.run(Manager.java:1933)
java.lang.reflect.InvocationTargetException
	at java.base/jdk.internal.reflect.NativeConstructorAccessorImpl.newInstance0(Native Method)
	at java.base/jdk.internal.reflect.NativeConstructorAccessorImpl.newInstance(NativeConstructorAccessorImpl.java:62)
	at java.base/jdk.internal.reflect.DelegatingConstructorAccessorImpl.newInstance(DelegatingConstructorAccessorImpl.java:45)
	at java.base/java.lang.reflect.Constructor.newInstance(Constructor.java:490)
	at ptolemy.util.test.junit.AutoKnownFailedTests.RunModel(AutoKnownFailedTests.java:105)
	at java.base/jdk.internal.reflect.NativeMethodAccessorImpl.invoke0(Native Method)
	at java.base/jdk.internal.reflect.NativeMethodAccessorImpl.invoke(NativeMethodAccessorImpl.java:62)
	at java.base/jdk.internal.reflect.DelegatingMethodAccessorImpl.invoke(DelegatingMethodAccessorImpl.java:43)
	at java.base/java.lang.reflect.Method.invoke(Method.java:566)
	at org.junit.runners.model.FrameworkMethod$1.runReflectiveCall(FrameworkMethod.java:44)
	at org.junit.internal.runners.model.ReflectiveCallable.run(ReflectiveCallable.java:15)
	at org.junit.runners.model.FrameworkMethod.invokeExplosively(FrameworkMethod.java:41)
	at junitparams.internal.InvokeParameterisedMethod.evaluate(InvokeParameterisedMethod.java:102)
	at org.junit.internal.runners.statements.FailOnTimeout$1.run(FailOnTimeout.java:28)
Caused by: ptolemy.kernel.util.IllegalActionException: Test fails in iteration 1.
Value was: 1.0. Should have been: 2.0
  in .DirectFeedback.Test
	at ptolemy.actor.lib.Test.fire(Test.java:268)
	at ptolemy.domains.de.kernel.DEDirector._fire(DEDirector.java:1949)
	at ptolemy.domains.de.kernel.DEDirector.fire(DEDirector.java:502)
	at ptolemy.actor.CompositeActor.fire(CompositeActor.java:455)
	at ptolemy.actor.Manager.iterate(Manager.java:851)
	at ptolemy.actor.Manager.execute(Manager.java:369)
	at ptolemy.actor.Manager.run(Manager.java:1263)
	at ptolemy.actor.Manager$PtolemyRunThread.run(Manager.java:1933)
java.lang.RuntimeException: Execution failed
	at ptolemy.moml.MoMLSimpleApplication$UnloadThread.run(MoMLSimpleApplication.java:402)
Caused by: ptolemy.kernel.util.IllegalActionException: Found a zero delay loop containing .HierarchicalModel.A
  in .HierarchicalModel and .HierarchicalModel.A
	at ptolemy.actor.util.CausalityInterfaceForComposites._computeOutputPortDepth(CausalityInterfaceForComposites.java:759)
	at ptolemy.actor.util.CausalityInterfaceForComposites._computeInputDepth(CausalityInterfaceForComposites.java:696)
	at ptolemy.actor.util.CausalityInterfaceForComposites._computeOutputPortDepth(CausalityInterfaceForComposites.java:765)
	at ptolemy.actor.util.CausalityInterfaceForComposites._computeInputDepth(CausalityInterfaceForComposites.java:696)
	at ptolemy.actor.util.CausalityInterfaceForComposites._computeOutputPortDepth(CausalityInterfaceForComposites.java:765)
	at ptolemy.actor.util.CausalityInterfaceForComposites._computeInputDepth(CausalityInterfaceForComposites.java:696)
	at ptolemy.actor.util.CausalityInterfaceForComposites._computeActorDepth(CausalityInterfaceForComposites.java:532)
	at ptolemy.actor.util.CausalityInterfaceForComposites.checkForCycles(CausalityInterfaceForComposites.java:96)
	at ptolemy.domains.de.kernel.DEDirector.preinitialize(DEDirector.java:1338)
	at ptolemy.actor.CompositeActor.preinitialize(CompositeActor.java:1828)
	at ptolemy.actor.Manager.preinitializeAndResolveTypes(Manager.java:1040)
	at ptolemy.actor.Manager.initialize(Manager.java:710)
	at ptolemy.actor.Manager.execute(Manager.java:356)
	at ptolemy.actor.Manager.run(Manager.java:1263)
	at ptolemy.actor.Manager$PtolemyRunThread.run(Manager.java:1933)
java.lang.reflect.InvocationTargetException
	at java.base/jdk.internal.reflect.NativeConstructorAccessorImpl.newInstance0(Native Method)
	at java.base/jdk.internal.reflect.NativeConstructorAccessorImpl.newInstance(NativeConstructorAccessorImpl.java:62)
	at java.base/jdk.internal.reflect.DelegatingConstructorAccessorImpl.newInstance(DelegatingConstructorAccessorImpl.java:45)
	at java.base/java.lang.reflect.Constructor.newInstance(Constructor.java:490)
	at ptolemy.util.test.junit.AutoKnownFailedTests.RunModel(AutoKnownFailedTests.java:105)
	at java.base/jdk.internal.reflect.NativeMethodAccessorImpl.invoke0(Native Method)
	at java.base/jdk.internal.reflect.NativeMethodAccessorImpl.invoke(NativeMethodAccessorImpl.java:62)
	at java.base/jdk.internal.reflect.DelegatingMethodAccessorImpl.invoke(DelegatingMethodAccessorImpl.java:43)
	at java.base/java.lang.reflect.Method.invoke(Method.java:566)
	at org.junit.runners.model.FrameworkMethod$1.runReflectiveCall(FrameworkMethod.java:44)
	at org.junit.internal.runners.model.ReflectiveCallable.run(ReflectiveCallable.java:15)
	at org.junit.runners.model.FrameworkMethod.invokeExplosively(FrameworkMethod.java:41)
	at junitparams.internal.InvokeParameterisedMethod.evaluate(InvokeParameterisedMethod.java:102)
	at org.junit.internal.runners.statements.FailOnTimeout$1.run(FailOnTimeout.java:28)
Caused by: ptolemy.kernel.util.IllegalActionException: Found a zero delay loop containing .HierarchicalModel.A
  in .HierarchicalModel and .HierarchicalModel.A
	at ptolemy.actor.util.CausalityInterfaceForComposites._computeOutputPortDepth(CausalityInterfaceForComposites.java:759)
	at ptolemy.actor.util.CausalityInterfaceForComposites._computeInputDepth(CausalityInterfaceForComposites.java:696)
	at ptolemy.actor.util.CausalityInterfaceForComposites._computeOutputPortDepth(CausalityInterfaceForComposites.java:765)
	at ptolemy.actor.util.CausalityInterfaceForComposites._computeInputDepth(CausalityInterfaceForComposites.java:696)
	at ptolemy.actor.util.CausalityInterfaceForComposites._computeOutputPortDepth(CausalityInterfaceForComposites.java:765)
	at ptolemy.actor.util.CausalityInterfaceForComposites._computeInputDepth(CausalityInterfaceForComposites.java:696)
	at ptolemy.actor.util.CausalityInterfaceForComposites._computeActorDepth(CausalityInterfaceForComposites.java:532)
	at ptolemy.actor.util.CausalityInterfaceForComposites.checkForCycles(CausalityInterfaceForComposites.java:96)
	at ptolemy.domains.de.kernel.DEDirector.preinitialize(DEDirector.java:1338)
	at ptolemy.actor.CompositeActor.preinitialize(CompositeActor.java:1828)
	at ptolemy.actor.Manager.preinitializeAndResolveTypes(Manager.java:1040)
	at ptolemy.actor.Manager.initialize(Manager.java:710)
	at ptolemy.actor.Manager.execute(Manager.java:356)
	at ptolemy.actor.Manager.run(Manager.java:1263)
	at ptolemy.actor.Manager$PtolemyRunThread.run(Manager.java:1933)
java.lang.RuntimeException: Execution failed
	at ptolemy.moml.MoMLSimpleApplication$UnloadThread.run(MoMLSimpleApplication.java:402)
Caused by: ptolemy.kernel.util.IllegalActionException: Found a zero delay loop containing .dependencyLoop.original
  in .dependencyLoop and .dependencyLoop.original
	at ptolemy.actor.util.CausalityInterfaceForComposites._computeOutputPortDepth(CausalityInterfaceForComposites.java:759)
	at ptolemy.actor.util.CausalityInterfaceForComposites._computeInputDepth(CausalityInterfaceForComposites.java:696)
	at ptolemy.actor.util.CausalityInterfaceForComposites._computeOutputPortDepth(CausalityInterfaceForComposites.java:765)
	at ptolemy.actor.util.CausalityInterfaceForComposites._computeInputDepth(CausalityInterfaceForComposites.java:696)
	at ptolemy.actor.util.CausalityInterfaceForComposites._computeOutputPortDepth(CausalityInterfaceForComposites.java:765)
	at ptolemy.actor.util.CausalityInterfaceForComposites._computeInputDepth(CausalityInterfaceForComposites.java:696)
	at ptolemy.actor.util.CausalityInterfaceForComposites._computeActorDepth(CausalityInterfaceForComposites.java:532)
	at ptolemy.actor.util.CausalityInterfaceForComposites.checkForCycles(CausalityInterfaceForComposites.java:96)
	at ptolemy.domains.de.kernel.DEDirector.preinitialize(DEDirector.java:1338)
	at ptolemy.actor.CompositeActor.preinitialize(CompositeActor.java:1828)
	at ptolemy.actor.Manager.preinitializeAndResolveTypes(Manager.java:1040)
	at ptolemy.actor.Manager.initialize(Manager.java:710)
	at ptolemy.actor.Manager.execute(Manager.java:356)
	at ptolemy.actor.Manager.run(Manager.java:1263)
	at ptolemy.actor.Manager$PtolemyRunThread.run(Manager.java:1933)
java.lang.reflect.InvocationTargetException
	at java.base/jdk.internal.reflect.NativeConstructorAccessorImpl.newInstance0(Native Method)
	at java.base/jdk.internal.reflect.NativeConstructorAccessorImpl.newInstance(NativeConstructorAccessorImpl.java:62)
	at java.base/jdk.internal.reflect.DelegatingConstructorAccessorImpl.newInstance(DelegatingConstructorAccessorImpl.java:45)
	at java.base/java.lang.reflect.Constructor.newInstance(Constructor.java:490)
	at ptolemy.util.test.junit.AutoKnownFailedTests.RunModel(AutoKnownFailedTests.java:105)
	at java.base/jdk.internal.reflect.NativeMethodAccessorImpl.invoke0(Native Method)
	at java.base/jdk.internal.reflect.NativeMethodAccessorImpl.invoke(NativeMethodAccessorImpl.java:62)
	at java.base/jdk.internal.reflect.DelegatingMethodAccessorImpl.invoke(DelegatingMethodAccessorImpl.java:43)
	at java.base/java.lang.reflect.Method.invoke(Method.java:566)
	at org.junit.runners.model.FrameworkMethod$1.runReflectiveCall(FrameworkMethod.java:44)
	at org.junit.internal.runners.model.ReflectiveCallable.run(ReflectiveCallable.java:15)
	at org.junit.runners.model.FrameworkMethod.invokeExplosively(FrameworkMethod.java:41)
	at junitparams.internal.InvokeParameterisedMethod.evaluate(InvokeParameterisedMethod.java:102)
	at org.junit.internal.runners.statements.FailOnTimeout$1.run(FailOnTimeout.java:28)
Caused by: ptolemy.kernel.util.IllegalActionException: Found a zero delay loop containing .dependencyLoop.original
  in .dependencyLoop and .dependencyLoop.original
	at ptolemy.actor.util.CausalityInterfaceForComposites._computeOutputPortDepth(CausalityInterfaceForComposites.java:759)
	at ptolemy.actor.util.CausalityInterfaceForComposites._computeInputDepth(CausalityInterfaceForComposites.java:696)
	at ptolemy.actor.util.CausalityInterfaceForComposites._computeOutputPortDepth(CausalityInterfaceForComposites.java:765)
	at ptolemy.actor.util.CausalityInterfaceForComposites._computeInputDepth(CausalityInterfaceForComposites.java:696)
	at ptolemy.actor.util.CausalityInterfaceForComposites._computeOutputPortDepth(CausalityInterfaceForComposites.java:765)
	at ptolemy.actor.util.CausalityInterfaceForComposites._computeInputDepth(CausalityInterfaceForComposites.java:696)
	at ptolemy.actor.util.CausalityInterfaceForComposites._computeActorDepth(CausalityInterfaceForComposites.java:532)
	at ptolemy.actor.util.CausalityInterfaceForComposites.checkForCycles(CausalityInterfaceForComposites.java:96)
	at ptolemy.domains.de.kernel.DEDirector.preinitialize(DEDirector.java:1338)
	at ptolemy.actor.CompositeActor.preinitialize(CompositeActor.java:1828)
	at ptolemy.actor.Manager.preinitializeAndResolveTypes(Manager.java:1040)
	at ptolemy.actor.Manager.initialize(Manager.java:710)
	at ptolemy.actor.Manager.execute(Manager.java:356)
	at ptolemy.actor.Manager.run(Manager.java:1263)
	at ptolemy.actor.Manager$PtolemyRunThread.run(Manager.java:1933)
java.lang.RuntimeException: Execution failed
	at ptolemy.moml.MoMLSimpleApplication$UnloadThread.run(MoMLSimpleApplication.java:402)
Caused by: ptolemy.kernel.util.IllegalActionException: Found a zero delay loop containing .dependencyLoop2.original
  in .dependencyLoop2 and .dependencyLoop2.original
	at ptolemy.actor.util.CausalityInterfaceForComposites._computeOutputPortDepth(CausalityInterfaceForComposites.java:759)
	at ptolemy.actor.util.CausalityInterfaceForComposites._computeInputDepth(CausalityInterfaceForComposites.java:696)
	at ptolemy.actor.util.CausalityInterfaceForComposites._computeOutputPortDepth(CausalityInterfaceForComposites.java:765)
	at ptolemy.actor.util.CausalityInterfaceForComposites._computeInputDepth(CausalityInterfaceForComposites.java:696)
	at ptolemy.actor.util.CausalityInterfaceForComposites._computeOutputPortDepth(CausalityInterfaceForComposites.java:765)
	at ptolemy.actor.util.CausalityInterfaceForComposites._computeInputDepth(CausalityInterfaceForComposites.java:696)
	at ptolemy.actor.util.CausalityInterfaceForComposites._computeActorDepth(CausalityInterfaceForComposites.java:532)
	at ptolemy.actor.util.CausalityInterfaceForComposites.checkForCycles(CausalityInterfaceForComposites.java:96)
	at ptolemy.domains.de.kernel.DEDirector.preinitialize(DEDirector.java:1338)
	at ptolemy.actor.CompositeActor.preinitialize(CompositeActor.java:1828)
	at ptolemy.actor.Manager.preinitializeAndResolveTypes(Manager.java:1040)
	at ptolemy.actor.Manager.initialize(Manager.java:710)
	at ptolemy.actor.Manager.execute(Manager.java:356)
	at ptolemy.actor.Manager.run(Manager.java:1263)
	at ptolemy.actor.Manager$PtolemyRunThread.run(Manager.java:1933)
java.lang.reflect.InvocationTargetException
	at java.base/jdk.internal.reflect.NativeConstructorAccessorImpl.newInstance0(Native Method)
	at java.base/jdk.internal.reflect.NativeConstructorAccessorImpl.newInstance(NativeConstructorAccessorImpl.java:62)
	at java.base/jdk.internal.reflect.DelegatingConstructorAccessorImpl.newInstance(DelegatingConstructorAccessorImpl.java:45)
	at java.base/java.lang.reflect.Constructor.newInstance(Constructor.java:490)
	at ptolemy.util.test.junit.AutoKnownFailedTests.RunModel(AutoKnownFailedTests.java:105)
	at java.base/jdk.internal.reflect.NativeMethodAccessorImpl.invoke0(Native Method)
	at java.base/jdk.internal.reflect.NativeMethodAccessorImpl.invoke(NativeMethodAccessorImpl.java:62)
	at java.base/jdk.internal.reflect.DelegatingMethodAccessorImpl.invoke(DelegatingMethodAccessorImpl.java:43)
	at java.base/java.lang.reflect.Method.invoke(Method.java:566)
	at org.junit.runners.model.FrameworkMethod$1.runReflectiveCall(FrameworkMethod.java:44)
	at org.junit.internal.runners.model.ReflectiveCallable.run(ReflectiveCallable.java:15)
	at org.junit.runners.model.FrameworkMethod.invokeExplosively(FrameworkMethod.java:41)
	at junitparams.internal.InvokeParameterisedMethod.evaluate(InvokeParameterisedMethod.java:102)
	at org.junit.internal.runners.statements.FailOnTimeout$1.run(FailOnTimeout.java:28)
Caused by: ptolemy.kernel.util.IllegalActionException: Found a zero delay loop containing .dependencyLoop2.original
  in .dependencyLoop2 and .dependencyLoop2.original
	at ptolemy.actor.util.CausalityInterfaceForComposites._computeOutputPortDepth(CausalityInterfaceForComposites.java:759)
	at ptolemy.actor.util.CausalityInterfaceForComposites._computeInputDepth(CausalityInterfaceForComposites.java:696)
	at ptolemy.actor.util.CausalityInterfaceForComposites._computeOutputPortDepth(CausalityInterfaceForComposites.java:765)
	at ptolemy.actor.util.CausalityInterfaceForComposites._computeInputDepth(CausalityInterfaceForComposites.java:696)
	at ptolemy.actor.util.CausalityInterfaceForComposites._computeOutputPortDepth(CausalityInterfaceForComposites.java:765)
	at ptolemy.actor.util.CausalityInterfaceForComposites._computeInputDepth(CausalityInterfaceForComposites.java:696)
	at ptolemy.actor.util.CausalityInterfaceForComposites._computeActorDepth(CausalityInterfaceForComposites.java:532)
	at ptolemy.actor.util.CausalityInterfaceForComposites.checkForCycles(CausalityInterfaceForComposites.java:96)
	at ptolemy.domains.de.kernel.DEDirector.preinitialize(DEDirector.java:1338)
	at ptolemy.actor.CompositeActor.preinitialize(CompositeActor.java:1828)
	at ptolemy.actor.Manager.preinitializeAndResolveTypes(Manager.java:1040)
	at ptolemy.actor.Manager.initialize(Manager.java:710)
	at ptolemy.actor.Manager.execute(Manager.java:356)
	at ptolemy.actor.Manager.run(Manager.java:1263)
	at ptolemy.actor.Manager$PtolemyRunThread.run(Manager.java:1933)
]]></system-err>
</testsuite>
