<?xml version="1.0" encoding="UTF-8" ?>
<testsuite errors="0" failures="0" hostname="travis-job-ad3d7170-cb9c-491b-995f-3e2f1140887a" name="ptolemy.actor.lib.hoc.test.junit.JUnitTclTest" skipped="0" tests="58" time="24.969" timestamp="2018-07-07T01:29:26">
  <properties>
[...]
</properties>
  <testcase classname="ptolemy.util.test.junit.TclTests" name="[0] /home/travis/build/icyphy/ptII/ptolemy/actor/lib/hoc/test/IterateOverArray.tcl (RunTclFile)" time="0.293" />
  <testcase classname="ptolemy.util.test.junit.AutoKnownFailedTests" name="[0] /home/travis/build/icyphy/ptII/ptolemy/actor/lib/hoc/test/auto/knownFailedTests/PreinitializeMustBeInvokedRunComposite.xml (RunModel)" time="0.26" />
  <testcase classname="ptolemy.util.test.junit.AutoNameArchTests" name="[0] ThereAreNoAutoArchTests (RunModel)" time="0.001" />
  <testcase classname="ptolemy.util.test.junit.AutoTests" name="[0] /home/travis/build/icyphy/ptII/ptolemy/actor/lib/hoc/test/auto/AllToAllMultiInstanceComposite.xml (RunModel)" time="0.311" />
  <testcase classname="ptolemy.util.test.junit.AutoTests" name="[1] /home/travis/build/icyphy/ptII/ptolemy/actor/lib/hoc/test/auto/ApplyFFTTest.xml (RunModel)" time="0.398" />
  <testcase classname="ptolemy.util.test.junit.AutoTests" name="[2] /home/travis/build/icyphy/ptII/ptolemy/actor/lib/hoc/test/auto/ApplyFunction.xml (RunModel)" time="0.048" />
  <testcase classname="ptolemy.util.test.junit.AutoTests" name="[3] /home/travis/build/icyphy/ptII/ptolemy/actor/lib/hoc/test/auto/BackgroundExecution.xml (RunModel)" time="0.729" />
  <testcase classname="ptolemy.util.test.junit.AutoTests" name="[4] /home/travis/build/icyphy/ptII/ptolemy/actor/lib/hoc/test/auto/Case.xml (RunModel)" time="0.082" />
  <testcase classname="ptolemy.util.test.junit.AutoTests" name="[5] /home/travis/build/icyphy/ptII/ptolemy/actor/lib/hoc/test/auto/Case1.xml (RunModel)" time="0.035" />
  <testcase classname="ptolemy.util.test.junit.AutoTests" name="[6] /home/travis/build/icyphy/ptII/ptolemy/actor/lib/hoc/test/auto/Case2.xml (RunModel)" time="0.091" />
  <testcase classname="ptolemy.util.test.junit.AutoTests" name="[7] /home/travis/build/icyphy/ptII/ptolemy/actor/lib/hoc/test/auto/Case3.xml (RunModel)" time="0.037" />
  <testcase classname="ptolemy.util.test.junit.AutoTests" name="[8] /home/travis/build/icyphy/ptII/ptolemy/actor/lib/hoc/test/auto/Case4.xml (RunModel)" time="0.068" />
  <testcase classname="ptolemy.util.test.junit.AutoTests" name="[9] /home/travis/build/icyphy/ptII/ptolemy/actor/lib/hoc/test/auto/Case5.xml (RunModel)" time="0.07" />
  <testcase classname="ptolemy.util.test.junit.AutoTests" name="[10] /home/travis/build/icyphy/ptII/ptolemy/actor/lib/hoc/test/auto/Case6.xml (RunModel)" time="0.081" />
  <testcase classname="ptolemy.util.test.junit.AutoTests" name="[11] /home/travis/build/icyphy/ptII/ptolemy/actor/lib/hoc/test/auto/CaseString2.xml (RunModel)" time="0.077" />
  <testcase classname="ptolemy.util.test.junit.AutoTests" name="[12] /home/travis/build/icyphy/ptII/ptolemy/actor/lib/hoc/test/auto/CatchUpComposite1.xml (RunModel)" time="0.051" />
  <testcase classname="ptolemy.util.test.junit.AutoTests" name="[13] /home/travis/build/icyphy/ptII/ptolemy/actor/lib/hoc/test/auto/CatchUpComposite2.xml (RunModel)" time="0.082" />
  <testcase classname="ptolemy.util.test.junit.AutoTests" name="[14] /home/travis/build/icyphy/ptII/ptolemy/actor/lib/hoc/test/auto/CatchUpComposite3.xml (RunModel)" time="0.059" />
  <testcase classname="ptolemy.util.test.junit.AutoTests" name="[15] /home/travis/build/icyphy/ptII/ptolemy/actor/lib/hoc/test/auto/CatchUpComposite4.xml (RunModel)" time="0.064" />
  <testcase classname="ptolemy.util.test.junit.AutoTests" name="[16] /home/travis/build/icyphy/ptII/ptolemy/actor/lib/hoc/test/auto/CatchUpComposite5.xml (RunModel)" time="0.05" />
  <testcase classname="ptolemy.util.test.junit.AutoTests" name="[17] /home/travis/build/icyphy/ptII/ptolemy/actor/lib/hoc/test/auto/CatchUpComposite6.xml (RunModel)" time="0.185" />
  <testcase classname="ptolemy.util.test.junit.AutoTests" name="[18] /home/travis/build/icyphy/ptII/ptolemy/actor/lib/hoc/test/auto/CatchUpComposite7.xml (RunModel)" time="0.107" />
  <testcase classname="ptolemy.util.test.junit.AutoTests" name="[19] /home/travis/build/icyphy/ptII/ptolemy/actor/lib/hoc/test/auto/ConcurrentExecutionTimeSDF.xml (RunModel)" time="1.211" />
  <testcase classname="ptolemy.util.test.junit.AutoTests" name="[20] /home/travis/build/icyphy/ptII/ptolemy/actor/lib/hoc/test/auto/ConcurrentSleep.xml (RunModel)" time="0.76" />
  <testcase classname="ptolemy.util.test.junit.AutoTests" name="[21] /home/travis/build/icyphy/ptII/ptolemy/actor/lib/hoc/test/auto/DEInPNInRunCompositeActor.xml (RunModel)" time="0.043" />
  <testcase classname="ptolemy.util.test.junit.AutoTests" name="[22] /home/travis/build/icyphy/ptII/ptolemy/actor/lib/hoc/test/auto/DFTSubSetTest.xml (RunModel)" time="0.31" />
  <testcase classname="ptolemy.util.test.junit.AutoTests" name="[23] /home/travis/build/icyphy/ptII/ptolemy/actor/lib/hoc/test/auto/HocDE.xml (RunModel)" time="0.243" />
  <testcase classname="ptolemy.util.test.junit.AutoTests" name="[24] /home/travis/build/icyphy/ptII/ptolemy/actor/lib/hoc/test/auto/IterateOverArray.xml (RunModel)" time="0.043" />
  <testcase classname="ptolemy.util.test.junit.AutoTests" name="[25] /home/travis/build/icyphy/ptII/ptolemy/actor/lib/hoc/test/auto/IterateOverArray10.xml (RunModel)" time="0.024" />
  <testcase classname="ptolemy.util.test.junit.AutoTests" name="[26] /home/travis/build/icyphy/ptII/ptolemy/actor/lib/hoc/test/auto/IterateOverArray11.xml (RunModel)" time="0.025" />
  <testcase classname="ptolemy.util.test.junit.AutoTests" name="[27] /home/travis/build/icyphy/ptII/ptolemy/actor/lib/hoc/test/auto/IterateOverArray12.xml (RunModel)" time="0.048" />
  <testcase classname="ptolemy.util.test.junit.AutoTests" name="[28] /home/travis/build/icyphy/ptII/ptolemy/actor/lib/hoc/test/auto/IterateOverArray13.xml (RunModel)" time="0.167" />
  <testcase classname="ptolemy.util.test.junit.AutoTests" name="[29] /home/travis/build/icyphy/ptII/ptolemy/actor/lib/hoc/test/auto/IterateOverArray14.xml (RunModel)" time="0.158" />
  <testcase classname="ptolemy.util.test.junit.AutoTests" name="[30] /home/travis/build/icyphy/ptII/ptolemy/actor/lib/hoc/test/auto/IterateOverArray2.xml (RunModel)" time="0.037" />
  <testcase classname="ptolemy.util.test.junit.AutoTests" name="[31] /home/travis/build/icyphy/ptII/ptolemy/actor/lib/hoc/test/auto/IterateOverArray3.xml (RunModel)" time="0.04" />
  <testcase classname="ptolemy.util.test.junit.AutoTests" name="[32] /home/travis/build/icyphy/ptII/ptolemy/actor/lib/hoc/test/auto/IterateOverArray4.xml (RunModel)" time="0.028" />
  <testcase classname="ptolemy.util.test.junit.AutoTests" name="[33] /home/travis/build/icyphy/ptII/ptolemy/actor/lib/hoc/test/auto/IterateOverArray5.xml (RunModel)" time="0.052" />
  <testcase classname="ptolemy.util.test.junit.AutoTests" name="[34] /home/travis/build/icyphy/ptII/ptolemy/actor/lib/hoc/test/auto/IterateOverArray6.xml (RunModel)" time="0.019" />
  <testcase classname="ptolemy.util.test.junit.AutoTests" name="[35] /home/travis/build/icyphy/ptII/ptolemy/actor/lib/hoc/test/auto/IterateOverArray7.xml (RunModel)" time="0.044" />
  <testcase classname="ptolemy.util.test.junit.AutoTests" name="[36] /home/travis/build/icyphy/ptII/ptolemy/actor/lib/hoc/test/auto/IterateOverArray8.xml (RunModel)" time="0.047" />
  <testcase classname="ptolemy.util.test.junit.AutoTests" name="[37] /home/travis/build/icyphy/ptII/ptolemy/actor/lib/hoc/test/auto/IterateOverArray9.xml (RunModel)" time="0.027" />
  <testcase classname="ptolemy.util.test.junit.AutoTests" name="[38] /home/travis/build/icyphy/ptII/ptolemy/actor/lib/hoc/test/auto/IterateOverArrayCoercedOutputType.xml (RunModel)" time="0.026" />
  <testcase classname="ptolemy.util.test.junit.AutoTests" name="[39] /home/travis/build/icyphy/ptII/ptolemy/actor/lib/hoc/test/auto/IterateOverArrayInferredOutputType.xml (RunModel)" time="0.022" />
  <testcase classname="ptolemy.util.test.junit.AutoTests" name="[40] /home/travis/build/icyphy/ptII/ptolemy/actor/lib/hoc/test/auto/MobileFunctionTest.xml (RunModel)" time="0.024" />
  <testcase classname="ptolemy.util.test.junit.AutoTests" name="[41] /home/travis/build/icyphy/ptII/ptolemy/actor/lib/hoc/test/auto/MobileModelTest.xml (RunModel)" time="0.131" />
  <testcase classname="ptolemy.util.test.junit.AutoTests" name="[42] /home/travis/build/icyphy/ptII/ptolemy/actor/lib/hoc/test/auto/ModelReference.xml (RunModel)" time="0.1" />
  <testcase classname="ptolemy.util.test.junit.AutoTests" name="[43] /home/travis/build/icyphy/ptII/ptolemy/actor/lib/hoc/test/auto/ModelReference3.xml (RunModel)" time="0.049" />
  <testcase classname="ptolemy.util.test.junit.AutoTests" name="[44] /home/travis/build/icyphy/ptII/ptolemy/actor/lib/hoc/test/auto/ModelReference4.xml (RunModel)" time="10.037" />
  <testcase classname="ptolemy.util.test.junit.AutoTests" name="[45] /home/travis/build/icyphy/ptII/ptolemy/actor/lib/hoc/test/auto/MultiInstanceComposite.xml (RunModel)" time="0.069" />
  <testcase classname="ptolemy.util.test.junit.AutoTests" name="[46] /home/travis/build/icyphy/ptII/ptolemy/actor/lib/hoc/test/auto/MultiInstanceComposite2.xml (RunModel)" time="0.038" />
  <testcase classname="ptolemy.util.test.junit.AutoTests" name="[47] /home/travis/build/icyphy/ptII/ptolemy/actor/lib/hoc/test/auto/MulticoreExecution.xml (RunModel)" time="1.093" />
  <testcase classname="ptolemy.util.test.junit.AutoTests" name="[48] /home/travis/build/icyphy/ptII/ptolemy/actor/lib/hoc/test/auto/ParallelExecution.xml (RunModel)" time="0.929" />
  <testcase classname="ptolemy.util.test.junit.AutoTests" name="[49] /home/travis/build/icyphy/ptII/ptolemy/actor/lib/hoc/test/auto/RunCompositeActor.xml (RunModel)" time="0.037" />
  <testcase classname="ptolemy.util.test.junit.AutoTests" name="[50] /home/travis/build/icyphy/ptII/ptolemy/actor/lib/hoc/test/auto/RunCompositeActor2.xml (RunModel)" time="0.031" />
  <testcase classname="ptolemy.util.test.junit.AutoTests" name="[51] /home/travis/build/icyphy/ptII/ptolemy/actor/lib/hoc/test/auto/RunCompositeActor3.xml (RunModel)" time="0.022" />
  <testcase classname="ptolemy.util.test.junit.AutoTests" name="[52] /home/travis/build/icyphy/ptII/ptolemy/actor/lib/hoc/test/auto/RunCompositeActor4.xml (RunModel)" time="0.031" />
  <testcase classname="ptolemy.util.test.junit.AutoTests" name="[53] /home/travis/build/icyphy/ptII/ptolemy/actor/lib/hoc/test/auto/RunCompositeIterateOverArray.xml (RunModel)" time="0.028" />
  <testcase classname="ptolemy.util.test.junit.AutoTests" name="[54] /home/travis/build/icyphy/ptII/ptolemy/actor/lib/hoc/test/auto/ThreadedJS.xml (RunModel)" time="5.266" />
  <system-out><![CDATA[/home/travis/build/icyphy/ptII/ptolemy/actor/lib/hoc/test/IterateOverArray.tcl
testDefs.tcl: setting time out to 9000 seconds at Sat Jul 07 01:29:26 UTC 2018
07/07/18 01:29:26
Failed: 0  Total Tests: 2  ((Passed: 2, Newly Passed: 0)  Known Failed: 0) /home/travis/build/icyphy/ptII/ptolemy/actor/lib/hoc/test
----------------- testing (KnownFailure) /home/travis/build/icyphy/ptII/ptolemy/actor/lib/hoc/test/auto/knownFailedTests/PreinitializeMustBeInvokedRunComposite.xml
35 ms. Memory: 116224K Free: 103581K (89%)
Known Failure: java.lang.reflect.InvocationTargetException
No auto/linux-amd64/*.xml tests in /home/travis/build/icyphy/ptII/ptolemy/actor/lib/hoc/test
AutoTests.java: About to close Vertx.
AutoTests.java: Vertx closed.

===========================================================================================
----------------- testing Sat Jul 07 01:29:27 UTC 2018 /home/travis/build/icyphy/ptII/ptolemy/actor/lib/hoc/test/auto/AllToAllMultiInstanceComposite.xml
----------------- Instantiating /home/travis/build/icyphy/ptII/ptolemy/actor/lib/hoc/test/auto/AllToAllMultiInstanceComposite.xml
123 ms. Memory: 116224K Free: 84302K (73%)
----------------- Invoking toplevel() on ptolemy.moml.MoMLSimpleApplication@5d3d754
----------------- Done invoking toplevel() on ptolemy.moml.MoMLSimpleApplication@5d3d754
reloadAllAccessors: .AllToAllMultiInstanceComposite

===========================================================================================
----------------- testing Sat Jul 07 01:29:27 UTC 2018 /home/travis/build/icyphy/ptII/ptolemy/actor/lib/hoc/test/auto/ApplyFFTTest.xml
----------------- Instantiating /home/travis/build/icyphy/ptII/ptolemy/actor/lib/hoc/test/auto/ApplyFFTTest.xml
174 ms. Memory: 116224K Free: 95005K (82%)
----------------- Invoking toplevel() on ptolemy.moml.MoMLSimpleApplication@73bb8642
----------------- Done invoking toplevel() on ptolemy.moml.MoMLSimpleApplication@73bb8642
reloadAllAccessors: .ApplyFFTTest

===========================================================================================
----------------- testing Sat Jul 07 01:29:27 UTC 2018 /home/travis/build/icyphy/ptII/ptolemy/actor/lib/hoc/test/auto/ApplyFunction.xml
----------------- Instantiating /home/travis/build/icyphy/ptII/ptolemy/actor/lib/hoc/test/auto/ApplyFunction.xml
12 ms. Memory: 116224K Free: 91303K (79%)
----------------- Invoking toplevel() on ptolemy.moml.MoMLSimpleApplication@754a7a2f
----------------- Done invoking toplevel() on ptolemy.moml.MoMLSimpleApplication@754a7a2f
reloadAllAccessors: .ApplyFunction

===========================================================================================
----------------- testing Sat Jul 07 01:29:27 UTC 2018 /home/travis/build/icyphy/ptII/ptolemy/actor/lib/hoc/test/auto/BackgroundExecution.xml
----------------- Instantiating /home/travis/build/icyphy/ptII/ptolemy/actor/lib/hoc/test/auto/BackgroundExecution.xml
628 ms. Memory: 116224K Free: 83372K (72%)
----------------- Invoking toplevel() on ptolemy.moml.MoMLSimpleApplication@3382cdbd
----------------- Done invoking toplevel() on ptolemy.moml.MoMLSimpleApplication@3382cdbd
reloadAllAccessors: .BackgroundExecution

===========================================================================================
----------------- testing Sat Jul 07 01:29:28 UTC 2018 /home/travis/build/icyphy/ptII/ptolemy/actor/lib/hoc/test/auto/Case.xml
----------------- Instantiating /home/travis/build/icyphy/ptII/ptolemy/actor/lib/hoc/test/auto/Case.xml
23 ms. Memory: 146944K Free: 136777K (93%)
----------------- Invoking toplevel() on ptolemy.moml.MoMLSimpleApplication@2e72cd4d
----------------- Done invoking toplevel() on ptolemy.moml.MoMLSimpleApplication@2e72cd4d
reloadAllAccessors: .Case

===========================================================================================
----------------- testing Sat Jul 07 01:29:28 UTC 2018 /home/travis/build/icyphy/ptII/ptolemy/actor/lib/hoc/test/auto/Case1.xml
----------------- Instantiating /home/travis/build/icyphy/ptII/ptolemy/actor/lib/hoc/test/auto/Case1.xml
9 ms. Memory: 146944K Free: 129544K (88%)
----------------- Invoking toplevel() on ptolemy.moml.MoMLSimpleApplication@5c14fca9
----------------- Done invoking toplevel() on ptolemy.moml.MoMLSimpleApplication@5c14fca9
reloadAllAccessors: .Case1

===========================================================================================
----------------- testing Sat Jul 07 01:29:28 UTC 2018 /home/travis/build/icyphy/ptII/ptolemy/actor/lib/hoc/test/auto/Case2.xml
----------------- Instantiating /home/travis/build/icyphy/ptII/ptolemy/actor/lib/hoc/test/auto/Case2.xml
42 ms. Memory: 146944K Free: 118003K (80%)
----------------- Invoking toplevel() on ptolemy.moml.MoMLSimpleApplication@5d6221c0
----------------- Done invoking toplevel() on ptolemy.moml.MoMLSimpleApplication@5d6221c0
reloadAllAccessors: .Case2

===========================================================================================
----------------- testing Sat Jul 07 01:29:28 UTC 2018 /home/travis/build/icyphy/ptII/ptolemy/actor/lib/hoc/test/auto/Case3.xml
----------------- Instantiating /home/travis/build/icyphy/ptII/ptolemy/actor/lib/hoc/test/auto/Case3.xml
8 ms. Memory: 146944K Free: 111602K (76%)
----------------- Invoking toplevel() on ptolemy.moml.MoMLSimpleApplication@566e9193
----------------- Done invoking toplevel() on ptolemy.moml.MoMLSimpleApplication@566e9193
reloadAllAccessors: .Case3

===========================================================================================
----------------- testing Sat Jul 07 01:29:28 UTC 2018 /home/travis/build/icyphy/ptII/ptolemy/actor/lib/hoc/test/auto/Case4.xml
----------------- Instantiating /home/travis/build/icyphy/ptII/ptolemy/actor/lib/hoc/test/auto/Case4.xml
18 ms. Memory: 146944K Free: 103213K (70%)
----------------- Invoking toplevel() on ptolemy.moml.MoMLSimpleApplication@5c8c0335
----------------- Done invoking toplevel() on ptolemy.moml.MoMLSimpleApplication@5c8c0335
reloadAllAccessors: .Case4

===========================================================================================
----------------- testing Sat Jul 07 01:29:28 UTC 2018 /home/travis/build/icyphy/ptII/ptolemy/actor/lib/hoc/test/auto/Case5.xml
----------------- Instantiating /home/travis/build/icyphy/ptII/ptolemy/actor/lib/hoc/test/auto/Case5.xml
41 ms. Memory: 146944K Free: 96173K (65%)
----------------- Invoking toplevel() on ptolemy.moml.MoMLSimpleApplication@71f38d0c
----------------- Done invoking toplevel() on ptolemy.moml.MoMLSimpleApplication@71f38d0c
reloadAllAccessors: .junk

===========================================================================================
----------------- testing Sat Jul 07 01:29:28 UTC 2018 /home/travis/build/icyphy/ptII/ptolemy/actor/lib/hoc/test/auto/Case6.xml
----------------- Instantiating /home/travis/build/icyphy/ptII/ptolemy/actor/lib/hoc/test/auto/Case6.xml
29 ms. Memory: 146944K Free: 83119K (57%)
----------------- Invoking toplevel() on ptolemy.moml.MoMLSimpleApplication@55d1881a
----------------- Done invoking toplevel() on ptolemy.moml.MoMLSimpleApplication@55d1881a
reloadAllAccessors: .Case6

===========================================================================================
----------------- testing Sat Jul 07 01:29:29 UTC 2018 /home/travis/build/icyphy/ptII/ptolemy/actor/lib/hoc/test/auto/CaseString2.xml
----------------- Instantiating /home/travis/build/icyphy/ptII/ptolemy/actor/lib/hoc/test/auto/CaseString2.xml
19 ms. Memory: 146944K Free: 135562K (92%)
----------------- Invoking toplevel() on ptolemy.moml.MoMLSimpleApplication@7902a523
----------------- Done invoking toplevel() on ptolemy.moml.MoMLSimpleApplication@7902a523
reloadAllAccessors: .CaseString2

===========================================================================================
----------------- testing Sat Jul 07 01:29:29 UTC 2018 /home/travis/build/icyphy/ptII/ptolemy/actor/lib/hoc/test/auto/CatchUpComposite1.xml
----------------- Instantiating /home/travis/build/icyphy/ptII/ptolemy/actor/lib/hoc/test/auto/CatchUpComposite1.xml
13 ms. Memory: 146944K Free: 126031K (86%)
----------------- Invoking toplevel() on ptolemy.moml.MoMLSimpleApplication@2f691b1b
----------------- Done invoking toplevel() on ptolemy.moml.MoMLSimpleApplication@2f691b1b
reloadAllAccessors: .CatchUpComposite1

===========================================================================================
----------------- testing Sat Jul 07 01:29:29 UTC 2018 /home/travis/build/icyphy/ptII/ptolemy/actor/lib/hoc/test/auto/CatchUpComposite2.xml
----------------- Instantiating /home/travis/build/icyphy/ptII/ptolemy/actor/lib/hoc/test/auto/CatchUpComposite2.xml
22 ms. Memory: 146944K Free: 116492K (79%)
----------------- Invoking toplevel() on ptolemy.moml.MoMLSimpleApplication@75ae4314
----------------- Done invoking toplevel() on ptolemy.moml.MoMLSimpleApplication@75ae4314
reloadAllAccessors: .CatchUpComposite2

===========================================================================================
----------------- testing Sat Jul 07 01:29:29 UTC 2018 /home/travis/build/icyphy/ptII/ptolemy/actor/lib/hoc/test/auto/CatchUpComposite3.xml
----------------- Instantiating /home/travis/build/icyphy/ptII/ptolemy/actor/lib/hoc/test/auto/CatchUpComposite3.xml
14 ms. Memory: 146944K Free: 106936K (73%)
----------------- Invoking toplevel() on ptolemy.moml.MoMLSimpleApplication@403375b1
----------------- Done invoking toplevel() on ptolemy.moml.MoMLSimpleApplication@403375b1
reloadAllAccessors: .CatchUpComposite3

===========================================================================================
----------------- testing Sat Jul 07 01:29:29 UTC 2018 /home/travis/build/icyphy/ptII/ptolemy/actor/lib/hoc/test/auto/CatchUpComposite4.xml
----------------- Instantiating /home/travis/build/icyphy/ptII/ptolemy/actor/lib/hoc/test/auto/CatchUpComposite4.xml
21 ms. Memory: 146944K Free: 97855K (67%)
----------------- Invoking toplevel() on ptolemy.moml.MoMLSimpleApplication@1633047c
----------------- Done invoking toplevel() on ptolemy.moml.MoMLSimpleApplication@1633047c
reloadAllAccessors: .CatchUpComposite4

===========================================================================================
----------------- testing Sat Jul 07 01:29:29 UTC 2018 /home/travis/build/icyphy/ptII/ptolemy/actor/lib/hoc/test/auto/CatchUpComposite5.xml
----------------- Instantiating /home/travis/build/icyphy/ptII/ptolemy/actor/lib/hoc/test/auto/CatchUpComposite5.xml
19 ms. Memory: 146944K Free: 89199K (61%)
----------------- Invoking toplevel() on ptolemy.moml.MoMLSimpleApplication@211257d0
----------------- Done invoking toplevel() on ptolemy.moml.MoMLSimpleApplication@211257d0
reloadAllAccessors: .CatchUpComposite5

===========================================================================================
----------------- testing Sat Jul 07 01:29:29 UTC 2018 /home/travis/build/icyphy/ptII/ptolemy/actor/lib/hoc/test/auto/CatchUpComposite6.xml
----------------- Instantiating /home/travis/build/icyphy/ptII/ptolemy/actor/lib/hoc/test/auto/CatchUpComposite6.xml
WARNING: The execution aspects in this model can influence the timing of actors by delaying the 
execution, potentially changing the behavior. There is no guarantee that actors fire at the 
time they request to be fired. 
Use Ptides for deterministic DE behavior that is not influenced by execution aspects. 

85 ms. Memory: 209408K Free: 194506K (93%)
----------------- Invoking toplevel() on ptolemy.moml.MoMLSimpleApplication@6048875b
----------------- Done invoking toplevel() on ptolemy.moml.MoMLSimpleApplication@6048875b
reloadAllAccessors: .CatchUpComposite6

===========================================================================================
----------------- testing Sat Jul 07 01:29:29 UTC 2018 /home/travis/build/icyphy/ptII/ptolemy/actor/lib/hoc/test/auto/CatchUpComposite7.xml
----------------- Instantiating /home/travis/build/icyphy/ptII/ptolemy/actor/lib/hoc/test/auto/CatchUpComposite7.xml
WARNING: The execution aspects in this model can influence the timing of actors by delaying the 
execution, potentially changing the behavior. There is no guarantee that actors fire at the 
time they request to be fired. 
Use Ptides for deterministic DE behavior that is not influenced by execution aspects. 

51 ms. Memory: 209408K Free: 177683K (85%)
----------------- Invoking toplevel() on ptolemy.moml.MoMLSimpleApplication@639f6832
----------------- Done invoking toplevel() on ptolemy.moml.MoMLSimpleApplication@639f6832
reloadAllAccessors: .CatchUpComposite7

===========================================================================================
----------------- testing Sat Jul 07 01:29:29 UTC 2018 /home/travis/build/icyphy/ptII/ptolemy/actor/lib/hoc/test/auto/ConcurrentExecutionTimeSDF.xml
----------------- Instantiating /home/travis/build/icyphy/ptII/ptolemy/actor/lib/hoc/test/auto/ConcurrentExecutionTimeSDF.xml
Fired ExecutionTime: 40400000
Fired ExecutionTime: 40400000
Fired ExecutionTime: 40400000
Fired ExecutionTime: 40400000
Fired ExecutionTime: 40400000
Fired ExecutionTime: 40400000
Fired ExecutionTime: 40400000
Fired ExecutionTime: 40400000
Fired ExecutionTime: 40400000
Fired ExecutionTime: 40400000
Fired ExecutionTime: 40400000
Fired ExecutionTime: 40400000
Fired ExecutionTime: 40400000
Fired ExecutionTime: 40400000
Fired ExecutionTime: 40400000
Fired ExecutionTime: 40400000
Fired ExecutionTime: 40400000
Fired ExecutionTime: 40400000
Fired ExecutionTime: 40400000
Fired ExecutionTime: 40400000
1178 ms. Memory: 209408K Free: 168233K (80%)
----------------- Invoking toplevel() on ptolemy.moml.MoMLSimpleApplication@a9ca16f
----------------- Done invoking toplevel() on ptolemy.moml.MoMLSimpleApplication@a9ca16f
reloadAllAccessors: .ConcurrentExecutionTimeSDF

===========================================================================================
----------------- testing Sat Jul 07 01:29:30 UTC 2018 /home/travis/build/icyphy/ptII/ptolemy/actor/lib/hoc/test/auto/ConcurrentSleep.xml
----------------- Instantiating /home/travis/build/icyphy/ptII/ptolemy/actor/lib/hoc/test/auto/ConcurrentSleep.xml
725 ms. Memory: 209408K Free: 153017K (73%)
----------------- Invoking toplevel() on ptolemy.moml.MoMLSimpleApplication@4cd90b75
----------------- Done invoking toplevel() on ptolemy.moml.MoMLSimpleApplication@4cd90b75
reloadAllAccessors: .ConcurrentSleep

===========================================================================================
----------------- testing Sat Jul 07 01:29:31 UTC 2018 /home/travis/build/icyphy/ptII/ptolemy/actor/lib/hoc/test/auto/DEInPNInRunCompositeActor.xml
----------------- Instantiating /home/travis/build/icyphy/ptII/ptolemy/actor/lib/hoc/test/auto/DEInPNInRunCompositeActor.xml
23 ms. Memory: 209408K Free: 145628K (70%)
----------------- Invoking toplevel() on ptolemy.moml.MoMLSimpleApplication@45c7f33a
----------------- Done invoking toplevel() on ptolemy.moml.MoMLSimpleApplication@45c7f33a
reloadAllAccessors: .DEInPNInRunCompositeActor

===========================================================================================
----------------- testing Sat Jul 07 01:29:31 UTC 2018 /home/travis/build/icyphy/ptII/ptolemy/actor/lib/hoc/test/auto/DFTSubSetTest.xml
----------------- Instantiating /home/travis/build/icyphy/ptII/ptolemy/actor/lib/hoc/test/auto/DFTSubSetTest.xml
204 ms. Memory: 209408K Free: 97609K (47%)
----------------- Invoking toplevel() on ptolemy.moml.MoMLSimpleApplication@560cbbf1
----------------- Done invoking toplevel() on ptolemy.moml.MoMLSimpleApplication@560cbbf1
reloadAllAccessors: .DFTSubSetTest

===========================================================================================
----------------- testing Sat Jul 07 01:29:32 UTC 2018 /home/travis/build/icyphy/ptII/ptolemy/actor/lib/hoc/test/auto/HocDE.xml
----------------- Instantiating /home/travis/build/icyphy/ptII/ptolemy/actor/lib/hoc/test/auto/HocDE.xml
194 ms. Memory: 209408K Free: 192552K (92%)
----------------- Invoking toplevel() on ptolemy.moml.MoMLSimpleApplication@76596440
----------------- Done invoking toplevel() on ptolemy.moml.MoMLSimpleApplication@76596440
reloadAllAccessors: .HocDE

===========================================================================================
----------------- testing Sat Jul 07 01:29:32 UTC 2018 /home/travis/build/icyphy/ptII/ptolemy/actor/lib/hoc/test/auto/IterateOverArray.xml
----------------- Instantiating /home/travis/build/icyphy/ptII/ptolemy/actor/lib/hoc/test/auto/IterateOverArray.xml
9 ms. Memory: 209408K Free: 185721K (89%)
----------------- Invoking toplevel() on ptolemy.moml.MoMLSimpleApplication@50f8103
----------------- Done invoking toplevel() on ptolemy.moml.MoMLSimpleApplication@50f8103
reloadAllAccessors: .IterateOverArray

===========================================================================================
----------------- testing Sat Jul 07 01:29:32 UTC 2018 /home/travis/build/icyphy/ptII/ptolemy/actor/lib/hoc/test/auto/IterateOverArray10.xml
----------------- Instantiating /home/travis/build/icyphy/ptII/ptolemy/actor/lib/hoc/test/auto/IterateOverArray10.xml
4 ms. Memory: 209408K Free: 181279K (87%)
----------------- Invoking toplevel() on ptolemy.moml.MoMLSimpleApplication@3c3cf676
----------------- Done invoking toplevel() on ptolemy.moml.MoMLSimpleApplication@3c3cf676
reloadAllAccessors: .IterateOverArray10

===========================================================================================
----------------- testing Sat Jul 07 01:29:32 UTC 2018 /home/travis/build/icyphy/ptII/ptolemy/actor/lib/hoc/test/auto/IterateOverArray11.xml
----------------- Instantiating /home/travis/build/icyphy/ptII/ptolemy/actor/lib/hoc/test/auto/IterateOverArray11.xml
6 ms. Memory: 209408K Free: 176057K (84%)
----------------- Invoking toplevel() on ptolemy.moml.MoMLSimpleApplication@212c71a5
----------------- Done invoking toplevel() on ptolemy.moml.MoMLSimpleApplication@212c71a5
reloadAllAccessors: .IterateOverArray11

===========================================================================================
----------------- testing Sat Jul 07 01:29:32 UTC 2018 /home/travis/build/icyphy/ptII/ptolemy/actor/lib/hoc/test/auto/IterateOverArray12.xml
----------------- Instantiating /home/travis/build/icyphy/ptII/ptolemy/actor/lib/hoc/test/auto/IterateOverArray12.xml
22 ms. Memory: 209408K Free: 168386K (80%)
----------------- Invoking toplevel() on ptolemy.moml.MoMLSimpleApplication@662023
----------------- Done invoking toplevel() on ptolemy.moml.MoMLSimpleApplication@662023
reloadAllAccessors: .IterateOverArray12

===========================================================================================
----------------- testing Sat Jul 07 01:29:32 UTC 2018 /home/travis/build/icyphy/ptII/ptolemy/actor/lib/hoc/test/auto/IterateOverArray13.xml
----------------- Instantiating /home/travis/build/icyphy/ptII/ptolemy/actor/lib/hoc/test/auto/IterateOverArray13.xml
75 ms. Memory: 209408K Free: 135206K (65%)
----------------- Invoking toplevel() on ptolemy.moml.MoMLSimpleApplication@2d7754b4
----------------- Done invoking toplevel() on ptolemy.moml.MoMLSimpleApplication@2d7754b4
reloadAllAccessors: .IterateOverArray13

===========================================================================================
----------------- testing Sat Jul 07 01:29:32 UTC 2018 /home/travis/build/icyphy/ptII/ptolemy/actor/lib/hoc/test/auto/IterateOverArray14.xml
----------------- Instantiating /home/travis/build/icyphy/ptII/ptolemy/actor/lib/hoc/test/auto/IterateOverArray14.xml
76 ms. Memory: 209408K Free: 100386K (48%)
----------------- Invoking toplevel() on ptolemy.moml.MoMLSimpleApplication@5d615d0
----------------- Done invoking toplevel() on ptolemy.moml.MoMLSimpleApplication@5d615d0
reloadAllAccessors: .IterateOverArray14

===========================================================================================
----------------- testing Sat Jul 07 01:29:32 UTC 2018 /home/travis/build/icyphy/ptII/ptolemy/actor/lib/hoc/test/auto/IterateOverArray2.xml
----------------- Instantiating /home/travis/build/icyphy/ptII/ptolemy/actor/lib/hoc/test/auto/IterateOverArray2.xml
13 ms. Memory: 209408K Free: 94337K (45%)
----------------- Invoking toplevel() on ptolemy.moml.MoMLSimpleApplication@13531004
----------------- Done invoking toplevel() on ptolemy.moml.MoMLSimpleApplication@13531004
reloadAllAccessors: .IterateOverArray2

===========================================================================================
----------------- testing Sat Jul 07 01:29:32 UTC 2018 /home/travis/build/icyphy/ptII/ptolemy/actor/lib/hoc/test/auto/IterateOverArray3.xml
----------------- Instantiating /home/travis/build/icyphy/ptII/ptolemy/actor/lib/hoc/test/auto/IterateOverArray3.xml
13 ms. Memory: 209408K Free: 87485K (42%)
----------------- Invoking toplevel() on ptolemy.moml.MoMLSimpleApplication@63157bb2
----------------- Done invoking toplevel() on ptolemy.moml.MoMLSimpleApplication@63157bb2
reloadAllAccessors: .IterateOverArray3

===========================================================================================
----------------- testing Sat Jul 07 01:29:32 UTC 2018 /home/travis/build/icyphy/ptII/ptolemy/actor/lib/hoc/test/auto/IterateOverArray4.xml
----------------- Instantiating /home/travis/build/icyphy/ptII/ptolemy/actor/lib/hoc/test/auto/IterateOverArray4.xml
5 ms. Memory: 209408K Free: 82271K (39%)
----------------- Invoking toplevel() on ptolemy.moml.MoMLSimpleApplication@7cb3e5e5
----------------- Done invoking toplevel() on ptolemy.moml.MoMLSimpleApplication@7cb3e5e5
reloadAllAccessors: .IterateOverArray4

===========================================================================================
----------------- testing Sat Jul 07 01:29:32 UTC 2018 /home/travis/build/icyphy/ptII/ptolemy/actor/lib/hoc/test/auto/IterateOverArray5.xml
----------------- Instantiating /home/travis/build/icyphy/ptII/ptolemy/actor/lib/hoc/test/auto/IterateOverArray5.xml
3 ms. Memory: 332288K Free: 322800K (97%)
----------------- Invoking toplevel() on ptolemy.moml.MoMLSimpleApplication@236f0629
----------------- Done invoking toplevel() on ptolemy.moml.MoMLSimpleApplication@236f0629
reloadAllAccessors: .IterateOverArray5

===========================================================================================
----------------- testing Sat Jul 07 01:29:32 UTC 2018 /home/travis/build/icyphy/ptII/ptolemy/actor/lib/hoc/test/auto/IterateOverArray6.xml
----------------- Instantiating /home/travis/build/icyphy/ptII/ptolemy/actor/lib/hoc/test/auto/IterateOverArray6.xml
3 ms. Memory: 332288K Free: 317465K (96%)
----------------- Invoking toplevel() on ptolemy.moml.MoMLSimpleApplication@49949f7e
----------------- Done invoking toplevel() on ptolemy.moml.MoMLSimpleApplication@49949f7e
reloadAllAccessors: .IterateOverArray6

===========================================================================================
----------------- testing Sat Jul 07 01:29:32 UTC 2018 /home/travis/build/icyphy/ptII/ptolemy/actor/lib/hoc/test/auto/IterateOverArray7.xml
----------------- Instantiating /home/travis/build/icyphy/ptII/ptolemy/actor/lib/hoc/test/auto/IterateOverArray7.xml
6 ms. Memory: 332288K Free: 310374K (93%)
----------------- Invoking toplevel() on ptolemy.moml.MoMLSimpleApplication@7a08d900
----------------- Done invoking toplevel() on ptolemy.moml.MoMLSimpleApplication@7a08d900
reloadAllAccessors: .IterateOverArray7

===========================================================================================
----------------- testing Sat Jul 07 01:29:32 UTC 2018 /home/travis/build/icyphy/ptII/ptolemy/actor/lib/hoc/test/auto/IterateOverArray8.xml
----------------- Instantiating /home/travis/build/icyphy/ptII/ptolemy/actor/lib/hoc/test/auto/IterateOverArray8.xml
5 ms. Memory: 332288K Free: 305039K (92%)
----------------- Invoking toplevel() on ptolemy.moml.MoMLSimpleApplication@2af723b4
----------------- Done invoking toplevel() on ptolemy.moml.MoMLSimpleApplication@2af723b4
reloadAllAccessors: .IterateOverArray8

===========================================================================================
----------------- testing Sat Jul 07 01:29:33 UTC 2018 /home/travis/build/icyphy/ptII/ptolemy/actor/lib/hoc/test/auto/IterateOverArray9.xml
----------------- Instantiating /home/travis/build/icyphy/ptII/ptolemy/actor/lib/hoc/test/auto/IterateOverArray9.xml
5 ms. Memory: 332288K Free: 299696K (90%)
----------------- Invoking toplevel() on ptolemy.moml.MoMLSimpleApplication@6717067a
----------------- Done invoking toplevel() on ptolemy.moml.MoMLSimpleApplication@6717067a
reloadAllAccessors: .IterateOverArray9

===========================================================================================
----------------- testing Sat Jul 07 01:29:33 UTC 2018 /home/travis/build/icyphy/ptII/ptolemy/actor/lib/hoc/test/auto/IterateOverArrayCoercedOutputType.xml
----------------- Instantiating /home/travis/build/icyphy/ptII/ptolemy/actor/lib/hoc/test/auto/IterateOverArrayCoercedOutputType.xml
4 ms. Memory: 332288K Free: 293156K (88%)
----------------- Invoking toplevel() on ptolemy.moml.MoMLSimpleApplication@1fe0efe2
----------------- Done invoking toplevel() on ptolemy.moml.MoMLSimpleApplication@1fe0efe2
reloadAllAccessors: .IterateOverArrayCoercedOutputType

===========================================================================================
----------------- testing Sat Jul 07 01:29:33 UTC 2018 /home/travis/build/icyphy/ptII/ptolemy/actor/lib/hoc/test/auto/IterateOverArrayInferredOutputType.xml
----------------- Instantiating /home/travis/build/icyphy/ptII/ptolemy/actor/lib/hoc/test/auto/IterateOverArrayInferredOutputType.xml
5 ms. Memory: 332288K Free: 286185K (86%)
----------------- Invoking toplevel() on ptolemy.moml.MoMLSimpleApplication@2e64021c
----------------- Done invoking toplevel() on ptolemy.moml.MoMLSimpleApplication@2e64021c
reloadAllAccessors: .IterateOverArrayInferredOutputType

===========================================================================================
----------------- testing Sat Jul 07 01:29:33 UTC 2018 /home/travis/build/icyphy/ptII/ptolemy/actor/lib/hoc/test/auto/MobileFunctionTest.xml
----------------- Instantiating /home/travis/build/icyphy/ptII/ptolemy/actor/lib/hoc/test/auto/MobileFunctionTest.xml
4 ms. Memory: 332288K Free: 279183K (84%)
----------------- Invoking toplevel() on ptolemy.moml.MoMLSimpleApplication@1d2f382e
----------------- Done invoking toplevel() on ptolemy.moml.MoMLSimpleApplication@1d2f382e
reloadAllAccessors: .MobileFunctionTest

===========================================================================================
----------------- testing Sat Jul 07 01:29:33 UTC 2018 /home/travis/build/icyphy/ptII/ptolemy/actor/lib/hoc/test/auto/MobileModelTest.xml
----------------- Instantiating /home/travis/build/icyphy/ptII/ptolemy/actor/lib/hoc/test/auto/MobileModelTest.xml
102 ms. Memory: 332288K Free: 257497K (77%)
----------------- Invoking toplevel() on ptolemy.moml.MoMLSimpleApplication@69e63a6e
----------------- Done invoking toplevel() on ptolemy.moml.MoMLSimpleApplication@69e63a6e
reloadAllAccessors: .MobileModelTest

===========================================================================================
----------------- testing Sat Jul 07 01:29:33 UTC 2018 /home/travis/build/icyphy/ptII/ptolemy/actor/lib/hoc/test/auto/ModelReference.xml
----------------- Instantiating /home/travis/build/icyphy/ptII/ptolemy/actor/lib/hoc/test/auto/ModelReference.xml
4 ms. Memory: 332288K Free: 247687K (75%)
10 ms. Memory: 332288K Free: 247687K (75%)
2 ms. Memory: 332288K Free: 246052K (74%)
3 ms. Memory: 332288K Free: 246052K (74%)
2 ms. Memory: 332288K Free: 244417K (74%)
2 ms. Memory: 332288K Free: 244417K (74%)
1 ms. Memory: 332288K Free: 242782K (73%)
1 ms. Memory: 332288K Free: 242782K (73%)
4 ms. Memory: 332288K Free: 241147K (73%)
3 ms. Memory: 332288K Free: 241147K (73%)
48 ms. Memory: 332288K Free: 241147K (73%)
----------------- Invoking toplevel() on ptolemy.moml.MoMLSimpleApplication@6e185eca
----------------- Done invoking toplevel() on ptolemy.moml.MoMLSimpleApplication@6e185eca
reloadAllAccessors: .ModelReference

===========================================================================================
----------------- testing Sat Jul 07 01:29:33 UTC 2018 /home/travis/build/icyphy/ptII/ptolemy/actor/lib/hoc/test/auto/ModelReference3.xml
----------------- Instantiating /home/travis/build/icyphy/ptII/ptolemy/actor/lib/hoc/test/auto/ModelReference3.xml
2 ms. Memory: 332288K Free: 235812K (71%)
5 ms. Memory: 332288K Free: 234177K (70%)
4 ms. Memory: 332288K Free: 234177K (70%)
4 ms. Memory: 332288K Free: 232542K (70%)
2 ms. Memory: 332288K Free: 232542K (70%)
1 ms. Memory: 332288K Free: 230907K (69%)
2 ms. Memory: 332288K Free: 230907K (69%)
2 ms. Memory: 332288K Free: 229272K (69%)
2 ms. Memory: 332288K Free: 229272K (69%)
4 ms. Memory: 332288K Free: 227637K (69%)
33 ms. Memory: 332288K Free: 227637K (69%)
----------------- Invoking toplevel() on ptolemy.moml.MoMLSimpleApplication@64824521
----------------- Done invoking toplevel() on ptolemy.moml.MoMLSimpleApplication@64824521
reloadAllAccessors: .ModelReference3

===========================================================================================
----------------- testing Sat Jul 07 01:29:33 UTC 2018 /home/travis/build/icyphy/ptII/ptolemy/actor/lib/hoc/test/auto/ModelReference4.xml
----------------- Instantiating /home/travis/build/icyphy/ptII/ptolemy/actor/lib/hoc/test/auto/ModelReference4.xml
4 ms. Memory: 332288K Free: 220667K (66%)
2 ms. Memory: 332288K Free: 219032K (66%)
10 ms. Memory: 332288K Free: 217397K (65%)
9 ms. Memory: 332288K Free: 215762K (65%)
3 ms. Memory: 332288K Free: 212492K (64%)
4 ms. Memory: 332288K Free: 210857K (63%)
2 ms. Memory: 332288K Free: 209222K (63%)
1 ms. Memory: 332288K Free: 207587K (62%)
3 ms. Memory: 332288K Free: 205952K (62%)
2 ms. Memory: 332288K Free: 204317K (61%)
10017 ms. Memory: 332288K Free: 204317K (61%)
----------------- Invoking toplevel() on ptolemy.moml.MoMLSimpleApplication@c876284
----------------- Done invoking toplevel() on ptolemy.moml.MoMLSimpleApplication@c876284
reloadAllAccessors: .ModelReference4

===========================================================================================
----------------- testing Sat Jul 07 01:29:43 UTC 2018 /home/travis/build/icyphy/ptII/ptolemy/actor/lib/hoc/test/auto/MultiInstanceComposite.xml
----------------- Instantiating /home/travis/build/icyphy/ptII/ptolemy/actor/lib/hoc/test/auto/MultiInstanceComposite.xml
31 ms. Memory: 332288K Free: 180949K (54%)
----------------- Invoking toplevel() on ptolemy.moml.MoMLSimpleApplication@4bf16db3
----------------- Done invoking toplevel() on ptolemy.moml.MoMLSimpleApplication@4bf16db3
reloadAllAccessors: .MultiInstanceComposite

===========================================================================================
----------------- testing Sat Jul 07 01:29:43 UTC 2018 /home/travis/build/icyphy/ptII/ptolemy/actor/lib/hoc/test/auto/MultiInstanceComposite2.xml
----------------- Instantiating /home/travis/build/icyphy/ptII/ptolemy/actor/lib/hoc/test/auto/MultiInstanceComposite2.xml
13 ms. Memory: 332288K Free: 167358K (50%)
----------------- Invoking toplevel() on ptolemy.moml.MoMLSimpleApplication@2e4ea7e5
----------------- Done invoking toplevel() on ptolemy.moml.MoMLSimpleApplication@2e4ea7e5
reloadAllAccessors: .MultiInstanceComposite2

===========================================================================================
----------------- testing Sat Jul 07 01:29:43 UTC 2018 /home/travis/build/icyphy/ptII/ptolemy/actor/lib/hoc/test/auto/MulticoreExecution.xml
----------------- Instantiating /home/travis/build/icyphy/ptII/ptolemy/actor/lib/hoc/test/auto/MulticoreExecution.xml
Fired ExecutionTime: 2400000
Fired ExecutionTime: 2800000
Fired ExecutionTime: 3200000
Fired ExecutionTime: 2400000
Fired ExecutionTime: 54800000
Fired ExecutionTime: 58000000
Fired ExecutionTime: 75200000
Fired ExecutionTime: 40000000
Fired ExecutionTime: 71600000
Fired ExecutionTime: 105200000
Fired ExecutionTime: 156800000
Fired ExecutionTime: 148000000
Fired ExecutionTime: 150400000
Fired ExecutionTime: 152800000
Fired ExecutionTime: 124800000
Fired ExecutionTime: 151600000
Fired ExecutionTime: 156000000
Fired ExecutionTime: 144000000
Fired ExecutionTime: 154400000
Fired ExecutionTime: 147200000
1069 ms. Memory: 332288K Free: 154262K (46%)
----------------- Invoking toplevel() on ptolemy.moml.MoMLSimpleApplication@32c71bef
----------------- Done invoking toplevel() on ptolemy.moml.MoMLSimpleApplication@32c71bef
reloadAllAccessors: .MulticoreExecution

===========================================================================================
----------------- testing Sat Jul 07 01:29:44 UTC 2018 /home/travis/build/icyphy/ptII/ptolemy/actor/lib/hoc/test/auto/ParallelExecution.xml
----------------- Instantiating /home/travis/build/icyphy/ptII/ptolemy/actor/lib/hoc/test/auto/ParallelExecution.xml
917 ms. Memory: 332288K Free: 142355K (43%)
----------------- Invoking toplevel() on ptolemy.moml.MoMLSimpleApplication@2d05c088
----------------- Done invoking toplevel() on ptolemy.moml.MoMLSimpleApplication@2d05c088
reloadAllAccessors: .ParallelExecution

===========================================================================================
----------------- testing Sat Jul 07 01:29:45 UTC 2018 /home/travis/build/icyphy/ptII/ptolemy/actor/lib/hoc/test/auto/RunCompositeActor.xml
----------------- Instantiating /home/travis/build/icyphy/ptII/ptolemy/actor/lib/hoc/test/auto/RunCompositeActor.xml
17 ms. Memory: 332288K Free: 133717K (40%)
----------------- Invoking toplevel() on ptolemy.moml.MoMLSimpleApplication@218e286f
----------------- Done invoking toplevel() on ptolemy.moml.MoMLSimpleApplication@218e286f
reloadAllAccessors: .RunCompositeActor

===========================================================================================
----------------- testing Sat Jul 07 01:29:45 UTC 2018 /home/travis/build/icyphy/ptII/ptolemy/actor/lib/hoc/test/auto/RunCompositeActor2.xml
----------------- Instantiating /home/travis/build/icyphy/ptII/ptolemy/actor/lib/hoc/test/auto/RunCompositeActor2.xml
9 ms. Memory: 332288K Free: 126731K (38%)
----------------- Invoking toplevel() on ptolemy.moml.MoMLSimpleApplication@4b7db16b
----------------- Done invoking toplevel() on ptolemy.moml.MoMLSimpleApplication@4b7db16b
reloadAllAccessors: .RunCompositeActor2

===========================================================================================
----------------- testing Sat Jul 07 01:29:45 UTC 2018 /home/travis/build/icyphy/ptII/ptolemy/actor/lib/hoc/test/auto/RunCompositeActor3.xml
----------------- Instantiating /home/travis/build/icyphy/ptII/ptolemy/actor/lib/hoc/test/auto/RunCompositeActor3.xml
6 ms. Memory: 332288K Free: 120175K (36%)
----------------- Invoking toplevel() on ptolemy.moml.MoMLSimpleApplication@64c160c
----------------- Done invoking toplevel() on ptolemy.moml.MoMLSimpleApplication@64c160c
reloadAllAccessors: .RunCompositeActor3

===========================================================================================
----------------- testing Sat Jul 07 01:29:45 UTC 2018 /home/travis/build/icyphy/ptII/ptolemy/actor/lib/hoc/test/auto/RunCompositeActor4.xml
----------------- Instantiating /home/travis/build/icyphy/ptII/ptolemy/actor/lib/hoc/test/auto/RunCompositeActor4.xml
14 ms. Memory: 332288K Free: 109887K (33%)
----------------- Invoking toplevel() on ptolemy.moml.MoMLSimpleApplication@74dcaab8
----------------- Done invoking toplevel() on ptolemy.moml.MoMLSimpleApplication@74dcaab8
reloadAllAccessors: .RunCompositeActor4

===========================================================================================
----------------- testing Sat Jul 07 01:29:45 UTC 2018 /home/travis/build/icyphy/ptII/ptolemy/actor/lib/hoc/test/auto/RunCompositeIterateOverArray.xml
----------------- Instantiating /home/travis/build/icyphy/ptII/ptolemy/actor/lib/hoc/test/auto/RunCompositeIterateOverArray.xml
8 ms. Memory: 332288K Free: 102900K (31%)
----------------- Invoking toplevel() on ptolemy.moml.MoMLSimpleApplication@1bf77160
----------------- Done invoking toplevel() on ptolemy.moml.MoMLSimpleApplication@1bf77160
reloadAllAccessors: .RunCompositeIterateOverArray

===========================================================================================
----------------- testing Sat Jul 07 01:29:45 UTC 2018 /home/travis/build/icyphy/ptII/ptolemy/actor/lib/hoc/test/auto/ThreadedJS.xml
----------------- Instantiating /home/travis/build/icyphy/ptII/ptolemy/actor/lib/hoc/test/auto/ThreadedJS.xml
1883 ms. Memory: 410624K Free: 262641K (64%)
----------------- Invoking toplevel() on ptolemy.moml.MoMLSimpleApplication@1ae3996e
----------------- Done invoking toplevel() on ptolemy.moml.MoMLSimpleApplication@1ae3996e
reloadAllAccessors: .ThreadedJS
AutoTests.java: About to close Vertx.
AutoTests.java: Vertx closed.
]]></system-out>
  <system-err><![CDATA[java.lang.RuntimeException: Execution failed
	at ptolemy.moml.MoMLSimpleApplication$UnloadThread.run(MoMLSimpleApplication.java:402)
Caused by: ptolemy.kernel.util.IllegalActionException: initialize() was called after wrapup() was called but preinitialize() was not called after wrapup().
	at ptolemy.actor.lib.hoc.test.PreinitializeMustBeInvoked.initialize(PreinitializeMustBeInvoked.java:78)
	at ptolemy.actor.Director.initialize(Director.java:938)
	at ptolemy.actor.Director.initialize(Director.java:907)
	at ptolemy.actor.sched.StaticSchedulingDirector.initialize(StaticSchedulingDirector.java:159)
	at ptolemy.domains.sdf.kernel.SDFDirector.initialize(SDFDirector.java:544)
	at ptolemy.actor.CompositeActor.initialize(CompositeActor.java:935)
	at ptolemy.actor.lib.hoc.LifeCycleManager._executeInsideModel(LifeCycleManager.java:339)
	at ptolemy.actor.lib.hoc.RunCompositeActor.fire(RunCompositeActor.java:205)
	at ptolemy.actor.CompositeActor.iterate(CompositeActor.java:1146)
	at ptolemy.actor.sched.StaticSchedulingDirector.fire(StaticSchedulingDirector.java:216)
	at ptolemy.domains.sdf.kernel.SDFDirector.fire(SDFDirector.java:500)
	at ptolemy.actor.CompositeActor.fire(CompositeActor.java:455)
	at ptolemy.actor.Manager.iterate(Manager.java:851)
	at ptolemy.actor.Manager.execute(Manager.java:369)
	at ptolemy.actor.Manager.run(Manager.java:1263)
	at ptolemy.actor.Manager$PtolemyRunThread.run(Manager.java:1915)
java.lang.reflect.InvocationTargetException
	at sun.reflect.NativeConstructorAccessorImpl.newInstance0(Native Method)
	at sun.reflect.NativeConstructorAccessorImpl.newInstance(NativeConstructorAccessorImpl.java:62)
	at sun.reflect.DelegatingConstructorAccessorImpl.newInstance(DelegatingConstructorAccessorImpl.java:45)
	at java.lang.reflect.Constructor.newInstance(Constructor.java:423)
	at ptolemy.util.test.junit.AutoKnownFailedTests.RunModel(AutoKnownFailedTests.java:107)
	at sun.reflect.NativeMethodAccessorImpl.invoke0(Native Method)
	at sun.reflect.NativeMethodAccessorImpl.invoke(NativeMethodAccessorImpl.java:62)
	at sun.reflect.DelegatingMethodAccessorImpl.invoke(DelegatingMethodAccessorImpl.java:43)
	at java.lang.reflect.Method.invoke(Method.java:498)
	at org.junit.runners.model.FrameworkMethod$1.runReflectiveCall(FrameworkMethod.java:44)
	at org.junit.internal.runners.model.ReflectiveCallable.run(ReflectiveCallable.java:15)
	at org.junit.runners.model.FrameworkMethod.invokeExplosively(FrameworkMethod.java:41)
	at junitparams.internal.InvokeParameterisedMethod.evaluate(InvokeParameterisedMethod.java:102)
	at org.junit.internal.runners.statements.FailOnTimeout$1.run(FailOnTimeout.java:28)
Caused by: ptolemy.kernel.util.IllegalActionException: initialize() was called after wrapup() was called but preinitialize() was not called after wrapup().
	at ptolemy.actor.lib.hoc.test.PreinitializeMustBeInvoked.initialize(PreinitializeMustBeInvoked.java:78)
	at ptolemy.actor.Director.initialize(Director.java:938)
	at ptolemy.actor.Director.initialize(Director.java:907)
	at ptolemy.actor.sched.StaticSchedulingDirector.initialize(StaticSchedulingDirector.java:159)
	at ptolemy.domains.sdf.kernel.SDFDirector.initialize(SDFDirector.java:544)
	at ptolemy.actor.CompositeActor.initialize(CompositeActor.java:935)
	at ptolemy.actor.lib.hoc.LifeCycleManager._executeInsideModel(LifeCycleManager.java:339)
	at ptolemy.actor.lib.hoc.RunCompositeActor.fire(RunCompositeActor.java:205)
	at ptolemy.actor.CompositeActor.iterate(CompositeActor.java:1146)
	at ptolemy.actor.sched.StaticSchedulingDirector.fire(StaticSchedulingDirector.java:216)
	at ptolemy.domains.sdf.kernel.SDFDirector.fire(SDFDirector.java:500)
	at ptolemy.actor.CompositeActor.fire(CompositeActor.java:455)
	at ptolemy.actor.Manager.iterate(Manager.java:851)
	at ptolemy.actor.Manager.execute(Manager.java:369)
	at ptolemy.actor.Manager.run(Manager.java:1263)
	at ptolemy.actor.Manager$PtolemyRunThread.run(Manager.java:1915)
]]></system-err>
</testsuite>
