<?xml version="1.0" encoding="UTF-8" ?>
<testsuite errors="0" failures="0" hostname="travis-job-c1a853b6-e39f-416e-9002-58d07b79973f" name="ptolemy.domains.de.test.junit.JUnitTclTest" skipped="0" tests="101" time="139.252" timestamp="2018-06-30T01:31:12">
  <properties>
[...]
</properties>
  <testcase classname="ptolemy.util.test.junit.TclTests" name="[0] /home/travis/build/icyphy/ptII/ptolemy/domains/de/test/DependencyLoop.tcl (RunTclFile)" time="0.875" />
  <testcase classname="ptolemy.util.test.junit.TclTests" name="[1] /home/travis/build/icyphy/ptII/ptolemy/domains/de/test/RunDETestsAsQSS.tcl (RunTclFile)" time="96.613" />
  <testcase classname="ptolemy.util.test.junit.AutoKnownFailedTests" name="[0] /home/travis/build/icyphy/ptII/ptolemy/domains/de/test/auto/knownFailedTests/DESDFClockTest.xml (RunModel)" time="2.043" />
  <testcase classname="ptolemy.util.test.junit.AutoKnownFailedTests" name="[1] /home/travis/build/icyphy/ptII/ptolemy/domains/de/test/auto/knownFailedTests/DirectFeedback.xml (RunModel)" time="0.007" />
  <testcase classname="ptolemy.util.test.junit.AutoKnownFailedTests" name="[2] /home/travis/build/icyphy/ptII/ptolemy/domains/de/test/auto/knownFailedTests/FSMSource.xml (RunModel)" time="0.028" />
  <testcase classname="ptolemy.util.test.junit.AutoKnownFailedTests" name="[3] /home/travis/build/icyphy/ptII/ptolemy/domains/de/test/auto/knownFailedTests/HierarchicalModel.xml (RunModel)" time="0.038" />
  <testcase classname="ptolemy.util.test.junit.AutoKnownFailedTests" name="[4] /home/travis/build/icyphy/ptII/ptolemy/domains/de/test/auto/knownFailedTests/dependencyLoop.xml (RunModel)" time="0.031" />
  <testcase classname="ptolemy.util.test.junit.AutoKnownFailedTests" name="[5] /home/travis/build/icyphy/ptII/ptolemy/domains/de/test/auto/knownFailedTests/dependencyLoop2.xml (RunModel)" time="0.04" />
  <testcase classname="ptolemy.util.test.junit.AutoNameArchTests" name="[0] ThereAreNoAutoArchTests (RunModel)" time="0.0" />
  <testcase classname="ptolemy.util.test.junit.AutoTests" name="[0] /home/travis/build/icyphy/ptII/ptolemy/domains/de/test/auto/ActorDepthCalculation_actorWithoutPorts.xml (RunModel)" time="0.016" />
  <testcase classname="ptolemy.util.test.junit.AutoTests" name="[1] /home/travis/build/icyphy/ptII/ptolemy/domains/de/test/auto/AssemblyLine.xml (RunModel)" time="0.016" />
  <testcase classname="ptolemy.util.test.junit.AutoTests" name="[2] /home/travis/build/icyphy/ptII/ptolemy/domains/de/test/auto/CQBug1.xml (RunModel)" time="0.007" />
  <testcase classname="ptolemy.util.test.junit.AutoTests" name="[3] /home/travis/build/icyphy/ptII/ptolemy/domains/de/test/auto/CancelFireAt.xml (RunModel)" time="0.02" />
  <testcase classname="ptolemy.util.test.junit.AutoTests" name="[4] /home/travis/build/icyphy/ptII/ptolemy/domains/de/test/auto/CausalityAndComposabilityAnalysis.xml (RunModel)" time="0.018" />
  <testcase classname="ptolemy.util.test.junit.AutoTests" name="[5] /home/travis/build/icyphy/ptII/ptolemy/domains/de/test/auto/CausalityInterface1.xml (RunModel)" time="0.012" />
  <testcase classname="ptolemy.util.test.junit.AutoTests" name="[6] /home/travis/build/icyphy/ptII/ptolemy/domains/de/test/auto/CausalityInterface15.xml (RunModel)" time="0.015" />
  <testcase classname="ptolemy.util.test.junit.AutoTests" name="[7] /home/travis/build/icyphy/ptII/ptolemy/domains/de/test/auto/CausalityInterface2.xml (RunModel)" time="0.01" />
  <testcase classname="ptolemy.util.test.junit.AutoTests" name="[8] /home/travis/build/icyphy/ptII/ptolemy/domains/de/test/auto/CausalityInterface3.xml (RunModel)" time="0.01" />
  <testcase classname="ptolemy.util.test.junit.AutoTests" name="[9] /home/travis/build/icyphy/ptII/ptolemy/domains/de/test/auto/ClockDrift.xml (RunModel)" time="0.043" />
  <testcase classname="ptolemy.util.test.junit.AutoTests" name="[10] /home/travis/build/icyphy/ptII/ptolemy/domains/de/test/auto/ClockDriftAndValueChange.xml (RunModel)" time="0.033" />
  <testcase classname="ptolemy.util.test.junit.AutoTests" name="[11] /home/travis/build/icyphy/ptII/ptolemy/domains/de/test/auto/ClockDriftChange.xml (RunModel)" time="0.026" />
  <testcase classname="ptolemy.util.test.junit.AutoTests" name="[12] /home/travis/build/icyphy/ptII/ptolemy/domains/de/test/auto/ComposableCausalityAnalysis.xml (RunModel)" time="0.021" />
  <testcase classname="ptolemy.util.test.junit.AutoTests" name="[13] /home/travis/build/icyphy/ptII/ptolemy/domains/de/test/auto/DEFixedPointLimitation.xml (RunModel)" time="0.01" />
  <testcase classname="ptolemy.util.test.junit.AutoTests" name="[14] /home/travis/build/icyphy/ptII/ptolemy/domains/de/test/auto/DEScheduleTest.xml (RunModel)" time="0.025" />
  <testcase classname="ptolemy.util.test.junit.AutoTests" name="[15] /home/travis/build/icyphy/ptII/ptolemy/domains/de/test/auto/DEinDEwithStartTimes.xml (RunModel)" time="0.015" />
  <testcase classname="ptolemy.util.test.junit.AutoTests" name="[16] /home/travis/build/icyphy/ptII/ptolemy/domains/de/test/auto/DEinDEwithStartTimes2.xml (RunModel)" time="0.013" />
  <testcase classname="ptolemy.util.test.junit.AutoTests" name="[17] /home/travis/build/icyphy/ptII/ptolemy/domains/de/test/auto/DateDemo.xml (RunModel)" time="0.032" />
  <testcase classname="ptolemy.util.test.junit.AutoTests" name="[18] /home/travis/build/icyphy/ptII/ptolemy/domains/de/test/auto/DateToEvent.xml (RunModel)" time="2.041" />
  <testcase classname="ptolemy.util.test.junit.AutoTests" name="[19] /home/travis/build/icyphy/ptII/ptolemy/domains/de/test/auto/DepthTest1.xml (RunModel)" time="0.008" />
  <testcase classname="ptolemy.util.test.junit.AutoTests" name="[20] /home/travis/build/icyphy/ptII/ptolemy/domains/de/test/auto/DepthTest2.xml (RunModel)" time="0.019" />
  <testcase classname="ptolemy.util.test.junit.AutoTests" name="[21] /home/travis/build/icyphy/ptII/ptolemy/domains/de/test/auto/DepthTest3.xml (RunModel)" time="0.008" />
  <testcase classname="ptolemy.util.test.junit.AutoTests" name="[22] /home/travis/build/icyphy/ptII/ptolemy/domains/de/test/auto/DepthTest4.xml (RunModel)" time="0.013" />
  <testcase classname="ptolemy.util.test.junit.AutoTests" name="[23] /home/travis/build/icyphy/ptII/ptolemy/domains/de/test/auto/DepthTest5.xml (RunModel)" time="0.015" />
  <testcase classname="ptolemy.util.test.junit.AutoTests" name="[24] /home/travis/build/icyphy/ptII/ptolemy/domains/de/test/auto/DepthTest6.xml (RunModel)" time="0.016" />
  <testcase classname="ptolemy.util.test.junit.AutoTests" name="[25] /home/travis/build/icyphy/ptII/ptolemy/domains/de/test/auto/DepthTest7.xml (RunModel)" time="0.013" />
  <testcase classname="ptolemy.util.test.junit.AutoTests" name="[26] /home/travis/build/icyphy/ptII/ptolemy/domains/de/test/auto/EventToDate.xml (RunModel)" time="3.041" />
  <testcase classname="ptolemy.util.test.junit.AutoTests" name="[27] /home/travis/build/icyphy/ptII/ptolemy/domains/de/test/auto/FSM1.xml (RunModel)" time="0.035" />
  <testcase classname="ptolemy.util.test.junit.AutoTests" name="[28] /home/travis/build/icyphy/ptII/ptolemy/domains/de/test/auto/FSM7.xml (RunModel)" time="0.055" />
  <testcase classname="ptolemy.util.test.junit.AutoTests" name="[29] /home/travis/build/icyphy/ptII/ptolemy/domains/de/test/auto/Inspection.xml (RunModel)" time="0.062" />
  <testcase classname="ptolemy.util.test.junit.AutoTests" name="[30] /home/travis/build/icyphy/ptII/ptolemy/domains/de/test/auto/Iteration.xml (RunModel)" time="0.021" />
  <testcase classname="ptolemy.util.test.junit.AutoTests" name="[31] /home/travis/build/icyphy/ptII/ptolemy/domains/de/test/auto/LineFault.xml (RunModel)" time="0.666" />
  <testcase classname="ptolemy.util.test.junit.AutoTests" name="[32] /home/travis/build/icyphy/ptII/ptolemy/domains/de/test/auto/MergeModel1Add.xml (RunModel)" time="0.052" />
  <testcase classname="ptolemy.util.test.junit.AutoTests" name="[33] /home/travis/build/icyphy/ptII/ptolemy/domains/de/test/auto/MergeModel2Add.xml (RunModel)" time="0.047" />
  <testcase classname="ptolemy.util.test.junit.AutoTests" name="[34] /home/travis/build/icyphy/ptII/ptolemy/domains/de/test/auto/MergeModel3Add.xml (RunModel)" time="0.045" />
  <testcase classname="ptolemy.util.test.junit.AutoTests" name="[35] /home/travis/build/icyphy/ptII/ptolemy/domains/de/test/auto/MergeWithoutDiscard.xml (RunModel)" time="0.016" />
  <testcase classname="ptolemy.util.test.junit.AutoTests" name="[36] /home/travis/build/icyphy/ptII/ptolemy/domains/de/test/auto/Modal1.xml (RunModel)" time="0.032" />
  <testcase classname="ptolemy.util.test.junit.AutoTests" name="[37] /home/travis/build/icyphy/ptII/ptolemy/domains/de/test/auto/Modal2.xml (RunModel)" time="0.038" />
  <testcase classname="ptolemy.util.test.junit.AutoTests" name="[38] /home/travis/build/icyphy/ptII/ptolemy/domains/de/test/auto/Modal3.xml (RunModel)" time="0.035" />
  <testcase classname="ptolemy.util.test.junit.AutoTests" name="[39] /home/travis/build/icyphy/ptII/ptolemy/domains/de/test/auto/Modal4.xml (RunModel)" time="0.04" />
  <testcase classname="ptolemy.util.test.junit.AutoTests" name="[40] /home/travis/build/icyphy/ptII/ptolemy/domains/de/test/auto/Modal5.xml (RunModel)" time="0.036" />
  <testcase classname="ptolemy.util.test.junit.AutoTests" name="[41] /home/travis/build/icyphy/ptII/ptolemy/domains/de/test/auto/Modal6.xml (RunModel)" time="0.032" />
  <testcase classname="ptolemy.util.test.junit.AutoTests" name="[42] /home/travis/build/icyphy/ptII/ptolemy/domains/de/test/auto/Modal7.xml (RunModel)" time="0.033" />
  <testcase classname="ptolemy.util.test.junit.AutoTests" name="[43] /home/travis/build/icyphy/ptII/ptolemy/domains/de/test/auto/ModalModel.xml (RunModel)" time="0.211" />
  <testcase classname="ptolemy.util.test.junit.AutoTests" name="[44] /home/travis/build/icyphy/ptII/ptolemy/domains/de/test/auto/ModalSource.xml (RunModel)" time="0.022" />
  <testcase classname="ptolemy.util.test.junit.AutoTests" name="[45] /home/travis/build/icyphy/ptII/ptolemy/domains/de/test/auto/NonInterruptibleTimerZeroDelay.xml (RunModel)" time="0.016" />
  <testcase classname="ptolemy.util.test.junit.AutoTests" name="[46] /home/travis/build/icyphy/ptII/ptolemy/domains/de/test/auto/OpenQueueingNetwork.xml (RunModel)" time="2.928" />
  <testcase classname="ptolemy.util.test.junit.AutoTests" name="[47] /home/travis/build/icyphy/ptII/ptolemy/domains/de/test/auto/OpenQueuingNetwork.xml (RunModel)" time="0.341" />
  <testcase classname="ptolemy.util.test.junit.AutoTests" name="[48] /home/travis/build/icyphy/ptII/ptolemy/domains/de/test/auto/PeriodicSampler.xml (RunModel)" time="0.014" />
  <testcase classname="ptolemy.util.test.junit.AutoTests" name="[49] /home/travis/build/icyphy/ptII/ptolemy/domains/de/test/auto/PersistentIO.xml (RunModel)" time="0.023" />
  <testcase classname="ptolemy.util.test.junit.AutoTests" name="[50] /home/travis/build/icyphy/ptII/ptolemy/domains/de/test/auto/PortParameterResetOnInitialize.xml (RunModel)" time="0.01" />
  <testcase classname="ptolemy.util.test.junit.AutoTests" name="[51] /home/travis/build/icyphy/ptII/ptolemy/domains/de/test/auto/PortParameterUpdates.xml (RunModel)" time="0.019" />
  <testcase classname="ptolemy.util.test.junit.AutoTests" name="[52] /home/travis/build/icyphy/ptII/ptolemy/domains/de/test/auto/QueueAndServer.xml (RunModel)" time="0.025" />
  <testcase classname="ptolemy.util.test.junit.AutoTests" name="[53] /home/travis/build/icyphy/ptII/ptolemy/domains/de/test/auto/Records.xml (RunModel)" time="0.022" />
  <testcase classname="ptolemy.util.test.junit.AutoTests" name="[54] /home/travis/build/icyphy/ptII/ptolemy/domains/de/test/auto/ResetTransitionWithStartTime1.xml (RunModel)" time="0.021" />
  <testcase classname="ptolemy.util.test.junit.AutoTests" name="[55] /home/travis/build/icyphy/ptII/ptolemy/domains/de/test/auto/ResetTransitionWithStartTime2.xml (RunModel)" time="0.021" />
  <testcase classname="ptolemy.util.test.junit.AutoTests" name="[56] /home/travis/build/icyphy/ptII/ptolemy/domains/de/test/auto/ResetTransitionWithStartTime3.xml (RunModel)" time="0.021" />
  <testcase classname="ptolemy.util.test.junit.AutoTests" name="[57] /home/travis/build/icyphy/ptII/ptolemy/domains/de/test/auto/ResetTransitionWithStartTime4.xml (RunModel)" time="0.024" />
  <testcase classname="ptolemy.util.test.junit.AutoTests" name="[58] /home/travis/build/icyphy/ptII/ptolemy/domains/de/test/auto/ResettableTimer1.xml (RunModel)" time="0.012" />
  <testcase classname="ptolemy.util.test.junit.AutoTests" name="[59] /home/travis/build/icyphy/ptII/ptolemy/domains/de/test/auto/ResettableTimer2.xml (RunModel)" time="0.012" />
  <testcase classname="ptolemy.util.test.junit.AutoTests" name="[60] /home/travis/build/icyphy/ptII/ptolemy/domains/de/test/auto/ResettableTimer3.xml (RunModel)" time="0.009" />
  <testcase classname="ptolemy.util.test.junit.AutoTests" name="[61] /home/travis/build/icyphy/ptII/ptolemy/domains/de/test/auto/ResettableTimer4.xml (RunModel)" time="0.01" />
  <testcase classname="ptolemy.util.test.junit.AutoTests" name="[62] /home/travis/build/icyphy/ptII/ptolemy/domains/de/test/auto/ResettableTimer5.xml (RunModel)" time="0.01" />
  <testcase classname="ptolemy.util.test.junit.AutoTests" name="[63] /home/travis/build/icyphy/ptII/ptolemy/domains/de/test/auto/ResettableTimer6.xml (RunModel)" time="0.022" />
  <testcase classname="ptolemy.util.test.junit.AutoTests" name="[64] /home/travis/build/icyphy/ptII/ptolemy/domains/de/test/auto/ServerZeroDelay.xml (RunModel)" time="0.011" />
  <testcase classname="ptolemy.util.test.junit.AutoTests" name="[65] /home/travis/build/icyphy/ptII/ptolemy/domains/de/test/auto/SmartSender.xml (RunModel)" time="3.009" />
  <testcase classname="ptolemy.util.test.junit.AutoTests" name="[66] /home/travis/build/icyphy/ptII/ptolemy/domains/de/test/auto/ThreadedComposite.xml (RunModel)" time="0.259" />
  <testcase classname="ptolemy.util.test.junit.AutoTests" name="[67] /home/travis/build/icyphy/ptII/ptolemy/domains/de/test/auto/Time.xml (RunModel)" time="0.512" />
  <testcase classname="ptolemy.util.test.junit.AutoTests" name="[68] /home/travis/build/icyphy/ptII/ptolemy/domains/de/test/auto/TimeDelayZeroDelay.xml (RunModel)" time="0.011" />
  <testcase classname="ptolemy.util.test.junit.AutoTests" name="[69] /home/travis/build/icyphy/ptII/ptolemy/domains/de/test/auto/TimerZeroDelay.xml (RunModel)" time="0.012" />
  <testcase classname="ptolemy.util.test.junit.AutoTests" name="[70] /home/travis/build/icyphy/ptII/ptolemy/domains/de/test/auto/TimingParadox.xml (RunModel)" time="0.344" />
  <testcase classname="ptolemy.util.test.junit.AutoTests" name="[71] /home/travis/build/icyphy/ptII/ptolemy/domains/de/test/auto/TransferInputs.xml (RunModel)" time="0.017" />
  <testcase classname="ptolemy.util.test.junit.AutoTests" name="[72] /home/travis/build/icyphy/ptII/ptolemy/domains/de/test/auto/TransferOutputs2.xml (RunModel)" time="0.024" />
  <testcase classname="ptolemy.util.test.junit.AutoTests" name="[73] /home/travis/build/icyphy/ptII/ptolemy/domains/de/test/auto/Trilateration.xml (RunModel)" time="11.873" />
  <testcase classname="ptolemy.util.test.junit.AutoTests" name="[74] /home/travis/build/icyphy/ptII/ptolemy/domains/de/test/auto/TwoSigmaDelta.xml (RunModel)" time="2.333" />
  <testcase classname="ptolemy.util.test.junit.AutoTests" name="[75] /home/travis/build/icyphy/ptII/ptolemy/domains/de/test/auto/VariableDelay.xml (RunModel)" time="0.012" />
  <testcase classname="ptolemy.util.test.junit.AutoTests" name="[76] /home/travis/build/icyphy/ptII/ptolemy/domains/de/test/auto/VariableDelay2.xml (RunModel)" time="0.018" />
  <testcase classname="ptolemy.util.test.junit.AutoTests" name="[77] /home/travis/build/icyphy/ptII/ptolemy/domains/de/test/auto/VariableDelayZeroDelay.xml (RunModel)" time="0.012" />
  <testcase classname="ptolemy.util.test.junit.AutoTests" name="[78] /home/travis/build/icyphy/ptII/ptolemy/domains/de/test/auto/VariableDelayZeroDelay2.xml (RunModel)" time="0.011" />
  <testcase classname="ptolemy.util.test.junit.AutoTests" name="[79] /home/travis/build/icyphy/ptII/ptolemy/domains/de/test/auto/deInCt.xml (RunModel)" time="0.021" />
  <testcase classname="ptolemy.util.test.junit.AutoTests" name="[80] /home/travis/build/icyphy/ptII/ptolemy/domains/de/test/auto/deInCt2.xml (RunModel)" time="0.02" />
  <testcase classname="ptolemy.util.test.junit.AutoTests" name="[81] /home/travis/build/icyphy/ptII/ptolemy/domains/de/test/auto/dynamicCausalityInterface1.xml (RunModel)" time="0.021" />
  <testcase classname="ptolemy.util.test.junit.AutoTests" name="[82] /home/travis/build/icyphy/ptII/ptolemy/domains/de/test/auto/fsm_de_test.xml (RunModel)" time="0.026" />
  <testcase classname="ptolemy.util.test.junit.AutoTests" name="[83] /home/travis/build/icyphy/ptII/ptolemy/domains/de/test/auto/functionDependencyReconstruction.xml (RunModel)" time="0.036" />
  <testcase classname="ptolemy.util.test.junit.AutoTests" name="[84] /home/travis/build/icyphy/ptII/ptolemy/domains/de/test/auto/multirate.xml (RunModel)" time="0.018" />
  <testcase classname="ptolemy.util.test.junit.AutoTests" name="[85] /home/travis/build/icyphy/ptII/ptolemy/domains/de/test/auto/multirate2.xml (RunModel)" time="0.016" />
  <testcase classname="ptolemy.util.test.junit.AutoTests" name="[86] /home/travis/build/icyphy/ptII/ptolemy/domains/de/test/auto/realtime.xml (RunModel)" time="10.013" />
  <testcase classname="ptolemy.util.test.junit.AutoTests" name="[87] /home/travis/build/icyphy/ptII/ptolemy/domains/de/test/auto/relationGroup.xml (RunModel)" time="0.016" />
  <testcase classname="ptolemy.util.test.junit.AutoTests" name="[88] /home/travis/build/icyphy/ptII/ptolemy/domains/de/test/auto/relationGroup2.xml (RunModel)" time="0.016" />
  <testcase classname="ptolemy.util.test.junit.AutoTests" name="[89] /home/travis/build/icyphy/ptII/ptolemy/domains/de/test/auto/sortWithOpaquePorts.xml (RunModel)" time="0.009" />
  <testcase classname="ptolemy.util.test.junit.AutoTests" name="[90] /home/travis/build/icyphy/ptII/ptolemy/domains/de/test/auto/transferInputsandOutputs.xml (RunModel)" time="0.019" />
  <testcase classname="ptolemy.util.test.junit.AutoTests" name="[91] /home/travis/build/icyphy/ptII/ptolemy/domains/de/test/auto/triggerType.xml (RunModel)" time="0.01" />
  <system-out><![CDATA[/home/travis/build/icyphy/ptII/ptolemy/domains/de/test/DependencyLoop.tcl
testDefs.tcl: setting time out to 9000 seconds at Sat Jun 30 01:31:12 UTC 2018
33 ms. Memory: 116224K Free: 93859K (81%)
5 ms. Memory: 146944K Free: 135522K (92%)
/home/travis/build/icyphy/ptII/ptolemy/domains/de/test/RunDETestsAsQSS.tcl
Run the DE tests using ptolemy.domains.qss.test.QSSDirectorTest, which extends QSSDirector and prints a message in the constructors.
------------------ testing $PTII/ptolemy/domains/de/test/auto/knownFailedTests/dependencyLoop.xml (Known Failure) 
7 ms. Memory: 146944K Free: 132410K (90%)


==== $PTIIhome/travis/build/icyphy/ptII/ptolemy/domains/de/test/../../../../: Auto Automatic test in file $PTII/ptolemy/domains/de/test/auto/knownFailedTests/dependencyLoop.xml
==== Contents of test case:

	    # FIXME: we should use $relativeFilename here, but it
	    # might have backslashes under Windows, which causes no end
	    # of trouble.
	    createAndExecute $file
	    list {}
	
.... Test generated KNOWN error:
    while executing
ptolemy.kernel.util.IllegalActionException: Found a zero delay loop containing .dependencyLoop.original
  in .dependencyLoop and .dependencyLoop.original
	at ptolemy.actor.util.CausalityInterfaceForComposites._computeOutputPortDepth(CausalityInterfaceForComposites.java:759)
	at ptolemy.actor.util.CausalityInterfaceForComposites._computeInputDepth(CausalityInterfaceForComposites.java:696)
	at ptolemy.actor.util.CausalityInterfaceForComposites._computeOutputPortDepth(CausalityInterfaceForComposites.java:765)
	at ptolemy.actor.util.CausalityInterfaceForComposites._computeInputDepth(CausalityInterfaceForComposites.java:696)
	at ptolemy.actor.util.CausalityInterfaceForComposites._computeOutputPortDepth(CausalityInterfaceForComposites.java:765)
	at ptolemy.actor.util.CausalityInterfaceForComposites._computeInputDepth(CausalityInterfaceForComposites.java:696)
	at ptolemy.actor.util.CausalityInterfaceForComposites._computeActorDepth(CausalityInterfaceForComposites.java:532)
	at ptolemy.actor.util.CausalityInterfaceForComposites.checkForCycles(CausalityInterfaceForComposites.java:96)
	at ptolemy.domains.de.kernel.DEDirector.preinitialize(DEDirector.java:1338)
	at ptolemy.actor.CompositeActor.preinitialize(CompositeActor.java:1828)
	at ptolemy.actor.Manager.preinitializeAndResolveTypes(Manager.java:1040)
	at ptolemy.actor.Manager.initialize(Manager.java:710)
	at ptolemy.actor.Manager.execute(Manager.java:356)
	at ptolemy.actor.Manager.run(Manager.java:1263)
	at ptolemy.actor.Manager$PtolemyRunThread.run(Manager.java:1915)

    while executing
ptolemy.kernel.util.IllegalActionException: Found a zero delay loop containing .dependencyLoop.original
  in .dependencyLoop and .dependencyLoop.original
    while executing
"java::new ptolemy.moml.MoMLSimpleApplication $file
"
    (procedure "createAndExecute" line 2)
    invoked from within
"createAndExecute $file"
    ("uplevel" body line 5)
    invoked from within
"uplevel $contents_of_test"
------------------ testing $PTII/ptolemy/domains/de/test/auto/knownFailedTests/DESDFClockTest.xml (Known Failure) 
2072 ms. Memory: 146944K Free: 116579K (79%)


==== $PTIIhome/travis/build/icyphy/ptII/ptolemy/domains/de/test/../../../../: Auto Automatic test in file $PTII/ptolemy/domains/de/test/auto/knownFailedTests/DESDFClockTest.xml
==== Contents of test case:

	    # FIXME: we should use $relativeFilename here, but it
	    # might have backslashes under Windows, which causes no end
	    # of trouble.
	    createAndExecute $file
	    list {}
	
.... Test generated KNOWN error:
    while executing
ptolemy.kernel.util.IllegalActionException: Actor is not ready to fire.  Perhaps UpSample.prefire() returned false? Try debugging the actor by selecting "Listen to Actor".  Also, for SDF check moml for tokenConsumptionRate on input.
  in .DESDFClockTest.Play Bell.Copy1:SDF Director and .DESDFClockTest.Play Bell.UpSample
	at ptolemy.actor.sched.StaticSchedulingDirector.fire(StaticSchedulingDirector.java:227)
	at ptolemy.domains.sdf.kernel.SDFDirector.fire(SDFDirector.java:500)
	at ptolemy.actor.CompositeActor.fire(CompositeActor.java:455)
	at ptolemy.domains.de.kernel.DEDirector._fire(DEDirector.java:1949)
	at ptolemy.domains.de.kernel.DEDirector.fire(DEDirector.java:502)
	at ptolemy.actor.CompositeActor.fire(CompositeActor.java:455)
	at ptolemy.actor.Manager.iterate(Manager.java:851)
	at ptolemy.actor.Manager.execute(Manager.java:369)
	at ptolemy.actor.Manager.run(Manager.java:1263)
	at ptolemy.actor.Manager$PtolemyRunThread.run(Manager.java:1915)

    while executing
ptolemy.kernel.util.IllegalActionException: Actor is not ready to fire.  Perhaps UpSample.prefire() returned false? Try debugging the actor by selecting "Listen to Actor".  Also, for SDF check moml for tokenConsumptionRate on input.
  in .DESDFClockTest.Play Bell.Copy1:SDF Director and .DESDFClockTest.Play Bell.UpSample
    while executing
"java::new ptolemy.moml.MoMLSimpleApplication $file
"
    (procedure "createAndExecute" line 2)
    invoked from within
"createAndExecute $file"
    ("uplevel" body line 5)
    invoked from within
"uplevel $contents_of_test"
------------------ testing $PTII/ptolemy/domains/de/test/auto/knownFailedTests/FSMSource.xml (Known Failure) 
23 ms. Memory: 146944K Free: 107580K (73%)
!!!! Auto was marked as failing, but now passes
------------------ testing $PTII/ptolemy/domains/de/test/auto/knownFailedTests/dependencyLoop2.xml (Known Failure) 
8 ms. Memory: 146944K Free: 105696K (72%)


==== $PTIIhome/travis/build/icyphy/ptII/ptolemy/domains/de/test/../../../../: Auto Automatic test in file $PTII/ptolemy/domains/de/test/auto/knownFailedTests/dependencyLoop2.xml
==== Contents of test case:

	    # FIXME: we should use $relativeFilename here, but it
	    # might have backslashes under Windows, which causes no end
	    # of trouble.
	    createAndExecute $file
	    list {}
	
.... Test generated KNOWN error:
    while executing
ptolemy.kernel.util.IllegalActionException: Found a zero delay loop containing .dependencyLoop2.original
  in .dependencyLoop2 and .dependencyLoop2.original
	at ptolemy.actor.util.CausalityInterfaceForComposites._computeOutputPortDepth(CausalityInterfaceForComposites.java:759)
	at ptolemy.actor.util.CausalityInterfaceForComposites._computeInputDepth(CausalityInterfaceForComposites.java:696)
	at ptolemy.actor.util.CausalityInterfaceForComposites._computeOutputPortDepth(CausalityInterfaceForComposites.java:765)
	at ptolemy.actor.util.CausalityInterfaceForComposites._computeInputDepth(CausalityInterfaceForComposites.java:696)
	at ptolemy.actor.util.CausalityInterfaceForComposites._computeOutputPortDepth(CausalityInterfaceForComposites.java:765)
	at ptolemy.actor.util.CausalityInterfaceForComposites._computeInputDepth(CausalityInterfaceForComposites.java:696)
	at ptolemy.actor.util.CausalityInterfaceForComposites._computeActorDepth(CausalityInterfaceForComposites.java:532)
	at ptolemy.actor.util.CausalityInterfaceForComposites.checkForCycles(CausalityInterfaceForComposites.java:96)
	at ptolemy.domains.de.kernel.DEDirector.preinitialize(DEDirector.java:1338)
	at ptolemy.actor.CompositeActor.preinitialize(CompositeActor.java:1828)
	at ptolemy.actor.Manager.preinitializeAndResolveTypes(Manager.java:1040)
	at ptolemy.actor.Manager.initialize(Manager.java:710)
	at ptolemy.actor.Manager.execute(Manager.java:356)
	at ptolemy.actor.Manager.run(Manager.java:1263)
	at ptolemy.actor.Manager$PtolemyRunThread.run(Manager.java:1915)

    while executing
ptolemy.kernel.util.IllegalActionException: Found a zero delay loop containing .dependencyLoop2.original
  in .dependencyLoop2 and .dependencyLoop2.original
    while executing
"java::new ptolemy.moml.MoMLSimpleApplication $file
"
    (procedure "createAndExecute" line 2)
    invoked from within
"createAndExecute $file"
    ("uplevel" body line 5)
    invoked from within
"uplevel $contents_of_test"
------------------ testing $PTII/ptolemy/domains/de/test/auto/knownFailedTests/HierarchicalModel.xml (Known Failure) 
9 ms. Memory: 146944K Free: 85036K (58%)


==== $PTIIhome/travis/build/icyphy/ptII/ptolemy/domains/de/test/../../../../: Auto Automatic test in file $PTII/ptolemy/domains/de/test/auto/knownFailedTests/HierarchicalModel.xml
==== Contents of test case:

	    # FIXME: we should use $relativeFilename here, but it
	    # might have backslashes under Windows, which causes no end
	    # of trouble.
	    createAndExecute $file
	    list {}
	
.... Test generated KNOWN error:
    while executing
ptolemy.kernel.util.IllegalActionException: Found a zero delay loop containing .HierarchicalModel.A
  in .HierarchicalModel and .HierarchicalModel.A
	at ptolemy.actor.util.CausalityInterfaceForComposites._computeOutputPortDepth(CausalityInterfaceForComposites.java:759)
	at ptolemy.actor.util.CausalityInterfaceForComposites._computeInputDepth(CausalityInterfaceForComposites.java:696)
	at ptolemy.actor.util.CausalityInterfaceForComposites._computeOutputPortDepth(CausalityInterfaceForComposites.java:765)
	at ptolemy.actor.util.CausalityInterfaceForComposites._computeInputDepth(CausalityInterfaceForComposites.java:696)
	at ptolemy.actor.util.CausalityInterfaceForComposites._computeOutputPortDepth(CausalityInterfaceForComposites.java:765)
	at ptolemy.actor.util.CausalityInterfaceForComposites._computeInputDepth(CausalityInterfaceForComposites.java:696)
	at ptolemy.actor.util.CausalityInterfaceForComposites._computeActorDepth(CausalityInterfaceForComposites.java:532)
	at ptolemy.actor.util.CausalityInterfaceForComposites.checkForCycles(CausalityInterfaceForComposites.java:96)
	at ptolemy.domains.de.kernel.DEDirector.preinitialize(DEDirector.java:1338)
	at ptolemy.actor.CompositeActor.preinitialize(CompositeActor.java:1828)
	at ptolemy.actor.Manager.preinitializeAndResolveTypes(Manager.java:1040)
	at ptolemy.actor.Manager.initialize(Manager.java:710)
	at ptolemy.actor.Manager.execute(Manager.java:356)
	at ptolemy.actor.Manager.run(Manager.java:1263)
	at ptolemy.actor.Manager$PtolemyRunThread.run(Manager.java:1915)

    while executing
ptolemy.kernel.util.IllegalActionException: Found a zero delay loop containing .HierarchicalModel.A
  in .HierarchicalModel and .HierarchicalModel.A
    while executing
"java::new ptolemy.moml.MoMLSimpleApplication $file
"
    (procedure "createAndExecute" line 2)
    invoked from within
"createAndExecute $file"
    ("uplevel" body line 5)
    invoked from within
"uplevel $contents_of_test"
------------------ testing $PTII/ptolemy/domains/de/test/auto/knownFailedTests/DirectFeedback.xml (Known Failure) 
4 ms. Memory: 146944K Free: 141427K (96%)


==== $PTIIhome/travis/build/icyphy/ptII/ptolemy/domains/de/test/../../../../: Auto Automatic test in file $PTII/ptolemy/domains/de/test/auto/knownFailedTests/DirectFeedback.xml
==== Contents of test case:

	    # FIXME: we should use $relativeFilename here, but it
	    # might have backslashes under Windows, which causes no end
	    # of trouble.
	    createAndExecute $file
	    list {}
	
.... Test generated KNOWN error:
    while executing
ptolemy.kernel.util.IllegalActionException: Test fails in iteration 1.
Value was: 1.0. Should have been: 2.0
  in .DirectFeedback.Test
	at ptolemy.actor.lib.Test.fire(Test.java:268)
	at ptolemy.domains.de.kernel.DEDirector._fire(DEDirector.java:1949)
	at ptolemy.domains.de.kernel.DEDirector.fire(DEDirector.java:502)
	at ptolemy.actor.CompositeActor.fire(CompositeActor.java:455)
	at ptolemy.actor.Manager.iterate(Manager.java:851)
	at ptolemy.actor.Manager.execute(Manager.java:369)
	at ptolemy.actor.Manager.run(Manager.java:1263)
	at ptolemy.actor.Manager$PtolemyRunThread.run(Manager.java:1915)

    while executing
ptolemy.kernel.util.IllegalActionException: Test fails in iteration 1.
Value was: 1.0. Should have been: 2.0
  in .DirectFeedback.Test
    while executing
"java::new ptolemy.moml.MoMLSimpleApplication $file
"
    (procedure "createAndExecute" line 2)
    invoked from within
"createAndExecute $file"
    ("uplevel" body line 5)
    invoked from within
"uplevel $contents_of_test"
------------------ testing $PTII/ptolemy/domains/de/test/auto/ActorDepthCalculation_actorWithoutPorts.xml
auto.tcl: Setting watchdog for 200 seconds at Sat Jun 30 01:31:15 UTC 2018
7 ms. Memory: 146944K Free: 132404K (90%)
ptolemy.util.test.WatchDog.cancel(): canceling Sat Jun 30 01:31:15 UTC 2018
auto.tcl: Setting watchdog for 200 seconds at Sat Jun 30 01:31:15 UTC 2018
6 ms. Memory: 146944K Free: 131353K (89%)
ptolemy.util.test.WatchDog.cancel(): canceling Sat Jun 30 01:31:15 UTC 2018
------------------ testing $PTII/ptolemy/domains/de/test/auto/AssemblyLine.xml
auto.tcl: Setting watchdog for 200 seconds at Sat Jun 30 01:31:16 UTC 2018
22 ms. Memory: 208384K Free: 186479K (89%)
ptolemy.util.test.WatchDog.cancel(): canceling Sat Jun 30 01:31:16 UTC 2018
auto.tcl: Setting watchdog for 200 seconds at Sat Jun 30 01:31:16 UTC 2018
9 ms. Memory: 208384K Free: 182792K (88%)
ptolemy.util.test.WatchDog.cancel(): canceling Sat Jun 30 01:31:16 UTC 2018
------------------ testing $PTII/ptolemy/domains/de/test/auto/CQBug1.xml
auto.tcl: Setting watchdog for 200 seconds at Sat Jun 30 01:31:16 UTC 2018
9 ms. Memory: 208384K Free: 197356K (95%)
ptolemy.util.test.WatchDog.cancel(): canceling Sat Jun 30 01:31:16 UTC 2018
auto.tcl: Setting watchdog for 200 seconds at Sat Jun 30 01:31:16 UTC 2018
3 ms. Memory: 208384K Free: 197356K (95%)
ptolemy.util.test.WatchDog.cancel(): canceling Sat Jun 30 01:31:16 UTC 2018
------------------ testing $PTII/ptolemy/domains/de/test/auto/CancelFireAt.xml
auto.tcl: Setting watchdog for 200 seconds at Sat Jun 30 01:31:16 UTC 2018
6 ms. Memory: 208384K Free: 201089K (96%)
ptolemy.util.test.WatchDog.cancel(): canceling Sat Jun 30 01:31:16 UTC 2018
auto.tcl: Setting watchdog for 200 seconds at Sat Jun 30 01:31:16 UTC 2018
2 ms. Memory: 208384K Free: 198975K (95%)
ptolemy.util.test.WatchDog.cancel(): canceling Sat Jun 30 01:31:16 UTC 2018
------------------ testing $PTII/ptolemy/domains/de/test/auto/CausalityAndComposabilityAnalysis.xml
auto.tcl: Setting watchdog for 200 seconds at Sat Jun 30 01:31:16 UTC 2018
19 ms. Memory: 208384K Free: 196868K (94%)
ptolemy.util.test.WatchDog.cancel(): canceling Sat Jun 30 01:31:16 UTC 2018
auto.tcl: Setting watchdog for 200 seconds at Sat Jun 30 01:31:16 UTC 2018
6 ms. Memory: 208384K Free: 196868K (94%)
ptolemy.util.test.WatchDog.cancel(): canceling Sat Jun 30 01:31:16 UTC 2018
------------------ testing $PTII/ptolemy/domains/de/test/auto/CausalityInterface1.xml
auto.tcl: Setting watchdog for 200 seconds at Sat Jun 30 01:31:16 UTC 2018
20 ms. Memory: 208384K Free: 196396K (94%)
ptolemy.util.test.WatchDog.cancel(): canceling Sat Jun 30 01:31:16 UTC 2018
auto.tcl: Setting watchdog for 200 seconds at Sat Jun 30 01:31:16 UTC 2018
13 ms. Memory: 208384K Free: 196396K (94%)
ptolemy.util.test.WatchDog.cancel(): canceling Sat Jun 30 01:31:17 UTC 2018
------------------ testing $PTII/ptolemy/domains/de/test/auto/CausalityInterface15.xml
auto.tcl: Setting watchdog for 200 seconds at Sat Jun 30 01:31:17 UTC 2018
12 ms. Memory: 208384K Free: 196387K (94%)
ptolemy.util.test.WatchDog.cancel(): canceling Sat Jun 30 01:31:17 UTC 2018
auto.tcl: Setting watchdog for 200 seconds at Sat Jun 30 01:31:17 UTC 2018
10 ms. Memory: 208384K Free: 196387K (94%)
ptolemy.util.test.WatchDog.cancel(): canceling Sat Jun 30 01:31:17 UTC 2018
------------------ testing $PTII/ptolemy/domains/de/test/auto/CausalityInterface2.xml
auto.tcl: Setting watchdog for 200 seconds at Sat Jun 30 01:31:17 UTC 2018
4 ms. Memory: 208384K Free: 196371K (94%)
ptolemy.util.test.WatchDog.cancel(): canceling Sat Jun 30 01:31:17 UTC 2018
auto.tcl: Setting watchdog for 200 seconds at Sat Jun 30 01:31:17 UTC 2018
4 ms. Memory: 208384K Free: 196371K (94%)
ptolemy.util.test.WatchDog.cancel(): canceling Sat Jun 30 01:31:17 UTC 2018
------------------ testing $PTII/ptolemy/domains/de/test/auto/CausalityInterface3.xml
auto.tcl: Setting watchdog for 200 seconds at Sat Jun 30 01:31:17 UTC 2018
12 ms. Memory: 208384K Free: 196384K (94%)
ptolemy.util.test.WatchDog.cancel(): canceling Sat Jun 30 01:31:17 UTC 2018
auto.tcl: Setting watchdog for 200 seconds at Sat Jun 30 01:31:17 UTC 2018
3 ms. Memory: 208384K Free: 196384K (94%)
ptolemy.util.test.WatchDog.cancel(): canceling Sat Jun 30 01:31:17 UTC 2018
------------------ testing $PTII/ptolemy/domains/de/test/auto/ClockDrift.xml
auto.tcl: Setting watchdog for 200 seconds at Sat Jun 30 01:31:17 UTC 2018
99 ms. Memory: 208384K Free: 187574K (90%)
ptolemy.util.test.WatchDog.cancel(): canceling Sat Jun 30 01:31:17 UTC 2018
auto.tcl: Setting watchdog for 200 seconds at Sat Jun 30 01:31:17 UTC 2018
70 ms. Memory: 208384K Free: 185460K (89%)
ptolemy.util.test.WatchDog.cancel(): canceling Sat Jun 30 01:31:17 UTC 2018
------------------ testing $PTII/ptolemy/domains/de/test/auto/ClockDriftAndValueChange.xml
auto.tcl: Setting watchdog for 200 seconds at Sat Jun 30 01:31:17 UTC 2018
35 ms. Memory: 208384K Free: 187399K (90%)
ptolemy.util.test.WatchDog.cancel(): canceling Sat Jun 30 01:31:17 UTC 2018
auto.tcl: Setting watchdog for 200 seconds at Sat Jun 30 01:31:17 UTC 2018
26 ms. Memory: 208384K Free: 185285K (89%)
ptolemy.util.test.WatchDog.cancel(): canceling Sat Jun 30 01:31:17 UTC 2018
------------------ testing $PTII/ptolemy/domains/de/test/auto/ClockDriftChange.xml
auto.tcl: Setting watchdog for 200 seconds at Sat Jun 30 01:31:17 UTC 2018
41 ms. Memory: 208384K Free: 190742K (92%)
ptolemy.util.test.WatchDog.cancel(): canceling Sat Jun 30 01:31:18 UTC 2018
auto.tcl: Setting watchdog for 200 seconds at Sat Jun 30 01:31:18 UTC 2018
37 ms. Memory: 208384K Free: 188629K (91%)
ptolemy.util.test.WatchDog.cancel(): canceling Sat Jun 30 01:31:18 UTC 2018
------------------ testing $PTII/ptolemy/domains/de/test/auto/ComposableCausalityAnalysis.xml
auto.tcl: Setting watchdog for 200 seconds at Sat Jun 30 01:31:18 UTC 2018
3 ms. Memory: 208384K Free: 196235K (94%)
ptolemy.util.test.WatchDog.cancel(): canceling Sat Jun 30 01:31:18 UTC 2018
auto.tcl: Setting watchdog for 200 seconds at Sat Jun 30 01:31:18 UTC 2018
5 ms. Memory: 208384K Free: 194121K (93%)
ptolemy.util.test.WatchDog.cancel(): canceling Sat Jun 30 01:31:18 UTC 2018
------------------ testing $PTII/ptolemy/domains/de/test/auto/DEFixedPointLimitation.xml
auto.tcl: Setting watchdog for 200 seconds at Sat Jun 30 01:31:18 UTC 2018
11 ms. Memory: 208384K Free: 196315K (94%)
ptolemy.util.test.WatchDog.cancel(): canceling Sat Jun 30 01:31:18 UTC 2018
auto.tcl: Setting watchdog for 200 seconds at Sat Jun 30 01:31:18 UTC 2018
2 ms. Memory: 208384K Free: 196315K (94%)
ptolemy.util.test.WatchDog.cancel(): canceling Sat Jun 30 01:31:18 UTC 2018
------------------ testing $PTII/ptolemy/domains/de/test/auto/DEScheduleTest.xml
auto.tcl: Setting watchdog for 200 seconds at Sat Jun 30 01:31:18 UTC 2018
11 ms. Memory: 208384K Free: 198465K (95%)
ptolemy.util.test.WatchDog.cancel(): canceling Sat Jun 30 01:31:18 UTC 2018
auto.tcl: Setting watchdog for 200 seconds at Sat Jun 30 01:31:18 UTC 2018
3 ms. Memory: 208384K Free: 196351K (94%)
ptolemy.util.test.WatchDog.cancel(): canceling Sat Jun 30 01:31:18 UTC 2018
------------------ testing $PTII/ptolemy/domains/de/test/auto/DEinDEwithStartTimes.xml
auto.tcl: Setting watchdog for 200 seconds at Sat Jun 30 01:31:18 UTC 2018
9 ms. Memory: 208384K Free: 196321K (94%)
ptolemy.util.test.WatchDog.cancel(): canceling Sat Jun 30 01:31:18 UTC 2018
auto.tcl: Setting watchdog for 200 seconds at Sat Jun 30 01:31:18 UTC 2018
4 ms. Memory: 208384K Free: 194207K (93%)
ptolemy.util.test.WatchDog.cancel(): canceling Sat Jun 30 01:31:18 UTC 2018
------------------ testing $PTII/ptolemy/domains/de/test/auto/DEinDEwithStartTimes2.xml
auto.tcl: Setting watchdog for 200 seconds at Sat Jun 30 01:31:18 UTC 2018
8 ms. Memory: 208384K Free: 196638K (94%)
ptolemy.util.test.WatchDog.cancel(): canceling Sat Jun 30 01:31:18 UTC 2018
auto.tcl: Setting watchdog for 200 seconds at Sat Jun 30 01:31:18 UTC 2018
5 ms. Memory: 208384K Free: 194187K (93%)
ptolemy.util.test.WatchDog.cancel(): canceling Sat Jun 30 01:31:18 UTC 2018
------------------ testing $PTII/ptolemy/domains/de/test/auto/DateDemo.xml
auto.tcl: Setting watchdog for 200 seconds at Sat Jun 30 01:31:18 UTC 2018
16 ms. Memory: 208384K Free: 188689K (91%)
ptolemy.util.test.WatchDog.cancel(): canceling Sat Jun 30 01:31:18 UTC 2018
auto.tcl: Setting watchdog for 200 seconds at Sat Jun 30 01:31:18 UTC 2018
14 ms. Memory: 208384K Free: 186575K (90%)
ptolemy.util.test.WatchDog.cancel(): canceling Sat Jun 30 01:31:18 UTC 2018
------------------ testing $PTII/ptolemy/domains/de/test/auto/DateToEvent.xml
auto.tcl: Setting watchdog for 200 seconds at Sat Jun 30 01:31:18 UTC 2018
2012 ms. Memory: 208384K Free: 183354K (88%)
ptolemy.util.test.WatchDog.cancel(): canceling Sat Jun 30 01:31:20 UTC 2018
auto.tcl: Setting watchdog for 200 seconds at Sat Jun 30 01:31:20 UTC 2018
2006 ms. Memory: 208384K Free: 183354K (88%)
ptolemy.util.test.WatchDog.cancel(): canceling Sat Jun 30 01:31:22 UTC 2018
------------------ testing $PTII/ptolemy/domains/de/test/auto/DepthTest1.xml
auto.tcl: Setting watchdog for 200 seconds at Sat Jun 30 01:31:22 UTC 2018
4 ms. Memory: 208384K Free: 195538K (94%)
ptolemy.util.test.WatchDog.cancel(): canceling Sat Jun 30 01:31:22 UTC 2018
auto.tcl: Setting watchdog for 200 seconds at Sat Jun 30 01:31:22 UTC 2018
2 ms. Memory: 208384K Free: 195538K (94%)
ptolemy.util.test.WatchDog.cancel(): canceling Sat Jun 30 01:31:22 UTC 2018
------------------ testing $PTII/ptolemy/domains/de/test/auto/DepthTest2.xml
auto.tcl: Setting watchdog for 200 seconds at Sat Jun 30 01:31:23 UTC 2018
4 ms. Memory: 208384K Free: 194506K (93%)
ptolemy.util.test.WatchDog.cancel(): canceling Sat Jun 30 01:31:23 UTC 2018
auto.tcl: Setting watchdog for 200 seconds at Sat Jun 30 01:31:23 UTC 2018
4 ms. Memory: 208384K Free: 194506K (93%)
ptolemy.util.test.WatchDog.cancel(): canceling Sat Jun 30 01:31:23 UTC 2018
------------------ testing $PTII/ptolemy/domains/de/test/auto/DepthTest3.xml
auto.tcl: Setting watchdog for 200 seconds at Sat Jun 30 01:31:23 UTC 2018
2 ms. Memory: 208384K Free: 198329K (95%)
ptolemy.util.test.WatchDog.cancel(): canceling Sat Jun 30 01:31:23 UTC 2018
auto.tcl: Setting watchdog for 200 seconds at Sat Jun 30 01:31:23 UTC 2018
1 ms. Memory: 208384K Free: 198329K (95%)
ptolemy.util.test.WatchDog.cancel(): canceling Sat Jun 30 01:31:23 UTC 2018
------------------ testing $PTII/ptolemy/domains/de/test/auto/DepthTest4.xml
auto.tcl: Setting watchdog for 200 seconds at Sat Jun 30 01:31:23 UTC 2018
3 ms. Memory: 208384K Free: 196303K (94%)
ptolemy.util.test.WatchDog.cancel(): canceling Sat Jun 30 01:31:23 UTC 2018
auto.tcl: Setting watchdog for 200 seconds at Sat Jun 30 01:31:23 UTC 2018
4 ms. Memory: 208384K Free: 196303K (94%)
ptolemy.util.test.WatchDog.cancel(): canceling Sat Jun 30 01:31:23 UTC 2018
------------------ testing $PTII/ptolemy/domains/de/test/auto/DepthTest5.xml
auto.tcl: Setting watchdog for 200 seconds at Sat Jun 30 01:31:23 UTC 2018
4 ms. Memory: 208384K Free: 196250K (94%)
ptolemy.util.test.WatchDog.cancel(): canceling Sat Jun 30 01:31:23 UTC 2018
auto.tcl: Setting watchdog for 200 seconds at Sat Jun 30 01:31:23 UTC 2018
4 ms. Memory: 208384K Free: 196250K (94%)
ptolemy.util.test.WatchDog.cancel(): canceling Sat Jun 30 01:31:23 UTC 2018
------------------ testing $PTII/ptolemy/domains/de/test/auto/DepthTest6.xml
auto.tcl: Setting watchdog for 200 seconds at Sat Jun 30 01:31:23 UTC 2018
12 ms. Memory: 208384K Free: 196546K (94%)
ptolemy.util.test.WatchDog.cancel(): canceling Sat Jun 30 01:31:23 UTC 2018
auto.tcl: Setting watchdog for 200 seconds at Sat Jun 30 01:31:23 UTC 2018
4 ms. Memory: 208384K Free: 196546K (94%)
ptolemy.util.test.WatchDog.cancel(): canceling Sat Jun 30 01:31:23 UTC 2018
------------------ testing $PTII/ptolemy/domains/de/test/auto/DepthTest7.xml
auto.tcl: Setting watchdog for 200 seconds at Sat Jun 30 01:31:23 UTC 2018
7 ms. Memory: 208384K Free: 196205K (94%)
ptolemy.util.test.WatchDog.cancel(): canceling Sat Jun 30 01:31:23 UTC 2018
auto.tcl: Setting watchdog for 200 seconds at Sat Jun 30 01:31:23 UTC 2018
3 ms. Memory: 208384K Free: 196205K (94%)
ptolemy.util.test.WatchDog.cancel(): canceling Sat Jun 30 01:31:23 UTC 2018
------------------ testing $PTII/ptolemy/domains/de/test/auto/EventToDate.xml
auto.tcl: Setting watchdog for 200 seconds at Sat Jun 30 01:31:23 UTC 2018
3006 ms. Memory: 208384K Free: 185657K (89%)
ptolemy.util.test.WatchDog.cancel(): canceling Sat Jun 30 01:31:26 UTC 2018
auto.tcl: Setting watchdog for 200 seconds at Sat Jun 30 01:31:26 UTC 2018
3004 ms. Memory: 208384K Free: 185657K (89%)
ptolemy.util.test.WatchDog.cancel(): canceling Sat Jun 30 01:31:29 UTC 2018
------------------ testing $PTII/ptolemy/domains/de/test/auto/FSM1.xml
auto.tcl: Setting watchdog for 200 seconds at Sat Jun 30 01:31:29 UTC 2018
22 ms. Memory: 208384K Free: 189230K (91%)
ptolemy.util.test.WatchDog.cancel(): canceling Sat Jun 30 01:31:29 UTC 2018
auto.tcl: Setting watchdog for 200 seconds at Sat Jun 30 01:31:29 UTC 2018
17 ms. Memory: 208384K Free: 185003K (89%)
ptolemy.util.test.WatchDog.cancel(): canceling Sat Jun 30 01:31:29 UTC 2018
------------------ testing $PTII/ptolemy/domains/de/test/auto/FSM7.xml
auto.tcl: Setting watchdog for 200 seconds at Sat Jun 30 01:31:29 UTC 2018
18 ms. Memory: 208384K Free: 187659K (90%)
ptolemy.util.test.WatchDog.cancel(): canceling Sat Jun 30 01:31:29 UTC 2018
auto.tcl: Setting watchdog for 200 seconds at Sat Jun 30 01:31:29 UTC 2018
17 ms. Memory: 208384K Free: 185545K (89%)
ptolemy.util.test.WatchDog.cancel(): canceling Sat Jun 30 01:31:29 UTC 2018
------------------ testing $PTII/ptolemy/domains/de/test/auto/Inspection.xml
auto.tcl: Setting watchdog for 200 seconds at Sat Jun 30 01:31:29 UTC 2018
28 ms. Memory: 208384K Free: 188537K (90%)
ptolemy.util.test.WatchDog.cancel(): canceling Sat Jun 30 01:31:30 UTC 2018
auto.tcl: Setting watchdog for 200 seconds at Sat Jun 30 01:31:30 UTC 2018
30 ms. Memory: 208384K Free: 186423K (89%)
ptolemy.util.test.WatchDog.cancel(): canceling Sat Jun 30 01:31:30 UTC 2018
------------------ testing $PTII/ptolemy/domains/de/test/auto/Iteration.xml
auto.tcl: Setting watchdog for 200 seconds at Sat Jun 30 01:31:30 UTC 2018
10 ms. Memory: 208384K Free: 196015K (94%)
ptolemy.util.test.WatchDog.cancel(): canceling Sat Jun 30 01:31:30 UTC 2018
auto.tcl: Setting watchdog for 200 seconds at Sat Jun 30 01:31:30 UTC 2018
9 ms. Memory: 208384K Free: 193901K (93%)
ptolemy.util.test.WatchDog.cancel(): canceling Sat Jun 30 01:31:30 UTC 2018
------------------ testing $PTII/ptolemy/domains/de/test/auto/LineFault.xml
auto.tcl: Setting watchdog for 200 seconds at Sat Jun 30 01:31:30 UTC 2018
1022 ms. Memory: 208384K Free: 195128K (94%)
ptolemy.util.test.WatchDog.cancel(): canceling Sat Jun 30 01:31:31 UTC 2018
auto.tcl: Setting watchdog for 200 seconds at Sat Jun 30 01:31:31 UTC 2018
853 ms. Memory: 208384K Free: 139279K (67%)
ptolemy.util.test.WatchDog.cancel(): canceling Sat Jun 30 01:31:32 UTC 2018
------------------ testing $PTII/ptolemy/domains/de/test/auto/MergeModel1Add.xml
auto.tcl: Setting watchdog for 200 seconds at Sat Jun 30 01:31:32 UTC 2018
28 ms. Memory: 331264K Free: 298852K (90%)
ptolemy.util.test.WatchDog.cancel(): canceling Sat Jun 30 01:31:32 UTC 2018
auto.tcl: Setting watchdog for 200 seconds at Sat Jun 30 01:31:32 UTC 2018
15 ms. Memory: 331264K Free: 298852K (90%)
ptolemy.util.test.WatchDog.cancel(): canceling Sat Jun 30 01:31:32 UTC 2018
------------------ testing $PTII/ptolemy/domains/de/test/auto/MergeModel2Add.xml
auto.tcl: Setting watchdog for 200 seconds at Sat Jun 30 01:31:32 UTC 2018
8 ms. Memory: 331264K Free: 304114K (92%)
ptolemy.util.test.WatchDog.cancel(): canceling Sat Jun 30 01:31:32 UTC 2018
auto.tcl: Setting watchdog for 200 seconds at Sat Jun 30 01:31:32 UTC 2018
9 ms. Memory: 331264K Free: 300189K (91%)
ptolemy.util.test.WatchDog.cancel(): canceling Sat Jun 30 01:31:32 UTC 2018
------------------ testing $PTII/ptolemy/domains/de/test/auto/MergeModel3Add.xml
auto.tcl: Setting watchdog for 200 seconds at Sat Jun 30 01:31:33 UTC 2018
13 ms. Memory: 331264K Free: 304124K (92%)
ptolemy.util.test.WatchDog.cancel(): canceling Sat Jun 30 01:31:33 UTC 2018
auto.tcl: Setting watchdog for 200 seconds at Sat Jun 30 01:31:33 UTC 2018
17 ms. Memory: 331264K Free: 300199K (91%)
ptolemy.util.test.WatchDog.cancel(): canceling Sat Jun 30 01:31:33 UTC 2018
------------------ testing $PTII/ptolemy/domains/de/test/auto/MergeWithoutDiscard.xml
auto.tcl: Setting watchdog for 200 seconds at Sat Jun 30 01:31:33 UTC 2018
3 ms. Memory: 331264K Free: 320103K (97%)
ptolemy.util.test.WatchDog.cancel(): canceling Sat Jun 30 01:31:33 UTC 2018
auto.tcl: Setting watchdog for 200 seconds at Sat Jun 30 01:31:33 UTC 2018
1 ms. Memory: 331264K Free: 316178K (95%)
ptolemy.util.test.WatchDog.cancel(): canceling Sat Jun 30 01:31:33 UTC 2018
------------------ testing $PTII/ptolemy/domains/de/test/auto/Modal1.xml
auto.tcl: Setting watchdog for 200 seconds at Sat Jun 30 01:31:33 UTC 2018
22 ms. Memory: 331264K Free: 309417K (93%)
ptolemy.util.test.WatchDog.cancel(): canceling Sat Jun 30 01:31:33 UTC 2018
auto.tcl: Setting watchdog for 200 seconds at Sat Jun 30 01:31:33 UTC 2018
26 ms. Memory: 331264K Free: 305493K (92%)
ptolemy.util.test.WatchDog.cancel(): canceling Sat Jun 30 01:31:33 UTC 2018
------------------ testing $PTII/ptolemy/domains/de/test/auto/Modal2.xml
auto.tcl: Setting watchdog for 200 seconds at Sat Jun 30 01:31:33 UTC 2018
18 ms. Memory: 331264K Free: 309281K (93%)
ptolemy.util.test.WatchDog.cancel(): canceling Sat Jun 30 01:31:33 UTC 2018
auto.tcl: Setting watchdog for 200 seconds at Sat Jun 30 01:31:33 UTC 2018
13 ms. Memory: 331264K Free: 305357K (92%)
ptolemy.util.test.WatchDog.cancel(): canceling Sat Jun 30 01:31:33 UTC 2018
------------------ testing $PTII/ptolemy/domains/de/test/auto/Modal3.xml
auto.tcl: Setting watchdog for 200 seconds at Sat Jun 30 01:31:33 UTC 2018
12 ms. Memory: 331264K Free: 309288K (93%)
ptolemy.util.test.WatchDog.cancel(): canceling Sat Jun 30 01:31:33 UTC 2018
auto.tcl: Setting watchdog for 200 seconds at Sat Jun 30 01:31:33 UTC 2018
19 ms. Memory: 331264K Free: 305364K (92%)
ptolemy.util.test.WatchDog.cancel(): canceling Sat Jun 30 01:31:33 UTC 2018
------------------ testing $PTII/ptolemy/domains/de/test/auto/Modal4.xml
auto.tcl: Setting watchdog for 200 seconds at Sat Jun 30 01:31:33 UTC 2018
28 ms. Memory: 331264K Free: 309293K (93%)
ptolemy.util.test.WatchDog.cancel(): canceling Sat Jun 30 01:31:33 UTC 2018
auto.tcl: Setting watchdog for 200 seconds at Sat Jun 30 01:31:33 UTC 2018
21 ms. Memory: 331264K Free: 305369K (92%)
ptolemy.util.test.WatchDog.cancel(): canceling Sat Jun 30 01:31:33 UTC 2018
------------------ testing $PTII/ptolemy/domains/de/test/auto/Modal5.xml
auto.tcl: Setting watchdog for 200 seconds at Sat Jun 30 01:31:33 UTC 2018
21 ms. Memory: 331264K Free: 309280K (93%)
ptolemy.util.test.WatchDog.cancel(): canceling Sat Jun 30 01:31:33 UTC 2018
auto.tcl: Setting watchdog for 200 seconds at Sat Jun 30 01:31:33 UTC 2018
19 ms. Memory: 331264K Free: 305356K (92%)
ptolemy.util.test.WatchDog.cancel(): canceling Sat Jun 30 01:31:33 UTC 2018
------------------ testing $PTII/ptolemy/domains/de/test/auto/Modal6.xml
auto.tcl: Setting watchdog for 200 seconds at Sat Jun 30 01:31:33 UTC 2018
16 ms. Memory: 331264K Free: 309277K (93%)
ptolemy.util.test.WatchDog.cancel(): canceling Sat Jun 30 01:31:34 UTC 2018
auto.tcl: Setting watchdog for 200 seconds at Sat Jun 30 01:31:34 UTC 2018
19 ms. Memory: 331264K Free: 305353K (92%)
ptolemy.util.test.WatchDog.cancel(): canceling Sat Jun 30 01:31:34 UTC 2018
------------------ testing $PTII/ptolemy/domains/de/test/auto/Modal7.xml
auto.tcl: Setting watchdog for 200 seconds at Sat Jun 30 01:31:34 UTC 2018
22 ms. Memory: 331264K Free: 305353K (92%)
ptolemy.util.test.WatchDog.cancel(): canceling Sat Jun 30 01:31:34 UTC 2018
auto.tcl: Setting watchdog for 200 seconds at Sat Jun 30 01:31:34 UTC 2018
13 ms. Memory: 331264K Free: 305353K (92%)
ptolemy.util.test.WatchDog.cancel(): canceling Sat Jun 30 01:31:34 UTC 2018
------------------ testing $PTII/ptolemy/domains/de/test/auto/ModalModel.xml
auto.tcl: Setting watchdog for 200 seconds at Sat Jun 30 01:31:34 UTC 2018
246 ms. Memory: 331264K Free: 245709K (74%)
ptolemy.util.test.WatchDog.cancel(): canceling Sat Jun 30 01:31:34 UTC 2018
auto.tcl: Setting watchdog for 200 seconds at Sat Jun 30 01:31:34 UTC 2018
223 ms. Memory: 331264K Free: 190663K (58%)
ptolemy.util.test.WatchDog.cancel(): canceling Sat Jun 30 01:31:34 UTC 2018
------------------ testing $PTII/ptolemy/domains/de/test/auto/ModalSource.xml
auto.tcl: Setting watchdog for 200 seconds at Sat Jun 30 01:31:34 UTC 2018
11 ms. Memory: 331264K Free: 316014K (95%)
ptolemy.util.test.WatchDog.cancel(): canceling Sat Jun 30 01:31:34 UTC 2018
auto.tcl: Setting watchdog for 200 seconds at Sat Jun 30 01:31:34 UTC 2018
10 ms. Memory: 331264K Free: 312501K (94%)
ptolemy.util.test.WatchDog.cancel(): canceling Sat Jun 30 01:31:34 UTC 2018
------------------ testing $PTII/ptolemy/domains/de/test/auto/NonInterruptibleTimerZeroDelay.xml
auto.tcl: Setting watchdog for 200 seconds at Sat Jun 30 01:31:34 UTC 2018
4 ms. Memory: 331264K Free: 320366K (97%)
ptolemy.util.test.WatchDog.cancel(): canceling Sat Jun 30 01:31:34 UTC 2018
auto.tcl: Setting watchdog for 200 seconds at Sat Jun 30 01:31:34 UTC 2018
2 ms. Memory: 331264K Free: 316852K (96%)
ptolemy.util.test.WatchDog.cancel(): canceling Sat Jun 30 01:31:34 UTC 2018
------------------ testing $PTII/ptolemy/domains/de/test/auto/OpenQueueingNetwork.xml
auto.tcl: Setting watchdog for 200 seconds at Sat Jun 30 01:31:35 UTC 2018
3591 ms. Memory: 317952K Free: 174813K (55%)
ptolemy.util.test.WatchDog.cancel(): canceling Sat Jun 30 01:31:38 UTC 2018
auto.tcl: Setting watchdog for 200 seconds at Sat Jun 30 01:31:38 UTC 2018
2450 ms. Memory: 287232K Free: 261132K (91%)
ptolemy.util.test.WatchDog.cancel(): canceling Sat Jun 30 01:31:41 UTC 2018
------------------ testing $PTII/ptolemy/domains/de/test/auto/OpenQueuingNetwork.xml
auto.tcl: Setting watchdog for 200 seconds at Sat Jun 30 01:31:41 UTC 2018
288 ms. Memory: 287232K Free: 189827K (66%)
ptolemy.util.test.WatchDog.cancel(): canceling Sat Jun 30 01:31:41 UTC 2018
auto.tcl: Setting watchdog for 200 seconds at Sat Jun 30 01:31:41 UTC 2018
326 ms. Memory: 287232K Free: 128671K (45%)
ptolemy.util.test.WatchDog.cancel(): canceling Sat Jun 30 01:31:42 UTC 2018
------------------ testing $PTII/ptolemy/domains/de/test/auto/PeriodicSampler.xml
auto.tcl: Setting watchdog for 200 seconds at Sat Jun 30 01:31:42 UTC 2018
4 ms. Memory: 289792K Free: 274276K (95%)
ptolemy.util.test.WatchDog.cancel(): canceling Sat Jun 30 01:31:42 UTC 2018
auto.tcl: Setting watchdog for 200 seconds at Sat Jun 30 01:31:42 UTC 2018
3 ms. Memory: 289792K Free: 274276K (95%)
ptolemy.util.test.WatchDog.cancel(): canceling Sat Jun 30 01:31:42 UTC 2018
------------------ testing $PTII/ptolemy/domains/de/test/auto/PersistentIO.xml
auto.tcl: Setting watchdog for 200 seconds at Sat Jun 30 01:31:42 UTC 2018
16 ms. Memory: 287232K Free: 266459K (93%)
ptolemy.util.test.WatchDog.cancel(): canceling Sat Jun 30 01:31:42 UTC 2018
auto.tcl: Setting watchdog for 200 seconds at Sat Jun 30 01:31:42 UTC 2018
5 ms. Memory: 287232K Free: 266459K (93%)
ptolemy.util.test.WatchDog.cancel(): canceling Sat Jun 30 01:31:42 UTC 2018
------------------ testing $PTII/ptolemy/domains/de/test/auto/PortParameterResetOnInitialize.xml
auto.tcl: Setting watchdog for 200 seconds at Sat Jun 30 01:31:42 UTC 2018
2 ms. Memory: 289280K Free: 274115K (95%)
ptolemy.util.test.WatchDog.cancel(): canceling Sat Jun 30 01:31:42 UTC 2018
auto.tcl: Setting watchdog for 200 seconds at Sat Jun 30 01:31:42 UTC 2018
2 ms. Memory: 289280K Free: 274115K (95%)
ptolemy.util.test.WatchDog.cancel(): canceling Sat Jun 30 01:31:42 UTC 2018
------------------ testing $PTII/ptolemy/domains/de/test/auto/PortParameterUpdates.xml
auto.tcl: Setting watchdog for 200 seconds at Sat Jun 30 01:31:42 UTC 2018
4 ms. Memory: 287232K Free: 274368K (96%)
ptolemy.util.test.WatchDog.cancel(): canceling Sat Jun 30 01:31:42 UTC 2018
auto.tcl: Setting watchdog for 200 seconds at Sat Jun 30 01:31:42 UTC 2018
4 ms. Memory: 287232K Free: 271436K (95%)
ptolemy.util.test.WatchDog.cancel(): canceling Sat Jun 30 01:31:42 UTC 2018
------------------ testing $PTII/ptolemy/domains/de/test/auto/QueueAndServer.xml
auto.tcl: Setting watchdog for 200 seconds at Sat Jun 30 01:31:42 UTC 2018
21 ms. Memory: 289280K Free: 273339K (94%)
ptolemy.util.test.WatchDog.cancel(): canceling Sat Jun 30 01:31:42 UTC 2018
auto.tcl: Setting watchdog for 200 seconds at Sat Jun 30 01:31:42 UTC 2018
8 ms. Memory: 289280K Free: 273339K (94%)
ptolemy.util.test.WatchDog.cancel(): canceling Sat Jun 30 01:31:42 UTC 2018
------------------ testing $PTII/ptolemy/domains/de/test/auto/Records.xml
auto.tcl: Setting watchdog for 200 seconds at Sat Jun 30 01:31:42 UTC 2018
4 ms. Memory: 287232K Free: 270047K (94%)
ptolemy.util.test.WatchDog.cancel(): canceling Sat Jun 30 01:31:42 UTC 2018
auto.tcl: Setting watchdog for 200 seconds at Sat Jun 30 01:31:42 UTC 2018
2 ms. Memory: 287232K Free: 270047K (94%)
ptolemy.util.test.WatchDog.cancel(): canceling Sat Jun 30 01:31:42 UTC 2018
------------------ testing $PTII/ptolemy/domains/de/test/auto/ResetTransitionWithStartTime1.xml
auto.tcl: Setting watchdog for 200 seconds at Sat Jun 30 01:31:42 UTC 2018
18 ms. Memory: 288768K Free: 272793K (94%)
ptolemy.util.test.WatchDog.cancel(): canceling Sat Jun 30 01:31:42 UTC 2018
auto.tcl: Setting watchdog for 200 seconds at Sat Jun 30 01:31:42 UTC 2018
10 ms. Memory: 288768K Free: 269877K (93%)
ptolemy.util.test.WatchDog.cancel(): canceling Sat Jun 30 01:31:42 UTC 2018
------------------ testing $PTII/ptolemy/domains/de/test/auto/ResetTransitionWithStartTime2.xml
auto.tcl: Setting watchdog for 200 seconds at Sat Jun 30 01:31:42 UTC 2018
6 ms. Memory: 287232K Free: 271349K (94%)
ptolemy.util.test.WatchDog.cancel(): canceling Sat Jun 30 01:31:42 UTC 2018
auto.tcl: Setting watchdog for 200 seconds at Sat Jun 30 01:31:42 UTC 2018
7 ms. Memory: 287232K Free: 268417K (93%)
ptolemy.util.test.WatchDog.cancel(): canceling Sat Jun 30 01:31:42 UTC 2018
------------------ testing $PTII/ptolemy/domains/de/test/auto/ResetTransitionWithStartTime3.xml
auto.tcl: Setting watchdog for 200 seconds at Sat Jun 30 01:31:42 UTC 2018
11 ms. Memory: 288768K Free: 272782K (94%)
ptolemy.util.test.WatchDog.cancel(): canceling Sat Jun 30 01:31:42 UTC 2018
auto.tcl: Setting watchdog for 200 seconds at Sat Jun 30 01:31:42 UTC 2018
8 ms. Memory: 288768K Free: 269850K (93%)
ptolemy.util.test.WatchDog.cancel(): canceling Sat Jun 30 01:31:42 UTC 2018
------------------ testing $PTII/ptolemy/domains/de/test/auto/ResetTransitionWithStartTime4.xml
auto.tcl: Setting watchdog for 200 seconds at Sat Jun 30 01:31:42 UTC 2018
6 ms. Memory: 287232K Free: 271261K (94%)
ptolemy.util.test.WatchDog.cancel(): canceling Sat Jun 30 01:31:42 UTC 2018
auto.tcl: Setting watchdog for 200 seconds at Sat Jun 30 01:31:42 UTC 2018
5 ms. Memory: 287232K Free: 271261K (94%)
ptolemy.util.test.WatchDog.cancel(): canceling Sat Jun 30 01:31:42 UTC 2018
------------------ testing $PTII/ptolemy/domains/de/test/auto/ResettableTimer1.xml
auto.tcl: Setting watchdog for 200 seconds at Sat Jun 30 01:31:43 UTC 2018
3 ms. Memory: 288768K Free: 275708K (95%)
ptolemy.util.test.WatchDog.cancel(): canceling Sat Jun 30 01:31:43 UTC 2018
auto.tcl: Setting watchdog for 200 seconds at Sat Jun 30 01:31:43 UTC 2018
2 ms. Memory: 288768K Free: 275708K (95%)
ptolemy.util.test.WatchDog.cancel(): canceling Sat Jun 30 01:31:43 UTC 2018
------------------ testing $PTII/ptolemy/domains/de/test/auto/ResettableTimer2.xml
auto.tcl: Setting watchdog for 200 seconds at Sat Jun 30 01:31:43 UTC 2018
3 ms. Memory: 287232K Free: 274331K (96%)
ptolemy.util.test.WatchDog.cancel(): canceling Sat Jun 30 01:31:43 UTC 2018
auto.tcl: Setting watchdog for 200 seconds at Sat Jun 30 01:31:43 UTC 2018
2 ms. Memory: 287232K Free: 274331K (96%)
ptolemy.util.test.WatchDog.cancel(): canceling Sat Jun 30 01:31:43 UTC 2018
------------------ testing $PTII/ptolemy/domains/de/test/auto/ResettableTimer3.xml
auto.tcl: Setting watchdog for 200 seconds at Sat Jun 30 01:31:43 UTC 2018
2 ms. Memory: 288256K Free: 275370K (96%)
ptolemy.util.test.WatchDog.cancel(): canceling Sat Jun 30 01:31:43 UTC 2018
auto.tcl: Setting watchdog for 200 seconds at Sat Jun 30 01:31:43 UTC 2018
1 ms. Memory: 288256K Free: 275370K (96%)
ptolemy.util.test.WatchDog.cancel(): canceling Sat Jun 30 01:31:43 UTC 2018
------------------ testing $PTII/ptolemy/domains/de/test/auto/ResettableTimer4.xml
auto.tcl: Setting watchdog for 200 seconds at Sat Jun 30 01:31:43 UTC 2018
1 ms. Memory: 287232K Free: 272301K (95%)
ptolemy.util.test.WatchDog.cancel(): canceling Sat Jun 30 01:31:43 UTC 2018
auto.tcl: Setting watchdog for 200 seconds at Sat Jun 30 01:31:43 UTC 2018
1 ms. Memory: 287232K Free: 272301K (95%)
ptolemy.util.test.WatchDog.cancel(): canceling Sat Jun 30 01:31:43 UTC 2018
------------------ testing $PTII/ptolemy/domains/de/test/auto/ResettableTimer5.xml
auto.tcl: Setting watchdog for 200 seconds at Sat Jun 30 01:31:43 UTC 2018
2 ms. Memory: 288256K Free: 273307K (95%)
ptolemy.util.test.WatchDog.cancel(): canceling Sat Jun 30 01:31:43 UTC 2018
auto.tcl: Setting watchdog for 200 seconds at Sat Jun 30 01:31:43 UTC 2018
2 ms. Memory: 288256K Free: 273307K (95%)
ptolemy.util.test.WatchDog.cancel(): canceling Sat Jun 30 01:31:43 UTC 2018
------------------ testing $PTII/ptolemy/domains/de/test/auto/ResettableTimer6.xml
auto.tcl: Setting watchdog for 200 seconds at Sat Jun 30 01:31:43 UTC 2018
1 ms. Memory: 287232K Free: 272147K (95%)
ptolemy.util.test.WatchDog.cancel(): canceling Sat Jun 30 01:31:43 UTC 2018
auto.tcl: Setting watchdog for 200 seconds at Sat Jun 30 01:31:43 UTC 2018
2 ms. Memory: 287232K Free: 272147K (95%)
ptolemy.util.test.WatchDog.cancel(): canceling Sat Jun 30 01:31:43 UTC 2018
------------------ testing $PTII/ptolemy/domains/de/test/auto/ServerZeroDelay.xml
auto.tcl: Setting watchdog for 200 seconds at Sat Jun 30 01:31:43 UTC 2018
5 ms. Memory: 288256K Free: 273246K (95%)
ptolemy.util.test.WatchDog.cancel(): canceling Sat Jun 30 01:31:43 UTC 2018
auto.tcl: Setting watchdog for 200 seconds at Sat Jun 30 01:31:43 UTC 2018
7 ms. Memory: 288256K Free: 273246K (95%)
ptolemy.util.test.WatchDog.cancel(): canceling Sat Jun 30 01:31:43 UTC 2018
------------------ testing $PTII/ptolemy/domains/de/test/auto/SmartSender.xml
auto.tcl: Setting watchdog for 200 seconds at Sat Jun 30 01:31:43 UTC 2018
3001 ms. Memory: 287232K Free: 272217K (95%)
ptolemy.util.test.WatchDog.cancel(): canceling Sat Jun 30 01:31:46 UTC 2018
auto.tcl: Setting watchdog for 200 seconds at Sat Jun 30 01:31:46 UTC 2018
3002 ms. Memory: 287232K Free: 272217K (95%)
ptolemy.util.test.WatchDog.cancel(): canceling Sat Jun 30 01:31:49 UTC 2018
------------------ testing $PTII/ptolemy/domains/de/test/auto/ThreadedComposite.xml
auto.tcl: Setting watchdog for 200 seconds at Sat Jun 30 01:31:49 UTC 2018
333 ms. Memory: 288256K Free: 247956K (86%)
ptolemy.util.test.WatchDog.cancel(): canceling Sat Jun 30 01:31:50 UTC 2018
auto.tcl: Setting watchdog for 200 seconds at Sat Jun 30 01:31:50 UTC 2018
219 ms. Memory: 288256K Free: 236807K (82%)
ptolemy.util.test.WatchDog.cancel(): canceling Sat Jun 30 01:31:50 UTC 2018
------------------ testing $PTII/ptolemy/domains/de/test/auto/Time.xml
auto.tcl: Setting watchdog for 200 seconds at Sat Jun 30 01:31:50 UTC 2018
640 ms. Memory: 287232K Free: 224501K (78%)
ptolemy.util.test.WatchDog.cancel(): canceling Sat Jun 30 01:31:50 UTC 2018
auto.tcl: Setting watchdog for 200 seconds at Sat Jun 30 01:31:50 UTC 2018
615 ms. Memory: 287232K Free: 172017K (60%)
ptolemy.util.test.WatchDog.cancel(): canceling Sat Jun 30 01:31:51 UTC 2018
------------------ testing $PTII/ptolemy/domains/de/test/auto/TimeDelayZeroDelay.xml
auto.tcl: Setting watchdog for 200 seconds at Sat Jun 30 01:31:51 UTC 2018
3 ms. Memory: 287744K Free: 275231K (96%)
ptolemy.util.test.WatchDog.cancel(): canceling Sat Jun 30 01:31:51 UTC 2018
auto.tcl: Setting watchdog for 200 seconds at Sat Jun 30 01:31:51 UTC 2018
3 ms. Memory: 287744K Free: 275231K (96%)
ptolemy.util.test.WatchDog.cancel(): canceling Sat Jun 30 01:31:51 UTC 2018
------------------ testing $PTII/ptolemy/domains/de/test/auto/TimerZeroDelay.xml
auto.tcl: Setting watchdog for 200 seconds at Sat Jun 30 01:31:51 UTC 2018
5 ms. Memory: 287232K Free: 274828K (96%)
ptolemy.util.test.WatchDog.cancel(): canceling Sat Jun 30 01:31:51 UTC 2018
auto.tcl: Setting watchdog for 200 seconds at Sat Jun 30 01:31:51 UTC 2018
3 ms. Memory: 287232K Free: 274828K (96%)
ptolemy.util.test.WatchDog.cancel(): canceling Sat Jun 30 01:31:51 UTC 2018
------------------ testing $PTII/ptolemy/domains/de/test/auto/TimingParadox.xml
auto.tcl: Setting watchdog for 200 seconds at Sat Jun 30 01:31:51 UTC 2018
470 ms. Memory: 287744K Free: 210809K (73%)
ptolemy.util.test.WatchDog.cancel(): canceling Sat Jun 30 01:31:52 UTC 2018
auto.tcl: Setting watchdog for 200 seconds at Sat Jun 30 01:31:52 UTC 2018
424 ms. Memory: 287744K Free: 176726K (61%)
ptolemy.util.test.WatchDog.cancel(): canceling Sat Jun 30 01:31:52 UTC 2018
------------------ testing $PTII/ptolemy/domains/de/test/auto/TransferInputs.xml
auto.tcl: Setting watchdog for 200 seconds at Sat Jun 30 01:31:52 UTC 2018
2 ms. Memory: 287744K Free: 274241K (95%)
ptolemy.util.test.WatchDog.cancel(): canceling Sat Jun 30 01:31:52 UTC 2018
auto.tcl: Setting watchdog for 200 seconds at Sat Jun 30 01:31:52 UTC 2018
2 ms. Memory: 287744K Free: 274241K (95%)
ptolemy.util.test.WatchDog.cancel(): canceling Sat Jun 30 01:31:52 UTC 2018
------------------ testing $PTII/ptolemy/domains/de/test/auto/TransferOutputs2.xml
auto.tcl: Setting watchdog for 200 seconds at Sat Jun 30 01:31:52 UTC 2018
4 ms. Memory: 287232K Free: 270126K (94%)
ptolemy.util.test.WatchDog.cancel(): canceling Sat Jun 30 01:31:52 UTC 2018
auto.tcl: Setting watchdog for 200 seconds at Sat Jun 30 01:31:52 UTC 2018
3 ms. Memory: 287232K Free: 267479K (93%)
ptolemy.util.test.WatchDog.cancel(): canceling Sat Jun 30 01:31:52 UTC 2018
------------------ testing $PTII/ptolemy/domains/de/test/auto/Trilateration.xml
auto.tcl: Setting watchdog for 200 seconds at Sat Jun 30 01:31:53 UTC 2018
16268 ms. Memory: 793088K Free: 70523K (9%)
ptolemy.util.test.WatchDog.cancel(): canceling Sat Jun 30 01:32:10 UTC 2018
auto.tcl: Setting watchdog for 200 seconds at Sat Jun 30 01:32:10 UTC 2018
11851 ms. Memory: 639488K Free: 580973K (91%)
ptolemy.util.test.WatchDog.cancel(): canceling Sat Jun 30 01:32:22 UTC 2018
------------------ testing $PTII/ptolemy/domains/de/test/auto/TwoSigmaDelta.xml
auto.tcl: Setting watchdog for 200 seconds at Sat Jun 30 01:32:22 UTC 2018
3235 ms. Memory: 643072K Free: 327825K (51%)
ptolemy.util.test.WatchDog.cancel(): canceling Sat Jun 30 01:32:25 UTC 2018
auto.tcl: Setting watchdog for 200 seconds at Sat Jun 30 01:32:25 UTC 2018
2378 ms. Memory: 643072K Free: 106350K (17%)
ptolemy.util.test.WatchDog.cancel(): canceling Sat Jun 30 01:32:28 UTC 2018
------------------ testing $PTII/ptolemy/domains/de/test/auto/VariableDelay.xml
auto.tcl: Setting watchdog for 200 seconds at Sat Jun 30 01:32:28 UTC 2018
3 ms. Memory: 640000K Free: 620423K (97%)
ptolemy.util.test.WatchDog.cancel(): canceling Sat Jun 30 01:32:28 UTC 2018
auto.tcl: Setting watchdog for 200 seconds at Sat Jun 30 01:32:28 UTC 2018
2 ms. Memory: 640000K Free: 620423K (97%)
ptolemy.util.test.WatchDog.cancel(): canceling Sat Jun 30 01:32:28 UTC 2018
------------------ testing $PTII/ptolemy/domains/de/test/auto/VariableDelay2.xml
auto.tcl: Setting watchdog for 200 seconds at Sat Jun 30 01:32:28 UTC 2018
2 ms. Memory: 639488K Free: 620334K (97%)
ptolemy.util.test.WatchDog.cancel(): canceling Sat Jun 30 01:32:28 UTC 2018
auto.tcl: Setting watchdog for 200 seconds at Sat Jun 30 01:32:28 UTC 2018
2 ms. Memory: 639488K Free: 620334K (97%)
ptolemy.util.test.WatchDog.cancel(): canceling Sat Jun 30 01:32:28 UTC 2018
------------------ testing $PTII/ptolemy/domains/de/test/auto/VariableDelayZeroDelay.xml
auto.tcl: Setting watchdog for 200 seconds at Sat Jun 30 01:32:28 UTC 2018
2 ms. Memory: 639488K Free: 614752K (96%)
ptolemy.util.test.WatchDog.cancel(): canceling Sat Jun 30 01:32:28 UTC 2018
auto.tcl: Setting watchdog for 200 seconds at Sat Jun 30 01:32:28 UTC 2018
2 ms. Memory: 639488K Free: 614752K (96%)
ptolemy.util.test.WatchDog.cancel(): canceling Sat Jun 30 01:32:28 UTC 2018
------------------ testing $PTII/ptolemy/domains/de/test/auto/VariableDelayZeroDelay2.xml
auto.tcl: Setting watchdog for 200 seconds at Sat Jun 30 01:32:28 UTC 2018
2 ms. Memory: 642048K Free: 617311K (96%)
ptolemy.util.test.WatchDog.cancel(): canceling Sat Jun 30 01:32:28 UTC 2018
auto.tcl: Setting watchdog for 200 seconds at Sat Jun 30 01:32:28 UTC 2018
2 ms. Memory: 642048K Free: 617311K (96%)
ptolemy.util.test.WatchDog.cancel(): canceling Sat Jun 30 01:32:28 UTC 2018
------------------ testing $PTII/ptolemy/domains/de/test/auto/deInCt.xml
auto.tcl: Setting watchdog for 200 seconds at Sat Jun 30 01:32:28 UTC 2018
0
1
1
1
1
0
0
0
1
1
1
1
0
0
0
1
1
1
0
0
0
0
1
1
1
0
0
0
0
0
0
9 ms. Memory: 639488K Free: 614739K (96%)
ptolemy.util.test.WatchDog.cancel(): canceling Sat Jun 30 01:32:28 UTC 2018
auto.tcl: Setting watchdog for 200 seconds at Sat Jun 30 01:32:28 UTC 2018
0
1
1
1
0
0
0
1
1
1
1
0
0
1
1
1
0
0
1
1
1
0
0
0
1
1
1
0
0
1
1
1
1
0
0
0
0
1
1
1
0
0
0
1
1
1
1
8 ms. Memory: 639488K Free: 614739K (96%)
ptolemy.util.test.WatchDog.cancel(): canceling Sat Jun 30 01:32:28 UTC 2018
------------------ testing $PTII/ptolemy/domains/de/test/auto/deInCt2.xml
auto.tcl: Setting watchdog for 200 seconds at Sat Jun 30 01:32:28 UTC 2018
0
1
1
1
0
0
1
1
1
0
0
1
1
1
0
0
1
1
1
0
0
1
1
1
0
0
1
1
1
0
0
1
1
1
0
0
1
1
1
0
0
0
11 ms. Memory: 642048K Free: 617308K (96%)
ptolemy.util.test.WatchDog.cancel(): canceling Sat Jun 30 01:32:28 UTC 2018
auto.tcl: Setting watchdog for 200 seconds at Sat Jun 30 01:32:28 UTC 2018
0
1
1
1
0
0
1
1
1
0
0
1
1
1
0
0
1
1
1
0
0
1
1
1
0
0
1
1
1
0
0
1
1
1
0
0
1
1
1
0
0
0
12 ms. Memory: 642048K Free: 617308K (96%)
ptolemy.util.test.WatchDog.cancel(): canceling Sat Jun 30 01:32:28 UTC 2018
------------------ testing $PTII/ptolemy/domains/de/test/auto/dynamicCausalityInterface1.xml
auto.tcl: Setting watchdog for 200 seconds at Sat Jun 30 01:32:28 UTC 2018
1 ms. Memory: 639488K Free: 606367K (95%)
ptolemy.util.test.WatchDog.cancel(): canceling Sat Jun 30 01:32:28 UTC 2018
auto.tcl: Setting watchdog for 200 seconds at Sat Jun 30 01:32:28 UTC 2018
1 ms. Memory: 639488K Free: 606367K (95%)
ptolemy.util.test.WatchDog.cancel(): canceling Sat Jun 30 01:32:28 UTC 2018
------------------ testing $PTII/ptolemy/domains/de/test/auto/fsm_de_test.xml
auto.tcl: Setting watchdog for 200 seconds at Sat Jun 30 01:32:28 UTC 2018
11 ms. Memory: 641536K Free: 616686K (96%)
ptolemy.util.test.WatchDog.cancel(): canceling Sat Jun 30 01:32:28 UTC 2018
auto.tcl: Setting watchdog for 200 seconds at Sat Jun 30 01:32:28 UTC 2018
10 ms. Memory: 641536K Free: 608325K (95%)
ptolemy.util.test.WatchDog.cancel(): canceling Sat Jun 30 01:32:29 UTC 2018
------------------ testing $PTII/ptolemy/domains/de/test/auto/functionDependencyReconstruction.xml
auto.tcl: Setting watchdog for 200 seconds at Sat Jun 30 01:32:29 UTC 2018
3 ms. Memory: 639488K Free: 606269K (95%)
ptolemy.util.test.WatchDog.cancel(): canceling Sat Jun 30 01:32:29 UTC 2018
auto.tcl: Setting watchdog for 200 seconds at Sat Jun 30 01:32:29 UTC 2018
4 ms. Memory: 639488K Free: 597900K (93%)
ptolemy.util.test.WatchDog.cancel(): canceling Sat Jun 30 01:32:29 UTC 2018
------------------ testing $PTII/ptolemy/domains/de/test/auto/multirate.xml
auto.tcl: Setting watchdog for 200 seconds at Sat Jun 30 01:32:29 UTC 2018
5 ms. Memory: 641536K Free: 616554K (96%)
ptolemy.util.test.WatchDog.cancel(): canceling Sat Jun 30 01:32:29 UTC 2018
auto.tcl: Setting watchdog for 200 seconds at Sat Jun 30 01:32:29 UTC 2018
3 ms. Memory: 641536K Free: 616554K (96%)
ptolemy.util.test.WatchDog.cancel(): canceling Sat Jun 30 01:32:29 UTC 2018
------------------ testing $PTII/ptolemy/domains/de/test/auto/multirate2.xml
auto.tcl: Setting watchdog for 200 seconds at Sat Jun 30 01:32:29 UTC 2018
7 ms. Memory: 639488K Free: 614694K (96%)
ptolemy.util.test.WatchDog.cancel(): canceling Sat Jun 30 01:32:29 UTC 2018
auto.tcl: Setting watchdog for 200 seconds at Sat Jun 30 01:32:29 UTC 2018
4 ms. Memory: 639488K Free: 614694K (96%)
ptolemy.util.test.WatchDog.cancel(): canceling Sat Jun 30 01:32:29 UTC 2018
------------------ testing $PTII/ptolemy/domains/de/test/auto/realtime.xml
auto.tcl: Setting watchdog for 200 seconds at Sat Jun 30 01:32:29 UTC 2018
10002 ms. Memory: 641024K Free: 616219K (96%)
ptolemy.util.test.WatchDog.cancel(): canceling Sat Jun 30 01:32:39 UTC 2018
auto.tcl: Setting watchdog for 200 seconds at Sat Jun 30 01:32:39 UTC 2018
10002 ms. Memory: 641024K Free: 616219K (96%)
ptolemy.util.test.WatchDog.cancel(): canceling Sat Jun 30 01:32:49 UTC 2018
------------------ testing $PTII/ptolemy/domains/de/test/auto/relationGroup.xml
auto.tcl: Setting watchdog for 200 seconds at Sat Jun 30 01:32:49 UTC 2018
1 ms. Memory: 639488K Free: 620299K (97%)
ptolemy.util.test.WatchDog.cancel(): canceling Sat Jun 30 01:32:49 UTC 2018
auto.tcl: Setting watchdog for 200 seconds at Sat Jun 30 01:32:49 UTC 2018
1 ms. Memory: 639488K Free: 620299K (97%)
ptolemy.util.test.WatchDog.cancel(): canceling Sat Jun 30 01:32:49 UTC 2018
------------------ testing $PTII/ptolemy/domains/de/test/auto/relationGroup2.xml
auto.tcl: Setting watchdog for 200 seconds at Sat Jun 30 01:32:49 UTC 2018
2 ms. Memory: 641024K Free: 616280K (96%)
ptolemy.util.test.WatchDog.cancel(): canceling Sat Jun 30 01:32:49 UTC 2018
auto.tcl: Setting watchdog for 200 seconds at Sat Jun 30 01:32:49 UTC 2018
1 ms. Memory: 641024K Free: 616280K (96%)
ptolemy.util.test.WatchDog.cancel(): canceling Sat Jun 30 01:32:49 UTC 2018
------------------ testing $PTII/ptolemy/domains/de/test/auto/sortWithOpaquePorts.xml
auto.tcl: Setting watchdog for 200 seconds at Sat Jun 30 01:32:49 UTC 2018
1 ms. Memory: 639488K Free: 614746K (96%)
ptolemy.util.test.WatchDog.cancel(): canceling Sat Jun 30 01:32:49 UTC 2018
auto.tcl: Setting watchdog for 200 seconds at Sat Jun 30 01:32:49 UTC 2018
1 ms. Memory: 639488K Free: 614746K (96%)
ptolemy.util.test.WatchDog.cancel(): canceling Sat Jun 30 01:32:49 UTC 2018
------------------ testing $PTII/ptolemy/domains/de/test/auto/transferInputsandOutputs.xml
auto.tcl: Setting watchdog for 200 seconds at Sat Jun 30 01:32:49 UTC 2018
2 ms. Memory: 640512K Free: 615758K (96%)
ptolemy.util.test.WatchDog.cancel(): canceling Sat Jun 30 01:32:49 UTC 2018
auto.tcl: Setting watchdog for 200 seconds at Sat Jun 30 01:32:49 UTC 2018
2 ms. Memory: 640512K Free: 615758K (96%)
ptolemy.util.test.WatchDog.cancel(): canceling Sat Jun 30 01:32:49 UTC 2018
------------------ testing $PTII/ptolemy/domains/de/test/auto/triggerType.xml
auto.tcl: Setting watchdog for 200 seconds at Sat Jun 30 01:32:49 UTC 2018
1 ms. Memory: 639488K Free: 614683K (96%)
ptolemy.util.test.WatchDog.cancel(): canceling Sat Jun 30 01:32:49 UTC 2018
auto.tcl: Setting watchdog for 200 seconds at Sat Jun 30 01:32:49 UTC 2018
1 ms. Memory: 639488K Free: 614683K (96%)
ptolemy.util.test.WatchDog.cancel(): canceling Sat Jun 30 01:32:49 UTC 2018
06/30/18 01:32:49
Failed: 0  Total Tests: 192  ((Passed: 187, Newly Passed: 1)  Known Failed: 5) /home/travis/build/icyphy/ptII/ptolemy/domains/de/test
06/30/18 01:32:49
Failed: 0  Total Tests: 192  ((Passed: 187, Newly Passed: 1)  Known Failed: 5) /home/travis/build/icyphy/ptII/ptolemy/domains/de/test
----------------- testing (KnownFailure) /home/travis/build/icyphy/ptII/ptolemy/domains/de/test/auto/knownFailedTests/DESDFClockTest.xml
2015 ms. Memory: 640512K Free: 604589K (94%)
Known Failure: java.lang.reflect.InvocationTargetException
----------------- testing (KnownFailure) /home/travis/build/icyphy/ptII/ptolemy/domains/de/test/auto/knownFailedTests/DirectFeedback.xml
1 ms. Memory: 640512K Free: 559943K (87%)
Known Failure: java.lang.reflect.InvocationTargetException
----------------- testing (KnownFailure) /home/travis/build/icyphy/ptII/ptolemy/domains/de/test/auto/knownFailedTests/FSMSource.xml
12 ms. Memory: 640512K Free: 515296K (80%)
----------------- testing (KnownFailure) /home/travis/build/icyphy/ptII/ptolemy/domains/de/test/auto/knownFailedTests/HierarchicalModel.xml
1 ms. Memory: 640512K Free: 481811K (75%)
Known Failure: java.lang.reflect.InvocationTargetException
----------------- testing (KnownFailure) /home/travis/build/icyphy/ptII/ptolemy/domains/de/test/auto/knownFailedTests/dependencyLoop.xml
3 ms. Memory: 640512K Free: 425987K (67%)
Known Failure: java.lang.reflect.InvocationTargetException
----------------- testing (KnownFailure) /home/travis/build/icyphy/ptII/ptolemy/domains/de/test/auto/knownFailedTests/dependencyLoop2.xml
2 ms. Memory: 640512K Free: 370163K (58%)
Known Failure: java.lang.reflect.InvocationTargetException
No auto/linux-amd64/*.xml tests in /home/travis/build/icyphy/ptII/ptolemy/domains/de/test
AutoTests.java: About to close Vertx.
AutoTests.java: Vertx closed.

===========================================================================================
----------------- testing Sat Jun 30 01:32:51 UTC 2018 /home/travis/build/icyphy/ptII/ptolemy/domains/de/test/auto/ActorDepthCalculation_actorWithoutPorts.xml
----------------- Instantiating /home/travis/build/icyphy/ptII/ptolemy/domains/de/test/auto/ActorDepthCalculation_actorWithoutPorts.xml
1 ms. Memory: 640512K Free: 314354K (49%)
----------------- Invoking toplevel() on ptolemy.moml.MoMLSimpleApplication@364d555b
----------------- Done invoking toplevel() on ptolemy.moml.MoMLSimpleApplication@364d555b
reloadAllAccessors: .ActorDepthCalculation_actorWithoutPorts

===========================================================================================
----------------- testing Sat Jun 30 01:32:51 UTC 2018 /home/travis/build/icyphy/ptII/ptolemy/domains/de/test/auto/AssemblyLine.xml
----------------- Instantiating /home/travis/build/icyphy/ptII/ptolemy/domains/de/test/auto/AssemblyLine.xml
2 ms. Memory: 640512K Free: 292031K (46%)
----------------- Invoking toplevel() on ptolemy.moml.MoMLSimpleApplication@2d8fc57
----------------- Done invoking toplevel() on ptolemy.moml.MoMLSimpleApplication@2d8fc57
reloadAllAccessors: .AssemblyLine

===========================================================================================
----------------- testing Sat Jun 30 01:32:52 UTC 2018 /home/travis/build/icyphy/ptII/ptolemy/domains/de/test/auto/CQBug1.xml
----------------- Instantiating /home/travis/build/icyphy/ptII/ptolemy/domains/de/test/auto/CQBug1.xml
1 ms. Memory: 640512K Free: 269708K (42%)
----------------- Invoking toplevel() on ptolemy.moml.MoMLSimpleApplication@6e78d5ba
----------------- Done invoking toplevel() on ptolemy.moml.MoMLSimpleApplication@6e78d5ba
reloadAllAccessors: .CQBug1

===========================================================================================
----------------- testing Sat Jun 30 01:32:52 UTC 2018 /home/travis/build/icyphy/ptII/ptolemy/domains/de/test/auto/CancelFireAt.xml
----------------- Instantiating /home/travis/build/icyphy/ptII/ptolemy/domains/de/test/auto/CancelFireAt.xml
6 ms. Memory: 640512K Free: 247385K (39%)
----------------- Invoking toplevel() on ptolemy.moml.MoMLSimpleApplication@7fa97fc4
----------------- Done invoking toplevel() on ptolemy.moml.MoMLSimpleApplication@7fa97fc4
reloadAllAccessors: .CancelFireAt

===========================================================================================
----------------- testing Sat Jun 30 01:32:52 UTC 2018 /home/travis/build/icyphy/ptII/ptolemy/domains/de/test/auto/CausalityAndComposabilityAnalysis.xml
----------------- Instantiating /home/travis/build/icyphy/ptII/ptolemy/domains/de/test/auto/CausalityAndComposabilityAnalysis.xml
2 ms. Memory: 640512K Free: 225061K (35%)
----------------- Invoking toplevel() on ptolemy.moml.MoMLSimpleApplication@35a83e51
----------------- Done invoking toplevel() on ptolemy.moml.MoMLSimpleApplication@35a83e51
reloadAllAccessors: .CausalityAndComposabilityAnalysis

===========================================================================================
----------------- testing Sat Jun 30 01:32:52 UTC 2018 /home/travis/build/icyphy/ptII/ptolemy/domains/de/test/auto/CausalityInterface1.xml
----------------- Instantiating /home/travis/build/icyphy/ptII/ptolemy/domains/de/test/auto/CausalityInterface1.xml
5 ms. Memory: 640512K Free: 202738K (32%)
----------------- Invoking toplevel() on ptolemy.moml.MoMLSimpleApplication@2852f0b
----------------- Done invoking toplevel() on ptolemy.moml.MoMLSimpleApplication@2852f0b
reloadAllAccessors: .CausalityInterface1

===========================================================================================
----------------- testing Sat Jun 30 01:32:52 UTC 2018 /home/travis/build/icyphy/ptII/ptolemy/domains/de/test/auto/CausalityInterface15.xml
----------------- Instantiating /home/travis/build/icyphy/ptII/ptolemy/domains/de/test/auto/CausalityInterface15.xml
2 ms. Memory: 640512K Free: 180415K (28%)
----------------- Invoking toplevel() on ptolemy.moml.MoMLSimpleApplication@2ab31fc1
----------------- Done invoking toplevel() on ptolemy.moml.MoMLSimpleApplication@2ab31fc1
reloadAllAccessors: .CausalityInterface15

[...]
java.lang.RuntimeException: Execution failed
	at ptolemy.moml.MoMLSimpleApplication$UnloadThread.run(MoMLSimpleApplication.java:402)
Caused by: ptolemy.kernel.util.IllegalActionException: Test fails in iteration 1.
Value was: 1.0. Should have been: 2.0
  in .DirectFeedback.Test
	at ptolemy.actor.lib.Test.fire(Test.java:268)
	at ptolemy.domains.de.kernel.DEDirector._fire(DEDirector.java:1949)
	at ptolemy.domains.de.kernel.DEDirector.fire(DEDirector.java:502)
	at ptolemy.actor.CompositeActor.fire(CompositeActor.java:455)
	at ptolemy.actor.Manager.iterate(Manager.java:851)
	at ptolemy.actor.Manager.execute(Manager.java:369)
	at ptolemy.actor.Manager.run(Manager.java:1263)
	at ptolemy.actor.Manager$PtolemyRunThread.run(Manager.java:1915)
java.lang.RuntimeException: Execution failed
	at ptolemy.moml.MoMLSimpleApplication$UnloadThread.run(MoMLSimpleApplication.java:402)
Caused by: ptolemy.kernel.util.IllegalActionException: Actor is not ready to fire.  Perhaps UpSample.prefire() returned false? Try debugging the actor by selecting "Listen to Actor".  Also, for SDF check moml for tokenConsumptionRate on input.
  in .DESDFClockTest.Play Bell.Copy1:SDF Director and .DESDFClockTest.Play Bell.UpSample
	at ptolemy.actor.sched.StaticSchedulingDirector.fire(StaticSchedulingDirector.java:227)
	at ptolemy.domains.sdf.kernel.SDFDirector.fire(SDFDirector.java:500)
	at ptolemy.actor.CompositeActor.fire(CompositeActor.java:455)
	at ptolemy.domains.de.kernel.DEDirector._fire(DEDirector.java:1949)
	at ptolemy.domains.de.kernel.DEDirector.fire(DEDirector.java:502)
	at ptolemy.actor.CompositeActor.fire(CompositeActor.java:455)
	at ptolemy.actor.Manager.iterate(Manager.java:851)
	at ptolemy.actor.Manager.execute(Manager.java:369)
	at ptolemy.actor.Manager.run(Manager.java:1263)
	at ptolemy.actor.Manager$PtolemyRunThread.run(Manager.java:1915)
java.lang.reflect.InvocationTargetException
	at sun.reflect.NativeConstructorAccessorImpl.newInstance0(Native Method)
	at sun.reflect.NativeConstructorAccessorImpl.newInstance(NativeConstructorAccessorImpl.java:62)
	at sun.reflect.DelegatingConstructorAccessorImpl.newInstance(DelegatingConstructorAccessorImpl.java:45)
	at java.lang.reflect.Constructor.newInstance(Constructor.java:423)
	at ptolemy.util.test.junit.AutoKnownFailedTests.RunModel(AutoKnownFailedTests.java:107)
	at sun.reflect.NativeMethodAccessorImpl.invoke0(Native Method)
	at sun.reflect.NativeMethodAccessorImpl.invoke(NativeMethodAccessorImpl.java:62)
	at sun.reflect.DelegatingMethodAccessorImpl.invoke(DelegatingMethodAccessorImpl.java:43)
	at java.lang.reflect.Method.invoke(Method.java:498)
	at org.junit.runners.model.FrameworkMethod$1.runReflectiveCall(FrameworkMethod.java:44)
	at org.junit.internal.runners.model.ReflectiveCallable.run(ReflectiveCallable.java:15)
	at org.junit.runners.model.FrameworkMethod.invokeExplosively(FrameworkMethod.java:41)
	at junitparams.internal.InvokeParameterisedMethod.evaluate(InvokeParameterisedMethod.java:102)
	at org.junit.internal.runners.statements.FailOnTimeout$1.run(FailOnTimeout.java:28)
Caused by: ptolemy.kernel.util.IllegalActionException: Actor is not ready to fire.  Perhaps UpSample.prefire() returned false? Try debugging the actor by selecting "Listen to Actor".  Also, for SDF check moml for tokenConsumptionRate on input.
  in .DESDFClockTest.Play Bell.Copy1:SDF Director and .DESDFClockTest.Play Bell.UpSample
	at ptolemy.actor.sched.StaticSchedulingDirector.fire(StaticSchedulingDirector.java:227)
	at ptolemy.domains.sdf.kernel.SDFDirector.fire(SDFDirector.java:500)
	at ptolemy.actor.CompositeActor.fire(CompositeActor.java:455)
	at ptolemy.domains.de.kernel.DEDirector._fire(DEDirector.java:1949)
	at ptolemy.domains.de.kernel.DEDirector.fire(DEDirector.java:502)
	at ptolemy.actor.CompositeActor.fire(CompositeActor.java:455)
	at ptolemy.actor.Manager.iterate(Manager.java:851)
	at ptolemy.actor.Manager.execute(Manager.java:369)
	at ptolemy.actor.Manager.run(Manager.java:1263)
	at ptolemy.actor.Manager$PtolemyRunThread.run(Manager.java:1915)
java.lang.RuntimeException: Execution failed
	at ptolemy.moml.MoMLSimpleApplication$UnloadThread.run(MoMLSimpleApplication.java:402)
Caused by: ptolemy.kernel.util.IllegalActionException: Test fails in iteration 1.
Value was: 1.0. Should have been: 2.0
  in .DirectFeedback.Test
	at ptolemy.actor.lib.Test.fire(Test.java:268)
	at ptolemy.domains.de.kernel.DEDirector._fire(DEDirector.java:1949)
	at ptolemy.domains.de.kernel.DEDirector.fire(DEDirector.java:502)
	at ptolemy.actor.CompositeActor.fire(CompositeActor.java:455)
	at ptolemy.actor.Manager.iterate(Manager.java:851)
	at ptolemy.actor.Manager.execute(Manager.java:369)
	at ptolemy.actor.Manager.run(Manager.java:1263)
	at ptolemy.actor.Manager$PtolemyRunThread.run(Manager.java:1915)
java.lang.reflect.InvocationTargetException
	at sun.reflect.NativeConstructorAccessorImpl.newInstance0(Native Method)
	at sun.reflect.NativeConstructorAccessorImpl.newInstance(NativeConstructorAccessorImpl.java:62)
	at sun.reflect.DelegatingConstructorAccessorImpl.newInstance(DelegatingConstructorAccessorImpl.java:45)
	at java.lang.reflect.Constructor.newInstance(Constructor.java:423)
	at ptolemy.util.test.junit.AutoKnownFailedTests.RunModel(AutoKnownFailedTests.java:107)
	at sun.reflect.NativeMethodAccessorImpl.invoke0(Native Method)
	at sun.reflect.NativeMethodAccessorImpl.invoke(NativeMethodAccessorImpl.java:62)
	at sun.reflect.DelegatingMethodAccessorImpl.invoke(DelegatingMethodAccessorImpl.java:43)
	at java.lang.reflect.Method.invoke(Method.java:498)
	at org.junit.runners.model.FrameworkMethod$1.runReflectiveCall(FrameworkMethod.java:44)
	at org.junit.internal.runners.model.ReflectiveCallable.run(ReflectiveCallable.java:15)
	at org.junit.runners.model.FrameworkMethod.invokeExplosively(FrameworkMethod.java:41)
	at junitparams.internal.InvokeParameterisedMethod.evaluate(InvokeParameterisedMethod.java:102)
	at org.junit.internal.runners.statements.FailOnTimeout$1.run(FailOnTimeout.java:28)
Caused by: ptolemy.kernel.util.IllegalActionException: Test fails in iteration 1.
Value was: 1.0. Should have been: 2.0
  in .DirectFeedback.Test
	at ptolemy.actor.lib.Test.fire(Test.java:268)
	at ptolemy.domains.de.kernel.DEDirector._fire(DEDirector.java:1949)
	at ptolemy.domains.de.kernel.DEDirector.fire(DEDirector.java:502)
	at ptolemy.actor.CompositeActor.fire(CompositeActor.java:455)
	at ptolemy.actor.Manager.iterate(Manager.java:851)
	at ptolemy.actor.Manager.execute(Manager.java:369)
	at ptolemy.actor.Manager.run(Manager.java:1263)
	at ptolemy.actor.Manager$PtolemyRunThread.run(Manager.java:1915)
java.lang.RuntimeException: Execution failed
	at ptolemy.moml.MoMLSimpleApplication$UnloadThread.run(MoMLSimpleApplication.java:402)
Caused by: ptolemy.kernel.util.IllegalActionException: Found a zero delay loop containing .HierarchicalModel.A
  in .HierarchicalModel and .HierarchicalModel.A
	at ptolemy.actor.util.CausalityInterfaceForComposites._computeOutputPortDepth(CausalityInterfaceForComposites.java:759)
	at ptolemy.actor.util.CausalityInterfaceForComposites._computeInputDepth(CausalityInterfaceForComposites.java:696)
	at ptolemy.actor.util.CausalityInterfaceForComposites._computeOutputPortDepth(CausalityInterfaceForComposites.java:765)
	at ptolemy.actor.util.CausalityInterfaceForComposites._computeInputDepth(CausalityInterfaceForComposites.java:696)
	at ptolemy.actor.util.CausalityInterfaceForComposites._computeOutputPortDepth(CausalityInterfaceForComposites.java:765)
	at ptolemy.actor.util.CausalityInterfaceForComposites._computeInputDepth(CausalityInterfaceForComposites.java:696)
	at ptolemy.actor.util.CausalityInterfaceForComposites._computeActorDepth(CausalityInterfaceForComposites.java:532)
	at ptolemy.actor.util.CausalityInterfaceForComposites.checkForCycles(CausalityInterfaceForComposites.java:96)
	at ptolemy.domains.de.kernel.DEDirector.preinitialize(DEDirector.java:1338)
	at ptolemy.actor.CompositeActor.preinitialize(CompositeActor.java:1828)
	at ptolemy.actor.Manager.preinitializeAndResolveTypes(Manager.java:1040)
	at ptolemy.actor.Manager.initialize(Manager.java:710)
	at ptolemy.actor.Manager.execute(Manager.java:356)
	at ptolemy.actor.Manager.run(Manager.java:1263)
	at ptolemy.actor.Manager$PtolemyRunThread.run(Manager.java:1915)
java.lang.reflect.InvocationTargetException
	at sun.reflect.NativeConstructorAccessorImpl.newInstance0(Native Method)
	at sun.reflect.NativeConstructorAccessorImpl.newInstance(NativeConstructorAccessorImpl.java:62)
	at sun.reflect.DelegatingConstructorAccessorImpl.newInstance(DelegatingConstructorAccessorImpl.java:45)
	at java.lang.reflect.Constructor.newInstance(Constructor.java:423)
	at ptolemy.util.test.junit.AutoKnownFailedTests.RunModel(AutoKnownFailedTests.java:107)
	at sun.reflect.NativeMethodAccessorImpl.invoke0(Native Method)
	at sun.reflect.NativeMethodAccessorImpl.invoke(NativeMethodAccessorImpl.java:62)
	at sun.reflect.DelegatingMethodAccessorImpl.invoke(DelegatingMethodAccessorImpl.java:43)
	at java.lang.reflect.Method.invoke(Method.java:498)
	at org.junit.runners.model.FrameworkMethod$1.runReflectiveCall(FrameworkMethod.java:44)
	at org.junit.internal.runners.model.ReflectiveCallable.run(ReflectiveCallable.java:15)
	at org.junit.runners.model.FrameworkMethod.invokeExplosively(FrameworkMethod.java:41)
	at junitparams.internal.InvokeParameterisedMethod.evaluate(InvokeParameterisedMethod.java:102)
	at org.junit.internal.runners.statements.FailOnTimeout$1.run(FailOnTimeout.java:28)
Caused by: ptolemy.kernel.util.IllegalActionException: Found a zero delay loop containing .HierarchicalModel.A
  in .HierarchicalModel and .HierarchicalModel.A
	at ptolemy.actor.util.CausalityInterfaceForComposites._computeOutputPortDepth(CausalityInterfaceForComposites.java:759)
	at ptolemy.actor.util.CausalityInterfaceForComposites._computeInputDepth(CausalityInterfaceForComposites.java:696)
	at ptolemy.actor.util.CausalityInterfaceForComposites._computeOutputPortDepth(CausalityInterfaceForComposites.java:765)
	at ptolemy.actor.util.CausalityInterfaceForComposites._computeInputDepth(CausalityInterfaceForComposites.java:696)
	at ptolemy.actor.util.CausalityInterfaceForComposites._computeOutputPortDepth(CausalityInterfaceForComposites.java:765)
	at ptolemy.actor.util.CausalityInterfaceForComposites._computeInputDepth(CausalityInterfaceForComposites.java:696)
	at ptolemy.actor.util.CausalityInterfaceForComposites._computeActorDepth(CausalityInterfaceForComposites.java:532)
	at ptolemy.actor.util.CausalityInterfaceForComposites.checkForCycles(CausalityInterfaceForComposites.java:96)
	at ptolemy.domains.de.kernel.DEDirector.preinitialize(DEDirector.java:1338)
	at ptolemy.actor.CompositeActor.preinitialize(CompositeActor.java:1828)
	at ptolemy.actor.Manager.preinitializeAndResolveTypes(Manager.java:1040)
	at ptolemy.actor.Manager.initialize(Manager.java:710)
	at ptolemy.actor.Manager.execute(Manager.java:356)
	at ptolemy.actor.Manager.run(Manager.java:1263)
	at ptolemy.actor.Manager$PtolemyRunThread.run(Manager.java:1915)
java.lang.RuntimeException: Execution failed
	at ptolemy.moml.MoMLSimpleApplication$UnloadThread.run(MoMLSimpleApplication.java:402)
Caused by: ptolemy.kernel.util.IllegalActionException: Found a zero delay loop containing .dependencyLoop.original
  in .dependencyLoop and .dependencyLoop.original
	at ptolemy.actor.util.CausalityInterfaceForComposites._computeOutputPortDepth(CausalityInterfaceForComposites.java:759)
	at ptolemy.actor.util.CausalityInterfaceForComposites._computeInputDepth(CausalityInterfaceForComposites.java:696)
	at ptolemy.actor.util.CausalityInterfaceForComposites._computeOutputPortDepth(CausalityInterfaceForComposites.java:765)
	at ptolemy.actor.util.CausalityInterfaceForComposites._computeInputDepth(CausalityInterfaceForComposites.java:696)
	at ptolemy.actor.util.CausalityInterfaceForComposites._computeOutputPortDepth(CausalityInterfaceForComposites.java:765)
	at ptolemy.actor.util.CausalityInterfaceForComposites._computeInputDepth(CausalityInterfaceForComposites.java:696)
	at ptolemy.actor.util.CausalityInterfaceForComposites._computeActorDepth(CausalityInterfaceForComposites.java:532)
	at ptolemy.actor.util.CausalityInterfaceForComposites.checkForCycles(CausalityInterfaceForComposites.java:96)
	at ptolemy.domains.de.kernel.DEDirector.preinitialize(DEDirector.java:1338)
	at ptolemy.actor.CompositeActor.preinitialize(CompositeActor.java:1828)
	at ptolemy.actor.Manager.preinitializeAndResolveTypes(Manager.java:1040)
	at ptolemy.actor.Manager.initialize(Manager.java:710)
	at ptolemy.actor.Manager.execute(Manager.java:356)
	at ptolemy.actor.Manager.run(Manager.java:1263)
	at ptolemy.actor.Manager$PtolemyRunThread.run(Manager.java:1915)
java.lang.reflect.InvocationTargetException
	at sun.reflect.NativeConstructorAccessorImpl.newInstance0(Native Method)
	at sun.reflect.NativeConstructorAccessorImpl.newInstance(NativeConstructorAccessorImpl.java:62)
	at sun.reflect.DelegatingConstructorAccessorImpl.newInstance(DelegatingConstructorAccessorImpl.java:45)
	at java.lang.reflect.Constructor.newInstance(Constructor.java:423)
	at ptolemy.util.test.junit.AutoKnownFailedTests.RunModel(AutoKnownFailedTests.java:107)
	at sun.reflect.NativeMethodAccessorImpl.invoke0(Native Method)
	at sun.reflect.NativeMethodAccessorImpl.invoke(NativeMethodAccessorImpl.java:62)
	at sun.reflect.DelegatingMethodAccessorImpl.invoke(DelegatingMethodAccessorImpl.java:43)
	at java.lang.reflect.Method.invoke(Method.java:498)
	at org.junit.runners.model.FrameworkMethod$1.runReflectiveCall(FrameworkMethod.java:44)
	at org.junit.internal.runners.model.ReflectiveCallable.run(ReflectiveCallable.java:15)
	at org.junit.runners.model.FrameworkMethod.invokeExplosively(FrameworkMethod.java:41)
	at junitparams.internal.InvokeParameterisedMethod.evaluate(InvokeParameterisedMethod.java:102)
	at org.junit.internal.runners.statements.FailOnTimeout$1.run(FailOnTimeout.java:28)
Caused by: ptolemy.kernel.util.IllegalActionException: Found a zero delay loop containing .dependencyLoop.original
  in .dependencyLoop and .dependencyLoop.original
	at ptolemy.actor.util.CausalityInterfaceForComposites._computeOutputPortDepth(CausalityInterfaceForComposites.java:759)
	at ptolemy.actor.util.CausalityInterfaceForComposites._computeInputDepth(CausalityInterfaceForComposites.java:696)
	at ptolemy.actor.util.CausalityInterfaceForComposites._computeOutputPortDepth(CausalityInterfaceForComposites.java:765)
	at ptolemy.actor.util.CausalityInterfaceForComposites._computeInputDepth(CausalityInterfaceForComposites.java:696)
	at ptolemy.actor.util.CausalityInterfaceForComposites._computeOutputPortDepth(CausalityInterfaceForComposites.java:765)
	at ptolemy.actor.util.CausalityInterfaceForComposites._computeInputDepth(CausalityInterfaceForComposites.java:696)
	at ptolemy.actor.util.CausalityInterfaceForComposites._computeActorDepth(CausalityInterfaceForComposites.java:532)
	at ptolemy.actor.util.CausalityInterfaceForComposites.checkForCycles(CausalityInterfaceForComposites.java:96)
	at ptolemy.domains.de.kernel.DEDirector.preinitialize(DEDirector.java:1338)
	at ptolemy.actor.CompositeActor.preinitialize(CompositeActor.java:1828)
	at ptolemy.actor.Manager.preinitializeAndResolveTypes(Manager.java:1040)
	at ptolemy.actor.Manager.initialize(Manager.java:710)
	at ptolemy.actor.Manager.execute(Manager.java:356)
	at ptolemy.actor.Manager.run(Manager.java:1263)
	at ptolemy.actor.Manager$PtolemyRunThread.run(Manager.java:1915)
java.lang.RuntimeException: Execution failed
	at ptolemy.moml.MoMLSimpleApplication$UnloadThread.run(MoMLSimpleApplication.java:402)
Caused by: ptolemy.kernel.util.IllegalActionException: Found a zero delay loop containing .dependencyLoop2.original
  in .dependencyLoop2 and .dependencyLoop2.original
	at ptolemy.actor.util.CausalityInterfaceForComposites._computeOutputPortDepth(CausalityInterfaceForComposites.java:759)
	at ptolemy.actor.util.CausalityInterfaceForComposites._computeInputDepth(CausalityInterfaceForComposites.java:696)
	at ptolemy.actor.util.CausalityInterfaceForComposites._computeOutputPortDepth(CausalityInterfaceForComposites.java:765)
	at ptolemy.actor.util.CausalityInterfaceForComposites._computeInputDepth(CausalityInterfaceForComposites.java:696)
	at ptolemy.actor.util.CausalityInterfaceForComposites._computeOutputPortDepth(CausalityInterfaceForComposites.java:765)
	at ptolemy.actor.util.CausalityInterfaceForComposites._computeInputDepth(CausalityInterfaceForComposites.java:696)
	at ptolemy.actor.util.CausalityInterfaceForComposites._computeActorDepth(CausalityInterfaceForComposites.java:532)
	at ptolemy.actor.util.CausalityInterfaceForComposites.checkForCycles(CausalityInterfaceForComposites.java:96)
	at ptolemy.domains.de.kernel.DEDirector.preinitialize(DEDirector.java:1338)
	at ptolemy.actor.CompositeActor.preinitialize(CompositeActor.java:1828)
	at ptolemy.actor.Manager.preinitializeAndResolveTypes(Manager.java:1040)
	at ptolemy.actor.Manager.initialize(Manager.java:710)
	at ptolemy.actor.Manager.execute(Manager.java:356)
	at ptolemy.actor.Manager.run(Manager.java:1263)
	at ptolemy.actor.Manager$PtolemyRunThread.run(Manager.java:1915)
java.lang.reflect.InvocationTargetException
	at sun.reflect.NativeConstructorAccessorImpl.newInstance0(Native Method)
	at sun.reflect.NativeConstructorAccessorImpl.newInstance(NativeConstructorAccessorImpl.java:62)
	at sun.reflect.DelegatingConstructorAccessorImpl.newInstance(DelegatingConstructorAccessorImpl.java:45)
	at java.lang.reflect.Constructor.newInstance(Constructor.java:423)
	at ptolemy.util.test.junit.AutoKnownFailedTests.RunModel(AutoKnownFailedTests.java:107)
	at sun.reflect.NativeMethodAccessorImpl.invoke0(Native Method)
	at sun.reflect.NativeMethodAccessorImpl.invoke(NativeMethodAccessorImpl.java:62)
	at sun.reflect.DelegatingMethodAccessorImpl.invoke(DelegatingMethodAccessorImpl.java:43)
	at java.lang.reflect.Method.invoke(Method.java:498)
	at org.junit.runners.model.FrameworkMethod$1.runReflectiveCall(FrameworkMethod.java:44)
	at org.junit.internal.runners.model.ReflectiveCallable.run(ReflectiveCallable.java:15)
	at org.junit.runners.model.FrameworkMethod.invokeExplosively(FrameworkMethod.java:41)
	at junitparams.internal.InvokeParameterisedMethod.evaluate(InvokeParameterisedMethod.java:102)
	at org.junit.internal.runners.statements.FailOnTimeout$1.run(FailOnTimeout.java:28)
Caused by: ptolemy.kernel.util.IllegalActionException: Found a zero delay loop containing .dependencyLoop2.original
  in .dependencyLoop2 and .dependencyLoop2.original
	at ptolemy.actor.util.CausalityInterfaceForComposites._computeOutputPortDepth(CausalityInterfaceForComposites.java:759)
	at ptolemy.actor.util.CausalityInterfaceForComposites._computeInputDepth(CausalityInterfaceForComposites.java:696)
	at ptolemy.actor.util.CausalityInterfaceForComposites._computeOutputPortDepth(CausalityInterfaceForComposites.java:765)
	at ptolemy.actor.util.CausalityInterfaceForComposites._computeInputDepth(CausalityInterfaceForComposites.java:696)
	at ptolemy.actor.util.CausalityInterfaceForComposites._computeOutputPortDepth(CausalityInterfaceForComposites.java:765)
	at ptolemy.actor.util.CausalityInterfaceForComposites._computeInputDepth(CausalityInterfaceForComposites.java:696)
	at ptolemy.actor.util.CausalityInterfaceForComposites._computeActorDepth(CausalityInterfaceForComposites.java:532)
	at ptolemy.actor.util.CausalityInterfaceForComposites.checkForCycles(CausalityInterfaceForComposites.java:96)
	at ptolemy.domains.de.kernel.DEDirector.preinitialize(DEDirector.java:1338)
	at ptolemy.actor.CompositeActor.preinitialize(CompositeActor.java:1828)
	at ptolemy.actor.Manager.preinitializeAndResolveTypes(Manager.java:1040)
	at ptolemy.actor.Manager.initialize(Manager.java:710)
	at ptolemy.actor.Manager.execute(Manager.java:356)
	at ptolemy.actor.Manager.run(Manager.java:1263)
	at ptolemy.actor.Manager$PtolemyRunThread.run(Manager.java:1915)
]]></system-err>
</testsuite>
