<?xml version="1.0" encoding="UTF-8" ?>
<testsuite errors="0" failures="0" hostname="travis-job-dc004645-9836-4ef4-b81c-e2623c54d5ab" name="ptolemy.domains.de.test.junit.JUnitTclTest" skipped="0" tests="101" time="130.034" timestamp="2019-02-24T12:20:49">
  <properties>
[...]
</properties>
  <testcase classname="ptolemy.util.test.junit.TclTests" name="[0] /home/travis/build/icyphy/ptII/ptolemy/domains/de/test/DependencyLoop.tcl (RunTclFile)" time="0.688" />
  <testcase classname="ptolemy.util.test.junit.TclTests" name="[1] /home/travis/build/icyphy/ptII/ptolemy/domains/de/test/RunDETestsAsQSS.tcl (RunTclFile)" time="87.85" />
  <testcase classname="ptolemy.util.test.junit.AutoKnownFailedTests" name="[0] /home/travis/build/icyphy/ptII/ptolemy/domains/de/test/auto/knownFailedTests/DESDFClockTest.xml (RunModel)" time="2.048" />
  <testcase classname="ptolemy.util.test.junit.AutoKnownFailedTests" name="[1] /home/travis/build/icyphy/ptII/ptolemy/domains/de/test/auto/knownFailedTests/DirectFeedback.xml (RunModel)" time="0.023" />
  <testcase classname="ptolemy.util.test.junit.AutoKnownFailedTests" name="[2] /home/travis/build/icyphy/ptII/ptolemy/domains/de/test/auto/knownFailedTests/FSMSource.xml (RunModel)" time="0.035" />
  <testcase classname="ptolemy.util.test.junit.AutoKnownFailedTests" name="[3] /home/travis/build/icyphy/ptII/ptolemy/domains/de/test/auto/knownFailedTests/HierarchicalModel.xml (RunModel)" time="0.039" />
  <testcase classname="ptolemy.util.test.junit.AutoKnownFailedTests" name="[4] /home/travis/build/icyphy/ptII/ptolemy/domains/de/test/auto/knownFailedTests/dependencyLoop.xml (RunModel)" time="0.038" />
  <testcase classname="ptolemy.util.test.junit.AutoKnownFailedTests" name="[5] /home/travis/build/icyphy/ptII/ptolemy/domains/de/test/auto/knownFailedTests/dependencyLoop2.xml (RunModel)" time="0.039" />
  <testcase classname="ptolemy.util.test.junit.AutoNameArchTests" name="[0] ThereAreNoAutoArchTests (RunModel)" time="0.0" />
  <testcase classname="ptolemy.util.test.junit.AutoTests" name="[0] /home/travis/build/icyphy/ptII/ptolemy/domains/de/test/auto/ActorDepthCalculation_actorWithoutPorts.xml (RunModel)" time="0.015" />
  <testcase classname="ptolemy.util.test.junit.AutoTests" name="[1] /home/travis/build/icyphy/ptII/ptolemy/domains/de/test/auto/AssemblyLine.xml (RunModel)" time="0.019" />
  <testcase classname="ptolemy.util.test.junit.AutoTests" name="[2] /home/travis/build/icyphy/ptII/ptolemy/domains/de/test/auto/CQBug1.xml (RunModel)" time="0.009" />
  <testcase classname="ptolemy.util.test.junit.AutoTests" name="[3] /home/travis/build/icyphy/ptII/ptolemy/domains/de/test/auto/CancelFireAt.xml (RunModel)" time="0.016" />
  <testcase classname="ptolemy.util.test.junit.AutoTests" name="[4] /home/travis/build/icyphy/ptII/ptolemy/domains/de/test/auto/CausalityAndComposabilityAnalysis.xml (RunModel)" time="0.01" />
  <testcase classname="ptolemy.util.test.junit.AutoTests" name="[5] /home/travis/build/icyphy/ptII/ptolemy/domains/de/test/auto/CausalityInterface1.xml (RunModel)" time="0.022" />
  <testcase classname="ptolemy.util.test.junit.AutoTests" name="[6] /home/travis/build/icyphy/ptII/ptolemy/domains/de/test/auto/CausalityInterface15.xml (RunModel)" time="0.014" />
  <testcase classname="ptolemy.util.test.junit.AutoTests" name="[7] /home/travis/build/icyphy/ptII/ptolemy/domains/de/test/auto/CausalityInterface2.xml (RunModel)" time="0.011" />
  <testcase classname="ptolemy.util.test.junit.AutoTests" name="[8] /home/travis/build/icyphy/ptII/ptolemy/domains/de/test/auto/CausalityInterface3.xml (RunModel)" time="0.012" />
  <testcase classname="ptolemy.util.test.junit.AutoTests" name="[9] /home/travis/build/icyphy/ptII/ptolemy/domains/de/test/auto/ClockDrift.xml (RunModel)" time="0.041" />
  <testcase classname="ptolemy.util.test.junit.AutoTests" name="[10] /home/travis/build/icyphy/ptII/ptolemy/domains/de/test/auto/ClockDriftAndValueChange.xml (RunModel)" time="0.032" />
  <testcase classname="ptolemy.util.test.junit.AutoTests" name="[11] /home/travis/build/icyphy/ptII/ptolemy/domains/de/test/auto/ClockDriftChange.xml (RunModel)" time="0.032" />
  <testcase classname="ptolemy.util.test.junit.AutoTests" name="[12] /home/travis/build/icyphy/ptII/ptolemy/domains/de/test/auto/ComposableCausalityAnalysis.xml (RunModel)" time="0.021" />
  <testcase classname="ptolemy.util.test.junit.AutoTests" name="[13] /home/travis/build/icyphy/ptII/ptolemy/domains/de/test/auto/DEFixedPointLimitation.xml (RunModel)" time="0.009" />
  <testcase classname="ptolemy.util.test.junit.AutoTests" name="[14] /home/travis/build/icyphy/ptII/ptolemy/domains/de/test/auto/DEScheduleTest.xml (RunModel)" time="0.03" />
  <testcase classname="ptolemy.util.test.junit.AutoTests" name="[15] /home/travis/build/icyphy/ptII/ptolemy/domains/de/test/auto/DEinDEwithStartTimes.xml (RunModel)" time="0.016" />
  <testcase classname="ptolemy.util.test.junit.AutoTests" name="[16] /home/travis/build/icyphy/ptII/ptolemy/domains/de/test/auto/DEinDEwithStartTimes2.xml (RunModel)" time="0.014" />
  <testcase classname="ptolemy.util.test.junit.AutoTests" name="[17] /home/travis/build/icyphy/ptII/ptolemy/domains/de/test/auto/DateDemo.xml (RunModel)" time="0.028" />
  <testcase classname="ptolemy.util.test.junit.AutoTests" name="[18] /home/travis/build/icyphy/ptII/ptolemy/domains/de/test/auto/DateToEvent.xml (RunModel)" time="2.038" />
  <testcase classname="ptolemy.util.test.junit.AutoTests" name="[19] /home/travis/build/icyphy/ptII/ptolemy/domains/de/test/auto/DepthTest1.xml (RunModel)" time="0.01" />
  <testcase classname="ptolemy.util.test.junit.AutoTests" name="[20] /home/travis/build/icyphy/ptII/ptolemy/domains/de/test/auto/DepthTest2.xml (RunModel)" time="0.02" />
  <testcase classname="ptolemy.util.test.junit.AutoTests" name="[21] /home/travis/build/icyphy/ptII/ptolemy/domains/de/test/auto/DepthTest3.xml (RunModel)" time="0.018" />
  <testcase classname="ptolemy.util.test.junit.AutoTests" name="[22] /home/travis/build/icyphy/ptII/ptolemy/domains/de/test/auto/DepthTest4.xml (RunModel)" time="0.017" />
  <testcase classname="ptolemy.util.test.junit.AutoTests" name="[23] /home/travis/build/icyphy/ptII/ptolemy/domains/de/test/auto/DepthTest5.xml (RunModel)" time="0.015" />
  <testcase classname="ptolemy.util.test.junit.AutoTests" name="[24] /home/travis/build/icyphy/ptII/ptolemy/domains/de/test/auto/DepthTest6.xml (RunModel)" time="0.012" />
  <testcase classname="ptolemy.util.test.junit.AutoTests" name="[25] /home/travis/build/icyphy/ptII/ptolemy/domains/de/test/auto/DepthTest7.xml (RunModel)" time="0.016" />
  <testcase classname="ptolemy.util.test.junit.AutoTests" name="[26] /home/travis/build/icyphy/ptII/ptolemy/domains/de/test/auto/EventToDate.xml (RunModel)" time="3.044" />
  <testcase classname="ptolemy.util.test.junit.AutoTests" name="[27] /home/travis/build/icyphy/ptII/ptolemy/domains/de/test/auto/FSM1.xml (RunModel)" time="0.028" />
  <testcase classname="ptolemy.util.test.junit.AutoTests" name="[28] /home/travis/build/icyphy/ptII/ptolemy/domains/de/test/auto/FSM7.xml (RunModel)" time="0.026" />
  <testcase classname="ptolemy.util.test.junit.AutoTests" name="[29] /home/travis/build/icyphy/ptII/ptolemy/domains/de/test/auto/Inspection.xml (RunModel)" time="0.036" />
  <testcase classname="ptolemy.util.test.junit.AutoTests" name="[30] /home/travis/build/icyphy/ptII/ptolemy/domains/de/test/auto/Iteration.xml (RunModel)" time="0.016" />
  <testcase classname="ptolemy.util.test.junit.AutoTests" name="[31] /home/travis/build/icyphy/ptII/ptolemy/domains/de/test/auto/LineFault.xml (RunModel)" time="0.543" />
  <testcase classname="ptolemy.util.test.junit.AutoTests" name="[32] /home/travis/build/icyphy/ptII/ptolemy/domains/de/test/auto/MergeModel1Add.xml (RunModel)" time="0.039" />
  <testcase classname="ptolemy.util.test.junit.AutoTests" name="[33] /home/travis/build/icyphy/ptII/ptolemy/domains/de/test/auto/MergeModel2Add.xml (RunModel)" time="0.035" />
  <testcase classname="ptolemy.util.test.junit.AutoTests" name="[34] /home/travis/build/icyphy/ptII/ptolemy/domains/de/test/auto/MergeModel3Add.xml (RunModel)" time="0.031" />
  <testcase classname="ptolemy.util.test.junit.AutoTests" name="[35] /home/travis/build/icyphy/ptII/ptolemy/domains/de/test/auto/MergeWithoutDiscard.xml (RunModel)" time="0.011" />
  <testcase classname="ptolemy.util.test.junit.AutoTests" name="[36] /home/travis/build/icyphy/ptII/ptolemy/domains/de/test/auto/Modal1.xml (RunModel)" time="0.042" />
  <testcase classname="ptolemy.util.test.junit.AutoTests" name="[37] /home/travis/build/icyphy/ptII/ptolemy/domains/de/test/auto/Modal2.xml (RunModel)" time="0.032" />
  <testcase classname="ptolemy.util.test.junit.AutoTests" name="[38] /home/travis/build/icyphy/ptII/ptolemy/domains/de/test/auto/Modal3.xml (RunModel)" time="0.029" />
  <testcase classname="ptolemy.util.test.junit.AutoTests" name="[39] /home/travis/build/icyphy/ptII/ptolemy/domains/de/test/auto/Modal4.xml (RunModel)" time="0.027" />
  <testcase classname="ptolemy.util.test.junit.AutoTests" name="[40] /home/travis/build/icyphy/ptII/ptolemy/domains/de/test/auto/Modal5.xml (RunModel)" time="0.032" />
  <testcase classname="ptolemy.util.test.junit.AutoTests" name="[41] /home/travis/build/icyphy/ptII/ptolemy/domains/de/test/auto/Modal6.xml (RunModel)" time="0.028" />
  <testcase classname="ptolemy.util.test.junit.AutoTests" name="[42] /home/travis/build/icyphy/ptII/ptolemy/domains/de/test/auto/Modal7.xml (RunModel)" time="0.027" />
  <testcase classname="ptolemy.util.test.junit.AutoTests" name="[43] /home/travis/build/icyphy/ptII/ptolemy/domains/de/test/auto/ModalModel.xml (RunModel)" time="0.161" />
  <testcase classname="ptolemy.util.test.junit.AutoTests" name="[44] /home/travis/build/icyphy/ptII/ptolemy/domains/de/test/auto/ModalSource.xml (RunModel)" time="0.018" />
  <testcase classname="ptolemy.util.test.junit.AutoTests" name="[45] /home/travis/build/icyphy/ptII/ptolemy/domains/de/test/auto/NonInterruptibleTimerZeroDelay.xml (RunModel)" time="0.009" />
  <testcase classname="ptolemy.util.test.junit.AutoTests" name="[46] /home/travis/build/icyphy/ptII/ptolemy/domains/de/test/auto/OpenQueueingNetwork.xml (RunModel)" time="2.334" />
  <testcase classname="ptolemy.util.test.junit.AutoTests" name="[47] /home/travis/build/icyphy/ptII/ptolemy/domains/de/test/auto/OpenQueuingNetwork.xml (RunModel)" time="0.265" />
  <testcase classname="ptolemy.util.test.junit.AutoTests" name="[48] /home/travis/build/icyphy/ptII/ptolemy/domains/de/test/auto/PeriodicSampler.xml (RunModel)" time="0.012" />
  <testcase classname="ptolemy.util.test.junit.AutoTests" name="[49] /home/travis/build/icyphy/ptII/ptolemy/domains/de/test/auto/PersistentIO.xml (RunModel)" time="0.016" />
  <testcase classname="ptolemy.util.test.junit.AutoTests" name="[50] /home/travis/build/icyphy/ptII/ptolemy/domains/de/test/auto/PortParameterResetOnInitialize.xml (RunModel)" time="0.007" />
  <testcase classname="ptolemy.util.test.junit.AutoTests" name="[51] /home/travis/build/icyphy/ptII/ptolemy/domains/de/test/auto/PortParameterUpdates.xml (RunModel)" time="0.011" />
  <testcase classname="ptolemy.util.test.junit.AutoTests" name="[52] /home/travis/build/icyphy/ptII/ptolemy/domains/de/test/auto/QueueAndServer.xml (RunModel)" time="0.016" />
  <testcase classname="ptolemy.util.test.junit.AutoTests" name="[53] /home/travis/build/icyphy/ptII/ptolemy/domains/de/test/auto/Records.xml (RunModel)" time="0.011" />
  <testcase classname="ptolemy.util.test.junit.AutoTests" name="[54] /home/travis/build/icyphy/ptII/ptolemy/domains/de/test/auto/ResetTransitionWithStartTime1.xml (RunModel)" time="0.019" />
  <testcase classname="ptolemy.util.test.junit.AutoTests" name="[55] /home/travis/build/icyphy/ptII/ptolemy/domains/de/test/auto/ResetTransitionWithStartTime2.xml (RunModel)" time="0.015" />
  <testcase classname="ptolemy.util.test.junit.AutoTests" name="[56] /home/travis/build/icyphy/ptII/ptolemy/domains/de/test/auto/ResetTransitionWithStartTime3.xml (RunModel)" time="0.016" />
  <testcase classname="ptolemy.util.test.junit.AutoTests" name="[57] /home/travis/build/icyphy/ptII/ptolemy/domains/de/test/auto/ResetTransitionWithStartTime4.xml (RunModel)" time="0.018" />
  <testcase classname="ptolemy.util.test.junit.AutoTests" name="[58] /home/travis/build/icyphy/ptII/ptolemy/domains/de/test/auto/ResettableTimer1.xml (RunModel)" time="0.009" />
  <testcase classname="ptolemy.util.test.junit.AutoTests" name="[59] /home/travis/build/icyphy/ptII/ptolemy/domains/de/test/auto/ResettableTimer2.xml (RunModel)" time="0.008" />
  <testcase classname="ptolemy.util.test.junit.AutoTests" name="[60] /home/travis/build/icyphy/ptII/ptolemy/domains/de/test/auto/ResettableTimer3.xml (RunModel)" time="0.007" />
  <testcase classname="ptolemy.util.test.junit.AutoTests" name="[61] /home/travis/build/icyphy/ptII/ptolemy/domains/de/test/auto/ResettableTimer4.xml (RunModel)" time="0.015" />
  <testcase classname="ptolemy.util.test.junit.AutoTests" name="[62] /home/travis/build/icyphy/ptII/ptolemy/domains/de/test/auto/ResettableTimer5.xml (RunModel)" time="0.009" />
  <testcase classname="ptolemy.util.test.junit.AutoTests" name="[63] /home/travis/build/icyphy/ptII/ptolemy/domains/de/test/auto/ResettableTimer6.xml (RunModel)" time="0.02" />
  <testcase classname="ptolemy.util.test.junit.AutoTests" name="[64] /home/travis/build/icyphy/ptII/ptolemy/domains/de/test/auto/ServerZeroDelay.xml (RunModel)" time="0.01" />
  <testcase classname="ptolemy.util.test.junit.AutoTests" name="[65] /home/travis/build/icyphy/ptII/ptolemy/domains/de/test/auto/SmartSender.xml (RunModel)" time="3.007" />
  <testcase classname="ptolemy.util.test.junit.AutoTests" name="[66] /home/travis/build/icyphy/ptII/ptolemy/domains/de/test/auto/ThreadedComposite.xml (RunModel)" time="1.77" />
  <testcase classname="ptolemy.util.test.junit.AutoTests" name="[67] /home/travis/build/icyphy/ptII/ptolemy/domains/de/test/auto/Time.xml (RunModel)" time="0.426" />
  <testcase classname="ptolemy.util.test.junit.AutoTests" name="[68] /home/travis/build/icyphy/ptII/ptolemy/domains/de/test/auto/TimeDelayZeroDelay.xml (RunModel)" time="0.011" />
  <testcase classname="ptolemy.util.test.junit.AutoTests" name="[69] /home/travis/build/icyphy/ptII/ptolemy/domains/de/test/auto/TimerZeroDelay.xml (RunModel)" time="0.009" />
  <testcase classname="ptolemy.util.test.junit.AutoTests" name="[70] /home/travis/build/icyphy/ptII/ptolemy/domains/de/test/auto/TimingParadox.xml (RunModel)" time="0.354" />
  <testcase classname="ptolemy.util.test.junit.AutoTests" name="[71] /home/travis/build/icyphy/ptII/ptolemy/domains/de/test/auto/TransferInputs.xml (RunModel)" time="0.013" />
  <testcase classname="ptolemy.util.test.junit.AutoTests" name="[72] /home/travis/build/icyphy/ptII/ptolemy/domains/de/test/auto/TransferOutputs2.xml (RunModel)" time="0.019" />
  <testcase classname="ptolemy.util.test.junit.AutoTests" name="[73] /home/travis/build/icyphy/ptII/ptolemy/domains/de/test/auto/Trilateration.xml (RunModel)" time="11.693" />
  <testcase classname="ptolemy.util.test.junit.AutoTests" name="[74] /home/travis/build/icyphy/ptII/ptolemy/domains/de/test/auto/TwoSigmaDelta.xml (RunModel)" time="1.925" />
  <testcase classname="ptolemy.util.test.junit.AutoTests" name="[75] /home/travis/build/icyphy/ptII/ptolemy/domains/de/test/auto/VariableDelay.xml (RunModel)" time="0.011" />
  <testcase classname="ptolemy.util.test.junit.AutoTests" name="[76] /home/travis/build/icyphy/ptII/ptolemy/domains/de/test/auto/VariableDelay2.xml (RunModel)" time="0.008" />
  <testcase classname="ptolemy.util.test.junit.AutoTests" name="[77] /home/travis/build/icyphy/ptII/ptolemy/domains/de/test/auto/VariableDelayZeroDelay.xml (RunModel)" time="0.011" />
  <testcase classname="ptolemy.util.test.junit.AutoTests" name="[78] /home/travis/build/icyphy/ptII/ptolemy/domains/de/test/auto/VariableDelayZeroDelay2.xml (RunModel)" time="0.008" />
  <testcase classname="ptolemy.util.test.junit.AutoTests" name="[79] /home/travis/build/icyphy/ptII/ptolemy/domains/de/test/auto/deInCt.xml (RunModel)" time="0.014" />
  <testcase classname="ptolemy.util.test.junit.AutoTests" name="[80] /home/travis/build/icyphy/ptII/ptolemy/domains/de/test/auto/deInCt2.xml (RunModel)" time="0.023" />
  <testcase classname="ptolemy.util.test.junit.AutoTests" name="[81] /home/travis/build/icyphy/ptII/ptolemy/domains/de/test/auto/dynamicCausalityInterface1.xml (RunModel)" time="0.022" />
  <testcase classname="ptolemy.util.test.junit.AutoTests" name="[82] /home/travis/build/icyphy/ptII/ptolemy/domains/de/test/auto/fsm_de_test.xml (RunModel)" time="0.02" />
  <testcase classname="ptolemy.util.test.junit.AutoTests" name="[83] /home/travis/build/icyphy/ptII/ptolemy/domains/de/test/auto/functionDependencyReconstruction.xml (RunModel)" time="0.028" />
  <testcase classname="ptolemy.util.test.junit.AutoTests" name="[84] /home/travis/build/icyphy/ptII/ptolemy/domains/de/test/auto/multirate.xml (RunModel)" time="0.014" />
  <testcase classname="ptolemy.util.test.junit.AutoTests" name="[85] /home/travis/build/icyphy/ptII/ptolemy/domains/de/test/auto/multirate2.xml (RunModel)" time="0.017" />
  <testcase classname="ptolemy.util.test.junit.AutoTests" name="[86] /home/travis/build/icyphy/ptII/ptolemy/domains/de/test/auto/realtime.xml (RunModel)" time="10.01" />
  <testcase classname="ptolemy.util.test.junit.AutoTests" name="[87] /home/travis/build/icyphy/ptII/ptolemy/domains/de/test/auto/relationGroup.xml (RunModel)" time="0.007" />
  <testcase classname="ptolemy.util.test.junit.AutoTests" name="[88] /home/travis/build/icyphy/ptII/ptolemy/domains/de/test/auto/relationGroup2.xml (RunModel)" time="0.015" />
  <testcase classname="ptolemy.util.test.junit.AutoTests" name="[89] /home/travis/build/icyphy/ptII/ptolemy/domains/de/test/auto/sortWithOpaquePorts.xml (RunModel)" time="0.006" />
  <testcase classname="ptolemy.util.test.junit.AutoTests" name="[90] /home/travis/build/icyphy/ptII/ptolemy/domains/de/test/auto/transferInputsandOutputs.xml (RunModel)" time="0.016" />
  <testcase classname="ptolemy.util.test.junit.AutoTests" name="[91] /home/travis/build/icyphy/ptII/ptolemy/domains/de/test/auto/triggerType.xml (RunModel)" time="0.015" />
  <system-out><![CDATA[/home/travis/build/icyphy/ptII/ptolemy/domains/de/test/DependencyLoop.tcl
testDefs.tcl: setting time out to 9000 seconds at Sun Feb 24 12:20:49 UTC 2019
16 ms. Memory: 116224K Free: 97423K (84%)
23 ms. Memory: 146944K Free: 141212K (96%)
/home/travis/build/icyphy/ptII/ptolemy/domains/de/test/RunDETestsAsQSS.tcl
Run the DE tests using ptolemy.domains.qss.test.QSSDirectorTest, which extends QSSDirector and prints a message in the constructors.
------------------ testing $PTII/ptolemy/domains/de/test/auto/knownFailedTests/dependencyLoop.xml (Known Failure) 
6 ms. Memory: 146944K Free: 136561K (93%)


==== $PTIIhome/travis/build/icyphy/ptII/ptolemy/domains/de/test/../../../../: Auto Automatic test in file $PTII/ptolemy/domains/de/test/auto/knownFailedTests/dependencyLoop.xml
==== Contents of test case:

	    # FIXME: we should use $relativeFilename here, but it
	    # might have backslashes under Windows, which causes no end
	    # of trouble.
	    createAndExecute $file
	    list {}
	
.... Test generated KNOWN error:
    while executing
ptolemy.kernel.util.IllegalActionException: Found a zero delay loop containing .dependencyLoop.original
  in .dependencyLoop and .dependencyLoop.original
	at ptolemy.actor.util.CausalityInterfaceForComposites._computeOutputPortDepth(CausalityInterfaceForComposites.java:759)
	at ptolemy.actor.util.CausalityInterfaceForComposites._computeInputDepth(CausalityInterfaceForComposites.java:696)
	at ptolemy.actor.util.CausalityInterfaceForComposites._computeOutputPortDepth(CausalityInterfaceForComposites.java:765)
	at ptolemy.actor.util.CausalityInterfaceForComposites._computeInputDepth(CausalityInterfaceForComposites.java:696)
	at ptolemy.actor.util.CausalityInterfaceForComposites._computeOutputPortDepth(CausalityInterfaceForComposites.java:765)
	at ptolemy.actor.util.CausalityInterfaceForComposites._computeInputDepth(CausalityInterfaceForComposites.java:696)
	at ptolemy.actor.util.CausalityInterfaceForComposites._computeActorDepth(CausalityInterfaceForComposites.java:532)
	at ptolemy.actor.util.CausalityInterfaceForComposites.checkForCycles(CausalityInterfaceForComposites.java:96)
	at ptolemy.domains.de.kernel.DEDirector.preinitialize(DEDirector.java:1338)
	at ptolemy.actor.CompositeActor.preinitialize(CompositeActor.java:1828)
	at ptolemy.actor.Manager.preinitializeAndResolveTypes(Manager.java:1040)
	at ptolemy.actor.Manager.initialize(Manager.java:710)
	at ptolemy.actor.Manager.execute(Manager.java:356)
	at ptolemy.actor.Manager.run(Manager.java:1263)
	at ptolemy.actor.Manager$PtolemyRunThread.run(Manager.java:1915)

    while executing
ptolemy.kernel.util.IllegalActionException: Found a zero delay loop containing .dependencyLoop.original
  in .dependencyLoop and .dependencyLoop.original
    while executing
"java::new ptolemy.moml.MoMLSimpleApplication $file
"
    (procedure "createAndExecute" line 2)
    invoked from within
"createAndExecute $file"
    ("uplevel" body line 5)
    invoked from within
"uplevel $contents_of_test"
------------------ testing $PTII/ptolemy/domains/de/test/auto/knownFailedTests/DESDFClockTest.xml (Known Failure) 
2063 ms. Memory: 146944K Free: 121336K (83%)


==== $PTIIhome/travis/build/icyphy/ptII/ptolemy/domains/de/test/../../../../: Auto Automatic test in file $PTII/ptolemy/domains/de/test/auto/knownFailedTests/DESDFClockTest.xml
==== Contents of test case:

	    # FIXME: we should use $relativeFilename here, but it
	    # might have backslashes under Windows, which causes no end
	    # of trouble.
	    createAndExecute $file
	    list {}
	
.... Test generated KNOWN error:
    while executing
ptolemy.kernel.util.IllegalActionException: Actor is not ready to fire.  Perhaps UpSample.prefire() returned false? Try debugging the actor by selecting "Listen to Actor".  Also, for SDF check moml for tokenConsumptionRate on input.
  in .DESDFClockTest.Play Bell.Copy1:SDF Director and .DESDFClockTest.Play Bell.UpSample
	at ptolemy.actor.sched.StaticSchedulingDirector.fire(StaticSchedulingDirector.java:227)
	at ptolemy.domains.sdf.kernel.SDFDirector.fire(SDFDirector.java:500)
	at ptolemy.actor.CompositeActor.fire(CompositeActor.java:455)
	at ptolemy.domains.de.kernel.DEDirector._fire(DEDirector.java:1949)
	at ptolemy.domains.de.kernel.DEDirector.fire(DEDirector.java:502)
	at ptolemy.actor.CompositeActor.fire(CompositeActor.java:455)
	at ptolemy.actor.Manager.iterate(Manager.java:851)
	at ptolemy.actor.Manager.execute(Manager.java:369)
	at ptolemy.actor.Manager.run(Manager.java:1263)
	at ptolemy.actor.Manager$PtolemyRunThread.run(Manager.java:1915)

    while executing
ptolemy.kernel.util.IllegalActionException: Actor is not ready to fire.  Perhaps UpSample.prefire() returned false? Try debugging the actor by selecting "Listen to Actor".  Also, for SDF check moml for tokenConsumptionRate on input.
  in .DESDFClockTest.Play Bell.Copy1:SDF Director and .DESDFClockTest.Play Bell.UpSample
    while executing
"java::new ptolemy.moml.MoMLSimpleApplication $file
"
    (procedure "createAndExecute" line 2)
    invoked from within
"createAndExecute $file"
    ("uplevel" body line 5)
    invoked from within
"uplevel $contents_of_test"
------------------ testing $PTII/ptolemy/domains/de/test/auto/knownFailedTests/FSMSource.xml (Known Failure) 
29 ms. Memory: 146944K Free: 112468K (77%)
!!!! Auto was marked as failing, but now passes
------------------ testing $PTII/ptolemy/domains/de/test/auto/knownFailedTests/dependencyLoop2.xml (Known Failure) 
5 ms. Memory: 146944K Free: 110584K (75%)


==== $PTIIhome/travis/build/icyphy/ptII/ptolemy/domains/de/test/../../../../: Auto Automatic test in file $PTII/ptolemy/domains/de/test/auto/knownFailedTests/dependencyLoop2.xml
==== Contents of test case:

	    # FIXME: we should use $relativeFilename here, but it
	    # might have backslashes under Windows, which causes no end
	    # of trouble.
	    createAndExecute $file
	    list {}
	
.... Test generated KNOWN error:
    while executing
ptolemy.kernel.util.IllegalActionException: Found a zero delay loop containing .dependencyLoop2.original
  in .dependencyLoop2 and .dependencyLoop2.original
	at ptolemy.actor.util.CausalityInterfaceForComposites._computeOutputPortDepth(CausalityInterfaceForComposites.java:759)
	at ptolemy.actor.util.CausalityInterfaceForComposites._computeInputDepth(CausalityInterfaceForComposites.java:696)
	at ptolemy.actor.util.CausalityInterfaceForComposites._computeOutputPortDepth(CausalityInterfaceForComposites.java:765)
	at ptolemy.actor.util.CausalityInterfaceForComposites._computeInputDepth(CausalityInterfaceForComposites.java:696)
	at ptolemy.actor.util.CausalityInterfaceForComposites._computeOutputPortDepth(CausalityInterfaceForComposites.java:765)
	at ptolemy.actor.util.CausalityInterfaceForComposites._computeInputDepth(CausalityInterfaceForComposites.java:696)
	at ptolemy.actor.util.CausalityInterfaceForComposites._computeActorDepth(CausalityInterfaceForComposites.java:532)
	at ptolemy.actor.util.CausalityInterfaceForComposites.checkForCycles(CausalityInterfaceForComposites.java:96)
	at ptolemy.domains.de.kernel.DEDirector.preinitialize(DEDirector.java:1338)
	at ptolemy.actor.CompositeActor.preinitialize(CompositeActor.java:1828)
	at ptolemy.actor.Manager.preinitializeAndResolveTypes(Manager.java:1040)
	at ptolemy.actor.Manager.initialize(Manager.java:710)
	at ptolemy.actor.Manager.execute(Manager.java:356)
	at ptolemy.actor.Manager.run(Manager.java:1263)
	at ptolemy.actor.Manager$PtolemyRunThread.run(Manager.java:1915)

    while executing
ptolemy.kernel.util.IllegalActionException: Found a zero delay loop containing .dependencyLoop2.original
  in .dependencyLoop2 and .dependencyLoop2.original
    while executing
"java::new ptolemy.moml.MoMLSimpleApplication $file
"
    (procedure "createAndExecute" line 2)
    invoked from within
"createAndExecute $file"
    ("uplevel" body line 5)
    invoked from within
"uplevel $contents_of_test"
------------------ testing $PTII/ptolemy/domains/de/test/auto/knownFailedTests/HierarchicalModel.xml (Known Failure) 
18 ms. Memory: 146944K Free: 90372K (62%)


==== $PTIIhome/travis/build/icyphy/ptII/ptolemy/domains/de/test/../../../../: Auto Automatic test in file $PTII/ptolemy/domains/de/test/auto/knownFailedTests/HierarchicalModel.xml
==== Contents of test case:

	    # FIXME: we should use $relativeFilename here, but it
	    # might have backslashes under Windows, which causes no end
	    # of trouble.
	    createAndExecute $file
	    list {}
	
.... Test generated KNOWN error:
    while executing
ptolemy.kernel.util.IllegalActionException: Found a zero delay loop containing .HierarchicalModel.A
  in .HierarchicalModel and .HierarchicalModel.A
	at ptolemy.actor.util.CausalityInterfaceForComposites._computeOutputPortDepth(CausalityInterfaceForComposites.java:759)
	at ptolemy.actor.util.CausalityInterfaceForComposites._computeInputDepth(CausalityInterfaceForComposites.java:696)
	at ptolemy.actor.util.CausalityInterfaceForComposites._computeOutputPortDepth(CausalityInterfaceForComposites.java:765)
	at ptolemy.actor.util.CausalityInterfaceForComposites._computeInputDepth(CausalityInterfaceForComposites.java:696)
	at ptolemy.actor.util.CausalityInterfaceForComposites._computeOutputPortDepth(CausalityInterfaceForComposites.java:765)
	at ptolemy.actor.util.CausalityInterfaceForComposites._computeInputDepth(CausalityInterfaceForComposites.java:696)
	at ptolemy.actor.util.CausalityInterfaceForComposites._computeActorDepth(CausalityInterfaceForComposites.java:532)
	at ptolemy.actor.util.CausalityInterfaceForComposites.checkForCycles(CausalityInterfaceForComposites.java:96)
	at ptolemy.domains.de.kernel.DEDirector.preinitialize(DEDirector.java:1338)
	at ptolemy.actor.CompositeActor.preinitialize(CompositeActor.java:1828)
	at ptolemy.actor.Manager.preinitializeAndResolveTypes(Manager.java:1040)
	at ptolemy.actor.Manager.initialize(Manager.java:710)
	at ptolemy.actor.Manager.execute(Manager.java:356)
	at ptolemy.actor.Manager.run(Manager.java:1263)
	at ptolemy.actor.Manager$PtolemyRunThread.run(Manager.java:1915)

    while executing
ptolemy.kernel.util.IllegalActionException: Found a zero delay loop containing .HierarchicalModel.A
  in .HierarchicalModel and .HierarchicalModel.A
    while executing
"java::new ptolemy.moml.MoMLSimpleApplication $file
"
    (procedure "createAndExecute" line 2)
    invoked from within
"createAndExecute $file"
    ("uplevel" body line 5)
    invoked from within
"uplevel $contents_of_test"
------------------ testing $PTII/ptolemy/domains/de/test/auto/knownFailedTests/DirectFeedback.xml (Known Failure) 
11 ms. Memory: 146944K Free: 86235K (59%)


==== $PTIIhome/travis/build/icyphy/ptII/ptolemy/domains/de/test/../../../../: Auto Automatic test in file $PTII/ptolemy/domains/de/test/auto/knownFailedTests/DirectFeedback.xml
==== Contents of test case:

	    # FIXME: we should use $relativeFilename here, but it
	    # might have backslashes under Windows, which causes no end
	    # of trouble.
	    createAndExecute $file
	    list {}
	
.... Test generated KNOWN error:
    while executing
ptolemy.kernel.util.IllegalActionException: Test fails in iteration 1.
Value was: 1.0. Should have been: 2.0
  in .DirectFeedback.Test
	at ptolemy.actor.lib.Test.fire(Test.java:268)
	at ptolemy.domains.de.kernel.DEDirector._fire(DEDirector.java:1949)
	at ptolemy.domains.de.kernel.DEDirector.fire(DEDirector.java:502)
	at ptolemy.actor.CompositeActor.fire(CompositeActor.java:455)
	at ptolemy.actor.Manager.iterate(Manager.java:851)
	at ptolemy.actor.Manager.execute(Manager.java:369)
	at ptolemy.actor.Manager.run(Manager.java:1263)
	at ptolemy.actor.Manager$PtolemyRunThread.run(Manager.java:1915)

    while executing
ptolemy.kernel.util.IllegalActionException: Test fails in iteration 1.
Value was: 1.0. Should have been: 2.0
  in .DirectFeedback.Test
    while executing
"java::new ptolemy.moml.MoMLSimpleApplication $file
"
    (procedure "createAndExecute" line 2)
    invoked from within
"createAndExecute $file"
    ("uplevel" body line 5)
    invoked from within
"uplevel $contents_of_test"
------------------ testing $PTII/ptolemy/domains/de/test/auto/ActorDepthCalculation_actorWithoutPorts.xml
auto.tcl: Setting watchdog for 200 seconds at Sun Feb 24 12:20:53 UTC 2019
7 ms. Memory: 146944K Free: 139969K (95%)
ptolemy.util.test.WatchDog.cancel(): canceling Sun Feb 24 12:20:53 UTC 2019
auto.tcl: Setting watchdog for 200 seconds at Sun Feb 24 12:20:53 UTC 2019
3 ms. Memory: 146944K Free: 137929K (94%)
ptolemy.util.test.WatchDog.cancel(): canceling Sun Feb 24 12:20:53 UTC 2019
------------------ testing $PTII/ptolemy/domains/de/test/auto/AssemblyLine.xml
auto.tcl: Setting watchdog for 200 seconds at Sun Feb 24 12:20:53 UTC 2019
7 ms. Memory: 208384K Free: 183925K (88%)
ptolemy.util.test.WatchDog.cancel(): canceling Sun Feb 24 12:20:53 UTC 2019
auto.tcl: Setting watchdog for 200 seconds at Sun Feb 24 12:20:53 UTC 2019
6 ms. Memory: 208384K Free: 183925K (88%)
ptolemy.util.test.WatchDog.cancel(): canceling Sun Feb 24 12:20:53 UTC 2019
------------------ testing $PTII/ptolemy/domains/de/test/auto/CQBug1.xml
auto.tcl: Setting watchdog for 200 seconds at Sun Feb 24 12:20:53 UTC 2019
4 ms. Memory: 208384K Free: 197909K (95%)
ptolemy.util.test.WatchDog.cancel(): canceling Sun Feb 24 12:20:53 UTC 2019
auto.tcl: Setting watchdog for 200 seconds at Sun Feb 24 12:20:53 UTC 2019
2 ms. Memory: 208384K Free: 197909K (95%)
ptolemy.util.test.WatchDog.cancel(): canceling Sun Feb 24 12:20:53 UTC 2019
------------------ testing $PTII/ptolemy/domains/de/test/auto/CancelFireAt.xml
auto.tcl: Setting watchdog for 200 seconds at Sun Feb 24 12:20:53 UTC 2019
16 ms. Memory: 208384K Free: 201151K (97%)
ptolemy.util.test.WatchDog.cancel(): canceling Sun Feb 24 12:20:53 UTC 2019
auto.tcl: Setting watchdog for 200 seconds at Sun Feb 24 12:20:53 UTC 2019
4 ms. Memory: 208384K Free: 199096K (96%)
ptolemy.util.test.WatchDog.cancel(): canceling Sun Feb 24 12:20:53 UTC 2019
------------------ testing $PTII/ptolemy/domains/de/test/auto/CausalityAndComposabilityAnalysis.xml
auto.tcl: Setting watchdog for 200 seconds at Sun Feb 24 12:20:53 UTC 2019
12 ms. Memory: 208384K Free: 198584K (95%)
ptolemy.util.test.WatchDog.cancel(): canceling Sun Feb 24 12:20:54 UTC 2019
auto.tcl: Setting watchdog for 200 seconds at Sun Feb 24 12:20:54 UTC 2019
8 ms. Memory: 208384K Free: 196545K (94%)
ptolemy.util.test.WatchDog.cancel(): canceling Sun Feb 24 12:20:54 UTC 2019
------------------ testing $PTII/ptolemy/domains/de/test/auto/CausalityInterface1.xml
auto.tcl: Setting watchdog for 200 seconds at Sun Feb 24 12:20:54 UTC 2019
15 ms. Memory: 208384K Free: 196467K (94%)
ptolemy.util.test.WatchDog.cancel(): canceling Sun Feb 24 12:20:54 UTC 2019
auto.tcl: Setting watchdog for 200 seconds at Sun Feb 24 12:20:54 UTC 2019
8 ms. Memory: 208384K Free: 196467K (94%)
ptolemy.util.test.WatchDog.cancel(): canceling Sun Feb 24 12:20:54 UTC 2019
------------------ testing $PTII/ptolemy/domains/de/test/auto/CausalityInterface15.xml
auto.tcl: Setting watchdog for 200 seconds at Sun Feb 24 12:20:54 UTC 2019
17 ms. Memory: 208384K Free: 196449K (94%)
ptolemy.util.test.WatchDog.cancel(): canceling Sun Feb 24 12:20:54 UTC 2019
auto.tcl: Setting watchdog for 200 seconds at Sun Feb 24 12:20:54 UTC 2019
10 ms. Memory: 208384K Free: 196449K (94%)
ptolemy.util.test.WatchDog.cancel(): canceling Sun Feb 24 12:20:54 UTC 2019
------------------ testing $PTII/ptolemy/domains/de/test/auto/CausalityInterface2.xml
auto.tcl: Setting watchdog for 200 seconds at Sun Feb 24 12:20:54 UTC 2019
6 ms. Memory: 208384K Free: 196961K (95%)
ptolemy.util.test.WatchDog.cancel(): canceling Sun Feb 24 12:20:54 UTC 2019
auto.tcl: Setting watchdog for 200 seconds at Sun Feb 24 12:20:54 UTC 2019
6 ms. Memory: 208384K Free: 196441K (94%)
ptolemy.util.test.WatchDog.cancel(): canceling Sun Feb 24 12:20:54 UTC 2019
------------------ testing $PTII/ptolemy/domains/de/test/auto/CausalityInterface3.xml
auto.tcl: Setting watchdog for 200 seconds at Sun Feb 24 12:20:54 UTC 2019
8 ms. Memory: 208384K Free: 196470K (94%)
ptolemy.util.test.WatchDog.cancel(): canceling Sun Feb 24 12:20:54 UTC 2019
auto.tcl: Setting watchdog for 200 seconds at Sun Feb 24 12:20:54 UTC 2019
7 ms. Memory: 208384K Free: 196470K (94%)
ptolemy.util.test.WatchDog.cancel(): canceling Sun Feb 24 12:20:54 UTC 2019
------------------ testing $PTII/ptolemy/domains/de/test/auto/ClockDrift.xml
auto.tcl: Setting watchdog for 200 seconds at Sun Feb 24 12:20:54 UTC 2019
55 ms. Memory: 208384K Free: 187867K (90%)
ptolemy.util.test.WatchDog.cancel(): canceling Sun Feb 24 12:20:54 UTC 2019
auto.tcl: Setting watchdog for 200 seconds at Sun Feb 24 12:20:54 UTC 2019
69 ms. Memory: 208384K Free: 185820K (89%)
ptolemy.util.test.WatchDog.cancel(): canceling Sun Feb 24 12:20:54 UTC 2019
------------------ testing $PTII/ptolemy/domains/de/test/auto/ClockDriftAndValueChange.xml
auto.tcl: Setting watchdog for 200 seconds at Sun Feb 24 12:20:54 UTC 2019
29 ms. Memory: 208384K Free: 189728K (91%)
ptolemy.util.test.WatchDog.cancel(): canceling Sun Feb 24 12:20:54 UTC 2019
auto.tcl: Setting watchdog for 200 seconds at Sun Feb 24 12:20:54 UTC 2019
31 ms. Memory: 208384K Free: 185648K (89%)
ptolemy.util.test.WatchDog.cancel(): canceling Sun Feb 24 12:20:54 UTC 2019
------------------ testing $PTII/ptolemy/domains/de/test/auto/ClockDriftChange.xml
auto.tcl: Setting watchdog for 200 seconds at Sun Feb 24 12:20:54 UTC 2019
47 ms. Memory: 208384K Free: 190975K (92%)
ptolemy.util.test.WatchDog.cancel(): canceling Sun Feb 24 12:20:54 UTC 2019
auto.tcl: Setting watchdog for 200 seconds at Sun Feb 24 12:20:54 UTC 2019
30 ms. Memory: 208384K Free: 188936K (91%)
ptolemy.util.test.WatchDog.cancel(): canceling Sun Feb 24 12:20:54 UTC 2019
------------------ testing $PTII/ptolemy/domains/de/test/auto/ComposableCausalityAnalysis.xml
auto.tcl: Setting watchdog for 200 seconds at Sun Feb 24 12:20:54 UTC 2019
2 ms. Memory: 208384K Free: 196860K (94%)
ptolemy.util.test.WatchDog.cancel(): canceling Sun Feb 24 12:20:55 UTC 2019
auto.tcl: Setting watchdog for 200 seconds at Sun Feb 24 12:20:55 UTC 2019
1 ms. Memory: 208384K Free: 194805K (93%)
ptolemy.util.test.WatchDog.cancel(): canceling Sun Feb 24 12:20:55 UTC 2019
------------------ testing $PTII/ptolemy/domains/de/test/auto/DEFixedPointLimitation.xml
auto.tcl: Setting watchdog for 200 seconds at Sun Feb 24 12:20:55 UTC 2019
3 ms. Memory: 208384K Free: 198453K (95%)
ptolemy.util.test.WatchDog.cancel(): canceling Sun Feb 24 12:20:55 UTC 2019
auto.tcl: Setting watchdog for 200 seconds at Sun Feb 24 12:20:55 UTC 2019
1 ms. Memory: 208384K Free: 196413K (94%)
ptolemy.util.test.WatchDog.cancel(): canceling Sun Feb 24 12:20:55 UTC 2019
------------------ testing $PTII/ptolemy/domains/de/test/auto/DEScheduleTest.xml
auto.tcl: Setting watchdog for 200 seconds at Sun Feb 24 12:20:55 UTC 2019
6 ms. Memory: 208384K Free: 198488K (95%)
ptolemy.util.test.WatchDog.cancel(): canceling Sun Feb 24 12:20:55 UTC 2019
auto.tcl: Setting watchdog for 200 seconds at Sun Feb 24 12:20:55 UTC 2019
6 ms. Memory: 208384K Free: 196432K (94%)
ptolemy.util.test.WatchDog.cancel(): canceling Sun Feb 24 12:20:55 UTC 2019
------------------ testing $PTII/ptolemy/domains/de/test/auto/DEinDEwithStartTimes.xml
auto.tcl: Setting watchdog for 200 seconds at Sun Feb 24 12:20:55 UTC 2019
3 ms. Memory: 208384K Free: 196434K (94%)
ptolemy.util.test.WatchDog.cancel(): canceling Sun Feb 24 12:20:55 UTC 2019
auto.tcl: Setting watchdog for 200 seconds at Sun Feb 24 12:20:55 UTC 2019
4 ms. Memory: 208384K Free: 194395K (93%)
ptolemy.util.test.WatchDog.cancel(): canceling Sun Feb 24 12:20:55 UTC 2019
------------------ testing $PTII/ptolemy/domains/de/test/auto/DEinDEwithStartTimes2.xml
auto.tcl: Setting watchdog for 200 seconds at Sun Feb 24 12:20:55 UTC 2019
10 ms. Memory: 208384K Free: 196397K (94%)
ptolemy.util.test.WatchDog.cancel(): canceling Sun Feb 24 12:20:55 UTC 2019
auto.tcl: Setting watchdog for 200 seconds at Sun Feb 24 12:20:55 UTC 2019
4 ms. Memory: 208384K Free: 194342K (93%)
ptolemy.util.test.WatchDog.cancel(): canceling Sun Feb 24 12:20:55 UTC 2019
------------------ testing $PTII/ptolemy/domains/de/test/auto/DateDemo.xml
auto.tcl: Setting watchdog for 200 seconds at Sun Feb 24 12:20:55 UTC 2019
13 ms. Memory: 208384K Free: 188992K (91%)
ptolemy.util.test.WatchDog.cancel(): canceling Sun Feb 24 12:20:55 UTC 2019
auto.tcl: Setting watchdog for 200 seconds at Sun Feb 24 12:20:55 UTC 2019
7 ms. Memory: 208384K Free: 186936K (90%)
ptolemy.util.test.WatchDog.cancel(): canceling Sun Feb 24 12:20:55 UTC 2019
------------------ testing $PTII/ptolemy/domains/de/test/auto/DateToEvent.xml
auto.tcl: Setting watchdog for 200 seconds at Sun Feb 24 12:20:55 UTC 2019
2020 ms. Memory: 208384K Free: 183691K (88%)
ptolemy.util.test.WatchDog.cancel(): canceling Sun Feb 24 12:20:57 UTC 2019
auto.tcl: Setting watchdog for 200 seconds at Sun Feb 24 12:20:57 UTC 2019
2008 ms. Memory: 208384K Free: 183691K (88%)
ptolemy.util.test.WatchDog.cancel(): canceling Sun Feb 24 12:20:59 UTC 2019
------------------ testing $PTII/ptolemy/domains/de/test/auto/DepthTest1.xml
auto.tcl: Setting watchdog for 200 seconds at Sun Feb 24 12:20:59 UTC 2019
4 ms. Memory: 208384K Free: 198066K (95%)
ptolemy.util.test.WatchDog.cancel(): canceling Sun Feb 24 12:20:59 UTC 2019
auto.tcl: Setting watchdog for 200 seconds at Sun Feb 24 12:20:59 UTC 2019
2 ms. Memory: 208384K Free: 198066K (95%)
ptolemy.util.test.WatchDog.cancel(): canceling Sun Feb 24 12:20:59 UTC 2019
------------------ testing $PTII/ptolemy/domains/de/test/auto/DepthTest2.xml
auto.tcl: Setting watchdog for 200 seconds at Sun Feb 24 12:20:59 UTC 2019
6 ms. Memory: 208384K Free: 193884K (93%)
ptolemy.util.test.WatchDog.cancel(): canceling Sun Feb 24 12:20:59 UTC 2019
auto.tcl: Setting watchdog for 200 seconds at Sun Feb 24 12:20:59 UTC 2019
3 ms. Memory: 208384K Free: 193884K (93%)
ptolemy.util.test.WatchDog.cancel(): canceling Sun Feb 24 12:20:59 UTC 2019
------------------ testing $PTII/ptolemy/domains/de/test/auto/DepthTest3.xml
auto.tcl: Setting watchdog for 200 seconds at Sun Feb 24 12:20:59 UTC 2019
2 ms. Memory: 208384K Free: 197895K (95%)
ptolemy.util.test.WatchDog.cancel(): canceling Sun Feb 24 12:20:59 UTC 2019
auto.tcl: Setting watchdog for 200 seconds at Sun Feb 24 12:20:59 UTC 2019
4 ms. Memory: 208384K Free: 197895K (95%)
ptolemy.util.test.WatchDog.cancel(): canceling Sun Feb 24 12:20:59 UTC 2019
------------------ testing $PTII/ptolemy/domains/de/test/auto/DepthTest4.xml
auto.tcl: Setting watchdog for 200 seconds at Sun Feb 24 12:20:59 UTC 2019
3 ms. Memory: 208384K Free: 195912K (94%)
ptolemy.util.test.WatchDog.cancel(): canceling Sun Feb 24 12:20:59 UTC 2019
auto.tcl: Setting watchdog for 200 seconds at Sun Feb 24 12:20:59 UTC 2019
2 ms. Memory: 208384K Free: 195912K (94%)
ptolemy.util.test.WatchDog.cancel(): canceling Sun Feb 24 12:20:59 UTC 2019
------------------ testing $PTII/ptolemy/domains/de/test/auto/DepthTest5.xml
auto.tcl: Setting watchdog for 200 seconds at Sun Feb 24 12:21:00 UTC 2019
5 ms. Memory: 208384K Free: 196394K (94%)
ptolemy.util.test.WatchDog.cancel(): canceling Sun Feb 24 12:21:00 UTC 2019
auto.tcl: Setting watchdog for 200 seconds at Sun Feb 24 12:21:00 UTC 2019
3 ms. Memory: 208384K Free: 196394K (94%)
ptolemy.util.test.WatchDog.cancel(): canceling Sun Feb 24 12:21:00 UTC 2019
------------------ testing $PTII/ptolemy/domains/de/test/auto/DepthTest6.xml
auto.tcl: Setting watchdog for 200 seconds at Sun Feb 24 12:21:00 UTC 2019
6 ms. Memory: 208384K Free: 196385K (94%)
ptolemy.util.test.WatchDog.cancel(): canceling Sun Feb 24 12:21:00 UTC 2019
auto.tcl: Setting watchdog for 200 seconds at Sun Feb 24 12:21:00 UTC 2019
2 ms. Memory: 208384K Free: 196385K (94%)
ptolemy.util.test.WatchDog.cancel(): canceling Sun Feb 24 12:21:00 UTC 2019
------------------ testing $PTII/ptolemy/domains/de/test/auto/DepthTest7.xml
auto.tcl: Setting watchdog for 200 seconds at Sun Feb 24 12:21:00 UTC 2019
2 ms. Memory: 208384K Free: 194586K (93%)
ptolemy.util.test.WatchDog.cancel(): canceling Sun Feb 24 12:21:00 UTC 2019
auto.tcl: Setting watchdog for 200 seconds at Sun Feb 24 12:21:00 UTC 2019
2 ms. Memory: 208384K Free: 194586K (93%)
ptolemy.util.test.WatchDog.cancel(): canceling Sun Feb 24 12:21:00 UTC 2019
------------------ testing $PTII/ptolemy/domains/de/test/auto/EventToDate.xml
auto.tcl: Setting watchdog for 200 seconds at Sun Feb 24 12:21:00 UTC 2019
3004 ms. Memory: 208384K Free: 187662K (90%)
ptolemy.util.test.WatchDog.cancel(): canceling Sun Feb 24 12:21:03 UTC 2019
auto.tcl: Setting watchdog for 200 seconds at Sun Feb 24 12:21:03 UTC 2019
3004 ms. Memory: 208384K Free: 185615K (89%)
ptolemy.util.test.WatchDog.cancel(): canceling Sun Feb 24 12:21:06 UTC 2019
------------------ testing $PTII/ptolemy/domains/de/test/auto/FSM1.xml
auto.tcl: Setting watchdog for 200 seconds at Sun Feb 24 12:21:06 UTC 2019
22 ms. Memory: 208384K Free: 188989K (91%)
ptolemy.util.test.WatchDog.cancel(): canceling Sun Feb 24 12:21:06 UTC 2019
auto.tcl: Setting watchdog for 200 seconds at Sun Feb 24 12:21:06 UTC 2019
25 ms. Memory: 208384K Free: 184910K (89%)
ptolemy.util.test.WatchDog.cancel(): canceling Sun Feb 24 12:21:06 UTC 2019
------------------ testing $PTII/ptolemy/domains/de/test/auto/FSM7.xml
auto.tcl: Setting watchdog for 200 seconds at Sun Feb 24 12:21:06 UTC 2019
21 ms. Memory: 208384K Free: 189192K (91%)
ptolemy.util.test.WatchDog.cancel(): canceling Sun Feb 24 12:21:06 UTC 2019
auto.tcl: Setting watchdog for 200 seconds at Sun Feb 24 12:21:06 UTC 2019
22 ms. Memory: 208384K Free: 185082K (89%)
ptolemy.util.test.WatchDog.cancel(): canceling Sun Feb 24 12:21:06 UTC 2019
------------------ testing $PTII/ptolemy/domains/de/test/auto/Inspection.xml
auto.tcl: Setting watchdog for 200 seconds at Sun Feb 24 12:21:06 UTC 2019
35 ms. Memory: 208384K Free: 188869K (91%)
ptolemy.util.test.WatchDog.cancel(): canceling Sun Feb 24 12:21:06 UTC 2019
auto.tcl: Setting watchdog for 200 seconds at Sun Feb 24 12:21:06 UTC 2019
19 ms. Memory: 208384K Free: 186814K (90%)
ptolemy.util.test.WatchDog.cancel(): canceling Sun Feb 24 12:21:06 UTC 2019
------------------ testing $PTII/ptolemy/domains/de/test/auto/Iteration.xml
auto.tcl: Setting watchdog for 200 seconds at Sun Feb 24 12:21:06 UTC 2019
7 ms. Memory: 208384K Free: 196157K (94%)
ptolemy.util.test.WatchDog.cancel(): canceling Sun Feb 24 12:21:06 UTC 2019
auto.tcl: Setting watchdog for 200 seconds at Sun Feb 24 12:21:06 UTC 2019
7 ms. Memory: 208384K Free: 194102K (93%)
ptolemy.util.test.WatchDog.cancel(): canceling Sun Feb 24 12:21:06 UTC 2019
------------------ testing $PTII/ptolemy/domains/de/test/auto/LineFault.xml
auto.tcl: Setting watchdog for 200 seconds at Sun Feb 24 12:21:06 UTC 2019
702 ms. Memory: 208384K Free: 199932K (96%)
ptolemy.util.test.WatchDog.cancel(): canceling Sun Feb 24 12:21:07 UTC 2019
auto.tcl: Setting watchdog for 200 seconds at Sun Feb 24 12:21:07 UTC 2019
604 ms. Memory: 208384K Free: 142494K (68%)
ptolemy.util.test.WatchDog.cancel(): canceling Sun Feb 24 12:21:08 UTC 2019
------------------ testing $PTII/ptolemy/domains/de/test/auto/MergeModel1Add.xml
auto.tcl: Setting watchdog for 200 seconds at Sun Feb 24 12:21:08 UTC 2019
16 ms. Memory: 331264K Free: 300319K (91%)
ptolemy.util.test.WatchDog.cancel(): canceling Sun Feb 24 12:21:08 UTC 2019
auto.tcl: Setting watchdog for 200 seconds at Sun Feb 24 12:21:08 UTC 2019
9 ms. Memory: 331264K Free: 300319K (91%)
ptolemy.util.test.WatchDog.cancel(): canceling Sun Feb 24 12:21:08 UTC 2019
------------------ testing $PTII/ptolemy/domains/de/test/auto/MergeModel2Add.xml
auto.tcl: Setting watchdog for 200 seconds at Sun Feb 24 12:21:08 UTC 2019
9 ms. Memory: 331264K Free: 305223K (92%)
ptolemy.util.test.WatchDog.cancel(): canceling Sun Feb 24 12:21:08 UTC 2019
auto.tcl: Setting watchdog for 200 seconds at Sun Feb 24 12:21:08 UTC 2019
11 ms. Memory: 331264K Free: 301657K (91%)
ptolemy.util.test.WatchDog.cancel(): canceling Sun Feb 24 12:21:08 UTC 2019
------------------ testing $PTII/ptolemy/domains/de/test/auto/MergeModel3Add.xml
auto.tcl: Setting watchdog for 200 seconds at Sun Feb 24 12:21:08 UTC 2019
10 ms. Memory: 331264K Free: 305233K (92%)
ptolemy.util.test.WatchDog.cancel(): canceling Sun Feb 24 12:21:08 UTC 2019
auto.tcl: Setting watchdog for 200 seconds at Sun Feb 24 12:21:08 UTC 2019
9 ms. Memory: 331264K Free: 301659K (91%)
ptolemy.util.test.WatchDog.cancel(): canceling Sun Feb 24 12:21:08 UTC 2019
------------------ testing $PTII/ptolemy/domains/de/test/auto/MergeWithoutDiscard.xml
auto.tcl: Setting watchdog for 200 seconds at Sun Feb 24 12:21:08 UTC 2019
4 ms. Memory: 331264K Free: 315968K (95%)
ptolemy.util.test.WatchDog.cancel(): canceling Sun Feb 24 12:21:08 UTC 2019
auto.tcl: Setting watchdog for 200 seconds at Sun Feb 24 12:21:08 UTC 2019
1 ms. Memory: 331264K Free: 315968K (95%)
ptolemy.util.test.WatchDog.cancel(): canceling Sun Feb 24 12:21:08 UTC 2019
------------------ testing $PTII/ptolemy/domains/de/test/auto/Modal1.xml
auto.tcl: Setting watchdog for 200 seconds at Sun Feb 24 12:21:08 UTC 2019
11 ms. Memory: 331264K Free: 310219K (94%)
ptolemy.util.test.WatchDog.cancel(): canceling Sun Feb 24 12:21:09 UTC 2019
auto.tcl: Setting watchdog for 200 seconds at Sun Feb 24 12:21:09 UTC 2019
17 ms. Memory: 331264K Free: 306644K (93%)
ptolemy.util.test.WatchDog.cancel(): canceling Sun Feb 24 12:21:09 UTC 2019
------------------ testing $PTII/ptolemy/domains/de/test/auto/Modal2.xml
auto.tcl: Setting watchdog for 200 seconds at Sun Feb 24 12:21:09 UTC 2019
13 ms. Memory: 331264K Free: 310100K (94%)
ptolemy.util.test.WatchDog.cancel(): canceling Sun Feb 24 12:21:09 UTC 2019
auto.tcl: Setting watchdog for 200 seconds at Sun Feb 24 12:21:09 UTC 2019
10 ms. Memory: 331264K Free: 306518K (93%)
ptolemy.util.test.WatchDog.cancel(): canceling Sun Feb 24 12:21:09 UTC 2019
------------------ testing $PTII/ptolemy/domains/de/test/auto/Modal3.xml
auto.tcl: Setting watchdog for 200 seconds at Sun Feb 24 12:21:09 UTC 2019
16 ms. Memory: 331264K Free: 310075K (94%)
ptolemy.util.test.WatchDog.cancel(): canceling Sun Feb 24 12:21:09 UTC 2019
auto.tcl: Setting watchdog for 200 seconds at Sun Feb 24 12:21:09 UTC 2019
14 ms. Memory: 331264K Free: 306508K (93%)
ptolemy.util.test.WatchDog.cancel(): canceling Sun Feb 24 12:21:09 UTC 2019
------------------ testing $PTII/ptolemy/domains/de/test/auto/Modal4.xml
auto.tcl: Setting watchdog for 200 seconds at Sun Feb 24 12:21:09 UTC 2019
25 ms. Memory: 331264K Free: 310104K (94%)
ptolemy.util.test.WatchDog.cancel(): canceling Sun Feb 24 12:21:09 UTC 2019
auto.tcl: Setting watchdog for 200 seconds at Sun Feb 24 12:21:09 UTC 2019
13 ms. Memory: 331264K Free: 306521K (93%)
ptolemy.util.test.WatchDog.cancel(): canceling Sun Feb 24 12:21:09 UTC 2019
------------------ testing $PTII/ptolemy/domains/de/test/auto/Modal5.xml
auto.tcl: Setting watchdog for 200 seconds at Sun Feb 24 12:21:09 UTC 2019
16 ms. Memory: 331264K Free: 310123K (94%)
ptolemy.util.test.WatchDog.cancel(): canceling Sun Feb 24 12:21:09 UTC 2019
auto.tcl: Setting watchdog for 200 seconds at Sun Feb 24 12:21:09 UTC 2019
13 ms. Memory: 331264K Free: 306556K (93%)
ptolemy.util.test.WatchDog.cancel(): canceling Sun Feb 24 12:21:09 UTC 2019
------------------ testing $PTII/ptolemy/domains/de/test/auto/Modal6.xml
auto.tcl: Setting watchdog for 200 seconds at Sun Feb 24 12:21:09 UTC 2019
10 ms. Memory: 331264K Free: 310104K (94%)
ptolemy.util.test.WatchDog.cancel(): canceling Sun Feb 24 12:21:09 UTC 2019
auto.tcl: Setting watchdog for 200 seconds at Sun Feb 24 12:21:09 UTC 2019
12 ms. Memory: 331264K Free: 306537K (93%)
ptolemy.util.test.WatchDog.cancel(): canceling Sun Feb 24 12:21:09 UTC 2019
------------------ testing $PTII/ptolemy/domains/de/test/auto/Modal7.xml
auto.tcl: Setting watchdog for 200 seconds at Sun Feb 24 12:21:09 UTC 2019
17 ms. Memory: 331264K Free: 306530K (93%)
ptolemy.util.test.WatchDog.cancel(): canceling Sun Feb 24 12:21:09 UTC 2019
auto.tcl: Setting watchdog for 200 seconds at Sun Feb 24 12:21:09 UTC 2019
10 ms. Memory: 331264K Free: 302964K (91%)
ptolemy.util.test.WatchDog.cancel(): canceling Sun Feb 24 12:21:09 UTC 2019
------------------ testing $PTII/ptolemy/domains/de/test/auto/ModalModel.xml
auto.tcl: Setting watchdog for 200 seconds at Sun Feb 24 12:21:09 UTC 2019
185 ms. Memory: 331264K Free: 247499K (75%)
ptolemy.util.test.WatchDog.cancel(): canceling Sun Feb 24 12:21:09 UTC 2019
auto.tcl: Setting watchdog for 200 seconds at Sun Feb 24 12:21:09 UTC 2019
173 ms. Memory: 331264K Free: 190279K (57%)
ptolemy.util.test.WatchDog.cancel(): canceling Sun Feb 24 12:21:10 UTC 2019
------------------ testing $PTII/ptolemy/domains/de/test/auto/ModalSource.xml
auto.tcl: Setting watchdog for 200 seconds at Sun Feb 24 12:21:10 UTC 2019
6 ms. Memory: 331264K Free: 316383K (96%)
ptolemy.util.test.WatchDog.cancel(): canceling Sun Feb 24 12:21:10 UTC 2019
auto.tcl: Setting watchdog for 200 seconds at Sun Feb 24 12:21:10 UTC 2019
5 ms. Memory: 331264K Free: 313101K (95%)
ptolemy.util.test.WatchDog.cancel(): canceling Sun Feb 24 12:21:10 UTC 2019
------------------ testing $PTII/ptolemy/domains/de/test/auto/NonInterruptibleTimerZeroDelay.xml
auto.tcl: Setting watchdog for 200 seconds at Sun Feb 24 12:21:10 UTC 2019
3 ms. Memory: 331264K Free: 320756K (97%)
ptolemy.util.test.WatchDog.cancel(): canceling Sun Feb 24 12:21:10 UTC 2019
auto.tcl: Setting watchdog for 200 seconds at Sun Feb 24 12:21:10 UTC 2019
2 ms. Memory: 331264K Free: 317474K (96%)
ptolemy.util.test.WatchDog.cancel(): canceling Sun Feb 24 12:21:10 UTC 2019
------------------ testing $PTII/ptolemy/domains/de/test/auto/OpenQueueingNetwork.xml
auto.tcl: Setting watchdog for 200 seconds at Sun Feb 24 12:21:10 UTC 2019
2845 ms. Memory: 573952K Free: 414023K (72%)
ptolemy.util.test.WatchDog.cancel(): canceling Sun Feb 24 12:21:13 UTC 2019
auto.tcl: Setting watchdog for 200 seconds at Sun Feb 24 12:21:13 UTC 2019
2512 ms. Memory: 550912K Free: 314626K (57%)
ptolemy.util.test.WatchDog.cancel(): canceling Sun Feb 24 12:21:15 UTC 2019
------------------ testing $PTII/ptolemy/domains/de/test/auto/OpenQueuingNetwork.xml
auto.tcl: Setting watchdog for 200 seconds at Sun Feb 24 12:21:15 UTC 2019
250 ms. Memory: 549888K Free: 435005K (79%)
ptolemy.util.test.WatchDog.cancel(): canceling Sun Feb 24 12:21:16 UTC 2019
auto.tcl: Setting watchdog for 200 seconds at Sun Feb 24 12:21:16 UTC 2019
231 ms. Memory: 549888K Free: 375644K (68%)
ptolemy.util.test.WatchDog.cancel(): canceling Sun Feb 24 12:21:16 UTC 2019
------------------ testing $PTII/ptolemy/domains/de/test/auto/PeriodicSampler.xml
auto.tcl: Setting watchdog for 200 seconds at Sun Feb 24 12:21:16 UTC 2019
3 ms. Memory: 551936K Free: 535261K (97%)
ptolemy.util.test.WatchDog.cancel(): canceling Sun Feb 24 12:21:16 UTC 2019
auto.tcl: Setting watchdog for 200 seconds at Sun Feb 24 12:21:16 UTC 2019
2 ms. Memory: 551936K Free: 535261K (97%)
ptolemy.util.test.WatchDog.cancel(): canceling Sun Feb 24 12:21:16 UTC 2019
------------------ testing $PTII/ptolemy/domains/de/test/auto/PersistentIO.xml
auto.tcl: Setting watchdog for 200 seconds at Sun Feb 24 12:21:16 UTC 2019
11 ms. Memory: 549376K Free: 526689K (96%)
ptolemy.util.test.WatchDog.cancel(): canceling Sun Feb 24 12:21:16 UTC 2019
auto.tcl: Setting watchdog for 200 seconds at Sun Feb 24 12:21:16 UTC 2019
4 ms. Memory: 549376K Free: 526689K (96%)
ptolemy.util.test.WatchDog.cancel(): canceling Sun Feb 24 12:21:16 UTC 2019
------------------ testing $PTII/ptolemy/domains/de/test/auto/PortParameterResetOnInitialize.xml
auto.tcl: Setting watchdog for 200 seconds at Sun Feb 24 12:21:16 UTC 2019
2 ms. Memory: 551424K Free: 529987K (96%)
ptolemy.util.test.WatchDog.cancel(): canceling Sun Feb 24 12:21:16 UTC 2019
auto.tcl: Setting watchdog for 200 seconds at Sun Feb 24 12:21:16 UTC 2019
2 ms. Memory: 551424K Free: 529987K (96%)
ptolemy.util.test.WatchDog.cancel(): canceling Sun Feb 24 12:21:16 UTC 2019
------------------ testing $PTII/ptolemy/domains/de/test/auto/PortParameterUpdates.xml
auto.tcl: Setting watchdog for 200 seconds at Sun Feb 24 12:21:16 UTC 2019
5 ms. Memory: 549376K Free: 533295K (97%)
ptolemy.util.test.WatchDog.cancel(): canceling Sun Feb 24 12:21:16 UTC 2019
auto.tcl: Setting watchdog for 200 seconds at Sun Feb 24 12:21:16 UTC 2019
3 ms. Memory: 549376K Free: 533295K (97%)
ptolemy.util.test.WatchDog.cancel(): canceling Sun Feb 24 12:21:16 UTC 2019
------------------ testing $PTII/ptolemy/domains/de/test/auto/QueueAndServer.xml
auto.tcl: Setting watchdog for 200 seconds at Sun Feb 24 12:21:16 UTC 2019
10 ms. Memory: 551424K Free: 535306K (97%)
ptolemy.util.test.WatchDog.cancel(): canceling Sun Feb 24 12:21:16 UTC 2019
auto.tcl: Setting watchdog for 200 seconds at Sun Feb 24 12:21:16 UTC 2019
6 ms. Memory: 551424K Free: 528151K (96%)
ptolemy.util.test.WatchDog.cancel(): canceling Sun Feb 24 12:21:16 UTC 2019
------------------ testing $PTII/ptolemy/domains/de/test/auto/Records.xml
auto.tcl: Setting watchdog for 200 seconds at Sun Feb 24 12:21:16 UTC 2019
12 ms. Memory: 549376K Free: 532658K (97%)
ptolemy.util.test.WatchDog.cancel(): canceling Sun Feb 24 12:21:16 UTC 2019
auto.tcl: Setting watchdog for 200 seconds at Sun Feb 24 12:21:16 UTC 2019
2 ms. Memory: 549376K Free: 532658K (97%)
ptolemy.util.test.WatchDog.cancel(): canceling Sun Feb 24 12:21:16 UTC 2019
------------------ testing $PTII/ptolemy/domains/de/test/auto/ResetTransitionWithStartTime1.xml
auto.tcl: Setting watchdog for 200 seconds at Sun Feb 24 12:21:16 UTC 2019
12 ms. Memory: 551424K Free: 534730K (97%)
ptolemy.util.test.WatchDog.cancel(): canceling Sun Feb 24 12:21:16 UTC 2019
auto.tcl: Setting watchdog for 200 seconds at Sun Feb 24 12:21:16 UTC 2019
5 ms. Memory: 551424K Free: 528118K (96%)
ptolemy.util.test.WatchDog.cancel(): canceling Sun Feb 24 12:21:16 UTC 2019
------------------ testing $PTII/ptolemy/domains/de/test/auto/ResetTransitionWithStartTime2.xml
auto.tcl: Setting watchdog for 200 seconds at Sun Feb 24 12:21:17 UTC 2019
5 ms. Memory: 549376K Free: 533217K (97%)
ptolemy.util.test.WatchDog.cancel(): canceling Sun Feb 24 12:21:17 UTC 2019
auto.tcl: Setting watchdog for 200 seconds at Sun Feb 24 12:21:17 UTC 2019
6 ms. Memory: 549376K Free: 526605K (96%)
ptolemy.util.test.WatchDog.cancel(): canceling Sun Feb 24 12:21:17 UTC 2019
------------------ testing $PTII/ptolemy/domains/de/test/auto/ResetTransitionWithStartTime3.xml
auto.tcl: Setting watchdog for 200 seconds at Sun Feb 24 12:21:17 UTC 2019
4 ms. Memory: 550912K Free: 534209K (97%)
ptolemy.util.test.WatchDog.cancel(): canceling Sun Feb 24 12:21:17 UTC 2019
auto.tcl: Setting watchdog for 200 seconds at Sun Feb 24 12:21:17 UTC 2019
5 ms. Memory: 550912K Free: 527597K (96%)
ptolemy.util.test.WatchDog.cancel(): canceling Sun Feb 24 12:21:17 UTC 2019
------------------ testing $PTII/ptolemy/domains/de/test/auto/ResetTransitionWithStartTime4.xml
auto.tcl: Setting watchdog for 200 seconds at Sun Feb 24 12:21:17 UTC 2019
3 ms. Memory: 549376K Free: 532671K (97%)
ptolemy.util.test.WatchDog.cancel(): canceling Sun Feb 24 12:21:17 UTC 2019
auto.tcl: Setting watchdog for 200 seconds at Sun Feb 24 12:21:17 UTC 2019
3 ms. Memory: 549376K Free: 526060K (96%)
ptolemy.util.test.WatchDog.cancel(): canceling Sun Feb 24 12:21:17 UTC 2019
------------------ testing $PTII/ptolemy/domains/de/test/auto/ResettableTimer1.xml
auto.tcl: Setting watchdog for 200 seconds at Sun Feb 24 12:21:17 UTC 2019
3 ms. Memory: 550912K Free: 534203K (97%)
ptolemy.util.test.WatchDog.cancel(): canceling Sun Feb 24 12:21:17 UTC 2019
auto.tcl: Setting watchdog for 200 seconds at Sun Feb 24 12:21:17 UTC 2019
2 ms. Memory: 550912K Free: 534203K (97%)
ptolemy.util.test.WatchDog.cancel(): canceling Sun Feb 24 12:21:17 UTC 2019
------------------ testing $PTII/ptolemy/domains/de/test/auto/ResettableTimer2.xml
auto.tcl: Setting watchdog for 200 seconds at Sun Feb 24 12:21:17 UTC 2019
3 ms. Memory: 549376K Free: 533268K (97%)
ptolemy.util.test.WatchDog.cancel(): canceling Sun Feb 24 12:21:17 UTC 2019
auto.tcl: Setting watchdog for 200 seconds at Sun Feb 24 12:21:17 UTC 2019
2 ms. Memory: 549376K Free: 533268K (97%)
ptolemy.util.test.WatchDog.cancel(): canceling Sun Feb 24 12:21:17 UTC 2019
------------------ testing $PTII/ptolemy/domains/de/test/auto/ResettableTimer3.xml
auto.tcl: Setting watchdog for 200 seconds at Sun Feb 24 12:21:17 UTC 2019
1 ms. Memory: 550912K Free: 534260K (97%)
ptolemy.util.test.WatchDog.cancel(): canceling Sun Feb 24 12:21:17 UTC 2019
auto.tcl: Setting watchdog for 200 seconds at Sun Feb 24 12:21:17 UTC 2019
1 ms. Memory: 550912K Free: 534260K (97%)
ptolemy.util.test.WatchDog.cancel(): canceling Sun Feb 24 12:21:17 UTC 2019
------------------ testing $PTII/ptolemy/domains/de/test/auto/ResettableTimer4.xml
auto.tcl: Setting watchdog for 200 seconds at Sun Feb 24 12:21:17 UTC 2019
1 ms. Memory: 549376K Free: 533280K (97%)
ptolemy.util.test.WatchDog.cancel(): canceling Sun Feb 24 12:21:17 UTC 2019
auto.tcl: Setting watchdog for 200 seconds at Sun Feb 24 12:21:17 UTC 2019
1 ms. Memory: 549376K Free: 533280K (97%)
ptolemy.util.test.WatchDog.cancel(): canceling Sun Feb 24 12:21:17 UTC 2019
------------------ testing $PTII/ptolemy/domains/de/test/auto/ResettableTimer5.xml
auto.tcl: Setting watchdog for 200 seconds at Sun Feb 24 12:21:17 UTC 2019
1 ms. Memory: 550400K Free: 529623K (96%)
ptolemy.util.test.WatchDog.cancel(): canceling Sun Feb 24 12:21:17 UTC 2019
auto.tcl: Setting watchdog for 200 seconds at Sun Feb 24 12:21:17 UTC 2019
1 ms. Memory: 550400K Free: 529623K (96%)
ptolemy.util.test.WatchDog.cancel(): canceling Sun Feb 24 12:21:17 UTC 2019
------------------ testing $PTII/ptolemy/domains/de/test/auto/ResettableTimer6.xml
auto.tcl: Setting watchdog for 200 seconds at Sun Feb 24 12:21:17 UTC 2019
4 ms. Memory: 549376K Free: 528005K (96%)
ptolemy.util.test.WatchDog.cancel(): canceling Sun Feb 24 12:21:17 UTC 2019
auto.tcl: Setting watchdog for 200 seconds at Sun Feb 24 12:21:17 UTC 2019
2 ms. Memory: 549376K Free: 528005K (96%)
ptolemy.util.test.WatchDog.cancel(): canceling Sun Feb 24 12:21:17 UTC 2019
------------------ testing $PTII/ptolemy/domains/de/test/auto/ServerZeroDelay.xml
auto.tcl: Setting watchdog for 200 seconds at Sun Feb 24 12:21:17 UTC 2019
3 ms. Memory: 550400K Free: 534242K (97%)
ptolemy.util.test.WatchDog.cancel(): canceling Sun Feb 24 12:21:17 UTC 2019
auto.tcl: Setting watchdog for 200 seconds at Sun Feb 24 12:21:17 UTC 2019
2 ms. Memory: 550400K Free: 534242K (97%)
ptolemy.util.test.WatchDog.cancel(): canceling Sun Feb 24 12:21:17 UTC 2019
------------------ testing $PTII/ptolemy/domains/de/test/auto/SmartSender.xml
auto.tcl: Setting watchdog for 200 seconds at Sun Feb 24 12:21:17 UTC 2019
3002 ms. Memory: 549376K Free: 528533K (96%)
ptolemy.util.test.WatchDog.cancel(): canceling Sun Feb 24 12:21:20 UTC 2019
auto.tcl: Setting watchdog for 200 seconds at Sun Feb 24 12:21:20 UTC 2019
3001 ms. Memory: 549376K Free: 528533K (96%)
ptolemy.util.test.WatchDog.cancel(): canceling Sun Feb 24 12:21:23 UTC 2019
------------------ testing $PTII/ptolemy/domains/de/test/auto/ThreadedComposite.xml
auto.tcl: Setting watchdog for 200 seconds at Sun Feb 24 12:21:23 UTC 2019
211 ms. Memory: 550400K Free: 503713K (92%)
ptolemy.util.test.WatchDog.cancel(): canceling Sun Feb 24 12:21:23 UTC 2019
auto.tcl: Setting watchdog for 200 seconds at Sun Feb 24 12:21:23 UTC 2019
104 ms. Memory: 550400K Free: 487758K (89%)
ptolemy.util.test.WatchDog.cancel(): canceling Sun Feb 24 12:21:24 UTC 2019
------------------ testing $PTII/ptolemy/domains/de/test/auto/Time.xml
auto.tcl: Setting watchdog for 200 seconds at Sun Feb 24 12:21:24 UTC 2019
525 ms. Memory: 549376K Free: 480917K (88%)
ptolemy.util.test.WatchDog.cancel(): canceling Sun Feb 24 12:21:24 UTC 2019
auto.tcl: Setting watchdog for 200 seconds at Sun Feb 24 12:21:24 UTC 2019
518 ms. Memory: 549376K Free: 428152K (78%)
ptolemy.util.test.WatchDog.cancel(): canceling Sun Feb 24 12:21:25 UTC 2019
------------------ testing $PTII/ptolemy/domains/de/test/auto/TimeDelayZeroDelay.xml
auto.tcl: Setting watchdog for 200 seconds at Sun Feb 24 12:21:25 UTC 2019
1 ms. Memory: 550400K Free: 533616K (97%)
ptolemy.util.test.WatchDog.cancel(): canceling Sun Feb 24 12:21:25 UTC 2019
auto.tcl: Setting watchdog for 200 seconds at Sun Feb 24 12:21:25 UTC 2019
2 ms. Memory: 550400K Free: 533616K (97%)
ptolemy.util.test.WatchDog.cancel(): canceling Sun Feb 24 12:21:25 UTC 2019
------------------ testing $PTII/ptolemy/domains/de/test/auto/TimerZeroDelay.xml
auto.tcl: Setting watchdog for 200 seconds at Sun Feb 24 12:21:25 UTC 2019
2 ms. Memory: 549376K Free: 533179K (97%)
ptolemy.util.test.WatchDog.cancel(): canceling Sun Feb 24 12:21:25 UTC 2019
auto.tcl: Setting watchdog for 200 seconds at Sun Feb 24 12:21:25 UTC 2019
2 ms. Memory: 549376K Free: 533179K (97%)
ptolemy.util.test.WatchDog.cancel(): canceling Sun Feb 24 12:21:25 UTC 2019
------------------ testing $PTII/ptolemy/domains/de/test/auto/TimingParadox.xml
auto.tcl: Setting watchdog for 200 seconds at Sun Feb 24 12:21:25 UTC 2019
355 ms. Memory: 549888K Free: 467371K (85%)
ptolemy.util.test.WatchDog.cancel(): canceling Sun Feb 24 12:21:25 UTC 2019
auto.tcl: Setting watchdog for 200 seconds at Sun Feb 24 12:21:25 UTC 2019
340 ms. Memory: 549888K Free: 434393K (79%)
ptolemy.util.test.WatchDog.cancel(): canceling Sun Feb 24 12:21:26 UTC 2019
------------------ testing $PTII/ptolemy/domains/de/test/auto/TransferInputs.xml
auto.tcl: Setting watchdog for 200 seconds at Sun Feb 24 12:21:26 UTC 2019
2 ms. Memory: 549888K Free: 532652K (97%)
ptolemy.util.test.WatchDog.cancel(): canceling Sun Feb 24 12:21:26 UTC 2019
auto.tcl: Setting watchdog for 200 seconds at Sun Feb 24 12:21:26 UTC 2019
1 ms. Memory: 549888K Free: 532652K (97%)
ptolemy.util.test.WatchDog.cancel(): canceling Sun Feb 24 12:21:26 UTC 2019
------------------ testing $PTII/ptolemy/domains/de/test/auto/TransferOutputs2.xml
auto.tcl: Setting watchdog for 200 seconds at Sun Feb 24 12:21:26 UTC 2019
3 ms. Memory: 549376K Free: 526630K (96%)
ptolemy.util.test.WatchDog.cancel(): canceling Sun Feb 24 12:21:26 UTC 2019
auto.tcl: Setting watchdog for 200 seconds at Sun Feb 24 12:21:26 UTC 2019
8 ms. Memory: 549376K Free: 526630K (96%)
ptolemy.util.test.WatchDog.cancel(): canceling Sun Feb 24 12:21:26 UTC 2019
------------------ testing $PTII/ptolemy/domains/de/test/auto/Trilateration.xml
auto.tcl: Setting watchdog for 200 seconds at Sun Feb 24 12:21:26 UTC 2019
14367 ms. Memory: 766976K Free: 248198K (32%)
ptolemy.util.test.WatchDog.cancel(): canceling Sun Feb 24 12:21:41 UTC 2019
auto.tcl: Setting watchdog for 200 seconds at Sun Feb 24 12:21:41 UTC 2019
10867 ms. Memory: 646144K Free: 100873K (16%)
ptolemy.util.test.WatchDog.cancel(): canceling Sun Feb 24 12:21:52 UTC 2019
------------------ testing $PTII/ptolemy/domains/de/test/auto/TwoSigmaDelta.xml
auto.tcl: Setting watchdog for 200 seconds at Sun Feb 24 12:21:52 UTC 2019
2557 ms. Memory: 649728K Free: 363503K (56%)
ptolemy.util.test.WatchDog.cancel(): canceling Sun Feb 24 12:21:55 UTC 2019
auto.tcl: Setting watchdog for 200 seconds at Sun Feb 24 12:21:55 UTC 2019
2026 ms. Memory: 649728K Free: 125494K (19%)
ptolemy.util.test.WatchDog.cancel(): canceling Sun Feb 24 12:21:57 UTC 2019
------------------ testing $PTII/ptolemy/domains/de/test/auto/VariableDelay.xml
auto.tcl: Setting watchdog for 200 seconds at Sun Feb 24 12:21:57 UTC 2019
2 ms. Memory: 646656K Free: 626867K (97%)
ptolemy.util.test.WatchDog.cancel(): canceling Sun Feb 24 12:21:57 UTC 2019
auto.tcl: Setting watchdog for 200 seconds at Sun Feb 24 12:21:57 UTC 2019
2 ms. Memory: 646656K Free: 626867K (97%)
ptolemy.util.test.WatchDog.cancel(): canceling Sun Feb 24 12:21:57 UTC 2019
------------------ testing $PTII/ptolemy/domains/de/test/auto/VariableDelay2.xml
auto.tcl: Setting watchdog for 200 seconds at Sun Feb 24 12:21:57 UTC 2019
1 ms. Memory: 646144K Free: 626843K (97%)
ptolemy.util.test.WatchDog.cancel(): canceling Sun Feb 24 12:21:57 UTC 2019
auto.tcl: Setting watchdog for 200 seconds at Sun Feb 24 12:21:57 UTC 2019
2 ms. Memory: 646144K Free: 626843K (97%)
ptolemy.util.test.WatchDog.cancel(): canceling Sun Feb 24 12:21:57 UTC 2019
------------------ testing $PTII/ptolemy/domains/de/test/auto/VariableDelayZeroDelay.xml
auto.tcl: Setting watchdog for 200 seconds at Sun Feb 24 12:21:57 UTC 2019
2 ms. Memory: 646144K Free: 621195K (96%)
ptolemy.util.test.WatchDog.cancel(): canceling Sun Feb 24 12:21:57 UTC 2019
auto.tcl: Setting watchdog for 200 seconds at Sun Feb 24 12:21:57 UTC 2019
2 ms. Memory: 646144K Free: 621195K (96%)
ptolemy.util.test.WatchDog.cancel(): canceling Sun Feb 24 12:21:57 UTC 2019
------------------ testing $PTII/ptolemy/domains/de/test/auto/VariableDelayZeroDelay2.xml
auto.tcl: Setting watchdog for 200 seconds at Sun Feb 24 12:21:57 UTC 2019
2 ms. Memory: 649216K Free: 624265K (96%)
ptolemy.util.test.WatchDog.cancel(): canceling Sun Feb 24 12:21:57 UTC 2019
auto.tcl: Setting watchdog for 200 seconds at Sun Feb 24 12:21:57 UTC 2019
2 ms. Memory: 649216K Free: 624265K (96%)
ptolemy.util.test.WatchDog.cancel(): canceling Sun Feb 24 12:21:57 UTC 2019
------------------ testing $PTII/ptolemy/domains/de/test/auto/deInCt.xml
auto.tcl: Setting watchdog for 200 seconds at Sun Feb 24 12:21:57 UTC 2019
0
1
1
1
0
0
0
1
1
1
0
0
0
0
0
1
1
1
1
0
0
0
0
0
0
1
1
1
0
0
0
1
1
1
0
0
0
0
12 ms. Memory: 646144K Free: 621113K (96%)
ptolemy.util.test.WatchDog.cancel(): canceling Sun Feb 24 12:21:57 UTC 2019
auto.tcl: Setting watchdog for 200 seconds at Sun Feb 24 12:21:57 UTC 2019
0
1
1
1
0
0
0
1
1
1
0
0
0
0
1
1
1
1
0
0
0
1
1
1
0
0
0
1
1
1
0
0
0
0
0
0
1
1
1
1
1
1
5 ms. Memory: 646144K Free: 621113K (96%)
ptolemy.util.test.WatchDog.cancel(): canceling Sun Feb 24 12:21:57 UTC 2019
------------------ testing $PTII/ptolemy/domains/de/test/auto/deInCt2.xml
auto.tcl: Setting watchdog for 200 seconds at Sun Feb 24 12:21:57 UTC 2019
0
1
1
1
0
0
1
1
1
0
0
1
1
1
0
0
1
1
1
0
0
1
1
1
0
0
1
1
1
0
0
1
1
1
0
0
1
1
1
0
0
0
11 ms. Memory: 648704K Free: 623673K (96%)
ptolemy.util.test.WatchDog.cancel(): canceling Sun Feb 24 12:21:57 UTC 2019
auto.tcl: Setting watchdog for 200 seconds at Sun Feb 24 12:21:57 UTC 2019
0
1
1
1
0
0
1
1
1
0
0
1
1
1
0
0
1
1
1
0
0
1
1
1
0
0
1
1
1
0
0
1
1
1
0
0
1
1
1
0
0
0
5 ms. Memory: 648704K Free: 623673K (96%)
ptolemy.util.test.WatchDog.cancel(): canceling Sun Feb 24 12:21:57 UTC 2019
------------------ testing $PTII/ptolemy/domains/de/test/auto/dynamicCausalityInterface1.xml
auto.tcl: Setting watchdog for 200 seconds at Sun Feb 24 12:21:57 UTC 2019
2 ms. Memory: 646144K Free: 618161K (96%)
ptolemy.util.test.WatchDog.cancel(): canceling Sun Feb 24 12:21:57 UTC 2019
auto.tcl: Setting watchdog for 200 seconds at Sun Feb 24 12:21:57 UTC 2019
0 ms. Memory: 646144K Free: 618161K (96%)
ptolemy.util.test.WatchDog.cancel(): canceling Sun Feb 24 12:21:57 UTC 2019
------------------ testing $PTII/ptolemy/domains/de/test/auto/fsm_de_test.xml
auto.tcl: Setting watchdog for 200 seconds at Sun Feb 24 12:21:57 UTC 2019
6 ms. Memory: 648192K Free: 623126K (96%)
ptolemy.util.test.WatchDog.cancel(): canceling Sun Feb 24 12:21:57 UTC 2019
auto.tcl: Setting watchdog for 200 seconds at Sun Feb 24 12:21:57 UTC 2019
5 ms. Memory: 648192K Free: 614464K (95%)
ptolemy.util.test.WatchDog.cancel(): canceling Sun Feb 24 12:21:57 UTC 2019
------------------ testing $PTII/ptolemy/domains/de/test/auto/functionDependencyReconstruction.xml
auto.tcl: Setting watchdog for 200 seconds at Sun Feb 24 12:21:57 UTC 2019
3 ms. Memory: 646144K Free: 612391K (95%)
ptolemy.util.test.WatchDog.cancel(): canceling Sun Feb 24 12:21:57 UTC 2019
auto.tcl: Setting watchdog for 200 seconds at Sun Feb 24 12:21:57 UTC 2019
3 ms. Memory: 646144K Free: 612391K (95%)
ptolemy.util.test.WatchDog.cancel(): canceling Sun Feb 24 12:21:57 UTC 2019
------------------ testing $PTII/ptolemy/domains/de/test/auto/multirate.xml
auto.tcl: Setting watchdog for 200 seconds at Sun Feb 24 12:21:58 UTC 2019
3 ms. Memory: 648192K Free: 622992K (96%)
ptolemy.util.test.WatchDog.cancel(): canceling Sun Feb 24 12:21:58 UTC 2019
auto.tcl: Setting watchdog for 200 seconds at Sun Feb 24 12:21:58 UTC 2019
2 ms. Memory: 648192K Free: 611697K (94%)
ptolemy.util.test.WatchDog.cancel(): canceling Sun Feb 24 12:21:58 UTC 2019
------------------ testing $PTII/ptolemy/domains/de/test/auto/multirate2.xml
auto.tcl: Setting watchdog for 200 seconds at Sun Feb 24 12:21:58 UTC 2019
3 ms. Memory: 646144K Free: 621133K (96%)
ptolemy.util.test.WatchDog.cancel(): canceling Sun Feb 24 12:21:58 UTC 2019
auto.tcl: Setting watchdog for 200 seconds at Sun Feb 24 12:21:58 UTC 2019
3 ms. Memory: 646144K Free: 621133K (96%)
ptolemy.util.test.WatchDog.cancel(): canceling Sun Feb 24 12:21:58 UTC 2019
------------------ testing $PTII/ptolemy/domains/de/test/auto/realtime.xml
auto.tcl: Setting watchdog for 200 seconds at Sun Feb 24 12:21:58 UTC 2019
10002 ms. Memory: 647680K Free: 622591K (96%)
ptolemy.util.test.WatchDog.cancel(): canceling Sun Feb 24 12:22:08 UTC 2019
auto.tcl: Setting watchdog for 200 seconds at Sun Feb 24 12:22:08 UTC 2019
10001 ms. Memory: 647680K Free: 622591K (96%)
ptolemy.util.test.WatchDog.cancel(): canceling Sun Feb 24 12:22:18 UTC 2019
------------------ testing $PTII/ptolemy/domains/de/test/auto/relationGroup.xml
auto.tcl: Setting watchdog for 200 seconds at Sun Feb 24 12:22:18 UTC 2019
2 ms. Memory: 646144K Free: 626804K (97%)
ptolemy.util.test.WatchDog.cancel(): canceling Sun Feb 24 12:22:18 UTC 2019
auto.tcl: Setting watchdog for 200 seconds at Sun Feb 24 12:22:18 UTC 2019
2 ms. Memory: 646144K Free: 626804K (97%)
ptolemy.util.test.WatchDog.cancel(): canceling Sun Feb 24 12:22:18 UTC 2019
------------------ testing $PTII/ptolemy/domains/de/test/auto/relationGroup2.xml
auto.tcl: Setting watchdog for 200 seconds at Sun Feb 24 12:22:18 UTC 2019
1 ms. Memory: 647680K Free: 622718K (96%)
ptolemy.util.test.WatchDog.cancel(): canceling Sun Feb 24 12:22:18 UTC 2019
auto.tcl: Setting watchdog for 200 seconds at Sun Feb 24 12:22:18 UTC 2019
2 ms. Memory: 647680K Free: 622718K (96%)
ptolemy.util.test.WatchDog.cancel(): canceling Sun Feb 24 12:22:18 UTC 2019
------------------ testing $PTII/ptolemy/domains/de/test/auto/sortWithOpaquePorts.xml
auto.tcl: Setting watchdog for 200 seconds at Sun Feb 24 12:22:18 UTC 2019
2 ms. Memory: 646144K Free: 626831K (97%)
ptolemy.util.test.WatchDog.cancel(): canceling Sun Feb 24 12:22:18 UTC 2019
auto.tcl: Setting watchdog for 200 seconds at Sun Feb 24 12:22:18 UTC 2019
1 ms. Memory: 646144K Free: 626831K (97%)
ptolemy.util.test.WatchDog.cancel(): canceling Sun Feb 24 12:22:18 UTC 2019
------------------ testing $PTII/ptolemy/domains/de/test/auto/transferInputsandOutputs.xml
auto.tcl: Setting watchdog for 200 seconds at Sun Feb 24 12:22:18 UTC 2019
2 ms. Memory: 647168K Free: 622194K (96%)
ptolemy.util.test.WatchDog.cancel(): canceling Sun Feb 24 12:22:18 UTC 2019
auto.tcl: Setting watchdog for 200 seconds at Sun Feb 24 12:22:18 UTC 2019
2 ms. Memory: 647168K Free: 622194K (96%)
ptolemy.util.test.WatchDog.cancel(): canceling Sun Feb 24 12:22:18 UTC 2019
------------------ testing $PTII/ptolemy/domains/de/test/auto/triggerType.xml
auto.tcl: Setting watchdog for 200 seconds at Sun Feb 24 12:22:18 UTC 2019
1 ms. Memory: 646144K Free: 621120K (96%)
ptolemy.util.test.WatchDog.cancel(): canceling Sun Feb 24 12:22:18 UTC 2019
auto.tcl: Setting watchdog for 200 seconds at Sun Feb 24 12:22:18 UTC 2019
2 ms. Memory: 646144K Free: 621120K (96%)
ptolemy.util.test.WatchDog.cancel(): canceling Sun Feb 24 12:22:18 UTC 2019
02/24/19 12:22:18
Failed: 0  Total Tests: 192  ((Passed: 187, Newly Passed: 1)  Known Failed: 5) /home/travis/build/icyphy/ptII/ptolemy/domains/de/test
02/24/19 12:22:18
Failed: 0  Total Tests: 192  ((Passed: 187, Newly Passed: 1)  Known Failed: 5) /home/travis/build/icyphy/ptII/ptolemy/domains/de/test
----------------- testing (KnownFailure) /home/travis/build/icyphy/ptII/ptolemy/domains/de/test/auto/knownFailedTests/DESDFClockTest.xml
2014 ms. Memory: 647168K Free: 610827K (94%)
Known Failure: java.lang.reflect.InvocationTargetException
----------------- testing (KnownFailure) /home/travis/build/icyphy/ptII/ptolemy/domains/de/test/auto/knownFailedTests/DirectFeedback.xml
1 ms. Memory: 647168K Free: 565648K (87%)
Known Failure: java.lang.reflect.InvocationTargetException
----------------- testing (KnownFailure) /home/travis/build/icyphy/ptII/ptolemy/domains/de/test/auto/knownFailedTests/FSMSource.xml
13 ms. Memory: 647168K Free: 520468K (80%)
----------------- testing (KnownFailure) /home/travis/build/icyphy/ptII/ptolemy/domains/de/test/auto/knownFailedTests/HierarchicalModel.xml
2 ms. Memory: 647168K Free: 486568K (75%)
Known Failure: java.lang.reflect.InvocationTargetException
----------------- testing (KnownFailure) /home/travis/build/icyphy/ptII/ptolemy/domains/de/test/auto/knownFailedTests/dependencyLoop.xml
2 ms. Memory: 647168K Free: 430078K (66%)
Known Failure: java.lang.reflect.InvocationTargetException
----------------- testing (KnownFailure) /home/travis/build/icyphy/ptII/ptolemy/domains/de/test/auto/knownFailedTests/dependencyLoop2.xml
3 ms. Memory: 647168K Free: 373588K (58%)
Known Failure: java.lang.reflect.InvocationTargetException
No auto/linux-amd64/*.xml tests in /home/travis/build/icyphy/ptII/ptolemy/domains/de/test
AutoTests.java: About to close Vertx.
AutoTests.java: Vertx closed.

===========================================================================================
----------------- testing Sun Feb 24 12:22:20 UTC 2019 /home/travis/build/icyphy/ptII/ptolemy/domains/de/test/auto/ActorDepthCalculation_actorWithoutPorts.xml
----------------- Instantiating /home/travis/build/icyphy/ptII/ptolemy/domains/de/test/auto/ActorDepthCalculation_actorWithoutPorts.xml
1 ms. Memory: 647168K Free: 317114K (49%)
----------------- Invoking toplevel() on ptolemy.moml.MoMLSimpleApplication@44fe6473
----------------- Done invoking toplevel() on ptolemy.moml.MoMLSimpleApplication@44fe6473
reloadAllAccessors: .ActorDepthCalculation_actorWithoutPorts

===========================================================================================
----------------- testing Sun Feb 24 12:22:20 UTC 2019 /home/travis/build/icyphy/ptII/ptolemy/domains/de/test/auto/AssemblyLine.xml
----------------- Instantiating /home/travis/build/icyphy/ptII/ptolemy/domains/de/test/auto/AssemblyLine.xml
2 ms. Memory: 647168K Free: 294525K (46%)
----------------- Invoking toplevel() on ptolemy.moml.MoMLSimpleApplication@4a4424e6
----------------- Done invoking toplevel() on ptolemy.moml.MoMLSimpleApplication@4a4424e6
reloadAllAccessors: .AssemblyLine

===========================================================================================
----------------- testing Sun Feb 24 12:22:20 UTC 2019 /home/travis/build/icyphy/ptII/ptolemy/domains/de/test/auto/CQBug1.xml
----------------- Instantiating /home/travis/build/icyphy/ptII/ptolemy/domains/de/test/auto/CQBug1.xml
1 ms. Memory: 647168K Free: 271935K (42%)
----------------- Invoking toplevel() on ptolemy.moml.MoMLSimpleApplication@5460ca0e
----------------- Done invoking toplevel() on ptolemy.moml.MoMLSimpleApplication@5460ca0e
reloadAllAccessors: .CQBug1

===========================================================================================
----------------- testing Sun Feb 24 12:22:20 UTC 2019 /home/travis/build/icyphy/ptII/ptolemy/domains/de/test/auto/CancelFireAt.xml
----------------- Instantiating /home/travis/build/icyphy/ptII/ptolemy/domains/de/test/auto/CancelFireAt.xml
1 ms. Memory: 647168K Free: 249346K (39%)
----------------- Invoking toplevel() on ptolemy.moml.MoMLSimpleApplication@8705b3e
----------------- Done invoking toplevel() on ptolemy.moml.MoMLSimpleApplication@8705b3e
reloadAllAccessors: .CancelFireAt

===========================================================================================
----------------- testing Sun Feb 24 12:22:20 UTC 2019 /home/travis/build/icyphy/ptII/ptolemy/domains/de/test/auto/CausalityAndComposabilityAnalysis.xml
----------------- Instantiating /home/travis/build/icyphy/ptII/ptolemy/domains/de/test/auto/CausalityAndComposabilityAnalysis.xml
2 ms. Memory: 647168K Free: 226757K (35%)
----------------- Invoking toplevel() on ptolemy.moml.MoMLSimpleApplication@502566e2
----------------- Done invoking toplevel() on ptolemy.moml.MoMLSimpleApplication@502566e2
reloadAllAccessors: .CausalityAndComposabilityAnalysis

===========================================================================================
----------------- testing Sun Feb 24 12:22:20 UTC 2019 /home/travis/build/icyphy/ptII/ptolemy/domains/de/test/auto/CausalityInterface1.xml
----------------- Instantiating /home/travis/build/icyphy/ptII/ptolemy/domains/de/test/auto/CausalityInterface1.xml
3 ms. Memory: 647168K Free: 204167K (32%)
----------------- Invoking toplevel() on ptolemy.moml.MoMLSimpleApplication@5c751c4
----------------- Done invoking toplevel() on ptolemy.moml.MoMLSimpleApplication@5c751c4
reloadAllAccessors: .CausalityInterface1

===========================================================================================
----------------- testing Sun Feb 24 12:22:20 UTC 2019 /home/travis/build/icyphy/ptII/ptolemy/domains/de/test/auto/CausalityInterface15.xml
----------------- Instantiating /home/travis/build/icyphy/ptII/ptolemy/domains/de/test/auto/CausalityInterface15.xml
1 ms. Memory: 647168K Free: 181578K (28%)
----------------- Invoking toplevel() on ptolemy.moml.MoMLSimpleApplication@78f2f9c7
----------------- Done invoking toplevel() on ptolemy.moml.MoMLSimpleApplication@78f2f9c7
reloadAllAccessors: .CausalityInterface15

[...]
java.lang.RuntimeException: Execution failed
	at ptolemy.moml.MoMLSimpleApplication$UnloadThread.run(MoMLSimpleApplication.java:402)
Caused by: ptolemy.kernel.util.IllegalActionException: Test fails in iteration 1.
Value was: 1.0. Should have been: 2.0
  in .DirectFeedback.Test
	at ptolemy.actor.lib.Test.fire(Test.java:268)
	at ptolemy.domains.de.kernel.DEDirector._fire(DEDirector.java:1949)
	at ptolemy.domains.de.kernel.DEDirector.fire(DEDirector.java:502)
	at ptolemy.actor.CompositeActor.fire(CompositeActor.java:455)
	at ptolemy.actor.Manager.iterate(Manager.java:851)
	at ptolemy.actor.Manager.execute(Manager.java:369)
	at ptolemy.actor.Manager.run(Manager.java:1263)
	at ptolemy.actor.Manager$PtolemyRunThread.run(Manager.java:1915)
java.lang.RuntimeException: Execution failed
	at ptolemy.moml.MoMLSimpleApplication$UnloadThread.run(MoMLSimpleApplication.java:402)
Caused by: ptolemy.kernel.util.IllegalActionException: Actor is not ready to fire.  Perhaps UpSample.prefire() returned false? Try debugging the actor by selecting "Listen to Actor".  Also, for SDF check moml for tokenConsumptionRate on input.
  in .DESDFClockTest.Play Bell.Copy1:SDF Director and .DESDFClockTest.Play Bell.UpSample
	at ptolemy.actor.sched.StaticSchedulingDirector.fire(StaticSchedulingDirector.java:227)
	at ptolemy.domains.sdf.kernel.SDFDirector.fire(SDFDirector.java:500)
	at ptolemy.actor.CompositeActor.fire(CompositeActor.java:455)
	at ptolemy.domains.de.kernel.DEDirector._fire(DEDirector.java:1949)
	at ptolemy.domains.de.kernel.DEDirector.fire(DEDirector.java:502)
	at ptolemy.actor.CompositeActor.fire(CompositeActor.java:455)
	at ptolemy.actor.Manager.iterate(Manager.java:851)
	at ptolemy.actor.Manager.execute(Manager.java:369)
	at ptolemy.actor.Manager.run(Manager.java:1263)
	at ptolemy.actor.Manager$PtolemyRunThread.run(Manager.java:1915)
java.lang.reflect.InvocationTargetException
	at sun.reflect.NativeConstructorAccessorImpl.newInstance0(Native Method)
	at sun.reflect.NativeConstructorAccessorImpl.newInstance(NativeConstructorAccessorImpl.java:62)
	at sun.reflect.DelegatingConstructorAccessorImpl.newInstance(DelegatingConstructorAccessorImpl.java:45)
	at java.lang.reflect.Constructor.newInstance(Constructor.java:423)
	at ptolemy.util.test.junit.AutoKnownFailedTests.RunModel(AutoKnownFailedTests.java:105)
	at sun.reflect.NativeMethodAccessorImpl.invoke0(Native Method)
	at sun.reflect.NativeMethodAccessorImpl.invoke(NativeMethodAccessorImpl.java:62)
	at sun.reflect.DelegatingMethodAccessorImpl.invoke(DelegatingMethodAccessorImpl.java:43)
	at java.lang.reflect.Method.invoke(Method.java:498)
	at org.junit.runners.model.FrameworkMethod$1.runReflectiveCall(FrameworkMethod.java:44)
	at org.junit.internal.runners.model.ReflectiveCallable.run(ReflectiveCallable.java:15)
	at org.junit.runners.model.FrameworkMethod.invokeExplosively(FrameworkMethod.java:41)
	at junitparams.internal.InvokeParameterisedMethod.evaluate(InvokeParameterisedMethod.java:102)
	at org.junit.internal.runners.statements.FailOnTimeout$1.run(FailOnTimeout.java:28)
Caused by: ptolemy.kernel.util.IllegalActionException: Actor is not ready to fire.  Perhaps UpSample.prefire() returned false? Try debugging the actor by selecting "Listen to Actor".  Also, for SDF check moml for tokenConsumptionRate on input.
  in .DESDFClockTest.Play Bell.Copy1:SDF Director and .DESDFClockTest.Play Bell.UpSample
	at ptolemy.actor.sched.StaticSchedulingDirector.fire(StaticSchedulingDirector.java:227)
	at ptolemy.domains.sdf.kernel.SDFDirector.fire(SDFDirector.java:500)
	at ptolemy.actor.CompositeActor.fire(CompositeActor.java:455)
	at ptolemy.domains.de.kernel.DEDirector._fire(DEDirector.java:1949)
	at ptolemy.domains.de.kernel.DEDirector.fire(DEDirector.java:502)
	at ptolemy.actor.CompositeActor.fire(CompositeActor.java:455)
	at ptolemy.actor.Manager.iterate(Manager.java:851)
	at ptolemy.actor.Manager.execute(Manager.java:369)
	at ptolemy.actor.Manager.run(Manager.java:1263)
	at ptolemy.actor.Manager$PtolemyRunThread.run(Manager.java:1915)
java.lang.RuntimeException: Execution failed
	at ptolemy.moml.MoMLSimpleApplication$UnloadThread.run(MoMLSimpleApplication.java:402)
Caused by: ptolemy.kernel.util.IllegalActionException: Test fails in iteration 1.
Value was: 1.0. Should have been: 2.0
  in .DirectFeedback.Test
	at ptolemy.actor.lib.Test.fire(Test.java:268)
	at ptolemy.domains.de.kernel.DEDirector._fire(DEDirector.java:1949)
	at ptolemy.domains.de.kernel.DEDirector.fire(DEDirector.java:502)
	at ptolemy.actor.CompositeActor.fire(CompositeActor.java:455)
	at ptolemy.actor.Manager.iterate(Manager.java:851)
	at ptolemy.actor.Manager.execute(Manager.java:369)
	at ptolemy.actor.Manager.run(Manager.java:1263)
	at ptolemy.actor.Manager$PtolemyRunThread.run(Manager.java:1915)
java.lang.reflect.InvocationTargetException
	at sun.reflect.NativeConstructorAccessorImpl.newInstance0(Native Method)
	at sun.reflect.NativeConstructorAccessorImpl.newInstance(NativeConstructorAccessorImpl.java:62)
	at sun.reflect.DelegatingConstructorAccessorImpl.newInstance(DelegatingConstructorAccessorImpl.java:45)
	at java.lang.reflect.Constructor.newInstance(Constructor.java:423)
	at ptolemy.util.test.junit.AutoKnownFailedTests.RunModel(AutoKnownFailedTests.java:105)
	at sun.reflect.NativeMethodAccessorImpl.invoke0(Native Method)
	at sun.reflect.NativeMethodAccessorImpl.invoke(NativeMethodAccessorImpl.java:62)
	at sun.reflect.DelegatingMethodAccessorImpl.invoke(DelegatingMethodAccessorImpl.java:43)
	at java.lang.reflect.Method.invoke(Method.java:498)
	at org.junit.runners.model.FrameworkMethod$1.runReflectiveCall(FrameworkMethod.java:44)
	at org.junit.internal.runners.model.ReflectiveCallable.run(ReflectiveCallable.java:15)
	at org.junit.runners.model.FrameworkMethod.invokeExplosively(FrameworkMethod.java:41)
	at junitparams.internal.InvokeParameterisedMethod.evaluate(InvokeParameterisedMethod.java:102)
	at org.junit.internal.runners.statements.FailOnTimeout$1.run(FailOnTimeout.java:28)
Caused by: ptolemy.kernel.util.IllegalActionException: Test fails in iteration 1.
Value was: 1.0. Should have been: 2.0
  in .DirectFeedback.Test
	at ptolemy.actor.lib.Test.fire(Test.java:268)
	at ptolemy.domains.de.kernel.DEDirector._fire(DEDirector.java:1949)
	at ptolemy.domains.de.kernel.DEDirector.fire(DEDirector.java:502)
	at ptolemy.actor.CompositeActor.fire(CompositeActor.java:455)
	at ptolemy.actor.Manager.iterate(Manager.java:851)
	at ptolemy.actor.Manager.execute(Manager.java:369)
	at ptolemy.actor.Manager.run(Manager.java:1263)
	at ptolemy.actor.Manager$PtolemyRunThread.run(Manager.java:1915)
java.lang.RuntimeException: Execution failed
	at ptolemy.moml.MoMLSimpleApplication$UnloadThread.run(MoMLSimpleApplication.java:402)
Caused by: ptolemy.kernel.util.IllegalActionException: Found a zero delay loop containing .HierarchicalModel.A
  in .HierarchicalModel and .HierarchicalModel.A
	at ptolemy.actor.util.CausalityInterfaceForComposites._computeOutputPortDepth(CausalityInterfaceForComposites.java:759)
	at ptolemy.actor.util.CausalityInterfaceForComposites._computeInputDepth(CausalityInterfaceForComposites.java:696)
	at ptolemy.actor.util.CausalityInterfaceForComposites._computeOutputPortDepth(CausalityInterfaceForComposites.java:765)
	at ptolemy.actor.util.CausalityInterfaceForComposites._computeInputDepth(CausalityInterfaceForComposites.java:696)
	at ptolemy.actor.util.CausalityInterfaceForComposites._computeOutputPortDepth(CausalityInterfaceForComposites.java:765)
	at ptolemy.actor.util.CausalityInterfaceForComposites._computeInputDepth(CausalityInterfaceForComposites.java:696)
	at ptolemy.actor.util.CausalityInterfaceForComposites._computeActorDepth(CausalityInterfaceForComposites.java:532)
	at ptolemy.actor.util.CausalityInterfaceForComposites.checkForCycles(CausalityInterfaceForComposites.java:96)
	at ptolemy.domains.de.kernel.DEDirector.preinitialize(DEDirector.java:1338)
	at ptolemy.actor.CompositeActor.preinitialize(CompositeActor.java:1828)
	at ptolemy.actor.Manager.preinitializeAndResolveTypes(Manager.java:1040)
	at ptolemy.actor.Manager.initialize(Manager.java:710)
	at ptolemy.actor.Manager.execute(Manager.java:356)
	at ptolemy.actor.Manager.run(Manager.java:1263)
	at ptolemy.actor.Manager$PtolemyRunThread.run(Manager.java:1915)
java.lang.reflect.InvocationTargetException
	at sun.reflect.NativeConstructorAccessorImpl.newInstance0(Native Method)
	at sun.reflect.NativeConstructorAccessorImpl.newInstance(NativeConstructorAccessorImpl.java:62)
	at sun.reflect.DelegatingConstructorAccessorImpl.newInstance(DelegatingConstructorAccessorImpl.java:45)
	at java.lang.reflect.Constructor.newInstance(Constructor.java:423)
	at ptolemy.util.test.junit.AutoKnownFailedTests.RunModel(AutoKnownFailedTests.java:105)
	at sun.reflect.NativeMethodAccessorImpl.invoke0(Native Method)
	at sun.reflect.NativeMethodAccessorImpl.invoke(NativeMethodAccessorImpl.java:62)
	at sun.reflect.DelegatingMethodAccessorImpl.invoke(DelegatingMethodAccessorImpl.java:43)
	at java.lang.reflect.Method.invoke(Method.java:498)
	at org.junit.runners.model.FrameworkMethod$1.runReflectiveCall(FrameworkMethod.java:44)
	at org.junit.internal.runners.model.ReflectiveCallable.run(ReflectiveCallable.java:15)
	at org.junit.runners.model.FrameworkMethod.invokeExplosively(FrameworkMethod.java:41)
	at junitparams.internal.InvokeParameterisedMethod.evaluate(InvokeParameterisedMethod.java:102)
	at org.junit.internal.runners.statements.FailOnTimeout$1.run(FailOnTimeout.java:28)
Caused by: ptolemy.kernel.util.IllegalActionException: Found a zero delay loop containing .HierarchicalModel.A
  in .HierarchicalModel and .HierarchicalModel.A
	at ptolemy.actor.util.CausalityInterfaceForComposites._computeOutputPortDepth(CausalityInterfaceForComposites.java:759)
	at ptolemy.actor.util.CausalityInterfaceForComposites._computeInputDepth(CausalityInterfaceForComposites.java:696)
	at ptolemy.actor.util.CausalityInterfaceForComposites._computeOutputPortDepth(CausalityInterfaceForComposites.java:765)
	at ptolemy.actor.util.CausalityInterfaceForComposites._computeInputDepth(CausalityInterfaceForComposites.java:696)
	at ptolemy.actor.util.CausalityInterfaceForComposites._computeOutputPortDepth(CausalityInterfaceForComposites.java:765)
	at ptolemy.actor.util.CausalityInterfaceForComposites._computeInputDepth(CausalityInterfaceForComposites.java:696)
	at ptolemy.actor.util.CausalityInterfaceForComposites._computeActorDepth(CausalityInterfaceForComposites.java:532)
	at ptolemy.actor.util.CausalityInterfaceForComposites.checkForCycles(CausalityInterfaceForComposites.java:96)
	at ptolemy.domains.de.kernel.DEDirector.preinitialize(DEDirector.java:1338)
	at ptolemy.actor.CompositeActor.preinitialize(CompositeActor.java:1828)
	at ptolemy.actor.Manager.preinitializeAndResolveTypes(Manager.java:1040)
	at ptolemy.actor.Manager.initialize(Manager.java:710)
	at ptolemy.actor.Manager.execute(Manager.java:356)
	at ptolemy.actor.Manager.run(Manager.java:1263)
	at ptolemy.actor.Manager$PtolemyRunThread.run(Manager.java:1915)
java.lang.RuntimeException: Execution failed
	at ptolemy.moml.MoMLSimpleApplication$UnloadThread.run(MoMLSimpleApplication.java:402)
Caused by: ptolemy.kernel.util.IllegalActionException: Found a zero delay loop containing .dependencyLoop.original
  in .dependencyLoop and .dependencyLoop.original
	at ptolemy.actor.util.CausalityInterfaceForComposites._computeOutputPortDepth(CausalityInterfaceForComposites.java:759)
	at ptolemy.actor.util.CausalityInterfaceForComposites._computeInputDepth(CausalityInterfaceForComposites.java:696)
	at ptolemy.actor.util.CausalityInterfaceForComposites._computeOutputPortDepth(CausalityInterfaceForComposites.java:765)
	at ptolemy.actor.util.CausalityInterfaceForComposites._computeInputDepth(CausalityInterfaceForComposites.java:696)
	at ptolemy.actor.util.CausalityInterfaceForComposites._computeOutputPortDepth(CausalityInterfaceForComposites.java:765)
	at ptolemy.actor.util.CausalityInterfaceForComposites._computeInputDepth(CausalityInterfaceForComposites.java:696)
	at ptolemy.actor.util.CausalityInterfaceForComposites._computeActorDepth(CausalityInterfaceForComposites.java:532)
	at ptolemy.actor.util.CausalityInterfaceForComposites.checkForCycles(CausalityInterfaceForComposites.java:96)
	at ptolemy.domains.de.kernel.DEDirector.preinitialize(DEDirector.java:1338)
	at ptolemy.actor.CompositeActor.preinitialize(CompositeActor.java:1828)
	at ptolemy.actor.Manager.preinitializeAndResolveTypes(Manager.java:1040)
	at ptolemy.actor.Manager.initialize(Manager.java:710)
	at ptolemy.actor.Manager.execute(Manager.java:356)
	at ptolemy.actor.Manager.run(Manager.java:1263)
	at ptolemy.actor.Manager$PtolemyRunThread.run(Manager.java:1915)
java.lang.reflect.InvocationTargetException
	at sun.reflect.NativeConstructorAccessorImpl.newInstance0(Native Method)
	at sun.reflect.NativeConstructorAccessorImpl.newInstance(NativeConstructorAccessorImpl.java:62)
	at sun.reflect.DelegatingConstructorAccessorImpl.newInstance(DelegatingConstructorAccessorImpl.java:45)
	at java.lang.reflect.Constructor.newInstance(Constructor.java:423)
	at ptolemy.util.test.junit.AutoKnownFailedTests.RunModel(AutoKnownFailedTests.java:105)
	at sun.reflect.NativeMethodAccessorImpl.invoke0(Native Method)
	at sun.reflect.NativeMethodAccessorImpl.invoke(NativeMethodAccessorImpl.java:62)
	at sun.reflect.DelegatingMethodAccessorImpl.invoke(DelegatingMethodAccessorImpl.java:43)
	at java.lang.reflect.Method.invoke(Method.java:498)
	at org.junit.runners.model.FrameworkMethod$1.runReflectiveCall(FrameworkMethod.java:44)
	at org.junit.internal.runners.model.ReflectiveCallable.run(ReflectiveCallable.java:15)
	at org.junit.runners.model.FrameworkMethod.invokeExplosively(FrameworkMethod.java:41)
	at junitparams.internal.InvokeParameterisedMethod.evaluate(InvokeParameterisedMethod.java:102)
	at org.junit.internal.runners.statements.FailOnTimeout$1.run(FailOnTimeout.java:28)
Caused by: ptolemy.kernel.util.IllegalActionException: Found a zero delay loop containing .dependencyLoop.original
  in .dependencyLoop and .dependencyLoop.original
	at ptolemy.actor.util.CausalityInterfaceForComposites._computeOutputPortDepth(CausalityInterfaceForComposites.java:759)
	at ptolemy.actor.util.CausalityInterfaceForComposites._computeInputDepth(CausalityInterfaceForComposites.java:696)
	at ptolemy.actor.util.CausalityInterfaceForComposites._computeOutputPortDepth(CausalityInterfaceForComposites.java:765)
	at ptolemy.actor.util.CausalityInterfaceForComposites._computeInputDepth(CausalityInterfaceForComposites.java:696)
	at ptolemy.actor.util.CausalityInterfaceForComposites._computeOutputPortDepth(CausalityInterfaceForComposites.java:765)
	at ptolemy.actor.util.CausalityInterfaceForComposites._computeInputDepth(CausalityInterfaceForComposites.java:696)
	at ptolemy.actor.util.CausalityInterfaceForComposites._computeActorDepth(CausalityInterfaceForComposites.java:532)
	at ptolemy.actor.util.CausalityInterfaceForComposites.checkForCycles(CausalityInterfaceForComposites.java:96)
	at ptolemy.domains.de.kernel.DEDirector.preinitialize(DEDirector.java:1338)
	at ptolemy.actor.CompositeActor.preinitialize(CompositeActor.java:1828)
	at ptolemy.actor.Manager.preinitializeAndResolveTypes(Manager.java:1040)
	at ptolemy.actor.Manager.initialize(Manager.java:710)
	at ptolemy.actor.Manager.execute(Manager.java:356)
	at ptolemy.actor.Manager.run(Manager.java:1263)
	at ptolemy.actor.Manager$PtolemyRunThread.run(Manager.java:1915)
java.lang.RuntimeException: Execution failed
	at ptolemy.moml.MoMLSimpleApplication$UnloadThread.run(MoMLSimpleApplication.java:402)
Caused by: ptolemy.kernel.util.IllegalActionException: Found a zero delay loop containing .dependencyLoop2.original
  in .dependencyLoop2 and .dependencyLoop2.original
	at ptolemy.actor.util.CausalityInterfaceForComposites._computeOutputPortDepth(CausalityInterfaceForComposites.java:759)
	at ptolemy.actor.util.CausalityInterfaceForComposites._computeInputDepth(CausalityInterfaceForComposites.java:696)
	at ptolemy.actor.util.CausalityInterfaceForComposites._computeOutputPortDepth(CausalityInterfaceForComposites.java:765)
	at ptolemy.actor.util.CausalityInterfaceForComposites._computeInputDepth(CausalityInterfaceForComposites.java:696)
	at ptolemy.actor.util.CausalityInterfaceForComposites._computeOutputPortDepth(CausalityInterfaceForComposites.java:765)
	at ptolemy.actor.util.CausalityInterfaceForComposites._computeInputDepth(CausalityInterfaceForComposites.java:696)
	at ptolemy.actor.util.CausalityInterfaceForComposites._computeActorDepth(CausalityInterfaceForComposites.java:532)
	at ptolemy.actor.util.CausalityInterfaceForComposites.checkForCycles(CausalityInterfaceForComposites.java:96)
	at ptolemy.domains.de.kernel.DEDirector.preinitialize(DEDirector.java:1338)
	at ptolemy.actor.CompositeActor.preinitialize(CompositeActor.java:1828)
	at ptolemy.actor.Manager.preinitializeAndResolveTypes(Manager.java:1040)
	at ptolemy.actor.Manager.initialize(Manager.java:710)
	at ptolemy.actor.Manager.execute(Manager.java:356)
	at ptolemy.actor.Manager.run(Manager.java:1263)
	at ptolemy.actor.Manager$PtolemyRunThread.run(Manager.java:1915)
java.lang.reflect.InvocationTargetException
	at sun.reflect.NativeConstructorAccessorImpl.newInstance0(Native Method)
	at sun.reflect.NativeConstructorAccessorImpl.newInstance(NativeConstructorAccessorImpl.java:62)
	at sun.reflect.DelegatingConstructorAccessorImpl.newInstance(DelegatingConstructorAccessorImpl.java:45)
	at java.lang.reflect.Constructor.newInstance(Constructor.java:423)
	at ptolemy.util.test.junit.AutoKnownFailedTests.RunModel(AutoKnownFailedTests.java:105)
	at sun.reflect.NativeMethodAccessorImpl.invoke0(Native Method)
	at sun.reflect.NativeMethodAccessorImpl.invoke(NativeMethodAccessorImpl.java:62)
	at sun.reflect.DelegatingMethodAccessorImpl.invoke(DelegatingMethodAccessorImpl.java:43)
	at java.lang.reflect.Method.invoke(Method.java:498)
	at org.junit.runners.model.FrameworkMethod$1.runReflectiveCall(FrameworkMethod.java:44)
	at org.junit.internal.runners.model.ReflectiveCallable.run(ReflectiveCallable.java:15)
	at org.junit.runners.model.FrameworkMethod.invokeExplosively(FrameworkMethod.java:41)
	at junitparams.internal.InvokeParameterisedMethod.evaluate(InvokeParameterisedMethod.java:102)
	at org.junit.internal.runners.statements.FailOnTimeout$1.run(FailOnTimeout.java:28)
Caused by: ptolemy.kernel.util.IllegalActionException: Found a zero delay loop containing .dependencyLoop2.original
  in .dependencyLoop2 and .dependencyLoop2.original
	at ptolemy.actor.util.CausalityInterfaceForComposites._computeOutputPortDepth(CausalityInterfaceForComposites.java:759)
	at ptolemy.actor.util.CausalityInterfaceForComposites._computeInputDepth(CausalityInterfaceForComposites.java:696)
	at ptolemy.actor.util.CausalityInterfaceForComposites._computeOutputPortDepth(CausalityInterfaceForComposites.java:765)
	at ptolemy.actor.util.CausalityInterfaceForComposites._computeInputDepth(CausalityInterfaceForComposites.java:696)
	at ptolemy.actor.util.CausalityInterfaceForComposites._computeOutputPortDepth(CausalityInterfaceForComposites.java:765)
	at ptolemy.actor.util.CausalityInterfaceForComposites._computeInputDepth(CausalityInterfaceForComposites.java:696)
	at ptolemy.actor.util.CausalityInterfaceForComposites._computeActorDepth(CausalityInterfaceForComposites.java:532)
	at ptolemy.actor.util.CausalityInterfaceForComposites.checkForCycles(CausalityInterfaceForComposites.java:96)
	at ptolemy.domains.de.kernel.DEDirector.preinitialize(DEDirector.java:1338)
	at ptolemy.actor.CompositeActor.preinitialize(CompositeActor.java:1828)
	at ptolemy.actor.Manager.preinitializeAndResolveTypes(Manager.java:1040)
	at ptolemy.actor.Manager.initialize(Manager.java:710)
	at ptolemy.actor.Manager.execute(Manager.java:356)
	at ptolemy.actor.Manager.run(Manager.java:1263)
	at ptolemy.actor.Manager$PtolemyRunThread.run(Manager.java:1915)
]]></system-err>
</testsuite>
