<?xml version="1.0" encoding="UTF-8" ?>
<testsuite errors="0" failures="0" hostname="travis-job-02559ec7-ba81-4827-9a59-653b7a67ce71" name="ptolemy.actor.lib.hoc.test.junit.JUnitTclTest" skipped="0" tests="58" time="31.45" timestamp="2020-08-31T15:35:51">
  <properties>
[...]
</properties>
  <testcase classname="ptolemy.util.test.junit.TclTests" name="[0] /home/travis/build/icyphy/ptII/ptolemy/actor/lib/hoc/test/IterateOverArray.tcl (RunTclFile)" time="0.304" />
  <testcase classname="ptolemy.util.test.junit.AutoKnownFailedTests" name="[0] /home/travis/build/icyphy/ptII/ptolemy/actor/lib/hoc/test/auto/knownFailedTests/PreinitializeMustBeInvokedRunComposite.xml (RunModel)" time="0.359" />
  <testcase classname="ptolemy.util.test.junit.AutoNameArchTests" name="[0] ThereAreNoAutoArchTests (RunModel)" time="0.006" />
  <testcase classname="ptolemy.util.test.junit.AutoTests" name="[0] /home/travis/build/icyphy/ptII/ptolemy/actor/lib/hoc/test/auto/AllToAllMultiInstanceComposite.xml (RunModel)" time="0.396" />
  <testcase classname="ptolemy.util.test.junit.AutoTests" name="[1] /home/travis/build/icyphy/ptII/ptolemy/actor/lib/hoc/test/auto/ApplyFFTTest.xml (RunModel)" time="0.421" />
  <testcase classname="ptolemy.util.test.junit.AutoTests" name="[2] /home/travis/build/icyphy/ptII/ptolemy/actor/lib/hoc/test/auto/ApplyFunction.xml (RunModel)" time="0.052" />
  <testcase classname="ptolemy.util.test.junit.AutoTests" name="[3] /home/travis/build/icyphy/ptII/ptolemy/actor/lib/hoc/test/auto/BackgroundExecution.xml (RunModel)" time="0.72" />
  <testcase classname="ptolemy.util.test.junit.AutoTests" name="[4] /home/travis/build/icyphy/ptII/ptolemy/actor/lib/hoc/test/auto/Case.xml (RunModel)" time="0.088" />
  <testcase classname="ptolemy.util.test.junit.AutoTests" name="[5] /home/travis/build/icyphy/ptII/ptolemy/actor/lib/hoc/test/auto/Case1.xml (RunModel)" time="0.037" />
  <testcase classname="ptolemy.util.test.junit.AutoTests" name="[6] /home/travis/build/icyphy/ptII/ptolemy/actor/lib/hoc/test/auto/Case2.xml (RunModel)" time="0.102" />
  <testcase classname="ptolemy.util.test.junit.AutoTests" name="[7] /home/travis/build/icyphy/ptII/ptolemy/actor/lib/hoc/test/auto/Case3.xml (RunModel)" time="0.036" />
  <testcase classname="ptolemy.util.test.junit.AutoTests" name="[8] /home/travis/build/icyphy/ptII/ptolemy/actor/lib/hoc/test/auto/Case4.xml (RunModel)" time="0.073" />
  <testcase classname="ptolemy.util.test.junit.AutoTests" name="[9] /home/travis/build/icyphy/ptII/ptolemy/actor/lib/hoc/test/auto/Case5.xml (RunModel)" time="0.05" />
  <testcase classname="ptolemy.util.test.junit.AutoTests" name="[10] /home/travis/build/icyphy/ptII/ptolemy/actor/lib/hoc/test/auto/Case6.xml (RunModel)" time="0.096" />
  <testcase classname="ptolemy.util.test.junit.AutoTests" name="[11] /home/travis/build/icyphy/ptII/ptolemy/actor/lib/hoc/test/auto/CaseString2.xml (RunModel)" time="0.065" />
  <testcase classname="ptolemy.util.test.junit.AutoTests" name="[12] /home/travis/build/icyphy/ptII/ptolemy/actor/lib/hoc/test/auto/CatchUpComposite1.xml (RunModel)" time="0.077" />
  <testcase classname="ptolemy.util.test.junit.AutoTests" name="[13] /home/travis/build/icyphy/ptII/ptolemy/actor/lib/hoc/test/auto/CatchUpComposite2.xml (RunModel)" time="0.074" />
  <testcase classname="ptolemy.util.test.junit.AutoTests" name="[14] /home/travis/build/icyphy/ptII/ptolemy/actor/lib/hoc/test/auto/CatchUpComposite3.xml (RunModel)" time="0.068" />
  <testcase classname="ptolemy.util.test.junit.AutoTests" name="[15] /home/travis/build/icyphy/ptII/ptolemy/actor/lib/hoc/test/auto/CatchUpComposite4.xml (RunModel)" time="0.073" />
  <testcase classname="ptolemy.util.test.junit.AutoTests" name="[16] /home/travis/build/icyphy/ptII/ptolemy/actor/lib/hoc/test/auto/CatchUpComposite5.xml (RunModel)" time="0.05" />
  <testcase classname="ptolemy.util.test.junit.AutoTests" name="[17] /home/travis/build/icyphy/ptII/ptolemy/actor/lib/hoc/test/auto/CatchUpComposite6.xml (RunModel)" time="0.196" />
  <testcase classname="ptolemy.util.test.junit.AutoTests" name="[18] /home/travis/build/icyphy/ptII/ptolemy/actor/lib/hoc/test/auto/CatchUpComposite7.xml (RunModel)" time="0.114" />
  <testcase classname="ptolemy.util.test.junit.AutoTests" name="[19] /home/travis/build/icyphy/ptII/ptolemy/actor/lib/hoc/test/auto/ConcurrentExecutionTimeSDF.xml (RunModel)" time="1.083" />
  <testcase classname="ptolemy.util.test.junit.AutoTests" name="[20] /home/travis/build/icyphy/ptII/ptolemy/actor/lib/hoc/test/auto/ConcurrentSleep.xml (RunModel)" time="0.767" />
  <testcase classname="ptolemy.util.test.junit.AutoTests" name="[21] /home/travis/build/icyphy/ptII/ptolemy/actor/lib/hoc/test/auto/DEInPNInRunCompositeActor.xml (RunModel)" time="0.034" />
  <testcase classname="ptolemy.util.test.junit.AutoTests" name="[22] /home/travis/build/icyphy/ptII/ptolemy/actor/lib/hoc/test/auto/DFTSubSetTest.xml (RunModel)" time="0.249" />
  <testcase classname="ptolemy.util.test.junit.AutoTests" name="[23] /home/travis/build/icyphy/ptII/ptolemy/actor/lib/hoc/test/auto/HocDE.xml (RunModel)" time="0.143" />
  <testcase classname="ptolemy.util.test.junit.AutoTests" name="[24] /home/travis/build/icyphy/ptII/ptolemy/actor/lib/hoc/test/auto/IterateOverArray.xml (RunModel)" time="0.025" />
  <testcase classname="ptolemy.util.test.junit.AutoTests" name="[25] /home/travis/build/icyphy/ptII/ptolemy/actor/lib/hoc/test/auto/IterateOverArray10.xml (RunModel)" time="0.029" />
  <testcase classname="ptolemy.util.test.junit.AutoTests" name="[26] /home/travis/build/icyphy/ptII/ptolemy/actor/lib/hoc/test/auto/IterateOverArray11.xml (RunModel)" time="0.02" />
  <testcase classname="ptolemy.util.test.junit.AutoTests" name="[27] /home/travis/build/icyphy/ptII/ptolemy/actor/lib/hoc/test/auto/IterateOverArray12.xml (RunModel)" time="0.04" />
  <testcase classname="ptolemy.util.test.junit.AutoTests" name="[28] /home/travis/build/icyphy/ptII/ptolemy/actor/lib/hoc/test/auto/IterateOverArray13.xml (RunModel)" time="0.139" />
  <testcase classname="ptolemy.util.test.junit.AutoTests" name="[29] /home/travis/build/icyphy/ptII/ptolemy/actor/lib/hoc/test/auto/IterateOverArray14.xml (RunModel)" time="0.178" />
  <testcase classname="ptolemy.util.test.junit.AutoTests" name="[30] /home/travis/build/icyphy/ptII/ptolemy/actor/lib/hoc/test/auto/IterateOverArray2.xml (RunModel)" time="0.03" />
  <testcase classname="ptolemy.util.test.junit.AutoTests" name="[31] /home/travis/build/icyphy/ptII/ptolemy/actor/lib/hoc/test/auto/IterateOverArray3.xml (RunModel)" time="0.04" />
  <testcase classname="ptolemy.util.test.junit.AutoTests" name="[32] /home/travis/build/icyphy/ptII/ptolemy/actor/lib/hoc/test/auto/IterateOverArray4.xml (RunModel)" time="0.015" />
  <testcase classname="ptolemy.util.test.junit.AutoTests" name="[33] /home/travis/build/icyphy/ptII/ptolemy/actor/lib/hoc/test/auto/IterateOverArray5.xml (RunModel)" time="0.021" />
  <testcase classname="ptolemy.util.test.junit.AutoTests" name="[34] /home/travis/build/icyphy/ptII/ptolemy/actor/lib/hoc/test/auto/IterateOverArray6.xml (RunModel)" time="0.013" />
  <testcase classname="ptolemy.util.test.junit.AutoTests" name="[35] /home/travis/build/icyphy/ptII/ptolemy/actor/lib/hoc/test/auto/IterateOverArray7.xml (RunModel)" time="0.027" />
  <testcase classname="ptolemy.util.test.junit.AutoTests" name="[36] /home/travis/build/icyphy/ptII/ptolemy/actor/lib/hoc/test/auto/IterateOverArray8.xml (RunModel)" time="0.022" />
  <testcase classname="ptolemy.util.test.junit.AutoTests" name="[37] /home/travis/build/icyphy/ptII/ptolemy/actor/lib/hoc/test/auto/IterateOverArray9.xml (RunModel)" time="0.029" />
  <testcase classname="ptolemy.util.test.junit.AutoTests" name="[38] /home/travis/build/icyphy/ptII/ptolemy/actor/lib/hoc/test/auto/IterateOverArrayCoercedOutputType.xml (RunModel)" time="0.033" />
  <testcase classname="ptolemy.util.test.junit.AutoTests" name="[39] /home/travis/build/icyphy/ptII/ptolemy/actor/lib/hoc/test/auto/IterateOverArrayInferredOutputType.xml (RunModel)" time="0.022" />
  <testcase classname="ptolemy.util.test.junit.AutoTests" name="[40] /home/travis/build/icyphy/ptII/ptolemy/actor/lib/hoc/test/auto/MobileFunctionTest.xml (RunModel)" time="0.02" />
  <testcase classname="ptolemy.util.test.junit.AutoTests" name="[41] /home/travis/build/icyphy/ptII/ptolemy/actor/lib/hoc/test/auto/MobileModelTest.xml (RunModel)" time="0.163" />
  <testcase classname="ptolemy.util.test.junit.AutoTests" name="[42] /home/travis/build/icyphy/ptII/ptolemy/actor/lib/hoc/test/auto/ModelReference.xml (RunModel)" time="0.062" />
  <testcase classname="ptolemy.util.test.junit.AutoTests" name="[43] /home/travis/build/icyphy/ptII/ptolemy/actor/lib/hoc/test/auto/ModelReference3.xml (RunModel)" time="0.043" />
  <testcase classname="ptolemy.util.test.junit.AutoTests" name="[44] /home/travis/build/icyphy/ptII/ptolemy/actor/lib/hoc/test/auto/ModelReference4.xml (RunModel)" time="10.026" />
  <testcase classname="ptolemy.util.test.junit.AutoTests" name="[45] /home/travis/build/icyphy/ptII/ptolemy/actor/lib/hoc/test/auto/MultiInstanceComposite.xml (RunModel)" time="0.051" />
  <testcase classname="ptolemy.util.test.junit.AutoTests" name="[46] /home/travis/build/icyphy/ptII/ptolemy/actor/lib/hoc/test/auto/MultiInstanceComposite2.xml (RunModel)" time="0.034" />
  <testcase classname="ptolemy.util.test.junit.AutoTests" name="[47] /home/travis/build/icyphy/ptII/ptolemy/actor/lib/hoc/test/auto/MulticoreExecution.xml (RunModel)" time="1.073" />
  <testcase classname="ptolemy.util.test.junit.AutoTests" name="[48] /home/travis/build/icyphy/ptII/ptolemy/actor/lib/hoc/test/auto/ParallelExecution.xml (RunModel)" time="0.955" />
  <testcase classname="ptolemy.util.test.junit.AutoTests" name="[49] /home/travis/build/icyphy/ptII/ptolemy/actor/lib/hoc/test/auto/RunCompositeActor.xml (RunModel)" time="0.019" />
  <testcase classname="ptolemy.util.test.junit.AutoTests" name="[50] /home/travis/build/icyphy/ptII/ptolemy/actor/lib/hoc/test/auto/RunCompositeActor2.xml (RunModel)" time="0.018" />
  <testcase classname="ptolemy.util.test.junit.AutoTests" name="[51] /home/travis/build/icyphy/ptII/ptolemy/actor/lib/hoc/test/auto/RunCompositeActor3.xml (RunModel)" time="0.019" />
  <testcase classname="ptolemy.util.test.junit.AutoTests" name="[52] /home/travis/build/icyphy/ptII/ptolemy/actor/lib/hoc/test/auto/RunCompositeActor4.xml (RunModel)" time="0.025" />
  <testcase classname="ptolemy.util.test.junit.AutoTests" name="[53] /home/travis/build/icyphy/ptII/ptolemy/actor/lib/hoc/test/auto/RunCompositeIterateOverArray.xml (RunModel)" time="0.043" />
  <testcase classname="ptolemy.util.test.junit.AutoTests" name="[54] /home/travis/build/icyphy/ptII/ptolemy/actor/lib/hoc/test/auto/ThreadedJS.xml (RunModel)" time="11.78" />
  <system-out><![CDATA[/home/travis/build/icyphy/ptII/ptolemy/actor/lib/hoc/test/IterateOverArray.tcl
testDefs.tcl: setting time out to 9000 seconds at Mon Aug 31 15:35:51 UTC 2020
08/31/20 03:35:52
Failed: 0  Total Tests: 2  ((Passed: 2, Newly Passed: 0)  Known Failed: 0) /home/travis/build/icyphy/ptII/ptolemy/actor/lib/hoc/test
----------------- testing (KnownFailure) /home/travis/build/icyphy/ptII/ptolemy/actor/lib/hoc/test/auto/knownFailedTests/PreinitializeMustBeInvokedRunComposite.xml
69 ms. Memory: 129024K Free: 86979K (67%)
Known Failure: java.lang.reflect.InvocationTargetException
No auto/linux-amd64/*.xml tests in /home/travis/build/icyphy/ptII/ptolemy/actor/lib/hoc/test
AutoTests.java: About to close Vertx.
AutoTests.java: Vertx closed.

===========================================================================================
----------------- testing Mon Aug 31 15:35:53 UTC 2020 /home/travis/build/icyphy/ptII/ptolemy/actor/lib/hoc/test/auto/AllToAllMultiInstanceComposite.xml
----------------- Instantiating /home/travis/build/icyphy/ptII/ptolemy/actor/lib/hoc/test/auto/AllToAllMultiInstanceComposite.xml
159 ms. Memory: 129024K Free: 101512K (79%)
----------------- Invoking toplevel() on ptolemy.moml.MoMLSimpleApplication@7fbdb311
----------------- Done invoking toplevel() on ptolemy.moml.MoMLSimpleApplication@7fbdb311
reloadAllAccessors: .AllToAllMultiInstanceComposite

===========================================================================================
----------------- testing Mon Aug 31 15:35:53 UTC 2020 /home/travis/build/icyphy/ptII/ptolemy/actor/lib/hoc/test/auto/ApplyFFTTest.xml
----------------- Instantiating /home/travis/build/icyphy/ptII/ptolemy/actor/lib/hoc/test/auto/ApplyFFTTest.xml
137 ms. Memory: 129024K Free: 106916K (83%)
----------------- Invoking toplevel() on ptolemy.moml.MoMLSimpleApplication@700b4bb9
----------------- Done invoking toplevel() on ptolemy.moml.MoMLSimpleApplication@700b4bb9
reloadAllAccessors: .ApplyFFTTest

===========================================================================================
----------------- testing Mon Aug 31 15:35:53 UTC 2020 /home/travis/build/icyphy/ptII/ptolemy/actor/lib/hoc/test/auto/ApplyFunction.xml
----------------- Instantiating /home/travis/build/icyphy/ptII/ptolemy/actor/lib/hoc/test/auto/ApplyFunction.xml
6 ms. Memory: 129024K Free: 103612K (80%)
----------------- Invoking toplevel() on ptolemy.moml.MoMLSimpleApplication@3e71e885
----------------- Done invoking toplevel() on ptolemy.moml.MoMLSimpleApplication@3e71e885
reloadAllAccessors: .ApplyFunction

===========================================================================================
----------------- testing Mon Aug 31 15:35:53 UTC 2020 /home/travis/build/icyphy/ptII/ptolemy/actor/lib/hoc/test/auto/BackgroundExecution.xml
----------------- Instantiating /home/travis/build/icyphy/ptII/ptolemy/actor/lib/hoc/test/auto/BackgroundExecution.xml
631 ms. Memory: 129024K Free: 96180K (75%)
----------------- Invoking toplevel() on ptolemy.moml.MoMLSimpleApplication@768118f4
----------------- Done invoking toplevel() on ptolemy.moml.MoMLSimpleApplication@768118f4
reloadAllAccessors: .BackgroundExecution

===========================================================================================
----------------- testing Mon Aug 31 15:35:54 UTC 2020 /home/travis/build/icyphy/ptII/ptolemy/actor/lib/hoc/test/auto/Case.xml
----------------- Instantiating /home/travis/build/icyphy/ptII/ptolemy/actor/lib/hoc/test/auto/Case.xml
27 ms. Memory: 129024K Free: 89227K (69%)
----------------- Invoking toplevel() on ptolemy.moml.MoMLSimpleApplication@47070320
----------------- Done invoking toplevel() on ptolemy.moml.MoMLSimpleApplication@47070320
reloadAllAccessors: .Case

===========================================================================================
----------------- testing Mon Aug 31 15:35:54 UTC 2020 /home/travis/build/icyphy/ptII/ptolemy/actor/lib/hoc/test/auto/Case1.xml
----------------- Instantiating /home/travis/build/icyphy/ptII/ptolemy/actor/lib/hoc/test/auto/Case1.xml
13 ms. Memory: 129024K Free: 82579K (64%)
----------------- Invoking toplevel() on ptolemy.moml.MoMLSimpleApplication@2c22688c
----------------- Done invoking toplevel() on ptolemy.moml.MoMLSimpleApplication@2c22688c
reloadAllAccessors: .Case1

===========================================================================================
----------------- testing Mon Aug 31 15:35:54 UTC 2020 /home/travis/build/icyphy/ptII/ptolemy/actor/lib/hoc/test/auto/Case2.xml
----------------- Instantiating /home/travis/build/icyphy/ptII/ptolemy/actor/lib/hoc/test/auto/Case2.xml
37 ms. Memory: 129024K Free: 106469K (83%)
----------------- Invoking toplevel() on ptolemy.moml.MoMLSimpleApplication@3fa1e3ac
----------------- Done invoking toplevel() on ptolemy.moml.MoMLSimpleApplication@3fa1e3ac
reloadAllAccessors: .Case2

===========================================================================================
----------------- testing Mon Aug 31 15:35:54 UTC 2020 /home/travis/build/icyphy/ptII/ptolemy/actor/lib/hoc/test/auto/Case3.xml
----------------- Instantiating /home/travis/build/icyphy/ptII/ptolemy/actor/lib/hoc/test/auto/Case3.xml
7 ms. Memory: 129024K Free: 100286K (78%)
----------------- Invoking toplevel() on ptolemy.moml.MoMLSimpleApplication@6ecefad1
----------------- Done invoking toplevel() on ptolemy.moml.MoMLSimpleApplication@6ecefad1
reloadAllAccessors: .Case3

===========================================================================================
----------------- testing Mon Aug 31 15:35:54 UTC 2020 /home/travis/build/icyphy/ptII/ptolemy/actor/lib/hoc/test/auto/Case4.xml
----------------- Instantiating /home/travis/build/icyphy/ptII/ptolemy/actor/lib/hoc/test/auto/Case4.xml
19 ms. Memory: 129024K Free: 92437K (72%)
----------------- Invoking toplevel() on ptolemy.moml.MoMLSimpleApplication@37f1c57b
----------------- Done invoking toplevel() on ptolemy.moml.MoMLSimpleApplication@37f1c57b
reloadAllAccessors: .Case4

===========================================================================================
----------------- testing Mon Aug 31 15:35:54 UTC 2020 /home/travis/build/icyphy/ptII/ptolemy/actor/lib/hoc/test/auto/Case5.xml
----------------- Instantiating /home/travis/build/icyphy/ptII/ptolemy/actor/lib/hoc/test/auto/Case5.xml
29 ms. Memory: 129024K Free: 85988K (67%)
----------------- Invoking toplevel() on ptolemy.moml.MoMLSimpleApplication@1cce9edb
----------------- Done invoking toplevel() on ptolemy.moml.MoMLSimpleApplication@1cce9edb
reloadAllAccessors: .junk

===========================================================================================
----------------- testing Mon Aug 31 15:35:55 UTC 2020 /home/travis/build/icyphy/ptII/ptolemy/actor/lib/hoc/test/auto/Case6.xml
----------------- Instantiating /home/travis/build/icyphy/ptII/ptolemy/actor/lib/hoc/test/auto/Case6.xml
53 ms. Memory: 129024K Free: 74043K (57%)
----------------- Invoking toplevel() on ptolemy.moml.MoMLSimpleApplication@572e5c1f
----------------- Done invoking toplevel() on ptolemy.moml.MoMLSimpleApplication@572e5c1f
reloadAllAccessors: .Case6

===========================================================================================
----------------- testing Mon Aug 31 15:35:55 UTC 2020 /home/travis/build/icyphy/ptII/ptolemy/actor/lib/hoc/test/auto/CaseString2.xml
----------------- Instantiating /home/travis/build/icyphy/ptII/ptolemy/actor/lib/hoc/test/auto/CaseString2.xml
23 ms. Memory: 129024K Free: 66499K (52%)
----------------- Invoking toplevel() on ptolemy.moml.MoMLSimpleApplication@b70d202
----------------- Done invoking toplevel() on ptolemy.moml.MoMLSimpleApplication@b70d202
reloadAllAccessors: .CaseString2

===========================================================================================
----------------- testing Mon Aug 31 15:35:55 UTC 2020 /home/travis/build/icyphy/ptII/ptolemy/actor/lib/hoc/test/auto/CatchUpComposite1.xml
----------------- Instantiating /home/travis/build/icyphy/ptII/ptolemy/actor/lib/hoc/test/auto/CatchUpComposite1.xml
32 ms. Memory: 129024K Free: 105788K (82%)
----------------- Invoking toplevel() on ptolemy.moml.MoMLSimpleApplication@184833d5
----------------- Done invoking toplevel() on ptolemy.moml.MoMLSimpleApplication@184833d5
reloadAllAccessors: .CatchUpComposite1

===========================================================================================
----------------- testing Mon Aug 31 15:35:55 UTC 2020 /home/travis/build/icyphy/ptII/ptolemy/actor/lib/hoc/test/auto/CatchUpComposite2.xml
----------------- Instantiating /home/travis/build/icyphy/ptII/ptolemy/actor/lib/hoc/test/auto/CatchUpComposite2.xml
18 ms. Memory: 129024K Free: 97588K (76%)
----------------- Invoking toplevel() on ptolemy.moml.MoMLSimpleApplication@253910f0
----------------- Done invoking toplevel() on ptolemy.moml.MoMLSimpleApplication@253910f0
reloadAllAccessors: .CatchUpComposite2

===========================================================================================
----------------- testing Mon Aug 31 15:35:55 UTC 2020 /home/travis/build/icyphy/ptII/ptolemy/actor/lib/hoc/test/auto/CatchUpComposite3.xml
----------------- Instantiating /home/travis/build/icyphy/ptII/ptolemy/actor/lib/hoc/test/auto/CatchUpComposite3.xml
27 ms. Memory: 129024K Free: 89374K (69%)
----------------- Invoking toplevel() on ptolemy.moml.MoMLSimpleApplication@635fb037
----------------- Done invoking toplevel() on ptolemy.moml.MoMLSimpleApplication@635fb037
reloadAllAccessors: .CatchUpComposite3

===========================================================================================
----------------- testing Mon Aug 31 15:35:55 UTC 2020 /home/travis/build/icyphy/ptII/ptolemy/actor/lib/hoc/test/auto/CatchUpComposite4.xml
----------------- Instantiating /home/travis/build/icyphy/ptII/ptolemy/actor/lib/hoc/test/auto/CatchUpComposite4.xml
20 ms. Memory: 129024K Free: 81571K (63%)
----------------- Invoking toplevel() on ptolemy.moml.MoMLSimpleApplication@3dbc1871
----------------- Done invoking toplevel() on ptolemy.moml.MoMLSimpleApplication@3dbc1871
reloadAllAccessors: .CatchUpComposite4

===========================================================================================
----------------- testing Mon Aug 31 15:35:55 UTC 2020 /home/travis/build/icyphy/ptII/ptolemy/actor/lib/hoc/test/auto/CatchUpComposite5.xml
----------------- Instantiating /home/travis/build/icyphy/ptII/ptolemy/actor/lib/hoc/test/auto/CatchUpComposite5.xml
17 ms. Memory: 129024K Free: 73966K (57%)
----------------- Invoking toplevel() on ptolemy.moml.MoMLSimpleApplication@450f31e
----------------- Done invoking toplevel() on ptolemy.moml.MoMLSimpleApplication@450f31e
reloadAllAccessors: .CatchUpComposite5

===========================================================================================
----------------- testing Mon Aug 31 15:35:55 UTC 2020 /home/travis/build/icyphy/ptII/ptolemy/actor/lib/hoc/test/auto/CatchUpComposite6.xml
----------------- Instantiating /home/travis/build/icyphy/ptII/ptolemy/actor/lib/hoc/test/auto/CatchUpComposite6.xml
WARNING: The execution aspects in this model can influence the timing of actors by delaying the 
execution, potentially changing the behavior. There is no guarantee that actors fire at the 
time they request to be fired. 
Use Ptides for deterministic DE behavior that is not influenced by execution aspects. 

89 ms. Memory: 129024K Free: 59708K (46%)
----------------- Invoking toplevel() on ptolemy.moml.MoMLSimpleApplication@478292d7
----------------- Done invoking toplevel() on ptolemy.moml.MoMLSimpleApplication@478292d7
reloadAllAccessors: .CatchUpComposite6

===========================================================================================
----------------- testing Mon Aug 31 15:35:55 UTC 2020 /home/travis/build/icyphy/ptII/ptolemy/actor/lib/hoc/test/auto/CatchUpComposite7.xml
----------------- Instantiating /home/travis/build/icyphy/ptII/ptolemy/actor/lib/hoc/test/auto/CatchUpComposite7.xml
WARNING: The execution aspects in this model can influence the timing of actors by delaying the 
execution, potentially changing the behavior. There is no guarantee that actors fire at the 
time they request to be fired. 
Use Ptides for deterministic DE behavior that is not influenced by execution aspects. 

51 ms. Memory: 129024K Free: 103595K (80%)
----------------- Invoking toplevel() on ptolemy.moml.MoMLSimpleApplication@1a43efd1
----------------- Done invoking toplevel() on ptolemy.moml.MoMLSimpleApplication@1a43efd1
reloadAllAccessors: .CatchUpComposite7

===========================================================================================
----------------- testing Mon Aug 31 15:35:55 UTC 2020 /home/travis/build/icyphy/ptII/ptolemy/actor/lib/hoc/test/auto/ConcurrentExecutionTimeSDF.xml
----------------- Instantiating /home/travis/build/icyphy/ptII/ptolemy/actor/lib/hoc/test/auto/ConcurrentExecutionTimeSDF.xml
Fired ExecutionTime: 40400000
Fired ExecutionTime: 40400000
Fired ExecutionTime: 40400000
Fired ExecutionTime: 40400000
Fired ExecutionTime: 40400000
Fired ExecutionTime: 40400000
Fired ExecutionTime: 40400000
Fired ExecutionTime: 40400000
Fired ExecutionTime: 40400000
Fired ExecutionTime: 40400000
Fired ExecutionTime: 40400000
Fired ExecutionTime: 40400000
Fired ExecutionTime: 40400000
Fired ExecutionTime: 40400000
Fired ExecutionTime: 40400000
Fired ExecutionTime: 40400000
Fired ExecutionTime: 40400000
Fired ExecutionTime: 40400000
Fired ExecutionTime: 40400000
Fired ExecutionTime: 40400000
1059 ms. Memory: 129024K Free: 96427K (75%)
----------------- Invoking toplevel() on ptolemy.moml.MoMLSimpleApplication@61d3cd71
----------------- Done invoking toplevel() on ptolemy.moml.MoMLSimpleApplication@61d3cd71
reloadAllAccessors: .ConcurrentExecutionTimeSDF

===========================================================================================
----------------- testing Mon Aug 31 15:35:56 UTC 2020 /home/travis/build/icyphy/ptII/ptolemy/actor/lib/hoc/test/auto/ConcurrentSleep.xml
----------------- Instantiating /home/travis/build/icyphy/ptII/ptolemy/actor/lib/hoc/test/auto/ConcurrentSleep.xml
729 ms. Memory: 129024K Free: 85689K (66%)
----------------- Invoking toplevel() on ptolemy.moml.MoMLSimpleApplication@303336b9
----------------- Done invoking toplevel() on ptolemy.moml.MoMLSimpleApplication@303336b9
reloadAllAccessors: .ConcurrentSleep

===========================================================================================
----------------- testing Mon Aug 31 15:35:57 UTC 2020 /home/travis/build/icyphy/ptII/ptolemy/actor/lib/hoc/test/auto/DEInPNInRunCompositeActor.xml
----------------- Instantiating /home/travis/build/icyphy/ptII/ptolemy/actor/lib/hoc/test/auto/DEInPNInRunCompositeActor.xml
11 ms. Memory: 129024K Free: 80544K (62%)
----------------- Invoking toplevel() on ptolemy.moml.MoMLSimpleApplication@5e6e723d
----------------- Done invoking toplevel() on ptolemy.moml.MoMLSimpleApplication@5e6e723d
reloadAllAccessors: .DEInPNInRunCompositeActor

===========================================================================================
----------------- testing Mon Aug 31 15:35:57 UTC 2020 /home/travis/build/icyphy/ptII/ptolemy/actor/lib/hoc/test/auto/DFTSubSetTest.xml
----------------- Instantiating /home/travis/build/icyphy/ptII/ptolemy/actor/lib/hoc/test/auto/DFTSubSetTest.xml
154 ms. Memory: 129024K Free: 111136K (86%)
----------------- Invoking toplevel() on ptolemy.moml.MoMLSimpleApplication@5b612721
----------------- Done invoking toplevel() on ptolemy.moml.MoMLSimpleApplication@5b612721
reloadAllAccessors: .DFTSubSetTest

===========================================================================================
----------------- testing Mon Aug 31 15:35:58 UTC 2020 /home/travis/build/icyphy/ptII/ptolemy/actor/lib/hoc/test/auto/HocDE.xml
----------------- Instantiating /home/travis/build/icyphy/ptII/ptolemy/actor/lib/hoc/test/auto/HocDE.xml
100 ms. Memory: 129024K Free: 85042K (66%)
----------------- Invoking toplevel() on ptolemy.moml.MoMLSimpleApplication@50a6bd0c
----------------- Done invoking toplevel() on ptolemy.moml.MoMLSimpleApplication@50a6bd0c
reloadAllAccessors: .HocDE

===========================================================================================
----------------- testing Mon Aug 31 15:35:58 UTC 2020 /home/travis/build/icyphy/ptII/ptolemy/actor/lib/hoc/test/auto/IterateOverArray.xml
----------------- Instantiating /home/travis/build/icyphy/ptII/ptolemy/actor/lib/hoc/test/auto/IterateOverArray.xml
5 ms. Memory: 129024K Free: 80946K (63%)
----------------- Invoking toplevel() on ptolemy.moml.MoMLSimpleApplication@3594742e
----------------- Done invoking toplevel() on ptolemy.moml.MoMLSimpleApplication@3594742e
reloadAllAccessors: .IterateOverArray

===========================================================================================
----------------- testing Mon Aug 31 15:35:58 UTC 2020 /home/travis/build/icyphy/ptII/ptolemy/actor/lib/hoc/test/auto/IterateOverArray10.xml
----------------- Instantiating /home/travis/build/icyphy/ptII/ptolemy/actor/lib/hoc/test/auto/IterateOverArray10.xml
4 ms. Memory: 129024K Free: 77383K (60%)
----------------- Invoking toplevel() on ptolemy.moml.MoMLSimpleApplication@1ed9a5eb
----------------- Done invoking toplevel() on ptolemy.moml.MoMLSimpleApplication@1ed9a5eb
reloadAllAccessors: .IterateOverArray10

===========================================================================================
----------------- testing Mon Aug 31 15:35:58 UTC 2020 /home/travis/build/icyphy/ptII/ptolemy/actor/lib/hoc/test/auto/IterateOverArray11.xml
----------------- Instantiating /home/travis/build/icyphy/ptII/ptolemy/actor/lib/hoc/test/auto/IterateOverArray11.xml
5 ms. Memory: 129024K Free: 73287K (57%)
----------------- Invoking toplevel() on ptolemy.moml.MoMLSimpleApplication@60e0c062
----------------- Done invoking toplevel() on ptolemy.moml.MoMLSimpleApplication@60e0c062
reloadAllAccessors: .IterateOverArray11

===========================================================================================
----------------- testing Mon Aug 31 15:35:58 UTC 2020 /home/travis/build/icyphy/ptII/ptolemy/actor/lib/hoc/test/auto/IterateOverArray12.xml
----------------- Instantiating /home/travis/build/icyphy/ptII/ptolemy/actor/lib/hoc/test/auto/IterateOverArray12.xml
19 ms. Memory: 129024K Free: 67113K (52%)
----------------- Invoking toplevel() on ptolemy.moml.MoMLSimpleApplication@66bd3167
----------------- Done invoking toplevel() on ptolemy.moml.MoMLSimpleApplication@66bd3167
reloadAllAccessors: .IterateOverArray12

===========================================================================================
----------------- testing Mon Aug 31 15:35:58 UTC 2020 /home/travis/build/icyphy/ptII/ptolemy/actor/lib/hoc/test/auto/IterateOverArray13.xml
----------------- Instantiating /home/travis/build/icyphy/ptII/ptolemy/actor/lib/hoc/test/auto/IterateOverArray13.xml
78 ms. Memory: 129024K Free: 41010K (32%)
----------------- Invoking toplevel() on ptolemy.moml.MoMLSimpleApplication@118d7523
----------------- Done invoking toplevel() on ptolemy.moml.MoMLSimpleApplication@118d7523
reloadAllAccessors: .IterateOverArray13

===========================================================================================
----------------- testing Mon Aug 31 15:35:58 UTC 2020 /home/travis/build/icyphy/ptII/ptolemy/actor/lib/hoc/test/auto/IterateOverArray14.xml
----------------- Instantiating /home/travis/build/icyphy/ptII/ptolemy/actor/lib/hoc/test/auto/IterateOverArray14.xml
71 ms. Memory: 157696K Free: 109875K (70%)
----------------- Invoking toplevel() on ptolemy.moml.MoMLSimpleApplication@4912196c
----------------- Done invoking toplevel() on ptolemy.moml.MoMLSimpleApplication@4912196c
reloadAllAccessors: .IterateOverArray14

===========================================================================================
----------------- testing Mon Aug 31 15:35:58 UTC 2020 /home/travis/build/icyphy/ptII/ptolemy/actor/lib/hoc/test/auto/IterateOverArray2.xml
----------------- Instantiating /home/travis/build/icyphy/ptII/ptolemy/actor/lib/hoc/test/auto/IterateOverArray2.xml
9 ms. Memory: 157696K Free: 105265K (67%)
----------------- Invoking toplevel() on ptolemy.moml.MoMLSimpleApplication@536eb7a1
----------------- Done invoking toplevel() on ptolemy.moml.MoMLSimpleApplication@536eb7a1
reloadAllAccessors: .IterateOverArray2

===========================================================================================
----------------- testing Mon Aug 31 15:35:58 UTC 2020 /home/travis/build/icyphy/ptII/ptolemy/actor/lib/hoc/test/auto/IterateOverArray3.xml
----------------- Instantiating /home/travis/build/icyphy/ptII/ptolemy/actor/lib/hoc/test/auto/IterateOverArray3.xml
15 ms. Memory: 157696K Free: 99121K (63%)
----------------- Invoking toplevel() on ptolemy.moml.MoMLSimpleApplication@7369edc6
----------------- Done invoking toplevel() on ptolemy.moml.MoMLSimpleApplication@7369edc6
reloadAllAccessors: .IterateOverArray3

===========================================================================================
----------------- testing Mon Aug 31 15:35:58 UTC 2020 /home/travis/build/icyphy/ptII/ptolemy/actor/lib/hoc/test/auto/IterateOverArray4.xml
----------------- Instantiating /home/travis/build/icyphy/ptII/ptolemy/actor/lib/hoc/test/auto/IterateOverArray4.xml
4 ms. Memory: 157696K Free: 95025K (60%)
----------------- Invoking toplevel() on ptolemy.moml.MoMLSimpleApplication@61d15001
----------------- Done invoking toplevel() on ptolemy.moml.MoMLSimpleApplication@61d15001
reloadAllAccessors: .IterateOverArray4

===========================================================================================
----------------- testing Mon Aug 31 15:35:58 UTC 2020 /home/travis/build/icyphy/ptII/ptolemy/actor/lib/hoc/test/auto/IterateOverArray5.xml
----------------- Instantiating /home/travis/build/icyphy/ptII/ptolemy/actor/lib/hoc/test/auto/IterateOverArray5.xml
3 ms. Memory: 157696K Free: 90929K (58%)
----------------- Invoking toplevel() on ptolemy.moml.MoMLSimpleApplication@59857281
----------------- Done invoking toplevel() on ptolemy.moml.MoMLSimpleApplication@59857281
reloadAllAccessors: .IterateOverArray5

===========================================================================================
----------------- testing Mon Aug 31 15:35:58 UTC 2020 /home/travis/build/icyphy/ptII/ptolemy/actor/lib/hoc/test/auto/IterateOverArray6.xml
----------------- Instantiating /home/travis/build/icyphy/ptII/ptolemy/actor/lib/hoc/test/auto/IterateOverArray6.xml
2 ms. Memory: 157696K Free: 87347K (55%)
----------------- Invoking toplevel() on ptolemy.moml.MoMLSimpleApplication@3a684734
----------------- Done invoking toplevel() on ptolemy.moml.MoMLSimpleApplication@3a684734
reloadAllAccessors: .IterateOverArray6

===========================================================================================
----------------- testing Mon Aug 31 15:35:58 UTC 2020 /home/travis/build/icyphy/ptII/ptolemy/actor/lib/hoc/test/auto/IterateOverArray7.xml
----------------- Instantiating /home/travis/build/icyphy/ptII/ptolemy/actor/lib/hoc/test/auto/IterateOverArray7.xml
5 ms. Memory: 157696K Free: 82737K (52%)
----------------- Invoking toplevel() on ptolemy.moml.MoMLSimpleApplication@429888ad
----------------- Done invoking toplevel() on ptolemy.moml.MoMLSimpleApplication@429888ad
reloadAllAccessors: .IterateOverArray7

===========================================================================================
----------------- testing Mon Aug 31 15:35:58 UTC 2020 /home/travis/build/icyphy/ptII/ptolemy/actor/lib/hoc/test/auto/IterateOverArray8.xml
----------------- Instantiating /home/travis/build/icyphy/ptII/ptolemy/actor/lib/hoc/test/auto/IterateOverArray8.xml
5 ms. Memory: 157696K Free: 78641K (50%)
----------------- Invoking toplevel() on ptolemy.moml.MoMLSimpleApplication@3d4b018
----------------- Done invoking toplevel() on ptolemy.moml.MoMLSimpleApplication@3d4b018
reloadAllAccessors: .IterateOverArray8

===========================================================================================
----------------- testing Mon Aug 31 15:35:58 UTC 2020 /home/travis/build/icyphy/ptII/ptolemy/actor/lib/hoc/test/auto/IterateOverArray9.xml
----------------- Instantiating /home/travis/build/icyphy/ptII/ptolemy/actor/lib/hoc/test/auto/IterateOverArray9.xml
7 ms. Memory: 157696K Free: 74545K (47%)
----------------- Invoking toplevel() on ptolemy.moml.MoMLSimpleApplication@5354e301
----------------- Done invoking toplevel() on ptolemy.moml.MoMLSimpleApplication@5354e301
reloadAllAccessors: .IterateOverArray9

===========================================================================================
----------------- testing Mon Aug 31 15:35:58 UTC 2020 /home/travis/build/icyphy/ptII/ptolemy/actor/lib/hoc/test/auto/IterateOverArrayCoercedOutputType.xml
----------------- Instantiating /home/travis/build/icyphy/ptII/ptolemy/actor/lib/hoc/test/auto/IterateOverArrayCoercedOutputType.xml
6 ms. Memory: 157696K Free: 69425K (44%)
----------------- Invoking toplevel() on ptolemy.moml.MoMLSimpleApplication@26bdd4f8
----------------- Done invoking toplevel() on ptolemy.moml.MoMLSimpleApplication@26bdd4f8
reloadAllAccessors: .IterateOverArrayCoercedOutputType

===========================================================================================
----------------- testing Mon Aug 31 15:35:58 UTC 2020 /home/travis/build/icyphy/ptII/ptolemy/actor/lib/hoc/test/auto/IterateOverArrayInferredOutputType.xml
----------------- Instantiating /home/travis/build/icyphy/ptII/ptolemy/actor/lib/hoc/test/auto/IterateOverArrayInferredOutputType.xml
6 ms. Memory: 157696K Free: 64819K (41%)
----------------- Invoking toplevel() on ptolemy.moml.MoMLSimpleApplication@6d8f2bf2
----------------- Done invoking toplevel() on ptolemy.moml.MoMLSimpleApplication@6d8f2bf2
reloadAllAccessors: .IterateOverArrayInferredOutputType

===========================================================================================
----------------- testing Mon Aug 31 15:35:58 UTC 2020 /home/travis/build/icyphy/ptII/ptolemy/actor/lib/hoc/test/auto/MobileFunctionTest.xml
----------------- Instantiating /home/travis/build/icyphy/ptII/ptolemy/actor/lib/hoc/test/auto/MobileFunctionTest.xml
4 ms. Memory: 157696K Free: 60179K (38%)
----------------- Invoking toplevel() on ptolemy.moml.MoMLSimpleApplication@74a0bab3
----------------- Done invoking toplevel() on ptolemy.moml.MoMLSimpleApplication@74a0bab3
reloadAllAccessors: .MobileFunctionTest

===========================================================================================
----------------- testing Mon Aug 31 15:35:58 UTC 2020 /home/travis/build/icyphy/ptII/ptolemy/actor/lib/hoc/test/auto/MobileModelTest.xml
----------------- Instantiating /home/travis/build/icyphy/ptII/ptolemy/actor/lib/hoc/test/auto/MobileModelTest.xml
139 ms. Memory: 157696K Free: 128529K (82%)
----------------- Invoking toplevel() on ptolemy.moml.MoMLSimpleApplication@15f33d75
----------------- Done invoking toplevel() on ptolemy.moml.MoMLSimpleApplication@15f33d75
reloadAllAccessors: .MobileModelTest

===========================================================================================
----------------- testing Mon Aug 31 15:35:59 UTC 2020 /home/travis/build/icyphy/ptII/ptolemy/actor/lib/hoc/test/auto/ModelReference.xml
----------------- Instantiating /home/travis/build/icyphy/ptII/ptolemy/actor/lib/hoc/test/auto/ModelReference.xml
2 ms. Memory: 157696K Free: 121721K (77%)
2 ms. Memory: 157696K Free: 121260K (77%)
2 ms. Memory: 157696K Free: 120236K (76%)
1 ms. Memory: 157696K Free: 119220K (76%)
1 ms. Memory: 157696K Free: 118649K (75%)
1 ms. Memory: 157696K Free: 117625K (75%)
1 ms. Memory: 157696K Free: 117140K (74%)
5 ms. Memory: 157696K Free: 116130K (74%)
1 ms. Memory: 157696K Free: 115130K (73%)
2 ms. Memory: 157696K Free: 114561K (73%)
30 ms. Memory: 157696K Free: 114561K (73%)
----------------- Invoking toplevel() on ptolemy.moml.MoMLSimpleApplication@6db9aded
----------------- Done invoking toplevel() on ptolemy.moml.MoMLSimpleApplication@6db9aded
reloadAllAccessors: .ModelReference

===========================================================================================
----------------- testing Mon Aug 31 15:35:59 UTC 2020 /home/travis/build/icyphy/ptII/ptolemy/actor/lib/hoc/test/auto/ModelReference3.xml
----------------- Instantiating /home/travis/build/icyphy/ptII/ptolemy/actor/lib/hoc/test/auto/ModelReference3.xml
1 ms. Memory: 157696K Free: 109988K (70%)
4 ms. Memory: 157696K Free: 109433K (69%)
2 ms. Memory: 157696K Free: 108439K (69%)
2 ms. Memory: 157696K Free: 107878K (68%)
1 ms. Memory: 157696K Free: 106932K (68%)
1 ms. Memory: 157696K Free: 105908K (67%)
3 ms. Memory: 157696K Free: 105337K (67%)
3 ms. Memory: 157696K Free: 104343K (66%)
2 ms. Memory: 157696K Free: 103782K (66%)
1 ms. Memory: 157696K Free: 102836K (65%)
30 ms. Memory: 157696K Free: 102836K (65%)
----------------- Invoking toplevel() on ptolemy.moml.MoMLSimpleApplication@56ea9ff
----------------- Done invoking toplevel() on ptolemy.moml.MoMLSimpleApplication@56ea9ff
reloadAllAccessors: .ModelReference3

===========================================================================================
----------------- testing Mon Aug 31 15:35:59 UTC 2020 /home/travis/build/icyphy/ptII/ptolemy/actor/lib/hoc/test/auto/ModelReference4.xml
----------------- Instantiating /home/travis/build/icyphy/ptII/ptolemy/actor/lib/hoc/test/auto/ModelReference4.xml
1 ms. Memory: 157696K Free: 98169K (62%)
2 ms. Memory: 157696K Free: 96692K (61%)
2 ms. Memory: 157696K Free: 95660K (61%)
2 ms. Memory: 157696K Free: 94095K (60%)
2 ms. Memory: 157696K Free: 92580K (59%)
7 ms. Memory: 157696K Free: 91548K (58%)
2 ms. Memory: 157696K Free: 89953K (57%)
1 ms. Memory: 157696K Free: 88953K (56%)
2 ms. Memory: 157696K Free: 87476K (55%)
7 ms. Memory: 157696K Free: 86444K (55%)
10016 ms. Memory: 157696K Free: 86444K (55%)
----------------- Invoking toplevel() on ptolemy.moml.MoMLSimpleApplication@5518727d
----------------- Done invoking toplevel() on ptolemy.moml.MoMLSimpleApplication@5518727d
reloadAllAccessors: .ModelReference4

===========================================================================================
----------------- testing Mon Aug 31 15:36:09 UTC 2020 /home/travis/build/icyphy/ptII/ptolemy/actor/lib/hoc/test/auto/MultiInstanceComposite.xml
----------------- Instantiating /home/travis/build/icyphy/ptII/ptolemy/actor/lib/hoc/test/auto/MultiInstanceComposite.xml
24 ms. Memory: 157696K Free: 67018K (42%)
----------------- Invoking toplevel() on ptolemy.moml.MoMLSimpleApplication@2a860884
----------------- Done invoking toplevel() on ptolemy.moml.MoMLSimpleApplication@2a860884
reloadAllAccessors: .MultiInstanceComposite

===========================================================================================
----------------- testing Mon Aug 31 15:36:09 UTC 2020 /home/travis/build/icyphy/ptII/ptolemy/actor/lib/hoc/test/auto/MultiInstanceComposite2.xml
----------------- Instantiating /home/travis/build/icyphy/ptII/ptolemy/actor/lib/hoc/test/auto/MultiInstanceComposite2.xml
15 ms. Memory: 157696K Free: 55732K (35%)
----------------- Invoking toplevel() on ptolemy.moml.MoMLSimpleApplication@78a66e09
----------------- Done invoking toplevel() on ptolemy.moml.MoMLSimpleApplication@78a66e09
reloadAllAccessors: .MultiInstanceComposite2

===========================================================================================
----------------- testing Mon Aug 31 15:36:09 UTC 2020 /home/travis/build/icyphy/ptII/ptolemy/actor/lib/hoc/test/auto/MulticoreExecution.xml
----------------- Instantiating /home/travis/build/icyphy/ptII/ptolemy/actor/lib/hoc/test/auto/MulticoreExecution.xml
Fired ExecutionTime: 2400000
Fired ExecutionTime: 2400000
Fired ExecutionTime: 2400000
Fired ExecutionTime: 4000000
Fired ExecutionTime: 82400000
Fired ExecutionTime: 108800000
Fired ExecutionTime: 108000000
Fired ExecutionTime: 108800000
Fired ExecutionTime: 108400000
Fired ExecutionTime: 110800000
Fired ExecutionTime: 108800000
Fired ExecutionTime: 112800000
Fired ExecutionTime: 108400000
Fired ExecutionTime: 107200000
Fired ExecutionTime: 108000000
Fired ExecutionTime: 106000000
Fired ExecutionTime: 108000000
Fired ExecutionTime: 108400000
Fired ExecutionTime: 106800000
Fired ExecutionTime: 99200000
1049 ms. Memory: 157696K Free: 139449K (88%)
----------------- Invoking toplevel() on ptolemy.moml.MoMLSimpleApplication@5b81cc02
----------------- Done invoking toplevel() on ptolemy.moml.MoMLSimpleApplication@5b81cc02
reloadAllAccessors: .MulticoreExecution

===========================================================================================
----------------- testing Mon Aug 31 15:36:10 UTC 2020 /home/travis/build/icyphy/ptII/ptolemy/actor/lib/hoc/test/auto/ParallelExecution.xml
----------------- Instantiating /home/travis/build/icyphy/ptII/ptolemy/actor/lib/hoc/test/auto/ParallelExecution.xml
915 ms. Memory: 157696K Free: 132281K (84%)
----------------- Invoking toplevel() on ptolemy.moml.MoMLSimpleApplication@3f7aaf82
----------------- Done invoking toplevel() on ptolemy.moml.MoMLSimpleApplication@3f7aaf82
reloadAllAccessors: .ParallelExecution

===========================================================================================
----------------- testing Mon Aug 31 15:36:11 UTC 2020 /home/travis/build/icyphy/ptII/ptolemy/actor/lib/hoc/test/auto/RunCompositeActor.xml
----------------- Instantiating /home/travis/build/icyphy/ptII/ptolemy/actor/lib/hoc/test/auto/RunCompositeActor.xml
7 ms. Memory: 157696K Free: 125197K (79%)
----------------- Invoking toplevel() on ptolemy.moml.MoMLSimpleApplication@6affb519
----------------- Done invoking toplevel() on ptolemy.moml.MoMLSimpleApplication@6affb519
reloadAllAccessors: .RunCompositeActor

===========================================================================================
----------------- testing Mon Aug 31 15:36:11 UTC 2020 /home/travis/build/icyphy/ptII/ptolemy/actor/lib/hoc/test/auto/RunCompositeActor2.xml
----------------- Instantiating /home/travis/build/icyphy/ptII/ptolemy/actor/lib/hoc/test/auto/RunCompositeActor2.xml
4 ms. Memory: 157696K Free: 119031K (75%)
----------------- Invoking toplevel() on ptolemy.moml.MoMLSimpleApplication@573c7912
----------------- Done invoking toplevel() on ptolemy.moml.MoMLSimpleApplication@573c7912
reloadAllAccessors: .RunCompositeActor2

===========================================================================================
----------------- testing Mon Aug 31 15:36:11 UTC 2020 /home/travis/build/icyphy/ptII/ptolemy/actor/lib/hoc/test/auto/RunCompositeActor3.xml
----------------- Instantiating /home/travis/build/icyphy/ptII/ptolemy/actor/lib/hoc/test/auto/RunCompositeActor3.xml
3 ms. Memory: 157696K Free: 113356K (72%)
----------------- Invoking toplevel() on ptolemy.moml.MoMLSimpleApplication@3fda2b85
----------------- Done invoking toplevel() on ptolemy.moml.MoMLSimpleApplication@3fda2b85
reloadAllAccessors: .RunCompositeActor3

===========================================================================================
----------------- testing Mon Aug 31 15:36:11 UTC 2020 /home/travis/build/icyphy/ptII/ptolemy/actor/lib/hoc/test/auto/RunCompositeActor4.xml
----------------- Instantiating /home/travis/build/icyphy/ptII/ptolemy/actor/lib/hoc/test/auto/RunCompositeActor4.xml
12 ms. Memory: 157696K Free: 105194K (67%)
----------------- Invoking toplevel() on ptolemy.moml.MoMLSimpleApplication@33844429
----------------- Done invoking toplevel() on ptolemy.moml.MoMLSimpleApplication@33844429
reloadAllAccessors: .RunCompositeActor4

===========================================================================================
----------------- testing Mon Aug 31 15:36:11 UTC 2020 /home/travis/build/icyphy/ptII/ptolemy/actor/lib/hoc/test/auto/RunCompositeIterateOverArray.xml
----------------- Instantiating /home/travis/build/icyphy/ptII/ptolemy/actor/lib/hoc/test/auto/RunCompositeIterateOverArray.xml
4 ms. Memory: 157696K Free: 99513K (63%)
----------------- Invoking toplevel() on ptolemy.moml.MoMLSimpleApplication@7eb280ee
----------------- Done invoking toplevel() on ptolemy.moml.MoMLSimpleApplication@7eb280ee
reloadAllAccessors: .RunCompositeIterateOverArray

===========================================================================================
----------------- testing Mon Aug 31 15:36:11 UTC 2020 /home/travis/build/icyphy/ptII/ptolemy/actor/lib/hoc/test/auto/ThreadedJS.xml
----------------- Instantiating /home/travis/build/icyphy/ptII/ptolemy/actor/lib/hoc/test/auto/ThreadedJS.xml
5337 ms. Memory: 202752K Free: 90372K (45%)
----------------- Invoking toplevel() on ptolemy.moml.MoMLSimpleApplication@4d5d8ad0
----------------- Done invoking toplevel() on ptolemy.moml.MoMLSimpleApplication@4d5d8ad0
reloadAllAccessors: .ThreadedJS
AutoTests.java: About to close Vertx.
AutoTests.java: Vertx closed.
]]></system-out>
  <system-err><![CDATA[java.lang.RuntimeException: Execution failed
	at ptolemy.moml.MoMLSimpleApplication$UnloadThread.run(MoMLSimpleApplication.java:402)
Caused by: ptolemy.kernel.util.IllegalActionException: initialize() was called after wrapup() was called but preinitialize() was not called after wrapup().
	at ptolemy.actor.lib.hoc.test.PreinitializeMustBeInvoked.initialize(PreinitializeMustBeInvoked.java:78)
	at ptolemy.actor.Director.initialize(Director.java:938)
	at ptolemy.actor.Director.initialize(Director.java:907)
	at ptolemy.actor.sched.StaticSchedulingDirector.initialize(StaticSchedulingDirector.java:159)
	at ptolemy.domains.sdf.kernel.SDFDirector.initialize(SDFDirector.java:544)
	at ptolemy.actor.CompositeActor.initialize(CompositeActor.java:935)
	at ptolemy.actor.lib.hoc.LifeCycleManager._executeInsideModel(LifeCycleManager.java:339)
	at ptolemy.actor.lib.hoc.RunCompositeActor.fire(RunCompositeActor.java:205)
	at ptolemy.actor.CompositeActor.iterate(CompositeActor.java:1146)
	at ptolemy.actor.sched.StaticSchedulingDirector.fire(StaticSchedulingDirector.java:216)
	at ptolemy.domains.sdf.kernel.SDFDirector.fire(SDFDirector.java:500)
	at ptolemy.actor.CompositeActor.fire(CompositeActor.java:455)
	at ptolemy.actor.Manager.iterate(Manager.java:851)
	at ptolemy.actor.Manager.execute(Manager.java:369)
	at ptolemy.actor.Manager.run(Manager.java:1263)
	at ptolemy.actor.Manager$PtolemyRunThread.run(Manager.java:1933)
java.lang.reflect.InvocationTargetException
	at java.base/jdk.internal.reflect.NativeConstructorAccessorImpl.newInstance0(Native Method)
	at java.base/jdk.internal.reflect.NativeConstructorAccessorImpl.newInstance(NativeConstructorAccessorImpl.java:62)
	at java.base/jdk.internal.reflect.DelegatingConstructorAccessorImpl.newInstance(DelegatingConstructorAccessorImpl.java:45)
	at java.base/java.lang.reflect.Constructor.newInstance(Constructor.java:490)
	at ptolemy.util.test.junit.AutoKnownFailedTests.RunModel(AutoKnownFailedTests.java:105)
	at java.base/jdk.internal.reflect.NativeMethodAccessorImpl.invoke0(Native Method)
	at java.base/jdk.internal.reflect.NativeMethodAccessorImpl.invoke(NativeMethodAccessorImpl.java:62)
	at java.base/jdk.internal.reflect.DelegatingMethodAccessorImpl.invoke(DelegatingMethodAccessorImpl.java:43)
	at java.base/java.lang.reflect.Method.invoke(Method.java:566)
	at org.junit.runners.model.FrameworkMethod$1.runReflectiveCall(FrameworkMethod.java:44)
	at org.junit.internal.runners.model.ReflectiveCallable.run(ReflectiveCallable.java:15)
	at org.junit.runners.model.FrameworkMethod.invokeExplosively(FrameworkMethod.java:41)
	at junitparams.internal.InvokeParameterisedMethod.evaluate(InvokeParameterisedMethod.java:102)
	at org.junit.internal.runners.statements.FailOnTimeout$1.run(FailOnTimeout.java:28)
Caused by: ptolemy.kernel.util.IllegalActionException: initialize() was called after wrapup() was called but preinitialize() was not called after wrapup().
	at ptolemy.actor.lib.hoc.test.PreinitializeMustBeInvoked.initialize(PreinitializeMustBeInvoked.java:78)
	at ptolemy.actor.Director.initialize(Director.java:938)
	at ptolemy.actor.Director.initialize(Director.java:907)
	at ptolemy.actor.sched.StaticSchedulingDirector.initialize(StaticSchedulingDirector.java:159)
	at ptolemy.domains.sdf.kernel.SDFDirector.initialize(SDFDirector.java:544)
	at ptolemy.actor.CompositeActor.initialize(CompositeActor.java:935)
	at ptolemy.actor.lib.hoc.LifeCycleManager._executeInsideModel(LifeCycleManager.java:339)
	at ptolemy.actor.lib.hoc.RunCompositeActor.fire(RunCompositeActor.java:205)
	at ptolemy.actor.CompositeActor.iterate(CompositeActor.java:1146)
	at ptolemy.actor.sched.StaticSchedulingDirector.fire(StaticSchedulingDirector.java:216)
	at ptolemy.domains.sdf.kernel.SDFDirector.fire(SDFDirector.java:500)
	at ptolemy.actor.CompositeActor.fire(CompositeActor.java:455)
	at ptolemy.actor.Manager.iterate(Manager.java:851)
	at ptolemy.actor.Manager.execute(Manager.java:369)
	at ptolemy.actor.Manager.run(Manager.java:1263)
	at ptolemy.actor.Manager$PtolemyRunThread.run(Manager.java:1933)
Warning: Nashorn engine is planned to be removed from a future JDK release
Warning: Nashorn engine is planned to be removed from a future JDK release
Warning: Nashorn engine is planned to be removed from a future JDK release
Warning: Nashorn engine is planned to be removed from a future JDK release
Warning: Nashorn engine is planned to be removed from a future JDK release
Warning: Nashorn engine is planned to be removed from a future JDK release
Warning: Nashorn engine is planned to be removed from a future JDK release
Warning: Nashorn engine is planned to be removed from a future JDK release
]]></system-err>
</testsuite>
