<?xml version="1.0" encoding="UTF-8" ?>
<testsuite errors="0" failures="0" hostname="travis-job-1bd766dd-92f8-478a-8b18-f87fc338b575" name="ptolemy.domains.de.test.junit.JUnitTclTest" skipped="0" tests="101" time="135.175" timestamp="2018-08-12T01:51:50">
  <properties>
[...]
</properties>
  <testcase classname="ptolemy.util.test.junit.TclTests" name="[0] /home/travis/build/icyphy/ptII/ptolemy/domains/de/test/DependencyLoop.tcl (RunTclFile)" time="0.875" />
  <testcase classname="ptolemy.util.test.junit.TclTests" name="[1] /home/travis/build/icyphy/ptII/ptolemy/domains/de/test/RunDETestsAsQSS.tcl (RunTclFile)" time="94.381" />
  <testcase classname="ptolemy.util.test.junit.AutoKnownFailedTests" name="[0] /home/travis/build/icyphy/ptII/ptolemy/domains/de/test/auto/knownFailedTests/DESDFClockTest.xml (RunModel)" time="2.037" />
  <testcase classname="ptolemy.util.test.junit.AutoKnownFailedTests" name="[1] /home/travis/build/icyphy/ptII/ptolemy/domains/de/test/auto/knownFailedTests/DirectFeedback.xml (RunModel)" time="0.016" />
  <testcase classname="ptolemy.util.test.junit.AutoKnownFailedTests" name="[2] /home/travis/build/icyphy/ptII/ptolemy/domains/de/test/auto/knownFailedTests/FSMSource.xml (RunModel)" time="0.03" />
  <testcase classname="ptolemy.util.test.junit.AutoKnownFailedTests" name="[3] /home/travis/build/icyphy/ptII/ptolemy/domains/de/test/auto/knownFailedTests/HierarchicalModel.xml (RunModel)" time="0.036" />
  <testcase classname="ptolemy.util.test.junit.AutoKnownFailedTests" name="[4] /home/travis/build/icyphy/ptII/ptolemy/domains/de/test/auto/knownFailedTests/dependencyLoop.xml (RunModel)" time="0.059" />
  <testcase classname="ptolemy.util.test.junit.AutoKnownFailedTests" name="[5] /home/travis/build/icyphy/ptII/ptolemy/domains/de/test/auto/knownFailedTests/dependencyLoop2.xml (RunModel)" time="0.049" />
  <testcase classname="ptolemy.util.test.junit.AutoNameArchTests" name="[0] ThereAreNoAutoArchTests (RunModel)" time="0.0" />
  <testcase classname="ptolemy.util.test.junit.AutoTests" name="[0] /home/travis/build/icyphy/ptII/ptolemy/domains/de/test/auto/ActorDepthCalculation_actorWithoutPorts.xml (RunModel)" time="0.023" />
  <testcase classname="ptolemy.util.test.junit.AutoTests" name="[1] /home/travis/build/icyphy/ptII/ptolemy/domains/de/test/auto/AssemblyLine.xml (RunModel)" time="0.027" />
  <testcase classname="ptolemy.util.test.junit.AutoTests" name="[2] /home/travis/build/icyphy/ptII/ptolemy/domains/de/test/auto/CQBug1.xml (RunModel)" time="0.01" />
  <testcase classname="ptolemy.util.test.junit.AutoTests" name="[3] /home/travis/build/icyphy/ptII/ptolemy/domains/de/test/auto/CancelFireAt.xml (RunModel)" time="0.009" />
  <testcase classname="ptolemy.util.test.junit.AutoTests" name="[4] /home/travis/build/icyphy/ptII/ptolemy/domains/de/test/auto/CausalityAndComposabilityAnalysis.xml (RunModel)" time="0.013" />
  <testcase classname="ptolemy.util.test.junit.AutoTests" name="[5] /home/travis/build/icyphy/ptII/ptolemy/domains/de/test/auto/CausalityInterface1.xml (RunModel)" time="0.017" />
  <testcase classname="ptolemy.util.test.junit.AutoTests" name="[6] /home/travis/build/icyphy/ptII/ptolemy/domains/de/test/auto/CausalityInterface15.xml (RunModel)" time="0.019" />
  <testcase classname="ptolemy.util.test.junit.AutoTests" name="[7] /home/travis/build/icyphy/ptII/ptolemy/domains/de/test/auto/CausalityInterface2.xml (RunModel)" time="0.014" />
  <testcase classname="ptolemy.util.test.junit.AutoTests" name="[8] /home/travis/build/icyphy/ptII/ptolemy/domains/de/test/auto/CausalityInterface3.xml (RunModel)" time="0.015" />
  <testcase classname="ptolemy.util.test.junit.AutoTests" name="[9] /home/travis/build/icyphy/ptII/ptolemy/domains/de/test/auto/ClockDrift.xml (RunModel)" time="0.037" />
  <testcase classname="ptolemy.util.test.junit.AutoTests" name="[10] /home/travis/build/icyphy/ptII/ptolemy/domains/de/test/auto/ClockDriftAndValueChange.xml (RunModel)" time="0.035" />
  <testcase classname="ptolemy.util.test.junit.AutoTests" name="[11] /home/travis/build/icyphy/ptII/ptolemy/domains/de/test/auto/ClockDriftChange.xml (RunModel)" time="0.031" />
  <testcase classname="ptolemy.util.test.junit.AutoTests" name="[12] /home/travis/build/icyphy/ptII/ptolemy/domains/de/test/auto/ComposableCausalityAnalysis.xml (RunModel)" time="0.018" />
  <testcase classname="ptolemy.util.test.junit.AutoTests" name="[13] /home/travis/build/icyphy/ptII/ptolemy/domains/de/test/auto/DEFixedPointLimitation.xml (RunModel)" time="0.012" />
  <testcase classname="ptolemy.util.test.junit.AutoTests" name="[14] /home/travis/build/icyphy/ptII/ptolemy/domains/de/test/auto/DEScheduleTest.xml (RunModel)" time="0.036" />
  <testcase classname="ptolemy.util.test.junit.AutoTests" name="[15] /home/travis/build/icyphy/ptII/ptolemy/domains/de/test/auto/DEinDEwithStartTimes.xml (RunModel)" time="0.02" />
  <testcase classname="ptolemy.util.test.junit.AutoTests" name="[16] /home/travis/build/icyphy/ptII/ptolemy/domains/de/test/auto/DEinDEwithStartTimes2.xml (RunModel)" time="0.019" />
  <testcase classname="ptolemy.util.test.junit.AutoTests" name="[17] /home/travis/build/icyphy/ptII/ptolemy/domains/de/test/auto/DateDemo.xml (RunModel)" time="0.037" />
  <testcase classname="ptolemy.util.test.junit.AutoTests" name="[18] /home/travis/build/icyphy/ptII/ptolemy/domains/de/test/auto/DateToEvent.xml (RunModel)" time="2.049" />
  <testcase classname="ptolemy.util.test.junit.AutoTests" name="[19] /home/travis/build/icyphy/ptII/ptolemy/domains/de/test/auto/DepthTest1.xml (RunModel)" time="0.008" />
  <testcase classname="ptolemy.util.test.junit.AutoTests" name="[20] /home/travis/build/icyphy/ptII/ptolemy/domains/de/test/auto/DepthTest2.xml (RunModel)" time="0.016" />
  <testcase classname="ptolemy.util.test.junit.AutoTests" name="[21] /home/travis/build/icyphy/ptII/ptolemy/domains/de/test/auto/DepthTest3.xml (RunModel)" time="0.005" />
  <testcase classname="ptolemy.util.test.junit.AutoTests" name="[22] /home/travis/build/icyphy/ptII/ptolemy/domains/de/test/auto/DepthTest4.xml (RunModel)" time="0.007" />
  <testcase classname="ptolemy.util.test.junit.AutoTests" name="[23] /home/travis/build/icyphy/ptII/ptolemy/domains/de/test/auto/DepthTest5.xml (RunModel)" time="0.009" />
  <testcase classname="ptolemy.util.test.junit.AutoTests" name="[24] /home/travis/build/icyphy/ptII/ptolemy/domains/de/test/auto/DepthTest6.xml (RunModel)" time="0.011" />
  <testcase classname="ptolemy.util.test.junit.AutoTests" name="[25] /home/travis/build/icyphy/ptII/ptolemy/domains/de/test/auto/DepthTest7.xml (RunModel)" time="0.008" />
  <testcase classname="ptolemy.util.test.junit.AutoTests" name="[26] /home/travis/build/icyphy/ptII/ptolemy/domains/de/test/auto/EventToDate.xml (RunModel)" time="3.027" />
  <testcase classname="ptolemy.util.test.junit.AutoTests" name="[27] /home/travis/build/icyphy/ptII/ptolemy/domains/de/test/auto/FSM1.xml (RunModel)" time="0.024" />
  <testcase classname="ptolemy.util.test.junit.AutoTests" name="[28] /home/travis/build/icyphy/ptII/ptolemy/domains/de/test/auto/FSM7.xml (RunModel)" time="0.022" />
  <testcase classname="ptolemy.util.test.junit.AutoTests" name="[29] /home/travis/build/icyphy/ptII/ptolemy/domains/de/test/auto/Inspection.xml (RunModel)" time="0.025" />
  <testcase classname="ptolemy.util.test.junit.AutoTests" name="[30] /home/travis/build/icyphy/ptII/ptolemy/domains/de/test/auto/Iteration.xml (RunModel)" time="0.012" />
  <testcase classname="ptolemy.util.test.junit.AutoTests" name="[31] /home/travis/build/icyphy/ptII/ptolemy/domains/de/test/auto/LineFault.xml (RunModel)" time="0.365" />
  <testcase classname="ptolemy.util.test.junit.AutoTests" name="[32] /home/travis/build/icyphy/ptII/ptolemy/domains/de/test/auto/MergeModel1Add.xml (RunModel)" time="0.049" />
  <testcase classname="ptolemy.util.test.junit.AutoTests" name="[33] /home/travis/build/icyphy/ptII/ptolemy/domains/de/test/auto/MergeModel2Add.xml (RunModel)" time="0.044" />
  <testcase classname="ptolemy.util.test.junit.AutoTests" name="[34] /home/travis/build/icyphy/ptII/ptolemy/domains/de/test/auto/MergeModel3Add.xml (RunModel)" time="0.046" />
  <testcase classname="ptolemy.util.test.junit.AutoTests" name="[35] /home/travis/build/icyphy/ptII/ptolemy/domains/de/test/auto/MergeWithoutDiscard.xml (RunModel)" time="0.011" />
  <testcase classname="ptolemy.util.test.junit.AutoTests" name="[36] /home/travis/build/icyphy/ptII/ptolemy/domains/de/test/auto/Modal1.xml (RunModel)" time="0.029" />
  <testcase classname="ptolemy.util.test.junit.AutoTests" name="[37] /home/travis/build/icyphy/ptII/ptolemy/domains/de/test/auto/Modal2.xml (RunModel)" time="0.033" />
  <testcase classname="ptolemy.util.test.junit.AutoTests" name="[38] /home/travis/build/icyphy/ptII/ptolemy/domains/de/test/auto/Modal3.xml (RunModel)" time="0.034" />
  <testcase classname="ptolemy.util.test.junit.AutoTests" name="[39] /home/travis/build/icyphy/ptII/ptolemy/domains/de/test/auto/Modal4.xml (RunModel)" time="0.037" />
  <testcase classname="ptolemy.util.test.junit.AutoTests" name="[40] /home/travis/build/icyphy/ptII/ptolemy/domains/de/test/auto/Modal5.xml (RunModel)" time="0.034" />
  <testcase classname="ptolemy.util.test.junit.AutoTests" name="[41] /home/travis/build/icyphy/ptII/ptolemy/domains/de/test/auto/Modal6.xml (RunModel)" time="0.031" />
  <testcase classname="ptolemy.util.test.junit.AutoTests" name="[42] /home/travis/build/icyphy/ptII/ptolemy/domains/de/test/auto/Modal7.xml (RunModel)" time="0.032" />
  <testcase classname="ptolemy.util.test.junit.AutoTests" name="[43] /home/travis/build/icyphy/ptII/ptolemy/domains/de/test/auto/ModalModel.xml (RunModel)" time="0.142" />
  <testcase classname="ptolemy.util.test.junit.AutoTests" name="[44] /home/travis/build/icyphy/ptII/ptolemy/domains/de/test/auto/ModalSource.xml (RunModel)" time="0.02" />
  <testcase classname="ptolemy.util.test.junit.AutoTests" name="[45] /home/travis/build/icyphy/ptII/ptolemy/domains/de/test/auto/NonInterruptibleTimerZeroDelay.xml (RunModel)" time="0.011" />
  <testcase classname="ptolemy.util.test.junit.AutoTests" name="[46] /home/travis/build/icyphy/ptII/ptolemy/domains/de/test/auto/OpenQueueingNetwork.xml (RunModel)" time="1.942" />
  <testcase classname="ptolemy.util.test.junit.AutoTests" name="[47] /home/travis/build/icyphy/ptII/ptolemy/domains/de/test/auto/OpenQueuingNetwork.xml (RunModel)" time="0.267" />
  <testcase classname="ptolemy.util.test.junit.AutoTests" name="[48] /home/travis/build/icyphy/ptII/ptolemy/domains/de/test/auto/PeriodicSampler.xml (RunModel)" time="0.009" />
  <testcase classname="ptolemy.util.test.junit.AutoTests" name="[49] /home/travis/build/icyphy/ptII/ptolemy/domains/de/test/auto/PersistentIO.xml (RunModel)" time="0.031" />
  <testcase classname="ptolemy.util.test.junit.AutoTests" name="[50] /home/travis/build/icyphy/ptII/ptolemy/domains/de/test/auto/PortParameterResetOnInitialize.xml (RunModel)" time="0.01" />
  <testcase classname="ptolemy.util.test.junit.AutoTests" name="[51] /home/travis/build/icyphy/ptII/ptolemy/domains/de/test/auto/PortParameterUpdates.xml (RunModel)" time="0.015" />
  <testcase classname="ptolemy.util.test.junit.AutoTests" name="[52] /home/travis/build/icyphy/ptII/ptolemy/domains/de/test/auto/QueueAndServer.xml (RunModel)" time="0.024" />
  <testcase classname="ptolemy.util.test.junit.AutoTests" name="[53] /home/travis/build/icyphy/ptII/ptolemy/domains/de/test/auto/Records.xml (RunModel)" time="0.017" />
  <testcase classname="ptolemy.util.test.junit.AutoTests" name="[54] /home/travis/build/icyphy/ptII/ptolemy/domains/de/test/auto/ResetTransitionWithStartTime1.xml (RunModel)" time="0.021" />
  <testcase classname="ptolemy.util.test.junit.AutoTests" name="[55] /home/travis/build/icyphy/ptII/ptolemy/domains/de/test/auto/ResetTransitionWithStartTime2.xml (RunModel)" time="0.024" />
  <testcase classname="ptolemy.util.test.junit.AutoTests" name="[56] /home/travis/build/icyphy/ptII/ptolemy/domains/de/test/auto/ResetTransitionWithStartTime3.xml (RunModel)" time="0.029" />
  <testcase classname="ptolemy.util.test.junit.AutoTests" name="[57] /home/travis/build/icyphy/ptII/ptolemy/domains/de/test/auto/ResetTransitionWithStartTime4.xml (RunModel)" time="0.028" />
  <testcase classname="ptolemy.util.test.junit.AutoTests" name="[58] /home/travis/build/icyphy/ptII/ptolemy/domains/de/test/auto/ResettableTimer1.xml (RunModel)" time="0.02" />
  <testcase classname="ptolemy.util.test.junit.AutoTests" name="[59] /home/travis/build/icyphy/ptII/ptolemy/domains/de/test/auto/ResettableTimer2.xml (RunModel)" time="0.02" />
  <testcase classname="ptolemy.util.test.junit.AutoTests" name="[60] /home/travis/build/icyphy/ptII/ptolemy/domains/de/test/auto/ResettableTimer3.xml (RunModel)" time="0.012" />
  <testcase classname="ptolemy.util.test.junit.AutoTests" name="[61] /home/travis/build/icyphy/ptII/ptolemy/domains/de/test/auto/ResettableTimer4.xml (RunModel)" time="0.015" />
  <testcase classname="ptolemy.util.test.junit.AutoTests" name="[62] /home/travis/build/icyphy/ptII/ptolemy/domains/de/test/auto/ResettableTimer5.xml (RunModel)" time="0.011" />
  <testcase classname="ptolemy.util.test.junit.AutoTests" name="[63] /home/travis/build/icyphy/ptII/ptolemy/domains/de/test/auto/ResettableTimer6.xml (RunModel)" time="0.01" />
  <testcase classname="ptolemy.util.test.junit.AutoTests" name="[64] /home/travis/build/icyphy/ptII/ptolemy/domains/de/test/auto/ServerZeroDelay.xml (RunModel)" time="0.011" />
  <testcase classname="ptolemy.util.test.junit.AutoTests" name="[65] /home/travis/build/icyphy/ptII/ptolemy/domains/de/test/auto/SmartSender.xml (RunModel)" time="3.011" />
  <testcase classname="ptolemy.util.test.junit.AutoTests" name="[66] /home/travis/build/icyphy/ptII/ptolemy/domains/de/test/auto/ThreadedComposite.xml (RunModel)" time="0.274" />
  <testcase classname="ptolemy.util.test.junit.AutoTests" name="[67] /home/travis/build/icyphy/ptII/ptolemy/domains/de/test/auto/Time.xml (RunModel)" time="0.522" />
  <testcase classname="ptolemy.util.test.junit.AutoTests" name="[68] /home/travis/build/icyphy/ptII/ptolemy/domains/de/test/auto/TimeDelayZeroDelay.xml (RunModel)" time="0.012" />
  <testcase classname="ptolemy.util.test.junit.AutoTests" name="[69] /home/travis/build/icyphy/ptII/ptolemy/domains/de/test/auto/TimerZeroDelay.xml (RunModel)" time="0.016" />
  <testcase classname="ptolemy.util.test.junit.AutoTests" name="[70] /home/travis/build/icyphy/ptII/ptolemy/domains/de/test/auto/TimingParadox.xml (RunModel)" time="0.468" />
  <testcase classname="ptolemy.util.test.junit.AutoTests" name="[71] /home/travis/build/icyphy/ptII/ptolemy/domains/de/test/auto/TransferInputs.xml (RunModel)" time="0.013" />
  <testcase classname="ptolemy.util.test.junit.AutoTests" name="[72] /home/travis/build/icyphy/ptII/ptolemy/domains/de/test/auto/TransferOutputs2.xml (RunModel)" time="0.018" />
  <testcase classname="ptolemy.util.test.junit.AutoTests" name="[73] /home/travis/build/icyphy/ptII/ptolemy/domains/de/test/auto/Trilateration.xml (RunModel)" time="11.335" />
  <testcase classname="ptolemy.util.test.junit.AutoTests" name="[74] /home/travis/build/icyphy/ptII/ptolemy/domains/de/test/auto/TwoSigmaDelta.xml (RunModel)" time="2.341" />
  <testcase classname="ptolemy.util.test.junit.AutoTests" name="[75] /home/travis/build/icyphy/ptII/ptolemy/domains/de/test/auto/VariableDelay.xml (RunModel)" time="0.013" />
  <testcase classname="ptolemy.util.test.junit.AutoTests" name="[76] /home/travis/build/icyphy/ptII/ptolemy/domains/de/test/auto/VariableDelay2.xml (RunModel)" time="0.009" />
  <testcase classname="ptolemy.util.test.junit.AutoTests" name="[77] /home/travis/build/icyphy/ptII/ptolemy/domains/de/test/auto/VariableDelayZeroDelay.xml (RunModel)" time="0.01" />
  <testcase classname="ptolemy.util.test.junit.AutoTests" name="[78] /home/travis/build/icyphy/ptII/ptolemy/domains/de/test/auto/VariableDelayZeroDelay2.xml (RunModel)" time="0.017" />
  <testcase classname="ptolemy.util.test.junit.AutoTests" name="[79] /home/travis/build/icyphy/ptII/ptolemy/domains/de/test/auto/deInCt.xml (RunModel)" time="0.018" />
  <testcase classname="ptolemy.util.test.junit.AutoTests" name="[80] /home/travis/build/icyphy/ptII/ptolemy/domains/de/test/auto/deInCt2.xml (RunModel)" time="0.027" />
  <testcase classname="ptolemy.util.test.junit.AutoTests" name="[81] /home/travis/build/icyphy/ptII/ptolemy/domains/de/test/auto/dynamicCausalityInterface1.xml (RunModel)" time="0.021" />
  <testcase classname="ptolemy.util.test.junit.AutoTests" name="[82] /home/travis/build/icyphy/ptII/ptolemy/domains/de/test/auto/fsm_de_test.xml (RunModel)" time="0.029" />
  <testcase classname="ptolemy.util.test.junit.AutoTests" name="[83] /home/travis/build/icyphy/ptII/ptolemy/domains/de/test/auto/functionDependencyReconstruction.xml (RunModel)" time="0.042" />
  <testcase classname="ptolemy.util.test.junit.AutoTests" name="[84] /home/travis/build/icyphy/ptII/ptolemy/domains/de/test/auto/multirate.xml (RunModel)" time="0.017" />
  <testcase classname="ptolemy.util.test.junit.AutoTests" name="[85] /home/travis/build/icyphy/ptII/ptolemy/domains/de/test/auto/multirate2.xml (RunModel)" time="0.019" />
  <testcase classname="ptolemy.util.test.junit.AutoTests" name="[86] /home/travis/build/icyphy/ptII/ptolemy/domains/de/test/auto/realtime.xml (RunModel)" time="10.011" />
  <testcase classname="ptolemy.util.test.junit.AutoTests" name="[87] /home/travis/build/icyphy/ptII/ptolemy/domains/de/test/auto/relationGroup.xml (RunModel)" time="0.015" />
  <testcase classname="ptolemy.util.test.junit.AutoTests" name="[88] /home/travis/build/icyphy/ptII/ptolemy/domains/de/test/auto/relationGroup2.xml (RunModel)" time="0.01" />
  <testcase classname="ptolemy.util.test.junit.AutoTests" name="[89] /home/travis/build/icyphy/ptII/ptolemy/domains/de/test/auto/sortWithOpaquePorts.xml (RunModel)" time="0.009" />
  <testcase classname="ptolemy.util.test.junit.AutoTests" name="[90] /home/travis/build/icyphy/ptII/ptolemy/domains/de/test/auto/transferInputsandOutputs.xml (RunModel)" time="0.021" />
  <testcase classname="ptolemy.util.test.junit.AutoTests" name="[91] /home/travis/build/icyphy/ptII/ptolemy/domains/de/test/auto/triggerType.xml (RunModel)" time="0.014" />
  <system-out><![CDATA[/home/travis/build/icyphy/ptII/ptolemy/domains/de/test/DependencyLoop.tcl
testDefs.tcl: setting time out to 9000 seconds at Sun Aug 12 01:51:50 UTC 2018
24 ms. Memory: 116224K Free: 93869K (81%)
18 ms. Memory: 146944K Free: 135450K (92%)
/home/travis/build/icyphy/ptII/ptolemy/domains/de/test/RunDETestsAsQSS.tcl
Run the DE tests using ptolemy.domains.qss.test.QSSDirectorTest, which extends QSSDirector and prints a message in the constructors.
------------------ testing $PTII/ptolemy/domains/de/test/auto/knownFailedTests/dependencyLoop.xml (Known Failure) 
12 ms. Memory: 146944K Free: 132337K (90%)


==== $PTIIhome/travis/build/icyphy/ptII/ptolemy/domains/de/test/../../../../: Auto Automatic test in file $PTII/ptolemy/domains/de/test/auto/knownFailedTests/dependencyLoop.xml
==== Contents of test case:

	    # FIXME: we should use $relativeFilename here, but it
	    # might have backslashes under Windows, which causes no end
	    # of trouble.
	    createAndExecute $file
	    list {}
	
.... Test generated KNOWN error:
    while executing
ptolemy.kernel.util.IllegalActionException: Found a zero delay loop containing .dependencyLoop.original
  in .dependencyLoop and .dependencyLoop.original
	at ptolemy.actor.util.CausalityInterfaceForComposites._computeOutputPortDepth(CausalityInterfaceForComposites.java:759)
	at ptolemy.actor.util.CausalityInterfaceForComposites._computeInputDepth(CausalityInterfaceForComposites.java:696)
	at ptolemy.actor.util.CausalityInterfaceForComposites._computeOutputPortDepth(CausalityInterfaceForComposites.java:765)
	at ptolemy.actor.util.CausalityInterfaceForComposites._computeInputDepth(CausalityInterfaceForComposites.java:696)
	at ptolemy.actor.util.CausalityInterfaceForComposites._computeOutputPortDepth(CausalityInterfaceForComposites.java:765)
	at ptolemy.actor.util.CausalityInterfaceForComposites._computeInputDepth(CausalityInterfaceForComposites.java:696)
	at ptolemy.actor.util.CausalityInterfaceForComposites._computeActorDepth(CausalityInterfaceForComposites.java:532)
	at ptolemy.actor.util.CausalityInterfaceForComposites.checkForCycles(CausalityInterfaceForComposites.java:96)
	at ptolemy.domains.de.kernel.DEDirector.preinitialize(DEDirector.java:1338)
	at ptolemy.actor.CompositeActor.preinitialize(CompositeActor.java:1828)
	at ptolemy.actor.Manager.preinitializeAndResolveTypes(Manager.java:1040)
	at ptolemy.actor.Manager.initialize(Manager.java:710)
	at ptolemy.actor.Manager.execute(Manager.java:356)
	at ptolemy.actor.Manager.run(Manager.java:1263)
	at ptolemy.actor.Manager$PtolemyRunThread.run(Manager.java:1915)

    while executing
ptolemy.kernel.util.IllegalActionException: Found a zero delay loop containing .dependencyLoop.original
  in .dependencyLoop and .dependencyLoop.original
    while executing
"java::new ptolemy.moml.MoMLSimpleApplication $file
"
    (procedure "createAndExecute" line 2)
    invoked from within
"createAndExecute $file"
    ("uplevel" body line 5)
    invoked from within
"uplevel $contents_of_test"
------------------ testing $PTII/ptolemy/domains/de/test/auto/knownFailedTests/DESDFClockTest.xml (Known Failure) 
2082 ms. Memory: 146944K Free: 116497K (79%)


==== $PTIIhome/travis/build/icyphy/ptII/ptolemy/domains/de/test/../../../../: Auto Automatic test in file $PTII/ptolemy/domains/de/test/auto/knownFailedTests/DESDFClockTest.xml
==== Contents of test case:

	    # FIXME: we should use $relativeFilename here, but it
	    # might have backslashes under Windows, which causes no end
	    # of trouble.
	    createAndExecute $file
	    list {}
	
.... Test generated KNOWN error:
    while executing
ptolemy.kernel.util.IllegalActionException: Actor is not ready to fire.  Perhaps UpSample.prefire() returned false? Try debugging the actor by selecting "Listen to Actor".  Also, for SDF check moml for tokenConsumptionRate on input.
  in .DESDFClockTest.Play Bell.Copy1:SDF Director and .DESDFClockTest.Play Bell.UpSample
	at ptolemy.actor.sched.StaticSchedulingDirector.fire(StaticSchedulingDirector.java:227)
	at ptolemy.domains.sdf.kernel.SDFDirector.fire(SDFDirector.java:500)
	at ptolemy.actor.CompositeActor.fire(CompositeActor.java:455)
	at ptolemy.domains.de.kernel.DEDirector._fire(DEDirector.java:1949)
	at ptolemy.domains.de.kernel.DEDirector.fire(DEDirector.java:502)
	at ptolemy.actor.CompositeActor.fire(CompositeActor.java:455)
	at ptolemy.actor.Manager.iterate(Manager.java:851)
	at ptolemy.actor.Manager.execute(Manager.java:369)
	at ptolemy.actor.Manager.run(Manager.java:1263)
	at ptolemy.actor.Manager$PtolemyRunThread.run(Manager.java:1915)

    while executing
ptolemy.kernel.util.IllegalActionException: Actor is not ready to fire.  Perhaps UpSample.prefire() returned false? Try debugging the actor by selecting "Listen to Actor".  Also, for SDF check moml for tokenConsumptionRate on input.
  in .DESDFClockTest.Play Bell.Copy1:SDF Director and .DESDFClockTest.Play Bell.UpSample
    while executing
"java::new ptolemy.moml.MoMLSimpleApplication $file
"
    (procedure "createAndExecute" line 2)
    invoked from within
"createAndExecute $file"
    ("uplevel" body line 5)
    invoked from within
"uplevel $contents_of_test"
------------------ testing $PTII/ptolemy/domains/de/test/auto/knownFailedTests/FSMSource.xml (Known Failure) 
31 ms. Memory: 146944K Free: 107458K (73%)
!!!! Auto was marked as failing, but now passes
------------------ testing $PTII/ptolemy/domains/de/test/auto/knownFailedTests/dependencyLoop2.xml (Known Failure) 
13 ms. Memory: 146944K Free: 105574K (72%)


==== $PTIIhome/travis/build/icyphy/ptII/ptolemy/domains/de/test/../../../../: Auto Automatic test in file $PTII/ptolemy/domains/de/test/auto/knownFailedTests/dependencyLoop2.xml
==== Contents of test case:

	    # FIXME: we should use $relativeFilename here, but it
	    # might have backslashes under Windows, which causes no end
	    # of trouble.
	    createAndExecute $file
	    list {}
	
.... Test generated KNOWN error:
    while executing
ptolemy.kernel.util.IllegalActionException: Found a zero delay loop containing .dependencyLoop2.original
  in .dependencyLoop2 and .dependencyLoop2.original
	at ptolemy.actor.util.CausalityInterfaceForComposites._computeOutputPortDepth(CausalityInterfaceForComposites.java:759)
	at ptolemy.actor.util.CausalityInterfaceForComposites._computeInputDepth(CausalityInterfaceForComposites.java:696)
	at ptolemy.actor.util.CausalityInterfaceForComposites._computeOutputPortDepth(CausalityInterfaceForComposites.java:765)
	at ptolemy.actor.util.CausalityInterfaceForComposites._computeInputDepth(CausalityInterfaceForComposites.java:696)
	at ptolemy.actor.util.CausalityInterfaceForComposites._computeOutputPortDepth(CausalityInterfaceForComposites.java:765)
	at ptolemy.actor.util.CausalityInterfaceForComposites._computeInputDepth(CausalityInterfaceForComposites.java:696)
	at ptolemy.actor.util.CausalityInterfaceForComposites._computeActorDepth(CausalityInterfaceForComposites.java:532)
	at ptolemy.actor.util.CausalityInterfaceForComposites.checkForCycles(CausalityInterfaceForComposites.java:96)
	at ptolemy.domains.de.kernel.DEDirector.preinitialize(DEDirector.java:1338)
	at ptolemy.actor.CompositeActor.preinitialize(CompositeActor.java:1828)
	at ptolemy.actor.Manager.preinitializeAndResolveTypes(Manager.java:1040)
	at ptolemy.actor.Manager.initialize(Manager.java:710)
	at ptolemy.actor.Manager.execute(Manager.java:356)
	at ptolemy.actor.Manager.run(Manager.java:1263)
	at ptolemy.actor.Manager$PtolemyRunThread.run(Manager.java:1915)

    while executing
ptolemy.kernel.util.IllegalActionException: Found a zero delay loop containing .dependencyLoop2.original
  in .dependencyLoop2 and .dependencyLoop2.original
    while executing
"java::new ptolemy.moml.MoMLSimpleApplication $file
"
    (procedure "createAndExecute" line 2)
    invoked from within
"createAndExecute $file"
    ("uplevel" body line 5)
    invoked from within
"uplevel $contents_of_test"
------------------ testing $PTII/ptolemy/domains/de/test/auto/knownFailedTests/HierarchicalModel.xml (Known Failure) 
7 ms. Memory: 146944K Free: 85000K (58%)


==== $PTIIhome/travis/build/icyphy/ptII/ptolemy/domains/de/test/../../../../: Auto Automatic test in file $PTII/ptolemy/domains/de/test/auto/knownFailedTests/HierarchicalModel.xml
==== Contents of test case:

	    # FIXME: we should use $relativeFilename here, but it
	    # might have backslashes under Windows, which causes no end
	    # of trouble.
	    createAndExecute $file
	    list {}
	
.... Test generated KNOWN error:
    while executing
ptolemy.kernel.util.IllegalActionException: Found a zero delay loop containing .HierarchicalModel.A
  in .HierarchicalModel and .HierarchicalModel.A
	at ptolemy.actor.util.CausalityInterfaceForComposites._computeOutputPortDepth(CausalityInterfaceForComposites.java:759)
	at ptolemy.actor.util.CausalityInterfaceForComposites._computeInputDepth(CausalityInterfaceForComposites.java:696)
	at ptolemy.actor.util.CausalityInterfaceForComposites._computeOutputPortDepth(CausalityInterfaceForComposites.java:765)
	at ptolemy.actor.util.CausalityInterfaceForComposites._computeInputDepth(CausalityInterfaceForComposites.java:696)
	at ptolemy.actor.util.CausalityInterfaceForComposites._computeOutputPortDepth(CausalityInterfaceForComposites.java:765)
	at ptolemy.actor.util.CausalityInterfaceForComposites._computeInputDepth(CausalityInterfaceForComposites.java:696)
	at ptolemy.actor.util.CausalityInterfaceForComposites._computeActorDepth(CausalityInterfaceForComposites.java:532)
	at ptolemy.actor.util.CausalityInterfaceForComposites.checkForCycles(CausalityInterfaceForComposites.java:96)
	at ptolemy.domains.de.kernel.DEDirector.preinitialize(DEDirector.java:1338)
	at ptolemy.actor.CompositeActor.preinitialize(CompositeActor.java:1828)
	at ptolemy.actor.Manager.preinitializeAndResolveTypes(Manager.java:1040)
	at ptolemy.actor.Manager.initialize(Manager.java:710)
	at ptolemy.actor.Manager.execute(Manager.java:356)
	at ptolemy.actor.Manager.run(Manager.java:1263)
	at ptolemy.actor.Manager$PtolemyRunThread.run(Manager.java:1915)

    while executing
ptolemy.kernel.util.IllegalActionException: Found a zero delay loop containing .HierarchicalModel.A
  in .HierarchicalModel and .HierarchicalModel.A
    while executing
"java::new ptolemy.moml.MoMLSimpleApplication $file
"
    (procedure "createAndExecute" line 2)
    invoked from within
"createAndExecute $file"
    ("uplevel" body line 5)
    invoked from within
"uplevel $contents_of_test"
------------------ testing $PTII/ptolemy/domains/de/test/auto/knownFailedTests/DirectFeedback.xml (Known Failure) 
12 ms. Memory: 146944K Free: 141116K (96%)


==== $PTIIhome/travis/build/icyphy/ptII/ptolemy/domains/de/test/../../../../: Auto Automatic test in file $PTII/ptolemy/domains/de/test/auto/knownFailedTests/DirectFeedback.xml
==== Contents of test case:

	    # FIXME: we should use $relativeFilename here, but it
	    # might have backslashes under Windows, which causes no end
	    # of trouble.
	    createAndExecute $file
	    list {}
	
.... Test generated KNOWN error:
    while executing
ptolemy.kernel.util.IllegalActionException: Test fails in iteration 1.
Value was: 1.0. Should have been: 2.0
  in .DirectFeedback.Test
	at ptolemy.actor.lib.Test.fire(Test.java:268)
	at ptolemy.domains.de.kernel.DEDirector._fire(DEDirector.java:1949)
	at ptolemy.domains.de.kernel.DEDirector.fire(DEDirector.java:502)
	at ptolemy.actor.CompositeActor.fire(CompositeActor.java:455)
	at ptolemy.actor.Manager.iterate(Manager.java:851)
	at ptolemy.actor.Manager.execute(Manager.java:369)
	at ptolemy.actor.Manager.run(Manager.java:1263)
	at ptolemy.actor.Manager$PtolemyRunThread.run(Manager.java:1915)

    while executing
ptolemy.kernel.util.IllegalActionException: Test fails in iteration 1.
Value was: 1.0. Should have been: 2.0
  in .DirectFeedback.Test
    while executing
"java::new ptolemy.moml.MoMLSimpleApplication $file
"
    (procedure "createAndExecute" line 2)
    invoked from within
"createAndExecute $file"
    ("uplevel" body line 5)
    invoked from within
"uplevel $contents_of_test"
------------------ testing $PTII/ptolemy/domains/de/test/auto/ActorDepthCalculation_actorWithoutPorts.xml
auto.tcl: Setting watchdog for 200 seconds at Sun Aug 12 01:51:54 UTC 2018
12 ms. Memory: 146944K Free: 133404K (91%)
ptolemy.util.test.WatchDog.cancel(): canceling Sun Aug 12 01:51:54 UTC 2018
auto.tcl: Setting watchdog for 200 seconds at Sun Aug 12 01:51:54 UTC 2018
6 ms. Memory: 146944K Free: 131303K (89%)
ptolemy.util.test.WatchDog.cancel(): canceling Sun Aug 12 01:51:54 UTC 2018
------------------ testing $PTII/ptolemy/domains/de/test/auto/AssemblyLine.xml
auto.tcl: Setting watchdog for 200 seconds at Sun Aug 12 01:51:54 UTC 2018
26 ms. Memory: 208384K Free: 186472K (89%)
ptolemy.util.test.WatchDog.cancel(): canceling Sun Aug 12 01:51:54 UTC 2018
auto.tcl: Setting watchdog for 200 seconds at Sun Aug 12 01:51:54 UTC 2018
11 ms. Memory: 208384K Free: 186472K (89%)
ptolemy.util.test.WatchDog.cancel(): canceling Sun Aug 12 01:51:54 UTC 2018
------------------ testing $PTII/ptolemy/domains/de/test/auto/CQBug1.xml
auto.tcl: Setting watchdog for 200 seconds at Sun Aug 12 01:51:54 UTC 2018
3 ms. Memory: 208384K Free: 195228K (94%)
ptolemy.util.test.WatchDog.cancel(): canceling Sun Aug 12 01:51:54 UTC 2018
auto.tcl: Setting watchdog for 200 seconds at Sun Aug 12 01:51:54 UTC 2018
2 ms. Memory: 208384K Free: 195228K (94%)
ptolemy.util.test.WatchDog.cancel(): canceling Sun Aug 12 01:51:54 UTC 2018
------------------ testing $PTII/ptolemy/domains/de/test/auto/CancelFireAt.xml
auto.tcl: Setting watchdog for 200 seconds at Sun Aug 12 01:51:54 UTC 2018
23 ms. Memory: 208384K Free: 199553K (96%)
ptolemy.util.test.WatchDog.cancel(): canceling Sun Aug 12 01:51:54 UTC 2018
auto.tcl: Setting watchdog for 200 seconds at Sun Aug 12 01:51:54 UTC 2018
1 ms. Memory: 208384K Free: 197439K (95%)
ptolemy.util.test.WatchDog.cancel(): canceling Sun Aug 12 01:51:54 UTC 2018
------------------ testing $PTII/ptolemy/domains/de/test/auto/CausalityAndComposabilityAnalysis.xml
auto.tcl: Setting watchdog for 200 seconds at Sun Aug 12 01:51:55 UTC 2018
25 ms. Memory: 208384K Free: 196453K (94%)
ptolemy.util.test.WatchDog.cancel(): canceling Sun Aug 12 01:51:55 UTC 2018
auto.tcl: Setting watchdog for 200 seconds at Sun Aug 12 01:51:55 UTC 2018
14 ms. Memory: 208384K Free: 196453K (94%)
ptolemy.util.test.WatchDog.cancel(): canceling Sun Aug 12 01:51:55 UTC 2018
------------------ testing $PTII/ptolemy/domains/de/test/auto/CausalityInterface1.xml
auto.tcl: Setting watchdog for 200 seconds at Sun Aug 12 01:51:55 UTC 2018
19 ms. Memory: 208384K Free: 196391K (94%)
ptolemy.util.test.WatchDog.cancel(): canceling Sun Aug 12 01:51:55 UTC 2018
auto.tcl: Setting watchdog for 200 seconds at Sun Aug 12 01:51:55 UTC 2018
4 ms. Memory: 208384K Free: 196391K (94%)
ptolemy.util.test.WatchDog.cancel(): canceling Sun Aug 12 01:51:55 UTC 2018
------------------ testing $PTII/ptolemy/domains/de/test/auto/CausalityInterface15.xml
auto.tcl: Setting watchdog for 200 seconds at Sun Aug 12 01:51:55 UTC 2018
13 ms. Memory: 208384K Free: 196382K (94%)
ptolemy.util.test.WatchDog.cancel(): canceling Sun Aug 12 01:51:55 UTC 2018
auto.tcl: Setting watchdog for 200 seconds at Sun Aug 12 01:51:55 UTC 2018
4 ms. Memory: 208384K Free: 196382K (94%)
ptolemy.util.test.WatchDog.cancel(): canceling Sun Aug 12 01:51:55 UTC 2018
------------------ testing $PTII/ptolemy/domains/de/test/auto/CausalityInterface2.xml
auto.tcl: Setting watchdog for 200 seconds at Sun Aug 12 01:51:55 UTC 2018
7 ms. Memory: 208384K Free: 196367K (94%)
ptolemy.util.test.WatchDog.cancel(): canceling Sun Aug 12 01:51:55 UTC 2018
auto.tcl: Setting watchdog for 200 seconds at Sun Aug 12 01:51:55 UTC 2018
3 ms. Memory: 208384K Free: 196367K (94%)
ptolemy.util.test.WatchDog.cancel(): canceling Sun Aug 12 01:51:55 UTC 2018
------------------ testing $PTII/ptolemy/domains/de/test/auto/CausalityInterface3.xml
auto.tcl: Setting watchdog for 200 seconds at Sun Aug 12 01:51:55 UTC 2018
10 ms. Memory: 208384K Free: 196380K (94%)
ptolemy.util.test.WatchDog.cancel(): canceling Sun Aug 12 01:51:55 UTC 2018
auto.tcl: Setting watchdog for 200 seconds at Sun Aug 12 01:51:55 UTC 2018
7 ms. Memory: 208384K Free: 196380K (94%)
ptolemy.util.test.WatchDog.cancel(): canceling Sun Aug 12 01:51:55 UTC 2018
------------------ testing $PTII/ptolemy/domains/de/test/auto/ClockDrift.xml
auto.tcl: Setting watchdog for 200 seconds at Sun Aug 12 01:51:55 UTC 2018
68 ms. Memory: 208384K Free: 187569K (90%)
ptolemy.util.test.WatchDog.cancel(): canceling Sun Aug 12 01:51:55 UTC 2018
auto.tcl: Setting watchdog for 200 seconds at Sun Aug 12 01:51:55 UTC 2018
57 ms. Memory: 208384K Free: 185456K (89%)
ptolemy.util.test.WatchDog.cancel(): canceling Sun Aug 12 01:51:55 UTC 2018
------------------ testing $PTII/ptolemy/domains/de/test/auto/ClockDriftAndValueChange.xml
auto.tcl: Setting watchdog for 200 seconds at Sun Aug 12 01:51:55 UTC 2018
76 ms. Memory: 208384K Free: 187406K (90%)
ptolemy.util.test.WatchDog.cancel(): canceling Sun Aug 12 01:51:56 UTC 2018
auto.tcl: Setting watchdog for 200 seconds at Sun Aug 12 01:51:56 UTC 2018
33 ms. Memory: 208384K Free: 185293K (89%)
ptolemy.util.test.WatchDog.cancel(): canceling Sun Aug 12 01:51:56 UTC 2018
------------------ testing $PTII/ptolemy/domains/de/test/auto/ClockDriftChange.xml
auto.tcl: Setting watchdog for 200 seconds at Sun Aug 12 01:51:56 UTC 2018
44 ms. Memory: 208384K Free: 190739K (92%)
ptolemy.util.test.WatchDog.cancel(): canceling Sun Aug 12 01:51:56 UTC 2018
auto.tcl: Setting watchdog for 200 seconds at Sun Aug 12 01:51:56 UTC 2018
30 ms. Memory: 208384K Free: 188626K (91%)
ptolemy.util.test.WatchDog.cancel(): canceling Sun Aug 12 01:51:56 UTC 2018
------------------ testing $PTII/ptolemy/domains/de/test/auto/ComposableCausalityAnalysis.xml
auto.tcl: Setting watchdog for 200 seconds at Sun Aug 12 01:51:56 UTC 2018
2 ms. Memory: 208384K Free: 196233K (94%)
ptolemy.util.test.WatchDog.cancel(): canceling Sun Aug 12 01:51:56 UTC 2018
auto.tcl: Setting watchdog for 200 seconds at Sun Aug 12 01:51:56 UTC 2018
2 ms. Memory: 208384K Free: 194119K (93%)
ptolemy.util.test.WatchDog.cancel(): canceling Sun Aug 12 01:51:56 UTC 2018
------------------ testing $PTII/ptolemy/domains/de/test/auto/DEFixedPointLimitation.xml
auto.tcl: Setting watchdog for 200 seconds at Sun Aug 12 01:51:56 UTC 2018
2 ms. Memory: 208384K Free: 196314K (94%)
ptolemy.util.test.WatchDog.cancel(): canceling Sun Aug 12 01:51:56 UTC 2018
auto.tcl: Setting watchdog for 200 seconds at Sun Aug 12 01:51:56 UTC 2018
2 ms. Memory: 208384K Free: 196314K (94%)
ptolemy.util.test.WatchDog.cancel(): canceling Sun Aug 12 01:51:56 UTC 2018
------------------ testing $PTII/ptolemy/domains/de/test/auto/DEScheduleTest.xml
auto.tcl: Setting watchdog for 200 seconds at Sun Aug 12 01:51:56 UTC 2018
4 ms. Memory: 208384K Free: 198463K (95%)
ptolemy.util.test.WatchDog.cancel(): canceling Sun Aug 12 01:51:56 UTC 2018
auto.tcl: Setting watchdog for 200 seconds at Sun Aug 12 01:51:56 UTC 2018
10 ms. Memory: 208384K Free: 196349K (94%)
ptolemy.util.test.WatchDog.cancel(): canceling Sun Aug 12 01:51:56 UTC 2018
------------------ testing $PTII/ptolemy/domains/de/test/auto/DEinDEwithStartTimes.xml
auto.tcl: Setting watchdog for 200 seconds at Sun Aug 12 01:51:56 UTC 2018
7 ms. Memory: 208384K Free: 196320K (94%)
ptolemy.util.test.WatchDog.cancel(): canceling Sun Aug 12 01:51:56 UTC 2018
auto.tcl: Setting watchdog for 200 seconds at Sun Aug 12 01:51:56 UTC 2018
4 ms. Memory: 208384K Free: 194206K (93%)
ptolemy.util.test.WatchDog.cancel(): canceling Sun Aug 12 01:51:56 UTC 2018
------------------ testing $PTII/ptolemy/domains/de/test/auto/DEinDEwithStartTimes2.xml
auto.tcl: Setting watchdog for 200 seconds at Sun Aug 12 01:51:56 UTC 2018
7 ms. Memory: 208384K Free: 196637K (94%)
ptolemy.util.test.WatchDog.cancel(): canceling Sun Aug 12 01:51:56 UTC 2018
auto.tcl: Setting watchdog for 200 seconds at Sun Aug 12 01:51:56 UTC 2018
4 ms. Memory: 208384K Free: 194523K (93%)
ptolemy.util.test.WatchDog.cancel(): canceling Sun Aug 12 01:51:56 UTC 2018
------------------ testing $PTII/ptolemy/domains/de/test/auto/DateDemo.xml
auto.tcl: Setting watchdog for 200 seconds at Sun Aug 12 01:51:56 UTC 2018
10 ms. Memory: 208384K Free: 188689K (91%)
ptolemy.util.test.WatchDog.cancel(): canceling Sun Aug 12 01:51:56 UTC 2018
auto.tcl: Setting watchdog for 200 seconds at Sun Aug 12 01:51:56 UTC 2018
7 ms. Memory: 208384K Free: 186575K (90%)
ptolemy.util.test.WatchDog.cancel(): canceling Sun Aug 12 01:51:56 UTC 2018
------------------ testing $PTII/ptolemy/domains/de/test/auto/DateToEvent.xml
auto.tcl: Setting watchdog for 200 seconds at Sun Aug 12 01:51:56 UTC 2018
2018 ms. Memory: 208384K Free: 183354K (88%)
ptolemy.util.test.WatchDog.cancel(): canceling Sun Aug 12 01:51:59 UTC 2018
auto.tcl: Setting watchdog for 200 seconds at Sun Aug 12 01:51:59 UTC 2018
2004 ms. Memory: 208384K Free: 180896K (87%)
ptolemy.util.test.WatchDog.cancel(): canceling Sun Aug 12 01:52:01 UTC 2018
------------------ testing $PTII/ptolemy/domains/de/test/auto/DepthTest1.xml
auto.tcl: Setting watchdog for 200 seconds at Sun Aug 12 01:52:01 UTC 2018
2 ms. Memory: 208384K Free: 197994K (95%)
ptolemy.util.test.WatchDog.cancel(): canceling Sun Aug 12 01:52:01 UTC 2018
auto.tcl: Setting watchdog for 200 seconds at Sun Aug 12 01:52:01 UTC 2018
2 ms. Memory: 208384K Free: 197994K (95%)
ptolemy.util.test.WatchDog.cancel(): canceling Sun Aug 12 01:52:01 UTC 2018
------------------ testing $PTII/ptolemy/domains/de/test/auto/DepthTest2.xml
auto.tcl: Setting watchdog for 200 seconds at Sun Aug 12 01:52:01 UTC 2018
11 ms. Memory: 208384K Free: 194168K (93%)
ptolemy.util.test.WatchDog.cancel(): canceling Sun Aug 12 01:52:01 UTC 2018
auto.tcl: Setting watchdog for 200 seconds at Sun Aug 12 01:52:01 UTC 2018
3 ms. Memory: 208384K Free: 194168K (93%)
ptolemy.util.test.WatchDog.cancel(): canceling Sun Aug 12 01:52:01 UTC 2018
------------------ testing $PTII/ptolemy/domains/de/test/auto/DepthTest3.xml
auto.tcl: Setting watchdog for 200 seconds at Sun Aug 12 01:52:01 UTC 2018
2 ms. Memory: 208384K Free: 198329K (95%)
ptolemy.util.test.WatchDog.cancel(): canceling Sun Aug 12 01:52:01 UTC 2018
auto.tcl: Setting watchdog for 200 seconds at Sun Aug 12 01:52:01 UTC 2018
2 ms. Memory: 208384K Free: 198329K (95%)
ptolemy.util.test.WatchDog.cancel(): canceling Sun Aug 12 01:52:01 UTC 2018
------------------ testing $PTII/ptolemy/domains/de/test/auto/DepthTest4.xml
auto.tcl: Setting watchdog for 200 seconds at Sun Aug 12 01:52:01 UTC 2018
4 ms. Memory: 208384K Free: 196640K (94%)
ptolemy.util.test.WatchDog.cancel(): canceling Sun Aug 12 01:52:01 UTC 2018
auto.tcl: Setting watchdog for 200 seconds at Sun Aug 12 01:52:01 UTC 2018
2 ms. Memory: 208384K Free: 196302K (94%)
ptolemy.util.test.WatchDog.cancel(): canceling Sun Aug 12 01:52:01 UTC 2018
------------------ testing $PTII/ptolemy/domains/de/test/auto/DepthTest5.xml
auto.tcl: Setting watchdog for 200 seconds at Sun Aug 12 01:52:01 UTC 2018
4 ms. Memory: 208384K Free: 196588K (94%)
ptolemy.util.test.WatchDog.cancel(): canceling Sun Aug 12 01:52:01 UTC 2018
auto.tcl: Setting watchdog for 200 seconds at Sun Aug 12 01:52:01 UTC 2018
2 ms. Memory: 208384K Free: 196588K (94%)
ptolemy.util.test.WatchDog.cancel(): canceling Sun Aug 12 01:52:01 UTC 2018
------------------ testing $PTII/ptolemy/domains/de/test/auto/DepthTest6.xml
auto.tcl: Setting watchdog for 200 seconds at Sun Aug 12 01:52:01 UTC 2018
14 ms. Memory: 208384K Free: 196209K (94%)
ptolemy.util.test.WatchDog.cancel(): canceling Sun Aug 12 01:52:01 UTC 2018
auto.tcl: Setting watchdog for 200 seconds at Sun Aug 12 01:52:01 UTC 2018
3 ms. Memory: 208384K Free: 196209K (94%)
ptolemy.util.test.WatchDog.cancel(): canceling Sun Aug 12 01:52:01 UTC 2018
------------------ testing $PTII/ptolemy/domains/de/test/auto/DepthTest7.xml
auto.tcl: Setting watchdog for 200 seconds at Sun Aug 12 01:52:01 UTC 2018
4 ms. Memory: 208384K Free: 196207K (94%)
ptolemy.util.test.WatchDog.cancel(): canceling Sun Aug 12 01:52:01 UTC 2018
auto.tcl: Setting watchdog for 200 seconds at Sun Aug 12 01:52:01 UTC 2018
2 ms. Memory: 208384K Free: 196207K (94%)
ptolemy.util.test.WatchDog.cancel(): canceling Sun Aug 12 01:52:01 UTC 2018
------------------ testing $PTII/ptolemy/domains/de/test/auto/EventToDate.xml
auto.tcl: Setting watchdog for 200 seconds at Sun Aug 12 01:52:01 UTC 2018
3012 ms. Memory: 208384K Free: 185659K (89%)
ptolemy.util.test.WatchDog.cancel(): canceling Sun Aug 12 01:52:04 UTC 2018
auto.tcl: Setting watchdog for 200 seconds at Sun Aug 12 01:52:04 UTC 2018
3004 ms. Memory: 208384K Free: 185659K (89%)
ptolemy.util.test.WatchDog.cancel(): canceling Sun Aug 12 01:52:07 UTC 2018
------------------ testing $PTII/ptolemy/domains/de/test/auto/FSM1.xml
auto.tcl: Setting watchdog for 200 seconds at Sun Aug 12 01:52:07 UTC 2018
22 ms. Memory: 208384K Free: 189232K (91%)
ptolemy.util.test.WatchDog.cancel(): canceling Sun Aug 12 01:52:07 UTC 2018
auto.tcl: Setting watchdog for 200 seconds at Sun Aug 12 01:52:07 UTC 2018
18 ms. Memory: 208384K Free: 185004K (89%)
ptolemy.util.test.WatchDog.cancel(): canceling Sun Aug 12 01:52:07 UTC 2018
------------------ testing $PTII/ptolemy/domains/de/test/auto/FSM7.xml
auto.tcl: Setting watchdog for 200 seconds at Sun Aug 12 01:52:07 UTC 2018
21 ms. Memory: 208384K Free: 187657K (90%)
ptolemy.util.test.WatchDog.cancel(): canceling Sun Aug 12 01:52:08 UTC 2018
auto.tcl: Setting watchdog for 200 seconds at Sun Aug 12 01:52:08 UTC 2018
24 ms. Memory: 208384K Free: 185205K (89%)
ptolemy.util.test.WatchDog.cancel(): canceling Sun Aug 12 01:52:08 UTC 2018
------------------ testing $PTII/ptolemy/domains/de/test/auto/Inspection.xml
auto.tcl: Setting watchdog for 200 seconds at Sun Aug 12 01:52:08 UTC 2018
36 ms. Memory: 208384K Free: 188824K (91%)
ptolemy.util.test.WatchDog.cancel(): canceling Sun Aug 12 01:52:08 UTC 2018
auto.tcl: Setting watchdog for 200 seconds at Sun Aug 12 01:52:08 UTC 2018
23 ms. Memory: 208384K Free: 186710K (90%)
ptolemy.util.test.WatchDog.cancel(): canceling Sun Aug 12 01:52:08 UTC 2018
------------------ testing $PTII/ptolemy/domains/de/test/auto/Iteration.xml
auto.tcl: Setting watchdog for 200 seconds at Sun Aug 12 01:52:08 UTC 2018
16 ms. Memory: 208384K Free: 196013K (94%)
ptolemy.util.test.WatchDog.cancel(): canceling Sun Aug 12 01:52:08 UTC 2018
auto.tcl: Setting watchdog for 200 seconds at Sun Aug 12 01:52:08 UTC 2018
26 ms. Memory: 208384K Free: 193883K (93%)
ptolemy.util.test.WatchDog.cancel(): canceling Sun Aug 12 01:52:08 UTC 2018
------------------ testing $PTII/ptolemy/domains/de/test/auto/LineFault.xml
auto.tcl: Setting watchdog for 200 seconds at Sun Aug 12 01:52:08 UTC 2018
978 ms. Memory: 208384K Free: 195154K (94%)
ptolemy.util.test.WatchDog.cancel(): canceling Sun Aug 12 01:52:09 UTC 2018
auto.tcl: Setting watchdog for 200 seconds at Sun Aug 12 01:52:09 UTC 2018
741 ms. Memory: 208384K Free: 139197K (67%)
ptolemy.util.test.WatchDog.cancel(): canceling Sun Aug 12 01:52:10 UTC 2018
------------------ testing $PTII/ptolemy/domains/de/test/auto/MergeModel1Add.xml
auto.tcl: Setting watchdog for 200 seconds at Sun Aug 12 01:52:10 UTC 2018
20 ms. Memory: 331264K Free: 298833K (90%)
ptolemy.util.test.WatchDog.cancel(): canceling Sun Aug 12 01:52:10 UTC 2018
auto.tcl: Setting watchdog for 200 seconds at Sun Aug 12 01:52:10 UTC 2018
14 ms. Memory: 331264K Free: 298833K (90%)
ptolemy.util.test.WatchDog.cancel(): canceling Sun Aug 12 01:52:10 UTC 2018
------------------ testing $PTII/ptolemy/domains/de/test/auto/MergeModel2Add.xml
auto.tcl: Setting watchdog for 200 seconds at Sun Aug 12 01:52:10 UTC 2018
21 ms. Memory: 331264K Free: 304093K (92%)
ptolemy.util.test.WatchDog.cancel(): canceling Sun Aug 12 01:52:10 UTC 2018
auto.tcl: Setting watchdog for 200 seconds at Sun Aug 12 01:52:10 UTC 2018
15 ms. Memory: 331264K Free: 300171K (91%)
ptolemy.util.test.WatchDog.cancel(): canceling Sun Aug 12 01:52:10 UTC 2018
------------------ testing $PTII/ptolemy/domains/de/test/auto/MergeModel3Add.xml
auto.tcl: Setting watchdog for 200 seconds at Sun Aug 12 01:52:10 UTC 2018
12 ms. Memory: 331264K Free: 304111K (92%)
ptolemy.util.test.WatchDog.cancel(): canceling Sun Aug 12 01:52:10 UTC 2018
auto.tcl: Setting watchdog for 200 seconds at Sun Aug 12 01:52:10 UTC 2018
7 ms. Memory: 331264K Free: 300189K (91%)
ptolemy.util.test.WatchDog.cancel(): canceling Sun Aug 12 01:52:10 UTC 2018
------------------ testing $PTII/ptolemy/domains/de/test/auto/MergeWithoutDiscard.xml
auto.tcl: Setting watchdog for 200 seconds at Sun Aug 12 01:52:10 UTC 2018
2 ms. Memory: 331264K Free: 320106K (97%)
ptolemy.util.test.WatchDog.cancel(): canceling Sun Aug 12 01:52:10 UTC 2018
auto.tcl: Setting watchdog for 200 seconds at Sun Aug 12 01:52:10 UTC 2018
1 ms. Memory: 331264K Free: 315899K (95%)
ptolemy.util.test.WatchDog.cancel(): canceling Sun Aug 12 01:52:10 UTC 2018
------------------ testing $PTII/ptolemy/domains/de/test/auto/Modal1.xml
auto.tcl: Setting watchdog for 200 seconds at Sun Aug 12 01:52:11 UTC 2018
27 ms. Memory: 331264K Free: 309809K (94%)
ptolemy.util.test.WatchDog.cancel(): canceling Sun Aug 12 01:52:11 UTC 2018
auto.tcl: Setting watchdog for 200 seconds at Sun Aug 12 01:52:11 UTC 2018
21 ms. Memory: 331264K Free: 305887K (92%)
ptolemy.util.test.WatchDog.cancel(): canceling Sun Aug 12 01:52:11 UTC 2018
------------------ testing $PTII/ptolemy/domains/de/test/auto/Modal2.xml
auto.tcl: Setting watchdog for 200 seconds at Sun Aug 12 01:52:11 UTC 2018
22 ms. Memory: 331264K Free: 309675K (93%)
ptolemy.util.test.WatchDog.cancel(): canceling Sun Aug 12 01:52:11 UTC 2018
auto.tcl: Setting watchdog for 200 seconds at Sun Aug 12 01:52:11 UTC 2018
19 ms. Memory: 331264K Free: 305745K (92%)
ptolemy.util.test.WatchDog.cancel(): canceling Sun Aug 12 01:52:11 UTC 2018
------------------ testing $PTII/ptolemy/domains/de/test/auto/Modal3.xml
auto.tcl: Setting watchdog for 200 seconds at Sun Aug 12 01:52:11 UTC 2018
31 ms. Memory: 331264K Free: 309689K (93%)
ptolemy.util.test.WatchDog.cancel(): canceling Sun Aug 12 01:52:11 UTC 2018
auto.tcl: Setting watchdog for 200 seconds at Sun Aug 12 01:52:11 UTC 2018
17 ms. Memory: 331264K Free: 305767K (92%)
ptolemy.util.test.WatchDog.cancel(): canceling Sun Aug 12 01:52:11 UTC 2018
------------------ testing $PTII/ptolemy/domains/de/test/auto/Modal4.xml
auto.tcl: Setting watchdog for 200 seconds at Sun Aug 12 01:52:11 UTC 2018
16 ms. Memory: 331264K Free: 304771K (92%)
ptolemy.util.test.WatchDog.cancel(): canceling Sun Aug 12 01:52:11 UTC 2018
auto.tcl: Setting watchdog for 200 seconds at Sun Aug 12 01:52:11 UTC 2018
31 ms. Memory: 331264K Free: 300833K (91%)
ptolemy.util.test.WatchDog.cancel(): canceling Sun Aug 12 01:52:11 UTC 2018
------------------ testing $PTII/ptolemy/domains/de/test/auto/Modal5.xml
auto.tcl: Setting watchdog for 200 seconds at Sun Aug 12 01:52:11 UTC 2018
24 ms. Memory: 331264K Free: 309673K (93%)
ptolemy.util.test.WatchDog.cancel(): canceling Sun Aug 12 01:52:11 UTC 2018
auto.tcl: Setting watchdog for 200 seconds at Sun Aug 12 01:52:11 UTC 2018
34 ms. Memory: 331264K Free: 305735K (92%)
ptolemy.util.test.WatchDog.cancel(): canceling Sun Aug 12 01:52:11 UTC 2018
------------------ testing $PTII/ptolemy/domains/de/test/auto/Modal6.xml
auto.tcl: Setting watchdog for 200 seconds at Sun Aug 12 01:52:11 UTC 2018
26 ms. Memory: 331264K Free: 309670K (93%)
ptolemy.util.test.WatchDog.cancel(): canceling Sun Aug 12 01:52:11 UTC 2018
auto.tcl: Setting watchdog for 200 seconds at Sun Aug 12 01:52:11 UTC 2018
16 ms. Memory: 331264K Free: 305748K (92%)
ptolemy.util.test.WatchDog.cancel(): canceling Sun Aug 12 01:52:11 UTC 2018
------------------ testing $PTII/ptolemy/domains/de/test/auto/Modal7.xml
auto.tcl: Setting watchdog for 200 seconds at Sun Aug 12 01:52:11 UTC 2018
9 ms. Memory: 331264K Free: 305748K (92%)
ptolemy.util.test.WatchDog.cancel(): canceling Sun Aug 12 01:52:11 UTC 2018
auto.tcl: Setting watchdog for 200 seconds at Sun Aug 12 01:52:11 UTC 2018
12 ms. Memory: 331264K Free: 305748K (92%)
ptolemy.util.test.WatchDog.cancel(): canceling Sun Aug 12 01:52:11 UTC 2018
------------------ testing $PTII/ptolemy/domains/de/test/auto/ModalModel.xml
auto.tcl: Setting watchdog for 200 seconds at Sun Aug 12 01:52:11 UTC 2018
201 ms. Memory: 331264K Free: 245973K (74%)
ptolemy.util.test.WatchDog.cancel(): canceling Sun Aug 12 01:52:12 UTC 2018
auto.tcl: Setting watchdog for 200 seconds at Sun Aug 12 01:52:12 UTC 2018
222 ms. Memory: 331264K Free: 190896K (58%)
ptolemy.util.test.WatchDog.cancel(): canceling Sun Aug 12 01:52:12 UTC 2018
------------------ testing $PTII/ptolemy/domains/de/test/auto/ModalSource.xml
auto.tcl: Setting watchdog for 200 seconds at Sun Aug 12 01:52:12 UTC 2018
7 ms. Memory: 331264K Free: 316428K (96%)
ptolemy.util.test.WatchDog.cancel(): canceling Sun Aug 12 01:52:12 UTC 2018
auto.tcl: Setting watchdog for 200 seconds at Sun Aug 12 01:52:12 UTC 2018
7 ms. Memory: 331264K Free: 312932K (94%)
ptolemy.util.test.WatchDog.cancel(): canceling Sun Aug 12 01:52:12 UTC 2018
------------------ testing $PTII/ptolemy/domains/de/test/auto/NonInterruptibleTimerZeroDelay.xml
auto.tcl: Setting watchdog for 200 seconds at Sun Aug 12 01:52:12 UTC 2018
4 ms. Memory: 331264K Free: 320769K (97%)
ptolemy.util.test.WatchDog.cancel(): canceling Sun Aug 12 01:52:12 UTC 2018
auto.tcl: Setting watchdog for 200 seconds at Sun Aug 12 01:52:12 UTC 2018
2 ms. Memory: 331264K Free: 317273K (96%)
ptolemy.util.test.WatchDog.cancel(): canceling Sun Aug 12 01:52:12 UTC 2018
------------------ testing $PTII/ptolemy/domains/de/test/auto/OpenQueueingNetwork.xml
auto.tcl: Setting watchdog for 200 seconds at Sun Aug 12 01:52:12 UTC 2018
3942 ms. Memory: 317952K Free: 164656K (52%)
ptolemy.util.test.WatchDog.cancel(): canceling Sun Aug 12 01:52:16 UTC 2018
auto.tcl: Setting watchdog for 200 seconds at Sun Aug 12 01:52:16 UTC 2018
3042 ms. Memory: 287232K Free: 248962K (87%)
ptolemy.util.test.WatchDog.cancel(): canceling Sun Aug 12 01:52:19 UTC 2018
------------------ testing $PTII/ptolemy/domains/de/test/auto/OpenQueuingNetwork.xml
auto.tcl: Setting watchdog for 200 seconds at Sun Aug 12 01:52:19 UTC 2018
309 ms. Memory: 287232K Free: 190535K (66%)
ptolemy.util.test.WatchDog.cancel(): canceling Sun Aug 12 01:52:20 UTC 2018
auto.tcl: Setting watchdog for 200 seconds at Sun Aug 12 01:52:20 UTC 2018
328 ms. Memory: 287232K Free: 129916K (45%)
ptolemy.util.test.WatchDog.cancel(): canceling Sun Aug 12 01:52:20 UTC 2018
------------------ testing $PTII/ptolemy/domains/de/test/auto/PeriodicSampler.xml
auto.tcl: Setting watchdog for 200 seconds at Sun Aug 12 01:52:20 UTC 2018
3 ms. Memory: 289792K Free: 274725K (95%)
ptolemy.util.test.WatchDog.cancel(): canceling Sun Aug 12 01:52:20 UTC 2018
auto.tcl: Setting watchdog for 200 seconds at Sun Aug 12 01:52:20 UTC 2018
2 ms. Memory: 289792K Free: 274725K (95%)
ptolemy.util.test.WatchDog.cancel(): canceling Sun Aug 12 01:52:20 UTC 2018
------------------ testing $PTII/ptolemy/domains/de/test/auto/PersistentIO.xml
auto.tcl: Setting watchdog for 200 seconds at Sun Aug 12 01:52:20 UTC 2018
13 ms. Memory: 287232K Free: 266975K (93%)
ptolemy.util.test.WatchDog.cancel(): canceling Sun Aug 12 01:52:20 UTC 2018
auto.tcl: Setting watchdog for 200 seconds at Sun Aug 12 01:52:20 UTC 2018
4 ms. Memory: 287232K Free: 266975K (93%)
ptolemy.util.test.WatchDog.cancel(): canceling Sun Aug 12 01:52:20 UTC 2018
------------------ testing $PTII/ptolemy/domains/de/test/auto/PortParameterResetOnInitialize.xml
auto.tcl: Setting watchdog for 200 seconds at Sun Aug 12 01:52:20 UTC 2018
6 ms. Memory: 289280K Free: 274557K (95%)
ptolemy.util.test.WatchDog.cancel(): canceling Sun Aug 12 01:52:20 UTC 2018
auto.tcl: Setting watchdog for 200 seconds at Sun Aug 12 01:52:20 UTC 2018
2 ms. Memory: 289280K Free: 274557K (95%)
ptolemy.util.test.WatchDog.cancel(): canceling Sun Aug 12 01:52:20 UTC 2018
------------------ testing $PTII/ptolemy/domains/de/test/auto/PortParameterUpdates.xml
auto.tcl: Setting watchdog for 200 seconds at Sun Aug 12 01:52:20 UTC 2018
5 ms. Memory: 287232K Free: 272658K (95%)
ptolemy.util.test.WatchDog.cancel(): canceling Sun Aug 12 01:52:20 UTC 2018
auto.tcl: Setting watchdog for 200 seconds at Sun Aug 12 01:52:20 UTC 2018
4 ms. Memory: 287232K Free: 269755K (94%)
ptolemy.util.test.WatchDog.cancel(): canceling Sun Aug 12 01:52:20 UTC 2018
------------------ testing $PTII/ptolemy/domains/de/test/auto/QueueAndServer.xml
auto.tcl: Setting watchdog for 200 seconds at Sun Aug 12 01:52:21 UTC 2018
17 ms. Memory: 289280K Free: 273831K (95%)
ptolemy.util.test.WatchDog.cancel(): canceling Sun Aug 12 01:52:21 UTC 2018
auto.tcl: Setting watchdog for 200 seconds at Sun Aug 12 01:52:21 UTC 2018
7 ms. Memory: 289280K Free: 273831K (95%)
ptolemy.util.test.WatchDog.cancel(): canceling Sun Aug 12 01:52:21 UTC 2018
------------------ testing $PTII/ptolemy/domains/de/test/auto/Records.xml
auto.tcl: Setting watchdog for 200 seconds at Sun Aug 12 01:52:21 UTC 2018
4 ms. Memory: 287232K Free: 274605K (96%)
ptolemy.util.test.WatchDog.cancel(): canceling Sun Aug 12 01:52:21 UTC 2018
auto.tcl: Setting watchdog for 200 seconds at Sun Aug 12 01:52:21 UTC 2018
2 ms. Memory: 287232K Free: 274605K (96%)
ptolemy.util.test.WatchDog.cancel(): canceling Sun Aug 12 01:52:21 UTC 2018
------------------ testing $PTII/ptolemy/domains/de/test/auto/ResetTransitionWithStartTime1.xml
auto.tcl: Setting watchdog for 200 seconds at Sun Aug 12 01:52:21 UTC 2018
11 ms. Memory: 288768K Free: 273255K (95%)
ptolemy.util.test.WatchDog.cancel(): canceling Sun Aug 12 01:52:21 UTC 2018
auto.tcl: Setting watchdog for 200 seconds at Sun Aug 12 01:52:21 UTC 2018
7 ms. Memory: 288768K Free: 270344K (94%)
ptolemy.util.test.WatchDog.cancel(): canceling Sun Aug 12 01:52:21 UTC 2018
------------------ testing $PTII/ptolemy/domains/de/test/auto/ResetTransitionWithStartTime2.xml
auto.tcl: Setting watchdog for 200 seconds at Sun Aug 12 01:52:21 UTC 2018
10 ms. Memory: 287232K Free: 271819K (95%)
ptolemy.util.test.WatchDog.cancel(): canceling Sun Aug 12 01:52:21 UTC 2018
auto.tcl: Setting watchdog for 200 seconds at Sun Aug 12 01:52:21 UTC 2018
8 ms. Memory: 287232K Free: 268916K (94%)
ptolemy.util.test.WatchDog.cancel(): canceling Sun Aug 12 01:52:21 UTC 2018
------------------ testing $PTII/ptolemy/domains/de/test/auto/ResetTransitionWithStartTime3.xml
auto.tcl: Setting watchdog for 200 seconds at Sun Aug 12 01:52:21 UTC 2018
8 ms. Memory: 288768K Free: 273260K (95%)
ptolemy.util.test.WatchDog.cancel(): canceling Sun Aug 12 01:52:21 UTC 2018
auto.tcl: Setting watchdog for 200 seconds at Sun Aug 12 01:52:21 UTC 2018
11 ms. Memory: 288768K Free: 270365K (94%)
ptolemy.util.test.WatchDog.cancel(): canceling Sun Aug 12 01:52:21 UTC 2018
------------------ testing $PTII/ptolemy/domains/de/test/auto/ResetTransitionWithStartTime4.xml
auto.tcl: Setting watchdog for 200 seconds at Sun Aug 12 01:52:21 UTC 2018
5 ms. Memory: 287232K Free: 271730K (95%)
ptolemy.util.test.WatchDog.cancel(): canceling Sun Aug 12 01:52:21 UTC 2018
auto.tcl: Setting watchdog for 200 seconds at Sun Aug 12 01:52:21 UTC 2018
7 ms. Memory: 287232K Free: 271730K (95%)
ptolemy.util.test.WatchDog.cancel(): canceling Sun Aug 12 01:52:21 UTC 2018
------------------ testing $PTII/ptolemy/domains/de/test/auto/ResettableTimer1.xml
auto.tcl: Setting watchdog for 200 seconds at Sun Aug 12 01:52:21 UTC 2018
3 ms. Memory: 288768K Free: 276164K (96%)
ptolemy.util.test.WatchDog.cancel(): canceling Sun Aug 12 01:52:21 UTC 2018
auto.tcl: Setting watchdog for 200 seconds at Sun Aug 12 01:52:21 UTC 2018
3 ms. Memory: 288768K Free: 276164K (96%)
ptolemy.util.test.WatchDog.cancel(): canceling Sun Aug 12 01:52:21 UTC 2018
------------------ testing $PTII/ptolemy/domains/de/test/auto/ResettableTimer2.xml
auto.tcl: Setting watchdog for 200 seconds at Sun Aug 12 01:52:21 UTC 2018
3 ms. Memory: 287232K Free: 274771K (96%)
ptolemy.util.test.WatchDog.cancel(): canceling Sun Aug 12 01:52:21 UTC 2018
auto.tcl: Setting watchdog for 200 seconds at Sun Aug 12 01:52:21 UTC 2018
2 ms. Memory: 287232K Free: 274771K (96%)
ptolemy.util.test.WatchDog.cancel(): canceling Sun Aug 12 01:52:21 UTC 2018
------------------ testing $PTII/ptolemy/domains/de/test/auto/ResettableTimer3.xml
auto.tcl: Setting watchdog for 200 seconds at Sun Aug 12 01:52:21 UTC 2018
3 ms. Memory: 288256K Free: 275693K (96%)
ptolemy.util.test.WatchDog.cancel(): canceling Sun Aug 12 01:52:21 UTC 2018
auto.tcl: Setting watchdog for 200 seconds at Sun Aug 12 01:52:21 UTC 2018
1 ms. Memory: 288256K Free: 275693K (96%)
ptolemy.util.test.WatchDog.cancel(): canceling Sun Aug 12 01:52:21 UTC 2018
------------------ testing $PTII/ptolemy/domains/de/test/auto/ResettableTimer4.xml
auto.tcl: Setting watchdog for 200 seconds at Sun Aug 12 01:52:21 UTC 2018
2 ms. Memory: 287232K Free: 274783K (96%)
ptolemy.util.test.WatchDog.cancel(): canceling Sun Aug 12 01:52:21 UTC 2018
auto.tcl: Setting watchdog for 200 seconds at Sun Aug 12 01:52:21 UTC 2018
1 ms. Memory: 287232K Free: 274783K (96%)
ptolemy.util.test.WatchDog.cancel(): canceling Sun Aug 12 01:52:21 UTC 2018
------------------ testing $PTII/ptolemy/domains/de/test/auto/ResettableTimer5.xml
auto.tcl: Setting watchdog for 200 seconds at Sun Aug 12 01:52:21 UTC 2018
3 ms. Memory: 288256K Free: 273747K (95%)
ptolemy.util.test.WatchDog.cancel(): canceling Sun Aug 12 01:52:21 UTC 2018
auto.tcl: Setting watchdog for 200 seconds at Sun Aug 12 01:52:21 UTC 2018
2 ms. Memory: 288256K Free: 273747K (95%)
ptolemy.util.test.WatchDog.cancel(): canceling Sun Aug 12 01:52:21 UTC 2018
------------------ testing $PTII/ptolemy/domains/de/test/auto/ResettableTimer6.xml
auto.tcl: Setting watchdog for 200 seconds at Sun Aug 12 01:52:21 UTC 2018
2 ms. Memory: 287232K Free: 272571K (95%)
ptolemy.util.test.WatchDog.cancel(): canceling Sun Aug 12 01:52:22 UTC 2018
auto.tcl: Setting watchdog for 200 seconds at Sun Aug 12 01:52:22 UTC 2018
2 ms. Memory: 287232K Free: 272571K (95%)
ptolemy.util.test.WatchDog.cancel(): canceling Sun Aug 12 01:52:22 UTC 2018
------------------ testing $PTII/ptolemy/domains/de/test/auto/ServerZeroDelay.xml
auto.tcl: Setting watchdog for 200 seconds at Sun Aug 12 01:52:22 UTC 2018
3 ms. Memory: 288256K Free: 275745K (96%)
ptolemy.util.test.WatchDog.cancel(): canceling Sun Aug 12 01:52:22 UTC 2018
auto.tcl: Setting watchdog for 200 seconds at Sun Aug 12 01:52:22 UTC 2018
2 ms. Memory: 288256K Free: 275745K (96%)
ptolemy.util.test.WatchDog.cancel(): canceling Sun Aug 12 01:52:22 UTC 2018
------------------ testing $PTII/ptolemy/domains/de/test/auto/SmartSender.xml
auto.tcl: Setting watchdog for 200 seconds at Sun Aug 12 01:52:22 UTC 2018
3002 ms. Memory: 287232K Free: 272658K (95%)
ptolemy.util.test.WatchDog.cancel(): canceling Sun Aug 12 01:52:25 UTC 2018
auto.tcl: Setting watchdog for 200 seconds at Sun Aug 12 01:52:25 UTC 2018
3001 ms. Memory: 287232K Free: 272658K (95%)
ptolemy.util.test.WatchDog.cancel(): canceling Sun Aug 12 01:52:28 UTC 2018
------------------ testing $PTII/ptolemy/domains/de/test/auto/ThreadedComposite.xml
auto.tcl: Setting watchdog for 200 seconds at Sun Aug 12 01:52:28 UTC 2018
293 ms. Memory: 288256K Free: 252544K (88%)
ptolemy.util.test.WatchDog.cancel(): canceling Sun Aug 12 01:52:28 UTC 2018
auto.tcl: Setting watchdog for 200 seconds at Sun Aug 12 01:52:28 UTC 2018
180 ms. Memory: 288256K Free: 234404K (81%)
ptolemy.util.test.WatchDog.cancel(): canceling Sun Aug 12 01:52:28 UTC 2018
------------------ testing $PTII/ptolemy/domains/de/test/auto/Time.xml
auto.tcl: Setting watchdog for 200 seconds at Sun Aug 12 01:52:28 UTC 2018
672 ms. Memory: 287232K Free: 220825K (77%)
ptolemy.util.test.WatchDog.cancel(): canceling Sun Aug 12 01:52:29 UTC 2018
auto.tcl: Setting watchdog for 200 seconds at Sun Aug 12 01:52:29 UTC 2018
629 ms. Memory: 287232K Free: 165820K (58%)
ptolemy.util.test.WatchDog.cancel(): canceling Sun Aug 12 01:52:30 UTC 2018
------------------ testing $PTII/ptolemy/domains/de/test/auto/TimeDelayZeroDelay.xml
auto.tcl: Setting watchdog for 200 seconds at Sun Aug 12 01:52:30 UTC 2018
2 ms. Memory: 287744K Free: 275695K (96%)
ptolemy.util.test.WatchDog.cancel(): canceling Sun Aug 12 01:52:30 UTC 2018
auto.tcl: Setting watchdog for 200 seconds at Sun Aug 12 01:52:30 UTC 2018
2 ms. Memory: 287744K Free: 275695K (96%)
ptolemy.util.test.WatchDog.cancel(): canceling Sun Aug 12 01:52:30 UTC 2018
------------------ testing $PTII/ptolemy/domains/de/test/auto/TimerZeroDelay.xml
auto.tcl: Setting watchdog for 200 seconds at Sun Aug 12 01:52:30 UTC 2018
4 ms. Memory: 287232K Free: 275293K (96%)
ptolemy.util.test.WatchDog.cancel(): canceling Sun Aug 12 01:52:30 UTC 2018
auto.tcl: Setting watchdog for 200 seconds at Sun Aug 12 01:52:30 UTC 2018
2 ms. Memory: 287232K Free: 275293K (96%)
ptolemy.util.test.WatchDog.cancel(): canceling Sun Aug 12 01:52:30 UTC 2018
------------------ testing $PTII/ptolemy/domains/de/test/auto/TimingParadox.xml
auto.tcl: Setting watchdog for 200 seconds at Sun Aug 12 01:52:30 UTC 2018
437 ms. Memory: 287744K Free: 211508K (74%)
ptolemy.util.test.WatchDog.cancel(): canceling Sun Aug 12 01:52:30 UTC 2018
auto.tcl: Setting watchdog for 200 seconds at Sun Aug 12 01:52:30 UTC 2018
400 ms. Memory: 287744K Free: 177735K (62%)
ptolemy.util.test.WatchDog.cancel(): canceling Sun Aug 12 01:52:31 UTC 2018
------------------ testing $PTII/ptolemy/domains/de/test/auto/TransferInputs.xml
auto.tcl: Setting watchdog for 200 seconds at Sun Aug 12 01:52:31 UTC 2018
2 ms. Memory: 287744K Free: 274637K (95%)
ptolemy.util.test.WatchDog.cancel(): canceling Sun Aug 12 01:52:31 UTC 2018
auto.tcl: Setting watchdog for 200 seconds at Sun Aug 12 01:52:31 UTC 2018
2 ms. Memory: 287744K Free: 274637K (95%)
ptolemy.util.test.WatchDog.cancel(): canceling Sun Aug 12 01:52:31 UTC 2018
------------------ testing $PTII/ptolemy/domains/de/test/auto/TransferOutputs2.xml
auto.tcl: Setting watchdog for 200 seconds at Sun Aug 12 01:52:31 UTC 2018
13 ms. Memory: 287232K Free: 270551K (94%)
ptolemy.util.test.WatchDog.cancel(): canceling Sun Aug 12 01:52:31 UTC 2018
auto.tcl: Setting watchdog for 200 seconds at Sun Aug 12 01:52:31 UTC 2018
3 ms. Memory: 287232K Free: 267910K (93%)
ptolemy.util.test.WatchDog.cancel(): canceling Sun Aug 12 01:52:31 UTC 2018
------------------ testing $PTII/ptolemy/domains/de/test/auto/Trilateration.xml
auto.tcl: Setting watchdog for 200 seconds at Sun Aug 12 01:52:31 UTC 2018
14882 ms. Memory: 473088K Free: 288519K (61%)
ptolemy.util.test.WatchDog.cancel(): canceling Sun Aug 12 01:52:47 UTC 2018
auto.tcl: Setting watchdog for 200 seconds at Sun Aug 12 01:52:47 UTC 2018
11213 ms. Memory: 352256K Free: 239680K (68%)
ptolemy.util.test.WatchDog.cancel(): canceling Sun Aug 12 01:52:58 UTC 2018
------------------ testing $PTII/ptolemy/domains/de/test/auto/TwoSigmaDelta.xml
auto.tcl: Setting watchdog for 200 seconds at Sun Aug 12 01:52:59 UTC 2018
3100 ms. Memory: 339968K Free: 303174K (89%)
ptolemy.util.test.WatchDog.cancel(): canceling Sun Aug 12 01:53:02 UTC 2018
auto.tcl: Setting watchdog for 200 seconds at Sun Aug 12 01:53:02 UTC 2018
2230 ms. Memory: 339968K Free: 71306K (21%)
ptolemy.util.test.WatchDog.cancel(): canceling Sun Aug 12 01:53:04 UTC 2018
------------------ testing $PTII/ptolemy/domains/de/test/auto/VariableDelay.xml
auto.tcl: Setting watchdog for 200 seconds at Sun Aug 12 01:53:04 UTC 2018
2 ms. Memory: 337408K Free: 325775K (97%)
ptolemy.util.test.WatchDog.cancel(): canceling Sun Aug 12 01:53:04 UTC 2018
auto.tcl: Setting watchdog for 200 seconds at Sun Aug 12 01:53:04 UTC 2018
2 ms. Memory: 337408K Free: 321913K (95%)
ptolemy.util.test.WatchDog.cancel(): canceling Sun Aug 12 01:53:04 UTC 2018
------------------ testing $PTII/ptolemy/domains/de/test/auto/VariableDelay2.xml
auto.tcl: Setting watchdog for 200 seconds at Sun Aug 12 01:53:04 UTC 2018
8 ms. Memory: 339456K Free: 328233K (97%)
ptolemy.util.test.WatchDog.cancel(): canceling Sun Aug 12 01:53:04 UTC 2018
auto.tcl: Setting watchdog for 200 seconds at Sun Aug 12 01:53:04 UTC 2018
2 ms. Memory: 339456K Free: 324371K (96%)
ptolemy.util.test.WatchDog.cancel(): canceling Sun Aug 12 01:53:04 UTC 2018
------------------ testing $PTII/ptolemy/domains/de/test/auto/VariableDelayZeroDelay.xml
auto.tcl: Setting watchdog for 200 seconds at Sun Aug 12 01:53:04 UTC 2018
2 ms. Memory: 337408K Free: 323624K (96%)
ptolemy.util.test.WatchDog.cancel(): canceling Sun Aug 12 01:53:04 UTC 2018
auto.tcl: Setting watchdog for 200 seconds at Sun Aug 12 01:53:04 UTC 2018
2 ms. Memory: 337408K Free: 319778K (95%)
ptolemy.util.test.WatchDog.cancel(): canceling Sun Aug 12 01:53:04 UTC 2018
------------------ testing $PTII/ptolemy/domains/de/test/auto/VariableDelayZeroDelay2.xml
auto.tcl: Setting watchdog for 200 seconds at Sun Aug 12 01:53:04 UTC 2018
4 ms. Memory: 339456K Free: 325671K (96%)
ptolemy.util.test.WatchDog.cancel(): canceling Sun Aug 12 01:53:04 UTC 2018
auto.tcl: Setting watchdog for 200 seconds at Sun Aug 12 01:53:04 UTC 2018
2 ms. Memory: 339456K Free: 321816K (95%)
ptolemy.util.test.WatchDog.cancel(): canceling Sun Aug 12 01:53:04 UTC 2018
------------------ testing $PTII/ptolemy/domains/de/test/auto/deInCt.xml
auto.tcl: Setting watchdog for 200 seconds at Sun Aug 12 01:53:04 UTC 2018
0
1
1
1
0
0
0
1
1
1
1
0
0
0
0
1
1
1
0
0
0
1
1
1
0
0
0
1
1
1
0
0
0
1
1
1
0
0
0
0
0
20 ms. Memory: 337408K Free: 319754K (95%)
ptolemy.util.test.WatchDog.cancel(): canceling Sun Aug 12 01:53:04 UTC 2018
auto.tcl: Setting watchdog for 200 seconds at Sun Aug 12 01:53:04 UTC 2018
0
1
1
1
0
0
0
1
1
1
0
0
0
1
1
0
0
0
0
1
1
1
0
0
0
0
1
1
1
0
0
0
1
1
1
1
0
0
0
1
1
1
1
0
0
0
1
1
1
1
11 ms. Memory: 337408K Free: 319754K (95%)
ptolemy.util.test.WatchDog.cancel(): canceling Sun Aug 12 01:53:04 UTC 2018
------------------ testing $PTII/ptolemy/domains/de/test/auto/deInCt2.xml
auto.tcl: Setting watchdog for 200 seconds at Sun Aug 12 01:53:04 UTC 2018
0
1
1
1
0
0
1
1
1
0
0
1
1
1
0
0
1
1
1
0
0
1
1
1
0
0
1
1
1
0
0
1
1
1
0
0
1
1
1
0
0
0
9 ms. Memory: 338944K Free: 321289K (95%)
ptolemy.util.test.WatchDog.cancel(): canceling Sun Aug 12 01:53:04 UTC 2018
auto.tcl: Setting watchdog for 200 seconds at Sun Aug 12 01:53:04 UTC 2018
0
1
1
1
0
0
1
1
1
0
0
1
1
1
0
0
1
1
1
0
0
1
1
1
0
0
1
1
1
0
0
1
1
1
0
0
1
1
1
0
0
0
6 ms. Memory: 338944K Free: 321289K (95%)
ptolemy.util.test.WatchDog.cancel(): canceling Sun Aug 12 01:53:04 UTC 2018
------------------ testing $PTII/ptolemy/domains/de/test/auto/dynamicCausalityInterface1.xml
auto.tcl: Setting watchdog for 200 seconds at Sun Aug 12 01:53:04 UTC 2018
1 ms. Memory: 337408K Free: 318466K (94%)
ptolemy.util.test.WatchDog.cancel(): canceling Sun Aug 12 01:53:04 UTC 2018
auto.tcl: Setting watchdog for 200 seconds at Sun Aug 12 01:53:04 UTC 2018
1 ms. Memory: 337408K Free: 318466K (94%)
ptolemy.util.test.WatchDog.cancel(): canceling Sun Aug 12 01:53:04 UTC 2018
------------------ testing $PTII/ptolemy/domains/de/test/auto/fsm_de_test.xml
auto.tcl: Setting watchdog for 200 seconds at Sun Aug 12 01:53:05 UTC 2018
14 ms. Memory: 338944K Free: 317322K (94%)
ptolemy.util.test.WatchDog.cancel(): canceling Sun Aug 12 01:53:05 UTC 2018
auto.tcl: Setting watchdog for 200 seconds at Sun Aug 12 01:53:05 UTC 2018
14 ms. Memory: 338944K Free: 317322K (94%)
ptolemy.util.test.WatchDog.cancel(): canceling Sun Aug 12 01:53:05 UTC 2018
------------------ testing $PTII/ptolemy/domains/de/test/auto/functionDependencyReconstruction.xml
auto.tcl: Setting watchdog for 200 seconds at Sun Aug 12 01:53:05 UTC 2018
3 ms. Memory: 337408K Free: 311961K (92%)
ptolemy.util.test.WatchDog.cancel(): canceling Sun Aug 12 01:53:05 UTC 2018
auto.tcl: Setting watchdog for 200 seconds at Sun Aug 12 01:53:05 UTC 2018
3 ms. Memory: 337408K Free: 308115K (91%)
ptolemy.util.test.WatchDog.cancel(): canceling Sun Aug 12 01:53:05 UTC 2018
------------------ testing $PTII/ptolemy/domains/de/test/auto/multirate.xml
auto.tcl: Setting watchdog for 200 seconds at Sun Aug 12 01:53:05 UTC 2018
5 ms. Memory: 338432K Free: 320539K (95%)
ptolemy.util.test.WatchDog.cancel(): canceling Sun Aug 12 01:53:05 UTC 2018
auto.tcl: Setting watchdog for 200 seconds at Sun Aug 12 01:53:05 UTC 2018
7 ms. Memory: 338432K Free: 320539K (95%)
ptolemy.util.test.WatchDog.cancel(): canceling Sun Aug 12 01:53:05 UTC 2018
------------------ testing $PTII/ptolemy/domains/de/test/auto/multirate2.xml
auto.tcl: Setting watchdog for 200 seconds at Sun Aug 12 01:53:05 UTC 2018
2 ms. Memory: 337408K Free: 319715K (95%)
ptolemy.util.test.WatchDog.cancel(): canceling Sun Aug 12 01:53:05 UTC 2018
auto.tcl: Setting watchdog for 200 seconds at Sun Aug 12 01:53:05 UTC 2018
4 ms. Memory: 337408K Free: 319715K (95%)
ptolemy.util.test.WatchDog.cancel(): canceling Sun Aug 12 01:53:05 UTC 2018
------------------ testing $PTII/ptolemy/domains/de/test/auto/realtime.xml
auto.tcl: Setting watchdog for 200 seconds at Sun Aug 12 01:53:05 UTC 2018
10001 ms. Memory: 338432K Free: 320730K (95%)
ptolemy.util.test.WatchDog.cancel(): canceling Sun Aug 12 01:53:15 UTC 2018
auto.tcl: Setting watchdog for 200 seconds at Sun Aug 12 01:53:15 UTC 2018
10001 ms. Memory: 338432K Free: 320730K (95%)
ptolemy.util.test.WatchDog.cancel(): canceling Sun Aug 12 01:53:25 UTC 2018
------------------ testing $PTII/ptolemy/domains/de/test/auto/relationGroup.xml
auto.tcl: Setting watchdog for 200 seconds at Sun Aug 12 01:53:25 UTC 2018
2 ms. Memory: 337408K Free: 326150K (97%)
ptolemy.util.test.WatchDog.cancel(): canceling Sun Aug 12 01:53:25 UTC 2018
auto.tcl: Setting watchdog for 200 seconds at Sun Aug 12 01:53:25 UTC 2018
2 ms. Memory: 337408K Free: 326150K (97%)
ptolemy.util.test.WatchDog.cancel(): canceling Sun Aug 12 01:53:25 UTC 2018
------------------ testing $PTII/ptolemy/domains/de/test/auto/relationGroup2.xml
auto.tcl: Setting watchdog for 200 seconds at Sun Aug 12 01:53:25 UTC 2018
1 ms. Memory: 338432K Free: 324641K (96%)
ptolemy.util.test.WatchDog.cancel(): canceling Sun Aug 12 01:53:25 UTC 2018
auto.tcl: Setting watchdog for 200 seconds at Sun Aug 12 01:53:25 UTC 2018
1 ms. Memory: 338432K Free: 324641K (96%)
ptolemy.util.test.WatchDog.cancel(): canceling Sun Aug 12 01:53:25 UTC 2018
------------------ testing $PTII/ptolemy/domains/de/test/auto/sortWithOpaquePorts.xml
auto.tcl: Setting watchdog for 200 seconds at Sun Aug 12 01:53:25 UTC 2018
2 ms. Memory: 337408K Free: 323617K (96%)
ptolemy.util.test.WatchDog.cancel(): canceling Sun Aug 12 01:53:25 UTC 2018
auto.tcl: Setting watchdog for 200 seconds at Sun Aug 12 01:53:25 UTC 2018
2 ms. Memory: 337408K Free: 319754K (95%)
ptolemy.util.test.WatchDog.cancel(): canceling Sun Aug 12 01:53:25 UTC 2018
------------------ testing $PTII/ptolemy/domains/de/test/auto/transferInputsandOutputs.xml
auto.tcl: Setting watchdog for 200 seconds at Sun Aug 12 01:53:25 UTC 2018
2 ms. Memory: 337920K Free: 320253K (95%)
ptolemy.util.test.WatchDog.cancel(): canceling Sun Aug 12 01:53:25 UTC 2018
auto.tcl: Setting watchdog for 200 seconds at Sun Aug 12 01:53:25 UTC 2018
4 ms. Memory: 337920K Free: 320253K (95%)
ptolemy.util.test.WatchDog.cancel(): canceling Sun Aug 12 01:53:25 UTC 2018
------------------ testing $PTII/ptolemy/domains/de/test/auto/triggerType.xml
auto.tcl: Setting watchdog for 200 seconds at Sun Aug 12 01:53:25 UTC 2018
2 ms. Memory: 337408K Free: 323554K (96%)
ptolemy.util.test.WatchDog.cancel(): canceling Sun Aug 12 01:53:25 UTC 2018
auto.tcl: Setting watchdog for 200 seconds at Sun Aug 12 01:53:25 UTC 2018
1 ms. Memory: 337408K Free: 319691K (95%)
ptolemy.util.test.WatchDog.cancel(): canceling Sun Aug 12 01:53:25 UTC 2018
08/12/18 01:53:25
Failed: 0  Total Tests: 192  ((Passed: 187, Newly Passed: 1)  Known Failed: 5) /home/travis/build/icyphy/ptII/ptolemy/domains/de/test
08/12/18 01:53:25
Failed: 0  Total Tests: 192  ((Passed: 187, Newly Passed: 1)  Known Failed: 5) /home/travis/build/icyphy/ptII/ptolemy/domains/de/test
----------------- testing (KnownFailure) /home/travis/build/icyphy/ptII/ptolemy/domains/de/test/auto/knownFailedTests/DESDFClockTest.xml
2010 ms. Memory: 337920K Free: 313864K (93%)
Known Failure: java.lang.reflect.InvocationTargetException
----------------- testing (KnownFailure) /home/travis/build/icyphy/ptII/ptolemy/domains/de/test/auto/knownFailedTests/DirectFeedback.xml
3 ms. Memory: 337920K Free: 293383K (87%)
Known Failure: java.lang.reflect.InvocationTargetException
----------------- testing (KnownFailure) /home/travis/build/icyphy/ptII/ptolemy/domains/de/test/auto/knownFailedTests/FSMSource.xml
12 ms. Memory: 337920K Free: 267767K (79%)
----------------- testing (KnownFailure) /home/travis/build/icyphy/ptII/ptolemy/domains/de/test/auto/knownFailedTests/HierarchicalModel.xml
3 ms. Memory: 337920K Free: 242131K (72%)
Known Failure: java.lang.reflect.InvocationTargetException
----------------- testing (KnownFailure) /home/travis/build/icyphy/ptII/ptolemy/domains/de/test/auto/knownFailedTests/dependencyLoop.xml
3 ms. Memory: 337920K Free: 211410K (63%)
Known Failure: java.lang.reflect.InvocationTargetException
----------------- testing (KnownFailure) /home/travis/build/icyphy/ptII/ptolemy/domains/de/test/auto/knownFailedTests/dependencyLoop2.xml
3 ms. Memory: 337920K Free: 180674K (53%)
Known Failure: java.lang.reflect.InvocationTargetException
No auto/linux-amd64/*.xml tests in /home/travis/build/icyphy/ptII/ptolemy/domains/de/test
AutoTests.java: About to close Vertx.
AutoTests.java: Vertx closed.

===========================================================================================
----------------- testing Sun Aug 12 01:53:28 UTC 2018 /home/travis/build/icyphy/ptII/ptolemy/domains/de/test/auto/ActorDepthCalculation_actorWithoutPorts.xml
----------------- Instantiating /home/travis/build/icyphy/ptII/ptolemy/domains/de/test/auto/ActorDepthCalculation_actorWithoutPorts.xml
1 ms. Memory: 337920K Free: 155074K (46%)
----------------- Invoking toplevel() on ptolemy.moml.MoMLSimpleApplication@94b0166
----------------- Done invoking toplevel() on ptolemy.moml.MoMLSimpleApplication@94b0166
reloadAllAccessors: .ActorDepthCalculation_actorWithoutPorts

===========================================================================================
----------------- testing Sun Aug 12 01:53:28 UTC 2018 /home/travis/build/icyphy/ptII/ptolemy/domains/de/test/auto/AssemblyLine.xml
----------------- Instantiating /home/travis/build/icyphy/ptII/ptolemy/domains/de/test/auto/AssemblyLine.xml
4 ms. Memory: 337920K Free: 139714K (41%)
----------------- Invoking toplevel() on ptolemy.moml.MoMLSimpleApplication@4150e373
----------------- Done invoking toplevel() on ptolemy.moml.MoMLSimpleApplication@4150e373
reloadAllAccessors: .AssemblyLine

===========================================================================================
----------------- testing Sun Aug 12 01:53:28 UTC 2018 /home/travis/build/icyphy/ptII/ptolemy/domains/de/test/auto/CQBug1.xml
----------------- Instantiating /home/travis/build/icyphy/ptII/ptolemy/domains/de/test/auto/CQBug1.xml
2 ms. Memory: 337920K Free: 129473K (38%)
----------------- Invoking toplevel() on ptolemy.moml.MoMLSimpleApplication@1e7c03ea
----------------- Done invoking toplevel() on ptolemy.moml.MoMLSimpleApplication@1e7c03ea
reloadAllAccessors: .CQBug1

===========================================================================================
----------------- testing Sun Aug 12 01:53:28 UTC 2018 /home/travis/build/icyphy/ptII/ptolemy/domains/de/test/auto/CancelFireAt.xml
----------------- Instantiating /home/travis/build/icyphy/ptII/ptolemy/domains/de/test/auto/CancelFireAt.xml
0 ms. Memory: 337920K Free: 119233K (35%)
----------------- Invoking toplevel() on ptolemy.moml.MoMLSimpleApplication@c7a55d8
----------------- Done invoking toplevel() on ptolemy.moml.MoMLSimpleApplication@c7a55d8
reloadAllAccessors: .CancelFireAt

===========================================================================================
----------------- testing Sun Aug 12 01:53:28 UTC 2018 /home/travis/build/icyphy/ptII/ptolemy/domains/de/test/auto/CausalityAndComposabilityAnalysis.xml
----------------- Instantiating /home/travis/build/icyphy/ptII/ptolemy/domains/de/test/auto/CausalityAndComposabilityAnalysis.xml
1 ms. Memory: 337920K Free: 108993K (32%)
----------------- Invoking toplevel() on ptolemy.moml.MoMLSimpleApplication@4c0cf43
----------------- Done invoking toplevel() on ptolemy.moml.MoMLSimpleApplication@4c0cf43
reloadAllAccessors: .CausalityAndComposabilityAnalysis

===========================================================================================
----------------- testing Sun Aug 12 01:53:28 UTC 2018 /home/travis/build/icyphy/ptII/ptolemy/domains/de/test/auto/CausalityInterface1.xml
----------------- Instantiating /home/travis/build/icyphy/ptII/ptolemy/domains/de/test/auto/CausalityInterface1.xml
6 ms. Memory: 337920K Free: 98753K (29%)
----------------- Invoking toplevel() on ptolemy.moml.MoMLSimpleApplication@44527337
----------------- Done invoking toplevel() on ptolemy.moml.MoMLSimpleApplication@44527337
reloadAllAccessors: .CausalityInterface1

===========================================================================================
----------------- testing Sun Aug 12 01:53:28 UTC 2018 /home/travis/build/icyphy/ptII/ptolemy/domains/de/test/auto/CausalityInterface15.xml
----------------- Instantiating /home/travis/build/icyphy/ptII/ptolemy/domains/de/test/auto/CausalityInterface15.xml
2 ms. Memory: 337920K Free: 84667K (25%)
----------------- Invoking toplevel() on ptolemy.moml.MoMLSimpleApplication@5b74afe5
----------------- Done invoking toplevel() on ptolemy.moml.MoMLSimpleApplication@5b74afe5
reloadAllAccessors: .CausalityInterface15

[...]
java.lang.RuntimeException: Execution failed
	at ptolemy.moml.MoMLSimpleApplication$UnloadThread.run(MoMLSimpleApplication.java:402)
Caused by: ptolemy.kernel.util.IllegalActionException: Test fails in iteration 1.
Value was: 1.0. Should have been: 2.0
  in .DirectFeedback.Test
	at ptolemy.actor.lib.Test.fire(Test.java:268)
	at ptolemy.domains.de.kernel.DEDirector._fire(DEDirector.java:1949)
	at ptolemy.domains.de.kernel.DEDirector.fire(DEDirector.java:502)
	at ptolemy.actor.CompositeActor.fire(CompositeActor.java:455)
	at ptolemy.actor.Manager.iterate(Manager.java:851)
	at ptolemy.actor.Manager.execute(Manager.java:369)
	at ptolemy.actor.Manager.run(Manager.java:1263)
	at ptolemy.actor.Manager$PtolemyRunThread.run(Manager.java:1915)
java.lang.RuntimeException: Execution failed
	at ptolemy.moml.MoMLSimpleApplication$UnloadThread.run(MoMLSimpleApplication.java:402)
Caused by: ptolemy.kernel.util.IllegalActionException: Actor is not ready to fire.  Perhaps UpSample.prefire() returned false? Try debugging the actor by selecting "Listen to Actor".  Also, for SDF check moml for tokenConsumptionRate on input.
  in .DESDFClockTest.Play Bell.Copy1:SDF Director and .DESDFClockTest.Play Bell.UpSample
	at ptolemy.actor.sched.StaticSchedulingDirector.fire(StaticSchedulingDirector.java:227)
	at ptolemy.domains.sdf.kernel.SDFDirector.fire(SDFDirector.java:500)
	at ptolemy.actor.CompositeActor.fire(CompositeActor.java:455)
	at ptolemy.domains.de.kernel.DEDirector._fire(DEDirector.java:1949)
	at ptolemy.domains.de.kernel.DEDirector.fire(DEDirector.java:502)
	at ptolemy.actor.CompositeActor.fire(CompositeActor.java:455)
	at ptolemy.actor.Manager.iterate(Manager.java:851)
	at ptolemy.actor.Manager.execute(Manager.java:369)
	at ptolemy.actor.Manager.run(Manager.java:1263)
	at ptolemy.actor.Manager$PtolemyRunThread.run(Manager.java:1915)
java.lang.reflect.InvocationTargetException
	at sun.reflect.NativeConstructorAccessorImpl.newInstance0(Native Method)
	at sun.reflect.NativeConstructorAccessorImpl.newInstance(NativeConstructorAccessorImpl.java:62)
	at sun.reflect.DelegatingConstructorAccessorImpl.newInstance(DelegatingConstructorAccessorImpl.java:45)
	at java.lang.reflect.Constructor.newInstance(Constructor.java:423)
	at ptolemy.util.test.junit.AutoKnownFailedTests.RunModel(AutoKnownFailedTests.java:107)
	at sun.reflect.NativeMethodAccessorImpl.invoke0(Native Method)
	at sun.reflect.NativeMethodAccessorImpl.invoke(NativeMethodAccessorImpl.java:62)
	at sun.reflect.DelegatingMethodAccessorImpl.invoke(DelegatingMethodAccessorImpl.java:43)
	at java.lang.reflect.Method.invoke(Method.java:498)
	at org.junit.runners.model.FrameworkMethod$1.runReflectiveCall(FrameworkMethod.java:44)
	at org.junit.internal.runners.model.ReflectiveCallable.run(ReflectiveCallable.java:15)
	at org.junit.runners.model.FrameworkMethod.invokeExplosively(FrameworkMethod.java:41)
	at junitparams.internal.InvokeParameterisedMethod.evaluate(InvokeParameterisedMethod.java:102)
	at org.junit.internal.runners.statements.FailOnTimeout$1.run(FailOnTimeout.java:28)
Caused by: ptolemy.kernel.util.IllegalActionException: Actor is not ready to fire.  Perhaps UpSample.prefire() returned false? Try debugging the actor by selecting "Listen to Actor".  Also, for SDF check moml for tokenConsumptionRate on input.
  in .DESDFClockTest.Play Bell.Copy1:SDF Director and .DESDFClockTest.Play Bell.UpSample
	at ptolemy.actor.sched.StaticSchedulingDirector.fire(StaticSchedulingDirector.java:227)
	at ptolemy.domains.sdf.kernel.SDFDirector.fire(SDFDirector.java:500)
	at ptolemy.actor.CompositeActor.fire(CompositeActor.java:455)
	at ptolemy.domains.de.kernel.DEDirector._fire(DEDirector.java:1949)
	at ptolemy.domains.de.kernel.DEDirector.fire(DEDirector.java:502)
	at ptolemy.actor.CompositeActor.fire(CompositeActor.java:455)
	at ptolemy.actor.Manager.iterate(Manager.java:851)
	at ptolemy.actor.Manager.execute(Manager.java:369)
	at ptolemy.actor.Manager.run(Manager.java:1263)
	at ptolemy.actor.Manager$PtolemyRunThread.run(Manager.java:1915)
java.lang.RuntimeException: Execution failed
	at ptolemy.moml.MoMLSimpleApplication$UnloadThread.run(MoMLSimpleApplication.java:402)
Caused by: ptolemy.kernel.util.IllegalActionException: Test fails in iteration 1.
Value was: 1.0. Should have been: 2.0
  in .DirectFeedback.Test
	at ptolemy.actor.lib.Test.fire(Test.java:268)
	at ptolemy.domains.de.kernel.DEDirector._fire(DEDirector.java:1949)
	at ptolemy.domains.de.kernel.DEDirector.fire(DEDirector.java:502)
	at ptolemy.actor.CompositeActor.fire(CompositeActor.java:455)
	at ptolemy.actor.Manager.iterate(Manager.java:851)
	at ptolemy.actor.Manager.execute(Manager.java:369)
	at ptolemy.actor.Manager.run(Manager.java:1263)
	at ptolemy.actor.Manager$PtolemyRunThread.run(Manager.java:1915)
java.lang.reflect.InvocationTargetException
	at sun.reflect.NativeConstructorAccessorImpl.newInstance0(Native Method)
	at sun.reflect.NativeConstructorAccessorImpl.newInstance(NativeConstructorAccessorImpl.java:62)
	at sun.reflect.DelegatingConstructorAccessorImpl.newInstance(DelegatingConstructorAccessorImpl.java:45)
	at java.lang.reflect.Constructor.newInstance(Constructor.java:423)
	at ptolemy.util.test.junit.AutoKnownFailedTests.RunModel(AutoKnownFailedTests.java:107)
	at sun.reflect.NativeMethodAccessorImpl.invoke0(Native Method)
	at sun.reflect.NativeMethodAccessorImpl.invoke(NativeMethodAccessorImpl.java:62)
	at sun.reflect.DelegatingMethodAccessorImpl.invoke(DelegatingMethodAccessorImpl.java:43)
	at java.lang.reflect.Method.invoke(Method.java:498)
	at org.junit.runners.model.FrameworkMethod$1.runReflectiveCall(FrameworkMethod.java:44)
	at org.junit.internal.runners.model.ReflectiveCallable.run(ReflectiveCallable.java:15)
	at org.junit.runners.model.FrameworkMethod.invokeExplosively(FrameworkMethod.java:41)
	at junitparams.internal.InvokeParameterisedMethod.evaluate(InvokeParameterisedMethod.java:102)
	at org.junit.internal.runners.statements.FailOnTimeout$1.run(FailOnTimeout.java:28)
Caused by: ptolemy.kernel.util.IllegalActionException: Test fails in iteration 1.
Value was: 1.0. Should have been: 2.0
  in .DirectFeedback.Test
	at ptolemy.actor.lib.Test.fire(Test.java:268)
	at ptolemy.domains.de.kernel.DEDirector._fire(DEDirector.java:1949)
	at ptolemy.domains.de.kernel.DEDirector.fire(DEDirector.java:502)
	at ptolemy.actor.CompositeActor.fire(CompositeActor.java:455)
	at ptolemy.actor.Manager.iterate(Manager.java:851)
	at ptolemy.actor.Manager.execute(Manager.java:369)
	at ptolemy.actor.Manager.run(Manager.java:1263)
	at ptolemy.actor.Manager$PtolemyRunThread.run(Manager.java:1915)
java.lang.RuntimeException: Execution failed
	at ptolemy.moml.MoMLSimpleApplication$UnloadThread.run(MoMLSimpleApplication.java:402)
Caused by: ptolemy.kernel.util.IllegalActionException: Found a zero delay loop containing .HierarchicalModel.A
  in .HierarchicalModel and .HierarchicalModel.A
	at ptolemy.actor.util.CausalityInterfaceForComposites._computeOutputPortDepth(CausalityInterfaceForComposites.java:759)
	at ptolemy.actor.util.CausalityInterfaceForComposites._computeInputDepth(CausalityInterfaceForComposites.java:696)
	at ptolemy.actor.util.CausalityInterfaceForComposites._computeOutputPortDepth(CausalityInterfaceForComposites.java:765)
	at ptolemy.actor.util.CausalityInterfaceForComposites._computeInputDepth(CausalityInterfaceForComposites.java:696)
	at ptolemy.actor.util.CausalityInterfaceForComposites._computeOutputPortDepth(CausalityInterfaceForComposites.java:765)
	at ptolemy.actor.util.CausalityInterfaceForComposites._computeInputDepth(CausalityInterfaceForComposites.java:696)
	at ptolemy.actor.util.CausalityInterfaceForComposites._computeActorDepth(CausalityInterfaceForComposites.java:532)
	at ptolemy.actor.util.CausalityInterfaceForComposites.checkForCycles(CausalityInterfaceForComposites.java:96)
	at ptolemy.domains.de.kernel.DEDirector.preinitialize(DEDirector.java:1338)
	at ptolemy.actor.CompositeActor.preinitialize(CompositeActor.java:1828)
	at ptolemy.actor.Manager.preinitializeAndResolveTypes(Manager.java:1040)
	at ptolemy.actor.Manager.initialize(Manager.java:710)
	at ptolemy.actor.Manager.execute(Manager.java:356)
	at ptolemy.actor.Manager.run(Manager.java:1263)
	at ptolemy.actor.Manager$PtolemyRunThread.run(Manager.java:1915)
java.lang.reflect.InvocationTargetException
	at sun.reflect.NativeConstructorAccessorImpl.newInstance0(Native Method)
	at sun.reflect.NativeConstructorAccessorImpl.newInstance(NativeConstructorAccessorImpl.java:62)
	at sun.reflect.DelegatingConstructorAccessorImpl.newInstance(DelegatingConstructorAccessorImpl.java:45)
	at java.lang.reflect.Constructor.newInstance(Constructor.java:423)
	at ptolemy.util.test.junit.AutoKnownFailedTests.RunModel(AutoKnownFailedTests.java:107)
	at sun.reflect.NativeMethodAccessorImpl.invoke0(Native Method)
	at sun.reflect.NativeMethodAccessorImpl.invoke(NativeMethodAccessorImpl.java:62)
	at sun.reflect.DelegatingMethodAccessorImpl.invoke(DelegatingMethodAccessorImpl.java:43)
	at java.lang.reflect.Method.invoke(Method.java:498)
	at org.junit.runners.model.FrameworkMethod$1.runReflectiveCall(FrameworkMethod.java:44)
	at org.junit.internal.runners.model.ReflectiveCallable.run(ReflectiveCallable.java:15)
	at org.junit.runners.model.FrameworkMethod.invokeExplosively(FrameworkMethod.java:41)
	at junitparams.internal.InvokeParameterisedMethod.evaluate(InvokeParameterisedMethod.java:102)
	at org.junit.internal.runners.statements.FailOnTimeout$1.run(FailOnTimeout.java:28)
Caused by: ptolemy.kernel.util.IllegalActionException: Found a zero delay loop containing .HierarchicalModel.A
  in .HierarchicalModel and .HierarchicalModel.A
	at ptolemy.actor.util.CausalityInterfaceForComposites._computeOutputPortDepth(CausalityInterfaceForComposites.java:759)
	at ptolemy.actor.util.CausalityInterfaceForComposites._computeInputDepth(CausalityInterfaceForComposites.java:696)
	at ptolemy.actor.util.CausalityInterfaceForComposites._computeOutputPortDepth(CausalityInterfaceForComposites.java:765)
	at ptolemy.actor.util.CausalityInterfaceForComposites._computeInputDepth(CausalityInterfaceForComposites.java:696)
	at ptolemy.actor.util.CausalityInterfaceForComposites._computeOutputPortDepth(CausalityInterfaceForComposites.java:765)
	at ptolemy.actor.util.CausalityInterfaceForComposites._computeInputDepth(CausalityInterfaceForComposites.java:696)
	at ptolemy.actor.util.CausalityInterfaceForComposites._computeActorDepth(CausalityInterfaceForComposites.java:532)
	at ptolemy.actor.util.CausalityInterfaceForComposites.checkForCycles(CausalityInterfaceForComposites.java:96)
	at ptolemy.domains.de.kernel.DEDirector.preinitialize(DEDirector.java:1338)
	at ptolemy.actor.CompositeActor.preinitialize(CompositeActor.java:1828)
	at ptolemy.actor.Manager.preinitializeAndResolveTypes(Manager.java:1040)
	at ptolemy.actor.Manager.initialize(Manager.java:710)
	at ptolemy.actor.Manager.execute(Manager.java:356)
	at ptolemy.actor.Manager.run(Manager.java:1263)
	at ptolemy.actor.Manager$PtolemyRunThread.run(Manager.java:1915)
java.lang.RuntimeException: Execution failed
	at ptolemy.moml.MoMLSimpleApplication$UnloadThread.run(MoMLSimpleApplication.java:402)
Caused by: ptolemy.kernel.util.IllegalActionException: Found a zero delay loop containing .dependencyLoop.original
  in .dependencyLoop and .dependencyLoop.original
	at ptolemy.actor.util.CausalityInterfaceForComposites._computeOutputPortDepth(CausalityInterfaceForComposites.java:759)
	at ptolemy.actor.util.CausalityInterfaceForComposites._computeInputDepth(CausalityInterfaceForComposites.java:696)
	at ptolemy.actor.util.CausalityInterfaceForComposites._computeOutputPortDepth(CausalityInterfaceForComposites.java:765)
	at ptolemy.actor.util.CausalityInterfaceForComposites._computeInputDepth(CausalityInterfaceForComposites.java:696)
	at ptolemy.actor.util.CausalityInterfaceForComposites._computeOutputPortDepth(CausalityInterfaceForComposites.java:765)
	at ptolemy.actor.util.CausalityInterfaceForComposites._computeInputDepth(CausalityInterfaceForComposites.java:696)
	at ptolemy.actor.util.CausalityInterfaceForComposites._computeActorDepth(CausalityInterfaceForComposites.java:532)
	at ptolemy.actor.util.CausalityInterfaceForComposites.checkForCycles(CausalityInterfaceForComposites.java:96)
	at ptolemy.domains.de.kernel.DEDirector.preinitialize(DEDirector.java:1338)
	at ptolemy.actor.CompositeActor.preinitialize(CompositeActor.java:1828)
	at ptolemy.actor.Manager.preinitializeAndResolveTypes(Manager.java:1040)
	at ptolemy.actor.Manager.initialize(Manager.java:710)
	at ptolemy.actor.Manager.execute(Manager.java:356)
	at ptolemy.actor.Manager.run(Manager.java:1263)
	at ptolemy.actor.Manager$PtolemyRunThread.run(Manager.java:1915)
java.lang.reflect.InvocationTargetException
	at sun.reflect.NativeConstructorAccessorImpl.newInstance0(Native Method)
	at sun.reflect.NativeConstructorAccessorImpl.newInstance(NativeConstructorAccessorImpl.java:62)
	at sun.reflect.DelegatingConstructorAccessorImpl.newInstance(DelegatingConstructorAccessorImpl.java:45)
	at java.lang.reflect.Constructor.newInstance(Constructor.java:423)
	at ptolemy.util.test.junit.AutoKnownFailedTests.RunModel(AutoKnownFailedTests.java:107)
	at sun.reflect.NativeMethodAccessorImpl.invoke0(Native Method)
	at sun.reflect.NativeMethodAccessorImpl.invoke(NativeMethodAccessorImpl.java:62)
	at sun.reflect.DelegatingMethodAccessorImpl.invoke(DelegatingMethodAccessorImpl.java:43)
	at java.lang.reflect.Method.invoke(Method.java:498)
	at org.junit.runners.model.FrameworkMethod$1.runReflectiveCall(FrameworkMethod.java:44)
	at org.junit.internal.runners.model.ReflectiveCallable.run(ReflectiveCallable.java:15)
	at org.junit.runners.model.FrameworkMethod.invokeExplosively(FrameworkMethod.java:41)
	at junitparams.internal.InvokeParameterisedMethod.evaluate(InvokeParameterisedMethod.java:102)
	at org.junit.internal.runners.statements.FailOnTimeout$1.run(FailOnTimeout.java:28)
Caused by: ptolemy.kernel.util.IllegalActionException: Found a zero delay loop containing .dependencyLoop.original
  in .dependencyLoop and .dependencyLoop.original
	at ptolemy.actor.util.CausalityInterfaceForComposites._computeOutputPortDepth(CausalityInterfaceForComposites.java:759)
	at ptolemy.actor.util.CausalityInterfaceForComposites._computeInputDepth(CausalityInterfaceForComposites.java:696)
	at ptolemy.actor.util.CausalityInterfaceForComposites._computeOutputPortDepth(CausalityInterfaceForComposites.java:765)
	at ptolemy.actor.util.CausalityInterfaceForComposites._computeInputDepth(CausalityInterfaceForComposites.java:696)
	at ptolemy.actor.util.CausalityInterfaceForComposites._computeOutputPortDepth(CausalityInterfaceForComposites.java:765)
	at ptolemy.actor.util.CausalityInterfaceForComposites._computeInputDepth(CausalityInterfaceForComposites.java:696)
	at ptolemy.actor.util.CausalityInterfaceForComposites._computeActorDepth(CausalityInterfaceForComposites.java:532)
	at ptolemy.actor.util.CausalityInterfaceForComposites.checkForCycles(CausalityInterfaceForComposites.java:96)
	at ptolemy.domains.de.kernel.DEDirector.preinitialize(DEDirector.java:1338)
	at ptolemy.actor.CompositeActor.preinitialize(CompositeActor.java:1828)
	at ptolemy.actor.Manager.preinitializeAndResolveTypes(Manager.java:1040)
	at ptolemy.actor.Manager.initialize(Manager.java:710)
	at ptolemy.actor.Manager.execute(Manager.java:356)
	at ptolemy.actor.Manager.run(Manager.java:1263)
	at ptolemy.actor.Manager$PtolemyRunThread.run(Manager.java:1915)
java.lang.RuntimeException: Execution failed
	at ptolemy.moml.MoMLSimpleApplication$UnloadThread.run(MoMLSimpleApplication.java:402)
Caused by: ptolemy.kernel.util.IllegalActionException: Found a zero delay loop containing .dependencyLoop2.original
  in .dependencyLoop2 and .dependencyLoop2.original
	at ptolemy.actor.util.CausalityInterfaceForComposites._computeOutputPortDepth(CausalityInterfaceForComposites.java:759)
	at ptolemy.actor.util.CausalityInterfaceForComposites._computeInputDepth(CausalityInterfaceForComposites.java:696)
	at ptolemy.actor.util.CausalityInterfaceForComposites._computeOutputPortDepth(CausalityInterfaceForComposites.java:765)
	at ptolemy.actor.util.CausalityInterfaceForComposites._computeInputDepth(CausalityInterfaceForComposites.java:696)
	at ptolemy.actor.util.CausalityInterfaceForComposites._computeOutputPortDepth(CausalityInterfaceForComposites.java:765)
	at ptolemy.actor.util.CausalityInterfaceForComposites._computeInputDepth(CausalityInterfaceForComposites.java:696)
	at ptolemy.actor.util.CausalityInterfaceForComposites._computeActorDepth(CausalityInterfaceForComposites.java:532)
	at ptolemy.actor.util.CausalityInterfaceForComposites.checkForCycles(CausalityInterfaceForComposites.java:96)
	at ptolemy.domains.de.kernel.DEDirector.preinitialize(DEDirector.java:1338)
	at ptolemy.actor.CompositeActor.preinitialize(CompositeActor.java:1828)
	at ptolemy.actor.Manager.preinitializeAndResolveTypes(Manager.java:1040)
	at ptolemy.actor.Manager.initialize(Manager.java:710)
	at ptolemy.actor.Manager.execute(Manager.java:356)
	at ptolemy.actor.Manager.run(Manager.java:1263)
	at ptolemy.actor.Manager$PtolemyRunThread.run(Manager.java:1915)
java.lang.reflect.InvocationTargetException
	at sun.reflect.NativeConstructorAccessorImpl.newInstance0(Native Method)
	at sun.reflect.NativeConstructorAccessorImpl.newInstance(NativeConstructorAccessorImpl.java:62)
	at sun.reflect.DelegatingConstructorAccessorImpl.newInstance(DelegatingConstructorAccessorImpl.java:45)
	at java.lang.reflect.Constructor.newInstance(Constructor.java:423)
	at ptolemy.util.test.junit.AutoKnownFailedTests.RunModel(AutoKnownFailedTests.java:107)
	at sun.reflect.NativeMethodAccessorImpl.invoke0(Native Method)
	at sun.reflect.NativeMethodAccessorImpl.invoke(NativeMethodAccessorImpl.java:62)
	at sun.reflect.DelegatingMethodAccessorImpl.invoke(DelegatingMethodAccessorImpl.java:43)
	at java.lang.reflect.Method.invoke(Method.java:498)
	at org.junit.runners.model.FrameworkMethod$1.runReflectiveCall(FrameworkMethod.java:44)
	at org.junit.internal.runners.model.ReflectiveCallable.run(ReflectiveCallable.java:15)
	at org.junit.runners.model.FrameworkMethod.invokeExplosively(FrameworkMethod.java:41)
	at junitparams.internal.InvokeParameterisedMethod.evaluate(InvokeParameterisedMethod.java:102)
	at org.junit.internal.runners.statements.FailOnTimeout$1.run(FailOnTimeout.java:28)
Caused by: ptolemy.kernel.util.IllegalActionException: Found a zero delay loop containing .dependencyLoop2.original
  in .dependencyLoop2 and .dependencyLoop2.original
	at ptolemy.actor.util.CausalityInterfaceForComposites._computeOutputPortDepth(CausalityInterfaceForComposites.java:759)
	at ptolemy.actor.util.CausalityInterfaceForComposites._computeInputDepth(CausalityInterfaceForComposites.java:696)
	at ptolemy.actor.util.CausalityInterfaceForComposites._computeOutputPortDepth(CausalityInterfaceForComposites.java:765)
	at ptolemy.actor.util.CausalityInterfaceForComposites._computeInputDepth(CausalityInterfaceForComposites.java:696)
	at ptolemy.actor.util.CausalityInterfaceForComposites._computeOutputPortDepth(CausalityInterfaceForComposites.java:765)
	at ptolemy.actor.util.CausalityInterfaceForComposites._computeInputDepth(CausalityInterfaceForComposites.java:696)
	at ptolemy.actor.util.CausalityInterfaceForComposites._computeActorDepth(CausalityInterfaceForComposites.java:532)
	at ptolemy.actor.util.CausalityInterfaceForComposites.checkForCycles(CausalityInterfaceForComposites.java:96)
	at ptolemy.domains.de.kernel.DEDirector.preinitialize(DEDirector.java:1338)
	at ptolemy.actor.CompositeActor.preinitialize(CompositeActor.java:1828)
	at ptolemy.actor.Manager.preinitializeAndResolveTypes(Manager.java:1040)
	at ptolemy.actor.Manager.initialize(Manager.java:710)
	at ptolemy.actor.Manager.execute(Manager.java:356)
	at ptolemy.actor.Manager.run(Manager.java:1263)
	at ptolemy.actor.Manager$PtolemyRunThread.run(Manager.java:1915)
]]></system-err>
</testsuite>
