<?xml version="1.0" encoding="UTF-8" ?>
<testsuite errors="0" failures="0" hostname="travis-job-3440f2af-1978-4a90-8b9b-7887615b90b2" name="ptolemy.domains.continuous.test.junit.JUnitTclTest" skipped="0" tests="156" time="74.049" timestamp="2019-12-30T06:30:29">
  <properties>
[...]
</properties>
  <testcase classname="ptolemy.util.test.junit.TclTests" name="[0] ThereAreNoTclTests (RunTclFile)" time="0.008" />
  <testcase classname="ptolemy.util.test.junit.AutoKnownFailedTests" name="[0] ThereAreNoKnowFailedTests (RunModel)" time="0.002" />
  <testcase classname="ptolemy.util.test.junit.AutoNameArchTests" name="[0] ThereAreNoAutoArchTests (RunModel)" time="0.022" />
  <testcase classname="ptolemy.util.test.junit.AutoTests" name="[0] /home/travis/build/icyphy/ptII/ptolemy/domains/continuous/test/auto/BouncingBall.xml (RunModel)" time="2.782" />
  <testcase classname="ptolemy.util.test.junit.AutoTests" name="[1] /home/travis/build/icyphy/ptII/ptolemy/domains/continuous/test/auto/BouncingBallWithoutGR.xml (RunModel)" time="0.837" />
  <testcase classname="ptolemy.util.test.junit.AutoTests" name="[2] /home/travis/build/icyphy/ptII/ptolemy/domains/continuous/test/auto/Brownian.xml (RunModel)" time="0.08" />
  <testcase classname="ptolemy.util.test.junit.AutoTests" name="[3] /home/travis/build/icyphy/ptII/ptolemy/domains/continuous/test/auto/CarTracking.xml (RunModel)" time="4.095" />
  <testcase classname="ptolemy.util.test.junit.AutoTests" name="[4] /home/travis/build/icyphy/ptII/ptolemy/domains/continuous/test/auto/CartPendulum.xml (RunModel)" time="0.502" />
  <testcase classname="ptolemy.util.test.junit.AutoTests" name="[5] /home/travis/build/icyphy/ptII/ptolemy/domains/continuous/test/auto/CausalityInterface10.xml (RunModel)" time="0.075" />
  <testcase classname="ptolemy.util.test.junit.AutoTests" name="[6] /home/travis/build/icyphy/ptII/ptolemy/domains/continuous/test/auto/CausalityInterface11.xml (RunModel)" time="0.035" />
  <testcase classname="ptolemy.util.test.junit.AutoTests" name="[7] /home/travis/build/icyphy/ptII/ptolemy/domains/continuous/test/auto/CausalityInterface12.xml (RunModel)" time="0.029" />
  <testcase classname="ptolemy.util.test.junit.AutoTests" name="[8] /home/travis/build/icyphy/ptII/ptolemy/domains/continuous/test/auto/CausalityInterface13.xml (RunModel)" time="0.044" />
  <testcase classname="ptolemy.util.test.junit.AutoTests" name="[9] /home/travis/build/icyphy/ptII/ptolemy/domains/continuous/test/auto/CausalityInterface14.xml (RunModel)" time="0.026" />
  <testcase classname="ptolemy.util.test.junit.AutoTests" name="[10] /home/travis/build/icyphy/ptII/ptolemy/domains/continuous/test/auto/CausalityInterface4.xml (RunModel)" time="0.042" />
  <testcase classname="ptolemy.util.test.junit.AutoTests" name="[11] /home/travis/build/icyphy/ptII/ptolemy/domains/continuous/test/auto/CausalityInterface5.xml (RunModel)" time="0.041" />
  <testcase classname="ptolemy.util.test.junit.AutoTests" name="[12] /home/travis/build/icyphy/ptII/ptolemy/domains/continuous/test/auto/CausalityInterface6.xml (RunModel)" time="0.018" />
  <testcase classname="ptolemy.util.test.junit.AutoTests" name="[13] /home/travis/build/icyphy/ptII/ptolemy/domains/continuous/test/auto/CausalityInterface7.xml (RunModel)" time="0.041" />
  <testcase classname="ptolemy.util.test.junit.AutoTests" name="[14] /home/travis/build/icyphy/ptII/ptolemy/domains/continuous/test/auto/CausalityInterface8.xml (RunModel)" time="0.031" />
  <testcase classname="ptolemy.util.test.junit.AutoTests" name="[15] /home/travis/build/icyphy/ptII/ptolemy/domains/continuous/test/auto/CausalityInterface9.xml (RunModel)" time="0.043" />
  <testcase classname="ptolemy.util.test.junit.AutoTests" name="[16] /home/travis/build/icyphy/ptII/ptolemy/domains/continuous/test/auto/CausalityInterfaceFeedback1.xml (RunModel)" time="0.018" />
  <testcase classname="ptolemy.util.test.junit.AutoTests" name="[17] /home/travis/build/icyphy/ptII/ptolemy/domains/continuous/test/auto/CausalityInterfaceFeedback2.xml (RunModel)" time="0.016" />
  <testcase classname="ptolemy.util.test.junit.AutoTests" name="[18] /home/travis/build/icyphy/ptII/ptolemy/domains/continuous/test/auto/CompareWithCurrentTime.xml (RunModel)" time="0.02" />
  <testcase classname="ptolemy.util.test.junit.AutoTests" name="[19] /home/travis/build/icyphy/ptII/ptolemy/domains/continuous/test/auto/ComparedClocks.xml (RunModel)" time="0.068" />
  <testcase classname="ptolemy.util.test.junit.AutoTests" name="[20] /home/travis/build/icyphy/ptII/ptolemy/domains/continuous/test/auto/ContinuousAOCClone.xml (RunModel)" time="2.571" />
  <testcase classname="ptolemy.util.test.junit.AutoTests" name="[21] /home/travis/build/icyphy/ptII/ptolemy/domains/continuous/test/auto/ContinuousClock.xml (RunModel)" time="0.104" />
  <testcase classname="ptolemy.util.test.junit.AutoTests" name="[22] /home/travis/build/icyphy/ptII/ptolemy/domains/continuous/test/auto/ContinuousInContinuous.xml (RunModel)" time="0.073" />
  <testcase classname="ptolemy.util.test.junit.AutoTests" name="[23] /home/travis/build/icyphy/ptII/ptolemy/domains/continuous/test/auto/ContinuousInContinuousInContinuous.xml (RunModel)" time="0.024" />
  <testcase classname="ptolemy.util.test.junit.AutoTests" name="[24] /home/travis/build/icyphy/ptII/ptolemy/domains/continuous/test/auto/ContinuousInDE.xml (RunModel)" time="0.115" />
  <testcase classname="ptolemy.util.test.junit.AutoTests" name="[25] /home/travis/build/icyphy/ptII/ptolemy/domains/continuous/test/auto/ContinuousInDE2.xml (RunModel)" time="0.056" />
  <testcase classname="ptolemy.util.test.junit.AutoTests" name="[26] /home/travis/build/icyphy/ptII/ptolemy/domains/continuous/test/auto/ContinuousInDE3.xml (RunModel)" time="0.067" />
  <testcase classname="ptolemy.util.test.junit.AutoTests" name="[27] /home/travis/build/icyphy/ptII/ptolemy/domains/continuous/test/auto/ContinuousInDE4.xml (RunModel)" time="0.03" />
  <testcase classname="ptolemy.util.test.junit.AutoTests" name="[28] /home/travis/build/icyphy/ptII/ptolemy/domains/continuous/test/auto/ContinuousInDEDifferentRefinements.xml (RunModel)" time="0.109" />
  <testcase classname="ptolemy.util.test.junit.AutoTests" name="[29] /home/travis/build/icyphy/ptII/ptolemy/domains/continuous/test/auto/ContinuousInDEDifferentRefinementsPreemptive.xml (RunModel)" time="0.09" />
  <testcase classname="ptolemy.util.test.junit.AutoTests" name="[30] /home/travis/build/icyphy/ptII/ptolemy/domains/continuous/test/auto/ContinuousInDEInContinuous2.xml (RunModel)" time="0.049" />
  <testcase classname="ptolemy.util.test.junit.AutoTests" name="[31] /home/travis/build/icyphy/ptII/ptolemy/domains/continuous/test/auto/ContinuousInDEInContinuous3.xml (RunModel)" time="0.051" />
  <testcase classname="ptolemy.util.test.junit.AutoTests" name="[32] /home/travis/build/icyphy/ptII/ptolemy/domains/continuous/test/auto/ContinuousInDEInput.xml (RunModel)" time="0.028" />
  <testcase classname="ptolemy.util.test.junit.AutoTests" name="[33] /home/travis/build/icyphy/ptII/ptolemy/domains/continuous/test/auto/ContinuousInDEInput2.xml (RunModel)" time="0.029" />
  <testcase classname="ptolemy.util.test.junit.AutoTests" name="[34] /home/travis/build/icyphy/ptII/ptolemy/domains/continuous/test/auto/ContinuousInDEInput3.xml (RunModel)" time="0.023" />
  <testcase classname="ptolemy.util.test.junit.AutoTests" name="[35] /home/travis/build/icyphy/ptII/ptolemy/domains/continuous/test/auto/ContinuousInDESharingRefinement.xml (RunModel)" time="0.161" />
  <testcase classname="ptolemy.util.test.junit.AutoTests" name="[36] /home/travis/build/icyphy/ptII/ptolemy/domains/continuous/test/auto/ContinuousInDEwithNoPorts.xml (RunModel)" time="0.019" />
  <testcase classname="ptolemy.util.test.junit.AutoTests" name="[37] /home/travis/build/icyphy/ptII/ptolemy/domains/continuous/test/auto/ContinuousInsideDE.xml (RunModel)" time="0.069" />
  <testcase classname="ptolemy.util.test.junit.AutoTests" name="[38] /home/travis/build/icyphy/ptII/ptolemy/domains/continuous/test/auto/ContinuousMerge1.xml (RunModel)" time="0.02" />
  <testcase classname="ptolemy.util.test.junit.AutoTests" name="[39] /home/travis/build/icyphy/ptII/ptolemy/domains/continuous/test/auto/ContinuousMerge2.xml (RunModel)" time="0.039" />
  <testcase classname="ptolemy.util.test.junit.AutoTests" name="[40] /home/travis/build/icyphy/ptII/ptolemy/domains/continuous/test/auto/ContinuousMerge3.xml (RunModel)" time="0.059" />
  <testcase classname="ptolemy.util.test.junit.AutoTests" name="[41] /home/travis/build/icyphy/ptII/ptolemy/domains/continuous/test/auto/ContinuousWithinContinuous.xml (RunModel)" time="0.043" />
  <testcase classname="ptolemy.util.test.junit.AutoTests" name="[42] /home/travis/build/icyphy/ptII/ptolemy/domains/continuous/test/auto/ContinuousWithinContinuous2.xml (RunModel)" time="0.071" />
  <testcase classname="ptolemy.util.test.junit.AutoTests" name="[43] /home/travis/build/icyphy/ptII/ptolemy/domains/continuous/test/auto/ContinuousWithinContinuous3.xml (RunModel)" time="0.029" />
  <testcase classname="ptolemy.util.test.junit.AutoTests" name="[44] /home/travis/build/icyphy/ptII/ptolemy/domains/continuous/test/auto/ContinuousWithinContinuous4.xml (RunModel)" time="0.083" />
  <testcase classname="ptolemy.util.test.junit.AutoTests" name="[45] /home/travis/build/icyphy/ptII/ptolemy/domains/continuous/test/auto/ContinuousWithinContinuous5.xml (RunModel)" time="0.024" />
  <testcase classname="ptolemy.util.test.junit.AutoTests" name="[46] /home/travis/build/icyphy/ptII/ptolemy/domains/continuous/test/auto/ContinuousWithinContinuous6.xml (RunModel)" time="0.021" />
  <testcase classname="ptolemy.util.test.junit.AutoTests" name="[47] /home/travis/build/icyphy/ptII/ptolemy/domains/continuous/test/auto/ContinuousWithinContinuous7.xml (RunModel)" time="0.055" />
  <testcase classname="ptolemy.util.test.junit.AutoTests" name="[48] /home/travis/build/icyphy/ptII/ptolemy/domains/continuous/test/auto/DCMotor.xml (RunModel)" time="15.702" />
  <testcase classname="ptolemy.util.test.junit.AutoTests" name="[49] /home/travis/build/icyphy/ptII/ptolemy/domains/continuous/test/auto/DEInContinuous.xml (RunModel)" time="0.029" />
  <testcase classname="ptolemy.util.test.junit.AutoTests" name="[50] /home/travis/build/icyphy/ptII/ptolemy/domains/continuous/test/auto/DEinContinuous2.xml (RunModel)" time="0.027" />
  <testcase classname="ptolemy.util.test.junit.AutoTests" name="[51] /home/travis/build/icyphy/ptII/ptolemy/domains/continuous/test/auto/Derivative.xml (RunModel)" time="0.206" />
  <testcase classname="ptolemy.util.test.junit.AutoTests" name="[52] /home/travis/build/icyphy/ptII/ptolemy/domains/continuous/test/auto/Derivative1.xml (RunModel)" time="0.052" />
  <testcase classname="ptolemy.util.test.junit.AutoTests" name="[53] /home/travis/build/icyphy/ptII/ptolemy/domains/continuous/test/auto/DiscreteClock.xml (RunModel)" time="0.013" />
  <testcase classname="ptolemy.util.test.junit.AutoTests" name="[54] /home/travis/build/icyphy/ptII/ptolemy/domains/continuous/test/auto/EfficiencyCurve.xml (RunModel)" time="0.082" />
  <testcase classname="ptolemy.util.test.junit.AutoTests" name="[55] /home/travis/build/icyphy/ptII/ptolemy/domains/continuous/test/auto/ExponentialResponse.xml (RunModel)" time="0.187" />
  <testcase classname="ptolemy.util.test.junit.AutoTests" name="[56] /home/travis/build/icyphy/ptII/ptolemy/domains/continuous/test/auto/ExponentialResponseRK45.xml (RunModel)" time="0.047" />
  <testcase classname="ptolemy.util.test.junit.AutoTests" name="[57] /home/travis/build/icyphy/ptII/ptolemy/domains/continuous/test/auto/Friction.xml (RunModel)" time="1.795" />
  <testcase classname="ptolemy.util.test.junit.AutoTests" name="[58] /home/travis/build/icyphy/ptII/ptolemy/domains/continuous/test/auto/FurutaPendulum.xml (RunModel)" time="3.358" />
  <testcase classname="ptolemy.util.test.junit.AutoTests" name="[59] /home/travis/build/icyphy/ptII/ptolemy/domains/continuous/test/auto/HierarchicalExecution.xml (RunModel)" time="2.513" />
  <testcase classname="ptolemy.util.test.junit.AutoTests" name="[60] /home/travis/build/icyphy/ptII/ptolemy/domains/continuous/test/auto/HybridPlant.xml (RunModel)" time="0.658" />
  <testcase classname="ptolemy.util.test.junit.AutoTests" name="[61] /home/travis/build/icyphy/ptII/ptolemy/domains/continuous/test/auto/Hysteresis.xml (RunModel)" time="0.229" />
  <testcase classname="ptolemy.util.test.junit.AutoTests" name="[62] /home/travis/build/icyphy/ptII/ptolemy/domains/continuous/test/auto/HysteresisWithRandomDelay.xml (RunModel)" time="0.265" />
  <testcase classname="ptolemy.util.test.junit.AutoTests" name="[63] /home/travis/build/icyphy/ptII/ptolemy/domains/continuous/test/auto/HysteresisWithRandomLosses.xml (RunModel)" time="2.652" />
  <testcase classname="ptolemy.util.test.junit.AutoTests" name="[64] /home/travis/build/icyphy/ptII/ptolemy/domains/continuous/test/auto/ImmediateTransitions.xml (RunModel)" time="0.032" />
  <testcase classname="ptolemy.util.test.junit.AutoTests" name="[65] /home/travis/build/icyphy/ptII/ptolemy/domains/continuous/test/auto/ImpulseFeedback.xml (RunModel)" time="0.018" />
  <testcase classname="ptolemy.util.test.junit.AutoTests" name="[66] /home/travis/build/icyphy/ptII/ptolemy/domains/continuous/test/auto/ImpulseFeedback2.xml (RunModel)" time="0.017" />
  <testcase classname="ptolemy.util.test.junit.AutoTests" name="[67] /home/travis/build/icyphy/ptII/ptolemy/domains/continuous/test/auto/IncreasingRatePoisson.xml (RunModel)" time="0.774" />
  <testcase classname="ptolemy.util.test.junit.AutoTests" name="[68] /home/travis/build/icyphy/ptII/ptolemy/domains/continuous/test/auto/InitialStateFeedback.xml (RunModel)" time="0.019" />
  <testcase classname="ptolemy.util.test.junit.AutoTests" name="[69] /home/travis/build/icyphy/ptII/ptolemy/domains/continuous/test/auto/Integration.xml (RunModel)" time="0.011" />
  <testcase classname="ptolemy.util.test.junit.AutoTests" name="[70] /home/travis/build/icyphy/ptII/ptolemy/domains/continuous/test/auto/Integration2.xml (RunModel)" time="0.089" />
  <testcase classname="ptolemy.util.test.junit.AutoTests" name="[71] /home/travis/build/icyphy/ptII/ptolemy/domains/continuous/test/auto/Integration3.xml (RunModel)" time="0.01" />
  <testcase classname="ptolemy.util.test.junit.AutoTests" name="[72] /home/travis/build/icyphy/ptII/ptolemy/domains/continuous/test/auto/Integration5.xml (RunModel)" time="0.008" />
  <testcase classname="ptolemy.util.test.junit.AutoTests" name="[73] /home/travis/build/icyphy/ptII/ptolemy/domains/continuous/test/auto/IntegratorImpulse.xml (RunModel)" time="0.01" />
  <testcase classname="ptolemy.util.test.junit.AutoTests" name="[74] /home/travis/build/icyphy/ptII/ptolemy/domains/continuous/test/auto/IntegratorImpulse2.xml (RunModel)" time="0.015" />
  <testcase classname="ptolemy.util.test.junit.AutoTests" name="[75] /home/travis/build/icyphy/ptII/ptolemy/domains/continuous/test/auto/LevelCrossing1.xml (RunModel)" time="0.014" />
  <testcase classname="ptolemy.util.test.junit.AutoTests" name="[76] /home/travis/build/icyphy/ptII/ptolemy/domains/continuous/test/auto/LevelCrossing2.xml (RunModel)" time="0.012" />
  <testcase classname="ptolemy.util.test.junit.AutoTests" name="[77] /home/travis/build/icyphy/ptII/ptolemy/domains/continuous/test/auto/LevelCrossing3.xml (RunModel)" time="0.009" />
  <testcase classname="ptolemy.util.test.junit.AutoTests" name="[78] /home/travis/build/icyphy/ptII/ptolemy/domains/continuous/test/auto/LevelCrossing4.xml (RunModel)" time="0.01" />
  <testcase classname="ptolemy.util.test.junit.AutoTests" name="[79] /home/travis/build/icyphy/ptII/ptolemy/domains/continuous/test/auto/LevelCrossing5.xml (RunModel)" time="0.009" />
  <testcase classname="ptolemy.util.test.junit.AutoTests" name="[80] /home/travis/build/icyphy/ptII/ptolemy/domains/continuous/test/auto/LevelCrossing6.xml (RunModel)" time="0.009" />
  <testcase classname="ptolemy.util.test.junit.AutoTests" name="[81] /home/travis/build/icyphy/ptII/ptolemy/domains/continuous/test/auto/LevelCrossingDetector.xml (RunModel)" time="0.026" />
  <testcase classname="ptolemy.util.test.junit.AutoTests" name="[82] /home/travis/build/icyphy/ptII/ptolemy/domains/continuous/test/auto/LevelCrossingDetectorDetectingDirections.xml (RunModel)" time="0.076" />
  <testcase classname="ptolemy.util.test.junit.AutoTests" name="[83] /home/travis/build/icyphy/ptII/ptolemy/domains/continuous/test/auto/LevelCrossingDetectorDetectsGlitches.xml (RunModel)" time="0.098" />
  <testcase classname="ptolemy.util.test.junit.AutoTests" name="[84] /home/travis/build/icyphy/ptII/ptolemy/domains/continuous/test/auto/LevelCrossingNoInitialOuput.xml (RunModel)" time="0.019" />
  <testcase classname="ptolemy.util.test.junit.AutoTests" name="[85] /home/travis/build/icyphy/ptII/ptolemy/domains/continuous/test/auto/LinearStateSpaceExample.xml (RunModel)" time="0.094" />
  <testcase classname="ptolemy.util.test.junit.AutoTests" name="[86] /home/travis/build/icyphy/ptII/ptolemy/domains/continuous/test/auto/Lorenz.xml (RunModel)" time="3.305" />
  <testcase classname="ptolemy.util.test.junit.AutoTests" name="[87] /home/travis/build/icyphy/ptII/ptolemy/domains/continuous/test/auto/LorenzDifferentialSystem.xml (RunModel)" time="0.827" />
  <testcase classname="ptolemy.util.test.junit.AutoTests" name="[88] /home/travis/build/icyphy/ptII/ptolemy/domains/continuous/test/auto/LorenzDifferentialSystemWithInput.xml (RunModel)" time="1.17" />
  <testcase classname="ptolemy.util.test.junit.AutoTests" name="[89] /home/travis/build/icyphy/ptII/ptolemy/domains/continuous/test/auto/LorenzDifferentialSystemWithTime.xml (RunModel)" time="0.692" />
  <testcase classname="ptolemy.util.test.junit.AutoTests" name="[90] /home/travis/build/icyphy/ptII/ptolemy/domains/continuous/test/auto/Microsteps.xml (RunModel)" time="0.021" />
  <testcase classname="ptolemy.util.test.junit.AutoTests" name="[91] /home/travis/build/icyphy/ptII/ptolemy/domains/continuous/test/auto/Modal1.xml (RunModel)" time="0.044" />
  <testcase classname="ptolemy.util.test.junit.AutoTests" name="[92] /home/travis/build/icyphy/ptII/ptolemy/domains/continuous/test/auto/Modal2.xml (RunModel)" time="0.038" />
  <testcase classname="ptolemy.util.test.junit.AutoTests" name="[93] /home/travis/build/icyphy/ptII/ptolemy/domains/continuous/test/auto/ModalTransitionGuardWithReset.xml (RunModel)" time="0.022" />
  <testcase classname="ptolemy.util.test.junit.AutoTests" name="[94] /home/travis/build/icyphy/ptII/ptolemy/domains/continuous/test/auto/ModalTransitionGuardWithResetUsingPreemptiveTransition.xml (RunModel)" time="0.026" />
  <testcase classname="ptolemy.util.test.junit.AutoTests" name="[95] /home/travis/build/icyphy/ptII/ptolemy/domains/continuous/test/auto/ModalTransitionGuardWithResetUsingPreemptiveTransition2.xml (RunModel)" time="0.029" />
  <testcase classname="ptolemy.util.test.junit.AutoTests" name="[96] /home/travis/build/icyphy/ptII/ptolemy/domains/continuous/test/auto/ModalTransitionGuardWithResetUsingPreemptiveTransition3.xml (RunModel)" time="0.028" />
  <testcase classname="ptolemy.util.test.junit.AutoTests" name="[97] /home/travis/build/icyphy/ptII/ptolemy/domains/continuous/test/auto/NewtonsCradle.xml (RunModel)" time="0.828" />
  <testcase classname="ptolemy.util.test.junit.AutoTests" name="[98] /home/travis/build/icyphy/ptII/ptolemy/domains/continuous/test/auto/NewtonsCradleAnimated.xml (RunModel)" time="1.257" />
  <testcase classname="ptolemy.util.test.junit.AutoTests" name="[99] /home/travis/build/icyphy/ptII/ptolemy/domains/continuous/test/auto/NewtonsCradleComplicated.xml (RunModel)" time="0.916" />
  <testcase classname="ptolemy.util.test.junit.AutoTests" name="[100] /home/travis/build/icyphy/ptII/ptolemy/domains/continuous/test/auto/NewtonsCradleNondeterministic.xml (RunModel)" time="0.604" />
  <testcase classname="ptolemy.util.test.junit.AutoTests" name="[101] /home/travis/build/icyphy/ptII/ptolemy/domains/continuous/test/auto/NewtonsCradlePerfectlyInelastic1.xml (RunModel)" time="1.131" />
  <testcase classname="ptolemy.util.test.junit.AutoTests" name="[102] /home/travis/build/icyphy/ptII/ptolemy/domains/continuous/test/auto/Noise.xml (RunModel)" time="0.192" />
  <testcase classname="ptolemy.util.test.junit.AutoTests" name="[103] /home/travis/build/icyphy/ptII/ptolemy/domains/continuous/test/auto/NoiseSpectrum.xml (RunModel)" time="0.806" />
  <testcase classname="ptolemy.util.test.junit.AutoTests" name="[104] /home/travis/build/icyphy/ptII/ptolemy/domains/continuous/test/auto/ParameterizedNewtonsCradleAnimated.xml (RunModel)" time="0.311" />
  <testcase classname="ptolemy.util.test.junit.AutoTests" name="[105] /home/travis/build/icyphy/ptII/ptolemy/domains/continuous/test/auto/ParameterizedNewtonsCradleAnimatedNondeterministic.xml (RunModel)" time="1.09" />
  <testcase classname="ptolemy.util.test.junit.AutoTests" name="[106] /home/travis/build/icyphy/ptII/ptolemy/domains/continuous/test/auto/Pendulum3D.xml (RunModel)" time="0.175" />
  <testcase classname="ptolemy.util.test.junit.AutoTests" name="[107] /home/travis/build/icyphy/ptII/ptolemy/domains/continuous/test/auto/PeriodicSampler.xml (RunModel)" time="0.014" />
  <testcase classname="ptolemy.util.test.junit.AutoTests" name="[108] /home/travis/build/icyphy/ptII/ptolemy/domains/continuous/test/auto/PeriodicSampler1.xml (RunModel)" time="0.042" />
  <testcase classname="ptolemy.util.test.junit.AutoTests" name="[109] /home/travis/build/icyphy/ptII/ptolemy/domains/continuous/test/auto/PeriodicSampler2.xml (RunModel)" time="0.081" />
  <testcase classname="ptolemy.util.test.junit.AutoTests" name="[110] /home/travis/build/icyphy/ptII/ptolemy/domains/continuous/test/auto/Poisson.xml (RunModel)" time="0.509" />
  <testcase classname="ptolemy.util.test.junit.AutoTests" name="[111] /home/travis/build/icyphy/ptII/ptolemy/domains/continuous/test/auto/PoissonClock.xml (RunModel)" time="0.013" />
  <testcase classname="ptolemy.util.test.junit.AutoTests" name="[112] /home/travis/build/icyphy/ptII/ptolemy/domains/continuous/test/auto/PoissonClock2.xml (RunModel)" time="0.01" />
  <testcase classname="ptolemy.util.test.junit.AutoTests" name="[113] /home/travis/build/icyphy/ptII/ptolemy/domains/continuous/test/auto/PortParameterHierarchy.xml (RunModel)" time="0.019" />
  <testcase classname="ptolemy.util.test.junit.AutoTests" name="[114] /home/travis/build/icyphy/ptII/ptolemy/domains/continuous/test/auto/RandomHybridPlant.xml (RunModel)" time="0.537" />
  <testcase classname="ptolemy.util.test.junit.AutoTests" name="[115] /home/travis/build/icyphy/ptII/ptolemy/domains/continuous/test/auto/ResetTransitionWithStartTime1.xml (RunModel)" time="0.032" />
  <testcase classname="ptolemy.util.test.junit.AutoTests" name="[116] /home/travis/build/icyphy/ptII/ptolemy/domains/continuous/test/auto/ResetTransitionWithStartTime2.xml (RunModel)" time="0.034" />
  <testcase classname="ptolemy.util.test.junit.AutoTests" name="[117] /home/travis/build/icyphy/ptII/ptolemy/domains/continuous/test/auto/ResetTransitionWithStartTime3.xml (RunModel)" time="0.046" />
  <testcase classname="ptolemy.util.test.junit.AutoTests" name="[118] /home/travis/build/icyphy/ptII/ptolemy/domains/continuous/test/auto/ResetTransitionWithStartTime4.xml (RunModel)" time="0.023" />
  <testcase classname="ptolemy.util.test.junit.AutoTests" name="[119] /home/travis/build/icyphy/ptII/ptolemy/domains/continuous/test/auto/ResetTransitionWithStartTime5.xml (RunModel)" time="0.032" />
  <testcase classname="ptolemy.util.test.junit.AutoTests" name="[120] /home/travis/build/icyphy/ptII/ptolemy/domains/continuous/test/auto/ResetTransitionWithStartTime6.xml (RunModel)" time="0.023" />
  <testcase classname="ptolemy.util.test.junit.AutoTests" name="[121] /home/travis/build/icyphy/ptII/ptolemy/domains/continuous/test/auto/SRinContinuous.xml (RunModel)" time="0.019" />
  <testcase classname="ptolemy.util.test.junit.AutoTests" name="[122] /home/travis/build/icyphy/ptII/ptolemy/domains/continuous/test/auto/SampledClocks.xml (RunModel)" time="0.03" />
  <testcase classname="ptolemy.util.test.junit.AutoTests" name="[123] /home/travis/build/icyphy/ptII/ptolemy/domains/continuous/test/auto/Satellite.xml (RunModel)" time="0.713" />
  <testcase classname="ptolemy.util.test.junit.AutoTests" name="[124] /home/travis/build/icyphy/ptII/ptolemy/domains/continuous/test/auto/SigmaDelta.xml (RunModel)" time="1.938" />
  <testcase classname="ptolemy.util.test.junit.AutoTests" name="[125] /home/travis/build/icyphy/ptII/ptolemy/domains/continuous/test/auto/SingleRefinement.xml (RunModel)" time="0.424" />
  <testcase classname="ptolemy.util.test.junit.AutoTests" name="[126] /home/travis/build/icyphy/ptII/ptolemy/domains/continuous/test/auto/SinuBouncingBall.xml (RunModel)" time="0.858" />
  <testcase classname="ptolemy.util.test.junit.AutoTests" name="[127] /home/travis/build/icyphy/ptII/ptolemy/domains/continuous/test/auto/Sinusoid.xml (RunModel)" time="0.016" />
  <testcase classname="ptolemy.util.test.junit.AutoTests" name="[128] /home/travis/build/icyphy/ptII/ptolemy/domains/continuous/test/auto/SinusoidInNoise.xml (RunModel)" time="0.731" />
  <testcase classname="ptolemy.util.test.junit.AutoTests" name="[129] /home/travis/build/icyphy/ptII/ptolemy/domains/continuous/test/auto/SinusoidRK45.xml (RunModel)" time="0.01" />
  <testcase classname="ptolemy.util.test.junit.AutoTests" name="[130] /home/travis/build/icyphy/ptII/ptolemy/domains/continuous/test/auto/SinusoidWithMultipleImpulses.xml (RunModel)" time="0.01" />
  <testcase classname="ptolemy.util.test.junit.AutoTests" name="[131] /home/travis/build/icyphy/ptII/ptolemy/domains/continuous/test/auto/SquareWave.xml (RunModel)" time="0.189" />
  <testcase classname="ptolemy.util.test.junit.AutoTests" name="[132] /home/travis/build/icyphy/ptII/ptolemy/domains/continuous/test/auto/Starmac.xml (RunModel)" time="3.349" />
  <testcase classname="ptolemy.util.test.junit.AutoTests" name="[133] /home/travis/build/icyphy/ptII/ptolemy/domains/continuous/test/auto/StaticUnits.xml (RunModel)" time="2.428" />
  <testcase classname="ptolemy.util.test.junit.AutoTests" name="[134] /home/travis/build/icyphy/ptII/ptolemy/domains/continuous/test/auto/StickyMasses.xml (RunModel)" time="0.189" />
  <testcase classname="ptolemy.util.test.junit.AutoTests" name="[135] /home/travis/build/icyphy/ptII/ptolemy/domains/continuous/test/auto/StopTime.xml (RunModel)" time="0.064" />
  <testcase classname="ptolemy.util.test.junit.AutoTests" name="[136] /home/travis/build/icyphy/ptII/ptolemy/domains/continuous/test/auto/StopTime2.xml (RunModel)" time="0.053" />
  <testcase classname="ptolemy.util.test.junit.AutoTests" name="[137] /home/travis/build/icyphy/ptII/ptolemy/domains/continuous/test/auto/Switch.xml (RunModel)" time="0.057" />
  <testcase classname="ptolemy.util.test.junit.AutoTests" name="[138] /home/travis/build/icyphy/ptII/ptolemy/domains/continuous/test/auto/Thermostat.xml (RunModel)" time="0.197" />
  <testcase classname="ptolemy.util.test.junit.AutoTests" name="[139] /home/travis/build/icyphy/ptII/ptolemy/domains/continuous/test/auto/TimeDelay.xml (RunModel)" time="0.015" />
  <testcase classname="ptolemy.util.test.junit.AutoTests" name="[140] /home/travis/build/icyphy/ptII/ptolemy/domains/continuous/test/auto/TimeDelay2.xml (RunModel)" time="0.019" />
  <testcase classname="ptolemy.util.test.junit.AutoTests" name="[141] /home/travis/build/icyphy/ptII/ptolemy/domains/continuous/test/auto/TimeDelay3.xml (RunModel)" time="0.008" />
  <testcase classname="ptolemy.util.test.junit.AutoTests" name="[142] /home/travis/build/icyphy/ptII/ptolemy/domains/continuous/test/auto/TransferAbsentToInside.xml (RunModel)" time="0.098" />
  <testcase classname="ptolemy.util.test.junit.AutoTests" name="[143] /home/travis/build/icyphy/ptII/ptolemy/domains/continuous/test/auto/Transmission.xml (RunModel)" time="0.865" />
  <testcase classname="ptolemy.util.test.junit.AutoTests" name="[144] /home/travis/build/icyphy/ptII/ptolemy/domains/continuous/test/auto/TriggeredContinuousClock.xml (RunModel)" time="0.082" />
  <testcase classname="ptolemy.util.test.junit.AutoTests" name="[145] /home/travis/build/icyphy/ptII/ptolemy/domains/continuous/test/auto/TwoMachineInfiniteBusControl.xml (RunModel)" time="2.457" />
  <testcase classname="ptolemy.util.test.junit.AutoTests" name="[146] /home/travis/build/icyphy/ptII/ptolemy/domains/continuous/test/auto/V2V.xml (RunModel)" time="0.911" />
  <testcase classname="ptolemy.util.test.junit.AutoTests" name="[147] /home/travis/build/icyphy/ptII/ptolemy/domains/continuous/test/auto/hierarchicalModalModel.xml (RunModel)" time="0.034" />
  <testcase classname="ptolemy.util.test.junit.AutoTests" name="[148] /home/travis/build/icyphy/ptII/ptolemy/domains/continuous/test/auto/hierarchicalModalModel1.xml (RunModel)" time="0.028" />
  <testcase classname="ptolemy.util.test.junit.AutoTests" name="[149] /home/travis/build/icyphy/ptII/ptolemy/domains/continuous/test/auto/hierarchicalModalModel2.xml (RunModel)" time="0.026" />
  <testcase classname="ptolemy.util.test.junit.AutoTests" name="[150] /home/travis/build/icyphy/ptII/ptolemy/domains/continuous/test/auto/hierarchicalModalModel3.xml (RunModel)" time="0.022" />
  <testcase classname="ptolemy.util.test.junit.AutoTests" name="[151] /home/travis/build/icyphy/ptII/ptolemy/domains/continuous/test/auto/hierarchicalModalModel4.xml (RunModel)" time="0.024" />
  <testcase classname="ptolemy.util.test.junit.AutoTests" name="[152] /home/travis/build/icyphy/ptII/ptolemy/domains/continuous/test/auto/junk.xml (RunModel)" time="0.158" />
  <system-out><![CDATA[No tcl tests in /home/travis/build/icyphy/ptII/ptolemy/domains/continuous/test
No auto/knownFailedTests/*.xml tests in /home/travis/build/icyphy/ptII/ptolemy/domains/continuous/test
No auto/linux-amd64/*.xml tests in /home/travis/build/icyphy/ptII/ptolemy/domains/continuous/test
AutoTests.java: About to close Vertx.
AutoTests.java: Vertx closed.

===========================================================================================
----------------- testing Mon Dec 30 06:30:30 UTC 2019 /home/travis/build/icyphy/ptII/ptolemy/domains/continuous/test/auto/BouncingBall.xml
----------------- Instantiating /home/travis/build/icyphy/ptII/ptolemy/domains/continuous/test/auto/BouncingBall.xml
2198 ms. Memory: 129024K Free: 115411K (89%)
----------------- Invoking toplevel() on ptolemy.moml.MoMLSimpleApplication@34cb5e90
----------------- Done invoking toplevel() on ptolemy.moml.MoMLSimpleApplication@34cb5e90
reloadAllAccessors: .BouncingBall

===========================================================================================
----------------- testing Mon Dec 30 06:30:32 UTC 2019 /home/travis/build/icyphy/ptII/ptolemy/domains/continuous/test/auto/BouncingBallWithoutGR.xml
----------------- Instantiating /home/travis/build/icyphy/ptII/ptolemy/domains/continuous/test/auto/BouncingBallWithoutGR.xml
730 ms. Memory: 155648K Free: 111812K (72%)
----------------- Invoking toplevel() on ptolemy.moml.MoMLSimpleApplication@30fc267
----------------- Done invoking toplevel() on ptolemy.moml.MoMLSimpleApplication@30fc267
reloadAllAccessors: .BouncingBallWithoutGR

===========================================================================================
----------------- testing Mon Dec 30 06:30:33 UTC 2019 /home/travis/build/icyphy/ptII/ptolemy/domains/continuous/test/auto/Brownian.xml
----------------- Instantiating /home/travis/build/icyphy/ptII/ptolemy/domains/continuous/test/auto/Brownian.xml
23 ms. Memory: 155648K Free: 102596K (66%)
----------------- Invoking toplevel() on ptolemy.moml.MoMLSimpleApplication@1ee0b450
----------------- Done invoking toplevel() on ptolemy.moml.MoMLSimpleApplication@1ee0b450
reloadAllAccessors: .Brownian

===========================================================================================
----------------- testing Mon Dec 30 06:30:33 UTC 2019 /home/travis/build/icyphy/ptII/ptolemy/domains/continuous/test/auto/CarTracking.xml
----------------- Instantiating /home/travis/build/icyphy/ptII/ptolemy/domains/continuous/test/auto/CarTracking.xml
3625 ms. Memory: 187392K Free: 97527K (52%)
----------------- Invoking toplevel() on ptolemy.moml.MoMLSimpleApplication@1f6cddef
----------------- Done invoking toplevel() on ptolemy.moml.MoMLSimpleApplication@1f6cddef
reloadAllAccessors: .CarTracking

===========================================================================================
----------------- testing Mon Dec 30 06:30:37 UTC 2019 /home/travis/build/icyphy/ptII/ptolemy/domains/continuous/test/auto/CartPendulum.xml
----------------- Instantiating /home/travis/build/icyphy/ptII/ptolemy/domains/continuous/test/auto/CartPendulum.xml
370 ms. Memory: 225280K Free: 153771K (68%)
----------------- Invoking toplevel() on ptolemy.moml.MoMLSimpleApplication@5d43f483
----------------- Done invoking toplevel() on ptolemy.moml.MoMLSimpleApplication@5d43f483
reloadAllAccessors: .CartPendulum

===========================================================================================
----------------- testing Mon Dec 30 06:30:38 UTC 2019 /home/travis/build/icyphy/ptII/ptolemy/domains/continuous/test/auto/CausalityInterface10.xml
----------------- Instantiating /home/travis/build/icyphy/ptII/ptolemy/domains/continuous/test/auto/CausalityInterface10.xml
13 ms. Memory: 225280K Free: 142893K (63%)
----------------- Invoking toplevel() on ptolemy.moml.MoMLSimpleApplication@396e084a
----------------- Done invoking toplevel() on ptolemy.moml.MoMLSimpleApplication@396e084a
reloadAllAccessors: .CausalityInterface10

===========================================================================================
----------------- testing Mon Dec 30 06:30:38 UTC 2019 /home/travis/build/icyphy/ptII/ptolemy/domains/continuous/test/auto/CausalityInterface11.xml
----------------- Instantiating /home/travis/build/icyphy/ptII/ptolemy/domains/continuous/test/auto/CausalityInterface11.xml
7 ms. Memory: 225280K Free: 136735K (61%)
----------------- Invoking toplevel() on ptolemy.moml.MoMLSimpleApplication@796f156c
----------------- Done invoking toplevel() on ptolemy.moml.MoMLSimpleApplication@796f156c
reloadAllAccessors: .CausalityInterface11

===========================================================================================
----------------- testing Mon Dec 30 06:30:38 UTC 2019 /home/travis/build/icyphy/ptII/ptolemy/domains/continuous/test/auto/CausalityInterface12.xml
----------------- Instantiating /home/travis/build/icyphy/ptII/ptolemy/domains/continuous/test/auto/CausalityInterface12.xml
4 ms. Memory: 225280K Free: 130591K (58%)
----------------- Invoking toplevel() on ptolemy.moml.MoMLSimpleApplication@fa70ce5
----------------- Done invoking toplevel() on ptolemy.moml.MoMLSimpleApplication@fa70ce5
reloadAllAccessors: .CausalityInterface12

===========================================================================================
----------------- testing Mon Dec 30 06:30:38 UTC 2019 /home/travis/build/icyphy/ptII/ptolemy/domains/continuous/test/auto/CausalityInterface13.xml
----------------- Instantiating /home/travis/build/icyphy/ptII/ptolemy/domains/continuous/test/auto/CausalityInterface13.xml
9 ms. Memory: 225280K Free: 124447K (55%)
----------------- Invoking toplevel() on ptolemy.moml.MoMLSimpleApplication@2b1a34e3
----------------- Done invoking toplevel() on ptolemy.moml.MoMLSimpleApplication@2b1a34e3
reloadAllAccessors: .CausalityInterface13

===========================================================================================
----------------- testing Mon Dec 30 06:30:38 UTC 2019 /home/travis/build/icyphy/ptII/ptolemy/domains/continuous/test/auto/CausalityInterface14.xml
----------------- Instantiating /home/travis/build/icyphy/ptII/ptolemy/domains/continuous/test/auto/CausalityInterface14.xml
4 ms. Memory: 225280K Free: 118831K (53%)
----------------- Invoking toplevel() on ptolemy.moml.MoMLSimpleApplication@23c1d94d
----------------- Done invoking toplevel() on ptolemy.moml.MoMLSimpleApplication@23c1d94d
reloadAllAccessors: .CausalityInterface14

===========================================================================================
----------------- testing Mon Dec 30 06:30:38 UTC 2019 /home/travis/build/icyphy/ptII/ptolemy/domains/continuous/test/auto/CausalityInterface4.xml
----------------- Instantiating /home/travis/build/icyphy/ptII/ptolemy/domains/continuous/test/auto/CausalityInterface4.xml
4 ms. Memory: 225280K Free: 112159K (50%)
----------------- Invoking toplevel() on ptolemy.moml.MoMLSimpleApplication@76396d8d
----------------- Done invoking toplevel() on ptolemy.moml.MoMLSimpleApplication@76396d8d
reloadAllAccessors: .CausalityInterface4

===========================================================================================
----------------- testing Mon Dec 30 06:30:38 UTC 2019 /home/travis/build/icyphy/ptII/ptolemy/domains/continuous/test/auto/CausalityInterface5.xml
----------------- Instantiating /home/travis/build/icyphy/ptII/ptolemy/domains/continuous/test/auto/CausalityInterface5.xml
8 ms. Memory: 225280K Free: 103981K (46%)
----------------- Invoking toplevel() on ptolemy.moml.MoMLSimpleApplication@295d4a28
----------------- Done invoking toplevel() on ptolemy.moml.MoMLSimpleApplication@295d4a28
reloadAllAccessors: .CausalityInterface5

===========================================================================================
----------------- testing Mon Dec 30 06:30:38 UTC 2019 /home/travis/build/icyphy/ptII/ptolemy/domains/continuous/test/auto/CausalityInterface6.xml
----------------- Instantiating /home/travis/build/icyphy/ptII/ptolemy/domains/continuous/test/auto/CausalityInterface6.xml
2 ms. Memory: 225280K Free: 98351K (44%)
----------------- Invoking toplevel() on ptolemy.moml.MoMLSimpleApplication@3ee31fa4
----------------- Done invoking toplevel() on ptolemy.moml.MoMLSimpleApplication@3ee31fa4
reloadAllAccessors: .CausalityInterface6

===========================================================================================
----------------- testing Mon Dec 30 06:30:38 UTC 2019 /home/travis/build/icyphy/ptII/ptolemy/domains/continuous/test/auto/CausalityInterface7.xml
----------------- Instantiating /home/travis/build/icyphy/ptII/ptolemy/domains/continuous/test/auto/CausalityInterface7.xml
8 ms. Memory: 225280K Free: 90159K (40%)
----------------- Invoking toplevel() on ptolemy.moml.MoMLSimpleApplication@2a1c5d5
----------------- Done invoking toplevel() on ptolemy.moml.MoMLSimpleApplication@2a1c5d5
reloadAllAccessors: .CausalityInterface7

===========================================================================================
----------------- testing Mon Dec 30 06:30:38 UTC 2019 /home/travis/build/icyphy/ptII/ptolemy/domains/continuous/test/auto/CausalityInterface8.xml
----------------- Instantiating /home/travis/build/icyphy/ptII/ptolemy/domains/continuous/test/auto/CausalityInterface8.xml
3 ms. Memory: 225280K Free: 80943K (36%)
----------------- Invoking toplevel() on ptolemy.moml.MoMLSimpleApplication@5744e190
----------------- Done invoking toplevel() on ptolemy.moml.MoMLSimpleApplication@5744e190
reloadAllAccessors: .CausalityInterface8

===========================================================================================
----------------- testing Mon Dec 30 06:30:38 UTC 2019 /home/travis/build/icyphy/ptII/ptolemy/domains/continuous/test/auto/CausalityInterface9.xml
----------------- Instantiating /home/travis/build/icyphy/ptII/ptolemy/domains/continuous/test/auto/CausalityInterface9.xml
5 ms. Memory: 225280K Free: 203751K (90%)
----------------- Invoking toplevel() on ptolemy.moml.MoMLSimpleApplication@27db9233
----------------- Done invoking toplevel() on ptolemy.moml.MoMLSimpleApplication@27db9233
reloadAllAccessors: .CausalityInterface9

===========================================================================================
----------------- testing Mon Dec 30 06:30:38 UTC 2019 /home/travis/build/icyphy/ptII/ptolemy/domains/continuous/test/auto/CausalityInterfaceFeedback1.xml
----------------- Instantiating /home/travis/build/icyphy/ptII/ptolemy/domains/continuous/test/auto/CausalityInterfaceFeedback1.xml
3 ms. Memory: 225280K Free: 197116K (87%)
----------------- Invoking toplevel() on ptolemy.moml.MoMLSimpleApplication@408a6bb6
----------------- Done invoking toplevel() on ptolemy.moml.MoMLSimpleApplication@408a6bb6
reloadAllAccessors: .CausalityInterfaceFeedback1

===========================================================================================
----------------- testing Mon Dec 30 06:30:38 UTC 2019 /home/travis/build/icyphy/ptII/ptolemy/domains/continuous/test/auto/CausalityInterfaceFeedback2.xml
----------------- Instantiating /home/travis/build/icyphy/ptII/ptolemy/domains/continuous/test/auto/CausalityInterfaceFeedback2.xml
2 ms. Memory: 225280K Free: 190444K (85%)
----------------- Invoking toplevel() on ptolemy.moml.MoMLSimpleApplication@1e2c90fb
----------------- Done invoking toplevel() on ptolemy.moml.MoMLSimpleApplication@1e2c90fb
reloadAllAccessors: .CausalityInterfaceFeedback2

===========================================================================================
----------------- testing Mon Dec 30 06:30:38 UTC 2019 /home/travis/build/icyphy/ptII/ptolemy/domains/continuous/test/auto/CompareWithCurrentTime.xml
----------------- Instantiating /home/travis/build/icyphy/ptII/ptolemy/domains/continuous/test/auto/CompareWithCurrentTime.xml
2 ms. Memory: 225280K Free: 186362K (83%)
----------------- Invoking toplevel() on ptolemy.moml.MoMLSimpleApplication@1973f9e1
----------------- Done invoking toplevel() on ptolemy.moml.MoMLSimpleApplication@1973f9e1
reloadAllAccessors: .CompareWithCurrentTime

===========================================================================================
----------------- testing Mon Dec 30 06:30:38 UTC 2019 /home/travis/build/icyphy/ptII/ptolemy/domains/continuous/test/auto/ComparedClocks.xml
----------------- Instantiating /home/travis/build/icyphy/ptII/ptolemy/domains/continuous/test/auto/ComparedClocks.xml
5 ms. Memory: 225280K Free: 170988K (76%)
----------------- Invoking toplevel() on ptolemy.moml.MoMLSimpleApplication@1e8bc1f0
----------------- Done invoking toplevel() on ptolemy.moml.MoMLSimpleApplication@1e8bc1f0
reloadAllAccessors: .ComparedClocks

===========================================================================================
----------------- testing Mon Dec 30 06:30:38 UTC 2019 /home/travis/build/icyphy/ptII/ptolemy/domains/continuous/test/auto/ContinuousAOCClone.xml
----------------- Instantiating /home/travis/build/icyphy/ptII/ptolemy/domains/continuous/test/auto/ContinuousAOCClone.xml
2332 ms. Memory: 225280K Free: 169183K (75%)
----------------- Invoking toplevel() on ptolemy.moml.MoMLSimpleApplication@3f8d1eff
----------------- Done invoking toplevel() on ptolemy.moml.MoMLSimpleApplication@3f8d1eff
reloadAllAccessors: .ContinuousAOCClone

===========================================================================================
----------------- testing Mon Dec 30 06:30:41 UTC 2019 /home/travis/build/icyphy/ptII/ptolemy/domains/continuous/test/auto/ContinuousClock.xml
----------------- Instantiating /home/travis/build/icyphy/ptII/ptolemy/domains/continuous/test/auto/ContinuousClock.xml
30 ms. Memory: 225280K Free: 147169K (65%)
----------------- Invoking toplevel() on ptolemy.moml.MoMLSimpleApplication@60e39202
----------------- Done invoking toplevel() on ptolemy.moml.MoMLSimpleApplication@60e39202
reloadAllAccessors: .ContinuousClock

===========================================================================================
----------------- testing Mon Dec 30 06:30:41 UTC 2019 /home/travis/build/icyphy/ptII/ptolemy/domains/continuous/test/auto/ContinuousInContinuous.xml
----------------- Instantiating /home/travis/build/icyphy/ptII/ptolemy/domains/continuous/test/auto/ContinuousInContinuous.xml
40 ms. Memory: 225280K Free: 124121K (55%)
----------------- Invoking toplevel() on ptolemy.moml.MoMLSimpleApplication@7a8781a7
----------------- Done invoking toplevel() on ptolemy.moml.MoMLSimpleApplication@7a8781a7
reloadAllAccessors: .ContinuousInContinuous

===========================================================================================
----------------- testing Mon Dec 30 06:30:41 UTC 2019 /home/travis/build/icyphy/ptII/ptolemy/domains/continuous/test/auto/ContinuousInContinuousInContinuous.xml
----------------- Instantiating /home/travis/build/icyphy/ptII/ptolemy/domains/continuous/test/auto/ContinuousInContinuousInContinuous.xml
9 ms. Memory: 225280K Free: 115935K (51%)
----------------- Invoking toplevel() on ptolemy.moml.MoMLSimpleApplication@3ad9c179
----------------- Done invoking toplevel() on ptolemy.moml.MoMLSimpleApplication@3ad9c179
reloadAllAccessors: .ContinuousInContinuousInContinuous

===========================================================================================
----------------- testing Mon Dec 30 06:30:41 UTC 2019 /home/travis/build/icyphy/ptII/ptolemy/domains/continuous/test/auto/ContinuousInDE.xml
----------------- Instantiating /home/travis/build/icyphy/ptII/ptolemy/domains/continuous/test/auto/ContinuousInDE.xml
91 ms. Memory: 225280K Free: 105185K (47%)
----------------- Invoking toplevel() on ptolemy.moml.MoMLSimpleApplication@7372e993
----------------- Done invoking toplevel() on ptolemy.moml.MoMLSimpleApplication@7372e993
reloadAllAccessors: .ContinuousInDE

===========================================================================================
----------------- testing Mon Dec 30 06:30:41 UTC 2019 /home/travis/build/icyphy/ptII/ptolemy/domains/continuous/test/auto/ContinuousInDE2.xml
----------------- Instantiating /home/travis/build/icyphy/ptII/ptolemy/domains/continuous/test/auto/ContinuousInDE2.xml
40 ms. Memory: 225280K Free: 95455K (42%)
----------------- Invoking toplevel() on ptolemy.moml.MoMLSimpleApplication@5320522e
----------------- Done invoking toplevel() on ptolemy.moml.MoMLSimpleApplication@5320522e
reloadAllAccessors: .ContinuousInDE2

===========================================================================================
----------------- testing Mon Dec 30 06:30:41 UTC 2019 /home/travis/build/icyphy/ptII/ptolemy/domains/continuous/test/auto/ContinuousInDE3.xml
----------------- Instantiating /home/travis/build/icyphy/ptII/ptolemy/domains/continuous/test/auto/ContinuousInDE3.xml
40 ms. Memory: 225280K Free: 85729K (38%)
----------------- Invoking toplevel() on ptolemy.moml.MoMLSimpleApplication@be4bc5e
----------------- Done invoking toplevel() on ptolemy.moml.MoMLSimpleApplication@be4bc5e
reloadAllAccessors: .ContinuousInDE3

===========================================================================================
----------------- testing Mon Dec 30 06:30:41 UTC 2019 /home/travis/build/icyphy/ptII/ptolemy/domains/continuous/test/auto/ContinuousInDE4.xml
----------------- Instantiating /home/travis/build/icyphy/ptII/ptolemy/domains/continuous/test/auto/ContinuousInDE4.xml
13 ms. Memory: 225280K Free: 79071K (35%)
----------------- Invoking toplevel() on ptolemy.moml.MoMLSimpleApplication@62e600e7
----------------- Done invoking toplevel() on ptolemy.moml.MoMLSimpleApplication@62e600e7
reloadAllAccessors: .ContinuousInDE4

===========================================================================================
----------------- testing Mon Dec 30 06:30:42 UTC 2019 /home/travis/build/icyphy/ptII/ptolemy/domains/continuous/test/auto/ContinuousInDEDifferentRefinements.xml
----------------- Instantiating /home/travis/build/icyphy/ptII/ptolemy/domains/continuous/test/auto/ContinuousInDEDifferentRefinements.xml
60 ms. Memory: 270336K Free: 226426K (84%)
----------------- Invoking toplevel() on ptolemy.moml.MoMLSimpleApplication@64587cfd
----------------- Done invoking toplevel() on ptolemy.moml.MoMLSimpleApplication@64587cfd
reloadAllAccessors: .ContinuousInDEDifferentRefinements

===========================================================================================
----------------- testing Mon Dec 30 06:30:42 UTC 2019 /home/travis/build/icyphy/ptII/ptolemy/domains/continuous/test/auto/ContinuousInDEDifferentRefinementsPreemptive.xml
----------------- Instantiating /home/travis/build/icyphy/ptII/ptolemy/domains/continuous/test/auto/ContinuousInDEDifferentRefinementsPreemptive.xml
42 ms. Memory: 270336K Free: 195712K (72%)
----------------- Invoking toplevel() on ptolemy.moml.MoMLSimpleApplication@324c9436
----------------- Done invoking toplevel() on ptolemy.moml.MoMLSimpleApplication@324c9436
reloadAllAccessors: .ContinuousInDEDifferentRefinementsPreemptive

===========================================================================================
----------------- testing Mon Dec 30 06:30:42 UTC 2019 /home/travis/build/icyphy/ptII/ptolemy/domains/continuous/test/auto/ContinuousInDEInContinuous2.xml
----------------- Instantiating /home/travis/build/icyphy/ptII/ptolemy/domains/continuous/test/auto/ContinuousInDEInContinuous2.xml
30 ms. Memory: 270336K Free: 184448K (68%)
----------------- Invoking toplevel() on ptolemy.moml.MoMLSimpleApplication@39dcb1db
----------------- Done invoking toplevel() on ptolemy.moml.MoMLSimpleApplication@39dcb1db
reloadAllAccessors: .ContinuousInDEInContinuous2

===========================================================================================
----------------- testing Mon Dec 30 06:30:42 UTC 2019 /home/travis/build/icyphy/ptII/ptolemy/domains/continuous/test/auto/ContinuousInDEInContinuous3.xml
----------------- Instantiating /home/travis/build/icyphy/ptII/ptolemy/domains/continuous/test/auto/ContinuousInDEInContinuous3.xml
31 ms. Memory: 270336K Free: 172160K (64%)
----------------- Invoking toplevel() on ptolemy.moml.MoMLSimpleApplication@27bd62b2
----------------- Done invoking toplevel() on ptolemy.moml.MoMLSimpleApplication@27bd62b2
reloadAllAccessors: .ContinuousInDEInContinuous3

===========================================================================================
----------------- testing Mon Dec 30 06:30:42 UTC 2019 /home/travis/build/icyphy/ptII/ptolemy/domains/continuous/test/auto/ContinuousInDEInput.xml
----------------- Instantiating /home/travis/build/icyphy/ptII/ptolemy/domains/continuous/test/auto/ContinuousInDEInput.xml
12 ms. Memory: 270336K Free: 164992K (61%)
----------------- Invoking toplevel() on ptolemy.moml.MoMLSimpleApplication@71850f8f
----------------- Done invoking toplevel() on ptolemy.moml.MoMLSimpleApplication@71850f8f
reloadAllAccessors: .ContinuousInDEInput

===========================================================================================
----------------- testing Mon Dec 30 06:30:42 UTC 2019 /home/travis/build/icyphy/ptII/ptolemy/domains/continuous/test/auto/ContinuousInDEInput2.xml
----------------- Instantiating /home/travis/build/icyphy/ptII/ptolemy/domains/continuous/test/auto/ContinuousInDEInput2.xml
12 ms. Memory: 270336K Free: 157824K (58%)
----------------- Invoking toplevel() on ptolemy.moml.MoMLSimpleApplication@3c20cd17
----------------- Done invoking toplevel() on ptolemy.moml.MoMLSimpleApplication@3c20cd17
reloadAllAccessors: .ContinuousInDEInput2

===========================================================================================
----------------- testing Mon Dec 30 06:30:42 UTC 2019 /home/travis/build/icyphy/ptII/ptolemy/domains/continuous/test/auto/ContinuousInDEInput3.xml
----------------- Instantiating /home/travis/build/icyphy/ptII/ptolemy/domains/continuous/test/auto/ContinuousInDEInput3.xml
10 ms. Memory: 270336K Free: 150656K (56%)
----------------- Invoking toplevel() on ptolemy.moml.MoMLSimpleApplication@6c40e7e9
----------------- Done invoking toplevel() on ptolemy.moml.MoMLSimpleApplication@6c40e7e9
reloadAllAccessors: .ContinuousInDEInput3

===========================================================================================
----------------- testing Mon Dec 30 06:30:42 UTC 2019 /home/travis/build/icyphy/ptII/ptolemy/domains/continuous/test/auto/ContinuousInDESharingRefinement.xml
----------------- Instantiating /home/travis/build/icyphy/ptII/ptolemy/domains/continuous/test/auto/ContinuousInDESharingRefinement.xml
139 ms. Memory: 270336K Free: 216313K (80%)
----------------- Invoking toplevel() on ptolemy.moml.MoMLSimpleApplication@5ee74dcb
----------------- Done invoking toplevel() on ptolemy.moml.MoMLSimpleApplication@5ee74dcb
reloadAllAccessors: .ContinuousInDESharingRefinement

===========================================================================================
----------------- testing Mon Dec 30 06:30:42 UTC 2019 /home/travis/build/icyphy/ptII/ptolemy/domains/continuous/test/auto/ContinuousInDEwithNoPorts.xml
----------------- Instantiating /home/travis/build/icyphy/ptII/ptolemy/domains/continuous/test/auto/ContinuousInDEwithNoPorts.xml
4 ms. Memory: 270336K Free: 211689K (78%)
----------------- Invoking toplevel() on ptolemy.moml.MoMLSimpleApplication@26732af2
----------------- Done invoking toplevel() on ptolemy.moml.MoMLSimpleApplication@26732af2
reloadAllAccessors: .ContinuousInDEwithNoPorts

===========================================================================================
----------------- testing Mon Dec 30 06:30:42 UTC 2019 /home/travis/build/icyphy/ptII/ptolemy/domains/continuous/test/auto/ContinuousInsideDE.xml
----------------- Instantiating /home/travis/build/icyphy/ptII/ptolemy/domains/continuous/test/auto/ContinuousInsideDE.xml
28 ms. Memory: 270336K Free: 200439K (74%)
----------------- Invoking toplevel() on ptolemy.moml.MoMLSimpleApplication@3b31dd4b
----------------- Done invoking toplevel() on ptolemy.moml.MoMLSimpleApplication@3b31dd4b
reloadAllAccessors: .ContinuousInsideDE

===========================================================================================
----------------- testing Mon Dec 30 06:30:42 UTC 2019 /home/travis/build/icyphy/ptII/ptolemy/domains/continuous/test/auto/ContinuousMerge1.xml
----------------- Instantiating /home/travis/build/icyphy/ptII/ptolemy/domains/continuous/test/auto/ContinuousMerge1.xml
2 ms. Memory: 270336K Free: 195833K (72%)
----------------- Invoking toplevel() on ptolemy.moml.MoMLSimpleApplication@5ab5a3b5
----------------- Done invoking toplevel() on ptolemy.moml.MoMLSimpleApplication@5ab5a3b5
reloadAllAccessors: .ContinuousMerge1

===========================================================================================
----------------- testing Mon Dec 30 06:30:42 UTC 2019 /home/travis/build/icyphy/ptII/ptolemy/domains/continuous/test/auto/ContinuousMerge2.xml
----------------- Instantiating /home/travis/build/icyphy/ptII/ptolemy/domains/continuous/test/auto/ContinuousMerge2.xml
12 ms. Memory: 270336K Free: 185593K (69%)
----------------- Invoking toplevel() on ptolemy.moml.MoMLSimpleApplication@5edaaf42
----------------- Done invoking toplevel() on ptolemy.moml.MoMLSimpleApplication@5edaaf42
reloadAllAccessors: .ContinuousMerge2

===========================================================================================
----------------- testing Mon Dec 30 06:30:42 UTC 2019 /home/travis/build/icyphy/ptII/ptolemy/domains/continuous/test/auto/ContinuousMerge3.xml
----------------- Instantiating /home/travis/build/icyphy/ptII/ptolemy/domains/continuous/test/auto/ContinuousMerge3.xml
36 ms. Memory: 270336K Free: 174839K (65%)
----------------- Invoking toplevel() on ptolemy.moml.MoMLSimpleApplication@3f51b8e8
----------------- Done invoking toplevel() on ptolemy.moml.MoMLSimpleApplication@3f51b8e8
reloadAllAccessors: .ContinuousMerge3

===========================================================================================
----------------- testing Mon Dec 30 06:30:42 UTC 2019 /home/travis/build/icyphy/ptII/ptolemy/domains/continuous/test/auto/ContinuousWithinContinuous.xml
----------------- Instantiating /home/travis/build/icyphy/ptII/ptolemy/domains/continuous/test/auto/ContinuousWithinContinuous.xml
27 ms. Memory: 270336K Free: 165623K (61%)
----------------- Invoking toplevel() on ptolemy.moml.MoMLSimpleApplication@491adbd7
----------------- Done invoking toplevel() on ptolemy.moml.MoMLSimpleApplication@491adbd7
reloadAllAccessors: .ContinuousWithinContinuous

===========================================================================================
----------------- testing Mon Dec 30 06:30:42 UTC 2019 /home/travis/build/icyphy/ptII/ptolemy/domains/continuous/test/auto/ContinuousWithinContinuous2.xml
----------------- Instantiating /home/travis/build/icyphy/ptII/ptolemy/domains/continuous/test/auto/ContinuousWithinContinuous2.xml
58 ms. Memory: 270336K Free: 154359K (57%)
----------------- Invoking toplevel() on ptolemy.moml.MoMLSimpleApplication@6125bd00
----------------- Done invoking toplevel() on ptolemy.moml.MoMLSimpleApplication@6125bd00
reloadAllAccessors: .ContinuousWithinContinuous2

===========================================================================================
----------------- testing Mon Dec 30 06:30:42 UTC 2019 /home/travis/build/icyphy/ptII/ptolemy/domains/continuous/test/auto/ContinuousWithinContinuous3.xml
----------------- Instantiating /home/travis/build/icyphy/ptII/ptolemy/domains/continuous/test/auto/ContinuousWithinContinuous3.xml
12 ms. Memory: 270336K Free: 147705K (55%)
----------------- Invoking toplevel() on ptolemy.moml.MoMLSimpleApplication@1daf4e8b
----------------- Done invoking toplevel() on ptolemy.moml.MoMLSimpleApplication@1daf4e8b
reloadAllAccessors: .ContinuousWithinContinuous3

===========================================================================================
----------------- testing Mon Dec 30 06:30:42 UTC 2019 /home/travis/build/icyphy/ptII/ptolemy/domains/continuous/test/auto/ContinuousWithinContinuous4.xml
----------------- Instantiating /home/travis/build/icyphy/ptII/ptolemy/domains/continuous/test/auto/ContinuousWithinContinuous4.xml
67 ms. Memory: 270336K Free: 134903K (50%)
----------------- Invoking toplevel() on ptolemy.moml.MoMLSimpleApplication@5481ed89
----------------- Done invoking toplevel() on ptolemy.moml.MoMLSimpleApplication@5481ed89
reloadAllAccessors: .ContinuousWithinContinuous4

===========================================================================================
----------------- testing Mon Dec 30 06:30:43 UTC 2019 /home/travis/build/icyphy/ptII/ptolemy/domains/continuous/test/auto/ContinuousWithinContinuous5.xml
----------------- Instantiating /home/travis/build/icyphy/ptII/ptolemy/domains/continuous/test/auto/ContinuousWithinContinuous5.xml
10 ms. Memory: 270336K Free: 127735K (47%)
----------------- Invoking toplevel() on ptolemy.moml.MoMLSimpleApplication@47ade208
----------------- Done invoking toplevel() on ptolemy.moml.MoMLSimpleApplication@47ade208
reloadAllAccessors: .ContinuousWithinContinuous5

===========================================================================================
----------------- testing Mon Dec 30 06:30:43 UTC 2019 /home/travis/build/icyphy/ptII/ptolemy/domains/continuous/test/auto/ContinuousWithinContinuous6.xml
----------------- Instantiating /home/travis/build/icyphy/ptII/ptolemy/domains/continuous/test/auto/ContinuousWithinContinuous6.xml
9 ms. Memory: 270336K Free: 120567K (45%)
----------------- Invoking toplevel() on ptolemy.moml.MoMLSimpleApplication@2ae78277
----------------- Done invoking toplevel() on ptolemy.moml.MoMLSimpleApplication@2ae78277
reloadAllAccessors: .ContinuousWithinContinuous6

===========================================================================================
----------------- testing Mon Dec 30 06:30:43 UTC 2019 /home/travis/build/icyphy/ptII/ptolemy/domains/continuous/test/auto/ContinuousWithinContinuous7.xml
----------------- Instantiating /home/travis/build/icyphy/ptII/ptolemy/domains/continuous/test/auto/ContinuousWithinContinuous7.xml
46 ms. Memory: 270336K Free: 109303K (40%)
----------------- Invoking toplevel() on ptolemy.moml.MoMLSimpleApplication@76df6825
----------------- Done invoking toplevel() on ptolemy.moml.MoMLSimpleApplication@76df6825
reloadAllAccessors: .ContinuousWithinContinuous7

===========================================================================================
----------------- testing Mon Dec 30 06:30:43 UTC 2019 /home/travis/build/icyphy/ptII/ptolemy/domains/continuous/test/auto/DCMotor.xml
----------------- Instantiating /home/travis/build/icyphy/ptII/ptolemy/domains/continuous/test/auto/DCMotor.xml
15633 ms. Memory: 270336K Free: 193426K (72%)
----------------- Invoking toplevel() on ptolemy.moml.MoMLSimpleApplication@794eda5d
----------------- Done invoking toplevel() on ptolemy.moml.MoMLSimpleApplication@794eda5d
reloadAllAccessors: .DCMotor

===========================================================================================
----------------- testing Mon Dec 30 06:30:58 UTC 2019 /home/travis/build/icyphy/ptII/ptolemy/domains/continuous/test/auto/DEInContinuous.xml
----------------- Instantiating /home/travis/build/icyphy/ptII/ptolemy/domains/continuous/test/auto/DEInContinuous.xml
15 ms. Memory: 270336K Free: 187282K (69%)
----------------- Invoking toplevel() on ptolemy.moml.MoMLSimpleApplication@12db59c3
----------------- Done invoking toplevel() on ptolemy.moml.MoMLSimpleApplication@12db59c3
reloadAllAccessors: .DEInContinuous

===========================================================================================
----------------- testing Mon Dec 30 06:30:58 UTC 2019 /home/travis/build/icyphy/ptII/ptolemy/domains/continuous/test/auto/DEinContinuous2.xml
----------------- Instantiating /home/travis/build/icyphy/ptII/ptolemy/domains/continuous/test/auto/DEinContinuous2.xml
8 ms. Memory: 270336K Free: 179090K (66%)
----------------- Invoking toplevel() on ptolemy.moml.MoMLSimpleApplication@28de64aa
----------------- Done invoking toplevel() on ptolemy.moml.MoMLSimpleApplication@28de64aa
reloadAllAccessors: .DEinContinuous2

===========================================================================================
----------------- testing Mon Dec 30 06:30:58 UTC 2019 /home/travis/build/icyphy/ptII/ptolemy/domains/continuous/test/auto/Derivative.xml
----------------- Instantiating /home/travis/build/icyphy/ptII/ptolemy/domains/continuous/test/auto/Derivative.xml
154 ms. Memory: 270336K Free: 148880K (55%)
----------------- Invoking toplevel() on ptolemy.moml.MoMLSimpleApplication@5498a1eb
----------------- Done invoking toplevel() on ptolemy.moml.MoMLSimpleApplication@5498a1eb
reloadAllAccessors: .Derivative2

===========================================================================================
----------------- testing Mon Dec 30 06:30:59 UTC 2019 /home/travis/build/icyphy/ptII/ptolemy/domains/continuous/test/auto/Derivative1.xml
----------------- Instantiating /home/travis/build/icyphy/ptII/ptolemy/domains/continuous/test/auto/Derivative1.xml
26 ms. Memory: 270336K Free: 134544K (50%)
----------------- Invoking toplevel() on ptolemy.moml.MoMLSimpleApplication@366843e0
----------------- Done invoking toplevel() on ptolemy.moml.MoMLSimpleApplication@366843e0
reloadAllAccessors: .Derivative1

===========================================================================================
----------------- testing Mon Dec 30 06:30:59 UTC 2019 /home/travis/build/icyphy/ptII/ptolemy/domains/continuous/test/auto/DiscreteClock.xml
----------------- Instantiating /home/travis/build/icyphy/ptII/ptolemy/domains/continuous/test/auto/DiscreteClock.xml
5 ms. Memory: 270336K Free: 129424K (48%)
----------------- Invoking toplevel() on ptolemy.moml.MoMLSimpleApplication@7c0313ac
----------------- Done invoking toplevel() on ptolemy.moml.MoMLSimpleApplication@7c0313ac
reloadAllAccessors: .DiscreteClock

===========================================================================================
----------------- testing Mon Dec 30 06:30:59 UTC 2019 /home/travis/build/icyphy/ptII/ptolemy/domains/continuous/test/auto/EfficiencyCurve.xml
----------------- Instantiating /home/travis/build/icyphy/ptII/ptolemy/domains/continuous/test/auto/EfficiencyCurve.xml
59 ms. Memory: 270336K Free: 120208K (44%)
----------------- Invoking toplevel() on ptolemy.moml.MoMLSimpleApplication@290853bf
----------------- Done invoking toplevel() on ptolemy.moml.MoMLSimpleApplication@290853bf
reloadAllAccessors: .EfficiencyCurve

===========================================================================================
----------------- testing Mon Dec 30 06:30:59 UTC 2019 /home/travis/build/icyphy/ptII/ptolemy/domains/continuous/test/auto/ExponentialResponse.xml
----------------- Instantiating /home/travis/build/icyphy/ptII/ptolemy/domains/continuous/test/auto/ExponentialResponse.xml
162 ms. Memory: 270336K Free: 104338K (39%)
----------------- Invoking toplevel() on ptolemy.moml.MoMLSimpleApplication@1ea853ff
----------------- Done invoking toplevel() on ptolemy.moml.MoMLSimpleApplication@1ea853ff
reloadAllAccessors: .ExponentialResponse

===========================================================================================
----------------- testing Mon Dec 30 06:30:59 UTC 2019 /home/travis/build/icyphy/ptII/ptolemy/domains/continuous/test/auto/ExponentialResponseRK45.xml
----------------- Instantiating /home/travis/build/icyphy/ptII/ptolemy/domains/continuous/test/auto/ExponentialResponseRK45.xml
36 ms. Memory: 270336K Free: 97680K (36%)
----------------- Invoking toplevel() on ptolemy.moml.MoMLSimpleApplication@425fecf2
----------------- Done invoking toplevel() on ptolemy.moml.MoMLSimpleApplication@425fecf2
reloadAllAccessors: .ExponentialResponseRK45

===========================================================================================
----------------- testing Mon Dec 30 06:30:59 UTC 2019 /home/travis/build/icyphy/ptII/ptolemy/domains/continuous/test/auto/Friction.xml
----------------- Instantiating /home/travis/build/icyphy/ptII/ptolemy/domains/continuous/test/auto/Friction.xml
1680 ms. Memory: 270336K Free: 149219K (55%)
----------------- Invoking toplevel() on ptolemy.moml.MoMLSimpleApplication@3faf61a0
----------------- Done invoking toplevel() on ptolemy.moml.MoMLSimpleApplication@3faf61a0
reloadAllAccessors: .Friction

===========================================================================================
----------------- testing Mon Dec 30 06:31:01 UTC 2019 /home/travis/build/icyphy/ptII/ptolemy/domains/continuous/test/auto/FurutaPendulum.xml
----------------- Instantiating /home/travis/build/icyphy/ptII/ptolemy/domains/continuous/test/auto/FurutaPendulum.xml
3193 ms. Memory: 270336K Free: 106298K (39%)
----------------- Invoking toplevel() on ptolemy.moml.MoMLSimpleApplication@3913dab8
----------------- Done invoking toplevel() on ptolemy.moml.MoMLSimpleApplication@3913dab8
reloadAllAccessors: .FurutaPendulum

===========================================================================================
----------------- testing Mon Dec 30 06:31:04 UTC 2019 /home/travis/build/icyphy/ptII/ptolemy/domains/continuous/test/auto/HierarchicalExecution.xml
----------------- Instantiating /home/travis/build/icyphy/ptII/ptolemy/domains/continuous/test/auto/HierarchicalExecution.xml
1847 ms. Memory: 270336K Free: 124834K (46%)
----------------- Invoking toplevel() on ptolemy.moml.MoMLSimpleApplication@4126f719
----------------- Done invoking toplevel() on ptolemy.moml.MoMLSimpleApplication@4126f719
reloadAllAccessors: .HierarchicalExecution

===========================================================================================
----------------- testing Mon Dec 30 06:31:07 UTC 2019 /home/travis/build/icyphy/ptII/ptolemy/domains/continuous/test/auto/HybridPlant.xml
----------------- Instantiating /home/travis/build/icyphy/ptII/ptolemy/domains/continuous/test/auto/HybridPlant.xml
593 ms. Memory: 270336K Free: 181141K (67%)
----------------- Invoking toplevel() on ptolemy.moml.MoMLSimpleApplication@1ccf66f0
----------------- Done invoking toplevel() on ptolemy.moml.MoMLSimpleApplication@1ccf66f0
reloadAllAccessors: .HybridPlant

===========================================================================================
----------------- testing Mon Dec 30 06:31:07 UTC 2019 /home/travis/build/icyphy/ptII/ptolemy/domains/continuous/test/auto/Hysteresis.xml
----------------- Instantiating /home/travis/build/icyphy/ptII/ptolemy/domains/continuous/test/auto/Hysteresis.xml
181 ms. Memory: 270336K Free: 117653K (44%)
----------------- Invoking toplevel() on ptolemy.moml.MoMLSimpleApplication@607518d2
----------------- Done invoking toplevel() on ptolemy.moml.MoMLSimpleApplication@607518d2
reloadAllAccessors: .Hysteresis

===========================================================================================
----------------- testing Mon Dec 30 06:31:08 UTC 2019 /home/travis/build/icyphy/ptII/ptolemy/domains/continuous/test/auto/HysteresisWithRandomDelay.xml
----------------- Instantiating /home/travis/build/icyphy/ptII/ptolemy/domains/continuous/test/auto/HysteresisWithRandomDelay.xml
217 ms. Memory: 270336K Free: 205966K (76%)
----------------- Invoking toplevel() on ptolemy.moml.MoMLSimpleApplication@4d9680b
----------------- Done invoking toplevel() on ptolemy.moml.MoMLSimpleApplication@4d9680b
reloadAllAccessors: .HysteresisWithRandomDelay

===========================================================================================
----------------- testing Mon Dec 30 06:31:08 UTC 2019 /home/travis/build/icyphy/ptII/ptolemy/domains/continuous/test/auto/HysteresisWithRandomLosses.xml
----------------- Instantiating /home/travis/build/icyphy/ptII/ptolemy/domains/continuous/test/auto/HysteresisWithRandomLosses.xml
2579 ms. Memory: 270336K Free: 245269K (91%)
----------------- Invoking toplevel() on ptolemy.moml.MoMLSimpleApplication@34e2dd2f
----------------- Done invoking toplevel() on ptolemy.moml.MoMLSimpleApplication@34e2dd2f
reloadAllAccessors: .HysteresisWithRandomLosses

===========================================================================================
----------------- testing Mon Dec 30 06:31:10 UTC 2019 /home/travis/build/icyphy/ptII/ptolemy/domains/continuous/test/auto/ImmediateTransitions.xml
----------------- Instantiating /home/travis/build/icyphy/ptII/ptolemy/domains/continuous/test/auto/ImmediateTransitions.xml
10 ms. Memory: 270336K Free: 234501K (87%)
----------------- Invoking toplevel() on ptolemy.moml.MoMLSimpleApplication@56566f29
----------------- Done invoking toplevel() on ptolemy.moml.MoMLSimpleApplication@56566f29
reloadAllAccessors: .ImmediateTransitions

===========================================================================================
----------------- testing Mon Dec 30 06:31:11 UTC 2019 /home/travis/build/icyphy/ptII/ptolemy/domains/continuous/test/auto/ImpulseFeedback.xml
----------------- Instantiating /home/travis/build/icyphy/ptII/ptolemy/domains/continuous/test/auto/ImpulseFeedback.xml
8 ms. Memory: 270336K Free: 228885K (85%)
----------------- Invoking toplevel() on ptolemy.moml.MoMLSimpleApplication@660c50a3
----------------- Done invoking toplevel() on ptolemy.moml.MoMLSimpleApplication@660c50a3
reloadAllAccessors: .ImpulseFeedback

===========================================================================================
----------------- testing Mon Dec 30 06:31:11 UTC 2019 /home/travis/build/icyphy/ptII/ptolemy/domains/continuous/test/auto/ImpulseFeedback2.xml
----------------- Instantiating /home/travis/build/icyphy/ptII/ptolemy/domains/continuous/test/auto/ImpulseFeedback2.xml
7 ms. Memory: 270336K Free: 223251K (83%)
----------------- Invoking toplevel() on ptolemy.moml.MoMLSimpleApplication@109b87b
----------------- Done invoking toplevel() on ptolemy.moml.MoMLSimpleApplication@109b87b
reloadAllAccessors: .ImpulseFeedback2

===========================================================================================
----------------- testing Mon Dec 30 06:31:11 UTC 2019 /home/travis/build/icyphy/ptII/ptolemy/domains/continuous/test/auto/IncreasingRatePoisson.xml
----------------- Instantiating /home/travis/build/icyphy/ptII/ptolemy/domains/continuous/test/auto/IncreasingRatePoisson.xml
755 ms. Memory: 270336K Free: 226534K (84%)
----------------- Invoking toplevel() on ptolemy.moml.MoMLSimpleApplication@3da079f3
----------------- Done invoking toplevel() on ptolemy.moml.MoMLSimpleApplication@3da079f3
reloadAllAccessors: .IncreasingRatePoisson

===========================================================================================
----------------- testing Mon Dec 30 06:31:11 UTC 2019 /home/travis/build/icyphy/ptII/ptolemy/domains/continuous/test/auto/InitialStateFeedback.xml
----------------- Instantiating /home/travis/build/icyphy/ptII/ptolemy/domains/continuous/test/auto/InitialStateFeedback.xml
6 ms. Memory: 270336K Free: 221924K (82%)
----------------- Invoking toplevel() on ptolemy.moml.MoMLSimpleApplication@6ace9c06
----------------- Done invoking toplevel() on ptolemy.moml.MoMLSimpleApplication@6ace9c06
reloadAllAccessors: .InitialStateFeedback

===========================================================================================
----------------- testing Mon Dec 30 06:31:11 UTC 2019 /home/travis/build/icyphy/ptII/ptolemy/domains/continuous/test/auto/Integration.xml
----------------- Instantiating /home/travis/build/icyphy/ptII/ptolemy/domains/continuous/test/auto/Integration.xml
1 ms. Memory: 270336K Free: 217828K (81%)
----------------- Invoking toplevel() on ptolemy.moml.MoMLSimpleApplication@7274b286
----------------- Done invoking toplevel() on ptolemy.moml.MoMLSimpleApplication@7274b286
reloadAllAccessors: .Integration

===========================================================================================
----------------- testing Mon Dec 30 06:31:11 UTC 2019 /home/travis/build/icyphy/ptII/ptolemy/domains/continuous/test/auto/Integration2.xml
----------------- Instantiating /home/travis/build/icyphy/ptII/ptolemy/domains/continuous/test/auto/Integration2.xml
77 ms. Memory: 270336K Free: 203492K (75%)
----------------- Invoking toplevel() on ptolemy.moml.MoMLSimpleApplication@715c1d51
----------------- Done invoking toplevel() on ptolemy.moml.MoMLSimpleApplication@715c1d51
reloadAllAccessors: .Integration2

===========================================================================================
----------------- testing Mon Dec 30 06:31:11 UTC 2019 /home/travis/build/icyphy/ptII/ptolemy/domains/continuous/test/auto/Integration3.xml
----------------- Instantiating /home/travis/build/icyphy/ptII/ptolemy/domains/continuous/test/auto/Integration3.xml
3 ms. Memory: 270336K Free: 198886K (74%)
----------------- Invoking toplevel() on ptolemy.moml.MoMLSimpleApplication@26b16da4
----------------- Done invoking toplevel() on ptolemy.moml.MoMLSimpleApplication@26b16da4
reloadAllAccessors: .Integration3

===========================================================================================
----------------- testing Mon Dec 30 06:31:11 UTC 2019 /home/travis/build/icyphy/ptII/ptolemy/domains/continuous/test/auto/Integration5.xml
----------------- Instantiating /home/travis/build/icyphy/ptII/ptolemy/domains/continuous/test/auto/Integration5.xml
2 ms. Memory: 270336K Free: 194790K (72%)
----------------- Invoking toplevel() on ptolemy.moml.MoMLSimpleApplication@664488b2
----------------- Done invoking toplevel() on ptolemy.moml.MoMLSimpleApplication@664488b2
reloadAllAccessors: .Integration5

===========================================================================================
----------------- testing Mon Dec 30 06:31:11 UTC 2019 /home/travis/build/icyphy/ptII/ptolemy/domains/continuous/test/auto/IntegratorImpulse.xml
----------------- Instantiating /home/travis/build/icyphy/ptII/ptolemy/domains/continuous/test/auto/IntegratorImpulse.xml
3 ms. Memory: 270336K Free: 190694K (71%)
----------------- Invoking toplevel() on ptolemy.moml.MoMLSimpleApplication@1f39152a
----------------- Done invoking toplevel() on ptolemy.moml.MoMLSimpleApplication@1f39152a
reloadAllAccessors: .IntegratorImpulse

===========================================================================================
----------------- testing Mon Dec 30 06:31:12 UTC 2019 /home/travis/build/icyphy/ptII/ptolemy/domains/continuous/test/auto/IntegratorImpulse2.xml
----------------- Instantiating /home/travis/build/icyphy/ptII/ptolemy/domains/continuous/test/auto/IntegratorImpulse2.xml
3 ms. Memory: 270336K Free: 186054K (69%)
----------------- Invoking toplevel() on ptolemy.moml.MoMLSimpleApplication@313dc3ec
----------------- Done invoking toplevel() on ptolemy.moml.MoMLSimpleApplication@313dc3ec
reloadAllAccessors: .IntegratorImpulse2

===========================================================================================
----------------- testing Mon Dec 30 06:31:12 UTC 2019 /home/travis/build/icyphy/ptII/ptolemy/domains/continuous/test/auto/LevelCrossing1.xml
----------------- Instantiating /home/travis/build/icyphy/ptII/ptolemy/domains/continuous/test/auto/LevelCrossing1.xml
6 ms. Memory: 270336K Free: 180964K (67%)
----------------- Invoking toplevel() on ptolemy.moml.MoMLSimpleApplication@73845a29
----------------- Done invoking toplevel() on ptolemy.moml.MoMLSimpleApplication@73845a29
reloadAllAccessors: .LevelCrossing1

===========================================================================================
----------------- testing Mon Dec 30 06:31:12 UTC 2019 /home/travis/build/icyphy/ptII/ptolemy/domains/continuous/test/auto/LevelCrossing2.xml
----------------- Instantiating /home/travis/build/icyphy/ptII/ptolemy/domains/continuous/test/auto/LevelCrossing2.xml
3 ms. Memory: 270336K Free: 175844K (65%)
----------------- Invoking toplevel() on ptolemy.moml.MoMLSimpleApplication@5c786404
----------------- Done invoking toplevel() on ptolemy.moml.MoMLSimpleApplication@5c786404
reloadAllAccessors: .LevelCrossing2

===========================================================================================
----------------- testing Mon Dec 30 06:31:12 UTC 2019 /home/travis/build/icyphy/ptII/ptolemy/domains/continuous/test/auto/LevelCrossing3.xml
----------------- Instantiating /home/travis/build/icyphy/ptII/ptolemy/domains/continuous/test/auto/LevelCrossing3.xml
2 ms. Memory: 270336K Free: 170718K (63%)
----------------- Invoking toplevel() on ptolemy.moml.MoMLSimpleApplication@4551761
----------------- Done invoking toplevel() on ptolemy.moml.MoMLSimpleApplication@4551761
reloadAllAccessors: .LevelCrossing3

===========================================================================================
----------------- testing Mon Dec 30 06:31:12 UTC 2019 /home/travis/build/icyphy/ptII/ptolemy/domains/continuous/test/auto/LevelCrossing4.xml
----------------- Instantiating /home/travis/build/icyphy/ptII/ptolemy/domains/continuous/test/auto/LevelCrossing4.xml
2 ms. Memory: 270336K Free: 165604K (61%)
----------------- Invoking toplevel() on ptolemy.moml.MoMLSimpleApplication@539c742b
----------------- Done invoking toplevel() on ptolemy.moml.MoMLSimpleApplication@539c742b
reloadAllAccessors: .LevelCrossing4

===========================================================================================
----------------- testing Mon Dec 30 06:31:12 UTC 2019 /home/travis/build/icyphy/ptII/ptolemy/domains/continuous/test/auto/LevelCrossing5.xml
----------------- Instantiating /home/travis/build/icyphy/ptII/ptolemy/domains/continuous/test/auto/LevelCrossing5.xml
2 ms. Memory: 270336K Free: 160470K (59%)
----------------- Invoking toplevel() on ptolemy.moml.MoMLSimpleApplication@5eb68387
----------------- Done invoking toplevel() on ptolemy.moml.MoMLSimpleApplication@5eb68387
reloadAllAccessors: .LevelCrossing5

===========================================================================================
[...]
----------------- testing Mon Dec 30 06:31:27 UTC 2019 /home/travis/build/icyphy/ptII/ptolemy/domains/continuous/test/auto/SRinContinuous.xml
----------------- Instantiating /home/travis/build/icyphy/ptII/ptolemy/domains/continuous/test/auto/SRinContinuous.xml
4 ms. Memory: 270336K Free: 176556K (65%)
----------------- Invoking toplevel() on ptolemy.moml.MoMLSimpleApplication@27fe547a
----------------- Done invoking toplevel() on ptolemy.moml.MoMLSimpleApplication@27fe547a
reloadAllAccessors: .SRinContinuous

===========================================================================================
----------------- testing Mon Dec 30 06:31:27 UTC 2019 /home/travis/build/icyphy/ptII/ptolemy/domains/continuous/test/auto/SampledClocks.xml
----------------- Instantiating /home/travis/build/icyphy/ptII/ptolemy/domains/continuous/test/auto/SampledClocks.xml
7 ms. Memory: 270336K Free: 163758K (61%)
----------------- Invoking toplevel() on ptolemy.moml.MoMLSimpleApplication@5ea89ca4
----------------- Done invoking toplevel() on ptolemy.moml.MoMLSimpleApplication@5ea89ca4
reloadAllAccessors: .SampledClocks

===========================================================================================
----------------- testing Mon Dec 30 06:31:27 UTC 2019 /home/travis/build/icyphy/ptII/ptolemy/domains/continuous/test/auto/Satellite.xml
----------------- Instantiating /home/travis/build/icyphy/ptII/ptolemy/domains/continuous/test/auto/Satellite.xml
696 ms. Memory: 270336K Free: 125034K (46%)
----------------- Invoking toplevel() on ptolemy.moml.MoMLSimpleApplication@17c72944
----------------- Done invoking toplevel() on ptolemy.moml.MoMLSimpleApplication@17c72944
reloadAllAccessors: .Satellite

===========================================================================================
----------------- testing Mon Dec 30 06:31:28 UTC 2019 /home/travis/build/icyphy/ptII/ptolemy/domains/continuous/test/auto/SigmaDelta.xml
----------------- Instantiating /home/travis/build/icyphy/ptII/ptolemy/domains/continuous/test/auto/SigmaDelta.xml
1827 ms. Memory: 270336K Free: 173879K (64%)
----------------- Invoking toplevel() on ptolemy.moml.MoMLSimpleApplication@64b4c0b
----------------- Done invoking toplevel() on ptolemy.moml.MoMLSimpleApplication@64b4c0b
reloadAllAccessors: .SigmaDelta

===========================================================================================
----------------- testing Mon Dec 30 06:31:30 UTC 2019 /home/travis/build/icyphy/ptII/ptolemy/domains/continuous/test/auto/SingleRefinement.xml
----------------- Instantiating /home/travis/build/icyphy/ptII/ptolemy/domains/continuous/test/auto/SingleRefinement.xml
316 ms. Memory: 270336K Free: 149797K (55%)
----------------- Invoking toplevel() on ptolemy.moml.MoMLSimpleApplication@53079c65
----------------- Done invoking toplevel() on ptolemy.moml.MoMLSimpleApplication@53079c65
reloadAllAccessors: .SingleRefinement

===========================================================================================
----------------- testing Mon Dec 30 06:31:30 UTC 2019 /home/travis/build/icyphy/ptII/ptolemy/domains/continuous/test/auto/SinuBouncingBall.xml
----------------- Instantiating /home/travis/build/icyphy/ptII/ptolemy/domains/continuous/test/auto/SinuBouncingBall.xml
792 ms. Memory: 270336K Free: 94696K (35%)
----------------- Invoking toplevel() on ptolemy.moml.MoMLSimpleApplication@66e2d56b
----------------- Done invoking toplevel() on ptolemy.moml.MoMLSimpleApplication@66e2d56b
reloadAllAccessors: .SinuBouncingBall

===========================================================================================
----------------- testing Mon Dec 30 06:31:31 UTC 2019 /home/travis/build/icyphy/ptII/ptolemy/domains/continuous/test/auto/Sinusoid.xml
----------------- Instantiating /home/travis/build/icyphy/ptII/ptolemy/domains/continuous/test/auto/Sinusoid.xml
4 ms. Memory: 270336K Free: 249848K (92%)
----------------- Invoking toplevel() on ptolemy.moml.MoMLSimpleApplication@2cbbd635
----------------- Done invoking toplevel() on ptolemy.moml.MoMLSimpleApplication@2cbbd635
reloadAllAccessors: .Sinusoid

===========================================================================================
----------------- testing Mon Dec 30 06:31:31 UTC 2019 /home/travis/build/icyphy/ptII/ptolemy/domains/continuous/test/auto/SinusoidInNoise.xml
----------------- Instantiating /home/travis/build/icyphy/ptII/ptolemy/domains/continuous/test/auto/SinusoidInNoise.xml
692 ms. Memory: 270336K Free: 109064K (40%)
----------------- Invoking toplevel() on ptolemy.moml.MoMLSimpleApplication@46edb51a
----------------- Done invoking toplevel() on ptolemy.moml.MoMLSimpleApplication@46edb51a
reloadAllAccessors: .SinusoidInNoise

===========================================================================================
----------------- testing Mon Dec 30 06:31:32 UTC 2019 /home/travis/build/icyphy/ptII/ptolemy/domains/continuous/test/auto/SinusoidRK45.xml
----------------- Instantiating /home/travis/build/icyphy/ptII/ptolemy/domains/continuous/test/auto/SinusoidRK45.xml
2 ms. Memory: 270336K Free: 104968K (39%)
----------------- Invoking toplevel() on ptolemy.moml.MoMLSimpleApplication@4941d564
----------------- Done invoking toplevel() on ptolemy.moml.MoMLSimpleApplication@4941d564
reloadAllAccessors: .SinusoidRK45

===========================================================================================
----------------- testing Mon Dec 30 06:31:32 UTC 2019 /home/travis/build/icyphy/ptII/ptolemy/domains/continuous/test/auto/SinusoidWithMultipleImpulses.xml
----------------- Instantiating /home/travis/build/icyphy/ptII/ptolemy/domains/continuous/test/auto/SinusoidWithMultipleImpulses.xml
3 ms. Memory: 270336K Free: 100358K (37%)
----------------- Invoking toplevel() on ptolemy.moml.MoMLSimpleApplication@5498c774
----------------- Done invoking toplevel() on ptolemy.moml.MoMLSimpleApplication@5498c774
reloadAllAccessors: .SinusoidWithMultipleImpulses

===========================================================================================
----------------- testing Mon Dec 30 06:31:32 UTC 2019 /home/travis/build/icyphy/ptII/ptolemy/domains/continuous/test/auto/SquareWave.xml
----------------- Instantiating /home/travis/build/icyphy/ptII/ptolemy/domains/continuous/test/auto/SquareWave.xml
154 ms. Memory: 270336K Free: 233861K (87%)
----------------- Invoking toplevel() on ptolemy.moml.MoMLSimpleApplication@7b01a22f
----------------- Done invoking toplevel() on ptolemy.moml.MoMLSimpleApplication@7b01a22f
reloadAllAccessors: .SquareWave

===========================================================================================
----------------- testing Mon Dec 30 06:31:32 UTC 2019 /home/travis/build/icyphy/ptII/ptolemy/domains/continuous/test/auto/Starmac.xml
----------------- Instantiating /home/travis/build/icyphy/ptII/ptolemy/domains/continuous/test/auto/Starmac.xml
3065 ms. Memory: 270336K Free: 239011K (88%)
----------------- Invoking toplevel() on ptolemy.moml.MoMLSimpleApplication@2ef7c42
----------------- Done invoking toplevel() on ptolemy.moml.MoMLSimpleApplication@2ef7c42
reloadAllAccessors: .Starmac

===========================================================================================
----------------- testing Mon Dec 30 06:31:35 UTC 2019 /home/travis/build/icyphy/ptII/ptolemy/domains/continuous/test/auto/StaticUnits.xml
----------------- Instantiating /home/travis/build/icyphy/ptII/ptolemy/domains/continuous/test/auto/StaticUnits.xml
1755 ms. Memory: 270336K Free: 95884K (35%)
----------------- Invoking toplevel() on ptolemy.moml.MoMLSimpleApplication@3e3272d9
----------------- Done invoking toplevel() on ptolemy.moml.MoMLSimpleApplication@3e3272d9
reloadAllAccessors: .StaticUnits

===========================================================================================
----------------- testing Mon Dec 30 06:31:38 UTC 2019 /home/travis/build/icyphy/ptII/ptolemy/domains/continuous/test/auto/StickyMasses.xml
----------------- Instantiating /home/travis/build/icyphy/ptII/ptolemy/domains/continuous/test/auto/StickyMasses.xml
127 ms. Memory: 270336K Free: 202362K (75%)
----------------- Invoking toplevel() on ptolemy.moml.MoMLSimpleApplication@11cf7b65
----------------- Done invoking toplevel() on ptolemy.moml.MoMLSimpleApplication@11cf7b65
reloadAllAccessors: .StickyMasses

===========================================================================================
----------------- testing Mon Dec 30 06:31:38 UTC 2019 /home/travis/build/icyphy/ptII/ptolemy/domains/continuous/test/auto/StopTime.xml
----------------- Instantiating /home/travis/build/icyphy/ptII/ptolemy/domains/continuous/test/auto/StopTime.xml
43 ms. Memory: 270336K Free: 176762K (65%)
----------------- Invoking toplevel() on ptolemy.moml.MoMLSimpleApplication@3e10665f
----------------- Done invoking toplevel() on ptolemy.moml.MoMLSimpleApplication@3e10665f
reloadAllAccessors: .StopTime

===========================================================================================
----------------- testing Mon Dec 30 06:31:38 UTC 2019 /home/travis/build/icyphy/ptII/ptolemy/domains/continuous/test/auto/StopTime2.xml
----------------- Instantiating /home/travis/build/icyphy/ptII/ptolemy/domains/continuous/test/auto/StopTime2.xml
36 ms. Memory: 270336K Free: 154748K (57%)
----------------- Invoking toplevel() on ptolemy.moml.MoMLSimpleApplication@4628907e
----------------- Done invoking toplevel() on ptolemy.moml.MoMLSimpleApplication@4628907e
reloadAllAccessors: .StopTime2

===========================================================================================
----------------- testing Mon Dec 30 06:31:38 UTC 2019 /home/travis/build/icyphy/ptII/ptolemy/domains/continuous/test/auto/Switch.xml
----------------- Instantiating /home/travis/build/icyphy/ptII/ptolemy/domains/continuous/test/auto/Switch.xml
36 ms. Memory: 270336K Free: 129658K (48%)
----------------- Invoking toplevel() on ptolemy.moml.MoMLSimpleApplication@76c9b05c
----------------- Done invoking toplevel() on ptolemy.moml.MoMLSimpleApplication@76c9b05c
reloadAllAccessors: .Switch

===========================================================================================
----------------- testing Mon Dec 30 06:31:38 UTC 2019 /home/travis/build/icyphy/ptII/ptolemy/domains/continuous/test/auto/Thermostat.xml
----------------- Instantiating /home/travis/build/icyphy/ptII/ptolemy/domains/continuous/test/auto/Thermostat.xml
177 ms. Memory: 270336K Free: 212604K (79%)
----------------- Invoking toplevel() on ptolemy.moml.MoMLSimpleApplication@1bfbde94
----------------- Done invoking toplevel() on ptolemy.moml.MoMLSimpleApplication@1bfbde94
reloadAllAccessors: .Thermostat

===========================================================================================
----------------- testing Mon Dec 30 06:31:38 UTC 2019 /home/travis/build/icyphy/ptII/ptolemy/domains/continuous/test/auto/TimeDelay.xml
----------------- Instantiating /home/travis/build/icyphy/ptII/ptolemy/domains/continuous/test/auto/TimeDelay.xml
5 ms. Memory: 270336K Free: 207484K (77%)
----------------- Invoking toplevel() on ptolemy.moml.MoMLSimpleApplication@3ff22a34
----------------- Done invoking toplevel() on ptolemy.moml.MoMLSimpleApplication@3ff22a34
reloadAllAccessors: .TimeDelay

===========================================================================================
----------------- testing Mon Dec 30 06:31:38 UTC 2019 /home/travis/build/icyphy/ptII/ptolemy/domains/continuous/test/auto/TimeDelay2.xml
----------------- Instantiating /home/travis/build/icyphy/ptII/ptolemy/domains/continuous/test/auto/TimeDelay2.xml
6 ms. Memory: 270336K Free: 197754K (73%)
----------------- Invoking toplevel() on ptolemy.moml.MoMLSimpleApplication@29079530
----------------- Done invoking toplevel() on ptolemy.moml.MoMLSimpleApplication@29079530
reloadAllAccessors: .TimeDelay2

===========================================================================================
----------------- testing Mon Dec 30 06:31:38 UTC 2019 /home/travis/build/icyphy/ptII/ptolemy/domains/continuous/test/auto/TimeDelay3.xml
----------------- Instantiating /home/travis/build/icyphy/ptII/ptolemy/domains/continuous/test/auto/TimeDelay3.xml
4 ms. Memory: 270336K Free: 193146K (71%)
----------------- Invoking toplevel() on ptolemy.moml.MoMLSimpleApplication@11ce0d28
----------------- Done invoking toplevel() on ptolemy.moml.MoMLSimpleApplication@11ce0d28
reloadAllAccessors: .TimeDelay3

===========================================================================================
----------------- testing Mon Dec 30 06:31:38 UTC 2019 /home/travis/build/icyphy/ptII/ptolemy/domains/continuous/test/auto/TransferAbsentToInside.xml
----------------- Instantiating /home/travis/build/icyphy/ptII/ptolemy/domains/continuous/test/auto/TransferAbsentToInside.xml
31 ms. Memory: 270336K Free: 140379K (52%)
----------------- Invoking toplevel() on ptolemy.moml.MoMLSimpleApplication@31f78c2e
----------------- Done invoking toplevel() on ptolemy.moml.MoMLSimpleApplication@31f78c2e
reloadAllAccessors: .TransferAbsentToInside

===========================================================================================
----------------- testing Mon Dec 30 06:31:38 UTC 2019 /home/travis/build/icyphy/ptII/ptolemy/domains/continuous/test/auto/Transmission.xml
----------------- Instantiating /home/travis/build/icyphy/ptII/ptolemy/domains/continuous/test/auto/Transmission.xml
834 ms. Memory: 270336K Free: 217686K (81%)
----------------- Invoking toplevel() on ptolemy.moml.MoMLSimpleApplication@283105bc
----------------- Done invoking toplevel() on ptolemy.moml.MoMLSimpleApplication@283105bc
reloadAllAccessors: .Transmission

===========================================================================================
----------------- testing Mon Dec 30 06:31:39 UTC 2019 /home/travis/build/icyphy/ptII/ptolemy/domains/continuous/test/auto/TriggeredContinuousClock.xml
----------------- Instantiating /home/travis/build/icyphy/ptII/ptolemy/domains/continuous/test/auto/TriggeredContinuousClock.xml
49 ms. Memory: 270336K Free: 188005K (70%)
----------------- Invoking toplevel() on ptolemy.moml.MoMLSimpleApplication@1cc40d34
----------------- Done invoking toplevel() on ptolemy.moml.MoMLSimpleApplication@1cc40d34
reloadAllAccessors: .TriggeredContinuousClock

===========================================================================================
----------------- testing Mon Dec 30 06:31:39 UTC 2019 /home/travis/build/icyphy/ptII/ptolemy/domains/continuous/test/auto/TwoMachineInfiniteBusControl.xml
----------------- Instantiating /home/travis/build/icyphy/ptII/ptolemy/domains/continuous/test/auto/TwoMachineInfiniteBusControl.xml
2337 ms. Memory: 324608K Free: 192059K (59%)
----------------- Invoking toplevel() on ptolemy.moml.MoMLSimpleApplication@7403b1e0
----------------- Done invoking toplevel() on ptolemy.moml.MoMLSimpleApplication@7403b1e0
reloadAllAccessors: .TwoMachineInfiniteBusControl

===========================================================================================
----------------- testing Mon Dec 30 06:31:42 UTC 2019 /home/travis/build/icyphy/ptII/ptolemy/domains/continuous/test/auto/V2V.xml
----------------- Instantiating /home/travis/build/icyphy/ptII/ptolemy/domains/continuous/test/auto/V2V.xml
837 ms. Memory: 324608K Free: 190003K (59%)
----------------- Invoking toplevel() on ptolemy.moml.MoMLSimpleApplication@3ad37198
----------------- Done invoking toplevel() on ptolemy.moml.MoMLSimpleApplication@3ad37198
reloadAllAccessors: .V2V

===========================================================================================
----------------- testing Mon Dec 30 06:31:43 UTC 2019 /home/travis/build/icyphy/ptII/ptolemy/domains/continuous/test/auto/hierarchicalModalModel.xml
----------------- Instantiating /home/travis/build/icyphy/ptII/ptolemy/domains/continuous/test/auto/hierarchicalModalModel.xml
8 ms. Memory: 324608K Free: 175660K (54%)
----------------- Invoking toplevel() on ptolemy.moml.MoMLSimpleApplication@6226c274
----------------- Done invoking toplevel() on ptolemy.moml.MoMLSimpleApplication@6226c274
reloadAllAccessors: .hierarchicalModalModel

===========================================================================================
----------------- testing Mon Dec 30 06:31:43 UTC 2019 /home/travis/build/icyphy/ptII/ptolemy/domains/continuous/test/auto/hierarchicalModalModel1.xml
----------------- Instantiating /home/travis/build/icyphy/ptII/ptolemy/domains/continuous/test/auto/hierarchicalModalModel1.xml
8 ms. Memory: 324608K Free: 161331K (50%)
----------------- Invoking toplevel() on ptolemy.moml.MoMLSimpleApplication@7a5c4e03
----------------- Done invoking toplevel() on ptolemy.moml.MoMLSimpleApplication@7a5c4e03
reloadAllAccessors: .hierarchicalModalModel1

===========================================================================================
----------------- testing Mon Dec 30 06:31:43 UTC 2019 /home/travis/build/icyphy/ptII/ptolemy/domains/continuous/test/auto/hierarchicalModalModel2.xml
----------------- Instantiating /home/travis/build/icyphy/ptII/ptolemy/domains/continuous/test/auto/hierarchicalModalModel2.xml
7 ms. Memory: 324608K Free: 149012K (46%)
----------------- Invoking toplevel() on ptolemy.moml.MoMLSimpleApplication@144dacb7
----------------- Done invoking toplevel() on ptolemy.moml.MoMLSimpleApplication@144dacb7
reloadAllAccessors: .hierarchicalModalModel2

===========================================================================================
----------------- testing Mon Dec 30 06:31:43 UTC 2019 /home/travis/build/icyphy/ptII/ptolemy/domains/continuous/test/auto/hierarchicalModalModel3.xml
----------------- Instantiating /home/travis/build/icyphy/ptII/ptolemy/domains/continuous/test/auto/hierarchicalModalModel3.xml
6 ms. Memory: 324608K Free: 138293K (43%)
----------------- Invoking toplevel() on ptolemy.moml.MoMLSimpleApplication@35a61feb
----------------- Done invoking toplevel() on ptolemy.moml.MoMLSimpleApplication@35a61feb
reloadAllAccessors: .hierarchicalModalModel3

===========================================================================================
----------------- testing Mon Dec 30 06:31:43 UTC 2019 /home/travis/build/icyphy/ptII/ptolemy/domains/continuous/test/auto/hierarchicalModalModel4.xml
----------------- Instantiating /home/travis/build/icyphy/ptII/ptolemy/domains/continuous/test/auto/hierarchicalModalModel4.xml
5 ms. Memory: 324608K Free: 126515K (39%)
----------------- Invoking toplevel() on ptolemy.moml.MoMLSimpleApplication@6f029e05
----------------- Done invoking toplevel() on ptolemy.moml.MoMLSimpleApplication@6f029e05
reloadAllAccessors: .hierarchicalModalModel4

===========================================================================================
----------------- testing Mon Dec 30 06:31:43 UTC 2019 /home/travis/build/icyphy/ptII/ptolemy/domains/continuous/test/auto/junk.xml
----------------- Instantiating /home/travis/build/icyphy/ptII/ptolemy/domains/continuous/test/auto/junk.xml
144 ms. Memory: 324608K Free: 288714K (89%)
----------------- Invoking toplevel() on ptolemy.moml.MoMLSimpleApplication@1989afb7
----------------- Done invoking toplevel() on ptolemy.moml.MoMLSimpleApplication@1989afb7
reloadAllAccessors: .junk
AutoTests.java: About to close Vertx.
AutoTests.java: Vertx closed.
]]></system-out>
  <system-err><![CDATA[Warning: '.HysteresisWithRandomDelay.NonStrictTest' The test produced only 221 tokens, yet the correctValues parameter was expecting 222 tokens.
Warning: '.HysteresisWithRandomDelay.NonStrictTest2' The test produced only 220 tokens, yet the correctValues parameter was expecting 221 tokens.
Warning: '.Poisson.NonStrictTest' The test produced only 414 tokens, yet the correctValues parameter was expecting 430 tokens.
]]></system-err>
</testsuite>
