<?xml version="1.0" encoding="UTF-8" ?>
<testsuite errors="0" failures="0" hostname="travis-job-ac618e24-ce7a-47da-aac9-b9fc971ac428" name="ptolemy.vergil.basic.export.test.junit.ExportModelJUnitTestBatch7" skipped="0" tests="50" time="716.209" timestamp="2020-03-02T23:54:31">
  <properties>
[...]
</properties>
  <testcase classname="ptolemy.vergil.basic.export.test.junit.ExportModelJUnitTestBatch7" name="[0] ptolemy/domains/taskpt/demo/SharedMemory/SharedMemory.xml (RunExportModel)" time="7.029" />
  <testcase classname="ptolemy.vergil.basic.export.test.junit.ExportModelJUnitTestBatch7" name="[1] ptolemy/domains/taskpt/demo/Task/Task.xml (RunExportModel)" time="4.768" />
  <testcase classname="ptolemy.vergil.basic.export.test.junit.ExportModelJUnitTestBatch7" name="[2] ptolemy/domains/tcs/demo/TCS/TCS.xml (RunExportModel)" time="36.096" />
  <testcase classname="ptolemy.vergil.basic.export.test.junit.ExportModelJUnitTestBatch7" name="[3] ptolemy/domains/tm/demo/Controllers/Controllers.xml (RunExportModel)" time="6.444" />
  <testcase classname="ptolemy.vergil.basic.export.test.junit.ExportModelJUnitTestBatch7" name="[4] ptolemy/domains/tm/demo/FFT/FFT.xml (RunExportModel)" time="14.613" />
  <testcase classname="ptolemy.vergil.basic.export.test.junit.ExportModelJUnitTestBatch7" name="[5] ptolemy/domains/tm/demo/MergedEvents/MergedEvents.xml (RunExportModel)" time="34.416" />
  <testcase classname="ptolemy.vergil.basic.export.test.junit.ExportModelJUnitTestBatch7" name="[6] ptolemy/domains/tm/demo/SimpleTasks/SimpleTasks.xml (RunExportModel)" time="4.254" />
  <testcase classname="ptolemy.vergil.basic.export.test.junit.ExportModelJUnitTestBatch7" name="[7] ptolemy/domains/wireless/demo/AntennaPattern/AntennaGainTest.xml (RunExportModel)" time="4.956" />
  <testcase classname="ptolemy.vergil.basic.export.test.junit.ExportModelJUnitTestBatch7" name="[8] ptolemy/domains/wireless/demo/AntennaPattern/AntennaModel.xml (RunExportModel)" time="3.408" />
  <testcase classname="ptolemy.vergil.basic.export.test.junit.ExportModelJUnitTestBatch7" name="[9] ptolemy/domains/wireless/demo/AntennaPattern/AntennaPattern.xml (RunExportModel)" time="3.202" />
  <testcase classname="ptolemy.vergil.basic.export.test.junit.ExportModelJUnitTestBatch7" name="[10] ptolemy/domains/wireless/demo/AntennaPattern/ReceiveAntennaPattern.xml (RunExportModel)" time="3.9" />
  <testcase classname="ptolemy.vergil.basic.export.test.junit.ExportModelJUnitTestBatch7" name="[11] ptolemy/domains/wireless/demo/AntennaPattern/TransmitAntennaPattern.xml (RunExportModel)" time="3.708" />
  <testcase classname="ptolemy.vergil.basic.export.test.junit.ExportModelJUnitTestBatch7" name="[12] ptolemy/domains/wireless/demo/CircularRange/CircularRange.xml (RunExportModel)" time="34.472" />
  <testcase classname="ptolemy.vergil.basic.export.test.junit.ExportModelJUnitTestBatch7" name="[13] ptolemy/domains/wireless/demo/Collisions/Collisions.xml (RunExportModel)" time="24.79" />
  <testcase classname="ptolemy.vergil.basic.export.test.junit.ExportModelJUnitTestBatch7" name="[14] ptolemy/domains/wireless/demo/Collisions/CollisionsDeterministic.xml (RunExportModel)" time="4.679" />
  <testcase classname="ptolemy.vergil.basic.export.test.junit.ExportModelJUnitTestBatch7" name="[15] ptolemy/domains/wireless/demo/EvaderAndPursuer/EvaderAndPursuer.xml (RunExportModel)" time="34.91" />
  <testcase classname="ptolemy.vergil.basic.export.test.junit.ExportModelJUnitTestBatch7" name="[16] ptolemy/domains/wireless/demo/Intersections/Intersections.xml (RunExportModel)" time="73.844" />
  <testcase classname="ptolemy.vergil.basic.export.test.junit.ExportModelJUnitTestBatch7" name="[17] ptolemy/domains/wireless/demo/LinkVisualizer/LinkVisualizer.xml (RunExportModel)" time="24.276" />
  <testcase classname="ptolemy.vergil.basic.export.test.junit.ExportModelJUnitTestBatch7" name="[18] ptolemy/domains/wireless/demo/MatlabWirelessSoundDetection/MatlabWirelessSoundDetection.xml (RunExportModel)" time="3.38" />
  <testcase classname="ptolemy.vergil.basic.export.test.junit.ExportModelJUnitTestBatch7" name="[19] ptolemy/domains/wireless/demo/PowerVariability/PowerVariability.xml (RunExportModel)" time="29.314" />
  <testcase classname="ptolemy.vergil.basic.export.test.junit.ExportModelJUnitTestBatch7" name="[20] ptolemy/domains/wireless/demo/SmallWorld/SmallWorld.xml (RunExportModel)" time="5.22" />
  <testcase classname="ptolemy.vergil.basic.export.test.junit.ExportModelJUnitTestBatch7" name="[21] ptolemy/domains/wireless/demo/SmartParking/SmartParking.xml (RunExportModel)" time="34.887" />
  <testcase classname="ptolemy.vergil.basic.export.test.junit.ExportModelJUnitTestBatch7" name="[22] ptolemy/domains/wireless/demo/TerrainModel/TerrainModel.xml (RunExportModel)" time="34.303" />
  <testcase classname="ptolemy.vergil.basic.export.test.junit.ExportModelJUnitTestBatch7" name="[23] ptolemy/domains/wireless/demo/WirelessSoundDetection/WirelessSoundDetection.xml (RunExportModel)" time="34.247" />
  <testcase classname="ptolemy.vergil.basic.export.test.junit.ExportModelJUnitTestBatch7" name="[24] ptolemy/domains/wireless/demo/Zigbee/Zigbee.xml (RunExportModel)" time="35.208" />
  <testcase classname="ptolemy.vergil.basic.export.test.junit.ExportModelJUnitTestBatch7" name="[25] ptolemy/matlab/demo/MatlabContinuous/MatlabContinuous.xml (RunExportModel)" time="3.116" />
  <testcase classname="ptolemy.vergil.basic.export.test.junit.ExportModelJUnitTestBatch7" name="[26] ptolemy/matlab/demo/MatlabExpression/MatlabExpression.xml (RunExportModel)" time="3.164" />
  <testcase classname="ptolemy.vergil.basic.export.test.junit.ExportModelJUnitTestBatch7" name="[27] ptolemy/moml/demo/Networked/Networked.xml (RunExportModel)" time="5.845" />
  <testcase classname="ptolemy.vergil.basic.export.test.junit.ExportModelJUnitTestBatch7" name="[28] ptolemy/vergil/basic/export/html/demo/ExportExamples/ExportExample1.xml (RunExportModel)" time="3.214" />
  <testcase classname="ptolemy.vergil.basic.export.test.junit.ExportModelJUnitTestBatch7" name="[29] ptolemy/vergil/basic/export/html/demo/ExportExamples/ExportExample2.xml (RunExportModel)" time="4.212" />
  <testcase classname="ptolemy.vergil.basic.export.test.junit.ExportModelJUnitTestBatch7" name="[30] ptolemy/vergil/basic/export/html/demo/ExportExamples/ExportExample3.xml (RunExportModel)" time="3.264" />
  <testcase classname="ptolemy.vergil.basic.export.test.junit.ExportModelJUnitTestBatch7" name="[31] ptolemy/vergil/basic/export/html/demo/ExportExamples/ExportExample4.xml (RunExportModel)" time="3.198" />
  <testcase classname="ptolemy.vergil.basic.export.test.junit.ExportModelJUnitTestBatch7" name="[32] ptolemy/vergil/basic/export/html/demo/ExportExamples/ExportExample5.xml (RunExportModel)" time="4.207" />
  <testcase classname="ptolemy.vergil.basic.export.test.junit.ExportModelJUnitTestBatch7" name="[33] ptolemy/vergil/basic/export/html/demo/ExportExamples/ExportExamples.xml (RunExportModel)" time="3.258" />
  <testcase classname="ptolemy.vergil.basic.export.test.junit.ExportModelJUnitTestBatch7" name="[34] ptolemy/vergil/basic/export/html/demo/PageAssembler/PageAssembler.xml (RunExportModel)" time="3.179" />
  <testcase classname="ptolemy.vergil.basic.export.test.junit.ExportModelJUnitTestBatch7" name="[35] ptolemy/vergil/basic/imprt/g4ltl/demo/Arbitor/Arbitor.xml (RunExportModel)" time="3.181" />
  <testcase classname="ptolemy.vergil.basic.export.test.junit.ExportModelJUnitTestBatch7" name="[36] ptolemy/vergil/basic/imprt/g4ltl/demo/AutomaticDoor/AutomaticDoor.xml (RunExportModel)" time="3.153" />
  <testcase classname="ptolemy.vergil.basic.export.test.junit.ExportModelJUnitTestBatch7" name="[37] ptolemy/vergil/basic/imprt/g4ltl/demo/ErrorHandling/ErrorHandling.xml (RunExportModel)" time="3.225" />
  <testcase classname="ptolemy.vergil.basic.export.test.junit.ExportModelJUnitTestBatch7" name="[38] ptolemy/vergil/basic/imprt/g4ltl/demo/ErrorHandling/ErrorHandlingSynthesized.xml (RunExportModel)" time="3.843" />
  <testcase classname="ptolemy.vergil.basic.export.test.junit.ExportModelJUnitTestBatch7" name="[39] ptolemy/vergil/basic/imprt/g4ltl/demo/HydraulicRamp/HydraulicRamp.xml (RunExportModel)" time="3.133" />
  <testcase classname="ptolemy.vergil.basic.export.test.junit.ExportModelJUnitTestBatch7" name="[40] ptolemy/vergil/basic/imprt/g4ltl/demo/Numerical/Numerical.xml (RunExportModel)" time="3.412" />
  <testcase classname="ptolemy.vergil.basic.export.test.junit.ExportModelJUnitTestBatch7" name="[41] ptolemy/vergil/basic/imprt/g4ltl/demo/PriorityArbitor/PriorityArbitor.xml (RunExportModel)" time="3.132" />
  <testcase classname="ptolemy.vergil.basic.export.test.junit.ExportModelJUnitTestBatch7" name="[42] ptolemy/vergil/kernel/attributes/demo/AnimateVergil/AnimateVergil.xml (RunExportModel)" time="6.211" />
  <testcase classname="ptolemy.vergil.basic.export.test.junit.ExportModelJUnitTestBatch7" name="[43] ptolemy/verification/demo/iRobotHillClimbing/iRobotCreateVerification.xml (RunExportModel)" time="5.22" />
  <testcase classname="ptolemy.vergil.basic.export.test.junit.ExportModelJUnitTestBatch7" name="[44] ptolemy/verification/demo/RailroadControl/RailroadControl.xml (RunExportModel)" time="34.232" />
  <testcase classname="ptolemy.vergil.basic.export.test.junit.ExportModelJUnitTestBatch7" name="[45] ptolemy/verification/demo/SimpleTrafficLight/SimpleTrafficLight.xml (RunExportModel)" time="34.229" />
  <testcase classname="ptolemy.vergil.basic.export.test.junit.ExportModelJUnitTestBatch7" name="[46] ptolemy/verification/demo/SimpleTrafficLight/SimpleTrafficLightDECTA.xml (RunExportModel)" time="34.224" />
  <testcase classname="ptolemy.vergil.basic.export.test.junit.ExportModelJUnitTestBatch7" name="[47] ptolemy/verification/demo/SimpleTrafficLight/SimpleTrafficLightGraphicalSpec.xml (RunExportModel)" time="34.204" />
  <testcase classname="ptolemy.vergil.basic.export.test.junit.ExportModelJUnitTestBatch7" name="[48] ptolemy/verification/demo/SimpleTrafficLight/SimpleTrafficLightRTMaudeCG.xml (RunExportModel)" time="4.331" />
  <testcase classname="ptolemy.vergil.basic.export.test.junit.ExportModelJUnitTestBatch7" name="[49] ptolemy/verification/demo/SimpleTrafficLight/SimpleTrafficLightSMVModule.xml (RunExportModel)" time="3.228" />
  <system-out><![CDATA[ExportModeJUnitTestBatch: There are 741 demos. Exporting demos: 691 to 830.
ExportModeJUnitTestBatch: There are 741 demos, which is less than the end index 691. Setting the end index to 740
####### 1 Mon Mar 02 23:54:31 UTC 2020 $PTII/bin/ptinvoke ptolemy.vergil.basic.export.ExportModel -force htm -run -openComposites -timeOut 30000 -whiteBackground ptolemy/domains/taskpt/demo/SharedMemory/SharedMemory.xml $PTII/ptolemy/domains/taskpt/demo/SharedMemory/SharedMemory
Running .SharedMemory
151 ms. Memory: 155648K Free: 133285K (86%)
Exported /home/travis/build/icyphy/ptII/ptolemy/domains/taskpt/demo/SharedMemory/SharedMemory/index.html
6938 ms. Memory: 155648K Free: 116098K (75%)
####### 2 Mon Mar 02 23:54:38 UTC 2020 $PTII/bin/ptinvoke ptolemy.vergil.basic.export.ExportModel -force htm -run -openComposites -timeOut 30000 -whiteBackground ptolemy/domains/taskpt/demo/Task/Task.xml $PTII/ptolemy/domains/taskpt/demo/Task/Task
Running .Task
75 ms. Memory: 155648K Free: 90937K (58%)
Exported /home/travis/build/icyphy/ptII/ptolemy/domains/taskpt/demo/Task/Task/index.html
4768 ms. Memory: 155648K Free: 110255K (71%)
####### 3 Mon Mar 02 23:54:43 UTC 2020 $PTII/bin/ptinvoke ptolemy.vergil.basic.export.ExportModel -force htm -run -openComposites -timeOut 30000 -whiteBackground ptolemy/domains/tcs/demo/TCS/TCS.xml $PTII/ptolemy/domains/tcs/demo/TCS/TCS
Running .TCS
ExportHTMLTimer went off after 30000 ms., calling getDirector().finish and getDirector().stopFire()
30003 ms. Memory: 225280K Free: 68312K (30%)
Exported /home/travis/build/icyphy/ptII/ptolemy/domains/tcs/demo/TCS/TCS/index.html
36095 ms. Memory: 225280K Free: 126614K (56%)
####### 4 Mon Mar 02 23:55:19 UTC 2020 $PTII/bin/ptinvoke ptolemy.vergil.basic.export.ExportModel -force htm -run -openComposites -timeOut 30000 -whiteBackground ptolemy/domains/tm/demo/Controllers/Controllers.xml $PTII/ptolemy/domains/tm/demo/Controllers/Controllers
Running .Controllers
1447 ms. Memory: 225280K Free: 180357K (80%)
Exported /home/travis/build/icyphy/ptII/ptolemy/domains/tm/demo/Controllers/Controllers/index.html
6444 ms. Memory: 225280K Free: 42921K (19%)
####### 5 Mon Mar 02 23:55:26 UTC 2020 $PTII/bin/ptinvoke ptolemy.vergil.basic.export.ExportModel -force htm -run -openComposites -timeOut 30000 -whiteBackground ptolemy/domains/tm/demo/FFT/FFT.xml $PTII/ptolemy/domains/tm/demo/FFT/FFT
Running .FFT
10110 ms. Memory: 225280K Free: 172947K (77%)
Exported /home/travis/build/icyphy/ptII/ptolemy/domains/tm/demo/FFT/FFT/index.html
14612 ms. Memory: 225280K Free: 38742K (17%)
####### 6 Mon Mar 02 23:55:40 UTC 2020 $PTII/bin/ptinvoke ptolemy.vergil.basic.export.ExportModel -force htm -run -openComposites -timeOut 30000 -whiteBackground ptolemy/domains/tm/demo/MergedEvents/MergedEvents.xml $PTII/ptolemy/domains/tm/demo/MergedEvents/MergedEvents
Running .MergedEvents
ExportHTMLTimer went off after 30000 ms., calling getDirector().finish and getDirector().stopFire()
30051 ms. Memory: 225280K Free: 74309K (33%)
Exported /home/travis/build/icyphy/ptII/ptolemy/domains/tm/demo/MergedEvents/MergedEvents/index.html
34415 ms. Memory: 225280K Free: 101827K (45%)
####### 7 Mon Mar 02 23:56:15 UTC 2020 $PTII/bin/ptinvoke ptolemy.vergil.basic.export.ExportModel -force htm -run -openComposites -timeOut 30000 -whiteBackground ptolemy/domains/tm/demo/SimpleTasks/SimpleTasks.xml $PTII/ptolemy/domains/tm/demo/SimpleTasks/SimpleTasks
Running .SimpleTasks
24 ms. Memory: 225280K Free: 152575K (68%)
Exported /home/travis/build/icyphy/ptII/ptolemy/domains/tm/demo/SimpleTasks/SimpleTasks/index.html
4253 ms. Memory: 225280K Free: 112127K (50%)
####### 8 Mon Mar 02 23:56:19 UTC 2020 $PTII/bin/ptinvoke ptolemy.vergil.basic.export.ExportModel -force htm -run -openComposites -timeOut 30000 -whiteBackground ptolemy/domains/wireless/demo/AntennaPattern/AntennaGainTest.xml $PTII/ptolemy/domains/wireless/demo/AntennaPattern/AntennaGainTest
Running .AntennaGainTest
360 ms. Memory: 225280K Free: 108052K (48%)
Exported /home/travis/build/icyphy/ptII/ptolemy/domains/wireless/demo/AntennaPattern/AntennaGainTest/index.html
4956 ms. Memory: 225280K Free: 87253K (39%)
####### 9 Mon Mar 02 23:56:24 UTC 2020 $PTII/bin/ptinvoke ptolemy.vergil.basic.export.ExportModel -force htm  -openComposites -timeOut 30000 -whiteBackground ptolemy/domains/wireless/demo/AntennaPattern/AntennaModel.xml $PTII/ptolemy/domains/wireless/demo/AntennaPattern/AntennaModel
Warning: not running ptolemy/domains/wireless/demo/AntennaPattern/AntennaModel.xml. See ptolemy/vergil/basic/export/test/junit/ExportModelJUnitTest.java
Exported /home/travis/build/icyphy/ptII/ptolemy/domains/wireless/demo/AntennaPattern/AntennaModel/index.html
3408 ms. Memory: 225280K Free: 96982K (43%)
####### 10 Mon Mar 02 23:56:27 UTC 2020 $PTII/bin/ptinvoke ptolemy.vergil.basic.export.ExportModel -force htm  -openComposites -timeOut 30000 -whiteBackground ptolemy/domains/wireless/demo/AntennaPattern/AntennaPattern.xml $PTII/ptolemy/domains/wireless/demo/AntennaPattern/AntennaPattern
Warning: not running ptolemy/domains/wireless/demo/AntennaPattern/AntennaPattern.xml. See ptolemy/vergil/basic/export/test/junit/ExportModelJUnitTest.java
Exported /home/travis/build/icyphy/ptII/ptolemy/domains/wireless/demo/AntennaPattern/AntennaPattern/index.html
3201 ms. Memory: 225280K Free: 115673K (51%)
####### 11 Mon Mar 02 23:56:31 UTC 2020 $PTII/bin/ptinvoke ptolemy.vergil.basic.export.ExportModel -force htm  -openComposites -timeOut 30000 -whiteBackground ptolemy/domains/wireless/demo/AntennaPattern/ReceiveAntennaPattern.xml $PTII/ptolemy/domains/wireless/demo/AntennaPattern/ReceiveAntennaPattern
Warning: not running ptolemy/domains/wireless/demo/AntennaPattern/ReceiveAntennaPattern.xml. See ptolemy/vergil/basic/export/test/junit/ExportModelJUnitTest.java
Exported /home/travis/build/icyphy/ptII/ptolemy/domains/wireless/demo/AntennaPattern/ReceiveAntennaPattern/index.html
3899 ms. Memory: 225280K Free: 142405K (63%)
####### 12 Mon Mar 02 23:56:35 UTC 2020 $PTII/bin/ptinvoke ptolemy.vergil.basic.export.ExportModel -force htm  -openComposites -timeOut 30000 -whiteBackground ptolemy/domains/wireless/demo/AntennaPattern/TransmitAntennaPattern.xml $PTII/ptolemy/domains/wireless/demo/AntennaPattern/TransmitAntennaPattern
Warning: not running ptolemy/domains/wireless/demo/AntennaPattern/TransmitAntennaPattern.xml. See ptolemy/vergil/basic/export/test/junit/ExportModelJUnitTest.java
Exported /home/travis/build/icyphy/ptII/ptolemy/domains/wireless/demo/AntennaPattern/TransmitAntennaPattern/index.html
3707 ms. Memory: 225280K Free: 39339K (17%)
####### 13 Mon Mar 02 23:56:38 UTC 2020 $PTII/bin/ptinvoke ptolemy.vergil.basic.export.ExportModel -force htm -run -openComposites -timeOut 30000 -whiteBackground ptolemy/domains/wireless/demo/CircularRange/CircularRange.xml $PTII/ptolemy/domains/wireless/demo/CircularRange/CircularRange
Running .CircularRange
ExportHTMLTimer went off after 30000 ms., calling getDirector().finish and getDirector().stopFire()
29999 ms. Memory: 225280K Free: 40161K (18%)
Exported /home/travis/build/icyphy/ptII/ptolemy/domains/wireless/demo/CircularRange/CircularRange/index.html
34472 ms. Memory: 270336K Free: 193810K (72%)
####### 14 Mon Mar 02 23:57:13 UTC 2020 $PTII/bin/ptinvoke ptolemy.vergil.basic.export.ExportModel -force htm -run -openComposites -timeOut 30000 -whiteBackground ptolemy/domains/wireless/demo/Collisions/Collisions.xml $PTII/ptolemy/domains/wireless/demo/Collisions/Collisions
Running .Collisions
20048 ms. Memory: 270336K Free: 186683K (69%)
Exported /home/travis/build/icyphy/ptII/ptolemy/domains/wireless/demo/Collisions/Collisions/index.html
24789 ms. Memory: 270336K Free: 152165K (56%)
####### 15 Mon Mar 02 23:57:38 UTC 2020 $PTII/bin/ptinvoke ptolemy.vergil.basic.export.ExportModel -force htm -run -openComposites -timeOut 30000 -whiteBackground ptolemy/domains/wireless/demo/Collisions/CollisionsDeterministic.xml $PTII/ptolemy/domains/wireless/demo/Collisions/CollisionsDeterministic
Running .CollisionsDeterministic
57 ms. Memory: 270336K Free: 179094K (66%)
Exported /home/travis/build/icyphy/ptII/ptolemy/domains/wireless/demo/Collisions/CollisionsDeterministic/index.html
4678 ms. Memory: 270336K Free: 130171K (48%)
####### 16 Mon Mar 02 23:57:42 UTC 2020 $PTII/bin/ptinvoke ptolemy.vergil.basic.export.ExportModel -force htm -run -openComposites -timeOut 30000 -whiteBackground ptolemy/domains/wireless/demo/EvaderAndPursuer/EvaderAndPursuer.xml $PTII/ptolemy/domains/wireless/demo/EvaderAndPursuer/EvaderAndPursuer
Running .EvaderAndPursuer
ExportHTMLTimer went off after 30000 ms., calling getDirector().finish and getDirector().stopFire()
30001 ms. Memory: 270336K Free: 120211K (44%)
Exported /home/travis/build/icyphy/ptII/ptolemy/domains/wireless/demo/EvaderAndPursuer/EvaderAndPursuer/index.html
34908 ms. Memory: 270336K Free: 176374K (65%)
####### 17 Mon Mar 02 23:58:17 UTC 2020 $PTII/bin/ptinvoke ptolemy.vergil.basic.export.ExportModel -force htm -run -openComposites -timeOut 30000 -whiteBackground ptolemy/domains/wireless/demo/Intersections/Intersections.xml $PTII/ptolemy/domains/wireless/demo/Intersections/Intersections
Running .Intersections
ExportHTMLTimer went off after 30000 ms., calling getDirector().finish and getDirector().stopFire()
30006 ms. Memory: 1562624K Free: 1038334K (66%)
Exported /home/travis/build/icyphy/ptII/ptolemy/domains/wireless/demo/Intersections/Intersections/index.html
73844 ms. Memory: 1562624K Free: 1186808K (76%)
####### 18 Mon Mar 02 23:59:31 UTC 2020 $PTII/bin/ptinvoke ptolemy.vergil.basic.export.ExportModel -force htm -run -openComposites -timeOut 30000 -whiteBackground ptolemy/domains/wireless/demo/LinkVisualizer/LinkVisualizer.xml $PTII/ptolemy/domains/wireless/demo/LinkVisualizer/LinkVisualizer
Running .LinkVisualizer
20017 ms. Memory: 1562624K Free: 1325987K (85%)
Exported /home/travis/build/icyphy/ptII/ptolemy/domains/wireless/demo/LinkVisualizer/LinkVisualizer/index.html
24273 ms. Memory: 1562624K Free: 1187724K (76%)
####### 19 Mon Mar 02 23:59:55 UTC 2020 $PTII/bin/ptinvoke ptolemy.vergil.basic.export.ExportModel -force htm  -openComposites -timeOut 30000 -whiteBackground ptolemy/domains/wireless/demo/MatlabWirelessSoundDetection/MatlabWirelessSoundDetection.xml $PTII/ptolemy/domains/wireless/demo/MatlabWirelessSoundDetection/MatlabWirelessSoundDetection
Warning: not running ptolemy/domains/wireless/demo/MatlabWirelessSoundDetection/MatlabWirelessSoundDetection.xml. See ptolemy/vergil/basic/export/test/junit/ExportModelJUnitTest.java
Exported /home/travis/build/icyphy/ptII/ptolemy/domains/wireless/demo/MatlabWirelessSoundDetection/MatlabWirelessSoundDetection/index.html
3379 ms. Memory: 1562624K Free: 894344K (57%)
####### 20 Mon Mar 02 23:59:59 UTC 2020 $PTII/bin/ptinvoke ptolemy.vergil.basic.export.ExportModel -force htm -run -openComposites -timeOut 30000 -whiteBackground ptolemy/domains/wireless/demo/PowerVariability/PowerVariability.xml $PTII/ptolemy/domains/wireless/demo/PowerVariability/PowerVariability
Running .PowerVariability
25014 ms. Memory: 1562624K Free: 802723K (51%)
Exported /home/travis/build/icyphy/ptII/ptolemy/domains/wireless/demo/PowerVariability/PowerVariability/index.html
29314 ms. Memory: 1562624K Free: 1297092K (83%)
####### 21 Tue Mar 03 00:00:28 UTC 2020 $PTII/bin/ptinvoke ptolemy.vergil.basic.export.ExportModel -force htm -run -openComposites -timeOut 30000 -whiteBackground ptolemy/domains/wireless/demo/SmallWorld/SmallWorld.xml $PTII/ptolemy/domains/wireless/demo/SmallWorld/SmallWorld
Running .SmallWorld
148 ms. Memory: 1562624K Free: 1200277K (77%)
Exported /home/travis/build/icyphy/ptII/ptolemy/domains/wireless/demo/SmallWorld/SmallWorld/index.html
5219 ms. Memory: 1562624K Free: 1078421K (69%)
####### 22 Tue Mar 03 00:00:33 UTC 2020 $PTII/bin/ptinvoke ptolemy.vergil.basic.export.ExportModel -force htm -run -openComposites -timeOut 30000 -whiteBackground ptolemy/domains/wireless/demo/SmartParking/SmartParking.xml $PTII/ptolemy/domains/wireless/demo/SmartParking/SmartParking
Running .SmartParking
ExportHTMLTimer went off after 30000 ms., calling getDirector().finish and getDirector().stopFire()
30001 ms. Memory: 1562624K Free: 904816K (58%)
Exported /home/travis/build/icyphy/ptII/ptolemy/domains/wireless/demo/SmartParking/SmartParking/index.html
34885 ms. Memory: 1562624K Free: 748651K (48%)
####### 23 Tue Mar 03 00:01:08 UTC 2020 $PTII/bin/ptinvoke ptolemy.vergil.basic.export.ExportModel -force htm -run -openComposites -timeOut 30000 -whiteBackground ptolemy/domains/wireless/demo/TerrainModel/TerrainModel.xml $PTII/ptolemy/domains/wireless/demo/TerrainModel/TerrainModel
Running .TerrainModel
ExportHTMLTimer went off after 30000 ms., calling getDirector().finish and getDirector().stopFire()
30000 ms. Memory: 1562624K Free: 1208098K (77%)
Exported /home/travis/build/icyphy/ptII/ptolemy/domains/wireless/demo/TerrainModel/TerrainModel/index.html
34302 ms. Memory: 1562624K Free: 1092892K (70%)
####### 24 Tue Mar 03 00:01:42 UTC 2020 $PTII/bin/ptinvoke ptolemy.vergil.basic.export.ExportModel -force htm -run -openComposites -timeOut 30000 -whiteBackground ptolemy/domains/wireless/demo/WirelessSoundDetection/WirelessSoundDetection.xml $PTII/ptolemy/domains/wireless/demo/WirelessSoundDetection/WirelessSoundDetection
Running .WirelessSoundDetection
ExportHTMLTimer went off after 30000 ms., calling getDirector().finish and getDirector().stopFire()
29999 ms. Memory: 1562624K Free: 944932K (60%)
Exported /home/travis/build/icyphy/ptII/ptolemy/domains/wireless/demo/WirelessSoundDetection/WirelessSoundDetection/index.html
34247 ms. Memory: 1562624K Free: 813307K (52%)
####### 25 Tue Mar 03 00:02:17 UTC 2020 $PTII/bin/ptinvoke ptolemy.vergil.basic.export.ExportModel -force htm -run -openComposites -timeOut 30000 -whiteBackground ptolemy/domains/wireless/demo/Zigbee/Zigbee.xml $PTII/ptolemy/domains/wireless/demo/Zigbee/Zigbee
Running .Zigbee
3645 ms. Memory: 1562624K Free: 910735K (58%)
Exported /home/travis/build/icyphy/ptII/ptolemy/domains/wireless/demo/Zigbee/Zigbee/index.html
35208 ms. Memory: 1562624K Free: 583080K (37%)
####### 26 Tue Mar 03 00:02:52 UTC 2020 $PTII/bin/ptinvoke ptolemy.vergil.basic.export.ExportModel -force htm  -openComposites -timeOut 30000 -whiteBackground ptolemy/matlab/demo/MatlabContinuous/MatlabContinuous.xml $PTII/ptolemy/matlab/demo/MatlabContinuous/MatlabContinuous
Warning: not running ptolemy/matlab/demo/MatlabContinuous/MatlabContinuous.xml. See ptolemy/vergil/basic/export/test/junit/ExportModelJUnitTest.java
Exported /home/travis/build/icyphy/ptII/ptolemy/matlab/demo/MatlabContinuous/MatlabContinuous/index.html
3116 ms. Memory: 1562624K Free: 425379K (27%)
####### 27 Tue Mar 03 00:02:55 UTC 2020 $PTII/bin/ptinvoke ptolemy.vergil.basic.export.ExportModel -force htm  -openComposites -timeOut 30000 -whiteBackground ptolemy/matlab/demo/MatlabExpression/MatlabExpression.xml $PTII/ptolemy/matlab/demo/MatlabExpression/MatlabExpression
Warning: not running ptolemy/matlab/demo/MatlabExpression/MatlabExpression.xml. See ptolemy/vergil/basic/export/test/junit/ExportModelJUnitTest.java
Exported /home/travis/build/icyphy/ptII/ptolemy/matlab/demo/MatlabExpression/MatlabExpression/index.html
3163 ms. Memory: 1562624K Free: 266659K (17%)
####### 28 Tue Mar 03 00:02:58 UTC 2020 $PTII/bin/ptinvoke ptolemy.vergil.basic.export.ExportModel -force htm -run -openComposites -timeOut 30000 -whiteBackground ptolemy/moml/demo/Networked/Networked.xml $PTII/ptolemy/moml/demo/Networked/Networked
Running .Networked
34 ms. Memory: 1562624K Free: 1116884K (71%)
Exported /home/travis/build/icyphy/ptII/ptolemy/moml/demo/Networked/Networked/index.html
5845 ms. Memory: 1562624K Free: 1023156K (65%)
####### 29 Tue Mar 03 00:03:04 UTC 2020 $PTII/bin/ptinvoke ptolemy.vergil.basic.export.ExportModel -force htm -run -openComposites -timeOut 30000 -whiteBackground ptolemy/vergil/basic/export/html/demo/ExportExamples/ExportExample1.xml $PTII/ptolemy/vergil/basic/export/html/demo/ExportExamples/ExportExample1
Model ".ExportExample1" contains actors such cannot be run  as part of the export process from ExportModel or it has a WebExportParameters value that runBeforeExport set to false. To export run this model and export it, use vergil.
Exported /home/travis/build/icyphy/ptII/ptolemy/vergil/basic/export/html/demo/ExportExamples/ExportExample1/index.html
3214 ms. Memory: 1562624K Free: 884934K (57%)
####### 30 Tue Mar 03 00:03:07 UTC 2020 $PTII/bin/ptinvoke ptolemy.vergil.basic.export.ExportModel -force htm -run -openComposites -timeOut 30000 -whiteBackground ptolemy/vergil/basic/export/html/demo/ExportExamples/ExportExample2.xml $PTII/ptolemy/vergil/basic/export/html/demo/ExportExamples/ExportExample2
Running .ExportExample2
7 ms. Memory: 1562624K Free: 772820K (49%)
Exported /home/travis/build/icyphy/ptII/ptolemy/vergil/basic/export/html/demo/ExportExamples/ExportExample2/index.html
4210 ms. Memory: 1562624K Free: 736860K (47%)
####### 31 Tue Mar 03 00:03:11 UTC 2020 $PTII/bin/ptinvoke ptolemy.vergil.basic.export.ExportModel -force htm -run -openComposites -timeOut 30000 -whiteBackground ptolemy/vergil/basic/export/html/demo/ExportExamples/ExportExample3.xml $PTII/ptolemy/vergil/basic/export/html/demo/ExportExamples/ExportExample3
Model ".ExportExample3" contains actors such cannot be run  as part of the export process from ExportModel or it has a WebExportParameters value that runBeforeExport set to false. To export run this model and export it, use vergil.
Exported /home/travis/build/icyphy/ptII/ptolemy/vergil/basic/export/html/demo/ExportExamples/ExportExample3/index.html
3263 ms. Memory: 1562624K Free: 625871K (40%)
####### 32 Tue Mar 03 00:03:15 UTC 2020 $PTII/bin/ptinvoke ptolemy.vergil.basic.export.ExportModel -force htm -run -openComposites -timeOut 30000 -whiteBackground ptolemy/vergil/basic/export/html/demo/ExportExamples/ExportExample4.xml $PTII/ptolemy/vergil/basic/export/html/demo/ExportExamples/ExportExample4
Model ".ExportExample4" contains actors such cannot be run  as part of the export process from ExportModel or it has a WebExportParameters value that runBeforeExport set to false. To export run this model and export it, use vergil.
Exported /home/travis/build/icyphy/ptII/ptolemy/vergil/basic/export/html/demo/ExportExamples/ExportExample4/index.html
3198 ms. Memory: 1562624K Free: 515273K (33%)
####### 33 Tue Mar 03 00:03:18 UTC 2020 $PTII/bin/ptinvoke ptolemy.vergil.basic.export.ExportModel -force htm -run -openComposites -timeOut 30000 -whiteBackground ptolemy/vergil/basic/export/html/demo/ExportExamples/ExportExample5.xml $PTII/ptolemy/vergil/basic/export/html/demo/ExportExamples/ExportExample5
Running .ExportExample5
19 ms. Memory: 1562624K Free: 422597K (27%)
Exported /home/travis/build/icyphy/ptII/ptolemy/vergil/basic/export/html/demo/ExportExamples/ExportExample5/index.html
4206 ms. Memory: 1562624K Free: 345793K (22%)
####### 34 Tue Mar 03 00:03:22 UTC 2020 $PTII/bin/ptinvoke ptolemy.vergil.basic.export.ExportModel -force htm  -openComposites -timeOut 30000 -whiteBackground ptolemy/vergil/basic/export/html/demo/ExportExamples/ExportExamples.xml $PTII/ptolemy/vergil/basic/export/html/demo/ExportExamples/ExportExamples
Warning: not running ptolemy/vergil/basic/export/html/demo/ExportExamples/ExportExamples.xml. See ptolemy/vergil/basic/export/test/junit/ExportModelJUnitTest.java
Exported /home/travis/build/icyphy/ptII/ptolemy/vergil/basic/export/html/demo/ExportExamples/ExportExamples/index.html
3257 ms. Memory: 1562624K Free: 1178417K (75%)
####### 35 Tue Mar 03 00:03:25 UTC 2020 $PTII/bin/ptinvoke ptolemy.vergil.basic.export.ExportModel -force htm  -openComposites -timeOut 30000 -whiteBackground ptolemy/vergil/basic/export/html/demo/PageAssembler/PageAssembler.xml $PTII/ptolemy/vergil/basic/export/html/demo/PageAssembler/PageAssembler
Warning: not running ptolemy/vergil/basic/export/html/demo/PageAssembler/PageAssembler.xml. See ptolemy/vergil/basic/export/test/junit/ExportModelJUnitTest.java
Exported /home/travis/build/icyphy/ptII/ptolemy/vergil/basic/export/html/demo/PageAssembler/PageAssembler/index.html
3179 ms. Memory: 1562624K Free: 1022769K (65%)
####### 36 Tue Mar 03 00:03:29 UTC 2020 $PTII/bin/ptinvoke ptolemy.vergil.basic.export.ExportModel -force htm  -openComposites -timeOut 30000 -whiteBackground ptolemy/vergil/basic/imprt/g4ltl/demo/Arbitor/Arbitor.xml $PTII/ptolemy/vergil/basic/imprt/g4ltl/demo/Arbitor/Arbitor
Warning: not running ptolemy/vergil/basic/imprt/g4ltl/demo/Arbitor/Arbitor.xml. See ptolemy/vergil/basic/export/test/junit/ExportModelJUnitTest.java
Exported /home/travis/build/icyphy/ptII/ptolemy/vergil/basic/imprt/g4ltl/demo/Arbitor/Arbitor/index.html
3180 ms. Memory: 1562624K Free: 850733K (54%)
####### 37 Tue Mar 03 00:03:32 UTC 2020 $PTII/bin/ptinvoke ptolemy.vergil.basic.export.ExportModel -force htm  -openComposites -timeOut 30000 -whiteBackground ptolemy/vergil/basic/imprt/g4ltl/demo/AutomaticDoor/AutomaticDoor.xml $PTII/ptolemy/vergil/basic/imprt/g4ltl/demo/AutomaticDoor/AutomaticDoor
Warning: not running ptolemy/vergil/basic/imprt/g4ltl/demo/AutomaticDoor/AutomaticDoor.xml. See ptolemy/vergil/basic/export/test/junit/ExportModelJUnitTest.java
Exported /home/travis/build/icyphy/ptII/ptolemy/vergil/basic/imprt/g4ltl/demo/AutomaticDoor/AutomaticDoor/index.html
3152 ms. Memory: 1562624K Free: 607537K (39%)
####### 38 Tue Mar 03 00:03:35 UTC 2020 $PTII/bin/ptinvoke ptolemy.vergil.basic.export.ExportModel -force htm  -openComposites -timeOut 30000 -whiteBackground ptolemy/vergil/basic/imprt/g4ltl/demo/ErrorHandling/ErrorHandling.xml $PTII/ptolemy/vergil/basic/imprt/g4ltl/demo/ErrorHandling/ErrorHandling
Warning: not running ptolemy/vergil/basic/imprt/g4ltl/demo/ErrorHandling/ErrorHandling.xml. See ptolemy/vergil/basic/export/test/junit/ExportModelJUnitTest.java
Exported /home/travis/build/icyphy/ptII/ptolemy/vergil/basic/imprt/g4ltl/demo/ErrorHandling/ErrorHandling/index.html
3225 ms. Memory: 1562624K Free: 368425K (24%)
####### 39 Tue Mar 03 00:03:38 UTC 2020 $PTII/bin/ptinvoke ptolemy.vergil.basic.export.ExportModel -force htm  -openComposites -timeOut 30000 -whiteBackground ptolemy/vergil/basic/imprt/g4ltl/demo/ErrorHandling/ErrorHandlingSynthesized.xml $PTII/ptolemy/vergil/basic/imprt/g4ltl/demo/ErrorHandling/ErrorHandlingSynthesized
Warning: not running ptolemy/vergil/basic/imprt/g4ltl/demo/ErrorHandling/ErrorHandlingSynthesized.xml. See ptolemy/vergil/basic/export/test/junit/ExportModelJUnitTest.java
Exported /home/travis/build/icyphy/ptII/ptolemy/vergil/basic/imprt/g4ltl/demo/ErrorHandling/ErrorHandlingSynthesized/index.html
3842 ms. Memory: 1562624K Free: 1159160K (74%)
####### 40 Tue Mar 03 00:03:42 UTC 2020 $PTII/bin/ptinvoke ptolemy.vergil.basic.export.ExportModel -force htm  -openComposites -timeOut 30000 -whiteBackground ptolemy/vergil/basic/imprt/g4ltl/demo/HydraulicRamp/HydraulicRamp.xml $PTII/ptolemy/vergil/basic/imprt/g4ltl/demo/HydraulicRamp/HydraulicRamp
Warning: not running ptolemy/vergil/basic/imprt/g4ltl/demo/HydraulicRamp/HydraulicRamp.xml. See ptolemy/vergil/basic/export/test/junit/ExportModelJUnitTest.java
Exported /home/travis/build/icyphy/ptII/ptolemy/vergil/basic/imprt/g4ltl/demo/HydraulicRamp/HydraulicRamp/index.html
3132 ms. Memory: 1562624K Free: 1125137K (72%)
####### 41 Tue Mar 03 00:03:45 UTC 2020 $PTII/bin/ptinvoke ptolemy.vergil.basic.export.ExportModel -force htm  -openComposites -timeOut 30000 -whiteBackground ptolemy/vergil/basic/imprt/g4ltl/demo/Numerical/Numerical.xml $PTII/ptolemy/vergil/basic/imprt/g4ltl/demo/Numerical/Numerical
Warning: not running ptolemy/vergil/basic/imprt/g4ltl/demo/Numerical/Numerical.xml. See ptolemy/vergil/basic/export/test/junit/ExportModelJUnitTest.java
Exported /home/travis/build/icyphy/ptII/ptolemy/vergil/basic/imprt/g4ltl/demo/Numerical/Numerical/index.html
3412 ms. Memory: 1562624K Free: 967220K (62%)
####### 42 Tue Mar 03 00:03:48 UTC 2020 $PTII/bin/ptinvoke ptolemy.vergil.basic.export.ExportModel -force htm  -openComposites -timeOut 30000 -whiteBackground ptolemy/vergil/basic/imprt/g4ltl/demo/PriorityArbitor/PriorityArbitor.xml $PTII/ptolemy/vergil/basic/imprt/g4ltl/demo/PriorityArbitor/PriorityArbitor
Warning: not running ptolemy/vergil/basic/imprt/g4ltl/demo/PriorityArbitor/PriorityArbitor.xml. See ptolemy/vergil/basic/export/test/junit/ExportModelJUnitTest.java
Exported /home/travis/build/icyphy/ptII/ptolemy/vergil/basic/imprt/g4ltl/demo/PriorityArbitor/PriorityArbitor/index.html
3132 ms. Memory: 1562624K Free: 765001K (49%)
####### 43 Tue Mar 03 00:03:52 UTC 2020 $PTII/bin/ptinvoke ptolemy.vergil.basic.export.ExportModel -force htm -run -openComposites -timeOut 30000 -whiteBackground ptolemy/vergil/kernel/attributes/demo/AnimateVergil/AnimateVergil.xml $PTII/ptolemy/vergil/kernel/attributes/demo/AnimateVergil/AnimateVergil
Running .AnimateVergil
2014 ms. Memory: 1562624K Free: 1120637K (72%)
Exported /home/travis/build/icyphy/ptII/ptolemy/vergil/kernel/attributes/demo/AnimateVergil/AnimateVergil/index.html
6210 ms. Memory: 1562624K Free: 1093498K (70%)
####### 44 Tue Mar 03 00:03:58 UTC 2020 $PTII/bin/ptinvoke ptolemy.vergil.basic.export.ExportModel -force htm  -openComposites -timeOut 30000 -whiteBackground ptolemy/verification/demo/iRobotHillClimbing/iRobotCreateVerification.xml $PTII/ptolemy/verification/demo/iRobotHillClimbing/iRobotCreateVerification
Warning: not running ptolemy/verification/demo/iRobotHillClimbing/iRobotCreateVerification.xml. See ptolemy/vergil/basic/export/test/junit/ExportModelJUnitTest.java
Exported /home/travis/build/icyphy/ptII/ptolemy/verification/demo/iRobotHillClimbing/iRobotCreateVerification/index.html
5220 ms. Memory: 1562624K Free: 512785K (33%)
####### 45 Tue Mar 03 00:04:03 UTC 2020 $PTII/bin/ptinvoke ptolemy.vergil.basic.export.ExportModel -force htm -run -openComposites -timeOut 30000 -whiteBackground ptolemy/verification/demo/RailroadControl/RailroadControl.xml $PTII/ptolemy/verification/demo/RailroadControl/RailroadControl
Running .RailroadControl
ExportHTMLTimer went off after 30000 ms., calling getDirector().finish and getDirector().stopFire()
30001 ms. Memory: 1562624K Free: 393743K (25%)
Exported /home/travis/build/icyphy/ptII/ptolemy/verification/demo/RailroadControl/RailroadControl/index.html
34230 ms. Memory: 1562624K Free: 1144880K (73%)
####### 46 Tue Mar 03 00:04:37 UTC 2020 $PTII/bin/ptinvoke ptolemy.vergil.basic.export.ExportModel -force htm -run -openComposites -timeOut 30000 -whiteBackground ptolemy/verification/demo/SimpleTrafficLight/SimpleTrafficLight.xml $PTII/ptolemy/verification/demo/SimpleTrafficLight/SimpleTrafficLight
Running .SimpleTrafficLight
ExportHTMLTimer went off after 30000 ms., calling getDirector().finish and getDirector().stopFire()
30004 ms. Memory: 1562624K Free: 1009747K (65%)
Exported /home/travis/build/icyphy/ptII/ptolemy/verification/demo/SimpleTrafficLight/SimpleTrafficLight/index.html
34229 ms. Memory: 1562624K Free: 913484K (58%)
####### 47 Tue Mar 03 00:05:11 UTC 2020 $PTII/bin/ptinvoke ptolemy.vergil.basic.export.ExportModel -force htm -run -openComposites -timeOut 30000 -whiteBackground ptolemy/verification/demo/SimpleTrafficLight/SimpleTrafficLightDECTA.xml $PTII/ptolemy/verification/demo/SimpleTrafficLight/SimpleTrafficLightDECTA
Running .SimpleTrafficLightDECTA
ExportHTMLTimer went off after 30000 ms., calling getDirector().finish and getDirector().stopFire()
30013 ms. Memory: 1562624K Free: 306597K (20%)
Exported /home/travis/build/icyphy/ptII/ptolemy/verification/demo/SimpleTrafficLight/SimpleTrafficLightDECTA/index.html
34223 ms. Memory: 1562624K Free: 878627K (56%)
####### 48 Tue Mar 03 00:05:46 UTC 2020 $PTII/bin/ptinvoke ptolemy.vergil.basic.export.ExportModel -force htm -run -openComposites -timeOut 30000 -whiteBackground ptolemy/verification/demo/SimpleTrafficLight/SimpleTrafficLightGraphicalSpec.xml $PTII/ptolemy/verification/demo/SimpleTrafficLight/SimpleTrafficLightGraphicalSpec
Running .SimpleTrafficLightGraphicalSpec
ExportHTMLTimer went off after 30000 ms., calling getDirector().finish and getDirector().stopFire()
30003 ms. Memory: 1562624K Free: 737854K (47%)
Exported /home/travis/build/icyphy/ptII/ptolemy/verification/demo/SimpleTrafficLight/SimpleTrafficLightGraphicalSpec/index.html
34204 ms. Memory: 1562624K Free: 644137K (41%)
####### 49 Tue Mar 03 00:06:20 UTC 2020 $PTII/bin/ptinvoke ptolemy.vergil.basic.export.ExportModel -force htm -run -openComposites -timeOut 30000 -whiteBackground ptolemy/verification/demo/SimpleTrafficLight/SimpleTrafficLightRTMaudeCG.xml $PTII/ptolemy/verification/demo/SimpleTrafficLight/SimpleTrafficLightRTMaudeCG
Running .SimpleTrafficLightRTMaudeCG
54 ms. Memory: 1562624K Free: 534080K (34%)
Exported /home/travis/build/icyphy/ptII/ptolemy/verification/demo/SimpleTrafficLight/SimpleTrafficLightRTMaudeCG/index.html
4331 ms. Memory: 1562624K Free: 369660K (24%)
####### 50 Tue Mar 03 00:06:24 UTC 2020 $PTII/bin/ptinvoke ptolemy.vergil.basic.export.ExportModel -force htm  -openComposites -timeOut 30000 -whiteBackground ptolemy/verification/demo/SimpleTrafficLight/SimpleTrafficLightSMVModule.xml $PTII/ptolemy/verification/demo/SimpleTrafficLight/SimpleTrafficLightSMVModule
Warning: not running ptolemy/verification/demo/SimpleTrafficLight/SimpleTrafficLightSMVModule.xml. See ptolemy/vergil/basic/export/test/junit/ExportModelJUnitTest.java
Exported /home/travis/build/icyphy/ptII/ptolemy/verification/demo/SimpleTrafficLight/SimpleTrafficLightSMVModule/index.html
3227 ms. Memory: 1562624K Free: 182843K (12%)
]]></system-out>
  <system-err><![CDATA[Unable to export to web.
java.util.ConcurrentModificationException
	at java.base/java.util.LinkedList$ListItr.checkForComodification(LinkedList.java:970)
	at java.base/java.util.LinkedList$ListItr.next(LinkedList.java:892)
	at java.base/java.util.Collections$UnmodifiableCollection$1.next(Collections.java:1045)
	at ptolemy.vergil.basic.export.web.DefaultIconScript._provideAttributes(DefaultIconScript.java:196)
	at ptolemy.vergil.basic.export.web.WebContent.provideContent(WebContent.java:176)
	at ptolemy.vergil.basic.export.html.ExportHTMLAction.writeHTML(ExportHTMLAction.java:745)
	at ptolemy.vergil.basic.BasicGraphFrame.writeHTML(BasicGraphFrame.java:1657)
	at ptolemy.vergil.basic.export.html.ExportHTMLAction$1$1.run(ExportHTMLAction.java:559)
	at java.desktop/java.awt.event.InvocationEvent.dispatch(InvocationEvent.java:313)
	at java.desktop/java.awt.EventQueue.dispatchEventImpl(EventQueue.java:770)
	at java.desktop/java.awt.EventQueue$4.run(EventQueue.java:721)
	at java.desktop/java.awt.EventQueue$4.run(EventQueue.java:715)
	at java.base/java.security.AccessController.doPrivileged(Native Method)
	at java.base/java.security.ProtectionDomain$JavaSecurityAccessImpl.doIntersectionPrivilege(ProtectionDomain.java:85)
	at java.desktop/java.awt.EventQueue.dispatchEvent(EventQueue.java:740)
	at java.desktop/java.awt.EventDispatchThread.pumpOneEventForFilters(EventDispatchThread.java:203)
	at java.desktop/java.awt.EventDispatchThread.pumpEventsForFilter(EventDispatchThread.java:124)
	at java.desktop/java.awt.EventDispatchThread.pumpEventsForHierarchy(EventDispatchThread.java:113)
	at java.desktop/java.awt.EventDispatchThread.pumpEvents(EventDispatchThread.java:109)
	at java.desktop/java.awt.EventDispatchThread.pumpEvents(EventDispatchThread.java:101)
	at java.desktop/java.awt.EventDispatchThread.run(EventDispatchThread.java:90)
Mar 03, 2020 12:03:10 AM sun.awt.X11.XToolkit processException
WARNING: Exception on Toolkit thread
java.lang.NullPointerException
	at java.desktop/java.awt.Component$BltBufferStrategy.contentsLost(Component.java:4584)
	at java.desktop/java.awt.Component$BltSubRegionBufferStrategy.showIfNotLost(Component.java:4647)
	at java.desktop/javax.swing.BufferStrategyPaintManager.show(BufferStrategyPaintManager.java:208)
	at java.desktop/javax.swing.RepaintManager.show(RepaintManager.java:1430)
	at java.desktop/javax.swing.SwingPaintEventDispatcher.createPaintEvent(SwingPaintEventDispatcher.java:61)
	at java.desktop/sun.awt.X11.XWindow.postPaintEvent(XWindow.java:568)
	at java.desktop/sun.awt.X11.XContentWindow.postPaintEvent(XContentWindow.java:180)
	at java.desktop/sun.awt.X11.XWindow.handleExposeEvent(XWindow.java:562)
	at java.desktop/sun.awt.X11.XContentWindow.handleExposeEvent(XContentWindow.java:151)
	at java.desktop/sun.awt.X11.XBaseWindow.dispatchEvent(XBaseWindow.java:1132)
	at java.desktop/sun.awt.X11.XBaseWindow.dispatchToWindow(XBaseWindow.java:1108)
	at java.desktop/sun.awt.X11.XToolkit.dispatchEvent(XToolkit.java:621)
	at java.desktop/sun.awt.X11.XToolkit.run(XToolkit.java:736)
	at java.desktop/sun.awt.X11.XToolkit.run(XToolkit.java:652)
	at java.base/java.lang.Thread.run(Thread.java:834)

]]></system-err>
</testsuite>
