<?xml version="1.0" encoding="UTF-8" ?>
<testsuite errors="0" failures="0" hostname="travis-job-368ab0e0-6248-416e-804e-f425b281b5a0" name="ptolemy.actor.lib.hoc.test.junit.JUnitTclTest" skipped="0" tests="58" time="30.446" timestamp="2020-01-04T22:14:56">
  <properties>
[...]
</properties>
  <testcase classname="ptolemy.util.test.junit.TclTests" name="[0] /home/travis/build/icyphy/ptII/ptolemy/actor/lib/hoc/test/IterateOverArray.tcl (RunTclFile)" time="0.247" />
  <testcase classname="ptolemy.util.test.junit.AutoKnownFailedTests" name="[0] /home/travis/build/icyphy/ptII/ptolemy/actor/lib/hoc/test/auto/knownFailedTests/PreinitializeMustBeInvokedRunComposite.xml (RunModel)" time="0.406" />
  <testcase classname="ptolemy.util.test.junit.AutoNameArchTests" name="[0] ThereAreNoAutoArchTests (RunModel)" time="0.005" />
  <testcase classname="ptolemy.util.test.junit.AutoTests" name="[0] /home/travis/build/icyphy/ptII/ptolemy/actor/lib/hoc/test/auto/AllToAllMultiInstanceComposite.xml (RunModel)" time="0.377" />
  <testcase classname="ptolemy.util.test.junit.AutoTests" name="[1] /home/travis/build/icyphy/ptII/ptolemy/actor/lib/hoc/test/auto/ApplyFFTTest.xml (RunModel)" time="0.363" />
  <testcase classname="ptolemy.util.test.junit.AutoTests" name="[2] /home/travis/build/icyphy/ptII/ptolemy/actor/lib/hoc/test/auto/ApplyFunction.xml (RunModel)" time="0.03" />
  <testcase classname="ptolemy.util.test.junit.AutoTests" name="[3] /home/travis/build/icyphy/ptII/ptolemy/actor/lib/hoc/test/auto/BackgroundExecution.xml (RunModel)" time="0.688" />
  <testcase classname="ptolemy.util.test.junit.AutoTests" name="[4] /home/travis/build/icyphy/ptII/ptolemy/actor/lib/hoc/test/auto/Case.xml (RunModel)" time="0.074" />
  <testcase classname="ptolemy.util.test.junit.AutoTests" name="[5] /home/travis/build/icyphy/ptII/ptolemy/actor/lib/hoc/test/auto/Case1.xml (RunModel)" time="0.079" />
  <testcase classname="ptolemy.util.test.junit.AutoTests" name="[6] /home/travis/build/icyphy/ptII/ptolemy/actor/lib/hoc/test/auto/Case2.xml (RunModel)" time="0.105" />
  <testcase classname="ptolemy.util.test.junit.AutoTests" name="[7] /home/travis/build/icyphy/ptII/ptolemy/actor/lib/hoc/test/auto/Case3.xml (RunModel)" time="0.055" />
  <testcase classname="ptolemy.util.test.junit.AutoTests" name="[8] /home/travis/build/icyphy/ptII/ptolemy/actor/lib/hoc/test/auto/Case4.xml (RunModel)" time="0.068" />
  <testcase classname="ptolemy.util.test.junit.AutoTests" name="[9] /home/travis/build/icyphy/ptII/ptolemy/actor/lib/hoc/test/auto/Case5.xml (RunModel)" time="0.066" />
  <testcase classname="ptolemy.util.test.junit.AutoTests" name="[10] /home/travis/build/icyphy/ptII/ptolemy/actor/lib/hoc/test/auto/Case6.xml (RunModel)" time="0.087" />
  <testcase classname="ptolemy.util.test.junit.AutoTests" name="[11] /home/travis/build/icyphy/ptII/ptolemy/actor/lib/hoc/test/auto/CaseString2.xml (RunModel)" time="0.064" />
  <testcase classname="ptolemy.util.test.junit.AutoTests" name="[12] /home/travis/build/icyphy/ptII/ptolemy/actor/lib/hoc/test/auto/CatchUpComposite1.xml (RunModel)" time="0.079" />
  <testcase classname="ptolemy.util.test.junit.AutoTests" name="[13] /home/travis/build/icyphy/ptII/ptolemy/actor/lib/hoc/test/auto/CatchUpComposite2.xml (RunModel)" time="0.043" />
  <testcase classname="ptolemy.util.test.junit.AutoTests" name="[14] /home/travis/build/icyphy/ptII/ptolemy/actor/lib/hoc/test/auto/CatchUpComposite3.xml (RunModel)" time="0.036" />
  <testcase classname="ptolemy.util.test.junit.AutoTests" name="[15] /home/travis/build/icyphy/ptII/ptolemy/actor/lib/hoc/test/auto/CatchUpComposite4.xml (RunModel)" time="0.037" />
  <testcase classname="ptolemy.util.test.junit.AutoTests" name="[16] /home/travis/build/icyphy/ptII/ptolemy/actor/lib/hoc/test/auto/CatchUpComposite5.xml (RunModel)" time="0.04" />
  <testcase classname="ptolemy.util.test.junit.AutoTests" name="[17] /home/travis/build/icyphy/ptII/ptolemy/actor/lib/hoc/test/auto/CatchUpComposite6.xml (RunModel)" time="0.17" />
  <testcase classname="ptolemy.util.test.junit.AutoTests" name="[18] /home/travis/build/icyphy/ptII/ptolemy/actor/lib/hoc/test/auto/CatchUpComposite7.xml (RunModel)" time="0.105" />
  <testcase classname="ptolemy.util.test.junit.AutoTests" name="[19] /home/travis/build/icyphy/ptII/ptolemy/actor/lib/hoc/test/auto/ConcurrentExecutionTimeSDF.xml (RunModel)" time="0.947" />
  <testcase classname="ptolemy.util.test.junit.AutoTests" name="[20] /home/travis/build/icyphy/ptII/ptolemy/actor/lib/hoc/test/auto/ConcurrentSleep.xml (RunModel)" time="0.761" />
  <testcase classname="ptolemy.util.test.junit.AutoTests" name="[21] /home/travis/build/icyphy/ptII/ptolemy/actor/lib/hoc/test/auto/DEInPNInRunCompositeActor.xml (RunModel)" time="0.027" />
  <testcase classname="ptolemy.util.test.junit.AutoTests" name="[22] /home/travis/build/icyphy/ptII/ptolemy/actor/lib/hoc/test/auto/DFTSubSetTest.xml (RunModel)" time="0.277" />
  <testcase classname="ptolemy.util.test.junit.AutoTests" name="[23] /home/travis/build/icyphy/ptII/ptolemy/actor/lib/hoc/test/auto/HocDE.xml (RunModel)" time="0.194" />
  <testcase classname="ptolemy.util.test.junit.AutoTests" name="[24] /home/travis/build/icyphy/ptII/ptolemy/actor/lib/hoc/test/auto/IterateOverArray.xml (RunModel)" time="0.037" />
  <testcase classname="ptolemy.util.test.junit.AutoTests" name="[25] /home/travis/build/icyphy/ptII/ptolemy/actor/lib/hoc/test/auto/IterateOverArray10.xml (RunModel)" time="0.024" />
  <testcase classname="ptolemy.util.test.junit.AutoTests" name="[26] /home/travis/build/icyphy/ptII/ptolemy/actor/lib/hoc/test/auto/IterateOverArray11.xml (RunModel)" time="0.022" />
  <testcase classname="ptolemy.util.test.junit.AutoTests" name="[27] /home/travis/build/icyphy/ptII/ptolemy/actor/lib/hoc/test/auto/IterateOverArray12.xml (RunModel)" time="0.028" />
  <testcase classname="ptolemy.util.test.junit.AutoTests" name="[28] /home/travis/build/icyphy/ptII/ptolemy/actor/lib/hoc/test/auto/IterateOverArray13.xml (RunModel)" time="0.139" />
  <testcase classname="ptolemy.util.test.junit.AutoTests" name="[29] /home/travis/build/icyphy/ptII/ptolemy/actor/lib/hoc/test/auto/IterateOverArray14.xml (RunModel)" time="0.153" />
  <testcase classname="ptolemy.util.test.junit.AutoTests" name="[30] /home/travis/build/icyphy/ptII/ptolemy/actor/lib/hoc/test/auto/IterateOverArray2.xml (RunModel)" time="0.03" />
  <testcase classname="ptolemy.util.test.junit.AutoTests" name="[31] /home/travis/build/icyphy/ptII/ptolemy/actor/lib/hoc/test/auto/IterateOverArray3.xml (RunModel)" time="0.037" />
  <testcase classname="ptolemy.util.test.junit.AutoTests" name="[32] /home/travis/build/icyphy/ptII/ptolemy/actor/lib/hoc/test/auto/IterateOverArray4.xml (RunModel)" time="0.019" />
  <testcase classname="ptolemy.util.test.junit.AutoTests" name="[33] /home/travis/build/icyphy/ptII/ptolemy/actor/lib/hoc/test/auto/IterateOverArray5.xml (RunModel)" time="0.017" />
  <testcase classname="ptolemy.util.test.junit.AutoTests" name="[34] /home/travis/build/icyphy/ptII/ptolemy/actor/lib/hoc/test/auto/IterateOverArray6.xml (RunModel)" time="0.013" />
  <testcase classname="ptolemy.util.test.junit.AutoTests" name="[35] /home/travis/build/icyphy/ptII/ptolemy/actor/lib/hoc/test/auto/IterateOverArray7.xml (RunModel)" time="0.022" />
  <testcase classname="ptolemy.util.test.junit.AutoTests" name="[36] /home/travis/build/icyphy/ptII/ptolemy/actor/lib/hoc/test/auto/IterateOverArray8.xml (RunModel)" time="0.015" />
  <testcase classname="ptolemy.util.test.junit.AutoTests" name="[37] /home/travis/build/icyphy/ptII/ptolemy/actor/lib/hoc/test/auto/IterateOverArray9.xml (RunModel)" time="0.027" />
  <testcase classname="ptolemy.util.test.junit.AutoTests" name="[38] /home/travis/build/icyphy/ptII/ptolemy/actor/lib/hoc/test/auto/IterateOverArrayCoercedOutputType.xml (RunModel)" time="0.038" />
  <testcase classname="ptolemy.util.test.junit.AutoTests" name="[39] /home/travis/build/icyphy/ptII/ptolemy/actor/lib/hoc/test/auto/IterateOverArrayInferredOutputType.xml (RunModel)" time="0.02" />
  <testcase classname="ptolemy.util.test.junit.AutoTests" name="[40] /home/travis/build/icyphy/ptII/ptolemy/actor/lib/hoc/test/auto/MobileFunctionTest.xml (RunModel)" time="0.015" />
  <testcase classname="ptolemy.util.test.junit.AutoTests" name="[41] /home/travis/build/icyphy/ptII/ptolemy/actor/lib/hoc/test/auto/MobileModelTest.xml (RunModel)" time="0.194" />
  <testcase classname="ptolemy.util.test.junit.AutoTests" name="[42] /home/travis/build/icyphy/ptII/ptolemy/actor/lib/hoc/test/auto/ModelReference.xml (RunModel)" time="0.075" />
  <testcase classname="ptolemy.util.test.junit.AutoTests" name="[43] /home/travis/build/icyphy/ptII/ptolemy/actor/lib/hoc/test/auto/ModelReference3.xml (RunModel)" time="0.038" />
  <testcase classname="ptolemy.util.test.junit.AutoTests" name="[44] /home/travis/build/icyphy/ptII/ptolemy/actor/lib/hoc/test/auto/ModelReference4.xml (RunModel)" time="10.024" />
  <testcase classname="ptolemy.util.test.junit.AutoTests" name="[45] /home/travis/build/icyphy/ptII/ptolemy/actor/lib/hoc/test/auto/MultiInstanceComposite.xml (RunModel)" time="0.053" />
  <testcase classname="ptolemy.util.test.junit.AutoTests" name="[46] /home/travis/build/icyphy/ptII/ptolemy/actor/lib/hoc/test/auto/MultiInstanceComposite2.xml (RunModel)" time="0.035" />
  <testcase classname="ptolemy.util.test.junit.AutoTests" name="[47] /home/travis/build/icyphy/ptII/ptolemy/actor/lib/hoc/test/auto/MulticoreExecution.xml (RunModel)" time="1.064" />
  <testcase classname="ptolemy.util.test.junit.AutoTests" name="[48] /home/travis/build/icyphy/ptII/ptolemy/actor/lib/hoc/test/auto/ParallelExecution.xml (RunModel)" time="0.932" />
  <testcase classname="ptolemy.util.test.junit.AutoTests" name="[49] /home/travis/build/icyphy/ptII/ptolemy/actor/lib/hoc/test/auto/RunCompositeActor.xml (RunModel)" time="0.021" />
  <testcase classname="ptolemy.util.test.junit.AutoTests" name="[50] /home/travis/build/icyphy/ptII/ptolemy/actor/lib/hoc/test/auto/RunCompositeActor2.xml (RunModel)" time="0.025" />
  <testcase classname="ptolemy.util.test.junit.AutoTests" name="[51] /home/travis/build/icyphy/ptII/ptolemy/actor/lib/hoc/test/auto/RunCompositeActor3.xml (RunModel)" time="0.023" />
  <testcase classname="ptolemy.util.test.junit.AutoTests" name="[52] /home/travis/build/icyphy/ptII/ptolemy/actor/lib/hoc/test/auto/RunCompositeActor4.xml (RunModel)" time="0.021" />
  <testcase classname="ptolemy.util.test.junit.AutoTests" name="[53] /home/travis/build/icyphy/ptII/ptolemy/actor/lib/hoc/test/auto/RunCompositeIterateOverArray.xml (RunModel)" time="0.017" />
  <testcase classname="ptolemy.util.test.junit.AutoTests" name="[54] /home/travis/build/icyphy/ptII/ptolemy/actor/lib/hoc/test/auto/ThreadedJS.xml (RunModel)" time="11.238" />
  <system-out><![CDATA[/home/travis/build/icyphy/ptII/ptolemy/actor/lib/hoc/test/IterateOverArray.tcl
testDefs.tcl: setting time out to 9000 seconds at Sat Jan 04 22:14:56 UTC 2020
01/04/20 10:14:57
Failed: 0  Total Tests: 2  ((Passed: 2, Newly Passed: 0)  Known Failed: 0) /home/travis/build/icyphy/ptII/ptolemy/actor/lib/hoc/test
----------------- testing (KnownFailure) /home/travis/build/icyphy/ptII/ptolemy/actor/lib/hoc/test/auto/knownFailedTests/PreinitializeMustBeInvokedRunComposite.xml
130 ms. Memory: 129024K Free: 86465K (67%)
Known Failure: java.lang.reflect.InvocationTargetException
No auto/linux-amd64/*.xml tests in /home/travis/build/icyphy/ptII/ptolemy/actor/lib/hoc/test
AutoTests.java: About to close Vertx.
AutoTests.java: Vertx closed.

===========================================================================================
----------------- testing Sat Jan 04 22:14:57 UTC 2020 /home/travis/build/icyphy/ptII/ptolemy/actor/lib/hoc/test/auto/AllToAllMultiInstanceComposite.xml
----------------- Instantiating /home/travis/build/icyphy/ptII/ptolemy/actor/lib/hoc/test/auto/AllToAllMultiInstanceComposite.xml
203 ms. Memory: 129024K Free: 107596K (83%)
----------------- Invoking toplevel() on ptolemy.moml.MoMLSimpleApplication@49d08107
----------------- Done invoking toplevel() on ptolemy.moml.MoMLSimpleApplication@49d08107
reloadAllAccessors: .AllToAllMultiInstanceComposite

===========================================================================================
----------------- testing Sat Jan 04 22:14:58 UTC 2020 /home/travis/build/icyphy/ptII/ptolemy/actor/lib/hoc/test/auto/ApplyFFTTest.xml
----------------- Instantiating /home/travis/build/icyphy/ptII/ptolemy/actor/lib/hoc/test/auto/ApplyFFTTest.xml
132 ms. Memory: 129024K Free: 88939K (69%)
----------------- Invoking toplevel() on ptolemy.moml.MoMLSimpleApplication@5a676977
----------------- Done invoking toplevel() on ptolemy.moml.MoMLSimpleApplication@5a676977
reloadAllAccessors: .ApplyFFTTest

===========================================================================================
----------------- testing Sat Jan 04 22:14:58 UTC 2020 /home/travis/build/icyphy/ptII/ptolemy/actor/lib/hoc/test/auto/ApplyFunction.xml
----------------- Instantiating /home/travis/build/icyphy/ptII/ptolemy/actor/lib/hoc/test/auto/ApplyFunction.xml
5 ms. Memory: 129024K Free: 85867K (67%)
----------------- Invoking toplevel() on ptolemy.moml.MoMLSimpleApplication@8b87e02
----------------- Done invoking toplevel() on ptolemy.moml.MoMLSimpleApplication@8b87e02
reloadAllAccessors: .ApplyFunction

===========================================================================================
----------------- testing Sat Jan 04 22:14:58 UTC 2020 /home/travis/build/icyphy/ptII/ptolemy/actor/lib/hoc/test/auto/BackgroundExecution.xml
----------------- Instantiating /home/travis/build/icyphy/ptII/ptolemy/actor/lib/hoc/test/auto/BackgroundExecution.xml
634 ms. Memory: 129024K Free: 78699K (61%)
----------------- Invoking toplevel() on ptolemy.moml.MoMLSimpleApplication@1f46001f
----------------- Done invoking toplevel() on ptolemy.moml.MoMLSimpleApplication@1f46001f
reloadAllAccessors: .BackgroundExecution

===========================================================================================
----------------- testing Sat Jan 04 22:14:59 UTC 2020 /home/travis/build/icyphy/ptII/ptolemy/actor/lib/hoc/test/auto/Case.xml
----------------- Instantiating /home/travis/build/icyphy/ptII/ptolemy/actor/lib/hoc/test/auto/Case.xml
24 ms. Memory: 129024K Free: 71018K (55%)
----------------- Invoking toplevel() on ptolemy.moml.MoMLSimpleApplication@84b299d
----------------- Done invoking toplevel() on ptolemy.moml.MoMLSimpleApplication@84b299d
reloadAllAccessors: .Case

===========================================================================================
----------------- testing Sat Jan 04 22:14:59 UTC 2020 /home/travis/build/icyphy/ptII/ptolemy/actor/lib/hoc/test/auto/Case1.xml
----------------- Instantiating /home/travis/build/icyphy/ptII/ptolemy/actor/lib/hoc/test/auto/Case1.xml
21 ms. Memory: 129024K Free: 109161K (85%)
----------------- Invoking toplevel() on ptolemy.moml.MoMLSimpleApplication@21fc4220
----------------- Done invoking toplevel() on ptolemy.moml.MoMLSimpleApplication@21fc4220
reloadAllAccessors: .Case1

===========================================================================================
----------------- testing Sat Jan 04 22:14:59 UTC 2020 /home/travis/build/icyphy/ptII/ptolemy/actor/lib/hoc/test/auto/Case2.xml
----------------- Instantiating /home/travis/build/icyphy/ptII/ptolemy/actor/lib/hoc/test/auto/Case2.xml
35 ms. Memory: 129024K Free: 99249K (77%)
----------------- Invoking toplevel() on ptolemy.moml.MoMLSimpleApplication@3fe8e5b0
----------------- Done invoking toplevel() on ptolemy.moml.MoMLSimpleApplication@3fe8e5b0
reloadAllAccessors: .Case2

===========================================================================================
----------------- testing Sat Jan 04 22:14:59 UTC 2020 /home/travis/build/icyphy/ptII/ptolemy/actor/lib/hoc/test/auto/Case3.xml
----------------- Instantiating /home/travis/build/icyphy/ptII/ptolemy/actor/lib/hoc/test/auto/Case3.xml
14 ms. Memory: 129024K Free: 93089K (72%)
----------------- Invoking toplevel() on ptolemy.moml.MoMLSimpleApplication@cfc34d7
----------------- Done invoking toplevel() on ptolemy.moml.MoMLSimpleApplication@cfc34d7
reloadAllAccessors: .Case3

===========================================================================================
----------------- testing Sat Jan 04 22:14:59 UTC 2020 /home/travis/build/icyphy/ptII/ptolemy/actor/lib/hoc/test/auto/Case4.xml
----------------- Instantiating /home/travis/build/icyphy/ptII/ptolemy/actor/lib/hoc/test/auto/Case4.xml
12 ms. Memory: 129024K Free: 85665K (66%)
----------------- Invoking toplevel() on ptolemy.moml.MoMLSimpleApplication@39555bee
----------------- Done invoking toplevel() on ptolemy.moml.MoMLSimpleApplication@39555bee
reloadAllAccessors: .Case4

===========================================================================================
----------------- testing Sat Jan 04 22:14:59 UTC 2020 /home/travis/build/icyphy/ptII/ptolemy/actor/lib/hoc/test/auto/Case5.xml
----------------- Instantiating /home/travis/build/icyphy/ptII/ptolemy/actor/lib/hoc/test/auto/Case5.xml
38 ms. Memory: 129024K Free: 79025K (61%)
----------------- Invoking toplevel() on ptolemy.moml.MoMLSimpleApplication@184df9de
----------------- Done invoking toplevel() on ptolemy.moml.MoMLSimpleApplication@184df9de
reloadAllAccessors: .junk

===========================================================================================
----------------- testing Sat Jan 04 22:14:59 UTC 2020 /home/travis/build/icyphy/ptII/ptolemy/actor/lib/hoc/test/auto/Case6.xml
----------------- Instantiating /home/travis/build/icyphy/ptII/ptolemy/actor/lib/hoc/test/auto/Case6.xml
36 ms. Memory: 129024K Free: 67249K (52%)
----------------- Invoking toplevel() on ptolemy.moml.MoMLSimpleApplication@7c86c5f5
----------------- Done invoking toplevel() on ptolemy.moml.MoMLSimpleApplication@7c86c5f5
reloadAllAccessors: .Case6

===========================================================================================
----------------- testing Sat Jan 04 22:14:59 UTC 2020 /home/travis/build/icyphy/ptII/ptolemy/actor/lib/hoc/test/auto/CaseString2.xml
----------------- Instantiating /home/travis/build/icyphy/ptII/ptolemy/actor/lib/hoc/test/auto/CaseString2.xml
14 ms. Memory: 129024K Free: 110571K (86%)
----------------- Invoking toplevel() on ptolemy.moml.MoMLSimpleApplication@7da18215
----------------- Done invoking toplevel() on ptolemy.moml.MoMLSimpleApplication@7da18215
reloadAllAccessors: .CaseString2

===========================================================================================
----------------- testing Sat Jan 04 22:15:00 UTC 2020 /home/travis/build/icyphy/ptII/ptolemy/actor/lib/hoc/test/auto/CatchUpComposite1.xml
----------------- Instantiating /home/travis/build/icyphy/ptII/ptolemy/actor/lib/hoc/test/auto/CatchUpComposite1.xml
30 ms. Memory: 129024K Free: 100857K (78%)
----------------- Invoking toplevel() on ptolemy.moml.MoMLSimpleApplication@53fb126a
----------------- Done invoking toplevel() on ptolemy.moml.MoMLSimpleApplication@53fb126a
reloadAllAccessors: .CatchUpComposite1

===========================================================================================
----------------- testing Sat Jan 04 22:15:00 UTC 2020 /home/travis/build/icyphy/ptII/ptolemy/actor/lib/hoc/test/auto/CatchUpComposite2.xml
----------------- Instantiating /home/travis/build/icyphy/ptII/ptolemy/actor/lib/hoc/test/auto/CatchUpComposite2.xml
12 ms. Memory: 129024K Free: 92140K (71%)
----------------- Invoking toplevel() on ptolemy.moml.MoMLSimpleApplication@4de70882
----------------- Done invoking toplevel() on ptolemy.moml.MoMLSimpleApplication@4de70882
reloadAllAccessors: .CatchUpComposite2

===========================================================================================
----------------- testing Sat Jan 04 22:15:00 UTC 2020 /home/travis/build/icyphy/ptII/ptolemy/actor/lib/hoc/test/auto/CatchUpComposite3.xml
----------------- Instantiating /home/travis/build/icyphy/ptII/ptolemy/actor/lib/hoc/test/auto/CatchUpComposite3.xml
13 ms. Memory: 129024K Free: 83447K (65%)
----------------- Invoking toplevel() on ptolemy.moml.MoMLSimpleApplication@9b8b03e
----------------- Done invoking toplevel() on ptolemy.moml.MoMLSimpleApplication@9b8b03e
reloadAllAccessors: .CatchUpComposite3

===========================================================================================
----------------- testing Sat Jan 04 22:15:00 UTC 2020 /home/travis/build/icyphy/ptII/ptolemy/actor/lib/hoc/test/auto/CatchUpComposite4.xml
----------------- Instantiating /home/travis/build/icyphy/ptII/ptolemy/actor/lib/hoc/test/auto/CatchUpComposite4.xml
11 ms. Memory: 129024K Free: 75727K (59%)
----------------- Invoking toplevel() on ptolemy.moml.MoMLSimpleApplication@6d13fd5b
----------------- Done invoking toplevel() on ptolemy.moml.MoMLSimpleApplication@6d13fd5b
reloadAllAccessors: .CatchUpComposite4

===========================================================================================
----------------- testing Sat Jan 04 22:15:00 UTC 2020 /home/travis/build/icyphy/ptII/ptolemy/actor/lib/hoc/test/auto/CatchUpComposite5.xml
----------------- Instantiating /home/travis/build/icyphy/ptII/ptolemy/actor/lib/hoc/test/auto/CatchUpComposite5.xml
15 ms. Memory: 129024K Free: 67533K (52%)
----------------- Invoking toplevel() on ptolemy.moml.MoMLSimpleApplication@27c393d8
----------------- Done invoking toplevel() on ptolemy.moml.MoMLSimpleApplication@27c393d8
reloadAllAccessors: .CatchUpComposite5

===========================================================================================
----------------- testing Sat Jan 04 22:15:00 UTC 2020 /home/travis/build/icyphy/ptII/ptolemy/actor/lib/hoc/test/auto/CatchUpComposite6.xml
----------------- Instantiating /home/travis/build/icyphy/ptII/ptolemy/actor/lib/hoc/test/auto/CatchUpComposite6.xml
WARNING: The execution aspects in this model can influence the timing of actors by delaying the 
execution, potentially changing the behavior. There is no guarantee that actors fire at the 
time they request to be fired. 
Use Ptides for deterministic DE behavior that is not influenced by execution aspects. 

95 ms. Memory: 129024K Free: 52729K (41%)
----------------- Invoking toplevel() on ptolemy.moml.MoMLSimpleApplication@44e395a9
----------------- Done invoking toplevel() on ptolemy.moml.MoMLSimpleApplication@44e395a9
reloadAllAccessors: .CatchUpComposite6

===========================================================================================
----------------- testing Sat Jan 04 22:15:00 UTC 2020 /home/travis/build/icyphy/ptII/ptolemy/actor/lib/hoc/test/auto/CatchUpComposite7.xml
----------------- Instantiating /home/travis/build/icyphy/ptII/ptolemy/actor/lib/hoc/test/auto/CatchUpComposite7.xml
WARNING: The execution aspects in this model can influence the timing of actors by delaying the 
execution, potentially changing the behavior. There is no guarantee that actors fire at the 
time they request to be fired. 
Use Ptides for deterministic DE behavior that is not influenced by execution aspects. 

48 ms. Memory: 129024K Free: 113482K (88%)
----------------- Invoking toplevel() on ptolemy.moml.MoMLSimpleApplication@4814baea
----------------- Done invoking toplevel() on ptolemy.moml.MoMLSimpleApplication@4814baea
reloadAllAccessors: .CatchUpComposite7

===========================================================================================
----------------- testing Sat Jan 04 22:15:00 UTC 2020 /home/travis/build/icyphy/ptII/ptolemy/actor/lib/hoc/test/auto/ConcurrentExecutionTimeSDF.xml
----------------- Instantiating /home/travis/build/icyphy/ptII/ptolemy/actor/lib/hoc/test/auto/ConcurrentExecutionTimeSDF.xml
Fired ExecutionTime: 40400000
Fired ExecutionTime: 40400000
Fired ExecutionTime: 40400000
Fired ExecutionTime: 40400000
Fired ExecutionTime: 40400000
Fired ExecutionTime: 40400000
Fired ExecutionTime: 40400000
Fired ExecutionTime: 40400000
Fired ExecutionTime: 40400000
Fired ExecutionTime: 40400000
Fired ExecutionTime: 40400000
Fired ExecutionTime: 40400000
Fired ExecutionTime: 40400000
Fired ExecutionTime: 40400000
Fired ExecutionTime: 40400000
Fired ExecutionTime: 40400000
Fired ExecutionTime: 40400000
Fired ExecutionTime: 40400000
Fired ExecutionTime: 40400000
Fired ExecutionTime: 40400000
911 ms. Memory: 129024K Free: 106302K (82%)
----------------- Invoking toplevel() on ptolemy.moml.MoMLSimpleApplication@10e5b5a2
----------------- Done invoking toplevel() on ptolemy.moml.MoMLSimpleApplication@10e5b5a2
reloadAllAccessors: .ConcurrentExecutionTimeSDF

===========================================================================================
----------------- testing Sat Jan 04 22:15:01 UTC 2020 /home/travis/build/icyphy/ptII/ptolemy/actor/lib/hoc/test/auto/ConcurrentSleep.xml
----------------- Instantiating /home/travis/build/icyphy/ptII/ptolemy/actor/lib/hoc/test/auto/ConcurrentSleep.xml
721 ms. Memory: 129024K Free: 95413K (74%)
----------------- Invoking toplevel() on ptolemy.moml.MoMLSimpleApplication@5a69728f
----------------- Done invoking toplevel() on ptolemy.moml.MoMLSimpleApplication@5a69728f
reloadAllAccessors: .ConcurrentSleep

===========================================================================================
----------------- testing Sat Jan 04 22:15:02 UTC 2020 /home/travis/build/icyphy/ptII/ptolemy/actor/lib/hoc/test/auto/DEInPNInRunCompositeActor.xml
----------------- Instantiating /home/travis/build/icyphy/ptII/ptolemy/actor/lib/hoc/test/auto/DEInPNInRunCompositeActor.xml
10 ms. Memory: 129024K Free: 90293K (70%)
----------------- Invoking toplevel() on ptolemy.moml.MoMLSimpleApplication@34982da
----------------- Done invoking toplevel() on ptolemy.moml.MoMLSimpleApplication@34982da
reloadAllAccessors: .DEInPNInRunCompositeActor

===========================================================================================
----------------- testing Sat Jan 04 22:15:02 UTC 2020 /home/travis/build/icyphy/ptII/ptolemy/actor/lib/hoc/test/auto/DFTSubSetTest.xml
----------------- Instantiating /home/travis/build/icyphy/ptII/ptolemy/actor/lib/hoc/test/auto/DFTSubSetTest.xml
173 ms. Memory: 129024K Free: 47560K (37%)
----------------- Invoking toplevel() on ptolemy.moml.MoMLSimpleApplication@256a2210
----------------- Done invoking toplevel() on ptolemy.moml.MoMLSimpleApplication@256a2210
reloadAllAccessors: .DFTSubSetTest

===========================================================================================
----------------- testing Sat Jan 04 22:15:02 UTC 2020 /home/travis/build/icyphy/ptII/ptolemy/actor/lib/hoc/test/auto/HocDE.xml
----------------- Instantiating /home/travis/build/icyphy/ptII/ptolemy/actor/lib/hoc/test/auto/HocDE.xml
144 ms. Memory: 155648K Free: 124096K (80%)
----------------- Invoking toplevel() on ptolemy.moml.MoMLSimpleApplication@270481c
----------------- Done invoking toplevel() on ptolemy.moml.MoMLSimpleApplication@270481c
reloadAllAccessors: .HocDE

===========================================================================================
----------------- testing Sat Jan 04 22:15:02 UTC 2020 /home/travis/build/icyphy/ptII/ptolemy/actor/lib/hoc/test/auto/IterateOverArray.xml
----------------- Instantiating /home/travis/build/icyphy/ptII/ptolemy/actor/lib/hoc/test/auto/IterateOverArray.xml
6 ms. Memory: 155648K Free: 119473K (77%)
----------------- Invoking toplevel() on ptolemy.moml.MoMLSimpleApplication@75375765
----------------- Done invoking toplevel() on ptolemy.moml.MoMLSimpleApplication@75375765
reloadAllAccessors: .IterateOverArray

===========================================================================================
----------------- testing Sat Jan 04 22:15:02 UTC 2020 /home/travis/build/icyphy/ptII/ptolemy/actor/lib/hoc/test/auto/IterateOverArray10.xml
----------------- Instantiating /home/travis/build/icyphy/ptII/ptolemy/actor/lib/hoc/test/auto/IterateOverArray10.xml
5 ms. Memory: 155648K Free: 115971K (75%)
----------------- Invoking toplevel() on ptolemy.moml.MoMLSimpleApplication@411a4259
----------------- Done invoking toplevel() on ptolemy.moml.MoMLSimpleApplication@411a4259
reloadAllAccessors: .IterateOverArray10

===========================================================================================
----------------- testing Sat Jan 04 22:15:02 UTC 2020 /home/travis/build/icyphy/ptII/ptolemy/actor/lib/hoc/test/auto/IterateOverArray11.xml
----------------- Instantiating /home/travis/build/icyphy/ptII/ptolemy/actor/lib/hoc/test/auto/IterateOverArray11.xml
5 ms. Memory: 155648K Free: 111861K (72%)
----------------- Invoking toplevel() on ptolemy.moml.MoMLSimpleApplication@4defb6d5
----------------- Done invoking toplevel() on ptolemy.moml.MoMLSimpleApplication@4defb6d5
reloadAllAccessors: .IterateOverArray11

===========================================================================================
----------------- testing Sat Jan 04 22:15:02 UTC 2020 /home/travis/build/icyphy/ptII/ptolemy/actor/lib/hoc/test/auto/IterateOverArray12.xml
----------------- Instantiating /home/travis/build/icyphy/ptII/ptolemy/actor/lib/hoc/test/auto/IterateOverArray12.xml
14 ms. Memory: 155648K Free: 105731K (68%)
----------------- Invoking toplevel() on ptolemy.moml.MoMLSimpleApplication@49f4cd6e
----------------- Done invoking toplevel() on ptolemy.moml.MoMLSimpleApplication@49f4cd6e
reloadAllAccessors: .IterateOverArray12

===========================================================================================
----------------- testing Sat Jan 04 22:15:02 UTC 2020 /home/travis/build/icyphy/ptII/ptolemy/actor/lib/hoc/test/auto/IterateOverArray13.xml
----------------- Instantiating /home/travis/build/icyphy/ptII/ptolemy/actor/lib/hoc/test/auto/IterateOverArray13.xml
62 ms. Memory: 155648K Free: 77059K (50%)
----------------- Invoking toplevel() on ptolemy.moml.MoMLSimpleApplication@27e85ffc
----------------- Done invoking toplevel() on ptolemy.moml.MoMLSimpleApplication@27e85ffc
reloadAllAccessors: .IterateOverArray13

===========================================================================================
----------------- testing Sat Jan 04 22:15:03 UTC 2020 /home/travis/build/icyphy/ptII/ptolemy/actor/lib/hoc/test/auto/IterateOverArray14.xml
----------------- Instantiating /home/travis/build/icyphy/ptII/ptolemy/actor/lib/hoc/test/auto/IterateOverArray14.xml
70 ms. Memory: 155648K Free: 128473K (83%)
----------------- Invoking toplevel() on ptolemy.moml.MoMLSimpleApplication@7677e8cc
----------------- Done invoking toplevel() on ptolemy.moml.MoMLSimpleApplication@7677e8cc
reloadAllAccessors: .IterateOverArray14

===========================================================================================
----------------- testing Sat Jan 04 22:15:03 UTC 2020 /home/travis/build/icyphy/ptII/ptolemy/actor/lib/hoc/test/auto/IterateOverArray2.xml
----------------- Instantiating /home/travis/build/icyphy/ptII/ptolemy/actor/lib/hoc/test/auto/IterateOverArray2.xml
7 ms. Memory: 155648K Free: 123909K (80%)
----------------- Invoking toplevel() on ptolemy.moml.MoMLSimpleApplication@448817bd
----------------- Done invoking toplevel() on ptolemy.moml.MoMLSimpleApplication@448817bd
reloadAllAccessors: .IterateOverArray2

===========================================================================================
----------------- testing Sat Jan 04 22:15:03 UTC 2020 /home/travis/build/icyphy/ptII/ptolemy/actor/lib/hoc/test/auto/IterateOverArray3.xml
----------------- Instantiating /home/travis/build/icyphy/ptII/ptolemy/actor/lib/hoc/test/auto/IterateOverArray3.xml
16 ms. Memory: 155648K Free: 118218K (76%)
----------------- Invoking toplevel() on ptolemy.moml.MoMLSimpleApplication@22f4e5f2
----------------- Done invoking toplevel() on ptolemy.moml.MoMLSimpleApplication@22f4e5f2
reloadAllAccessors: .IterateOverArray3

===========================================================================================
----------------- testing Sat Jan 04 22:15:03 UTC 2020 /home/travis/build/icyphy/ptII/ptolemy/actor/lib/hoc/test/auto/IterateOverArray4.xml
----------------- Instantiating /home/travis/build/icyphy/ptII/ptolemy/actor/lib/hoc/test/auto/IterateOverArray4.xml
4 ms. Memory: 155648K Free: 114136K (73%)
----------------- Invoking toplevel() on ptolemy.moml.MoMLSimpleApplication@1793670c
----------------- Done invoking toplevel() on ptolemy.moml.MoMLSimpleApplication@1793670c
reloadAllAccessors: .IterateOverArray4

===========================================================================================
----------------- testing Sat Jan 04 22:15:03 UTC 2020 /home/travis/build/icyphy/ptII/ptolemy/actor/lib/hoc/test/auto/IterateOverArray5.xml
----------------- Instantiating /home/travis/build/icyphy/ptII/ptolemy/actor/lib/hoc/test/auto/IterateOverArray5.xml
3 ms. Memory: 155648K Free: 110040K (71%)
----------------- Invoking toplevel() on ptolemy.moml.MoMLSimpleApplication@ece068a
----------------- Done invoking toplevel() on ptolemy.moml.MoMLSimpleApplication@ece068a
reloadAllAccessors: .IterateOverArray5

===========================================================================================
----------------- testing Sat Jan 04 22:15:03 UTC 2020 /home/travis/build/icyphy/ptII/ptolemy/actor/lib/hoc/test/auto/IterateOverArray6.xml
----------------- Instantiating /home/travis/build/icyphy/ptII/ptolemy/actor/lib/hoc/test/auto/IterateOverArray6.xml
2 ms. Memory: 155648K Free: 106938K (69%)
----------------- Invoking toplevel() on ptolemy.moml.MoMLSimpleApplication@219b8bea
----------------- Done invoking toplevel() on ptolemy.moml.MoMLSimpleApplication@219b8bea
reloadAllAccessors: .IterateOverArray6

===========================================================================================
----------------- testing Sat Jan 04 22:15:03 UTC 2020 /home/travis/build/icyphy/ptII/ptolemy/actor/lib/hoc/test/auto/IterateOverArray7.xml
----------------- Instantiating /home/travis/build/icyphy/ptII/ptolemy/actor/lib/hoc/test/auto/IterateOverArray7.xml
4 ms. Memory: 155648K Free: 102413K (66%)
----------------- Invoking toplevel() on ptolemy.moml.MoMLSimpleApplication@acc3d78
----------------- Done invoking toplevel() on ptolemy.moml.MoMLSimpleApplication@acc3d78
reloadAllAccessors: .IterateOverArray7

===========================================================================================
----------------- testing Sat Jan 04 22:15:03 UTC 2020 /home/travis/build/icyphy/ptII/ptolemy/actor/lib/hoc/test/auto/IterateOverArray8.xml
----------------- Instantiating /home/travis/build/icyphy/ptII/ptolemy/actor/lib/hoc/test/auto/IterateOverArray8.xml
4 ms. Memory: 155648K Free: 98776K (63%)
----------------- Invoking toplevel() on ptolemy.moml.MoMLSimpleApplication@1523029d
----------------- Done invoking toplevel() on ptolemy.moml.MoMLSimpleApplication@1523029d
reloadAllAccessors: .IterateOverArray8

===========================================================================================
----------------- testing Sat Jan 04 22:15:03 UTC 2020 /home/travis/build/icyphy/ptII/ptolemy/actor/lib/hoc/test/auto/IterateOverArray9.xml
----------------- Instantiating /home/travis/build/icyphy/ptII/ptolemy/actor/lib/hoc/test/auto/IterateOverArray9.xml
5 ms. Memory: 155648K Free: 94680K (61%)
----------------- Invoking toplevel() on ptolemy.moml.MoMLSimpleApplication@2d91aea7
----------------- Done invoking toplevel() on ptolemy.moml.MoMLSimpleApplication@2d91aea7
reloadAllAccessors: .IterateOverArray9

===========================================================================================
----------------- testing Sat Jan 04 22:15:03 UTC 2020 /home/travis/build/icyphy/ptII/ptolemy/actor/lib/hoc/test/auto/IterateOverArrayCoercedOutputType.xml
----------------- Instantiating /home/travis/build/icyphy/ptII/ptolemy/actor/lib/hoc/test/auto/IterateOverArrayCoercedOutputType.xml
5 ms. Memory: 155648K Free: 89561K (58%)
----------------- Invoking toplevel() on ptolemy.moml.MoMLSimpleApplication@2eb78b3
----------------- Done invoking toplevel() on ptolemy.moml.MoMLSimpleApplication@2eb78b3
reloadAllAccessors: .IterateOverArrayCoercedOutputType

===========================================================================================
----------------- testing Sat Jan 04 22:15:03 UTC 2020 /home/travis/build/icyphy/ptII/ptolemy/actor/lib/hoc/test/auto/IterateOverArrayInferredOutputType.xml
----------------- Instantiating /home/travis/build/icyphy/ptII/ptolemy/actor/lib/hoc/test/auto/IterateOverArrayInferredOutputType.xml
5 ms. Memory: 155648K Free: 85005K (55%)
----------------- Invoking toplevel() on ptolemy.moml.MoMLSimpleApplication@4a14df1f
----------------- Done invoking toplevel() on ptolemy.moml.MoMLSimpleApplication@4a14df1f
reloadAllAccessors: .IterateOverArrayInferredOutputType

===========================================================================================
----------------- testing Sat Jan 04 22:15:03 UTC 2020 /home/travis/build/icyphy/ptII/ptolemy/actor/lib/hoc/test/auto/MobileFunctionTest.xml
----------------- Instantiating /home/travis/build/icyphy/ptII/ptolemy/actor/lib/hoc/test/auto/MobileFunctionTest.xml
3 ms. Memory: 155648K Free: 80883K (52%)
----------------- Invoking toplevel() on ptolemy.moml.MoMLSimpleApplication@75bd282f
----------------- Done invoking toplevel() on ptolemy.moml.MoMLSimpleApplication@75bd282f
reloadAllAccessors: .MobileFunctionTest

===========================================================================================
----------------- testing Sat Jan 04 22:15:03 UTC 2020 /home/travis/build/icyphy/ptII/ptolemy/actor/lib/hoc/test/auto/MobileModelTest.xml
----------------- Instantiating /home/travis/build/icyphy/ptII/ptolemy/actor/lib/hoc/test/auto/MobileModelTest.xml
157 ms. Memory: 155648K Free: 59850K (38%)
----------------- Invoking toplevel() on ptolemy.moml.MoMLSimpleApplication@3f977d0d
----------------- Done invoking toplevel() on ptolemy.moml.MoMLSimpleApplication@3f977d0d
reloadAllAccessors: .MobileModelTest

===========================================================================================
----------------- testing Sat Jan 04 22:15:03 UTC 2020 /home/travis/build/icyphy/ptII/ptolemy/actor/lib/hoc/test/auto/ModelReference.xml
----------------- Instantiating /home/travis/build/icyphy/ptII/ptolemy/actor/lib/hoc/test/auto/ModelReference.xml
3 ms. Memory: 155648K Free: 53275K (34%)
2 ms. Memory: 155648K Free: 52697K (34%)
3 ms. Memory: 155648K Free: 51673K (33%)
1 ms. Memory: 155648K Free: 51096K (33%)
1 ms. Memory: 155648K Free: 50141K (32%)
7 ms. Memory: 155648K Free: 139495K (90%)
2 ms. Memory: 155648K Free: 138469K (89%)
1 ms. Memory: 155648K Free: 137763K (89%)
2 ms. Memory: 155648K Free: 137018K (88%)
2 ms. Memory: 155648K Free: 136090K (87%)
37 ms. Memory: 155648K Free: 136090K (87%)
----------------- Invoking toplevel() on ptolemy.moml.MoMLSimpleApplication@511c3828
----------------- Done invoking toplevel() on ptolemy.moml.MoMLSimpleApplication@511c3828
reloadAllAccessors: .ModelReference

===========================================================================================
----------------- testing Sat Jan 04 22:15:03 UTC 2020 /home/travis/build/icyphy/ptII/ptolemy/actor/lib/hoc/test/auto/ModelReference3.xml
----------------- Instantiating /home/travis/build/icyphy/ptII/ptolemy/actor/lib/hoc/test/auto/ModelReference3.xml
1 ms. Memory: 155648K Free: 131445K (84%)
3 ms. Memory: 155648K Free: 130338K (84%)
1 ms. Memory: 155648K Free: 129367K (83%)
3 ms. Memory: 155648K Free: 128901K (83%)
2 ms. Memory: 155648K Free: 127885K (82%)
2 ms. Memory: 155648K Free: 126898K (82%)
3 ms. Memory: 155648K Free: 126295K (81%)
2 ms. Memory: 155648K Free: 125271K (80%)
2 ms. Memory: 155648K Free: 124805K (80%)
2 ms. Memory: 155648K Free: 123789K (80%)
27 ms. Memory: 155648K Free: 123789K (80%)
----------------- Invoking toplevel() on ptolemy.moml.MoMLSimpleApplication@684887f2
----------------- Done invoking toplevel() on ptolemy.moml.MoMLSimpleApplication@684887f2
reloadAllAccessors: .ModelReference3

===========================================================================================
----------------- testing Sat Jan 04 22:15:03 UTC 2020 /home/travis/build/icyphy/ptII/ptolemy/actor/lib/hoc/test/auto/ModelReference4.xml
----------------- Instantiating /home/travis/build/icyphy/ptII/ptolemy/actor/lib/hoc/test/auto/ModelReference4.xml
1 ms. Memory: 155648K Free: 119127K (77%)
1 ms. Memory: 155648K Free: 117635K (76%)
2 ms. Memory: 155648K Free: 116589K (75%)
1 ms. Memory: 155648K Free: 115031K (74%)
2 ms. Memory: 155648K Free: 114015K (73%)
7 ms. Memory: 155648K Free: 112983K (73%)
1 ms. Memory: 155648K Free: 111491K (72%)
2 ms. Memory: 155648K Free: 110444K (71%)
2 ms. Memory: 155648K Free: 108903K (70%)
2 ms. Memory: 155648K Free: 107863K (69%)
10013 ms. Memory: 155648K Free: 107863K (69%)
----------------- Invoking toplevel() on ptolemy.moml.MoMLSimpleApplication@53b2d39b
----------------- Done invoking toplevel() on ptolemy.moml.MoMLSimpleApplication@53b2d39b
reloadAllAccessors: .ModelReference4

===========================================================================================
----------------- testing Sat Jan 04 22:15:13 UTC 2020 /home/travis/build/icyphy/ptII/ptolemy/actor/lib/hoc/test/auto/MultiInstanceComposite.xml
----------------- Instantiating /home/travis/build/icyphy/ptII/ptolemy/actor/lib/hoc/test/auto/MultiInstanceComposite.xml
26 ms. Memory: 155648K Free: 88981K (57%)
----------------- Invoking toplevel() on ptolemy.moml.MoMLSimpleApplication@4f37adbe
----------------- Done invoking toplevel() on ptolemy.moml.MoMLSimpleApplication@4f37adbe
reloadAllAccessors: .MultiInstanceComposite

===========================================================================================
----------------- testing Sat Jan 04 22:15:13 UTC 2020 /home/travis/build/icyphy/ptII/ptolemy/actor/lib/hoc/test/auto/MultiInstanceComposite2.xml
----------------- Instantiating /home/travis/build/icyphy/ptII/ptolemy/actor/lib/hoc/test/auto/MultiInstanceComposite2.xml
16 ms. Memory: 155648K Free: 77685K (50%)
----------------- Invoking toplevel() on ptolemy.moml.MoMLSimpleApplication@50544dab
----------------- Done invoking toplevel() on ptolemy.moml.MoMLSimpleApplication@50544dab
reloadAllAccessors: .MultiInstanceComposite2

===========================================================================================
----------------- testing Sat Jan 04 22:15:13 UTC 2020 /home/travis/build/icyphy/ptII/ptolemy/actor/lib/hoc/test/auto/MulticoreExecution.xml
----------------- Instantiating /home/travis/build/icyphy/ptII/ptolemy/actor/lib/hoc/test/auto/MulticoreExecution.xml
Fired ExecutionTime: 2800000
Fired ExecutionTime: 9200000
Fired ExecutionTime: 109600000
Fired ExecutionTime: 110000000
Fired ExecutionTime: 114000000
Fired ExecutionTime: 112000000
Fired ExecutionTime: 109600000
Fired ExecutionTime: 110400000
Fired ExecutionTime: 109600000
Fired ExecutionTime: 110000000
Fired ExecutionTime: 110000000
Fired ExecutionTime: 109200000
Fired ExecutionTime: 108800000
Fired ExecutionTime: 109600000
Fired ExecutionTime: 109200000
Fired ExecutionTime: 110400000
Fired ExecutionTime: 112400000
Fired ExecutionTime: 105600000
Fired ExecutionTime: 111600000
Fired ExecutionTime: 65200000
1046 ms. Memory: 155648K Free: 68531K (44%)
----------------- Invoking toplevel() on ptolemy.moml.MoMLSimpleApplication@59fc8719
----------------- Done invoking toplevel() on ptolemy.moml.MoMLSimpleApplication@59fc8719
reloadAllAccessors: .MulticoreExecution

===========================================================================================
----------------- testing Sat Jan 04 22:15:14 UTC 2020 /home/travis/build/icyphy/ptII/ptolemy/actor/lib/hoc/test/auto/ParallelExecution.xml
----------------- Instantiating /home/travis/build/icyphy/ptII/ptolemy/actor/lib/hoc/test/auto/ParallelExecution.xml
912 ms. Memory: 155648K Free: 61242K (39%)
----------------- Invoking toplevel() on ptolemy.moml.MoMLSimpleApplication@26f9608d
----------------- Done invoking toplevel() on ptolemy.moml.MoMLSimpleApplication@26f9608d
reloadAllAccessors: .ParallelExecution

===========================================================================================
----------------- testing Sat Jan 04 22:15:15 UTC 2020 /home/travis/build/icyphy/ptII/ptolemy/actor/lib/hoc/test/auto/RunCompositeActor.xml
----------------- Instantiating /home/travis/build/icyphy/ptII/ptolemy/actor/lib/hoc/test/auto/RunCompositeActor.xml
7 ms. Memory: 155648K Free: 54165K (35%)
----------------- Invoking toplevel() on ptolemy.moml.MoMLSimpleApplication@725a4323
----------------- Done invoking toplevel() on ptolemy.moml.MoMLSimpleApplication@725a4323
reloadAllAccessors: .RunCompositeActor

===========================================================================================
----------------- testing Sat Jan 04 22:15:15 UTC 2020 /home/travis/build/icyphy/ptII/ptolemy/actor/lib/hoc/test/auto/RunCompositeActor2.xml
----------------- Instantiating /home/travis/build/icyphy/ptII/ptolemy/actor/lib/hoc/test/auto/RunCompositeActor2.xml
6 ms. Memory: 155648K Free: 137913K (89%)
----------------- Invoking toplevel() on ptolemy.moml.MoMLSimpleApplication@61b6d02
----------------- Done invoking toplevel() on ptolemy.moml.MoMLSimpleApplication@61b6d02
reloadAllAccessors: .RunCompositeActor2

===========================================================================================
----------------- testing Sat Jan 04 22:15:15 UTC 2020 /home/travis/build/icyphy/ptII/ptolemy/actor/lib/hoc/test/auto/RunCompositeActor3.xml
----------------- Instantiating /home/travis/build/icyphy/ptII/ptolemy/actor/lib/hoc/test/auto/RunCompositeActor3.xml
3 ms. Memory: 155648K Free: 132718K (85%)
----------------- Invoking toplevel() on ptolemy.moml.MoMLSimpleApplication@576fddf
----------------- Done invoking toplevel() on ptolemy.moml.MoMLSimpleApplication@576fddf
reloadAllAccessors: .RunCompositeActor3

===========================================================================================
----------------- testing Sat Jan 04 22:15:15 UTC 2020 /home/travis/build/icyphy/ptII/ptolemy/actor/lib/hoc/test/auto/RunCompositeActor4.xml
----------------- Instantiating /home/travis/build/icyphy/ptII/ptolemy/actor/lib/hoc/test/auto/RunCompositeActor4.xml
9 ms. Memory: 155648K Free: 124601K (80%)
----------------- Invoking toplevel() on ptolemy.moml.MoMLSimpleApplication@57197f32
----------------- Done invoking toplevel() on ptolemy.moml.MoMLSimpleApplication@57197f32
reloadAllAccessors: .RunCompositeActor4

===========================================================================================
----------------- testing Sat Jan 04 22:15:16 UTC 2020 /home/travis/build/icyphy/ptII/ptolemy/actor/lib/hoc/test/auto/RunCompositeIterateOverArray.xml
----------------- Instantiating /home/travis/build/icyphy/ptII/ptolemy/actor/lib/hoc/test/auto/RunCompositeIterateOverArray.xml
4 ms. Memory: 155648K Free: 119449K (77%)
----------------- Invoking toplevel() on ptolemy.moml.MoMLSimpleApplication@6eaad544
----------------- Done invoking toplevel() on ptolemy.moml.MoMLSimpleApplication@6eaad544
reloadAllAccessors: .RunCompositeIterateOverArray

===========================================================================================
----------------- testing Sat Jan 04 22:15:16 UTC 2020 /home/travis/build/icyphy/ptII/ptolemy/actor/lib/hoc/test/auto/ThreadedJS.xml
----------------- Instantiating /home/travis/build/icyphy/ptII/ptolemy/actor/lib/hoc/test/auto/ThreadedJS.xml
5250 ms. Memory: 225280K Free: 99328K (44%)
----------------- Invoking toplevel() on ptolemy.moml.MoMLSimpleApplication@656d017a
----------------- Done invoking toplevel() on ptolemy.moml.MoMLSimpleApplication@656d017a
reloadAllAccessors: .ThreadedJS
AutoTests.java: About to close Vertx.
AutoTests.java: Vertx closed.
]]></system-out>
  <system-err><![CDATA[java.lang.RuntimeException: Execution failed
	at ptolemy.moml.MoMLSimpleApplication$UnloadThread.run(MoMLSimpleApplication.java:402)
Caused by: ptolemy.kernel.util.IllegalActionException: initialize() was called after wrapup() was called but preinitialize() was not called after wrapup().
	at ptolemy.actor.lib.hoc.test.PreinitializeMustBeInvoked.initialize(PreinitializeMustBeInvoked.java:78)
	at ptolemy.actor.Director.initialize(Director.java:938)
	at ptolemy.actor.Director.initialize(Director.java:907)
	at ptolemy.actor.sched.StaticSchedulingDirector.initialize(StaticSchedulingDirector.java:159)
	at ptolemy.domains.sdf.kernel.SDFDirector.initialize(SDFDirector.java:544)
	at ptolemy.actor.CompositeActor.initialize(CompositeActor.java:935)
	at ptolemy.actor.lib.hoc.LifeCycleManager._executeInsideModel(LifeCycleManager.java:339)
	at ptolemy.actor.lib.hoc.RunCompositeActor.fire(RunCompositeActor.java:205)
	at ptolemy.actor.CompositeActor.iterate(CompositeActor.java:1146)
	at ptolemy.actor.sched.StaticSchedulingDirector.fire(StaticSchedulingDirector.java:216)
	at ptolemy.domains.sdf.kernel.SDFDirector.fire(SDFDirector.java:500)
	at ptolemy.actor.CompositeActor.fire(CompositeActor.java:455)
	at ptolemy.actor.Manager.iterate(Manager.java:851)
	at ptolemy.actor.Manager.execute(Manager.java:369)
	at ptolemy.actor.Manager.run(Manager.java:1263)
	at ptolemy.actor.Manager$PtolemyRunThread.run(Manager.java:1933)
java.lang.reflect.InvocationTargetException
	at java.base/jdk.internal.reflect.NativeConstructorAccessorImpl.newInstance0(Native Method)
	at java.base/jdk.internal.reflect.NativeConstructorAccessorImpl.newInstance(NativeConstructorAccessorImpl.java:62)
	at java.base/jdk.internal.reflect.DelegatingConstructorAccessorImpl.newInstance(DelegatingConstructorAccessorImpl.java:45)
	at java.base/java.lang.reflect.Constructor.newInstance(Constructor.java:490)
	at ptolemy.util.test.junit.AutoKnownFailedTests.RunModel(AutoKnownFailedTests.java:105)
	at java.base/jdk.internal.reflect.NativeMethodAccessorImpl.invoke0(Native Method)
	at java.base/jdk.internal.reflect.NativeMethodAccessorImpl.invoke(NativeMethodAccessorImpl.java:62)
	at java.base/jdk.internal.reflect.DelegatingMethodAccessorImpl.invoke(DelegatingMethodAccessorImpl.java:43)
	at java.base/java.lang.reflect.Method.invoke(Method.java:566)
	at org.junit.runners.model.FrameworkMethod$1.runReflectiveCall(FrameworkMethod.java:44)
	at org.junit.internal.runners.model.ReflectiveCallable.run(ReflectiveCallable.java:15)
	at org.junit.runners.model.FrameworkMethod.invokeExplosively(FrameworkMethod.java:41)
	at junitparams.internal.InvokeParameterisedMethod.evaluate(InvokeParameterisedMethod.java:102)
	at org.junit.internal.runners.statements.FailOnTimeout$1.run(FailOnTimeout.java:28)
Caused by: ptolemy.kernel.util.IllegalActionException: initialize() was called after wrapup() was called but preinitialize() was not called after wrapup().
	at ptolemy.actor.lib.hoc.test.PreinitializeMustBeInvoked.initialize(PreinitializeMustBeInvoked.java:78)
	at ptolemy.actor.Director.initialize(Director.java:938)
	at ptolemy.actor.Director.initialize(Director.java:907)
	at ptolemy.actor.sched.StaticSchedulingDirector.initialize(StaticSchedulingDirector.java:159)
	at ptolemy.domains.sdf.kernel.SDFDirector.initialize(SDFDirector.java:544)
	at ptolemy.actor.CompositeActor.initialize(CompositeActor.java:935)
	at ptolemy.actor.lib.hoc.LifeCycleManager._executeInsideModel(LifeCycleManager.java:339)
	at ptolemy.actor.lib.hoc.RunCompositeActor.fire(RunCompositeActor.java:205)
	at ptolemy.actor.CompositeActor.iterate(CompositeActor.java:1146)
	at ptolemy.actor.sched.StaticSchedulingDirector.fire(StaticSchedulingDirector.java:216)
	at ptolemy.domains.sdf.kernel.SDFDirector.fire(SDFDirector.java:500)
	at ptolemy.actor.CompositeActor.fire(CompositeActor.java:455)
	at ptolemy.actor.Manager.iterate(Manager.java:851)
	at ptolemy.actor.Manager.execute(Manager.java:369)
	at ptolemy.actor.Manager.run(Manager.java:1263)
	at ptolemy.actor.Manager$PtolemyRunThread.run(Manager.java:1933)
Warning: Nashorn engine is planned to be removed from a future JDK release
Warning: Nashorn engine is planned to be removed from a future JDK release
Warning: Nashorn engine is planned to be removed from a future JDK release
Warning: Nashorn engine is planned to be removed from a future JDK release
Warning: Nashorn engine is planned to be removed from a future JDK release
Warning: Nashorn engine is planned to be removed from a future JDK release
Warning: Nashorn engine is planned to be removed from a future JDK release
Warning: Nashorn engine is planned to be removed from a future JDK release
]]></system-err>
</testsuite>
