<?xml version="1.0" encoding="UTF-8" ?>
<testsuite errors="0" failures="0" hostname="travis-job-e9db75df-60c2-4ee3-b98c-d099956025e8" name="ptolemy.actor.lib.hoc.test.junit.JUnitTclTest" skipped="0" tests="58" time="34.483" timestamp="2019-08-23T05:29:12">
  <properties>
[...]
</properties>
  <testcase classname="ptolemy.util.test.junit.TclTests" name="[0] /home/travis/build/icyphy/ptII/ptolemy/actor/lib/hoc/test/IterateOverArray.tcl (RunTclFile)" time="0.297" />
  <testcase classname="ptolemy.util.test.junit.AutoKnownFailedTests" name="[0] /home/travis/build/icyphy/ptII/ptolemy/actor/lib/hoc/test/auto/knownFailedTests/PreinitializeMustBeInvokedRunComposite.xml (RunModel)" time="0.439" />
  <testcase classname="ptolemy.util.test.junit.AutoNameArchTests" name="[0] ThereAreNoAutoArchTests (RunModel)" time="0.007" />
  <testcase classname="ptolemy.util.test.junit.AutoTests" name="[0] /home/travis/build/icyphy/ptII/ptolemy/actor/lib/hoc/test/auto/AllToAllMultiInstanceComposite.xml (RunModel)" time="0.472" />
  <testcase classname="ptolemy.util.test.junit.AutoTests" name="[1] /home/travis/build/icyphy/ptII/ptolemy/actor/lib/hoc/test/auto/ApplyFFTTest.xml (RunModel)" time="0.464" />
  <testcase classname="ptolemy.util.test.junit.AutoTests" name="[2] /home/travis/build/icyphy/ptII/ptolemy/actor/lib/hoc/test/auto/ApplyFunction.xml (RunModel)" time="0.075" />
  <testcase classname="ptolemy.util.test.junit.AutoTests" name="[3] /home/travis/build/icyphy/ptII/ptolemy/actor/lib/hoc/test/auto/BackgroundExecution.xml (RunModel)" time="0.705" />
  <testcase classname="ptolemy.util.test.junit.AutoTests" name="[4] /home/travis/build/icyphy/ptII/ptolemy/actor/lib/hoc/test/auto/Case.xml (RunModel)" time="0.097" />
  <testcase classname="ptolemy.util.test.junit.AutoTests" name="[5] /home/travis/build/icyphy/ptII/ptolemy/actor/lib/hoc/test/auto/Case1.xml (RunModel)" time="0.055" />
  <testcase classname="ptolemy.util.test.junit.AutoTests" name="[6] /home/travis/build/icyphy/ptII/ptolemy/actor/lib/hoc/test/auto/Case2.xml (RunModel)" time="0.115" />
  <testcase classname="ptolemy.util.test.junit.AutoTests" name="[7] /home/travis/build/icyphy/ptII/ptolemy/actor/lib/hoc/test/auto/Case3.xml (RunModel)" time="0.053" />
  <testcase classname="ptolemy.util.test.junit.AutoTests" name="[8] /home/travis/build/icyphy/ptII/ptolemy/actor/lib/hoc/test/auto/Case4.xml (RunModel)" time="0.092" />
  <testcase classname="ptolemy.util.test.junit.AutoTests" name="[9] /home/travis/build/icyphy/ptII/ptolemy/actor/lib/hoc/test/auto/Case5.xml (RunModel)" time="0.073" />
  <testcase classname="ptolemy.util.test.junit.AutoTests" name="[10] /home/travis/build/icyphy/ptII/ptolemy/actor/lib/hoc/test/auto/Case6.xml (RunModel)" time="0.117" />
  <testcase classname="ptolemy.util.test.junit.AutoTests" name="[11] /home/travis/build/icyphy/ptII/ptolemy/actor/lib/hoc/test/auto/CaseString2.xml (RunModel)" time="0.074" />
  <testcase classname="ptolemy.util.test.junit.AutoTests" name="[12] /home/travis/build/icyphy/ptII/ptolemy/actor/lib/hoc/test/auto/CatchUpComposite1.xml (RunModel)" time="0.114" />
  <testcase classname="ptolemy.util.test.junit.AutoTests" name="[13] /home/travis/build/icyphy/ptII/ptolemy/actor/lib/hoc/test/auto/CatchUpComposite2.xml (RunModel)" time="0.088" />
  <testcase classname="ptolemy.util.test.junit.AutoTests" name="[14] /home/travis/build/icyphy/ptII/ptolemy/actor/lib/hoc/test/auto/CatchUpComposite3.xml (RunModel)" time="0.079" />
  <testcase classname="ptolemy.util.test.junit.AutoTests" name="[15] /home/travis/build/icyphy/ptII/ptolemy/actor/lib/hoc/test/auto/CatchUpComposite4.xml (RunModel)" time="0.069" />
  <testcase classname="ptolemy.util.test.junit.AutoTests" name="[16] /home/travis/build/icyphy/ptII/ptolemy/actor/lib/hoc/test/auto/CatchUpComposite5.xml (RunModel)" time="0.057" />
  <testcase classname="ptolemy.util.test.junit.AutoTests" name="[17] /home/travis/build/icyphy/ptII/ptolemy/actor/lib/hoc/test/auto/CatchUpComposite6.xml (RunModel)" time="0.16" />
  <testcase classname="ptolemy.util.test.junit.AutoTests" name="[18] /home/travis/build/icyphy/ptII/ptolemy/actor/lib/hoc/test/auto/CatchUpComposite7.xml (RunModel)" time="0.122" />
  <testcase classname="ptolemy.util.test.junit.AutoTests" name="[19] /home/travis/build/icyphy/ptII/ptolemy/actor/lib/hoc/test/auto/ConcurrentExecutionTimeSDF.xml (RunModel)" time="1.073" />
  <testcase classname="ptolemy.util.test.junit.AutoTests" name="[20] /home/travis/build/icyphy/ptII/ptolemy/actor/lib/hoc/test/auto/ConcurrentSleep.xml (RunModel)" time="0.77" />
  <testcase classname="ptolemy.util.test.junit.AutoTests" name="[21] /home/travis/build/icyphy/ptII/ptolemy/actor/lib/hoc/test/auto/DEInPNInRunCompositeActor.xml (RunModel)" time="0.041" />
  <testcase classname="ptolemy.util.test.junit.AutoTests" name="[22] /home/travis/build/icyphy/ptII/ptolemy/actor/lib/hoc/test/auto/DFTSubSetTest.xml (RunModel)" time="0.245" />
  <testcase classname="ptolemy.util.test.junit.AutoTests" name="[23] /home/travis/build/icyphy/ptII/ptolemy/actor/lib/hoc/test/auto/HocDE.xml (RunModel)" time="0.199" />
  <testcase classname="ptolemy.util.test.junit.AutoTests" name="[24] /home/travis/build/icyphy/ptII/ptolemy/actor/lib/hoc/test/auto/IterateOverArray.xml (RunModel)" time="0.037" />
  <testcase classname="ptolemy.util.test.junit.AutoTests" name="[25] /home/travis/build/icyphy/ptII/ptolemy/actor/lib/hoc/test/auto/IterateOverArray10.xml (RunModel)" time="0.024" />
  <testcase classname="ptolemy.util.test.junit.AutoTests" name="[26] /home/travis/build/icyphy/ptII/ptolemy/actor/lib/hoc/test/auto/IterateOverArray11.xml (RunModel)" time="0.023" />
  <testcase classname="ptolemy.util.test.junit.AutoTests" name="[27] /home/travis/build/icyphy/ptII/ptolemy/actor/lib/hoc/test/auto/IterateOverArray12.xml (RunModel)" time="0.041" />
  <testcase classname="ptolemy.util.test.junit.AutoTests" name="[28] /home/travis/build/icyphy/ptII/ptolemy/actor/lib/hoc/test/auto/IterateOverArray13.xml (RunModel)" time="0.132" />
  <testcase classname="ptolemy.util.test.junit.AutoTests" name="[29] /home/travis/build/icyphy/ptII/ptolemy/actor/lib/hoc/test/auto/IterateOverArray14.xml (RunModel)" time="0.143" />
  <testcase classname="ptolemy.util.test.junit.AutoTests" name="[30] /home/travis/build/icyphy/ptII/ptolemy/actor/lib/hoc/test/auto/IterateOverArray2.xml (RunModel)" time="0.036" />
  <testcase classname="ptolemy.util.test.junit.AutoTests" name="[31] /home/travis/build/icyphy/ptII/ptolemy/actor/lib/hoc/test/auto/IterateOverArray3.xml (RunModel)" time="0.052" />
  <testcase classname="ptolemy.util.test.junit.AutoTests" name="[32] /home/travis/build/icyphy/ptII/ptolemy/actor/lib/hoc/test/auto/IterateOverArray4.xml (RunModel)" time="0.028" />
  <testcase classname="ptolemy.util.test.junit.AutoTests" name="[33] /home/travis/build/icyphy/ptII/ptolemy/actor/lib/hoc/test/auto/IterateOverArray5.xml (RunModel)" time="0.019" />
  <testcase classname="ptolemy.util.test.junit.AutoTests" name="[34] /home/travis/build/icyphy/ptII/ptolemy/actor/lib/hoc/test/auto/IterateOverArray6.xml (RunModel)" time="0.018" />
  <testcase classname="ptolemy.util.test.junit.AutoTests" name="[35] /home/travis/build/icyphy/ptII/ptolemy/actor/lib/hoc/test/auto/IterateOverArray7.xml (RunModel)" time="0.025" />
  <testcase classname="ptolemy.util.test.junit.AutoTests" name="[36] /home/travis/build/icyphy/ptII/ptolemy/actor/lib/hoc/test/auto/IterateOverArray8.xml (RunModel)" time="0.025" />
  <testcase classname="ptolemy.util.test.junit.AutoTests" name="[37] /home/travis/build/icyphy/ptII/ptolemy/actor/lib/hoc/test/auto/IterateOverArray9.xml (RunModel)" time="0.034" />
  <testcase classname="ptolemy.util.test.junit.AutoTests" name="[38] /home/travis/build/icyphy/ptII/ptolemy/actor/lib/hoc/test/auto/IterateOverArrayCoercedOutputType.xml (RunModel)" time="0.038" />
  <testcase classname="ptolemy.util.test.junit.AutoTests" name="[39] /home/travis/build/icyphy/ptII/ptolemy/actor/lib/hoc/test/auto/IterateOverArrayInferredOutputType.xml (RunModel)" time="0.043" />
  <testcase classname="ptolemy.util.test.junit.AutoTests" name="[40] /home/travis/build/icyphy/ptII/ptolemy/actor/lib/hoc/test/auto/MobileFunctionTest.xml (RunModel)" time="0.028" />
  <testcase classname="ptolemy.util.test.junit.AutoTests" name="[41] /home/travis/build/icyphy/ptII/ptolemy/actor/lib/hoc/test/auto/MobileModelTest.xml (RunModel)" time="0.185" />
  <testcase classname="ptolemy.util.test.junit.AutoTests" name="[42] /home/travis/build/icyphy/ptII/ptolemy/actor/lib/hoc/test/auto/ModelReference.xml (RunModel)" time="0.09" />
  <testcase classname="ptolemy.util.test.junit.AutoTests" name="[43] /home/travis/build/icyphy/ptII/ptolemy/actor/lib/hoc/test/auto/ModelReference3.xml (RunModel)" time="0.075" />
  <testcase classname="ptolemy.util.test.junit.AutoTests" name="[44] /home/travis/build/icyphy/ptII/ptolemy/actor/lib/hoc/test/auto/ModelReference4.xml (RunModel)" time="10.035" />
  <testcase classname="ptolemy.util.test.junit.AutoTests" name="[45] /home/travis/build/icyphy/ptII/ptolemy/actor/lib/hoc/test/auto/MultiInstanceComposite.xml (RunModel)" time="0.07" />
  <testcase classname="ptolemy.util.test.junit.AutoTests" name="[46] /home/travis/build/icyphy/ptII/ptolemy/actor/lib/hoc/test/auto/MultiInstanceComposite2.xml (RunModel)" time="0.054" />
  <testcase classname="ptolemy.util.test.junit.AutoTests" name="[47] /home/travis/build/icyphy/ptII/ptolemy/actor/lib/hoc/test/auto/MulticoreExecution.xml (RunModel)" time="1.104" />
  <testcase classname="ptolemy.util.test.junit.AutoTests" name="[48] /home/travis/build/icyphy/ptII/ptolemy/actor/lib/hoc/test/auto/ParallelExecution.xml (RunModel)" time="0.944" />
  <testcase classname="ptolemy.util.test.junit.AutoTests" name="[49] /home/travis/build/icyphy/ptII/ptolemy/actor/lib/hoc/test/auto/RunCompositeActor.xml (RunModel)" time="0.025" />
  <testcase classname="ptolemy.util.test.junit.AutoTests" name="[50] /home/travis/build/icyphy/ptII/ptolemy/actor/lib/hoc/test/auto/RunCompositeActor2.xml (RunModel)" time="0.024" />
  <testcase classname="ptolemy.util.test.junit.AutoTests" name="[51] /home/travis/build/icyphy/ptII/ptolemy/actor/lib/hoc/test/auto/RunCompositeActor3.xml (RunModel)" time="0.022" />
  <testcase classname="ptolemy.util.test.junit.AutoTests" name="[52] /home/travis/build/icyphy/ptII/ptolemy/actor/lib/hoc/test/auto/RunCompositeActor4.xml (RunModel)" time="0.033" />
  <testcase classname="ptolemy.util.test.junit.AutoTests" name="[53] /home/travis/build/icyphy/ptII/ptolemy/actor/lib/hoc/test/auto/RunCompositeIterateOverArray.xml (RunModel)" time="0.028" />
  <testcase classname="ptolemy.util.test.junit.AutoTests" name="[54] /home/travis/build/icyphy/ptII/ptolemy/actor/lib/hoc/test/auto/ThreadedJS.xml (RunModel)" time="14.147" />
  <system-out><![CDATA[/home/travis/build/icyphy/ptII/ptolemy/actor/lib/hoc/test/IterateOverArray.tcl
testDefs.tcl: setting time out to 9000 seconds at Fri Aug 23 05:29:12 UTC 2019
08/23/19 05:29:12
Failed: 0  Total Tests: 2  ((Passed: 2, Newly Passed: 0)  Known Failed: 0) /home/travis/build/icyphy/ptII/ptolemy/actor/lib/hoc/test
----------------- testing (KnownFailure) /home/travis/build/icyphy/ptII/ptolemy/actor/lib/hoc/test/auto/knownFailedTests/PreinitializeMustBeInvokedRunComposite.xml
128 ms. Memory: 120832K Free: 79816K (66%)
Known Failure: java.lang.reflect.InvocationTargetException
No auto/linux-amd64/*.xml tests in /home/travis/build/icyphy/ptII/ptolemy/actor/lib/hoc/test
AutoTests.java: About to close Vertx.
AutoTests.java: Vertx closed.

===========================================================================================
----------------- testing Fri Aug 23 05:29:13 UTC 2019 /home/travis/build/icyphy/ptII/ptolemy/actor/lib/hoc/test/auto/AllToAllMultiInstanceComposite.xml
----------------- Instantiating /home/travis/build/icyphy/ptII/ptolemy/actor/lib/hoc/test/auto/AllToAllMultiInstanceComposite.xml
221 ms. Memory: 120832K Free: 95245K (79%)
----------------- Invoking toplevel() on ptolemy.moml.MoMLSimpleApplication@38c35462
----------------- Done invoking toplevel() on ptolemy.moml.MoMLSimpleApplication@38c35462
reloadAllAccessors: .AllToAllMultiInstanceComposite

===========================================================================================
----------------- testing Fri Aug 23 05:29:14 UTC 2019 /home/travis/build/icyphy/ptII/ptolemy/actor/lib/hoc/test/auto/ApplyFFTTest.xml
----------------- Instantiating /home/travis/build/icyphy/ptII/ptolemy/actor/lib/hoc/test/auto/ApplyFFTTest.xml
174 ms. Memory: 120832K Free: 101141K (84%)
----------------- Invoking toplevel() on ptolemy.moml.MoMLSimpleApplication@2f5f3795
----------------- Done invoking toplevel() on ptolemy.moml.MoMLSimpleApplication@2f5f3795
reloadAllAccessors: .ApplyFFTTest

===========================================================================================
----------------- testing Fri Aug 23 05:29:14 UTC 2019 /home/travis/build/icyphy/ptII/ptolemy/actor/lib/hoc/test/auto/ApplyFunction.xml
----------------- Instantiating /home/travis/build/icyphy/ptII/ptolemy/actor/lib/hoc/test/auto/ApplyFunction.xml
10 ms. Memory: 120832K Free: 97798K (81%)
----------------- Invoking toplevel() on ptolemy.moml.MoMLSimpleApplication@5c7e590c
----------------- Done invoking toplevel() on ptolemy.moml.MoMLSimpleApplication@5c7e590c
reloadAllAccessors: .ApplyFunction

===========================================================================================
----------------- testing Fri Aug 23 05:29:14 UTC 2019 /home/travis/build/icyphy/ptII/ptolemy/actor/lib/hoc/test/auto/BackgroundExecution.xml
----------------- Instantiating /home/travis/build/icyphy/ptII/ptolemy/actor/lib/hoc/test/auto/BackgroundExecution.xml
634 ms. Memory: 120832K Free: 90659K (75%)
----------------- Invoking toplevel() on ptolemy.moml.MoMLSimpleApplication@16b3fc02
----------------- Done invoking toplevel() on ptolemy.moml.MoMLSimpleApplication@16b3fc02
reloadAllAccessors: .BackgroundExecution

===========================================================================================
----------------- testing Fri Aug 23 05:29:15 UTC 2019 /home/travis/build/icyphy/ptII/ptolemy/actor/lib/hoc/test/auto/Case.xml
----------------- Instantiating /home/travis/build/icyphy/ptII/ptolemy/actor/lib/hoc/test/auto/Case.xml
40 ms. Memory: 120832K Free: 83159K (69%)
----------------- Invoking toplevel() on ptolemy.moml.MoMLSimpleApplication@138ea85b
----------------- Done invoking toplevel() on ptolemy.moml.MoMLSimpleApplication@138ea85b
reloadAllAccessors: .Case

===========================================================================================
----------------- testing Fri Aug 23 05:29:15 UTC 2019 /home/travis/build/icyphy/ptII/ptolemy/actor/lib/hoc/test/auto/Case1.xml
----------------- Instantiating /home/travis/build/icyphy/ptII/ptolemy/actor/lib/hoc/test/auto/Case1.xml
18 ms. Memory: 120832K Free: 76790K (64%)
----------------- Invoking toplevel() on ptolemy.moml.MoMLSimpleApplication@122ea090
----------------- Done invoking toplevel() on ptolemy.moml.MoMLSimpleApplication@122ea090
reloadAllAccessors: .Case1

===========================================================================================
----------------- testing Fri Aug 23 05:29:15 UTC 2019 /home/travis/build/icyphy/ptII/ptolemy/actor/lib/hoc/test/auto/Case2.xml
----------------- Instantiating /home/travis/build/icyphy/ptII/ptolemy/actor/lib/hoc/test/auto/Case2.xml
51 ms. Memory: 120832K Free: 100197K (83%)
----------------- Invoking toplevel() on ptolemy.moml.MoMLSimpleApplication@3bff5b46
----------------- Done invoking toplevel() on ptolemy.moml.MoMLSimpleApplication@3bff5b46
reloadAllAccessors: .Case2

===========================================================================================
----------------- testing Fri Aug 23 05:29:15 UTC 2019 /home/travis/build/icyphy/ptII/ptolemy/actor/lib/hoc/test/auto/Case3.xml
----------------- Instantiating /home/travis/build/icyphy/ptII/ptolemy/actor/lib/hoc/test/auto/Case3.xml
10 ms. Memory: 120832K Free: 94037K (78%)
----------------- Invoking toplevel() on ptolemy.moml.MoMLSimpleApplication@58ecf98e
----------------- Done invoking toplevel() on ptolemy.moml.MoMLSimpleApplication@58ecf98e
reloadAllAccessors: .Case3

===========================================================================================
----------------- testing Fri Aug 23 05:29:15 UTC 2019 /home/travis/build/icyphy/ptII/ptolemy/actor/lib/hoc/test/auto/Case4.xml
----------------- Instantiating /home/travis/build/icyphy/ptII/ptolemy/actor/lib/hoc/test/auto/Case4.xml
21 ms. Memory: 120832K Free: 86523K (72%)
----------------- Invoking toplevel() on ptolemy.moml.MoMLSimpleApplication@13454795
----------------- Done invoking toplevel() on ptolemy.moml.MoMLSimpleApplication@13454795
reloadAllAccessors: .Case4

===========================================================================================
----------------- testing Fri Aug 23 05:29:15 UTC 2019 /home/travis/build/icyphy/ptII/ptolemy/actor/lib/hoc/test/auto/Case5.xml
----------------- Instantiating /home/travis/build/icyphy/ptII/ptolemy/actor/lib/hoc/test/auto/Case5.xml
33 ms. Memory: 120832K Free: 80370K (67%)
----------------- Invoking toplevel() on ptolemy.moml.MoMLSimpleApplication@5ab4bae9
----------------- Done invoking toplevel() on ptolemy.moml.MoMLSimpleApplication@5ab4bae9
reloadAllAccessors: .junk

===========================================================================================
----------------- testing Fri Aug 23 05:29:15 UTC 2019 /home/travis/build/icyphy/ptII/ptolemy/actor/lib/hoc/test/auto/Case6.xml
----------------- Instantiating /home/travis/build/icyphy/ptII/ptolemy/actor/lib/hoc/test/auto/Case6.xml
50 ms. Memory: 120832K Free: 68453K (57%)
----------------- Invoking toplevel() on ptolemy.moml.MoMLSimpleApplication@701f8f5b
----------------- Done invoking toplevel() on ptolemy.moml.MoMLSimpleApplication@701f8f5b
reloadAllAccessors: .Case6

===========================================================================================
----------------- testing Fri Aug 23 05:29:16 UTC 2019 /home/travis/build/icyphy/ptII/ptolemy/actor/lib/hoc/test/auto/CaseString2.xml
----------------- Instantiating /home/travis/build/icyphy/ptII/ptolemy/actor/lib/hoc/test/auto/CaseString2.xml
36 ms. Memory: 120832K Free: 106096K (88%)
----------------- Invoking toplevel() on ptolemy.moml.MoMLSimpleApplication@6bfcf0a7
----------------- Done invoking toplevel() on ptolemy.moml.MoMLSimpleApplication@6bfcf0a7
reloadAllAccessors: .CaseString2

===========================================================================================
----------------- testing Fri Aug 23 05:29:16 UTC 2019 /home/travis/build/icyphy/ptII/ptolemy/actor/lib/hoc/test/auto/CatchUpComposite1.xml
----------------- Instantiating /home/travis/build/icyphy/ptII/ptolemy/actor/lib/hoc/test/auto/CatchUpComposite1.xml
40 ms. Memory: 120832K Free: 96880K (80%)
----------------- Invoking toplevel() on ptolemy.moml.MoMLSimpleApplication@781debbd
----------------- Done invoking toplevel() on ptolemy.moml.MoMLSimpleApplication@781debbd
reloadAllAccessors: .CatchUpComposite1

===========================================================================================
----------------- testing Fri Aug 23 05:29:16 UTC 2019 /home/travis/build/icyphy/ptII/ptolemy/actor/lib/hoc/test/auto/CatchUpComposite2.xml
----------------- Instantiating /home/travis/build/icyphy/ptII/ptolemy/actor/lib/hoc/test/auto/CatchUpComposite2.xml
22 ms. Memory: 120832K Free: 88688K (73%)
----------------- Invoking toplevel() on ptolemy.moml.MoMLSimpleApplication@62b28f89
----------------- Done invoking toplevel() on ptolemy.moml.MoMLSimpleApplication@62b28f89
reloadAllAccessors: .CatchUpComposite2

===========================================================================================
----------------- testing Fri Aug 23 05:29:16 UTC 2019 /home/travis/build/icyphy/ptII/ptolemy/actor/lib/hoc/test/auto/CatchUpComposite3.xml
----------------- Instantiating /home/travis/build/icyphy/ptII/ptolemy/actor/lib/hoc/test/auto/CatchUpComposite3.xml
29 ms. Memory: 120832K Free: 80139K (66%)
----------------- Invoking toplevel() on ptolemy.moml.MoMLSimpleApplication@4eb8b9dd
----------------- Done invoking toplevel() on ptolemy.moml.MoMLSimpleApplication@4eb8b9dd
reloadAllAccessors: .CatchUpComposite3

===========================================================================================
----------------- testing Fri Aug 23 05:29:16 UTC 2019 /home/travis/build/icyphy/ptII/ptolemy/actor/lib/hoc/test/auto/CatchUpComposite4.xml
----------------- Instantiating /home/travis/build/icyphy/ptII/ptolemy/actor/lib/hoc/test/auto/CatchUpComposite4.xml
18 ms. Memory: 120832K Free: 72304K (60%)
----------------- Invoking toplevel() on ptolemy.moml.MoMLSimpleApplication@2cf01f5c
----------------- Done invoking toplevel() on ptolemy.moml.MoMLSimpleApplication@2cf01f5c
reloadAllAccessors: .CatchUpComposite4

===========================================================================================
----------------- testing Fri Aug 23 05:29:16 UTC 2019 /home/travis/build/icyphy/ptII/ptolemy/actor/lib/hoc/test/auto/CatchUpComposite5.xml
----------------- Instantiating /home/travis/build/icyphy/ptII/ptolemy/actor/lib/hoc/test/auto/CatchUpComposite5.xml
18 ms. Memory: 120832K Free: 64757K (54%)
----------------- Invoking toplevel() on ptolemy.moml.MoMLSimpleApplication@6f754f6a
----------------- Done invoking toplevel() on ptolemy.moml.MoMLSimpleApplication@6f754f6a
reloadAllAccessors: .CatchUpComposite5

===========================================================================================
----------------- testing Fri Aug 23 05:29:16 UTC 2019 /home/travis/build/icyphy/ptII/ptolemy/actor/lib/hoc/test/auto/CatchUpComposite6.xml
----------------- Instantiating /home/travis/build/icyphy/ptII/ptolemy/actor/lib/hoc/test/auto/CatchUpComposite6.xml
WARNING: The execution aspects in this model can influence the timing of actors by delaying the 
execution, potentially changing the behavior. There is no guarantee that actors fire at the 
time they request to be fired. 
Use Ptides for deterministic DE behavior that is not influenced by execution aspects. 

78 ms. Memory: 159744K Free: 142399K (89%)
----------------- Invoking toplevel() on ptolemy.moml.MoMLSimpleApplication@15511444
----------------- Done invoking toplevel() on ptolemy.moml.MoMLSimpleApplication@15511444
reloadAllAccessors: .CatchUpComposite6

===========================================================================================
----------------- testing Fri Aug 23 05:29:16 UTC 2019 /home/travis/build/icyphy/ptII/ptolemy/actor/lib/hoc/test/auto/CatchUpComposite7.xml
----------------- Instantiating /home/travis/build/icyphy/ptII/ptolemy/actor/lib/hoc/test/auto/CatchUpComposite7.xml
WARNING: The execution aspects in this model can influence the timing of actors by delaying the 
execution, potentially changing the behavior. There is no guarantee that actors fire at the 
time they request to be fired. 
Use Ptides for deterministic DE behavior that is not influenced by execution aspects. 

55 ms. Memory: 159744K Free: 128495K (80%)
----------------- Invoking toplevel() on ptolemy.moml.MoMLSimpleApplication@4d101455
----------------- Done invoking toplevel() on ptolemy.moml.MoMLSimpleApplication@4d101455
reloadAllAccessors: .CatchUpComposite7

===========================================================================================
----------------- testing Fri Aug 23 05:29:16 UTC 2019 /home/travis/build/icyphy/ptII/ptolemy/actor/lib/hoc/test/auto/ConcurrentExecutionTimeSDF.xml
----------------- Instantiating /home/travis/build/icyphy/ptII/ptolemy/actor/lib/hoc/test/auto/ConcurrentExecutionTimeSDF.xml
Fired ExecutionTime: 40400000
Fired ExecutionTime: 40400000
Fired ExecutionTime: 40400000
Fired ExecutionTime: 40400000
Fired ExecutionTime: 40400000
Fired ExecutionTime: 40400000
Fired ExecutionTime: 40400000
Fired ExecutionTime: 40400000
Fired ExecutionTime: 40400000
Fired ExecutionTime: 40400000
Fired ExecutionTime: 40400000
Fired ExecutionTime: 40400000
Fired ExecutionTime: 40400000
Fired ExecutionTime: 40400000
Fired ExecutionTime: 40400000
Fired ExecutionTime: 40400000
Fired ExecutionTime: 40400000
Fired ExecutionTime: 40400000
Fired ExecutionTime: 40400000
Fired ExecutionTime: 40400000
1034 ms. Memory: 159744K Free: 121703K (76%)
----------------- Invoking toplevel() on ptolemy.moml.MoMLSimpleApplication@1ff2f4a3
----------------- Done invoking toplevel() on ptolemy.moml.MoMLSimpleApplication@1ff2f4a3
reloadAllAccessors: .ConcurrentExecutionTimeSDF

===========================================================================================
----------------- testing Fri Aug 23 05:29:17 UTC 2019 /home/travis/build/icyphy/ptII/ptolemy/actor/lib/hoc/test/auto/ConcurrentSleep.xml
----------------- Instantiating /home/travis/build/icyphy/ptII/ptolemy/actor/lib/hoc/test/auto/ConcurrentSleep.xml
732 ms. Memory: 159744K Free: 111141K (70%)
----------------- Invoking toplevel() on ptolemy.moml.MoMLSimpleApplication@7e7ffb19
----------------- Done invoking toplevel() on ptolemy.moml.MoMLSimpleApplication@7e7ffb19
reloadAllAccessors: .ConcurrentSleep

===========================================================================================
----------------- testing Fri Aug 23 05:29:18 UTC 2019 /home/travis/build/icyphy/ptII/ptolemy/actor/lib/hoc/test/auto/DEInPNInRunCompositeActor.xml
----------------- Instantiating /home/travis/build/icyphy/ptII/ptolemy/actor/lib/hoc/test/auto/DEInPNInRunCompositeActor.xml
18 ms. Memory: 159744K Free: 105967K (66%)
----------------- Invoking toplevel() on ptolemy.moml.MoMLSimpleApplication@5d530445
----------------- Done invoking toplevel() on ptolemy.moml.MoMLSimpleApplication@5d530445
reloadAllAccessors: .DEInPNInRunCompositeActor

===========================================================================================
----------------- testing Fri Aug 23 05:29:18 UTC 2019 /home/travis/build/icyphy/ptII/ptolemy/actor/lib/hoc/test/auto/DFTSubSetTest.xml
----------------- Instantiating /home/travis/build/icyphy/ptII/ptolemy/actor/lib/hoc/test/auto/DFTSubSetTest.xml
153 ms. Memory: 159744K Free: 127265K (80%)
----------------- Invoking toplevel() on ptolemy.moml.MoMLSimpleApplication@57f73967
----------------- Done invoking toplevel() on ptolemy.moml.MoMLSimpleApplication@57f73967
reloadAllAccessors: .DFTSubSetTest

===========================================================================================
----------------- testing Fri Aug 23 05:29:18 UTC 2019 /home/travis/build/icyphy/ptII/ptolemy/actor/lib/hoc/test/auto/HocDE.xml
----------------- Instantiating /home/travis/build/icyphy/ptII/ptolemy/actor/lib/hoc/test/auto/HocDE.xml
146 ms. Memory: 159744K Free: 101920K (64%)
----------------- Invoking toplevel() on ptolemy.moml.MoMLSimpleApplication@227a7dc9
----------------- Done invoking toplevel() on ptolemy.moml.MoMLSimpleApplication@227a7dc9
reloadAllAccessors: .HocDE

===========================================================================================
----------------- testing Fri Aug 23 05:29:19 UTC 2019 /home/travis/build/icyphy/ptII/ptolemy/actor/lib/hoc/test/auto/IterateOverArray.xml
----------------- Instantiating /home/travis/build/icyphy/ptII/ptolemy/actor/lib/hoc/test/auto/IterateOverArray.xml
6 ms. Memory: 159744K Free: 97407K (61%)
----------------- Invoking toplevel() on ptolemy.moml.MoMLSimpleApplication@42eefed5
----------------- Done invoking toplevel() on ptolemy.moml.MoMLSimpleApplication@42eefed5
reloadAllAccessors: .IterateOverArray

===========================================================================================
----------------- testing Fri Aug 23 05:29:19 UTC 2019 /home/travis/build/icyphy/ptII/ptolemy/actor/lib/hoc/test/auto/IterateOverArray10.xml
----------------- Instantiating /home/travis/build/icyphy/ptII/ptolemy/actor/lib/hoc/test/auto/IterateOverArray10.xml
8 ms. Memory: 159744K Free: 94108K (59%)
----------------- Invoking toplevel() on ptolemy.moml.MoMLSimpleApplication@711e3287
----------------- Done invoking toplevel() on ptolemy.moml.MoMLSimpleApplication@711e3287
reloadAllAccessors: .IterateOverArray10

===========================================================================================
----------------- testing Fri Aug 23 05:29:19 UTC 2019 /home/travis/build/icyphy/ptII/ptolemy/actor/lib/hoc/test/auto/IterateOverArray11.xml
----------------- Instantiating /home/travis/build/icyphy/ptII/ptolemy/actor/lib/hoc/test/auto/IterateOverArray11.xml
4 ms. Memory: 159744K Free: 90263K (57%)
----------------- Invoking toplevel() on ptolemy.moml.MoMLSimpleApplication@7374289b
----------------- Done invoking toplevel() on ptolemy.moml.MoMLSimpleApplication@7374289b
reloadAllAccessors: .IterateOverArray11

===========================================================================================
----------------- testing Fri Aug 23 05:29:19 UTC 2019 /home/travis/build/icyphy/ptII/ptolemy/actor/lib/hoc/test/auto/IterateOverArray12.xml
----------------- Instantiating /home/travis/build/icyphy/ptII/ptolemy/actor/lib/hoc/test/auto/IterateOverArray12.xml
16 ms. Memory: 159744K Free: 84512K (53%)
----------------- Invoking toplevel() on ptolemy.moml.MoMLSimpleApplication@7f75299d
----------------- Done invoking toplevel() on ptolemy.moml.MoMLSimpleApplication@7f75299d
reloadAllAccessors: .IterateOverArray12

===========================================================================================
----------------- testing Fri Aug 23 05:29:19 UTC 2019 /home/travis/build/icyphy/ptII/ptolemy/actor/lib/hoc/test/auto/IterateOverArray13.xml
----------------- Instantiating /home/travis/build/icyphy/ptII/ptolemy/actor/lib/hoc/test/auto/IterateOverArray13.xml
63 ms. Memory: 159744K Free: 133073K (83%)
----------------- Invoking toplevel() on ptolemy.moml.MoMLSimpleApplication@6ca5df3f
----------------- Done invoking toplevel() on ptolemy.moml.MoMLSimpleApplication@6ca5df3f
reloadAllAccessors: .IterateOverArray13

===========================================================================================
----------------- testing Fri Aug 23 05:29:19 UTC 2019 /home/travis/build/icyphy/ptII/ptolemy/actor/lib/hoc/test/auto/IterateOverArray14.xml
----------------- Instantiating /home/travis/build/icyphy/ptII/ptolemy/actor/lib/hoc/test/auto/IterateOverArray14.xml
65 ms. Memory: 159744K Free: 99281K (62%)
----------------- Invoking toplevel() on ptolemy.moml.MoMLSimpleApplication@425310ef
----------------- Done invoking toplevel() on ptolemy.moml.MoMLSimpleApplication@425310ef
reloadAllAccessors: .IterateOverArray14

===========================================================================================
----------------- testing Fri Aug 23 05:29:19 UTC 2019 /home/travis/build/icyphy/ptII/ptolemy/actor/lib/hoc/test/auto/IterateOverArray2.xml
----------------- Instantiating /home/travis/build/icyphy/ptII/ptolemy/actor/lib/hoc/test/auto/IterateOverArray2.xml
10 ms. Memory: 159744K Free: 94701K (59%)
----------------- Invoking toplevel() on ptolemy.moml.MoMLSimpleApplication@32f03f9a
----------------- Done invoking toplevel() on ptolemy.moml.MoMLSimpleApplication@32f03f9a
reloadAllAccessors: .IterateOverArray2

===========================================================================================
----------------- testing Fri Aug 23 05:29:19 UTC 2019 /home/travis/build/icyphy/ptII/ptolemy/actor/lib/hoc/test/auto/IterateOverArray3.xml
----------------- Instantiating /home/travis/build/icyphy/ptII/ptolemy/actor/lib/hoc/test/auto/IterateOverArray3.xml
22 ms. Memory: 159744K Free: 88567K (55%)
----------------- Invoking toplevel() on ptolemy.moml.MoMLSimpleApplication@738dd96
----------------- Done invoking toplevel() on ptolemy.moml.MoMLSimpleApplication@738dd96
reloadAllAccessors: .IterateOverArray3

===========================================================================================
----------------- testing Fri Aug 23 05:29:19 UTC 2019 /home/travis/build/icyphy/ptII/ptolemy/actor/lib/hoc/test/auto/IterateOverArray4.xml
----------------- Instantiating /home/travis/build/icyphy/ptII/ptolemy/actor/lib/hoc/test/auto/IterateOverArray4.xml
6 ms. Memory: 159744K Free: 84485K (53%)
----------------- Invoking toplevel() on ptolemy.moml.MoMLSimpleApplication@6ddd63d0
----------------- Done invoking toplevel() on ptolemy.moml.MoMLSimpleApplication@6ddd63d0
reloadAllAccessors: .IterateOverArray4

===========================================================================================
----------------- testing Fri Aug 23 05:29:19 UTC 2019 /home/travis/build/icyphy/ptII/ptolemy/actor/lib/hoc/test/auto/IterateOverArray5.xml
----------------- Instantiating /home/travis/build/icyphy/ptII/ptolemy/actor/lib/hoc/test/auto/IterateOverArray5.xml
4 ms. Memory: 159744K Free: 80365K (50%)
----------------- Invoking toplevel() on ptolemy.moml.MoMLSimpleApplication@366f9377
----------------- Done invoking toplevel() on ptolemy.moml.MoMLSimpleApplication@366f9377
reloadAllAccessors: .IterateOverArray5

===========================================================================================
----------------- testing Fri Aug 23 05:29:19 UTC 2019 /home/travis/build/icyphy/ptII/ptolemy/actor/lib/hoc/test/auto/IterateOverArray6.xml
----------------- Instantiating /home/travis/build/icyphy/ptII/ptolemy/actor/lib/hoc/test/auto/IterateOverArray6.xml
4 ms. Memory: 159744K Free: 76739K (48%)
----------------- Invoking toplevel() on ptolemy.moml.MoMLSimpleApplication@a597287
----------------- Done invoking toplevel() on ptolemy.moml.MoMLSimpleApplication@a597287
reloadAllAccessors: .IterateOverArray6

===========================================================================================
----------------- testing Fri Aug 23 05:29:19 UTC 2019 /home/travis/build/icyphy/ptII/ptolemy/actor/lib/hoc/test/auto/IterateOverArray7.xml
----------------- Instantiating /home/travis/build/icyphy/ptII/ptolemy/actor/lib/hoc/test/auto/IterateOverArray7.xml
4 ms. Memory: 159744K Free: 72181K (45%)
----------------- Invoking toplevel() on ptolemy.moml.MoMLSimpleApplication@7580407b
----------------- Done invoking toplevel() on ptolemy.moml.MoMLSimpleApplication@7580407b
reloadAllAccessors: .IterateOverArray7

===========================================================================================
----------------- testing Fri Aug 23 05:29:19 UTC 2019 /home/travis/build/icyphy/ptII/ptolemy/actor/lib/hoc/test/auto/IterateOverArray8.xml
----------------- Instantiating /home/travis/build/icyphy/ptII/ptolemy/actor/lib/hoc/test/auto/IterateOverArray8.xml
6 ms. Memory: 159744K Free: 68093K (43%)
----------------- Invoking toplevel() on ptolemy.moml.MoMLSimpleApplication@5b1e5db8
----------------- Done invoking toplevel() on ptolemy.moml.MoMLSimpleApplication@5b1e5db8
reloadAllAccessors: .IterateOverArray8

===========================================================================================
----------------- testing Fri Aug 23 05:29:19 UTC 2019 /home/travis/build/icyphy/ptII/ptolemy/actor/lib/hoc/test/auto/IterateOverArray9.xml
----------------- Instantiating /home/travis/build/icyphy/ptII/ptolemy/actor/lib/hoc/test/auto/IterateOverArray9.xml
9 ms. Memory: 159744K Free: 64005K (40%)
----------------- Invoking toplevel() on ptolemy.moml.MoMLSimpleApplication@7879e9ff
----------------- Done invoking toplevel() on ptolemy.moml.MoMLSimpleApplication@7879e9ff
reloadAllAccessors: .IterateOverArray9

===========================================================================================
----------------- testing Fri Aug 23 05:29:19 UTC 2019 /home/travis/build/icyphy/ptII/ptolemy/actor/lib/hoc/test/auto/IterateOverArrayCoercedOutputType.xml
----------------- Instantiating /home/travis/build/icyphy/ptII/ptolemy/actor/lib/hoc/test/auto/IterateOverArrayCoercedOutputType.xml
7 ms. Memory: 159744K Free: 58869K (37%)
----------------- Invoking toplevel() on ptolemy.moml.MoMLSimpleApplication@4eb2e48a
----------------- Done invoking toplevel() on ptolemy.moml.MoMLSimpleApplication@4eb2e48a
reloadAllAccessors: .IterateOverArrayCoercedOutputType

===========================================================================================
----------------- testing Fri Aug 23 05:29:19 UTC 2019 /home/travis/build/icyphy/ptII/ptolemy/actor/lib/hoc/test/auto/IterateOverArrayInferredOutputType.xml
----------------- Instantiating /home/travis/build/icyphy/ptII/ptolemy/actor/lib/hoc/test/auto/IterateOverArrayInferredOutputType.xml
16 ms. Memory: 159744K Free: 145423K (91%)
----------------- Invoking toplevel() on ptolemy.moml.MoMLSimpleApplication@3601a7ed
----------------- Done invoking toplevel() on ptolemy.moml.MoMLSimpleApplication@3601a7ed
reloadAllAccessors: .IterateOverArrayInferredOutputType

===========================================================================================
----------------- testing Fri Aug 23 05:29:19 UTC 2019 /home/travis/build/icyphy/ptII/ptolemy/actor/lib/hoc/test/auto/MobileFunctionTest.xml
----------------- Instantiating /home/travis/build/icyphy/ptII/ptolemy/actor/lib/hoc/test/auto/MobileFunctionTest.xml
4 ms. Memory: 159744K Free: 140612K (88%)
----------------- Invoking toplevel() on ptolemy.moml.MoMLSimpleApplication@5a3bf50b
----------------- Done invoking toplevel() on ptolemy.moml.MoMLSimpleApplication@5a3bf50b
reloadAllAccessors: .MobileFunctionTest

===========================================================================================
----------------- testing Fri Aug 23 05:29:19 UTC 2019 /home/travis/build/icyphy/ptII/ptolemy/actor/lib/hoc/test/auto/MobileModelTest.xml
----------------- Instantiating /home/travis/build/icyphy/ptII/ptolemy/actor/lib/hoc/test/auto/MobileModelTest.xml
155 ms. Memory: 159744K Free: 119596K (75%)
----------------- Invoking toplevel() on ptolemy.moml.MoMLSimpleApplication@75b53198
----------------- Done invoking toplevel() on ptolemy.moml.MoMLSimpleApplication@75b53198
reloadAllAccessors: .MobileModelTest

===========================================================================================
----------------- testing Fri Aug 23 05:29:20 UTC 2019 /home/travis/build/icyphy/ptII/ptolemy/actor/lib/hoc/test/auto/ModelReference.xml
----------------- Instantiating /home/travis/build/icyphy/ptII/ptolemy/actor/lib/hoc/test/auto/ModelReference.xml
5 ms. Memory: 159744K Free: 112964K (71%)
4 ms. Memory: 159744K Free: 112406K (70%)
2 ms. Memory: 159744K Free: 111403K (70%)
2 ms. Memory: 159744K Free: 110380K (69%)
2 ms. Memory: 159744K Free: 109914K (69%)
2 ms. Memory: 159744K Free: 108876K (68%)
1 ms. Memory: 159744K Free: 108310K (68%)
4 ms. Memory: 159744K Free: 107307K (67%)
3 ms. Memory: 159744K Free: 106284K (67%)
2 ms. Memory: 159744K Free: 105818K (66%)
40 ms. Memory: 159744K Free: 105818K (66%)
----------------- Invoking toplevel() on ptolemy.moml.MoMLSimpleApplication@3a081664
----------------- Done invoking toplevel() on ptolemy.moml.MoMLSimpleApplication@3a081664
reloadAllAccessors: .ModelReference

===========================================================================================
----------------- testing Fri Aug 23 05:29:20 UTC 2019 /home/travis/build/icyphy/ptII/ptolemy/actor/lib/hoc/test/auto/ModelReference3.xml
----------------- Instantiating /home/travis/build/icyphy/ptII/ptolemy/actor/lib/hoc/test/auto/ModelReference3.xml
3 ms. Memory: 159744K Free: 101134K (63%)
4 ms. Memory: 159744K Free: 100110K (63%)
3 ms. Memory: 159744K Free: 99086K (62%)
4 ms. Memory: 159744K Free: 98620K (62%)
3 ms. Memory: 159744K Free: 97610K (61%)
1 ms. Memory: 159744K Free: 97046K (61%)
4 ms. Memory: 159744K Free: 96014K (60%)
3 ms. Memory: 159744K Free: 94990K (59%)
2 ms. Memory: 159744K Free: 94524K (59%)
2 ms. Memory: 159744K Free: 93514K (59%)
42 ms. Memory: 159744K Free: 93514K (59%)
----------------- Invoking toplevel() on ptolemy.moml.MoMLSimpleApplication@295ee683
----------------- Done invoking toplevel() on ptolemy.moml.MoMLSimpleApplication@295ee683
reloadAllAccessors: .ModelReference3

===========================================================================================
----------------- testing Fri Aug 23 05:29:20 UTC 2019 /home/travis/build/icyphy/ptII/ptolemy/actor/lib/hoc/test/auto/ModelReference4.xml
----------------- Instantiating /home/travis/build/icyphy/ptII/ptolemy/actor/lib/hoc/test/auto/ModelReference4.xml
5 ms. Memory: 159744K Free: 88854K (56%)
3 ms. Memory: 159744K Free: 87356K (55%)
2 ms. Memory: 159744K Free: 86300K (54%)
3 ms. Memory: 159744K Free: 84758K (53%)
2 ms. Memory: 159744K Free: 83756K (52%)
6 ms. Memory: 159744K Free: 82228K (51%)
4 ms. Memory: 159744K Free: 80654K (50%)
2 ms. Memory: 159744K Free: 79638K (50%)
5 ms. Memory: 159744K Free: 78116K (49%)
2 ms. Memory: 159744K Free: 77100K (48%)
10020 ms. Memory: 159744K Free: 77100K (48%)
----------------- Invoking toplevel() on ptolemy.moml.MoMLSimpleApplication@c1aadae
----------------- Done invoking toplevel() on ptolemy.moml.MoMLSimpleApplication@c1aadae
reloadAllAccessors: .ModelReference4

===========================================================================================
----------------- testing Fri Aug 23 05:29:30 UTC 2019 /home/travis/build/icyphy/ptII/ptolemy/actor/lib/hoc/test/auto/MultiInstanceComposite.xml
----------------- Instantiating /home/travis/build/icyphy/ptII/ptolemy/actor/lib/hoc/test/auto/MultiInstanceComposite.xml
34 ms. Memory: 159744K Free: 58156K (36%)
----------------- Invoking toplevel() on ptolemy.moml.MoMLSimpleApplication@4c2acbc
----------------- Done invoking toplevel() on ptolemy.moml.MoMLSimpleApplication@4c2acbc
reloadAllAccessors: .MultiInstanceComposite

===========================================================================================
----------------- testing Fri Aug 23 05:29:30 UTC 2019 /home/travis/build/icyphy/ptII/ptolemy/actor/lib/hoc/test/auto/MultiInstanceComposite2.xml
----------------- Instantiating /home/travis/build/icyphy/ptII/ptolemy/actor/lib/hoc/test/auto/MultiInstanceComposite2.xml
31 ms. Memory: 159744K Free: 139814K (88%)
----------------- Invoking toplevel() on ptolemy.moml.MoMLSimpleApplication@461c4f82
----------------- Done invoking toplevel() on ptolemy.moml.MoMLSimpleApplication@461c4f82
reloadAllAccessors: .MultiInstanceComposite2

===========================================================================================
----------------- testing Fri Aug 23 05:29:30 UTC 2019 /home/travis/build/icyphy/ptII/ptolemy/actor/lib/hoc/test/auto/MulticoreExecution.xml
----------------- Instantiating /home/travis/build/icyphy/ptII/ptolemy/actor/lib/hoc/test/auto/MulticoreExecution.xml
Fired ExecutionTime: 2400000
Fired ExecutionTime: 2800000
Fired ExecutionTime: 2000000
Fired ExecutionTime: 6800000
Fired ExecutionTime: 60400000
Fired ExecutionTime: 69200000
Fired ExecutionTime: 69200000
Fired ExecutionTime: 68800000
Fired ExecutionTime: 65600000
Fired ExecutionTime: 68800000
Fired ExecutionTime: 68400000
Fired ExecutionTime: 67600000
Fired ExecutionTime: 66800000
Fired ExecutionTime: 69600000
Fired ExecutionTime: 68800000
Fired ExecutionTime: 68000000
Fired ExecutionTime: 68400000
Fired ExecutionTime: 68000000
Fired ExecutionTime: 64800000
Fired ExecutionTime: 65600000
1072 ms. Memory: 159744K Free: 130861K (82%)
----------------- Invoking toplevel() on ptolemy.moml.MoMLSimpleApplication@15d4ef2b
----------------- Done invoking toplevel() on ptolemy.moml.MoMLSimpleApplication@15d4ef2b
reloadAllAccessors: .MulticoreExecution

===========================================================================================
----------------- testing Fri Aug 23 05:29:31 UTC 2019 /home/travis/build/icyphy/ptII/ptolemy/actor/lib/hoc/test/auto/ParallelExecution.xml
----------------- Instantiating /home/travis/build/icyphy/ptII/ptolemy/actor/lib/hoc/test/auto/ParallelExecution.xml
917 ms. Memory: 159744K Free: 123691K (77%)
----------------- Invoking toplevel() on ptolemy.moml.MoMLSimpleApplication@de4d26d
----------------- Done invoking toplevel() on ptolemy.moml.MoMLSimpleApplication@de4d26d
reloadAllAccessors: .ParallelExecution

===========================================================================================
----------------- testing Fri Aug 23 05:29:32 UTC 2019 /home/travis/build/icyphy/ptII/ptolemy/actor/lib/hoc/test/auto/RunCompositeActor.xml
----------------- Instantiating /home/travis/build/icyphy/ptII/ptolemy/actor/lib/hoc/test/auto/RunCompositeActor.xml
9 ms. Memory: 159744K Free: 116595K (73%)
----------------- Invoking toplevel() on ptolemy.moml.MoMLSimpleApplication@27d95e9d
----------------- Done invoking toplevel() on ptolemy.moml.MoMLSimpleApplication@27d95e9d
reloadAllAccessors: .RunCompositeActor

===========================================================================================
----------------- testing Fri Aug 23 05:29:32 UTC 2019 /home/travis/build/icyphy/ptII/ptolemy/actor/lib/hoc/test/auto/RunCompositeActor2.xml
----------------- Instantiating /home/travis/build/icyphy/ptII/ptolemy/actor/lib/hoc/test/auto/RunCompositeActor2.xml
7 ms. Memory: 159744K Free: 110481K (69%)
----------------- Invoking toplevel() on ptolemy.moml.MoMLSimpleApplication@298eaaaf
----------------- Done invoking toplevel() on ptolemy.moml.MoMLSimpleApplication@298eaaaf
reloadAllAccessors: .RunCompositeActor2

===========================================================================================
----------------- testing Fri Aug 23 05:29:32 UTC 2019 /home/travis/build/icyphy/ptII/ptolemy/actor/lib/hoc/test/auto/RunCompositeActor3.xml
----------------- Instantiating /home/travis/build/icyphy/ptII/ptolemy/actor/lib/hoc/test/auto/RunCompositeActor3.xml
4 ms. Memory: 159744K Free: 105315K (66%)
----------------- Invoking toplevel() on ptolemy.moml.MoMLSimpleApplication@600c8b01
----------------- Done invoking toplevel() on ptolemy.moml.MoMLSimpleApplication@600c8b01
reloadAllAccessors: .RunCompositeActor3

===========================================================================================
----------------- testing Fri Aug 23 05:29:32 UTC 2019 /home/travis/build/icyphy/ptII/ptolemy/actor/lib/hoc/test/auto/RunCompositeActor4.xml
----------------- Instantiating /home/travis/build/icyphy/ptII/ptolemy/actor/lib/hoc/test/auto/RunCompositeActor4.xml
13 ms. Memory: 159744K Free: 97139K (61%)
----------------- Invoking toplevel() on ptolemy.moml.MoMLSimpleApplication@518330c3
----------------- Done invoking toplevel() on ptolemy.moml.MoMLSimpleApplication@518330c3
reloadAllAccessors: .RunCompositeActor4

===========================================================================================
----------------- testing Fri Aug 23 05:29:32 UTC 2019 /home/travis/build/icyphy/ptII/ptolemy/actor/lib/hoc/test/auto/RunCompositeIterateOverArray.xml
----------------- Instantiating /home/travis/build/icyphy/ptII/ptolemy/actor/lib/hoc/test/auto/RunCompositeIterateOverArray.xml
6 ms. Memory: 159744K Free: 91011K (57%)
----------------- Invoking toplevel() on ptolemy.moml.MoMLSimpleApplication@1c076b0f
----------------- Done invoking toplevel() on ptolemy.moml.MoMLSimpleApplication@1c076b0f
reloadAllAccessors: .RunCompositeIterateOverArray

===========================================================================================
----------------- testing Fri Aug 23 05:29:32 UTC 2019 /home/travis/build/icyphy/ptII/ptolemy/actor/lib/hoc/test/auto/ThreadedJS.xml
----------------- Instantiating /home/travis/build/icyphy/ptII/ptolemy/actor/lib/hoc/test/auto/ThreadedJS.xml
6258 ms. Memory: 231424K Free: 83456K (36%)
----------------- Invoking toplevel() on ptolemy.moml.MoMLSimpleApplication@1ab7a549
----------------- Done invoking toplevel() on ptolemy.moml.MoMLSimpleApplication@1ab7a549
reloadAllAccessors: .ThreadedJS
AutoTests.java: About to close Vertx.
AutoTests.java: Vertx closed.
]]></system-out>
  <system-err><![CDATA[java.lang.RuntimeException: Execution failed
	at ptolemy.moml.MoMLSimpleApplication$UnloadThread.run(MoMLSimpleApplication.java:402)
Caused by: ptolemy.kernel.util.IllegalActionException: initialize() was called after wrapup() was called but preinitialize() was not called after wrapup().
	at ptolemy.actor.lib.hoc.test.PreinitializeMustBeInvoked.initialize(PreinitializeMustBeInvoked.java:78)
	at ptolemy.actor.Director.initialize(Director.java:938)
	at ptolemy.actor.Director.initialize(Director.java:907)
	at ptolemy.actor.sched.StaticSchedulingDirector.initialize(StaticSchedulingDirector.java:159)
	at ptolemy.domains.sdf.kernel.SDFDirector.initialize(SDFDirector.java:544)
	at ptolemy.actor.CompositeActor.initialize(CompositeActor.java:935)
	at ptolemy.actor.lib.hoc.LifeCycleManager._executeInsideModel(LifeCycleManager.java:339)
	at ptolemy.actor.lib.hoc.RunCompositeActor.fire(RunCompositeActor.java:205)
	at ptolemy.actor.CompositeActor.iterate(CompositeActor.java:1146)
	at ptolemy.actor.sched.StaticSchedulingDirector.fire(StaticSchedulingDirector.java:216)
	at ptolemy.domains.sdf.kernel.SDFDirector.fire(SDFDirector.java:500)
	at ptolemy.actor.CompositeActor.fire(CompositeActor.java:455)
	at ptolemy.actor.Manager.iterate(Manager.java:851)
	at ptolemy.actor.Manager.execute(Manager.java:369)
	at ptolemy.actor.Manager.run(Manager.java:1263)
	at ptolemy.actor.Manager$PtolemyRunThread.run(Manager.java:1933)
java.lang.reflect.InvocationTargetException
	at java.base/jdk.internal.reflect.NativeConstructorAccessorImpl.newInstance0(Native Method)
	at java.base/jdk.internal.reflect.NativeConstructorAccessorImpl.newInstance(NativeConstructorAccessorImpl.java:62)
	at java.base/jdk.internal.reflect.DelegatingConstructorAccessorImpl.newInstance(DelegatingConstructorAccessorImpl.java:45)
	at java.base/java.lang.reflect.Constructor.newInstance(Constructor.java:490)
	at ptolemy.util.test.junit.AutoKnownFailedTests.RunModel(AutoKnownFailedTests.java:105)
	at java.base/jdk.internal.reflect.NativeMethodAccessorImpl.invoke0(Native Method)
	at java.base/jdk.internal.reflect.NativeMethodAccessorImpl.invoke(NativeMethodAccessorImpl.java:62)
	at java.base/jdk.internal.reflect.DelegatingMethodAccessorImpl.invoke(DelegatingMethodAccessorImpl.java:43)
	at java.base/java.lang.reflect.Method.invoke(Method.java:566)
	at org.junit.runners.model.FrameworkMethod$1.runReflectiveCall(FrameworkMethod.java:44)
	at org.junit.internal.runners.model.ReflectiveCallable.run(ReflectiveCallable.java:15)
	at org.junit.runners.model.FrameworkMethod.invokeExplosively(FrameworkMethod.java:41)
	at junitparams.internal.InvokeParameterisedMethod.evaluate(InvokeParameterisedMethod.java:102)
	at org.junit.internal.runners.statements.FailOnTimeout$1.run(FailOnTimeout.java:28)
Caused by: ptolemy.kernel.util.IllegalActionException: initialize() was called after wrapup() was called but preinitialize() was not called after wrapup().
	at ptolemy.actor.lib.hoc.test.PreinitializeMustBeInvoked.initialize(PreinitializeMustBeInvoked.java:78)
	at ptolemy.actor.Director.initialize(Director.java:938)
	at ptolemy.actor.Director.initialize(Director.java:907)
	at ptolemy.actor.sched.StaticSchedulingDirector.initialize(StaticSchedulingDirector.java:159)
	at ptolemy.domains.sdf.kernel.SDFDirector.initialize(SDFDirector.java:544)
	at ptolemy.actor.CompositeActor.initialize(CompositeActor.java:935)
	at ptolemy.actor.lib.hoc.LifeCycleManager._executeInsideModel(LifeCycleManager.java:339)
	at ptolemy.actor.lib.hoc.RunCompositeActor.fire(RunCompositeActor.java:205)
	at ptolemy.actor.CompositeActor.iterate(CompositeActor.java:1146)
	at ptolemy.actor.sched.StaticSchedulingDirector.fire(StaticSchedulingDirector.java:216)
	at ptolemy.domains.sdf.kernel.SDFDirector.fire(SDFDirector.java:500)
	at ptolemy.actor.CompositeActor.fire(CompositeActor.java:455)
	at ptolemy.actor.Manager.iterate(Manager.java:851)
	at ptolemy.actor.Manager.execute(Manager.java:369)
	at ptolemy.actor.Manager.run(Manager.java:1263)
	at ptolemy.actor.Manager$PtolemyRunThread.run(Manager.java:1933)
Warning: Nashorn engine is planned to be removed from a future JDK release
Warning: Nashorn engine is planned to be removed from a future JDK release
Warning: Nashorn engine is planned to be removed from a future JDK release
Warning: Nashorn engine is planned to be removed from a future JDK release
Warning: Nashorn engine is planned to be removed from a future JDK release
Warning: Nashorn engine is planned to be removed from a future JDK release
Warning: Nashorn engine is planned to be removed from a future JDK release
Warning: Nashorn engine is planned to be removed from a future JDK release
]]></system-err>
</testsuite>
