<?xml version="1.0" encoding="UTF-8" ?>
<testsuite errors="0" failures="0" hostname="travis-job-77c0e32c-8466-4968-b156-7d7a5d4a5a37" name="ptolemy.domains.de.test.junit.JUnitTclTest" skipped="0" tests="101" time="130.31" timestamp="2020-02-05T06:53:49">
  <properties>
[...]
</properties>
  <testcase classname="ptolemy.util.test.junit.TclTests" name="[0] /home/travis/build/icyphy/ptII/ptolemy/domains/de/test/DependencyLoop.tcl (RunTclFile)" time="0.945" />
  <testcase classname="ptolemy.util.test.junit.TclTests" name="[1] /home/travis/build/icyphy/ptII/ptolemy/domains/de/test/RunDETestsAsQSS.tcl (RunTclFile)" time="89.951" />
  <testcase classname="ptolemy.util.test.junit.AutoKnownFailedTests" name="[0] /home/travis/build/icyphy/ptII/ptolemy/domains/de/test/auto/knownFailedTests/DESDFClockTest.xml (RunModel)" time="2.037" />
  <testcase classname="ptolemy.util.test.junit.AutoKnownFailedTests" name="[1] /home/travis/build/icyphy/ptII/ptolemy/domains/de/test/auto/knownFailedTests/DirectFeedback.xml (RunModel)" time="0.033" />
  <testcase classname="ptolemy.util.test.junit.AutoKnownFailedTests" name="[2] /home/travis/build/icyphy/ptII/ptolemy/domains/de/test/auto/knownFailedTests/FSMSource.xml (RunModel)" time="0.027" />
  <testcase classname="ptolemy.util.test.junit.AutoKnownFailedTests" name="[3] /home/travis/build/icyphy/ptII/ptolemy/domains/de/test/auto/knownFailedTests/HierarchicalModel.xml (RunModel)" time="0.046" />
  <testcase classname="ptolemy.util.test.junit.AutoKnownFailedTests" name="[4] /home/travis/build/icyphy/ptII/ptolemy/domains/de/test/auto/knownFailedTests/dependencyLoop.xml (RunModel)" time="0.05" />
  <testcase classname="ptolemy.util.test.junit.AutoKnownFailedTests" name="[5] /home/travis/build/icyphy/ptII/ptolemy/domains/de/test/auto/knownFailedTests/dependencyLoop2.xml (RunModel)" time="0.038" />
  <testcase classname="ptolemy.util.test.junit.AutoNameArchTests" name="[0] ThereAreNoAutoArchTests (RunModel)" time="0.004" />
  <testcase classname="ptolemy.util.test.junit.AutoTests" name="[0] /home/travis/build/icyphy/ptII/ptolemy/domains/de/test/auto/ActorDepthCalculation_actorWithoutPorts.xml (RunModel)" time="0.019" />
  <testcase classname="ptolemy.util.test.junit.AutoTests" name="[1] /home/travis/build/icyphy/ptII/ptolemy/domains/de/test/auto/AssemblyLine.xml (RunModel)" time="0.029" />
  <testcase classname="ptolemy.util.test.junit.AutoTests" name="[2] /home/travis/build/icyphy/ptII/ptolemy/domains/de/test/auto/CQBug1.xml (RunModel)" time="0.013" />
  <testcase classname="ptolemy.util.test.junit.AutoTests" name="[3] /home/travis/build/icyphy/ptII/ptolemy/domains/de/test/auto/CancelFireAt.xml (RunModel)" time="0.013" />
  <testcase classname="ptolemy.util.test.junit.AutoTests" name="[4] /home/travis/build/icyphy/ptII/ptolemy/domains/de/test/auto/CausalityAndComposabilityAnalysis.xml (RunModel)" time="0.025" />
  <testcase classname="ptolemy.util.test.junit.AutoTests" name="[5] /home/travis/build/icyphy/ptII/ptolemy/domains/de/test/auto/CausalityInterface1.xml (RunModel)" time="0.02" />
  <testcase classname="ptolemy.util.test.junit.AutoTests" name="[6] /home/travis/build/icyphy/ptII/ptolemy/domains/de/test/auto/CausalityInterface15.xml (RunModel)" time="0.022" />
  <testcase classname="ptolemy.util.test.junit.AutoTests" name="[7] /home/travis/build/icyphy/ptII/ptolemy/domains/de/test/auto/CausalityInterface2.xml (RunModel)" time="0.016" />
  <testcase classname="ptolemy.util.test.junit.AutoTests" name="[8] /home/travis/build/icyphy/ptII/ptolemy/domains/de/test/auto/CausalityInterface3.xml (RunModel)" time="0.02" />
  <testcase classname="ptolemy.util.test.junit.AutoTests" name="[9] /home/travis/build/icyphy/ptII/ptolemy/domains/de/test/auto/ClockDrift.xml (RunModel)" time="0.036" />
  <testcase classname="ptolemy.util.test.junit.AutoTests" name="[10] /home/travis/build/icyphy/ptII/ptolemy/domains/de/test/auto/ClockDriftAndValueChange.xml (RunModel)" time="0.03" />
  <testcase classname="ptolemy.util.test.junit.AutoTests" name="[11] /home/travis/build/icyphy/ptII/ptolemy/domains/de/test/auto/ClockDriftChange.xml (RunModel)" time="0.032" />
  <testcase classname="ptolemy.util.test.junit.AutoTests" name="[12] /home/travis/build/icyphy/ptII/ptolemy/domains/de/test/auto/ComposableCausalityAnalysis.xml (RunModel)" time="0.014" />
  <testcase classname="ptolemy.util.test.junit.AutoTests" name="[13] /home/travis/build/icyphy/ptII/ptolemy/domains/de/test/auto/DEFixedPointLimitation.xml (RunModel)" time="0.011" />
  <testcase classname="ptolemy.util.test.junit.AutoTests" name="[14] /home/travis/build/icyphy/ptII/ptolemy/domains/de/test/auto/DEScheduleTest.xml (RunModel)" time="0.014" />
  <testcase classname="ptolemy.util.test.junit.AutoTests" name="[15] /home/travis/build/icyphy/ptII/ptolemy/domains/de/test/auto/DEinDEwithStartTimes.xml (RunModel)" time="0.016" />
  <testcase classname="ptolemy.util.test.junit.AutoTests" name="[16] /home/travis/build/icyphy/ptII/ptolemy/domains/de/test/auto/DEinDEwithStartTimes2.xml (RunModel)" time="0.019" />
  <testcase classname="ptolemy.util.test.junit.AutoTests" name="[17] /home/travis/build/icyphy/ptII/ptolemy/domains/de/test/auto/DateDemo.xml (RunModel)" time="0.033" />
  <testcase classname="ptolemy.util.test.junit.AutoTests" name="[18] /home/travis/build/icyphy/ptII/ptolemy/domains/de/test/auto/DateToEvent.xml (RunModel)" time="2.043" />
  <testcase classname="ptolemy.util.test.junit.AutoTests" name="[19] /home/travis/build/icyphy/ptII/ptolemy/domains/de/test/auto/DepthTest1.xml (RunModel)" time="0.011" />
  <testcase classname="ptolemy.util.test.junit.AutoTests" name="[20] /home/travis/build/icyphy/ptII/ptolemy/domains/de/test/auto/DepthTest2.xml (RunModel)" time="0.018" />
  <testcase classname="ptolemy.util.test.junit.AutoTests" name="[21] /home/travis/build/icyphy/ptII/ptolemy/domains/de/test/auto/DepthTest3.xml (RunModel)" time="0.008" />
  <testcase classname="ptolemy.util.test.junit.AutoTests" name="[22] /home/travis/build/icyphy/ptII/ptolemy/domains/de/test/auto/DepthTest4.xml (RunModel)" time="0.018" />
  <testcase classname="ptolemy.util.test.junit.AutoTests" name="[23] /home/travis/build/icyphy/ptII/ptolemy/domains/de/test/auto/DepthTest5.xml (RunModel)" time="0.028" />
  <testcase classname="ptolemy.util.test.junit.AutoTests" name="[24] /home/travis/build/icyphy/ptII/ptolemy/domains/de/test/auto/DepthTest6.xml (RunModel)" time="0.013" />
  <testcase classname="ptolemy.util.test.junit.AutoTests" name="[25] /home/travis/build/icyphy/ptII/ptolemy/domains/de/test/auto/DepthTest7.xml (RunModel)" time="0.011" />
  <testcase classname="ptolemy.util.test.junit.AutoTests" name="[26] /home/travis/build/icyphy/ptII/ptolemy/domains/de/test/auto/EventToDate.xml (RunModel)" time="3.038" />
  <testcase classname="ptolemy.util.test.junit.AutoTests" name="[27] /home/travis/build/icyphy/ptII/ptolemy/domains/de/test/auto/FSM1.xml (RunModel)" time="0.036" />
  <testcase classname="ptolemy.util.test.junit.AutoTests" name="[28] /home/travis/build/icyphy/ptII/ptolemy/domains/de/test/auto/FSM7.xml (RunModel)" time="0.038" />
  <testcase classname="ptolemy.util.test.junit.AutoTests" name="[29] /home/travis/build/icyphy/ptII/ptolemy/domains/de/test/auto/Inspection.xml (RunModel)" time="0.044" />
  <testcase classname="ptolemy.util.test.junit.AutoTests" name="[30] /home/travis/build/icyphy/ptII/ptolemy/domains/de/test/auto/Iteration.xml (RunModel)" time="0.023" />
  <testcase classname="ptolemy.util.test.junit.AutoTests" name="[31] /home/travis/build/icyphy/ptII/ptolemy/domains/de/test/auto/LineFault.xml (RunModel)" time="0.592" />
  <testcase classname="ptolemy.util.test.junit.AutoTests" name="[32] /home/travis/build/icyphy/ptII/ptolemy/domains/de/test/auto/MergeModel1Add.xml (RunModel)" time="0.05" />
  <testcase classname="ptolemy.util.test.junit.AutoTests" name="[33] /home/travis/build/icyphy/ptII/ptolemy/domains/de/test/auto/MergeModel2Add.xml (RunModel)" time="0.04" />
  <testcase classname="ptolemy.util.test.junit.AutoTests" name="[34] /home/travis/build/icyphy/ptII/ptolemy/domains/de/test/auto/MergeModel3Add.xml (RunModel)" time="0.057" />
  <testcase classname="ptolemy.util.test.junit.AutoTests" name="[35] /home/travis/build/icyphy/ptII/ptolemy/domains/de/test/auto/MergeWithoutDiscard.xml (RunModel)" time="0.015" />
  <testcase classname="ptolemy.util.test.junit.AutoTests" name="[36] /home/travis/build/icyphy/ptII/ptolemy/domains/de/test/auto/Modal1.xml (RunModel)" time="0.036" />
  <testcase classname="ptolemy.util.test.junit.AutoTests" name="[37] /home/travis/build/icyphy/ptII/ptolemy/domains/de/test/auto/Modal2.xml (RunModel)" time="0.026" />
  <testcase classname="ptolemy.util.test.junit.AutoTests" name="[38] /home/travis/build/icyphy/ptII/ptolemy/domains/de/test/auto/Modal3.xml (RunModel)" time="0.035" />
  <testcase classname="ptolemy.util.test.junit.AutoTests" name="[39] /home/travis/build/icyphy/ptII/ptolemy/domains/de/test/auto/Modal4.xml (RunModel)" time="0.034" />
  <testcase classname="ptolemy.util.test.junit.AutoTests" name="[40] /home/travis/build/icyphy/ptII/ptolemy/domains/de/test/auto/Modal5.xml (RunModel)" time="0.036" />
  <testcase classname="ptolemy.util.test.junit.AutoTests" name="[41] /home/travis/build/icyphy/ptII/ptolemy/domains/de/test/auto/Modal6.xml (RunModel)" time="0.027" />
  <testcase classname="ptolemy.util.test.junit.AutoTests" name="[42] /home/travis/build/icyphy/ptII/ptolemy/domains/de/test/auto/Modal7.xml (RunModel)" time="0.035" />
  <testcase classname="ptolemy.util.test.junit.AutoTests" name="[43] /home/travis/build/icyphy/ptII/ptolemy/domains/de/test/auto/ModalModel.xml (RunModel)" time="0.173" />
  <testcase classname="ptolemy.util.test.junit.AutoTests" name="[44] /home/travis/build/icyphy/ptII/ptolemy/domains/de/test/auto/ModalSource.xml (RunModel)" time="0.019" />
  <testcase classname="ptolemy.util.test.junit.AutoTests" name="[45] /home/travis/build/icyphy/ptII/ptolemy/domains/de/test/auto/NonInterruptibleTimerZeroDelay.xml (RunModel)" time="0.009" />
  <testcase classname="ptolemy.util.test.junit.AutoTests" name="[46] /home/travis/build/icyphy/ptII/ptolemy/domains/de/test/auto/OpenQueueingNetwork.xml (RunModel)" time="2.453" />
  <testcase classname="ptolemy.util.test.junit.AutoTests" name="[47] /home/travis/build/icyphy/ptII/ptolemy/domains/de/test/auto/OpenQueuingNetwork.xml (RunModel)" time="0.285" />
  <testcase classname="ptolemy.util.test.junit.AutoTests" name="[48] /home/travis/build/icyphy/ptII/ptolemy/domains/de/test/auto/PeriodicSampler.xml (RunModel)" time="0.012" />
  <testcase classname="ptolemy.util.test.junit.AutoTests" name="[49] /home/travis/build/icyphy/ptII/ptolemy/domains/de/test/auto/PersistentIO.xml (RunModel)" time="0.029" />
  <testcase classname="ptolemy.util.test.junit.AutoTests" name="[50] /home/travis/build/icyphy/ptII/ptolemy/domains/de/test/auto/PortParameterResetOnInitialize.xml (RunModel)" time="0.012" />
  <testcase classname="ptolemy.util.test.junit.AutoTests" name="[51] /home/travis/build/icyphy/ptII/ptolemy/domains/de/test/auto/PortParameterUpdates.xml (RunModel)" time="0.018" />
  <testcase classname="ptolemy.util.test.junit.AutoTests" name="[52] /home/travis/build/icyphy/ptII/ptolemy/domains/de/test/auto/QueueAndServer.xml (RunModel)" time="0.023" />
  <testcase classname="ptolemy.util.test.junit.AutoTests" name="[53] /home/travis/build/icyphy/ptII/ptolemy/domains/de/test/auto/Records.xml (RunModel)" time="0.019" />
  <testcase classname="ptolemy.util.test.junit.AutoTests" name="[54] /home/travis/build/icyphy/ptII/ptolemy/domains/de/test/auto/ResetTransitionWithStartTime1.xml (RunModel)" time="0.019" />
  <testcase classname="ptolemy.util.test.junit.AutoTests" name="[55] /home/travis/build/icyphy/ptII/ptolemy/domains/de/test/auto/ResetTransitionWithStartTime2.xml (RunModel)" time="0.021" />
  <testcase classname="ptolemy.util.test.junit.AutoTests" name="[56] /home/travis/build/icyphy/ptII/ptolemy/domains/de/test/auto/ResetTransitionWithStartTime3.xml (RunModel)" time="0.019" />
  <testcase classname="ptolemy.util.test.junit.AutoTests" name="[57] /home/travis/build/icyphy/ptII/ptolemy/domains/de/test/auto/ResetTransitionWithStartTime4.xml (RunModel)" time="0.016" />
  <testcase classname="ptolemy.util.test.junit.AutoTests" name="[58] /home/travis/build/icyphy/ptII/ptolemy/domains/de/test/auto/ResettableTimer1.xml (RunModel)" time="0.009" />
  <testcase classname="ptolemy.util.test.junit.AutoTests" name="[59] /home/travis/build/icyphy/ptII/ptolemy/domains/de/test/auto/ResettableTimer2.xml (RunModel)" time="0.008" />
  <testcase classname="ptolemy.util.test.junit.AutoTests" name="[60] /home/travis/build/icyphy/ptII/ptolemy/domains/de/test/auto/ResettableTimer3.xml (RunModel)" time="0.008" />
  <testcase classname="ptolemy.util.test.junit.AutoTests" name="[61] /home/travis/build/icyphy/ptII/ptolemy/domains/de/test/auto/ResettableTimer4.xml (RunModel)" time="0.009" />
  <testcase classname="ptolemy.util.test.junit.AutoTests" name="[62] /home/travis/build/icyphy/ptII/ptolemy/domains/de/test/auto/ResettableTimer5.xml (RunModel)" time="0.009" />
  <testcase classname="ptolemy.util.test.junit.AutoTests" name="[63] /home/travis/build/icyphy/ptII/ptolemy/domains/de/test/auto/ResettableTimer6.xml (RunModel)" time="0.016" />
  <testcase classname="ptolemy.util.test.junit.AutoTests" name="[64] /home/travis/build/icyphy/ptII/ptolemy/domains/de/test/auto/ServerZeroDelay.xml (RunModel)" time="0.008" />
  <testcase classname="ptolemy.util.test.junit.AutoTests" name="[65] /home/travis/build/icyphy/ptII/ptolemy/domains/de/test/auto/SmartSender.xml (RunModel)" time="3.008" />
  <testcase classname="ptolemy.util.test.junit.AutoTests" name="[66] /home/travis/build/icyphy/ptII/ptolemy/domains/de/test/auto/ThreadedComposite.xml (RunModel)" time="0.112" />
  <testcase classname="ptolemy.util.test.junit.AutoTests" name="[67] /home/travis/build/icyphy/ptII/ptolemy/domains/de/test/auto/Time.xml (RunModel)" time="0.402" />
  <testcase classname="ptolemy.util.test.junit.AutoTests" name="[68] /home/travis/build/icyphy/ptII/ptolemy/domains/de/test/auto/TimeDelayZeroDelay.xml (RunModel)" time="0.014" />
  <testcase classname="ptolemy.util.test.junit.AutoTests" name="[69] /home/travis/build/icyphy/ptII/ptolemy/domains/de/test/auto/TimerZeroDelay.xml (RunModel)" time="0.011" />
  <testcase classname="ptolemy.util.test.junit.AutoTests" name="[70] /home/travis/build/icyphy/ptII/ptolemy/domains/de/test/auto/TimingParadox.xml (RunModel)" time="0.325" />
  <testcase classname="ptolemy.util.test.junit.AutoTests" name="[71] /home/travis/build/icyphy/ptII/ptolemy/domains/de/test/auto/TransferInputs.xml (RunModel)" time="0.014" />
  <testcase classname="ptolemy.util.test.junit.AutoTests" name="[72] /home/travis/build/icyphy/ptII/ptolemy/domains/de/test/auto/TransferOutputs2.xml (RunModel)" time="0.016" />
  <testcase classname="ptolemy.util.test.junit.AutoTests" name="[73] /home/travis/build/icyphy/ptII/ptolemy/domains/de/test/auto/Trilateration.xml (RunModel)" time="10.906" />
  <testcase classname="ptolemy.util.test.junit.AutoTests" name="[74] /home/travis/build/icyphy/ptII/ptolemy/domains/de/test/auto/TwoSigmaDelta.xml (RunModel)" time="1.839" />
  <testcase classname="ptolemy.util.test.junit.AutoTests" name="[75] /home/travis/build/icyphy/ptII/ptolemy/domains/de/test/auto/VariableDelay.xml (RunModel)" time="0.009" />
  <testcase classname="ptolemy.util.test.junit.AutoTests" name="[76] /home/travis/build/icyphy/ptII/ptolemy/domains/de/test/auto/VariableDelay2.xml (RunModel)" time="0.01" />
  <testcase classname="ptolemy.util.test.junit.AutoTests" name="[77] /home/travis/build/icyphy/ptII/ptolemy/domains/de/test/auto/VariableDelayZeroDelay.xml (RunModel)" time="0.019" />
  <testcase classname="ptolemy.util.test.junit.AutoTests" name="[78] /home/travis/build/icyphy/ptII/ptolemy/domains/de/test/auto/VariableDelayZeroDelay2.xml (RunModel)" time="0.009" />
  <testcase classname="ptolemy.util.test.junit.AutoTests" name="[79] /home/travis/build/icyphy/ptII/ptolemy/domains/de/test/auto/deInCt.xml (RunModel)" time="0.017" />
  <testcase classname="ptolemy.util.test.junit.AutoTests" name="[80] /home/travis/build/icyphy/ptII/ptolemy/domains/de/test/auto/deInCt2.xml (RunModel)" time="0.016" />
  <testcase classname="ptolemy.util.test.junit.AutoTests" name="[81] /home/travis/build/icyphy/ptII/ptolemy/domains/de/test/auto/dynamicCausalityInterface1.xml (RunModel)" time="0.017" />
  <testcase classname="ptolemy.util.test.junit.AutoTests" name="[82] /home/travis/build/icyphy/ptII/ptolemy/domains/de/test/auto/fsm_de_test.xml (RunModel)" time="0.025" />
  <testcase classname="ptolemy.util.test.junit.AutoTests" name="[83] /home/travis/build/icyphy/ptII/ptolemy/domains/de/test/auto/functionDependencyReconstruction.xml (RunModel)" time="0.031" />
  <testcase classname="ptolemy.util.test.junit.AutoTests" name="[84] /home/travis/build/icyphy/ptII/ptolemy/domains/de/test/auto/multirate.xml (RunModel)" time="0.014" />
  <testcase classname="ptolemy.util.test.junit.AutoTests" name="[85] /home/travis/build/icyphy/ptII/ptolemy/domains/de/test/auto/multirate2.xml (RunModel)" time="0.014" />
  <testcase classname="ptolemy.util.test.junit.AutoTests" name="[86] /home/travis/build/icyphy/ptII/ptolemy/domains/de/test/auto/realtime.xml (RunModel)" time="10.01" />
  <testcase classname="ptolemy.util.test.junit.AutoTests" name="[87] /home/travis/build/icyphy/ptII/ptolemy/domains/de/test/auto/relationGroup.xml (RunModel)" time="0.018" />
  <testcase classname="ptolemy.util.test.junit.AutoTests" name="[88] /home/travis/build/icyphy/ptII/ptolemy/domains/de/test/auto/relationGroup2.xml (RunModel)" time="0.014" />
  <testcase classname="ptolemy.util.test.junit.AutoTests" name="[89] /home/travis/build/icyphy/ptII/ptolemy/domains/de/test/auto/sortWithOpaquePorts.xml (RunModel)" time="0.01" />
  <testcase classname="ptolemy.util.test.junit.AutoTests" name="[90] /home/travis/build/icyphy/ptII/ptolemy/domains/de/test/auto/transferInputsandOutputs.xml (RunModel)" time="0.019" />
  <testcase classname="ptolemy.util.test.junit.AutoTests" name="[91] /home/travis/build/icyphy/ptII/ptolemy/domains/de/test/auto/triggerType.xml (RunModel)" time="0.012" />
  <system-out><![CDATA[/home/travis/build/icyphy/ptII/ptolemy/domains/de/test/DependencyLoop.tcl
testDefs.tcl: setting time out to 9000 seconds at Wed Feb 05 06:53:49 UTC 2020
58 ms. Memory: 129024K Free: 78278K (61%)
37 ms. Memory: 129024K Free: 60870K (47%)
/home/travis/build/icyphy/ptII/ptolemy/domains/de/test/RunDETestsAsQSS.tcl
Run the DE tests using ptolemy.domains.qss.test.QSSDirectorTest, which extends QSSDirector and prints a message in the constructors.
------------------ testing $PTII/ptolemy/domains/de/test/auto/knownFailedTests/DirectFeedback.xml (Known Failure) 
57 ms. Memory: 129024K Free: 55240K (43%)


==== $PTIIhome/travis/build/icyphy/ptII/ptolemy/domains/de/test/../../../../: Auto Automatic test in file $PTII/ptolemy/domains/de/test/auto/knownFailedTests/DirectFeedback.xml
==== Contents of test case:

	    # FIXME: we should use $relativeFilename here, but it
	    # might have backslashes under Windows, which causes no end
	    # of trouble.
	    createAndExecute $file
	    list {}
	
.... Test generated KNOWN error:
    while executing
ptolemy.kernel.util.IllegalActionException: Test fails in iteration 1.
Value was: 1.0. Should have been: 2.0
  in .DirectFeedback.Test
	at ptolemy.actor.lib.Test.fire(Test.java:268)
	at ptolemy.domains.de.kernel.DEDirector._fire(DEDirector.java:1949)
	at ptolemy.domains.de.kernel.DEDirector.fire(DEDirector.java:502)
	at ptolemy.actor.CompositeActor.fire(CompositeActor.java:455)
	at ptolemy.actor.Manager.iterate(Manager.java:851)
	at ptolemy.actor.Manager.execute(Manager.java:369)
	at ptolemy.actor.Manager.run(Manager.java:1263)
	at ptolemy.actor.Manager$PtolemyRunThread.run(Manager.java:1933)

    while executing
ptolemy.kernel.util.IllegalActionException: Test fails in iteration 1.
Value was: 1.0. Should have been: 2.0
  in .DirectFeedback.Test
    while executing
"java::new ptolemy.moml.MoMLSimpleApplication $file
"
    (procedure "createAndExecute" line 2)
    invoked from within
"createAndExecute $file"
    ("uplevel" body line 5)
    invoked from within
"uplevel $contents_of_test"
------------------ testing $PTII/ptolemy/domains/de/test/auto/knownFailedTests/dependencyLoop.xml (Known Failure) 
13 ms. Memory: 129024K Free: 52168K (40%)


==== $PTIIhome/travis/build/icyphy/ptII/ptolemy/domains/de/test/../../../../: Auto Automatic test in file $PTII/ptolemy/domains/de/test/auto/knownFailedTests/dependencyLoop.xml
==== Contents of test case:

	    # FIXME: we should use $relativeFilename here, but it
	    # might have backslashes under Windows, which causes no end
	    # of trouble.
	    createAndExecute $file
	    list {}
	
.... Test generated KNOWN error:
    while executing
ptolemy.kernel.util.IllegalActionException: Found a zero delay loop containing .dependencyLoop.original
  in .dependencyLoop and .dependencyLoop.original
	at ptolemy.actor.util.CausalityInterfaceForComposites._computeOutputPortDepth(CausalityInterfaceForComposites.java:759)
	at ptolemy.actor.util.CausalityInterfaceForComposites._computeInputDepth(CausalityInterfaceForComposites.java:696)
	at ptolemy.actor.util.CausalityInterfaceForComposites._computeOutputPortDepth(CausalityInterfaceForComposites.java:765)
	at ptolemy.actor.util.CausalityInterfaceForComposites._computeInputDepth(CausalityInterfaceForComposites.java:696)
	at ptolemy.actor.util.CausalityInterfaceForComposites._computeOutputPortDepth(CausalityInterfaceForComposites.java:765)
	at ptolemy.actor.util.CausalityInterfaceForComposites._computeInputDepth(CausalityInterfaceForComposites.java:696)
	at ptolemy.actor.util.CausalityInterfaceForComposites._computeActorDepth(CausalityInterfaceForComposites.java:532)
	at ptolemy.actor.util.CausalityInterfaceForComposites.checkForCycles(CausalityInterfaceForComposites.java:96)
	at ptolemy.domains.de.kernel.DEDirector.preinitialize(DEDirector.java:1338)
	at ptolemy.actor.CompositeActor.preinitialize(CompositeActor.java:1828)
	at ptolemy.actor.Manager.preinitializeAndResolveTypes(Manager.java:1040)
	at ptolemy.actor.Manager.initialize(Manager.java:710)
	at ptolemy.actor.Manager.execute(Manager.java:356)
	at ptolemy.actor.Manager.run(Manager.java:1263)
	at ptolemy.actor.Manager$PtolemyRunThread.run(Manager.java:1933)

    while executing
ptolemy.kernel.util.IllegalActionException: Found a zero delay loop containing .dependencyLoop.original
  in .dependencyLoop and .dependencyLoop.original
    while executing
"java::new ptolemy.moml.MoMLSimpleApplication $file
"
    (procedure "createAndExecute" line 2)
    invoked from within
"createAndExecute $file"
    ("uplevel" body line 5)
    invoked from within
"uplevel $contents_of_test"
------------------ testing $PTII/ptolemy/domains/de/test/auto/knownFailedTests/FSMSource.xml (Known Failure) 
50 ms. Memory: 129024K Free: 110422K (86%)
!!!! Auto was marked as failing, but now passes
------------------ testing $PTII/ptolemy/domains/de/test/auto/knownFailedTests/HierarchicalModel.xml (Known Failure) 
5 ms. Memory: 129024K Free: 93339K (72%)


==== $PTIIhome/travis/build/icyphy/ptII/ptolemy/domains/de/test/../../../../: Auto Automatic test in file $PTII/ptolemy/domains/de/test/auto/knownFailedTests/HierarchicalModel.xml
==== Contents of test case:

	    # FIXME: we should use $relativeFilename here, but it
	    # might have backslashes under Windows, which causes no end
	    # of trouble.
	    createAndExecute $file
	    list {}
	
.... Test generated KNOWN error:
    while executing
ptolemy.kernel.util.IllegalActionException: Found a zero delay loop containing .HierarchicalModel.A
  in .HierarchicalModel and .HierarchicalModel.A
	at ptolemy.actor.util.CausalityInterfaceForComposites._computeOutputPortDepth(CausalityInterfaceForComposites.java:759)
	at ptolemy.actor.util.CausalityInterfaceForComposites._computeInputDepth(CausalityInterfaceForComposites.java:696)
	at ptolemy.actor.util.CausalityInterfaceForComposites._computeOutputPortDepth(CausalityInterfaceForComposites.java:765)
	at ptolemy.actor.util.CausalityInterfaceForComposites._computeInputDepth(CausalityInterfaceForComposites.java:696)
	at ptolemy.actor.util.CausalityInterfaceForComposites._computeOutputPortDepth(CausalityInterfaceForComposites.java:765)
	at ptolemy.actor.util.CausalityInterfaceForComposites._computeInputDepth(CausalityInterfaceForComposites.java:696)
	at ptolemy.actor.util.CausalityInterfaceForComposites._computeActorDepth(CausalityInterfaceForComposites.java:532)
	at ptolemy.actor.util.CausalityInterfaceForComposites.checkForCycles(CausalityInterfaceForComposites.java:96)
	at ptolemy.domains.de.kernel.DEDirector.preinitialize(DEDirector.java:1338)
	at ptolemy.actor.CompositeActor.preinitialize(CompositeActor.java:1828)
	at ptolemy.actor.Manager.preinitializeAndResolveTypes(Manager.java:1040)
	at ptolemy.actor.Manager.initialize(Manager.java:710)
	at ptolemy.actor.Manager.execute(Manager.java:356)
	at ptolemy.actor.Manager.run(Manager.java:1263)
	at ptolemy.actor.Manager$PtolemyRunThread.run(Manager.java:1933)

    while executing
ptolemy.kernel.util.IllegalActionException: Found a zero delay loop containing .HierarchicalModel.A
  in .HierarchicalModel and .HierarchicalModel.A
    while executing
"java::new ptolemy.moml.MoMLSimpleApplication $file
"
    (procedure "createAndExecute" line 2)
    invoked from within
"createAndExecute $file"
    ("uplevel" body line 5)
    invoked from within
"uplevel $contents_of_test"
------------------ testing $PTII/ptolemy/domains/de/test/auto/knownFailedTests/dependencyLoop2.xml (Known Failure) 
5 ms. Memory: 129024K Free: 77023K (60%)


==== $PTIIhome/travis/build/icyphy/ptII/ptolemy/domains/de/test/../../../../: Auto Automatic test in file $PTII/ptolemy/domains/de/test/auto/knownFailedTests/dependencyLoop2.xml
==== Contents of test case:

	    # FIXME: we should use $relativeFilename here, but it
	    # might have backslashes under Windows, which causes no end
	    # of trouble.
	    createAndExecute $file
	    list {}
	
.... Test generated KNOWN error:
    while executing
ptolemy.kernel.util.IllegalActionException: Found a zero delay loop containing .dependencyLoop2.original
  in .dependencyLoop2 and .dependencyLoop2.original
	at ptolemy.actor.util.CausalityInterfaceForComposites._computeOutputPortDepth(CausalityInterfaceForComposites.java:759)
	at ptolemy.actor.util.CausalityInterfaceForComposites._computeInputDepth(CausalityInterfaceForComposites.java:696)
	at ptolemy.actor.util.CausalityInterfaceForComposites._computeOutputPortDepth(CausalityInterfaceForComposites.java:765)
	at ptolemy.actor.util.CausalityInterfaceForComposites._computeInputDepth(CausalityInterfaceForComposites.java:696)
	at ptolemy.actor.util.CausalityInterfaceForComposites._computeOutputPortDepth(CausalityInterfaceForComposites.java:765)
	at ptolemy.actor.util.CausalityInterfaceForComposites._computeInputDepth(CausalityInterfaceForComposites.java:696)
	at ptolemy.actor.util.CausalityInterfaceForComposites._computeActorDepth(CausalityInterfaceForComposites.java:532)
	at ptolemy.actor.util.CausalityInterfaceForComposites.checkForCycles(CausalityInterfaceForComposites.java:96)
	at ptolemy.domains.de.kernel.DEDirector.preinitialize(DEDirector.java:1338)
	at ptolemy.actor.CompositeActor.preinitialize(CompositeActor.java:1828)
	at ptolemy.actor.Manager.preinitializeAndResolveTypes(Manager.java:1040)
	at ptolemy.actor.Manager.initialize(Manager.java:710)
	at ptolemy.actor.Manager.execute(Manager.java:356)
	at ptolemy.actor.Manager.run(Manager.java:1263)
	at ptolemy.actor.Manager$PtolemyRunThread.run(Manager.java:1933)

    while executing
ptolemy.kernel.util.IllegalActionException: Found a zero delay loop containing .dependencyLoop2.original
  in .dependencyLoop2 and .dependencyLoop2.original
    while executing
"java::new ptolemy.moml.MoMLSimpleApplication $file
"
    (procedure "createAndExecute" line 2)
    invoked from within
"createAndExecute $file"
    ("uplevel" body line 5)
    invoked from within
"uplevel $contents_of_test"
------------------ testing $PTII/ptolemy/domains/de/test/auto/knownFailedTests/DESDFClockTest.xml (Known Failure) 
2044 ms. Memory: 129024K Free: 106277K (82%)


==== $PTIIhome/travis/build/icyphy/ptII/ptolemy/domains/de/test/../../../../: Auto Automatic test in file $PTII/ptolemy/domains/de/test/auto/knownFailedTests/DESDFClockTest.xml
==== Contents of test case:

	    # FIXME: we should use $relativeFilename here, but it
	    # might have backslashes under Windows, which causes no end
	    # of trouble.
	    createAndExecute $file
	    list {}
	
.... Test generated KNOWN error:
    while executing
ptolemy.kernel.util.IllegalActionException: Actor is not ready to fire.  Perhaps UpSample.prefire() returned false? Try debugging the actor by selecting "Listen to Actor".  Also, for SDF check moml for tokenConsumptionRate on input.
  in .DESDFClockTest.Play Bell.Copy1:SDF Director and .DESDFClockTest.Play Bell.UpSample
	at ptolemy.actor.sched.StaticSchedulingDirector.fire(StaticSchedulingDirector.java:227)
	at ptolemy.domains.sdf.kernel.SDFDirector.fire(SDFDirector.java:500)
	at ptolemy.actor.CompositeActor.fire(CompositeActor.java:455)
	at ptolemy.domains.de.kernel.DEDirector._fire(DEDirector.java:1949)
	at ptolemy.domains.de.kernel.DEDirector.fire(DEDirector.java:502)
	at ptolemy.actor.CompositeActor.fire(CompositeActor.java:455)
	at ptolemy.actor.Manager.iterate(Manager.java:851)
	at ptolemy.actor.Manager.execute(Manager.java:369)
	at ptolemy.actor.Manager.run(Manager.java:1263)
	at ptolemy.actor.Manager$PtolemyRunThread.run(Manager.java:1933)

    while executing
ptolemy.kernel.util.IllegalActionException: Actor is not ready to fire.  Perhaps UpSample.prefire() returned false? Try debugging the actor by selecting "Listen to Actor".  Also, for SDF check moml for tokenConsumptionRate on input.
  in .DESDFClockTest.Play Bell.Copy1:SDF Director and .DESDFClockTest.Play Bell.UpSample
    while executing
"java::new ptolemy.moml.MoMLSimpleApplication $file
"
    (procedure "createAndExecute" line 2)
    invoked from within
"createAndExecute $file"
    ("uplevel" body line 5)
    invoked from within
"uplevel $contents_of_test"
------------------ testing $PTII/ptolemy/domains/de/test/auto/ActorDepthCalculation_actorWithoutPorts.xml
auto.tcl: Setting watchdog for 200 seconds at Wed Feb 05 06:53:53 UTC 2020
9 ms. Memory: 129024K Free: 98629K (76%)
ptolemy.util.test.WatchDog.cancel(): canceling Wed Feb 05 06:53:53 UTC 2020
auto.tcl: Setting watchdog for 200 seconds at Wed Feb 05 06:53:53 UTC 2020
5 ms. Memory: 129024K Free: 97605K (76%)
ptolemy.util.test.WatchDog.cancel(): canceling Wed Feb 05 06:53:53 UTC 2020
------------------ testing $PTII/ptolemy/domains/de/test/auto/AssemblyLine.xml
auto.tcl: Setting watchdog for 200 seconds at Wed Feb 05 06:53:53 UTC 2020
13 ms. Memory: 51200K Free: 28506K (56%)
ptolemy.util.test.WatchDog.cancel(): canceling Wed Feb 05 06:53:54 UTC 2020
auto.tcl: Setting watchdog for 200 seconds at Wed Feb 05 06:53:54 UTC 2020
10 ms. Memory: 51200K Free: 27756K (54%)
ptolemy.util.test.WatchDog.cancel(): canceling Wed Feb 05 06:53:54 UTC 2020
------------------ testing $PTII/ptolemy/domains/de/test/auto/CQBug1.xml
auto.tcl: Setting watchdog for 200 seconds at Wed Feb 05 06:53:54 UTC 2020
5 ms. Memory: 51200K Free: 32799K (64%)
ptolemy.util.test.WatchDog.cancel(): canceling Wed Feb 05 06:53:54 UTC 2020
auto.tcl: Setting watchdog for 200 seconds at Wed Feb 05 06:53:54 UTC 2020
2 ms. Memory: 51200K Free: 32291K (63%)
ptolemy.util.test.WatchDog.cancel(): canceling Wed Feb 05 06:53:54 UTC 2020
------------------ testing $PTII/ptolemy/domains/de/test/auto/CancelFireAt.xml
auto.tcl: Setting watchdog for 200 seconds at Wed Feb 05 06:53:54 UTC 2020
2 ms. Memory: 51200K Free: 33915K (66%)
ptolemy.util.test.WatchDog.cancel(): canceling Wed Feb 05 06:53:54 UTC 2020
auto.tcl: Setting watchdog for 200 seconds at Wed Feb 05 06:53:54 UTC 2020
2 ms. Memory: 51200K Free: 33915K (66%)
ptolemy.util.test.WatchDog.cancel(): canceling Wed Feb 05 06:53:54 UTC 2020
------------------ testing $PTII/ptolemy/domains/de/test/auto/CausalityAndComposabilityAnalysis.xml
auto.tcl: Setting watchdog for 200 seconds at Wed Feb 05 06:53:54 UTC 2020
11 ms. Memory: 51200K Free: 32712K (64%)
ptolemy.util.test.WatchDog.cancel(): canceling Wed Feb 05 06:53:54 UTC 2020
auto.tcl: Setting watchdog for 200 seconds at Wed Feb 05 06:53:54 UTC 2020
5 ms. Memory: 51200K Free: 31956K (62%)
ptolemy.util.test.WatchDog.cancel(): canceling Wed Feb 05 06:53:54 UTC 2020
------------------ testing $PTII/ptolemy/domains/de/test/auto/CausalityInterface1.xml
auto.tcl: Setting watchdog for 200 seconds at Wed Feb 05 06:53:54 UTC 2020
28 ms. Memory: 51200K Free: 31361K (61%)
ptolemy.util.test.WatchDog.cancel(): canceling Wed Feb 05 06:53:54 UTC 2020
auto.tcl: Setting watchdog for 200 seconds at Wed Feb 05 06:53:54 UTC 2020
5 ms. Memory: 51200K Free: 30372K (59%)
ptolemy.util.test.WatchDog.cancel(): canceling Wed Feb 05 06:53:54 UTC 2020
------------------ testing $PTII/ptolemy/domains/de/test/auto/CausalityInterface15.xml
auto.tcl: Setting watchdog for 200 seconds at Wed Feb 05 06:53:54 UTC 2020
5 ms. Memory: 51200K Free: 31278K (61%)
ptolemy.util.test.WatchDog.cancel(): canceling Wed Feb 05 06:53:54 UTC 2020
auto.tcl: Setting watchdog for 200 seconds at Wed Feb 05 06:53:54 UTC 2020
6 ms. Memory: 51200K Free: 30216K (59%)
ptolemy.util.test.WatchDog.cancel(): canceling Wed Feb 05 06:53:54 UTC 2020
------------------ testing $PTII/ptolemy/domains/de/test/auto/CausalityInterface2.xml
auto.tcl: Setting watchdog for 200 seconds at Wed Feb 05 06:53:54 UTC 2020
8 ms. Memory: 51200K Free: 31901K (62%)
ptolemy.util.test.WatchDog.cancel(): canceling Wed Feb 05 06:53:54 UTC 2020
auto.tcl: Setting watchdog for 200 seconds at Wed Feb 05 06:53:54 UTC 2020
3 ms. Memory: 51200K Free: 31232K (61%)
ptolemy.util.test.WatchDog.cancel(): canceling Wed Feb 05 06:53:54 UTC 2020
------------------ testing $PTII/ptolemy/domains/de/test/auto/CausalityInterface3.xml
auto.tcl: Setting watchdog for 200 seconds at Wed Feb 05 06:53:54 UTC 2020
7 ms. Memory: 51200K Free: 31443K (61%)
ptolemy.util.test.WatchDog.cancel(): canceling Wed Feb 05 06:53:54 UTC 2020
auto.tcl: Setting watchdog for 200 seconds at Wed Feb 05 06:53:54 UTC 2020
3 ms. Memory: 51200K Free: 30960K (60%)
ptolemy.util.test.WatchDog.cancel(): canceling Wed Feb 05 06:53:54 UTC 2020
------------------ testing $PTII/ptolemy/domains/de/test/auto/ClockDrift.xml
auto.tcl: Setting watchdog for 200 seconds at Wed Feb 05 06:53:54 UTC 2020
73 ms. Memory: 51200K Free: 24026K (47%)
ptolemy.util.test.WatchDog.cancel(): canceling Wed Feb 05 06:53:54 UTC 2020
auto.tcl: Setting watchdog for 200 seconds at Wed Feb 05 06:53:54 UTC 2020
26 ms. Memory: 51200K Free: 21019K (41%)
ptolemy.util.test.WatchDog.cancel(): canceling Wed Feb 05 06:53:54 UTC 2020
------------------ testing $PTII/ptolemy/domains/de/test/auto/ClockDriftAndValueChange.xml
auto.tcl: Setting watchdog for 200 seconds at Wed Feb 05 06:53:55 UTC 2020
24 ms. Memory: 51200K Free: 24133K (47%)
ptolemy.util.test.WatchDog.cancel(): canceling Wed Feb 05 06:53:55 UTC 2020
auto.tcl: Setting watchdog for 200 seconds at Wed Feb 05 06:53:55 UTC 2020
27 ms. Memory: 51200K Free: 21449K (42%)
ptolemy.util.test.WatchDog.cancel(): canceling Wed Feb 05 06:53:55 UTC 2020
------------------ testing $PTII/ptolemy/domains/de/test/auto/ClockDriftChange.xml
auto.tcl: Setting watchdog for 200 seconds at Wed Feb 05 06:53:55 UTC 2020
23 ms. Memory: 51200K Free: 25915K (51%)
ptolemy.util.test.WatchDog.cancel(): canceling Wed Feb 05 06:53:55 UTC 2020
auto.tcl: Setting watchdog for 200 seconds at Wed Feb 05 06:53:55 UTC 2020
24 ms. Memory: 51200K Free: 23515K (46%)
ptolemy.util.test.WatchDog.cancel(): canceling Wed Feb 05 06:53:55 UTC 2020
------------------ testing $PTII/ptolemy/domains/de/test/auto/ComposableCausalityAnalysis.xml
auto.tcl: Setting watchdog for 200 seconds at Wed Feb 05 06:53:55 UTC 2020
2 ms. Memory: 51200K Free: 30792K (60%)
ptolemy.util.test.WatchDog.cancel(): canceling Wed Feb 05 06:53:55 UTC 2020
auto.tcl: Setting watchdog for 200 seconds at Wed Feb 05 06:53:55 UTC 2020
4 ms. Memory: 51200K Free: 29693K (58%)
ptolemy.util.test.WatchDog.cancel(): canceling Wed Feb 05 06:53:55 UTC 2020
------------------ testing $PTII/ptolemy/domains/de/test/auto/DEFixedPointLimitation.xml
auto.tcl: Setting watchdog for 200 seconds at Wed Feb 05 06:53:55 UTC 2020
1 ms. Memory: 51200K Free: 31902K (62%)
ptolemy.util.test.WatchDog.cancel(): canceling Wed Feb 05 06:53:55 UTC 2020
auto.tcl: Setting watchdog for 200 seconds at Wed Feb 05 06:53:55 UTC 2020
2 ms. Memory: 51200K Free: 31237K (61%)
ptolemy.util.test.WatchDog.cancel(): canceling Wed Feb 05 06:53:55 UTC 2020
------------------ testing $PTII/ptolemy/domains/de/test/auto/DEScheduleTest.xml
auto.tcl: Setting watchdog for 200 seconds at Wed Feb 05 06:53:55 UTC 2020
3 ms. Memory: 51200K Free: 32477K (63%)
ptolemy.util.test.WatchDog.cancel(): canceling Wed Feb 05 06:53:55 UTC 2020
auto.tcl: Setting watchdog for 200 seconds at Wed Feb 05 06:53:55 UTC 2020
3 ms. Memory: 51200K Free: 31722K (62%)
ptolemy.util.test.WatchDog.cancel(): canceling Wed Feb 05 06:53:55 UTC 2020
------------------ testing $PTII/ptolemy/domains/de/test/auto/DEinDEwithStartTimes.xml
auto.tcl: Setting watchdog for 200 seconds at Wed Feb 05 06:53:55 UTC 2020
5 ms. Memory: 51200K Free: 30648K (60%)
ptolemy.util.test.WatchDog.cancel(): canceling Wed Feb 05 06:53:55 UTC 2020
auto.tcl: Setting watchdog for 200 seconds at Wed Feb 05 06:53:55 UTC 2020
3 ms. Memory: 51200K Free: 29746K (58%)
ptolemy.util.test.WatchDog.cancel(): canceling Wed Feb 05 06:53:55 UTC 2020
------------------ testing $PTII/ptolemy/domains/de/test/auto/DEinDEwithStartTimes2.xml
auto.tcl: Setting watchdog for 200 seconds at Wed Feb 05 06:53:55 UTC 2020
5 ms. Memory: 51200K Free: 29717K (58%)
ptolemy.util.test.WatchDog.cancel(): canceling Wed Feb 05 06:53:55 UTC 2020
auto.tcl: Setting watchdog for 200 seconds at Wed Feb 05 06:53:55 UTC 2020
4 ms. Memory: 51200K Free: 28689K (56%)
ptolemy.util.test.WatchDog.cancel(): canceling Wed Feb 05 06:53:55 UTC 2020
------------------ testing $PTII/ptolemy/domains/de/test/auto/DateDemo.xml
auto.tcl: Setting watchdog for 200 seconds at Wed Feb 05 06:53:55 UTC 2020
16 ms. Memory: 51200K Free: 24605K (48%)
ptolemy.util.test.WatchDog.cancel(): canceling Wed Feb 05 06:53:55 UTC 2020
auto.tcl: Setting watchdog for 200 seconds at Wed Feb 05 06:53:55 UTC 2020
7 ms. Memory: 51200K Free: 22962K (45%)
ptolemy.util.test.WatchDog.cancel(): canceling Wed Feb 05 06:53:55 UTC 2020
------------------ testing $PTII/ptolemy/domains/de/test/auto/DateToEvent.xml
auto.tcl: Setting watchdog for 200 seconds at Wed Feb 05 06:53:55 UTC 2020
2009 ms. Memory: 51200K Free: 20144K (39%)
ptolemy.util.test.WatchDog.cancel(): canceling Wed Feb 05 06:53:57 UTC 2020
auto.tcl: Setting watchdog for 200 seconds at Wed Feb 05 06:53:57 UTC 2020
2005 ms. Memory: 51200K Free: 19415K (38%)
ptolemy.util.test.WatchDog.cancel(): canceling Wed Feb 05 06:53:59 UTC 2020
------------------ testing $PTII/ptolemy/domains/de/test/auto/DepthTest1.xml
auto.tcl: Setting watchdog for 200 seconds at Wed Feb 05 06:53:59 UTC 2020
2 ms. Memory: 51200K Free: 33316K (65%)
ptolemy.util.test.WatchDog.cancel(): canceling Wed Feb 05 06:53:59 UTC 2020
auto.tcl: Setting watchdog for 200 seconds at Wed Feb 05 06:53:59 UTC 2020
2 ms. Memory: 51200K Free: 32829K (64%)
ptolemy.util.test.WatchDog.cancel(): canceling Wed Feb 05 06:53:59 UTC 2020
------------------ testing $PTII/ptolemy/domains/de/test/auto/DepthTest2.xml
auto.tcl: Setting watchdog for 200 seconds at Wed Feb 05 06:53:59 UTC 2020
3 ms. Memory: 51200K Free: 30054K (59%)
ptolemy.util.test.WatchDog.cancel(): canceling Wed Feb 05 06:53:59 UTC 2020
auto.tcl: Setting watchdog for 200 seconds at Wed Feb 05 06:53:59 UTC 2020
2 ms. Memory: 51200K Free: 29619K (58%)
ptolemy.util.test.WatchDog.cancel(): canceling Wed Feb 05 06:53:59 UTC 2020
------------------ testing $PTII/ptolemy/domains/de/test/auto/DepthTest3.xml
auto.tcl: Setting watchdog for 200 seconds at Wed Feb 05 06:54:00 UTC 2020
2 ms. Memory: 51200K Free: 33646K (66%)
ptolemy.util.test.WatchDog.cancel(): canceling Wed Feb 05 06:54:00 UTC 2020
auto.tcl: Setting watchdog for 200 seconds at Wed Feb 05 06:54:00 UTC 2020
2 ms. Memory: 51200K Free: 33157K (65%)
ptolemy.util.test.WatchDog.cancel(): canceling Wed Feb 05 06:54:00 UTC 2020
------------------ testing $PTII/ptolemy/domains/de/test/auto/DepthTest4.xml
auto.tcl: Setting watchdog for 200 seconds at Wed Feb 05 06:54:00 UTC 2020
6 ms. Memory: 51200K Free: 31862K (62%)
ptolemy.util.test.WatchDog.cancel(): canceling Wed Feb 05 06:54:00 UTC 2020
auto.tcl: Setting watchdog for 200 seconds at Wed Feb 05 06:54:00 UTC 2020
2 ms. Memory: 51200K Free: 31183K (61%)
ptolemy.util.test.WatchDog.cancel(): canceling Wed Feb 05 06:54:00 UTC 2020
------------------ testing $PTII/ptolemy/domains/de/test/auto/DepthTest5.xml
auto.tcl: Setting watchdog for 200 seconds at Wed Feb 05 06:54:00 UTC 2020
3 ms. Memory: 51200K Free: 31307K (61%)
ptolemy.util.test.WatchDog.cancel(): canceling Wed Feb 05 06:54:00 UTC 2020
auto.tcl: Setting watchdog for 200 seconds at Wed Feb 05 06:54:00 UTC 2020
3 ms. Memory: 51200K Free: 30581K (60%)
ptolemy.util.test.WatchDog.cancel(): canceling Wed Feb 05 06:54:00 UTC 2020
------------------ testing $PTII/ptolemy/domains/de/test/auto/DepthTest6.xml
auto.tcl: Setting watchdog for 200 seconds at Wed Feb 05 06:54:00 UTC 2020
4 ms. Memory: 51200K Free: 31285K (61%)
ptolemy.util.test.WatchDog.cancel(): canceling Wed Feb 05 06:54:00 UTC 2020
auto.tcl: Setting watchdog for 200 seconds at Wed Feb 05 06:54:00 UTC 2020
3 ms. Memory: 51200K Free: 30559K (60%)
ptolemy.util.test.WatchDog.cancel(): canceling Wed Feb 05 06:54:00 UTC 2020
------------------ testing $PTII/ptolemy/domains/de/test/auto/DepthTest7.xml
auto.tcl: Setting watchdog for 200 seconds at Wed Feb 05 06:54:00 UTC 2020
3 ms. Memory: 51200K Free: 31060K (61%)
ptolemy.util.test.WatchDog.cancel(): canceling Wed Feb 05 06:54:00 UTC 2020
auto.tcl: Setting watchdog for 200 seconds at Wed Feb 05 06:54:00 UTC 2020
3 ms. Memory: 51200K Free: 30629K (60%)
ptolemy.util.test.WatchDog.cancel(): canceling Wed Feb 05 06:54:00 UTC 2020
------------------ testing $PTII/ptolemy/domains/de/test/auto/EventToDate.xml
auto.tcl: Setting watchdog for 200 seconds at Wed Feb 05 06:54:00 UTC 2020
3008 ms. Memory: 51200K Free: 22886K (45%)
ptolemy.util.test.WatchDog.cancel(): canceling Wed Feb 05 06:54:03 UTC 2020
auto.tcl: Setting watchdog for 200 seconds at Wed Feb 05 06:54:03 UTC 2020
3004 ms. Memory: 51200K Free: 21929K (43%)
ptolemy.util.test.WatchDog.cancel(): canceling Wed Feb 05 06:54:06 UTC 2020
------------------ testing $PTII/ptolemy/domains/de/test/auto/FSM1.xml
auto.tcl: Setting watchdog for 200 seconds at Wed Feb 05 06:54:06 UTC 2020
24 ms. Memory: 51200K Free: 23852K (47%)
ptolemy.util.test.WatchDog.cancel(): canceling Wed Feb 05 06:54:06 UTC 2020
auto.tcl: Setting watchdog for 200 seconds at Wed Feb 05 06:54:06 UTC 2020
19 ms. Memory: 51200K Free: 20592K (40%)
ptolemy.util.test.WatchDog.cancel(): canceling Wed Feb 05 06:54:06 UTC 2020
------------------ testing $PTII/ptolemy/domains/de/test/auto/FSM7.xml
auto.tcl: Setting watchdog for 200 seconds at Wed Feb 05 06:54:06 UTC 2020
39 ms. Memory: 51200K Free: 23301K (46%)
ptolemy.util.test.WatchDog.cancel(): canceling Wed Feb 05 06:54:06 UTC 2020
auto.tcl: Setting watchdog for 200 seconds at Wed Feb 05 06:54:06 UTC 2020
33 ms. Memory: 51200K Free: 20382K (40%)
ptolemy.util.test.WatchDog.cancel(): canceling Wed Feb 05 06:54:06 UTC 2020
------------------ testing $PTII/ptolemy/domains/de/test/auto/Inspection.xml
auto.tcl: Setting watchdog for 200 seconds at Wed Feb 05 06:54:06 UTC 2020
27 ms. Memory: 51200K Free: 23512K (46%)
ptolemy.util.test.WatchDog.cancel(): canceling Wed Feb 05 06:54:06 UTC 2020
auto.tcl: Setting watchdog for 200 seconds at Wed Feb 05 06:54:06 UTC 2020
20 ms. Memory: 51200K Free: 21834K (43%)
ptolemy.util.test.WatchDog.cancel(): canceling Wed Feb 05 06:54:06 UTC 2020
------------------ testing $PTII/ptolemy/domains/de/test/auto/Iteration.xml
auto.tcl: Setting watchdog for 200 seconds at Wed Feb 05 06:54:06 UTC 2020
8 ms. Memory: 51200K Free: 29079K (57%)
ptolemy.util.test.WatchDog.cancel(): canceling Wed Feb 05 06:54:06 UTC 2020
auto.tcl: Setting watchdog for 200 seconds at Wed Feb 05 06:54:06 UTC 2020
7 ms. Memory: 51200K Free: 27892K (54%)
ptolemy.util.test.WatchDog.cancel(): canceling Wed Feb 05 06:54:06 UTC 2020
------------------ testing $PTII/ptolemy/domains/de/test/auto/LineFault.xml
auto.tcl: Setting watchdog for 200 seconds at Wed Feb 05 06:54:07 UTC 2020
689 ms. Memory: 63488K Free: 29654K (47%)
ptolemy.util.test.WatchDog.cancel(): canceling Wed Feb 05 06:54:07 UTC 2020
auto.tcl: Setting watchdog for 200 seconds at Wed Feb 05 06:54:07 UTC 2020
559 ms. Memory: 63488K Free: 31765K (50%)
ptolemy.util.test.WatchDog.cancel(): canceling Wed Feb 05 06:54:08 UTC 2020
------------------ testing $PTII/ptolemy/domains/de/test/auto/MergeModel1Add.xml
auto.tcl: Setting watchdog for 200 seconds at Wed Feb 05 06:54:08 UTC 2020
23 ms. Memory: 58368K Free: 21881K (37%)
ptolemy.util.test.WatchDog.cancel(): canceling Wed Feb 05 06:54:08 UTC 2020
auto.tcl: Setting watchdog for 200 seconds at Wed Feb 05 06:54:08 UTC 2020
12 ms. Memory: 58368K Free: 20244K (35%)
ptolemy.util.test.WatchDog.cancel(): canceling Wed Feb 05 06:54:08 UTC 2020
------------------ testing $PTII/ptolemy/domains/de/test/auto/MergeModel2Add.xml
auto.tcl: Setting watchdog for 200 seconds at Wed Feb 05 06:54:08 UTC 2020
9 ms. Memory: 51200K Free: 17641K (34%)
ptolemy.util.test.WatchDog.cancel(): canceling Wed Feb 05 06:54:08 UTC 2020
auto.tcl: Setting watchdog for 200 seconds at Wed Feb 05 06:54:08 UTC 2020
8 ms. Memory: 51200K Free: 15995K (31%)
ptolemy.util.test.WatchDog.cancel(): canceling Wed Feb 05 06:54:08 UTC 2020
------------------ testing $PTII/ptolemy/domains/de/test/auto/MergeModel3Add.xml
auto.tcl: Setting watchdog for 200 seconds at Wed Feb 05 06:54:08 UTC 2020
8 ms. Memory: 51200K Free: 18369K (36%)
ptolemy.util.test.WatchDog.cancel(): canceling Wed Feb 05 06:54:08 UTC 2020
auto.tcl: Setting watchdog for 200 seconds at Wed Feb 05 06:54:08 UTC 2020
9 ms. Memory: 51200K Free: 16433K (32%)
ptolemy.util.test.WatchDog.cancel(): canceling Wed Feb 05 06:54:08 UTC 2020
------------------ testing $PTII/ptolemy/domains/de/test/auto/MergeWithoutDiscard.xml
auto.tcl: Setting watchdog for 200 seconds at Wed Feb 05 06:54:08 UTC 2020
2 ms. Memory: 51200K Free: 32280K (63%)
ptolemy.util.test.WatchDog.cancel(): canceling Wed Feb 05 06:54:08 UTC 2020
auto.tcl: Setting watchdog for 200 seconds at Wed Feb 05 06:54:08 UTC 2020
1 ms. Memory: 51200K Free: 31365K (61%)
ptolemy.util.test.WatchDog.cancel(): canceling Wed Feb 05 06:54:08 UTC 2020
------------------ testing $PTII/ptolemy/domains/de/test/auto/Modal1.xml
auto.tcl: Setting watchdog for 200 seconds at Wed Feb 05 06:54:08 UTC 2020
12 ms. Memory: 51200K Free: 24370K (48%)
ptolemy.util.test.WatchDog.cancel(): canceling Wed Feb 05 06:54:09 UTC 2020
auto.tcl: Setting watchdog for 200 seconds at Wed Feb 05 06:54:09 UTC 2020
13 ms. Memory: 51200K Free: 20823K (41%)
ptolemy.util.test.WatchDog.cancel(): canceling Wed Feb 05 06:54:09 UTC 2020
------------------ testing $PTII/ptolemy/domains/de/test/auto/Modal2.xml
auto.tcl: Setting watchdog for 200 seconds at Wed Feb 05 06:54:09 UTC 2020
17 ms. Memory: 51200K Free: 23989K (47%)
ptolemy.util.test.WatchDog.cancel(): canceling Wed Feb 05 06:54:09 UTC 2020
auto.tcl: Setting watchdog for 200 seconds at Wed Feb 05 06:54:09 UTC 2020
19 ms. Memory: 51200K Free: 20751K (41%)
ptolemy.util.test.WatchDog.cancel(): canceling Wed Feb 05 06:54:09 UTC 2020
------------------ testing $PTII/ptolemy/domains/de/test/auto/Modal3.xml
auto.tcl: Setting watchdog for 200 seconds at Wed Feb 05 06:54:09 UTC 2020
10 ms. Memory: 51200K Free: 23718K (46%)
ptolemy.util.test.WatchDog.cancel(): canceling Wed Feb 05 06:54:09 UTC 2020
auto.tcl: Setting watchdog for 200 seconds at Wed Feb 05 06:54:09 UTC 2020
11 ms. Memory: 51200K Free: 20730K (40%)
ptolemy.util.test.WatchDog.cancel(): canceling Wed Feb 05 06:54:09 UTC 2020
------------------ testing $PTII/ptolemy/domains/de/test/auto/Modal4.xml
auto.tcl: Setting watchdog for 200 seconds at Wed Feb 05 06:54:09 UTC 2020
25 ms. Memory: 51200K Free: 22946K (45%)
ptolemy.util.test.WatchDog.cancel(): canceling Wed Feb 05 06:54:09 UTC 2020
auto.tcl: Setting watchdog for 200 seconds at Wed Feb 05 06:54:09 UTC 2020
18 ms. Memory: 51200K Free: 19294K (38%)
ptolemy.util.test.WatchDog.cancel(): canceling Wed Feb 05 06:54:09 UTC 2020
------------------ testing $PTII/ptolemy/domains/de/test/auto/Modal5.xml
auto.tcl: Setting watchdog for 200 seconds at Wed Feb 05 06:54:09 UTC 2020
27 ms. Memory: 51200K Free: 22929K (45%)
ptolemy.util.test.WatchDog.cancel(): canceling Wed Feb 05 06:54:09 UTC 2020
auto.tcl: Setting watchdog for 200 seconds at Wed Feb 05 06:54:09 UTC 2020
15 ms. Memory: 51200K Free: 19261K (38%)
ptolemy.util.test.WatchDog.cancel(): canceling Wed Feb 05 06:54:09 UTC 2020
------------------ testing $PTII/ptolemy/domains/de/test/auto/Modal6.xml
auto.tcl: Setting watchdog for 200 seconds at Wed Feb 05 06:54:09 UTC 2020
17 ms. Memory: 51200K Free: 23697K (46%)
ptolemy.util.test.WatchDog.cancel(): canceling Wed Feb 05 06:54:09 UTC 2020
auto.tcl: Setting watchdog for 200 seconds at Wed Feb 05 06:54:09 UTC 2020
15 ms. Memory: 51200K Free: 20131K (39%)
ptolemy.util.test.WatchDog.cancel(): canceling Wed Feb 05 06:54:09 UTC 2020
------------------ testing $PTII/ptolemy/domains/de/test/auto/Modal7.xml
auto.tcl: Setting watchdog for 200 seconds at Wed Feb 05 06:54:09 UTC 2020
14 ms. Memory: 51200K Free: 22677K (44%)
ptolemy.util.test.WatchDog.cancel(): canceling Wed Feb 05 06:54:09 UTC 2020
auto.tcl: Setting watchdog for 200 seconds at Wed Feb 05 06:54:09 UTC 2020
12 ms. Memory: 51200K Free: 19286K (38%)
ptolemy.util.test.WatchDog.cancel(): canceling Wed Feb 05 06:54:09 UTC 2020
------------------ testing $PTII/ptolemy/domains/de/test/auto/ModalModel.xml
auto.tcl: Setting watchdog for 200 seconds at Wed Feb 05 06:54:09 UTC 2020
216 ms. Memory: 51200K Free: 17232K (34%)
ptolemy.util.test.WatchDog.cancel(): canceling Wed Feb 05 06:54:09 UTC 2020
auto.tcl: Setting watchdog for 200 seconds at Wed Feb 05 06:54:10 UTC 2020
189 ms. Memory: 61440K Free: 20913K (34%)
ptolemy.util.test.WatchDog.cancel(): canceling Wed Feb 05 06:54:10 UTC 2020
------------------ testing $PTII/ptolemy/domains/de/test/auto/ModalSource.xml
auto.tcl: Setting watchdog for 200 seconds at Wed Feb 05 06:54:10 UTC 2020
10 ms. Memory: 55296K Free: 31610K (57%)
ptolemy.util.test.WatchDog.cancel(): canceling Wed Feb 05 06:54:10 UTC 2020
auto.tcl: Setting watchdog for 200 seconds at Wed Feb 05 06:54:10 UTC 2020
9 ms. Memory: 55296K Free: 29393K (53%)
ptolemy.util.test.WatchDog.cancel(): canceling Wed Feb 05 06:54:10 UTC 2020
------------------ testing $PTII/ptolemy/domains/de/test/auto/NonInterruptibleTimerZeroDelay.xml
auto.tcl: Setting watchdog for 200 seconds at Wed Feb 05 06:54:10 UTC 2020
4 ms. Memory: 55296K Free: 37019K (67%)
ptolemy.util.test.WatchDog.cancel(): canceling Wed Feb 05 06:54:10 UTC 2020
auto.tcl: Setting watchdog for 200 seconds at Wed Feb 05 06:54:10 UTC 2020
2 ms. Memory: 55296K Free: 36162K (65%)
ptolemy.util.test.WatchDog.cancel(): canceling Wed Feb 05 06:54:10 UTC 2020
------------------ testing $PTII/ptolemy/domains/de/test/auto/OpenQueueingNetwork.xml
auto.tcl: Setting watchdog for 200 seconds at Wed Feb 05 06:54:10 UTC 2020
2652 ms. Memory: 126976K Free: 48106K (38%)
ptolemy.util.test.WatchDog.cancel(): canceling Wed Feb 05 06:54:13 UTC 2020
auto.tcl: Setting watchdog for 200 seconds at Wed Feb 05 06:54:13 UTC 2020
2420 ms. Memory: 152576K Free: 50766K (33%)
ptolemy.util.test.WatchDog.cancel(): canceling Wed Feb 05 06:54:15 UTC 2020
------------------ testing $PTII/ptolemy/domains/de/test/auto/OpenQueuingNetwork.xml
auto.tcl: Setting watchdog for 200 seconds at Wed Feb 05 06:54:15 UTC 2020
239 ms. Memory: 55296K Free: 23166K (42%)
ptolemy.util.test.WatchDog.cancel(): canceling Wed Feb 05 06:54:15 UTC 2020
auto.tcl: Setting watchdog for 200 seconds at Wed Feb 05 06:54:15 UTC 2020
229 ms. Memory: 55296K Free: 32345K (58%)
ptolemy.util.test.WatchDog.cancel(): canceling Wed Feb 05 06:54:16 UTC 2020
------------------ testing $PTII/ptolemy/domains/de/test/auto/PeriodicSampler.xml
auto.tcl: Setting watchdog for 200 seconds at Wed Feb 05 06:54:16 UTC 2020
3 ms. Memory: 55296K Free: 36014K (65%)
ptolemy.util.test.WatchDog.cancel(): canceling Wed Feb 05 06:54:16 UTC 2020
auto.tcl: Setting watchdog for 200 seconds at Wed Feb 05 06:54:16 UTC 2020
2 ms. Memory: 55296K Free: 35486K (64%)
ptolemy.util.test.WatchDog.cancel(): canceling Wed Feb 05 06:54:16 UTC 2020
------------------ testing $PTII/ptolemy/domains/de/test/auto/PersistentIO.xml
auto.tcl: Setting watchdog for 200 seconds at Wed Feb 05 06:54:16 UTC 2020
11 ms. Memory: 51200K Free: 26844K (52%)
ptolemy.util.test.WatchDog.cancel(): canceling Wed Feb 05 06:54:16 UTC 2020
auto.tcl: Setting watchdog for 200 seconds at Wed Feb 05 06:54:16 UTC 2020
4 ms. Memory: 51200K Free: 25364K (50%)
ptolemy.util.test.WatchDog.cancel(): canceling Wed Feb 05 06:54:16 UTC 2020
------------------ testing $PTII/ptolemy/domains/de/test/auto/PortParameterResetOnInitialize.xml
auto.tcl: Setting watchdog for 200 seconds at Wed Feb 05 06:54:16 UTC 2020
2 ms. Memory: 51200K Free: 31818K (62%)
ptolemy.util.test.WatchDog.cancel(): canceling Wed Feb 05 06:54:16 UTC 2020
auto.tcl: Setting watchdog for 200 seconds at Wed Feb 05 06:54:16 UTC 2020
2 ms. Memory: 51200K Free: 31338K (61%)
ptolemy.util.test.WatchDog.cancel(): canceling Wed Feb 05 06:54:16 UTC 2020
------------------ testing $PTII/ptolemy/domains/de/test/auto/PortParameterUpdates.xml
auto.tcl: Setting watchdog for 200 seconds at Wed Feb 05 06:54:16 UTC 2020
5 ms. Memory: 51200K Free: 29912K (58%)
ptolemy.util.test.WatchDog.cancel(): canceling Wed Feb 05 06:54:16 UTC 2020
auto.tcl: Setting watchdog for 200 seconds at Wed Feb 05 06:54:16 UTC 2020
4 ms. Memory: 51200K Free: 28897K (56%)
ptolemy.util.test.WatchDog.cancel(): canceling Wed Feb 05 06:54:16 UTC 2020
------------------ testing $PTII/ptolemy/domains/de/test/auto/QueueAndServer.xml
auto.tcl: Setting watchdog for 200 seconds at Wed Feb 05 06:54:16 UTC 2020
13 ms. Memory: 51200K Free: 29091K (57%)
ptolemy.util.test.WatchDog.cancel(): canceling Wed Feb 05 06:54:16 UTC 2020
auto.tcl: Setting watchdog for 200 seconds at Wed Feb 05 06:54:16 UTC 2020
5 ms. Memory: 51200K Free: 27867K (54%)
ptolemy.util.test.WatchDog.cancel(): canceling Wed Feb 05 06:54:16 UTC 2020
------------------ testing $PTII/ptolemy/domains/de/test/auto/Records.xml
auto.tcl: Setting watchdog for 200 seconds at Wed Feb 05 06:54:16 UTC 2020
4 ms. Memory: 51200K Free: 31080K (61%)
ptolemy.util.test.WatchDog.cancel(): canceling Wed Feb 05 06:54:16 UTC 2020
auto.tcl: Setting watchdog for 200 seconds at Wed Feb 05 06:54:16 UTC 2020
1 ms. Memory: 51200K Free: 30593K (60%)
ptolemy.util.test.WatchDog.cancel(): canceling Wed Feb 05 06:54:16 UTC 2020
------------------ testing $PTII/ptolemy/domains/de/test/auto/ResetTransitionWithStartTime1.xml
auto.tcl: Setting watchdog for 200 seconds at Wed Feb 05 06:54:16 UTC 2020
8 ms. Memory: 51200K Free: 28419K (56%)
ptolemy.util.test.WatchDog.cancel(): canceling Wed Feb 05 06:54:16 UTC 2020
auto.tcl: Setting watchdog for 200 seconds at Wed Feb 05 06:54:16 UTC 2020
6 ms. Memory: 51200K Free: 25761K (50%)
ptolemy.util.test.WatchDog.cancel(): canceling Wed Feb 05 06:54:16 UTC 2020
------------------ testing $PTII/ptolemy/domains/de/test/auto/ResetTransitionWithStartTime2.xml
auto.tcl: Setting watchdog for 200 seconds at Wed Feb 05 06:54:16 UTC 2020
7 ms. Memory: 51200K Free: 28283K (55%)
ptolemy.util.test.WatchDog.cancel(): canceling Wed Feb 05 06:54:16 UTC 2020
auto.tcl: Setting watchdog for 200 seconds at Wed Feb 05 06:54:16 UTC 2020
5 ms. Memory: 51200K Free: 26235K (51%)
ptolemy.util.test.WatchDog.cancel(): canceling Wed Feb 05 06:54:16 UTC 2020
------------------ testing $PTII/ptolemy/domains/de/test/auto/ResetTransitionWithStartTime3.xml
auto.tcl: Setting watchdog for 200 seconds at Wed Feb 05 06:54:16 UTC 2020
10 ms. Memory: 51200K Free: 28281K (55%)
ptolemy.util.test.WatchDog.cancel(): canceling Wed Feb 05 06:54:16 UTC 2020
auto.tcl: Setting watchdog for 200 seconds at Wed Feb 05 06:54:16 UTC 2020
5 ms. Memory: 51200K Free: 26233K (51%)
ptolemy.util.test.WatchDog.cancel(): canceling Wed Feb 05 06:54:16 UTC 2020
------------------ testing $PTII/ptolemy/domains/de/test/auto/ResetTransitionWithStartTime4.xml
auto.tcl: Setting watchdog for 200 seconds at Wed Feb 05 06:54:16 UTC 2020
11 ms. Memory: 51200K Free: 28946K (57%)
ptolemy.util.test.WatchDog.cancel(): canceling Wed Feb 05 06:54:17 UTC 2020
auto.tcl: Setting watchdog for 200 seconds at Wed Feb 05 06:54:17 UTC 2020
5 ms. Memory: 51200K Free: 27256K (53%)
ptolemy.util.test.WatchDog.cancel(): canceling Wed Feb 05 06:54:17 UTC 2020
------------------ testing $PTII/ptolemy/domains/de/test/auto/ResettableTimer1.xml
auto.tcl: Setting watchdog for 200 seconds at Wed Feb 05 06:54:17 UTC 2020
4 ms. Memory: 51200K Free: 32464K (63%)
ptolemy.util.test.WatchDog.cancel(): canceling Wed Feb 05 06:54:17 UTC 2020
auto.tcl: Setting watchdog for 200 seconds at Wed Feb 05 06:54:17 UTC 2020
2 ms. Memory: 51200K Free: 31868K (62%)
ptolemy.util.test.WatchDog.cancel(): canceling Wed Feb 05 06:54:17 UTC 2020
------------------ testing $PTII/ptolemy/domains/de/test/auto/ResettableTimer2.xml
auto.tcl: Setting watchdog for 200 seconds at Wed Feb 05 06:54:17 UTC 2020
3 ms. Memory: 51200K Free: 32553K (64%)
ptolemy.util.test.WatchDog.cancel(): canceling Wed Feb 05 06:54:17 UTC 2020
auto.tcl: Setting watchdog for 200 seconds at Wed Feb 05 06:54:17 UTC 2020
2 ms. Memory: 51200K Free: 31896K (62%)
ptolemy.util.test.WatchDog.cancel(): canceling Wed Feb 05 06:54:17 UTC 2020
------------------ testing $PTII/ptolemy/domains/de/test/auto/ResettableTimer3.xml
auto.tcl: Setting watchdog for 200 seconds at Wed Feb 05 06:54:17 UTC 2020
1 ms. Memory: 51200K Free: 32438K (63%)
ptolemy.util.test.WatchDog.cancel(): canceling Wed Feb 05 06:54:17 UTC 2020
auto.tcl: Setting watchdog for 200 seconds at Wed Feb 05 06:54:17 UTC 2020
1 ms. Memory: 51200K Free: 32438K (63%)
ptolemy.util.test.WatchDog.cancel(): canceling Wed Feb 05 06:54:17 UTC 2020
------------------ testing $PTII/ptolemy/domains/de/test/auto/ResettableTimer4.xml
auto.tcl: Setting watchdog for 200 seconds at Wed Feb 05 06:54:17 UTC 2020
1 ms. Memory: 51200K Free: 32451K (63%)
ptolemy.util.test.WatchDog.cancel(): canceling Wed Feb 05 06:54:17 UTC 2020
auto.tcl: Setting watchdog for 200 seconds at Wed Feb 05 06:54:17 UTC 2020
1 ms. Memory: 51200K Free: 31939K (62%)
ptolemy.util.test.WatchDog.cancel(): canceling Wed Feb 05 06:54:17 UTC 2020
------------------ testing $PTII/ptolemy/domains/de/test/auto/ResettableTimer5.xml
auto.tcl: Setting watchdog for 200 seconds at Wed Feb 05 06:54:17 UTC 2020
1 ms. Memory: 51200K Free: 32426K (63%)
ptolemy.util.test.WatchDog.cancel(): canceling Wed Feb 05 06:54:17 UTC 2020
auto.tcl: Setting watchdog for 200 seconds at Wed Feb 05 06:54:17 UTC 2020
2 ms. Memory: 51200K Free: 31937K (62%)
ptolemy.util.test.WatchDog.cancel(): canceling Wed Feb 05 06:54:17 UTC 2020
------------------ testing $PTII/ptolemy/domains/de/test/auto/ResettableTimer6.xml
auto.tcl: Setting watchdog for 200 seconds at Wed Feb 05 06:54:17 UTC 2020
2 ms. Memory: 51200K Free: 31903K (62%)
ptolemy.util.test.WatchDog.cancel(): canceling Wed Feb 05 06:54:17 UTC 2020
auto.tcl: Setting watchdog for 200 seconds at Wed Feb 05 06:54:17 UTC 2020
2 ms. Memory: 51200K Free: 31416K (61%)
ptolemy.util.test.WatchDog.cancel(): canceling Wed Feb 05 06:54:17 UTC 2020
------------------ testing $PTII/ptolemy/domains/de/test/auto/ServerZeroDelay.xml
auto.tcl: Setting watchdog for 200 seconds at Wed Feb 05 06:54:17 UTC 2020
4 ms. Memory: 51200K Free: 32408K (63%)
ptolemy.util.test.WatchDog.cancel(): canceling Wed Feb 05 06:54:17 UTC 2020
auto.tcl: Setting watchdog for 200 seconds at Wed Feb 05 06:54:17 UTC 2020
2 ms. Memory: 51200K Free: 31401K (61%)
ptolemy.util.test.WatchDog.cancel(): canceling Wed Feb 05 06:54:17 UTC 2020
------------------ testing $PTII/ptolemy/domains/de/test/auto/SmartSender.xml
auto.tcl: Setting watchdog for 200 seconds at Wed Feb 05 06:54:17 UTC 2020
3002 ms. Memory: 51200K Free: 32402K (63%)
ptolemy.util.test.WatchDog.cancel(): canceling Wed Feb 05 06:54:20 UTC 2020
auto.tcl: Setting watchdog for 200 seconds at Wed Feb 05 06:54:20 UTC 2020
3001 ms. Memory: 51200K Free: 31905K (62%)
ptolemy.util.test.WatchDog.cancel(): canceling Wed Feb 05 06:54:23 UTC 2020
------------------ testing $PTII/ptolemy/domains/de/test/auto/ThreadedComposite.xml
auto.tcl: Setting watchdog for 200 seconds at Wed Feb 05 06:54:23 UTC 2020
253 ms. Memory: 51200K Free: 13470K (26%)
ptolemy.util.test.WatchDog.cancel(): canceling Wed Feb 05 06:54:23 UTC 2020
auto.tcl: Setting watchdog for 200 seconds at Wed Feb 05 06:54:23 UTC 2020
126 ms. Memory: 51200K Free: 27968K (55%)
ptolemy.util.test.WatchDog.cancel(): canceling Wed Feb 05 06:54:23 UTC 2020
------------------ testing $PTII/ptolemy/domains/de/test/auto/Time.xml
auto.tcl: Setting watchdog for 200 seconds at Wed Feb 05 06:54:23 UTC 2020
509 ms. Memory: 51200K Free: 35186K (69%)
ptolemy.util.test.WatchDog.cancel(): canceling Wed Feb 05 06:54:24 UTC 2020
auto.tcl: Setting watchdog for 200 seconds at Wed Feb 05 06:54:24 UTC 2020
482 ms. Memory: 51200K Free: 10099K (20%)
ptolemy.util.test.WatchDog.cancel(): canceling Wed Feb 05 06:54:24 UTC 2020
------------------ testing $PTII/ptolemy/domains/de/test/auto/TimeDelayZeroDelay.xml
auto.tcl: Setting watchdog for 200 seconds at Wed Feb 05 06:54:25 UTC 2020
3 ms. Memory: 51200K Free: 32331K (63%)
ptolemy.util.test.WatchDog.cancel(): canceling Wed Feb 05 06:54:25 UTC 2020
auto.tcl: Setting watchdog for 200 seconds at Wed Feb 05 06:54:25 UTC 2020
2 ms. Memory: 51200K Free: 31877K (62%)
ptolemy.util.test.WatchDog.cancel(): canceling Wed Feb 05 06:54:25 UTC 2020
------------------ testing $PTII/ptolemy/domains/de/test/auto/TimerZeroDelay.xml
auto.tcl: Setting watchdog for 200 seconds at Wed Feb 05 06:54:25 UTC 2020
3 ms. Memory: 51200K Free: 32514K (64%)
ptolemy.util.test.WatchDog.cancel(): canceling Wed Feb 05 06:54:25 UTC 2020
auto.tcl: Setting watchdog for 200 seconds at Wed Feb 05 06:54:25 UTC 2020
2 ms. Memory: 51200K Free: 31915K (62%)
ptolemy.util.test.WatchDog.cancel(): canceling Wed Feb 05 06:54:25 UTC 2020
------------------ testing $PTII/ptolemy/domains/de/test/auto/TimingParadox.xml
auto.tcl: Setting watchdog for 200 seconds at Wed Feb 05 06:54:25 UTC 2020
356 ms. Memory: 64512K Free: 39904K (62%)
ptolemy.util.test.WatchDog.cancel(): canceling Wed Feb 05 06:54:25 UTC 2020
auto.tcl: Setting watchdog for 200 seconds at Wed Feb 05 06:54:25 UTC 2020
343 ms. Memory: 64512K Free: 38484K (60%)
ptolemy.util.test.WatchDog.cancel(): canceling Wed Feb 05 06:54:25 UTC 2020
------------------ testing $PTII/ptolemy/domains/de/test/auto/TransferInputs.xml
auto.tcl: Setting watchdog for 200 seconds at Wed Feb 05 06:54:26 UTC 2020
1 ms. Memory: 55296K Free: 34936K (63%)
ptolemy.util.test.WatchDog.cancel(): canceling Wed Feb 05 06:54:26 UTC 2020
auto.tcl: Setting watchdog for 200 seconds at Wed Feb 05 06:54:26 UTC 2020
1 ms. Memory: 55296K Free: 34028K (62%)
ptolemy.util.test.WatchDog.cancel(): canceling Wed Feb 05 06:54:26 UTC 2020
------------------ testing $PTII/ptolemy/domains/de/test/auto/TransferOutputs2.xml
auto.tcl: Setting watchdog for 200 seconds at Wed Feb 05 06:54:26 UTC 2020
3 ms. Memory: 51200K Free: 28282K (55%)
ptolemy.util.test.WatchDog.cancel(): canceling Wed Feb 05 06:54:26 UTC 2020
auto.tcl: Setting watchdog for 200 seconds at Wed Feb 05 06:54:26 UTC 2020
3 ms. Memory: 51200K Free: 26874K (52%)
ptolemy.util.test.WatchDog.cancel(): canceling Wed Feb 05 06:54:26 UTC 2020
------------------ testing $PTII/ptolemy/domains/de/test/auto/Trilateration.xml
auto.tcl: Setting watchdog for 200 seconds at Wed Feb 05 06:54:26 UTC 2020
14547 ms. Memory: 456704K Free: 305829K (67%)
ptolemy.util.test.WatchDog.cancel(): canceling Wed Feb 05 06:54:41 UTC 2020
auto.tcl: Setting watchdog for 200 seconds at Wed Feb 05 06:54:41 UTC 2020
13139 ms. Memory: 456704K Free: 325377K (71%)
ptolemy.util.test.WatchDog.cancel(): canceling Wed Feb 05 06:54:54 UTC 2020
------------------ testing $PTII/ptolemy/domains/de/test/auto/TwoSigmaDelta.xml
auto.tcl: Setting watchdog for 200 seconds at Wed Feb 05 06:54:55 UTC 2020
2480 ms. Memory: 92160K Free: 17738K (19%)
ptolemy.util.test.WatchDog.cancel(): canceling Wed Feb 05 06:54:57 UTC 2020
auto.tcl: Setting watchdog for 200 seconds at Wed Feb 05 06:54:57 UTC 2020
1856 ms. Memory: 92160K Free: 63285K (69%)
ptolemy.util.test.WatchDog.cancel(): canceling Wed Feb 05 06:54:59 UTC 2020
------------------ testing $PTII/ptolemy/domains/de/test/auto/VariableDelay.xml
auto.tcl: Setting watchdog for 200 seconds at Wed Feb 05 06:54:59 UTC 2020
2 ms. Memory: 55296K Free: 35410K (64%)
ptolemy.util.test.WatchDog.cancel(): canceling Wed Feb 05 06:54:59 UTC 2020
auto.tcl: Setting watchdog for 200 seconds at Wed Feb 05 06:54:59 UTC 2020
2 ms. Memory: 55296K Free: 34416K (62%)
ptolemy.util.test.WatchDog.cancel(): canceling Wed Feb 05 06:54:59 UTC 2020
------------------ testing $PTII/ptolemy/domains/de/test/auto/VariableDelay2.xml
auto.tcl: Setting watchdog for 200 seconds at Wed Feb 05 06:54:59 UTC 2020
7 ms. Memory: 51200K Free: 31712K (62%)
ptolemy.util.test.WatchDog.cancel(): canceling Wed Feb 05 06:54:59 UTC 2020
auto.tcl: Setting watchdog for 200 seconds at Wed Feb 05 06:54:59 UTC 2020
2 ms. Memory: 51200K Free: 30704K (60%)
ptolemy.util.test.WatchDog.cancel(): canceling Wed Feb 05 06:54:59 UTC 2020
------------------ testing $PTII/ptolemy/domains/de/test/auto/VariableDelayZeroDelay.xml
auto.tcl: Setting watchdog for 200 seconds at Wed Feb 05 06:54:59 UTC 2020
2 ms. Memory: 51200K Free: 32255K (63%)
ptolemy.util.test.WatchDog.cancel(): canceling Wed Feb 05 06:54:59 UTC 2020
auto.tcl: Setting watchdog for 200 seconds at Wed Feb 05 06:54:59 UTC 2020
2 ms. Memory: 51200K Free: 31735K (62%)
ptolemy.util.test.WatchDog.cancel(): canceling Wed Feb 05 06:54:59 UTC 2020
------------------ testing $PTII/ptolemy/domains/de/test/auto/VariableDelayZeroDelay2.xml
auto.tcl: Setting watchdog for 200 seconds at Wed Feb 05 06:54:59 UTC 2020
2 ms. Memory: 51200K Free: 32254K (63%)
ptolemy.util.test.WatchDog.cancel(): canceling Wed Feb 05 06:54:59 UTC 2020
auto.tcl: Setting watchdog for 200 seconds at Wed Feb 05 06:54:59 UTC 2020
2 ms. Memory: 51200K Free: 31230K (61%)
ptolemy.util.test.WatchDog.cancel(): canceling Wed Feb 05 06:54:59 UTC 2020
------------------ testing $PTII/ptolemy/domains/de/test/auto/deInCt.xml
auto.tcl: Setting watchdog for 200 seconds at Wed Feb 05 06:54:59 UTC 2020
0
1
1
1
1
1
0
0
1
1
1
0
0
0
1
1
1
0
0
0
1
1
1
0
0
0
1
1
1
0
0
0
1
1
1
0
0
0
1
1
1
1
0
0
0
1
1
1
1
1
12 ms. Memory: 51200K Free: 31227K (61%)
ptolemy.util.test.WatchDog.cancel(): canceling Wed Feb 05 06:54:59 UTC 2020
auto.tcl: Setting watchdog for 200 seconds at Wed Feb 05 06:54:59 UTC 2020
0
1
1
1
1
1
1
0
0
0
0
0
1
1
0
0
0
0
1
1
1
0
0
0
0
0
0
5 ms. Memory: 51200K Free: 29689K (58%)
ptolemy.util.test.WatchDog.cancel(): canceling Wed Feb 05 06:54:59 UTC 2020
------------------ testing $PTII/ptolemy/domains/de/test/auto/deInCt2.xml
auto.tcl: Setting watchdog for 200 seconds at Wed Feb 05 06:54:59 UTC 2020
0
1
1
1
0
0
1
1
1
0
0
1
1
1
0
0
1
1
1
0
0
1
1
1
0
0
1
1
1
0
0
1
1
1
0
0
1
1
1
0
0
0
7 ms. Memory: 51200K Free: 31229K (61%)
ptolemy.util.test.WatchDog.cancel(): canceling Wed Feb 05 06:54:59 UTC 2020
auto.tcl: Setting watchdog for 200 seconds at Wed Feb 05 06:54:59 UTC 2020
0
1
1
1
0
0
1
1
1
0
0
1
1
1
0
0
1
1
1
0
0
1
1
1
0
0
1
1
1
0
0
1
1
1
0
0
1
1
1
0
0
0
6 ms. Memory: 51200K Free: 29704K (58%)
ptolemy.util.test.WatchDog.cancel(): canceling Wed Feb 05 06:54:59 UTC 2020
------------------ testing $PTII/ptolemy/domains/de/test/auto/dynamicCausalityInterface1.xml
auto.tcl: Setting watchdog for 200 seconds at Wed Feb 05 06:54:59 UTC 2020
1 ms. Memory: 51200K Free: 27128K (53%)
ptolemy.util.test.WatchDog.cancel(): canceling Wed Feb 05 06:54:59 UTC 2020
auto.tcl: Setting watchdog for 200 seconds at Wed Feb 05 06:54:59 UTC 2020
1 ms. Memory: 51200K Free: 26614K (52%)
ptolemy.util.test.WatchDog.cancel(): canceling Wed Feb 05 06:54:59 UTC 2020
------------------ testing $PTII/ptolemy/domains/de/test/auto/fsm_de_test.xml
auto.tcl: Setting watchdog for 200 seconds at Wed Feb 05 06:54:59 UTC 2020
9 ms. Memory: 51200K Free: 27026K (53%)
ptolemy.util.test.WatchDog.cancel(): canceling Wed Feb 05 06:55:00 UTC 2020
auto.tcl: Setting watchdog for 200 seconds at Wed Feb 05 06:55:00 UTC 2020
8 ms. Memory: 51200K Free: 24978K (49%)
ptolemy.util.test.WatchDog.cancel(): canceling Wed Feb 05 06:55:00 UTC 2020
------------------ testing $PTII/ptolemy/domains/de/test/auto/functionDependencyReconstruction.xml
auto.tcl: Setting watchdog for 200 seconds at Wed Feb 05 06:55:00 UTC 2020
2 ms. Memory: 51200K Free: 20872K (41%)
ptolemy.util.test.WatchDog.cancel(): canceling Wed Feb 05 06:55:00 UTC 2020
auto.tcl: Setting watchdog for 200 seconds at Wed Feb 05 06:55:00 UTC 2020
3 ms. Memory: 51200K Free: 18824K (37%)
ptolemy.util.test.WatchDog.cancel(): canceling Wed Feb 05 06:55:00 UTC 2020
------------------ testing $PTII/ptolemy/domains/de/test/auto/multirate.xml
auto.tcl: Setting watchdog for 200 seconds at Wed Feb 05 06:55:00 UTC 2020
6 ms. Memory: 51200K Free: 29601K (58%)
ptolemy.util.test.WatchDog.cancel(): canceling Wed Feb 05 06:55:00 UTC 2020
auto.tcl: Setting watchdog for 200 seconds at Wed Feb 05 06:55:00 UTC 2020
3 ms. Memory: 51200K Free: 27923K (55%)
ptolemy.util.test.WatchDog.cancel(): canceling Wed Feb 05 06:55:00 UTC 2020
------------------ testing $PTII/ptolemy/domains/de/test/auto/multirate2.xml
auto.tcl: Setting watchdog for 200 seconds at Wed Feb 05 06:55:00 UTC 2020
3 ms. Memory: 51200K Free: 29822K (58%)
ptolemy.util.test.WatchDog.cancel(): canceling Wed Feb 05 06:55:00 UTC 2020
auto.tcl: Setting watchdog for 200 seconds at Wed Feb 05 06:55:00 UTC 2020
3 ms. Memory: 51200K Free: 28103K (55%)
ptolemy.util.test.WatchDog.cancel(): canceling Wed Feb 05 06:55:00 UTC 2020
------------------ testing $PTII/ptolemy/domains/de/test/auto/realtime.xml
auto.tcl: Setting watchdog for 200 seconds at Wed Feb 05 06:55:00 UTC 2020
10001 ms. Memory: 51200K Free: 31684K (62%)
ptolemy.util.test.WatchDog.cancel(): canceling Wed Feb 05 06:55:10 UTC 2020
auto.tcl: Setting watchdog for 200 seconds at Wed Feb 05 06:55:10 UTC 2020
10002 ms. Memory: 51200K Free: 31174K (61%)
ptolemy.util.test.WatchDog.cancel(): canceling Wed Feb 05 06:55:20 UTC 2020
------------------ testing $PTII/ptolemy/domains/de/test/auto/relationGroup.xml
auto.tcl: Setting watchdog for 200 seconds at Wed Feb 05 06:55:20 UTC 2020
1 ms. Memory: 51200K Free: 32989K (64%)
ptolemy.util.test.WatchDog.cancel(): canceling Wed Feb 05 06:55:20 UTC 2020
auto.tcl: Setting watchdog for 200 seconds at Wed Feb 05 06:55:20 UTC 2020
2 ms. Memory: 51200K Free: 32477K (63%)
ptolemy.util.test.WatchDog.cancel(): canceling Wed Feb 05 06:55:20 UTC 2020
------------------ testing $PTII/ptolemy/domains/de/test/auto/relationGroup2.xml
auto.tcl: Setting watchdog for 200 seconds at Wed Feb 05 06:55:20 UTC 2020
2 ms. Memory: 51200K Free: 33004K (64%)
ptolemy.util.test.WatchDog.cancel(): canceling Wed Feb 05 06:55:20 UTC 2020
auto.tcl: Setting watchdog for 200 seconds at Wed Feb 05 06:55:20 UTC 2020
1 ms. Memory: 51200K Free: 32492K (63%)
ptolemy.util.test.WatchDog.cancel(): canceling Wed Feb 05 06:55:20 UTC 2020
------------------ testing $PTII/ptolemy/domains/de/test/auto/sortWithOpaquePorts.xml
auto.tcl: Setting watchdog for 200 seconds at Wed Feb 05 06:55:20 UTC 2020
1 ms. Memory: 51200K Free: 31736K (62%)
ptolemy.util.test.WatchDog.cancel(): canceling Wed Feb 05 06:55:20 UTC 2020
auto.tcl: Setting watchdog for 200 seconds at Wed Feb 05 06:55:20 UTC 2020
2 ms. Memory: 51200K Free: 30729K (60%)
ptolemy.util.test.WatchDog.cancel(): canceling Wed Feb 05 06:55:20 UTC 2020
------------------ testing $PTII/ptolemy/domains/de/test/auto/transferInputsandOutputs.xml
auto.tcl: Setting watchdog for 200 seconds at Wed Feb 05 06:55:20 UTC 2020
2 ms. Memory: 51200K Free: 29196K (57%)
ptolemy.util.test.WatchDog.cancel(): canceling Wed Feb 05 06:55:20 UTC 2020
auto.tcl: Setting watchdog for 200 seconds at Wed Feb 05 06:55:20 UTC 2020
3 ms. Memory: 51200K Free: 28172K (55%)
ptolemy.util.test.WatchDog.cancel(): canceling Wed Feb 05 06:55:20 UTC 2020
------------------ testing $PTII/ptolemy/domains/de/test/auto/triggerType.xml
auto.tcl: Setting watchdog for 200 seconds at Wed Feb 05 06:55:20 UTC 2020
1 ms. Memory: 51200K Free: 32221K (63%)
ptolemy.util.test.WatchDog.cancel(): canceling Wed Feb 05 06:55:20 UTC 2020
auto.tcl: Setting watchdog for 200 seconds at Wed Feb 05 06:55:20 UTC 2020
2 ms. Memory: 51200K Free: 31212K (61%)
ptolemy.util.test.WatchDog.cancel(): canceling Wed Feb 05 06:55:20 UTC 2020
02/05/20 06:55:20
Failed: 0  Total Tests: 192  ((Passed: 187, Newly Passed: 1)  Known Failed: 5) /home/travis/build/icyphy/ptII/ptolemy/domains/de/test
02/05/20 06:55:20
Failed: 0  Total Tests: 192  ((Passed: 187, Newly Passed: 1)  Known Failed: 5) /home/travis/build/icyphy/ptII/ptolemy/domains/de/test
----------------- testing (KnownFailure) /home/travis/build/icyphy/ptII/ptolemy/domains/de/test/auto/knownFailedTests/DESDFClockTest.xml
2010 ms. Memory: 51200K Free: 25616K (50%)
Known Failure: java.lang.reflect.InvocationTargetException
----------------- testing (KnownFailure) /home/travis/build/icyphy/ptII/ptolemy/domains/de/test/auto/knownFailedTests/DirectFeedback.xml
3 ms. Memory: 51200K Free: 21520K (42%)
Known Failure: java.lang.reflect.InvocationTargetException
----------------- testing (KnownFailure) /home/travis/build/icyphy/ptII/ptolemy/domains/de/test/auto/knownFailedTests/FSMSource.xml
14 ms. Memory: 51200K Free: 13842K (27%)
----------------- testing (KnownFailure) /home/travis/build/icyphy/ptII/ptolemy/domains/de/test/auto/knownFailedTests/HierarchicalModel.xml
4 ms. Memory: 51200K Free: 25993K (51%)
Known Failure: java.lang.reflect.InvocationTargetException
----------------- testing (KnownFailure) /home/travis/build/icyphy/ptII/ptolemy/domains/de/test/auto/knownFailedTests/dependencyLoop.xml
8 ms. Memory: 51200K Free: 10957K (21%)
Known Failure: java.lang.reflect.InvocationTargetException
----------------- testing (KnownFailure) /home/travis/build/icyphy/ptII/ptolemy/domains/de/test/auto/knownFailedTests/dependencyLoop2.xml
2 ms. Memory: 51200K Free: 23683K (46%)
Known Failure: java.lang.reflect.InvocationTargetException
No auto/linux-amd64/*.xml tests in /home/travis/build/icyphy/ptII/ptolemy/domains/de/test
AutoTests.java: About to close Vertx.
AutoTests.java: Vertx closed.

===========================================================================================
----------------- testing Wed Feb 05 06:55:22 UTC 2020 /home/travis/build/icyphy/ptII/ptolemy/domains/de/test/auto/ActorDepthCalculation_actorWithoutPorts.xml
----------------- Instantiating /home/travis/build/icyphy/ptII/ptolemy/domains/de/test/auto/ActorDepthCalculation_actorWithoutPorts.xml
2 ms. Memory: 51200K Free: 17148K (33%)
----------------- Invoking toplevel() on ptolemy.moml.MoMLSimpleApplication@67e411dd
----------------- Done invoking toplevel() on ptolemy.moml.MoMLSimpleApplication@67e411dd
reloadAllAccessors: .ActorDepthCalculation_actorWithoutPorts

===========================================================================================
----------------- testing Wed Feb 05 06:55:22 UTC 2020 /home/travis/build/icyphy/ptII/ptolemy/domains/de/test/auto/AssemblyLine.xml
----------------- Instantiating /home/travis/build/icyphy/ptII/ptolemy/domains/de/test/auto/AssemblyLine.xml
3 ms. Memory: 51200K Free: 10010K (20%)
----------------- Invoking toplevel() on ptolemy.moml.MoMLSimpleApplication@419ea78
----------------- Done invoking toplevel() on ptolemy.moml.MoMLSimpleApplication@419ea78
reloadAllAccessors: .AssemblyLine

===========================================================================================
----------------- testing Wed Feb 05 06:55:22 UTC 2020 /home/travis/build/icyphy/ptII/ptolemy/domains/de/test/auto/CQBug1.xml
----------------- Instantiating /home/travis/build/icyphy/ptII/ptolemy/domains/de/test/auto/CQBug1.xml
1 ms. Memory: 51200K Free: 34587K (68%)
----------------- Invoking toplevel() on ptolemy.moml.MoMLSimpleApplication@672599f5
----------------- Done invoking toplevel() on ptolemy.moml.MoMLSimpleApplication@672599f5
reloadAllAccessors: .CQBug1

===========================================================================================
----------------- testing Wed Feb 05 06:55:22 UTC 2020 /home/travis/build/icyphy/ptII/ptolemy/domains/de/test/auto/CancelFireAt.xml
----------------- Instantiating /home/travis/build/icyphy/ptII/ptolemy/domains/de/test/auto/CancelFireAt.xml
2 ms. Memory: 51200K Free: 31970K (62%)
----------------- Invoking toplevel() on ptolemy.moml.MoMLSimpleApplication@50278825
----------------- Done invoking toplevel() on ptolemy.moml.MoMLSimpleApplication@50278825
reloadAllAccessors: .CancelFireAt

===========================================================================================
----------------- testing Wed Feb 05 06:55:23 UTC 2020 /home/travis/build/icyphy/ptII/ptolemy/domains/de/test/auto/CausalityAndComposabilityAnalysis.xml
----------------- Instantiating /home/travis/build/icyphy/ptII/ptolemy/domains/de/test/auto/CausalityAndComposabilityAnalysis.xml
14 ms. Memory: 51200K Free: 27801K (54%)
----------------- Invoking toplevel() on ptolemy.moml.MoMLSimpleApplication@5401cef1
----------------- Done invoking toplevel() on ptolemy.moml.MoMLSimpleApplication@5401cef1
reloadAllAccessors: .CausalityAndComposabilityAnalysis

===========================================================================================
----------------- testing Wed Feb 05 06:55:23 UTC 2020 /home/travis/build/icyphy/ptII/ptolemy/domains/de/test/auto/CausalityInterface1.xml
----------------- Instantiating /home/travis/build/icyphy/ptII/ptolemy/domains/de/test/auto/CausalityInterface1.xml
5 ms. Memory: 51200K Free: 22700K (44%)
----------------- Invoking toplevel() on ptolemy.moml.MoMLSimpleApplication@20d282c
----------------- Done invoking toplevel() on ptolemy.moml.MoMLSimpleApplication@20d282c
reloadAllAccessors: .CausalityInterface1

===========================================================================================
----------------- testing Wed Feb 05 06:55:23 UTC 2020 /home/travis/build/icyphy/ptII/ptolemy/domains/de/test/auto/CausalityInterface15.xml
----------------- Instantiating /home/travis/build/icyphy/ptII/ptolemy/domains/de/test/auto/CausalityInterface15.xml
2 ms. Memory: 51200K Free: 17149K (33%)
----------------- Invoking toplevel() on ptolemy.moml.MoMLSimpleApplication@7887c117
----------------- Done invoking toplevel() on ptolemy.moml.MoMLSimpleApplication@7887c117
reloadAllAccessors: .CausalityInterface15

===========================================================================================
----------------- testing Wed Feb 05 06:55:23 UTC 2020 /home/travis/build/icyphy/ptII/ptolemy/domains/de/test/auto/CausalityInterface2.xml
----------------- Instantiating /home/travis/build/icyphy/ptII/ptolemy/domains/de/test/auto/CausalityInterface2.xml
2 ms. Memory: 51200K Free: 12444K (24%)
[...]
	at ptolemy.actor.Manager.run(Manager.java:1263)
	at ptolemy.actor.Manager$PtolemyRunThread.run(Manager.java:1933)
java.lang.RuntimeException: Execution failed
	at ptolemy.moml.MoMLSimpleApplication$UnloadThread.run(MoMLSimpleApplication.java:402)
Caused by: ptolemy.kernel.util.IllegalActionException: Actor is not ready to fire.  Perhaps UpSample.prefire() returned false? Try debugging the actor by selecting "Listen to Actor".  Also, for SDF check moml for tokenConsumptionRate on input.
  in .DESDFClockTest.Play Bell.Copy1:SDF Director and .DESDFClockTest.Play Bell.UpSample
	at ptolemy.actor.sched.StaticSchedulingDirector.fire(StaticSchedulingDirector.java:227)
	at ptolemy.domains.sdf.kernel.SDFDirector.fire(SDFDirector.java:500)
	at ptolemy.actor.CompositeActor.fire(CompositeActor.java:455)
	at ptolemy.domains.de.kernel.DEDirector._fire(DEDirector.java:1949)
	at ptolemy.domains.de.kernel.DEDirector.fire(DEDirector.java:502)
	at ptolemy.actor.CompositeActor.fire(CompositeActor.java:455)
	at ptolemy.actor.Manager.iterate(Manager.java:851)
	at ptolemy.actor.Manager.execute(Manager.java:369)
	at ptolemy.actor.Manager.run(Manager.java:1263)
	at ptolemy.actor.Manager$PtolemyRunThread.run(Manager.java:1933)
java.lang.reflect.InvocationTargetException
	at java.base/jdk.internal.reflect.NativeConstructorAccessorImpl.newInstance0(Native Method)
	at java.base/jdk.internal.reflect.NativeConstructorAccessorImpl.newInstance(NativeConstructorAccessorImpl.java:62)
	at java.base/jdk.internal.reflect.DelegatingConstructorAccessorImpl.newInstance(DelegatingConstructorAccessorImpl.java:45)
	at java.base/java.lang.reflect.Constructor.newInstance(Constructor.java:490)
	at ptolemy.util.test.junit.AutoKnownFailedTests.RunModel(AutoKnownFailedTests.java:105)
	at java.base/jdk.internal.reflect.NativeMethodAccessorImpl.invoke0(Native Method)
	at java.base/jdk.internal.reflect.NativeMethodAccessorImpl.invoke(NativeMethodAccessorImpl.java:62)
	at java.base/jdk.internal.reflect.DelegatingMethodAccessorImpl.invoke(DelegatingMethodAccessorImpl.java:43)
	at java.base/java.lang.reflect.Method.invoke(Method.java:566)
	at org.junit.runners.model.FrameworkMethod$1.runReflectiveCall(FrameworkMethod.java:44)
	at org.junit.internal.runners.model.ReflectiveCallable.run(ReflectiveCallable.java:15)
	at org.junit.runners.model.FrameworkMethod.invokeExplosively(FrameworkMethod.java:41)
	at junitparams.internal.InvokeParameterisedMethod.evaluate(InvokeParameterisedMethod.java:102)
	at org.junit.internal.runners.statements.FailOnTimeout$1.run(FailOnTimeout.java:28)
Caused by: ptolemy.kernel.util.IllegalActionException: Actor is not ready to fire.  Perhaps UpSample.prefire() returned false? Try debugging the actor by selecting "Listen to Actor".  Also, for SDF check moml for tokenConsumptionRate on input.
  in .DESDFClockTest.Play Bell.Copy1:SDF Director and .DESDFClockTest.Play Bell.UpSample
	at ptolemy.actor.sched.StaticSchedulingDirector.fire(StaticSchedulingDirector.java:227)
	at ptolemy.domains.sdf.kernel.SDFDirector.fire(SDFDirector.java:500)
	at ptolemy.actor.CompositeActor.fire(CompositeActor.java:455)
	at ptolemy.domains.de.kernel.DEDirector._fire(DEDirector.java:1949)
	at ptolemy.domains.de.kernel.DEDirector.fire(DEDirector.java:502)
	at ptolemy.actor.CompositeActor.fire(CompositeActor.java:455)
	at ptolemy.actor.Manager.iterate(Manager.java:851)
	at ptolemy.actor.Manager.execute(Manager.java:369)
	at ptolemy.actor.Manager.run(Manager.java:1263)
	at ptolemy.actor.Manager$PtolemyRunThread.run(Manager.java:1933)
java.lang.RuntimeException: Execution failed
	at ptolemy.moml.MoMLSimpleApplication$UnloadThread.run(MoMLSimpleApplication.java:402)
Caused by: ptolemy.kernel.util.IllegalActionException: Test fails in iteration 1.
Value was: 1.0. Should have been: 2.0
  in .DirectFeedback.Test
	at ptolemy.actor.lib.Test.fire(Test.java:268)
	at ptolemy.domains.de.kernel.DEDirector._fire(DEDirector.java:1949)
	at ptolemy.domains.de.kernel.DEDirector.fire(DEDirector.java:502)
	at ptolemy.actor.CompositeActor.fire(CompositeActor.java:455)
	at ptolemy.actor.Manager.iterate(Manager.java:851)
	at ptolemy.actor.Manager.execute(Manager.java:369)
	at ptolemy.actor.Manager.run(Manager.java:1263)
	at ptolemy.actor.Manager$PtolemyRunThread.run(Manager.java:1933)
java.lang.reflect.InvocationTargetException
	at java.base/jdk.internal.reflect.NativeConstructorAccessorImpl.newInstance0(Native Method)
	at java.base/jdk.internal.reflect.NativeConstructorAccessorImpl.newInstance(NativeConstructorAccessorImpl.java:62)
	at java.base/jdk.internal.reflect.DelegatingConstructorAccessorImpl.newInstance(DelegatingConstructorAccessorImpl.java:45)
	at java.base/java.lang.reflect.Constructor.newInstance(Constructor.java:490)
	at ptolemy.util.test.junit.AutoKnownFailedTests.RunModel(AutoKnownFailedTests.java:105)
	at java.base/jdk.internal.reflect.NativeMethodAccessorImpl.invoke0(Native Method)
	at java.base/jdk.internal.reflect.NativeMethodAccessorImpl.invoke(NativeMethodAccessorImpl.java:62)
	at java.base/jdk.internal.reflect.DelegatingMethodAccessorImpl.invoke(DelegatingMethodAccessorImpl.java:43)
	at java.base/java.lang.reflect.Method.invoke(Method.java:566)
	at org.junit.runners.model.FrameworkMethod$1.runReflectiveCall(FrameworkMethod.java:44)
	at org.junit.internal.runners.model.ReflectiveCallable.run(ReflectiveCallable.java:15)
	at org.junit.runners.model.FrameworkMethod.invokeExplosively(FrameworkMethod.java:41)
	at junitparams.internal.InvokeParameterisedMethod.evaluate(InvokeParameterisedMethod.java:102)
	at org.junit.internal.runners.statements.FailOnTimeout$1.run(FailOnTimeout.java:28)
Caused by: ptolemy.kernel.util.IllegalActionException: Test fails in iteration 1.
Value was: 1.0. Should have been: 2.0
  in .DirectFeedback.Test
	at ptolemy.actor.lib.Test.fire(Test.java:268)
	at ptolemy.domains.de.kernel.DEDirector._fire(DEDirector.java:1949)
	at ptolemy.domains.de.kernel.DEDirector.fire(DEDirector.java:502)
	at ptolemy.actor.CompositeActor.fire(CompositeActor.java:455)
	at ptolemy.actor.Manager.iterate(Manager.java:851)
	at ptolemy.actor.Manager.execute(Manager.java:369)
	at ptolemy.actor.Manager.run(Manager.java:1263)
	at ptolemy.actor.Manager$PtolemyRunThread.run(Manager.java:1933)
java.lang.RuntimeException: Execution failed
	at ptolemy.moml.MoMLSimpleApplication$UnloadThread.run(MoMLSimpleApplication.java:402)
Caused by: ptolemy.kernel.util.IllegalActionException: Found a zero delay loop containing .HierarchicalModel.A
  in .HierarchicalModel and .HierarchicalModel.A
	at ptolemy.actor.util.CausalityInterfaceForComposites._computeOutputPortDepth(CausalityInterfaceForComposites.java:759)
	at ptolemy.actor.util.CausalityInterfaceForComposites._computeInputDepth(CausalityInterfaceForComposites.java:696)
	at ptolemy.actor.util.CausalityInterfaceForComposites._computeOutputPortDepth(CausalityInterfaceForComposites.java:765)
	at ptolemy.actor.util.CausalityInterfaceForComposites._computeInputDepth(CausalityInterfaceForComposites.java:696)
	at ptolemy.actor.util.CausalityInterfaceForComposites._computeOutputPortDepth(CausalityInterfaceForComposites.java:765)
	at ptolemy.actor.util.CausalityInterfaceForComposites._computeInputDepth(CausalityInterfaceForComposites.java:696)
	at ptolemy.actor.util.CausalityInterfaceForComposites._computeActorDepth(CausalityInterfaceForComposites.java:532)
	at ptolemy.actor.util.CausalityInterfaceForComposites.checkForCycles(CausalityInterfaceForComposites.java:96)
	at ptolemy.domains.de.kernel.DEDirector.preinitialize(DEDirector.java:1338)
	at ptolemy.actor.CompositeActor.preinitialize(CompositeActor.java:1828)
	at ptolemy.actor.Manager.preinitializeAndResolveTypes(Manager.java:1040)
	at ptolemy.actor.Manager.initialize(Manager.java:710)
	at ptolemy.actor.Manager.execute(Manager.java:356)
	at ptolemy.actor.Manager.run(Manager.java:1263)
	at ptolemy.actor.Manager$PtolemyRunThread.run(Manager.java:1933)
java.lang.reflect.InvocationTargetException
	at java.base/jdk.internal.reflect.NativeConstructorAccessorImpl.newInstance0(Native Method)
	at java.base/jdk.internal.reflect.NativeConstructorAccessorImpl.newInstance(NativeConstructorAccessorImpl.java:62)
	at java.base/jdk.internal.reflect.DelegatingConstructorAccessorImpl.newInstance(DelegatingConstructorAccessorImpl.java:45)
	at java.base/java.lang.reflect.Constructor.newInstance(Constructor.java:490)
	at ptolemy.util.test.junit.AutoKnownFailedTests.RunModel(AutoKnownFailedTests.java:105)
	at java.base/jdk.internal.reflect.NativeMethodAccessorImpl.invoke0(Native Method)
	at java.base/jdk.internal.reflect.NativeMethodAccessorImpl.invoke(NativeMethodAccessorImpl.java:62)
	at java.base/jdk.internal.reflect.DelegatingMethodAccessorImpl.invoke(DelegatingMethodAccessorImpl.java:43)
	at java.base/java.lang.reflect.Method.invoke(Method.java:566)
	at org.junit.runners.model.FrameworkMethod$1.runReflectiveCall(FrameworkMethod.java:44)
	at org.junit.internal.runners.model.ReflectiveCallable.run(ReflectiveCallable.java:15)
	at org.junit.runners.model.FrameworkMethod.invokeExplosively(FrameworkMethod.java:41)
	at junitparams.internal.InvokeParameterisedMethod.evaluate(InvokeParameterisedMethod.java:102)
	at org.junit.internal.runners.statements.FailOnTimeout$1.run(FailOnTimeout.java:28)
Caused by: ptolemy.kernel.util.IllegalActionException: Found a zero delay loop containing .HierarchicalModel.A
  in .HierarchicalModel and .HierarchicalModel.A
	at ptolemy.actor.util.CausalityInterfaceForComposites._computeOutputPortDepth(CausalityInterfaceForComposites.java:759)
	at ptolemy.actor.util.CausalityInterfaceForComposites._computeInputDepth(CausalityInterfaceForComposites.java:696)
	at ptolemy.actor.util.CausalityInterfaceForComposites._computeOutputPortDepth(CausalityInterfaceForComposites.java:765)
	at ptolemy.actor.util.CausalityInterfaceForComposites._computeInputDepth(CausalityInterfaceForComposites.java:696)
	at ptolemy.actor.util.CausalityInterfaceForComposites._computeOutputPortDepth(CausalityInterfaceForComposites.java:765)
	at ptolemy.actor.util.CausalityInterfaceForComposites._computeInputDepth(CausalityInterfaceForComposites.java:696)
	at ptolemy.actor.util.CausalityInterfaceForComposites._computeActorDepth(CausalityInterfaceForComposites.java:532)
	at ptolemy.actor.util.CausalityInterfaceForComposites.checkForCycles(CausalityInterfaceForComposites.java:96)
	at ptolemy.domains.de.kernel.DEDirector.preinitialize(DEDirector.java:1338)
	at ptolemy.actor.CompositeActor.preinitialize(CompositeActor.java:1828)
	at ptolemy.actor.Manager.preinitializeAndResolveTypes(Manager.java:1040)
	at ptolemy.actor.Manager.initialize(Manager.java:710)
	at ptolemy.actor.Manager.execute(Manager.java:356)
	at ptolemy.actor.Manager.run(Manager.java:1263)
	at ptolemy.actor.Manager$PtolemyRunThread.run(Manager.java:1933)
java.lang.RuntimeException: Execution failed
	at ptolemy.moml.MoMLSimpleApplication$UnloadThread.run(MoMLSimpleApplication.java:402)
Caused by: ptolemy.kernel.util.IllegalActionException: Found a zero delay loop containing .dependencyLoop.original
  in .dependencyLoop and .dependencyLoop.original
	at ptolemy.actor.util.CausalityInterfaceForComposites._computeOutputPortDepth(CausalityInterfaceForComposites.java:759)
	at ptolemy.actor.util.CausalityInterfaceForComposites._computeInputDepth(CausalityInterfaceForComposites.java:696)
	at ptolemy.actor.util.CausalityInterfaceForComposites._computeOutputPortDepth(CausalityInterfaceForComposites.java:765)
	at ptolemy.actor.util.CausalityInterfaceForComposites._computeInputDepth(CausalityInterfaceForComposites.java:696)
	at ptolemy.actor.util.CausalityInterfaceForComposites._computeOutputPortDepth(CausalityInterfaceForComposites.java:765)
	at ptolemy.actor.util.CausalityInterfaceForComposites._computeInputDepth(CausalityInterfaceForComposites.java:696)
	at ptolemy.actor.util.CausalityInterfaceForComposites._computeActorDepth(CausalityInterfaceForComposites.java:532)
	at ptolemy.actor.util.CausalityInterfaceForComposites.checkForCycles(CausalityInterfaceForComposites.java:96)
	at ptolemy.domains.de.kernel.DEDirector.preinitialize(DEDirector.java:1338)
	at ptolemy.actor.CompositeActor.preinitialize(CompositeActor.java:1828)
	at ptolemy.actor.Manager.preinitializeAndResolveTypes(Manager.java:1040)
	at ptolemy.actor.Manager.initialize(Manager.java:710)
	at ptolemy.actor.Manager.execute(Manager.java:356)
	at ptolemy.actor.Manager.run(Manager.java:1263)
	at ptolemy.actor.Manager$PtolemyRunThread.run(Manager.java:1933)
java.lang.reflect.InvocationTargetException
	at java.base/jdk.internal.reflect.NativeConstructorAccessorImpl.newInstance0(Native Method)
	at java.base/jdk.internal.reflect.NativeConstructorAccessorImpl.newInstance(NativeConstructorAccessorImpl.java:62)
	at java.base/jdk.internal.reflect.DelegatingConstructorAccessorImpl.newInstance(DelegatingConstructorAccessorImpl.java:45)
	at java.base/java.lang.reflect.Constructor.newInstance(Constructor.java:490)
	at ptolemy.util.test.junit.AutoKnownFailedTests.RunModel(AutoKnownFailedTests.java:105)
	at java.base/jdk.internal.reflect.NativeMethodAccessorImpl.invoke0(Native Method)
	at java.base/jdk.internal.reflect.NativeMethodAccessorImpl.invoke(NativeMethodAccessorImpl.java:62)
	at java.base/jdk.internal.reflect.DelegatingMethodAccessorImpl.invoke(DelegatingMethodAccessorImpl.java:43)
	at java.base/java.lang.reflect.Method.invoke(Method.java:566)
	at org.junit.runners.model.FrameworkMethod$1.runReflectiveCall(FrameworkMethod.java:44)
	at org.junit.internal.runners.model.ReflectiveCallable.run(ReflectiveCallable.java:15)
	at org.junit.runners.model.FrameworkMethod.invokeExplosively(FrameworkMethod.java:41)
	at junitparams.internal.InvokeParameterisedMethod.evaluate(InvokeParameterisedMethod.java:102)
	at org.junit.internal.runners.statements.FailOnTimeout$1.run(FailOnTimeout.java:28)
Caused by: ptolemy.kernel.util.IllegalActionException: Found a zero delay loop containing .dependencyLoop.original
  in .dependencyLoop and .dependencyLoop.original
	at ptolemy.actor.util.CausalityInterfaceForComposites._computeOutputPortDepth(CausalityInterfaceForComposites.java:759)
	at ptolemy.actor.util.CausalityInterfaceForComposites._computeInputDepth(CausalityInterfaceForComposites.java:696)
	at ptolemy.actor.util.CausalityInterfaceForComposites._computeOutputPortDepth(CausalityInterfaceForComposites.java:765)
	at ptolemy.actor.util.CausalityInterfaceForComposites._computeInputDepth(CausalityInterfaceForComposites.java:696)
	at ptolemy.actor.util.CausalityInterfaceForComposites._computeOutputPortDepth(CausalityInterfaceForComposites.java:765)
	at ptolemy.actor.util.CausalityInterfaceForComposites._computeInputDepth(CausalityInterfaceForComposites.java:696)
	at ptolemy.actor.util.CausalityInterfaceForComposites._computeActorDepth(CausalityInterfaceForComposites.java:532)
	at ptolemy.actor.util.CausalityInterfaceForComposites.checkForCycles(CausalityInterfaceForComposites.java:96)
	at ptolemy.domains.de.kernel.DEDirector.preinitialize(DEDirector.java:1338)
	at ptolemy.actor.CompositeActor.preinitialize(CompositeActor.java:1828)
	at ptolemy.actor.Manager.preinitializeAndResolveTypes(Manager.java:1040)
	at ptolemy.actor.Manager.initialize(Manager.java:710)
	at ptolemy.actor.Manager.execute(Manager.java:356)
	at ptolemy.actor.Manager.run(Manager.java:1263)
	at ptolemy.actor.Manager$PtolemyRunThread.run(Manager.java:1933)
java.lang.RuntimeException: Execution failed
	at ptolemy.moml.MoMLSimpleApplication$UnloadThread.run(MoMLSimpleApplication.java:402)
Caused by: ptolemy.kernel.util.IllegalActionException: Found a zero delay loop containing .dependencyLoop2.original
  in .dependencyLoop2 and .dependencyLoop2.original
	at ptolemy.actor.util.CausalityInterfaceForComposites._computeOutputPortDepth(CausalityInterfaceForComposites.java:759)
	at ptolemy.actor.util.CausalityInterfaceForComposites._computeInputDepth(CausalityInterfaceForComposites.java:696)
	at ptolemy.actor.util.CausalityInterfaceForComposites._computeOutputPortDepth(CausalityInterfaceForComposites.java:765)
	at ptolemy.actor.util.CausalityInterfaceForComposites._computeInputDepth(CausalityInterfaceForComposites.java:696)
	at ptolemy.actor.util.CausalityInterfaceForComposites._computeOutputPortDepth(CausalityInterfaceForComposites.java:765)
	at ptolemy.actor.util.CausalityInterfaceForComposites._computeInputDepth(CausalityInterfaceForComposites.java:696)
	at ptolemy.actor.util.CausalityInterfaceForComposites._computeActorDepth(CausalityInterfaceForComposites.java:532)
	at ptolemy.actor.util.CausalityInterfaceForComposites.checkForCycles(CausalityInterfaceForComposites.java:96)
	at ptolemy.domains.de.kernel.DEDirector.preinitialize(DEDirector.java:1338)
	at ptolemy.actor.CompositeActor.preinitialize(CompositeActor.java:1828)
	at ptolemy.actor.Manager.preinitializeAndResolveTypes(Manager.java:1040)
	at ptolemy.actor.Manager.initialize(Manager.java:710)
	at ptolemy.actor.Manager.execute(Manager.java:356)
	at ptolemy.actor.Manager.run(Manager.java:1263)
	at ptolemy.actor.Manager$PtolemyRunThread.run(Manager.java:1933)
java.lang.reflect.InvocationTargetException
	at java.base/jdk.internal.reflect.NativeConstructorAccessorImpl.newInstance0(Native Method)
	at java.base/jdk.internal.reflect.NativeConstructorAccessorImpl.newInstance(NativeConstructorAccessorImpl.java:62)
	at java.base/jdk.internal.reflect.DelegatingConstructorAccessorImpl.newInstance(DelegatingConstructorAccessorImpl.java:45)
	at java.base/java.lang.reflect.Constructor.newInstance(Constructor.java:490)
	at ptolemy.util.test.junit.AutoKnownFailedTests.RunModel(AutoKnownFailedTests.java:105)
	at java.base/jdk.internal.reflect.NativeMethodAccessorImpl.invoke0(Native Method)
	at java.base/jdk.internal.reflect.NativeMethodAccessorImpl.invoke(NativeMethodAccessorImpl.java:62)
	at java.base/jdk.internal.reflect.DelegatingMethodAccessorImpl.invoke(DelegatingMethodAccessorImpl.java:43)
	at java.base/java.lang.reflect.Method.invoke(Method.java:566)
	at org.junit.runners.model.FrameworkMethod$1.runReflectiveCall(FrameworkMethod.java:44)
	at org.junit.internal.runners.model.ReflectiveCallable.run(ReflectiveCallable.java:15)
	at org.junit.runners.model.FrameworkMethod.invokeExplosively(FrameworkMethod.java:41)
	at junitparams.internal.InvokeParameterisedMethod.evaluate(InvokeParameterisedMethod.java:102)
	at org.junit.internal.runners.statements.FailOnTimeout$1.run(FailOnTimeout.java:28)
Caused by: ptolemy.kernel.util.IllegalActionException: Found a zero delay loop containing .dependencyLoop2.original
  in .dependencyLoop2 and .dependencyLoop2.original
	at ptolemy.actor.util.CausalityInterfaceForComposites._computeOutputPortDepth(CausalityInterfaceForComposites.java:759)
	at ptolemy.actor.util.CausalityInterfaceForComposites._computeInputDepth(CausalityInterfaceForComposites.java:696)
	at ptolemy.actor.util.CausalityInterfaceForComposites._computeOutputPortDepth(CausalityInterfaceForComposites.java:765)
	at ptolemy.actor.util.CausalityInterfaceForComposites._computeInputDepth(CausalityInterfaceForComposites.java:696)
	at ptolemy.actor.util.CausalityInterfaceForComposites._computeOutputPortDepth(CausalityInterfaceForComposites.java:765)
	at ptolemy.actor.util.CausalityInterfaceForComposites._computeInputDepth(CausalityInterfaceForComposites.java:696)
	at ptolemy.actor.util.CausalityInterfaceForComposites._computeActorDepth(CausalityInterfaceForComposites.java:532)
	at ptolemy.actor.util.CausalityInterfaceForComposites.checkForCycles(CausalityInterfaceForComposites.java:96)
	at ptolemy.domains.de.kernel.DEDirector.preinitialize(DEDirector.java:1338)
	at ptolemy.actor.CompositeActor.preinitialize(CompositeActor.java:1828)
	at ptolemy.actor.Manager.preinitializeAndResolveTypes(Manager.java:1040)
	at ptolemy.actor.Manager.initialize(Manager.java:710)
	at ptolemy.actor.Manager.execute(Manager.java:356)
	at ptolemy.actor.Manager.run(Manager.java:1263)
	at ptolemy.actor.Manager$PtolemyRunThread.run(Manager.java:1933)
]]></system-err>
</testsuite>
