<?xml version="1.0" encoding="UTF-8" ?>
<testsuite errors="0" failures="0" hostname="travis-job-0f7e8df9-4bdf-4119-ae60-9fc0a026db7b" name="ptolemy.actor.lib.hoc.test.junit.JUnitTclTest" skipped="0" tests="58" time="34.471" timestamp="2019-07-18T17:23:01">
  <properties>
[...]
</properties>
  <testcase classname="ptolemy.util.test.junit.TclTests" name="[0] /home/travis/build/icyphy/ptII/ptolemy/actor/lib/hoc/test/IterateOverArray.tcl (RunTclFile)" time="0.309" />
  <testcase classname="ptolemy.util.test.junit.AutoKnownFailedTests" name="[0] /home/travis/build/icyphy/ptII/ptolemy/actor/lib/hoc/test/auto/knownFailedTests/PreinitializeMustBeInvokedRunComposite.xml (RunModel)" time="0.478" />
  <testcase classname="ptolemy.util.test.junit.AutoNameArchTests" name="[0] ThereAreNoAutoArchTests (RunModel)" time="0.009" />
  <testcase classname="ptolemy.util.test.junit.AutoTests" name="[0] /home/travis/build/icyphy/ptII/ptolemy/actor/lib/hoc/test/auto/AllToAllMultiInstanceComposite.xml (RunModel)" time="0.496" />
  <testcase classname="ptolemy.util.test.junit.AutoTests" name="[1] /home/travis/build/icyphy/ptII/ptolemy/actor/lib/hoc/test/auto/ApplyFFTTest.xml (RunModel)" time="0.4" />
  <testcase classname="ptolemy.util.test.junit.AutoTests" name="[2] /home/travis/build/icyphy/ptII/ptolemy/actor/lib/hoc/test/auto/ApplyFunction.xml (RunModel)" time="0.034" />
  <testcase classname="ptolemy.util.test.junit.AutoTests" name="[3] /home/travis/build/icyphy/ptII/ptolemy/actor/lib/hoc/test/auto/BackgroundExecution.xml (RunModel)" time="0.748" />
  <testcase classname="ptolemy.util.test.junit.AutoTests" name="[4] /home/travis/build/icyphy/ptII/ptolemy/actor/lib/hoc/test/auto/Case.xml (RunModel)" time="0.111" />
  <testcase classname="ptolemy.util.test.junit.AutoTests" name="[5] /home/travis/build/icyphy/ptII/ptolemy/actor/lib/hoc/test/auto/Case1.xml (RunModel)" time="0.078" />
  <testcase classname="ptolemy.util.test.junit.AutoTests" name="[6] /home/travis/build/icyphy/ptII/ptolemy/actor/lib/hoc/test/auto/Case2.xml (RunModel)" time="0.107" />
  <testcase classname="ptolemy.util.test.junit.AutoTests" name="[7] /home/travis/build/icyphy/ptII/ptolemy/actor/lib/hoc/test/auto/Case3.xml (RunModel)" time="0.042" />
  <testcase classname="ptolemy.util.test.junit.AutoTests" name="[8] /home/travis/build/icyphy/ptII/ptolemy/actor/lib/hoc/test/auto/Case4.xml (RunModel)" time="0.083" />
  <testcase classname="ptolemy.util.test.junit.AutoTests" name="[9] /home/travis/build/icyphy/ptII/ptolemy/actor/lib/hoc/test/auto/Case5.xml (RunModel)" time="0.081" />
  <testcase classname="ptolemy.util.test.junit.AutoTests" name="[10] /home/travis/build/icyphy/ptII/ptolemy/actor/lib/hoc/test/auto/Case6.xml (RunModel)" time="0.129" />
  <testcase classname="ptolemy.util.test.junit.AutoTests" name="[11] /home/travis/build/icyphy/ptII/ptolemy/actor/lib/hoc/test/auto/CaseString2.xml (RunModel)" time="0.07" />
  <testcase classname="ptolemy.util.test.junit.AutoTests" name="[12] /home/travis/build/icyphy/ptII/ptolemy/actor/lib/hoc/test/auto/CatchUpComposite1.xml (RunModel)" time="0.096" />
  <testcase classname="ptolemy.util.test.junit.AutoTests" name="[13] /home/travis/build/icyphy/ptII/ptolemy/actor/lib/hoc/test/auto/CatchUpComposite2.xml (RunModel)" time="0.079" />
  <testcase classname="ptolemy.util.test.junit.AutoTests" name="[14] /home/travis/build/icyphy/ptII/ptolemy/actor/lib/hoc/test/auto/CatchUpComposite3.xml (RunModel)" time="0.07" />
  <testcase classname="ptolemy.util.test.junit.AutoTests" name="[15] /home/travis/build/icyphy/ptII/ptolemy/actor/lib/hoc/test/auto/CatchUpComposite4.xml (RunModel)" time="0.068" />
  <testcase classname="ptolemy.util.test.junit.AutoTests" name="[16] /home/travis/build/icyphy/ptII/ptolemy/actor/lib/hoc/test/auto/CatchUpComposite5.xml (RunModel)" time="0.055" />
  <testcase classname="ptolemy.util.test.junit.AutoTests" name="[17] /home/travis/build/icyphy/ptII/ptolemy/actor/lib/hoc/test/auto/CatchUpComposite6.xml (RunModel)" time="0.176" />
  <testcase classname="ptolemy.util.test.junit.AutoTests" name="[18] /home/travis/build/icyphy/ptII/ptolemy/actor/lib/hoc/test/auto/CatchUpComposite7.xml (RunModel)" time="0.098" />
  <testcase classname="ptolemy.util.test.junit.AutoTests" name="[19] /home/travis/build/icyphy/ptII/ptolemy/actor/lib/hoc/test/auto/ConcurrentExecutionTimeSDF.xml (RunModel)" time="1.692" />
  <testcase classname="ptolemy.util.test.junit.AutoTests" name="[20] /home/travis/build/icyphy/ptII/ptolemy/actor/lib/hoc/test/auto/ConcurrentSleep.xml (RunModel)" time="0.764" />
  <testcase classname="ptolemy.util.test.junit.AutoTests" name="[21] /home/travis/build/icyphy/ptII/ptolemy/actor/lib/hoc/test/auto/DEInPNInRunCompositeActor.xml (RunModel)" time="0.042" />
  <testcase classname="ptolemy.util.test.junit.AutoTests" name="[22] /home/travis/build/icyphy/ptII/ptolemy/actor/lib/hoc/test/auto/DFTSubSetTest.xml (RunModel)" time="0.346" />
  <testcase classname="ptolemy.util.test.junit.AutoTests" name="[23] /home/travis/build/icyphy/ptII/ptolemy/actor/lib/hoc/test/auto/HocDE.xml (RunModel)" time="0.183" />
  <testcase classname="ptolemy.util.test.junit.AutoTests" name="[24] /home/travis/build/icyphy/ptII/ptolemy/actor/lib/hoc/test/auto/IterateOverArray.xml (RunModel)" time="0.035" />
  <testcase classname="ptolemy.util.test.junit.AutoTests" name="[25] /home/travis/build/icyphy/ptII/ptolemy/actor/lib/hoc/test/auto/IterateOverArray10.xml (RunModel)" time="0.018" />
  <testcase classname="ptolemy.util.test.junit.AutoTests" name="[26] /home/travis/build/icyphy/ptII/ptolemy/actor/lib/hoc/test/auto/IterateOverArray11.xml (RunModel)" time="0.042" />
  <testcase classname="ptolemy.util.test.junit.AutoTests" name="[27] /home/travis/build/icyphy/ptII/ptolemy/actor/lib/hoc/test/auto/IterateOverArray12.xml (RunModel)" time="0.038" />
  <testcase classname="ptolemy.util.test.junit.AutoTests" name="[28] /home/travis/build/icyphy/ptII/ptolemy/actor/lib/hoc/test/auto/IterateOverArray13.xml (RunModel)" time="0.187" />
  <testcase classname="ptolemy.util.test.junit.AutoTests" name="[29] /home/travis/build/icyphy/ptII/ptolemy/actor/lib/hoc/test/auto/IterateOverArray14.xml (RunModel)" time="0.169" />
  <testcase classname="ptolemy.util.test.junit.AutoTests" name="[30] /home/travis/build/icyphy/ptII/ptolemy/actor/lib/hoc/test/auto/IterateOverArray2.xml (RunModel)" time="0.031" />
  <testcase classname="ptolemy.util.test.junit.AutoTests" name="[31] /home/travis/build/icyphy/ptII/ptolemy/actor/lib/hoc/test/auto/IterateOverArray3.xml (RunModel)" time="0.046" />
  <testcase classname="ptolemy.util.test.junit.AutoTests" name="[32] /home/travis/build/icyphy/ptII/ptolemy/actor/lib/hoc/test/auto/IterateOverArray4.xml (RunModel)" time="0.031" />
  <testcase classname="ptolemy.util.test.junit.AutoTests" name="[33] /home/travis/build/icyphy/ptII/ptolemy/actor/lib/hoc/test/auto/IterateOverArray5.xml (RunModel)" time="0.026" />
  <testcase classname="ptolemy.util.test.junit.AutoTests" name="[34] /home/travis/build/icyphy/ptII/ptolemy/actor/lib/hoc/test/auto/IterateOverArray6.xml (RunModel)" time="0.018" />
  <testcase classname="ptolemy.util.test.junit.AutoTests" name="[35] /home/travis/build/icyphy/ptII/ptolemy/actor/lib/hoc/test/auto/IterateOverArray7.xml (RunModel)" time="0.021" />
  <testcase classname="ptolemy.util.test.junit.AutoTests" name="[36] /home/travis/build/icyphy/ptII/ptolemy/actor/lib/hoc/test/auto/IterateOverArray8.xml (RunModel)" time="0.023" />
  <testcase classname="ptolemy.util.test.junit.AutoTests" name="[37] /home/travis/build/icyphy/ptII/ptolemy/actor/lib/hoc/test/auto/IterateOverArray9.xml (RunModel)" time="0.032" />
  <testcase classname="ptolemy.util.test.junit.AutoTests" name="[38] /home/travis/build/icyphy/ptII/ptolemy/actor/lib/hoc/test/auto/IterateOverArrayCoercedOutputType.xml (RunModel)" time="0.051" />
  <testcase classname="ptolemy.util.test.junit.AutoTests" name="[39] /home/travis/build/icyphy/ptII/ptolemy/actor/lib/hoc/test/auto/IterateOverArrayInferredOutputType.xml (RunModel)" time="0.025" />
  <testcase classname="ptolemy.util.test.junit.AutoTests" name="[40] /home/travis/build/icyphy/ptII/ptolemy/actor/lib/hoc/test/auto/MobileFunctionTest.xml (RunModel)" time="0.036" />
  <testcase classname="ptolemy.util.test.junit.AutoTests" name="[41] /home/travis/build/icyphy/ptII/ptolemy/actor/lib/hoc/test/auto/MobileModelTest.xml (RunModel)" time="0.216" />
  <testcase classname="ptolemy.util.test.junit.AutoTests" name="[42] /home/travis/build/icyphy/ptII/ptolemy/actor/lib/hoc/test/auto/ModelReference.xml (RunModel)" time="0.068" />
  <testcase classname="ptolemy.util.test.junit.AutoTests" name="[43] /home/travis/build/icyphy/ptII/ptolemy/actor/lib/hoc/test/auto/ModelReference3.xml (RunModel)" time="0.052" />
  <testcase classname="ptolemy.util.test.junit.AutoTests" name="[44] /home/travis/build/icyphy/ptII/ptolemy/actor/lib/hoc/test/auto/ModelReference4.xml (RunModel)" time="10.028" />
  <testcase classname="ptolemy.util.test.junit.AutoTests" name="[45] /home/travis/build/icyphy/ptII/ptolemy/actor/lib/hoc/test/auto/MultiInstanceComposite.xml (RunModel)" time="0.066" />
  <testcase classname="ptolemy.util.test.junit.AutoTests" name="[46] /home/travis/build/icyphy/ptII/ptolemy/actor/lib/hoc/test/auto/MultiInstanceComposite2.xml (RunModel)" time="0.049" />
  <testcase classname="ptolemy.util.test.junit.AutoTests" name="[47] /home/travis/build/icyphy/ptII/ptolemy/actor/lib/hoc/test/auto/MulticoreExecution.xml (RunModel)" time="1.073" />
  <testcase classname="ptolemy.util.test.junit.AutoTests" name="[48] /home/travis/build/icyphy/ptII/ptolemy/actor/lib/hoc/test/auto/ParallelExecution.xml (RunModel)" time="0.936" />
  <testcase classname="ptolemy.util.test.junit.AutoTests" name="[49] /home/travis/build/icyphy/ptII/ptolemy/actor/lib/hoc/test/auto/RunCompositeActor.xml (RunModel)" time="0.022" />
  <testcase classname="ptolemy.util.test.junit.AutoTests" name="[50] /home/travis/build/icyphy/ptII/ptolemy/actor/lib/hoc/test/auto/RunCompositeActor2.xml (RunModel)" time="0.021" />
  <testcase classname="ptolemy.util.test.junit.AutoTests" name="[51] /home/travis/build/icyphy/ptII/ptolemy/actor/lib/hoc/test/auto/RunCompositeActor3.xml (RunModel)" time="0.02" />
  <testcase classname="ptolemy.util.test.junit.AutoTests" name="[52] /home/travis/build/icyphy/ptII/ptolemy/actor/lib/hoc/test/auto/RunCompositeActor4.xml (RunModel)" time="0.027" />
  <testcase classname="ptolemy.util.test.junit.AutoTests" name="[53] /home/travis/build/icyphy/ptII/ptolemy/actor/lib/hoc/test/auto/RunCompositeIterateOverArray.xml (RunModel)" time="0.03" />
  <testcase classname="ptolemy.util.test.junit.AutoTests" name="[54] /home/travis/build/icyphy/ptII/ptolemy/actor/lib/hoc/test/auto/ThreadedJS.xml (RunModel)" time="13.448" />
  <system-out><![CDATA[/home/travis/build/icyphy/ptII/ptolemy/actor/lib/hoc/test/IterateOverArray.tcl
testDefs.tcl: setting time out to 9000 seconds at Thu Jul 18 17:23:01 UTC 2019
07/18/19 05:23:01
Failed: 0  Total Tests: 2  ((Passed: 2, Newly Passed: 0)  Known Failed: 0) /home/travis/build/icyphy/ptII/ptolemy/actor/lib/hoc/test
----------------- testing (KnownFailure) /home/travis/build/icyphy/ptII/ptolemy/actor/lib/hoc/test/auto/knownFailedTests/PreinitializeMustBeInvokedRunComposite.xml
172 ms. Memory: 120832K Free: 79811K (66%)
Known Failure: java.lang.reflect.InvocationTargetException
No auto/linux-amd64/*.xml tests in /home/travis/build/icyphy/ptII/ptolemy/actor/lib/hoc/test
AutoTests.java: About to close Vertx.
AutoTests.java: Vertx closed.

===========================================================================================
----------------- testing Thu Jul 18 17:23:02 UTC 2019 /home/travis/build/icyphy/ptII/ptolemy/actor/lib/hoc/test/auto/AllToAllMultiInstanceComposite.xml
----------------- Instantiating /home/travis/build/icyphy/ptII/ptolemy/actor/lib/hoc/test/auto/AllToAllMultiInstanceComposite.xml
218 ms. Memory: 120832K Free: 92931K (77%)
----------------- Invoking toplevel() on ptolemy.moml.MoMLSimpleApplication@27b503d4
----------------- Done invoking toplevel() on ptolemy.moml.MoMLSimpleApplication@27b503d4
reloadAllAccessors: .AllToAllMultiInstanceComposite

===========================================================================================
----------------- testing Thu Jul 18 17:23:03 UTC 2019 /home/travis/build/icyphy/ptII/ptolemy/actor/lib/hoc/test/auto/ApplyFFTTest.xml
----------------- Instantiating /home/travis/build/icyphy/ptII/ptolemy/actor/lib/hoc/test/auto/ApplyFFTTest.xml
144 ms. Memory: 120832K Free: 96820K (80%)
----------------- Invoking toplevel() on ptolemy.moml.MoMLSimpleApplication@49b01052
----------------- Done invoking toplevel() on ptolemy.moml.MoMLSimpleApplication@49b01052
reloadAllAccessors: .ApplyFFTTest

===========================================================================================
----------------- testing Thu Jul 18 17:23:03 UTC 2019 /home/travis/build/icyphy/ptII/ptolemy/actor/lib/hoc/test/auto/ApplyFunction.xml
----------------- Instantiating /home/travis/build/icyphy/ptII/ptolemy/actor/lib/hoc/test/auto/ApplyFunction.xml
13 ms. Memory: 120832K Free: 93514K (77%)
----------------- Invoking toplevel() on ptolemy.moml.MoMLSimpleApplication@f8493c6
----------------- Done invoking toplevel() on ptolemy.moml.MoMLSimpleApplication@f8493c6
reloadAllAccessors: .ApplyFunction

===========================================================================================
----------------- testing Thu Jul 18 17:23:03 UTC 2019 /home/travis/build/icyphy/ptII/ptolemy/actor/lib/hoc/test/auto/BackgroundExecution.xml
----------------- Instantiating /home/travis/build/icyphy/ptII/ptolemy/actor/lib/hoc/test/auto/BackgroundExecution.xml
625 ms. Memory: 120832K Free: 86156K (71%)
----------------- Invoking toplevel() on ptolemy.moml.MoMLSimpleApplication@493f0f47
----------------- Done invoking toplevel() on ptolemy.moml.MoMLSimpleApplication@493f0f47
reloadAllAccessors: .BackgroundExecution

===========================================================================================
----------------- testing Thu Jul 18 17:23:04 UTC 2019 /home/travis/build/icyphy/ptII/ptolemy/actor/lib/hoc/test/auto/Case.xml
----------------- Instantiating /home/travis/build/icyphy/ptII/ptolemy/actor/lib/hoc/test/auto/Case.xml
31 ms. Memory: 120832K Free: 79214K (66%)
----------------- Invoking toplevel() on ptolemy.moml.MoMLSimpleApplication@e4e550f
----------------- Done invoking toplevel() on ptolemy.moml.MoMLSimpleApplication@e4e550f
reloadAllAccessors: .Case

===========================================================================================
----------------- testing Thu Jul 18 17:23:04 UTC 2019 /home/travis/build/icyphy/ptII/ptolemy/actor/lib/hoc/test/auto/Case1.xml
----------------- Instantiating /home/travis/build/icyphy/ptII/ptolemy/actor/lib/hoc/test/auto/Case1.xml
30 ms. Memory: 157696K Free: 139928K (89%)
----------------- Invoking toplevel() on ptolemy.moml.MoMLSimpleApplication@290313de
----------------- Done invoking toplevel() on ptolemy.moml.MoMLSimpleApplication@290313de
reloadAllAccessors: .Case1

===========================================================================================
----------------- testing Thu Jul 18 17:23:04 UTC 2019 /home/travis/build/icyphy/ptII/ptolemy/actor/lib/hoc/test/auto/Case2.xml
----------------- Instantiating /home/travis/build/icyphy/ptII/ptolemy/actor/lib/hoc/test/auto/Case2.xml
28 ms. Memory: 157696K Free: 129283K (82%)
----------------- Invoking toplevel() on ptolemy.moml.MoMLSimpleApplication@624c6973
----------------- Done invoking toplevel() on ptolemy.moml.MoMLSimpleApplication@624c6973
reloadAllAccessors: .Case2

===========================================================================================
----------------- testing Thu Jul 18 17:23:04 UTC 2019 /home/travis/build/icyphy/ptII/ptolemy/actor/lib/hoc/test/auto/Case3.xml
----------------- Instantiating /home/travis/build/icyphy/ptII/ptolemy/actor/lib/hoc/test/auto/Case3.xml
15 ms. Memory: 157696K Free: 123139K (78%)
----------------- Invoking toplevel() on ptolemy.moml.MoMLSimpleApplication@6ebad9b7
----------------- Done invoking toplevel() on ptolemy.moml.MoMLSimpleApplication@6ebad9b7
reloadAllAccessors: .Case3

===========================================================================================
----------------- testing Thu Jul 18 17:23:04 UTC 2019 /home/travis/build/icyphy/ptII/ptolemy/actor/lib/hoc/test/auto/Case4.xml
----------------- Instantiating /home/travis/build/icyphy/ptII/ptolemy/actor/lib/hoc/test/auto/Case4.xml
21 ms. Memory: 157696K Free: 115359K (73%)
----------------- Invoking toplevel() on ptolemy.moml.MoMLSimpleApplication@64cd186
----------------- Done invoking toplevel() on ptolemy.moml.MoMLSimpleApplication@64cd186
reloadAllAccessors: .Case4

===========================================================================================
----------------- testing Thu Jul 18 17:23:04 UTC 2019 /home/travis/build/icyphy/ptII/ptolemy/actor/lib/hoc/test/auto/Case5.xml
----------------- Instantiating /home/travis/build/icyphy/ptII/ptolemy/actor/lib/hoc/test/auto/Case5.xml
46 ms. Memory: 157696K Free: 109226K (69%)
----------------- Invoking toplevel() on ptolemy.moml.MoMLSimpleApplication@6e208124
----------------- Done invoking toplevel() on ptolemy.moml.MoMLSimpleApplication@6e208124
reloadAllAccessors: .junk

===========================================================================================
----------------- testing Thu Jul 18 17:23:04 UTC 2019 /home/travis/build/icyphy/ptII/ptolemy/actor/lib/hoc/test/auto/Case6.xml
----------------- Instantiating /home/travis/build/icyphy/ptII/ptolemy/actor/lib/hoc/test/auto/Case6.xml
44 ms. Memory: 157696K Free: 141495K (90%)
----------------- Invoking toplevel() on ptolemy.moml.MoMLSimpleApplication@5273e76a
----------------- Done invoking toplevel() on ptolemy.moml.MoMLSimpleApplication@5273e76a
reloadAllAccessors: .Case6

===========================================================================================
----------------- testing Thu Jul 18 17:23:04 UTC 2019 /home/travis/build/icyphy/ptII/ptolemy/actor/lib/hoc/test/auto/CaseString2.xml
----------------- Instantiating /home/travis/build/icyphy/ptII/ptolemy/actor/lib/hoc/test/auto/CaseString2.xml
20 ms. Memory: 157696K Free: 133503K (85%)
----------------- Invoking toplevel() on ptolemy.moml.MoMLSimpleApplication@4598280d
----------------- Done invoking toplevel() on ptolemy.moml.MoMLSimpleApplication@4598280d
reloadAllAccessors: .CaseString2

===========================================================================================
----------------- testing Thu Jul 18 17:23:05 UTC 2019 /home/travis/build/icyphy/ptII/ptolemy/actor/lib/hoc/test/auto/CatchUpComposite1.xml
----------------- Instantiating /home/travis/build/icyphy/ptII/ptolemy/actor/lib/hoc/test/auto/CatchUpComposite1.xml
39 ms. Memory: 157696K Free: 124572K (79%)
----------------- Invoking toplevel() on ptolemy.moml.MoMLSimpleApplication@2efbe65b
----------------- Done invoking toplevel() on ptolemy.moml.MoMLSimpleApplication@2efbe65b
reloadAllAccessors: .CatchUpComposite1

===========================================================================================
----------------- testing Thu Jul 18 17:23:05 UTC 2019 /home/travis/build/icyphy/ptII/ptolemy/actor/lib/hoc/test/auto/CatchUpComposite2.xml
----------------- Instantiating /home/travis/build/icyphy/ptII/ptolemy/actor/lib/hoc/test/auto/CatchUpComposite2.xml
13 ms. Memory: 157696K Free: 116364K (74%)
----------------- Invoking toplevel() on ptolemy.moml.MoMLSimpleApplication@6cee4e06
----------------- Done invoking toplevel() on ptolemy.moml.MoMLSimpleApplication@6cee4e06
reloadAllAccessors: .CatchUpComposite2

===========================================================================================
----------------- testing Thu Jul 18 17:23:05 UTC 2019 /home/travis/build/icyphy/ptII/ptolemy/actor/lib/hoc/test/auto/CatchUpComposite3.xml
----------------- Instantiating /home/travis/build/icyphy/ptII/ptolemy/actor/lib/hoc/test/auto/CatchUpComposite3.xml
32 ms. Memory: 157696K Free: 107903K (68%)
----------------- Invoking toplevel() on ptolemy.moml.MoMLSimpleApplication@48118fa6
----------------- Done invoking toplevel() on ptolemy.moml.MoMLSimpleApplication@48118fa6
reloadAllAccessors: .CatchUpComposite3

===========================================================================================
----------------- testing Thu Jul 18 17:23:05 UTC 2019 /home/travis/build/icyphy/ptII/ptolemy/actor/lib/hoc/test/auto/CatchUpComposite4.xml
----------------- Instantiating /home/travis/build/icyphy/ptII/ptolemy/actor/lib/hoc/test/auto/CatchUpComposite4.xml
18 ms. Memory: 157696K Free: 100735K (64%)
----------------- Invoking toplevel() on ptolemy.moml.MoMLSimpleApplication@58537ca
----------------- Done invoking toplevel() on ptolemy.moml.MoMLSimpleApplication@58537ca
reloadAllAccessors: .CatchUpComposite4

===========================================================================================
----------------- testing Thu Jul 18 17:23:05 UTC 2019 /home/travis/build/icyphy/ptII/ptolemy/actor/lib/hoc/test/auto/CatchUpComposite5.xml
----------------- Instantiating /home/travis/build/icyphy/ptII/ptolemy/actor/lib/hoc/test/auto/CatchUpComposite5.xml
21 ms. Memory: 157696K Free: 92798K (59%)
----------------- Invoking toplevel() on ptolemy.moml.MoMLSimpleApplication@25db7d16
----------------- Done invoking toplevel() on ptolemy.moml.MoMLSimpleApplication@25db7d16
reloadAllAccessors: .CatchUpComposite5

===========================================================================================
----------------- testing Thu Jul 18 17:23:05 UTC 2019 /home/travis/build/icyphy/ptII/ptolemy/actor/lib/hoc/test/auto/CatchUpComposite6.xml
----------------- Instantiating /home/travis/build/icyphy/ptII/ptolemy/actor/lib/hoc/test/auto/CatchUpComposite6.xml
WARNING: The execution aspects in this model can influence the timing of actors by delaying the 
execution, potentially changing the behavior. There is no guarantee that actors fire at the 
time they request to be fired. 
Use Ptides for deterministic DE behavior that is not influenced by execution aspects. 

76 ms. Memory: 157696K Free: 133303K (85%)
----------------- Invoking toplevel() on ptolemy.moml.MoMLSimpleApplication@4eed3319
----------------- Done invoking toplevel() on ptolemy.moml.MoMLSimpleApplication@4eed3319
reloadAllAccessors: .CatchUpComposite6

===========================================================================================
----------------- testing Thu Jul 18 17:23:05 UTC 2019 /home/travis/build/icyphy/ptII/ptolemy/actor/lib/hoc/test/auto/CatchUpComposite7.xml
----------------- Instantiating /home/travis/build/icyphy/ptII/ptolemy/actor/lib/hoc/test/auto/CatchUpComposite7.xml
WARNING: The execution aspects in this model can influence the timing of actors by delaying the 
execution, potentially changing the behavior. There is no guarantee that actors fire at the 
time they request to be fired. 
Use Ptides for deterministic DE behavior that is not influenced by execution aspects. 

46 ms. Memory: 157696K Free: 119539K (76%)
----------------- Invoking toplevel() on ptolemy.moml.MoMLSimpleApplication@746c06c0
----------------- Done invoking toplevel() on ptolemy.moml.MoMLSimpleApplication@746c06c0
reloadAllAccessors: .CatchUpComposite7

===========================================================================================
----------------- testing Thu Jul 18 17:23:05 UTC 2019 /home/travis/build/icyphy/ptII/ptolemy/actor/lib/hoc/test/auto/ConcurrentExecutionTimeSDF.xml
----------------- Instantiating /home/travis/build/icyphy/ptII/ptolemy/actor/lib/hoc/test/auto/ConcurrentExecutionTimeSDF.xml
Fired ExecutionTime: 40400000
Fired ExecutionTime: 40400000
Fired ExecutionTime: 40400000
Fired ExecutionTime: 40400000
Fired ExecutionTime: 40400000
Fired ExecutionTime: 40400000
Fired ExecutionTime: 40400000
Fired ExecutionTime: 40400000
Fired ExecutionTime: 40400000
Fired ExecutionTime: 40400000
Fired ExecutionTime: 40400000
Fired ExecutionTime: 40400000
Fired ExecutionTime: 40400000
Fired ExecutionTime: 40400000
Fired ExecutionTime: 40400000
Fired ExecutionTime: 40400000
Fired ExecutionTime: 40400000
Fired ExecutionTime: 40400000
Fired ExecutionTime: 40400000
Fired ExecutionTime: 40400000
1656 ms. Memory: 157696K Free: 112371K (71%)
----------------- Invoking toplevel() on ptolemy.moml.MoMLSimpleApplication@ee292d
----------------- Done invoking toplevel() on ptolemy.moml.MoMLSimpleApplication@ee292d
reloadAllAccessors: .ConcurrentExecutionTimeSDF

===========================================================================================
----------------- testing Thu Jul 18 17:23:07 UTC 2019 /home/travis/build/icyphy/ptII/ptolemy/actor/lib/hoc/test/auto/ConcurrentSleep.xml
----------------- Instantiating /home/travis/build/icyphy/ptII/ptolemy/actor/lib/hoc/test/auto/ConcurrentSleep.xml
730 ms. Memory: 157696K Free: 102131K (65%)
----------------- Invoking toplevel() on ptolemy.moml.MoMLSimpleApplication@27a0e50a
----------------- Done invoking toplevel() on ptolemy.moml.MoMLSimpleApplication@27a0e50a
reloadAllAccessors: .ConcurrentSleep

===========================================================================================
----------------- testing Thu Jul 18 17:23:08 UTC 2019 /home/travis/build/icyphy/ptII/ptolemy/actor/lib/hoc/test/auto/DEInPNInRunCompositeActor.xml
----------------- Instantiating /home/travis/build/icyphy/ptII/ptolemy/actor/lib/hoc/test/auto/DEInPNInRunCompositeActor.xml
13 ms. Memory: 157696K Free: 97011K (62%)
----------------- Invoking toplevel() on ptolemy.moml.MoMLSimpleApplication@5bbde830
----------------- Done invoking toplevel() on ptolemy.moml.MoMLSimpleApplication@5bbde830
reloadAllAccessors: .DEInPNInRunCompositeActor

===========================================================================================
----------------- testing Thu Jul 18 17:23:08 UTC 2019 /home/travis/build/icyphy/ptII/ptolemy/actor/lib/hoc/test/auto/DFTSubSetTest.xml
----------------- Instantiating /home/travis/build/icyphy/ptII/ptolemy/actor/lib/hoc/test/auto/DFTSubSetTest.xml
209 ms. Memory: 157696K Free: 121575K (77%)
----------------- Invoking toplevel() on ptolemy.moml.MoMLSimpleApplication@320954a0
----------------- Done invoking toplevel() on ptolemy.moml.MoMLSimpleApplication@320954a0
reloadAllAccessors: .DFTSubSetTest

===========================================================================================
----------------- testing Thu Jul 18 17:23:08 UTC 2019 /home/travis/build/icyphy/ptII/ptolemy/actor/lib/hoc/test/auto/HocDE.xml
----------------- Instantiating /home/travis/build/icyphy/ptII/ptolemy/actor/lib/hoc/test/auto/HocDE.xml
135 ms. Memory: 157696K Free: 96219K (61%)
----------------- Invoking toplevel() on ptolemy.moml.MoMLSimpleApplication@6f4182bd
----------------- Done invoking toplevel() on ptolemy.moml.MoMLSimpleApplication@6f4182bd
reloadAllAccessors: .HocDE

===========================================================================================
----------------- testing Thu Jul 18 17:23:08 UTC 2019 /home/travis/build/icyphy/ptII/ptolemy/actor/lib/hoc/test/auto/IterateOverArray.xml
----------------- Instantiating /home/travis/build/icyphy/ptII/ptolemy/actor/lib/hoc/test/auto/IterateOverArray.xml
6 ms. Memory: 157696K Free: 91879K (58%)
----------------- Invoking toplevel() on ptolemy.moml.MoMLSimpleApplication@322afc29
----------------- Done invoking toplevel() on ptolemy.moml.MoMLSimpleApplication@322afc29
reloadAllAccessors: .IterateOverArray

===========================================================================================
----------------- testing Thu Jul 18 17:23:08 UTC 2019 /home/travis/build/icyphy/ptII/ptolemy/actor/lib/hoc/test/auto/IterateOverArray10.xml
----------------- Instantiating /home/travis/build/icyphy/ptII/ptolemy/actor/lib/hoc/test/auto/IterateOverArray10.xml
3 ms. Memory: 157696K Free: 88807K (56%)
----------------- Invoking toplevel() on ptolemy.moml.MoMLSimpleApplication@6fef4c1b
----------------- Done invoking toplevel() on ptolemy.moml.MoMLSimpleApplication@6fef4c1b
reloadAllAccessors: .IterateOverArray10

===========================================================================================
----------------- testing Thu Jul 18 17:23:08 UTC 2019 /home/travis/build/icyphy/ptII/ptolemy/actor/lib/hoc/test/auto/IterateOverArray11.xml
----------------- Instantiating /home/travis/build/icyphy/ptII/ptolemy/actor/lib/hoc/test/auto/IterateOverArray11.xml
12 ms. Memory: 157696K Free: 84954K (54%)
----------------- Invoking toplevel() on ptolemy.moml.MoMLSimpleApplication@3083b452
----------------- Done invoking toplevel() on ptolemy.moml.MoMLSimpleApplication@3083b452
reloadAllAccessors: .IterateOverArray11

===========================================================================================
----------------- testing Thu Jul 18 17:23:08 UTC 2019 /home/travis/build/icyphy/ptII/ptolemy/actor/lib/hoc/test/auto/IterateOverArray12.xml
----------------- Instantiating /home/travis/build/icyphy/ptII/ptolemy/actor/lib/hoc/test/auto/IterateOverArray12.xml
17 ms. Memory: 157696K Free: 79200K (50%)
----------------- Invoking toplevel() on ptolemy.moml.MoMLSimpleApplication@68621948
----------------- Done invoking toplevel() on ptolemy.moml.MoMLSimpleApplication@68621948
reloadAllAccessors: .IterateOverArray12

===========================================================================================
----------------- testing Thu Jul 18 17:23:08 UTC 2019 /home/travis/build/icyphy/ptII/ptolemy/actor/lib/hoc/test/auto/IterateOverArray13.xml
----------------- Instantiating /home/travis/build/icyphy/ptII/ptolemy/actor/lib/hoc/test/auto/IterateOverArray13.xml
77 ms. Memory: 157696K Free: 129273K (82%)
----------------- Invoking toplevel() on ptolemy.moml.MoMLSimpleApplication@a1dbcc6
----------------- Done invoking toplevel() on ptolemy.moml.MoMLSimpleApplication@a1dbcc6
reloadAllAccessors: .IterateOverArray13

===========================================================================================
----------------- testing Thu Jul 18 17:23:09 UTC 2019 /home/travis/build/icyphy/ptII/ptolemy/actor/lib/hoc/test/auto/IterateOverArray14.xml
----------------- Instantiating /home/travis/build/icyphy/ptII/ptolemy/actor/lib/hoc/test/auto/IterateOverArray14.xml
74 ms. Memory: 157696K Free: 97015K (62%)
----------------- Invoking toplevel() on ptolemy.moml.MoMLSimpleApplication@4b72b945
----------------- Done invoking toplevel() on ptolemy.moml.MoMLSimpleApplication@4b72b945
reloadAllAccessors: .IterateOverArray14

===========================================================================================
----------------- testing Thu Jul 18 17:23:09 UTC 2019 /home/travis/build/icyphy/ptII/ptolemy/actor/lib/hoc/test/auto/IterateOverArray2.xml
----------------- Instantiating /home/travis/build/icyphy/ptII/ptolemy/actor/lib/hoc/test/auto/IterateOverArray2.xml
9 ms. Memory: 157696K Free: 92409K (59%)
----------------- Invoking toplevel() on ptolemy.moml.MoMLSimpleApplication@f6c94fa
----------------- Done invoking toplevel() on ptolemy.moml.MoMLSimpleApplication@f6c94fa
reloadAllAccessors: .IterateOverArray2

===========================================================================================
----------------- testing Thu Jul 18 17:23:09 UTC 2019 /home/travis/build/icyphy/ptII/ptolemy/actor/lib/hoc/test/auto/IterateOverArray3.xml
----------------- Instantiating /home/travis/build/icyphy/ptII/ptolemy/actor/lib/hoc/test/auto/IterateOverArray3.xml
17 ms. Memory: 157696K Free: 86746K (55%)
----------------- Invoking toplevel() on ptolemy.moml.MoMLSimpleApplication@666b77c5
----------------- Done invoking toplevel() on ptolemy.moml.MoMLSimpleApplication@666b77c5
reloadAllAccessors: .IterateOverArray3

===========================================================================================
----------------- testing Thu Jul 18 17:23:09 UTC 2019 /home/travis/build/icyphy/ptII/ptolemy/actor/lib/hoc/test/auto/IterateOverArray4.xml
----------------- Instantiating /home/travis/build/icyphy/ptII/ptolemy/actor/lib/hoc/test/auto/IterateOverArray4.xml
6 ms. Memory: 157696K Free: 82169K (52%)
----------------- Invoking toplevel() on ptolemy.moml.MoMLSimpleApplication@71b217e0
----------------- Done invoking toplevel() on ptolemy.moml.MoMLSimpleApplication@71b217e0
reloadAllAccessors: .IterateOverArray4

===========================================================================================
----------------- testing Thu Jul 18 17:23:09 UTC 2019 /home/travis/build/icyphy/ptII/ptolemy/actor/lib/hoc/test/auto/IterateOverArray5.xml
----------------- Instantiating /home/travis/build/icyphy/ptII/ptolemy/actor/lib/hoc/test/auto/IterateOverArray5.xml
4 ms. Memory: 157696K Free: 78073K (50%)
----------------- Invoking toplevel() on ptolemy.moml.MoMLSimpleApplication@5bedb6b
----------------- Done invoking toplevel() on ptolemy.moml.MoMLSimpleApplication@5bedb6b
reloadAllAccessors: .IterateOverArray5

===========================================================================================
----------------- testing Thu Jul 18 17:23:09 UTC 2019 /home/travis/build/icyphy/ptII/ptolemy/actor/lib/hoc/test/auto/IterateOverArray6.xml
----------------- Instantiating /home/travis/build/icyphy/ptII/ptolemy/actor/lib/hoc/test/auto/IterateOverArray6.xml
6 ms. Memory: 157696K Free: 75001K (48%)
----------------- Invoking toplevel() on ptolemy.moml.MoMLSimpleApplication@57aa3f58
----------------- Done invoking toplevel() on ptolemy.moml.MoMLSimpleApplication@57aa3f58
reloadAllAccessors: .IterateOverArray6

===========================================================================================
----------------- testing Thu Jul 18 17:23:09 UTC 2019 /home/travis/build/icyphy/ptII/ptolemy/actor/lib/hoc/test/auto/IterateOverArray7.xml
----------------- Instantiating /home/travis/build/icyphy/ptII/ptolemy/actor/lib/hoc/test/auto/IterateOverArray7.xml
5 ms. Memory: 157696K Free: 70391K (45%)
----------------- Invoking toplevel() on ptolemy.moml.MoMLSimpleApplication@25a32e42
----------------- Done invoking toplevel() on ptolemy.moml.MoMLSimpleApplication@25a32e42
reloadAllAccessors: .IterateOverArray7

===========================================================================================
----------------- testing Thu Jul 18 17:23:09 UTC 2019 /home/travis/build/icyphy/ptII/ptolemy/actor/lib/hoc/test/auto/IterateOverArray8.xml
----------------- Instantiating /home/travis/build/icyphy/ptII/ptolemy/actor/lib/hoc/test/auto/IterateOverArray8.xml
4 ms. Memory: 157696K Free: 66295K (42%)
----------------- Invoking toplevel() on ptolemy.moml.MoMLSimpleApplication@5c89a23
----------------- Done invoking toplevel() on ptolemy.moml.MoMLSimpleApplication@5c89a23
reloadAllAccessors: .IterateOverArray8

===========================================================================================
----------------- testing Thu Jul 18 17:23:09 UTC 2019 /home/travis/build/icyphy/ptII/ptolemy/actor/lib/hoc/test/auto/IterateOverArray9.xml
----------------- Instantiating /home/travis/build/icyphy/ptII/ptolemy/actor/lib/hoc/test/auto/IterateOverArray9.xml
7 ms. Memory: 157696K Free: 62199K (39%)
----------------- Invoking toplevel() on ptolemy.moml.MoMLSimpleApplication@2dcb81de
----------------- Done invoking toplevel() on ptolemy.moml.MoMLSimpleApplication@2dcb81de
reloadAllAccessors: .IterateOverArray9

===========================================================================================
----------------- testing Thu Jul 18 17:23:09 UTC 2019 /home/travis/build/icyphy/ptII/ptolemy/actor/lib/hoc/test/auto/IterateOverArrayCoercedOutputType.xml
----------------- Instantiating /home/travis/build/icyphy/ptII/ptolemy/actor/lib/hoc/test/auto/IterateOverArrayCoercedOutputType.xml
7 ms. Memory: 157696K Free: 57079K (36%)
----------------- Invoking toplevel() on ptolemy.moml.MoMLSimpleApplication@4be15346
----------------- Done invoking toplevel() on ptolemy.moml.MoMLSimpleApplication@4be15346
reloadAllAccessors: .IterateOverArrayCoercedOutputType

===========================================================================================
----------------- testing Thu Jul 18 17:23:09 UTC 2019 /home/travis/build/icyphy/ptII/ptolemy/actor/lib/hoc/test/auto/IterateOverArrayInferredOutputType.xml
----------------- Instantiating /home/travis/build/icyphy/ptII/ptolemy/actor/lib/hoc/test/auto/IterateOverArrayInferredOutputType.xml
7 ms. Memory: 157696K Free: 52473K (33%)
----------------- Invoking toplevel() on ptolemy.moml.MoMLSimpleApplication@129bbf0
----------------- Done invoking toplevel() on ptolemy.moml.MoMLSimpleApplication@129bbf0
reloadAllAccessors: .IterateOverArrayInferredOutputType

===========================================================================================
----------------- testing Thu Jul 18 17:23:09 UTC 2019 /home/travis/build/icyphy/ptII/ptolemy/actor/lib/hoc/test/auto/MobileFunctionTest.xml
----------------- Instantiating /home/travis/build/icyphy/ptII/ptolemy/actor/lib/hoc/test/auto/MobileFunctionTest.xml
4 ms. Memory: 157696K Free: 140388K (89%)
----------------- Invoking toplevel() on ptolemy.moml.MoMLSimpleApplication@70bfaada
----------------- Done invoking toplevel() on ptolemy.moml.MoMLSimpleApplication@70bfaada
reloadAllAccessors: .MobileFunctionTest

===========================================================================================
----------------- testing Thu Jul 18 17:23:09 UTC 2019 /home/travis/build/icyphy/ptII/ptolemy/actor/lib/hoc/test/auto/MobileModelTest.xml
----------------- Instantiating /home/travis/build/icyphy/ptII/ptolemy/actor/lib/hoc/test/auto/MobileModelTest.xml
179 ms. Memory: 157696K Free: 119394K (76%)
----------------- Invoking toplevel() on ptolemy.moml.MoMLSimpleApplication@553bc14e
----------------- Done invoking toplevel() on ptolemy.moml.MoMLSimpleApplication@553bc14e
reloadAllAccessors: .MobileModelTest

===========================================================================================
----------------- testing Thu Jul 18 17:23:09 UTC 2019 /home/travis/build/icyphy/ptII/ptolemy/actor/lib/hoc/test/auto/ModelReference.xml
----------------- Instantiating /home/travis/build/icyphy/ptII/ptolemy/actor/lib/hoc/test/auto/ModelReference.xml
2 ms. Memory: 157696K Free: 112740K (71%)
5 ms. Memory: 157696K Free: 112196K (71%)
1 ms. Memory: 157696K Free: 111188K (71%)
3 ms. Memory: 157696K Free: 110164K (70%)
2 ms. Memory: 157696K Free: 109668K (70%)
2 ms. Memory: 157696K Free: 108644K (69%)
6 ms. Memory: 157696K Free: 108116K (69%)
1 ms. Memory: 157696K Free: 107106K (68%)
2 ms. Memory: 157696K Free: 106082K (67%)
2 ms. Memory: 157696K Free: 105572K (67%)
34 ms. Memory: 157696K Free: 105572K (67%)
----------------- Invoking toplevel() on ptolemy.moml.MoMLSimpleApplication@1f8833ab
----------------- Done invoking toplevel() on ptolemy.moml.MoMLSimpleApplication@1f8833ab
reloadAllAccessors: .ModelReference

===========================================================================================
----------------- testing Thu Jul 18 17:23:09 UTC 2019 /home/travis/build/icyphy/ptII/ptolemy/actor/lib/hoc/test/auto/ModelReference3.xml
----------------- Instantiating /home/travis/build/icyphy/ptII/ptolemy/actor/lib/hoc/test/auto/ModelReference3.xml
2 ms. Memory: 157696K Free: 100948K (64%)
5 ms. Memory: 157696K Free: 100452K (64%)
2 ms. Memory: 157696K Free: 99428K (63%)
4 ms. Memory: 157696K Free: 98884K (63%)
2 ms. Memory: 157696K Free: 97876K (62%)
1 ms. Memory: 157696K Free: 96852K (61%)
3 ms. Memory: 157696K Free: 96356K (61%)
2 ms. Memory: 157696K Free: 95332K (60%)
1 ms. Memory: 157696K Free: 94804K (60%)
1 ms. Memory: 157696K Free: 93794K (59%)
33 ms. Memory: 157696K Free: 93794K (59%)
----------------- Invoking toplevel() on ptolemy.moml.MoMLSimpleApplication@d7494d4
----------------- Done invoking toplevel() on ptolemy.moml.MoMLSimpleApplication@d7494d4
reloadAllAccessors: .ModelReference3

===========================================================================================
----------------- testing Thu Jul 18 17:23:09 UTC 2019 /home/travis/build/icyphy/ptII/ptolemy/actor/lib/hoc/test/auto/ModelReference4.xml
----------------- Instantiating /home/travis/build/icyphy/ptII/ptolemy/actor/lib/hoc/test/auto/ModelReference4.xml
2 ms. Memory: 157696K Free: 89188K (57%)
2 ms. Memory: 157696K Free: 87644K (56%)
2 ms. Memory: 157696K Free: 86612K (55%)
5 ms. Memory: 157696K Free: 85602K (54%)
2 ms. Memory: 157696K Free: 84068K (53%)
3 ms. Memory: 157696K Free: 83044K (53%)
3 ms. Memory: 157696K Free: 81500K (52%)
2 ms. Memory: 157696K Free: 80468K (51%)
2 ms. Memory: 157696K Free: 79452K (50%)
3 ms. Memory: 157696K Free: 77924K (49%)
10017 ms. Memory: 157696K Free: 77924K (49%)
----------------- Invoking toplevel() on ptolemy.moml.MoMLSimpleApplication@5ef3bfce
----------------- Done invoking toplevel() on ptolemy.moml.MoMLSimpleApplication@5ef3bfce
reloadAllAccessors: .ModelReference4

===========================================================================================
----------------- testing Thu Jul 18 17:23:19 UTC 2019 /home/travis/build/icyphy/ptII/ptolemy/actor/lib/hoc/test/auto/MultiInstanceComposite.xml
----------------- Instantiating /home/travis/build/icyphy/ptII/ptolemy/actor/lib/hoc/test/auto/MultiInstanceComposite.xml
36 ms. Memory: 157696K Free: 58978K (37%)
----------------- Invoking toplevel() on ptolemy.moml.MoMLSimpleApplication@231cac4d
----------------- Done invoking toplevel() on ptolemy.moml.MoMLSimpleApplication@231cac4d
reloadAllAccessors: .MultiInstanceComposite

===========================================================================================
----------------- testing Thu Jul 18 17:23:20 UTC 2019 /home/travis/build/icyphy/ptII/ptolemy/actor/lib/hoc/test/auto/MultiInstanceComposite2.xml
----------------- Instantiating /home/travis/build/icyphy/ptII/ptolemy/actor/lib/hoc/test/auto/MultiInstanceComposite2.xml
27 ms. Memory: 157696K Free: 139852K (89%)
----------------- Invoking toplevel() on ptolemy.moml.MoMLSimpleApplication@61f5b5fd
----------------- Done invoking toplevel() on ptolemy.moml.MoMLSimpleApplication@61f5b5fd
reloadAllAccessors: .MultiInstanceComposite2

===========================================================================================
----------------- testing Thu Jul 18 17:23:20 UTC 2019 /home/travis/build/icyphy/ptII/ptolemy/actor/lib/hoc/test/auto/MulticoreExecution.xml
----------------- Instantiating /home/travis/build/icyphy/ptII/ptolemy/actor/lib/hoc/test/auto/MulticoreExecution.xml
Fired ExecutionTime: 2800000
Fired ExecutionTime: 3200000
Fired ExecutionTime: 35600000
Fired ExecutionTime: 68400000
Fired ExecutionTime: 90800000
Fired ExecutionTime: 90400000
Fired ExecutionTime: 87200000
Fired ExecutionTime: 88400000
Fired ExecutionTime: 88000000
Fired ExecutionTime: 89200000
Fired ExecutionTime: 88400000
Fired ExecutionTime: 88400000
Fired ExecutionTime: 100400000
Fired ExecutionTime: 81200000
Fired ExecutionTime: 153600000
Fired ExecutionTime: 158400000
Fired ExecutionTime: 157600000
Fired ExecutionTime: 159200000
Fired ExecutionTime: 155600000
Fired ExecutionTime: 155600000
1052 ms. Memory: 157696K Free: 130911K (83%)
----------------- Invoking toplevel() on ptolemy.moml.MoMLSimpleApplication@535d1937
----------------- Done invoking toplevel() on ptolemy.moml.MoMLSimpleApplication@535d1937
reloadAllAccessors: .MulticoreExecution

===========================================================================================
----------------- testing Thu Jul 18 17:23:21 UTC 2019 /home/travis/build/icyphy/ptII/ptolemy/actor/lib/hoc/test/auto/ParallelExecution.xml
----------------- Instantiating /home/travis/build/icyphy/ptII/ptolemy/actor/lib/hoc/test/auto/ParallelExecution.xml
918 ms. Memory: 157696K Free: 123743K (78%)
----------------- Invoking toplevel() on ptolemy.moml.MoMLSimpleApplication@d98bb75
----------------- Done invoking toplevel() on ptolemy.moml.MoMLSimpleApplication@d98bb75
reloadAllAccessors: .ParallelExecution

===========================================================================================
----------------- testing Thu Jul 18 17:23:22 UTC 2019 /home/travis/build/icyphy/ptII/ptolemy/actor/lib/hoc/test/auto/RunCompositeActor.xml
----------------- Instantiating /home/travis/build/icyphy/ptII/ptolemy/actor/lib/hoc/test/auto/RunCompositeActor.xml
7 ms. Memory: 157696K Free: 116670K (74%)
----------------- Invoking toplevel() on ptolemy.moml.MoMLSimpleApplication@25ee6c98
----------------- Done invoking toplevel() on ptolemy.moml.MoMLSimpleApplication@25ee6c98
reloadAllAccessors: .RunCompositeActor

===========================================================================================
----------------- testing Thu Jul 18 17:23:22 UTC 2019 /home/travis/build/icyphy/ptII/ptolemy/actor/lib/hoc/test/auto/RunCompositeActor2.xml
----------------- Instantiating /home/travis/build/icyphy/ptII/ptolemy/actor/lib/hoc/test/auto/RunCompositeActor2.xml
5 ms. Memory: 157696K Free: 110984K (70%)
----------------- Invoking toplevel() on ptolemy.moml.MoMLSimpleApplication@1d056cb
----------------- Done invoking toplevel() on ptolemy.moml.MoMLSimpleApplication@1d056cb
reloadAllAccessors: .RunCompositeActor2

===========================================================================================
----------------- testing Thu Jul 18 17:23:22 UTC 2019 /home/travis/build/icyphy/ptII/ptolemy/actor/lib/hoc/test/auto/RunCompositeActor3.xml
----------------- Instantiating /home/travis/build/icyphy/ptII/ptolemy/actor/lib/hoc/test/auto/RunCompositeActor3.xml
3 ms. Memory: 157696K Free: 105848K (67%)
----------------- Invoking toplevel() on ptolemy.moml.MoMLSimpleApplication@765edffe
----------------- Done invoking toplevel() on ptolemy.moml.MoMLSimpleApplication@765edffe
reloadAllAccessors: .RunCompositeActor3

===========================================================================================
----------------- testing Thu Jul 18 17:23:22 UTC 2019 /home/travis/build/icyphy/ptII/ptolemy/actor/lib/hoc/test/auto/RunCompositeActor4.xml
----------------- Instantiating /home/travis/build/icyphy/ptII/ptolemy/actor/lib/hoc/test/auto/RunCompositeActor4.xml
13 ms. Memory: 157696K Free: 97672K (62%)
----------------- Invoking toplevel() on ptolemy.moml.MoMLSimpleApplication@1d712895
----------------- Done invoking toplevel() on ptolemy.moml.MoMLSimpleApplication@1d712895
reloadAllAccessors: .RunCompositeActor4

===========================================================================================
----------------- testing Thu Jul 18 17:23:22 UTC 2019 /home/travis/build/icyphy/ptII/ptolemy/actor/lib/hoc/test/auto/RunCompositeIterateOverArray.xml
----------------- Instantiating /home/travis/build/icyphy/ptII/ptolemy/actor/lib/hoc/test/auto/RunCompositeIterateOverArray.xml
9 ms. Memory: 157696K Free: 92080K (58%)
----------------- Invoking toplevel() on ptolemy.moml.MoMLSimpleApplication@461eb5de
----------------- Done invoking toplevel() on ptolemy.moml.MoMLSimpleApplication@461eb5de
reloadAllAccessors: .RunCompositeIterateOverArray

===========================================================================================
----------------- testing Thu Jul 18 17:23:22 UTC 2019 /home/travis/build/icyphy/ptII/ptolemy/actor/lib/hoc/test/auto/ThreadedJS.xml
----------------- Instantiating /home/travis/build/icyphy/ptII/ptolemy/actor/lib/hoc/test/auto/ThreadedJS.xml
6529 ms. Memory: 227328K Free: 77663K (34%)
----------------- Invoking toplevel() on ptolemy.moml.MoMLSimpleApplication@c8c7bc5
----------------- Done invoking toplevel() on ptolemy.moml.MoMLSimpleApplication@c8c7bc5
reloadAllAccessors: .ThreadedJS
AutoTests.java: About to close Vertx.
AutoTests.java: Vertx closed.
]]></system-out>
  <system-err><![CDATA[java.lang.RuntimeException: Execution failed
	at ptolemy.moml.MoMLSimpleApplication$UnloadThread.run(MoMLSimpleApplication.java:402)
Caused by: ptolemy.kernel.util.IllegalActionException: initialize() was called after wrapup() was called but preinitialize() was not called after wrapup().
	at ptolemy.actor.lib.hoc.test.PreinitializeMustBeInvoked.initialize(PreinitializeMustBeInvoked.java:78)
	at ptolemy.actor.Director.initialize(Director.java:938)
	at ptolemy.actor.Director.initialize(Director.java:907)
	at ptolemy.actor.sched.StaticSchedulingDirector.initialize(StaticSchedulingDirector.java:159)
	at ptolemy.domains.sdf.kernel.SDFDirector.initialize(SDFDirector.java:544)
	at ptolemy.actor.CompositeActor.initialize(CompositeActor.java:935)
	at ptolemy.actor.lib.hoc.LifeCycleManager._executeInsideModel(LifeCycleManager.java:339)
	at ptolemy.actor.lib.hoc.RunCompositeActor.fire(RunCompositeActor.java:205)
	at ptolemy.actor.CompositeActor.iterate(CompositeActor.java:1146)
	at ptolemy.actor.sched.StaticSchedulingDirector.fire(StaticSchedulingDirector.java:216)
	at ptolemy.domains.sdf.kernel.SDFDirector.fire(SDFDirector.java:500)
	at ptolemy.actor.CompositeActor.fire(CompositeActor.java:455)
	at ptolemy.actor.Manager.iterate(Manager.java:851)
	at ptolemy.actor.Manager.execute(Manager.java:369)
	at ptolemy.actor.Manager.run(Manager.java:1263)
	at ptolemy.actor.Manager$PtolemyRunThread.run(Manager.java:1933)
java.lang.reflect.InvocationTargetException
	at java.base/jdk.internal.reflect.NativeConstructorAccessorImpl.newInstance0(Native Method)
	at java.base/jdk.internal.reflect.NativeConstructorAccessorImpl.newInstance(NativeConstructorAccessorImpl.java:62)
	at java.base/jdk.internal.reflect.DelegatingConstructorAccessorImpl.newInstance(DelegatingConstructorAccessorImpl.java:45)
	at java.base/java.lang.reflect.Constructor.newInstance(Constructor.java:490)
	at ptolemy.util.test.junit.AutoKnownFailedTests.RunModel(AutoKnownFailedTests.java:105)
	at java.base/jdk.internal.reflect.NativeMethodAccessorImpl.invoke0(Native Method)
	at java.base/jdk.internal.reflect.NativeMethodAccessorImpl.invoke(NativeMethodAccessorImpl.java:62)
	at java.base/jdk.internal.reflect.DelegatingMethodAccessorImpl.invoke(DelegatingMethodAccessorImpl.java:43)
	at java.base/java.lang.reflect.Method.invoke(Method.java:566)
	at org.junit.runners.model.FrameworkMethod$1.runReflectiveCall(FrameworkMethod.java:44)
	at org.junit.internal.runners.model.ReflectiveCallable.run(ReflectiveCallable.java:15)
	at org.junit.runners.model.FrameworkMethod.invokeExplosively(FrameworkMethod.java:41)
	at junitparams.internal.InvokeParameterisedMethod.evaluate(InvokeParameterisedMethod.java:102)
	at org.junit.internal.runners.statements.FailOnTimeout$1.run(FailOnTimeout.java:28)
Caused by: ptolemy.kernel.util.IllegalActionException: initialize() was called after wrapup() was called but preinitialize() was not called after wrapup().
	at ptolemy.actor.lib.hoc.test.PreinitializeMustBeInvoked.initialize(PreinitializeMustBeInvoked.java:78)
	at ptolemy.actor.Director.initialize(Director.java:938)
	at ptolemy.actor.Director.initialize(Director.java:907)
	at ptolemy.actor.sched.StaticSchedulingDirector.initialize(StaticSchedulingDirector.java:159)
	at ptolemy.domains.sdf.kernel.SDFDirector.initialize(SDFDirector.java:544)
	at ptolemy.actor.CompositeActor.initialize(CompositeActor.java:935)
	at ptolemy.actor.lib.hoc.LifeCycleManager._executeInsideModel(LifeCycleManager.java:339)
	at ptolemy.actor.lib.hoc.RunCompositeActor.fire(RunCompositeActor.java:205)
	at ptolemy.actor.CompositeActor.iterate(CompositeActor.java:1146)
	at ptolemy.actor.sched.StaticSchedulingDirector.fire(StaticSchedulingDirector.java:216)
	at ptolemy.domains.sdf.kernel.SDFDirector.fire(SDFDirector.java:500)
	at ptolemy.actor.CompositeActor.fire(CompositeActor.java:455)
	at ptolemy.actor.Manager.iterate(Manager.java:851)
	at ptolemy.actor.Manager.execute(Manager.java:369)
	at ptolemy.actor.Manager.run(Manager.java:1263)
	at ptolemy.actor.Manager$PtolemyRunThread.run(Manager.java:1933)
Warning: Nashorn engine is planned to be removed from a future JDK release
Warning: Nashorn engine is planned to be removed from a future JDK release
Warning: Nashorn engine is planned to be removed from a future JDK release
Warning: Nashorn engine is planned to be removed from a future JDK release
Warning: Nashorn engine is planned to be removed from a future JDK release
Warning: Nashorn engine is planned to be removed from a future JDK release
Warning: Nashorn engine is planned to be removed from a future JDK release
Warning: Nashorn engine is planned to be removed from a future JDK release
]]></system-err>
</testsuite>
