<?xml version="1.0" encoding="UTF-8" ?>
<testsuite errors="0" failures="0" hostname="travis-job-87c27b7a-ea78-46c4-9515-766d6f06659c" name="ptolemy.domains.de.test.junit.JUnitTclTest" skipped="0" tests="101" time="120.07" timestamp="2020-03-18T07:13:42">
  <properties>
[...]
</properties>
  <testcase classname="ptolemy.util.test.junit.TclTests" name="[0] /home/travis/build/icyphy/ptII/ptolemy/domains/de/test/DependencyLoop.tcl (RunTclFile)" time="1.015" />
  <testcase classname="ptolemy.util.test.junit.TclTests" name="[1] /home/travis/build/icyphy/ptII/ptolemy/domains/de/test/RunDETestsAsQSS.tcl (RunTclFile)" time="80.865" />
  <testcase classname="ptolemy.util.test.junit.AutoKnownFailedTests" name="[0] /home/travis/build/icyphy/ptII/ptolemy/domains/de/test/auto/knownFailedTests/DESDFClockTest.xml (RunModel)" time="2.047" />
  <testcase classname="ptolemy.util.test.junit.AutoKnownFailedTests" name="[1] /home/travis/build/icyphy/ptII/ptolemy/domains/de/test/auto/knownFailedTests/DirectFeedback.xml (RunModel)" time="0.016" />
  <testcase classname="ptolemy.util.test.junit.AutoKnownFailedTests" name="[2] /home/travis/build/icyphy/ptII/ptolemy/domains/de/test/auto/knownFailedTests/FSMSource.xml (RunModel)" time="0.03" />
  <testcase classname="ptolemy.util.test.junit.AutoKnownFailedTests" name="[3] /home/travis/build/icyphy/ptII/ptolemy/domains/de/test/auto/knownFailedTests/HierarchicalModel.xml (RunModel)" time="0.048" />
  <testcase classname="ptolemy.util.test.junit.AutoKnownFailedTests" name="[4] /home/travis/build/icyphy/ptII/ptolemy/domains/de/test/auto/knownFailedTests/dependencyLoop.xml (RunModel)" time="0.039" />
  <testcase classname="ptolemy.util.test.junit.AutoKnownFailedTests" name="[5] /home/travis/build/icyphy/ptII/ptolemy/domains/de/test/auto/knownFailedTests/dependencyLoop2.xml (RunModel)" time="0.041" />
  <testcase classname="ptolemy.util.test.junit.AutoNameArchTests" name="[0] ThereAreNoAutoArchTests (RunModel)" time="0.001" />
  <testcase classname="ptolemy.util.test.junit.AutoTests" name="[0] /home/travis/build/icyphy/ptII/ptolemy/domains/de/test/auto/ActorDepthCalculation_actorWithoutPorts.xml (RunModel)" time="0.017" />
  <testcase classname="ptolemy.util.test.junit.AutoTests" name="[1] /home/travis/build/icyphy/ptII/ptolemy/domains/de/test/auto/AssemblyLine.xml (RunModel)" time="0.021" />
  <testcase classname="ptolemy.util.test.junit.AutoTests" name="[2] /home/travis/build/icyphy/ptII/ptolemy/domains/de/test/auto/CQBug1.xml (RunModel)" time="0.013" />
  <testcase classname="ptolemy.util.test.junit.AutoTests" name="[3] /home/travis/build/icyphy/ptII/ptolemy/domains/de/test/auto/CancelFireAt.xml (RunModel)" time="0.017" />
  <testcase classname="ptolemy.util.test.junit.AutoTests" name="[4] /home/travis/build/icyphy/ptII/ptolemy/domains/de/test/auto/CausalityAndComposabilityAnalysis.xml (RunModel)" time="0.014" />
  <testcase classname="ptolemy.util.test.junit.AutoTests" name="[5] /home/travis/build/icyphy/ptII/ptolemy/domains/de/test/auto/CausalityInterface1.xml (RunModel)" time="0.015" />
  <testcase classname="ptolemy.util.test.junit.AutoTests" name="[6] /home/travis/build/icyphy/ptII/ptolemy/domains/de/test/auto/CausalityInterface15.xml (RunModel)" time="0.016" />
  <testcase classname="ptolemy.util.test.junit.AutoTests" name="[7] /home/travis/build/icyphy/ptII/ptolemy/domains/de/test/auto/CausalityInterface2.xml (RunModel)" time="0.013" />
  <testcase classname="ptolemy.util.test.junit.AutoTests" name="[8] /home/travis/build/icyphy/ptII/ptolemy/domains/de/test/auto/CausalityInterface3.xml (RunModel)" time="0.011" />
  <testcase classname="ptolemy.util.test.junit.AutoTests" name="[9] /home/travis/build/icyphy/ptII/ptolemy/domains/de/test/auto/ClockDrift.xml (RunModel)" time="0.036" />
  <testcase classname="ptolemy.util.test.junit.AutoTests" name="[10] /home/travis/build/icyphy/ptII/ptolemy/domains/de/test/auto/ClockDriftAndValueChange.xml (RunModel)" time="0.029" />
  <testcase classname="ptolemy.util.test.junit.AutoTests" name="[11] /home/travis/build/icyphy/ptII/ptolemy/domains/de/test/auto/ClockDriftChange.xml (RunModel)" time="0.03" />
  <testcase classname="ptolemy.util.test.junit.AutoTests" name="[12] /home/travis/build/icyphy/ptII/ptolemy/domains/de/test/auto/ComposableCausalityAnalysis.xml (RunModel)" time="0.014" />
  <testcase classname="ptolemy.util.test.junit.AutoTests" name="[13] /home/travis/build/icyphy/ptII/ptolemy/domains/de/test/auto/DEFixedPointLimitation.xml (RunModel)" time="0.01" />
  <testcase classname="ptolemy.util.test.junit.AutoTests" name="[14] /home/travis/build/icyphy/ptII/ptolemy/domains/de/test/auto/DEScheduleTest.xml (RunModel)" time="0.02" />
  <testcase classname="ptolemy.util.test.junit.AutoTests" name="[15] /home/travis/build/icyphy/ptII/ptolemy/domains/de/test/auto/DEinDEwithStartTimes.xml (RunModel)" time="0.015" />
  <testcase classname="ptolemy.util.test.junit.AutoTests" name="[16] /home/travis/build/icyphy/ptII/ptolemy/domains/de/test/auto/DEinDEwithStartTimes2.xml (RunModel)" time="0.016" />
  <testcase classname="ptolemy.util.test.junit.AutoTests" name="[17] /home/travis/build/icyphy/ptII/ptolemy/domains/de/test/auto/DateDemo.xml (RunModel)" time="0.031" />
  <testcase classname="ptolemy.util.test.junit.AutoTests" name="[18] /home/travis/build/icyphy/ptII/ptolemy/domains/de/test/auto/DateToEvent.xml (RunModel)" time="2.045" />
  <testcase classname="ptolemy.util.test.junit.AutoTests" name="[19] /home/travis/build/icyphy/ptII/ptolemy/domains/de/test/auto/DepthTest1.xml (RunModel)" time="0.013" />
  <testcase classname="ptolemy.util.test.junit.AutoTests" name="[20] /home/travis/build/icyphy/ptII/ptolemy/domains/de/test/auto/DepthTest2.xml (RunModel)" time="0.017" />
  <testcase classname="ptolemy.util.test.junit.AutoTests" name="[21] /home/travis/build/icyphy/ptII/ptolemy/domains/de/test/auto/DepthTest3.xml (RunModel)" time="0.007" />
  <testcase classname="ptolemy.util.test.junit.AutoTests" name="[22] /home/travis/build/icyphy/ptII/ptolemy/domains/de/test/auto/DepthTest4.xml (RunModel)" time="0.015" />
  <testcase classname="ptolemy.util.test.junit.AutoTests" name="[23] /home/travis/build/icyphy/ptII/ptolemy/domains/de/test/auto/DepthTest5.xml (RunModel)" time="0.011" />
  <testcase classname="ptolemy.util.test.junit.AutoTests" name="[24] /home/travis/build/icyphy/ptII/ptolemy/domains/de/test/auto/DepthTest6.xml (RunModel)" time="0.01" />
  <testcase classname="ptolemy.util.test.junit.AutoTests" name="[25] /home/travis/build/icyphy/ptII/ptolemy/domains/de/test/auto/DepthTest7.xml (RunModel)" time="0.016" />
  <testcase classname="ptolemy.util.test.junit.AutoTests" name="[26] /home/travis/build/icyphy/ptII/ptolemy/domains/de/test/auto/EventToDate.xml (RunModel)" time="3.039" />
  <testcase classname="ptolemy.util.test.junit.AutoTests" name="[27] /home/travis/build/icyphy/ptII/ptolemy/domains/de/test/auto/FSM1.xml (RunModel)" time="0.039" />
  <testcase classname="ptolemy.util.test.junit.AutoTests" name="[28] /home/travis/build/icyphy/ptII/ptolemy/domains/de/test/auto/FSM7.xml (RunModel)" time="0.037" />
  <testcase classname="ptolemy.util.test.junit.AutoTests" name="[29] /home/travis/build/icyphy/ptII/ptolemy/domains/de/test/auto/Inspection.xml (RunModel)" time="0.036" />
  <testcase classname="ptolemy.util.test.junit.AutoTests" name="[30] /home/travis/build/icyphy/ptII/ptolemy/domains/de/test/auto/Iteration.xml (RunModel)" time="0.027" />
  <testcase classname="ptolemy.util.test.junit.AutoTests" name="[31] /home/travis/build/icyphy/ptII/ptolemy/domains/de/test/auto/LineFault.xml (RunModel)" time="0.521" />
  <testcase classname="ptolemy.util.test.junit.AutoTests" name="[32] /home/travis/build/icyphy/ptII/ptolemy/domains/de/test/auto/MergeModel1Add.xml (RunModel)" time="0.05" />
  <testcase classname="ptolemy.util.test.junit.AutoTests" name="[33] /home/travis/build/icyphy/ptII/ptolemy/domains/de/test/auto/MergeModel2Add.xml (RunModel)" time="0.036" />
  <testcase classname="ptolemy.util.test.junit.AutoTests" name="[34] /home/travis/build/icyphy/ptII/ptolemy/domains/de/test/auto/MergeModel3Add.xml (RunModel)" time="0.048" />
  <testcase classname="ptolemy.util.test.junit.AutoTests" name="[35] /home/travis/build/icyphy/ptII/ptolemy/domains/de/test/auto/MergeWithoutDiscard.xml (RunModel)" time="0.013" />
  <testcase classname="ptolemy.util.test.junit.AutoTests" name="[36] /home/travis/build/icyphy/ptII/ptolemy/domains/de/test/auto/Modal1.xml (RunModel)" time="0.027" />
  <testcase classname="ptolemy.util.test.junit.AutoTests" name="[37] /home/travis/build/icyphy/ptII/ptolemy/domains/de/test/auto/Modal2.xml (RunModel)" time="0.024" />
  <testcase classname="ptolemy.util.test.junit.AutoTests" name="[38] /home/travis/build/icyphy/ptII/ptolemy/domains/de/test/auto/Modal3.xml (RunModel)" time="0.027" />
  <testcase classname="ptolemy.util.test.junit.AutoTests" name="[39] /home/travis/build/icyphy/ptII/ptolemy/domains/de/test/auto/Modal4.xml (RunModel)" time="0.029" />
  <testcase classname="ptolemy.util.test.junit.AutoTests" name="[40] /home/travis/build/icyphy/ptII/ptolemy/domains/de/test/auto/Modal5.xml (RunModel)" time="0.03" />
  <testcase classname="ptolemy.util.test.junit.AutoTests" name="[41] /home/travis/build/icyphy/ptII/ptolemy/domains/de/test/auto/Modal6.xml (RunModel)" time="0.026" />
  <testcase classname="ptolemy.util.test.junit.AutoTests" name="[42] /home/travis/build/icyphy/ptII/ptolemy/domains/de/test/auto/Modal7.xml (RunModel)" time="0.03" />
  <testcase classname="ptolemy.util.test.junit.AutoTests" name="[43] /home/travis/build/icyphy/ptII/ptolemy/domains/de/test/auto/ModalModel.xml (RunModel)" time="0.179" />
  <testcase classname="ptolemy.util.test.junit.AutoTests" name="[44] /home/travis/build/icyphy/ptII/ptolemy/domains/de/test/auto/ModalSource.xml (RunModel)" time="0.021" />
  <testcase classname="ptolemy.util.test.junit.AutoTests" name="[45] /home/travis/build/icyphy/ptII/ptolemy/domains/de/test/auto/NonInterruptibleTimerZeroDelay.xml (RunModel)" time="0.011" />
  <testcase classname="ptolemy.util.test.junit.AutoTests" name="[46] /home/travis/build/icyphy/ptII/ptolemy/domains/de/test/auto/OpenQueueingNetwork.xml (RunModel)" time="2.349" />
  <testcase classname="ptolemy.util.test.junit.AutoTests" name="[47] /home/travis/build/icyphy/ptII/ptolemy/domains/de/test/auto/OpenQueuingNetwork.xml (RunModel)" time="0.215" />
  <testcase classname="ptolemy.util.test.junit.AutoTests" name="[48] /home/travis/build/icyphy/ptII/ptolemy/domains/de/test/auto/PeriodicSampler.xml (RunModel)" time="0.017" />
  <testcase classname="ptolemy.util.test.junit.AutoTests" name="[49] /home/travis/build/icyphy/ptII/ptolemy/domains/de/test/auto/PersistentIO.xml (RunModel)" time="0.023" />
  <testcase classname="ptolemy.util.test.junit.AutoTests" name="[50] /home/travis/build/icyphy/ptII/ptolemy/domains/de/test/auto/PortParameterResetOnInitialize.xml (RunModel)" time="0.012" />
  <testcase classname="ptolemy.util.test.junit.AutoTests" name="[51] /home/travis/build/icyphy/ptII/ptolemy/domains/de/test/auto/PortParameterUpdates.xml (RunModel)" time="0.035" />
  <testcase classname="ptolemy.util.test.junit.AutoTests" name="[52] /home/travis/build/icyphy/ptII/ptolemy/domains/de/test/auto/QueueAndServer.xml (RunModel)" time="0.019" />
  <testcase classname="ptolemy.util.test.junit.AutoTests" name="[53] /home/travis/build/icyphy/ptII/ptolemy/domains/de/test/auto/Records.xml (RunModel)" time="0.013" />
  <testcase classname="ptolemy.util.test.junit.AutoTests" name="[54] /home/travis/build/icyphy/ptII/ptolemy/domains/de/test/auto/ResetTransitionWithStartTime1.xml (RunModel)" time="0.016" />
  <testcase classname="ptolemy.util.test.junit.AutoTests" name="[55] /home/travis/build/icyphy/ptII/ptolemy/domains/de/test/auto/ResetTransitionWithStartTime2.xml (RunModel)" time="0.018" />
  <testcase classname="ptolemy.util.test.junit.AutoTests" name="[56] /home/travis/build/icyphy/ptII/ptolemy/domains/de/test/auto/ResetTransitionWithStartTime3.xml (RunModel)" time="0.019" />
  <testcase classname="ptolemy.util.test.junit.AutoTests" name="[57] /home/travis/build/icyphy/ptII/ptolemy/domains/de/test/auto/ResetTransitionWithStartTime4.xml (RunModel)" time="0.015" />
  <testcase classname="ptolemy.util.test.junit.AutoTests" name="[58] /home/travis/build/icyphy/ptII/ptolemy/domains/de/test/auto/ResettableTimer1.xml (RunModel)" time="0.01" />
  <testcase classname="ptolemy.util.test.junit.AutoTests" name="[59] /home/travis/build/icyphy/ptII/ptolemy/domains/de/test/auto/ResettableTimer2.xml (RunModel)" time="0.009" />
  <testcase classname="ptolemy.util.test.junit.AutoTests" name="[60] /home/travis/build/icyphy/ptII/ptolemy/domains/de/test/auto/ResettableTimer3.xml (RunModel)" time="0.007" />
  <testcase classname="ptolemy.util.test.junit.AutoTests" name="[61] /home/travis/build/icyphy/ptII/ptolemy/domains/de/test/auto/ResettableTimer4.xml (RunModel)" time="0.009" />
  <testcase classname="ptolemy.util.test.junit.AutoTests" name="[62] /home/travis/build/icyphy/ptII/ptolemy/domains/de/test/auto/ResettableTimer5.xml (RunModel)" time="0.008" />
  <testcase classname="ptolemy.util.test.junit.AutoTests" name="[63] /home/travis/build/icyphy/ptII/ptolemy/domains/de/test/auto/ResettableTimer6.xml (RunModel)" time="0.02" />
  <testcase classname="ptolemy.util.test.junit.AutoTests" name="[64] /home/travis/build/icyphy/ptII/ptolemy/domains/de/test/auto/ServerZeroDelay.xml (RunModel)" time="0.009" />
  <testcase classname="ptolemy.util.test.junit.AutoTests" name="[65] /home/travis/build/icyphy/ptII/ptolemy/domains/de/test/auto/SmartSender.xml (RunModel)" time="3.007" />
  <testcase classname="ptolemy.util.test.junit.AutoTests" name="[66] /home/travis/build/icyphy/ptII/ptolemy/domains/de/test/auto/ThreadedComposite.xml (RunModel)" time="0.195" />
  <testcase classname="ptolemy.util.test.junit.AutoTests" name="[67] /home/travis/build/icyphy/ptII/ptolemy/domains/de/test/auto/Time.xml (RunModel)" time="0.35" />
  <testcase classname="ptolemy.util.test.junit.AutoTests" name="[68] /home/travis/build/icyphy/ptII/ptolemy/domains/de/test/auto/TimeDelayZeroDelay.xml (RunModel)" time="0.015" />
  <testcase classname="ptolemy.util.test.junit.AutoTests" name="[69] /home/travis/build/icyphy/ptII/ptolemy/domains/de/test/auto/TimerZeroDelay.xml (RunModel)" time="0.009" />
  <testcase classname="ptolemy.util.test.junit.AutoTests" name="[70] /home/travis/build/icyphy/ptII/ptolemy/domains/de/test/auto/TimingParadox.xml (RunModel)" time="0.301" />
  <testcase classname="ptolemy.util.test.junit.AutoTests" name="[71] /home/travis/build/icyphy/ptII/ptolemy/domains/de/test/auto/TransferInputs.xml (RunModel)" time="0.013" />
  <testcase classname="ptolemy.util.test.junit.AutoTests" name="[72] /home/travis/build/icyphy/ptII/ptolemy/domains/de/test/auto/TransferOutputs2.xml (RunModel)" time="0.012" />
  <testcase classname="ptolemy.util.test.junit.AutoTests" name="[73] /home/travis/build/icyphy/ptII/ptolemy/domains/de/test/auto/Trilateration.xml (RunModel)" time="9.782" />
  <testcase classname="ptolemy.util.test.junit.AutoTests" name="[74] /home/travis/build/icyphy/ptII/ptolemy/domains/de/test/auto/TwoSigmaDelta.xml (RunModel)" time="2.016" />
  <testcase classname="ptolemy.util.test.junit.AutoTests" name="[75] /home/travis/build/icyphy/ptII/ptolemy/domains/de/test/auto/VariableDelay.xml (RunModel)" time="0.017" />
  <testcase classname="ptolemy.util.test.junit.AutoTests" name="[76] /home/travis/build/icyphy/ptII/ptolemy/domains/de/test/auto/VariableDelay2.xml (RunModel)" time="0.013" />
  <testcase classname="ptolemy.util.test.junit.AutoTests" name="[77] /home/travis/build/icyphy/ptII/ptolemy/domains/de/test/auto/VariableDelayZeroDelay.xml (RunModel)" time="0.016" />
  <testcase classname="ptolemy.util.test.junit.AutoTests" name="[78] /home/travis/build/icyphy/ptII/ptolemy/domains/de/test/auto/VariableDelayZeroDelay2.xml (RunModel)" time="0.017" />
  <testcase classname="ptolemy.util.test.junit.AutoTests" name="[79] /home/travis/build/icyphy/ptII/ptolemy/domains/de/test/auto/deInCt.xml (RunModel)" time="0.036" />
  <testcase classname="ptolemy.util.test.junit.AutoTests" name="[80] /home/travis/build/icyphy/ptII/ptolemy/domains/de/test/auto/deInCt2.xml (RunModel)" time="0.038" />
  <testcase classname="ptolemy.util.test.junit.AutoTests" name="[81] /home/travis/build/icyphy/ptII/ptolemy/domains/de/test/auto/dynamicCausalityInterface1.xml (RunModel)" time="0.044" />
  <testcase classname="ptolemy.util.test.junit.AutoTests" name="[82] /home/travis/build/icyphy/ptII/ptolemy/domains/de/test/auto/fsm_de_test.xml (RunModel)" time="0.07" />
  <testcase classname="ptolemy.util.test.junit.AutoTests" name="[83] /home/travis/build/icyphy/ptII/ptolemy/domains/de/test/auto/functionDependencyReconstruction.xml (RunModel)" time="0.045" />
  <testcase classname="ptolemy.util.test.junit.AutoTests" name="[84] /home/travis/build/icyphy/ptII/ptolemy/domains/de/test/auto/multirate.xml (RunModel)" time="0.018" />
  <testcase classname="ptolemy.util.test.junit.AutoTests" name="[85] /home/travis/build/icyphy/ptII/ptolemy/domains/de/test/auto/multirate2.xml (RunModel)" time="0.016" />
  <testcase classname="ptolemy.util.test.junit.AutoTests" name="[86] /home/travis/build/icyphy/ptII/ptolemy/domains/de/test/auto/realtime.xml (RunModel)" time="10.009" />
  <testcase classname="ptolemy.util.test.junit.AutoTests" name="[87] /home/travis/build/icyphy/ptII/ptolemy/domains/de/test/auto/relationGroup.xml (RunModel)" time="0.011" />
  <testcase classname="ptolemy.util.test.junit.AutoTests" name="[88] /home/travis/build/icyphy/ptII/ptolemy/domains/de/test/auto/relationGroup2.xml (RunModel)" time="0.009" />
  <testcase classname="ptolemy.util.test.junit.AutoTests" name="[89] /home/travis/build/icyphy/ptII/ptolemy/domains/de/test/auto/sortWithOpaquePorts.xml (RunModel)" time="0.013" />
  <testcase classname="ptolemy.util.test.junit.AutoTests" name="[90] /home/travis/build/icyphy/ptII/ptolemy/domains/de/test/auto/transferInputsandOutputs.xml (RunModel)" time="0.014" />
  <testcase classname="ptolemy.util.test.junit.AutoTests" name="[91] /home/travis/build/icyphy/ptII/ptolemy/domains/de/test/auto/triggerType.xml (RunModel)" time="0.012" />
  <system-out><![CDATA[/home/travis/build/icyphy/ptII/ptolemy/domains/de/test/DependencyLoop.tcl
testDefs.tcl: setting time out to 9000 seconds at Wed Mar 18 07:13:42 UTC 2020
88 ms. Memory: 129024K Free: 78278K (61%)
21 ms. Memory: 129024K Free: 60855K (47%)
/home/travis/build/icyphy/ptII/ptolemy/domains/de/test/RunDETestsAsQSS.tcl
Run the DE tests using ptolemy.domains.qss.test.QSSDirectorTest, which extends QSSDirector and prints a message in the constructors.
------------------ testing $PTII/ptolemy/domains/de/test/auto/knownFailedTests/DirectFeedback.xml (Known Failure) 
51 ms. Memory: 129024K Free: 55240K (43%)


==== $PTIIhome/travis/build/icyphy/ptII/ptolemy/domains/de/test/../../../../: Auto Automatic test in file $PTII/ptolemy/domains/de/test/auto/knownFailedTests/DirectFeedback.xml
==== Contents of test case:

	    # FIXME: we should use $relativeFilename here, but it
	    # might have backslashes under Windows, which causes no end
	    # of trouble.
	    createAndExecute $file
	    list {}
	
.... Test generated KNOWN error:
    while executing
ptolemy.kernel.util.IllegalActionException: Test fails in iteration 1.
Value was: 1.0. Should have been: 2.0
  in .DirectFeedback.Test
	at ptolemy.actor.lib.Test.fire(Test.java:268)
	at ptolemy.domains.de.kernel.DEDirector._fire(DEDirector.java:1949)
	at ptolemy.domains.de.kernel.DEDirector.fire(DEDirector.java:502)
	at ptolemy.actor.CompositeActor.fire(CompositeActor.java:455)
	at ptolemy.actor.Manager.iterate(Manager.java:851)
	at ptolemy.actor.Manager.execute(Manager.java:369)
	at ptolemy.actor.Manager.run(Manager.java:1263)
	at ptolemy.actor.Manager$PtolemyRunThread.run(Manager.java:1933)

    while executing
ptolemy.kernel.util.IllegalActionException: Test fails in iteration 1.
Value was: 1.0. Should have been: 2.0
  in .DirectFeedback.Test
    while executing
"java::new ptolemy.moml.MoMLSimpleApplication $file
"
    (procedure "createAndExecute" line 2)
    invoked from within
"createAndExecute $file"
    ("uplevel" body line 5)
    invoked from within
"uplevel $contents_of_test"
------------------ testing $PTII/ptolemy/domains/de/test/auto/knownFailedTests/dependencyLoop.xml (Known Failure) 
14 ms. Memory: 129024K Free: 52168K (40%)


==== $PTIIhome/travis/build/icyphy/ptII/ptolemy/domains/de/test/../../../../: Auto Automatic test in file $PTII/ptolemy/domains/de/test/auto/knownFailedTests/dependencyLoop.xml
==== Contents of test case:

	    # FIXME: we should use $relativeFilename here, but it
	    # might have backslashes under Windows, which causes no end
	    # of trouble.
	    createAndExecute $file
	    list {}
	
.... Test generated KNOWN error:
    while executing
ptolemy.kernel.util.IllegalActionException: Found a zero delay loop containing .dependencyLoop.original
  in .dependencyLoop and .dependencyLoop.original
	at ptolemy.actor.util.CausalityInterfaceForComposites._computeOutputPortDepth(CausalityInterfaceForComposites.java:759)
	at ptolemy.actor.util.CausalityInterfaceForComposites._computeInputDepth(CausalityInterfaceForComposites.java:696)
	at ptolemy.actor.util.CausalityInterfaceForComposites._computeOutputPortDepth(CausalityInterfaceForComposites.java:765)
	at ptolemy.actor.util.CausalityInterfaceForComposites._computeInputDepth(CausalityInterfaceForComposites.java:696)
	at ptolemy.actor.util.CausalityInterfaceForComposites._computeOutputPortDepth(CausalityInterfaceForComposites.java:765)
	at ptolemy.actor.util.CausalityInterfaceForComposites._computeInputDepth(CausalityInterfaceForComposites.java:696)
	at ptolemy.actor.util.CausalityInterfaceForComposites._computeActorDepth(CausalityInterfaceForComposites.java:532)
	at ptolemy.actor.util.CausalityInterfaceForComposites.checkForCycles(CausalityInterfaceForComposites.java:96)
	at ptolemy.domains.de.kernel.DEDirector.preinitialize(DEDirector.java:1338)
	at ptolemy.actor.CompositeActor.preinitialize(CompositeActor.java:1828)
	at ptolemy.actor.Manager.preinitializeAndResolveTypes(Manager.java:1040)
	at ptolemy.actor.Manager.initialize(Manager.java:710)
	at ptolemy.actor.Manager.execute(Manager.java:356)
	at ptolemy.actor.Manager.run(Manager.java:1263)
	at ptolemy.actor.Manager$PtolemyRunThread.run(Manager.java:1933)

    while executing
ptolemy.kernel.util.IllegalActionException: Found a zero delay loop containing .dependencyLoop.original
  in .dependencyLoop and .dependencyLoop.original
    while executing
"java::new ptolemy.moml.MoMLSimpleApplication $file
"
    (procedure "createAndExecute" line 2)
    invoked from within
"createAndExecute $file"
    ("uplevel" body line 5)
    invoked from within
"uplevel $contents_of_test"
------------------ testing $PTII/ptolemy/domains/de/test/auto/knownFailedTests/FSMSource.xml (Known Failure) 
72 ms. Memory: 129024K Free: 110608K (86%)
!!!! Auto was marked as failing, but now passes
------------------ testing $PTII/ptolemy/domains/de/test/auto/knownFailedTests/HierarchicalModel.xml (Known Failure) 
7 ms. Memory: 129024K Free: 93168K (72%)


==== $PTIIhome/travis/build/icyphy/ptII/ptolemy/domains/de/test/../../../../: Auto Automatic test in file $PTII/ptolemy/domains/de/test/auto/knownFailedTests/HierarchicalModel.xml
==== Contents of test case:

	    # FIXME: we should use $relativeFilename here, but it
	    # might have backslashes under Windows, which causes no end
	    # of trouble.
	    createAndExecute $file
	    list {}
	
.... Test generated KNOWN error:
    while executing
ptolemy.kernel.util.IllegalActionException: Found a zero delay loop containing .HierarchicalModel.A
  in .HierarchicalModel and .HierarchicalModel.A
	at ptolemy.actor.util.CausalityInterfaceForComposites._computeOutputPortDepth(CausalityInterfaceForComposites.java:759)
	at ptolemy.actor.util.CausalityInterfaceForComposites._computeInputDepth(CausalityInterfaceForComposites.java:696)
	at ptolemy.actor.util.CausalityInterfaceForComposites._computeOutputPortDepth(CausalityInterfaceForComposites.java:765)
	at ptolemy.actor.util.CausalityInterfaceForComposites._computeInputDepth(CausalityInterfaceForComposites.java:696)
	at ptolemy.actor.util.CausalityInterfaceForComposites._computeOutputPortDepth(CausalityInterfaceForComposites.java:765)
	at ptolemy.actor.util.CausalityInterfaceForComposites._computeInputDepth(CausalityInterfaceForComposites.java:696)
	at ptolemy.actor.util.CausalityInterfaceForComposites._computeActorDepth(CausalityInterfaceForComposites.java:532)
	at ptolemy.actor.util.CausalityInterfaceForComposites.checkForCycles(CausalityInterfaceForComposites.java:96)
	at ptolemy.domains.de.kernel.DEDirector.preinitialize(DEDirector.java:1338)
	at ptolemy.actor.CompositeActor.preinitialize(CompositeActor.java:1828)
	at ptolemy.actor.Manager.preinitializeAndResolveTypes(Manager.java:1040)
	at ptolemy.actor.Manager.initialize(Manager.java:710)
	at ptolemy.actor.Manager.execute(Manager.java:356)
	at ptolemy.actor.Manager.run(Manager.java:1263)
	at ptolemy.actor.Manager$PtolemyRunThread.run(Manager.java:1933)

    while executing
ptolemy.kernel.util.IllegalActionException: Found a zero delay loop containing .HierarchicalModel.A
  in .HierarchicalModel and .HierarchicalModel.A
    while executing
"java::new ptolemy.moml.MoMLSimpleApplication $file
"
    (procedure "createAndExecute" line 2)
    invoked from within
"createAndExecute $file"
    ("uplevel" body line 5)
    invoked from within
"uplevel $contents_of_test"
------------------ testing $PTII/ptolemy/domains/de/test/auto/knownFailedTests/dependencyLoop2.xml (Known Failure) 
8 ms. Memory: 129024K Free: 77141K (60%)


==== $PTIIhome/travis/build/icyphy/ptII/ptolemy/domains/de/test/../../../../: Auto Automatic test in file $PTII/ptolemy/domains/de/test/auto/knownFailedTests/dependencyLoop2.xml
==== Contents of test case:

	    # FIXME: we should use $relativeFilename here, but it
	    # might have backslashes under Windows, which causes no end
	    # of trouble.
	    createAndExecute $file
	    list {}
	
.... Test generated KNOWN error:
    while executing
ptolemy.kernel.util.IllegalActionException: Found a zero delay loop containing .dependencyLoop2.original
  in .dependencyLoop2 and .dependencyLoop2.original
	at ptolemy.actor.util.CausalityInterfaceForComposites._computeOutputPortDepth(CausalityInterfaceForComposites.java:759)
	at ptolemy.actor.util.CausalityInterfaceForComposites._computeInputDepth(CausalityInterfaceForComposites.java:696)
	at ptolemy.actor.util.CausalityInterfaceForComposites._computeOutputPortDepth(CausalityInterfaceForComposites.java:765)
	at ptolemy.actor.util.CausalityInterfaceForComposites._computeInputDepth(CausalityInterfaceForComposites.java:696)
	at ptolemy.actor.util.CausalityInterfaceForComposites._computeOutputPortDepth(CausalityInterfaceForComposites.java:765)
	at ptolemy.actor.util.CausalityInterfaceForComposites._computeInputDepth(CausalityInterfaceForComposites.java:696)
	at ptolemy.actor.util.CausalityInterfaceForComposites._computeActorDepth(CausalityInterfaceForComposites.java:532)
	at ptolemy.actor.util.CausalityInterfaceForComposites.checkForCycles(CausalityInterfaceForComposites.java:96)
	at ptolemy.domains.de.kernel.DEDirector.preinitialize(DEDirector.java:1338)
	at ptolemy.actor.CompositeActor.preinitialize(CompositeActor.java:1828)
	at ptolemy.actor.Manager.preinitializeAndResolveTypes(Manager.java:1040)
	at ptolemy.actor.Manager.initialize(Manager.java:710)
	at ptolemy.actor.Manager.execute(Manager.java:356)
	at ptolemy.actor.Manager.run(Manager.java:1263)
	at ptolemy.actor.Manager$PtolemyRunThread.run(Manager.java:1933)

    while executing
ptolemy.kernel.util.IllegalActionException: Found a zero delay loop containing .dependencyLoop2.original
  in .dependencyLoop2 and .dependencyLoop2.original
    while executing
"java::new ptolemy.moml.MoMLSimpleApplication $file
"
    (procedure "createAndExecute" line 2)
    invoked from within
"createAndExecute $file"
    ("uplevel" body line 5)
    invoked from within
"uplevel $contents_of_test"
------------------ testing $PTII/ptolemy/domains/de/test/auto/knownFailedTests/DESDFClockTest.xml (Known Failure) 
2046 ms. Memory: 129024K Free: 107587K (83%)


==== $PTIIhome/travis/build/icyphy/ptII/ptolemy/domains/de/test/../../../../: Auto Automatic test in file $PTII/ptolemy/domains/de/test/auto/knownFailedTests/DESDFClockTest.xml
==== Contents of test case:

	    # FIXME: we should use $relativeFilename here, but it
	    # might have backslashes under Windows, which causes no end
	    # of trouble.
	    createAndExecute $file
	    list {}
	
.... Test generated KNOWN error:
    while executing
ptolemy.kernel.util.IllegalActionException: Actor is not ready to fire.  Perhaps UpSample.prefire() returned false? Try debugging the actor by selecting "Listen to Actor".  Also, for SDF check moml for tokenConsumptionRate on input.
  in .DESDFClockTest.Play Bell.Copy1:SDF Director and .DESDFClockTest.Play Bell.UpSample
	at ptolemy.actor.sched.StaticSchedulingDirector.fire(StaticSchedulingDirector.java:227)
	at ptolemy.domains.sdf.kernel.SDFDirector.fire(SDFDirector.java:500)
	at ptolemy.actor.CompositeActor.fire(CompositeActor.java:455)
	at ptolemy.domains.de.kernel.DEDirector._fire(DEDirector.java:1949)
	at ptolemy.domains.de.kernel.DEDirector.fire(DEDirector.java:502)
	at ptolemy.actor.CompositeActor.fire(CompositeActor.java:455)
	at ptolemy.actor.Manager.iterate(Manager.java:851)
	at ptolemy.actor.Manager.execute(Manager.java:369)
	at ptolemy.actor.Manager.run(Manager.java:1263)
	at ptolemy.actor.Manager$PtolemyRunThread.run(Manager.java:1933)

    while executing
ptolemy.kernel.util.IllegalActionException: Actor is not ready to fire.  Perhaps UpSample.prefire() returned false? Try debugging the actor by selecting "Listen to Actor".  Also, for SDF check moml for tokenConsumptionRate on input.
  in .DESDFClockTest.Play Bell.Copy1:SDF Director and .DESDFClockTest.Play Bell.UpSample
    while executing
"java::new ptolemy.moml.MoMLSimpleApplication $file
"
    (procedure "createAndExecute" line 2)
    invoked from within
"createAndExecute $file"
    ("uplevel" body line 5)
    invoked from within
"uplevel $contents_of_test"
------------------ testing $PTII/ptolemy/domains/de/test/auto/ActorDepthCalculation_actorWithoutPorts.xml
auto.tcl: Setting watchdog for 200 seconds at Wed Mar 18 07:13:46 UTC 2020
11 ms. Memory: 129024K Free: 100405K (78%)
ptolemy.util.test.WatchDog.cancel(): canceling Wed Mar 18 07:13:46 UTC 2020
auto.tcl: Setting watchdog for 200 seconds at Wed Mar 18 07:13:46 UTC 2020
4 ms. Memory: 129024K Free: 98885K (77%)
ptolemy.util.test.WatchDog.cancel(): canceling Wed Mar 18 07:13:46 UTC 2020
------------------ testing $PTII/ptolemy/domains/de/test/auto/AssemblyLine.xml
auto.tcl: Setting watchdog for 200 seconds at Wed Mar 18 07:13:46 UTC 2020
9 ms. Memory: 55296K Free: 31558K (57%)
ptolemy.util.test.WatchDog.cancel(): canceling Wed Mar 18 07:13:46 UTC 2020
auto.tcl: Setting watchdog for 200 seconds at Wed Mar 18 07:13:46 UTC 2020
5 ms. Memory: 55296K Free: 31020K (56%)
ptolemy.util.test.WatchDog.cancel(): canceling Wed Mar 18 07:13:46 UTC 2020
------------------ testing $PTII/ptolemy/domains/de/test/auto/CQBug1.xml
auto.tcl: Setting watchdog for 200 seconds at Wed Mar 18 07:13:46 UTC 2020
2 ms. Memory: 51200K Free: 33256K (65%)
ptolemy.util.test.WatchDog.cancel(): canceling Wed Mar 18 07:13:46 UTC 2020
auto.tcl: Setting watchdog for 200 seconds at Wed Mar 18 07:13:46 UTC 2020
2 ms. Memory: 51200K Free: 32797K (64%)
ptolemy.util.test.WatchDog.cancel(): canceling Wed Mar 18 07:13:47 UTC 2020
------------------ testing $PTII/ptolemy/domains/de/test/auto/CancelFireAt.xml
auto.tcl: Setting watchdog for 200 seconds at Wed Mar 18 07:13:47 UTC 2020
5 ms. Memory: 51200K Free: 34707K (68%)
ptolemy.util.test.WatchDog.cancel(): canceling Wed Mar 18 07:13:47 UTC 2020
auto.tcl: Setting watchdog for 200 seconds at Wed Mar 18 07:13:47 UTC 2020
2 ms. Memory: 51200K Free: 34213K (67%)
ptolemy.util.test.WatchDog.cancel(): canceling Wed Mar 18 07:13:47 UTC 2020
------------------ testing $PTII/ptolemy/domains/de/test/auto/CausalityAndComposabilityAnalysis.xml
auto.tcl: Setting watchdog for 200 seconds at Wed Mar 18 07:13:47 UTC 2020
11 ms. Memory: 51200K Free: 32712K (64%)
ptolemy.util.test.WatchDog.cancel(): canceling Wed Mar 18 07:13:47 UTC 2020
auto.tcl: Setting watchdog for 200 seconds at Wed Mar 18 07:13:47 UTC 2020
7 ms. Memory: 51200K Free: 31957K (62%)
ptolemy.util.test.WatchDog.cancel(): canceling Wed Mar 18 07:13:47 UTC 2020
------------------ testing $PTII/ptolemy/domains/de/test/auto/CausalityInterface1.xml
auto.tcl: Setting watchdog for 200 seconds at Wed Mar 18 07:13:47 UTC 2020
23 ms. Memory: 51200K Free: 31360K (61%)
ptolemy.util.test.WatchDog.cancel(): canceling Wed Mar 18 07:13:47 UTC 2020
auto.tcl: Setting watchdog for 200 seconds at Wed Mar 18 07:13:47 UTC 2020
4 ms. Memory: 51200K Free: 30385K (59%)
ptolemy.util.test.WatchDog.cancel(): canceling Wed Mar 18 07:13:47 UTC 2020
------------------ testing $PTII/ptolemy/domains/de/test/auto/CausalityInterface15.xml
auto.tcl: Setting watchdog for 200 seconds at Wed Mar 18 07:13:47 UTC 2020
5 ms. Memory: 51200K Free: 31542K (62%)
ptolemy.util.test.WatchDog.cancel(): canceling Wed Mar 18 07:13:47 UTC 2020
auto.tcl: Setting watchdog for 200 seconds at Wed Mar 18 07:13:47 UTC 2020
5 ms. Memory: 51200K Free: 30335K (59%)
ptolemy.util.test.WatchDog.cancel(): canceling Wed Mar 18 07:13:47 UTC 2020
------------------ testing $PTII/ptolemy/domains/de/test/auto/CausalityInterface2.xml
auto.tcl: Setting watchdog for 200 seconds at Wed Mar 18 07:13:47 UTC 2020
4 ms. Memory: 51200K Free: 32007K (63%)
ptolemy.util.test.WatchDog.cancel(): canceling Wed Mar 18 07:13:47 UTC 2020
auto.tcl: Setting watchdog for 200 seconds at Wed Mar 18 07:13:47 UTC 2020
3 ms. Memory: 51200K Free: 31344K (61%)
ptolemy.util.test.WatchDog.cancel(): canceling Wed Mar 18 07:13:47 UTC 2020
------------------ testing $PTII/ptolemy/domains/de/test/auto/CausalityInterface3.xml
auto.tcl: Setting watchdog for 200 seconds at Wed Mar 18 07:13:47 UTC 2020
6 ms. Memory: 51200K Free: 31553K (62%)
ptolemy.util.test.WatchDog.cancel(): canceling Wed Mar 18 07:13:47 UTC 2020
auto.tcl: Setting watchdog for 200 seconds at Wed Mar 18 07:13:47 UTC 2020
2 ms. Memory: 51200K Free: 31061K (61%)
ptolemy.util.test.WatchDog.cancel(): canceling Wed Mar 18 07:13:47 UTC 2020
------------------ testing $PTII/ptolemy/domains/de/test/auto/ClockDrift.xml
auto.tcl: Setting watchdog for 200 seconds at Wed Mar 18 07:13:47 UTC 2020
55 ms. Memory: 51200K Free: 24146K (47%)
ptolemy.util.test.WatchDog.cancel(): canceling Wed Mar 18 07:13:47 UTC 2020
auto.tcl: Setting watchdog for 200 seconds at Wed Mar 18 07:13:47 UTC 2020
35 ms. Memory: 51200K Free: 21134K (41%)
ptolemy.util.test.WatchDog.cancel(): canceling Wed Mar 18 07:13:47 UTC 2020
------------------ testing $PTII/ptolemy/domains/de/test/auto/ClockDriftAndValueChange.xml
auto.tcl: Setting watchdog for 200 seconds at Wed Mar 18 07:13:47 UTC 2020
22 ms. Memory: 51200K Free: 23971K (47%)
ptolemy.util.test.WatchDog.cancel(): canceling Wed Mar 18 07:13:47 UTC 2020
auto.tcl: Setting watchdog for 200 seconds at Wed Mar 18 07:13:47 UTC 2020
21 ms. Memory: 51200K Free: 20984K (41%)
ptolemy.util.test.WatchDog.cancel(): canceling Wed Mar 18 07:13:47 UTC 2020
------------------ testing $PTII/ptolemy/domains/de/test/auto/ClockDriftChange.xml
auto.tcl: Setting watchdog for 200 seconds at Wed Mar 18 07:13:47 UTC 2020
25 ms. Memory: 51200K Free: 26017K (51%)
ptolemy.util.test.WatchDog.cancel(): canceling Wed Mar 18 07:13:47 UTC 2020
auto.tcl: Setting watchdog for 200 seconds at Wed Mar 18 07:13:47 UTC 2020
14 ms. Memory: 51200K Free: 23479K (46%)
ptolemy.util.test.WatchDog.cancel(): canceling Wed Mar 18 07:13:47 UTC 2020
------------------ testing $PTII/ptolemy/domains/de/test/auto/ComposableCausalityAnalysis.xml
auto.tcl: Setting watchdog for 200 seconds at Wed Mar 18 07:13:47 UTC 2020
2 ms. Memory: 51200K Free: 30837K (60%)
ptolemy.util.test.WatchDog.cancel(): canceling Wed Mar 18 07:13:47 UTC 2020
auto.tcl: Setting watchdog for 200 seconds at Wed Mar 18 07:13:47 UTC 2020
2 ms. Memory: 51200K Free: 29852K (58%)
ptolemy.util.test.WatchDog.cancel(): canceling Wed Mar 18 07:13:47 UTC 2020
------------------ testing $PTII/ptolemy/domains/de/test/auto/DEFixedPointLimitation.xml
auto.tcl: Setting watchdog for 200 seconds at Wed Mar 18 07:13:48 UTC 2020
2 ms. Memory: 51200K Free: 32258K (63%)
ptolemy.util.test.WatchDog.cancel(): canceling Wed Mar 18 07:13:48 UTC 2020
auto.tcl: Setting watchdog for 200 seconds at Wed Mar 18 07:13:48 UTC 2020
2 ms. Memory: 51200K Free: 31382K (61%)
ptolemy.util.test.WatchDog.cancel(): canceling Wed Mar 18 07:13:48 UTC 2020
------------------ testing $PTII/ptolemy/domains/de/test/auto/DEScheduleTest.xml
auto.tcl: Setting watchdog for 200 seconds at Wed Mar 18 07:13:48 UTC 2020
4 ms. Memory: 51200K Free: 32590K (64%)
ptolemy.util.test.WatchDog.cancel(): canceling Wed Mar 18 07:13:48 UTC 2020
auto.tcl: Setting watchdog for 200 seconds at Wed Mar 18 07:13:48 UTC 2020
5 ms. Memory: 51200K Free: 31824K (62%)
ptolemy.util.test.WatchDog.cancel(): canceling Wed Mar 18 07:13:48 UTC 2020
------------------ testing $PTII/ptolemy/domains/de/test/auto/DEinDEwithStartTimes.xml
auto.tcl: Setting watchdog for 200 seconds at Wed Mar 18 07:13:48 UTC 2020
4 ms. Memory: 51200K Free: 30751K (60%)
ptolemy.util.test.WatchDog.cancel(): canceling Wed Mar 18 07:13:48 UTC 2020
auto.tcl: Setting watchdog for 200 seconds at Wed Mar 18 07:13:48 UTC 2020
4 ms. Memory: 51200K Free: 29727K (58%)
ptolemy.util.test.WatchDog.cancel(): canceling Wed Mar 18 07:13:48 UTC 2020
------------------ testing $PTII/ptolemy/domains/de/test/auto/DEinDEwithStartTimes2.xml
auto.tcl: Setting watchdog for 200 seconds at Wed Mar 18 07:13:48 UTC 2020
4 ms. Memory: 51200K Free: 29873K (58%)
ptolemy.util.test.WatchDog.cancel(): canceling Wed Mar 18 07:13:48 UTC 2020
auto.tcl: Setting watchdog for 200 seconds at Wed Mar 18 07:13:48 UTC 2020
6 ms. Memory: 51200K Free: 28682K (56%)
ptolemy.util.test.WatchDog.cancel(): canceling Wed Mar 18 07:13:48 UTC 2020
------------------ testing $PTII/ptolemy/domains/de/test/auto/DateDemo.xml
auto.tcl: Setting watchdog for 200 seconds at Wed Mar 18 07:13:48 UTC 2020
21 ms. Memory: 51200K Free: 24304K (47%)
ptolemy.util.test.WatchDog.cancel(): canceling Wed Mar 18 07:13:48 UTC 2020
auto.tcl: Setting watchdog for 200 seconds at Wed Mar 18 07:13:48 UTC 2020
7 ms. Memory: 51200K Free: 22681K (44%)
ptolemy.util.test.WatchDog.cancel(): canceling Wed Mar 18 07:13:48 UTC 2020
------------------ testing $PTII/ptolemy/domains/de/test/auto/DateToEvent.xml
auto.tcl: Setting watchdog for 200 seconds at Wed Mar 18 07:13:48 UTC 2020
2012 ms. Memory: 51200K Free: 20246K (40%)
ptolemy.util.test.WatchDog.cancel(): canceling Wed Mar 18 07:13:50 UTC 2020
auto.tcl: Setting watchdog for 200 seconds at Wed Mar 18 07:13:50 UTC 2020
2004 ms. Memory: 51200K Free: 19379K (38%)
ptolemy.util.test.WatchDog.cancel(): canceling Wed Mar 18 07:13:52 UTC 2020
------------------ testing $PTII/ptolemy/domains/de/test/auto/DepthTest1.xml
auto.tcl: Setting watchdog for 200 seconds at Wed Mar 18 07:13:52 UTC 2020
3 ms. Memory: 51200K Free: 33420K (65%)
ptolemy.util.test.WatchDog.cancel(): canceling Wed Mar 18 07:13:52 UTC 2020
auto.tcl: Setting watchdog for 200 seconds at Wed Mar 18 07:13:52 UTC 2020
3 ms. Memory: 51200K Free: 32932K (64%)
ptolemy.util.test.WatchDog.cancel(): canceling Wed Mar 18 07:13:52 UTC 2020
------------------ testing $PTII/ptolemy/domains/de/test/auto/DepthTest2.xml
auto.tcl: Setting watchdog for 200 seconds at Wed Mar 18 07:13:52 UTC 2020
4 ms. Memory: 51200K Free: 30181K (59%)
ptolemy.util.test.WatchDog.cancel(): canceling Wed Mar 18 07:13:52 UTC 2020
auto.tcl: Setting watchdog for 200 seconds at Wed Mar 18 07:13:52 UTC 2020
2 ms. Memory: 51200K Free: 29728K (58%)
ptolemy.util.test.WatchDog.cancel(): canceling Wed Mar 18 07:13:52 UTC 2020
------------------ testing $PTII/ptolemy/domains/de/test/auto/DepthTest3.xml
auto.tcl: Setting watchdog for 200 seconds at Wed Mar 18 07:13:52 UTC 2020
1 ms. Memory: 51200K Free: 33764K (66%)
ptolemy.util.test.WatchDog.cancel(): canceling Wed Mar 18 07:13:52 UTC 2020
auto.tcl: Setting watchdog for 200 seconds at Wed Mar 18 07:13:52 UTC 2020
1 ms. Memory: 51200K Free: 33278K (65%)
ptolemy.util.test.WatchDog.cancel(): canceling Wed Mar 18 07:13:52 UTC 2020
------------------ testing $PTII/ptolemy/domains/de/test/auto/DepthTest4.xml
auto.tcl: Setting watchdog for 200 seconds at Wed Mar 18 07:13:52 UTC 2020
3 ms. Memory: 51200K Free: 31972K (62%)
ptolemy.util.test.WatchDog.cancel(): canceling Wed Mar 18 07:13:52 UTC 2020
auto.tcl: Setting watchdog for 200 seconds at Wed Mar 18 07:13:52 UTC 2020
2 ms. Memory: 51200K Free: 31298K (61%)
ptolemy.util.test.WatchDog.cancel(): canceling Wed Mar 18 07:13:52 UTC 2020
------------------ testing $PTII/ptolemy/domains/de/test/auto/DepthTest5.xml
auto.tcl: Setting watchdog for 200 seconds at Wed Mar 18 07:13:52 UTC 2020
4 ms. Memory: 51200K Free: 31412K (61%)
ptolemy.util.test.WatchDog.cancel(): canceling Wed Mar 18 07:13:52 UTC 2020
auto.tcl: Setting watchdog for 200 seconds at Wed Mar 18 07:13:52 UTC 2020
3 ms. Memory: 51200K Free: 30685K (60%)
ptolemy.util.test.WatchDog.cancel(): canceling Wed Mar 18 07:13:52 UTC 2020
------------------ testing $PTII/ptolemy/domains/de/test/auto/DepthTest6.xml
auto.tcl: Setting watchdog for 200 seconds at Wed Mar 18 07:13:52 UTC 2020
5 ms. Memory: 51200K Free: 31114K (61%)
ptolemy.util.test.WatchDog.cancel(): canceling Wed Mar 18 07:13:52 UTC 2020
auto.tcl: Setting watchdog for 200 seconds at Wed Mar 18 07:13:52 UTC 2020
3 ms. Memory: 51200K Free: 30663K (60%)
ptolemy.util.test.WatchDog.cancel(): canceling Wed Mar 18 07:13:52 UTC 2020
------------------ testing $PTII/ptolemy/domains/de/test/auto/DepthTest7.xml
auto.tcl: Setting watchdog for 200 seconds at Wed Mar 18 07:13:52 UTC 2020
3 ms. Memory: 51200K Free: 31897K (62%)
ptolemy.util.test.WatchDog.cancel(): canceling Wed Mar 18 07:13:52 UTC 2020
auto.tcl: Setting watchdog for 200 seconds at Wed Mar 18 07:13:52 UTC 2020
2 ms. Memory: 51200K Free: 31230K (61%)
ptolemy.util.test.WatchDog.cancel(): canceling Wed Mar 18 07:13:52 UTC 2020
------------------ testing $PTII/ptolemy/domains/de/test/auto/EventToDate.xml
auto.tcl: Setting watchdog for 200 seconds at Wed Mar 18 07:13:52 UTC 2020
3009 ms. Memory: 51200K Free: 22718K (44%)
ptolemy.util.test.WatchDog.cancel(): canceling Wed Mar 18 07:13:56 UTC 2020
auto.tcl: Setting watchdog for 200 seconds at Wed Mar 18 07:13:56 UTC 2020
3003 ms. Memory: 51200K Free: 22033K (43%)
ptolemy.util.test.WatchDog.cancel(): canceling Wed Mar 18 07:13:59 UTC 2020
------------------ testing $PTII/ptolemy/domains/de/test/auto/FSM1.xml
auto.tcl: Setting watchdog for 200 seconds at Wed Mar 18 07:13:59 UTC 2020
36 ms. Memory: 51200K Free: 23385K (46%)
ptolemy.util.test.WatchDog.cancel(): canceling Wed Mar 18 07:13:59 UTC 2020
auto.tcl: Setting watchdog for 200 seconds at Wed Mar 18 07:13:59 UTC 2020
18 ms. Memory: 51200K Free: 20254K (40%)
ptolemy.util.test.WatchDog.cancel(): canceling Wed Mar 18 07:13:59 UTC 2020
------------------ testing $PTII/ptolemy/domains/de/test/auto/FSM7.xml
auto.tcl: Setting watchdog for 200 seconds at Wed Mar 18 07:13:59 UTC 2020
25 ms. Memory: 51200K Free: 23619K (46%)
ptolemy.util.test.WatchDog.cancel(): canceling Wed Mar 18 07:13:59 UTC 2020
auto.tcl: Setting watchdog for 200 seconds at Wed Mar 18 07:13:59 UTC 2020
25 ms. Memory: 51200K Free: 20516K (40%)
ptolemy.util.test.WatchDog.cancel(): canceling Wed Mar 18 07:13:59 UTC 2020
------------------ testing $PTII/ptolemy/domains/de/test/auto/Inspection.xml
auto.tcl: Setting watchdog for 200 seconds at Wed Mar 18 07:13:59 UTC 2020
25 ms. Memory: 51200K Free: 23614K (46%)
ptolemy.util.test.WatchDog.cancel(): canceling Wed Mar 18 07:13:59 UTC 2020
auto.tcl: Setting watchdog for 200 seconds at Wed Mar 18 07:13:59 UTC 2020
16 ms. Memory: 51200K Free: 21933K (43%)
ptolemy.util.test.WatchDog.cancel(): canceling Wed Mar 18 07:13:59 UTC 2020
------------------ testing $PTII/ptolemy/domains/de/test/auto/Iteration.xml
auto.tcl: Setting watchdog for 200 seconds at Wed Mar 18 07:13:59 UTC 2020
7 ms. Memory: 51200K Free: 29192K (57%)
ptolemy.util.test.WatchDog.cancel(): canceling Wed Mar 18 07:13:59 UTC 2020
auto.tcl: Setting watchdog for 200 seconds at Wed Mar 18 07:13:59 UTC 2020
6 ms. Memory: 51200K Free: 28009K (55%)
ptolemy.util.test.WatchDog.cancel(): canceling Wed Mar 18 07:13:59 UTC 2020
------------------ testing $PTII/ptolemy/domains/de/test/auto/LineFault.xml
auto.tcl: Setting watchdog for 200 seconds at Wed Mar 18 07:13:59 UTC 2020
622 ms. Memory: 61440K Free: 27705K (45%)
ptolemy.util.test.WatchDog.cancel(): canceling Wed Mar 18 07:14:00 UTC 2020
auto.tcl: Setting watchdog for 200 seconds at Wed Mar 18 07:14:00 UTC 2020
505 ms. Memory: 61440K Free: 28829K (47%)
ptolemy.util.test.WatchDog.cancel(): canceling Wed Mar 18 07:14:00 UTC 2020
------------------ testing $PTII/ptolemy/domains/de/test/auto/MergeModel1Add.xml
auto.tcl: Setting watchdog for 200 seconds at Wed Mar 18 07:14:01 UTC 2020
29 ms. Memory: 55296K Free: 19512K (35%)
ptolemy.util.test.WatchDog.cancel(): canceling Wed Mar 18 07:14:01 UTC 2020
auto.tcl: Setting watchdog for 200 seconds at Wed Mar 18 07:14:01 UTC 2020
11 ms. Memory: 55296K Free: 17868K (32%)
ptolemy.util.test.WatchDog.cancel(): canceling Wed Mar 18 07:14:01 UTC 2020
------------------ testing $PTII/ptolemy/domains/de/test/auto/MergeModel2Add.xml
auto.tcl: Setting watchdog for 200 seconds at Wed Mar 18 07:14:01 UTC 2020
9 ms. Memory: 55296K Free: 21539K (39%)
ptolemy.util.test.WatchDog.cancel(): canceling Wed Mar 18 07:14:01 UTC 2020
auto.tcl: Setting watchdog for 200 seconds at Wed Mar 18 07:14:01 UTC 2020
8 ms. Memory: 55296K Free: 19590K (35%)
ptolemy.util.test.WatchDog.cancel(): canceling Wed Mar 18 07:14:01 UTC 2020
------------------ testing $PTII/ptolemy/domains/de/test/auto/MergeModel3Add.xml
auto.tcl: Setting watchdog for 200 seconds at Wed Mar 18 07:14:01 UTC 2020
8 ms. Memory: 55296K Free: 21286K (38%)
ptolemy.util.test.WatchDog.cancel(): canceling Wed Mar 18 07:14:01 UTC 2020
auto.tcl: Setting watchdog for 200 seconds at Wed Mar 18 07:14:01 UTC 2020
8 ms. Memory: 55296K Free: 19593K (35%)
ptolemy.util.test.WatchDog.cancel(): canceling Wed Mar 18 07:14:01 UTC 2020
------------------ testing $PTII/ptolemy/domains/de/test/auto/MergeWithoutDiscard.xml
auto.tcl: Setting watchdog for 200 seconds at Wed Mar 18 07:14:01 UTC 2020
2 ms. Memory: 55296K Free: 36451K (66%)
ptolemy.util.test.WatchDog.cancel(): canceling Wed Mar 18 07:14:01 UTC 2020
auto.tcl: Setting watchdog for 200 seconds at Wed Mar 18 07:14:01 UTC 2020
1 ms. Memory: 55296K Free: 35971K (65%)
ptolemy.util.test.WatchDog.cancel(): canceling Wed Mar 18 07:14:01 UTC 2020
------------------ testing $PTII/ptolemy/domains/de/test/auto/Modal1.xml
auto.tcl: Setting watchdog for 200 seconds at Wed Mar 18 07:14:01 UTC 2020
14 ms. Memory: 55296K Free: 28260K (51%)
ptolemy.util.test.WatchDog.cancel(): canceling Wed Mar 18 07:14:01 UTC 2020
auto.tcl: Setting watchdog for 200 seconds at Wed Mar 18 07:14:01 UTC 2020
19 ms. Memory: 55296K Free: 24988K (45%)
ptolemy.util.test.WatchDog.cancel(): canceling Wed Mar 18 07:14:01 UTC 2020
------------------ testing $PTII/ptolemy/domains/de/test/auto/Modal2.xml
auto.tcl: Setting watchdog for 200 seconds at Wed Mar 18 07:14:01 UTC 2020
13 ms. Memory: 51200K Free: 24068K (47%)
ptolemy.util.test.WatchDog.cancel(): canceling Wed Mar 18 07:14:01 UTC 2020
auto.tcl: Setting watchdog for 200 seconds at Wed Mar 18 07:14:01 UTC 2020
20 ms. Memory: 51200K Free: 20805K (41%)
ptolemy.util.test.WatchDog.cancel(): canceling Wed Mar 18 07:14:01 UTC 2020
------------------ testing $PTII/ptolemy/domains/de/test/auto/Modal3.xml
auto.tcl: Setting watchdog for 200 seconds at Wed Mar 18 07:14:01 UTC 2020
13 ms. Memory: 51200K Free: 24051K (47%)
ptolemy.util.test.WatchDog.cancel(): canceling Wed Mar 18 07:14:01 UTC 2020
auto.tcl: Setting watchdog for 200 seconds at Wed Mar 18 07:14:01 UTC 2020
9 ms. Memory: 51200K Free: 20818K (41%)
ptolemy.util.test.WatchDog.cancel(): canceling Wed Mar 18 07:14:01 UTC 2020
------------------ testing $PTII/ptolemy/domains/de/test/auto/Modal4.xml
auto.tcl: Setting watchdog for 200 seconds at Wed Mar 18 07:14:01 UTC 2020
12 ms. Memory: 51200K Free: 23053K (45%)
ptolemy.util.test.WatchDog.cancel(): canceling Wed Mar 18 07:14:01 UTC 2020
auto.tcl: Setting watchdog for 200 seconds at Wed Mar 18 07:14:01 UTC 2020
13 ms. Memory: 51200K Free: 19334K (38%)
ptolemy.util.test.WatchDog.cancel(): canceling Wed Mar 18 07:14:01 UTC 2020
------------------ testing $PTII/ptolemy/domains/de/test/auto/Modal5.xml
auto.tcl: Setting watchdog for 200 seconds at Wed Mar 18 07:14:01 UTC 2020
15 ms. Memory: 51200K Free: 23020K (45%)
ptolemy.util.test.WatchDog.cancel(): canceling Wed Mar 18 07:14:01 UTC 2020
auto.tcl: Setting watchdog for 200 seconds at Wed Mar 18 07:14:01 UTC 2020
14 ms. Memory: 51200K Free: 19212K (38%)
ptolemy.util.test.WatchDog.cancel(): canceling Wed Mar 18 07:14:01 UTC 2020
------------------ testing $PTII/ptolemy/domains/de/test/auto/Modal6.xml
auto.tcl: Setting watchdog for 200 seconds at Wed Mar 18 07:14:01 UTC 2020
16 ms. Memory: 51200K Free: 23802K (46%)
ptolemy.util.test.WatchDog.cancel(): canceling Wed Mar 18 07:14:02 UTC 2020
auto.tcl: Setting watchdog for 200 seconds at Wed Mar 18 07:14:02 UTC 2020
18 ms. Memory: 51200K Free: 19831K (39%)
ptolemy.util.test.WatchDog.cancel(): canceling Wed Mar 18 07:14:02 UTC 2020
------------------ testing $PTII/ptolemy/domains/de/test/auto/Modal7.xml
auto.tcl: Setting watchdog for 200 seconds at Wed Mar 18 07:14:02 UTC 2020
16 ms. Memory: 51200K Free: 22761K (44%)
ptolemy.util.test.WatchDog.cancel(): canceling Wed Mar 18 07:14:02 UTC 2020
auto.tcl: Setting watchdog for 200 seconds at Wed Mar 18 07:14:02 UTC 2020
12 ms. Memory: 51200K Free: 19211K (38%)
ptolemy.util.test.WatchDog.cancel(): canceling Wed Mar 18 07:14:02 UTC 2020
------------------ testing $PTII/ptolemy/domains/de/test/auto/ModalModel.xml
auto.tcl: Setting watchdog for 200 seconds at Wed Mar 18 07:14:02 UTC 2020
209 ms. Memory: 51200K Free: 17325K (34%)
ptolemy.util.test.WatchDog.cancel(): canceling Wed Mar 18 07:14:02 UTC 2020
auto.tcl: Setting watchdog for 200 seconds at Wed Mar 18 07:14:02 UTC 2020
213 ms. Memory: 61440K Free: 20999K (34%)
ptolemy.util.test.WatchDog.cancel(): canceling Wed Mar 18 07:14:02 UTC 2020
------------------ testing $PTII/ptolemy/domains/de/test/auto/ModalSource.xml
auto.tcl: Setting watchdog for 200 seconds at Wed Mar 18 07:14:02 UTC 2020
7 ms. Memory: 58368K Free: 34525K (59%)
ptolemy.util.test.WatchDog.cancel(): canceling Wed Mar 18 07:14:02 UTC 2020
auto.tcl: Setting watchdog for 200 seconds at Wed Mar 18 07:14:02 UTC 2020
5 ms. Memory: 58368K Free: 32561K (56%)
ptolemy.util.test.WatchDog.cancel(): canceling Wed Mar 18 07:14:02 UTC 2020
------------------ testing $PTII/ptolemy/domains/de/test/auto/NonInterruptibleTimerZeroDelay.xml
auto.tcl: Setting watchdog for 200 seconds at Wed Mar 18 07:14:02 UTC 2020
3 ms. Memory: 55296K Free: 36871K (67%)
ptolemy.util.test.WatchDog.cancel(): canceling Wed Mar 18 07:14:02 UTC 2020
auto.tcl: Setting watchdog for 200 seconds at Wed Mar 18 07:14:02 UTC 2020
2 ms. Memory: 55296K Free: 36243K (66%)
ptolemy.util.test.WatchDog.cancel(): canceling Wed Mar 18 07:14:02 UTC 2020
------------------ testing $PTII/ptolemy/domains/de/test/auto/OpenQueueingNetwork.xml
auto.tcl: Setting watchdog for 200 seconds at Wed Mar 18 07:14:02 UTC 2020
2533 ms. Memory: 102400K Free: 48415K (47%)
ptolemy.util.test.WatchDog.cancel(): canceling Wed Mar 18 07:14:05 UTC 2020
auto.tcl: Setting watchdog for 200 seconds at Wed Mar 18 07:14:05 UTC 2020
2473 ms. Memory: 125952K Free: 64704K (51%)
ptolemy.util.test.WatchDog.cancel(): canceling Wed Mar 18 07:14:08 UTC 2020
------------------ testing $PTII/ptolemy/domains/de/test/auto/OpenQueuingNetwork.xml
auto.tcl: Setting watchdog for 200 seconds at Wed Mar 18 07:14:08 UTC 2020
230 ms. Memory: 58368K Free: 31994K (55%)
ptolemy.util.test.WatchDog.cancel(): canceling Wed Mar 18 07:14:08 UTC 2020
auto.tcl: Setting watchdog for 200 seconds at Wed Mar 18 07:14:08 UTC 2020
207 ms. Memory: 58368K Free: 13454K (23%)
ptolemy.util.test.WatchDog.cancel(): canceling Wed Mar 18 07:14:08 UTC 2020
------------------ testing $PTII/ptolemy/domains/de/test/auto/PeriodicSampler.xml
auto.tcl: Setting watchdog for 200 seconds at Wed Mar 18 07:14:08 UTC 2020
3 ms. Memory: 55296K Free: 36115K (65%)
ptolemy.util.test.WatchDog.cancel(): canceling Wed Mar 18 07:14:08 UTC 2020
auto.tcl: Setting watchdog for 200 seconds at Wed Mar 18 07:14:08 UTC 2020
2 ms. Memory: 55296K Free: 35601K (64%)
ptolemy.util.test.WatchDog.cancel(): canceling Wed Mar 18 07:14:08 UTC 2020
------------------ testing $PTII/ptolemy/domains/de/test/auto/PersistentIO.xml
auto.tcl: Setting watchdog for 200 seconds at Wed Mar 18 07:14:08 UTC 2020
13 ms. Memory: 51200K Free: 26944K (53%)
ptolemy.util.test.WatchDog.cancel(): canceling Wed Mar 18 07:14:08 UTC 2020
auto.tcl: Setting watchdog for 200 seconds at Wed Mar 18 07:14:08 UTC 2020
4 ms. Memory: 51200K Free: 25424K (50%)
ptolemy.util.test.WatchDog.cancel(): canceling Wed Mar 18 07:14:08 UTC 2020
------------------ testing $PTII/ptolemy/domains/de/test/auto/PortParameterResetOnInitialize.xml
auto.tcl: Setting watchdog for 200 seconds at Wed Mar 18 07:14:08 UTC 2020
4 ms. Memory: 51200K Free: 32136K (63%)
ptolemy.util.test.WatchDog.cancel(): canceling Wed Mar 18 07:14:08 UTC 2020
auto.tcl: Setting watchdog for 200 seconds at Wed Mar 18 07:14:08 UTC 2020
2 ms. Memory: 51200K Free: 31597K (62%)
ptolemy.util.test.WatchDog.cancel(): canceling Wed Mar 18 07:14:08 UTC 2020
------------------ testing $PTII/ptolemy/domains/de/test/auto/PortParameterUpdates.xml
auto.tcl: Setting watchdog for 200 seconds at Wed Mar 18 07:14:08 UTC 2020
3 ms. Memory: 51200K Free: 30236K (59%)
ptolemy.util.test.WatchDog.cancel(): canceling Wed Mar 18 07:14:08 UTC 2020
auto.tcl: Setting watchdog for 200 seconds at Wed Mar 18 07:14:08 UTC 2020
3 ms. Memory: 51200K Free: 28993K (57%)
ptolemy.util.test.WatchDog.cancel(): canceling Wed Mar 18 07:14:08 UTC 2020
------------------ testing $PTII/ptolemy/domains/de/test/auto/QueueAndServer.xml
auto.tcl: Setting watchdog for 200 seconds at Wed Mar 18 07:14:08 UTC 2020
13 ms. Memory: 51200K Free: 28904K (56%)
ptolemy.util.test.WatchDog.cancel(): canceling Wed Mar 18 07:14:09 UTC 2020
auto.tcl: Setting watchdog for 200 seconds at Wed Mar 18 07:14:09 UTC 2020
5 ms. Memory: 51200K Free: 27431K (54%)
ptolemy.util.test.WatchDog.cancel(): canceling Wed Mar 18 07:14:09 UTC 2020
------------------ testing $PTII/ptolemy/domains/de/test/auto/Records.xml
auto.tcl: Setting watchdog for 200 seconds at Wed Mar 18 07:14:09 UTC 2020
4 ms. Memory: 51200K Free: 31179K (61%)
ptolemy.util.test.WatchDog.cancel(): canceling Wed Mar 18 07:14:09 UTC 2020
auto.tcl: Setting watchdog for 200 seconds at Wed Mar 18 07:14:09 UTC 2020
2 ms. Memory: 51200K Free: 30659K (60%)
ptolemy.util.test.WatchDog.cancel(): canceling Wed Mar 18 07:14:09 UTC 2020
------------------ testing $PTII/ptolemy/domains/de/test/auto/ResetTransitionWithStartTime1.xml
auto.tcl: Setting watchdog for 200 seconds at Wed Mar 18 07:14:09 UTC 2020
10 ms. Memory: 51200K Free: 28427K (56%)
ptolemy.util.test.WatchDog.cancel(): canceling Wed Mar 18 07:14:09 UTC 2020
auto.tcl: Setting watchdog for 200 seconds at Wed Mar 18 07:14:09 UTC 2020
5 ms. Memory: 51200K Free: 26379K (52%)
ptolemy.util.test.WatchDog.cancel(): canceling Wed Mar 18 07:14:09 UTC 2020
------------------ testing $PTII/ptolemy/domains/de/test/auto/ResetTransitionWithStartTime2.xml
auto.tcl: Setting watchdog for 200 seconds at Wed Mar 18 07:14:09 UTC 2020
6 ms. Memory: 51200K Free: 28382K (55%)
ptolemy.util.test.WatchDog.cancel(): canceling Wed Mar 18 07:14:09 UTC 2020
auto.tcl: Setting watchdog for 200 seconds at Wed Mar 18 07:14:09 UTC 2020
7 ms. Memory: 51200K Free: 25828K (50%)
ptolemy.util.test.WatchDog.cancel(): canceling Wed Mar 18 07:14:09 UTC 2020
------------------ testing $PTII/ptolemy/domains/de/test/auto/ResetTransitionWithStartTime3.xml
auto.tcl: Setting watchdog for 200 seconds at Wed Mar 18 07:14:09 UTC 2020
6 ms. Memory: 51200K Free: 28381K (55%)
ptolemy.util.test.WatchDog.cancel(): canceling Wed Mar 18 07:14:09 UTC 2020
auto.tcl: Setting watchdog for 200 seconds at Wed Mar 18 07:14:09 UTC 2020
6 ms. Memory: 51200K Free: 26333K (51%)
ptolemy.util.test.WatchDog.cancel(): canceling Wed Mar 18 07:14:09 UTC 2020
------------------ testing $PTII/ptolemy/domains/de/test/auto/ResetTransitionWithStartTime4.xml
auto.tcl: Setting watchdog for 200 seconds at Wed Mar 18 07:14:09 UTC 2020
6 ms. Memory: 51200K Free: 28825K (56%)
ptolemy.util.test.WatchDog.cancel(): canceling Wed Mar 18 07:14:09 UTC 2020
auto.tcl: Setting watchdog for 200 seconds at Wed Mar 18 07:14:09 UTC 2020
3 ms. Memory: 51200K Free: 27355K (53%)
ptolemy.util.test.WatchDog.cancel(): canceling Wed Mar 18 07:14:09 UTC 2020
------------------ testing $PTII/ptolemy/domains/de/test/auto/ResettableTimer1.xml
auto.tcl: Setting watchdog for 200 seconds at Wed Mar 18 07:14:09 UTC 2020
2 ms. Memory: 51200K Free: 32558K (64%)
ptolemy.util.test.WatchDog.cancel(): canceling Wed Mar 18 07:14:09 UTC 2020
auto.tcl: Setting watchdog for 200 seconds at Wed Mar 18 07:14:09 UTC 2020
3 ms. Memory: 51200K Free: 31931K (62%)
ptolemy.util.test.WatchDog.cancel(): canceling Wed Mar 18 07:14:09 UTC 2020
------------------ testing $PTII/ptolemy/domains/de/test/auto/ResettableTimer2.xml
auto.tcl: Setting watchdog for 200 seconds at Wed Mar 18 07:14:09 UTC 2020
4 ms. Memory: 51200K Free: 32652K (64%)
ptolemy.util.test.WatchDog.cancel(): canceling Wed Mar 18 07:14:09 UTC 2020
auto.tcl: Setting watchdog for 200 seconds at Wed Mar 18 07:14:09 UTC 2020
2 ms. Memory: 51200K Free: 32009K (63%)
ptolemy.util.test.WatchDog.cancel(): canceling Wed Mar 18 07:14:09 UTC 2020
------------------ testing $PTII/ptolemy/domains/de/test/auto/ResettableTimer3.xml
auto.tcl: Setting watchdog for 200 seconds at Wed Mar 18 07:14:09 UTC 2020
2 ms. Memory: 51200K Free: 32514K (64%)
ptolemy.util.test.WatchDog.cancel(): canceling Wed Mar 18 07:14:09 UTC 2020
auto.tcl: Setting watchdog for 200 seconds at Wed Mar 18 07:14:09 UTC 2020
1 ms. Memory: 51200K Free: 32514K (64%)
ptolemy.util.test.WatchDog.cancel(): canceling Wed Mar 18 07:14:09 UTC 2020
------------------ testing $PTII/ptolemy/domains/de/test/auto/ResettableTimer4.xml
auto.tcl: Setting watchdog for 200 seconds at Wed Mar 18 07:14:09 UTC 2020
1 ms. Memory: 51200K Free: 32527K (64%)
ptolemy.util.test.WatchDog.cancel(): canceling Wed Mar 18 07:14:09 UTC 2020
auto.tcl: Setting watchdog for 200 seconds at Wed Mar 18 07:14:09 UTC 2020
1 ms. Memory: 51200K Free: 32021K (63%)
ptolemy.util.test.WatchDog.cancel(): canceling Wed Mar 18 07:14:09 UTC 2020
------------------ testing $PTII/ptolemy/domains/de/test/auto/ResettableTimer5.xml
auto.tcl: Setting watchdog for 200 seconds at Wed Mar 18 07:14:09 UTC 2020
1 ms. Memory: 51200K Free: 32005K (63%)
ptolemy.util.test.WatchDog.cancel(): canceling Wed Mar 18 07:14:09 UTC 2020
auto.tcl: Setting watchdog for 200 seconds at Wed Mar 18 07:14:09 UTC 2020
2 ms. Memory: 51200K Free: 31502K (62%)
ptolemy.util.test.WatchDog.cancel(): canceling Wed Mar 18 07:14:09 UTC 2020
------------------ testing $PTII/ptolemy/domains/de/test/auto/ResettableTimer6.xml
auto.tcl: Setting watchdog for 200 seconds at Wed Mar 18 07:14:09 UTC 2020
1 ms. Memory: 51200K Free: 32002K (63%)
ptolemy.util.test.WatchDog.cancel(): canceling Wed Mar 18 07:14:09 UTC 2020
auto.tcl: Setting watchdog for 200 seconds at Wed Mar 18 07:14:09 UTC 2020
2 ms. Memory: 51200K Free: 31492K (62%)
ptolemy.util.test.WatchDog.cancel(): canceling Wed Mar 18 07:14:09 UTC 2020
------------------ testing $PTII/ptolemy/domains/de/test/auto/ServerZeroDelay.xml
auto.tcl: Setting watchdog for 200 seconds at Wed Mar 18 07:14:09 UTC 2020
3 ms. Memory: 51200K Free: 32508K (63%)
ptolemy.util.test.WatchDog.cancel(): canceling Wed Mar 18 07:14:09 UTC 2020
auto.tcl: Setting watchdog for 200 seconds at Wed Mar 18 07:14:09 UTC 2020
2 ms. Memory: 51200K Free: 31484K (61%)
ptolemy.util.test.WatchDog.cancel(): canceling Wed Mar 18 07:14:09 UTC 2020
------------------ testing $PTII/ptolemy/domains/de/test/auto/SmartSender.xml
auto.tcl: Setting watchdog for 200 seconds at Wed Mar 18 07:14:09 UTC 2020
3001 ms. Memory: 51200K Free: 32502K (63%)
ptolemy.util.test.WatchDog.cancel(): canceling Wed Mar 18 07:14:12 UTC 2020
auto.tcl: Setting watchdog for 200 seconds at Wed Mar 18 07:14:12 UTC 2020
3001 ms. Memory: 51200K Free: 31996K (62%)
ptolemy.util.test.WatchDog.cancel(): canceling Wed Mar 18 07:14:15 UTC 2020
------------------ testing $PTII/ptolemy/domains/de/test/auto/ThreadedComposite.xml
auto.tcl: Setting watchdog for 200 seconds at Wed Mar 18 07:14:15 UTC 2020
181 ms. Memory: 51200K Free: 13569K (27%)
ptolemy.util.test.WatchDog.cancel(): canceling Wed Mar 18 07:14:16 UTC 2020
auto.tcl: Setting watchdog for 200 seconds at Wed Mar 18 07:14:16 UTC 2020
133 ms. Memory: 51200K Free: 29717K (58%)
ptolemy.util.test.WatchDog.cancel(): canceling Wed Mar 18 07:14:16 UTC 2020
------------------ testing $PTII/ptolemy/domains/de/test/auto/Time.xml
auto.tcl: Setting watchdog for 200 seconds at Wed Mar 18 07:14:16 UTC 2020
464 ms. Memory: 70656K Free: 54597K (77%)
ptolemy.util.test.WatchDog.cancel(): canceling Wed Mar 18 07:14:16 UTC 2020
auto.tcl: Setting watchdog for 200 seconds at Wed Mar 18 07:14:16 UTC 2020
398 ms. Memory: 70656K Free: 43835K (62%)
ptolemy.util.test.WatchDog.cancel(): canceling Wed Mar 18 07:14:17 UTC 2020
------------------ testing $PTII/ptolemy/domains/de/test/auto/TimeDelayZeroDelay.xml
auto.tcl: Setting watchdog for 200 seconds at Wed Mar 18 07:14:17 UTC 2020
2 ms. Memory: 51200K Free: 32935K (64%)
ptolemy.util.test.WatchDog.cancel(): canceling Wed Mar 18 07:14:17 UTC 2020
auto.tcl: Setting watchdog for 200 seconds at Wed Mar 18 07:14:17 UTC 2020
2 ms. Memory: 51200K Free: 32024K (63%)
ptolemy.util.test.WatchDog.cancel(): canceling Wed Mar 18 07:14:17 UTC 2020
------------------ testing $PTII/ptolemy/domains/de/test/auto/TimerZeroDelay.xml
auto.tcl: Setting watchdog for 200 seconds at Wed Mar 18 07:14:17 UTC 2020
2 ms. Memory: 51200K Free: 32831K (64%)
ptolemy.util.test.WatchDog.cancel(): canceling Wed Mar 18 07:14:17 UTC 2020
auto.tcl: Setting watchdog for 200 seconds at Wed Mar 18 07:14:17 UTC 2020
2 ms. Memory: 51200K Free: 32045K (63%)
ptolemy.util.test.WatchDog.cancel(): canceling Wed Mar 18 07:14:17 UTC 2020
------------------ testing $PTII/ptolemy/domains/de/test/auto/TimingParadox.xml
auto.tcl: Setting watchdog for 200 seconds at Wed Mar 18 07:14:17 UTC 2020
292 ms. Memory: 51200K Free: 19570K (38%)
ptolemy.util.test.WatchDog.cancel(): canceling Wed Mar 18 07:14:17 UTC 2020
auto.tcl: Setting watchdog for 200 seconds at Wed Mar 18 07:14:17 UTC 2020
288 ms. Memory: 51200K Free: 35085K (69%)
ptolemy.util.test.WatchDog.cancel(): canceling Wed Mar 18 07:14:17 UTC 2020
------------------ testing $PTII/ptolemy/domains/de/test/auto/TransferInputs.xml
auto.tcl: Setting watchdog for 200 seconds at Wed Mar 18 07:14:18 UTC 2020
1 ms. Memory: 51200K Free: 30955K (60%)
ptolemy.util.test.WatchDog.cancel(): canceling Wed Mar 18 07:14:18 UTC 2020
auto.tcl: Setting watchdog for 200 seconds at Wed Mar 18 07:14:18 UTC 2020
2 ms. Memory: 51200K Free: 30035K (59%)
ptolemy.util.test.WatchDog.cancel(): canceling Wed Mar 18 07:14:18 UTC 2020
------------------ testing $PTII/ptolemy/domains/de/test/auto/TransferOutputs2.xml
auto.tcl: Setting watchdog for 200 seconds at Wed Mar 18 07:14:18 UTC 2020
9 ms. Memory: 51200K Free: 28384K (55%)
ptolemy.util.test.WatchDog.cancel(): canceling Wed Mar 18 07:14:18 UTC 2020
auto.tcl: Setting watchdog for 200 seconds at Wed Mar 18 07:14:18 UTC 2020
3 ms. Memory: 51200K Free: 26980K (53%)
ptolemy.util.test.WatchDog.cancel(): canceling Wed Mar 18 07:14:18 UTC 2020
------------------ testing $PTII/ptolemy/domains/de/test/auto/Trilateration.xml
auto.tcl: Setting watchdog for 200 seconds at Wed Mar 18 07:14:18 UTC 2020
11177 ms. Memory: 547840K Free: 414387K (76%)
ptolemy.util.test.WatchDog.cancel(): canceling Wed Mar 18 07:14:30 UTC 2020
auto.tcl: Setting watchdog for 200 seconds at Wed Mar 18 07:14:30 UTC 2020
8745 ms. Memory: 547840K Free: 359805K (66%)
ptolemy.util.test.WatchDog.cancel(): canceling Wed Mar 18 07:14:39 UTC 2020
------------------ testing $PTII/ptolemy/domains/de/test/auto/TwoSigmaDelta.xml
auto.tcl: Setting watchdog for 200 seconds at Wed Mar 18 07:14:39 UTC 2020
2121 ms. Memory: 92160K Free: 36272K (39%)
ptolemy.util.test.WatchDog.cancel(): canceling Wed Mar 18 07:14:41 UTC 2020
auto.tcl: Setting watchdog for 200 seconds at Wed Mar 18 07:14:41 UTC 2020
1825 ms. Memory: 92160K Free: 40860K (44%)
ptolemy.util.test.WatchDog.cancel(): canceling Wed Mar 18 07:14:43 UTC 2020
------------------ testing $PTII/ptolemy/domains/de/test/auto/VariableDelay.xml
auto.tcl: Setting watchdog for 200 seconds at Wed Mar 18 07:14:43 UTC 2020
2 ms. Memory: 55296K Free: 35530K (64%)
ptolemy.util.test.WatchDog.cancel(): canceling Wed Mar 18 07:14:43 UTC 2020
auto.tcl: Setting watchdog for 200 seconds at Wed Mar 18 07:14:43 UTC 2020
2 ms. Memory: 55296K Free: 34520K (62%)
ptolemy.util.test.WatchDog.cancel(): canceling Wed Mar 18 07:14:43 UTC 2020
------------------ testing $PTII/ptolemy/domains/de/test/auto/VariableDelay2.xml
auto.tcl: Setting watchdog for 200 seconds at Wed Mar 18 07:14:43 UTC 2020
7 ms. Memory: 55296K Free: 36122K (65%)
ptolemy.util.test.WatchDog.cancel(): canceling Wed Mar 18 07:14:43 UTC 2020
auto.tcl: Setting watchdog for 200 seconds at Wed Mar 18 07:14:43 UTC 2020
3 ms. Memory: 55296K Free: 35594K (64%)
ptolemy.util.test.WatchDog.cancel(): canceling Wed Mar 18 07:14:43 UTC 2020
------------------ testing $PTII/ptolemy/domains/de/test/auto/VariableDelayZeroDelay.xml
auto.tcl: Setting watchdog for 200 seconds at Wed Mar 18 07:14:43 UTC 2020
3 ms. Memory: 51200K Free: 32458K (63%)
ptolemy.util.test.WatchDog.cancel(): canceling Wed Mar 18 07:14:43 UTC 2020
auto.tcl: Setting watchdog for 200 seconds at Wed Mar 18 07:14:43 UTC 2020
2 ms. Memory: 51200K Free: 31831K (62%)
ptolemy.util.test.WatchDog.cancel(): canceling Wed Mar 18 07:14:43 UTC 2020
------------------ testing $PTII/ptolemy/domains/de/test/auto/VariableDelayZeroDelay2.xml
auto.tcl: Setting watchdog for 200 seconds at Wed Mar 18 07:14:43 UTC 2020
1 ms. Memory: 51200K Free: 32358K (63%)
ptolemy.util.test.WatchDog.cancel(): canceling Wed Mar 18 07:14:43 UTC 2020
auto.tcl: Setting watchdog for 200 seconds at Wed Mar 18 07:14:43 UTC 2020
1 ms. Memory: 51200K Free: 31373K (61%)
ptolemy.util.test.WatchDog.cancel(): canceling Wed Mar 18 07:14:43 UTC 2020
------------------ testing $PTII/ptolemy/domains/de/test/auto/deInCt.xml
auto.tcl: Setting watchdog for 200 seconds at Wed Mar 18 07:14:43 UTC 2020
0
1
1
1
0
0
0
0
1
1
1
0
0
0
0
1
1
1
0
0
0
1
1
1
0
0
0
0
0
0
0
11 ms. Memory: 51200K Free: 31332K (61%)
ptolemy.util.test.WatchDog.cancel(): canceling Wed Mar 18 07:14:43 UTC 2020
auto.tcl: Setting watchdog for 200 seconds at Wed Mar 18 07:14:43 UTC 2020
0
1
1
1
0
0
0
0
0
1
1
1
1
1
1
0
0
0
1
1
1
0
0
0
1
1
1
0
0
0
1
1
1
1
8 ms. Memory: 51200K Free: 29804K (58%)
ptolemy.util.test.WatchDog.cancel(): canceling Wed Mar 18 07:14:43 UTC 2020
------------------ testing $PTII/ptolemy/domains/de/test/auto/deInCt2.xml
auto.tcl: Setting watchdog for 200 seconds at Wed Mar 18 07:14:43 UTC 2020
0
1
1
1
0
0
1
1
1
0
0
1
1
1
0
0
1
1
1
0
0
1
1
1
0
0
1
1
1
0
0
1
1
1
0
0
1
1
1
0
0
0
12 ms. Memory: 51200K Free: 31332K (61%)
ptolemy.util.test.WatchDog.cancel(): canceling Wed Mar 18 07:14:43 UTC 2020
auto.tcl: Setting watchdog for 200 seconds at Wed Mar 18 07:14:43 UTC 2020
0
1
1
1
0
0
1
1
1
0
0
1
1
1
0
0
1
1
1
0
0
1
1
1
0
0
1
1
1
0
0
1
1
1
0
0
1
1
1
0
0
0
6 ms. Memory: 51200K Free: 29787K (58%)
ptolemy.util.test.WatchDog.cancel(): canceling Wed Mar 18 07:14:43 UTC 2020
------------------ testing $PTII/ptolemy/domains/de/test/auto/dynamicCausalityInterface1.xml
auto.tcl: Setting watchdog for 200 seconds at Wed Mar 18 07:14:43 UTC 2020
2 ms. Memory: 51200K Free: 26702K (52%)
ptolemy.util.test.WatchDog.cancel(): canceling Wed Mar 18 07:14:43 UTC 2020
auto.tcl: Setting watchdog for 200 seconds at Wed Mar 18 07:14:43 UTC 2020
1 ms. Memory: 51200K Free: 26215K (51%)
ptolemy.util.test.WatchDog.cancel(): canceling Wed Mar 18 07:14:43 UTC 2020
------------------ testing $PTII/ptolemy/domains/de/test/auto/fsm_de_test.xml
auto.tcl: Setting watchdog for 200 seconds at Wed Mar 18 07:14:43 UTC 2020
10 ms. Memory: 51200K Free: 27130K (53%)
ptolemy.util.test.WatchDog.cancel(): canceling Wed Mar 18 07:14:43 UTC 2020
auto.tcl: Setting watchdog for 200 seconds at Wed Mar 18 07:14:43 UTC 2020
8 ms. Memory: 51200K Free: 25082K (49%)
ptolemy.util.test.WatchDog.cancel(): canceling Wed Mar 18 07:14:43 UTC 2020
------------------ testing $PTII/ptolemy/domains/de/test/auto/functionDependencyReconstruction.xml
auto.tcl: Setting watchdog for 200 seconds at Wed Mar 18 07:14:43 UTC 2020
3 ms. Memory: 51200K Free: 21106K (41%)
ptolemy.util.test.WatchDog.cancel(): canceling Wed Mar 18 07:14:43 UTC 2020
auto.tcl: Setting watchdog for 200 seconds at Wed Mar 18 07:14:43 UTC 2020
3 ms. Memory: 51200K Free: 18944K (37%)
ptolemy.util.test.WatchDog.cancel(): canceling Wed Mar 18 07:14:43 UTC 2020
------------------ testing $PTII/ptolemy/domains/de/test/auto/multirate.xml
auto.tcl: Setting watchdog for 200 seconds at Wed Mar 18 07:14:44 UTC 2020
3 ms. Memory: 51200K Free: 29770K (58%)
ptolemy.util.test.WatchDog.cancel(): canceling Wed Mar 18 07:14:44 UTC 2020
auto.tcl: Setting watchdog for 200 seconds at Wed Mar 18 07:14:44 UTC 2020
3 ms. Memory: 51200K Free: 28055K (55%)
ptolemy.util.test.WatchDog.cancel(): canceling Wed Mar 18 07:14:44 UTC 2020
------------------ testing $PTII/ptolemy/domains/de/test/auto/multirate2.xml
auto.tcl: Setting watchdog for 200 seconds at Wed Mar 18 07:14:44 UTC 2020
2 ms. Memory: 51200K Free: 29726K (58%)
ptolemy.util.test.WatchDog.cancel(): canceling Wed Mar 18 07:14:44 UTC 2020
auto.tcl: Setting watchdog for 200 seconds at Wed Mar 18 07:14:44 UTC 2020
5 ms. Memory: 51200K Free: 28220K (55%)
ptolemy.util.test.WatchDog.cancel(): canceling Wed Mar 18 07:14:44 UTC 2020
------------------ testing $PTII/ptolemy/domains/de/test/auto/realtime.xml
auto.tcl: Setting watchdog for 200 seconds at Wed Mar 18 07:14:44 UTC 2020
10001 ms. Memory: 51200K Free: 32004K (63%)
ptolemy.util.test.WatchDog.cancel(): canceling Wed Mar 18 07:14:54 UTC 2020
auto.tcl: Setting watchdog for 200 seconds at Wed Mar 18 07:14:54 UTC 2020
10003 ms. Memory: 51200K Free: 31277K (61%)
ptolemy.util.test.WatchDog.cancel(): canceling Wed Mar 18 07:15:04 UTC 2020
------------------ testing $PTII/ptolemy/domains/de/test/auto/relationGroup.xml
auto.tcl: Setting watchdog for 200 seconds at Wed Mar 18 07:15:04 UTC 2020
2 ms. Memory: 51200K Free: 33040K (65%)
ptolemy.util.test.WatchDog.cancel(): canceling Wed Mar 18 07:15:04 UTC 2020
auto.tcl: Setting watchdog for 200 seconds at Wed Mar 18 07:15:04 UTC 2020
1 ms. Memory: 51200K Free: 32326K (63%)
ptolemy.util.test.WatchDog.cancel(): canceling Wed Mar 18 07:15:04 UTC 2020
------------------ testing $PTII/ptolemy/domains/de/test/auto/relationGroup2.xml
auto.tcl: Setting watchdog for 200 seconds at Wed Mar 18 07:15:04 UTC 2020
2 ms. Memory: 51200K Free: 33119K (65%)
ptolemy.util.test.WatchDog.cancel(): canceling Wed Mar 18 07:15:04 UTC 2020
auto.tcl: Setting watchdog for 200 seconds at Wed Mar 18 07:15:04 UTC 2020
1 ms. Memory: 51200K Free: 32606K (64%)
ptolemy.util.test.WatchDog.cancel(): canceling Wed Mar 18 07:15:04 UTC 2020
------------------ testing $PTII/ptolemy/domains/de/test/auto/sortWithOpaquePorts.xml
auto.tcl: Setting watchdog for 200 seconds at Wed Mar 18 07:15:04 UTC 2020
2 ms. Memory: 51200K Free: 31870K (62%)
ptolemy.util.test.WatchDog.cancel(): canceling Wed Mar 18 07:15:04 UTC 2020
auto.tcl: Setting watchdog for 200 seconds at Wed Mar 18 07:15:04 UTC 2020
2 ms. Memory: 51200K Free: 30840K (60%)
ptolemy.util.test.WatchDog.cancel(): canceling Wed Mar 18 07:15:04 UTC 2020
------------------ testing $PTII/ptolemy/domains/de/test/auto/transferInputsandOutputs.xml
auto.tcl: Setting watchdog for 200 seconds at Wed Mar 18 07:15:04 UTC 2020
4 ms. Memory: 51200K Free: 29300K (57%)
ptolemy.util.test.WatchDog.cancel(): canceling Wed Mar 18 07:15:04 UTC 2020
auto.tcl: Setting watchdog for 200 seconds at Wed Mar 18 07:15:04 UTC 2020
3 ms. Memory: 51200K Free: 28320K (55%)
ptolemy.util.test.WatchDog.cancel(): canceling Wed Mar 18 07:15:04 UTC 2020
------------------ testing $PTII/ptolemy/domains/de/test/auto/triggerType.xml
auto.tcl: Setting watchdog for 200 seconds at Wed Mar 18 07:15:04 UTC 2020
2 ms. Memory: 51200K Free: 32324K (63%)
ptolemy.util.test.WatchDog.cancel(): canceling Wed Mar 18 07:15:04 UTC 2020
auto.tcl: Setting watchdog for 200 seconds at Wed Mar 18 07:15:04 UTC 2020
1 ms. Memory: 51200K Free: 31315K (61%)
ptolemy.util.test.WatchDog.cancel(): canceling Wed Mar 18 07:15:04 UTC 2020
03/18/20 07:15:04
Failed: 0  Total Tests: 192  ((Passed: 187, Newly Passed: 1)  Known Failed: 5) /home/travis/build/icyphy/ptII/ptolemy/domains/de/test
03/18/20 07:15:04
Failed: 0  Total Tests: 192  ((Passed: 187, Newly Passed: 1)  Known Failed: 5) /home/travis/build/icyphy/ptII/ptolemy/domains/de/test
----------------- testing (KnownFailure) /home/travis/build/icyphy/ptII/ptolemy/domains/de/test/auto/knownFailedTests/DESDFClockTest.xml
2015 ms. Memory: 51200K Free: 25209K (49%)
Known Failure: java.lang.reflect.InvocationTargetException
----------------- testing (KnownFailure) /home/travis/build/icyphy/ptII/ptolemy/domains/de/test/auto/knownFailedTests/DirectFeedback.xml
2 ms. Memory: 51200K Free: 21623K (42%)
Known Failure: java.lang.reflect.InvocationTargetException
----------------- testing (KnownFailure) /home/travis/build/icyphy/ptII/ptolemy/domains/de/test/auto/knownFailedTests/FSMSource.xml
16 ms. Memory: 51200K Free: 13417K (26%)
----------------- testing (KnownFailure) /home/travis/build/icyphy/ptII/ptolemy/domains/de/test/auto/knownFailedTests/HierarchicalModel.xml
3 ms. Memory: 51200K Free: 26467K (52%)
Known Failure: java.lang.reflect.InvocationTargetException
----------------- testing (KnownFailure) /home/travis/build/icyphy/ptII/ptolemy/domains/de/test/auto/knownFailedTests/dependencyLoop.xml
2 ms. Memory: 51200K Free: 11121K (22%)
Known Failure: java.lang.reflect.InvocationTargetException
----------------- testing (KnownFailure) /home/travis/build/icyphy/ptII/ptolemy/domains/de/test/auto/knownFailedTests/dependencyLoop2.xml
6 ms. Memory: 51200K Free: 25092K (49%)
Known Failure: java.lang.reflect.InvocationTargetException
No auto/linux-amd64/*.xml tests in /home/travis/build/icyphy/ptII/ptolemy/domains/de/test
AutoTests.java: About to close Vertx.
AutoTests.java: Vertx closed.

===========================================================================================
----------------- testing Wed Mar 18 07:15:06 UTC 2020 /home/travis/build/icyphy/ptII/ptolemy/domains/de/test/auto/ActorDepthCalculation_actorWithoutPorts.xml
----------------- Instantiating /home/travis/build/icyphy/ptII/ptolemy/domains/de/test/auto/ActorDepthCalculation_actorWithoutPorts.xml
2 ms. Memory: 51200K Free: 18227K (36%)
----------------- Invoking toplevel() on ptolemy.moml.MoMLSimpleApplication@7131b3f8
----------------- Done invoking toplevel() on ptolemy.moml.MoMLSimpleApplication@7131b3f8
reloadAllAccessors: .ActorDepthCalculation_actorWithoutPorts

===========================================================================================
----------------- testing Wed Mar 18 07:15:06 UTC 2020 /home/travis/build/icyphy/ptII/ptolemy/domains/de/test/auto/AssemblyLine.xml
----------------- Instantiating /home/travis/build/icyphy/ptII/ptolemy/domains/de/test/auto/AssemblyLine.xml
3 ms. Memory: 51200K Free: 11378K (22%)
----------------- Invoking toplevel() on ptolemy.moml.MoMLSimpleApplication@b0e90f3
----------------- Done invoking toplevel() on ptolemy.moml.MoMLSimpleApplication@b0e90f3
reloadAllAccessors: .AssemblyLine

===========================================================================================
----------------- testing Wed Mar 18 07:15:06 UTC 2020 /home/travis/build/icyphy/ptII/ptolemy/domains/de/test/auto/CQBug1.xml
----------------- Instantiating /home/travis/build/icyphy/ptII/ptolemy/domains/de/test/auto/CQBug1.xml
1 ms. Memory: 51200K Free: 8467K (17%)
----------------- Invoking toplevel() on ptolemy.moml.MoMLSimpleApplication@885df6
----------------- Done invoking toplevel() on ptolemy.moml.MoMLSimpleApplication@885df6
reloadAllAccessors: .CQBug1

===========================================================================================
----------------- testing Wed Mar 18 07:15:06 UTC 2020 /home/travis/build/icyphy/ptII/ptolemy/domains/de/test/auto/CancelFireAt.xml
----------------- Instantiating /home/travis/build/icyphy/ptII/ptolemy/domains/de/test/auto/CancelFireAt.xml
1 ms. Memory: 51200K Free: 34781K (68%)
----------------- Invoking toplevel() on ptolemy.moml.MoMLSimpleApplication@208dc1ba
----------------- Done invoking toplevel() on ptolemy.moml.MoMLSimpleApplication@208dc1ba
reloadAllAccessors: .CancelFireAt

===========================================================================================
----------------- testing Wed Mar 18 07:15:06 UTC 2020 /home/travis/build/icyphy/ptII/ptolemy/domains/de/test/auto/CausalityAndComposabilityAnalysis.xml
----------------- Instantiating /home/travis/build/icyphy/ptII/ptolemy/domains/de/test/auto/CausalityAndComposabilityAnalysis.xml
1 ms. Memory: 51200K Free: 30430K (59%)
----------------- Invoking toplevel() on ptolemy.moml.MoMLSimpleApplication@38c05707
----------------- Done invoking toplevel() on ptolemy.moml.MoMLSimpleApplication@38c05707
reloadAllAccessors: .CausalityAndComposabilityAnalysis

===========================================================================================
----------------- testing Wed Mar 18 07:15:06 UTC 2020 /home/travis/build/icyphy/ptII/ptolemy/domains/de/test/auto/CausalityInterface1.xml
----------------- Instantiating /home/travis/build/icyphy/ptII/ptolemy/domains/de/test/auto/CausalityInterface1.xml
6 ms. Memory: 51200K Free: 25326K (49%)
----------------- Invoking toplevel() on ptolemy.moml.MoMLSimpleApplication@595dc6ee
----------------- Done invoking toplevel() on ptolemy.moml.MoMLSimpleApplication@595dc6ee
reloadAllAccessors: .CausalityInterface1

===========================================================================================
----------------- testing Wed Mar 18 07:15:06 UTC 2020 /home/travis/build/icyphy/ptII/ptolemy/domains/de/test/auto/CausalityInterface15.xml
----------------- Instantiating /home/travis/build/icyphy/ptII/ptolemy/domains/de/test/auto/CausalityInterface15.xml
3 ms. Memory: 51200K Free: 19831K (39%)
----------------- Invoking toplevel() on ptolemy.moml.MoMLSimpleApplication@7c0cd42c
----------------- Done invoking toplevel() on ptolemy.moml.MoMLSimpleApplication@7c0cd42c
reloadAllAccessors: .CausalityInterface15

===========================================================================================
----------------- testing Wed Mar 18 07:15:06 UTC 2020 /home/travis/build/icyphy/ptII/ptolemy/domains/de/test/auto/CausalityInterface2.xml
----------------- Instantiating /home/travis/build/icyphy/ptII/ptolemy/domains/de/test/auto/CausalityInterface2.xml
1 ms. Memory: 51200K Free: 15373K (30%)
[...]
	at ptolemy.actor.Manager.run(Manager.java:1263)
	at ptolemy.actor.Manager$PtolemyRunThread.run(Manager.java:1933)
java.lang.RuntimeException: Execution failed
	at ptolemy.moml.MoMLSimpleApplication$UnloadThread.run(MoMLSimpleApplication.java:402)
Caused by: ptolemy.kernel.util.IllegalActionException: Actor is not ready to fire.  Perhaps UpSample.prefire() returned false? Try debugging the actor by selecting "Listen to Actor".  Also, for SDF check moml for tokenConsumptionRate on input.
  in .DESDFClockTest.Play Bell.Copy1:SDF Director and .DESDFClockTest.Play Bell.UpSample
	at ptolemy.actor.sched.StaticSchedulingDirector.fire(StaticSchedulingDirector.java:227)
	at ptolemy.domains.sdf.kernel.SDFDirector.fire(SDFDirector.java:500)
	at ptolemy.actor.CompositeActor.fire(CompositeActor.java:455)
	at ptolemy.domains.de.kernel.DEDirector._fire(DEDirector.java:1949)
	at ptolemy.domains.de.kernel.DEDirector.fire(DEDirector.java:502)
	at ptolemy.actor.CompositeActor.fire(CompositeActor.java:455)
	at ptolemy.actor.Manager.iterate(Manager.java:851)
	at ptolemy.actor.Manager.execute(Manager.java:369)
	at ptolemy.actor.Manager.run(Manager.java:1263)
	at ptolemy.actor.Manager$PtolemyRunThread.run(Manager.java:1933)
java.lang.reflect.InvocationTargetException
	at java.base/jdk.internal.reflect.NativeConstructorAccessorImpl.newInstance0(Native Method)
	at java.base/jdk.internal.reflect.NativeConstructorAccessorImpl.newInstance(NativeConstructorAccessorImpl.java:62)
	at java.base/jdk.internal.reflect.DelegatingConstructorAccessorImpl.newInstance(DelegatingConstructorAccessorImpl.java:45)
	at java.base/java.lang.reflect.Constructor.newInstance(Constructor.java:490)
	at ptolemy.util.test.junit.AutoKnownFailedTests.RunModel(AutoKnownFailedTests.java:105)
	at java.base/jdk.internal.reflect.NativeMethodAccessorImpl.invoke0(Native Method)
	at java.base/jdk.internal.reflect.NativeMethodAccessorImpl.invoke(NativeMethodAccessorImpl.java:62)
	at java.base/jdk.internal.reflect.DelegatingMethodAccessorImpl.invoke(DelegatingMethodAccessorImpl.java:43)
	at java.base/java.lang.reflect.Method.invoke(Method.java:566)
	at org.junit.runners.model.FrameworkMethod$1.runReflectiveCall(FrameworkMethod.java:44)
	at org.junit.internal.runners.model.ReflectiveCallable.run(ReflectiveCallable.java:15)
	at org.junit.runners.model.FrameworkMethod.invokeExplosively(FrameworkMethod.java:41)
	at junitparams.internal.InvokeParameterisedMethod.evaluate(InvokeParameterisedMethod.java:102)
	at org.junit.internal.runners.statements.FailOnTimeout$1.run(FailOnTimeout.java:28)
Caused by: ptolemy.kernel.util.IllegalActionException: Actor is not ready to fire.  Perhaps UpSample.prefire() returned false? Try debugging the actor by selecting "Listen to Actor".  Also, for SDF check moml for tokenConsumptionRate on input.
  in .DESDFClockTest.Play Bell.Copy1:SDF Director and .DESDFClockTest.Play Bell.UpSample
	at ptolemy.actor.sched.StaticSchedulingDirector.fire(StaticSchedulingDirector.java:227)
	at ptolemy.domains.sdf.kernel.SDFDirector.fire(SDFDirector.java:500)
	at ptolemy.actor.CompositeActor.fire(CompositeActor.java:455)
	at ptolemy.domains.de.kernel.DEDirector._fire(DEDirector.java:1949)
	at ptolemy.domains.de.kernel.DEDirector.fire(DEDirector.java:502)
	at ptolemy.actor.CompositeActor.fire(CompositeActor.java:455)
	at ptolemy.actor.Manager.iterate(Manager.java:851)
	at ptolemy.actor.Manager.execute(Manager.java:369)
	at ptolemy.actor.Manager.run(Manager.java:1263)
	at ptolemy.actor.Manager$PtolemyRunThread.run(Manager.java:1933)
java.lang.RuntimeException: Execution failed
	at ptolemy.moml.MoMLSimpleApplication$UnloadThread.run(MoMLSimpleApplication.java:402)
Caused by: ptolemy.kernel.util.IllegalActionException: Test fails in iteration 1.
Value was: 1.0. Should have been: 2.0
  in .DirectFeedback.Test
	at ptolemy.actor.lib.Test.fire(Test.java:268)
	at ptolemy.domains.de.kernel.DEDirector._fire(DEDirector.java:1949)
	at ptolemy.domains.de.kernel.DEDirector.fire(DEDirector.java:502)
	at ptolemy.actor.CompositeActor.fire(CompositeActor.java:455)
	at ptolemy.actor.Manager.iterate(Manager.java:851)
	at ptolemy.actor.Manager.execute(Manager.java:369)
	at ptolemy.actor.Manager.run(Manager.java:1263)
	at ptolemy.actor.Manager$PtolemyRunThread.run(Manager.java:1933)
java.lang.reflect.InvocationTargetException
	at java.base/jdk.internal.reflect.NativeConstructorAccessorImpl.newInstance0(Native Method)
	at java.base/jdk.internal.reflect.NativeConstructorAccessorImpl.newInstance(NativeConstructorAccessorImpl.java:62)
	at java.base/jdk.internal.reflect.DelegatingConstructorAccessorImpl.newInstance(DelegatingConstructorAccessorImpl.java:45)
	at java.base/java.lang.reflect.Constructor.newInstance(Constructor.java:490)
	at ptolemy.util.test.junit.AutoKnownFailedTests.RunModel(AutoKnownFailedTests.java:105)
	at java.base/jdk.internal.reflect.NativeMethodAccessorImpl.invoke0(Native Method)
	at java.base/jdk.internal.reflect.NativeMethodAccessorImpl.invoke(NativeMethodAccessorImpl.java:62)
	at java.base/jdk.internal.reflect.DelegatingMethodAccessorImpl.invoke(DelegatingMethodAccessorImpl.java:43)
	at java.base/java.lang.reflect.Method.invoke(Method.java:566)
	at org.junit.runners.model.FrameworkMethod$1.runReflectiveCall(FrameworkMethod.java:44)
	at org.junit.internal.runners.model.ReflectiveCallable.run(ReflectiveCallable.java:15)
	at org.junit.runners.model.FrameworkMethod.invokeExplosively(FrameworkMethod.java:41)
	at junitparams.internal.InvokeParameterisedMethod.evaluate(InvokeParameterisedMethod.java:102)
	at org.junit.internal.runners.statements.FailOnTimeout$1.run(FailOnTimeout.java:28)
Caused by: ptolemy.kernel.util.IllegalActionException: Test fails in iteration 1.
Value was: 1.0. Should have been: 2.0
  in .DirectFeedback.Test
	at ptolemy.actor.lib.Test.fire(Test.java:268)
	at ptolemy.domains.de.kernel.DEDirector._fire(DEDirector.java:1949)
	at ptolemy.domains.de.kernel.DEDirector.fire(DEDirector.java:502)
	at ptolemy.actor.CompositeActor.fire(CompositeActor.java:455)
	at ptolemy.actor.Manager.iterate(Manager.java:851)
	at ptolemy.actor.Manager.execute(Manager.java:369)
	at ptolemy.actor.Manager.run(Manager.java:1263)
	at ptolemy.actor.Manager$PtolemyRunThread.run(Manager.java:1933)
java.lang.RuntimeException: Execution failed
	at ptolemy.moml.MoMLSimpleApplication$UnloadThread.run(MoMLSimpleApplication.java:402)
Caused by: ptolemy.kernel.util.IllegalActionException: Found a zero delay loop containing .HierarchicalModel.A
  in .HierarchicalModel and .HierarchicalModel.A
	at ptolemy.actor.util.CausalityInterfaceForComposites._computeOutputPortDepth(CausalityInterfaceForComposites.java:759)
	at ptolemy.actor.util.CausalityInterfaceForComposites._computeInputDepth(CausalityInterfaceForComposites.java:696)
	at ptolemy.actor.util.CausalityInterfaceForComposites._computeOutputPortDepth(CausalityInterfaceForComposites.java:765)
	at ptolemy.actor.util.CausalityInterfaceForComposites._computeInputDepth(CausalityInterfaceForComposites.java:696)
	at ptolemy.actor.util.CausalityInterfaceForComposites._computeOutputPortDepth(CausalityInterfaceForComposites.java:765)
	at ptolemy.actor.util.CausalityInterfaceForComposites._computeInputDepth(CausalityInterfaceForComposites.java:696)
	at ptolemy.actor.util.CausalityInterfaceForComposites._computeActorDepth(CausalityInterfaceForComposites.java:532)
	at ptolemy.actor.util.CausalityInterfaceForComposites.checkForCycles(CausalityInterfaceForComposites.java:96)
	at ptolemy.domains.de.kernel.DEDirector.preinitialize(DEDirector.java:1338)
	at ptolemy.actor.CompositeActor.preinitialize(CompositeActor.java:1828)
	at ptolemy.actor.Manager.preinitializeAndResolveTypes(Manager.java:1040)
	at ptolemy.actor.Manager.initialize(Manager.java:710)
	at ptolemy.actor.Manager.execute(Manager.java:356)
	at ptolemy.actor.Manager.run(Manager.java:1263)
	at ptolemy.actor.Manager$PtolemyRunThread.run(Manager.java:1933)
java.lang.reflect.InvocationTargetException
	at java.base/jdk.internal.reflect.NativeConstructorAccessorImpl.newInstance0(Native Method)
	at java.base/jdk.internal.reflect.NativeConstructorAccessorImpl.newInstance(NativeConstructorAccessorImpl.java:62)
	at java.base/jdk.internal.reflect.DelegatingConstructorAccessorImpl.newInstance(DelegatingConstructorAccessorImpl.java:45)
	at java.base/java.lang.reflect.Constructor.newInstance(Constructor.java:490)
	at ptolemy.util.test.junit.AutoKnownFailedTests.RunModel(AutoKnownFailedTests.java:105)
	at java.base/jdk.internal.reflect.NativeMethodAccessorImpl.invoke0(Native Method)
	at java.base/jdk.internal.reflect.NativeMethodAccessorImpl.invoke(NativeMethodAccessorImpl.java:62)
	at java.base/jdk.internal.reflect.DelegatingMethodAccessorImpl.invoke(DelegatingMethodAccessorImpl.java:43)
	at java.base/java.lang.reflect.Method.invoke(Method.java:566)
	at org.junit.runners.model.FrameworkMethod$1.runReflectiveCall(FrameworkMethod.java:44)
	at org.junit.internal.runners.model.ReflectiveCallable.run(ReflectiveCallable.java:15)
	at org.junit.runners.model.FrameworkMethod.invokeExplosively(FrameworkMethod.java:41)
	at junitparams.internal.InvokeParameterisedMethod.evaluate(InvokeParameterisedMethod.java:102)
	at org.junit.internal.runners.statements.FailOnTimeout$1.run(FailOnTimeout.java:28)
Caused by: ptolemy.kernel.util.IllegalActionException: Found a zero delay loop containing .HierarchicalModel.A
  in .HierarchicalModel and .HierarchicalModel.A
	at ptolemy.actor.util.CausalityInterfaceForComposites._computeOutputPortDepth(CausalityInterfaceForComposites.java:759)
	at ptolemy.actor.util.CausalityInterfaceForComposites._computeInputDepth(CausalityInterfaceForComposites.java:696)
	at ptolemy.actor.util.CausalityInterfaceForComposites._computeOutputPortDepth(CausalityInterfaceForComposites.java:765)
	at ptolemy.actor.util.CausalityInterfaceForComposites._computeInputDepth(CausalityInterfaceForComposites.java:696)
	at ptolemy.actor.util.CausalityInterfaceForComposites._computeOutputPortDepth(CausalityInterfaceForComposites.java:765)
	at ptolemy.actor.util.CausalityInterfaceForComposites._computeInputDepth(CausalityInterfaceForComposites.java:696)
	at ptolemy.actor.util.CausalityInterfaceForComposites._computeActorDepth(CausalityInterfaceForComposites.java:532)
	at ptolemy.actor.util.CausalityInterfaceForComposites.checkForCycles(CausalityInterfaceForComposites.java:96)
	at ptolemy.domains.de.kernel.DEDirector.preinitialize(DEDirector.java:1338)
	at ptolemy.actor.CompositeActor.preinitialize(CompositeActor.java:1828)
	at ptolemy.actor.Manager.preinitializeAndResolveTypes(Manager.java:1040)
	at ptolemy.actor.Manager.initialize(Manager.java:710)
	at ptolemy.actor.Manager.execute(Manager.java:356)
	at ptolemy.actor.Manager.run(Manager.java:1263)
	at ptolemy.actor.Manager$PtolemyRunThread.run(Manager.java:1933)
java.lang.RuntimeException: Execution failed
	at ptolemy.moml.MoMLSimpleApplication$UnloadThread.run(MoMLSimpleApplication.java:402)
Caused by: ptolemy.kernel.util.IllegalActionException: Found a zero delay loop containing .dependencyLoop.original
  in .dependencyLoop and .dependencyLoop.original
	at ptolemy.actor.util.CausalityInterfaceForComposites._computeOutputPortDepth(CausalityInterfaceForComposites.java:759)
	at ptolemy.actor.util.CausalityInterfaceForComposites._computeInputDepth(CausalityInterfaceForComposites.java:696)
	at ptolemy.actor.util.CausalityInterfaceForComposites._computeOutputPortDepth(CausalityInterfaceForComposites.java:765)
	at ptolemy.actor.util.CausalityInterfaceForComposites._computeInputDepth(CausalityInterfaceForComposites.java:696)
	at ptolemy.actor.util.CausalityInterfaceForComposites._computeOutputPortDepth(CausalityInterfaceForComposites.java:765)
	at ptolemy.actor.util.CausalityInterfaceForComposites._computeInputDepth(CausalityInterfaceForComposites.java:696)
	at ptolemy.actor.util.CausalityInterfaceForComposites._computeActorDepth(CausalityInterfaceForComposites.java:532)
	at ptolemy.actor.util.CausalityInterfaceForComposites.checkForCycles(CausalityInterfaceForComposites.java:96)
	at ptolemy.domains.de.kernel.DEDirector.preinitialize(DEDirector.java:1338)
	at ptolemy.actor.CompositeActor.preinitialize(CompositeActor.java:1828)
	at ptolemy.actor.Manager.preinitializeAndResolveTypes(Manager.java:1040)
	at ptolemy.actor.Manager.initialize(Manager.java:710)
	at ptolemy.actor.Manager.execute(Manager.java:356)
	at ptolemy.actor.Manager.run(Manager.java:1263)
	at ptolemy.actor.Manager$PtolemyRunThread.run(Manager.java:1933)
java.lang.reflect.InvocationTargetException
	at java.base/jdk.internal.reflect.NativeConstructorAccessorImpl.newInstance0(Native Method)
	at java.base/jdk.internal.reflect.NativeConstructorAccessorImpl.newInstance(NativeConstructorAccessorImpl.java:62)
	at java.base/jdk.internal.reflect.DelegatingConstructorAccessorImpl.newInstance(DelegatingConstructorAccessorImpl.java:45)
	at java.base/java.lang.reflect.Constructor.newInstance(Constructor.java:490)
	at ptolemy.util.test.junit.AutoKnownFailedTests.RunModel(AutoKnownFailedTests.java:105)
	at java.base/jdk.internal.reflect.NativeMethodAccessorImpl.invoke0(Native Method)
	at java.base/jdk.internal.reflect.NativeMethodAccessorImpl.invoke(NativeMethodAccessorImpl.java:62)
	at java.base/jdk.internal.reflect.DelegatingMethodAccessorImpl.invoke(DelegatingMethodAccessorImpl.java:43)
	at java.base/java.lang.reflect.Method.invoke(Method.java:566)
	at org.junit.runners.model.FrameworkMethod$1.runReflectiveCall(FrameworkMethod.java:44)
	at org.junit.internal.runners.model.ReflectiveCallable.run(ReflectiveCallable.java:15)
	at org.junit.runners.model.FrameworkMethod.invokeExplosively(FrameworkMethod.java:41)
	at junitparams.internal.InvokeParameterisedMethod.evaluate(InvokeParameterisedMethod.java:102)
	at org.junit.internal.runners.statements.FailOnTimeout$1.run(FailOnTimeout.java:28)
Caused by: ptolemy.kernel.util.IllegalActionException: Found a zero delay loop containing .dependencyLoop.original
  in .dependencyLoop and .dependencyLoop.original
	at ptolemy.actor.util.CausalityInterfaceForComposites._computeOutputPortDepth(CausalityInterfaceForComposites.java:759)
	at ptolemy.actor.util.CausalityInterfaceForComposites._computeInputDepth(CausalityInterfaceForComposites.java:696)
	at ptolemy.actor.util.CausalityInterfaceForComposites._computeOutputPortDepth(CausalityInterfaceForComposites.java:765)
	at ptolemy.actor.util.CausalityInterfaceForComposites._computeInputDepth(CausalityInterfaceForComposites.java:696)
	at ptolemy.actor.util.CausalityInterfaceForComposites._computeOutputPortDepth(CausalityInterfaceForComposites.java:765)
	at ptolemy.actor.util.CausalityInterfaceForComposites._computeInputDepth(CausalityInterfaceForComposites.java:696)
	at ptolemy.actor.util.CausalityInterfaceForComposites._computeActorDepth(CausalityInterfaceForComposites.java:532)
	at ptolemy.actor.util.CausalityInterfaceForComposites.checkForCycles(CausalityInterfaceForComposites.java:96)
	at ptolemy.domains.de.kernel.DEDirector.preinitialize(DEDirector.java:1338)
	at ptolemy.actor.CompositeActor.preinitialize(CompositeActor.java:1828)
	at ptolemy.actor.Manager.preinitializeAndResolveTypes(Manager.java:1040)
	at ptolemy.actor.Manager.initialize(Manager.java:710)
	at ptolemy.actor.Manager.execute(Manager.java:356)
	at ptolemy.actor.Manager.run(Manager.java:1263)
	at ptolemy.actor.Manager$PtolemyRunThread.run(Manager.java:1933)
java.lang.RuntimeException: Execution failed
	at ptolemy.moml.MoMLSimpleApplication$UnloadThread.run(MoMLSimpleApplication.java:402)
Caused by: ptolemy.kernel.util.IllegalActionException: Found a zero delay loop containing .dependencyLoop2.original
  in .dependencyLoop2 and .dependencyLoop2.original
	at ptolemy.actor.util.CausalityInterfaceForComposites._computeOutputPortDepth(CausalityInterfaceForComposites.java:759)
	at ptolemy.actor.util.CausalityInterfaceForComposites._computeInputDepth(CausalityInterfaceForComposites.java:696)
	at ptolemy.actor.util.CausalityInterfaceForComposites._computeOutputPortDepth(CausalityInterfaceForComposites.java:765)
	at ptolemy.actor.util.CausalityInterfaceForComposites._computeInputDepth(CausalityInterfaceForComposites.java:696)
	at ptolemy.actor.util.CausalityInterfaceForComposites._computeOutputPortDepth(CausalityInterfaceForComposites.java:765)
	at ptolemy.actor.util.CausalityInterfaceForComposites._computeInputDepth(CausalityInterfaceForComposites.java:696)
	at ptolemy.actor.util.CausalityInterfaceForComposites._computeActorDepth(CausalityInterfaceForComposites.java:532)
	at ptolemy.actor.util.CausalityInterfaceForComposites.checkForCycles(CausalityInterfaceForComposites.java:96)
	at ptolemy.domains.de.kernel.DEDirector.preinitialize(DEDirector.java:1338)
	at ptolemy.actor.CompositeActor.preinitialize(CompositeActor.java:1828)
	at ptolemy.actor.Manager.preinitializeAndResolveTypes(Manager.java:1040)
	at ptolemy.actor.Manager.initialize(Manager.java:710)
	at ptolemy.actor.Manager.execute(Manager.java:356)
	at ptolemy.actor.Manager.run(Manager.java:1263)
	at ptolemy.actor.Manager$PtolemyRunThread.run(Manager.java:1933)
java.lang.reflect.InvocationTargetException
	at java.base/jdk.internal.reflect.NativeConstructorAccessorImpl.newInstance0(Native Method)
	at java.base/jdk.internal.reflect.NativeConstructorAccessorImpl.newInstance(NativeConstructorAccessorImpl.java:62)
	at java.base/jdk.internal.reflect.DelegatingConstructorAccessorImpl.newInstance(DelegatingConstructorAccessorImpl.java:45)
	at java.base/java.lang.reflect.Constructor.newInstance(Constructor.java:490)
	at ptolemy.util.test.junit.AutoKnownFailedTests.RunModel(AutoKnownFailedTests.java:105)
	at java.base/jdk.internal.reflect.NativeMethodAccessorImpl.invoke0(Native Method)
	at java.base/jdk.internal.reflect.NativeMethodAccessorImpl.invoke(NativeMethodAccessorImpl.java:62)
	at java.base/jdk.internal.reflect.DelegatingMethodAccessorImpl.invoke(DelegatingMethodAccessorImpl.java:43)
	at java.base/java.lang.reflect.Method.invoke(Method.java:566)
	at org.junit.runners.model.FrameworkMethod$1.runReflectiveCall(FrameworkMethod.java:44)
	at org.junit.internal.runners.model.ReflectiveCallable.run(ReflectiveCallable.java:15)
	at org.junit.runners.model.FrameworkMethod.invokeExplosively(FrameworkMethod.java:41)
	at junitparams.internal.InvokeParameterisedMethod.evaluate(InvokeParameterisedMethod.java:102)
	at org.junit.internal.runners.statements.FailOnTimeout$1.run(FailOnTimeout.java:28)
Caused by: ptolemy.kernel.util.IllegalActionException: Found a zero delay loop containing .dependencyLoop2.original
  in .dependencyLoop2 and .dependencyLoop2.original
	at ptolemy.actor.util.CausalityInterfaceForComposites._computeOutputPortDepth(CausalityInterfaceForComposites.java:759)
	at ptolemy.actor.util.CausalityInterfaceForComposites._computeInputDepth(CausalityInterfaceForComposites.java:696)
	at ptolemy.actor.util.CausalityInterfaceForComposites._computeOutputPortDepth(CausalityInterfaceForComposites.java:765)
	at ptolemy.actor.util.CausalityInterfaceForComposites._computeInputDepth(CausalityInterfaceForComposites.java:696)
	at ptolemy.actor.util.CausalityInterfaceForComposites._computeOutputPortDepth(CausalityInterfaceForComposites.java:765)
	at ptolemy.actor.util.CausalityInterfaceForComposites._computeInputDepth(CausalityInterfaceForComposites.java:696)
	at ptolemy.actor.util.CausalityInterfaceForComposites._computeActorDepth(CausalityInterfaceForComposites.java:532)
	at ptolemy.actor.util.CausalityInterfaceForComposites.checkForCycles(CausalityInterfaceForComposites.java:96)
	at ptolemy.domains.de.kernel.DEDirector.preinitialize(DEDirector.java:1338)
	at ptolemy.actor.CompositeActor.preinitialize(CompositeActor.java:1828)
	at ptolemy.actor.Manager.preinitializeAndResolveTypes(Manager.java:1040)
	at ptolemy.actor.Manager.initialize(Manager.java:710)
	at ptolemy.actor.Manager.execute(Manager.java:356)
	at ptolemy.actor.Manager.run(Manager.java:1263)
	at ptolemy.actor.Manager$PtolemyRunThread.run(Manager.java:1933)
]]></system-err>
</testsuite>
