<?xml version="1.0" encoding="UTF-8" ?>
<testsuite errors="0" failures="0" hostname="travis-job-a46d1a16-9173-4953-8a6b-00b5e97f906d" name="ptolemy.domains.pn.test.junit.JUnitTclTest" skipped="0" tests="43" time="6.368" timestamp="2018-08-01T01:49:18">
  <properties>
[...]
</properties>
  <testcase classname="ptolemy.util.test.junit.TclTests" name="[0] /home/travis/build/icyphy/ptII/ptolemy/domains/pn/test/PNDirector.tcl (RunTclFile)" time="0.515" />
  <testcase classname="ptolemy.util.test.junit.TclTests" name="[1] /home/travis/build/icyphy/ptII/ptolemy/domains/pn/test/TimedPNDirector.tcl (RunTclFile)" time="0.026" />
  <testcase classname="ptolemy.util.test.junit.AutoKnownFailedTests" name="[0] ThereAreNoKnowFailedTests (RunModel)" time="0.001" />
  <testcase classname="ptolemy.util.test.junit.AutoNameArchTests" name="[0] ThereAreNoAutoArchTests (RunModel)" time="0.002" />
  <testcase classname="ptolemy.util.test.junit.AutoTests" name="[0] /home/travis/build/icyphy/ptII/ptolemy/domains/pn/test/auto/Branching-switch-PN-ptolemy-2.xml (RunModel)" time="0.116" />
  <testcase classname="ptolemy.util.test.junit.AutoTests" name="[1] /home/travis/build/icyphy/ptII/ptolemy/domains/pn/test/auto/Branching-switch-PN-ptolemy.xml (RunModel)" time="0.098" />
  <testcase classname="ptolemy.util.test.junit.AutoTests" name="[2] /home/travis/build/icyphy/ptII/ptolemy/domains/pn/test/auto/BrockAckermanTest.xml (RunModel)" time="0.361" />
  <testcase classname="ptolemy.util.test.junit.AutoTests" name="[3] /home/travis/build/icyphy/ptII/ptolemy/domains/pn/test/auto/CounterMachine.xml (RunModel)" time="1.23" />
  <testcase classname="ptolemy.util.test.junit.AutoTests" name="[4] /home/travis/build/icyphy/ptII/ptolemy/domains/pn/test/auto/CounterMachine1.xml (RunModel)" time="1.332" />
  <testcase classname="ptolemy.util.test.junit.AutoTests" name="[5] /home/travis/build/icyphy/ptII/ptolemy/domains/pn/test/auto/CounterMachineWithException.xml (RunModel)" time="0.739" />
  <testcase classname="ptolemy.util.test.junit.AutoTests" name="[6] /home/travis/build/icyphy/ptII/ptolemy/domains/pn/test/auto/FinalState.xml (RunModel)" time="0.096" />
  <testcase classname="ptolemy.util.test.junit.AutoTests" name="[7] /home/travis/build/icyphy/ptII/ptolemy/domains/pn/test/auto/FourExpressions.xml (RunModel)" time="0.034" />
  <testcase classname="ptolemy.util.test.junit.AutoTests" name="[8] /home/travis/build/icyphy/ptII/ptolemy/domains/pn/test/auto/Identity.xml (RunModel)" time="0.077" />
  <testcase classname="ptolemy.util.test.junit.AutoTests" name="[9] /home/travis/build/icyphy/ptII/ptolemy/domains/pn/test/auto/IdentityWithFeedback.xml (RunModel)" time="0.049" />
  <testcase classname="ptolemy.util.test.junit.AutoTests" name="[10] /home/travis/build/icyphy/ptII/ptolemy/domains/pn/test/auto/NondeterministicMergeTest.xml (RunModel)" time="0.074" />
  <testcase classname="ptolemy.util.test.junit.AutoTests" name="[11] /home/travis/build/icyphy/ptII/ptolemy/domains/pn/test/auto/OrderedMerge.xml (RunModel)" time="0.168" />
  <testcase classname="ptolemy.util.test.junit.AutoTests" name="[12] /home/travis/build/icyphy/ptII/ptolemy/domains/pn/test/auto/PNAbstractReceiverTest.xml (RunModel)" time="0.03" />
  <testcase classname="ptolemy.util.test.junit.AutoTests" name="[13] /home/travis/build/icyphy/ptII/ptolemy/domains/pn/test/auto/QR.xml (RunModel)" time="0.064" />
  <testcase classname="ptolemy.util.test.junit.AutoTests" name="[14] /home/travis/build/icyphy/ptII/ptolemy/domains/pn/test/auto/RemoveNilTokens.xml (RunModel)" time="0.061" />
  <testcase classname="ptolemy.util.test.junit.AutoTests" name="[15] /home/travis/build/icyphy/ptII/ptolemy/domains/pn/test/auto/Stack.xml (RunModel)" time="0.221" />
  <testcase classname="ptolemy.util.test.junit.AutoTests" name="[16] /home/travis/build/icyphy/ptII/ptolemy/domains/pn/test/auto/TestRemoveNilTokens.xml (RunModel)" time="0.038" />
  <testcase classname="ptolemy.util.test.junit.AutoTests" name="[17] /home/travis/build/icyphy/ptII/ptolemy/domains/pn/test/auto/TestSeq2Array.xml (RunModel)" time="0.039" />
  <testcase classname="ptolemy.util.test.junit.AutoTests" name="[18] /home/travis/build/icyphy/ptII/ptolemy/domains/pn/test/auto/TrivialIdentity.xml (RunModel)" time="0.034" />
  <testcase classname="ptolemy.util.test.junit.AutoTests" name="[19] /home/travis/build/icyphy/ptII/ptolemy/domains/pn/test/auto/WidthInferenceTest1.xml (RunModel)" time="0.044" />
  <testcase classname="ptolemy.util.test.junit.AutoTests" name="[20] /home/travis/build/icyphy/ptII/ptolemy/domains/pn/test/auto/WidthInferenceTest2.xml (RunModel)" time="0.032" />
  <testcase classname="ptolemy.util.test.junit.AutoTests" name="[21] /home/travis/build/icyphy/ptII/ptolemy/domains/pn/test/auto/WidthInferenceTest3.xml (RunModel)" time="0.056" />
  <testcase classname="ptolemy.util.test.junit.AutoTests" name="[22] /home/travis/build/icyphy/ptII/ptolemy/domains/pn/test/auto/WidthInferenceTest4.xml (RunModel)" time="0.062" />
  <testcase classname="ptolemy.util.test.junit.AutoTests" name="[23] /home/travis/build/icyphy/ptII/ptolemy/domains/pn/test/auto/WidthInferenceTest5.xml (RunModel)" time="0.054" />
  <testcase classname="ptolemy.util.test.junit.AutoTests" name="[24] /home/travis/build/icyphy/ptII/ptolemy/domains/pn/test/auto/controlled_kahnnet.xml (RunModel)" time="0.018" />
  <testcase classname="ptolemy.util.test.junit.AutoTests" name="[25] /home/travis/build/icyphy/ptII/ptolemy/domains/pn/test/auto/demandDriven.xml (RunModel)" time="0.014" />
  <testcase classname="ptolemy.util.test.junit.AutoTests" name="[26] /home/travis/build/icyphy/ptII/ptolemy/domains/pn/test/auto/feedback.xml (RunModel)" time="0.016" />
  <testcase classname="ptolemy.util.test.junit.AutoTests" name="[27] /home/travis/build/icyphy/ptII/ptolemy/domains/pn/test/auto/helloWorld.xml (RunModel)" time="0.013" />
  <testcase classname="ptolemy.util.test.junit.AutoTests" name="[28] /home/travis/build/icyphy/ptII/ptolemy/domains/pn/test/auto/helloWorld2.xml (RunModel)" time="0.029" />
  <testcase classname="ptolemy.util.test.junit.AutoTests" name="[29] /home/travis/build/icyphy/ptII/ptolemy/domains/pn/test/auto/noOutput.xml (RunModel)" time="0.045" />
  <testcase classname="ptolemy.util.test.junit.AutoTests" name="[30] /home/travis/build/icyphy/ptII/ptolemy/domains/pn/test/auto/relationGroup.xml (RunModel)" time="0.032" />
  <testcase classname="ptolemy.util.test.junit.AutoTests" name="[31] /home/travis/build/icyphy/ptII/ptolemy/domains/pn/test/auto/relationGroup2.xml (RunModel)" time="0.012" />
  <testcase classname="ptolemy.util.test.junit.AutoTests" name="[32] /home/travis/build/icyphy/ptII/ptolemy/domains/pn/test/auto/relationGroup3.xml (RunModel)" time="0.015" />
  <testcase classname="ptolemy.util.test.junit.AutoTests" name="[33] /home/travis/build/icyphy/ptII/ptolemy/domains/pn/test/auto/relationGroup4.xml (RunModel)" time="0.011" />
  <testcase classname="ptolemy.util.test.junit.AutoTests" name="[34] /home/travis/build/icyphy/ptII/ptolemy/domains/pn/test/auto/relationGroup5.xml (RunModel)" time="0.01" />
  <testcase classname="ptolemy.util.test.junit.AutoTests" name="[35] /home/travis/build/icyphy/ptII/ptolemy/domains/pn/test/auto/relationGroup6.xml (RunModel)" time="0.017" />
  <testcase classname="ptolemy.util.test.junit.AutoTests" name="[36] /home/travis/build/icyphy/ptII/ptolemy/domains/pn/test/auto/relationGroup7.xml (RunModel)" time="0.011" />
  <testcase classname="ptolemy.util.test.junit.AutoTests" name="[37] /home/travis/build/icyphy/ptII/ptolemy/domains/pn/test/auto/relationGroup8.xml (RunModel)" time="0.018" />
  <testcase classname="ptolemy.util.test.junit.AutoTests" name="[38] /home/travis/build/icyphy/ptII/ptolemy/domains/pn/test/auto/widthTest.xml (RunModel)" time="0.036" />
  <system-out><![CDATA[/home/travis/build/icyphy/ptII/ptolemy/domains/pn/test/PNDirector.tcl
testDefs.tcl: setting time out to 9000 seconds at Wed Aug 01 01:49:18 UTC 2018
78 ms. Memory: 116224K Free: 85982K (74%)
14 ms. Memory: 116224K Free: 106152K (91%)
/home/travis/build/icyphy/ptII/ptolemy/domains/pn/test/TimedPNDirector.tcl


==== $PTII/ptolemy/domains/pn/test/TimedPNDirector.tcl: TimedPNDirector-6.1 Test an application
==== Contents of test case:


    set e0 [java::new ptolemy.actor.TypedCompositeActor]
    set manager [java::new ptolemy.actor.Manager]
    set director [java::new ptolemy.domains.pn.kernel.TimedPNDirector]
    $e0 setDirector $director
    $e0 setName top
    $e0 setManager $manager

    # FIXME: why doesn't the getParameter option work.
    set ramp [java::new ptolemy.actor.lib.Ramp $e0 ramp]
    set param [java::cast ptolemy.data.expr.Parameter  [$ramp getAttribute  firingCountLimit]]
    $param setExpression 20

    set rec [java::new ptolemy.actor.lib.Recorder $e0 rec]
    $e0 connect  [java::field [java::cast ptolemy.actor.lib.Source $ramp] output]  [java::field [java::cast ptolemy.actor.lib.Sink $rec] input]

    error "Running this test sometimes causes an endless loop" 

#    [$e0 getManager] execute
#    enumToTokenValues [$rec getRecord 0]


.... Test generated KNOWN error:
Running this test sometimes causes an endless loop
    while executing
"error "Running this test sometimes causes an endless loop" "
    ("uplevel" body line 18)
    invoked from within
"uplevel $contents_of_test"
08/01/18 01:49:19
Failed: 0  Total Tests: 3  ((Passed: 2, Newly Passed: 0)  Known Failed: 1) /home/travis/build/icyphy/ptII/ptolemy/domains/pn/test
No auto/knownFailedTests/*.xml tests in /home/travis/build/icyphy/ptII/ptolemy/domains/pn/test
No auto/linux-amd64/*.xml tests in /home/travis/build/icyphy/ptII/ptolemy/domains/pn/test
AutoTests.java: About to close Vertx.
AutoTests.java: Vertx closed.

===========================================================================================
----------------- testing Wed Aug 01 01:49:19 UTC 2018 /home/travis/build/icyphy/ptII/ptolemy/domains/pn/test/auto/Branching-switch-PN-ptolemy-2.xml
----------------- Instantiating /home/travis/build/icyphy/ptII/ptolemy/domains/pn/test/auto/Branching-switch-PN-ptolemy-2.xml
19 ms. Memory: 146944K Free: 125670K (86%)
----------------- Invoking toplevel() on ptolemy.moml.MoMLSimpleApplication@5014a97a
----------------- Done invoking toplevel() on ptolemy.moml.MoMLSimpleApplication@5014a97a
reloadAllAccessors: .Branching-switch-PN-ptolemy-2

===========================================================================================
----------------- testing Wed Aug 01 01:49:19 UTC 2018 /home/travis/build/icyphy/ptII/ptolemy/domains/pn/test/auto/Branching-switch-PN-ptolemy.xml
----------------- Instantiating /home/travis/build/icyphy/ptII/ptolemy/domains/pn/test/auto/Branching-switch-PN-ptolemy.xml
50 ms. Memory: 146944K Free: 112133K (76%)
----------------- Invoking toplevel() on ptolemy.moml.MoMLSimpleApplication@10d21e3e
----------------- Done invoking toplevel() on ptolemy.moml.MoMLSimpleApplication@10d21e3e
reloadAllAccessors: .Branching-switch-PN-ptolemy

===========================================================================================
----------------- testing Wed Aug 01 01:49:19 UTC 2018 /home/travis/build/icyphy/ptII/ptolemy/domains/pn/test/auto/BrockAckermanTest.xml
----------------- Instantiating /home/travis/build/icyphy/ptII/ptolemy/domains/pn/test/auto/BrockAckermanTest.xml
236 ms. Memory: 146944K Free: 91346K (62%)
----------------- Invoking toplevel() on ptolemy.moml.MoMLSimpleApplication@7940fa96
----------------- Done invoking toplevel() on ptolemy.moml.MoMLSimpleApplication@7940fa96
reloadAllAccessors: .BrockAckermanTest

===========================================================================================
----------------- testing Wed Aug 01 01:49:19 UTC 2018 /home/travis/build/icyphy/ptII/ptolemy/domains/pn/test/auto/CounterMachine.xml
----------------- Instantiating /home/travis/build/icyphy/ptII/ptolemy/domains/pn/test/auto/CounterMachine.xml
658 ms. Memory: 208384K Free: 83266K (40%)
----------------- Invoking toplevel() on ptolemy.moml.MoMLSimpleApplication@1f12c2b7
----------------- Done invoking toplevel() on ptolemy.moml.MoMLSimpleApplication@1f12c2b7
reloadAllAccessors: .CounterMachine

===========================================================================================
----------------- testing Wed Aug 01 01:49:21 UTC 2018 /home/travis/build/icyphy/ptII/ptolemy/domains/pn/test/auto/CounterMachine1.xml
----------------- Instantiating /home/travis/build/icyphy/ptII/ptolemy/domains/pn/test/auto/CounterMachine1.xml
924 ms. Memory: 332288K Free: 247950K (75%)
----------------- Invoking toplevel() on ptolemy.moml.MoMLSimpleApplication@5c422496
----------------- Done invoking toplevel() on ptolemy.moml.MoMLSimpleApplication@5c422496
reloadAllAccessors: .CounterMachine1

===========================================================================================
----------------- testing Wed Aug 01 01:49:22 UTC 2018 /home/travis/build/icyphy/ptII/ptolemy/domains/pn/test/auto/CounterMachineWithException.xml
----------------- Instantiating /home/travis/build/icyphy/ptII/ptolemy/domains/pn/test/auto/CounterMachineWithException.xml
386 ms. Memory: 332800K Free: 292332K (88%)
----------------- Invoking toplevel() on ptolemy.moml.MoMLSimpleApplication@4537d78d
----------------- Done invoking toplevel() on ptolemy.moml.MoMLSimpleApplication@4537d78d
reloadAllAccessors: .CounterMachineWithException

===========================================================================================
----------------- testing Wed Aug 01 01:49:23 UTC 2018 /home/travis/build/icyphy/ptII/ptolemy/domains/pn/test/auto/FinalState.xml
----------------- Instantiating /home/travis/build/icyphy/ptII/ptolemy/domains/pn/test/auto/FinalState.xml
7 ms. Memory: 332800K Free: 283388K (85%)
----------------- Invoking toplevel() on ptolemy.moml.MoMLSimpleApplication@16a87db6
----------------- Done invoking toplevel() on ptolemy.moml.MoMLSimpleApplication@16a87db6
reloadAllAccessors: .FinalState

===========================================================================================
----------------- testing Wed Aug 01 01:49:23 UTC 2018 /home/travis/build/icyphy/ptII/ptolemy/domains/pn/test/auto/FourExpressions.xml
----------------- Instantiating /home/travis/build/icyphy/ptII/ptolemy/domains/pn/test/auto/FourExpressions.xml
13 ms. Memory: 332800K Free: 276378K (83%)
----------------- Invoking toplevel() on ptolemy.moml.MoMLSimpleApplication@395e599a
----------------- Done invoking toplevel() on ptolemy.moml.MoMLSimpleApplication@395e599a
reloadAllAccessors: .FourExpressions

===========================================================================================
----------------- testing Wed Aug 01 01:49:23 UTC 2018 /home/travis/build/icyphy/ptII/ptolemy/domains/pn/test/auto/Identity.xml
----------------- Instantiating /home/travis/build/icyphy/ptII/ptolemy/domains/pn/test/auto/Identity.xml
37 ms. Memory: 332800K Free: 270502K (81%)
----------------- Invoking toplevel() on ptolemy.moml.MoMLSimpleApplication@74dd7c37
----------------- Done invoking toplevel() on ptolemy.moml.MoMLSimpleApplication@74dd7c37
reloadAllAccessors: .Identity

===========================================================================================
----------------- testing Wed Aug 01 01:49:23 UTC 2018 /home/travis/build/icyphy/ptII/ptolemy/domains/pn/test/auto/IdentityWithFeedback.xml
----------------- Instantiating /home/travis/build/icyphy/ptII/ptolemy/domains/pn/test/auto/IdentityWithFeedback.xml
24 ms. Memory: 332800K Free: 266158K (80%)
----------------- Invoking toplevel() on ptolemy.moml.MoMLSimpleApplication@73d5ce3c
----------------- Done invoking toplevel() on ptolemy.moml.MoMLSimpleApplication@73d5ce3c
reloadAllAccessors: .IdentityWithFeedback

===========================================================================================
----------------- testing Wed Aug 01 01:49:23 UTC 2018 /home/travis/build/icyphy/ptII/ptolemy/domains/pn/test/auto/NondeterministicMergeTest.xml
----------------- Instantiating /home/travis/build/icyphy/ptII/ptolemy/domains/pn/test/auto/NondeterministicMergeTest.xml
41 ms. Memory: 332800K Free: 260377K (78%)
----------------- Invoking toplevel() on ptolemy.moml.MoMLSimpleApplication@16d48032
----------------- Done invoking toplevel() on ptolemy.moml.MoMLSimpleApplication@16d48032
reloadAllAccessors: .NondeterministicMergeTest

===========================================================================================
----------------- testing Wed Aug 01 01:49:23 UTC 2018 /home/travis/build/icyphy/ptII/ptolemy/domains/pn/test/auto/OrderedMerge.xml
----------------- Instantiating /home/travis/build/icyphy/ptII/ptolemy/domains/pn/test/auto/OrderedMerge.xml
120 ms. Memory: 332800K Free: 249169K (75%)
----------------- Invoking toplevel() on ptolemy.moml.MoMLSimpleApplication@7c0e918f
----------------- Done invoking toplevel() on ptolemy.moml.MoMLSimpleApplication@7c0e918f
reloadAllAccessors: .OrderedMerge

===========================================================================================
----------------- testing Wed Aug 01 01:49:23 UTC 2018 /home/travis/build/icyphy/ptII/ptolemy/domains/pn/test/auto/PNAbstractReceiverTest.xml
----------------- Instantiating /home/travis/build/icyphy/ptII/ptolemy/domains/pn/test/auto/PNAbstractReceiverTest.xml
5 ms. Memory: 332800K Free: 246008K (74%)
----------------- Invoking toplevel() on ptolemy.moml.MoMLSimpleApplication@2ad2b3ae
----------------- Done invoking toplevel() on ptolemy.moml.MoMLSimpleApplication@2ad2b3ae
reloadAllAccessors: .PNAbstractReceiverTest

===========================================================================================
----------------- testing Wed Aug 01 01:49:23 UTC 2018 /home/travis/build/icyphy/ptII/ptolemy/domains/pn/test/auto/QR.xml
----------------- Instantiating /home/travis/build/icyphy/ptII/ptolemy/domains/pn/test/auto/QR.xml
21 ms. Memory: 332800K Free: 236672K (71%)
----------------- Invoking toplevel() on ptolemy.moml.MoMLSimpleApplication@aab01cf
----------------- Done invoking toplevel() on ptolemy.moml.MoMLSimpleApplication@aab01cf
reloadAllAccessors: .QR

===========================================================================================
----------------- testing Wed Aug 01 01:49:23 UTC 2018 /home/travis/build/icyphy/ptII/ptolemy/domains/pn/test/auto/RemoveNilTokens.xml
----------------- Instantiating /home/travis/build/icyphy/ptII/ptolemy/domains/pn/test/auto/RemoveNilTokens.xml
24 ms. Memory: 332800K Free: 228581K (69%)
----------------- Invoking toplevel() on ptolemy.moml.MoMLSimpleApplication@7552ddc6
----------------- Done invoking toplevel() on ptolemy.moml.MoMLSimpleApplication@7552ddc6
reloadAllAccessors: .RemoveNilTokens

===========================================================================================
----------------- testing Wed Aug 01 01:49:23 UTC 2018 /home/travis/build/icyphy/ptII/ptolemy/domains/pn/test/auto/Stack.xml
----------------- Instantiating /home/travis/build/icyphy/ptII/ptolemy/domains/pn/test/auto/Stack.xml
154 ms. Memory: 332800K Free: 206625K (62%)
----------------- Invoking toplevel() on ptolemy.moml.MoMLSimpleApplication@68945c47
----------------- Done invoking toplevel() on ptolemy.moml.MoMLSimpleApplication@68945c47
reloadAllAccessors: .Stack

===========================================================================================
----------------- testing Wed Aug 01 01:49:24 UTC 2018 /home/travis/build/icyphy/ptII/ptolemy/domains/pn/test/auto/TestRemoveNilTokens.xml
----------------- Instantiating /home/travis/build/icyphy/ptII/ptolemy/domains/pn/test/auto/TestRemoveNilTokens.xml
16 ms. Memory: 332800K Free: 200260K (60%)
----------------- Invoking toplevel() on ptolemy.moml.MoMLSimpleApplication@23f99ed8
----------------- Done invoking toplevel() on ptolemy.moml.MoMLSimpleApplication@23f99ed8
reloadAllAccessors: .TestRemoveNilTokens

===========================================================================================
----------------- testing Wed Aug 01 01:49:24 UTC 2018 /home/travis/build/icyphy/ptII/ptolemy/domains/pn/test/auto/TestSeq2Array.xml
----------------- Instantiating /home/travis/build/icyphy/ptII/ptolemy/domains/pn/test/auto/TestSeq2Array.xml
10 ms. Memory: 332800K Free: 194045K (58%)
----------------- Invoking toplevel() on ptolemy.moml.MoMLSimpleApplication@24b0112f
----------------- Done invoking toplevel() on ptolemy.moml.MoMLSimpleApplication@24b0112f
reloadAllAccessors: .TestSeq2Array

===========================================================================================
----------------- testing Wed Aug 01 01:49:24 UTC 2018 /home/travis/build/icyphy/ptII/ptolemy/domains/pn/test/auto/TrivialIdentity.xml
----------------- Instantiating /home/travis/build/icyphy/ptII/ptolemy/domains/pn/test/auto/TrivialIdentity.xml
11 ms. Memory: 332800K Free: 189462K (57%)
----------------- Invoking toplevel() on ptolemy.moml.MoMLSimpleApplication@504dc6e8
----------------- Done invoking toplevel() on ptolemy.moml.MoMLSimpleApplication@504dc6e8
reloadAllAccessors: .TrivialIdentity

===========================================================================================
----------------- testing Wed Aug 01 01:49:24 UTC 2018 /home/travis/build/icyphy/ptII/ptolemy/domains/pn/test/auto/WidthInferenceTest1.xml
----------------- Instantiating /home/travis/build/icyphy/ptII/ptolemy/domains/pn/test/auto/WidthInferenceTest1.xml
10 ms. Memory: 332800K Free: 183715K (55%)
----------------- Invoking toplevel() on ptolemy.moml.MoMLSimpleApplication@e0543de
----------------- Done invoking toplevel() on ptolemy.moml.MoMLSimpleApplication@e0543de
reloadAllAccessors: .1

===========================================================================================
----------------- testing Wed Aug 01 01:49:24 UTC 2018 /home/travis/build/icyphy/ptII/ptolemy/domains/pn/test/auto/WidthInferenceTest2.xml
----------------- Instantiating /home/travis/build/icyphy/ptII/ptolemy/domains/pn/test/auto/WidthInferenceTest2.xml
9 ms. Memory: 332800K Free: 178472K (54%)
----------------- Invoking toplevel() on ptolemy.moml.MoMLSimpleApplication@3d0651e0
----------------- Done invoking toplevel() on ptolemy.moml.MoMLSimpleApplication@3d0651e0
reloadAllAccessors: .2

===========================================================================================
----------------- testing Wed Aug 01 01:49:24 UTC 2018 /home/travis/build/icyphy/ptII/ptolemy/domains/pn/test/auto/WidthInferenceTest3.xml
----------------- Instantiating /home/travis/build/icyphy/ptII/ptolemy/domains/pn/test/auto/WidthInferenceTest3.xml
20 ms. Memory: 332800K Free: 164854K (50%)
----------------- Invoking toplevel() on ptolemy.moml.MoMLSimpleApplication@9e2b610
----------------- Done invoking toplevel() on ptolemy.moml.MoMLSimpleApplication@9e2b610
reloadAllAccessors: .3

===========================================================================================
----------------- testing Wed Aug 01 01:49:24 UTC 2018 /home/travis/build/icyphy/ptII/ptolemy/domains/pn/test/auto/WidthInferenceTest4.xml
----------------- Instantiating /home/travis/build/icyphy/ptII/ptolemy/domains/pn/test/auto/WidthInferenceTest4.xml
19 ms. Memory: 332800K Free: 153090K (46%)
----------------- Invoking toplevel() on ptolemy.moml.MoMLSimpleApplication@148a1f75
----------------- Done invoking toplevel() on ptolemy.moml.MoMLSimpleApplication@148a1f75
reloadAllAccessors: .WidthInferenceTest4

===========================================================================================
----------------- testing Wed Aug 01 01:49:24 UTC 2018 /home/travis/build/icyphy/ptII/ptolemy/domains/pn/test/auto/WidthInferenceTest5.xml
----------------- Instantiating /home/travis/build/icyphy/ptII/ptolemy/domains/pn/test/auto/WidthInferenceTest5.xml
23 ms. Memory: 332800K Free: 140595K (42%)
----------------- Invoking toplevel() on ptolemy.moml.MoMLSimpleApplication@3c8fd435
----------------- Done invoking toplevel() on ptolemy.moml.MoMLSimpleApplication@3c8fd435
reloadAllAccessors: .WidthInferenceTest5

===========================================================================================
----------------- testing Wed Aug 01 01:49:24 UTC 2018 /home/travis/build/icyphy/ptII/ptolemy/domains/pn/test/auto/controlled_kahnnet.xml
----------------- Instantiating /home/travis/build/icyphy/ptII/ptolemy/domains/pn/test/auto/controlled_kahnnet.xml
5 ms. Memory: 332800K Free: 136567K (41%)
----------------- Invoking toplevel() on ptolemy.moml.MoMLSimpleApplication@4e682e0f
----------------- Done invoking toplevel() on ptolemy.moml.MoMLSimpleApplication@4e682e0f
reloadAllAccessors: .controlled_kahnnet

===========================================================================================
----------------- testing Wed Aug 01 01:49:24 UTC 2018 /home/travis/build/icyphy/ptII/ptolemy/domains/pn/test/auto/demandDriven.xml
----------------- Instantiating /home/travis/build/icyphy/ptII/ptolemy/domains/pn/test/auto/demandDriven.xml
4 ms. Memory: 332800K Free: 133101K (40%)
----------------- Invoking toplevel() on ptolemy.moml.MoMLSimpleApplication@49dcd831
----------------- Done invoking toplevel() on ptolemy.moml.MoMLSimpleApplication@49dcd831
reloadAllAccessors: .demandDriven

===========================================================================================
----------------- testing Wed Aug 01 01:49:24 UTC 2018 /home/travis/build/icyphy/ptII/ptolemy/domains/pn/test/auto/feedback.xml
----------------- Instantiating /home/travis/build/icyphy/ptII/ptolemy/domains/pn/test/auto/feedback.xml
3 ms. Memory: 332800K Free: 129722K (39%)
----------------- Invoking toplevel() on ptolemy.moml.MoMLSimpleApplication@227add70
----------------- Done invoking toplevel() on ptolemy.moml.MoMLSimpleApplication@227add70
reloadAllAccessors: .feedback

===========================================================================================
----------------- testing Wed Aug 01 01:49:24 UTC 2018 /home/travis/build/icyphy/ptII/ptolemy/domains/pn/test/auto/helloWorld.xml
----------------- Instantiating /home/travis/build/icyphy/ptII/ptolemy/domains/pn/test/auto/helloWorld.xml
2 ms. Memory: 332800K Free: 127776K (38%)
----------------- Invoking toplevel() on ptolemy.moml.MoMLSimpleApplication@399e7f85
----------------- Done invoking toplevel() on ptolemy.moml.MoMLSimpleApplication@399e7f85
reloadAllAccessors: .helloWorld

===========================================================================================
----------------- testing Wed Aug 01 01:49:24 UTC 2018 /home/travis/build/icyphy/ptII/ptolemy/domains/pn/test/auto/helloWorld2.xml
----------------- Instantiating /home/travis/build/icyphy/ptII/ptolemy/domains/pn/test/auto/helloWorld2.xml
17 ms. Memory: 332800K Free: 122633K (37%)
----------------- Invoking toplevel() on ptolemy.moml.MoMLSimpleApplication@70b8bdec
----------------- Done invoking toplevel() on ptolemy.moml.MoMLSimpleApplication@70b8bdec
reloadAllAccessors: .helloWorld2

===========================================================================================
----------------- testing Wed Aug 01 01:49:24 UTC 2018 /home/travis/build/icyphy/ptII/ptolemy/domains/pn/test/auto/noOutput.xml
----------------- Instantiating /home/travis/build/icyphy/ptII/ptolemy/domains/pn/test/auto/noOutput.xml
29 ms. Memory: 332800K Free: 118635K (36%)
----------------- Invoking toplevel() on ptolemy.moml.MoMLSimpleApplication@3dca080
----------------- Done invoking toplevel() on ptolemy.moml.MoMLSimpleApplication@3dca080
reloadAllAccessors: .noOutput

===========================================================================================
----------------- testing Wed Aug 01 01:49:24 UTC 2018 /home/travis/build/icyphy/ptII/ptolemy/domains/pn/test/auto/relationGroup.xml
----------------- Instantiating /home/travis/build/icyphy/ptII/ptolemy/domains/pn/test/auto/relationGroup.xml
16 ms. Memory: 332800K Free: 116233K (35%)
----------------- Invoking toplevel() on ptolemy.moml.MoMLSimpleApplication@89dbf20
----------------- Done invoking toplevel() on ptolemy.moml.MoMLSimpleApplication@89dbf20
reloadAllAccessors: .relationGroup

===========================================================================================
----------------- testing Wed Aug 01 01:49:24 UTC 2018 /home/travis/build/icyphy/ptII/ptolemy/domains/pn/test/auto/relationGroup2.xml
----------------- Instantiating /home/travis/build/icyphy/ptII/ptolemy/domains/pn/test/auto/relationGroup2.xml
3 ms. Memory: 332800K Free: 114218K (34%)
----------------- Invoking toplevel() on ptolemy.moml.MoMLSimpleApplication@2c675e9
----------------- Done invoking toplevel() on ptolemy.moml.MoMLSimpleApplication@2c675e9
reloadAllAccessors: .relationGroup2

===========================================================================================
----------------- testing Wed Aug 01 01:49:24 UTC 2018 /home/travis/build/icyphy/ptII/ptolemy/domains/pn/test/auto/relationGroup3.xml
----------------- Instantiating /home/travis/build/icyphy/ptII/ptolemy/domains/pn/test/auto/relationGroup3.xml
2 ms. Memory: 332800K Free: 112249K (34%)
----------------- Invoking toplevel() on ptolemy.moml.MoMLSimpleApplication@5d708be7
----------------- Done invoking toplevel() on ptolemy.moml.MoMLSimpleApplication@5d708be7
reloadAllAccessors: .relationGroup3

===========================================================================================
----------------- testing Wed Aug 01 01:49:24 UTC 2018 /home/travis/build/icyphy/ptII/ptolemy/domains/pn/test/auto/relationGroup4.xml
----------------- Instantiating /home/travis/build/icyphy/ptII/ptolemy/domains/pn/test/auto/relationGroup4.xml
4 ms. Memory: 332800K Free: 108977K (33%)
----------------- Invoking toplevel() on ptolemy.moml.MoMLSimpleApplication@66c9cb74
----------------- Done invoking toplevel() on ptolemy.moml.MoMLSimpleApplication@66c9cb74
reloadAllAccessors: .relationGroup4

===========================================================================================
----------------- testing Wed Aug 01 01:49:24 UTC 2018 /home/travis/build/icyphy/ptII/ptolemy/domains/pn/test/auto/relationGroup5.xml
----------------- Instantiating /home/travis/build/icyphy/ptII/ptolemy/domains/pn/test/auto/relationGroup5.xml
3 ms. Memory: 332800K Free: 107071K (32%)
----------------- Invoking toplevel() on ptolemy.moml.MoMLSimpleApplication@6632598a
----------------- Done invoking toplevel() on ptolemy.moml.MoMLSimpleApplication@6632598a
reloadAllAccessors: .relationGroup5

===========================================================================================
----------------- testing Wed Aug 01 01:49:24 UTC 2018 /home/travis/build/icyphy/ptII/ptolemy/domains/pn/test/auto/relationGroup6.xml
----------------- Instantiating /home/travis/build/icyphy/ptII/ptolemy/domains/pn/test/auto/relationGroup6.xml
3 ms. Memory: 332800K Free: 104471K (31%)
----------------- Invoking toplevel() on ptolemy.moml.MoMLSimpleApplication@14c13b26
----------------- Done invoking toplevel() on ptolemy.moml.MoMLSimpleApplication@14c13b26
reloadAllAccessors: .relationGroup6

===========================================================================================
----------------- testing Wed Aug 01 01:49:24 UTC 2018 /home/travis/build/icyphy/ptII/ptolemy/domains/pn/test/auto/relationGroup7.xml
----------------- Instantiating /home/travis/build/icyphy/ptII/ptolemy/domains/pn/test/auto/relationGroup7.xml
3 ms. Memory: 332800K Free: 101699K (31%)
----------------- Invoking toplevel() on ptolemy.moml.MoMLSimpleApplication@61d5a257
----------------- Done invoking toplevel() on ptolemy.moml.MoMLSimpleApplication@61d5a257
reloadAllAccessors: .relationGroup7

===========================================================================================
----------------- testing Wed Aug 01 01:49:24 UTC 2018 /home/travis/build/icyphy/ptII/ptolemy/domains/pn/test/auto/relationGroup8.xml
----------------- Instantiating /home/travis/build/icyphy/ptII/ptolemy/domains/pn/test/auto/relationGroup8.xml
6 ms. Memory: 332800K Free: 98604K (30%)
----------------- Invoking toplevel() on ptolemy.moml.MoMLSimpleApplication@6a7aa72a
----------------- Done invoking toplevel() on ptolemy.moml.MoMLSimpleApplication@6a7aa72a
reloadAllAccessors: .relationGroup8

===========================================================================================
----------------- testing Wed Aug 01 01:49:24 UTC 2018 /home/travis/build/icyphy/ptII/ptolemy/domains/pn/test/auto/widthTest.xml
----------------- Instantiating /home/travis/build/icyphy/ptII/ptolemy/domains/pn/test/auto/widthTest.xml
10 ms. Memory: 332800K Free: 93487K (28%)
----------------- Invoking toplevel() on ptolemy.moml.MoMLSimpleApplication@17a208fe
----------------- Done invoking toplevel() on ptolemy.moml.MoMLSimpleApplication@17a208fe
reloadAllAccessors: .widthTest
AutoTests.java: About to close Vertx.
AutoTests.java: Vertx closed.
]]></system-out>
  <system-err><![CDATA[java.lang.RuntimeException: Execution failed
	at ptolemy.moml.MoMLSimpleApplication$UnloadThread.run(MoMLSimpleApplication.java:402)
Caused by: ptolemy.kernel.util.IllegalActionException: At the current time, process-oriented domains (PN and CSP) cannot be nested inside firing-based domains (SDF, DE, CT, etc.).
  in .PNInsideDE.CompositeActor.port
Because:
ptolemy.domains.de.kernel.DEReceiver cannot be cast to ptolemy.actor.process.ProcessReceiver
	at ptolemy.actor.process.BranchController.addBranches(BranchController.java:182)
	at ptolemy.actor.process.CompositeProcessDirector.createBranchController(CompositeProcessDirector.java:221)
	at ptolemy.actor.process.CompositeProcessDirector.initialize(CompositeProcessDirector.java:289)
	at ptolemy.domains.pn.kernel.PNDirector.initialize(PNDirector.java:241)
	at ptolemy.actor.CompositeActor.initialize(CompositeActor.java:935)
	at ptolemy.actor.Director.initialize(Director.java:938)
	at ptolemy.actor.Director.initialize(Director.java:907)
	at ptolemy.domains.de.kernel.DEDirector.initialize(DEDirector.java:944)
	at ptolemy.actor.CompositeActor.initialize(CompositeActor.java:935)
	at ptolemy.actor.Manager.initialize(Manager.java:724)
	at ptolemy.actor.Manager.execute(Manager.java:356)
	at ptolemy.actor.Manager.run(Manager.java:1263)
	at ptolemy.actor.Manager$PtolemyRunThread.run(Manager.java:1915)
Caused by: java.lang.ClassCastException: ptolemy.domains.de.kernel.DEReceiver cannot be cast to ptolemy.actor.process.ProcessReceiver
	at ptolemy.actor.process.BranchController.addBranches(BranchController.java:178)
	... 12 more
Warning: '.RemoveNilTokens.Test2' The test produced only 7 tokens, yet the correctValues parameter was expecting 8 tokens.
Warning: '.RemoveNilTokens.Test' The test produced only 9 tokens, yet the correctValues parameter was expecting 13 tokens.
]]></system-err>
</testsuite>
