<?xml version="1.0" encoding="UTF-8" ?>
<testsuite errors="0" failures="0" hostname="travis-job-035b14f6-49ed-406b-af4d-67855eab7d8f" name="ptolemy.domains.de.test.junit.JUnitTclTest" skipped="0" tests="101" time="128.901" timestamp="2019-03-05T14:58:53">
  <properties>
[...]
</properties>
  <testcase classname="ptolemy.util.test.junit.TclTests" name="[0] /home/travis/build/icyphy/ptII/ptolemy/domains/de/test/DependencyLoop.tcl (RunTclFile)" time="0.719" />
  <testcase classname="ptolemy.util.test.junit.TclTests" name="[1] /home/travis/build/icyphy/ptII/ptolemy/domains/de/test/RunDETestsAsQSS.tcl (RunTclFile)" time="88.268" />
  <testcase classname="ptolemy.util.test.junit.AutoKnownFailedTests" name="[0] /home/travis/build/icyphy/ptII/ptolemy/domains/de/test/auto/knownFailedTests/DESDFClockTest.xml (RunModel)" time="2.024" />
  <testcase classname="ptolemy.util.test.junit.AutoKnownFailedTests" name="[1] /home/travis/build/icyphy/ptII/ptolemy/domains/de/test/auto/knownFailedTests/DirectFeedback.xml (RunModel)" time="0.017" />
  <testcase classname="ptolemy.util.test.junit.AutoKnownFailedTests" name="[2] /home/travis/build/icyphy/ptII/ptolemy/domains/de/test/auto/knownFailedTests/FSMSource.xml (RunModel)" time="0.019" />
  <testcase classname="ptolemy.util.test.junit.AutoKnownFailedTests" name="[3] /home/travis/build/icyphy/ptII/ptolemy/domains/de/test/auto/knownFailedTests/HierarchicalModel.xml (RunModel)" time="0.049" />
  <testcase classname="ptolemy.util.test.junit.AutoKnownFailedTests" name="[4] /home/travis/build/icyphy/ptII/ptolemy/domains/de/test/auto/knownFailedTests/dependencyLoop.xml (RunModel)" time="0.036" />
  <testcase classname="ptolemy.util.test.junit.AutoKnownFailedTests" name="[5] /home/travis/build/icyphy/ptII/ptolemy/domains/de/test/auto/knownFailedTests/dependencyLoop2.xml (RunModel)" time="0.055" />
  <testcase classname="ptolemy.util.test.junit.AutoNameArchTests" name="[0] ThereAreNoAutoArchTests (RunModel)" time="0.001" />
  <testcase classname="ptolemy.util.test.junit.AutoTests" name="[0] /home/travis/build/icyphy/ptII/ptolemy/domains/de/test/auto/ActorDepthCalculation_actorWithoutPorts.xml (RunModel)" time="0.02" />
  <testcase classname="ptolemy.util.test.junit.AutoTests" name="[1] /home/travis/build/icyphy/ptII/ptolemy/domains/de/test/auto/AssemblyLine.xml (RunModel)" time="0.026" />
  <testcase classname="ptolemy.util.test.junit.AutoTests" name="[2] /home/travis/build/icyphy/ptII/ptolemy/domains/de/test/auto/CQBug1.xml (RunModel)" time="0.014" />
  <testcase classname="ptolemy.util.test.junit.AutoTests" name="[3] /home/travis/build/icyphy/ptII/ptolemy/domains/de/test/auto/CancelFireAt.xml (RunModel)" time="0.014" />
  <testcase classname="ptolemy.util.test.junit.AutoTests" name="[4] /home/travis/build/icyphy/ptII/ptolemy/domains/de/test/auto/CausalityAndComposabilityAnalysis.xml (RunModel)" time="0.015" />
  <testcase classname="ptolemy.util.test.junit.AutoTests" name="[5] /home/travis/build/icyphy/ptII/ptolemy/domains/de/test/auto/CausalityInterface1.xml (RunModel)" time="0.02" />
  <testcase classname="ptolemy.util.test.junit.AutoTests" name="[6] /home/travis/build/icyphy/ptII/ptolemy/domains/de/test/auto/CausalityInterface15.xml (RunModel)" time="0.016" />
  <testcase classname="ptolemy.util.test.junit.AutoTests" name="[7] /home/travis/build/icyphy/ptII/ptolemy/domains/de/test/auto/CausalityInterface2.xml (RunModel)" time="0.015" />
  <testcase classname="ptolemy.util.test.junit.AutoTests" name="[8] /home/travis/build/icyphy/ptII/ptolemy/domains/de/test/auto/CausalityInterface3.xml (RunModel)" time="0.017" />
  <testcase classname="ptolemy.util.test.junit.AutoTests" name="[9] /home/travis/build/icyphy/ptII/ptolemy/domains/de/test/auto/ClockDrift.xml (RunModel)" time="0.065" />
  <testcase classname="ptolemy.util.test.junit.AutoTests" name="[10] /home/travis/build/icyphy/ptII/ptolemy/domains/de/test/auto/ClockDriftAndValueChange.xml (RunModel)" time="0.043" />
  <testcase classname="ptolemy.util.test.junit.AutoTests" name="[11] /home/travis/build/icyphy/ptII/ptolemy/domains/de/test/auto/ClockDriftChange.xml (RunModel)" time="0.049" />
  <testcase classname="ptolemy.util.test.junit.AutoTests" name="[12] /home/travis/build/icyphy/ptII/ptolemy/domains/de/test/auto/ComposableCausalityAnalysis.xml (RunModel)" time="0.02" />
  <testcase classname="ptolemy.util.test.junit.AutoTests" name="[13] /home/travis/build/icyphy/ptII/ptolemy/domains/de/test/auto/DEFixedPointLimitation.xml (RunModel)" time="0.01" />
  <testcase classname="ptolemy.util.test.junit.AutoTests" name="[14] /home/travis/build/icyphy/ptII/ptolemy/domains/de/test/auto/DEScheduleTest.xml (RunModel)" time="0.04" />
  <testcase classname="ptolemy.util.test.junit.AutoTests" name="[15] /home/travis/build/icyphy/ptII/ptolemy/domains/de/test/auto/DEinDEwithStartTimes.xml (RunModel)" time="0.017" />
  <testcase classname="ptolemy.util.test.junit.AutoTests" name="[16] /home/travis/build/icyphy/ptII/ptolemy/domains/de/test/auto/DEinDEwithStartTimes2.xml (RunModel)" time="0.018" />
  <testcase classname="ptolemy.util.test.junit.AutoTests" name="[17] /home/travis/build/icyphy/ptII/ptolemy/domains/de/test/auto/DateDemo.xml (RunModel)" time="0.033" />
  <testcase classname="ptolemy.util.test.junit.AutoTests" name="[18] /home/travis/build/icyphy/ptII/ptolemy/domains/de/test/auto/DateToEvent.xml (RunModel)" time="2.044" />
  <testcase classname="ptolemy.util.test.junit.AutoTests" name="[19] /home/travis/build/icyphy/ptII/ptolemy/domains/de/test/auto/DepthTest1.xml (RunModel)" time="0.008" />
  <testcase classname="ptolemy.util.test.junit.AutoTests" name="[20] /home/travis/build/icyphy/ptII/ptolemy/domains/de/test/auto/DepthTest2.xml (RunModel)" time="0.017" />
  <testcase classname="ptolemy.util.test.junit.AutoTests" name="[21] /home/travis/build/icyphy/ptII/ptolemy/domains/de/test/auto/DepthTest3.xml (RunModel)" time="0.007" />
  <testcase classname="ptolemy.util.test.junit.AutoTests" name="[22] /home/travis/build/icyphy/ptII/ptolemy/domains/de/test/auto/DepthTest4.xml (RunModel)" time="0.013" />
  <testcase classname="ptolemy.util.test.junit.AutoTests" name="[23] /home/travis/build/icyphy/ptII/ptolemy/domains/de/test/auto/DepthTest5.xml (RunModel)" time="0.014" />
  <testcase classname="ptolemy.util.test.junit.AutoTests" name="[24] /home/travis/build/icyphy/ptII/ptolemy/domains/de/test/auto/DepthTest6.xml (RunModel)" time="0.013" />
  <testcase classname="ptolemy.util.test.junit.AutoTests" name="[25] /home/travis/build/icyphy/ptII/ptolemy/domains/de/test/auto/DepthTest7.xml (RunModel)" time="0.011" />
  <testcase classname="ptolemy.util.test.junit.AutoTests" name="[26] /home/travis/build/icyphy/ptII/ptolemy/domains/de/test/auto/EventToDate.xml (RunModel)" time="3.034" />
  <testcase classname="ptolemy.util.test.junit.AutoTests" name="[27] /home/travis/build/icyphy/ptII/ptolemy/domains/de/test/auto/FSM1.xml (RunModel)" time="0.03" />
  <testcase classname="ptolemy.util.test.junit.AutoTests" name="[28] /home/travis/build/icyphy/ptII/ptolemy/domains/de/test/auto/FSM7.xml (RunModel)" time="0.034" />
  <testcase classname="ptolemy.util.test.junit.AutoTests" name="[29] /home/travis/build/icyphy/ptII/ptolemy/domains/de/test/auto/Inspection.xml (RunModel)" time="0.039" />
  <testcase classname="ptolemy.util.test.junit.AutoTests" name="[30] /home/travis/build/icyphy/ptII/ptolemy/domains/de/test/auto/Iteration.xml (RunModel)" time="0.032" />
  <testcase classname="ptolemy.util.test.junit.AutoTests" name="[31] /home/travis/build/icyphy/ptII/ptolemy/domains/de/test/auto/LineFault.xml (RunModel)" time="0.555" />
  <testcase classname="ptolemy.util.test.junit.AutoTests" name="[32] /home/travis/build/icyphy/ptII/ptolemy/domains/de/test/auto/MergeModel1Add.xml (RunModel)" time="0.039" />
  <testcase classname="ptolemy.util.test.junit.AutoTests" name="[33] /home/travis/build/icyphy/ptII/ptolemy/domains/de/test/auto/MergeModel2Add.xml (RunModel)" time="0.037" />
  <testcase classname="ptolemy.util.test.junit.AutoTests" name="[34] /home/travis/build/icyphy/ptII/ptolemy/domains/de/test/auto/MergeModel3Add.xml (RunModel)" time="0.038" />
  <testcase classname="ptolemy.util.test.junit.AutoTests" name="[35] /home/travis/build/icyphy/ptII/ptolemy/domains/de/test/auto/MergeWithoutDiscard.xml (RunModel)" time="0.01" />
  <testcase classname="ptolemy.util.test.junit.AutoTests" name="[36] /home/travis/build/icyphy/ptII/ptolemy/domains/de/test/auto/Modal1.xml (RunModel)" time="0.031" />
  <testcase classname="ptolemy.util.test.junit.AutoTests" name="[37] /home/travis/build/icyphy/ptII/ptolemy/domains/de/test/auto/Modal2.xml (RunModel)" time="0.04" />
  <testcase classname="ptolemy.util.test.junit.AutoTests" name="[38] /home/travis/build/icyphy/ptII/ptolemy/domains/de/test/auto/Modal3.xml (RunModel)" time="0.036" />
  <testcase classname="ptolemy.util.test.junit.AutoTests" name="[39] /home/travis/build/icyphy/ptII/ptolemy/domains/de/test/auto/Modal4.xml (RunModel)" time="0.026" />
  <testcase classname="ptolemy.util.test.junit.AutoTests" name="[40] /home/travis/build/icyphy/ptII/ptolemy/domains/de/test/auto/Modal5.xml (RunModel)" time="0.026" />
  <testcase classname="ptolemy.util.test.junit.AutoTests" name="[41] /home/travis/build/icyphy/ptII/ptolemy/domains/de/test/auto/Modal6.xml (RunModel)" time="0.026" />
  <testcase classname="ptolemy.util.test.junit.AutoTests" name="[42] /home/travis/build/icyphy/ptII/ptolemy/domains/de/test/auto/Modal7.xml (RunModel)" time="0.028" />
  <testcase classname="ptolemy.util.test.junit.AutoTests" name="[43] /home/travis/build/icyphy/ptII/ptolemy/domains/de/test/auto/ModalModel.xml (RunModel)" time="0.142" />
  <testcase classname="ptolemy.util.test.junit.AutoTests" name="[44] /home/travis/build/icyphy/ptII/ptolemy/domains/de/test/auto/ModalSource.xml (RunModel)" time="0.016" />
  <testcase classname="ptolemy.util.test.junit.AutoTests" name="[45] /home/travis/build/icyphy/ptII/ptolemy/domains/de/test/auto/NonInterruptibleTimerZeroDelay.xml (RunModel)" time="0.01" />
  <testcase classname="ptolemy.util.test.junit.AutoTests" name="[46] /home/travis/build/icyphy/ptII/ptolemy/domains/de/test/auto/OpenQueueingNetwork.xml (RunModel)" time="2.255" />
  <testcase classname="ptolemy.util.test.junit.AutoTests" name="[47] /home/travis/build/icyphy/ptII/ptolemy/domains/de/test/auto/OpenQueuingNetwork.xml (RunModel)" time="0.276" />
  <testcase classname="ptolemy.util.test.junit.AutoTests" name="[48] /home/travis/build/icyphy/ptII/ptolemy/domains/de/test/auto/PeriodicSampler.xml (RunModel)" time="0.011" />
  <testcase classname="ptolemy.util.test.junit.AutoTests" name="[49] /home/travis/build/icyphy/ptII/ptolemy/domains/de/test/auto/PersistentIO.xml (RunModel)" time="0.026" />
  <testcase classname="ptolemy.util.test.junit.AutoTests" name="[50] /home/travis/build/icyphy/ptII/ptolemy/domains/de/test/auto/PortParameterResetOnInitialize.xml (RunModel)" time="0.01" />
  <testcase classname="ptolemy.util.test.junit.AutoTests" name="[51] /home/travis/build/icyphy/ptII/ptolemy/domains/de/test/auto/PortParameterUpdates.xml (RunModel)" time="0.018" />
  <testcase classname="ptolemy.util.test.junit.AutoTests" name="[52] /home/travis/build/icyphy/ptII/ptolemy/domains/de/test/auto/QueueAndServer.xml (RunModel)" time="0.019" />
  <testcase classname="ptolemy.util.test.junit.AutoTests" name="[53] /home/travis/build/icyphy/ptII/ptolemy/domains/de/test/auto/Records.xml (RunModel)" time="0.019" />
  <testcase classname="ptolemy.util.test.junit.AutoTests" name="[54] /home/travis/build/icyphy/ptII/ptolemy/domains/de/test/auto/ResetTransitionWithStartTime1.xml (RunModel)" time="0.023" />
  <testcase classname="ptolemy.util.test.junit.AutoTests" name="[55] /home/travis/build/icyphy/ptII/ptolemy/domains/de/test/auto/ResetTransitionWithStartTime2.xml (RunModel)" time="0.017" />
  <testcase classname="ptolemy.util.test.junit.AutoTests" name="[56] /home/travis/build/icyphy/ptII/ptolemy/domains/de/test/auto/ResetTransitionWithStartTime3.xml (RunModel)" time="0.019" />
  <testcase classname="ptolemy.util.test.junit.AutoTests" name="[57] /home/travis/build/icyphy/ptII/ptolemy/domains/de/test/auto/ResetTransitionWithStartTime4.xml (RunModel)" time="0.018" />
  <testcase classname="ptolemy.util.test.junit.AutoTests" name="[58] /home/travis/build/icyphy/ptII/ptolemy/domains/de/test/auto/ResettableTimer1.xml (RunModel)" time="0.01" />
  <testcase classname="ptolemy.util.test.junit.AutoTests" name="[59] /home/travis/build/icyphy/ptII/ptolemy/domains/de/test/auto/ResettableTimer2.xml (RunModel)" time="0.01" />
  <testcase classname="ptolemy.util.test.junit.AutoTests" name="[60] /home/travis/build/icyphy/ptII/ptolemy/domains/de/test/auto/ResettableTimer3.xml (RunModel)" time="0.008" />
  <testcase classname="ptolemy.util.test.junit.AutoTests" name="[61] /home/travis/build/icyphy/ptII/ptolemy/domains/de/test/auto/ResettableTimer4.xml (RunModel)" time="0.02" />
  <testcase classname="ptolemy.util.test.junit.AutoTests" name="[62] /home/travis/build/icyphy/ptII/ptolemy/domains/de/test/auto/ResettableTimer5.xml (RunModel)" time="0.01" />
  <testcase classname="ptolemy.util.test.junit.AutoTests" name="[63] /home/travis/build/icyphy/ptII/ptolemy/domains/de/test/auto/ResettableTimer6.xml (RunModel)" time="0.014" />
  <testcase classname="ptolemy.util.test.junit.AutoTests" name="[64] /home/travis/build/icyphy/ptII/ptolemy/domains/de/test/auto/ServerZeroDelay.xml (RunModel)" time="0.019" />
  <testcase classname="ptolemy.util.test.junit.AutoTests" name="[65] /home/travis/build/icyphy/ptII/ptolemy/domains/de/test/auto/SmartSender.xml (RunModel)" time="3.009" />
  <testcase classname="ptolemy.util.test.junit.AutoTests" name="[66] /home/travis/build/icyphy/ptII/ptolemy/domains/de/test/auto/ThreadedComposite.xml (RunModel)" time="0.283" />
  <testcase classname="ptolemy.util.test.junit.AutoTests" name="[67] /home/travis/build/icyphy/ptII/ptolemy/domains/de/test/auto/Time.xml (RunModel)" time="0.419" />
  <testcase classname="ptolemy.util.test.junit.AutoTests" name="[68] /home/travis/build/icyphy/ptII/ptolemy/domains/de/test/auto/TimeDelayZeroDelay.xml (RunModel)" time="0.015" />
  <testcase classname="ptolemy.util.test.junit.AutoTests" name="[69] /home/travis/build/icyphy/ptII/ptolemy/domains/de/test/auto/TimerZeroDelay.xml (RunModel)" time="0.012" />
  <testcase classname="ptolemy.util.test.junit.AutoTests" name="[70] /home/travis/build/icyphy/ptII/ptolemy/domains/de/test/auto/TimingParadox.xml (RunModel)" time="0.347" />
  <testcase classname="ptolemy.util.test.junit.AutoTests" name="[71] /home/travis/build/icyphy/ptII/ptolemy/domains/de/test/auto/TransferInputs.xml (RunModel)" time="0.012" />
  <testcase classname="ptolemy.util.test.junit.AutoTests" name="[72] /home/travis/build/icyphy/ptII/ptolemy/domains/de/test/auto/TransferOutputs2.xml (RunModel)" time="0.016" />
  <testcase classname="ptolemy.util.test.junit.AutoTests" name="[73] /home/travis/build/icyphy/ptII/ptolemy/domains/de/test/auto/Trilateration.xml (RunModel)" time="11.491" />
  <testcase classname="ptolemy.util.test.junit.AutoTests" name="[74] /home/travis/build/icyphy/ptII/ptolemy/domains/de/test/auto/TwoSigmaDelta.xml (RunModel)" time="1.993" />
  <testcase classname="ptolemy.util.test.junit.AutoTests" name="[75] /home/travis/build/icyphy/ptII/ptolemy/domains/de/test/auto/VariableDelay.xml (RunModel)" time="0.013" />
  <testcase classname="ptolemy.util.test.junit.AutoTests" name="[76] /home/travis/build/icyphy/ptII/ptolemy/domains/de/test/auto/VariableDelay2.xml (RunModel)" time="0.008" />
  <testcase classname="ptolemy.util.test.junit.AutoTests" name="[77] /home/travis/build/icyphy/ptII/ptolemy/domains/de/test/auto/VariableDelayZeroDelay.xml (RunModel)" time="0.01" />
  <testcase classname="ptolemy.util.test.junit.AutoTests" name="[78] /home/travis/build/icyphy/ptII/ptolemy/domains/de/test/auto/VariableDelayZeroDelay2.xml (RunModel)" time="0.008" />
  <testcase classname="ptolemy.util.test.junit.AutoTests" name="[79] /home/travis/build/icyphy/ptII/ptolemy/domains/de/test/auto/deInCt.xml (RunModel)" time="0.013" />
  <testcase classname="ptolemy.util.test.junit.AutoTests" name="[80] /home/travis/build/icyphy/ptII/ptolemy/domains/de/test/auto/deInCt2.xml (RunModel)" time="0.014" />
  <testcase classname="ptolemy.util.test.junit.AutoTests" name="[81] /home/travis/build/icyphy/ptII/ptolemy/domains/de/test/auto/dynamicCausalityInterface1.xml (RunModel)" time="0.018" />
  <testcase classname="ptolemy.util.test.junit.AutoTests" name="[82] /home/travis/build/icyphy/ptII/ptolemy/domains/de/test/auto/fsm_de_test.xml (RunModel)" time="0.025" />
  <testcase classname="ptolemy.util.test.junit.AutoTests" name="[83] /home/travis/build/icyphy/ptII/ptolemy/domains/de/test/auto/functionDependencyReconstruction.xml (RunModel)" time="0.029" />
  <testcase classname="ptolemy.util.test.junit.AutoTests" name="[84] /home/travis/build/icyphy/ptII/ptolemy/domains/de/test/auto/multirate.xml (RunModel)" time="0.014" />
  <testcase classname="ptolemy.util.test.junit.AutoTests" name="[85] /home/travis/build/icyphy/ptII/ptolemy/domains/de/test/auto/multirate2.xml (RunModel)" time="0.014" />
  <testcase classname="ptolemy.util.test.junit.AutoTests" name="[86] /home/travis/build/icyphy/ptII/ptolemy/domains/de/test/auto/realtime.xml (RunModel)" time="10.011" />
  <testcase classname="ptolemy.util.test.junit.AutoTests" name="[87] /home/travis/build/icyphy/ptII/ptolemy/domains/de/test/auto/relationGroup.xml (RunModel)" time="0.02" />
  <testcase classname="ptolemy.util.test.junit.AutoTests" name="[88] /home/travis/build/icyphy/ptII/ptolemy/domains/de/test/auto/relationGroup2.xml (RunModel)" time="0.007" />
  <testcase classname="ptolemy.util.test.junit.AutoTests" name="[89] /home/travis/build/icyphy/ptII/ptolemy/domains/de/test/auto/sortWithOpaquePorts.xml (RunModel)" time="0.008" />
  <testcase classname="ptolemy.util.test.junit.AutoTests" name="[90] /home/travis/build/icyphy/ptII/ptolemy/domains/de/test/auto/transferInputsandOutputs.xml (RunModel)" time="0.013" />
  <testcase classname="ptolemy.util.test.junit.AutoTests" name="[91] /home/travis/build/icyphy/ptII/ptolemy/domains/de/test/auto/triggerType.xml (RunModel)" time="0.008" />
  <system-out><![CDATA[/home/travis/build/icyphy/ptII/ptolemy/domains/de/test/DependencyLoop.tcl
testDefs.tcl: setting time out to 9000 seconds at Tue Mar 05 14:58:53 UTC 2019
14 ms. Memory: 116224K Free: 97296K (84%)
24 ms. Memory: 146944K Free: 141190K (96%)
/home/travis/build/icyphy/ptII/ptolemy/domains/de/test/RunDETestsAsQSS.tcl
Run the DE tests using ptolemy.domains.qss.test.QSSDirectorTest, which extends QSSDirector and prints a message in the constructors.
------------------ testing $PTII/ptolemy/domains/de/test/auto/knownFailedTests/dependencyLoop.xml (Known Failure) 
7 ms. Memory: 146944K Free: 136940K (93%)


==== $PTIIhome/travis/build/icyphy/ptII/ptolemy/domains/de/test/../../../../: Auto Automatic test in file $PTII/ptolemy/domains/de/test/auto/knownFailedTests/dependencyLoop.xml
==== Contents of test case:

	    # FIXME: we should use $relativeFilename here, but it
	    # might have backslashes under Windows, which causes no end
	    # of trouble.
	    createAndExecute $file
	    list {}
	
.... Test generated KNOWN error:
    while executing
ptolemy.kernel.util.IllegalActionException: Found a zero delay loop containing .dependencyLoop.original
  in .dependencyLoop and .dependencyLoop.original
	at ptolemy.actor.util.CausalityInterfaceForComposites._computeOutputPortDepth(CausalityInterfaceForComposites.java:759)
	at ptolemy.actor.util.CausalityInterfaceForComposites._computeInputDepth(CausalityInterfaceForComposites.java:696)
	at ptolemy.actor.util.CausalityInterfaceForComposites._computeOutputPortDepth(CausalityInterfaceForComposites.java:765)
	at ptolemy.actor.util.CausalityInterfaceForComposites._computeInputDepth(CausalityInterfaceForComposites.java:696)
	at ptolemy.actor.util.CausalityInterfaceForComposites._computeOutputPortDepth(CausalityInterfaceForComposites.java:765)
	at ptolemy.actor.util.CausalityInterfaceForComposites._computeInputDepth(CausalityInterfaceForComposites.java:696)
	at ptolemy.actor.util.CausalityInterfaceForComposites._computeActorDepth(CausalityInterfaceForComposites.java:532)
	at ptolemy.actor.util.CausalityInterfaceForComposites.checkForCycles(CausalityInterfaceForComposites.java:96)
	at ptolemy.domains.de.kernel.DEDirector.preinitialize(DEDirector.java:1338)
	at ptolemy.actor.CompositeActor.preinitialize(CompositeActor.java:1828)
	at ptolemy.actor.Manager.preinitializeAndResolveTypes(Manager.java:1040)
	at ptolemy.actor.Manager.initialize(Manager.java:710)
	at ptolemy.actor.Manager.execute(Manager.java:356)
	at ptolemy.actor.Manager.run(Manager.java:1263)
	at ptolemy.actor.Manager$PtolemyRunThread.run(Manager.java:1915)

    while executing
ptolemy.kernel.util.IllegalActionException: Found a zero delay loop containing .dependencyLoop.original
  in .dependencyLoop and .dependencyLoop.original
    while executing
"java::new ptolemy.moml.MoMLSimpleApplication $file
"
    (procedure "createAndExecute" line 2)
    invoked from within
"createAndExecute $file"
    ("uplevel" body line 5)
    invoked from within
"uplevel $contents_of_test"
------------------ testing $PTII/ptolemy/domains/de/test/auto/knownFailedTests/DESDFClockTest.xml (Known Failure) 
2072 ms. Memory: 146944K Free: 121341K (83%)


==== $PTIIhome/travis/build/icyphy/ptII/ptolemy/domains/de/test/../../../../: Auto Automatic test in file $PTII/ptolemy/domains/de/test/auto/knownFailedTests/DESDFClockTest.xml
==== Contents of test case:

	    # FIXME: we should use $relativeFilename here, but it
	    # might have backslashes under Windows, which causes no end
	    # of trouble.
	    createAndExecute $file
	    list {}
	
.... Test generated KNOWN error:
    while executing
ptolemy.kernel.util.IllegalActionException: Actor is not ready to fire.  Perhaps UpSample.prefire() returned false? Try debugging the actor by selecting "Listen to Actor".  Also, for SDF check moml for tokenConsumptionRate on input.
  in .DESDFClockTest.Play Bell.Copy1:SDF Director and .DESDFClockTest.Play Bell.UpSample
	at ptolemy.actor.sched.StaticSchedulingDirector.fire(StaticSchedulingDirector.java:227)
	at ptolemy.domains.sdf.kernel.SDFDirector.fire(SDFDirector.java:500)
	at ptolemy.actor.CompositeActor.fire(CompositeActor.java:455)
	at ptolemy.domains.de.kernel.DEDirector._fire(DEDirector.java:1949)
	at ptolemy.domains.de.kernel.DEDirector.fire(DEDirector.java:502)
	at ptolemy.actor.CompositeActor.fire(CompositeActor.java:455)
	at ptolemy.actor.Manager.iterate(Manager.java:851)
	at ptolemy.actor.Manager.execute(Manager.java:369)
	at ptolemy.actor.Manager.run(Manager.java:1263)
	at ptolemy.actor.Manager$PtolemyRunThread.run(Manager.java:1915)

    while executing
ptolemy.kernel.util.IllegalActionException: Actor is not ready to fire.  Perhaps UpSample.prefire() returned false? Try debugging the actor by selecting "Listen to Actor".  Also, for SDF check moml for tokenConsumptionRate on input.
  in .DESDFClockTest.Play Bell.Copy1:SDF Director and .DESDFClockTest.Play Bell.UpSample
    while executing
"java::new ptolemy.moml.MoMLSimpleApplication $file
"
    (procedure "createAndExecute" line 2)
    invoked from within
"createAndExecute $file"
    ("uplevel" body line 5)
    invoked from within
"uplevel $contents_of_test"
------------------ testing $PTII/ptolemy/domains/de/test/auto/knownFailedTests/FSMSource.xml (Known Failure) 
28 ms. Memory: 146944K Free: 112418K (77%)
!!!! Auto was marked as failing, but now passes
------------------ testing $PTII/ptolemy/domains/de/test/auto/knownFailedTests/dependencyLoop2.xml (Known Failure) 
6 ms. Memory: 146944K Free: 110543K (75%)


==== $PTIIhome/travis/build/icyphy/ptII/ptolemy/domains/de/test/../../../../: Auto Automatic test in file $PTII/ptolemy/domains/de/test/auto/knownFailedTests/dependencyLoop2.xml
==== Contents of test case:

	    # FIXME: we should use $relativeFilename here, but it
	    # might have backslashes under Windows, which causes no end
	    # of trouble.
	    createAndExecute $file
	    list {}
	
.... Test generated KNOWN error:
    while executing
ptolemy.kernel.util.IllegalActionException: Found a zero delay loop containing .dependencyLoop2.original
  in .dependencyLoop2 and .dependencyLoop2.original
	at ptolemy.actor.util.CausalityInterfaceForComposites._computeOutputPortDepth(CausalityInterfaceForComposites.java:759)
	at ptolemy.actor.util.CausalityInterfaceForComposites._computeInputDepth(CausalityInterfaceForComposites.java:696)
	at ptolemy.actor.util.CausalityInterfaceForComposites._computeOutputPortDepth(CausalityInterfaceForComposites.java:765)
	at ptolemy.actor.util.CausalityInterfaceForComposites._computeInputDepth(CausalityInterfaceForComposites.java:696)
	at ptolemy.actor.util.CausalityInterfaceForComposites._computeOutputPortDepth(CausalityInterfaceForComposites.java:765)
	at ptolemy.actor.util.CausalityInterfaceForComposites._computeInputDepth(CausalityInterfaceForComposites.java:696)
	at ptolemy.actor.util.CausalityInterfaceForComposites._computeActorDepth(CausalityInterfaceForComposites.java:532)
	at ptolemy.actor.util.CausalityInterfaceForComposites.checkForCycles(CausalityInterfaceForComposites.java:96)
	at ptolemy.domains.de.kernel.DEDirector.preinitialize(DEDirector.java:1338)
	at ptolemy.actor.CompositeActor.preinitialize(CompositeActor.java:1828)
	at ptolemy.actor.Manager.preinitializeAndResolveTypes(Manager.java:1040)
	at ptolemy.actor.Manager.initialize(Manager.java:710)
	at ptolemy.actor.Manager.execute(Manager.java:356)
	at ptolemy.actor.Manager.run(Manager.java:1263)
	at ptolemy.actor.Manager$PtolemyRunThread.run(Manager.java:1915)

    while executing
ptolemy.kernel.util.IllegalActionException: Found a zero delay loop containing .dependencyLoop2.original
  in .dependencyLoop2 and .dependencyLoop2.original
    while executing
"java::new ptolemy.moml.MoMLSimpleApplication $file
"
    (procedure "createAndExecute" line 2)
    invoked from within
"createAndExecute $file"
    ("uplevel" body line 5)
    invoked from within
"uplevel $contents_of_test"
------------------ testing $PTII/ptolemy/domains/de/test/auto/knownFailedTests/HierarchicalModel.xml (Known Failure) 
6 ms. Memory: 146944K Free: 90318K (61%)


==== $PTIIhome/travis/build/icyphy/ptII/ptolemy/domains/de/test/../../../../: Auto Automatic test in file $PTII/ptolemy/domains/de/test/auto/knownFailedTests/HierarchicalModel.xml
==== Contents of test case:

	    # FIXME: we should use $relativeFilename here, but it
	    # might have backslashes under Windows, which causes no end
	    # of trouble.
	    createAndExecute $file
	    list {}
	
.... Test generated KNOWN error:
    while executing
ptolemy.kernel.util.IllegalActionException: Found a zero delay loop containing .HierarchicalModel.A
  in .HierarchicalModel and .HierarchicalModel.A
	at ptolemy.actor.util.CausalityInterfaceForComposites._computeOutputPortDepth(CausalityInterfaceForComposites.java:759)
	at ptolemy.actor.util.CausalityInterfaceForComposites._computeInputDepth(CausalityInterfaceForComposites.java:696)
	at ptolemy.actor.util.CausalityInterfaceForComposites._computeOutputPortDepth(CausalityInterfaceForComposites.java:765)
	at ptolemy.actor.util.CausalityInterfaceForComposites._computeInputDepth(CausalityInterfaceForComposites.java:696)
	at ptolemy.actor.util.CausalityInterfaceForComposites._computeOutputPortDepth(CausalityInterfaceForComposites.java:765)
	at ptolemy.actor.util.CausalityInterfaceForComposites._computeInputDepth(CausalityInterfaceForComposites.java:696)
	at ptolemy.actor.util.CausalityInterfaceForComposites._computeActorDepth(CausalityInterfaceForComposites.java:532)
	at ptolemy.actor.util.CausalityInterfaceForComposites.checkForCycles(CausalityInterfaceForComposites.java:96)
	at ptolemy.domains.de.kernel.DEDirector.preinitialize(DEDirector.java:1338)
	at ptolemy.actor.CompositeActor.preinitialize(CompositeActor.java:1828)
	at ptolemy.actor.Manager.preinitializeAndResolveTypes(Manager.java:1040)
	at ptolemy.actor.Manager.initialize(Manager.java:710)
	at ptolemy.actor.Manager.execute(Manager.java:356)
	at ptolemy.actor.Manager.run(Manager.java:1263)
	at ptolemy.actor.Manager$PtolemyRunThread.run(Manager.java:1915)

    while executing
ptolemy.kernel.util.IllegalActionException: Found a zero delay loop containing .HierarchicalModel.A
  in .HierarchicalModel and .HierarchicalModel.A
    while executing
"java::new ptolemy.moml.MoMLSimpleApplication $file
"
    (procedure "createAndExecute" line 2)
    invoked from within
"createAndExecute $file"
    ("uplevel" body line 5)
    invoked from within
"uplevel $contents_of_test"
------------------ testing $PTII/ptolemy/domains/de/test/auto/knownFailedTests/DirectFeedback.xml (Known Failure) 
4 ms. Memory: 146944K Free: 86166K (59%)


==== $PTIIhome/travis/build/icyphy/ptII/ptolemy/domains/de/test/../../../../: Auto Automatic test in file $PTII/ptolemy/domains/de/test/auto/knownFailedTests/DirectFeedback.xml
==== Contents of test case:

	    # FIXME: we should use $relativeFilename here, but it
	    # might have backslashes under Windows, which causes no end
	    # of trouble.
	    createAndExecute $file
	    list {}
	
.... Test generated KNOWN error:
    while executing
ptolemy.kernel.util.IllegalActionException: Test fails in iteration 1.
Value was: 1.0. Should have been: 2.0
  in .DirectFeedback.Test
	at ptolemy.actor.lib.Test.fire(Test.java:268)
	at ptolemy.domains.de.kernel.DEDirector._fire(DEDirector.java:1949)
	at ptolemy.domains.de.kernel.DEDirector.fire(DEDirector.java:502)
	at ptolemy.actor.CompositeActor.fire(CompositeActor.java:455)
	at ptolemy.actor.Manager.iterate(Manager.java:851)
	at ptolemy.actor.Manager.execute(Manager.java:369)
	at ptolemy.actor.Manager.run(Manager.java:1263)
	at ptolemy.actor.Manager$PtolemyRunThread.run(Manager.java:1915)

    while executing
ptolemy.kernel.util.IllegalActionException: Test fails in iteration 1.
Value was: 1.0. Should have been: 2.0
  in .DirectFeedback.Test
    while executing
"java::new ptolemy.moml.MoMLSimpleApplication $file
"
    (procedure "createAndExecute" line 2)
    invoked from within
"createAndExecute $file"
    ("uplevel" body line 5)
    invoked from within
"uplevel $contents_of_test"
------------------ testing $PTII/ptolemy/domains/de/test/auto/ActorDepthCalculation_actorWithoutPorts.xml
auto.tcl: Setting watchdog for 200 seconds at Tue Mar 05 14:58:56 UTC 2019
8 ms. Memory: 146944K Free: 139968K (95%)
ptolemy.util.test.WatchDog.cancel(): canceling Tue Mar 05 14:58:56 UTC 2019
auto.tcl: Setting watchdog for 200 seconds at Tue Mar 05 14:58:56 UTC 2019
4 ms. Memory: 146944K Free: 137660K (94%)
ptolemy.util.test.WatchDog.cancel(): canceling Tue Mar 05 14:58:56 UTC 2019
------------------ testing $PTII/ptolemy/domains/de/test/auto/AssemblyLine.xml
auto.tcl: Setting watchdog for 200 seconds at Tue Mar 05 14:58:57 UTC 2019
11 ms. Memory: 208384K Free: 183370K (88%)
ptolemy.util.test.WatchDog.cancel(): canceling Tue Mar 05 14:58:57 UTC 2019
auto.tcl: Setting watchdog for 200 seconds at Tue Mar 05 14:58:57 UTC 2019
11 ms. Memory: 208384K Free: 183370K (88%)
ptolemy.util.test.WatchDog.cancel(): canceling Tue Mar 05 14:58:57 UTC 2019
------------------ testing $PTII/ptolemy/domains/de/test/auto/CQBug1.xml
auto.tcl: Setting watchdog for 200 seconds at Tue Mar 05 14:58:57 UTC 2019
7 ms. Memory: 208384K Free: 197890K (95%)
ptolemy.util.test.WatchDog.cancel(): canceling Tue Mar 05 14:58:57 UTC 2019
auto.tcl: Setting watchdog for 200 seconds at Tue Mar 05 14:58:57 UTC 2019
3 ms. Memory: 208384K Free: 197890K (95%)
ptolemy.util.test.WatchDog.cancel(): canceling Tue Mar 05 14:58:57 UTC 2019
------------------ testing $PTII/ptolemy/domains/de/test/auto/CancelFireAt.xml
auto.tcl: Setting watchdog for 200 seconds at Tue Mar 05 14:58:57 UTC 2019
11 ms. Memory: 208384K Free: 201558K (97%)
ptolemy.util.test.WatchDog.cancel(): canceling Tue Mar 05 14:58:57 UTC 2019
auto.tcl: Setting watchdog for 200 seconds at Tue Mar 05 14:58:57 UTC 2019
4 ms. Memory: 208384K Free: 199510K (96%)
ptolemy.util.test.WatchDog.cancel(): canceling Tue Mar 05 14:58:57 UTC 2019
------------------ testing $PTII/ptolemy/domains/de/test/auto/CausalityAndComposabilityAnalysis.xml
auto.tcl: Setting watchdog for 200 seconds at Tue Mar 05 14:58:57 UTC 2019
14 ms. Memory: 208384K Free: 198573K (95%)
ptolemy.util.test.WatchDog.cancel(): canceling Tue Mar 05 14:58:57 UTC 2019
auto.tcl: Setting watchdog for 200 seconds at Tue Mar 05 14:58:57 UTC 2019
5 ms. Memory: 208384K Free: 196509K (94%)
ptolemy.util.test.WatchDog.cancel(): canceling Tue Mar 05 14:58:57 UTC 2019
------------------ testing $PTII/ptolemy/domains/de/test/auto/CausalityInterface1.xml
auto.tcl: Setting watchdog for 200 seconds at Tue Mar 05 14:58:57 UTC 2019
17 ms. Memory: 208384K Free: 196446K (94%)
ptolemy.util.test.WatchDog.cancel(): canceling Tue Mar 05 14:58:57 UTC 2019
auto.tcl: Setting watchdog for 200 seconds at Tue Mar 05 14:58:57 UTC 2019
3 ms. Memory: 208384K Free: 196446K (94%)
ptolemy.util.test.WatchDog.cancel(): canceling Tue Mar 05 14:58:57 UTC 2019
------------------ testing $PTII/ptolemy/domains/de/test/auto/CausalityInterface15.xml
auto.tcl: Setting watchdog for 200 seconds at Tue Mar 05 14:58:57 UTC 2019
5 ms. Memory: 208384K Free: 196421K (94%)
ptolemy.util.test.WatchDog.cancel(): canceling Tue Mar 05 14:58:57 UTC 2019
auto.tcl: Setting watchdog for 200 seconds at Tue Mar 05 14:58:57 UTC 2019
4 ms. Memory: 208384K Free: 196421K (94%)
ptolemy.util.test.WatchDog.cancel(): canceling Tue Mar 05 14:58:58 UTC 2019
------------------ testing $PTII/ptolemy/domains/de/test/auto/CausalityInterface2.xml
auto.tcl: Setting watchdog for 200 seconds at Tue Mar 05 14:58:58 UTC 2019
5 ms. Memory: 208384K Free: 196972K (95%)
ptolemy.util.test.WatchDog.cancel(): canceling Tue Mar 05 14:58:58 UTC 2019
auto.tcl: Setting watchdog for 200 seconds at Tue Mar 05 14:58:58 UTC 2019
8 ms. Memory: 208384K Free: 196453K (94%)
ptolemy.util.test.WatchDog.cancel(): canceling Tue Mar 05 14:58:58 UTC 2019
------------------ testing $PTII/ptolemy/domains/de/test/auto/CausalityInterface3.xml
auto.tcl: Setting watchdog for 200 seconds at Tue Mar 05 14:58:58 UTC 2019
4 ms. Memory: 208384K Free: 196450K (94%)
ptolemy.util.test.WatchDog.cancel(): canceling Tue Mar 05 14:58:58 UTC 2019
auto.tcl: Setting watchdog for 200 seconds at Tue Mar 05 14:58:58 UTC 2019
5 ms. Memory: 208384K Free: 196450K (94%)
ptolemy.util.test.WatchDog.cancel(): canceling Tue Mar 05 14:58:58 UTC 2019
------------------ testing $PTII/ptolemy/domains/de/test/auto/ClockDrift.xml
auto.tcl: Setting watchdog for 200 seconds at Tue Mar 05 14:58:58 UTC 2019
86 ms. Memory: 208384K Free: 187806K (90%)
ptolemy.util.test.WatchDog.cancel(): canceling Tue Mar 05 14:58:58 UTC 2019
auto.tcl: Setting watchdog for 200 seconds at Tue Mar 05 14:58:58 UTC 2019
62 ms. Memory: 208384K Free: 185758K (89%)
ptolemy.util.test.WatchDog.cancel(): canceling Tue Mar 05 14:58:58 UTC 2019
------------------ testing $PTII/ptolemy/domains/de/test/auto/ClockDriftAndValueChange.xml
auto.tcl: Setting watchdog for 200 seconds at Tue Mar 05 14:58:58 UTC 2019
26 ms. Memory: 208384K Free: 189705K (91%)
ptolemy.util.test.WatchDog.cancel(): canceling Tue Mar 05 14:58:58 UTC 2019
auto.tcl: Setting watchdog for 200 seconds at Tue Mar 05 14:58:58 UTC 2019
25 ms. Memory: 208384K Free: 185609K (89%)
ptolemy.util.test.WatchDog.cancel(): canceling Tue Mar 05 14:58:58 UTC 2019
------------------ testing $PTII/ptolemy/domains/de/test/auto/ClockDriftChange.xml
auto.tcl: Setting watchdog for 200 seconds at Tue Mar 05 14:58:58 UTC 2019
44 ms. Memory: 208384K Free: 190914K (92%)
ptolemy.util.test.WatchDog.cancel(): canceling Tue Mar 05 14:58:58 UTC 2019
auto.tcl: Setting watchdog for 200 seconds at Tue Mar 05 14:58:58 UTC 2019
31 ms. Memory: 208384K Free: 188866K (91%)
ptolemy.util.test.WatchDog.cancel(): canceling Tue Mar 05 14:58:58 UTC 2019
------------------ testing $PTII/ptolemy/domains/de/test/auto/ComposableCausalityAnalysis.xml
auto.tcl: Setting watchdog for 200 seconds at Tue Mar 05 14:58:58 UTC 2019
3 ms. Memory: 208384K Free: 196306K (94%)
ptolemy.util.test.WatchDog.cancel(): canceling Tue Mar 05 14:58:58 UTC 2019
auto.tcl: Setting watchdog for 200 seconds at Tue Mar 05 14:58:58 UTC 2019
1 ms. Memory: 208384K Free: 194258K (93%)
ptolemy.util.test.WatchDog.cancel(): canceling Tue Mar 05 14:58:58 UTC 2019
------------------ testing $PTII/ptolemy/domains/de/test/auto/DEFixedPointLimitation.xml
auto.tcl: Setting watchdog for 200 seconds at Tue Mar 05 14:58:58 UTC 2019
3 ms. Memory: 208384K Free: 198434K (95%)
ptolemy.util.test.WatchDog.cancel(): canceling Tue Mar 05 14:58:59 UTC 2019
auto.tcl: Setting watchdog for 200 seconds at Tue Mar 05 14:58:59 UTC 2019
1 ms. Memory: 208384K Free: 196386K (94%)
ptolemy.util.test.WatchDog.cancel(): canceling Tue Mar 05 14:58:59 UTC 2019
------------------ testing $PTII/ptolemy/domains/de/test/auto/DEScheduleTest.xml
auto.tcl: Setting watchdog for 200 seconds at Tue Mar 05 14:58:59 UTC 2019
3 ms. Memory: 208384K Free: 198486K (95%)
ptolemy.util.test.WatchDog.cancel(): canceling Tue Mar 05 14:58:59 UTC 2019
auto.tcl: Setting watchdog for 200 seconds at Tue Mar 05 14:58:59 UTC 2019
6 ms. Memory: 208384K Free: 196438K (94%)
ptolemy.util.test.WatchDog.cancel(): canceling Tue Mar 05 14:58:59 UTC 2019
------------------ testing $PTII/ptolemy/domains/de/test/auto/DEinDEwithStartTimes.xml
auto.tcl: Setting watchdog for 200 seconds at Tue Mar 05 14:58:59 UTC 2019
4 ms. Memory: 208384K Free: 196383K (94%)
ptolemy.util.test.WatchDog.cancel(): canceling Tue Mar 05 14:58:59 UTC 2019
auto.tcl: Setting watchdog for 200 seconds at Tue Mar 05 14:58:59 UTC 2019
4 ms. Memory: 208384K Free: 196383K (94%)
ptolemy.util.test.WatchDog.cancel(): canceling Tue Mar 05 14:58:59 UTC 2019
------------------ testing $PTII/ptolemy/domains/de/test/auto/DEinDEwithStartTimes2.xml
auto.tcl: Setting watchdog for 200 seconds at Tue Mar 05 14:58:59 UTC 2019
8 ms. Memory: 208384K Free: 196371K (94%)
ptolemy.util.test.WatchDog.cancel(): canceling Tue Mar 05 14:58:59 UTC 2019
auto.tcl: Setting watchdog for 200 seconds at Tue Mar 05 14:58:59 UTC 2019
4 ms. Memory: 208384K Free: 194307K (93%)
ptolemy.util.test.WatchDog.cancel(): canceling Tue Mar 05 14:58:59 UTC 2019
------------------ testing $PTII/ptolemy/domains/de/test/auto/DateDemo.xml
auto.tcl: Setting watchdog for 200 seconds at Tue Mar 05 14:58:59 UTC 2019
13 ms. Memory: 208384K Free: 188932K (91%)
ptolemy.util.test.WatchDog.cancel(): canceling Tue Mar 05 14:58:59 UTC 2019
auto.tcl: Setting watchdog for 200 seconds at Tue Mar 05 14:58:59 UTC 2019
7 ms. Memory: 208384K Free: 186868K (90%)
ptolemy.util.test.WatchDog.cancel(): canceling Tue Mar 05 14:58:59 UTC 2019
------------------ testing $PTII/ptolemy/domains/de/test/auto/DateToEvent.xml
auto.tcl: Setting watchdog for 200 seconds at Tue Mar 05 14:58:59 UTC 2019
2012 ms. Memory: 208384K Free: 183802K (88%)
ptolemy.util.test.WatchDog.cancel(): canceling Tue Mar 05 14:59:01 UTC 2019
auto.tcl: Setting watchdog for 200 seconds at Tue Mar 05 14:59:01 UTC 2019
2006 ms. Memory: 208384K Free: 183802K (88%)
ptolemy.util.test.WatchDog.cancel(): canceling Tue Mar 05 14:59:03 UTC 2019
------------------ testing $PTII/ptolemy/domains/de/test/auto/DepthTest1.xml
auto.tcl: Setting watchdog for 200 seconds at Tue Mar 05 14:59:03 UTC 2019
2 ms. Memory: 208384K Free: 198012K (95%)
ptolemy.util.test.WatchDog.cancel(): canceling Tue Mar 05 14:59:03 UTC 2019
auto.tcl: Setting watchdog for 200 seconds at Tue Mar 05 14:59:03 UTC 2019
2 ms. Memory: 208384K Free: 198012K (95%)
ptolemy.util.test.WatchDog.cancel(): canceling Tue Mar 05 14:59:03 UTC 2019
------------------ testing $PTII/ptolemy/domains/de/test/auto/DepthTest2.xml
auto.tcl: Setting watchdog for 200 seconds at Tue Mar 05 14:59:03 UTC 2019
8 ms. Memory: 208384K Free: 194334K (93%)
ptolemy.util.test.WatchDog.cancel(): canceling Tue Mar 05 14:59:03 UTC 2019
auto.tcl: Setting watchdog for 200 seconds at Tue Mar 05 14:59:03 UTC 2019
2 ms. Memory: 208384K Free: 194334K (93%)
ptolemy.util.test.WatchDog.cancel(): canceling Tue Mar 05 14:59:03 UTC 2019
------------------ testing $PTII/ptolemy/domains/de/test/auto/DepthTest3.xml
auto.tcl: Setting watchdog for 200 seconds at Tue Mar 05 14:59:03 UTC 2019
3 ms. Memory: 208384K Free: 198348K (95%)
ptolemy.util.test.WatchDog.cancel(): canceling Tue Mar 05 14:59:03 UTC 2019
auto.tcl: Setting watchdog for 200 seconds at Tue Mar 05 14:59:03 UTC 2019
2 ms. Memory: 208384K Free: 198348K (95%)
ptolemy.util.test.WatchDog.cancel(): canceling Tue Mar 05 14:59:03 UTC 2019
------------------ testing $PTII/ptolemy/domains/de/test/auto/DepthTest4.xml
auto.tcl: Setting watchdog for 200 seconds at Tue Mar 05 14:59:03 UTC 2019
5 ms. Memory: 208384K Free: 196355K (94%)
ptolemy.util.test.WatchDog.cancel(): canceling Tue Mar 05 14:59:03 UTC 2019
auto.tcl: Setting watchdog for 200 seconds at Tue Mar 05 14:59:03 UTC 2019
3 ms. Memory: 208384K Free: 196355K (94%)
ptolemy.util.test.WatchDog.cancel(): canceling Tue Mar 05 14:59:03 UTC 2019
------------------ testing $PTII/ptolemy/domains/de/test/auto/DepthTest5.xml
auto.tcl: Setting watchdog for 200 seconds at Tue Mar 05 14:59:03 UTC 2019
3 ms. Memory: 208384K Free: 196318K (94%)
ptolemy.util.test.WatchDog.cancel(): canceling Tue Mar 05 14:59:03 UTC 2019
auto.tcl: Setting watchdog for 200 seconds at Tue Mar 05 14:59:03 UTC 2019
3 ms. Memory: 208384K Free: 196318K (94%)
ptolemy.util.test.WatchDog.cancel(): canceling Tue Mar 05 14:59:03 UTC 2019
------------------ testing $PTII/ptolemy/domains/de/test/auto/DepthTest6.xml
auto.tcl: Setting watchdog for 200 seconds at Tue Mar 05 14:59:03 UTC 2019
10 ms. Memory: 208384K Free: 196310K (94%)
ptolemy.util.test.WatchDog.cancel(): canceling Tue Mar 05 14:59:03 UTC 2019
auto.tcl: Setting watchdog for 200 seconds at Tue Mar 05 14:59:03 UTC 2019
3 ms. Memory: 208384K Free: 196310K (94%)
ptolemy.util.test.WatchDog.cancel(): canceling Tue Mar 05 14:59:03 UTC 2019
------------------ testing $PTII/ptolemy/domains/de/test/auto/DepthTest7.xml
auto.tcl: Setting watchdog for 200 seconds at Tue Mar 05 14:59:04 UTC 2019
3 ms. Memory: 208384K Free: 196259K (94%)
ptolemy.util.test.WatchDog.cancel(): canceling Tue Mar 05 14:59:04 UTC 2019
auto.tcl: Setting watchdog for 200 seconds at Tue Mar 05 14:59:04 UTC 2019
2 ms. Memory: 208384K Free: 196259K (94%)
ptolemy.util.test.WatchDog.cancel(): canceling Tue Mar 05 14:59:04 UTC 2019
------------------ testing $PTII/ptolemy/domains/de/test/auto/EventToDate.xml
auto.tcl: Setting watchdog for 200 seconds at Tue Mar 05 14:59:04 UTC 2019
3008 ms. Memory: 208384K Free: 188081K (90%)
ptolemy.util.test.WatchDog.cancel(): canceling Tue Mar 05 14:59:07 UTC 2019
auto.tcl: Setting watchdog for 200 seconds at Tue Mar 05 14:59:07 UTC 2019
3004 ms. Memory: 208384K Free: 186033K (89%)
ptolemy.util.test.WatchDog.cancel(): canceling Tue Mar 05 14:59:10 UTC 2019
------------------ testing $PTII/ptolemy/domains/de/test/auto/FSM1.xml
auto.tcl: Setting watchdog for 200 seconds at Tue Mar 05 14:59:10 UTC 2019
18 ms. Memory: 208384K Free: 189392K (91%)
ptolemy.util.test.WatchDog.cancel(): canceling Tue Mar 05 14:59:10 UTC 2019
auto.tcl: Setting watchdog for 200 seconds at Tue Mar 05 14:59:10 UTC 2019
15 ms. Memory: 208384K Free: 185280K (89%)
ptolemy.util.test.WatchDog.cancel(): canceling Tue Mar 05 14:59:10 UTC 2019
------------------ testing $PTII/ptolemy/domains/de/test/auto/FSM7.xml
auto.tcl: Setting watchdog for 200 seconds at Tue Mar 05 14:59:10 UTC 2019
15 ms. Memory: 208384K Free: 189602K (91%)
ptolemy.util.test.WatchDog.cancel(): canceling Tue Mar 05 14:59:10 UTC 2019
auto.tcl: Setting watchdog for 200 seconds at Tue Mar 05 14:59:10 UTC 2019
24 ms. Memory: 208384K Free: 185474K (89%)
ptolemy.util.test.WatchDog.cancel(): canceling Tue Mar 05 14:59:10 UTC 2019
------------------ testing $PTII/ptolemy/domains/de/test/auto/Inspection.xml
auto.tcl: Setting watchdog for 200 seconds at Tue Mar 05 14:59:10 UTC 2019
42 ms. Memory: 208384K Free: 189287K (91%)
ptolemy.util.test.WatchDog.cancel(): canceling Tue Mar 05 14:59:10 UTC 2019
auto.tcl: Setting watchdog for 200 seconds at Tue Mar 05 14:59:10 UTC 2019
22 ms. Memory: 208384K Free: 186704K (90%)
ptolemy.util.test.WatchDog.cancel(): canceling Tue Mar 05 14:59:10 UTC 2019
------------------ testing $PTII/ptolemy/domains/de/test/auto/Iteration.xml
auto.tcl: Setting watchdog for 200 seconds at Tue Mar 05 14:59:10 UTC 2019
9 ms. Memory: 208384K Free: 196601K (94%)
ptolemy.util.test.WatchDog.cancel(): canceling Tue Mar 05 14:59:10 UTC 2019
auto.tcl: Setting watchdog for 200 seconds at Tue Mar 05 14:59:10 UTC 2019
6 ms. Memory: 208384K Free: 194017K (93%)
ptolemy.util.test.WatchDog.cancel(): canceling Tue Mar 05 14:59:10 UTC 2019
------------------ testing $PTII/ptolemy/domains/de/test/auto/LineFault.xml
auto.tcl: Setting watchdog for 200 seconds at Tue Mar 05 14:59:10 UTC 2019
769 ms. Memory: 208384K Free: 199859K (96%)
ptolemy.util.test.WatchDog.cancel(): canceling Tue Mar 05 14:59:11 UTC 2019
auto.tcl: Setting watchdog for 200 seconds at Tue Mar 05 14:59:11 UTC 2019
578 ms. Memory: 208384K Free: 142165K (68%)
ptolemy.util.test.WatchDog.cancel(): canceling Tue Mar 05 14:59:12 UTC 2019
------------------ testing $PTII/ptolemy/domains/de/test/auto/MergeModel1Add.xml
auto.tcl: Setting watchdog for 200 seconds at Tue Mar 05 14:59:12 UTC 2019
29 ms. Memory: 331264K Free: 300711K (91%)
ptolemy.util.test.WatchDog.cancel(): canceling Tue Mar 05 14:59:12 UTC 2019
auto.tcl: Setting watchdog for 200 seconds at Tue Mar 05 14:59:12 UTC 2019
13 ms. Memory: 331264K Free: 300711K (91%)
ptolemy.util.test.WatchDog.cancel(): canceling Tue Mar 05 14:59:12 UTC 2019
------------------ testing $PTII/ptolemy/domains/de/test/auto/MergeModel2Add.xml
auto.tcl: Setting watchdog for 200 seconds at Tue Mar 05 14:59:12 UTC 2019
9 ms. Memory: 331264K Free: 305631K (92%)
ptolemy.util.test.WatchDog.cancel(): canceling Tue Mar 05 14:59:12 UTC 2019
auto.tcl: Setting watchdog for 200 seconds at Tue Mar 05 14:59:12 UTC 2019
7 ms. Memory: 331264K Free: 302034K (91%)
ptolemy.util.test.WatchDog.cancel(): canceling Tue Mar 05 14:59:12 UTC 2019
------------------ testing $PTII/ptolemy/domains/de/test/auto/MergeModel3Add.xml
auto.tcl: Setting watchdog for 200 seconds at Tue Mar 05 14:59:12 UTC 2019
10 ms. Memory: 331264K Free: 305649K (92%)
ptolemy.util.test.WatchDog.cancel(): canceling Tue Mar 05 14:59:12 UTC 2019
auto.tcl: Setting watchdog for 200 seconds at Tue Mar 05 14:59:12 UTC 2019
6 ms. Memory: 331264K Free: 302060K (91%)
ptolemy.util.test.WatchDog.cancel(): canceling Tue Mar 05 14:59:12 UTC 2019
------------------ testing $PTII/ptolemy/domains/de/test/auto/MergeWithoutDiscard.xml
auto.tcl: Setting watchdog for 200 seconds at Tue Mar 05 14:59:12 UTC 2019
2 ms. Memory: 331264K Free: 316688K (96%)
ptolemy.util.test.WatchDog.cancel(): canceling Tue Mar 05 14:59:12 UTC 2019
auto.tcl: Setting watchdog for 200 seconds at Tue Mar 05 14:59:12 UTC 2019
1 ms. Memory: 331264K Free: 316688K (96%)
ptolemy.util.test.WatchDog.cancel(): canceling Tue Mar 05 14:59:12 UTC 2019
------------------ testing $PTII/ptolemy/domains/de/test/auto/Modal1.xml
auto.tcl: Setting watchdog for 200 seconds at Tue Mar 05 14:59:12 UTC 2019
13 ms. Memory: 331264K Free: 310240K (94%)
ptolemy.util.test.WatchDog.cancel(): canceling Tue Mar 05 14:59:12 UTC 2019
auto.tcl: Setting watchdog for 200 seconds at Tue Mar 05 14:59:12 UTC 2019
14 ms. Memory: 331264K Free: 306643K (93%)
ptolemy.util.test.WatchDog.cancel(): canceling Tue Mar 05 14:59:12 UTC 2019
------------------ testing $PTII/ptolemy/domains/de/test/auto/Modal2.xml
auto.tcl: Setting watchdog for 200 seconds at Tue Mar 05 14:59:13 UTC 2019
12 ms. Memory: 331264K Free: 310114K (94%)
ptolemy.util.test.WatchDog.cancel(): canceling Tue Mar 05 14:59:13 UTC 2019
auto.tcl: Setting watchdog for 200 seconds at Tue Mar 05 14:59:13 UTC 2019
12 ms. Memory: 331264K Free: 306517K (93%)
ptolemy.util.test.WatchDog.cancel(): canceling Tue Mar 05 14:59:13 UTC 2019
------------------ testing $PTII/ptolemy/domains/de/test/auto/Modal3.xml
auto.tcl: Setting watchdog for 200 seconds at Tue Mar 05 14:59:13 UTC 2019
18 ms. Memory: 331264K Free: 310124K (94%)
ptolemy.util.test.WatchDog.cancel(): canceling Tue Mar 05 14:59:13 UTC 2019
auto.tcl: Setting watchdog for 200 seconds at Tue Mar 05 14:59:13 UTC 2019
12 ms. Memory: 331264K Free: 306527K (93%)
ptolemy.util.test.WatchDog.cancel(): canceling Tue Mar 05 14:59:13 UTC 2019
------------------ testing $PTII/ptolemy/domains/de/test/auto/Modal4.xml
auto.tcl: Setting watchdog for 200 seconds at Tue Mar 05 14:59:13 UTC 2019
15 ms. Memory: 331264K Free: 310150K (94%)
ptolemy.util.test.WatchDog.cancel(): canceling Tue Mar 05 14:59:13 UTC 2019
auto.tcl: Setting watchdog for 200 seconds at Tue Mar 05 14:59:13 UTC 2019
14 ms. Memory: 331264K Free: 306552K (93%)
ptolemy.util.test.WatchDog.cancel(): canceling Tue Mar 05 14:59:13 UTC 2019
------------------ testing $PTII/ptolemy/domains/de/test/auto/Modal5.xml
auto.tcl: Setting watchdog for 200 seconds at Tue Mar 05 14:59:13 UTC 2019
16 ms. Memory: 331264K Free: 310129K (94%)
ptolemy.util.test.WatchDog.cancel(): canceling Tue Mar 05 14:59:13 UTC 2019
auto.tcl: Setting watchdog for 200 seconds at Tue Mar 05 14:59:13 UTC 2019
14 ms. Memory: 331264K Free: 306540K (93%)
ptolemy.util.test.WatchDog.cancel(): canceling Tue Mar 05 14:59:13 UTC 2019
------------------ testing $PTII/ptolemy/domains/de/test/auto/Modal6.xml
auto.tcl: Setting watchdog for 200 seconds at Tue Mar 05 14:59:13 UTC 2019
17 ms. Memory: 331264K Free: 310134K (94%)
ptolemy.util.test.WatchDog.cancel(): canceling Tue Mar 05 14:59:13 UTC 2019
auto.tcl: Setting watchdog for 200 seconds at Tue Mar 05 14:59:13 UTC 2019
16 ms. Memory: 331264K Free: 306536K (93%)
ptolemy.util.test.WatchDog.cancel(): canceling Tue Mar 05 14:59:13 UTC 2019
------------------ testing $PTII/ptolemy/domains/de/test/auto/Modal7.xml
auto.tcl: Setting watchdog for 200 seconds at Tue Mar 05 14:59:13 UTC 2019
17 ms. Memory: 331264K Free: 306521K (93%)
ptolemy.util.test.WatchDog.cancel(): canceling Tue Mar 05 14:59:13 UTC 2019
auto.tcl: Setting watchdog for 200 seconds at Tue Mar 05 14:59:13 UTC 2019
11 ms. Memory: 331264K Free: 302939K (91%)
ptolemy.util.test.WatchDog.cancel(): canceling Tue Mar 05 14:59:13 UTC 2019
------------------ testing $PTII/ptolemy/domains/de/test/auto/ModalModel.xml
auto.tcl: Setting watchdog for 200 seconds at Tue Mar 05 14:59:13 UTC 2019
199 ms. Memory: 331264K Free: 247427K (75%)
ptolemy.util.test.WatchDog.cancel(): canceling Tue Mar 05 14:59:14 UTC 2019
auto.tcl: Setting watchdog for 200 seconds at Tue Mar 05 14:59:14 UTC 2019
177 ms. Memory: 331264K Free: 189959K (57%)
ptolemy.util.test.WatchDog.cancel(): canceling Tue Mar 05 14:59:14 UTC 2019
------------------ testing $PTII/ptolemy/domains/de/test/auto/ModalSource.xml
auto.tcl: Setting watchdog for 200 seconds at Tue Mar 05 14:59:14 UTC 2019
9 ms. Memory: 331264K Free: 316428K (96%)
ptolemy.util.test.WatchDog.cancel(): canceling Tue Mar 05 14:59:14 UTC 2019
auto.tcl: Setting watchdog for 200 seconds at Tue Mar 05 14:59:14 UTC 2019
7 ms. Memory: 331264K Free: 313135K (95%)
ptolemy.util.test.WatchDog.cancel(): canceling Tue Mar 05 14:59:14 UTC 2019
------------------ testing $PTII/ptolemy/domains/de/test/auto/NonInterruptibleTimerZeroDelay.xml
auto.tcl: Setting watchdog for 200 seconds at Tue Mar 05 14:59:14 UTC 2019
5 ms. Memory: 331264K Free: 320812K (97%)
ptolemy.util.test.WatchDog.cancel(): canceling Tue Mar 05 14:59:14 UTC 2019
auto.tcl: Setting watchdog for 200 seconds at Tue Mar 05 14:59:14 UTC 2019
3 ms. Memory: 331264K Free: 317519K (96%)
ptolemy.util.test.WatchDog.cancel(): canceling Tue Mar 05 14:59:14 UTC 2019
------------------ testing $PTII/ptolemy/domains/de/test/auto/OpenQueueingNetwork.xml
auto.tcl: Setting watchdog for 200 seconds at Tue Mar 05 14:59:14 UTC 2019
2659 ms. Memory: 317952K Free: 162840K (51%)
ptolemy.util.test.WatchDog.cancel(): canceling Tue Mar 05 14:59:17 UTC 2019
auto.tcl: Setting watchdog for 200 seconds at Tue Mar 05 14:59:17 UTC 2019
2441 ms. Memory: 287232K Free: 223968K (78%)
ptolemy.util.test.WatchDog.cancel(): canceling Tue Mar 05 14:59:19 UTC 2019
------------------ testing $PTII/ptolemy/domains/de/test/auto/OpenQueuingNetwork.xml
auto.tcl: Setting watchdog for 200 seconds at Tue Mar 05 14:59:19 UTC 2019
232 ms. Memory: 287232K Free: 186316K (65%)
ptolemy.util.test.WatchDog.cancel(): canceling Tue Mar 05 14:59:19 UTC 2019
auto.tcl: Setting watchdog for 200 seconds at Tue Mar 05 14:59:19 UTC 2019
220 ms. Memory: 287232K Free: 123330K (43%)
ptolemy.util.test.WatchDog.cancel(): canceling Tue Mar 05 14:59:20 UTC 2019
------------------ testing $PTII/ptolemy/domains/de/test/auto/PeriodicSampler.xml
auto.tcl: Setting watchdog for 200 seconds at Tue Mar 05 14:59:20 UTC 2019
2 ms. Memory: 289792K Free: 279394K (96%)
ptolemy.util.test.WatchDog.cancel(): canceling Tue Mar 05 14:59:20 UTC 2019
auto.tcl: Setting watchdog for 200 seconds at Tue Mar 05 14:59:20 UTC 2019
2 ms. Memory: 289792K Free: 276524K (95%)
ptolemy.util.test.WatchDog.cancel(): canceling Tue Mar 05 14:59:20 UTC 2019
------------------ testing $PTII/ptolemy/domains/de/test/auto/PersistentIO.xml
auto.tcl: Setting watchdog for 200 seconds at Tue Mar 05 14:59:20 UTC 2019
5 ms. Memory: 287232K Free: 271857K (95%)
ptolemy.util.test.WatchDog.cancel(): canceling Tue Mar 05 14:59:20 UTC 2019
auto.tcl: Setting watchdog for 200 seconds at Tue Mar 05 14:59:20 UTC 2019
3 ms. Memory: 287232K Free: 268987K (94%)
ptolemy.util.test.WatchDog.cancel(): canceling Tue Mar 05 14:59:20 UTC 2019
------------------ testing $PTII/ptolemy/domains/de/test/auto/PortParameterResetOnInitialize.xml
auto.tcl: Setting watchdog for 200 seconds at Tue Mar 05 14:59:20 UTC 2019
3 ms. Memory: 289280K Free: 276627K (96%)
ptolemy.util.test.WatchDog.cancel(): canceling Tue Mar 05 14:59:20 UTC 2019
auto.tcl: Setting watchdog for 200 seconds at Tue Mar 05 14:59:20 UTC 2019
2 ms. Memory: 289280K Free: 276627K (96%)
ptolemy.util.test.WatchDog.cancel(): canceling Tue Mar 05 14:59:20 UTC 2019
------------------ testing $PTII/ptolemy/domains/de/test/auto/PortParameterUpdates.xml
auto.tcl: Setting watchdog for 200 seconds at Tue Mar 05 14:59:20 UTC 2019
6 ms. Memory: 287232K Free: 274721K (96%)
ptolemy.util.test.WatchDog.cancel(): canceling Tue Mar 05 14:59:20 UTC 2019
auto.tcl: Setting watchdog for 200 seconds at Tue Mar 05 14:59:20 UTC 2019
4 ms. Memory: 287232K Free: 271867K (95%)
ptolemy.util.test.WatchDog.cancel(): canceling Tue Mar 05 14:59:20 UTC 2019
------------------ testing $PTII/ptolemy/domains/de/test/auto/QueueAndServer.xml
auto.tcl: Setting watchdog for 200 seconds at Tue Mar 05 14:59:20 UTC 2019
14 ms. Memory: 289280K Free: 273698K (95%)
ptolemy.util.test.WatchDog.cancel(): canceling Tue Mar 05 14:59:20 UTC 2019
auto.tcl: Setting watchdog for 200 seconds at Tue Mar 05 14:59:20 UTC 2019
6 ms. Memory: 289280K Free: 273698K (95%)
ptolemy.util.test.WatchDog.cancel(): canceling Tue Mar 05 14:59:20 UTC 2019
------------------ testing $PTII/ptolemy/domains/de/test/auto/Records.xml
auto.tcl: Setting watchdog for 200 seconds at Tue Mar 05 14:59:20 UTC 2019
7 ms. Memory: 287232K Free: 274478K (96%)
ptolemy.util.test.WatchDog.cancel(): canceling Tue Mar 05 14:59:20 UTC 2019
auto.tcl: Setting watchdog for 200 seconds at Tue Mar 05 14:59:20 UTC 2019
1 ms. Memory: 287232K Free: 274478K (96%)
ptolemy.util.test.WatchDog.cancel(): canceling Tue Mar 05 14:59:20 UTC 2019
------------------ testing $PTII/ptolemy/domains/de/test/auto/ResetTransitionWithStartTime1.xml
auto.tcl: Setting watchdog for 200 seconds at Tue Mar 05 14:59:20 UTC 2019
8 ms. Memory: 288768K Free: 273153K (95%)
ptolemy.util.test.WatchDog.cancel(): canceling Tue Mar 05 14:59:20 UTC 2019
auto.tcl: Setting watchdog for 200 seconds at Tue Mar 05 14:59:20 UTC 2019
6 ms. Memory: 288768K Free: 273153K (95%)
ptolemy.util.test.WatchDog.cancel(): canceling Tue Mar 05 14:59:20 UTC 2019
------------------ testing $PTII/ptolemy/domains/de/test/auto/ResetTransitionWithStartTime2.xml
auto.tcl: Setting watchdog for 200 seconds at Tue Mar 05 14:59:20 UTC 2019
7 ms. Memory: 287232K Free: 271764K (95%)
ptolemy.util.test.WatchDog.cancel(): canceling Tue Mar 05 14:59:20 UTC 2019
auto.tcl: Setting watchdog for 200 seconds at Tue Mar 05 14:59:20 UTC 2019
5 ms. Memory: 287232K Free: 271764K (95%)
ptolemy.util.test.WatchDog.cancel(): canceling Tue Mar 05 14:59:20 UTC 2019
------------------ testing $PTII/ptolemy/domains/de/test/auto/ResetTransitionWithStartTime3.xml
auto.tcl: Setting watchdog for 200 seconds at Tue Mar 05 14:59:20 UTC 2019
5 ms. Memory: 288768K Free: 273143K (95%)
ptolemy.util.test.WatchDog.cancel(): canceling Tue Mar 05 14:59:20 UTC 2019
auto.tcl: Setting watchdog for 200 seconds at Tue Mar 05 14:59:20 UTC 2019
5 ms. Memory: 288768K Free: 273143K (95%)
ptolemy.util.test.WatchDog.cancel(): canceling Tue Mar 05 14:59:20 UTC 2019
------------------ testing $PTII/ptolemy/domains/de/test/auto/ResetTransitionWithStartTime4.xml
auto.tcl: Setting watchdog for 200 seconds at Tue Mar 05 14:59:20 UTC 2019
4 ms. Memory: 287232K Free: 271622K (95%)
ptolemy.util.test.WatchDog.cancel(): canceling Tue Mar 05 14:59:20 UTC 2019
auto.tcl: Setting watchdog for 200 seconds at Tue Mar 05 14:59:20 UTC 2019
3 ms. Memory: 287232K Free: 269564K (94%)
ptolemy.util.test.WatchDog.cancel(): canceling Tue Mar 05 14:59:20 UTC 2019
------------------ testing $PTII/ptolemy/domains/de/test/auto/ResettableTimer1.xml
auto.tcl: Setting watchdog for 200 seconds at Tue Mar 05 14:59:20 UTC 2019
3 ms. Memory: 288768K Free: 276007K (96%)
ptolemy.util.test.WatchDog.cancel(): canceling Tue Mar 05 14:59:21 UTC 2019
auto.tcl: Setting watchdog for 200 seconds at Tue Mar 05 14:59:21 UTC 2019
2 ms. Memory: 288768K Free: 276007K (96%)
ptolemy.util.test.WatchDog.cancel(): canceling Tue Mar 05 14:59:21 UTC 2019
------------------ testing $PTII/ptolemy/domains/de/test/auto/ResettableTimer2.xml
auto.tcl: Setting watchdog for 200 seconds at Tue Mar 05 14:59:21 UTC 2019
3 ms. Memory: 287232K Free: 274685K (96%)
ptolemy.util.test.WatchDog.cancel(): canceling Tue Mar 05 14:59:21 UTC 2019
auto.tcl: Setting watchdog for 200 seconds at Tue Mar 05 14:59:21 UTC 2019
2 ms. Memory: 287232K Free: 274685K (96%)
ptolemy.util.test.WatchDog.cancel(): canceling Tue Mar 05 14:59:21 UTC 2019
------------------ testing $PTII/ptolemy/domains/de/test/auto/ResettableTimer3.xml
auto.tcl: Setting watchdog for 200 seconds at Tue Mar 05 14:59:21 UTC 2019
2 ms. Memory: 288256K Free: 275553K (96%)
ptolemy.util.test.WatchDog.cancel(): canceling Tue Mar 05 14:59:21 UTC 2019
auto.tcl: Setting watchdog for 200 seconds at Tue Mar 05 14:59:21 UTC 2019
1 ms. Memory: 288256K Free: 275553K (96%)
ptolemy.util.test.WatchDog.cancel(): canceling Tue Mar 05 14:59:21 UTC 2019
------------------ testing $PTII/ptolemy/domains/de/test/auto/ResettableTimer4.xml
auto.tcl: Setting watchdog for 200 seconds at Tue Mar 05 14:59:21 UTC 2019
1 ms. Memory: 287232K Free: 274697K (96%)
ptolemy.util.test.WatchDog.cancel(): canceling Tue Mar 05 14:59:21 UTC 2019
auto.tcl: Setting watchdog for 200 seconds at Tue Mar 05 14:59:21 UTC 2019
1 ms. Memory: 287232K Free: 274697K (96%)
ptolemy.util.test.WatchDog.cancel(): canceling Tue Mar 05 14:59:21 UTC 2019
------------------ testing $PTII/ptolemy/domains/de/test/auto/ResettableTimer5.xml
auto.tcl: Setting watchdog for 200 seconds at Tue Mar 05 14:59:21 UTC 2019
2 ms. Memory: 288256K Free: 275564K (96%)
ptolemy.util.test.WatchDog.cancel(): canceling Tue Mar 05 14:59:21 UTC 2019
auto.tcl: Setting watchdog for 200 seconds at Tue Mar 05 14:59:21 UTC 2019
1 ms. Memory: 288256K Free: 275564K (96%)
ptolemy.util.test.WatchDog.cancel(): canceling Tue Mar 05 14:59:21 UTC 2019
------------------ testing $PTII/ptolemy/domains/de/test/auto/ResettableTimer6.xml
auto.tcl: Setting watchdog for 200 seconds at Tue Mar 05 14:59:21 UTC 2019
2 ms. Memory: 287232K Free: 274505K (96%)
ptolemy.util.test.WatchDog.cancel(): canceling Tue Mar 05 14:59:21 UTC 2019
auto.tcl: Setting watchdog for 200 seconds at Tue Mar 05 14:59:21 UTC 2019
2 ms. Memory: 287232K Free: 274505K (96%)
ptolemy.util.test.WatchDog.cancel(): canceling Tue Mar 05 14:59:21 UTC 2019
------------------ testing $PTII/ptolemy/domains/de/test/auto/ServerZeroDelay.xml
auto.tcl: Setting watchdog for 200 seconds at Tue Mar 05 14:59:21 UTC 2019
3 ms. Memory: 288256K Free: 275667K (96%)
ptolemy.util.test.WatchDog.cancel(): canceling Tue Mar 05 14:59:21 UTC 2019
auto.tcl: Setting watchdog for 200 seconds at Tue Mar 05 14:59:21 UTC 2019
2 ms. Memory: 288256K Free: 275667K (96%)
ptolemy.util.test.WatchDog.cancel(): canceling Tue Mar 05 14:59:21 UTC 2019
------------------ testing $PTII/ptolemy/domains/de/test/auto/SmartSender.xml
auto.tcl: Setting watchdog for 200 seconds at Tue Mar 05 14:59:21 UTC 2019
3001 ms. Memory: 287232K Free: 274646K (96%)
ptolemy.util.test.WatchDog.cancel(): canceling Tue Mar 05 14:59:24 UTC 2019
auto.tcl: Setting watchdog for 200 seconds at Tue Mar 05 14:59:24 UTC 2019
3001 ms. Memory: 287232K Free: 274646K (96%)
ptolemy.util.test.WatchDog.cancel(): canceling Tue Mar 05 14:59:27 UTC 2019
------------------ testing $PTII/ptolemy/domains/de/test/auto/ThreadedComposite.xml
auto.tcl: Setting watchdog for 200 seconds at Tue Mar 05 14:59:27 UTC 2019
248 ms. Memory: 288256K Free: 252543K (88%)
ptolemy.util.test.WatchDog.cancel(): canceling Tue Mar 05 14:59:27 UTC 2019
auto.tcl: Setting watchdog for 200 seconds at Tue Mar 05 14:59:27 UTC 2019
136 ms. Memory: 288256K Free: 237339K (82%)
ptolemy.util.test.WatchDog.cancel(): canceling Tue Mar 05 14:59:27 UTC 2019
------------------ testing $PTII/ptolemy/domains/de/test/auto/Time.xml
auto.tcl: Setting watchdog for 200 seconds at Tue Mar 05 14:59:27 UTC 2019
506 ms. Memory: 287232K Free: 218636K (76%)
ptolemy.util.test.WatchDog.cancel(): canceling Tue Mar 05 14:59:28 UTC 2019
auto.tcl: Setting watchdog for 200 seconds at Tue Mar 05 14:59:28 UTC 2019
443 ms. Memory: 287232K Free: 161557K (56%)
ptolemy.util.test.WatchDog.cancel(): canceling Tue Mar 05 14:59:28 UTC 2019
------------------ testing $PTII/ptolemy/domains/de/test/auto/TimeDelayZeroDelay.xml
auto.tcl: Setting watchdog for 200 seconds at Tue Mar 05 14:59:28 UTC 2019
2 ms. Memory: 287744K Free: 275545K (96%)
ptolemy.util.test.WatchDog.cancel(): canceling Tue Mar 05 14:59:29 UTC 2019
auto.tcl: Setting watchdog for 200 seconds at Tue Mar 05 14:59:29 UTC 2019
2 ms. Memory: 287744K Free: 275545K (96%)
ptolemy.util.test.WatchDog.cancel(): canceling Tue Mar 05 14:59:29 UTC 2019
------------------ testing $PTII/ptolemy/domains/de/test/auto/TimerZeroDelay.xml
auto.tcl: Setting watchdog for 200 seconds at Tue Mar 05 14:59:29 UTC 2019
2 ms. Memory: 287232K Free: 275162K (96%)
ptolemy.util.test.WatchDog.cancel(): canceling Tue Mar 05 14:59:29 UTC 2019
auto.tcl: Setting watchdog for 200 seconds at Tue Mar 05 14:59:29 UTC 2019
2 ms. Memory: 287232K Free: 275162K (96%)
ptolemy.util.test.WatchDog.cancel(): canceling Tue Mar 05 14:59:29 UTC 2019
------------------ testing $PTII/ptolemy/domains/de/test/auto/TimingParadox.xml
auto.tcl: Setting watchdog for 200 seconds at Tue Mar 05 14:59:29 UTC 2019
336 ms. Memory: 287744K Free: 209677K (73%)
ptolemy.util.test.WatchDog.cancel(): canceling Tue Mar 05 14:59:29 UTC 2019
auto.tcl: Setting watchdog for 200 seconds at Tue Mar 05 14:59:29 UTC 2019
335 ms. Memory: 287744K Free: 173681K (60%)
ptolemy.util.test.WatchDog.cancel(): canceling Tue Mar 05 14:59:29 UTC 2019
------------------ testing $PTII/ptolemy/domains/de/test/auto/TransferInputs.xml
auto.tcl: Setting watchdog for 200 seconds at Tue Mar 05 14:59:29 UTC 2019
2 ms. Memory: 287744K Free: 274603K (95%)
ptolemy.util.test.WatchDog.cancel(): canceling Tue Mar 05 14:59:30 UTC 2019
auto.tcl: Setting watchdog for 200 seconds at Tue Mar 05 14:59:30 UTC 2019
2 ms. Memory: 287744K Free: 274603K (95%)
ptolemy.util.test.WatchDog.cancel(): canceling Tue Mar 05 14:59:30 UTC 2019
------------------ testing $PTII/ptolemy/domains/de/test/auto/TransferOutputs2.xml
auto.tcl: Setting watchdog for 200 seconds at Tue Mar 05 14:59:30 UTC 2019
3 ms. Memory: 287232K Free: 270547K (94%)
ptolemy.util.test.WatchDog.cancel(): canceling Tue Mar 05 14:59:30 UTC 2019
auto.tcl: Setting watchdog for 200 seconds at Tue Mar 05 14:59:30 UTC 2019
3 ms. Memory: 287232K Free: 267943K (93%)
ptolemy.util.test.WatchDog.cancel(): canceling Tue Mar 05 14:59:30 UTC 2019
------------------ testing $PTII/ptolemy/domains/de/test/auto/Trilateration.xml
auto.tcl: Setting watchdog for 200 seconds at Tue Mar 05 14:59:30 UTC 2019
14257 ms. Memory: 473088K Free: 229363K (48%)
ptolemy.util.test.WatchDog.cancel(): canceling Tue Mar 05 14:59:45 UTC 2019
auto.tcl: Setting watchdog for 200 seconds at Tue Mar 05 14:59:45 UTC 2019
11246 ms. Memory: 352256K Free: 119178K (34%)
ptolemy.util.test.WatchDog.cancel(): canceling Tue Mar 05 14:59:56 UTC 2019
------------------ testing $PTII/ptolemy/domains/de/test/auto/TwoSigmaDelta.xml
auto.tcl: Setting watchdog for 200 seconds at Tue Mar 05 14:59:56 UTC 2019
2648 ms. Memory: 339968K Free: 317541K (93%)
ptolemy.util.test.WatchDog.cancel(): canceling Tue Mar 05 14:59:59 UTC 2019
auto.tcl: Setting watchdog for 200 seconds at Tue Mar 05 14:59:59 UTC 2019
1943 ms. Memory: 339968K Free: 89106K (26%)
ptolemy.util.test.WatchDog.cancel(): canceling Tue Mar 05 15:00:01 UTC 2019
------------------ testing $PTII/ptolemy/domains/de/test/auto/VariableDelay.xml
auto.tcl: Setting watchdog for 200 seconds at Tue Mar 05 15:00:01 UTC 2019
2 ms. Memory: 337408K Free: 325564K (96%)
ptolemy.util.test.WatchDog.cancel(): canceling Tue Mar 05 15:00:01 UTC 2019
auto.tcl: Setting watchdog for 200 seconds at Tue Mar 05 15:00:01 UTC 2019
2 ms. Memory: 337408K Free: 321601K (95%)
ptolemy.util.test.WatchDog.cancel(): canceling Tue Mar 05 15:00:01 UTC 2019
------------------ testing $PTII/ptolemy/domains/de/test/auto/VariableDelay2.xml
auto.tcl: Setting watchdog for 200 seconds at Tue Mar 05 15:00:01 UTC 2019
2 ms. Memory: 339456K Free: 328024K (97%)
ptolemy.util.test.WatchDog.cancel(): canceling Tue Mar 05 15:00:01 UTC 2019
auto.tcl: Setting watchdog for 200 seconds at Tue Mar 05 15:00:01 UTC 2019
2 ms. Memory: 339456K Free: 324069K (95%)
ptolemy.util.test.WatchDog.cancel(): canceling Tue Mar 05 15:00:01 UTC 2019
------------------ testing $PTII/ptolemy/domains/de/test/auto/VariableDelayZeroDelay.xml
auto.tcl: Setting watchdog for 200 seconds at Tue Mar 05 15:00:01 UTC 2019
3 ms. Memory: 337408K Free: 323415K (96%)
ptolemy.util.test.WatchDog.cancel(): canceling Tue Mar 05 15:00:01 UTC 2019
auto.tcl: Setting watchdog for 200 seconds at Tue Mar 05 15:00:01 UTC 2019
2 ms. Memory: 337408K Free: 323415K (96%)
ptolemy.util.test.WatchDog.cancel(): canceling Tue Mar 05 15:00:01 UTC 2019
------------------ testing $PTII/ptolemy/domains/de/test/auto/VariableDelayZeroDelay2.xml
auto.tcl: Setting watchdog for 200 seconds at Tue Mar 05 15:00:01 UTC 2019
1 ms. Memory: 339456K Free: 325461K (96%)
ptolemy.util.test.WatchDog.cancel(): canceling Tue Mar 05 15:00:01 UTC 2019
auto.tcl: Setting watchdog for 200 seconds at Tue Mar 05 15:00:01 UTC 2019
1 ms. Memory: 339456K Free: 321498K (95%)
ptolemy.util.test.WatchDog.cancel(): canceling Tue Mar 05 15:00:01 UTC 2019
------------------ testing $PTII/ptolemy/domains/de/test/auto/deInCt.xml
auto.tcl: Setting watchdog for 200 seconds at Tue Mar 05 15:00:01 UTC 2019
0
1
1
1
0
0
0
0
0
0
1
1
1
0
0
0
1
1
1
0
0
0
0
1
1
1
0
0
0
1
1
1
1
0
0
0
1
1
1
1
18 ms. Memory: 337408K Free: 323410K (96%)
ptolemy.util.test.WatchDog.cancel(): canceling Tue Mar 05 15:00:01 UTC 2019
auto.tcl: Setting watchdog for 200 seconds at Tue Mar 05 15:00:01 UTC 2019
0
1
1
0
0
0
1
1
1
0
0
0
1
1
1
0
0
0
1
1
1
0
0
1
1
0
0
0
1
1
1
0
0
0
0
1
1
1
0
0
0
1
1
1
1
1
0
0
0
0
8 ms. Memory: 337408K Free: 319455K (95%)
ptolemy.util.test.WatchDog.cancel(): canceling Tue Mar 05 15:00:01 UTC 2019
------------------ testing $PTII/ptolemy/domains/de/test/auto/deInCt2.xml
auto.tcl: Setting watchdog for 200 seconds at Tue Mar 05 15:00:01 UTC 2019
0
1
1
1
0
0
1
1
1
0
0
1
1
1
0
0
1
1
1
0
0
1
1
1
0
0
1
1
1
0
0
1
1
1
0
0
1
1
1
0
0
0
14 ms. Memory: 338944K Free: 324940K (96%)
ptolemy.util.test.WatchDog.cancel(): canceling Tue Mar 05 15:00:01 UTC 2019
auto.tcl: Setting watchdog for 200 seconds at Tue Mar 05 15:00:01 UTC 2019
0
1
1
1
0
0
1
1
1
0
0
1
1
1
0
0
1
1
1
0
0
1
1
1
0
0
1
1
1
0
0
1
1
1
0
0
1
1
1
0
0
0
10 ms. Memory: 338944K Free: 320992K (95%)
ptolemy.util.test.WatchDog.cancel(): canceling Tue Mar 05 15:00:01 UTC 2019
------------------ testing $PTII/ptolemy/domains/de/test/auto/dynamicCausalityInterface1.xml
auto.tcl: Setting watchdog for 200 seconds at Tue Mar 05 15:00:01 UTC 2019
1 ms. Memory: 337408K Free: 315479K (94%)
ptolemy.util.test.WatchDog.cancel(): canceling Tue Mar 05 15:00:01 UTC 2019
auto.tcl: Setting watchdog for 200 seconds at Tue Mar 05 15:00:01 UTC 2019
1 ms. Memory: 337408K Free: 315479K (94%)
ptolemy.util.test.WatchDog.cancel(): canceling Tue Mar 05 15:00:01 UTC 2019
------------------ testing $PTII/ptolemy/domains/de/test/auto/fsm_de_test.xml
auto.tcl: Setting watchdog for 200 seconds at Tue Mar 05 15:00:01 UTC 2019
8 ms. Memory: 338944K Free: 320888K (95%)
ptolemy.util.test.WatchDog.cancel(): canceling Tue Mar 05 15:00:01 UTC 2019
auto.tcl: Setting watchdog for 200 seconds at Tue Mar 05 15:00:01 UTC 2019
9 ms. Memory: 338944K Free: 316941K (94%)
ptolemy.util.test.WatchDog.cancel(): canceling Tue Mar 05 15:00:01 UTC 2019
------------------ testing $PTII/ptolemy/domains/de/test/auto/functionDependencyReconstruction.xml
auto.tcl: Setting watchdog for 200 seconds at Tue Mar 05 15:00:02 UTC 2019
2 ms. Memory: 337408K Free: 311417K (92%)
ptolemy.util.test.WatchDog.cancel(): canceling Tue Mar 05 15:00:02 UTC 2019
auto.tcl: Setting watchdog for 200 seconds at Tue Mar 05 15:00:02 UTC 2019
2 ms. Memory: 337408K Free: 307454K (91%)
ptolemy.util.test.WatchDog.cancel(): canceling Tue Mar 05 15:00:02 UTC 2019
------------------ testing $PTII/ptolemy/domains/de/test/auto/multirate.xml
auto.tcl: Setting watchdog for 200 seconds at Tue Mar 05 15:00:02 UTC 2019
4 ms. Memory: 338432K Free: 320227K (95%)
ptolemy.util.test.WatchDog.cancel(): canceling Tue Mar 05 15:00:02 UTC 2019
auto.tcl: Setting watchdog for 200 seconds at Tue Mar 05 15:00:02 UTC 2019
3 ms. Memory: 338432K Free: 320227K (95%)
ptolemy.util.test.WatchDog.cancel(): canceling Tue Mar 05 15:00:02 UTC 2019
------------------ testing $PTII/ptolemy/domains/de/test/auto/multirate2.xml
auto.tcl: Setting watchdog for 200 seconds at Tue Mar 05 15:00:02 UTC 2019
2 ms. Memory: 337408K Free: 319401K (95%)
ptolemy.util.test.WatchDog.cancel(): canceling Tue Mar 05 15:00:02 UTC 2019
auto.tcl: Setting watchdog for 200 seconds at Tue Mar 05 15:00:02 UTC 2019
2 ms. Memory: 337408K Free: 319401K (95%)
ptolemy.util.test.WatchDog.cancel(): canceling Tue Mar 05 15:00:02 UTC 2019
------------------ testing $PTII/ptolemy/domains/de/test/auto/realtime.xml
auto.tcl: Setting watchdog for 200 seconds at Tue Mar 05 15:00:02 UTC 2019
10001 ms. Memory: 338432K Free: 324371K (96%)
ptolemy.util.test.WatchDog.cancel(): canceling Tue Mar 05 15:00:12 UTC 2019
auto.tcl: Setting watchdog for 200 seconds at Tue Mar 05 15:00:12 UTC 2019
10002 ms. Memory: 338432K Free: 320407K (95%)
ptolemy.util.test.WatchDog.cancel(): canceling Tue Mar 05 15:00:22 UTC 2019
------------------ testing $PTII/ptolemy/domains/de/test/auto/relationGroup.xml
auto.tcl: Setting watchdog for 200 seconds at Tue Mar 05 15:00:22 UTC 2019
2 ms. Memory: 337408K Free: 325938K (97%)
ptolemy.util.test.WatchDog.cancel(): canceling Tue Mar 05 15:00:22 UTC 2019
auto.tcl: Setting watchdog for 200 seconds at Tue Mar 05 15:00:22 UTC 2019
1 ms. Memory: 337408K Free: 325938K (97%)
ptolemy.util.test.WatchDog.cancel(): canceling Tue Mar 05 15:00:22 UTC 2019
------------------ testing $PTII/ptolemy/domains/de/test/auto/relationGroup2.xml
auto.tcl: Setting watchdog for 200 seconds at Tue Mar 05 15:00:22 UTC 2019
1 ms. Memory: 338432K Free: 324428K (96%)
ptolemy.util.test.WatchDog.cancel(): canceling Tue Mar 05 15:00:22 UTC 2019
auto.tcl: Setting watchdog for 200 seconds at Tue Mar 05 15:00:22 UTC 2019
2 ms. Memory: 338432K Free: 324428K (96%)
ptolemy.util.test.WatchDog.cancel(): canceling Tue Mar 05 15:00:22 UTC 2019
------------------ testing $PTII/ptolemy/domains/de/test/auto/sortWithOpaquePorts.xml
auto.tcl: Setting watchdog for 200 seconds at Tue Mar 05 15:00:22 UTC 2019
2 ms. Memory: 337408K Free: 323405K (96%)
ptolemy.util.test.WatchDog.cancel(): canceling Tue Mar 05 15:00:22 UTC 2019
auto.tcl: Setting watchdog for 200 seconds at Tue Mar 05 15:00:22 UTC 2019
1 ms. Memory: 337408K Free: 319442K (95%)
ptolemy.util.test.WatchDog.cancel(): canceling Tue Mar 05 15:00:22 UTC 2019
------------------ testing $PTII/ptolemy/domains/de/test/auto/transferInputsandOutputs.xml
auto.tcl: Setting watchdog for 200 seconds at Tue Mar 05 15:00:22 UTC 2019
2 ms. Memory: 337920K Free: 319941K (95%)
ptolemy.util.test.WatchDog.cancel(): canceling Tue Mar 05 15:00:22 UTC 2019
auto.tcl: Setting watchdog for 200 seconds at Tue Mar 05 15:00:22 UTC 2019
2 ms. Memory: 337920K Free: 319941K (95%)
ptolemy.util.test.WatchDog.cancel(): canceling Tue Mar 05 15:00:22 UTC 2019
------------------ testing $PTII/ptolemy/domains/de/test/auto/triggerType.xml
auto.tcl: Setting watchdog for 200 seconds at Tue Mar 05 15:00:22 UTC 2019
1 ms. Memory: 337408K Free: 323342K (96%)
ptolemy.util.test.WatchDog.cancel(): canceling Tue Mar 05 15:00:22 UTC 2019
auto.tcl: Setting watchdog for 200 seconds at Tue Mar 05 15:00:22 UTC 2019
1 ms. Memory: 337408K Free: 319379K (95%)
ptolemy.util.test.WatchDog.cancel(): canceling Tue Mar 05 15:00:22 UTC 2019
03/05/19 03:00:22
Failed: 0  Total Tests: 192  ((Passed: 187, Newly Passed: 1)  Known Failed: 5) /home/travis/build/icyphy/ptII/ptolemy/domains/de/test
03/05/19 03:00:22
Failed: 0  Total Tests: 192  ((Passed: 187, Newly Passed: 1)  Known Failed: 5) /home/travis/build/icyphy/ptII/ptolemy/domains/de/test
----------------- testing (KnownFailure) /home/travis/build/icyphy/ptII/ptolemy/domains/de/test/auto/knownFailedTests/DESDFClockTest.xml
2008 ms. Memory: 337920K Free: 313645K (93%)
Known Failure: java.lang.reflect.InvocationTargetException
----------------- testing (KnownFailure) /home/travis/build/icyphy/ptII/ptolemy/domains/de/test/auto/knownFailedTests/DirectFeedback.xml
2 ms. Memory: 337920K Free: 293165K (87%)
Known Failure: java.lang.reflect.InvocationTargetException
----------------- testing (KnownFailure) /home/travis/build/icyphy/ptII/ptolemy/domains/de/test/auto/knownFailedTests/FSMSource.xml
7 ms. Memory: 337920K Free: 272685K (81%)
----------------- testing (KnownFailure) /home/travis/build/icyphy/ptII/ptolemy/domains/de/test/auto/knownFailedTests/HierarchicalModel.xml
3 ms. Memory: 337920K Free: 247068K (73%)
Known Failure: java.lang.reflect.InvocationTargetException
----------------- testing (KnownFailure) /home/travis/build/icyphy/ptII/ptolemy/domains/de/test/auto/knownFailedTests/dependencyLoop.xml
2 ms. Memory: 337920K Free: 216332K (64%)
Known Failure: java.lang.reflect.InvocationTargetException
----------------- testing (KnownFailure) /home/travis/build/icyphy/ptII/ptolemy/domains/de/test/auto/knownFailedTests/dependencyLoop2.xml
7 ms. Memory: 337920K Free: 185604K (55%)
Known Failure: java.lang.reflect.InvocationTargetException
No auto/linux-amd64/*.xml tests in /home/travis/build/icyphy/ptII/ptolemy/domains/de/test
AutoTests.java: About to close Vertx.
AutoTests.java: Vertx closed.

===========================================================================================
----------------- testing Tue Mar 05 15:00:24 UTC 2019 /home/travis/build/icyphy/ptII/ptolemy/domains/de/test/auto/ActorDepthCalculation_actorWithoutPorts.xml
----------------- Instantiating /home/travis/build/icyphy/ptII/ptolemy/domains/de/test/auto/ActorDepthCalculation_actorWithoutPorts.xml
2 ms. Memory: 337920K Free: 160003K (47%)
----------------- Invoking toplevel() on ptolemy.moml.MoMLSimpleApplication@42b81952
----------------- Done invoking toplevel() on ptolemy.moml.MoMLSimpleApplication@42b81952
reloadAllAccessors: .ActorDepthCalculation_actorWithoutPorts

===========================================================================================
----------------- testing Tue Mar 05 15:00:24 UTC 2019 /home/travis/build/icyphy/ptII/ptolemy/domains/de/test/auto/AssemblyLine.xml
----------------- Instantiating /home/travis/build/icyphy/ptII/ptolemy/domains/de/test/auto/AssemblyLine.xml
2 ms. Memory: 337920K Free: 144635K (43%)
----------------- Invoking toplevel() on ptolemy.moml.MoMLSimpleApplication@601840d8
----------------- Done invoking toplevel() on ptolemy.moml.MoMLSimpleApplication@601840d8
reloadAllAccessors: .AssemblyLine

===========================================================================================
----------------- testing Tue Mar 05 15:00:24 UTC 2019 /home/travis/build/icyphy/ptII/ptolemy/domains/de/test/auto/CQBug1.xml
----------------- Instantiating /home/travis/build/icyphy/ptII/ptolemy/domains/de/test/auto/CQBug1.xml
1 ms. Memory: 337920K Free: 134395K (40%)
----------------- Invoking toplevel() on ptolemy.moml.MoMLSimpleApplication@1ec51631
----------------- Done invoking toplevel() on ptolemy.moml.MoMLSimpleApplication@1ec51631
reloadAllAccessors: .CQBug1

===========================================================================================
----------------- testing Tue Mar 05 15:00:24 UTC 2019 /home/travis/build/icyphy/ptII/ptolemy/domains/de/test/auto/CancelFireAt.xml
----------------- Instantiating /home/travis/build/icyphy/ptII/ptolemy/domains/de/test/auto/CancelFireAt.xml
3 ms. Memory: 337920K Free: 124155K (37%)
----------------- Invoking toplevel() on ptolemy.moml.MoMLSimpleApplication@71f2587
----------------- Done invoking toplevel() on ptolemy.moml.MoMLSimpleApplication@71f2587
reloadAllAccessors: .CancelFireAt

===========================================================================================
----------------- testing Tue Mar 05 15:00:24 UTC 2019 /home/travis/build/icyphy/ptII/ptolemy/domains/de/test/auto/CausalityAndComposabilityAnalysis.xml
----------------- Instantiating /home/travis/build/icyphy/ptII/ptolemy/domains/de/test/auto/CausalityAndComposabilityAnalysis.xml
1 ms. Memory: 337920K Free: 113915K (34%)
----------------- Invoking toplevel() on ptolemy.moml.MoMLSimpleApplication@5c3c83d4
----------------- Done invoking toplevel() on ptolemy.moml.MoMLSimpleApplication@5c3c83d4
reloadAllAccessors: .CausalityAndComposabilityAnalysis

===========================================================================================
----------------- testing Tue Mar 05 15:00:24 UTC 2019 /home/travis/build/icyphy/ptII/ptolemy/domains/de/test/auto/CausalityInterface1.xml
----------------- Instantiating /home/travis/build/icyphy/ptII/ptolemy/domains/de/test/auto/CausalityInterface1.xml
6 ms. Memory: 337920K Free: 103675K (31%)
----------------- Invoking toplevel() on ptolemy.moml.MoMLSimpleApplication@2bd22ab
----------------- Done invoking toplevel() on ptolemy.moml.MoMLSimpleApplication@2bd22ab
reloadAllAccessors: .CausalityInterface1

===========================================================================================
----------------- testing Tue Mar 05 15:00:24 UTC 2019 /home/travis/build/icyphy/ptII/ptolemy/domains/de/test/auto/CausalityInterface15.xml
----------------- Instantiating /home/travis/build/icyphy/ptII/ptolemy/domains/de/test/auto/CausalityInterface15.xml
2 ms. Memory: 337920K Free: 89488K (26%)
----------------- Invoking toplevel() on ptolemy.moml.MoMLSimpleApplication@4f911c65
----------------- Done invoking toplevel() on ptolemy.moml.MoMLSimpleApplication@4f911c65
reloadAllAccessors: .CausalityInterface15

[...]
java.lang.RuntimeException: Execution failed
	at ptolemy.moml.MoMLSimpleApplication$UnloadThread.run(MoMLSimpleApplication.java:402)
Caused by: ptolemy.kernel.util.IllegalActionException: Test fails in iteration 1.
Value was: 1.0. Should have been: 2.0
  in .DirectFeedback.Test
	at ptolemy.actor.lib.Test.fire(Test.java:268)
	at ptolemy.domains.de.kernel.DEDirector._fire(DEDirector.java:1949)
	at ptolemy.domains.de.kernel.DEDirector.fire(DEDirector.java:502)
	at ptolemy.actor.CompositeActor.fire(CompositeActor.java:455)
	at ptolemy.actor.Manager.iterate(Manager.java:851)
	at ptolemy.actor.Manager.execute(Manager.java:369)
	at ptolemy.actor.Manager.run(Manager.java:1263)
	at ptolemy.actor.Manager$PtolemyRunThread.run(Manager.java:1915)
java.lang.RuntimeException: Execution failed
	at ptolemy.moml.MoMLSimpleApplication$UnloadThread.run(MoMLSimpleApplication.java:402)
Caused by: ptolemy.kernel.util.IllegalActionException: Actor is not ready to fire.  Perhaps UpSample.prefire() returned false? Try debugging the actor by selecting "Listen to Actor".  Also, for SDF check moml for tokenConsumptionRate on input.
  in .DESDFClockTest.Play Bell.Copy1:SDF Director and .DESDFClockTest.Play Bell.UpSample
	at ptolemy.actor.sched.StaticSchedulingDirector.fire(StaticSchedulingDirector.java:227)
	at ptolemy.domains.sdf.kernel.SDFDirector.fire(SDFDirector.java:500)
	at ptolemy.actor.CompositeActor.fire(CompositeActor.java:455)
	at ptolemy.domains.de.kernel.DEDirector._fire(DEDirector.java:1949)
	at ptolemy.domains.de.kernel.DEDirector.fire(DEDirector.java:502)
	at ptolemy.actor.CompositeActor.fire(CompositeActor.java:455)
	at ptolemy.actor.Manager.iterate(Manager.java:851)
	at ptolemy.actor.Manager.execute(Manager.java:369)
	at ptolemy.actor.Manager.run(Manager.java:1263)
	at ptolemy.actor.Manager$PtolemyRunThread.run(Manager.java:1915)
java.lang.reflect.InvocationTargetException
	at sun.reflect.NativeConstructorAccessorImpl.newInstance0(Native Method)
	at sun.reflect.NativeConstructorAccessorImpl.newInstance(NativeConstructorAccessorImpl.java:62)
	at sun.reflect.DelegatingConstructorAccessorImpl.newInstance(DelegatingConstructorAccessorImpl.java:45)
	at java.lang.reflect.Constructor.newInstance(Constructor.java:423)
	at ptolemy.util.test.junit.AutoKnownFailedTests.RunModel(AutoKnownFailedTests.java:105)
	at sun.reflect.NativeMethodAccessorImpl.invoke0(Native Method)
	at sun.reflect.NativeMethodAccessorImpl.invoke(NativeMethodAccessorImpl.java:62)
	at sun.reflect.DelegatingMethodAccessorImpl.invoke(DelegatingMethodAccessorImpl.java:43)
	at java.lang.reflect.Method.invoke(Method.java:498)
	at org.junit.runners.model.FrameworkMethod$1.runReflectiveCall(FrameworkMethod.java:44)
	at org.junit.internal.runners.model.ReflectiveCallable.run(ReflectiveCallable.java:15)
	at org.junit.runners.model.FrameworkMethod.invokeExplosively(FrameworkMethod.java:41)
	at junitparams.internal.InvokeParameterisedMethod.evaluate(InvokeParameterisedMethod.java:102)
	at org.junit.internal.runners.statements.FailOnTimeout$1.run(FailOnTimeout.java:28)
Caused by: ptolemy.kernel.util.IllegalActionException: Actor is not ready to fire.  Perhaps UpSample.prefire() returned false? Try debugging the actor by selecting "Listen to Actor".  Also, for SDF check moml for tokenConsumptionRate on input.
  in .DESDFClockTest.Play Bell.Copy1:SDF Director and .DESDFClockTest.Play Bell.UpSample
	at ptolemy.actor.sched.StaticSchedulingDirector.fire(StaticSchedulingDirector.java:227)
	at ptolemy.domains.sdf.kernel.SDFDirector.fire(SDFDirector.java:500)
	at ptolemy.actor.CompositeActor.fire(CompositeActor.java:455)
	at ptolemy.domains.de.kernel.DEDirector._fire(DEDirector.java:1949)
	at ptolemy.domains.de.kernel.DEDirector.fire(DEDirector.java:502)
	at ptolemy.actor.CompositeActor.fire(CompositeActor.java:455)
	at ptolemy.actor.Manager.iterate(Manager.java:851)
	at ptolemy.actor.Manager.execute(Manager.java:369)
	at ptolemy.actor.Manager.run(Manager.java:1263)
	at ptolemy.actor.Manager$PtolemyRunThread.run(Manager.java:1915)
java.lang.RuntimeException: Execution failed
	at ptolemy.moml.MoMLSimpleApplication$UnloadThread.run(MoMLSimpleApplication.java:402)
Caused by: ptolemy.kernel.util.IllegalActionException: Test fails in iteration 1.
Value was: 1.0. Should have been: 2.0
  in .DirectFeedback.Test
	at ptolemy.actor.lib.Test.fire(Test.java:268)
	at ptolemy.domains.de.kernel.DEDirector._fire(DEDirector.java:1949)
	at ptolemy.domains.de.kernel.DEDirector.fire(DEDirector.java:502)
	at ptolemy.actor.CompositeActor.fire(CompositeActor.java:455)
	at ptolemy.actor.Manager.iterate(Manager.java:851)
	at ptolemy.actor.Manager.execute(Manager.java:369)
	at ptolemy.actor.Manager.run(Manager.java:1263)
	at ptolemy.actor.Manager$PtolemyRunThread.run(Manager.java:1915)
java.lang.reflect.InvocationTargetException
	at sun.reflect.NativeConstructorAccessorImpl.newInstance0(Native Method)
	at sun.reflect.NativeConstructorAccessorImpl.newInstance(NativeConstructorAccessorImpl.java:62)
	at sun.reflect.DelegatingConstructorAccessorImpl.newInstance(DelegatingConstructorAccessorImpl.java:45)
	at java.lang.reflect.Constructor.newInstance(Constructor.java:423)
	at ptolemy.util.test.junit.AutoKnownFailedTests.RunModel(AutoKnownFailedTests.java:105)
	at sun.reflect.NativeMethodAccessorImpl.invoke0(Native Method)
	at sun.reflect.NativeMethodAccessorImpl.invoke(NativeMethodAccessorImpl.java:62)
	at sun.reflect.DelegatingMethodAccessorImpl.invoke(DelegatingMethodAccessorImpl.java:43)
	at java.lang.reflect.Method.invoke(Method.java:498)
	at org.junit.runners.model.FrameworkMethod$1.runReflectiveCall(FrameworkMethod.java:44)
	at org.junit.internal.runners.model.ReflectiveCallable.run(ReflectiveCallable.java:15)
	at org.junit.runners.model.FrameworkMethod.invokeExplosively(FrameworkMethod.java:41)
	at junitparams.internal.InvokeParameterisedMethod.evaluate(InvokeParameterisedMethod.java:102)
	at org.junit.internal.runners.statements.FailOnTimeout$1.run(FailOnTimeout.java:28)
Caused by: ptolemy.kernel.util.IllegalActionException: Test fails in iteration 1.
Value was: 1.0. Should have been: 2.0
  in .DirectFeedback.Test
	at ptolemy.actor.lib.Test.fire(Test.java:268)
	at ptolemy.domains.de.kernel.DEDirector._fire(DEDirector.java:1949)
	at ptolemy.domains.de.kernel.DEDirector.fire(DEDirector.java:502)
	at ptolemy.actor.CompositeActor.fire(CompositeActor.java:455)
	at ptolemy.actor.Manager.iterate(Manager.java:851)
	at ptolemy.actor.Manager.execute(Manager.java:369)
	at ptolemy.actor.Manager.run(Manager.java:1263)
	at ptolemy.actor.Manager$PtolemyRunThread.run(Manager.java:1915)
java.lang.RuntimeException: Execution failed
	at ptolemy.moml.MoMLSimpleApplication$UnloadThread.run(MoMLSimpleApplication.java:402)
Caused by: ptolemy.kernel.util.IllegalActionException: Found a zero delay loop containing .HierarchicalModel.A
  in .HierarchicalModel and .HierarchicalModel.A
	at ptolemy.actor.util.CausalityInterfaceForComposites._computeOutputPortDepth(CausalityInterfaceForComposites.java:759)
	at ptolemy.actor.util.CausalityInterfaceForComposites._computeInputDepth(CausalityInterfaceForComposites.java:696)
	at ptolemy.actor.util.CausalityInterfaceForComposites._computeOutputPortDepth(CausalityInterfaceForComposites.java:765)
	at ptolemy.actor.util.CausalityInterfaceForComposites._computeInputDepth(CausalityInterfaceForComposites.java:696)
	at ptolemy.actor.util.CausalityInterfaceForComposites._computeOutputPortDepth(CausalityInterfaceForComposites.java:765)
	at ptolemy.actor.util.CausalityInterfaceForComposites._computeInputDepth(CausalityInterfaceForComposites.java:696)
	at ptolemy.actor.util.CausalityInterfaceForComposites._computeActorDepth(CausalityInterfaceForComposites.java:532)
	at ptolemy.actor.util.CausalityInterfaceForComposites.checkForCycles(CausalityInterfaceForComposites.java:96)
	at ptolemy.domains.de.kernel.DEDirector.preinitialize(DEDirector.java:1338)
	at ptolemy.actor.CompositeActor.preinitialize(CompositeActor.java:1828)
	at ptolemy.actor.Manager.preinitializeAndResolveTypes(Manager.java:1040)
	at ptolemy.actor.Manager.initialize(Manager.java:710)
	at ptolemy.actor.Manager.execute(Manager.java:356)
	at ptolemy.actor.Manager.run(Manager.java:1263)
	at ptolemy.actor.Manager$PtolemyRunThread.run(Manager.java:1915)
java.lang.reflect.InvocationTargetException
	at sun.reflect.NativeConstructorAccessorImpl.newInstance0(Native Method)
	at sun.reflect.NativeConstructorAccessorImpl.newInstance(NativeConstructorAccessorImpl.java:62)
	at sun.reflect.DelegatingConstructorAccessorImpl.newInstance(DelegatingConstructorAccessorImpl.java:45)
	at java.lang.reflect.Constructor.newInstance(Constructor.java:423)
	at ptolemy.util.test.junit.AutoKnownFailedTests.RunModel(AutoKnownFailedTests.java:105)
	at sun.reflect.NativeMethodAccessorImpl.invoke0(Native Method)
	at sun.reflect.NativeMethodAccessorImpl.invoke(NativeMethodAccessorImpl.java:62)
	at sun.reflect.DelegatingMethodAccessorImpl.invoke(DelegatingMethodAccessorImpl.java:43)
	at java.lang.reflect.Method.invoke(Method.java:498)
	at org.junit.runners.model.FrameworkMethod$1.runReflectiveCall(FrameworkMethod.java:44)
	at org.junit.internal.runners.model.ReflectiveCallable.run(ReflectiveCallable.java:15)
	at org.junit.runners.model.FrameworkMethod.invokeExplosively(FrameworkMethod.java:41)
	at junitparams.internal.InvokeParameterisedMethod.evaluate(InvokeParameterisedMethod.java:102)
	at org.junit.internal.runners.statements.FailOnTimeout$1.run(FailOnTimeout.java:28)
Caused by: ptolemy.kernel.util.IllegalActionException: Found a zero delay loop containing .HierarchicalModel.A
  in .HierarchicalModel and .HierarchicalModel.A
	at ptolemy.actor.util.CausalityInterfaceForComposites._computeOutputPortDepth(CausalityInterfaceForComposites.java:759)
	at ptolemy.actor.util.CausalityInterfaceForComposites._computeInputDepth(CausalityInterfaceForComposites.java:696)
	at ptolemy.actor.util.CausalityInterfaceForComposites._computeOutputPortDepth(CausalityInterfaceForComposites.java:765)
	at ptolemy.actor.util.CausalityInterfaceForComposites._computeInputDepth(CausalityInterfaceForComposites.java:696)
	at ptolemy.actor.util.CausalityInterfaceForComposites._computeOutputPortDepth(CausalityInterfaceForComposites.java:765)
	at ptolemy.actor.util.CausalityInterfaceForComposites._computeInputDepth(CausalityInterfaceForComposites.java:696)
	at ptolemy.actor.util.CausalityInterfaceForComposites._computeActorDepth(CausalityInterfaceForComposites.java:532)
	at ptolemy.actor.util.CausalityInterfaceForComposites.checkForCycles(CausalityInterfaceForComposites.java:96)
	at ptolemy.domains.de.kernel.DEDirector.preinitialize(DEDirector.java:1338)
	at ptolemy.actor.CompositeActor.preinitialize(CompositeActor.java:1828)
	at ptolemy.actor.Manager.preinitializeAndResolveTypes(Manager.java:1040)
	at ptolemy.actor.Manager.initialize(Manager.java:710)
	at ptolemy.actor.Manager.execute(Manager.java:356)
	at ptolemy.actor.Manager.run(Manager.java:1263)
	at ptolemy.actor.Manager$PtolemyRunThread.run(Manager.java:1915)
java.lang.RuntimeException: Execution failed
	at ptolemy.moml.MoMLSimpleApplication$UnloadThread.run(MoMLSimpleApplication.java:402)
Caused by: ptolemy.kernel.util.IllegalActionException: Found a zero delay loop containing .dependencyLoop.original
  in .dependencyLoop and .dependencyLoop.original
	at ptolemy.actor.util.CausalityInterfaceForComposites._computeOutputPortDepth(CausalityInterfaceForComposites.java:759)
	at ptolemy.actor.util.CausalityInterfaceForComposites._computeInputDepth(CausalityInterfaceForComposites.java:696)
	at ptolemy.actor.util.CausalityInterfaceForComposites._computeOutputPortDepth(CausalityInterfaceForComposites.java:765)
	at ptolemy.actor.util.CausalityInterfaceForComposites._computeInputDepth(CausalityInterfaceForComposites.java:696)
	at ptolemy.actor.util.CausalityInterfaceForComposites._computeOutputPortDepth(CausalityInterfaceForComposites.java:765)
	at ptolemy.actor.util.CausalityInterfaceForComposites._computeInputDepth(CausalityInterfaceForComposites.java:696)
	at ptolemy.actor.util.CausalityInterfaceForComposites._computeActorDepth(CausalityInterfaceForComposites.java:532)
	at ptolemy.actor.util.CausalityInterfaceForComposites.checkForCycles(CausalityInterfaceForComposites.java:96)
	at ptolemy.domains.de.kernel.DEDirector.preinitialize(DEDirector.java:1338)
	at ptolemy.actor.CompositeActor.preinitialize(CompositeActor.java:1828)
	at ptolemy.actor.Manager.preinitializeAndResolveTypes(Manager.java:1040)
	at ptolemy.actor.Manager.initialize(Manager.java:710)
	at ptolemy.actor.Manager.execute(Manager.java:356)
	at ptolemy.actor.Manager.run(Manager.java:1263)
	at ptolemy.actor.Manager$PtolemyRunThread.run(Manager.java:1915)
java.lang.reflect.InvocationTargetException
	at sun.reflect.NativeConstructorAccessorImpl.newInstance0(Native Method)
	at sun.reflect.NativeConstructorAccessorImpl.newInstance(NativeConstructorAccessorImpl.java:62)
	at sun.reflect.DelegatingConstructorAccessorImpl.newInstance(DelegatingConstructorAccessorImpl.java:45)
	at java.lang.reflect.Constructor.newInstance(Constructor.java:423)
	at ptolemy.util.test.junit.AutoKnownFailedTests.RunModel(AutoKnownFailedTests.java:105)
	at sun.reflect.NativeMethodAccessorImpl.invoke0(Native Method)
	at sun.reflect.NativeMethodAccessorImpl.invoke(NativeMethodAccessorImpl.java:62)
	at sun.reflect.DelegatingMethodAccessorImpl.invoke(DelegatingMethodAccessorImpl.java:43)
	at java.lang.reflect.Method.invoke(Method.java:498)
	at org.junit.runners.model.FrameworkMethod$1.runReflectiveCall(FrameworkMethod.java:44)
	at org.junit.internal.runners.model.ReflectiveCallable.run(ReflectiveCallable.java:15)
	at org.junit.runners.model.FrameworkMethod.invokeExplosively(FrameworkMethod.java:41)
	at junitparams.internal.InvokeParameterisedMethod.evaluate(InvokeParameterisedMethod.java:102)
	at org.junit.internal.runners.statements.FailOnTimeout$1.run(FailOnTimeout.java:28)
Caused by: ptolemy.kernel.util.IllegalActionException: Found a zero delay loop containing .dependencyLoop.original
  in .dependencyLoop and .dependencyLoop.original
	at ptolemy.actor.util.CausalityInterfaceForComposites._computeOutputPortDepth(CausalityInterfaceForComposites.java:759)
	at ptolemy.actor.util.CausalityInterfaceForComposites._computeInputDepth(CausalityInterfaceForComposites.java:696)
	at ptolemy.actor.util.CausalityInterfaceForComposites._computeOutputPortDepth(CausalityInterfaceForComposites.java:765)
	at ptolemy.actor.util.CausalityInterfaceForComposites._computeInputDepth(CausalityInterfaceForComposites.java:696)
	at ptolemy.actor.util.CausalityInterfaceForComposites._computeOutputPortDepth(CausalityInterfaceForComposites.java:765)
	at ptolemy.actor.util.CausalityInterfaceForComposites._computeInputDepth(CausalityInterfaceForComposites.java:696)
	at ptolemy.actor.util.CausalityInterfaceForComposites._computeActorDepth(CausalityInterfaceForComposites.java:532)
	at ptolemy.actor.util.CausalityInterfaceForComposites.checkForCycles(CausalityInterfaceForComposites.java:96)
	at ptolemy.domains.de.kernel.DEDirector.preinitialize(DEDirector.java:1338)
	at ptolemy.actor.CompositeActor.preinitialize(CompositeActor.java:1828)
	at ptolemy.actor.Manager.preinitializeAndResolveTypes(Manager.java:1040)
	at ptolemy.actor.Manager.initialize(Manager.java:710)
	at ptolemy.actor.Manager.execute(Manager.java:356)
	at ptolemy.actor.Manager.run(Manager.java:1263)
	at ptolemy.actor.Manager$PtolemyRunThread.run(Manager.java:1915)
java.lang.RuntimeException: Execution failed
	at ptolemy.moml.MoMLSimpleApplication$UnloadThread.run(MoMLSimpleApplication.java:402)
Caused by: ptolemy.kernel.util.IllegalActionException: Found a zero delay loop containing .dependencyLoop2.original
  in .dependencyLoop2 and .dependencyLoop2.original
	at ptolemy.actor.util.CausalityInterfaceForComposites._computeOutputPortDepth(CausalityInterfaceForComposites.java:759)
	at ptolemy.actor.util.CausalityInterfaceForComposites._computeInputDepth(CausalityInterfaceForComposites.java:696)
	at ptolemy.actor.util.CausalityInterfaceForComposites._computeOutputPortDepth(CausalityInterfaceForComposites.java:765)
	at ptolemy.actor.util.CausalityInterfaceForComposites._computeInputDepth(CausalityInterfaceForComposites.java:696)
	at ptolemy.actor.util.CausalityInterfaceForComposites._computeOutputPortDepth(CausalityInterfaceForComposites.java:765)
	at ptolemy.actor.util.CausalityInterfaceForComposites._computeInputDepth(CausalityInterfaceForComposites.java:696)
	at ptolemy.actor.util.CausalityInterfaceForComposites._computeActorDepth(CausalityInterfaceForComposites.java:532)
	at ptolemy.actor.util.CausalityInterfaceForComposites.checkForCycles(CausalityInterfaceForComposites.java:96)
	at ptolemy.domains.de.kernel.DEDirector.preinitialize(DEDirector.java:1338)
	at ptolemy.actor.CompositeActor.preinitialize(CompositeActor.java:1828)
	at ptolemy.actor.Manager.preinitializeAndResolveTypes(Manager.java:1040)
	at ptolemy.actor.Manager.initialize(Manager.java:710)
	at ptolemy.actor.Manager.execute(Manager.java:356)
	at ptolemy.actor.Manager.run(Manager.java:1263)
	at ptolemy.actor.Manager$PtolemyRunThread.run(Manager.java:1915)
java.lang.reflect.InvocationTargetException
	at sun.reflect.NativeConstructorAccessorImpl.newInstance0(Native Method)
	at sun.reflect.NativeConstructorAccessorImpl.newInstance(NativeConstructorAccessorImpl.java:62)
	at sun.reflect.DelegatingConstructorAccessorImpl.newInstance(DelegatingConstructorAccessorImpl.java:45)
	at java.lang.reflect.Constructor.newInstance(Constructor.java:423)
	at ptolemy.util.test.junit.AutoKnownFailedTests.RunModel(AutoKnownFailedTests.java:105)
	at sun.reflect.NativeMethodAccessorImpl.invoke0(Native Method)
	at sun.reflect.NativeMethodAccessorImpl.invoke(NativeMethodAccessorImpl.java:62)
	at sun.reflect.DelegatingMethodAccessorImpl.invoke(DelegatingMethodAccessorImpl.java:43)
	at java.lang.reflect.Method.invoke(Method.java:498)
	at org.junit.runners.model.FrameworkMethod$1.runReflectiveCall(FrameworkMethod.java:44)
	at org.junit.internal.runners.model.ReflectiveCallable.run(ReflectiveCallable.java:15)
	at org.junit.runners.model.FrameworkMethod.invokeExplosively(FrameworkMethod.java:41)
	at junitparams.internal.InvokeParameterisedMethod.evaluate(InvokeParameterisedMethod.java:102)
	at org.junit.internal.runners.statements.FailOnTimeout$1.run(FailOnTimeout.java:28)
Caused by: ptolemy.kernel.util.IllegalActionException: Found a zero delay loop containing .dependencyLoop2.original
  in .dependencyLoop2 and .dependencyLoop2.original
	at ptolemy.actor.util.CausalityInterfaceForComposites._computeOutputPortDepth(CausalityInterfaceForComposites.java:759)
	at ptolemy.actor.util.CausalityInterfaceForComposites._computeInputDepth(CausalityInterfaceForComposites.java:696)
	at ptolemy.actor.util.CausalityInterfaceForComposites._computeOutputPortDepth(CausalityInterfaceForComposites.java:765)
	at ptolemy.actor.util.CausalityInterfaceForComposites._computeInputDepth(CausalityInterfaceForComposites.java:696)
	at ptolemy.actor.util.CausalityInterfaceForComposites._computeOutputPortDepth(CausalityInterfaceForComposites.java:765)
	at ptolemy.actor.util.CausalityInterfaceForComposites._computeInputDepth(CausalityInterfaceForComposites.java:696)
	at ptolemy.actor.util.CausalityInterfaceForComposites._computeActorDepth(CausalityInterfaceForComposites.java:532)
	at ptolemy.actor.util.CausalityInterfaceForComposites.checkForCycles(CausalityInterfaceForComposites.java:96)
	at ptolemy.domains.de.kernel.DEDirector.preinitialize(DEDirector.java:1338)
	at ptolemy.actor.CompositeActor.preinitialize(CompositeActor.java:1828)
	at ptolemy.actor.Manager.preinitializeAndResolveTypes(Manager.java:1040)
	at ptolemy.actor.Manager.initialize(Manager.java:710)
	at ptolemy.actor.Manager.execute(Manager.java:356)
	at ptolemy.actor.Manager.run(Manager.java:1263)
	at ptolemy.actor.Manager$PtolemyRunThread.run(Manager.java:1915)
]]></system-err>
</testsuite>
