<?xml version="1.0" encoding="UTF-8" ?>
<testsuite errors="0" failures="0" hostname="travis-job-c26b3249-c6f5-402f-a7a5-cd6a555b255d" name="ptolemy.actor.lib.hoc.test.junit.JUnitTclTest" skipped="0" tests="58" time="24.262" timestamp="2018-09-22T02:09:02">
  <properties>
[...]
</properties>
  <testcase classname="ptolemy.util.test.junit.TclTests" name="[0] /home/travis/build/icyphy/ptII/ptolemy/actor/lib/hoc/test/IterateOverArray.tcl (RunTclFile)" time="0.268" />
  <testcase classname="ptolemy.util.test.junit.AutoKnownFailedTests" name="[0] /home/travis/build/icyphy/ptII/ptolemy/actor/lib/hoc/test/auto/knownFailedTests/PreinitializeMustBeInvokedRunComposite.xml (RunModel)" time="0.241" />
  <testcase classname="ptolemy.util.test.junit.AutoNameArchTests" name="[0] ThereAreNoAutoArchTests (RunModel)" time="0.001" />
  <testcase classname="ptolemy.util.test.junit.AutoTests" name="[0] /home/travis/build/icyphy/ptII/ptolemy/actor/lib/hoc/test/auto/AllToAllMultiInstanceComposite.xml (RunModel)" time="0.277" />
  <testcase classname="ptolemy.util.test.junit.AutoTests" name="[1] /home/travis/build/icyphy/ptII/ptolemy/actor/lib/hoc/test/auto/ApplyFFTTest.xml (RunModel)" time="0.294" />
  <testcase classname="ptolemy.util.test.junit.AutoTests" name="[2] /home/travis/build/icyphy/ptII/ptolemy/actor/lib/hoc/test/auto/ApplyFunction.xml (RunModel)" time="0.024" />
  <testcase classname="ptolemy.util.test.junit.AutoTests" name="[3] /home/travis/build/icyphy/ptII/ptolemy/actor/lib/hoc/test/auto/BackgroundExecution.xml (RunModel)" time="0.726" />
  <testcase classname="ptolemy.util.test.junit.AutoTests" name="[4] /home/travis/build/icyphy/ptII/ptolemy/actor/lib/hoc/test/auto/Case.xml (RunModel)" time="0.072" />
  <testcase classname="ptolemy.util.test.junit.AutoTests" name="[5] /home/travis/build/icyphy/ptII/ptolemy/actor/lib/hoc/test/auto/Case1.xml (RunModel)" time="0.062" />
  <testcase classname="ptolemy.util.test.junit.AutoTests" name="[6] /home/travis/build/icyphy/ptII/ptolemy/actor/lib/hoc/test/auto/Case2.xml (RunModel)" time="0.121" />
  <testcase classname="ptolemy.util.test.junit.AutoTests" name="[7] /home/travis/build/icyphy/ptII/ptolemy/actor/lib/hoc/test/auto/Case3.xml (RunModel)" time="0.064" />
  <testcase classname="ptolemy.util.test.junit.AutoTests" name="[8] /home/travis/build/icyphy/ptII/ptolemy/actor/lib/hoc/test/auto/Case4.xml (RunModel)" time="0.051" />
  <testcase classname="ptolemy.util.test.junit.AutoTests" name="[9] /home/travis/build/icyphy/ptII/ptolemy/actor/lib/hoc/test/auto/Case5.xml (RunModel)" time="0.06" />
  <testcase classname="ptolemy.util.test.junit.AutoTests" name="[10] /home/travis/build/icyphy/ptII/ptolemy/actor/lib/hoc/test/auto/Case6.xml (RunModel)" time="0.128" />
  <testcase classname="ptolemy.util.test.junit.AutoTests" name="[11] /home/travis/build/icyphy/ptII/ptolemy/actor/lib/hoc/test/auto/CaseString2.xml (RunModel)" time="0.033" />
  <testcase classname="ptolemy.util.test.junit.AutoTests" name="[12] /home/travis/build/icyphy/ptII/ptolemy/actor/lib/hoc/test/auto/CatchUpComposite1.xml (RunModel)" time="0.084" />
  <testcase classname="ptolemy.util.test.junit.AutoTests" name="[13] /home/travis/build/icyphy/ptII/ptolemy/actor/lib/hoc/test/auto/CatchUpComposite2.xml (RunModel)" time="0.066" />
  <testcase classname="ptolemy.util.test.junit.AutoTests" name="[14] /home/travis/build/icyphy/ptII/ptolemy/actor/lib/hoc/test/auto/CatchUpComposite3.xml (RunModel)" time="0.053" />
  <testcase classname="ptolemy.util.test.junit.AutoTests" name="[15] /home/travis/build/icyphy/ptII/ptolemy/actor/lib/hoc/test/auto/CatchUpComposite4.xml (RunModel)" time="0.053" />
  <testcase classname="ptolemy.util.test.junit.AutoTests" name="[16] /home/travis/build/icyphy/ptII/ptolemy/actor/lib/hoc/test/auto/CatchUpComposite5.xml (RunModel)" time="0.037" />
  <testcase classname="ptolemy.util.test.junit.AutoTests" name="[17] /home/travis/build/icyphy/ptII/ptolemy/actor/lib/hoc/test/auto/CatchUpComposite6.xml (RunModel)" time="0.18" />
  <testcase classname="ptolemy.util.test.junit.AutoTests" name="[18] /home/travis/build/icyphy/ptII/ptolemy/actor/lib/hoc/test/auto/CatchUpComposite7.xml (RunModel)" time="0.098" />
  <testcase classname="ptolemy.util.test.junit.AutoTests" name="[19] /home/travis/build/icyphy/ptII/ptolemy/actor/lib/hoc/test/auto/ConcurrentExecutionTimeSDF.xml (RunModel)" time="1.637" />
  <testcase classname="ptolemy.util.test.junit.AutoTests" name="[20] /home/travis/build/icyphy/ptII/ptolemy/actor/lib/hoc/test/auto/ConcurrentSleep.xml (RunModel)" time="0.792" />
  <testcase classname="ptolemy.util.test.junit.AutoTests" name="[21] /home/travis/build/icyphy/ptII/ptolemy/actor/lib/hoc/test/auto/DEInPNInRunCompositeActor.xml (RunModel)" time="0.033" />
  <testcase classname="ptolemy.util.test.junit.AutoTests" name="[22] /home/travis/build/icyphy/ptII/ptolemy/actor/lib/hoc/test/auto/DFTSubSetTest.xml (RunModel)" time="0.249" />
  <testcase classname="ptolemy.util.test.junit.AutoTests" name="[23] /home/travis/build/icyphy/ptII/ptolemy/actor/lib/hoc/test/auto/HocDE.xml (RunModel)" time="0.173" />
  <testcase classname="ptolemy.util.test.junit.AutoTests" name="[24] /home/travis/build/icyphy/ptII/ptolemy/actor/lib/hoc/test/auto/IterateOverArray.xml (RunModel)" time="0.018" />
  <testcase classname="ptolemy.util.test.junit.AutoTests" name="[25] /home/travis/build/icyphy/ptII/ptolemy/actor/lib/hoc/test/auto/IterateOverArray10.xml (RunModel)" time="0.023" />
  <testcase classname="ptolemy.util.test.junit.AutoTests" name="[26] /home/travis/build/icyphy/ptII/ptolemy/actor/lib/hoc/test/auto/IterateOverArray11.xml (RunModel)" time="0.021" />
  <testcase classname="ptolemy.util.test.junit.AutoTests" name="[27] /home/travis/build/icyphy/ptII/ptolemy/actor/lib/hoc/test/auto/IterateOverArray12.xml (RunModel)" time="0.029" />
  <testcase classname="ptolemy.util.test.junit.AutoTests" name="[28] /home/travis/build/icyphy/ptII/ptolemy/actor/lib/hoc/test/auto/IterateOverArray13.xml (RunModel)" time="0.137" />
  <testcase classname="ptolemy.util.test.junit.AutoTests" name="[29] /home/travis/build/icyphy/ptII/ptolemy/actor/lib/hoc/test/auto/IterateOverArray14.xml (RunModel)" time="0.135" />
  <testcase classname="ptolemy.util.test.junit.AutoTests" name="[30] /home/travis/build/icyphy/ptII/ptolemy/actor/lib/hoc/test/auto/IterateOverArray2.xml (RunModel)" time="0.026" />
  <testcase classname="ptolemy.util.test.junit.AutoTests" name="[31] /home/travis/build/icyphy/ptII/ptolemy/actor/lib/hoc/test/auto/IterateOverArray3.xml (RunModel)" time="0.048" />
  <testcase classname="ptolemy.util.test.junit.AutoTests" name="[32] /home/travis/build/icyphy/ptII/ptolemy/actor/lib/hoc/test/auto/IterateOverArray4.xml (RunModel)" time="0.023" />
  <testcase classname="ptolemy.util.test.junit.AutoTests" name="[33] /home/travis/build/icyphy/ptII/ptolemy/actor/lib/hoc/test/auto/IterateOverArray5.xml (RunModel)" time="0.02" />
  <testcase classname="ptolemy.util.test.junit.AutoTests" name="[34] /home/travis/build/icyphy/ptII/ptolemy/actor/lib/hoc/test/auto/IterateOverArray6.xml (RunModel)" time="0.02" />
  <testcase classname="ptolemy.util.test.junit.AutoTests" name="[35] /home/travis/build/icyphy/ptII/ptolemy/actor/lib/hoc/test/auto/IterateOverArray7.xml (RunModel)" time="0.02" />
  <testcase classname="ptolemy.util.test.junit.AutoTests" name="[36] /home/travis/build/icyphy/ptII/ptolemy/actor/lib/hoc/test/auto/IterateOverArray8.xml (RunModel)" time="0.026" />
  <testcase classname="ptolemy.util.test.junit.AutoTests" name="[37] /home/travis/build/icyphy/ptII/ptolemy/actor/lib/hoc/test/auto/IterateOverArray9.xml (RunModel)" time="0.023" />
  <testcase classname="ptolemy.util.test.junit.AutoTests" name="[38] /home/travis/build/icyphy/ptII/ptolemy/actor/lib/hoc/test/auto/IterateOverArrayCoercedOutputType.xml (RunModel)" time="0.033" />
  <testcase classname="ptolemy.util.test.junit.AutoTests" name="[39] /home/travis/build/icyphy/ptII/ptolemy/actor/lib/hoc/test/auto/IterateOverArrayInferredOutputType.xml (RunModel)" time="0.034" />
  <testcase classname="ptolemy.util.test.junit.AutoTests" name="[40] /home/travis/build/icyphy/ptII/ptolemy/actor/lib/hoc/test/auto/MobileFunctionTest.xml (RunModel)" time="0.024" />
  <testcase classname="ptolemy.util.test.junit.AutoTests" name="[41] /home/travis/build/icyphy/ptII/ptolemy/actor/lib/hoc/test/auto/MobileModelTest.xml (RunModel)" time="0.096" />
  <testcase classname="ptolemy.util.test.junit.AutoTests" name="[42] /home/travis/build/icyphy/ptII/ptolemy/actor/lib/hoc/test/auto/ModelReference.xml (RunModel)" time="0.058" />
  <testcase classname="ptolemy.util.test.junit.AutoTests" name="[43] /home/travis/build/icyphy/ptII/ptolemy/actor/lib/hoc/test/auto/ModelReference3.xml (RunModel)" time="0.056" />
  <testcase classname="ptolemy.util.test.junit.AutoTests" name="[44] /home/travis/build/icyphy/ptII/ptolemy/actor/lib/hoc/test/auto/ModelReference4.xml (RunModel)" time="10.035" />
  <testcase classname="ptolemy.util.test.junit.AutoTests" name="[45] /home/travis/build/icyphy/ptII/ptolemy/actor/lib/hoc/test/auto/MultiInstanceComposite.xml (RunModel)" time="0.054" />
  <testcase classname="ptolemy.util.test.junit.AutoTests" name="[46] /home/travis/build/icyphy/ptII/ptolemy/actor/lib/hoc/test/auto/MultiInstanceComposite2.xml (RunModel)" time="0.048" />
  <testcase classname="ptolemy.util.test.junit.AutoTests" name="[47] /home/travis/build/icyphy/ptII/ptolemy/actor/lib/hoc/test/auto/MulticoreExecution.xml (RunModel)" time="1.066" />
  <testcase classname="ptolemy.util.test.junit.AutoTests" name="[48] /home/travis/build/icyphy/ptII/ptolemy/actor/lib/hoc/test/auto/ParallelExecution.xml (RunModel)" time="0.938" />
  <testcase classname="ptolemy.util.test.junit.AutoTests" name="[49] /home/travis/build/icyphy/ptII/ptolemy/actor/lib/hoc/test/auto/RunCompositeActor.xml (RunModel)" time="0.029" />
  <testcase classname="ptolemy.util.test.junit.AutoTests" name="[50] /home/travis/build/icyphy/ptII/ptolemy/actor/lib/hoc/test/auto/RunCompositeActor2.xml (RunModel)" time="0.033" />
  <testcase classname="ptolemy.util.test.junit.AutoTests" name="[51] /home/travis/build/icyphy/ptII/ptolemy/actor/lib/hoc/test/auto/RunCompositeActor3.xml (RunModel)" time="0.051" />
  <testcase classname="ptolemy.util.test.junit.AutoTests" name="[52] /home/travis/build/icyphy/ptII/ptolemy/actor/lib/hoc/test/auto/RunCompositeActor4.xml (RunModel)" time="0.035" />
  <testcase classname="ptolemy.util.test.junit.AutoTests" name="[53] /home/travis/build/icyphy/ptII/ptolemy/actor/lib/hoc/test/auto/RunCompositeIterateOverArray.xml (RunModel)" time="0.033" />
  <testcase classname="ptolemy.util.test.junit.AutoTests" name="[54] /home/travis/build/icyphy/ptII/ptolemy/actor/lib/hoc/test/auto/ThreadedJS.xml (RunModel)" time="4.732" />
  <system-out><![CDATA[/home/travis/build/icyphy/ptII/ptolemy/actor/lib/hoc/test/IterateOverArray.tcl
testDefs.tcl: setting time out to 9000 seconds at Sat Sep 22 02:09:02 UTC 2018
09/22/18 02:09:03
Failed: 0  Total Tests: 2  ((Passed: 2, Newly Passed: 0)  Known Failed: 0) /home/travis/build/icyphy/ptII/ptolemy/actor/lib/hoc/test
----------------- testing (KnownFailure) /home/travis/build/icyphy/ptII/ptolemy/actor/lib/hoc/test/auto/knownFailedTests/PreinitializeMustBeInvokedRunComposite.xml
36 ms. Memory: 116224K Free: 103549K (89%)
Known Failure: java.lang.reflect.InvocationTargetException
No auto/linux-amd64/*.xml tests in /home/travis/build/icyphy/ptII/ptolemy/actor/lib/hoc/test
AutoTests.java: About to close Vertx.
AutoTests.java: Vertx closed.

===========================================================================================
----------------- testing Sat Sep 22 02:09:03 UTC 2018 /home/travis/build/icyphy/ptII/ptolemy/actor/lib/hoc/test/auto/AllToAllMultiInstanceComposite.xml
----------------- Instantiating /home/travis/build/icyphy/ptII/ptolemy/actor/lib/hoc/test/auto/AllToAllMultiInstanceComposite.xml
101 ms. Memory: 146944K Free: 107529K (73%)
----------------- Invoking toplevel() on ptolemy.moml.MoMLSimpleApplication@67ab3f7
----------------- Done invoking toplevel() on ptolemy.moml.MoMLSimpleApplication@67ab3f7
reloadAllAccessors: .AllToAllMultiInstanceComposite

===========================================================================================
----------------- testing Sat Sep 22 02:09:03 UTC 2018 /home/travis/build/icyphy/ptII/ptolemy/actor/lib/hoc/test/auto/ApplyFFTTest.xml
----------------- Instantiating /home/travis/build/icyphy/ptII/ptolemy/actor/lib/hoc/test/auto/ApplyFFTTest.xml
114 ms. Memory: 146944K Free: 87562K (60%)
----------------- Invoking toplevel() on ptolemy.moml.MoMLSimpleApplication@3e77cd3a
----------------- Done invoking toplevel() on ptolemy.moml.MoMLSimpleApplication@3e77cd3a
reloadAllAccessors: .ApplyFFTTest

===========================================================================================
----------------- testing Sat Sep 22 02:09:04 UTC 2018 /home/travis/build/icyphy/ptII/ptolemy/actor/lib/hoc/test/auto/ApplyFunction.xml
----------------- Instantiating /home/travis/build/icyphy/ptII/ptolemy/actor/lib/hoc/test/auto/ApplyFunction.xml
5 ms. Memory: 146944K Free: 83859K (57%)
----------------- Invoking toplevel() on ptolemy.moml.MoMLSimpleApplication@6f1b4e15
----------------- Done invoking toplevel() on ptolemy.moml.MoMLSimpleApplication@6f1b4e15
reloadAllAccessors: .ApplyFunction

===========================================================================================
----------------- testing Sat Sep 22 02:09:04 UTC 2018 /home/travis/build/icyphy/ptII/ptolemy/actor/lib/hoc/test/auto/BackgroundExecution.xml
----------------- Instantiating /home/travis/build/icyphy/ptII/ptolemy/actor/lib/hoc/test/auto/BackgroundExecution.xml
641 ms. Memory: 146944K Free: 136538K (93%)
----------------- Invoking toplevel() on ptolemy.moml.MoMLSimpleApplication@51210887
----------------- Done invoking toplevel() on ptolemy.moml.MoMLSimpleApplication@51210887
reloadAllAccessors: .BackgroundExecution

===========================================================================================
----------------- testing Sat Sep 22 02:09:04 UTC 2018 /home/travis/build/icyphy/ptII/ptolemy/actor/lib/hoc/test/auto/Case.xml
----------------- Instantiating /home/travis/build/icyphy/ptII/ptolemy/actor/lib/hoc/test/auto/Case.xml
22 ms. Memory: 146944K Free: 127866K (87%)
----------------- Invoking toplevel() on ptolemy.moml.MoMLSimpleApplication@56429078
----------------- Done invoking toplevel() on ptolemy.moml.MoMLSimpleApplication@56429078
reloadAllAccessors: .Case

===========================================================================================
----------------- testing Sat Sep 22 02:09:04 UTC 2018 /home/travis/build/icyphy/ptII/ptolemy/actor/lib/hoc/test/auto/Case1.xml
----------------- Instantiating /home/travis/build/icyphy/ptII/ptolemy/actor/lib/hoc/test/auto/Case1.xml
20 ms. Memory: 146944K Free: 121159K (82%)
----------------- Invoking toplevel() on ptolemy.moml.MoMLSimpleApplication@280bb731
----------------- Done invoking toplevel() on ptolemy.moml.MoMLSimpleApplication@280bb731
reloadAllAccessors: .Case1

===========================================================================================
----------------- testing Sat Sep 22 02:09:05 UTC 2018 /home/travis/build/icyphy/ptII/ptolemy/actor/lib/hoc/test/auto/Case2.xml
----------------- Instantiating /home/travis/build/icyphy/ptII/ptolemy/actor/lib/hoc/test/auto/Case2.xml
45 ms. Memory: 146944K Free: 109170K (74%)
----------------- Invoking toplevel() on ptolemy.moml.MoMLSimpleApplication@390ac3b5
----------------- Done invoking toplevel() on ptolemy.moml.MoMLSimpleApplication@390ac3b5
reloadAllAccessors: .Case2

===========================================================================================
----------------- testing Sat Sep 22 02:09:05 UTC 2018 /home/travis/build/icyphy/ptII/ptolemy/actor/lib/hoc/test/auto/Case3.xml
----------------- Instantiating /home/travis/build/icyphy/ptII/ptolemy/actor/lib/hoc/test/auto/Case3.xml
18 ms. Memory: 146944K Free: 102504K (70%)
----------------- Invoking toplevel() on ptolemy.moml.MoMLSimpleApplication@4c977e20
----------------- Done invoking toplevel() on ptolemy.moml.MoMLSimpleApplication@4c977e20
reloadAllAccessors: .Case3

===========================================================================================
----------------- testing Sat Sep 22 02:09:05 UTC 2018 /home/travis/build/icyphy/ptII/ptolemy/actor/lib/hoc/test/auto/Case4.xml
----------------- Instantiating /home/travis/build/icyphy/ptII/ptolemy/actor/lib/hoc/test/auto/Case4.xml
8 ms. Memory: 146944K Free: 93495K (64%)
----------------- Invoking toplevel() on ptolemy.moml.MoMLSimpleApplication@16a62342
----------------- Done invoking toplevel() on ptolemy.moml.MoMLSimpleApplication@16a62342
reloadAllAccessors: .Case4

===========================================================================================
----------------- testing Sat Sep 22 02:09:05 UTC 2018 /home/travis/build/icyphy/ptII/ptolemy/actor/lib/hoc/test/auto/Case5.xml
----------------- Instantiating /home/travis/build/icyphy/ptII/ptolemy/actor/lib/hoc/test/auto/Case5.xml
29 ms. Memory: 146944K Free: 86348K (59%)
----------------- Invoking toplevel() on ptolemy.moml.MoMLSimpleApplication@7f968efc
----------------- Done invoking toplevel() on ptolemy.moml.MoMLSimpleApplication@7f968efc
reloadAllAccessors: .junk

===========================================================================================
----------------- testing Sat Sep 22 02:09:05 UTC 2018 /home/travis/build/icyphy/ptII/ptolemy/actor/lib/hoc/test/auto/Case6.xml
----------------- Instantiating /home/travis/build/icyphy/ptII/ptolemy/actor/lib/hoc/test/auto/Case6.xml
43 ms. Memory: 208384K Free: 195459K (94%)
----------------- Invoking toplevel() on ptolemy.moml.MoMLSimpleApplication@377f4663
----------------- Done invoking toplevel() on ptolemy.moml.MoMLSimpleApplication@377f4663
reloadAllAccessors: .Case6

===========================================================================================
----------------- testing Sat Sep 22 02:09:05 UTC 2018 /home/travis/build/icyphy/ptII/ptolemy/actor/lib/hoc/test/auto/CaseString2.xml
----------------- Instantiating /home/travis/build/icyphy/ptII/ptolemy/actor/lib/hoc/test/auto/CaseString2.xml
11 ms. Memory: 208384K Free: 185864K (89%)
----------------- Invoking toplevel() on ptolemy.moml.MoMLSimpleApplication@3ca43456
----------------- Done invoking toplevel() on ptolemy.moml.MoMLSimpleApplication@3ca43456
reloadAllAccessors: .CaseString2

===========================================================================================
----------------- testing Sat Sep 22 02:09:05 UTC 2018 /home/travis/build/icyphy/ptII/ptolemy/actor/lib/hoc/test/auto/CatchUpComposite1.xml
----------------- Instantiating /home/travis/build/icyphy/ptII/ptolemy/actor/lib/hoc/test/auto/CatchUpComposite1.xml
25 ms. Memory: 208384K Free: 175985K (84%)
----------------- Invoking toplevel() on ptolemy.moml.MoMLSimpleApplication@1ef4930d
----------------- Done invoking toplevel() on ptolemy.moml.MoMLSimpleApplication@1ef4930d
reloadAllAccessors: .CatchUpComposite1

===========================================================================================
----------------- testing Sat Sep 22 02:09:05 UTC 2018 /home/travis/build/icyphy/ptII/ptolemy/actor/lib/hoc/test/auto/CatchUpComposite2.xml
----------------- Instantiating /home/travis/build/icyphy/ptII/ptolemy/actor/lib/hoc/test/auto/CatchUpComposite2.xml
17 ms. Memory: 208384K Free: 166737K (80%)
----------------- Invoking toplevel() on ptolemy.moml.MoMLSimpleApplication@6122a967
----------------- Done invoking toplevel() on ptolemy.moml.MoMLSimpleApplication@6122a967
reloadAllAccessors: .CatchUpComposite2

===========================================================================================
----------------- testing Sat Sep 22 02:09:05 UTC 2018 /home/travis/build/icyphy/ptII/ptolemy/actor/lib/hoc/test/auto/CatchUpComposite3.xml
----------------- Instantiating /home/travis/build/icyphy/ptII/ptolemy/actor/lib/hoc/test/auto/CatchUpComposite3.xml
11 ms. Memory: 208384K Free: 155962K (75%)
----------------- Invoking toplevel() on ptolemy.moml.MoMLSimpleApplication@4a90d5db
----------------- Done invoking toplevel() on ptolemy.moml.MoMLSimpleApplication@4a90d5db
reloadAllAccessors: .CatchUpComposite3

===========================================================================================
----------------- testing Sat Sep 22 02:09:05 UTC 2018 /home/travis/build/icyphy/ptII/ptolemy/actor/lib/hoc/test/auto/CatchUpComposite4.xml
----------------- Instantiating /home/travis/build/icyphy/ptII/ptolemy/actor/lib/hoc/test/auto/CatchUpComposite4.xml
18 ms. Memory: 208384K Free: 146745K (70%)
----------------- Invoking toplevel() on ptolemy.moml.MoMLSimpleApplication@692c0dda
----------------- Done invoking toplevel() on ptolemy.moml.MoMLSimpleApplication@692c0dda
reloadAllAccessors: .CatchUpComposite4

===========================================================================================
----------------- testing Sat Sep 22 02:09:05 UTC 2018 /home/travis/build/icyphy/ptII/ptolemy/actor/lib/hoc/test/auto/CatchUpComposite5.xml
----------------- Instantiating /home/travis/build/icyphy/ptII/ptolemy/actor/lib/hoc/test/auto/CatchUpComposite5.xml
13 ms. Memory: 208384K Free: 138111K (66%)
----------------- Invoking toplevel() on ptolemy.moml.MoMLSimpleApplication@6d3aac4d
----------------- Done invoking toplevel() on ptolemy.moml.MoMLSimpleApplication@6d3aac4d
reloadAllAccessors: .CatchUpComposite5

===========================================================================================
----------------- testing Sat Sep 22 02:09:05 UTC 2018 /home/travis/build/icyphy/ptII/ptolemy/actor/lib/hoc/test/auto/CatchUpComposite6.xml
----------------- Instantiating /home/travis/build/icyphy/ptII/ptolemy/actor/lib/hoc/test/auto/CatchUpComposite6.xml
WARNING: The execution aspects in this model can influence the timing of actors by delaying the 
execution, potentially changing the behavior. There is no guarantee that actors fire at the 
time they request to be fired. 
Use Ptides for deterministic DE behavior that is not influenced by execution aspects. 

88 ms. Memory: 208384K Free: 119252K (57%)
----------------- Invoking toplevel() on ptolemy.moml.MoMLSimpleApplication@7e22dadb
----------------- Done invoking toplevel() on ptolemy.moml.MoMLSimpleApplication@7e22dadb
reloadAllAccessors: .CatchUpComposite6

===========================================================================================
----------------- testing Sat Sep 22 02:09:06 UTC 2018 /home/travis/build/icyphy/ptII/ptolemy/actor/lib/hoc/test/auto/CatchUpComposite7.xml
----------------- Instantiating /home/travis/build/icyphy/ptII/ptolemy/actor/lib/hoc/test/auto/CatchUpComposite7.xml
WARNING: The execution aspects in this model can influence the timing of actors by delaying the 
execution, potentially changing the behavior. There is no guarantee that actors fire at the 
time they request to be fired. 
Use Ptides for deterministic DE behavior that is not influenced by execution aspects. 

42 ms. Memory: 208384K Free: 102549K (49%)
----------------- Invoking toplevel() on ptolemy.moml.MoMLSimpleApplication@32e80fe
----------------- Done invoking toplevel() on ptolemy.moml.MoMLSimpleApplication@32e80fe
reloadAllAccessors: .CatchUpComposite7

===========================================================================================
----------------- testing Sat Sep 22 02:09:06 UTC 2018 /home/travis/build/icyphy/ptII/ptolemy/actor/lib/hoc/test/auto/ConcurrentExecutionTimeSDF.xml
----------------- Instantiating /home/travis/build/icyphy/ptII/ptolemy/actor/lib/hoc/test/auto/ConcurrentExecutionTimeSDF.xml
Fired ExecutionTime: 40400000
Fired ExecutionTime: 40400000
Fired ExecutionTime: 40400000
Fired ExecutionTime: 40400000
Fired ExecutionTime: 40400000
Fired ExecutionTime: 40400000
Fired ExecutionTime: 40400000
Fired ExecutionTime: 40400000
Fired ExecutionTime: 40400000
Fired ExecutionTime: 40400000
Fired ExecutionTime: 40400000
Fired ExecutionTime: 40400000
Fired ExecutionTime: 40400000
Fired ExecutionTime: 40400000
Fired ExecutionTime: 40400000
Fired ExecutionTime: 40400000
Fired ExecutionTime: 40400000
Fired ExecutionTime: 40400000
Fired ExecutionTime: 40400000
Fired ExecutionTime: 40400000
1610 ms. Memory: 208384K Free: 93899K (45%)
----------------- Invoking toplevel() on ptolemy.moml.MoMLSimpleApplication@3c15a140
----------------- Done invoking toplevel() on ptolemy.moml.MoMLSimpleApplication@3c15a140
reloadAllAccessors: .ConcurrentExecutionTimeSDF

===========================================================================================
----------------- testing Sat Sep 22 02:09:07 UTC 2018 /home/travis/build/icyphy/ptII/ptolemy/actor/lib/hoc/test/auto/ConcurrentSleep.xml
----------------- Instantiating /home/travis/build/icyphy/ptII/ptolemy/actor/lib/hoc/test/auto/ConcurrentSleep.xml
752 ms. Memory: 208384K Free: 200922K (96%)
----------------- Invoking toplevel() on ptolemy.moml.MoMLSimpleApplication@73b57de0
----------------- Done invoking toplevel() on ptolemy.moml.MoMLSimpleApplication@73b57de0
reloadAllAccessors: .ConcurrentSleep

===========================================================================================
----------------- testing Sat Sep 22 02:09:08 UTC 2018 /home/travis/build/icyphy/ptII/ptolemy/actor/lib/hoc/test/auto/DEInPNInRunCompositeActor.xml
----------------- Instantiating /home/travis/build/icyphy/ptII/ptolemy/actor/lib/hoc/test/auto/DEInPNInRunCompositeActor.xml
18 ms. Memory: 208384K Free: 193469K (93%)
----------------- Invoking toplevel() on ptolemy.moml.MoMLSimpleApplication@55227952
----------------- Done invoking toplevel() on ptolemy.moml.MoMLSimpleApplication@55227952
reloadAllAccessors: .DEInPNInRunCompositeActor

===========================================================================================
----------------- testing Sat Sep 22 02:09:08 UTC 2018 /home/travis/build/icyphy/ptII/ptolemy/actor/lib/hoc/test/auto/DFTSubSetTest.xml
----------------- Instantiating /home/travis/build/icyphy/ptII/ptolemy/actor/lib/hoc/test/auto/DFTSubSetTest.xml
173 ms. Memory: 208384K Free: 146187K (70%)
----------------- Invoking toplevel() on ptolemy.moml.MoMLSimpleApplication@5fa7103c
----------------- Done invoking toplevel() on ptolemy.moml.MoMLSimpleApplication@5fa7103c
reloadAllAccessors: .DFTSubSetTest

===========================================================================================
----------------- testing Sat Sep 22 02:09:08 UTC 2018 /home/travis/build/icyphy/ptII/ptolemy/actor/lib/hoc/test/auto/HocDE.xml
----------------- Instantiating /home/travis/build/icyphy/ptII/ptolemy/actor/lib/hoc/test/auto/HocDE.xml
124 ms. Memory: 208384K Free: 118884K (57%)
----------------- Invoking toplevel() on ptolemy.moml.MoMLSimpleApplication@49cdef16
----------------- Done invoking toplevel() on ptolemy.moml.MoMLSimpleApplication@49cdef16
reloadAllAccessors: .HocDE

===========================================================================================
----------------- testing Sat Sep 22 02:09:09 UTC 2018 /home/travis/build/icyphy/ptII/ptolemy/actor/lib/hoc/test/auto/IterateOverArray.xml
----------------- Instantiating /home/travis/build/icyphy/ptII/ptolemy/actor/lib/hoc/test/auto/IterateOverArray.xml
6 ms. Memory: 208384K Free: 114420K (55%)
----------------- Invoking toplevel() on ptolemy.moml.MoMLSimpleApplication@4c7f079e
----------------- Done invoking toplevel() on ptolemy.moml.MoMLSimpleApplication@4c7f079e
reloadAllAccessors: .IterateOverArray

===========================================================================================
----------------- testing Sat Sep 22 02:09:09 UTC 2018 /home/travis/build/icyphy/ptII/ptolemy/actor/lib/hoc/test/auto/IterateOverArray10.xml
----------------- Instantiating /home/travis/build/icyphy/ptII/ptolemy/actor/lib/hoc/test/auto/IterateOverArray10.xml
2 ms. Memory: 208384K Free: 110304K (53%)
----------------- Invoking toplevel() on ptolemy.moml.MoMLSimpleApplication@127c2d72
----------------- Done invoking toplevel() on ptolemy.moml.MoMLSimpleApplication@127c2d72
reloadAllAccessors: .IterateOverArray10

===========================================================================================
----------------- testing Sat Sep 22 02:09:09 UTC 2018 /home/travis/build/icyphy/ptII/ptolemy/actor/lib/hoc/test/auto/IterateOverArray11.xml
----------------- Instantiating /home/travis/build/icyphy/ptII/ptolemy/actor/lib/hoc/test/auto/IterateOverArray11.xml
3 ms. Memory: 208384K Free: 105848K (51%)
----------------- Invoking toplevel() on ptolemy.moml.MoMLSimpleApplication@48758b1e
----------------- Done invoking toplevel() on ptolemy.moml.MoMLSimpleApplication@48758b1e
reloadAllAccessors: .IterateOverArray11

===========================================================================================
----------------- testing Sat Sep 22 02:09:09 UTC 2018 /home/travis/build/icyphy/ptII/ptolemy/actor/lib/hoc/test/auto/IterateOverArray12.xml
----------------- Instantiating /home/travis/build/icyphy/ptII/ptolemy/actor/lib/hoc/test/auto/IterateOverArray12.xml
8 ms. Memory: 208384K Free: 98751K (47%)
----------------- Invoking toplevel() on ptolemy.moml.MoMLSimpleApplication@16de3a8f
----------------- Done invoking toplevel() on ptolemy.moml.MoMLSimpleApplication@16de3a8f
reloadAllAccessors: .IterateOverArray12

===========================================================================================
----------------- testing Sat Sep 22 02:09:09 UTC 2018 /home/travis/build/icyphy/ptII/ptolemy/actor/lib/hoc/test/auto/IterateOverArray13.xml
----------------- Instantiating /home/travis/build/icyphy/ptII/ptolemy/actor/lib/hoc/test/auto/IterateOverArray13.xml
76 ms. Memory: 331776K Free: 315092K (95%)
----------------- Invoking toplevel() on ptolemy.moml.MoMLSimpleApplication@12bda7eb
----------------- Done invoking toplevel() on ptolemy.moml.MoMLSimpleApplication@12bda7eb
reloadAllAccessors: .IterateOverArray13

===========================================================================================
----------------- testing Sat Sep 22 02:09:09 UTC 2018 /home/travis/build/icyphy/ptII/ptolemy/actor/lib/hoc/test/auto/IterateOverArray14.xml
----------------- Instantiating /home/travis/build/icyphy/ptII/ptolemy/actor/lib/hoc/test/auto/IterateOverArray14.xml
56 ms. Memory: 331776K Free: 279038K (84%)
----------------- Invoking toplevel() on ptolemy.moml.MoMLSimpleApplication@22e192c4
----------------- Done invoking toplevel() on ptolemy.moml.MoMLSimpleApplication@22e192c4
reloadAllAccessors: .IterateOverArray14

===========================================================================================
----------------- testing Sat Sep 22 02:09:09 UTC 2018 /home/travis/build/icyphy/ptII/ptolemy/actor/lib/hoc/test/auto/IterateOverArray2.xml
----------------- Instantiating /home/travis/build/icyphy/ptII/ptolemy/actor/lib/hoc/test/auto/IterateOverArray2.xml
8 ms. Memory: 331776K Free: 274101K (83%)
----------------- Invoking toplevel() on ptolemy.moml.MoMLSimpleApplication@46fd2940
----------------- Done invoking toplevel() on ptolemy.moml.MoMLSimpleApplication@46fd2940
reloadAllAccessors: .IterateOverArray2

===========================================================================================
----------------- testing Sat Sep 22 02:09:09 UTC 2018 /home/travis/build/icyphy/ptII/ptolemy/actor/lib/hoc/test/auto/IterateOverArray3.xml
----------------- Instantiating /home/travis/build/icyphy/ptII/ptolemy/actor/lib/hoc/test/auto/IterateOverArray3.xml
23 ms. Memory: 331776K Free: 265410K (80%)
----------------- Invoking toplevel() on ptolemy.moml.MoMLSimpleApplication@2f95f17
----------------- Done invoking toplevel() on ptolemy.moml.MoMLSimpleApplication@2f95f17
reloadAllAccessors: .IterateOverArray3

===========================================================================================
----------------- testing Sat Sep 22 02:09:09 UTC 2018 /home/travis/build/icyphy/ptII/ptolemy/actor/lib/hoc/test/auto/IterateOverArray4.xml
----------------- Instantiating /home/travis/build/icyphy/ptII/ptolemy/actor/lib/hoc/test/auto/IterateOverArray4.xml
3 ms. Memory: 331776K Free: 260505K (79%)
----------------- Invoking toplevel() on ptolemy.moml.MoMLSimpleApplication@de509d5
----------------- Done invoking toplevel() on ptolemy.moml.MoMLSimpleApplication@de509d5
reloadAllAccessors: .IterateOverArray4

===========================================================================================
----------------- testing Sat Sep 22 02:09:09 UTC 2018 /home/travis/build/icyphy/ptII/ptolemy/actor/lib/hoc/test/auto/IterateOverArray5.xml
----------------- Instantiating /home/travis/build/icyphy/ptII/ptolemy/actor/lib/hoc/test/auto/IterateOverArray5.xml
3 ms. Memory: 331776K Free: 255600K (77%)
----------------- Invoking toplevel() on ptolemy.moml.MoMLSimpleApplication@6fbf517e
----------------- Done invoking toplevel() on ptolemy.moml.MoMLSimpleApplication@6fbf517e
reloadAllAccessors: .IterateOverArray5

===========================================================================================
----------------- testing Sat Sep 22 02:09:09 UTC 2018 /home/travis/build/icyphy/ptII/ptolemy/actor/lib/hoc/test/auto/IterateOverArray6.xml
----------------- Instantiating /home/travis/build/icyphy/ptII/ptolemy/actor/lib/hoc/test/auto/IterateOverArray6.xml
5 ms. Memory: 331776K Free: 250833K (76%)
----------------- Invoking toplevel() on ptolemy.moml.MoMLSimpleApplication@f01dc16
----------------- Done invoking toplevel() on ptolemy.moml.MoMLSimpleApplication@f01dc16
reloadAllAccessors: .IterateOverArray6

===========================================================================================
----------------- testing Sat Sep 22 02:09:09 UTC 2018 /home/travis/build/icyphy/ptII/ptolemy/actor/lib/hoc/test/auto/IterateOverArray7.xml
----------------- Instantiating /home/travis/build/icyphy/ptII/ptolemy/actor/lib/hoc/test/auto/IterateOverArray7.xml
3 ms. Memory: 331776K Free: 244939K (74%)
----------------- Invoking toplevel() on ptolemy.moml.MoMLSimpleApplication@48048719
----------------- Done invoking toplevel() on ptolemy.moml.MoMLSimpleApplication@48048719
reloadAllAccessors: .IterateOverArray7

===========================================================================================
----------------- testing Sat Sep 22 02:09:09 UTC 2018 /home/travis/build/icyphy/ptII/ptolemy/actor/lib/hoc/test/auto/IterateOverArray8.xml
----------------- Instantiating /home/travis/build/icyphy/ptII/ptolemy/actor/lib/hoc/test/auto/IterateOverArray8.xml
4 ms. Memory: 331776K Free: 239191K (72%)
----------------- Invoking toplevel() on ptolemy.moml.MoMLSimpleApplication@4aff9475
----------------- Done invoking toplevel() on ptolemy.moml.MoMLSimpleApplication@4aff9475
reloadAllAccessors: .IterateOverArray8

===========================================================================================
----------------- testing Sat Sep 22 02:09:09 UTC 2018 /home/travis/build/icyphy/ptII/ptolemy/actor/lib/hoc/test/auto/IterateOverArray9.xml
----------------- Instantiating /home/travis/build/icyphy/ptII/ptolemy/actor/lib/hoc/test/auto/IterateOverArray9.xml
7 ms. Memory: 331776K Free: 235267K (71%)
----------------- Invoking toplevel() on ptolemy.moml.MoMLSimpleApplication@35abc75a
----------------- Done invoking toplevel() on ptolemy.moml.MoMLSimpleApplication@35abc75a
reloadAllAccessors: .IterateOverArray9

===========================================================================================
----------------- testing Sat Sep 22 02:09:09 UTC 2018 /home/travis/build/icyphy/ptII/ptolemy/actor/lib/hoc/test/auto/IterateOverArrayCoercedOutputType.xml
----------------- Instantiating /home/travis/build/icyphy/ptII/ptolemy/actor/lib/hoc/test/auto/IterateOverArrayCoercedOutputType.xml
6 ms. Memory: 331776K Free: 229381K (69%)
----------------- Invoking toplevel() on ptolemy.moml.MoMLSimpleApplication@58f246b3
----------------- Done invoking toplevel() on ptolemy.moml.MoMLSimpleApplication@58f246b3
reloadAllAccessors: .IterateOverArrayCoercedOutputType

===========================================================================================
----------------- testing Sat Sep 22 02:09:09 UTC 2018 /home/travis/build/icyphy/ptII/ptolemy/actor/lib/hoc/test/auto/IterateOverArrayInferredOutputType.xml
----------------- Instantiating /home/travis/build/icyphy/ptII/ptolemy/actor/lib/hoc/test/auto/IterateOverArrayInferredOutputType.xml
7 ms. Memory: 331776K Free: 222652K (67%)
----------------- Invoking toplevel() on ptolemy.moml.MoMLSimpleApplication@2331d691
----------------- Done invoking toplevel() on ptolemy.moml.MoMLSimpleApplication@2331d691
reloadAllAccessors: .IterateOverArrayInferredOutputType

===========================================================================================
----------------- testing Sat Sep 22 02:09:09 UTC 2018 /home/travis/build/icyphy/ptII/ptolemy/actor/lib/hoc/test/auto/MobileFunctionTest.xml
----------------- Instantiating /home/travis/build/icyphy/ptII/ptolemy/actor/lib/hoc/test/auto/MobileFunctionTest.xml
4 ms. Memory: 331776K Free: 217747K (66%)
----------------- Invoking toplevel() on ptolemy.moml.MoMLSimpleApplication@222662c1
----------------- Done invoking toplevel() on ptolemy.moml.MoMLSimpleApplication@222662c1
reloadAllAccessors: .MobileFunctionTest

===========================================================================================
----------------- testing Sat Sep 22 02:09:09 UTC 2018 /home/travis/build/icyphy/ptII/ptolemy/actor/lib/hoc/test/auto/MobileModelTest.xml
----------------- Instantiating /home/travis/build/icyphy/ptII/ptolemy/actor/lib/hoc/test/auto/MobileModelTest.xml
65 ms. Memory: 331776K Free: 196271K (59%)
----------------- Invoking toplevel() on ptolemy.moml.MoMLSimpleApplication@14e68720
----------------- Done invoking toplevel() on ptolemy.moml.MoMLSimpleApplication@14e68720
reloadAllAccessors: .MobileModelTest

===========================================================================================
----------------- testing Sat Sep 22 02:09:09 UTC 2018 /home/travis/build/icyphy/ptII/ptolemy/actor/lib/hoc/test/auto/ModelReference.xml
----------------- Instantiating /home/travis/build/icyphy/ptII/ptolemy/actor/lib/hoc/test/auto/ModelReference.xml
2 ms. Memory: 331776K Free: 188415K (57%)
1 ms. Memory: 331776K Free: 187434K (56%)
2 ms. Memory: 331776K Free: 186453K (56%)
1 ms. Memory: 331776K Free: 185472K (56%)
1 ms. Memory: 331776K Free: 184491K (56%)
2 ms. Memory: 331776K Free: 184491K (56%)
1 ms. Memory: 331776K Free: 183510K (55%)
2 ms. Memory: 331776K Free: 182529K (55%)
1 ms. Memory: 331776K Free: 181548K (55%)
4 ms. Memory: 331776K Free: 180567K (54%)
30 ms. Memory: 331776K Free: 180567K (54%)
----------------- Invoking toplevel() on ptolemy.moml.MoMLSimpleApplication@2f85f01a
----------------- Done invoking toplevel() on ptolemy.moml.MoMLSimpleApplication@2f85f01a
reloadAllAccessors: .ModelReference

===========================================================================================
----------------- testing Sat Sep 22 02:09:09 UTC 2018 /home/travis/build/icyphy/ptII/ptolemy/actor/lib/hoc/test/auto/ModelReference3.xml
----------------- Instantiating /home/travis/build/icyphy/ptII/ptolemy/actor/lib/hoc/test/auto/ModelReference3.xml
1 ms. Memory: 331776K Free: 175662K (53%)
4 ms. Memory: 331776K Free: 174681K (53%)
1 ms. Memory: 331776K Free: 173700K (52%)
3 ms. Memory: 331776K Free: 172719K (52%)
2 ms. Memory: 331776K Free: 172719K (52%)
2 ms. Memory: 331776K Free: 171738K (52%)
1 ms. Memory: 331776K Free: 170757K (51%)
6 ms. Memory: 331776K Free: 169776K (51%)
1 ms. Memory: 331776K Free: 168795K (51%)
3 ms. Memory: 331776K Free: 167814K (51%)
34 ms. Memory: 331776K Free: 167814K (51%)
----------------- Invoking toplevel() on ptolemy.moml.MoMLSimpleApplication@3d9d17af
----------------- Done invoking toplevel() on ptolemy.moml.MoMLSimpleApplication@3d9d17af
reloadAllAccessors: .ModelReference3

===========================================================================================
----------------- testing Sat Sep 22 02:09:09 UTC 2018 /home/travis/build/icyphy/ptII/ptolemy/actor/lib/hoc/test/auto/ModelReference4.xml
----------------- Instantiating /home/travis/build/icyphy/ptII/ptolemy/actor/lib/hoc/test/auto/ModelReference4.xml
3 ms. Memory: 331776K Free: 162066K (49%)
1 ms. Memory: 331776K Free: 160104K (48%)
2 ms. Memory: 331776K Free: 159123K (48%)
3 ms. Memory: 331776K Free: 158142K (48%)
2 ms. Memory: 331776K Free: 157161K (47%)
6 ms. Memory: 331776K Free: 155199K (47%)
2 ms. Memory: 331776K Free: 154218K (46%)
2 ms. Memory: 331776K Free: 153237K (46%)
2 ms. Memory: 331776K Free: 152256K (46%)
3 ms. Memory: 331776K Free: 151275K (46%)
10012 ms. Memory: 331776K Free: 151275K (46%)
----------------- Invoking toplevel() on ptolemy.moml.MoMLSimpleApplication@5ad5ced9
----------------- Done invoking toplevel() on ptolemy.moml.MoMLSimpleApplication@5ad5ced9
reloadAllAccessors: .ModelReference4

===========================================================================================
----------------- testing Sat Sep 22 02:09:19 UTC 2018 /home/travis/build/icyphy/ptII/ptolemy/actor/lib/hoc/test/auto/MultiInstanceComposite.xml
----------------- Instantiating /home/travis/build/icyphy/ptII/ptolemy/actor/lib/hoc/test/auto/MultiInstanceComposite.xml
31 ms. Memory: 331776K Free: 134470K (41%)
----------------- Invoking toplevel() on ptolemy.moml.MoMLSimpleApplication@63d9c513
----------------- Done invoking toplevel() on ptolemy.moml.MoMLSimpleApplication@63d9c513
reloadAllAccessors: .MultiInstanceComposite

===========================================================================================
----------------- testing Sat Sep 22 02:09:19 UTC 2018 /home/travis/build/icyphy/ptII/ptolemy/actor/lib/hoc/test/auto/MultiInstanceComposite2.xml
----------------- Instantiating /home/travis/build/icyphy/ptII/ptolemy/actor/lib/hoc/test/auto/MultiInstanceComposite2.xml
17 ms. Memory: 331776K Free: 120769K (36%)
----------------- Invoking toplevel() on ptolemy.moml.MoMLSimpleApplication@1479842e
----------------- Done invoking toplevel() on ptolemy.moml.MoMLSimpleApplication@1479842e
reloadAllAccessors: .MultiInstanceComposite2

===========================================================================================
----------------- testing Sat Sep 22 02:09:20 UTC 2018 /home/travis/build/icyphy/ptII/ptolemy/actor/lib/hoc/test/auto/MulticoreExecution.xml
----------------- Instantiating /home/travis/build/icyphy/ptII/ptolemy/actor/lib/hoc/test/auto/MulticoreExecution.xml
Fired ExecutionTime: 13200000
Fired ExecutionTime: 33600000
Fired ExecutionTime: 46800000
Fired ExecutionTime: 46800000
Fired ExecutionTime: 64800000
Fired ExecutionTime: 64000000
Fired ExecutionTime: 66000000
Fired ExecutionTime: 66000000
Fired ExecutionTime: 66000000
Fired ExecutionTime: 66400000
Fired ExecutionTime: 66000000
Fired ExecutionTime: 66000000
Fired ExecutionTime: 64400000
Fired ExecutionTime: 66400000
Fired ExecutionTime: 96400000
Fired ExecutionTime: 99600000
Fired ExecutionTime: 106800000
Fired ExecutionTime: 108800000
Fired ExecutionTime: 64800000
Fired ExecutionTime: 66000000
1040 ms. Memory: 331776K Free: 108933K (33%)
----------------- Invoking toplevel() on ptolemy.moml.MoMLSimpleApplication@621c4f44
----------------- Done invoking toplevel() on ptolemy.moml.MoMLSimpleApplication@621c4f44
reloadAllAccessors: .MulticoreExecution

===========================================================================================
----------------- testing Sat Sep 22 02:09:21 UTC 2018 /home/travis/build/icyphy/ptII/ptolemy/actor/lib/hoc/test/auto/ParallelExecution.xml
----------------- Instantiating /home/travis/build/icyphy/ptII/ptolemy/actor/lib/hoc/test/auto/ParallelExecution.xml
916 ms. Memory: 331776K Free: 99075K (30%)
----------------- Invoking toplevel() on ptolemy.moml.MoMLSimpleApplication@459cb163
----------------- Done invoking toplevel() on ptolemy.moml.MoMLSimpleApplication@459cb163
reloadAllAccessors: .ParallelExecution

===========================================================================================
----------------- testing Sat Sep 22 02:09:22 UTC 2018 /home/travis/build/icyphy/ptII/ptolemy/actor/lib/hoc/test/auto/RunCompositeActor.xml
----------------- Instantiating /home/travis/build/icyphy/ptII/ptolemy/actor/lib/hoc/test/auto/RunCompositeActor.xml
11 ms. Memory: 331776K Free: 90327K (27%)
----------------- Invoking toplevel() on ptolemy.moml.MoMLSimpleApplication@209ad691
----------------- Done invoking toplevel() on ptolemy.moml.MoMLSimpleApplication@209ad691
reloadAllAccessors: .RunCompositeActor

===========================================================================================
----------------- testing Sat Sep 22 02:09:22 UTC 2018 /home/travis/build/icyphy/ptII/ptolemy/actor/lib/hoc/test/auto/RunCompositeActor2.xml
----------------- Instantiating /home/travis/build/icyphy/ptII/ptolemy/actor/lib/hoc/test/auto/RunCompositeActor2.xml
8 ms. Memory: 331776K Free: 82415K (25%)
----------------- Invoking toplevel() on ptolemy.moml.MoMLSimpleApplication@3c10dfa8
----------------- Done invoking toplevel() on ptolemy.moml.MoMLSimpleApplication@3c10dfa8
reloadAllAccessors: .RunCompositeActor2

===========================================================================================
----------------- testing Sat Sep 22 02:09:22 UTC 2018 /home/travis/build/icyphy/ptII/ptolemy/actor/lib/hoc/test/auto/RunCompositeActor3.xml
----------------- Instantiating /home/travis/build/icyphy/ptII/ptolemy/actor/lib/hoc/test/auto/RunCompositeActor3.xml
3 ms. Memory: 332288K Free: 320401K (96%)
----------------- Invoking toplevel() on ptolemy.moml.MoMLSimpleApplication@536fcefb
----------------- Done invoking toplevel() on ptolemy.moml.MoMLSimpleApplication@536fcefb
reloadAllAccessors: .RunCompositeActor3

===========================================================================================
----------------- testing Sat Sep 22 02:09:22 UTC 2018 /home/travis/build/icyphy/ptII/ptolemy/actor/lib/hoc/test/auto/RunCompositeActor4.xml
----------------- Instantiating /home/travis/build/icyphy/ptII/ptolemy/actor/lib/hoc/test/auto/RunCompositeActor4.xml
11 ms. Memory: 332288K Free: 308150K (93%)
----------------- Invoking toplevel() on ptolemy.moml.MoMLSimpleApplication@624cf6e1
----------------- Done invoking toplevel() on ptolemy.moml.MoMLSimpleApplication@624cf6e1
reloadAllAccessors: .RunCompositeActor4

===========================================================================================
----------------- testing Sat Sep 22 02:09:22 UTC 2018 /home/travis/build/icyphy/ptII/ptolemy/actor/lib/hoc/test/auto/RunCompositeIterateOverArray.xml
----------------- Instantiating /home/travis/build/icyphy/ptII/ptolemy/actor/lib/hoc/test/auto/RunCompositeIterateOverArray.xml
11 ms. Memory: 332288K Free: 301365K (91%)
----------------- Invoking toplevel() on ptolemy.moml.MoMLSimpleApplication@13085404
----------------- Done invoking toplevel() on ptolemy.moml.MoMLSimpleApplication@13085404
reloadAllAccessors: .RunCompositeIterateOverArray

===========================================================================================
----------------- testing Sat Sep 22 02:09:22 UTC 2018 /home/travis/build/icyphy/ptII/ptolemy/actor/lib/hoc/test/auto/ThreadedJS.xml
----------------- Instantiating /home/travis/build/icyphy/ptII/ptolemy/actor/lib/hoc/test/auto/ThreadedJS.xml
1644 ms. Memory: 539136K Free: 168565K (31%)
----------------- Invoking toplevel() on ptolemy.moml.MoMLSimpleApplication@7a59148a
----------------- Done invoking toplevel() on ptolemy.moml.MoMLSimpleApplication@7a59148a
reloadAllAccessors: .ThreadedJS
AutoTests.java: About to close Vertx.
AutoTests.java: Vertx closed.
]]></system-out>
  <system-err><![CDATA[java.lang.RuntimeException: Execution failed
	at ptolemy.moml.MoMLSimpleApplication$UnloadThread.run(MoMLSimpleApplication.java:402)
Caused by: ptolemy.kernel.util.IllegalActionException: initialize() was called after wrapup() was called but preinitialize() was not called after wrapup().
	at ptolemy.actor.lib.hoc.test.PreinitializeMustBeInvoked.initialize(PreinitializeMustBeInvoked.java:78)
	at ptolemy.actor.Director.initialize(Director.java:938)
	at ptolemy.actor.Director.initialize(Director.java:907)
	at ptolemy.actor.sched.StaticSchedulingDirector.initialize(StaticSchedulingDirector.java:159)
	at ptolemy.domains.sdf.kernel.SDFDirector.initialize(SDFDirector.java:544)
	at ptolemy.actor.CompositeActor.initialize(CompositeActor.java:935)
	at ptolemy.actor.lib.hoc.LifeCycleManager._executeInsideModel(LifeCycleManager.java:339)
	at ptolemy.actor.lib.hoc.RunCompositeActor.fire(RunCompositeActor.java:205)
	at ptolemy.actor.CompositeActor.iterate(CompositeActor.java:1146)
	at ptolemy.actor.sched.StaticSchedulingDirector.fire(StaticSchedulingDirector.java:216)
	at ptolemy.domains.sdf.kernel.SDFDirector.fire(SDFDirector.java:500)
	at ptolemy.actor.CompositeActor.fire(CompositeActor.java:455)
	at ptolemy.actor.Manager.iterate(Manager.java:851)
	at ptolemy.actor.Manager.execute(Manager.java:369)
	at ptolemy.actor.Manager.run(Manager.java:1263)
	at ptolemy.actor.Manager$PtolemyRunThread.run(Manager.java:1915)
java.lang.reflect.InvocationTargetException
	at sun.reflect.NativeConstructorAccessorImpl.newInstance0(Native Method)
	at sun.reflect.NativeConstructorAccessorImpl.newInstance(NativeConstructorAccessorImpl.java:62)
	at sun.reflect.DelegatingConstructorAccessorImpl.newInstance(DelegatingConstructorAccessorImpl.java:45)
	at java.lang.reflect.Constructor.newInstance(Constructor.java:423)
	at ptolemy.util.test.junit.AutoKnownFailedTests.RunModel(AutoKnownFailedTests.java:107)
	at sun.reflect.NativeMethodAccessorImpl.invoke0(Native Method)
	at sun.reflect.NativeMethodAccessorImpl.invoke(NativeMethodAccessorImpl.java:62)
	at sun.reflect.DelegatingMethodAccessorImpl.invoke(DelegatingMethodAccessorImpl.java:43)
	at java.lang.reflect.Method.invoke(Method.java:498)
	at org.junit.runners.model.FrameworkMethod$1.runReflectiveCall(FrameworkMethod.java:44)
	at org.junit.internal.runners.model.ReflectiveCallable.run(ReflectiveCallable.java:15)
	at org.junit.runners.model.FrameworkMethod.invokeExplosively(FrameworkMethod.java:41)
	at junitparams.internal.InvokeParameterisedMethod.evaluate(InvokeParameterisedMethod.java:102)
	at org.junit.internal.runners.statements.FailOnTimeout$1.run(FailOnTimeout.java:28)
Caused by: ptolemy.kernel.util.IllegalActionException: initialize() was called after wrapup() was called but preinitialize() was not called after wrapup().
	at ptolemy.actor.lib.hoc.test.PreinitializeMustBeInvoked.initialize(PreinitializeMustBeInvoked.java:78)
	at ptolemy.actor.Director.initialize(Director.java:938)
	at ptolemy.actor.Director.initialize(Director.java:907)
	at ptolemy.actor.sched.StaticSchedulingDirector.initialize(StaticSchedulingDirector.java:159)
	at ptolemy.domains.sdf.kernel.SDFDirector.initialize(SDFDirector.java:544)
	at ptolemy.actor.CompositeActor.initialize(CompositeActor.java:935)
	at ptolemy.actor.lib.hoc.LifeCycleManager._executeInsideModel(LifeCycleManager.java:339)
	at ptolemy.actor.lib.hoc.RunCompositeActor.fire(RunCompositeActor.java:205)
	at ptolemy.actor.CompositeActor.iterate(CompositeActor.java:1146)
	at ptolemy.actor.sched.StaticSchedulingDirector.fire(StaticSchedulingDirector.java:216)
	at ptolemy.domains.sdf.kernel.SDFDirector.fire(SDFDirector.java:500)
	at ptolemy.actor.CompositeActor.fire(CompositeActor.java:455)
	at ptolemy.actor.Manager.iterate(Manager.java:851)
	at ptolemy.actor.Manager.execute(Manager.java:369)
	at ptolemy.actor.Manager.run(Manager.java:1263)
	at ptolemy.actor.Manager$PtolemyRunThread.run(Manager.java:1915)
]]></system-err>
</testsuite>
