<?xml version="1.0" encoding="UTF-8" ?>
<testsuite errors="0" failures="0" hostname="travis-job-022149d7-0189-40b3-b1e4-a20c5469a756" name="ptolemy.domains.de.test.junit.JUnitTclTest" skipped="0" tests="101" time="120.92" timestamp="2020-03-15T07:12:49">
  <properties>
[...]
</properties>
  <testcase classname="ptolemy.util.test.junit.TclTests" name="[0] /home/travis/build/icyphy/ptII/ptolemy/domains/de/test/DependencyLoop.tcl (RunTclFile)" time="0.901" />
  <testcase classname="ptolemy.util.test.junit.TclTests" name="[1] /home/travis/build/icyphy/ptII/ptolemy/domains/de/test/RunDETestsAsQSS.tcl (RunTclFile)" time="82.084" />
  <testcase classname="ptolemy.util.test.junit.AutoKnownFailedTests" name="[0] /home/travis/build/icyphy/ptII/ptolemy/domains/de/test/auto/knownFailedTests/DESDFClockTest.xml (RunModel)" time="2.045" />
  <testcase classname="ptolemy.util.test.junit.AutoKnownFailedTests" name="[1] /home/travis/build/icyphy/ptII/ptolemy/domains/de/test/auto/knownFailedTests/DirectFeedback.xml (RunModel)" time="0.014" />
  <testcase classname="ptolemy.util.test.junit.AutoKnownFailedTests" name="[2] /home/travis/build/icyphy/ptII/ptolemy/domains/de/test/auto/knownFailedTests/FSMSource.xml (RunModel)" time="0.037" />
  <testcase classname="ptolemy.util.test.junit.AutoKnownFailedTests" name="[3] /home/travis/build/icyphy/ptII/ptolemy/domains/de/test/auto/knownFailedTests/HierarchicalModel.xml (RunModel)" time="0.052" />
  <testcase classname="ptolemy.util.test.junit.AutoKnownFailedTests" name="[4] /home/travis/build/icyphy/ptII/ptolemy/domains/de/test/auto/knownFailedTests/dependencyLoop.xml (RunModel)" time="0.038" />
  <testcase classname="ptolemy.util.test.junit.AutoKnownFailedTests" name="[5] /home/travis/build/icyphy/ptII/ptolemy/domains/de/test/auto/knownFailedTests/dependencyLoop2.xml (RunModel)" time="0.042" />
  <testcase classname="ptolemy.util.test.junit.AutoNameArchTests" name="[0] ThereAreNoAutoArchTests (RunModel)" time="0.002" />
  <testcase classname="ptolemy.util.test.junit.AutoTests" name="[0] /home/travis/build/icyphy/ptII/ptolemy/domains/de/test/auto/ActorDepthCalculation_actorWithoutPorts.xml (RunModel)" time="0.022" />
  <testcase classname="ptolemy.util.test.junit.AutoTests" name="[1] /home/travis/build/icyphy/ptII/ptolemy/domains/de/test/auto/AssemblyLine.xml (RunModel)" time="0.022" />
  <testcase classname="ptolemy.util.test.junit.AutoTests" name="[2] /home/travis/build/icyphy/ptII/ptolemy/domains/de/test/auto/CQBug1.xml (RunModel)" time="0.015" />
  <testcase classname="ptolemy.util.test.junit.AutoTests" name="[3] /home/travis/build/icyphy/ptII/ptolemy/domains/de/test/auto/CancelFireAt.xml (RunModel)" time="0.014" />
  <testcase classname="ptolemy.util.test.junit.AutoTests" name="[4] /home/travis/build/icyphy/ptII/ptolemy/domains/de/test/auto/CausalityAndComposabilityAnalysis.xml (RunModel)" time="0.018" />
  <testcase classname="ptolemy.util.test.junit.AutoTests" name="[5] /home/travis/build/icyphy/ptII/ptolemy/domains/de/test/auto/CausalityInterface1.xml (RunModel)" time="0.014" />
  <testcase classname="ptolemy.util.test.junit.AutoTests" name="[6] /home/travis/build/icyphy/ptII/ptolemy/domains/de/test/auto/CausalityInterface15.xml (RunModel)" time="0.014" />
  <testcase classname="ptolemy.util.test.junit.AutoTests" name="[7] /home/travis/build/icyphy/ptII/ptolemy/domains/de/test/auto/CausalityInterface2.xml (RunModel)" time="0.011" />
  <testcase classname="ptolemy.util.test.junit.AutoTests" name="[8] /home/travis/build/icyphy/ptII/ptolemy/domains/de/test/auto/CausalityInterface3.xml (RunModel)" time="0.015" />
  <testcase classname="ptolemy.util.test.junit.AutoTests" name="[9] /home/travis/build/icyphy/ptII/ptolemy/domains/de/test/auto/ClockDrift.xml (RunModel)" time="0.037" />
  <testcase classname="ptolemy.util.test.junit.AutoTests" name="[10] /home/travis/build/icyphy/ptII/ptolemy/domains/de/test/auto/ClockDriftAndValueChange.xml (RunModel)" time="0.031" />
  <testcase classname="ptolemy.util.test.junit.AutoTests" name="[11] /home/travis/build/icyphy/ptII/ptolemy/domains/de/test/auto/ClockDriftChange.xml (RunModel)" time="0.031" />
  <testcase classname="ptolemy.util.test.junit.AutoTests" name="[12] /home/travis/build/icyphy/ptII/ptolemy/domains/de/test/auto/ComposableCausalityAnalysis.xml (RunModel)" time="0.016" />
  <testcase classname="ptolemy.util.test.junit.AutoTests" name="[13] /home/travis/build/icyphy/ptII/ptolemy/domains/de/test/auto/DEFixedPointLimitation.xml (RunModel)" time="0.009" />
  <testcase classname="ptolemy.util.test.junit.AutoTests" name="[14] /home/travis/build/icyphy/ptII/ptolemy/domains/de/test/auto/DEScheduleTest.xml (RunModel)" time="0.012" />
  <testcase classname="ptolemy.util.test.junit.AutoTests" name="[15] /home/travis/build/icyphy/ptII/ptolemy/domains/de/test/auto/DEinDEwithStartTimes.xml (RunModel)" time="0.014" />
  <testcase classname="ptolemy.util.test.junit.AutoTests" name="[16] /home/travis/build/icyphy/ptII/ptolemy/domains/de/test/auto/DEinDEwithStartTimes2.xml (RunModel)" time="0.019" />
  <testcase classname="ptolemy.util.test.junit.AutoTests" name="[17] /home/travis/build/icyphy/ptII/ptolemy/domains/de/test/auto/DateDemo.xml (RunModel)" time="0.026" />
  <testcase classname="ptolemy.util.test.junit.AutoTests" name="[18] /home/travis/build/icyphy/ptII/ptolemy/domains/de/test/auto/DateToEvent.xml (RunModel)" time="2.042" />
  <testcase classname="ptolemy.util.test.junit.AutoTests" name="[19] /home/travis/build/icyphy/ptII/ptolemy/domains/de/test/auto/DepthTest1.xml (RunModel)" time="0.016" />
  <testcase classname="ptolemy.util.test.junit.AutoTests" name="[20] /home/travis/build/icyphy/ptII/ptolemy/domains/de/test/auto/DepthTest2.xml (RunModel)" time="0.018" />
  <testcase classname="ptolemy.util.test.junit.AutoTests" name="[21] /home/travis/build/icyphy/ptII/ptolemy/domains/de/test/auto/DepthTest3.xml (RunModel)" time="0.007" />
  <testcase classname="ptolemy.util.test.junit.AutoTests" name="[22] /home/travis/build/icyphy/ptII/ptolemy/domains/de/test/auto/DepthTest4.xml (RunModel)" time="0.017" />
  <testcase classname="ptolemy.util.test.junit.AutoTests" name="[23] /home/travis/build/icyphy/ptII/ptolemy/domains/de/test/auto/DepthTest5.xml (RunModel)" time="0.016" />
  <testcase classname="ptolemy.util.test.junit.AutoTests" name="[24] /home/travis/build/icyphy/ptII/ptolemy/domains/de/test/auto/DepthTest6.xml (RunModel)" time="0.013" />
  <testcase classname="ptolemy.util.test.junit.AutoTests" name="[25] /home/travis/build/icyphy/ptII/ptolemy/domains/de/test/auto/DepthTest7.xml (RunModel)" time="0.01" />
  <testcase classname="ptolemy.util.test.junit.AutoTests" name="[26] /home/travis/build/icyphy/ptII/ptolemy/domains/de/test/auto/EventToDate.xml (RunModel)" time="3.038" />
  <testcase classname="ptolemy.util.test.junit.AutoTests" name="[27] /home/travis/build/icyphy/ptII/ptolemy/domains/de/test/auto/FSM1.xml (RunModel)" time="0.042" />
  <testcase classname="ptolemy.util.test.junit.AutoTests" name="[28] /home/travis/build/icyphy/ptII/ptolemy/domains/de/test/auto/FSM7.xml (RunModel)" time="0.046" />
  <testcase classname="ptolemy.util.test.junit.AutoTests" name="[29] /home/travis/build/icyphy/ptII/ptolemy/domains/de/test/auto/Inspection.xml (RunModel)" time="0.038" />
  <testcase classname="ptolemy.util.test.junit.AutoTests" name="[30] /home/travis/build/icyphy/ptII/ptolemy/domains/de/test/auto/Iteration.xml (RunModel)" time="0.02" />
  <testcase classname="ptolemy.util.test.junit.AutoTests" name="[31] /home/travis/build/icyphy/ptII/ptolemy/domains/de/test/auto/LineFault.xml (RunModel)" time="0.552" />
  <testcase classname="ptolemy.util.test.junit.AutoTests" name="[32] /home/travis/build/icyphy/ptII/ptolemy/domains/de/test/auto/MergeModel1Add.xml (RunModel)" time="0.041" />
  <testcase classname="ptolemy.util.test.junit.AutoTests" name="[33] /home/travis/build/icyphy/ptII/ptolemy/domains/de/test/auto/MergeModel2Add.xml (RunModel)" time="0.048" />
  <testcase classname="ptolemy.util.test.junit.AutoTests" name="[34] /home/travis/build/icyphy/ptII/ptolemy/domains/de/test/auto/MergeModel3Add.xml (RunModel)" time="0.04" />
  <testcase classname="ptolemy.util.test.junit.AutoTests" name="[35] /home/travis/build/icyphy/ptII/ptolemy/domains/de/test/auto/MergeWithoutDiscard.xml (RunModel)" time="0.01" />
  <testcase classname="ptolemy.util.test.junit.AutoTests" name="[36] /home/travis/build/icyphy/ptII/ptolemy/domains/de/test/auto/Modal1.xml (RunModel)" time="0.024" />
  <testcase classname="ptolemy.util.test.junit.AutoTests" name="[37] /home/travis/build/icyphy/ptII/ptolemy/domains/de/test/auto/Modal2.xml (RunModel)" time="0.026" />
  <testcase classname="ptolemy.util.test.junit.AutoTests" name="[38] /home/travis/build/icyphy/ptII/ptolemy/domains/de/test/auto/Modal3.xml (RunModel)" time="0.026" />
  <testcase classname="ptolemy.util.test.junit.AutoTests" name="[39] /home/travis/build/icyphy/ptII/ptolemy/domains/de/test/auto/Modal4.xml (RunModel)" time="0.027" />
  <testcase classname="ptolemy.util.test.junit.AutoTests" name="[40] /home/travis/build/icyphy/ptII/ptolemy/domains/de/test/auto/Modal5.xml (RunModel)" time="0.028" />
  <testcase classname="ptolemy.util.test.junit.AutoTests" name="[41] /home/travis/build/icyphy/ptII/ptolemy/domains/de/test/auto/Modal6.xml (RunModel)" time="0.022" />
  <testcase classname="ptolemy.util.test.junit.AutoTests" name="[42] /home/travis/build/icyphy/ptII/ptolemy/domains/de/test/auto/Modal7.xml (RunModel)" time="0.028" />
  <testcase classname="ptolemy.util.test.junit.AutoTests" name="[43] /home/travis/build/icyphy/ptII/ptolemy/domains/de/test/auto/ModalModel.xml (RunModel)" time="0.157" />
  <testcase classname="ptolemy.util.test.junit.AutoTests" name="[44] /home/travis/build/icyphy/ptII/ptolemy/domains/de/test/auto/ModalSource.xml (RunModel)" time="0.021" />
  <testcase classname="ptolemy.util.test.junit.AutoTests" name="[45] /home/travis/build/icyphy/ptII/ptolemy/domains/de/test/auto/NonInterruptibleTimerZeroDelay.xml (RunModel)" time="0.008" />
  <testcase classname="ptolemy.util.test.junit.AutoTests" name="[46] /home/travis/build/icyphy/ptII/ptolemy/domains/de/test/auto/OpenQueueingNetwork.xml (RunModel)" time="2.162" />
  <testcase classname="ptolemy.util.test.junit.AutoTests" name="[47] /home/travis/build/icyphy/ptII/ptolemy/domains/de/test/auto/OpenQueuingNetwork.xml (RunModel)" time="0.252" />
  <testcase classname="ptolemy.util.test.junit.AutoTests" name="[48] /home/travis/build/icyphy/ptII/ptolemy/domains/de/test/auto/PeriodicSampler.xml (RunModel)" time="0.008" />
  <testcase classname="ptolemy.util.test.junit.AutoTests" name="[49] /home/travis/build/icyphy/ptII/ptolemy/domains/de/test/auto/PersistentIO.xml (RunModel)" time="0.023" />
  <testcase classname="ptolemy.util.test.junit.AutoTests" name="[50] /home/travis/build/icyphy/ptII/ptolemy/domains/de/test/auto/PortParameterResetOnInitialize.xml (RunModel)" time="0.009" />
  <testcase classname="ptolemy.util.test.junit.AutoTests" name="[51] /home/travis/build/icyphy/ptII/ptolemy/domains/de/test/auto/PortParameterUpdates.xml (RunModel)" time="0.014" />
  <testcase classname="ptolemy.util.test.junit.AutoTests" name="[52] /home/travis/build/icyphy/ptII/ptolemy/domains/de/test/auto/QueueAndServer.xml (RunModel)" time="0.019" />
  <testcase classname="ptolemy.util.test.junit.AutoTests" name="[53] /home/travis/build/icyphy/ptII/ptolemy/domains/de/test/auto/Records.xml (RunModel)" time="0.014" />
  <testcase classname="ptolemy.util.test.junit.AutoTests" name="[54] /home/travis/build/icyphy/ptII/ptolemy/domains/de/test/auto/ResetTransitionWithStartTime1.xml (RunModel)" time="0.015" />
  <testcase classname="ptolemy.util.test.junit.AutoTests" name="[55] /home/travis/build/icyphy/ptII/ptolemy/domains/de/test/auto/ResetTransitionWithStartTime2.xml (RunModel)" time="0.018" />
  <testcase classname="ptolemy.util.test.junit.AutoTests" name="[56] /home/travis/build/icyphy/ptII/ptolemy/domains/de/test/auto/ResetTransitionWithStartTime3.xml (RunModel)" time="0.015" />
  <testcase classname="ptolemy.util.test.junit.AutoTests" name="[57] /home/travis/build/icyphy/ptII/ptolemy/domains/de/test/auto/ResetTransitionWithStartTime4.xml (RunModel)" time="0.017" />
  <testcase classname="ptolemy.util.test.junit.AutoTests" name="[58] /home/travis/build/icyphy/ptII/ptolemy/domains/de/test/auto/ResettableTimer1.xml (RunModel)" time="0.01" />
  <testcase classname="ptolemy.util.test.junit.AutoTests" name="[59] /home/travis/build/icyphy/ptII/ptolemy/domains/de/test/auto/ResettableTimer2.xml (RunModel)" time="0.008" />
  <testcase classname="ptolemy.util.test.junit.AutoTests" name="[60] /home/travis/build/icyphy/ptII/ptolemy/domains/de/test/auto/ResettableTimer3.xml (RunModel)" time="0.007" />
  <testcase classname="ptolemy.util.test.junit.AutoTests" name="[61] /home/travis/build/icyphy/ptII/ptolemy/domains/de/test/auto/ResettableTimer4.xml (RunModel)" time="0.008" />
  <testcase classname="ptolemy.util.test.junit.AutoTests" name="[62] /home/travis/build/icyphy/ptII/ptolemy/domains/de/test/auto/ResettableTimer5.xml (RunModel)" time="0.008" />
  <testcase classname="ptolemy.util.test.junit.AutoTests" name="[63] /home/travis/build/icyphy/ptII/ptolemy/domains/de/test/auto/ResettableTimer6.xml (RunModel)" time="0.017" />
  <testcase classname="ptolemy.util.test.junit.AutoTests" name="[64] /home/travis/build/icyphy/ptII/ptolemy/domains/de/test/auto/ServerZeroDelay.xml (RunModel)" time="0.008" />
  <testcase classname="ptolemy.util.test.junit.AutoTests" name="[65] /home/travis/build/icyphy/ptII/ptolemy/domains/de/test/auto/SmartSender.xml (RunModel)" time="3.007" />
  <testcase classname="ptolemy.util.test.junit.AutoTests" name="[66] /home/travis/build/icyphy/ptII/ptolemy/domains/de/test/auto/ThreadedComposite.xml (RunModel)" time="0.104" />
  <testcase classname="ptolemy.util.test.junit.AutoTests" name="[67] /home/travis/build/icyphy/ptII/ptolemy/domains/de/test/auto/Time.xml (RunModel)" time="0.352" />
  <testcase classname="ptolemy.util.test.junit.AutoTests" name="[68] /home/travis/build/icyphy/ptII/ptolemy/domains/de/test/auto/TimeDelayZeroDelay.xml (RunModel)" time="0.017" />
  <testcase classname="ptolemy.util.test.junit.AutoTests" name="[69] /home/travis/build/icyphy/ptII/ptolemy/domains/de/test/auto/TimerZeroDelay.xml (RunModel)" time="0.007" />
  <testcase classname="ptolemy.util.test.junit.AutoTests" name="[70] /home/travis/build/icyphy/ptII/ptolemy/domains/de/test/auto/TimingParadox.xml (RunModel)" time="0.304" />
  <testcase classname="ptolemy.util.test.junit.AutoTests" name="[71] /home/travis/build/icyphy/ptII/ptolemy/domains/de/test/auto/TransferInputs.xml (RunModel)" time="0.009" />
  <testcase classname="ptolemy.util.test.junit.AutoTests" name="[72] /home/travis/build/icyphy/ptII/ptolemy/domains/de/test/auto/TransferOutputs2.xml (RunModel)" time="0.012" />
  <testcase classname="ptolemy.util.test.junit.AutoTests" name="[73] /home/travis/build/icyphy/ptII/ptolemy/domains/de/test/auto/Trilateration.xml (RunModel)" time="10.308" />
  <testcase classname="ptolemy.util.test.junit.AutoTests" name="[74] /home/travis/build/icyphy/ptII/ptolemy/domains/de/test/auto/TwoSigmaDelta.xml (RunModel)" time="1.612" />
  <testcase classname="ptolemy.util.test.junit.AutoTests" name="[75] /home/travis/build/icyphy/ptII/ptolemy/domains/de/test/auto/VariableDelay.xml (RunModel)" time="0.019" />
  <testcase classname="ptolemy.util.test.junit.AutoTests" name="[76] /home/travis/build/icyphy/ptII/ptolemy/domains/de/test/auto/VariableDelay2.xml (RunModel)" time="0.012" />
  <testcase classname="ptolemy.util.test.junit.AutoTests" name="[77] /home/travis/build/icyphy/ptII/ptolemy/domains/de/test/auto/VariableDelayZeroDelay.xml (RunModel)" time="0.017" />
  <testcase classname="ptolemy.util.test.junit.AutoTests" name="[78] /home/travis/build/icyphy/ptII/ptolemy/domains/de/test/auto/VariableDelayZeroDelay2.xml (RunModel)" time="0.017" />
  <testcase classname="ptolemy.util.test.junit.AutoTests" name="[79] /home/travis/build/icyphy/ptII/ptolemy/domains/de/test/auto/deInCt.xml (RunModel)" time="0.016" />
  <testcase classname="ptolemy.util.test.junit.AutoTests" name="[80] /home/travis/build/icyphy/ptII/ptolemy/domains/de/test/auto/deInCt2.xml (RunModel)" time="0.023" />
  <testcase classname="ptolemy.util.test.junit.AutoTests" name="[81] /home/travis/build/icyphy/ptII/ptolemy/domains/de/test/auto/dynamicCausalityInterface1.xml (RunModel)" time="0.015" />
  <testcase classname="ptolemy.util.test.junit.AutoTests" name="[82] /home/travis/build/icyphy/ptII/ptolemy/domains/de/test/auto/fsm_de_test.xml (RunModel)" time="0.021" />
  <testcase classname="ptolemy.util.test.junit.AutoTests" name="[83] /home/travis/build/icyphy/ptII/ptolemy/domains/de/test/auto/functionDependencyReconstruction.xml (RunModel)" time="0.034" />
  <testcase classname="ptolemy.util.test.junit.AutoTests" name="[84] /home/travis/build/icyphy/ptII/ptolemy/domains/de/test/auto/multirate.xml (RunModel)" time="0.019" />
  <testcase classname="ptolemy.util.test.junit.AutoTests" name="[85] /home/travis/build/icyphy/ptII/ptolemy/domains/de/test/auto/multirate2.xml (RunModel)" time="0.035" />
  <testcase classname="ptolemy.util.test.junit.AutoTests" name="[86] /home/travis/build/icyphy/ptII/ptolemy/domains/de/test/auto/realtime.xml (RunModel)" time="10.009" />
  <testcase classname="ptolemy.util.test.junit.AutoTests" name="[87] /home/travis/build/icyphy/ptII/ptolemy/domains/de/test/auto/relationGroup.xml (RunModel)" time="0.008" />
  <testcase classname="ptolemy.util.test.junit.AutoTests" name="[88] /home/travis/build/icyphy/ptII/ptolemy/domains/de/test/auto/relationGroup2.xml (RunModel)" time="0.012" />
  <testcase classname="ptolemy.util.test.junit.AutoTests" name="[89] /home/travis/build/icyphy/ptII/ptolemy/domains/de/test/auto/sortWithOpaquePorts.xml (RunModel)" time="0.008" />
  <testcase classname="ptolemy.util.test.junit.AutoTests" name="[90] /home/travis/build/icyphy/ptII/ptolemy/domains/de/test/auto/transferInputsandOutputs.xml (RunModel)" time="0.012" />
  <testcase classname="ptolemy.util.test.junit.AutoTests" name="[91] /home/travis/build/icyphy/ptII/ptolemy/domains/de/test/auto/triggerType.xml (RunModel)" time="0.019" />
  <system-out><![CDATA[/home/travis/build/icyphy/ptII/ptolemy/domains/de/test/DependencyLoop.tcl
testDefs.tcl: setting time out to 9000 seconds at Sun Mar 15 07:12:49 UTC 2020
80 ms. Memory: 129024K Free: 78278K (61%)
19 ms. Memory: 129024K Free: 60855K (47%)
/home/travis/build/icyphy/ptII/ptolemy/domains/de/test/RunDETestsAsQSS.tcl
Run the DE tests using ptolemy.domains.qss.test.QSSDirectorTest, which extends QSSDirector and prints a message in the constructors.
------------------ testing $PTII/ptolemy/domains/de/test/auto/knownFailedTests/DirectFeedback.xml (Known Failure) 
43 ms. Memory: 129024K Free: 55240K (43%)


==== $PTIIhome/travis/build/icyphy/ptII/ptolemy/domains/de/test/../../../../: Auto Automatic test in file $PTII/ptolemy/domains/de/test/auto/knownFailedTests/DirectFeedback.xml
==== Contents of test case:

	    # FIXME: we should use $relativeFilename here, but it
	    # might have backslashes under Windows, which causes no end
	    # of trouble.
	    createAndExecute $file
	    list {}
	
.... Test generated KNOWN error:
    while executing
ptolemy.kernel.util.IllegalActionException: Test fails in iteration 1.
Value was: 1.0. Should have been: 2.0
  in .DirectFeedback.Test
	at ptolemy.actor.lib.Test.fire(Test.java:268)
	at ptolemy.domains.de.kernel.DEDirector._fire(DEDirector.java:1949)
	at ptolemy.domains.de.kernel.DEDirector.fire(DEDirector.java:502)
	at ptolemy.actor.CompositeActor.fire(CompositeActor.java:455)
	at ptolemy.actor.Manager.iterate(Manager.java:851)
	at ptolemy.actor.Manager.execute(Manager.java:369)
	at ptolemy.actor.Manager.run(Manager.java:1263)
	at ptolemy.actor.Manager$PtolemyRunThread.run(Manager.java:1933)

    while executing
ptolemy.kernel.util.IllegalActionException: Test fails in iteration 1.
Value was: 1.0. Should have been: 2.0
  in .DirectFeedback.Test
    while executing
"java::new ptolemy.moml.MoMLSimpleApplication $file
"
    (procedure "createAndExecute" line 2)
    invoked from within
"createAndExecute $file"
    ("uplevel" body line 5)
    invoked from within
"uplevel $contents_of_test"
------------------ testing $PTII/ptolemy/domains/de/test/auto/knownFailedTests/dependencyLoop.xml (Known Failure) 
16 ms. Memory: 129024K Free: 52168K (40%)


==== $PTIIhome/travis/build/icyphy/ptII/ptolemy/domains/de/test/../../../../: Auto Automatic test in file $PTII/ptolemy/domains/de/test/auto/knownFailedTests/dependencyLoop.xml
==== Contents of test case:

	    # FIXME: we should use $relativeFilename here, but it
	    # might have backslashes under Windows, which causes no end
	    # of trouble.
	    createAndExecute $file
	    list {}
	
.... Test generated KNOWN error:
    while executing
ptolemy.kernel.util.IllegalActionException: Found a zero delay loop containing .dependencyLoop.original
  in .dependencyLoop and .dependencyLoop.original
	at ptolemy.actor.util.CausalityInterfaceForComposites._computeOutputPortDepth(CausalityInterfaceForComposites.java:759)
	at ptolemy.actor.util.CausalityInterfaceForComposites._computeInputDepth(CausalityInterfaceForComposites.java:696)
	at ptolemy.actor.util.CausalityInterfaceForComposites._computeOutputPortDepth(CausalityInterfaceForComposites.java:765)
	at ptolemy.actor.util.CausalityInterfaceForComposites._computeInputDepth(CausalityInterfaceForComposites.java:696)
	at ptolemy.actor.util.CausalityInterfaceForComposites._computeOutputPortDepth(CausalityInterfaceForComposites.java:765)
	at ptolemy.actor.util.CausalityInterfaceForComposites._computeInputDepth(CausalityInterfaceForComposites.java:696)
	at ptolemy.actor.util.CausalityInterfaceForComposites._computeActorDepth(CausalityInterfaceForComposites.java:532)
	at ptolemy.actor.util.CausalityInterfaceForComposites.checkForCycles(CausalityInterfaceForComposites.java:96)
	at ptolemy.domains.de.kernel.DEDirector.preinitialize(DEDirector.java:1338)
	at ptolemy.actor.CompositeActor.preinitialize(CompositeActor.java:1828)
	at ptolemy.actor.Manager.preinitializeAndResolveTypes(Manager.java:1040)
	at ptolemy.actor.Manager.initialize(Manager.java:710)
	at ptolemy.actor.Manager.execute(Manager.java:356)
	at ptolemy.actor.Manager.run(Manager.java:1263)
	at ptolemy.actor.Manager$PtolemyRunThread.run(Manager.java:1933)

    while executing
ptolemy.kernel.util.IllegalActionException: Found a zero delay loop containing .dependencyLoop.original
  in .dependencyLoop and .dependencyLoop.original
    while executing
"java::new ptolemy.moml.MoMLSimpleApplication $file
"
    (procedure "createAndExecute" line 2)
    invoked from within
"createAndExecute $file"
    ("uplevel" body line 5)
    invoked from within
"uplevel $contents_of_test"
------------------ testing $PTII/ptolemy/domains/de/test/auto/knownFailedTests/FSMSource.xml (Known Failure) 
36 ms. Memory: 129024K Free: 110379K (86%)
!!!! Auto was marked as failing, but now passes
------------------ testing $PTII/ptolemy/domains/de/test/auto/knownFailedTests/HierarchicalModel.xml (Known Failure) 
10 ms. Memory: 129024K Free: 93341K (72%)


==== $PTIIhome/travis/build/icyphy/ptII/ptolemy/domains/de/test/../../../../: Auto Automatic test in file $PTII/ptolemy/domains/de/test/auto/knownFailedTests/HierarchicalModel.xml
==== Contents of test case:

	    # FIXME: we should use $relativeFilename here, but it
	    # might have backslashes under Windows, which causes no end
	    # of trouble.
	    createAndExecute $file
	    list {}
	
.... Test generated KNOWN error:
    while executing
ptolemy.kernel.util.IllegalActionException: Found a zero delay loop containing .HierarchicalModel.A
  in .HierarchicalModel and .HierarchicalModel.A
	at ptolemy.actor.util.CausalityInterfaceForComposites._computeOutputPortDepth(CausalityInterfaceForComposites.java:759)
	at ptolemy.actor.util.CausalityInterfaceForComposites._computeInputDepth(CausalityInterfaceForComposites.java:696)
	at ptolemy.actor.util.CausalityInterfaceForComposites._computeOutputPortDepth(CausalityInterfaceForComposites.java:765)
	at ptolemy.actor.util.CausalityInterfaceForComposites._computeInputDepth(CausalityInterfaceForComposites.java:696)
	at ptolemy.actor.util.CausalityInterfaceForComposites._computeOutputPortDepth(CausalityInterfaceForComposites.java:765)
	at ptolemy.actor.util.CausalityInterfaceForComposites._computeInputDepth(CausalityInterfaceForComposites.java:696)
	at ptolemy.actor.util.CausalityInterfaceForComposites._computeActorDepth(CausalityInterfaceForComposites.java:532)
	at ptolemy.actor.util.CausalityInterfaceForComposites.checkForCycles(CausalityInterfaceForComposites.java:96)
	at ptolemy.domains.de.kernel.DEDirector.preinitialize(DEDirector.java:1338)
	at ptolemy.actor.CompositeActor.preinitialize(CompositeActor.java:1828)
	at ptolemy.actor.Manager.preinitializeAndResolveTypes(Manager.java:1040)
	at ptolemy.actor.Manager.initialize(Manager.java:710)
	at ptolemy.actor.Manager.execute(Manager.java:356)
	at ptolemy.actor.Manager.run(Manager.java:1263)
	at ptolemy.actor.Manager$PtolemyRunThread.run(Manager.java:1933)

    while executing
ptolemy.kernel.util.IllegalActionException: Found a zero delay loop containing .HierarchicalModel.A
  in .HierarchicalModel and .HierarchicalModel.A
    while executing
"java::new ptolemy.moml.MoMLSimpleApplication $file
"
    (procedure "createAndExecute" line 2)
    invoked from within
"createAndExecute $file"
    ("uplevel" body line 5)
    invoked from within
"uplevel $contents_of_test"
------------------ testing $PTII/ptolemy/domains/de/test/auto/knownFailedTests/dependencyLoop2.xml (Known Failure) 
13 ms. Memory: 129024K Free: 77289K (60%)


==== $PTIIhome/travis/build/icyphy/ptII/ptolemy/domains/de/test/../../../../: Auto Automatic test in file $PTII/ptolemy/domains/de/test/auto/knownFailedTests/dependencyLoop2.xml
==== Contents of test case:

	    # FIXME: we should use $relativeFilename here, but it
	    # might have backslashes under Windows, which causes no end
	    # of trouble.
	    createAndExecute $file
	    list {}
	
.... Test generated KNOWN error:
    while executing
ptolemy.kernel.util.IllegalActionException: Found a zero delay loop containing .dependencyLoop2.original
  in .dependencyLoop2 and .dependencyLoop2.original
	at ptolemy.actor.util.CausalityInterfaceForComposites._computeOutputPortDepth(CausalityInterfaceForComposites.java:759)
	at ptolemy.actor.util.CausalityInterfaceForComposites._computeInputDepth(CausalityInterfaceForComposites.java:696)
	at ptolemy.actor.util.CausalityInterfaceForComposites._computeOutputPortDepth(CausalityInterfaceForComposites.java:765)
	at ptolemy.actor.util.CausalityInterfaceForComposites._computeInputDepth(CausalityInterfaceForComposites.java:696)
	at ptolemy.actor.util.CausalityInterfaceForComposites._computeOutputPortDepth(CausalityInterfaceForComposites.java:765)
	at ptolemy.actor.util.CausalityInterfaceForComposites._computeInputDepth(CausalityInterfaceForComposites.java:696)
	at ptolemy.actor.util.CausalityInterfaceForComposites._computeActorDepth(CausalityInterfaceForComposites.java:532)
	at ptolemy.actor.util.CausalityInterfaceForComposites.checkForCycles(CausalityInterfaceForComposites.java:96)
	at ptolemy.domains.de.kernel.DEDirector.preinitialize(DEDirector.java:1338)
	at ptolemy.actor.CompositeActor.preinitialize(CompositeActor.java:1828)
	at ptolemy.actor.Manager.preinitializeAndResolveTypes(Manager.java:1040)
	at ptolemy.actor.Manager.initialize(Manager.java:710)
	at ptolemy.actor.Manager.execute(Manager.java:356)
	at ptolemy.actor.Manager.run(Manager.java:1263)
	at ptolemy.actor.Manager$PtolemyRunThread.run(Manager.java:1933)

    while executing
ptolemy.kernel.util.IllegalActionException: Found a zero delay loop containing .dependencyLoop2.original
  in .dependencyLoop2 and .dependencyLoop2.original
    while executing
"java::new ptolemy.moml.MoMLSimpleApplication $file
"
    (procedure "createAndExecute" line 2)
    invoked from within
"createAndExecute $file"
    ("uplevel" body line 5)
    invoked from within
"uplevel $contents_of_test"
------------------ testing $PTII/ptolemy/domains/de/test/auto/knownFailedTests/DESDFClockTest.xml (Known Failure) 
2041 ms. Memory: 129024K Free: 107261K (83%)


==== $PTIIhome/travis/build/icyphy/ptII/ptolemy/domains/de/test/../../../../: Auto Automatic test in file $PTII/ptolemy/domains/de/test/auto/knownFailedTests/DESDFClockTest.xml
==== Contents of test case:

	    # FIXME: we should use $relativeFilename here, but it
	    # might have backslashes under Windows, which causes no end
	    # of trouble.
	    createAndExecute $file
	    list {}
	
.... Test generated KNOWN error:
    while executing
ptolemy.kernel.util.IllegalActionException: Actor is not ready to fire.  Perhaps UpSample.prefire() returned false? Try debugging the actor by selecting "Listen to Actor".  Also, for SDF check moml for tokenConsumptionRate on input.
  in .DESDFClockTest.Play Bell.Copy1:SDF Director and .DESDFClockTest.Play Bell.UpSample
	at ptolemy.actor.sched.StaticSchedulingDirector.fire(StaticSchedulingDirector.java:227)
	at ptolemy.domains.sdf.kernel.SDFDirector.fire(SDFDirector.java:500)
	at ptolemy.actor.CompositeActor.fire(CompositeActor.java:455)
	at ptolemy.domains.de.kernel.DEDirector._fire(DEDirector.java:1949)
	at ptolemy.domains.de.kernel.DEDirector.fire(DEDirector.java:502)
	at ptolemy.actor.CompositeActor.fire(CompositeActor.java:455)
	at ptolemy.actor.Manager.iterate(Manager.java:851)
	at ptolemy.actor.Manager.execute(Manager.java:369)
	at ptolemy.actor.Manager.run(Manager.java:1263)
	at ptolemy.actor.Manager$PtolemyRunThread.run(Manager.java:1933)

    while executing
ptolemy.kernel.util.IllegalActionException: Actor is not ready to fire.  Perhaps UpSample.prefire() returned false? Try debugging the actor by selecting "Listen to Actor".  Also, for SDF check moml for tokenConsumptionRate on input.
  in .DESDFClockTest.Play Bell.Copy1:SDF Director and .DESDFClockTest.Play Bell.UpSample
    while executing
"java::new ptolemy.moml.MoMLSimpleApplication $file
"
    (procedure "createAndExecute" line 2)
    invoked from within
"createAndExecute $file"
    ("uplevel" body line 5)
    invoked from within
"uplevel $contents_of_test"
------------------ testing $PTII/ptolemy/domains/de/test/auto/ActorDepthCalculation_actorWithoutPorts.xml
auto.tcl: Setting watchdog for 200 seconds at Sun Mar 15 07:12:53 UTC 2020
4 ms. Memory: 129024K Free: 99565K (77%)
ptolemy.util.test.WatchDog.cancel(): canceling Sun Mar 15 07:12:53 UTC 2020
auto.tcl: Setting watchdog for 200 seconds at Sun Mar 15 07:12:53 UTC 2020
6 ms. Memory: 129024K Free: 98045K (76%)
ptolemy.util.test.WatchDog.cancel(): canceling Sun Mar 15 07:12:53 UTC 2020
------------------ testing $PTII/ptolemy/domains/de/test/auto/AssemblyLine.xml
auto.tcl: Setting watchdog for 200 seconds at Sun Mar 15 07:12:53 UTC 2020
16 ms. Memory: 51200K Free: 28130K (55%)
ptolemy.util.test.WatchDog.cancel(): canceling Sun Mar 15 07:12:53 UTC 2020
auto.tcl: Setting watchdog for 200 seconds at Sun Mar 15 07:12:53 UTC 2020
7 ms. Memory: 51200K Free: 27248K (53%)
ptolemy.util.test.WatchDog.cancel(): canceling Sun Mar 15 07:12:53 UTC 2020
------------------ testing $PTII/ptolemy/domains/de/test/auto/CQBug1.xml
auto.tcl: Setting watchdog for 200 seconds at Sun Mar 15 07:12:53 UTC 2020
2 ms. Memory: 51200K Free: 33230K (65%)
ptolemy.util.test.WatchDog.cancel(): canceling Sun Mar 15 07:12:53 UTC 2020
auto.tcl: Setting watchdog for 200 seconds at Sun Mar 15 07:12:53 UTC 2020
2 ms. Memory: 51200K Free: 32795K (64%)
ptolemy.util.test.WatchDog.cancel(): canceling Sun Mar 15 07:12:53 UTC 2020
------------------ testing $PTII/ptolemy/domains/de/test/auto/CancelFireAt.xml
auto.tcl: Setting watchdog for 200 seconds at Sun Mar 15 07:12:53 UTC 2020
4 ms. Memory: 48128K Free: 31594K (66%)
ptolemy.util.test.WatchDog.cancel(): canceling Sun Mar 15 07:12:53 UTC 2020
auto.tcl: Setting watchdog for 200 seconds at Sun Mar 15 07:12:53 UTC 2020
2 ms. Memory: 48128K Free: 31127K (65%)
ptolemy.util.test.WatchDog.cancel(): canceling Sun Mar 15 07:12:53 UTC 2020
------------------ testing $PTII/ptolemy/domains/de/test/auto/CausalityAndComposabilityAnalysis.xml
auto.tcl: Setting watchdog for 200 seconds at Sun Mar 15 07:12:53 UTC 2020
6 ms. Memory: 48128K Free: 29419K (61%)
ptolemy.util.test.WatchDog.cancel(): canceling Sun Mar 15 07:12:53 UTC 2020
auto.tcl: Setting watchdog for 200 seconds at Sun Mar 15 07:12:53 UTC 2020
4 ms. Memory: 48128K Free: 28986K (60%)
ptolemy.util.test.WatchDog.cancel(): canceling Sun Mar 15 07:12:53 UTC 2020
------------------ testing $PTII/ptolemy/domains/de/test/auto/CausalityInterface1.xml
auto.tcl: Setting watchdog for 200 seconds at Sun Mar 15 07:12:53 UTC 2020
15 ms. Memory: 48128K Free: 28348K (59%)
ptolemy.util.test.WatchDog.cancel(): canceling Sun Mar 15 07:12:53 UTC 2020
auto.tcl: Setting watchdog for 200 seconds at Sun Mar 15 07:12:53 UTC 2020
3 ms. Memory: 48128K Free: 27364K (57%)
ptolemy.util.test.WatchDog.cancel(): canceling Sun Mar 15 07:12:53 UTC 2020
------------------ testing $PTII/ptolemy/domains/de/test/auto/CausalityInterface15.xml
auto.tcl: Setting watchdog for 200 seconds at Sun Mar 15 07:12:53 UTC 2020
11 ms. Memory: 48128K Free: 28289K (59%)
ptolemy.util.test.WatchDog.cancel(): canceling Sun Mar 15 07:12:53 UTC 2020
auto.tcl: Setting watchdog for 200 seconds at Sun Mar 15 07:12:53 UTC 2020
6 ms. Memory: 48128K Free: 27298K (57%)
ptolemy.util.test.WatchDog.cancel(): canceling Sun Mar 15 07:12:54 UTC 2020
------------------ testing $PTII/ptolemy/domains/de/test/auto/CausalityInterface2.xml
auto.tcl: Setting watchdog for 200 seconds at Sun Mar 15 07:12:54 UTC 2020
5 ms. Memory: 48128K Free: 28986K (60%)
ptolemy.util.test.WatchDog.cancel(): canceling Sun Mar 15 07:12:54 UTC 2020
auto.tcl: Setting watchdog for 200 seconds at Sun Mar 15 07:12:54 UTC 2020
3 ms. Memory: 48128K Free: 28324K (59%)
ptolemy.util.test.WatchDog.cancel(): canceling Sun Mar 15 07:12:54 UTC 2020
------------------ testing $PTII/ptolemy/domains/de/test/auto/CausalityInterface3.xml
auto.tcl: Setting watchdog for 200 seconds at Sun Mar 15 07:12:54 UTC 2020
4 ms. Memory: 48128K Free: 28530K (59%)
ptolemy.util.test.WatchDog.cancel(): canceling Sun Mar 15 07:12:54 UTC 2020
auto.tcl: Setting watchdog for 200 seconds at Sun Mar 15 07:12:54 UTC 2020
3 ms. Memory: 48128K Free: 27743K (58%)
ptolemy.util.test.WatchDog.cancel(): canceling Sun Mar 15 07:12:54 UTC 2020
------------------ testing $PTII/ptolemy/domains/de/test/auto/ClockDrift.xml
auto.tcl: Setting watchdog for 200 seconds at Sun Mar 15 07:12:54 UTC 2020
62 ms. Memory: 48128K Free: 20957K (44%)
ptolemy.util.test.WatchDog.cancel(): canceling Sun Mar 15 07:12:54 UTC 2020
auto.tcl: Setting watchdog for 200 seconds at Sun Mar 15 07:12:54 UTC 2020
36 ms. Memory: 48128K Free: 17679K (37%)
ptolemy.util.test.WatchDog.cancel(): canceling Sun Mar 15 07:12:54 UTC 2020
------------------ testing $PTII/ptolemy/domains/de/test/auto/ClockDriftAndValueChange.xml
auto.tcl: Setting watchdog for 200 seconds at Sun Mar 15 07:12:54 UTC 2020
39 ms. Memory: 48128K Free: 21191K (44%)
ptolemy.util.test.WatchDog.cancel(): canceling Sun Mar 15 07:12:54 UTC 2020
auto.tcl: Setting watchdog for 200 seconds at Sun Mar 15 07:12:54 UTC 2020
28 ms. Memory: 48128K Free: 18357K (38%)
ptolemy.util.test.WatchDog.cancel(): canceling Sun Mar 15 07:12:54 UTC 2020
------------------ testing $PTII/ptolemy/domains/de/test/auto/ClockDriftChange.xml
auto.tcl: Setting watchdog for 200 seconds at Sun Mar 15 07:12:54 UTC 2020
24 ms. Memory: 48128K Free: 23240K (48%)
ptolemy.util.test.WatchDog.cancel(): canceling Sun Mar 15 07:12:54 UTC 2020
auto.tcl: Setting watchdog for 200 seconds at Sun Mar 15 07:12:54 UTC 2020
26 ms. Memory: 48128K Free: 20657K (43%)
ptolemy.util.test.WatchDog.cancel(): canceling Sun Mar 15 07:12:54 UTC 2020
------------------ testing $PTII/ptolemy/domains/de/test/auto/ComposableCausalityAnalysis.xml
auto.tcl: Setting watchdog for 200 seconds at Sun Mar 15 07:12:54 UTC 2020
2 ms. Memory: 48128K Free: 27651K (57%)
ptolemy.util.test.WatchDog.cancel(): canceling Sun Mar 15 07:12:54 UTC 2020
auto.tcl: Setting watchdog for 200 seconds at Sun Mar 15 07:12:54 UTC 2020
3 ms. Memory: 48128K Free: 26573K (55%)
ptolemy.util.test.WatchDog.cancel(): canceling Sun Mar 15 07:12:54 UTC 2020
------------------ testing $PTII/ptolemy/domains/de/test/auto/DEFixedPointLimitation.xml
auto.tcl: Setting watchdog for 200 seconds at Sun Mar 15 07:12:54 UTC 2020
2 ms. Memory: 48128K Free: 28950K (60%)
ptolemy.util.test.WatchDog.cancel(): canceling Sun Mar 15 07:12:54 UTC 2020
auto.tcl: Setting watchdog for 200 seconds at Sun Mar 15 07:12:54 UTC 2020
2 ms. Memory: 48128K Free: 28072K (58%)
ptolemy.util.test.WatchDog.cancel(): canceling Sun Mar 15 07:12:54 UTC 2020
------------------ testing $PTII/ptolemy/domains/de/test/auto/DEScheduleTest.xml
auto.tcl: Setting watchdog for 200 seconds at Sun Mar 15 07:12:54 UTC 2020
4 ms. Memory: 48128K Free: 29266K (61%)
ptolemy.util.test.WatchDog.cancel(): canceling Sun Mar 15 07:12:54 UTC 2020
auto.tcl: Setting watchdog for 200 seconds at Sun Mar 15 07:12:54 UTC 2020
3 ms. Memory: 48128K Free: 28512K (59%)
ptolemy.util.test.WatchDog.cancel(): canceling Sun Mar 15 07:12:54 UTC 2020
------------------ testing $PTII/ptolemy/domains/de/test/auto/DEinDEwithStartTimes.xml
auto.tcl: Setting watchdog for 200 seconds at Sun Mar 15 07:12:54 UTC 2020
3 ms. Memory: 48128K Free: 27439K (57%)
ptolemy.util.test.WatchDog.cancel(): canceling Sun Mar 15 07:12:54 UTC 2020
auto.tcl: Setting watchdog for 200 seconds at Sun Mar 15 07:12:54 UTC 2020
3 ms. Memory: 48128K Free: 26415K (55%)
ptolemy.util.test.WatchDog.cancel(): canceling Sun Mar 15 07:12:54 UTC 2020
------------------ testing $PTII/ptolemy/domains/de/test/auto/DEinDEwithStartTimes2.xml
auto.tcl: Setting watchdog for 200 seconds at Sun Mar 15 07:12:54 UTC 2020
6 ms. Memory: 48128K Free: 26624K (55%)
ptolemy.util.test.WatchDog.cancel(): canceling Sun Mar 15 07:12:54 UTC 2020
auto.tcl: Setting watchdog for 200 seconds at Sun Mar 15 07:12:54 UTC 2020
3 ms. Memory: 48128K Free: 25370K (53%)
ptolemy.util.test.WatchDog.cancel(): canceling Sun Mar 15 07:12:55 UTC 2020
------------------ testing $PTII/ptolemy/domains/de/test/auto/DateDemo.xml
auto.tcl: Setting watchdog for 200 seconds at Sun Mar 15 07:12:55 UTC 2020
19 ms. Memory: 48128K Free: 21011K (44%)
ptolemy.util.test.WatchDog.cancel(): canceling Sun Mar 15 07:12:55 UTC 2020
auto.tcl: Setting watchdog for 200 seconds at Sun Mar 15 07:12:55 UTC 2020
6 ms. Memory: 48128K Free: 19423K (40%)
ptolemy.util.test.WatchDog.cancel(): canceling Sun Mar 15 07:12:55 UTC 2020
------------------ testing $PTII/ptolemy/domains/de/test/auto/DateToEvent.xml
auto.tcl: Setting watchdog for 200 seconds at Sun Mar 15 07:12:55 UTC 2020
2009 ms. Memory: 48128K Free: 16707K (35%)
ptolemy.util.test.WatchDog.cancel(): canceling Sun Mar 15 07:12:57 UTC 2020
auto.tcl: Setting watchdog for 200 seconds at Sun Mar 15 07:12:57 UTC 2020
2004 ms. Memory: 48128K Free: 15961K (33%)
ptolemy.util.test.WatchDog.cancel(): canceling Sun Mar 15 07:12:59 UTC 2020
------------------ testing $PTII/ptolemy/domains/de/test/auto/DepthTest1.xml
auto.tcl: Setting watchdog for 200 seconds at Sun Mar 15 07:12:59 UTC 2020
2 ms. Memory: 48128K Free: 30080K (63%)
ptolemy.util.test.WatchDog.cancel(): canceling Sun Mar 15 07:12:59 UTC 2020
auto.tcl: Setting watchdog for 200 seconds at Sun Mar 15 07:12:59 UTC 2020
7 ms. Memory: 48128K Free: 29698K (62%)
ptolemy.util.test.WatchDog.cancel(): canceling Sun Mar 15 07:12:59 UTC 2020
------------------ testing $PTII/ptolemy/domains/de/test/auto/DepthTest2.xml
auto.tcl: Setting watchdog for 200 seconds at Sun Mar 15 07:12:59 UTC 2020
5 ms. Memory: 48128K Free: 26889K (56%)
ptolemy.util.test.WatchDog.cancel(): canceling Sun Mar 15 07:12:59 UTC 2020
auto.tcl: Setting watchdog for 200 seconds at Sun Mar 15 07:12:59 UTC 2020
3 ms. Memory: 48128K Free: 26459K (55%)
ptolemy.util.test.WatchDog.cancel(): canceling Sun Mar 15 07:12:59 UTC 2020
------------------ testing $PTII/ptolemy/domains/de/test/auto/DepthTest3.xml
auto.tcl: Setting watchdog for 200 seconds at Sun Mar 15 07:12:59 UTC 2020
4 ms. Memory: 48128K Free: 30410K (63%)
ptolemy.util.test.WatchDog.cancel(): canceling Sun Mar 15 07:12:59 UTC 2020
auto.tcl: Setting watchdog for 200 seconds at Sun Mar 15 07:12:59 UTC 2020
1 ms. Memory: 48128K Free: 29981K (62%)
ptolemy.util.test.WatchDog.cancel(): canceling Sun Mar 15 07:12:59 UTC 2020
------------------ testing $PTII/ptolemy/domains/de/test/auto/DepthTest4.xml
auto.tcl: Setting watchdog for 200 seconds at Sun Mar 15 07:12:59 UTC 2020
7 ms. Memory: 48128K Free: 28760K (60%)
ptolemy.util.test.WatchDog.cancel(): canceling Sun Mar 15 07:12:59 UTC 2020
auto.tcl: Setting watchdog for 200 seconds at Sun Mar 15 07:12:59 UTC 2020
3 ms. Memory: 48128K Free: 28016K (58%)
ptolemy.util.test.WatchDog.cancel(): canceling Sun Mar 15 07:12:59 UTC 2020
------------------ testing $PTII/ptolemy/domains/de/test/auto/DepthTest5.xml
auto.tcl: Setting watchdog for 200 seconds at Sun Mar 15 07:12:59 UTC 2020
6 ms. Memory: 48128K Free: 28157K (59%)
ptolemy.util.test.WatchDog.cancel(): canceling Sun Mar 15 07:12:59 UTC 2020
auto.tcl: Setting watchdog for 200 seconds at Sun Mar 15 07:12:59 UTC 2020
2 ms. Memory: 48128K Free: 27372K (57%)
ptolemy.util.test.WatchDog.cancel(): canceling Sun Mar 15 07:12:59 UTC 2020
------------------ testing $PTII/ptolemy/domains/de/test/auto/DepthTest6.xml
auto.tcl: Setting watchdog for 200 seconds at Sun Mar 15 07:12:59 UTC 2020
4 ms. Memory: 48128K Free: 27862K (58%)
ptolemy.util.test.WatchDog.cancel(): canceling Sun Mar 15 07:12:59 UTC 2020
auto.tcl: Setting watchdog for 200 seconds at Sun Mar 15 07:12:59 UTC 2020
2 ms. Memory: 48128K Free: 27457K (57%)
ptolemy.util.test.WatchDog.cancel(): canceling Sun Mar 15 07:12:59 UTC 2020
------------------ testing $PTII/ptolemy/domains/de/test/auto/DepthTest7.xml
auto.tcl: Setting watchdog for 200 seconds at Sun Mar 15 07:12:59 UTC 2020
2 ms. Memory: 48128K Free: 28684K (60%)
ptolemy.util.test.WatchDog.cancel(): canceling Sun Mar 15 07:12:59 UTC 2020
auto.tcl: Setting watchdog for 200 seconds at Sun Mar 15 07:12:59 UTC 2020
4 ms. Memory: 48128K Free: 27962K (58%)
ptolemy.util.test.WatchDog.cancel(): canceling Sun Mar 15 07:12:59 UTC 2020
------------------ testing $PTII/ptolemy/domains/de/test/auto/EventToDate.xml
auto.tcl: Setting watchdog for 200 seconds at Sun Mar 15 07:12:59 UTC 2020
3004 ms. Memory: 48128K Free: 19451K (40%)
ptolemy.util.test.WatchDog.cancel(): canceling Sun Mar 15 07:13:02 UTC 2020
auto.tcl: Setting watchdog for 200 seconds at Sun Mar 15 07:13:02 UTC 2020
3009 ms. Memory: 48128K Free: 18774K (39%)
ptolemy.util.test.WatchDog.cancel(): canceling Sun Mar 15 07:13:05 UTC 2020
------------------ testing $PTII/ptolemy/domains/de/test/auto/FSM1.xml
auto.tcl: Setting watchdog for 200 seconds at Sun Mar 15 07:13:05 UTC 2020
27 ms. Memory: 48128K Free: 20686K (43%)
ptolemy.util.test.WatchDog.cancel(): canceling Sun Mar 15 07:13:05 UTC 2020
auto.tcl: Setting watchdog for 200 seconds at Sun Mar 15 07:13:05 UTC 2020
20 ms. Memory: 48128K Free: 17451K (36%)
ptolemy.util.test.WatchDog.cancel(): canceling Sun Mar 15 07:13:05 UTC 2020
------------------ testing $PTII/ptolemy/domains/de/test/auto/FSM7.xml
auto.tcl: Setting watchdog for 200 seconds at Sun Mar 15 07:13:05 UTC 2020
23 ms. Memory: 48128K Free: 20343K (42%)
ptolemy.util.test.WatchDog.cancel(): canceling Sun Mar 15 07:13:06 UTC 2020
auto.tcl: Setting watchdog for 200 seconds at Sun Mar 15 07:13:06 UTC 2020
23 ms. Memory: 48128K Free: 17230K (36%)
ptolemy.util.test.WatchDog.cancel(): canceling Sun Mar 15 07:13:06 UTC 2020
------------------ testing $PTII/ptolemy/domains/de/test/auto/Inspection.xml
auto.tcl: Setting watchdog for 200 seconds at Sun Mar 15 07:13:06 UTC 2020
25 ms. Memory: 48128K Free: 20391K (42%)
ptolemy.util.test.WatchDog.cancel(): canceling Sun Mar 15 07:13:06 UTC 2020
auto.tcl: Setting watchdog for 200 seconds at Sun Mar 15 07:13:06 UTC 2020
24 ms. Memory: 48128K Free: 18668K (39%)
ptolemy.util.test.WatchDog.cancel(): canceling Sun Mar 15 07:13:06 UTC 2020
------------------ testing $PTII/ptolemy/domains/de/test/auto/Iteration.xml
auto.tcl: Setting watchdog for 200 seconds at Sun Mar 15 07:13:06 UTC 2020
7 ms. Memory: 48128K Free: 26193K (54%)
ptolemy.util.test.WatchDog.cancel(): canceling Sun Mar 15 07:13:06 UTC 2020
auto.tcl: Setting watchdog for 200 seconds at Sun Mar 15 07:13:06 UTC 2020
6 ms. Memory: 48128K Free: 24740K (51%)
ptolemy.util.test.WatchDog.cancel(): canceling Sun Mar 15 07:13:06 UTC 2020
------------------ testing $PTII/ptolemy/domains/de/test/auto/LineFault.xml
auto.tcl: Setting watchdog for 200 seconds at Sun Mar 15 07:13:06 UTC 2020
578 ms. Memory: 58368K Free: 32849K (56%)
ptolemy.util.test.WatchDog.cancel(): canceling Sun Mar 15 07:13:07 UTC 2020
auto.tcl: Setting watchdog for 200 seconds at Sun Mar 15 07:13:07 UTC 2020
524 ms. Memory: 58368K Free: 27050K (46%)
ptolemy.util.test.WatchDog.cancel(): canceling Sun Mar 15 07:13:07 UTC 2020
------------------ testing $PTII/ptolemy/domains/de/test/auto/MergeModel1Add.xml
auto.tcl: Setting watchdog for 200 seconds at Sun Mar 15 07:13:07 UTC 2020
16 ms. Memory: 58368K Free: 22351K (38%)
ptolemy.util.test.WatchDog.cancel(): canceling Sun Mar 15 07:13:07 UTC 2020
auto.tcl: Setting watchdog for 200 seconds at Sun Mar 15 07:13:07 UTC 2020
18 ms. Memory: 58368K Free: 20622K (35%)
ptolemy.util.test.WatchDog.cancel(): canceling Sun Mar 15 07:13:07 UTC 2020
------------------ testing $PTII/ptolemy/domains/de/test/auto/MergeModel2Add.xml
auto.tcl: Setting watchdog for 200 seconds at Sun Mar 15 07:13:07 UTC 2020
7 ms. Memory: 55296K Free: 21280K (38%)
ptolemy.util.test.WatchDog.cancel(): canceling Sun Mar 15 07:13:07 UTC 2020
auto.tcl: Setting watchdog for 200 seconds at Sun Mar 15 07:13:07 UTC 2020
7 ms. Memory: 55296K Free: 19353K (35%)
ptolemy.util.test.WatchDog.cancel(): canceling Sun Mar 15 07:13:07 UTC 2020
------------------ testing $PTII/ptolemy/domains/de/test/auto/MergeModel3Add.xml
auto.tcl: Setting watchdog for 200 seconds at Sun Mar 15 07:13:07 UTC 2020
9 ms. Memory: 55296K Free: 21306K (39%)
ptolemy.util.test.WatchDog.cancel(): canceling Sun Mar 15 07:13:08 UTC 2020
auto.tcl: Setting watchdog for 200 seconds at Sun Mar 15 07:13:08 UTC 2020
9 ms. Memory: 55296K Free: 19889K (36%)
ptolemy.util.test.WatchDog.cancel(): canceling Sun Mar 15 07:13:08 UTC 2020
------------------ testing $PTII/ptolemy/domains/de/test/auto/MergeWithoutDiscard.xml
auto.tcl: Setting watchdog for 200 seconds at Sun Mar 15 07:13:08 UTC 2020
2 ms. Memory: 55296K Free: 36209K (65%)
ptolemy.util.test.WatchDog.cancel(): canceling Sun Mar 15 07:13:08 UTC 2020
auto.tcl: Setting watchdog for 200 seconds at Sun Mar 15 07:13:08 UTC 2020
2 ms. Memory: 55296K Free: 35290K (64%)
ptolemy.util.test.WatchDog.cancel(): canceling Sun Mar 15 07:13:08 UTC 2020
------------------ testing $PTII/ptolemy/domains/de/test/auto/Modal1.xml
auto.tcl: Setting watchdog for 200 seconds at Sun Mar 15 07:13:08 UTC 2020
15 ms. Memory: 51200K Free: 23686K (46%)
ptolemy.util.test.WatchDog.cancel(): canceling Sun Mar 15 07:13:08 UTC 2020
auto.tcl: Setting watchdog for 200 seconds at Sun Mar 15 07:13:08 UTC 2020
19 ms. Memory: 51200K Free: 20225K (40%)
ptolemy.util.test.WatchDog.cancel(): canceling Sun Mar 15 07:13:08 UTC 2020
------------------ testing $PTII/ptolemy/domains/de/test/auto/Modal2.xml
auto.tcl: Setting watchdog for 200 seconds at Sun Mar 15 07:13:08 UTC 2020
13 ms. Memory: 51200K Free: 23850K (47%)
ptolemy.util.test.WatchDog.cancel(): canceling Sun Mar 15 07:13:08 UTC 2020
auto.tcl: Setting watchdog for 200 seconds at Sun Mar 15 07:13:08 UTC 2020
12 ms. Memory: 51200K Free: 20588K (40%)
ptolemy.util.test.WatchDog.cancel(): canceling Sun Mar 15 07:13:08 UTC 2020
------------------ testing $PTII/ptolemy/domains/de/test/auto/Modal3.xml
auto.tcl: Setting watchdog for 200 seconds at Sun Mar 15 07:13:08 UTC 2020
10 ms. Memory: 51200K Free: 23829K (47%)
ptolemy.util.test.WatchDog.cancel(): canceling Sun Mar 15 07:13:08 UTC 2020
auto.tcl: Setting watchdog for 200 seconds at Sun Mar 15 07:13:08 UTC 2020
10 ms. Memory: 51200K Free: 20209K (39%)
ptolemy.util.test.WatchDog.cancel(): canceling Sun Mar 15 07:13:08 UTC 2020
------------------ testing $PTII/ptolemy/domains/de/test/auto/Modal4.xml
auto.tcl: Setting watchdog for 200 seconds at Sun Mar 15 07:13:08 UTC 2020
23 ms. Memory: 51200K Free: 22817K (45%)
ptolemy.util.test.WatchDog.cancel(): canceling Sun Mar 15 07:13:08 UTC 2020
auto.tcl: Setting watchdog for 200 seconds at Sun Mar 15 07:13:08 UTC 2020
15 ms. Memory: 51200K Free: 18983K (37%)
ptolemy.util.test.WatchDog.cancel(): canceling Sun Mar 15 07:13:08 UTC 2020
------------------ testing $PTII/ptolemy/domains/de/test/auto/Modal5.xml
auto.tcl: Setting watchdog for 200 seconds at Sun Mar 15 07:13:08 UTC 2020
13 ms. Memory: 51200K Free: 22794K (45%)
ptolemy.util.test.WatchDog.cancel(): canceling Sun Mar 15 07:13:08 UTC 2020
auto.tcl: Setting watchdog for 200 seconds at Sun Mar 15 07:13:08 UTC 2020
13 ms. Memory: 51200K Free: 18970K (37%)
ptolemy.util.test.WatchDog.cancel(): canceling Sun Mar 15 07:13:08 UTC 2020
------------------ testing $PTII/ptolemy/domains/de/test/auto/Modal6.xml
auto.tcl: Setting watchdog for 200 seconds at Sun Mar 15 07:13:08 UTC 2020
12 ms. Memory: 51200K Free: 23566K (46%)
ptolemy.util.test.WatchDog.cancel(): canceling Sun Mar 15 07:13:08 UTC 2020
auto.tcl: Setting watchdog for 200 seconds at Sun Mar 15 07:13:08 UTC 2020
13 ms. Memory: 51200K Free: 19582K (38%)
ptolemy.util.test.WatchDog.cancel(): canceling Sun Mar 15 07:13:08 UTC 2020
------------------ testing $PTII/ptolemy/domains/de/test/auto/Modal7.xml
auto.tcl: Setting watchdog for 200 seconds at Sun Mar 15 07:13:08 UTC 2020
9 ms. Memory: 51200K Free: 22534K (44%)
ptolemy.util.test.WatchDog.cancel(): canceling Sun Mar 15 07:13:08 UTC 2020
auto.tcl: Setting watchdog for 200 seconds at Sun Mar 15 07:13:08 UTC 2020
10 ms. Memory: 51200K Free: 18969K (37%)
ptolemy.util.test.WatchDog.cancel(): canceling Sun Mar 15 07:13:08 UTC 2020
------------------ testing $PTII/ptolemy/domains/de/test/auto/ModalModel.xml
auto.tcl: Setting watchdog for 200 seconds at Sun Mar 15 07:13:08 UTC 2020
175 ms. Memory: 61440K Free: 25925K (42%)
ptolemy.util.test.WatchDog.cancel(): canceling Sun Mar 15 07:13:09 UTC 2020
auto.tcl: Setting watchdog for 200 seconds at Sun Mar 15 07:13:09 UTC 2020
167 ms. Memory: 61440K Free: 26498K (43%)
ptolemy.util.test.WatchDog.cancel(): canceling Sun Mar 15 07:13:09 UTC 2020
------------------ testing $PTII/ptolemy/domains/de/test/auto/ModalSource.xml
auto.tcl: Setting watchdog for 200 seconds at Sun Mar 15 07:13:09 UTC 2020
5 ms. Memory: 58368K Free: 34292K (59%)
ptolemy.util.test.WatchDog.cancel(): canceling Sun Mar 15 07:13:09 UTC 2020
auto.tcl: Setting watchdog for 200 seconds at Sun Mar 15 07:13:09 UTC 2020
5 ms. Memory: 58368K Free: 32283K (55%)
ptolemy.util.test.WatchDog.cancel(): canceling Sun Mar 15 07:13:09 UTC 2020
------------------ testing $PTII/ptolemy/domains/de/test/auto/NonInterruptibleTimerZeroDelay.xml
auto.tcl: Setting watchdog for 200 seconds at Sun Mar 15 07:13:09 UTC 2020
3 ms. Memory: 55296K Free: 36588K (66%)
ptolemy.util.test.WatchDog.cancel(): canceling Sun Mar 15 07:13:09 UTC 2020
auto.tcl: Setting watchdog for 200 seconds at Sun Mar 15 07:13:09 UTC 2020
2 ms. Memory: 55296K Free: 35980K (65%)
ptolemy.util.test.WatchDog.cancel(): canceling Sun Mar 15 07:13:09 UTC 2020
------------------ testing $PTII/ptolemy/domains/de/test/auto/OpenQueueingNetwork.xml
auto.tcl: Setting watchdog for 200 seconds at Sun Mar 15 07:13:09 UTC 2020
2569 ms. Memory: 111616K Free: 48548K (43%)
ptolemy.util.test.WatchDog.cancel(): canceling Sun Mar 15 07:13:12 UTC 2020
auto.tcl: Setting watchdog for 200 seconds at Sun Mar 15 07:13:12 UTC 2020
2676 ms. Memory: 161792K Free: 135601K (84%)
ptolemy.util.test.WatchDog.cancel(): canceling Sun Mar 15 07:13:14 UTC 2020
------------------ testing $PTII/ptolemy/domains/de/test/auto/OpenQueuingNetwork.xml
auto.tcl: Setting watchdog for 200 seconds at Sun Mar 15 07:13:14 UTC 2020
214 ms. Memory: 58368K Free: 30772K (53%)
ptolemy.util.test.WatchDog.cancel(): canceling Sun Mar 15 07:13:15 UTC 2020
auto.tcl: Setting watchdog for 200 seconds at Sun Mar 15 07:13:15 UTC 2020
210 ms. Memory: 58368K Free: 11173K (19%)
ptolemy.util.test.WatchDog.cancel(): canceling Sun Mar 15 07:13:15 UTC 2020
------------------ testing $PTII/ptolemy/domains/de/test/auto/PeriodicSampler.xml
auto.tcl: Setting watchdog for 200 seconds at Sun Mar 15 07:13:15 UTC 2020
3 ms. Memory: 55296K Free: 35877K (65%)
ptolemy.util.test.WatchDog.cancel(): canceling Sun Mar 15 07:13:15 UTC 2020
auto.tcl: Setting watchdog for 200 seconds at Sun Mar 15 07:13:15 UTC 2020
2 ms. Memory: 55296K Free: 35363K (64%)
ptolemy.util.test.WatchDog.cancel(): canceling Sun Mar 15 07:13:15 UTC 2020
------------------ testing $PTII/ptolemy/domains/de/test/auto/PersistentIO.xml
auto.tcl: Setting watchdog for 200 seconds at Sun Mar 15 07:13:15 UTC 2020
5 ms. Memory: 55296K Free: 30801K (56%)
ptolemy.util.test.WatchDog.cancel(): canceling Sun Mar 15 07:13:15 UTC 2020
auto.tcl: Setting watchdog for 200 seconds at Sun Mar 15 07:13:15 UTC 2020
4 ms. Memory: 55296K Free: 29281K (53%)
ptolemy.util.test.WatchDog.cancel(): canceling Sun Mar 15 07:13:15 UTC 2020
------------------ testing $PTII/ptolemy/domains/de/test/auto/PortParameterResetOnInitialize.xml
auto.tcl: Setting watchdog for 200 seconds at Sun Mar 15 07:13:15 UTC 2020
7 ms. Memory: 55296K Free: 35800K (65%)
ptolemy.util.test.WatchDog.cancel(): canceling Sun Mar 15 07:13:15 UTC 2020
auto.tcl: Setting watchdog for 200 seconds at Sun Mar 15 07:13:15 UTC 2020
1 ms. Memory: 55296K Free: 35290K (64%)
ptolemy.util.test.WatchDog.cancel(): canceling Sun Mar 15 07:13:15 UTC 2020
------------------ testing $PTII/ptolemy/domains/de/test/auto/PortParameterUpdates.xml
auto.tcl: Setting watchdog for 200 seconds at Sun Mar 15 07:13:15 UTC 2020
5 ms. Memory: 55296K Free: 34051K (62%)
ptolemy.util.test.WatchDog.cancel(): canceling Sun Mar 15 07:13:15 UTC 2020
auto.tcl: Setting watchdog for 200 seconds at Sun Mar 15 07:13:15 UTC 2020
5 ms. Memory: 55296K Free: 32846K (59%)
ptolemy.util.test.WatchDog.cancel(): canceling Sun Mar 15 07:13:15 UTC 2020
------------------ testing $PTII/ptolemy/domains/de/test/auto/QueueAndServer.xml
auto.tcl: Setting watchdog for 200 seconds at Sun Mar 15 07:13:15 UTC 2020
5 ms. Memory: 51200K Free: 28645K (56%)
ptolemy.util.test.WatchDog.cancel(): canceling Sun Mar 15 07:13:15 UTC 2020
auto.tcl: Setting watchdog for 200 seconds at Sun Mar 15 07:13:15 UTC 2020
5 ms. Memory: 51200K Free: 27193K (53%)
ptolemy.util.test.WatchDog.cancel(): canceling Sun Mar 15 07:13:15 UTC 2020
------------------ testing $PTII/ptolemy/domains/de/test/auto/Records.xml
auto.tcl: Setting watchdog for 200 seconds at Sun Mar 15 07:13:15 UTC 2020
4 ms. Memory: 51200K Free: 30932K (60%)
ptolemy.util.test.WatchDog.cancel(): canceling Sun Mar 15 07:13:15 UTC 2020
auto.tcl: Setting watchdog for 200 seconds at Sun Mar 15 07:13:15 UTC 2020
2 ms. Memory: 51200K Free: 30387K (59%)
ptolemy.util.test.WatchDog.cancel(): canceling Sun Mar 15 07:13:15 UTC 2020
------------------ testing $PTII/ptolemy/domains/de/test/auto/ResetTransitionWithStartTime1.xml
auto.tcl: Setting watchdog for 200 seconds at Sun Mar 15 07:13:15 UTC 2020
8 ms. Memory: 51200K Free: 28189K (55%)
ptolemy.util.test.WatchDog.cancel(): canceling Sun Mar 15 07:13:15 UTC 2020
auto.tcl: Setting watchdog for 200 seconds at Sun Mar 15 07:13:15 UTC 2020
6 ms. Memory: 51200K Free: 26141K (51%)
ptolemy.util.test.WatchDog.cancel(): canceling Sun Mar 15 07:13:15 UTC 2020
------------------ testing $PTII/ptolemy/domains/de/test/auto/ResetTransitionWithStartTime2.xml
auto.tcl: Setting watchdog for 200 seconds at Sun Mar 15 07:13:15 UTC 2020
5 ms. Memory: 51200K Free: 28145K (55%)
ptolemy.util.test.WatchDog.cancel(): canceling Sun Mar 15 07:13:15 UTC 2020
auto.tcl: Setting watchdog for 200 seconds at Sun Mar 15 07:13:15 UTC 2020
5 ms. Memory: 51200K Free: 26097K (51%)
ptolemy.util.test.WatchDog.cancel(): canceling Sun Mar 15 07:13:15 UTC 2020
------------------ testing $PTII/ptolemy/domains/de/test/auto/ResetTransitionWithStartTime3.xml
auto.tcl: Setting watchdog for 200 seconds at Sun Mar 15 07:13:15 UTC 2020
6 ms. Memory: 51200K Free: 28144K (55%)
ptolemy.util.test.WatchDog.cancel(): canceling Sun Mar 15 07:13:15 UTC 2020
auto.tcl: Setting watchdog for 200 seconds at Sun Mar 15 07:13:15 UTC 2020
5 ms. Memory: 51200K Free: 26111K (51%)
ptolemy.util.test.WatchDog.cancel(): canceling Sun Mar 15 07:13:15 UTC 2020
------------------ testing $PTII/ptolemy/domains/de/test/auto/ResetTransitionWithStartTime4.xml
auto.tcl: Setting watchdog for 200 seconds at Sun Mar 15 07:13:15 UTC 2020
7 ms. Memory: 51200K Free: 28570K (56%)
ptolemy.util.test.WatchDog.cancel(): canceling Sun Mar 15 07:13:16 UTC 2020
auto.tcl: Setting watchdog for 200 seconds at Sun Mar 15 07:13:16 UTC 2020
3 ms. Memory: 51200K Free: 27118K (53%)
ptolemy.util.test.WatchDog.cancel(): canceling Sun Mar 15 07:13:16 UTC 2020
------------------ testing $PTII/ptolemy/domains/de/test/auto/ResettableTimer1.xml
auto.tcl: Setting watchdog for 200 seconds at Sun Mar 15 07:13:16 UTC 2020
2 ms. Memory: 51200K Free: 32320K (63%)
ptolemy.util.test.WatchDog.cancel(): canceling Sun Mar 15 07:13:16 UTC 2020
auto.tcl: Setting watchdog for 200 seconds at Sun Mar 15 07:13:16 UTC 2020
1 ms. Memory: 51200K Free: 31693K (62%)
ptolemy.util.test.WatchDog.cancel(): canceling Sun Mar 15 07:13:16 UTC 2020
------------------ testing $PTII/ptolemy/domains/de/test/auto/ResettableTimer2.xml
auto.tcl: Setting watchdog for 200 seconds at Sun Mar 15 07:13:16 UTC 2020
3 ms. Memory: 51200K Free: 32377K (63%)
ptolemy.util.test.WatchDog.cancel(): canceling Sun Mar 15 07:13:16 UTC 2020
auto.tcl: Setting watchdog for 200 seconds at Sun Mar 15 07:13:16 UTC 2020
2 ms. Memory: 51200K Free: 31763K (62%)
ptolemy.util.test.WatchDog.cancel(): canceling Sun Mar 15 07:13:16 UTC 2020
------------------ testing $PTII/ptolemy/domains/de/test/auto/ResettableTimer3.xml
auto.tcl: Setting watchdog for 200 seconds at Sun Mar 15 07:13:16 UTC 2020
1 ms. Memory: 51200K Free: 32276K (63%)
ptolemy.util.test.WatchDog.cancel(): canceling Sun Mar 15 07:13:16 UTC 2020
auto.tcl: Setting watchdog for 200 seconds at Sun Mar 15 07:13:16 UTC 2020
1 ms. Memory: 51200K Free: 32276K (63%)
ptolemy.util.test.WatchDog.cancel(): canceling Sun Mar 15 07:13:16 UTC 2020
------------------ testing $PTII/ptolemy/domains/de/test/auto/ResettableTimer4.xml
auto.tcl: Setting watchdog for 200 seconds at Sun Mar 15 07:13:16 UTC 2020
2 ms. Memory: 51200K Free: 32290K (63%)
ptolemy.util.test.WatchDog.cancel(): canceling Sun Mar 15 07:13:16 UTC 2020
auto.tcl: Setting watchdog for 200 seconds at Sun Mar 15 07:13:16 UTC 2020
1 ms. Memory: 51200K Free: 31776K (62%)
ptolemy.util.test.WatchDog.cancel(): canceling Sun Mar 15 07:13:16 UTC 2020
------------------ testing $PTII/ptolemy/domains/de/test/auto/ResettableTimer5.xml
auto.tcl: Setting watchdog for 200 seconds at Sun Mar 15 07:13:16 UTC 2020
1 ms. Memory: 51200K Free: 31774K (62%)
ptolemy.util.test.WatchDog.cancel(): canceling Sun Mar 15 07:13:16 UTC 2020
auto.tcl: Setting watchdog for 200 seconds at Sun Mar 15 07:13:16 UTC 2020
1 ms. Memory: 51200K Free: 31264K (61%)
ptolemy.util.test.WatchDog.cancel(): canceling Sun Mar 15 07:13:16 UTC 2020
------------------ testing $PTII/ptolemy/domains/de/test/auto/ResettableTimer6.xml
auto.tcl: Setting watchdog for 200 seconds at Sun Mar 15 07:13:16 UTC 2020
1 ms. Memory: 51200K Free: 31765K (62%)
ptolemy.util.test.WatchDog.cancel(): canceling Sun Mar 15 07:13:16 UTC 2020
auto.tcl: Setting watchdog for 200 seconds at Sun Mar 15 07:13:16 UTC 2020
1 ms. Memory: 51200K Free: 31255K (61%)
ptolemy.util.test.WatchDog.cancel(): canceling Sun Mar 15 07:13:16 UTC 2020
------------------ testing $PTII/ptolemy/domains/de/test/auto/ServerZeroDelay.xml
auto.tcl: Setting watchdog for 200 seconds at Sun Mar 15 07:13:16 UTC 2020
2 ms. Memory: 51200K Free: 32270K (63%)
ptolemy.util.test.WatchDog.cancel(): canceling Sun Mar 15 07:13:16 UTC 2020
auto.tcl: Setting watchdog for 200 seconds at Sun Mar 15 07:13:16 UTC 2020
3 ms. Memory: 51200K Free: 31246K (61%)
ptolemy.util.test.WatchDog.cancel(): canceling Sun Mar 15 07:13:16 UTC 2020
------------------ testing $PTII/ptolemy/domains/de/test/auto/SmartSender.xml
auto.tcl: Setting watchdog for 200 seconds at Sun Mar 15 07:13:16 UTC 2020
3002 ms. Memory: 51200K Free: 31965K (62%)
ptolemy.util.test.WatchDog.cancel(): canceling Sun Mar 15 07:13:19 UTC 2020
auto.tcl: Setting watchdog for 200 seconds at Sun Mar 15 07:13:19 UTC 2020
3002 ms. Memory: 51200K Free: 31453K (61%)
ptolemy.util.test.WatchDog.cancel(): canceling Sun Mar 15 07:13:22 UTC 2020
------------------ testing $PTII/ptolemy/domains/de/test/auto/ThreadedComposite.xml
auto.tcl: Setting watchdog for 200 seconds at Sun Mar 15 07:13:22 UTC 2020
252 ms. Memory: 51200K Free: 11222K (22%)
ptolemy.util.test.WatchDog.cancel(): canceling Sun Mar 15 07:13:22 UTC 2020
auto.tcl: Setting watchdog for 200 seconds at Sun Mar 15 07:13:22 UTC 2020
114 ms. Memory: 51200K Free: 26104K (51%)
ptolemy.util.test.WatchDog.cancel(): canceling Sun Mar 15 07:13:22 UTC 2020
------------------ testing $PTII/ptolemy/domains/de/test/auto/Time.xml
auto.tcl: Setting watchdog for 200 seconds at Sun Mar 15 07:13:23 UTC 2020
417 ms. Memory: 51200K Free: 35037K (68%)
ptolemy.util.test.WatchDog.cancel(): canceling Sun Mar 15 07:13:23 UTC 2020
auto.tcl: Setting watchdog for 200 seconds at Sun Mar 15 07:13:23 UTC 2020
418 ms. Memory: 51200K Free: 8287K (16%)
ptolemy.util.test.WatchDog.cancel(): canceling Sun Mar 15 07:13:23 UTC 2020
------------------ testing $PTII/ptolemy/domains/de/test/auto/TimeDelayZeroDelay.xml
auto.tcl: Setting watchdog for 200 seconds at Sun Mar 15 07:13:23 UTC 2020
3 ms. Memory: 51200K Free: 32193K (63%)
ptolemy.util.test.WatchDog.cancel(): canceling Sun Mar 15 07:13:23 UTC 2020
auto.tcl: Setting watchdog for 200 seconds at Sun Mar 15 07:13:23 UTC 2020
2 ms. Memory: 51200K Free: 31695K (62%)
ptolemy.util.test.WatchDog.cancel(): canceling Sun Mar 15 07:13:23 UTC 2020
------------------ testing $PTII/ptolemy/domains/de/test/auto/TimerZeroDelay.xml
auto.tcl: Setting watchdog for 200 seconds at Sun Mar 15 07:13:23 UTC 2020
3 ms. Memory: 51200K Free: 32383K (63%)
ptolemy.util.test.WatchDog.cancel(): canceling Sun Mar 15 07:13:23 UTC 2020
auto.tcl: Setting watchdog for 200 seconds at Sun Mar 15 07:13:23 UTC 2020
2 ms. Memory: 51200K Free: 31770K (62%)
ptolemy.util.test.WatchDog.cancel(): canceling Sun Mar 15 07:13:23 UTC 2020
------------------ testing $PTII/ptolemy/domains/de/test/auto/TimingParadox.xml
auto.tcl: Setting watchdog for 200 seconds at Sun Mar 15 07:13:24 UTC 2020
292 ms. Memory: 51200K Free: 18882K (37%)
ptolemy.util.test.WatchDog.cancel(): canceling Sun Mar 15 07:13:24 UTC 2020
auto.tcl: Setting watchdog for 200 seconds at Sun Mar 15 07:13:24 UTC 2020
266 ms. Memory: 51200K Free: 34068K (67%)
ptolemy.util.test.WatchDog.cancel(): canceling Sun Mar 15 07:13:24 UTC 2020
------------------ testing $PTII/ptolemy/domains/de/test/auto/TransferInputs.xml
auto.tcl: Setting watchdog for 200 seconds at Sun Mar 15 07:13:24 UTC 2020
2 ms. Memory: 51200K Free: 30703K (60%)
ptolemy.util.test.WatchDog.cancel(): canceling Sun Mar 15 07:13:24 UTC 2020
auto.tcl: Setting watchdog for 200 seconds at Sun Mar 15 07:13:24 UTC 2020
1 ms. Memory: 51200K Free: 29834K (58%)
ptolemy.util.test.WatchDog.cancel(): canceling Sun Mar 15 07:13:24 UTC 2020
------------------ testing $PTII/ptolemy/domains/de/test/auto/TransferOutputs2.xml
auto.tcl: Setting watchdog for 200 seconds at Sun Mar 15 07:13:24 UTC 2020
3 ms. Memory: 51200K Free: 28146K (55%)
ptolemy.util.test.WatchDog.cancel(): canceling Sun Mar 15 07:13:24 UTC 2020
auto.tcl: Setting watchdog for 200 seconds at Sun Mar 15 07:13:24 UTC 2020
3 ms. Memory: 51200K Free: 26734K (52%)
ptolemy.util.test.WatchDog.cancel(): canceling Sun Mar 15 07:13:24 UTC 2020
------------------ testing $PTII/ptolemy/domains/de/test/auto/Trilateration.xml
auto.tcl: Setting watchdog for 200 seconds at Sun Mar 15 07:13:24 UTC 2020
11866 ms. Memory: 491520K Free: 245888K (50%)
ptolemy.util.test.WatchDog.cancel(): canceling Sun Mar 15 07:13:37 UTC 2020
auto.tcl: Setting watchdog for 200 seconds at Sun Mar 15 07:13:37 UTC 2020
9150 ms. Memory: 491520K Free: 232881K (47%)
ptolemy.util.test.WatchDog.cancel(): canceling Sun Mar 15 07:13:46 UTC 2020
------------------ testing $PTII/ptolemy/domains/de/test/auto/TwoSigmaDelta.xml
auto.tcl: Setting watchdog for 200 seconds at Sun Mar 15 07:13:47 UTC 2020
2283 ms. Memory: 92160K Free: 18631K (20%)
ptolemy.util.test.WatchDog.cancel(): canceling Sun Mar 15 07:13:49 UTC 2020
auto.tcl: Setting watchdog for 200 seconds at Sun Mar 15 07:13:49 UTC 2020
1766 ms. Memory: 92160K Free: 19634K (21%)
ptolemy.util.test.WatchDog.cancel(): canceling Sun Mar 15 07:13:51 UTC 2020
------------------ testing $PTII/ptolemy/domains/de/test/auto/VariableDelay.xml
auto.tcl: Setting watchdog for 200 seconds at Sun Mar 15 07:13:51 UTC 2020
3 ms. Memory: 55296K Free: 35277K (64%)
ptolemy.util.test.WatchDog.cancel(): canceling Sun Mar 15 07:13:51 UTC 2020
auto.tcl: Setting watchdog for 200 seconds at Sun Mar 15 07:13:51 UTC 2020
2 ms. Memory: 55296K Free: 34283K (62%)
ptolemy.util.test.WatchDog.cancel(): canceling Sun Mar 15 07:13:51 UTC 2020
------------------ testing $PTII/ptolemy/domains/de/test/auto/VariableDelay2.xml
auto.tcl: Setting watchdog for 200 seconds at Sun Mar 15 07:13:51 UTC 2020
2 ms. Memory: 55296K Free: 35675K (65%)
ptolemy.util.test.WatchDog.cancel(): canceling Sun Mar 15 07:13:51 UTC 2020
auto.tcl: Setting watchdog for 200 seconds at Sun Mar 15 07:13:51 UTC 2020
2 ms. Memory: 55296K Free: 35193K (64%)
ptolemy.util.test.WatchDog.cancel(): canceling Sun Mar 15 07:13:51 UTC 2020
------------------ testing $PTII/ptolemy/domains/de/test/auto/VariableDelayZeroDelay.xml
auto.tcl: Setting watchdog for 200 seconds at Sun Mar 15 07:13:51 UTC 2020
2 ms. Memory: 55296K Free: 36218K (65%)
ptolemy.util.test.WatchDog.cancel(): canceling Sun Mar 15 07:13:51 UTC 2020
auto.tcl: Setting watchdog for 200 seconds at Sun Mar 15 07:13:51 UTC 2020
2 ms. Memory: 55296K Free: 35674K (65%)
ptolemy.util.test.WatchDog.cancel(): canceling Sun Mar 15 07:13:51 UTC 2020
------------------ testing $PTII/ptolemy/domains/de/test/auto/VariableDelayZeroDelay2.xml
auto.tcl: Setting watchdog for 200 seconds at Sun Mar 15 07:13:51 UTC 2020
2 ms. Memory: 55296K Free: 36217K (65%)
ptolemy.util.test.WatchDog.cancel(): canceling Sun Mar 15 07:13:51 UTC 2020
auto.tcl: Setting watchdog for 200 seconds at Sun Mar 15 07:13:51 UTC 2020
3 ms. Memory: 55296K Free: 35193K (64%)
ptolemy.util.test.WatchDog.cancel(): canceling Sun Mar 15 07:13:51 UTC 2020
------------------ testing $PTII/ptolemy/domains/de/test/auto/deInCt.xml
auto.tcl: Setting watchdog for 200 seconds at Sun Mar 15 07:13:51 UTC 2020
0
1
1
1
0
0
0
1
1
1
0
0
0
1
1
1
0
0
0
1
1
1
0
0
0
1
1
1
1
0
0
0
1
1
1
1
1
0
0
0
0
14 ms. Memory: 55296K Free: 35191K (64%)
ptolemy.util.test.WatchDog.cancel(): canceling Sun Mar 15 07:13:51 UTC 2020
auto.tcl: Setting watchdog for 200 seconds at Sun Mar 15 07:13:51 UTC 2020
0
1
1
1
0
0
0
0
1
1
1
0
0
0
1
1
1
1
0
0
0
1
1
1
0
0
0
1
1
1
0
0
0
1
1
0
0
0
1
1
1
0
0
0
1
1
1
1
1
8 ms. Memory: 55296K Free: 33653K (61%)
ptolemy.util.test.WatchDog.cancel(): canceling Sun Mar 15 07:13:51 UTC 2020
------------------ testing $PTII/ptolemy/domains/de/test/auto/deInCt2.xml
auto.tcl: Setting watchdog for 200 seconds at Sun Mar 15 07:13:51 UTC 2020
0
1
1
1
0
0
1
1
1
0
0
1
1
1
0
0
1
1
1
0
0
1
1
1
0
0
1
1
1
0
0
1
1
1
0
0
1
1
1
0
0
0
15 ms. Memory: 55296K Free: 35192K (64%)
ptolemy.util.test.WatchDog.cancel(): canceling Sun Mar 15 07:13:51 UTC 2020
auto.tcl: Setting watchdog for 200 seconds at Sun Mar 15 07:13:51 UTC 2020
0
1
1
1
0
0
1
1
1
0
0
1
1
1
0
0
1
1
1
0
0
1
1
1
0
0
1
1
1
0
0
1
1
1
0
0
1
1
1
0
0
0
8 ms. Memory: 55296K Free: 33640K (61%)
ptolemy.util.test.WatchDog.cancel(): canceling Sun Mar 15 07:13:51 UTC 2020
------------------ testing $PTII/ptolemy/domains/de/test/auto/dynamicCausalityInterface1.xml
auto.tcl: Setting watchdog for 200 seconds at Sun Mar 15 07:13:51 UTC 2020
1 ms. Memory: 51200K Free: 26994K (53%)
ptolemy.util.test.WatchDog.cancel(): canceling Sun Mar 15 07:13:51 UTC 2020
auto.tcl: Setting watchdog for 200 seconds at Sun Mar 15 07:13:51 UTC 2020
1 ms. Memory: 51200K Free: 26480K (52%)
ptolemy.util.test.WatchDog.cancel(): canceling Sun Mar 15 07:13:51 UTC 2020
------------------ testing $PTII/ptolemy/domains/de/test/auto/fsm_de_test.xml
auto.tcl: Setting watchdog for 200 seconds at Sun Mar 15 07:13:51 UTC 2020
9 ms. Memory: 51200K Free: 26892K (53%)
ptolemy.util.test.WatchDog.cancel(): canceling Sun Mar 15 07:13:51 UTC 2020
auto.tcl: Setting watchdog for 200 seconds at Sun Mar 15 07:13:51 UTC 2020
6 ms. Memory: 51200K Free: 24844K (49%)
ptolemy.util.test.WatchDog.cancel(): canceling Sun Mar 15 07:13:51 UTC 2020
------------------ testing $PTII/ptolemy/domains/de/test/auto/functionDependencyReconstruction.xml
auto.tcl: Setting watchdog for 200 seconds at Sun Mar 15 07:13:51 UTC 2020
4 ms. Memory: 51200K Free: 20884K (41%)
ptolemy.util.test.WatchDog.cancel(): canceling Sun Mar 15 07:13:51 UTC 2020
auto.tcl: Setting watchdog for 200 seconds at Sun Mar 15 07:13:51 UTC 2020
3 ms. Memory: 51200K Free: 18706K (37%)
ptolemy.util.test.WatchDog.cancel(): canceling Sun Mar 15 07:13:51 UTC 2020
------------------ testing $PTII/ptolemy/domains/de/test/auto/multirate.xml
auto.tcl: Setting watchdog for 200 seconds at Sun Mar 15 07:13:51 UTC 2020
7 ms. Memory: 51200K Free: 29467K (58%)
ptolemy.util.test.WatchDog.cancel(): canceling Sun Mar 15 07:13:51 UTC 2020
auto.tcl: Setting watchdog for 200 seconds at Sun Mar 15 07:13:51 UTC 2020
3 ms. Memory: 51200K Free: 27789K (54%)
ptolemy.util.test.WatchDog.cancel(): canceling Sun Mar 15 07:13:51 UTC 2020
------------------ testing $PTII/ptolemy/domains/de/test/auto/multirate2.xml
auto.tcl: Setting watchdog for 200 seconds at Sun Mar 15 07:13:52 UTC 2020
3 ms. Memory: 51200K Free: 29490K (58%)
ptolemy.util.test.WatchDog.cancel(): canceling Sun Mar 15 07:13:52 UTC 2020
auto.tcl: Setting watchdog for 200 seconds at Sun Mar 15 07:13:52 UTC 2020
3 ms. Memory: 51200K Free: 28005K (55%)
ptolemy.util.test.WatchDog.cancel(): canceling Sun Mar 15 07:13:52 UTC 2020
------------------ testing $PTII/ptolemy/domains/de/test/auto/realtime.xml
auto.tcl: Setting watchdog for 200 seconds at Sun Mar 15 07:13:52 UTC 2020
10001 ms. Memory: 51200K Free: 31753K (62%)
ptolemy.util.test.WatchDog.cancel(): canceling Sun Mar 15 07:14:02 UTC 2020
auto.tcl: Setting watchdog for 200 seconds at Sun Mar 15 07:14:02 UTC 2020
10002 ms. Memory: 51200K Free: 31039K (61%)
ptolemy.util.test.WatchDog.cancel(): canceling Sun Mar 15 07:14:12 UTC 2020
------------------ testing $PTII/ptolemy/domains/de/test/auto/relationGroup.xml
auto.tcl: Setting watchdog for 200 seconds at Sun Mar 15 07:14:12 UTC 2020
2 ms. Memory: 51200K Free: 32817K (64%)
ptolemy.util.test.WatchDog.cancel(): canceling Sun Mar 15 07:14:12 UTC 2020
auto.tcl: Setting watchdog for 200 seconds at Sun Mar 15 07:14:12 UTC 2020
2 ms. Memory: 51200K Free: 32090K (63%)
ptolemy.util.test.WatchDog.cancel(): canceling Sun Mar 15 07:14:12 UTC 2020
------------------ testing $PTII/ptolemy/domains/de/test/auto/relationGroup2.xml
auto.tcl: Setting watchdog for 200 seconds at Sun Mar 15 07:14:12 UTC 2020
1 ms. Memory: 51200K Free: 32881K (64%)
ptolemy.util.test.WatchDog.cancel(): canceling Sun Mar 15 07:14:12 UTC 2020
auto.tcl: Setting watchdog for 200 seconds at Sun Mar 15 07:14:12 UTC 2020
2 ms. Memory: 51200K Free: 32379K (63%)
ptolemy.util.test.WatchDog.cancel(): canceling Sun Mar 15 07:14:12 UTC 2020
------------------ testing $PTII/ptolemy/domains/de/test/auto/sortWithOpaquePorts.xml
auto.tcl: Setting watchdog for 200 seconds at Sun Mar 15 07:14:12 UTC 2020
1 ms. Memory: 51200K Free: 31627K (62%)
ptolemy.util.test.WatchDog.cancel(): canceling Sun Mar 15 07:14:12 UTC 2020
auto.tcl: Setting watchdog for 200 seconds at Sun Mar 15 07:14:12 UTC 2020
1 ms. Memory: 51200K Free: 30597K (60%)
ptolemy.util.test.WatchDog.cancel(): canceling Sun Mar 15 07:14:12 UTC 2020
------------------ testing $PTII/ptolemy/domains/de/test/auto/transferInputsandOutputs.xml
auto.tcl: Setting watchdog for 200 seconds at Sun Mar 15 07:14:12 UTC 2020
2 ms. Memory: 51200K Free: 29062K (57%)
ptolemy.util.test.WatchDog.cancel(): canceling Sun Mar 15 07:14:12 UTC 2020
auto.tcl: Setting watchdog for 200 seconds at Sun Mar 15 07:14:12 UTC 2020
3 ms. Memory: 51200K Free: 28038K (55%)
ptolemy.util.test.WatchDog.cancel(): canceling Sun Mar 15 07:14:12 UTC 2020
------------------ testing $PTII/ptolemy/domains/de/test/auto/triggerType.xml
auto.tcl: Setting watchdog for 200 seconds at Sun Mar 15 07:14:12 UTC 2020
2 ms. Memory: 51200K Free: 32087K (63%)
ptolemy.util.test.WatchDog.cancel(): canceling Sun Mar 15 07:14:12 UTC 2020
auto.tcl: Setting watchdog for 200 seconds at Sun Mar 15 07:14:12 UTC 2020
1 ms. Memory: 51200K Free: 31076K (61%)
ptolemy.util.test.WatchDog.cancel(): canceling Sun Mar 15 07:14:12 UTC 2020
03/15/20 07:14:12
Failed: 0  Total Tests: 192  ((Passed: 187, Newly Passed: 1)  Known Failed: 5) /home/travis/build/icyphy/ptII/ptolemy/domains/de/test
03/15/20 07:14:12
Failed: 0  Total Tests: 192  ((Passed: 187, Newly Passed: 1)  Known Failed: 5) /home/travis/build/icyphy/ptII/ptolemy/domains/de/test
----------------- testing (KnownFailure) /home/travis/build/icyphy/ptII/ptolemy/domains/de/test/auto/knownFailedTests/DESDFClockTest.xml
2011 ms. Memory: 51200K Free: 25482K (50%)
Known Failure: java.lang.reflect.InvocationTargetException
----------------- testing (KnownFailure) /home/travis/build/icyphy/ptII/ptolemy/domains/de/test/auto/knownFailedTests/DirectFeedback.xml
2 ms. Memory: 51200K Free: 21386K (42%)
Known Failure: java.lang.reflect.InvocationTargetException
----------------- testing (KnownFailure) /home/travis/build/icyphy/ptII/ptolemy/domains/de/test/auto/knownFailedTests/FSMSource.xml
7 ms. Memory: 51200K Free: 13708K (27%)
----------------- testing (KnownFailure) /home/travis/build/icyphy/ptII/ptolemy/domains/de/test/auto/knownFailedTests/HierarchicalModel.xml
3 ms. Memory: 51200K Free: 25900K (51%)
Known Failure: java.lang.reflect.InvocationTargetException
----------------- testing (KnownFailure) /home/travis/build/icyphy/ptII/ptolemy/domains/de/test/auto/knownFailedTests/dependencyLoop.xml
2 ms. Memory: 51200K Free: 10572K (21%)
Known Failure: java.lang.reflect.InvocationTargetException
----------------- testing (KnownFailure) /home/travis/build/icyphy/ptII/ptolemy/domains/de/test/auto/knownFailedTests/dependencyLoop2.xml
6 ms. Memory: 51200K Free: 23454K (46%)
Known Failure: java.lang.reflect.InvocationTargetException
No auto/linux-amd64/*.xml tests in /home/travis/build/icyphy/ptII/ptolemy/domains/de/test
AutoTests.java: About to close Vertx.
AutoTests.java: Vertx closed.

===========================================================================================
----------------- testing Sun Mar 15 07:14:14 UTC 2020 /home/travis/build/icyphy/ptII/ptolemy/domains/de/test/auto/ActorDepthCalculation_actorWithoutPorts.xml
----------------- Instantiating /home/travis/build/icyphy/ptII/ptolemy/domains/de/test/auto/ActorDepthCalculation_actorWithoutPorts.xml
2 ms. Memory: 51200K Free: 16709K (33%)
----------------- Invoking toplevel() on ptolemy.moml.MoMLSimpleApplication@75640fdc
----------------- Done invoking toplevel() on ptolemy.moml.MoMLSimpleApplication@75640fdc
reloadAllAccessors: .ActorDepthCalculation_actorWithoutPorts

===========================================================================================
----------------- testing Sun Mar 15 07:14:14 UTC 2020 /home/travis/build/icyphy/ptII/ptolemy/domains/de/test/auto/AssemblyLine.xml
----------------- Instantiating /home/travis/build/icyphy/ptII/ptolemy/domains/de/test/auto/AssemblyLine.xml
2 ms. Memory: 51200K Free: 9541K (19%)
----------------- Invoking toplevel() on ptolemy.moml.MoMLSimpleApplication@3b398bcb
----------------- Done invoking toplevel() on ptolemy.moml.MoMLSimpleApplication@3b398bcb
reloadAllAccessors: .AssemblyLine

===========================================================================================
----------------- testing Sun Mar 15 07:14:14 UTC 2020 /home/travis/build/icyphy/ptII/ptolemy/domains/de/test/auto/CQBug1.xml
----------------- Instantiating /home/travis/build/icyphy/ptII/ptolemy/domains/de/test/auto/CQBug1.xml
1 ms. Memory: 51200K Free: 34140K (67%)
----------------- Invoking toplevel() on ptolemy.moml.MoMLSimpleApplication@30702eb7
----------------- Done invoking toplevel() on ptolemy.moml.MoMLSimpleApplication@30702eb7
reloadAllAccessors: .CQBug1

===========================================================================================
----------------- testing Sun Mar 15 07:14:14 UTC 2020 /home/travis/build/icyphy/ptII/ptolemy/domains/de/test/auto/CancelFireAt.xml
----------------- Instantiating /home/travis/build/icyphy/ptII/ptolemy/domains/de/test/auto/CancelFireAt.xml
7 ms. Memory: 51200K Free: 31835K (62%)
----------------- Invoking toplevel() on ptolemy.moml.MoMLSimpleApplication@59a1aa52
----------------- Done invoking toplevel() on ptolemy.moml.MoMLSimpleApplication@59a1aa52
reloadAllAccessors: .CancelFireAt

===========================================================================================
----------------- testing Sun Mar 15 07:14:14 UTC 2020 /home/travis/build/icyphy/ptII/ptolemy/domains/de/test/auto/CausalityAndComposabilityAnalysis.xml
----------------- Instantiating /home/travis/build/icyphy/ptII/ptolemy/domains/de/test/auto/CausalityAndComposabilityAnalysis.xml
1 ms. Memory: 51200K Free: 27461K (54%)
----------------- Invoking toplevel() on ptolemy.moml.MoMLSimpleApplication@59abba53
----------------- Done invoking toplevel() on ptolemy.moml.MoMLSimpleApplication@59abba53
reloadAllAccessors: .CausalityAndComposabilityAnalysis

===========================================================================================
----------------- testing Sun Mar 15 07:14:14 UTC 2020 /home/travis/build/icyphy/ptII/ptolemy/domains/de/test/auto/CausalityInterface1.xml
----------------- Instantiating /home/travis/build/icyphy/ptII/ptolemy/domains/de/test/auto/CausalityInterface1.xml
4 ms. Memory: 51200K Free: 22619K (44%)
----------------- Invoking toplevel() on ptolemy.moml.MoMLSimpleApplication@33ee5479
----------------- Done invoking toplevel() on ptolemy.moml.MoMLSimpleApplication@33ee5479
reloadAllAccessors: .CausalityInterface1

===========================================================================================
----------------- testing Sun Mar 15 07:14:14 UTC 2020 /home/travis/build/icyphy/ptII/ptolemy/domains/de/test/auto/CausalityInterface15.xml
----------------- Instantiating /home/travis/build/icyphy/ptII/ptolemy/domains/de/test/auto/CausalityInterface15.xml
1 ms. Memory: 51200K Free: 17221K (34%)
----------------- Invoking toplevel() on ptolemy.moml.MoMLSimpleApplication@743bc6e6
----------------- Done invoking toplevel() on ptolemy.moml.MoMLSimpleApplication@743bc6e6
reloadAllAccessors: .CausalityInterface15

===========================================================================================
----------------- testing Sun Mar 15 07:14:14 UTC 2020 /home/travis/build/icyphy/ptII/ptolemy/domains/de/test/auto/CausalityInterface2.xml
----------------- Instantiating /home/travis/build/icyphy/ptII/ptolemy/domains/de/test/auto/CausalityInterface2.xml
1 ms. Memory: 51200K Free: 12548K (25%)
[...]
	at ptolemy.actor.Manager.run(Manager.java:1263)
	at ptolemy.actor.Manager$PtolemyRunThread.run(Manager.java:1933)
java.lang.RuntimeException: Execution failed
	at ptolemy.moml.MoMLSimpleApplication$UnloadThread.run(MoMLSimpleApplication.java:402)
Caused by: ptolemy.kernel.util.IllegalActionException: Actor is not ready to fire.  Perhaps UpSample.prefire() returned false? Try debugging the actor by selecting "Listen to Actor".  Also, for SDF check moml for tokenConsumptionRate on input.
  in .DESDFClockTest.Play Bell.Copy1:SDF Director and .DESDFClockTest.Play Bell.UpSample
	at ptolemy.actor.sched.StaticSchedulingDirector.fire(StaticSchedulingDirector.java:227)
	at ptolemy.domains.sdf.kernel.SDFDirector.fire(SDFDirector.java:500)
	at ptolemy.actor.CompositeActor.fire(CompositeActor.java:455)
	at ptolemy.domains.de.kernel.DEDirector._fire(DEDirector.java:1949)
	at ptolemy.domains.de.kernel.DEDirector.fire(DEDirector.java:502)
	at ptolemy.actor.CompositeActor.fire(CompositeActor.java:455)
	at ptolemy.actor.Manager.iterate(Manager.java:851)
	at ptolemy.actor.Manager.execute(Manager.java:369)
	at ptolemy.actor.Manager.run(Manager.java:1263)
	at ptolemy.actor.Manager$PtolemyRunThread.run(Manager.java:1933)
java.lang.reflect.InvocationTargetException
	at java.base/jdk.internal.reflect.NativeConstructorAccessorImpl.newInstance0(Native Method)
	at java.base/jdk.internal.reflect.NativeConstructorAccessorImpl.newInstance(NativeConstructorAccessorImpl.java:62)
	at java.base/jdk.internal.reflect.DelegatingConstructorAccessorImpl.newInstance(DelegatingConstructorAccessorImpl.java:45)
	at java.base/java.lang.reflect.Constructor.newInstance(Constructor.java:490)
	at ptolemy.util.test.junit.AutoKnownFailedTests.RunModel(AutoKnownFailedTests.java:105)
	at java.base/jdk.internal.reflect.NativeMethodAccessorImpl.invoke0(Native Method)
	at java.base/jdk.internal.reflect.NativeMethodAccessorImpl.invoke(NativeMethodAccessorImpl.java:62)
	at java.base/jdk.internal.reflect.DelegatingMethodAccessorImpl.invoke(DelegatingMethodAccessorImpl.java:43)
	at java.base/java.lang.reflect.Method.invoke(Method.java:566)
	at org.junit.runners.model.FrameworkMethod$1.runReflectiveCall(FrameworkMethod.java:44)
	at org.junit.internal.runners.model.ReflectiveCallable.run(ReflectiveCallable.java:15)
	at org.junit.runners.model.FrameworkMethod.invokeExplosively(FrameworkMethod.java:41)
	at junitparams.internal.InvokeParameterisedMethod.evaluate(InvokeParameterisedMethod.java:102)
	at org.junit.internal.runners.statements.FailOnTimeout$1.run(FailOnTimeout.java:28)
Caused by: ptolemy.kernel.util.IllegalActionException: Actor is not ready to fire.  Perhaps UpSample.prefire() returned false? Try debugging the actor by selecting "Listen to Actor".  Also, for SDF check moml for tokenConsumptionRate on input.
  in .DESDFClockTest.Play Bell.Copy1:SDF Director and .DESDFClockTest.Play Bell.UpSample
	at ptolemy.actor.sched.StaticSchedulingDirector.fire(StaticSchedulingDirector.java:227)
	at ptolemy.domains.sdf.kernel.SDFDirector.fire(SDFDirector.java:500)
	at ptolemy.actor.CompositeActor.fire(CompositeActor.java:455)
	at ptolemy.domains.de.kernel.DEDirector._fire(DEDirector.java:1949)
	at ptolemy.domains.de.kernel.DEDirector.fire(DEDirector.java:502)
	at ptolemy.actor.CompositeActor.fire(CompositeActor.java:455)
	at ptolemy.actor.Manager.iterate(Manager.java:851)
	at ptolemy.actor.Manager.execute(Manager.java:369)
	at ptolemy.actor.Manager.run(Manager.java:1263)
	at ptolemy.actor.Manager$PtolemyRunThread.run(Manager.java:1933)
java.lang.RuntimeException: Execution failed
	at ptolemy.moml.MoMLSimpleApplication$UnloadThread.run(MoMLSimpleApplication.java:402)
Caused by: ptolemy.kernel.util.IllegalActionException: Test fails in iteration 1.
Value was: 1.0. Should have been: 2.0
  in .DirectFeedback.Test
	at ptolemy.actor.lib.Test.fire(Test.java:268)
	at ptolemy.domains.de.kernel.DEDirector._fire(DEDirector.java:1949)
	at ptolemy.domains.de.kernel.DEDirector.fire(DEDirector.java:502)
	at ptolemy.actor.CompositeActor.fire(CompositeActor.java:455)
	at ptolemy.actor.Manager.iterate(Manager.java:851)
	at ptolemy.actor.Manager.execute(Manager.java:369)
	at ptolemy.actor.Manager.run(Manager.java:1263)
	at ptolemy.actor.Manager$PtolemyRunThread.run(Manager.java:1933)
java.lang.reflect.InvocationTargetException
	at java.base/jdk.internal.reflect.NativeConstructorAccessorImpl.newInstance0(Native Method)
	at java.base/jdk.internal.reflect.NativeConstructorAccessorImpl.newInstance(NativeConstructorAccessorImpl.java:62)
	at java.base/jdk.internal.reflect.DelegatingConstructorAccessorImpl.newInstance(DelegatingConstructorAccessorImpl.java:45)
	at java.base/java.lang.reflect.Constructor.newInstance(Constructor.java:490)
	at ptolemy.util.test.junit.AutoKnownFailedTests.RunModel(AutoKnownFailedTests.java:105)
	at java.base/jdk.internal.reflect.NativeMethodAccessorImpl.invoke0(Native Method)
	at java.base/jdk.internal.reflect.NativeMethodAccessorImpl.invoke(NativeMethodAccessorImpl.java:62)
	at java.base/jdk.internal.reflect.DelegatingMethodAccessorImpl.invoke(DelegatingMethodAccessorImpl.java:43)
	at java.base/java.lang.reflect.Method.invoke(Method.java:566)
	at org.junit.runners.model.FrameworkMethod$1.runReflectiveCall(FrameworkMethod.java:44)
	at org.junit.internal.runners.model.ReflectiveCallable.run(ReflectiveCallable.java:15)
	at org.junit.runners.model.FrameworkMethod.invokeExplosively(FrameworkMethod.java:41)
	at junitparams.internal.InvokeParameterisedMethod.evaluate(InvokeParameterisedMethod.java:102)
	at org.junit.internal.runners.statements.FailOnTimeout$1.run(FailOnTimeout.java:28)
Caused by: ptolemy.kernel.util.IllegalActionException: Test fails in iteration 1.
Value was: 1.0. Should have been: 2.0
  in .DirectFeedback.Test
	at ptolemy.actor.lib.Test.fire(Test.java:268)
	at ptolemy.domains.de.kernel.DEDirector._fire(DEDirector.java:1949)
	at ptolemy.domains.de.kernel.DEDirector.fire(DEDirector.java:502)
	at ptolemy.actor.CompositeActor.fire(CompositeActor.java:455)
	at ptolemy.actor.Manager.iterate(Manager.java:851)
	at ptolemy.actor.Manager.execute(Manager.java:369)
	at ptolemy.actor.Manager.run(Manager.java:1263)
	at ptolemy.actor.Manager$PtolemyRunThread.run(Manager.java:1933)
java.lang.RuntimeException: Execution failed
	at ptolemy.moml.MoMLSimpleApplication$UnloadThread.run(MoMLSimpleApplication.java:402)
Caused by: ptolemy.kernel.util.IllegalActionException: Found a zero delay loop containing .HierarchicalModel.A
  in .HierarchicalModel and .HierarchicalModel.A
	at ptolemy.actor.util.CausalityInterfaceForComposites._computeOutputPortDepth(CausalityInterfaceForComposites.java:759)
	at ptolemy.actor.util.CausalityInterfaceForComposites._computeInputDepth(CausalityInterfaceForComposites.java:696)
	at ptolemy.actor.util.CausalityInterfaceForComposites._computeOutputPortDepth(CausalityInterfaceForComposites.java:765)
	at ptolemy.actor.util.CausalityInterfaceForComposites._computeInputDepth(CausalityInterfaceForComposites.java:696)
	at ptolemy.actor.util.CausalityInterfaceForComposites._computeOutputPortDepth(CausalityInterfaceForComposites.java:765)
	at ptolemy.actor.util.CausalityInterfaceForComposites._computeInputDepth(CausalityInterfaceForComposites.java:696)
	at ptolemy.actor.util.CausalityInterfaceForComposites._computeActorDepth(CausalityInterfaceForComposites.java:532)
	at ptolemy.actor.util.CausalityInterfaceForComposites.checkForCycles(CausalityInterfaceForComposites.java:96)
	at ptolemy.domains.de.kernel.DEDirector.preinitialize(DEDirector.java:1338)
	at ptolemy.actor.CompositeActor.preinitialize(CompositeActor.java:1828)
	at ptolemy.actor.Manager.preinitializeAndResolveTypes(Manager.java:1040)
	at ptolemy.actor.Manager.initialize(Manager.java:710)
	at ptolemy.actor.Manager.execute(Manager.java:356)
	at ptolemy.actor.Manager.run(Manager.java:1263)
	at ptolemy.actor.Manager$PtolemyRunThread.run(Manager.java:1933)
java.lang.reflect.InvocationTargetException
	at java.base/jdk.internal.reflect.NativeConstructorAccessorImpl.newInstance0(Native Method)
	at java.base/jdk.internal.reflect.NativeConstructorAccessorImpl.newInstance(NativeConstructorAccessorImpl.java:62)
	at java.base/jdk.internal.reflect.DelegatingConstructorAccessorImpl.newInstance(DelegatingConstructorAccessorImpl.java:45)
	at java.base/java.lang.reflect.Constructor.newInstance(Constructor.java:490)
	at ptolemy.util.test.junit.AutoKnownFailedTests.RunModel(AutoKnownFailedTests.java:105)
	at java.base/jdk.internal.reflect.NativeMethodAccessorImpl.invoke0(Native Method)
	at java.base/jdk.internal.reflect.NativeMethodAccessorImpl.invoke(NativeMethodAccessorImpl.java:62)
	at java.base/jdk.internal.reflect.DelegatingMethodAccessorImpl.invoke(DelegatingMethodAccessorImpl.java:43)
	at java.base/java.lang.reflect.Method.invoke(Method.java:566)
	at org.junit.runners.model.FrameworkMethod$1.runReflectiveCall(FrameworkMethod.java:44)
	at org.junit.internal.runners.model.ReflectiveCallable.run(ReflectiveCallable.java:15)
	at org.junit.runners.model.FrameworkMethod.invokeExplosively(FrameworkMethod.java:41)
	at junitparams.internal.InvokeParameterisedMethod.evaluate(InvokeParameterisedMethod.java:102)
	at org.junit.internal.runners.statements.FailOnTimeout$1.run(FailOnTimeout.java:28)
Caused by: ptolemy.kernel.util.IllegalActionException: Found a zero delay loop containing .HierarchicalModel.A
  in .HierarchicalModel and .HierarchicalModel.A
	at ptolemy.actor.util.CausalityInterfaceForComposites._computeOutputPortDepth(CausalityInterfaceForComposites.java:759)
	at ptolemy.actor.util.CausalityInterfaceForComposites._computeInputDepth(CausalityInterfaceForComposites.java:696)
	at ptolemy.actor.util.CausalityInterfaceForComposites._computeOutputPortDepth(CausalityInterfaceForComposites.java:765)
	at ptolemy.actor.util.CausalityInterfaceForComposites._computeInputDepth(CausalityInterfaceForComposites.java:696)
	at ptolemy.actor.util.CausalityInterfaceForComposites._computeOutputPortDepth(CausalityInterfaceForComposites.java:765)
	at ptolemy.actor.util.CausalityInterfaceForComposites._computeInputDepth(CausalityInterfaceForComposites.java:696)
	at ptolemy.actor.util.CausalityInterfaceForComposites._computeActorDepth(CausalityInterfaceForComposites.java:532)
	at ptolemy.actor.util.CausalityInterfaceForComposites.checkForCycles(CausalityInterfaceForComposites.java:96)
	at ptolemy.domains.de.kernel.DEDirector.preinitialize(DEDirector.java:1338)
	at ptolemy.actor.CompositeActor.preinitialize(CompositeActor.java:1828)
	at ptolemy.actor.Manager.preinitializeAndResolveTypes(Manager.java:1040)
	at ptolemy.actor.Manager.initialize(Manager.java:710)
	at ptolemy.actor.Manager.execute(Manager.java:356)
	at ptolemy.actor.Manager.run(Manager.java:1263)
	at ptolemy.actor.Manager$PtolemyRunThread.run(Manager.java:1933)
java.lang.RuntimeException: Execution failed
	at ptolemy.moml.MoMLSimpleApplication$UnloadThread.run(MoMLSimpleApplication.java:402)
Caused by: ptolemy.kernel.util.IllegalActionException: Found a zero delay loop containing .dependencyLoop.original
  in .dependencyLoop and .dependencyLoop.original
	at ptolemy.actor.util.CausalityInterfaceForComposites._computeOutputPortDepth(CausalityInterfaceForComposites.java:759)
	at ptolemy.actor.util.CausalityInterfaceForComposites._computeInputDepth(CausalityInterfaceForComposites.java:696)
	at ptolemy.actor.util.CausalityInterfaceForComposites._computeOutputPortDepth(CausalityInterfaceForComposites.java:765)
	at ptolemy.actor.util.CausalityInterfaceForComposites._computeInputDepth(CausalityInterfaceForComposites.java:696)
	at ptolemy.actor.util.CausalityInterfaceForComposites._computeOutputPortDepth(CausalityInterfaceForComposites.java:765)
	at ptolemy.actor.util.CausalityInterfaceForComposites._computeInputDepth(CausalityInterfaceForComposites.java:696)
	at ptolemy.actor.util.CausalityInterfaceForComposites._computeActorDepth(CausalityInterfaceForComposites.java:532)
	at ptolemy.actor.util.CausalityInterfaceForComposites.checkForCycles(CausalityInterfaceForComposites.java:96)
	at ptolemy.domains.de.kernel.DEDirector.preinitialize(DEDirector.java:1338)
	at ptolemy.actor.CompositeActor.preinitialize(CompositeActor.java:1828)
	at ptolemy.actor.Manager.preinitializeAndResolveTypes(Manager.java:1040)
	at ptolemy.actor.Manager.initialize(Manager.java:710)
	at ptolemy.actor.Manager.execute(Manager.java:356)
	at ptolemy.actor.Manager.run(Manager.java:1263)
	at ptolemy.actor.Manager$PtolemyRunThread.run(Manager.java:1933)
java.lang.reflect.InvocationTargetException
	at java.base/jdk.internal.reflect.NativeConstructorAccessorImpl.newInstance0(Native Method)
	at java.base/jdk.internal.reflect.NativeConstructorAccessorImpl.newInstance(NativeConstructorAccessorImpl.java:62)
	at java.base/jdk.internal.reflect.DelegatingConstructorAccessorImpl.newInstance(DelegatingConstructorAccessorImpl.java:45)
	at java.base/java.lang.reflect.Constructor.newInstance(Constructor.java:490)
	at ptolemy.util.test.junit.AutoKnownFailedTests.RunModel(AutoKnownFailedTests.java:105)
	at java.base/jdk.internal.reflect.NativeMethodAccessorImpl.invoke0(Native Method)
	at java.base/jdk.internal.reflect.NativeMethodAccessorImpl.invoke(NativeMethodAccessorImpl.java:62)
	at java.base/jdk.internal.reflect.DelegatingMethodAccessorImpl.invoke(DelegatingMethodAccessorImpl.java:43)
	at java.base/java.lang.reflect.Method.invoke(Method.java:566)
	at org.junit.runners.model.FrameworkMethod$1.runReflectiveCall(FrameworkMethod.java:44)
	at org.junit.internal.runners.model.ReflectiveCallable.run(ReflectiveCallable.java:15)
	at org.junit.runners.model.FrameworkMethod.invokeExplosively(FrameworkMethod.java:41)
	at junitparams.internal.InvokeParameterisedMethod.evaluate(InvokeParameterisedMethod.java:102)
	at org.junit.internal.runners.statements.FailOnTimeout$1.run(FailOnTimeout.java:28)
Caused by: ptolemy.kernel.util.IllegalActionException: Found a zero delay loop containing .dependencyLoop.original
  in .dependencyLoop and .dependencyLoop.original
	at ptolemy.actor.util.CausalityInterfaceForComposites._computeOutputPortDepth(CausalityInterfaceForComposites.java:759)
	at ptolemy.actor.util.CausalityInterfaceForComposites._computeInputDepth(CausalityInterfaceForComposites.java:696)
	at ptolemy.actor.util.CausalityInterfaceForComposites._computeOutputPortDepth(CausalityInterfaceForComposites.java:765)
	at ptolemy.actor.util.CausalityInterfaceForComposites._computeInputDepth(CausalityInterfaceForComposites.java:696)
	at ptolemy.actor.util.CausalityInterfaceForComposites._computeOutputPortDepth(CausalityInterfaceForComposites.java:765)
	at ptolemy.actor.util.CausalityInterfaceForComposites._computeInputDepth(CausalityInterfaceForComposites.java:696)
	at ptolemy.actor.util.CausalityInterfaceForComposites._computeActorDepth(CausalityInterfaceForComposites.java:532)
	at ptolemy.actor.util.CausalityInterfaceForComposites.checkForCycles(CausalityInterfaceForComposites.java:96)
	at ptolemy.domains.de.kernel.DEDirector.preinitialize(DEDirector.java:1338)
	at ptolemy.actor.CompositeActor.preinitialize(CompositeActor.java:1828)
	at ptolemy.actor.Manager.preinitializeAndResolveTypes(Manager.java:1040)
	at ptolemy.actor.Manager.initialize(Manager.java:710)
	at ptolemy.actor.Manager.execute(Manager.java:356)
	at ptolemy.actor.Manager.run(Manager.java:1263)
	at ptolemy.actor.Manager$PtolemyRunThread.run(Manager.java:1933)
java.lang.RuntimeException: Execution failed
	at ptolemy.moml.MoMLSimpleApplication$UnloadThread.run(MoMLSimpleApplication.java:402)
Caused by: ptolemy.kernel.util.IllegalActionException: Found a zero delay loop containing .dependencyLoop2.original
  in .dependencyLoop2 and .dependencyLoop2.original
	at ptolemy.actor.util.CausalityInterfaceForComposites._computeOutputPortDepth(CausalityInterfaceForComposites.java:759)
	at ptolemy.actor.util.CausalityInterfaceForComposites._computeInputDepth(CausalityInterfaceForComposites.java:696)
	at ptolemy.actor.util.CausalityInterfaceForComposites._computeOutputPortDepth(CausalityInterfaceForComposites.java:765)
	at ptolemy.actor.util.CausalityInterfaceForComposites._computeInputDepth(CausalityInterfaceForComposites.java:696)
	at ptolemy.actor.util.CausalityInterfaceForComposites._computeOutputPortDepth(CausalityInterfaceForComposites.java:765)
	at ptolemy.actor.util.CausalityInterfaceForComposites._computeInputDepth(CausalityInterfaceForComposites.java:696)
	at ptolemy.actor.util.CausalityInterfaceForComposites._computeActorDepth(CausalityInterfaceForComposites.java:532)
	at ptolemy.actor.util.CausalityInterfaceForComposites.checkForCycles(CausalityInterfaceForComposites.java:96)
	at ptolemy.domains.de.kernel.DEDirector.preinitialize(DEDirector.java:1338)
	at ptolemy.actor.CompositeActor.preinitialize(CompositeActor.java:1828)
	at ptolemy.actor.Manager.preinitializeAndResolveTypes(Manager.java:1040)
	at ptolemy.actor.Manager.initialize(Manager.java:710)
	at ptolemy.actor.Manager.execute(Manager.java:356)
	at ptolemy.actor.Manager.run(Manager.java:1263)
	at ptolemy.actor.Manager$PtolemyRunThread.run(Manager.java:1933)
java.lang.reflect.InvocationTargetException
	at java.base/jdk.internal.reflect.NativeConstructorAccessorImpl.newInstance0(Native Method)
	at java.base/jdk.internal.reflect.NativeConstructorAccessorImpl.newInstance(NativeConstructorAccessorImpl.java:62)
	at java.base/jdk.internal.reflect.DelegatingConstructorAccessorImpl.newInstance(DelegatingConstructorAccessorImpl.java:45)
	at java.base/java.lang.reflect.Constructor.newInstance(Constructor.java:490)
	at ptolemy.util.test.junit.AutoKnownFailedTests.RunModel(AutoKnownFailedTests.java:105)
	at java.base/jdk.internal.reflect.NativeMethodAccessorImpl.invoke0(Native Method)
	at java.base/jdk.internal.reflect.NativeMethodAccessorImpl.invoke(NativeMethodAccessorImpl.java:62)
	at java.base/jdk.internal.reflect.DelegatingMethodAccessorImpl.invoke(DelegatingMethodAccessorImpl.java:43)
	at java.base/java.lang.reflect.Method.invoke(Method.java:566)
	at org.junit.runners.model.FrameworkMethod$1.runReflectiveCall(FrameworkMethod.java:44)
	at org.junit.internal.runners.model.ReflectiveCallable.run(ReflectiveCallable.java:15)
	at org.junit.runners.model.FrameworkMethod.invokeExplosively(FrameworkMethod.java:41)
	at junitparams.internal.InvokeParameterisedMethod.evaluate(InvokeParameterisedMethod.java:102)
	at org.junit.internal.runners.statements.FailOnTimeout$1.run(FailOnTimeout.java:28)
Caused by: ptolemy.kernel.util.IllegalActionException: Found a zero delay loop containing .dependencyLoop2.original
  in .dependencyLoop2 and .dependencyLoop2.original
	at ptolemy.actor.util.CausalityInterfaceForComposites._computeOutputPortDepth(CausalityInterfaceForComposites.java:759)
	at ptolemy.actor.util.CausalityInterfaceForComposites._computeInputDepth(CausalityInterfaceForComposites.java:696)
	at ptolemy.actor.util.CausalityInterfaceForComposites._computeOutputPortDepth(CausalityInterfaceForComposites.java:765)
	at ptolemy.actor.util.CausalityInterfaceForComposites._computeInputDepth(CausalityInterfaceForComposites.java:696)
	at ptolemy.actor.util.CausalityInterfaceForComposites._computeOutputPortDepth(CausalityInterfaceForComposites.java:765)
	at ptolemy.actor.util.CausalityInterfaceForComposites._computeInputDepth(CausalityInterfaceForComposites.java:696)
	at ptolemy.actor.util.CausalityInterfaceForComposites._computeActorDepth(CausalityInterfaceForComposites.java:532)
	at ptolemy.actor.util.CausalityInterfaceForComposites.checkForCycles(CausalityInterfaceForComposites.java:96)
	at ptolemy.domains.de.kernel.DEDirector.preinitialize(DEDirector.java:1338)
	at ptolemy.actor.CompositeActor.preinitialize(CompositeActor.java:1828)
	at ptolemy.actor.Manager.preinitializeAndResolveTypes(Manager.java:1040)
	at ptolemy.actor.Manager.initialize(Manager.java:710)
	at ptolemy.actor.Manager.execute(Manager.java:356)
	at ptolemy.actor.Manager.run(Manager.java:1263)
	at ptolemy.actor.Manager$PtolemyRunThread.run(Manager.java:1933)
]]></system-err>
</testsuite>
