<?xml version="1.0" encoding="UTF-8" ?>
<testsuite errors="0" failures="0" hostname="travis-job-536f5cda-f73b-45c3-88f8-d86d082adf17" name="ptolemy.domains.continuous.test.junit.JUnitTclTest" skipped="0" tests="156" time="78.023" timestamp="2019-05-31T04:29:24">
  <properties>
[...]
</properties>
  <testcase classname="ptolemy.util.test.junit.TclTests" name="[0] ThereAreNoTclTests (RunTclFile)" time="0.001" />
  <testcase classname="ptolemy.util.test.junit.AutoKnownFailedTests" name="[0] ThereAreNoKnowFailedTests (RunModel)" time="0.0" />
  <testcase classname="ptolemy.util.test.junit.AutoNameArchTests" name="[0] ThereAreNoAutoArchTests (RunModel)" time="0.001" />
  <testcase classname="ptolemy.util.test.junit.AutoTests" name="[0] /home/travis/build/icyphy/ptII/ptolemy/domains/continuous/test/auto/BouncingBall.xml (RunModel)" time="2.914" />
  <testcase classname="ptolemy.util.test.junit.AutoTests" name="[1] /home/travis/build/icyphy/ptII/ptolemy/domains/continuous/test/auto/BouncingBallWithoutGR.xml (RunModel)" time="0.789" />
  <testcase classname="ptolemy.util.test.junit.AutoTests" name="[2] /home/travis/build/icyphy/ptII/ptolemy/domains/continuous/test/auto/Brownian.xml (RunModel)" time="0.097" />
  <testcase classname="ptolemy.util.test.junit.AutoTests" name="[3] /home/travis/build/icyphy/ptII/ptolemy/domains/continuous/test/auto/CarTracking.xml (RunModel)" time="3.955" />
  <testcase classname="ptolemy.util.test.junit.AutoTests" name="[4] /home/travis/build/icyphy/ptII/ptolemy/domains/continuous/test/auto/CartPendulum.xml (RunModel)" time="0.563" />
  <testcase classname="ptolemy.util.test.junit.AutoTests" name="[5] /home/travis/build/icyphy/ptII/ptolemy/domains/continuous/test/auto/CausalityInterface10.xml (RunModel)" time="0.043" />
  <testcase classname="ptolemy.util.test.junit.AutoTests" name="[6] /home/travis/build/icyphy/ptII/ptolemy/domains/continuous/test/auto/CausalityInterface11.xml (RunModel)" time="0.042" />
  <testcase classname="ptolemy.util.test.junit.AutoTests" name="[7] /home/travis/build/icyphy/ptII/ptolemy/domains/continuous/test/auto/CausalityInterface12.xml (RunModel)" time="0.046" />
  <testcase classname="ptolemy.util.test.junit.AutoTests" name="[8] /home/travis/build/icyphy/ptII/ptolemy/domains/continuous/test/auto/CausalityInterface13.xml (RunModel)" time="0.045" />
  <testcase classname="ptolemy.util.test.junit.AutoTests" name="[9] /home/travis/build/icyphy/ptII/ptolemy/domains/continuous/test/auto/CausalityInterface14.xml (RunModel)" time="0.04" />
  <testcase classname="ptolemy.util.test.junit.AutoTests" name="[10] /home/travis/build/icyphy/ptII/ptolemy/domains/continuous/test/auto/CausalityInterface4.xml (RunModel)" time="0.046" />
  <testcase classname="ptolemy.util.test.junit.AutoTests" name="[11] /home/travis/build/icyphy/ptII/ptolemy/domains/continuous/test/auto/CausalityInterface5.xml (RunModel)" time="0.048" />
  <testcase classname="ptolemy.util.test.junit.AutoTests" name="[12] /home/travis/build/icyphy/ptII/ptolemy/domains/continuous/test/auto/CausalityInterface6.xml (RunModel)" time="0.031" />
  <testcase classname="ptolemy.util.test.junit.AutoTests" name="[13] /home/travis/build/icyphy/ptII/ptolemy/domains/continuous/test/auto/CausalityInterface7.xml (RunModel)" time="0.046" />
  <testcase classname="ptolemy.util.test.junit.AutoTests" name="[14] /home/travis/build/icyphy/ptII/ptolemy/domains/continuous/test/auto/CausalityInterface8.xml (RunModel)" time="0.046" />
  <testcase classname="ptolemy.util.test.junit.AutoTests" name="[15] /home/travis/build/icyphy/ptII/ptolemy/domains/continuous/test/auto/CausalityInterface9.xml (RunModel)" time="0.051" />
  <testcase classname="ptolemy.util.test.junit.AutoTests" name="[16] /home/travis/build/icyphy/ptII/ptolemy/domains/continuous/test/auto/CausalityInterfaceFeedback1.xml (RunModel)" time="0.032" />
  <testcase classname="ptolemy.util.test.junit.AutoTests" name="[17] /home/travis/build/icyphy/ptII/ptolemy/domains/continuous/test/auto/CausalityInterfaceFeedback2.xml (RunModel)" time="0.045" />
  <testcase classname="ptolemy.util.test.junit.AutoTests" name="[18] /home/travis/build/icyphy/ptII/ptolemy/domains/continuous/test/auto/CompareWithCurrentTime.xml (RunModel)" time="0.023" />
  <testcase classname="ptolemy.util.test.junit.AutoTests" name="[19] /home/travis/build/icyphy/ptII/ptolemy/domains/continuous/test/auto/ComparedClocks.xml (RunModel)" time="0.053" />
  <testcase classname="ptolemy.util.test.junit.AutoTests" name="[20] /home/travis/build/icyphy/ptII/ptolemy/domains/continuous/test/auto/ContinuousAOCClone.xml (RunModel)" time="2.57" />
  <testcase classname="ptolemy.util.test.junit.AutoTests" name="[21] /home/travis/build/icyphy/ptII/ptolemy/domains/continuous/test/auto/ContinuousClock.xml (RunModel)" time="0.126" />
  <testcase classname="ptolemy.util.test.junit.AutoTests" name="[22] /home/travis/build/icyphy/ptII/ptolemy/domains/continuous/test/auto/ContinuousInContinuous.xml (RunModel)" time="0.088" />
  <testcase classname="ptolemy.util.test.junit.AutoTests" name="[23] /home/travis/build/icyphy/ptII/ptolemy/domains/continuous/test/auto/ContinuousInContinuousInContinuous.xml (RunModel)" time="0.03" />
  <testcase classname="ptolemy.util.test.junit.AutoTests" name="[24] /home/travis/build/icyphy/ptII/ptolemy/domains/continuous/test/auto/ContinuousInDE.xml (RunModel)" time="0.134" />
  <testcase classname="ptolemy.util.test.junit.AutoTests" name="[25] /home/travis/build/icyphy/ptII/ptolemy/domains/continuous/test/auto/ContinuousInDE2.xml (RunModel)" time="0.062" />
  <testcase classname="ptolemy.util.test.junit.AutoTests" name="[26] /home/travis/build/icyphy/ptII/ptolemy/domains/continuous/test/auto/ContinuousInDE3.xml (RunModel)" time="0.059" />
  <testcase classname="ptolemy.util.test.junit.AutoTests" name="[27] /home/travis/build/icyphy/ptII/ptolemy/domains/continuous/test/auto/ContinuousInDE4.xml (RunModel)" time="0.03" />
  <testcase classname="ptolemy.util.test.junit.AutoTests" name="[28] /home/travis/build/icyphy/ptII/ptolemy/domains/continuous/test/auto/ContinuousInDEDifferentRefinements.xml (RunModel)" time="0.108" />
  <testcase classname="ptolemy.util.test.junit.AutoTests" name="[29] /home/travis/build/icyphy/ptII/ptolemy/domains/continuous/test/auto/ContinuousInDEDifferentRefinementsPreemptive.xml (RunModel)" time="0.093" />
  <testcase classname="ptolemy.util.test.junit.AutoTests" name="[30] /home/travis/build/icyphy/ptII/ptolemy/domains/continuous/test/auto/ContinuousInDEInContinuous2.xml (RunModel)" time="0.068" />
  <testcase classname="ptolemy.util.test.junit.AutoTests" name="[31] /home/travis/build/icyphy/ptII/ptolemy/domains/continuous/test/auto/ContinuousInDEInContinuous3.xml (RunModel)" time="0.061" />
  <testcase classname="ptolemy.util.test.junit.AutoTests" name="[32] /home/travis/build/icyphy/ptII/ptolemy/domains/continuous/test/auto/ContinuousInDEInput.xml (RunModel)" time="0.036" />
  <testcase classname="ptolemy.util.test.junit.AutoTests" name="[33] /home/travis/build/icyphy/ptII/ptolemy/domains/continuous/test/auto/ContinuousInDEInput2.xml (RunModel)" time="0.036" />
  <testcase classname="ptolemy.util.test.junit.AutoTests" name="[34] /home/travis/build/icyphy/ptII/ptolemy/domains/continuous/test/auto/ContinuousInDEInput3.xml (RunModel)" time="0.026" />
  <testcase classname="ptolemy.util.test.junit.AutoTests" name="[35] /home/travis/build/icyphy/ptII/ptolemy/domains/continuous/test/auto/ContinuousInDESharingRefinement.xml (RunModel)" time="0.191" />
  <testcase classname="ptolemy.util.test.junit.AutoTests" name="[36] /home/travis/build/icyphy/ptII/ptolemy/domains/continuous/test/auto/ContinuousInDEwithNoPorts.xml (RunModel)" time="0.017" />
  <testcase classname="ptolemy.util.test.junit.AutoTests" name="[37] /home/travis/build/icyphy/ptII/ptolemy/domains/continuous/test/auto/ContinuousInsideDE.xml (RunModel)" time="0.077" />
  <testcase classname="ptolemy.util.test.junit.AutoTests" name="[38] /home/travis/build/icyphy/ptII/ptolemy/domains/continuous/test/auto/ContinuousMerge1.xml (RunModel)" time="0.017" />
  <testcase classname="ptolemy.util.test.junit.AutoTests" name="[39] /home/travis/build/icyphy/ptII/ptolemy/domains/continuous/test/auto/ContinuousMerge2.xml (RunModel)" time="0.05" />
  <testcase classname="ptolemy.util.test.junit.AutoTests" name="[40] /home/travis/build/icyphy/ptII/ptolemy/domains/continuous/test/auto/ContinuousMerge3.xml (RunModel)" time="0.074" />
  <testcase classname="ptolemy.util.test.junit.AutoTests" name="[41] /home/travis/build/icyphy/ptII/ptolemy/domains/continuous/test/auto/ContinuousWithinContinuous.xml (RunModel)" time="0.069" />
  <testcase classname="ptolemy.util.test.junit.AutoTests" name="[42] /home/travis/build/icyphy/ptII/ptolemy/domains/continuous/test/auto/ContinuousWithinContinuous2.xml (RunModel)" time="0.093" />
  <testcase classname="ptolemy.util.test.junit.AutoTests" name="[43] /home/travis/build/icyphy/ptII/ptolemy/domains/continuous/test/auto/ContinuousWithinContinuous3.xml (RunModel)" time="0.029" />
  <testcase classname="ptolemy.util.test.junit.AutoTests" name="[44] /home/travis/build/icyphy/ptII/ptolemy/domains/continuous/test/auto/ContinuousWithinContinuous4.xml (RunModel)" time="0.093" />
  <testcase classname="ptolemy.util.test.junit.AutoTests" name="[45] /home/travis/build/icyphy/ptII/ptolemy/domains/continuous/test/auto/ContinuousWithinContinuous5.xml (RunModel)" time="0.037" />
  <testcase classname="ptolemy.util.test.junit.AutoTests" name="[46] /home/travis/build/icyphy/ptII/ptolemy/domains/continuous/test/auto/ContinuousWithinContinuous6.xml (RunModel)" time="0.03" />
  <testcase classname="ptolemy.util.test.junit.AutoTests" name="[47] /home/travis/build/icyphy/ptII/ptolemy/domains/continuous/test/auto/ContinuousWithinContinuous7.xml (RunModel)" time="0.075" />
  <testcase classname="ptolemy.util.test.junit.AutoTests" name="[48] /home/travis/build/icyphy/ptII/ptolemy/domains/continuous/test/auto/DCMotor.xml (RunModel)" time="15.17" />
  <testcase classname="ptolemy.util.test.junit.AutoTests" name="[49] /home/travis/build/icyphy/ptII/ptolemy/domains/continuous/test/auto/DEInContinuous.xml (RunModel)" time="0.016" />
  <testcase classname="ptolemy.util.test.junit.AutoTests" name="[50] /home/travis/build/icyphy/ptII/ptolemy/domains/continuous/test/auto/DEinContinuous2.xml (RunModel)" time="0.064" />
  <testcase classname="ptolemy.util.test.junit.AutoTests" name="[51] /home/travis/build/icyphy/ptII/ptolemy/domains/continuous/test/auto/Derivative.xml (RunModel)" time="0.204" />
  <testcase classname="ptolemy.util.test.junit.AutoTests" name="[52] /home/travis/build/icyphy/ptII/ptolemy/domains/continuous/test/auto/Derivative1.xml (RunModel)" time="0.05" />
  <testcase classname="ptolemy.util.test.junit.AutoTests" name="[53] /home/travis/build/icyphy/ptII/ptolemy/domains/continuous/test/auto/DiscreteClock.xml (RunModel)" time="0.019" />
  <testcase classname="ptolemy.util.test.junit.AutoTests" name="[54] /home/travis/build/icyphy/ptII/ptolemy/domains/continuous/test/auto/EfficiencyCurve.xml (RunModel)" time="0.086" />
  <testcase classname="ptolemy.util.test.junit.AutoTests" name="[55] /home/travis/build/icyphy/ptII/ptolemy/domains/continuous/test/auto/ExponentialResponse.xml (RunModel)" time="0.119" />
  <testcase classname="ptolemy.util.test.junit.AutoTests" name="[56] /home/travis/build/icyphy/ptII/ptolemy/domains/continuous/test/auto/ExponentialResponseRK45.xml (RunModel)" time="0.035" />
  <testcase classname="ptolemy.util.test.junit.AutoTests" name="[57] /home/travis/build/icyphy/ptII/ptolemy/domains/continuous/test/auto/Friction.xml (RunModel)" time="1.51" />
  <testcase classname="ptolemy.util.test.junit.AutoTests" name="[58] /home/travis/build/icyphy/ptII/ptolemy/domains/continuous/test/auto/FurutaPendulum.xml (RunModel)" time="3.464" />
  <testcase classname="ptolemy.util.test.junit.AutoTests" name="[59] /home/travis/build/icyphy/ptII/ptolemy/domains/continuous/test/auto/HierarchicalExecution.xml (RunModel)" time="2.453" />
  <testcase classname="ptolemy.util.test.junit.AutoTests" name="[60] /home/travis/build/icyphy/ptII/ptolemy/domains/continuous/test/auto/HybridPlant.xml (RunModel)" time="0.598" />
  <testcase classname="ptolemy.util.test.junit.AutoTests" name="[61] /home/travis/build/icyphy/ptII/ptolemy/domains/continuous/test/auto/Hysteresis.xml (RunModel)" time="0.212" />
  <testcase classname="ptolemy.util.test.junit.AutoTests" name="[62] /home/travis/build/icyphy/ptII/ptolemy/domains/continuous/test/auto/HysteresisWithRandomDelay.xml (RunModel)" time="0.199" />
  <testcase classname="ptolemy.util.test.junit.AutoTests" name="[63] /home/travis/build/icyphy/ptII/ptolemy/domains/continuous/test/auto/HysteresisWithRandomLosses.xml (RunModel)" time="2.506" />
  <testcase classname="ptolemy.util.test.junit.AutoTests" name="[64] /home/travis/build/icyphy/ptII/ptolemy/domains/continuous/test/auto/ImmediateTransitions.xml (RunModel)" time="0.039" />
  <testcase classname="ptolemy.util.test.junit.AutoTests" name="[65] /home/travis/build/icyphy/ptII/ptolemy/domains/continuous/test/auto/ImpulseFeedback.xml (RunModel)" time="0.021" />
  <testcase classname="ptolemy.util.test.junit.AutoTests" name="[66] /home/travis/build/icyphy/ptII/ptolemy/domains/continuous/test/auto/ImpulseFeedback2.xml (RunModel)" time="0.018" />
  <testcase classname="ptolemy.util.test.junit.AutoTests" name="[67] /home/travis/build/icyphy/ptII/ptolemy/domains/continuous/test/auto/IncreasingRatePoisson.xml (RunModel)" time="0.768" />
  <testcase classname="ptolemy.util.test.junit.AutoTests" name="[68] /home/travis/build/icyphy/ptII/ptolemy/domains/continuous/test/auto/InitialStateFeedback.xml (RunModel)" time="0.012" />
  <testcase classname="ptolemy.util.test.junit.AutoTests" name="[69] /home/travis/build/icyphy/ptII/ptolemy/domains/continuous/test/auto/Integration.xml (RunModel)" time="0.011" />
  <testcase classname="ptolemy.util.test.junit.AutoTests" name="[70] /home/travis/build/icyphy/ptII/ptolemy/domains/continuous/test/auto/Integration2.xml (RunModel)" time="0.098" />
  <testcase classname="ptolemy.util.test.junit.AutoTests" name="[71] /home/travis/build/icyphy/ptII/ptolemy/domains/continuous/test/auto/Integration3.xml (RunModel)" time="0.023" />
  <testcase classname="ptolemy.util.test.junit.AutoTests" name="[72] /home/travis/build/icyphy/ptII/ptolemy/domains/continuous/test/auto/Integration5.xml (RunModel)" time="0.01" />
  <testcase classname="ptolemy.util.test.junit.AutoTests" name="[73] /home/travis/build/icyphy/ptII/ptolemy/domains/continuous/test/auto/IntegratorImpulse.xml (RunModel)" time="0.013" />
  <testcase classname="ptolemy.util.test.junit.AutoTests" name="[74] /home/travis/build/icyphy/ptII/ptolemy/domains/continuous/test/auto/IntegratorImpulse2.xml (RunModel)" time="0.015" />
  <testcase classname="ptolemy.util.test.junit.AutoTests" name="[75] /home/travis/build/icyphy/ptII/ptolemy/domains/continuous/test/auto/LevelCrossing1.xml (RunModel)" time="0.013" />
  <testcase classname="ptolemy.util.test.junit.AutoTests" name="[76] /home/travis/build/icyphy/ptII/ptolemy/domains/continuous/test/auto/LevelCrossing2.xml (RunModel)" time="0.013" />
  <testcase classname="ptolemy.util.test.junit.AutoTests" name="[77] /home/travis/build/icyphy/ptII/ptolemy/domains/continuous/test/auto/LevelCrossing3.xml (RunModel)" time="0.014" />
  <testcase classname="ptolemy.util.test.junit.AutoTests" name="[78] /home/travis/build/icyphy/ptII/ptolemy/domains/continuous/test/auto/LevelCrossing4.xml (RunModel)" time="0.014" />
  <testcase classname="ptolemy.util.test.junit.AutoTests" name="[79] /home/travis/build/icyphy/ptII/ptolemy/domains/continuous/test/auto/LevelCrossing5.xml (RunModel)" time="0.013" />
  <testcase classname="ptolemy.util.test.junit.AutoTests" name="[80] /home/travis/build/icyphy/ptII/ptolemy/domains/continuous/test/auto/LevelCrossing6.xml (RunModel)" time="0.015" />
  <testcase classname="ptolemy.util.test.junit.AutoTests" name="[81] /home/travis/build/icyphy/ptII/ptolemy/domains/continuous/test/auto/LevelCrossingDetector.xml (RunModel)" time="0.051" />
  <testcase classname="ptolemy.util.test.junit.AutoTests" name="[82] /home/travis/build/icyphy/ptII/ptolemy/domains/continuous/test/auto/LevelCrossingDetectorDetectingDirections.xml (RunModel)" time="0.086" />
  <testcase classname="ptolemy.util.test.junit.AutoTests" name="[83] /home/travis/build/icyphy/ptII/ptolemy/domains/continuous/test/auto/LevelCrossingDetectorDetectsGlitches.xml (RunModel)" time="0.065" />
  <testcase classname="ptolemy.util.test.junit.AutoTests" name="[84] /home/travis/build/icyphy/ptII/ptolemy/domains/continuous/test/auto/LevelCrossingNoInitialOuput.xml (RunModel)" time="0.014" />
  <testcase classname="ptolemy.util.test.junit.AutoTests" name="[85] /home/travis/build/icyphy/ptII/ptolemy/domains/continuous/test/auto/LinearStateSpaceExample.xml (RunModel)" time="0.036" />
  <testcase classname="ptolemy.util.test.junit.AutoTests" name="[86] /home/travis/build/icyphy/ptII/ptolemy/domains/continuous/test/auto/Lorenz.xml (RunModel)" time="4.922" />
  <testcase classname="ptolemy.util.test.junit.AutoTests" name="[87] /home/travis/build/icyphy/ptII/ptolemy/domains/continuous/test/auto/LorenzDifferentialSystem.xml (RunModel)" time="1.252" />
  <testcase classname="ptolemy.util.test.junit.AutoTests" name="[88] /home/travis/build/icyphy/ptII/ptolemy/domains/continuous/test/auto/LorenzDifferentialSystemWithInput.xml (RunModel)" time="1.68" />
  <testcase classname="ptolemy.util.test.junit.AutoTests" name="[89] /home/travis/build/icyphy/ptII/ptolemy/domains/continuous/test/auto/LorenzDifferentialSystemWithTime.xml (RunModel)" time="0.818" />
  <testcase classname="ptolemy.util.test.junit.AutoTests" name="[90] /home/travis/build/icyphy/ptII/ptolemy/domains/continuous/test/auto/Microsteps.xml (RunModel)" time="0.021" />
  <testcase classname="ptolemy.util.test.junit.AutoTests" name="[91] /home/travis/build/icyphy/ptII/ptolemy/domains/continuous/test/auto/Modal1.xml (RunModel)" time="0.046" />
  <testcase classname="ptolemy.util.test.junit.AutoTests" name="[92] /home/travis/build/icyphy/ptII/ptolemy/domains/continuous/test/auto/Modal2.xml (RunModel)" time="0.056" />
  <testcase classname="ptolemy.util.test.junit.AutoTests" name="[93] /home/travis/build/icyphy/ptII/ptolemy/domains/continuous/test/auto/ModalTransitionGuardWithReset.xml (RunModel)" time="0.029" />
  <testcase classname="ptolemy.util.test.junit.AutoTests" name="[94] /home/travis/build/icyphy/ptII/ptolemy/domains/continuous/test/auto/ModalTransitionGuardWithResetUsingPreemptiveTransition.xml (RunModel)" time="0.032" />
  <testcase classname="ptolemy.util.test.junit.AutoTests" name="[95] /home/travis/build/icyphy/ptII/ptolemy/domains/continuous/test/auto/ModalTransitionGuardWithResetUsingPreemptiveTransition2.xml (RunModel)" time="0.029" />
  <testcase classname="ptolemy.util.test.junit.AutoTests" name="[96] /home/travis/build/icyphy/ptII/ptolemy/domains/continuous/test/auto/ModalTransitionGuardWithResetUsingPreemptiveTransition3.xml (RunModel)" time="0.029" />
  <testcase classname="ptolemy.util.test.junit.AutoTests" name="[97] /home/travis/build/icyphy/ptII/ptolemy/domains/continuous/test/auto/NewtonsCradle.xml (RunModel)" time="0.819" />
  <testcase classname="ptolemy.util.test.junit.AutoTests" name="[98] /home/travis/build/icyphy/ptII/ptolemy/domains/continuous/test/auto/NewtonsCradleAnimated.xml (RunModel)" time="1.321" />
  <testcase classname="ptolemy.util.test.junit.AutoTests" name="[99] /home/travis/build/icyphy/ptII/ptolemy/domains/continuous/test/auto/NewtonsCradleComplicated.xml (RunModel)" time="0.997" />
  <testcase classname="ptolemy.util.test.junit.AutoTests" name="[100] /home/travis/build/icyphy/ptII/ptolemy/domains/continuous/test/auto/NewtonsCradleNondeterministic.xml (RunModel)" time="0.777" />
  <testcase classname="ptolemy.util.test.junit.AutoTests" name="[101] /home/travis/build/icyphy/ptII/ptolemy/domains/continuous/test/auto/NewtonsCradlePerfectlyInelastic1.xml (RunModel)" time="1.312" />
  <testcase classname="ptolemy.util.test.junit.AutoTests" name="[102] /home/travis/build/icyphy/ptII/ptolemy/domains/continuous/test/auto/Noise.xml (RunModel)" time="0.182" />
  <testcase classname="ptolemy.util.test.junit.AutoTests" name="[103] /home/travis/build/icyphy/ptII/ptolemy/domains/continuous/test/auto/NoiseSpectrum.xml (RunModel)" time="0.734" />
  <testcase classname="ptolemy.util.test.junit.AutoTests" name="[104] /home/travis/build/icyphy/ptII/ptolemy/domains/continuous/test/auto/ParameterizedNewtonsCradleAnimated.xml (RunModel)" time="0.342" />
  <testcase classname="ptolemy.util.test.junit.AutoTests" name="[105] /home/travis/build/icyphy/ptII/ptolemy/domains/continuous/test/auto/ParameterizedNewtonsCradleAnimatedNondeterministic.xml (RunModel)" time="1.166" />
  <testcase classname="ptolemy.util.test.junit.AutoTests" name="[106] /home/travis/build/icyphy/ptII/ptolemy/domains/continuous/test/auto/Pendulum3D.xml (RunModel)" time="0.168" />
  <testcase classname="ptolemy.util.test.junit.AutoTests" name="[107] /home/travis/build/icyphy/ptII/ptolemy/domains/continuous/test/auto/PeriodicSampler.xml (RunModel)" time="0.012" />
  <testcase classname="ptolemy.util.test.junit.AutoTests" name="[108] /home/travis/build/icyphy/ptII/ptolemy/domains/continuous/test/auto/PeriodicSampler1.xml (RunModel)" time="0.051" />
  <testcase classname="ptolemy.util.test.junit.AutoTests" name="[109] /home/travis/build/icyphy/ptII/ptolemy/domains/continuous/test/auto/PeriodicSampler2.xml (RunModel)" time="0.069" />
  <testcase classname="ptolemy.util.test.junit.AutoTests" name="[110] /home/travis/build/icyphy/ptII/ptolemy/domains/continuous/test/auto/Poisson.xml (RunModel)" time="0.478" />
  <testcase classname="ptolemy.util.test.junit.AutoTests" name="[111] /home/travis/build/icyphy/ptII/ptolemy/domains/continuous/test/auto/PoissonClock.xml (RunModel)" time="0.014" />
  <testcase classname="ptolemy.util.test.junit.AutoTests" name="[112] /home/travis/build/icyphy/ptII/ptolemy/domains/continuous/test/auto/PoissonClock2.xml (RunModel)" time="0.015" />
  <testcase classname="ptolemy.util.test.junit.AutoTests" name="[113] /home/travis/build/icyphy/ptII/ptolemy/domains/continuous/test/auto/PortParameterHierarchy.xml (RunModel)" time="0.026" />
  <testcase classname="ptolemy.util.test.junit.AutoTests" name="[114] /home/travis/build/icyphy/ptII/ptolemy/domains/continuous/test/auto/RandomHybridPlant.xml (RunModel)" time="0.522" />
  <testcase classname="ptolemy.util.test.junit.AutoTests" name="[115] /home/travis/build/icyphy/ptII/ptolemy/domains/continuous/test/auto/ResetTransitionWithStartTime1.xml (RunModel)" time="0.025" />
  <testcase classname="ptolemy.util.test.junit.AutoTests" name="[116] /home/travis/build/icyphy/ptII/ptolemy/domains/continuous/test/auto/ResetTransitionWithStartTime2.xml (RunModel)" time="0.038" />
  <testcase classname="ptolemy.util.test.junit.AutoTests" name="[117] /home/travis/build/icyphy/ptII/ptolemy/domains/continuous/test/auto/ResetTransitionWithStartTime3.xml (RunModel)" time="0.058" />
  <testcase classname="ptolemy.util.test.junit.AutoTests" name="[118] /home/travis/build/icyphy/ptII/ptolemy/domains/continuous/test/auto/ResetTransitionWithStartTime4.xml (RunModel)" time="0.029" />
  <testcase classname="ptolemy.util.test.junit.AutoTests" name="[119] /home/travis/build/icyphy/ptII/ptolemy/domains/continuous/test/auto/ResetTransitionWithStartTime5.xml (RunModel)" time="0.034" />
  <testcase classname="ptolemy.util.test.junit.AutoTests" name="[120] /home/travis/build/icyphy/ptII/ptolemy/domains/continuous/test/auto/ResetTransitionWithStartTime6.xml (RunModel)" time="0.024" />
  <testcase classname="ptolemy.util.test.junit.AutoTests" name="[121] /home/travis/build/icyphy/ptII/ptolemy/domains/continuous/test/auto/SRinContinuous.xml (RunModel)" time="0.029" />
  <testcase classname="ptolemy.util.test.junit.AutoTests" name="[122] /home/travis/build/icyphy/ptII/ptolemy/domains/continuous/test/auto/SampledClocks.xml (RunModel)" time="0.04" />
  <testcase classname="ptolemy.util.test.junit.AutoTests" name="[123] /home/travis/build/icyphy/ptII/ptolemy/domains/continuous/test/auto/Satellite.xml (RunModel)" time="0.912" />
  <testcase classname="ptolemy.util.test.junit.AutoTests" name="[124] /home/travis/build/icyphy/ptII/ptolemy/domains/continuous/test/auto/SigmaDelta.xml (RunModel)" time="2.466" />
  <testcase classname="ptolemy.util.test.junit.AutoTests" name="[125] /home/travis/build/icyphy/ptII/ptolemy/domains/continuous/test/auto/SingleRefinement.xml (RunModel)" time="0.476" />
  <testcase classname="ptolemy.util.test.junit.AutoTests" name="[126] /home/travis/build/icyphy/ptII/ptolemy/domains/continuous/test/auto/SinuBouncingBall.xml (RunModel)" time="0.902" />
  <testcase classname="ptolemy.util.test.junit.AutoTests" name="[127] /home/travis/build/icyphy/ptII/ptolemy/domains/continuous/test/auto/Sinusoid.xml (RunModel)" time="0.016" />
  <testcase classname="ptolemy.util.test.junit.AutoTests" name="[128] /home/travis/build/icyphy/ptII/ptolemy/domains/continuous/test/auto/SinusoidInNoise.xml (RunModel)" time="0.971" />
  <testcase classname="ptolemy.util.test.junit.AutoTests" name="[129] /home/travis/build/icyphy/ptII/ptolemy/domains/continuous/test/auto/SinusoidRK45.xml (RunModel)" time="0.011" />
  <testcase classname="ptolemy.util.test.junit.AutoTests" name="[130] /home/travis/build/icyphy/ptII/ptolemy/domains/continuous/test/auto/SinusoidWithMultipleImpulses.xml (RunModel)" time="0.011" />
  <testcase classname="ptolemy.util.test.junit.AutoTests" name="[131] /home/travis/build/icyphy/ptII/ptolemy/domains/continuous/test/auto/SquareWave.xml (RunModel)" time="0.177" />
  <testcase classname="ptolemy.util.test.junit.AutoTests" name="[132] /home/travis/build/icyphy/ptII/ptolemy/domains/continuous/test/auto/Starmac.xml (RunModel)" time="3.334" />
  <testcase classname="ptolemy.util.test.junit.AutoTests" name="[133] /home/travis/build/icyphy/ptII/ptolemy/domains/continuous/test/auto/StaticUnits.xml (RunModel)" time="2.679" />
  <testcase classname="ptolemy.util.test.junit.AutoTests" name="[134] /home/travis/build/icyphy/ptII/ptolemy/domains/continuous/test/auto/StickyMasses.xml (RunModel)" time="0.264" />
  <testcase classname="ptolemy.util.test.junit.AutoTests" name="[135] /home/travis/build/icyphy/ptII/ptolemy/domains/continuous/test/auto/StopTime.xml (RunModel)" time="0.061" />
  <testcase classname="ptolemy.util.test.junit.AutoTests" name="[136] /home/travis/build/icyphy/ptII/ptolemy/domains/continuous/test/auto/StopTime2.xml (RunModel)" time="0.054" />
  <testcase classname="ptolemy.util.test.junit.AutoTests" name="[137] /home/travis/build/icyphy/ptII/ptolemy/domains/continuous/test/auto/Switch.xml (RunModel)" time="0.06" />
  <testcase classname="ptolemy.util.test.junit.AutoTests" name="[138] /home/travis/build/icyphy/ptII/ptolemy/domains/continuous/test/auto/Thermostat.xml (RunModel)" time="0.195" />
  <testcase classname="ptolemy.util.test.junit.AutoTests" name="[139] /home/travis/build/icyphy/ptII/ptolemy/domains/continuous/test/auto/TimeDelay.xml (RunModel)" time="0.013" />
  <testcase classname="ptolemy.util.test.junit.AutoTests" name="[140] /home/travis/build/icyphy/ptII/ptolemy/domains/continuous/test/auto/TimeDelay2.xml (RunModel)" time="0.025" />
  <testcase classname="ptolemy.util.test.junit.AutoTests" name="[141] /home/travis/build/icyphy/ptII/ptolemy/domains/continuous/test/auto/TimeDelay3.xml (RunModel)" time="0.015" />
  <testcase classname="ptolemy.util.test.junit.AutoTests" name="[142] /home/travis/build/icyphy/ptII/ptolemy/domains/continuous/test/auto/TransferAbsentToInside.xml (RunModel)" time="0.183" />
  <testcase classname="ptolemy.util.test.junit.AutoTests" name="[143] /home/travis/build/icyphy/ptII/ptolemy/domains/continuous/test/auto/Transmission.xml (RunModel)" time="0.846" />
  <testcase classname="ptolemy.util.test.junit.AutoTests" name="[144] /home/travis/build/icyphy/ptII/ptolemy/domains/continuous/test/auto/TriggeredContinuousClock.xml (RunModel)" time="0.063" />
  <testcase classname="ptolemy.util.test.junit.AutoTests" name="[145] /home/travis/build/icyphy/ptII/ptolemy/domains/continuous/test/auto/TwoMachineInfiniteBusControl.xml (RunModel)" time="2.687" />
  <testcase classname="ptolemy.util.test.junit.AutoTests" name="[146] /home/travis/build/icyphy/ptII/ptolemy/domains/continuous/test/auto/V2V.xml (RunModel)" time="0.82" />
  <testcase classname="ptolemy.util.test.junit.AutoTests" name="[147] /home/travis/build/icyphy/ptII/ptolemy/domains/continuous/test/auto/hierarchicalModalModel.xml (RunModel)" time="0.058" />
  <testcase classname="ptolemy.util.test.junit.AutoTests" name="[148] /home/travis/build/icyphy/ptII/ptolemy/domains/continuous/test/auto/hierarchicalModalModel1.xml (RunModel)" time="0.039" />
  <testcase classname="ptolemy.util.test.junit.AutoTests" name="[149] /home/travis/build/icyphy/ptII/ptolemy/domains/continuous/test/auto/hierarchicalModalModel2.xml (RunModel)" time="0.029" />
  <testcase classname="ptolemy.util.test.junit.AutoTests" name="[150] /home/travis/build/icyphy/ptII/ptolemy/domains/continuous/test/auto/hierarchicalModalModel3.xml (RunModel)" time="0.026" />
  <testcase classname="ptolemy.util.test.junit.AutoTests" name="[151] /home/travis/build/icyphy/ptII/ptolemy/domains/continuous/test/auto/hierarchicalModalModel4.xml (RunModel)" time="0.026" />
  <testcase classname="ptolemy.util.test.junit.AutoTests" name="[152] /home/travis/build/icyphy/ptII/ptolemy/domains/continuous/test/auto/junk.xml (RunModel)" time="0.162" />
  <system-out><![CDATA[No tcl tests in /home/travis/build/icyphy/ptII/ptolemy/domains/continuous/test
No auto/knownFailedTests/*.xml tests in /home/travis/build/icyphy/ptII/ptolemy/domains/continuous/test
No auto/linux-amd64/*.xml tests in /home/travis/build/icyphy/ptII/ptolemy/domains/continuous/test
AutoTests.java: About to close Vertx.
AutoTests.java: Vertx closed.

===========================================================================================
----------------- testing Fri May 31 04:29:24 UTC 2019 /home/travis/build/icyphy/ptII/ptolemy/domains/continuous/test/auto/BouncingBall.xml
----------------- Instantiating /home/travis/build/icyphy/ptII/ptolemy/domains/continuous/test/auto/BouncingBall.xml
2383 ms. Memory: 332288K Free: 272777K (82%)
----------------- Invoking toplevel() on ptolemy.moml.MoMLSimpleApplication@206eae6a
----------------- Done invoking toplevel() on ptolemy.moml.MoMLSimpleApplication@206eae6a
reloadAllAccessors: .BouncingBall

===========================================================================================
----------------- testing Fri May 31 04:29:27 UTC 2019 /home/travis/build/icyphy/ptII/ptolemy/domains/continuous/test/auto/BouncingBallWithoutGR.xml
----------------- Instantiating /home/travis/build/icyphy/ptII/ptolemy/domains/continuous/test/auto/BouncingBallWithoutGR.xml
687 ms. Memory: 332288K Free: 324048K (98%)
----------------- Invoking toplevel() on ptolemy.moml.MoMLSimpleApplication@e1ac64c
----------------- Done invoking toplevel() on ptolemy.moml.MoMLSimpleApplication@e1ac64c
reloadAllAccessors: .BouncingBallWithoutGR

===========================================================================================
----------------- testing Fri May 31 04:29:28 UTC 2019 /home/travis/build/icyphy/ptII/ptolemy/domains/continuous/test/auto/Brownian.xml
----------------- Instantiating /home/travis/build/icyphy/ptII/ptolemy/domains/continuous/test/auto/Brownian.xml
32 ms. Memory: 332288K Free: 310377K (93%)
----------------- Invoking toplevel() on ptolemy.moml.MoMLSimpleApplication@5b4525f6
----------------- Done invoking toplevel() on ptolemy.moml.MoMLSimpleApplication@5b4525f6
reloadAllAccessors: .Brownian

===========================================================================================
----------------- testing Fri May 31 04:29:28 UTC 2019 /home/travis/build/icyphy/ptII/ptolemy/domains/continuous/test/auto/CarTracking.xml
----------------- Instantiating /home/travis/build/icyphy/ptII/ptolemy/domains/continuous/test/auto/CarTracking.xml
3562 ms. Memory: 578560K Free: 463574K (80%)
----------------- Invoking toplevel() on ptolemy.moml.MoMLSimpleApplication@d7f79a3
----------------- Done invoking toplevel() on ptolemy.moml.MoMLSimpleApplication@d7f79a3
reloadAllAccessors: .CarTracking

===========================================================================================
----------------- testing Fri May 31 04:29:32 UTC 2019 /home/travis/build/icyphy/ptII/ptolemy/domains/continuous/test/auto/CartPendulum.xml
----------------- Instantiating /home/travis/build/icyphy/ptII/ptolemy/domains/continuous/test/auto/CartPendulum.xml
429 ms. Memory: 578560K Free: 351152K (61%)
----------------- Invoking toplevel() on ptolemy.moml.MoMLSimpleApplication@5d406e5c
----------------- Done invoking toplevel() on ptolemy.moml.MoMLSimpleApplication@5d406e5c
reloadAllAccessors: .CartPendulum

===========================================================================================
----------------- testing Fri May 31 04:29:32 UTC 2019 /home/travis/build/icyphy/ptII/ptolemy/domains/continuous/test/auto/CausalityInterface10.xml
----------------- Instantiating /home/travis/build/icyphy/ptII/ptolemy/domains/continuous/test/auto/CausalityInterface10.xml
6 ms. Memory: 578560K Free: 338036K (58%)
----------------- Invoking toplevel() on ptolemy.moml.MoMLSimpleApplication@35c6b96d
----------------- Done invoking toplevel() on ptolemy.moml.MoMLSimpleApplication@35c6b96d
reloadAllAccessors: .CausalityInterface10

===========================================================================================
----------------- testing Fri May 31 04:29:32 UTC 2019 /home/travis/build/icyphy/ptII/ptolemy/domains/continuous/test/auto/CausalityInterface11.xml
----------------- Instantiating /home/travis/build/icyphy/ptII/ptolemy/domains/continuous/test/auto/CausalityInterface11.xml
12 ms. Memory: 578560K Free: 328190K (57%)
----------------- Invoking toplevel() on ptolemy.moml.MoMLSimpleApplication@362e2319
----------------- Done invoking toplevel() on ptolemy.moml.MoMLSimpleApplication@362e2319
reloadAllAccessors: .CausalityInterface11

===========================================================================================
----------------- testing Fri May 31 04:29:32 UTC 2019 /home/travis/build/icyphy/ptII/ptolemy/domains/continuous/test/auto/CausalityInterface12.xml
----------------- Instantiating /home/travis/build/icyphy/ptII/ptolemy/domains/continuous/test/auto/CausalityInterface12.xml
7 ms. Memory: 578560K Free: 315506K (55%)
----------------- Invoking toplevel() on ptolemy.moml.MoMLSimpleApplication@5d99e7e8
----------------- Done invoking toplevel() on ptolemy.moml.MoMLSimpleApplication@5d99e7e8
reloadAllAccessors: .CausalityInterface12

===========================================================================================
----------------- testing Fri May 31 04:29:33 UTC 2019 /home/travis/build/icyphy/ptII/ptolemy/domains/continuous/test/auto/CausalityInterface13.xml
----------------- Instantiating /home/travis/build/icyphy/ptII/ptolemy/domains/continuous/test/auto/CausalityInterface13.xml
10 ms. Memory: 578560K Free: 305675K (53%)
----------------- Invoking toplevel() on ptolemy.moml.MoMLSimpleApplication@5b90f44e
----------------- Done invoking toplevel() on ptolemy.moml.MoMLSimpleApplication@5b90f44e
reloadAllAccessors: .CausalityInterface13

===========================================================================================
----------------- testing Fri May 31 04:29:33 UTC 2019 /home/travis/build/icyphy/ptII/ptolemy/domains/continuous/test/auto/CausalityInterface14.xml
----------------- Instantiating /home/travis/build/icyphy/ptII/ptolemy/domains/continuous/test/auto/CausalityInterface14.xml
10 ms. Memory: 578560K Free: 295829K (51%)
----------------- Invoking toplevel() on ptolemy.moml.MoMLSimpleApplication@7e94fe74
----------------- Done invoking toplevel() on ptolemy.moml.MoMLSimpleApplication@7e94fe74
reloadAllAccessors: .CausalityInterface14

===========================================================================================
----------------- testing Fri May 31 04:29:33 UTC 2019 /home/travis/build/icyphy/ptII/ptolemy/domains/continuous/test/auto/CausalityInterface4.xml
----------------- Instantiating /home/travis/build/icyphy/ptII/ptolemy/domains/continuous/test/auto/CausalityInterface4.xml
6 ms. Memory: 578560K Free: 285982K (49%)
----------------- Invoking toplevel() on ptolemy.moml.MoMLSimpleApplication@79a31e7b
----------------- Done invoking toplevel() on ptolemy.moml.MoMLSimpleApplication@79a31e7b
reloadAllAccessors: .CausalityInterface4

===========================================================================================
----------------- testing Fri May 31 04:29:33 UTC 2019 /home/travis/build/icyphy/ptII/ptolemy/domains/continuous/test/auto/CausalityInterface5.xml
----------------- Instantiating /home/travis/build/icyphy/ptII/ptolemy/domains/continuous/test/auto/CausalityInterface5.xml
7 ms. Memory: 578560K Free: 269990K (47%)
----------------- Invoking toplevel() on ptolemy.moml.MoMLSimpleApplication@1cb9828f
----------------- Done invoking toplevel() on ptolemy.moml.MoMLSimpleApplication@1cb9828f
reloadAllAccessors: .CausalityInterface5

===========================================================================================
----------------- testing Fri May 31 04:29:33 UTC 2019 /home/travis/build/icyphy/ptII/ptolemy/domains/continuous/test/auto/CausalityInterface6.xml
----------------- Instantiating /home/travis/build/icyphy/ptII/ptolemy/domains/continuous/test/auto/CausalityInterface6.xml
4 ms. Memory: 578560K Free: 260143K (45%)
----------------- Invoking toplevel() on ptolemy.moml.MoMLSimpleApplication@23b3b916
----------------- Done invoking toplevel() on ptolemy.moml.MoMLSimpleApplication@23b3b916
reloadAllAccessors: .CausalityInterface6

===========================================================================================
----------------- testing Fri May 31 04:29:33 UTC 2019 /home/travis/build/icyphy/ptII/ptolemy/domains/continuous/test/auto/CausalityInterface7.xml
----------------- Instantiating /home/travis/build/icyphy/ptII/ptolemy/domains/continuous/test/auto/CausalityInterface7.xml
12 ms. Memory: 578560K Free: 247020K (43%)
----------------- Invoking toplevel() on ptolemy.moml.MoMLSimpleApplication@b98a0fe
----------------- Done invoking toplevel() on ptolemy.moml.MoMLSimpleApplication@b98a0fe
reloadAllAccessors: .CausalityInterface7

===========================================================================================
----------------- testing Fri May 31 04:29:33 UTC 2019 /home/travis/build/icyphy/ptII/ptolemy/domains/continuous/test/auto/CausalityInterface8.xml
----------------- Instantiating /home/travis/build/icyphy/ptII/ptolemy/domains/continuous/test/auto/CausalityInterface8.xml
4 ms. Memory: 578560K Free: 233905K (40%)
----------------- Invoking toplevel() on ptolemy.moml.MoMLSimpleApplication@7c7ca355
----------------- Done invoking toplevel() on ptolemy.moml.MoMLSimpleApplication@7c7ca355
reloadAllAccessors: .CausalityInterface8

===========================================================================================
----------------- testing Fri May 31 04:29:33 UTC 2019 /home/travis/build/icyphy/ptII/ptolemy/domains/continuous/test/auto/CausalityInterface9.xml
----------------- Instantiating /home/travis/build/icyphy/ptII/ptolemy/domains/continuous/test/auto/CausalityInterface9.xml
8 ms. Memory: 578560K Free: 214643K (37%)
----------------- Invoking toplevel() on ptolemy.moml.MoMLSimpleApplication@17d02bc8
----------------- Done invoking toplevel() on ptolemy.moml.MoMLSimpleApplication@17d02bc8
reloadAllAccessors: .CausalityInterface9

===========================================================================================
----------------- testing Fri May 31 04:29:33 UTC 2019 /home/travis/build/icyphy/ptII/ptolemy/domains/continuous/test/auto/CausalityInterfaceFeedback1.xml
----------------- Instantiating /home/travis/build/icyphy/ptII/ptolemy/domains/continuous/test/auto/CausalityInterfaceFeedback1.xml
8 ms. Memory: 578560K Free: 204797K (35%)
----------------- Invoking toplevel() on ptolemy.moml.MoMLSimpleApplication@4c99c25a
----------------- Done invoking toplevel() on ptolemy.moml.MoMLSimpleApplication@4c99c25a
reloadAllAccessors: .CausalityInterfaceFeedback1

===========================================================================================
----------------- testing Fri May 31 04:29:33 UTC 2019 /home/travis/build/icyphy/ptII/ptolemy/domains/continuous/test/auto/CausalityInterfaceFeedback2.xml
----------------- Instantiating /home/travis/build/icyphy/ptII/ptolemy/domains/continuous/test/auto/CausalityInterfaceFeedback2.xml
6 ms. Memory: 578560K Free: 194950K (34%)
----------------- Invoking toplevel() on ptolemy.moml.MoMLSimpleApplication@111ca446
----------------- Done invoking toplevel() on ptolemy.moml.MoMLSimpleApplication@111ca446
reloadAllAccessors: .CausalityInterfaceFeedback2

===========================================================================================
----------------- testing Fri May 31 04:29:33 UTC 2019 /home/travis/build/icyphy/ptII/ptolemy/domains/continuous/test/auto/CompareWithCurrentTime.xml
----------------- Instantiating /home/travis/build/icyphy/ptII/ptolemy/domains/continuous/test/auto/CompareWithCurrentTime.xml
5 ms. Memory: 578560K Free: 185543K (32%)
----------------- Invoking toplevel() on ptolemy.moml.MoMLSimpleApplication@51b8ac48
----------------- Done invoking toplevel() on ptolemy.moml.MoMLSimpleApplication@51b8ac48
reloadAllAccessors: .CompareWithCurrentTime

===========================================================================================
----------------- testing Fri May 31 04:29:33 UTC 2019 /home/travis/build/icyphy/ptII/ptolemy/domains/continuous/test/auto/ComparedClocks.xml
----------------- Instantiating /home/travis/build/icyphy/ptII/ptolemy/domains/continuous/test/auto/ComparedClocks.xml
7 ms. Memory: 578560K Free: 165866K (29%)
----------------- Invoking toplevel() on ptolemy.moml.MoMLSimpleApplication@51ddb968
----------------- Done invoking toplevel() on ptolemy.moml.MoMLSimpleApplication@51ddb968
reloadAllAccessors: .ComparedClocks

===========================================================================================
----------------- testing Fri May 31 04:29:33 UTC 2019 /home/travis/build/icyphy/ptII/ptolemy/domains/continuous/test/auto/ContinuousAOCClone.xml
----------------- Instantiating /home/travis/build/icyphy/ptII/ptolemy/domains/continuous/test/auto/ContinuousAOCClone.xml
2331 ms. Memory: 872960K Free: 431172K (49%)
----------------- Invoking toplevel() on ptolemy.moml.MoMLSimpleApplication@2c17e46b
----------------- Done invoking toplevel() on ptolemy.moml.MoMLSimpleApplication@2c17e46b
reloadAllAccessors: .ContinuousAOCClone

===========================================================================================
----------------- testing Fri May 31 04:29:36 UTC 2019 /home/travis/build/icyphy/ptII/ptolemy/domains/continuous/test/auto/ContinuousClock.xml
----------------- Instantiating /home/travis/build/icyphy/ptII/ptolemy/domains/continuous/test/auto/ContinuousClock.xml
36 ms. Memory: 872960K Free: 396975K (45%)
----------------- Invoking toplevel() on ptolemy.moml.MoMLSimpleApplication@2e695513
----------------- Done invoking toplevel() on ptolemy.moml.MoMLSimpleApplication@2e695513
reloadAllAccessors: .ContinuousClock

===========================================================================================
----------------- testing Fri May 31 04:29:36 UTC 2019 /home/travis/build/icyphy/ptII/ptolemy/domains/continuous/test/auto/ContinuousInContinuous.xml
----------------- Instantiating /home/travis/build/icyphy/ptII/ptolemy/domains/continuous/test/auto/ContinuousInContinuous.xml
41 ms. Memory: 872960K Free: 369412K (42%)
----------------- Invoking toplevel() on ptolemy.moml.MoMLSimpleApplication@50fdf8bc
----------------- Done invoking toplevel() on ptolemy.moml.MoMLSimpleApplication@50fdf8bc
reloadAllAccessors: .ContinuousInContinuous

===========================================================================================
----------------- testing Fri May 31 04:29:36 UTC 2019 /home/travis/build/icyphy/ptII/ptolemy/domains/continuous/test/auto/ContinuousInContinuousInContinuous.xml
----------------- Instantiating /home/travis/build/icyphy/ptII/ptolemy/domains/continuous/test/auto/ContinuousInContinuousInContinuous.xml
8 ms. Memory: 872960K Free: 357607K (41%)
----------------- Invoking toplevel() on ptolemy.moml.MoMLSimpleApplication@5d0aab6a
----------------- Done invoking toplevel() on ptolemy.moml.MoMLSimpleApplication@5d0aab6a
reloadAllAccessors: .ContinuousInContinuousInContinuous

===========================================================================================
----------------- testing Fri May 31 04:29:36 UTC 2019 /home/travis/build/icyphy/ptII/ptolemy/domains/continuous/test/auto/ContinuousInDE.xml
----------------- Instantiating /home/travis/build/icyphy/ptII/ptolemy/domains/continuous/test/auto/ContinuousInDE.xml
106 ms. Memory: 872960K Free: 338795K (39%)
----------------- Invoking toplevel() on ptolemy.moml.MoMLSimpleApplication@776114e8
----------------- Done invoking toplevel() on ptolemy.moml.MoMLSimpleApplication@776114e8
reloadAllAccessors: .ContinuousInDE

===========================================================================================
----------------- testing Fri May 31 04:29:36 UTC 2019 /home/travis/build/icyphy/ptII/ptolemy/domains/continuous/test/auto/ContinuousInDE2.xml
----------------- Instantiating /home/travis/build/icyphy/ptII/ptolemy/domains/continuous/test/auto/ContinuousInDE2.xml
40 ms. Memory: 872960K Free: 327006K (37%)
----------------- Invoking toplevel() on ptolemy.moml.MoMLSimpleApplication@64d9d86a
----------------- Done invoking toplevel() on ptolemy.moml.MoMLSimpleApplication@64d9d86a
reloadAllAccessors: .ContinuousInDE2

===========================================================================================
----------------- testing Fri May 31 04:29:36 UTC 2019 /home/travis/build/icyphy/ptII/ptolemy/domains/continuous/test/auto/ContinuousInDE3.xml
----------------- Instantiating /home/travis/build/icyphy/ptII/ptolemy/domains/continuous/test/auto/ContinuousInDE3.xml
36 ms. Memory: 872960K Free: 315217K (36%)
----------------- Invoking toplevel() on ptolemy.moml.MoMLSimpleApplication@7204584b
----------------- Done invoking toplevel() on ptolemy.moml.MoMLSimpleApplication@7204584b
reloadAllAccessors: .ContinuousInDE3

===========================================================================================
----------------- testing Fri May 31 04:29:36 UTC 2019 /home/travis/build/icyphy/ptII/ptolemy/domains/continuous/test/auto/ContinuousInDE4.xml
----------------- Instantiating /home/travis/build/icyphy/ptII/ptolemy/domains/continuous/test/auto/ContinuousInDE4.xml
13 ms. Memory: 872960K Free: 307358K (35%)
----------------- Invoking toplevel() on ptolemy.moml.MoMLSimpleApplication@1335f952
----------------- Done invoking toplevel() on ptolemy.moml.MoMLSimpleApplication@1335f952
reloadAllAccessors: .ContinuousInDE4

===========================================================================================
----------------- testing Fri May 31 04:29:36 UTC 2019 /home/travis/build/icyphy/ptII/ptolemy/domains/continuous/test/auto/ContinuousInDEDifferentRefinements.xml
----------------- Instantiating /home/travis/build/icyphy/ptII/ptolemy/domains/continuous/test/auto/ContinuousInDEDifferentRefinements.xml
60 ms. Memory: 872960K Free: 268810K (31%)
----------------- Invoking toplevel() on ptolemy.moml.MoMLSimpleApplication@5aca6a36
----------------- Done invoking toplevel() on ptolemy.moml.MoMLSimpleApplication@5aca6a36
reloadAllAccessors: .ContinuousInDEDifferentRefinements

===========================================================================================
----------------- testing Fri May 31 04:29:36 UTC 2019 /home/travis/build/icyphy/ptII/ptolemy/domains/continuous/test/auto/ContinuousInDEDifferentRefinementsPreemptive.xml
----------------- Instantiating /home/travis/build/icyphy/ptII/ptolemy/domains/continuous/test/auto/ContinuousInDEDifferentRefinementsPreemptive.xml
48 ms. Memory: 872960K Free: 233387K (27%)
----------------- Invoking toplevel() on ptolemy.moml.MoMLSimpleApplication@65db4336
----------------- Done invoking toplevel() on ptolemy.moml.MoMLSimpleApplication@65db4336
reloadAllAccessors: .ContinuousInDEDifferentRefinementsPreemptive

===========================================================================================
----------------- testing Fri May 31 04:29:36 UTC 2019 /home/travis/build/icyphy/ptII/ptolemy/domains/continuous/test/auto/ContinuousInDEInContinuous2.xml
----------------- Instantiating /home/travis/build/icyphy/ptII/ptolemy/domains/continuous/test/auto/ContinuousInDEInContinuous2.xml
36 ms. Memory: 872960K Free: 217653K (25%)
----------------- Invoking toplevel() on ptolemy.moml.MoMLSimpleApplication@97bcd71
----------------- Done invoking toplevel() on ptolemy.moml.MoMLSimpleApplication@97bcd71
reloadAllAccessors: .ContinuousInDEInContinuous2

===========================================================================================
----------------- testing Fri May 31 04:29:36 UTC 2019 /home/travis/build/icyphy/ptII/ptolemy/domains/continuous/test/auto/ContinuousInDEInContinuous3.xml
----------------- Instantiating /home/travis/build/icyphy/ptII/ptolemy/domains/continuous/test/auto/ContinuousInDEInContinuous3.xml
36 ms. Memory: 872960K Free: 201918K (23%)
----------------- Invoking toplevel() on ptolemy.moml.MoMLSimpleApplication@42205347
----------------- Done invoking toplevel() on ptolemy.moml.MoMLSimpleApplication@42205347
reloadAllAccessors: .ContinuousInDEInContinuous3

===========================================================================================
----------------- testing Fri May 31 04:29:37 UTC 2019 /home/travis/build/icyphy/ptII/ptolemy/domains/continuous/test/auto/ContinuousInDEInput.xml
----------------- Instantiating /home/travis/build/icyphy/ptII/ptolemy/domains/continuous/test/auto/ContinuousInDEInput.xml
15 ms. Memory: 872960K Free: 187036K (21%)
----------------- Invoking toplevel() on ptolemy.moml.MoMLSimpleApplication@43cfe201
----------------- Done invoking toplevel() on ptolemy.moml.MoMLSimpleApplication@43cfe201
reloadAllAccessors: .ContinuousInDEInput

===========================================================================================
----------------- testing Fri May 31 04:29:37 UTC 2019 /home/travis/build/icyphy/ptII/ptolemy/domains/continuous/test/auto/ContinuousInDEInput2.xml
----------------- Instantiating /home/travis/build/icyphy/ptII/ptolemy/domains/continuous/test/auto/ContinuousInDEInput2.xml
14 ms. Memory: 872960K Free: 175239K (20%)
----------------- Invoking toplevel() on ptolemy.moml.MoMLSimpleApplication@74e3dd20
----------------- Done invoking toplevel() on ptolemy.moml.MoMLSimpleApplication@74e3dd20
reloadAllAccessors: .ContinuousInDEInput2

===========================================================================================
----------------- testing Fri May 31 04:29:37 UTC 2019 /home/travis/build/icyphy/ptII/ptolemy/domains/continuous/test/auto/ContinuousInDEInput3.xml
----------------- Instantiating /home/travis/build/icyphy/ptII/ptolemy/domains/continuous/test/auto/ContinuousInDEInput3.xml
12 ms. Memory: 872960K Free: 163450K (19%)
----------------- Invoking toplevel() on ptolemy.moml.MoMLSimpleApplication@10eab2b2
----------------- Done invoking toplevel() on ptolemy.moml.MoMLSimpleApplication@10eab2b2
reloadAllAccessors: .ContinuousInDEInput3

===========================================================================================
----------------- testing Fri May 31 04:29:37 UTC 2019 /home/travis/build/icyphy/ptII/ptolemy/domains/continuous/test/auto/ContinuousInDESharingRefinement.xml
----------------- Instantiating /home/travis/build/icyphy/ptII/ptolemy/domains/continuous/test/auto/ContinuousInDESharingRefinement.xml
161 ms. Memory: 873472K Free: 849528K (97%)
----------------- Invoking toplevel() on ptolemy.moml.MoMLSimpleApplication@7c7a00ae
----------------- Done invoking toplevel() on ptolemy.moml.MoMLSimpleApplication@7c7a00ae
reloadAllAccessors: .ContinuousInDESharingRefinement

===========================================================================================
----------------- testing Fri May 31 04:29:37 UTC 2019 /home/travis/build/icyphy/ptII/ptolemy/domains/continuous/test/auto/ContinuousInDEwithNoPorts.xml
----------------- Instantiating /home/travis/build/icyphy/ptII/ptolemy/domains/continuous/test/auto/ContinuousInDEwithNoPorts.xml
5 ms. Memory: 873472K Free: 837537K (96%)
----------------- Invoking toplevel() on ptolemy.moml.MoMLSimpleApplication@456026c4
----------------- Done invoking toplevel() on ptolemy.moml.MoMLSimpleApplication@456026c4
reloadAllAccessors: .ContinuousInDEwithNoPorts

===========================================================================================
----------------- testing Fri May 31 04:29:37 UTC 2019 /home/travis/build/icyphy/ptII/ptolemy/domains/continuous/test/auto/ContinuousInsideDE.xml
----------------- Instantiating /home/travis/build/icyphy/ptII/ptolemy/domains/continuous/test/auto/ContinuousInsideDE.xml
38 ms. Memory: 873472K Free: 821802K (94%)
----------------- Invoking toplevel() on ptolemy.moml.MoMLSimpleApplication@1e29a481
----------------- Done invoking toplevel() on ptolemy.moml.MoMLSimpleApplication@1e29a481
reloadAllAccessors: .ContinuousInsideDE

===========================================================================================
----------------- testing Fri May 31 04:29:37 UTC 2019 /home/travis/build/icyphy/ptII/ptolemy/domains/continuous/test/auto/ContinuousMerge1.xml
----------------- Instantiating /home/travis/build/icyphy/ptII/ptolemy/domains/continuous/test/auto/ContinuousMerge1.xml
3 ms. Memory: 873472K Free: 811855K (93%)
----------------- Invoking toplevel() on ptolemy.moml.MoMLSimpleApplication@4a8519c8
----------------- Done invoking toplevel() on ptolemy.moml.MoMLSimpleApplication@4a8519c8
reloadAllAccessors: .ContinuousMerge1

===========================================================================================
----------------- testing Fri May 31 04:29:37 UTC 2019 /home/travis/build/icyphy/ptII/ptolemy/domains/continuous/test/auto/ContinuousMerge2.xml
----------------- Instantiating /home/travis/build/icyphy/ptII/ptolemy/domains/continuous/test/auto/ContinuousMerge2.xml
16 ms. Memory: 873472K Free: 795949K (91%)
----------------- Invoking toplevel() on ptolemy.moml.MoMLSimpleApplication@2f9aaf22
----------------- Done invoking toplevel() on ptolemy.moml.MoMLSimpleApplication@2f9aaf22
reloadAllAccessors: .ContinuousMerge2

===========================================================================================
----------------- testing Fri May 31 04:29:37 UTC 2019 /home/travis/build/icyphy/ptII/ptolemy/domains/continuous/test/auto/ContinuousMerge3.xml
----------------- Instantiating /home/travis/build/icyphy/ptII/ptolemy/domains/continuous/test/auto/ContinuousMerge3.xml
45 ms. Memory: 873472K Free: 780215K (89%)
----------------- Invoking toplevel() on ptolemy.moml.MoMLSimpleApplication@25bd674d
----------------- Done invoking toplevel() on ptolemy.moml.MoMLSimpleApplication@25bd674d
reloadAllAccessors: .ContinuousMerge3

===========================================================================================
----------------- testing Fri May 31 04:29:37 UTC 2019 /home/travis/build/icyphy/ptII/ptolemy/domains/continuous/test/auto/ContinuousWithinContinuous.xml
----------------- Instantiating /home/travis/build/icyphy/ptII/ptolemy/domains/continuous/test/auto/ContinuousWithinContinuous.xml
43 ms. Memory: 873472K Free: 762400K (87%)
----------------- Invoking toplevel() on ptolemy.moml.MoMLSimpleApplication@189cbce
----------------- Done invoking toplevel() on ptolemy.moml.MoMLSimpleApplication@189cbce
reloadAllAccessors: .ContinuousWithinContinuous

===========================================================================================
----------------- testing Fri May 31 04:29:37 UTC 2019 /home/travis/build/icyphy/ptII/ptolemy/domains/continuous/test/auto/ContinuousWithinContinuous2.xml
----------------- Instantiating /home/travis/build/icyphy/ptII/ptolemy/domains/continuous/test/auto/ContinuousWithinContinuous2.xml
81 ms. Memory: 873472K Free: 750611K (86%)
----------------- Invoking toplevel() on ptolemy.moml.MoMLSimpleApplication@1d65ae45
----------------- Done invoking toplevel() on ptolemy.moml.MoMLSimpleApplication@1d65ae45
reloadAllAccessors: .ContinuousWithinContinuous2

===========================================================================================
----------------- testing Fri May 31 04:29:37 UTC 2019 /home/travis/build/icyphy/ptII/ptolemy/domains/continuous/test/auto/ContinuousWithinContinuous3.xml
----------------- Instantiating /home/travis/build/icyphy/ptII/ptolemy/domains/continuous/test/auto/ContinuousWithinContinuous3.xml
13 ms. Memory: 873472K Free: 736718K (84%)
----------------- Invoking toplevel() on ptolemy.moml.MoMLSimpleApplication@706b2e42
----------------- Done invoking toplevel() on ptolemy.moml.MoMLSimpleApplication@706b2e42
reloadAllAccessors: .ContinuousWithinContinuous3

===========================================================================================
----------------- testing Fri May 31 04:29:37 UTC 2019 /home/travis/build/icyphy/ptII/ptolemy/domains/continuous/test/auto/ContinuousWithinContinuous4.xml
----------------- Instantiating /home/travis/build/icyphy/ptII/ptolemy/domains/continuous/test/auto/ContinuousWithinContinuous4.xml
79 ms. Memory: 873472K Free: 720999K (83%)
----------------- Invoking toplevel() on ptolemy.moml.MoMLSimpleApplication@283f7d7f
----------------- Done invoking toplevel() on ptolemy.moml.MoMLSimpleApplication@283f7d7f
reloadAllAccessors: .ContinuousWithinContinuous4

===========================================================================================
----------------- testing Fri May 31 04:29:37 UTC 2019 /home/travis/build/icyphy/ptII/ptolemy/domains/continuous/test/auto/ContinuousWithinContinuous5.xml
----------------- Instantiating /home/travis/build/icyphy/ptII/ptolemy/domains/continuous/test/auto/ContinuousWithinContinuous5.xml
17 ms. Memory: 873472K Free: 709194K (81%)
----------------- Invoking toplevel() on ptolemy.moml.MoMLSimpleApplication@73b41401
----------------- Done invoking toplevel() on ptolemy.moml.MoMLSimpleApplication@73b41401
reloadAllAccessors: .ContinuousWithinContinuous5

===========================================================================================
----------------- testing Fri May 31 04:29:37 UTC 2019 /home/travis/build/icyphy/ptII/ptolemy/domains/continuous/test/auto/ContinuousWithinContinuous6.xml
----------------- Instantiating /home/travis/build/icyphy/ptII/ptolemy/domains/continuous/test/auto/ContinuousWithinContinuous6.xml
13 ms. Memory: 873472K Free: 695301K (80%)
----------------- Invoking toplevel() on ptolemy.moml.MoMLSimpleApplication@7136d7b7
----------------- Done invoking toplevel() on ptolemy.moml.MoMLSimpleApplication@7136d7b7
reloadAllAccessors: .ContinuousWithinContinuous6

===========================================================================================
----------------- testing Fri May 31 04:29:37 UTC 2019 /home/travis/build/icyphy/ptII/ptolemy/domains/continuous/test/auto/ContinuousWithinContinuous7.xml
----------------- Instantiating /home/travis/build/icyphy/ptII/ptolemy/domains/continuous/test/auto/ContinuousWithinContinuous7.xml
61 ms. Memory: 873472K Free: 683512K (78%)
----------------- Invoking toplevel() on ptolemy.moml.MoMLSimpleApplication@4975248b
----------------- Done invoking toplevel() on ptolemy.moml.MoMLSimpleApplication@4975248b
reloadAllAccessors: .ContinuousWithinContinuous7

===========================================================================================
----------------- testing Fri May 31 04:29:38 UTC 2019 /home/travis/build/icyphy/ptII/ptolemy/domains/continuous/test/auto/DCMotor.xml
----------------- Instantiating /home/travis/build/icyphy/ptII/ptolemy/domains/continuous/test/auto/DCMotor.xml
15090 ms. Memory: 734720K Free: 97922K (13%)
----------------- Invoking toplevel() on ptolemy.moml.MoMLSimpleApplication@6075440f
----------------- Done invoking toplevel() on ptolemy.moml.MoMLSimpleApplication@6075440f
reloadAllAccessors: .DCMotor

===========================================================================================
----------------- testing Fri May 31 04:29:53 UTC 2019 /home/travis/build/icyphy/ptII/ptolemy/domains/continuous/test/auto/DEInContinuous.xml
----------------- Instantiating /home/travis/build/icyphy/ptII/ptolemy/domains/continuous/test/auto/DEInContinuous.xml
6 ms. Memory: 734720K Free: 81953K (11%)
----------------- Invoking toplevel() on ptolemy.moml.MoMLSimpleApplication@736c1c25
----------------- Done invoking toplevel() on ptolemy.moml.MoMLSimpleApplication@736c1c25
reloadAllAccessors: .DEInContinuous

===========================================================================================
----------------- testing Fri May 31 04:29:53 UTC 2019 /home/travis/build/icyphy/ptII/ptolemy/domains/continuous/test/auto/DEinContinuous2.xml
----------------- Instantiating /home/travis/build/icyphy/ptII/ptolemy/domains/continuous/test/auto/DEinContinuous2.xml
20 ms. Memory: 697344K Free: 680387K (98%)
----------------- Invoking toplevel() on ptolemy.moml.MoMLSimpleApplication@14e354a2
----------------- Done invoking toplevel() on ptolemy.moml.MoMLSimpleApplication@14e354a2
reloadAllAccessors: .DEinContinuous2

===========================================================================================
----------------- testing Fri May 31 04:29:53 UTC 2019 /home/travis/build/icyphy/ptII/ptolemy/domains/continuous/test/auto/Derivative.xml
----------------- Instantiating /home/travis/build/icyphy/ptII/ptolemy/domains/continuous/test/auto/Derivative.xml
152 ms. Memory: 697344K Free: 638796K (92%)
----------------- Invoking toplevel() on ptolemy.moml.MoMLSimpleApplication@5cd4fe8
----------------- Done invoking toplevel() on ptolemy.moml.MoMLSimpleApplication@5cd4fe8
reloadAllAccessors: .Derivative2

===========================================================================================
----------------- testing Fri May 31 04:29:53 UTC 2019 /home/travis/build/icyphy/ptII/ptolemy/domains/continuous/test/auto/Derivative1.xml
----------------- Instantiating /home/travis/build/icyphy/ptII/ptolemy/domains/continuous/test/auto/Derivative1.xml
19 ms. Memory: 697344K Free: 619556K (89%)
----------------- Invoking toplevel() on ptolemy.moml.MoMLSimpleApplication@b8c7ffd
----------------- Done invoking toplevel() on ptolemy.moml.MoMLSimpleApplication@b8c7ffd
reloadAllAccessors: .Derivative1

===========================================================================================
----------------- testing Fri May 31 04:29:53 UTC 2019 /home/travis/build/icyphy/ptII/ptolemy/domains/continuous/test/auto/DiscreteClock.xml
----------------- Instantiating /home/travis/build/icyphy/ptII/ptolemy/domains/continuous/test/auto/DiscreteClock.xml
9 ms. Memory: 697344K Free: 606491K (87%)
----------------- Invoking toplevel() on ptolemy.moml.MoMLSimpleApplication@14b50c4e
----------------- Done invoking toplevel() on ptolemy.moml.MoMLSimpleApplication@14b50c4e
reloadAllAccessors: .DiscreteClock

===========================================================================================
----------------- testing Fri May 31 04:29:53 UTC 2019 /home/travis/build/icyphy/ptII/ptolemy/domains/continuous/test/auto/EfficiencyCurve.xml
----------------- Instantiating /home/travis/build/icyphy/ptII/ptolemy/domains/continuous/test/auto/EfficiencyCurve.xml
37 ms. Memory: 697344K Free: 593425K (85%)
----------------- Invoking toplevel() on ptolemy.moml.MoMLSimpleApplication@7d9288b9
----------------- Done invoking toplevel() on ptolemy.moml.MoMLSimpleApplication@7d9288b9
reloadAllAccessors: .EfficiencyCurve

===========================================================================================
----------------- testing Fri May 31 04:29:53 UTC 2019 /home/travis/build/icyphy/ptII/ptolemy/domains/continuous/test/auto/ExponentialResponse.xml
----------------- Instantiating /home/travis/build/icyphy/ptII/ptolemy/domains/continuous/test/auto/ExponentialResponse.xml
110 ms. Memory: 697344K Free: 568041K (81%)
----------------- Invoking toplevel() on ptolemy.moml.MoMLSimpleApplication@292251c0
----------------- Done invoking toplevel() on ptolemy.moml.MoMLSimpleApplication@292251c0
reloadAllAccessors: .ExponentialResponse

===========================================================================================
----------------- testing Fri May 31 04:29:53 UTC 2019 /home/travis/build/icyphy/ptII/ptolemy/domains/continuous/test/auto/ExponentialResponseRK45.xml
----------------- Instantiating /home/travis/build/icyphy/ptII/ptolemy/domains/continuous/test/auto/ExponentialResponseRK45.xml
25 ms. Memory: 697344K Free: 554976K (80%)
----------------- Invoking toplevel() on ptolemy.moml.MoMLSimpleApplication@74eb9b7
----------------- Done invoking toplevel() on ptolemy.moml.MoMLSimpleApplication@74eb9b7
reloadAllAccessors: .ExponentialResponseRK45

===========================================================================================
----------------- testing Fri May 31 04:29:53 UTC 2019 /home/travis/build/icyphy/ptII/ptolemy/domains/continuous/test/auto/Friction.xml
----------------- Instantiating /home/travis/build/icyphy/ptII/ptolemy/domains/continuous/test/auto/Friction.xml
1420 ms. Memory: 697344K Free: 104057K (15%)
----------------- Invoking toplevel() on ptolemy.moml.MoMLSimpleApplication@4f753d20
----------------- Done invoking toplevel() on ptolemy.moml.MoMLSimpleApplication@4f753d20
reloadAllAccessors: .Friction

===========================================================================================
----------------- testing Fri May 31 04:29:55 UTC 2019 /home/travis/build/icyphy/ptII/ptolemy/domains/continuous/test/auto/FurutaPendulum.xml
----------------- Instantiating /home/travis/build/icyphy/ptII/ptolemy/domains/continuous/test/auto/FurutaPendulum.xml
3297 ms. Memory: 674816K Free: 180629K (27%)
----------------- Invoking toplevel() on ptolemy.moml.MoMLSimpleApplication@114397a9
----------------- Done invoking toplevel() on ptolemy.moml.MoMLSimpleApplication@114397a9
reloadAllAccessors: .FurutaPendulum

===========================================================================================
----------------- testing Fri May 31 04:29:58 UTC 2019 /home/travis/build/icyphy/ptII/ptolemy/domains/continuous/test/auto/HierarchicalExecution.xml
----------------- Instantiating /home/travis/build/icyphy/ptII/ptolemy/domains/continuous/test/auto/HierarchicalExecution.xml
2153 ms. Memory: 646656K Free: 401971K (62%)
----------------- Invoking toplevel() on ptolemy.moml.MoMLSimpleApplication@4d3e82ba
----------------- Done invoking toplevel() on ptolemy.moml.MoMLSimpleApplication@4d3e82ba
reloadAllAccessors: .HierarchicalExecution

===========================================================================================
----------------- testing Fri May 31 04:30:01 UTC 2019 /home/travis/build/icyphy/ptII/ptolemy/domains/continuous/test/auto/HybridPlant.xml
----------------- Instantiating /home/travis/build/icyphy/ptII/ptolemy/domains/continuous/test/auto/HybridPlant.xml
536 ms. Memory: 646656K Free: 118101K (18%)
----------------- Invoking toplevel() on ptolemy.moml.MoMLSimpleApplication@66e64af0
----------------- Done invoking toplevel() on ptolemy.moml.MoMLSimpleApplication@66e64af0
reloadAllAccessors: .HybridPlant

===========================================================================================
----------------- testing Fri May 31 04:30:01 UTC 2019 /home/travis/build/icyphy/ptII/ptolemy/domains/continuous/test/auto/Hysteresis.xml
----------------- Instantiating /home/travis/build/icyphy/ptII/ptolemy/domains/continuous/test/auto/Hysteresis.xml
170 ms. Memory: 614912K Free: 574795K (93%)
----------------- Invoking toplevel() on ptolemy.moml.MoMLSimpleApplication@74a4d50a
----------------- Done invoking toplevel() on ptolemy.moml.MoMLSimpleApplication@74a4d50a
reloadAllAccessors: .Hysteresis

===========================================================================================
----------------- testing Fri May 31 04:30:02 UTC 2019 /home/travis/build/icyphy/ptII/ptolemy/domains/continuous/test/auto/HysteresisWithRandomDelay.xml
----------------- Instantiating /home/travis/build/icyphy/ptII/ptolemy/domains/continuous/test/auto/HysteresisWithRandomDelay.xml
160 ms. Memory: 614912K Free: 491785K (80%)
----------------- Invoking toplevel() on ptolemy.moml.MoMLSimpleApplication@41965b0f
----------------- Done invoking toplevel() on ptolemy.moml.MoMLSimpleApplication@41965b0f
reloadAllAccessors: .HysteresisWithRandomDelay

===========================================================================================
----------------- testing Fri May 31 04:30:02 UTC 2019 /home/travis/build/icyphy/ptII/ptolemy/domains/continuous/test/auto/HysteresisWithRandomLosses.xml
----------------- Instantiating /home/travis/build/icyphy/ptII/ptolemy/domains/continuous/test/auto/HysteresisWithRandomLosses.xml
2431 ms. Memory: 591872K Free: 187578K (32%)
----------------- Invoking toplevel() on ptolemy.moml.MoMLSimpleApplication@7a29c50d
----------------- Done invoking toplevel() on ptolemy.moml.MoMLSimpleApplication@7a29c50d
reloadAllAccessors: .HysteresisWithRandomLosses

===========================================================================================
----------------- testing Fri May 31 04:30:04 UTC 2019 /home/travis/build/icyphy/ptII/ptolemy/domains/continuous/test/auto/ImmediateTransitions.xml
----------------- Instantiating /home/travis/build/icyphy/ptII/ptolemy/domains/continuous/test/auto/ImmediateTransitions.xml
8 ms. Memory: 591872K Free: 172500K (29%)
----------------- Invoking toplevel() on ptolemy.moml.MoMLSimpleApplication@10ff0860
----------------- Done invoking toplevel() on ptolemy.moml.MoMLSimpleApplication@10ff0860
reloadAllAccessors: .ImmediateTransitions

===========================================================================================
----------------- testing Fri May 31 04:30:04 UTC 2019 /home/travis/build/icyphy/ptII/ptolemy/domains/continuous/test/auto/ImpulseFeedback.xml
----------------- Instantiating /home/travis/build/icyphy/ptII/ptolemy/domains/continuous/test/auto/ImpulseFeedback.xml
8 ms. Memory: 591872K Free: 164007K (28%)
----------------- Invoking toplevel() on ptolemy.moml.MoMLSimpleApplication@26a9b2c9
----------------- Done invoking toplevel() on ptolemy.moml.MoMLSimpleApplication@26a9b2c9
reloadAllAccessors: .ImpulseFeedback

===========================================================================================
----------------- testing Fri May 31 04:30:04 UTC 2019 /home/travis/build/icyphy/ptII/ptolemy/domains/continuous/test/auto/ImpulseFeedback2.xml
----------------- Instantiating /home/travis/build/icyphy/ptII/ptolemy/domains/continuous/test/auto/ImpulseFeedback2.xml
6 ms. Memory: 591872K Free: 155522K (26%)
----------------- Invoking toplevel() on ptolemy.moml.MoMLSimpleApplication@619ead85
----------------- Done invoking toplevel() on ptolemy.moml.MoMLSimpleApplication@619ead85
reloadAllAccessors: .ImpulseFeedback2

===========================================================================================
----------------- testing Fri May 31 04:30:04 UTC 2019 /home/travis/build/icyphy/ptII/ptolemy/domains/continuous/test/auto/IncreasingRatePoisson.xml
----------------- Instantiating /home/travis/build/icyphy/ptII/ptolemy/domains/continuous/test/auto/IncreasingRatePoisson.xml
744 ms. Memory: 565760K Free: 307178K (54%)
----------------- Invoking toplevel() on ptolemy.moml.MoMLSimpleApplication@22472a0b
----------------- Done invoking toplevel() on ptolemy.moml.MoMLSimpleApplication@22472a0b
reloadAllAccessors: .IncreasingRatePoisson

===========================================================================================
----------------- testing Fri May 31 04:30:05 UTC 2019 /home/travis/build/icyphy/ptII/ptolemy/domains/continuous/test/auto/InitialStateFeedback.xml
----------------- Instantiating /home/travis/build/icyphy/ptII/ptolemy/domains/continuous/test/auto/InitialStateFeedback.xml
3 ms. Memory: 565760K Free: 297725K (53%)
----------------- Invoking toplevel() on ptolemy.moml.MoMLSimpleApplication@74714aaf
----------------- Done invoking toplevel() on ptolemy.moml.MoMLSimpleApplication@74714aaf
reloadAllAccessors: .InitialStateFeedback

===========================================================================================
----------------- testing Fri May 31 04:30:05 UTC 2019 /home/travis/build/icyphy/ptII/ptolemy/domains/continuous/test/auto/Integration.xml
----------------- Instantiating /home/travis/build/icyphy/ptII/ptolemy/domains/continuous/test/auto/Integration.xml
1 ms. Memory: 565760K Free: 289551K (51%)
----------------- Invoking toplevel() on ptolemy.moml.MoMLSimpleApplication@3f173c9d
----------------- Done invoking toplevel() on ptolemy.moml.MoMLSimpleApplication@3f173c9d
reloadAllAccessors: .Integration

===========================================================================================
----------------- testing Fri May 31 04:30:05 UTC 2019 /home/travis/build/icyphy/ptII/ptolemy/domains/continuous/test/auto/Integration2.xml
----------------- Instantiating /home/travis/build/icyphy/ptII/ptolemy/domains/continuous/test/auto/Integration2.xml
89 ms. Memory: 565760K Free: 271702K (48%)
----------------- Invoking toplevel() on ptolemy.moml.MoMLSimpleApplication@7478e862
----------------- Done invoking toplevel() on ptolemy.moml.MoMLSimpleApplication@7478e862
reloadAllAccessors: .Integration2

===========================================================================================
----------------- testing Fri May 31 04:30:05 UTC 2019 /home/travis/build/icyphy/ptII/ptolemy/domains/continuous/test/auto/Integration3.xml
----------------- Instantiating /home/travis/build/icyphy/ptII/ptolemy/domains/continuous/test/auto/Integration3.xml
2 ms. Memory: 565760K Free: 263643K (47%)
----------------- Invoking toplevel() on ptolemy.moml.MoMLSimpleApplication@774450e2
----------------- Done invoking toplevel() on ptolemy.moml.MoMLSimpleApplication@774450e2
reloadAllAccessors: .Integration3

===========================================================================================
----------------- testing Fri May 31 04:30:05 UTC 2019 /home/travis/build/icyphy/ptII/ptolemy/domains/continuous/test/auto/Integration5.xml
----------------- Instantiating /home/travis/build/icyphy/ptII/ptolemy/domains/continuous/test/auto/Integration5.xml
2 ms. Memory: 565760K Free: 255490K (45%)
----------------- Invoking toplevel() on ptolemy.moml.MoMLSimpleApplication@7f68e9f6
----------------- Done invoking toplevel() on ptolemy.moml.MoMLSimpleApplication@7f68e9f6
reloadAllAccessors: .Integration5

===========================================================================================
----------------- testing Fri May 31 04:30:05 UTC 2019 /home/travis/build/icyphy/ptII/ptolemy/domains/continuous/test/auto/IntegratorImpulse.xml
----------------- Instantiating /home/travis/build/icyphy/ptII/ptolemy/domains/continuous/test/auto/IntegratorImpulse.xml
2 ms. Memory: 565760K Free: 247321K (44%)
----------------- Invoking toplevel() on ptolemy.moml.MoMLSimpleApplication@64d332aa
----------------- Done invoking toplevel() on ptolemy.moml.MoMLSimpleApplication@64d332aa
reloadAllAccessors: .IntegratorImpulse

===========================================================================================
----------------- testing Fri May 31 04:30:05 UTC 2019 /home/travis/build/icyphy/ptII/ptolemy/domains/continuous/test/auto/IntegratorImpulse2.xml
----------------- Instantiating /home/travis/build/icyphy/ptII/ptolemy/domains/continuous/test/auto/IntegratorImpulse2.xml
4 ms. Memory: 565760K Free: 239279K (42%)
----------------- Invoking toplevel() on ptolemy.moml.MoMLSimpleApplication@4d0e8c7
----------------- Done invoking toplevel() on ptolemy.moml.MoMLSimpleApplication@4d0e8c7
reloadAllAccessors: .IntegratorImpulse2

===========================================================================================
----------------- testing Fri May 31 04:30:05 UTC 2019 /home/travis/build/icyphy/ptII/ptolemy/domains/continuous/test/auto/LevelCrossing1.xml
----------------- Instantiating /home/travis/build/icyphy/ptII/ptolemy/domains/continuous/test/auto/LevelCrossing1.xml
2 ms. Memory: 565760K Free: 231117K (41%)
----------------- Invoking toplevel() on ptolemy.moml.MoMLSimpleApplication@52412f78
----------------- Done invoking toplevel() on ptolemy.moml.MoMLSimpleApplication@52412f78
reloadAllAccessors: .LevelCrossing1

===========================================================================================
----------------- testing Fri May 31 04:30:05 UTC 2019 /home/travis/build/icyphy/ptII/ptolemy/domains/continuous/test/auto/LevelCrossing2.xml
----------------- Instantiating /home/travis/build/icyphy/ptII/ptolemy/domains/continuous/test/auto/LevelCrossing2.xml
3 ms. Memory: 565760K Free: 222964K (39%)
----------------- Invoking toplevel() on ptolemy.moml.MoMLSimpleApplication@5d04a7da
----------------- Done invoking toplevel() on ptolemy.moml.MoMLSimpleApplication@5d04a7da
reloadAllAccessors: .LevelCrossing2

===========================================================================================
----------------- testing Fri May 31 04:30:05 UTC 2019 /home/travis/build/icyphy/ptII/ptolemy/domains/continuous/test/auto/LevelCrossing3.xml
----------------- Instantiating /home/travis/build/icyphy/ptII/ptolemy/domains/continuous/test/auto/LevelCrossing3.xml
2 ms. Memory: 565760K Free: 214802K (38%)
----------------- Invoking toplevel() on ptolemy.moml.MoMLSimpleApplication@7f06e0
----------------- Done invoking toplevel() on ptolemy.moml.MoMLSimpleApplication@7f06e0
reloadAllAccessors: .LevelCrossing3

===========================================================================================
----------------- testing Fri May 31 04:30:05 UTC 2019 /home/travis/build/icyphy/ptII/ptolemy/domains/continuous/test/auto/LevelCrossing4.xml
----------------- Instantiating /home/travis/build/icyphy/ptII/ptolemy/domains/continuous/test/auto/LevelCrossing4.xml
3 ms. Memory: 565760K Free: 206633K (37%)
----------------- Invoking toplevel() on ptolemy.moml.MoMLSimpleApplication@ae7387f
----------------- Done invoking toplevel() on ptolemy.moml.MoMLSimpleApplication@ae7387f
reloadAllAccessors: .LevelCrossing4

===========================================================================================
----------------- testing Fri May 31 04:30:05 UTC 2019 /home/travis/build/icyphy/ptII/ptolemy/domains/continuous/test/auto/LevelCrossing5.xml
----------------- Instantiating /home/travis/build/icyphy/ptII/ptolemy/domains/continuous/test/auto/LevelCrossing5.xml
3 ms. Memory: 565760K Free: 198591K (35%)
----------------- Invoking toplevel() on ptolemy.moml.MoMLSimpleApplication@63d33d3c
----------------- Done invoking toplevel() on ptolemy.moml.MoMLSimpleApplication@63d33d3c
reloadAllAccessors: .LevelCrossing5

===========================================================================================
[...]
----------------- Instantiating /home/travis/build/icyphy/ptII/ptolemy/domains/continuous/test/auto/SRinContinuous.xml
7 ms. Memory: 493056K Free: 34973K (7%)
----------------- Invoking toplevel() on ptolemy.moml.MoMLSimpleApplication@7deda0f8
----------------- Done invoking toplevel() on ptolemy.moml.MoMLSimpleApplication@7deda0f8
reloadAllAccessors: .SRinContinuous

===========================================================================================
----------------- testing Fri May 31 04:30:24 UTC 2019 /home/travis/build/icyphy/ptII/ptolemy/domains/continuous/test/auto/SampledClocks.xml
----------------- Instantiating /home/travis/build/icyphy/ptII/ptolemy/domains/continuous/test/auto/SampledClocks.xml
5 ms. Memory: 474624K Free: 411717K (87%)
----------------- Invoking toplevel() on ptolemy.moml.MoMLSimpleApplication@4bf8e8b4
----------------- Done invoking toplevel() on ptolemy.moml.MoMLSimpleApplication@4bf8e8b4
reloadAllAccessors: .SampledClocks

===========================================================================================
----------------- testing Fri May 31 04:30:24 UTC 2019 /home/travis/build/icyphy/ptII/ptolemy/domains/continuous/test/auto/Satellite.xml
----------------- Instantiating /home/travis/build/icyphy/ptII/ptolemy/domains/continuous/test/auto/Satellite.xml
889 ms. Memory: 474624K Free: 224870K (47%)
----------------- Invoking toplevel() on ptolemy.moml.MoMLSimpleApplication@53022d28
----------------- Done invoking toplevel() on ptolemy.moml.MoMLSimpleApplication@53022d28
reloadAllAccessors: .Satellite

===========================================================================================
----------------- testing Fri May 31 04:30:25 UTC 2019 /home/travis/build/icyphy/ptII/ptolemy/domains/continuous/test/auto/SigmaDelta.xml
----------------- Instantiating /home/travis/build/icyphy/ptII/ptolemy/domains/continuous/test/auto/SigmaDelta.xml
2326 ms. Memory: 463360K Free: 223156K (48%)
----------------- Invoking toplevel() on ptolemy.moml.MoMLSimpleApplication@7a2e6a82
----------------- Done invoking toplevel() on ptolemy.moml.MoMLSimpleApplication@7a2e6a82
reloadAllAccessors: .SigmaDelta

===========================================================================================
----------------- testing Fri May 31 04:30:27 UTC 2019 /home/travis/build/icyphy/ptII/ptolemy/domains/continuous/test/auto/SingleRefinement.xml
----------------- Instantiating /home/travis/build/icyphy/ptII/ptolemy/domains/continuous/test/auto/SingleRefinement.xml
310 ms. Memory: 463360K Free: 34899K (8%)
----------------- Invoking toplevel() on ptolemy.moml.MoMLSimpleApplication@37aa51e7
----------------- Done invoking toplevel() on ptolemy.moml.MoMLSimpleApplication@37aa51e7
reloadAllAccessors: .SingleRefinement

===========================================================================================
----------------- testing Fri May 31 04:30:28 UTC 2019 /home/travis/build/icyphy/ptII/ptolemy/domains/continuous/test/auto/SinuBouncingBall.xml
----------------- Instantiating /home/travis/build/icyphy/ptII/ptolemy/domains/continuous/test/auto/SinuBouncingBall.xml
801 ms. Memory: 439808K Free: 159575K (36%)
----------------- Invoking toplevel() on ptolemy.moml.MoMLSimpleApplication@41aa745f
----------------- Done invoking toplevel() on ptolemy.moml.MoMLSimpleApplication@41aa745f
reloadAllAccessors: .SinuBouncingBall

===========================================================================================
----------------- testing Fri May 31 04:30:29 UTC 2019 /home/travis/build/icyphy/ptII/ptolemy/domains/continuous/test/auto/Sinusoid.xml
----------------- Instantiating /home/travis/build/icyphy/ptII/ptolemy/domains/continuous/test/auto/Sinusoid.xml
5 ms. Memory: 439808K Free: 153841K (35%)
----------------- Invoking toplevel() on ptolemy.moml.MoMLSimpleApplication@6c9ab0b7
----------------- Done invoking toplevel() on ptolemy.moml.MoMLSimpleApplication@6c9ab0b7
reloadAllAccessors: .Sinusoid

===========================================================================================
----------------- testing Fri May 31 04:30:29 UTC 2019 /home/travis/build/icyphy/ptII/ptolemy/domains/continuous/test/auto/SinusoidInNoise.xml
----------------- Instantiating /home/travis/build/icyphy/ptII/ptolemy/domains/continuous/test/auto/SinusoidInNoise.xml
933 ms. Memory: 431616K Free: 297356K (69%)
----------------- Invoking toplevel() on ptolemy.moml.MoMLSimpleApplication@177cfa94
----------------- Done invoking toplevel() on ptolemy.moml.MoMLSimpleApplication@177cfa94
reloadAllAccessors: .SinusoidInNoise

===========================================================================================
----------------- testing Fri May 31 04:30:30 UTC 2019 /home/travis/build/icyphy/ptII/ptolemy/domains/continuous/test/auto/SinusoidRK45.xml
----------------- Instantiating /home/travis/build/icyphy/ptII/ptolemy/domains/continuous/test/auto/SinusoidRK45.xml
2 ms. Memory: 431616K Free: 288324K (67%)
----------------- Invoking toplevel() on ptolemy.moml.MoMLSimpleApplication@2f626a12
----------------- Done invoking toplevel() on ptolemy.moml.MoMLSimpleApplication@2f626a12
reloadAllAccessors: .SinusoidRK45

===========================================================================================
----------------- testing Fri May 31 04:30:30 UTC 2019 /home/travis/build/icyphy/ptII/ptolemy/domains/continuous/test/auto/SinusoidWithMultipleImpulses.xml
----------------- Instantiating /home/travis/build/icyphy/ptII/ptolemy/domains/continuous/test/auto/SinusoidWithMultipleImpulses.xml
3 ms. Memory: 431616K Free: 280537K (65%)
----------------- Invoking toplevel() on ptolemy.moml.MoMLSimpleApplication@4e70c9b
----------------- Done invoking toplevel() on ptolemy.moml.MoMLSimpleApplication@4e70c9b
reloadAllAccessors: .SinusoidWithMultipleImpulses

===========================================================================================
----------------- testing Fri May 31 04:30:30 UTC 2019 /home/travis/build/icyphy/ptII/ptolemy/domains/continuous/test/auto/SquareWave.xml
----------------- Instantiating /home/travis/build/icyphy/ptII/ptolemy/domains/continuous/test/auto/SquareWave.xml
156 ms. Memory: 431616K Free: 252240K (58%)
----------------- Invoking toplevel() on ptolemy.moml.MoMLSimpleApplication@4c93cc3b
----------------- Done invoking toplevel() on ptolemy.moml.MoMLSimpleApplication@4c93cc3b
reloadAllAccessors: .SquareWave

===========================================================================================
----------------- testing Fri May 31 04:30:30 UTC 2019 /home/travis/build/icyphy/ptII/ptolemy/domains/continuous/test/auto/Starmac.xml
----------------- Instantiating /home/travis/build/icyphy/ptII/ptolemy/domains/continuous/test/auto/Starmac.xml
3046 ms. Memory: 412160K Free: 200230K (49%)
----------------- Invoking toplevel() on ptolemy.moml.MoMLSimpleApplication@56472bd2
----------------- Done invoking toplevel() on ptolemy.moml.MoMLSimpleApplication@56472bd2
reloadAllAccessors: .Starmac

===========================================================================================
----------------- testing Fri May 31 04:30:33 UTC 2019 /home/travis/build/icyphy/ptII/ptolemy/domains/continuous/test/auto/StaticUnits.xml
----------------- Instantiating /home/travis/build/icyphy/ptII/ptolemy/domains/continuous/test/auto/StaticUnits.xml
2231 ms. Memory: 397312K Free: 22545K (6%)
----------------- Invoking toplevel() on ptolemy.moml.MoMLSimpleApplication@2e33d74b
----------------- Done invoking toplevel() on ptolemy.moml.MoMLSimpleApplication@2e33d74b
reloadAllAccessors: .StaticUnits

===========================================================================================
----------------- testing Fri May 31 04:30:36 UTC 2019 /home/travis/build/icyphy/ptII/ptolemy/domains/continuous/test/auto/StickyMasses.xml
----------------- Instantiating /home/travis/build/icyphy/ptII/ptolemy/domains/continuous/test/auto/StickyMasses.xml
131 ms. Memory: 348672K Free: 291282K (84%)
----------------- Invoking toplevel() on ptolemy.moml.MoMLSimpleApplication@4152bc22
----------------- Done invoking toplevel() on ptolemy.moml.MoMLSimpleApplication@4152bc22
reloadAllAccessors: .StickyMasses

===========================================================================================
----------------- testing Fri May 31 04:30:36 UTC 2019 /home/travis/build/icyphy/ptII/ptolemy/domains/continuous/test/auto/StopTime.xml
----------------- Instantiating /home/travis/build/icyphy/ptII/ptolemy/domains/continuous/test/auto/StopTime.xml
41 ms. Memory: 348672K Free: 264460K (76%)
----------------- Invoking toplevel() on ptolemy.moml.MoMLSimpleApplication@4961cc46
----------------- Done invoking toplevel() on ptolemy.moml.MoMLSimpleApplication@4961cc46
reloadAllAccessors: .StopTime

===========================================================================================
----------------- testing Fri May 31 04:30:36 UTC 2019 /home/travis/build/icyphy/ptII/ptolemy/domains/continuous/test/auto/StopTime2.xml
----------------- Instantiating /home/travis/build/icyphy/ptII/ptolemy/domains/continuous/test/auto/StopTime2.xml
33 ms. Memory: 348672K Free: 239651K (69%)
----------------- Invoking toplevel() on ptolemy.moml.MoMLSimpleApplication@60242965
----------------- Done invoking toplevel() on ptolemy.moml.MoMLSimpleApplication@60242965
reloadAllAccessors: .StopTime2

===========================================================================================
----------------- testing Fri May 31 04:30:36 UTC 2019 /home/travis/build/icyphy/ptII/ptolemy/domains/continuous/test/auto/Switch.xml
----------------- Instantiating /home/travis/build/icyphy/ptII/ptolemy/domains/continuous/test/auto/Switch.xml
37 ms. Memory: 348672K Free: 212851K (61%)
----------------- Invoking toplevel() on ptolemy.moml.MoMLSimpleApplication@2f7eadfc
----------------- Done invoking toplevel() on ptolemy.moml.MoMLSimpleApplication@2f7eadfc
reloadAllAccessors: .Switch

===========================================================================================
----------------- testing Fri May 31 04:30:36 UTC 2019 /home/travis/build/icyphy/ptII/ptolemy/domains/continuous/test/auto/Thermostat.xml
----------------- Instantiating /home/travis/build/icyphy/ptII/ptolemy/domains/continuous/test/auto/Thermostat.xml
171 ms. Memory: 348672K Free: 134250K (39%)
----------------- Invoking toplevel() on ptolemy.moml.MoMLSimpleApplication@10f7cbb7
----------------- Done invoking toplevel() on ptolemy.moml.MoMLSimpleApplication@10f7cbb7
reloadAllAccessors: .Thermostat

===========================================================================================
----------------- testing Fri May 31 04:30:37 UTC 2019 /home/travis/build/icyphy/ptII/ptolemy/domains/continuous/test/auto/TimeDelay.xml
----------------- Instantiating /home/travis/build/icyphy/ptII/ptolemy/domains/continuous/test/auto/TimeDelay.xml
4 ms. Memory: 348672K Free: 127338K (37%)
----------------- Invoking toplevel() on ptolemy.moml.MoMLSimpleApplication@3cbd1b8e
----------------- Done invoking toplevel() on ptolemy.moml.MoMLSimpleApplication@3cbd1b8e
reloadAllAccessors: .TimeDelay

===========================================================================================
----------------- testing Fri May 31 04:30:37 UTC 2019 /home/travis/build/icyphy/ptII/ptolemy/domains/continuous/test/auto/TimeDelay2.xml
----------------- Instantiating /home/travis/build/icyphy/ptII/ptolemy/domains/continuous/test/auto/TimeDelay2.xml
8 ms. Memory: 348672K Free: 116484K (33%)
----------------- Invoking toplevel() on ptolemy.moml.MoMLSimpleApplication@271519bf
----------------- Done invoking toplevel() on ptolemy.moml.MoMLSimpleApplication@271519bf
reloadAllAccessors: .TimeDelay2

===========================================================================================
----------------- testing Fri May 31 04:30:37 UTC 2019 /home/travis/build/icyphy/ptII/ptolemy/domains/continuous/test/auto/TimeDelay3.xml
----------------- Instantiating /home/travis/build/icyphy/ptII/ptolemy/domains/continuous/test/auto/TimeDelay3.xml
6 ms. Memory: 348672K Free: 109565K (31%)
----------------- Invoking toplevel() on ptolemy.moml.MoMLSimpleApplication@64e533f9
----------------- Done invoking toplevel() on ptolemy.moml.MoMLSimpleApplication@64e533f9
reloadAllAccessors: .TimeDelay3

===========================================================================================
----------------- testing Fri May 31 04:30:37 UTC 2019 /home/travis/build/icyphy/ptII/ptolemy/domains/continuous/test/auto/TransferAbsentToInside.xml
----------------- Instantiating /home/travis/build/icyphy/ptII/ptolemy/domains/continuous/test/auto/TransferAbsentToInside.xml
55 ms. Memory: 348672K Free: 52890K (15%)
----------------- Invoking toplevel() on ptolemy.moml.MoMLSimpleApplication@386b11ab
----------------- Done invoking toplevel() on ptolemy.moml.MoMLSimpleApplication@386b11ab
reloadAllAccessors: .TransferAbsentToInside

===========================================================================================
----------------- testing Fri May 31 04:30:37 UTC 2019 /home/travis/build/icyphy/ptII/ptolemy/domains/continuous/test/auto/Transmission.xml
----------------- Instantiating /home/travis/build/icyphy/ptII/ptolemy/domains/continuous/test/auto/Transmission.xml
791 ms. Memory: 343040K Free: 99520K (29%)
----------------- Invoking toplevel() on ptolemy.moml.MoMLSimpleApplication@1f9cf11b
----------------- Done invoking toplevel() on ptolemy.moml.MoMLSimpleApplication@1f9cf11b
reloadAllAccessors: .Transmission

===========================================================================================
----------------- testing Fri May 31 04:30:38 UTC 2019 /home/travis/build/icyphy/ptII/ptolemy/domains/continuous/test/auto/TriggeredContinuousClock.xml
----------------- Instantiating /home/travis/build/icyphy/ptII/ptolemy/domains/continuous/test/auto/TriggeredContinuousClock.xml
35 ms. Memory: 343040K Free: 66271K (19%)
----------------- Invoking toplevel() on ptolemy.moml.MoMLSimpleApplication@6a201aa4
----------------- Done invoking toplevel() on ptolemy.moml.MoMLSimpleApplication@6a201aa4
reloadAllAccessors: .TriggeredContinuousClock

===========================================================================================
----------------- testing Fri May 31 04:30:38 UTC 2019 /home/travis/build/icyphy/ptII/ptolemy/domains/continuous/test/auto/TwoMachineInfiniteBusControl.xml
----------------- Instantiating /home/travis/build/icyphy/ptII/ptolemy/domains/continuous/test/auto/TwoMachineInfiniteBusControl.xml
2554 ms. Memory: 299008K Free: 263387K (88%)
----------------- Invoking toplevel() on ptolemy.moml.MoMLSimpleApplication@7ac70c88
----------------- Done invoking toplevel() on ptolemy.moml.MoMLSimpleApplication@7ac70c88
reloadAllAccessors: .TwoMachineInfiniteBusControl

===========================================================================================
----------------- testing Fri May 31 04:30:40 UTC 2019 /home/travis/build/icyphy/ptII/ptolemy/domains/continuous/test/auto/V2V.xml
----------------- Instantiating /home/travis/build/icyphy/ptII/ptolemy/domains/continuous/test/auto/V2V.xml
731 ms. Memory: 299008K Free: 67047K (22%)
----------------- Invoking toplevel() on ptolemy.moml.MoMLSimpleApplication@758741ce
----------------- Done invoking toplevel() on ptolemy.moml.MoMLSimpleApplication@758741ce
reloadAllAccessors: .V2V

===========================================================================================
----------------- testing Fri May 31 04:30:41 UTC 2019 /home/travis/build/icyphy/ptII/ptolemy/domains/continuous/test/auto/hierarchicalModalModel.xml
----------------- Instantiating /home/travis/build/icyphy/ptII/ptolemy/domains/continuous/test/auto/hierarchicalModalModel.xml
8 ms. Memory: 299008K Free: 51191K (17%)
----------------- Invoking toplevel() on ptolemy.moml.MoMLSimpleApplication@6f2821ba
----------------- Done invoking toplevel() on ptolemy.moml.MoMLSimpleApplication@6f2821ba
reloadAllAccessors: .hierarchicalModalModel

===========================================================================================
----------------- testing Fri May 31 04:30:41 UTC 2019 /home/travis/build/icyphy/ptII/ptolemy/domains/continuous/test/auto/hierarchicalModalModel1.xml
----------------- Instantiating /home/travis/build/icyphy/ptII/ptolemy/domains/continuous/test/auto/hierarchicalModalModel1.xml
17 ms. Memory: 295424K Free: 278549K (94%)
----------------- Invoking toplevel() on ptolemy.moml.MoMLSimpleApplication@38da291
----------------- Done invoking toplevel() on ptolemy.moml.MoMLSimpleApplication@38da291
reloadAllAccessors: .hierarchicalModalModel1

===========================================================================================
----------------- testing Fri May 31 04:30:41 UTC 2019 /home/travis/build/icyphy/ptII/ptolemy/domains/continuous/test/auto/hierarchicalModalModel2.xml
----------------- Instantiating /home/travis/build/icyphy/ptII/ptolemy/domains/continuous/test/auto/hierarchicalModalModel2.xml
6 ms. Memory: 295424K Free: 262329K (89%)
----------------- Invoking toplevel() on ptolemy.moml.MoMLSimpleApplication@6177f5ce
----------------- Done invoking toplevel() on ptolemy.moml.MoMLSimpleApplication@6177f5ce
reloadAllAccessors: .hierarchicalModalModel2

===========================================================================================
----------------- testing Fri May 31 04:30:41 UTC 2019 /home/travis/build/icyphy/ptII/ptolemy/domains/continuous/test/auto/hierarchicalModalModel3.xml
----------------- Instantiating /home/travis/build/icyphy/ptII/ptolemy/domains/continuous/test/auto/hierarchicalModalModel3.xml
9 ms. Memory: 295424K Free: 248702K (84%)
----------------- Invoking toplevel() on ptolemy.moml.MoMLSimpleApplication@16129010
----------------- Done invoking toplevel() on ptolemy.moml.MoMLSimpleApplication@16129010
reloadAllAccessors: .hierarchicalModalModel3

===========================================================================================
----------------- testing Fri May 31 04:30:41 UTC 2019 /home/travis/build/icyphy/ptII/ptolemy/domains/continuous/test/auto/hierarchicalModalModel4.xml
----------------- Instantiating /home/travis/build/icyphy/ptII/ptolemy/domains/continuous/test/auto/hierarchicalModalModel4.xml
5 ms. Memory: 295424K Free: 233423K (79%)
----------------- Invoking toplevel() on ptolemy.moml.MoMLSimpleApplication@68b417b0
----------------- Done invoking toplevel() on ptolemy.moml.MoMLSimpleApplication@68b417b0
reloadAllAccessors: .hierarchicalModalModel4

===========================================================================================
----------------- testing Fri May 31 04:30:41 UTC 2019 /home/travis/build/icyphy/ptII/ptolemy/domains/continuous/test/auto/junk.xml
----------------- Instantiating /home/travis/build/icyphy/ptII/ptolemy/domains/continuous/test/auto/junk.xml
129 ms. Memory: 295424K Free: 197586K (67%)
----------------- Invoking toplevel() on ptolemy.moml.MoMLSimpleApplication@55b9c4fd
----------------- Done invoking toplevel() on ptolemy.moml.MoMLSimpleApplication@55b9c4fd
reloadAllAccessors: .junk
AutoTests.java: About to close Vertx.
AutoTests.java: Vertx closed.
]]></system-out>
  <system-err><![CDATA[Warning: '.HysteresisWithRandomDelay.NonStrictTest' The test produced only 221 tokens, yet the correctValues parameter was expecting 222 tokens.
Warning: '.HysteresisWithRandomDelay.NonStrictTest2' The test produced only 220 tokens, yet the correctValues parameter was expecting 221 tokens.
Warning: '.IncreasingRatePoisson.NonStrictTest' The test produced only 396 tokens, yet the correctValues parameter was expecting 402 tokens.
Warning: '.Poisson.NonStrictTest' The test produced only 406 tokens, yet the correctValues parameter was expecting 430 tokens.
]]></system-err>
</testsuite>
