<?xml version="1.0" encoding="UTF-8" ?>
<testsuite errors="0" failures="0" hostname="travis-job-957f30b8-7150-4161-95b9-c85d32e8a33c" name="ptolemy.domains.sdf.test.junit.JUnitTclTest" skipped="0" tests="66" time="21.188" timestamp="2019-07-22T01:28:20">
  <properties>
[...]
</properties>
  <testcase classname="ptolemy.util.test.junit.TclTests" name="[0] /home/travis/build/icyphy/ptII/ptolemy/domains/sdf/test/SDFSchedulerErrors.tcl (RunTclFile)" time="1.012" />
  <testcase classname="ptolemy.util.test.junit.TclTests" name="[1] /home/travis/build/icyphy/ptII/ptolemy/domains/sdf/test/composition.tcl (RunTclFile)" time="0.186" />
  <testcase classname="ptolemy.util.test.junit.TclTests" name="[2] /home/travis/build/icyphy/ptII/ptolemy/domains/sdf/test/cycle.tcl (RunTclFile)" time="0.044" />
  <testcase classname="ptolemy.util.test.junit.AutoKnownFailedTests" name="[0] ThereAreNoKnowFailedTests (RunModel)" time="0.001" />
  <testcase classname="ptolemy.util.test.junit.AutoNameArchTests" name="[0] ThereAreNoAutoArchTests (RunModel)" time="0.001" />
  <testcase classname="ptolemy.util.test.junit.AutoTests" name="[0] /home/travis/build/icyphy/ptII/ptolemy/domains/sdf/test/auto/Array.xml (RunModel)" time="0.316" />
  <testcase classname="ptolemy.util.test.junit.AutoTests" name="[1] /home/travis/build/icyphy/ptII/ptolemy/domains/sdf/test/auto/Butterfly.xml (RunModel)" time="0.194" />
  <testcase classname="ptolemy.util.test.junit.AutoTests" name="[2] /home/travis/build/icyphy/ptII/ptolemy/domains/sdf/test/auto/Expression.xml (RunModel)" time="0.132" />
  <testcase classname="ptolemy.util.test.junit.AutoTests" name="[3] /home/travis/build/icyphy/ptII/ptolemy/domains/sdf/test/auto/Eye.xml (RunModel)" time="0.308" />
  <testcase classname="ptolemy.util.test.junit.AutoTests" name="[4] /home/travis/build/icyphy/ptII/ptolemy/domains/sdf/test/auto/FixFIR.xml (RunModel)" time="0.455" />
  <testcase classname="ptolemy.util.test.junit.AutoTests" name="[5] /home/travis/build/icyphy/ptII/ptolemy/domains/sdf/test/auto/FixPoint.xml (RunModel)" time="0.044" />
  <testcase classname="ptolemy.util.test.junit.AutoTests" name="[6] /home/travis/build/icyphy/ptII/ptolemy/domains/sdf/test/auto/Gravitation.xml (RunModel)" time="3.321" />
  <testcase classname="ptolemy.util.test.junit.AutoTests" name="[7] /home/travis/build/icyphy/ptII/ptolemy/domains/sdf/test/auto/GravitationWithCollisionDetection.xml (RunModel)" time="6.753" />
  <testcase classname="ptolemy.util.test.junit.AutoTests" name="[8] /home/travis/build/icyphy/ptII/ptolemy/domains/sdf/test/auto/HDF.xml (RunModel)" time="0.098" />
  <testcase classname="ptolemy.util.test.junit.AutoTests" name="[9] /home/travis/build/icyphy/ptII/ptolemy/domains/sdf/test/auto/HDFwithTransientStates.xml (RunModel)" time="0.084" />
  <testcase classname="ptolemy.util.test.junit.AutoTests" name="[10] /home/travis/build/icyphy/ptII/ptolemy/domains/sdf/test/auto/HTVQ.xml (RunModel)" time="0.889" />
  <testcase classname="ptolemy.util.test.junit.AutoTests" name="[11] /home/travis/build/icyphy/ptII/ptolemy/domains/sdf/test/auto/InferInitProduction.xml (RunModel)" time="0.029" />
  <testcase classname="ptolemy.util.test.junit.AutoTests" name="[12] /home/travis/build/icyphy/ptII/ptolemy/domains/sdf/test/auto/InferInitProductionDeeper.xml (RunModel)" time="0.039" />
  <testcase classname="ptolemy.util.test.junit.AutoTests" name="[13] /home/travis/build/icyphy/ptII/ptolemy/domains/sdf/test/auto/LMSAdaptive.xml (RunModel)" time="0.08" />
  <testcase classname="ptolemy.util.test.junit.AutoTests" name="[14] /home/travis/build/icyphy/ptII/ptolemy/domains/sdf/test/auto/LogisticMap.xml (RunModel)" time="0.454" />
  <testcase classname="ptolemy.util.test.junit.AutoTests" name="[15] /home/travis/build/icyphy/ptII/ptolemy/domains/sdf/test/auto/MaximumEntropySpectrum.xml (RunModel)" time="0.324" />
  <testcase classname="ptolemy.util.test.junit.AutoTests" name="[16] /home/travis/build/icyphy/ptII/ptolemy/domains/sdf/test/auto/MultirateSDF.xml (RunModel)" time="0.048" />
  <testcase classname="ptolemy.util.test.junit.AutoTests" name="[17] /home/travis/build/icyphy/ptII/ptolemy/domains/sdf/test/auto/MultirateSDFwithTransientStates.xml (RunModel)" time="0.055" />
  <testcase classname="ptolemy.util.test.junit.AutoTests" name="[18] /home/travis/build/icyphy/ptII/ptolemy/domains/sdf/test/auto/NoisySinewave.xml (RunModel)" time="0.052" />
  <testcase classname="ptolemy.util.test.junit.AutoTests" name="[19] /home/travis/build/icyphy/ptII/ptolemy/domains/sdf/test/auto/Objects.xml (RunModel)" time="0.049" />
  <testcase classname="ptolemy.util.test.junit.AutoTests" name="[20] /home/travis/build/icyphy/ptII/ptolemy/domains/sdf/test/auto/OrthogonalCom.xml (RunModel)" time="0.035" />
  <testcase classname="ptolemy.util.test.junit.AutoTests" name="[21] /home/travis/build/icyphy/ptII/ptolemy/domains/sdf/test/auto/RijndaelEncryption.xml (RunModel)" time="0.57" />
  <testcase classname="ptolemy.util.test.junit.AutoTests" name="[22] /home/travis/build/icyphy/ptII/ptolemy/domains/sdf/test/auto/SDFEmptyIterations.xml (RunModel)" time="0.022" />
  <testcase classname="ptolemy.util.test.junit.AutoTests" name="[23] /home/travis/build/icyphy/ptII/ptolemy/domains/sdf/test/auto/Spectrum.xml (RunModel)" time="0.104" />
  <testcase classname="ptolemy.util.test.junit.AutoTests" name="[24] /home/travis/build/icyphy/ptII/ptolemy/domains/sdf/test/auto/de_inside_sdf.xml (RunModel)" time="0.03" />
  <testcase classname="ptolemy.util.test.junit.AutoTests" name="[25] /home/travis/build/icyphy/ptII/ptolemy/domains/sdf/test/auto/disconnectedHierarchicalSDF.xml (RunModel)" time="0.034" />
  <testcase classname="ptolemy.util.test.junit.AutoTests" name="[26] /home/travis/build/icyphy/ptII/ptolemy/domains/sdf/test/auto/disconnectedSDF.xml (RunModel)" time="0.015" />
  <testcase classname="ptolemy.util.test.junit.AutoTests" name="[27] /home/travis/build/icyphy/ptII/ptolemy/domains/sdf/test/auto/emptyRefinement.xml (RunModel)" time="0.022" />
  <testcase classname="ptolemy.util.test.junit.AutoTests" name="[28] /home/travis/build/icyphy/ptII/ptolemy/domains/sdf/test/auto/filePortParameter.xml (RunModel)" time="0.062" />
  <testcase classname="ptolemy.util.test.junit.AutoTests" name="[29] /home/travis/build/icyphy/ptII/ptolemy/domains/sdf/test/auto/inferRelationWidth1.xml (RunModel)" time="0.013" />
  <testcase classname="ptolemy.util.test.junit.AutoTests" name="[30] /home/travis/build/icyphy/ptII/ptolemy/domains/sdf/test/auto/initProductionInference.xml (RunModel)" time="0.018" />
  <testcase classname="ptolemy.util.test.junit.AutoTests" name="[31] /home/travis/build/icyphy/ptII/ptolemy/domains/sdf/test/auto/relationGroup.xml (RunModel)" time="0.015" />
  <testcase classname="ptolemy.util.test.junit.AutoTests" name="[32] /home/travis/build/icyphy/ptII/ptolemy/domains/sdf/test/auto/relationGroup10.xml (RunModel)" time="0.015" />
  <testcase classname="ptolemy.util.test.junit.AutoTests" name="[33] /home/travis/build/icyphy/ptII/ptolemy/domains/sdf/test/auto/relationGroup11.xml (RunModel)" time="0.013" />
  <testcase classname="ptolemy.util.test.junit.AutoTests" name="[34] /home/travis/build/icyphy/ptII/ptolemy/domains/sdf/test/auto/relationGroup12.xml (RunModel)" time="0.013" />
  <testcase classname="ptolemy.util.test.junit.AutoTests" name="[35] /home/travis/build/icyphy/ptII/ptolemy/domains/sdf/test/auto/relationGroup13.xml (RunModel)" time="0.015" />
  <testcase classname="ptolemy.util.test.junit.AutoTests" name="[36] /home/travis/build/icyphy/ptII/ptolemy/domains/sdf/test/auto/relationGroup14.xml (RunModel)" time="0.033" />
  <testcase classname="ptolemy.util.test.junit.AutoTests" name="[37] /home/travis/build/icyphy/ptII/ptolemy/domains/sdf/test/auto/relationGroup15.xml (RunModel)" time="0.016" />
  <testcase classname="ptolemy.util.test.junit.AutoTests" name="[38] /home/travis/build/icyphy/ptII/ptolemy/domains/sdf/test/auto/relationGroup2.xml (RunModel)" time="0.013" />
  <testcase classname="ptolemy.util.test.junit.AutoTests" name="[39] /home/travis/build/icyphy/ptII/ptolemy/domains/sdf/test/auto/relationGroup3.xml (RunModel)" time="0.016" />
  <testcase classname="ptolemy.util.test.junit.AutoTests" name="[40] /home/travis/build/icyphy/ptII/ptolemy/domains/sdf/test/auto/relationGroup4.xml (RunModel)" time="0.019" />
  <testcase classname="ptolemy.util.test.junit.AutoTests" name="[41] /home/travis/build/icyphy/ptII/ptolemy/domains/sdf/test/auto/relationGroup5.xml (RunModel)" time="0.014" />
  <testcase classname="ptolemy.util.test.junit.AutoTests" name="[42] /home/travis/build/icyphy/ptII/ptolemy/domains/sdf/test/auto/relationGroup6.xml (RunModel)" time="0.011" />
  <testcase classname="ptolemy.util.test.junit.AutoTests" name="[43] /home/travis/build/icyphy/ptII/ptolemy/domains/sdf/test/auto/relationGroup7.xml (RunModel)" time="0.008" />
  <testcase classname="ptolemy.util.test.junit.AutoTests" name="[44] /home/travis/build/icyphy/ptII/ptolemy/domains/sdf/test/auto/relationGroup8.xml (RunModel)" time="0.015" />
  <testcase classname="ptolemy.util.test.junit.AutoTests" name="[45] /home/travis/build/icyphy/ptII/ptolemy/domains/sdf/test/auto/relationGroup9.xml (RunModel)" time="0.013" />
  <testcase classname="ptolemy.util.test.junit.AutoTests" name="[46] /home/travis/build/icyphy/ptII/ptolemy/domains/sdf/test/auto/sdf_inside_de.xml (RunModel)" time="0.056" />
  <testcase classname="ptolemy.util.test.junit.AutoTests" name="[47] /home/travis/build/icyphy/ptII/ptolemy/domains/sdf/test/auto/sdf_inside_pn.xml (RunModel)" time="0.056" />
  <testcase classname="ptolemy.util.test.junit.AutoTests" name="[48] /home/travis/build/icyphy/ptII/ptolemy/domains/sdf/test/auto/sdf_sdf1.xml (RunModel)" time="0.019" />
  <testcase classname="ptolemy.util.test.junit.AutoTests" name="[49] /home/travis/build/icyphy/ptII/ptolemy/domains/sdf/test/auto/test1.xml (RunModel)" time="0.015" />
  <testcase classname="ptolemy.util.test.junit.AutoTests" name="[50] /home/travis/build/icyphy/ptII/ptolemy/domains/sdf/test/auto/time1.xml (RunModel)" time="0.01" />
  <testcase classname="ptolemy.util.test.junit.AutoTests" name="[51] /home/travis/build/icyphy/ptII/ptolemy/domains/sdf/test/auto/time2.xml (RunModel)" time="0.009" />
  <testcase classname="ptolemy.util.test.junit.AutoTests" name="[52] /home/travis/build/icyphy/ptII/ptolemy/domains/sdf/test/auto/time3.xml (RunModel)" time="0.022" />
  <testcase classname="ptolemy.util.test.junit.AutoTests" name="[53] /home/travis/build/icyphy/ptII/ptolemy/domains/sdf/test/auto/time4.xml (RunModel)" time="0.017" />
  <testcase classname="ptolemy.util.test.junit.AutoTests" name="[54] /home/travis/build/icyphy/ptII/ptolemy/domains/sdf/test/auto/time5.xml (RunModel)" time="4.009" />
  <testcase classname="ptolemy.util.test.junit.AutoTests" name="[55] /home/travis/build/icyphy/ptII/ptolemy/domains/sdf/test/auto/typeSystem_Const_Integer_smallest_Type.xml (RunModel)" time="0.033" />
  <testcase classname="ptolemy.util.test.junit.AutoTests" name="[56] /home/travis/build/icyphy/ptII/ptolemy/domains/sdf/test/auto/typeSystem_declared_Inports_OutportTypeException.xml (RunModel)" time="0.02" />
  <testcase classname="ptolemy.util.test.junit.AutoTests" name="[57] /home/travis/build/icyphy/ptII/ptolemy/domains/sdf/test/auto/typeSystem_oneDeclaredInportType_wrongTypeOutport.xml (RunModel)" time="0.017" />
  <testcase classname="ptolemy.util.test.junit.AutoTests" name="[58] /home/travis/build/icyphy/ptII/ptolemy/domains/sdf/test/auto/width.xml (RunModel)" time="0.011" />
  <testcase classname="ptolemy.util.test.junit.AutoTests" name="[59] /home/travis/build/icyphy/ptII/ptolemy/domains/sdf/test/auto/width2.xml (RunModel)" time="0.034" />
  <testcase classname="ptolemy.util.test.junit.AutoTests" name="[60] /home/travis/build/icyphy/ptII/ptolemy/domains/sdf/test/auto/width3.xml (RunModel)" time="0.039" />
  <system-out><![CDATA[/home/travis/build/icyphy/ptII/ptolemy/domains/sdf/test/SDFSchedulerErrors.tcl
testDefs.tcl: setting time out to 9000 seconds at Mon Jul 22 01:28:20 UTC 2019
79 ms. Memory: 120832K Free: 82371K (68%)
14 ms. Memory: 120832K Free: 74693K (62%)
7 ms. Memory: 120832K Free: 68549K (57%)
14 ms. Memory: 120832K Free: 65477K (54%)
/home/travis/build/icyphy/ptII/ptolemy/domains/sdf/test/composition.tcl
36 ms. Memory: 120832K Free: 61381K (51%)
8 ms. Memory: 120832K Free: 59333K (49%)
/home/travis/build/icyphy/ptII/ptolemy/domains/sdf/test/cycle.tcl
.Toplevel.Director Preinitializing ...
Invoking preinitialize():  .Toplevel.Actor1
Invoking preinitialize():  .Toplevel.Actor2
Invoking preinitialize():  .Toplevel.Delay
.Toplevel.Director Finished preinitialize().
### Schedule:
Execute Schedule{
Fire Actor ptolemy.domains.sdf.kernel.test.SDFTestDelay {.Toplevel.Actor1}
Fire Actor ptolemy.domains.sdf.kernel.test.SDFTestDelay {.Toplevel.Actor2}
Fire Actor ptolemy.domains.sdf.lib.SampleDelay {.Toplevel.Delay}
}
### End schedule
Called initialize().
Invoking initialize():  .Toplevel.Actor1
Initializing actor: .Toplevel.Actor1.
Invoking initialize():  .Toplevel.Actor2
Initializing actor: .Toplevel.Actor2.
Invoking initialize():  .Toplevel.Delay
Initializing actor: .Toplevel.Delay.
Director: Called prefire().
-- Setting current time to 0.0
Director prefire returns true.
The actor .Toplevel.Actor1 will be iterated.
The actor .Toplevel.Actor1 was iterated.
The actor .Toplevel.Actor2 will be iterated.
The actor .Toplevel.Actor2 was iterated.
The actor .Toplevel.Delay will be iterated.
The actor .Toplevel.Delay was iterated.
Director: Called postfire().
Postfire returns: true
Director: Called prefire().
-- Setting current time to 0.0
Director prefire returns true.
The actor .Toplevel.Actor1 will be iterated.
The actor .Toplevel.Actor1 was iterated.
The actor .Toplevel.Actor2 will be iterated.
The actor .Toplevel.Actor2 was iterated.
The actor .Toplevel.Delay will be iterated.
The actor .Toplevel.Delay was iterated.
Director: Called postfire().
Postfire returns: true
Director: Called prefire().
-- Setting current time to 0.0
Director prefire returns true.
The actor .Toplevel.Actor1 will be iterated.
The actor .Toplevel.Actor1 was iterated.
The actor .Toplevel.Actor2 will be iterated.
The actor .Toplevel.Actor2 was iterated.
The actor .Toplevel.Delay will be iterated.
The actor .Toplevel.Delay was iterated.
Director: Called postfire().
Postfire returns: true
Director: Called prefire().
-- Setting current time to 0.0
Director prefire returns true.
The actor .Toplevel.Actor1 will be iterated.
The actor .Toplevel.Actor1 was iterated.
The actor .Toplevel.Actor2 will be iterated.
The actor .Toplevel.Actor2 was iterated.
The actor .Toplevel.Delay will be iterated.
The actor .Toplevel.Delay was iterated.
Director: Called postfire().
Postfire returns: true
Director: Called prefire().
-- Setting current time to 0.0
Director prefire returns true.
The actor .Toplevel.Actor1 will be iterated.
The actor .Toplevel.Actor1 was iterated.
The actor .Toplevel.Actor2 will be iterated.
The actor .Toplevel.Actor2 was iterated.
The actor .Toplevel.Delay will be iterated.
The actor .Toplevel.Delay was iterated.
Director: Called postfire().
Postfire returns: true
Director: Called prefire().
-- Setting current time to 0.0
Director prefire returns true.
The actor .Toplevel.Actor1 will be iterated.
The actor .Toplevel.Actor1 was iterated.
The actor .Toplevel.Actor2 will be iterated.
The actor .Toplevel.Actor2 was iterated.
The actor .Toplevel.Delay will be iterated.
The actor .Toplevel.Delay was iterated.
Reached specified number of iterations: 6
Director: Called wrapup().
20 ms. Memory: 120832K Free: 56771K (47%)
07/22/19 01:28:21
Failed: 0  Total Tests: 8  ((Passed: 8, Newly Passed: 0)  Known Failed: 0) /home/travis/build/icyphy/ptII/ptolemy/domains/sdf/test
No auto/knownFailedTests/*.xml tests in /home/travis/build/icyphy/ptII/ptolemy/domains/sdf/test
No auto/linux-amd64/*.xml tests in /home/travis/build/icyphy/ptII/ptolemy/domains/sdf/test
AutoTests.java: About to close Vertx.
AutoTests.java: Vertx closed.

===========================================================================================
----------------- testing Mon Jul 22 01:28:22 UTC 2019 /home/travis/build/icyphy/ptII/ptolemy/domains/sdf/test/auto/Array.xml
----------------- Instantiating /home/travis/build/icyphy/ptII/ptolemy/domains/sdf/test/auto/Array.xml
54 ms. Memory: 120832K Free: 102940K (85%)
----------------- Invoking toplevel() on ptolemy.moml.MoMLSimpleApplication@3493b100
----------------- Done invoking toplevel() on ptolemy.moml.MoMLSimpleApplication@3493b100
reloadAllAccessors: .Array

===========================================================================================
----------------- testing Mon Jul 22 01:28:22 UTC 2019 /home/travis/build/icyphy/ptII/ptolemy/domains/sdf/test/auto/Butterfly.xml
----------------- Instantiating /home/travis/build/icyphy/ptII/ptolemy/domains/sdf/test/auto/Butterfly.xml
108 ms. Memory: 120832K Free: 97060K (80%)
----------------- Invoking toplevel() on ptolemy.moml.MoMLSimpleApplication@1b58ebb9
----------------- Done invoking toplevel() on ptolemy.moml.MoMLSimpleApplication@1b58ebb9
reloadAllAccessors: .Butterfly

===========================================================================================
----------------- testing Mon Jul 22 01:28:22 UTC 2019 /home/travis/build/icyphy/ptII/ptolemy/domains/sdf/test/auto/Expression.xml
----------------- Instantiating /home/travis/build/icyphy/ptII/ptolemy/domains/sdf/test/auto/Expression.xml
70 ms. Memory: 120832K Free: 92500K (77%)
----------------- Invoking toplevel() on ptolemy.moml.MoMLSimpleApplication@79225bd2
----------------- Done invoking toplevel() on ptolemy.moml.MoMLSimpleApplication@79225bd2
reloadAllAccessors: .Expression

===========================================================================================
----------------- testing Mon Jul 22 01:28:23 UTC 2019 /home/travis/build/icyphy/ptII/ptolemy/domains/sdf/test/auto/Eye.xml
----------------- Instantiating /home/travis/build/icyphy/ptII/ptolemy/domains/sdf/test/auto/Eye.xml
187 ms. Memory: 120832K Free: 93422K (77%)
----------------- Invoking toplevel() on ptolemy.moml.MoMLSimpleApplication@420e0d2d
----------------- Done invoking toplevel() on ptolemy.moml.MoMLSimpleApplication@420e0d2d
reloadAllAccessors: .Eye

===========================================================================================
----------------- testing Mon Jul 22 01:28:23 UTC 2019 /home/travis/build/icyphy/ptII/ptolemy/domains/sdf/test/auto/FixFIR.xml
----------------- Instantiating /home/travis/build/icyphy/ptII/ptolemy/domains/sdf/test/auto/FixFIR.xml
225 ms. Memory: 148480K Free: 130154K (88%)
----------------- Invoking toplevel() on ptolemy.moml.MoMLSimpleApplication@4e140738
----------------- Done invoking toplevel() on ptolemy.moml.MoMLSimpleApplication@4e140738
reloadAllAccessors: .FixFIR

===========================================================================================
----------------- testing Mon Jul 22 01:28:23 UTC 2019 /home/travis/build/icyphy/ptII/ptolemy/domains/sdf/test/auto/FixPoint.xml
----------------- Instantiating /home/travis/build/icyphy/ptII/ptolemy/domains/sdf/test/auto/FixPoint.xml
16 ms. Memory: 148480K Free: 125770K (85%)
----------------- Invoking toplevel() on ptolemy.moml.MoMLSimpleApplication@4a6eb1d5
----------------- Done invoking toplevel() on ptolemy.moml.MoMLSimpleApplication@4a6eb1d5
reloadAllAccessors: .FixPoint

===========================================================================================
----------------- testing Mon Jul 22 01:28:23 UTC 2019 /home/travis/build/icyphy/ptII/ptolemy/domains/sdf/test/auto/Gravitation.xml
----------------- Instantiating /home/travis/build/icyphy/ptII/ptolemy/domains/sdf/test/auto/Gravitation.xml
3207 ms. Memory: 148480K Free: 72596K (49%)
----------------- Invoking toplevel() on ptolemy.moml.MoMLSimpleApplication@6518a9e4
----------------- Done invoking toplevel() on ptolemy.moml.MoMLSimpleApplication@6518a9e4
reloadAllAccessors: .Gravitation

===========================================================================================
----------------- testing Mon Jul 22 01:28:27 UTC 2019 /home/travis/build/icyphy/ptII/ptolemy/domains/sdf/test/auto/GravitationWithCollisionDetection.xml
----------------- Instantiating /home/travis/build/icyphy/ptII/ptolemy/domains/sdf/test/auto/GravitationWithCollisionDetection.xml
6589 ms. Memory: 315392K Free: 270864K (86%)
----------------- Invoking toplevel() on ptolemy.moml.MoMLSimpleApplication@2b0beabd
----------------- Done invoking toplevel() on ptolemy.moml.MoMLSimpleApplication@2b0beabd
reloadAllAccessors: .GravitationWithCollisionDetection

===========================================================================================
----------------- testing Mon Jul 22 01:28:33 UTC 2019 /home/travis/build/icyphy/ptII/ptolemy/domains/sdf/test/auto/HDF.xml
----------------- Instantiating /home/travis/build/icyphy/ptII/ptolemy/domains/sdf/test/auto/HDF.xml
32 ms. Memory: 315392K Free: 255504K (81%)
----------------- Invoking toplevel() on ptolemy.moml.MoMLSimpleApplication@21ba847
----------------- Done invoking toplevel() on ptolemy.moml.MoMLSimpleApplication@21ba847
reloadAllAccessors: .HDF

===========================================================================================
----------------- testing Mon Jul 22 01:28:34 UTC 2019 /home/travis/build/icyphy/ptII/ptolemy/domains/sdf/test/auto/HDFwithTransientStates.xml
----------------- Instantiating /home/travis/build/icyphy/ptII/ptolemy/domains/sdf/test/auto/HDFwithTransientStates.xml
26 ms. Memory: 315392K Free: 237072K (75%)
----------------- Invoking toplevel() on ptolemy.moml.MoMLSimpleApplication@6016814b
----------------- Done invoking toplevel() on ptolemy.moml.MoMLSimpleApplication@6016814b
reloadAllAccessors: .HDFwithTransientStates

===========================================================================================
----------------- testing Mon Jul 22 01:28:34 UTC 2019 /home/travis/build/icyphy/ptII/ptolemy/domains/sdf/test/auto/HTVQ.xml
----------------- Instantiating /home/travis/build/icyphy/ptII/ptolemy/domains/sdf/test/auto/HTVQ.xml
849 ms. Memory: 315392K Free: 254398K (81%)
----------------- Invoking toplevel() on ptolemy.moml.MoMLSimpleApplication@59e6cea9
----------------- Done invoking toplevel() on ptolemy.moml.MoMLSimpleApplication@59e6cea9
reloadAllAccessors: .HTVQ

===========================================================================================
----------------- testing Mon Jul 22 01:28:35 UTC 2019 /home/travis/build/icyphy/ptII/ptolemy/domains/sdf/test/auto/InferInitProduction.xml
----------------- Instantiating /home/travis/build/icyphy/ptII/ptolemy/domains/sdf/test/auto/InferInitProduction.xml
4 ms. Memory: 315392K Free: 248865K (79%)
----------------- Invoking toplevel() on ptolemy.moml.MoMLSimpleApplication@4fa636ec
----------------- Done invoking toplevel() on ptolemy.moml.MoMLSimpleApplication@4fa636ec
reloadAllAccessors: .InferInitProduction

===========================================================================================
----------------- testing Mon Jul 22 01:28:35 UTC 2019 /home/travis/build/icyphy/ptII/ptolemy/domains/sdf/test/auto/InferInitProductionDeeper.xml
----------------- Instantiating /home/travis/build/icyphy/ptII/ptolemy/domains/sdf/test/auto/InferInitProductionDeeper.xml
7 ms. Memory: 315392K Free: 243745K (77%)
----------------- Invoking toplevel() on ptolemy.moml.MoMLSimpleApplication@237359d
----------------- Done invoking toplevel() on ptolemy.moml.MoMLSimpleApplication@237359d
reloadAllAccessors: .InferInitProductionDeeper

===========================================================================================
----------------- testing Mon Jul 22 01:28:35 UTC 2019 /home/travis/build/icyphy/ptII/ptolemy/domains/sdf/test/auto/LMSAdaptive.xml
----------------- Instantiating /home/travis/build/icyphy/ptII/ptolemy/domains/sdf/test/auto/LMSAdaptive.xml
12 ms. Memory: 315392K Free: 234015K (74%)
----------------- Invoking toplevel() on ptolemy.moml.MoMLSimpleApplication@396f5eb1
----------------- Done invoking toplevel() on ptolemy.moml.MoMLSimpleApplication@396f5eb1
reloadAllAccessors: .LMSAdaptive

===========================================================================================
----------------- testing Mon Jul 22 01:28:35 UTC 2019 /home/travis/build/icyphy/ptII/ptolemy/domains/sdf/test/auto/LogisticMap.xml
----------------- Instantiating /home/travis/build/icyphy/ptII/ptolemy/domains/sdf/test/auto/LogisticMap.xml
434 ms. Memory: 315392K Free: 227871K (72%)
----------------- Invoking toplevel() on ptolemy.moml.MoMLSimpleApplication@3cdef1d6
----------------- Done invoking toplevel() on ptolemy.moml.MoMLSimpleApplication@3cdef1d6
reloadAllAccessors: .LogisticMap

===========================================================================================
----------------- testing Mon Jul 22 01:28:35 UTC 2019 /home/travis/build/icyphy/ptII/ptolemy/domains/sdf/test/auto/MaximumEntropySpectrum.xml
----------------- Instantiating /home/travis/build/icyphy/ptII/ptolemy/domains/sdf/test/auto/MaximumEntropySpectrum.xml
90 ms. Memory: 315392K Free: 166945K (53%)
----------------- Invoking toplevel() on ptolemy.moml.MoMLSimpleApplication@25626e23
----------------- Done invoking toplevel() on ptolemy.moml.MoMLSimpleApplication@25626e23
reloadAllAccessors: .MaximumEntropySpectrum

===========================================================================================
----------------- testing Mon Jul 22 01:28:35 UTC 2019 /home/travis/build/icyphy/ptII/ptolemy/domains/sdf/test/auto/MultirateSDF.xml
----------------- Instantiating /home/travis/build/icyphy/ptII/ptolemy/domains/sdf/test/auto/MultirateSDF.xml
15 ms. Memory: 315392K Free: 152089K (48%)
----------------- Invoking toplevel() on ptolemy.moml.MoMLSimpleApplication@562f49c0
----------------- Done invoking toplevel() on ptolemy.moml.MoMLSimpleApplication@562f49c0
reloadAllAccessors: .MultirateSDF

===========================================================================================
----------------- testing Mon Jul 22 01:28:36 UTC 2019 /home/travis/build/icyphy/ptII/ptolemy/domains/sdf/test/auto/MultirateSDFwithTransientStates.xml
----------------- Instantiating /home/travis/build/icyphy/ptII/ptolemy/domains/sdf/test/auto/MultirateSDFwithTransientStates.xml
16 ms. Memory: 315392K Free: 133657K (42%)
----------------- Invoking toplevel() on ptolemy.moml.MoMLSimpleApplication@acef65
----------------- Done invoking toplevel() on ptolemy.moml.MoMLSimpleApplication@acef65
reloadAllAccessors: .MultirateSDFwithTransientStates

===========================================================================================
----------------- testing Mon Jul 22 01:28:36 UTC 2019 /home/travis/build/icyphy/ptII/ptolemy/domains/sdf/test/auto/NoisySinewave.xml
----------------- Instantiating /home/travis/build/icyphy/ptII/ptolemy/domains/sdf/test/auto/NoisySinewave.xml
14 ms. Memory: 315392K Free: 117279K (37%)
----------------- Invoking toplevel() on ptolemy.moml.MoMLSimpleApplication@30437e52
----------------- Done invoking toplevel() on ptolemy.moml.MoMLSimpleApplication@30437e52
reloadAllAccessors: .NoisySinewave

===========================================================================================
----------------- testing Mon Jul 22 01:28:36 UTC 2019 /home/travis/build/icyphy/ptII/ptolemy/domains/sdf/test/auto/Objects.xml
----------------- Instantiating /home/travis/build/icyphy/ptII/ptolemy/domains/sdf/test/auto/Objects.xml
3 ms. Memory: 315392K Free: 295033K (94%)
----------------- Invoking toplevel() on ptolemy.moml.MoMLSimpleApplication@3f58c881
----------------- Done invoking toplevel() on ptolemy.moml.MoMLSimpleApplication@3f58c881
reloadAllAccessors: .Objects

===========================================================================================
----------------- testing Mon Jul 22 01:28:36 UTC 2019 /home/travis/build/icyphy/ptII/ptolemy/domains/sdf/test/auto/OrthogonalCom.xml
----------------- Instantiating /home/travis/build/icyphy/ptII/ptolemy/domains/sdf/test/auto/OrthogonalCom.xml
5 ms. Memory: 315392K Free: 287369K (91%)
----------------- Invoking toplevel() on ptolemy.moml.MoMLSimpleApplication@3dd18b80
----------------- Done invoking toplevel() on ptolemy.moml.MoMLSimpleApplication@3dd18b80
reloadAllAccessors: .OrthogonalCom

===========================================================================================
----------------- testing Mon Jul 22 01:28:36 UTC 2019 /home/travis/build/icyphy/ptII/ptolemy/domains/sdf/test/auto/RijndaelEncryption.xml
----------------- Instantiating /home/travis/build/icyphy/ptII/ptolemy/domains/sdf/test/auto/RijndaelEncryption.xml
317 ms. Memory: 315392K Free: 141961K (45%)
----------------- Invoking toplevel() on ptolemy.moml.MoMLSimpleApplication@43185a4f
----------------- Done invoking toplevel() on ptolemy.moml.MoMLSimpleApplication@43185a4f
reloadAllAccessors: .RijndaelEncryption

===========================================================================================
----------------- testing Mon Jul 22 01:28:36 UTC 2019 /home/travis/build/icyphy/ptII/ptolemy/domains/sdf/test/auto/SDFEmptyIterations.xml
----------------- Instantiating /home/travis/build/icyphy/ptII/ptolemy/domains/sdf/test/auto/SDFEmptyIterations.xml
7 ms. Memory: 315392K Free: 137865K (44%)
----------------- Invoking toplevel() on ptolemy.moml.MoMLSimpleApplication@7568c9dc
----------------- Done invoking toplevel() on ptolemy.moml.MoMLSimpleApplication@7568c9dc
reloadAllAccessors: .SDFEmptyIterations

===========================================================================================
----------------- testing Mon Jul 22 01:28:36 UTC 2019 /home/travis/build/icyphy/ptII/ptolemy/domains/sdf/test/auto/Spectrum.xml
----------------- Instantiating /home/travis/build/icyphy/ptII/ptolemy/domains/sdf/test/auto/Spectrum.xml
32 ms. Memory: 315392K Free: 112775K (36%)
----------------- Invoking toplevel() on ptolemy.moml.MoMLSimpleApplication@31b8fa76
----------------- Done invoking toplevel() on ptolemy.moml.MoMLSimpleApplication@31b8fa76
reloadAllAccessors: .Spectrum

===========================================================================================
----------------- testing Mon Jul 22 01:28:36 UTC 2019 /home/travis/build/icyphy/ptII/ptolemy/domains/sdf/test/auto/de_inside_sdf.xml
----------------- Instantiating /home/travis/build/icyphy/ptII/ptolemy/domains/sdf/test/auto/de_inside_sdf.xml
6 ms. Memory: 315392K Free: 294424K (93%)
----------------- Invoking toplevel() on ptolemy.moml.MoMLSimpleApplication@7210e04b
----------------- Done invoking toplevel() on ptolemy.moml.MoMLSimpleApplication@7210e04b
reloadAllAccessors: .de_inside_sdf

===========================================================================================
----------------- testing Mon Jul 22 01:28:36 UTC 2019 /home/travis/build/icyphy/ptII/ptolemy/domains/sdf/test/auto/disconnectedHierarchicalSDF.xml
----------------- Instantiating /home/travis/build/icyphy/ptII/ptolemy/domains/sdf/test/auto/disconnectedHierarchicalSDF.xml
6 ms. Memory: 315392K Free: 287766K (91%)
----------------- Invoking toplevel() on ptolemy.moml.MoMLSimpleApplication@25bb2cc9
----------------- Done invoking toplevel() on ptolemy.moml.MoMLSimpleApplication@25bb2cc9
reloadAllAccessors: .disconnectedHierarchicalSDF

===========================================================================================
----------------- testing Mon Jul 22 01:28:36 UTC 2019 /home/travis/build/icyphy/ptII/ptolemy/domains/sdf/test/auto/disconnectedSDF.xml
----------------- Instantiating /home/travis/build/icyphy/ptII/ptolemy/domains/sdf/test/auto/disconnectedSDF.xml
5 ms. Memory: 315392K Free: 283670K (90%)
----------------- Invoking toplevel() on ptolemy.moml.MoMLSimpleApplication@2e6690d4
----------------- Done invoking toplevel() on ptolemy.moml.MoMLSimpleApplication@2e6690d4
reloadAllAccessors: .disconnectedSDF

===========================================================================================
----------------- testing Mon Jul 22 01:28:36 UTC 2019 /home/travis/build/icyphy/ptII/ptolemy/domains/sdf/test/auto/emptyRefinement.xml
----------------- Instantiating /home/travis/build/icyphy/ptII/ptolemy/domains/sdf/test/auto/emptyRefinement.xml
8 ms. Memory: 315392K Free: 279064K (88%)
----------------- Invoking toplevel() on ptolemy.moml.MoMLSimpleApplication@5def05d1
----------------- Done invoking toplevel() on ptolemy.moml.MoMLSimpleApplication@5def05d1
reloadAllAccessors: .emptyRefinement

===========================================================================================
----------------- testing Mon Jul 22 01:28:37 UTC 2019 /home/travis/build/icyphy/ptII/ptolemy/domains/sdf/test/auto/filePortParameter.xml
----------------- Instantiating /home/travis/build/icyphy/ptII/ptolemy/domains/sdf/test/auto/filePortParameter.xml
15 ms. Memory: 315392K Free: 271382K (86%)
----------------- Invoking toplevel() on ptolemy.moml.MoMLSimpleApplication@56132c36
----------------- Done invoking toplevel() on ptolemy.moml.MoMLSimpleApplication@56132c36
reloadAllAccessors: .filePortParameter

===========================================================================================
----------------- testing Mon Jul 22 01:28:37 UTC 2019 /home/travis/build/icyphy/ptII/ptolemy/domains/sdf/test/auto/inferRelationWidth1.xml
----------------- Instantiating /home/travis/build/icyphy/ptII/ptolemy/domains/sdf/test/auto/inferRelationWidth1.xml
2 ms. Memory: 315392K Free: 268310K (85%)
----------------- Invoking toplevel() on ptolemy.moml.MoMLSimpleApplication@76d4065a
----------------- Done invoking toplevel() on ptolemy.moml.MoMLSimpleApplication@76d4065a
reloadAllAccessors: .inferRelationWidth1

===========================================================================================
----------------- testing Mon Jul 22 01:28:37 UTC 2019 /home/travis/build/icyphy/ptII/ptolemy/domains/sdf/test/auto/initProductionInference.xml
----------------- Instantiating /home/travis/build/icyphy/ptII/ptolemy/domains/sdf/test/auto/initProductionInference.xml
4 ms. Memory: 315392K Free: 264200K (84%)
----------------- Invoking toplevel() on ptolemy.moml.MoMLSimpleApplication@27f2ad31
----------------- Done invoking toplevel() on ptolemy.moml.MoMLSimpleApplication@27f2ad31
reloadAllAccessors: .initProductionInference

===========================================================================================
----------------- testing Mon Jul 22 01:28:37 UTC 2019 /home/travis/build/icyphy/ptII/ptolemy/domains/sdf/test/auto/relationGroup.xml
----------------- Instantiating /home/travis/build/icyphy/ptII/ptolemy/domains/sdf/test/auto/relationGroup.xml
5 ms. Memory: 315392K Free: 260632K (83%)
----------------- Invoking toplevel() on ptolemy.moml.MoMLSimpleApplication@40a8543a
----------------- Done invoking toplevel() on ptolemy.moml.MoMLSimpleApplication@40a8543a
reloadAllAccessors: .relationGroup

===========================================================================================
----------------- testing Mon Jul 22 01:28:37 UTC 2019 /home/travis/build/icyphy/ptII/ptolemy/domains/sdf/test/auto/relationGroup10.xml
----------------- Instantiating /home/travis/build/icyphy/ptII/ptolemy/domains/sdf/test/auto/relationGroup10.xml
2 ms. Memory: 315392K Free: 257046K (82%)
----------------- Invoking toplevel() on ptolemy.moml.MoMLSimpleApplication@60ba56f9
----------------- Done invoking toplevel() on ptolemy.moml.MoMLSimpleApplication@60ba56f9
reloadAllAccessors: .relationGroup10

===========================================================================================
----------------- testing Mon Jul 22 01:28:37 UTC 2019 /home/travis/build/icyphy/ptII/ptolemy/domains/sdf/test/auto/relationGroup11.xml
----------------- Instantiating /home/travis/build/icyphy/ptII/ptolemy/domains/sdf/test/auto/relationGroup11.xml
2 ms. Memory: 315392K Free: 253464K (80%)
----------------- Invoking toplevel() on ptolemy.moml.MoMLSimpleApplication@36c6c7e0
----------------- Done invoking toplevel() on ptolemy.moml.MoMLSimpleApplication@36c6c7e0
reloadAllAccessors: .relationGroup11

===========================================================================================
----------------- testing Mon Jul 22 01:28:37 UTC 2019 /home/travis/build/icyphy/ptII/ptolemy/domains/sdf/test/auto/relationGroup12.xml
----------------- Instantiating /home/travis/build/icyphy/ptII/ptolemy/domains/sdf/test/auto/relationGroup12.xml
2 ms. Memory: 315392K Free: 249878K (79%)
----------------- Invoking toplevel() on ptolemy.moml.MoMLSimpleApplication@55cb6487
----------------- Done invoking toplevel() on ptolemy.moml.MoMLSimpleApplication@55cb6487
reloadAllAccessors: .relationGroup12

===========================================================================================
----------------- testing Mon Jul 22 01:28:37 UTC 2019 /home/travis/build/icyphy/ptII/ptolemy/domains/sdf/test/auto/relationGroup13.xml
----------------- Instantiating /home/travis/build/icyphy/ptII/ptolemy/domains/sdf/test/auto/relationGroup13.xml
6 ms. Memory: 315392K Free: 245272K (78%)
----------------- Invoking toplevel() on ptolemy.moml.MoMLSimpleApplication@4a15bbfe
----------------- Done invoking toplevel() on ptolemy.moml.MoMLSimpleApplication@4a15bbfe
reloadAllAccessors: .relationGroup13

===========================================================================================
----------------- testing Mon Jul 22 01:28:37 UTC 2019 /home/travis/build/icyphy/ptII/ptolemy/domains/sdf/test/auto/relationGroup14.xml
----------------- Instantiating /home/travis/build/icyphy/ptII/ptolemy/domains/sdf/test/auto/relationGroup14.xml
4 ms. Memory: 315392K Free: 240152K (76%)
----------------- Invoking toplevel() on ptolemy.moml.MoMLSimpleApplication@63b5a056
----------------- Done invoking toplevel() on ptolemy.moml.MoMLSimpleApplication@63b5a056
reloadAllAccessors: .relationGroup14

===========================================================================================
----------------- testing Mon Jul 22 01:28:37 UTC 2019 /home/travis/build/icyphy/ptII/ptolemy/domains/sdf/test/auto/relationGroup15.xml
----------------- Instantiating /home/travis/build/icyphy/ptII/ptolemy/domains/sdf/test/auto/relationGroup15.xml
3 ms. Memory: 315392K Free: 236566K (75%)
----------------- Invoking toplevel() on ptolemy.moml.MoMLSimpleApplication@75cfa01a
----------------- Done invoking toplevel() on ptolemy.moml.MoMLSimpleApplication@75cfa01a
reloadAllAccessors: .relationGroup15

===========================================================================================
----------------- testing Mon Jul 22 01:28:37 UTC 2019 /home/travis/build/icyphy/ptII/ptolemy/domains/sdf/test/auto/relationGroup2.xml
----------------- Instantiating /home/travis/build/icyphy/ptII/ptolemy/domains/sdf/test/auto/relationGroup2.xml
2 ms. Memory: 315392K Free: 233494K (74%)
----------------- Invoking toplevel() on ptolemy.moml.MoMLSimpleApplication@5b4b4a
----------------- Done invoking toplevel() on ptolemy.moml.MoMLSimpleApplication@5b4b4a
reloadAllAccessors: .relationGroup2

===========================================================================================
----------------- testing Mon Jul 22 01:28:37 UTC 2019 /home/travis/build/icyphy/ptII/ptolemy/domains/sdf/test/auto/relationGroup3.xml
----------------- Instantiating /home/travis/build/icyphy/ptII/ptolemy/domains/sdf/test/auto/relationGroup3.xml
2 ms. Memory: 315392K Free: 230422K (73%)
----------------- Invoking toplevel() on ptolemy.moml.MoMLSimpleApplication@13d62ba7
----------------- Done invoking toplevel() on ptolemy.moml.MoMLSimpleApplication@13d62ba7
reloadAllAccessors: .relationGroup3

===========================================================================================
----------------- testing Mon Jul 22 01:28:37 UTC 2019 /home/travis/build/icyphy/ptII/ptolemy/domains/sdf/test/auto/relationGroup4.xml
----------------- Instantiating /home/travis/build/icyphy/ptII/ptolemy/domains/sdf/test/auto/relationGroup4.xml
9 ms. Memory: 315392K Free: 226296K (72%)
----------------- Invoking toplevel() on ptolemy.moml.MoMLSimpleApplication@257fe71e
----------------- Done invoking toplevel() on ptolemy.moml.MoMLSimpleApplication@257fe71e
reloadAllAccessors: .relationGroup4

===========================================================================================
----------------- testing Mon Jul 22 01:28:37 UTC 2019 /home/travis/build/icyphy/ptII/ptolemy/domains/sdf/test/auto/relationGroup5.xml
----------------- Instantiating /home/travis/build/icyphy/ptII/ptolemy/domains/sdf/test/auto/relationGroup5.xml
3 ms. Memory: 315392K Free: 222200K (70%)
----------------- Invoking toplevel() on ptolemy.moml.MoMLSimpleApplication@7d106d23
----------------- Done invoking toplevel() on ptolemy.moml.MoMLSimpleApplication@7d106d23
reloadAllAccessors: .relationGroup5

===========================================================================================
----------------- testing Mon Jul 22 01:28:37 UTC 2019 /home/travis/build/icyphy/ptII/ptolemy/domains/sdf/test/auto/relationGroup6.xml
----------------- Instantiating /home/travis/build/icyphy/ptII/ptolemy/domains/sdf/test/auto/relationGroup6.xml
2 ms. Memory: 315392K Free: 217110K (69%)
----------------- Invoking toplevel() on ptolemy.moml.MoMLSimpleApplication@6610b847
----------------- Done invoking toplevel() on ptolemy.moml.MoMLSimpleApplication@6610b847
reloadAllAccessors: .relationGroup6

===========================================================================================
----------------- testing Mon Jul 22 01:28:37 UTC 2019 /home/travis/build/icyphy/ptII/ptolemy/domains/sdf/test/auto/relationGroup7.xml
----------------- Instantiating /home/travis/build/icyphy/ptII/ptolemy/domains/sdf/test/auto/relationGroup7.xml
1 ms. Memory: 315392K Free: 214038K (68%)
----------------- Invoking toplevel() on ptolemy.moml.MoMLSimpleApplication@7033e5c1
----------------- Done invoking toplevel() on ptolemy.moml.MoMLSimpleApplication@7033e5c1
reloadAllAccessors: .relationGroup7

===========================================================================================
----------------- testing Mon Jul 22 01:28:37 UTC 2019 /home/travis/build/icyphy/ptII/ptolemy/domains/sdf/test/auto/relationGroup8.xml
----------------- Instantiating /home/travis/build/icyphy/ptII/ptolemy/domains/sdf/test/auto/relationGroup8.xml
2 ms. Memory: 315392K Free: 210966K (67%)
----------------- Invoking toplevel() on ptolemy.moml.MoMLSimpleApplication@242bce65
----------------- Done invoking toplevel() on ptolemy.moml.MoMLSimpleApplication@242bce65
reloadAllAccessors: .relationGroup8

===========================================================================================
----------------- testing Mon Jul 22 01:28:37 UTC 2019 /home/travis/build/icyphy/ptII/ptolemy/domains/sdf/test/auto/relationGroup9.xml
----------------- Instantiating /home/travis/build/icyphy/ptII/ptolemy/domains/sdf/test/auto/relationGroup9.xml
2 ms. Memory: 315392K Free: 206870K (66%)
----------------- Invoking toplevel() on ptolemy.moml.MoMLSimpleApplication@4921bd3f
----------------- Done invoking toplevel() on ptolemy.moml.MoMLSimpleApplication@4921bd3f
reloadAllAccessors: .relationGroup9

===========================================================================================
----------------- testing Mon Jul 22 01:28:37 UTC 2019 /home/travis/build/icyphy/ptII/ptolemy/domains/sdf/test/auto/sdf_inside_de.xml
----------------- Instantiating /home/travis/build/icyphy/ptII/ptolemy/domains/sdf/test/auto/sdf_inside_de.xml
10 ms. Memory: 315392K Free: 198168K (63%)
----------------- Invoking toplevel() on ptolemy.moml.MoMLSimpleApplication@5b7343c8
----------------- Done invoking toplevel() on ptolemy.moml.MoMLSimpleApplication@5b7343c8
reloadAllAccessors: .sdf_inside_de

===========================================================================================
----------------- testing Mon Jul 22 01:28:37 UTC 2019 /home/travis/build/icyphy/ptII/ptolemy/domains/sdf/test/auto/sdf_inside_pn.xml
----------------- Instantiating /home/travis/build/icyphy/ptII/ptolemy/domains/sdf/test/auto/sdf_inside_pn.xml
36 ms. Memory: 315392K Free: 189976K (60%)
----------------- Invoking toplevel() on ptolemy.moml.MoMLSimpleApplication@d9513b3
----------------- Done invoking toplevel() on ptolemy.moml.MoMLSimpleApplication@d9513b3
reloadAllAccessors: .sdf_inside_pn

===========================================================================================
----------------- testing Mon Jul 22 01:28:37 UTC 2019 /home/travis/build/icyphy/ptII/ptolemy/domains/sdf/test/auto/sdf_sdf1.xml
----------------- Instantiating /home/travis/build/icyphy/ptII/ptolemy/domains/sdf/test/auto/sdf_sdf1.xml
5 ms. Memory: 315392K Free: 184328K (58%)
----------------- Invoking toplevel() on ptolemy.moml.MoMLSimpleApplication@5712a8ea
----------------- Done invoking toplevel() on ptolemy.moml.MoMLSimpleApplication@5712a8ea
reloadAllAccessors: .sdf_sdf1

===========================================================================================
----------------- testing Mon Jul 22 01:28:37 UTC 2019 /home/travis/build/icyphy/ptII/ptolemy/domains/sdf/test/auto/test1.xml
----------------- Instantiating /home/travis/build/icyphy/ptII/ptolemy/domains/sdf/test/auto/test1.xml
3 ms. Memory: 315392K Free: 179222K (57%)
----------------- Invoking toplevel() on ptolemy.moml.MoMLSimpleApplication@2f9f7e8c
----------------- Done invoking toplevel() on ptolemy.moml.MoMLSimpleApplication@2f9f7e8c
reloadAllAccessors: .test1

===========================================================================================
----------------- testing Mon Jul 22 01:28:37 UTC 2019 /home/travis/build/icyphy/ptII/ptolemy/domains/sdf/test/auto/time1.xml
----------------- Instantiating /home/travis/build/icyphy/ptII/ptolemy/domains/sdf/test/auto/time1.xml
2 ms. Memory: 315392K Free: 175640K (56%)
----------------- Invoking toplevel() on ptolemy.moml.MoMLSimpleApplication@1ba9b9ea
----------------- Done invoking toplevel() on ptolemy.moml.MoMLSimpleApplication@1ba9b9ea
reloadAllAccessors: .time1

===========================================================================================
----------------- testing Mon Jul 22 01:28:37 UTC 2019 /home/travis/build/icyphy/ptII/ptolemy/domains/sdf/test/auto/time2.xml
----------------- Instantiating /home/travis/build/icyphy/ptII/ptolemy/domains/sdf/test/auto/time2.xml
2 ms. Memory: 315392K Free: 172054K (55%)
----------------- Invoking toplevel() on ptolemy.moml.MoMLSimpleApplication@5456db20
----------------- Done invoking toplevel() on ptolemy.moml.MoMLSimpleApplication@5456db20
reloadAllAccessors: .time2

===========================================================================================
----------------- testing Mon Jul 22 01:28:37 UTC 2019 /home/travis/build/icyphy/ptII/ptolemy/domains/sdf/test/auto/time3.xml
----------------- Instantiating /home/travis/build/icyphy/ptII/ptolemy/domains/sdf/test/auto/time3.xml
6 ms. Memory: 315392K Free: 166934K (53%)
----------------- Invoking toplevel() on ptolemy.moml.MoMLSimpleApplication@31d401df
----------------- Done invoking toplevel() on ptolemy.moml.MoMLSimpleApplication@31d401df
reloadAllAccessors: .time3

===========================================================================================
----------------- testing Mon Jul 22 01:28:37 UTC 2019 /home/travis/build/icyphy/ptII/ptolemy/domains/sdf/test/auto/time4.xml
----------------- Instantiating /home/travis/build/icyphy/ptII/ptolemy/domains/sdf/test/auto/time4.xml
6 ms. Memory: 315392K Free: 161304K (51%)
----------------- Invoking toplevel() on ptolemy.moml.MoMLSimpleApplication@e12dfb6
----------------- Done invoking toplevel() on ptolemy.moml.MoMLSimpleApplication@e12dfb6
reloadAllAccessors: .time4

===========================================================================================
----------------- testing Mon Jul 22 01:28:37 UTC 2019 /home/travis/build/icyphy/ptII/ptolemy/domains/sdf/test/auto/time5.xml
----------------- Instantiating /home/travis/build/icyphy/ptII/ptolemy/domains/sdf/test/auto/time5.xml
4003 ms. Memory: 315392K Free: 157718K (50%)
----------------- Invoking toplevel() on ptolemy.moml.MoMLSimpleApplication@6940d55c
----------------- Done invoking toplevel() on ptolemy.moml.MoMLSimpleApplication@6940d55c
reloadAllAccessors: .time5

===========================================================================================
----------------- testing Mon Jul 22 01:28:41 UTC 2019 /home/travis/build/icyphy/ptII/ptolemy/domains/sdf/test/auto/typeSystem_Const_Integer_smallest_Type.xml
----------------- Instantiating /home/travis/build/icyphy/ptII/ptolemy/domains/sdf/test/auto/typeSystem_Const_Integer_smallest_Type.xml
9 ms. Memory: 315392K Free: 152598K (48%)
----------------- Invoking toplevel() on ptolemy.moml.MoMLSimpleApplication@78dcf6d
----------------- Done invoking toplevel() on ptolemy.moml.MoMLSimpleApplication@78dcf6d
reloadAllAccessors: .typeSystem_Const_Integer_smallest_Type

===========================================================================================
----------------- testing Mon Jul 22 01:28:41 UTC 2019 /home/travis/build/icyphy/ptII/ptolemy/domains/sdf/test/auto/typeSystem_declared_Inports_OutportTypeException.xml
----------------- Instantiating /home/travis/build/icyphy/ptII/ptolemy/domains/sdf/test/auto/typeSystem_declared_Inports_OutportTypeException.xml
.typeSystem_declared_Inports_OutportTypeException.TestExceptionAttribute: initialize() was not invoked, but wrapup() was.  This is unusual, but not always a problem.  For example, exporting JNLP will do this.
5 ms. Memory: 315392K Free: 148502K (47%)
----------------- Invoking toplevel() on ptolemy.moml.MoMLSimpleApplication@54cd4de1
----------------- Done invoking toplevel() on ptolemy.moml.MoMLSimpleApplication@54cd4de1
reloadAllAccessors: .typeSystem_declared_Inports_OutportTypeException

===========================================================================================
----------------- testing Mon Jul 22 01:28:41 UTC 2019 /home/travis/build/icyphy/ptII/ptolemy/domains/sdf/test/auto/typeSystem_oneDeclaredInportType_wrongTypeOutport.xml
----------------- Instantiating /home/travis/build/icyphy/ptII/ptolemy/domains/sdf/test/auto/typeSystem_oneDeclaredInportType_wrongTypeOutport.xml
4 ms. Memory: 315392K Free: 144406K (46%)
----------------- Invoking toplevel() on ptolemy.moml.MoMLSimpleApplication@66b473b4
----------------- Done invoking toplevel() on ptolemy.moml.MoMLSimpleApplication@66b473b4
reloadAllAccessors: .typeSystem_oneDeclaredInportType_wrongTypeOutport

===========================================================================================
----------------- testing Mon Jul 22 01:28:41 UTC 2019 /home/travis/build/icyphy/ptII/ptolemy/domains/sdf/test/auto/width.xml
----------------- Instantiating /home/travis/build/icyphy/ptII/ptolemy/domains/sdf/test/auto/width.xml
2 ms. Memory: 315392K Free: 140824K (45%)
----------------- Invoking toplevel() on ptolemy.moml.MoMLSimpleApplication@38f4a85c
----------------- Done invoking toplevel() on ptolemy.moml.MoMLSimpleApplication@38f4a85c
reloadAllAccessors: .width

===========================================================================================
----------------- testing Mon Jul 22 01:28:41 UTC 2019 /home/travis/build/icyphy/ptII/ptolemy/domains/sdf/test/auto/width2.xml
----------------- Instantiating /home/travis/build/icyphy/ptII/ptolemy/domains/sdf/test/auto/width2.xml
26 ms. Memory: 315392K Free: 135704K (43%)
----------------- Invoking toplevel() on ptolemy.moml.MoMLSimpleApplication@945011c
----------------- Done invoking toplevel() on ptolemy.moml.MoMLSimpleApplication@945011c
reloadAllAccessors: .width2

===========================================================================================
----------------- testing Mon Jul 22 01:28:41 UTC 2019 /home/travis/build/icyphy/ptII/ptolemy/domains/sdf/test/auto/width3.xml
----------------- Instantiating /home/travis/build/icyphy/ptII/ptolemy/domains/sdf/test/auto/width3.xml
28 ms. Memory: 315392K Free: 131094K (42%)
----------------- Invoking toplevel() on ptolemy.moml.MoMLSimpleApplication@234388a3
----------------- Done invoking toplevel() on ptolemy.moml.MoMLSimpleApplication@234388a3
reloadAllAccessors: .width3
AutoTests.java: About to close Vertx.
AutoTests.java: Vertx closed.
]]></system-out>
  <system-err><![CDATA[java.lang.RuntimeException: Execution failed
	at ptolemy.moml.MoMLSimpleApplication$UnloadThread.run(MoMLSimpleApplication.java:402)
Caused by: ptolemy.actor.sched.NotSchedulableException: No solution exists for the balance equations.
Graph is not consistent under the SDF domain detected on external port .rateConsistency.actor.port2
  in .rateConsistency.SDF Director.Scheduler
	at ptolemy.domains.sdf.kernel.SDFScheduler._propagatePort(SDFScheduler.java:1425)
	at ptolemy.domains.sdf.kernel.SDFScheduler._solveBalanceEquations(SDFScheduler.java:710)
	at ptolemy.domains.sdf.kernel.SDFScheduler._getSchedule(SDFScheduler.java:566)
	at ptolemy.actor.sched.Scheduler.getSchedule(Scheduler.java:189)
	at ptolemy.domains.sdf.kernel.SDFDirector.createSchedule(SDFDirector.java:408)
	at ptolemy.domains.sdf.kernel.SDFDirector.preinitialize(SDFDirector.java:764)
	at ptolemy.actor.CompositeActor.preinitialize(CompositeActor.java:1828)
	at ptolemy.actor.Manager.preinitializeAndResolveTypes(Manager.java:1040)
	at ptolemy.actor.Manager.initialize(Manager.java:710)
	at ptolemy.actor.Manager.execute(Manager.java:356)
	at ptolemy.actor.Manager.run(Manager.java:1263)
	at ptolemy.actor.Manager$PtolemyRunThread.run(Manager.java:1933)
java.lang.RuntimeException: Execution failed
	at ptolemy.moml.MoMLSimpleApplication$UnloadThread.run(MoMLSimpleApplication.java:402)
Caused by: ptolemy.kernel.util.IllegalActionException: Failed to compute schedule:
  in .badRateChanges.typed composite actor.SDF Director
Because:
The SDF rate parameter may change. This is not allowed in SDF models that will be run through the code generator.  If you don't care about code generation, then you might consider setting the allowRateChanges parameter of the SDF director to false.
  in .badRateChanges.typed composite actor.Repeat.output.tokenProductionRate
	at ptolemy.domains.sdf.kernel.SDFDirector.createSchedule(SDFDirector.java:418)
	at ptolemy.domains.sdf.kernel.SDFDirector.preinitialize(SDFDirector.java:764)
	at ptolemy.actor.CompositeActor.preinitialize(CompositeActor.java:1828)
	at ptolemy.actor.Director.preinitialize(Director.java:1302)
	at ptolemy.actor.Director.preinitialize(Director.java:1257)
	at ptolemy.domains.sdf.kernel.SDFDirector.preinitialize(SDFDirector.java:763)
	at ptolemy.actor.CompositeActor.preinitialize(CompositeActor.java:1828)
	at ptolemy.actor.Manager.preinitializeAndResolveTypes(Manager.java:1040)
	at ptolemy.actor.Manager.initialize(Manager.java:710)
	at ptolemy.actor.Manager.execute(Manager.java:356)
	at ptolemy.actor.Manager.run(Manager.java:1263)
	at ptolemy.actor.Manager$PtolemyRunThread.run(Manager.java:1933)
Caused by: ptolemy.kernel.util.IllegalActionException: The SDF rate parameter may change. This is not allowed in SDF models that will be run through the code generator.  If you don't care about code generation, then you might consider setting the allowRateChanges parameter of the SDF director to false.
  in .badRateChanges.typed composite actor.Repeat.output.tokenProductionRate
	at ptolemy.domains.sdf.kernel.SDFScheduler._assertDynamicRateVariable(SDFScheduler.java:931)
	at ptolemy.domains.sdf.kernel.SDFScheduler._checkDynamicRateVariables(SDFScheduler.java:339)
	at ptolemy.domains.sdf.kernel.SDFScheduler._getSchedule(SDFScheduler.java:527)
	at ptolemy.actor.sched.Scheduler.getSchedule(Scheduler.java:189)
	at ptolemy.domains.sdf.kernel.SDFDirector.createSchedule(SDFDirector.java:408)
	... 11 more
java.lang.RuntimeException: Execution failed
	at ptolemy.moml.MoMLSimpleApplication$UnloadThread.run(MoMLSimpleApplication.java:402)
Caused by: ptolemy.kernel.util.IllegalActionException: Failed to compute schedule:
  in .badRateChanges2.typed composite actor.SDF Director
Because:
The SDF rate parameter may change. This is not allowed in SDF models that will be run through the code generator.  If you don't care about code generation, then you might consider setting the allowRateChanges parameter of the SDF director to false.
  in .badRateChanges2.typed composite actor.Repeat.output.tokenProductionRate
	at ptolemy.domains.sdf.kernel.SDFDirector.createSchedule(SDFDirector.java:418)
	at ptolemy.domains.sdf.kernel.SDFDirector.preinitialize(SDFDirector.java:764)
	at ptolemy.actor.CompositeActor.preinitialize(CompositeActor.java:1828)
	at ptolemy.actor.Director.preinitialize(Director.java:1302)
	at ptolemy.actor.Director.preinitialize(Director.java:1257)
	at ptolemy.domains.sdf.kernel.SDFDirector.preinitialize(SDFDirector.java:763)
	at ptolemy.actor.CompositeActor.preinitialize(CompositeActor.java:1828)
	at ptolemy.actor.Manager.preinitializeAndResolveTypes(Manager.java:1040)
	at ptolemy.actor.Manager.initialize(Manager.java:710)
	at ptolemy.actor.Manager.execute(Manager.java:356)
	at ptolemy.actor.Manager.run(Manager.java:1263)
	at ptolemy.actor.Manager$PtolemyRunThread.run(Manager.java:1933)
Caused by: ptolemy.kernel.util.IllegalActionException: The SDF rate parameter may change. This is not allowed in SDF models that will be run through the code generator.  If you don't care about code generation, then you might consider setting the allowRateChanges parameter of the SDF director to false.
  in .badRateChanges2.typed composite actor.Repeat.output.tokenProductionRate
	at ptolemy.domains.sdf.kernel.SDFScheduler._assertDynamicRateVariable(SDFScheduler.java:931)
	at ptolemy.domains.sdf.kernel.SDFScheduler._checkDynamicRateVariables(SDFScheduler.java:339)
	at ptolemy.domains.sdf.kernel.SDFScheduler._getSchedule(SDFScheduler.java:527)
	at ptolemy.actor.sched.Scheduler.getSchedule(Scheduler.java:189)
	at ptolemy.domains.sdf.kernel.SDFDirector.createSchedule(SDFDirector.java:408)
	... 11 more
java.lang.RuntimeException: Execution failed
	at ptolemy.moml.MoMLSimpleApplication$UnloadThread.run(MoMLSimpleApplication.java:402)
Caused by: ptolemy.actor.sched.NotSchedulableException: Actors remain that cannot be scheduled!

There are several possible reasons:
* SDF Graphs with feedback loops should have an actor with a delay in the loop, such as a SampleDelay.
* The SDF director has an "allowDisconnectedGraphs"parameter, which, when true, permits disconnected SDF graphs.
* The token consumption rate and production rates might be mismatched.
Usually, actors produce one token or consume one token on a port.  To produce or consume multiple tokens per firing, add a "tokenConsumptionRate" or "tokenProductionRate" parameter to the appropriate port.
Unscheduled actors:
.partiallyConnected.Const2 
Scheduled actors:
.partiallyConnected.Const 
  in .partiallyConnected.SDF Director.Scheduler
	at ptolemy.domains.sdf.kernel.SDFScheduler._scheduleConnectedActors(SDFScheduler.java:1828)
	at ptolemy.domains.sdf.kernel.SDFScheduler._getSchedule(SDFScheduler.java:587)
	at ptolemy.actor.sched.Scheduler.getSchedule(Scheduler.java:189)
	at ptolemy.domains.sdf.kernel.SDFDirector.createSchedule(SDFDirector.java:408)
	at ptolemy.domains.sdf.kernel.SDFDirector.preinitialize(SDFDirector.java:764)
	at ptolemy.actor.CompositeActor.preinitialize(CompositeActor.java:1828)
	at ptolemy.actor.Manager.preinitializeAndResolveTypes(Manager.java:1040)
	at ptolemy.actor.Manager.initialize(Manager.java:710)
	at ptolemy.actor.Manager.execute(Manager.java:356)
	at ptolemy.actor.Manager.run(Manager.java:1263)
	at ptolemy.actor.Manager$PtolemyRunThread.run(Manager.java:1933)
]]></system-err>
</testsuite>
